<?xml version="1.0" encoding="UTF-8" standalone="no"?>
<mcsystem>
    <mcdag deadline="5000" name="genned-0-ed-10.0-0">
        <actor name="D0N30">
            <wcet number="0">20</wcet>
            <wcet number="1">70</wcet>
            <maxpow number="0.8947656997650915"/>
            <maxpow number="0.8947656997650915"/>
            <fprob>0.0</fprob>
        </actor>
        <actor name="D0N36">
            <wcet number="0">10</wcet>
            <wcet number="1">10</wcet>
            <maxpow number="0.6897289873600376"/>
            <maxpow number="0.6897289873600376"/>
            <fprob>0.0</fprob>
        </actor>
        <actor name="D0N49">
            <wcet number="0">440</wcet>
            <wcet number="1">580</wcet>
            <maxpow number="0.20830582017109595"/>
            <maxpow number="0.20830582017109595"/>
            <fprob>0.0</fprob>
        </actor>
        <actor name="D0N38">
            <wcet number="0">110</wcet>
            <wcet number="1">120</wcet>
            <maxpow number="0.7495163040950114"/>
            <maxpow number="0.7495163040950114"/>
            <fprob>0.0</fprob>
        </actor>
        <actor name="D0N12">
            <wcet number="0">210</wcet>
            <wcet number="1">230</wcet>
            <maxpow number="0.0903420624720051"/>
            <maxpow number="0.0903420624720051"/>
            <fprob>0.0</fprob>
        </actor>
        <actor name="D0N28">
            <wcet number="0">140</wcet>
            <wcet number="1">620</wcet>
            <maxpow number="0.36043114716013086"/>
            <maxpow number="0.36043114716013086"/>
            <fprob>0.0</fprob>
        </actor>
        <actor name="D0N23">
            <wcet number="0">130</wcet>
            <wcet number="1">130</wcet>
            <maxpow number="0.6861951390357086"/>
            <maxpow number="0.6861951390357086"/>
            <fprob>0.0</fprob>
        </actor>
        <actor name="D0N10">
            <wcet number="0">20</wcet>
            <wcet number="1">50</wcet>
            <maxpow number="0.5073071075585693"/>
            <maxpow number="0.5073071075585693"/>
            <fprob>0.0</fprob>
        </actor>
        <actor name="D0N32">
            <wcet number="0">1100</wcet>
            <wcet number="1">1230</wcet>
            <maxpow number="0.7173059179078443"/>
            <maxpow number="0.7173059179078443"/>
            <fprob>0.0</fprob>
        </actor>
        <actor name="D0N18">
            <wcet number="0">90</wcet>
            <wcet number="1">340</wcet>
            <maxpow number="0.4488447952780909"/>
            <maxpow number="0.4488447952780909"/>
            <fprob>0.0</fprob>
        </actor>
        <actor name="D0N15">
            <wcet number="0">70</wcet>
            <wcet number="1">140</wcet>
            <maxpow number="0.1328181478288175"/>
            <maxpow number="0.1328181478288175"/>
            <fprob>0.0</fprob>
        </actor>
        <actor name="D0N17">
            <wcet number="0">30</wcet>
            <wcet number="1">100</wcet>
            <maxpow number="0.6910714277607499"/>
            <maxpow number="0.6910714277607499"/>
            <fprob>0.0</fprob>
        </actor>
        <actor name="D0N41">
            <wcet number="0">50</wcet>
            <wcet number="1">120</wcet>
            <maxpow number="0.5580614260834901"/>
            <maxpow number="0.5580614260834901"/>
            <fprob>0.0</fprob>
        </actor>
        <actor name="D0N14">
            <wcet number="0">480</wcet>
            <wcet number="1">520</wcet>
            <maxpow number="0.8810878504922289"/>
            <maxpow number="0.8810878504922289"/>
            <fprob>0.0</fprob>
        </actor>
        <actor name="D0N43">
            <wcet number="0">110</wcet>
            <wcet number="1">110</wcet>
            <maxpow number="0.5338232527971274"/>
            <maxpow number="0.5338232527971274"/>
            <fprob>0.0</fprob>
        </actor>
        <actor name="D0N9">
            <wcet number="0">360</wcet>
            <wcet number="1">390</wcet>
            <maxpow number="0.4851462101481585"/>
            <maxpow number="0.4851462101481585"/>
            <fprob>0.0</fprob>
        </actor>
        <actor name="D0N5">
            <wcet number="0">70</wcet>
            <wcet number="1">90</wcet>
            <maxpow number="0.6780837501996779"/>
            <maxpow number="0.6780837501996779"/>
            <fprob>0.0</fprob>
        </actor>
        <actor name="D0N48">
            <wcet number="0">220</wcet>
            <wcet number="1">260</wcet>
            <maxpow number="0.465113727816036"/>
            <maxpow number="0.465113727816036"/>
            <fprob>0.0</fprob>
        </actor>
        <actor name="D0N3">
            <wcet number="0">230</wcet>
            <wcet number="1">230</wcet>
            <maxpow number="0.9157665884859634"/>
            <maxpow number="0.9157665884859634"/>
            <fprob>0.0</fprob>
        </actor>
        <actor name="D0N45">
            <wcet number="0">200</wcet>
            <wcet number="1">260</wcet>
            <maxpow number="0.608344368595318"/>
            <maxpow number="0.608344368595318"/>
            <fprob>0.0</fprob>
        </actor>
        <actor name="D0N2">
            <wcet number="0">100</wcet>
            <wcet number="1">200</wcet>
            <maxpow number="0.6500660529922097"/>
            <maxpow number="0.6500660529922097"/>
            <fprob>0.0</fprob>
        </actor>
        <actor name="D0N42">
            <wcet number="0">30</wcet>
            <wcet number="1">30</wcet>
            <maxpow number="0.5361980463518166"/>
            <maxpow number="0.5361980463518166"/>
            <fprob>0.0</fprob>
        </actor>
        <actor name="D0N35">
            <wcet number="0">80</wcet>
            <wcet number="1">110</wcet>
            <maxpow number="0.3897058393018473"/>
            <maxpow number="0.3897058393018473"/>
            <fprob>0.0</fprob>
        </actor>
        <actor name="D0N20">
            <wcet number="0">80</wcet>
            <wcet number="1">80</wcet>
            <maxpow number="0.5449769329129978"/>
            <maxpow number="0.5449769329129978"/>
            <fprob>0.0</fprob>
        </actor>
        <actor name="D0N27">
            <wcet number="0">640</wcet>
            <wcet number="1">980</wcet>
            <maxpow number="0.49628204927116276"/>
            <maxpow number="0.49628204927116276"/>
            <fprob>0.0</fprob>
        </actor>
        <actor name="D0N11">
            <wcet number="0">250</wcet>
            <wcet number="1">370</wcet>
            <maxpow number="0.672332422034948"/>
            <maxpow number="0.672332422034948"/>
            <fprob>0.0</fprob>
        </actor>
        <actor name="D0N13">
            <wcet number="0">10</wcet>
            <wcet number="1">50</wcet>
            <maxpow number="0.34875052685893426"/>
            <maxpow number="0.34875052685893426"/>
            <fprob>0.0</fprob>
        </actor>
        <actor name="D0N4">
            <wcet number="0">40</wcet>
            <wcet number="1">50</wcet>
            <maxpow number="0.6329958984540055"/>
            <maxpow number="0.6329958984540055"/>
            <fprob>0.0</fprob>
        </actor>
        <actor name="D0N6">
            <wcet number="0">250</wcet>
            <wcet number="1">280</wcet>
            <maxpow number="0.9217112400829046"/>
            <maxpow number="0.9217112400829046"/>
            <fprob>0.0</fprob>
        </actor>
        <actor name="D0N19">
            <wcet number="0">40</wcet>
            <wcet number="1">40</wcet>
            <maxpow number="0.6673965004979696"/>
            <maxpow number="0.6673965004979696"/>
            <fprob>0.0</fprob>
        </actor>
        <actor name="D0N29">
            <wcet number="0">70</wcet>
            <wcet number="1">140</wcet>
            <maxpow number="0.861751697174126"/>
            <maxpow number="0.861751697174126"/>
            <fprob>0.0</fprob>
        </actor>
        <actor name="D0N24">
            <wcet number="0">260</wcet>
            <wcet number="1">320</wcet>
            <maxpow number="0.400000623690066"/>
            <maxpow number="0.400000623690066"/>
            <fprob>0.0</fprob>
        </actor>
        <actor name="D0N8">
            <wcet number="0">350</wcet>
            <wcet number="1">390</wcet>
            <maxpow number="0.7598980438599618"/>
            <maxpow number="0.7598980438599618"/>
            <fprob>0.0</fprob>
        </actor>
        <actor name="D0N39">
            <wcet number="0">120</wcet>
            <wcet number="1">290</wcet>
            <maxpow number="0.5411703265983739"/>
            <maxpow number="0.5411703265983739"/>
            <fprob>0.0</fprob>
        </actor>
        <actor name="D0N26">
            <wcet number="0">10</wcet>
            <wcet number="1">10</wcet>
            <maxpow number="0.43229970144018126"/>
            <maxpow number="0.43229970144018126"/>
            <fprob>0.0</fprob>
        </actor>
        <actor name="D0N46">
            <wcet number="0">60</wcet>
            <wcet number="1">60</wcet>
            <maxpow number="0.3104877356746597"/>
            <maxpow number="0.3104877356746597"/>
            <fprob>0.0</fprob>
        </actor>
        <actor name="D0N31">
            <wcet number="0">70</wcet>
            <wcet number="1">200</wcet>
            <maxpow number="0.2221685011447514"/>
            <maxpow number="0.2221685011447514"/>
            <fprob>0.0</fprob>
        </actor>
        <actor name="D0N37">
            <wcet number="0">30</wcet>
            <wcet number="1">40</wcet>
            <maxpow number="0.880148748523882"/>
            <maxpow number="0.880148748523882"/>
            <fprob>0.0</fprob>
        </actor>
        <actor name="D0N1">
            <wcet number="0">10</wcet>
            <wcet number="1">10</wcet>
            <maxpow number="0.17643257749332675"/>
            <maxpow number="0.17643257749332675"/>
            <fprob>0.0</fprob>
        </actor>
        <actor name="D0N22">
            <wcet number="0">70</wcet>
            <wcet number="1">130</wcet>
            <maxpow number="0.7820525396949946"/>
            <maxpow number="0.7820525396949946"/>
            <fprob>0.0</fprob>
        </actor>
        <actor name="D0N40">
            <wcet number="0">130</wcet>
            <wcet number="1">140</wcet>
            <maxpow number="0.6077436179484329"/>
            <maxpow number="0.6077436179484329"/>
            <fprob>0.0</fprob>
        </actor>
        <actor name="D0N7">
            <wcet number="0">10</wcet>
            <wcet number="1">320</wcet>
            <maxpow number="0.7114843750158664"/>
            <maxpow number="0.7114843750158664"/>
            <fprob>0.0</fprob>
        </actor>
        <actor name="D0N0">
            <wcet number="0">170</wcet>
            <wcet number="1">570</wcet>
            <maxpow number="0.5433085397591284"/>
            <maxpow number="0.5433085397591284"/>
            <fprob>0.0</fprob>
        </actor>
        <actor name="D0N44">
            <wcet number="0">320</wcet>
            <wcet number="1">500</wcet>
            <maxpow number="0.3882340424535997"/>
            <maxpow number="0.3882340424535997"/>
            <fprob>0.0</fprob>
        </actor>
        <actor name="D0N16">
            <wcet number="0">290</wcet>
            <wcet number="1">510</wcet>
            <maxpow number="0.46440946991532284"/>
            <maxpow number="0.46440946991532284"/>
            <fprob>0.0</fprob>
        </actor>
        <actor name="D0N47">
            <wcet number="0">100</wcet>
            <wcet number="1">120</wcet>
            <maxpow number="0.8094546387786719"/>
            <maxpow number="0.8094546387786719"/>
            <fprob>0.0</fprob>
        </actor>
        <actor name="D0N33">
            <wcet number="0">320</wcet>
            <wcet number="1">380</wcet>
            <maxpow number="0.34069007847371946"/>
            <maxpow number="0.34069007847371946"/>
            <fprob>0.0</fprob>
        </actor>
        <actor name="D0N34">
            <wcet number="0">120</wcet>
            <wcet number="1">190</wcet>
            <maxpow number="0.6673019362125233"/>
            <maxpow number="0.6673019362125233"/>
            <fprob>0.0</fprob>
        </actor>
        <actor name="D0N21">
            <wcet number="0">70</wcet>
            <wcet number="1">140</wcet>
            <maxpow number="0.3908260797454379"/>
            <maxpow number="0.3908260797454379"/>
            <fprob>0.0</fprob>
        </actor>
        <actor name="D0N25">
            <wcet number="0">190</wcet>
            <wcet number="1">250</wcet>
            <maxpow number="0.5108153253162296"/>
            <maxpow number="0.5108153253162296"/>
            <fprob>0.0</fprob>
        </actor>
        <ports>
            <port dstActor="D0N35" name="p0" srcActor="D0N30"/>
            <port dstActor="D0N45" name="p1" srcActor="D0N38"/>
            <port dstActor="D0N30" name="p2" srcActor="D0N12"/>
            <port dstActor="D0N37" name="p3" srcActor="D0N12"/>
            <port dstActor="D0N17" name="p4" srcActor="D0N12"/>
            <port dstActor="D0N26" name="p5" srcActor="D0N12"/>
            <port dstActor="D0N31" name="p6" srcActor="D0N28"/>
            <port dstActor="D0N40" name="p7" srcActor="D0N23"/>
            <port dstActor="D0N27" name="p8" srcActor="D0N23"/>
            <port dstActor="D0N26" name="p9" srcActor="D0N23"/>
            <port dstActor="D0N28" name="p10" srcActor="D0N23"/>
            <port dstActor="D0N29" name="p11" srcActor="D0N23"/>
            <port dstActor="D0N21" name="p12" srcActor="D0N10"/>
            <port dstActor="D0N15" name="p13" srcActor="D0N10"/>
            <port dstActor="D0N41" name="p14" srcActor="D0N32"/>
            <port dstActor="D0N29" name="p15" srcActor="D0N18"/>
            <port dstActor="D0N45" name="p16" srcActor="D0N18"/>
            <port dstActor="D0N49" name="p17" srcActor="D0N18"/>
            <port dstActor="D0N17" name="p18" srcActor="D0N15"/>
            <port dstActor="D0N33" name="p19" srcActor="D0N15"/>
            <port dstActor="D0N31" name="p20" srcActor="D0N15"/>
            <port dstActor="D0N40" name="p21" srcActor="D0N15"/>
            <port dstActor="D0N19" name="p22" srcActor="D0N17"/>
            <port dstActor="D0N36" name="p23" srcActor="D0N17"/>
            <port dstActor="D0N27" name="p24" srcActor="D0N17"/>
            <port dstActor="D0N34" name="p25" srcActor="D0N17"/>
            <port dstActor="D0N46" name="p26" srcActor="D0N41"/>
            <port dstActor="D0N47" name="p27" srcActor="D0N41"/>
            <port dstActor="D0N26" name="p28" srcActor="D0N14"/>
            <port dstActor="D0N16" name="p29" srcActor="D0N14"/>
            <port dstActor="D0N21" name="p30" srcActor="D0N14"/>
            <port dstActor="D0N45" name="p31" srcActor="D0N43"/>
            <port dstActor="D0N14" name="p32" srcActor="D0N9"/>
            <port dstActor="D0N42" name="p33" srcActor="D0N9"/>
            <port dstActor="D0N44" name="p34" srcActor="D0N9"/>
            <port dstActor="D0N12" name="p35" srcActor="D0N9"/>
            <port dstActor="D0N29" name="p36" srcActor="D0N9"/>
            <port dstActor="D0N30" name="p37" srcActor="D0N9"/>
            <port dstActor="D0N35" name="p38" srcActor="D0N5"/>
            <port dstActor="D0N44" name="p39" srcActor="D0N5"/>
            <port dstActor="D0N38" name="p40" srcActor="D0N3"/>
            <port dstActor="D0N6" name="p41" srcActor="D0N3"/>
            <port dstActor="D0N15" name="p42" srcActor="D0N3"/>
            <port dstActor="D0N29" name="p43" srcActor="D0N3"/>
            <port dstActor="D0N23" name="p44" srcActor="D0N3"/>
            <port dstActor="D0N49" name="p45" srcActor="D0N3"/>
            <port dstActor="D0N8" name="p46" srcActor="D0N3"/>
            <port dstActor="D0N46" name="p47" srcActor="D0N45"/>
            <port dstActor="D0N48" name="p48" srcActor="D0N45"/>
            <port dstActor="D0N7" name="p49" srcActor="D0N2"/>
            <port dstActor="D0N28" name="p50" srcActor="D0N2"/>
            <port dstActor="D0N41" name="p51" srcActor="D0N35"/>
            <port dstActor="D0N37" name="p52" srcActor="D0N35"/>
            <port dstActor="D0N46" name="p53" srcActor="D0N20"/>
            <port dstActor="D0N24" name="p54" srcActor="D0N20"/>
            <port dstActor="D0N43" name="p55" srcActor="D0N20"/>
            <port dstActor="D0N37" name="p56" srcActor="D0N20"/>
            <port dstActor="D0N44" name="p57" srcActor="D0N27"/>
            <port dstActor="D0N45" name="p58" srcActor="D0N27"/>
            <port dstActor="D0N26" name="p59" srcActor="D0N13"/>
            <port dstActor="D0N44" name="p60" srcActor="D0N13"/>
            <port dstActor="D0N23" name="p61" srcActor="D0N13"/>
            <port dstActor="D0N43" name="p62" srcActor="D0N13"/>
            <port dstActor="D0N20" name="p63" srcActor="D0N13"/>
            <port dstActor="D0N25" name="p64" srcActor="D0N13"/>
            <port dstActor="D0N24" name="p65" srcActor="D0N4"/>
            <port dstActor="D0N35" name="p66" srcActor="D0N4"/>
            <port dstActor="D0N31" name="p67" srcActor="D0N4"/>
            <port dstActor="D0N26" name="p68" srcActor="D0N6"/>
            <port dstActor="D0N44" name="p69" srcActor="D0N6"/>
            <port dstActor="D0N20" name="p70" srcActor="D0N19"/>
            <port dstActor="D0N43" name="p71" srcActor="D0N19"/>
            <port dstActor="D0N38" name="p72" srcActor="D0N29"/>
            <port dstActor="D0N44" name="p73" srcActor="D0N29"/>
            <port dstActor="D0N34" name="p74" srcActor="D0N29"/>
            <port dstActor="D0N31" name="p75" srcActor="D0N24"/>
            <port dstActor="D0N35" name="p76" srcActor="D0N24"/>
            <port dstActor="D0N42" name="p77" srcActor="D0N24"/>
            <port dstActor="D0N19" name="p78" srcActor="D0N8"/>
            <port dstActor="D0N13" name="p79" srcActor="D0N8"/>
            <port dstActor="D0N18" name="p80" srcActor="D0N8"/>
            <port dstActor="D0N29" name="p81" srcActor="D0N26"/>
            <port dstActor="D0N42" name="p82" srcActor="D0N31"/>
            <port dstActor="D0N39" name="p83" srcActor="D0N31"/>
            <port dstActor="D0N38" name="p84" srcActor="D0N37"/>
            <port dstActor="D0N3" name="p85" srcActor="D0N1"/>
            <port dstActor="D0N6" name="p86" srcActor="D0N1"/>
            <port dstActor="D0N43" name="p87" srcActor="D0N1"/>
            <port dstActor="D0N44" name="p88" srcActor="D0N1"/>
            <port dstActor="D0N12" name="p89" srcActor="D0N1"/>
            <port dstActor="D0N38" name="p90" srcActor="D0N1"/>
            <port dstActor="D0N9" name="p91" srcActor="D0N1"/>
            <port dstActor="D0N32" name="p92" srcActor="D0N1"/>
            <port dstActor="D0N42" name="p93" srcActor="D0N22"/>
            <port dstActor="D0N48" name="p94" srcActor="D0N40"/>
            <port dstActor="D0N36" name="p95" srcActor="D0N7"/>
            <port dstActor="D0N39" name="p96" srcActor="D0N7"/>
            <port dstActor="D0N40" name="p97" srcActor="D0N7"/>
            <port dstActor="D0N49" name="p98" srcActor="D0N7"/>
            <port dstActor="D0N32" name="p99" srcActor="D0N7"/>
            <port dstActor="D0N17" name="p100" srcActor="D0N7"/>
            <port dstActor="D0N6" name="p101" srcActor="D0N0"/>
            <port dstActor="D0N15" name="p102" srcActor="D0N0"/>
            <port dstActor="D0N28" name="p103" srcActor="D0N0"/>
            <port dstActor="D0N14" name="p104" srcActor="D0N0"/>
            <port dstActor="D0N17" name="p105" srcActor="D0N16"/>
            <port dstActor="D0N30" name="p106" srcActor="D0N16"/>
            <port dstActor="D0N34" name="p107" srcActor="D0N16"/>
            <port dstActor="D0N31" name="p108" srcActor="D0N16"/>
            <port dstActor="D0N26" name="p109" srcActor="D0N21"/>
            <port dstActor="D0N48" name="p110" srcActor="D0N21"/>
            <port dstActor="D0N28" name="p111" srcActor="D0N21"/>
            <port dstActor="D0N44" name="p112" srcActor="D0N25"/>
            <port dstActor="D0N46" name="p113" srcActor="D0N25"/>
            <port dstActor="D0N49" name="p114" srcActor="D0N25"/>
            <port dstActor="D0N47" name="p115" srcActor="D0N25"/>
        </ports>
    </mcdag>
    <cores number="3"/>
    <levels number="2"/>
</mcsystem>
