<?xml version="1.0" encoding="UTF-8" standalone="no"?>
<mcsystem>
    <mcdag deadline="2500" name="genned-0-ed-10.0-0">
        <actor name="D0N40">
            <wcet number="0">70</wcet>
            <wcet number="1">120</wcet>
            <maxpow number="0.4572488831896292"/>
            <maxpow number="0.4572488831896292"/>
            <fprob>0.0</fprob>
        </actor>
        <actor name="D0N22">
            <wcet number="0">10</wcet>
            <wcet number="1">70</wcet>
            <maxpow number="0.559687953206887"/>
            <maxpow number="0.559687953206887"/>
            <fprob>0.0</fprob>
        </actor>
        <actor name="D0N26">
            <wcet number="0">120</wcet>
            <wcet number="1">170</wcet>
            <maxpow number="0.38124613977121585"/>
            <maxpow number="0.38124613977121585"/>
            <fprob>0.0</fprob>
        </actor>
        <actor name="D0N27">
            <wcet number="0">300</wcet>
            <wcet number="1">300</wcet>
            <maxpow number="0.4977485439568234"/>
            <maxpow number="0.4977485439568234"/>
            <fprob>0.0</fprob>
        </actor>
        <actor name="D0N33">
            <wcet number="0">40</wcet>
            <wcet number="1">40</wcet>
            <maxpow number="0.3791916410527433"/>
            <maxpow number="0.3791916410527433"/>
            <fprob>0.0</fprob>
        </actor>
        <actor name="D0N47">
            <wcet number="0">100</wcet>
            <wcet number="1">310</wcet>
            <maxpow number="1.1684703907557057"/>
            <maxpow number="1.1684703907557057"/>
            <fprob>0.0</fprob>
        </actor>
        <actor name="D0N24">
            <wcet number="0">20</wcet>
            <wcet number="1">20</wcet>
            <maxpow number="0.438234850239814"/>
            <maxpow number="0.438234850239814"/>
            <fprob>0.0</fprob>
        </actor>
        <actor name="D0N9">
            <wcet number="0">40</wcet>
            <wcet number="1">60</wcet>
            <maxpow number="0.5290338685944727"/>
            <maxpow number="0.5290338685944727"/>
            <fprob>0.0</fprob>
        </actor>
        <actor name="D0N19">
            <wcet number="0">40</wcet>
            <wcet number="1">100</wcet>
            <maxpow number="0.7974843076825411"/>
            <maxpow number="0.7974843076825411"/>
            <fprob>0.0</fprob>
        </actor>
        <actor name="D0N43">
            <wcet number="0">50</wcet>
            <wcet number="1">150</wcet>
            <maxpow number="0.5919601829109031"/>
            <maxpow number="0.5919601829109031"/>
            <fprob>0.0</fprob>
        </actor>
        <actor name="D0N49">
            <wcet number="0">30</wcet>
            <wcet number="1">120</wcet>
            <maxpow number="0.802819667803633"/>
            <maxpow number="0.802819667803633"/>
            <fprob>0.0</fprob>
        </actor>
        <actor name="D0N42">
            <wcet number="0">110</wcet>
            <wcet number="1">140</wcet>
            <maxpow number="0.51943664635832"/>
            <maxpow number="0.51943664635832"/>
            <fprob>0.0</fprob>
        </actor>
        <actor name="D0N23">
            <wcet number="0">10</wcet>
            <wcet number="1">70</wcet>
            <maxpow number="0.6416186547124102"/>
            <maxpow number="0.6416186547124102"/>
            <fprob>0.0</fprob>
        </actor>
        <actor name="D0N11">
            <wcet number="0">150</wcet>
            <wcet number="1">160</wcet>
            <maxpow number="0.5738514829683952"/>
            <maxpow number="0.5738514829683952"/>
            <fprob>0.0</fprob>
        </actor>
        <actor name="D0N32">
            <wcet number="0">30</wcet>
            <wcet number="1">90</wcet>
            <maxpow number="0.2124446181439512"/>
            <maxpow number="0.2124446181439512"/>
            <fprob>0.0</fprob>
        </actor>
        <actor name="D0N13">
            <wcet number="0">90</wcet>
            <wcet number="1">180</wcet>
            <maxpow number="0.440782996521078"/>
            <maxpow number="0.440782996521078"/>
            <fprob>0.0</fprob>
        </actor>
        <actor name="D0N48">
            <wcet number="0">40</wcet>
            <wcet number="1">110</wcet>
            <maxpow number="0.5636841028933315"/>
            <maxpow number="0.5636841028933315"/>
            <fprob>0.0</fprob>
        </actor>
        <actor name="D0N46">
            <wcet number="0">190</wcet>
            <wcet number="1">190</wcet>
            <maxpow number="0.540270999943826"/>
            <maxpow number="0.540270999943826"/>
            <fprob>0.0</fprob>
        </actor>
        <actor name="D0N6">
            <wcet number="0">30</wcet>
            <wcet number="1">30</wcet>
            <maxpow number="0.5585040756299734"/>
            <maxpow number="0.5585040756299734"/>
            <fprob>0.0</fprob>
        </actor>
        <actor name="D0N25">
            <wcet number="0">10</wcet>
            <wcet number="1">10</wcet>
            <maxpow number="0.8485747985925536"/>
            <maxpow number="0.8485747985925536"/>
            <fprob>0.0</fprob>
        </actor>
        <actor name="D0N31">
            <wcet number="0">20</wcet>
            <wcet number="1">50</wcet>
            <maxpow number="0.2630066869514187"/>
            <maxpow number="0.2630066869514187"/>
            <fprob>0.0</fprob>
        </actor>
        <actor name="D0N2">
            <wcet number="0">70</wcet>
            <wcet number="1">180</wcet>
            <maxpow number="0.37458549633154764"/>
            <maxpow number="0.37458549633154764"/>
            <fprob>0.0</fprob>
        </actor>
        <actor name="D0N12">
            <wcet number="0">90</wcet>
            <wcet number="1">130</wcet>
            <maxpow number="0.592543282895076"/>
            <maxpow number="0.592543282895076"/>
            <fprob>0.0</fprob>
        </actor>
        <actor name="D0N45">
            <wcet number="0">90</wcet>
            <wcet number="1">110</wcet>
            <maxpow number="0.8552993670890436"/>
            <maxpow number="0.8552993670890436"/>
            <fprob>0.0</fprob>
        </actor>
        <actor name="D0N17">
            <wcet number="0">60</wcet>
            <wcet number="1">80</wcet>
            <maxpow number="0.6557728130062066"/>
            <maxpow number="0.6557728130062066"/>
            <fprob>0.0</fprob>
        </actor>
        <actor name="D0N0">
            <wcet number="0">70</wcet>
            <wcet number="1">240</wcet>
            <maxpow number="0.6631230969163978"/>
            <maxpow number="0.6631230969163978"/>
            <fprob>0.0</fprob>
        </actor>
        <actor name="D0N1">
            <wcet number="0">610</wcet>
            <wcet number="1">650</wcet>
            <maxpow number="0.44185996063886185"/>
            <maxpow number="0.44185996063886185"/>
            <fprob>0.0</fprob>
        </actor>
        <actor name="D0N39">
            <wcet number="0">250</wcet>
            <wcet number="1">290</wcet>
            <maxpow number="0.5195436983450272"/>
            <maxpow number="0.5195436983450272"/>
            <fprob>0.0</fprob>
        </actor>
        <actor name="D0N18">
            <wcet number="0">20</wcet>
            <wcet number="1">40</wcet>
            <maxpow number="0.4524757075819193"/>
            <maxpow number="0.4524757075819193"/>
            <fprob>0.0</fprob>
        </actor>
        <actor name="D0N41">
            <wcet number="0">20</wcet>
            <wcet number="1">150</wcet>
            <maxpow number="0.7114555093409819"/>
            <maxpow number="0.7114555093409819"/>
            <fprob>0.0</fprob>
        </actor>
        <actor name="D0N35">
            <wcet number="0">20</wcet>
            <wcet number="1">20</wcet>
            <maxpow number="0.5187679469202677"/>
            <maxpow number="0.5187679469202677"/>
            <fprob>0.0</fprob>
        </actor>
        <actor name="D0N37">
            <wcet number="0">10</wcet>
            <wcet number="1">130</wcet>
            <maxpow number="0.7728588615339859"/>
            <maxpow number="0.7728588615339859"/>
            <fprob>0.0</fprob>
        </actor>
        <actor name="D0N38">
            <wcet number="0">110</wcet>
            <wcet number="1">160</wcet>
            <maxpow number="0.4966032621876586"/>
            <maxpow number="0.4966032621876586"/>
            <fprob>0.0</fprob>
        </actor>
        <actor name="D0N29">
            <wcet number="0">40</wcet>
            <wcet number="1">40</wcet>
            <maxpow number="0.5449159860315762"/>
            <maxpow number="0.5449159860315762"/>
            <fprob>0.0</fprob>
        </actor>
        <actor name="D0N44">
            <wcet number="0">10</wcet>
            <wcet number="1">20</wcet>
            <maxpow number="0.5116708095225766"/>
            <maxpow number="0.5116708095225766"/>
            <fprob>0.0</fprob>
        </actor>
        <actor name="D0N20">
            <wcet number="0">10</wcet>
            <wcet number="1">10</wcet>
            <maxpow number="0.23128487585771162"/>
            <maxpow number="0.23128487585771162"/>
            <fprob>0.0</fprob>
        </actor>
        <actor name="D0N36">
            <wcet number="0">10</wcet>
            <wcet number="1">10</wcet>
            <maxpow number="0.5974060312640622"/>
            <maxpow number="0.5974060312640622"/>
            <fprob>0.0</fprob>
        </actor>
        <actor name="D0N5">
            <wcet number="0">100</wcet>
            <wcet number="1">240</wcet>
            <maxpow number="0.4686959351587847"/>
            <maxpow number="0.4686959351587847"/>
            <fprob>0.0</fprob>
        </actor>
        <actor name="D0N4">
            <wcet number="0">250</wcet>
            <wcet number="1">390</wcet>
            <maxpow number="0.2487623083574883"/>
            <maxpow number="0.2487623083574883"/>
            <fprob>0.0</fprob>
        </actor>
        <actor name="D0N10">
            <wcet number="0">10</wcet>
            <wcet number="1">50</wcet>
            <maxpow number="0.4337690731525281"/>
            <maxpow number="0.4337690731525281"/>
            <fprob>0.0</fprob>
        </actor>
        <actor name="D0N8">
            <wcet number="0">360</wcet>
            <wcet number="1">400</wcet>
            <maxpow number="0.5235449324149783"/>
            <maxpow number="0.5235449324149783"/>
            <fprob>0.0</fprob>
        </actor>
        <actor name="D0N34">
            <wcet number="0">120</wcet>
            <wcet number="1">220</wcet>
            <maxpow number="0.5045027309968139"/>
            <maxpow number="0.5045027309968139"/>
            <fprob>0.0</fprob>
        </actor>
        <actor name="D0N15">
            <wcet number="0">180</wcet>
            <wcet number="1">190</wcet>
            <maxpow number="0.5233819289288478"/>
            <maxpow number="0.5233819289288478"/>
            <fprob>0.0</fprob>
        </actor>
        <actor name="D0N30">
            <wcet number="0">20</wcet>
            <wcet number="1">70</wcet>
            <maxpow number="0.4634791070649593"/>
            <maxpow number="0.4634791070649593"/>
            <fprob>0.0</fprob>
        </actor>
        <actor name="D0N16">
            <wcet number="0">20</wcet>
            <wcet number="1">40</wcet>
            <maxpow number="0.7848415334048644"/>
            <maxpow number="0.7848415334048644"/>
            <fprob>0.0</fprob>
        </actor>
        <actor name="D0N21">
            <wcet number="0">400</wcet>
            <wcet number="1">590</wcet>
            <maxpow number="0.4240661238947738"/>
            <maxpow number="0.4240661238947738"/>
            <fprob>0.0</fprob>
        </actor>
        <actor name="D0N28">
            <wcet number="0">30</wcet>
            <wcet number="1">100</wcet>
            <maxpow number="0.4616202319704354"/>
            <maxpow number="0.4616202319704354"/>
            <fprob>0.0</fprob>
        </actor>
        <actor name="D0N3">
            <wcet number="0">10</wcet>
            <wcet number="1">50</wcet>
            <maxpow number="0.5137229351502973"/>
            <maxpow number="0.5137229351502973"/>
            <fprob>0.0</fprob>
        </actor>
        <actor name="D0N7">
            <wcet number="0">10</wcet>
            <wcet number="1">30</wcet>
            <maxpow number="0.5912134502785513"/>
            <maxpow number="0.5912134502785513"/>
            <fprob>0.0</fprob>
        </actor>
        <actor name="D0N14">
            <wcet number="0">80</wcet>
            <wcet number="1">130</wcet>
            <maxpow number="0.706123829352598"/>
            <maxpow number="0.706123829352598"/>
            <fprob>0.0</fprob>
        </actor>
        <ports>
            <port dstActor="D0N33" name="p0" srcActor="D0N22"/>
            <port dstActor="D0N39" name="p1" srcActor="D0N22"/>
            <port dstActor="D0N43" name="p2" srcActor="D0N22"/>
            <port dstActor="D0N46" name="p3" srcActor="D0N26"/>
            <port dstActor="D0N29" name="p4" srcActor="D0N26"/>
            <port dstActor="D0N43" name="p5" srcActor="D0N27"/>
            <port dstActor="D0N33" name="p6" srcActor="D0N27"/>
            <port dstActor="D0N45" name="p7" srcActor="D0N33"/>
            <port dstActor="D0N33" name="p8" srcActor="D0N24"/>
            <port dstActor="D0N16" name="p9" srcActor="D0N9"/>
            <port dstActor="D0N37" name="p10" srcActor="D0N9"/>
            <port dstActor="D0N14" name="p11" srcActor="D0N9"/>
            <port dstActor="D0N18" name="p12" srcActor="D0N9"/>
            <port dstActor="D0N26" name="p13" srcActor="D0N19"/>
            <port dstActor="D0N29" name="p14" srcActor="D0N19"/>
            <port dstActor="D0N34" name="p15" srcActor="D0N19"/>
            <port dstActor="D0N38" name="p16" srcActor="D0N19"/>
            <port dstActor="D0N24" name="p17" srcActor="D0N19"/>
            <port dstActor="D0N46" name="p18" srcActor="D0N43"/>
            <port dstActor="D0N44" name="p19" srcActor="D0N43"/>
            <port dstActor="D0N49" name="p20" srcActor="D0N43"/>
            <port dstActor="D0N48" name="p21" srcActor="D0N42"/>
            <port dstActor="D0N24" name="p22" srcActor="D0N23"/>
            <port dstActor="D0N34" name="p23" srcActor="D0N23"/>
            <port dstActor="D0N41" name="p24" srcActor="D0N23"/>
            <port dstActor="D0N44" name="p25" srcActor="D0N23"/>
            <port dstActor="D0N28" name="p26" srcActor="D0N11"/>
            <port dstActor="D0N43" name="p27" srcActor="D0N11"/>
            <port dstActor="D0N25" name="p28" srcActor="D0N11"/>
            <port dstActor="D0N34" name="p29" srcActor="D0N11"/>
            <port dstActor="D0N14" name="p30" srcActor="D0N11"/>
            <port dstActor="D0N35" name="p31" srcActor="D0N11"/>
            <port dstActor="D0N43" name="p32" srcActor="D0N32"/>
            <port dstActor="D0N44" name="p33" srcActor="D0N32"/>
            <port dstActor="D0N36" name="p34" srcActor="D0N13"/>
            <port dstActor="D0N45" name="p35" srcActor="D0N13"/>
            <port dstActor="D0N32" name="p36" srcActor="D0N13"/>
            <port dstActor="D0N46" name="p37" srcActor="D0N13"/>
            <port dstActor="D0N10" name="p38" srcActor="D0N6"/>
            <port dstActor="D0N12" name="p39" srcActor="D0N6"/>
            <port dstActor="D0N46" name="p40" srcActor="D0N6"/>
            <port dstActor="D0N26" name="p41" srcActor="D0N6"/>
            <port dstActor="D0N39" name="p42" srcActor="D0N6"/>
            <port dstActor="D0N48" name="p43" srcActor="D0N31"/>
            <port dstActor="D0N23" name="p44" srcActor="D0N2"/>
            <port dstActor="D0N41" name="p45" srcActor="D0N2"/>
            <port dstActor="D0N6" name="p46" srcActor="D0N2"/>
            <port dstActor="D0N38" name="p47" srcActor="D0N2"/>
            <port dstActor="D0N43" name="p48" srcActor="D0N12"/>
            <port dstActor="D0N47" name="p49" srcActor="D0N17"/>
            <port dstActor="D0N29" name="p50" srcActor="D0N0"/>
            <port dstActor="D0N26" name="p51" srcActor="D0N0"/>
            <port dstActor="D0N28" name="p52" srcActor="D0N0"/>
            <port dstActor="D0N22" name="p53" srcActor="D0N0"/>
            <port dstActor="D0N8" name="p54" srcActor="D0N0"/>
            <port dstActor="D0N13" name="p55" srcActor="D0N0"/>
            <port dstActor="D0N31" name="p56" srcActor="D0N0"/>
            <port dstActor="D0N7" name="p57" srcActor="D0N0"/>
            <port dstActor="D0N48" name="p58" srcActor="D0N0"/>
            <port dstActor="D0N39" name="p59" srcActor="D0N0"/>
            <port dstActor="D0N47" name="p60" srcActor="D0N0"/>
            <port dstActor="D0N3" name="p61" srcActor="D0N1"/>
            <port dstActor="D0N40" name="p62" srcActor="D0N1"/>
            <port dstActor="D0N26" name="p63" srcActor="D0N1"/>
            <port dstActor="D0N25" name="p64" srcActor="D0N1"/>
            <port dstActor="D0N34" name="p65" srcActor="D0N1"/>
            <port dstActor="D0N2" name="p66" srcActor="D0N1"/>
            <port dstActor="D0N11" name="p67" srcActor="D0N1"/>
            <port dstActor="D0N28" name="p68" srcActor="D0N1"/>
            <port dstActor="D0N13" name="p69" srcActor="D0N1"/>
            <port dstActor="D0N38" name="p70" srcActor="D0N18"/>
            <port dstActor="D0N48" name="p71" srcActor="D0N35"/>
            <port dstActor="D0N38" name="p72" srcActor="D0N37"/>
            <port dstActor="D0N48" name="p73" srcActor="D0N38"/>
            <port dstActor="D0N39" name="p74" srcActor="D0N29"/>
            <port dstActor="D0N32" name="p75" srcActor="D0N20"/>
            <port dstActor="D0N47" name="p76" srcActor="D0N36"/>
            <port dstActor="D0N14" name="p77" srcActor="D0N5"/>
            <port dstActor="D0N31" name="p78" srcActor="D0N5"/>
            <port dstActor="D0N11" name="p79" srcActor="D0N5"/>
            <port dstActor="D0N38" name="p80" srcActor="D0N5"/>
            <port dstActor="D0N41" name="p81" srcActor="D0N5"/>
            <port dstActor="D0N15" name="p82" srcActor="D0N4"/>
            <port dstActor="D0N41" name="p83" srcActor="D0N4"/>
            <port dstActor="D0N6" name="p84" srcActor="D0N4"/>
            <port dstActor="D0N38" name="p85" srcActor="D0N4"/>
            <port dstActor="D0N33" name="p86" srcActor="D0N4"/>
            <port dstActor="D0N12" name="p87" srcActor="D0N4"/>
            <port dstActor="D0N27" name="p88" srcActor="D0N4"/>
            <port dstActor="D0N40" name="p89" srcActor="D0N4"/>
            <port dstActor="D0N41" name="p90" srcActor="D0N10"/>
            <port dstActor="D0N15" name="p91" srcActor="D0N10"/>
            <port dstActor="D0N30" name="p92" srcActor="D0N8"/>
            <port dstActor="D0N47" name="p93" srcActor="D0N8"/>
            <port dstActor="D0N35" name="p94" srcActor="D0N8"/>
            <port dstActor="D0N49" name="p95" srcActor="D0N8"/>
            <port dstActor="D0N41" name="p96" srcActor="D0N8"/>
            <port dstActor="D0N46" name="p97" srcActor="D0N34"/>
            <port dstActor="D0N45" name="p98" srcActor="D0N34"/>
            <port dstActor="D0N43" name="p99" srcActor="D0N15"/>
            <port dstActor="D0N32" name="p100" srcActor="D0N15"/>
            <port dstActor="D0N38" name="p101" srcActor="D0N15"/>
            <port dstActor="D0N34" name="p102" srcActor="D0N30"/>
            <port dstActor="D0N42" name="p103" srcActor="D0N30"/>
            <port dstActor="D0N32" name="p104" srcActor="D0N30"/>
            <port dstActor="D0N36" name="p105" srcActor="D0N30"/>
            <port dstActor="D0N46" name="p106" srcActor="D0N16"/>
            <port dstActor="D0N27" name="p107" srcActor="D0N21"/>
            <port dstActor="D0N26" name="p108" srcActor="D0N21"/>
            <port dstActor="D0N42" name="p109" srcActor="D0N21"/>
            <port dstActor="D0N31" name="p110" srcActor="D0N21"/>
            <port dstActor="D0N32" name="p111" srcActor="D0N28"/>
            <port dstActor="D0N24" name="p112" srcActor="D0N3"/>
            <port dstActor="D0N35" name="p113" srcActor="D0N3"/>
            <port dstActor="D0N22" name="p114" srcActor="D0N3"/>
            <port dstActor="D0N19" name="p115" srcActor="D0N3"/>
            <port dstActor="D0N49" name="p116" srcActor="D0N7"/>
            <port dstActor="D0N27" name="p117" srcActor="D0N14"/>
            <port dstActor="D0N28" name="p118" srcActor="D0N14"/>
            <port dstActor="D0N45" name="p119" srcActor="D0N14"/>
            <port dstActor="D0N19" name="p120" srcActor="D0N14"/>
        </ports>
    </mcdag>
    <cores number="3"/>
    <levels number="2"/>
</mcsystem>
