<?xml version="1.0" encoding="UTF-8" standalone="no"?>
<mcsystem>
    <mcdag deadline="1200" name="genned-0-ed-10.0-0">
        <actor name="D0N5">
            <wcet number="0">10</wcet>
            <wcet number="1">60</wcet>
            <maxpow number="0.6880324343790281"/>
            <maxpow number="0.6880324343790281"/>
            <fprob>0.0</fprob>
        </actor>
        <actor name="D0N17">
            <wcet number="0">40</wcet>
            <wcet number="1">60</wcet>
            <maxpow number="0.9393722878529609"/>
            <maxpow number="0.9393722878529609"/>
            <fprob>0.0</fprob>
        </actor>
        <actor name="D0N25">
            <wcet number="0">20</wcet>
            <wcet number="1">30</wcet>
            <maxpow number="0.5519418578687856"/>
            <maxpow number="0.5519418578687856"/>
            <fprob>0.0</fprob>
        </actor>
        <actor name="D0N28">
            <wcet number="0">40</wcet>
            <wcet number="1">60</wcet>
            <maxpow number="0.8063643672459597"/>
            <maxpow number="0.8063643672459597"/>
            <fprob>0.0</fprob>
        </actor>
        <actor name="D0N24">
            <wcet number="0">50</wcet>
            <wcet number="1">130</wcet>
            <maxpow number="0.3368255198016053"/>
            <maxpow number="0.3368255198016053"/>
            <fprob>0.0</fprob>
        </actor>
        <actor name="D0N3">
            <wcet number="0">50</wcet>
            <wcet number="1">50</wcet>
            <maxpow number="0.8152642983550673"/>
            <maxpow number="0.8152642983550673"/>
            <fprob>0.0</fprob>
        </actor>
        <actor name="D0N38">
            <wcet number="0">10</wcet>
            <wcet number="1">20</wcet>
            <maxpow number="0.5808986490042584"/>
            <maxpow number="0.5808986490042584"/>
            <fprob>0.0</fprob>
        </actor>
        <actor name="D0N21">
            <wcet number="0">60</wcet>
            <wcet number="1">60</wcet>
            <maxpow number="0.6478092263569605"/>
            <maxpow number="0.6478092263569605"/>
            <fprob>0.0</fprob>
        </actor>
        <actor name="D0N27">
            <wcet number="0">60</wcet>
            <wcet number="1">80</wcet>
            <maxpow number="0.3746046565229561"/>
            <maxpow number="0.3746046565229561"/>
            <fprob>0.0</fprob>
        </actor>
        <actor name="D0N8">
            <wcet number="0">10</wcet>
            <wcet number="1">10</wcet>
            <maxpow number="0.5077663542844832"/>
            <maxpow number="0.5077663542844832"/>
            <fprob>0.0</fprob>
        </actor>
        <actor name="D0N11">
            <wcet number="0">10</wcet>
            <wcet number="1">20</wcet>
            <maxpow number="0.28494696262131836"/>
            <maxpow number="0.28494696262131836"/>
            <fprob>0.0</fprob>
        </actor>
        <actor name="D0N15">
            <wcet number="0">20</wcet>
            <wcet number="1">50</wcet>
            <maxpow number="0.6305517660470824"/>
            <maxpow number="0.6305517660470824"/>
            <fprob>0.0</fprob>
        </actor>
        <actor name="D0N34">
            <wcet number="0">40</wcet>
            <wcet number="1">130</wcet>
            <maxpow number="0.36626723161235986"/>
            <maxpow number="0.36626723161235986"/>
            <fprob>0.0</fprob>
        </actor>
        <actor name="D0N16">
            <wcet number="0">40</wcet>
            <wcet number="1">40</wcet>
            <maxpow number="0.1698115673461782"/>
            <maxpow number="0.1698115673461782"/>
            <fprob>0.0</fprob>
        </actor>
        <actor name="D0N18">
            <wcet number="0">10</wcet>
            <wcet number="1">10</wcet>
            <maxpow number="0.7945158246673394"/>
            <maxpow number="0.7945158246673394"/>
            <fprob>0.0</fprob>
        </actor>
        <actor name="D0N30">
            <wcet number="0">10</wcet>
            <wcet number="1">20</wcet>
            <maxpow number="0.6815885096731814"/>
            <maxpow number="0.6815885096731814"/>
            <fprob>0.0</fprob>
        </actor>
        <actor name="D0N14">
            <wcet number="0">60</wcet>
            <wcet number="1">160</wcet>
            <maxpow number="0.6223187060317978"/>
            <maxpow number="0.6223187060317978"/>
            <fprob>0.0</fprob>
        </actor>
        <actor name="D0N37">
            <wcet number="0">40</wcet>
            <wcet number="1">40</wcet>
            <maxpow number="0.23495426010759024"/>
            <maxpow number="0.23495426010759024"/>
            <fprob>0.0</fprob>
        </actor>
        <actor name="D0N41">
            <wcet number="0">40</wcet>
            <wcet number="1">40</wcet>
            <maxpow number="0.6816886940657864"/>
            <maxpow number="0.6816886940657864"/>
            <fprob>0.0</fprob>
        </actor>
        <actor name="D0N19">
            <wcet number="0">10</wcet>
            <wcet number="1">10</wcet>
            <maxpow number="0.27780617539982516"/>
            <maxpow number="0.27780617539982516"/>
            <fprob>0.0</fprob>
        </actor>
        <actor name="D0N7">
            <wcet number="0">20</wcet>
            <wcet number="1">30</wcet>
            <maxpow number="0.6688225985104618"/>
            <maxpow number="0.6688225985104618"/>
            <fprob>0.0</fprob>
        </actor>
        <actor name="D0N0">
            <wcet number="0">30</wcet>
            <wcet number="1">100</wcet>
            <maxpow number="0.39524550645211476"/>
            <maxpow number="0.39524550645211476"/>
            <fprob>0.0</fprob>
        </actor>
        <actor name="D0N33">
            <wcet number="0">30</wcet>
            <wcet number="1">50</wcet>
            <maxpow number="0.6923699618809803"/>
            <maxpow number="0.6923699618809803"/>
            <fprob>0.0</fprob>
        </actor>
        <actor name="D0N1">
            <wcet number="0">20</wcet>
            <wcet number="1">20</wcet>
            <maxpow number="0.69169665360316"/>
            <maxpow number="0.69169665360316"/>
            <fprob>0.0</fprob>
        </actor>
        <actor name="D0N2">
            <wcet number="0">10</wcet>
            <wcet number="1">30</wcet>
            <maxpow number="0.45308296568804207"/>
            <maxpow number="0.45308296568804207"/>
            <fprob>0.0</fprob>
        </actor>
        <actor name="D0N42">
            <wcet number="0">20</wcet>
            <wcet number="1">30</wcet>
            <maxpow number="0.910129334122102"/>
            <maxpow number="0.910129334122102"/>
            <fprob>0.0</fprob>
        </actor>
        <actor name="D0N29">
            <wcet number="0">60</wcet>
            <wcet number="1">70</wcet>
            <maxpow number="0.6877578875233079"/>
            <maxpow number="0.6877578875233079"/>
            <fprob>0.0</fprob>
        </actor>
        <actor name="D0N13">
            <wcet number="0">40</wcet>
            <wcet number="1">140</wcet>
            <maxpow number="0.489933966969496"/>
            <maxpow number="0.489933966969496"/>
            <fprob>0.0</fprob>
        </actor>
        <actor name="D0N26">
            <wcet number="0">10</wcet>
            <wcet number="1">30</wcet>
            <maxpow number="0.9767067916517005"/>
            <maxpow number="0.9767067916517005"/>
            <fprob>0.0</fprob>
        </actor>
        <actor name="D0N35">
            <wcet number="0">40</wcet>
            <wcet number="1">40</wcet>
            <maxpow number="0.43312924122174856"/>
            <maxpow number="0.43312924122174856"/>
            <fprob>0.0</fprob>
        </actor>
        <actor name="D0N20">
            <wcet number="0">20</wcet>
            <wcet number="1">20</wcet>
            <maxpow number="0.1769230955362091"/>
            <maxpow number="0.1769230955362091"/>
            <fprob>0.0</fprob>
        </actor>
        <actor name="D0N43">
            <wcet number="0">60</wcet>
            <wcet number="1">80</wcet>
            <maxpow number="0.4339144143062112"/>
            <maxpow number="0.4339144143062112"/>
            <fprob>0.0</fprob>
        </actor>
        <actor name="D0N6">
            <wcet number="0">20</wcet>
            <wcet number="1">30</wcet>
            <maxpow number="0.6183682930250403"/>
            <maxpow number="0.6183682930250403"/>
            <fprob>0.0</fprob>
        </actor>
        <actor name="D0N10">
            <wcet number="0">10</wcet>
            <wcet number="1">20</wcet>
            <maxpow number="0.611481772375998"/>
            <maxpow number="0.611481772375998"/>
            <fprob>0.0</fprob>
        </actor>
        <actor name="D0N22">
            <wcet number="0">10</wcet>
            <wcet number="1">80</wcet>
            <maxpow number="0.43681573976051885"/>
            <maxpow number="0.43681573976051885"/>
            <fprob>0.0</fprob>
        </actor>
        <actor name="D0N31">
            <wcet number="0">20</wcet>
            <wcet number="1">30</wcet>
            <maxpow number="0.8261817179565056"/>
            <maxpow number="0.8261817179565056"/>
            <fprob>0.0</fprob>
        </actor>
        <actor name="D0N32">
            <wcet number="0">70</wcet>
            <wcet number="1">70</wcet>
            <maxpow number="0.6443563577524859"/>
            <maxpow number="0.6443563577524859"/>
            <fprob>0.0</fprob>
        </actor>
        <actor name="D0N9">
            <wcet number="0">20</wcet>
            <wcet number="1">60</wcet>
            <maxpow number="0.548408346887014"/>
            <maxpow number="0.548408346887014"/>
            <fprob>0.0</fprob>
        </actor>
        <actor name="D0N36">
            <wcet number="0">110</wcet>
            <wcet number="1">110</wcet>
            <maxpow number="0.627693130885776"/>
            <maxpow number="0.627693130885776"/>
            <fprob>0.0</fprob>
        </actor>
        <actor name="D0N44">
            <wcet number="0">20</wcet>
            <wcet number="1">60</wcet>
            <maxpow number="0.4096287374054396"/>
            <maxpow number="0.4096287374054396"/>
            <fprob>0.0</fprob>
        </actor>
        <actor name="D0N12">
            <wcet number="0">70</wcet>
            <wcet number="1">350</wcet>
            <maxpow number="0.40463521250308543"/>
            <maxpow number="0.40463521250308543"/>
            <fprob>0.0</fprob>
        </actor>
        <actor name="D0N39">
            <wcet number="0">50</wcet>
            <wcet number="1">60</wcet>
            <maxpow number="0.2994239740534608"/>
            <maxpow number="0.2994239740534608"/>
            <fprob>0.0</fprob>
        </actor>
        <actor name="D0N23">
            <wcet number="0">10</wcet>
            <wcet number="1">10</wcet>
            <maxpow number="0.7264346978289773"/>
            <maxpow number="0.7264346978289773"/>
            <fprob>0.0</fprob>
        </actor>
        <actor name="D0N40">
            <wcet number="0">10</wcet>
            <wcet number="1">10</wcet>
            <maxpow number="0.41724850521247736"/>
            <maxpow number="0.41724850521247736"/>
            <fprob>0.0</fprob>
        </actor>
        <actor name="D0N4">
            <wcet number="0">30</wcet>
            <wcet number="1">30</wcet>
            <maxpow number="0.2711790248228612"/>
            <maxpow number="0.2711790248228612"/>
            <fprob>0.0</fprob>
        </actor>
        <ports>
            <port dstActor="D0N9" name="p0" srcActor="D0N5"/>
            <port dstActor="D0N20" name="p1" srcActor="D0N5"/>
            <port dstActor="D0N44" name="p2" srcActor="D0N5"/>
            <port dstActor="D0N29" name="p3" srcActor="D0N17"/>
            <port dstActor="D0N20" name="p4" srcActor="D0N17"/>
            <port dstActor="D0N43" name="p5" srcActor="D0N17"/>
            <port dstActor="D0N22" name="p6" srcActor="D0N17"/>
            <port dstActor="D0N40" name="p7" srcActor="D0N17"/>
            <port dstActor="D0N42" name="p8" srcActor="D0N28"/>
            <port dstActor="D0N44" name="p9" srcActor="D0N24"/>
            <port dstActor="D0N39" name="p10" srcActor="D0N24"/>
            <port dstActor="D0N34" name="p11" srcActor="D0N24"/>
            <port dstActor="D0N32" name="p12" srcActor="D0N24"/>
            <port dstActor="D0N10" name="p13" srcActor="D0N3"/>
            <port dstActor="D0N29" name="p14" srcActor="D0N3"/>
            <port dstActor="D0N32" name="p15" srcActor="D0N3"/>
            <port dstActor="D0N30" name="p16" srcActor="D0N3"/>
            <port dstActor="D0N39" name="p17" srcActor="D0N3"/>
            <port dstActor="D0N37" name="p18" srcActor="D0N3"/>
            <port dstActor="D0N43" name="p19" srcActor="D0N21"/>
            <port dstActor="D0N40" name="p20" srcActor="D0N27"/>
            <port dstActor="D0N42" name="p21" srcActor="D0N27"/>
            <port dstActor="D0N35" name="p22" srcActor="D0N8"/>
            <port dstActor="D0N29" name="p23" srcActor="D0N8"/>
            <port dstActor="D0N34" name="p24" srcActor="D0N8"/>
            <port dstActor="D0N22" name="p25" srcActor="D0N11"/>
            <port dstActor="D0N26" name="p26" srcActor="D0N11"/>
            <port dstActor="D0N12" name="p27" srcActor="D0N11"/>
            <port dstActor="D0N23" name="p28" srcActor="D0N11"/>
            <port dstActor="D0N44" name="p29" srcActor="D0N15"/>
            <port dstActor="D0N25" name="p30" srcActor="D0N15"/>
            <port dstActor="D0N37" name="p31" srcActor="D0N34"/>
            <port dstActor="D0N19" name="p32" srcActor="D0N16"/>
            <port dstActor="D0N43" name="p33" srcActor="D0N16"/>
            <port dstActor="D0N38" name="p34" srcActor="D0N16"/>
            <port dstActor="D0N19" name="p35" srcActor="D0N18"/>
            <port dstActor="D0N34" name="p36" srcActor="D0N18"/>
            <port dstActor="D0N33" name="p37" srcActor="D0N30"/>
            <port dstActor="D0N44" name="p38" srcActor="D0N30"/>
            <port dstActor="D0N36" name="p39" srcActor="D0N30"/>
            <port dstActor="D0N22" name="p40" srcActor="D0N19"/>
            <port dstActor="D0N33" name="p41" srcActor="D0N19"/>
            <port dstActor="D0N42" name="p42" srcActor="D0N19"/>
            <port dstActor="D0N40" name="p43" srcActor="D0N19"/>
            <port dstActor="D0N17" name="p44" srcActor="D0N7"/>
            <port dstActor="D0N36" name="p45" srcActor="D0N7"/>
            <port dstActor="D0N14" name="p46" srcActor="D0N7"/>
            <port dstActor="D0N28" name="p47" srcActor="D0N7"/>
            <port dstActor="D0N26" name="p48" srcActor="D0N7"/>
            <port dstActor="D0N19" name="p49" srcActor="D0N7"/>
            <port dstActor="D0N30" name="p50" srcActor="D0N7"/>
            <port dstActor="D0N44" name="p51" srcActor="D0N0"/>
            <port dstActor="D0N39" name="p52" srcActor="D0N0"/>
            <port dstActor="D0N40" name="p53" srcActor="D0N0"/>
            <port dstActor="D0N18" name="p54" srcActor="D0N0"/>
            <port dstActor="D0N37" name="p55" srcActor="D0N33"/>
            <port dstActor="D0N34" name="p56" srcActor="D0N33"/>
            <port dstActor="D0N43" name="p57" srcActor="D0N33"/>
            <port dstActor="D0N35" name="p58" srcActor="D0N33"/>
            <port dstActor="D0N39" name="p59" srcActor="D0N1"/>
            <port dstActor="D0N25" name="p60" srcActor="D0N1"/>
            <port dstActor="D0N23" name="p61" srcActor="D0N2"/>
            <port dstActor="D0N33" name="p62" srcActor="D0N2"/>
            <port dstActor="D0N4" name="p63" srcActor="D0N2"/>
            <port dstActor="D0N19" name="p64" srcActor="D0N2"/>
            <port dstActor="D0N10" name="p65" srcActor="D0N2"/>
            <port dstActor="D0N25" name="p66" srcActor="D0N2"/>
            <port dstActor="D0N9" name="p67" srcActor="D0N2"/>
            <port dstActor="D0N44" name="p68" srcActor="D0N29"/>
            <port dstActor="D0N33" name="p69" srcActor="D0N13"/>
            <port dstActor="D0N39" name="p70" srcActor="D0N26"/>
            <port dstActor="D0N33" name="p71" srcActor="D0N20"/>
            <port dstActor="D0N35" name="p72" srcActor="D0N20"/>
            <port dstActor="D0N30" name="p73" srcActor="D0N20"/>
            <port dstActor="D0N44" name="p74" srcActor="D0N20"/>
            <port dstActor="D0N17" name="p75" srcActor="D0N6"/>
            <port dstActor="D0N37" name="p76" srcActor="D0N6"/>
            <port dstActor="D0N16" name="p77" srcActor="D0N6"/>
            <port dstActor="D0N10" name="p78" srcActor="D0N6"/>
            <port dstActor="D0N12" name="p79" srcActor="D0N6"/>
            <port dstActor="D0N29" name="p80" srcActor="D0N6"/>
            <port dstActor="D0N15" name="p81" srcActor="D0N6"/>
            <port dstActor="D0N42" name="p82" srcActor="D0N10"/>
            <port dstActor="D0N44" name="p83" srcActor="D0N10"/>
            <port dstActor="D0N21" name="p84" srcActor="D0N10"/>
            <port dstActor="D0N24" name="p85" srcActor="D0N10"/>
            <port dstActor="D0N27" name="p86" srcActor="D0N10"/>
            <port dstActor="D0N24" name="p87" srcActor="D0N22"/>
            <port dstActor="D0N26" name="p88" srcActor="D0N22"/>
            <port dstActor="D0N44" name="p89" srcActor="D0N22"/>
            <port dstActor="D0N36" name="p90" srcActor="D0N32"/>
            <port dstActor="D0N37" name="p91" srcActor="D0N32"/>
            <port dstActor="D0N35" name="p92" srcActor="D0N9"/>
            <port dstActor="D0N38" name="p93" srcActor="D0N9"/>
            <port dstActor="D0N28" name="p94" srcActor="D0N9"/>
            <port dstActor="D0N22" name="p95" srcActor="D0N9"/>
            <port dstActor="D0N29" name="p96" srcActor="D0N12"/>
            <port dstActor="D0N22" name="p97" srcActor="D0N12"/>
            <port dstActor="D0N35" name="p98" srcActor="D0N12"/>
            <port dstActor="D0N34" name="p99" srcActor="D0N12"/>
            <port dstActor="D0N13" name="p100" srcActor="D0N12"/>
            <port dstActor="D0N40" name="p101" srcActor="D0N39"/>
            <port dstActor="D0N5" name="p102" srcActor="D0N4"/>
            <port dstActor="D0N13" name="p103" srcActor="D0N4"/>
            <port dstActor="D0N23" name="p104" srcActor="D0N4"/>
        </ports>
    </mcdag>
    <cores number="3"/>
    <levels number="2"/>
</mcsystem>
