<?xml version="1.0" encoding="UTF-8" standalone="no"?>
<mcsystem>
    <mcdag deadline="2200" name="genned-0-ed-10.0-0">
        <actor name="D0N2">
            <wcet number="0">10</wcet>
            <wcet number="1">10</wcet>
            <maxpow number="0.5730731251301237"/>
            <maxpow number="0.5730731251301237"/>
            <fprob>0.0</fprob>
        </actor>
        <actor name="D0N0">
            <wcet number="0">20</wcet>
            <wcet number="1">20</wcet>
            <maxpow number="0.5253578795567042"/>
            <maxpow number="0.5253578795567042"/>
            <fprob>0.0</fprob>
        </actor>
        <actor name="D0N21">
            <wcet number="0">50</wcet>
            <wcet number="1">50</wcet>
            <maxpow number="0.6646616994288979"/>
            <maxpow number="0.6646616994288979"/>
            <fprob>0.0</fprob>
        </actor>
        <actor name="D0N31">
            <wcet number="0">50</wcet>
            <wcet number="1">90</wcet>
            <maxpow number="0.7680650039611239"/>
            <maxpow number="0.7680650039611239"/>
            <fprob>0.0</fprob>
        </actor>
        <actor name="D0N26">
            <wcet number="0">20</wcet>
            <wcet number="1">50</wcet>
            <maxpow number="0.5079615203820559"/>
            <maxpow number="0.5079615203820559"/>
            <fprob>0.0</fprob>
        </actor>
        <actor name="D0N32">
            <wcet number="0">20</wcet>
            <wcet number="1">30</wcet>
            <maxpow number="0.4737239261008267"/>
            <maxpow number="0.4737239261008267"/>
            <fprob>0.0</fprob>
        </actor>
        <actor name="D0N7">
            <wcet number="0">10</wcet>
            <wcet number="1">20</wcet>
            <maxpow number="0.6602359561484556"/>
            <maxpow number="0.6602359561484556"/>
            <fprob>0.0</fprob>
        </actor>
        <actor name="D0N3">
            <wcet number="0">90</wcet>
            <wcet number="1">400</wcet>
            <maxpow number="0.5472687589791282"/>
            <maxpow number="0.5472687589791282"/>
            <fprob>0.0</fprob>
        </actor>
        <actor name="D0N16">
            <wcet number="0">10</wcet>
            <wcet number="1">20</wcet>
            <maxpow number="0.3713831729858408"/>
            <maxpow number="0.3713831729858408"/>
            <fprob>0.0</fprob>
        </actor>
        <actor name="D0N45">
            <wcet number="0">10</wcet>
            <wcet number="1">10</wcet>
            <maxpow number="0.5574533248729129"/>
            <maxpow number="0.5574533248729129"/>
            <fprob>0.0</fprob>
        </actor>
        <actor name="D0N14">
            <wcet number="0">10</wcet>
            <wcet number="1">10</wcet>
            <maxpow number="0.712206698011262"/>
            <maxpow number="0.712206698011262"/>
            <fprob>0.0</fprob>
        </actor>
        <actor name="D0N43">
            <wcet number="0">90</wcet>
            <wcet number="1">220</wcet>
            <maxpow number="0.47490585745471736"/>
            <maxpow number="0.47490585745471736"/>
            <fprob>0.0</fprob>
        </actor>
        <actor name="D0N15">
            <wcet number="0">100</wcet>
            <wcet number="1">100</wcet>
            <maxpow number="0.5530538639266614"/>
            <maxpow number="0.5530538639266614"/>
            <fprob>0.0</fprob>
        </actor>
        <actor name="D0N28">
            <wcet number="0">20</wcet>
            <wcet number="1">20</wcet>
            <maxpow number="0.4402894921000905"/>
            <maxpow number="0.4402894921000905"/>
            <fprob>0.0</fprob>
        </actor>
        <actor name="D0N34">
            <wcet number="0">10</wcet>
            <wcet number="1">30</wcet>
            <maxpow number="0.5395417101260515"/>
            <maxpow number="0.5395417101260515"/>
            <fprob>0.0</fprob>
        </actor>
        <actor name="D0N6">
            <wcet number="0">120</wcet>
            <wcet number="1">150</wcet>
            <maxpow number="0.7102831422959337"/>
            <maxpow number="0.7102831422959337"/>
            <fprob>0.0</fprob>
        </actor>
        <actor name="D0N38">
            <wcet number="0">80</wcet>
            <wcet number="1">100</wcet>
            <maxpow number="0.5659095225469943"/>
            <maxpow number="0.5659095225469943"/>
            <fprob>0.0</fprob>
        </actor>
        <actor name="D0N40">
            <wcet number="0">10</wcet>
            <wcet number="1">10</wcet>
            <maxpow number="0.42941940158179215"/>
            <maxpow number="0.42941940158179215"/>
            <fprob>0.0</fprob>
        </actor>
        <actor name="D0N23">
            <wcet number="0">20</wcet>
            <wcet number="1">60</wcet>
            <maxpow number="0.6166821711327637"/>
            <maxpow number="0.6166821711327637"/>
            <fprob>0.0</fprob>
        </actor>
        <actor name="D0N12">
            <wcet number="0">10</wcet>
            <wcet number="1">10</wcet>
            <maxpow number="0.7713416116874756"/>
            <maxpow number="0.7713416116874756"/>
            <fprob>0.0</fprob>
        </actor>
        <actor name="D0N48">
            <wcet number="0">200</wcet>
            <wcet number="1">210</wcet>
            <maxpow number="0.5654463588184708"/>
            <maxpow number="0.5654463588184708"/>
            <fprob>0.0</fprob>
        </actor>
        <actor name="D0N25">
            <wcet number="0">100</wcet>
            <wcet number="1">110</wcet>
            <maxpow number="0.3282567546584215"/>
            <maxpow number="0.3282567546584215"/>
            <fprob>0.0</fprob>
        </actor>
        <actor name="D0N33">
            <wcet number="0">20</wcet>
            <wcet number="1">20</wcet>
            <maxpow number="0.648280796446873"/>
            <maxpow number="0.648280796446873"/>
            <fprob>0.0</fprob>
        </actor>
        <actor name="D0N9">
            <wcet number="0">110</wcet>
            <wcet number="1">320</wcet>
            <maxpow number="0.37733920938643006"/>
            <maxpow number="0.37733920938643006"/>
            <fprob>0.0</fprob>
        </actor>
        <actor name="D0N13">
            <wcet number="0">60</wcet>
            <wcet number="1">130</wcet>
            <maxpow number="0.8660671823204715"/>
            <maxpow number="0.8660671823204715"/>
            <fprob>0.0</fprob>
        </actor>
        <actor name="D0N29">
            <wcet number="0">570</wcet>
            <wcet number="1">650</wcet>
            <maxpow number="0.5221874775560755"/>
            <maxpow number="0.5221874775560755"/>
            <fprob>0.0</fprob>
        </actor>
        <actor name="D0N36">
            <wcet number="0">30</wcet>
            <wcet number="1">40</wcet>
            <maxpow number="0.5552836555172513"/>
            <maxpow number="0.5552836555172513"/>
            <fprob>0.0</fprob>
        </actor>
        <actor name="D0N27">
            <wcet number="0">20</wcet>
            <wcet number="1">60</wcet>
            <maxpow number="0.45721528367738934"/>
            <maxpow number="0.45721528367738934"/>
            <fprob>0.0</fprob>
        </actor>
        <actor name="D0N1">
            <wcet number="0">50</wcet>
            <wcet number="1">50</wcet>
            <maxpow number="0.6817416843738827"/>
            <maxpow number="0.6817416843738827"/>
            <fprob>0.0</fprob>
        </actor>
        <actor name="D0N17">
            <wcet number="0">10</wcet>
            <wcet number="1">10</wcet>
            <maxpow number="0.5393429146229269"/>
            <maxpow number="0.5393429146229269"/>
            <fprob>0.0</fprob>
        </actor>
        <actor name="D0N42">
            <wcet number="0">60</wcet>
            <wcet number="1">70</wcet>
            <maxpow number="0.6856208297650354"/>
            <maxpow number="0.6856208297650354"/>
            <fprob>0.0</fprob>
        </actor>
        <actor name="D0N22">
            <wcet number="0">100</wcet>
            <wcet number="1">100</wcet>
            <maxpow number="0.6753116388412065"/>
            <maxpow number="0.6753116388412065"/>
            <fprob>0.0</fprob>
        </actor>
        <actor name="D0N46">
            <wcet number="0">40</wcet>
            <wcet number="1">80</wcet>
            <maxpow number="0.7541415754811076"/>
            <maxpow number="0.7541415754811076"/>
            <fprob>0.0</fprob>
        </actor>
        <actor name="D0N35">
            <wcet number="0">80</wcet>
            <wcet number="1">140</wcet>
            <maxpow number="0.3963170419591958"/>
            <maxpow number="0.3963170419591958"/>
            <fprob>0.0</fprob>
        </actor>
        <actor name="D0N4">
            <wcet number="0">50</wcet>
            <wcet number="1">60</wcet>
            <maxpow number="0.4055042448639614"/>
            <maxpow number="0.4055042448639614"/>
            <fprob>0.0</fprob>
        </actor>
        <actor name="D0N39">
            <wcet number="0">210</wcet>
            <wcet number="1">300</wcet>
            <maxpow number="0.4688415706050956"/>
            <maxpow number="0.4688415706050956"/>
            <fprob>0.0</fprob>
        </actor>
        <actor name="D0N44">
            <wcet number="0">120</wcet>
            <wcet number="1">120</wcet>
            <maxpow number="0.5229169202128257"/>
            <maxpow number="0.5229169202128257"/>
            <fprob>0.0</fprob>
        </actor>
        <actor name="D0N8">
            <wcet number="0">70</wcet>
            <wcet number="1">220</wcet>
            <maxpow number="0.8901514685714248"/>
            <maxpow number="0.8901514685714248"/>
            <fprob>0.0</fprob>
        </actor>
        <actor name="D0N18">
            <wcet number="0">20</wcet>
            <wcet number="1">20</wcet>
            <maxpow number="0.3947631570586708"/>
            <maxpow number="0.3947631570586708"/>
            <fprob>0.0</fprob>
        </actor>
        <actor name="D0N37">
            <wcet number="0">40</wcet>
            <wcet number="1">40</wcet>
            <maxpow number="0.40119515651615945"/>
            <maxpow number="0.40119515651615945"/>
            <fprob>0.0</fprob>
        </actor>
        <actor name="D0N41">
            <wcet number="0">10</wcet>
            <wcet number="1">180</wcet>
            <maxpow number="0.788479917310845"/>
            <maxpow number="0.788479917310845"/>
            <fprob>0.0</fprob>
        </actor>
        <actor name="D0N20">
            <wcet number="0">20</wcet>
            <wcet number="1">20</wcet>
            <maxpow number="0.945915425290121"/>
            <maxpow number="0.945915425290121"/>
            <fprob>0.0</fprob>
        </actor>
        <actor name="D0N30">
            <wcet number="0">140</wcet>
            <wcet number="1">190</wcet>
            <maxpow number="0.6483992791591453"/>
            <maxpow number="0.6483992791591453"/>
            <fprob>0.0</fprob>
        </actor>
        <actor name="D0N5">
            <wcet number="0">10</wcet>
            <wcet number="1">50</wcet>
            <maxpow number="0.3954327809345071"/>
            <maxpow number="0.3954327809345071"/>
            <fprob>0.0</fprob>
        </actor>
        <actor name="D0N19">
            <wcet number="0">200</wcet>
            <wcet number="1">260</wcet>
            <maxpow number="0.3743632321949025"/>
            <maxpow number="0.3743632321949025"/>
            <fprob>0.0</fprob>
        </actor>
        <actor name="D0N11">
            <wcet number="0">10</wcet>
            <wcet number="1">20</wcet>
            <maxpow number="0.5307102955563292"/>
            <maxpow number="0.5307102955563292"/>
            <fprob>0.0</fprob>
        </actor>
        <actor name="D0N24">
            <wcet number="0">30</wcet>
            <wcet number="1">40</wcet>
            <maxpow number="0.4854493112974301"/>
            <maxpow number="0.4854493112974301"/>
            <fprob>0.0</fprob>
        </actor>
        <actor name="D0N47">
            <wcet number="0">60</wcet>
            <wcet number="1">130</wcet>
            <maxpow number="0.5369083471391611"/>
            <maxpow number="0.5369083471391611"/>
            <fprob>0.0</fprob>
        </actor>
        <actor name="D0N10">
            <wcet number="0">10</wcet>
            <wcet number="1">10</wcet>
            <maxpow number="0.622878656706488"/>
            <maxpow number="0.622878656706488"/>
            <fprob>0.0</fprob>
        </actor>
        <ports>
            <port dstActor="D0N6" name="p0" srcActor="D0N2"/>
            <port dstActor="D0N45" name="p1" srcActor="D0N2"/>
            <port dstActor="D0N37" name="p2" srcActor="D0N2"/>
            <port dstActor="D0N39" name="p3" srcActor="D0N2"/>
            <port dstActor="D0N13" name="p4" srcActor="D0N2"/>
            <port dstActor="D0N10" name="p5" srcActor="D0N2"/>
            <port dstActor="D0N18" name="p6" srcActor="D0N2"/>
            <port dstActor="D0N3" name="p7" srcActor="D0N0"/>
            <port dstActor="D0N15" name="p8" srcActor="D0N0"/>
            <port dstActor="D0N14" name="p9" srcActor="D0N0"/>
            <port dstActor="D0N36" name="p10" srcActor="D0N0"/>
            <port dstActor="D0N31" name="p11" srcActor="D0N21"/>
            <port dstActor="D0N30" name="p12" srcActor="D0N21"/>
            <port dstActor="D0N41" name="p13" srcActor="D0N21"/>
            <port dstActor="D0N32" name="p14" srcActor="D0N21"/>
            <port dstActor="D0N44" name="p15" srcActor="D0N31"/>
            <port dstActor="D0N45" name="p16" srcActor="D0N31"/>
            <port dstActor="D0N40" name="p17" srcActor="D0N31"/>
            <port dstActor="D0N35" name="p18" srcActor="D0N26"/>
            <port dstActor="D0N28" name="p19" srcActor="D0N26"/>
            <port dstActor="D0N47" name="p20" srcActor="D0N32"/>
            <port dstActor="D0N44" name="p21" srcActor="D0N32"/>
            <port dstActor="D0N42" name="p22" srcActor="D0N32"/>
            <port dstActor="D0N45" name="p23" srcActor="D0N32"/>
            <port dstActor="D0N40" name="p24" srcActor="D0N7"/>
            <port dstActor="D0N15" name="p25" srcActor="D0N7"/>
            <port dstActor="D0N28" name="p26" srcActor="D0N7"/>
            <port dstActor="D0N36" name="p27" srcActor="D0N7"/>
            <port dstActor="D0N26" name="p28" srcActor="D0N7"/>
            <port dstActor="D0N26" name="p29" srcActor="D0N3"/>
            <port dstActor="D0N40" name="p30" srcActor="D0N3"/>
            <port dstActor="D0N10" name="p31" srcActor="D0N3"/>
            <port dstActor="D0N9" name="p32" srcActor="D0N3"/>
            <port dstActor="D0N38" name="p33" srcActor="D0N16"/>
            <port dstActor="D0N20" name="p34" srcActor="D0N16"/>
            <port dstActor="D0N37" name="p35" srcActor="D0N16"/>
            <port dstActor="D0N29" name="p36" srcActor="D0N14"/>
            <port dstActor="D0N34" name="p37" srcActor="D0N14"/>
            <port dstActor="D0N43" name="p38" srcActor="D0N14"/>
            <port dstActor="D0N46" name="p39" srcActor="D0N14"/>
            <port dstActor="D0N45" name="p40" srcActor="D0N14"/>
            <port dstActor="D0N36" name="p41" srcActor="D0N15"/>
            <port dstActor="D0N34" name="p42" srcActor="D0N15"/>
            <port dstActor="D0N45" name="p43" srcActor="D0N28"/>
            <port dstActor="D0N40" name="p44" srcActor="D0N28"/>
            <port dstActor="D0N39" name="p45" srcActor="D0N28"/>
            <port dstActor="D0N42" name="p46" srcActor="D0N28"/>
            <port dstActor="D0N35" name="p47" srcActor="D0N34"/>
            <port dstActor="D0N41" name="p48" srcActor="D0N34"/>
            <port dstActor="D0N12" name="p49" srcActor="D0N6"/>
            <port dstActor="D0N25" name="p50" srcActor="D0N6"/>
            <port dstActor="D0N46" name="p51" srcActor="D0N38"/>
            <port dstActor="D0N46" name="p52" srcActor="D0N40"/>
            <port dstActor="D0N44" name="p53" srcActor="D0N40"/>
            <port dstActor="D0N38" name="p54" srcActor="D0N23"/>
            <port dstActor="D0N42" name="p55" srcActor="D0N23"/>
            <port dstActor="D0N24" name="p56" srcActor="D0N23"/>
            <port dstActor="D0N25" name="p57" srcActor="D0N12"/>
            <port dstActor="D0N28" name="p58" srcActor="D0N12"/>
            <port dstActor="D0N43" name="p59" srcActor="D0N12"/>
            <port dstActor="D0N46" name="p60" srcActor="D0N12"/>
            <port dstActor="D0N35" name="p61" srcActor="D0N25"/>
            <port dstActor="D0N28" name="p62" srcActor="D0N25"/>
            <port dstActor="D0N39" name="p63" srcActor="D0N25"/>
            <port dstActor="D0N47" name="p64" srcActor="D0N25"/>
            <port dstActor="D0N45" name="p65" srcActor="D0N33"/>
            <port dstActor="D0N19" name="p66" srcActor="D0N13"/>
            <port dstActor="D0N28" name="p67" srcActor="D0N13"/>
            <port dstActor="D0N33" name="p68" srcActor="D0N29"/>
            <port dstActor="D0N47" name="p69" srcActor="D0N36"/>
            <port dstActor="D0N29" name="p70" srcActor="D0N1"/>
            <port dstActor="D0N37" name="p71" srcActor="D0N1"/>
            <port dstActor="D0N15" name="p72" srcActor="D0N1"/>
            <port dstActor="D0N25" name="p73" srcActor="D0N1"/>
            <port dstActor="D0N23" name="p74" srcActor="D0N17"/>
            <port dstActor="D0N40" name="p75" srcActor="D0N17"/>
            <port dstActor="D0N46" name="p76" srcActor="D0N42"/>
            <port dstActor="D0N47" name="p77" srcActor="D0N22"/>
            <port dstActor="D0N38" name="p78" srcActor="D0N22"/>
            <port dstActor="D0N39" name="p79" srcActor="D0N35"/>
            <port dstActor="D0N23" name="p80" srcActor="D0N4"/>
            <port dstActor="D0N29" name="p81" srcActor="D0N4"/>
            <port dstActor="D0N20" name="p82" srcActor="D0N4"/>
            <port dstActor="D0N37" name="p83" srcActor="D0N4"/>
            <port dstActor="D0N33" name="p84" srcActor="D0N4"/>
            <port dstActor="D0N47" name="p85" srcActor="D0N39"/>
            <port dstActor="D0N22" name="p86" srcActor="D0N8"/>
            <port dstActor="D0N14" name="p87" srcActor="D0N8"/>
            <port dstActor="D0N47" name="p88" srcActor="D0N8"/>
            <port dstActor="D0N24" name="p89" srcActor="D0N8"/>
            <port dstActor="D0N21" name="p90" srcActor="D0N8"/>
            <port dstActor="D0N25" name="p91" srcActor="D0N18"/>
            <port dstActor="D0N21" name="p92" srcActor="D0N18"/>
            <port dstActor="D0N31" name="p93" srcActor="D0N18"/>
            <port dstActor="D0N47" name="p94" srcActor="D0N37"/>
            <port dstActor="D0N45" name="p95" srcActor="D0N41"/>
            <port dstActor="D0N48" name="p96" srcActor="D0N41"/>
            <port dstActor="D0N38" name="p97" srcActor="D0N20"/>
            <port dstActor="D0N31" name="p98" srcActor="D0N20"/>
            <port dstActor="D0N47" name="p99" srcActor="D0N30"/>
            <port dstActor="D0N44" name="p100" srcActor="D0N30"/>
            <port dstActor="D0N22" name="p101" srcActor="D0N5"/>
            <port dstActor="D0N24" name="p102" srcActor="D0N5"/>
            <port dstActor="D0N38" name="p103" srcActor="D0N5"/>
            <port dstActor="D0N27" name="p104" srcActor="D0N19"/>
            <port dstActor="D0N34" name="p105" srcActor="D0N19"/>
            <port dstActor="D0N16" name="p106" srcActor="D0N11"/>
            <port dstActor="D0N45" name="p107" srcActor="D0N11"/>
            <port dstActor="D0N29" name="p108" srcActor="D0N11"/>
            <port dstActor="D0N35" name="p109" srcActor="D0N11"/>
            <port dstActor="D0N43" name="p110" srcActor="D0N11"/>
            <port dstActor="D0N31" name="p111" srcActor="D0N24"/>
            <port dstActor="D0N33" name="p112" srcActor="D0N24"/>
            <port dstActor="D0N42" name="p113" srcActor="D0N24"/>
            <port dstActor="D0N22" name="p114" srcActor="D0N10"/>
            <port dstActor="D0N42" name="p115" srcActor="D0N10"/>
            <port dstActor="D0N46" name="p116" srcActor="D0N10"/>
            <port dstActor="D0N47" name="p117" srcActor="D0N10"/>
            <port dstActor="D0N40" name="p118" srcActor="D0N10"/>
            <port dstActor="D0N36" name="p119" srcActor="D0N10"/>
            <port dstActor="D0N44" name="p120" srcActor="D0N10"/>
            <port dstActor="D0N16" name="p121" srcActor="D0N10"/>
        </ports>
    </mcdag>
    <cores number="3"/>
    <levels number="2"/>
</mcsystem>
