<?xml version="1.0" encoding="UTF-8" standalone="no"?>
<mcsystem>
    <mcdag deadline="1000" name="genned-0-ed-10.0-0">
        <actor name="D0N30">
            <wcet number="0">10</wcet>
            <wcet number="1">30</wcet>
            <maxpow number="0.29894312169555864"/>
            <maxpow number="0.29894312169555864"/>
            <fprob>0.0</fprob>
        </actor>
        <actor name="D0N17">
            <wcet number="0">10</wcet>
            <wcet number="1">10</wcet>
            <maxpow number="0.4908457933908984"/>
            <maxpow number="0.4908457933908984"/>
            <fprob>0.0</fprob>
        </actor>
        <actor name="D0N5">
            <wcet number="0">20</wcet>
            <wcet number="1">20</wcet>
            <maxpow number="0.7540267717466415"/>
            <maxpow number="0.7540267717466415"/>
            <fprob>0.0</fprob>
        </actor>
        <actor name="D0N25">
            <wcet number="0">170</wcet>
            <wcet number="1">190</wcet>
            <maxpow number="0.5418910012915137"/>
            <maxpow number="0.5418910012915137"/>
            <fprob>0.0</fprob>
        </actor>
        <actor name="D0N38">
            <wcet number="0">20</wcet>
            <wcet number="1">60</wcet>
            <maxpow number="0.3936084029222694"/>
            <maxpow number="0.3936084029222694"/>
            <fprob>0.0</fprob>
        </actor>
        <actor name="D0N43">
            <wcet number="0">20</wcet>
            <wcet number="1">20</wcet>
            <maxpow number="0.5929037686676879"/>
            <maxpow number="0.5929037686676879"/>
            <fprob>0.0</fprob>
        </actor>
        <actor name="D0N2">
            <wcet number="0">20</wcet>
            <wcet number="1">20</wcet>
            <maxpow number="0.4633989528368311"/>
            <maxpow number="0.4633989528368311"/>
            <fprob>0.0</fprob>
        </actor>
        <actor name="D0N16">
            <wcet number="0">70</wcet>
            <wcet number="1">70</wcet>
            <maxpow number="0.41982271772298146"/>
            <maxpow number="0.41982271772298146"/>
            <fprob>0.0</fprob>
        </actor>
        <actor name="D0N15">
            <wcet number="0">10</wcet>
            <wcet number="1">60</wcet>
            <maxpow number="0.6996196384417224"/>
            <maxpow number="0.6996196384417224"/>
            <fprob>0.0</fprob>
        </actor>
        <actor name="D0N13">
            <wcet number="0">20</wcet>
            <wcet number="1">20</wcet>
            <maxpow number="0.7267128187655432"/>
            <maxpow number="0.7267128187655432"/>
            <fprob>0.0</fprob>
        </actor>
        <actor name="D0N6">
            <wcet number="0">10</wcet>
            <wcet number="1">20</wcet>
            <maxpow number="0.265364679253804"/>
            <maxpow number="0.265364679253804"/>
            <fprob>0.0</fprob>
        </actor>
        <actor name="D0N41">
            <wcet number="0">20</wcet>
            <wcet number="1">20</wcet>
            <maxpow number="0.4011560258932274"/>
            <maxpow number="0.4011560258932274"/>
            <fprob>0.0</fprob>
        </actor>
        <actor name="D0N28">
            <wcet number="0">30</wcet>
            <wcet number="1">30</wcet>
            <maxpow number="0.5552897867806601"/>
            <maxpow number="0.5552897867806601"/>
            <fprob>0.0</fprob>
        </actor>
        <actor name="D0N32">
            <wcet number="0">20</wcet>
            <wcet number="1">20</wcet>
            <maxpow number="0.35861761050849306"/>
            <maxpow number="0.35861761050849306"/>
            <fprob>0.0</fprob>
        </actor>
        <actor name="D0N34">
            <wcet number="0">10</wcet>
            <wcet number="1">10</wcet>
            <maxpow number="0.8316476477714109"/>
            <maxpow number="0.8316476477714109"/>
            <fprob>0.0</fprob>
        </actor>
        <actor name="D0N14">
            <wcet number="0">10</wcet>
            <wcet number="1">10</wcet>
            <maxpow number="0.85490933191712"/>
            <maxpow number="0.85490933191712"/>
            <fprob>0.0</fprob>
        </actor>
        <actor name="D0N9">
            <wcet number="0">40</wcet>
            <wcet number="1">80</wcet>
            <maxpow number="0.33758367353093827"/>
            <maxpow number="0.33758367353093827"/>
            <fprob>0.0</fprob>
        </actor>
        <actor name="D0N29">
            <wcet number="0">10</wcet>
            <wcet number="1">10</wcet>
            <maxpow number="0.4614883815086856"/>
            <maxpow number="0.4614883815086856"/>
            <fprob>0.0</fprob>
        </actor>
        <actor name="D0N7">
            <wcet number="0">20</wcet>
            <wcet number="1">60</wcet>
            <maxpow number="0.5324452079326336"/>
            <maxpow number="0.5324452079326336"/>
            <fprob>0.0</fprob>
        </actor>
        <actor name="D0N44">
            <wcet number="0">10</wcet>
            <wcet number="1">10</wcet>
            <maxpow number="0.17832813436575967"/>
            <maxpow number="0.17832813436575967"/>
            <fprob>0.0</fprob>
        </actor>
        <actor name="D0N45">
            <wcet number="0">10</wcet>
            <wcet number="1">40</wcet>
            <maxpow number="0.3595156824012459"/>
            <maxpow number="0.3595156824012459"/>
            <fprob>0.0</fprob>
        </actor>
        <actor name="D0N10">
            <wcet number="0">20</wcet>
            <wcet number="1">20</wcet>
            <maxpow number="0.3337153242069203"/>
            <maxpow number="0.3337153242069203"/>
            <fprob>0.0</fprob>
        </actor>
        <actor name="D0N23">
            <wcet number="0">10</wcet>
            <wcet number="1">10</wcet>
            <maxpow number="0.751708218962479"/>
            <maxpow number="0.751708218962479"/>
            <fprob>0.0</fprob>
        </actor>
        <actor name="D0N46">
            <wcet number="0">10</wcet>
            <wcet number="1">20</wcet>
            <maxpow number="0.41630988071452524"/>
            <maxpow number="0.41630988071452524"/>
            <fprob>0.0</fprob>
        </actor>
        <actor name="D0N39">
            <wcet number="0">10</wcet>
            <wcet number="1">30</wcet>
            <maxpow number="0.09863102179959471"/>
            <maxpow number="0.09863102179959471"/>
            <fprob>0.0</fprob>
        </actor>
        <actor name="D0N8">
            <wcet number="0">10</wcet>
            <wcet number="1">10</wcet>
            <maxpow number="0.26624516823665795"/>
            <maxpow number="0.26624516823665795"/>
            <fprob>0.0</fprob>
        </actor>
        <actor name="D0N12">
            <wcet number="0">10</wcet>
            <wcet number="1">10</wcet>
            <maxpow number="0.45174985217611513"/>
            <maxpow number="0.45174985217611513"/>
            <fprob>0.0</fprob>
        </actor>
        <actor name="D0N42">
            <wcet number="0">30</wcet>
            <wcet number="1">40</wcet>
            <maxpow number="0.15536312332398855"/>
            <maxpow number="0.15536312332398855"/>
            <fprob>0.0</fprob>
        </actor>
        <actor name="D0N21">
            <wcet number="0">10</wcet>
            <wcet number="1">20</wcet>
            <maxpow number="0.40091610153955415"/>
            <maxpow number="0.40091610153955415"/>
            <fprob>0.0</fprob>
        </actor>
        <actor name="D0N24">
            <wcet number="0">10</wcet>
            <wcet number="1">30</wcet>
            <maxpow number="0.36311476222569916"/>
            <maxpow number="0.36311476222569916"/>
            <fprob>0.0</fprob>
        </actor>
        <actor name="D0N37">
            <wcet number="0">40</wcet>
            <wcet number="1">40</wcet>
            <maxpow number="0.7074322063777672"/>
            <maxpow number="0.7074322063777672"/>
            <fprob>0.0</fprob>
        </actor>
        <actor name="D0N20">
            <wcet number="0">40</wcet>
            <wcet number="1">40</wcet>
            <maxpow number="0.4952888058710988"/>
            <maxpow number="0.4952888058710988"/>
            <fprob>0.0</fprob>
        </actor>
        <actor name="D0N22">
            <wcet number="0">170</wcet>
            <wcet number="1">190</wcet>
            <maxpow number="0.3385457384615229"/>
            <maxpow number="0.3385457384615229"/>
            <fprob>0.0</fprob>
        </actor>
        <actor name="D0N47">
            <wcet number="0">60</wcet>
            <wcet number="1">70</wcet>
            <maxpow number="0.2893392750579611"/>
            <maxpow number="0.2893392750579611"/>
            <fprob>0.0</fprob>
        </actor>
        <actor name="D0N0">
            <wcet number="0">20</wcet>
            <wcet number="1">30</wcet>
            <maxpow number="0.275623038359125"/>
            <maxpow number="0.275623038359125"/>
            <fprob>0.0</fprob>
        </actor>
        <actor name="D0N3">
            <wcet number="0">30</wcet>
            <wcet number="1">30</wcet>
            <maxpow number="0.5908028894515799"/>
            <maxpow number="0.5908028894515799"/>
            <fprob>0.0</fprob>
        </actor>
        <actor name="D0N18">
            <wcet number="0">30</wcet>
            <wcet number="1">50</wcet>
            <maxpow number="0.37086276233989524"/>
            <maxpow number="0.37086276233989524"/>
            <fprob>0.0</fprob>
        </actor>
        <actor name="D0N11">
            <wcet number="0">10</wcet>
            <wcet number="1">10</wcet>
            <maxpow number="0.44831965576277977"/>
            <maxpow number="0.44831965576277977"/>
            <fprob>0.0</fprob>
        </actor>
        <actor name="D0N31">
            <wcet number="0">50</wcet>
            <wcet number="1">50</wcet>
            <maxpow number="0.4144455963234366"/>
            <maxpow number="0.4144455963234366"/>
            <fprob>0.0</fprob>
        </actor>
        <actor name="D0N1">
            <wcet number="0">20</wcet>
            <wcet number="1">100</wcet>
            <maxpow number="0.5538376100102814"/>
            <maxpow number="0.5538376100102814"/>
            <fprob>0.0</fprob>
        </actor>
        <actor name="D0N26">
            <wcet number="0">30</wcet>
            <wcet number="1">40</wcet>
            <maxpow number="0.3446491874386808"/>
            <maxpow number="0.3446491874386808"/>
            <fprob>0.0</fprob>
        </actor>
        <actor name="D0N36">
            <wcet number="0">10</wcet>
            <wcet number="1">10</wcet>
            <maxpow number="0.5239168647933921"/>
            <maxpow number="0.5239168647933921"/>
            <fprob>0.0</fprob>
        </actor>
        <actor name="D0N4">
            <wcet number="0">20</wcet>
            <wcet number="1">20</wcet>
            <maxpow number="0.8656187306375402"/>
            <maxpow number="0.8656187306375402"/>
            <fprob>0.0</fprob>
        </actor>
        <actor name="D0N27">
            <wcet number="0">100</wcet>
            <wcet number="1">130</wcet>
            <maxpow number="0.7599322354777592"/>
            <maxpow number="0.7599322354777592"/>
            <fprob>0.0</fprob>
        </actor>
        <actor name="D0N35">
            <wcet number="0">30</wcet>
            <wcet number="1">30</wcet>
            <maxpow number="0.2819990885917842"/>
            <maxpow number="0.2819990885917842"/>
            <fprob>0.0</fprob>
        </actor>
        <actor name="D0N40">
            <wcet number="0">10</wcet>
            <wcet number="1">40</wcet>
            <maxpow number="0.39330779541640126"/>
            <maxpow number="0.39330779541640126"/>
            <fprob>0.0</fprob>
        </actor>
        <actor name="D0N19">
            <wcet number="0">20</wcet>
            <wcet number="1">40</wcet>
            <maxpow number="0.6490644695481551"/>
            <maxpow number="0.6490644695481551"/>
            <fprob>0.0</fprob>
        </actor>
        <actor name="D0N48">
            <wcet number="0">40</wcet>
            <wcet number="1">50</wcet>
            <maxpow number="0.4760450540799499"/>
            <maxpow number="0.4760450540799499"/>
            <fprob>0.0</fprob>
        </actor>
        <actor name="D0N33">
            <wcet number="0">20</wcet>
            <wcet number="1">30</wcet>
            <maxpow number="0.7004726355750895"/>
            <maxpow number="0.7004726355750895"/>
            <fprob>0.0</fprob>
        </actor>
        <ports>
            <port dstActor="D0N33" name="p0" srcActor="D0N30"/>
            <port dstActor="D0N35" name="p1" srcActor="D0N17"/>
            <port dstActor="D0N33" name="p2" srcActor="D0N17"/>
            <port dstActor="D0N39" name="p3" srcActor="D0N17"/>
            <port dstActor="D0N18" name="p4" srcActor="D0N17"/>
            <port dstActor="D0N24" name="p5" srcActor="D0N5"/>
            <port dstActor="D0N23" name="p6" srcActor="D0N5"/>
            <port dstActor="D0N34" name="p7" srcActor="D0N5"/>
            <port dstActor="D0N34" name="p8" srcActor="D0N25"/>
            <port dstActor="D0N45" name="p9" srcActor="D0N25"/>
            <port dstActor="D0N35" name="p10" srcActor="D0N25"/>
            <port dstActor="D0N39" name="p11" srcActor="D0N38"/>
            <port dstActor="D0N44" name="p12" srcActor="D0N38"/>
            <port dstActor="D0N45" name="p13" srcActor="D0N43"/>
            <port dstActor="D0N44" name="p14" srcActor="D0N43"/>
            <port dstActor="D0N22" name="p15" srcActor="D0N2"/>
            <port dstActor="D0N24" name="p16" srcActor="D0N2"/>
            <port dstActor="D0N45" name="p17" srcActor="D0N2"/>
            <port dstActor="D0N31" name="p18" srcActor="D0N2"/>
            <port dstActor="D0N48" name="p19" srcActor="D0N2"/>
            <port dstActor="D0N9" name="p20" srcActor="D0N2"/>
            <port dstActor="D0N42" name="p21" srcActor="D0N16"/>
            <port dstActor="D0N30" name="p22" srcActor="D0N16"/>
            <port dstActor="D0N18" name="p23" srcActor="D0N15"/>
            <port dstActor="D0N29" name="p24" srcActor="D0N15"/>
            <port dstActor="D0N22" name="p25" srcActor="D0N15"/>
            <port dstActor="D0N27" name="p26" srcActor="D0N15"/>
            <port dstActor="D0N33" name="p27" srcActor="D0N15"/>
            <port dstActor="D0N46" name="p28" srcActor="D0N15"/>
            <port dstActor="D0N38" name="p29" srcActor="D0N15"/>
            <port dstActor="D0N40" name="p30" srcActor="D0N15"/>
            <port dstActor="D0N47" name="p31" srcActor="D0N13"/>
            <port dstActor="D0N28" name="p32" srcActor="D0N6"/>
            <port dstActor="D0N25" name="p33" srcActor="D0N6"/>
            <port dstActor="D0N37" name="p34" srcActor="D0N6"/>
            <port dstActor="D0N44" name="p35" srcActor="D0N41"/>
            <port dstActor="D0N37" name="p36" srcActor="D0N28"/>
            <port dstActor="D0N34" name="p37" srcActor="D0N32"/>
            <port dstActor="D0N45" name="p38" srcActor="D0N32"/>
            <port dstActor="D0N46" name="p39" srcActor="D0N34"/>
            <port dstActor="D0N32" name="p40" srcActor="D0N14"/>
            <port dstActor="D0N35" name="p41" srcActor="D0N14"/>
            <port dstActor="D0N17" name="p42" srcActor="D0N9"/>
            <port dstActor="D0N38" name="p43" srcActor="D0N9"/>
            <port dstActor="D0N43" name="p44" srcActor="D0N29"/>
            <port dstActor="D0N48" name="p45" srcActor="D0N29"/>
            <port dstActor="D0N13" name="p46" srcActor="D0N7"/>
            <port dstActor="D0N26" name="p47" srcActor="D0N7"/>
            <port dstActor="D0N23" name="p48" srcActor="D0N7"/>
            <port dstActor="D0N38" name="p49" srcActor="D0N7"/>
            <port dstActor="D0N44" name="p50" srcActor="D0N7"/>
            <port dstActor="D0N21" name="p51" srcActor="D0N7"/>
            <port dstActor="D0N37" name="p52" srcActor="D0N7"/>
            <port dstActor="D0N17" name="p53" srcActor="D0N10"/>
            <port dstActor="D0N19" name="p54" srcActor="D0N10"/>
            <port dstActor="D0N31" name="p55" srcActor="D0N10"/>
            <port dstActor="D0N25" name="p56" srcActor="D0N23"/>
            <port dstActor="D0N41" name="p57" srcActor="D0N23"/>
            <port dstActor="D0N38" name="p58" srcActor="D0N23"/>
            <port dstActor="D0N47" name="p59" srcActor="D0N46"/>
            <port dstActor="D0N42" name="p60" srcActor="D0N39"/>
            <port dstActor="D0N25" name="p61" srcActor="D0N8"/>
            <port dstActor="D0N12" name="p62" srcActor="D0N8"/>
            <port dstActor="D0N32" name="p63" srcActor="D0N8"/>
            <port dstActor="D0N17" name="p64" srcActor="D0N12"/>
            <port dstActor="D0N29" name="p65" srcActor="D0N12"/>
            <port dstActor="D0N47" name="p66" srcActor="D0N42"/>
            <port dstActor="D0N43" name="p67" srcActor="D0N21"/>
            <port dstActor="D0N34" name="p68" srcActor="D0N21"/>
            <port dstActor="D0N24" name="p69" srcActor="D0N21"/>
            <port dstActor="D0N27" name="p70" srcActor="D0N24"/>
            <port dstActor="D0N39" name="p71" srcActor="D0N24"/>
            <port dstActor="D0N45" name="p72" srcActor="D0N24"/>
            <port dstActor="D0N40" name="p73" srcActor="D0N24"/>
            <port dstActor="D0N46" name="p74" srcActor="D0N37"/>
            <port dstActor="D0N47" name="p75" srcActor="D0N37"/>
            <port dstActor="D0N48" name="p76" srcActor="D0N20"/>
            <port dstActor="D0N28" name="p77" srcActor="D0N20"/>
            <port dstActor="D0N46" name="p78" srcActor="D0N22"/>
            <port dstActor="D0N23" name="p79" srcActor="D0N22"/>
            <port dstActor="D0N15" name="p80" srcActor="D0N0"/>
            <port dstActor="D0N36" name="p81" srcActor="D0N0"/>
            <port dstActor="D0N31" name="p82" srcActor="D0N0"/>
            <port dstActor="D0N43" name="p83" srcActor="D0N0"/>
            <port dstActor="D0N24" name="p84" srcActor="D0N0"/>
            <port dstActor="D0N7" name="p85" srcActor="D0N0"/>
            <port dstActor="D0N22" name="p86" srcActor="D0N3"/>
            <port dstActor="D0N24" name="p87" srcActor="D0N3"/>
            <port dstActor="D0N27" name="p88" srcActor="D0N3"/>
            <port dstActor="D0N31" name="p89" srcActor="D0N3"/>
            <port dstActor="D0N17" name="p90" srcActor="D0N3"/>
            <port dstActor="D0N12" name="p91" srcActor="D0N3"/>
            <port dstActor="D0N47" name="p92" srcActor="D0N3"/>
            <port dstActor="D0N4" name="p93" srcActor="D0N3"/>
            <port dstActor="D0N12" name="p94" srcActor="D0N11"/>
            <port dstActor="D0N36" name="p95" srcActor="D0N11"/>
            <port dstActor="D0N37" name="p96" srcActor="D0N11"/>
            <port dstActor="D0N26" name="p97" srcActor="D0N11"/>
            <port dstActor="D0N22" name="p98" srcActor="D0N11"/>
            <port dstActor="D0N20" name="p99" srcActor="D0N1"/>
            <port dstActor="D0N31" name="p100" srcActor="D0N1"/>
            <port dstActor="D0N29" name="p101" srcActor="D0N1"/>
            <port dstActor="D0N43" name="p102" srcActor="D0N1"/>
            <port dstActor="D0N18" name="p103" srcActor="D0N1"/>
            <port dstActor="D0N41" name="p104" srcActor="D0N1"/>
            <port dstActor="D0N43" name="p105" srcActor="D0N26"/>
            <port dstActor="D0N35" name="p106" srcActor="D0N4"/>
            <port dstActor="D0N45" name="p107" srcActor="D0N4"/>
            <port dstActor="D0N27" name="p108" srcActor="D0N4"/>
            <port dstActor="D0N28" name="p109" srcActor="D0N27"/>
            <port dstActor="D0N33" name="p110" srcActor="D0N27"/>
            <port dstActor="D0N42" name="p111" srcActor="D0N27"/>
            <port dstActor="D0N40" name="p112" srcActor="D0N35"/>
            <port dstActor="D0N42" name="p113" srcActor="D0N35"/>
            <port dstActor="D0N45" name="p114" srcActor="D0N19"/>
            <port dstActor="D0N23" name="p115" srcActor="D0N19"/>
            <port dstActor="D0N35" name="p116" srcActor="D0N33"/>
            <port dstActor="D0N34" name="p117" srcActor="D0N33"/>
        </ports>
    </mcdag>
    <cores number="2"/>
    <levels number="2"/>
</mcsystem>
