<?xml version="1.0" encoding="UTF-8" standalone="no"?>
<mcsystem>
    <mcdag deadline="4000" name="genned-0-ed-10.0-0">
        <actor name="D0N13">
            <wcet number="0">180</wcet>
            <wcet number="1">200</wcet>
            <maxpow number="0.32807099197315504"/>
            <maxpow number="0.32807099197315504"/>
            <fprob>0.0</fprob>
        </actor>
        <actor name="D0N26">
            <wcet number="0">110</wcet>
            <wcet number="1">140</wcet>
            <maxpow number="0.8003993436431478"/>
            <maxpow number="0.8003993436431478"/>
            <fprob>0.0</fprob>
        </actor>
        <actor name="D0N11">
            <wcet number="0">200</wcet>
            <wcet number="1">220</wcet>
            <maxpow number="1.0260612327644902"/>
            <maxpow number="1.0260612327644902"/>
            <fprob>0.0</fprob>
        </actor>
        <actor name="D0N9">
            <wcet number="0">350</wcet>
            <wcet number="1">380</wcet>
            <maxpow number="0.6961119181406561"/>
            <maxpow number="0.6961119181406561"/>
            <fprob>0.0</fprob>
        </actor>
        <actor name="D0N16">
            <wcet number="0">540</wcet>
            <wcet number="1">550</wcet>
            <maxpow number="0.29818093057078443"/>
            <maxpow number="0.29818093057078443"/>
            <fprob>0.0</fprob>
        </actor>
        <actor name="D0N15">
            <wcet number="0">30</wcet>
            <wcet number="1">610</wcet>
            <maxpow number="0.436130510679182"/>
            <maxpow number="0.436130510679182"/>
            <fprob>0.0</fprob>
        </actor>
        <actor name="D0N30">
            <wcet number="0">110</wcet>
            <wcet number="1">300</wcet>
            <maxpow number="0.4367424084078123"/>
            <maxpow number="0.4367424084078123"/>
            <fprob>0.0</fprob>
        </actor>
        <actor name="D0N47">
            <wcet number="0">110</wcet>
            <wcet number="1">120</wcet>
            <maxpow number="0.3800382920887801"/>
            <maxpow number="0.3800382920887801"/>
            <fprob>0.0</fprob>
        </actor>
        <actor name="D0N19">
            <wcet number="0">90</wcet>
            <wcet number="1">150</wcet>
            <maxpow number="0.6464923100553753"/>
            <maxpow number="0.6464923100553753"/>
            <fprob>0.0</fprob>
        </actor>
        <actor name="D0N0">
            <wcet number="0">160</wcet>
            <wcet number="1">170</wcet>
            <maxpow number="0.789592647474462"/>
            <maxpow number="0.789592647474462"/>
            <fprob>0.0</fprob>
        </actor>
        <actor name="D0N34">
            <wcet number="0">10</wcet>
            <wcet number="1">10</wcet>
            <maxpow number="0.2873412207456278"/>
            <maxpow number="0.2873412207456278"/>
            <fprob>0.0</fprob>
        </actor>
        <actor name="D0N10">
            <wcet number="0">130</wcet>
            <wcet number="1">190</wcet>
            <maxpow number="0.5241802693174762"/>
            <maxpow number="0.5241802693174762"/>
            <fprob>0.0</fprob>
        </actor>
        <actor name="D0N27">
            <wcet number="0">40</wcet>
            <wcet number="1">130</wcet>
            <maxpow number="0.7312598822731138"/>
            <maxpow number="0.7312598822731138"/>
            <fprob>0.0</fprob>
        </actor>
        <actor name="D0N8">
            <wcet number="0">110</wcet>
            <wcet number="1">130</wcet>
            <maxpow number="0.7317572105270053"/>
            <maxpow number="0.7317572105270053"/>
            <fprob>0.0</fprob>
        </actor>
        <actor name="D0N18">
            <wcet number="0">90</wcet>
            <wcet number="1">270</wcet>
            <maxpow number="0.52152619769866"/>
            <maxpow number="0.52152619769866"/>
            <fprob>0.0</fprob>
        </actor>
        <actor name="D0N7">
            <wcet number="0">110</wcet>
            <wcet number="1">290</wcet>
            <maxpow number="0.34076738242466365"/>
            <maxpow number="0.34076738242466365"/>
            <fprob>0.0</fprob>
        </actor>
        <actor name="D0N24">
            <wcet number="0">10</wcet>
            <wcet number="1">30</wcet>
            <maxpow number="0.7257581308375606"/>
            <maxpow number="0.7257581308375606"/>
            <fprob>0.0</fprob>
        </actor>
        <actor name="D0N45">
            <wcet number="0">360</wcet>
            <wcet number="1">410</wcet>
            <maxpow number="0.45972113933624215"/>
            <maxpow number="0.45972113933624215"/>
            <fprob>0.0</fprob>
        </actor>
        <actor name="D0N48">
            <wcet number="0">190</wcet>
            <wcet number="1">270</wcet>
            <maxpow number="0.4978781030044013"/>
            <maxpow number="0.4978781030044013"/>
            <fprob>0.0</fprob>
        </actor>
        <actor name="D0N40">
            <wcet number="0">40</wcet>
            <wcet number="1">180</wcet>
            <maxpow number="0.952568833563609"/>
            <maxpow number="0.952568833563609"/>
            <fprob>0.0</fprob>
        </actor>
        <actor name="D0N33">
            <wcet number="0">40</wcet>
            <wcet number="1">40</wcet>
            <maxpow number="0.4488762442639479"/>
            <maxpow number="0.4488762442639479"/>
            <fprob>0.0</fprob>
        </actor>
        <actor name="D0N42">
            <wcet number="0">50</wcet>
            <wcet number="1">130</wcet>
            <maxpow number="0.4792134771813161"/>
            <maxpow number="0.4792134771813161"/>
            <fprob>0.0</fprob>
        </actor>
        <actor name="D0N22">
            <wcet number="0">20</wcet>
            <wcet number="1">70</wcet>
            <maxpow number="0.6469572044816763"/>
            <maxpow number="0.6469572044816763"/>
            <fprob>0.0</fprob>
        </actor>
        <actor name="D0N38">
            <wcet number="0">10</wcet>
            <wcet number="1">40</wcet>
            <maxpow number="0.6238240158218272"/>
            <maxpow number="0.6238240158218272"/>
            <fprob>0.0</fprob>
        </actor>
        <actor name="D0N14">
            <wcet number="0">20</wcet>
            <wcet number="1">90</wcet>
            <maxpow number="0.19624905859148056"/>
            <maxpow number="0.19624905859148056"/>
            <fprob>0.0</fprob>
        </actor>
        <actor name="D0N43">
            <wcet number="0">10</wcet>
            <wcet number="1">10</wcet>
            <maxpow number="0.7807863840434646"/>
            <maxpow number="0.7807863840434646"/>
            <fprob>0.0</fprob>
        </actor>
        <actor name="D0N35">
            <wcet number="0">10</wcet>
            <wcet number="1">90</wcet>
            <maxpow number="0.6070807669974481"/>
            <maxpow number="0.6070807669974481"/>
            <fprob>0.0</fprob>
        </actor>
        <actor name="D0N21">
            <wcet number="0">10</wcet>
            <wcet number="1">110</wcet>
            <maxpow number="0.25213042696033744"/>
            <maxpow number="0.25213042696033744"/>
            <fprob>0.0</fprob>
        </actor>
        <actor name="D0N39">
            <wcet number="0">320</wcet>
            <wcet number="1">550</wcet>
            <maxpow number="0.561039352806545"/>
            <maxpow number="0.561039352806545"/>
            <fprob>0.0</fprob>
        </actor>
        <actor name="D0N5">
            <wcet number="0">330</wcet>
            <wcet number="1">470</wcet>
            <maxpow number="0.6105959021428956"/>
            <maxpow number="0.6105959021428956"/>
            <fprob>0.0</fprob>
        </actor>
        <actor name="D0N37">
            <wcet number="0">10</wcet>
            <wcet number="1">10</wcet>
            <maxpow number="-0.04423294889432128"/>
            <maxpow number="-0.04423294889432128"/>
            <fprob>0.0</fprob>
        </actor>
        <actor name="D0N32">
            <wcet number="0">620</wcet>
            <wcet number="1">840</wcet>
            <maxpow number="0.7565954318352999"/>
            <maxpow number="0.7565954318352999"/>
            <fprob>0.0</fprob>
        </actor>
        <actor name="D0N49">
            <wcet number="0">220</wcet>
            <wcet number="1">390</wcet>
            <maxpow number="0.6937724964357873"/>
            <maxpow number="0.6937724964357873"/>
            <fprob>0.0</fprob>
        </actor>
        <actor name="D0N41">
            <wcet number="0">20</wcet>
            <wcet number="1">20</wcet>
            <maxpow number="0.553214333143461"/>
            <maxpow number="0.553214333143461"/>
            <fprob>0.0</fprob>
        </actor>
        <actor name="D0N28">
            <wcet number="0">110</wcet>
            <wcet number="1">130</wcet>
            <maxpow number="0.42887224300433935"/>
            <maxpow number="0.42887224300433935"/>
            <fprob>0.0</fprob>
        </actor>
        <actor name="D0N31">
            <wcet number="0">90</wcet>
            <wcet number="1">150</wcet>
            <maxpow number="0.704704009182378"/>
            <maxpow number="0.704704009182378"/>
            <fprob>0.0</fprob>
        </actor>
        <actor name="D0N44">
            <wcet number="0">90</wcet>
            <wcet number="1">110</wcet>
            <maxpow number="0.49237643652374546"/>
            <maxpow number="0.49237643652374546"/>
            <fprob>0.0</fprob>
        </actor>
        <actor name="D0N17">
            <wcet number="0">280</wcet>
            <wcet number="1">440</wcet>
            <maxpow number="0.49706993831136437"/>
            <maxpow number="0.49706993831136437"/>
            <fprob>0.0</fprob>
        </actor>
        <actor name="D0N36">
            <wcet number="0">270</wcet>
            <wcet number="1">900</wcet>
            <maxpow number="0.5967430107299825"/>
            <maxpow number="0.5967430107299825"/>
            <fprob>0.0</fprob>
        </actor>
        <actor name="D0N46">
            <wcet number="0">90</wcet>
            <wcet number="1">210</wcet>
            <maxpow number="0.7958052357127344"/>
            <maxpow number="0.7958052357127344"/>
            <fprob>0.0</fprob>
        </actor>
        <actor name="D0N23">
            <wcet number="0">40</wcet>
            <wcet number="1">80</wcet>
            <maxpow number="0.44474864967463446"/>
            <maxpow number="0.44474864967463446"/>
            <fprob>0.0</fprob>
        </actor>
        <actor name="D0N20">
            <wcet number="0">140</wcet>
            <wcet number="1">160</wcet>
            <maxpow number="0.3297747773265448"/>
            <maxpow number="0.3297747773265448"/>
            <fprob>0.0</fprob>
        </actor>
        <actor name="D0N4">
            <wcet number="0">40</wcet>
            <wcet number="1">60</wcet>
            <maxpow number="0.39700796999436283"/>
            <maxpow number="0.39700796999436283"/>
            <fprob>0.0</fprob>
        </actor>
        <actor name="D0N12">
            <wcet number="0">30</wcet>
            <wcet number="1">40</wcet>
            <maxpow number="0.6230211675811397"/>
            <maxpow number="0.6230211675811397"/>
            <fprob>0.0</fprob>
        </actor>
        <actor name="D0N29">
            <wcet number="0">20</wcet>
            <wcet number="1">80</wcet>
            <maxpow number="0.8026392819744346"/>
            <maxpow number="0.8026392819744346"/>
            <fprob>0.0</fprob>
        </actor>
        <actor name="D0N25">
            <wcet number="0">30</wcet>
            <wcet number="1">50</wcet>
            <maxpow number="0.4383862617641139"/>
            <maxpow number="0.4383862617641139"/>
            <fprob>0.0</fprob>
        </actor>
        <actor name="D0N2">
            <wcet number="0">200</wcet>
            <wcet number="1">510</wcet>
            <maxpow number="0.8003313050887857"/>
            <maxpow number="0.8003313050887857"/>
            <fprob>0.0</fprob>
        </actor>
        <actor name="D0N6">
            <wcet number="0">40</wcet>
            <wcet number="1">100</wcet>
            <maxpow number="0.4438899987466624"/>
            <maxpow number="0.4438899987466624"/>
            <fprob>0.0</fprob>
        </actor>
        <actor name="D0N3">
            <wcet number="0">80</wcet>
            <wcet number="1">110</wcet>
            <maxpow number="0.536265212999861"/>
            <maxpow number="0.536265212999861"/>
            <fprob>0.0</fprob>
        </actor>
        <actor name="D0N1">
            <wcet number="0">10</wcet>
            <wcet number="1">60</wcet>
            <maxpow number="0.7284926017121507"/>
            <maxpow number="0.7284926017121507"/>
            <fprob>0.0</fprob>
        </actor>
        <ports>
            <port dstActor="D0N23" name="p0" srcActor="D0N13"/>
            <port dstActor="D0N34" name="p1" srcActor="D0N13"/>
            <port dstActor="D0N38" name="p2" srcActor="D0N26"/>
            <port dstActor="D0N38" name="p3" srcActor="D0N11"/>
            <port dstActor="D0N30" name="p4" srcActor="D0N11"/>
            <port dstActor="D0N24" name="p5" srcActor="D0N11"/>
            <port dstActor="D0N16" name="p6" srcActor="D0N9"/>
            <port dstActor="D0N37" name="p7" srcActor="D0N9"/>
            <port dstActor="D0N33" name="p8" srcActor="D0N9"/>
            <port dstActor="D0N23" name="p9" srcActor="D0N9"/>
            <port dstActor="D0N28" name="p10" srcActor="D0N9"/>
            <port dstActor="D0N28" name="p11" srcActor="D0N16"/>
            <port dstActor="D0N38" name="p12" srcActor="D0N16"/>
            <port dstActor="D0N27" name="p13" srcActor="D0N15"/>
            <port dstActor="D0N24" name="p14" srcActor="D0N15"/>
            <port dstActor="D0N19" name="p15" srcActor="D0N15"/>
            <port dstActor="D0N35" name="p16" srcActor="D0N15"/>
            <port dstActor="D0N34" name="p17" srcActor="D0N30"/>
            <port dstActor="D0N49" name="p18" srcActor="D0N47"/>
            <port dstActor="D0N32" name="p19" srcActor="D0N19"/>
            <port dstActor="D0N45" name="p20" srcActor="D0N19"/>
            <port dstActor="D0N36" name="p21" srcActor="D0N19"/>
            <port dstActor="D0N22" name="p22" srcActor="D0N19"/>
            <port dstActor="D0N33" name="p23" srcActor="D0N19"/>
            <port dstActor="D0N42" name="p24" srcActor="D0N0"/>
            <port dstActor="D0N2" name="p25" srcActor="D0N0"/>
            <port dstActor="D0N8" name="p26" srcActor="D0N0"/>
            <port dstActor="D0N7" name="p27" srcActor="D0N0"/>
            <port dstActor="D0N34" name="p28" srcActor="D0N0"/>
            <port dstActor="D0N48" name="p29" srcActor="D0N34"/>
            <port dstActor="D0N45" name="p30" srcActor="D0N34"/>
            <port dstActor="D0N34" name="p31" srcActor="D0N10"/>
            <port dstActor="D0N28" name="p32" srcActor="D0N10"/>
            <port dstActor="D0N18" name="p33" srcActor="D0N10"/>
            <port dstActor="D0N22" name="p34" srcActor="D0N10"/>
            <port dstActor="D0N11" name="p35" srcActor="D0N10"/>
            <port dstActor="D0N39" name="p36" srcActor="D0N10"/>
            <port dstActor="D0N49" name="p37" srcActor="D0N27"/>
            <port dstActor="D0N35" name="p38" srcActor="D0N8"/>
            <port dstActor="D0N40" name="p39" srcActor="D0N8"/>
            <port dstActor="D0N42" name="p40" srcActor="D0N8"/>
            <port dstActor="D0N26" name="p41" srcActor="D0N8"/>
            <port dstActor="D0N44" name="p42" srcActor="D0N8"/>
            <port dstActor="D0N49" name="p43" srcActor="D0N8"/>
            <port dstActor="D0N9" name="p44" srcActor="D0N8"/>
            <port dstActor="D0N27" name="p45" srcActor="D0N18"/>
            <port dstActor="D0N43" name="p46" srcActor="D0N18"/>
            <port dstActor="D0N34" name="p47" srcActor="D0N18"/>
            <port dstActor="D0N36" name="p48" srcActor="D0N18"/>
            <port dstActor="D0N31" name="p49" srcActor="D0N18"/>
            <port dstActor="D0N35" name="p50" srcActor="D0N7"/>
            <port dstActor="D0N16" name="p51" srcActor="D0N7"/>
            <port dstActor="D0N9" name="p52" srcActor="D0N7"/>
            <port dstActor="D0N44" name="p53" srcActor="D0N7"/>
            <port dstActor="D0N26" name="p54" srcActor="D0N7"/>
            <port dstActor="D0N11" name="p55" srcActor="D0N7"/>
            <port dstActor="D0N29" name="p56" srcActor="D0N24"/>
            <port dstActor="D0N33" name="p57" srcActor="D0N24"/>
            <port dstActor="D0N41" name="p58" srcActor="D0N24"/>
            <port dstActor="D0N48" name="p59" srcActor="D0N24"/>
            <port dstActor="D0N43" name="p60" srcActor="D0N24"/>
            <port dstActor="D0N41" name="p61" srcActor="D0N40"/>
            <port dstActor="D0N35" name="p62" srcActor="D0N33"/>
            <port dstActor="D0N34" name="p63" srcActor="D0N33"/>
            <port dstActor="D0N48" name="p64" srcActor="D0N42"/>
            <port dstActor="D0N28" name="p65" srcActor="D0N22"/>
            <port dstActor="D0N41" name="p66" srcActor="D0N22"/>
            <port dstActor="D0N30" name="p67" srcActor="D0N22"/>
            <port dstActor="D0N42" name="p68" srcActor="D0N22"/>
            <port dstActor="D0N41" name="p69" srcActor="D0N38"/>
            <port dstActor="D0N42" name="p70" srcActor="D0N38"/>
            <port dstActor="D0N46" name="p71" srcActor="D0N38"/>
            <port dstActor="D0N16" name="p72" srcActor="D0N14"/>
            <port dstActor="D0N45" name="p73" srcActor="D0N43"/>
            <port dstActor="D0N48" name="p74" srcActor="D0N35"/>
            <port dstActor="D0N43" name="p75" srcActor="D0N21"/>
            <port dstActor="D0N22" name="p76" srcActor="D0N5"/>
            <port dstActor="D0N42" name="p77" srcActor="D0N5"/>
            <port dstActor="D0N49" name="p78" srcActor="D0N5"/>
            <port dstActor="D0N47" name="p79" srcActor="D0N37"/>
            <port dstActor="D0N43" name="p80" srcActor="D0N37"/>
            <port dstActor="D0N44" name="p81" srcActor="D0N37"/>
            <port dstActor="D0N37" name="p82" srcActor="D0N32"/>
            <port dstActor="D0N46" name="p83" srcActor="D0N32"/>
            <port dstActor="D0N48" name="p84" srcActor="D0N32"/>
            <port dstActor="D0N45" name="p85" srcActor="D0N41"/>
            <port dstActor="D0N34" name="p86" srcActor="D0N28"/>
            <port dstActor="D0N35" name="p87" srcActor="D0N28"/>
            <port dstActor="D0N46" name="p88" srcActor="D0N31"/>
            <port dstActor="D0N47" name="p89" srcActor="D0N31"/>
            <port dstActor="D0N37" name="p90" srcActor="D0N31"/>
            <port dstActor="D0N47" name="p91" srcActor="D0N44"/>
            <port dstActor="D0N49" name="p92" srcActor="D0N44"/>
            <port dstActor="D0N28" name="p93" srcActor="D0N17"/>
            <port dstActor="D0N23" name="p94" srcActor="D0N17"/>
            <port dstActor="D0N27" name="p95" srcActor="D0N17"/>
            <port dstActor="D0N48" name="p96" srcActor="D0N36"/>
            <port dstActor="D0N37" name="p97" srcActor="D0N36"/>
            <port dstActor="D0N45" name="p98" srcActor="D0N23"/>
            <port dstActor="D0N39" name="p99" srcActor="D0N23"/>
            <port dstActor="D0N44" name="p100" srcActor="D0N20"/>
            <port dstActor="D0N40" name="p101" srcActor="D0N20"/>
            <port dstActor="D0N15" name="p102" srcActor="D0N4"/>
            <port dstActor="D0N47" name="p103" srcActor="D0N12"/>
            <port dstActor="D0N26" name="p104" srcActor="D0N12"/>
            <port dstActor="D0N24" name="p105" srcActor="D0N12"/>
            <port dstActor="D0N33" name="p106" srcActor="D0N29"/>
            <port dstActor="D0N39" name="p107" srcActor="D0N25"/>
            <port dstActor="D0N43" name="p108" srcActor="D0N25"/>
            <port dstActor="D0N30" name="p109" srcActor="D0N25"/>
            <port dstActor="D0N37" name="p110" srcActor="D0N25"/>
            <port dstActor="D0N36" name="p111" srcActor="D0N2"/>
            <port dstActor="D0N37" name="p112" srcActor="D0N2"/>
            <port dstActor="D0N29" name="p113" srcActor="D0N2"/>
            <port dstActor="D0N43" name="p114" srcActor="D0N2"/>
            <port dstActor="D0N45" name="p115" srcActor="D0N2"/>
            <port dstActor="D0N31" name="p116" srcActor="D0N2"/>
            <port dstActor="D0N10" name="p117" srcActor="D0N2"/>
            <port dstActor="D0N38" name="p118" srcActor="D0N6"/>
            <port dstActor="D0N41" name="p119" srcActor="D0N6"/>
            <port dstActor="D0N35" name="p120" srcActor="D0N6"/>
            <port dstActor="D0N31" name="p121" srcActor="D0N3"/>
            <port dstActor="D0N20" name="p122" srcActor="D0N3"/>
            <port dstActor="D0N28" name="p123" srcActor="D0N3"/>
            <port dstActor="D0N8" name="p124" srcActor="D0N3"/>
            <port dstActor="D0N49" name="p125" srcActor="D0N3"/>
            <port dstActor="D0N33" name="p126" srcActor="D0N3"/>
            <port dstActor="D0N4" name="p127" srcActor="D0N3"/>
            <port dstActor="D0N40" name="p128" srcActor="D0N3"/>
            <port dstActor="D0N10" name="p129" srcActor="D0N1"/>
            <port dstActor="D0N37" name="p130" srcActor="D0N1"/>
            <port dstActor="D0N17" name="p131" srcActor="D0N1"/>
            <port dstActor="D0N38" name="p132" srcActor="D0N1"/>
        </ports>
    </mcdag>
    <cores number="3"/>
    <levels number="2"/>
</mcsystem>
