<?xml version="1.0" encoding="UTF-8" standalone="no"?>
<mcsystem>
    <mcdag deadline="5000" name="genned-0-ed-10.0-0">
        <actor name="D0N4">
            <wcet number="0">160</wcet>
            <wcet number="1">310</wcet>
            <maxpow number="0.6608638431967084"/>
            <maxpow number="0.6608638431967084"/>
            <fprob>0.0</fprob>
        </actor>
        <actor name="D0N40">
            <wcet number="0">140</wcet>
            <wcet number="1">240</wcet>
            <maxpow number="0.5284143018546092"/>
            <maxpow number="0.5284143018546092"/>
            <fprob>0.0</fprob>
        </actor>
        <actor name="D0N17">
            <wcet number="0">80</wcet>
            <wcet number="1">120</wcet>
            <maxpow number="0.520332152450595"/>
            <maxpow number="0.520332152450595"/>
            <fprob>0.0</fprob>
        </actor>
        <actor name="D0N25">
            <wcet number="0">240</wcet>
            <wcet number="1">260</wcet>
            <maxpow number="0.3691747558161505"/>
            <maxpow number="0.3691747558161505"/>
            <fprob>0.0</fprob>
        </actor>
        <actor name="D0N11">
            <wcet number="0">70</wcet>
            <wcet number="1">180</wcet>
            <maxpow number="0.6684231757787316"/>
            <maxpow number="0.6684231757787316"/>
            <fprob>0.0</fprob>
        </actor>
        <actor name="D0N21">
            <wcet number="0">10</wcet>
            <wcet number="1">30</wcet>
            <maxpow number="0.3884735718519589"/>
            <maxpow number="0.3884735718519589"/>
            <fprob>0.0</fprob>
        </actor>
        <actor name="D0N0">
            <wcet number="0">240</wcet>
            <wcet number="1">450</wcet>
            <maxpow number="0.4840976513557438"/>
            <maxpow number="0.4840976513557438"/>
            <fprob>0.0</fprob>
        </actor>
        <actor name="D0N48">
            <wcet number="0">360</wcet>
            <wcet number="1">520</wcet>
            <maxpow number="0.4055058769518397"/>
            <maxpow number="0.4055058769518397"/>
            <fprob>0.0</fprob>
        </actor>
        <actor name="D0N37">
            <wcet number="0">50</wcet>
            <wcet number="1">130</wcet>
            <maxpow number="0.5148172059697839"/>
            <maxpow number="0.5148172059697839"/>
            <fprob>0.0</fprob>
        </actor>
        <actor name="D0N20">
            <wcet number="0">120</wcet>
            <wcet number="1">200</wcet>
            <maxpow number="0.5270015996191862"/>
            <maxpow number="0.5270015996191862"/>
            <fprob>0.0</fprob>
        </actor>
        <actor name="D0N30">
            <wcet number="0">230</wcet>
            <wcet number="1">950</wcet>
            <maxpow number="0.2511347641633208"/>
            <maxpow number="0.2511347641633208"/>
            <fprob>0.0</fprob>
        </actor>
        <actor name="D0N14">
            <wcet number="0">40</wcet>
            <wcet number="1">180</wcet>
            <maxpow number="0.6233444908022223"/>
            <maxpow number="0.6233444908022223"/>
            <fprob>0.0</fprob>
        </actor>
        <actor name="D0N18">
            <wcet number="0">450</wcet>
            <wcet number="1">1050</wcet>
            <maxpow number="0.7676717093795196"/>
            <maxpow number="0.7676717093795196"/>
            <fprob>0.0</fprob>
        </actor>
        <actor name="D0N5">
            <wcet number="0">220</wcet>
            <wcet number="1">300</wcet>
            <maxpow number="0.6554947151209589"/>
            <maxpow number="0.6554947151209589"/>
            <fprob>0.0</fprob>
        </actor>
        <actor name="D0N7">
            <wcet number="0">170</wcet>
            <wcet number="1">280</wcet>
            <maxpow number="0.5596993146315595"/>
            <maxpow number="0.5596993146315595"/>
            <fprob>0.0</fprob>
        </actor>
        <actor name="D0N35">
            <wcet number="0">20</wcet>
            <wcet number="1">20</wcet>
            <maxpow number="0.12471621053907106"/>
            <maxpow number="0.12471621053907106"/>
            <fprob>0.0</fprob>
        </actor>
        <actor name="D0N9">
            <wcet number="0">160</wcet>
            <wcet number="1">200</wcet>
            <maxpow number="0.5700431539814951"/>
            <maxpow number="0.5700431539814951"/>
            <fprob>0.0</fprob>
        </actor>
        <actor name="D0N8">
            <wcet number="0">50</wcet>
            <wcet number="1">100</wcet>
            <maxpow number="0.4591207800181586"/>
            <maxpow number="0.4591207800181586"/>
            <fprob>0.0</fprob>
        </actor>
        <actor name="D0N24">
            <wcet number="0">130</wcet>
            <wcet number="1">390</wcet>
            <maxpow number="0.6846792245316581"/>
            <maxpow number="0.6846792245316581"/>
            <fprob>0.0</fprob>
        </actor>
        <actor name="D0N45">
            <wcet number="0">110</wcet>
            <wcet number="1">120</wcet>
            <maxpow number="0.8056580048702142"/>
            <maxpow number="0.8056580048702142"/>
            <fprob>0.0</fprob>
        </actor>
        <actor name="D0N33">
            <wcet number="0">10</wcet>
            <wcet number="1">50</wcet>
            <maxpow number="0.7573141468544062"/>
            <maxpow number="0.7573141468544062"/>
            <fprob>0.0</fprob>
        </actor>
        <actor name="D0N44">
            <wcet number="0">160</wcet>
            <wcet number="1">180</wcet>
            <maxpow number="0.33217492221066613"/>
            <maxpow number="0.33217492221066613"/>
            <fprob>0.0</fprob>
        </actor>
        <actor name="D0N46">
            <wcet number="0">580</wcet>
            <wcet number="1">650</wcet>
            <maxpow number="0.7513001607377741"/>
            <maxpow number="0.7513001607377741"/>
            <fprob>0.0</fprob>
        </actor>
        <actor name="D0N12">
            <wcet number="0">20</wcet>
            <wcet number="1">20</wcet>
            <maxpow number="0.6487435002900616"/>
            <maxpow number="0.6487435002900616"/>
            <fprob>0.0</fprob>
        </actor>
        <actor name="D0N26">
            <wcet number="0">470</wcet>
            <wcet number="1">470</wcet>
            <maxpow number="0.49035192542576655"/>
            <maxpow number="0.49035192542576655"/>
            <fprob>0.0</fprob>
        </actor>
        <actor name="D0N6">
            <wcet number="0">880</wcet>
            <wcet number="1">950</wcet>
            <maxpow number="0.4081312766703037"/>
            <maxpow number="0.4081312766703037"/>
            <fprob>0.0</fprob>
        </actor>
        <actor name="D0N42">
            <wcet number="0">60</wcet>
            <wcet number="1">60</wcet>
            <maxpow number="0.4688419459245774"/>
            <maxpow number="0.4688419459245774"/>
            <fprob>0.0</fprob>
        </actor>
        <actor name="D0N19">
            <wcet number="0">80</wcet>
            <wcet number="1">190</wcet>
            <maxpow number="0.6204063939666047"/>
            <maxpow number="0.6204063939666047"/>
            <fprob>0.0</fprob>
        </actor>
        <actor name="D0N32">
            <wcet number="0">200</wcet>
            <wcet number="1">220</wcet>
            <maxpow number="0.5649848649272317"/>
            <maxpow number="0.5649848649272317"/>
            <fprob>0.0</fprob>
        </actor>
        <actor name="D0N2">
            <wcet number="0">10</wcet>
            <wcet number="1">10</wcet>
            <maxpow number="0.5533963946968918"/>
            <maxpow number="0.5533963946968918"/>
            <fprob>0.0</fprob>
        </actor>
        <actor name="D0N34">
            <wcet number="0">270</wcet>
            <wcet number="1">370</wcet>
            <maxpow number="0.8102907297694808"/>
            <maxpow number="0.8102907297694808"/>
            <fprob>0.0</fprob>
        </actor>
        <actor name="D0N47">
            <wcet number="0">110</wcet>
            <wcet number="1">190</wcet>
            <maxpow number="0.5930556339690657"/>
            <maxpow number="0.5930556339690657"/>
            <fprob>0.0</fprob>
        </actor>
        <actor name="D0N36">
            <wcet number="0">120</wcet>
            <wcet number="1">130</wcet>
            <maxpow number="0.6085236086384914"/>
            <maxpow number="0.6085236086384914"/>
            <fprob>0.0</fprob>
        </actor>
        <actor name="D0N29">
            <wcet number="0">150</wcet>
            <wcet number="1">200</wcet>
            <maxpow number="0.674374716034009"/>
            <maxpow number="0.674374716034009"/>
            <fprob>0.0</fprob>
        </actor>
        <actor name="D0N23">
            <wcet number="0">10</wcet>
            <wcet number="1">20</wcet>
            <maxpow number="0.45467210276466086"/>
            <maxpow number="0.45467210276466086"/>
            <fprob>0.0</fprob>
        </actor>
        <actor name="D0N13">
            <wcet number="0">110</wcet>
            <wcet number="1">260</wcet>
            <maxpow number="0.6427089914158579"/>
            <maxpow number="0.6427089914158579"/>
            <fprob>0.0</fprob>
        </actor>
        <actor name="D0N27">
            <wcet number="0">70</wcet>
            <wcet number="1">360</wcet>
            <maxpow number="0.9381374357727414"/>
            <maxpow number="0.9381374357727414"/>
            <fprob>0.0</fprob>
        </actor>
        <actor name="D0N28">
            <wcet number="0">30</wcet>
            <wcet number="1">40</wcet>
            <maxpow number="0.6989527651644776"/>
            <maxpow number="0.6989527651644776"/>
            <fprob>0.0</fprob>
        </actor>
        <actor name="D0N38">
            <wcet number="0">50</wcet>
            <wcet number="1">210</wcet>
            <maxpow number="0.4669560859676468"/>
            <maxpow number="0.4669560859676468"/>
            <fprob>0.0</fprob>
        </actor>
        <actor name="D0N16">
            <wcet number="0">320</wcet>
            <wcet number="1">330</wcet>
            <maxpow number="0.2882857229835698"/>
            <maxpow number="0.2882857229835698"/>
            <fprob>0.0</fprob>
        </actor>
        <actor name="D0N41">
            <wcet number="0">120</wcet>
            <wcet number="1">240</wcet>
            <maxpow number="0.2656886877567315"/>
            <maxpow number="0.2656886877567315"/>
            <fprob>0.0</fprob>
        </actor>
        <actor name="D0N15">
            <wcet number="0">170</wcet>
            <wcet number="1">1350</wcet>
            <maxpow number="0.2873280198716898"/>
            <maxpow number="0.2873280198716898"/>
            <fprob>0.0</fprob>
        </actor>
        <actor name="D0N43">
            <wcet number="0">60</wcet>
            <wcet number="1">240</wcet>
            <maxpow number="0.7440765737273719"/>
            <maxpow number="0.7440765737273719"/>
            <fprob>0.0</fprob>
        </actor>
        <actor name="D0N3">
            <wcet number="0">80</wcet>
            <wcet number="1">80</wcet>
            <maxpow number="0.6140641043790293"/>
            <maxpow number="0.6140641043790293"/>
            <fprob>0.0</fprob>
        </actor>
        <actor name="D0N31">
            <wcet number="0">10</wcet>
            <wcet number="1">30</wcet>
            <maxpow number="0.3296665328414733"/>
            <maxpow number="0.3296665328414733"/>
            <fprob>0.0</fprob>
        </actor>
        <actor name="D0N1">
            <wcet number="0">80</wcet>
            <wcet number="1">90</wcet>
            <maxpow number="0.28348547673319596"/>
            <maxpow number="0.28348547673319596"/>
            <fprob>0.0</fprob>
        </actor>
        <actor name="D0N22">
            <wcet number="0">30</wcet>
            <wcet number="1">30</wcet>
            <maxpow number="0.4980342180661511"/>
            <maxpow number="0.4980342180661511"/>
            <fprob>0.0</fprob>
        </actor>
        <actor name="D0N39">
            <wcet number="0">120</wcet>
            <wcet number="1">450</wcet>
            <maxpow number="0.6385483784576872"/>
            <maxpow number="0.6385483784576872"/>
            <fprob>0.0</fprob>
        </actor>
        <actor name="D0N10">
            <wcet number="0">320</wcet>
            <wcet number="1">1050</wcet>
            <maxpow number="0.6535665682350741"/>
            <maxpow number="0.6535665682350741"/>
            <fprob>0.0</fprob>
        </actor>
        <ports>
            <port dstActor="D0N29" name="p0" srcActor="D0N4"/>
            <port dstActor="D0N5" name="p1" srcActor="D0N4"/>
            <port dstActor="D0N37" name="p2" srcActor="D0N4"/>
            <port dstActor="D0N39" name="p3" srcActor="D0N4"/>
            <port dstActor="D0N9" name="p4" srcActor="D0N4"/>
            <port dstActor="D0N14" name="p5" srcActor="D0N4"/>
            <port dstActor="D0N34" name="p6" srcActor="D0N4"/>
            <port dstActor="D0N21" name="p7" srcActor="D0N4"/>
            <port dstActor="D0N40" name="p8" srcActor="D0N17"/>
            <port dstActor="D0N43" name="p9" srcActor="D0N17"/>
            <port dstActor="D0N25" name="p10" srcActor="D0N17"/>
            <port dstActor="D0N19" name="p11" srcActor="D0N17"/>
            <port dstActor="D0N20" name="p12" srcActor="D0N17"/>
            <port dstActor="D0N46" name="p13" srcActor="D0N25"/>
            <port dstActor="D0N36" name="p14" srcActor="D0N25"/>
            <port dstActor="D0N25" name="p15" srcActor="D0N11"/>
            <port dstActor="D0N22" name="p16" srcActor="D0N11"/>
            <port dstActor="D0N29" name="p17" srcActor="D0N11"/>
            <port dstActor="D0N14" name="p18" srcActor="D0N11"/>
            <port dstActor="D0N39" name="p19" srcActor="D0N21"/>
            <port dstActor="D0N26" name="p20" srcActor="D0N21"/>
            <port dstActor="D0N29" name="p21" srcActor="D0N21"/>
            <port dstActor="D0N9" name="p22" srcActor="D0N0"/>
            <port dstActor="D0N44" name="p23" srcActor="D0N0"/>
            <port dstActor="D0N26" name="p24" srcActor="D0N0"/>
            <port dstActor="D0N41" name="p25" srcActor="D0N37"/>
            <port dstActor="D0N27" name="p26" srcActor="D0N20"/>
            <port dstActor="D0N28" name="p27" srcActor="D0N20"/>
            <port dstActor="D0N23" name="p28" srcActor="D0N20"/>
            <port dstActor="D0N21" name="p29" srcActor="D0N20"/>
            <port dstActor="D0N42" name="p30" srcActor="D0N20"/>
            <port dstActor="D0N29" name="p31" srcActor="D0N20"/>
            <port dstActor="D0N39" name="p32" srcActor="D0N20"/>
            <port dstActor="D0N35" name="p33" srcActor="D0N30"/>
            <port dstActor="D0N44" name="p34" srcActor="D0N30"/>
            <port dstActor="D0N39" name="p35" srcActor="D0N30"/>
            <port dstActor="D0N36" name="p36" srcActor="D0N30"/>
            <port dstActor="D0N18" name="p37" srcActor="D0N14"/>
            <port dstActor="D0N38" name="p38" srcActor="D0N14"/>
            <port dstActor="D0N28" name="p39" srcActor="D0N14"/>
            <port dstActor="D0N37" name="p40" srcActor="D0N18"/>
            <port dstActor="D0N29" name="p41" srcActor="D0N18"/>
            <port dstActor="D0N32" name="p42" srcActor="D0N18"/>
            <port dstActor="D0N47" name="p43" srcActor="D0N18"/>
            <port dstActor="D0N40" name="p44" srcActor="D0N18"/>
            <port dstActor="D0N28" name="p45" srcActor="D0N18"/>
            <port dstActor="D0N38" name="p46" srcActor="D0N18"/>
            <port dstActor="D0N19" name="p47" srcActor="D0N5"/>
            <port dstActor="D0N46" name="p48" srcActor="D0N5"/>
            <port dstActor="D0N12" name="p49" srcActor="D0N5"/>
            <port dstActor="D0N19" name="p50" srcActor="D0N7"/>
            <port dstActor="D0N14" name="p51" srcActor="D0N7"/>
            <port dstActor="D0N46" name="p52" srcActor="D0N35"/>
            <port dstActor="D0N38" name="p53" srcActor="D0N35"/>
            <port dstActor="D0N42" name="p54" srcActor="D0N35"/>
            <port dstActor="D0N45" name="p55" srcActor="D0N35"/>
            <port dstActor="D0N32" name="p56" srcActor="D0N9"/>
            <port dstActor="D0N15" name="p57" srcActor="D0N9"/>
            <port dstActor="D0N43" name="p58" srcActor="D0N9"/>
            <port dstActor="D0N34" name="p59" srcActor="D0N9"/>
            <port dstActor="D0N44" name="p60" srcActor="D0N8"/>
            <port dstActor="D0N47" name="p61" srcActor="D0N8"/>
            <port dstActor="D0N33" name="p62" srcActor="D0N24"/>
            <port dstActor="D0N43" name="p63" srcActor="D0N24"/>
            <port dstActor="D0N48" name="p64" srcActor="D0N45"/>
            <port dstActor="D0N38" name="p65" srcActor="D0N33"/>
            <port dstActor="D0N47" name="p66" srcActor="D0N33"/>
            <port dstActor="D0N47" name="p67" srcActor="D0N44"/>
            <port dstActor="D0N48" name="p68" srcActor="D0N46"/>
            <port dstActor="D0N36" name="p69" srcActor="D0N12"/>
            <port dstActor="D0N29" name="p70" srcActor="D0N12"/>
            <port dstActor="D0N46" name="p71" srcActor="D0N12"/>
            <port dstActor="D0N43" name="p72" srcActor="D0N12"/>
            <port dstActor="D0N47" name="p73" srcActor="D0N26"/>
            <port dstActor="D0N48" name="p74" srcActor="D0N26"/>
            <port dstActor="D0N17" name="p75" srcActor="D0N6"/>
            <port dstActor="D0N42" name="p76" srcActor="D0N6"/>
            <port dstActor="D0N31" name="p77" srcActor="D0N6"/>
            <port dstActor="D0N26" name="p78" srcActor="D0N6"/>
            <port dstActor="D0N10" name="p79" srcActor="D0N6"/>
            <port dstActor="D0N24" name="p80" srcActor="D0N6"/>
            <port dstActor="D0N43" name="p81" srcActor="D0N42"/>
            <port dstActor="D0N47" name="p82" srcActor="D0N42"/>
            <port dstActor="D0N36" name="p83" srcActor="D0N19"/>
            <port dstActor="D0N34" name="p84" srcActor="D0N19"/>
            <port dstActor="D0N24" name="p85" srcActor="D0N19"/>
            <port dstActor="D0N25" name="p86" srcActor="D0N19"/>
            <port dstActor="D0N42" name="p87" srcActor="D0N32"/>
            <port dstActor="D0N33" name="p88" srcActor="D0N32"/>
            <port dstActor="D0N46" name="p89" srcActor="D0N2"/>
            <port dstActor="D0N35" name="p90" srcActor="D0N2"/>
            <port dstActor="D0N8" name="p91" srcActor="D0N2"/>
            <port dstActor="D0N13" name="p92" srcActor="D0N2"/>
            <port dstActor="D0N36" name="p93" srcActor="D0N2"/>
            <port dstActor="D0N46" name="p94" srcActor="D0N34"/>
            <port dstActor="D0N37" name="p95" srcActor="D0N34"/>
            <port dstActor="D0N42" name="p96" srcActor="D0N36"/>
            <port dstActor="D0N45" name="p97" srcActor="D0N36"/>
            <port dstActor="D0N39" name="p98" srcActor="D0N36"/>
            <port dstActor="D0N47" name="p99" srcActor="D0N29"/>
            <port dstActor="D0N25" name="p100" srcActor="D0N23"/>
            <port dstActor="D0N26" name="p101" srcActor="D0N23"/>
            <port dstActor="D0N20" name="p102" srcActor="D0N13"/>
            <port dstActor="D0N48" name="p103" srcActor="D0N13"/>
            <port dstActor="D0N48" name="p104" srcActor="D0N27"/>
            <port dstActor="D0N39" name="p105" srcActor="D0N27"/>
            <port dstActor="D0N46" name="p106" srcActor="D0N28"/>
            <port dstActor="D0N43" name="p107" srcActor="D0N28"/>
            <port dstActor="D0N47" name="p108" srcActor="D0N28"/>
            <port dstActor="D0N39" name="p109" srcActor="D0N28"/>
            <port dstActor="D0N44" name="p110" srcActor="D0N38"/>
            <port dstActor="D0N37" name="p111" srcActor="D0N16"/>
            <port dstActor="D0N36" name="p112" srcActor="D0N16"/>
            <port dstActor="D0N32" name="p113" srcActor="D0N16"/>
            <port dstActor="D0N25" name="p114" srcActor="D0N15"/>
            <port dstActor="D0N31" name="p115" srcActor="D0N15"/>
            <port dstActor="D0N45" name="p116" srcActor="D0N43"/>
            <port dstActor="D0N4" name="p117" srcActor="D0N3"/>
            <port dstActor="D0N34" name="p118" srcActor="D0N3"/>
            <port dstActor="D0N5" name="p119" srcActor="D0N3"/>
            <port dstActor="D0N15" name="p120" srcActor="D0N3"/>
            <port dstActor="D0N23" name="p121" srcActor="D0N3"/>
            <port dstActor="D0N21" name="p122" srcActor="D0N3"/>
            <port dstActor="D0N43" name="p123" srcActor="D0N31"/>
            <port dstActor="D0N37" name="p124" srcActor="D0N31"/>
            <port dstActor="D0N48" name="p125" srcActor="D0N31"/>
            <port dstActor="D0N5" name="p126" srcActor="D0N1"/>
            <port dstActor="D0N30" name="p127" srcActor="D0N1"/>
            <port dstActor="D0N44" name="p128" srcActor="D0N22"/>
            <port dstActor="D0N35" name="p129" srcActor="D0N22"/>
            <port dstActor="D0N36" name="p130" srcActor="D0N10"/>
            <port dstActor="D0N17" name="p131" srcActor="D0N10"/>
        </ports>
    </mcdag>
    <cores number="3"/>
    <levels number="2"/>
</mcsystem>
