<?xml version="1.0" encoding="UTF-8" standalone="no"?>
<mcsystem>
    <mcdag deadline="1800" name="genned-0-ed-10.0-0">
        <actor name="D0N11">
            <wcet number="0">10</wcet>
            <wcet number="1">20</wcet>
            <maxpow number="0.4485497469100802"/>
            <maxpow number="0.4485497469100802"/>
            <fprob>0.0</fprob>
        </actor>
        <actor name="D0N43">
            <wcet number="0">10</wcet>
            <wcet number="1">40</wcet>
            <maxpow number="0.38025883675903716"/>
            <maxpow number="0.38025883675903716"/>
            <fprob>0.0</fprob>
        </actor>
        <actor name="D0N31">
            <wcet number="0">20</wcet>
            <wcet number="1">100</wcet>
            <maxpow number="0.39414224202880427"/>
            <maxpow number="0.39414224202880427"/>
            <fprob>0.0</fprob>
        </actor>
        <actor name="D0N19">
            <wcet number="0">10</wcet>
            <wcet number="1">10</wcet>
            <maxpow number="0.4468465541205735"/>
            <maxpow number="0.4468465541205735"/>
            <fprob>0.0</fprob>
        </actor>
        <actor name="D0N44">
            <wcet number="0">40</wcet>
            <wcet number="1">50</wcet>
            <maxpow number="0.29522090841638327"/>
            <maxpow number="0.29522090841638327"/>
            <fprob>0.0</fprob>
        </actor>
        <actor name="D0N3">
            <wcet number="0">80</wcet>
            <wcet number="1">110</wcet>
            <maxpow number="0.40625280708530676"/>
            <maxpow number="0.40625280708530676"/>
            <fprob>0.0</fprob>
        </actor>
        <actor name="D0N6">
            <wcet number="0">60</wcet>
            <wcet number="1">70</wcet>
            <maxpow number="0.5215094270210902"/>
            <maxpow number="0.5215094270210902"/>
            <fprob>0.0</fprob>
        </actor>
        <actor name="D0N10">
            <wcet number="0">10</wcet>
            <wcet number="1">290</wcet>
            <maxpow number="0.38594017165673494"/>
            <maxpow number="0.38594017165673494"/>
            <fprob>0.0</fprob>
        </actor>
        <actor name="D0N15">
            <wcet number="0">90</wcet>
            <wcet number="1">100</wcet>
            <maxpow number="0.7239345490155991"/>
            <maxpow number="0.7239345490155991"/>
            <fprob>0.0</fprob>
        </actor>
        <actor name="D0N39">
            <wcet number="0">20</wcet>
            <wcet number="1">100</wcet>
            <maxpow number="0.6173718933932106"/>
            <maxpow number="0.6173718933932106"/>
            <fprob>0.0</fprob>
        </actor>
        <actor name="D0N26">
            <wcet number="0">20</wcet>
            <wcet number="1">20</wcet>
            <maxpow number="0.6286151693397457"/>
            <maxpow number="0.6286151693397457"/>
            <fprob>0.0</fprob>
        </actor>
        <actor name="D0N16">
            <wcet number="0">90</wcet>
            <wcet number="1">110</wcet>
            <maxpow number="0.9058861297305615"/>
            <maxpow number="0.9058861297305615"/>
            <fprob>0.0</fprob>
        </actor>
        <actor name="D0N25">
            <wcet number="0">60</wcet>
            <wcet number="1">110</wcet>
            <maxpow number="0.5129507444341042"/>
            <maxpow number="0.5129507444341042"/>
            <fprob>0.0</fprob>
        </actor>
        <actor name="D0N17">
            <wcet number="0">10</wcet>
            <wcet number="1">10</wcet>
            <maxpow number="0.5591654671426389"/>
            <maxpow number="0.5591654671426389"/>
            <fprob>0.0</fprob>
        </actor>
        <actor name="D0N20">
            <wcet number="0">20</wcet>
            <wcet number="1">80</wcet>
            <maxpow number="0.8319212709166218"/>
            <maxpow number="0.8319212709166218"/>
            <fprob>0.0</fprob>
        </actor>
        <actor name="D0N21">
            <wcet number="0">30</wcet>
            <wcet number="1">120</wcet>
            <maxpow number="0.8255547158511621"/>
            <maxpow number="0.8255547158511621"/>
            <fprob>0.0</fprob>
        </actor>
        <actor name="D0N46">
            <wcet number="0">90</wcet>
            <wcet number="1">210</wcet>
            <maxpow number="0.52343877583452"/>
            <maxpow number="0.52343877583452"/>
            <fprob>0.0</fprob>
        </actor>
        <actor name="D0N34">
            <wcet number="0">30</wcet>
            <wcet number="1">30</wcet>
            <maxpow number="0.7904163057535081"/>
            <maxpow number="0.7904163057535081"/>
            <fprob>0.0</fprob>
        </actor>
        <actor name="D0N23">
            <wcet number="0">20</wcet>
            <wcet number="1">20</wcet>
            <maxpow number="0.804223628597486"/>
            <maxpow number="0.804223628597486"/>
            <fprob>0.0</fprob>
        </actor>
        <actor name="D0N7">
            <wcet number="0">30</wcet>
            <wcet number="1">30</wcet>
            <maxpow number="0.6926701001869437"/>
            <maxpow number="0.6926701001869437"/>
            <fprob>0.0</fprob>
        </actor>
        <actor name="D0N22">
            <wcet number="0">30</wcet>
            <wcet number="1">40</wcet>
            <maxpow number="0.43497941274329177"/>
            <maxpow number="0.43497941274329177"/>
            <fprob>0.0</fprob>
        </actor>
        <actor name="D0N41">
            <wcet number="0">70</wcet>
            <wcet number="1">80</wcet>
            <maxpow number="0.4013181373318643"/>
            <maxpow number="0.4013181373318643"/>
            <fprob>0.0</fprob>
        </actor>
        <actor name="D0N8">
            <wcet number="0">20</wcet>
            <wcet number="1">30</wcet>
            <maxpow number="0.816232872602543"/>
            <maxpow number="0.816232872602543"/>
            <fprob>0.0</fprob>
        </actor>
        <actor name="D0N27">
            <wcet number="0">40</wcet>
            <wcet number="1">80</wcet>
            <maxpow number="0.24314112165412444"/>
            <maxpow number="0.24314112165412444"/>
            <fprob>0.0</fprob>
        </actor>
        <actor name="D0N29">
            <wcet number="0">20</wcet>
            <wcet number="1">30</wcet>
            <maxpow number="0.4883560381552956"/>
            <maxpow number="0.4883560381552956"/>
            <fprob>0.0</fprob>
        </actor>
        <actor name="D0N18">
            <wcet number="0">70</wcet>
            <wcet number="1">110</wcet>
            <maxpow number="0.24074643990348898"/>
            <maxpow number="0.24074643990348898"/>
            <fprob>0.0</fprob>
        </actor>
        <actor name="D0N14">
            <wcet number="0">20</wcet>
            <wcet number="1">80</wcet>
            <maxpow number="0.4643863442110617"/>
            <maxpow number="0.4643863442110617"/>
            <fprob>0.0</fprob>
        </actor>
        <actor name="D0N48">
            <wcet number="0">50</wcet>
            <wcet number="1">90</wcet>
            <maxpow number="0.12233707356238016"/>
            <maxpow number="0.12233707356238016"/>
            <fprob>0.0</fprob>
        </actor>
        <actor name="D0N24">
            <wcet number="0">10</wcet>
            <wcet number="1">20</wcet>
            <maxpow number="0.4472319254936308"/>
            <maxpow number="0.4472319254936308"/>
            <fprob>0.0</fprob>
        </actor>
        <actor name="D0N30">
            <wcet number="0">50</wcet>
            <wcet number="1">330</wcet>
            <maxpow number="0.46995733506550674"/>
            <maxpow number="0.46995733506550674"/>
            <fprob>0.0</fprob>
        </actor>
        <actor name="D0N5">
            <wcet number="0">10</wcet>
            <wcet number="1">20</wcet>
            <maxpow number="0.6639210595483565"/>
            <maxpow number="0.6639210595483565"/>
            <fprob>0.0</fprob>
        </actor>
        <actor name="D0N0">
            <wcet number="0">10</wcet>
            <wcet number="1">10</wcet>
            <maxpow number="0.7660075720570947"/>
            <maxpow number="0.7660075720570947"/>
            <fprob>0.0</fprob>
        </actor>
        <actor name="D0N9">
            <wcet number="0">40</wcet>
            <wcet number="1">50</wcet>
            <maxpow number="0.39157448445890286"/>
            <maxpow number="0.39157448445890286"/>
            <fprob>0.0</fprob>
        </actor>
        <actor name="D0N42">
            <wcet number="0">30</wcet>
            <wcet number="1">160</wcet>
            <maxpow number="0.28039708490612075"/>
            <maxpow number="0.28039708490612075"/>
            <fprob>0.0</fprob>
        </actor>
        <actor name="D0N12">
            <wcet number="0">10</wcet>
            <wcet number="1">60</wcet>
            <maxpow number="0.39494052641415345"/>
            <maxpow number="0.39494052641415345"/>
            <fprob>0.0</fprob>
        </actor>
        <actor name="D0N13">
            <wcet number="0">10</wcet>
            <wcet number="1">20</wcet>
            <maxpow number="0.8489685894370979"/>
            <maxpow number="0.8489685894370979"/>
            <fprob>0.0</fprob>
        </actor>
        <actor name="D0N37">
            <wcet number="0">70</wcet>
            <wcet number="1">110</wcet>
            <maxpow number="0.5465856461530583"/>
            <maxpow number="0.5465856461530583"/>
            <fprob>0.0</fprob>
        </actor>
        <actor name="D0N33">
            <wcet number="0">20</wcet>
            <wcet number="1">30</wcet>
            <maxpow number="0.4500680187323865"/>
            <maxpow number="0.4500680187323865"/>
            <fprob>0.0</fprob>
        </actor>
        <actor name="D0N35">
            <wcet number="0">10</wcet>
            <wcet number="1">20</wcet>
            <maxpow number="0.653224445665564"/>
            <maxpow number="0.653224445665564"/>
            <fprob>0.0</fprob>
        </actor>
        <actor name="D0N28">
            <wcet number="0">30</wcet>
            <wcet number="1">80</wcet>
            <maxpow number="0.976497566071854"/>
            <maxpow number="0.976497566071854"/>
            <fprob>0.0</fprob>
        </actor>
        <actor name="D0N36">
            <wcet number="0">220</wcet>
            <wcet number="1">240</wcet>
            <maxpow number="0.6853480858123526"/>
            <maxpow number="0.6853480858123526"/>
            <fprob>0.0</fprob>
        </actor>
        <actor name="D0N38">
            <wcet number="0">10</wcet>
            <wcet number="1">10</wcet>
            <maxpow number="0.781057166046415"/>
            <maxpow number="0.781057166046415"/>
            <fprob>0.0</fprob>
        </actor>
        <actor name="D0N45">
            <wcet number="0">10</wcet>
            <wcet number="1">30</wcet>
            <maxpow number="0.4726605420858163"/>
            <maxpow number="0.4726605420858163"/>
            <fprob>0.0</fprob>
        </actor>
        <actor name="D0N32">
            <wcet number="0">120</wcet>
            <wcet number="1">150</wcet>
            <maxpow number="0.3438194182113484"/>
            <maxpow number="0.3438194182113484"/>
            <fprob>0.0</fprob>
        </actor>
        <actor name="D0N47">
            <wcet number="0">20</wcet>
            <wcet number="1">100</wcet>
            <maxpow number="0.43635752418415324"/>
            <maxpow number="0.43635752418415324"/>
            <fprob>0.0</fprob>
        </actor>
        <actor name="D0N1">
            <wcet number="0">70</wcet>
            <wcet number="1">70</wcet>
            <maxpow number="0.5661260872678355"/>
            <maxpow number="0.5661260872678355"/>
            <fprob>0.0</fprob>
        </actor>
        <actor name="D0N40">
            <wcet number="0">20</wcet>
            <wcet number="1">30</wcet>
            <maxpow number="0.7826486075224441"/>
            <maxpow number="0.7826486075224441"/>
            <fprob>0.0</fprob>
        </actor>
        <actor name="D0N4">
            <wcet number="0">20</wcet>
            <wcet number="1">60</wcet>
            <maxpow number="0.376960686638527"/>
            <maxpow number="0.376960686638527"/>
            <fprob>0.0</fprob>
        </actor>
        <actor name="D0N2">
            <wcet number="0">10</wcet>
            <wcet number="1">10</wcet>
            <maxpow number="0.5681289484653177"/>
            <maxpow number="0.5681289484653177"/>
            <fprob>0.0</fprob>
        </actor>
        <ports>
            <port dstActor="D0N18" name="p0" srcActor="D0N11"/>
            <port dstActor="D0N25" name="p1" srcActor="D0N11"/>
            <port dstActor="D0N19" name="p2" srcActor="D0N11"/>
            <port dstActor="D0N36" name="p3" srcActor="D0N31"/>
            <port dstActor="D0N30" name="p4" srcActor="D0N19"/>
            <port dstActor="D0N38" name="p5" srcActor="D0N3"/>
            <port dstActor="D0N6" name="p6" srcActor="D0N3"/>
            <port dstActor="D0N15" name="p7" srcActor="D0N3"/>
            <port dstActor="D0N41" name="p8" srcActor="D0N3"/>
            <port dstActor="D0N25" name="p9" srcActor="D0N3"/>
            <port dstActor="D0N47" name="p10" srcActor="D0N3"/>
            <port dstActor="D0N15" name="p11" srcActor="D0N6"/>
            <port dstActor="D0N33" name="p12" srcActor="D0N6"/>
            <port dstActor="D0N9" name="p13" srcActor="D0N6"/>
            <port dstActor="D0N18" name="p14" srcActor="D0N6"/>
            <port dstActor="D0N24" name="p15" srcActor="D0N10"/>
            <port dstActor="D0N22" name="p16" srcActor="D0N15"/>
            <port dstActor="D0N48" name="p17" srcActor="D0N39"/>
            <port dstActor="D0N36" name="p18" srcActor="D0N26"/>
            <port dstActor="D0N37" name="p19" srcActor="D0N26"/>
            <port dstActor="D0N44" name="p20" srcActor="D0N26"/>
            <port dstActor="D0N41" name="p21" srcActor="D0N26"/>
            <port dstActor="D0N41" name="p22" srcActor="D0N16"/>
            <port dstActor="D0N22" name="p23" srcActor="D0N16"/>
            <port dstActor="D0N35" name="p24" srcActor="D0N25"/>
            <port dstActor="D0N27" name="p25" srcActor="D0N17"/>
            <port dstActor="D0N45" name="p26" srcActor="D0N17"/>
            <port dstActor="D0N36" name="p27" srcActor="D0N17"/>
            <port dstActor="D0N30" name="p28" srcActor="D0N17"/>
            <port dstActor="D0N42" name="p29" srcActor="D0N20"/>
            <port dstActor="D0N24" name="p30" srcActor="D0N20"/>
            <port dstActor="D0N47" name="p31" srcActor="D0N21"/>
            <port dstActor="D0N35" name="p32" srcActor="D0N23"/>
            <port dstActor="D0N40" name="p33" srcActor="D0N23"/>
            <port dstActor="D0N48" name="p34" srcActor="D0N23"/>
            <port dstActor="D0N28" name="p35" srcActor="D0N7"/>
            <port dstActor="D0N42" name="p36" srcActor="D0N7"/>
            <port dstActor="D0N43" name="p37" srcActor="D0N7"/>
            <port dstActor="D0N40" name="p38" srcActor="D0N7"/>
            <port dstActor="D0N47" name="p39" srcActor="D0N7"/>
            <port dstActor="D0N24" name="p40" srcActor="D0N22"/>
            <port dstActor="D0N32" name="p41" srcActor="D0N22"/>
            <port dstActor="D0N25" name="p42" srcActor="D0N8"/>
            <port dstActor="D0N24" name="p43" srcActor="D0N8"/>
            <port dstActor="D0N20" name="p44" srcActor="D0N8"/>
            <port dstActor="D0N37" name="p45" srcActor="D0N8"/>
            <port dstActor="D0N30" name="p46" srcActor="D0N29"/>
            <port dstActor="D0N39" name="p47" srcActor="D0N29"/>
            <port dstActor="D0N47" name="p48" srcActor="D0N29"/>
            <port dstActor="D0N33" name="p49" srcActor="D0N18"/>
            <port dstActor="D0N48" name="p50" srcActor="D0N14"/>
            <port dstActor="D0N35" name="p51" srcActor="D0N14"/>
            <port dstActor="D0N46" name="p52" srcActor="D0N14"/>
            <port dstActor="D0N22" name="p53" srcActor="D0N14"/>
            <port dstActor="D0N21" name="p54" srcActor="D0N14"/>
            <port dstActor="D0N31" name="p55" srcActor="D0N24"/>
            <port dstActor="D0N48" name="p56" srcActor="D0N24"/>
            <port dstActor="D0N35" name="p57" srcActor="D0N30"/>
            <port dstActor="D0N37" name="p58" srcActor="D0N30"/>
            <port dstActor="D0N36" name="p59" srcActor="D0N5"/>
            <port dstActor="D0N18" name="p60" srcActor="D0N5"/>
            <port dstActor="D0N13" name="p61" srcActor="D0N5"/>
            <port dstActor="D0N35" name="p62" srcActor="D0N5"/>
            <port dstActor="D0N43" name="p63" srcActor="D0N5"/>
            <port dstActor="D0N42" name="p64" srcActor="D0N5"/>
            <port dstActor="D0N24" name="p65" srcActor="D0N5"/>
            <port dstActor="D0N31" name="p66" srcActor="D0N5"/>
            <port dstActor="D0N17" name="p67" srcActor="D0N5"/>
            <port dstActor="D0N6" name="p68" srcActor="D0N5"/>
            <port dstActor="D0N8" name="p69" srcActor="D0N0"/>
            <port dstActor="D0N26" name="p70" srcActor="D0N0"/>
            <port dstActor="D0N40" name="p71" srcActor="D0N0"/>
            <port dstActor="D0N6" name="p72" srcActor="D0N0"/>
            <port dstActor="D0N24" name="p73" srcActor="D0N9"/>
            <port dstActor="D0N39" name="p74" srcActor="D0N9"/>
            <port dstActor="D0N11" name="p75" srcActor="D0N9"/>
            <port dstActor="D0N12" name="p76" srcActor="D0N9"/>
            <port dstActor="D0N21" name="p77" srcActor="D0N9"/>
            <port dstActor="D0N36" name="p78" srcActor="D0N9"/>
            <port dstActor="D0N45" name="p79" srcActor="D0N42"/>
            <port dstActor="D0N43" name="p80" srcActor="D0N42"/>
            <port dstActor="D0N47" name="p81" srcActor="D0N42"/>
            <port dstActor="D0N37" name="p82" srcActor="D0N12"/>
            <port dstActor="D0N19" name="p83" srcActor="D0N12"/>
            <port dstActor="D0N48" name="p84" srcActor="D0N12"/>
            <port dstActor="D0N41" name="p85" srcActor="D0N13"/>
            <port dstActor="D0N22" name="p86" srcActor="D0N13"/>
            <port dstActor="D0N46" name="p87" srcActor="D0N37"/>
            <port dstActor="D0N43" name="p88" srcActor="D0N33"/>
            <port dstActor="D0N36" name="p89" srcActor="D0N35"/>
            <port dstActor="D0N40" name="p90" srcActor="D0N28"/>
            <port dstActor="D0N48" name="p91" srcActor="D0N28"/>
            <port dstActor="D0N40" name="p92" srcActor="D0N38"/>
            <port dstActor="D0N44" name="p93" srcActor="D0N38"/>
            <port dstActor="D0N41" name="p94" srcActor="D0N38"/>
            <port dstActor="D0N47" name="p95" srcActor="D0N32"/>
            <port dstActor="D0N42" name="p96" srcActor="D0N32"/>
            <port dstActor="D0N38" name="p97" srcActor="D0N32"/>
            <port dstActor="D0N2" name="p98" srcActor="D0N1"/>
            <port dstActor="D0N44" name="p99" srcActor="D0N1"/>
            <port dstActor="D0N35" name="p100" srcActor="D0N1"/>
            <port dstActor="D0N15" name="p101" srcActor="D0N1"/>
            <port dstActor="D0N44" name="p102" srcActor="D0N40"/>
            <port dstActor="D0N11" name="p103" srcActor="D0N4"/>
            <port dstActor="D0N38" name="p104" srcActor="D0N4"/>
            <port dstActor="D0N37" name="p105" srcActor="D0N4"/>
            <port dstActor="D0N29" name="p106" srcActor="D0N2"/>
            <port dstActor="D0N15" name="p107" srcActor="D0N2"/>
            <port dstActor="D0N39" name="p108" srcActor="D0N2"/>
            <port dstActor="D0N45" name="p109" srcActor="D0N2"/>
        </ports>
    </mcdag>
    <cores number="3"/>
    <levels number="2"/>
</mcsystem>
