<?xml version="1.0" encoding="UTF-8" standalone="no"?>
<mcsystem>
    <mcdag deadline="2200" name="genned-0-ed-10.0-0">
        <actor name="D0N31">
            <wcet number="0">220</wcet>
            <wcet number="1">220</wcet>
            <maxpow number="0.5734713072540919"/>
            <maxpow number="0.5734713072540919"/>
            <fprob>0.0</fprob>
        </actor>
        <actor name="D0N45">
            <wcet number="0">10</wcet>
            <wcet number="1">10</wcet>
            <maxpow number="0.4451336990843666"/>
            <maxpow number="0.4451336990843666"/>
            <fprob>0.0</fprob>
        </actor>
        <actor name="D0N5">
            <wcet number="0">60</wcet>
            <wcet number="1">160</wcet>
            <maxpow number="0.4804854581058375"/>
            <maxpow number="0.4804854581058375"/>
            <fprob>0.0</fprob>
        </actor>
        <actor name="D0N17">
            <wcet number="0">70</wcet>
            <wcet number="1">260</wcet>
            <maxpow number="0.40730526403048445"/>
            <maxpow number="0.40730526403048445"/>
            <fprob>0.0</fprob>
        </actor>
        <actor name="D0N26">
            <wcet number="0">200</wcet>
            <wcet number="1">640</wcet>
            <maxpow number="0.39637084330833877"/>
            <maxpow number="0.39637084330833877"/>
            <fprob>0.0</fprob>
        </actor>
        <actor name="D0N37">
            <wcet number="0">20</wcet>
            <wcet number="1">270</wcet>
            <maxpow number="0.3122678751328356"/>
            <maxpow number="0.3122678751328356"/>
            <fprob>0.0</fprob>
        </actor>
        <actor name="D0N16">
            <wcet number="0">70</wcet>
            <wcet number="1">150</wcet>
            <maxpow number="0.5566351390361446"/>
            <maxpow number="0.5566351390361446"/>
            <fprob>0.0</fprob>
        </actor>
        <actor name="D0N21">
            <wcet number="0">40</wcet>
            <wcet number="1">180</wcet>
            <maxpow number="0.9702200706255414"/>
            <maxpow number="0.9702200706255414"/>
            <fprob>0.0</fprob>
        </actor>
        <actor name="D0N4">
            <wcet number="0">10</wcet>
            <wcet number="1">10</wcet>
            <maxpow number="0.7453062691041756"/>
            <maxpow number="0.7453062691041756"/>
            <fprob>0.0</fprob>
        </actor>
        <actor name="D0N46">
            <wcet number="0">10</wcet>
            <wcet number="1">40</wcet>
            <maxpow number="0.3763804628751123"/>
            <maxpow number="0.3763804628751123"/>
            <fprob>0.0</fprob>
        </actor>
        <actor name="D0N33">
            <wcet number="0">20</wcet>
            <wcet number="1">30</wcet>
            <maxpow number="0.603071005991716"/>
            <maxpow number="0.603071005991716"/>
            <fprob>0.0</fprob>
        </actor>
        <actor name="D0N27">
            <wcet number="0">10</wcet>
            <wcet number="1">10</wcet>
            <maxpow number="0.4783999733120741"/>
            <maxpow number="0.4783999733120741"/>
            <fprob>0.0</fprob>
        </actor>
        <actor name="D0N36">
            <wcet number="0">50</wcet>
            <wcet number="1">80</wcet>
            <maxpow number="0.48951942365947543"/>
            <maxpow number="0.48951942365947543"/>
            <fprob>0.0</fprob>
        </actor>
        <actor name="D0N40">
            <wcet number="0">10</wcet>
            <wcet number="1">10</wcet>
            <maxpow number="0.6137578283183192"/>
            <maxpow number="0.6137578283183192"/>
            <fprob>0.0</fprob>
        </actor>
        <actor name="D0N29">
            <wcet number="0">40</wcet>
            <wcet number="1">130</wcet>
            <maxpow number="0.5627036350270528"/>
            <maxpow number="0.5627036350270528"/>
            <fprob>0.0</fprob>
        </actor>
        <actor name="D0N12">
            <wcet number="0">30</wcet>
            <wcet number="1">80</wcet>
            <maxpow number="0.5670340261425894"/>
            <maxpow number="0.5670340261425894"/>
            <fprob>0.0</fprob>
        </actor>
        <actor name="D0N6">
            <wcet number="0">20</wcet>
            <wcet number="1">120</wcet>
            <maxpow number="0.5036719431803952"/>
            <maxpow number="0.5036719431803952"/>
            <fprob>0.0</fprob>
        </actor>
        <actor name="D0N41">
            <wcet number="0">80</wcet>
            <wcet number="1">140</wcet>
            <maxpow number="0.47379698803654285"/>
            <maxpow number="0.47379698803654285"/>
            <fprob>0.0</fprob>
        </actor>
        <actor name="D0N42">
            <wcet number="0">10</wcet>
            <wcet number="1">10</wcet>
            <maxpow number="0.7794613708092092"/>
            <maxpow number="0.7794613708092092"/>
            <fprob>0.0</fprob>
        </actor>
        <actor name="D0N7">
            <wcet number="0">30</wcet>
            <wcet number="1">30</wcet>
            <maxpow number="0.5698752090635162"/>
            <maxpow number="0.5698752090635162"/>
            <fprob>0.0</fprob>
        </actor>
        <actor name="D0N18">
            <wcet number="0">10</wcet>
            <wcet number="1">10</wcet>
            <maxpow number="0.41309303427073196"/>
            <maxpow number="0.41309303427073196"/>
            <fprob>0.0</fprob>
        </actor>
        <actor name="D0N35">
            <wcet number="0">100</wcet>
            <wcet number="1">160</wcet>
            <maxpow number="0.5863350141966363"/>
            <maxpow number="0.5863350141966363"/>
            <fprob>0.0</fprob>
        </actor>
        <actor name="D0N23">
            <wcet number="0">80</wcet>
            <wcet number="1">100</wcet>
            <maxpow number="0.3800437142744707"/>
            <maxpow number="0.3800437142744707"/>
            <fprob>0.0</fprob>
        </actor>
        <actor name="D0N2">
            <wcet number="0">210</wcet>
            <wcet number="1">210</wcet>
            <maxpow number="0.817892387173935"/>
            <maxpow number="0.817892387173935"/>
            <fprob>0.0</fprob>
        </actor>
        <actor name="D0N0">
            <wcet number="0">140</wcet>
            <wcet number="1">150</wcet>
            <maxpow number="0.3616213688105894"/>
            <maxpow number="0.3616213688105894"/>
            <fprob>0.0</fprob>
        </actor>
        <actor name="D0N34">
            <wcet number="0">140</wcet>
            <wcet number="1">170</wcet>
            <maxpow number="0.5002438266850457"/>
            <maxpow number="0.5002438266850457"/>
            <fprob>0.0</fprob>
        </actor>
        <actor name="D0N15">
            <wcet number="0">30</wcet>
            <wcet number="1">50</wcet>
            <maxpow number="0.49307793915380693"/>
            <maxpow number="0.49307793915380693"/>
            <fprob>0.0</fprob>
        </actor>
        <actor name="D0N24">
            <wcet number="0">30</wcet>
            <wcet number="1">150</wcet>
            <maxpow number="0.4407716701887855"/>
            <maxpow number="0.4407716701887855"/>
            <fprob>0.0</fprob>
        </actor>
        <actor name="D0N14">
            <wcet number="0">20</wcet>
            <wcet number="1">90</wcet>
            <maxpow number="0.5489260947630957"/>
            <maxpow number="0.5489260947630957"/>
            <fprob>0.0</fprob>
        </actor>
        <actor name="D0N10">
            <wcet number="0">70</wcet>
            <wcet number="1">110</wcet>
            <maxpow number="0.6300635308842507"/>
            <maxpow number="0.6300635308842507"/>
            <fprob>0.0</fprob>
        </actor>
        <actor name="D0N39">
            <wcet number="0">20</wcet>
            <wcet number="1">40</wcet>
            <maxpow number="0.30576588707757446"/>
            <maxpow number="0.30576588707757446"/>
            <fprob>0.0</fprob>
        </actor>
        <actor name="D0N20">
            <wcet number="0">20</wcet>
            <wcet number="1">240</wcet>
            <maxpow number="0.7122490186892996"/>
            <maxpow number="0.7122490186892996"/>
            <fprob>0.0</fprob>
        </actor>
        <actor name="D0N9">
            <wcet number="0">20</wcet>
            <wcet number="1">20</wcet>
            <maxpow number="0.6013084200982145"/>
            <maxpow number="0.6013084200982145"/>
            <fprob>0.0</fprob>
        </actor>
        <actor name="D0N11">
            <wcet number="0">20</wcet>
            <wcet number="1">140</wcet>
            <maxpow number="0.5676635008581572"/>
            <maxpow number="0.5676635008581572"/>
            <fprob>0.0</fprob>
        </actor>
        <actor name="D0N30">
            <wcet number="0">10</wcet>
            <wcet number="1">190</wcet>
            <maxpow number="0.24630723875845933"/>
            <maxpow number="0.24630723875845933"/>
            <fprob>0.0</fprob>
        </actor>
        <actor name="D0N8">
            <wcet number="0">10</wcet>
            <wcet number="1">70</wcet>
            <maxpow number="0.6145538610076711"/>
            <maxpow number="0.6145538610076711"/>
            <fprob>0.0</fprob>
        </actor>
        <actor name="D0N3">
            <wcet number="0">60</wcet>
            <wcet number="1">80</wcet>
            <maxpow number="0.501997934906278"/>
            <maxpow number="0.501997934906278"/>
            <fprob>0.0</fprob>
        </actor>
        <actor name="D0N1">
            <wcet number="0">10</wcet>
            <wcet number="1">10</wcet>
            <maxpow number="0.3981300428578457"/>
            <maxpow number="0.3981300428578457"/>
            <fprob>0.0</fprob>
        </actor>
        <actor name="D0N44">
            <wcet number="0">30</wcet>
            <wcet number="1">60</wcet>
            <maxpow number="0.5807989576748234"/>
            <maxpow number="0.5807989576748234"/>
            <fprob>0.0</fprob>
        </actor>
        <actor name="D0N13">
            <wcet number="0">40</wcet>
            <wcet number="1">40</wcet>
            <maxpow number="0.34685598971388687"/>
            <maxpow number="0.34685598971388687"/>
            <fprob>0.0</fprob>
        </actor>
        <actor name="D0N28">
            <wcet number="0">10</wcet>
            <wcet number="1">60</wcet>
            <maxpow number="0.70915896087819"/>
            <maxpow number="0.70915896087819"/>
            <fprob>0.0</fprob>
        </actor>
        <actor name="D0N25">
            <wcet number="0">60</wcet>
            <wcet number="1">60</wcet>
            <maxpow number="0.499320196141363"/>
            <maxpow number="0.499320196141363"/>
            <fprob>0.0</fprob>
        </actor>
        <actor name="D0N43">
            <wcet number="0">80</wcet>
            <wcet number="1">130</wcet>
            <maxpow number="0.8313786145035695"/>
            <maxpow number="0.8313786145035695"/>
            <fprob>0.0</fprob>
        </actor>
        <actor name="D0N19">
            <wcet number="0">120</wcet>
            <wcet number="1">130</wcet>
            <maxpow number="0.4899005100316914"/>
            <maxpow number="0.4899005100316914"/>
            <fprob>0.0</fprob>
        </actor>
        <actor name="D0N22">
            <wcet number="0">190</wcet>
            <wcet number="1">220</wcet>
            <maxpow number="0.8071753082555484"/>
            <maxpow number="0.8071753082555484"/>
            <fprob>0.0</fprob>
        </actor>
        <actor name="D0N32">
            <wcet number="0">60</wcet>
            <wcet number="1">180</wcet>
            <maxpow number="0.4488821076099209"/>
            <maxpow number="0.4488821076099209"/>
            <fprob>0.0</fprob>
        </actor>
        <actor name="D0N38">
            <wcet number="0">50</wcet>
            <wcet number="1">50</wcet>
            <maxpow number="0.6866075317978411"/>
            <maxpow number="0.6866075317978411"/>
            <fprob>0.0</fprob>
        </actor>
        <ports>
            <port dstActor="D0N46" name="p0" srcActor="D0N45"/>
            <port dstActor="D0N42" name="p1" srcActor="D0N5"/>
            <port dstActor="D0N22" name="p2" srcActor="D0N5"/>
            <port dstActor="D0N19" name="p3" srcActor="D0N5"/>
            <port dstActor="D0N28" name="p4" srcActor="D0N5"/>
            <port dstActor="D0N44" name="p5" srcActor="D0N17"/>
            <port dstActor="D0N42" name="p6" srcActor="D0N17"/>
            <port dstActor="D0N22" name="p7" srcActor="D0N17"/>
            <port dstActor="D0N26" name="p8" srcActor="D0N16"/>
            <port dstActor="D0N30" name="p9" srcActor="D0N16"/>
            <port dstActor="D0N42" name="p10" srcActor="D0N16"/>
            <port dstActor="D0N43" name="p11" srcActor="D0N16"/>
            <port dstActor="D0N27" name="p12" srcActor="D0N21"/>
            <port dstActor="D0N39" name="p13" srcActor="D0N21"/>
            <port dstActor="D0N40" name="p14" srcActor="D0N21"/>
            <port dstActor="D0N43" name="p15" srcActor="D0N21"/>
            <port dstActor="D0N43" name="p16" srcActor="D0N4"/>
            <port dstActor="D0N38" name="p17" srcActor="D0N4"/>
            <port dstActor="D0N45" name="p18" srcActor="D0N33"/>
            <port dstActor="D0N40" name="p19" srcActor="D0N27"/>
            <port dstActor="D0N42" name="p20" srcActor="D0N36"/>
            <port dstActor="D0N42" name="p21" srcActor="D0N40"/>
            <port dstActor="D0N46" name="p22" srcActor="D0N40"/>
            <port dstActor="D0N44" name="p23" srcActor="D0N40"/>
            <port dstActor="D0N41" name="p24" srcActor="D0N29"/>
            <port dstActor="D0N32" name="p25" srcActor="D0N12"/>
            <port dstActor="D0N43" name="p26" srcActor="D0N12"/>
            <port dstActor="D0N33" name="p27" srcActor="D0N6"/>
            <port dstActor="D0N30" name="p28" srcActor="D0N6"/>
            <port dstActor="D0N14" name="p29" srcActor="D0N6"/>
            <port dstActor="D0N36" name="p30" srcActor="D0N6"/>
            <port dstActor="D0N44" name="p31" srcActor="D0N6"/>
            <port dstActor="D0N45" name="p32" srcActor="D0N42"/>
            <port dstActor="D0N10" name="p33" srcActor="D0N7"/>
            <port dstActor="D0N45" name="p34" srcActor="D0N7"/>
            <port dstActor="D0N24" name="p35" srcActor="D0N7"/>
            <port dstActor="D0N23" name="p36" srcActor="D0N7"/>
            <port dstActor="D0N42" name="p37" srcActor="D0N7"/>
            <port dstActor="D0N19" name="p38" srcActor="D0N18"/>
            <port dstActor="D0N29" name="p39" srcActor="D0N18"/>
            <port dstActor="D0N41" name="p40" srcActor="D0N18"/>
            <port dstActor="D0N20" name="p41" srcActor="D0N18"/>
            <port dstActor="D0N42" name="p42" srcActor="D0N18"/>
            <port dstActor="D0N36" name="p43" srcActor="D0N35"/>
            <port dstActor="D0N5" name="p44" srcActor="D0N2"/>
            <port dstActor="D0N4" name="p45" srcActor="D0N2"/>
            <port dstActor="D0N14" name="p46" srcActor="D0N0"/>
            <port dstActor="D0N7" name="p47" srcActor="D0N0"/>
            <port dstActor="D0N31" name="p48" srcActor="D0N0"/>
            <port dstActor="D0N46" name="p49" srcActor="D0N0"/>
            <port dstActor="D0N41" name="p50" srcActor="D0N0"/>
            <port dstActor="D0N16" name="p51" srcActor="D0N0"/>
            <port dstActor="D0N22" name="p52" srcActor="D0N0"/>
            <port dstActor="D0N41" name="p53" srcActor="D0N34"/>
            <port dstActor="D0N42" name="p54" srcActor="D0N15"/>
            <port dstActor="D0N39" name="p55" srcActor="D0N24"/>
            <port dstActor="D0N38" name="p56" srcActor="D0N24"/>
            <port dstActor="D0N15" name="p57" srcActor="D0N14"/>
            <port dstActor="D0N37" name="p58" srcActor="D0N14"/>
            <port dstActor="D0N25" name="p59" srcActor="D0N14"/>
            <port dstActor="D0N30" name="p60" srcActor="D0N14"/>
            <port dstActor="D0N35" name="p61" srcActor="D0N14"/>
            <port dstActor="D0N32" name="p62" srcActor="D0N10"/>
            <port dstActor="D0N43" name="p63" srcActor="D0N10"/>
            <port dstActor="D0N22" name="p64" srcActor="D0N10"/>
            <port dstActor="D0N14" name="p65" srcActor="D0N10"/>
            <port dstActor="D0N45" name="p66" srcActor="D0N10"/>
            <port dstActor="D0N28" name="p67" srcActor="D0N20"/>
            <port dstActor="D0N31" name="p68" srcActor="D0N9"/>
            <port dstActor="D0N17" name="p69" srcActor="D0N9"/>
            <port dstActor="D0N10" name="p70" srcActor="D0N9"/>
            <port dstActor="D0N41" name="p71" srcActor="D0N9"/>
            <port dstActor="D0N35" name="p72" srcActor="D0N9"/>
            <port dstActor="D0N44" name="p73" srcActor="D0N9"/>
            <port dstActor="D0N46" name="p74" srcActor="D0N11"/>
            <port dstActor="D0N28" name="p75" srcActor="D0N11"/>
            <port dstActor="D0N38" name="p76" srcActor="D0N11"/>
            <port dstActor="D0N35" name="p77" srcActor="D0N30"/>
            <port dstActor="D0N45" name="p78" srcActor="D0N30"/>
            <port dstActor="D0N36" name="p79" srcActor="D0N30"/>
            <port dstActor="D0N31" name="p80" srcActor="D0N30"/>
            <port dstActor="D0N38" name="p81" srcActor="D0N30"/>
            <port dstActor="D0N19" name="p82" srcActor="D0N8"/>
            <port dstActor="D0N39" name="p83" srcActor="D0N3"/>
            <port dstActor="D0N18" name="p84" srcActor="D0N3"/>
            <port dstActor="D0N33" name="p85" srcActor="D0N3"/>
            <port dstActor="D0N8" name="p86" srcActor="D0N1"/>
            <port dstActor="D0N7" name="p87" srcActor="D0N1"/>
            <port dstActor="D0N17" name="p88" srcActor="D0N1"/>
            <port dstActor="D0N23" name="p89" srcActor="D0N13"/>
            <port dstActor="D0N29" name="p90" srcActor="D0N13"/>
            <port dstActor="D0N45" name="p91" srcActor="D0N28"/>
            <port dstActor="D0N29" name="p92" srcActor="D0N28"/>
            <port dstActor="D0N34" name="p93" srcActor="D0N28"/>
            <port dstActor="D0N38" name="p94" srcActor="D0N25"/>
            <port dstActor="D0N45" name="p95" srcActor="D0N25"/>
            <port dstActor="D0N46" name="p96" srcActor="D0N25"/>
            <port dstActor="D0N44" name="p97" srcActor="D0N43"/>
            <port dstActor="D0N20" name="p98" srcActor="D0N19"/>
            <port dstActor="D0N45" name="p99" srcActor="D0N22"/>
            <port dstActor="D0N36" name="p100" srcActor="D0N22"/>
            <port dstActor="D0N40" name="p101" srcActor="D0N22"/>
            <port dstActor="D0N46" name="p102" srcActor="D0N22"/>
            <port dstActor="D0N42" name="p103" srcActor="D0N38"/>
            <port dstActor="D0N45" name="p104" srcActor="D0N38"/>
        </ports>
    </mcdag>
    <cores number="3"/>
    <levels number="2"/>
</mcsystem>
