<?xml version="1.0" encoding="UTF-8" standalone="no"?>
<mcsystem>
    <mcdag deadline="2200" name="genned-0-ed-10.0-0">
        <actor name="D0N5">
            <wcet number="0">60</wcet>
            <wcet number="1">250</wcet>
            <maxpow number="0.534184373546882"/>
            <maxpow number="0.534184373546882"/>
            <fprob>0.0</fprob>
        </actor>
        <actor name="D0N7">
            <wcet number="0">110</wcet>
            <wcet number="1">160</wcet>
            <maxpow number="0.366685068638273"/>
            <maxpow number="0.366685068638273"/>
            <fprob>0.0</fprob>
        </actor>
        <actor name="D0N39">
            <wcet number="0">50</wcet>
            <wcet number="1">60</wcet>
            <maxpow number="0.9146168851057636"/>
            <maxpow number="0.9146168851057636"/>
            <fprob>0.0</fprob>
        </actor>
        <actor name="D0N3">
            <wcet number="0">30</wcet>
            <wcet number="1">30</wcet>
            <maxpow number="0.7385327299651898"/>
            <maxpow number="0.7385327299651898"/>
            <fprob>0.0</fprob>
        </actor>
        <actor name="D0N45">
            <wcet number="0">40</wcet>
            <wcet number="1">40</wcet>
            <maxpow number="0.36592953110061793"/>
            <maxpow number="0.36592953110061793"/>
            <fprob>0.0</fprob>
        </actor>
        <actor name="D0N47">
            <wcet number="0">30</wcet>
            <wcet number="1">60</wcet>
            <maxpow number="0.6210922953231756"/>
            <maxpow number="0.6210922953231756"/>
            <fprob>0.0</fprob>
        </actor>
        <actor name="D0N25">
            <wcet number="0">90</wcet>
            <wcet number="1">100</wcet>
            <maxpow number="0.3465364747166202"/>
            <maxpow number="0.3465364747166202"/>
            <fprob>0.0</fprob>
        </actor>
        <actor name="D0N20">
            <wcet number="0">10</wcet>
            <wcet number="1">10</wcet>
            <maxpow number="0.19784665650208588"/>
            <maxpow number="0.19784665650208588"/>
            <fprob>0.0</fprob>
        </actor>
        <actor name="D0N36">
            <wcet number="0">10</wcet>
            <wcet number="1">30</wcet>
            <maxpow number="0.8920596009966119"/>
            <maxpow number="0.8920596009966119"/>
            <fprob>0.0</fprob>
        </actor>
        <actor name="D0N12">
            <wcet number="0">10</wcet>
            <wcet number="1">20</wcet>
            <maxpow number="0.6295896012027173"/>
            <maxpow number="0.6295896012027173"/>
            <fprob>0.0</fprob>
        </actor>
        <actor name="D0N34">
            <wcet number="0">120</wcet>
            <wcet number="1">180</wcet>
            <maxpow number="0.5972320229277587"/>
            <maxpow number="0.5972320229277587"/>
            <fprob>0.0</fprob>
        </actor>
        <actor name="D0N31">
            <wcet number="0">90</wcet>
            <wcet number="1">110</wcet>
            <maxpow number="0.4588672522261942"/>
            <maxpow number="0.4588672522261942"/>
            <fprob>0.0</fprob>
        </actor>
        <actor name="D0N30">
            <wcet number="0">20</wcet>
            <wcet number="1">20</wcet>
            <maxpow number="0.5395534661633102"/>
            <maxpow number="0.5395534661633102"/>
            <fprob>0.0</fprob>
        </actor>
        <actor name="D0N2">
            <wcet number="0">50</wcet>
            <wcet number="1">60</wcet>
            <maxpow number="0.873270287839707"/>
            <maxpow number="0.873270287839707"/>
            <fprob>0.0</fprob>
        </actor>
        <actor name="D0N29">
            <wcet number="0">40</wcet>
            <wcet number="1">100</wcet>
            <maxpow number="0.592196242918993"/>
            <maxpow number="0.592196242918993"/>
            <fprob>0.0</fprob>
        </actor>
        <actor name="D0N35">
            <wcet number="0">10</wcet>
            <wcet number="1">10</wcet>
            <maxpow number="0.436717487621183"/>
            <maxpow number="0.436717487621183"/>
            <fprob>0.0</fprob>
        </actor>
        <actor name="D0N15">
            <wcet number="0">60</wcet>
            <wcet number="1">70</wcet>
            <maxpow number="0.6301022349252586"/>
            <maxpow number="0.6301022349252586"/>
            <fprob>0.0</fprob>
        </actor>
        <actor name="D0N27">
            <wcet number="0">30</wcet>
            <wcet number="1">40</wcet>
            <maxpow number="0.644202685876924"/>
            <maxpow number="0.644202685876924"/>
            <fprob>0.0</fprob>
        </actor>
        <actor name="D0N37">
            <wcet number="0">10</wcet>
            <wcet number="1">100</wcet>
            <maxpow number="0.7406961049222773"/>
            <maxpow number="0.7406961049222773"/>
            <fprob>0.0</fprob>
        </actor>
        <actor name="D0N38">
            <wcet number="0">10</wcet>
            <wcet number="1">60</wcet>
            <maxpow number="0.6175014718032231"/>
            <maxpow number="0.6175014718032231"/>
            <fprob>0.0</fprob>
        </actor>
        <actor name="D0N8">
            <wcet number="0">50</wcet>
            <wcet number="1">70</wcet>
            <maxpow number="0.4461438964562576"/>
            <maxpow number="0.4461438964562576"/>
            <fprob>0.0</fprob>
        </actor>
        <actor name="D0N32">
            <wcet number="0">160</wcet>
            <wcet number="1">160</wcet>
            <maxpow number="0.4619808734810531"/>
            <maxpow number="0.4619808734810531"/>
            <fprob>0.0</fprob>
        </actor>
        <actor name="D0N1">
            <wcet number="0">50</wcet>
            <wcet number="1">100</wcet>
            <maxpow number="0.6984455083022022"/>
            <maxpow number="0.6984455083022022"/>
            <fprob>0.0</fprob>
        </actor>
        <actor name="D0N17">
            <wcet number="0">20</wcet>
            <wcet number="1">20</wcet>
            <maxpow number="0.2819505754896366"/>
            <maxpow number="0.2819505754896366"/>
            <fprob>0.0</fprob>
        </actor>
        <actor name="D0N10">
            <wcet number="0">10</wcet>
            <wcet number="1">50</wcet>
            <maxpow number="0.63719689790511"/>
            <maxpow number="0.63719689790511"/>
            <fprob>0.0</fprob>
        </actor>
        <actor name="D0N46">
            <wcet number="0">10</wcet>
            <wcet number="1">400</wcet>
            <maxpow number="0.8821687038380717"/>
            <maxpow number="0.8821687038380717"/>
            <fprob>0.0</fprob>
        </actor>
        <actor name="D0N18">
            <wcet number="0">20</wcet>
            <wcet number="1">30</wcet>
            <maxpow number="0.7015271136131552"/>
            <maxpow number="0.7015271136131552"/>
            <fprob>0.0</fprob>
        </actor>
        <actor name="D0N16">
            <wcet number="0">130</wcet>
            <wcet number="1">230</wcet>
            <maxpow number="0.2859254382911066"/>
            <maxpow number="0.2859254382911066"/>
            <fprob>0.0</fprob>
        </actor>
        <actor name="D0N41">
            <wcet number="0">10</wcet>
            <wcet number="1">50</wcet>
            <maxpow number="0.7469921276792196"/>
            <maxpow number="0.7469921276792196"/>
            <fprob>0.0</fprob>
        </actor>
        <actor name="D0N0">
            <wcet number="0">50</wcet>
            <wcet number="1">50</wcet>
            <maxpow number="0.421578505270472"/>
            <maxpow number="0.421578505270472"/>
            <fprob>0.0</fprob>
        </actor>
        <actor name="D0N21">
            <wcet number="0">70</wcet>
            <wcet number="1">100</wcet>
            <maxpow number="0.5898733419220415"/>
            <maxpow number="0.5898733419220415"/>
            <fprob>0.0</fprob>
        </actor>
        <actor name="D0N13">
            <wcet number="0">80</wcet>
            <wcet number="1">90</wcet>
            <maxpow number="0.8442361392444497"/>
            <maxpow number="0.8442361392444497"/>
            <fprob>0.0</fprob>
        </actor>
        <actor name="D0N33">
            <wcet number="0">90</wcet>
            <wcet number="1">190</wcet>
            <maxpow number="0.6000289481986086"/>
            <maxpow number="0.6000289481986086"/>
            <fprob>0.0</fprob>
        </actor>
        <actor name="D0N43">
            <wcet number="0">10</wcet>
            <wcet number="1">30</wcet>
            <maxpow number="0.5297192931839156"/>
            <maxpow number="0.5297192931839156"/>
            <fprob>0.0</fprob>
        </actor>
        <actor name="D0N4">
            <wcet number="0">100</wcet>
            <wcet number="1">100</wcet>
            <maxpow number="0.5055606009311404"/>
            <maxpow number="0.5055606009311404"/>
            <fprob>0.0</fprob>
        </actor>
        <actor name="D0N26">
            <wcet number="0">20</wcet>
            <wcet number="1">70</wcet>
            <maxpow number="0.4047557179524701"/>
            <maxpow number="0.4047557179524701"/>
            <fprob>0.0</fprob>
        </actor>
        <actor name="D0N11">
            <wcet number="0">30</wcet>
            <wcet number="1">100</wcet>
            <maxpow number="0.7325991746494596"/>
            <maxpow number="0.7325991746494596"/>
            <fprob>0.0</fprob>
        </actor>
        <actor name="D0N44">
            <wcet number="0">70</wcet>
            <wcet number="1">80</wcet>
            <maxpow number="0.2518359190915159"/>
            <maxpow number="0.2518359190915159"/>
            <fprob>0.0</fprob>
        </actor>
        <actor name="D0N28">
            <wcet number="0">10</wcet>
            <wcet number="1">20</wcet>
            <maxpow number="0.6948367274047381"/>
            <maxpow number="0.6948367274047381"/>
            <fprob>0.0</fprob>
        </actor>
        <actor name="D0N6">
            <wcet number="0">50</wcet>
            <wcet number="1">250</wcet>
            <maxpow number="0.4909052360520352"/>
            <maxpow number="0.4909052360520352"/>
            <fprob>0.0</fprob>
        </actor>
        <actor name="D0N22">
            <wcet number="0">70</wcet>
            <wcet number="1">100</wcet>
            <maxpow number="0.6894849627208403"/>
            <maxpow number="0.6894849627208403"/>
            <fprob>0.0</fprob>
        </actor>
        <actor name="D0N19">
            <wcet number="0">460</wcet>
            <wcet number="1">470</wcet>
            <maxpow number="0.8783977560690497"/>
            <maxpow number="0.8783977560690497"/>
            <fprob>0.0</fprob>
        </actor>
        <actor name="D0N14">
            <wcet number="0">60</wcet>
            <wcet number="1">60</wcet>
            <maxpow number="0.38008746437484897"/>
            <maxpow number="0.38008746437484897"/>
            <fprob>0.0</fprob>
        </actor>
        <actor name="D0N23">
            <wcet number="0">10</wcet>
            <wcet number="1">10</wcet>
            <maxpow number="0.6260771103427564"/>
            <maxpow number="0.6260771103427564"/>
            <fprob>0.0</fprob>
        </actor>
        <actor name="D0N24">
            <wcet number="0">20</wcet>
            <wcet number="1">40</wcet>
            <maxpow number="0.7223137471531589"/>
            <maxpow number="0.7223137471531589"/>
            <fprob>0.0</fprob>
        </actor>
        <actor name="D0N48">
            <wcet number="0">50</wcet>
            <wcet number="1">50</wcet>
            <maxpow number="0.6713610676564518"/>
            <maxpow number="0.6713610676564518"/>
            <fprob>0.0</fprob>
        </actor>
        <actor name="D0N42">
            <wcet number="0">70</wcet>
            <wcet number="1">90</wcet>
            <maxpow number="0.580299836194646"/>
            <maxpow number="0.580299836194646"/>
            <fprob>0.0</fprob>
        </actor>
        <actor name="D0N40">
            <wcet number="0">30</wcet>
            <wcet number="1">90</wcet>
            <maxpow number="0.6399099129940994"/>
            <maxpow number="0.6399099129940994"/>
            <fprob>0.0</fprob>
        </actor>
        <actor name="D0N9">
            <wcet number="0">10</wcet>
            <wcet number="1">10</wcet>
            <maxpow number="0.6792182593501803"/>
            <maxpow number="0.6792182593501803"/>
            <fprob>0.0</fprob>
        </actor>
        <ports>
            <port dstActor="D0N38" name="p0" srcActor="D0N5"/>
            <port dstActor="D0N13" name="p1" srcActor="D0N5"/>
            <port dstActor="D0N15" name="p2" srcActor="D0N7"/>
            <port dstActor="D0N22" name="p3" srcActor="D0N7"/>
            <port dstActor="D0N16" name="p4" srcActor="D0N7"/>
            <port dstActor="D0N41" name="p5" srcActor="D0N39"/>
            <port dstActor="D0N45" name="p6" srcActor="D0N3"/>
            <port dstActor="D0N43" name="p7" srcActor="D0N3"/>
            <port dstActor="D0N14" name="p8" srcActor="D0N3"/>
            <port dstActor="D0N32" name="p9" srcActor="D0N3"/>
            <port dstActor="D0N44" name="p10" srcActor="D0N3"/>
            <port dstActor="D0N8" name="p11" srcActor="D0N3"/>
            <port dstActor="D0N19" name="p12" srcActor="D0N3"/>
            <port dstActor="D0N27" name="p13" srcActor="D0N20"/>
            <port dstActor="D0N45" name="p14" srcActor="D0N20"/>
            <port dstActor="D0N31" name="p15" srcActor="D0N20"/>
            <port dstActor="D0N33" name="p16" srcActor="D0N20"/>
            <port dstActor="D0N30" name="p17" srcActor="D0N20"/>
            <port dstActor="D0N44" name="p18" srcActor="D0N20"/>
            <port dstActor="D0N44" name="p19" srcActor="D0N36"/>
            <port dstActor="D0N28" name="p20" srcActor="D0N12"/>
            <port dstActor="D0N24" name="p21" srcActor="D0N12"/>
            <port dstActor="D0N48" name="p22" srcActor="D0N31"/>
            <port dstActor="D0N35" name="p23" srcActor="D0N31"/>
            <port dstActor="D0N36" name="p24" srcActor="D0N30"/>
            <port dstActor="D0N35" name="p25" srcActor="D0N30"/>
            <port dstActor="D0N34" name="p26" srcActor="D0N30"/>
            <port dstActor="D0N40" name="p27" srcActor="D0N30"/>
            <port dstActor="D0N22" name="p28" srcActor="D0N2"/>
            <port dstActor="D0N36" name="p29" srcActor="D0N2"/>
            <port dstActor="D0N13" name="p30" srcActor="D0N2"/>
            <port dstActor="D0N15" name="p31" srcActor="D0N2"/>
            <port dstActor="D0N25" name="p32" srcActor="D0N2"/>
            <port dstActor="D0N48" name="p33" srcActor="D0N29"/>
            <port dstActor="D0N37" name="p34" srcActor="D0N29"/>
            <port dstActor="D0N38" name="p35" srcActor="D0N35"/>
            <port dstActor="D0N48" name="p36" srcActor="D0N35"/>
            <port dstActor="D0N45" name="p37" srcActor="D0N35"/>
            <port dstActor="D0N44" name="p38" srcActor="D0N15"/>
            <port dstActor="D0N35" name="p39" srcActor="D0N27"/>
            <port dstActor="D0N33" name="p40" srcActor="D0N27"/>
            <port dstActor="D0N39" name="p41" srcActor="D0N27"/>
            <port dstActor="D0N39" name="p42" srcActor="D0N37"/>
            <port dstActor="D0N12" name="p43" srcActor="D0N8"/>
            <port dstActor="D0N19" name="p44" srcActor="D0N8"/>
            <port dstActor="D0N27" name="p45" srcActor="D0N8"/>
            <port dstActor="D0N25" name="p46" srcActor="D0N8"/>
            <port dstActor="D0N26" name="p47" srcActor="D0N8"/>
            <port dstActor="D0N45" name="p48" srcActor="D0N32"/>
            <port dstActor="D0N44" name="p49" srcActor="D0N32"/>
            <port dstActor="D0N2" name="p50" srcActor="D0N1"/>
            <port dstActor="D0N41" name="p51" srcActor="D0N1"/>
            <port dstActor="D0N32" name="p52" srcActor="D0N1"/>
            <port dstActor="D0N31" name="p53" srcActor="D0N1"/>
            <port dstActor="D0N37" name="p54" srcActor="D0N1"/>
            <port dstActor="D0N28" name="p55" srcActor="D0N1"/>
            <port dstActor="D0N40" name="p56" srcActor="D0N1"/>
            <port dstActor="D0N48" name="p57" srcActor="D0N1"/>
            <port dstActor="D0N27" name="p58" srcActor="D0N17"/>
            <port dstActor="D0N42" name="p59" srcActor="D0N17"/>
            <port dstActor="D0N43" name="p60" srcActor="D0N10"/>
            <port dstActor="D0N41" name="p61" srcActor="D0N10"/>
            <port dstActor="D0N21" name="p62" srcActor="D0N10"/>
            <port dstActor="D0N36" name="p63" srcActor="D0N10"/>
            <port dstActor="D0N44" name="p64" srcActor="D0N10"/>
            <port dstActor="D0N16" name="p65" srcActor="D0N10"/>
            <port dstActor="D0N23" name="p66" srcActor="D0N10"/>
            <port dstActor="D0N48" name="p67" srcActor="D0N18"/>
            <port dstActor="D0N28" name="p68" srcActor="D0N16"/>
            <port dstActor="D0N22" name="p69" srcActor="D0N16"/>
            <port dstActor="D0N32" name="p70" srcActor="D0N16"/>
            <port dstActor="D0N42" name="p71" srcActor="D0N41"/>
            <port dstActor="D0N44" name="p72" srcActor="D0N41"/>
            <port dstActor="D0N43" name="p73" srcActor="D0N41"/>
            <port dstActor="D0N26" name="p74" srcActor="D0N0"/>
            <port dstActor="D0N1" name="p75" srcActor="D0N0"/>
            <port dstActor="D0N35" name="p76" srcActor="D0N0"/>
            <port dstActor="D0N34" name="p77" srcActor="D0N0"/>
            <port dstActor="D0N25" name="p78" srcActor="D0N0"/>
            <port dstActor="D0N28" name="p79" srcActor="D0N0"/>
            <port dstActor="D0N32" name="p80" srcActor="D0N0"/>
            <port dstActor="D0N30" name="p81" srcActor="D0N21"/>
            <port dstActor="D0N23" name="p82" srcActor="D0N13"/>
            <port dstActor="D0N29" name="p83" srcActor="D0N13"/>
            <port dstActor="D0N41" name="p84" srcActor="D0N33"/>
            <port dstActor="D0N38" name="p85" srcActor="D0N4"/>
            <port dstActor="D0N42" name="p86" srcActor="D0N4"/>
            <port dstActor="D0N41" name="p87" srcActor="D0N4"/>
            <port dstActor="D0N24" name="p88" srcActor="D0N4"/>
            <port dstActor="D0N45" name="p89" srcActor="D0N26"/>
            <port dstActor="D0N18" name="p90" srcActor="D0N11"/>
            <port dstActor="D0N43" name="p91" srcActor="D0N11"/>
            <port dstActor="D0N27" name="p92" srcActor="D0N11"/>
            <port dstActor="D0N33" name="p93" srcActor="D0N28"/>
            <port dstActor="D0N29" name="p94" srcActor="D0N28"/>
            <port dstActor="D0N47" name="p95" srcActor="D0N6"/>
            <port dstActor="D0N28" name="p96" srcActor="D0N6"/>
            <port dstActor="D0N21" name="p97" srcActor="D0N6"/>
            <port dstActor="D0N42" name="p98" srcActor="D0N6"/>
            <port dstActor="D0N24" name="p99" srcActor="D0N6"/>
            <port dstActor="D0N26" name="p100" srcActor="D0N6"/>
            <port dstActor="D0N37" name="p101" srcActor="D0N22"/>
            <port dstActor="D0N36" name="p102" srcActor="D0N22"/>
            <port dstActor="D0N23" name="p103" srcActor="D0N22"/>
            <port dstActor="D0N23" name="p104" srcActor="D0N19"/>
            <port dstActor="D0N33" name="p105" srcActor="D0N14"/>
            <port dstActor="D0N28" name="p106" srcActor="D0N23"/>
            <port dstActor="D0N47" name="p107" srcActor="D0N23"/>
            <port dstActor="D0N26" name="p108" srcActor="D0N23"/>
            <port dstActor="D0N37" name="p109" srcActor="D0N23"/>
            <port dstActor="D0N34" name="p110" srcActor="D0N23"/>
            <port dstActor="D0N27" name="p111" srcActor="D0N24"/>
            <port dstActor="D0N38" name="p112" srcActor="D0N24"/>
            <port dstActor="D0N46" name="p113" srcActor="D0N40"/>
            <port dstActor="D0N48" name="p114" srcActor="D0N40"/>
            <port dstActor="D0N35" name="p115" srcActor="D0N9"/>
        </ports>
    </mcdag>
    <cores number="3"/>
    <levels number="2"/>
</mcsystem>
