<?xml version="1.0" encoding="UTF-8" standalone="no"?>
<mcsystem>
    <mcdag deadline="1200" name="genned-0-ed-10.0-0">
        <actor name="D0N0">
            <wcet number="0">80</wcet>
            <wcet number="1">90</wcet>
            <maxpow number="0.4450179400214638"/>
            <maxpow number="0.4450179400214638"/>
            <fprob>0.0</fprob>
        </actor>
        <actor name="D0N4">
            <wcet number="0">10</wcet>
            <wcet number="1">10</wcet>
            <maxpow number="0.6543637953291116"/>
            <maxpow number="0.6543637953291116"/>
            <fprob>0.0</fprob>
        </actor>
        <actor name="D0N39">
            <wcet number="0">10</wcet>
            <wcet number="1">10</wcet>
            <maxpow number="0.40428419857228143"/>
            <maxpow number="0.40428419857228143"/>
            <fprob>0.0</fprob>
        </actor>
        <actor name="D0N40">
            <wcet number="0">10</wcet>
            <wcet number="1">110</wcet>
            <maxpow number="0.5629967649132513"/>
            <maxpow number="0.5629967649132513"/>
            <fprob>0.0</fprob>
        </actor>
        <actor name="D0N11">
            <wcet number="0">20</wcet>
            <wcet number="1">20</wcet>
            <maxpow number="0.5996129068548145"/>
            <maxpow number="0.5996129068548145"/>
            <fprob>0.0</fprob>
        </actor>
        <actor name="D0N26">
            <wcet number="0">30</wcet>
            <wcet number="1">30</wcet>
            <maxpow number="0.6762278392450563"/>
            <maxpow number="0.6762278392450563"/>
            <fprob>0.0</fprob>
        </actor>
        <actor name="D0N2">
            <wcet number="0">90</wcet>
            <wcet number="1">90</wcet>
            <maxpow number="0.7051459527715227"/>
            <maxpow number="0.7051459527715227"/>
            <fprob>0.0</fprob>
        </actor>
        <actor name="D0N18">
            <wcet number="0">10</wcet>
            <wcet number="1">30</wcet>
            <maxpow number="0.7004727409033692"/>
            <maxpow number="0.7004727409033692"/>
            <fprob>0.0</fprob>
        </actor>
        <actor name="D0N38">
            <wcet number="0">10</wcet>
            <wcet number="1">20</wcet>
            <maxpow number="0.765365127129527"/>
            <maxpow number="0.765365127129527"/>
            <fprob>0.0</fprob>
        </actor>
        <actor name="D0N42">
            <wcet number="0">20</wcet>
            <wcet number="1">40</wcet>
            <maxpow number="0.6683561537045866"/>
            <maxpow number="0.6683561537045866"/>
            <fprob>0.0</fprob>
        </actor>
        <actor name="D0N19">
            <wcet number="0">10</wcet>
            <wcet number="1">20</wcet>
            <maxpow number="0.5717811320832094"/>
            <maxpow number="0.5717811320832094"/>
            <fprob>0.0</fprob>
        </actor>
        <actor name="D0N8">
            <wcet number="0">40</wcet>
            <wcet number="1">60</wcet>
            <maxpow number="0.2680268534064994"/>
            <maxpow number="0.2680268534064994"/>
            <fprob>0.0</fprob>
        </actor>
        <actor name="D0N22">
            <wcet number="0">70</wcet>
            <wcet number="1">100</wcet>
            <maxpow number="0.7364595802171661"/>
            <maxpow number="0.7364595802171661"/>
            <fprob>0.0</fprob>
        </actor>
        <actor name="D0N33">
            <wcet number="0">20</wcet>
            <wcet number="1">30</wcet>
            <maxpow number="0.8739687210192562"/>
            <maxpow number="0.8739687210192562"/>
            <fprob>0.0</fprob>
        </actor>
        <actor name="D0N44">
            <wcet number="0">110</wcet>
            <wcet number="1">130</wcet>
            <maxpow number="0.5264730585904706"/>
            <maxpow number="0.5264730585904706"/>
            <fprob>0.0</fprob>
        </actor>
        <actor name="D0N47">
            <wcet number="0">10</wcet>
            <wcet number="1">20</wcet>
            <maxpow number="0.48179096761004325"/>
            <maxpow number="0.48179096761004325"/>
            <fprob>0.0</fprob>
        </actor>
        <actor name="D0N27">
            <wcet number="0">10</wcet>
            <wcet number="1">30</wcet>
            <maxpow number="0.4035902379745898"/>
            <maxpow number="0.4035902379745898"/>
            <fprob>0.0</fprob>
        </actor>
        <actor name="D0N5">
            <wcet number="0">30</wcet>
            <wcet number="1">60</wcet>
            <maxpow number="0.7618577248514377"/>
            <maxpow number="0.7618577248514377"/>
            <fprob>0.0</fprob>
        </actor>
        <actor name="D0N28">
            <wcet number="0">100</wcet>
            <wcet number="1">120</wcet>
            <maxpow number="0.6099231061348057"/>
            <maxpow number="0.6099231061348057"/>
            <fprob>0.0</fprob>
        </actor>
        <actor name="D0N29">
            <wcet number="0">30</wcet>
            <wcet number="1">40</wcet>
            <maxpow number="0.6677117083302433"/>
            <maxpow number="0.6677117083302433"/>
            <fprob>0.0</fprob>
        </actor>
        <actor name="D0N36">
            <wcet number="0">20</wcet>
            <wcet number="1">50</wcet>
            <maxpow number="0.48910918993106545"/>
            <maxpow number="0.48910918993106545"/>
            <fprob>0.0</fprob>
        </actor>
        <actor name="D0N10">
            <wcet number="0">40</wcet>
            <wcet number="1">50</wcet>
            <maxpow number="0.41708972755887186"/>
            <maxpow number="0.41708972755887186"/>
            <fprob>0.0</fprob>
        </actor>
        <actor name="D0N21">
            <wcet number="0">10</wcet>
            <wcet number="1">10</wcet>
            <maxpow number="0.39455086333635847"/>
            <maxpow number="0.39455086333635847"/>
            <fprob>0.0</fprob>
        </actor>
        <actor name="D0N48">
            <wcet number="0">10</wcet>
            <wcet number="1">10</wcet>
            <maxpow number="0.712754886205023"/>
            <maxpow number="0.712754886205023"/>
            <fprob>0.0</fprob>
        </actor>
        <actor name="D0N12">
            <wcet number="0">60</wcet>
            <wcet number="1">90</wcet>
            <maxpow number="0.4356014424319045"/>
            <maxpow number="0.4356014424319045"/>
            <fprob>0.0</fprob>
        </actor>
        <actor name="D0N46">
            <wcet number="0">20</wcet>
            <wcet number="1">20</wcet>
            <maxpow number="0.21132663910070498"/>
            <maxpow number="0.21132663910070498"/>
            <fprob>0.0</fprob>
        </actor>
        <actor name="D0N3">
            <wcet number="0">10</wcet>
            <wcet number="1">10</wcet>
            <maxpow number="0.4191866616805024"/>
            <maxpow number="0.4191866616805024"/>
            <fprob>0.0</fprob>
        </actor>
        <actor name="D0N17">
            <wcet number="0">120</wcet>
            <wcet number="1">180</wcet>
            <maxpow number="0.4890551860104008"/>
            <maxpow number="0.4890551860104008"/>
            <fprob>0.0</fprob>
        </actor>
        <actor name="D0N1">
            <wcet number="0">40</wcet>
            <wcet number="1">60</wcet>
            <maxpow number="0.501178944548666"/>
            <maxpow number="0.501178944548666"/>
            <fprob>0.0</fprob>
        </actor>
        <actor name="D0N32">
            <wcet number="0">10</wcet>
            <wcet number="1">10</wcet>
            <maxpow number="0.5844179250610639"/>
            <maxpow number="0.5844179250610639"/>
            <fprob>0.0</fprob>
        </actor>
        <actor name="D0N34">
            <wcet number="0">10</wcet>
            <wcet number="1">10</wcet>
            <maxpow number="0.4414023843698429"/>
            <maxpow number="0.4414023843698429"/>
            <fprob>0.0</fprob>
        </actor>
        <actor name="D0N15">
            <wcet number="0">50</wcet>
            <wcet number="1">100</wcet>
            <maxpow number="0.3763486940205068"/>
            <maxpow number="0.3763486940205068"/>
            <fprob>0.0</fprob>
        </actor>
        <actor name="D0N43">
            <wcet number="0">20</wcet>
            <wcet number="1">20</wcet>
            <maxpow number="0.5704151695963482"/>
            <maxpow number="0.5704151695963482"/>
            <fprob>0.0</fprob>
        </actor>
        <actor name="D0N45">
            <wcet number="0">10</wcet>
            <wcet number="1">10</wcet>
            <maxpow number="0.3943271682990536"/>
            <maxpow number="0.3943271682990536"/>
            <fprob>0.0</fprob>
        </actor>
        <actor name="D0N20">
            <wcet number="0">10</wcet>
            <wcet number="1">60</wcet>
            <maxpow number="0.4544454570402232"/>
            <maxpow number="0.4544454570402232"/>
            <fprob>0.0</fprob>
        </actor>
        <actor name="D0N9">
            <wcet number="0">20</wcet>
            <wcet number="1">40</wcet>
            <maxpow number="0.6585352045925037"/>
            <maxpow number="0.6585352045925037"/>
            <fprob>0.0</fprob>
        </actor>
        <actor name="D0N24">
            <wcet number="0">10</wcet>
            <wcet number="1">90</wcet>
            <maxpow number="0.7788159844579275"/>
            <maxpow number="0.7788159844579275"/>
            <fprob>0.0</fprob>
        </actor>
        <actor name="D0N7">
            <wcet number="0">10</wcet>
            <wcet number="1">10</wcet>
            <maxpow number="0.6057982991043364"/>
            <maxpow number="0.6057982991043364"/>
            <fprob>0.0</fprob>
        </actor>
        <actor name="D0N23">
            <wcet number="0">140</wcet>
            <wcet number="1">160</wcet>
            <maxpow number="0.4701499961559832"/>
            <maxpow number="0.4701499961559832"/>
            <fprob>0.0</fprob>
        </actor>
        <actor name="D0N35">
            <wcet number="0">60</wcet>
            <wcet number="1">70</wcet>
            <maxpow number="0.7530090337484736"/>
            <maxpow number="0.7530090337484736"/>
            <fprob>0.0</fprob>
        </actor>
        <actor name="D0N31">
            <wcet number="0">30</wcet>
            <wcet number="1">30</wcet>
            <maxpow number="0.3994078835712185"/>
            <maxpow number="0.3994078835712185"/>
            <fprob>0.0</fprob>
        </actor>
        <actor name="D0N13">
            <wcet number="0">40</wcet>
            <wcet number="1">70</wcet>
            <maxpow number="0.2245093999748488"/>
            <maxpow number="0.2245093999748488"/>
            <fprob>0.0</fprob>
        </actor>
        <actor name="D0N6">
            <wcet number="0">20</wcet>
            <wcet number="1">20</wcet>
            <maxpow number="0.668677681017993"/>
            <maxpow number="0.668677681017993"/>
            <fprob>0.0</fprob>
        </actor>
        <actor name="D0N14">
            <wcet number="0">10</wcet>
            <wcet number="1">10</wcet>
            <maxpow number="0.23880532630400136"/>
            <maxpow number="0.23880532630400136"/>
            <fprob>0.0</fprob>
        </actor>
        <actor name="D0N16">
            <wcet number="0">30</wcet>
            <wcet number="1">140</wcet>
            <maxpow number="0.7208306207777384"/>
            <maxpow number="0.7208306207777384"/>
            <fprob>0.0</fprob>
        </actor>
        <actor name="D0N30">
            <wcet number="0">30</wcet>
            <wcet number="1">70</wcet>
            <maxpow number="0.5099468405726105"/>
            <maxpow number="0.5099468405726105"/>
            <fprob>0.0</fprob>
        </actor>
        <actor name="D0N41">
            <wcet number="0">40</wcet>
            <wcet number="1">60</wcet>
            <maxpow number="0.5703030350692503"/>
            <maxpow number="0.5703030350692503"/>
            <fprob>0.0</fprob>
        </actor>
        <actor name="D0N25">
            <wcet number="0">70</wcet>
            <wcet number="1">100</wcet>
            <maxpow number="0.5916482544125787"/>
            <maxpow number="0.5916482544125787"/>
            <fprob>0.0</fprob>
        </actor>
        <actor name="D0N37">
            <wcet number="0">140</wcet>
            <wcet number="1">260</wcet>
            <maxpow number="0.40321650725233055"/>
            <maxpow number="0.40321650725233055"/>
            <fprob>0.0</fprob>
        </actor>
        <ports>
            <port dstActor="D0N23" name="p0" srcActor="D0N0"/>
            <port dstActor="D0N4" name="p1" srcActor="D0N0"/>
            <port dstActor="D0N47" name="p2" srcActor="D0N0"/>
            <port dstActor="D0N48" name="p3" srcActor="D0N4"/>
            <port dstActor="D0N19" name="p4" srcActor="D0N4"/>
            <port dstActor="D0N38" name="p5" srcActor="D0N4"/>
            <port dstActor="D0N6" name="p6" srcActor="D0N4"/>
            <port dstActor="D0N7" name="p7" srcActor="D0N4"/>
            <port dstActor="D0N32" name="p8" srcActor="D0N4"/>
            <port dstActor="D0N9" name="p9" srcActor="D0N4"/>
            <port dstActor="D0N44" name="p10" srcActor="D0N4"/>
            <port dstActor="D0N22" name="p11" srcActor="D0N11"/>
            <port dstActor="D0N47" name="p12" srcActor="D0N11"/>
            <port dstActor="D0N39" name="p13" srcActor="D0N11"/>
            <port dstActor="D0N29" name="p14" srcActor="D0N26"/>
            <port dstActor="D0N36" name="p15" srcActor="D0N2"/>
            <port dstActor="D0N43" name="p16" srcActor="D0N2"/>
            <port dstActor="D0N38" name="p17" srcActor="D0N2"/>
            <port dstActor="D0N42" name="p18" srcActor="D0N18"/>
            <port dstActor="D0N48" name="p19" srcActor="D0N18"/>
            <port dstActor="D0N36" name="p20" srcActor="D0N18"/>
            <port dstActor="D0N41" name="p21" srcActor="D0N18"/>
            <port dstActor="D0N20" name="p22" srcActor="D0N18"/>
            <port dstActor="D0N39" name="p23" srcActor="D0N38"/>
            <port dstActor="D0N28" name="p24" srcActor="D0N19"/>
            <port dstActor="D0N39" name="p25" srcActor="D0N19"/>
            <port dstActor="D0N48" name="p26" srcActor="D0N8"/>
            <port dstActor="D0N13" name="p27" srcActor="D0N8"/>
            <port dstActor="D0N17" name="p28" srcActor="D0N8"/>
            <port dstActor="D0N35" name="p29" srcActor="D0N22"/>
            <port dstActor="D0N42" name="p30" srcActor="D0N33"/>
            <port dstActor="D0N38" name="p31" srcActor="D0N33"/>
            <port dstActor="D0N48" name="p32" srcActor="D0N44"/>
            <port dstActor="D0N47" name="p33" srcActor="D0N44"/>
            <port dstActor="D0N30" name="p34" srcActor="D0N27"/>
            <port dstActor="D0N36" name="p35" srcActor="D0N27"/>
            <port dstActor="D0N47" name="p36" srcActor="D0N28"/>
            <port dstActor="D0N29" name="p37" srcActor="D0N28"/>
            <port dstActor="D0N39" name="p38" srcActor="D0N29"/>
            <port dstActor="D0N40" name="p39" srcActor="D0N29"/>
            <port dstActor="D0N47" name="p40" srcActor="D0N36"/>
            <port dstActor="D0N38" name="p41" srcActor="D0N36"/>
            <port dstActor="D0N46" name="p42" srcActor="D0N36"/>
            <port dstActor="D0N39" name="p43" srcActor="D0N21"/>
            <port dstActor="D0N31" name="p44" srcActor="D0N21"/>
            <port dstActor="D0N34" name="p45" srcActor="D0N12"/>
            <port dstActor="D0N20" name="p46" srcActor="D0N12"/>
            <port dstActor="D0N26" name="p47" srcActor="D0N3"/>
            <port dstActor="D0N45" name="p48" srcActor="D0N3"/>
            <port dstActor="D0N24" name="p49" srcActor="D0N3"/>
            <port dstActor="D0N33" name="p50" srcActor="D0N3"/>
            <port dstActor="D0N40" name="p51" srcActor="D0N3"/>
            <port dstActor="D0N20" name="p52" srcActor="D0N3"/>
            <port dstActor="D0N38" name="p53" srcActor="D0N17"/>
            <port dstActor="D0N19" name="p54" srcActor="D0N17"/>
            <port dstActor="D0N30" name="p55" srcActor="D0N17"/>
            <port dstActor="D0N30" name="p56" srcActor="D0N1"/>
            <port dstActor="D0N35" name="p57" srcActor="D0N32"/>
            <port dstActor="D0N43" name="p58" srcActor="D0N32"/>
            <port dstActor="D0N42" name="p59" srcActor="D0N34"/>
            <port dstActor="D0N44" name="p60" srcActor="D0N34"/>
            <port dstActor="D0N46" name="p61" srcActor="D0N15"/>
            <port dstActor="D0N30" name="p62" srcActor="D0N15"/>
            <port dstActor="D0N28" name="p63" srcActor="D0N15"/>
            <port dstActor="D0N37" name="p64" srcActor="D0N15"/>
            <port dstActor="D0N23" name="p65" srcActor="D0N20"/>
            <port dstActor="D0N15" name="p66" srcActor="D0N9"/>
            <port dstActor="D0N48" name="p67" srcActor="D0N9"/>
            <port dstActor="D0N12" name="p68" srcActor="D0N9"/>
            <port dstActor="D0N40" name="p69" srcActor="D0N24"/>
            <port dstActor="D0N31" name="p70" srcActor="D0N24"/>
            <port dstActor="D0N38" name="p71" srcActor="D0N24"/>
            <port dstActor="D0N35" name="p72" srcActor="D0N24"/>
            <port dstActor="D0N9" name="p73" srcActor="D0N7"/>
            <port dstActor="D0N15" name="p74" srcActor="D0N7"/>
            <port dstActor="D0N44" name="p75" srcActor="D0N7"/>
            <port dstActor="D0N21" name="p76" srcActor="D0N7"/>
            <port dstActor="D0N11" name="p77" srcActor="D0N7"/>
            <port dstActor="D0N34" name="p78" srcActor="D0N23"/>
            <port dstActor="D0N36" name="p79" srcActor="D0N23"/>
            <port dstActor="D0N43" name="p80" srcActor="D0N35"/>
            <port dstActor="D0N44" name="p81" srcActor="D0N35"/>
            <port dstActor="D0N33" name="p82" srcActor="D0N13"/>
            <port dstActor="D0N17" name="p83" srcActor="D0N13"/>
            <port dstActor="D0N21" name="p84" srcActor="D0N13"/>
            <port dstActor="D0N42" name="p85" srcActor="D0N13"/>
            <port dstActor="D0N26" name="p86" srcActor="D0N6"/>
            <port dstActor="D0N11" name="p87" srcActor="D0N6"/>
            <port dstActor="D0N46" name="p88" srcActor="D0N6"/>
            <port dstActor="D0N20" name="p89" srcActor="D0N6"/>
            <port dstActor="D0N21" name="p90" srcActor="D0N14"/>
            <port dstActor="D0N24" name="p91" srcActor="D0N14"/>
            <port dstActor="D0N18" name="p92" srcActor="D0N14"/>
            <port dstActor="D0N34" name="p93" srcActor="D0N14"/>
            <port dstActor="D0N31" name="p94" srcActor="D0N16"/>
            <port dstActor="D0N24" name="p95" srcActor="D0N16"/>
            <port dstActor="D0N30" name="p96" srcActor="D0N16"/>
            <port dstActor="D0N35" name="p97" srcActor="D0N16"/>
            <port dstActor="D0N39" name="p98" srcActor="D0N30"/>
            <port dstActor="D0N42" name="p99" srcActor="D0N30"/>
            <port dstActor="D0N35" name="p100" srcActor="D0N25"/>
            <port dstActor="D0N48" name="p101" srcActor="D0N37"/>
        </ports>
    </mcdag>
    <cores number="3"/>
    <levels number="2"/>
</mcsystem>
