<?xml version="1.0" encoding="UTF-8" standalone="no"?>
<mcsystem>
    <mcdag deadline="2500" name="genned-0-ed-10.0-0">
        <actor name="D0N15">
            <wcet number="0">90</wcet>
            <wcet number="1">120</wcet>
            <maxpow number="0.5501431639407847"/>
            <maxpow number="0.5501431639407847"/>
            <fprob>0.0</fprob>
        </actor>
        <actor name="D0N32">
            <wcet number="0">70</wcet>
            <wcet number="1">120</wcet>
            <maxpow number="0.6835707412161092"/>
            <maxpow number="0.6835707412161092"/>
            <fprob>0.0</fprob>
        </actor>
        <actor name="D0N1">
            <wcet number="0">290</wcet>
            <wcet number="1">350</wcet>
            <maxpow number="0.5323170663342494"/>
            <maxpow number="0.5323170663342494"/>
            <fprob>0.0</fprob>
        </actor>
        <actor name="D0N33">
            <wcet number="0">20</wcet>
            <wcet number="1">160</wcet>
            <maxpow number="0.5166743390162759"/>
            <maxpow number="0.5166743390162759"/>
            <fprob>0.0</fprob>
        </actor>
        <actor name="D0N44">
            <wcet number="0">140</wcet>
            <wcet number="1">200</wcet>
            <maxpow number="0.9066777387913956"/>
            <maxpow number="0.9066777387913956"/>
            <fprob>0.0</fprob>
        </actor>
        <actor name="D0N3">
            <wcet number="0">70</wcet>
            <wcet number="1">90</wcet>
            <maxpow number="0.48835562191251447"/>
            <maxpow number="0.48835562191251447"/>
            <fprob>0.0</fprob>
        </actor>
        <actor name="D0N48">
            <wcet number="0">80</wcet>
            <wcet number="1">90</wcet>
            <maxpow number="0.4248720011984757"/>
            <maxpow number="0.4248720011984757"/>
            <fprob>0.0</fprob>
        </actor>
        <actor name="D0N46">
            <wcet number="0">50</wcet>
            <wcet number="1">90</wcet>
            <maxpow number="0.43045032796614163"/>
            <maxpow number="0.43045032796614163"/>
            <fprob>0.0</fprob>
        </actor>
        <actor name="D0N45">
            <wcet number="0">140</wcet>
            <wcet number="1">190</wcet>
            <maxpow number="0.3239124514935379"/>
            <maxpow number="0.3239124514935379"/>
            <fprob>0.0</fprob>
        </actor>
        <actor name="D0N26">
            <wcet number="0">10</wcet>
            <wcet number="1">40</wcet>
            <maxpow number="0.5905282431417265"/>
            <maxpow number="0.5905282431417265"/>
            <fprob>0.0</fprob>
        </actor>
        <actor name="D0N47">
            <wcet number="0">20</wcet>
            <wcet number="1">20</wcet>
            <maxpow number="0.49760867795817654"/>
            <maxpow number="0.49760867795817654"/>
            <fprob>0.0</fprob>
        </actor>
        <actor name="D0N23">
            <wcet number="0">250</wcet>
            <wcet number="1">440</wcet>
            <maxpow number="0.7524427358983634"/>
            <maxpow number="0.7524427358983634"/>
            <fprob>0.0</fprob>
        </actor>
        <actor name="D0N42">
            <wcet number="0">20</wcet>
            <wcet number="1">30</wcet>
            <maxpow number="0.5399209960201936"/>
            <maxpow number="0.5399209960201936"/>
            <fprob>0.0</fprob>
        </actor>
        <actor name="D0N11">
            <wcet number="0">10</wcet>
            <wcet number="1">100</wcet>
            <maxpow number="0.4237901945866924"/>
            <maxpow number="0.4237901945866924"/>
            <fprob>0.0</fprob>
        </actor>
        <actor name="D0N8">
            <wcet number="0">70</wcet>
            <wcet number="1">100</wcet>
            <maxpow number="0.3434508637175375"/>
            <maxpow number="0.3434508637175375"/>
            <fprob>0.0</fprob>
        </actor>
        <actor name="D0N12">
            <wcet number="0">240</wcet>
            <wcet number="1">240</wcet>
            <maxpow number="0.446019668920848"/>
            <maxpow number="0.446019668920848"/>
            <fprob>0.0</fprob>
        </actor>
        <actor name="D0N38">
            <wcet number="0">10</wcet>
            <wcet number="1">20</wcet>
            <maxpow number="0.564885877517622"/>
            <maxpow number="0.564885877517622"/>
            <fprob>0.0</fprob>
        </actor>
        <actor name="D0N13">
            <wcet number="0">40</wcet>
            <wcet number="1">40</wcet>
            <maxpow number="0.9337364565585371"/>
            <maxpow number="0.9337364565585371"/>
            <fprob>0.0</fprob>
        </actor>
        <actor name="D0N41">
            <wcet number="0">120</wcet>
            <wcet number="1">150</wcet>
            <maxpow number="0.4473841307792524"/>
            <maxpow number="0.4473841307792524"/>
            <fprob>0.0</fprob>
        </actor>
        <actor name="D0N40">
            <wcet number="0">10</wcet>
            <wcet number="1">20</wcet>
            <maxpow number="0.7197427104785741"/>
            <maxpow number="0.7197427104785741"/>
            <fprob>0.0</fprob>
        </actor>
        <actor name="D0N9">
            <wcet number="0">10</wcet>
            <wcet number="1">40</wcet>
            <maxpow number="0.5472703124576204"/>
            <maxpow number="0.5472703124576204"/>
            <fprob>0.0</fprob>
        </actor>
        <actor name="D0N17">
            <wcet number="0">20</wcet>
            <wcet number="1">50</wcet>
            <maxpow number="0.30351223981965275"/>
            <maxpow number="0.30351223981965275"/>
            <fprob>0.0</fprob>
        </actor>
        <actor name="D0N39">
            <wcet number="0">20</wcet>
            <wcet number="1">40</wcet>
            <maxpow number="0.7157693080284397"/>
            <maxpow number="0.7157693080284397"/>
            <fprob>0.0</fprob>
        </actor>
        <actor name="D0N19">
            <wcet number="0">90</wcet>
            <wcet number="1">90</wcet>
            <maxpow number="0.5239620902983122"/>
            <maxpow number="0.5239620902983122"/>
            <fprob>0.0</fprob>
        </actor>
        <actor name="D0N29">
            <wcet number="0">10</wcet>
            <wcet number="1">10</wcet>
            <maxpow number="0.6270205112944144"/>
            <maxpow number="0.6270205112944144"/>
            <fprob>0.0</fprob>
        </actor>
        <actor name="D0N43">
            <wcet number="0">10</wcet>
            <wcet number="1">10</wcet>
            <maxpow number="0.5265010275302049"/>
            <maxpow number="0.5265010275302049"/>
            <fprob>0.0</fprob>
        </actor>
        <actor name="D0N16">
            <wcet number="0">10</wcet>
            <wcet number="1">70</wcet>
            <maxpow number="0.7597012294687796"/>
            <maxpow number="0.7597012294687796"/>
            <fprob>0.0</fprob>
        </actor>
        <actor name="D0N34">
            <wcet number="0">430</wcet>
            <wcet number="1">540</wcet>
            <maxpow number="0.5593028775647937"/>
            <maxpow number="0.5593028775647937"/>
            <fprob>0.0</fprob>
        </actor>
        <actor name="D0N30">
            <wcet number="0">10</wcet>
            <wcet number="1">10</wcet>
            <maxpow number="0.6246422845128088"/>
            <maxpow number="0.6246422845128088"/>
            <fprob>0.0</fprob>
        </actor>
        <actor name="D0N7">
            <wcet number="0">10</wcet>
            <wcet number="1">10</wcet>
            <maxpow number="0.5454861934574274"/>
            <maxpow number="0.5454861934574274"/>
            <fprob>0.0</fprob>
        </actor>
        <actor name="D0N22">
            <wcet number="0">90</wcet>
            <wcet number="1">180</wcet>
            <maxpow number="0.11334496753220824"/>
            <maxpow number="0.11334496753220824"/>
            <fprob>0.0</fprob>
        </actor>
        <actor name="D0N10">
            <wcet number="0">10</wcet>
            <wcet number="1">40</wcet>
            <maxpow number="0.061503875800975716"/>
            <maxpow number="0.061503875800975716"/>
            <fprob>0.0</fprob>
        </actor>
        <actor name="D0N14">
            <wcet number="0">140</wcet>
            <wcet number="1">150</wcet>
            <maxpow number="0.616306738845608"/>
            <maxpow number="0.616306738845608"/>
            <fprob>0.0</fprob>
        </actor>
        <actor name="D0N4">
            <wcet number="0">130</wcet>
            <wcet number="1">150</wcet>
            <maxpow number="0.8232587744841737"/>
            <maxpow number="0.8232587744841737"/>
            <fprob>0.0</fprob>
        </actor>
        <actor name="D0N35">
            <wcet number="0">100</wcet>
            <wcet number="1">140</wcet>
            <maxpow number="0.34652848890942856"/>
            <maxpow number="0.34652848890942856"/>
            <fprob>0.0</fprob>
        </actor>
        <actor name="D0N5">
            <wcet number="0">480</wcet>
            <wcet number="1">560</wcet>
            <maxpow number="0.6117243477466248"/>
            <maxpow number="0.6117243477466248"/>
            <fprob>0.0</fprob>
        </actor>
        <actor name="D0N0">
            <wcet number="0">20</wcet>
            <wcet number="1">130</wcet>
            <maxpow number="0.48060142566239367"/>
            <maxpow number="0.48060142566239367"/>
            <fprob>0.0</fprob>
        </actor>
        <actor name="D0N6">
            <wcet number="0">90</wcet>
            <wcet number="1">90</wcet>
            <maxpow number="0.38590232242078293"/>
            <maxpow number="0.38590232242078293"/>
            <fprob>0.0</fprob>
        </actor>
        <actor name="D0N24">
            <wcet number="0">20</wcet>
            <wcet number="1">120</wcet>
            <maxpow number="0.2874865431407488"/>
            <maxpow number="0.2874865431407488"/>
            <fprob>0.0</fprob>
        </actor>
        <actor name="D0N2">
            <wcet number="0">110</wcet>
            <wcet number="1">210</wcet>
            <maxpow number="0.7366540559868585"/>
            <maxpow number="0.7366540559868585"/>
            <fprob>0.0</fprob>
        </actor>
        <actor name="D0N28">
            <wcet number="0">10</wcet>
            <wcet number="1">40</wcet>
            <maxpow number="0.5967320589720359"/>
            <maxpow number="0.5967320589720359"/>
            <fprob>0.0</fprob>
        </actor>
        <actor name="D0N21">
            <wcet number="0">70</wcet>
            <wcet number="1">110</wcet>
            <maxpow number="0.47909171045150845"/>
            <maxpow number="0.47909171045150845"/>
            <fprob>0.0</fprob>
        </actor>
        <actor name="D0N31">
            <wcet number="0">20</wcet>
            <wcet number="1">20</wcet>
            <maxpow number="0.5865132593824354"/>
            <maxpow number="0.5865132593824354"/>
            <fprob>0.0</fprob>
        </actor>
        <actor name="D0N49">
            <wcet number="0">10</wcet>
            <wcet number="1">10</wcet>
            <maxpow number="0.5251496569214655"/>
            <maxpow number="0.5251496569214655"/>
            <fprob>0.0</fprob>
        </actor>
        <actor name="D0N25">
            <wcet number="0">50</wcet>
            <wcet number="1">230</wcet>
            <maxpow number="0.5375102984816106"/>
            <maxpow number="0.5375102984816106"/>
            <fprob>0.0</fprob>
        </actor>
        <actor name="D0N36">
            <wcet number="0">50</wcet>
            <wcet number="1">50</wcet>
            <maxpow number="0.48149657716194505"/>
            <maxpow number="0.48149657716194505"/>
            <fprob>0.0</fprob>
        </actor>
        <actor name="D0N18">
            <wcet number="0">10</wcet>
            <wcet number="1">40</wcet>
            <maxpow number="0.60268286269199"/>
            <maxpow number="0.60268286269199"/>
            <fprob>0.0</fprob>
        </actor>
        <actor name="D0N20">
            <wcet number="0">70</wcet>
            <wcet number="1">100</wcet>
            <maxpow number="0.8364627765862265"/>
            <maxpow number="0.8364627765862265"/>
            <fprob>0.0</fprob>
        </actor>
        <actor name="D0N27">
            <wcet number="0">10</wcet>
            <wcet number="1">70</wcet>
            <maxpow number="0.4709162479631823"/>
            <maxpow number="0.4709162479631823"/>
            <fprob>0.0</fprob>
        </actor>
        <actor name="D0N37">
            <wcet number="0">80</wcet>
            <wcet number="1">330</wcet>
            <maxpow number="0.5757716977899263"/>
            <maxpow number="0.5757716977899263"/>
            <fprob>0.0</fprob>
        </actor>
        <ports>
            <port dstActor="D0N31" name="p0" srcActor="D0N15"/>
            <port dstActor="D0N30" name="p1" srcActor="D0N15"/>
            <port dstActor="D0N34" name="p2" srcActor="D0N15"/>
            <port dstActor="D0N39" name="p3" srcActor="D0N15"/>
            <port dstActor="D0N47" name="p4" srcActor="D0N15"/>
            <port dstActor="D0N26" name="p5" srcActor="D0N15"/>
            <port dstActor="D0N40" name="p6" srcActor="D0N32"/>
            <port dstActor="D0N5" name="p7" srcActor="D0N1"/>
            <port dstActor="D0N37" name="p8" srcActor="D0N1"/>
            <port dstActor="D0N31" name="p9" srcActor="D0N1"/>
            <port dstActor="D0N47" name="p10" srcActor="D0N1"/>
            <port dstActor="D0N23" name="p11" srcActor="D0N1"/>
            <port dstActor="D0N49" name="p12" srcActor="D0N1"/>
            <port dstActor="D0N16" name="p13" srcActor="D0N1"/>
            <port dstActor="D0N42" name="p14" srcActor="D0N33"/>
            <port dstActor="D0N35" name="p15" srcActor="D0N33"/>
            <port dstActor="D0N37" name="p16" srcActor="D0N33"/>
            <port dstActor="D0N7" name="p17" srcActor="D0N3"/>
            <port dstActor="D0N42" name="p18" srcActor="D0N3"/>
            <port dstActor="D0N37" name="p19" srcActor="D0N3"/>
            <port dstActor="D0N41" name="p20" srcActor="D0N3"/>
            <port dstActor="D0N8" name="p21" srcActor="D0N3"/>
            <port dstActor="D0N12" name="p22" srcActor="D0N3"/>
            <port dstActor="D0N39" name="p23" srcActor="D0N3"/>
            <port dstActor="D0N5" name="p24" srcActor="D0N3"/>
            <port dstActor="D0N32" name="p25" srcActor="D0N26"/>
            <port dstActor="D0N45" name="p26" srcActor="D0N26"/>
            <port dstActor="D0N46" name="p27" srcActor="D0N26"/>
            <port dstActor="D0N42" name="p28" srcActor="D0N26"/>
            <port dstActor="D0N37" name="p29" srcActor="D0N26"/>
            <port dstActor="D0N36" name="p30" srcActor="D0N23"/>
            <port dstActor="D0N25" name="p31" srcActor="D0N23"/>
            <port dstActor="D0N23" name="p32" srcActor="D0N11"/>
            <port dstActor="D0N31" name="p33" srcActor="D0N11"/>
            <port dstActor="D0N36" name="p34" srcActor="D0N11"/>
            <port dstActor="D0N37" name="p35" srcActor="D0N11"/>
            <port dstActor="D0N23" name="p36" srcActor="D0N8"/>
            <port dstActor="D0N30" name="p37" srcActor="D0N8"/>
            <port dstActor="D0N13" name="p38" srcActor="D0N8"/>
            <port dstActor="D0N10" name="p39" srcActor="D0N8"/>
            <port dstActor="D0N33" name="p40" srcActor="D0N12"/>
            <port dstActor="D0N43" name="p41" srcActor="D0N12"/>
            <port dstActor="D0N15" name="p42" srcActor="D0N12"/>
            <port dstActor="D0N23" name="p43" srcActor="D0N12"/>
            <port dstActor="D0N38" name="p44" srcActor="D0N12"/>
            <port dstActor="D0N46" name="p45" srcActor="D0N12"/>
            <port dstActor="D0N22" name="p46" srcActor="D0N12"/>
            <port dstActor="D0N41" name="p47" srcActor="D0N38"/>
            <port dstActor="D0N45" name="p48" srcActor="D0N38"/>
            <port dstActor="D0N18" name="p49" srcActor="D0N13"/>
            <port dstActor="D0N33" name="p50" srcActor="D0N13"/>
            <port dstActor="D0N49" name="p51" srcActor="D0N41"/>
            <port dstActor="D0N49" name="p52" srcActor="D0N40"/>
            <port dstActor="D0N48" name="p53" srcActor="D0N40"/>
            <port dstActor="D0N44" name="p54" srcActor="D0N40"/>
            <port dstActor="D0N23" name="p55" srcActor="D0N9"/>
            <port dstActor="D0N11" name="p56" srcActor="D0N9"/>
            <port dstActor="D0N31" name="p57" srcActor="D0N9"/>
            <port dstActor="D0N16" name="p58" srcActor="D0N9"/>
            <port dstActor="D0N26" name="p59" srcActor="D0N9"/>
            <port dstActor="D0N47" name="p60" srcActor="D0N9"/>
            <port dstActor="D0N38" name="p61" srcActor="D0N9"/>
            <port dstActor="D0N35" name="p62" srcActor="D0N17"/>
            <port dstActor="D0N43" name="p63" srcActor="D0N39"/>
            <port dstActor="D0N30" name="p64" srcActor="D0N19"/>
            <port dstActor="D0N32" name="p65" srcActor="D0N19"/>
            <port dstActor="D0N48" name="p66" srcActor="D0N43"/>
            <port dstActor="D0N28" name="p67" srcActor="D0N16"/>
            <port dstActor="D0N41" name="p68" srcActor="D0N16"/>
            <port dstActor="D0N31" name="p69" srcActor="D0N16"/>
            <port dstActor="D0N37" name="p70" srcActor="D0N30"/>
            <port dstActor="D0N44" name="p71" srcActor="D0N30"/>
            <port dstActor="D0N46" name="p72" srcActor="D0N30"/>
            <port dstActor="D0N25" name="p73" srcActor="D0N7"/>
            <port dstActor="D0N9" name="p74" srcActor="D0N7"/>
            <port dstActor="D0N27" name="p75" srcActor="D0N7"/>
            <port dstActor="D0N34" name="p76" srcActor="D0N7"/>
            <port dstActor="D0N22" name="p77" srcActor="D0N7"/>
            <port dstActor="D0N29" name="p78" srcActor="D0N7"/>
            <port dstActor="D0N26" name="p79" srcActor="D0N22"/>
            <port dstActor="D0N38" name="p80" srcActor="D0N22"/>
            <port dstActor="D0N42" name="p81" srcActor="D0N22"/>
            <port dstActor="D0N47" name="p82" srcActor="D0N10"/>
            <port dstActor="D0N43" name="p83" srcActor="D0N10"/>
            <port dstActor="D0N45" name="p84" srcActor="D0N10"/>
            <port dstActor="D0N24" name="p85" srcActor="D0N10"/>
            <port dstActor="D0N18" name="p86" srcActor="D0N14"/>
            <port dstActor="D0N26" name="p87" srcActor="D0N14"/>
            <port dstActor="D0N17" name="p88" srcActor="D0N14"/>
            <port dstActor="D0N27" name="p89" srcActor="D0N4"/>
            <port dstActor="D0N15" name="p90" srcActor="D0N4"/>
            <port dstActor="D0N24" name="p91" srcActor="D0N4"/>
            <port dstActor="D0N37" name="p92" srcActor="D0N35"/>
            <port dstActor="D0N38" name="p93" srcActor="D0N35"/>
            <port dstActor="D0N42" name="p94" srcActor="D0N5"/>
            <port dstActor="D0N22" name="p95" srcActor="D0N5"/>
            <port dstActor="D0N37" name="p96" srcActor="D0N0"/>
            <port dstActor="D0N30" name="p97" srcActor="D0N0"/>
            <port dstActor="D0N42" name="p98" srcActor="D0N0"/>
            <port dstActor="D0N37" name="p99" srcActor="D0N6"/>
            <port dstActor="D0N17" name="p100" srcActor="D0N6"/>
            <port dstActor="D0N35" name="p101" srcActor="D0N6"/>
            <port dstActor="D0N14" name="p102" srcActor="D0N6"/>
            <port dstActor="D0N9" name="p103" srcActor="D0N2"/>
            <port dstActor="D0N11" name="p104" srcActor="D0N2"/>
            <port dstActor="D0N44" name="p105" srcActor="D0N2"/>
            <port dstActor="D0N46" name="p106" srcActor="D0N28"/>
            <port dstActor="D0N45" name="p107" srcActor="D0N21"/>
            <port dstActor="D0N26" name="p108" srcActor="D0N21"/>
            <port dstActor="D0N23" name="p109" srcActor="D0N21"/>
            <port dstActor="D0N29" name="p110" srcActor="D0N21"/>
            <port dstActor="D0N28" name="p111" srcActor="D0N21"/>
            <port dstActor="D0N31" name="p112" srcActor="D0N21"/>
            <port dstActor="D0N35" name="p113" srcActor="D0N31"/>
            <port dstActor="D0N39" name="p114" srcActor="D0N31"/>
            <port dstActor="D0N43" name="p115" srcActor="D0N25"/>
            <port dstActor="D0N29" name="p116" srcActor="D0N25"/>
            <port dstActor="D0N40" name="p117" srcActor="D0N25"/>
            <port dstActor="D0N42" name="p118" srcActor="D0N18"/>
            <port dstActor="D0N40" name="p119" srcActor="D0N20"/>
            <port dstActor="D0N34" name="p120" srcActor="D0N27"/>
            <port dstActor="D0N43" name="p121" srcActor="D0N27"/>
            <port dstActor="D0N48" name="p122" srcActor="D0N27"/>
        </ports>
    </mcdag>
    <cores number="3"/>
    <levels number="2"/>
</mcsystem>
