<?xml version="1.0" encoding="UTF-8" standalone="no"?>
<mcsystem>
    <mcdag deadline="1200" name="genned-0-ed-10.0-0">
        <actor name="D0N34">
            <wcet number="0">10</wcet>
            <wcet number="1">20</wcet>
            <maxpow number="0.45154509816410227"/>
            <maxpow number="0.45154509816410227"/>
            <fprob>0.0</fprob>
        </actor>
        <actor name="D0N20">
            <wcet number="0">50</wcet>
            <wcet number="1">60</wcet>
            <maxpow number="0.6760098053140132"/>
            <maxpow number="0.6760098053140132"/>
            <fprob>0.0</fprob>
        </actor>
        <actor name="D0N45">
            <wcet number="0">20</wcet>
            <wcet number="1">20</wcet>
            <maxpow number="0.7077233616069935"/>
            <maxpow number="0.7077233616069935"/>
            <fprob>0.0</fprob>
        </actor>
        <actor name="D0N9">
            <wcet number="0">10</wcet>
            <wcet number="1">50</wcet>
            <maxpow number="0.1749504280906074"/>
            <maxpow number="0.1749504280906074"/>
            <fprob>0.0</fprob>
        </actor>
        <actor name="D0N24">
            <wcet number="0">20</wcet>
            <wcet number="1">30</wcet>
            <maxpow number="0.36716114249608944"/>
            <maxpow number="0.36716114249608944"/>
            <fprob>0.0</fprob>
        </actor>
        <actor name="D0N32">
            <wcet number="0">20</wcet>
            <wcet number="1">20</wcet>
            <maxpow number="0.7465980099142567"/>
            <maxpow number="0.7465980099142567"/>
            <fprob>0.0</fprob>
        </actor>
        <actor name="D0N23">
            <wcet number="0">20</wcet>
            <wcet number="1">30</wcet>
            <maxpow number="0.7847334952401906"/>
            <maxpow number="0.7847334952401906"/>
            <fprob>0.0</fprob>
        </actor>
        <actor name="D0N42">
            <wcet number="0">10</wcet>
            <wcet number="1">10</wcet>
            <maxpow number="0.7876651916127857"/>
            <maxpow number="0.7876651916127857"/>
            <fprob>0.0</fprob>
        </actor>
        <actor name="D0N11">
            <wcet number="0">30</wcet>
            <wcet number="1">40</wcet>
            <maxpow number="0.3908594974826396"/>
            <maxpow number="0.3908594974826396"/>
            <fprob>0.0</fprob>
        </actor>
        <actor name="D0N1">
            <wcet number="0">40</wcet>
            <wcet number="1">60</wcet>
            <maxpow number="0.6793639478971308"/>
            <maxpow number="0.6793639478971308"/>
            <fprob>0.0</fprob>
        </actor>
        <actor name="D0N8">
            <wcet number="0">70</wcet>
            <wcet number="1">100</wcet>
            <maxpow number="0.4809931546534332"/>
            <maxpow number="0.4809931546534332"/>
            <fprob>0.0</fprob>
        </actor>
        <actor name="D0N15">
            <wcet number="0">140</wcet>
            <wcet number="1">170</wcet>
            <maxpow number="0.40241597794859923"/>
            <maxpow number="0.40241597794859923"/>
            <fprob>0.0</fprob>
        </actor>
        <actor name="D0N4">
            <wcet number="0">10</wcet>
            <wcet number="1">20</wcet>
            <maxpow number="0.8701491001599535"/>
            <maxpow number="0.8701491001599535"/>
            <fprob>0.0</fprob>
        </actor>
        <actor name="D0N25">
            <wcet number="0">30</wcet>
            <wcet number="1">340</wcet>
            <maxpow number="0.3598911096510993"/>
            <maxpow number="0.3598911096510993"/>
            <fprob>0.0</fprob>
        </actor>
        <actor name="D0N36">
            <wcet number="0">10</wcet>
            <wcet number="1">10</wcet>
            <maxpow number="1.0156532660502395"/>
            <maxpow number="1.0156532660502395"/>
            <fprob>0.0</fprob>
        </actor>
        <actor name="D0N26">
            <wcet number="0">20</wcet>
            <wcet number="1">20</wcet>
            <maxpow number="0.6332888373034118"/>
            <maxpow number="0.6332888373034118"/>
            <fprob>0.0</fprob>
        </actor>
        <actor name="D0N12">
            <wcet number="0">10</wcet>
            <wcet number="1">10</wcet>
            <maxpow number="0.23995793276961414"/>
            <maxpow number="0.23995793276961414"/>
            <fprob>0.0</fprob>
        </actor>
        <actor name="D0N46">
            <wcet number="0">20</wcet>
            <wcet number="1">180</wcet>
            <maxpow number="0.7546638241726865"/>
            <maxpow number="0.7546638241726865"/>
            <fprob>0.0</fprob>
        </actor>
        <actor name="D0N31">
            <wcet number="0">10</wcet>
            <wcet number="1">10</wcet>
            <maxpow number="0.21185260711457166"/>
            <maxpow number="0.21185260711457166"/>
            <fprob>0.0</fprob>
        </actor>
        <actor name="D0N14">
            <wcet number="0">10</wcet>
            <wcet number="1">10</wcet>
            <maxpow number="0.5671504569630219"/>
            <maxpow number="0.5671504569630219"/>
            <fprob>0.0</fprob>
        </actor>
        <actor name="D0N17">
            <wcet number="0">10</wcet>
            <wcet number="1">10</wcet>
            <maxpow number="0.3273396959209257"/>
            <maxpow number="0.3273396959209257"/>
            <fprob>0.0</fprob>
        </actor>
        <actor name="D0N35">
            <wcet number="0">50</wcet>
            <wcet number="1">60</wcet>
            <maxpow number="0.6991622805048483"/>
            <maxpow number="0.6991622805048483"/>
            <fprob>0.0</fprob>
        </actor>
        <actor name="D0N21">
            <wcet number="0">60</wcet>
            <wcet number="1">110</wcet>
            <maxpow number="0.4711729663261359"/>
            <maxpow number="0.4711729663261359"/>
            <fprob>0.0</fprob>
        </actor>
        <actor name="D0N7">
            <wcet number="0">20</wcet>
            <wcet number="1">130</wcet>
            <maxpow number="0.7087340883232085"/>
            <maxpow number="0.7087340883232085"/>
            <fprob>0.0</fprob>
        </actor>
        <actor name="D0N37">
            <wcet number="0">50</wcet>
            <wcet number="1">50</wcet>
            <maxpow number="0.6054763892600402"/>
            <maxpow number="0.6054763892600402"/>
            <fprob>0.0</fprob>
        </actor>
        <actor name="D0N40">
            <wcet number="0">20</wcet>
            <wcet number="1">20</wcet>
            <maxpow number="0.5513849148378949"/>
            <maxpow number="0.5513849148378949"/>
            <fprob>0.0</fprob>
        </actor>
        <actor name="D0N10">
            <wcet number="0">10</wcet>
            <wcet number="1">40</wcet>
            <maxpow number="0.9089256836490737"/>
            <maxpow number="0.9089256836490737"/>
            <fprob>0.0</fprob>
        </actor>
        <actor name="D0N33">
            <wcet number="0">10</wcet>
            <wcet number="1">10</wcet>
            <maxpow number="0.3427184333936786"/>
            <maxpow number="0.3427184333936786"/>
            <fprob>0.0</fprob>
        </actor>
        <actor name="D0N6">
            <wcet number="0">100</wcet>
            <wcet number="1">100</wcet>
            <maxpow number="0.28883996153565744"/>
            <maxpow number="0.28883996153565744"/>
            <fprob>0.0</fprob>
        </actor>
        <actor name="D0N18">
            <wcet number="0">10</wcet>
            <wcet number="1">30</wcet>
            <maxpow number="0.5948642825971437"/>
            <maxpow number="0.5948642825971437"/>
            <fprob>0.0</fprob>
        </actor>
        <actor name="D0N41">
            <wcet number="0">10</wcet>
            <wcet number="1">60</wcet>
            <maxpow number="0.47782737935985464"/>
            <maxpow number="0.47782737935985464"/>
            <fprob>0.0</fprob>
        </actor>
        <actor name="D0N22">
            <wcet number="0">10</wcet>
            <wcet number="1">10</wcet>
            <maxpow number="0.7793049354570836"/>
            <maxpow number="0.7793049354570836"/>
            <fprob>0.0</fprob>
        </actor>
        <actor name="D0N30">
            <wcet number="0">40</wcet>
            <wcet number="1">60</wcet>
            <maxpow number="0.2538700716165951"/>
            <maxpow number="0.2538700716165951"/>
            <fprob>0.0</fprob>
        </actor>
        <actor name="D0N27">
            <wcet number="0">10</wcet>
            <wcet number="1">10</wcet>
            <maxpow number="0.5838067415570894"/>
            <maxpow number="0.5838067415570894"/>
            <fprob>0.0</fprob>
        </actor>
        <actor name="D0N19">
            <wcet number="0">50</wcet>
            <wcet number="1">80</wcet>
            <maxpow number="0.4603194021195359"/>
            <maxpow number="0.4603194021195359"/>
            <fprob>0.0</fprob>
        </actor>
        <actor name="D0N38">
            <wcet number="0">30</wcet>
            <wcet number="1">30</wcet>
            <maxpow number="0.5671544018787156"/>
            <maxpow number="0.5671544018787156"/>
            <fprob>0.0</fprob>
        </actor>
        <actor name="D0N43">
            <wcet number="0">60</wcet>
            <wcet number="1">70</wcet>
            <maxpow number="0.3877367776075753"/>
            <maxpow number="0.3877367776075753"/>
            <fprob>0.0</fprob>
        </actor>
        <actor name="D0N47">
            <wcet number="0">130</wcet>
            <wcet number="1">170</wcet>
            <maxpow number="0.5206202814011547"/>
            <maxpow number="0.5206202814011547"/>
            <fprob>0.0</fprob>
        </actor>
        <actor name="D0N29">
            <wcet number="0">30</wcet>
            <wcet number="1">70</wcet>
            <maxpow number="0.32178384532394344"/>
            <maxpow number="0.32178384532394344"/>
            <fprob>0.0</fprob>
        </actor>
        <actor name="D0N3">
            <wcet number="0">10</wcet>
            <wcet number="1">10</wcet>
            <maxpow number="0.3462428034152619"/>
            <maxpow number="0.3462428034152619"/>
            <fprob>0.0</fprob>
        </actor>
        <actor name="D0N13">
            <wcet number="0">20</wcet>
            <wcet number="1">80</wcet>
            <maxpow number="0.7487199233167501"/>
            <maxpow number="0.7487199233167501"/>
            <fprob>0.0</fprob>
        </actor>
        <actor name="D0N28">
            <wcet number="0">100</wcet>
            <wcet number="1">130</wcet>
            <maxpow number="0.3520958033264088"/>
            <maxpow number="0.3520958033264088"/>
            <fprob>0.0</fprob>
        </actor>
        <actor name="D0N16">
            <wcet number="0">20</wcet>
            <wcet number="1">40</wcet>
            <maxpow number="0.9099509681994098"/>
            <maxpow number="0.9099509681994098"/>
            <fprob>0.0</fprob>
        </actor>
        <actor name="D0N48">
            <wcet number="0">10</wcet>
            <wcet number="1">50</wcet>
            <maxpow number="0.4226246887121201"/>
            <maxpow number="0.4226246887121201"/>
            <fprob>0.0</fprob>
        </actor>
        <actor name="D0N2">
            <wcet number="0">10</wcet>
            <wcet number="1">40</wcet>
            <maxpow number="0.6096479902621781"/>
            <maxpow number="0.6096479902621781"/>
            <fprob>0.0</fprob>
        </actor>
        <actor name="D0N39">
            <wcet number="0">120</wcet>
            <wcet number="1">190</wcet>
            <maxpow number="0.8283394014229146"/>
            <maxpow number="0.8283394014229146"/>
            <fprob>0.0</fprob>
        </actor>
        <actor name="D0N44">
            <wcet number="0">50</wcet>
            <wcet number="1">50</wcet>
            <maxpow number="0.357985829945904"/>
            <maxpow number="0.357985829945904"/>
            <fprob>0.0</fprob>
        </actor>
        <actor name="D0N0">
            <wcet number="0">10</wcet>
            <wcet number="1">40</wcet>
            <maxpow number="0.5472415845884646"/>
            <maxpow number="0.5472415845884646"/>
            <fprob>0.0</fprob>
        </actor>
        <actor name="D0N5">
            <wcet number="0">120</wcet>
            <wcet number="1">160</wcet>
            <maxpow number="0.9062794167175549"/>
            <maxpow number="0.9062794167175549"/>
            <fprob>0.0</fprob>
        </actor>
        <ports>
            <port dstActor="D0N35" name="p0" srcActor="D0N34"/>
            <port dstActor="D0N40" name="p1" srcActor="D0N34"/>
            <port dstActor="D0N36" name="p2" srcActor="D0N34"/>
            <port dstActor="D0N37" name="p3" srcActor="D0N34"/>
            <port dstActor="D0N41" name="p4" srcActor="D0N34"/>
            <port dstActor="D0N27" name="p5" srcActor="D0N20"/>
            <port dstActor="D0N30" name="p6" srcActor="D0N20"/>
            <port dstActor="D0N47" name="p7" srcActor="D0N45"/>
            <port dstActor="D0N38" name="p8" srcActor="D0N9"/>
            <port dstActor="D0N28" name="p9" srcActor="D0N9"/>
            <port dstActor="D0N40" name="p10" srcActor="D0N9"/>
            <port dstActor="D0N41" name="p11" srcActor="D0N24"/>
            <port dstActor="D0N44" name="p12" srcActor="D0N24"/>
            <port dstActor="D0N26" name="p13" srcActor="D0N24"/>
            <port dstActor="D0N35" name="p14" srcActor="D0N24"/>
            <port dstActor="D0N31" name="p15" srcActor="D0N24"/>
            <port dstActor="D0N44" name="p16" srcActor="D0N32"/>
            <port dstActor="D0N41" name="p17" srcActor="D0N32"/>
            <port dstActor="D0N38" name="p18" srcActor="D0N32"/>
            <port dstActor="D0N41" name="p19" srcActor="D0N23"/>
            <port dstActor="D0N46" name="p20" srcActor="D0N23"/>
            <port dstActor="D0N33" name="p21" srcActor="D0N23"/>
            <port dstActor="D0N34" name="p22" srcActor="D0N11"/>
            <port dstActor="D0N38" name="p23" srcActor="D0N11"/>
            <port dstActor="D0N14" name="p24" srcActor="D0N11"/>
            <port dstActor="D0N4" name="p25" srcActor="D0N1"/>
            <port dstActor="D0N7" name="p26" srcActor="D0N1"/>
            <port dstActor="D0N31" name="p27" srcActor="D0N1"/>
            <port dstActor="D0N27" name="p28" srcActor="D0N1"/>
            <port dstActor="D0N21" name="p29" srcActor="D0N8"/>
            <port dstActor="D0N43" name="p30" srcActor="D0N8"/>
            <port dstActor="D0N32" name="p31" srcActor="D0N15"/>
            <port dstActor="D0N47" name="p32" srcActor="D0N15"/>
            <port dstActor="D0N25" name="p33" srcActor="D0N15"/>
            <port dstActor="D0N39" name="p34" srcActor="D0N15"/>
            <port dstActor="D0N26" name="p35" srcActor="D0N15"/>
            <port dstActor="D0N28" name="p36" srcActor="D0N4"/>
            <port dstActor="D0N29" name="p37" srcActor="D0N4"/>
            <port dstActor="D0N35" name="p38" srcActor="D0N4"/>
            <port dstActor="D0N46" name="p39" srcActor="D0N4"/>
            <port dstActor="D0N37" name="p40" srcActor="D0N4"/>
            <port dstActor="D0N33" name="p41" srcActor="D0N25"/>
            <port dstActor="D0N46" name="p42" srcActor="D0N36"/>
            <port dstActor="D0N39" name="p43" srcActor="D0N36"/>
            <port dstActor="D0N45" name="p44" srcActor="D0N26"/>
            <port dstActor="D0N39" name="p45" srcActor="D0N12"/>
            <port dstActor="D0N31" name="p46" srcActor="D0N12"/>
            <port dstActor="D0N36" name="p47" srcActor="D0N12"/>
            <port dstActor="D0N19" name="p48" srcActor="D0N12"/>
            <port dstActor="D0N34" name="p49" srcActor="D0N31"/>
            <port dstActor="D0N44" name="p50" srcActor="D0N31"/>
            <port dstActor="D0N41" name="p51" srcActor="D0N31"/>
            <port dstActor="D0N35" name="p52" srcActor="D0N14"/>
            <port dstActor="D0N36" name="p53" srcActor="D0N14"/>
            <port dstActor="D0N34" name="p54" srcActor="D0N17"/>
            <port dstActor="D0N46" name="p55" srcActor="D0N17"/>
            <port dstActor="D0N41" name="p56" srcActor="D0N35"/>
            <port dstActor="D0N33" name="p57" srcActor="D0N21"/>
            <port dstActor="D0N30" name="p58" srcActor="D0N21"/>
            <port dstActor="D0N47" name="p59" srcActor="D0N21"/>
            <port dstActor="D0N40" name="p60" srcActor="D0N21"/>
            <port dstActor="D0N42" name="p61" srcActor="D0N7"/>
            <port dstActor="D0N11" name="p62" srcActor="D0N7"/>
            <port dstActor="D0N45" name="p63" srcActor="D0N37"/>
            <port dstActor="D0N41" name="p64" srcActor="D0N40"/>
            <port dstActor="D0N42" name="p65" srcActor="D0N10"/>
            <port dstActor="D0N23" name="p66" srcActor="D0N10"/>
            <port dstActor="D0N13" name="p67" srcActor="D0N10"/>
            <port dstActor="D0N36" name="p68" srcActor="D0N33"/>
            <port dstActor="D0N34" name="p69" srcActor="D0N33"/>
            <port dstActor="D0N19" name="p70" srcActor="D0N6"/>
            <port dstActor="D0N38" name="p71" srcActor="D0N6"/>
            <port dstActor="D0N11" name="p72" srcActor="D0N6"/>
            <port dstActor="D0N32" name="p73" srcActor="D0N18"/>
            <port dstActor="D0N47" name="p74" srcActor="D0N18"/>
            <port dstActor="D0N37" name="p75" srcActor="D0N18"/>
            <port dstActor="D0N45" name="p76" srcActor="D0N18"/>
            <port dstActor="D0N48" name="p77" srcActor="D0N22"/>
            <port dstActor="D0N31" name="p78" srcActor="D0N22"/>
            <port dstActor="D0N25" name="p79" srcActor="D0N22"/>
            <port dstActor="D0N32" name="p80" srcActor="D0N30"/>
            <port dstActor="D0N34" name="p81" srcActor="D0N30"/>
            <port dstActor="D0N33" name="p82" srcActor="D0N27"/>
            <port dstActor="D0N39" name="p83" srcActor="D0N27"/>
            <port dstActor="D0N45" name="p84" srcActor="D0N19"/>
            <port dstActor="D0N29" name="p85" srcActor="D0N19"/>
            <port dstActor="D0N30" name="p86" srcActor="D0N29"/>
            <port dstActor="D0N44" name="p87" srcActor="D0N29"/>
            <port dstActor="D0N41" name="p88" srcActor="D0N3"/>
            <port dstActor="D0N15" name="p89" srcActor="D0N3"/>
            <port dstActor="D0N7" name="p90" srcActor="D0N3"/>
            <port dstActor="D0N41" name="p91" srcActor="D0N13"/>
            <port dstActor="D0N24" name="p92" srcActor="D0N13"/>
            <port dstActor="D0N29" name="p93" srcActor="D0N13"/>
            <port dstActor="D0N34" name="p94" srcActor="D0N13"/>
            <port dstActor="D0N38" name="p95" srcActor="D0N13"/>
            <port dstActor="D0N48" name="p96" srcActor="D0N13"/>
            <port dstActor="D0N32" name="p97" srcActor="D0N13"/>
            <port dstActor="D0N20" name="p98" srcActor="D0N13"/>
            <port dstActor="D0N30" name="p99" srcActor="D0N28"/>
            <port dstActor="D0N34" name="p100" srcActor="D0N16"/>
            <port dstActor="D0N17" name="p101" srcActor="D0N16"/>
            <port dstActor="D0N29" name="p102" srcActor="D0N16"/>
            <port dstActor="D0N37" name="p103" srcActor="D0N16"/>
            <port dstActor="D0N24" name="p104" srcActor="D0N2"/>
            <port dstActor="D0N23" name="p105" srcActor="D0N2"/>
            <port dstActor="D0N16" name="p106" srcActor="D0N2"/>
            <port dstActor="D0N3" name="p107" srcActor="D0N2"/>
            <port dstActor="D0N45" name="p108" srcActor="D0N39"/>
            <port dstActor="D0N46" name="p109" srcActor="D0N44"/>
            <port dstActor="D0N18" name="p110" srcActor="D0N0"/>
            <port dstActor="D0N39" name="p111" srcActor="D0N0"/>
            <port dstActor="D0N17" name="p112" srcActor="D0N5"/>
            <port dstActor="D0N21" name="p113" srcActor="D0N5"/>
            <port dstActor="D0N35" name="p114" srcActor="D0N5"/>
            <port dstActor="D0N39" name="p115" srcActor="D0N5"/>
            <port dstActor="D0N41" name="p116" srcActor="D0N5"/>
        </ports>
    </mcdag>
    <cores number="3"/>
    <levels number="2"/>
</mcsystem>
