<?xml version="1.0" encoding="UTF-8" standalone="no"?>
<mcsystem>
    <mcdag deadline="1800" name="genned-0-ed-10.0-0">
        <actor name="D0N10">
            <wcet number="0">40</wcet>
            <wcet number="1">40</wcet>
            <maxpow number="0.560701739003537"/>
            <maxpow number="0.560701739003537"/>
            <fprob>0.0</fprob>
        </actor>
        <actor name="D0N17">
            <wcet number="0">10</wcet>
            <wcet number="1">10</wcet>
            <maxpow number="0.5238203957599925"/>
            <maxpow number="0.5238203957599925"/>
            <fprob>0.0</fprob>
        </actor>
        <actor name="D0N40">
            <wcet number="0">20</wcet>
            <wcet number="1">20</wcet>
            <maxpow number="0.7586820202859739"/>
            <maxpow number="0.7586820202859739"/>
            <fprob>0.0</fprob>
        </actor>
        <actor name="D0N41">
            <wcet number="0">60</wcet>
            <wcet number="1">80</wcet>
            <maxpow number="0.6654052486878049"/>
            <maxpow number="0.6654052486878049"/>
            <fprob>0.0</fprob>
        </actor>
        <actor name="D0N43">
            <wcet number="0">80</wcet>
            <wcet number="1">130</wcet>
            <maxpow number="0.46267075798310764"/>
            <maxpow number="0.46267075798310764"/>
            <fprob>0.0</fprob>
        </actor>
        <actor name="D0N12">
            <wcet number="0">60</wcet>
            <wcet number="1">110</wcet>
            <maxpow number="0.25711503021753385"/>
            <maxpow number="0.25711503021753385"/>
            <fprob>0.0</fprob>
        </actor>
        <actor name="D0N14">
            <wcet number="0">90</wcet>
            <wcet number="1">100</wcet>
            <maxpow number="0.3994668833154515"/>
            <maxpow number="0.3994668833154515"/>
            <fprob>0.0</fprob>
        </actor>
        <actor name="D0N44">
            <wcet number="0">30</wcet>
            <wcet number="1">50</wcet>
            <maxpow number="0.8527692047460458"/>
            <maxpow number="0.8527692047460458"/>
            <fprob>0.0</fprob>
        </actor>
        <actor name="D0N15">
            <wcet number="0">10</wcet>
            <wcet number="1">10</wcet>
            <maxpow number="0.3902151632497406"/>
            <maxpow number="0.3902151632497406"/>
            <fprob>0.0</fprob>
        </actor>
        <actor name="D0N34">
            <wcet number="0">30</wcet>
            <wcet number="1">50</wcet>
            <maxpow number="0.6762631814438"/>
            <maxpow number="0.6762631814438"/>
            <fprob>0.0</fprob>
        </actor>
        <actor name="D0N25">
            <wcet number="0">80</wcet>
            <wcet number="1">120</wcet>
            <maxpow number="0.30828000441953096"/>
            <maxpow number="0.30828000441953096"/>
            <fprob>0.0</fprob>
        </actor>
        <actor name="D0N16">
            <wcet number="0">60</wcet>
            <wcet number="1">150</wcet>
            <maxpow number="0.5365310852877951"/>
            <maxpow number="0.5365310852877951"/>
            <fprob>0.0</fprob>
        </actor>
        <actor name="D0N6">
            <wcet number="0">240</wcet>
            <wcet number="1">390</wcet>
            <maxpow number="0.6466500572719363"/>
            <maxpow number="0.6466500572719363"/>
            <fprob>0.0</fprob>
        </actor>
        <actor name="D0N5">
            <wcet number="0">10</wcet>
            <wcet number="1">20</wcet>
            <maxpow number="0.2844077047463773"/>
            <maxpow number="0.2844077047463773"/>
            <fprob>0.0</fprob>
        </actor>
        <actor name="D0N20">
            <wcet number="0">80</wcet>
            <wcet number="1">100</wcet>
            <maxpow number="0.6428816574411925"/>
            <maxpow number="0.6428816574411925"/>
            <fprob>0.0</fprob>
        </actor>
        <actor name="D0N9">
            <wcet number="0">20</wcet>
            <wcet number="1">80</wcet>
            <maxpow number="0.8153450763183249"/>
            <maxpow number="0.8153450763183249"/>
            <fprob>0.0</fprob>
        </actor>
        <actor name="D0N27">
            <wcet number="0">10</wcet>
            <wcet number="1">10</wcet>
            <maxpow number="0.48812504309689964"/>
            <maxpow number="0.48812504309689964"/>
            <fprob>0.0</fprob>
        </actor>
        <actor name="D0N21">
            <wcet number="0">60</wcet>
            <wcet number="1">140</wcet>
            <maxpow number="0.8043488608683476"/>
            <maxpow number="0.8043488608683476"/>
            <fprob>0.0</fprob>
        </actor>
        <actor name="D0N30">
            <wcet number="0">20</wcet>
            <wcet number="1">80</wcet>
            <maxpow number="0.3386977426559332"/>
            <maxpow number="0.3386977426559332"/>
            <fprob>0.0</fprob>
        </actor>
        <actor name="D0N3">
            <wcet number="0">90</wcet>
            <wcet number="1">140</wcet>
            <maxpow number="0.49265104306428864"/>
            <maxpow number="0.49265104306428864"/>
            <fprob>0.0</fprob>
        </actor>
        <actor name="D0N1">
            <wcet number="0">10</wcet>
            <wcet number="1">10</wcet>
            <maxpow number="0.39125997655215383"/>
            <maxpow number="0.39125997655215383"/>
            <fprob>0.0</fprob>
        </actor>
        <actor name="D0N28">
            <wcet number="0">20</wcet>
            <wcet number="1">40</wcet>
            <maxpow number="0.6736141748094139"/>
            <maxpow number="0.6736141748094139"/>
            <fprob>0.0</fprob>
        </actor>
        <actor name="D0N23">
            <wcet number="0">30</wcet>
            <wcet number="1">80</wcet>
            <maxpow number="0.44985743100036835"/>
            <maxpow number="0.44985743100036835"/>
            <fprob>0.0</fprob>
        </actor>
        <actor name="D0N18">
            <wcet number="0">140</wcet>
            <wcet number="1">200</wcet>
            <maxpow number="0.34659946315976586"/>
            <maxpow number="0.34659946315976586"/>
            <fprob>0.0</fprob>
        </actor>
        <actor name="D0N2">
            <wcet number="0">60</wcet>
            <wcet number="1">230</wcet>
            <maxpow number="0.36660993217459015"/>
            <maxpow number="0.36660993217459015"/>
            <fprob>0.0</fprob>
        </actor>
        <actor name="D0N7">
            <wcet number="0">60</wcet>
            <wcet number="1">70</wcet>
            <maxpow number="0.44198607063578416"/>
            <maxpow number="0.44198607063578416"/>
            <fprob>0.0</fprob>
        </actor>
        <actor name="D0N38">
            <wcet number="0">120</wcet>
            <wcet number="1">220</wcet>
            <maxpow number="0.3488011775719607"/>
            <maxpow number="0.3488011775719607"/>
            <fprob>0.0</fprob>
        </actor>
        <actor name="D0N4">
            <wcet number="0">20</wcet>
            <wcet number="1">20</wcet>
            <maxpow number="0.6645828606824148"/>
            <maxpow number="0.6645828606824148"/>
            <fprob>0.0</fprob>
        </actor>
        <actor name="D0N29">
            <wcet number="0">10</wcet>
            <wcet number="1">10</wcet>
            <maxpow number="0.6407346812585"/>
            <maxpow number="0.6407346812585"/>
            <fprob>0.0</fprob>
        </actor>
        <actor name="D0N0">
            <wcet number="0">170</wcet>
            <wcet number="1">280</wcet>
            <maxpow number="0.3455709060650044"/>
            <maxpow number="0.3455709060650044"/>
            <fprob>0.0</fprob>
        </actor>
        <actor name="D0N45">
            <wcet number="0">80</wcet>
            <wcet number="1">100</wcet>
            <maxpow number="0.4263191785092026"/>
            <maxpow number="0.4263191785092026"/>
            <fprob>0.0</fprob>
        </actor>
        <actor name="D0N24">
            <wcet number="0">50</wcet>
            <wcet number="1">100</wcet>
            <maxpow number="0.4408597495425828"/>
            <maxpow number="0.4408597495425828"/>
            <fprob>0.0</fprob>
        </actor>
        <actor name="D0N39">
            <wcet number="0">20</wcet>
            <wcet number="1">30</wcet>
            <maxpow number="0.468791046030513"/>
            <maxpow number="0.468791046030513"/>
            <fprob>0.0</fprob>
        </actor>
        <actor name="D0N42">
            <wcet number="0">10</wcet>
            <wcet number="1">10</wcet>
            <maxpow number="0.5647028639470725"/>
            <maxpow number="0.5647028639470725"/>
            <fprob>0.0</fprob>
        </actor>
        <actor name="D0N26">
            <wcet number="0">90</wcet>
            <wcet number="1">100</wcet>
            <maxpow number="0.6193243668446821"/>
            <maxpow number="0.6193243668446821"/>
            <fprob>0.0</fprob>
        </actor>
        <actor name="D0N37">
            <wcet number="0">20</wcet>
            <wcet number="1">30</wcet>
            <maxpow number="0.39767718053683626"/>
            <maxpow number="0.39767718053683626"/>
            <fprob>0.0</fprob>
        </actor>
        <actor name="D0N19">
            <wcet number="0">20</wcet>
            <wcet number="1">40</wcet>
            <maxpow number="0.3733768676975473"/>
            <maxpow number="0.3733768676975473"/>
            <fprob>0.0</fprob>
        </actor>
        <actor name="D0N31">
            <wcet number="0">60</wcet>
            <wcet number="1">140</wcet>
            <maxpow number="0.7221432571798829"/>
            <maxpow number="0.7221432571798829"/>
            <fprob>0.0</fprob>
        </actor>
        <actor name="D0N8">
            <wcet number="0">180</wcet>
            <wcet number="1">180</wcet>
            <maxpow number="0.7959643421679217"/>
            <maxpow number="0.7959643421679217"/>
            <fprob>0.0</fprob>
        </actor>
        <actor name="D0N35">
            <wcet number="0">30</wcet>
            <wcet number="1">440</wcet>
            <maxpow number="0.487781657755153"/>
            <maxpow number="0.487781657755153"/>
            <fprob>0.0</fprob>
        </actor>
        <actor name="D0N46">
            <wcet number="0">10</wcet>
            <wcet number="1">10</wcet>
            <maxpow number="0.5567480552299636"/>
            <maxpow number="0.5567480552299636"/>
            <fprob>0.0</fprob>
        </actor>
        <actor name="D0N11">
            <wcet number="0">30</wcet>
            <wcet number="1">50</wcet>
            <maxpow number="0.6264466204435836"/>
            <maxpow number="0.6264466204435836"/>
            <fprob>0.0</fprob>
        </actor>
        <actor name="D0N13">
            <wcet number="0">20</wcet>
            <wcet number="1">50</wcet>
            <maxpow number="0.510403299975203"/>
            <maxpow number="0.510403299975203"/>
            <fprob>0.0</fprob>
        </actor>
        <actor name="D0N33">
            <wcet number="0">10</wcet>
            <wcet number="1">30</wcet>
            <maxpow number="0.38953033473440546"/>
            <maxpow number="0.38953033473440546"/>
            <fprob>0.0</fprob>
        </actor>
        <actor name="D0N36">
            <wcet number="0">40</wcet>
            <wcet number="1">90</wcet>
            <maxpow number="0.554818747615619"/>
            <maxpow number="0.554818747615619"/>
            <fprob>0.0</fprob>
        </actor>
        <actor name="D0N32">
            <wcet number="0">10</wcet>
            <wcet number="1">10</wcet>
            <maxpow number="0.6598628730717404"/>
            <maxpow number="0.6598628730717404"/>
            <fprob>0.0</fprob>
        </actor>
        <actor name="D0N22">
            <wcet number="0">100</wcet>
            <wcet number="1">100</wcet>
            <maxpow number="0.7452835607435576"/>
            <maxpow number="0.7452835607435576"/>
            <fprob>0.0</fprob>
        </actor>
        <ports>
            <port dstActor="D0N33" name="p0" srcActor="D0N10"/>
            <port dstActor="D0N21" name="p1" srcActor="D0N10"/>
            <port dstActor="D0N22" name="p2" srcActor="D0N10"/>
            <port dstActor="D0N31" name="p3" srcActor="D0N10"/>
            <port dstActor="D0N44" name="p4" srcActor="D0N10"/>
            <port dstActor="D0N25" name="p5" srcActor="D0N17"/>
            <port dstActor="D0N19" name="p6" srcActor="D0N17"/>
            <port dstActor="D0N22" name="p7" srcActor="D0N17"/>
            <port dstActor="D0N45" name="p8" srcActor="D0N43"/>
            <port dstActor="D0N18" name="p9" srcActor="D0N12"/>
            <port dstActor="D0N20" name="p10" srcActor="D0N12"/>
            <port dstActor="D0N14" name="p11" srcActor="D0N12"/>
            <port dstActor="D0N17" name="p12" srcActor="D0N14"/>
            <port dstActor="D0N23" name="p13" srcActor="D0N14"/>
            <port dstActor="D0N21" name="p14" srcActor="D0N14"/>
            <port dstActor="D0N45" name="p15" srcActor="D0N44"/>
            <port dstActor="D0N41" name="p16" srcActor="D0N15"/>
            <port dstActor="D0N34" name="p17" srcActor="D0N25"/>
            <port dstActor="D0N27" name="p18" srcActor="D0N25"/>
            <port dstActor="D0N27" name="p19" srcActor="D0N16"/>
            <port dstActor="D0N28" name="p20" srcActor="D0N16"/>
            <port dstActor="D0N38" name="p21" srcActor="D0N6"/>
            <port dstActor="D0N45" name="p22" srcActor="D0N6"/>
            <port dstActor="D0N42" name="p23" srcActor="D0N6"/>
            <port dstActor="D0N31" name="p24" srcActor="D0N6"/>
            <port dstActor="D0N28" name="p25" srcActor="D0N5"/>
            <port dstActor="D0N23" name="p26" srcActor="D0N5"/>
            <port dstActor="D0N44" name="p27" srcActor="D0N20"/>
            <port dstActor="D0N43" name="p28" srcActor="D0N20"/>
            <port dstActor="D0N44" name="p29" srcActor="D0N9"/>
            <port dstActor="D0N15" name="p30" srcActor="D0N9"/>
            <port dstActor="D0N30" name="p31" srcActor="D0N9"/>
            <port dstActor="D0N33" name="p32" srcActor="D0N9"/>
            <port dstActor="D0N22" name="p33" srcActor="D0N9"/>
            <port dstActor="D0N45" name="p34" srcActor="D0N27"/>
            <port dstActor="D0N35" name="p35" srcActor="D0N21"/>
            <port dstActor="D0N41" name="p36" srcActor="D0N21"/>
            <port dstActor="D0N37" name="p37" srcActor="D0N21"/>
            <port dstActor="D0N29" name="p38" srcActor="D0N21"/>
            <port dstActor="D0N38" name="p39" srcActor="D0N30"/>
            <port dstActor="D0N35" name="p40" srcActor="D0N30"/>
            <port dstActor="D0N39" name="p41" srcActor="D0N30"/>
            <port dstActor="D0N34" name="p42" srcActor="D0N30"/>
            <port dstActor="D0N20" name="p43" srcActor="D0N3"/>
            <port dstActor="D0N31" name="p44" srcActor="D0N3"/>
            <port dstActor="D0N15" name="p45" srcActor="D0N3"/>
            <port dstActor="D0N27" name="p46" srcActor="D0N3"/>
            <port dstActor="D0N21" name="p47" srcActor="D0N3"/>
            <port dstActor="D0N25" name="p48" srcActor="D0N1"/>
            <port dstActor="D0N13" name="p49" srcActor="D0N1"/>
            <port dstActor="D0N5" name="p50" srcActor="D0N1"/>
            <port dstActor="D0N46" name="p51" srcActor="D0N1"/>
            <port dstActor="D0N45" name="p52" srcActor="D0N28"/>
            <port dstActor="D0N41" name="p53" srcActor="D0N28"/>
            <port dstActor="D0N40" name="p54" srcActor="D0N23"/>
            <port dstActor="D0N44" name="p55" srcActor="D0N23"/>
            <port dstActor="D0N45" name="p56" srcActor="D0N23"/>
            <port dstActor="D0N25" name="p57" srcActor="D0N23"/>
            <port dstActor="D0N27" name="p58" srcActor="D0N18"/>
            <port dstActor="D0N44" name="p59" srcActor="D0N18"/>
            <port dstActor="D0N40" name="p60" srcActor="D0N18"/>
            <port dstActor="D0N5" name="p61" srcActor="D0N2"/>
            <port dstActor="D0N34" name="p62" srcActor="D0N2"/>
            <port dstActor="D0N44" name="p63" srcActor="D0N2"/>
            <port dstActor="D0N26" name="p64" srcActor="D0N2"/>
            <port dstActor="D0N22" name="p65" srcActor="D0N7"/>
            <port dstActor="D0N16" name="p66" srcActor="D0N7"/>
            <port dstActor="D0N41" name="p67" srcActor="D0N7"/>
            <port dstActor="D0N38" name="p68" srcActor="D0N7"/>
            <port dstActor="D0N18" name="p69" srcActor="D0N7"/>
            <port dstActor="D0N39" name="p70" srcActor="D0N7"/>
            <port dstActor="D0N42" name="p71" srcActor="D0N38"/>
            <port dstActor="D0N38" name="p72" srcActor="D0N4"/>
            <port dstActor="D0N22" name="p73" srcActor="D0N4"/>
            <port dstActor="D0N41" name="p74" srcActor="D0N4"/>
            <port dstActor="D0N44" name="p75" srcActor="D0N29"/>
            <port dstActor="D0N31" name="p76" srcActor="D0N29"/>
            <port dstActor="D0N4" name="p77" srcActor="D0N0"/>
            <port dstActor="D0N17" name="p78" srcActor="D0N0"/>
            <port dstActor="D0N43" name="p79" srcActor="D0N0"/>
            <port dstActor="D0N23" name="p80" srcActor="D0N0"/>
            <port dstActor="D0N11" name="p81" srcActor="D0N0"/>
            <port dstActor="D0N45" name="p82" srcActor="D0N0"/>
            <port dstActor="D0N35" name="p83" srcActor="D0N24"/>
            <port dstActor="D0N44" name="p84" srcActor="D0N24"/>
            <port dstActor="D0N40" name="p85" srcActor="D0N39"/>
            <port dstActor="D0N32" name="p86" srcActor="D0N26"/>
            <port dstActor="D0N33" name="p87" srcActor="D0N26"/>
            <port dstActor="D0N43" name="p88" srcActor="D0N37"/>
            <port dstActor="D0N40" name="p89" srcActor="D0N37"/>
            <port dstActor="D0N20" name="p90" srcActor="D0N19"/>
            <port dstActor="D0N34" name="p91" srcActor="D0N19"/>
            <port dstActor="D0N33" name="p92" srcActor="D0N31"/>
            <port dstActor="D0N34" name="p93" srcActor="D0N31"/>
            <port dstActor="D0N22" name="p94" srcActor="D0N8"/>
            <port dstActor="D0N45" name="p95" srcActor="D0N8"/>
            <port dstActor="D0N10" name="p96" srcActor="D0N8"/>
            <port dstActor="D0N14" name="p97" srcActor="D0N8"/>
            <port dstActor="D0N40" name="p98" srcActor="D0N8"/>
            <port dstActor="D0N11" name="p99" srcActor="D0N8"/>
            <port dstActor="D0N13" name="p100" srcActor="D0N8"/>
            <port dstActor="D0N37" name="p101" srcActor="D0N35"/>
            <port dstActor="D0N44" name="p102" srcActor="D0N35"/>
            <port dstActor="D0N40" name="p103" srcActor="D0N35"/>
            <port dstActor="D0N18" name="p104" srcActor="D0N11"/>
            <port dstActor="D0N35" name="p105" srcActor="D0N11"/>
            <port dstActor="D0N12" name="p106" srcActor="D0N11"/>
            <port dstActor="D0N21" name="p107" srcActor="D0N11"/>
            <port dstActor="D0N33" name="p108" srcActor="D0N13"/>
            <port dstActor="D0N44" name="p109" srcActor="D0N13"/>
            <port dstActor="D0N34" name="p110" srcActor="D0N13"/>
            <port dstActor="D0N35" name="p111" srcActor="D0N13"/>
            <port dstActor="D0N35" name="p112" srcActor="D0N33"/>
            <port dstActor="D0N39" name="p113" srcActor="D0N36"/>
            <port dstActor="D0N42" name="p114" srcActor="D0N36"/>
            <port dstActor="D0N43" name="p115" srcActor="D0N36"/>
            <port dstActor="D0N36" name="p116" srcActor="D0N22"/>
            <port dstActor="D0N31" name="p117" srcActor="D0N22"/>
        </ports>
    </mcdag>
    <cores number="3"/>
    <levels number="2"/>
</mcsystem>
