<?xml version="1.0" encoding="UTF-8" standalone="no"?>
<mcsystem>
    <mcdag deadline="2500" name="genned-0-ed-10.0-0">
        <actor name="D0N21">
            <wcet number="0">10</wcet>
            <wcet number="1">100</wcet>
            <maxpow number="0.460959682865733"/>
            <maxpow number="0.460959682865733"/>
            <fprob>0.0</fprob>
        </actor>
        <actor name="D0N42">
            <wcet number="0">20</wcet>
            <wcet number="1">110</wcet>
            <maxpow number="0.3418200844876741"/>
            <maxpow number="0.3418200844876741"/>
            <fprob>0.0</fprob>
        </actor>
        <actor name="D0N46">
            <wcet number="0">80</wcet>
            <wcet number="1">150</wcet>
            <maxpow number="0.3674883198484982"/>
            <maxpow number="0.3674883198484982"/>
            <fprob>0.0</fprob>
        </actor>
        <actor name="D0N44">
            <wcet number="0">60</wcet>
            <wcet number="1">70</wcet>
            <maxpow number="0.7952059884485971"/>
            <maxpow number="0.7952059884485971"/>
            <fprob>0.0</fprob>
        </actor>
        <actor name="D0N19">
            <wcet number="0">30</wcet>
            <wcet number="1">140</wcet>
            <maxpow number="0.7349970756094375"/>
            <maxpow number="0.7349970756094375"/>
            <fprob>0.0</fprob>
        </actor>
        <actor name="D0N0">
            <wcet number="0">80</wcet>
            <wcet number="1">90</wcet>
            <maxpow number="0.626408681650543"/>
            <maxpow number="0.626408681650543"/>
            <fprob>0.0</fprob>
        </actor>
        <actor name="D0N33">
            <wcet number="0">30</wcet>
            <wcet number="1">80</wcet>
            <maxpow number="0.774674348803616"/>
            <maxpow number="0.774674348803616"/>
            <fprob>0.0</fprob>
        </actor>
        <actor name="D0N10">
            <wcet number="0">80</wcet>
            <wcet number="1">80</wcet>
            <maxpow number="0.6307891233126632"/>
            <maxpow number="0.6307891233126632"/>
            <fprob>0.0</fprob>
        </actor>
        <actor name="D0N8">
            <wcet number="0">10</wcet>
            <wcet number="1">20</wcet>
            <maxpow number="0.4808621822109114"/>
            <maxpow number="0.4808621822109114"/>
            <fprob>0.0</fprob>
        </actor>
        <actor name="D0N16">
            <wcet number="0">10</wcet>
            <wcet number="1">10</wcet>
            <maxpow number="0.6273652929570392"/>
            <maxpow number="0.6273652929570392"/>
            <fprob>0.0</fprob>
        </actor>
        <actor name="D0N35">
            <wcet number="0">40</wcet>
            <wcet number="1">40</wcet>
            <maxpow number="0.21654799912692824"/>
            <maxpow number="0.21654799912692824"/>
            <fprob>0.0</fprob>
        </actor>
        <actor name="D0N37">
            <wcet number="0">20</wcet>
            <wcet number="1">30</wcet>
            <maxpow number="0.6556230292562321"/>
            <maxpow number="0.6556230292562321"/>
            <fprob>0.0</fprob>
        </actor>
        <actor name="D0N27">
            <wcet number="0">40</wcet>
            <wcet number="1">40</wcet>
            <maxpow number="0.44555861809551484"/>
            <maxpow number="0.44555861809551484"/>
            <fprob>0.0</fprob>
        </actor>
        <actor name="D0N39">
            <wcet number="0">10</wcet>
            <wcet number="1">40</wcet>
            <maxpow number="0.4527368641424333"/>
            <maxpow number="0.4527368641424333"/>
            <fprob>0.0</fprob>
        </actor>
        <actor name="D0N48">
            <wcet number="0">110</wcet>
            <wcet number="1">120</wcet>
            <maxpow number="0.9990559206717711"/>
            <maxpow number="0.9990559206717711"/>
            <fprob>0.0</fprob>
        </actor>
        <actor name="D0N26">
            <wcet number="0">10</wcet>
            <wcet number="1">10</wcet>
            <maxpow number="0.5586580354979346"/>
            <maxpow number="0.5586580354979346"/>
            <fprob>0.0</fprob>
        </actor>
        <actor name="D0N45">
            <wcet number="0">200</wcet>
            <wcet number="1">250</wcet>
            <maxpow number="0.5663206339071843"/>
            <maxpow number="0.5663206339071843"/>
            <fprob>0.0</fprob>
        </actor>
        <actor name="D0N2">
            <wcet number="0">50</wcet>
            <wcet number="1">140</wcet>
            <maxpow number="0.6828077698943128"/>
            <maxpow number="0.6828077698943128"/>
            <fprob>0.0</fprob>
        </actor>
        <actor name="D0N24">
            <wcet number="0">110</wcet>
            <wcet number="1">290</wcet>
            <maxpow number="0.6326232558245118"/>
            <maxpow number="0.6326232558245118"/>
            <fprob>0.0</fprob>
        </actor>
        <actor name="D0N12">
            <wcet number="0">80</wcet>
            <wcet number="1">270</wcet>
            <maxpow number="0.4576942494864604"/>
            <maxpow number="0.4576942494864604"/>
            <fprob>0.0</fprob>
        </actor>
        <actor name="D0N23">
            <wcet number="0">10</wcet>
            <wcet number="1">50</wcet>
            <maxpow number="0.331632047277855"/>
            <maxpow number="0.331632047277855"/>
            <fprob>0.0</fprob>
        </actor>
        <actor name="D0N31">
            <wcet number="0">150</wcet>
            <wcet number="1">310</wcet>
            <maxpow number="0.4587812587578273"/>
            <maxpow number="0.4587812587578273"/>
            <fprob>0.0</fprob>
        </actor>
        <actor name="D0N15">
            <wcet number="0">10</wcet>
            <wcet number="1">40</wcet>
            <maxpow number="0.3773086723538682"/>
            <maxpow number="0.3773086723538682"/>
            <fprob>0.0</fprob>
        </actor>
        <actor name="D0N17">
            <wcet number="0">30</wcet>
            <wcet number="1">60</wcet>
            <maxpow number="0.4283302136760858"/>
            <maxpow number="0.4283302136760858"/>
            <fprob>0.0</fprob>
        </actor>
        <actor name="D0N47">
            <wcet number="0">50</wcet>
            <wcet number="1">160</wcet>
            <maxpow number="0.6779233578624226"/>
            <maxpow number="0.6779233578624226"/>
            <fprob>0.0</fprob>
        </actor>
        <actor name="D0N18">
            <wcet number="0">80</wcet>
            <wcet number="1">110</wcet>
            <maxpow number="0.3591198059951427"/>
            <maxpow number="0.3591198059951427"/>
            <fprob>0.0</fprob>
        </actor>
        <actor name="D0N41">
            <wcet number="0">10</wcet>
            <wcet number="1">20</wcet>
            <maxpow number="0.5230081159240529"/>
            <maxpow number="0.5230081159240529"/>
            <fprob>0.0</fprob>
        </actor>
        <actor name="D0N13">
            <wcet number="0">10</wcet>
            <wcet number="1">10</wcet>
            <maxpow number="0.9105366161268986"/>
            <maxpow number="0.9105366161268986"/>
            <fprob>0.0</fprob>
        </actor>
        <actor name="D0N6">
            <wcet number="0">160</wcet>
            <wcet number="1">300</wcet>
            <maxpow number="0.8206082416498492"/>
            <maxpow number="0.8206082416498492"/>
            <fprob>0.0</fprob>
        </actor>
        <actor name="D0N9">
            <wcet number="0">160</wcet>
            <wcet number="1">310</wcet>
            <maxpow number="0.6323480505881118"/>
            <maxpow number="0.6323480505881118"/>
            <fprob>0.0</fprob>
        </actor>
        <actor name="D0N3">
            <wcet number="0">80</wcet>
            <wcet number="1">210</wcet>
            <maxpow number="0.46996735181232047"/>
            <maxpow number="0.46996735181232047"/>
            <fprob>0.0</fprob>
        </actor>
        <actor name="D0N28">
            <wcet number="0">130</wcet>
            <wcet number="1">260</wcet>
            <maxpow number="0.5693924405036301"/>
            <maxpow number="0.5693924405036301"/>
            <fprob>0.0</fprob>
        </actor>
        <actor name="D0N43">
            <wcet number="0">10</wcet>
            <wcet number="1">10</wcet>
            <maxpow number="0.7175633205091722"/>
            <maxpow number="0.7175633205091722"/>
            <fprob>0.0</fprob>
        </actor>
        <actor name="D0N11">
            <wcet number="0">270</wcet>
            <wcet number="1">290</wcet>
            <maxpow number="0.5025649350811755"/>
            <maxpow number="0.5025649350811755"/>
            <fprob>0.0</fprob>
        </actor>
        <actor name="D0N25">
            <wcet number="0">60</wcet>
            <wcet number="1">280</wcet>
            <maxpow number="0.49850302832798726"/>
            <maxpow number="0.49850302832798726"/>
            <fprob>0.0</fprob>
        </actor>
        <actor name="D0N14">
            <wcet number="0">20</wcet>
            <wcet number="1">30</wcet>
            <maxpow number="0.7351650530872588"/>
            <maxpow number="0.7351650530872588"/>
            <fprob>0.0</fprob>
        </actor>
        <actor name="D0N49">
            <wcet number="0">40</wcet>
            <wcet number="1">40</wcet>
            <maxpow number="0.6823503657294403"/>
            <maxpow number="0.6823503657294403"/>
            <fprob>0.0</fprob>
        </actor>
        <actor name="D0N4">
            <wcet number="0">30</wcet>
            <wcet number="1">110</wcet>
            <maxpow number="0.550249207505384"/>
            <maxpow number="0.550249207505384"/>
            <fprob>0.0</fprob>
        </actor>
        <actor name="D0N20">
            <wcet number="0">40</wcet>
            <wcet number="1">50</wcet>
            <maxpow number="0.6630232404092198"/>
            <maxpow number="0.6630232404092198"/>
            <fprob>0.0</fprob>
        </actor>
        <actor name="D0N36">
            <wcet number="0">270</wcet>
            <wcet number="1">350</wcet>
            <maxpow number="0.4682264427955851"/>
            <maxpow number="0.4682264427955851"/>
            <fprob>0.0</fprob>
        </actor>
        <actor name="D0N5">
            <wcet number="0">210</wcet>
            <wcet number="1">220</wcet>
            <maxpow number="0.6174637516880911"/>
            <maxpow number="0.6174637516880911"/>
            <fprob>0.0</fprob>
        </actor>
        <actor name="D0N22">
            <wcet number="0">40</wcet>
            <wcet number="1">120</wcet>
            <maxpow number="0.9200032717518292"/>
            <maxpow number="0.9200032717518292"/>
            <fprob>0.0</fprob>
        </actor>
        <actor name="D0N40">
            <wcet number="0">10</wcet>
            <wcet number="1">10</wcet>
            <maxpow number="0.44807121690037083"/>
            <maxpow number="0.44807121690037083"/>
            <fprob>0.0</fprob>
        </actor>
        <actor name="D0N34">
            <wcet number="0">10</wcet>
            <wcet number="1">20</wcet>
            <maxpow number="0.4731892710866801"/>
            <maxpow number="0.4731892710866801"/>
            <fprob>0.0</fprob>
        </actor>
        <actor name="D0N38">
            <wcet number="0">30</wcet>
            <wcet number="1">30</wcet>
            <maxpow number="0.5860390242264755"/>
            <maxpow number="0.5860390242264755"/>
            <fprob>0.0</fprob>
        </actor>
        <actor name="D0N29">
            <wcet number="0">260</wcet>
            <wcet number="1">260</wcet>
            <maxpow number="0.664806605828484"/>
            <maxpow number="0.664806605828484"/>
            <fprob>0.0</fprob>
        </actor>
        <actor name="D0N30">
            <wcet number="0">70</wcet>
            <wcet number="1">90</wcet>
            <maxpow number="0.5195479010102961"/>
            <maxpow number="0.5195479010102961"/>
            <fprob>0.0</fprob>
        </actor>
        <actor name="D0N7">
            <wcet number="0">280</wcet>
            <wcet number="1">300</wcet>
            <maxpow number="0.37296727975193766"/>
            <maxpow number="0.37296727975193766"/>
            <fprob>0.0</fprob>
        </actor>
        <actor name="D0N1">
            <wcet number="0">220</wcet>
            <wcet number="1">230</wcet>
            <maxpow number="0.4690286916049042"/>
            <maxpow number="0.4690286916049042"/>
            <fprob>0.0</fprob>
        </actor>
        <actor name="D0N32">
            <wcet number="0">30</wcet>
            <wcet number="1">140</wcet>
            <maxpow number="0.4669288969670878"/>
            <maxpow number="0.4669288969670878"/>
            <fprob>0.0</fprob>
        </actor>
        <ports>
            <port dstActor="D0N46" name="p0" srcActor="D0N21"/>
            <port dstActor="D0N32" name="p1" srcActor="D0N21"/>
            <port dstActor="D0N28" name="p2" srcActor="D0N21"/>
            <port dstActor="D0N48" name="p3" srcActor="D0N46"/>
            <port dstActor="D0N25" name="p4" srcActor="D0N19"/>
            <port dstActor="D0N21" name="p5" srcActor="D0N19"/>
            <port dstActor="D0N38" name="p6" srcActor="D0N19"/>
            <port dstActor="D0N33" name="p7" srcActor="D0N0"/>
            <port dstActor="D0N29" name="p8" srcActor="D0N0"/>
            <port dstActor="D0N41" name="p9" srcActor="D0N0"/>
            <port dstActor="D0N45" name="p10" srcActor="D0N0"/>
            <port dstActor="D0N35" name="p11" srcActor="D0N0"/>
            <port dstActor="D0N48" name="p12" srcActor="D0N0"/>
            <port dstActor="D0N46" name="p13" srcActor="D0N33"/>
            <port dstActor="D0N38" name="p14" srcActor="D0N10"/>
            <port dstActor="D0N44" name="p15" srcActor="D0N10"/>
            <port dstActor="D0N19" name="p16" srcActor="D0N10"/>
            <port dstActor="D0N46" name="p17" srcActor="D0N10"/>
            <port dstActor="D0N15" name="p18" srcActor="D0N8"/>
            <port dstActor="D0N41" name="p19" srcActor="D0N8"/>
            <port dstActor="D0N48" name="p20" srcActor="D0N8"/>
            <port dstActor="D0N28" name="p21" srcActor="D0N8"/>
            <port dstActor="D0N30" name="p22" srcActor="D0N16"/>
            <port dstActor="D0N33" name="p23" srcActor="D0N16"/>
            <port dstActor="D0N22" name="p24" srcActor="D0N16"/>
            <port dstActor="D0N27" name="p25" srcActor="D0N16"/>
            <port dstActor="D0N34" name="p26" srcActor="D0N16"/>
            <port dstActor="D0N42" name="p27" srcActor="D0N35"/>
            <port dstActor="D0N44" name="p28" srcActor="D0N37"/>
            <port dstActor="D0N49" name="p29" srcActor="D0N37"/>
            <port dstActor="D0N46" name="p30" srcActor="D0N27"/>
            <port dstActor="D0N40" name="p31" srcActor="D0N39"/>
            <port dstActor="D0N49" name="p32" srcActor="D0N48"/>
            <port dstActor="D0N38" name="p33" srcActor="D0N26"/>
            <port dstActor="D0N6" name="p34" srcActor="D0N2"/>
            <port dstActor="D0N32" name="p35" srcActor="D0N2"/>
            <port dstActor="D0N44" name="p36" srcActor="D0N24"/>
            <port dstActor="D0N40" name="p37" srcActor="D0N24"/>
            <port dstActor="D0N17" name="p38" srcActor="D0N12"/>
            <port dstActor="D0N42" name="p39" srcActor="D0N12"/>
            <port dstActor="D0N43" name="p40" srcActor="D0N12"/>
            <port dstActor="D0N23" name="p41" srcActor="D0N12"/>
            <port dstActor="D0N38" name="p42" srcActor="D0N12"/>
            <port dstActor="D0N40" name="p43" srcActor="D0N23"/>
            <port dstActor="D0N34" name="p44" srcActor="D0N23"/>
            <port dstActor="D0N49" name="p45" srcActor="D0N23"/>
            <port dstActor="D0N46" name="p46" srcActor="D0N31"/>
            <port dstActor="D0N47" name="p47" srcActor="D0N15"/>
            <port dstActor="D0N29" name="p48" srcActor="D0N15"/>
            <port dstActor="D0N43" name="p49" srcActor="D0N15"/>
            <port dstActor="D0N41" name="p50" srcActor="D0N17"/>
            <port dstActor="D0N43" name="p51" srcActor="D0N17"/>
            <port dstActor="D0N32" name="p52" srcActor="D0N17"/>
            <port dstActor="D0N31" name="p53" srcActor="D0N17"/>
            <port dstActor="D0N28" name="p54" srcActor="D0N18"/>
            <port dstActor="D0N31" name="p55" srcActor="D0N18"/>
            <port dstActor="D0N43" name="p56" srcActor="D0N18"/>
            <port dstActor="D0N27" name="p57" srcActor="D0N18"/>
            <port dstActor="D0N45" name="p58" srcActor="D0N41"/>
            <port dstActor="D0N16" name="p59" srcActor="D0N13"/>
            <port dstActor="D0N43" name="p60" srcActor="D0N13"/>
            <port dstActor="D0N32" name="p61" srcActor="D0N13"/>
            <port dstActor="D0N44" name="p62" srcActor="D0N13"/>
            <port dstActor="D0N49" name="p63" srcActor="D0N13"/>
            <port dstActor="D0N14" name="p64" srcActor="D0N13"/>
            <port dstActor="D0N15" name="p65" srcActor="D0N13"/>
            <port dstActor="D0N35" name="p66" srcActor="D0N13"/>
            <port dstActor="D0N21" name="p67" srcActor="D0N6"/>
            <port dstActor="D0N37" name="p68" srcActor="D0N6"/>
            <port dstActor="D0N12" name="p69" srcActor="D0N6"/>
            <port dstActor="D0N29" name="p70" srcActor="D0N6"/>
            <port dstActor="D0N40" name="p71" srcActor="D0N9"/>
            <port dstActor="D0N11" name="p72" srcActor="D0N9"/>
            <port dstActor="D0N34" name="p73" srcActor="D0N3"/>
            <port dstActor="D0N20" name="p74" srcActor="D0N3"/>
            <port dstActor="D0N26" name="p75" srcActor="D0N3"/>
            <port dstActor="D0N16" name="p76" srcActor="D0N3"/>
            <port dstActor="D0N47" name="p77" srcActor="D0N3"/>
            <port dstActor="D0N37" name="p78" srcActor="D0N28"/>
            <port dstActor="D0N48" name="p79" srcActor="D0N28"/>
            <port dstActor="D0N46" name="p80" srcActor="D0N28"/>
            <port dstActor="D0N44" name="p81" srcActor="D0N43"/>
            <port dstActor="D0N48" name="p82" srcActor="D0N43"/>
            <port dstActor="D0N16" name="p83" srcActor="D0N11"/>
            <port dstActor="D0N12" name="p84" srcActor="D0N11"/>
            <port dstActor="D0N20" name="p85" srcActor="D0N11"/>
            <port dstActor="D0N47" name="p86" srcActor="D0N11"/>
            <port dstActor="D0N49" name="p87" srcActor="D0N25"/>
            <port dstActor="D0N40" name="p88" srcActor="D0N25"/>
            <port dstActor="D0N48" name="p89" srcActor="D0N25"/>
            <port dstActor="D0N31" name="p90" srcActor="D0N25"/>
            <port dstActor="D0N42" name="p91" srcActor="D0N25"/>
            <port dstActor="D0N27" name="p92" srcActor="D0N14"/>
            <port dstActor="D0N32" name="p93" srcActor="D0N4"/>
            <port dstActor="D0N29" name="p94" srcActor="D0N4"/>
            <port dstActor="D0N45" name="p95" srcActor="D0N4"/>
            <port dstActor="D0N27" name="p96" srcActor="D0N4"/>
            <port dstActor="D0N19" name="p97" srcActor="D0N4"/>
            <port dstActor="D0N22" name="p98" srcActor="D0N4"/>
            <port dstActor="D0N25" name="p99" srcActor="D0N4"/>
            <port dstActor="D0N18" name="p100" srcActor="D0N4"/>
            <port dstActor="D0N46" name="p101" srcActor="D0N20"/>
            <port dstActor="D0N35" name="p102" srcActor="D0N20"/>
            <port dstActor="D0N38" name="p103" srcActor="D0N20"/>
            <port dstActor="D0N27" name="p104" srcActor="D0N20"/>
            <port dstActor="D0N44" name="p105" srcActor="D0N20"/>
            <port dstActor="D0N39" name="p106" srcActor="D0N36"/>
            <port dstActor="D0N46" name="p107" srcActor="D0N36"/>
            <port dstActor="D0N44" name="p108" srcActor="D0N36"/>
            <port dstActor="D0N35" name="p109" srcActor="D0N5"/>
            <port dstActor="D0N36" name="p110" srcActor="D0N5"/>
            <port dstActor="D0N45" name="p111" srcActor="D0N5"/>
            <port dstActor="D0N16" name="p112" srcActor="D0N5"/>
            <port dstActor="D0N42" name="p113" srcActor="D0N5"/>
            <port dstActor="D0N49" name="p114" srcActor="D0N5"/>
            <port dstActor="D0N38" name="p115" srcActor="D0N22"/>
            <port dstActor="D0N24" name="p116" srcActor="D0N22"/>
            <port dstActor="D0N44" name="p117" srcActor="D0N22"/>
            <port dstActor="D0N47" name="p118" srcActor="D0N22"/>
            <port dstActor="D0N48" name="p119" srcActor="D0N40"/>
            <port dstActor="D0N42" name="p120" srcActor="D0N34"/>
            <port dstActor="D0N49" name="p121" srcActor="D0N29"/>
            <port dstActor="D0N31" name="p122" srcActor="D0N29"/>
            <port dstActor="D0N44" name="p123" srcActor="D0N30"/>
            <port dstActor="D0N13" name="p124" srcActor="D0N7"/>
            <port dstActor="D0N36" name="p125" srcActor="D0N7"/>
            <port dstActor="D0N17" name="p126" srcActor="D0N7"/>
            <port dstActor="D0N33" name="p127" srcActor="D0N7"/>
            <port dstActor="D0N18" name="p128" srcActor="D0N1"/>
            <port dstActor="D0N27" name="p129" srcActor="D0N1"/>
            <port dstActor="D0N42" name="p130" srcActor="D0N1"/>
            <port dstActor="D0N16" name="p131" srcActor="D0N1"/>
            <port dstActor="D0N44" name="p132" srcActor="D0N1"/>
            <port dstActor="D0N35" name="p133" srcActor="D0N1"/>
            <port dstActor="D0N36" name="p134" srcActor="D0N32"/>
        </ports>
    </mcdag>
    <cores number="3"/>
    <levels number="2"/>
</mcsystem>
