<?xml version="1.0" encoding="UTF-8" standalone="no"?>
<mcsystem>
    <mcdag deadline="2200" name="genned-0-ed-10.0-0">
        <actor name="D0N1">
            <wcet number="0">10</wcet>
            <wcet number="1">10</wcet>
            <maxpow number="0.3670268753889646"/>
            <maxpow number="0.3670268753889646"/>
            <fprob>0.0</fprob>
        </actor>
        <actor name="D0N4">
            <wcet number="0">110</wcet>
            <wcet number="1">200</wcet>
            <maxpow number="0.6919694179875489"/>
            <maxpow number="0.6919694179875489"/>
            <fprob>0.0</fprob>
        </actor>
        <actor name="D0N40">
            <wcet number="0">20</wcet>
            <wcet number="1">40</wcet>
            <maxpow number="0.7027066167663392"/>
            <maxpow number="0.7027066167663392"/>
            <fprob>0.0</fprob>
        </actor>
        <actor name="D0N18">
            <wcet number="0">10</wcet>
            <wcet number="1">10</wcet>
            <maxpow number="0.4673551508508335"/>
            <maxpow number="0.4673551508508335"/>
            <fprob>0.0</fprob>
        </actor>
        <actor name="D0N45">
            <wcet number="0">60</wcet>
            <wcet number="1">60</wcet>
            <maxpow number="0.8651568788654505"/>
            <maxpow number="0.8651568788654505"/>
            <fprob>0.0</fprob>
        </actor>
        <actor name="D0N31">
            <wcet number="0">20</wcet>
            <wcet number="1">50</wcet>
            <maxpow number="0.3644927149485083"/>
            <maxpow number="0.3644927149485083"/>
            <fprob>0.0</fprob>
        </actor>
        <actor name="D0N16">
            <wcet number="0">90</wcet>
            <wcet number="1">100</wcet>
            <maxpow number="0.6851352162317407"/>
            <maxpow number="0.6851352162317407"/>
            <fprob>0.0</fprob>
        </actor>
        <actor name="D0N8">
            <wcet number="0">20</wcet>
            <wcet number="1">40</wcet>
            <maxpow number="0.6444788999634863"/>
            <maxpow number="0.6444788999634863"/>
            <fprob>0.0</fprob>
        </actor>
        <actor name="D0N22">
            <wcet number="0">40</wcet>
            <wcet number="1">60</wcet>
            <maxpow number="0.5518252242164335"/>
            <maxpow number="0.5518252242164335"/>
            <fprob>0.0</fprob>
        </actor>
        <actor name="D0N20">
            <wcet number="0">10</wcet>
            <wcet number="1">10</wcet>
            <maxpow number="0.6336406493588105"/>
            <maxpow number="0.6336406493588105"/>
            <fprob>0.0</fprob>
        </actor>
        <actor name="D0N7">
            <wcet number="0">120</wcet>
            <wcet number="1">300</wcet>
            <maxpow number="0.7301032035133781"/>
            <maxpow number="0.7301032035133781"/>
            <fprob>0.0</fprob>
        </actor>
        <actor name="D0N27">
            <wcet number="0">70</wcet>
            <wcet number="1">140</wcet>
            <maxpow number="0.5550965168130045"/>
            <maxpow number="0.5550965168130045"/>
            <fprob>0.0</fprob>
        </actor>
        <actor name="D0N3">
            <wcet number="0">20</wcet>
            <wcet number="1">50</wcet>
            <maxpow number="0.3979726056749884"/>
            <maxpow number="0.3979726056749884"/>
            <fprob>0.0</fprob>
        </actor>
        <actor name="D0N48">
            <wcet number="0">10</wcet>
            <wcet number="1">30</wcet>
            <maxpow number="0.007847980428827395"/>
            <maxpow number="0.007847980428827395"/>
            <fprob>0.0</fprob>
        </actor>
        <actor name="D0N47">
            <wcet number="0">10</wcet>
            <wcet number="1">10</wcet>
            <maxpow number="0.5405723238660741"/>
            <maxpow number="0.5405723238660741"/>
            <fprob>0.0</fprob>
        </actor>
        <actor name="D0N30">
            <wcet number="0">70</wcet>
            <wcet number="1">190</wcet>
            <maxpow number="0.4329647419743618"/>
            <maxpow number="0.4329647419743618"/>
            <fprob>0.0</fprob>
        </actor>
        <actor name="D0N6">
            <wcet number="0">30</wcet>
            <wcet number="1">40</wcet>
            <maxpow number="0.5064298332443957"/>
            <maxpow number="0.5064298332443957"/>
            <fprob>0.0</fprob>
        </actor>
        <actor name="D0N9">
            <wcet number="0">30</wcet>
            <wcet number="1">70</wcet>
            <maxpow number="0.6552847568179891"/>
            <maxpow number="0.6552847568179891"/>
            <fprob>0.0</fprob>
        </actor>
        <actor name="D0N36">
            <wcet number="0">10</wcet>
            <wcet number="1">10</wcet>
            <maxpow number="0.6458286824273634"/>
            <maxpow number="0.6458286824273634"/>
            <fprob>0.0</fprob>
        </actor>
        <actor name="D0N15">
            <wcet number="0">20</wcet>
            <wcet number="1">50</wcet>
            <maxpow number="0.6556916136370569"/>
            <maxpow number="0.6556916136370569"/>
            <fprob>0.0</fprob>
        </actor>
        <actor name="D0N17">
            <wcet number="0">20</wcet>
            <wcet number="1">40</wcet>
            <maxpow number="0.4509478895358599"/>
            <maxpow number="0.4509478895358599"/>
            <fprob>0.0</fprob>
        </actor>
        <actor name="D0N28">
            <wcet number="0">70</wcet>
            <wcet number="1">90</wcet>
            <maxpow number="0.6530064145160179"/>
            <maxpow number="0.6530064145160179"/>
            <fprob>0.0</fprob>
        </actor>
        <actor name="D0N5">
            <wcet number="0">10</wcet>
            <wcet number="1">10</wcet>
            <maxpow number="0.3299987633219418"/>
            <maxpow number="0.3299987633219418"/>
            <fprob>0.0</fprob>
        </actor>
        <actor name="D0N38">
            <wcet number="0">40</wcet>
            <wcet number="1">40</wcet>
            <maxpow number="0.4872236304928738"/>
            <maxpow number="0.4872236304928738"/>
            <fprob>0.0</fprob>
        </actor>
        <actor name="D0N46">
            <wcet number="0">40</wcet>
            <wcet number="1">50</wcet>
            <maxpow number="0.4845264181454769"/>
            <maxpow number="0.4845264181454769"/>
            <fprob>0.0</fprob>
        </actor>
        <actor name="D0N25">
            <wcet number="0">250</wcet>
            <wcet number="1">290</wcet>
            <maxpow number="0.6523980561499748"/>
            <maxpow number="0.6523980561499748"/>
            <fprob>0.0</fprob>
        </actor>
        <actor name="D0N43">
            <wcet number="0">250</wcet>
            <wcet number="1">480</wcet>
            <maxpow number="0.5945723923007257"/>
            <maxpow number="0.5945723923007257"/>
            <fprob>0.0</fprob>
        </actor>
        <actor name="D0N0">
            <wcet number="0">10</wcet>
            <wcet number="1">50</wcet>
            <maxpow number="0.2955632354920942"/>
            <maxpow number="0.2955632354920942"/>
            <fprob>0.0</fprob>
        </actor>
        <actor name="D0N24">
            <wcet number="0">110</wcet>
            <wcet number="1">120</wcet>
            <maxpow number="0.5071765428204681"/>
            <maxpow number="0.5071765428204681"/>
            <fprob>0.0</fprob>
        </actor>
        <actor name="D0N35">
            <wcet number="0">10</wcet>
            <wcet number="1">20</wcet>
            <maxpow number="0.9039642393169899"/>
            <maxpow number="0.9039642393169899"/>
            <fprob>0.0</fprob>
        </actor>
        <actor name="D0N49">
            <wcet number="0">90</wcet>
            <wcet number="1">460</wcet>
            <maxpow number="0.40418100181555505"/>
            <maxpow number="0.40418100181555505"/>
            <fprob>0.0</fprob>
        </actor>
        <actor name="D0N2">
            <wcet number="0">80</wcet>
            <wcet number="1">200</wcet>
            <maxpow number="0.7292629408675024"/>
            <maxpow number="0.7292629408675024"/>
            <fprob>0.0</fprob>
        </actor>
        <actor name="D0N29">
            <wcet number="0">130</wcet>
            <wcet number="1">190</wcet>
            <maxpow number="0.40724203067603104"/>
            <maxpow number="0.40724203067603104"/>
            <fprob>0.0</fprob>
        </actor>
        <actor name="D0N12">
            <wcet number="0">90</wcet>
            <wcet number="1">130</wcet>
            <maxpow number="0.7464309264187605"/>
            <maxpow number="0.7464309264187605"/>
            <fprob>0.0</fprob>
        </actor>
        <actor name="D0N42">
            <wcet number="0">40</wcet>
            <wcet number="1">130</wcet>
            <maxpow number="0.5405382518698029"/>
            <maxpow number="0.5405382518698029"/>
            <fprob>0.0</fprob>
        </actor>
        <actor name="D0N39">
            <wcet number="0">10</wcet>
            <wcet number="1">20</wcet>
            <maxpow number="0.5137302779799328"/>
            <maxpow number="0.5137302779799328"/>
            <fprob>0.0</fprob>
        </actor>
        <actor name="D0N41">
            <wcet number="0">70</wcet>
            <wcet number="1">80</wcet>
            <maxpow number="0.55998202506536"/>
            <maxpow number="0.55998202506536"/>
            <fprob>0.0</fprob>
        </actor>
        <actor name="D0N34">
            <wcet number="0">60</wcet>
            <wcet number="1">60</wcet>
            <maxpow number="0.33918081425514235"/>
            <maxpow number="0.33918081425514235"/>
            <fprob>0.0</fprob>
        </actor>
        <actor name="D0N10">
            <wcet number="0">50</wcet>
            <wcet number="1">170</wcet>
            <maxpow number="0.6187548079381889"/>
            <maxpow number="0.6187548079381889"/>
            <fprob>0.0</fprob>
        </actor>
        <actor name="D0N37">
            <wcet number="0">10</wcet>
            <wcet number="1">60</wcet>
            <maxpow number="0.7383184276327346"/>
            <maxpow number="0.7383184276327346"/>
            <fprob>0.0</fprob>
        </actor>
        <actor name="D0N33">
            <wcet number="0">10</wcet>
            <wcet number="1">10</wcet>
            <maxpow number="0.6212635723473623"/>
            <maxpow number="0.6212635723473623"/>
            <fprob>0.0</fprob>
        </actor>
        <actor name="D0N23">
            <wcet number="0">50</wcet>
            <wcet number="1">50</wcet>
            <maxpow number="0.6056960556068915"/>
            <maxpow number="0.6056960556068915"/>
            <fprob>0.0</fprob>
        </actor>
        <actor name="D0N19">
            <wcet number="0">30</wcet>
            <wcet number="1">140</wcet>
            <maxpow number="0.6738137573751326"/>
            <maxpow number="0.6738137573751326"/>
            <fprob>0.0</fprob>
        </actor>
        <actor name="D0N21">
            <wcet number="0">20</wcet>
            <wcet number="1">100</wcet>
            <maxpow number="0.6027767833200367"/>
            <maxpow number="0.6027767833200367"/>
            <fprob>0.0</fprob>
        </actor>
        <actor name="D0N11">
            <wcet number="0">30</wcet>
            <wcet number="1">90</wcet>
            <maxpow number="0.594665925119499"/>
            <maxpow number="0.594665925119499"/>
            <fprob>0.0</fprob>
        </actor>
        <actor name="D0N44">
            <wcet number="0">60</wcet>
            <wcet number="1">110</wcet>
            <maxpow number="0.3135783465156444"/>
            <maxpow number="0.3135783465156444"/>
            <fprob>0.0</fprob>
        </actor>
        <actor name="D0N26">
            <wcet number="0">380</wcet>
            <wcet number="1">410</wcet>
            <maxpow number="0.8038418925363615"/>
            <maxpow number="0.8038418925363615"/>
            <fprob>0.0</fprob>
        </actor>
        <actor name="D0N14">
            <wcet number="0">10</wcet>
            <wcet number="1">10</wcet>
            <maxpow number="0.5480579378843263"/>
            <maxpow number="0.5480579378843263"/>
            <fprob>0.0</fprob>
        </actor>
        <actor name="D0N32">
            <wcet number="0">20</wcet>
            <wcet number="1">110</wcet>
            <maxpow number="0.5123232776900002"/>
            <maxpow number="0.5123232776900002"/>
            <fprob>0.0</fprob>
        </actor>
        <actor name="D0N13">
            <wcet number="0">50</wcet>
            <wcet number="1">90</wcet>
            <maxpow number="0.4119327688179649"/>
            <maxpow number="0.4119327688179649"/>
            <fprob>0.0</fprob>
        </actor>
        <ports>
            <port dstActor="D0N22" name="p0" srcActor="D0N1"/>
            <port dstActor="D0N28" name="p1" srcActor="D0N1"/>
            <port dstActor="D0N18" name="p2" srcActor="D0N1"/>
            <port dstActor="D0N9" name="p3" srcActor="D0N1"/>
            <port dstActor="D0N49" name="p4" srcActor="D0N4"/>
            <port dstActor="D0N44" name="p5" srcActor="D0N40"/>
            <port dstActor="D0N35" name="p6" srcActor="D0N18"/>
            <port dstActor="D0N34" name="p7" srcActor="D0N18"/>
            <port dstActor="D0N39" name="p8" srcActor="D0N31"/>
            <port dstActor="D0N45" name="p9" srcActor="D0N31"/>
            <port dstActor="D0N33" name="p10" srcActor="D0N31"/>
            <port dstActor="D0N49" name="p11" srcActor="D0N31"/>
            <port dstActor="D0N46" name="p12" srcActor="D0N31"/>
            <port dstActor="D0N38" name="p13" srcActor="D0N16"/>
            <port dstActor="D0N28" name="p14" srcActor="D0N16"/>
            <port dstActor="D0N20" name="p15" srcActor="D0N16"/>
            <port dstActor="D0N49" name="p16" srcActor="D0N16"/>
            <port dstActor="D0N42" name="p17" srcActor="D0N8"/>
            <port dstActor="D0N11" name="p18" srcActor="D0N8"/>
            <port dstActor="D0N23" name="p19" srcActor="D0N22"/>
            <port dstActor="D0N36" name="p20" srcActor="D0N20"/>
            <port dstActor="D0N39" name="p21" srcActor="D0N20"/>
            <port dstActor="D0N35" name="p22" srcActor="D0N20"/>
            <port dstActor="D0N21" name="p23" srcActor="D0N20"/>
            <port dstActor="D0N27" name="p24" srcActor="D0N7"/>
            <port dstActor="D0N48" name="p25" srcActor="D0N7"/>
            <port dstActor="D0N33" name="p26" srcActor="D0N27"/>
            <port dstActor="D0N15" name="p27" srcActor="D0N3"/>
            <port dstActor="D0N13" name="p28" srcActor="D0N3"/>
            <port dstActor="D0N36" name="p29" srcActor="D0N3"/>
            <port dstActor="D0N48" name="p30" srcActor="D0N47"/>
            <port dstActor="D0N48" name="p31" srcActor="D0N30"/>
            <port dstActor="D0N48" name="p32" srcActor="D0N6"/>
            <port dstActor="D0N32" name="p33" srcActor="D0N6"/>
            <port dstActor="D0N43" name="p34" srcActor="D0N6"/>
            <port dstActor="D0N45" name="p35" srcActor="D0N6"/>
            <port dstActor="D0N29" name="p36" srcActor="D0N6"/>
            <port dstActor="D0N41" name="p37" srcActor="D0N6"/>
            <port dstActor="D0N27" name="p38" srcActor="D0N9"/>
            <port dstActor="D0N19" name="p39" srcActor="D0N15"/>
            <port dstActor="D0N40" name="p40" srcActor="D0N15"/>
            <port dstActor="D0N45" name="p41" srcActor="D0N15"/>
            <port dstActor="D0N46" name="p42" srcActor="D0N17"/>
            <port dstActor="D0N44" name="p43" srcActor="D0N17"/>
            <port dstActor="D0N25" name="p44" srcActor="D0N17"/>
            <port dstActor="D0N29" name="p45" srcActor="D0N17"/>
            <port dstActor="D0N42" name="p46" srcActor="D0N17"/>
            <port dstActor="D0N43" name="p47" srcActor="D0N28"/>
            <port dstActor="D0N35" name="p48" srcActor="D0N28"/>
            <port dstActor="D0N39" name="p49" srcActor="D0N28"/>
            <port dstActor="D0N32" name="p50" srcActor="D0N5"/>
            <port dstActor="D0N31" name="p51" srcActor="D0N5"/>
            <port dstActor="D0N10" name="p52" srcActor="D0N5"/>
            <port dstActor="D0N23" name="p53" srcActor="D0N5"/>
            <port dstActor="D0N48" name="p54" srcActor="D0N5"/>
            <port dstActor="D0N39" name="p55" srcActor="D0N5"/>
            <port dstActor="D0N40" name="p56" srcActor="D0N5"/>
            <port dstActor="D0N35" name="p57" srcActor="D0N5"/>
            <port dstActor="D0N42" name="p58" srcActor="D0N38"/>
            <port dstActor="D0N31" name="p59" srcActor="D0N25"/>
            <port dstActor="D0N46" name="p60" srcActor="D0N0"/>
            <port dstActor="D0N13" name="p61" srcActor="D0N0"/>
            <port dstActor="D0N45" name="p62" srcActor="D0N0"/>
            <port dstActor="D0N42" name="p63" srcActor="D0N0"/>
            <port dstActor="D0N25" name="p64" srcActor="D0N24"/>
            <port dstActor="D0N47" name="p65" srcActor="D0N24"/>
            <port dstActor="D0N38" name="p66" srcActor="D0N35"/>
            <port dstActor="D0N29" name="p67" srcActor="D0N2"/>
            <port dstActor="D0N11" name="p68" srcActor="D0N2"/>
            <port dstActor="D0N26" name="p69" srcActor="D0N2"/>
            <port dstActor="D0N32" name="p70" srcActor="D0N2"/>
            <port dstActor="D0N4" name="p71" srcActor="D0N2"/>
            <port dstActor="D0N39" name="p72" srcActor="D0N29"/>
            <port dstActor="D0N22" name="p73" srcActor="D0N12"/>
            <port dstActor="D0N32" name="p74" srcActor="D0N12"/>
            <port dstActor="D0N46" name="p75" srcActor="D0N12"/>
            <port dstActor="D0N49" name="p76" srcActor="D0N39"/>
            <port dstActor="D0N42" name="p77" srcActor="D0N39"/>
            <port dstActor="D0N47" name="p78" srcActor="D0N41"/>
            <port dstActor="D0N40" name="p79" srcActor="D0N34"/>
            <port dstActor="D0N47" name="p80" srcActor="D0N37"/>
            <port dstActor="D0N38" name="p81" srcActor="D0N37"/>
            <port dstActor="D0N45" name="p82" srcActor="D0N33"/>
            <port dstActor="D0N47" name="p83" srcActor="D0N23"/>
            <port dstActor="D0N27" name="p84" srcActor="D0N23"/>
            <port dstActor="D0N39" name="p85" srcActor="D0N23"/>
            <port dstActor="D0N37" name="p86" srcActor="D0N23"/>
            <port dstActor="D0N20" name="p87" srcActor="D0N19"/>
            <port dstActor="D0N49" name="p88" srcActor="D0N19"/>
            <port dstActor="D0N29" name="p89" srcActor="D0N19"/>
            <port dstActor="D0N32" name="p90" srcActor="D0N19"/>
            <port dstActor="D0N28" name="p91" srcActor="D0N21"/>
            <port dstActor="D0N47" name="p92" srcActor="D0N21"/>
            <port dstActor="D0N43" name="p93" srcActor="D0N21"/>
            <port dstActor="D0N29" name="p94" srcActor="D0N21"/>
            <port dstActor="D0N30" name="p95" srcActor="D0N11"/>
            <port dstActor="D0N34" name="p96" srcActor="D0N11"/>
            <port dstActor="D0N19" name="p97" srcActor="D0N11"/>
            <port dstActor="D0N37" name="p98" srcActor="D0N11"/>
            <port dstActor="D0N29" name="p99" srcActor="D0N11"/>
            <port dstActor="D0N14" name="p100" srcActor="D0N11"/>
            <port dstActor="D0N40" name="p101" srcActor="D0N11"/>
            <port dstActor="D0N39" name="p102" srcActor="D0N26"/>
            <port dstActor="D0N29" name="p103" srcActor="D0N14"/>
            <port dstActor="D0N36" name="p104" srcActor="D0N14"/>
            <port dstActor="D0N17" name="p105" srcActor="D0N14"/>
            <port dstActor="D0N32" name="p106" srcActor="D0N13"/>
            <port dstActor="D0N37" name="p107" srcActor="D0N13"/>
            <port dstActor="D0N26" name="p108" srcActor="D0N13"/>
        </ports>
    </mcdag>
    <cores number="3"/>
    <levels number="2"/>
</mcsystem>
