<?xml version="1.0" encoding="UTF-8" standalone="no"?>
<mcsystem>
    <mcdag deadline="1000" name="genned-0-ed-10.0-0">
        <actor name="D0N21">
            <wcet number="0">10</wcet>
            <wcet number="1">10</wcet>
            <maxpow number="0.8346629576816371"/>
            <maxpow number="0.8346629576816371"/>
            <fprob>0.0</fprob>
        </actor>
        <actor name="D0N36">
            <wcet number="0">30</wcet>
            <wcet number="1">60</wcet>
            <maxpow number="0.7304728068969463"/>
            <maxpow number="0.7304728068969463"/>
            <fprob>0.0</fprob>
        </actor>
        <actor name="D0N41">
            <wcet number="0">40</wcet>
            <wcet number="1">50</wcet>
            <maxpow number="0.2231878838760773"/>
            <maxpow number="0.2231878838760773"/>
            <fprob>0.0</fprob>
        </actor>
        <actor name="D0N17">
            <wcet number="0">10</wcet>
            <wcet number="1">50</wcet>
            <maxpow number="0.452750500142895"/>
            <maxpow number="0.452750500142895"/>
            <fprob>0.0</fprob>
        </actor>
        <actor name="D0N32">
            <wcet number="0">30</wcet>
            <wcet number="1">30</wcet>
            <maxpow number="0.39370323098965937"/>
            <maxpow number="0.39370323098965937"/>
            <fprob>0.0</fprob>
        </actor>
        <actor name="D0N10">
            <wcet number="0">20</wcet>
            <wcet number="1">60</wcet>
            <maxpow number="0.9685758832981557"/>
            <maxpow number="0.9685758832981557"/>
            <fprob>0.0</fprob>
        </actor>
        <actor name="D0N15">
            <wcet number="0">20</wcet>
            <wcet number="1">20</wcet>
            <maxpow number="0.5893251184813778"/>
            <maxpow number="0.5893251184813778"/>
            <fprob>0.0</fprob>
        </actor>
        <actor name="D0N5">
            <wcet number="0">50</wcet>
            <wcet number="1">100</wcet>
            <maxpow number="0.4897490256073623"/>
            <maxpow number="0.4897490256073623"/>
            <fprob>0.0</fprob>
        </actor>
        <actor name="D0N44">
            <wcet number="0">140</wcet>
            <wcet number="1">140</wcet>
            <maxpow number="0.24246441294179566"/>
            <maxpow number="0.24246441294179566"/>
            <fprob>0.0</fprob>
        </actor>
        <actor name="D0N18">
            <wcet number="0">120</wcet>
            <wcet number="1">120</wcet>
            <maxpow number="0.2176758647821031"/>
            <maxpow number="0.2176758647821031"/>
            <fprob>0.0</fprob>
        </actor>
        <actor name="D0N26">
            <wcet number="0">20</wcet>
            <wcet number="1">60</wcet>
            <maxpow number="0.6483097356096191"/>
            <maxpow number="0.6483097356096191"/>
            <fprob>0.0</fprob>
        </actor>
        <actor name="D0N28">
            <wcet number="0">20</wcet>
            <wcet number="1">30</wcet>
            <maxpow number="0.6214457595839442"/>
            <maxpow number="0.6214457595839442"/>
            <fprob>0.0</fprob>
        </actor>
        <actor name="D0N42">
            <wcet number="0">20</wcet>
            <wcet number="1">30</wcet>
            <maxpow number="0.7898168451635601"/>
            <maxpow number="0.7898168451635601"/>
            <fprob>0.0</fprob>
        </actor>
        <actor name="D0N33">
            <wcet number="0">30</wcet>
            <wcet number="1">100</wcet>
            <maxpow number="0.5622134256585177"/>
            <maxpow number="0.5622134256585177"/>
            <fprob>0.0</fprob>
        </actor>
        <actor name="D0N14">
            <wcet number="0">10</wcet>
            <wcet number="1">10</wcet>
            <maxpow number="0.8311960815271121"/>
            <maxpow number="0.8311960815271121"/>
            <fprob>0.0</fprob>
        </actor>
        <actor name="D0N30">
            <wcet number="0">80</wcet>
            <wcet number="1">80</wcet>
            <maxpow number="0.5598581688393277"/>
            <maxpow number="0.5598581688393277"/>
            <fprob>0.0</fprob>
        </actor>
        <actor name="D0N34">
            <wcet number="0">20</wcet>
            <wcet number="1">30</wcet>
            <maxpow number="0.3414831128994923"/>
            <maxpow number="0.3414831128994923"/>
            <fprob>0.0</fprob>
        </actor>
        <actor name="D0N13">
            <wcet number="0">20</wcet>
            <wcet number="1">20</wcet>
            <maxpow number="0.7001458288791071"/>
            <maxpow number="0.7001458288791071"/>
            <fprob>0.0</fprob>
        </actor>
        <actor name="D0N9">
            <wcet number="0">40</wcet>
            <wcet number="1">40</wcet>
            <maxpow number="0.4582007572995255"/>
            <maxpow number="0.4582007572995255"/>
            <fprob>0.0</fprob>
        </actor>
        <actor name="D0N20">
            <wcet number="0">70</wcet>
            <wcet number="1">80</wcet>
            <maxpow number="0.5984920170661776"/>
            <maxpow number="0.5984920170661776"/>
            <fprob>0.0</fprob>
        </actor>
        <actor name="D0N43">
            <wcet number="0">50</wcet>
            <wcet number="1">60</wcet>
            <maxpow number="0.7863423472154163"/>
            <maxpow number="0.7863423472154163"/>
            <fprob>0.0</fprob>
        </actor>
        <actor name="D0N25">
            <wcet number="0">50</wcet>
            <wcet number="1">60</wcet>
            <maxpow number="0.4500181923229315"/>
            <maxpow number="0.4500181923229315"/>
            <fprob>0.0</fprob>
        </actor>
        <actor name="D0N16">
            <wcet number="0">50</wcet>
            <wcet number="1">130</wcet>
            <maxpow number="0.3048466190027541"/>
            <maxpow number="0.3048466190027541"/>
            <fprob>0.0</fprob>
        </actor>
        <actor name="D0N11">
            <wcet number="0">20</wcet>
            <wcet number="1">30</wcet>
            <maxpow number="0.6256062955664493"/>
            <maxpow number="0.6256062955664493"/>
            <fprob>0.0</fprob>
        </actor>
        <actor name="D0N4">
            <wcet number="0">30</wcet>
            <wcet number="1">30</wcet>
            <maxpow number="0.2604267809328928"/>
            <maxpow number="0.2604267809328928"/>
            <fprob>0.0</fprob>
        </actor>
        <actor name="D0N7">
            <wcet number="0">10</wcet>
            <wcet number="1">20</wcet>
            <maxpow number="0.2780049848952426"/>
            <maxpow number="0.2780049848952426"/>
            <fprob>0.0</fprob>
        </actor>
        <actor name="D0N22">
            <wcet number="0">30</wcet>
            <wcet number="1">60</wcet>
            <maxpow number="0.24922803710825697"/>
            <maxpow number="0.24922803710825697"/>
            <fprob>0.0</fprob>
        </actor>
        <actor name="D0N27">
            <wcet number="0">40</wcet>
            <wcet number="1">40</wcet>
            <maxpow number="0.4857476286420567"/>
            <maxpow number="0.4857476286420567"/>
            <fprob>0.0</fprob>
        </actor>
        <actor name="D0N19">
            <wcet number="0">10</wcet>
            <wcet number="1">10</wcet>
            <maxpow number="0.6972245773769297"/>
            <maxpow number="0.6972245773769297"/>
            <fprob>0.0</fprob>
        </actor>
        <actor name="D0N24">
            <wcet number="0">50</wcet>
            <wcet number="1">50</wcet>
            <maxpow number="0.8015076974634671"/>
            <maxpow number="0.8015076974634671"/>
            <fprob>0.0</fprob>
        </actor>
        <actor name="D0N37">
            <wcet number="0">10</wcet>
            <wcet number="1">120</wcet>
            <maxpow number="0.5747433662917221"/>
            <maxpow number="0.5747433662917221"/>
            <fprob>0.0</fprob>
        </actor>
        <actor name="D0N35">
            <wcet number="0">30</wcet>
            <wcet number="1">100</wcet>
            <maxpow number="0.7565981986621219"/>
            <maxpow number="0.7565981986621219"/>
            <fprob>0.0</fprob>
        </actor>
        <actor name="D0N39">
            <wcet number="0">30</wcet>
            <wcet number="1">30</wcet>
            <maxpow number="0.6198149334163572"/>
            <maxpow number="0.6198149334163572"/>
            <fprob>0.0</fprob>
        </actor>
        <actor name="D0N40">
            <wcet number="0">20</wcet>
            <wcet number="1">30</wcet>
            <maxpow number="0.728378728692428"/>
            <maxpow number="0.728378728692428"/>
            <fprob>0.0</fprob>
        </actor>
        <actor name="D0N1">
            <wcet number="0">140</wcet>
            <wcet number="1">190</wcet>
            <maxpow number="0.667488373419345"/>
            <maxpow number="0.667488373419345"/>
            <fprob>0.0</fprob>
        </actor>
        <actor name="D0N31">
            <wcet number="0">30</wcet>
            <wcet number="1">30</wcet>
            <maxpow number="0.3359990023680828"/>
            <maxpow number="0.3359990023680828"/>
            <fprob>0.0</fprob>
        </actor>
        <actor name="D0N8">
            <wcet number="0">30</wcet>
            <wcet number="1">40</wcet>
            <maxpow number="0.4067598055936106"/>
            <maxpow number="0.4067598055936106"/>
            <fprob>0.0</fprob>
        </actor>
        <actor name="D0N0">
            <wcet number="0">20</wcet>
            <wcet number="1">30</wcet>
            <maxpow number="0.5963843851348186"/>
            <maxpow number="0.5963843851348186"/>
            <fprob>0.0</fprob>
        </actor>
        <actor name="D0N38">
            <wcet number="0">20</wcet>
            <wcet number="1">20</wcet>
            <maxpow number="0.5543136586437728"/>
            <maxpow number="0.5543136586437728"/>
            <fprob>0.0</fprob>
        </actor>
        <actor name="D0N3">
            <wcet number="0">30</wcet>
            <wcet number="1">30</wcet>
            <maxpow number="0.28505737608699017"/>
            <maxpow number="0.28505737608699017"/>
            <fprob>0.0</fprob>
        </actor>
        <actor name="D0N6">
            <wcet number="0">40</wcet>
            <wcet number="1">60</wcet>
            <maxpow number="0.3082443235913455"/>
            <maxpow number="0.3082443235913455"/>
            <fprob>0.0</fprob>
        </actor>
        <actor name="D0N29">
            <wcet number="0">20</wcet>
            <wcet number="1">30</wcet>
            <maxpow number="0.4206578465713371"/>
            <maxpow number="0.4206578465713371"/>
            <fprob>0.0</fprob>
        </actor>
        <actor name="D0N2">
            <wcet number="0">10</wcet>
            <wcet number="1">20</wcet>
            <maxpow number="0.4494937652752799"/>
            <maxpow number="0.4494937652752799"/>
            <fprob>0.0</fprob>
        </actor>
        <actor name="D0N23">
            <wcet number="0">50</wcet>
            <wcet number="1">50</wcet>
            <maxpow number="0.32842155179237503"/>
            <maxpow number="0.32842155179237503"/>
            <fprob>0.0</fprob>
        </actor>
        <actor name="D0N12">
            <wcet number="0">10</wcet>
            <wcet number="1">10</wcet>
            <maxpow number="0.8292356117933934"/>
            <maxpow number="0.8292356117933934"/>
            <fprob>0.0</fprob>
        </actor>
        <ports>
            <port dstActor="D0N35" name="p0" srcActor="D0N21"/>
            <port dstActor="D0N41" name="p1" srcActor="D0N21"/>
            <port dstActor="D0N44" name="p2" srcActor="D0N21"/>
            <port dstActor="D0N34" name="p3" srcActor="D0N21"/>
            <port dstActor="D0N38" name="p4" srcActor="D0N36"/>
            <port dstActor="D0N37" name="p5" srcActor="D0N36"/>
            <port dstActor="D0N26" name="p6" srcActor="D0N17"/>
            <port dstActor="D0N23" name="p7" srcActor="D0N17"/>
            <port dstActor="D0N31" name="p8" srcActor="D0N17"/>
            <port dstActor="D0N27" name="p9" srcActor="D0N17"/>
            <port dstActor="D0N20" name="p10" srcActor="D0N10"/>
            <port dstActor="D0N16" name="p11" srcActor="D0N10"/>
            <port dstActor="D0N13" name="p12" srcActor="D0N10"/>
            <port dstActor="D0N32" name="p13" srcActor="D0N10"/>
            <port dstActor="D0N21" name="p14" srcActor="D0N15"/>
            <port dstActor="D0N40" name="p15" srcActor="D0N15"/>
            <port dstActor="D0N26" name="p16" srcActor="D0N15"/>
            <port dstActor="D0N10" name="p17" srcActor="D0N5"/>
            <port dstActor="D0N26" name="p18" srcActor="D0N5"/>
            <port dstActor="D0N42" name="p19" srcActor="D0N5"/>
            <port dstActor="D0N38" name="p20" srcActor="D0N18"/>
            <port dstActor="D0N23" name="p21" srcActor="D0N18"/>
            <port dstActor="D0N31" name="p22" srcActor="D0N18"/>
            <port dstActor="D0N37" name="p23" srcActor="D0N18"/>
            <port dstActor="D0N40" name="p24" srcActor="D0N26"/>
            <port dstActor="D0N44" name="p25" srcActor="D0N28"/>
            <port dstActor="D0N31" name="p26" srcActor="D0N28"/>
            <port dstActor="D0N36" name="p27" srcActor="D0N28"/>
            <port dstActor="D0N25" name="p28" srcActor="D0N14"/>
            <port dstActor="D0N33" name="p29" srcActor="D0N14"/>
            <port dstActor="D0N42" name="p30" srcActor="D0N14"/>
            <port dstActor="D0N19" name="p31" srcActor="D0N14"/>
            <port dstActor="D0N30" name="p32" srcActor="D0N14"/>
            <port dstActor="D0N36" name="p33" srcActor="D0N14"/>
            <port dstActor="D0N37" name="p34" srcActor="D0N14"/>
            <port dstActor="D0N26" name="p35" srcActor="D0N14"/>
            <port dstActor="D0N31" name="p36" srcActor="D0N30"/>
            <port dstActor="D0N34" name="p37" srcActor="D0N30"/>
            <port dstActor="D0N42" name="p38" srcActor="D0N34"/>
            <port dstActor="D0N25" name="p39" srcActor="D0N13"/>
            <port dstActor="D0N44" name="p40" srcActor="D0N13"/>
            <port dstActor="D0N24" name="p41" srcActor="D0N9"/>
            <port dstActor="D0N25" name="p42" srcActor="D0N9"/>
            <port dstActor="D0N20" name="p43" srcActor="D0N9"/>
            <port dstActor="D0N32" name="p44" srcActor="D0N9"/>
            <port dstActor="D0N43" name="p45" srcActor="D0N20"/>
            <port dstActor="D0N40" name="p46" srcActor="D0N25"/>
            <port dstActor="D0N21" name="p47" srcActor="D0N16"/>
            <port dstActor="D0N33" name="p48" srcActor="D0N16"/>
            <port dstActor="D0N22" name="p49" srcActor="D0N11"/>
            <port dstActor="D0N19" name="p50" srcActor="D0N11"/>
            <port dstActor="D0N44" name="p51" srcActor="D0N11"/>
            <port dstActor="D0N20" name="p52" srcActor="D0N4"/>
            <port dstActor="D0N37" name="p53" srcActor="D0N4"/>
            <port dstActor="D0N43" name="p54" srcActor="D0N4"/>
            <port dstActor="D0N41" name="p55" srcActor="D0N4"/>
            <port dstActor="D0N10" name="p56" srcActor="D0N4"/>
            <port dstActor="D0N39" name="p57" srcActor="D0N4"/>
            <port dstActor="D0N29" name="p58" srcActor="D0N4"/>
            <port dstActor="D0N16" name="p59" srcActor="D0N7"/>
            <port dstActor="D0N22" name="p60" srcActor="D0N7"/>
            <port dstActor="D0N34" name="p61" srcActor="D0N7"/>
            <port dstActor="D0N42" name="p62" srcActor="D0N22"/>
            <port dstActor="D0N37" name="p63" srcActor="D0N27"/>
            <port dstActor="D0N31" name="p64" srcActor="D0N27"/>
            <port dstActor="D0N38" name="p65" srcActor="D0N27"/>
            <port dstActor="D0N38" name="p66" srcActor="D0N19"/>
            <port dstActor="D0N33" name="p67" srcActor="D0N19"/>
            <port dstActor="D0N40" name="p68" srcActor="D0N19"/>
            <port dstActor="D0N21" name="p69" srcActor="D0N19"/>
            <port dstActor="D0N41" name="p70" srcActor="D0N24"/>
            <port dstActor="D0N35" name="p71" srcActor="D0N1"/>
            <port dstActor="D0N4" name="p72" srcActor="D0N1"/>
            <port dstActor="D0N39" name="p73" srcActor="D0N31"/>
            <port dstActor="D0N38" name="p74" srcActor="D0N31"/>
            <port dstActor="D0N32" name="p75" srcActor="D0N8"/>
            <port dstActor="D0N26" name="p76" srcActor="D0N8"/>
            <port dstActor="D0N35" name="p77" srcActor="D0N0"/>
            <port dstActor="D0N11" name="p78" srcActor="D0N0"/>
            <port dstActor="D0N5" name="p79" srcActor="D0N0"/>
            <port dstActor="D0N13" name="p80" srcActor="D0N0"/>
            <port dstActor="D0N15" name="p81" srcActor="D0N0"/>
            <port dstActor="D0N40" name="p82" srcActor="D0N38"/>
            <port dstActor="D0N24" name="p83" srcActor="D0N3"/>
            <port dstActor="D0N32" name="p84" srcActor="D0N3"/>
            <port dstActor="D0N13" name="p85" srcActor="D0N3"/>
            <port dstActor="D0N29" name="p86" srcActor="D0N3"/>
            <port dstActor="D0N26" name="p87" srcActor="D0N3"/>
            <port dstActor="D0N34" name="p88" srcActor="D0N6"/>
            <port dstActor="D0N32" name="p89" srcActor="D0N6"/>
            <port dstActor="D0N38" name="p90" srcActor="D0N6"/>
            <port dstActor="D0N19" name="p91" srcActor="D0N2"/>
            <port dstActor="D0N34" name="p92" srcActor="D0N2"/>
            <port dstActor="D0N35" name="p93" srcActor="D0N2"/>
            <port dstActor="D0N43" name="p94" srcActor="D0N2"/>
            <port dstActor="D0N11" name="p95" srcActor="D0N2"/>
            <port dstActor="D0N37" name="p96" srcActor="D0N2"/>
            <port dstActor="D0N29" name="p97" srcActor="D0N23"/>
        </ports>
    </mcdag>
    <cores number="3"/>
    <levels number="2"/>
</mcsystem>
