<?xml version="1.0" encoding="UTF-8" standalone="no"?>
<mcsystem>
    <mcdag deadline="2500" name="genned-0-ed-10.0-0">
        <actor name="D0N26">
            <wcet number="0">350</wcet>
            <wcet number="1">650</wcet>
            <maxpow number="0.6096606844693463"/>
            <maxpow number="0.6096606844693463"/>
            <fprob>0.0</fprob>
        </actor>
        <actor name="D0N35">
            <wcet number="0">60</wcet>
            <wcet number="1">110</wcet>
            <maxpow number="0.5561478913854515"/>
            <maxpow number="0.5561478913854515"/>
            <fprob>0.0</fprob>
        </actor>
        <actor name="D0N45">
            <wcet number="0">80</wcet>
            <wcet number="1">200</wcet>
            <maxpow number="0.7373654180519351"/>
            <maxpow number="0.7373654180519351"/>
            <fprob>0.0</fprob>
        </actor>
        <actor name="D0N9">
            <wcet number="0">510</wcet>
            <wcet number="1">680</wcet>
            <maxpow number="0.7281800312893268"/>
            <maxpow number="0.7281800312893268"/>
            <fprob>0.0</fprob>
        </actor>
        <actor name="D0N2">
            <wcet number="0">30</wcet>
            <wcet number="1">80</wcet>
            <maxpow number="0.526512784142443"/>
            <maxpow number="0.526512784142443"/>
            <fprob>0.0</fprob>
        </actor>
        <actor name="D0N46">
            <wcet number="0">60</wcet>
            <wcet number="1">100</wcet>
            <maxpow number="0.7698699694805633"/>
            <maxpow number="0.7698699694805633"/>
            <fprob>0.0</fprob>
        </actor>
        <actor name="D0N25">
            <wcet number="0">50</wcet>
            <wcet number="1">50</wcet>
            <maxpow number="0.6836744565200544"/>
            <maxpow number="0.6836744565200544"/>
            <fprob>0.0</fprob>
        </actor>
        <actor name="D0N44">
            <wcet number="0">10</wcet>
            <wcet number="1">40</wcet>
            <maxpow number="0.4659133232561684"/>
            <maxpow number="0.4659133232561684"/>
            <fprob>0.0</fprob>
        </actor>
        <actor name="D0N36">
            <wcet number="0">40</wcet>
            <wcet number="1">110</wcet>
            <maxpow number="0.7375447856295495"/>
            <maxpow number="0.7375447856295495"/>
            <fprob>0.0</fprob>
        </actor>
        <actor name="D0N32">
            <wcet number="0">20</wcet>
            <wcet number="1">20</wcet>
            <maxpow number="0.2767811959953004"/>
            <maxpow number="0.2767811959953004"/>
            <fprob>0.0</fprob>
        </actor>
        <actor name="D0N21">
            <wcet number="0">80</wcet>
            <wcet number="1">150</wcet>
            <maxpow number="0.7733923207096489"/>
            <maxpow number="0.7733923207096489"/>
            <fprob>0.0</fprob>
        </actor>
        <actor name="D0N23">
            <wcet number="0">10</wcet>
            <wcet number="1">10</wcet>
            <maxpow number="0.6395734359696915"/>
            <maxpow number="0.6395734359696915"/>
            <fprob>0.0</fprob>
        </actor>
        <actor name="D0N28">
            <wcet number="0">10</wcet>
            <wcet number="1">30</wcet>
            <maxpow number="0.6294675157175285"/>
            <maxpow number="0.6294675157175285"/>
            <fprob>0.0</fprob>
        </actor>
        <actor name="D0N16">
            <wcet number="0">20</wcet>
            <wcet number="1">50</wcet>
            <maxpow number="0.7183509740442899"/>
            <maxpow number="0.7183509740442899"/>
            <fprob>0.0</fprob>
        </actor>
        <actor name="D0N10">
            <wcet number="0">90</wcet>
            <wcet number="1">110</wcet>
            <maxpow number="0.7291997052229873"/>
            <maxpow number="0.7291997052229873"/>
            <fprob>0.0</fprob>
        </actor>
        <actor name="D0N7">
            <wcet number="0">30</wcet>
            <wcet number="1">30</wcet>
            <maxpow number="0.5892241498585565"/>
            <maxpow number="0.5892241498585565"/>
            <fprob>0.0</fprob>
        </actor>
        <actor name="D0N41">
            <wcet number="0">50</wcet>
            <wcet number="1">120</wcet>
            <maxpow number="0.7965273729996775"/>
            <maxpow number="0.7965273729996775"/>
            <fprob>0.0</fprob>
        </actor>
        <actor name="D0N8">
            <wcet number="0">120</wcet>
            <wcet number="1">220</wcet>
            <maxpow number="0.6293244349479191"/>
            <maxpow number="0.6293244349479191"/>
            <fprob>0.0</fprob>
        </actor>
        <actor name="D0N42">
            <wcet number="0">20</wcet>
            <wcet number="1">20</wcet>
            <maxpow number="0.2058829409345342"/>
            <maxpow number="0.2058829409345342"/>
            <fprob>0.0</fprob>
        </actor>
        <actor name="D0N18">
            <wcet number="0">110</wcet>
            <wcet number="1">450</wcet>
            <maxpow number="0.6996142026391372"/>
            <maxpow number="0.6996142026391372"/>
            <fprob>0.0</fprob>
        </actor>
        <actor name="D0N4">
            <wcet number="0">330</wcet>
            <wcet number="1">400</wcet>
            <maxpow number="0.3783530810028077"/>
            <maxpow number="0.3783530810028077"/>
            <fprob>0.0</fprob>
        </actor>
        <actor name="D0N5">
            <wcet number="0">30</wcet>
            <wcet number="1">50</wcet>
            <maxpow number="0.4196509035475992"/>
            <maxpow number="0.4196509035475992"/>
            <fprob>0.0</fprob>
        </actor>
        <actor name="D0N38">
            <wcet number="0">50</wcet>
            <wcet number="1">320</wcet>
            <maxpow number="0.322861745459755"/>
            <maxpow number="0.322861745459755"/>
            <fprob>0.0</fprob>
        </actor>
        <actor name="D0N1">
            <wcet number="0">10</wcet>
            <wcet number="1">30</wcet>
            <maxpow number="0.6063944510022035"/>
            <maxpow number="0.6063944510022035"/>
            <fprob>0.0</fprob>
        </actor>
        <actor name="D0N14">
            <wcet number="0">10</wcet>
            <wcet number="1">30</wcet>
            <maxpow number="0.8645882501829033"/>
            <maxpow number="0.8645882501829033"/>
            <fprob>0.0</fprob>
        </actor>
        <actor name="D0N17">
            <wcet number="0">350</wcet>
            <wcet number="1">420</wcet>
            <maxpow number="0.7125637056188501"/>
            <maxpow number="0.7125637056188501"/>
            <fprob>0.0</fprob>
        </actor>
        <actor name="D0N37">
            <wcet number="0">10</wcet>
            <wcet number="1">20</wcet>
            <maxpow number="0.20245399389543223"/>
            <maxpow number="0.20245399389543223"/>
            <fprob>0.0</fprob>
        </actor>
        <actor name="D0N13">
            <wcet number="0">10</wcet>
            <wcet number="1">180</wcet>
            <maxpow number="0.5364108294172804"/>
            <maxpow number="0.5364108294172804"/>
            <fprob>0.0</fprob>
        </actor>
        <actor name="D0N22">
            <wcet number="0">80</wcet>
            <wcet number="1">130</wcet>
            <maxpow number="0.35624339841641384"/>
            <maxpow number="0.35624339841641384"/>
            <fprob>0.0</fprob>
        </actor>
        <actor name="D0N11">
            <wcet number="0">60</wcet>
            <wcet number="1">110</wcet>
            <maxpow number="0.6304386258107324"/>
            <maxpow number="0.6304386258107324"/>
            <fprob>0.0</fprob>
        </actor>
        <actor name="D0N24">
            <wcet number="0">40</wcet>
            <wcet number="1">40</wcet>
            <maxpow number="0.34524363244878487"/>
            <maxpow number="0.34524363244878487"/>
            <fprob>0.0</fprob>
        </actor>
        <actor name="D0N43">
            <wcet number="0">40</wcet>
            <wcet number="1">40</wcet>
            <maxpow number="0.6525138411606775"/>
            <maxpow number="0.6525138411606775"/>
            <fprob>0.0</fprob>
        </actor>
        <actor name="D0N30">
            <wcet number="0">80</wcet>
            <wcet number="1">110</wcet>
            <maxpow number="0.38752953603585716"/>
            <maxpow number="0.38752953603585716"/>
            <fprob>0.0</fprob>
        </actor>
        <actor name="D0N31">
            <wcet number="0">20</wcet>
            <wcet number="1">60</wcet>
            <maxpow number="0.306094552604331"/>
            <maxpow number="0.306094552604331"/>
            <fprob>0.0</fprob>
        </actor>
        <actor name="D0N3">
            <wcet number="0">110</wcet>
            <wcet number="1">360</wcet>
            <maxpow number="0.5530889985728404"/>
            <maxpow number="0.5530889985728404"/>
            <fprob>0.0</fprob>
        </actor>
        <actor name="D0N34">
            <wcet number="0">210</wcet>
            <wcet number="1">310</wcet>
            <maxpow number="1.1781438987589303"/>
            <maxpow number="1.1781438987589303"/>
            <fprob>0.0</fprob>
        </actor>
        <actor name="D0N6">
            <wcet number="0">230</wcet>
            <wcet number="1">270</wcet>
            <maxpow number="0.7150040944102638"/>
            <maxpow number="0.7150040944102638"/>
            <fprob>0.0</fprob>
        </actor>
        <actor name="D0N40">
            <wcet number="0">180</wcet>
            <wcet number="1">200</wcet>
            <maxpow number="0.5444725819011189"/>
            <maxpow number="0.5444725819011189"/>
            <fprob>0.0</fprob>
        </actor>
        <actor name="D0N12">
            <wcet number="0">70</wcet>
            <wcet number="1">270</wcet>
            <maxpow number="0.6382039051378635"/>
            <maxpow number="0.6382039051378635"/>
            <fprob>0.0</fprob>
        </actor>
        <actor name="D0N27">
            <wcet number="0">10</wcet>
            <wcet number="1">50</wcet>
            <maxpow number="0.7216327546331652"/>
            <maxpow number="0.7216327546331652"/>
            <fprob>0.0</fprob>
        </actor>
        <actor name="D0N39">
            <wcet number="0">10</wcet>
            <wcet number="1">20</wcet>
            <maxpow number="0.41670950207929175"/>
            <maxpow number="0.41670950207929175"/>
            <fprob>0.0</fprob>
        </actor>
        <actor name="D0N15">
            <wcet number="0">140</wcet>
            <wcet number="1">170</wcet>
            <maxpow number="0.7372483995839207"/>
            <maxpow number="0.7372483995839207"/>
            <fprob>0.0</fprob>
        </actor>
        <actor name="D0N29">
            <wcet number="0">20</wcet>
            <wcet number="1">30</wcet>
            <maxpow number="0.4075846892909181"/>
            <maxpow number="0.4075846892909181"/>
            <fprob>0.0</fprob>
        </actor>
        <actor name="D0N33">
            <wcet number="0">10</wcet>
            <wcet number="1">50</wcet>
            <maxpow number="0.6794303965628609"/>
            <maxpow number="0.6794303965628609"/>
            <fprob>0.0</fprob>
        </actor>
        <actor name="D0N20">
            <wcet number="0">30</wcet>
            <wcet number="1">70</wcet>
            <maxpow number="0.20685746544914768"/>
            <maxpow number="0.20685746544914768"/>
            <fprob>0.0</fprob>
        </actor>
        <actor name="D0N47">
            <wcet number="0">40</wcet>
            <wcet number="1">80</wcet>
            <maxpow number="0.43611680272850806"/>
            <maxpow number="0.43611680272850806"/>
            <fprob>0.0</fprob>
        </actor>
        <actor name="D0N19">
            <wcet number="0">110</wcet>
            <wcet number="1">150</wcet>
            <maxpow number="0.5363603861435016"/>
            <maxpow number="0.5363603861435016"/>
            <fprob>0.0</fprob>
        </actor>
        <actor name="D0N0">
            <wcet number="0">30</wcet>
            <wcet number="1">50</wcet>
            <maxpow number="0.6700683543707372"/>
            <maxpow number="0.6700683543707372"/>
            <fprob>0.0</fprob>
        </actor>
        <ports>
            <port dstActor="D0N42" name="p0" srcActor="D0N26"/>
            <port dstActor="D0N46" name="p1" srcActor="D0N35"/>
            <port dstActor="D0N44" name="p2" srcActor="D0N35"/>
            <port dstActor="D0N40" name="p3" srcActor="D0N35"/>
            <port dstActor="D0N33" name="p4" srcActor="D0N2"/>
            <port dstActor="D0N8" name="p5" srcActor="D0N2"/>
            <port dstActor="D0N34" name="p6" srcActor="D0N2"/>
            <port dstActor="D0N31" name="p7" srcActor="D0N2"/>
            <port dstActor="D0N44" name="p8" srcActor="D0N25"/>
            <port dstActor="D0N37" name="p9" srcActor="D0N36"/>
            <port dstActor="D0N41" name="p10" srcActor="D0N32"/>
            <port dstActor="D0N38" name="p11" srcActor="D0N32"/>
            <port dstActor="D0N45" name="p12" srcActor="D0N32"/>
            <port dstActor="D0N24" name="p13" srcActor="D0N21"/>
            <port dstActor="D0N42" name="p14" srcActor="D0N23"/>
            <port dstActor="D0N36" name="p15" srcActor="D0N23"/>
            <port dstActor="D0N24" name="p16" srcActor="D0N23"/>
            <port dstActor="D0N46" name="p17" srcActor="D0N28"/>
            <port dstActor="D0N24" name="p18" srcActor="D0N10"/>
            <port dstActor="D0N13" name="p19" srcActor="D0N10"/>
            <port dstActor="D0N43" name="p20" srcActor="D0N7"/>
            <port dstActor="D0N22" name="p21" srcActor="D0N7"/>
            <port dstActor="D0N16" name="p22" srcActor="D0N7"/>
            <port dstActor="D0N17" name="p23" srcActor="D0N7"/>
            <port dstActor="D0N11" name="p24" srcActor="D0N8"/>
            <port dstActor="D0N20" name="p25" srcActor="D0N8"/>
            <port dstActor="D0N15" name="p26" srcActor="D0N8"/>
            <port dstActor="D0N47" name="p27" srcActor="D0N42"/>
            <port dstActor="D0N22" name="p28" srcActor="D0N18"/>
            <port dstActor="D0N44" name="p29" srcActor="D0N18"/>
            <port dstActor="D0N6" name="p30" srcActor="D0N4"/>
            <port dstActor="D0N20" name="p31" srcActor="D0N4"/>
            <port dstActor="D0N44" name="p32" srcActor="D0N4"/>
            <port dstActor="D0N13" name="p33" srcActor="D0N4"/>
            <port dstActor="D0N21" name="p34" srcActor="D0N4"/>
            <port dstActor="D0N39" name="p35" srcActor="D0N4"/>
            <port dstActor="D0N47" name="p36" srcActor="D0N5"/>
            <port dstActor="D0N10" name="p37" srcActor="D0N5"/>
            <port dstActor="D0N41" name="p38" srcActor="D0N5"/>
            <port dstActor="D0N42" name="p39" srcActor="D0N38"/>
            <port dstActor="D0N34" name="p40" srcActor="D0N1"/>
            <port dstActor="D0N36" name="p41" srcActor="D0N1"/>
            <port dstActor="D0N43" name="p42" srcActor="D0N1"/>
            <port dstActor="D0N22" name="p43" srcActor="D0N1"/>
            <port dstActor="D0N5" name="p44" srcActor="D0N1"/>
            <port dstActor="D0N40" name="p45" srcActor="D0N14"/>
            <port dstActor="D0N47" name="p46" srcActor="D0N14"/>
            <port dstActor="D0N38" name="p47" srcActor="D0N17"/>
            <port dstActor="D0N43" name="p48" srcActor="D0N17"/>
            <port dstActor="D0N21" name="p49" srcActor="D0N17"/>
            <port dstActor="D0N19" name="p50" srcActor="D0N17"/>
            <port dstActor="D0N44" name="p51" srcActor="D0N37"/>
            <port dstActor="D0N42" name="p52" srcActor="D0N37"/>
            <port dstActor="D0N15" name="p53" srcActor="D0N13"/>
            <port dstActor="D0N27" name="p54" srcActor="D0N13"/>
            <port dstActor="D0N24" name="p55" srcActor="D0N22"/>
            <port dstActor="D0N25" name="p56" srcActor="D0N22"/>
            <port dstActor="D0N44" name="p57" srcActor="D0N11"/>
            <port dstActor="D0N27" name="p58" srcActor="D0N24"/>
            <port dstActor="D0N36" name="p59" srcActor="D0N24"/>
            <port dstActor="D0N47" name="p60" srcActor="D0N43"/>
            <port dstActor="D0N36" name="p61" srcActor="D0N30"/>
            <port dstActor="D0N38" name="p62" srcActor="D0N30"/>
            <port dstActor="D0N40" name="p63" srcActor="D0N31"/>
            <port dstActor="D0N33" name="p64" srcActor="D0N31"/>
            <port dstActor="D0N47" name="p65" srcActor="D0N3"/>
            <port dstActor="D0N11" name="p66" srcActor="D0N3"/>
            <port dstActor="D0N19" name="p67" srcActor="D0N3"/>
            <port dstActor="D0N30" name="p68" srcActor="D0N3"/>
            <port dstActor="D0N25" name="p69" srcActor="D0N3"/>
            <port dstActor="D0N32" name="p70" srcActor="D0N6"/>
            <port dstActor="D0N23" name="p71" srcActor="D0N6"/>
            <port dstActor="D0N31" name="p72" srcActor="D0N6"/>
            <port dstActor="D0N37" name="p73" srcActor="D0N6"/>
            <port dstActor="D0N24" name="p74" srcActor="D0N6"/>
            <port dstActor="D0N39" name="p75" srcActor="D0N6"/>
            <port dstActor="D0N37" name="p76" srcActor="D0N12"/>
            <port dstActor="D0N15" name="p77" srcActor="D0N12"/>
            <port dstActor="D0N30" name="p78" srcActor="D0N12"/>
            <port dstActor="D0N22" name="p79" srcActor="D0N12"/>
            <port dstActor="D0N28" name="p80" srcActor="D0N27"/>
            <port dstActor="D0N32" name="p81" srcActor="D0N27"/>
            <port dstActor="D0N31" name="p82" srcActor="D0N27"/>
            <port dstActor="D0N38" name="p83" srcActor="D0N15"/>
            <port dstActor="D0N40" name="p84" srcActor="D0N15"/>
            <port dstActor="D0N46" name="p85" srcActor="D0N15"/>
            <port dstActor="D0N20" name="p86" srcActor="D0N15"/>
            <port dstActor="D0N17" name="p87" srcActor="D0N15"/>
            <port dstActor="D0N33" name="p88" srcActor="D0N29"/>
            <port dstActor="D0N40" name="p89" srcActor="D0N29"/>
            <port dstActor="D0N43" name="p90" srcActor="D0N29"/>
            <port dstActor="D0N46" name="p91" srcActor="D0N29"/>
            <port dstActor="D0N37" name="p92" srcActor="D0N33"/>
            <port dstActor="D0N38" name="p93" srcActor="D0N33"/>
            <port dstActor="D0N25" name="p94" srcActor="D0N20"/>
            <port dstActor="D0N36" name="p95" srcActor="D0N20"/>
            <port dstActor="D0N29" name="p96" srcActor="D0N19"/>
            <port dstActor="D0N35" name="p97" srcActor="D0N19"/>
            <port dstActor="D0N39" name="p98" srcActor="D0N19"/>
            <port dstActor="D0N41" name="p99" srcActor="D0N0"/>
            <port dstActor="D0N8" name="p100" srcActor="D0N0"/>
            <port dstActor="D0N26" name="p101" srcActor="D0N0"/>
            <port dstActor="D0N1" name="p102" srcActor="D0N0"/>
        </ports>
    </mcdag>
    <cores number="3"/>
    <levels number="2"/>
</mcsystem>
