<?xml version="1.0" encoding="UTF-8" standalone="no"?>
<mcsystem>
    <mcdag deadline="4000" name="genned-0-ed-10.0-0">
        <actor name="D0N44">
            <wcet number="0">90</wcet>
            <wcet number="1">160</wcet>
            <maxpow number="0.509596721572717"/>
            <maxpow number="0.509596721572717"/>
            <fprob>0.0</fprob>
        </actor>
        <actor name="D0N1">
            <wcet number="0">10</wcet>
            <wcet number="1">20</wcet>
            <maxpow number="0.663977958985196"/>
            <maxpow number="0.663977958985196"/>
            <fprob>0.0</fprob>
        </actor>
        <actor name="D0N47">
            <wcet number="0">60</wcet>
            <wcet number="1">120</wcet>
            <maxpow number="0.5630736772432041"/>
            <maxpow number="0.5630736772432041"/>
            <fprob>0.0</fprob>
        </actor>
        <actor name="D0N21">
            <wcet number="0">30</wcet>
            <wcet number="1">40</wcet>
            <maxpow number="0.3370643630647237"/>
            <maxpow number="0.3370643630647237"/>
            <fprob>0.0</fprob>
        </actor>
        <actor name="D0N12">
            <wcet number="0">30</wcet>
            <wcet number="1">30</wcet>
            <maxpow number="0.6168922021706111"/>
            <maxpow number="0.6168922021706111"/>
            <fprob>0.0</fprob>
        </actor>
        <actor name="D0N37">
            <wcet number="0">20</wcet>
            <wcet number="1">280</wcet>
            <maxpow number="0.3701366731313711"/>
            <maxpow number="0.3701366731313711"/>
            <fprob>0.0</fprob>
        </actor>
        <actor name="D0N3">
            <wcet number="0">140</wcet>
            <wcet number="1">170</wcet>
            <maxpow number="0.42783605053759854"/>
            <maxpow number="0.42783605053759854"/>
            <fprob>0.0</fprob>
        </actor>
        <actor name="D0N38">
            <wcet number="0">110</wcet>
            <wcet number="1">160</wcet>
            <maxpow number="0.41521473176924684"/>
            <maxpow number="0.41521473176924684"/>
            <fprob>0.0</fprob>
        </actor>
        <actor name="D0N31">
            <wcet number="0">40</wcet>
            <wcet number="1">60</wcet>
            <maxpow number="0.6909786085487728"/>
            <maxpow number="0.6909786085487728"/>
            <fprob>0.0</fprob>
        </actor>
        <actor name="D0N7">
            <wcet number="0">10</wcet>
            <wcet number="1">10</wcet>
            <maxpow number="0.38483221665119005"/>
            <maxpow number="0.38483221665119005"/>
            <fprob>0.0</fprob>
        </actor>
        <actor name="D0N46">
            <wcet number="0">120</wcet>
            <wcet number="1">230</wcet>
            <maxpow number="0.7702993594945905"/>
            <maxpow number="0.7702993594945905"/>
            <fprob>0.0</fprob>
        </actor>
        <actor name="D0N34">
            <wcet number="0">50</wcet>
            <wcet number="1">420</wcet>
            <maxpow number="0.6122564948961885"/>
            <maxpow number="0.6122564948961885"/>
            <fprob>0.0</fprob>
        </actor>
        <actor name="D0N22">
            <wcet number="0">80</wcet>
            <wcet number="1">150</wcet>
            <maxpow number="0.679705872468357"/>
            <maxpow number="0.679705872468357"/>
            <fprob>0.0</fprob>
        </actor>
        <actor name="D0N32">
            <wcet number="0">40</wcet>
            <wcet number="1">60</wcet>
            <maxpow number="0.7636389222711945"/>
            <maxpow number="0.7636389222711945"/>
            <fprob>0.0</fprob>
        </actor>
        <actor name="D0N8">
            <wcet number="0">50</wcet>
            <wcet number="1">110</wcet>
            <maxpow number="0.6529848493497927"/>
            <maxpow number="0.6529848493497927"/>
            <fprob>0.0</fprob>
        </actor>
        <actor name="D0N42">
            <wcet number="0">10</wcet>
            <wcet number="1">40</wcet>
            <maxpow number="0.648511690838082"/>
            <maxpow number="0.648511690838082"/>
            <fprob>0.0</fprob>
        </actor>
        <actor name="D0N39">
            <wcet number="0">40</wcet>
            <wcet number="1">120</wcet>
            <maxpow number="0.3814030182328479"/>
            <maxpow number="0.3814030182328479"/>
            <fprob>0.0</fprob>
        </actor>
        <actor name="D0N11">
            <wcet number="0">20</wcet>
            <wcet number="1">30</wcet>
            <maxpow number="0.3333945969266013"/>
            <maxpow number="0.3333945969266013"/>
            <fprob>0.0</fprob>
        </actor>
        <actor name="D0N6">
            <wcet number="0">20</wcet>
            <wcet number="1">20</wcet>
            <maxpow number="0.895543479831779"/>
            <maxpow number="0.895543479831779"/>
            <fprob>0.0</fprob>
        </actor>
        <actor name="D0N36">
            <wcet number="0">100</wcet>
            <wcet number="1">140</wcet>
            <maxpow number="0.4965931928767067"/>
            <maxpow number="0.4965931928767067"/>
            <fprob>0.0</fprob>
        </actor>
        <actor name="D0N13">
            <wcet number="0">70</wcet>
            <wcet number="1">230</wcet>
            <maxpow number="0.4885624690644099"/>
            <maxpow number="0.4885624690644099"/>
            <fprob>0.0</fprob>
        </actor>
        <actor name="D0N29">
            <wcet number="0">200</wcet>
            <wcet number="1">530</wcet>
            <maxpow number="0.7038112932906437"/>
            <maxpow number="0.7038112932906437"/>
            <fprob>0.0</fprob>
        </actor>
        <actor name="D0N19">
            <wcet number="0">250</wcet>
            <wcet number="1">310</wcet>
            <maxpow number="0.5461325640885575"/>
            <maxpow number="0.5461325640885575"/>
            <fprob>0.0</fprob>
        </actor>
        <actor name="D0N2">
            <wcet number="0">180</wcet>
            <wcet number="1">200</wcet>
            <maxpow number="0.3236796645353802"/>
            <maxpow number="0.3236796645353802"/>
            <fprob>0.0</fprob>
        </actor>
        <actor name="D0N26">
            <wcet number="0">10</wcet>
            <wcet number="1">10</wcet>
            <maxpow number="0.6965818982967875"/>
            <maxpow number="0.6965818982967875"/>
            <fprob>0.0</fprob>
        </actor>
        <actor name="D0N0">
            <wcet number="0">10</wcet>
            <wcet number="1">20</wcet>
            <maxpow number="0.7335789036437068"/>
            <maxpow number="0.7335789036437068"/>
            <fprob>0.0</fprob>
        </actor>
        <actor name="D0N17">
            <wcet number="0">40</wcet>
            <wcet number="1">70</wcet>
            <maxpow number="0.9054408494019628"/>
            <maxpow number="0.9054408494019628"/>
            <fprob>0.0</fprob>
        </actor>
        <actor name="D0N40">
            <wcet number="0">10</wcet>
            <wcet number="1">20</wcet>
            <maxpow number="0.5584569941095371"/>
            <maxpow number="0.5584569941095371"/>
            <fprob>0.0</fprob>
        </actor>
        <actor name="D0N43">
            <wcet number="0">110</wcet>
            <wcet number="1">150</wcet>
            <maxpow number="0.529576087581183"/>
            <maxpow number="0.529576087581183"/>
            <fprob>0.0</fprob>
        </actor>
        <actor name="D0N15">
            <wcet number="0">10</wcet>
            <wcet number="1">50</wcet>
            <maxpow number="0.6422415229707453"/>
            <maxpow number="0.6422415229707453"/>
            <fprob>0.0</fprob>
        </actor>
        <actor name="D0N23">
            <wcet number="0">170</wcet>
            <wcet number="1">200</wcet>
            <maxpow number="0.5914853395021162"/>
            <maxpow number="0.5914853395021162"/>
            <fprob>0.0</fprob>
        </actor>
        <actor name="D0N20">
            <wcet number="0">70</wcet>
            <wcet number="1">160</wcet>
            <maxpow number="0.7259617383562894"/>
            <maxpow number="0.7259617383562894"/>
            <fprob>0.0</fprob>
        </actor>
        <actor name="D0N30">
            <wcet number="0">50</wcet>
            <wcet number="1">60</wcet>
            <maxpow number="0.660094053373508"/>
            <maxpow number="0.660094053373508"/>
            <fprob>0.0</fprob>
        </actor>
        <actor name="D0N14">
            <wcet number="0">80</wcet>
            <wcet number="1">130</wcet>
            <maxpow number="0.30939441976322013"/>
            <maxpow number="0.30939441976322013"/>
            <fprob>0.0</fprob>
        </actor>
        <actor name="D0N24">
            <wcet number="0">60</wcet>
            <wcet number="1">100</wcet>
            <maxpow number="0.6307016277457458"/>
            <maxpow number="0.6307016277457458"/>
            <fprob>0.0</fprob>
        </actor>
        <actor name="D0N18">
            <wcet number="0">10</wcet>
            <wcet number="1">10</wcet>
            <maxpow number="0.47798886924536804"/>
            <maxpow number="0.47798886924536804"/>
            <fprob>0.0</fprob>
        </actor>
        <actor name="D0N33">
            <wcet number="0">350</wcet>
            <wcet number="1">460</wcet>
            <maxpow number="0.407611136624744"/>
            <maxpow number="0.407611136624744"/>
            <fprob>0.0</fprob>
        </actor>
        <actor name="D0N16">
            <wcet number="0">30</wcet>
            <wcet number="1">40</wcet>
            <maxpow number="0.460854350427203"/>
            <maxpow number="0.460854350427203"/>
            <fprob>0.0</fprob>
        </actor>
        <actor name="D0N25">
            <wcet number="0">110</wcet>
            <wcet number="1">110</wcet>
            <maxpow number="0.445164126181683"/>
            <maxpow number="0.445164126181683"/>
            <fprob>0.0</fprob>
        </actor>
        <actor name="D0N41">
            <wcet number="0">200</wcet>
            <wcet number="1">380</wcet>
            <maxpow number="0.6633931904509245"/>
            <maxpow number="0.6633931904509245"/>
            <fprob>0.0</fprob>
        </actor>
        <actor name="D0N27">
            <wcet number="0">60</wcet>
            <wcet number="1">110</wcet>
            <maxpow number="0.5145803169246064"/>
            <maxpow number="0.5145803169246064"/>
            <fprob>0.0</fprob>
        </actor>
        <actor name="D0N28">
            <wcet number="0">60</wcet>
            <wcet number="1">140</wcet>
            <maxpow number="0.6226554993308812"/>
            <maxpow number="0.6226554993308812"/>
            <fprob>0.0</fprob>
        </actor>
        <actor name="D0N35">
            <wcet number="0">530</wcet>
            <wcet number="1">580</wcet>
            <maxpow number="0.8859090827535053"/>
            <maxpow number="0.8859090827535053"/>
            <fprob>0.0</fprob>
        </actor>
        <actor name="D0N5">
            <wcet number="0">620</wcet>
            <wcet number="1">810</wcet>
            <maxpow number="0.5696059368894638"/>
            <maxpow number="0.5696059368894638"/>
            <fprob>0.0</fprob>
        </actor>
        <actor name="D0N4">
            <wcet number="0">60</wcet>
            <wcet number="1">90</wcet>
            <maxpow number="0.6675584954794807"/>
            <maxpow number="0.6675584954794807"/>
            <fprob>0.0</fprob>
        </actor>
        <actor name="D0N45">
            <wcet number="0">110</wcet>
            <wcet number="1">130</wcet>
            <maxpow number="0.493164874659766"/>
            <maxpow number="0.493164874659766"/>
            <fprob>0.0</fprob>
        </actor>
        <actor name="D0N10">
            <wcet number="0">160</wcet>
            <wcet number="1">610</wcet>
            <maxpow number="0.6234835467092139"/>
            <maxpow number="0.6234835467092139"/>
            <fprob>0.0</fprob>
        </actor>
        <actor name="D0N48">
            <wcet number="0">620</wcet>
            <wcet number="1">1030</wcet>
            <maxpow number="0.7902569449796452"/>
            <maxpow number="0.7902569449796452"/>
            <fprob>0.0</fprob>
        </actor>
        <actor name="D0N9">
            <wcet number="0">70</wcet>
            <wcet number="1">90</wcet>
            <maxpow number="0.37391739365505305"/>
            <maxpow number="0.37391739365505305"/>
            <fprob>0.0</fprob>
        </actor>
        <ports>
            <port dstActor="D0N3" name="p0" srcActor="D0N1"/>
            <port dstActor="D0N8" name="p1" srcActor="D0N1"/>
            <port dstActor="D0N6" name="p2" srcActor="D0N1"/>
            <port dstActor="D0N30" name="p3" srcActor="D0N21"/>
            <port dstActor="D0N40" name="p4" srcActor="D0N21"/>
            <port dstActor="D0N32" name="p5" srcActor="D0N21"/>
            <port dstActor="D0N40" name="p6" srcActor="D0N12"/>
            <port dstActor="D0N48" name="p7" srcActor="D0N37"/>
            <port dstActor="D0N24" name="p8" srcActor="D0N3"/>
            <port dstActor="D0N9" name="p9" srcActor="D0N3"/>
            <port dstActor="D0N35" name="p10" srcActor="D0N3"/>
            <port dstActor="D0N22" name="p11" srcActor="D0N3"/>
            <port dstActor="D0N5" name="p12" srcActor="D0N3"/>
            <port dstActor="D0N47" name="p13" srcActor="D0N3"/>
            <port dstActor="D0N46" name="p14" srcActor="D0N38"/>
            <port dstActor="D0N48" name="p15" srcActor="D0N38"/>
            <port dstActor="D0N35" name="p16" srcActor="D0N31"/>
            <port dstActor="D0N44" name="p17" srcActor="D0N31"/>
            <port dstActor="D0N33" name="p18" srcActor="D0N31"/>
            <port dstActor="D0N35" name="p19" srcActor="D0N7"/>
            <port dstActor="D0N38" name="p20" srcActor="D0N7"/>
            <port dstActor="D0N14" name="p21" srcActor="D0N7"/>
            <port dstActor="D0N26" name="p22" srcActor="D0N7"/>
            <port dstActor="D0N23" name="p23" srcActor="D0N7"/>
            <port dstActor="D0N24" name="p24" srcActor="D0N7"/>
            <port dstActor="D0N17" name="p25" srcActor="D0N7"/>
            <port dstActor="D0N48" name="p26" srcActor="D0N46"/>
            <port dstActor="D0N44" name="p27" srcActor="D0N34"/>
            <port dstActor="D0N41" name="p28" srcActor="D0N34"/>
            <port dstActor="D0N45" name="p29" srcActor="D0N34"/>
            <port dstActor="D0N29" name="p30" srcActor="D0N22"/>
            <port dstActor="D0N24" name="p31" srcActor="D0N22"/>
            <port dstActor="D0N26" name="p32" srcActor="D0N22"/>
            <port dstActor="D0N27" name="p33" srcActor="D0N8"/>
            <port dstActor="D0N31" name="p34" srcActor="D0N8"/>
            <port dstActor="D0N16" name="p35" srcActor="D0N8"/>
            <port dstActor="D0N26" name="p36" srcActor="D0N8"/>
            <port dstActor="D0N41" name="p37" srcActor="D0N8"/>
            <port dstActor="D0N44" name="p38" srcActor="D0N8"/>
            <port dstActor="D0N15" name="p39" srcActor="D0N8"/>
            <port dstActor="D0N28" name="p40" srcActor="D0N8"/>
            <port dstActor="D0N43" name="p41" srcActor="D0N42"/>
            <port dstActor="D0N15" name="p42" srcActor="D0N11"/>
            <port dstActor="D0N16" name="p43" srcActor="D0N11"/>
            <port dstActor="D0N30" name="p44" srcActor="D0N11"/>
            <port dstActor="D0N24" name="p45" srcActor="D0N6"/>
            <port dstActor="D0N20" name="p46" srcActor="D0N6"/>
            <port dstActor="D0N40" name="p47" srcActor="D0N6"/>
            <port dstActor="D0N47" name="p48" srcActor="D0N36"/>
            <port dstActor="D0N41" name="p49" srcActor="D0N36"/>
            <port dstActor="D0N35" name="p50" srcActor="D0N13"/>
            <port dstActor="D0N36" name="p51" srcActor="D0N13"/>
            <port dstActor="D0N34" name="p52" srcActor="D0N29"/>
            <port dstActor="D0N35" name="p53" srcActor="D0N29"/>
            <port dstActor="D0N45" name="p54" srcActor="D0N29"/>
            <port dstActor="D0N41" name="p55" srcActor="D0N29"/>
            <port dstActor="D0N21" name="p56" srcActor="D0N19"/>
            <port dstActor="D0N41" name="p57" srcActor="D0N19"/>
            <port dstActor="D0N35" name="p58" srcActor="D0N19"/>
            <port dstActor="D0N47" name="p59" srcActor="D0N19"/>
            <port dstActor="D0N30" name="p60" srcActor="D0N2"/>
            <port dstActor="D0N5" name="p61" srcActor="D0N2"/>
            <port dstActor="D0N21" name="p62" srcActor="D0N2"/>
            <port dstActor="D0N45" name="p63" srcActor="D0N2"/>
            <port dstActor="D0N43" name="p64" srcActor="D0N2"/>
            <port dstActor="D0N17" name="p65" srcActor="D0N2"/>
            <port dstActor="D0N40" name="p66" srcActor="D0N2"/>
            <port dstActor="D0N35" name="p67" srcActor="D0N26"/>
            <port dstActor="D0N48" name="p68" srcActor="D0N26"/>
            <port dstActor="D0N25" name="p69" srcActor="D0N0"/>
            <port dstActor="D0N42" name="p70" srcActor="D0N0"/>
            <port dstActor="D0N45" name="p71" srcActor="D0N0"/>
            <port dstActor="D0N29" name="p72" srcActor="D0N17"/>
            <port dstActor="D0N40" name="p73" srcActor="D0N17"/>
            <port dstActor="D0N26" name="p74" srcActor="D0N15"/>
            <port dstActor="D0N44" name="p75" srcActor="D0N15"/>
            <port dstActor="D0N46" name="p76" srcActor="D0N23"/>
            <port dstActor="D0N32" name="p77" srcActor="D0N20"/>
            <port dstActor="D0N43" name="p78" srcActor="D0N20"/>
            <port dstActor="D0N28" name="p79" srcActor="D0N20"/>
            <port dstActor="D0N48" name="p80" srcActor="D0N20"/>
            <port dstActor="D0N32" name="p81" srcActor="D0N30"/>
            <port dstActor="D0N15" name="p82" srcActor="D0N14"/>
            <port dstActor="D0N33" name="p83" srcActor="D0N14"/>
            <port dstActor="D0N18" name="p84" srcActor="D0N14"/>
            <port dstActor="D0N27" name="p85" srcActor="D0N14"/>
            <port dstActor="D0N32" name="p86" srcActor="D0N14"/>
            <port dstActor="D0N48" name="p87" srcActor="D0N24"/>
            <port dstActor="D0N45" name="p88" srcActor="D0N24"/>
            <port dstActor="D0N25" name="p89" srcActor="D0N18"/>
            <port dstActor="D0N35" name="p90" srcActor="D0N18"/>
            <port dstActor="D0N36" name="p91" srcActor="D0N18"/>
            <port dstActor="D0N44" name="p92" srcActor="D0N18"/>
            <port dstActor="D0N48" name="p93" srcActor="D0N18"/>
            <port dstActor="D0N39" name="p94" srcActor="D0N18"/>
            <port dstActor="D0N34" name="p95" srcActor="D0N33"/>
            <port dstActor="D0N48" name="p96" srcActor="D0N33"/>
            <port dstActor="D0N35" name="p97" srcActor="D0N16"/>
            <port dstActor="D0N24" name="p98" srcActor="D0N16"/>
            <port dstActor="D0N48" name="p99" srcActor="D0N41"/>
            <port dstActor="D0N32" name="p100" srcActor="D0N5"/>
            <port dstActor="D0N19" name="p101" srcActor="D0N5"/>
            <port dstActor="D0N35" name="p102" srcActor="D0N4"/>
            <port dstActor="D0N38" name="p103" srcActor="D0N4"/>
            <port dstActor="D0N46" name="p104" srcActor="D0N45"/>
            <port dstActor="D0N47" name="p105" srcActor="D0N9"/>
        </ports>
    </mcdag>
    <cores number="3"/>
    <levels number="2"/>
</mcsystem>
