<?xml version="1.0" encoding="UTF-8" standalone="no"?>
<mcsystem>
    <mcdag deadline="2500" name="genned-0-ed-10.0-0">
        <actor name="D0N10">
            <wcet number="0">300</wcet>
            <wcet number="1">490</wcet>
            <maxpow number="0.4485316176497792"/>
            <maxpow number="0.4485316176497792"/>
            <fprob>0.0</fprob>
        </actor>
        <actor name="D0N30">
            <wcet number="0">90</wcet>
            <wcet number="1">210</wcet>
            <maxpow number="0.551195910108459"/>
            <maxpow number="0.551195910108459"/>
            <fprob>0.0</fprob>
        </actor>
        <actor name="D0N26">
            <wcet number="0">20</wcet>
            <wcet number="1">100</wcet>
            <maxpow number="0.5046100311409517"/>
            <maxpow number="0.5046100311409517"/>
            <fprob>0.0</fprob>
        </actor>
        <actor name="D0N35">
            <wcet number="0">50</wcet>
            <wcet number="1">170</wcet>
            <maxpow number="0.6827130359951241"/>
            <maxpow number="0.6827130359951241"/>
            <fprob>0.0</fprob>
        </actor>
        <actor name="D0N6">
            <wcet number="0">220</wcet>
            <wcet number="1">510</wcet>
            <maxpow number="0.42998947952787464"/>
            <maxpow number="0.42998947952787464"/>
            <fprob>0.0</fprob>
        </actor>
        <actor name="D0N1">
            <wcet number="0">20</wcet>
            <wcet number="1">40</wcet>
            <maxpow number="0.4705322467060088"/>
            <maxpow number="0.4705322467060088"/>
            <fprob>0.0</fprob>
        </actor>
        <actor name="D0N3">
            <wcet number="0">10</wcet>
            <wcet number="1">10</wcet>
            <maxpow number="1.0836800292103241"/>
            <maxpow number="1.0836800292103241"/>
            <fprob>0.0</fprob>
        </actor>
        <actor name="D0N36">
            <wcet number="0">320</wcet>
            <wcet number="1">460</wcet>
            <maxpow number="0.4877990215005094"/>
            <maxpow number="0.4877990215005094"/>
            <fprob>0.0</fprob>
        </actor>
        <actor name="D0N25">
            <wcet number="0">70</wcet>
            <wcet number="1">200</wcet>
            <maxpow number="0.6760149974329704"/>
            <maxpow number="0.6760149974329704"/>
            <fprob>0.0</fprob>
        </actor>
        <actor name="D0N11">
            <wcet number="0">240</wcet>
            <wcet number="1">420</wcet>
            <maxpow number="0.31236020869604303"/>
            <maxpow number="0.31236020869604303"/>
            <fprob>0.0</fprob>
        </actor>
        <actor name="D0N8">
            <wcet number="0">30</wcet>
            <wcet number="1">70</wcet>
            <maxpow number="0.4875631425874857"/>
            <maxpow number="0.4875631425874857"/>
            <fprob>0.0</fprob>
        </actor>
        <actor name="D0N38">
            <wcet number="0">70</wcet>
            <wcet number="1">190</wcet>
            <maxpow number="0.27980733352638737"/>
            <maxpow number="0.27980733352638737"/>
            <fprob>0.0</fprob>
        </actor>
        <actor name="D0N23">
            <wcet number="0">10</wcet>
            <wcet number="1">20</wcet>
            <maxpow number="0.6591182538030079"/>
            <maxpow number="0.6591182538030079"/>
            <fprob>0.0</fprob>
        </actor>
        <actor name="D0N40">
            <wcet number="0">10</wcet>
            <wcet number="1">10</wcet>
            <maxpow number="0.7839248224600125"/>
            <maxpow number="0.7839248224600125"/>
            <fprob>0.0</fprob>
        </actor>
        <actor name="D0N21">
            <wcet number="0">10</wcet>
            <wcet number="1">100</wcet>
            <maxpow number="0.5326868427898005"/>
            <maxpow number="0.5326868427898005"/>
            <fprob>0.0</fprob>
        </actor>
        <actor name="D0N34">
            <wcet number="0">10</wcet>
            <wcet number="1">10</wcet>
            <maxpow number="0.4307453597436954"/>
            <maxpow number="0.4307453597436954"/>
            <fprob>0.0</fprob>
        </actor>
        <actor name="D0N16">
            <wcet number="0">90</wcet>
            <wcet number="1">90</wcet>
            <maxpow number="0.2155538162079056"/>
            <maxpow number="0.2155538162079056"/>
            <fprob>0.0</fprob>
        </actor>
        <actor name="D0N22">
            <wcet number="0">280</wcet>
            <wcet number="1">280</wcet>
            <maxpow number="0.7529270846995493"/>
            <maxpow number="0.7529270846995493"/>
            <fprob>0.0</fprob>
        </actor>
        <actor name="D0N12">
            <wcet number="0">300</wcet>
            <wcet number="1">310</wcet>
            <maxpow number="0.32653844981610436"/>
            <maxpow number="0.32653844981610436"/>
            <fprob>0.0</fprob>
        </actor>
        <actor name="D0N0">
            <wcet number="0">10</wcet>
            <wcet number="1">10</wcet>
            <maxpow number="0.5241341322693717"/>
            <maxpow number="0.5241341322693717"/>
            <fprob>0.0</fprob>
        </actor>
        <actor name="D0N14">
            <wcet number="0">170</wcet>
            <wcet number="1">190</wcet>
            <maxpow number="0.613079622299487"/>
            <maxpow number="0.613079622299487"/>
            <fprob>0.0</fprob>
        </actor>
        <actor name="D0N33">
            <wcet number="0">10</wcet>
            <wcet number="1">70</wcet>
            <maxpow number="0.6604474175177723"/>
            <maxpow number="0.6604474175177723"/>
            <fprob>0.0</fprob>
        </actor>
        <actor name="D0N19">
            <wcet number="0">40</wcet>
            <wcet number="1">50</wcet>
            <maxpow number="0.5525916827516983"/>
            <maxpow number="0.5525916827516983"/>
            <fprob>0.0</fprob>
        </actor>
        <actor name="D0N24">
            <wcet number="0">300</wcet>
            <wcet number="1">300</wcet>
            <maxpow number="0.48168663832457304"/>
            <maxpow number="0.48168663832457304"/>
            <fprob>0.0</fprob>
        </actor>
        <actor name="D0N13">
            <wcet number="0">80</wcet>
            <wcet number="1">90</wcet>
            <maxpow number="0.6748340308331298"/>
            <maxpow number="0.6748340308331298"/>
            <fprob>0.0</fprob>
        </actor>
        <actor name="D0N44">
            <wcet number="0">40</wcet>
            <wcet number="1">40</wcet>
            <maxpow number="0.838074663801224"/>
            <maxpow number="0.838074663801224"/>
            <fprob>0.0</fprob>
        </actor>
        <actor name="D0N7">
            <wcet number="0">210</wcet>
            <wcet number="1">320</wcet>
            <maxpow number="0.19521254940416294"/>
            <maxpow number="0.19521254940416294"/>
            <fprob>0.0</fprob>
        </actor>
        <actor name="D0N5">
            <wcet number="0">220</wcet>
            <wcet number="1">220</wcet>
            <maxpow number="0.3874141194072326"/>
            <maxpow number="0.3874141194072326"/>
            <fprob>0.0</fprob>
        </actor>
        <actor name="D0N17">
            <wcet number="0">20</wcet>
            <wcet number="1">20</wcet>
            <maxpow number="0.5300366366927908"/>
            <maxpow number="0.5300366366927908"/>
            <fprob>0.0</fprob>
        </actor>
        <actor name="D0N39">
            <wcet number="0">20</wcet>
            <wcet number="1">80</wcet>
            <maxpow number="0.6738898369384358"/>
            <maxpow number="0.6738898369384358"/>
            <fprob>0.0</fprob>
        </actor>
        <actor name="D0N28">
            <wcet number="0">40</wcet>
            <wcet number="1">90</wcet>
            <maxpow number="0.2927372279873831"/>
            <maxpow number="0.2927372279873831"/>
            <fprob>0.0</fprob>
        </actor>
        <actor name="D0N47">
            <wcet number="0">60</wcet>
            <wcet number="1">70</wcet>
            <maxpow number="0.5715916956318718"/>
            <maxpow number="0.5715916956318718"/>
            <fprob>0.0</fprob>
        </actor>
        <actor name="D0N15">
            <wcet number="0">30</wcet>
            <wcet number="1">50</wcet>
            <maxpow number="0.32243172827254074"/>
            <maxpow number="0.32243172827254074"/>
            <fprob>0.0</fprob>
        </actor>
        <actor name="D0N43">
            <wcet number="0">40</wcet>
            <wcet number="1">60</wcet>
            <maxpow number="0.763065165149125"/>
            <maxpow number="0.763065165149125"/>
            <fprob>0.0</fprob>
        </actor>
        <actor name="D0N31">
            <wcet number="0">10</wcet>
            <wcet number="1">10</wcet>
            <maxpow number="0.7083149469648768"/>
            <maxpow number="0.7083149469648768"/>
            <fprob>0.0</fprob>
        </actor>
        <actor name="D0N18">
            <wcet number="0">10</wcet>
            <wcet number="1">100</wcet>
            <maxpow number="0.35323031081336587"/>
            <maxpow number="0.35323031081336587"/>
            <fprob>0.0</fprob>
        </actor>
        <actor name="D0N48">
            <wcet number="0">30</wcet>
            <wcet number="1">70</wcet>
            <maxpow number="0.6982173206288211"/>
            <maxpow number="0.6982173206288211"/>
            <fprob>0.0</fprob>
        </actor>
        <actor name="D0N4">
            <wcet number="0">20</wcet>
            <wcet number="1">50</wcet>
            <maxpow number="0.24940617980694246"/>
            <maxpow number="0.24940617980694246"/>
            <fprob>0.0</fprob>
        </actor>
        <actor name="D0N46">
            <wcet number="0">80</wcet>
            <wcet number="1">150</wcet>
            <maxpow number="0.8474172406075109"/>
            <maxpow number="0.8474172406075109"/>
            <fprob>0.0</fprob>
        </actor>
        <actor name="D0N29">
            <wcet number="0">60</wcet>
            <wcet number="1">90</wcet>
            <maxpow number="0.6836281601143496"/>
            <maxpow number="0.6836281601143496"/>
            <fprob>0.0</fprob>
        </actor>
        <actor name="D0N32">
            <wcet number="0">90</wcet>
            <wcet number="1">350</wcet>
            <maxpow number="0.8124812699889865"/>
            <maxpow number="0.8124812699889865"/>
            <fprob>0.0</fprob>
        </actor>
        <actor name="D0N37">
            <wcet number="0">30</wcet>
            <wcet number="1">70</wcet>
            <maxpow number="0.6144819809280815"/>
            <maxpow number="0.6144819809280815"/>
            <fprob>0.0</fprob>
        </actor>
        <actor name="D0N41">
            <wcet number="0">10</wcet>
            <wcet number="1">10</wcet>
            <maxpow number="0.37927559604605765"/>
            <maxpow number="0.37927559604605765"/>
            <fprob>0.0</fprob>
        </actor>
        <actor name="D0N2">
            <wcet number="0">20</wcet>
            <wcet number="1">40</wcet>
            <maxpow number="0.47395112407713236"/>
            <maxpow number="0.47395112407713236"/>
            <fprob>0.0</fprob>
        </actor>
        <actor name="D0N42">
            <wcet number="0">80</wcet>
            <wcet number="1">150</wcet>
            <maxpow number="0.6523967189268335"/>
            <maxpow number="0.6523967189268335"/>
            <fprob>0.0</fprob>
        </actor>
        <actor name="D0N49">
            <wcet number="0">20</wcet>
            <wcet number="1">40</wcet>
            <maxpow number="0.40797734616812775"/>
            <maxpow number="0.40797734616812775"/>
            <fprob>0.0</fprob>
        </actor>
        <actor name="D0N9">
            <wcet number="0">50</wcet>
            <wcet number="1">60</wcet>
            <maxpow number="0.615096309181844"/>
            <maxpow number="0.615096309181844"/>
            <fprob>0.0</fprob>
        </actor>
        <actor name="D0N45">
            <wcet number="0">70</wcet>
            <wcet number="1">90</wcet>
            <maxpow number="0.5961781685810894"/>
            <maxpow number="0.5961781685810894"/>
            <fprob>0.0</fprob>
        </actor>
        <actor name="D0N27">
            <wcet number="0">70</wcet>
            <wcet number="1">80</wcet>
            <maxpow number="0.9653524438921326"/>
            <maxpow number="0.9653524438921326"/>
            <fprob>0.0</fprob>
        </actor>
        <actor name="D0N20">
            <wcet number="0">20</wcet>
            <wcet number="1">40</wcet>
            <maxpow number="0.689895853368699"/>
            <maxpow number="0.689895853368699"/>
            <fprob>0.0</fprob>
        </actor>
        <ports>
            <port dstActor="D0N46" name="p0" srcActor="D0N10"/>
            <port dstActor="D0N28" name="p1" srcActor="D0N10"/>
            <port dstActor="D0N42" name="p2" srcActor="D0N10"/>
            <port dstActor="D0N48" name="p3" srcActor="D0N10"/>
            <port dstActor="D0N14" name="p4" srcActor="D0N10"/>
            <port dstActor="D0N43" name="p5" srcActor="D0N30"/>
            <port dstActor="D0N41" name="p6" srcActor="D0N30"/>
            <port dstActor="D0N38" name="p7" srcActor="D0N30"/>
            <port dstActor="D0N47" name="p8" srcActor="D0N26"/>
            <port dstActor="D0N31" name="p9" srcActor="D0N26"/>
            <port dstActor="D0N49" name="p10" srcActor="D0N26"/>
            <port dstActor="D0N34" name="p11" srcActor="D0N26"/>
            <port dstActor="D0N9" name="p12" srcActor="D0N6"/>
            <port dstActor="D0N11" name="p13" srcActor="D0N6"/>
            <port dstActor="D0N20" name="p14" srcActor="D0N6"/>
            <port dstActor="D0N21" name="p15" srcActor="D0N6"/>
            <port dstActor="D0N38" name="p16" srcActor="D0N6"/>
            <port dstActor="D0N9" name="p17" srcActor="D0N1"/>
            <port dstActor="D0N25" name="p18" srcActor="D0N1"/>
            <port dstActor="D0N36" name="p19" srcActor="D0N3"/>
            <port dstActor="D0N30" name="p20" srcActor="D0N3"/>
            <port dstActor="D0N29" name="p21" srcActor="D0N3"/>
            <port dstActor="D0N32" name="p22" srcActor="D0N3"/>
            <port dstActor="D0N42" name="p23" srcActor="D0N36"/>
            <port dstActor="D0N40" name="p24" srcActor="D0N36"/>
            <port dstActor="D0N37" name="p25" srcActor="D0N25"/>
            <port dstActor="D0N29" name="p26" srcActor="D0N25"/>
            <port dstActor="D0N49" name="p27" srcActor="D0N11"/>
            <port dstActor="D0N38" name="p28" srcActor="D0N11"/>
            <port dstActor="D0N36" name="p29" srcActor="D0N11"/>
            <port dstActor="D0N23" name="p30" srcActor="D0N11"/>
            <port dstActor="D0N43" name="p31" srcActor="D0N11"/>
            <port dstActor="D0N16" name="p32" srcActor="D0N8"/>
            <port dstActor="D0N17" name="p33" srcActor="D0N8"/>
            <port dstActor="D0N36" name="p34" srcActor="D0N8"/>
            <port dstActor="D0N46" name="p35" srcActor="D0N38"/>
            <port dstActor="D0N25" name="p36" srcActor="D0N23"/>
            <port dstActor="D0N45" name="p37" srcActor="D0N23"/>
            <port dstActor="D0N43" name="p38" srcActor="D0N23"/>
            <port dstActor="D0N43" name="p39" srcActor="D0N21"/>
            <port dstActor="D0N49" name="p40" srcActor="D0N21"/>
            <port dstActor="D0N23" name="p41" srcActor="D0N16"/>
            <port dstActor="D0N32" name="p42" srcActor="D0N16"/>
            <port dstActor="D0N40" name="p43" srcActor="D0N16"/>
            <port dstActor="D0N28" name="p44" srcActor="D0N16"/>
            <port dstActor="D0N42" name="p45" srcActor="D0N22"/>
            <port dstActor="D0N36" name="p46" srcActor="D0N22"/>
            <port dstActor="D0N48" name="p47" srcActor="D0N12"/>
            <port dstActor="D0N7" name="p48" srcActor="D0N0"/>
            <port dstActor="D0N21" name="p49" srcActor="D0N0"/>
            <port dstActor="D0N26" name="p50" srcActor="D0N14"/>
            <port dstActor="D0N41" name="p51" srcActor="D0N33"/>
            <port dstActor="D0N40" name="p52" srcActor="D0N33"/>
            <port dstActor="D0N39" name="p53" srcActor="D0N19"/>
            <port dstActor="D0N37" name="p54" srcActor="D0N19"/>
            <port dstActor="D0N32" name="p55" srcActor="D0N19"/>
            <port dstActor="D0N49" name="p56" srcActor="D0N24"/>
            <port dstActor="D0N28" name="p57" srcActor="D0N24"/>
            <port dstActor="D0N32" name="p58" srcActor="D0N24"/>
            <port dstActor="D0N46" name="p59" srcActor="D0N24"/>
            <port dstActor="D0N42" name="p60" srcActor="D0N24"/>
            <port dstActor="D0N29" name="p61" srcActor="D0N13"/>
            <port dstActor="D0N45" name="p62" srcActor="D0N13"/>
            <port dstActor="D0N36" name="p63" srcActor="D0N13"/>
            <port dstActor="D0N48" name="p64" srcActor="D0N13"/>
            <port dstActor="D0N37" name="p65" srcActor="D0N13"/>
            <port dstActor="D0N34" name="p66" srcActor="D0N13"/>
            <port dstActor="D0N47" name="p67" srcActor="D0N44"/>
            <port dstActor="D0N48" name="p68" srcActor="D0N7"/>
            <port dstActor="D0N13" name="p69" srcActor="D0N7"/>
            <port dstActor="D0N11" name="p70" srcActor="D0N5"/>
            <port dstActor="D0N36" name="p71" srcActor="D0N5"/>
            <port dstActor="D0N32" name="p72" srcActor="D0N5"/>
            <port dstActor="D0N49" name="p73" srcActor="D0N5"/>
            <port dstActor="D0N19" name="p74" srcActor="D0N5"/>
            <port dstActor="D0N34" name="p75" srcActor="D0N5"/>
            <port dstActor="D0N8" name="p76" srcActor="D0N5"/>
            <port dstActor="D0N18" name="p77" srcActor="D0N5"/>
            <port dstActor="D0N47" name="p78" srcActor="D0N5"/>
            <port dstActor="D0N39" name="p79" srcActor="D0N17"/>
            <port dstActor="D0N33" name="p80" srcActor="D0N28"/>
            <port dstActor="D0N40" name="p81" srcActor="D0N28"/>
            <port dstActor="D0N35" name="p82" srcActor="D0N28"/>
            <port dstActor="D0N49" name="p83" srcActor="D0N47"/>
            <port dstActor="D0N39" name="p84" srcActor="D0N15"/>
            <port dstActor="D0N41" name="p85" srcActor="D0N15"/>
            <port dstActor="D0N46" name="p86" srcActor="D0N15"/>
            <port dstActor="D0N45" name="p87" srcActor="D0N43"/>
            <port dstActor="D0N44" name="p88" srcActor="D0N43"/>
            <port dstActor="D0N43" name="p89" srcActor="D0N18"/>
            <port dstActor="D0N48" name="p90" srcActor="D0N18"/>
            <port dstActor="D0N49" name="p91" srcActor="D0N4"/>
            <port dstActor="D0N17" name="p92" srcActor="D0N4"/>
            <port dstActor="D0N32" name="p93" srcActor="D0N4"/>
            <port dstActor="D0N10" name="p94" srcActor="D0N4"/>
            <port dstActor="D0N20" name="p95" srcActor="D0N4"/>
            <port dstActor="D0N33" name="p96" srcActor="D0N4"/>
            <port dstActor="D0N36" name="p97" srcActor="D0N4"/>
            <port dstActor="D0N38" name="p98" srcActor="D0N29"/>
            <port dstActor="D0N35" name="p99" srcActor="D0N32"/>
            <port dstActor="D0N38" name="p100" srcActor="D0N37"/>
            <port dstActor="D0N47" name="p101" srcActor="D0N37"/>
            <port dstActor="D0N42" name="p102" srcActor="D0N41"/>
            <port dstActor="D0N13" name="p103" srcActor="D0N2"/>
            <port dstActor="D0N25" name="p104" srcActor="D0N2"/>
            <port dstActor="D0N49" name="p105" srcActor="D0N2"/>
            <port dstActor="D0N41" name="p106" srcActor="D0N2"/>
            <port dstActor="D0N47" name="p107" srcActor="D0N42"/>
            <port dstActor="D0N17" name="p108" srcActor="D0N9"/>
            <port dstActor="D0N39" name="p109" srcActor="D0N9"/>
            <port dstActor="D0N20" name="p110" srcActor="D0N9"/>
            <port dstActor="D0N38" name="p111" srcActor="D0N27"/>
            <port dstActor="D0N38" name="p112" srcActor="D0N20"/>
            <port dstActor="D0N42" name="p113" srcActor="D0N20"/>
            <port dstActor="D0N47" name="p114" srcActor="D0N20"/>
            <port dstActor="D0N31" name="p115" srcActor="D0N20"/>
        </ports>
    </mcdag>
    <cores number="3"/>
    <levels number="2"/>
</mcsystem>
