<?xml version="1.0" encoding="UTF-8" standalone="no"?>
<mcsystem>
    <mcdag deadline="5000" name="genned-0-ed-10.0-0">
        <actor name="D0N18">
            <wcet number="0">20</wcet>
            <wcet number="1">40</wcet>
            <maxpow number="0.44693580388202175"/>
            <maxpow number="0.44693580388202175"/>
            <fprob>0.0</fprob>
        </actor>
        <actor name="D0N44">
            <wcet number="0">50</wcet>
            <wcet number="1">70</wcet>
            <maxpow number="0.7291231124217086"/>
            <maxpow number="0.7291231124217086"/>
            <fprob>0.0</fprob>
        </actor>
        <actor name="D0N5">
            <wcet number="0">470</wcet>
            <wcet number="1">610</wcet>
            <maxpow number="0.39604217733968905"/>
            <maxpow number="0.39604217733968905"/>
            <fprob>0.0</fprob>
        </actor>
        <actor name="D0N34">
            <wcet number="0">130</wcet>
            <wcet number="1">520</wcet>
            <maxpow number="0.5818090642309138"/>
            <maxpow number="0.5818090642309138"/>
            <fprob>0.0</fprob>
        </actor>
        <actor name="D0N40">
            <wcet number="0">480</wcet>
            <wcet number="1">530</wcet>
            <maxpow number="0.4490804254235115"/>
            <maxpow number="0.4490804254235115"/>
            <fprob>0.0</fprob>
        </actor>
        <actor name="D0N42">
            <wcet number="0">320</wcet>
            <wcet number="1">570</wcet>
            <maxpow number="0.5932115771003341"/>
            <maxpow number="0.5932115771003341"/>
            <fprob>0.0</fprob>
        </actor>
        <actor name="D0N43">
            <wcet number="0">20</wcet>
            <wcet number="1">40</wcet>
            <maxpow number="0.7324905229610927"/>
            <maxpow number="0.7324905229610927"/>
            <fprob>0.0</fprob>
        </actor>
        <actor name="D0N2">
            <wcet number="0">370</wcet>
            <wcet number="1">370</wcet>
            <maxpow number="0.2104480890688616"/>
            <maxpow number="0.2104480890688616"/>
            <fprob>0.0</fprob>
        </actor>
        <actor name="D0N23">
            <wcet number="0">30</wcet>
            <wcet number="1">40</wcet>
            <maxpow number="0.6540303284928222"/>
            <maxpow number="0.6540303284928222"/>
            <fprob>0.0</fprob>
        </actor>
        <actor name="D0N20">
            <wcet number="0">150</wcet>
            <wcet number="1">190</wcet>
            <maxpow number="0.2748560033271682"/>
            <maxpow number="0.2748560033271682"/>
            <fprob>0.0</fprob>
        </actor>
        <actor name="D0N16">
            <wcet number="0">10</wcet>
            <wcet number="1">400</wcet>
            <maxpow number="0.732328720597079"/>
            <maxpow number="0.732328720597079"/>
            <fprob>0.0</fprob>
        </actor>
        <actor name="D0N15">
            <wcet number="0">210</wcet>
            <wcet number="1">250</wcet>
            <maxpow number="0.29739431675453976"/>
            <maxpow number="0.29739431675453976"/>
            <fprob>0.0</fprob>
        </actor>
        <actor name="D0N19">
            <wcet number="0">110</wcet>
            <wcet number="1">130</wcet>
            <maxpow number="0.46120233955419515"/>
            <maxpow number="0.46120233955419515"/>
            <fprob>0.0</fprob>
        </actor>
        <actor name="D0N29">
            <wcet number="0">70</wcet>
            <wcet number="1">230</wcet>
            <maxpow number="0.36091547916255884"/>
            <maxpow number="0.36091547916255884"/>
            <fprob>0.0</fprob>
        </actor>
        <actor name="D0N21">
            <wcet number="0">20</wcet>
            <wcet number="1">160</wcet>
            <maxpow number="0.827852308027397"/>
            <maxpow number="0.827852308027397"/>
            <fprob>0.0</fprob>
        </actor>
        <actor name="D0N30">
            <wcet number="0">30</wcet>
            <wcet number="1">60</wcet>
            <maxpow number="0.4483216175024663"/>
            <maxpow number="0.4483216175024663"/>
            <fprob>0.0</fprob>
        </actor>
        <actor name="D0N9">
            <wcet number="0">10</wcet>
            <wcet number="1">70</wcet>
            <maxpow number="0.6467898227711434"/>
            <maxpow number="0.6467898227711434"/>
            <fprob>0.0</fprob>
        </actor>
        <actor name="D0N6">
            <wcet number="0">120</wcet>
            <wcet number="1">410</wcet>
            <maxpow number="0.4254065368423906"/>
            <maxpow number="0.4254065368423906"/>
            <fprob>0.0</fprob>
        </actor>
        <actor name="D0N25">
            <wcet number="0">240</wcet>
            <wcet number="1">240</wcet>
            <maxpow number="0.8312764707448989"/>
            <maxpow number="0.8312764707448989"/>
            <fprob>0.0</fprob>
        </actor>
        <actor name="D0N17">
            <wcet number="0">10</wcet>
            <wcet number="1">10</wcet>
            <maxpow number="0.1810276509169194"/>
            <maxpow number="0.1810276509169194"/>
            <fprob>0.0</fprob>
        </actor>
        <actor name="D0N8">
            <wcet number="0">170</wcet>
            <wcet number="1">550</wcet>
            <maxpow number="0.7173478891801666"/>
            <maxpow number="0.7173478891801666"/>
            <fprob>0.0</fprob>
        </actor>
        <actor name="D0N7">
            <wcet number="0">60</wcet>
            <wcet number="1">70</wcet>
            <maxpow number="0.4542190098573809"/>
            <maxpow number="0.4542190098573809"/>
            <fprob>0.0</fprob>
        </actor>
        <actor name="D0N12">
            <wcet number="0">20</wcet>
            <wcet number="1">210</wcet>
            <maxpow number="0.32541508462112956"/>
            <maxpow number="0.32541508462112956"/>
            <fprob>0.0</fprob>
        </actor>
        <actor name="D0N13">
            <wcet number="0">30</wcet>
            <wcet number="1">260</wcet>
            <maxpow number="0.5742085185581469"/>
            <maxpow number="0.5742085185581469"/>
            <fprob>0.0</fprob>
        </actor>
        <actor name="D0N27">
            <wcet number="0">90</wcet>
            <wcet number="1">150</wcet>
            <maxpow number="0.48132402933223584"/>
            <maxpow number="0.48132402933223584"/>
            <fprob>0.0</fprob>
        </actor>
        <actor name="D0N22">
            <wcet number="0">10</wcet>
            <wcet number="1">50</wcet>
            <maxpow number="0.48357283381304517"/>
            <maxpow number="0.48357283381304517"/>
            <fprob>0.0</fprob>
        </actor>
        <actor name="D0N24">
            <wcet number="0">190</wcet>
            <wcet number="1">230</wcet>
            <maxpow number="0.3182942713971864"/>
            <maxpow number="0.3182942713971864"/>
            <fprob>0.0</fprob>
        </actor>
        <actor name="D0N35">
            <wcet number="0">60</wcet>
            <wcet number="1">360</wcet>
            <maxpow number="0.3112361550015305"/>
            <maxpow number="0.3112361550015305"/>
            <fprob>0.0</fprob>
        </actor>
        <actor name="D0N0">
            <wcet number="0">10</wcet>
            <wcet number="1">50</wcet>
            <maxpow number="0.45118648362938873"/>
            <maxpow number="0.45118648362938873"/>
            <fprob>0.0</fprob>
        </actor>
        <actor name="D0N32">
            <wcet number="0">120</wcet>
            <wcet number="1">230</wcet>
            <maxpow number="0.289378068852931"/>
            <maxpow number="0.289378068852931"/>
            <fprob>0.0</fprob>
        </actor>
        <actor name="D0N28">
            <wcet number="0">40</wcet>
            <wcet number="1">210</wcet>
            <maxpow number="0.7199979075250587"/>
            <maxpow number="0.7199979075250587"/>
            <fprob>0.0</fprob>
        </actor>
        <actor name="D0N11">
            <wcet number="0">20</wcet>
            <wcet number="1">70</wcet>
            <maxpow number="0.6319088225780846"/>
            <maxpow number="0.6319088225780846"/>
            <fprob>0.0</fprob>
        </actor>
        <actor name="D0N10">
            <wcet number="0">370</wcet>
            <wcet number="1">430</wcet>
            <maxpow number="0.7462570728905356"/>
            <maxpow number="0.7462570728905356"/>
            <fprob>0.0</fprob>
        </actor>
        <actor name="D0N1">
            <wcet number="0">70</wcet>
            <wcet number="1">120</wcet>
            <maxpow number="0.4890607360751196"/>
            <maxpow number="0.4890607360751196"/>
            <fprob>0.0</fprob>
        </actor>
        <actor name="D0N46">
            <wcet number="0">80</wcet>
            <wcet number="1">390</wcet>
            <maxpow number="0.4482115125587918"/>
            <maxpow number="0.4482115125587918"/>
            <fprob>0.0</fprob>
        </actor>
        <actor name="D0N31">
            <wcet number="0">10</wcet>
            <wcet number="1">10</wcet>
            <maxpow number="0.5776873299465471"/>
            <maxpow number="0.5776873299465471"/>
            <fprob>0.0</fprob>
        </actor>
        <actor name="D0N38">
            <wcet number="0">40</wcet>
            <wcet number="1">50</wcet>
            <maxpow number="0.6536627529576675"/>
            <maxpow number="0.6536627529576675"/>
            <fprob>0.0</fprob>
        </actor>
        <actor name="D0N4">
            <wcet number="0">60</wcet>
            <wcet number="1">60</wcet>
            <maxpow number="0.4089591184552285"/>
            <maxpow number="0.4089591184552285"/>
            <fprob>0.0</fprob>
        </actor>
        <actor name="D0N33">
            <wcet number="0">80</wcet>
            <wcet number="1">130</wcet>
            <maxpow number="0.24542488113514427"/>
            <maxpow number="0.24542488113514427"/>
            <fprob>0.0</fprob>
        </actor>
        <actor name="D0N37">
            <wcet number="0">380</wcet>
            <wcet number="1">580</wcet>
            <maxpow number="0.351933856912122"/>
            <maxpow number="0.351933856912122"/>
            <fprob>0.0</fprob>
        </actor>
        <actor name="D0N3">
            <wcet number="0">110</wcet>
            <wcet number="1">210</wcet>
            <maxpow number="0.9620814254635002"/>
            <maxpow number="0.9620814254635002"/>
            <fprob>0.0</fprob>
        </actor>
        <actor name="D0N14">
            <wcet number="0">40</wcet>
            <wcet number="1">80</wcet>
            <maxpow number="0.6311132547764443"/>
            <maxpow number="0.6311132547764443"/>
            <fprob>0.0</fprob>
        </actor>
        <actor name="D0N45">
            <wcet number="0">240</wcet>
            <wcet number="1">300</wcet>
            <maxpow number="0.6897043774737384"/>
            <maxpow number="0.6897043774737384"/>
            <fprob>0.0</fprob>
        </actor>
        <actor name="D0N26">
            <wcet number="0">10</wcet>
            <wcet number="1">10</wcet>
            <maxpow number="0.3902723675990759"/>
            <maxpow number="0.3902723675990759"/>
            <fprob>0.0</fprob>
        </actor>
        <actor name="D0N47">
            <wcet number="0">110</wcet>
            <wcet number="1">180</wcet>
            <maxpow number="0.4861975857435006"/>
            <maxpow number="0.4861975857435006"/>
            <fprob>0.0</fprob>
        </actor>
        <actor name="D0N39">
            <wcet number="0">190</wcet>
            <wcet number="1">220</wcet>
            <maxpow number="0.43782113453076066"/>
            <maxpow number="0.43782113453076066"/>
            <fprob>0.0</fprob>
        </actor>
        <actor name="D0N41">
            <wcet number="0">50</wcet>
            <wcet number="1">160</wcet>
            <maxpow number="0.5893729740481948"/>
            <maxpow number="0.5893729740481948"/>
            <fprob>0.0</fprob>
        </actor>
        <actor name="D0N36">
            <wcet number="0">50</wcet>
            <wcet number="1">190</wcet>
            <maxpow number="0.6207151206118056"/>
            <maxpow number="0.6207151206118056"/>
            <fprob>0.0</fprob>
        </actor>
        <ports>
            <port dstActor="D0N41" name="p0" srcActor="D0N18"/>
            <port dstActor="D0N31" name="p1" srcActor="D0N18"/>
            <port dstActor="D0N39" name="p2" srcActor="D0N18"/>
            <port dstActor="D0N44" name="p3" srcActor="D0N18"/>
            <port dstActor="D0N40" name="p4" srcActor="D0N5"/>
            <port dstActor="D0N24" name="p5" srcActor="D0N5"/>
            <port dstActor="D0N43" name="p6" srcActor="D0N34"/>
            <port dstActor="D0N42" name="p7" srcActor="D0N34"/>
            <port dstActor="D0N38" name="p8" srcActor="D0N34"/>
            <port dstActor="D0N41" name="p9" srcActor="D0N40"/>
            <port dstActor="D0N44" name="p10" srcActor="D0N42"/>
            <port dstActor="D0N6" name="p11" srcActor="D0N2"/>
            <port dstActor="D0N32" name="p12" srcActor="D0N2"/>
            <port dstActor="D0N19" name="p13" srcActor="D0N2"/>
            <port dstActor="D0N33" name="p14" srcActor="D0N2"/>
            <port dstActor="D0N36" name="p15" srcActor="D0N20"/>
            <port dstActor="D0N33" name="p16" srcActor="D0N16"/>
            <port dstActor="D0N23" name="p17" srcActor="D0N16"/>
            <port dstActor="D0N43" name="p18" srcActor="D0N16"/>
            <port dstActor="D0N44" name="p19" srcActor="D0N16"/>
            <port dstActor="D0N36" name="p20" srcActor="D0N16"/>
            <port dstActor="D0N36" name="p21" srcActor="D0N19"/>
            <port dstActor="D0N25" name="p22" srcActor="D0N19"/>
            <port dstActor="D0N38" name="p23" srcActor="D0N19"/>
            <port dstActor="D0N40" name="p24" srcActor="D0N19"/>
            <port dstActor="D0N42" name="p25" srcActor="D0N19"/>
            <port dstActor="D0N46" name="p26" srcActor="D0N29"/>
            <port dstActor="D0N25" name="p27" srcActor="D0N21"/>
            <port dstActor="D0N31" name="p28" srcActor="D0N21"/>
            <port dstActor="D0N27" name="p29" srcActor="D0N21"/>
            <port dstActor="D0N44" name="p30" srcActor="D0N30"/>
            <port dstActor="D0N27" name="p31" srcActor="D0N9"/>
            <port dstActor="D0N41" name="p32" srcActor="D0N9"/>
            <port dstActor="D0N37" name="p33" srcActor="D0N9"/>
            <port dstActor="D0N24" name="p34" srcActor="D0N6"/>
            <port dstActor="D0N46" name="p35" srcActor="D0N6"/>
            <port dstActor="D0N15" name="p36" srcActor="D0N6"/>
            <port dstActor="D0N10" name="p37" srcActor="D0N6"/>
            <port dstActor="D0N26" name="p38" srcActor="D0N6"/>
            <port dstActor="D0N41" name="p39" srcActor="D0N6"/>
            <port dstActor="D0N33" name="p40" srcActor="D0N6"/>
            <port dstActor="D0N34" name="p41" srcActor="D0N6"/>
            <port dstActor="D0N44" name="p42" srcActor="D0N25"/>
            <port dstActor="D0N45" name="p43" srcActor="D0N25"/>
            <port dstActor="D0N47" name="p44" srcActor="D0N25"/>
            <port dstActor="D0N28" name="p45" srcActor="D0N25"/>
            <port dstActor="D0N41" name="p46" srcActor="D0N25"/>
            <port dstActor="D0N41" name="p47" srcActor="D0N17"/>
            <port dstActor="D0N25" name="p48" srcActor="D0N17"/>
            <port dstActor="D0N45" name="p49" srcActor="D0N8"/>
            <port dstActor="D0N35" name="p50" srcActor="D0N8"/>
            <port dstActor="D0N28" name="p51" srcActor="D0N8"/>
            <port dstActor="D0N43" name="p52" srcActor="D0N8"/>
            <port dstActor="D0N31" name="p53" srcActor="D0N7"/>
            <port dstActor="D0N38" name="p54" srcActor="D0N7"/>
            <port dstActor="D0N46" name="p55" srcActor="D0N7"/>
            <port dstActor="D0N19" name="p56" srcActor="D0N7"/>
            <port dstActor="D0N23" name="p57" srcActor="D0N12"/>
            <port dstActor="D0N26" name="p58" srcActor="D0N12"/>
            <port dstActor="D0N37" name="p59" srcActor="D0N12"/>
            <port dstActor="D0N18" name="p60" srcActor="D0N12"/>
            <port dstActor="D0N31" name="p61" srcActor="D0N12"/>
            <port dstActor="D0N17" name="p62" srcActor="D0N13"/>
            <port dstActor="D0N33" name="p63" srcActor="D0N27"/>
            <port dstActor="D0N36" name="p64" srcActor="D0N27"/>
            <port dstActor="D0N43" name="p65" srcActor="D0N27"/>
            <port dstActor="D0N31" name="p66" srcActor="D0N22"/>
            <port dstActor="D0N41" name="p67" srcActor="D0N22"/>
            <port dstActor="D0N35" name="p68" srcActor="D0N22"/>
            <port dstActor="D0N40" name="p69" srcActor="D0N22"/>
            <port dstActor="D0N34" name="p70" srcActor="D0N24"/>
            <port dstActor="D0N29" name="p71" srcActor="D0N24"/>
            <port dstActor="D0N42" name="p72" srcActor="D0N24"/>
            <port dstActor="D0N36" name="p73" srcActor="D0N24"/>
            <port dstActor="D0N39" name="p74" srcActor="D0N24"/>
            <port dstActor="D0N31" name="p75" srcActor="D0N24"/>
            <port dstActor="D0N44" name="p76" srcActor="D0N35"/>
            <port dstActor="D0N45" name="p77" srcActor="D0N35"/>
            <port dstActor="D0N47" name="p78" srcActor="D0N35"/>
            <port dstActor="D0N42" name="p79" srcActor="D0N35"/>
            <port dstActor="D0N40" name="p80" srcActor="D0N35"/>
            <port dstActor="D0N31" name="p81" srcActor="D0N0"/>
            <port dstActor="D0N3" name="p82" srcActor="D0N0"/>
            <port dstActor="D0N18" name="p83" srcActor="D0N0"/>
            <port dstActor="D0N23" name="p84" srcActor="D0N0"/>
            <port dstActor="D0N6" name="p85" srcActor="D0N0"/>
            <port dstActor="D0N39" name="p86" srcActor="D0N32"/>
            <port dstActor="D0N34" name="p87" srcActor="D0N28"/>
            <port dstActor="D0N46" name="p88" srcActor="D0N28"/>
            <port dstActor="D0N39" name="p89" srcActor="D0N11"/>
            <port dstActor="D0N25" name="p90" srcActor="D0N11"/>
            <port dstActor="D0N34" name="p91" srcActor="D0N11"/>
            <port dstActor="D0N15" name="p92" srcActor="D0N10"/>
            <port dstActor="D0N43" name="p93" srcActor="D0N10"/>
            <port dstActor="D0N20" name="p94" srcActor="D0N1"/>
            <port dstActor="D0N36" name="p95" srcActor="D0N1"/>
            <port dstActor="D0N44" name="p96" srcActor="D0N1"/>
            <port dstActor="D0N38" name="p97" srcActor="D0N4"/>
            <port dstActor="D0N40" name="p98" srcActor="D0N4"/>
            <port dstActor="D0N31" name="p99" srcActor="D0N4"/>
            <port dstActor="D0N46" name="p100" srcActor="D0N4"/>
            <port dstActor="D0N35" name="p101" srcActor="D0N4"/>
            <port dstActor="D0N35" name="p102" srcActor="D0N33"/>
            <port dstActor="D0N44" name="p103" srcActor="D0N3"/>
            <port dstActor="D0N13" name="p104" srcActor="D0N3"/>
            <port dstActor="D0N47" name="p105" srcActor="D0N3"/>
            <port dstActor="D0N31" name="p106" srcActor="D0N3"/>
            <port dstActor="D0N21" name="p107" srcActor="D0N14"/>
            <port dstActor="D0N15" name="p108" srcActor="D0N14"/>
            <port dstActor="D0N41" name="p109" srcActor="D0N26"/>
            <port dstActor="D0N31" name="p110" srcActor="D0N26"/>
            <port dstActor="D0N44" name="p111" srcActor="D0N26"/>
            <port dstActor="D0N47" name="p112" srcActor="D0N26"/>
            <port dstActor="D0N44" name="p113" srcActor="D0N39"/>
            <port dstActor="D0N43" name="p114" srcActor="D0N39"/>
            <port dstActor="D0N42" name="p115" srcActor="D0N41"/>
            <port dstActor="D0N38" name="p116" srcActor="D0N36"/>
        </ports>
    </mcdag>
    <cores number="3"/>
    <levels number="2"/>
</mcsystem>
