<?xml version="1.0" encoding="UTF-8" standalone="no"?>
<sched>
    <Mode-0>
        <core number="0">
            <slot slot="0">D0N4</slot>
            <slot slot="1">D0N4</slot>
            <slot slot="2">D0N4</slot>
            <slot slot="3">D0N4</slot>
            <slot slot="4">D0N4</slot>
            <slot slot="5">D0N4</slot>
            <slot slot="6">D0N4</slot>
            <slot slot="7">D0N4</slot>
            <slot slot="8">D0N4</slot>
            <slot slot="9">D0N4</slot>
            <slot slot="10">D0N4</slot>
            <slot slot="11">D0N4</slot>
            <slot slot="12">D0N4</slot>
            <slot slot="13">D0N4</slot>
            <slot slot="14">D0N4</slot>
            <slot slot="15">D0N4</slot>
            <slot slot="16">D0N4</slot>
            <slot slot="17">D0N4</slot>
            <slot slot="18">D0N4</slot>
            <slot slot="19">D0N4</slot>
            <slot slot="20">D0N4</slot>
            <slot slot="21">D0N4</slot>
            <slot slot="22">D0N4</slot>
            <slot slot="23">D0N4</slot>
            <slot slot="24">D0N4</slot>
            <slot slot="25">D0N4</slot>
            <slot slot="26">D0N4</slot>
            <slot slot="27">D0N4</slot>
            <slot slot="28">D0N4</slot>
            <slot slot="29">D0N4</slot>
            <slot slot="30">D0N11</slot>
            <slot slot="31">D0N11</slot>
            <slot slot="32">D0N11</slot>
            <slot slot="33">D0N11</slot>
            <slot slot="34">D0N11</slot>
            <slot slot="35">D0N11</slot>
            <slot slot="36">D0N11</slot>
            <slot slot="37">D0N11</slot>
            <slot slot="38">D0N11</slot>
            <slot slot="39">D0N11</slot>
            <slot slot="40">D0N13</slot>
            <slot slot="41">D0N13</slot>
            <slot slot="42">D0N13</slot>
            <slot slot="43">D0N13</slot>
            <slot slot="44">D0N13</slot>
            <slot slot="45">D0N13</slot>
            <slot slot="46">D0N13</slot>
            <slot slot="47">D0N13</slot>
            <slot slot="48">D0N13</slot>
            <slot slot="49">D0N13</slot>
            <slot slot="50">D0N0</slot>
            <slot slot="51">D0N0</slot>
            <slot slot="52">D0N0</slot>
            <slot slot="53">D0N0</slot>
            <slot slot="54">D0N0</slot>
            <slot slot="55">D0N0</slot>
            <slot slot="56">D0N0</slot>
            <slot slot="57">D0N0</slot>
            <slot slot="58">D0N0</slot>
            <slot slot="59">D0N0</slot>
            <slot slot="60">D0N0</slot>
            <slot slot="61">D0N0</slot>
            <slot slot="62">D0N0</slot>
            <slot slot="63">D0N0</slot>
            <slot slot="64">D0N0</slot>
            <slot slot="65">D0N0</slot>
            <slot slot="66">D0N0</slot>
            <slot slot="67">D0N0</slot>
            <slot slot="68">D0N0</slot>
            <slot slot="69">D0N0</slot>
            <slot slot="70">D0N0</slot>
            <slot slot="71">D0N0</slot>
            <slot slot="72">D0N0</slot>
            <slot slot="73">D0N0</slot>
            <slot slot="74">D0N0</slot>
            <slot slot="75">D0N0</slot>
            <slot slot="76">D0N0</slot>
            <slot slot="77">D0N0</slot>
            <slot slot="78">D0N0</slot>
            <slot slot="79">D0N0</slot>
            <slot slot="80">D0N0</slot>
            <slot slot="81">D0N0</slot>
            <slot slot="82">D0N0</slot>
            <slot slot="83">D0N0</slot>
            <slot slot="84">D0N0</slot>
            <slot slot="85">D0N0</slot>
            <slot slot="86">D0N0</slot>
            <slot slot="87">D0N0</slot>
            <slot slot="88">D0N0</slot>
            <slot slot="89">D0N0</slot>
            <slot slot="90">D0N0</slot>
            <slot slot="91">D0N0</slot>
            <slot slot="92">D0N0</slot>
            <slot slot="93">D0N0</slot>
            <slot slot="94">D0N0</slot>
            <slot slot="95">D0N0</slot>
            <slot slot="96">D0N0</slot>
            <slot slot="97">D0N0</slot>
            <slot slot="98">D0N0</slot>
            <slot slot="99">D0N0</slot>
            <slot slot="100">D0N0</slot>
            <slot slot="101">D0N0</slot>
            <slot slot="102">D0N0</slot>
            <slot slot="103">D0N0</slot>
            <slot slot="104">D0N0</slot>
            <slot slot="105">D0N0</slot>
            <slot slot="106">D0N0</slot>
            <slot slot="107">D0N0</slot>
            <slot slot="108">D0N0</slot>
            <slot slot="109">D0N0</slot>
            <slot slot="110">D0N0</slot>
            <slot slot="111">D0N0</slot>
            <slot slot="112">D0N0</slot>
            <slot slot="113">D0N0</slot>
            <slot slot="114">D0N0</slot>
            <slot slot="115">D0N0</slot>
            <slot slot="116">D0N0</slot>
            <slot slot="117">D0N0</slot>
            <slot slot="118">D0N0</slot>
            <slot slot="119">D0N0</slot>
            <slot slot="120">D0N9</slot>
            <slot slot="121">D0N9</slot>
            <slot slot="122">D0N9</slot>
            <slot slot="123">D0N9</slot>
            <slot slot="124">D0N9</slot>
            <slot slot="125">D0N9</slot>
            <slot slot="126">D0N9</slot>
            <slot slot="127">D0N9</slot>
            <slot slot="128">D0N9</slot>
            <slot slot="129">D0N9</slot>
            <slot slot="130">D0N15</slot>
            <slot slot="131">D0N15</slot>
            <slot slot="132">D0N15</slot>
            <slot slot="133">D0N15</slot>
            <slot slot="134">D0N15</slot>
            <slot slot="135">D0N15</slot>
            <slot slot="136">D0N15</slot>
            <slot slot="137">D0N15</slot>
            <slot slot="138">D0N15</slot>
            <slot slot="139">D0N15</slot>
            <slot slot="140">D0N15</slot>
            <slot slot="141">D0N15</slot>
            <slot slot="142">D0N15</slot>
            <slot slot="143">D0N15</slot>
            <slot slot="144">D0N15</slot>
            <slot slot="145">D0N15</slot>
            <slot slot="146">D0N15</slot>
            <slot slot="147">D0N15</slot>
            <slot slot="148">D0N15</slot>
            <slot slot="149">D0N15</slot>
            <slot slot="150">D0N15</slot>
            <slot slot="151">D0N15</slot>
            <slot slot="152">D0N15</slot>
            <slot slot="153">D0N15</slot>
            <slot slot="154">D0N15</slot>
            <slot slot="155">D0N15</slot>
            <slot slot="156">D0N15</slot>
            <slot slot="157">D0N15</slot>
            <slot slot="158">D0N15</slot>
            <slot slot="159">D0N15</slot>
            <slot slot="160">D0N15</slot>
            <slot slot="161">D0N15</slot>
            <slot slot="162">D0N15</slot>
            <slot slot="163">D0N15</slot>
            <slot slot="164">D0N15</slot>
            <slot slot="165">D0N15</slot>
            <slot slot="166">D0N15</slot>
            <slot slot="167">D0N15</slot>
            <slot slot="168">D0N15</slot>
            <slot slot="169">D0N15</slot>
            <slot slot="170">D0N15</slot>
            <slot slot="171">D0N15</slot>
            <slot slot="172">D0N15</slot>
            <slot slot="173">D0N15</slot>
            <slot slot="174">D0N15</slot>
            <slot slot="175">D0N15</slot>
            <slot slot="176">D0N15</slot>
            <slot slot="177">D0N15</slot>
            <slot slot="178">D0N15</slot>
            <slot slot="179">D0N15</slot>
            <slot slot="180">D0N15</slot>
            <slot slot="181">D0N15</slot>
            <slot slot="182">D0N15</slot>
            <slot slot="183">D0N15</slot>
            <slot slot="184">D0N15</slot>
            <slot slot="185">D0N15</slot>
            <slot slot="186">D0N15</slot>
            <slot slot="187">D0N15</slot>
            <slot slot="188">D0N15</slot>
            <slot slot="189">D0N15</slot>
            <slot slot="190">D0N15</slot>
            <slot slot="191">D0N15</slot>
            <slot slot="192">D0N15</slot>
            <slot slot="193">D0N15</slot>
            <slot slot="194">D0N15</slot>
            <slot slot="195">D0N15</slot>
            <slot slot="196">D0N15</slot>
            <slot slot="197">D0N15</slot>
            <slot slot="198">D0N15</slot>
            <slot slot="199">D0N15</slot>
            <slot slot="200">D0N15</slot>
            <slot slot="201">D0N15</slot>
            <slot slot="202">D0N15</slot>
            <slot slot="203">D0N15</slot>
            <slot slot="204">D0N15</slot>
            <slot slot="205">D0N15</slot>
            <slot slot="206">D0N15</slot>
            <slot slot="207">D0N15</slot>
            <slot slot="208">D0N15</slot>
            <slot slot="209">D0N15</slot>
            <slot slot="210">D0N15</slot>
            <slot slot="211">D0N15</slot>
            <slot slot="212">D0N15</slot>
            <slot slot="213">D0N15</slot>
            <slot slot="214">D0N15</slot>
            <slot slot="215">D0N15</slot>
            <slot slot="216">D0N15</slot>
            <slot slot="217">D0N15</slot>
            <slot slot="218">D0N15</slot>
            <slot slot="219">D0N15</slot>
            <slot slot="220">D0N15</slot>
            <slot slot="221">D0N15</slot>
            <slot slot="222">D0N15</slot>
            <slot slot="223">D0N15</slot>
            <slot slot="224">D0N15</slot>
            <slot slot="225">D0N15</slot>
            <slot slot="226">D0N15</slot>
            <slot slot="227">D0N15</slot>
            <slot slot="228">D0N15</slot>
            <slot slot="229">D0N15</slot>
            <slot slot="230">D0N30</slot>
            <slot slot="231">D0N30</slot>
            <slot slot="232">D0N30</slot>
            <slot slot="233">D0N30</slot>
            <slot slot="234">D0N30</slot>
            <slot slot="235">D0N30</slot>
            <slot slot="236">D0N30</slot>
            <slot slot="237">D0N30</slot>
            <slot slot="238">D0N30</slot>
            <slot slot="239">D0N30</slot>
            <slot slot="240">D0N30</slot>
            <slot slot="241">D0N30</slot>
            <slot slot="242">D0N30</slot>
            <slot slot="243">D0N30</slot>
            <slot slot="244">D0N30</slot>
            <slot slot="245">D0N30</slot>
            <slot slot="246">D0N30</slot>
            <slot slot="247">D0N30</slot>
            <slot slot="248">D0N30</slot>
            <slot slot="249">D0N30</slot>
            <slot slot="250">D0N30</slot>
            <slot slot="251">D0N30</slot>
            <slot slot="252">D0N30</slot>
            <slot slot="253">D0N30</slot>
            <slot slot="254">D0N30</slot>
            <slot slot="255">D0N30</slot>
            <slot slot="256">D0N30</slot>
            <slot slot="257">D0N30</slot>
            <slot slot="258">D0N30</slot>
            <slot slot="259">D0N30</slot>
            <slot slot="260">D0N30</slot>
            <slot slot="261">D0N30</slot>
            <slot slot="262">D0N30</slot>
            <slot slot="263">D0N30</slot>
            <slot slot="264">D0N30</slot>
            <slot slot="265">D0N30</slot>
            <slot slot="266">D0N30</slot>
            <slot slot="267">D0N30</slot>
            <slot slot="268">D0N30</slot>
            <slot slot="269">D0N30</slot>
            <slot slot="270">D0N30</slot>
            <slot slot="271">D0N30</slot>
            <slot slot="272">D0N30</slot>
            <slot slot="273">D0N30</slot>
            <slot slot="274">D0N30</slot>
            <slot slot="275">D0N30</slot>
            <slot slot="276">D0N30</slot>
            <slot slot="277">D0N30</slot>
            <slot slot="278">D0N30</slot>
            <slot slot="279">D0N30</slot>
            <slot slot="280">D0N30</slot>
            <slot slot="281">D0N30</slot>
            <slot slot="282">D0N30</slot>
            <slot slot="283">D0N30</slot>
            <slot slot="284">D0N30</slot>
            <slot slot="285">D0N30</slot>
            <slot slot="286">D0N30</slot>
            <slot slot="287">D0N30</slot>
            <slot slot="288">D0N30</slot>
            <slot slot="289">D0N30</slot>
            <slot slot="290">D0N17</slot>
            <slot slot="291">D0N17</slot>
            <slot slot="292">D0N17</slot>
            <slot slot="293">D0N17</slot>
            <slot slot="294">D0N17</slot>
            <slot slot="295">D0N17</slot>
            <slot slot="296">D0N17</slot>
            <slot slot="297">D0N17</slot>
            <slot slot="298">D0N17</slot>
            <slot slot="299">D0N17</slot>
            <slot slot="300">D0N17</slot>
            <slot slot="301">D0N17</slot>
            <slot slot="302">D0N17</slot>
            <slot slot="303">D0N17</slot>
            <slot slot="304">D0N17</slot>
            <slot slot="305">D0N17</slot>
            <slot slot="306">D0N17</slot>
            <slot slot="307">D0N17</slot>
            <slot slot="308">D0N17</slot>
            <slot slot="309">D0N17</slot>
            <slot slot="310">D0N17</slot>
            <slot slot="311">D0N17</slot>
            <slot slot="312">D0N17</slot>
            <slot slot="313">D0N17</slot>
            <slot slot="314">D0N17</slot>
            <slot slot="315">D0N17</slot>
            <slot slot="316">D0N17</slot>
            <slot slot="317">D0N17</slot>
            <slot slot="318">D0N17</slot>
            <slot slot="319">D0N17</slot>
            <slot slot="320">D0N17</slot>
            <slot slot="321">D0N17</slot>
            <slot slot="322">D0N17</slot>
            <slot slot="323">D0N17</slot>
            <slot slot="324">D0N17</slot>
            <slot slot="325">D0N17</slot>
            <slot slot="326">D0N17</slot>
            <slot slot="327">D0N17</slot>
            <slot slot="328">D0N17</slot>
            <slot slot="329">D0N17</slot>
            <slot slot="330">D0N20</slot>
            <slot slot="331">D0N20</slot>
            <slot slot="332">D0N20</slot>
            <slot slot="333">D0N20</slot>
            <slot slot="334">D0N20</slot>
            <slot slot="335">D0N20</slot>
            <slot slot="336">D0N20</slot>
            <slot slot="337">D0N20</slot>
            <slot slot="338">D0N20</slot>
            <slot slot="339">D0N20</slot>
            <slot slot="340">D0N20</slot>
            <slot slot="341">D0N20</slot>
            <slot slot="342">D0N20</slot>
            <slot slot="343">D0N20</slot>
            <slot slot="344">D0N20</slot>
            <slot slot="345">D0N20</slot>
            <slot slot="346">D0N20</slot>
            <slot slot="347">D0N20</slot>
            <slot slot="348">D0N20</slot>
            <slot slot="349">D0N20</slot>
            <slot slot="350">D0N20</slot>
            <slot slot="351">D0N20</slot>
            <slot slot="352">D0N20</slot>
            <slot slot="353">D0N20</slot>
            <slot slot="354">D0N20</slot>
            <slot slot="355">D0N20</slot>
            <slot slot="356">D0N20</slot>
            <slot slot="357">D0N20</slot>
            <slot slot="358">D0N20</slot>
            <slot slot="359">D0N20</slot>
            <slot slot="360">D0N38</slot>
            <slot slot="361">D0N38</slot>
            <slot slot="362">D0N38</slot>
            <slot slot="363">D0N38</slot>
            <slot slot="364">D0N38</slot>
            <slot slot="365">D0N38</slot>
            <slot slot="366">D0N38</slot>
            <slot slot="367">D0N38</slot>
            <slot slot="368">D0N38</slot>
            <slot slot="369">D0N38</slot>
            <slot slot="370">D0N38</slot>
            <slot slot="371">D0N38</slot>
            <slot slot="372">D0N38</slot>
            <slot slot="373">D0N38</slot>
            <slot slot="374">D0N38</slot>
            <slot slot="375">D0N38</slot>
            <slot slot="376">D0N38</slot>
            <slot slot="377">D0N38</slot>
            <slot slot="378">D0N38</slot>
            <slot slot="379">D0N38</slot>
            <slot slot="380">D0N38</slot>
            <slot slot="381">D0N38</slot>
            <slot slot="382">D0N38</slot>
            <slot slot="383">D0N38</slot>
            <slot slot="384">D0N38</slot>
            <slot slot="385">D0N38</slot>
            <slot slot="386">D0N38</slot>
            <slot slot="387">D0N38</slot>
            <slot slot="388">D0N38</slot>
            <slot slot="389">D0N38</slot>
            <slot slot="390">D0N38</slot>
            <slot slot="391">D0N38</slot>
            <slot slot="392">D0N38</slot>
            <slot slot="393">D0N38</slot>
            <slot slot="394">D0N38</slot>
            <slot slot="395">D0N38</slot>
            <slot slot="396">D0N38</slot>
            <slot slot="397">D0N38</slot>
            <slot slot="398">D0N38</slot>
            <slot slot="399">D0N38</slot>
            <slot slot="400">D0N37</slot>
            <slot slot="401">D0N37</slot>
            <slot slot="402">D0N37</slot>
            <slot slot="403">D0N37</slot>
            <slot slot="404">D0N37</slot>
            <slot slot="405">D0N37</slot>
            <slot slot="406">D0N37</slot>
            <slot slot="407">D0N37</slot>
            <slot slot="408">D0N37</slot>
            <slot slot="409">D0N37</slot>
            <slot slot="410">D0N37</slot>
            <slot slot="411">D0N37</slot>
            <slot slot="412">D0N37</slot>
            <slot slot="413">D0N37</slot>
            <slot slot="414">D0N37</slot>
            <slot slot="415">D0N37</slot>
            <slot slot="416">D0N37</slot>
            <slot slot="417">D0N37</slot>
            <slot slot="418">D0N37</slot>
            <slot slot="419">D0N37</slot>
            <slot slot="420">D0N37</slot>
            <slot slot="421">D0N37</slot>
            <slot slot="422">D0N37</slot>
            <slot slot="423">D0N37</slot>
            <slot slot="424">D0N37</slot>
            <slot slot="425">D0N37</slot>
            <slot slot="426">D0N37</slot>
            <slot slot="427">D0N37</slot>
            <slot slot="428">D0N37</slot>
            <slot slot="429">D0N37</slot>
            <slot slot="430">D0N37</slot>
            <slot slot="431">D0N37</slot>
            <slot slot="432">D0N37</slot>
            <slot slot="433">D0N37</slot>
            <slot slot="434">D0N37</slot>
            <slot slot="435">D0N37</slot>
            <slot slot="436">D0N37</slot>
            <slot slot="437">D0N37</slot>
            <slot slot="438">D0N37</slot>
            <slot slot="439">D0N37</slot>
            <slot slot="440">D0N37</slot>
            <slot slot="441">D0N37</slot>
            <slot slot="442">D0N37</slot>
            <slot slot="443">D0N37</slot>
            <slot slot="444">D0N37</slot>
            <slot slot="445">D0N37</slot>
            <slot slot="446">D0N37</slot>
            <slot slot="447">D0N37</slot>
            <slot slot="448">D0N37</slot>
            <slot slot="449">D0N37</slot>
            <slot slot="450">D0N37</slot>
            <slot slot="451">D0N37</slot>
            <slot slot="452">D0N37</slot>
            <slot slot="453">D0N37</slot>
            <slot slot="454">D0N37</slot>
            <slot slot="455">D0N37</slot>
            <slot slot="456">D0N37</slot>
            <slot slot="457">D0N37</slot>
            <slot slot="458">D0N37</slot>
            <slot slot="459">D0N37</slot>
            <slot slot="460">D0N28</slot>
            <slot slot="461">D0N28</slot>
            <slot slot="462">D0N28</slot>
            <slot slot="463">D0N28</slot>
            <slot slot="464">D0N28</slot>
            <slot slot="465">D0N28</slot>
            <slot slot="466">D0N28</slot>
            <slot slot="467">D0N28</slot>
            <slot slot="468">D0N28</slot>
            <slot slot="469">D0N28</slot>
            <slot slot="470">D0N28</slot>
            <slot slot="471">D0N28</slot>
            <slot slot="472">D0N28</slot>
            <slot slot="473">D0N28</slot>
            <slot slot="474">D0N28</slot>
            <slot slot="475">D0N28</slot>
            <slot slot="476">D0N28</slot>
            <slot slot="477">D0N28</slot>
            <slot slot="478">D0N28</slot>
            <slot slot="479">D0N28</slot>
            <slot slot="480">D0N28</slot>
            <slot slot="481">D0N28</slot>
            <slot slot="482">D0N28</slot>
            <slot slot="483">D0N28</slot>
            <slot slot="484">D0N28</slot>
            <slot slot="485">D0N28</slot>
            <slot slot="486">D0N28</slot>
            <slot slot="487">D0N28</slot>
            <slot slot="488">D0N28</slot>
            <slot slot="489">D0N28</slot>
            <slot slot="490">D0N39</slot>
            <slot slot="491">D0N39</slot>
            <slot slot="492">D0N39</slot>
            <slot slot="493">D0N39</slot>
            <slot slot="494">D0N39</slot>
            <slot slot="495">D0N39</slot>
            <slot slot="496">D0N39</slot>
            <slot slot="497">D0N39</slot>
            <slot slot="498">D0N39</slot>
            <slot slot="499">D0N39</slot>
            <slot slot="500">D0N39</slot>
            <slot slot="501">D0N39</slot>
            <slot slot="502">D0N39</slot>
            <slot slot="503">D0N39</slot>
            <slot slot="504">D0N39</slot>
            <slot slot="505">D0N39</slot>
            <slot slot="506">D0N39</slot>
            <slot slot="507">D0N39</slot>
            <slot slot="508">D0N39</slot>
            <slot slot="509">D0N39</slot>
            <slot slot="510">D0N39</slot>
            <slot slot="511">D0N39</slot>
            <slot slot="512">D0N39</slot>
            <slot slot="513">D0N39</slot>
            <slot slot="514">D0N39</slot>
            <slot slot="515">D0N39</slot>
            <slot slot="516">D0N39</slot>
            <slot slot="517">D0N39</slot>
            <slot slot="518">D0N39</slot>
            <slot slot="519">D0N39</slot>
            <slot slot="520">D0N39</slot>
            <slot slot="521">D0N39</slot>
            <slot slot="522">D0N39</slot>
            <slot slot="523">D0N39</slot>
            <slot slot="524">D0N39</slot>
            <slot slot="525">D0N39</slot>
            <slot slot="526">D0N39</slot>
            <slot slot="527">D0N39</slot>
            <slot slot="528">D0N39</slot>
            <slot slot="529">D0N39</slot>
            <slot slot="530">D0N39</slot>
            <slot slot="531">D0N39</slot>
            <slot slot="532">D0N39</slot>
            <slot slot="533">D0N39</slot>
            <slot slot="534">D0N39</slot>
            <slot slot="535">D0N39</slot>
            <slot slot="536">D0N39</slot>
            <slot slot="537">D0N39</slot>
            <slot slot="538">D0N39</slot>
            <slot slot="539">D0N39</slot>
            <slot slot="540">D0N39</slot>
            <slot slot="541">D0N39</slot>
            <slot slot="542">D0N39</slot>
            <slot slot="543">D0N39</slot>
            <slot slot="544">D0N39</slot>
            <slot slot="545">D0N39</slot>
            <slot slot="546">D0N39</slot>
            <slot slot="547">D0N39</slot>
            <slot slot="548">D0N39</slot>
            <slot slot="549">D0N39</slot>
            <slot slot="550">D0N43</slot>
            <slot slot="551">D0N43</slot>
            <slot slot="552">D0N43</slot>
            <slot slot="553">D0N43</slot>
            <slot slot="554">D0N43</slot>
            <slot slot="555">D0N43</slot>
            <slot slot="556">D0N43</slot>
            <slot slot="557">D0N43</slot>
            <slot slot="558">D0N43</slot>
            <slot slot="559">D0N43</slot>
            <slot slot="560">D0N43</slot>
            <slot slot="561">D0N43</slot>
            <slot slot="562">D0N43</slot>
            <slot slot="563">D0N43</slot>
            <slot slot="564">D0N43</slot>
            <slot slot="565">D0N43</slot>
            <slot slot="566">D0N43</slot>
            <slot slot="567">D0N43</slot>
            <slot slot="568">D0N43</slot>
            <slot slot="569">D0N43</slot>
            <slot slot="570">D0N43</slot>
            <slot slot="571">D0N43</slot>
            <slot slot="572">D0N43</slot>
            <slot slot="573">D0N43</slot>
            <slot slot="574">D0N43</slot>
            <slot slot="575">D0N43</slot>
            <slot slot="576">D0N43</slot>
            <slot slot="577">D0N43</slot>
            <slot slot="578">D0N43</slot>
            <slot slot="579">D0N43</slot>
            <slot slot="580">D0N42</slot>
            <slot slot="581">D0N42</slot>
            <slot slot="582">D0N42</slot>
            <slot slot="583">D0N42</slot>
            <slot slot="584">D0N42</slot>
            <slot slot="585">D0N42</slot>
            <slot slot="586">D0N42</slot>
            <slot slot="587">D0N42</slot>
            <slot slot="588">D0N42</slot>
            <slot slot="589">D0N42</slot>
            <slot slot="590">D0N42</slot>
            <slot slot="591">D0N42</slot>
            <slot slot="592">D0N42</slot>
            <slot slot="593">D0N42</slot>
            <slot slot="594">D0N42</slot>
            <slot slot="595">D0N42</slot>
            <slot slot="596">D0N42</slot>
            <slot slot="597">D0N42</slot>
            <slot slot="598">D0N42</slot>
            <slot slot="599">D0N42</slot>
            <slot slot="600">D0N45</slot>
            <slot slot="601">D0N45</slot>
            <slot slot="602">D0N45</slot>
            <slot slot="603">D0N45</slot>
            <slot slot="604">D0N45</slot>
            <slot slot="605">D0N45</slot>
            <slot slot="606">D0N45</slot>
            <slot slot="607">D0N45</slot>
            <slot slot="608">D0N45</slot>
            <slot slot="609">D0N45</slot>
            <slot slot="610">D0N45</slot>
            <slot slot="611">D0N45</slot>
            <slot slot="612">D0N45</slot>
            <slot slot="613">D0N45</slot>
            <slot slot="614">D0N45</slot>
            <slot slot="615">D0N45</slot>
            <slot slot="616">D0N45</slot>
            <slot slot="617">D0N45</slot>
            <slot slot="618">D0N45</slot>
            <slot slot="619">D0N45</slot>
            <slot slot="620">D0N34</slot>
            <slot slot="621">D0N34</slot>
            <slot slot="622">D0N34</slot>
            <slot slot="623">D0N34</slot>
            <slot slot="624">D0N34</slot>
            <slot slot="625">D0N34</slot>
            <slot slot="626">D0N34</slot>
            <slot slot="627">D0N34</slot>
            <slot slot="628">D0N34</slot>
            <slot slot="629">D0N34</slot>
            <slot slot="630">D0N34</slot>
            <slot slot="631">D0N34</slot>
            <slot slot="632">D0N34</slot>
            <slot slot="633">D0N34</slot>
            <slot slot="634">D0N34</slot>
            <slot slot="635">D0N34</slot>
            <slot slot="636">D0N34</slot>
            <slot slot="637">D0N34</slot>
            <slot slot="638">D0N34</slot>
            <slot slot="639">D0N34</slot>
            <slot slot="640">D0N34</slot>
            <slot slot="641">D0N34</slot>
            <slot slot="642">D0N34</slot>
            <slot slot="643">D0N34</slot>
            <slot slot="644">D0N34</slot>
            <slot slot="645">D0N34</slot>
            <slot slot="646">D0N34</slot>
            <slot slot="647">D0N34</slot>
            <slot slot="648">D0N34</slot>
            <slot slot="649">D0N34</slot>
            <slot slot="650">D0N34</slot>
            <slot slot="651">D0N34</slot>
            <slot slot="652">D0N34</slot>
            <slot slot="653">D0N34</slot>
            <slot slot="654">D0N34</slot>
            <slot slot="655">D0N34</slot>
            <slot slot="656">D0N34</slot>
            <slot slot="657">D0N34</slot>
            <slot slot="658">D0N34</slot>
            <slot slot="659">D0N34</slot>
            <slot slot="660">D0N34</slot>
            <slot slot="661">D0N34</slot>
            <slot slot="662">D0N34</slot>
            <slot slot="663">D0N34</slot>
            <slot slot="664">D0N34</slot>
            <slot slot="665">D0N34</slot>
            <slot slot="666">D0N34</slot>
            <slot slot="667">D0N34</slot>
            <slot slot="668">D0N34</slot>
            <slot slot="669">D0N34</slot>
            <slot slot="670">D0N34</slot>
            <slot slot="671">D0N34</slot>
            <slot slot="672">D0N34</slot>
            <slot slot="673">D0N34</slot>
            <slot slot="674">D0N34</slot>
            <slot slot="675">D0N34</slot>
            <slot slot="676">D0N34</slot>
            <slot slot="677">D0N34</slot>
            <slot slot="678">D0N34</slot>
            <slot slot="679">D0N34</slot>
            <slot slot="680">D0N34</slot>
            <slot slot="681">D0N34</slot>
            <slot slot="682">D0N34</slot>
            <slot slot="683">D0N34</slot>
            <slot slot="684">D0N34</slot>
            <slot slot="685">D0N34</slot>
            <slot slot="686">D0N34</slot>
            <slot slot="687">D0N34</slot>
            <slot slot="688">D0N34</slot>
            <slot slot="689">D0N34</slot>
            <slot slot="690">D0N34</slot>
            <slot slot="691">D0N34</slot>
            <slot slot="692">D0N34</slot>
            <slot slot="693">D0N34</slot>
            <slot slot="694">D0N34</slot>
            <slot slot="695">D0N34</slot>
            <slot slot="696">D0N34</slot>
            <slot slot="697">D0N34</slot>
            <slot slot="698">D0N34</slot>
            <slot slot="699">D0N34</slot>
            <slot slot="700">D0N34</slot>
            <slot slot="701">D0N34</slot>
            <slot slot="702">D0N34</slot>
            <slot slot="703">D0N34</slot>
            <slot slot="704">D0N34</slot>
            <slot slot="705">D0N34</slot>
            <slot slot="706">D0N34</slot>
            <slot slot="707">D0N34</slot>
            <slot slot="708">D0N34</slot>
            <slot slot="709">D0N34</slot>
            <slot slot="710">D0N34</slot>
            <slot slot="711">D0N34</slot>
            <slot slot="712">D0N34</slot>
            <slot slot="713">D0N34</slot>
            <slot slot="714">D0N34</slot>
            <slot slot="715">D0N34</slot>
            <slot slot="716">D0N34</slot>
            <slot slot="717">D0N34</slot>
            <slot slot="718">D0N34</slot>
            <slot slot="719">D0N34</slot>
            <slot slot="720">D0N34</slot>
            <slot slot="721">D0N34</slot>
            <slot slot="722">D0N34</slot>
            <slot slot="723">D0N34</slot>
            <slot slot="724">D0N34</slot>
            <slot slot="725">D0N34</slot>
            <slot slot="726">D0N34</slot>
            <slot slot="727">D0N34</slot>
            <slot slot="728">D0N34</slot>
            <slot slot="729">D0N34</slot>
            <slot slot="730">D0N34</slot>
            <slot slot="731">D0N34</slot>
            <slot slot="732">D0N34</slot>
            <slot slot="733">D0N34</slot>
            <slot slot="734">D0N34</slot>
            <slot slot="735">D0N34</slot>
            <slot slot="736">D0N34</slot>
            <slot slot="737">D0N34</slot>
            <slot slot="738">D0N34</slot>
            <slot slot="739">D0N34</slot>
            <slot slot="740">D0N34</slot>
            <slot slot="741">D0N34</slot>
            <slot slot="742">D0N34</slot>
            <slot slot="743">D0N34</slot>
            <slot slot="744">D0N34</slot>
            <slot slot="745">D0N34</slot>
            <slot slot="746">D0N34</slot>
            <slot slot="747">D0N34</slot>
            <slot slot="748">D0N34</slot>
            <slot slot="749">D0N34</slot>
            <slot slot="750">D0N34</slot>
            <slot slot="751">D0N34</slot>
            <slot slot="752">D0N34</slot>
            <slot slot="753">D0N34</slot>
            <slot slot="754">D0N34</slot>
            <slot slot="755">D0N34</slot>
            <slot slot="756">D0N34</slot>
            <slot slot="757">D0N34</slot>
            <slot slot="758">D0N34</slot>
            <slot slot="759">D0N34</slot>
            <slot slot="760">D0N34</slot>
            <slot slot="761">D0N34</slot>
            <slot slot="762">D0N34</slot>
            <slot slot="763">D0N34</slot>
            <slot slot="764">D0N34</slot>
            <slot slot="765">D0N34</slot>
            <slot slot="766">D0N34</slot>
            <slot slot="767">D0N34</slot>
            <slot slot="768">D0N34</slot>
            <slot slot="769">D0N34</slot>
            <slot slot="770">D0N34</slot>
            <slot slot="771">D0N34</slot>
            <slot slot="772">D0N34</slot>
            <slot slot="773">D0N34</slot>
            <slot slot="774">D0N34</slot>
            <slot slot="775">D0N34</slot>
            <slot slot="776">D0N34</slot>
            <slot slot="777">D0N34</slot>
            <slot slot="778">D0N34</slot>
            <slot slot="779">D0N34</slot>
            <slot slot="780">D0N34</slot>
            <slot slot="781">D0N34</slot>
            <slot slot="782">D0N34</slot>
            <slot slot="783">D0N34</slot>
            <slot slot="784">D0N34</slot>
            <slot slot="785">D0N34</slot>
            <slot slot="786">D0N34</slot>
            <slot slot="787">D0N34</slot>
            <slot slot="788">D0N34</slot>
            <slot slot="789">D0N34</slot>
            <slot slot="790">D0N34</slot>
            <slot slot="791">D0N34</slot>
            <slot slot="792">D0N34</slot>
            <slot slot="793">D0N34</slot>
            <slot slot="794">D0N34</slot>
            <slot slot="795">D0N34</slot>
            <slot slot="796">D0N34</slot>
            <slot slot="797">D0N34</slot>
            <slot slot="798">D0N34</slot>
            <slot slot="799">D0N34</slot>
            <slot slot="800">D0N34</slot>
            <slot slot="801">D0N34</slot>
            <slot slot="802">D0N34</slot>
            <slot slot="803">D0N34</slot>
            <slot slot="804">D0N34</slot>
            <slot slot="805">D0N34</slot>
            <slot slot="806">D0N34</slot>
            <slot slot="807">D0N34</slot>
            <slot slot="808">D0N34</slot>
            <slot slot="809">D0N34</slot>
            <slot slot="810">D0N34</slot>
            <slot slot="811">D0N34</slot>
            <slot slot="812">D0N34</slot>
            <slot slot="813">D0N34</slot>
            <slot slot="814">D0N34</slot>
            <slot slot="815">D0N34</slot>
            <slot slot="816">D0N34</slot>
            <slot slot="817">D0N34</slot>
            <slot slot="818">D0N34</slot>
            <slot slot="819">D0N34</slot>
            <slot slot="820">D0N34</slot>
            <slot slot="821">D0N34</slot>
            <slot slot="822">D0N34</slot>
            <slot slot="823">D0N34</slot>
            <slot slot="824">D0N34</slot>
            <slot slot="825">D0N34</slot>
            <slot slot="826">D0N34</slot>
            <slot slot="827">D0N34</slot>
            <slot slot="828">D0N34</slot>
            <slot slot="829">D0N34</slot>
            <slot slot="830">D0N34</slot>
            <slot slot="831">D0N34</slot>
            <slot slot="832">D0N34</slot>
            <slot slot="833">D0N34</slot>
            <slot slot="834">D0N34</slot>
            <slot slot="835">D0N34</slot>
            <slot slot="836">D0N34</slot>
            <slot slot="837">D0N34</slot>
            <slot slot="838">D0N34</slot>
            <slot slot="839">D0N34</slot>
            <slot slot="840">D0N34</slot>
            <slot slot="841">D0N34</slot>
            <slot slot="842">D0N34</slot>
            <slot slot="843">D0N34</slot>
            <slot slot="844">D0N34</slot>
            <slot slot="845">D0N34</slot>
            <slot slot="846">D0N34</slot>
            <slot slot="847">D0N34</slot>
            <slot slot="848">D0N34</slot>
            <slot slot="849">D0N34</slot>
            <slot slot="850">D0N34</slot>
            <slot slot="851">D0N34</slot>
            <slot slot="852">D0N34</slot>
            <slot slot="853">D0N34</slot>
            <slot slot="854">D0N34</slot>
            <slot slot="855">D0N34</slot>
            <slot slot="856">D0N34</slot>
            <slot slot="857">D0N34</slot>
            <slot slot="858">D0N34</slot>
            <slot slot="859">D0N34</slot>
            <slot slot="860">D0N34</slot>
            <slot slot="861">D0N34</slot>
            <slot slot="862">D0N34</slot>
            <slot slot="863">D0N34</slot>
            <slot slot="864">D0N34</slot>
            <slot slot="865">D0N34</slot>
            <slot slot="866">D0N34</slot>
            <slot slot="867">D0N34</slot>
            <slot slot="868">D0N34</slot>
            <slot slot="869">D0N34</slot>
            <slot slot="870">D0N34</slot>
            <slot slot="871">D0N34</slot>
            <slot slot="872">D0N34</slot>
            <slot slot="873">D0N34</slot>
            <slot slot="874">D0N34</slot>
            <slot slot="875">D0N34</slot>
            <slot slot="876">D0N34</slot>
            <slot slot="877">D0N34</slot>
            <slot slot="878">D0N34</slot>
            <slot slot="879">D0N34</slot>
            <slot slot="880">D0N34</slot>
            <slot slot="881">D0N34</slot>
            <slot slot="882">D0N34</slot>
            <slot slot="883">D0N34</slot>
            <slot slot="884">D0N34</slot>
            <slot slot="885">D0N34</slot>
            <slot slot="886">D0N34</slot>
            <slot slot="887">D0N34</slot>
            <slot slot="888">D0N34</slot>
            <slot slot="889">D0N34</slot>
            <slot slot="890">D0N34</slot>
            <slot slot="891">D0N34</slot>
            <slot slot="892">D0N34</slot>
            <slot slot="893">D0N34</slot>
            <slot slot="894">D0N34</slot>
            <slot slot="895">D0N34</slot>
            <slot slot="896">D0N34</slot>
            <slot slot="897">D0N34</slot>
            <slot slot="898">D0N34</slot>
            <slot slot="899">D0N34</slot>
            <slot slot="900">D0N34</slot>
            <slot slot="901">D0N34</slot>
            <slot slot="902">D0N34</slot>
            <slot slot="903">D0N34</slot>
            <slot slot="904">D0N34</slot>
            <slot slot="905">D0N34</slot>
            <slot slot="906">D0N34</slot>
            <slot slot="907">D0N34</slot>
            <slot slot="908">D0N34</slot>
            <slot slot="909">D0N34</slot>
            <slot slot="910">D0N34</slot>
            <slot slot="911">D0N34</slot>
            <slot slot="912">D0N34</slot>
            <slot slot="913">D0N34</slot>
            <slot slot="914">D0N34</slot>
            <slot slot="915">D0N34</slot>
            <slot slot="916">D0N34</slot>
            <slot slot="917">D0N34</slot>
            <slot slot="918">D0N34</slot>
            <slot slot="919">D0N34</slot>
            <slot slot="920">-</slot>
            <slot slot="921">-</slot>
            <slot slot="922">-</slot>
            <slot slot="923">-</slot>
            <slot slot="924">-</slot>
            <slot slot="925">-</slot>
            <slot slot="926">-</slot>
            <slot slot="927">-</slot>
            <slot slot="928">-</slot>
            <slot slot="929">-</slot>
            <slot slot="930">-</slot>
            <slot slot="931">-</slot>
            <slot slot="932">-</slot>
            <slot slot="933">-</slot>
            <slot slot="934">-</slot>
            <slot slot="935">-</slot>
            <slot slot="936">-</slot>
            <slot slot="937">-</slot>
            <slot slot="938">-</slot>
            <slot slot="939">-</slot>
            <slot slot="940">-</slot>
            <slot slot="941">-</slot>
            <slot slot="942">-</slot>
            <slot slot="943">-</slot>
            <slot slot="944">-</slot>
            <slot slot="945">-</slot>
            <slot slot="946">-</slot>
            <slot slot="947">-</slot>
            <slot slot="948">-</slot>
            <slot slot="949">-</slot>
            <slot slot="950">-</slot>
            <slot slot="951">-</slot>
            <slot slot="952">-</slot>
            <slot slot="953">-</slot>
            <slot slot="954">-</slot>
            <slot slot="955">-</slot>
            <slot slot="956">-</slot>
            <slot slot="957">-</slot>
            <slot slot="958">-</slot>
            <slot slot="959">-</slot>
            <slot slot="960">-</slot>
            <slot slot="961">-</slot>
            <slot slot="962">-</slot>
            <slot slot="963">-</slot>
            <slot slot="964">-</slot>
            <slot slot="965">-</slot>
            <slot slot="966">-</slot>
            <slot slot="967">-</slot>
            <slot slot="968">-</slot>
            <slot slot="969">-</slot>
            <slot slot="970">-</slot>
            <slot slot="971">-</slot>
            <slot slot="972">-</slot>
            <slot slot="973">-</slot>
            <slot slot="974">-</slot>
            <slot slot="975">-</slot>
            <slot slot="976">-</slot>
            <slot slot="977">-</slot>
            <slot slot="978">-</slot>
            <slot slot="979">-</slot>
            <slot slot="980">-</slot>
            <slot slot="981">-</slot>
            <slot slot="982">-</slot>
            <slot slot="983">-</slot>
            <slot slot="984">-</slot>
            <slot slot="985">-</slot>
            <slot slot="986">-</slot>
            <slot slot="987">-</slot>
            <slot slot="988">-</slot>
            <slot slot="989">-</slot>
            <slot slot="990">-</slot>
            <slot slot="991">-</slot>
            <slot slot="992">-</slot>
            <slot slot="993">-</slot>
            <slot slot="994">-</slot>
            <slot slot="995">-</slot>
            <slot slot="996">-</slot>
            <slot slot="997">-</slot>
            <slot slot="998">-</slot>
            <slot slot="999">-</slot>
            <slot slot="1000">-</slot>
            <slot slot="1001">-</slot>
            <slot slot="1002">-</slot>
            <slot slot="1003">-</slot>
            <slot slot="1004">-</slot>
            <slot slot="1005">-</slot>
            <slot slot="1006">-</slot>
            <slot slot="1007">-</slot>
            <slot slot="1008">-</slot>
            <slot slot="1009">-</slot>
            <slot slot="1010">-</slot>
            <slot slot="1011">-</slot>
            <slot slot="1012">-</slot>
            <slot slot="1013">-</slot>
            <slot slot="1014">-</slot>
            <slot slot="1015">-</slot>
            <slot slot="1016">-</slot>
            <slot slot="1017">-</slot>
            <slot slot="1018">-</slot>
            <slot slot="1019">-</slot>
            <slot slot="1020">-</slot>
            <slot slot="1021">-</slot>
            <slot slot="1022">-</slot>
            <slot slot="1023">-</slot>
            <slot slot="1024">-</slot>
            <slot slot="1025">-</slot>
            <slot slot="1026">-</slot>
            <slot slot="1027">-</slot>
            <slot slot="1028">-</slot>
            <slot slot="1029">-</slot>
            <slot slot="1030">-</slot>
            <slot slot="1031">-</slot>
            <slot slot="1032">-</slot>
            <slot slot="1033">-</slot>
            <slot slot="1034">-</slot>
            <slot slot="1035">-</slot>
            <slot slot="1036">-</slot>
            <slot slot="1037">-</slot>
            <slot slot="1038">-</slot>
            <slot slot="1039">-</slot>
            <slot slot="1040">-</slot>
            <slot slot="1041">-</slot>
            <slot slot="1042">-</slot>
            <slot slot="1043">-</slot>
            <slot slot="1044">-</slot>
            <slot slot="1045">-</slot>
            <slot slot="1046">-</slot>
            <slot slot="1047">-</slot>
            <slot slot="1048">-</slot>
            <slot slot="1049">-</slot>
            <slot slot="1050">-</slot>
            <slot slot="1051">-</slot>
            <slot slot="1052">-</slot>
            <slot slot="1053">-</slot>
            <slot slot="1054">-</slot>
            <slot slot="1055">-</slot>
            <slot slot="1056">-</slot>
            <slot slot="1057">-</slot>
            <slot slot="1058">-</slot>
            <slot slot="1059">-</slot>
            <slot slot="1060">-</slot>
            <slot slot="1061">-</slot>
            <slot slot="1062">-</slot>
            <slot slot="1063">-</slot>
            <slot slot="1064">-</slot>
            <slot slot="1065">-</slot>
            <slot slot="1066">-</slot>
            <slot slot="1067">-</slot>
            <slot slot="1068">-</slot>
            <slot slot="1069">-</slot>
            <slot slot="1070">-</slot>
            <slot slot="1071">-</slot>
            <slot slot="1072">-</slot>
            <slot slot="1073">-</slot>
            <slot slot="1074">-</slot>
            <slot slot="1075">-</slot>
            <slot slot="1076">-</slot>
            <slot slot="1077">-</slot>
            <slot slot="1078">-</slot>
            <slot slot="1079">-</slot>
            <slot slot="1080">-</slot>
            <slot slot="1081">-</slot>
            <slot slot="1082">-</slot>
            <slot slot="1083">-</slot>
            <slot slot="1084">-</slot>
            <slot slot="1085">-</slot>
            <slot slot="1086">-</slot>
            <slot slot="1087">-</slot>
            <slot slot="1088">-</slot>
            <slot slot="1089">-</slot>
            <slot slot="1090">-</slot>
            <slot slot="1091">-</slot>
            <slot slot="1092">-</slot>
            <slot slot="1093">-</slot>
            <slot slot="1094">-</slot>
            <slot slot="1095">-</slot>
            <slot slot="1096">-</slot>
            <slot slot="1097">-</slot>
            <slot slot="1098">-</slot>
            <slot slot="1099">-</slot>
            <slot slot="1100">-</slot>
            <slot slot="1101">-</slot>
            <slot slot="1102">-</slot>
            <slot slot="1103">-</slot>
            <slot slot="1104">-</slot>
            <slot slot="1105">-</slot>
            <slot slot="1106">-</slot>
            <slot slot="1107">-</slot>
            <slot slot="1108">-</slot>
            <slot slot="1109">-</slot>
            <slot slot="1110">-</slot>
            <slot slot="1111">-</slot>
            <slot slot="1112">-</slot>
            <slot slot="1113">-</slot>
            <slot slot="1114">-</slot>
            <slot slot="1115">-</slot>
            <slot slot="1116">-</slot>
            <slot slot="1117">-</slot>
            <slot slot="1118">-</slot>
            <slot slot="1119">-</slot>
            <slot slot="1120">-</slot>
            <slot slot="1121">-</slot>
            <slot slot="1122">-</slot>
            <slot slot="1123">-</slot>
            <slot slot="1124">-</slot>
            <slot slot="1125">-</slot>
            <slot slot="1126">-</slot>
            <slot slot="1127">-</slot>
            <slot slot="1128">-</slot>
            <slot slot="1129">-</slot>
            <slot slot="1130">-</slot>
            <slot slot="1131">-</slot>
            <slot slot="1132">-</slot>
            <slot slot="1133">-</slot>
            <slot slot="1134">-</slot>
            <slot slot="1135">-</slot>
            <slot slot="1136">-</slot>
            <slot slot="1137">-</slot>
            <slot slot="1138">-</slot>
            <slot slot="1139">-</slot>
            <slot slot="1140">-</slot>
            <slot slot="1141">-</slot>
            <slot slot="1142">-</slot>
            <slot slot="1143">-</slot>
            <slot slot="1144">-</slot>
            <slot slot="1145">-</slot>
            <slot slot="1146">-</slot>
            <slot slot="1147">-</slot>
            <slot slot="1148">-</slot>
            <slot slot="1149">-</slot>
            <slot slot="1150">-</slot>
            <slot slot="1151">-</slot>
            <slot slot="1152">-</slot>
            <slot slot="1153">-</slot>
            <slot slot="1154">-</slot>
            <slot slot="1155">-</slot>
            <slot slot="1156">-</slot>
            <slot slot="1157">-</slot>
            <slot slot="1158">-</slot>
            <slot slot="1159">-</slot>
            <slot slot="1160">-</slot>
            <slot slot="1161">-</slot>
            <slot slot="1162">-</slot>
            <slot slot="1163">-</slot>
            <slot slot="1164">-</slot>
            <slot slot="1165">-</slot>
            <slot slot="1166">-</slot>
            <slot slot="1167">-</slot>
            <slot slot="1168">-</slot>
            <slot slot="1169">-</slot>
            <slot slot="1170">-</slot>
            <slot slot="1171">-</slot>
            <slot slot="1172">-</slot>
            <slot slot="1173">-</slot>
            <slot slot="1174">-</slot>
            <slot slot="1175">-</slot>
            <slot slot="1176">-</slot>
            <slot slot="1177">-</slot>
            <slot slot="1178">-</slot>
            <slot slot="1179">-</slot>
            <slot slot="1180">-</slot>
            <slot slot="1181">-</slot>
            <slot slot="1182">-</slot>
            <slot slot="1183">-</slot>
            <slot slot="1184">-</slot>
            <slot slot="1185">-</slot>
            <slot slot="1186">-</slot>
            <slot slot="1187">-</slot>
            <slot slot="1188">-</slot>
            <slot slot="1189">-</slot>
            <slot slot="1190">-</slot>
            <slot slot="1191">-</slot>
            <slot slot="1192">-</slot>
            <slot slot="1193">-</slot>
            <slot slot="1194">-</slot>
            <slot slot="1195">-</slot>
            <slot slot="1196">-</slot>
            <slot slot="1197">-</slot>
            <slot slot="1198">-</slot>
            <slot slot="1199">-</slot>
            <slot slot="1200">-</slot>
            <slot slot="1201">-</slot>
            <slot slot="1202">-</slot>
            <slot slot="1203">-</slot>
            <slot slot="1204">-</slot>
            <slot slot="1205">-</slot>
            <slot slot="1206">-</slot>
            <slot slot="1207">-</slot>
            <slot slot="1208">-</slot>
            <slot slot="1209">-</slot>
            <slot slot="1210">-</slot>
            <slot slot="1211">-</slot>
            <slot slot="1212">-</slot>
            <slot slot="1213">-</slot>
            <slot slot="1214">-</slot>
            <slot slot="1215">-</slot>
            <slot slot="1216">-</slot>
            <slot slot="1217">-</slot>
            <slot slot="1218">-</slot>
            <slot slot="1219">-</slot>
            <slot slot="1220">-</slot>
            <slot slot="1221">-</slot>
            <slot slot="1222">-</slot>
            <slot slot="1223">-</slot>
            <slot slot="1224">-</slot>
            <slot slot="1225">-</slot>
            <slot slot="1226">-</slot>
            <slot slot="1227">-</slot>
            <slot slot="1228">-</slot>
            <slot slot="1229">-</slot>
            <slot slot="1230">-</slot>
            <slot slot="1231">-</slot>
            <slot slot="1232">-</slot>
            <slot slot="1233">-</slot>
            <slot slot="1234">-</slot>
            <slot slot="1235">-</slot>
            <slot slot="1236">-</slot>
            <slot slot="1237">-</slot>
            <slot slot="1238">-</slot>
            <slot slot="1239">-</slot>
            <slot slot="1240">-</slot>
            <slot slot="1241">-</slot>
            <slot slot="1242">-</slot>
            <slot slot="1243">-</slot>
            <slot slot="1244">-</slot>
            <slot slot="1245">-</slot>
            <slot slot="1246">-</slot>
            <slot slot="1247">-</slot>
            <slot slot="1248">-</slot>
            <slot slot="1249">-</slot>
            <slot slot="1250">-</slot>
            <slot slot="1251">-</slot>
            <slot slot="1252">-</slot>
            <slot slot="1253">-</slot>
            <slot slot="1254">-</slot>
            <slot slot="1255">-</slot>
            <slot slot="1256">-</slot>
            <slot slot="1257">-</slot>
            <slot slot="1258">-</slot>
            <slot slot="1259">-</slot>
            <slot slot="1260">-</slot>
            <slot slot="1261">-</slot>
            <slot slot="1262">-</slot>
            <slot slot="1263">-</slot>
            <slot slot="1264">-</slot>
            <slot slot="1265">-</slot>
            <slot slot="1266">-</slot>
            <slot slot="1267">-</slot>
            <slot slot="1268">-</slot>
            <slot slot="1269">-</slot>
            <slot slot="1270">-</slot>
            <slot slot="1271">-</slot>
            <slot slot="1272">-</slot>
            <slot slot="1273">-</slot>
            <slot slot="1274">-</slot>
            <slot slot="1275">-</slot>
            <slot slot="1276">-</slot>
            <slot slot="1277">-</slot>
            <slot slot="1278">-</slot>
            <slot slot="1279">-</slot>
            <slot slot="1280">-</slot>
            <slot slot="1281">-</slot>
            <slot slot="1282">-</slot>
            <slot slot="1283">-</slot>
            <slot slot="1284">-</slot>
            <slot slot="1285">-</slot>
            <slot slot="1286">-</slot>
            <slot slot="1287">-</slot>
            <slot slot="1288">-</slot>
            <slot slot="1289">-</slot>
            <slot slot="1290">-</slot>
            <slot slot="1291">-</slot>
            <slot slot="1292">-</slot>
            <slot slot="1293">-</slot>
            <slot slot="1294">-</slot>
            <slot slot="1295">-</slot>
            <slot slot="1296">-</slot>
            <slot slot="1297">-</slot>
            <slot slot="1298">-</slot>
            <slot slot="1299">-</slot>
            <slot slot="1300">-</slot>
            <slot slot="1301">-</slot>
            <slot slot="1302">-</slot>
            <slot slot="1303">-</slot>
            <slot slot="1304">-</slot>
            <slot slot="1305">-</slot>
            <slot slot="1306">-</slot>
            <slot slot="1307">-</slot>
            <slot slot="1308">-</slot>
            <slot slot="1309">-</slot>
            <slot slot="1310">-</slot>
            <slot slot="1311">-</slot>
            <slot slot="1312">-</slot>
            <slot slot="1313">-</slot>
            <slot slot="1314">-</slot>
            <slot slot="1315">-</slot>
            <slot slot="1316">-</slot>
            <slot slot="1317">-</slot>
            <slot slot="1318">-</slot>
            <slot slot="1319">-</slot>
            <slot slot="1320">-</slot>
            <slot slot="1321">-</slot>
            <slot slot="1322">-</slot>
            <slot slot="1323">-</slot>
            <slot slot="1324">-</slot>
            <slot slot="1325">-</slot>
            <slot slot="1326">-</slot>
            <slot slot="1327">-</slot>
            <slot slot="1328">-</slot>
            <slot slot="1329">-</slot>
            <slot slot="1330">-</slot>
            <slot slot="1331">-</slot>
            <slot slot="1332">-</slot>
            <slot slot="1333">-</slot>
            <slot slot="1334">-</slot>
            <slot slot="1335">-</slot>
            <slot slot="1336">-</slot>
            <slot slot="1337">-</slot>
            <slot slot="1338">-</slot>
            <slot slot="1339">-</slot>
            <slot slot="1340">-</slot>
            <slot slot="1341">-</slot>
            <slot slot="1342">-</slot>
            <slot slot="1343">-</slot>
            <slot slot="1344">-</slot>
            <slot slot="1345">-</slot>
            <slot slot="1346">-</slot>
            <slot slot="1347">-</slot>
            <slot slot="1348">-</slot>
            <slot slot="1349">-</slot>
            <slot slot="1350">-</slot>
            <slot slot="1351">-</slot>
            <slot slot="1352">-</slot>
            <slot slot="1353">-</slot>
            <slot slot="1354">-</slot>
            <slot slot="1355">-</slot>
            <slot slot="1356">-</slot>
            <slot slot="1357">-</slot>
            <slot slot="1358">-</slot>
            <slot slot="1359">-</slot>
            <slot slot="1360">-</slot>
            <slot slot="1361">-</slot>
            <slot slot="1362">-</slot>
            <slot slot="1363">-</slot>
            <slot slot="1364">-</slot>
            <slot slot="1365">-</slot>
            <slot slot="1366">-</slot>
            <slot slot="1367">-</slot>
            <slot slot="1368">-</slot>
            <slot slot="1369">-</slot>
            <slot slot="1370">-</slot>
            <slot slot="1371">-</slot>
            <slot slot="1372">-</slot>
            <slot slot="1373">-</slot>
            <slot slot="1374">-</slot>
            <slot slot="1375">-</slot>
            <slot slot="1376">-</slot>
            <slot slot="1377">-</slot>
            <slot slot="1378">-</slot>
            <slot slot="1379">-</slot>
            <slot slot="1380">-</slot>
            <slot slot="1381">-</slot>
            <slot slot="1382">-</slot>
            <slot slot="1383">-</slot>
            <slot slot="1384">-</slot>
            <slot slot="1385">-</slot>
            <slot slot="1386">-</slot>
            <slot slot="1387">-</slot>
            <slot slot="1388">-</slot>
            <slot slot="1389">-</slot>
            <slot slot="1390">-</slot>
            <slot slot="1391">-</slot>
            <slot slot="1392">-</slot>
            <slot slot="1393">-</slot>
            <slot slot="1394">-</slot>
            <slot slot="1395">-</slot>
            <slot slot="1396">-</slot>
            <slot slot="1397">-</slot>
            <slot slot="1398">-</slot>
            <slot slot="1399">-</slot>
            <slot slot="1400">-</slot>
            <slot slot="1401">-</slot>
            <slot slot="1402">-</slot>
            <slot slot="1403">-</slot>
            <slot slot="1404">-</slot>
            <slot slot="1405">-</slot>
            <slot slot="1406">-</slot>
            <slot slot="1407">-</slot>
            <slot slot="1408">-</slot>
            <slot slot="1409">-</slot>
            <slot slot="1410">-</slot>
            <slot slot="1411">-</slot>
            <slot slot="1412">-</slot>
            <slot slot="1413">-</slot>
            <slot slot="1414">-</slot>
            <slot slot="1415">-</slot>
            <slot slot="1416">-</slot>
            <slot slot="1417">-</slot>
            <slot slot="1418">-</slot>
            <slot slot="1419">-</slot>
            <slot slot="1420">-</slot>
            <slot slot="1421">-</slot>
            <slot slot="1422">-</slot>
            <slot slot="1423">-</slot>
            <slot slot="1424">-</slot>
            <slot slot="1425">-</slot>
            <slot slot="1426">-</slot>
            <slot slot="1427">-</slot>
            <slot slot="1428">-</slot>
            <slot slot="1429">-</slot>
            <slot slot="1430">-</slot>
            <slot slot="1431">-</slot>
            <slot slot="1432">-</slot>
            <slot slot="1433">-</slot>
            <slot slot="1434">-</slot>
            <slot slot="1435">-</slot>
            <slot slot="1436">-</slot>
            <slot slot="1437">-</slot>
            <slot slot="1438">-</slot>
            <slot slot="1439">-</slot>
            <slot slot="1440">-</slot>
            <slot slot="1441">-</slot>
            <slot slot="1442">-</slot>
            <slot slot="1443">-</slot>
            <slot slot="1444">-</slot>
            <slot slot="1445">-</slot>
            <slot slot="1446">-</slot>
            <slot slot="1447">-</slot>
            <slot slot="1448">-</slot>
            <slot slot="1449">-</slot>
            <slot slot="1450">-</slot>
            <slot slot="1451">-</slot>
            <slot slot="1452">-</slot>
            <slot slot="1453">-</slot>
            <slot slot="1454">-</slot>
            <slot slot="1455">-</slot>
            <slot slot="1456">-</slot>
            <slot slot="1457">-</slot>
            <slot slot="1458">-</slot>
            <slot slot="1459">-</slot>
            <slot slot="1460">-</slot>
            <slot slot="1461">-</slot>
            <slot slot="1462">-</slot>
            <slot slot="1463">-</slot>
            <slot slot="1464">-</slot>
            <slot slot="1465">-</slot>
            <slot slot="1466">-</slot>
            <slot slot="1467">-</slot>
            <slot slot="1468">-</slot>
            <slot slot="1469">-</slot>
            <slot slot="1470">-</slot>
            <slot slot="1471">-</slot>
            <slot slot="1472">-</slot>
            <slot slot="1473">-</slot>
            <slot slot="1474">-</slot>
            <slot slot="1475">-</slot>
            <slot slot="1476">-</slot>
            <slot slot="1477">-</slot>
            <slot slot="1478">-</slot>
            <slot slot="1479">-</slot>
            <slot slot="1480">-</slot>
            <slot slot="1481">-</slot>
            <slot slot="1482">-</slot>
            <slot slot="1483">-</slot>
            <slot slot="1484">-</slot>
            <slot slot="1485">-</slot>
            <slot slot="1486">-</slot>
            <slot slot="1487">-</slot>
            <slot slot="1488">-</slot>
            <slot slot="1489">-</slot>
            <slot slot="1490">-</slot>
            <slot slot="1491">-</slot>
            <slot slot="1492">-</slot>
            <slot slot="1493">-</slot>
            <slot slot="1494">-</slot>
            <slot slot="1495">-</slot>
            <slot slot="1496">-</slot>
            <slot slot="1497">-</slot>
            <slot slot="1498">-</slot>
            <slot slot="1499">-</slot>
            <slot slot="1500">-</slot>
            <slot slot="1501">-</slot>
            <slot slot="1502">-</slot>
            <slot slot="1503">-</slot>
            <slot slot="1504">-</slot>
            <slot slot="1505">-</slot>
            <slot slot="1506">-</slot>
            <slot slot="1507">-</slot>
            <slot slot="1508">-</slot>
            <slot slot="1509">-</slot>
            <slot slot="1510">-</slot>
            <slot slot="1511">-</slot>
            <slot slot="1512">-</slot>
            <slot slot="1513">-</slot>
            <slot slot="1514">-</slot>
            <slot slot="1515">-</slot>
            <slot slot="1516">-</slot>
            <slot slot="1517">-</slot>
            <slot slot="1518">-</slot>
            <slot slot="1519">-</slot>
            <slot slot="1520">-</slot>
            <slot slot="1521">-</slot>
            <slot slot="1522">-</slot>
            <slot slot="1523">-</slot>
            <slot slot="1524">-</slot>
            <slot slot="1525">-</slot>
            <slot slot="1526">-</slot>
            <slot slot="1527">-</slot>
            <slot slot="1528">-</slot>
            <slot slot="1529">-</slot>
            <slot slot="1530">-</slot>
            <slot slot="1531">-</slot>
            <slot slot="1532">-</slot>
            <slot slot="1533">-</slot>
            <slot slot="1534">-</slot>
            <slot slot="1535">-</slot>
            <slot slot="1536">-</slot>
            <slot slot="1537">-</slot>
            <slot slot="1538">-</slot>
            <slot slot="1539">-</slot>
            <slot slot="1540">-</slot>
            <slot slot="1541">-</slot>
            <slot slot="1542">-</slot>
            <slot slot="1543">-</slot>
            <slot slot="1544">-</slot>
            <slot slot="1545">-</slot>
            <slot slot="1546">-</slot>
            <slot slot="1547">-</slot>
            <slot slot="1548">-</slot>
            <slot slot="1549">-</slot>
            <slot slot="1550">-</slot>
            <slot slot="1551">-</slot>
            <slot slot="1552">-</slot>
            <slot slot="1553">-</slot>
            <slot slot="1554">-</slot>
            <slot slot="1555">-</slot>
            <slot slot="1556">-</slot>
            <slot slot="1557">-</slot>
            <slot slot="1558">-</slot>
            <slot slot="1559">-</slot>
            <slot slot="1560">-</slot>
            <slot slot="1561">-</slot>
            <slot slot="1562">-</slot>
            <slot slot="1563">-</slot>
            <slot slot="1564">-</slot>
            <slot slot="1565">-</slot>
            <slot slot="1566">-</slot>
            <slot slot="1567">-</slot>
            <slot slot="1568">-</slot>
            <slot slot="1569">-</slot>
            <slot slot="1570">-</slot>
            <slot slot="1571">-</slot>
            <slot slot="1572">-</slot>
            <slot slot="1573">-</slot>
            <slot slot="1574">-</slot>
            <slot slot="1575">-</slot>
            <slot slot="1576">-</slot>
            <slot slot="1577">-</slot>
            <slot slot="1578">-</slot>
            <slot slot="1579">-</slot>
            <slot slot="1580">-</slot>
            <slot slot="1581">-</slot>
            <slot slot="1582">-</slot>
            <slot slot="1583">-</slot>
            <slot slot="1584">-</slot>
            <slot slot="1585">-</slot>
            <slot slot="1586">-</slot>
            <slot slot="1587">-</slot>
            <slot slot="1588">-</slot>
            <slot slot="1589">-</slot>
            <slot slot="1590">-</slot>
            <slot slot="1591">-</slot>
            <slot slot="1592">-</slot>
            <slot slot="1593">-</slot>
            <slot slot="1594">-</slot>
            <slot slot="1595">-</slot>
            <slot slot="1596">-</slot>
            <slot slot="1597">-</slot>
            <slot slot="1598">-</slot>
            <slot slot="1599">-</slot>
            <slot slot="1600">-</slot>
            <slot slot="1601">-</slot>
            <slot slot="1602">-</slot>
            <slot slot="1603">-</slot>
            <slot slot="1604">-</slot>
            <slot slot="1605">-</slot>
            <slot slot="1606">-</slot>
            <slot slot="1607">-</slot>
            <slot slot="1608">-</slot>
            <slot slot="1609">-</slot>
            <slot slot="1610">-</slot>
            <slot slot="1611">-</slot>
            <slot slot="1612">-</slot>
            <slot slot="1613">-</slot>
            <slot slot="1614">-</slot>
            <slot slot="1615">-</slot>
            <slot slot="1616">-</slot>
            <slot slot="1617">-</slot>
            <slot slot="1618">-</slot>
            <slot slot="1619">-</slot>
            <slot slot="1620">-</slot>
            <slot slot="1621">-</slot>
            <slot slot="1622">-</slot>
            <slot slot="1623">-</slot>
            <slot slot="1624">-</slot>
            <slot slot="1625">-</slot>
            <slot slot="1626">-</slot>
            <slot slot="1627">-</slot>
            <slot slot="1628">-</slot>
            <slot slot="1629">-</slot>
            <slot slot="1630">-</slot>
            <slot slot="1631">-</slot>
            <slot slot="1632">-</slot>
            <slot slot="1633">-</slot>
            <slot slot="1634">-</slot>
            <slot slot="1635">-</slot>
            <slot slot="1636">-</slot>
            <slot slot="1637">-</slot>
            <slot slot="1638">-</slot>
            <slot slot="1639">-</slot>
            <slot slot="1640">-</slot>
            <slot slot="1641">-</slot>
            <slot slot="1642">-</slot>
            <slot slot="1643">-</slot>
            <slot slot="1644">-</slot>
            <slot slot="1645">-</slot>
            <slot slot="1646">-</slot>
            <slot slot="1647">-</slot>
            <slot slot="1648">-</slot>
            <slot slot="1649">-</slot>
            <slot slot="1650">-</slot>
            <slot slot="1651">-</slot>
            <slot slot="1652">-</slot>
            <slot slot="1653">-</slot>
            <slot slot="1654">-</slot>
            <slot slot="1655">-</slot>
            <slot slot="1656">-</slot>
            <slot slot="1657">-</slot>
            <slot slot="1658">-</slot>
            <slot slot="1659">-</slot>
            <slot slot="1660">-</slot>
            <slot slot="1661">-</slot>
            <slot slot="1662">-</slot>
            <slot slot="1663">-</slot>
            <slot slot="1664">-</slot>
            <slot slot="1665">-</slot>
            <slot slot="1666">-</slot>
            <slot slot="1667">-</slot>
            <slot slot="1668">-</slot>
            <slot slot="1669">-</slot>
            <slot slot="1670">-</slot>
            <slot slot="1671">-</slot>
            <slot slot="1672">-</slot>
            <slot slot="1673">-</slot>
            <slot slot="1674">-</slot>
            <slot slot="1675">-</slot>
            <slot slot="1676">-</slot>
            <slot slot="1677">-</slot>
            <slot slot="1678">-</slot>
            <slot slot="1679">-</slot>
            <slot slot="1680">-</slot>
            <slot slot="1681">-</slot>
            <slot slot="1682">-</slot>
            <slot slot="1683">-</slot>
            <slot slot="1684">-</slot>
            <slot slot="1685">-</slot>
            <slot slot="1686">-</slot>
            <slot slot="1687">-</slot>
            <slot slot="1688">-</slot>
            <slot slot="1689">-</slot>
            <slot slot="1690">-</slot>
            <slot slot="1691">-</slot>
            <slot slot="1692">-</slot>
            <slot slot="1693">-</slot>
            <slot slot="1694">-</slot>
            <slot slot="1695">-</slot>
            <slot slot="1696">-</slot>
            <slot slot="1697">-</slot>
            <slot slot="1698">-</slot>
            <slot slot="1699">-</slot>
            <slot slot="1700">-</slot>
            <slot slot="1701">-</slot>
            <slot slot="1702">-</slot>
            <slot slot="1703">-</slot>
            <slot slot="1704">-</slot>
            <slot slot="1705">-</slot>
            <slot slot="1706">-</slot>
            <slot slot="1707">-</slot>
            <slot slot="1708">-</slot>
            <slot slot="1709">-</slot>
            <slot slot="1710">-</slot>
            <slot slot="1711">-</slot>
            <slot slot="1712">-</slot>
            <slot slot="1713">-</slot>
            <slot slot="1714">-</slot>
            <slot slot="1715">-</slot>
            <slot slot="1716">-</slot>
            <slot slot="1717">-</slot>
            <slot slot="1718">-</slot>
            <slot slot="1719">-</slot>
            <slot slot="1720">-</slot>
            <slot slot="1721">-</slot>
            <slot slot="1722">-</slot>
            <slot slot="1723">-</slot>
            <slot slot="1724">-</slot>
            <slot slot="1725">-</slot>
            <slot slot="1726">-</slot>
            <slot slot="1727">-</slot>
            <slot slot="1728">-</slot>
            <slot slot="1729">-</slot>
            <slot slot="1730">-</slot>
            <slot slot="1731">-</slot>
            <slot slot="1732">-</slot>
            <slot slot="1733">-</slot>
            <slot slot="1734">-</slot>
            <slot slot="1735">-</slot>
            <slot slot="1736">-</slot>
            <slot slot="1737">-</slot>
            <slot slot="1738">-</slot>
            <slot slot="1739">-</slot>
            <slot slot="1740">-</slot>
            <slot slot="1741">-</slot>
            <slot slot="1742">-</slot>
            <slot slot="1743">-</slot>
            <slot slot="1744">-</slot>
            <slot slot="1745">-</slot>
            <slot slot="1746">-</slot>
            <slot slot="1747">-</slot>
            <slot slot="1748">-</slot>
            <slot slot="1749">-</slot>
            <slot slot="1750">-</slot>
            <slot slot="1751">-</slot>
            <slot slot="1752">-</slot>
            <slot slot="1753">-</slot>
            <slot slot="1754">-</slot>
            <slot slot="1755">-</slot>
            <slot slot="1756">-</slot>
            <slot slot="1757">-</slot>
            <slot slot="1758">-</slot>
            <slot slot="1759">-</slot>
            <slot slot="1760">-</slot>
            <slot slot="1761">-</slot>
            <slot slot="1762">-</slot>
            <slot slot="1763">-</slot>
            <slot slot="1764">-</slot>
            <slot slot="1765">-</slot>
            <slot slot="1766">-</slot>
            <slot slot="1767">-</slot>
            <slot slot="1768">-</slot>
            <slot slot="1769">-</slot>
            <slot slot="1770">-</slot>
            <slot slot="1771">-</slot>
            <slot slot="1772">-</slot>
            <slot slot="1773">-</slot>
            <slot slot="1774">-</slot>
            <slot slot="1775">-</slot>
            <slot slot="1776">-</slot>
            <slot slot="1777">-</slot>
            <slot slot="1778">-</slot>
            <slot slot="1779">-</slot>
            <slot slot="1780">-</slot>
            <slot slot="1781">-</slot>
            <slot slot="1782">-</slot>
            <slot slot="1783">-</slot>
            <slot slot="1784">-</slot>
            <slot slot="1785">-</slot>
            <slot slot="1786">-</slot>
            <slot slot="1787">-</slot>
            <slot slot="1788">-</slot>
            <slot slot="1789">-</slot>
            <slot slot="1790">-</slot>
            <slot slot="1791">-</slot>
            <slot slot="1792">-</slot>
            <slot slot="1793">-</slot>
            <slot slot="1794">-</slot>
            <slot slot="1795">-</slot>
            <slot slot="1796">-</slot>
            <slot slot="1797">-</slot>
            <slot slot="1798">-</slot>
            <slot slot="1799">-</slot>
            <slot slot="1800">-</slot>
            <slot slot="1801">-</slot>
            <slot slot="1802">-</slot>
            <slot slot="1803">-</slot>
            <slot slot="1804">-</slot>
            <slot slot="1805">-</slot>
            <slot slot="1806">-</slot>
            <slot slot="1807">-</slot>
            <slot slot="1808">-</slot>
            <slot slot="1809">-</slot>
            <slot slot="1810">-</slot>
            <slot slot="1811">-</slot>
            <slot slot="1812">-</slot>
            <slot slot="1813">-</slot>
            <slot slot="1814">-</slot>
            <slot slot="1815">-</slot>
            <slot slot="1816">-</slot>
            <slot slot="1817">-</slot>
            <slot slot="1818">-</slot>
            <slot slot="1819">-</slot>
            <slot slot="1820">-</slot>
            <slot slot="1821">-</slot>
            <slot slot="1822">-</slot>
            <slot slot="1823">-</slot>
            <slot slot="1824">-</slot>
            <slot slot="1825">-</slot>
            <slot slot="1826">-</slot>
            <slot slot="1827">-</slot>
            <slot slot="1828">-</slot>
            <slot slot="1829">-</slot>
            <slot slot="1830">-</slot>
            <slot slot="1831">-</slot>
            <slot slot="1832">-</slot>
            <slot slot="1833">-</slot>
            <slot slot="1834">-</slot>
            <slot slot="1835">-</slot>
            <slot slot="1836">-</slot>
            <slot slot="1837">-</slot>
            <slot slot="1838">-</slot>
            <slot slot="1839">-</slot>
            <slot slot="1840">-</slot>
            <slot slot="1841">-</slot>
            <slot slot="1842">-</slot>
            <slot slot="1843">-</slot>
            <slot slot="1844">-</slot>
            <slot slot="1845">-</slot>
            <slot slot="1846">-</slot>
            <slot slot="1847">-</slot>
            <slot slot="1848">-</slot>
            <slot slot="1849">-</slot>
            <slot slot="1850">-</slot>
            <slot slot="1851">-</slot>
            <slot slot="1852">-</slot>
            <slot slot="1853">-</slot>
            <slot slot="1854">-</slot>
            <slot slot="1855">-</slot>
            <slot slot="1856">-</slot>
            <slot slot="1857">-</slot>
            <slot slot="1858">-</slot>
            <slot slot="1859">-</slot>
            <slot slot="1860">-</slot>
            <slot slot="1861">-</slot>
            <slot slot="1862">-</slot>
            <slot slot="1863">-</slot>
            <slot slot="1864">-</slot>
            <slot slot="1865">-</slot>
            <slot slot="1866">-</slot>
            <slot slot="1867">-</slot>
            <slot slot="1868">-</slot>
            <slot slot="1869">-</slot>
            <slot slot="1870">-</slot>
            <slot slot="1871">-</slot>
            <slot slot="1872">-</slot>
            <slot slot="1873">-</slot>
            <slot slot="1874">-</slot>
            <slot slot="1875">-</slot>
            <slot slot="1876">-</slot>
            <slot slot="1877">-</slot>
            <slot slot="1878">-</slot>
            <slot slot="1879">-</slot>
            <slot slot="1880">-</slot>
            <slot slot="1881">-</slot>
            <slot slot="1882">-</slot>
            <slot slot="1883">-</slot>
            <slot slot="1884">-</slot>
            <slot slot="1885">-</slot>
            <slot slot="1886">-</slot>
            <slot slot="1887">-</slot>
            <slot slot="1888">-</slot>
            <slot slot="1889">-</slot>
            <slot slot="1890">-</slot>
            <slot slot="1891">-</slot>
            <slot slot="1892">-</slot>
            <slot slot="1893">-</slot>
            <slot slot="1894">-</slot>
            <slot slot="1895">-</slot>
            <slot slot="1896">-</slot>
            <slot slot="1897">-</slot>
            <slot slot="1898">-</slot>
            <slot slot="1899">-</slot>
            <slot slot="1900">-</slot>
            <slot slot="1901">-</slot>
            <slot slot="1902">-</slot>
            <slot slot="1903">-</slot>
            <slot slot="1904">-</slot>
            <slot slot="1905">-</slot>
            <slot slot="1906">-</slot>
            <slot slot="1907">-</slot>
            <slot slot="1908">-</slot>
            <slot slot="1909">-</slot>
            <slot slot="1910">-</slot>
            <slot slot="1911">-</slot>
            <slot slot="1912">-</slot>
            <slot slot="1913">-</slot>
            <slot slot="1914">-</slot>
            <slot slot="1915">-</slot>
            <slot slot="1916">-</slot>
            <slot slot="1917">-</slot>
            <slot slot="1918">-</slot>
            <slot slot="1919">-</slot>
            <slot slot="1920">-</slot>
            <slot slot="1921">-</slot>
            <slot slot="1922">-</slot>
            <slot slot="1923">-</slot>
            <slot slot="1924">-</slot>
            <slot slot="1925">-</slot>
            <slot slot="1926">-</slot>
            <slot slot="1927">-</slot>
            <slot slot="1928">-</slot>
            <slot slot="1929">-</slot>
            <slot slot="1930">-</slot>
            <slot slot="1931">-</slot>
            <slot slot="1932">-</slot>
            <slot slot="1933">-</slot>
            <slot slot="1934">-</slot>
            <slot slot="1935">-</slot>
            <slot slot="1936">-</slot>
            <slot slot="1937">-</slot>
            <slot slot="1938">-</slot>
            <slot slot="1939">-</slot>
            <slot slot="1940">-</slot>
            <slot slot="1941">-</slot>
            <slot slot="1942">-</slot>
            <slot slot="1943">-</slot>
            <slot slot="1944">-</slot>
            <slot slot="1945">-</slot>
            <slot slot="1946">-</slot>
            <slot slot="1947">-</slot>
            <slot slot="1948">-</slot>
            <slot slot="1949">-</slot>
            <slot slot="1950">-</slot>
            <slot slot="1951">-</slot>
            <slot slot="1952">-</slot>
            <slot slot="1953">-</slot>
            <slot slot="1954">-</slot>
            <slot slot="1955">-</slot>
            <slot slot="1956">-</slot>
            <slot slot="1957">-</slot>
            <slot slot="1958">-</slot>
            <slot slot="1959">-</slot>
            <slot slot="1960">-</slot>
            <slot slot="1961">-</slot>
            <slot slot="1962">-</slot>
            <slot slot="1963">-</slot>
            <slot slot="1964">-</slot>
            <slot slot="1965">-</slot>
            <slot slot="1966">-</slot>
            <slot slot="1967">-</slot>
            <slot slot="1968">-</slot>
            <slot slot="1969">-</slot>
            <slot slot="1970">-</slot>
            <slot slot="1971">-</slot>
            <slot slot="1972">-</slot>
            <slot slot="1973">-</slot>
            <slot slot="1974">-</slot>
            <slot slot="1975">-</slot>
            <slot slot="1976">-</slot>
            <slot slot="1977">-</slot>
            <slot slot="1978">-</slot>
            <slot slot="1979">-</slot>
            <slot slot="1980">-</slot>
            <slot slot="1981">-</slot>
            <slot slot="1982">-</slot>
            <slot slot="1983">-</slot>
            <slot slot="1984">-</slot>
            <slot slot="1985">-</slot>
            <slot slot="1986">-</slot>
            <slot slot="1987">-</slot>
            <slot slot="1988">-</slot>
            <slot slot="1989">-</slot>
            <slot slot="1990">-</slot>
            <slot slot="1991">-</slot>
            <slot slot="1992">-</slot>
            <slot slot="1993">-</slot>
            <slot slot="1994">-</slot>
            <slot slot="1995">-</slot>
            <slot slot="1996">-</slot>
            <slot slot="1997">-</slot>
            <slot slot="1998">-</slot>
            <slot slot="1999">-</slot>
            <slot slot="2000">-</slot>
            <slot slot="2001">-</slot>
            <slot slot="2002">-</slot>
            <slot slot="2003">-</slot>
            <slot slot="2004">-</slot>
            <slot slot="2005">-</slot>
            <slot slot="2006">-</slot>
            <slot slot="2007">-</slot>
            <slot slot="2008">-</slot>
            <slot slot="2009">-</slot>
            <slot slot="2010">-</slot>
            <slot slot="2011">-</slot>
            <slot slot="2012">-</slot>
            <slot slot="2013">-</slot>
            <slot slot="2014">-</slot>
            <slot slot="2015">-</slot>
            <slot slot="2016">-</slot>
            <slot slot="2017">-</slot>
            <slot slot="2018">-</slot>
            <slot slot="2019">-</slot>
            <slot slot="2020">-</slot>
            <slot slot="2021">-</slot>
            <slot slot="2022">-</slot>
            <slot slot="2023">-</slot>
            <slot slot="2024">-</slot>
            <slot slot="2025">-</slot>
            <slot slot="2026">-</slot>
            <slot slot="2027">-</slot>
            <slot slot="2028">-</slot>
            <slot slot="2029">-</slot>
            <slot slot="2030">-</slot>
            <slot slot="2031">-</slot>
            <slot slot="2032">-</slot>
            <slot slot="2033">-</slot>
            <slot slot="2034">-</slot>
            <slot slot="2035">-</slot>
            <slot slot="2036">-</slot>
            <slot slot="2037">-</slot>
            <slot slot="2038">-</slot>
            <slot slot="2039">-</slot>
            <slot slot="2040">-</slot>
            <slot slot="2041">-</slot>
            <slot slot="2042">-</slot>
            <slot slot="2043">-</slot>
            <slot slot="2044">-</slot>
            <slot slot="2045">-</slot>
            <slot slot="2046">-</slot>
            <slot slot="2047">-</slot>
            <slot slot="2048">-</slot>
            <slot slot="2049">-</slot>
            <slot slot="2050">-</slot>
            <slot slot="2051">-</slot>
            <slot slot="2052">-</slot>
            <slot slot="2053">-</slot>
            <slot slot="2054">-</slot>
            <slot slot="2055">-</slot>
            <slot slot="2056">-</slot>
            <slot slot="2057">-</slot>
            <slot slot="2058">-</slot>
            <slot slot="2059">-</slot>
            <slot slot="2060">-</slot>
            <slot slot="2061">-</slot>
            <slot slot="2062">-</slot>
            <slot slot="2063">-</slot>
            <slot slot="2064">-</slot>
            <slot slot="2065">-</slot>
            <slot slot="2066">-</slot>
            <slot slot="2067">-</slot>
            <slot slot="2068">-</slot>
            <slot slot="2069">-</slot>
            <slot slot="2070">-</slot>
            <slot slot="2071">-</slot>
            <slot slot="2072">-</slot>
            <slot slot="2073">-</slot>
            <slot slot="2074">-</slot>
            <slot slot="2075">-</slot>
            <slot slot="2076">-</slot>
            <slot slot="2077">-</slot>
            <slot slot="2078">-</slot>
            <slot slot="2079">-</slot>
            <slot slot="2080">-</slot>
            <slot slot="2081">-</slot>
            <slot slot="2082">-</slot>
            <slot slot="2083">-</slot>
            <slot slot="2084">-</slot>
            <slot slot="2085">-</slot>
            <slot slot="2086">-</slot>
            <slot slot="2087">-</slot>
            <slot slot="2088">-</slot>
            <slot slot="2089">-</slot>
            <slot slot="2090">-</slot>
            <slot slot="2091">-</slot>
            <slot slot="2092">-</slot>
            <slot slot="2093">-</slot>
            <slot slot="2094">-</slot>
            <slot slot="2095">-</slot>
            <slot slot="2096">-</slot>
            <slot slot="2097">-</slot>
            <slot slot="2098">-</slot>
            <slot slot="2099">-</slot>
            <slot slot="2100">-</slot>
            <slot slot="2101">-</slot>
            <slot slot="2102">-</slot>
            <slot slot="2103">-</slot>
            <slot slot="2104">-</slot>
            <slot slot="2105">-</slot>
            <slot slot="2106">-</slot>
            <slot slot="2107">-</slot>
            <slot slot="2108">-</slot>
            <slot slot="2109">-</slot>
            <slot slot="2110">-</slot>
            <slot slot="2111">-</slot>
            <slot slot="2112">-</slot>
            <slot slot="2113">-</slot>
            <slot slot="2114">-</slot>
            <slot slot="2115">-</slot>
            <slot slot="2116">-</slot>
            <slot slot="2117">-</slot>
            <slot slot="2118">-</slot>
            <slot slot="2119">-</slot>
            <slot slot="2120">-</slot>
            <slot slot="2121">-</slot>
            <slot slot="2122">-</slot>
            <slot slot="2123">-</slot>
            <slot slot="2124">-</slot>
            <slot slot="2125">-</slot>
            <slot slot="2126">-</slot>
            <slot slot="2127">-</slot>
            <slot slot="2128">-</slot>
            <slot slot="2129">-</slot>
            <slot slot="2130">-</slot>
            <slot slot="2131">-</slot>
            <slot slot="2132">-</slot>
            <slot slot="2133">-</slot>
            <slot slot="2134">-</slot>
            <slot slot="2135">-</slot>
            <slot slot="2136">-</slot>
            <slot slot="2137">-</slot>
            <slot slot="2138">-</slot>
            <slot slot="2139">-</slot>
            <slot slot="2140">-</slot>
            <slot slot="2141">-</slot>
            <slot slot="2142">-</slot>
            <slot slot="2143">-</slot>
            <slot slot="2144">-</slot>
            <slot slot="2145">-</slot>
            <slot slot="2146">-</slot>
            <slot slot="2147">-</slot>
            <slot slot="2148">-</slot>
            <slot slot="2149">-</slot>
            <slot slot="2150">-</slot>
            <slot slot="2151">-</slot>
            <slot slot="2152">-</slot>
            <slot slot="2153">-</slot>
            <slot slot="2154">-</slot>
            <slot slot="2155">-</slot>
            <slot slot="2156">-</slot>
            <slot slot="2157">-</slot>
            <slot slot="2158">-</slot>
            <slot slot="2159">-</slot>
            <slot slot="2160">-</slot>
            <slot slot="2161">-</slot>
            <slot slot="2162">-</slot>
            <slot slot="2163">-</slot>
            <slot slot="2164">-</slot>
            <slot slot="2165">-</slot>
            <slot slot="2166">-</slot>
            <slot slot="2167">-</slot>
            <slot slot="2168">-</slot>
            <slot slot="2169">-</slot>
            <slot slot="2170">-</slot>
            <slot slot="2171">-</slot>
            <slot slot="2172">-</slot>
            <slot slot="2173">-</slot>
            <slot slot="2174">-</slot>
            <slot slot="2175">-</slot>
            <slot slot="2176">-</slot>
            <slot slot="2177">-</slot>
            <slot slot="2178">-</slot>
            <slot slot="2179">-</slot>
            <slot slot="2180">-</slot>
            <slot slot="2181">-</slot>
            <slot slot="2182">-</slot>
            <slot slot="2183">-</slot>
            <slot slot="2184">-</slot>
            <slot slot="2185">-</slot>
            <slot slot="2186">-</slot>
            <slot slot="2187">-</slot>
            <slot slot="2188">-</slot>
            <slot slot="2189">-</slot>
            <slot slot="2190">-</slot>
            <slot slot="2191">-</slot>
            <slot slot="2192">-</slot>
            <slot slot="2193">-</slot>
            <slot slot="2194">-</slot>
            <slot slot="2195">-</slot>
            <slot slot="2196">-</slot>
            <slot slot="2197">-</slot>
            <slot slot="2198">-</slot>
            <slot slot="2199">-</slot>
            <slot slot="2200">-</slot>
            <slot slot="2201">-</slot>
            <slot slot="2202">-</slot>
            <slot slot="2203">-</slot>
            <slot slot="2204">-</slot>
            <slot slot="2205">-</slot>
            <slot slot="2206">-</slot>
            <slot slot="2207">-</slot>
            <slot slot="2208">-</slot>
            <slot slot="2209">-</slot>
            <slot slot="2210">-</slot>
            <slot slot="2211">-</slot>
            <slot slot="2212">-</slot>
            <slot slot="2213">-</slot>
            <slot slot="2214">-</slot>
            <slot slot="2215">-</slot>
            <slot slot="2216">-</slot>
            <slot slot="2217">-</slot>
            <slot slot="2218">-</slot>
            <slot slot="2219">-</slot>
            <slot slot="2220">-</slot>
            <slot slot="2221">-</slot>
            <slot slot="2222">-</slot>
            <slot slot="2223">-</slot>
            <slot slot="2224">-</slot>
            <slot slot="2225">-</slot>
            <slot slot="2226">-</slot>
            <slot slot="2227">-</slot>
            <slot slot="2228">-</slot>
            <slot slot="2229">-</slot>
            <slot slot="2230">-</slot>
            <slot slot="2231">-</slot>
            <slot slot="2232">-</slot>
            <slot slot="2233">-</slot>
            <slot slot="2234">-</slot>
            <slot slot="2235">-</slot>
            <slot slot="2236">-</slot>
            <slot slot="2237">-</slot>
            <slot slot="2238">-</slot>
            <slot slot="2239">-</slot>
            <slot slot="2240">-</slot>
            <slot slot="2241">-</slot>
            <slot slot="2242">-</slot>
            <slot slot="2243">-</slot>
            <slot slot="2244">-</slot>
            <slot slot="2245">-</slot>
            <slot slot="2246">-</slot>
            <slot slot="2247">-</slot>
            <slot slot="2248">-</slot>
            <slot slot="2249">-</slot>
            <slot slot="2250">-</slot>
            <slot slot="2251">-</slot>
            <slot slot="2252">-</slot>
            <slot slot="2253">-</slot>
            <slot slot="2254">-</slot>
            <slot slot="2255">-</slot>
            <slot slot="2256">-</slot>
            <slot slot="2257">-</slot>
            <slot slot="2258">-</slot>
            <slot slot="2259">-</slot>
            <slot slot="2260">-</slot>
            <slot slot="2261">-</slot>
            <slot slot="2262">-</slot>
            <slot slot="2263">-</slot>
            <slot slot="2264">-</slot>
            <slot slot="2265">-</slot>
            <slot slot="2266">-</slot>
            <slot slot="2267">-</slot>
            <slot slot="2268">-</slot>
            <slot slot="2269">-</slot>
            <slot slot="2270">-</slot>
            <slot slot="2271">-</slot>
            <slot slot="2272">-</slot>
            <slot slot="2273">-</slot>
            <slot slot="2274">-</slot>
            <slot slot="2275">-</slot>
            <slot slot="2276">-</slot>
            <slot slot="2277">-</slot>
            <slot slot="2278">-</slot>
            <slot slot="2279">-</slot>
            <slot slot="2280">-</slot>
            <slot slot="2281">-</slot>
            <slot slot="2282">-</slot>
            <slot slot="2283">-</slot>
            <slot slot="2284">-</slot>
            <slot slot="2285">-</slot>
            <slot slot="2286">-</slot>
            <slot slot="2287">-</slot>
            <slot slot="2288">-</slot>
            <slot slot="2289">-</slot>
            <slot slot="2290">-</slot>
            <slot slot="2291">-</slot>
            <slot slot="2292">-</slot>
            <slot slot="2293">-</slot>
            <slot slot="2294">-</slot>
            <slot slot="2295">-</slot>
            <slot slot="2296">-</slot>
            <slot slot="2297">-</slot>
            <slot slot="2298">-</slot>
            <slot slot="2299">-</slot>
            <slot slot="2300">-</slot>
            <slot slot="2301">-</slot>
            <slot slot="2302">-</slot>
            <slot slot="2303">-</slot>
            <slot slot="2304">-</slot>
            <slot slot="2305">-</slot>
            <slot slot="2306">-</slot>
            <slot slot="2307">-</slot>
            <slot slot="2308">-</slot>
            <slot slot="2309">-</slot>
            <slot slot="2310">-</slot>
            <slot slot="2311">-</slot>
            <slot slot="2312">-</slot>
            <slot slot="2313">-</slot>
            <slot slot="2314">-</slot>
            <slot slot="2315">-</slot>
            <slot slot="2316">-</slot>
            <slot slot="2317">-</slot>
            <slot slot="2318">-</slot>
            <slot slot="2319">-</slot>
            <slot slot="2320">-</slot>
            <slot slot="2321">-</slot>
            <slot slot="2322">-</slot>
            <slot slot="2323">-</slot>
            <slot slot="2324">-</slot>
            <slot slot="2325">-</slot>
            <slot slot="2326">-</slot>
            <slot slot="2327">-</slot>
            <slot slot="2328">-</slot>
            <slot slot="2329">-</slot>
            <slot slot="2330">-</slot>
            <slot slot="2331">-</slot>
            <slot slot="2332">-</slot>
            <slot slot="2333">-</slot>
            <slot slot="2334">-</slot>
            <slot slot="2335">-</slot>
            <slot slot="2336">-</slot>
            <slot slot="2337">-</slot>
            <slot slot="2338">-</slot>
            <slot slot="2339">-</slot>
            <slot slot="2340">-</slot>
            <slot slot="2341">-</slot>
            <slot slot="2342">-</slot>
            <slot slot="2343">-</slot>
            <slot slot="2344">-</slot>
            <slot slot="2345">-</slot>
            <slot slot="2346">-</slot>
            <slot slot="2347">-</slot>
            <slot slot="2348">-</slot>
            <slot slot="2349">-</slot>
            <slot slot="2350">-</slot>
            <slot slot="2351">-</slot>
            <slot slot="2352">-</slot>
            <slot slot="2353">-</slot>
            <slot slot="2354">-</slot>
            <slot slot="2355">-</slot>
            <slot slot="2356">-</slot>
            <slot slot="2357">-</slot>
            <slot slot="2358">-</slot>
            <slot slot="2359">-</slot>
            <slot slot="2360">-</slot>
            <slot slot="2361">-</slot>
            <slot slot="2362">-</slot>
            <slot slot="2363">-</slot>
            <slot slot="2364">-</slot>
            <slot slot="2365">-</slot>
            <slot slot="2366">-</slot>
            <slot slot="2367">-</slot>
            <slot slot="2368">-</slot>
            <slot slot="2369">-</slot>
            <slot slot="2370">-</slot>
            <slot slot="2371">-</slot>
            <slot slot="2372">-</slot>
            <slot slot="2373">-</slot>
            <slot slot="2374">-</slot>
            <slot slot="2375">-</slot>
            <slot slot="2376">-</slot>
            <slot slot="2377">-</slot>
            <slot slot="2378">-</slot>
            <slot slot="2379">-</slot>
            <slot slot="2380">-</slot>
            <slot slot="2381">-</slot>
            <slot slot="2382">-</slot>
            <slot slot="2383">-</slot>
            <slot slot="2384">-</slot>
            <slot slot="2385">-</slot>
            <slot slot="2386">-</slot>
            <slot slot="2387">-</slot>
            <slot slot="2388">-</slot>
            <slot slot="2389">-</slot>
            <slot slot="2390">-</slot>
            <slot slot="2391">-</slot>
            <slot slot="2392">-</slot>
            <slot slot="2393">-</slot>
            <slot slot="2394">-</slot>
            <slot slot="2395">-</slot>
            <slot slot="2396">-</slot>
            <slot slot="2397">-</slot>
            <slot slot="2398">-</slot>
            <slot slot="2399">-</slot>
            <slot slot="2400">-</slot>
            <slot slot="2401">-</slot>
            <slot slot="2402">-</slot>
            <slot slot="2403">-</slot>
            <slot slot="2404">-</slot>
            <slot slot="2405">-</slot>
            <slot slot="2406">-</slot>
            <slot slot="2407">-</slot>
            <slot slot="2408">-</slot>
            <slot slot="2409">-</slot>
            <slot slot="2410">-</slot>
            <slot slot="2411">-</slot>
            <slot slot="2412">-</slot>
            <slot slot="2413">-</slot>
            <slot slot="2414">-</slot>
            <slot slot="2415">-</slot>
            <slot slot="2416">-</slot>
            <slot slot="2417">-</slot>
            <slot slot="2418">-</slot>
            <slot slot="2419">-</slot>
            <slot slot="2420">-</slot>
            <slot slot="2421">-</slot>
            <slot slot="2422">-</slot>
            <slot slot="2423">-</slot>
            <slot slot="2424">-</slot>
            <slot slot="2425">-</slot>
            <slot slot="2426">-</slot>
            <slot slot="2427">-</slot>
            <slot slot="2428">-</slot>
            <slot slot="2429">-</slot>
            <slot slot="2430">-</slot>
            <slot slot="2431">-</slot>
            <slot slot="2432">-</slot>
            <slot slot="2433">-</slot>
            <slot slot="2434">-</slot>
            <slot slot="2435">-</slot>
            <slot slot="2436">-</slot>
            <slot slot="2437">-</slot>
            <slot slot="2438">-</slot>
            <slot slot="2439">-</slot>
            <slot slot="2440">-</slot>
            <slot slot="2441">-</slot>
            <slot slot="2442">-</slot>
            <slot slot="2443">-</slot>
            <slot slot="2444">-</slot>
            <slot slot="2445">-</slot>
            <slot slot="2446">-</slot>
            <slot slot="2447">-</slot>
            <slot slot="2448">-</slot>
            <slot slot="2449">-</slot>
            <slot slot="2450">-</slot>
            <slot slot="2451">-</slot>
            <slot slot="2452">-</slot>
            <slot slot="2453">-</slot>
            <slot slot="2454">-</slot>
            <slot slot="2455">-</slot>
            <slot slot="2456">-</slot>
            <slot slot="2457">-</slot>
            <slot slot="2458">-</slot>
            <slot slot="2459">-</slot>
            <slot slot="2460">-</slot>
            <slot slot="2461">-</slot>
            <slot slot="2462">-</slot>
            <slot slot="2463">-</slot>
            <slot slot="2464">-</slot>
            <slot slot="2465">-</slot>
            <slot slot="2466">-</slot>
            <slot slot="2467">-</slot>
            <slot slot="2468">-</slot>
            <slot slot="2469">-</slot>
            <slot slot="2470">-</slot>
            <slot slot="2471">-</slot>
            <slot slot="2472">-</slot>
            <slot slot="2473">-</slot>
            <slot slot="2474">-</slot>
            <slot slot="2475">-</slot>
            <slot slot="2476">-</slot>
            <slot slot="2477">-</slot>
            <slot slot="2478">-</slot>
            <slot slot="2479">-</slot>
            <slot slot="2480">-</slot>
            <slot slot="2481">-</slot>
            <slot slot="2482">-</slot>
            <slot slot="2483">-</slot>
            <slot slot="2484">-</slot>
            <slot slot="2485">-</slot>
            <slot slot="2486">-</slot>
            <slot slot="2487">-</slot>
            <slot slot="2488">-</slot>
            <slot slot="2489">-</slot>
            <slot slot="2490">-</slot>
            <slot slot="2491">-</slot>
            <slot slot="2492">-</slot>
            <slot slot="2493">-</slot>
            <slot slot="2494">-</slot>
            <slot slot="2495">-</slot>
            <slot slot="2496">-</slot>
            <slot slot="2497">-</slot>
            <slot slot="2498">-</slot>
            <slot slot="2499">-</slot>
        </core>
        <core number="1">
            <slot slot="0">D0N6</slot>
            <slot slot="1">D0N6</slot>
            <slot slot="2">D0N6</slot>
            <slot slot="3">D0N6</slot>
            <slot slot="4">D0N6</slot>
            <slot slot="5">D0N6</slot>
            <slot slot="6">D0N6</slot>
            <slot slot="7">D0N6</slot>
            <slot slot="8">D0N6</slot>
            <slot slot="9">D0N6</slot>
            <slot slot="10">D0N6</slot>
            <slot slot="11">D0N6</slot>
            <slot slot="12">D0N6</slot>
            <slot slot="13">D0N6</slot>
            <slot slot="14">D0N6</slot>
            <slot slot="15">D0N6</slot>
            <slot slot="16">D0N6</slot>
            <slot slot="17">D0N6</slot>
            <slot slot="18">D0N6</slot>
            <slot slot="19">D0N6</slot>
            <slot slot="20">D0N1</slot>
            <slot slot="21">D0N1</slot>
            <slot slot="22">D0N1</slot>
            <slot slot="23">D0N1</slot>
            <slot slot="24">D0N1</slot>
            <slot slot="25">D0N1</slot>
            <slot slot="26">D0N1</slot>
            <slot slot="27">D0N1</slot>
            <slot slot="28">D0N1</slot>
            <slot slot="29">D0N1</slot>
            <slot slot="30">D0N16</slot>
            <slot slot="31">D0N16</slot>
            <slot slot="32">D0N16</slot>
            <slot slot="33">D0N16</slot>
            <slot slot="34">D0N16</slot>
            <slot slot="35">D0N16</slot>
            <slot slot="36">D0N16</slot>
            <slot slot="37">D0N16</slot>
            <slot slot="38">D0N16</slot>
            <slot slot="39">D0N16</slot>
            <slot slot="40">D0N0</slot>
            <slot slot="41">D0N0</slot>
            <slot slot="42">D0N0</slot>
            <slot slot="43">D0N0</slot>
            <slot slot="44">D0N0</slot>
            <slot slot="45">D0N0</slot>
            <slot slot="46">D0N0</slot>
            <slot slot="47">D0N0</slot>
            <slot slot="48">D0N0</slot>
            <slot slot="49">D0N0</slot>
            <slot slot="50">D0N7</slot>
            <slot slot="51">D0N7</slot>
            <slot slot="52">D0N7</slot>
            <slot slot="53">D0N7</slot>
            <slot slot="54">D0N7</slot>
            <slot slot="55">D0N7</slot>
            <slot slot="56">D0N7</slot>
            <slot slot="57">D0N7</slot>
            <slot slot="58">D0N7</slot>
            <slot slot="59">D0N7</slot>
            <slot slot="60">D0N7</slot>
            <slot slot="61">D0N7</slot>
            <slot slot="62">D0N7</slot>
            <slot slot="63">D0N7</slot>
            <slot slot="64">D0N7</slot>
            <slot slot="65">D0N7</slot>
            <slot slot="66">D0N7</slot>
            <slot slot="67">D0N7</slot>
            <slot slot="68">D0N7</slot>
            <slot slot="69">D0N7</slot>
            <slot slot="70">D0N7</slot>
            <slot slot="71">D0N7</slot>
            <slot slot="72">D0N7</slot>
            <slot slot="73">D0N7</slot>
            <slot slot="74">D0N7</slot>
            <slot slot="75">D0N7</slot>
            <slot slot="76">D0N7</slot>
            <slot slot="77">D0N7</slot>
            <slot slot="78">D0N7</slot>
            <slot slot="79">D0N7</slot>
            <slot slot="80">D0N14</slot>
            <slot slot="81">D0N14</slot>
            <slot slot="82">D0N14</slot>
            <slot slot="83">D0N14</slot>
            <slot slot="84">D0N14</slot>
            <slot slot="85">D0N14</slot>
            <slot slot="86">D0N14</slot>
            <slot slot="87">D0N14</slot>
            <slot slot="88">D0N14</slot>
            <slot slot="89">D0N14</slot>
            <slot slot="90">D0N27</slot>
            <slot slot="91">D0N27</slot>
            <slot slot="92">D0N27</slot>
            <slot slot="93">D0N27</slot>
            <slot slot="94">D0N27</slot>
            <slot slot="95">D0N27</slot>
            <slot slot="96">D0N27</slot>
            <slot slot="97">D0N27</slot>
            <slot slot="98">D0N27</slot>
            <slot slot="99">D0N27</slot>
            <slot slot="100">D0N15</slot>
            <slot slot="101">D0N15</slot>
            <slot slot="102">D0N15</slot>
            <slot slot="103">D0N15</slot>
            <slot slot="104">D0N15</slot>
            <slot slot="105">D0N15</slot>
            <slot slot="106">D0N15</slot>
            <slot slot="107">D0N15</slot>
            <slot slot="108">D0N15</slot>
            <slot slot="109">D0N15</slot>
            <slot slot="110">D0N15</slot>
            <slot slot="111">D0N15</slot>
            <slot slot="112">D0N15</slot>
            <slot slot="113">D0N15</slot>
            <slot slot="114">D0N15</slot>
            <slot slot="115">D0N15</slot>
            <slot slot="116">D0N15</slot>
            <slot slot="117">D0N15</slot>
            <slot slot="118">D0N15</slot>
            <slot slot="119">D0N15</slot>
            <slot slot="120">D0N15</slot>
            <slot slot="121">D0N15</slot>
            <slot slot="122">D0N15</slot>
            <slot slot="123">D0N15</slot>
            <slot slot="124">D0N15</slot>
            <slot slot="125">D0N15</slot>
            <slot slot="126">D0N15</slot>
            <slot slot="127">D0N15</slot>
            <slot slot="128">D0N15</slot>
            <slot slot="129">D0N15</slot>
            <slot slot="130">D0N12</slot>
            <slot slot="131">D0N12</slot>
            <slot slot="132">D0N12</slot>
            <slot slot="133">D0N12</slot>
            <slot slot="134">D0N12</slot>
            <slot slot="135">D0N12</slot>
            <slot slot="136">D0N12</slot>
            <slot slot="137">D0N12</slot>
            <slot slot="138">D0N12</slot>
            <slot slot="139">D0N12</slot>
            <slot slot="140">D0N21</slot>
            <slot slot="141">D0N21</slot>
            <slot slot="142">D0N21</slot>
            <slot slot="143">D0N21</slot>
            <slot slot="144">D0N21</slot>
            <slot slot="145">D0N21</slot>
            <slot slot="146">D0N21</slot>
            <slot slot="147">D0N21</slot>
            <slot slot="148">D0N21</slot>
            <slot slot="149">D0N21</slot>
            <slot slot="150">D0N21</slot>
            <slot slot="151">D0N21</slot>
            <slot slot="152">D0N21</slot>
            <slot slot="153">D0N21</slot>
            <slot slot="154">D0N21</slot>
            <slot slot="155">D0N21</slot>
            <slot slot="156">D0N21</slot>
            <slot slot="157">D0N21</slot>
            <slot slot="158">D0N21</slot>
            <slot slot="159">D0N21</slot>
            <slot slot="160">D0N30</slot>
            <slot slot="161">D0N30</slot>
            <slot slot="162">D0N30</slot>
            <slot slot="163">D0N30</slot>
            <slot slot="164">D0N30</slot>
            <slot slot="165">D0N30</slot>
            <slot slot="166">D0N30</slot>
            <slot slot="167">D0N30</slot>
            <slot slot="168">D0N30</slot>
            <slot slot="169">D0N30</slot>
            <slot slot="170">D0N30</slot>
            <slot slot="171">D0N30</slot>
            <slot slot="172">D0N30</slot>
            <slot slot="173">D0N30</slot>
            <slot slot="174">D0N30</slot>
            <slot slot="175">D0N30</slot>
            <slot slot="176">D0N30</slot>
            <slot slot="177">D0N30</slot>
            <slot slot="178">D0N30</slot>
            <slot slot="179">D0N30</slot>
            <slot slot="180">D0N30</slot>
            <slot slot="181">D0N30</slot>
            <slot slot="182">D0N30</slot>
            <slot slot="183">D0N30</slot>
            <slot slot="184">D0N30</slot>
            <slot slot="185">D0N30</slot>
            <slot slot="186">D0N30</slot>
            <slot slot="187">D0N30</slot>
            <slot slot="188">D0N30</slot>
            <slot slot="189">D0N30</slot>
            <slot slot="190">D0N30</slot>
            <slot slot="191">D0N30</slot>
            <slot slot="192">D0N30</slot>
            <slot slot="193">D0N30</slot>
            <slot slot="194">D0N30</slot>
            <slot slot="195">D0N30</slot>
            <slot slot="196">D0N30</slot>
            <slot slot="197">D0N30</slot>
            <slot slot="198">D0N30</slot>
            <slot slot="199">D0N30</slot>
            <slot slot="200">D0N30</slot>
            <slot slot="201">D0N30</slot>
            <slot slot="202">D0N30</slot>
            <slot slot="203">D0N30</slot>
            <slot slot="204">D0N30</slot>
            <slot slot="205">D0N30</slot>
            <slot slot="206">D0N30</slot>
            <slot slot="207">D0N30</slot>
            <slot slot="208">D0N30</slot>
            <slot slot="209">D0N30</slot>
            <slot slot="210">D0N30</slot>
            <slot slot="211">D0N30</slot>
            <slot slot="212">D0N30</slot>
            <slot slot="213">D0N30</slot>
            <slot slot="214">D0N30</slot>
            <slot slot="215">D0N30</slot>
            <slot slot="216">D0N30</slot>
            <slot slot="217">D0N30</slot>
            <slot slot="218">D0N30</slot>
            <slot slot="219">D0N30</slot>
            <slot slot="220">D0N30</slot>
            <slot slot="221">D0N30</slot>
            <slot slot="222">D0N30</slot>
            <slot slot="223">D0N30</slot>
            <slot slot="224">D0N30</slot>
            <slot slot="225">D0N30</slot>
            <slot slot="226">D0N30</slot>
            <slot slot="227">D0N30</slot>
            <slot slot="228">D0N30</slot>
            <slot slot="229">D0N30</slot>
            <slot slot="230">D0N29</slot>
            <slot slot="231">D0N29</slot>
            <slot slot="232">D0N29</slot>
            <slot slot="233">D0N29</slot>
            <slot slot="234">D0N29</slot>
            <slot slot="235">D0N29</slot>
            <slot slot="236">D0N29</slot>
            <slot slot="237">D0N29</slot>
            <slot slot="238">D0N29</slot>
            <slot slot="239">D0N29</slot>
            <slot slot="240">D0N29</slot>
            <slot slot="241">D0N29</slot>
            <slot slot="242">D0N29</slot>
            <slot slot="243">D0N29</slot>
            <slot slot="244">D0N29</slot>
            <slot slot="245">D0N29</slot>
            <slot slot="246">D0N29</slot>
            <slot slot="247">D0N29</slot>
            <slot slot="248">D0N29</slot>
            <slot slot="249">D0N29</slot>
            <slot slot="250">D0N29</slot>
            <slot slot="251">D0N29</slot>
            <slot slot="252">D0N29</slot>
            <slot slot="253">D0N29</slot>
            <slot slot="254">D0N29</slot>
            <slot slot="255">D0N29</slot>
            <slot slot="256">D0N29</slot>
            <slot slot="257">D0N29</slot>
            <slot slot="258">D0N29</slot>
            <slot slot="259">D0N29</slot>
            <slot slot="260">D0N29</slot>
            <slot slot="261">D0N29</slot>
            <slot slot="262">D0N29</slot>
            <slot slot="263">D0N29</slot>
            <slot slot="264">D0N29</slot>
            <slot slot="265">D0N29</slot>
            <slot slot="266">D0N29</slot>
            <slot slot="267">D0N29</slot>
            <slot slot="268">D0N29</slot>
            <slot slot="269">D0N29</slot>
            <slot slot="270">D0N29</slot>
            <slot slot="271">D0N29</slot>
            <slot slot="272">D0N29</slot>
            <slot slot="273">D0N29</slot>
            <slot slot="274">D0N29</slot>
            <slot slot="275">D0N29</slot>
            <slot slot="276">D0N29</slot>
            <slot slot="277">D0N29</slot>
            <slot slot="278">D0N29</slot>
            <slot slot="279">D0N29</slot>
            <slot slot="280">D0N17</slot>
            <slot slot="281">D0N17</slot>
            <slot slot="282">D0N17</slot>
            <slot slot="283">D0N17</slot>
            <slot slot="284">D0N17</slot>
            <slot slot="285">D0N17</slot>
            <slot slot="286">D0N17</slot>
            <slot slot="287">D0N17</slot>
            <slot slot="288">D0N17</slot>
            <slot slot="289">D0N17</slot>
            <slot slot="290">D0N19</slot>
            <slot slot="291">D0N19</slot>
            <slot slot="292">D0N19</slot>
            <slot slot="293">D0N19</slot>
            <slot slot="294">D0N19</slot>
            <slot slot="295">D0N19</slot>
            <slot slot="296">D0N19</slot>
            <slot slot="297">D0N19</slot>
            <slot slot="298">D0N19</slot>
            <slot slot="299">D0N19</slot>
            <slot slot="300">D0N20</slot>
            <slot slot="301">D0N20</slot>
            <slot slot="302">D0N20</slot>
            <slot slot="303">D0N20</slot>
            <slot slot="304">D0N20</slot>
            <slot slot="305">D0N20</slot>
            <slot slot="306">D0N20</slot>
            <slot slot="307">D0N20</slot>
            <slot slot="308">D0N20</slot>
            <slot slot="309">D0N20</slot>
            <slot slot="310">D0N20</slot>
            <slot slot="311">D0N20</slot>
            <slot slot="312">D0N20</slot>
            <slot slot="313">D0N20</slot>
            <slot slot="314">D0N20</slot>
            <slot slot="315">D0N20</slot>
            <slot slot="316">D0N20</slot>
            <slot slot="317">D0N20</slot>
            <slot slot="318">D0N20</slot>
            <slot slot="319">D0N20</slot>
            <slot slot="320">D0N20</slot>
            <slot slot="321">D0N20</slot>
            <slot slot="322">D0N20</slot>
            <slot slot="323">D0N20</slot>
            <slot slot="324">D0N20</slot>
            <slot slot="325">D0N20</slot>
            <slot slot="326">D0N20</slot>
            <slot slot="327">D0N20</slot>
            <slot slot="328">D0N20</slot>
            <slot slot="329">D0N20</slot>
            <slot slot="330">D0N22</slot>
            <slot slot="331">D0N22</slot>
            <slot slot="332">D0N22</slot>
            <slot slot="333">D0N22</slot>
            <slot slot="334">D0N22</slot>
            <slot slot="335">D0N22</slot>
            <slot slot="336">D0N22</slot>
            <slot slot="337">D0N22</slot>
            <slot slot="338">D0N22</slot>
            <slot slot="339">D0N22</slot>
            <slot slot="340">D0N22</slot>
            <slot slot="341">D0N22</slot>
            <slot slot="342">D0N22</slot>
            <slot slot="343">D0N22</slot>
            <slot slot="344">D0N22</slot>
            <slot slot="345">D0N22</slot>
            <slot slot="346">D0N22</slot>
            <slot slot="347">D0N22</slot>
            <slot slot="348">D0N22</slot>
            <slot slot="349">D0N22</slot>
            <slot slot="350">D0N8</slot>
            <slot slot="351">D0N8</slot>
            <slot slot="352">D0N8</slot>
            <slot slot="353">D0N8</slot>
            <slot slot="354">D0N8</slot>
            <slot slot="355">D0N8</slot>
            <slot slot="356">D0N8</slot>
            <slot slot="357">D0N8</slot>
            <slot slot="358">D0N8</slot>
            <slot slot="359">D0N8</slot>
            <slot slot="360">D0N8</slot>
            <slot slot="361">D0N8</slot>
            <slot slot="362">D0N8</slot>
            <slot slot="363">D0N8</slot>
            <slot slot="364">D0N8</slot>
            <slot slot="365">D0N8</slot>
            <slot slot="366">D0N8</slot>
            <slot slot="367">D0N8</slot>
            <slot slot="368">D0N8</slot>
            <slot slot="369">D0N8</slot>
            <slot slot="370">D0N37</slot>
            <slot slot="371">D0N37</slot>
            <slot slot="372">D0N37</slot>
            <slot slot="373">D0N37</slot>
            <slot slot="374">D0N37</slot>
            <slot slot="375">D0N37</slot>
            <slot slot="376">D0N37</slot>
            <slot slot="377">D0N37</slot>
            <slot slot="378">D0N37</slot>
            <slot slot="379">D0N37</slot>
            <slot slot="380">D0N37</slot>
            <slot slot="381">D0N37</slot>
            <slot slot="382">D0N37</slot>
            <slot slot="383">D0N37</slot>
            <slot slot="384">D0N37</slot>
            <slot slot="385">D0N37</slot>
            <slot slot="386">D0N37</slot>
            <slot slot="387">D0N37</slot>
            <slot slot="388">D0N37</slot>
            <slot slot="389">D0N37</slot>
            <slot slot="390">D0N37</slot>
            <slot slot="391">D0N37</slot>
            <slot slot="392">D0N37</slot>
            <slot slot="393">D0N37</slot>
            <slot slot="394">D0N37</slot>
            <slot slot="395">D0N37</slot>
            <slot slot="396">D0N37</slot>
            <slot slot="397">D0N37</slot>
            <slot slot="398">D0N37</slot>
            <slot slot="399">D0N37</slot>
            <slot slot="400">D0N28</slot>
            <slot slot="401">D0N28</slot>
            <slot slot="402">D0N28</slot>
            <slot slot="403">D0N28</slot>
            <slot slot="404">D0N28</slot>
            <slot slot="405">D0N28</slot>
            <slot slot="406">D0N28</slot>
            <slot slot="407">D0N28</slot>
            <slot slot="408">D0N28</slot>
            <slot slot="409">D0N28</slot>
            <slot slot="410">D0N28</slot>
            <slot slot="411">D0N28</slot>
            <slot slot="412">D0N28</slot>
            <slot slot="413">D0N28</slot>
            <slot slot="414">D0N28</slot>
            <slot slot="415">D0N28</slot>
            <slot slot="416">D0N28</slot>
            <slot slot="417">D0N28</slot>
            <slot slot="418">D0N28</slot>
            <slot slot="419">D0N28</slot>
            <slot slot="420">D0N28</slot>
            <slot slot="421">D0N28</slot>
            <slot slot="422">D0N28</slot>
            <slot slot="423">D0N28</slot>
            <slot slot="424">D0N28</slot>
            <slot slot="425">D0N28</slot>
            <slot slot="426">D0N28</slot>
            <slot slot="427">D0N28</slot>
            <slot slot="428">D0N28</slot>
            <slot slot="429">D0N28</slot>
            <slot slot="430">D0N28</slot>
            <slot slot="431">D0N28</slot>
            <slot slot="432">D0N28</slot>
            <slot slot="433">D0N28</slot>
            <slot slot="434">D0N28</slot>
            <slot slot="435">D0N28</slot>
            <slot slot="436">D0N28</slot>
            <slot slot="437">D0N28</slot>
            <slot slot="438">D0N28</slot>
            <slot slot="439">D0N28</slot>
            <slot slot="440">D0N28</slot>
            <slot slot="441">D0N28</slot>
            <slot slot="442">D0N28</slot>
            <slot slot="443">D0N28</slot>
            <slot slot="444">D0N28</slot>
            <slot slot="445">D0N28</slot>
            <slot slot="446">D0N28</slot>
            <slot slot="447">D0N28</slot>
            <slot slot="448">D0N28</slot>
            <slot slot="449">D0N28</slot>
            <slot slot="450">D0N28</slot>
            <slot slot="451">D0N28</slot>
            <slot slot="452">D0N28</slot>
            <slot slot="453">D0N28</slot>
            <slot slot="454">D0N28</slot>
            <slot slot="455">D0N28</slot>
            <slot slot="456">D0N28</slot>
            <slot slot="457">D0N28</slot>
            <slot slot="458">D0N28</slot>
            <slot slot="459">D0N28</slot>
            <slot slot="460">D0N39</slot>
            <slot slot="461">D0N39</slot>
            <slot slot="462">D0N39</slot>
            <slot slot="463">D0N39</slot>
            <slot slot="464">D0N39</slot>
            <slot slot="465">D0N39</slot>
            <slot slot="466">D0N39</slot>
            <slot slot="467">D0N39</slot>
            <slot slot="468">D0N39</slot>
            <slot slot="469">D0N39</slot>
            <slot slot="470">D0N39</slot>
            <slot slot="471">D0N39</slot>
            <slot slot="472">D0N39</slot>
            <slot slot="473">D0N39</slot>
            <slot slot="474">D0N39</slot>
            <slot slot="475">D0N39</slot>
            <slot slot="476">D0N39</slot>
            <slot slot="477">D0N39</slot>
            <slot slot="478">D0N39</slot>
            <slot slot="479">D0N39</slot>
            <slot slot="480">D0N39</slot>
            <slot slot="481">D0N39</slot>
            <slot slot="482">D0N39</slot>
            <slot slot="483">D0N39</slot>
            <slot slot="484">D0N39</slot>
            <slot slot="485">D0N39</slot>
            <slot slot="486">D0N39</slot>
            <slot slot="487">D0N39</slot>
            <slot slot="488">D0N39</slot>
            <slot slot="489">D0N39</slot>
            <slot slot="490">D0N42</slot>
            <slot slot="491">D0N42</slot>
            <slot slot="492">D0N42</slot>
            <slot slot="493">D0N42</slot>
            <slot slot="494">D0N42</slot>
            <slot slot="495">D0N42</slot>
            <slot slot="496">D0N42</slot>
            <slot slot="497">D0N42</slot>
            <slot slot="498">D0N42</slot>
            <slot slot="499">D0N42</slot>
            <slot slot="500">D0N42</slot>
            <slot slot="501">D0N42</slot>
            <slot slot="502">D0N42</slot>
            <slot slot="503">D0N42</slot>
            <slot slot="504">D0N42</slot>
            <slot slot="505">D0N42</slot>
            <slot slot="506">D0N42</slot>
            <slot slot="507">D0N42</slot>
            <slot slot="508">D0N42</slot>
            <slot slot="509">D0N42</slot>
            <slot slot="510">D0N42</slot>
            <slot slot="511">D0N42</slot>
            <slot slot="512">D0N42</slot>
            <slot slot="513">D0N42</slot>
            <slot slot="514">D0N42</slot>
            <slot slot="515">D0N42</slot>
            <slot slot="516">D0N42</slot>
            <slot slot="517">D0N42</slot>
            <slot slot="518">D0N42</slot>
            <slot slot="519">D0N42</slot>
            <slot slot="520">D0N42</slot>
            <slot slot="521">D0N42</slot>
            <slot slot="522">D0N42</slot>
            <slot slot="523">D0N42</slot>
            <slot slot="524">D0N42</slot>
            <slot slot="525">D0N42</slot>
            <slot slot="526">D0N42</slot>
            <slot slot="527">D0N42</slot>
            <slot slot="528">D0N42</slot>
            <slot slot="529">D0N42</slot>
            <slot slot="530">D0N42</slot>
            <slot slot="531">D0N42</slot>
            <slot slot="532">D0N42</slot>
            <slot slot="533">D0N42</slot>
            <slot slot="534">D0N42</slot>
            <slot slot="535">D0N42</slot>
            <slot slot="536">D0N42</slot>
            <slot slot="537">D0N42</slot>
            <slot slot="538">D0N42</slot>
            <slot slot="539">D0N42</slot>
            <slot slot="540">D0N42</slot>
            <slot slot="541">D0N42</slot>
            <slot slot="542">D0N42</slot>
            <slot slot="543">D0N42</slot>
            <slot slot="544">D0N42</slot>
            <slot slot="545">D0N42</slot>
            <slot slot="546">D0N42</slot>
            <slot slot="547">D0N42</slot>
            <slot slot="548">D0N42</slot>
            <slot slot="549">D0N42</slot>
            <slot slot="550">D0N42</slot>
            <slot slot="551">D0N42</slot>
            <slot slot="552">D0N42</slot>
            <slot slot="553">D0N42</slot>
            <slot slot="554">D0N42</slot>
            <slot slot="555">D0N42</slot>
            <slot slot="556">D0N42</slot>
            <slot slot="557">D0N42</slot>
            <slot slot="558">D0N42</slot>
            <slot slot="559">D0N42</slot>
            <slot slot="560">D0N42</slot>
            <slot slot="561">D0N42</slot>
            <slot slot="562">D0N42</slot>
            <slot slot="563">D0N42</slot>
            <slot slot="564">D0N42</slot>
            <slot slot="565">D0N42</slot>
            <slot slot="566">D0N42</slot>
            <slot slot="567">D0N42</slot>
            <slot slot="568">D0N42</slot>
            <slot slot="569">D0N42</slot>
            <slot slot="570">D0N42</slot>
            <slot slot="571">D0N42</slot>
            <slot slot="572">D0N42</slot>
            <slot slot="573">D0N42</slot>
            <slot slot="574">D0N42</slot>
            <slot slot="575">D0N42</slot>
            <slot slot="576">D0N42</slot>
            <slot slot="577">D0N42</slot>
            <slot slot="578">D0N42</slot>
            <slot slot="579">D0N42</slot>
            <slot slot="580">D0N45</slot>
            <slot slot="581">D0N45</slot>
            <slot slot="582">D0N45</slot>
            <slot slot="583">D0N45</slot>
            <slot slot="584">D0N45</slot>
            <slot slot="585">D0N45</slot>
            <slot slot="586">D0N45</slot>
            <slot slot="587">D0N45</slot>
            <slot slot="588">D0N45</slot>
            <slot slot="589">D0N45</slot>
            <slot slot="590">D0N45</slot>
            <slot slot="591">D0N45</slot>
            <slot slot="592">D0N45</slot>
            <slot slot="593">D0N45</slot>
            <slot slot="594">D0N45</slot>
            <slot slot="595">D0N45</slot>
            <slot slot="596">D0N45</slot>
            <slot slot="597">D0N45</slot>
            <slot slot="598">D0N45</slot>
            <slot slot="599">D0N45</slot>
            <slot slot="600">D0N34</slot>
            <slot slot="601">D0N34</slot>
            <slot slot="602">D0N34</slot>
            <slot slot="603">D0N34</slot>
            <slot slot="604">D0N34</slot>
            <slot slot="605">D0N34</slot>
            <slot slot="606">D0N34</slot>
            <slot slot="607">D0N34</slot>
            <slot slot="608">D0N34</slot>
            <slot slot="609">D0N34</slot>
            <slot slot="610">D0N34</slot>
            <slot slot="611">D0N34</slot>
            <slot slot="612">D0N34</slot>
            <slot slot="613">D0N34</slot>
            <slot slot="614">D0N34</slot>
            <slot slot="615">D0N34</slot>
            <slot slot="616">D0N34</slot>
            <slot slot="617">D0N34</slot>
            <slot slot="618">D0N34</slot>
            <slot slot="619">D0N34</slot>
            <slot slot="620">D0N44</slot>
            <slot slot="621">D0N44</slot>
            <slot slot="622">D0N44</slot>
            <slot slot="623">D0N44</slot>
            <slot slot="624">D0N44</slot>
            <slot slot="625">D0N44</slot>
            <slot slot="626">D0N44</slot>
            <slot slot="627">D0N44</slot>
            <slot slot="628">D0N44</slot>
            <slot slot="629">D0N44</slot>
            <slot slot="630">D0N44</slot>
            <slot slot="631">D0N44</slot>
            <slot slot="632">D0N44</slot>
            <slot slot="633">D0N44</slot>
            <slot slot="634">D0N44</slot>
            <slot slot="635">D0N44</slot>
            <slot slot="636">D0N44</slot>
            <slot slot="637">D0N44</slot>
            <slot slot="638">D0N44</slot>
            <slot slot="639">D0N44</slot>
            <slot slot="640">D0N44</slot>
            <slot slot="641">D0N44</slot>
            <slot slot="642">D0N44</slot>
            <slot slot="643">D0N44</slot>
            <slot slot="644">D0N44</slot>
            <slot slot="645">D0N44</slot>
            <slot slot="646">D0N44</slot>
            <slot slot="647">D0N44</slot>
            <slot slot="648">D0N44</slot>
            <slot slot="649">D0N44</slot>
            <slot slot="650">-</slot>
            <slot slot="651">-</slot>
            <slot slot="652">-</slot>
            <slot slot="653">-</slot>
            <slot slot="654">-</slot>
            <slot slot="655">-</slot>
            <slot slot="656">-</slot>
            <slot slot="657">-</slot>
            <slot slot="658">-</slot>
            <slot slot="659">-</slot>
            <slot slot="660">-</slot>
            <slot slot="661">-</slot>
            <slot slot="662">-</slot>
            <slot slot="663">-</slot>
            <slot slot="664">-</slot>
            <slot slot="665">-</slot>
            <slot slot="666">-</slot>
            <slot slot="667">-</slot>
            <slot slot="668">-</slot>
            <slot slot="669">-</slot>
            <slot slot="670">-</slot>
            <slot slot="671">-</slot>
            <slot slot="672">-</slot>
            <slot slot="673">-</slot>
            <slot slot="674">-</slot>
            <slot slot="675">-</slot>
            <slot slot="676">-</slot>
            <slot slot="677">-</slot>
            <slot slot="678">-</slot>
            <slot slot="679">-</slot>
            <slot slot="680">-</slot>
            <slot slot="681">-</slot>
            <slot slot="682">-</slot>
            <slot slot="683">-</slot>
            <slot slot="684">-</slot>
            <slot slot="685">-</slot>
            <slot slot="686">-</slot>
            <slot slot="687">-</slot>
            <slot slot="688">-</slot>
            <slot slot="689">-</slot>
            <slot slot="690">-</slot>
            <slot slot="691">-</slot>
            <slot slot="692">-</slot>
            <slot slot="693">-</slot>
            <slot slot="694">-</slot>
            <slot slot="695">-</slot>
            <slot slot="696">-</slot>
            <slot slot="697">-</slot>
            <slot slot="698">-</slot>
            <slot slot="699">-</slot>
            <slot slot="700">-</slot>
            <slot slot="701">-</slot>
            <slot slot="702">-</slot>
            <slot slot="703">-</slot>
            <slot slot="704">-</slot>
            <slot slot="705">-</slot>
            <slot slot="706">-</slot>
            <slot slot="707">-</slot>
            <slot slot="708">-</slot>
            <slot slot="709">-</slot>
            <slot slot="710">-</slot>
            <slot slot="711">-</slot>
            <slot slot="712">-</slot>
            <slot slot="713">-</slot>
            <slot slot="714">-</slot>
            <slot slot="715">-</slot>
            <slot slot="716">-</slot>
            <slot slot="717">-</slot>
            <slot slot="718">-</slot>
            <slot slot="719">-</slot>
            <slot slot="720">-</slot>
            <slot slot="721">-</slot>
            <slot slot="722">-</slot>
            <slot slot="723">-</slot>
            <slot slot="724">-</slot>
            <slot slot="725">-</slot>
            <slot slot="726">-</slot>
            <slot slot="727">-</slot>
            <slot slot="728">-</slot>
            <slot slot="729">-</slot>
            <slot slot="730">-</slot>
            <slot slot="731">-</slot>
            <slot slot="732">-</slot>
            <slot slot="733">-</slot>
            <slot slot="734">-</slot>
            <slot slot="735">-</slot>
            <slot slot="736">-</slot>
            <slot slot="737">-</slot>
            <slot slot="738">-</slot>
            <slot slot="739">-</slot>
            <slot slot="740">-</slot>
            <slot slot="741">-</slot>
            <slot slot="742">-</slot>
            <slot slot="743">-</slot>
            <slot slot="744">-</slot>
            <slot slot="745">-</slot>
            <slot slot="746">-</slot>
            <slot slot="747">-</slot>
            <slot slot="748">-</slot>
            <slot slot="749">-</slot>
            <slot slot="750">-</slot>
            <slot slot="751">-</slot>
            <slot slot="752">-</slot>
            <slot slot="753">-</slot>
            <slot slot="754">-</slot>
            <slot slot="755">-</slot>
            <slot slot="756">-</slot>
            <slot slot="757">-</slot>
            <slot slot="758">-</slot>
            <slot slot="759">-</slot>
            <slot slot="760">-</slot>
            <slot slot="761">-</slot>
            <slot slot="762">-</slot>
            <slot slot="763">-</slot>
            <slot slot="764">-</slot>
            <slot slot="765">-</slot>
            <slot slot="766">-</slot>
            <slot slot="767">-</slot>
            <slot slot="768">-</slot>
            <slot slot="769">-</slot>
            <slot slot="770">-</slot>
            <slot slot="771">-</slot>
            <slot slot="772">-</slot>
            <slot slot="773">-</slot>
            <slot slot="774">-</slot>
            <slot slot="775">-</slot>
            <slot slot="776">-</slot>
            <slot slot="777">-</slot>
            <slot slot="778">-</slot>
            <slot slot="779">-</slot>
            <slot slot="780">-</slot>
            <slot slot="781">-</slot>
            <slot slot="782">-</slot>
            <slot slot="783">-</slot>
            <slot slot="784">-</slot>
            <slot slot="785">-</slot>
            <slot slot="786">-</slot>
            <slot slot="787">-</slot>
            <slot slot="788">-</slot>
            <slot slot="789">-</slot>
            <slot slot="790">-</slot>
            <slot slot="791">-</slot>
            <slot slot="792">-</slot>
            <slot slot="793">-</slot>
            <slot slot="794">-</slot>
            <slot slot="795">-</slot>
            <slot slot="796">-</slot>
            <slot slot="797">-</slot>
            <slot slot="798">-</slot>
            <slot slot="799">-</slot>
            <slot slot="800">-</slot>
            <slot slot="801">-</slot>
            <slot slot="802">-</slot>
            <slot slot="803">-</slot>
            <slot slot="804">-</slot>
            <slot slot="805">-</slot>
            <slot slot="806">-</slot>
            <slot slot="807">-</slot>
            <slot slot="808">-</slot>
            <slot slot="809">-</slot>
            <slot slot="810">-</slot>
            <slot slot="811">-</slot>
            <slot slot="812">-</slot>
            <slot slot="813">-</slot>
            <slot slot="814">-</slot>
            <slot slot="815">-</slot>
            <slot slot="816">-</slot>
            <slot slot="817">-</slot>
            <slot slot="818">-</slot>
            <slot slot="819">-</slot>
            <slot slot="820">-</slot>
            <slot slot="821">-</slot>
            <slot slot="822">-</slot>
            <slot slot="823">-</slot>
            <slot slot="824">-</slot>
            <slot slot="825">-</slot>
            <slot slot="826">-</slot>
            <slot slot="827">-</slot>
            <slot slot="828">-</slot>
            <slot slot="829">-</slot>
            <slot slot="830">-</slot>
            <slot slot="831">-</slot>
            <slot slot="832">-</slot>
            <slot slot="833">-</slot>
            <slot slot="834">-</slot>
            <slot slot="835">-</slot>
            <slot slot="836">-</slot>
            <slot slot="837">-</slot>
            <slot slot="838">-</slot>
            <slot slot="839">-</slot>
            <slot slot="840">-</slot>
            <slot slot="841">-</slot>
            <slot slot="842">-</slot>
            <slot slot="843">-</slot>
            <slot slot="844">-</slot>
            <slot slot="845">-</slot>
            <slot slot="846">-</slot>
            <slot slot="847">-</slot>
            <slot slot="848">-</slot>
            <slot slot="849">-</slot>
            <slot slot="850">-</slot>
            <slot slot="851">-</slot>
            <slot slot="852">-</slot>
            <slot slot="853">-</slot>
            <slot slot="854">-</slot>
            <slot slot="855">-</slot>
            <slot slot="856">-</slot>
            <slot slot="857">-</slot>
            <slot slot="858">-</slot>
            <slot slot="859">-</slot>
            <slot slot="860">-</slot>
            <slot slot="861">-</slot>
            <slot slot="862">-</slot>
            <slot slot="863">-</slot>
            <slot slot="864">-</slot>
            <slot slot="865">-</slot>
            <slot slot="866">-</slot>
            <slot slot="867">-</slot>
            <slot slot="868">-</slot>
            <slot slot="869">-</slot>
            <slot slot="870">-</slot>
            <slot slot="871">-</slot>
            <slot slot="872">-</slot>
            <slot slot="873">-</slot>
            <slot slot="874">-</slot>
            <slot slot="875">-</slot>
            <slot slot="876">-</slot>
            <slot slot="877">-</slot>
            <slot slot="878">-</slot>
            <slot slot="879">-</slot>
            <slot slot="880">-</slot>
            <slot slot="881">-</slot>
            <slot slot="882">-</slot>
            <slot slot="883">-</slot>
            <slot slot="884">-</slot>
            <slot slot="885">-</slot>
            <slot slot="886">-</slot>
            <slot slot="887">-</slot>
            <slot slot="888">-</slot>
            <slot slot="889">-</slot>
            <slot slot="890">-</slot>
            <slot slot="891">-</slot>
            <slot slot="892">-</slot>
            <slot slot="893">-</slot>
            <slot slot="894">-</slot>
            <slot slot="895">-</slot>
            <slot slot="896">-</slot>
            <slot slot="897">-</slot>
            <slot slot="898">-</slot>
            <slot slot="899">-</slot>
            <slot slot="900">-</slot>
            <slot slot="901">-</slot>
            <slot slot="902">-</slot>
            <slot slot="903">-</slot>
            <slot slot="904">-</slot>
            <slot slot="905">-</slot>
            <slot slot="906">-</slot>
            <slot slot="907">-</slot>
            <slot slot="908">-</slot>
            <slot slot="909">-</slot>
            <slot slot="910">-</slot>
            <slot slot="911">-</slot>
            <slot slot="912">-</slot>
            <slot slot="913">-</slot>
            <slot slot="914">-</slot>
            <slot slot="915">-</slot>
            <slot slot="916">-</slot>
            <slot slot="917">-</slot>
            <slot slot="918">-</slot>
            <slot slot="919">-</slot>
            <slot slot="920">-</slot>
            <slot slot="921">-</slot>
            <slot slot="922">-</slot>
            <slot slot="923">-</slot>
            <slot slot="924">-</slot>
            <slot slot="925">-</slot>
            <slot slot="926">-</slot>
            <slot slot="927">-</slot>
            <slot slot="928">-</slot>
            <slot slot="929">-</slot>
            <slot slot="930">-</slot>
            <slot slot="931">-</slot>
            <slot slot="932">-</slot>
            <slot slot="933">-</slot>
            <slot slot="934">-</slot>
            <slot slot="935">-</slot>
            <slot slot="936">-</slot>
            <slot slot="937">-</slot>
            <slot slot="938">-</slot>
            <slot slot="939">-</slot>
            <slot slot="940">-</slot>
            <slot slot="941">-</slot>
            <slot slot="942">-</slot>
            <slot slot="943">-</slot>
            <slot slot="944">-</slot>
            <slot slot="945">-</slot>
            <slot slot="946">-</slot>
            <slot slot="947">-</slot>
            <slot slot="948">-</slot>
            <slot slot="949">-</slot>
            <slot slot="950">-</slot>
            <slot slot="951">-</slot>
            <slot slot="952">-</slot>
            <slot slot="953">-</slot>
            <slot slot="954">-</slot>
            <slot slot="955">-</slot>
            <slot slot="956">-</slot>
            <slot slot="957">-</slot>
            <slot slot="958">-</slot>
            <slot slot="959">-</slot>
            <slot slot="960">-</slot>
            <slot slot="961">-</slot>
            <slot slot="962">-</slot>
            <slot slot="963">-</slot>
            <slot slot="964">-</slot>
            <slot slot="965">-</slot>
            <slot slot="966">-</slot>
            <slot slot="967">-</slot>
            <slot slot="968">-</slot>
            <slot slot="969">-</slot>
            <slot slot="970">-</slot>
            <slot slot="971">-</slot>
            <slot slot="972">-</slot>
            <slot slot="973">-</slot>
            <slot slot="974">-</slot>
            <slot slot="975">-</slot>
            <slot slot="976">-</slot>
            <slot slot="977">-</slot>
            <slot slot="978">-</slot>
            <slot slot="979">-</slot>
            <slot slot="980">-</slot>
            <slot slot="981">-</slot>
            <slot slot="982">-</slot>
            <slot slot="983">-</slot>
            <slot slot="984">-</slot>
            <slot slot="985">-</slot>
            <slot slot="986">-</slot>
            <slot slot="987">-</slot>
            <slot slot="988">-</slot>
            <slot slot="989">-</slot>
            <slot slot="990">-</slot>
            <slot slot="991">-</slot>
            <slot slot="992">-</slot>
            <slot slot="993">-</slot>
            <slot slot="994">-</slot>
            <slot slot="995">-</slot>
            <slot slot="996">-</slot>
            <slot slot="997">-</slot>
            <slot slot="998">-</slot>
            <slot slot="999">-</slot>
            <slot slot="1000">-</slot>
            <slot slot="1001">-</slot>
            <slot slot="1002">-</slot>
            <slot slot="1003">-</slot>
            <slot slot="1004">-</slot>
            <slot slot="1005">-</slot>
            <slot slot="1006">-</slot>
            <slot slot="1007">-</slot>
            <slot slot="1008">-</slot>
            <slot slot="1009">-</slot>
            <slot slot="1010">-</slot>
            <slot slot="1011">-</slot>
            <slot slot="1012">-</slot>
            <slot slot="1013">-</slot>
            <slot slot="1014">-</slot>
            <slot slot="1015">-</slot>
            <slot slot="1016">-</slot>
            <slot slot="1017">-</slot>
            <slot slot="1018">-</slot>
            <slot slot="1019">-</slot>
            <slot slot="1020">-</slot>
            <slot slot="1021">-</slot>
            <slot slot="1022">-</slot>
            <slot slot="1023">-</slot>
            <slot slot="1024">-</slot>
            <slot slot="1025">-</slot>
            <slot slot="1026">-</slot>
            <slot slot="1027">-</slot>
            <slot slot="1028">-</slot>
            <slot slot="1029">-</slot>
            <slot slot="1030">-</slot>
            <slot slot="1031">-</slot>
            <slot slot="1032">-</slot>
            <slot slot="1033">-</slot>
            <slot slot="1034">-</slot>
            <slot slot="1035">-</slot>
            <slot slot="1036">-</slot>
            <slot slot="1037">-</slot>
            <slot slot="1038">-</slot>
            <slot slot="1039">-</slot>
            <slot slot="1040">-</slot>
            <slot slot="1041">-</slot>
            <slot slot="1042">-</slot>
            <slot slot="1043">-</slot>
            <slot slot="1044">-</slot>
            <slot slot="1045">-</slot>
            <slot slot="1046">-</slot>
            <slot slot="1047">-</slot>
            <slot slot="1048">-</slot>
            <slot slot="1049">-</slot>
            <slot slot="1050">-</slot>
            <slot slot="1051">-</slot>
            <slot slot="1052">-</slot>
            <slot slot="1053">-</slot>
            <slot slot="1054">-</slot>
            <slot slot="1055">-</slot>
            <slot slot="1056">-</slot>
            <slot slot="1057">-</slot>
            <slot slot="1058">-</slot>
            <slot slot="1059">-</slot>
            <slot slot="1060">-</slot>
            <slot slot="1061">-</slot>
            <slot slot="1062">-</slot>
            <slot slot="1063">-</slot>
            <slot slot="1064">-</slot>
            <slot slot="1065">-</slot>
            <slot slot="1066">-</slot>
            <slot slot="1067">-</slot>
            <slot slot="1068">-</slot>
            <slot slot="1069">-</slot>
            <slot slot="1070">-</slot>
            <slot slot="1071">-</slot>
            <slot slot="1072">-</slot>
            <slot slot="1073">-</slot>
            <slot slot="1074">-</slot>
            <slot slot="1075">-</slot>
            <slot slot="1076">-</slot>
            <slot slot="1077">-</slot>
            <slot slot="1078">-</slot>
            <slot slot="1079">-</slot>
            <slot slot="1080">-</slot>
            <slot slot="1081">-</slot>
            <slot slot="1082">-</slot>
            <slot slot="1083">-</slot>
            <slot slot="1084">-</slot>
            <slot slot="1085">-</slot>
            <slot slot="1086">-</slot>
            <slot slot="1087">-</slot>
            <slot slot="1088">-</slot>
            <slot slot="1089">-</slot>
            <slot slot="1090">-</slot>
            <slot slot="1091">-</slot>
            <slot slot="1092">-</slot>
            <slot slot="1093">-</slot>
            <slot slot="1094">-</slot>
            <slot slot="1095">-</slot>
            <slot slot="1096">-</slot>
            <slot slot="1097">-</slot>
            <slot slot="1098">-</slot>
            <slot slot="1099">-</slot>
            <slot slot="1100">-</slot>
            <slot slot="1101">-</slot>
            <slot slot="1102">-</slot>
            <slot slot="1103">-</slot>
            <slot slot="1104">-</slot>
            <slot slot="1105">-</slot>
            <slot slot="1106">-</slot>
            <slot slot="1107">-</slot>
            <slot slot="1108">-</slot>
            <slot slot="1109">-</slot>
            <slot slot="1110">-</slot>
            <slot slot="1111">-</slot>
            <slot slot="1112">-</slot>
            <slot slot="1113">-</slot>
            <slot slot="1114">-</slot>
            <slot slot="1115">-</slot>
            <slot slot="1116">-</slot>
            <slot slot="1117">-</slot>
            <slot slot="1118">-</slot>
            <slot slot="1119">-</slot>
            <slot slot="1120">-</slot>
            <slot slot="1121">-</slot>
            <slot slot="1122">-</slot>
            <slot slot="1123">-</slot>
            <slot slot="1124">-</slot>
            <slot slot="1125">-</slot>
            <slot slot="1126">-</slot>
            <slot slot="1127">-</slot>
            <slot slot="1128">-</slot>
            <slot slot="1129">-</slot>
            <slot slot="1130">-</slot>
            <slot slot="1131">-</slot>
            <slot slot="1132">-</slot>
            <slot slot="1133">-</slot>
            <slot slot="1134">-</slot>
            <slot slot="1135">-</slot>
            <slot slot="1136">-</slot>
            <slot slot="1137">-</slot>
            <slot slot="1138">-</slot>
            <slot slot="1139">-</slot>
            <slot slot="1140">-</slot>
            <slot slot="1141">-</slot>
            <slot slot="1142">-</slot>
            <slot slot="1143">-</slot>
            <slot slot="1144">-</slot>
            <slot slot="1145">-</slot>
            <slot slot="1146">-</slot>
            <slot slot="1147">-</slot>
            <slot slot="1148">-</slot>
            <slot slot="1149">-</slot>
            <slot slot="1150">-</slot>
            <slot slot="1151">-</slot>
            <slot slot="1152">-</slot>
            <slot slot="1153">-</slot>
            <slot slot="1154">-</slot>
            <slot slot="1155">-</slot>
            <slot slot="1156">-</slot>
            <slot slot="1157">-</slot>
            <slot slot="1158">-</slot>
            <slot slot="1159">-</slot>
            <slot slot="1160">-</slot>
            <slot slot="1161">-</slot>
            <slot slot="1162">-</slot>
            <slot slot="1163">-</slot>
            <slot slot="1164">-</slot>
            <slot slot="1165">-</slot>
            <slot slot="1166">-</slot>
            <slot slot="1167">-</slot>
            <slot slot="1168">-</slot>
            <slot slot="1169">-</slot>
            <slot slot="1170">-</slot>
            <slot slot="1171">-</slot>
            <slot slot="1172">-</slot>
            <slot slot="1173">-</slot>
            <slot slot="1174">-</slot>
            <slot slot="1175">-</slot>
            <slot slot="1176">-</slot>
            <slot slot="1177">-</slot>
            <slot slot="1178">-</slot>
            <slot slot="1179">-</slot>
            <slot slot="1180">-</slot>
            <slot slot="1181">-</slot>
            <slot slot="1182">-</slot>
            <slot slot="1183">-</slot>
            <slot slot="1184">-</slot>
            <slot slot="1185">-</slot>
            <slot slot="1186">-</slot>
            <slot slot="1187">-</slot>
            <slot slot="1188">-</slot>
            <slot slot="1189">-</slot>
            <slot slot="1190">-</slot>
            <slot slot="1191">-</slot>
            <slot slot="1192">-</slot>
            <slot slot="1193">-</slot>
            <slot slot="1194">-</slot>
            <slot slot="1195">-</slot>
            <slot slot="1196">-</slot>
            <slot slot="1197">-</slot>
            <slot slot="1198">-</slot>
            <slot slot="1199">-</slot>
            <slot slot="1200">-</slot>
            <slot slot="1201">-</slot>
            <slot slot="1202">-</slot>
            <slot slot="1203">-</slot>
            <slot slot="1204">-</slot>
            <slot slot="1205">-</slot>
            <slot slot="1206">-</slot>
            <slot slot="1207">-</slot>
            <slot slot="1208">-</slot>
            <slot slot="1209">-</slot>
            <slot slot="1210">-</slot>
            <slot slot="1211">-</slot>
            <slot slot="1212">-</slot>
            <slot slot="1213">-</slot>
            <slot slot="1214">-</slot>
            <slot slot="1215">-</slot>
            <slot slot="1216">-</slot>
            <slot slot="1217">-</slot>
            <slot slot="1218">-</slot>
            <slot slot="1219">-</slot>
            <slot slot="1220">-</slot>
            <slot slot="1221">-</slot>
            <slot slot="1222">-</slot>
            <slot slot="1223">-</slot>
            <slot slot="1224">-</slot>
            <slot slot="1225">-</slot>
            <slot slot="1226">-</slot>
            <slot slot="1227">-</slot>
            <slot slot="1228">-</slot>
            <slot slot="1229">-</slot>
            <slot slot="1230">-</slot>
            <slot slot="1231">-</slot>
            <slot slot="1232">-</slot>
            <slot slot="1233">-</slot>
            <slot slot="1234">-</slot>
            <slot slot="1235">-</slot>
            <slot slot="1236">-</slot>
            <slot slot="1237">-</slot>
            <slot slot="1238">-</slot>
            <slot slot="1239">-</slot>
            <slot slot="1240">-</slot>
            <slot slot="1241">-</slot>
            <slot slot="1242">-</slot>
            <slot slot="1243">-</slot>
            <slot slot="1244">-</slot>
            <slot slot="1245">-</slot>
            <slot slot="1246">-</slot>
            <slot slot="1247">-</slot>
            <slot slot="1248">-</slot>
            <slot slot="1249">-</slot>
            <slot slot="1250">-</slot>
            <slot slot="1251">-</slot>
            <slot slot="1252">-</slot>
            <slot slot="1253">-</slot>
            <slot slot="1254">-</slot>
            <slot slot="1255">-</slot>
            <slot slot="1256">-</slot>
            <slot slot="1257">-</slot>
            <slot slot="1258">-</slot>
            <slot slot="1259">-</slot>
            <slot slot="1260">-</slot>
            <slot slot="1261">-</slot>
            <slot slot="1262">-</slot>
            <slot slot="1263">-</slot>
            <slot slot="1264">-</slot>
            <slot slot="1265">-</slot>
            <slot slot="1266">-</slot>
            <slot slot="1267">-</slot>
            <slot slot="1268">-</slot>
            <slot slot="1269">-</slot>
            <slot slot="1270">-</slot>
            <slot slot="1271">-</slot>
            <slot slot="1272">-</slot>
            <slot slot="1273">-</slot>
            <slot slot="1274">-</slot>
            <slot slot="1275">-</slot>
            <slot slot="1276">-</slot>
            <slot slot="1277">-</slot>
            <slot slot="1278">-</slot>
            <slot slot="1279">-</slot>
            <slot slot="1280">-</slot>
            <slot slot="1281">-</slot>
            <slot slot="1282">-</slot>
            <slot slot="1283">-</slot>
            <slot slot="1284">-</slot>
            <slot slot="1285">-</slot>
            <slot slot="1286">-</slot>
            <slot slot="1287">-</slot>
            <slot slot="1288">-</slot>
            <slot slot="1289">-</slot>
            <slot slot="1290">-</slot>
            <slot slot="1291">-</slot>
            <slot slot="1292">-</slot>
            <slot slot="1293">-</slot>
            <slot slot="1294">-</slot>
            <slot slot="1295">-</slot>
            <slot slot="1296">-</slot>
            <slot slot="1297">-</slot>
            <slot slot="1298">-</slot>
            <slot slot="1299">-</slot>
            <slot slot="1300">-</slot>
            <slot slot="1301">-</slot>
            <slot slot="1302">-</slot>
            <slot slot="1303">-</slot>
            <slot slot="1304">-</slot>
            <slot slot="1305">-</slot>
            <slot slot="1306">-</slot>
            <slot slot="1307">-</slot>
            <slot slot="1308">-</slot>
            <slot slot="1309">-</slot>
            <slot slot="1310">-</slot>
            <slot slot="1311">-</slot>
            <slot slot="1312">-</slot>
            <slot slot="1313">-</slot>
            <slot slot="1314">-</slot>
            <slot slot="1315">-</slot>
            <slot slot="1316">-</slot>
            <slot slot="1317">-</slot>
            <slot slot="1318">-</slot>
            <slot slot="1319">-</slot>
            <slot slot="1320">-</slot>
            <slot slot="1321">-</slot>
            <slot slot="1322">-</slot>
            <slot slot="1323">-</slot>
            <slot slot="1324">-</slot>
            <slot slot="1325">-</slot>
            <slot slot="1326">-</slot>
            <slot slot="1327">-</slot>
            <slot slot="1328">-</slot>
            <slot slot="1329">-</slot>
            <slot slot="1330">-</slot>
            <slot slot="1331">-</slot>
            <slot slot="1332">-</slot>
            <slot slot="1333">-</slot>
            <slot slot="1334">-</slot>
            <slot slot="1335">-</slot>
            <slot slot="1336">-</slot>
            <slot slot="1337">-</slot>
            <slot slot="1338">-</slot>
            <slot slot="1339">-</slot>
            <slot slot="1340">-</slot>
            <slot slot="1341">-</slot>
            <slot slot="1342">-</slot>
            <slot slot="1343">-</slot>
            <slot slot="1344">-</slot>
            <slot slot="1345">-</slot>
            <slot slot="1346">-</slot>
            <slot slot="1347">-</slot>
            <slot slot="1348">-</slot>
            <slot slot="1349">-</slot>
            <slot slot="1350">-</slot>
            <slot slot="1351">-</slot>
            <slot slot="1352">-</slot>
            <slot slot="1353">-</slot>
            <slot slot="1354">-</slot>
            <slot slot="1355">-</slot>
            <slot slot="1356">-</slot>
            <slot slot="1357">-</slot>
            <slot slot="1358">-</slot>
            <slot slot="1359">-</slot>
            <slot slot="1360">-</slot>
            <slot slot="1361">-</slot>
            <slot slot="1362">-</slot>
            <slot slot="1363">-</slot>
            <slot slot="1364">-</slot>
            <slot slot="1365">-</slot>
            <slot slot="1366">-</slot>
            <slot slot="1367">-</slot>
            <slot slot="1368">-</slot>
            <slot slot="1369">-</slot>
            <slot slot="1370">-</slot>
            <slot slot="1371">-</slot>
            <slot slot="1372">-</slot>
            <slot slot="1373">-</slot>
            <slot slot="1374">-</slot>
            <slot slot="1375">-</slot>
            <slot slot="1376">-</slot>
            <slot slot="1377">-</slot>
            <slot slot="1378">-</slot>
            <slot slot="1379">-</slot>
            <slot slot="1380">-</slot>
            <slot slot="1381">-</slot>
            <slot slot="1382">-</slot>
            <slot slot="1383">-</slot>
            <slot slot="1384">-</slot>
            <slot slot="1385">-</slot>
            <slot slot="1386">-</slot>
            <slot slot="1387">-</slot>
            <slot slot="1388">-</slot>
            <slot slot="1389">-</slot>
            <slot slot="1390">-</slot>
            <slot slot="1391">-</slot>
            <slot slot="1392">-</slot>
            <slot slot="1393">-</slot>
            <slot slot="1394">-</slot>
            <slot slot="1395">-</slot>
            <slot slot="1396">-</slot>
            <slot slot="1397">-</slot>
            <slot slot="1398">-</slot>
            <slot slot="1399">-</slot>
            <slot slot="1400">-</slot>
            <slot slot="1401">-</slot>
            <slot slot="1402">-</slot>
            <slot slot="1403">-</slot>
            <slot slot="1404">-</slot>
            <slot slot="1405">-</slot>
            <slot slot="1406">-</slot>
            <slot slot="1407">-</slot>
            <slot slot="1408">-</slot>
            <slot slot="1409">-</slot>
            <slot slot="1410">-</slot>
            <slot slot="1411">-</slot>
            <slot slot="1412">-</slot>
            <slot slot="1413">-</slot>
            <slot slot="1414">-</slot>
            <slot slot="1415">-</slot>
            <slot slot="1416">-</slot>
            <slot slot="1417">-</slot>
            <slot slot="1418">-</slot>
            <slot slot="1419">-</slot>
            <slot slot="1420">-</slot>
            <slot slot="1421">-</slot>
            <slot slot="1422">-</slot>
            <slot slot="1423">-</slot>
            <slot slot="1424">-</slot>
            <slot slot="1425">-</slot>
            <slot slot="1426">-</slot>
            <slot slot="1427">-</slot>
            <slot slot="1428">-</slot>
            <slot slot="1429">-</slot>
            <slot slot="1430">-</slot>
            <slot slot="1431">-</slot>
            <slot slot="1432">-</slot>
            <slot slot="1433">-</slot>
            <slot slot="1434">-</slot>
            <slot slot="1435">-</slot>
            <slot slot="1436">-</slot>
            <slot slot="1437">-</slot>
            <slot slot="1438">-</slot>
            <slot slot="1439">-</slot>
            <slot slot="1440">-</slot>
            <slot slot="1441">-</slot>
            <slot slot="1442">-</slot>
            <slot slot="1443">-</slot>
            <slot slot="1444">-</slot>
            <slot slot="1445">-</slot>
            <slot slot="1446">-</slot>
            <slot slot="1447">-</slot>
            <slot slot="1448">-</slot>
            <slot slot="1449">-</slot>
            <slot slot="1450">-</slot>
            <slot slot="1451">-</slot>
            <slot slot="1452">-</slot>
            <slot slot="1453">-</slot>
            <slot slot="1454">-</slot>
            <slot slot="1455">-</slot>
            <slot slot="1456">-</slot>
            <slot slot="1457">-</slot>
            <slot slot="1458">-</slot>
            <slot slot="1459">-</slot>
            <slot slot="1460">-</slot>
            <slot slot="1461">-</slot>
            <slot slot="1462">-</slot>
            <slot slot="1463">-</slot>
            <slot slot="1464">-</slot>
            <slot slot="1465">-</slot>
            <slot slot="1466">-</slot>
            <slot slot="1467">-</slot>
            <slot slot="1468">-</slot>
            <slot slot="1469">-</slot>
            <slot slot="1470">-</slot>
            <slot slot="1471">-</slot>
            <slot slot="1472">-</slot>
            <slot slot="1473">-</slot>
            <slot slot="1474">-</slot>
            <slot slot="1475">-</slot>
            <slot slot="1476">-</slot>
            <slot slot="1477">-</slot>
            <slot slot="1478">-</slot>
            <slot slot="1479">-</slot>
            <slot slot="1480">-</slot>
            <slot slot="1481">-</slot>
            <slot slot="1482">-</slot>
            <slot slot="1483">-</slot>
            <slot slot="1484">-</slot>
            <slot slot="1485">-</slot>
            <slot slot="1486">-</slot>
            <slot slot="1487">-</slot>
            <slot slot="1488">-</slot>
            <slot slot="1489">-</slot>
            <slot slot="1490">-</slot>
            <slot slot="1491">-</slot>
            <slot slot="1492">-</slot>
            <slot slot="1493">-</slot>
            <slot slot="1494">-</slot>
            <slot slot="1495">-</slot>
            <slot slot="1496">-</slot>
            <slot slot="1497">-</slot>
            <slot slot="1498">-</slot>
            <slot slot="1499">-</slot>
            <slot slot="1500">-</slot>
            <slot slot="1501">-</slot>
            <slot slot="1502">-</slot>
            <slot slot="1503">-</slot>
            <slot slot="1504">-</slot>
            <slot slot="1505">-</slot>
            <slot slot="1506">-</slot>
            <slot slot="1507">-</slot>
            <slot slot="1508">-</slot>
            <slot slot="1509">-</slot>
            <slot slot="1510">-</slot>
            <slot slot="1511">-</slot>
            <slot slot="1512">-</slot>
            <slot slot="1513">-</slot>
            <slot slot="1514">-</slot>
            <slot slot="1515">-</slot>
            <slot slot="1516">-</slot>
            <slot slot="1517">-</slot>
            <slot slot="1518">-</slot>
            <slot slot="1519">-</slot>
            <slot slot="1520">-</slot>
            <slot slot="1521">-</slot>
            <slot slot="1522">-</slot>
            <slot slot="1523">-</slot>
            <slot slot="1524">-</slot>
            <slot slot="1525">-</slot>
            <slot slot="1526">-</slot>
            <slot slot="1527">-</slot>
            <slot slot="1528">-</slot>
            <slot slot="1529">-</slot>
            <slot slot="1530">-</slot>
            <slot slot="1531">-</slot>
            <slot slot="1532">-</slot>
            <slot slot="1533">-</slot>
            <slot slot="1534">-</slot>
            <slot slot="1535">-</slot>
            <slot slot="1536">-</slot>
            <slot slot="1537">-</slot>
            <slot slot="1538">-</slot>
            <slot slot="1539">-</slot>
            <slot slot="1540">-</slot>
            <slot slot="1541">-</slot>
            <slot slot="1542">-</slot>
            <slot slot="1543">-</slot>
            <slot slot="1544">-</slot>
            <slot slot="1545">-</slot>
            <slot slot="1546">-</slot>
            <slot slot="1547">-</slot>
            <slot slot="1548">-</slot>
            <slot slot="1549">-</slot>
            <slot slot="1550">-</slot>
            <slot slot="1551">-</slot>
            <slot slot="1552">-</slot>
            <slot slot="1553">-</slot>
            <slot slot="1554">-</slot>
            <slot slot="1555">-</slot>
            <slot slot="1556">-</slot>
            <slot slot="1557">-</slot>
            <slot slot="1558">-</slot>
            <slot slot="1559">-</slot>
            <slot slot="1560">-</slot>
            <slot slot="1561">-</slot>
            <slot slot="1562">-</slot>
            <slot slot="1563">-</slot>
            <slot slot="1564">-</slot>
            <slot slot="1565">-</slot>
            <slot slot="1566">-</slot>
            <slot slot="1567">-</slot>
            <slot slot="1568">-</slot>
            <slot slot="1569">-</slot>
            <slot slot="1570">-</slot>
            <slot slot="1571">-</slot>
            <slot slot="1572">-</slot>
            <slot slot="1573">-</slot>
            <slot slot="1574">-</slot>
            <slot slot="1575">-</slot>
            <slot slot="1576">-</slot>
            <slot slot="1577">-</slot>
            <slot slot="1578">-</slot>
            <slot slot="1579">-</slot>
            <slot slot="1580">-</slot>
            <slot slot="1581">-</slot>
            <slot slot="1582">-</slot>
            <slot slot="1583">-</slot>
            <slot slot="1584">-</slot>
            <slot slot="1585">-</slot>
            <slot slot="1586">-</slot>
            <slot slot="1587">-</slot>
            <slot slot="1588">-</slot>
            <slot slot="1589">-</slot>
            <slot slot="1590">-</slot>
            <slot slot="1591">-</slot>
            <slot slot="1592">-</slot>
            <slot slot="1593">-</slot>
            <slot slot="1594">-</slot>
            <slot slot="1595">-</slot>
            <slot slot="1596">-</slot>
            <slot slot="1597">-</slot>
            <slot slot="1598">-</slot>
            <slot slot="1599">-</slot>
            <slot slot="1600">-</slot>
            <slot slot="1601">-</slot>
            <slot slot="1602">-</slot>
            <slot slot="1603">-</slot>
            <slot slot="1604">-</slot>
            <slot slot="1605">-</slot>
            <slot slot="1606">-</slot>
            <slot slot="1607">-</slot>
            <slot slot="1608">-</slot>
            <slot slot="1609">-</slot>
            <slot slot="1610">-</slot>
            <slot slot="1611">-</slot>
            <slot slot="1612">-</slot>
            <slot slot="1613">-</slot>
            <slot slot="1614">-</slot>
            <slot slot="1615">-</slot>
            <slot slot="1616">-</slot>
            <slot slot="1617">-</slot>
            <slot slot="1618">-</slot>
            <slot slot="1619">-</slot>
            <slot slot="1620">-</slot>
            <slot slot="1621">-</slot>
            <slot slot="1622">-</slot>
            <slot slot="1623">-</slot>
            <slot slot="1624">-</slot>
            <slot slot="1625">-</slot>
            <slot slot="1626">-</slot>
            <slot slot="1627">-</slot>
            <slot slot="1628">-</slot>
            <slot slot="1629">-</slot>
            <slot slot="1630">-</slot>
            <slot slot="1631">-</slot>
            <slot slot="1632">-</slot>
            <slot slot="1633">-</slot>
            <slot slot="1634">-</slot>
            <slot slot="1635">-</slot>
            <slot slot="1636">-</slot>
            <slot slot="1637">-</slot>
            <slot slot="1638">-</slot>
            <slot slot="1639">-</slot>
            <slot slot="1640">-</slot>
            <slot slot="1641">-</slot>
            <slot slot="1642">-</slot>
            <slot slot="1643">-</slot>
            <slot slot="1644">-</slot>
            <slot slot="1645">-</slot>
            <slot slot="1646">-</slot>
            <slot slot="1647">-</slot>
            <slot slot="1648">-</slot>
            <slot slot="1649">-</slot>
            <slot slot="1650">-</slot>
            <slot slot="1651">-</slot>
            <slot slot="1652">-</slot>
            <slot slot="1653">-</slot>
            <slot slot="1654">-</slot>
            <slot slot="1655">-</slot>
            <slot slot="1656">-</slot>
            <slot slot="1657">-</slot>
            <slot slot="1658">-</slot>
            <slot slot="1659">-</slot>
            <slot slot="1660">-</slot>
            <slot slot="1661">-</slot>
            <slot slot="1662">-</slot>
            <slot slot="1663">-</slot>
            <slot slot="1664">-</slot>
            <slot slot="1665">-</slot>
            <slot slot="1666">-</slot>
            <slot slot="1667">-</slot>
            <slot slot="1668">-</slot>
            <slot slot="1669">-</slot>
            <slot slot="1670">-</slot>
            <slot slot="1671">-</slot>
            <slot slot="1672">-</slot>
            <slot slot="1673">-</slot>
            <slot slot="1674">-</slot>
            <slot slot="1675">-</slot>
            <slot slot="1676">-</slot>
            <slot slot="1677">-</slot>
            <slot slot="1678">-</slot>
            <slot slot="1679">-</slot>
            <slot slot="1680">-</slot>
            <slot slot="1681">-</slot>
            <slot slot="1682">-</slot>
            <slot slot="1683">-</slot>
            <slot slot="1684">-</slot>
            <slot slot="1685">-</slot>
            <slot slot="1686">-</slot>
            <slot slot="1687">-</slot>
            <slot slot="1688">-</slot>
            <slot slot="1689">-</slot>
            <slot slot="1690">-</slot>
            <slot slot="1691">-</slot>
            <slot slot="1692">-</slot>
            <slot slot="1693">-</slot>
            <slot slot="1694">-</slot>
            <slot slot="1695">-</slot>
            <slot slot="1696">-</slot>
            <slot slot="1697">-</slot>
            <slot slot="1698">-</slot>
            <slot slot="1699">-</slot>
            <slot slot="1700">-</slot>
            <slot slot="1701">-</slot>
            <slot slot="1702">-</slot>
            <slot slot="1703">-</slot>
            <slot slot="1704">-</slot>
            <slot slot="1705">-</slot>
            <slot slot="1706">-</slot>
            <slot slot="1707">-</slot>
            <slot slot="1708">-</slot>
            <slot slot="1709">-</slot>
            <slot slot="1710">-</slot>
            <slot slot="1711">-</slot>
            <slot slot="1712">-</slot>
            <slot slot="1713">-</slot>
            <slot slot="1714">-</slot>
            <slot slot="1715">-</slot>
            <slot slot="1716">-</slot>
            <slot slot="1717">-</slot>
            <slot slot="1718">-</slot>
            <slot slot="1719">-</slot>
            <slot slot="1720">-</slot>
            <slot slot="1721">-</slot>
            <slot slot="1722">-</slot>
            <slot slot="1723">-</slot>
            <slot slot="1724">-</slot>
            <slot slot="1725">-</slot>
            <slot slot="1726">-</slot>
            <slot slot="1727">-</slot>
            <slot slot="1728">-</slot>
            <slot slot="1729">-</slot>
            <slot slot="1730">-</slot>
            <slot slot="1731">-</slot>
            <slot slot="1732">-</slot>
            <slot slot="1733">-</slot>
            <slot slot="1734">-</slot>
            <slot slot="1735">-</slot>
            <slot slot="1736">-</slot>
            <slot slot="1737">-</slot>
            <slot slot="1738">-</slot>
            <slot slot="1739">-</slot>
            <slot slot="1740">-</slot>
            <slot slot="1741">-</slot>
            <slot slot="1742">-</slot>
            <slot slot="1743">-</slot>
            <slot slot="1744">-</slot>
            <slot slot="1745">-</slot>
            <slot slot="1746">-</slot>
            <slot slot="1747">-</slot>
            <slot slot="1748">-</slot>
            <slot slot="1749">-</slot>
            <slot slot="1750">-</slot>
            <slot slot="1751">-</slot>
            <slot slot="1752">-</slot>
            <slot slot="1753">-</slot>
            <slot slot="1754">-</slot>
            <slot slot="1755">-</slot>
            <slot slot="1756">-</slot>
            <slot slot="1757">-</slot>
            <slot slot="1758">-</slot>
            <slot slot="1759">-</slot>
            <slot slot="1760">-</slot>
            <slot slot="1761">-</slot>
            <slot slot="1762">-</slot>
            <slot slot="1763">-</slot>
            <slot slot="1764">-</slot>
            <slot slot="1765">-</slot>
            <slot slot="1766">-</slot>
            <slot slot="1767">-</slot>
            <slot slot="1768">-</slot>
            <slot slot="1769">-</slot>
            <slot slot="1770">-</slot>
            <slot slot="1771">-</slot>
            <slot slot="1772">-</slot>
            <slot slot="1773">-</slot>
            <slot slot="1774">-</slot>
            <slot slot="1775">-</slot>
            <slot slot="1776">-</slot>
            <slot slot="1777">-</slot>
            <slot slot="1778">-</slot>
            <slot slot="1779">-</slot>
            <slot slot="1780">-</slot>
            <slot slot="1781">-</slot>
            <slot slot="1782">-</slot>
            <slot slot="1783">-</slot>
            <slot slot="1784">-</slot>
            <slot slot="1785">-</slot>
            <slot slot="1786">-</slot>
            <slot slot="1787">-</slot>
            <slot slot="1788">-</slot>
            <slot slot="1789">-</slot>
            <slot slot="1790">-</slot>
            <slot slot="1791">-</slot>
            <slot slot="1792">-</slot>
            <slot slot="1793">-</slot>
            <slot slot="1794">-</slot>
            <slot slot="1795">-</slot>
            <slot slot="1796">-</slot>
            <slot slot="1797">-</slot>
            <slot slot="1798">-</slot>
            <slot slot="1799">-</slot>
            <slot slot="1800">-</slot>
            <slot slot="1801">-</slot>
            <slot slot="1802">-</slot>
            <slot slot="1803">-</slot>
            <slot slot="1804">-</slot>
            <slot slot="1805">-</slot>
            <slot slot="1806">-</slot>
            <slot slot="1807">-</slot>
            <slot slot="1808">-</slot>
            <slot slot="1809">-</slot>
            <slot slot="1810">-</slot>
            <slot slot="1811">-</slot>
            <slot slot="1812">-</slot>
            <slot slot="1813">-</slot>
            <slot slot="1814">-</slot>
            <slot slot="1815">-</slot>
            <slot slot="1816">-</slot>
            <slot slot="1817">-</slot>
            <slot slot="1818">-</slot>
            <slot slot="1819">-</slot>
            <slot slot="1820">-</slot>
            <slot slot="1821">-</slot>
            <slot slot="1822">-</slot>
            <slot slot="1823">-</slot>
            <slot slot="1824">-</slot>
            <slot slot="1825">-</slot>
            <slot slot="1826">-</slot>
            <slot slot="1827">-</slot>
            <slot slot="1828">-</slot>
            <slot slot="1829">-</slot>
            <slot slot="1830">-</slot>
            <slot slot="1831">-</slot>
            <slot slot="1832">-</slot>
            <slot slot="1833">-</slot>
            <slot slot="1834">-</slot>
            <slot slot="1835">-</slot>
            <slot slot="1836">-</slot>
            <slot slot="1837">-</slot>
            <slot slot="1838">-</slot>
            <slot slot="1839">-</slot>
            <slot slot="1840">-</slot>
            <slot slot="1841">-</slot>
            <slot slot="1842">-</slot>
            <slot slot="1843">-</slot>
            <slot slot="1844">-</slot>
            <slot slot="1845">-</slot>
            <slot slot="1846">-</slot>
            <slot slot="1847">-</slot>
            <slot slot="1848">-</slot>
            <slot slot="1849">-</slot>
            <slot slot="1850">-</slot>
            <slot slot="1851">-</slot>
            <slot slot="1852">-</slot>
            <slot slot="1853">-</slot>
            <slot slot="1854">-</slot>
            <slot slot="1855">-</slot>
            <slot slot="1856">-</slot>
            <slot slot="1857">-</slot>
            <slot slot="1858">-</slot>
            <slot slot="1859">-</slot>
            <slot slot="1860">-</slot>
            <slot slot="1861">-</slot>
            <slot slot="1862">-</slot>
            <slot slot="1863">-</slot>
            <slot slot="1864">-</slot>
            <slot slot="1865">-</slot>
            <slot slot="1866">-</slot>
            <slot slot="1867">-</slot>
            <slot slot="1868">-</slot>
            <slot slot="1869">-</slot>
            <slot slot="1870">-</slot>
            <slot slot="1871">-</slot>
            <slot slot="1872">-</slot>
            <slot slot="1873">-</slot>
            <slot slot="1874">-</slot>
            <slot slot="1875">-</slot>
            <slot slot="1876">-</slot>
            <slot slot="1877">-</slot>
            <slot slot="1878">-</slot>
            <slot slot="1879">-</slot>
            <slot slot="1880">-</slot>
            <slot slot="1881">-</slot>
            <slot slot="1882">-</slot>
            <slot slot="1883">-</slot>
            <slot slot="1884">-</slot>
            <slot slot="1885">-</slot>
            <slot slot="1886">-</slot>
            <slot slot="1887">-</slot>
            <slot slot="1888">-</slot>
            <slot slot="1889">-</slot>
            <slot slot="1890">-</slot>
            <slot slot="1891">-</slot>
            <slot slot="1892">-</slot>
            <slot slot="1893">-</slot>
            <slot slot="1894">-</slot>
            <slot slot="1895">-</slot>
            <slot slot="1896">-</slot>
            <slot slot="1897">-</slot>
            <slot slot="1898">-</slot>
            <slot slot="1899">-</slot>
            <slot slot="1900">-</slot>
            <slot slot="1901">-</slot>
            <slot slot="1902">-</slot>
            <slot slot="1903">-</slot>
            <slot slot="1904">-</slot>
            <slot slot="1905">-</slot>
            <slot slot="1906">-</slot>
            <slot slot="1907">-</slot>
            <slot slot="1908">-</slot>
            <slot slot="1909">-</slot>
            <slot slot="1910">-</slot>
            <slot slot="1911">-</slot>
            <slot slot="1912">-</slot>
            <slot slot="1913">-</slot>
            <slot slot="1914">-</slot>
            <slot slot="1915">-</slot>
            <slot slot="1916">-</slot>
            <slot slot="1917">-</slot>
            <slot slot="1918">-</slot>
            <slot slot="1919">-</slot>
            <slot slot="1920">-</slot>
            <slot slot="1921">-</slot>
            <slot slot="1922">-</slot>
            <slot slot="1923">-</slot>
            <slot slot="1924">-</slot>
            <slot slot="1925">-</slot>
            <slot slot="1926">-</slot>
            <slot slot="1927">-</slot>
            <slot slot="1928">-</slot>
            <slot slot="1929">-</slot>
            <slot slot="1930">-</slot>
            <slot slot="1931">-</slot>
            <slot slot="1932">-</slot>
            <slot slot="1933">-</slot>
            <slot slot="1934">-</slot>
            <slot slot="1935">-</slot>
            <slot slot="1936">-</slot>
            <slot slot="1937">-</slot>
            <slot slot="1938">-</slot>
            <slot slot="1939">-</slot>
            <slot slot="1940">-</slot>
            <slot slot="1941">-</slot>
            <slot slot="1942">-</slot>
            <slot slot="1943">-</slot>
            <slot slot="1944">-</slot>
            <slot slot="1945">-</slot>
            <slot slot="1946">-</slot>
            <slot slot="1947">-</slot>
            <slot slot="1948">-</slot>
            <slot slot="1949">-</slot>
            <slot slot="1950">-</slot>
            <slot slot="1951">-</slot>
            <slot slot="1952">-</slot>
            <slot slot="1953">-</slot>
            <slot slot="1954">-</slot>
            <slot slot="1955">-</slot>
            <slot slot="1956">-</slot>
            <slot slot="1957">-</slot>
            <slot slot="1958">-</slot>
            <slot slot="1959">-</slot>
            <slot slot="1960">-</slot>
            <slot slot="1961">-</slot>
            <slot slot="1962">-</slot>
            <slot slot="1963">-</slot>
            <slot slot="1964">-</slot>
            <slot slot="1965">-</slot>
            <slot slot="1966">-</slot>
            <slot slot="1967">-</slot>
            <slot slot="1968">-</slot>
            <slot slot="1969">-</slot>
            <slot slot="1970">-</slot>
            <slot slot="1971">-</slot>
            <slot slot="1972">-</slot>
            <slot slot="1973">-</slot>
            <slot slot="1974">-</slot>
            <slot slot="1975">-</slot>
            <slot slot="1976">-</slot>
            <slot slot="1977">-</slot>
            <slot slot="1978">-</slot>
            <slot slot="1979">-</slot>
            <slot slot="1980">-</slot>
            <slot slot="1981">-</slot>
            <slot slot="1982">-</slot>
            <slot slot="1983">-</slot>
            <slot slot="1984">-</slot>
            <slot slot="1985">-</slot>
            <slot slot="1986">-</slot>
            <slot slot="1987">-</slot>
            <slot slot="1988">-</slot>
            <slot slot="1989">-</slot>
            <slot slot="1990">-</slot>
            <slot slot="1991">-</slot>
            <slot slot="1992">-</slot>
            <slot slot="1993">-</slot>
            <slot slot="1994">-</slot>
            <slot slot="1995">-</slot>
            <slot slot="1996">-</slot>
            <slot slot="1997">-</slot>
            <slot slot="1998">-</slot>
            <slot slot="1999">-</slot>
            <slot slot="2000">-</slot>
            <slot slot="2001">-</slot>
            <slot slot="2002">-</slot>
            <slot slot="2003">-</slot>
            <slot slot="2004">-</slot>
            <slot slot="2005">-</slot>
            <slot slot="2006">-</slot>
            <slot slot="2007">-</slot>
            <slot slot="2008">-</slot>
            <slot slot="2009">-</slot>
            <slot slot="2010">-</slot>
            <slot slot="2011">-</slot>
            <slot slot="2012">-</slot>
            <slot slot="2013">-</slot>
            <slot slot="2014">-</slot>
            <slot slot="2015">-</slot>
            <slot slot="2016">-</slot>
            <slot slot="2017">-</slot>
            <slot slot="2018">-</slot>
            <slot slot="2019">-</slot>
            <slot slot="2020">-</slot>
            <slot slot="2021">-</slot>
            <slot slot="2022">-</slot>
            <slot slot="2023">-</slot>
            <slot slot="2024">-</slot>
            <slot slot="2025">-</slot>
            <slot slot="2026">-</slot>
            <slot slot="2027">-</slot>
            <slot slot="2028">-</slot>
            <slot slot="2029">-</slot>
            <slot slot="2030">-</slot>
            <slot slot="2031">-</slot>
            <slot slot="2032">-</slot>
            <slot slot="2033">-</slot>
            <slot slot="2034">-</slot>
            <slot slot="2035">-</slot>
            <slot slot="2036">-</slot>
            <slot slot="2037">-</slot>
            <slot slot="2038">-</slot>
            <slot slot="2039">-</slot>
            <slot slot="2040">-</slot>
            <slot slot="2041">-</slot>
            <slot slot="2042">-</slot>
            <slot slot="2043">-</slot>
            <slot slot="2044">-</slot>
            <slot slot="2045">-</slot>
            <slot slot="2046">-</slot>
            <slot slot="2047">-</slot>
            <slot slot="2048">-</slot>
            <slot slot="2049">-</slot>
            <slot slot="2050">-</slot>
            <slot slot="2051">-</slot>
            <slot slot="2052">-</slot>
            <slot slot="2053">-</slot>
            <slot slot="2054">-</slot>
            <slot slot="2055">-</slot>
            <slot slot="2056">-</slot>
            <slot slot="2057">-</slot>
            <slot slot="2058">-</slot>
            <slot slot="2059">-</slot>
            <slot slot="2060">-</slot>
            <slot slot="2061">-</slot>
            <slot slot="2062">-</slot>
            <slot slot="2063">-</slot>
            <slot slot="2064">-</slot>
            <slot slot="2065">-</slot>
            <slot slot="2066">-</slot>
            <slot slot="2067">-</slot>
            <slot slot="2068">-</slot>
            <slot slot="2069">-</slot>
            <slot slot="2070">-</slot>
            <slot slot="2071">-</slot>
            <slot slot="2072">-</slot>
            <slot slot="2073">-</slot>
            <slot slot="2074">-</slot>
            <slot slot="2075">-</slot>
            <slot slot="2076">-</slot>
            <slot slot="2077">-</slot>
            <slot slot="2078">-</slot>
            <slot slot="2079">-</slot>
            <slot slot="2080">-</slot>
            <slot slot="2081">-</slot>
            <slot slot="2082">-</slot>
            <slot slot="2083">-</slot>
            <slot slot="2084">-</slot>
            <slot slot="2085">-</slot>
            <slot slot="2086">-</slot>
            <slot slot="2087">-</slot>
            <slot slot="2088">-</slot>
            <slot slot="2089">-</slot>
            <slot slot="2090">-</slot>
            <slot slot="2091">-</slot>
            <slot slot="2092">-</slot>
            <slot slot="2093">-</slot>
            <slot slot="2094">-</slot>
            <slot slot="2095">-</slot>
            <slot slot="2096">-</slot>
            <slot slot="2097">-</slot>
            <slot slot="2098">-</slot>
            <slot slot="2099">-</slot>
            <slot slot="2100">-</slot>
            <slot slot="2101">-</slot>
            <slot slot="2102">-</slot>
            <slot slot="2103">-</slot>
            <slot slot="2104">-</slot>
            <slot slot="2105">-</slot>
            <slot slot="2106">-</slot>
            <slot slot="2107">-</slot>
            <slot slot="2108">-</slot>
            <slot slot="2109">-</slot>
            <slot slot="2110">-</slot>
            <slot slot="2111">-</slot>
            <slot slot="2112">-</slot>
            <slot slot="2113">-</slot>
            <slot slot="2114">-</slot>
            <slot slot="2115">-</slot>
            <slot slot="2116">-</slot>
            <slot slot="2117">-</slot>
            <slot slot="2118">-</slot>
            <slot slot="2119">-</slot>
            <slot slot="2120">-</slot>
            <slot slot="2121">-</slot>
            <slot slot="2122">-</slot>
            <slot slot="2123">-</slot>
            <slot slot="2124">-</slot>
            <slot slot="2125">-</slot>
            <slot slot="2126">-</slot>
            <slot slot="2127">-</slot>
            <slot slot="2128">-</slot>
            <slot slot="2129">-</slot>
            <slot slot="2130">-</slot>
            <slot slot="2131">-</slot>
            <slot slot="2132">-</slot>
            <slot slot="2133">-</slot>
            <slot slot="2134">-</slot>
            <slot slot="2135">-</slot>
            <slot slot="2136">-</slot>
            <slot slot="2137">-</slot>
            <slot slot="2138">-</slot>
            <slot slot="2139">-</slot>
            <slot slot="2140">-</slot>
            <slot slot="2141">-</slot>
            <slot slot="2142">-</slot>
            <slot slot="2143">-</slot>
            <slot slot="2144">-</slot>
            <slot slot="2145">-</slot>
            <slot slot="2146">-</slot>
            <slot slot="2147">-</slot>
            <slot slot="2148">-</slot>
            <slot slot="2149">-</slot>
            <slot slot="2150">-</slot>
            <slot slot="2151">-</slot>
            <slot slot="2152">-</slot>
            <slot slot="2153">-</slot>
            <slot slot="2154">-</slot>
            <slot slot="2155">-</slot>
            <slot slot="2156">-</slot>
            <slot slot="2157">-</slot>
            <slot slot="2158">-</slot>
            <slot slot="2159">-</slot>
            <slot slot="2160">-</slot>
            <slot slot="2161">-</slot>
            <slot slot="2162">-</slot>
            <slot slot="2163">-</slot>
            <slot slot="2164">-</slot>
            <slot slot="2165">-</slot>
            <slot slot="2166">-</slot>
            <slot slot="2167">-</slot>
            <slot slot="2168">-</slot>
            <slot slot="2169">-</slot>
            <slot slot="2170">-</slot>
            <slot slot="2171">-</slot>
            <slot slot="2172">-</slot>
            <slot slot="2173">-</slot>
            <slot slot="2174">-</slot>
            <slot slot="2175">-</slot>
            <slot slot="2176">-</slot>
            <slot slot="2177">-</slot>
            <slot slot="2178">-</slot>
            <slot slot="2179">-</slot>
            <slot slot="2180">-</slot>
            <slot slot="2181">-</slot>
            <slot slot="2182">-</slot>
            <slot slot="2183">-</slot>
            <slot slot="2184">-</slot>
            <slot slot="2185">-</slot>
            <slot slot="2186">-</slot>
            <slot slot="2187">-</slot>
            <slot slot="2188">-</slot>
            <slot slot="2189">-</slot>
            <slot slot="2190">-</slot>
            <slot slot="2191">-</slot>
            <slot slot="2192">-</slot>
            <slot slot="2193">-</slot>
            <slot slot="2194">-</slot>
            <slot slot="2195">-</slot>
            <slot slot="2196">-</slot>
            <slot slot="2197">-</slot>
            <slot slot="2198">-</slot>
            <slot slot="2199">-</slot>
            <slot slot="2200">-</slot>
            <slot slot="2201">-</slot>
            <slot slot="2202">-</slot>
            <slot slot="2203">-</slot>
            <slot slot="2204">-</slot>
            <slot slot="2205">-</slot>
            <slot slot="2206">-</slot>
            <slot slot="2207">-</slot>
            <slot slot="2208">-</slot>
            <slot slot="2209">-</slot>
            <slot slot="2210">-</slot>
            <slot slot="2211">-</slot>
            <slot slot="2212">-</slot>
            <slot slot="2213">-</slot>
            <slot slot="2214">-</slot>
            <slot slot="2215">-</slot>
            <slot slot="2216">-</slot>
            <slot slot="2217">-</slot>
            <slot slot="2218">-</slot>
            <slot slot="2219">-</slot>
            <slot slot="2220">-</slot>
            <slot slot="2221">-</slot>
            <slot slot="2222">-</slot>
            <slot slot="2223">-</slot>
            <slot slot="2224">-</slot>
            <slot slot="2225">-</slot>
            <slot slot="2226">-</slot>
            <slot slot="2227">-</slot>
            <slot slot="2228">-</slot>
            <slot slot="2229">-</slot>
            <slot slot="2230">-</slot>
            <slot slot="2231">-</slot>
            <slot slot="2232">-</slot>
            <slot slot="2233">-</slot>
            <slot slot="2234">-</slot>
            <slot slot="2235">-</slot>
            <slot slot="2236">-</slot>
            <slot slot="2237">-</slot>
            <slot slot="2238">-</slot>
            <slot slot="2239">-</slot>
            <slot slot="2240">-</slot>
            <slot slot="2241">-</slot>
            <slot slot="2242">-</slot>
            <slot slot="2243">-</slot>
            <slot slot="2244">-</slot>
            <slot slot="2245">-</slot>
            <slot slot="2246">-</slot>
            <slot slot="2247">-</slot>
            <slot slot="2248">-</slot>
            <slot slot="2249">-</slot>
            <slot slot="2250">-</slot>
            <slot slot="2251">-</slot>
            <slot slot="2252">-</slot>
            <slot slot="2253">-</slot>
            <slot slot="2254">-</slot>
            <slot slot="2255">-</slot>
            <slot slot="2256">-</slot>
            <slot slot="2257">-</slot>
            <slot slot="2258">-</slot>
            <slot slot="2259">-</slot>
            <slot slot="2260">-</slot>
            <slot slot="2261">-</slot>
            <slot slot="2262">-</slot>
            <slot slot="2263">-</slot>
            <slot slot="2264">-</slot>
            <slot slot="2265">-</slot>
            <slot slot="2266">-</slot>
            <slot slot="2267">-</slot>
            <slot slot="2268">-</slot>
            <slot slot="2269">-</slot>
            <slot slot="2270">-</slot>
            <slot slot="2271">-</slot>
            <slot slot="2272">-</slot>
            <slot slot="2273">-</slot>
            <slot slot="2274">-</slot>
            <slot slot="2275">-</slot>
            <slot slot="2276">-</slot>
            <slot slot="2277">-</slot>
            <slot slot="2278">-</slot>
            <slot slot="2279">-</slot>
            <slot slot="2280">-</slot>
            <slot slot="2281">-</slot>
            <slot slot="2282">-</slot>
            <slot slot="2283">-</slot>
            <slot slot="2284">-</slot>
            <slot slot="2285">-</slot>
            <slot slot="2286">-</slot>
            <slot slot="2287">-</slot>
            <slot slot="2288">-</slot>
            <slot slot="2289">-</slot>
            <slot slot="2290">-</slot>
            <slot slot="2291">-</slot>
            <slot slot="2292">-</slot>
            <slot slot="2293">-</slot>
            <slot slot="2294">-</slot>
            <slot slot="2295">-</slot>
            <slot slot="2296">-</slot>
            <slot slot="2297">-</slot>
            <slot slot="2298">-</slot>
            <slot slot="2299">-</slot>
            <slot slot="2300">-</slot>
            <slot slot="2301">-</slot>
            <slot slot="2302">-</slot>
            <slot slot="2303">-</slot>
            <slot slot="2304">-</slot>
            <slot slot="2305">-</slot>
            <slot slot="2306">-</slot>
            <slot slot="2307">-</slot>
            <slot slot="2308">-</slot>
            <slot slot="2309">-</slot>
            <slot slot="2310">-</slot>
            <slot slot="2311">-</slot>
            <slot slot="2312">-</slot>
            <slot slot="2313">-</slot>
            <slot slot="2314">-</slot>
            <slot slot="2315">-</slot>
            <slot slot="2316">-</slot>
            <slot slot="2317">-</slot>
            <slot slot="2318">-</slot>
            <slot slot="2319">-</slot>
            <slot slot="2320">-</slot>
            <slot slot="2321">-</slot>
            <slot slot="2322">-</slot>
            <slot slot="2323">-</slot>
            <slot slot="2324">-</slot>
            <slot slot="2325">-</slot>
            <slot slot="2326">-</slot>
            <slot slot="2327">-</slot>
            <slot slot="2328">-</slot>
            <slot slot="2329">-</slot>
            <slot slot="2330">-</slot>
            <slot slot="2331">-</slot>
            <slot slot="2332">-</slot>
            <slot slot="2333">-</slot>
            <slot slot="2334">-</slot>
            <slot slot="2335">-</slot>
            <slot slot="2336">-</slot>
            <slot slot="2337">-</slot>
            <slot slot="2338">-</slot>
            <slot slot="2339">-</slot>
            <slot slot="2340">-</slot>
            <slot slot="2341">-</slot>
            <slot slot="2342">-</slot>
            <slot slot="2343">-</slot>
            <slot slot="2344">-</slot>
            <slot slot="2345">-</slot>
            <slot slot="2346">-</slot>
            <slot slot="2347">-</slot>
            <slot slot="2348">-</slot>
            <slot slot="2349">-</slot>
            <slot slot="2350">-</slot>
            <slot slot="2351">-</slot>
            <slot slot="2352">-</slot>
            <slot slot="2353">-</slot>
            <slot slot="2354">-</slot>
            <slot slot="2355">-</slot>
            <slot slot="2356">-</slot>
            <slot slot="2357">-</slot>
            <slot slot="2358">-</slot>
            <slot slot="2359">-</slot>
            <slot slot="2360">-</slot>
            <slot slot="2361">-</slot>
            <slot slot="2362">-</slot>
            <slot slot="2363">-</slot>
            <slot slot="2364">-</slot>
            <slot slot="2365">-</slot>
            <slot slot="2366">-</slot>
            <slot slot="2367">-</slot>
            <slot slot="2368">-</slot>
            <slot slot="2369">-</slot>
            <slot slot="2370">-</slot>
            <slot slot="2371">-</slot>
            <slot slot="2372">-</slot>
            <slot slot="2373">-</slot>
            <slot slot="2374">-</slot>
            <slot slot="2375">-</slot>
            <slot slot="2376">-</slot>
            <slot slot="2377">-</slot>
            <slot slot="2378">-</slot>
            <slot slot="2379">-</slot>
            <slot slot="2380">-</slot>
            <slot slot="2381">-</slot>
            <slot slot="2382">-</slot>
            <slot slot="2383">-</slot>
            <slot slot="2384">-</slot>
            <slot slot="2385">-</slot>
            <slot slot="2386">-</slot>
            <slot slot="2387">-</slot>
            <slot slot="2388">-</slot>
            <slot slot="2389">-</slot>
            <slot slot="2390">-</slot>
            <slot slot="2391">-</slot>
            <slot slot="2392">-</slot>
            <slot slot="2393">-</slot>
            <slot slot="2394">-</slot>
            <slot slot="2395">-</slot>
            <slot slot="2396">-</slot>
            <slot slot="2397">-</slot>
            <slot slot="2398">-</slot>
            <slot slot="2399">-</slot>
            <slot slot="2400">-</slot>
            <slot slot="2401">-</slot>
            <slot slot="2402">-</slot>
            <slot slot="2403">-</slot>
            <slot slot="2404">-</slot>
            <slot slot="2405">-</slot>
            <slot slot="2406">-</slot>
            <slot slot="2407">-</slot>
            <slot slot="2408">-</slot>
            <slot slot="2409">-</slot>
            <slot slot="2410">-</slot>
            <slot slot="2411">-</slot>
            <slot slot="2412">-</slot>
            <slot slot="2413">-</slot>
            <slot slot="2414">-</slot>
            <slot slot="2415">-</slot>
            <slot slot="2416">-</slot>
            <slot slot="2417">-</slot>
            <slot slot="2418">-</slot>
            <slot slot="2419">-</slot>
            <slot slot="2420">-</slot>
            <slot slot="2421">-</slot>
            <slot slot="2422">-</slot>
            <slot slot="2423">-</slot>
            <slot slot="2424">-</slot>
            <slot slot="2425">-</slot>
            <slot slot="2426">-</slot>
            <slot slot="2427">-</slot>
            <slot slot="2428">-</slot>
            <slot slot="2429">-</slot>
            <slot slot="2430">-</slot>
            <slot slot="2431">-</slot>
            <slot slot="2432">-</slot>
            <slot slot="2433">-</slot>
            <slot slot="2434">-</slot>
            <slot slot="2435">-</slot>
            <slot slot="2436">-</slot>
            <slot slot="2437">-</slot>
            <slot slot="2438">-</slot>
            <slot slot="2439">-</slot>
            <slot slot="2440">-</slot>
            <slot slot="2441">-</slot>
            <slot slot="2442">-</slot>
            <slot slot="2443">-</slot>
            <slot slot="2444">-</slot>
            <slot slot="2445">-</slot>
            <slot slot="2446">-</slot>
            <slot slot="2447">-</slot>
            <slot slot="2448">-</slot>
            <slot slot="2449">-</slot>
            <slot slot="2450">-</slot>
            <slot slot="2451">-</slot>
            <slot slot="2452">-</slot>
            <slot slot="2453">-</slot>
            <slot slot="2454">-</slot>
            <slot slot="2455">-</slot>
            <slot slot="2456">-</slot>
            <slot slot="2457">-</slot>
            <slot slot="2458">-</slot>
            <slot slot="2459">-</slot>
            <slot slot="2460">-</slot>
            <slot slot="2461">-</slot>
            <slot slot="2462">-</slot>
            <slot slot="2463">-</slot>
            <slot slot="2464">-</slot>
            <slot slot="2465">-</slot>
            <slot slot="2466">-</slot>
            <slot slot="2467">-</slot>
            <slot slot="2468">-</slot>
            <slot slot="2469">-</slot>
            <slot slot="2470">-</slot>
            <slot slot="2471">-</slot>
            <slot slot="2472">-</slot>
            <slot slot="2473">-</slot>
            <slot slot="2474">-</slot>
            <slot slot="2475">-</slot>
            <slot slot="2476">-</slot>
            <slot slot="2477">-</slot>
            <slot slot="2478">-</slot>
            <slot slot="2479">-</slot>
            <slot slot="2480">-</slot>
            <slot slot="2481">-</slot>
            <slot slot="2482">-</slot>
            <slot slot="2483">-</slot>
            <slot slot="2484">-</slot>
            <slot slot="2485">-</slot>
            <slot slot="2486">-</slot>
            <slot slot="2487">-</slot>
            <slot slot="2488">-</slot>
            <slot slot="2489">-</slot>
            <slot slot="2490">-</slot>
            <slot slot="2491">-</slot>
            <slot slot="2492">-</slot>
            <slot slot="2493">-</slot>
            <slot slot="2494">-</slot>
            <slot slot="2495">-</slot>
            <slot slot="2496">-</slot>
            <slot slot="2497">-</slot>
            <slot slot="2498">-</slot>
            <slot slot="2499">-</slot>
        </core>
        <core number="2">
            <slot slot="0">D0N2</slot>
            <slot slot="1">D0N2</slot>
            <slot slot="2">D0N2</slot>
            <slot slot="3">D0N2</slot>
            <slot slot="4">D0N2</slot>
            <slot slot="5">D0N2</slot>
            <slot slot="6">D0N2</slot>
            <slot slot="7">D0N2</slot>
            <slot slot="8">D0N2</slot>
            <slot slot="9">D0N2</slot>
            <slot slot="10">D0N1</slot>
            <slot slot="11">D0N1</slot>
            <slot slot="12">D0N1</slot>
            <slot slot="13">D0N1</slot>
            <slot slot="14">D0N1</slot>
            <slot slot="15">D0N1</slot>
            <slot slot="16">D0N1</slot>
            <slot slot="17">D0N1</slot>
            <slot slot="18">D0N1</slot>
            <slot slot="19">D0N1</slot>
            <slot slot="20">D0N16</slot>
            <slot slot="21">D0N16</slot>
            <slot slot="22">D0N16</slot>
            <slot slot="23">D0N16</slot>
            <slot slot="24">D0N16</slot>
            <slot slot="25">D0N16</slot>
            <slot slot="26">D0N16</slot>
            <slot slot="27">D0N16</slot>
            <slot slot="28">D0N16</slot>
            <slot slot="29">D0N16</slot>
            <slot slot="30">D0N0</slot>
            <slot slot="31">D0N0</slot>
            <slot slot="32">D0N0</slot>
            <slot slot="33">D0N0</slot>
            <slot slot="34">D0N0</slot>
            <slot slot="35">D0N0</slot>
            <slot slot="36">D0N0</slot>
            <slot slot="37">D0N0</slot>
            <slot slot="38">D0N0</slot>
            <slot slot="39">D0N0</slot>
            <slot slot="40">D0N7</slot>
            <slot slot="41">D0N7</slot>
            <slot slot="42">D0N7</slot>
            <slot slot="43">D0N7</slot>
            <slot slot="44">D0N7</slot>
            <slot slot="45">D0N7</slot>
            <slot slot="46">D0N7</slot>
            <slot slot="47">D0N7</slot>
            <slot slot="48">D0N7</slot>
            <slot slot="49">D0N7</slot>
            <slot slot="50">D0N14</slot>
            <slot slot="51">D0N14</slot>
            <slot slot="52">D0N14</slot>
            <slot slot="53">D0N14</slot>
            <slot slot="54">D0N14</slot>
            <slot slot="55">D0N14</slot>
            <slot slot="56">D0N14</slot>
            <slot slot="57">D0N14</slot>
            <slot slot="58">D0N14</slot>
            <slot slot="59">D0N14</slot>
            <slot slot="60">D0N14</slot>
            <slot slot="61">D0N14</slot>
            <slot slot="62">D0N14</slot>
            <slot slot="63">D0N14</slot>
            <slot slot="64">D0N14</slot>
            <slot slot="65">D0N14</slot>
            <slot slot="66">D0N14</slot>
            <slot slot="67">D0N14</slot>
            <slot slot="68">D0N14</slot>
            <slot slot="69">D0N14</slot>
            <slot slot="70">D0N14</slot>
            <slot slot="71">D0N14</slot>
            <slot slot="72">D0N14</slot>
            <slot slot="73">D0N14</slot>
            <slot slot="74">D0N14</slot>
            <slot slot="75">D0N14</slot>
            <slot slot="76">D0N14</slot>
            <slot slot="77">D0N14</slot>
            <slot slot="78">D0N14</slot>
            <slot slot="79">D0N14</slot>
            <slot slot="80">D0N15</slot>
            <slot slot="81">D0N15</slot>
            <slot slot="82">D0N15</slot>
            <slot slot="83">D0N15</slot>
            <slot slot="84">D0N15</slot>
            <slot slot="85">D0N15</slot>
            <slot slot="86">D0N15</slot>
            <slot slot="87">D0N15</slot>
            <slot slot="88">D0N15</slot>
            <slot slot="89">D0N15</slot>
            <slot slot="90">D0N15</slot>
            <slot slot="91">D0N15</slot>
            <slot slot="92">D0N15</slot>
            <slot slot="93">D0N15</slot>
            <slot slot="94">D0N15</slot>
            <slot slot="95">D0N15</slot>
            <slot slot="96">D0N15</slot>
            <slot slot="97">D0N15</slot>
            <slot slot="98">D0N15</slot>
            <slot slot="99">D0N15</slot>
            <slot slot="100">D0N12</slot>
            <slot slot="101">D0N12</slot>
            <slot slot="102">D0N12</slot>
            <slot slot="103">D0N12</slot>
            <slot slot="104">D0N12</slot>
            <slot slot="105">D0N12</slot>
            <slot slot="106">D0N12</slot>
            <slot slot="107">D0N12</slot>
            <slot slot="108">D0N12</slot>
            <slot slot="109">D0N12</slot>
            <slot slot="110">D0N12</slot>
            <slot slot="111">D0N12</slot>
            <slot slot="112">D0N12</slot>
            <slot slot="113">D0N12</slot>
            <slot slot="114">D0N12</slot>
            <slot slot="115">D0N12</slot>
            <slot slot="116">D0N12</slot>
            <slot slot="117">D0N12</slot>
            <slot slot="118">D0N12</slot>
            <slot slot="119">D0N12</slot>
            <slot slot="120">D0N12</slot>
            <slot slot="121">D0N12</slot>
            <slot slot="122">D0N12</slot>
            <slot slot="123">D0N12</slot>
            <slot slot="124">D0N12</slot>
            <slot slot="125">D0N12</slot>
            <slot slot="126">D0N12</slot>
            <slot slot="127">D0N12</slot>
            <slot slot="128">D0N12</slot>
            <slot slot="129">D0N12</slot>
            <slot slot="130">D0N30</slot>
            <slot slot="131">D0N30</slot>
            <slot slot="132">D0N30</slot>
            <slot slot="133">D0N30</slot>
            <slot slot="134">D0N30</slot>
            <slot slot="135">D0N30</slot>
            <slot slot="136">D0N30</slot>
            <slot slot="137">D0N30</slot>
            <slot slot="138">D0N30</slot>
            <slot slot="139">D0N30</slot>
            <slot slot="140">D0N30</slot>
            <slot slot="141">D0N30</slot>
            <slot slot="142">D0N30</slot>
            <slot slot="143">D0N30</slot>
            <slot slot="144">D0N30</slot>
            <slot slot="145">D0N30</slot>
            <slot slot="146">D0N30</slot>
            <slot slot="147">D0N30</slot>
            <slot slot="148">D0N30</slot>
            <slot slot="149">D0N30</slot>
            <slot slot="150">D0N30</slot>
            <slot slot="151">D0N30</slot>
            <slot slot="152">D0N30</slot>
            <slot slot="153">D0N30</slot>
            <slot slot="154">D0N30</slot>
            <slot slot="155">D0N30</slot>
            <slot slot="156">D0N30</slot>
            <slot slot="157">D0N30</slot>
            <slot slot="158">D0N30</slot>
            <slot slot="159">D0N30</slot>
            <slot slot="160">D0N5</slot>
            <slot slot="161">D0N5</slot>
            <slot slot="162">D0N5</slot>
            <slot slot="163">D0N5</slot>
            <slot slot="164">D0N5</slot>
            <slot slot="165">D0N5</slot>
            <slot slot="166">D0N5</slot>
            <slot slot="167">D0N5</slot>
            <slot slot="168">D0N5</slot>
            <slot slot="169">D0N5</slot>
            <slot slot="170">D0N5</slot>
            <slot slot="171">D0N5</slot>
            <slot slot="172">D0N5</slot>
            <slot slot="173">D0N5</slot>
            <slot slot="174">D0N5</slot>
            <slot slot="175">D0N5</slot>
            <slot slot="176">D0N5</slot>
            <slot slot="177">D0N5</slot>
            <slot slot="178">D0N5</slot>
            <slot slot="179">D0N5</slot>
            <slot slot="180">D0N5</slot>
            <slot slot="181">D0N5</slot>
            <slot slot="182">D0N5</slot>
            <slot slot="183">D0N5</slot>
            <slot slot="184">D0N5</slot>
            <slot slot="185">D0N5</slot>
            <slot slot="186">D0N5</slot>
            <slot slot="187">D0N5</slot>
            <slot slot="188">D0N5</slot>
            <slot slot="189">D0N5</slot>
            <slot slot="190">D0N5</slot>
            <slot slot="191">D0N5</slot>
            <slot slot="192">D0N5</slot>
            <slot slot="193">D0N5</slot>
            <slot slot="194">D0N5</slot>
            <slot slot="195">D0N5</slot>
            <slot slot="196">D0N5</slot>
            <slot slot="197">D0N5</slot>
            <slot slot="198">D0N5</slot>
            <slot slot="199">D0N5</slot>
            <slot slot="200">D0N29</slot>
            <slot slot="201">D0N29</slot>
            <slot slot="202">D0N29</slot>
            <slot slot="203">D0N29</slot>
            <slot slot="204">D0N29</slot>
            <slot slot="205">D0N29</slot>
            <slot slot="206">D0N29</slot>
            <slot slot="207">D0N29</slot>
            <slot slot="208">D0N29</slot>
            <slot slot="209">D0N29</slot>
            <slot slot="210">D0N29</slot>
            <slot slot="211">D0N29</slot>
            <slot slot="212">D0N29</slot>
            <slot slot="213">D0N29</slot>
            <slot slot="214">D0N29</slot>
            <slot slot="215">D0N29</slot>
            <slot slot="216">D0N29</slot>
            <slot slot="217">D0N29</slot>
            <slot slot="218">D0N29</slot>
            <slot slot="219">D0N29</slot>
            <slot slot="220">D0N29</slot>
            <slot slot="221">D0N29</slot>
            <slot slot="222">D0N29</slot>
            <slot slot="223">D0N29</slot>
            <slot slot="224">D0N29</slot>
            <slot slot="225">D0N29</slot>
            <slot slot="226">D0N29</slot>
            <slot slot="227">D0N29</slot>
            <slot slot="228">D0N29</slot>
            <slot slot="229">D0N29</slot>
            <slot slot="230">D0N17</slot>
            <slot slot="231">D0N17</slot>
            <slot slot="232">D0N17</slot>
            <slot slot="233">D0N17</slot>
            <slot slot="234">D0N17</slot>
            <slot slot="235">D0N17</slot>
            <slot slot="236">D0N17</slot>
            <slot slot="237">D0N17</slot>
            <slot slot="238">D0N17</slot>
            <slot slot="239">D0N17</slot>
            <slot slot="240">D0N17</slot>
            <slot slot="241">D0N17</slot>
            <slot slot="242">D0N17</slot>
            <slot slot="243">D0N17</slot>
            <slot slot="244">D0N17</slot>
            <slot slot="245">D0N17</slot>
            <slot slot="246">D0N17</slot>
            <slot slot="247">D0N17</slot>
            <slot slot="248">D0N17</slot>
            <slot slot="249">D0N17</slot>
            <slot slot="250">D0N17</slot>
            <slot slot="251">D0N17</slot>
            <slot slot="252">D0N17</slot>
            <slot slot="253">D0N17</slot>
            <slot slot="254">D0N17</slot>
            <slot slot="255">D0N17</slot>
            <slot slot="256">D0N17</slot>
            <slot slot="257">D0N17</slot>
            <slot slot="258">D0N17</slot>
            <slot slot="259">D0N17</slot>
            <slot slot="260">D0N17</slot>
            <slot slot="261">D0N17</slot>
            <slot slot="262">D0N17</slot>
            <slot slot="263">D0N17</slot>
            <slot slot="264">D0N17</slot>
            <slot slot="265">D0N17</slot>
            <slot slot="266">D0N17</slot>
            <slot slot="267">D0N17</slot>
            <slot slot="268">D0N17</slot>
            <slot slot="269">D0N17</slot>
            <slot slot="270">D0N17</slot>
            <slot slot="271">D0N17</slot>
            <slot slot="272">D0N17</slot>
            <slot slot="273">D0N17</slot>
            <slot slot="274">D0N17</slot>
            <slot slot="275">D0N17</slot>
            <slot slot="276">D0N17</slot>
            <slot slot="277">D0N17</slot>
            <slot slot="278">D0N17</slot>
            <slot slot="279">D0N17</slot>
            <slot slot="280">D0N19</slot>
            <slot slot="281">D0N19</slot>
            <slot slot="282">D0N19</slot>
            <slot slot="283">D0N19</slot>
            <slot slot="284">D0N19</slot>
            <slot slot="285">D0N19</slot>
            <slot slot="286">D0N19</slot>
            <slot slot="287">D0N19</slot>
            <slot slot="288">D0N19</slot>
            <slot slot="289">D0N19</slot>
            <slot slot="290">D0N20</slot>
            <slot slot="291">D0N20</slot>
            <slot slot="292">D0N20</slot>
            <slot slot="293">D0N20</slot>
            <slot slot="294">D0N20</slot>
            <slot slot="295">D0N20</slot>
            <slot slot="296">D0N20</slot>
            <slot slot="297">D0N20</slot>
            <slot slot="298">D0N20</slot>
            <slot slot="299">D0N20</slot>
            <slot slot="300">D0N24</slot>
            <slot slot="301">D0N24</slot>
            <slot slot="302">D0N24</slot>
            <slot slot="303">D0N24</slot>
            <slot slot="304">D0N24</slot>
            <slot slot="305">D0N24</slot>
            <slot slot="306">D0N24</slot>
            <slot slot="307">D0N24</slot>
            <slot slot="308">D0N24</slot>
            <slot slot="309">D0N24</slot>
            <slot slot="310">D0N8</slot>
            <slot slot="311">D0N8</slot>
            <slot slot="312">D0N8</slot>
            <slot slot="313">D0N8</slot>
            <slot slot="314">D0N8</slot>
            <slot slot="315">D0N8</slot>
            <slot slot="316">D0N8</slot>
            <slot slot="317">D0N8</slot>
            <slot slot="318">D0N8</slot>
            <slot slot="319">D0N8</slot>
            <slot slot="320">D0N8</slot>
            <slot slot="321">D0N8</slot>
            <slot slot="322">D0N8</slot>
            <slot slot="323">D0N8</slot>
            <slot slot="324">D0N8</slot>
            <slot slot="325">D0N8</slot>
            <slot slot="326">D0N8</slot>
            <slot slot="327">D0N8</slot>
            <slot slot="328">D0N8</slot>
            <slot slot="329">D0N8</slot>
            <slot slot="330">D0N8</slot>
            <slot slot="331">D0N8</slot>
            <slot slot="332">D0N8</slot>
            <slot slot="333">D0N8</slot>
            <slot slot="334">D0N8</slot>
            <slot slot="335">D0N8</slot>
            <slot slot="336">D0N8</slot>
            <slot slot="337">D0N8</slot>
            <slot slot="338">D0N8</slot>
            <slot slot="339">D0N8</slot>
            <slot slot="340">D0N8</slot>
            <slot slot="341">D0N8</slot>
            <slot slot="342">D0N8</slot>
            <slot slot="343">D0N8</slot>
            <slot slot="344">D0N8</slot>
            <slot slot="345">D0N8</slot>
            <slot slot="346">D0N8</slot>
            <slot slot="347">D0N8</slot>
            <slot slot="348">D0N8</slot>
            <slot slot="349">D0N8</slot>
            <slot slot="350">D0N37</slot>
            <slot slot="351">D0N37</slot>
            <slot slot="352">D0N37</slot>
            <slot slot="353">D0N37</slot>
            <slot slot="354">D0N37</slot>
            <slot slot="355">D0N37</slot>
            <slot slot="356">D0N37</slot>
            <slot slot="357">D0N37</slot>
            <slot slot="358">D0N37</slot>
            <slot slot="359">D0N37</slot>
            <slot slot="360">D0N37</slot>
            <slot slot="361">D0N37</slot>
            <slot slot="362">D0N37</slot>
            <slot slot="363">D0N37</slot>
            <slot slot="364">D0N37</slot>
            <slot slot="365">D0N37</slot>
            <slot slot="366">D0N37</slot>
            <slot slot="367">D0N37</slot>
            <slot slot="368">D0N37</slot>
            <slot slot="369">D0N37</slot>
            <slot slot="370">D0N32</slot>
            <slot slot="371">D0N32</slot>
            <slot slot="372">D0N32</slot>
            <slot slot="373">D0N32</slot>
            <slot slot="374">D0N32</slot>
            <slot slot="375">D0N32</slot>
            <slot slot="376">D0N32</slot>
            <slot slot="377">D0N32</slot>
            <slot slot="378">D0N32</slot>
            <slot slot="379">D0N32</slot>
            <slot slot="380">D0N28</slot>
            <slot slot="381">D0N28</slot>
            <slot slot="382">D0N28</slot>
            <slot slot="383">D0N28</slot>
            <slot slot="384">D0N28</slot>
            <slot slot="385">D0N28</slot>
            <slot slot="386">D0N28</slot>
            <slot slot="387">D0N28</slot>
            <slot slot="388">D0N28</slot>
            <slot slot="389">D0N28</slot>
            <slot slot="390">D0N28</slot>
            <slot slot="391">D0N28</slot>
            <slot slot="392">D0N28</slot>
            <slot slot="393">D0N28</slot>
            <slot slot="394">D0N28</slot>
            <slot slot="395">D0N28</slot>
            <slot slot="396">D0N28</slot>
            <slot slot="397">D0N28</slot>
            <slot slot="398">D0N28</slot>
            <slot slot="399">D0N28</slot>
            <slot slot="400">D0N39</slot>
            <slot slot="401">D0N39</slot>
            <slot slot="402">D0N39</slot>
            <slot slot="403">D0N39</slot>
            <slot slot="404">D0N39</slot>
            <slot slot="405">D0N39</slot>
            <slot slot="406">D0N39</slot>
            <slot slot="407">D0N39</slot>
            <slot slot="408">D0N39</slot>
            <slot slot="409">D0N39</slot>
            <slot slot="410">D0N39</slot>
            <slot slot="411">D0N39</slot>
            <slot slot="412">D0N39</slot>
            <slot slot="413">D0N39</slot>
            <slot slot="414">D0N39</slot>
            <slot slot="415">D0N39</slot>
            <slot slot="416">D0N39</slot>
            <slot slot="417">D0N39</slot>
            <slot slot="418">D0N39</slot>
            <slot slot="419">D0N39</slot>
            <slot slot="420">D0N39</slot>
            <slot slot="421">D0N39</slot>
            <slot slot="422">D0N39</slot>
            <slot slot="423">D0N39</slot>
            <slot slot="424">D0N39</slot>
            <slot slot="425">D0N39</slot>
            <slot slot="426">D0N39</slot>
            <slot slot="427">D0N39</slot>
            <slot slot="428">D0N39</slot>
            <slot slot="429">D0N39</slot>
            <slot slot="430">D0N39</slot>
            <slot slot="431">D0N39</slot>
            <slot slot="432">D0N39</slot>
            <slot slot="433">D0N39</slot>
            <slot slot="434">D0N39</slot>
            <slot slot="435">D0N39</slot>
            <slot slot="436">D0N39</slot>
            <slot slot="437">D0N39</slot>
            <slot slot="438">D0N39</slot>
            <slot slot="439">D0N39</slot>
            <slot slot="440">D0N39</slot>
            <slot slot="441">D0N39</slot>
            <slot slot="442">D0N39</slot>
            <slot slot="443">D0N39</slot>
            <slot slot="444">D0N39</slot>
            <slot slot="445">D0N39</slot>
            <slot slot="446">D0N39</slot>
            <slot slot="447">D0N39</slot>
            <slot slot="448">D0N39</slot>
            <slot slot="449">D0N39</slot>
            <slot slot="450">D0N39</slot>
            <slot slot="451">D0N39</slot>
            <slot slot="452">D0N39</slot>
            <slot slot="453">D0N39</slot>
            <slot slot="454">D0N39</slot>
            <slot slot="455">D0N39</slot>
            <slot slot="456">D0N39</slot>
            <slot slot="457">D0N39</slot>
            <slot slot="458">D0N39</slot>
            <slot slot="459">D0N39</slot>
            <slot slot="460">D0N42</slot>
            <slot slot="461">D0N42</slot>
            <slot slot="462">D0N42</slot>
            <slot slot="463">D0N42</slot>
            <slot slot="464">D0N42</slot>
            <slot slot="465">D0N42</slot>
            <slot slot="466">D0N42</slot>
            <slot slot="467">D0N42</slot>
            <slot slot="468">D0N42</slot>
            <slot slot="469">D0N42</slot>
            <slot slot="470">D0N42</slot>
            <slot slot="471">D0N42</slot>
            <slot slot="472">D0N42</slot>
            <slot slot="473">D0N42</slot>
            <slot slot="474">D0N42</slot>
            <slot slot="475">D0N42</slot>
            <slot slot="476">D0N42</slot>
            <slot slot="477">D0N42</slot>
            <slot slot="478">D0N42</slot>
            <slot slot="479">D0N42</slot>
            <slot slot="480">D0N42</slot>
            <slot slot="481">D0N42</slot>
            <slot slot="482">D0N42</slot>
            <slot slot="483">D0N42</slot>
            <slot slot="484">D0N42</slot>
            <slot slot="485">D0N42</slot>
            <slot slot="486">D0N42</slot>
            <slot slot="487">D0N42</slot>
            <slot slot="488">D0N42</slot>
            <slot slot="489">D0N42</slot>
            <slot slot="490">D0N48</slot>
            <slot slot="491">D0N48</slot>
            <slot slot="492">D0N48</slot>
            <slot slot="493">D0N48</slot>
            <slot slot="494">D0N48</slot>
            <slot slot="495">D0N48</slot>
            <slot slot="496">D0N48</slot>
            <slot slot="497">D0N48</slot>
            <slot slot="498">D0N48</slot>
            <slot slot="499">D0N48</slot>
            <slot slot="500">D0N48</slot>
            <slot slot="501">D0N48</slot>
            <slot slot="502">D0N48</slot>
            <slot slot="503">D0N48</slot>
            <slot slot="504">D0N48</slot>
            <slot slot="505">D0N48</slot>
            <slot slot="506">D0N48</slot>
            <slot slot="507">D0N48</slot>
            <slot slot="508">D0N48</slot>
            <slot slot="509">D0N48</slot>
            <slot slot="510">D0N31</slot>
            <slot slot="511">D0N31</slot>
            <slot slot="512">D0N31</slot>
            <slot slot="513">D0N31</slot>
            <slot slot="514">D0N31</slot>
            <slot slot="515">D0N31</slot>
            <slot slot="516">D0N31</slot>
            <slot slot="517">D0N31</slot>
            <slot slot="518">D0N31</slot>
            <slot slot="519">D0N31</slot>
            <slot slot="520">D0N31</slot>
            <slot slot="521">D0N31</slot>
            <slot slot="522">D0N31</slot>
            <slot slot="523">D0N31</slot>
            <slot slot="524">D0N31</slot>
            <slot slot="525">D0N31</slot>
            <slot slot="526">D0N31</slot>
            <slot slot="527">D0N31</slot>
            <slot slot="528">D0N31</slot>
            <slot slot="529">D0N31</slot>
            <slot slot="530">D0N31</slot>
            <slot slot="531">D0N31</slot>
            <slot slot="532">D0N31</slot>
            <slot slot="533">D0N31</slot>
            <slot slot="534">D0N31</slot>
            <slot slot="535">D0N31</slot>
            <slot slot="536">D0N31</slot>
            <slot slot="537">D0N31</slot>
            <slot slot="538">D0N31</slot>
            <slot slot="539">D0N31</slot>
            <slot slot="540">D0N31</slot>
            <slot slot="541">D0N31</slot>
            <slot slot="542">D0N31</slot>
            <slot slot="543">D0N31</slot>
            <slot slot="544">D0N31</slot>
            <slot slot="545">D0N31</slot>
            <slot slot="546">D0N31</slot>
            <slot slot="547">D0N31</slot>
            <slot slot="548">D0N31</slot>
            <slot slot="549">D0N31</slot>
            <slot slot="550">D0N45</slot>
            <slot slot="551">D0N45</slot>
            <slot slot="552">D0N45</slot>
            <slot slot="553">D0N45</slot>
            <slot slot="554">D0N45</slot>
            <slot slot="555">D0N45</slot>
            <slot slot="556">D0N45</slot>
            <slot slot="557">D0N45</slot>
            <slot slot="558">D0N45</slot>
            <slot slot="559">D0N45</slot>
            <slot slot="560">D0N45</slot>
            <slot slot="561">D0N45</slot>
            <slot slot="562">D0N45</slot>
            <slot slot="563">D0N45</slot>
            <slot slot="564">D0N45</slot>
            <slot slot="565">D0N45</slot>
            <slot slot="566">D0N45</slot>
            <slot slot="567">D0N45</slot>
            <slot slot="568">D0N45</slot>
            <slot slot="569">D0N45</slot>
            <slot slot="570">D0N45</slot>
            <slot slot="571">D0N45</slot>
            <slot slot="572">D0N45</slot>
            <slot slot="573">D0N45</slot>
            <slot slot="574">D0N45</slot>
            <slot slot="575">D0N45</slot>
            <slot slot="576">D0N45</slot>
            <slot slot="577">D0N45</slot>
            <slot slot="578">D0N45</slot>
            <slot slot="579">D0N45</slot>
            <slot slot="580">D0N47</slot>
            <slot slot="581">D0N47</slot>
            <slot slot="582">D0N47</slot>
            <slot slot="583">D0N47</slot>
            <slot slot="584">D0N47</slot>
            <slot slot="585">D0N47</slot>
            <slot slot="586">D0N47</slot>
            <slot slot="587">D0N47</slot>
            <slot slot="588">D0N47</slot>
            <slot slot="589">D0N47</slot>
            <slot slot="590">D0N34</slot>
            <slot slot="591">D0N34</slot>
            <slot slot="592">D0N34</slot>
            <slot slot="593">D0N34</slot>
            <slot slot="594">D0N34</slot>
            <slot slot="595">D0N34</slot>
            <slot slot="596">D0N34</slot>
            <slot slot="597">D0N34</slot>
            <slot slot="598">D0N34</slot>
            <slot slot="599">D0N34</slot>
            <slot slot="600">D0N40</slot>
            <slot slot="601">D0N40</slot>
            <slot slot="602">D0N40</slot>
            <slot slot="603">D0N40</slot>
            <slot slot="604">D0N40</slot>
            <slot slot="605">D0N40</slot>
            <slot slot="606">D0N40</slot>
            <slot slot="607">D0N40</slot>
            <slot slot="608">D0N40</slot>
            <slot slot="609">D0N40</slot>
            <slot slot="610">D0N44</slot>
            <slot slot="611">D0N44</slot>
            <slot slot="612">D0N44</slot>
            <slot slot="613">D0N44</slot>
            <slot slot="614">D0N44</slot>
            <slot slot="615">D0N44</slot>
            <slot slot="616">D0N44</slot>
            <slot slot="617">D0N44</slot>
            <slot slot="618">D0N44</slot>
            <slot slot="619">D0N44</slot>
            <slot slot="620">D0N49</slot>
            <slot slot="621">D0N49</slot>
            <slot slot="622">D0N49</slot>
            <slot slot="623">D0N49</slot>
            <slot slot="624">D0N49</slot>
            <slot slot="625">D0N49</slot>
            <slot slot="626">D0N49</slot>
            <slot slot="627">D0N49</slot>
            <slot slot="628">D0N49</slot>
            <slot slot="629">D0N49</slot>
            <slot slot="630">D0N49</slot>
            <slot slot="631">D0N49</slot>
            <slot slot="632">D0N49</slot>
            <slot slot="633">D0N49</slot>
            <slot slot="634">D0N49</slot>
            <slot slot="635">D0N49</slot>
            <slot slot="636">D0N49</slot>
            <slot slot="637">D0N49</slot>
            <slot slot="638">D0N49</slot>
            <slot slot="639">D0N49</slot>
            <slot slot="640">D0N49</slot>
            <slot slot="641">D0N49</slot>
            <slot slot="642">D0N49</slot>
            <slot slot="643">D0N49</slot>
            <slot slot="644">D0N49</slot>
            <slot slot="645">D0N49</slot>
            <slot slot="646">D0N49</slot>
            <slot slot="647">D0N49</slot>
            <slot slot="648">D0N49</slot>
            <slot slot="649">D0N49</slot>
            <slot slot="650">-</slot>
            <slot slot="651">-</slot>
            <slot slot="652">-</slot>
            <slot slot="653">-</slot>
            <slot slot="654">-</slot>
            <slot slot="655">-</slot>
            <slot slot="656">-</slot>
            <slot slot="657">-</slot>
            <slot slot="658">-</slot>
            <slot slot="659">-</slot>
            <slot slot="660">-</slot>
            <slot slot="661">-</slot>
            <slot slot="662">-</slot>
            <slot slot="663">-</slot>
            <slot slot="664">-</slot>
            <slot slot="665">-</slot>
            <slot slot="666">-</slot>
            <slot slot="667">-</slot>
            <slot slot="668">-</slot>
            <slot slot="669">-</slot>
            <slot slot="670">-</slot>
            <slot slot="671">-</slot>
            <slot slot="672">-</slot>
            <slot slot="673">-</slot>
            <slot slot="674">-</slot>
            <slot slot="675">-</slot>
            <slot slot="676">-</slot>
            <slot slot="677">-</slot>
            <slot slot="678">-</slot>
            <slot slot="679">-</slot>
            <slot slot="680">-</slot>
            <slot slot="681">-</slot>
            <slot slot="682">-</slot>
            <slot slot="683">-</slot>
            <slot slot="684">-</slot>
            <slot slot="685">-</slot>
            <slot slot="686">-</slot>
            <slot slot="687">-</slot>
            <slot slot="688">-</slot>
            <slot slot="689">-</slot>
            <slot slot="690">-</slot>
            <slot slot="691">-</slot>
            <slot slot="692">-</slot>
            <slot slot="693">-</slot>
            <slot slot="694">-</slot>
            <slot slot="695">-</slot>
            <slot slot="696">-</slot>
            <slot slot="697">-</slot>
            <slot slot="698">-</slot>
            <slot slot="699">-</slot>
            <slot slot="700">-</slot>
            <slot slot="701">-</slot>
            <slot slot="702">-</slot>
            <slot slot="703">-</slot>
            <slot slot="704">-</slot>
            <slot slot="705">-</slot>
            <slot slot="706">-</slot>
            <slot slot="707">-</slot>
            <slot slot="708">-</slot>
            <slot slot="709">-</slot>
            <slot slot="710">-</slot>
            <slot slot="711">-</slot>
            <slot slot="712">-</slot>
            <slot slot="713">-</slot>
            <slot slot="714">-</slot>
            <slot slot="715">-</slot>
            <slot slot="716">-</slot>
            <slot slot="717">-</slot>
            <slot slot="718">-</slot>
            <slot slot="719">-</slot>
            <slot slot="720">-</slot>
            <slot slot="721">-</slot>
            <slot slot="722">-</slot>
            <slot slot="723">-</slot>
            <slot slot="724">-</slot>
            <slot slot="725">-</slot>
            <slot slot="726">-</slot>
            <slot slot="727">-</slot>
            <slot slot="728">-</slot>
            <slot slot="729">-</slot>
            <slot slot="730">-</slot>
            <slot slot="731">-</slot>
            <slot slot="732">-</slot>
            <slot slot="733">-</slot>
            <slot slot="734">-</slot>
            <slot slot="735">-</slot>
            <slot slot="736">-</slot>
            <slot slot="737">-</slot>
            <slot slot="738">-</slot>
            <slot slot="739">-</slot>
            <slot slot="740">-</slot>
            <slot slot="741">-</slot>
            <slot slot="742">-</slot>
            <slot slot="743">-</slot>
            <slot slot="744">-</slot>
            <slot slot="745">-</slot>
            <slot slot="746">-</slot>
            <slot slot="747">-</slot>
            <slot slot="748">-</slot>
            <slot slot="749">-</slot>
            <slot slot="750">-</slot>
            <slot slot="751">-</slot>
            <slot slot="752">-</slot>
            <slot slot="753">-</slot>
            <slot slot="754">-</slot>
            <slot slot="755">-</slot>
            <slot slot="756">-</slot>
            <slot slot="757">-</slot>
            <slot slot="758">-</slot>
            <slot slot="759">-</slot>
            <slot slot="760">-</slot>
            <slot slot="761">-</slot>
            <slot slot="762">-</slot>
            <slot slot="763">-</slot>
            <slot slot="764">-</slot>
            <slot slot="765">-</slot>
            <slot slot="766">-</slot>
            <slot slot="767">-</slot>
            <slot slot="768">-</slot>
            <slot slot="769">-</slot>
            <slot slot="770">-</slot>
            <slot slot="771">-</slot>
            <slot slot="772">-</slot>
            <slot slot="773">-</slot>
            <slot slot="774">-</slot>
            <slot slot="775">-</slot>
            <slot slot="776">-</slot>
            <slot slot="777">-</slot>
            <slot slot="778">-</slot>
            <slot slot="779">-</slot>
            <slot slot="780">-</slot>
            <slot slot="781">-</slot>
            <slot slot="782">-</slot>
            <slot slot="783">-</slot>
            <slot slot="784">-</slot>
            <slot slot="785">-</slot>
            <slot slot="786">-</slot>
            <slot slot="787">-</slot>
            <slot slot="788">-</slot>
            <slot slot="789">-</slot>
            <slot slot="790">-</slot>
            <slot slot="791">-</slot>
            <slot slot="792">-</slot>
            <slot slot="793">-</slot>
            <slot slot="794">-</slot>
            <slot slot="795">-</slot>
            <slot slot="796">-</slot>
            <slot slot="797">-</slot>
            <slot slot="798">-</slot>
            <slot slot="799">-</slot>
            <slot slot="800">-</slot>
            <slot slot="801">-</slot>
            <slot slot="802">-</slot>
            <slot slot="803">-</slot>
            <slot slot="804">-</slot>
            <slot slot="805">-</slot>
            <slot slot="806">-</slot>
            <slot slot="807">-</slot>
            <slot slot="808">-</slot>
            <slot slot="809">-</slot>
            <slot slot="810">-</slot>
            <slot slot="811">-</slot>
            <slot slot="812">-</slot>
            <slot slot="813">-</slot>
            <slot slot="814">-</slot>
            <slot slot="815">-</slot>
            <slot slot="816">-</slot>
            <slot slot="817">-</slot>
            <slot slot="818">-</slot>
            <slot slot="819">-</slot>
            <slot slot="820">-</slot>
            <slot slot="821">-</slot>
            <slot slot="822">-</slot>
            <slot slot="823">-</slot>
            <slot slot="824">-</slot>
            <slot slot="825">-</slot>
            <slot slot="826">-</slot>
            <slot slot="827">-</slot>
            <slot slot="828">-</slot>
            <slot slot="829">-</slot>
            <slot slot="830">-</slot>
            <slot slot="831">-</slot>
            <slot slot="832">-</slot>
            <slot slot="833">-</slot>
            <slot slot="834">-</slot>
            <slot slot="835">-</slot>
            <slot slot="836">-</slot>
            <slot slot="837">-</slot>
            <slot slot="838">-</slot>
            <slot slot="839">-</slot>
            <slot slot="840">-</slot>
            <slot slot="841">-</slot>
            <slot slot="842">-</slot>
            <slot slot="843">-</slot>
            <slot slot="844">-</slot>
            <slot slot="845">-</slot>
            <slot slot="846">-</slot>
            <slot slot="847">-</slot>
            <slot slot="848">-</slot>
            <slot slot="849">-</slot>
            <slot slot="850">-</slot>
            <slot slot="851">-</slot>
            <slot slot="852">-</slot>
            <slot slot="853">-</slot>
            <slot slot="854">-</slot>
            <slot slot="855">-</slot>
            <slot slot="856">-</slot>
            <slot slot="857">-</slot>
            <slot slot="858">-</slot>
            <slot slot="859">-</slot>
            <slot slot="860">-</slot>
            <slot slot="861">-</slot>
            <slot slot="862">-</slot>
            <slot slot="863">-</slot>
            <slot slot="864">-</slot>
            <slot slot="865">-</slot>
            <slot slot="866">-</slot>
            <slot slot="867">-</slot>
            <slot slot="868">-</slot>
            <slot slot="869">-</slot>
            <slot slot="870">-</slot>
            <slot slot="871">-</slot>
            <slot slot="872">-</slot>
            <slot slot="873">-</slot>
            <slot slot="874">-</slot>
            <slot slot="875">-</slot>
            <slot slot="876">-</slot>
            <slot slot="877">-</slot>
            <slot slot="878">-</slot>
            <slot slot="879">-</slot>
            <slot slot="880">-</slot>
            <slot slot="881">-</slot>
            <slot slot="882">-</slot>
            <slot slot="883">-</slot>
            <slot slot="884">-</slot>
            <slot slot="885">-</slot>
            <slot slot="886">-</slot>
            <slot slot="887">-</slot>
            <slot slot="888">-</slot>
            <slot slot="889">-</slot>
            <slot slot="890">-</slot>
            <slot slot="891">-</slot>
            <slot slot="892">-</slot>
            <slot slot="893">-</slot>
            <slot slot="894">-</slot>
            <slot slot="895">-</slot>
            <slot slot="896">-</slot>
            <slot slot="897">-</slot>
            <slot slot="898">-</slot>
            <slot slot="899">-</slot>
            <slot slot="900">-</slot>
            <slot slot="901">-</slot>
            <slot slot="902">-</slot>
            <slot slot="903">-</slot>
            <slot slot="904">-</slot>
            <slot slot="905">-</slot>
            <slot slot="906">-</slot>
            <slot slot="907">-</slot>
            <slot slot="908">-</slot>
            <slot slot="909">-</slot>
            <slot slot="910">-</slot>
            <slot slot="911">-</slot>
            <slot slot="912">-</slot>
            <slot slot="913">-</slot>
            <slot slot="914">-</slot>
            <slot slot="915">-</slot>
            <slot slot="916">-</slot>
            <slot slot="917">-</slot>
            <slot slot="918">-</slot>
            <slot slot="919">-</slot>
            <slot slot="920">-</slot>
            <slot slot="921">-</slot>
            <slot slot="922">-</slot>
            <slot slot="923">-</slot>
            <slot slot="924">-</slot>
            <slot slot="925">-</slot>
            <slot slot="926">-</slot>
            <slot slot="927">-</slot>
            <slot slot="928">-</slot>
            <slot slot="929">-</slot>
            <slot slot="930">-</slot>
            <slot slot="931">-</slot>
            <slot slot="932">-</slot>
            <slot slot="933">-</slot>
            <slot slot="934">-</slot>
            <slot slot="935">-</slot>
            <slot slot="936">-</slot>
            <slot slot="937">-</slot>
            <slot slot="938">-</slot>
            <slot slot="939">-</slot>
            <slot slot="940">-</slot>
            <slot slot="941">-</slot>
            <slot slot="942">-</slot>
            <slot slot="943">-</slot>
            <slot slot="944">-</slot>
            <slot slot="945">-</slot>
            <slot slot="946">-</slot>
            <slot slot="947">-</slot>
            <slot slot="948">-</slot>
            <slot slot="949">-</slot>
            <slot slot="950">-</slot>
            <slot slot="951">-</slot>
            <slot slot="952">-</slot>
            <slot slot="953">-</slot>
            <slot slot="954">-</slot>
            <slot slot="955">-</slot>
            <slot slot="956">-</slot>
            <slot slot="957">-</slot>
            <slot slot="958">-</slot>
            <slot slot="959">-</slot>
            <slot slot="960">-</slot>
            <slot slot="961">-</slot>
            <slot slot="962">-</slot>
            <slot slot="963">-</slot>
            <slot slot="964">-</slot>
            <slot slot="965">-</slot>
            <slot slot="966">-</slot>
            <slot slot="967">-</slot>
            <slot slot="968">-</slot>
            <slot slot="969">-</slot>
            <slot slot="970">-</slot>
            <slot slot="971">-</slot>
            <slot slot="972">-</slot>
            <slot slot="973">-</slot>
            <slot slot="974">-</slot>
            <slot slot="975">-</slot>
            <slot slot="976">-</slot>
            <slot slot="977">-</slot>
            <slot slot="978">-</slot>
            <slot slot="979">-</slot>
            <slot slot="980">-</slot>
            <slot slot="981">-</slot>
            <slot slot="982">-</slot>
            <slot slot="983">-</slot>
            <slot slot="984">-</slot>
            <slot slot="985">-</slot>
            <slot slot="986">-</slot>
            <slot slot="987">-</slot>
            <slot slot="988">-</slot>
            <slot slot="989">-</slot>
            <slot slot="990">-</slot>
            <slot slot="991">-</slot>
            <slot slot="992">-</slot>
            <slot slot="993">-</slot>
            <slot slot="994">-</slot>
            <slot slot="995">-</slot>
            <slot slot="996">-</slot>
            <slot slot="997">-</slot>
            <slot slot="998">-</slot>
            <slot slot="999">-</slot>
            <slot slot="1000">-</slot>
            <slot slot="1001">-</slot>
            <slot slot="1002">-</slot>
            <slot slot="1003">-</slot>
            <slot slot="1004">-</slot>
            <slot slot="1005">-</slot>
            <slot slot="1006">-</slot>
            <slot slot="1007">-</slot>
            <slot slot="1008">-</slot>
            <slot slot="1009">-</slot>
            <slot slot="1010">-</slot>
            <slot slot="1011">-</slot>
            <slot slot="1012">-</slot>
            <slot slot="1013">-</slot>
            <slot slot="1014">-</slot>
            <slot slot="1015">-</slot>
            <slot slot="1016">-</slot>
            <slot slot="1017">-</slot>
            <slot slot="1018">-</slot>
            <slot slot="1019">-</slot>
            <slot slot="1020">-</slot>
            <slot slot="1021">-</slot>
            <slot slot="1022">-</slot>
            <slot slot="1023">-</slot>
            <slot slot="1024">-</slot>
            <slot slot="1025">-</slot>
            <slot slot="1026">-</slot>
            <slot slot="1027">-</slot>
            <slot slot="1028">-</slot>
            <slot slot="1029">-</slot>
            <slot slot="1030">-</slot>
            <slot slot="1031">-</slot>
            <slot slot="1032">-</slot>
            <slot slot="1033">-</slot>
            <slot slot="1034">-</slot>
            <slot slot="1035">-</slot>
            <slot slot="1036">-</slot>
            <slot slot="1037">-</slot>
            <slot slot="1038">-</slot>
            <slot slot="1039">-</slot>
            <slot slot="1040">-</slot>
            <slot slot="1041">-</slot>
            <slot slot="1042">-</slot>
            <slot slot="1043">-</slot>
            <slot slot="1044">-</slot>
            <slot slot="1045">-</slot>
            <slot slot="1046">-</slot>
            <slot slot="1047">-</slot>
            <slot slot="1048">-</slot>
            <slot slot="1049">-</slot>
            <slot slot="1050">-</slot>
            <slot slot="1051">-</slot>
            <slot slot="1052">-</slot>
            <slot slot="1053">-</slot>
            <slot slot="1054">-</slot>
            <slot slot="1055">-</slot>
            <slot slot="1056">-</slot>
            <slot slot="1057">-</slot>
            <slot slot="1058">-</slot>
            <slot slot="1059">-</slot>
            <slot slot="1060">-</slot>
            <slot slot="1061">-</slot>
            <slot slot="1062">-</slot>
            <slot slot="1063">-</slot>
            <slot slot="1064">-</slot>
            <slot slot="1065">-</slot>
            <slot slot="1066">-</slot>
            <slot slot="1067">-</slot>
            <slot slot="1068">-</slot>
            <slot slot="1069">-</slot>
            <slot slot="1070">-</slot>
            <slot slot="1071">-</slot>
            <slot slot="1072">-</slot>
            <slot slot="1073">-</slot>
            <slot slot="1074">-</slot>
            <slot slot="1075">-</slot>
            <slot slot="1076">-</slot>
            <slot slot="1077">-</slot>
            <slot slot="1078">-</slot>
            <slot slot="1079">-</slot>
            <slot slot="1080">-</slot>
            <slot slot="1081">-</slot>
            <slot slot="1082">-</slot>
            <slot slot="1083">-</slot>
            <slot slot="1084">-</slot>
            <slot slot="1085">-</slot>
            <slot slot="1086">-</slot>
            <slot slot="1087">-</slot>
            <slot slot="1088">-</slot>
            <slot slot="1089">-</slot>
            <slot slot="1090">-</slot>
            <slot slot="1091">-</slot>
            <slot slot="1092">-</slot>
            <slot slot="1093">-</slot>
            <slot slot="1094">-</slot>
            <slot slot="1095">-</slot>
            <slot slot="1096">-</slot>
            <slot slot="1097">-</slot>
            <slot slot="1098">-</slot>
            <slot slot="1099">-</slot>
            <slot slot="1100">-</slot>
            <slot slot="1101">-</slot>
            <slot slot="1102">-</slot>
            <slot slot="1103">-</slot>
            <slot slot="1104">-</slot>
            <slot slot="1105">-</slot>
            <slot slot="1106">-</slot>
            <slot slot="1107">-</slot>
            <slot slot="1108">-</slot>
            <slot slot="1109">-</slot>
            <slot slot="1110">-</slot>
            <slot slot="1111">-</slot>
            <slot slot="1112">-</slot>
            <slot slot="1113">-</slot>
            <slot slot="1114">-</slot>
            <slot slot="1115">-</slot>
            <slot slot="1116">-</slot>
            <slot slot="1117">-</slot>
            <slot slot="1118">-</slot>
            <slot slot="1119">-</slot>
            <slot slot="1120">-</slot>
            <slot slot="1121">-</slot>
            <slot slot="1122">-</slot>
            <slot slot="1123">-</slot>
            <slot slot="1124">-</slot>
            <slot slot="1125">-</slot>
            <slot slot="1126">-</slot>
            <slot slot="1127">-</slot>
            <slot slot="1128">-</slot>
            <slot slot="1129">-</slot>
            <slot slot="1130">-</slot>
            <slot slot="1131">-</slot>
            <slot slot="1132">-</slot>
            <slot slot="1133">-</slot>
            <slot slot="1134">-</slot>
            <slot slot="1135">-</slot>
            <slot slot="1136">-</slot>
            <slot slot="1137">-</slot>
            <slot slot="1138">-</slot>
            <slot slot="1139">-</slot>
            <slot slot="1140">-</slot>
            <slot slot="1141">-</slot>
            <slot slot="1142">-</slot>
            <slot slot="1143">-</slot>
            <slot slot="1144">-</slot>
            <slot slot="1145">-</slot>
            <slot slot="1146">-</slot>
            <slot slot="1147">-</slot>
            <slot slot="1148">-</slot>
            <slot slot="1149">-</slot>
            <slot slot="1150">-</slot>
            <slot slot="1151">-</slot>
            <slot slot="1152">-</slot>
            <slot slot="1153">-</slot>
            <slot slot="1154">-</slot>
            <slot slot="1155">-</slot>
            <slot slot="1156">-</slot>
            <slot slot="1157">-</slot>
            <slot slot="1158">-</slot>
            <slot slot="1159">-</slot>
            <slot slot="1160">-</slot>
            <slot slot="1161">-</slot>
            <slot slot="1162">-</slot>
            <slot slot="1163">-</slot>
            <slot slot="1164">-</slot>
            <slot slot="1165">-</slot>
            <slot slot="1166">-</slot>
            <slot slot="1167">-</slot>
            <slot slot="1168">-</slot>
            <slot slot="1169">-</slot>
            <slot slot="1170">-</slot>
            <slot slot="1171">-</slot>
            <slot slot="1172">-</slot>
            <slot slot="1173">-</slot>
            <slot slot="1174">-</slot>
            <slot slot="1175">-</slot>
            <slot slot="1176">-</slot>
            <slot slot="1177">-</slot>
            <slot slot="1178">-</slot>
            <slot slot="1179">-</slot>
            <slot slot="1180">-</slot>
            <slot slot="1181">-</slot>
            <slot slot="1182">-</slot>
            <slot slot="1183">-</slot>
            <slot slot="1184">-</slot>
            <slot slot="1185">-</slot>
            <slot slot="1186">-</slot>
            <slot slot="1187">-</slot>
            <slot slot="1188">-</slot>
            <slot slot="1189">-</slot>
            <slot slot="1190">-</slot>
            <slot slot="1191">-</slot>
            <slot slot="1192">-</slot>
            <slot slot="1193">-</slot>
            <slot slot="1194">-</slot>
            <slot slot="1195">-</slot>
            <slot slot="1196">-</slot>
            <slot slot="1197">-</slot>
            <slot slot="1198">-</slot>
            <slot slot="1199">-</slot>
            <slot slot="1200">-</slot>
            <slot slot="1201">-</slot>
            <slot slot="1202">-</slot>
            <slot slot="1203">-</slot>
            <slot slot="1204">-</slot>
            <slot slot="1205">-</slot>
            <slot slot="1206">-</slot>
            <slot slot="1207">-</slot>
            <slot slot="1208">-</slot>
            <slot slot="1209">-</slot>
            <slot slot="1210">-</slot>
            <slot slot="1211">-</slot>
            <slot slot="1212">-</slot>
            <slot slot="1213">-</slot>
            <slot slot="1214">-</slot>
            <slot slot="1215">-</slot>
            <slot slot="1216">-</slot>
            <slot slot="1217">-</slot>
            <slot slot="1218">-</slot>
            <slot slot="1219">-</slot>
            <slot slot="1220">-</slot>
            <slot slot="1221">-</slot>
            <slot slot="1222">-</slot>
            <slot slot="1223">-</slot>
            <slot slot="1224">-</slot>
            <slot slot="1225">-</slot>
            <slot slot="1226">-</slot>
            <slot slot="1227">-</slot>
            <slot slot="1228">-</slot>
            <slot slot="1229">-</slot>
            <slot slot="1230">-</slot>
            <slot slot="1231">-</slot>
            <slot slot="1232">-</slot>
            <slot slot="1233">-</slot>
            <slot slot="1234">-</slot>
            <slot slot="1235">-</slot>
            <slot slot="1236">-</slot>
            <slot slot="1237">-</slot>
            <slot slot="1238">-</slot>
            <slot slot="1239">-</slot>
            <slot slot="1240">-</slot>
            <slot slot="1241">-</slot>
            <slot slot="1242">-</slot>
            <slot slot="1243">-</slot>
            <slot slot="1244">-</slot>
            <slot slot="1245">-</slot>
            <slot slot="1246">-</slot>
            <slot slot="1247">-</slot>
            <slot slot="1248">-</slot>
            <slot slot="1249">-</slot>
            <slot slot="1250">-</slot>
            <slot slot="1251">-</slot>
            <slot slot="1252">-</slot>
            <slot slot="1253">-</slot>
            <slot slot="1254">-</slot>
            <slot slot="1255">-</slot>
            <slot slot="1256">-</slot>
            <slot slot="1257">-</slot>
            <slot slot="1258">-</slot>
            <slot slot="1259">-</slot>
            <slot slot="1260">-</slot>
            <slot slot="1261">-</slot>
            <slot slot="1262">-</slot>
            <slot slot="1263">-</slot>
            <slot slot="1264">-</slot>
            <slot slot="1265">-</slot>
            <slot slot="1266">-</slot>
            <slot slot="1267">-</slot>
            <slot slot="1268">-</slot>
            <slot slot="1269">-</slot>
            <slot slot="1270">-</slot>
            <slot slot="1271">-</slot>
            <slot slot="1272">-</slot>
            <slot slot="1273">-</slot>
            <slot slot="1274">-</slot>
            <slot slot="1275">-</slot>
            <slot slot="1276">-</slot>
            <slot slot="1277">-</slot>
            <slot slot="1278">-</slot>
            <slot slot="1279">-</slot>
            <slot slot="1280">-</slot>
            <slot slot="1281">-</slot>
            <slot slot="1282">-</slot>
            <slot slot="1283">-</slot>
            <slot slot="1284">-</slot>
            <slot slot="1285">-</slot>
            <slot slot="1286">-</slot>
            <slot slot="1287">-</slot>
            <slot slot="1288">-</slot>
            <slot slot="1289">-</slot>
            <slot slot="1290">-</slot>
            <slot slot="1291">-</slot>
            <slot slot="1292">-</slot>
            <slot slot="1293">-</slot>
            <slot slot="1294">-</slot>
            <slot slot="1295">-</slot>
            <slot slot="1296">-</slot>
            <slot slot="1297">-</slot>
            <slot slot="1298">-</slot>
            <slot slot="1299">-</slot>
            <slot slot="1300">-</slot>
            <slot slot="1301">-</slot>
            <slot slot="1302">-</slot>
            <slot slot="1303">-</slot>
            <slot slot="1304">-</slot>
            <slot slot="1305">-</slot>
            <slot slot="1306">-</slot>
            <slot slot="1307">-</slot>
            <slot slot="1308">-</slot>
            <slot slot="1309">-</slot>
            <slot slot="1310">-</slot>
            <slot slot="1311">-</slot>
            <slot slot="1312">-</slot>
            <slot slot="1313">-</slot>
            <slot slot="1314">-</slot>
            <slot slot="1315">-</slot>
            <slot slot="1316">-</slot>
            <slot slot="1317">-</slot>
            <slot slot="1318">-</slot>
            <slot slot="1319">-</slot>
            <slot slot="1320">-</slot>
            <slot slot="1321">-</slot>
            <slot slot="1322">-</slot>
            <slot slot="1323">-</slot>
            <slot slot="1324">-</slot>
            <slot slot="1325">-</slot>
            <slot slot="1326">-</slot>
            <slot slot="1327">-</slot>
            <slot slot="1328">-</slot>
            <slot slot="1329">-</slot>
            <slot slot="1330">-</slot>
            <slot slot="1331">-</slot>
            <slot slot="1332">-</slot>
            <slot slot="1333">-</slot>
            <slot slot="1334">-</slot>
            <slot slot="1335">-</slot>
            <slot slot="1336">-</slot>
            <slot slot="1337">-</slot>
            <slot slot="1338">-</slot>
            <slot slot="1339">-</slot>
            <slot slot="1340">-</slot>
            <slot slot="1341">-</slot>
            <slot slot="1342">-</slot>
            <slot slot="1343">-</slot>
            <slot slot="1344">-</slot>
            <slot slot="1345">-</slot>
            <slot slot="1346">-</slot>
            <slot slot="1347">-</slot>
            <slot slot="1348">-</slot>
            <slot slot="1349">-</slot>
            <slot slot="1350">-</slot>
            <slot slot="1351">-</slot>
            <slot slot="1352">-</slot>
            <slot slot="1353">-</slot>
            <slot slot="1354">-</slot>
            <slot slot="1355">-</slot>
            <slot slot="1356">-</slot>
            <slot slot="1357">-</slot>
            <slot slot="1358">-</slot>
            <slot slot="1359">-</slot>
            <slot slot="1360">-</slot>
            <slot slot="1361">-</slot>
            <slot slot="1362">-</slot>
            <slot slot="1363">-</slot>
            <slot slot="1364">-</slot>
            <slot slot="1365">-</slot>
            <slot slot="1366">-</slot>
            <slot slot="1367">-</slot>
            <slot slot="1368">-</slot>
            <slot slot="1369">-</slot>
            <slot slot="1370">-</slot>
            <slot slot="1371">-</slot>
            <slot slot="1372">-</slot>
            <slot slot="1373">-</slot>
            <slot slot="1374">-</slot>
            <slot slot="1375">-</slot>
            <slot slot="1376">-</slot>
            <slot slot="1377">-</slot>
            <slot slot="1378">-</slot>
            <slot slot="1379">-</slot>
            <slot slot="1380">-</slot>
            <slot slot="1381">-</slot>
            <slot slot="1382">-</slot>
            <slot slot="1383">-</slot>
            <slot slot="1384">-</slot>
            <slot slot="1385">-</slot>
            <slot slot="1386">-</slot>
            <slot slot="1387">-</slot>
            <slot slot="1388">-</slot>
            <slot slot="1389">-</slot>
            <slot slot="1390">-</slot>
            <slot slot="1391">-</slot>
            <slot slot="1392">-</slot>
            <slot slot="1393">-</slot>
            <slot slot="1394">-</slot>
            <slot slot="1395">-</slot>
            <slot slot="1396">-</slot>
            <slot slot="1397">-</slot>
            <slot slot="1398">-</slot>
            <slot slot="1399">-</slot>
            <slot slot="1400">-</slot>
            <slot slot="1401">-</slot>
            <slot slot="1402">-</slot>
            <slot slot="1403">-</slot>
            <slot slot="1404">-</slot>
            <slot slot="1405">-</slot>
            <slot slot="1406">-</slot>
            <slot slot="1407">-</slot>
            <slot slot="1408">-</slot>
            <slot slot="1409">-</slot>
            <slot slot="1410">-</slot>
            <slot slot="1411">-</slot>
            <slot slot="1412">-</slot>
            <slot slot="1413">-</slot>
            <slot slot="1414">-</slot>
            <slot slot="1415">-</slot>
            <slot slot="1416">-</slot>
            <slot slot="1417">-</slot>
            <slot slot="1418">-</slot>
            <slot slot="1419">-</slot>
            <slot slot="1420">-</slot>
            <slot slot="1421">-</slot>
            <slot slot="1422">-</slot>
            <slot slot="1423">-</slot>
            <slot slot="1424">-</slot>
            <slot slot="1425">-</slot>
            <slot slot="1426">-</slot>
            <slot slot="1427">-</slot>
            <slot slot="1428">-</slot>
            <slot slot="1429">-</slot>
            <slot slot="1430">-</slot>
            <slot slot="1431">-</slot>
            <slot slot="1432">-</slot>
            <slot slot="1433">-</slot>
            <slot slot="1434">-</slot>
            <slot slot="1435">-</slot>
            <slot slot="1436">-</slot>
            <slot slot="1437">-</slot>
            <slot slot="1438">-</slot>
            <slot slot="1439">-</slot>
            <slot slot="1440">-</slot>
            <slot slot="1441">-</slot>
            <slot slot="1442">-</slot>
            <slot slot="1443">-</slot>
            <slot slot="1444">-</slot>
            <slot slot="1445">-</slot>
            <slot slot="1446">-</slot>
            <slot slot="1447">-</slot>
            <slot slot="1448">-</slot>
            <slot slot="1449">-</slot>
            <slot slot="1450">-</slot>
            <slot slot="1451">-</slot>
            <slot slot="1452">-</slot>
            <slot slot="1453">-</slot>
            <slot slot="1454">-</slot>
            <slot slot="1455">-</slot>
            <slot slot="1456">-</slot>
            <slot slot="1457">-</slot>
            <slot slot="1458">-</slot>
            <slot slot="1459">-</slot>
            <slot slot="1460">-</slot>
            <slot slot="1461">-</slot>
            <slot slot="1462">-</slot>
            <slot slot="1463">-</slot>
            <slot slot="1464">-</slot>
            <slot slot="1465">-</slot>
            <slot slot="1466">-</slot>
            <slot slot="1467">-</slot>
            <slot slot="1468">-</slot>
            <slot slot="1469">-</slot>
            <slot slot="1470">-</slot>
            <slot slot="1471">-</slot>
            <slot slot="1472">-</slot>
            <slot slot="1473">-</slot>
            <slot slot="1474">-</slot>
            <slot slot="1475">-</slot>
            <slot slot="1476">-</slot>
            <slot slot="1477">-</slot>
            <slot slot="1478">-</slot>
            <slot slot="1479">-</slot>
            <slot slot="1480">-</slot>
            <slot slot="1481">-</slot>
            <slot slot="1482">-</slot>
            <slot slot="1483">-</slot>
            <slot slot="1484">-</slot>
            <slot slot="1485">-</slot>
            <slot slot="1486">-</slot>
            <slot slot="1487">-</slot>
            <slot slot="1488">-</slot>
            <slot slot="1489">-</slot>
            <slot slot="1490">-</slot>
            <slot slot="1491">-</slot>
            <slot slot="1492">-</slot>
            <slot slot="1493">-</slot>
            <slot slot="1494">-</slot>
            <slot slot="1495">-</slot>
            <slot slot="1496">-</slot>
            <slot slot="1497">-</slot>
            <slot slot="1498">-</slot>
            <slot slot="1499">-</slot>
            <slot slot="1500">-</slot>
            <slot slot="1501">-</slot>
            <slot slot="1502">-</slot>
            <slot slot="1503">-</slot>
            <slot slot="1504">-</slot>
            <slot slot="1505">-</slot>
            <slot slot="1506">-</slot>
            <slot slot="1507">-</slot>
            <slot slot="1508">-</slot>
            <slot slot="1509">-</slot>
            <slot slot="1510">-</slot>
            <slot slot="1511">-</slot>
            <slot slot="1512">-</slot>
            <slot slot="1513">-</slot>
            <slot slot="1514">-</slot>
            <slot slot="1515">-</slot>
            <slot slot="1516">-</slot>
            <slot slot="1517">-</slot>
            <slot slot="1518">-</slot>
            <slot slot="1519">-</slot>
            <slot slot="1520">-</slot>
            <slot slot="1521">-</slot>
            <slot slot="1522">-</slot>
            <slot slot="1523">-</slot>
            <slot slot="1524">-</slot>
            <slot slot="1525">-</slot>
            <slot slot="1526">-</slot>
            <slot slot="1527">-</slot>
            <slot slot="1528">-</slot>
            <slot slot="1529">-</slot>
            <slot slot="1530">-</slot>
            <slot slot="1531">-</slot>
            <slot slot="1532">-</slot>
            <slot slot="1533">-</slot>
            <slot slot="1534">-</slot>
            <slot slot="1535">-</slot>
            <slot slot="1536">-</slot>
            <slot slot="1537">-</slot>
            <slot slot="1538">-</slot>
            <slot slot="1539">-</slot>
            <slot slot="1540">-</slot>
            <slot slot="1541">-</slot>
            <slot slot="1542">-</slot>
            <slot slot="1543">-</slot>
            <slot slot="1544">-</slot>
            <slot slot="1545">-</slot>
            <slot slot="1546">-</slot>
            <slot slot="1547">-</slot>
            <slot slot="1548">-</slot>
            <slot slot="1549">-</slot>
            <slot slot="1550">-</slot>
            <slot slot="1551">-</slot>
            <slot slot="1552">-</slot>
            <slot slot="1553">-</slot>
            <slot slot="1554">-</slot>
            <slot slot="1555">-</slot>
            <slot slot="1556">-</slot>
            <slot slot="1557">-</slot>
            <slot slot="1558">-</slot>
            <slot slot="1559">-</slot>
            <slot slot="1560">-</slot>
            <slot slot="1561">-</slot>
            <slot slot="1562">-</slot>
            <slot slot="1563">-</slot>
            <slot slot="1564">-</slot>
            <slot slot="1565">-</slot>
            <slot slot="1566">-</slot>
            <slot slot="1567">-</slot>
            <slot slot="1568">-</slot>
            <slot slot="1569">-</slot>
            <slot slot="1570">-</slot>
            <slot slot="1571">-</slot>
            <slot slot="1572">-</slot>
            <slot slot="1573">-</slot>
            <slot slot="1574">-</slot>
            <slot slot="1575">-</slot>
            <slot slot="1576">-</slot>
            <slot slot="1577">-</slot>
            <slot slot="1578">-</slot>
            <slot slot="1579">-</slot>
            <slot slot="1580">-</slot>
            <slot slot="1581">-</slot>
            <slot slot="1582">-</slot>
            <slot slot="1583">-</slot>
            <slot slot="1584">-</slot>
            <slot slot="1585">-</slot>
            <slot slot="1586">-</slot>
            <slot slot="1587">-</slot>
            <slot slot="1588">-</slot>
            <slot slot="1589">-</slot>
            <slot slot="1590">-</slot>
            <slot slot="1591">-</slot>
            <slot slot="1592">-</slot>
            <slot slot="1593">-</slot>
            <slot slot="1594">-</slot>
            <slot slot="1595">-</slot>
            <slot slot="1596">-</slot>
            <slot slot="1597">-</slot>
            <slot slot="1598">-</slot>
            <slot slot="1599">-</slot>
            <slot slot="1600">-</slot>
            <slot slot="1601">-</slot>
            <slot slot="1602">-</slot>
            <slot slot="1603">-</slot>
            <slot slot="1604">-</slot>
            <slot slot="1605">-</slot>
            <slot slot="1606">-</slot>
            <slot slot="1607">-</slot>
            <slot slot="1608">-</slot>
            <slot slot="1609">-</slot>
            <slot slot="1610">-</slot>
            <slot slot="1611">-</slot>
            <slot slot="1612">-</slot>
            <slot slot="1613">-</slot>
            <slot slot="1614">-</slot>
            <slot slot="1615">-</slot>
            <slot slot="1616">-</slot>
            <slot slot="1617">-</slot>
            <slot slot="1618">-</slot>
            <slot slot="1619">-</slot>
            <slot slot="1620">-</slot>
            <slot slot="1621">-</slot>
            <slot slot="1622">-</slot>
            <slot slot="1623">-</slot>
            <slot slot="1624">-</slot>
            <slot slot="1625">-</slot>
            <slot slot="1626">-</slot>
            <slot slot="1627">-</slot>
            <slot slot="1628">-</slot>
            <slot slot="1629">-</slot>
            <slot slot="1630">-</slot>
            <slot slot="1631">-</slot>
            <slot slot="1632">-</slot>
            <slot slot="1633">-</slot>
            <slot slot="1634">-</slot>
            <slot slot="1635">-</slot>
            <slot slot="1636">-</slot>
            <slot slot="1637">-</slot>
            <slot slot="1638">-</slot>
            <slot slot="1639">-</slot>
            <slot slot="1640">-</slot>
            <slot slot="1641">-</slot>
            <slot slot="1642">-</slot>
            <slot slot="1643">-</slot>
            <slot slot="1644">-</slot>
            <slot slot="1645">-</slot>
            <slot slot="1646">-</slot>
            <slot slot="1647">-</slot>
            <slot slot="1648">-</slot>
            <slot slot="1649">-</slot>
            <slot slot="1650">-</slot>
            <slot slot="1651">-</slot>
            <slot slot="1652">-</slot>
            <slot slot="1653">-</slot>
            <slot slot="1654">-</slot>
            <slot slot="1655">-</slot>
            <slot slot="1656">-</slot>
            <slot slot="1657">-</slot>
            <slot slot="1658">-</slot>
            <slot slot="1659">-</slot>
            <slot slot="1660">-</slot>
            <slot slot="1661">-</slot>
            <slot slot="1662">-</slot>
            <slot slot="1663">-</slot>
            <slot slot="1664">-</slot>
            <slot slot="1665">-</slot>
            <slot slot="1666">-</slot>
            <slot slot="1667">-</slot>
            <slot slot="1668">-</slot>
            <slot slot="1669">-</slot>
            <slot slot="1670">-</slot>
            <slot slot="1671">-</slot>
            <slot slot="1672">-</slot>
            <slot slot="1673">-</slot>
            <slot slot="1674">-</slot>
            <slot slot="1675">-</slot>
            <slot slot="1676">-</slot>
            <slot slot="1677">-</slot>
            <slot slot="1678">-</slot>
            <slot slot="1679">-</slot>
            <slot slot="1680">-</slot>
            <slot slot="1681">-</slot>
            <slot slot="1682">-</slot>
            <slot slot="1683">-</slot>
            <slot slot="1684">-</slot>
            <slot slot="1685">-</slot>
            <slot slot="1686">-</slot>
            <slot slot="1687">-</slot>
            <slot slot="1688">-</slot>
            <slot slot="1689">-</slot>
            <slot slot="1690">-</slot>
            <slot slot="1691">-</slot>
            <slot slot="1692">-</slot>
            <slot slot="1693">-</slot>
            <slot slot="1694">-</slot>
            <slot slot="1695">-</slot>
            <slot slot="1696">-</slot>
            <slot slot="1697">-</slot>
            <slot slot="1698">-</slot>
            <slot slot="1699">-</slot>
            <slot slot="1700">-</slot>
            <slot slot="1701">-</slot>
            <slot slot="1702">-</slot>
            <slot slot="1703">-</slot>
            <slot slot="1704">-</slot>
            <slot slot="1705">-</slot>
            <slot slot="1706">-</slot>
            <slot slot="1707">-</slot>
            <slot slot="1708">-</slot>
            <slot slot="1709">-</slot>
            <slot slot="1710">-</slot>
            <slot slot="1711">-</slot>
            <slot slot="1712">-</slot>
            <slot slot="1713">-</slot>
            <slot slot="1714">-</slot>
            <slot slot="1715">-</slot>
            <slot slot="1716">-</slot>
            <slot slot="1717">-</slot>
            <slot slot="1718">-</slot>
            <slot slot="1719">-</slot>
            <slot slot="1720">-</slot>
            <slot slot="1721">-</slot>
            <slot slot="1722">-</slot>
            <slot slot="1723">-</slot>
            <slot slot="1724">-</slot>
            <slot slot="1725">-</slot>
            <slot slot="1726">-</slot>
            <slot slot="1727">-</slot>
            <slot slot="1728">-</slot>
            <slot slot="1729">-</slot>
            <slot slot="1730">-</slot>
            <slot slot="1731">-</slot>
            <slot slot="1732">-</slot>
            <slot slot="1733">-</slot>
            <slot slot="1734">-</slot>
            <slot slot="1735">-</slot>
            <slot slot="1736">-</slot>
            <slot slot="1737">-</slot>
            <slot slot="1738">-</slot>
            <slot slot="1739">-</slot>
            <slot slot="1740">-</slot>
            <slot slot="1741">-</slot>
            <slot slot="1742">-</slot>
            <slot slot="1743">-</slot>
            <slot slot="1744">-</slot>
            <slot slot="1745">-</slot>
            <slot slot="1746">-</slot>
            <slot slot="1747">-</slot>
            <slot slot="1748">-</slot>
            <slot slot="1749">-</slot>
            <slot slot="1750">-</slot>
            <slot slot="1751">-</slot>
            <slot slot="1752">-</slot>
            <slot slot="1753">-</slot>
            <slot slot="1754">-</slot>
            <slot slot="1755">-</slot>
            <slot slot="1756">-</slot>
            <slot slot="1757">-</slot>
            <slot slot="1758">-</slot>
            <slot slot="1759">-</slot>
            <slot slot="1760">-</slot>
            <slot slot="1761">-</slot>
            <slot slot="1762">-</slot>
            <slot slot="1763">-</slot>
            <slot slot="1764">-</slot>
            <slot slot="1765">-</slot>
            <slot slot="1766">-</slot>
            <slot slot="1767">-</slot>
            <slot slot="1768">-</slot>
            <slot slot="1769">-</slot>
            <slot slot="1770">-</slot>
            <slot slot="1771">-</slot>
            <slot slot="1772">-</slot>
            <slot slot="1773">-</slot>
            <slot slot="1774">-</slot>
            <slot slot="1775">-</slot>
            <slot slot="1776">-</slot>
            <slot slot="1777">-</slot>
            <slot slot="1778">-</slot>
            <slot slot="1779">-</slot>
            <slot slot="1780">-</slot>
            <slot slot="1781">-</slot>
            <slot slot="1782">-</slot>
            <slot slot="1783">-</slot>
            <slot slot="1784">-</slot>
            <slot slot="1785">-</slot>
            <slot slot="1786">-</slot>
            <slot slot="1787">-</slot>
            <slot slot="1788">-</slot>
            <slot slot="1789">-</slot>
            <slot slot="1790">-</slot>
            <slot slot="1791">-</slot>
            <slot slot="1792">-</slot>
            <slot slot="1793">-</slot>
            <slot slot="1794">-</slot>
            <slot slot="1795">-</slot>
            <slot slot="1796">-</slot>
            <slot slot="1797">-</slot>
            <slot slot="1798">-</slot>
            <slot slot="1799">-</slot>
            <slot slot="1800">-</slot>
            <slot slot="1801">-</slot>
            <slot slot="1802">-</slot>
            <slot slot="1803">-</slot>
            <slot slot="1804">-</slot>
            <slot slot="1805">-</slot>
            <slot slot="1806">-</slot>
            <slot slot="1807">-</slot>
            <slot slot="1808">-</slot>
            <slot slot="1809">-</slot>
            <slot slot="1810">-</slot>
            <slot slot="1811">-</slot>
            <slot slot="1812">-</slot>
            <slot slot="1813">-</slot>
            <slot slot="1814">-</slot>
            <slot slot="1815">-</slot>
            <slot slot="1816">-</slot>
            <slot slot="1817">-</slot>
            <slot slot="1818">-</slot>
            <slot slot="1819">-</slot>
            <slot slot="1820">-</slot>
            <slot slot="1821">-</slot>
            <slot slot="1822">-</slot>
            <slot slot="1823">-</slot>
            <slot slot="1824">-</slot>
            <slot slot="1825">-</slot>
            <slot slot="1826">-</slot>
            <slot slot="1827">-</slot>
            <slot slot="1828">-</slot>
            <slot slot="1829">-</slot>
            <slot slot="1830">-</slot>
            <slot slot="1831">-</slot>
            <slot slot="1832">-</slot>
            <slot slot="1833">-</slot>
            <slot slot="1834">-</slot>
            <slot slot="1835">-</slot>
            <slot slot="1836">-</slot>
            <slot slot="1837">-</slot>
            <slot slot="1838">-</slot>
            <slot slot="1839">-</slot>
            <slot slot="1840">-</slot>
            <slot slot="1841">-</slot>
            <slot slot="1842">-</slot>
            <slot slot="1843">-</slot>
            <slot slot="1844">-</slot>
            <slot slot="1845">-</slot>
            <slot slot="1846">-</slot>
            <slot slot="1847">-</slot>
            <slot slot="1848">-</slot>
            <slot slot="1849">-</slot>
            <slot slot="1850">-</slot>
            <slot slot="1851">-</slot>
            <slot slot="1852">-</slot>
            <slot slot="1853">-</slot>
            <slot slot="1854">-</slot>
            <slot slot="1855">-</slot>
            <slot slot="1856">-</slot>
            <slot slot="1857">-</slot>
            <slot slot="1858">-</slot>
            <slot slot="1859">-</slot>
            <slot slot="1860">-</slot>
            <slot slot="1861">-</slot>
            <slot slot="1862">-</slot>
            <slot slot="1863">-</slot>
            <slot slot="1864">-</slot>
            <slot slot="1865">-</slot>
            <slot slot="1866">-</slot>
            <slot slot="1867">-</slot>
            <slot slot="1868">-</slot>
            <slot slot="1869">-</slot>
            <slot slot="1870">-</slot>
            <slot slot="1871">-</slot>
            <slot slot="1872">-</slot>
            <slot slot="1873">-</slot>
            <slot slot="1874">-</slot>
            <slot slot="1875">-</slot>
            <slot slot="1876">-</slot>
            <slot slot="1877">-</slot>
            <slot slot="1878">-</slot>
            <slot slot="1879">-</slot>
            <slot slot="1880">-</slot>
            <slot slot="1881">-</slot>
            <slot slot="1882">-</slot>
            <slot slot="1883">-</slot>
            <slot slot="1884">-</slot>
            <slot slot="1885">-</slot>
            <slot slot="1886">-</slot>
            <slot slot="1887">-</slot>
            <slot slot="1888">-</slot>
            <slot slot="1889">-</slot>
            <slot slot="1890">-</slot>
            <slot slot="1891">-</slot>
            <slot slot="1892">-</slot>
            <slot slot="1893">-</slot>
            <slot slot="1894">-</slot>
            <slot slot="1895">-</slot>
            <slot slot="1896">-</slot>
            <slot slot="1897">-</slot>
            <slot slot="1898">-</slot>
            <slot slot="1899">-</slot>
            <slot slot="1900">-</slot>
            <slot slot="1901">-</slot>
            <slot slot="1902">-</slot>
            <slot slot="1903">-</slot>
            <slot slot="1904">-</slot>
            <slot slot="1905">-</slot>
            <slot slot="1906">-</slot>
            <slot slot="1907">-</slot>
            <slot slot="1908">-</slot>
            <slot slot="1909">-</slot>
            <slot slot="1910">-</slot>
            <slot slot="1911">-</slot>
            <slot slot="1912">-</slot>
            <slot slot="1913">-</slot>
            <slot slot="1914">-</slot>
            <slot slot="1915">-</slot>
            <slot slot="1916">-</slot>
            <slot slot="1917">-</slot>
            <slot slot="1918">-</slot>
            <slot slot="1919">-</slot>
            <slot slot="1920">-</slot>
            <slot slot="1921">-</slot>
            <slot slot="1922">-</slot>
            <slot slot="1923">-</slot>
            <slot slot="1924">-</slot>
            <slot slot="1925">-</slot>
            <slot slot="1926">-</slot>
            <slot slot="1927">-</slot>
            <slot slot="1928">-</slot>
            <slot slot="1929">-</slot>
            <slot slot="1930">-</slot>
            <slot slot="1931">-</slot>
            <slot slot="1932">-</slot>
            <slot slot="1933">-</slot>
            <slot slot="1934">-</slot>
            <slot slot="1935">-</slot>
            <slot slot="1936">-</slot>
            <slot slot="1937">-</slot>
            <slot slot="1938">-</slot>
            <slot slot="1939">-</slot>
            <slot slot="1940">-</slot>
            <slot slot="1941">-</slot>
            <slot slot="1942">-</slot>
            <slot slot="1943">-</slot>
            <slot slot="1944">-</slot>
            <slot slot="1945">-</slot>
            <slot slot="1946">-</slot>
            <slot slot="1947">-</slot>
            <slot slot="1948">-</slot>
            <slot slot="1949">-</slot>
            <slot slot="1950">-</slot>
            <slot slot="1951">-</slot>
            <slot slot="1952">-</slot>
            <slot slot="1953">-</slot>
            <slot slot="1954">-</slot>
            <slot slot="1955">-</slot>
            <slot slot="1956">-</slot>
            <slot slot="1957">-</slot>
            <slot slot="1958">-</slot>
            <slot slot="1959">-</slot>
            <slot slot="1960">-</slot>
            <slot slot="1961">-</slot>
            <slot slot="1962">-</slot>
            <slot slot="1963">-</slot>
            <slot slot="1964">-</slot>
            <slot slot="1965">-</slot>
            <slot slot="1966">-</slot>
            <slot slot="1967">-</slot>
            <slot slot="1968">-</slot>
            <slot slot="1969">-</slot>
            <slot slot="1970">-</slot>
            <slot slot="1971">-</slot>
            <slot slot="1972">-</slot>
            <slot slot="1973">-</slot>
            <slot slot="1974">-</slot>
            <slot slot="1975">-</slot>
            <slot slot="1976">-</slot>
            <slot slot="1977">-</slot>
            <slot slot="1978">-</slot>
            <slot slot="1979">-</slot>
            <slot slot="1980">-</slot>
            <slot slot="1981">-</slot>
            <slot slot="1982">-</slot>
            <slot slot="1983">-</slot>
            <slot slot="1984">-</slot>
            <slot slot="1985">-</slot>
            <slot slot="1986">-</slot>
            <slot slot="1987">-</slot>
            <slot slot="1988">-</slot>
            <slot slot="1989">-</slot>
            <slot slot="1990">-</slot>
            <slot slot="1991">-</slot>
            <slot slot="1992">-</slot>
            <slot slot="1993">-</slot>
            <slot slot="1994">-</slot>
            <slot slot="1995">-</slot>
            <slot slot="1996">-</slot>
            <slot slot="1997">-</slot>
            <slot slot="1998">-</slot>
            <slot slot="1999">-</slot>
            <slot slot="2000">-</slot>
            <slot slot="2001">-</slot>
            <slot slot="2002">-</slot>
            <slot slot="2003">-</slot>
            <slot slot="2004">-</slot>
            <slot slot="2005">-</slot>
            <slot slot="2006">-</slot>
            <slot slot="2007">-</slot>
            <slot slot="2008">-</slot>
            <slot slot="2009">-</slot>
            <slot slot="2010">-</slot>
            <slot slot="2011">-</slot>
            <slot slot="2012">-</slot>
            <slot slot="2013">-</slot>
            <slot slot="2014">-</slot>
            <slot slot="2015">-</slot>
            <slot slot="2016">-</slot>
            <slot slot="2017">-</slot>
            <slot slot="2018">-</slot>
            <slot slot="2019">-</slot>
            <slot slot="2020">-</slot>
            <slot slot="2021">-</slot>
            <slot slot="2022">-</slot>
            <slot slot="2023">-</slot>
            <slot slot="2024">-</slot>
            <slot slot="2025">-</slot>
            <slot slot="2026">-</slot>
            <slot slot="2027">-</slot>
            <slot slot="2028">-</slot>
            <slot slot="2029">-</slot>
            <slot slot="2030">-</slot>
            <slot slot="2031">-</slot>
            <slot slot="2032">-</slot>
            <slot slot="2033">-</slot>
            <slot slot="2034">-</slot>
            <slot slot="2035">-</slot>
            <slot slot="2036">-</slot>
            <slot slot="2037">-</slot>
            <slot slot="2038">-</slot>
            <slot slot="2039">-</slot>
            <slot slot="2040">-</slot>
            <slot slot="2041">-</slot>
            <slot slot="2042">-</slot>
            <slot slot="2043">-</slot>
            <slot slot="2044">-</slot>
            <slot slot="2045">-</slot>
            <slot slot="2046">-</slot>
            <slot slot="2047">-</slot>
            <slot slot="2048">-</slot>
            <slot slot="2049">-</slot>
            <slot slot="2050">-</slot>
            <slot slot="2051">-</slot>
            <slot slot="2052">-</slot>
            <slot slot="2053">-</slot>
            <slot slot="2054">-</slot>
            <slot slot="2055">-</slot>
            <slot slot="2056">-</slot>
            <slot slot="2057">-</slot>
            <slot slot="2058">-</slot>
            <slot slot="2059">-</slot>
            <slot slot="2060">-</slot>
            <slot slot="2061">-</slot>
            <slot slot="2062">-</slot>
            <slot slot="2063">-</slot>
            <slot slot="2064">-</slot>
            <slot slot="2065">-</slot>
            <slot slot="2066">-</slot>
            <slot slot="2067">-</slot>
            <slot slot="2068">-</slot>
            <slot slot="2069">-</slot>
            <slot slot="2070">-</slot>
            <slot slot="2071">-</slot>
            <slot slot="2072">-</slot>
            <slot slot="2073">-</slot>
            <slot slot="2074">-</slot>
            <slot slot="2075">-</slot>
            <slot slot="2076">-</slot>
            <slot slot="2077">-</slot>
            <slot slot="2078">-</slot>
            <slot slot="2079">-</slot>
            <slot slot="2080">-</slot>
            <slot slot="2081">-</slot>
            <slot slot="2082">-</slot>
            <slot slot="2083">-</slot>
            <slot slot="2084">-</slot>
            <slot slot="2085">-</slot>
            <slot slot="2086">-</slot>
            <slot slot="2087">-</slot>
            <slot slot="2088">-</slot>
            <slot slot="2089">-</slot>
            <slot slot="2090">-</slot>
            <slot slot="2091">-</slot>
            <slot slot="2092">-</slot>
            <slot slot="2093">-</slot>
            <slot slot="2094">-</slot>
            <slot slot="2095">-</slot>
            <slot slot="2096">-</slot>
            <slot slot="2097">-</slot>
            <slot slot="2098">-</slot>
            <slot slot="2099">-</slot>
            <slot slot="2100">-</slot>
            <slot slot="2101">-</slot>
            <slot slot="2102">-</slot>
            <slot slot="2103">-</slot>
            <slot slot="2104">-</slot>
            <slot slot="2105">-</slot>
            <slot slot="2106">-</slot>
            <slot slot="2107">-</slot>
            <slot slot="2108">-</slot>
            <slot slot="2109">-</slot>
            <slot slot="2110">-</slot>
            <slot slot="2111">-</slot>
            <slot slot="2112">-</slot>
            <slot slot="2113">-</slot>
            <slot slot="2114">-</slot>
            <slot slot="2115">-</slot>
            <slot slot="2116">-</slot>
            <slot slot="2117">-</slot>
            <slot slot="2118">-</slot>
            <slot slot="2119">-</slot>
            <slot slot="2120">-</slot>
            <slot slot="2121">-</slot>
            <slot slot="2122">-</slot>
            <slot slot="2123">-</slot>
            <slot slot="2124">-</slot>
            <slot slot="2125">-</slot>
            <slot slot="2126">-</slot>
            <slot slot="2127">-</slot>
            <slot slot="2128">-</slot>
            <slot slot="2129">-</slot>
            <slot slot="2130">-</slot>
            <slot slot="2131">-</slot>
            <slot slot="2132">-</slot>
            <slot slot="2133">-</slot>
            <slot slot="2134">-</slot>
            <slot slot="2135">-</slot>
            <slot slot="2136">-</slot>
            <slot slot="2137">-</slot>
            <slot slot="2138">-</slot>
            <slot slot="2139">-</slot>
            <slot slot="2140">-</slot>
            <slot slot="2141">-</slot>
            <slot slot="2142">-</slot>
            <slot slot="2143">-</slot>
            <slot slot="2144">-</slot>
            <slot slot="2145">-</slot>
            <slot slot="2146">-</slot>
            <slot slot="2147">-</slot>
            <slot slot="2148">-</slot>
            <slot slot="2149">-</slot>
            <slot slot="2150">-</slot>
            <slot slot="2151">-</slot>
            <slot slot="2152">-</slot>
            <slot slot="2153">-</slot>
            <slot slot="2154">-</slot>
            <slot slot="2155">-</slot>
            <slot slot="2156">-</slot>
            <slot slot="2157">-</slot>
            <slot slot="2158">-</slot>
            <slot slot="2159">-</slot>
            <slot slot="2160">-</slot>
            <slot slot="2161">-</slot>
            <slot slot="2162">-</slot>
            <slot slot="2163">-</slot>
            <slot slot="2164">-</slot>
            <slot slot="2165">-</slot>
            <slot slot="2166">-</slot>
            <slot slot="2167">-</slot>
            <slot slot="2168">-</slot>
            <slot slot="2169">-</slot>
            <slot slot="2170">-</slot>
            <slot slot="2171">-</slot>
            <slot slot="2172">-</slot>
            <slot slot="2173">-</slot>
            <slot slot="2174">-</slot>
            <slot slot="2175">-</slot>
            <slot slot="2176">-</slot>
            <slot slot="2177">-</slot>
            <slot slot="2178">-</slot>
            <slot slot="2179">-</slot>
            <slot slot="2180">-</slot>
            <slot slot="2181">-</slot>
            <slot slot="2182">-</slot>
            <slot slot="2183">-</slot>
            <slot slot="2184">-</slot>
            <slot slot="2185">-</slot>
            <slot slot="2186">-</slot>
            <slot slot="2187">-</slot>
            <slot slot="2188">-</slot>
            <slot slot="2189">-</slot>
            <slot slot="2190">-</slot>
            <slot slot="2191">-</slot>
            <slot slot="2192">-</slot>
            <slot slot="2193">-</slot>
            <slot slot="2194">-</slot>
            <slot slot="2195">-</slot>
            <slot slot="2196">-</slot>
            <slot slot="2197">-</slot>
            <slot slot="2198">-</slot>
            <slot slot="2199">-</slot>
            <slot slot="2200">-</slot>
            <slot slot="2201">-</slot>
            <slot slot="2202">-</slot>
            <slot slot="2203">-</slot>
            <slot slot="2204">-</slot>
            <slot slot="2205">-</slot>
            <slot slot="2206">-</slot>
            <slot slot="2207">-</slot>
            <slot slot="2208">-</slot>
            <slot slot="2209">-</slot>
            <slot slot="2210">-</slot>
            <slot slot="2211">-</slot>
            <slot slot="2212">-</slot>
            <slot slot="2213">-</slot>
            <slot slot="2214">-</slot>
            <slot slot="2215">-</slot>
            <slot slot="2216">-</slot>
            <slot slot="2217">-</slot>
            <slot slot="2218">-</slot>
            <slot slot="2219">-</slot>
            <slot slot="2220">-</slot>
            <slot slot="2221">-</slot>
            <slot slot="2222">-</slot>
            <slot slot="2223">-</slot>
            <slot slot="2224">-</slot>
            <slot slot="2225">-</slot>
            <slot slot="2226">-</slot>
            <slot slot="2227">-</slot>
            <slot slot="2228">-</slot>
            <slot slot="2229">-</slot>
            <slot slot="2230">-</slot>
            <slot slot="2231">-</slot>
            <slot slot="2232">-</slot>
            <slot slot="2233">-</slot>
            <slot slot="2234">-</slot>
            <slot slot="2235">-</slot>
            <slot slot="2236">-</slot>
            <slot slot="2237">-</slot>
            <slot slot="2238">-</slot>
            <slot slot="2239">-</slot>
            <slot slot="2240">-</slot>
            <slot slot="2241">-</slot>
            <slot slot="2242">-</slot>
            <slot slot="2243">-</slot>
            <slot slot="2244">-</slot>
            <slot slot="2245">-</slot>
            <slot slot="2246">-</slot>
            <slot slot="2247">-</slot>
            <slot slot="2248">-</slot>
            <slot slot="2249">-</slot>
            <slot slot="2250">-</slot>
            <slot slot="2251">-</slot>
            <slot slot="2252">-</slot>
            <slot slot="2253">-</slot>
            <slot slot="2254">-</slot>
            <slot slot="2255">-</slot>
            <slot slot="2256">-</slot>
            <slot slot="2257">-</slot>
            <slot slot="2258">-</slot>
            <slot slot="2259">-</slot>
            <slot slot="2260">-</slot>
            <slot slot="2261">-</slot>
            <slot slot="2262">-</slot>
            <slot slot="2263">-</slot>
            <slot slot="2264">-</slot>
            <slot slot="2265">-</slot>
            <slot slot="2266">-</slot>
            <slot slot="2267">-</slot>
            <slot slot="2268">-</slot>
            <slot slot="2269">-</slot>
            <slot slot="2270">-</slot>
            <slot slot="2271">-</slot>
            <slot slot="2272">-</slot>
            <slot slot="2273">-</slot>
            <slot slot="2274">-</slot>
            <slot slot="2275">-</slot>
            <slot slot="2276">-</slot>
            <slot slot="2277">-</slot>
            <slot slot="2278">-</slot>
            <slot slot="2279">-</slot>
            <slot slot="2280">-</slot>
            <slot slot="2281">-</slot>
            <slot slot="2282">-</slot>
            <slot slot="2283">-</slot>
            <slot slot="2284">-</slot>
            <slot slot="2285">-</slot>
            <slot slot="2286">-</slot>
            <slot slot="2287">-</slot>
            <slot slot="2288">-</slot>
            <slot slot="2289">-</slot>
            <slot slot="2290">-</slot>
            <slot slot="2291">-</slot>
            <slot slot="2292">-</slot>
            <slot slot="2293">-</slot>
            <slot slot="2294">-</slot>
            <slot slot="2295">-</slot>
            <slot slot="2296">-</slot>
            <slot slot="2297">-</slot>
            <slot slot="2298">-</slot>
            <slot slot="2299">-</slot>
            <slot slot="2300">-</slot>
            <slot slot="2301">-</slot>
            <slot slot="2302">-</slot>
            <slot slot="2303">-</slot>
            <slot slot="2304">-</slot>
            <slot slot="2305">-</slot>
            <slot slot="2306">-</slot>
            <slot slot="2307">-</slot>
            <slot slot="2308">-</slot>
            <slot slot="2309">-</slot>
            <slot slot="2310">-</slot>
            <slot slot="2311">-</slot>
            <slot slot="2312">-</slot>
            <slot slot="2313">-</slot>
            <slot slot="2314">-</slot>
            <slot slot="2315">-</slot>
            <slot slot="2316">-</slot>
            <slot slot="2317">-</slot>
            <slot slot="2318">-</slot>
            <slot slot="2319">-</slot>
            <slot slot="2320">-</slot>
            <slot slot="2321">-</slot>
            <slot slot="2322">-</slot>
            <slot slot="2323">-</slot>
            <slot slot="2324">-</slot>
            <slot slot="2325">-</slot>
            <slot slot="2326">-</slot>
            <slot slot="2327">-</slot>
            <slot slot="2328">-</slot>
            <slot slot="2329">-</slot>
            <slot slot="2330">-</slot>
            <slot slot="2331">-</slot>
            <slot slot="2332">-</slot>
            <slot slot="2333">-</slot>
            <slot slot="2334">-</slot>
            <slot slot="2335">-</slot>
            <slot slot="2336">-</slot>
            <slot slot="2337">-</slot>
            <slot slot="2338">-</slot>
            <slot slot="2339">-</slot>
            <slot slot="2340">-</slot>
            <slot slot="2341">-</slot>
            <slot slot="2342">-</slot>
            <slot slot="2343">-</slot>
            <slot slot="2344">-</slot>
            <slot slot="2345">-</slot>
            <slot slot="2346">-</slot>
            <slot slot="2347">-</slot>
            <slot slot="2348">-</slot>
            <slot slot="2349">-</slot>
            <slot slot="2350">-</slot>
            <slot slot="2351">-</slot>
            <slot slot="2352">-</slot>
            <slot slot="2353">-</slot>
            <slot slot="2354">-</slot>
            <slot slot="2355">-</slot>
            <slot slot="2356">-</slot>
            <slot slot="2357">-</slot>
            <slot slot="2358">-</slot>
            <slot slot="2359">-</slot>
            <slot slot="2360">-</slot>
            <slot slot="2361">-</slot>
            <slot slot="2362">-</slot>
            <slot slot="2363">-</slot>
            <slot slot="2364">-</slot>
            <slot slot="2365">-</slot>
            <slot slot="2366">-</slot>
            <slot slot="2367">-</slot>
            <slot slot="2368">-</slot>
            <slot slot="2369">-</slot>
            <slot slot="2370">-</slot>
            <slot slot="2371">-</slot>
            <slot slot="2372">-</slot>
            <slot slot="2373">-</slot>
            <slot slot="2374">-</slot>
            <slot slot="2375">-</slot>
            <slot slot="2376">-</slot>
            <slot slot="2377">-</slot>
            <slot slot="2378">-</slot>
            <slot slot="2379">-</slot>
            <slot slot="2380">-</slot>
            <slot slot="2381">-</slot>
            <slot slot="2382">-</slot>
            <slot slot="2383">-</slot>
            <slot slot="2384">-</slot>
            <slot slot="2385">-</slot>
            <slot slot="2386">-</slot>
            <slot slot="2387">-</slot>
            <slot slot="2388">-</slot>
            <slot slot="2389">-</slot>
            <slot slot="2390">-</slot>
            <slot slot="2391">-</slot>
            <slot slot="2392">-</slot>
            <slot slot="2393">-</slot>
            <slot slot="2394">-</slot>
            <slot slot="2395">-</slot>
            <slot slot="2396">-</slot>
            <slot slot="2397">-</slot>
            <slot slot="2398">-</slot>
            <slot slot="2399">-</slot>
            <slot slot="2400">-</slot>
            <slot slot="2401">-</slot>
            <slot slot="2402">-</slot>
            <slot slot="2403">-</slot>
            <slot slot="2404">-</slot>
            <slot slot="2405">-</slot>
            <slot slot="2406">-</slot>
            <slot slot="2407">-</slot>
            <slot slot="2408">-</slot>
            <slot slot="2409">-</slot>
            <slot slot="2410">-</slot>
            <slot slot="2411">-</slot>
            <slot slot="2412">-</slot>
            <slot slot="2413">-</slot>
            <slot slot="2414">-</slot>
            <slot slot="2415">-</slot>
            <slot slot="2416">-</slot>
            <slot slot="2417">-</slot>
            <slot slot="2418">-</slot>
            <slot slot="2419">-</slot>
            <slot slot="2420">-</slot>
            <slot slot="2421">-</slot>
            <slot slot="2422">-</slot>
            <slot slot="2423">-</slot>
            <slot slot="2424">-</slot>
            <slot slot="2425">-</slot>
            <slot slot="2426">-</slot>
            <slot slot="2427">-</slot>
            <slot slot="2428">-</slot>
            <slot slot="2429">-</slot>
            <slot slot="2430">-</slot>
            <slot slot="2431">-</slot>
            <slot slot="2432">-</slot>
            <slot slot="2433">-</slot>
            <slot slot="2434">-</slot>
            <slot slot="2435">-</slot>
            <slot slot="2436">-</slot>
            <slot slot="2437">-</slot>
            <slot slot="2438">-</slot>
            <slot slot="2439">-</slot>
            <slot slot="2440">-</slot>
            <slot slot="2441">-</slot>
            <slot slot="2442">-</slot>
            <slot slot="2443">-</slot>
            <slot slot="2444">-</slot>
            <slot slot="2445">-</slot>
            <slot slot="2446">-</slot>
            <slot slot="2447">-</slot>
            <slot slot="2448">-</slot>
            <slot slot="2449">-</slot>
            <slot slot="2450">-</slot>
            <slot slot="2451">-</slot>
            <slot slot="2452">-</slot>
            <slot slot="2453">-</slot>
            <slot slot="2454">-</slot>
            <slot slot="2455">-</slot>
            <slot slot="2456">-</slot>
            <slot slot="2457">-</slot>
            <slot slot="2458">-</slot>
            <slot slot="2459">-</slot>
            <slot slot="2460">-</slot>
            <slot slot="2461">-</slot>
            <slot slot="2462">-</slot>
            <slot slot="2463">-</slot>
            <slot slot="2464">-</slot>
            <slot slot="2465">-</slot>
            <slot slot="2466">-</slot>
            <slot slot="2467">-</slot>
            <slot slot="2468">-</slot>
            <slot slot="2469">-</slot>
            <slot slot="2470">-</slot>
            <slot slot="2471">-</slot>
            <slot slot="2472">-</slot>
            <slot slot="2473">-</slot>
            <slot slot="2474">-</slot>
            <slot slot="2475">-</slot>
            <slot slot="2476">-</slot>
            <slot slot="2477">-</slot>
            <slot slot="2478">-</slot>
            <slot slot="2479">-</slot>
            <slot slot="2480">-</slot>
            <slot slot="2481">-</slot>
            <slot slot="2482">-</slot>
            <slot slot="2483">-</slot>
            <slot slot="2484">-</slot>
            <slot slot="2485">-</slot>
            <slot slot="2486">-</slot>
            <slot slot="2487">-</slot>
            <slot slot="2488">-</slot>
            <slot slot="2489">-</slot>
            <slot slot="2490">-</slot>
            <slot slot="2491">-</slot>
            <slot slot="2492">-</slot>
            <slot slot="2493">-</slot>
            <slot slot="2494">-</slot>
            <slot slot="2495">-</slot>
            <slot slot="2496">-</slot>
            <slot slot="2497">-</slot>
            <slot slot="2498">-</slot>
            <slot slot="2499">-</slot>
        </core>
        <core number="3">
            <slot slot="0">D0N3</slot>
            <slot slot="1">D0N3</slot>
            <slot slot="2">D0N3</slot>
            <slot slot="3">D0N3</slot>
            <slot slot="4">D0N3</slot>
            <slot slot="5">D0N3</slot>
            <slot slot="6">D0N3</slot>
            <slot slot="7">D0N3</slot>
            <slot slot="8">D0N3</slot>
            <slot slot="9">D0N3</slot>
            <slot slot="10">D0N16</slot>
            <slot slot="11">D0N16</slot>
            <slot slot="12">D0N16</slot>
            <slot slot="13">D0N16</slot>
            <slot slot="14">D0N16</slot>
            <slot slot="15">D0N16</slot>
            <slot slot="16">D0N16</slot>
            <slot slot="17">D0N16</slot>
            <slot slot="18">D0N16</slot>
            <slot slot="19">D0N16</slot>
            <slot slot="20">D0N0</slot>
            <slot slot="21">D0N0</slot>
            <slot slot="22">D0N0</slot>
            <slot slot="23">D0N0</slot>
            <slot slot="24">D0N0</slot>
            <slot slot="25">D0N0</slot>
            <slot slot="26">D0N0</slot>
            <slot slot="27">D0N0</slot>
            <slot slot="28">D0N0</slot>
            <slot slot="29">D0N0</slot>
            <slot slot="30">D0N7</slot>
            <slot slot="31">D0N7</slot>
            <slot slot="32">D0N7</slot>
            <slot slot="33">D0N7</slot>
            <slot slot="34">D0N7</slot>
            <slot slot="35">D0N7</slot>
            <slot slot="36">D0N7</slot>
            <slot slot="37">D0N7</slot>
            <slot slot="38">D0N7</slot>
            <slot slot="39">D0N7</slot>
            <slot slot="40">D0N14</slot>
            <slot slot="41">D0N14</slot>
            <slot slot="42">D0N14</slot>
            <slot slot="43">D0N14</slot>
            <slot slot="44">D0N14</slot>
            <slot slot="45">D0N14</slot>
            <slot slot="46">D0N14</slot>
            <slot slot="47">D0N14</slot>
            <slot slot="48">D0N14</slot>
            <slot slot="49">D0N14</slot>
            <slot slot="50">D0N26</slot>
            <slot slot="51">D0N26</slot>
            <slot slot="52">D0N26</slot>
            <slot slot="53">D0N26</slot>
            <slot slot="54">D0N26</slot>
            <slot slot="55">D0N26</slot>
            <slot slot="56">D0N26</slot>
            <slot slot="57">D0N26</slot>
            <slot slot="58">D0N26</slot>
            <slot slot="59">D0N26</slot>
            <slot slot="60">D0N26</slot>
            <slot slot="61">D0N26</slot>
            <slot slot="62">D0N26</slot>
            <slot slot="63">D0N26</slot>
            <slot slot="64">D0N26</slot>
            <slot slot="65">D0N26</slot>
            <slot slot="66">D0N26</slot>
            <slot slot="67">D0N26</slot>
            <slot slot="68">D0N26</slot>
            <slot slot="69">D0N26</slot>
            <slot slot="70">D0N15</slot>
            <slot slot="71">D0N15</slot>
            <slot slot="72">D0N15</slot>
            <slot slot="73">D0N15</slot>
            <slot slot="74">D0N15</slot>
            <slot slot="75">D0N15</slot>
            <slot slot="76">D0N15</slot>
            <slot slot="77">D0N15</slot>
            <slot slot="78">D0N15</slot>
            <slot slot="79">D0N15</slot>
            <slot slot="80">D0N12</slot>
            <slot slot="81">D0N12</slot>
            <slot slot="82">D0N12</slot>
            <slot slot="83">D0N12</slot>
            <slot slot="84">D0N12</slot>
            <slot slot="85">D0N12</slot>
            <slot slot="86">D0N12</slot>
            <slot slot="87">D0N12</slot>
            <slot slot="88">D0N12</slot>
            <slot slot="89">D0N12</slot>
            <slot slot="90">D0N12</slot>
            <slot slot="91">D0N12</slot>
            <slot slot="92">D0N12</slot>
            <slot slot="93">D0N12</slot>
            <slot slot="94">D0N12</slot>
            <slot slot="95">D0N12</slot>
            <slot slot="96">D0N12</slot>
            <slot slot="97">D0N12</slot>
            <slot slot="98">D0N12</slot>
            <slot slot="99">D0N12</slot>
            <slot slot="100">D0N30</slot>
            <slot slot="101">D0N30</slot>
            <slot slot="102">D0N30</slot>
            <slot slot="103">D0N30</slot>
            <slot slot="104">D0N30</slot>
            <slot slot="105">D0N30</slot>
            <slot slot="106">D0N30</slot>
            <slot slot="107">D0N30</slot>
            <slot slot="108">D0N30</slot>
            <slot slot="109">D0N30</slot>
            <slot slot="110">D0N30</slot>
            <slot slot="111">D0N30</slot>
            <slot slot="112">D0N30</slot>
            <slot slot="113">D0N30</slot>
            <slot slot="114">D0N30</slot>
            <slot slot="115">D0N30</slot>
            <slot slot="116">D0N30</slot>
            <slot slot="117">D0N30</slot>
            <slot slot="118">D0N30</slot>
            <slot slot="119">D0N30</slot>
            <slot slot="120">D0N30</slot>
            <slot slot="121">D0N30</slot>
            <slot slot="122">D0N30</slot>
            <slot slot="123">D0N30</slot>
            <slot slot="124">D0N30</slot>
            <slot slot="125">D0N30</slot>
            <slot slot="126">D0N30</slot>
            <slot slot="127">D0N30</slot>
            <slot slot="128">D0N30</slot>
            <slot slot="129">D0N30</slot>
            <slot slot="130">D0N5</slot>
            <slot slot="131">D0N5</slot>
            <slot slot="132">D0N5</slot>
            <slot slot="133">D0N5</slot>
            <slot slot="134">D0N5</slot>
            <slot slot="135">D0N5</slot>
            <slot slot="136">D0N5</slot>
            <slot slot="137">D0N5</slot>
            <slot slot="138">D0N5</slot>
            <slot slot="139">D0N5</slot>
            <slot slot="140">D0N5</slot>
            <slot slot="141">D0N5</slot>
            <slot slot="142">D0N5</slot>
            <slot slot="143">D0N5</slot>
            <slot slot="144">D0N5</slot>
            <slot slot="145">D0N5</slot>
            <slot slot="146">D0N5</slot>
            <slot slot="147">D0N5</slot>
            <slot slot="148">D0N5</slot>
            <slot slot="149">D0N5</slot>
            <slot slot="150">D0N5</slot>
            <slot slot="151">D0N5</slot>
            <slot slot="152">D0N5</slot>
            <slot slot="153">D0N5</slot>
            <slot slot="154">D0N5</slot>
            <slot slot="155">D0N5</slot>
            <slot slot="156">D0N5</slot>
            <slot slot="157">D0N5</slot>
            <slot slot="158">D0N5</slot>
            <slot slot="159">D0N5</slot>
            <slot slot="160">D0N29</slot>
            <slot slot="161">D0N29</slot>
            <slot slot="162">D0N29</slot>
            <slot slot="163">D0N29</slot>
            <slot slot="164">D0N29</slot>
            <slot slot="165">D0N29</slot>
            <slot slot="166">D0N29</slot>
            <slot slot="167">D0N29</slot>
            <slot slot="168">D0N29</slot>
            <slot slot="169">D0N29</slot>
            <slot slot="170">D0N29</slot>
            <slot slot="171">D0N29</slot>
            <slot slot="172">D0N29</slot>
            <slot slot="173">D0N29</slot>
            <slot slot="174">D0N29</slot>
            <slot slot="175">D0N29</slot>
            <slot slot="176">D0N29</slot>
            <slot slot="177">D0N29</slot>
            <slot slot="178">D0N29</slot>
            <slot slot="179">D0N29</slot>
            <slot slot="180">D0N29</slot>
            <slot slot="181">D0N29</slot>
            <slot slot="182">D0N29</slot>
            <slot slot="183">D0N29</slot>
            <slot slot="184">D0N29</slot>
            <slot slot="185">D0N29</slot>
            <slot slot="186">D0N29</slot>
            <slot slot="187">D0N29</slot>
            <slot slot="188">D0N29</slot>
            <slot slot="189">D0N29</slot>
            <slot slot="190">D0N29</slot>
            <slot slot="191">D0N29</slot>
            <slot slot="192">D0N29</slot>
            <slot slot="193">D0N29</slot>
            <slot slot="194">D0N29</slot>
            <slot slot="195">D0N29</slot>
            <slot slot="196">D0N29</slot>
            <slot slot="197">D0N29</slot>
            <slot slot="198">D0N29</slot>
            <slot slot="199">D0N29</slot>
            <slot slot="200">D0N10</slot>
            <slot slot="201">D0N10</slot>
            <slot slot="202">D0N10</slot>
            <slot slot="203">D0N10</slot>
            <slot slot="204">D0N10</slot>
            <slot slot="205">D0N10</slot>
            <slot slot="206">D0N10</slot>
            <slot slot="207">D0N10</slot>
            <slot slot="208">D0N10</slot>
            <slot slot="209">D0N10</slot>
            <slot slot="210">D0N10</slot>
            <slot slot="211">D0N10</slot>
            <slot slot="212">D0N10</slot>
            <slot slot="213">D0N10</slot>
            <slot slot="214">D0N10</slot>
            <slot slot="215">D0N10</slot>
            <slot slot="216">D0N10</slot>
            <slot slot="217">D0N10</slot>
            <slot slot="218">D0N10</slot>
            <slot slot="219">D0N10</slot>
            <slot slot="220">D0N10</slot>
            <slot slot="221">D0N10</slot>
            <slot slot="222">D0N10</slot>
            <slot slot="223">D0N10</slot>
            <slot slot="224">D0N10</slot>
            <slot slot="225">D0N10</slot>
            <slot slot="226">D0N10</slot>
            <slot slot="227">D0N10</slot>
            <slot slot="228">D0N10</slot>
            <slot slot="229">D0N10</slot>
            <slot slot="230">D0N10</slot>
            <slot slot="231">D0N10</slot>
            <slot slot="232">D0N10</slot>
            <slot slot="233">D0N10</slot>
            <slot slot="234">D0N10</slot>
            <slot slot="235">D0N10</slot>
            <slot slot="236">D0N10</slot>
            <slot slot="237">D0N10</slot>
            <slot slot="238">D0N10</slot>
            <slot slot="239">D0N10</slot>
            <slot slot="240">D0N10</slot>
            <slot slot="241">D0N10</slot>
            <slot slot="242">D0N10</slot>
            <slot slot="243">D0N10</slot>
            <slot slot="244">D0N10</slot>
            <slot slot="245">D0N10</slot>
            <slot slot="246">D0N10</slot>
            <slot slot="247">D0N10</slot>
            <slot slot="248">D0N10</slot>
            <slot slot="249">D0N10</slot>
            <slot slot="250">D0N23</slot>
            <slot slot="251">D0N23</slot>
            <slot slot="252">D0N23</slot>
            <slot slot="253">D0N23</slot>
            <slot slot="254">D0N23</slot>
            <slot slot="255">D0N23</slot>
            <slot slot="256">D0N23</slot>
            <slot slot="257">D0N23</slot>
            <slot slot="258">D0N23</slot>
            <slot slot="259">D0N23</slot>
            <slot slot="260">D0N19</slot>
            <slot slot="261">D0N19</slot>
            <slot slot="262">D0N19</slot>
            <slot slot="263">D0N19</slot>
            <slot slot="264">D0N19</slot>
            <slot slot="265">D0N19</slot>
            <slot slot="266">D0N19</slot>
            <slot slot="267">D0N19</slot>
            <slot slot="268">D0N19</slot>
            <slot slot="269">D0N19</slot>
            <slot slot="270">D0N19</slot>
            <slot slot="271">D0N19</slot>
            <slot slot="272">D0N19</slot>
            <slot slot="273">D0N19</slot>
            <slot slot="274">D0N19</slot>
            <slot slot="275">D0N19</slot>
            <slot slot="276">D0N19</slot>
            <slot slot="277">D0N19</slot>
            <slot slot="278">D0N19</slot>
            <slot slot="279">D0N19</slot>
            <slot slot="280">D0N20</slot>
            <slot slot="281">D0N20</slot>
            <slot slot="282">D0N20</slot>
            <slot slot="283">D0N20</slot>
            <slot slot="284">D0N20</slot>
            <slot slot="285">D0N20</slot>
            <slot slot="286">D0N20</slot>
            <slot slot="287">D0N20</slot>
            <slot slot="288">D0N20</slot>
            <slot slot="289">D0N20</slot>
            <slot slot="290">D0N24</slot>
            <slot slot="291">D0N24</slot>
            <slot slot="292">D0N24</slot>
            <slot slot="293">D0N24</slot>
            <slot slot="294">D0N24</slot>
            <slot slot="295">D0N24</slot>
            <slot slot="296">D0N24</slot>
            <slot slot="297">D0N24</slot>
            <slot slot="298">D0N24</slot>
            <slot slot="299">D0N24</slot>
            <slot slot="300">D0N8</slot>
            <slot slot="301">D0N8</slot>
            <slot slot="302">D0N8</slot>
            <slot slot="303">D0N8</slot>
            <slot slot="304">D0N8</slot>
            <slot slot="305">D0N8</slot>
            <slot slot="306">D0N8</slot>
            <slot slot="307">D0N8</slot>
            <slot slot="308">D0N8</slot>
            <slot slot="309">D0N8</slot>
            <slot slot="310">D0N37</slot>
            <slot slot="311">D0N37</slot>
            <slot slot="312">D0N37</slot>
            <slot slot="313">D0N37</slot>
            <slot slot="314">D0N37</slot>
            <slot slot="315">D0N37</slot>
            <slot slot="316">D0N37</slot>
            <slot slot="317">D0N37</slot>
            <slot slot="318">D0N37</slot>
            <slot slot="319">D0N37</slot>
            <slot slot="320">D0N37</slot>
            <slot slot="321">D0N37</slot>
            <slot slot="322">D0N37</slot>
            <slot slot="323">D0N37</slot>
            <slot slot="324">D0N37</slot>
            <slot slot="325">D0N37</slot>
            <slot slot="326">D0N37</slot>
            <slot slot="327">D0N37</slot>
            <slot slot="328">D0N37</slot>
            <slot slot="329">D0N37</slot>
            <slot slot="330">D0N37</slot>
            <slot slot="331">D0N37</slot>
            <slot slot="332">D0N37</slot>
            <slot slot="333">D0N37</slot>
            <slot slot="334">D0N37</slot>
            <slot slot="335">D0N37</slot>
            <slot slot="336">D0N37</slot>
            <slot slot="337">D0N37</slot>
            <slot slot="338">D0N37</slot>
            <slot slot="339">D0N37</slot>
            <slot slot="340">D0N37</slot>
            <slot slot="341">D0N37</slot>
            <slot slot="342">D0N37</slot>
            <slot slot="343">D0N37</slot>
            <slot slot="344">D0N37</slot>
            <slot slot="345">D0N37</slot>
            <slot slot="346">D0N37</slot>
            <slot slot="347">D0N37</slot>
            <slot slot="348">D0N37</slot>
            <slot slot="349">D0N37</slot>
            <slot slot="350">D0N28</slot>
            <slot slot="351">D0N28</slot>
            <slot slot="352">D0N28</slot>
            <slot slot="353">D0N28</slot>
            <slot slot="354">D0N28</slot>
            <slot slot="355">D0N28</slot>
            <slot slot="356">D0N28</slot>
            <slot slot="357">D0N28</slot>
            <slot slot="358">D0N28</slot>
            <slot slot="359">D0N28</slot>
            <slot slot="360">D0N28</slot>
            <slot slot="361">D0N28</slot>
            <slot slot="362">D0N28</slot>
            <slot slot="363">D0N28</slot>
            <slot slot="364">D0N28</slot>
            <slot slot="365">D0N28</slot>
            <slot slot="366">D0N28</slot>
            <slot slot="367">D0N28</slot>
            <slot slot="368">D0N28</slot>
            <slot slot="369">D0N28</slot>
            <slot slot="370">D0N28</slot>
            <slot slot="371">D0N28</slot>
            <slot slot="372">D0N28</slot>
            <slot slot="373">D0N28</slot>
            <slot slot="374">D0N28</slot>
            <slot slot="375">D0N28</slot>
            <slot slot="376">D0N28</slot>
            <slot slot="377">D0N28</slot>
            <slot slot="378">D0N28</slot>
            <slot slot="379">D0N28</slot>
            <slot slot="380">D0N25</slot>
            <slot slot="381">D0N25</slot>
            <slot slot="382">D0N25</slot>
            <slot slot="383">D0N25</slot>
            <slot slot="384">D0N25</slot>
            <slot slot="385">D0N25</slot>
            <slot slot="386">D0N25</slot>
            <slot slot="387">D0N25</slot>
            <slot slot="388">D0N25</slot>
            <slot slot="389">D0N25</slot>
            <slot slot="390">D0N35</slot>
            <slot slot="391">D0N35</slot>
            <slot slot="392">D0N35</slot>
            <slot slot="393">D0N35</slot>
            <slot slot="394">D0N35</slot>
            <slot slot="395">D0N35</slot>
            <slot slot="396">D0N35</slot>
            <slot slot="397">D0N35</slot>
            <slot slot="398">D0N35</slot>
            <slot slot="399">D0N35</slot>
            <slot slot="400">D0N35</slot>
            <slot slot="401">D0N35</slot>
            <slot slot="402">D0N35</slot>
            <slot slot="403">D0N35</slot>
            <slot slot="404">D0N35</slot>
            <slot slot="405">D0N35</slot>
            <slot slot="406">D0N35</slot>
            <slot slot="407">D0N35</slot>
            <slot slot="408">D0N35</slot>
            <slot slot="409">D0N35</slot>
            <slot slot="410">D0N18</slot>
            <slot slot="411">D0N18</slot>
            <slot slot="412">D0N18</slot>
            <slot slot="413">D0N18</slot>
            <slot slot="414">D0N18</slot>
            <slot slot="415">D0N18</slot>
            <slot slot="416">D0N18</slot>
            <slot slot="417">D0N18</slot>
            <slot slot="418">D0N18</slot>
            <slot slot="419">D0N18</slot>
            <slot slot="420">D0N41</slot>
            <slot slot="421">D0N41</slot>
            <slot slot="422">D0N41</slot>
            <slot slot="423">D0N41</slot>
            <slot slot="424">D0N41</slot>
            <slot slot="425">D0N41</slot>
            <slot slot="426">D0N41</slot>
            <slot slot="427">D0N41</slot>
            <slot slot="428">D0N41</slot>
            <slot slot="429">D0N41</slot>
            <slot slot="430">D0N41</slot>
            <slot slot="431">D0N41</slot>
            <slot slot="432">D0N41</slot>
            <slot slot="433">D0N41</slot>
            <slot slot="434">D0N41</slot>
            <slot slot="435">D0N41</slot>
            <slot slot="436">D0N41</slot>
            <slot slot="437">D0N41</slot>
            <slot slot="438">D0N41</slot>
            <slot slot="439">D0N41</slot>
            <slot slot="440">D0N36</slot>
            <slot slot="441">D0N36</slot>
            <slot slot="442">D0N36</slot>
            <slot slot="443">D0N36</slot>
            <slot slot="444">D0N36</slot>
            <slot slot="445">D0N36</slot>
            <slot slot="446">D0N36</slot>
            <slot slot="447">D0N36</slot>
            <slot slot="448">D0N36</slot>
            <slot slot="449">D0N36</slot>
            <slot slot="450">D0N46</slot>
            <slot slot="451">D0N46</slot>
            <slot slot="452">D0N46</slot>
            <slot slot="453">D0N46</slot>
            <slot slot="454">D0N46</slot>
            <slot slot="455">D0N46</slot>
            <slot slot="456">D0N46</slot>
            <slot slot="457">D0N46</slot>
            <slot slot="458">D0N46</slot>
            <slot slot="459">D0N46</slot>
            <slot slot="460">D0N46</slot>
            <slot slot="461">D0N46</slot>
            <slot slot="462">D0N46</slot>
            <slot slot="463">D0N46</slot>
            <slot slot="464">D0N46</slot>
            <slot slot="465">D0N46</slot>
            <slot slot="466">D0N46</slot>
            <slot slot="467">D0N46</slot>
            <slot slot="468">D0N46</slot>
            <slot slot="469">D0N46</slot>
            <slot slot="470">D0N46</slot>
            <slot slot="471">D0N46</slot>
            <slot slot="472">D0N46</slot>
            <slot slot="473">D0N46</slot>
            <slot slot="474">D0N46</slot>
            <slot slot="475">D0N46</slot>
            <slot slot="476">D0N46</slot>
            <slot slot="477">D0N46</slot>
            <slot slot="478">D0N46</slot>
            <slot slot="479">D0N46</slot>
            <slot slot="480">D0N33</slot>
            <slot slot="481">D0N33</slot>
            <slot slot="482">D0N33</slot>
            <slot slot="483">D0N33</slot>
            <slot slot="484">D0N33</slot>
            <slot slot="485">D0N33</slot>
            <slot slot="486">D0N33</slot>
            <slot slot="487">D0N33</slot>
            <slot slot="488">D0N33</slot>
            <slot slot="489">D0N33</slot>
            <slot slot="490">D0N31</slot>
            <slot slot="491">D0N31</slot>
            <slot slot="492">D0N31</slot>
            <slot slot="493">D0N31</slot>
            <slot slot="494">D0N31</slot>
            <slot slot="495">D0N31</slot>
            <slot slot="496">D0N31</slot>
            <slot slot="497">D0N31</slot>
            <slot slot="498">D0N31</slot>
            <slot slot="499">D0N31</slot>
            <slot slot="500">D0N31</slot>
            <slot slot="501">D0N31</slot>
            <slot slot="502">D0N31</slot>
            <slot slot="503">D0N31</slot>
            <slot slot="504">D0N31</slot>
            <slot slot="505">D0N31</slot>
            <slot slot="506">D0N31</slot>
            <slot slot="507">D0N31</slot>
            <slot slot="508">D0N31</slot>
            <slot slot="509">D0N31</slot>
            <slot slot="510">D0N47</slot>
            <slot slot="511">D0N47</slot>
            <slot slot="512">D0N47</slot>
            <slot slot="513">D0N47</slot>
            <slot slot="514">D0N47</slot>
            <slot slot="515">D0N47</slot>
            <slot slot="516">D0N47</slot>
            <slot slot="517">D0N47</slot>
            <slot slot="518">D0N47</slot>
            <slot slot="519">D0N47</slot>
            <slot slot="520">D0N47</slot>
            <slot slot="521">D0N47</slot>
            <slot slot="522">D0N47</slot>
            <slot slot="523">D0N47</slot>
            <slot slot="524">D0N47</slot>
            <slot slot="525">D0N47</slot>
            <slot slot="526">D0N47</slot>
            <slot slot="527">D0N47</slot>
            <slot slot="528">D0N47</slot>
            <slot slot="529">D0N47</slot>
            <slot slot="530">D0N47</slot>
            <slot slot="531">D0N47</slot>
            <slot slot="532">D0N47</slot>
            <slot slot="533">D0N47</slot>
            <slot slot="534">D0N47</slot>
            <slot slot="535">D0N47</slot>
            <slot slot="536">D0N47</slot>
            <slot slot="537">D0N47</slot>
            <slot slot="538">D0N47</slot>
            <slot slot="539">D0N47</slot>
            <slot slot="540">D0N47</slot>
            <slot slot="541">D0N47</slot>
            <slot slot="542">D0N47</slot>
            <slot slot="543">D0N47</slot>
            <slot slot="544">D0N47</slot>
            <slot slot="545">D0N47</slot>
            <slot slot="546">D0N47</slot>
            <slot slot="547">D0N47</slot>
            <slot slot="548">D0N47</slot>
            <slot slot="549">D0N47</slot>
            <slot slot="550">D0N47</slot>
            <slot slot="551">D0N47</slot>
            <slot slot="552">D0N47</slot>
            <slot slot="553">D0N47</slot>
            <slot slot="554">D0N47</slot>
            <slot slot="555">D0N47</slot>
            <slot slot="556">D0N47</slot>
            <slot slot="557">D0N47</slot>
            <slot slot="558">D0N47</slot>
            <slot slot="559">D0N47</slot>
            <slot slot="560">D0N47</slot>
            <slot slot="561">D0N47</slot>
            <slot slot="562">D0N47</slot>
            <slot slot="563">D0N47</slot>
            <slot slot="564">D0N47</slot>
            <slot slot="565">D0N47</slot>
            <slot slot="566">D0N47</slot>
            <slot slot="567">D0N47</slot>
            <slot slot="568">D0N47</slot>
            <slot slot="569">D0N47</slot>
            <slot slot="570">D0N47</slot>
            <slot slot="571">D0N47</slot>
            <slot slot="572">D0N47</slot>
            <slot slot="573">D0N47</slot>
            <slot slot="574">D0N47</slot>
            <slot slot="575">D0N47</slot>
            <slot slot="576">D0N47</slot>
            <slot slot="577">D0N47</slot>
            <slot slot="578">D0N47</slot>
            <slot slot="579">D0N47</slot>
            <slot slot="580">D0N34</slot>
            <slot slot="581">D0N34</slot>
            <slot slot="582">D0N34</slot>
            <slot slot="583">D0N34</slot>
            <slot slot="584">D0N34</slot>
            <slot slot="585">D0N34</slot>
            <slot slot="586">D0N34</slot>
            <slot slot="587">D0N34</slot>
            <slot slot="588">D0N34</slot>
            <slot slot="589">D0N34</slot>
            <slot slot="590">D0N40</slot>
            <slot slot="591">D0N40</slot>
            <slot slot="592">D0N40</slot>
            <slot slot="593">D0N40</slot>
            <slot slot="594">D0N40</slot>
            <slot slot="595">D0N40</slot>
            <slot slot="596">D0N40</slot>
            <slot slot="597">D0N40</slot>
            <slot slot="598">D0N40</slot>
            <slot slot="599">D0N40</slot>
            <slot slot="600">D0N44</slot>
            <slot slot="601">D0N44</slot>
            <slot slot="602">D0N44</slot>
            <slot slot="603">D0N44</slot>
            <slot slot="604">D0N44</slot>
            <slot slot="605">D0N44</slot>
            <slot slot="606">D0N44</slot>
            <slot slot="607">D0N44</slot>
            <slot slot="608">D0N44</slot>
            <slot slot="609">D0N44</slot>
            <slot slot="610">D0N49</slot>
            <slot slot="611">D0N49</slot>
            <slot slot="612">D0N49</slot>
            <slot slot="613">D0N49</slot>
            <slot slot="614">D0N49</slot>
            <slot slot="615">D0N49</slot>
            <slot slot="616">D0N49</slot>
            <slot slot="617">D0N49</slot>
            <slot slot="618">D0N49</slot>
            <slot slot="619">D0N49</slot>
            <slot slot="620">-</slot>
            <slot slot="621">-</slot>
            <slot slot="622">-</slot>
            <slot slot="623">-</slot>
            <slot slot="624">-</slot>
            <slot slot="625">-</slot>
            <slot slot="626">-</slot>
            <slot slot="627">-</slot>
            <slot slot="628">-</slot>
            <slot slot="629">-</slot>
            <slot slot="630">-</slot>
            <slot slot="631">-</slot>
            <slot slot="632">-</slot>
            <slot slot="633">-</slot>
            <slot slot="634">-</slot>
            <slot slot="635">-</slot>
            <slot slot="636">-</slot>
            <slot slot="637">-</slot>
            <slot slot="638">-</slot>
            <slot slot="639">-</slot>
            <slot slot="640">-</slot>
            <slot slot="641">-</slot>
            <slot slot="642">-</slot>
            <slot slot="643">-</slot>
            <slot slot="644">-</slot>
            <slot slot="645">-</slot>
            <slot slot="646">-</slot>
            <slot slot="647">-</slot>
            <slot slot="648">-</slot>
            <slot slot="649">-</slot>
            <slot slot="650">-</slot>
            <slot slot="651">-</slot>
            <slot slot="652">-</slot>
            <slot slot="653">-</slot>
            <slot slot="654">-</slot>
            <slot slot="655">-</slot>
            <slot slot="656">-</slot>
            <slot slot="657">-</slot>
            <slot slot="658">-</slot>
            <slot slot="659">-</slot>
            <slot slot="660">-</slot>
            <slot slot="661">-</slot>
            <slot slot="662">-</slot>
            <slot slot="663">-</slot>
            <slot slot="664">-</slot>
            <slot slot="665">-</slot>
            <slot slot="666">-</slot>
            <slot slot="667">-</slot>
            <slot slot="668">-</slot>
            <slot slot="669">-</slot>
            <slot slot="670">-</slot>
            <slot slot="671">-</slot>
            <slot slot="672">-</slot>
            <slot slot="673">-</slot>
            <slot slot="674">-</slot>
            <slot slot="675">-</slot>
            <slot slot="676">-</slot>
            <slot slot="677">-</slot>
            <slot slot="678">-</slot>
            <slot slot="679">-</slot>
            <slot slot="680">-</slot>
            <slot slot="681">-</slot>
            <slot slot="682">-</slot>
            <slot slot="683">-</slot>
            <slot slot="684">-</slot>
            <slot slot="685">-</slot>
            <slot slot="686">-</slot>
            <slot slot="687">-</slot>
            <slot slot="688">-</slot>
            <slot slot="689">-</slot>
            <slot slot="690">-</slot>
            <slot slot="691">-</slot>
            <slot slot="692">-</slot>
            <slot slot="693">-</slot>
            <slot slot="694">-</slot>
            <slot slot="695">-</slot>
            <slot slot="696">-</slot>
            <slot slot="697">-</slot>
            <slot slot="698">-</slot>
            <slot slot="699">-</slot>
            <slot slot="700">-</slot>
            <slot slot="701">-</slot>
            <slot slot="702">-</slot>
            <slot slot="703">-</slot>
            <slot slot="704">-</slot>
            <slot slot="705">-</slot>
            <slot slot="706">-</slot>
            <slot slot="707">-</slot>
            <slot slot="708">-</slot>
            <slot slot="709">-</slot>
            <slot slot="710">-</slot>
            <slot slot="711">-</slot>
            <slot slot="712">-</slot>
            <slot slot="713">-</slot>
            <slot slot="714">-</slot>
            <slot slot="715">-</slot>
            <slot slot="716">-</slot>
            <slot slot="717">-</slot>
            <slot slot="718">-</slot>
            <slot slot="719">-</slot>
            <slot slot="720">-</slot>
            <slot slot="721">-</slot>
            <slot slot="722">-</slot>
            <slot slot="723">-</slot>
            <slot slot="724">-</slot>
            <slot slot="725">-</slot>
            <slot slot="726">-</slot>
            <slot slot="727">-</slot>
            <slot slot="728">-</slot>
            <slot slot="729">-</slot>
            <slot slot="730">-</slot>
            <slot slot="731">-</slot>
            <slot slot="732">-</slot>
            <slot slot="733">-</slot>
            <slot slot="734">-</slot>
            <slot slot="735">-</slot>
            <slot slot="736">-</slot>
            <slot slot="737">-</slot>
            <slot slot="738">-</slot>
            <slot slot="739">-</slot>
            <slot slot="740">-</slot>
            <slot slot="741">-</slot>
            <slot slot="742">-</slot>
            <slot slot="743">-</slot>
            <slot slot="744">-</slot>
            <slot slot="745">-</slot>
            <slot slot="746">-</slot>
            <slot slot="747">-</slot>
            <slot slot="748">-</slot>
            <slot slot="749">-</slot>
            <slot slot="750">-</slot>
            <slot slot="751">-</slot>
            <slot slot="752">-</slot>
            <slot slot="753">-</slot>
            <slot slot="754">-</slot>
            <slot slot="755">-</slot>
            <slot slot="756">-</slot>
            <slot slot="757">-</slot>
            <slot slot="758">-</slot>
            <slot slot="759">-</slot>
            <slot slot="760">-</slot>
            <slot slot="761">-</slot>
            <slot slot="762">-</slot>
            <slot slot="763">-</slot>
            <slot slot="764">-</slot>
            <slot slot="765">-</slot>
            <slot slot="766">-</slot>
            <slot slot="767">-</slot>
            <slot slot="768">-</slot>
            <slot slot="769">-</slot>
            <slot slot="770">-</slot>
            <slot slot="771">-</slot>
            <slot slot="772">-</slot>
            <slot slot="773">-</slot>
            <slot slot="774">-</slot>
            <slot slot="775">-</slot>
            <slot slot="776">-</slot>
            <slot slot="777">-</slot>
            <slot slot="778">-</slot>
            <slot slot="779">-</slot>
            <slot slot="780">-</slot>
            <slot slot="781">-</slot>
            <slot slot="782">-</slot>
            <slot slot="783">-</slot>
            <slot slot="784">-</slot>
            <slot slot="785">-</slot>
            <slot slot="786">-</slot>
            <slot slot="787">-</slot>
            <slot slot="788">-</slot>
            <slot slot="789">-</slot>
            <slot slot="790">-</slot>
            <slot slot="791">-</slot>
            <slot slot="792">-</slot>
            <slot slot="793">-</slot>
            <slot slot="794">-</slot>
            <slot slot="795">-</slot>
            <slot slot="796">-</slot>
            <slot slot="797">-</slot>
            <slot slot="798">-</slot>
            <slot slot="799">-</slot>
            <slot slot="800">-</slot>
            <slot slot="801">-</slot>
            <slot slot="802">-</slot>
            <slot slot="803">-</slot>
            <slot slot="804">-</slot>
            <slot slot="805">-</slot>
            <slot slot="806">-</slot>
            <slot slot="807">-</slot>
            <slot slot="808">-</slot>
            <slot slot="809">-</slot>
            <slot slot="810">-</slot>
            <slot slot="811">-</slot>
            <slot slot="812">-</slot>
            <slot slot="813">-</slot>
            <slot slot="814">-</slot>
            <slot slot="815">-</slot>
            <slot slot="816">-</slot>
            <slot slot="817">-</slot>
            <slot slot="818">-</slot>
            <slot slot="819">-</slot>
            <slot slot="820">-</slot>
            <slot slot="821">-</slot>
            <slot slot="822">-</slot>
            <slot slot="823">-</slot>
            <slot slot="824">-</slot>
            <slot slot="825">-</slot>
            <slot slot="826">-</slot>
            <slot slot="827">-</slot>
            <slot slot="828">-</slot>
            <slot slot="829">-</slot>
            <slot slot="830">-</slot>
            <slot slot="831">-</slot>
            <slot slot="832">-</slot>
            <slot slot="833">-</slot>
            <slot slot="834">-</slot>
            <slot slot="835">-</slot>
            <slot slot="836">-</slot>
            <slot slot="837">-</slot>
            <slot slot="838">-</slot>
            <slot slot="839">-</slot>
            <slot slot="840">-</slot>
            <slot slot="841">-</slot>
            <slot slot="842">-</slot>
            <slot slot="843">-</slot>
            <slot slot="844">-</slot>
            <slot slot="845">-</slot>
            <slot slot="846">-</slot>
            <slot slot="847">-</slot>
            <slot slot="848">-</slot>
            <slot slot="849">-</slot>
            <slot slot="850">-</slot>
            <slot slot="851">-</slot>
            <slot slot="852">-</slot>
            <slot slot="853">-</slot>
            <slot slot="854">-</slot>
            <slot slot="855">-</slot>
            <slot slot="856">-</slot>
            <slot slot="857">-</slot>
            <slot slot="858">-</slot>
            <slot slot="859">-</slot>
            <slot slot="860">-</slot>
            <slot slot="861">-</slot>
            <slot slot="862">-</slot>
            <slot slot="863">-</slot>
            <slot slot="864">-</slot>
            <slot slot="865">-</slot>
            <slot slot="866">-</slot>
            <slot slot="867">-</slot>
            <slot slot="868">-</slot>
            <slot slot="869">-</slot>
            <slot slot="870">-</slot>
            <slot slot="871">-</slot>
            <slot slot="872">-</slot>
            <slot slot="873">-</slot>
            <slot slot="874">-</slot>
            <slot slot="875">-</slot>
            <slot slot="876">-</slot>
            <slot slot="877">-</slot>
            <slot slot="878">-</slot>
            <slot slot="879">-</slot>
            <slot slot="880">-</slot>
            <slot slot="881">-</slot>
            <slot slot="882">-</slot>
            <slot slot="883">-</slot>
            <slot slot="884">-</slot>
            <slot slot="885">-</slot>
            <slot slot="886">-</slot>
            <slot slot="887">-</slot>
            <slot slot="888">-</slot>
            <slot slot="889">-</slot>
            <slot slot="890">-</slot>
            <slot slot="891">-</slot>
            <slot slot="892">-</slot>
            <slot slot="893">-</slot>
            <slot slot="894">-</slot>
            <slot slot="895">-</slot>
            <slot slot="896">-</slot>
            <slot slot="897">-</slot>
            <slot slot="898">-</slot>
            <slot slot="899">-</slot>
            <slot slot="900">-</slot>
            <slot slot="901">-</slot>
            <slot slot="902">-</slot>
            <slot slot="903">-</slot>
            <slot slot="904">-</slot>
            <slot slot="905">-</slot>
            <slot slot="906">-</slot>
            <slot slot="907">-</slot>
            <slot slot="908">-</slot>
            <slot slot="909">-</slot>
            <slot slot="910">-</slot>
            <slot slot="911">-</slot>
            <slot slot="912">-</slot>
            <slot slot="913">-</slot>
            <slot slot="914">-</slot>
            <slot slot="915">-</slot>
            <slot slot="916">-</slot>
            <slot slot="917">-</slot>
            <slot slot="918">-</slot>
            <slot slot="919">-</slot>
            <slot slot="920">-</slot>
            <slot slot="921">-</slot>
            <slot slot="922">-</slot>
            <slot slot="923">-</slot>
            <slot slot="924">-</slot>
            <slot slot="925">-</slot>
            <slot slot="926">-</slot>
            <slot slot="927">-</slot>
            <slot slot="928">-</slot>
            <slot slot="929">-</slot>
            <slot slot="930">-</slot>
            <slot slot="931">-</slot>
            <slot slot="932">-</slot>
            <slot slot="933">-</slot>
            <slot slot="934">-</slot>
            <slot slot="935">-</slot>
            <slot slot="936">-</slot>
            <slot slot="937">-</slot>
            <slot slot="938">-</slot>
            <slot slot="939">-</slot>
            <slot slot="940">-</slot>
            <slot slot="941">-</slot>
            <slot slot="942">-</slot>
            <slot slot="943">-</slot>
            <slot slot="944">-</slot>
            <slot slot="945">-</slot>
            <slot slot="946">-</slot>
            <slot slot="947">-</slot>
            <slot slot="948">-</slot>
            <slot slot="949">-</slot>
            <slot slot="950">-</slot>
            <slot slot="951">-</slot>
            <slot slot="952">-</slot>
            <slot slot="953">-</slot>
            <slot slot="954">-</slot>
            <slot slot="955">-</slot>
            <slot slot="956">-</slot>
            <slot slot="957">-</slot>
            <slot slot="958">-</slot>
            <slot slot="959">-</slot>
            <slot slot="960">-</slot>
            <slot slot="961">-</slot>
            <slot slot="962">-</slot>
            <slot slot="963">-</slot>
            <slot slot="964">-</slot>
            <slot slot="965">-</slot>
            <slot slot="966">-</slot>
            <slot slot="967">-</slot>
            <slot slot="968">-</slot>
            <slot slot="969">-</slot>
            <slot slot="970">-</slot>
            <slot slot="971">-</slot>
            <slot slot="972">-</slot>
            <slot slot="973">-</slot>
            <slot slot="974">-</slot>
            <slot slot="975">-</slot>
            <slot slot="976">-</slot>
            <slot slot="977">-</slot>
            <slot slot="978">-</slot>
            <slot slot="979">-</slot>
            <slot slot="980">-</slot>
            <slot slot="981">-</slot>
            <slot slot="982">-</slot>
            <slot slot="983">-</slot>
            <slot slot="984">-</slot>
            <slot slot="985">-</slot>
            <slot slot="986">-</slot>
            <slot slot="987">-</slot>
            <slot slot="988">-</slot>
            <slot slot="989">-</slot>
            <slot slot="990">-</slot>
            <slot slot="991">-</slot>
            <slot slot="992">-</slot>
            <slot slot="993">-</slot>
            <slot slot="994">-</slot>
            <slot slot="995">-</slot>
            <slot slot="996">-</slot>
            <slot slot="997">-</slot>
            <slot slot="998">-</slot>
            <slot slot="999">-</slot>
            <slot slot="1000">-</slot>
            <slot slot="1001">-</slot>
            <slot slot="1002">-</slot>
            <slot slot="1003">-</slot>
            <slot slot="1004">-</slot>
            <slot slot="1005">-</slot>
            <slot slot="1006">-</slot>
            <slot slot="1007">-</slot>
            <slot slot="1008">-</slot>
            <slot slot="1009">-</slot>
            <slot slot="1010">-</slot>
            <slot slot="1011">-</slot>
            <slot slot="1012">-</slot>
            <slot slot="1013">-</slot>
            <slot slot="1014">-</slot>
            <slot slot="1015">-</slot>
            <slot slot="1016">-</slot>
            <slot slot="1017">-</slot>
            <slot slot="1018">-</slot>
            <slot slot="1019">-</slot>
            <slot slot="1020">-</slot>
            <slot slot="1021">-</slot>
            <slot slot="1022">-</slot>
            <slot slot="1023">-</slot>
            <slot slot="1024">-</slot>
            <slot slot="1025">-</slot>
            <slot slot="1026">-</slot>
            <slot slot="1027">-</slot>
            <slot slot="1028">-</slot>
            <slot slot="1029">-</slot>
            <slot slot="1030">-</slot>
            <slot slot="1031">-</slot>
            <slot slot="1032">-</slot>
            <slot slot="1033">-</slot>
            <slot slot="1034">-</slot>
            <slot slot="1035">-</slot>
            <slot slot="1036">-</slot>
            <slot slot="1037">-</slot>
            <slot slot="1038">-</slot>
            <slot slot="1039">-</slot>
            <slot slot="1040">-</slot>
            <slot slot="1041">-</slot>
            <slot slot="1042">-</slot>
            <slot slot="1043">-</slot>
            <slot slot="1044">-</slot>
            <slot slot="1045">-</slot>
            <slot slot="1046">-</slot>
            <slot slot="1047">-</slot>
            <slot slot="1048">-</slot>
            <slot slot="1049">-</slot>
            <slot slot="1050">-</slot>
            <slot slot="1051">-</slot>
            <slot slot="1052">-</slot>
            <slot slot="1053">-</slot>
            <slot slot="1054">-</slot>
            <slot slot="1055">-</slot>
            <slot slot="1056">-</slot>
            <slot slot="1057">-</slot>
            <slot slot="1058">-</slot>
            <slot slot="1059">-</slot>
            <slot slot="1060">-</slot>
            <slot slot="1061">-</slot>
            <slot slot="1062">-</slot>
            <slot slot="1063">-</slot>
            <slot slot="1064">-</slot>
            <slot slot="1065">-</slot>
            <slot slot="1066">-</slot>
            <slot slot="1067">-</slot>
            <slot slot="1068">-</slot>
            <slot slot="1069">-</slot>
            <slot slot="1070">-</slot>
            <slot slot="1071">-</slot>
            <slot slot="1072">-</slot>
            <slot slot="1073">-</slot>
            <slot slot="1074">-</slot>
            <slot slot="1075">-</slot>
            <slot slot="1076">-</slot>
            <slot slot="1077">-</slot>
            <slot slot="1078">-</slot>
            <slot slot="1079">-</slot>
            <slot slot="1080">-</slot>
            <slot slot="1081">-</slot>
            <slot slot="1082">-</slot>
            <slot slot="1083">-</slot>
            <slot slot="1084">-</slot>
            <slot slot="1085">-</slot>
            <slot slot="1086">-</slot>
            <slot slot="1087">-</slot>
            <slot slot="1088">-</slot>
            <slot slot="1089">-</slot>
            <slot slot="1090">-</slot>
            <slot slot="1091">-</slot>
            <slot slot="1092">-</slot>
            <slot slot="1093">-</slot>
            <slot slot="1094">-</slot>
            <slot slot="1095">-</slot>
            <slot slot="1096">-</slot>
            <slot slot="1097">-</slot>
            <slot slot="1098">-</slot>
            <slot slot="1099">-</slot>
            <slot slot="1100">-</slot>
            <slot slot="1101">-</slot>
            <slot slot="1102">-</slot>
            <slot slot="1103">-</slot>
            <slot slot="1104">-</slot>
            <slot slot="1105">-</slot>
            <slot slot="1106">-</slot>
            <slot slot="1107">-</slot>
            <slot slot="1108">-</slot>
            <slot slot="1109">-</slot>
            <slot slot="1110">-</slot>
            <slot slot="1111">-</slot>
            <slot slot="1112">-</slot>
            <slot slot="1113">-</slot>
            <slot slot="1114">-</slot>
            <slot slot="1115">-</slot>
            <slot slot="1116">-</slot>
            <slot slot="1117">-</slot>
            <slot slot="1118">-</slot>
            <slot slot="1119">-</slot>
            <slot slot="1120">-</slot>
            <slot slot="1121">-</slot>
            <slot slot="1122">-</slot>
            <slot slot="1123">-</slot>
            <slot slot="1124">-</slot>
            <slot slot="1125">-</slot>
            <slot slot="1126">-</slot>
            <slot slot="1127">-</slot>
            <slot slot="1128">-</slot>
            <slot slot="1129">-</slot>
            <slot slot="1130">-</slot>
            <slot slot="1131">-</slot>
            <slot slot="1132">-</slot>
            <slot slot="1133">-</slot>
            <slot slot="1134">-</slot>
            <slot slot="1135">-</slot>
            <slot slot="1136">-</slot>
            <slot slot="1137">-</slot>
            <slot slot="1138">-</slot>
            <slot slot="1139">-</slot>
            <slot slot="1140">-</slot>
            <slot slot="1141">-</slot>
            <slot slot="1142">-</slot>
            <slot slot="1143">-</slot>
            <slot slot="1144">-</slot>
            <slot slot="1145">-</slot>
            <slot slot="1146">-</slot>
            <slot slot="1147">-</slot>
            <slot slot="1148">-</slot>
            <slot slot="1149">-</slot>
            <slot slot="1150">-</slot>
            <slot slot="1151">-</slot>
            <slot slot="1152">-</slot>
            <slot slot="1153">-</slot>
            <slot slot="1154">-</slot>
            <slot slot="1155">-</slot>
            <slot slot="1156">-</slot>
            <slot slot="1157">-</slot>
            <slot slot="1158">-</slot>
            <slot slot="1159">-</slot>
            <slot slot="1160">-</slot>
            <slot slot="1161">-</slot>
            <slot slot="1162">-</slot>
            <slot slot="1163">-</slot>
            <slot slot="1164">-</slot>
            <slot slot="1165">-</slot>
            <slot slot="1166">-</slot>
            <slot slot="1167">-</slot>
            <slot slot="1168">-</slot>
            <slot slot="1169">-</slot>
            <slot slot="1170">-</slot>
            <slot slot="1171">-</slot>
            <slot slot="1172">-</slot>
            <slot slot="1173">-</slot>
            <slot slot="1174">-</slot>
            <slot slot="1175">-</slot>
            <slot slot="1176">-</slot>
            <slot slot="1177">-</slot>
            <slot slot="1178">-</slot>
            <slot slot="1179">-</slot>
            <slot slot="1180">-</slot>
            <slot slot="1181">-</slot>
            <slot slot="1182">-</slot>
            <slot slot="1183">-</slot>
            <slot slot="1184">-</slot>
            <slot slot="1185">-</slot>
            <slot slot="1186">-</slot>
            <slot slot="1187">-</slot>
            <slot slot="1188">-</slot>
            <slot slot="1189">-</slot>
            <slot slot="1190">-</slot>
            <slot slot="1191">-</slot>
            <slot slot="1192">-</slot>
            <slot slot="1193">-</slot>
            <slot slot="1194">-</slot>
            <slot slot="1195">-</slot>
            <slot slot="1196">-</slot>
            <slot slot="1197">-</slot>
            <slot slot="1198">-</slot>
            <slot slot="1199">-</slot>
            <slot slot="1200">-</slot>
            <slot slot="1201">-</slot>
            <slot slot="1202">-</slot>
            <slot slot="1203">-</slot>
            <slot slot="1204">-</slot>
            <slot slot="1205">-</slot>
            <slot slot="1206">-</slot>
            <slot slot="1207">-</slot>
            <slot slot="1208">-</slot>
            <slot slot="1209">-</slot>
            <slot slot="1210">-</slot>
            <slot slot="1211">-</slot>
            <slot slot="1212">-</slot>
            <slot slot="1213">-</slot>
            <slot slot="1214">-</slot>
            <slot slot="1215">-</slot>
            <slot slot="1216">-</slot>
            <slot slot="1217">-</slot>
            <slot slot="1218">-</slot>
            <slot slot="1219">-</slot>
            <slot slot="1220">-</slot>
            <slot slot="1221">-</slot>
            <slot slot="1222">-</slot>
            <slot slot="1223">-</slot>
            <slot slot="1224">-</slot>
            <slot slot="1225">-</slot>
            <slot slot="1226">-</slot>
            <slot slot="1227">-</slot>
            <slot slot="1228">-</slot>
            <slot slot="1229">-</slot>
            <slot slot="1230">-</slot>
            <slot slot="1231">-</slot>
            <slot slot="1232">-</slot>
            <slot slot="1233">-</slot>
            <slot slot="1234">-</slot>
            <slot slot="1235">-</slot>
            <slot slot="1236">-</slot>
            <slot slot="1237">-</slot>
            <slot slot="1238">-</slot>
            <slot slot="1239">-</slot>
            <slot slot="1240">-</slot>
            <slot slot="1241">-</slot>
            <slot slot="1242">-</slot>
            <slot slot="1243">-</slot>
            <slot slot="1244">-</slot>
            <slot slot="1245">-</slot>
            <slot slot="1246">-</slot>
            <slot slot="1247">-</slot>
            <slot slot="1248">-</slot>
            <slot slot="1249">-</slot>
            <slot slot="1250">-</slot>
            <slot slot="1251">-</slot>
            <slot slot="1252">-</slot>
            <slot slot="1253">-</slot>
            <slot slot="1254">-</slot>
            <slot slot="1255">-</slot>
            <slot slot="1256">-</slot>
            <slot slot="1257">-</slot>
            <slot slot="1258">-</slot>
            <slot slot="1259">-</slot>
            <slot slot="1260">-</slot>
            <slot slot="1261">-</slot>
            <slot slot="1262">-</slot>
            <slot slot="1263">-</slot>
            <slot slot="1264">-</slot>
            <slot slot="1265">-</slot>
            <slot slot="1266">-</slot>
            <slot slot="1267">-</slot>
            <slot slot="1268">-</slot>
            <slot slot="1269">-</slot>
            <slot slot="1270">-</slot>
            <slot slot="1271">-</slot>
            <slot slot="1272">-</slot>
            <slot slot="1273">-</slot>
            <slot slot="1274">-</slot>
            <slot slot="1275">-</slot>
            <slot slot="1276">-</slot>
            <slot slot="1277">-</slot>
            <slot slot="1278">-</slot>
            <slot slot="1279">-</slot>
            <slot slot="1280">-</slot>
            <slot slot="1281">-</slot>
            <slot slot="1282">-</slot>
            <slot slot="1283">-</slot>
            <slot slot="1284">-</slot>
            <slot slot="1285">-</slot>
            <slot slot="1286">-</slot>
            <slot slot="1287">-</slot>
            <slot slot="1288">-</slot>
            <slot slot="1289">-</slot>
            <slot slot="1290">-</slot>
            <slot slot="1291">-</slot>
            <slot slot="1292">-</slot>
            <slot slot="1293">-</slot>
            <slot slot="1294">-</slot>
            <slot slot="1295">-</slot>
            <slot slot="1296">-</slot>
            <slot slot="1297">-</slot>
            <slot slot="1298">-</slot>
            <slot slot="1299">-</slot>
            <slot slot="1300">-</slot>
            <slot slot="1301">-</slot>
            <slot slot="1302">-</slot>
            <slot slot="1303">-</slot>
            <slot slot="1304">-</slot>
            <slot slot="1305">-</slot>
            <slot slot="1306">-</slot>
            <slot slot="1307">-</slot>
            <slot slot="1308">-</slot>
            <slot slot="1309">-</slot>
            <slot slot="1310">-</slot>
            <slot slot="1311">-</slot>
            <slot slot="1312">-</slot>
            <slot slot="1313">-</slot>
            <slot slot="1314">-</slot>
            <slot slot="1315">-</slot>
            <slot slot="1316">-</slot>
            <slot slot="1317">-</slot>
            <slot slot="1318">-</slot>
            <slot slot="1319">-</slot>
            <slot slot="1320">-</slot>
            <slot slot="1321">-</slot>
            <slot slot="1322">-</slot>
            <slot slot="1323">-</slot>
            <slot slot="1324">-</slot>
            <slot slot="1325">-</slot>
            <slot slot="1326">-</slot>
            <slot slot="1327">-</slot>
            <slot slot="1328">-</slot>
            <slot slot="1329">-</slot>
            <slot slot="1330">-</slot>
            <slot slot="1331">-</slot>
            <slot slot="1332">-</slot>
            <slot slot="1333">-</slot>
            <slot slot="1334">-</slot>
            <slot slot="1335">-</slot>
            <slot slot="1336">-</slot>
            <slot slot="1337">-</slot>
            <slot slot="1338">-</slot>
            <slot slot="1339">-</slot>
            <slot slot="1340">-</slot>
            <slot slot="1341">-</slot>
            <slot slot="1342">-</slot>
            <slot slot="1343">-</slot>
            <slot slot="1344">-</slot>
            <slot slot="1345">-</slot>
            <slot slot="1346">-</slot>
            <slot slot="1347">-</slot>
            <slot slot="1348">-</slot>
            <slot slot="1349">-</slot>
            <slot slot="1350">-</slot>
            <slot slot="1351">-</slot>
            <slot slot="1352">-</slot>
            <slot slot="1353">-</slot>
            <slot slot="1354">-</slot>
            <slot slot="1355">-</slot>
            <slot slot="1356">-</slot>
            <slot slot="1357">-</slot>
            <slot slot="1358">-</slot>
            <slot slot="1359">-</slot>
            <slot slot="1360">-</slot>
            <slot slot="1361">-</slot>
            <slot slot="1362">-</slot>
            <slot slot="1363">-</slot>
            <slot slot="1364">-</slot>
            <slot slot="1365">-</slot>
            <slot slot="1366">-</slot>
            <slot slot="1367">-</slot>
            <slot slot="1368">-</slot>
            <slot slot="1369">-</slot>
            <slot slot="1370">-</slot>
            <slot slot="1371">-</slot>
            <slot slot="1372">-</slot>
            <slot slot="1373">-</slot>
            <slot slot="1374">-</slot>
            <slot slot="1375">-</slot>
            <slot slot="1376">-</slot>
            <slot slot="1377">-</slot>
            <slot slot="1378">-</slot>
            <slot slot="1379">-</slot>
            <slot slot="1380">-</slot>
            <slot slot="1381">-</slot>
            <slot slot="1382">-</slot>
            <slot slot="1383">-</slot>
            <slot slot="1384">-</slot>
            <slot slot="1385">-</slot>
            <slot slot="1386">-</slot>
            <slot slot="1387">-</slot>
            <slot slot="1388">-</slot>
            <slot slot="1389">-</slot>
            <slot slot="1390">-</slot>
            <slot slot="1391">-</slot>
            <slot slot="1392">-</slot>
            <slot slot="1393">-</slot>
            <slot slot="1394">-</slot>
            <slot slot="1395">-</slot>
            <slot slot="1396">-</slot>
            <slot slot="1397">-</slot>
            <slot slot="1398">-</slot>
            <slot slot="1399">-</slot>
            <slot slot="1400">-</slot>
            <slot slot="1401">-</slot>
            <slot slot="1402">-</slot>
            <slot slot="1403">-</slot>
            <slot slot="1404">-</slot>
            <slot slot="1405">-</slot>
            <slot slot="1406">-</slot>
            <slot slot="1407">-</slot>
            <slot slot="1408">-</slot>
            <slot slot="1409">-</slot>
            <slot slot="1410">-</slot>
            <slot slot="1411">-</slot>
            <slot slot="1412">-</slot>
            <slot slot="1413">-</slot>
            <slot slot="1414">-</slot>
            <slot slot="1415">-</slot>
            <slot slot="1416">-</slot>
            <slot slot="1417">-</slot>
            <slot slot="1418">-</slot>
            <slot slot="1419">-</slot>
            <slot slot="1420">-</slot>
            <slot slot="1421">-</slot>
            <slot slot="1422">-</slot>
            <slot slot="1423">-</slot>
            <slot slot="1424">-</slot>
            <slot slot="1425">-</slot>
            <slot slot="1426">-</slot>
            <slot slot="1427">-</slot>
            <slot slot="1428">-</slot>
            <slot slot="1429">-</slot>
            <slot slot="1430">-</slot>
            <slot slot="1431">-</slot>
            <slot slot="1432">-</slot>
            <slot slot="1433">-</slot>
            <slot slot="1434">-</slot>
            <slot slot="1435">-</slot>
            <slot slot="1436">-</slot>
            <slot slot="1437">-</slot>
            <slot slot="1438">-</slot>
            <slot slot="1439">-</slot>
            <slot slot="1440">-</slot>
            <slot slot="1441">-</slot>
            <slot slot="1442">-</slot>
            <slot slot="1443">-</slot>
            <slot slot="1444">-</slot>
            <slot slot="1445">-</slot>
            <slot slot="1446">-</slot>
            <slot slot="1447">-</slot>
            <slot slot="1448">-</slot>
            <slot slot="1449">-</slot>
            <slot slot="1450">-</slot>
            <slot slot="1451">-</slot>
            <slot slot="1452">-</slot>
            <slot slot="1453">-</slot>
            <slot slot="1454">-</slot>
            <slot slot="1455">-</slot>
            <slot slot="1456">-</slot>
            <slot slot="1457">-</slot>
            <slot slot="1458">-</slot>
            <slot slot="1459">-</slot>
            <slot slot="1460">-</slot>
            <slot slot="1461">-</slot>
            <slot slot="1462">-</slot>
            <slot slot="1463">-</slot>
            <slot slot="1464">-</slot>
            <slot slot="1465">-</slot>
            <slot slot="1466">-</slot>
            <slot slot="1467">-</slot>
            <slot slot="1468">-</slot>
            <slot slot="1469">-</slot>
            <slot slot="1470">-</slot>
            <slot slot="1471">-</slot>
            <slot slot="1472">-</slot>
            <slot slot="1473">-</slot>
            <slot slot="1474">-</slot>
            <slot slot="1475">-</slot>
            <slot slot="1476">-</slot>
            <slot slot="1477">-</slot>
            <slot slot="1478">-</slot>
            <slot slot="1479">-</slot>
            <slot slot="1480">-</slot>
            <slot slot="1481">-</slot>
            <slot slot="1482">-</slot>
            <slot slot="1483">-</slot>
            <slot slot="1484">-</slot>
            <slot slot="1485">-</slot>
            <slot slot="1486">-</slot>
            <slot slot="1487">-</slot>
            <slot slot="1488">-</slot>
            <slot slot="1489">-</slot>
            <slot slot="1490">-</slot>
            <slot slot="1491">-</slot>
            <slot slot="1492">-</slot>
            <slot slot="1493">-</slot>
            <slot slot="1494">-</slot>
            <slot slot="1495">-</slot>
            <slot slot="1496">-</slot>
            <slot slot="1497">-</slot>
            <slot slot="1498">-</slot>
            <slot slot="1499">-</slot>
            <slot slot="1500">-</slot>
            <slot slot="1501">-</slot>
            <slot slot="1502">-</slot>
            <slot slot="1503">-</slot>
            <slot slot="1504">-</slot>
            <slot slot="1505">-</slot>
            <slot slot="1506">-</slot>
            <slot slot="1507">-</slot>
            <slot slot="1508">-</slot>
            <slot slot="1509">-</slot>
            <slot slot="1510">-</slot>
            <slot slot="1511">-</slot>
            <slot slot="1512">-</slot>
            <slot slot="1513">-</slot>
            <slot slot="1514">-</slot>
            <slot slot="1515">-</slot>
            <slot slot="1516">-</slot>
            <slot slot="1517">-</slot>
            <slot slot="1518">-</slot>
            <slot slot="1519">-</slot>
            <slot slot="1520">-</slot>
            <slot slot="1521">-</slot>
            <slot slot="1522">-</slot>
            <slot slot="1523">-</slot>
            <slot slot="1524">-</slot>
            <slot slot="1525">-</slot>
            <slot slot="1526">-</slot>
            <slot slot="1527">-</slot>
            <slot slot="1528">-</slot>
            <slot slot="1529">-</slot>
            <slot slot="1530">-</slot>
            <slot slot="1531">-</slot>
            <slot slot="1532">-</slot>
            <slot slot="1533">-</slot>
            <slot slot="1534">-</slot>
            <slot slot="1535">-</slot>
            <slot slot="1536">-</slot>
            <slot slot="1537">-</slot>
            <slot slot="1538">-</slot>
            <slot slot="1539">-</slot>
            <slot slot="1540">-</slot>
            <slot slot="1541">-</slot>
            <slot slot="1542">-</slot>
            <slot slot="1543">-</slot>
            <slot slot="1544">-</slot>
            <slot slot="1545">-</slot>
            <slot slot="1546">-</slot>
            <slot slot="1547">-</slot>
            <slot slot="1548">-</slot>
            <slot slot="1549">-</slot>
            <slot slot="1550">-</slot>
            <slot slot="1551">-</slot>
            <slot slot="1552">-</slot>
            <slot slot="1553">-</slot>
            <slot slot="1554">-</slot>
            <slot slot="1555">-</slot>
            <slot slot="1556">-</slot>
            <slot slot="1557">-</slot>
            <slot slot="1558">-</slot>
            <slot slot="1559">-</slot>
            <slot slot="1560">-</slot>
            <slot slot="1561">-</slot>
            <slot slot="1562">-</slot>
            <slot slot="1563">-</slot>
            <slot slot="1564">-</slot>
            <slot slot="1565">-</slot>
            <slot slot="1566">-</slot>
            <slot slot="1567">-</slot>
            <slot slot="1568">-</slot>
            <slot slot="1569">-</slot>
            <slot slot="1570">-</slot>
            <slot slot="1571">-</slot>
            <slot slot="1572">-</slot>
            <slot slot="1573">-</slot>
            <slot slot="1574">-</slot>
            <slot slot="1575">-</slot>
            <slot slot="1576">-</slot>
            <slot slot="1577">-</slot>
            <slot slot="1578">-</slot>
            <slot slot="1579">-</slot>
            <slot slot="1580">-</slot>
            <slot slot="1581">-</slot>
            <slot slot="1582">-</slot>
            <slot slot="1583">-</slot>
            <slot slot="1584">-</slot>
            <slot slot="1585">-</slot>
            <slot slot="1586">-</slot>
            <slot slot="1587">-</slot>
            <slot slot="1588">-</slot>
            <slot slot="1589">-</slot>
            <slot slot="1590">-</slot>
            <slot slot="1591">-</slot>
            <slot slot="1592">-</slot>
            <slot slot="1593">-</slot>
            <slot slot="1594">-</slot>
            <slot slot="1595">-</slot>
            <slot slot="1596">-</slot>
            <slot slot="1597">-</slot>
            <slot slot="1598">-</slot>
            <slot slot="1599">-</slot>
            <slot slot="1600">-</slot>
            <slot slot="1601">-</slot>
            <slot slot="1602">-</slot>
            <slot slot="1603">-</slot>
            <slot slot="1604">-</slot>
            <slot slot="1605">-</slot>
            <slot slot="1606">-</slot>
            <slot slot="1607">-</slot>
            <slot slot="1608">-</slot>
            <slot slot="1609">-</slot>
            <slot slot="1610">-</slot>
            <slot slot="1611">-</slot>
            <slot slot="1612">-</slot>
            <slot slot="1613">-</slot>
            <slot slot="1614">-</slot>
            <slot slot="1615">-</slot>
            <slot slot="1616">-</slot>
            <slot slot="1617">-</slot>
            <slot slot="1618">-</slot>
            <slot slot="1619">-</slot>
            <slot slot="1620">-</slot>
            <slot slot="1621">-</slot>
            <slot slot="1622">-</slot>
            <slot slot="1623">-</slot>
            <slot slot="1624">-</slot>
            <slot slot="1625">-</slot>
            <slot slot="1626">-</slot>
            <slot slot="1627">-</slot>
            <slot slot="1628">-</slot>
            <slot slot="1629">-</slot>
            <slot slot="1630">-</slot>
            <slot slot="1631">-</slot>
            <slot slot="1632">-</slot>
            <slot slot="1633">-</slot>
            <slot slot="1634">-</slot>
            <slot slot="1635">-</slot>
            <slot slot="1636">-</slot>
            <slot slot="1637">-</slot>
            <slot slot="1638">-</slot>
            <slot slot="1639">-</slot>
            <slot slot="1640">-</slot>
            <slot slot="1641">-</slot>
            <slot slot="1642">-</slot>
            <slot slot="1643">-</slot>
            <slot slot="1644">-</slot>
            <slot slot="1645">-</slot>
            <slot slot="1646">-</slot>
            <slot slot="1647">-</slot>
            <slot slot="1648">-</slot>
            <slot slot="1649">-</slot>
            <slot slot="1650">-</slot>
            <slot slot="1651">-</slot>
            <slot slot="1652">-</slot>
            <slot slot="1653">-</slot>
            <slot slot="1654">-</slot>
            <slot slot="1655">-</slot>
            <slot slot="1656">-</slot>
            <slot slot="1657">-</slot>
            <slot slot="1658">-</slot>
            <slot slot="1659">-</slot>
            <slot slot="1660">-</slot>
            <slot slot="1661">-</slot>
            <slot slot="1662">-</slot>
            <slot slot="1663">-</slot>
            <slot slot="1664">-</slot>
            <slot slot="1665">-</slot>
            <slot slot="1666">-</slot>
            <slot slot="1667">-</slot>
            <slot slot="1668">-</slot>
            <slot slot="1669">-</slot>
            <slot slot="1670">-</slot>
            <slot slot="1671">-</slot>
            <slot slot="1672">-</slot>
            <slot slot="1673">-</slot>
            <slot slot="1674">-</slot>
            <slot slot="1675">-</slot>
            <slot slot="1676">-</slot>
            <slot slot="1677">-</slot>
            <slot slot="1678">-</slot>
            <slot slot="1679">-</slot>
            <slot slot="1680">-</slot>
            <slot slot="1681">-</slot>
            <slot slot="1682">-</slot>
            <slot slot="1683">-</slot>
            <slot slot="1684">-</slot>
            <slot slot="1685">-</slot>
            <slot slot="1686">-</slot>
            <slot slot="1687">-</slot>
            <slot slot="1688">-</slot>
            <slot slot="1689">-</slot>
            <slot slot="1690">-</slot>
            <slot slot="1691">-</slot>
            <slot slot="1692">-</slot>
            <slot slot="1693">-</slot>
            <slot slot="1694">-</slot>
            <slot slot="1695">-</slot>
            <slot slot="1696">-</slot>
            <slot slot="1697">-</slot>
            <slot slot="1698">-</slot>
            <slot slot="1699">-</slot>
            <slot slot="1700">-</slot>
            <slot slot="1701">-</slot>
            <slot slot="1702">-</slot>
            <slot slot="1703">-</slot>
            <slot slot="1704">-</slot>
            <slot slot="1705">-</slot>
            <slot slot="1706">-</slot>
            <slot slot="1707">-</slot>
            <slot slot="1708">-</slot>
            <slot slot="1709">-</slot>
            <slot slot="1710">-</slot>
            <slot slot="1711">-</slot>
            <slot slot="1712">-</slot>
            <slot slot="1713">-</slot>
            <slot slot="1714">-</slot>
            <slot slot="1715">-</slot>
            <slot slot="1716">-</slot>
            <slot slot="1717">-</slot>
            <slot slot="1718">-</slot>
            <slot slot="1719">-</slot>
            <slot slot="1720">-</slot>
            <slot slot="1721">-</slot>
            <slot slot="1722">-</slot>
            <slot slot="1723">-</slot>
            <slot slot="1724">-</slot>
            <slot slot="1725">-</slot>
            <slot slot="1726">-</slot>
            <slot slot="1727">-</slot>
            <slot slot="1728">-</slot>
            <slot slot="1729">-</slot>
            <slot slot="1730">-</slot>
            <slot slot="1731">-</slot>
            <slot slot="1732">-</slot>
            <slot slot="1733">-</slot>
            <slot slot="1734">-</slot>
            <slot slot="1735">-</slot>
            <slot slot="1736">-</slot>
            <slot slot="1737">-</slot>
            <slot slot="1738">-</slot>
            <slot slot="1739">-</slot>
            <slot slot="1740">-</slot>
            <slot slot="1741">-</slot>
            <slot slot="1742">-</slot>
            <slot slot="1743">-</slot>
            <slot slot="1744">-</slot>
            <slot slot="1745">-</slot>
            <slot slot="1746">-</slot>
            <slot slot="1747">-</slot>
            <slot slot="1748">-</slot>
            <slot slot="1749">-</slot>
            <slot slot="1750">-</slot>
            <slot slot="1751">-</slot>
            <slot slot="1752">-</slot>
            <slot slot="1753">-</slot>
            <slot slot="1754">-</slot>
            <slot slot="1755">-</slot>
            <slot slot="1756">-</slot>
            <slot slot="1757">-</slot>
            <slot slot="1758">-</slot>
            <slot slot="1759">-</slot>
            <slot slot="1760">-</slot>
            <slot slot="1761">-</slot>
            <slot slot="1762">-</slot>
            <slot slot="1763">-</slot>
            <slot slot="1764">-</slot>
            <slot slot="1765">-</slot>
            <slot slot="1766">-</slot>
            <slot slot="1767">-</slot>
            <slot slot="1768">-</slot>
            <slot slot="1769">-</slot>
            <slot slot="1770">-</slot>
            <slot slot="1771">-</slot>
            <slot slot="1772">-</slot>
            <slot slot="1773">-</slot>
            <slot slot="1774">-</slot>
            <slot slot="1775">-</slot>
            <slot slot="1776">-</slot>
            <slot slot="1777">-</slot>
            <slot slot="1778">-</slot>
            <slot slot="1779">-</slot>
            <slot slot="1780">-</slot>
            <slot slot="1781">-</slot>
            <slot slot="1782">-</slot>
            <slot slot="1783">-</slot>
            <slot slot="1784">-</slot>
            <slot slot="1785">-</slot>
            <slot slot="1786">-</slot>
            <slot slot="1787">-</slot>
            <slot slot="1788">-</slot>
            <slot slot="1789">-</slot>
            <slot slot="1790">-</slot>
            <slot slot="1791">-</slot>
            <slot slot="1792">-</slot>
            <slot slot="1793">-</slot>
            <slot slot="1794">-</slot>
            <slot slot="1795">-</slot>
            <slot slot="1796">-</slot>
            <slot slot="1797">-</slot>
            <slot slot="1798">-</slot>
            <slot slot="1799">-</slot>
            <slot slot="1800">-</slot>
            <slot slot="1801">-</slot>
            <slot slot="1802">-</slot>
            <slot slot="1803">-</slot>
            <slot slot="1804">-</slot>
            <slot slot="1805">-</slot>
            <slot slot="1806">-</slot>
            <slot slot="1807">-</slot>
            <slot slot="1808">-</slot>
            <slot slot="1809">-</slot>
            <slot slot="1810">-</slot>
            <slot slot="1811">-</slot>
            <slot slot="1812">-</slot>
            <slot slot="1813">-</slot>
            <slot slot="1814">-</slot>
            <slot slot="1815">-</slot>
            <slot slot="1816">-</slot>
            <slot slot="1817">-</slot>
            <slot slot="1818">-</slot>
            <slot slot="1819">-</slot>
            <slot slot="1820">-</slot>
            <slot slot="1821">-</slot>
            <slot slot="1822">-</slot>
            <slot slot="1823">-</slot>
            <slot slot="1824">-</slot>
            <slot slot="1825">-</slot>
            <slot slot="1826">-</slot>
            <slot slot="1827">-</slot>
            <slot slot="1828">-</slot>
            <slot slot="1829">-</slot>
            <slot slot="1830">-</slot>
            <slot slot="1831">-</slot>
            <slot slot="1832">-</slot>
            <slot slot="1833">-</slot>
            <slot slot="1834">-</slot>
            <slot slot="1835">-</slot>
            <slot slot="1836">-</slot>
            <slot slot="1837">-</slot>
            <slot slot="1838">-</slot>
            <slot slot="1839">-</slot>
            <slot slot="1840">-</slot>
            <slot slot="1841">-</slot>
            <slot slot="1842">-</slot>
            <slot slot="1843">-</slot>
            <slot slot="1844">-</slot>
            <slot slot="1845">-</slot>
            <slot slot="1846">-</slot>
            <slot slot="1847">-</slot>
            <slot slot="1848">-</slot>
            <slot slot="1849">-</slot>
            <slot slot="1850">-</slot>
            <slot slot="1851">-</slot>
            <slot slot="1852">-</slot>
            <slot slot="1853">-</slot>
            <slot slot="1854">-</slot>
            <slot slot="1855">-</slot>
            <slot slot="1856">-</slot>
            <slot slot="1857">-</slot>
            <slot slot="1858">-</slot>
            <slot slot="1859">-</slot>
            <slot slot="1860">-</slot>
            <slot slot="1861">-</slot>
            <slot slot="1862">-</slot>
            <slot slot="1863">-</slot>
            <slot slot="1864">-</slot>
            <slot slot="1865">-</slot>
            <slot slot="1866">-</slot>
            <slot slot="1867">-</slot>
            <slot slot="1868">-</slot>
            <slot slot="1869">-</slot>
            <slot slot="1870">-</slot>
            <slot slot="1871">-</slot>
            <slot slot="1872">-</slot>
            <slot slot="1873">-</slot>
            <slot slot="1874">-</slot>
            <slot slot="1875">-</slot>
            <slot slot="1876">-</slot>
            <slot slot="1877">-</slot>
            <slot slot="1878">-</slot>
            <slot slot="1879">-</slot>
            <slot slot="1880">-</slot>
            <slot slot="1881">-</slot>
            <slot slot="1882">-</slot>
            <slot slot="1883">-</slot>
            <slot slot="1884">-</slot>
            <slot slot="1885">-</slot>
            <slot slot="1886">-</slot>
            <slot slot="1887">-</slot>
            <slot slot="1888">-</slot>
            <slot slot="1889">-</slot>
            <slot slot="1890">-</slot>
            <slot slot="1891">-</slot>
            <slot slot="1892">-</slot>
            <slot slot="1893">-</slot>
            <slot slot="1894">-</slot>
            <slot slot="1895">-</slot>
            <slot slot="1896">-</slot>
            <slot slot="1897">-</slot>
            <slot slot="1898">-</slot>
            <slot slot="1899">-</slot>
            <slot slot="1900">-</slot>
            <slot slot="1901">-</slot>
            <slot slot="1902">-</slot>
            <slot slot="1903">-</slot>
            <slot slot="1904">-</slot>
            <slot slot="1905">-</slot>
            <slot slot="1906">-</slot>
            <slot slot="1907">-</slot>
            <slot slot="1908">-</slot>
            <slot slot="1909">-</slot>
            <slot slot="1910">-</slot>
            <slot slot="1911">-</slot>
            <slot slot="1912">-</slot>
            <slot slot="1913">-</slot>
            <slot slot="1914">-</slot>
            <slot slot="1915">-</slot>
            <slot slot="1916">-</slot>
            <slot slot="1917">-</slot>
            <slot slot="1918">-</slot>
            <slot slot="1919">-</slot>
            <slot slot="1920">-</slot>
            <slot slot="1921">-</slot>
            <slot slot="1922">-</slot>
            <slot slot="1923">-</slot>
            <slot slot="1924">-</slot>
            <slot slot="1925">-</slot>
            <slot slot="1926">-</slot>
            <slot slot="1927">-</slot>
            <slot slot="1928">-</slot>
            <slot slot="1929">-</slot>
            <slot slot="1930">-</slot>
            <slot slot="1931">-</slot>
            <slot slot="1932">-</slot>
            <slot slot="1933">-</slot>
            <slot slot="1934">-</slot>
            <slot slot="1935">-</slot>
            <slot slot="1936">-</slot>
            <slot slot="1937">-</slot>
            <slot slot="1938">-</slot>
            <slot slot="1939">-</slot>
            <slot slot="1940">-</slot>
            <slot slot="1941">-</slot>
            <slot slot="1942">-</slot>
            <slot slot="1943">-</slot>
            <slot slot="1944">-</slot>
            <slot slot="1945">-</slot>
            <slot slot="1946">-</slot>
            <slot slot="1947">-</slot>
            <slot slot="1948">-</slot>
            <slot slot="1949">-</slot>
            <slot slot="1950">-</slot>
            <slot slot="1951">-</slot>
            <slot slot="1952">-</slot>
            <slot slot="1953">-</slot>
            <slot slot="1954">-</slot>
            <slot slot="1955">-</slot>
            <slot slot="1956">-</slot>
            <slot slot="1957">-</slot>
            <slot slot="1958">-</slot>
            <slot slot="1959">-</slot>
            <slot slot="1960">-</slot>
            <slot slot="1961">-</slot>
            <slot slot="1962">-</slot>
            <slot slot="1963">-</slot>
            <slot slot="1964">-</slot>
            <slot slot="1965">-</slot>
            <slot slot="1966">-</slot>
            <slot slot="1967">-</slot>
            <slot slot="1968">-</slot>
            <slot slot="1969">-</slot>
            <slot slot="1970">-</slot>
            <slot slot="1971">-</slot>
            <slot slot="1972">-</slot>
            <slot slot="1973">-</slot>
            <slot slot="1974">-</slot>
            <slot slot="1975">-</slot>
            <slot slot="1976">-</slot>
            <slot slot="1977">-</slot>
            <slot slot="1978">-</slot>
            <slot slot="1979">-</slot>
            <slot slot="1980">-</slot>
            <slot slot="1981">-</slot>
            <slot slot="1982">-</slot>
            <slot slot="1983">-</slot>
            <slot slot="1984">-</slot>
            <slot slot="1985">-</slot>
            <slot slot="1986">-</slot>
            <slot slot="1987">-</slot>
            <slot slot="1988">-</slot>
            <slot slot="1989">-</slot>
            <slot slot="1990">-</slot>
            <slot slot="1991">-</slot>
            <slot slot="1992">-</slot>
            <slot slot="1993">-</slot>
            <slot slot="1994">-</slot>
            <slot slot="1995">-</slot>
            <slot slot="1996">-</slot>
            <slot slot="1997">-</slot>
            <slot slot="1998">-</slot>
            <slot slot="1999">-</slot>
            <slot slot="2000">-</slot>
            <slot slot="2001">-</slot>
            <slot slot="2002">-</slot>
            <slot slot="2003">-</slot>
            <slot slot="2004">-</slot>
            <slot slot="2005">-</slot>
            <slot slot="2006">-</slot>
            <slot slot="2007">-</slot>
            <slot slot="2008">-</slot>
            <slot slot="2009">-</slot>
            <slot slot="2010">-</slot>
            <slot slot="2011">-</slot>
            <slot slot="2012">-</slot>
            <slot slot="2013">-</slot>
            <slot slot="2014">-</slot>
            <slot slot="2015">-</slot>
            <slot slot="2016">-</slot>
            <slot slot="2017">-</slot>
            <slot slot="2018">-</slot>
            <slot slot="2019">-</slot>
            <slot slot="2020">-</slot>
            <slot slot="2021">-</slot>
            <slot slot="2022">-</slot>
            <slot slot="2023">-</slot>
            <slot slot="2024">-</slot>
            <slot slot="2025">-</slot>
            <slot slot="2026">-</slot>
            <slot slot="2027">-</slot>
            <slot slot="2028">-</slot>
            <slot slot="2029">-</slot>
            <slot slot="2030">-</slot>
            <slot slot="2031">-</slot>
            <slot slot="2032">-</slot>
            <slot slot="2033">-</slot>
            <slot slot="2034">-</slot>
            <slot slot="2035">-</slot>
            <slot slot="2036">-</slot>
            <slot slot="2037">-</slot>
            <slot slot="2038">-</slot>
            <slot slot="2039">-</slot>
            <slot slot="2040">-</slot>
            <slot slot="2041">-</slot>
            <slot slot="2042">-</slot>
            <slot slot="2043">-</slot>
            <slot slot="2044">-</slot>
            <slot slot="2045">-</slot>
            <slot slot="2046">-</slot>
            <slot slot="2047">-</slot>
            <slot slot="2048">-</slot>
            <slot slot="2049">-</slot>
            <slot slot="2050">-</slot>
            <slot slot="2051">-</slot>
            <slot slot="2052">-</slot>
            <slot slot="2053">-</slot>
            <slot slot="2054">-</slot>
            <slot slot="2055">-</slot>
            <slot slot="2056">-</slot>
            <slot slot="2057">-</slot>
            <slot slot="2058">-</slot>
            <slot slot="2059">-</slot>
            <slot slot="2060">-</slot>
            <slot slot="2061">-</slot>
            <slot slot="2062">-</slot>
            <slot slot="2063">-</slot>
            <slot slot="2064">-</slot>
            <slot slot="2065">-</slot>
            <slot slot="2066">-</slot>
            <slot slot="2067">-</slot>
            <slot slot="2068">-</slot>
            <slot slot="2069">-</slot>
            <slot slot="2070">-</slot>
            <slot slot="2071">-</slot>
            <slot slot="2072">-</slot>
            <slot slot="2073">-</slot>
            <slot slot="2074">-</slot>
            <slot slot="2075">-</slot>
            <slot slot="2076">-</slot>
            <slot slot="2077">-</slot>
            <slot slot="2078">-</slot>
            <slot slot="2079">-</slot>
            <slot slot="2080">-</slot>
            <slot slot="2081">-</slot>
            <slot slot="2082">-</slot>
            <slot slot="2083">-</slot>
            <slot slot="2084">-</slot>
            <slot slot="2085">-</slot>
            <slot slot="2086">-</slot>
            <slot slot="2087">-</slot>
            <slot slot="2088">-</slot>
            <slot slot="2089">-</slot>
            <slot slot="2090">-</slot>
            <slot slot="2091">-</slot>
            <slot slot="2092">-</slot>
            <slot slot="2093">-</slot>
            <slot slot="2094">-</slot>
            <slot slot="2095">-</slot>
            <slot slot="2096">-</slot>
            <slot slot="2097">-</slot>
            <slot slot="2098">-</slot>
            <slot slot="2099">-</slot>
            <slot slot="2100">-</slot>
            <slot slot="2101">-</slot>
            <slot slot="2102">-</slot>
            <slot slot="2103">-</slot>
            <slot slot="2104">-</slot>
            <slot slot="2105">-</slot>
            <slot slot="2106">-</slot>
            <slot slot="2107">-</slot>
            <slot slot="2108">-</slot>
            <slot slot="2109">-</slot>
            <slot slot="2110">-</slot>
            <slot slot="2111">-</slot>
            <slot slot="2112">-</slot>
            <slot slot="2113">-</slot>
            <slot slot="2114">-</slot>
            <slot slot="2115">-</slot>
            <slot slot="2116">-</slot>
            <slot slot="2117">-</slot>
            <slot slot="2118">-</slot>
            <slot slot="2119">-</slot>
            <slot slot="2120">-</slot>
            <slot slot="2121">-</slot>
            <slot slot="2122">-</slot>
            <slot slot="2123">-</slot>
            <slot slot="2124">-</slot>
            <slot slot="2125">-</slot>
            <slot slot="2126">-</slot>
            <slot slot="2127">-</slot>
            <slot slot="2128">-</slot>
            <slot slot="2129">-</slot>
            <slot slot="2130">-</slot>
            <slot slot="2131">-</slot>
            <slot slot="2132">-</slot>
            <slot slot="2133">-</slot>
            <slot slot="2134">-</slot>
            <slot slot="2135">-</slot>
            <slot slot="2136">-</slot>
            <slot slot="2137">-</slot>
            <slot slot="2138">-</slot>
            <slot slot="2139">-</slot>
            <slot slot="2140">-</slot>
            <slot slot="2141">-</slot>
            <slot slot="2142">-</slot>
            <slot slot="2143">-</slot>
            <slot slot="2144">-</slot>
            <slot slot="2145">-</slot>
            <slot slot="2146">-</slot>
            <slot slot="2147">-</slot>
            <slot slot="2148">-</slot>
            <slot slot="2149">-</slot>
            <slot slot="2150">-</slot>
            <slot slot="2151">-</slot>
            <slot slot="2152">-</slot>
            <slot slot="2153">-</slot>
            <slot slot="2154">-</slot>
            <slot slot="2155">-</slot>
            <slot slot="2156">-</slot>
            <slot slot="2157">-</slot>
            <slot slot="2158">-</slot>
            <slot slot="2159">-</slot>
            <slot slot="2160">-</slot>
            <slot slot="2161">-</slot>
            <slot slot="2162">-</slot>
            <slot slot="2163">-</slot>
            <slot slot="2164">-</slot>
            <slot slot="2165">-</slot>
            <slot slot="2166">-</slot>
            <slot slot="2167">-</slot>
            <slot slot="2168">-</slot>
            <slot slot="2169">-</slot>
            <slot slot="2170">-</slot>
            <slot slot="2171">-</slot>
            <slot slot="2172">-</slot>
            <slot slot="2173">-</slot>
            <slot slot="2174">-</slot>
            <slot slot="2175">-</slot>
            <slot slot="2176">-</slot>
            <slot slot="2177">-</slot>
            <slot slot="2178">-</slot>
            <slot slot="2179">-</slot>
            <slot slot="2180">-</slot>
            <slot slot="2181">-</slot>
            <slot slot="2182">-</slot>
            <slot slot="2183">-</slot>
            <slot slot="2184">-</slot>
            <slot slot="2185">-</slot>
            <slot slot="2186">-</slot>
            <slot slot="2187">-</slot>
            <slot slot="2188">-</slot>
            <slot slot="2189">-</slot>
            <slot slot="2190">-</slot>
            <slot slot="2191">-</slot>
            <slot slot="2192">-</slot>
            <slot slot="2193">-</slot>
            <slot slot="2194">-</slot>
            <slot slot="2195">-</slot>
            <slot slot="2196">-</slot>
            <slot slot="2197">-</slot>
            <slot slot="2198">-</slot>
            <slot slot="2199">-</slot>
            <slot slot="2200">-</slot>
            <slot slot="2201">-</slot>
            <slot slot="2202">-</slot>
            <slot slot="2203">-</slot>
            <slot slot="2204">-</slot>
            <slot slot="2205">-</slot>
            <slot slot="2206">-</slot>
            <slot slot="2207">-</slot>
            <slot slot="2208">-</slot>
            <slot slot="2209">-</slot>
            <slot slot="2210">-</slot>
            <slot slot="2211">-</slot>
            <slot slot="2212">-</slot>
            <slot slot="2213">-</slot>
            <slot slot="2214">-</slot>
            <slot slot="2215">-</slot>
            <slot slot="2216">-</slot>
            <slot slot="2217">-</slot>
            <slot slot="2218">-</slot>
            <slot slot="2219">-</slot>
            <slot slot="2220">-</slot>
            <slot slot="2221">-</slot>
            <slot slot="2222">-</slot>
            <slot slot="2223">-</slot>
            <slot slot="2224">-</slot>
            <slot slot="2225">-</slot>
            <slot slot="2226">-</slot>
            <slot slot="2227">-</slot>
            <slot slot="2228">-</slot>
            <slot slot="2229">-</slot>
            <slot slot="2230">-</slot>
            <slot slot="2231">-</slot>
            <slot slot="2232">-</slot>
            <slot slot="2233">-</slot>
            <slot slot="2234">-</slot>
            <slot slot="2235">-</slot>
            <slot slot="2236">-</slot>
            <slot slot="2237">-</slot>
            <slot slot="2238">-</slot>
            <slot slot="2239">-</slot>
            <slot slot="2240">-</slot>
            <slot slot="2241">-</slot>
            <slot slot="2242">-</slot>
            <slot slot="2243">-</slot>
            <slot slot="2244">-</slot>
            <slot slot="2245">-</slot>
            <slot slot="2246">-</slot>
            <slot slot="2247">-</slot>
            <slot slot="2248">-</slot>
            <slot slot="2249">-</slot>
            <slot slot="2250">-</slot>
            <slot slot="2251">-</slot>
            <slot slot="2252">-</slot>
            <slot slot="2253">-</slot>
            <slot slot="2254">-</slot>
            <slot slot="2255">-</slot>
            <slot slot="2256">-</slot>
            <slot slot="2257">-</slot>
            <slot slot="2258">-</slot>
            <slot slot="2259">-</slot>
            <slot slot="2260">-</slot>
            <slot slot="2261">-</slot>
            <slot slot="2262">-</slot>
            <slot slot="2263">-</slot>
            <slot slot="2264">-</slot>
            <slot slot="2265">-</slot>
            <slot slot="2266">-</slot>
            <slot slot="2267">-</slot>
            <slot slot="2268">-</slot>
            <slot slot="2269">-</slot>
            <slot slot="2270">-</slot>
            <slot slot="2271">-</slot>
            <slot slot="2272">-</slot>
            <slot slot="2273">-</slot>
            <slot slot="2274">-</slot>
            <slot slot="2275">-</slot>
            <slot slot="2276">-</slot>
            <slot slot="2277">-</slot>
            <slot slot="2278">-</slot>
            <slot slot="2279">-</slot>
            <slot slot="2280">-</slot>
            <slot slot="2281">-</slot>
            <slot slot="2282">-</slot>
            <slot slot="2283">-</slot>
            <slot slot="2284">-</slot>
            <slot slot="2285">-</slot>
            <slot slot="2286">-</slot>
            <slot slot="2287">-</slot>
            <slot slot="2288">-</slot>
            <slot slot="2289">-</slot>
            <slot slot="2290">-</slot>
            <slot slot="2291">-</slot>
            <slot slot="2292">-</slot>
            <slot slot="2293">-</slot>
            <slot slot="2294">-</slot>
            <slot slot="2295">-</slot>
            <slot slot="2296">-</slot>
            <slot slot="2297">-</slot>
            <slot slot="2298">-</slot>
            <slot slot="2299">-</slot>
            <slot slot="2300">-</slot>
            <slot slot="2301">-</slot>
            <slot slot="2302">-</slot>
            <slot slot="2303">-</slot>
            <slot slot="2304">-</slot>
            <slot slot="2305">-</slot>
            <slot slot="2306">-</slot>
            <slot slot="2307">-</slot>
            <slot slot="2308">-</slot>
            <slot slot="2309">-</slot>
            <slot slot="2310">-</slot>
            <slot slot="2311">-</slot>
            <slot slot="2312">-</slot>
            <slot slot="2313">-</slot>
            <slot slot="2314">-</slot>
            <slot slot="2315">-</slot>
            <slot slot="2316">-</slot>
            <slot slot="2317">-</slot>
            <slot slot="2318">-</slot>
            <slot slot="2319">-</slot>
            <slot slot="2320">-</slot>
            <slot slot="2321">-</slot>
            <slot slot="2322">-</slot>
            <slot slot="2323">-</slot>
            <slot slot="2324">-</slot>
            <slot slot="2325">-</slot>
            <slot slot="2326">-</slot>
            <slot slot="2327">-</slot>
            <slot slot="2328">-</slot>
            <slot slot="2329">-</slot>
            <slot slot="2330">-</slot>
            <slot slot="2331">-</slot>
            <slot slot="2332">-</slot>
            <slot slot="2333">-</slot>
            <slot slot="2334">-</slot>
            <slot slot="2335">-</slot>
            <slot slot="2336">-</slot>
            <slot slot="2337">-</slot>
            <slot slot="2338">-</slot>
            <slot slot="2339">-</slot>
            <slot slot="2340">-</slot>
            <slot slot="2341">-</slot>
            <slot slot="2342">-</slot>
            <slot slot="2343">-</slot>
            <slot slot="2344">-</slot>
            <slot slot="2345">-</slot>
            <slot slot="2346">-</slot>
            <slot slot="2347">-</slot>
            <slot slot="2348">-</slot>
            <slot slot="2349">-</slot>
            <slot slot="2350">-</slot>
            <slot slot="2351">-</slot>
            <slot slot="2352">-</slot>
            <slot slot="2353">-</slot>
            <slot slot="2354">-</slot>
            <slot slot="2355">-</slot>
            <slot slot="2356">-</slot>
            <slot slot="2357">-</slot>
            <slot slot="2358">-</slot>
            <slot slot="2359">-</slot>
            <slot slot="2360">-</slot>
            <slot slot="2361">-</slot>
            <slot slot="2362">-</slot>
            <slot slot="2363">-</slot>
            <slot slot="2364">-</slot>
            <slot slot="2365">-</slot>
            <slot slot="2366">-</slot>
            <slot slot="2367">-</slot>
            <slot slot="2368">-</slot>
            <slot slot="2369">-</slot>
            <slot slot="2370">-</slot>
            <slot slot="2371">-</slot>
            <slot slot="2372">-</slot>
            <slot slot="2373">-</slot>
            <slot slot="2374">-</slot>
            <slot slot="2375">-</slot>
            <slot slot="2376">-</slot>
            <slot slot="2377">-</slot>
            <slot slot="2378">-</slot>
            <slot slot="2379">-</slot>
            <slot slot="2380">-</slot>
            <slot slot="2381">-</slot>
            <slot slot="2382">-</slot>
            <slot slot="2383">-</slot>
            <slot slot="2384">-</slot>
            <slot slot="2385">-</slot>
            <slot slot="2386">-</slot>
            <slot slot="2387">-</slot>
            <slot slot="2388">-</slot>
            <slot slot="2389">-</slot>
            <slot slot="2390">-</slot>
            <slot slot="2391">-</slot>
            <slot slot="2392">-</slot>
            <slot slot="2393">-</slot>
            <slot slot="2394">-</slot>
            <slot slot="2395">-</slot>
            <slot slot="2396">-</slot>
            <slot slot="2397">-</slot>
            <slot slot="2398">-</slot>
            <slot slot="2399">-</slot>
            <slot slot="2400">-</slot>
            <slot slot="2401">-</slot>
            <slot slot="2402">-</slot>
            <slot slot="2403">-</slot>
            <slot slot="2404">-</slot>
            <slot slot="2405">-</slot>
            <slot slot="2406">-</slot>
            <slot slot="2407">-</slot>
            <slot slot="2408">-</slot>
            <slot slot="2409">-</slot>
            <slot slot="2410">-</slot>
            <slot slot="2411">-</slot>
            <slot slot="2412">-</slot>
            <slot slot="2413">-</slot>
            <slot slot="2414">-</slot>
            <slot slot="2415">-</slot>
            <slot slot="2416">-</slot>
            <slot slot="2417">-</slot>
            <slot slot="2418">-</slot>
            <slot slot="2419">-</slot>
            <slot slot="2420">-</slot>
            <slot slot="2421">-</slot>
            <slot slot="2422">-</slot>
            <slot slot="2423">-</slot>
            <slot slot="2424">-</slot>
            <slot slot="2425">-</slot>
            <slot slot="2426">-</slot>
            <slot slot="2427">-</slot>
            <slot slot="2428">-</slot>
            <slot slot="2429">-</slot>
            <slot slot="2430">-</slot>
            <slot slot="2431">-</slot>
            <slot slot="2432">-</slot>
            <slot slot="2433">-</slot>
            <slot slot="2434">-</slot>
            <slot slot="2435">-</slot>
            <slot slot="2436">-</slot>
            <slot slot="2437">-</slot>
            <slot slot="2438">-</slot>
            <slot slot="2439">-</slot>
            <slot slot="2440">-</slot>
            <slot slot="2441">-</slot>
            <slot slot="2442">-</slot>
            <slot slot="2443">-</slot>
            <slot slot="2444">-</slot>
            <slot slot="2445">-</slot>
            <slot slot="2446">-</slot>
            <slot slot="2447">-</slot>
            <slot slot="2448">-</slot>
            <slot slot="2449">-</slot>
            <slot slot="2450">-</slot>
            <slot slot="2451">-</slot>
            <slot slot="2452">-</slot>
            <slot slot="2453">-</slot>
            <slot slot="2454">-</slot>
            <slot slot="2455">-</slot>
            <slot slot="2456">-</slot>
            <slot slot="2457">-</slot>
            <slot slot="2458">-</slot>
            <slot slot="2459">-</slot>
            <slot slot="2460">-</slot>
            <slot slot="2461">-</slot>
            <slot slot="2462">-</slot>
            <slot slot="2463">-</slot>
            <slot slot="2464">-</slot>
            <slot slot="2465">-</slot>
            <slot slot="2466">-</slot>
            <slot slot="2467">-</slot>
            <slot slot="2468">-</slot>
            <slot slot="2469">-</slot>
            <slot slot="2470">-</slot>
            <slot slot="2471">-</slot>
            <slot slot="2472">-</slot>
            <slot slot="2473">-</slot>
            <slot slot="2474">-</slot>
            <slot slot="2475">-</slot>
            <slot slot="2476">-</slot>
            <slot slot="2477">-</slot>
            <slot slot="2478">-</slot>
            <slot slot="2479">-</slot>
            <slot slot="2480">-</slot>
            <slot slot="2481">-</slot>
            <slot slot="2482">-</slot>
            <slot slot="2483">-</slot>
            <slot slot="2484">-</slot>
            <slot slot="2485">-</slot>
            <slot slot="2486">-</slot>
            <slot slot="2487">-</slot>
            <slot slot="2488">-</slot>
            <slot slot="2489">-</slot>
            <slot slot="2490">-</slot>
            <slot slot="2491">-</slot>
            <slot slot="2492">-</slot>
            <slot slot="2493">-</slot>
            <slot slot="2494">-</slot>
            <slot slot="2495">-</slot>
            <slot slot="2496">-</slot>
            <slot slot="2497">-</slot>
            <slot slot="2498">-</slot>
            <slot slot="2499">-</slot>
        </core>
    </Mode-0>
    <Mode-1>
        <core number="0">
            <slot slot="0">-</slot>
            <slot slot="1">-</slot>
            <slot slot="2">-</slot>
            <slot slot="3">-</slot>
            <slot slot="4">-</slot>
            <slot slot="5">-</slot>
            <slot slot="6">-</slot>
            <slot slot="7">-</slot>
            <slot slot="8">-</slot>
            <slot slot="9">-</slot>
            <slot slot="10">-</slot>
            <slot slot="11">-</slot>
            <slot slot="12">-</slot>
            <slot slot="13">-</slot>
            <slot slot="14">-</slot>
            <slot slot="15">-</slot>
            <slot slot="16">-</slot>
            <slot slot="17">-</slot>
            <slot slot="18">-</slot>
            <slot slot="19">-</slot>
            <slot slot="20">-</slot>
            <slot slot="21">-</slot>
            <slot slot="22">-</slot>
            <slot slot="23">-</slot>
            <slot slot="24">-</slot>
            <slot slot="25">-</slot>
            <slot slot="26">-</slot>
            <slot slot="27">-</slot>
            <slot slot="28">-</slot>
            <slot slot="29">-</slot>
            <slot slot="30">-</slot>
            <slot slot="31">-</slot>
            <slot slot="32">-</slot>
            <slot slot="33">-</slot>
            <slot slot="34">-</slot>
            <slot slot="35">-</slot>
            <slot slot="36">-</slot>
            <slot slot="37">-</slot>
            <slot slot="38">-</slot>
            <slot slot="39">-</slot>
            <slot slot="40">-</slot>
            <slot slot="41">-</slot>
            <slot slot="42">-</slot>
            <slot slot="43">-</slot>
            <slot slot="44">-</slot>
            <slot slot="45">-</slot>
            <slot slot="46">-</slot>
            <slot slot="47">-</slot>
            <slot slot="48">-</slot>
            <slot slot="49">-</slot>
            <slot slot="50">-</slot>
            <slot slot="51">-</slot>
            <slot slot="52">-</slot>
            <slot slot="53">-</slot>
            <slot slot="54">-</slot>
            <slot slot="55">-</slot>
            <slot slot="56">-</slot>
            <slot slot="57">-</slot>
            <slot slot="58">-</slot>
            <slot slot="59">-</slot>
            <slot slot="60">-</slot>
            <slot slot="61">-</slot>
            <slot slot="62">-</slot>
            <slot slot="63">-</slot>
            <slot slot="64">-</slot>
            <slot slot="65">-</slot>
            <slot slot="66">-</slot>
            <slot slot="67">-</slot>
            <slot slot="68">-</slot>
            <slot slot="69">-</slot>
            <slot slot="70">-</slot>
            <slot slot="71">-</slot>
            <slot slot="72">-</slot>
            <slot slot="73">-</slot>
            <slot slot="74">-</slot>
            <slot slot="75">-</slot>
            <slot slot="76">-</slot>
            <slot slot="77">-</slot>
            <slot slot="78">-</slot>
            <slot slot="79">-</slot>
            <slot slot="80">-</slot>
            <slot slot="81">-</slot>
            <slot slot="82">-</slot>
            <slot slot="83">-</slot>
            <slot slot="84">-</slot>
            <slot slot="85">-</slot>
            <slot slot="86">-</slot>
            <slot slot="87">-</slot>
            <slot slot="88">-</slot>
            <slot slot="89">-</slot>
            <slot slot="90">-</slot>
            <slot slot="91">-</slot>
            <slot slot="92">-</slot>
            <slot slot="93">-</slot>
            <slot slot="94">-</slot>
            <slot slot="95">-</slot>
            <slot slot="96">-</slot>
            <slot slot="97">-</slot>
            <slot slot="98">-</slot>
            <slot slot="99">-</slot>
            <slot slot="100">-</slot>
            <slot slot="101">-</slot>
            <slot slot="102">-</slot>
            <slot slot="103">-</slot>
            <slot slot="104">-</slot>
            <slot slot="105">-</slot>
            <slot slot="106">-</slot>
            <slot slot="107">-</slot>
            <slot slot="108">-</slot>
            <slot slot="109">-</slot>
            <slot slot="110">-</slot>
            <slot slot="111">-</slot>
            <slot slot="112">-</slot>
            <slot slot="113">-</slot>
            <slot slot="114">-</slot>
            <slot slot="115">-</slot>
            <slot slot="116">-</slot>
            <slot slot="117">-</slot>
            <slot slot="118">-</slot>
            <slot slot="119">-</slot>
            <slot slot="120">-</slot>
            <slot slot="121">-</slot>
            <slot slot="122">-</slot>
            <slot slot="123">-</slot>
            <slot slot="124">-</slot>
            <slot slot="125">-</slot>
            <slot slot="126">-</slot>
            <slot slot="127">-</slot>
            <slot slot="128">-</slot>
            <slot slot="129">-</slot>
            <slot slot="130">-</slot>
            <slot slot="131">-</slot>
            <slot slot="132">-</slot>
            <slot slot="133">-</slot>
            <slot slot="134">-</slot>
            <slot slot="135">-</slot>
            <slot slot="136">-</slot>
            <slot slot="137">-</slot>
            <slot slot="138">-</slot>
            <slot slot="139">-</slot>
            <slot slot="140">-</slot>
            <slot slot="141">-</slot>
            <slot slot="142">-</slot>
            <slot slot="143">-</slot>
            <slot slot="144">-</slot>
            <slot slot="145">-</slot>
            <slot slot="146">-</slot>
            <slot slot="147">-</slot>
            <slot slot="148">-</slot>
            <slot slot="149">-</slot>
            <slot slot="150">-</slot>
            <slot slot="151">-</slot>
            <slot slot="152">-</slot>
            <slot slot="153">-</slot>
            <slot slot="154">-</slot>
            <slot slot="155">-</slot>
            <slot slot="156">-</slot>
            <slot slot="157">-</slot>
            <slot slot="158">-</slot>
            <slot slot="159">-</slot>
            <slot slot="160">-</slot>
            <slot slot="161">-</slot>
            <slot slot="162">-</slot>
            <slot slot="163">-</slot>
            <slot slot="164">-</slot>
            <slot slot="165">-</slot>
            <slot slot="166">-</slot>
            <slot slot="167">-</slot>
            <slot slot="168">-</slot>
            <slot slot="169">-</slot>
            <slot slot="170">-</slot>
            <slot slot="171">-</slot>
            <slot slot="172">-</slot>
            <slot slot="173">-</slot>
            <slot slot="174">-</slot>
            <slot slot="175">-</slot>
            <slot slot="176">-</slot>
            <slot slot="177">-</slot>
            <slot slot="178">-</slot>
            <slot slot="179">-</slot>
            <slot slot="180">-</slot>
            <slot slot="181">-</slot>
            <slot slot="182">-</slot>
            <slot slot="183">-</slot>
            <slot slot="184">-</slot>
            <slot slot="185">-</slot>
            <slot slot="186">-</slot>
            <slot slot="187">-</slot>
            <slot slot="188">-</slot>
            <slot slot="189">-</slot>
            <slot slot="190">-</slot>
            <slot slot="191">-</slot>
            <slot slot="192">-</slot>
            <slot slot="193">-</slot>
            <slot slot="194">-</slot>
            <slot slot="195">-</slot>
            <slot slot="196">-</slot>
            <slot slot="197">-</slot>
            <slot slot="198">-</slot>
            <slot slot="199">-</slot>
            <slot slot="200">-</slot>
            <slot slot="201">-</slot>
            <slot slot="202">-</slot>
            <slot slot="203">-</slot>
            <slot slot="204">-</slot>
            <slot slot="205">-</slot>
            <slot slot="206">-</slot>
            <slot slot="207">-</slot>
            <slot slot="208">-</slot>
            <slot slot="209">-</slot>
            <slot slot="210">-</slot>
            <slot slot="211">-</slot>
            <slot slot="212">-</slot>
            <slot slot="213">-</slot>
            <slot slot="214">-</slot>
            <slot slot="215">-</slot>
            <slot slot="216">-</slot>
            <slot slot="217">-</slot>
            <slot slot="218">-</slot>
            <slot slot="219">-</slot>
            <slot slot="220">-</slot>
            <slot slot="221">-</slot>
            <slot slot="222">-</slot>
            <slot slot="223">-</slot>
            <slot slot="224">-</slot>
            <slot slot="225">-</slot>
            <slot slot="226">-</slot>
            <slot slot="227">-</slot>
            <slot slot="228">-</slot>
            <slot slot="229">-</slot>
            <slot slot="230">-</slot>
            <slot slot="231">-</slot>
            <slot slot="232">-</slot>
            <slot slot="233">-</slot>
            <slot slot="234">-</slot>
            <slot slot="235">-</slot>
            <slot slot="236">-</slot>
            <slot slot="237">-</slot>
            <slot slot="238">-</slot>
            <slot slot="239">-</slot>
            <slot slot="240">-</slot>
            <slot slot="241">-</slot>
            <slot slot="242">-</slot>
            <slot slot="243">-</slot>
            <slot slot="244">-</slot>
            <slot slot="245">-</slot>
            <slot slot="246">-</slot>
            <slot slot="247">-</slot>
            <slot slot="248">-</slot>
            <slot slot="249">-</slot>
            <slot slot="250">-</slot>
            <slot slot="251">-</slot>
            <slot slot="252">-</slot>
            <slot slot="253">-</slot>
            <slot slot="254">-</slot>
            <slot slot="255">-</slot>
            <slot slot="256">-</slot>
            <slot slot="257">-</slot>
            <slot slot="258">-</slot>
            <slot slot="259">-</slot>
            <slot slot="260">-</slot>
            <slot slot="261">-</slot>
            <slot slot="262">-</slot>
            <slot slot="263">-</slot>
            <slot slot="264">-</slot>
            <slot slot="265">-</slot>
            <slot slot="266">-</slot>
            <slot slot="267">-</slot>
            <slot slot="268">-</slot>
            <slot slot="269">-</slot>
            <slot slot="270">-</slot>
            <slot slot="271">-</slot>
            <slot slot="272">-</slot>
            <slot slot="273">-</slot>
            <slot slot="274">-</slot>
            <slot slot="275">-</slot>
            <slot slot="276">-</slot>
            <slot slot="277">-</slot>
            <slot slot="278">-</slot>
            <slot slot="279">-</slot>
            <slot slot="280">-</slot>
            <slot slot="281">-</slot>
            <slot slot="282">-</slot>
            <slot slot="283">-</slot>
            <slot slot="284">-</slot>
            <slot slot="285">-</slot>
            <slot slot="286">-</slot>
            <slot slot="287">-</slot>
            <slot slot="288">-</slot>
            <slot slot="289">-</slot>
            <slot slot="290">-</slot>
            <slot slot="291">-</slot>
            <slot slot="292">-</slot>
            <slot slot="293">-</slot>
            <slot slot="294">-</slot>
            <slot slot="295">-</slot>
            <slot slot="296">-</slot>
            <slot slot="297">-</slot>
            <slot slot="298">-</slot>
            <slot slot="299">-</slot>
            <slot slot="300">-</slot>
            <slot slot="301">-</slot>
            <slot slot="302">-</slot>
            <slot slot="303">-</slot>
            <slot slot="304">-</slot>
            <slot slot="305">-</slot>
            <slot slot="306">-</slot>
            <slot slot="307">-</slot>
            <slot slot="308">-</slot>
            <slot slot="309">-</slot>
            <slot slot="310">-</slot>
            <slot slot="311">-</slot>
            <slot slot="312">-</slot>
            <slot slot="313">-</slot>
            <slot slot="314">-</slot>
            <slot slot="315">-</slot>
            <slot slot="316">-</slot>
            <slot slot="317">-</slot>
            <slot slot="318">-</slot>
            <slot slot="319">-</slot>
            <slot slot="320">-</slot>
            <slot slot="321">-</slot>
            <slot slot="322">-</slot>
            <slot slot="323">-</slot>
            <slot slot="324">-</slot>
            <slot slot="325">-</slot>
            <slot slot="326">-</slot>
            <slot slot="327">-</slot>
            <slot slot="328">-</slot>
            <slot slot="329">-</slot>
            <slot slot="330">-</slot>
            <slot slot="331">-</slot>
            <slot slot="332">-</slot>
            <slot slot="333">-</slot>
            <slot slot="334">-</slot>
            <slot slot="335">-</slot>
            <slot slot="336">-</slot>
            <slot slot="337">-</slot>
            <slot slot="338">-</slot>
            <slot slot="339">-</slot>
            <slot slot="340">-</slot>
            <slot slot="341">-</slot>
            <slot slot="342">-</slot>
            <slot slot="343">-</slot>
            <slot slot="344">-</slot>
            <slot slot="345">-</slot>
            <slot slot="346">-</slot>
            <slot slot="347">-</slot>
            <slot slot="348">-</slot>
            <slot slot="349">-</slot>
            <slot slot="350">-</slot>
            <slot slot="351">-</slot>
            <slot slot="352">-</slot>
            <slot slot="353">-</slot>
            <slot slot="354">-</slot>
            <slot slot="355">-</slot>
            <slot slot="356">-</slot>
            <slot slot="357">-</slot>
            <slot slot="358">-</slot>
            <slot slot="359">-</slot>
            <slot slot="360">-</slot>
            <slot slot="361">-</slot>
            <slot slot="362">-</slot>
            <slot slot="363">-</slot>
            <slot slot="364">-</slot>
            <slot slot="365">-</slot>
            <slot slot="366">-</slot>
            <slot slot="367">-</slot>
            <slot slot="368">-</slot>
            <slot slot="369">-</slot>
            <slot slot="370">-</slot>
            <slot slot="371">-</slot>
            <slot slot="372">-</slot>
            <slot slot="373">-</slot>
            <slot slot="374">-</slot>
            <slot slot="375">-</slot>
            <slot slot="376">-</slot>
            <slot slot="377">-</slot>
            <slot slot="378">-</slot>
            <slot slot="379">-</slot>
            <slot slot="380">-</slot>
            <slot slot="381">-</slot>
            <slot slot="382">-</slot>
            <slot slot="383">-</slot>
            <slot slot="384">-</slot>
            <slot slot="385">-</slot>
            <slot slot="386">-</slot>
            <slot slot="387">-</slot>
            <slot slot="388">-</slot>
            <slot slot="389">-</slot>
            <slot slot="390">-</slot>
            <slot slot="391">-</slot>
            <slot slot="392">-</slot>
            <slot slot="393">-</slot>
            <slot slot="394">-</slot>
            <slot slot="395">-</slot>
            <slot slot="396">-</slot>
            <slot slot="397">-</slot>
            <slot slot="398">-</slot>
            <slot slot="399">-</slot>
            <slot slot="400">-</slot>
            <slot slot="401">-</slot>
            <slot slot="402">-</slot>
            <slot slot="403">-</slot>
            <slot slot="404">-</slot>
            <slot slot="405">-</slot>
            <slot slot="406">-</slot>
            <slot slot="407">-</slot>
            <slot slot="408">-</slot>
            <slot slot="409">-</slot>
            <slot slot="410">-</slot>
            <slot slot="411">-</slot>
            <slot slot="412">-</slot>
            <slot slot="413">-</slot>
            <slot slot="414">-</slot>
            <slot slot="415">-</slot>
            <slot slot="416">-</slot>
            <slot slot="417">-</slot>
            <slot slot="418">-</slot>
            <slot slot="419">-</slot>
            <slot slot="420">-</slot>
            <slot slot="421">-</slot>
            <slot slot="422">-</slot>
            <slot slot="423">-</slot>
            <slot slot="424">-</slot>
            <slot slot="425">-</slot>
            <slot slot="426">-</slot>
            <slot slot="427">-</slot>
            <slot slot="428">-</slot>
            <slot slot="429">-</slot>
            <slot slot="430">-</slot>
            <slot slot="431">-</slot>
            <slot slot="432">-</slot>
            <slot slot="433">-</slot>
            <slot slot="434">-</slot>
            <slot slot="435">-</slot>
            <slot slot="436">-</slot>
            <slot slot="437">-</slot>
            <slot slot="438">-</slot>
            <slot slot="439">-</slot>
            <slot slot="440">-</slot>
            <slot slot="441">-</slot>
            <slot slot="442">-</slot>
            <slot slot="443">-</slot>
            <slot slot="444">-</slot>
            <slot slot="445">-</slot>
            <slot slot="446">-</slot>
            <slot slot="447">-</slot>
            <slot slot="448">-</slot>
            <slot slot="449">-</slot>
            <slot slot="450">-</slot>
            <slot slot="451">-</slot>
            <slot slot="452">-</slot>
            <slot slot="453">-</slot>
            <slot slot="454">-</slot>
            <slot slot="455">-</slot>
            <slot slot="456">-</slot>
            <slot slot="457">-</slot>
            <slot slot="458">-</slot>
            <slot slot="459">-</slot>
            <slot slot="460">-</slot>
            <slot slot="461">-</slot>
            <slot slot="462">-</slot>
            <slot slot="463">-</slot>
            <slot slot="464">-</slot>
            <slot slot="465">-</slot>
            <slot slot="466">-</slot>
            <slot slot="467">-</slot>
            <slot slot="468">-</slot>
            <slot slot="469">-</slot>
            <slot slot="470">-</slot>
            <slot slot="471">-</slot>
            <slot slot="472">-</slot>
            <slot slot="473">-</slot>
            <slot slot="474">-</slot>
            <slot slot="475">-</slot>
            <slot slot="476">-</slot>
            <slot slot="477">-</slot>
            <slot slot="478">-</slot>
            <slot slot="479">-</slot>
            <slot slot="480">-</slot>
            <slot slot="481">-</slot>
            <slot slot="482">-</slot>
            <slot slot="483">-</slot>
            <slot slot="484">-</slot>
            <slot slot="485">-</slot>
            <slot slot="486">-</slot>
            <slot slot="487">-</slot>
            <slot slot="488">-</slot>
            <slot slot="489">-</slot>
            <slot slot="490">-</slot>
            <slot slot="491">-</slot>
            <slot slot="492">-</slot>
            <slot slot="493">-</slot>
            <slot slot="494">-</slot>
            <slot slot="495">-</slot>
            <slot slot="496">-</slot>
            <slot slot="497">-</slot>
            <slot slot="498">-</slot>
            <slot slot="499">-</slot>
            <slot slot="500">-</slot>
            <slot slot="501">-</slot>
            <slot slot="502">-</slot>
            <slot slot="503">-</slot>
            <slot slot="504">-</slot>
            <slot slot="505">-</slot>
            <slot slot="506">-</slot>
            <slot slot="507">-</slot>
            <slot slot="508">-</slot>
            <slot slot="509">-</slot>
            <slot slot="510">-</slot>
            <slot slot="511">-</slot>
            <slot slot="512">-</slot>
            <slot slot="513">-</slot>
            <slot slot="514">-</slot>
            <slot slot="515">-</slot>
            <slot slot="516">-</slot>
            <slot slot="517">-</slot>
            <slot slot="518">-</slot>
            <slot slot="519">-</slot>
            <slot slot="520">-</slot>
            <slot slot="521">-</slot>
            <slot slot="522">-</slot>
            <slot slot="523">-</slot>
            <slot slot="524">-</slot>
            <slot slot="525">-</slot>
            <slot slot="526">-</slot>
            <slot slot="527">-</slot>
            <slot slot="528">-</slot>
            <slot slot="529">-</slot>
            <slot slot="530">-</slot>
            <slot slot="531">-</slot>
            <slot slot="532">-</slot>
            <slot slot="533">-</slot>
            <slot slot="534">-</slot>
            <slot slot="535">-</slot>
            <slot slot="536">-</slot>
            <slot slot="537">-</slot>
            <slot slot="538">-</slot>
            <slot slot="539">-</slot>
            <slot slot="540">-</slot>
            <slot slot="541">-</slot>
            <slot slot="542">-</slot>
            <slot slot="543">-</slot>
            <slot slot="544">-</slot>
            <slot slot="545">-</slot>
            <slot slot="546">-</slot>
            <slot slot="547">-</slot>
            <slot slot="548">-</slot>
            <slot slot="549">-</slot>
            <slot slot="550">-</slot>
            <slot slot="551">-</slot>
            <slot slot="552">-</slot>
            <slot slot="553">-</slot>
            <slot slot="554">-</slot>
            <slot slot="555">-</slot>
            <slot slot="556">-</slot>
            <slot slot="557">-</slot>
            <slot slot="558">-</slot>
            <slot slot="559">-</slot>
            <slot slot="560">-</slot>
            <slot slot="561">-</slot>
            <slot slot="562">-</slot>
            <slot slot="563">-</slot>
            <slot slot="564">-</slot>
            <slot slot="565">-</slot>
            <slot slot="566">-</slot>
            <slot slot="567">-</slot>
            <slot slot="568">-</slot>
            <slot slot="569">-</slot>
            <slot slot="570">-</slot>
            <slot slot="571">-</slot>
            <slot slot="572">-</slot>
            <slot slot="573">-</slot>
            <slot slot="574">-</slot>
            <slot slot="575">-</slot>
            <slot slot="576">-</slot>
            <slot slot="577">-</slot>
            <slot slot="578">-</slot>
            <slot slot="579">-</slot>
            <slot slot="580">-</slot>
            <slot slot="581">-</slot>
            <slot slot="582">-</slot>
            <slot slot="583">-</slot>
            <slot slot="584">-</slot>
            <slot slot="585">-</slot>
            <slot slot="586">-</slot>
            <slot slot="587">-</slot>
            <slot slot="588">-</slot>
            <slot slot="589">-</slot>
            <slot slot="590">-</slot>
            <slot slot="591">-</slot>
            <slot slot="592">-</slot>
            <slot slot="593">-</slot>
            <slot slot="594">-</slot>
            <slot slot="595">-</slot>
            <slot slot="596">-</slot>
            <slot slot="597">-</slot>
            <slot slot="598">-</slot>
            <slot slot="599">-</slot>
            <slot slot="600">-</slot>
            <slot slot="601">-</slot>
            <slot slot="602">-</slot>
            <slot slot="603">-</slot>
            <slot slot="604">-</slot>
            <slot slot="605">-</slot>
            <slot slot="606">-</slot>
            <slot slot="607">-</slot>
            <slot slot="608">-</slot>
            <slot slot="609">-</slot>
            <slot slot="610">-</slot>
            <slot slot="611">-</slot>
            <slot slot="612">-</slot>
            <slot slot="613">-</slot>
            <slot slot="614">-</slot>
            <slot slot="615">-</slot>
            <slot slot="616">-</slot>
            <slot slot="617">-</slot>
            <slot slot="618">-</slot>
            <slot slot="619">-</slot>
            <slot slot="620">-</slot>
            <slot slot="621">-</slot>
            <slot slot="622">-</slot>
            <slot slot="623">-</slot>
            <slot slot="624">-</slot>
            <slot slot="625">-</slot>
            <slot slot="626">-</slot>
            <slot slot="627">-</slot>
            <slot slot="628">-</slot>
            <slot slot="629">-</slot>
            <slot slot="630">-</slot>
            <slot slot="631">-</slot>
            <slot slot="632">-</slot>
            <slot slot="633">-</slot>
            <slot slot="634">-</slot>
            <slot slot="635">-</slot>
            <slot slot="636">-</slot>
            <slot slot="637">-</slot>
            <slot slot="638">-</slot>
            <slot slot="639">-</slot>
            <slot slot="640">-</slot>
            <slot slot="641">-</slot>
            <slot slot="642">-</slot>
            <slot slot="643">-</slot>
            <slot slot="644">-</slot>
            <slot slot="645">-</slot>
            <slot slot="646">-</slot>
            <slot slot="647">-</slot>
            <slot slot="648">-</slot>
            <slot slot="649">-</slot>
            <slot slot="650">-</slot>
            <slot slot="651">-</slot>
            <slot slot="652">-</slot>
            <slot slot="653">-</slot>
            <slot slot="654">-</slot>
            <slot slot="655">-</slot>
            <slot slot="656">-</slot>
            <slot slot="657">-</slot>
            <slot slot="658">-</slot>
            <slot slot="659">-</slot>
            <slot slot="660">-</slot>
            <slot slot="661">-</slot>
            <slot slot="662">-</slot>
            <slot slot="663">-</slot>
            <slot slot="664">-</slot>
            <slot slot="665">-</slot>
            <slot slot="666">-</slot>
            <slot slot="667">-</slot>
            <slot slot="668">-</slot>
            <slot slot="669">-</slot>
            <slot slot="670">-</slot>
            <slot slot="671">-</slot>
            <slot slot="672">-</slot>
            <slot slot="673">-</slot>
            <slot slot="674">-</slot>
            <slot slot="675">-</slot>
            <slot slot="676">-</slot>
            <slot slot="677">-</slot>
            <slot slot="678">-</slot>
            <slot slot="679">-</slot>
            <slot slot="680">-</slot>
            <slot slot="681">-</slot>
            <slot slot="682">-</slot>
            <slot slot="683">-</slot>
            <slot slot="684">-</slot>
            <slot slot="685">-</slot>
            <slot slot="686">-</slot>
            <slot slot="687">-</slot>
            <slot slot="688">-</slot>
            <slot slot="689">-</slot>
            <slot slot="690">-</slot>
            <slot slot="691">-</slot>
            <slot slot="692">-</slot>
            <slot slot="693">-</slot>
            <slot slot="694">-</slot>
            <slot slot="695">-</slot>
            <slot slot="696">-</slot>
            <slot slot="697">-</slot>
            <slot slot="698">-</slot>
            <slot slot="699">-</slot>
            <slot slot="700">-</slot>
            <slot slot="701">-</slot>
            <slot slot="702">-</slot>
            <slot slot="703">-</slot>
            <slot slot="704">-</slot>
            <slot slot="705">-</slot>
            <slot slot="706">-</slot>
            <slot slot="707">-</slot>
            <slot slot="708">-</slot>
            <slot slot="709">-</slot>
            <slot slot="710">-</slot>
            <slot slot="711">-</slot>
            <slot slot="712">-</slot>
            <slot slot="713">-</slot>
            <slot slot="714">-</slot>
            <slot slot="715">-</slot>
            <slot slot="716">-</slot>
            <slot slot="717">-</slot>
            <slot slot="718">-</slot>
            <slot slot="719">-</slot>
            <slot slot="720">-</slot>
            <slot slot="721">-</slot>
            <slot slot="722">-</slot>
            <slot slot="723">-</slot>
            <slot slot="724">-</slot>
            <slot slot="725">-</slot>
            <slot slot="726">-</slot>
            <slot slot="727">-</slot>
            <slot slot="728">-</slot>
            <slot slot="729">-</slot>
            <slot slot="730">-</slot>
            <slot slot="731">-</slot>
            <slot slot="732">-</slot>
            <slot slot="733">-</slot>
            <slot slot="734">-</slot>
            <slot slot="735">-</slot>
            <slot slot="736">-</slot>
            <slot slot="737">-</slot>
            <slot slot="738">-</slot>
            <slot slot="739">-</slot>
            <slot slot="740">-</slot>
            <slot slot="741">-</slot>
            <slot slot="742">-</slot>
            <slot slot="743">-</slot>
            <slot slot="744">-</slot>
            <slot slot="745">-</slot>
            <slot slot="746">-</slot>
            <slot slot="747">-</slot>
            <slot slot="748">-</slot>
            <slot slot="749">-</slot>
            <slot slot="750">-</slot>
            <slot slot="751">-</slot>
            <slot slot="752">-</slot>
            <slot slot="753">-</slot>
            <slot slot="754">-</slot>
            <slot slot="755">-</slot>
            <slot slot="756">-</slot>
            <slot slot="757">-</slot>
            <slot slot="758">-</slot>
            <slot slot="759">-</slot>
            <slot slot="760">-</slot>
            <slot slot="761">-</slot>
            <slot slot="762">-</slot>
            <slot slot="763">-</slot>
            <slot slot="764">-</slot>
            <slot slot="765">-</slot>
            <slot slot="766">-</slot>
            <slot slot="767">-</slot>
            <slot slot="768">-</slot>
            <slot slot="769">-</slot>
            <slot slot="770">-</slot>
            <slot slot="771">-</slot>
            <slot slot="772">-</slot>
            <slot slot="773">-</slot>
            <slot slot="774">-</slot>
            <slot slot="775">-</slot>
            <slot slot="776">-</slot>
            <slot slot="777">-</slot>
            <slot slot="778">-</slot>
            <slot slot="779">-</slot>
            <slot slot="780">-</slot>
            <slot slot="781">-</slot>
            <slot slot="782">-</slot>
            <slot slot="783">-</slot>
            <slot slot="784">-</slot>
            <slot slot="785">-</slot>
            <slot slot="786">-</slot>
            <slot slot="787">-</slot>
            <slot slot="788">-</slot>
            <slot slot="789">-</slot>
            <slot slot="790">-</slot>
            <slot slot="791">-</slot>
            <slot slot="792">-</slot>
            <slot slot="793">-</slot>
            <slot slot="794">-</slot>
            <slot slot="795">-</slot>
            <slot slot="796">-</slot>
            <slot slot="797">-</slot>
            <slot slot="798">-</slot>
            <slot slot="799">-</slot>
            <slot slot="800">-</slot>
            <slot slot="801">-</slot>
            <slot slot="802">-</slot>
            <slot slot="803">-</slot>
            <slot slot="804">-</slot>
            <slot slot="805">-</slot>
            <slot slot="806">-</slot>
            <slot slot="807">-</slot>
            <slot slot="808">-</slot>
            <slot slot="809">-</slot>
            <slot slot="810">-</slot>
            <slot slot="811">-</slot>
            <slot slot="812">-</slot>
            <slot slot="813">-</slot>
            <slot slot="814">-</slot>
            <slot slot="815">-</slot>
            <slot slot="816">-</slot>
            <slot slot="817">-</slot>
            <slot slot="818">-</slot>
            <slot slot="819">-</slot>
            <slot slot="820">-</slot>
            <slot slot="821">-</slot>
            <slot slot="822">-</slot>
            <slot slot="823">-</slot>
            <slot slot="824">-</slot>
            <slot slot="825">-</slot>
            <slot slot="826">-</slot>
            <slot slot="827">-</slot>
            <slot slot="828">-</slot>
            <slot slot="829">-</slot>
            <slot slot="830">-</slot>
            <slot slot="831">-</slot>
            <slot slot="832">-</slot>
            <slot slot="833">-</slot>
            <slot slot="834">-</slot>
            <slot slot="835">-</slot>
            <slot slot="836">-</slot>
            <slot slot="837">-</slot>
            <slot slot="838">-</slot>
            <slot slot="839">-</slot>
            <slot slot="840">-</slot>
            <slot slot="841">-</slot>
            <slot slot="842">-</slot>
            <slot slot="843">-</slot>
            <slot slot="844">-</slot>
            <slot slot="845">-</slot>
            <slot slot="846">-</slot>
            <slot slot="847">-</slot>
            <slot slot="848">-</slot>
            <slot slot="849">-</slot>
            <slot slot="850">-</slot>
            <slot slot="851">-</slot>
            <slot slot="852">-</slot>
            <slot slot="853">-</slot>
            <slot slot="854">-</slot>
            <slot slot="855">-</slot>
            <slot slot="856">-</slot>
            <slot slot="857">-</slot>
            <slot slot="858">-</slot>
            <slot slot="859">-</slot>
            <slot slot="860">-</slot>
            <slot slot="861">-</slot>
            <slot slot="862">-</slot>
            <slot slot="863">-</slot>
            <slot slot="864">-</slot>
            <slot slot="865">-</slot>
            <slot slot="866">-</slot>
            <slot slot="867">-</slot>
            <slot slot="868">-</slot>
            <slot slot="869">-</slot>
            <slot slot="870">-</slot>
            <slot slot="871">-</slot>
            <slot slot="872">-</slot>
            <slot slot="873">-</slot>
            <slot slot="874">-</slot>
            <slot slot="875">-</slot>
            <slot slot="876">-</slot>
            <slot slot="877">-</slot>
            <slot slot="878">-</slot>
            <slot slot="879">-</slot>
            <slot slot="880">-</slot>
            <slot slot="881">-</slot>
            <slot slot="882">-</slot>
            <slot slot="883">-</slot>
            <slot slot="884">-</slot>
            <slot slot="885">-</slot>
            <slot slot="886">-</slot>
            <slot slot="887">-</slot>
            <slot slot="888">-</slot>
            <slot slot="889">-</slot>
            <slot slot="890">-</slot>
            <slot slot="891">-</slot>
            <slot slot="892">-</slot>
            <slot slot="893">-</slot>
            <slot slot="894">-</slot>
            <slot slot="895">-</slot>
            <slot slot="896">-</slot>
            <slot slot="897">-</slot>
            <slot slot="898">-</slot>
            <slot slot="899">-</slot>
            <slot slot="900">-</slot>
            <slot slot="901">-</slot>
            <slot slot="902">-</slot>
            <slot slot="903">-</slot>
            <slot slot="904">-</slot>
            <slot slot="905">-</slot>
            <slot slot="906">-</slot>
            <slot slot="907">-</slot>
            <slot slot="908">-</slot>
            <slot slot="909">-</slot>
            <slot slot="910">-</slot>
            <slot slot="911">-</slot>
            <slot slot="912">-</slot>
            <slot slot="913">-</slot>
            <slot slot="914">-</slot>
            <slot slot="915">-</slot>
            <slot slot="916">-</slot>
            <slot slot="917">-</slot>
            <slot slot="918">-</slot>
            <slot slot="919">-</slot>
            <slot slot="920">-</slot>
            <slot slot="921">-</slot>
            <slot slot="922">-</slot>
            <slot slot="923">-</slot>
            <slot slot="924">-</slot>
            <slot slot="925">-</slot>
            <slot slot="926">-</slot>
            <slot slot="927">-</slot>
            <slot slot="928">-</slot>
            <slot slot="929">-</slot>
            <slot slot="930">-</slot>
            <slot slot="931">-</slot>
            <slot slot="932">-</slot>
            <slot slot="933">-</slot>
            <slot slot="934">-</slot>
            <slot slot="935">-</slot>
            <slot slot="936">-</slot>
            <slot slot="937">-</slot>
            <slot slot="938">-</slot>
            <slot slot="939">-</slot>
            <slot slot="940">-</slot>
            <slot slot="941">-</slot>
            <slot slot="942">-</slot>
            <slot slot="943">-</slot>
            <slot slot="944">-</slot>
            <slot slot="945">-</slot>
            <slot slot="946">-</slot>
            <slot slot="947">-</slot>
            <slot slot="948">-</slot>
            <slot slot="949">-</slot>
            <slot slot="950">-</slot>
            <slot slot="951">-</slot>
            <slot slot="952">-</slot>
            <slot slot="953">-</slot>
            <slot slot="954">-</slot>
            <slot slot="955">-</slot>
            <slot slot="956">-</slot>
            <slot slot="957">-</slot>
            <slot slot="958">-</slot>
            <slot slot="959">-</slot>
            <slot slot="960">-</slot>
            <slot slot="961">-</slot>
            <slot slot="962">-</slot>
            <slot slot="963">-</slot>
            <slot slot="964">-</slot>
            <slot slot="965">-</slot>
            <slot slot="966">-</slot>
            <slot slot="967">-</slot>
            <slot slot="968">-</slot>
            <slot slot="969">-</slot>
            <slot slot="970">-</slot>
            <slot slot="971">-</slot>
            <slot slot="972">-</slot>
            <slot slot="973">-</slot>
            <slot slot="974">-</slot>
            <slot slot="975">-</slot>
            <slot slot="976">-</slot>
            <slot slot="977">-</slot>
            <slot slot="978">-</slot>
            <slot slot="979">-</slot>
            <slot slot="980">-</slot>
            <slot slot="981">-</slot>
            <slot slot="982">-</slot>
            <slot slot="983">-</slot>
            <slot slot="984">-</slot>
            <slot slot="985">-</slot>
            <slot slot="986">-</slot>
            <slot slot="987">-</slot>
            <slot slot="988">-</slot>
            <slot slot="989">-</slot>
            <slot slot="990">-</slot>
            <slot slot="991">-</slot>
            <slot slot="992">-</slot>
            <slot slot="993">-</slot>
            <slot slot="994">-</slot>
            <slot slot="995">-</slot>
            <slot slot="996">-</slot>
            <slot slot="997">-</slot>
            <slot slot="998">-</slot>
            <slot slot="999">-</slot>
            <slot slot="1000">-</slot>
            <slot slot="1001">-</slot>
            <slot slot="1002">-</slot>
            <slot slot="1003">-</slot>
            <slot slot="1004">-</slot>
            <slot slot="1005">-</slot>
            <slot slot="1006">-</slot>
            <slot slot="1007">-</slot>
            <slot slot="1008">-</slot>
            <slot slot="1009">-</slot>
            <slot slot="1010">-</slot>
            <slot slot="1011">-</slot>
            <slot slot="1012">-</slot>
            <slot slot="1013">-</slot>
            <slot slot="1014">-</slot>
            <slot slot="1015">-</slot>
            <slot slot="1016">-</slot>
            <slot slot="1017">-</slot>
            <slot slot="1018">-</slot>
            <slot slot="1019">-</slot>
            <slot slot="1020">-</slot>
            <slot slot="1021">-</slot>
            <slot slot="1022">-</slot>
            <slot slot="1023">-</slot>
            <slot slot="1024">-</slot>
            <slot slot="1025">-</slot>
            <slot slot="1026">-</slot>
            <slot slot="1027">-</slot>
            <slot slot="1028">-</slot>
            <slot slot="1029">-</slot>
            <slot slot="1030">-</slot>
            <slot slot="1031">-</slot>
            <slot slot="1032">-</slot>
            <slot slot="1033">-</slot>
            <slot slot="1034">-</slot>
            <slot slot="1035">-</slot>
            <slot slot="1036">-</slot>
            <slot slot="1037">-</slot>
            <slot slot="1038">-</slot>
            <slot slot="1039">-</slot>
            <slot slot="1040">-</slot>
            <slot slot="1041">-</slot>
            <slot slot="1042">-</slot>
            <slot slot="1043">-</slot>
            <slot slot="1044">-</slot>
            <slot slot="1045">-</slot>
            <slot slot="1046">-</slot>
            <slot slot="1047">-</slot>
            <slot slot="1048">-</slot>
            <slot slot="1049">-</slot>
            <slot slot="1050">-</slot>
            <slot slot="1051">-</slot>
            <slot slot="1052">-</slot>
            <slot slot="1053">-</slot>
            <slot slot="1054">-</slot>
            <slot slot="1055">-</slot>
            <slot slot="1056">-</slot>
            <slot slot="1057">-</slot>
            <slot slot="1058">-</slot>
            <slot slot="1059">-</slot>
            <slot slot="1060">-</slot>
            <slot slot="1061">-</slot>
            <slot slot="1062">-</slot>
            <slot slot="1063">-</slot>
            <slot slot="1064">-</slot>
            <slot slot="1065">-</slot>
            <slot slot="1066">-</slot>
            <slot slot="1067">-</slot>
            <slot slot="1068">-</slot>
            <slot slot="1069">-</slot>
            <slot slot="1070">-</slot>
            <slot slot="1071">-</slot>
            <slot slot="1072">-</slot>
            <slot slot="1073">-</slot>
            <slot slot="1074">-</slot>
            <slot slot="1075">-</slot>
            <slot slot="1076">-</slot>
            <slot slot="1077">-</slot>
            <slot slot="1078">-</slot>
            <slot slot="1079">-</slot>
            <slot slot="1080">-</slot>
            <slot slot="1081">-</slot>
            <slot slot="1082">-</slot>
            <slot slot="1083">-</slot>
            <slot slot="1084">-</slot>
            <slot slot="1085">-</slot>
            <slot slot="1086">-</slot>
            <slot slot="1087">-</slot>
            <slot slot="1088">-</slot>
            <slot slot="1089">-</slot>
            <slot slot="1090">-</slot>
            <slot slot="1091">-</slot>
            <slot slot="1092">-</slot>
            <slot slot="1093">-</slot>
            <slot slot="1094">-</slot>
            <slot slot="1095">-</slot>
            <slot slot="1096">-</slot>
            <slot slot="1097">-</slot>
            <slot slot="1098">-</slot>
            <slot slot="1099">-</slot>
            <slot slot="1100">-</slot>
            <slot slot="1101">-</slot>
            <slot slot="1102">-</slot>
            <slot slot="1103">-</slot>
            <slot slot="1104">-</slot>
            <slot slot="1105">-</slot>
            <slot slot="1106">-</slot>
            <slot slot="1107">-</slot>
            <slot slot="1108">-</slot>
            <slot slot="1109">-</slot>
            <slot slot="1110">-</slot>
            <slot slot="1111">-</slot>
            <slot slot="1112">-</slot>
            <slot slot="1113">-</slot>
            <slot slot="1114">-</slot>
            <slot slot="1115">-</slot>
            <slot slot="1116">-</slot>
            <slot slot="1117">-</slot>
            <slot slot="1118">-</slot>
            <slot slot="1119">-</slot>
            <slot slot="1120">-</slot>
            <slot slot="1121">-</slot>
            <slot slot="1122">-</slot>
            <slot slot="1123">-</slot>
            <slot slot="1124">-</slot>
            <slot slot="1125">-</slot>
            <slot slot="1126">-</slot>
            <slot slot="1127">-</slot>
            <slot slot="1128">-</slot>
            <slot slot="1129">-</slot>
            <slot slot="1130">-</slot>
            <slot slot="1131">-</slot>
            <slot slot="1132">-</slot>
            <slot slot="1133">-</slot>
            <slot slot="1134">-</slot>
            <slot slot="1135">-</slot>
            <slot slot="1136">-</slot>
            <slot slot="1137">-</slot>
            <slot slot="1138">-</slot>
            <slot slot="1139">-</slot>
            <slot slot="1140">-</slot>
            <slot slot="1141">-</slot>
            <slot slot="1142">-</slot>
            <slot slot="1143">-</slot>
            <slot slot="1144">-</slot>
            <slot slot="1145">-</slot>
            <slot slot="1146">-</slot>
            <slot slot="1147">-</slot>
            <slot slot="1148">-</slot>
            <slot slot="1149">-</slot>
            <slot slot="1150">-</slot>
            <slot slot="1151">-</slot>
            <slot slot="1152">-</slot>
            <slot slot="1153">-</slot>
            <slot slot="1154">-</slot>
            <slot slot="1155">-</slot>
            <slot slot="1156">-</slot>
            <slot slot="1157">-</slot>
            <slot slot="1158">-</slot>
            <slot slot="1159">-</slot>
            <slot slot="1160">-</slot>
            <slot slot="1161">-</slot>
            <slot slot="1162">-</slot>
            <slot slot="1163">-</slot>
            <slot slot="1164">-</slot>
            <slot slot="1165">-</slot>
            <slot slot="1166">-</slot>
            <slot slot="1167">-</slot>
            <slot slot="1168">-</slot>
            <slot slot="1169">-</slot>
            <slot slot="1170">-</slot>
            <slot slot="1171">-</slot>
            <slot slot="1172">-</slot>
            <slot slot="1173">-</slot>
            <slot slot="1174">-</slot>
            <slot slot="1175">-</slot>
            <slot slot="1176">-</slot>
            <slot slot="1177">-</slot>
            <slot slot="1178">-</slot>
            <slot slot="1179">-</slot>
            <slot slot="1180">-</slot>
            <slot slot="1181">-</slot>
            <slot slot="1182">-</slot>
            <slot slot="1183">-</slot>
            <slot slot="1184">-</slot>
            <slot slot="1185">-</slot>
            <slot slot="1186">-</slot>
            <slot slot="1187">-</slot>
            <slot slot="1188">-</slot>
            <slot slot="1189">-</slot>
            <slot slot="1190">-</slot>
            <slot slot="1191">-</slot>
            <slot slot="1192">-</slot>
            <slot slot="1193">-</slot>
            <slot slot="1194">-</slot>
            <slot slot="1195">-</slot>
            <slot slot="1196">-</slot>
            <slot slot="1197">-</slot>
            <slot slot="1198">-</slot>
            <slot slot="1199">-</slot>
            <slot slot="1200">-</slot>
            <slot slot="1201">-</slot>
            <slot slot="1202">-</slot>
            <slot slot="1203">-</slot>
            <slot slot="1204">-</slot>
            <slot slot="1205">-</slot>
            <slot slot="1206">-</slot>
            <slot slot="1207">-</slot>
            <slot slot="1208">-</slot>
            <slot slot="1209">-</slot>
            <slot slot="1210">-</slot>
            <slot slot="1211">-</slot>
            <slot slot="1212">-</slot>
            <slot slot="1213">-</slot>
            <slot slot="1214">-</slot>
            <slot slot="1215">-</slot>
            <slot slot="1216">-</slot>
            <slot slot="1217">-</slot>
            <slot slot="1218">-</slot>
            <slot slot="1219">-</slot>
            <slot slot="1220">-</slot>
            <slot slot="1221">-</slot>
            <slot slot="1222">-</slot>
            <slot slot="1223">-</slot>
            <slot slot="1224">-</slot>
            <slot slot="1225">-</slot>
            <slot slot="1226">-</slot>
            <slot slot="1227">-</slot>
            <slot slot="1228">-</slot>
            <slot slot="1229">-</slot>
            <slot slot="1230">-</slot>
            <slot slot="1231">-</slot>
            <slot slot="1232">-</slot>
            <slot slot="1233">-</slot>
            <slot slot="1234">-</slot>
            <slot slot="1235">-</slot>
            <slot slot="1236">-</slot>
            <slot slot="1237">-</slot>
            <slot slot="1238">-</slot>
            <slot slot="1239">-</slot>
            <slot slot="1240">D0N4</slot>
            <slot slot="1241">D0N4</slot>
            <slot slot="1242">D0N4</slot>
            <slot slot="1243">D0N4</slot>
            <slot slot="1244">D0N4</slot>
            <slot slot="1245">D0N4</slot>
            <slot slot="1246">D0N4</slot>
            <slot slot="1247">D0N4</slot>
            <slot slot="1248">D0N4</slot>
            <slot slot="1249">D0N4</slot>
            <slot slot="1250">D0N4</slot>
            <slot slot="1251">D0N4</slot>
            <slot slot="1252">D0N4</slot>
            <slot slot="1253">D0N4</slot>
            <slot slot="1254">D0N4</slot>
            <slot slot="1255">D0N4</slot>
            <slot slot="1256">D0N4</slot>
            <slot slot="1257">D0N4</slot>
            <slot slot="1258">D0N4</slot>
            <slot slot="1259">D0N4</slot>
            <slot slot="1260">D0N4</slot>
            <slot slot="1261">D0N4</slot>
            <slot slot="1262">D0N4</slot>
            <slot slot="1263">D0N4</slot>
            <slot slot="1264">D0N4</slot>
            <slot slot="1265">D0N4</slot>
            <slot slot="1266">D0N4</slot>
            <slot slot="1267">D0N4</slot>
            <slot slot="1268">D0N4</slot>
            <slot slot="1269">D0N4</slot>
            <slot slot="1270">D0N4</slot>
            <slot slot="1271">D0N4</slot>
            <slot slot="1272">D0N4</slot>
            <slot slot="1273">D0N4</slot>
            <slot slot="1274">D0N4</slot>
            <slot slot="1275">D0N4</slot>
            <slot slot="1276">D0N4</slot>
            <slot slot="1277">D0N4</slot>
            <slot slot="1278">D0N4</slot>
            <slot slot="1279">D0N4</slot>
            <slot slot="1280">D0N4</slot>
            <slot slot="1281">D0N4</slot>
            <slot slot="1282">D0N4</slot>
            <slot slot="1283">D0N4</slot>
            <slot slot="1284">D0N4</slot>
            <slot slot="1285">D0N4</slot>
            <slot slot="1286">D0N4</slot>
            <slot slot="1287">D0N4</slot>
            <slot slot="1288">D0N4</slot>
            <slot slot="1289">D0N4</slot>
            <slot slot="1290">D0N3</slot>
            <slot slot="1291">D0N3</slot>
            <slot slot="1292">D0N3</slot>
            <slot slot="1293">D0N3</slot>
            <slot slot="1294">D0N3</slot>
            <slot slot="1295">D0N3</slot>
            <slot slot="1296">D0N3</slot>
            <slot slot="1297">D0N3</slot>
            <slot slot="1298">D0N3</slot>
            <slot slot="1299">D0N3</slot>
            <slot slot="1300">D0N19</slot>
            <slot slot="1301">D0N19</slot>
            <slot slot="1302">D0N19</slot>
            <slot slot="1303">D0N19</slot>
            <slot slot="1304">D0N19</slot>
            <slot slot="1305">D0N19</slot>
            <slot slot="1306">D0N19</slot>
            <slot slot="1307">D0N19</slot>
            <slot slot="1308">D0N19</slot>
            <slot slot="1309">D0N19</slot>
            <slot slot="1310">D0N19</slot>
            <slot slot="1311">D0N19</slot>
            <slot slot="1312">D0N19</slot>
            <slot slot="1313">D0N19</slot>
            <slot slot="1314">D0N19</slot>
            <slot slot="1315">D0N19</slot>
            <slot slot="1316">D0N19</slot>
            <slot slot="1317">D0N19</slot>
            <slot slot="1318">D0N19</slot>
            <slot slot="1319">D0N19</slot>
            <slot slot="1320">D0N19</slot>
            <slot slot="1321">D0N19</slot>
            <slot slot="1322">D0N19</slot>
            <slot slot="1323">D0N19</slot>
            <slot slot="1324">D0N19</slot>
            <slot slot="1325">D0N19</slot>
            <slot slot="1326">D0N19</slot>
            <slot slot="1327">D0N19</slot>
            <slot slot="1328">D0N19</slot>
            <slot slot="1329">D0N19</slot>
            <slot slot="1330">D0N19</slot>
            <slot slot="1331">D0N19</slot>
            <slot slot="1332">D0N19</slot>
            <slot slot="1333">D0N19</slot>
            <slot slot="1334">D0N19</slot>
            <slot slot="1335">D0N19</slot>
            <slot slot="1336">D0N19</slot>
            <slot slot="1337">D0N19</slot>
            <slot slot="1338">D0N19</slot>
            <slot slot="1339">D0N19</slot>
            <slot slot="1340">D0N19</slot>
            <slot slot="1341">D0N19</slot>
            <slot slot="1342">D0N19</slot>
            <slot slot="1343">D0N19</slot>
            <slot slot="1344">D0N19</slot>
            <slot slot="1345">D0N19</slot>
            <slot slot="1346">D0N19</slot>
            <slot slot="1347">D0N19</slot>
            <slot slot="1348">D0N19</slot>
            <slot slot="1349">D0N19</slot>
            <slot slot="1350">D0N19</slot>
            <slot slot="1351">D0N19</slot>
            <slot slot="1352">D0N19</slot>
            <slot slot="1353">D0N19</slot>
            <slot slot="1354">D0N19</slot>
            <slot slot="1355">D0N19</slot>
            <slot slot="1356">D0N19</slot>
            <slot slot="1357">D0N19</slot>
            <slot slot="1358">D0N19</slot>
            <slot slot="1359">D0N19</slot>
            <slot slot="1360">D0N19</slot>
            <slot slot="1361">D0N19</slot>
            <slot slot="1362">D0N19</slot>
            <slot slot="1363">D0N19</slot>
            <slot slot="1364">D0N19</slot>
            <slot slot="1365">D0N19</slot>
            <slot slot="1366">D0N19</slot>
            <slot slot="1367">D0N19</slot>
            <slot slot="1368">D0N19</slot>
            <slot slot="1369">D0N19</slot>
            <slot slot="1370">D0N7</slot>
            <slot slot="1371">D0N7</slot>
            <slot slot="1372">D0N7</slot>
            <slot slot="1373">D0N7</slot>
            <slot slot="1374">D0N7</slot>
            <slot slot="1375">D0N7</slot>
            <slot slot="1376">D0N7</slot>
            <slot slot="1377">D0N7</slot>
            <slot slot="1378">D0N7</slot>
            <slot slot="1379">D0N7</slot>
            <slot slot="1380">D0N7</slot>
            <slot slot="1381">D0N7</slot>
            <slot slot="1382">D0N7</slot>
            <slot slot="1383">D0N7</slot>
            <slot slot="1384">D0N7</slot>
            <slot slot="1385">D0N7</slot>
            <slot slot="1386">D0N7</slot>
            <slot slot="1387">D0N7</slot>
            <slot slot="1388">D0N7</slot>
            <slot slot="1389">D0N7</slot>
            <slot slot="1390">D0N7</slot>
            <slot slot="1391">D0N7</slot>
            <slot slot="1392">D0N7</slot>
            <slot slot="1393">D0N7</slot>
            <slot slot="1394">D0N7</slot>
            <slot slot="1395">D0N7</slot>
            <slot slot="1396">D0N7</slot>
            <slot slot="1397">D0N7</slot>
            <slot slot="1398">D0N7</slot>
            <slot slot="1399">D0N7</slot>
            <slot slot="1400">D0N16</slot>
            <slot slot="1401">D0N16</slot>
            <slot slot="1402">D0N16</slot>
            <slot slot="1403">D0N16</slot>
            <slot slot="1404">D0N16</slot>
            <slot slot="1405">D0N16</slot>
            <slot slot="1406">D0N16</slot>
            <slot slot="1407">D0N16</slot>
            <slot slot="1408">D0N16</slot>
            <slot slot="1409">D0N16</slot>
            <slot slot="1410">D0N16</slot>
            <slot slot="1411">D0N16</slot>
            <slot slot="1412">D0N16</slot>
            <slot slot="1413">D0N16</slot>
            <slot slot="1414">D0N16</slot>
            <slot slot="1415">D0N16</slot>
            <slot slot="1416">D0N16</slot>
            <slot slot="1417">D0N16</slot>
            <slot slot="1418">D0N16</slot>
            <slot slot="1419">D0N16</slot>
            <slot slot="1420">D0N2</slot>
            <slot slot="1421">D0N2</slot>
            <slot slot="1422">D0N2</slot>
            <slot slot="1423">D0N2</slot>
            <slot slot="1424">D0N2</slot>
            <slot slot="1425">D0N2</slot>
            <slot slot="1426">D0N2</slot>
            <slot slot="1427">D0N2</slot>
            <slot slot="1428">D0N2</slot>
            <slot slot="1429">D0N2</slot>
            <slot slot="1430">D0N10</slot>
            <slot slot="1431">D0N10</slot>
            <slot slot="1432">D0N10</slot>
            <slot slot="1433">D0N10</slot>
            <slot slot="1434">D0N10</slot>
            <slot slot="1435">D0N10</slot>
            <slot slot="1436">D0N10</slot>
            <slot slot="1437">D0N10</slot>
            <slot slot="1438">D0N10</slot>
            <slot slot="1439">D0N10</slot>
            <slot slot="1440">D0N10</slot>
            <slot slot="1441">D0N10</slot>
            <slot slot="1442">D0N10</slot>
            <slot slot="1443">D0N10</slot>
            <slot slot="1444">D0N10</slot>
            <slot slot="1445">D0N10</slot>
            <slot slot="1446">D0N10</slot>
            <slot slot="1447">D0N10</slot>
            <slot slot="1448">D0N10</slot>
            <slot slot="1449">D0N10</slot>
            <slot slot="1450">D0N10</slot>
            <slot slot="1451">D0N10</slot>
            <slot slot="1452">D0N10</slot>
            <slot slot="1453">D0N10</slot>
            <slot slot="1454">D0N10</slot>
            <slot slot="1455">D0N10</slot>
            <slot slot="1456">D0N10</slot>
            <slot slot="1457">D0N10</slot>
            <slot slot="1458">D0N10</slot>
            <slot slot="1459">D0N10</slot>
            <slot slot="1460">D0N10</slot>
            <slot slot="1461">D0N10</slot>
            <slot slot="1462">D0N10</slot>
            <slot slot="1463">D0N10</slot>
            <slot slot="1464">D0N10</slot>
            <slot slot="1465">D0N10</slot>
            <slot slot="1466">D0N10</slot>
            <slot slot="1467">D0N10</slot>
            <slot slot="1468">D0N10</slot>
            <slot slot="1469">D0N10</slot>
            <slot slot="1470">D0N10</slot>
            <slot slot="1471">D0N10</slot>
            <slot slot="1472">D0N10</slot>
            <slot slot="1473">D0N10</slot>
            <slot slot="1474">D0N10</slot>
            <slot slot="1475">D0N10</slot>
            <slot slot="1476">D0N10</slot>
            <slot slot="1477">D0N10</slot>
            <slot slot="1478">D0N10</slot>
            <slot slot="1479">D0N10</slot>
            <slot slot="1480">D0N5</slot>
            <slot slot="1481">D0N5</slot>
            <slot slot="1482">D0N5</slot>
            <slot slot="1483">D0N5</slot>
            <slot slot="1484">D0N5</slot>
            <slot slot="1485">D0N5</slot>
            <slot slot="1486">D0N5</slot>
            <slot slot="1487">D0N5</slot>
            <slot slot="1488">D0N5</slot>
            <slot slot="1489">D0N5</slot>
            <slot slot="1490">D0N5</slot>
            <slot slot="1491">D0N5</slot>
            <slot slot="1492">D0N5</slot>
            <slot slot="1493">D0N5</slot>
            <slot slot="1494">D0N5</slot>
            <slot slot="1495">D0N5</slot>
            <slot slot="1496">D0N5</slot>
            <slot slot="1497">D0N5</slot>
            <slot slot="1498">D0N5</slot>
            <slot slot="1499">D0N5</slot>
            <slot slot="1500">D0N5</slot>
            <slot slot="1501">D0N5</slot>
            <slot slot="1502">D0N5</slot>
            <slot slot="1503">D0N5</slot>
            <slot slot="1504">D0N5</slot>
            <slot slot="1505">D0N5</slot>
            <slot slot="1506">D0N5</slot>
            <slot slot="1507">D0N5</slot>
            <slot slot="1508">D0N5</slot>
            <slot slot="1509">D0N5</slot>
            <slot slot="1510">D0N5</slot>
            <slot slot="1511">D0N5</slot>
            <slot slot="1512">D0N5</slot>
            <slot slot="1513">D0N5</slot>
            <slot slot="1514">D0N5</slot>
            <slot slot="1515">D0N5</slot>
            <slot slot="1516">D0N5</slot>
            <slot slot="1517">D0N5</slot>
            <slot slot="1518">D0N5</slot>
            <slot slot="1519">D0N5</slot>
            <slot slot="1520">D0N5</slot>
            <slot slot="1521">D0N5</slot>
            <slot slot="1522">D0N5</slot>
            <slot slot="1523">D0N5</slot>
            <slot slot="1524">D0N5</slot>
            <slot slot="1525">D0N5</slot>
            <slot slot="1526">D0N5</slot>
            <slot slot="1527">D0N5</slot>
            <slot slot="1528">D0N5</slot>
            <slot slot="1529">D0N5</slot>
            <slot slot="1530">D0N5</slot>
            <slot slot="1531">D0N5</slot>
            <slot slot="1532">D0N5</slot>
            <slot slot="1533">D0N5</slot>
            <slot slot="1534">D0N5</slot>
            <slot slot="1535">D0N5</slot>
            <slot slot="1536">D0N5</slot>
            <slot slot="1537">D0N5</slot>
            <slot slot="1538">D0N5</slot>
            <slot slot="1539">D0N5</slot>
            <slot slot="1540">D0N5</slot>
            <slot slot="1541">D0N5</slot>
            <slot slot="1542">D0N5</slot>
            <slot slot="1543">D0N5</slot>
            <slot slot="1544">D0N5</slot>
            <slot slot="1545">D0N5</slot>
            <slot slot="1546">D0N5</slot>
            <slot slot="1547">D0N5</slot>
            <slot slot="1548">D0N5</slot>
            <slot slot="1549">D0N5</slot>
            <slot slot="1550">D0N27</slot>
            <slot slot="1551">D0N27</slot>
            <slot slot="1552">D0N27</slot>
            <slot slot="1553">D0N27</slot>
            <slot slot="1554">D0N27</slot>
            <slot slot="1555">D0N27</slot>
            <slot slot="1556">D0N27</slot>
            <slot slot="1557">D0N27</slot>
            <slot slot="1558">D0N27</slot>
            <slot slot="1559">D0N27</slot>
            <slot slot="1560">D0N25</slot>
            <slot slot="1561">D0N25</slot>
            <slot slot="1562">D0N25</slot>
            <slot slot="1563">D0N25</slot>
            <slot slot="1564">D0N25</slot>
            <slot slot="1565">D0N25</slot>
            <slot slot="1566">D0N25</slot>
            <slot slot="1567">D0N25</slot>
            <slot slot="1568">D0N25</slot>
            <slot slot="1569">D0N25</slot>
            <slot slot="1570">D0N25</slot>
            <slot slot="1571">D0N25</slot>
            <slot slot="1572">D0N25</slot>
            <slot slot="1573">D0N25</slot>
            <slot slot="1574">D0N25</slot>
            <slot slot="1575">D0N25</slot>
            <slot slot="1576">D0N25</slot>
            <slot slot="1577">D0N25</slot>
            <slot slot="1578">D0N25</slot>
            <slot slot="1579">D0N25</slot>
            <slot slot="1580">D0N25</slot>
            <slot slot="1581">D0N25</slot>
            <slot slot="1582">D0N25</slot>
            <slot slot="1583">D0N25</slot>
            <slot slot="1584">D0N25</slot>
            <slot slot="1585">D0N25</slot>
            <slot slot="1586">D0N25</slot>
            <slot slot="1587">D0N25</slot>
            <slot slot="1588">D0N25</slot>
            <slot slot="1589">D0N25</slot>
            <slot slot="1590">D0N21</slot>
            <slot slot="1591">D0N21</slot>
            <slot slot="1592">D0N21</slot>
            <slot slot="1593">D0N21</slot>
            <slot slot="1594">D0N21</slot>
            <slot slot="1595">D0N21</slot>
            <slot slot="1596">D0N21</slot>
            <slot slot="1597">D0N21</slot>
            <slot slot="1598">D0N21</slot>
            <slot slot="1599">D0N21</slot>
            <slot slot="1600">D0N9</slot>
            <slot slot="1601">D0N9</slot>
            <slot slot="1602">D0N9</slot>
            <slot slot="1603">D0N9</slot>
            <slot slot="1604">D0N9</slot>
            <slot slot="1605">D0N9</slot>
            <slot slot="1606">D0N9</slot>
            <slot slot="1607">D0N9</slot>
            <slot slot="1608">D0N9</slot>
            <slot slot="1609">D0N9</slot>
            <slot slot="1610">D0N9</slot>
            <slot slot="1611">D0N9</slot>
            <slot slot="1612">D0N9</slot>
            <slot slot="1613">D0N9</slot>
            <slot slot="1614">D0N9</slot>
            <slot slot="1615">D0N9</slot>
            <slot slot="1616">D0N9</slot>
            <slot slot="1617">D0N9</slot>
            <slot slot="1618">D0N9</slot>
            <slot slot="1619">D0N9</slot>
            <slot slot="1620">D0N9</slot>
            <slot slot="1621">D0N9</slot>
            <slot slot="1622">D0N9</slot>
            <slot slot="1623">D0N9</slot>
            <slot slot="1624">D0N9</slot>
            <slot slot="1625">D0N9</slot>
            <slot slot="1626">D0N9</slot>
            <slot slot="1627">D0N9</slot>
            <slot slot="1628">D0N9</slot>
            <slot slot="1629">D0N9</slot>
            <slot slot="1630">D0N9</slot>
            <slot slot="1631">D0N9</slot>
            <slot slot="1632">D0N9</slot>
            <slot slot="1633">D0N9</slot>
            <slot slot="1634">D0N9</slot>
            <slot slot="1635">D0N9</slot>
            <slot slot="1636">D0N9</slot>
            <slot slot="1637">D0N9</slot>
            <slot slot="1638">D0N9</slot>
            <slot slot="1639">D0N9</slot>
            <slot slot="1640">D0N21</slot>
            <slot slot="1641">D0N21</slot>
            <slot slot="1642">D0N21</slot>
            <slot slot="1643">D0N21</slot>
            <slot slot="1644">D0N21</slot>
            <slot slot="1645">D0N21</slot>
            <slot slot="1646">D0N21</slot>
            <slot slot="1647">D0N21</slot>
            <slot slot="1648">D0N21</slot>
            <slot slot="1649">D0N21</slot>
            <slot slot="1650">D0N21</slot>
            <slot slot="1651">D0N21</slot>
            <slot slot="1652">D0N21</slot>
            <slot slot="1653">D0N21</slot>
            <slot slot="1654">D0N21</slot>
            <slot slot="1655">D0N21</slot>
            <slot slot="1656">D0N21</slot>
            <slot slot="1657">D0N21</slot>
            <slot slot="1658">D0N21</slot>
            <slot slot="1659">D0N21</slot>
            <slot slot="1660">D0N21</slot>
            <slot slot="1661">D0N21</slot>
            <slot slot="1662">D0N21</slot>
            <slot slot="1663">D0N21</slot>
            <slot slot="1664">D0N21</slot>
            <slot slot="1665">D0N21</slot>
            <slot slot="1666">D0N21</slot>
            <slot slot="1667">D0N21</slot>
            <slot slot="1668">D0N21</slot>
            <slot slot="1669">D0N21</slot>
            <slot slot="1670">D0N21</slot>
            <slot slot="1671">D0N21</slot>
            <slot slot="1672">D0N21</slot>
            <slot slot="1673">D0N21</slot>
            <slot slot="1674">D0N21</slot>
            <slot slot="1675">D0N21</slot>
            <slot slot="1676">D0N21</slot>
            <slot slot="1677">D0N21</slot>
            <slot slot="1678">D0N21</slot>
            <slot slot="1679">D0N21</slot>
            <slot slot="1680">D0N21</slot>
            <slot slot="1681">D0N21</slot>
            <slot slot="1682">D0N21</slot>
            <slot slot="1683">D0N21</slot>
            <slot slot="1684">D0N21</slot>
            <slot slot="1685">D0N21</slot>
            <slot slot="1686">D0N21</slot>
            <slot slot="1687">D0N21</slot>
            <slot slot="1688">D0N21</slot>
            <slot slot="1689">D0N21</slot>
            <slot slot="1690">D0N21</slot>
            <slot slot="1691">D0N21</slot>
            <slot slot="1692">D0N21</slot>
            <slot slot="1693">D0N21</slot>
            <slot slot="1694">D0N21</slot>
            <slot slot="1695">D0N21</slot>
            <slot slot="1696">D0N21</slot>
            <slot slot="1697">D0N21</slot>
            <slot slot="1698">D0N21</slot>
            <slot slot="1699">D0N21</slot>
            <slot slot="1700">D0N21</slot>
            <slot slot="1701">D0N21</slot>
            <slot slot="1702">D0N21</slot>
            <slot slot="1703">D0N21</slot>
            <slot slot="1704">D0N21</slot>
            <slot slot="1705">D0N21</slot>
            <slot slot="1706">D0N21</slot>
            <slot slot="1707">D0N21</slot>
            <slot slot="1708">D0N21</slot>
            <slot slot="1709">D0N21</slot>
            <slot slot="1710">D0N18</slot>
            <slot slot="1711">D0N18</slot>
            <slot slot="1712">D0N18</slot>
            <slot slot="1713">D0N18</slot>
            <slot slot="1714">D0N18</slot>
            <slot slot="1715">D0N18</slot>
            <slot slot="1716">D0N18</slot>
            <slot slot="1717">D0N18</slot>
            <slot slot="1718">D0N18</slot>
            <slot slot="1719">D0N18</slot>
            <slot slot="1720">D0N33</slot>
            <slot slot="1721">D0N33</slot>
            <slot slot="1722">D0N33</slot>
            <slot slot="1723">D0N33</slot>
            <slot slot="1724">D0N33</slot>
            <slot slot="1725">D0N33</slot>
            <slot slot="1726">D0N33</slot>
            <slot slot="1727">D0N33</slot>
            <slot slot="1728">D0N33</slot>
            <slot slot="1729">D0N33</slot>
            <slot slot="1730">D0N33</slot>
            <slot slot="1731">D0N33</slot>
            <slot slot="1732">D0N33</slot>
            <slot slot="1733">D0N33</slot>
            <slot slot="1734">D0N33</slot>
            <slot slot="1735">D0N33</slot>
            <slot slot="1736">D0N33</slot>
            <slot slot="1737">D0N33</slot>
            <slot slot="1738">D0N33</slot>
            <slot slot="1739">D0N33</slot>
            <slot slot="1740">D0N20</slot>
            <slot slot="1741">D0N20</slot>
            <slot slot="1742">D0N20</slot>
            <slot slot="1743">D0N20</slot>
            <slot slot="1744">D0N20</slot>
            <slot slot="1745">D0N20</slot>
            <slot slot="1746">D0N20</slot>
            <slot slot="1747">D0N20</slot>
            <slot slot="1748">D0N20</slot>
            <slot slot="1749">D0N20</slot>
            <slot slot="1750">D0N20</slot>
            <slot slot="1751">D0N20</slot>
            <slot slot="1752">D0N20</slot>
            <slot slot="1753">D0N20</slot>
            <slot slot="1754">D0N20</slot>
            <slot slot="1755">D0N20</slot>
            <slot slot="1756">D0N20</slot>
            <slot slot="1757">D0N20</slot>
            <slot slot="1758">D0N20</slot>
            <slot slot="1759">D0N20</slot>
            <slot slot="1760">D0N20</slot>
            <slot slot="1761">D0N20</slot>
            <slot slot="1762">D0N20</slot>
            <slot slot="1763">D0N20</slot>
            <slot slot="1764">D0N20</slot>
            <slot slot="1765">D0N20</slot>
            <slot slot="1766">D0N20</slot>
            <slot slot="1767">D0N20</slot>
            <slot slot="1768">D0N20</slot>
            <slot slot="1769">D0N20</slot>
            <slot slot="1770">D0N20</slot>
            <slot slot="1771">D0N20</slot>
            <slot slot="1772">D0N20</slot>
            <slot slot="1773">D0N20</slot>
            <slot slot="1774">D0N20</slot>
            <slot slot="1775">D0N20</slot>
            <slot slot="1776">D0N20</slot>
            <slot slot="1777">D0N20</slot>
            <slot slot="1778">D0N20</slot>
            <slot slot="1779">D0N20</slot>
            <slot slot="1780">D0N20</slot>
            <slot slot="1781">D0N20</slot>
            <slot slot="1782">D0N20</slot>
            <slot slot="1783">D0N20</slot>
            <slot slot="1784">D0N20</slot>
            <slot slot="1785">D0N20</slot>
            <slot slot="1786">D0N20</slot>
            <slot slot="1787">D0N20</slot>
            <slot slot="1788">D0N20</slot>
            <slot slot="1789">D0N20</slot>
            <slot slot="1790">D0N20</slot>
            <slot slot="1791">D0N20</slot>
            <slot slot="1792">D0N20</slot>
            <slot slot="1793">D0N20</slot>
            <slot slot="1794">D0N20</slot>
            <slot slot="1795">D0N20</slot>
            <slot slot="1796">D0N20</slot>
            <slot slot="1797">D0N20</slot>
            <slot slot="1798">D0N20</slot>
            <slot slot="1799">D0N20</slot>
            <slot slot="1800">D0N20</slot>
            <slot slot="1801">D0N20</slot>
            <slot slot="1802">D0N20</slot>
            <slot slot="1803">D0N20</slot>
            <slot slot="1804">D0N20</slot>
            <slot slot="1805">D0N20</slot>
            <slot slot="1806">D0N20</slot>
            <slot slot="1807">D0N20</slot>
            <slot slot="1808">D0N20</slot>
            <slot slot="1809">D0N20</slot>
            <slot slot="1810">D0N20</slot>
            <slot slot="1811">D0N20</slot>
            <slot slot="1812">D0N20</slot>
            <slot slot="1813">D0N20</slot>
            <slot slot="1814">D0N20</slot>
            <slot slot="1815">D0N20</slot>
            <slot slot="1816">D0N20</slot>
            <slot slot="1817">D0N20</slot>
            <slot slot="1818">D0N20</slot>
            <slot slot="1819">D0N20</slot>
            <slot slot="1820">D0N29</slot>
            <slot slot="1821">D0N29</slot>
            <slot slot="1822">D0N29</slot>
            <slot slot="1823">D0N29</slot>
            <slot slot="1824">D0N29</slot>
            <slot slot="1825">D0N29</slot>
            <slot slot="1826">D0N29</slot>
            <slot slot="1827">D0N29</slot>
            <slot slot="1828">D0N29</slot>
            <slot slot="1829">D0N29</slot>
            <slot slot="1830">D0N29</slot>
            <slot slot="1831">D0N29</slot>
            <slot slot="1832">D0N29</slot>
            <slot slot="1833">D0N29</slot>
            <slot slot="1834">D0N29</slot>
            <slot slot="1835">D0N29</slot>
            <slot slot="1836">D0N29</slot>
            <slot slot="1837">D0N29</slot>
            <slot slot="1838">D0N29</slot>
            <slot slot="1839">D0N29</slot>
            <slot slot="1840">D0N29</slot>
            <slot slot="1841">D0N29</slot>
            <slot slot="1842">D0N29</slot>
            <slot slot="1843">D0N29</slot>
            <slot slot="1844">D0N29</slot>
            <slot slot="1845">D0N29</slot>
            <slot slot="1846">D0N29</slot>
            <slot slot="1847">D0N29</slot>
            <slot slot="1848">D0N29</slot>
            <slot slot="1849">D0N29</slot>
            <slot slot="1850">D0N8</slot>
            <slot slot="1851">D0N8</slot>
            <slot slot="1852">D0N8</slot>
            <slot slot="1853">D0N8</slot>
            <slot slot="1854">D0N8</slot>
            <slot slot="1855">D0N8</slot>
            <slot slot="1856">D0N8</slot>
            <slot slot="1857">D0N8</slot>
            <slot slot="1858">D0N8</slot>
            <slot slot="1859">D0N8</slot>
            <slot slot="1860">D0N8</slot>
            <slot slot="1861">D0N8</slot>
            <slot slot="1862">D0N8</slot>
            <slot slot="1863">D0N8</slot>
            <slot slot="1864">D0N8</slot>
            <slot slot="1865">D0N8</slot>
            <slot slot="1866">D0N8</slot>
            <slot slot="1867">D0N8</slot>
            <slot slot="1868">D0N8</slot>
            <slot slot="1869">D0N8</slot>
            <slot slot="1870">D0N8</slot>
            <slot slot="1871">D0N8</slot>
            <slot slot="1872">D0N8</slot>
            <slot slot="1873">D0N8</slot>
            <slot slot="1874">D0N8</slot>
            <slot slot="1875">D0N8</slot>
            <slot slot="1876">D0N8</slot>
            <slot slot="1877">D0N8</slot>
            <slot slot="1878">D0N8</slot>
            <slot slot="1879">D0N8</slot>
            <slot slot="1880">D0N8</slot>
            <slot slot="1881">D0N8</slot>
            <slot slot="1882">D0N8</slot>
            <slot slot="1883">D0N8</slot>
            <slot slot="1884">D0N8</slot>
            <slot slot="1885">D0N8</slot>
            <slot slot="1886">D0N8</slot>
            <slot slot="1887">D0N8</slot>
            <slot slot="1888">D0N8</slot>
            <slot slot="1889">D0N8</slot>
            <slot slot="1890">D0N8</slot>
            <slot slot="1891">D0N8</slot>
            <slot slot="1892">D0N8</slot>
            <slot slot="1893">D0N8</slot>
            <slot slot="1894">D0N8</slot>
            <slot slot="1895">D0N8</slot>
            <slot slot="1896">D0N8</slot>
            <slot slot="1897">D0N8</slot>
            <slot slot="1898">D0N8</slot>
            <slot slot="1899">D0N8</slot>
            <slot slot="1900">D0N8</slot>
            <slot slot="1901">D0N8</slot>
            <slot slot="1902">D0N8</slot>
            <slot slot="1903">D0N8</slot>
            <slot slot="1904">D0N8</slot>
            <slot slot="1905">D0N8</slot>
            <slot slot="1906">D0N8</slot>
            <slot slot="1907">D0N8</slot>
            <slot slot="1908">D0N8</slot>
            <slot slot="1909">D0N8</slot>
            <slot slot="1910">D0N8</slot>
            <slot slot="1911">D0N8</slot>
            <slot slot="1912">D0N8</slot>
            <slot slot="1913">D0N8</slot>
            <slot slot="1914">D0N8</slot>
            <slot slot="1915">D0N8</slot>
            <slot slot="1916">D0N8</slot>
            <slot slot="1917">D0N8</slot>
            <slot slot="1918">D0N8</slot>
            <slot slot="1919">D0N8</slot>
            <slot slot="1920">D0N8</slot>
            <slot slot="1921">D0N8</slot>
            <slot slot="1922">D0N8</slot>
            <slot slot="1923">D0N8</slot>
            <slot slot="1924">D0N8</slot>
            <slot slot="1925">D0N8</slot>
            <slot slot="1926">D0N8</slot>
            <slot slot="1927">D0N8</slot>
            <slot slot="1928">D0N8</slot>
            <slot slot="1929">D0N8</slot>
            <slot slot="1930">D0N8</slot>
            <slot slot="1931">D0N8</slot>
            <slot slot="1932">D0N8</slot>
            <slot slot="1933">D0N8</slot>
            <slot slot="1934">D0N8</slot>
            <slot slot="1935">D0N8</slot>
            <slot slot="1936">D0N8</slot>
            <slot slot="1937">D0N8</slot>
            <slot slot="1938">D0N8</slot>
            <slot slot="1939">D0N8</slot>
            <slot slot="1940">D0N24</slot>
            <slot slot="1941">D0N24</slot>
            <slot slot="1942">D0N24</slot>
            <slot slot="1943">D0N24</slot>
            <slot slot="1944">D0N24</slot>
            <slot slot="1945">D0N24</slot>
            <slot slot="1946">D0N24</slot>
            <slot slot="1947">D0N24</slot>
            <slot slot="1948">D0N24</slot>
            <slot slot="1949">D0N24</slot>
            <slot slot="1950">D0N24</slot>
            <slot slot="1951">D0N24</slot>
            <slot slot="1952">D0N24</slot>
            <slot slot="1953">D0N24</slot>
            <slot slot="1954">D0N24</slot>
            <slot slot="1955">D0N24</slot>
            <slot slot="1956">D0N24</slot>
            <slot slot="1957">D0N24</slot>
            <slot slot="1958">D0N24</slot>
            <slot slot="1959">D0N24</slot>
            <slot slot="1960">D0N24</slot>
            <slot slot="1961">D0N24</slot>
            <slot slot="1962">D0N24</slot>
            <slot slot="1963">D0N24</slot>
            <slot slot="1964">D0N24</slot>
            <slot slot="1965">D0N24</slot>
            <slot slot="1966">D0N24</slot>
            <slot slot="1967">D0N24</slot>
            <slot slot="1968">D0N24</slot>
            <slot slot="1969">D0N24</slot>
            <slot slot="1970">D0N23</slot>
            <slot slot="1971">D0N23</slot>
            <slot slot="1972">D0N23</slot>
            <slot slot="1973">D0N23</slot>
            <slot slot="1974">D0N23</slot>
            <slot slot="1975">D0N23</slot>
            <slot slot="1976">D0N23</slot>
            <slot slot="1977">D0N23</slot>
            <slot slot="1978">D0N23</slot>
            <slot slot="1979">D0N23</slot>
            <slot slot="1980">D0N24</slot>
            <slot slot="1981">D0N24</slot>
            <slot slot="1982">D0N24</slot>
            <slot slot="1983">D0N24</slot>
            <slot slot="1984">D0N24</slot>
            <slot slot="1985">D0N24</slot>
            <slot slot="1986">D0N24</slot>
            <slot slot="1987">D0N24</slot>
            <slot slot="1988">D0N24</slot>
            <slot slot="1989">D0N24</slot>
            <slot slot="1990">D0N24</slot>
            <slot slot="1991">D0N24</slot>
            <slot slot="1992">D0N24</slot>
            <slot slot="1993">D0N24</slot>
            <slot slot="1994">D0N24</slot>
            <slot slot="1995">D0N24</slot>
            <slot slot="1996">D0N24</slot>
            <slot slot="1997">D0N24</slot>
            <slot slot="1998">D0N24</slot>
            <slot slot="1999">D0N24</slot>
            <slot slot="2000">D0N24</slot>
            <slot slot="2001">D0N24</slot>
            <slot slot="2002">D0N24</slot>
            <slot slot="2003">D0N24</slot>
            <slot slot="2004">D0N24</slot>
            <slot slot="2005">D0N24</slot>
            <slot slot="2006">D0N24</slot>
            <slot slot="2007">D0N24</slot>
            <slot slot="2008">D0N24</slot>
            <slot slot="2009">D0N24</slot>
            <slot slot="2010">D0N38</slot>
            <slot slot="2011">D0N38</slot>
            <slot slot="2012">D0N38</slot>
            <slot slot="2013">D0N38</slot>
            <slot slot="2014">D0N38</slot>
            <slot slot="2015">D0N38</slot>
            <slot slot="2016">D0N38</slot>
            <slot slot="2017">D0N38</slot>
            <slot slot="2018">D0N38</slot>
            <slot slot="2019">D0N38</slot>
            <slot slot="2020">D0N38</slot>
            <slot slot="2021">D0N38</slot>
            <slot slot="2022">D0N38</slot>
            <slot slot="2023">D0N38</slot>
            <slot slot="2024">D0N38</slot>
            <slot slot="2025">D0N38</slot>
            <slot slot="2026">D0N38</slot>
            <slot slot="2027">D0N38</slot>
            <slot slot="2028">D0N38</slot>
            <slot slot="2029">D0N38</slot>
            <slot slot="2030">D0N32</slot>
            <slot slot="2031">D0N32</slot>
            <slot slot="2032">D0N32</slot>
            <slot slot="2033">D0N32</slot>
            <slot slot="2034">D0N32</slot>
            <slot slot="2035">D0N32</slot>
            <slot slot="2036">D0N32</slot>
            <slot slot="2037">D0N32</slot>
            <slot slot="2038">D0N32</slot>
            <slot slot="2039">D0N32</slot>
            <slot slot="2040">D0N35</slot>
            <slot slot="2041">D0N35</slot>
            <slot slot="2042">D0N35</slot>
            <slot slot="2043">D0N35</slot>
            <slot slot="2044">D0N35</slot>
            <slot slot="2045">D0N35</slot>
            <slot slot="2046">D0N35</slot>
            <slot slot="2047">D0N35</slot>
            <slot slot="2048">D0N35</slot>
            <slot slot="2049">D0N35</slot>
            <slot slot="2050">D0N44</slot>
            <slot slot="2051">D0N44</slot>
            <slot slot="2052">D0N44</slot>
            <slot slot="2053">D0N44</slot>
            <slot slot="2054">D0N44</slot>
            <slot slot="2055">D0N44</slot>
            <slot slot="2056">D0N44</slot>
            <slot slot="2057">D0N44</slot>
            <slot slot="2058">D0N44</slot>
            <slot slot="2059">D0N44</slot>
            <slot slot="2060">D0N44</slot>
            <slot slot="2061">D0N44</slot>
            <slot slot="2062">D0N44</slot>
            <slot slot="2063">D0N44</slot>
            <slot slot="2064">D0N44</slot>
            <slot slot="2065">D0N44</slot>
            <slot slot="2066">D0N44</slot>
            <slot slot="2067">D0N44</slot>
            <slot slot="2068">D0N44</slot>
            <slot slot="2069">D0N44</slot>
            <slot slot="2070">D0N44</slot>
            <slot slot="2071">D0N44</slot>
            <slot slot="2072">D0N44</slot>
            <slot slot="2073">D0N44</slot>
            <slot slot="2074">D0N44</slot>
            <slot slot="2075">D0N44</slot>
            <slot slot="2076">D0N44</slot>
            <slot slot="2077">D0N44</slot>
            <slot slot="2078">D0N44</slot>
            <slot slot="2079">D0N44</slot>
            <slot slot="2080">D0N44</slot>
            <slot slot="2081">D0N44</slot>
            <slot slot="2082">D0N44</slot>
            <slot slot="2083">D0N44</slot>
            <slot slot="2084">D0N44</slot>
            <slot slot="2085">D0N44</slot>
            <slot slot="2086">D0N44</slot>
            <slot slot="2087">D0N44</slot>
            <slot slot="2088">D0N44</slot>
            <slot slot="2089">D0N44</slot>
            <slot slot="2090">D0N37</slot>
            <slot slot="2091">D0N37</slot>
            <slot slot="2092">D0N37</slot>
            <slot slot="2093">D0N37</slot>
            <slot slot="2094">D0N37</slot>
            <slot slot="2095">D0N37</slot>
            <slot slot="2096">D0N37</slot>
            <slot slot="2097">D0N37</slot>
            <slot slot="2098">D0N37</slot>
            <slot slot="2099">D0N37</slot>
            <slot slot="2100">D0N37</slot>
            <slot slot="2101">D0N37</slot>
            <slot slot="2102">D0N37</slot>
            <slot slot="2103">D0N37</slot>
            <slot slot="2104">D0N37</slot>
            <slot slot="2105">D0N37</slot>
            <slot slot="2106">D0N37</slot>
            <slot slot="2107">D0N37</slot>
            <slot slot="2108">D0N37</slot>
            <slot slot="2109">D0N37</slot>
            <slot slot="2110">D0N37</slot>
            <slot slot="2111">D0N37</slot>
            <slot slot="2112">D0N37</slot>
            <slot slot="2113">D0N37</slot>
            <slot slot="2114">D0N37</slot>
            <slot slot="2115">D0N37</slot>
            <slot slot="2116">D0N37</slot>
            <slot slot="2117">D0N37</slot>
            <slot slot="2118">D0N37</slot>
            <slot slot="2119">D0N37</slot>
            <slot slot="2120">D0N37</slot>
            <slot slot="2121">D0N37</slot>
            <slot slot="2122">D0N37</slot>
            <slot slot="2123">D0N37</slot>
            <slot slot="2124">D0N37</slot>
            <slot slot="2125">D0N37</slot>
            <slot slot="2126">D0N37</slot>
            <slot slot="2127">D0N37</slot>
            <slot slot="2128">D0N37</slot>
            <slot slot="2129">D0N37</slot>
            <slot slot="2130">D0N37</slot>
            <slot slot="2131">D0N37</slot>
            <slot slot="2132">D0N37</slot>
            <slot slot="2133">D0N37</slot>
            <slot slot="2134">D0N37</slot>
            <slot slot="2135">D0N37</slot>
            <slot slot="2136">D0N37</slot>
            <slot slot="2137">D0N37</slot>
            <slot slot="2138">D0N37</slot>
            <slot slot="2139">D0N37</slot>
            <slot slot="2140">D0N37</slot>
            <slot slot="2141">D0N37</slot>
            <slot slot="2142">D0N37</slot>
            <slot slot="2143">D0N37</slot>
            <slot slot="2144">D0N37</slot>
            <slot slot="2145">D0N37</slot>
            <slot slot="2146">D0N37</slot>
            <slot slot="2147">D0N37</slot>
            <slot slot="2148">D0N37</slot>
            <slot slot="2149">D0N37</slot>
            <slot slot="2150">D0N37</slot>
            <slot slot="2151">D0N37</slot>
            <slot slot="2152">D0N37</slot>
            <slot slot="2153">D0N37</slot>
            <slot slot="2154">D0N37</slot>
            <slot slot="2155">D0N37</slot>
            <slot slot="2156">D0N37</slot>
            <slot slot="2157">D0N37</slot>
            <slot slot="2158">D0N37</slot>
            <slot slot="2159">D0N37</slot>
            <slot slot="2160">D0N37</slot>
            <slot slot="2161">D0N37</slot>
            <slot slot="2162">D0N37</slot>
            <slot slot="2163">D0N37</slot>
            <slot slot="2164">D0N37</slot>
            <slot slot="2165">D0N37</slot>
            <slot slot="2166">D0N37</slot>
            <slot slot="2167">D0N37</slot>
            <slot slot="2168">D0N37</slot>
            <slot slot="2169">D0N37</slot>
            <slot slot="2170">D0N37</slot>
            <slot slot="2171">D0N37</slot>
            <slot slot="2172">D0N37</slot>
            <slot slot="2173">D0N37</slot>
            <slot slot="2174">D0N37</slot>
            <slot slot="2175">D0N37</slot>
            <slot slot="2176">D0N37</slot>
            <slot slot="2177">D0N37</slot>
            <slot slot="2178">D0N37</slot>
            <slot slot="2179">D0N37</slot>
            <slot slot="2180">D0N37</slot>
            <slot slot="2181">D0N37</slot>
            <slot slot="2182">D0N37</slot>
            <slot slot="2183">D0N37</slot>
            <slot slot="2184">D0N37</slot>
            <slot slot="2185">D0N37</slot>
            <slot slot="2186">D0N37</slot>
            <slot slot="2187">D0N37</slot>
            <slot slot="2188">D0N37</slot>
            <slot slot="2189">D0N37</slot>
            <slot slot="2190">D0N37</slot>
            <slot slot="2191">D0N37</slot>
            <slot slot="2192">D0N37</slot>
            <slot slot="2193">D0N37</slot>
            <slot slot="2194">D0N37</slot>
            <slot slot="2195">D0N37</slot>
            <slot slot="2196">D0N37</slot>
            <slot slot="2197">D0N37</slot>
            <slot slot="2198">D0N37</slot>
            <slot slot="2199">D0N37</slot>
            <slot slot="2200">D0N37</slot>
            <slot slot="2201">D0N37</slot>
            <slot slot="2202">D0N37</slot>
            <slot slot="2203">D0N37</slot>
            <slot slot="2204">D0N37</slot>
            <slot slot="2205">D0N37</slot>
            <slot slot="2206">D0N37</slot>
            <slot slot="2207">D0N37</slot>
            <slot slot="2208">D0N37</slot>
            <slot slot="2209">D0N37</slot>
            <slot slot="2210">D0N37</slot>
            <slot slot="2211">D0N37</slot>
            <slot slot="2212">D0N37</slot>
            <slot slot="2213">D0N37</slot>
            <slot slot="2214">D0N37</slot>
            <slot slot="2215">D0N37</slot>
            <slot slot="2216">D0N37</slot>
            <slot slot="2217">D0N37</slot>
            <slot slot="2218">D0N37</slot>
            <slot slot="2219">D0N37</slot>
            <slot slot="2220">D0N37</slot>
            <slot slot="2221">D0N37</slot>
            <slot slot="2222">D0N37</slot>
            <slot slot="2223">D0N37</slot>
            <slot slot="2224">D0N37</slot>
            <slot slot="2225">D0N37</slot>
            <slot slot="2226">D0N37</slot>
            <slot slot="2227">D0N37</slot>
            <slot slot="2228">D0N37</slot>
            <slot slot="2229">D0N37</slot>
            <slot slot="2230">D0N40</slot>
            <slot slot="2231">D0N40</slot>
            <slot slot="2232">D0N40</slot>
            <slot slot="2233">D0N40</slot>
            <slot slot="2234">D0N40</slot>
            <slot slot="2235">D0N40</slot>
            <slot slot="2236">D0N40</slot>
            <slot slot="2237">D0N40</slot>
            <slot slot="2238">D0N40</slot>
            <slot slot="2239">D0N40</slot>
            <slot slot="2240">D0N47</slot>
            <slot slot="2241">D0N47</slot>
            <slot slot="2242">D0N47</slot>
            <slot slot="2243">D0N47</slot>
            <slot slot="2244">D0N47</slot>
            <slot slot="2245">D0N47</slot>
            <slot slot="2246">D0N47</slot>
            <slot slot="2247">D0N47</slot>
            <slot slot="2248">D0N47</slot>
            <slot slot="2249">D0N47</slot>
            <slot slot="2250">D0N47</slot>
            <slot slot="2251">D0N47</slot>
            <slot slot="2252">D0N47</slot>
            <slot slot="2253">D0N47</slot>
            <slot slot="2254">D0N47</slot>
            <slot slot="2255">D0N47</slot>
            <slot slot="2256">D0N47</slot>
            <slot slot="2257">D0N47</slot>
            <slot slot="2258">D0N47</slot>
            <slot slot="2259">D0N47</slot>
            <slot slot="2260">D0N47</slot>
            <slot slot="2261">D0N47</slot>
            <slot slot="2262">D0N47</slot>
            <slot slot="2263">D0N47</slot>
            <slot slot="2264">D0N47</slot>
            <slot slot="2265">D0N47</slot>
            <slot slot="2266">D0N47</slot>
            <slot slot="2267">D0N47</slot>
            <slot slot="2268">D0N47</slot>
            <slot slot="2269">D0N47</slot>
            <slot slot="2270">D0N47</slot>
            <slot slot="2271">D0N47</slot>
            <slot slot="2272">D0N47</slot>
            <slot slot="2273">D0N47</slot>
            <slot slot="2274">D0N47</slot>
            <slot slot="2275">D0N47</slot>
            <slot slot="2276">D0N47</slot>
            <slot slot="2277">D0N47</slot>
            <slot slot="2278">D0N47</slot>
            <slot slot="2279">D0N47</slot>
            <slot slot="2280">D0N47</slot>
            <slot slot="2281">D0N47</slot>
            <slot slot="2282">D0N47</slot>
            <slot slot="2283">D0N47</slot>
            <slot slot="2284">D0N47</slot>
            <slot slot="2285">D0N47</slot>
            <slot slot="2286">D0N47</slot>
            <slot slot="2287">D0N47</slot>
            <slot slot="2288">D0N47</slot>
            <slot slot="2289">D0N47</slot>
            <slot slot="2290">D0N47</slot>
            <slot slot="2291">D0N47</slot>
            <slot slot="2292">D0N47</slot>
            <slot slot="2293">D0N47</slot>
            <slot slot="2294">D0N47</slot>
            <slot slot="2295">D0N47</slot>
            <slot slot="2296">D0N47</slot>
            <slot slot="2297">D0N47</slot>
            <slot slot="2298">D0N47</slot>
            <slot slot="2299">D0N47</slot>
            <slot slot="2300">D0N31</slot>
            <slot slot="2301">D0N31</slot>
            <slot slot="2302">D0N31</slot>
            <slot slot="2303">D0N31</slot>
            <slot slot="2304">D0N31</slot>
            <slot slot="2305">D0N31</slot>
            <slot slot="2306">D0N31</slot>
            <slot slot="2307">D0N31</slot>
            <slot slot="2308">D0N31</slot>
            <slot slot="2309">D0N31</slot>
            <slot slot="2310">D0N31</slot>
            <slot slot="2311">D0N31</slot>
            <slot slot="2312">D0N31</slot>
            <slot slot="2313">D0N31</slot>
            <slot slot="2314">D0N31</slot>
            <slot slot="2315">D0N31</slot>
            <slot slot="2316">D0N31</slot>
            <slot slot="2317">D0N31</slot>
            <slot slot="2318">D0N31</slot>
            <slot slot="2319">D0N31</slot>
            <slot slot="2320">D0N41</slot>
            <slot slot="2321">D0N41</slot>
            <slot slot="2322">D0N41</slot>
            <slot slot="2323">D0N41</slot>
            <slot slot="2324">D0N41</slot>
            <slot slot="2325">D0N41</slot>
            <slot slot="2326">D0N41</slot>
            <slot slot="2327">D0N41</slot>
            <slot slot="2328">D0N41</slot>
            <slot slot="2329">D0N41</slot>
            <slot slot="2330">D0N41</slot>
            <slot slot="2331">D0N41</slot>
            <slot slot="2332">D0N41</slot>
            <slot slot="2333">D0N41</slot>
            <slot slot="2334">D0N41</slot>
            <slot slot="2335">D0N41</slot>
            <slot slot="2336">D0N41</slot>
            <slot slot="2337">D0N41</slot>
            <slot slot="2338">D0N41</slot>
            <slot slot="2339">D0N41</slot>
            <slot slot="2340">D0N41</slot>
            <slot slot="2341">D0N41</slot>
            <slot slot="2342">D0N41</slot>
            <slot slot="2343">D0N41</slot>
            <slot slot="2344">D0N41</slot>
            <slot slot="2345">D0N41</slot>
            <slot slot="2346">D0N41</slot>
            <slot slot="2347">D0N41</slot>
            <slot slot="2348">D0N41</slot>
            <slot slot="2349">D0N41</slot>
            <slot slot="2350">D0N41</slot>
            <slot slot="2351">D0N41</slot>
            <slot slot="2352">D0N41</slot>
            <slot slot="2353">D0N41</slot>
            <slot slot="2354">D0N41</slot>
            <slot slot="2355">D0N41</slot>
            <slot slot="2356">D0N41</slot>
            <slot slot="2357">D0N41</slot>
            <slot slot="2358">D0N41</slot>
            <slot slot="2359">D0N41</slot>
            <slot slot="2360">D0N41</slot>
            <slot slot="2361">D0N41</slot>
            <slot slot="2362">D0N41</slot>
            <slot slot="2363">D0N41</slot>
            <slot slot="2364">D0N41</slot>
            <slot slot="2365">D0N41</slot>
            <slot slot="2366">D0N41</slot>
            <slot slot="2367">D0N41</slot>
            <slot slot="2368">D0N41</slot>
            <slot slot="2369">D0N41</slot>
            <slot slot="2370">D0N47</slot>
            <slot slot="2371">D0N47</slot>
            <slot slot="2372">D0N47</slot>
            <slot slot="2373">D0N47</slot>
            <slot slot="2374">D0N47</slot>
            <slot slot="2375">D0N47</slot>
            <slot slot="2376">D0N47</slot>
            <slot slot="2377">D0N47</slot>
            <slot slot="2378">D0N47</slot>
            <slot slot="2379">D0N47</slot>
            <slot slot="2380">D0N47</slot>
            <slot slot="2381">D0N47</slot>
            <slot slot="2382">D0N47</slot>
            <slot slot="2383">D0N47</slot>
            <slot slot="2384">D0N47</slot>
            <slot slot="2385">D0N47</slot>
            <slot slot="2386">D0N47</slot>
            <slot slot="2387">D0N47</slot>
            <slot slot="2388">D0N47</slot>
            <slot slot="2389">D0N47</slot>
            <slot slot="2390">D0N31</slot>
            <slot slot="2391">D0N31</slot>
            <slot slot="2392">D0N31</slot>
            <slot slot="2393">D0N31</slot>
            <slot slot="2394">D0N31</slot>
            <slot slot="2395">D0N31</slot>
            <slot slot="2396">D0N31</slot>
            <slot slot="2397">D0N31</slot>
            <slot slot="2398">D0N31</slot>
            <slot slot="2399">D0N31</slot>
            <slot slot="2400">D0N31</slot>
            <slot slot="2401">D0N31</slot>
            <slot slot="2402">D0N31</slot>
            <slot slot="2403">D0N31</slot>
            <slot slot="2404">D0N31</slot>
            <slot slot="2405">D0N31</slot>
            <slot slot="2406">D0N31</slot>
            <slot slot="2407">D0N31</slot>
            <slot slot="2408">D0N31</slot>
            <slot slot="2409">D0N31</slot>
            <slot slot="2410">D0N31</slot>
            <slot slot="2411">D0N31</slot>
            <slot slot="2412">D0N31</slot>
            <slot slot="2413">D0N31</slot>
            <slot slot="2414">D0N31</slot>
            <slot slot="2415">D0N31</slot>
            <slot slot="2416">D0N31</slot>
            <slot slot="2417">D0N31</slot>
            <slot slot="2418">D0N31</slot>
            <slot slot="2419">D0N31</slot>
            <slot slot="2420">D0N34</slot>
            <slot slot="2421">D0N34</slot>
            <slot slot="2422">D0N34</slot>
            <slot slot="2423">D0N34</slot>
            <slot slot="2424">D0N34</slot>
            <slot slot="2425">D0N34</slot>
            <slot slot="2426">D0N34</slot>
            <slot slot="2427">D0N34</slot>
            <slot slot="2428">D0N34</slot>
            <slot slot="2429">D0N34</slot>
            <slot slot="2430">D0N34</slot>
            <slot slot="2431">D0N34</slot>
            <slot slot="2432">D0N34</slot>
            <slot slot="2433">D0N34</slot>
            <slot slot="2434">D0N34</slot>
            <slot slot="2435">D0N34</slot>
            <slot slot="2436">D0N34</slot>
            <slot slot="2437">D0N34</slot>
            <slot slot="2438">D0N34</slot>
            <slot slot="2439">D0N34</slot>
            <slot slot="2440">D0N34</slot>
            <slot slot="2441">D0N34</slot>
            <slot slot="2442">D0N34</slot>
            <slot slot="2443">D0N34</slot>
            <slot slot="2444">D0N34</slot>
            <slot slot="2445">D0N34</slot>
            <slot slot="2446">D0N34</slot>
            <slot slot="2447">D0N34</slot>
            <slot slot="2448">D0N34</slot>
            <slot slot="2449">D0N34</slot>
            <slot slot="2450">D0N34</slot>
            <slot slot="2451">D0N34</slot>
            <slot slot="2452">D0N34</slot>
            <slot slot="2453">D0N34</slot>
            <slot slot="2454">D0N34</slot>
            <slot slot="2455">D0N34</slot>
            <slot slot="2456">D0N34</slot>
            <slot slot="2457">D0N34</slot>
            <slot slot="2458">D0N34</slot>
            <slot slot="2459">D0N34</slot>
            <slot slot="2460">D0N34</slot>
            <slot slot="2461">D0N34</slot>
            <slot slot="2462">D0N34</slot>
            <slot slot="2463">D0N34</slot>
            <slot slot="2464">D0N34</slot>
            <slot slot="2465">D0N34</slot>
            <slot slot="2466">D0N34</slot>
            <slot slot="2467">D0N34</slot>
            <slot slot="2468">D0N34</slot>
            <slot slot="2469">D0N34</slot>
            <slot slot="2470">D0N34</slot>
            <slot slot="2471">D0N34</slot>
            <slot slot="2472">D0N34</slot>
            <slot slot="2473">D0N34</slot>
            <slot slot="2474">D0N34</slot>
            <slot slot="2475">D0N34</slot>
            <slot slot="2476">D0N34</slot>
            <slot slot="2477">D0N34</slot>
            <slot slot="2478">D0N34</slot>
            <slot slot="2479">D0N34</slot>
            <slot slot="2480">D0N34</slot>
            <slot slot="2481">D0N34</slot>
            <slot slot="2482">D0N34</slot>
            <slot slot="2483">D0N34</slot>
            <slot slot="2484">D0N34</slot>
            <slot slot="2485">D0N34</slot>
            <slot slot="2486">D0N34</slot>
            <slot slot="2487">D0N34</slot>
            <slot slot="2488">D0N34</slot>
            <slot slot="2489">D0N34</slot>
            <slot slot="2490">D0N34</slot>
            <slot slot="2491">D0N34</slot>
            <slot slot="2492">D0N34</slot>
            <slot slot="2493">D0N34</slot>
            <slot slot="2494">D0N34</slot>
            <slot slot="2495">D0N34</slot>
            <slot slot="2496">D0N34</slot>
            <slot slot="2497">D0N34</slot>
            <slot slot="2498">D0N34</slot>
            <slot slot="2499">D0N34</slot>
        </core>
        <core number="1">
            <slot slot="0">-</slot>
            <slot slot="1">-</slot>
            <slot slot="2">-</slot>
            <slot slot="3">-</slot>
            <slot slot="4">-</slot>
            <slot slot="5">-</slot>
            <slot slot="6">-</slot>
            <slot slot="7">-</slot>
            <slot slot="8">-</slot>
            <slot slot="9">-</slot>
            <slot slot="10">-</slot>
            <slot slot="11">-</slot>
            <slot slot="12">-</slot>
            <slot slot="13">-</slot>
            <slot slot="14">-</slot>
            <slot slot="15">-</slot>
            <slot slot="16">-</slot>
            <slot slot="17">-</slot>
            <slot slot="18">-</slot>
            <slot slot="19">-</slot>
            <slot slot="20">-</slot>
            <slot slot="21">-</slot>
            <slot slot="22">-</slot>
            <slot slot="23">-</slot>
            <slot slot="24">-</slot>
            <slot slot="25">-</slot>
            <slot slot="26">-</slot>
            <slot slot="27">-</slot>
            <slot slot="28">-</slot>
            <slot slot="29">-</slot>
            <slot slot="30">-</slot>
            <slot slot="31">-</slot>
            <slot slot="32">-</slot>
            <slot slot="33">-</slot>
            <slot slot="34">-</slot>
            <slot slot="35">-</slot>
            <slot slot="36">-</slot>
            <slot slot="37">-</slot>
            <slot slot="38">-</slot>
            <slot slot="39">-</slot>
            <slot slot="40">-</slot>
            <slot slot="41">-</slot>
            <slot slot="42">-</slot>
            <slot slot="43">-</slot>
            <slot slot="44">-</slot>
            <slot slot="45">-</slot>
            <slot slot="46">-</slot>
            <slot slot="47">-</slot>
            <slot slot="48">-</slot>
            <slot slot="49">-</slot>
            <slot slot="50">-</slot>
            <slot slot="51">-</slot>
            <slot slot="52">-</slot>
            <slot slot="53">-</slot>
            <slot slot="54">-</slot>
            <slot slot="55">-</slot>
            <slot slot="56">-</slot>
            <slot slot="57">-</slot>
            <slot slot="58">-</slot>
            <slot slot="59">-</slot>
            <slot slot="60">-</slot>
            <slot slot="61">-</slot>
            <slot slot="62">-</slot>
            <slot slot="63">-</slot>
            <slot slot="64">-</slot>
            <slot slot="65">-</slot>
            <slot slot="66">-</slot>
            <slot slot="67">-</slot>
            <slot slot="68">-</slot>
            <slot slot="69">-</slot>
            <slot slot="70">-</slot>
            <slot slot="71">-</slot>
            <slot slot="72">-</slot>
            <slot slot="73">-</slot>
            <slot slot="74">-</slot>
            <slot slot="75">-</slot>
            <slot slot="76">-</slot>
            <slot slot="77">-</slot>
            <slot slot="78">-</slot>
            <slot slot="79">-</slot>
            <slot slot="80">-</slot>
            <slot slot="81">-</slot>
            <slot slot="82">-</slot>
            <slot slot="83">-</slot>
            <slot slot="84">-</slot>
            <slot slot="85">-</slot>
            <slot slot="86">-</slot>
            <slot slot="87">-</slot>
            <slot slot="88">-</slot>
            <slot slot="89">-</slot>
            <slot slot="90">-</slot>
            <slot slot="91">-</slot>
            <slot slot="92">-</slot>
            <slot slot="93">-</slot>
            <slot slot="94">-</slot>
            <slot slot="95">-</slot>
            <slot slot="96">-</slot>
            <slot slot="97">-</slot>
            <slot slot="98">-</slot>
            <slot slot="99">-</slot>
            <slot slot="100">-</slot>
            <slot slot="101">-</slot>
            <slot slot="102">-</slot>
            <slot slot="103">-</slot>
            <slot slot="104">-</slot>
            <slot slot="105">-</slot>
            <slot slot="106">-</slot>
            <slot slot="107">-</slot>
            <slot slot="108">-</slot>
            <slot slot="109">-</slot>
            <slot slot="110">-</slot>
            <slot slot="111">-</slot>
            <slot slot="112">-</slot>
            <slot slot="113">-</slot>
            <slot slot="114">-</slot>
            <slot slot="115">-</slot>
            <slot slot="116">-</slot>
            <slot slot="117">-</slot>
            <slot slot="118">-</slot>
            <slot slot="119">-</slot>
            <slot slot="120">-</slot>
            <slot slot="121">-</slot>
            <slot slot="122">-</slot>
            <slot slot="123">-</slot>
            <slot slot="124">-</slot>
            <slot slot="125">-</slot>
            <slot slot="126">-</slot>
            <slot slot="127">-</slot>
            <slot slot="128">-</slot>
            <slot slot="129">-</slot>
            <slot slot="130">-</slot>
            <slot slot="131">-</slot>
            <slot slot="132">-</slot>
            <slot slot="133">-</slot>
            <slot slot="134">-</slot>
            <slot slot="135">-</slot>
            <slot slot="136">-</slot>
            <slot slot="137">-</slot>
            <slot slot="138">-</slot>
            <slot slot="139">-</slot>
            <slot slot="140">-</slot>
            <slot slot="141">-</slot>
            <slot slot="142">-</slot>
            <slot slot="143">-</slot>
            <slot slot="144">-</slot>
            <slot slot="145">-</slot>
            <slot slot="146">-</slot>
            <slot slot="147">-</slot>
            <slot slot="148">-</slot>
            <slot slot="149">-</slot>
            <slot slot="150">-</slot>
            <slot slot="151">-</slot>
            <slot slot="152">-</slot>
            <slot slot="153">-</slot>
            <slot slot="154">-</slot>
            <slot slot="155">-</slot>
            <slot slot="156">-</slot>
            <slot slot="157">-</slot>
            <slot slot="158">-</slot>
            <slot slot="159">-</slot>
            <slot slot="160">-</slot>
            <slot slot="161">-</slot>
            <slot slot="162">-</slot>
            <slot slot="163">-</slot>
            <slot slot="164">-</slot>
            <slot slot="165">-</slot>
            <slot slot="166">-</slot>
            <slot slot="167">-</slot>
            <slot slot="168">-</slot>
            <slot slot="169">-</slot>
            <slot slot="170">-</slot>
            <slot slot="171">-</slot>
            <slot slot="172">-</slot>
            <slot slot="173">-</slot>
            <slot slot="174">-</slot>
            <slot slot="175">-</slot>
            <slot slot="176">-</slot>
            <slot slot="177">-</slot>
            <slot slot="178">-</slot>
            <slot slot="179">-</slot>
            <slot slot="180">-</slot>
            <slot slot="181">-</slot>
            <slot slot="182">-</slot>
            <slot slot="183">-</slot>
            <slot slot="184">-</slot>
            <slot slot="185">-</slot>
            <slot slot="186">-</slot>
            <slot slot="187">-</slot>
            <slot slot="188">-</slot>
            <slot slot="189">-</slot>
            <slot slot="190">-</slot>
            <slot slot="191">-</slot>
            <slot slot="192">-</slot>
            <slot slot="193">-</slot>
            <slot slot="194">-</slot>
            <slot slot="195">-</slot>
            <slot slot="196">-</slot>
            <slot slot="197">-</slot>
            <slot slot="198">-</slot>
            <slot slot="199">-</slot>
            <slot slot="200">-</slot>
            <slot slot="201">-</slot>
            <slot slot="202">-</slot>
            <slot slot="203">-</slot>
            <slot slot="204">-</slot>
            <slot slot="205">-</slot>
            <slot slot="206">-</slot>
            <slot slot="207">-</slot>
            <slot slot="208">-</slot>
            <slot slot="209">-</slot>
            <slot slot="210">-</slot>
            <slot slot="211">-</slot>
            <slot slot="212">-</slot>
            <slot slot="213">-</slot>
            <slot slot="214">-</slot>
            <slot slot="215">-</slot>
            <slot slot="216">-</slot>
            <slot slot="217">-</slot>
            <slot slot="218">-</slot>
            <slot slot="219">-</slot>
            <slot slot="220">-</slot>
            <slot slot="221">-</slot>
            <slot slot="222">-</slot>
            <slot slot="223">-</slot>
            <slot slot="224">-</slot>
            <slot slot="225">-</slot>
            <slot slot="226">-</slot>
            <slot slot="227">-</slot>
            <slot slot="228">-</slot>
            <slot slot="229">-</slot>
            <slot slot="230">-</slot>
            <slot slot="231">-</slot>
            <slot slot="232">-</slot>
            <slot slot="233">-</slot>
            <slot slot="234">-</slot>
            <slot slot="235">-</slot>
            <slot slot="236">-</slot>
            <slot slot="237">-</slot>
            <slot slot="238">-</slot>
            <slot slot="239">-</slot>
            <slot slot="240">-</slot>
            <slot slot="241">-</slot>
            <slot slot="242">-</slot>
            <slot slot="243">-</slot>
            <slot slot="244">-</slot>
            <slot slot="245">-</slot>
            <slot slot="246">-</slot>
            <slot slot="247">-</slot>
            <slot slot="248">-</slot>
            <slot slot="249">-</slot>
            <slot slot="250">-</slot>
            <slot slot="251">-</slot>
            <slot slot="252">-</slot>
            <slot slot="253">-</slot>
            <slot slot="254">-</slot>
            <slot slot="255">-</slot>
            <slot slot="256">-</slot>
            <slot slot="257">-</slot>
            <slot slot="258">-</slot>
            <slot slot="259">-</slot>
            <slot slot="260">-</slot>
            <slot slot="261">-</slot>
            <slot slot="262">-</slot>
            <slot slot="263">-</slot>
            <slot slot="264">-</slot>
            <slot slot="265">-</slot>
            <slot slot="266">-</slot>
            <slot slot="267">-</slot>
            <slot slot="268">-</slot>
            <slot slot="269">-</slot>
            <slot slot="270">-</slot>
            <slot slot="271">-</slot>
            <slot slot="272">-</slot>
            <slot slot="273">-</slot>
            <slot slot="274">-</slot>
            <slot slot="275">-</slot>
            <slot slot="276">-</slot>
            <slot slot="277">-</slot>
            <slot slot="278">-</slot>
            <slot slot="279">-</slot>
            <slot slot="280">-</slot>
            <slot slot="281">-</slot>
            <slot slot="282">-</slot>
            <slot slot="283">-</slot>
            <slot slot="284">-</slot>
            <slot slot="285">-</slot>
            <slot slot="286">-</slot>
            <slot slot="287">-</slot>
            <slot slot="288">-</slot>
            <slot slot="289">-</slot>
            <slot slot="290">-</slot>
            <slot slot="291">-</slot>
            <slot slot="292">-</slot>
            <slot slot="293">-</slot>
            <slot slot="294">-</slot>
            <slot slot="295">-</slot>
            <slot slot="296">-</slot>
            <slot slot="297">-</slot>
            <slot slot="298">-</slot>
            <slot slot="299">-</slot>
            <slot slot="300">-</slot>
            <slot slot="301">-</slot>
            <slot slot="302">-</slot>
            <slot slot="303">-</slot>
            <slot slot="304">-</slot>
            <slot slot="305">-</slot>
            <slot slot="306">-</slot>
            <slot slot="307">-</slot>
            <slot slot="308">-</slot>
            <slot slot="309">-</slot>
            <slot slot="310">-</slot>
            <slot slot="311">-</slot>
            <slot slot="312">-</slot>
            <slot slot="313">-</slot>
            <slot slot="314">-</slot>
            <slot slot="315">-</slot>
            <slot slot="316">-</slot>
            <slot slot="317">-</slot>
            <slot slot="318">-</slot>
            <slot slot="319">-</slot>
            <slot slot="320">-</slot>
            <slot slot="321">-</slot>
            <slot slot="322">-</slot>
            <slot slot="323">-</slot>
            <slot slot="324">-</slot>
            <slot slot="325">-</slot>
            <slot slot="326">-</slot>
            <slot slot="327">-</slot>
            <slot slot="328">-</slot>
            <slot slot="329">-</slot>
            <slot slot="330">-</slot>
            <slot slot="331">-</slot>
            <slot slot="332">-</slot>
            <slot slot="333">-</slot>
            <slot slot="334">-</slot>
            <slot slot="335">-</slot>
            <slot slot="336">-</slot>
            <slot slot="337">-</slot>
            <slot slot="338">-</slot>
            <slot slot="339">-</slot>
            <slot slot="340">-</slot>
            <slot slot="341">-</slot>
            <slot slot="342">-</slot>
            <slot slot="343">-</slot>
            <slot slot="344">-</slot>
            <slot slot="345">-</slot>
            <slot slot="346">-</slot>
            <slot slot="347">-</slot>
            <slot slot="348">-</slot>
            <slot slot="349">-</slot>
            <slot slot="350">-</slot>
            <slot slot="351">-</slot>
            <slot slot="352">-</slot>
            <slot slot="353">-</slot>
            <slot slot="354">-</slot>
            <slot slot="355">-</slot>
            <slot slot="356">-</slot>
            <slot slot="357">-</slot>
            <slot slot="358">-</slot>
            <slot slot="359">-</slot>
            <slot slot="360">-</slot>
            <slot slot="361">-</slot>
            <slot slot="362">-</slot>
            <slot slot="363">-</slot>
            <slot slot="364">-</slot>
            <slot slot="365">-</slot>
            <slot slot="366">-</slot>
            <slot slot="367">-</slot>
            <slot slot="368">-</slot>
            <slot slot="369">-</slot>
            <slot slot="370">-</slot>
            <slot slot="371">-</slot>
            <slot slot="372">-</slot>
            <slot slot="373">-</slot>
            <slot slot="374">-</slot>
            <slot slot="375">-</slot>
            <slot slot="376">-</slot>
            <slot slot="377">-</slot>
            <slot slot="378">-</slot>
            <slot slot="379">-</slot>
            <slot slot="380">-</slot>
            <slot slot="381">-</slot>
            <slot slot="382">-</slot>
            <slot slot="383">-</slot>
            <slot slot="384">-</slot>
            <slot slot="385">-</slot>
            <slot slot="386">-</slot>
            <slot slot="387">-</slot>
            <slot slot="388">-</slot>
            <slot slot="389">-</slot>
            <slot slot="390">-</slot>
            <slot slot="391">-</slot>
            <slot slot="392">-</slot>
            <slot slot="393">-</slot>
            <slot slot="394">-</slot>
            <slot slot="395">-</slot>
            <slot slot="396">-</slot>
            <slot slot="397">-</slot>
            <slot slot="398">-</slot>
            <slot slot="399">-</slot>
            <slot slot="400">-</slot>
            <slot slot="401">-</slot>
            <slot slot="402">-</slot>
            <slot slot="403">-</slot>
            <slot slot="404">-</slot>
            <slot slot="405">-</slot>
            <slot slot="406">-</slot>
            <slot slot="407">-</slot>
            <slot slot="408">-</slot>
            <slot slot="409">-</slot>
            <slot slot="410">-</slot>
            <slot slot="411">-</slot>
            <slot slot="412">-</slot>
            <slot slot="413">-</slot>
            <slot slot="414">-</slot>
            <slot slot="415">-</slot>
            <slot slot="416">-</slot>
            <slot slot="417">-</slot>
            <slot slot="418">-</slot>
            <slot slot="419">-</slot>
            <slot slot="420">-</slot>
            <slot slot="421">-</slot>
            <slot slot="422">-</slot>
            <slot slot="423">-</slot>
            <slot slot="424">-</slot>
            <slot slot="425">-</slot>
            <slot slot="426">-</slot>
            <slot slot="427">-</slot>
            <slot slot="428">-</slot>
            <slot slot="429">-</slot>
            <slot slot="430">-</slot>
            <slot slot="431">-</slot>
            <slot slot="432">-</slot>
            <slot slot="433">-</slot>
            <slot slot="434">-</slot>
            <slot slot="435">-</slot>
            <slot slot="436">-</slot>
            <slot slot="437">-</slot>
            <slot slot="438">-</slot>
            <slot slot="439">-</slot>
            <slot slot="440">-</slot>
            <slot slot="441">-</slot>
            <slot slot="442">-</slot>
            <slot slot="443">-</slot>
            <slot slot="444">-</slot>
            <slot slot="445">-</slot>
            <slot slot="446">-</slot>
            <slot slot="447">-</slot>
            <slot slot="448">-</slot>
            <slot slot="449">-</slot>
            <slot slot="450">-</slot>
            <slot slot="451">-</slot>
            <slot slot="452">-</slot>
            <slot slot="453">-</slot>
            <slot slot="454">-</slot>
            <slot slot="455">-</slot>
            <slot slot="456">-</slot>
            <slot slot="457">-</slot>
            <slot slot="458">-</slot>
            <slot slot="459">-</slot>
            <slot slot="460">-</slot>
            <slot slot="461">-</slot>
            <slot slot="462">-</slot>
            <slot slot="463">-</slot>
            <slot slot="464">-</slot>
            <slot slot="465">-</slot>
            <slot slot="466">-</slot>
            <slot slot="467">-</slot>
            <slot slot="468">-</slot>
            <slot slot="469">-</slot>
            <slot slot="470">-</slot>
            <slot slot="471">-</slot>
            <slot slot="472">-</slot>
            <slot slot="473">-</slot>
            <slot slot="474">-</slot>
            <slot slot="475">-</slot>
            <slot slot="476">-</slot>
            <slot slot="477">-</slot>
            <slot slot="478">-</slot>
            <slot slot="479">-</slot>
            <slot slot="480">-</slot>
            <slot slot="481">-</slot>
            <slot slot="482">-</slot>
            <slot slot="483">-</slot>
            <slot slot="484">-</slot>
            <slot slot="485">-</slot>
            <slot slot="486">-</slot>
            <slot slot="487">-</slot>
            <slot slot="488">-</slot>
            <slot slot="489">-</slot>
            <slot slot="490">-</slot>
            <slot slot="491">-</slot>
            <slot slot="492">-</slot>
            <slot slot="493">-</slot>
            <slot slot="494">-</slot>
            <slot slot="495">-</slot>
            <slot slot="496">-</slot>
            <slot slot="497">-</slot>
            <slot slot="498">-</slot>
            <slot slot="499">-</slot>
            <slot slot="500">-</slot>
            <slot slot="501">-</slot>
            <slot slot="502">-</slot>
            <slot slot="503">-</slot>
            <slot slot="504">-</slot>
            <slot slot="505">-</slot>
            <slot slot="506">-</slot>
            <slot slot="507">-</slot>
            <slot slot="508">-</slot>
            <slot slot="509">-</slot>
            <slot slot="510">-</slot>
            <slot slot="511">-</slot>
            <slot slot="512">-</slot>
            <slot slot="513">-</slot>
            <slot slot="514">-</slot>
            <slot slot="515">-</slot>
            <slot slot="516">-</slot>
            <slot slot="517">-</slot>
            <slot slot="518">-</slot>
            <slot slot="519">-</slot>
            <slot slot="520">-</slot>
            <slot slot="521">-</slot>
            <slot slot="522">-</slot>
            <slot slot="523">-</slot>
            <slot slot="524">-</slot>
            <slot slot="525">-</slot>
            <slot slot="526">-</slot>
            <slot slot="527">-</slot>
            <slot slot="528">-</slot>
            <slot slot="529">-</slot>
            <slot slot="530">-</slot>
            <slot slot="531">-</slot>
            <slot slot="532">-</slot>
            <slot slot="533">-</slot>
            <slot slot="534">-</slot>
            <slot slot="535">-</slot>
            <slot slot="536">-</slot>
            <slot slot="537">-</slot>
            <slot slot="538">-</slot>
            <slot slot="539">-</slot>
            <slot slot="540">-</slot>
            <slot slot="541">-</slot>
            <slot slot="542">-</slot>
            <slot slot="543">-</slot>
            <slot slot="544">-</slot>
            <slot slot="545">-</slot>
            <slot slot="546">-</slot>
            <slot slot="547">-</slot>
            <slot slot="548">-</slot>
            <slot slot="549">-</slot>
            <slot slot="550">-</slot>
            <slot slot="551">-</slot>
            <slot slot="552">-</slot>
            <slot slot="553">-</slot>
            <slot slot="554">-</slot>
            <slot slot="555">-</slot>
            <slot slot="556">-</slot>
            <slot slot="557">-</slot>
            <slot slot="558">-</slot>
            <slot slot="559">-</slot>
            <slot slot="560">-</slot>
            <slot slot="561">-</slot>
            <slot slot="562">-</slot>
            <slot slot="563">-</slot>
            <slot slot="564">-</slot>
            <slot slot="565">-</slot>
            <slot slot="566">-</slot>
            <slot slot="567">-</slot>
            <slot slot="568">-</slot>
            <slot slot="569">-</slot>
            <slot slot="570">-</slot>
            <slot slot="571">-</slot>
            <slot slot="572">-</slot>
            <slot slot="573">-</slot>
            <slot slot="574">-</slot>
            <slot slot="575">-</slot>
            <slot slot="576">-</slot>
            <slot slot="577">-</slot>
            <slot slot="578">-</slot>
            <slot slot="579">-</slot>
            <slot slot="580">-</slot>
            <slot slot="581">-</slot>
            <slot slot="582">-</slot>
            <slot slot="583">-</slot>
            <slot slot="584">-</slot>
            <slot slot="585">-</slot>
            <slot slot="586">-</slot>
            <slot slot="587">-</slot>
            <slot slot="588">-</slot>
            <slot slot="589">-</slot>
            <slot slot="590">-</slot>
            <slot slot="591">-</slot>
            <slot slot="592">-</slot>
            <slot slot="593">-</slot>
            <slot slot="594">-</slot>
            <slot slot="595">-</slot>
            <slot slot="596">-</slot>
            <slot slot="597">-</slot>
            <slot slot="598">-</slot>
            <slot slot="599">-</slot>
            <slot slot="600">-</slot>
            <slot slot="601">-</slot>
            <slot slot="602">-</slot>
            <slot slot="603">-</slot>
            <slot slot="604">-</slot>
            <slot slot="605">-</slot>
            <slot slot="606">-</slot>
            <slot slot="607">-</slot>
            <slot slot="608">-</slot>
            <slot slot="609">-</slot>
            <slot slot="610">-</slot>
            <slot slot="611">-</slot>
            <slot slot="612">-</slot>
            <slot slot="613">-</slot>
            <slot slot="614">-</slot>
            <slot slot="615">-</slot>
            <slot slot="616">-</slot>
            <slot slot="617">-</slot>
            <slot slot="618">-</slot>
            <slot slot="619">-</slot>
            <slot slot="620">-</slot>
            <slot slot="621">-</slot>
            <slot slot="622">-</slot>
            <slot slot="623">-</slot>
            <slot slot="624">-</slot>
            <slot slot="625">-</slot>
            <slot slot="626">-</slot>
            <slot slot="627">-</slot>
            <slot slot="628">-</slot>
            <slot slot="629">-</slot>
            <slot slot="630">-</slot>
            <slot slot="631">-</slot>
            <slot slot="632">-</slot>
            <slot slot="633">-</slot>
            <slot slot="634">-</slot>
            <slot slot="635">-</slot>
            <slot slot="636">-</slot>
            <slot slot="637">-</slot>
            <slot slot="638">-</slot>
            <slot slot="639">-</slot>
            <slot slot="640">-</slot>
            <slot slot="641">-</slot>
            <slot slot="642">-</slot>
            <slot slot="643">-</slot>
            <slot slot="644">-</slot>
            <slot slot="645">-</slot>
            <slot slot="646">-</slot>
            <slot slot="647">-</slot>
            <slot slot="648">-</slot>
            <slot slot="649">-</slot>
            <slot slot="650">-</slot>
            <slot slot="651">-</slot>
            <slot slot="652">-</slot>
            <slot slot="653">-</slot>
            <slot slot="654">-</slot>
            <slot slot="655">-</slot>
            <slot slot="656">-</slot>
            <slot slot="657">-</slot>
            <slot slot="658">-</slot>
            <slot slot="659">-</slot>
            <slot slot="660">-</slot>
            <slot slot="661">-</slot>
            <slot slot="662">-</slot>
            <slot slot="663">-</slot>
            <slot slot="664">-</slot>
            <slot slot="665">-</slot>
            <slot slot="666">-</slot>
            <slot slot="667">-</slot>
            <slot slot="668">-</slot>
            <slot slot="669">-</slot>
            <slot slot="670">-</slot>
            <slot slot="671">-</slot>
            <slot slot="672">-</slot>
            <slot slot="673">-</slot>
            <slot slot="674">-</slot>
            <slot slot="675">-</slot>
            <slot slot="676">-</slot>
            <slot slot="677">-</slot>
            <slot slot="678">-</slot>
            <slot slot="679">-</slot>
            <slot slot="680">-</slot>
            <slot slot="681">-</slot>
            <slot slot="682">-</slot>
            <slot slot="683">-</slot>
            <slot slot="684">-</slot>
            <slot slot="685">-</slot>
            <slot slot="686">-</slot>
            <slot slot="687">-</slot>
            <slot slot="688">-</slot>
            <slot slot="689">-</slot>
            <slot slot="690">-</slot>
            <slot slot="691">-</slot>
            <slot slot="692">-</slot>
            <slot slot="693">-</slot>
            <slot slot="694">-</slot>
            <slot slot="695">-</slot>
            <slot slot="696">-</slot>
            <slot slot="697">-</slot>
            <slot slot="698">-</slot>
            <slot slot="699">-</slot>
            <slot slot="700">-</slot>
            <slot slot="701">-</slot>
            <slot slot="702">-</slot>
            <slot slot="703">-</slot>
            <slot slot="704">-</slot>
            <slot slot="705">-</slot>
            <slot slot="706">-</slot>
            <slot slot="707">-</slot>
            <slot slot="708">-</slot>
            <slot slot="709">-</slot>
            <slot slot="710">-</slot>
            <slot slot="711">-</slot>
            <slot slot="712">-</slot>
            <slot slot="713">-</slot>
            <slot slot="714">-</slot>
            <slot slot="715">-</slot>
            <slot slot="716">-</slot>
            <slot slot="717">-</slot>
            <slot slot="718">-</slot>
            <slot slot="719">-</slot>
            <slot slot="720">-</slot>
            <slot slot="721">-</slot>
            <slot slot="722">-</slot>
            <slot slot="723">-</slot>
            <slot slot="724">-</slot>
            <slot slot="725">-</slot>
            <slot slot="726">-</slot>
            <slot slot="727">-</slot>
            <slot slot="728">-</slot>
            <slot slot="729">-</slot>
            <slot slot="730">-</slot>
            <slot slot="731">-</slot>
            <slot slot="732">-</slot>
            <slot slot="733">-</slot>
            <slot slot="734">-</slot>
            <slot slot="735">-</slot>
            <slot slot="736">-</slot>
            <slot slot="737">-</slot>
            <slot slot="738">-</slot>
            <slot slot="739">-</slot>
            <slot slot="740">-</slot>
            <slot slot="741">-</slot>
            <slot slot="742">-</slot>
            <slot slot="743">-</slot>
            <slot slot="744">-</slot>
            <slot slot="745">-</slot>
            <slot slot="746">-</slot>
            <slot slot="747">-</slot>
            <slot slot="748">-</slot>
            <slot slot="749">-</slot>
            <slot slot="750">-</slot>
            <slot slot="751">-</slot>
            <slot slot="752">-</slot>
            <slot slot="753">-</slot>
            <slot slot="754">-</slot>
            <slot slot="755">-</slot>
            <slot slot="756">-</slot>
            <slot slot="757">-</slot>
            <slot slot="758">-</slot>
            <slot slot="759">-</slot>
            <slot slot="760">-</slot>
            <slot slot="761">-</slot>
            <slot slot="762">-</slot>
            <slot slot="763">-</slot>
            <slot slot="764">-</slot>
            <slot slot="765">-</slot>
            <slot slot="766">-</slot>
            <slot slot="767">-</slot>
            <slot slot="768">-</slot>
            <slot slot="769">-</slot>
            <slot slot="770">-</slot>
            <slot slot="771">-</slot>
            <slot slot="772">-</slot>
            <slot slot="773">-</slot>
            <slot slot="774">-</slot>
            <slot slot="775">-</slot>
            <slot slot="776">-</slot>
            <slot slot="777">-</slot>
            <slot slot="778">-</slot>
            <slot slot="779">-</slot>
            <slot slot="780">-</slot>
            <slot slot="781">-</slot>
            <slot slot="782">-</slot>
            <slot slot="783">-</slot>
            <slot slot="784">-</slot>
            <slot slot="785">-</slot>
            <slot slot="786">-</slot>
            <slot slot="787">-</slot>
            <slot slot="788">-</slot>
            <slot slot="789">-</slot>
            <slot slot="790">-</slot>
            <slot slot="791">-</slot>
            <slot slot="792">-</slot>
            <slot slot="793">-</slot>
            <slot slot="794">-</slot>
            <slot slot="795">-</slot>
            <slot slot="796">-</slot>
            <slot slot="797">-</slot>
            <slot slot="798">-</slot>
            <slot slot="799">-</slot>
            <slot slot="800">-</slot>
            <slot slot="801">-</slot>
            <slot slot="802">-</slot>
            <slot slot="803">-</slot>
            <slot slot="804">-</slot>
            <slot slot="805">-</slot>
            <slot slot="806">-</slot>
            <slot slot="807">-</slot>
            <slot slot="808">-</slot>
            <slot slot="809">-</slot>
            <slot slot="810">-</slot>
            <slot slot="811">-</slot>
            <slot slot="812">-</slot>
            <slot slot="813">-</slot>
            <slot slot="814">-</slot>
            <slot slot="815">-</slot>
            <slot slot="816">-</slot>
            <slot slot="817">-</slot>
            <slot slot="818">-</slot>
            <slot slot="819">-</slot>
            <slot slot="820">-</slot>
            <slot slot="821">-</slot>
            <slot slot="822">-</slot>
            <slot slot="823">-</slot>
            <slot slot="824">-</slot>
            <slot slot="825">-</slot>
            <slot slot="826">-</slot>
            <slot slot="827">-</slot>
            <slot slot="828">-</slot>
            <slot slot="829">-</slot>
            <slot slot="830">-</slot>
            <slot slot="831">-</slot>
            <slot slot="832">-</slot>
            <slot slot="833">-</slot>
            <slot slot="834">-</slot>
            <slot slot="835">-</slot>
            <slot slot="836">-</slot>
            <slot slot="837">-</slot>
            <slot slot="838">-</slot>
            <slot slot="839">-</slot>
            <slot slot="840">-</slot>
            <slot slot="841">-</slot>
            <slot slot="842">-</slot>
            <slot slot="843">-</slot>
            <slot slot="844">-</slot>
            <slot slot="845">-</slot>
            <slot slot="846">-</slot>
            <slot slot="847">-</slot>
            <slot slot="848">-</slot>
            <slot slot="849">-</slot>
            <slot slot="850">-</slot>
            <slot slot="851">-</slot>
            <slot slot="852">-</slot>
            <slot slot="853">-</slot>
            <slot slot="854">-</slot>
            <slot slot="855">-</slot>
            <slot slot="856">-</slot>
            <slot slot="857">-</slot>
            <slot slot="858">-</slot>
            <slot slot="859">-</slot>
            <slot slot="860">-</slot>
            <slot slot="861">-</slot>
            <slot slot="862">-</slot>
            <slot slot="863">-</slot>
            <slot slot="864">-</slot>
            <slot slot="865">-</slot>
            <slot slot="866">-</slot>
            <slot slot="867">-</slot>
            <slot slot="868">-</slot>
            <slot slot="869">-</slot>
            <slot slot="870">-</slot>
            <slot slot="871">-</slot>
            <slot slot="872">-</slot>
            <slot slot="873">-</slot>
            <slot slot="874">-</slot>
            <slot slot="875">-</slot>
            <slot slot="876">-</slot>
            <slot slot="877">-</slot>
            <slot slot="878">-</slot>
            <slot slot="879">-</slot>
            <slot slot="880">-</slot>
            <slot slot="881">-</slot>
            <slot slot="882">-</slot>
            <slot slot="883">-</slot>
            <slot slot="884">-</slot>
            <slot slot="885">-</slot>
            <slot slot="886">-</slot>
            <slot slot="887">-</slot>
            <slot slot="888">-</slot>
            <slot slot="889">-</slot>
            <slot slot="890">-</slot>
            <slot slot="891">-</slot>
            <slot slot="892">-</slot>
            <slot slot="893">-</slot>
            <slot slot="894">-</slot>
            <slot slot="895">-</slot>
            <slot slot="896">-</slot>
            <slot slot="897">-</slot>
            <slot slot="898">-</slot>
            <slot slot="899">-</slot>
            <slot slot="900">-</slot>
            <slot slot="901">-</slot>
            <slot slot="902">-</slot>
            <slot slot="903">-</slot>
            <slot slot="904">-</slot>
            <slot slot="905">-</slot>
            <slot slot="906">-</slot>
            <slot slot="907">-</slot>
            <slot slot="908">-</slot>
            <slot slot="909">-</slot>
            <slot slot="910">-</slot>
            <slot slot="911">-</slot>
            <slot slot="912">-</slot>
            <slot slot="913">-</slot>
            <slot slot="914">-</slot>
            <slot slot="915">-</slot>
            <slot slot="916">-</slot>
            <slot slot="917">-</slot>
            <slot slot="918">-</slot>
            <slot slot="919">-</slot>
            <slot slot="920">-</slot>
            <slot slot="921">-</slot>
            <slot slot="922">-</slot>
            <slot slot="923">-</slot>
            <slot slot="924">-</slot>
            <slot slot="925">-</slot>
            <slot slot="926">-</slot>
            <slot slot="927">-</slot>
            <slot slot="928">-</slot>
            <slot slot="929">-</slot>
            <slot slot="930">-</slot>
            <slot slot="931">-</slot>
            <slot slot="932">-</slot>
            <slot slot="933">-</slot>
            <slot slot="934">-</slot>
            <slot slot="935">-</slot>
            <slot slot="936">-</slot>
            <slot slot="937">-</slot>
            <slot slot="938">-</slot>
            <slot slot="939">-</slot>
            <slot slot="940">-</slot>
            <slot slot="941">-</slot>
            <slot slot="942">-</slot>
            <slot slot="943">-</slot>
            <slot slot="944">-</slot>
            <slot slot="945">-</slot>
            <slot slot="946">-</slot>
            <slot slot="947">-</slot>
            <slot slot="948">-</slot>
            <slot slot="949">-</slot>
            <slot slot="950">-</slot>
            <slot slot="951">-</slot>
            <slot slot="952">-</slot>
            <slot slot="953">-</slot>
            <slot slot="954">-</slot>
            <slot slot="955">-</slot>
            <slot slot="956">-</slot>
            <slot slot="957">-</slot>
            <slot slot="958">-</slot>
            <slot slot="959">-</slot>
            <slot slot="960">-</slot>
            <slot slot="961">-</slot>
            <slot slot="962">-</slot>
            <slot slot="963">-</slot>
            <slot slot="964">-</slot>
            <slot slot="965">-</slot>
            <slot slot="966">-</slot>
            <slot slot="967">-</slot>
            <slot slot="968">-</slot>
            <slot slot="969">-</slot>
            <slot slot="970">-</slot>
            <slot slot="971">-</slot>
            <slot slot="972">-</slot>
            <slot slot="973">-</slot>
            <slot slot="974">-</slot>
            <slot slot="975">-</slot>
            <slot slot="976">-</slot>
            <slot slot="977">-</slot>
            <slot slot="978">-</slot>
            <slot slot="979">-</slot>
            <slot slot="980">-</slot>
            <slot slot="981">-</slot>
            <slot slot="982">-</slot>
            <slot slot="983">-</slot>
            <slot slot="984">-</slot>
            <slot slot="985">-</slot>
            <slot slot="986">-</slot>
            <slot slot="987">-</slot>
            <slot slot="988">-</slot>
            <slot slot="989">-</slot>
            <slot slot="990">-</slot>
            <slot slot="991">-</slot>
            <slot slot="992">-</slot>
            <slot slot="993">-</slot>
            <slot slot="994">-</slot>
            <slot slot="995">-</slot>
            <slot slot="996">-</slot>
            <slot slot="997">-</slot>
            <slot slot="998">-</slot>
            <slot slot="999">-</slot>
            <slot slot="1000">-</slot>
            <slot slot="1001">-</slot>
            <slot slot="1002">-</slot>
            <slot slot="1003">-</slot>
            <slot slot="1004">-</slot>
            <slot slot="1005">-</slot>
            <slot slot="1006">-</slot>
            <slot slot="1007">-</slot>
            <slot slot="1008">-</slot>
            <slot slot="1009">-</slot>
            <slot slot="1010">-</slot>
            <slot slot="1011">-</slot>
            <slot slot="1012">-</slot>
            <slot slot="1013">-</slot>
            <slot slot="1014">-</slot>
            <slot slot="1015">-</slot>
            <slot slot="1016">-</slot>
            <slot slot="1017">-</slot>
            <slot slot="1018">-</slot>
            <slot slot="1019">-</slot>
            <slot slot="1020">-</slot>
            <slot slot="1021">-</slot>
            <slot slot="1022">-</slot>
            <slot slot="1023">-</slot>
            <slot slot="1024">-</slot>
            <slot slot="1025">-</slot>
            <slot slot="1026">-</slot>
            <slot slot="1027">-</slot>
            <slot slot="1028">-</slot>
            <slot slot="1029">-</slot>
            <slot slot="1030">-</slot>
            <slot slot="1031">-</slot>
            <slot slot="1032">-</slot>
            <slot slot="1033">-</slot>
            <slot slot="1034">-</slot>
            <slot slot="1035">-</slot>
            <slot slot="1036">-</slot>
            <slot slot="1037">-</slot>
            <slot slot="1038">-</slot>
            <slot slot="1039">-</slot>
            <slot slot="1040">-</slot>
            <slot slot="1041">-</slot>
            <slot slot="1042">-</slot>
            <slot slot="1043">-</slot>
            <slot slot="1044">-</slot>
            <slot slot="1045">-</slot>
            <slot slot="1046">-</slot>
            <slot slot="1047">-</slot>
            <slot slot="1048">-</slot>
            <slot slot="1049">-</slot>
            <slot slot="1050">-</slot>
            <slot slot="1051">-</slot>
            <slot slot="1052">-</slot>
            <slot slot="1053">-</slot>
            <slot slot="1054">-</slot>
            <slot slot="1055">-</slot>
            <slot slot="1056">-</slot>
            <slot slot="1057">-</slot>
            <slot slot="1058">-</slot>
            <slot slot="1059">-</slot>
            <slot slot="1060">-</slot>
            <slot slot="1061">-</slot>
            <slot slot="1062">-</slot>
            <slot slot="1063">-</slot>
            <slot slot="1064">-</slot>
            <slot slot="1065">-</slot>
            <slot slot="1066">-</slot>
            <slot slot="1067">-</slot>
            <slot slot="1068">-</slot>
            <slot slot="1069">-</slot>
            <slot slot="1070">-</slot>
            <slot slot="1071">-</slot>
            <slot slot="1072">-</slot>
            <slot slot="1073">-</slot>
            <slot slot="1074">-</slot>
            <slot slot="1075">-</slot>
            <slot slot="1076">-</slot>
            <slot slot="1077">-</slot>
            <slot slot="1078">-</slot>
            <slot slot="1079">-</slot>
            <slot slot="1080">-</slot>
            <slot slot="1081">-</slot>
            <slot slot="1082">-</slot>
            <slot slot="1083">-</slot>
            <slot slot="1084">-</slot>
            <slot slot="1085">-</slot>
            <slot slot="1086">-</slot>
            <slot slot="1087">-</slot>
            <slot slot="1088">-</slot>
            <slot slot="1089">-</slot>
            <slot slot="1090">-</slot>
            <slot slot="1091">-</slot>
            <slot slot="1092">-</slot>
            <slot slot="1093">-</slot>
            <slot slot="1094">-</slot>
            <slot slot="1095">-</slot>
            <slot slot="1096">-</slot>
            <slot slot="1097">-</slot>
            <slot slot="1098">-</slot>
            <slot slot="1099">-</slot>
            <slot slot="1100">-</slot>
            <slot slot="1101">-</slot>
            <slot slot="1102">-</slot>
            <slot slot="1103">-</slot>
            <slot slot="1104">-</slot>
            <slot slot="1105">-</slot>
            <slot slot="1106">-</slot>
            <slot slot="1107">-</slot>
            <slot slot="1108">-</slot>
            <slot slot="1109">-</slot>
            <slot slot="1110">-</slot>
            <slot slot="1111">-</slot>
            <slot slot="1112">-</slot>
            <slot slot="1113">-</slot>
            <slot slot="1114">-</slot>
            <slot slot="1115">-</slot>
            <slot slot="1116">-</slot>
            <slot slot="1117">-</slot>
            <slot slot="1118">-</slot>
            <slot slot="1119">-</slot>
            <slot slot="1120">-</slot>
            <slot slot="1121">-</slot>
            <slot slot="1122">-</slot>
            <slot slot="1123">-</slot>
            <slot slot="1124">-</slot>
            <slot slot="1125">-</slot>
            <slot slot="1126">-</slot>
            <slot slot="1127">-</slot>
            <slot slot="1128">-</slot>
            <slot slot="1129">-</slot>
            <slot slot="1130">-</slot>
            <slot slot="1131">-</slot>
            <slot slot="1132">-</slot>
            <slot slot="1133">-</slot>
            <slot slot="1134">-</slot>
            <slot slot="1135">-</slot>
            <slot slot="1136">-</slot>
            <slot slot="1137">-</slot>
            <slot slot="1138">-</slot>
            <slot slot="1139">-</slot>
            <slot slot="1140">-</slot>
            <slot slot="1141">-</slot>
            <slot slot="1142">-</slot>
            <slot slot="1143">-</slot>
            <slot slot="1144">-</slot>
            <slot slot="1145">-</slot>
            <slot slot="1146">-</slot>
            <slot slot="1147">-</slot>
            <slot slot="1148">-</slot>
            <slot slot="1149">-</slot>
            <slot slot="1150">-</slot>
            <slot slot="1151">-</slot>
            <slot slot="1152">-</slot>
            <slot slot="1153">-</slot>
            <slot slot="1154">-</slot>
            <slot slot="1155">-</slot>
            <slot slot="1156">-</slot>
            <slot slot="1157">-</slot>
            <slot slot="1158">-</slot>
            <slot slot="1159">-</slot>
            <slot slot="1160">-</slot>
            <slot slot="1161">-</slot>
            <slot slot="1162">-</slot>
            <slot slot="1163">-</slot>
            <slot slot="1164">-</slot>
            <slot slot="1165">-</slot>
            <slot slot="1166">-</slot>
            <slot slot="1167">-</slot>
            <slot slot="1168">-</slot>
            <slot slot="1169">-</slot>
            <slot slot="1170">-</slot>
            <slot slot="1171">-</slot>
            <slot slot="1172">-</slot>
            <slot slot="1173">-</slot>
            <slot slot="1174">-</slot>
            <slot slot="1175">-</slot>
            <slot slot="1176">-</slot>
            <slot slot="1177">-</slot>
            <slot slot="1178">-</slot>
            <slot slot="1179">-</slot>
            <slot slot="1180">-</slot>
            <slot slot="1181">-</slot>
            <slot slot="1182">-</slot>
            <slot slot="1183">-</slot>
            <slot slot="1184">-</slot>
            <slot slot="1185">-</slot>
            <slot slot="1186">-</slot>
            <slot slot="1187">-</slot>
            <slot slot="1188">-</slot>
            <slot slot="1189">-</slot>
            <slot slot="1190">-</slot>
            <slot slot="1191">-</slot>
            <slot slot="1192">-</slot>
            <slot slot="1193">-</slot>
            <slot slot="1194">-</slot>
            <slot slot="1195">-</slot>
            <slot slot="1196">-</slot>
            <slot slot="1197">-</slot>
            <slot slot="1198">-</slot>
            <slot slot="1199">-</slot>
            <slot slot="1200">-</slot>
            <slot slot="1201">-</slot>
            <slot slot="1202">-</slot>
            <slot slot="1203">-</slot>
            <slot slot="1204">-</slot>
            <slot slot="1205">-</slot>
            <slot slot="1206">-</slot>
            <slot slot="1207">-</slot>
            <slot slot="1208">-</slot>
            <slot slot="1209">-</slot>
            <slot slot="1210">-</slot>
            <slot slot="1211">-</slot>
            <slot slot="1212">-</slot>
            <slot slot="1213">-</slot>
            <slot slot="1214">-</slot>
            <slot slot="1215">-</slot>
            <slot slot="1216">-</slot>
            <slot slot="1217">-</slot>
            <slot slot="1218">-</slot>
            <slot slot="1219">-</slot>
            <slot slot="1220">-</slot>
            <slot slot="1221">-</slot>
            <slot slot="1222">-</slot>
            <slot slot="1223">-</slot>
            <slot slot="1224">-</slot>
            <slot slot="1225">-</slot>
            <slot slot="1226">-</slot>
            <slot slot="1227">-</slot>
            <slot slot="1228">-</slot>
            <slot slot="1229">-</slot>
            <slot slot="1230">-</slot>
            <slot slot="1231">-</slot>
            <slot slot="1232">-</slot>
            <slot slot="1233">-</slot>
            <slot slot="1234">-</slot>
            <slot slot="1235">-</slot>
            <slot slot="1236">-</slot>
            <slot slot="1237">-</slot>
            <slot slot="1238">-</slot>
            <slot slot="1239">-</slot>
            <slot slot="1240">D0N1</slot>
            <slot slot="1241">D0N1</slot>
            <slot slot="1242">D0N1</slot>
            <slot slot="1243">D0N1</slot>
            <slot slot="1244">D0N1</slot>
            <slot slot="1245">D0N1</slot>
            <slot slot="1246">D0N1</slot>
            <slot slot="1247">D0N1</slot>
            <slot slot="1248">D0N1</slot>
            <slot slot="1249">D0N1</slot>
            <slot slot="1250">D0N1</slot>
            <slot slot="1251">D0N1</slot>
            <slot slot="1252">D0N1</slot>
            <slot slot="1253">D0N1</slot>
            <slot slot="1254">D0N1</slot>
            <slot slot="1255">D0N1</slot>
            <slot slot="1256">D0N1</slot>
            <slot slot="1257">D0N1</slot>
            <slot slot="1258">D0N1</slot>
            <slot slot="1259">D0N1</slot>
            <slot slot="1260">D0N1</slot>
            <slot slot="1261">D0N1</slot>
            <slot slot="1262">D0N1</slot>
            <slot slot="1263">D0N1</slot>
            <slot slot="1264">D0N1</slot>
            <slot slot="1265">D0N1</slot>
            <slot slot="1266">D0N1</slot>
            <slot slot="1267">D0N1</slot>
            <slot slot="1268">D0N1</slot>
            <slot slot="1269">D0N1</slot>
            <slot slot="1270">D0N1</slot>
            <slot slot="1271">D0N1</slot>
            <slot slot="1272">D0N1</slot>
            <slot slot="1273">D0N1</slot>
            <slot slot="1274">D0N1</slot>
            <slot slot="1275">D0N1</slot>
            <slot slot="1276">D0N1</slot>
            <slot slot="1277">D0N1</slot>
            <slot slot="1278">D0N1</slot>
            <slot slot="1279">D0N1</slot>
            <slot slot="1280">D0N1</slot>
            <slot slot="1281">D0N1</slot>
            <slot slot="1282">D0N1</slot>
            <slot slot="1283">D0N1</slot>
            <slot slot="1284">D0N1</slot>
            <slot slot="1285">D0N1</slot>
            <slot slot="1286">D0N1</slot>
            <slot slot="1287">D0N1</slot>
            <slot slot="1288">D0N1</slot>
            <slot slot="1289">D0N1</slot>
            <slot slot="1290">D0N19</slot>
            <slot slot="1291">D0N19</slot>
            <slot slot="1292">D0N19</slot>
            <slot slot="1293">D0N19</slot>
            <slot slot="1294">D0N19</slot>
            <slot slot="1295">D0N19</slot>
            <slot slot="1296">D0N19</slot>
            <slot slot="1297">D0N19</slot>
            <slot slot="1298">D0N19</slot>
            <slot slot="1299">D0N19</slot>
            <slot slot="1300">D0N7</slot>
            <slot slot="1301">D0N7</slot>
            <slot slot="1302">D0N7</slot>
            <slot slot="1303">D0N7</slot>
            <slot slot="1304">D0N7</slot>
            <slot slot="1305">D0N7</slot>
            <slot slot="1306">D0N7</slot>
            <slot slot="1307">D0N7</slot>
            <slot slot="1308">D0N7</slot>
            <slot slot="1309">D0N7</slot>
            <slot slot="1310">D0N7</slot>
            <slot slot="1311">D0N7</slot>
            <slot slot="1312">D0N7</slot>
            <slot slot="1313">D0N7</slot>
            <slot slot="1314">D0N7</slot>
            <slot slot="1315">D0N7</slot>
            <slot slot="1316">D0N7</slot>
            <slot slot="1317">D0N7</slot>
            <slot slot="1318">D0N7</slot>
            <slot slot="1319">D0N7</slot>
            <slot slot="1320">D0N7</slot>
            <slot slot="1321">D0N7</slot>
            <slot slot="1322">D0N7</slot>
            <slot slot="1323">D0N7</slot>
            <slot slot="1324">D0N7</slot>
            <slot slot="1325">D0N7</slot>
            <slot slot="1326">D0N7</slot>
            <slot slot="1327">D0N7</slot>
            <slot slot="1328">D0N7</slot>
            <slot slot="1329">D0N7</slot>
            <slot slot="1330">D0N7</slot>
            <slot slot="1331">D0N7</slot>
            <slot slot="1332">D0N7</slot>
            <slot slot="1333">D0N7</slot>
            <slot slot="1334">D0N7</slot>
            <slot slot="1335">D0N7</slot>
            <slot slot="1336">D0N7</slot>
            <slot slot="1337">D0N7</slot>
            <slot slot="1338">D0N7</slot>
            <slot slot="1339">D0N7</slot>
            <slot slot="1340">D0N7</slot>
            <slot slot="1341">D0N7</slot>
            <slot slot="1342">D0N7</slot>
            <slot slot="1343">D0N7</slot>
            <slot slot="1344">D0N7</slot>
            <slot slot="1345">D0N7</slot>
            <slot slot="1346">D0N7</slot>
            <slot slot="1347">D0N7</slot>
            <slot slot="1348">D0N7</slot>
            <slot slot="1349">D0N7</slot>
            <slot slot="1350">D0N7</slot>
            <slot slot="1351">D0N7</slot>
            <slot slot="1352">D0N7</slot>
            <slot slot="1353">D0N7</slot>
            <slot slot="1354">D0N7</slot>
            <slot slot="1355">D0N7</slot>
            <slot slot="1356">D0N7</slot>
            <slot slot="1357">D0N7</slot>
            <slot slot="1358">D0N7</slot>
            <slot slot="1359">D0N7</slot>
            <slot slot="1360">D0N7</slot>
            <slot slot="1361">D0N7</slot>
            <slot slot="1362">D0N7</slot>
            <slot slot="1363">D0N7</slot>
            <slot slot="1364">D0N7</slot>
            <slot slot="1365">D0N7</slot>
            <slot slot="1366">D0N7</slot>
            <slot slot="1367">D0N7</slot>
            <slot slot="1368">D0N7</slot>
            <slot slot="1369">D0N7</slot>
            <slot slot="1370">D0N0</slot>
            <slot slot="1371">D0N0</slot>
            <slot slot="1372">D0N0</slot>
            <slot slot="1373">D0N0</slot>
            <slot slot="1374">D0N0</slot>
            <slot slot="1375">D0N0</slot>
            <slot slot="1376">D0N0</slot>
            <slot slot="1377">D0N0</slot>
            <slot slot="1378">D0N0</slot>
            <slot slot="1379">D0N0</slot>
            <slot slot="1380">D0N0</slot>
            <slot slot="1381">D0N0</slot>
            <slot slot="1382">D0N0</slot>
            <slot slot="1383">D0N0</slot>
            <slot slot="1384">D0N0</slot>
            <slot slot="1385">D0N0</slot>
            <slot slot="1386">D0N0</slot>
            <slot slot="1387">D0N0</slot>
            <slot slot="1388">D0N0</slot>
            <slot slot="1389">D0N0</slot>
            <slot slot="1390">D0N0</slot>
            <slot slot="1391">D0N0</slot>
            <slot slot="1392">D0N0</slot>
            <slot slot="1393">D0N0</slot>
            <slot slot="1394">D0N0</slot>
            <slot slot="1395">D0N0</slot>
            <slot slot="1396">D0N0</slot>
            <slot slot="1397">D0N0</slot>
            <slot slot="1398">D0N0</slot>
            <slot slot="1399">D0N0</slot>
            <slot slot="1400">D0N2</slot>
            <slot slot="1401">D0N2</slot>
            <slot slot="1402">D0N2</slot>
            <slot slot="1403">D0N2</slot>
            <slot slot="1404">D0N2</slot>
            <slot slot="1405">D0N2</slot>
            <slot slot="1406">D0N2</slot>
            <slot slot="1407">D0N2</slot>
            <slot slot="1408">D0N2</slot>
            <slot slot="1409">D0N2</slot>
            <slot slot="1410">D0N2</slot>
            <slot slot="1411">D0N2</slot>
            <slot slot="1412">D0N2</slot>
            <slot slot="1413">D0N2</slot>
            <slot slot="1414">D0N2</slot>
            <slot slot="1415">D0N2</slot>
            <slot slot="1416">D0N2</slot>
            <slot slot="1417">D0N2</slot>
            <slot slot="1418">D0N2</slot>
            <slot slot="1419">D0N2</slot>
            <slot slot="1420">D0N6</slot>
            <slot slot="1421">D0N6</slot>
            <slot slot="1422">D0N6</slot>
            <slot slot="1423">D0N6</slot>
            <slot slot="1424">D0N6</slot>
            <slot slot="1425">D0N6</slot>
            <slot slot="1426">D0N6</slot>
            <slot slot="1427">D0N6</slot>
            <slot slot="1428">D0N6</slot>
            <slot slot="1429">D0N6</slot>
            <slot slot="1430">D0N14</slot>
            <slot slot="1431">D0N14</slot>
            <slot slot="1432">D0N14</slot>
            <slot slot="1433">D0N14</slot>
            <slot slot="1434">D0N14</slot>
            <slot slot="1435">D0N14</slot>
            <slot slot="1436">D0N14</slot>
            <slot slot="1437">D0N14</slot>
            <slot slot="1438">D0N14</slot>
            <slot slot="1439">D0N14</slot>
            <slot slot="1440">D0N14</slot>
            <slot slot="1441">D0N14</slot>
            <slot slot="1442">D0N14</slot>
            <slot slot="1443">D0N14</slot>
            <slot slot="1444">D0N14</slot>
            <slot slot="1445">D0N14</slot>
            <slot slot="1446">D0N14</slot>
            <slot slot="1447">D0N14</slot>
            <slot slot="1448">D0N14</slot>
            <slot slot="1449">D0N14</slot>
            <slot slot="1450">D0N14</slot>
            <slot slot="1451">D0N14</slot>
            <slot slot="1452">D0N14</slot>
            <slot slot="1453">D0N14</slot>
            <slot slot="1454">D0N14</slot>
            <slot slot="1455">D0N14</slot>
            <slot slot="1456">D0N14</slot>
            <slot slot="1457">D0N14</slot>
            <slot slot="1458">D0N14</slot>
            <slot slot="1459">D0N14</slot>
            <slot slot="1460">D0N14</slot>
            <slot slot="1461">D0N14</slot>
            <slot slot="1462">D0N14</slot>
            <slot slot="1463">D0N14</slot>
            <slot slot="1464">D0N14</slot>
            <slot slot="1465">D0N14</slot>
            <slot slot="1466">D0N14</slot>
            <slot slot="1467">D0N14</slot>
            <slot slot="1468">D0N14</slot>
            <slot slot="1469">D0N14</slot>
            <slot slot="1470">D0N14</slot>
            <slot slot="1471">D0N14</slot>
            <slot slot="1472">D0N14</slot>
            <slot slot="1473">D0N14</slot>
            <slot slot="1474">D0N14</slot>
            <slot slot="1475">D0N14</slot>
            <slot slot="1476">D0N14</slot>
            <slot slot="1477">D0N14</slot>
            <slot slot="1478">D0N14</slot>
            <slot slot="1479">D0N14</slot>
            <slot slot="1480">D0N12</slot>
            <slot slot="1481">D0N12</slot>
            <slot slot="1482">D0N12</slot>
            <slot slot="1483">D0N12</slot>
            <slot slot="1484">D0N12</slot>
            <slot slot="1485">D0N12</slot>
            <slot slot="1486">D0N12</slot>
            <slot slot="1487">D0N12</slot>
            <slot slot="1488">D0N12</slot>
            <slot slot="1489">D0N12</slot>
            <slot slot="1490">D0N12</slot>
            <slot slot="1491">D0N12</slot>
            <slot slot="1492">D0N12</slot>
            <slot slot="1493">D0N12</slot>
            <slot slot="1494">D0N12</slot>
            <slot slot="1495">D0N12</slot>
            <slot slot="1496">D0N12</slot>
            <slot slot="1497">D0N12</slot>
            <slot slot="1498">D0N12</slot>
            <slot slot="1499">D0N12</slot>
            <slot slot="1500">D0N12</slot>
            <slot slot="1501">D0N12</slot>
            <slot slot="1502">D0N12</slot>
            <slot slot="1503">D0N12</slot>
            <slot slot="1504">D0N12</slot>
            <slot slot="1505">D0N12</slot>
            <slot slot="1506">D0N12</slot>
            <slot slot="1507">D0N12</slot>
            <slot slot="1508">D0N12</slot>
            <slot slot="1509">D0N12</slot>
            <slot slot="1510">D0N12</slot>
            <slot slot="1511">D0N12</slot>
            <slot slot="1512">D0N12</slot>
            <slot slot="1513">D0N12</slot>
            <slot slot="1514">D0N12</slot>
            <slot slot="1515">D0N12</slot>
            <slot slot="1516">D0N12</slot>
            <slot slot="1517">D0N12</slot>
            <slot slot="1518">D0N12</slot>
            <slot slot="1519">D0N12</slot>
            <slot slot="1520">D0N21</slot>
            <slot slot="1521">D0N21</slot>
            <slot slot="1522">D0N21</slot>
            <slot slot="1523">D0N21</slot>
            <slot slot="1524">D0N21</slot>
            <slot slot="1525">D0N21</slot>
            <slot slot="1526">D0N21</slot>
            <slot slot="1527">D0N21</slot>
            <slot slot="1528">D0N21</slot>
            <slot slot="1529">D0N21</slot>
            <slot slot="1530">D0N21</slot>
            <slot slot="1531">D0N21</slot>
            <slot slot="1532">D0N21</slot>
            <slot slot="1533">D0N21</slot>
            <slot slot="1534">D0N21</slot>
            <slot slot="1535">D0N21</slot>
            <slot slot="1536">D0N21</slot>
            <slot slot="1537">D0N21</slot>
            <slot slot="1538">D0N21</slot>
            <slot slot="1539">D0N21</slot>
            <slot slot="1540">D0N21</slot>
            <slot slot="1541">D0N21</slot>
            <slot slot="1542">D0N21</slot>
            <slot slot="1543">D0N21</slot>
            <slot slot="1544">D0N21</slot>
            <slot slot="1545">D0N21</slot>
            <slot slot="1546">D0N21</slot>
            <slot slot="1547">D0N21</slot>
            <slot slot="1548">D0N21</slot>
            <slot slot="1549">D0N21</slot>
            <slot slot="1550">D0N21</slot>
            <slot slot="1551">D0N21</slot>
            <slot slot="1552">D0N21</slot>
            <slot slot="1553">D0N21</slot>
            <slot slot="1554">D0N21</slot>
            <slot slot="1555">D0N21</slot>
            <slot slot="1556">D0N21</slot>
            <slot slot="1557">D0N21</slot>
            <slot slot="1558">D0N21</slot>
            <slot slot="1559">D0N21</slot>
            <slot slot="1560">D0N21</slot>
            <slot slot="1561">D0N21</slot>
            <slot slot="1562">D0N21</slot>
            <slot slot="1563">D0N21</slot>
            <slot slot="1564">D0N21</slot>
            <slot slot="1565">D0N21</slot>
            <slot slot="1566">D0N21</slot>
            <slot slot="1567">D0N21</slot>
            <slot slot="1568">D0N21</slot>
            <slot slot="1569">D0N21</slot>
            <slot slot="1570">D0N21</slot>
            <slot slot="1571">D0N21</slot>
            <slot slot="1572">D0N21</slot>
            <slot slot="1573">D0N21</slot>
            <slot slot="1574">D0N21</slot>
            <slot slot="1575">D0N21</slot>
            <slot slot="1576">D0N21</slot>
            <slot slot="1577">D0N21</slot>
            <slot slot="1578">D0N21</slot>
            <slot slot="1579">D0N21</slot>
            <slot slot="1580">D0N21</slot>
            <slot slot="1581">D0N21</slot>
            <slot slot="1582">D0N21</slot>
            <slot slot="1583">D0N21</slot>
            <slot slot="1584">D0N21</slot>
            <slot slot="1585">D0N21</slot>
            <slot slot="1586">D0N21</slot>
            <slot slot="1587">D0N21</slot>
            <slot slot="1588">D0N21</slot>
            <slot slot="1589">D0N21</slot>
            <slot slot="1590">D0N9</slot>
            <slot slot="1591">D0N9</slot>
            <slot slot="1592">D0N9</slot>
            <slot slot="1593">D0N9</slot>
            <slot slot="1594">D0N9</slot>
            <slot slot="1595">D0N9</slot>
            <slot slot="1596">D0N9</slot>
            <slot slot="1597">D0N9</slot>
            <slot slot="1598">D0N9</slot>
            <slot slot="1599">D0N9</slot>
            <slot slot="1600">D0N26</slot>
            <slot slot="1601">D0N26</slot>
            <slot slot="1602">D0N26</slot>
            <slot slot="1603">D0N26</slot>
            <slot slot="1604">D0N26</slot>
            <slot slot="1605">D0N26</slot>
            <slot slot="1606">D0N26</slot>
            <slot slot="1607">D0N26</slot>
            <slot slot="1608">D0N26</slot>
            <slot slot="1609">D0N26</slot>
            <slot slot="1610">D0N26</slot>
            <slot slot="1611">D0N26</slot>
            <slot slot="1612">D0N26</slot>
            <slot slot="1613">D0N26</slot>
            <slot slot="1614">D0N26</slot>
            <slot slot="1615">D0N26</slot>
            <slot slot="1616">D0N26</slot>
            <slot slot="1617">D0N26</slot>
            <slot slot="1618">D0N26</slot>
            <slot slot="1619">D0N26</slot>
            <slot slot="1620">D0N26</slot>
            <slot slot="1621">D0N26</slot>
            <slot slot="1622">D0N26</slot>
            <slot slot="1623">D0N26</slot>
            <slot slot="1624">D0N26</slot>
            <slot slot="1625">D0N26</slot>
            <slot slot="1626">D0N26</slot>
            <slot slot="1627">D0N26</slot>
            <slot slot="1628">D0N26</slot>
            <slot slot="1629">D0N26</slot>
            <slot slot="1630">D0N26</slot>
            <slot slot="1631">D0N26</slot>
            <slot slot="1632">D0N26</slot>
            <slot slot="1633">D0N26</slot>
            <slot slot="1634">D0N26</slot>
            <slot slot="1635">D0N26</slot>
            <slot slot="1636">D0N26</slot>
            <slot slot="1637">D0N26</slot>
            <slot slot="1638">D0N26</slot>
            <slot slot="1639">D0N26</slot>
            <slot slot="1640">D0N30</slot>
            <slot slot="1641">D0N30</slot>
            <slot slot="1642">D0N30</slot>
            <slot slot="1643">D0N30</slot>
            <slot slot="1644">D0N30</slot>
            <slot slot="1645">D0N30</slot>
            <slot slot="1646">D0N30</slot>
            <slot slot="1647">D0N30</slot>
            <slot slot="1648">D0N30</slot>
            <slot slot="1649">D0N30</slot>
            <slot slot="1650">D0N30</slot>
            <slot slot="1651">D0N30</slot>
            <slot slot="1652">D0N30</slot>
            <slot slot="1653">D0N30</slot>
            <slot slot="1654">D0N30</slot>
            <slot slot="1655">D0N30</slot>
            <slot slot="1656">D0N30</slot>
            <slot slot="1657">D0N30</slot>
            <slot slot="1658">D0N30</slot>
            <slot slot="1659">D0N30</slot>
            <slot slot="1660">D0N30</slot>
            <slot slot="1661">D0N30</slot>
            <slot slot="1662">D0N30</slot>
            <slot slot="1663">D0N30</slot>
            <slot slot="1664">D0N30</slot>
            <slot slot="1665">D0N30</slot>
            <slot slot="1666">D0N30</slot>
            <slot slot="1667">D0N30</slot>
            <slot slot="1668">D0N30</slot>
            <slot slot="1669">D0N30</slot>
            <slot slot="1670">D0N30</slot>
            <slot slot="1671">D0N30</slot>
            <slot slot="1672">D0N30</slot>
            <slot slot="1673">D0N30</slot>
            <slot slot="1674">D0N30</slot>
            <slot slot="1675">D0N30</slot>
            <slot slot="1676">D0N30</slot>
            <slot slot="1677">D0N30</slot>
            <slot slot="1678">D0N30</slot>
            <slot slot="1679">D0N30</slot>
            <slot slot="1680">D0N30</slot>
            <slot slot="1681">D0N30</slot>
            <slot slot="1682">D0N30</slot>
            <slot slot="1683">D0N30</slot>
            <slot slot="1684">D0N30</slot>
            <slot slot="1685">D0N30</slot>
            <slot slot="1686">D0N30</slot>
            <slot slot="1687">D0N30</slot>
            <slot slot="1688">D0N30</slot>
            <slot slot="1689">D0N30</slot>
            <slot slot="1690">D0N30</slot>
            <slot slot="1691">D0N30</slot>
            <slot slot="1692">D0N30</slot>
            <slot slot="1693">D0N30</slot>
            <slot slot="1694">D0N30</slot>
            <slot slot="1695">D0N30</slot>
            <slot slot="1696">D0N30</slot>
            <slot slot="1697">D0N30</slot>
            <slot slot="1698">D0N30</slot>
            <slot slot="1699">D0N30</slot>
            <slot slot="1700">D0N30</slot>
            <slot slot="1701">D0N30</slot>
            <slot slot="1702">D0N30</slot>
            <slot slot="1703">D0N30</slot>
            <slot slot="1704">D0N30</slot>
            <slot slot="1705">D0N30</slot>
            <slot slot="1706">D0N30</slot>
            <slot slot="1707">D0N30</slot>
            <slot slot="1708">D0N30</slot>
            <slot slot="1709">D0N30</slot>
            <slot slot="1710">D0N30</slot>
            <slot slot="1711">D0N30</slot>
            <slot slot="1712">D0N30</slot>
            <slot slot="1713">D0N30</slot>
            <slot slot="1714">D0N30</slot>
            <slot slot="1715">D0N30</slot>
            <slot slot="1716">D0N30</slot>
            <slot slot="1717">D0N30</slot>
            <slot slot="1718">D0N30</slot>
            <slot slot="1719">D0N30</slot>
            <slot slot="1720">D0N30</slot>
            <slot slot="1721">D0N30</slot>
            <slot slot="1722">D0N30</slot>
            <slot slot="1723">D0N30</slot>
            <slot slot="1724">D0N30</slot>
            <slot slot="1725">D0N30</slot>
            <slot slot="1726">D0N30</slot>
            <slot slot="1727">D0N30</slot>
            <slot slot="1728">D0N30</slot>
            <slot slot="1729">D0N30</slot>
            <slot slot="1730">D0N30</slot>
            <slot slot="1731">D0N30</slot>
            <slot slot="1732">D0N30</slot>
            <slot slot="1733">D0N30</slot>
            <slot slot="1734">D0N30</slot>
            <slot slot="1735">D0N30</slot>
            <slot slot="1736">D0N30</slot>
            <slot slot="1737">D0N30</slot>
            <slot slot="1738">D0N30</slot>
            <slot slot="1739">D0N30</slot>
            <slot slot="1740">D0N30</slot>
            <slot slot="1741">D0N30</slot>
            <slot slot="1742">D0N30</slot>
            <slot slot="1743">D0N30</slot>
            <slot slot="1744">D0N30</slot>
            <slot slot="1745">D0N30</slot>
            <slot slot="1746">D0N30</slot>
            <slot slot="1747">D0N30</slot>
            <slot slot="1748">D0N30</slot>
            <slot slot="1749">D0N30</slot>
            <slot slot="1750">D0N30</slot>
            <slot slot="1751">D0N30</slot>
            <slot slot="1752">D0N30</slot>
            <slot slot="1753">D0N30</slot>
            <slot slot="1754">D0N30</slot>
            <slot slot="1755">D0N30</slot>
            <slot slot="1756">D0N30</slot>
            <slot slot="1757">D0N30</slot>
            <slot slot="1758">D0N30</slot>
            <slot slot="1759">D0N30</slot>
            <slot slot="1760">D0N30</slot>
            <slot slot="1761">D0N30</slot>
            <slot slot="1762">D0N30</slot>
            <slot slot="1763">D0N30</slot>
            <slot slot="1764">D0N30</slot>
            <slot slot="1765">D0N30</slot>
            <slot slot="1766">D0N30</slot>
            <slot slot="1767">D0N30</slot>
            <slot slot="1768">D0N30</slot>
            <slot slot="1769">D0N30</slot>
            <slot slot="1770">D0N30</slot>
            <slot slot="1771">D0N30</slot>
            <slot slot="1772">D0N30</slot>
            <slot slot="1773">D0N30</slot>
            <slot slot="1774">D0N30</slot>
            <slot slot="1775">D0N30</slot>
            <slot slot="1776">D0N30</slot>
            <slot slot="1777">D0N30</slot>
            <slot slot="1778">D0N30</slot>
            <slot slot="1779">D0N30</slot>
            <slot slot="1780">D0N30</slot>
            <slot slot="1781">D0N30</slot>
            <slot slot="1782">D0N30</slot>
            <slot slot="1783">D0N30</slot>
            <slot slot="1784">D0N30</slot>
            <slot slot="1785">D0N30</slot>
            <slot slot="1786">D0N30</slot>
            <slot slot="1787">D0N30</slot>
            <slot slot="1788">D0N30</slot>
            <slot slot="1789">D0N30</slot>
            <slot slot="1790">D0N30</slot>
            <slot slot="1791">D0N30</slot>
            <slot slot="1792">D0N30</slot>
            <slot slot="1793">D0N30</slot>
            <slot slot="1794">D0N30</slot>
            <slot slot="1795">D0N30</slot>
            <slot slot="1796">D0N30</slot>
            <slot slot="1797">D0N30</slot>
            <slot slot="1798">D0N30</slot>
            <slot slot="1799">D0N30</slot>
            <slot slot="1800">D0N30</slot>
            <slot slot="1801">D0N30</slot>
            <slot slot="1802">D0N30</slot>
            <slot slot="1803">D0N30</slot>
            <slot slot="1804">D0N30</slot>
            <slot slot="1805">D0N30</slot>
            <slot slot="1806">D0N30</slot>
            <slot slot="1807">D0N30</slot>
            <slot slot="1808">D0N30</slot>
            <slot slot="1809">D0N30</slot>
            <slot slot="1810">D0N30</slot>
            <slot slot="1811">D0N30</slot>
            <slot slot="1812">D0N30</slot>
            <slot slot="1813">D0N30</slot>
            <slot slot="1814">D0N30</slot>
            <slot slot="1815">D0N30</slot>
            <slot slot="1816">D0N30</slot>
            <slot slot="1817">D0N30</slot>
            <slot slot="1818">D0N30</slot>
            <slot slot="1819">D0N30</slot>
            <slot slot="1820">D0N8</slot>
            <slot slot="1821">D0N8</slot>
            <slot slot="1822">D0N8</slot>
            <slot slot="1823">D0N8</slot>
            <slot slot="1824">D0N8</slot>
            <slot slot="1825">D0N8</slot>
            <slot slot="1826">D0N8</slot>
            <slot slot="1827">D0N8</slot>
            <slot slot="1828">D0N8</slot>
            <slot slot="1829">D0N8</slot>
            <slot slot="1830">D0N8</slot>
            <slot slot="1831">D0N8</slot>
            <slot slot="1832">D0N8</slot>
            <slot slot="1833">D0N8</slot>
            <slot slot="1834">D0N8</slot>
            <slot slot="1835">D0N8</slot>
            <slot slot="1836">D0N8</slot>
            <slot slot="1837">D0N8</slot>
            <slot slot="1838">D0N8</slot>
            <slot slot="1839">D0N8</slot>
            <slot slot="1840">D0N8</slot>
            <slot slot="1841">D0N8</slot>
            <slot slot="1842">D0N8</slot>
            <slot slot="1843">D0N8</slot>
            <slot slot="1844">D0N8</slot>
            <slot slot="1845">D0N8</slot>
            <slot slot="1846">D0N8</slot>
            <slot slot="1847">D0N8</slot>
            <slot slot="1848">D0N8</slot>
            <slot slot="1849">D0N8</slot>
            <slot slot="1850">D0N28</slot>
            <slot slot="1851">D0N28</slot>
            <slot slot="1852">D0N28</slot>
            <slot slot="1853">D0N28</slot>
            <slot slot="1854">D0N28</slot>
            <slot slot="1855">D0N28</slot>
            <slot slot="1856">D0N28</slot>
            <slot slot="1857">D0N28</slot>
            <slot slot="1858">D0N28</slot>
            <slot slot="1859">D0N28</slot>
            <slot slot="1860">D0N28</slot>
            <slot slot="1861">D0N28</slot>
            <slot slot="1862">D0N28</slot>
            <slot slot="1863">D0N28</slot>
            <slot slot="1864">D0N28</slot>
            <slot slot="1865">D0N28</slot>
            <slot slot="1866">D0N28</slot>
            <slot slot="1867">D0N28</slot>
            <slot slot="1868">D0N28</slot>
            <slot slot="1869">D0N28</slot>
            <slot slot="1870">D0N28</slot>
            <slot slot="1871">D0N28</slot>
            <slot slot="1872">D0N28</slot>
            <slot slot="1873">D0N28</slot>
            <slot slot="1874">D0N28</slot>
            <slot slot="1875">D0N28</slot>
            <slot slot="1876">D0N28</slot>
            <slot slot="1877">D0N28</slot>
            <slot slot="1878">D0N28</slot>
            <slot slot="1879">D0N28</slot>
            <slot slot="1880">D0N28</slot>
            <slot slot="1881">D0N28</slot>
            <slot slot="1882">D0N28</slot>
            <slot slot="1883">D0N28</slot>
            <slot slot="1884">D0N28</slot>
            <slot slot="1885">D0N28</slot>
            <slot slot="1886">D0N28</slot>
            <slot slot="1887">D0N28</slot>
            <slot slot="1888">D0N28</slot>
            <slot slot="1889">D0N28</slot>
            <slot slot="1890">D0N28</slot>
            <slot slot="1891">D0N28</slot>
            <slot slot="1892">D0N28</slot>
            <slot slot="1893">D0N28</slot>
            <slot slot="1894">D0N28</slot>
            <slot slot="1895">D0N28</slot>
            <slot slot="1896">D0N28</slot>
            <slot slot="1897">D0N28</slot>
            <slot slot="1898">D0N28</slot>
            <slot slot="1899">D0N28</slot>
            <slot slot="1900">D0N28</slot>
            <slot slot="1901">D0N28</slot>
            <slot slot="1902">D0N28</slot>
            <slot slot="1903">D0N28</slot>
            <slot slot="1904">D0N28</slot>
            <slot slot="1905">D0N28</slot>
            <slot slot="1906">D0N28</slot>
            <slot slot="1907">D0N28</slot>
            <slot slot="1908">D0N28</slot>
            <slot slot="1909">D0N28</slot>
            <slot slot="1910">D0N28</slot>
            <slot slot="1911">D0N28</slot>
            <slot slot="1912">D0N28</slot>
            <slot slot="1913">D0N28</slot>
            <slot slot="1914">D0N28</slot>
            <slot slot="1915">D0N28</slot>
            <slot slot="1916">D0N28</slot>
            <slot slot="1917">D0N28</slot>
            <slot slot="1918">D0N28</slot>
            <slot slot="1919">D0N28</slot>
            <slot slot="1920">D0N28</slot>
            <slot slot="1921">D0N28</slot>
            <slot slot="1922">D0N28</slot>
            <slot slot="1923">D0N28</slot>
            <slot slot="1924">D0N28</slot>
            <slot slot="1925">D0N28</slot>
            <slot slot="1926">D0N28</slot>
            <slot slot="1927">D0N28</slot>
            <slot slot="1928">D0N28</slot>
            <slot slot="1929">D0N28</slot>
            <slot slot="1930">D0N28</slot>
            <slot slot="1931">D0N28</slot>
            <slot slot="1932">D0N28</slot>
            <slot slot="1933">D0N28</slot>
            <slot slot="1934">D0N28</slot>
            <slot slot="1935">D0N28</slot>
            <slot slot="1936">D0N28</slot>
            <slot slot="1937">D0N28</slot>
            <slot slot="1938">D0N28</slot>
            <slot slot="1939">D0N28</slot>
            <slot slot="1940">D0N28</slot>
            <slot slot="1941">D0N28</slot>
            <slot slot="1942">D0N28</slot>
            <slot slot="1943">D0N28</slot>
            <slot slot="1944">D0N28</slot>
            <slot slot="1945">D0N28</slot>
            <slot slot="1946">D0N28</slot>
            <slot slot="1947">D0N28</slot>
            <slot slot="1948">D0N28</slot>
            <slot slot="1949">D0N28</slot>
            <slot slot="1950">D0N28</slot>
            <slot slot="1951">D0N28</slot>
            <slot slot="1952">D0N28</slot>
            <slot slot="1953">D0N28</slot>
            <slot slot="1954">D0N28</slot>
            <slot slot="1955">D0N28</slot>
            <slot slot="1956">D0N28</slot>
            <slot slot="1957">D0N28</slot>
            <slot slot="1958">D0N28</slot>
            <slot slot="1959">D0N28</slot>
            <slot slot="1960">D0N28</slot>
            <slot slot="1961">D0N28</slot>
            <slot slot="1962">D0N28</slot>
            <slot slot="1963">D0N28</slot>
            <slot slot="1964">D0N28</slot>
            <slot slot="1965">D0N28</slot>
            <slot slot="1966">D0N28</slot>
            <slot slot="1967">D0N28</slot>
            <slot slot="1968">D0N28</slot>
            <slot slot="1969">D0N28</slot>
            <slot slot="1970">D0N28</slot>
            <slot slot="1971">D0N28</slot>
            <slot slot="1972">D0N28</slot>
            <slot slot="1973">D0N28</slot>
            <slot slot="1974">D0N28</slot>
            <slot slot="1975">D0N28</slot>
            <slot slot="1976">D0N28</slot>
            <slot slot="1977">D0N28</slot>
            <slot slot="1978">D0N28</slot>
            <slot slot="1979">D0N28</slot>
            <slot slot="1980">D0N28</slot>
            <slot slot="1981">D0N28</slot>
            <slot slot="1982">D0N28</slot>
            <slot slot="1983">D0N28</slot>
            <slot slot="1984">D0N28</slot>
            <slot slot="1985">D0N28</slot>
            <slot slot="1986">D0N28</slot>
            <slot slot="1987">D0N28</slot>
            <slot slot="1988">D0N28</slot>
            <slot slot="1989">D0N28</slot>
            <slot slot="1990">D0N28</slot>
            <slot slot="1991">D0N28</slot>
            <slot slot="1992">D0N28</slot>
            <slot slot="1993">D0N28</slot>
            <slot slot="1994">D0N28</slot>
            <slot slot="1995">D0N28</slot>
            <slot slot="1996">D0N28</slot>
            <slot slot="1997">D0N28</slot>
            <slot slot="1998">D0N28</slot>
            <slot slot="1999">D0N28</slot>
            <slot slot="2000">D0N28</slot>
            <slot slot="2001">D0N28</slot>
            <slot slot="2002">D0N28</slot>
            <slot slot="2003">D0N28</slot>
            <slot slot="2004">D0N28</slot>
            <slot slot="2005">D0N28</slot>
            <slot slot="2006">D0N28</slot>
            <slot slot="2007">D0N28</slot>
            <slot slot="2008">D0N28</slot>
            <slot slot="2009">D0N28</slot>
            <slot slot="2010">D0N32</slot>
            <slot slot="2011">D0N32</slot>
            <slot slot="2012">D0N32</slot>
            <slot slot="2013">D0N32</slot>
            <slot slot="2014">D0N32</slot>
            <slot slot="2015">D0N32</slot>
            <slot slot="2016">D0N32</slot>
            <slot slot="2017">D0N32</slot>
            <slot slot="2018">D0N32</slot>
            <slot slot="2019">D0N32</slot>
            <slot slot="2020">D0N32</slot>
            <slot slot="2021">D0N32</slot>
            <slot slot="2022">D0N32</slot>
            <slot slot="2023">D0N32</slot>
            <slot slot="2024">D0N32</slot>
            <slot slot="2025">D0N32</slot>
            <slot slot="2026">D0N32</slot>
            <slot slot="2027">D0N32</slot>
            <slot slot="2028">D0N32</slot>
            <slot slot="2029">D0N32</slot>
            <slot slot="2030">D0N35</slot>
            <slot slot="2031">D0N35</slot>
            <slot slot="2032">D0N35</slot>
            <slot slot="2033">D0N35</slot>
            <slot slot="2034">D0N35</slot>
            <slot slot="2035">D0N35</slot>
            <slot slot="2036">D0N35</slot>
            <slot slot="2037">D0N35</slot>
            <slot slot="2038">D0N35</slot>
            <slot slot="2039">D0N35</slot>
            <slot slot="2040">D0N44</slot>
            <slot slot="2041">D0N44</slot>
            <slot slot="2042">D0N44</slot>
            <slot slot="2043">D0N44</slot>
            <slot slot="2044">D0N44</slot>
            <slot slot="2045">D0N44</slot>
            <slot slot="2046">D0N44</slot>
            <slot slot="2047">D0N44</slot>
            <slot slot="2048">D0N44</slot>
            <slot slot="2049">D0N44</slot>
            <slot slot="2050">D0N37</slot>
            <slot slot="2051">D0N37</slot>
            <slot slot="2052">D0N37</slot>
            <slot slot="2053">D0N37</slot>
            <slot slot="2054">D0N37</slot>
            <slot slot="2055">D0N37</slot>
            <slot slot="2056">D0N37</slot>
            <slot slot="2057">D0N37</slot>
            <slot slot="2058">D0N37</slot>
            <slot slot="2059">D0N37</slot>
            <slot slot="2060">D0N37</slot>
            <slot slot="2061">D0N37</slot>
            <slot slot="2062">D0N37</slot>
            <slot slot="2063">D0N37</slot>
            <slot slot="2064">D0N37</slot>
            <slot slot="2065">D0N37</slot>
            <slot slot="2066">D0N37</slot>
            <slot slot="2067">D0N37</slot>
            <slot slot="2068">D0N37</slot>
            <slot slot="2069">D0N37</slot>
            <slot slot="2070">D0N37</slot>
            <slot slot="2071">D0N37</slot>
            <slot slot="2072">D0N37</slot>
            <slot slot="2073">D0N37</slot>
            <slot slot="2074">D0N37</slot>
            <slot slot="2075">D0N37</slot>
            <slot slot="2076">D0N37</slot>
            <slot slot="2077">D0N37</slot>
            <slot slot="2078">D0N37</slot>
            <slot slot="2079">D0N37</slot>
            <slot slot="2080">D0N37</slot>
            <slot slot="2081">D0N37</slot>
            <slot slot="2082">D0N37</slot>
            <slot slot="2083">D0N37</slot>
            <slot slot="2084">D0N37</slot>
            <slot slot="2085">D0N37</slot>
            <slot slot="2086">D0N37</slot>
            <slot slot="2087">D0N37</slot>
            <slot slot="2088">D0N37</slot>
            <slot slot="2089">D0N37</slot>
            <slot slot="2090">D0N36</slot>
            <slot slot="2091">D0N36</slot>
            <slot slot="2092">D0N36</slot>
            <slot slot="2093">D0N36</slot>
            <slot slot="2094">D0N36</slot>
            <slot slot="2095">D0N36</slot>
            <slot slot="2096">D0N36</slot>
            <slot slot="2097">D0N36</slot>
            <slot slot="2098">D0N36</slot>
            <slot slot="2099">D0N36</slot>
            <slot slot="2100">D0N40</slot>
            <slot slot="2101">D0N40</slot>
            <slot slot="2102">D0N40</slot>
            <slot slot="2103">D0N40</slot>
            <slot slot="2104">D0N40</slot>
            <slot slot="2105">D0N40</slot>
            <slot slot="2106">D0N40</slot>
            <slot slot="2107">D0N40</slot>
            <slot slot="2108">D0N40</slot>
            <slot slot="2109">D0N40</slot>
            <slot slot="2110">D0N40</slot>
            <slot slot="2111">D0N40</slot>
            <slot slot="2112">D0N40</slot>
            <slot slot="2113">D0N40</slot>
            <slot slot="2114">D0N40</slot>
            <slot slot="2115">D0N40</slot>
            <slot slot="2116">D0N40</slot>
            <slot slot="2117">D0N40</slot>
            <slot slot="2118">D0N40</slot>
            <slot slot="2119">D0N40</slot>
            <slot slot="2120">D0N40</slot>
            <slot slot="2121">D0N40</slot>
            <slot slot="2122">D0N40</slot>
            <slot slot="2123">D0N40</slot>
            <slot slot="2124">D0N40</slot>
            <slot slot="2125">D0N40</slot>
            <slot slot="2126">D0N40</slot>
            <slot slot="2127">D0N40</slot>
            <slot slot="2128">D0N40</slot>
            <slot slot="2129">D0N40</slot>
            <slot slot="2130">D0N40</slot>
            <slot slot="2131">D0N40</slot>
            <slot slot="2132">D0N40</slot>
            <slot slot="2133">D0N40</slot>
            <slot slot="2134">D0N40</slot>
            <slot slot="2135">D0N40</slot>
            <slot slot="2136">D0N40</slot>
            <slot slot="2137">D0N40</slot>
            <slot slot="2138">D0N40</slot>
            <slot slot="2139">D0N40</slot>
            <slot slot="2140">D0N40</slot>
            <slot slot="2141">D0N40</slot>
            <slot slot="2142">D0N40</slot>
            <slot slot="2143">D0N40</slot>
            <slot slot="2144">D0N40</slot>
            <slot slot="2145">D0N40</slot>
            <slot slot="2146">D0N40</slot>
            <slot slot="2147">D0N40</slot>
            <slot slot="2148">D0N40</slot>
            <slot slot="2149">D0N40</slot>
            <slot slot="2150">D0N40</slot>
            <slot slot="2151">D0N40</slot>
            <slot slot="2152">D0N40</slot>
            <slot slot="2153">D0N40</slot>
            <slot slot="2154">D0N40</slot>
            <slot slot="2155">D0N40</slot>
            <slot slot="2156">D0N40</slot>
            <slot slot="2157">D0N40</slot>
            <slot slot="2158">D0N40</slot>
            <slot slot="2159">D0N40</slot>
            <slot slot="2160">D0N40</slot>
            <slot slot="2161">D0N40</slot>
            <slot slot="2162">D0N40</slot>
            <slot slot="2163">D0N40</slot>
            <slot slot="2164">D0N40</slot>
            <slot slot="2165">D0N40</slot>
            <slot slot="2166">D0N40</slot>
            <slot slot="2167">D0N40</slot>
            <slot slot="2168">D0N40</slot>
            <slot slot="2169">D0N40</slot>
            <slot slot="2170">D0N40</slot>
            <slot slot="2171">D0N40</slot>
            <slot slot="2172">D0N40</slot>
            <slot slot="2173">D0N40</slot>
            <slot slot="2174">D0N40</slot>
            <slot slot="2175">D0N40</slot>
            <slot slot="2176">D0N40</slot>
            <slot slot="2177">D0N40</slot>
            <slot slot="2178">D0N40</slot>
            <slot slot="2179">D0N40</slot>
            <slot slot="2180">D0N40</slot>
            <slot slot="2181">D0N40</slot>
            <slot slot="2182">D0N40</slot>
            <slot slot="2183">D0N40</slot>
            <slot slot="2184">D0N40</slot>
            <slot slot="2185">D0N40</slot>
            <slot slot="2186">D0N40</slot>
            <slot slot="2187">D0N40</slot>
            <slot slot="2188">D0N40</slot>
            <slot slot="2189">D0N40</slot>
            <slot slot="2190">D0N40</slot>
            <slot slot="2191">D0N40</slot>
            <slot slot="2192">D0N40</slot>
            <slot slot="2193">D0N40</slot>
            <slot slot="2194">D0N40</slot>
            <slot slot="2195">D0N40</slot>
            <slot slot="2196">D0N40</slot>
            <slot slot="2197">D0N40</slot>
            <slot slot="2198">D0N40</slot>
            <slot slot="2199">D0N40</slot>
            <slot slot="2200">D0N40</slot>
            <slot slot="2201">D0N40</slot>
            <slot slot="2202">D0N40</slot>
            <slot slot="2203">D0N40</slot>
            <slot slot="2204">D0N40</slot>
            <slot slot="2205">D0N40</slot>
            <slot slot="2206">D0N40</slot>
            <slot slot="2207">D0N40</slot>
            <slot slot="2208">D0N40</slot>
            <slot slot="2209">D0N40</slot>
            <slot slot="2210">D0N40</slot>
            <slot slot="2211">D0N40</slot>
            <slot slot="2212">D0N40</slot>
            <slot slot="2213">D0N40</slot>
            <slot slot="2214">D0N40</slot>
            <slot slot="2215">D0N40</slot>
            <slot slot="2216">D0N40</slot>
            <slot slot="2217">D0N40</slot>
            <slot slot="2218">D0N40</slot>
            <slot slot="2219">D0N40</slot>
            <slot slot="2220">D0N40</slot>
            <slot slot="2221">D0N40</slot>
            <slot slot="2222">D0N40</slot>
            <slot slot="2223">D0N40</slot>
            <slot slot="2224">D0N40</slot>
            <slot slot="2225">D0N40</slot>
            <slot slot="2226">D0N40</slot>
            <slot slot="2227">D0N40</slot>
            <slot slot="2228">D0N40</slot>
            <slot slot="2229">D0N40</slot>
            <slot slot="2230">D0N42</slot>
            <slot slot="2231">D0N42</slot>
            <slot slot="2232">D0N42</slot>
            <slot slot="2233">D0N42</slot>
            <slot slot="2234">D0N42</slot>
            <slot slot="2235">D0N42</slot>
            <slot slot="2236">D0N42</slot>
            <slot slot="2237">D0N42</slot>
            <slot slot="2238">D0N42</slot>
            <slot slot="2239">D0N42</slot>
            <slot slot="2240">D0N42</slot>
            <slot slot="2241">D0N42</slot>
            <slot slot="2242">D0N42</slot>
            <slot slot="2243">D0N42</slot>
            <slot slot="2244">D0N42</slot>
            <slot slot="2245">D0N42</slot>
            <slot slot="2246">D0N42</slot>
            <slot slot="2247">D0N42</slot>
            <slot slot="2248">D0N42</slot>
            <slot slot="2249">D0N42</slot>
            <slot slot="2250">D0N42</slot>
            <slot slot="2251">D0N42</slot>
            <slot slot="2252">D0N42</slot>
            <slot slot="2253">D0N42</slot>
            <slot slot="2254">D0N42</slot>
            <slot slot="2255">D0N42</slot>
            <slot slot="2256">D0N42</slot>
            <slot slot="2257">D0N42</slot>
            <slot slot="2258">D0N42</slot>
            <slot slot="2259">D0N42</slot>
            <slot slot="2260">D0N42</slot>
            <slot slot="2261">D0N42</slot>
            <slot slot="2262">D0N42</slot>
            <slot slot="2263">D0N42</slot>
            <slot slot="2264">D0N42</slot>
            <slot slot="2265">D0N42</slot>
            <slot slot="2266">D0N42</slot>
            <slot slot="2267">D0N42</slot>
            <slot slot="2268">D0N42</slot>
            <slot slot="2269">D0N42</slot>
            <slot slot="2270">D0N42</slot>
            <slot slot="2271">D0N42</slot>
            <slot slot="2272">D0N42</slot>
            <slot slot="2273">D0N42</slot>
            <slot slot="2274">D0N42</slot>
            <slot slot="2275">D0N42</slot>
            <slot slot="2276">D0N42</slot>
            <slot slot="2277">D0N42</slot>
            <slot slot="2278">D0N42</slot>
            <slot slot="2279">D0N42</slot>
            <slot slot="2280">D0N42</slot>
            <slot slot="2281">D0N42</slot>
            <slot slot="2282">D0N42</slot>
            <slot slot="2283">D0N42</slot>
            <slot slot="2284">D0N42</slot>
            <slot slot="2285">D0N42</slot>
            <slot slot="2286">D0N42</slot>
            <slot slot="2287">D0N42</slot>
            <slot slot="2288">D0N42</slot>
            <slot slot="2289">D0N42</slot>
            <slot slot="2290">D0N42</slot>
            <slot slot="2291">D0N42</slot>
            <slot slot="2292">D0N42</slot>
            <slot slot="2293">D0N42</slot>
            <slot slot="2294">D0N42</slot>
            <slot slot="2295">D0N42</slot>
            <slot slot="2296">D0N42</slot>
            <slot slot="2297">D0N42</slot>
            <slot slot="2298">D0N42</slot>
            <slot slot="2299">D0N42</slot>
            <slot slot="2300">D0N42</slot>
            <slot slot="2301">D0N42</slot>
            <slot slot="2302">D0N42</slot>
            <slot slot="2303">D0N42</slot>
            <slot slot="2304">D0N42</slot>
            <slot slot="2305">D0N42</slot>
            <slot slot="2306">D0N42</slot>
            <slot slot="2307">D0N42</slot>
            <slot slot="2308">D0N42</slot>
            <slot slot="2309">D0N42</slot>
            <slot slot="2310">D0N42</slot>
            <slot slot="2311">D0N42</slot>
            <slot slot="2312">D0N42</slot>
            <slot slot="2313">D0N42</slot>
            <slot slot="2314">D0N42</slot>
            <slot slot="2315">D0N42</slot>
            <slot slot="2316">D0N42</slot>
            <slot slot="2317">D0N42</slot>
            <slot slot="2318">D0N42</slot>
            <slot slot="2319">D0N42</slot>
            <slot slot="2320">D0N42</slot>
            <slot slot="2321">D0N42</slot>
            <slot slot="2322">D0N42</slot>
            <slot slot="2323">D0N42</slot>
            <slot slot="2324">D0N42</slot>
            <slot slot="2325">D0N42</slot>
            <slot slot="2326">D0N42</slot>
            <slot slot="2327">D0N42</slot>
            <slot slot="2328">D0N42</slot>
            <slot slot="2329">D0N42</slot>
            <slot slot="2330">D0N42</slot>
            <slot slot="2331">D0N42</slot>
            <slot slot="2332">D0N42</slot>
            <slot slot="2333">D0N42</slot>
            <slot slot="2334">D0N42</slot>
            <slot slot="2335">D0N42</slot>
            <slot slot="2336">D0N42</slot>
            <slot slot="2337">D0N42</slot>
            <slot slot="2338">D0N42</slot>
            <slot slot="2339">D0N42</slot>
            <slot slot="2340">D0N42</slot>
            <slot slot="2341">D0N42</slot>
            <slot slot="2342">D0N42</slot>
            <slot slot="2343">D0N42</slot>
            <slot slot="2344">D0N42</slot>
            <slot slot="2345">D0N42</slot>
            <slot slot="2346">D0N42</slot>
            <slot slot="2347">D0N42</slot>
            <slot slot="2348">D0N42</slot>
            <slot slot="2349">D0N42</slot>
            <slot slot="2350">D0N42</slot>
            <slot slot="2351">D0N42</slot>
            <slot slot="2352">D0N42</slot>
            <slot slot="2353">D0N42</slot>
            <slot slot="2354">D0N42</slot>
            <slot slot="2355">D0N42</slot>
            <slot slot="2356">D0N42</slot>
            <slot slot="2357">D0N42</slot>
            <slot slot="2358">D0N42</slot>
            <slot slot="2359">D0N42</slot>
            <slot slot="2360">D0N42</slot>
            <slot slot="2361">D0N42</slot>
            <slot slot="2362">D0N42</slot>
            <slot slot="2363">D0N42</slot>
            <slot slot="2364">D0N42</slot>
            <slot slot="2365">D0N42</slot>
            <slot slot="2366">D0N42</slot>
            <slot slot="2367">D0N42</slot>
            <slot slot="2368">D0N42</slot>
            <slot slot="2369">D0N42</slot>
            <slot slot="2370">D0N31</slot>
            <slot slot="2371">D0N31</slot>
            <slot slot="2372">D0N31</slot>
            <slot slot="2373">D0N31</slot>
            <slot slot="2374">D0N31</slot>
            <slot slot="2375">D0N31</slot>
            <slot slot="2376">D0N31</slot>
            <slot slot="2377">D0N31</slot>
            <slot slot="2378">D0N31</slot>
            <slot slot="2379">D0N31</slot>
            <slot slot="2380">D0N31</slot>
            <slot slot="2381">D0N31</slot>
            <slot slot="2382">D0N31</slot>
            <slot slot="2383">D0N31</slot>
            <slot slot="2384">D0N31</slot>
            <slot slot="2385">D0N31</slot>
            <slot slot="2386">D0N31</slot>
            <slot slot="2387">D0N31</slot>
            <slot slot="2388">D0N31</slot>
            <slot slot="2389">D0N31</slot>
            <slot slot="2390">D0N34</slot>
            <slot slot="2391">D0N34</slot>
            <slot slot="2392">D0N34</slot>
            <slot slot="2393">D0N34</slot>
            <slot slot="2394">D0N34</slot>
            <slot slot="2395">D0N34</slot>
            <slot slot="2396">D0N34</slot>
            <slot slot="2397">D0N34</slot>
            <slot slot="2398">D0N34</slot>
            <slot slot="2399">D0N34</slot>
            <slot slot="2400">D0N34</slot>
            <slot slot="2401">D0N34</slot>
            <slot slot="2402">D0N34</slot>
            <slot slot="2403">D0N34</slot>
            <slot slot="2404">D0N34</slot>
            <slot slot="2405">D0N34</slot>
            <slot slot="2406">D0N34</slot>
            <slot slot="2407">D0N34</slot>
            <slot slot="2408">D0N34</slot>
            <slot slot="2409">D0N34</slot>
            <slot slot="2410">D0N34</slot>
            <slot slot="2411">D0N34</slot>
            <slot slot="2412">D0N34</slot>
            <slot slot="2413">D0N34</slot>
            <slot slot="2414">D0N34</slot>
            <slot slot="2415">D0N34</slot>
            <slot slot="2416">D0N34</slot>
            <slot slot="2417">D0N34</slot>
            <slot slot="2418">D0N34</slot>
            <slot slot="2419">D0N34</slot>
            <slot slot="2420">D0N46</slot>
            <slot slot="2421">D0N46</slot>
            <slot slot="2422">D0N46</slot>
            <slot slot="2423">D0N46</slot>
            <slot slot="2424">D0N46</slot>
            <slot slot="2425">D0N46</slot>
            <slot slot="2426">D0N46</slot>
            <slot slot="2427">D0N46</slot>
            <slot slot="2428">D0N46</slot>
            <slot slot="2429">D0N46</slot>
            <slot slot="2430">D0N46</slot>
            <slot slot="2431">D0N46</slot>
            <slot slot="2432">D0N46</slot>
            <slot slot="2433">D0N46</slot>
            <slot slot="2434">D0N46</slot>
            <slot slot="2435">D0N46</slot>
            <slot slot="2436">D0N46</slot>
            <slot slot="2437">D0N46</slot>
            <slot slot="2438">D0N46</slot>
            <slot slot="2439">D0N46</slot>
            <slot slot="2440">D0N46</slot>
            <slot slot="2441">D0N46</slot>
            <slot slot="2442">D0N46</slot>
            <slot slot="2443">D0N46</slot>
            <slot slot="2444">D0N46</slot>
            <slot slot="2445">D0N46</slot>
            <slot slot="2446">D0N46</slot>
            <slot slot="2447">D0N46</slot>
            <slot slot="2448">D0N46</slot>
            <slot slot="2449">D0N46</slot>
            <slot slot="2450">D0N46</slot>
            <slot slot="2451">D0N46</slot>
            <slot slot="2452">D0N46</slot>
            <slot slot="2453">D0N46</slot>
            <slot slot="2454">D0N46</slot>
            <slot slot="2455">D0N46</slot>
            <slot slot="2456">D0N46</slot>
            <slot slot="2457">D0N46</slot>
            <slot slot="2458">D0N46</slot>
            <slot slot="2459">D0N46</slot>
            <slot slot="2460">D0N48</slot>
            <slot slot="2461">D0N48</slot>
            <slot slot="2462">D0N48</slot>
            <slot slot="2463">D0N48</slot>
            <slot slot="2464">D0N48</slot>
            <slot slot="2465">D0N48</slot>
            <slot slot="2466">D0N48</slot>
            <slot slot="2467">D0N48</slot>
            <slot slot="2468">D0N48</slot>
            <slot slot="2469">D0N48</slot>
            <slot slot="2470">D0N48</slot>
            <slot slot="2471">D0N48</slot>
            <slot slot="2472">D0N48</slot>
            <slot slot="2473">D0N48</slot>
            <slot slot="2474">D0N48</slot>
            <slot slot="2475">D0N48</slot>
            <slot slot="2476">D0N48</slot>
            <slot slot="2477">D0N48</slot>
            <slot slot="2478">D0N48</slot>
            <slot slot="2479">D0N48</slot>
            <slot slot="2480">D0N48</slot>
            <slot slot="2481">D0N48</slot>
            <slot slot="2482">D0N48</slot>
            <slot slot="2483">D0N48</slot>
            <slot slot="2484">D0N48</slot>
            <slot slot="2485">D0N48</slot>
            <slot slot="2486">D0N48</slot>
            <slot slot="2487">D0N48</slot>
            <slot slot="2488">D0N48</slot>
            <slot slot="2489">D0N48</slot>
            <slot slot="2490">D0N48</slot>
            <slot slot="2491">D0N48</slot>
            <slot slot="2492">D0N48</slot>
            <slot slot="2493">D0N48</slot>
            <slot slot="2494">D0N48</slot>
            <slot slot="2495">D0N48</slot>
            <slot slot="2496">D0N48</slot>
            <slot slot="2497">D0N48</slot>
            <slot slot="2498">D0N48</slot>
            <slot slot="2499">D0N48</slot>
        </core>
        <core number="2">
            <slot slot="0">-</slot>
            <slot slot="1">-</slot>
            <slot slot="2">-</slot>
            <slot slot="3">-</slot>
            <slot slot="4">-</slot>
            <slot slot="5">-</slot>
            <slot slot="6">-</slot>
            <slot slot="7">-</slot>
            <slot slot="8">-</slot>
            <slot slot="9">-</slot>
            <slot slot="10">-</slot>
            <slot slot="11">-</slot>
            <slot slot="12">-</slot>
            <slot slot="13">-</slot>
            <slot slot="14">-</slot>
            <slot slot="15">-</slot>
            <slot slot="16">-</slot>
            <slot slot="17">-</slot>
            <slot slot="18">-</slot>
            <slot slot="19">-</slot>
            <slot slot="20">-</slot>
            <slot slot="21">-</slot>
            <slot slot="22">-</slot>
            <slot slot="23">-</slot>
            <slot slot="24">-</slot>
            <slot slot="25">-</slot>
            <slot slot="26">-</slot>
            <slot slot="27">-</slot>
            <slot slot="28">-</slot>
            <slot slot="29">-</slot>
            <slot slot="30">-</slot>
            <slot slot="31">-</slot>
            <slot slot="32">-</slot>
            <slot slot="33">-</slot>
            <slot slot="34">-</slot>
            <slot slot="35">-</slot>
            <slot slot="36">-</slot>
            <slot slot="37">-</slot>
            <slot slot="38">-</slot>
            <slot slot="39">-</slot>
            <slot slot="40">-</slot>
            <slot slot="41">-</slot>
            <slot slot="42">-</slot>
            <slot slot="43">-</slot>
            <slot slot="44">-</slot>
            <slot slot="45">-</slot>
            <slot slot="46">-</slot>
            <slot slot="47">-</slot>
            <slot slot="48">-</slot>
            <slot slot="49">-</slot>
            <slot slot="50">-</slot>
            <slot slot="51">-</slot>
            <slot slot="52">-</slot>
            <slot slot="53">-</slot>
            <slot slot="54">-</slot>
            <slot slot="55">-</slot>
            <slot slot="56">-</slot>
            <slot slot="57">-</slot>
            <slot slot="58">-</slot>
            <slot slot="59">-</slot>
            <slot slot="60">-</slot>
            <slot slot="61">-</slot>
            <slot slot="62">-</slot>
            <slot slot="63">-</slot>
            <slot slot="64">-</slot>
            <slot slot="65">-</slot>
            <slot slot="66">-</slot>
            <slot slot="67">-</slot>
            <slot slot="68">-</slot>
            <slot slot="69">-</slot>
            <slot slot="70">-</slot>
            <slot slot="71">-</slot>
            <slot slot="72">-</slot>
            <slot slot="73">-</slot>
            <slot slot="74">-</slot>
            <slot slot="75">-</slot>
            <slot slot="76">-</slot>
            <slot slot="77">-</slot>
            <slot slot="78">-</slot>
            <slot slot="79">-</slot>
            <slot slot="80">-</slot>
            <slot slot="81">-</slot>
            <slot slot="82">-</slot>
            <slot slot="83">-</slot>
            <slot slot="84">-</slot>
            <slot slot="85">-</slot>
            <slot slot="86">-</slot>
            <slot slot="87">-</slot>
            <slot slot="88">-</slot>
            <slot slot="89">-</slot>
            <slot slot="90">-</slot>
            <slot slot="91">-</slot>
            <slot slot="92">-</slot>
            <slot slot="93">-</slot>
            <slot slot="94">-</slot>
            <slot slot="95">-</slot>
            <slot slot="96">-</slot>
            <slot slot="97">-</slot>
            <slot slot="98">-</slot>
            <slot slot="99">-</slot>
            <slot slot="100">-</slot>
            <slot slot="101">-</slot>
            <slot slot="102">-</slot>
            <slot slot="103">-</slot>
            <slot slot="104">-</slot>
            <slot slot="105">-</slot>
            <slot slot="106">-</slot>
            <slot slot="107">-</slot>
            <slot slot="108">-</slot>
            <slot slot="109">-</slot>
            <slot slot="110">-</slot>
            <slot slot="111">-</slot>
            <slot slot="112">-</slot>
            <slot slot="113">-</slot>
            <slot slot="114">-</slot>
            <slot slot="115">-</slot>
            <slot slot="116">-</slot>
            <slot slot="117">-</slot>
            <slot slot="118">-</slot>
            <slot slot="119">-</slot>
            <slot slot="120">-</slot>
            <slot slot="121">-</slot>
            <slot slot="122">-</slot>
            <slot slot="123">-</slot>
            <slot slot="124">-</slot>
            <slot slot="125">-</slot>
            <slot slot="126">-</slot>
            <slot slot="127">-</slot>
            <slot slot="128">-</slot>
            <slot slot="129">-</slot>
            <slot slot="130">-</slot>
            <slot slot="131">-</slot>
            <slot slot="132">-</slot>
            <slot slot="133">-</slot>
            <slot slot="134">-</slot>
            <slot slot="135">-</slot>
            <slot slot="136">-</slot>
            <slot slot="137">-</slot>
            <slot slot="138">-</slot>
            <slot slot="139">-</slot>
            <slot slot="140">-</slot>
            <slot slot="141">-</slot>
            <slot slot="142">-</slot>
            <slot slot="143">-</slot>
            <slot slot="144">-</slot>
            <slot slot="145">-</slot>
            <slot slot="146">-</slot>
            <slot slot="147">-</slot>
            <slot slot="148">-</slot>
            <slot slot="149">-</slot>
            <slot slot="150">-</slot>
            <slot slot="151">-</slot>
            <slot slot="152">-</slot>
            <slot slot="153">-</slot>
            <slot slot="154">-</slot>
            <slot slot="155">-</slot>
            <slot slot="156">-</slot>
            <slot slot="157">-</slot>
            <slot slot="158">-</slot>
            <slot slot="159">-</slot>
            <slot slot="160">-</slot>
            <slot slot="161">-</slot>
            <slot slot="162">-</slot>
            <slot slot="163">-</slot>
            <slot slot="164">-</slot>
            <slot slot="165">-</slot>
            <slot slot="166">-</slot>
            <slot slot="167">-</slot>
            <slot slot="168">-</slot>
            <slot slot="169">-</slot>
            <slot slot="170">-</slot>
            <slot slot="171">-</slot>
            <slot slot="172">-</slot>
            <slot slot="173">-</slot>
            <slot slot="174">-</slot>
            <slot slot="175">-</slot>
            <slot slot="176">-</slot>
            <slot slot="177">-</slot>
            <slot slot="178">-</slot>
            <slot slot="179">-</slot>
            <slot slot="180">-</slot>
            <slot slot="181">-</slot>
            <slot slot="182">-</slot>
            <slot slot="183">-</slot>
            <slot slot="184">-</slot>
            <slot slot="185">-</slot>
            <slot slot="186">-</slot>
            <slot slot="187">-</slot>
            <slot slot="188">-</slot>
            <slot slot="189">-</slot>
            <slot slot="190">-</slot>
            <slot slot="191">-</slot>
            <slot slot="192">-</slot>
            <slot slot="193">-</slot>
            <slot slot="194">-</slot>
            <slot slot="195">-</slot>
            <slot slot="196">-</slot>
            <slot slot="197">-</slot>
            <slot slot="198">-</slot>
            <slot slot="199">-</slot>
            <slot slot="200">-</slot>
            <slot slot="201">-</slot>
            <slot slot="202">-</slot>
            <slot slot="203">-</slot>
            <slot slot="204">-</slot>
            <slot slot="205">-</slot>
            <slot slot="206">-</slot>
            <slot slot="207">-</slot>
            <slot slot="208">-</slot>
            <slot slot="209">-</slot>
            <slot slot="210">-</slot>
            <slot slot="211">-</slot>
            <slot slot="212">-</slot>
            <slot slot="213">-</slot>
            <slot slot="214">-</slot>
            <slot slot="215">-</slot>
            <slot slot="216">-</slot>
            <slot slot="217">-</slot>
            <slot slot="218">-</slot>
            <slot slot="219">-</slot>
            <slot slot="220">-</slot>
            <slot slot="221">-</slot>
            <slot slot="222">-</slot>
            <slot slot="223">-</slot>
            <slot slot="224">-</slot>
            <slot slot="225">-</slot>
            <slot slot="226">-</slot>
            <slot slot="227">-</slot>
            <slot slot="228">-</slot>
            <slot slot="229">-</slot>
            <slot slot="230">-</slot>
            <slot slot="231">-</slot>
            <slot slot="232">-</slot>
            <slot slot="233">-</slot>
            <slot slot="234">-</slot>
            <slot slot="235">-</slot>
            <slot slot="236">-</slot>
            <slot slot="237">-</slot>
            <slot slot="238">-</slot>
            <slot slot="239">-</slot>
            <slot slot="240">-</slot>
            <slot slot="241">-</slot>
            <slot slot="242">-</slot>
            <slot slot="243">-</slot>
            <slot slot="244">-</slot>
            <slot slot="245">-</slot>
            <slot slot="246">-</slot>
            <slot slot="247">-</slot>
            <slot slot="248">-</slot>
            <slot slot="249">-</slot>
            <slot slot="250">-</slot>
            <slot slot="251">-</slot>
            <slot slot="252">-</slot>
            <slot slot="253">-</slot>
            <slot slot="254">-</slot>
            <slot slot="255">-</slot>
            <slot slot="256">-</slot>
            <slot slot="257">-</slot>
            <slot slot="258">-</slot>
            <slot slot="259">-</slot>
            <slot slot="260">-</slot>
            <slot slot="261">-</slot>
            <slot slot="262">-</slot>
            <slot slot="263">-</slot>
            <slot slot="264">-</slot>
            <slot slot="265">-</slot>
            <slot slot="266">-</slot>
            <slot slot="267">-</slot>
            <slot slot="268">-</slot>
            <slot slot="269">-</slot>
            <slot slot="270">-</slot>
            <slot slot="271">-</slot>
            <slot slot="272">-</slot>
            <slot slot="273">-</slot>
            <slot slot="274">-</slot>
            <slot slot="275">-</slot>
            <slot slot="276">-</slot>
            <slot slot="277">-</slot>
            <slot slot="278">-</slot>
            <slot slot="279">-</slot>
            <slot slot="280">-</slot>
            <slot slot="281">-</slot>
            <slot slot="282">-</slot>
            <slot slot="283">-</slot>
            <slot slot="284">-</slot>
            <slot slot="285">-</slot>
            <slot slot="286">-</slot>
            <slot slot="287">-</slot>
            <slot slot="288">-</slot>
            <slot slot="289">-</slot>
            <slot slot="290">-</slot>
            <slot slot="291">-</slot>
            <slot slot="292">-</slot>
            <slot slot="293">-</slot>
            <slot slot="294">-</slot>
            <slot slot="295">-</slot>
            <slot slot="296">-</slot>
            <slot slot="297">-</slot>
            <slot slot="298">-</slot>
            <slot slot="299">-</slot>
            <slot slot="300">-</slot>
            <slot slot="301">-</slot>
            <slot slot="302">-</slot>
            <slot slot="303">-</slot>
            <slot slot="304">-</slot>
            <slot slot="305">-</slot>
            <slot slot="306">-</slot>
            <slot slot="307">-</slot>
            <slot slot="308">-</slot>
            <slot slot="309">-</slot>
            <slot slot="310">-</slot>
            <slot slot="311">-</slot>
            <slot slot="312">-</slot>
            <slot slot="313">-</slot>
            <slot slot="314">-</slot>
            <slot slot="315">-</slot>
            <slot slot="316">-</slot>
            <slot slot="317">-</slot>
            <slot slot="318">-</slot>
            <slot slot="319">-</slot>
            <slot slot="320">-</slot>
            <slot slot="321">-</slot>
            <slot slot="322">-</slot>
            <slot slot="323">-</slot>
            <slot slot="324">-</slot>
            <slot slot="325">-</slot>
            <slot slot="326">-</slot>
            <slot slot="327">-</slot>
            <slot slot="328">-</slot>
            <slot slot="329">-</slot>
            <slot slot="330">-</slot>
            <slot slot="331">-</slot>
            <slot slot="332">-</slot>
            <slot slot="333">-</slot>
            <slot slot="334">-</slot>
            <slot slot="335">-</slot>
            <slot slot="336">-</slot>
            <slot slot="337">-</slot>
            <slot slot="338">-</slot>
            <slot slot="339">-</slot>
            <slot slot="340">-</slot>
            <slot slot="341">-</slot>
            <slot slot="342">-</slot>
            <slot slot="343">-</slot>
            <slot slot="344">-</slot>
            <slot slot="345">-</slot>
            <slot slot="346">-</slot>
            <slot slot="347">-</slot>
            <slot slot="348">-</slot>
            <slot slot="349">-</slot>
            <slot slot="350">-</slot>
            <slot slot="351">-</slot>
            <slot slot="352">-</slot>
            <slot slot="353">-</slot>
            <slot slot="354">-</slot>
            <slot slot="355">-</slot>
            <slot slot="356">-</slot>
            <slot slot="357">-</slot>
            <slot slot="358">-</slot>
            <slot slot="359">-</slot>
            <slot slot="360">-</slot>
            <slot slot="361">-</slot>
            <slot slot="362">-</slot>
            <slot slot="363">-</slot>
            <slot slot="364">-</slot>
            <slot slot="365">-</slot>
            <slot slot="366">-</slot>
            <slot slot="367">-</slot>
            <slot slot="368">-</slot>
            <slot slot="369">-</slot>
            <slot slot="370">-</slot>
            <slot slot="371">-</slot>
            <slot slot="372">-</slot>
            <slot slot="373">-</slot>
            <slot slot="374">-</slot>
            <slot slot="375">-</slot>
            <slot slot="376">-</slot>
            <slot slot="377">-</slot>
            <slot slot="378">-</slot>
            <slot slot="379">-</slot>
            <slot slot="380">-</slot>
            <slot slot="381">-</slot>
            <slot slot="382">-</slot>
            <slot slot="383">-</slot>
            <slot slot="384">-</slot>
            <slot slot="385">-</slot>
            <slot slot="386">-</slot>
            <slot slot="387">-</slot>
            <slot slot="388">-</slot>
            <slot slot="389">-</slot>
            <slot slot="390">-</slot>
            <slot slot="391">-</slot>
            <slot slot="392">-</slot>
            <slot slot="393">-</slot>
            <slot slot="394">-</slot>
            <slot slot="395">-</slot>
            <slot slot="396">-</slot>
            <slot slot="397">-</slot>
            <slot slot="398">-</slot>
            <slot slot="399">-</slot>
            <slot slot="400">-</slot>
            <slot slot="401">-</slot>
            <slot slot="402">-</slot>
            <slot slot="403">-</slot>
            <slot slot="404">-</slot>
            <slot slot="405">-</slot>
            <slot slot="406">-</slot>
            <slot slot="407">-</slot>
            <slot slot="408">-</slot>
            <slot slot="409">-</slot>
            <slot slot="410">-</slot>
            <slot slot="411">-</slot>
            <slot slot="412">-</slot>
            <slot slot="413">-</slot>
            <slot slot="414">-</slot>
            <slot slot="415">-</slot>
            <slot slot="416">-</slot>
            <slot slot="417">-</slot>
            <slot slot="418">-</slot>
            <slot slot="419">-</slot>
            <slot slot="420">-</slot>
            <slot slot="421">-</slot>
            <slot slot="422">-</slot>
            <slot slot="423">-</slot>
            <slot slot="424">-</slot>
            <slot slot="425">-</slot>
            <slot slot="426">-</slot>
            <slot slot="427">-</slot>
            <slot slot="428">-</slot>
            <slot slot="429">-</slot>
            <slot slot="430">-</slot>
            <slot slot="431">-</slot>
            <slot slot="432">-</slot>
            <slot slot="433">-</slot>
            <slot slot="434">-</slot>
            <slot slot="435">-</slot>
            <slot slot="436">-</slot>
            <slot slot="437">-</slot>
            <slot slot="438">-</slot>
            <slot slot="439">-</slot>
            <slot slot="440">-</slot>
            <slot slot="441">-</slot>
            <slot slot="442">-</slot>
            <slot slot="443">-</slot>
            <slot slot="444">-</slot>
            <slot slot="445">-</slot>
            <slot slot="446">-</slot>
            <slot slot="447">-</slot>
            <slot slot="448">-</slot>
            <slot slot="449">-</slot>
            <slot slot="450">-</slot>
            <slot slot="451">-</slot>
            <slot slot="452">-</slot>
            <slot slot="453">-</slot>
            <slot slot="454">-</slot>
            <slot slot="455">-</slot>
            <slot slot="456">-</slot>
            <slot slot="457">-</slot>
            <slot slot="458">-</slot>
            <slot slot="459">-</slot>
            <slot slot="460">-</slot>
            <slot slot="461">-</slot>
            <slot slot="462">-</slot>
            <slot slot="463">-</slot>
            <slot slot="464">-</slot>
            <slot slot="465">-</slot>
            <slot slot="466">-</slot>
            <slot slot="467">-</slot>
            <slot slot="468">-</slot>
            <slot slot="469">-</slot>
            <slot slot="470">-</slot>
            <slot slot="471">-</slot>
            <slot slot="472">-</slot>
            <slot slot="473">-</slot>
            <slot slot="474">-</slot>
            <slot slot="475">-</slot>
            <slot slot="476">-</slot>
            <slot slot="477">-</slot>
            <slot slot="478">-</slot>
            <slot slot="479">-</slot>
            <slot slot="480">-</slot>
            <slot slot="481">-</slot>
            <slot slot="482">-</slot>
            <slot slot="483">-</slot>
            <slot slot="484">-</slot>
            <slot slot="485">-</slot>
            <slot slot="486">-</slot>
            <slot slot="487">-</slot>
            <slot slot="488">-</slot>
            <slot slot="489">-</slot>
            <slot slot="490">-</slot>
            <slot slot="491">-</slot>
            <slot slot="492">-</slot>
            <slot slot="493">-</slot>
            <slot slot="494">-</slot>
            <slot slot="495">-</slot>
            <slot slot="496">-</slot>
            <slot slot="497">-</slot>
            <slot slot="498">-</slot>
            <slot slot="499">-</slot>
            <slot slot="500">-</slot>
            <slot slot="501">-</slot>
            <slot slot="502">-</slot>
            <slot slot="503">-</slot>
            <slot slot="504">-</slot>
            <slot slot="505">-</slot>
            <slot slot="506">-</slot>
            <slot slot="507">-</slot>
            <slot slot="508">-</slot>
            <slot slot="509">-</slot>
            <slot slot="510">-</slot>
            <slot slot="511">-</slot>
            <slot slot="512">-</slot>
            <slot slot="513">-</slot>
            <slot slot="514">-</slot>
            <slot slot="515">-</slot>
            <slot slot="516">-</slot>
            <slot slot="517">-</slot>
            <slot slot="518">-</slot>
            <slot slot="519">-</slot>
            <slot slot="520">-</slot>
            <slot slot="521">-</slot>
            <slot slot="522">-</slot>
            <slot slot="523">-</slot>
            <slot slot="524">-</slot>
            <slot slot="525">-</slot>
            <slot slot="526">-</slot>
            <slot slot="527">-</slot>
            <slot slot="528">-</slot>
            <slot slot="529">-</slot>
            <slot slot="530">-</slot>
            <slot slot="531">-</slot>
            <slot slot="532">-</slot>
            <slot slot="533">-</slot>
            <slot slot="534">-</slot>
            <slot slot="535">-</slot>
            <slot slot="536">-</slot>
            <slot slot="537">-</slot>
            <slot slot="538">-</slot>
            <slot slot="539">-</slot>
            <slot slot="540">-</slot>
            <slot slot="541">-</slot>
            <slot slot="542">-</slot>
            <slot slot="543">-</slot>
            <slot slot="544">-</slot>
            <slot slot="545">-</slot>
            <slot slot="546">-</slot>
            <slot slot="547">-</slot>
            <slot slot="548">-</slot>
            <slot slot="549">-</slot>
            <slot slot="550">-</slot>
            <slot slot="551">-</slot>
            <slot slot="552">-</slot>
            <slot slot="553">-</slot>
            <slot slot="554">-</slot>
            <slot slot="555">-</slot>
            <slot slot="556">-</slot>
            <slot slot="557">-</slot>
            <slot slot="558">-</slot>
            <slot slot="559">-</slot>
            <slot slot="560">-</slot>
            <slot slot="561">-</slot>
            <slot slot="562">-</slot>
            <slot slot="563">-</slot>
            <slot slot="564">-</slot>
            <slot slot="565">-</slot>
            <slot slot="566">-</slot>
            <slot slot="567">-</slot>
            <slot slot="568">-</slot>
            <slot slot="569">-</slot>
            <slot slot="570">-</slot>
            <slot slot="571">-</slot>
            <slot slot="572">-</slot>
            <slot slot="573">-</slot>
            <slot slot="574">-</slot>
            <slot slot="575">-</slot>
            <slot slot="576">-</slot>
            <slot slot="577">-</slot>
            <slot slot="578">-</slot>
            <slot slot="579">-</slot>
            <slot slot="580">-</slot>
            <slot slot="581">-</slot>
            <slot slot="582">-</slot>
            <slot slot="583">-</slot>
            <slot slot="584">-</slot>
            <slot slot="585">-</slot>
            <slot slot="586">-</slot>
            <slot slot="587">-</slot>
            <slot slot="588">-</slot>
            <slot slot="589">-</slot>
            <slot slot="590">-</slot>
            <slot slot="591">-</slot>
            <slot slot="592">-</slot>
            <slot slot="593">-</slot>
            <slot slot="594">-</slot>
            <slot slot="595">-</slot>
            <slot slot="596">-</slot>
            <slot slot="597">-</slot>
            <slot slot="598">-</slot>
            <slot slot="599">-</slot>
            <slot slot="600">-</slot>
            <slot slot="601">-</slot>
            <slot slot="602">-</slot>
            <slot slot="603">-</slot>
            <slot slot="604">-</slot>
            <slot slot="605">-</slot>
            <slot slot="606">-</slot>
            <slot slot="607">-</slot>
            <slot slot="608">-</slot>
            <slot slot="609">-</slot>
            <slot slot="610">-</slot>
            <slot slot="611">-</slot>
            <slot slot="612">-</slot>
            <slot slot="613">-</slot>
            <slot slot="614">-</slot>
            <slot slot="615">-</slot>
            <slot slot="616">-</slot>
            <slot slot="617">-</slot>
            <slot slot="618">-</slot>
            <slot slot="619">-</slot>
            <slot slot="620">-</slot>
            <slot slot="621">-</slot>
            <slot slot="622">-</slot>
            <slot slot="623">-</slot>
            <slot slot="624">-</slot>
            <slot slot="625">-</slot>
            <slot slot="626">-</slot>
            <slot slot="627">-</slot>
            <slot slot="628">-</slot>
            <slot slot="629">-</slot>
            <slot slot="630">-</slot>
            <slot slot="631">-</slot>
            <slot slot="632">-</slot>
            <slot slot="633">-</slot>
            <slot slot="634">-</slot>
            <slot slot="635">-</slot>
            <slot slot="636">-</slot>
            <slot slot="637">-</slot>
            <slot slot="638">-</slot>
            <slot slot="639">-</slot>
            <slot slot="640">-</slot>
            <slot slot="641">-</slot>
            <slot slot="642">-</slot>
            <slot slot="643">-</slot>
            <slot slot="644">-</slot>
            <slot slot="645">-</slot>
            <slot slot="646">-</slot>
            <slot slot="647">-</slot>
            <slot slot="648">-</slot>
            <slot slot="649">-</slot>
            <slot slot="650">-</slot>
            <slot slot="651">-</slot>
            <slot slot="652">-</slot>
            <slot slot="653">-</slot>
            <slot slot="654">-</slot>
            <slot slot="655">-</slot>
            <slot slot="656">-</slot>
            <slot slot="657">-</slot>
            <slot slot="658">-</slot>
            <slot slot="659">-</slot>
            <slot slot="660">-</slot>
            <slot slot="661">-</slot>
            <slot slot="662">-</slot>
            <slot slot="663">-</slot>
            <slot slot="664">-</slot>
            <slot slot="665">-</slot>
            <slot slot="666">-</slot>
            <slot slot="667">-</slot>
            <slot slot="668">-</slot>
            <slot slot="669">-</slot>
            <slot slot="670">-</slot>
            <slot slot="671">-</slot>
            <slot slot="672">-</slot>
            <slot slot="673">-</slot>
            <slot slot="674">-</slot>
            <slot slot="675">-</slot>
            <slot slot="676">-</slot>
            <slot slot="677">-</slot>
            <slot slot="678">-</slot>
            <slot slot="679">-</slot>
            <slot slot="680">-</slot>
            <slot slot="681">-</slot>
            <slot slot="682">-</slot>
            <slot slot="683">-</slot>
            <slot slot="684">-</slot>
            <slot slot="685">-</slot>
            <slot slot="686">-</slot>
            <slot slot="687">-</slot>
            <slot slot="688">-</slot>
            <slot slot="689">-</slot>
            <slot slot="690">-</slot>
            <slot slot="691">-</slot>
            <slot slot="692">-</slot>
            <slot slot="693">-</slot>
            <slot slot="694">-</slot>
            <slot slot="695">-</slot>
            <slot slot="696">-</slot>
            <slot slot="697">-</slot>
            <slot slot="698">-</slot>
            <slot slot="699">-</slot>
            <slot slot="700">-</slot>
            <slot slot="701">-</slot>
            <slot slot="702">-</slot>
            <slot slot="703">-</slot>
            <slot slot="704">-</slot>
            <slot slot="705">-</slot>
            <slot slot="706">-</slot>
            <slot slot="707">-</slot>
            <slot slot="708">-</slot>
            <slot slot="709">-</slot>
            <slot slot="710">-</slot>
            <slot slot="711">-</slot>
            <slot slot="712">-</slot>
            <slot slot="713">-</slot>
            <slot slot="714">-</slot>
            <slot slot="715">-</slot>
            <slot slot="716">-</slot>
            <slot slot="717">-</slot>
            <slot slot="718">-</slot>
            <slot slot="719">-</slot>
            <slot slot="720">-</slot>
            <slot slot="721">-</slot>
            <slot slot="722">-</slot>
            <slot slot="723">-</slot>
            <slot slot="724">-</slot>
            <slot slot="725">-</slot>
            <slot slot="726">-</slot>
            <slot slot="727">-</slot>
            <slot slot="728">-</slot>
            <slot slot="729">-</slot>
            <slot slot="730">-</slot>
            <slot slot="731">-</slot>
            <slot slot="732">-</slot>
            <slot slot="733">-</slot>
            <slot slot="734">-</slot>
            <slot slot="735">-</slot>
            <slot slot="736">-</slot>
            <slot slot="737">-</slot>
            <slot slot="738">-</slot>
            <slot slot="739">-</slot>
            <slot slot="740">-</slot>
            <slot slot="741">-</slot>
            <slot slot="742">-</slot>
            <slot slot="743">-</slot>
            <slot slot="744">-</slot>
            <slot slot="745">-</slot>
            <slot slot="746">-</slot>
            <slot slot="747">-</slot>
            <slot slot="748">-</slot>
            <slot slot="749">-</slot>
            <slot slot="750">-</slot>
            <slot slot="751">-</slot>
            <slot slot="752">-</slot>
            <slot slot="753">-</slot>
            <slot slot="754">-</slot>
            <slot slot="755">-</slot>
            <slot slot="756">-</slot>
            <slot slot="757">-</slot>
            <slot slot="758">-</slot>
            <slot slot="759">-</slot>
            <slot slot="760">-</slot>
            <slot slot="761">-</slot>
            <slot slot="762">-</slot>
            <slot slot="763">-</slot>
            <slot slot="764">-</slot>
            <slot slot="765">-</slot>
            <slot slot="766">-</slot>
            <slot slot="767">-</slot>
            <slot slot="768">-</slot>
            <slot slot="769">-</slot>
            <slot slot="770">-</slot>
            <slot slot="771">-</slot>
            <slot slot="772">-</slot>
            <slot slot="773">-</slot>
            <slot slot="774">-</slot>
            <slot slot="775">-</slot>
            <slot slot="776">-</slot>
            <slot slot="777">-</slot>
            <slot slot="778">-</slot>
            <slot slot="779">-</slot>
            <slot slot="780">-</slot>
            <slot slot="781">-</slot>
            <slot slot="782">-</slot>
            <slot slot="783">-</slot>
            <slot slot="784">-</slot>
            <slot slot="785">-</slot>
            <slot slot="786">-</slot>
            <slot slot="787">-</slot>
            <slot slot="788">-</slot>
            <slot slot="789">-</slot>
            <slot slot="790">-</slot>
            <slot slot="791">-</slot>
            <slot slot="792">-</slot>
            <slot slot="793">-</slot>
            <slot slot="794">-</slot>
            <slot slot="795">-</slot>
            <slot slot="796">-</slot>
            <slot slot="797">-</slot>
            <slot slot="798">-</slot>
            <slot slot="799">-</slot>
            <slot slot="800">-</slot>
            <slot slot="801">-</slot>
            <slot slot="802">-</slot>
            <slot slot="803">-</slot>
            <slot slot="804">-</slot>
            <slot slot="805">-</slot>
            <slot slot="806">-</slot>
            <slot slot="807">-</slot>
            <slot slot="808">-</slot>
            <slot slot="809">-</slot>
            <slot slot="810">-</slot>
            <slot slot="811">-</slot>
            <slot slot="812">-</slot>
            <slot slot="813">-</slot>
            <slot slot="814">-</slot>
            <slot slot="815">-</slot>
            <slot slot="816">-</slot>
            <slot slot="817">-</slot>
            <slot slot="818">-</slot>
            <slot slot="819">-</slot>
            <slot slot="820">-</slot>
            <slot slot="821">-</slot>
            <slot slot="822">-</slot>
            <slot slot="823">-</slot>
            <slot slot="824">-</slot>
            <slot slot="825">-</slot>
            <slot slot="826">-</slot>
            <slot slot="827">-</slot>
            <slot slot="828">-</slot>
            <slot slot="829">-</slot>
            <slot slot="830">-</slot>
            <slot slot="831">-</slot>
            <slot slot="832">-</slot>
            <slot slot="833">-</slot>
            <slot slot="834">-</slot>
            <slot slot="835">-</slot>
            <slot slot="836">-</slot>
            <slot slot="837">-</slot>
            <slot slot="838">-</slot>
            <slot slot="839">-</slot>
            <slot slot="840">-</slot>
            <slot slot="841">-</slot>
            <slot slot="842">-</slot>
            <slot slot="843">-</slot>
            <slot slot="844">-</slot>
            <slot slot="845">-</slot>
            <slot slot="846">-</slot>
            <slot slot="847">-</slot>
            <slot slot="848">-</slot>
            <slot slot="849">-</slot>
            <slot slot="850">-</slot>
            <slot slot="851">-</slot>
            <slot slot="852">-</slot>
            <slot slot="853">-</slot>
            <slot slot="854">-</slot>
            <slot slot="855">-</slot>
            <slot slot="856">-</slot>
            <slot slot="857">-</slot>
            <slot slot="858">-</slot>
            <slot slot="859">-</slot>
            <slot slot="860">-</slot>
            <slot slot="861">-</slot>
            <slot slot="862">-</slot>
            <slot slot="863">-</slot>
            <slot slot="864">-</slot>
            <slot slot="865">-</slot>
            <slot slot="866">-</slot>
            <slot slot="867">-</slot>
            <slot slot="868">-</slot>
            <slot slot="869">-</slot>
            <slot slot="870">-</slot>
            <slot slot="871">-</slot>
            <slot slot="872">-</slot>
            <slot slot="873">-</slot>
            <slot slot="874">-</slot>
            <slot slot="875">-</slot>
            <slot slot="876">-</slot>
            <slot slot="877">-</slot>
            <slot slot="878">-</slot>
            <slot slot="879">-</slot>
            <slot slot="880">-</slot>
            <slot slot="881">-</slot>
            <slot slot="882">-</slot>
            <slot slot="883">-</slot>
            <slot slot="884">-</slot>
            <slot slot="885">-</slot>
            <slot slot="886">-</slot>
            <slot slot="887">-</slot>
            <slot slot="888">-</slot>
            <slot slot="889">-</slot>
            <slot slot="890">-</slot>
            <slot slot="891">-</slot>
            <slot slot="892">-</slot>
            <slot slot="893">-</slot>
            <slot slot="894">-</slot>
            <slot slot="895">-</slot>
            <slot slot="896">-</slot>
            <slot slot="897">-</slot>
            <slot slot="898">-</slot>
            <slot slot="899">-</slot>
            <slot slot="900">-</slot>
            <slot slot="901">-</slot>
            <slot slot="902">-</slot>
            <slot slot="903">-</slot>
            <slot slot="904">-</slot>
            <slot slot="905">-</slot>
            <slot slot="906">-</slot>
            <slot slot="907">-</slot>
            <slot slot="908">-</slot>
            <slot slot="909">-</slot>
            <slot slot="910">-</slot>
            <slot slot="911">-</slot>
            <slot slot="912">-</slot>
            <slot slot="913">-</slot>
            <slot slot="914">-</slot>
            <slot slot="915">-</slot>
            <slot slot="916">-</slot>
            <slot slot="917">-</slot>
            <slot slot="918">-</slot>
            <slot slot="919">-</slot>
            <slot slot="920">-</slot>
            <slot slot="921">-</slot>
            <slot slot="922">-</slot>
            <slot slot="923">-</slot>
            <slot slot="924">-</slot>
            <slot slot="925">-</slot>
            <slot slot="926">-</slot>
            <slot slot="927">-</slot>
            <slot slot="928">-</slot>
            <slot slot="929">-</slot>
            <slot slot="930">-</slot>
            <slot slot="931">-</slot>
            <slot slot="932">-</slot>
            <slot slot="933">-</slot>
            <slot slot="934">-</slot>
            <slot slot="935">-</slot>
            <slot slot="936">-</slot>
            <slot slot="937">-</slot>
            <slot slot="938">-</slot>
            <slot slot="939">-</slot>
            <slot slot="940">-</slot>
            <slot slot="941">-</slot>
            <slot slot="942">-</slot>
            <slot slot="943">-</slot>
            <slot slot="944">-</slot>
            <slot slot="945">-</slot>
            <slot slot="946">-</slot>
            <slot slot="947">-</slot>
            <slot slot="948">-</slot>
            <slot slot="949">-</slot>
            <slot slot="950">-</slot>
            <slot slot="951">-</slot>
            <slot slot="952">-</slot>
            <slot slot="953">-</slot>
            <slot slot="954">-</slot>
            <slot slot="955">-</slot>
            <slot slot="956">-</slot>
            <slot slot="957">-</slot>
            <slot slot="958">-</slot>
            <slot slot="959">-</slot>
            <slot slot="960">-</slot>
            <slot slot="961">-</slot>
            <slot slot="962">-</slot>
            <slot slot="963">-</slot>
            <slot slot="964">-</slot>
            <slot slot="965">-</slot>
            <slot slot="966">-</slot>
            <slot slot="967">-</slot>
            <slot slot="968">-</slot>
            <slot slot="969">-</slot>
            <slot slot="970">-</slot>
            <slot slot="971">-</slot>
            <slot slot="972">-</slot>
            <slot slot="973">-</slot>
            <slot slot="974">-</slot>
            <slot slot="975">-</slot>
            <slot slot="976">-</slot>
            <slot slot="977">-</slot>
            <slot slot="978">-</slot>
            <slot slot="979">-</slot>
            <slot slot="980">-</slot>
            <slot slot="981">-</slot>
            <slot slot="982">-</slot>
            <slot slot="983">-</slot>
            <slot slot="984">-</slot>
            <slot slot="985">-</slot>
            <slot slot="986">-</slot>
            <slot slot="987">-</slot>
            <slot slot="988">-</slot>
            <slot slot="989">-</slot>
            <slot slot="990">-</slot>
            <slot slot="991">-</slot>
            <slot slot="992">-</slot>
            <slot slot="993">-</slot>
            <slot slot="994">-</slot>
            <slot slot="995">-</slot>
            <slot slot="996">-</slot>
            <slot slot="997">-</slot>
            <slot slot="998">-</slot>
            <slot slot="999">-</slot>
            <slot slot="1000">-</slot>
            <slot slot="1001">-</slot>
            <slot slot="1002">-</slot>
            <slot slot="1003">-</slot>
            <slot slot="1004">-</slot>
            <slot slot="1005">-</slot>
            <slot slot="1006">-</slot>
            <slot slot="1007">-</slot>
            <slot slot="1008">-</slot>
            <slot slot="1009">-</slot>
            <slot slot="1010">-</slot>
            <slot slot="1011">-</slot>
            <slot slot="1012">-</slot>
            <slot slot="1013">-</slot>
            <slot slot="1014">-</slot>
            <slot slot="1015">-</slot>
            <slot slot="1016">-</slot>
            <slot slot="1017">-</slot>
            <slot slot="1018">-</slot>
            <slot slot="1019">-</slot>
            <slot slot="1020">-</slot>
            <slot slot="1021">-</slot>
            <slot slot="1022">-</slot>
            <slot slot="1023">-</slot>
            <slot slot="1024">-</slot>
            <slot slot="1025">-</slot>
            <slot slot="1026">-</slot>
            <slot slot="1027">-</slot>
            <slot slot="1028">-</slot>
            <slot slot="1029">-</slot>
            <slot slot="1030">-</slot>
            <slot slot="1031">-</slot>
            <slot slot="1032">-</slot>
            <slot slot="1033">-</slot>
            <slot slot="1034">-</slot>
            <slot slot="1035">-</slot>
            <slot slot="1036">-</slot>
            <slot slot="1037">-</slot>
            <slot slot="1038">-</slot>
            <slot slot="1039">-</slot>
            <slot slot="1040">-</slot>
            <slot slot="1041">-</slot>
            <slot slot="1042">-</slot>
            <slot slot="1043">-</slot>
            <slot slot="1044">-</slot>
            <slot slot="1045">-</slot>
            <slot slot="1046">-</slot>
            <slot slot="1047">-</slot>
            <slot slot="1048">-</slot>
            <slot slot="1049">-</slot>
            <slot slot="1050">-</slot>
            <slot slot="1051">-</slot>
            <slot slot="1052">-</slot>
            <slot slot="1053">-</slot>
            <slot slot="1054">-</slot>
            <slot slot="1055">-</slot>
            <slot slot="1056">-</slot>
            <slot slot="1057">-</slot>
            <slot slot="1058">-</slot>
            <slot slot="1059">-</slot>
            <slot slot="1060">-</slot>
            <slot slot="1061">-</slot>
            <slot slot="1062">-</slot>
            <slot slot="1063">-</slot>
            <slot slot="1064">-</slot>
            <slot slot="1065">-</slot>
            <slot slot="1066">-</slot>
            <slot slot="1067">-</slot>
            <slot slot="1068">-</slot>
            <slot slot="1069">-</slot>
            <slot slot="1070">-</slot>
            <slot slot="1071">-</slot>
            <slot slot="1072">-</slot>
            <slot slot="1073">-</slot>
            <slot slot="1074">-</slot>
            <slot slot="1075">-</slot>
            <slot slot="1076">-</slot>
            <slot slot="1077">-</slot>
            <slot slot="1078">-</slot>
            <slot slot="1079">-</slot>
            <slot slot="1080">-</slot>
            <slot slot="1081">-</slot>
            <slot slot="1082">-</slot>
            <slot slot="1083">-</slot>
            <slot slot="1084">-</slot>
            <slot slot="1085">-</slot>
            <slot slot="1086">-</slot>
            <slot slot="1087">-</slot>
            <slot slot="1088">-</slot>
            <slot slot="1089">-</slot>
            <slot slot="1090">-</slot>
            <slot slot="1091">-</slot>
            <slot slot="1092">-</slot>
            <slot slot="1093">-</slot>
            <slot slot="1094">-</slot>
            <slot slot="1095">-</slot>
            <slot slot="1096">-</slot>
            <slot slot="1097">-</slot>
            <slot slot="1098">-</slot>
            <slot slot="1099">-</slot>
            <slot slot="1100">-</slot>
            <slot slot="1101">-</slot>
            <slot slot="1102">-</slot>
            <slot slot="1103">-</slot>
            <slot slot="1104">-</slot>
            <slot slot="1105">-</slot>
            <slot slot="1106">-</slot>
            <slot slot="1107">-</slot>
            <slot slot="1108">-</slot>
            <slot slot="1109">-</slot>
            <slot slot="1110">-</slot>
            <slot slot="1111">-</slot>
            <slot slot="1112">-</slot>
            <slot slot="1113">-</slot>
            <slot slot="1114">-</slot>
            <slot slot="1115">-</slot>
            <slot slot="1116">-</slot>
            <slot slot="1117">-</slot>
            <slot slot="1118">-</slot>
            <slot slot="1119">-</slot>
            <slot slot="1120">-</slot>
            <slot slot="1121">-</slot>
            <slot slot="1122">-</slot>
            <slot slot="1123">-</slot>
            <slot slot="1124">-</slot>
            <slot slot="1125">-</slot>
            <slot slot="1126">-</slot>
            <slot slot="1127">-</slot>
            <slot slot="1128">-</slot>
            <slot slot="1129">-</slot>
            <slot slot="1130">-</slot>
            <slot slot="1131">-</slot>
            <slot slot="1132">-</slot>
            <slot slot="1133">-</slot>
            <slot slot="1134">-</slot>
            <slot slot="1135">-</slot>
            <slot slot="1136">-</slot>
            <slot slot="1137">-</slot>
            <slot slot="1138">-</slot>
            <slot slot="1139">-</slot>
            <slot slot="1140">-</slot>
            <slot slot="1141">-</slot>
            <slot slot="1142">-</slot>
            <slot slot="1143">-</slot>
            <slot slot="1144">-</slot>
            <slot slot="1145">-</slot>
            <slot slot="1146">-</slot>
            <slot slot="1147">-</slot>
            <slot slot="1148">-</slot>
            <slot slot="1149">-</slot>
            <slot slot="1150">D0N4</slot>
            <slot slot="1151">D0N4</slot>
            <slot slot="1152">D0N4</slot>
            <slot slot="1153">D0N4</slot>
            <slot slot="1154">D0N4</slot>
            <slot slot="1155">D0N4</slot>
            <slot slot="1156">D0N4</slot>
            <slot slot="1157">D0N4</slot>
            <slot slot="1158">D0N4</slot>
            <slot slot="1159">D0N4</slot>
            <slot slot="1160">D0N4</slot>
            <slot slot="1161">D0N4</slot>
            <slot slot="1162">D0N4</slot>
            <slot slot="1163">D0N4</slot>
            <slot slot="1164">D0N4</slot>
            <slot slot="1165">D0N4</slot>
            <slot slot="1166">D0N4</slot>
            <slot slot="1167">D0N4</slot>
            <slot slot="1168">D0N4</slot>
            <slot slot="1169">D0N4</slot>
            <slot slot="1170">D0N4</slot>
            <slot slot="1171">D0N4</slot>
            <slot slot="1172">D0N4</slot>
            <slot slot="1173">D0N4</slot>
            <slot slot="1174">D0N4</slot>
            <slot slot="1175">D0N4</slot>
            <slot slot="1176">D0N4</slot>
            <slot slot="1177">D0N4</slot>
            <slot slot="1178">D0N4</slot>
            <slot slot="1179">D0N4</slot>
            <slot slot="1180">D0N4</slot>
            <slot slot="1181">D0N4</slot>
            <slot slot="1182">D0N4</slot>
            <slot slot="1183">D0N4</slot>
            <slot slot="1184">D0N4</slot>
            <slot slot="1185">D0N4</slot>
            <slot slot="1186">D0N4</slot>
            <slot slot="1187">D0N4</slot>
            <slot slot="1188">D0N4</slot>
            <slot slot="1189">D0N4</slot>
            <slot slot="1190">D0N4</slot>
            <slot slot="1191">D0N4</slot>
            <slot slot="1192">D0N4</slot>
            <slot slot="1193">D0N4</slot>
            <slot slot="1194">D0N4</slot>
            <slot slot="1195">D0N4</slot>
            <slot slot="1196">D0N4</slot>
            <slot slot="1197">D0N4</slot>
            <slot slot="1198">D0N4</slot>
            <slot slot="1199">D0N4</slot>
            <slot slot="1200">D0N4</slot>
            <slot slot="1201">D0N4</slot>
            <slot slot="1202">D0N4</slot>
            <slot slot="1203">D0N4</slot>
            <slot slot="1204">D0N4</slot>
            <slot slot="1205">D0N4</slot>
            <slot slot="1206">D0N4</slot>
            <slot slot="1207">D0N4</slot>
            <slot slot="1208">D0N4</slot>
            <slot slot="1209">D0N4</slot>
            <slot slot="1210">D0N4</slot>
            <slot slot="1211">D0N4</slot>
            <slot slot="1212">D0N4</slot>
            <slot slot="1213">D0N4</slot>
            <slot slot="1214">D0N4</slot>
            <slot slot="1215">D0N4</slot>
            <slot slot="1216">D0N4</slot>
            <slot slot="1217">D0N4</slot>
            <slot slot="1218">D0N4</slot>
            <slot slot="1219">D0N4</slot>
            <slot slot="1220">D0N4</slot>
            <slot slot="1221">D0N4</slot>
            <slot slot="1222">D0N4</slot>
            <slot slot="1223">D0N4</slot>
            <slot slot="1224">D0N4</slot>
            <slot slot="1225">D0N4</slot>
            <slot slot="1226">D0N4</slot>
            <slot slot="1227">D0N4</slot>
            <slot slot="1228">D0N4</slot>
            <slot slot="1229">D0N4</slot>
            <slot slot="1230">D0N4</slot>
            <slot slot="1231">D0N4</slot>
            <slot slot="1232">D0N4</slot>
            <slot slot="1233">D0N4</slot>
            <slot slot="1234">D0N4</slot>
            <slot slot="1235">D0N4</slot>
            <slot slot="1236">D0N4</slot>
            <slot slot="1237">D0N4</slot>
            <slot slot="1238">D0N4</slot>
            <slot slot="1239">D0N4</slot>
            <slot slot="1240">D0N0</slot>
            <slot slot="1241">D0N0</slot>
            <slot slot="1242">D0N0</slot>
            <slot slot="1243">D0N0</slot>
            <slot slot="1244">D0N0</slot>
            <slot slot="1245">D0N0</slot>
            <slot slot="1246">D0N0</slot>
            <slot slot="1247">D0N0</slot>
            <slot slot="1248">D0N0</slot>
            <slot slot="1249">D0N0</slot>
            <slot slot="1250">D0N0</slot>
            <slot slot="1251">D0N0</slot>
            <slot slot="1252">D0N0</slot>
            <slot slot="1253">D0N0</slot>
            <slot slot="1254">D0N0</slot>
            <slot slot="1255">D0N0</slot>
            <slot slot="1256">D0N0</slot>
            <slot slot="1257">D0N0</slot>
            <slot slot="1258">D0N0</slot>
            <slot slot="1259">D0N0</slot>
            <slot slot="1260">D0N0</slot>
            <slot slot="1261">D0N0</slot>
            <slot slot="1262">D0N0</slot>
            <slot slot="1263">D0N0</slot>
            <slot slot="1264">D0N0</slot>
            <slot slot="1265">D0N0</slot>
            <slot slot="1266">D0N0</slot>
            <slot slot="1267">D0N0</slot>
            <slot slot="1268">D0N0</slot>
            <slot slot="1269">D0N0</slot>
            <slot slot="1270">D0N0</slot>
            <slot slot="1271">D0N0</slot>
            <slot slot="1272">D0N0</slot>
            <slot slot="1273">D0N0</slot>
            <slot slot="1274">D0N0</slot>
            <slot slot="1275">D0N0</slot>
            <slot slot="1276">D0N0</slot>
            <slot slot="1277">D0N0</slot>
            <slot slot="1278">D0N0</slot>
            <slot slot="1279">D0N0</slot>
            <slot slot="1280">D0N0</slot>
            <slot slot="1281">D0N0</slot>
            <slot slot="1282">D0N0</slot>
            <slot slot="1283">D0N0</slot>
            <slot slot="1284">D0N0</slot>
            <slot slot="1285">D0N0</slot>
            <slot slot="1286">D0N0</slot>
            <slot slot="1287">D0N0</slot>
            <slot slot="1288">D0N0</slot>
            <slot slot="1289">D0N0</slot>
            <slot slot="1290">D0N0</slot>
            <slot slot="1291">D0N0</slot>
            <slot slot="1292">D0N0</slot>
            <slot slot="1293">D0N0</slot>
            <slot slot="1294">D0N0</slot>
            <slot slot="1295">D0N0</slot>
            <slot slot="1296">D0N0</slot>
            <slot slot="1297">D0N0</slot>
            <slot slot="1298">D0N0</slot>
            <slot slot="1299">D0N0</slot>
            <slot slot="1300">D0N0</slot>
            <slot slot="1301">D0N0</slot>
            <slot slot="1302">D0N0</slot>
            <slot slot="1303">D0N0</slot>
            <slot slot="1304">D0N0</slot>
            <slot slot="1305">D0N0</slot>
            <slot slot="1306">D0N0</slot>
            <slot slot="1307">D0N0</slot>
            <slot slot="1308">D0N0</slot>
            <slot slot="1309">D0N0</slot>
            <slot slot="1310">D0N0</slot>
            <slot slot="1311">D0N0</slot>
            <slot slot="1312">D0N0</slot>
            <slot slot="1313">D0N0</slot>
            <slot slot="1314">D0N0</slot>
            <slot slot="1315">D0N0</slot>
            <slot slot="1316">D0N0</slot>
            <slot slot="1317">D0N0</slot>
            <slot slot="1318">D0N0</slot>
            <slot slot="1319">D0N0</slot>
            <slot slot="1320">D0N0</slot>
            <slot slot="1321">D0N0</slot>
            <slot slot="1322">D0N0</slot>
            <slot slot="1323">D0N0</slot>
            <slot slot="1324">D0N0</slot>
            <slot slot="1325">D0N0</slot>
            <slot slot="1326">D0N0</slot>
            <slot slot="1327">D0N0</slot>
            <slot slot="1328">D0N0</slot>
            <slot slot="1329">D0N0</slot>
            <slot slot="1330">D0N0</slot>
            <slot slot="1331">D0N0</slot>
            <slot slot="1332">D0N0</slot>
            <slot slot="1333">D0N0</slot>
            <slot slot="1334">D0N0</slot>
            <slot slot="1335">D0N0</slot>
            <slot slot="1336">D0N0</slot>
            <slot slot="1337">D0N0</slot>
            <slot slot="1338">D0N0</slot>
            <slot slot="1339">D0N0</slot>
            <slot slot="1340">D0N0</slot>
            <slot slot="1341">D0N0</slot>
            <slot slot="1342">D0N0</slot>
            <slot slot="1343">D0N0</slot>
            <slot slot="1344">D0N0</slot>
            <slot slot="1345">D0N0</slot>
            <slot slot="1346">D0N0</slot>
            <slot slot="1347">D0N0</slot>
            <slot slot="1348">D0N0</slot>
            <slot slot="1349">D0N0</slot>
            <slot slot="1350">D0N0</slot>
            <slot slot="1351">D0N0</slot>
            <slot slot="1352">D0N0</slot>
            <slot slot="1353">D0N0</slot>
            <slot slot="1354">D0N0</slot>
            <slot slot="1355">D0N0</slot>
            <slot slot="1356">D0N0</slot>
            <slot slot="1357">D0N0</slot>
            <slot slot="1358">D0N0</slot>
            <slot slot="1359">D0N0</slot>
            <slot slot="1360">D0N0</slot>
            <slot slot="1361">D0N0</slot>
            <slot slot="1362">D0N0</slot>
            <slot slot="1363">D0N0</slot>
            <slot slot="1364">D0N0</slot>
            <slot slot="1365">D0N0</slot>
            <slot slot="1366">D0N0</slot>
            <slot slot="1367">D0N0</slot>
            <slot slot="1368">D0N0</slot>
            <slot slot="1369">D0N0</slot>
            <slot slot="1370">D0N16</slot>
            <slot slot="1371">D0N16</slot>
            <slot slot="1372">D0N16</slot>
            <slot slot="1373">D0N16</slot>
            <slot slot="1374">D0N16</slot>
            <slot slot="1375">D0N16</slot>
            <slot slot="1376">D0N16</slot>
            <slot slot="1377">D0N16</slot>
            <slot slot="1378">D0N16</slot>
            <slot slot="1379">D0N16</slot>
            <slot slot="1380">D0N16</slot>
            <slot slot="1381">D0N16</slot>
            <slot slot="1382">D0N16</slot>
            <slot slot="1383">D0N16</slot>
            <slot slot="1384">D0N16</slot>
            <slot slot="1385">D0N16</slot>
            <slot slot="1386">D0N16</slot>
            <slot slot="1387">D0N16</slot>
            <slot slot="1388">D0N16</slot>
            <slot slot="1389">D0N16</slot>
            <slot slot="1390">D0N16</slot>
            <slot slot="1391">D0N16</slot>
            <slot slot="1392">D0N16</slot>
            <slot slot="1393">D0N16</slot>
            <slot slot="1394">D0N16</slot>
            <slot slot="1395">D0N16</slot>
            <slot slot="1396">D0N16</slot>
            <slot slot="1397">D0N16</slot>
            <slot slot="1398">D0N16</slot>
            <slot slot="1399">D0N16</slot>
            <slot slot="1400">D0N6</slot>
            <slot slot="1401">D0N6</slot>
            <slot slot="1402">D0N6</slot>
            <slot slot="1403">D0N6</slot>
            <slot slot="1404">D0N6</slot>
            <slot slot="1405">D0N6</slot>
            <slot slot="1406">D0N6</slot>
            <slot slot="1407">D0N6</slot>
            <slot slot="1408">D0N6</slot>
            <slot slot="1409">D0N6</slot>
            <slot slot="1410">D0N6</slot>
            <slot slot="1411">D0N6</slot>
            <slot slot="1412">D0N6</slot>
            <slot slot="1413">D0N6</slot>
            <slot slot="1414">D0N6</slot>
            <slot slot="1415">D0N6</slot>
            <slot slot="1416">D0N6</slot>
            <slot slot="1417">D0N6</slot>
            <slot slot="1418">D0N6</slot>
            <slot slot="1419">D0N6</slot>
            <slot slot="1420">D0N10</slot>
            <slot slot="1421">D0N10</slot>
            <slot slot="1422">D0N10</slot>
            <slot slot="1423">D0N10</slot>
            <slot slot="1424">D0N10</slot>
            <slot slot="1425">D0N10</slot>
            <slot slot="1426">D0N10</slot>
            <slot slot="1427">D0N10</slot>
            <slot slot="1428">D0N10</slot>
            <slot slot="1429">D0N10</slot>
            <slot slot="1430">D0N12</slot>
            <slot slot="1431">D0N12</slot>
            <slot slot="1432">D0N12</slot>
            <slot slot="1433">D0N12</slot>
            <slot slot="1434">D0N12</slot>
            <slot slot="1435">D0N12</slot>
            <slot slot="1436">D0N12</slot>
            <slot slot="1437">D0N12</slot>
            <slot slot="1438">D0N12</slot>
            <slot slot="1439">D0N12</slot>
            <slot slot="1440">D0N12</slot>
            <slot slot="1441">D0N12</slot>
            <slot slot="1442">D0N12</slot>
            <slot slot="1443">D0N12</slot>
            <slot slot="1444">D0N12</slot>
            <slot slot="1445">D0N12</slot>
            <slot slot="1446">D0N12</slot>
            <slot slot="1447">D0N12</slot>
            <slot slot="1448">D0N12</slot>
            <slot slot="1449">D0N12</slot>
            <slot slot="1450">D0N12</slot>
            <slot slot="1451">D0N12</slot>
            <slot slot="1452">D0N12</slot>
            <slot slot="1453">D0N12</slot>
            <slot slot="1454">D0N12</slot>
            <slot slot="1455">D0N12</slot>
            <slot slot="1456">D0N12</slot>
            <slot slot="1457">D0N12</slot>
            <slot slot="1458">D0N12</slot>
            <slot slot="1459">D0N12</slot>
            <slot slot="1460">D0N12</slot>
            <slot slot="1461">D0N12</slot>
            <slot slot="1462">D0N12</slot>
            <slot slot="1463">D0N12</slot>
            <slot slot="1464">D0N12</slot>
            <slot slot="1465">D0N12</slot>
            <slot slot="1466">D0N12</slot>
            <slot slot="1467">D0N12</slot>
            <slot slot="1468">D0N12</slot>
            <slot slot="1469">D0N12</slot>
            <slot slot="1470">D0N12</slot>
            <slot slot="1471">D0N12</slot>
            <slot slot="1472">D0N12</slot>
            <slot slot="1473">D0N12</slot>
            <slot slot="1474">D0N12</slot>
            <slot slot="1475">D0N12</slot>
            <slot slot="1476">D0N12</slot>
            <slot slot="1477">D0N12</slot>
            <slot slot="1478">D0N12</slot>
            <slot slot="1479">D0N12</slot>
            <slot slot="1480">D0N13</slot>
            <slot slot="1481">D0N13</slot>
            <slot slot="1482">D0N13</slot>
            <slot slot="1483">D0N13</slot>
            <slot slot="1484">D0N13</slot>
            <slot slot="1485">D0N13</slot>
            <slot slot="1486">D0N13</slot>
            <slot slot="1487">D0N13</slot>
            <slot slot="1488">D0N13</slot>
            <slot slot="1489">D0N13</slot>
            <slot slot="1490">D0N13</slot>
            <slot slot="1491">D0N13</slot>
            <slot slot="1492">D0N13</slot>
            <slot slot="1493">D0N13</slot>
            <slot slot="1494">D0N13</slot>
            <slot slot="1495">D0N13</slot>
            <slot slot="1496">D0N13</slot>
            <slot slot="1497">D0N13</slot>
            <slot slot="1498">D0N13</slot>
            <slot slot="1499">D0N13</slot>
            <slot slot="1500">D0N30</slot>
            <slot slot="1501">D0N30</slot>
            <slot slot="1502">D0N30</slot>
            <slot slot="1503">D0N30</slot>
            <slot slot="1504">D0N30</slot>
            <slot slot="1505">D0N30</slot>
            <slot slot="1506">D0N30</slot>
            <slot slot="1507">D0N30</slot>
            <slot slot="1508">D0N30</slot>
            <slot slot="1509">D0N30</slot>
            <slot slot="1510">D0N30</slot>
            <slot slot="1511">D0N30</slot>
            <slot slot="1512">D0N30</slot>
            <slot slot="1513">D0N30</slot>
            <slot slot="1514">D0N30</slot>
            <slot slot="1515">D0N30</slot>
            <slot slot="1516">D0N30</slot>
            <slot slot="1517">D0N30</slot>
            <slot slot="1518">D0N30</slot>
            <slot slot="1519">D0N30</slot>
            <slot slot="1520">D0N30</slot>
            <slot slot="1521">D0N30</slot>
            <slot slot="1522">D0N30</slot>
            <slot slot="1523">D0N30</slot>
            <slot slot="1524">D0N30</slot>
            <slot slot="1525">D0N30</slot>
            <slot slot="1526">D0N30</slot>
            <slot slot="1527">D0N30</slot>
            <slot slot="1528">D0N30</slot>
            <slot slot="1529">D0N30</slot>
            <slot slot="1530">D0N30</slot>
            <slot slot="1531">D0N30</slot>
            <slot slot="1532">D0N30</slot>
            <slot slot="1533">D0N30</slot>
            <slot slot="1534">D0N30</slot>
            <slot slot="1535">D0N30</slot>
            <slot slot="1536">D0N30</slot>
            <slot slot="1537">D0N30</slot>
            <slot slot="1538">D0N30</slot>
            <slot slot="1539">D0N30</slot>
            <slot slot="1540">D0N30</slot>
            <slot slot="1541">D0N30</slot>
            <slot slot="1542">D0N30</slot>
            <slot slot="1543">D0N30</slot>
            <slot slot="1544">D0N30</slot>
            <slot slot="1545">D0N30</slot>
            <slot slot="1546">D0N30</slot>
            <slot slot="1547">D0N30</slot>
            <slot slot="1548">D0N30</slot>
            <slot slot="1549">D0N30</slot>
            <slot slot="1550">D0N30</slot>
            <slot slot="1551">D0N30</slot>
            <slot slot="1552">D0N30</slot>
            <slot slot="1553">D0N30</slot>
            <slot slot="1554">D0N30</slot>
            <slot slot="1555">D0N30</slot>
            <slot slot="1556">D0N30</slot>
            <slot slot="1557">D0N30</slot>
            <slot slot="1558">D0N30</slot>
            <slot slot="1559">D0N30</slot>
            <slot slot="1560">D0N30</slot>
            <slot slot="1561">D0N30</slot>
            <slot slot="1562">D0N30</slot>
            <slot slot="1563">D0N30</slot>
            <slot slot="1564">D0N30</slot>
            <slot slot="1565">D0N30</slot>
            <slot slot="1566">D0N30</slot>
            <slot slot="1567">D0N30</slot>
            <slot slot="1568">D0N30</slot>
            <slot slot="1569">D0N30</slot>
            <slot slot="1570">D0N30</slot>
            <slot slot="1571">D0N30</slot>
            <slot slot="1572">D0N30</slot>
            <slot slot="1573">D0N30</slot>
            <slot slot="1574">D0N30</slot>
            <slot slot="1575">D0N30</slot>
            <slot slot="1576">D0N30</slot>
            <slot slot="1577">D0N30</slot>
            <slot slot="1578">D0N30</slot>
            <slot slot="1579">D0N30</slot>
            <slot slot="1580">D0N30</slot>
            <slot slot="1581">D0N30</slot>
            <slot slot="1582">D0N30</slot>
            <slot slot="1583">D0N30</slot>
            <slot slot="1584">D0N30</slot>
            <slot slot="1585">D0N30</slot>
            <slot slot="1586">D0N30</slot>
            <slot slot="1587">D0N30</slot>
            <slot slot="1588">D0N30</slot>
            <slot slot="1589">D0N30</slot>
            <slot slot="1590">D0N30</slot>
            <slot slot="1591">D0N30</slot>
            <slot slot="1592">D0N30</slot>
            <slot slot="1593">D0N30</slot>
            <slot slot="1594">D0N30</slot>
            <slot slot="1595">D0N30</slot>
            <slot slot="1596">D0N30</slot>
            <slot slot="1597">D0N30</slot>
            <slot slot="1598">D0N30</slot>
            <slot slot="1599">D0N30</slot>
            <slot slot="1600">D0N30</slot>
            <slot slot="1601">D0N30</slot>
            <slot slot="1602">D0N30</slot>
            <slot slot="1603">D0N30</slot>
            <slot slot="1604">D0N30</slot>
            <slot slot="1605">D0N30</slot>
            <slot slot="1606">D0N30</slot>
            <slot slot="1607">D0N30</slot>
            <slot slot="1608">D0N30</slot>
            <slot slot="1609">D0N30</slot>
            <slot slot="1610">D0N30</slot>
            <slot slot="1611">D0N30</slot>
            <slot slot="1612">D0N30</slot>
            <slot slot="1613">D0N30</slot>
            <slot slot="1614">D0N30</slot>
            <slot slot="1615">D0N30</slot>
            <slot slot="1616">D0N30</slot>
            <slot slot="1617">D0N30</slot>
            <slot slot="1618">D0N30</slot>
            <slot slot="1619">D0N30</slot>
            <slot slot="1620">D0N30</slot>
            <slot slot="1621">D0N30</slot>
            <slot slot="1622">D0N30</slot>
            <slot slot="1623">D0N30</slot>
            <slot slot="1624">D0N30</slot>
            <slot slot="1625">D0N30</slot>
            <slot slot="1626">D0N30</slot>
            <slot slot="1627">D0N30</slot>
            <slot slot="1628">D0N30</slot>
            <slot slot="1629">D0N30</slot>
            <slot slot="1630">D0N30</slot>
            <slot slot="1631">D0N30</slot>
            <slot slot="1632">D0N30</slot>
            <slot slot="1633">D0N30</slot>
            <slot slot="1634">D0N30</slot>
            <slot slot="1635">D0N30</slot>
            <slot slot="1636">D0N30</slot>
            <slot slot="1637">D0N30</slot>
            <slot slot="1638">D0N30</slot>
            <slot slot="1639">D0N30</slot>
            <slot slot="1640">D0N29</slot>
            <slot slot="1641">D0N29</slot>
            <slot slot="1642">D0N29</slot>
            <slot slot="1643">D0N29</slot>
            <slot slot="1644">D0N29</slot>
            <slot slot="1645">D0N29</slot>
            <slot slot="1646">D0N29</slot>
            <slot slot="1647">D0N29</slot>
            <slot slot="1648">D0N29</slot>
            <slot slot="1649">D0N29</slot>
            <slot slot="1650">D0N29</slot>
            <slot slot="1651">D0N29</slot>
            <slot slot="1652">D0N29</slot>
            <slot slot="1653">D0N29</slot>
            <slot slot="1654">D0N29</slot>
            <slot slot="1655">D0N29</slot>
            <slot slot="1656">D0N29</slot>
            <slot slot="1657">D0N29</slot>
            <slot slot="1658">D0N29</slot>
            <slot slot="1659">D0N29</slot>
            <slot slot="1660">D0N29</slot>
            <slot slot="1661">D0N29</slot>
            <slot slot="1662">D0N29</slot>
            <slot slot="1663">D0N29</slot>
            <slot slot="1664">D0N29</slot>
            <slot slot="1665">D0N29</slot>
            <slot slot="1666">D0N29</slot>
            <slot slot="1667">D0N29</slot>
            <slot slot="1668">D0N29</slot>
            <slot slot="1669">D0N29</slot>
            <slot slot="1670">D0N29</slot>
            <slot slot="1671">D0N29</slot>
            <slot slot="1672">D0N29</slot>
            <slot slot="1673">D0N29</slot>
            <slot slot="1674">D0N29</slot>
            <slot slot="1675">D0N29</slot>
            <slot slot="1676">D0N29</slot>
            <slot slot="1677">D0N29</slot>
            <slot slot="1678">D0N29</slot>
            <slot slot="1679">D0N29</slot>
            <slot slot="1680">D0N29</slot>
            <slot slot="1681">D0N29</slot>
            <slot slot="1682">D0N29</slot>
            <slot slot="1683">D0N29</slot>
            <slot slot="1684">D0N29</slot>
            <slot slot="1685">D0N29</slot>
            <slot slot="1686">D0N29</slot>
            <slot slot="1687">D0N29</slot>
            <slot slot="1688">D0N29</slot>
            <slot slot="1689">D0N29</slot>
            <slot slot="1690">D0N29</slot>
            <slot slot="1691">D0N29</slot>
            <slot slot="1692">D0N29</slot>
            <slot slot="1693">D0N29</slot>
            <slot slot="1694">D0N29</slot>
            <slot slot="1695">D0N29</slot>
            <slot slot="1696">D0N29</slot>
            <slot slot="1697">D0N29</slot>
            <slot slot="1698">D0N29</slot>
            <slot slot="1699">D0N29</slot>
            <slot slot="1700">D0N29</slot>
            <slot slot="1701">D0N29</slot>
            <slot slot="1702">D0N29</slot>
            <slot slot="1703">D0N29</slot>
            <slot slot="1704">D0N29</slot>
            <slot slot="1705">D0N29</slot>
            <slot slot="1706">D0N29</slot>
            <slot slot="1707">D0N29</slot>
            <slot slot="1708">D0N29</slot>
            <slot slot="1709">D0N29</slot>
            <slot slot="1710">D0N29</slot>
            <slot slot="1711">D0N29</slot>
            <slot slot="1712">D0N29</slot>
            <slot slot="1713">D0N29</slot>
            <slot slot="1714">D0N29</slot>
            <slot slot="1715">D0N29</slot>
            <slot slot="1716">D0N29</slot>
            <slot slot="1717">D0N29</slot>
            <slot slot="1718">D0N29</slot>
            <slot slot="1719">D0N29</slot>
            <slot slot="1720">D0N29</slot>
            <slot slot="1721">D0N29</slot>
            <slot slot="1722">D0N29</slot>
            <slot slot="1723">D0N29</slot>
            <slot slot="1724">D0N29</slot>
            <slot slot="1725">D0N29</slot>
            <slot slot="1726">D0N29</slot>
            <slot slot="1727">D0N29</slot>
            <slot slot="1728">D0N29</slot>
            <slot slot="1729">D0N29</slot>
            <slot slot="1730">D0N29</slot>
            <slot slot="1731">D0N29</slot>
            <slot slot="1732">D0N29</slot>
            <slot slot="1733">D0N29</slot>
            <slot slot="1734">D0N29</slot>
            <slot slot="1735">D0N29</slot>
            <slot slot="1736">D0N29</slot>
            <slot slot="1737">D0N29</slot>
            <slot slot="1738">D0N29</slot>
            <slot slot="1739">D0N29</slot>
            <slot slot="1740">D0N29</slot>
            <slot slot="1741">D0N29</slot>
            <slot slot="1742">D0N29</slot>
            <slot slot="1743">D0N29</slot>
            <slot slot="1744">D0N29</slot>
            <slot slot="1745">D0N29</slot>
            <slot slot="1746">D0N29</slot>
            <slot slot="1747">D0N29</slot>
            <slot slot="1748">D0N29</slot>
            <slot slot="1749">D0N29</slot>
            <slot slot="1750">D0N29</slot>
            <slot slot="1751">D0N29</slot>
            <slot slot="1752">D0N29</slot>
            <slot slot="1753">D0N29</slot>
            <slot slot="1754">D0N29</slot>
            <slot slot="1755">D0N29</slot>
            <slot slot="1756">D0N29</slot>
            <slot slot="1757">D0N29</slot>
            <slot slot="1758">D0N29</slot>
            <slot slot="1759">D0N29</slot>
            <slot slot="1760">D0N29</slot>
            <slot slot="1761">D0N29</slot>
            <slot slot="1762">D0N29</slot>
            <slot slot="1763">D0N29</slot>
            <slot slot="1764">D0N29</slot>
            <slot slot="1765">D0N29</slot>
            <slot slot="1766">D0N29</slot>
            <slot slot="1767">D0N29</slot>
            <slot slot="1768">D0N29</slot>
            <slot slot="1769">D0N29</slot>
            <slot slot="1770">D0N29</slot>
            <slot slot="1771">D0N29</slot>
            <slot slot="1772">D0N29</slot>
            <slot slot="1773">D0N29</slot>
            <slot slot="1774">D0N29</slot>
            <slot slot="1775">D0N29</slot>
            <slot slot="1776">D0N29</slot>
            <slot slot="1777">D0N29</slot>
            <slot slot="1778">D0N29</slot>
            <slot slot="1779">D0N29</slot>
            <slot slot="1780">D0N29</slot>
            <slot slot="1781">D0N29</slot>
            <slot slot="1782">D0N29</slot>
            <slot slot="1783">D0N29</slot>
            <slot slot="1784">D0N29</slot>
            <slot slot="1785">D0N29</slot>
            <slot slot="1786">D0N29</slot>
            <slot slot="1787">D0N29</slot>
            <slot slot="1788">D0N29</slot>
            <slot slot="1789">D0N29</slot>
            <slot slot="1790">D0N29</slot>
            <slot slot="1791">D0N29</slot>
            <slot slot="1792">D0N29</slot>
            <slot slot="1793">D0N29</slot>
            <slot slot="1794">D0N29</slot>
            <slot slot="1795">D0N29</slot>
            <slot slot="1796">D0N29</slot>
            <slot slot="1797">D0N29</slot>
            <slot slot="1798">D0N29</slot>
            <slot slot="1799">D0N29</slot>
            <slot slot="1800">D0N29</slot>
            <slot slot="1801">D0N29</slot>
            <slot slot="1802">D0N29</slot>
            <slot slot="1803">D0N29</slot>
            <slot slot="1804">D0N29</slot>
            <slot slot="1805">D0N29</slot>
            <slot slot="1806">D0N29</slot>
            <slot slot="1807">D0N29</slot>
            <slot slot="1808">D0N29</slot>
            <slot slot="1809">D0N29</slot>
            <slot slot="1810">D0N29</slot>
            <slot slot="1811">D0N29</slot>
            <slot slot="1812">D0N29</slot>
            <slot slot="1813">D0N29</slot>
            <slot slot="1814">D0N29</slot>
            <slot slot="1815">D0N29</slot>
            <slot slot="1816">D0N29</slot>
            <slot slot="1817">D0N29</slot>
            <slot slot="1818">D0N29</slot>
            <slot slot="1819">D0N29</slot>
            <slot slot="1820">D0N28</slot>
            <slot slot="1821">D0N28</slot>
            <slot slot="1822">D0N28</slot>
            <slot slot="1823">D0N28</slot>
            <slot slot="1824">D0N28</slot>
            <slot slot="1825">D0N28</slot>
            <slot slot="1826">D0N28</slot>
            <slot slot="1827">D0N28</slot>
            <slot slot="1828">D0N28</slot>
            <slot slot="1829">D0N28</slot>
            <slot slot="1830">D0N28</slot>
            <slot slot="1831">D0N28</slot>
            <slot slot="1832">D0N28</slot>
            <slot slot="1833">D0N28</slot>
            <slot slot="1834">D0N28</slot>
            <slot slot="1835">D0N28</slot>
            <slot slot="1836">D0N28</slot>
            <slot slot="1837">D0N28</slot>
            <slot slot="1838">D0N28</slot>
            <slot slot="1839">D0N28</slot>
            <slot slot="1840">D0N28</slot>
            <slot slot="1841">D0N28</slot>
            <slot slot="1842">D0N28</slot>
            <slot slot="1843">D0N28</slot>
            <slot slot="1844">D0N28</slot>
            <slot slot="1845">D0N28</slot>
            <slot slot="1846">D0N28</slot>
            <slot slot="1847">D0N28</slot>
            <slot slot="1848">D0N28</slot>
            <slot slot="1849">D0N28</slot>
            <slot slot="1850">D0N38</slot>
            <slot slot="1851">D0N38</slot>
            <slot slot="1852">D0N38</slot>
            <slot slot="1853">D0N38</slot>
            <slot slot="1854">D0N38</slot>
            <slot slot="1855">D0N38</slot>
            <slot slot="1856">D0N38</slot>
            <slot slot="1857">D0N38</slot>
            <slot slot="1858">D0N38</slot>
            <slot slot="1859">D0N38</slot>
            <slot slot="1860">D0N38</slot>
            <slot slot="1861">D0N38</slot>
            <slot slot="1862">D0N38</slot>
            <slot slot="1863">D0N38</slot>
            <slot slot="1864">D0N38</slot>
            <slot slot="1865">D0N38</slot>
            <slot slot="1866">D0N38</slot>
            <slot slot="1867">D0N38</slot>
            <slot slot="1868">D0N38</slot>
            <slot slot="1869">D0N38</slot>
            <slot slot="1870">D0N38</slot>
            <slot slot="1871">D0N38</slot>
            <slot slot="1872">D0N38</slot>
            <slot slot="1873">D0N38</slot>
            <slot slot="1874">D0N38</slot>
            <slot slot="1875">D0N38</slot>
            <slot slot="1876">D0N38</slot>
            <slot slot="1877">D0N38</slot>
            <slot slot="1878">D0N38</slot>
            <slot slot="1879">D0N38</slot>
            <slot slot="1880">D0N38</slot>
            <slot slot="1881">D0N38</slot>
            <slot slot="1882">D0N38</slot>
            <slot slot="1883">D0N38</slot>
            <slot slot="1884">D0N38</slot>
            <slot slot="1885">D0N38</slot>
            <slot slot="1886">D0N38</slot>
            <slot slot="1887">D0N38</slot>
            <slot slot="1888">D0N38</slot>
            <slot slot="1889">D0N38</slot>
            <slot slot="1890">D0N38</slot>
            <slot slot="1891">D0N38</slot>
            <slot slot="1892">D0N38</slot>
            <slot slot="1893">D0N38</slot>
            <slot slot="1894">D0N38</slot>
            <slot slot="1895">D0N38</slot>
            <slot slot="1896">D0N38</slot>
            <slot slot="1897">D0N38</slot>
            <slot slot="1898">D0N38</slot>
            <slot slot="1899">D0N38</slot>
            <slot slot="1900">D0N38</slot>
            <slot slot="1901">D0N38</slot>
            <slot slot="1902">D0N38</slot>
            <slot slot="1903">D0N38</slot>
            <slot slot="1904">D0N38</slot>
            <slot slot="1905">D0N38</slot>
            <slot slot="1906">D0N38</slot>
            <slot slot="1907">D0N38</slot>
            <slot slot="1908">D0N38</slot>
            <slot slot="1909">D0N38</slot>
            <slot slot="1910">D0N38</slot>
            <slot slot="1911">D0N38</slot>
            <slot slot="1912">D0N38</slot>
            <slot slot="1913">D0N38</slot>
            <slot slot="1914">D0N38</slot>
            <slot slot="1915">D0N38</slot>
            <slot slot="1916">D0N38</slot>
            <slot slot="1917">D0N38</slot>
            <slot slot="1918">D0N38</slot>
            <slot slot="1919">D0N38</slot>
            <slot slot="1920">D0N38</slot>
            <slot slot="1921">D0N38</slot>
            <slot slot="1922">D0N38</slot>
            <slot slot="1923">D0N38</slot>
            <slot slot="1924">D0N38</slot>
            <slot slot="1925">D0N38</slot>
            <slot slot="1926">D0N38</slot>
            <slot slot="1927">D0N38</slot>
            <slot slot="1928">D0N38</slot>
            <slot slot="1929">D0N38</slot>
            <slot slot="1930">D0N38</slot>
            <slot slot="1931">D0N38</slot>
            <slot slot="1932">D0N38</slot>
            <slot slot="1933">D0N38</slot>
            <slot slot="1934">D0N38</slot>
            <slot slot="1935">D0N38</slot>
            <slot slot="1936">D0N38</slot>
            <slot slot="1937">D0N38</slot>
            <slot slot="1938">D0N38</slot>
            <slot slot="1939">D0N38</slot>
            <slot slot="1940">D0N38</slot>
            <slot slot="1941">D0N38</slot>
            <slot slot="1942">D0N38</slot>
            <slot slot="1943">D0N38</slot>
            <slot slot="1944">D0N38</slot>
            <slot slot="1945">D0N38</slot>
            <slot slot="1946">D0N38</slot>
            <slot slot="1947">D0N38</slot>
            <slot slot="1948">D0N38</slot>
            <slot slot="1949">D0N38</slot>
            <slot slot="1950">D0N38</slot>
            <slot slot="1951">D0N38</slot>
            <slot slot="1952">D0N38</slot>
            <slot slot="1953">D0N38</slot>
            <slot slot="1954">D0N38</slot>
            <slot slot="1955">D0N38</slot>
            <slot slot="1956">D0N38</slot>
            <slot slot="1957">D0N38</slot>
            <slot slot="1958">D0N38</slot>
            <slot slot="1959">D0N38</slot>
            <slot slot="1960">D0N38</slot>
            <slot slot="1961">D0N38</slot>
            <slot slot="1962">D0N38</slot>
            <slot slot="1963">D0N38</slot>
            <slot slot="1964">D0N38</slot>
            <slot slot="1965">D0N38</slot>
            <slot slot="1966">D0N38</slot>
            <slot slot="1967">D0N38</slot>
            <slot slot="1968">D0N38</slot>
            <slot slot="1969">D0N38</slot>
            <slot slot="1970">D0N38</slot>
            <slot slot="1971">D0N38</slot>
            <slot slot="1972">D0N38</slot>
            <slot slot="1973">D0N38</slot>
            <slot slot="1974">D0N38</slot>
            <slot slot="1975">D0N38</slot>
            <slot slot="1976">D0N38</slot>
            <slot slot="1977">D0N38</slot>
            <slot slot="1978">D0N38</slot>
            <slot slot="1979">D0N38</slot>
            <slot slot="1980">D0N38</slot>
            <slot slot="1981">D0N38</slot>
            <slot slot="1982">D0N38</slot>
            <slot slot="1983">D0N38</slot>
            <slot slot="1984">D0N38</slot>
            <slot slot="1985">D0N38</slot>
            <slot slot="1986">D0N38</slot>
            <slot slot="1987">D0N38</slot>
            <slot slot="1988">D0N38</slot>
            <slot slot="1989">D0N38</slot>
            <slot slot="1990">D0N38</slot>
            <slot slot="1991">D0N38</slot>
            <slot slot="1992">D0N38</slot>
            <slot slot="1993">D0N38</slot>
            <slot slot="1994">D0N38</slot>
            <slot slot="1995">D0N38</slot>
            <slot slot="1996">D0N38</slot>
            <slot slot="1997">D0N38</slot>
            <slot slot="1998">D0N38</slot>
            <slot slot="1999">D0N38</slot>
            <slot slot="2000">D0N38</slot>
            <slot slot="2001">D0N38</slot>
            <slot slot="2002">D0N38</slot>
            <slot slot="2003">D0N38</slot>
            <slot slot="2004">D0N38</slot>
            <slot slot="2005">D0N38</slot>
            <slot slot="2006">D0N38</slot>
            <slot slot="2007">D0N38</slot>
            <slot slot="2008">D0N38</slot>
            <slot slot="2009">D0N38</slot>
            <slot slot="2010">D0N35</slot>
            <slot slot="2011">D0N35</slot>
            <slot slot="2012">D0N35</slot>
            <slot slot="2013">D0N35</slot>
            <slot slot="2014">D0N35</slot>
            <slot slot="2015">D0N35</slot>
            <slot slot="2016">D0N35</slot>
            <slot slot="2017">D0N35</slot>
            <slot slot="2018">D0N35</slot>
            <slot slot="2019">D0N35</slot>
            <slot slot="2020">D0N35</slot>
            <slot slot="2021">D0N35</slot>
            <slot slot="2022">D0N35</slot>
            <slot slot="2023">D0N35</slot>
            <slot slot="2024">D0N35</slot>
            <slot slot="2025">D0N35</slot>
            <slot slot="2026">D0N35</slot>
            <slot slot="2027">D0N35</slot>
            <slot slot="2028">D0N35</slot>
            <slot slot="2029">D0N35</slot>
            <slot slot="2030">D0N37</slot>
            <slot slot="2031">D0N37</slot>
            <slot slot="2032">D0N37</slot>
            <slot slot="2033">D0N37</slot>
            <slot slot="2034">D0N37</slot>
            <slot slot="2035">D0N37</slot>
            <slot slot="2036">D0N37</slot>
            <slot slot="2037">D0N37</slot>
            <slot slot="2038">D0N37</slot>
            <slot slot="2039">D0N37</slot>
            <slot slot="2040">D0N37</slot>
            <slot slot="2041">D0N37</slot>
            <slot slot="2042">D0N37</slot>
            <slot slot="2043">D0N37</slot>
            <slot slot="2044">D0N37</slot>
            <slot slot="2045">D0N37</slot>
            <slot slot="2046">D0N37</slot>
            <slot slot="2047">D0N37</slot>
            <slot slot="2048">D0N37</slot>
            <slot slot="2049">D0N37</slot>
            <slot slot="2050">D0N22</slot>
            <slot slot="2051">D0N22</slot>
            <slot slot="2052">D0N22</slot>
            <slot slot="2053">D0N22</slot>
            <slot slot="2054">D0N22</slot>
            <slot slot="2055">D0N22</slot>
            <slot slot="2056">D0N22</slot>
            <slot slot="2057">D0N22</slot>
            <slot slot="2058">D0N22</slot>
            <slot slot="2059">D0N22</slot>
            <slot slot="2060">D0N22</slot>
            <slot slot="2061">D0N22</slot>
            <slot slot="2062">D0N22</slot>
            <slot slot="2063">D0N22</slot>
            <slot slot="2064">D0N22</slot>
            <slot slot="2065">D0N22</slot>
            <slot slot="2066">D0N22</slot>
            <slot slot="2067">D0N22</slot>
            <slot slot="2068">D0N22</slot>
            <slot slot="2069">D0N22</slot>
            <slot slot="2070">D0N22</slot>
            <slot slot="2071">D0N22</slot>
            <slot slot="2072">D0N22</slot>
            <slot slot="2073">D0N22</slot>
            <slot slot="2074">D0N22</slot>
            <slot slot="2075">D0N22</slot>
            <slot slot="2076">D0N22</slot>
            <slot slot="2077">D0N22</slot>
            <slot slot="2078">D0N22</slot>
            <slot slot="2079">D0N22</slot>
            <slot slot="2080">D0N22</slot>
            <slot slot="2081">D0N22</slot>
            <slot slot="2082">D0N22</slot>
            <slot slot="2083">D0N22</slot>
            <slot slot="2084">D0N22</slot>
            <slot slot="2085">D0N22</slot>
            <slot slot="2086">D0N22</slot>
            <slot slot="2087">D0N22</slot>
            <slot slot="2088">D0N22</slot>
            <slot slot="2089">D0N22</slot>
            <slot slot="2090">D0N22</slot>
            <slot slot="2091">D0N22</slot>
            <slot slot="2092">D0N22</slot>
            <slot slot="2093">D0N22</slot>
            <slot slot="2094">D0N22</slot>
            <slot slot="2095">D0N22</slot>
            <slot slot="2096">D0N22</slot>
            <slot slot="2097">D0N22</slot>
            <slot slot="2098">D0N22</slot>
            <slot slot="2099">D0N22</slot>
            <slot slot="2100">D0N22</slot>
            <slot slot="2101">D0N22</slot>
            <slot slot="2102">D0N22</slot>
            <slot slot="2103">D0N22</slot>
            <slot slot="2104">D0N22</slot>
            <slot slot="2105">D0N22</slot>
            <slot slot="2106">D0N22</slot>
            <slot slot="2107">D0N22</slot>
            <slot slot="2108">D0N22</slot>
            <slot slot="2109">D0N22</slot>
            <slot slot="2110">D0N22</slot>
            <slot slot="2111">D0N22</slot>
            <slot slot="2112">D0N22</slot>
            <slot slot="2113">D0N22</slot>
            <slot slot="2114">D0N22</slot>
            <slot slot="2115">D0N22</slot>
            <slot slot="2116">D0N22</slot>
            <slot slot="2117">D0N22</slot>
            <slot slot="2118">D0N22</slot>
            <slot slot="2119">D0N22</slot>
            <slot slot="2120">D0N22</slot>
            <slot slot="2121">D0N22</slot>
            <slot slot="2122">D0N22</slot>
            <slot slot="2123">D0N22</slot>
            <slot slot="2124">D0N22</slot>
            <slot slot="2125">D0N22</slot>
            <slot slot="2126">D0N22</slot>
            <slot slot="2127">D0N22</slot>
            <slot slot="2128">D0N22</slot>
            <slot slot="2129">D0N22</slot>
            <slot slot="2130">D0N22</slot>
            <slot slot="2131">D0N22</slot>
            <slot slot="2132">D0N22</slot>
            <slot slot="2133">D0N22</slot>
            <slot slot="2134">D0N22</slot>
            <slot slot="2135">D0N22</slot>
            <slot slot="2136">D0N22</slot>
            <slot slot="2137">D0N22</slot>
            <slot slot="2138">D0N22</slot>
            <slot slot="2139">D0N22</slot>
            <slot slot="2140">D0N22</slot>
            <slot slot="2141">D0N22</slot>
            <slot slot="2142">D0N22</slot>
            <slot slot="2143">D0N22</slot>
            <slot slot="2144">D0N22</slot>
            <slot slot="2145">D0N22</slot>
            <slot slot="2146">D0N22</slot>
            <slot slot="2147">D0N22</slot>
            <slot slot="2148">D0N22</slot>
            <slot slot="2149">D0N22</slot>
            <slot slot="2150">D0N22</slot>
            <slot slot="2151">D0N22</slot>
            <slot slot="2152">D0N22</slot>
            <slot slot="2153">D0N22</slot>
            <slot slot="2154">D0N22</slot>
            <slot slot="2155">D0N22</slot>
            <slot slot="2156">D0N22</slot>
            <slot slot="2157">D0N22</slot>
            <slot slot="2158">D0N22</slot>
            <slot slot="2159">D0N22</slot>
            <slot slot="2160">D0N22</slot>
            <slot slot="2161">D0N22</slot>
            <slot slot="2162">D0N22</slot>
            <slot slot="2163">D0N22</slot>
            <slot slot="2164">D0N22</slot>
            <slot slot="2165">D0N22</slot>
            <slot slot="2166">D0N22</slot>
            <slot slot="2167">D0N22</slot>
            <slot slot="2168">D0N22</slot>
            <slot slot="2169">D0N22</slot>
            <slot slot="2170">D0N34</slot>
            <slot slot="2171">D0N34</slot>
            <slot slot="2172">D0N34</slot>
            <slot slot="2173">D0N34</slot>
            <slot slot="2174">D0N34</slot>
            <slot slot="2175">D0N34</slot>
            <slot slot="2176">D0N34</slot>
            <slot slot="2177">D0N34</slot>
            <slot slot="2178">D0N34</slot>
            <slot slot="2179">D0N34</slot>
            <slot slot="2180">D0N34</slot>
            <slot slot="2181">D0N34</slot>
            <slot slot="2182">D0N34</slot>
            <slot slot="2183">D0N34</slot>
            <slot slot="2184">D0N34</slot>
            <slot slot="2185">D0N34</slot>
            <slot slot="2186">D0N34</slot>
            <slot slot="2187">D0N34</slot>
            <slot slot="2188">D0N34</slot>
            <slot slot="2189">D0N34</slot>
            <slot slot="2190">D0N34</slot>
            <slot slot="2191">D0N34</slot>
            <slot slot="2192">D0N34</slot>
            <slot slot="2193">D0N34</slot>
            <slot slot="2194">D0N34</slot>
            <slot slot="2195">D0N34</slot>
            <slot slot="2196">D0N34</slot>
            <slot slot="2197">D0N34</slot>
            <slot slot="2198">D0N34</slot>
            <slot slot="2199">D0N34</slot>
            <slot slot="2200">D0N34</slot>
            <slot slot="2201">D0N34</slot>
            <slot slot="2202">D0N34</slot>
            <slot slot="2203">D0N34</slot>
            <slot slot="2204">D0N34</slot>
            <slot slot="2205">D0N34</slot>
            <slot slot="2206">D0N34</slot>
            <slot slot="2207">D0N34</slot>
            <slot slot="2208">D0N34</slot>
            <slot slot="2209">D0N34</slot>
            <slot slot="2210">D0N34</slot>
            <slot slot="2211">D0N34</slot>
            <slot slot="2212">D0N34</slot>
            <slot slot="2213">D0N34</slot>
            <slot slot="2214">D0N34</slot>
            <slot slot="2215">D0N34</slot>
            <slot slot="2216">D0N34</slot>
            <slot slot="2217">D0N34</slot>
            <slot slot="2218">D0N34</slot>
            <slot slot="2219">D0N34</slot>
            <slot slot="2220">D0N34</slot>
            <slot slot="2221">D0N34</slot>
            <slot slot="2222">D0N34</slot>
            <slot slot="2223">D0N34</slot>
            <slot slot="2224">D0N34</slot>
            <slot slot="2225">D0N34</slot>
            <slot slot="2226">D0N34</slot>
            <slot slot="2227">D0N34</slot>
            <slot slot="2228">D0N34</slot>
            <slot slot="2229">D0N34</slot>
            <slot slot="2230">D0N34</slot>
            <slot slot="2231">D0N34</slot>
            <slot slot="2232">D0N34</slot>
            <slot slot="2233">D0N34</slot>
            <slot slot="2234">D0N34</slot>
            <slot slot="2235">D0N34</slot>
            <slot slot="2236">D0N34</slot>
            <slot slot="2237">D0N34</slot>
            <slot slot="2238">D0N34</slot>
            <slot slot="2239">D0N34</slot>
            <slot slot="2240">D0N34</slot>
            <slot slot="2241">D0N34</slot>
            <slot slot="2242">D0N34</slot>
            <slot slot="2243">D0N34</slot>
            <slot slot="2244">D0N34</slot>
            <slot slot="2245">D0N34</slot>
            <slot slot="2246">D0N34</slot>
            <slot slot="2247">D0N34</slot>
            <slot slot="2248">D0N34</slot>
            <slot slot="2249">D0N34</slot>
            <slot slot="2250">D0N34</slot>
            <slot slot="2251">D0N34</slot>
            <slot slot="2252">D0N34</slot>
            <slot slot="2253">D0N34</slot>
            <slot slot="2254">D0N34</slot>
            <slot slot="2255">D0N34</slot>
            <slot slot="2256">D0N34</slot>
            <slot slot="2257">D0N34</slot>
            <slot slot="2258">D0N34</slot>
            <slot slot="2259">D0N34</slot>
            <slot slot="2260">D0N34</slot>
            <slot slot="2261">D0N34</slot>
            <slot slot="2262">D0N34</slot>
            <slot slot="2263">D0N34</slot>
            <slot slot="2264">D0N34</slot>
            <slot slot="2265">D0N34</slot>
            <slot slot="2266">D0N34</slot>
            <slot slot="2267">D0N34</slot>
            <slot slot="2268">D0N34</slot>
            <slot slot="2269">D0N34</slot>
            <slot slot="2270">D0N34</slot>
            <slot slot="2271">D0N34</slot>
            <slot slot="2272">D0N34</slot>
            <slot slot="2273">D0N34</slot>
            <slot slot="2274">D0N34</slot>
            <slot slot="2275">D0N34</slot>
            <slot slot="2276">D0N34</slot>
            <slot slot="2277">D0N34</slot>
            <slot slot="2278">D0N34</slot>
            <slot slot="2279">D0N34</slot>
            <slot slot="2280">D0N34</slot>
            <slot slot="2281">D0N34</slot>
            <slot slot="2282">D0N34</slot>
            <slot slot="2283">D0N34</slot>
            <slot slot="2284">D0N34</slot>
            <slot slot="2285">D0N34</slot>
            <slot slot="2286">D0N34</slot>
            <slot slot="2287">D0N34</slot>
            <slot slot="2288">D0N34</slot>
            <slot slot="2289">D0N34</slot>
            <slot slot="2290">D0N34</slot>
            <slot slot="2291">D0N34</slot>
            <slot slot="2292">D0N34</slot>
            <slot slot="2293">D0N34</slot>
            <slot slot="2294">D0N34</slot>
            <slot slot="2295">D0N34</slot>
            <slot slot="2296">D0N34</slot>
            <slot slot="2297">D0N34</slot>
            <slot slot="2298">D0N34</slot>
            <slot slot="2299">D0N34</slot>
            <slot slot="2300">D0N34</slot>
            <slot slot="2301">D0N34</slot>
            <slot slot="2302">D0N34</slot>
            <slot slot="2303">D0N34</slot>
            <slot slot="2304">D0N34</slot>
            <slot slot="2305">D0N34</slot>
            <slot slot="2306">D0N34</slot>
            <slot slot="2307">D0N34</slot>
            <slot slot="2308">D0N34</slot>
            <slot slot="2309">D0N34</slot>
            <slot slot="2310">D0N34</slot>
            <slot slot="2311">D0N34</slot>
            <slot slot="2312">D0N34</slot>
            <slot slot="2313">D0N34</slot>
            <slot slot="2314">D0N34</slot>
            <slot slot="2315">D0N34</slot>
            <slot slot="2316">D0N34</slot>
            <slot slot="2317">D0N34</slot>
            <slot slot="2318">D0N34</slot>
            <slot slot="2319">D0N34</slot>
            <slot slot="2320">D0N34</slot>
            <slot slot="2321">D0N34</slot>
            <slot slot="2322">D0N34</slot>
            <slot slot="2323">D0N34</slot>
            <slot slot="2324">D0N34</slot>
            <slot slot="2325">D0N34</slot>
            <slot slot="2326">D0N34</slot>
            <slot slot="2327">D0N34</slot>
            <slot slot="2328">D0N34</slot>
            <slot slot="2329">D0N34</slot>
            <slot slot="2330">D0N34</slot>
            <slot slot="2331">D0N34</slot>
            <slot slot="2332">D0N34</slot>
            <slot slot="2333">D0N34</slot>
            <slot slot="2334">D0N34</slot>
            <slot slot="2335">D0N34</slot>
            <slot slot="2336">D0N34</slot>
            <slot slot="2337">D0N34</slot>
            <slot slot="2338">D0N34</slot>
            <slot slot="2339">D0N34</slot>
            <slot slot="2340">D0N34</slot>
            <slot slot="2341">D0N34</slot>
            <slot slot="2342">D0N34</slot>
            <slot slot="2343">D0N34</slot>
            <slot slot="2344">D0N34</slot>
            <slot slot="2345">D0N34</slot>
            <slot slot="2346">D0N34</slot>
            <slot slot="2347">D0N34</slot>
            <slot slot="2348">D0N34</slot>
            <slot slot="2349">D0N34</slot>
            <slot slot="2350">D0N34</slot>
            <slot slot="2351">D0N34</slot>
            <slot slot="2352">D0N34</slot>
            <slot slot="2353">D0N34</slot>
            <slot slot="2354">D0N34</slot>
            <slot slot="2355">D0N34</slot>
            <slot slot="2356">D0N34</slot>
            <slot slot="2357">D0N34</slot>
            <slot slot="2358">D0N34</slot>
            <slot slot="2359">D0N34</slot>
            <slot slot="2360">D0N34</slot>
            <slot slot="2361">D0N34</slot>
            <slot slot="2362">D0N34</slot>
            <slot slot="2363">D0N34</slot>
            <slot slot="2364">D0N34</slot>
            <slot slot="2365">D0N34</slot>
            <slot slot="2366">D0N34</slot>
            <slot slot="2367">D0N34</slot>
            <slot slot="2368">D0N34</slot>
            <slot slot="2369">D0N34</slot>
            <slot slot="2370">D0N34</slot>
            <slot slot="2371">D0N34</slot>
            <slot slot="2372">D0N34</slot>
            <slot slot="2373">D0N34</slot>
            <slot slot="2374">D0N34</slot>
            <slot slot="2375">D0N34</slot>
            <slot slot="2376">D0N34</slot>
            <slot slot="2377">D0N34</slot>
            <slot slot="2378">D0N34</slot>
            <slot slot="2379">D0N34</slot>
            <slot slot="2380">D0N34</slot>
            <slot slot="2381">D0N34</slot>
            <slot slot="2382">D0N34</slot>
            <slot slot="2383">D0N34</slot>
            <slot slot="2384">D0N34</slot>
            <slot slot="2385">D0N34</slot>
            <slot slot="2386">D0N34</slot>
            <slot slot="2387">D0N34</slot>
            <slot slot="2388">D0N34</slot>
            <slot slot="2389">D0N34</slot>
            <slot slot="2390">D0N46</slot>
            <slot slot="2391">D0N46</slot>
            <slot slot="2392">D0N46</slot>
            <slot slot="2393">D0N46</slot>
            <slot slot="2394">D0N46</slot>
            <slot slot="2395">D0N46</slot>
            <slot slot="2396">D0N46</slot>
            <slot slot="2397">D0N46</slot>
            <slot slot="2398">D0N46</slot>
            <slot slot="2399">D0N46</slot>
            <slot slot="2400">D0N46</slot>
            <slot slot="2401">D0N46</slot>
            <slot slot="2402">D0N46</slot>
            <slot slot="2403">D0N46</slot>
            <slot slot="2404">D0N46</slot>
            <slot slot="2405">D0N46</slot>
            <slot slot="2406">D0N46</slot>
            <slot slot="2407">D0N46</slot>
            <slot slot="2408">D0N46</slot>
            <slot slot="2409">D0N46</slot>
            <slot slot="2410">D0N46</slot>
            <slot slot="2411">D0N46</slot>
            <slot slot="2412">D0N46</slot>
            <slot slot="2413">D0N46</slot>
            <slot slot="2414">D0N46</slot>
            <slot slot="2415">D0N46</slot>
            <slot slot="2416">D0N46</slot>
            <slot slot="2417">D0N46</slot>
            <slot slot="2418">D0N46</slot>
            <slot slot="2419">D0N46</slot>
            <slot slot="2420">D0N45</slot>
            <slot slot="2421">D0N45</slot>
            <slot slot="2422">D0N45</slot>
            <slot slot="2423">D0N45</slot>
            <slot slot="2424">D0N45</slot>
            <slot slot="2425">D0N45</slot>
            <slot slot="2426">D0N45</slot>
            <slot slot="2427">D0N45</slot>
            <slot slot="2428">D0N45</slot>
            <slot slot="2429">D0N45</slot>
            <slot slot="2430">D0N45</slot>
            <slot slot="2431">D0N45</slot>
            <slot slot="2432">D0N45</slot>
            <slot slot="2433">D0N45</slot>
            <slot slot="2434">D0N45</slot>
            <slot slot="2435">D0N45</slot>
            <slot slot="2436">D0N45</slot>
            <slot slot="2437">D0N45</slot>
            <slot slot="2438">D0N45</slot>
            <slot slot="2439">D0N45</slot>
            <slot slot="2440">D0N45</slot>
            <slot slot="2441">D0N45</slot>
            <slot slot="2442">D0N45</slot>
            <slot slot="2443">D0N45</slot>
            <slot slot="2444">D0N45</slot>
            <slot slot="2445">D0N45</slot>
            <slot slot="2446">D0N45</slot>
            <slot slot="2447">D0N45</slot>
            <slot slot="2448">D0N45</slot>
            <slot slot="2449">D0N45</slot>
            <slot slot="2450">D0N45</slot>
            <slot slot="2451">D0N45</slot>
            <slot slot="2452">D0N45</slot>
            <slot slot="2453">D0N45</slot>
            <slot slot="2454">D0N45</slot>
            <slot slot="2455">D0N45</slot>
            <slot slot="2456">D0N45</slot>
            <slot slot="2457">D0N45</slot>
            <slot slot="2458">D0N45</slot>
            <slot slot="2459">D0N45</slot>
            <slot slot="2460">D0N45</slot>
            <slot slot="2461">D0N45</slot>
            <slot slot="2462">D0N45</slot>
            <slot slot="2463">D0N45</slot>
            <slot slot="2464">D0N45</slot>
            <slot slot="2465">D0N45</slot>
            <slot slot="2466">D0N45</slot>
            <slot slot="2467">D0N45</slot>
            <slot slot="2468">D0N45</slot>
            <slot slot="2469">D0N45</slot>
            <slot slot="2470">D0N45</slot>
            <slot slot="2471">D0N45</slot>
            <slot slot="2472">D0N45</slot>
            <slot slot="2473">D0N45</slot>
            <slot slot="2474">D0N45</slot>
            <slot slot="2475">D0N45</slot>
            <slot slot="2476">D0N45</slot>
            <slot slot="2477">D0N45</slot>
            <slot slot="2478">D0N45</slot>
            <slot slot="2479">D0N45</slot>
            <slot slot="2480">D0N45</slot>
            <slot slot="2481">D0N45</slot>
            <slot slot="2482">D0N45</slot>
            <slot slot="2483">D0N45</slot>
            <slot slot="2484">D0N45</slot>
            <slot slot="2485">D0N45</slot>
            <slot slot="2486">D0N45</slot>
            <slot slot="2487">D0N45</slot>
            <slot slot="2488">D0N45</slot>
            <slot slot="2489">D0N45</slot>
            <slot slot="2490">D0N45</slot>
            <slot slot="2491">D0N45</slot>
            <slot slot="2492">D0N45</slot>
            <slot slot="2493">D0N45</slot>
            <slot slot="2494">D0N45</slot>
            <slot slot="2495">D0N45</slot>
            <slot slot="2496">D0N45</slot>
            <slot slot="2497">D0N45</slot>
            <slot slot="2498">D0N45</slot>
            <slot slot="2499">D0N45</slot>
        </core>
        <core number="3">
            <slot slot="0">-</slot>
            <slot slot="1">-</slot>
            <slot slot="2">-</slot>
            <slot slot="3">-</slot>
            <slot slot="4">-</slot>
            <slot slot="5">-</slot>
            <slot slot="6">-</slot>
            <slot slot="7">-</slot>
            <slot slot="8">-</slot>
            <slot slot="9">-</slot>
            <slot slot="10">-</slot>
            <slot slot="11">-</slot>
            <slot slot="12">-</slot>
            <slot slot="13">-</slot>
            <slot slot="14">-</slot>
            <slot slot="15">-</slot>
            <slot slot="16">-</slot>
            <slot slot="17">-</slot>
            <slot slot="18">-</slot>
            <slot slot="19">-</slot>
            <slot slot="20">-</slot>
            <slot slot="21">-</slot>
            <slot slot="22">-</slot>
            <slot slot="23">-</slot>
            <slot slot="24">-</slot>
            <slot slot="25">-</slot>
            <slot slot="26">-</slot>
            <slot slot="27">-</slot>
            <slot slot="28">-</slot>
            <slot slot="29">-</slot>
            <slot slot="30">-</slot>
            <slot slot="31">-</slot>
            <slot slot="32">-</slot>
            <slot slot="33">-</slot>
            <slot slot="34">-</slot>
            <slot slot="35">-</slot>
            <slot slot="36">-</slot>
            <slot slot="37">-</slot>
            <slot slot="38">-</slot>
            <slot slot="39">-</slot>
            <slot slot="40">-</slot>
            <slot slot="41">-</slot>
            <slot slot="42">-</slot>
            <slot slot="43">-</slot>
            <slot slot="44">-</slot>
            <slot slot="45">-</slot>
            <slot slot="46">-</slot>
            <slot slot="47">-</slot>
            <slot slot="48">-</slot>
            <slot slot="49">-</slot>
            <slot slot="50">-</slot>
            <slot slot="51">-</slot>
            <slot slot="52">-</slot>
            <slot slot="53">-</slot>
            <slot slot="54">-</slot>
            <slot slot="55">-</slot>
            <slot slot="56">-</slot>
            <slot slot="57">-</slot>
            <slot slot="58">-</slot>
            <slot slot="59">-</slot>
            <slot slot="60">-</slot>
            <slot slot="61">-</slot>
            <slot slot="62">-</slot>
            <slot slot="63">-</slot>
            <slot slot="64">-</slot>
            <slot slot="65">-</slot>
            <slot slot="66">-</slot>
            <slot slot="67">-</slot>
            <slot slot="68">-</slot>
            <slot slot="69">-</slot>
            <slot slot="70">-</slot>
            <slot slot="71">-</slot>
            <slot slot="72">-</slot>
            <slot slot="73">-</slot>
            <slot slot="74">-</slot>
            <slot slot="75">-</slot>
            <slot slot="76">-</slot>
            <slot slot="77">-</slot>
            <slot slot="78">-</slot>
            <slot slot="79">-</slot>
            <slot slot="80">-</slot>
            <slot slot="81">-</slot>
            <slot slot="82">-</slot>
            <slot slot="83">-</slot>
            <slot slot="84">-</slot>
            <slot slot="85">-</slot>
            <slot slot="86">-</slot>
            <slot slot="87">-</slot>
            <slot slot="88">-</slot>
            <slot slot="89">-</slot>
            <slot slot="90">-</slot>
            <slot slot="91">-</slot>
            <slot slot="92">-</slot>
            <slot slot="93">-</slot>
            <slot slot="94">-</slot>
            <slot slot="95">-</slot>
            <slot slot="96">-</slot>
            <slot slot="97">-</slot>
            <slot slot="98">-</slot>
            <slot slot="99">-</slot>
            <slot slot="100">-</slot>
            <slot slot="101">-</slot>
            <slot slot="102">-</slot>
            <slot slot="103">-</slot>
            <slot slot="104">-</slot>
            <slot slot="105">-</slot>
            <slot slot="106">-</slot>
            <slot slot="107">-</slot>
            <slot slot="108">-</slot>
            <slot slot="109">-</slot>
            <slot slot="110">-</slot>
            <slot slot="111">-</slot>
            <slot slot="112">-</slot>
            <slot slot="113">-</slot>
            <slot slot="114">-</slot>
            <slot slot="115">-</slot>
            <slot slot="116">-</slot>
            <slot slot="117">-</slot>
            <slot slot="118">-</slot>
            <slot slot="119">-</slot>
            <slot slot="120">-</slot>
            <slot slot="121">-</slot>
            <slot slot="122">-</slot>
            <slot slot="123">-</slot>
            <slot slot="124">-</slot>
            <slot slot="125">-</slot>
            <slot slot="126">-</slot>
            <slot slot="127">-</slot>
            <slot slot="128">-</slot>
            <slot slot="129">-</slot>
            <slot slot="130">-</slot>
            <slot slot="131">-</slot>
            <slot slot="132">-</slot>
            <slot slot="133">-</slot>
            <slot slot="134">-</slot>
            <slot slot="135">-</slot>
            <slot slot="136">-</slot>
            <slot slot="137">-</slot>
            <slot slot="138">-</slot>
            <slot slot="139">-</slot>
            <slot slot="140">-</slot>
            <slot slot="141">-</slot>
            <slot slot="142">-</slot>
            <slot slot="143">-</slot>
            <slot slot="144">-</slot>
            <slot slot="145">-</slot>
            <slot slot="146">-</slot>
            <slot slot="147">-</slot>
            <slot slot="148">-</slot>
            <slot slot="149">-</slot>
            <slot slot="150">-</slot>
            <slot slot="151">-</slot>
            <slot slot="152">-</slot>
            <slot slot="153">-</slot>
            <slot slot="154">-</slot>
            <slot slot="155">-</slot>
            <slot slot="156">-</slot>
            <slot slot="157">-</slot>
            <slot slot="158">-</slot>
            <slot slot="159">-</slot>
            <slot slot="160">-</slot>
            <slot slot="161">-</slot>
            <slot slot="162">-</slot>
            <slot slot="163">-</slot>
            <slot slot="164">-</slot>
            <slot slot="165">-</slot>
            <slot slot="166">-</slot>
            <slot slot="167">-</slot>
            <slot slot="168">-</slot>
            <slot slot="169">-</slot>
            <slot slot="170">-</slot>
            <slot slot="171">-</slot>
            <slot slot="172">-</slot>
            <slot slot="173">-</slot>
            <slot slot="174">-</slot>
            <slot slot="175">-</slot>
            <slot slot="176">-</slot>
            <slot slot="177">-</slot>
            <slot slot="178">-</slot>
            <slot slot="179">-</slot>
            <slot slot="180">-</slot>
            <slot slot="181">-</slot>
            <slot slot="182">-</slot>
            <slot slot="183">-</slot>
            <slot slot="184">-</slot>
            <slot slot="185">-</slot>
            <slot slot="186">-</slot>
            <slot slot="187">-</slot>
            <slot slot="188">-</slot>
            <slot slot="189">-</slot>
            <slot slot="190">-</slot>
            <slot slot="191">-</slot>
            <slot slot="192">-</slot>
            <slot slot="193">-</slot>
            <slot slot="194">-</slot>
            <slot slot="195">-</slot>
            <slot slot="196">-</slot>
            <slot slot="197">-</slot>
            <slot slot="198">-</slot>
            <slot slot="199">-</slot>
            <slot slot="200">-</slot>
            <slot slot="201">-</slot>
            <slot slot="202">-</slot>
            <slot slot="203">-</slot>
            <slot slot="204">-</slot>
            <slot slot="205">-</slot>
            <slot slot="206">-</slot>
            <slot slot="207">-</slot>
            <slot slot="208">-</slot>
            <slot slot="209">-</slot>
            <slot slot="210">-</slot>
            <slot slot="211">-</slot>
            <slot slot="212">-</slot>
            <slot slot="213">-</slot>
            <slot slot="214">-</slot>
            <slot slot="215">-</slot>
            <slot slot="216">-</slot>
            <slot slot="217">-</slot>
            <slot slot="218">-</slot>
            <slot slot="219">-</slot>
            <slot slot="220">-</slot>
            <slot slot="221">-</slot>
            <slot slot="222">-</slot>
            <slot slot="223">-</slot>
            <slot slot="224">-</slot>
            <slot slot="225">-</slot>
            <slot slot="226">-</slot>
            <slot slot="227">-</slot>
            <slot slot="228">-</slot>
            <slot slot="229">-</slot>
            <slot slot="230">-</slot>
            <slot slot="231">-</slot>
            <slot slot="232">-</slot>
            <slot slot="233">-</slot>
            <slot slot="234">-</slot>
            <slot slot="235">-</slot>
            <slot slot="236">-</slot>
            <slot slot="237">-</slot>
            <slot slot="238">-</slot>
            <slot slot="239">-</slot>
            <slot slot="240">-</slot>
            <slot slot="241">-</slot>
            <slot slot="242">-</slot>
            <slot slot="243">-</slot>
            <slot slot="244">-</slot>
            <slot slot="245">-</slot>
            <slot slot="246">-</slot>
            <slot slot="247">-</slot>
            <slot slot="248">-</slot>
            <slot slot="249">-</slot>
            <slot slot="250">-</slot>
            <slot slot="251">-</slot>
            <slot slot="252">-</slot>
            <slot slot="253">-</slot>
            <slot slot="254">-</slot>
            <slot slot="255">-</slot>
            <slot slot="256">-</slot>
            <slot slot="257">-</slot>
            <slot slot="258">-</slot>
            <slot slot="259">-</slot>
            <slot slot="260">-</slot>
            <slot slot="261">-</slot>
            <slot slot="262">-</slot>
            <slot slot="263">-</slot>
            <slot slot="264">-</slot>
            <slot slot="265">-</slot>
            <slot slot="266">-</slot>
            <slot slot="267">-</slot>
            <slot slot="268">-</slot>
            <slot slot="269">-</slot>
            <slot slot="270">-</slot>
            <slot slot="271">-</slot>
            <slot slot="272">-</slot>
            <slot slot="273">-</slot>
            <slot slot="274">-</slot>
            <slot slot="275">-</slot>
            <slot slot="276">-</slot>
            <slot slot="277">-</slot>
            <slot slot="278">-</slot>
            <slot slot="279">-</slot>
            <slot slot="280">-</slot>
            <slot slot="281">-</slot>
            <slot slot="282">-</slot>
            <slot slot="283">-</slot>
            <slot slot="284">-</slot>
            <slot slot="285">-</slot>
            <slot slot="286">-</slot>
            <slot slot="287">-</slot>
            <slot slot="288">-</slot>
            <slot slot="289">-</slot>
            <slot slot="290">-</slot>
            <slot slot="291">-</slot>
            <slot slot="292">-</slot>
            <slot slot="293">-</slot>
            <slot slot="294">-</slot>
            <slot slot="295">-</slot>
            <slot slot="296">-</slot>
            <slot slot="297">-</slot>
            <slot slot="298">-</slot>
            <slot slot="299">-</slot>
            <slot slot="300">-</slot>
            <slot slot="301">-</slot>
            <slot slot="302">-</slot>
            <slot slot="303">-</slot>
            <slot slot="304">-</slot>
            <slot slot="305">-</slot>
            <slot slot="306">-</slot>
            <slot slot="307">-</slot>
            <slot slot="308">-</slot>
            <slot slot="309">-</slot>
            <slot slot="310">-</slot>
            <slot slot="311">-</slot>
            <slot slot="312">-</slot>
            <slot slot="313">-</slot>
            <slot slot="314">-</slot>
            <slot slot="315">-</slot>
            <slot slot="316">-</slot>
            <slot slot="317">-</slot>
            <slot slot="318">-</slot>
            <slot slot="319">-</slot>
            <slot slot="320">-</slot>
            <slot slot="321">-</slot>
            <slot slot="322">-</slot>
            <slot slot="323">-</slot>
            <slot slot="324">-</slot>
            <slot slot="325">-</slot>
            <slot slot="326">-</slot>
            <slot slot="327">-</slot>
            <slot slot="328">-</slot>
            <slot slot="329">-</slot>
            <slot slot="330">-</slot>
            <slot slot="331">-</slot>
            <slot slot="332">-</slot>
            <slot slot="333">-</slot>
            <slot slot="334">-</slot>
            <slot slot="335">-</slot>
            <slot slot="336">-</slot>
            <slot slot="337">-</slot>
            <slot slot="338">-</slot>
            <slot slot="339">-</slot>
            <slot slot="340">-</slot>
            <slot slot="341">-</slot>
            <slot slot="342">-</slot>
            <slot slot="343">-</slot>
            <slot slot="344">-</slot>
            <slot slot="345">-</slot>
            <slot slot="346">-</slot>
            <slot slot="347">-</slot>
            <slot slot="348">-</slot>
            <slot slot="349">-</slot>
            <slot slot="350">-</slot>
            <slot slot="351">-</slot>
            <slot slot="352">-</slot>
            <slot slot="353">-</slot>
            <slot slot="354">-</slot>
            <slot slot="355">-</slot>
            <slot slot="356">-</slot>
            <slot slot="357">-</slot>
            <slot slot="358">-</slot>
            <slot slot="359">-</slot>
            <slot slot="360">-</slot>
            <slot slot="361">-</slot>
            <slot slot="362">-</slot>
            <slot slot="363">-</slot>
            <slot slot="364">-</slot>
            <slot slot="365">-</slot>
            <slot slot="366">-</slot>
            <slot slot="367">-</slot>
            <slot slot="368">-</slot>
            <slot slot="369">-</slot>
            <slot slot="370">-</slot>
            <slot slot="371">-</slot>
            <slot slot="372">-</slot>
            <slot slot="373">-</slot>
            <slot slot="374">-</slot>
            <slot slot="375">-</slot>
            <slot slot="376">-</slot>
            <slot slot="377">-</slot>
            <slot slot="378">-</slot>
            <slot slot="379">-</slot>
            <slot slot="380">-</slot>
            <slot slot="381">-</slot>
            <slot slot="382">-</slot>
            <slot slot="383">-</slot>
            <slot slot="384">-</slot>
            <slot slot="385">-</slot>
            <slot slot="386">-</slot>
            <slot slot="387">-</slot>
            <slot slot="388">-</slot>
            <slot slot="389">-</slot>
            <slot slot="390">-</slot>
            <slot slot="391">-</slot>
            <slot slot="392">-</slot>
            <slot slot="393">-</slot>
            <slot slot="394">-</slot>
            <slot slot="395">-</slot>
            <slot slot="396">-</slot>
            <slot slot="397">-</slot>
            <slot slot="398">-</slot>
            <slot slot="399">-</slot>
            <slot slot="400">-</slot>
            <slot slot="401">-</slot>
            <slot slot="402">-</slot>
            <slot slot="403">-</slot>
            <slot slot="404">-</slot>
            <slot slot="405">-</slot>
            <slot slot="406">-</slot>
            <slot slot="407">-</slot>
            <slot slot="408">-</slot>
            <slot slot="409">-</slot>
            <slot slot="410">-</slot>
            <slot slot="411">-</slot>
            <slot slot="412">-</slot>
            <slot slot="413">-</slot>
            <slot slot="414">-</slot>
            <slot slot="415">-</slot>
            <slot slot="416">-</slot>
            <slot slot="417">-</slot>
            <slot slot="418">-</slot>
            <slot slot="419">-</slot>
            <slot slot="420">-</slot>
            <slot slot="421">-</slot>
            <slot slot="422">-</slot>
            <slot slot="423">-</slot>
            <slot slot="424">-</slot>
            <slot slot="425">-</slot>
            <slot slot="426">-</slot>
            <slot slot="427">-</slot>
            <slot slot="428">-</slot>
            <slot slot="429">-</slot>
            <slot slot="430">-</slot>
            <slot slot="431">-</slot>
            <slot slot="432">-</slot>
            <slot slot="433">-</slot>
            <slot slot="434">-</slot>
            <slot slot="435">-</slot>
            <slot slot="436">-</slot>
            <slot slot="437">-</slot>
            <slot slot="438">-</slot>
            <slot slot="439">-</slot>
            <slot slot="440">-</slot>
            <slot slot="441">-</slot>
            <slot slot="442">-</slot>
            <slot slot="443">-</slot>
            <slot slot="444">-</slot>
            <slot slot="445">-</slot>
            <slot slot="446">-</slot>
            <slot slot="447">-</slot>
            <slot slot="448">-</slot>
            <slot slot="449">-</slot>
            <slot slot="450">-</slot>
            <slot slot="451">-</slot>
            <slot slot="452">-</slot>
            <slot slot="453">-</slot>
            <slot slot="454">-</slot>
            <slot slot="455">-</slot>
            <slot slot="456">-</slot>
            <slot slot="457">-</slot>
            <slot slot="458">-</slot>
            <slot slot="459">-</slot>
            <slot slot="460">-</slot>
            <slot slot="461">-</slot>
            <slot slot="462">-</slot>
            <slot slot="463">-</slot>
            <slot slot="464">-</slot>
            <slot slot="465">-</slot>
            <slot slot="466">-</slot>
            <slot slot="467">-</slot>
            <slot slot="468">-</slot>
            <slot slot="469">-</slot>
            <slot slot="470">-</slot>
            <slot slot="471">-</slot>
            <slot slot="472">-</slot>
            <slot slot="473">-</slot>
            <slot slot="474">-</slot>
            <slot slot="475">-</slot>
            <slot slot="476">-</slot>
            <slot slot="477">-</slot>
            <slot slot="478">-</slot>
            <slot slot="479">-</slot>
            <slot slot="480">-</slot>
            <slot slot="481">-</slot>
            <slot slot="482">-</slot>
            <slot slot="483">-</slot>
            <slot slot="484">-</slot>
            <slot slot="485">-</slot>
            <slot slot="486">-</slot>
            <slot slot="487">-</slot>
            <slot slot="488">-</slot>
            <slot slot="489">-</slot>
            <slot slot="490">-</slot>
            <slot slot="491">-</slot>
            <slot slot="492">-</slot>
            <slot slot="493">-</slot>
            <slot slot="494">-</slot>
            <slot slot="495">-</slot>
            <slot slot="496">-</slot>
            <slot slot="497">-</slot>
            <slot slot="498">-</slot>
            <slot slot="499">-</slot>
            <slot slot="500">-</slot>
            <slot slot="501">-</slot>
            <slot slot="502">-</slot>
            <slot slot="503">-</slot>
            <slot slot="504">-</slot>
            <slot slot="505">-</slot>
            <slot slot="506">-</slot>
            <slot slot="507">-</slot>
            <slot slot="508">-</slot>
            <slot slot="509">-</slot>
            <slot slot="510">-</slot>
            <slot slot="511">-</slot>
            <slot slot="512">-</slot>
            <slot slot="513">-</slot>
            <slot slot="514">-</slot>
            <slot slot="515">-</slot>
            <slot slot="516">-</slot>
            <slot slot="517">-</slot>
            <slot slot="518">-</slot>
            <slot slot="519">-</slot>
            <slot slot="520">-</slot>
            <slot slot="521">-</slot>
            <slot slot="522">-</slot>
            <slot slot="523">-</slot>
            <slot slot="524">-</slot>
            <slot slot="525">-</slot>
            <slot slot="526">-</slot>
            <slot slot="527">-</slot>
            <slot slot="528">-</slot>
            <slot slot="529">-</slot>
            <slot slot="530">-</slot>
            <slot slot="531">-</slot>
            <slot slot="532">-</slot>
            <slot slot="533">-</slot>
            <slot slot="534">-</slot>
            <slot slot="535">-</slot>
            <slot slot="536">-</slot>
            <slot slot="537">-</slot>
            <slot slot="538">-</slot>
            <slot slot="539">-</slot>
            <slot slot="540">-</slot>
            <slot slot="541">-</slot>
            <slot slot="542">-</slot>
            <slot slot="543">-</slot>
            <slot slot="544">-</slot>
            <slot slot="545">-</slot>
            <slot slot="546">-</slot>
            <slot slot="547">-</slot>
            <slot slot="548">-</slot>
            <slot slot="549">-</slot>
            <slot slot="550">-</slot>
            <slot slot="551">-</slot>
            <slot slot="552">-</slot>
            <slot slot="553">-</slot>
            <slot slot="554">-</slot>
            <slot slot="555">-</slot>
            <slot slot="556">-</slot>
            <slot slot="557">-</slot>
            <slot slot="558">-</slot>
            <slot slot="559">-</slot>
            <slot slot="560">-</slot>
            <slot slot="561">-</slot>
            <slot slot="562">-</slot>
            <slot slot="563">-</slot>
            <slot slot="564">-</slot>
            <slot slot="565">-</slot>
            <slot slot="566">-</slot>
            <slot slot="567">-</slot>
            <slot slot="568">-</slot>
            <slot slot="569">-</slot>
            <slot slot="570">-</slot>
            <slot slot="571">-</slot>
            <slot slot="572">-</slot>
            <slot slot="573">-</slot>
            <slot slot="574">-</slot>
            <slot slot="575">-</slot>
            <slot slot="576">-</slot>
            <slot slot="577">-</slot>
            <slot slot="578">-</slot>
            <slot slot="579">-</slot>
            <slot slot="580">-</slot>
            <slot slot="581">-</slot>
            <slot slot="582">-</slot>
            <slot slot="583">-</slot>
            <slot slot="584">-</slot>
            <slot slot="585">-</slot>
            <slot slot="586">-</slot>
            <slot slot="587">-</slot>
            <slot slot="588">-</slot>
            <slot slot="589">-</slot>
            <slot slot="590">-</slot>
            <slot slot="591">-</slot>
            <slot slot="592">-</slot>
            <slot slot="593">-</slot>
            <slot slot="594">-</slot>
            <slot slot="595">-</slot>
            <slot slot="596">-</slot>
            <slot slot="597">-</slot>
            <slot slot="598">-</slot>
            <slot slot="599">-</slot>
            <slot slot="600">-</slot>
            <slot slot="601">-</slot>
            <slot slot="602">-</slot>
            <slot slot="603">-</slot>
            <slot slot="604">-</slot>
            <slot slot="605">-</slot>
            <slot slot="606">-</slot>
            <slot slot="607">-</slot>
            <slot slot="608">-</slot>
            <slot slot="609">-</slot>
            <slot slot="610">-</slot>
            <slot slot="611">-</slot>
            <slot slot="612">-</slot>
            <slot slot="613">-</slot>
            <slot slot="614">-</slot>
            <slot slot="615">-</slot>
            <slot slot="616">-</slot>
            <slot slot="617">-</slot>
            <slot slot="618">-</slot>
            <slot slot="619">-</slot>
            <slot slot="620">-</slot>
            <slot slot="621">-</slot>
            <slot slot="622">-</slot>
            <slot slot="623">-</slot>
            <slot slot="624">-</slot>
            <slot slot="625">-</slot>
            <slot slot="626">-</slot>
            <slot slot="627">-</slot>
            <slot slot="628">-</slot>
            <slot slot="629">-</slot>
            <slot slot="630">-</slot>
            <slot slot="631">-</slot>
            <slot slot="632">-</slot>
            <slot slot="633">-</slot>
            <slot slot="634">-</slot>
            <slot slot="635">-</slot>
            <slot slot="636">-</slot>
            <slot slot="637">-</slot>
            <slot slot="638">-</slot>
            <slot slot="639">-</slot>
            <slot slot="640">-</slot>
            <slot slot="641">-</slot>
            <slot slot="642">-</slot>
            <slot slot="643">-</slot>
            <slot slot="644">-</slot>
            <slot slot="645">-</slot>
            <slot slot="646">-</slot>
            <slot slot="647">-</slot>
            <slot slot="648">-</slot>
            <slot slot="649">-</slot>
            <slot slot="650">-</slot>
            <slot slot="651">-</slot>
            <slot slot="652">-</slot>
            <slot slot="653">-</slot>
            <slot slot="654">-</slot>
            <slot slot="655">-</slot>
            <slot slot="656">-</slot>
            <slot slot="657">-</slot>
            <slot slot="658">-</slot>
            <slot slot="659">-</slot>
            <slot slot="660">-</slot>
            <slot slot="661">-</slot>
            <slot slot="662">-</slot>
            <slot slot="663">-</slot>
            <slot slot="664">-</slot>
            <slot slot="665">-</slot>
            <slot slot="666">-</slot>
            <slot slot="667">-</slot>
            <slot slot="668">-</slot>
            <slot slot="669">-</slot>
            <slot slot="670">-</slot>
            <slot slot="671">-</slot>
            <slot slot="672">-</slot>
            <slot slot="673">-</slot>
            <slot slot="674">-</slot>
            <slot slot="675">-</slot>
            <slot slot="676">-</slot>
            <slot slot="677">-</slot>
            <slot slot="678">-</slot>
            <slot slot="679">-</slot>
            <slot slot="680">-</slot>
            <slot slot="681">-</slot>
            <slot slot="682">-</slot>
            <slot slot="683">-</slot>
            <slot slot="684">-</slot>
            <slot slot="685">-</slot>
            <slot slot="686">-</slot>
            <slot slot="687">-</slot>
            <slot slot="688">-</slot>
            <slot slot="689">-</slot>
            <slot slot="690">-</slot>
            <slot slot="691">-</slot>
            <slot slot="692">-</slot>
            <slot slot="693">-</slot>
            <slot slot="694">-</slot>
            <slot slot="695">-</slot>
            <slot slot="696">-</slot>
            <slot slot="697">-</slot>
            <slot slot="698">-</slot>
            <slot slot="699">-</slot>
            <slot slot="700">-</slot>
            <slot slot="701">-</slot>
            <slot slot="702">-</slot>
            <slot slot="703">-</slot>
            <slot slot="704">-</slot>
            <slot slot="705">-</slot>
            <slot slot="706">-</slot>
            <slot slot="707">-</slot>
            <slot slot="708">-</slot>
            <slot slot="709">-</slot>
            <slot slot="710">-</slot>
            <slot slot="711">-</slot>
            <slot slot="712">-</slot>
            <slot slot="713">-</slot>
            <slot slot="714">-</slot>
            <slot slot="715">-</slot>
            <slot slot="716">-</slot>
            <slot slot="717">-</slot>
            <slot slot="718">-</slot>
            <slot slot="719">-</slot>
            <slot slot="720">-</slot>
            <slot slot="721">-</slot>
            <slot slot="722">-</slot>
            <slot slot="723">-</slot>
            <slot slot="724">-</slot>
            <slot slot="725">-</slot>
            <slot slot="726">-</slot>
            <slot slot="727">-</slot>
            <slot slot="728">-</slot>
            <slot slot="729">-</slot>
            <slot slot="730">-</slot>
            <slot slot="731">-</slot>
            <slot slot="732">-</slot>
            <slot slot="733">-</slot>
            <slot slot="734">-</slot>
            <slot slot="735">-</slot>
            <slot slot="736">-</slot>
            <slot slot="737">-</slot>
            <slot slot="738">-</slot>
            <slot slot="739">-</slot>
            <slot slot="740">-</slot>
            <slot slot="741">-</slot>
            <slot slot="742">-</slot>
            <slot slot="743">-</slot>
            <slot slot="744">-</slot>
            <slot slot="745">-</slot>
            <slot slot="746">-</slot>
            <slot slot="747">-</slot>
            <slot slot="748">-</slot>
            <slot slot="749">-</slot>
            <slot slot="750">-</slot>
            <slot slot="751">-</slot>
            <slot slot="752">-</slot>
            <slot slot="753">-</slot>
            <slot slot="754">-</slot>
            <slot slot="755">-</slot>
            <slot slot="756">-</slot>
            <slot slot="757">-</slot>
            <slot slot="758">-</slot>
            <slot slot="759">-</slot>
            <slot slot="760">-</slot>
            <slot slot="761">-</slot>
            <slot slot="762">-</slot>
            <slot slot="763">-</slot>
            <slot slot="764">-</slot>
            <slot slot="765">-</slot>
            <slot slot="766">-</slot>
            <slot slot="767">-</slot>
            <slot slot="768">-</slot>
            <slot slot="769">-</slot>
            <slot slot="770">-</slot>
            <slot slot="771">-</slot>
            <slot slot="772">-</slot>
            <slot slot="773">-</slot>
            <slot slot="774">-</slot>
            <slot slot="775">-</slot>
            <slot slot="776">-</slot>
            <slot slot="777">-</slot>
            <slot slot="778">-</slot>
            <slot slot="779">-</slot>
            <slot slot="780">-</slot>
            <slot slot="781">-</slot>
            <slot slot="782">-</slot>
            <slot slot="783">-</slot>
            <slot slot="784">-</slot>
            <slot slot="785">-</slot>
            <slot slot="786">-</slot>
            <slot slot="787">-</slot>
            <slot slot="788">-</slot>
            <slot slot="789">-</slot>
            <slot slot="790">-</slot>
            <slot slot="791">-</slot>
            <slot slot="792">-</slot>
            <slot slot="793">-</slot>
            <slot slot="794">-</slot>
            <slot slot="795">-</slot>
            <slot slot="796">-</slot>
            <slot slot="797">-</slot>
            <slot slot="798">-</slot>
            <slot slot="799">-</slot>
            <slot slot="800">-</slot>
            <slot slot="801">-</slot>
            <slot slot="802">-</slot>
            <slot slot="803">-</slot>
            <slot slot="804">-</slot>
            <slot slot="805">-</slot>
            <slot slot="806">-</slot>
            <slot slot="807">-</slot>
            <slot slot="808">-</slot>
            <slot slot="809">-</slot>
            <slot slot="810">-</slot>
            <slot slot="811">-</slot>
            <slot slot="812">-</slot>
            <slot slot="813">-</slot>
            <slot slot="814">-</slot>
            <slot slot="815">-</slot>
            <slot slot="816">-</slot>
            <slot slot="817">-</slot>
            <slot slot="818">-</slot>
            <slot slot="819">-</slot>
            <slot slot="820">-</slot>
            <slot slot="821">-</slot>
            <slot slot="822">-</slot>
            <slot slot="823">-</slot>
            <slot slot="824">-</slot>
            <slot slot="825">-</slot>
            <slot slot="826">-</slot>
            <slot slot="827">-</slot>
            <slot slot="828">-</slot>
            <slot slot="829">-</slot>
            <slot slot="830">-</slot>
            <slot slot="831">-</slot>
            <slot slot="832">-</slot>
            <slot slot="833">-</slot>
            <slot slot="834">-</slot>
            <slot slot="835">-</slot>
            <slot slot="836">-</slot>
            <slot slot="837">-</slot>
            <slot slot="838">-</slot>
            <slot slot="839">-</slot>
            <slot slot="840">-</slot>
            <slot slot="841">-</slot>
            <slot slot="842">-</slot>
            <slot slot="843">-</slot>
            <slot slot="844">-</slot>
            <slot slot="845">-</slot>
            <slot slot="846">-</slot>
            <slot slot="847">-</slot>
            <slot slot="848">-</slot>
            <slot slot="849">-</slot>
            <slot slot="850">-</slot>
            <slot slot="851">-</slot>
            <slot slot="852">-</slot>
            <slot slot="853">-</slot>
            <slot slot="854">-</slot>
            <slot slot="855">-</slot>
            <slot slot="856">-</slot>
            <slot slot="857">-</slot>
            <slot slot="858">-</slot>
            <slot slot="859">-</slot>
            <slot slot="860">-</slot>
            <slot slot="861">-</slot>
            <slot slot="862">-</slot>
            <slot slot="863">-</slot>
            <slot slot="864">-</slot>
            <slot slot="865">-</slot>
            <slot slot="866">-</slot>
            <slot slot="867">-</slot>
            <slot slot="868">-</slot>
            <slot slot="869">-</slot>
            <slot slot="870">-</slot>
            <slot slot="871">-</slot>
            <slot slot="872">-</slot>
            <slot slot="873">-</slot>
            <slot slot="874">-</slot>
            <slot slot="875">-</slot>
            <slot slot="876">-</slot>
            <slot slot="877">-</slot>
            <slot slot="878">-</slot>
            <slot slot="879">-</slot>
            <slot slot="880">-</slot>
            <slot slot="881">-</slot>
            <slot slot="882">-</slot>
            <slot slot="883">-</slot>
            <slot slot="884">-</slot>
            <slot slot="885">-</slot>
            <slot slot="886">-</slot>
            <slot slot="887">-</slot>
            <slot slot="888">-</slot>
            <slot slot="889">-</slot>
            <slot slot="890">-</slot>
            <slot slot="891">-</slot>
            <slot slot="892">-</slot>
            <slot slot="893">-</slot>
            <slot slot="894">-</slot>
            <slot slot="895">-</slot>
            <slot slot="896">-</slot>
            <slot slot="897">-</slot>
            <slot slot="898">-</slot>
            <slot slot="899">-</slot>
            <slot slot="900">-</slot>
            <slot slot="901">-</slot>
            <slot slot="902">-</slot>
            <slot slot="903">-</slot>
            <slot slot="904">-</slot>
            <slot slot="905">-</slot>
            <slot slot="906">-</slot>
            <slot slot="907">-</slot>
            <slot slot="908">-</slot>
            <slot slot="909">-</slot>
            <slot slot="910">-</slot>
            <slot slot="911">-</slot>
            <slot slot="912">-</slot>
            <slot slot="913">-</slot>
            <slot slot="914">-</slot>
            <slot slot="915">-</slot>
            <slot slot="916">-</slot>
            <slot slot="917">-</slot>
            <slot slot="918">-</slot>
            <slot slot="919">-</slot>
            <slot slot="920">-</slot>
            <slot slot="921">-</slot>
            <slot slot="922">-</slot>
            <slot slot="923">-</slot>
            <slot slot="924">-</slot>
            <slot slot="925">-</slot>
            <slot slot="926">-</slot>
            <slot slot="927">-</slot>
            <slot slot="928">-</slot>
            <slot slot="929">-</slot>
            <slot slot="930">-</slot>
            <slot slot="931">-</slot>
            <slot slot="932">-</slot>
            <slot slot="933">-</slot>
            <slot slot="934">-</slot>
            <slot slot="935">-</slot>
            <slot slot="936">-</slot>
            <slot slot="937">-</slot>
            <slot slot="938">-</slot>
            <slot slot="939">-</slot>
            <slot slot="940">-</slot>
            <slot slot="941">-</slot>
            <slot slot="942">-</slot>
            <slot slot="943">-</slot>
            <slot slot="944">-</slot>
            <slot slot="945">-</slot>
            <slot slot="946">-</slot>
            <slot slot="947">-</slot>
            <slot slot="948">-</slot>
            <slot slot="949">-</slot>
            <slot slot="950">-</slot>
            <slot slot="951">-</slot>
            <slot slot="952">-</slot>
            <slot slot="953">-</slot>
            <slot slot="954">-</slot>
            <slot slot="955">-</slot>
            <slot slot="956">-</slot>
            <slot slot="957">-</slot>
            <slot slot="958">-</slot>
            <slot slot="959">-</slot>
            <slot slot="960">-</slot>
            <slot slot="961">-</slot>
            <slot slot="962">-</slot>
            <slot slot="963">-</slot>
            <slot slot="964">-</slot>
            <slot slot="965">-</slot>
            <slot slot="966">-</slot>
            <slot slot="967">-</slot>
            <slot slot="968">-</slot>
            <slot slot="969">-</slot>
            <slot slot="970">-</slot>
            <slot slot="971">-</slot>
            <slot slot="972">-</slot>
            <slot slot="973">-</slot>
            <slot slot="974">-</slot>
            <slot slot="975">-</slot>
            <slot slot="976">-</slot>
            <slot slot="977">-</slot>
            <slot slot="978">-</slot>
            <slot slot="979">-</slot>
            <slot slot="980">-</slot>
            <slot slot="981">-</slot>
            <slot slot="982">-</slot>
            <slot slot="983">-</slot>
            <slot slot="984">-</slot>
            <slot slot="985">-</slot>
            <slot slot="986">-</slot>
            <slot slot="987">-</slot>
            <slot slot="988">-</slot>
            <slot slot="989">-</slot>
            <slot slot="990">-</slot>
            <slot slot="991">-</slot>
            <slot slot="992">-</slot>
            <slot slot="993">-</slot>
            <slot slot="994">-</slot>
            <slot slot="995">-</slot>
            <slot slot="996">-</slot>
            <slot slot="997">-</slot>
            <slot slot="998">-</slot>
            <slot slot="999">-</slot>
            <slot slot="1000">-</slot>
            <slot slot="1001">-</slot>
            <slot slot="1002">-</slot>
            <slot slot="1003">-</slot>
            <slot slot="1004">-</slot>
            <slot slot="1005">-</slot>
            <slot slot="1006">-</slot>
            <slot slot="1007">-</slot>
            <slot slot="1008">-</slot>
            <slot slot="1009">-</slot>
            <slot slot="1010">-</slot>
            <slot slot="1011">-</slot>
            <slot slot="1012">-</slot>
            <slot slot="1013">-</slot>
            <slot slot="1014">-</slot>
            <slot slot="1015">-</slot>
            <slot slot="1016">-</slot>
            <slot slot="1017">-</slot>
            <slot slot="1018">-</slot>
            <slot slot="1019">-</slot>
            <slot slot="1020">-</slot>
            <slot slot="1021">-</slot>
            <slot slot="1022">-</slot>
            <slot slot="1023">-</slot>
            <slot slot="1024">-</slot>
            <slot slot="1025">-</slot>
            <slot slot="1026">-</slot>
            <slot slot="1027">-</slot>
            <slot slot="1028">-</slot>
            <slot slot="1029">-</slot>
            <slot slot="1030">-</slot>
            <slot slot="1031">-</slot>
            <slot slot="1032">-</slot>
            <slot slot="1033">-</slot>
            <slot slot="1034">-</slot>
            <slot slot="1035">-</slot>
            <slot slot="1036">-</slot>
            <slot slot="1037">-</slot>
            <slot slot="1038">-</slot>
            <slot slot="1039">-</slot>
            <slot slot="1040">-</slot>
            <slot slot="1041">-</slot>
            <slot slot="1042">-</slot>
            <slot slot="1043">-</slot>
            <slot slot="1044">-</slot>
            <slot slot="1045">-</slot>
            <slot slot="1046">-</slot>
            <slot slot="1047">-</slot>
            <slot slot="1048">-</slot>
            <slot slot="1049">-</slot>
            <slot slot="1050">-</slot>
            <slot slot="1051">-</slot>
            <slot slot="1052">-</slot>
            <slot slot="1053">-</slot>
            <slot slot="1054">-</slot>
            <slot slot="1055">-</slot>
            <slot slot="1056">-</slot>
            <slot slot="1057">-</slot>
            <slot slot="1058">-</slot>
            <slot slot="1059">-</slot>
            <slot slot="1060">-</slot>
            <slot slot="1061">-</slot>
            <slot slot="1062">-</slot>
            <slot slot="1063">-</slot>
            <slot slot="1064">-</slot>
            <slot slot="1065">-</slot>
            <slot slot="1066">-</slot>
            <slot slot="1067">-</slot>
            <slot slot="1068">-</slot>
            <slot slot="1069">-</slot>
            <slot slot="1070">-</slot>
            <slot slot="1071">-</slot>
            <slot slot="1072">-</slot>
            <slot slot="1073">-</slot>
            <slot slot="1074">-</slot>
            <slot slot="1075">-</slot>
            <slot slot="1076">-</slot>
            <slot slot="1077">-</slot>
            <slot slot="1078">-</slot>
            <slot slot="1079">-</slot>
            <slot slot="1080">-</slot>
            <slot slot="1081">-</slot>
            <slot slot="1082">-</slot>
            <slot slot="1083">-</slot>
            <slot slot="1084">-</slot>
            <slot slot="1085">-</slot>
            <slot slot="1086">-</slot>
            <slot slot="1087">-</slot>
            <slot slot="1088">-</slot>
            <slot slot="1089">-</slot>
            <slot slot="1090">-</slot>
            <slot slot="1091">-</slot>
            <slot slot="1092">-</slot>
            <slot slot="1093">-</slot>
            <slot slot="1094">-</slot>
            <slot slot="1095">-</slot>
            <slot slot="1096">-</slot>
            <slot slot="1097">-</slot>
            <slot slot="1098">-</slot>
            <slot slot="1099">-</slot>
            <slot slot="1100">-</slot>
            <slot slot="1101">-</slot>
            <slot slot="1102">-</slot>
            <slot slot="1103">-</slot>
            <slot slot="1104">-</slot>
            <slot slot="1105">-</slot>
            <slot slot="1106">-</slot>
            <slot slot="1107">-</slot>
            <slot slot="1108">-</slot>
            <slot slot="1109">-</slot>
            <slot slot="1110">-</slot>
            <slot slot="1111">-</slot>
            <slot slot="1112">-</slot>
            <slot slot="1113">-</slot>
            <slot slot="1114">-</slot>
            <slot slot="1115">-</slot>
            <slot slot="1116">-</slot>
            <slot slot="1117">-</slot>
            <slot slot="1118">-</slot>
            <slot slot="1119">-</slot>
            <slot slot="1120">D0N4</slot>
            <slot slot="1121">D0N4</slot>
            <slot slot="1122">D0N4</slot>
            <slot slot="1123">D0N4</slot>
            <slot slot="1124">D0N4</slot>
            <slot slot="1125">D0N4</slot>
            <slot slot="1126">D0N4</slot>
            <slot slot="1127">D0N4</slot>
            <slot slot="1128">D0N4</slot>
            <slot slot="1129">D0N4</slot>
            <slot slot="1130">D0N4</slot>
            <slot slot="1131">D0N4</slot>
            <slot slot="1132">D0N4</slot>
            <slot slot="1133">D0N4</slot>
            <slot slot="1134">D0N4</slot>
            <slot slot="1135">D0N4</slot>
            <slot slot="1136">D0N4</slot>
            <slot slot="1137">D0N4</slot>
            <slot slot="1138">D0N4</slot>
            <slot slot="1139">D0N4</slot>
            <slot slot="1140">D0N4</slot>
            <slot slot="1141">D0N4</slot>
            <slot slot="1142">D0N4</slot>
            <slot slot="1143">D0N4</slot>
            <slot slot="1144">D0N4</slot>
            <slot slot="1145">D0N4</slot>
            <slot slot="1146">D0N4</slot>
            <slot slot="1147">D0N4</slot>
            <slot slot="1148">D0N4</slot>
            <slot slot="1149">D0N4</slot>
            <slot slot="1150">D0N6</slot>
            <slot slot="1151">D0N6</slot>
            <slot slot="1152">D0N6</slot>
            <slot slot="1153">D0N6</slot>
            <slot slot="1154">D0N6</slot>
            <slot slot="1155">D0N6</slot>
            <slot slot="1156">D0N6</slot>
            <slot slot="1157">D0N6</slot>
            <slot slot="1158">D0N6</slot>
            <slot slot="1159">D0N6</slot>
            <slot slot="1160">D0N6</slot>
            <slot slot="1161">D0N6</slot>
            <slot slot="1162">D0N6</slot>
            <slot slot="1163">D0N6</slot>
            <slot slot="1164">D0N6</slot>
            <slot slot="1165">D0N6</slot>
            <slot slot="1166">D0N6</slot>
            <slot slot="1167">D0N6</slot>
            <slot slot="1168">D0N6</slot>
            <slot slot="1169">D0N6</slot>
            <slot slot="1170">D0N6</slot>
            <slot slot="1171">D0N6</slot>
            <slot slot="1172">D0N6</slot>
            <slot slot="1173">D0N6</slot>
            <slot slot="1174">D0N6</slot>
            <slot slot="1175">D0N6</slot>
            <slot slot="1176">D0N6</slot>
            <slot slot="1177">D0N6</slot>
            <slot slot="1178">D0N6</slot>
            <slot slot="1179">D0N6</slot>
            <slot slot="1180">D0N6</slot>
            <slot slot="1181">D0N6</slot>
            <slot slot="1182">D0N6</slot>
            <slot slot="1183">D0N6</slot>
            <slot slot="1184">D0N6</slot>
            <slot slot="1185">D0N6</slot>
            <slot slot="1186">D0N6</slot>
            <slot slot="1187">D0N6</slot>
            <slot slot="1188">D0N6</slot>
            <slot slot="1189">D0N6</slot>
            <slot slot="1190">D0N6</slot>
            <slot slot="1191">D0N6</slot>
            <slot slot="1192">D0N6</slot>
            <slot slot="1193">D0N6</slot>
            <slot slot="1194">D0N6</slot>
            <slot slot="1195">D0N6</slot>
            <slot slot="1196">D0N6</slot>
            <slot slot="1197">D0N6</slot>
            <slot slot="1198">D0N6</slot>
            <slot slot="1199">D0N6</slot>
            <slot slot="1200">D0N6</slot>
            <slot slot="1201">D0N6</slot>
            <slot slot="1202">D0N6</slot>
            <slot slot="1203">D0N6</slot>
            <slot slot="1204">D0N6</slot>
            <slot slot="1205">D0N6</slot>
            <slot slot="1206">D0N6</slot>
            <slot slot="1207">D0N6</slot>
            <slot slot="1208">D0N6</slot>
            <slot slot="1209">D0N6</slot>
            <slot slot="1210">D0N6</slot>
            <slot slot="1211">D0N6</slot>
            <slot slot="1212">D0N6</slot>
            <slot slot="1213">D0N6</slot>
            <slot slot="1214">D0N6</slot>
            <slot slot="1215">D0N6</slot>
            <slot slot="1216">D0N6</slot>
            <slot slot="1217">D0N6</slot>
            <slot slot="1218">D0N6</slot>
            <slot slot="1219">D0N6</slot>
            <slot slot="1220">D0N6</slot>
            <slot slot="1221">D0N6</slot>
            <slot slot="1222">D0N6</slot>
            <slot slot="1223">D0N6</slot>
            <slot slot="1224">D0N6</slot>
            <slot slot="1225">D0N6</slot>
            <slot slot="1226">D0N6</slot>
            <slot slot="1227">D0N6</slot>
            <slot slot="1228">D0N6</slot>
            <slot slot="1229">D0N6</slot>
            <slot slot="1230">D0N6</slot>
            <slot slot="1231">D0N6</slot>
            <slot slot="1232">D0N6</slot>
            <slot slot="1233">D0N6</slot>
            <slot slot="1234">D0N6</slot>
            <slot slot="1235">D0N6</slot>
            <slot slot="1236">D0N6</slot>
            <slot slot="1237">D0N6</slot>
            <slot slot="1238">D0N6</slot>
            <slot slot="1239">D0N6</slot>
            <slot slot="1240">D0N6</slot>
            <slot slot="1241">D0N6</slot>
            <slot slot="1242">D0N6</slot>
            <slot slot="1243">D0N6</slot>
            <slot slot="1244">D0N6</slot>
            <slot slot="1245">D0N6</slot>
            <slot slot="1246">D0N6</slot>
            <slot slot="1247">D0N6</slot>
            <slot slot="1248">D0N6</slot>
            <slot slot="1249">D0N6</slot>
            <slot slot="1250">D0N6</slot>
            <slot slot="1251">D0N6</slot>
            <slot slot="1252">D0N6</slot>
            <slot slot="1253">D0N6</slot>
            <slot slot="1254">D0N6</slot>
            <slot slot="1255">D0N6</slot>
            <slot slot="1256">D0N6</slot>
            <slot slot="1257">D0N6</slot>
            <slot slot="1258">D0N6</slot>
            <slot slot="1259">D0N6</slot>
            <slot slot="1260">D0N6</slot>
            <slot slot="1261">D0N6</slot>
            <slot slot="1262">D0N6</slot>
            <slot slot="1263">D0N6</slot>
            <slot slot="1264">D0N6</slot>
            <slot slot="1265">D0N6</slot>
            <slot slot="1266">D0N6</slot>
            <slot slot="1267">D0N6</slot>
            <slot slot="1268">D0N6</slot>
            <slot slot="1269">D0N6</slot>
            <slot slot="1270">D0N6</slot>
            <slot slot="1271">D0N6</slot>
            <slot slot="1272">D0N6</slot>
            <slot slot="1273">D0N6</slot>
            <slot slot="1274">D0N6</slot>
            <slot slot="1275">D0N6</slot>
            <slot slot="1276">D0N6</slot>
            <slot slot="1277">D0N6</slot>
            <slot slot="1278">D0N6</slot>
            <slot slot="1279">D0N6</slot>
            <slot slot="1280">D0N6</slot>
            <slot slot="1281">D0N6</slot>
            <slot slot="1282">D0N6</slot>
            <slot slot="1283">D0N6</slot>
            <slot slot="1284">D0N6</slot>
            <slot slot="1285">D0N6</slot>
            <slot slot="1286">D0N6</slot>
            <slot slot="1287">D0N6</slot>
            <slot slot="1288">D0N6</slot>
            <slot slot="1289">D0N6</slot>
            <slot slot="1290">D0N6</slot>
            <slot slot="1291">D0N6</slot>
            <slot slot="1292">D0N6</slot>
            <slot slot="1293">D0N6</slot>
            <slot slot="1294">D0N6</slot>
            <slot slot="1295">D0N6</slot>
            <slot slot="1296">D0N6</slot>
            <slot slot="1297">D0N6</slot>
            <slot slot="1298">D0N6</slot>
            <slot slot="1299">D0N6</slot>
            <slot slot="1300">D0N6</slot>
            <slot slot="1301">D0N6</slot>
            <slot slot="1302">D0N6</slot>
            <slot slot="1303">D0N6</slot>
            <slot slot="1304">D0N6</slot>
            <slot slot="1305">D0N6</slot>
            <slot slot="1306">D0N6</slot>
            <slot slot="1307">D0N6</slot>
            <slot slot="1308">D0N6</slot>
            <slot slot="1309">D0N6</slot>
            <slot slot="1310">D0N6</slot>
            <slot slot="1311">D0N6</slot>
            <slot slot="1312">D0N6</slot>
            <slot slot="1313">D0N6</slot>
            <slot slot="1314">D0N6</slot>
            <slot slot="1315">D0N6</slot>
            <slot slot="1316">D0N6</slot>
            <slot slot="1317">D0N6</slot>
            <slot slot="1318">D0N6</slot>
            <slot slot="1319">D0N6</slot>
            <slot slot="1320">D0N6</slot>
            <slot slot="1321">D0N6</slot>
            <slot slot="1322">D0N6</slot>
            <slot slot="1323">D0N6</slot>
            <slot slot="1324">D0N6</slot>
            <slot slot="1325">D0N6</slot>
            <slot slot="1326">D0N6</slot>
            <slot slot="1327">D0N6</slot>
            <slot slot="1328">D0N6</slot>
            <slot slot="1329">D0N6</slot>
            <slot slot="1330">D0N6</slot>
            <slot slot="1331">D0N6</slot>
            <slot slot="1332">D0N6</slot>
            <slot slot="1333">D0N6</slot>
            <slot slot="1334">D0N6</slot>
            <slot slot="1335">D0N6</slot>
            <slot slot="1336">D0N6</slot>
            <slot slot="1337">D0N6</slot>
            <slot slot="1338">D0N6</slot>
            <slot slot="1339">D0N6</slot>
            <slot slot="1340">D0N6</slot>
            <slot slot="1341">D0N6</slot>
            <slot slot="1342">D0N6</slot>
            <slot slot="1343">D0N6</slot>
            <slot slot="1344">D0N6</slot>
            <slot slot="1345">D0N6</slot>
            <slot slot="1346">D0N6</slot>
            <slot slot="1347">D0N6</slot>
            <slot slot="1348">D0N6</slot>
            <slot slot="1349">D0N6</slot>
            <slot slot="1350">D0N6</slot>
            <slot slot="1351">D0N6</slot>
            <slot slot="1352">D0N6</slot>
            <slot slot="1353">D0N6</slot>
            <slot slot="1354">D0N6</slot>
            <slot slot="1355">D0N6</slot>
            <slot slot="1356">D0N6</slot>
            <slot slot="1357">D0N6</slot>
            <slot slot="1358">D0N6</slot>
            <slot slot="1359">D0N6</slot>
            <slot slot="1360">D0N6</slot>
            <slot slot="1361">D0N6</slot>
            <slot slot="1362">D0N6</slot>
            <slot slot="1363">D0N6</slot>
            <slot slot="1364">D0N6</slot>
            <slot slot="1365">D0N6</slot>
            <slot slot="1366">D0N6</slot>
            <slot slot="1367">D0N6</slot>
            <slot slot="1368">D0N6</slot>
            <slot slot="1369">D0N6</slot>
            <slot slot="1370">D0N6</slot>
            <slot slot="1371">D0N6</slot>
            <slot slot="1372">D0N6</slot>
            <slot slot="1373">D0N6</slot>
            <slot slot="1374">D0N6</slot>
            <slot slot="1375">D0N6</slot>
            <slot slot="1376">D0N6</slot>
            <slot slot="1377">D0N6</slot>
            <slot slot="1378">D0N6</slot>
            <slot slot="1379">D0N6</slot>
            <slot slot="1380">D0N6</slot>
            <slot slot="1381">D0N6</slot>
            <slot slot="1382">D0N6</slot>
            <slot slot="1383">D0N6</slot>
            <slot slot="1384">D0N6</slot>
            <slot slot="1385">D0N6</slot>
            <slot slot="1386">D0N6</slot>
            <slot slot="1387">D0N6</slot>
            <slot slot="1388">D0N6</slot>
            <slot slot="1389">D0N6</slot>
            <slot slot="1390">D0N6</slot>
            <slot slot="1391">D0N6</slot>
            <slot slot="1392">D0N6</slot>
            <slot slot="1393">D0N6</slot>
            <slot slot="1394">D0N6</slot>
            <slot slot="1395">D0N6</slot>
            <slot slot="1396">D0N6</slot>
            <slot slot="1397">D0N6</slot>
            <slot slot="1398">D0N6</slot>
            <slot slot="1399">D0N6</slot>
            <slot slot="1400">D0N11</slot>
            <slot slot="1401">D0N11</slot>
            <slot slot="1402">D0N11</slot>
            <slot slot="1403">D0N11</slot>
            <slot slot="1404">D0N11</slot>
            <slot slot="1405">D0N11</slot>
            <slot slot="1406">D0N11</slot>
            <slot slot="1407">D0N11</slot>
            <slot slot="1408">D0N11</slot>
            <slot slot="1409">D0N11</slot>
            <slot slot="1410">D0N11</slot>
            <slot slot="1411">D0N11</slot>
            <slot slot="1412">D0N11</slot>
            <slot slot="1413">D0N11</slot>
            <slot slot="1414">D0N11</slot>
            <slot slot="1415">D0N11</slot>
            <slot slot="1416">D0N11</slot>
            <slot slot="1417">D0N11</slot>
            <slot slot="1418">D0N11</slot>
            <slot slot="1419">D0N11</slot>
            <slot slot="1420">D0N11</slot>
            <slot slot="1421">D0N11</slot>
            <slot slot="1422">D0N11</slot>
            <slot slot="1423">D0N11</slot>
            <slot slot="1424">D0N11</slot>
            <slot slot="1425">D0N11</slot>
            <slot slot="1426">D0N11</slot>
            <slot slot="1427">D0N11</slot>
            <slot slot="1428">D0N11</slot>
            <slot slot="1429">D0N11</slot>
            <slot slot="1430">D0N15</slot>
            <slot slot="1431">D0N15</slot>
            <slot slot="1432">D0N15</slot>
            <slot slot="1433">D0N15</slot>
            <slot slot="1434">D0N15</slot>
            <slot slot="1435">D0N15</slot>
            <slot slot="1436">D0N15</slot>
            <slot slot="1437">D0N15</slot>
            <slot slot="1438">D0N15</slot>
            <slot slot="1439">D0N15</slot>
            <slot slot="1440">D0N15</slot>
            <slot slot="1441">D0N15</slot>
            <slot slot="1442">D0N15</slot>
            <slot slot="1443">D0N15</slot>
            <slot slot="1444">D0N15</slot>
            <slot slot="1445">D0N15</slot>
            <slot slot="1446">D0N15</slot>
            <slot slot="1447">D0N15</slot>
            <slot slot="1448">D0N15</slot>
            <slot slot="1449">D0N15</slot>
            <slot slot="1450">D0N15</slot>
            <slot slot="1451">D0N15</slot>
            <slot slot="1452">D0N15</slot>
            <slot slot="1453">D0N15</slot>
            <slot slot="1454">D0N15</slot>
            <slot slot="1455">D0N15</slot>
            <slot slot="1456">D0N15</slot>
            <slot slot="1457">D0N15</slot>
            <slot slot="1458">D0N15</slot>
            <slot slot="1459">D0N15</slot>
            <slot slot="1460">D0N15</slot>
            <slot slot="1461">D0N15</slot>
            <slot slot="1462">D0N15</slot>
            <slot slot="1463">D0N15</slot>
            <slot slot="1464">D0N15</slot>
            <slot slot="1465">D0N15</slot>
            <slot slot="1466">D0N15</slot>
            <slot slot="1467">D0N15</slot>
            <slot slot="1468">D0N15</slot>
            <slot slot="1469">D0N15</slot>
            <slot slot="1470">D0N15</slot>
            <slot slot="1471">D0N15</slot>
            <slot slot="1472">D0N15</slot>
            <slot slot="1473">D0N15</slot>
            <slot slot="1474">D0N15</slot>
            <slot slot="1475">D0N15</slot>
            <slot slot="1476">D0N15</slot>
            <slot slot="1477">D0N15</slot>
            <slot slot="1478">D0N15</slot>
            <slot slot="1479">D0N15</slot>
            <slot slot="1480">D0N15</slot>
            <slot slot="1481">D0N15</slot>
            <slot slot="1482">D0N15</slot>
            <slot slot="1483">D0N15</slot>
            <slot slot="1484">D0N15</slot>
            <slot slot="1485">D0N15</slot>
            <slot slot="1486">D0N15</slot>
            <slot slot="1487">D0N15</slot>
            <slot slot="1488">D0N15</slot>
            <slot slot="1489">D0N15</slot>
            <slot slot="1490">D0N15</slot>
            <slot slot="1491">D0N15</slot>
            <slot slot="1492">D0N15</slot>
            <slot slot="1493">D0N15</slot>
            <slot slot="1494">D0N15</slot>
            <slot slot="1495">D0N15</slot>
            <slot slot="1496">D0N15</slot>
            <slot slot="1497">D0N15</slot>
            <slot slot="1498">D0N15</slot>
            <slot slot="1499">D0N15</slot>
            <slot slot="1500">D0N15</slot>
            <slot slot="1501">D0N15</slot>
            <slot slot="1502">D0N15</slot>
            <slot slot="1503">D0N15</slot>
            <slot slot="1504">D0N15</slot>
            <slot slot="1505">D0N15</slot>
            <slot slot="1506">D0N15</slot>
            <slot slot="1507">D0N15</slot>
            <slot slot="1508">D0N15</slot>
            <slot slot="1509">D0N15</slot>
            <slot slot="1510">D0N15</slot>
            <slot slot="1511">D0N15</slot>
            <slot slot="1512">D0N15</slot>
            <slot slot="1513">D0N15</slot>
            <slot slot="1514">D0N15</slot>
            <slot slot="1515">D0N15</slot>
            <slot slot="1516">D0N15</slot>
            <slot slot="1517">D0N15</slot>
            <slot slot="1518">D0N15</slot>
            <slot slot="1519">D0N15</slot>
            <slot slot="1520">D0N15</slot>
            <slot slot="1521">D0N15</slot>
            <slot slot="1522">D0N15</slot>
            <slot slot="1523">D0N15</slot>
            <slot slot="1524">D0N15</slot>
            <slot slot="1525">D0N15</slot>
            <slot slot="1526">D0N15</slot>
            <slot slot="1527">D0N15</slot>
            <slot slot="1528">D0N15</slot>
            <slot slot="1529">D0N15</slot>
            <slot slot="1530">D0N15</slot>
            <slot slot="1531">D0N15</slot>
            <slot slot="1532">D0N15</slot>
            <slot slot="1533">D0N15</slot>
            <slot slot="1534">D0N15</slot>
            <slot slot="1535">D0N15</slot>
            <slot slot="1536">D0N15</slot>
            <slot slot="1537">D0N15</slot>
            <slot slot="1538">D0N15</slot>
            <slot slot="1539">D0N15</slot>
            <slot slot="1540">D0N15</slot>
            <slot slot="1541">D0N15</slot>
            <slot slot="1542">D0N15</slot>
            <slot slot="1543">D0N15</slot>
            <slot slot="1544">D0N15</slot>
            <slot slot="1545">D0N15</slot>
            <slot slot="1546">D0N15</slot>
            <slot slot="1547">D0N15</slot>
            <slot slot="1548">D0N15</slot>
            <slot slot="1549">D0N15</slot>
            <slot slot="1550">D0N15</slot>
            <slot slot="1551">D0N15</slot>
            <slot slot="1552">D0N15</slot>
            <slot slot="1553">D0N15</slot>
            <slot slot="1554">D0N15</slot>
            <slot slot="1555">D0N15</slot>
            <slot slot="1556">D0N15</slot>
            <slot slot="1557">D0N15</slot>
            <slot slot="1558">D0N15</slot>
            <slot slot="1559">D0N15</slot>
            <slot slot="1560">D0N15</slot>
            <slot slot="1561">D0N15</slot>
            <slot slot="1562">D0N15</slot>
            <slot slot="1563">D0N15</slot>
            <slot slot="1564">D0N15</slot>
            <slot slot="1565">D0N15</slot>
            <slot slot="1566">D0N15</slot>
            <slot slot="1567">D0N15</slot>
            <slot slot="1568">D0N15</slot>
            <slot slot="1569">D0N15</slot>
            <slot slot="1570">D0N15</slot>
            <slot slot="1571">D0N15</slot>
            <slot slot="1572">D0N15</slot>
            <slot slot="1573">D0N15</slot>
            <slot slot="1574">D0N15</slot>
            <slot slot="1575">D0N15</slot>
            <slot slot="1576">D0N15</slot>
            <slot slot="1577">D0N15</slot>
            <slot slot="1578">D0N15</slot>
            <slot slot="1579">D0N15</slot>
            <slot slot="1580">D0N15</slot>
            <slot slot="1581">D0N15</slot>
            <slot slot="1582">D0N15</slot>
            <slot slot="1583">D0N15</slot>
            <slot slot="1584">D0N15</slot>
            <slot slot="1585">D0N15</slot>
            <slot slot="1586">D0N15</slot>
            <slot slot="1587">D0N15</slot>
            <slot slot="1588">D0N15</slot>
            <slot slot="1589">D0N15</slot>
            <slot slot="1590">D0N17</slot>
            <slot slot="1591">D0N17</slot>
            <slot slot="1592">D0N17</slot>
            <slot slot="1593">D0N17</slot>
            <slot slot="1594">D0N17</slot>
            <slot slot="1595">D0N17</slot>
            <slot slot="1596">D0N17</slot>
            <slot slot="1597">D0N17</slot>
            <slot slot="1598">D0N17</slot>
            <slot slot="1599">D0N17</slot>
            <slot slot="1600">D0N17</slot>
            <slot slot="1601">D0N17</slot>
            <slot slot="1602">D0N17</slot>
            <slot slot="1603">D0N17</slot>
            <slot slot="1604">D0N17</slot>
            <slot slot="1605">D0N17</slot>
            <slot slot="1606">D0N17</slot>
            <slot slot="1607">D0N17</slot>
            <slot slot="1608">D0N17</slot>
            <slot slot="1609">D0N17</slot>
            <slot slot="1610">D0N17</slot>
            <slot slot="1611">D0N17</slot>
            <slot slot="1612">D0N17</slot>
            <slot slot="1613">D0N17</slot>
            <slot slot="1614">D0N17</slot>
            <slot slot="1615">D0N17</slot>
            <slot slot="1616">D0N17</slot>
            <slot slot="1617">D0N17</slot>
            <slot slot="1618">D0N17</slot>
            <slot slot="1619">D0N17</slot>
            <slot slot="1620">D0N17</slot>
            <slot slot="1621">D0N17</slot>
            <slot slot="1622">D0N17</slot>
            <slot slot="1623">D0N17</slot>
            <slot slot="1624">D0N17</slot>
            <slot slot="1625">D0N17</slot>
            <slot slot="1626">D0N17</slot>
            <slot slot="1627">D0N17</slot>
            <slot slot="1628">D0N17</slot>
            <slot slot="1629">D0N17</slot>
            <slot slot="1630">D0N17</slot>
            <slot slot="1631">D0N17</slot>
            <slot slot="1632">D0N17</slot>
            <slot slot="1633">D0N17</slot>
            <slot slot="1634">D0N17</slot>
            <slot slot="1635">D0N17</slot>
            <slot slot="1636">D0N17</slot>
            <slot slot="1637">D0N17</slot>
            <slot slot="1638">D0N17</slot>
            <slot slot="1639">D0N17</slot>
            <slot slot="1640">D0N17</slot>
            <slot slot="1641">D0N17</slot>
            <slot slot="1642">D0N17</slot>
            <slot slot="1643">D0N17</slot>
            <slot slot="1644">D0N17</slot>
            <slot slot="1645">D0N17</slot>
            <slot slot="1646">D0N17</slot>
            <slot slot="1647">D0N17</slot>
            <slot slot="1648">D0N17</slot>
            <slot slot="1649">D0N17</slot>
            <slot slot="1650">D0N17</slot>
            <slot slot="1651">D0N17</slot>
            <slot slot="1652">D0N17</slot>
            <slot slot="1653">D0N17</slot>
            <slot slot="1654">D0N17</slot>
            <slot slot="1655">D0N17</slot>
            <slot slot="1656">D0N17</slot>
            <slot slot="1657">D0N17</slot>
            <slot slot="1658">D0N17</slot>
            <slot slot="1659">D0N17</slot>
            <slot slot="1660">D0N17</slot>
            <slot slot="1661">D0N17</slot>
            <slot slot="1662">D0N17</slot>
            <slot slot="1663">D0N17</slot>
            <slot slot="1664">D0N17</slot>
            <slot slot="1665">D0N17</slot>
            <slot slot="1666">D0N17</slot>
            <slot slot="1667">D0N17</slot>
            <slot slot="1668">D0N17</slot>
            <slot slot="1669">D0N17</slot>
            <slot slot="1670">D0N17</slot>
            <slot slot="1671">D0N17</slot>
            <slot slot="1672">D0N17</slot>
            <slot slot="1673">D0N17</slot>
            <slot slot="1674">D0N17</slot>
            <slot slot="1675">D0N17</slot>
            <slot slot="1676">D0N17</slot>
            <slot slot="1677">D0N17</slot>
            <slot slot="1678">D0N17</slot>
            <slot slot="1679">D0N17</slot>
            <slot slot="1680">D0N17</slot>
            <slot slot="1681">D0N17</slot>
            <slot slot="1682">D0N17</slot>
            <slot slot="1683">D0N17</slot>
            <slot slot="1684">D0N17</slot>
            <slot slot="1685">D0N17</slot>
            <slot slot="1686">D0N17</slot>
            <slot slot="1687">D0N17</slot>
            <slot slot="1688">D0N17</slot>
            <slot slot="1689">D0N17</slot>
            <slot slot="1690">D0N17</slot>
            <slot slot="1691">D0N17</slot>
            <slot slot="1692">D0N17</slot>
            <slot slot="1693">D0N17</slot>
            <slot slot="1694">D0N17</slot>
            <slot slot="1695">D0N17</slot>
            <slot slot="1696">D0N17</slot>
            <slot slot="1697">D0N17</slot>
            <slot slot="1698">D0N17</slot>
            <slot slot="1699">D0N17</slot>
            <slot slot="1700">D0N17</slot>
            <slot slot="1701">D0N17</slot>
            <slot slot="1702">D0N17</slot>
            <slot slot="1703">D0N17</slot>
            <slot slot="1704">D0N17</slot>
            <slot slot="1705">D0N17</slot>
            <slot slot="1706">D0N17</slot>
            <slot slot="1707">D0N17</slot>
            <slot slot="1708">D0N17</slot>
            <slot slot="1709">D0N17</slot>
            <slot slot="1710">D0N17</slot>
            <slot slot="1711">D0N17</slot>
            <slot slot="1712">D0N17</slot>
            <slot slot="1713">D0N17</slot>
            <slot slot="1714">D0N17</slot>
            <slot slot="1715">D0N17</slot>
            <slot slot="1716">D0N17</slot>
            <slot slot="1717">D0N17</slot>
            <slot slot="1718">D0N17</slot>
            <slot slot="1719">D0N17</slot>
            <slot slot="1720">D0N17</slot>
            <slot slot="1721">D0N17</slot>
            <slot slot="1722">D0N17</slot>
            <slot slot="1723">D0N17</slot>
            <slot slot="1724">D0N17</slot>
            <slot slot="1725">D0N17</slot>
            <slot slot="1726">D0N17</slot>
            <slot slot="1727">D0N17</slot>
            <slot slot="1728">D0N17</slot>
            <slot slot="1729">D0N17</slot>
            <slot slot="1730">D0N17</slot>
            <slot slot="1731">D0N17</slot>
            <slot slot="1732">D0N17</slot>
            <slot slot="1733">D0N17</slot>
            <slot slot="1734">D0N17</slot>
            <slot slot="1735">D0N17</slot>
            <slot slot="1736">D0N17</slot>
            <slot slot="1737">D0N17</slot>
            <slot slot="1738">D0N17</slot>
            <slot slot="1739">D0N17</slot>
            <slot slot="1740">D0N17</slot>
            <slot slot="1741">D0N17</slot>
            <slot slot="1742">D0N17</slot>
            <slot slot="1743">D0N17</slot>
            <slot slot="1744">D0N17</slot>
            <slot slot="1745">D0N17</slot>
            <slot slot="1746">D0N17</slot>
            <slot slot="1747">D0N17</slot>
            <slot slot="1748">D0N17</slot>
            <slot slot="1749">D0N17</slot>
            <slot slot="1750">D0N17</slot>
            <slot slot="1751">D0N17</slot>
            <slot slot="1752">D0N17</slot>
            <slot slot="1753">D0N17</slot>
            <slot slot="1754">D0N17</slot>
            <slot slot="1755">D0N17</slot>
            <slot slot="1756">D0N17</slot>
            <slot slot="1757">D0N17</slot>
            <slot slot="1758">D0N17</slot>
            <slot slot="1759">D0N17</slot>
            <slot slot="1760">D0N17</slot>
            <slot slot="1761">D0N17</slot>
            <slot slot="1762">D0N17</slot>
            <slot slot="1763">D0N17</slot>
            <slot slot="1764">D0N17</slot>
            <slot slot="1765">D0N17</slot>
            <slot slot="1766">D0N17</slot>
            <slot slot="1767">D0N17</slot>
            <slot slot="1768">D0N17</slot>
            <slot slot="1769">D0N17</slot>
            <slot slot="1770">D0N17</slot>
            <slot slot="1771">D0N17</slot>
            <slot slot="1772">D0N17</slot>
            <slot slot="1773">D0N17</slot>
            <slot slot="1774">D0N17</slot>
            <slot slot="1775">D0N17</slot>
            <slot slot="1776">D0N17</slot>
            <slot slot="1777">D0N17</slot>
            <slot slot="1778">D0N17</slot>
            <slot slot="1779">D0N17</slot>
            <slot slot="1780">D0N17</slot>
            <slot slot="1781">D0N17</slot>
            <slot slot="1782">D0N17</slot>
            <slot slot="1783">D0N17</slot>
            <slot slot="1784">D0N17</slot>
            <slot slot="1785">D0N17</slot>
            <slot slot="1786">D0N17</slot>
            <slot slot="1787">D0N17</slot>
            <slot slot="1788">D0N17</slot>
            <slot slot="1789">D0N17</slot>
            <slot slot="1790">D0N17</slot>
            <slot slot="1791">D0N17</slot>
            <slot slot="1792">D0N17</slot>
            <slot slot="1793">D0N17</slot>
            <slot slot="1794">D0N17</slot>
            <slot slot="1795">D0N17</slot>
            <slot slot="1796">D0N17</slot>
            <slot slot="1797">D0N17</slot>
            <slot slot="1798">D0N17</slot>
            <slot slot="1799">D0N17</slot>
            <slot slot="1800">D0N17</slot>
            <slot slot="1801">D0N17</slot>
            <slot slot="1802">D0N17</slot>
            <slot slot="1803">D0N17</slot>
            <slot slot="1804">D0N17</slot>
            <slot slot="1805">D0N17</slot>
            <slot slot="1806">D0N17</slot>
            <slot slot="1807">D0N17</slot>
            <slot slot="1808">D0N17</slot>
            <slot slot="1809">D0N17</slot>
            <slot slot="1810">D0N17</slot>
            <slot slot="1811">D0N17</slot>
            <slot slot="1812">D0N17</slot>
            <slot slot="1813">D0N17</slot>
            <slot slot="1814">D0N17</slot>
            <slot slot="1815">D0N17</slot>
            <slot slot="1816">D0N17</slot>
            <slot slot="1817">D0N17</slot>
            <slot slot="1818">D0N17</slot>
            <slot slot="1819">D0N17</slot>
            <slot slot="1820">D0N17</slot>
            <slot slot="1821">D0N17</slot>
            <slot slot="1822">D0N17</slot>
            <slot slot="1823">D0N17</slot>
            <slot slot="1824">D0N17</slot>
            <slot slot="1825">D0N17</slot>
            <slot slot="1826">D0N17</slot>
            <slot slot="1827">D0N17</slot>
            <slot slot="1828">D0N17</slot>
            <slot slot="1829">D0N17</slot>
            <slot slot="1830">D0N17</slot>
            <slot slot="1831">D0N17</slot>
            <slot slot="1832">D0N17</slot>
            <slot slot="1833">D0N17</slot>
            <slot slot="1834">D0N17</slot>
            <slot slot="1835">D0N17</slot>
            <slot slot="1836">D0N17</slot>
            <slot slot="1837">D0N17</slot>
            <slot slot="1838">D0N17</slot>
            <slot slot="1839">D0N17</slot>
            <slot slot="1840">D0N17</slot>
            <slot slot="1841">D0N17</slot>
            <slot slot="1842">D0N17</slot>
            <slot slot="1843">D0N17</slot>
            <slot slot="1844">D0N17</slot>
            <slot slot="1845">D0N17</slot>
            <slot slot="1846">D0N17</slot>
            <slot slot="1847">D0N17</slot>
            <slot slot="1848">D0N17</slot>
            <slot slot="1849">D0N17</slot>
            <slot slot="1850">D0N17</slot>
            <slot slot="1851">D0N17</slot>
            <slot slot="1852">D0N17</slot>
            <slot slot="1853">D0N17</slot>
            <slot slot="1854">D0N17</slot>
            <slot slot="1855">D0N17</slot>
            <slot slot="1856">D0N17</slot>
            <slot slot="1857">D0N17</slot>
            <slot slot="1858">D0N17</slot>
            <slot slot="1859">D0N17</slot>
            <slot slot="1860">D0N17</slot>
            <slot slot="1861">D0N17</slot>
            <slot slot="1862">D0N17</slot>
            <slot slot="1863">D0N17</slot>
            <slot slot="1864">D0N17</slot>
            <slot slot="1865">D0N17</slot>
            <slot slot="1866">D0N17</slot>
            <slot slot="1867">D0N17</slot>
            <slot slot="1868">D0N17</slot>
            <slot slot="1869">D0N17</slot>
            <slot slot="1870">D0N17</slot>
            <slot slot="1871">D0N17</slot>
            <slot slot="1872">D0N17</slot>
            <slot slot="1873">D0N17</slot>
            <slot slot="1874">D0N17</slot>
            <slot slot="1875">D0N17</slot>
            <slot slot="1876">D0N17</slot>
            <slot slot="1877">D0N17</slot>
            <slot slot="1878">D0N17</slot>
            <slot slot="1879">D0N17</slot>
            <slot slot="1880">D0N17</slot>
            <slot slot="1881">D0N17</slot>
            <slot slot="1882">D0N17</slot>
            <slot slot="1883">D0N17</slot>
            <slot slot="1884">D0N17</slot>
            <slot slot="1885">D0N17</slot>
            <slot slot="1886">D0N17</slot>
            <slot slot="1887">D0N17</slot>
            <slot slot="1888">D0N17</slot>
            <slot slot="1889">D0N17</slot>
            <slot slot="1890">D0N17</slot>
            <slot slot="1891">D0N17</slot>
            <slot slot="1892">D0N17</slot>
            <slot slot="1893">D0N17</slot>
            <slot slot="1894">D0N17</slot>
            <slot slot="1895">D0N17</slot>
            <slot slot="1896">D0N17</slot>
            <slot slot="1897">D0N17</slot>
            <slot slot="1898">D0N17</slot>
            <slot slot="1899">D0N17</slot>
            <slot slot="1900">D0N17</slot>
            <slot slot="1901">D0N17</slot>
            <slot slot="1902">D0N17</slot>
            <slot slot="1903">D0N17</slot>
            <slot slot="1904">D0N17</slot>
            <slot slot="1905">D0N17</slot>
            <slot slot="1906">D0N17</slot>
            <slot slot="1907">D0N17</slot>
            <slot slot="1908">D0N17</slot>
            <slot slot="1909">D0N17</slot>
            <slot slot="1910">D0N17</slot>
            <slot slot="1911">D0N17</slot>
            <slot slot="1912">D0N17</slot>
            <slot slot="1913">D0N17</slot>
            <slot slot="1914">D0N17</slot>
            <slot slot="1915">D0N17</slot>
            <slot slot="1916">D0N17</slot>
            <slot slot="1917">D0N17</slot>
            <slot slot="1918">D0N17</slot>
            <slot slot="1919">D0N17</slot>
            <slot slot="1920">D0N17</slot>
            <slot slot="1921">D0N17</slot>
            <slot slot="1922">D0N17</slot>
            <slot slot="1923">D0N17</slot>
            <slot slot="1924">D0N17</slot>
            <slot slot="1925">D0N17</slot>
            <slot slot="1926">D0N17</slot>
            <slot slot="1927">D0N17</slot>
            <slot slot="1928">D0N17</slot>
            <slot slot="1929">D0N17</slot>
            <slot slot="1930">D0N17</slot>
            <slot slot="1931">D0N17</slot>
            <slot slot="1932">D0N17</slot>
            <slot slot="1933">D0N17</slot>
            <slot slot="1934">D0N17</slot>
            <slot slot="1935">D0N17</slot>
            <slot slot="1936">D0N17</slot>
            <slot slot="1937">D0N17</slot>
            <slot slot="1938">D0N17</slot>
            <slot slot="1939">D0N17</slot>
            <slot slot="1940">D0N17</slot>
            <slot slot="1941">D0N17</slot>
            <slot slot="1942">D0N17</slot>
            <slot slot="1943">D0N17</slot>
            <slot slot="1944">D0N17</slot>
            <slot slot="1945">D0N17</slot>
            <slot slot="1946">D0N17</slot>
            <slot slot="1947">D0N17</slot>
            <slot slot="1948">D0N17</slot>
            <slot slot="1949">D0N17</slot>
            <slot slot="1950">D0N17</slot>
            <slot slot="1951">D0N17</slot>
            <slot slot="1952">D0N17</slot>
            <slot slot="1953">D0N17</slot>
            <slot slot="1954">D0N17</slot>
            <slot slot="1955">D0N17</slot>
            <slot slot="1956">D0N17</slot>
            <slot slot="1957">D0N17</slot>
            <slot slot="1958">D0N17</slot>
            <slot slot="1959">D0N17</slot>
            <slot slot="1960">D0N17</slot>
            <slot slot="1961">D0N17</slot>
            <slot slot="1962">D0N17</slot>
            <slot slot="1963">D0N17</slot>
            <slot slot="1964">D0N17</slot>
            <slot slot="1965">D0N17</slot>
            <slot slot="1966">D0N17</slot>
            <slot slot="1967">D0N17</slot>
            <slot slot="1968">D0N17</slot>
            <slot slot="1969">D0N17</slot>
            <slot slot="1970">D0N17</slot>
            <slot slot="1971">D0N17</slot>
            <slot slot="1972">D0N17</slot>
            <slot slot="1973">D0N17</slot>
            <slot slot="1974">D0N17</slot>
            <slot slot="1975">D0N17</slot>
            <slot slot="1976">D0N17</slot>
            <slot slot="1977">D0N17</slot>
            <slot slot="1978">D0N17</slot>
            <slot slot="1979">D0N17</slot>
            <slot slot="1980">D0N34</slot>
            <slot slot="1981">D0N34</slot>
            <slot slot="1982">D0N34</slot>
            <slot slot="1983">D0N34</slot>
            <slot slot="1984">D0N34</slot>
            <slot slot="1985">D0N34</slot>
            <slot slot="1986">D0N34</slot>
            <slot slot="1987">D0N34</slot>
            <slot slot="1988">D0N34</slot>
            <slot slot="1989">D0N34</slot>
            <slot slot="1990">D0N34</slot>
            <slot slot="1991">D0N34</slot>
            <slot slot="1992">D0N34</slot>
            <slot slot="1993">D0N34</slot>
            <slot slot="1994">D0N34</slot>
            <slot slot="1995">D0N34</slot>
            <slot slot="1996">D0N34</slot>
            <slot slot="1997">D0N34</slot>
            <slot slot="1998">D0N34</slot>
            <slot slot="1999">D0N34</slot>
            <slot slot="2000">D0N34</slot>
            <slot slot="2001">D0N34</slot>
            <slot slot="2002">D0N34</slot>
            <slot slot="2003">D0N34</slot>
            <slot slot="2004">D0N34</slot>
            <slot slot="2005">D0N34</slot>
            <slot slot="2006">D0N34</slot>
            <slot slot="2007">D0N34</slot>
            <slot slot="2008">D0N34</slot>
            <slot slot="2009">D0N34</slot>
            <slot slot="2010">D0N34</slot>
            <slot slot="2011">D0N34</slot>
            <slot slot="2012">D0N34</slot>
            <slot slot="2013">D0N34</slot>
            <slot slot="2014">D0N34</slot>
            <slot slot="2015">D0N34</slot>
            <slot slot="2016">D0N34</slot>
            <slot slot="2017">D0N34</slot>
            <slot slot="2018">D0N34</slot>
            <slot slot="2019">D0N34</slot>
            <slot slot="2020">D0N34</slot>
            <slot slot="2021">D0N34</slot>
            <slot slot="2022">D0N34</slot>
            <slot slot="2023">D0N34</slot>
            <slot slot="2024">D0N34</slot>
            <slot slot="2025">D0N34</slot>
            <slot slot="2026">D0N34</slot>
            <slot slot="2027">D0N34</slot>
            <slot slot="2028">D0N34</slot>
            <slot slot="2029">D0N34</slot>
            <slot slot="2030">D0N34</slot>
            <slot slot="2031">D0N34</slot>
            <slot slot="2032">D0N34</slot>
            <slot slot="2033">D0N34</slot>
            <slot slot="2034">D0N34</slot>
            <slot slot="2035">D0N34</slot>
            <slot slot="2036">D0N34</slot>
            <slot slot="2037">D0N34</slot>
            <slot slot="2038">D0N34</slot>
            <slot slot="2039">D0N34</slot>
            <slot slot="2040">D0N34</slot>
            <slot slot="2041">D0N34</slot>
            <slot slot="2042">D0N34</slot>
            <slot slot="2043">D0N34</slot>
            <slot slot="2044">D0N34</slot>
            <slot slot="2045">D0N34</slot>
            <slot slot="2046">D0N34</slot>
            <slot slot="2047">D0N34</slot>
            <slot slot="2048">D0N34</slot>
            <slot slot="2049">D0N34</slot>
            <slot slot="2050">D0N34</slot>
            <slot slot="2051">D0N34</slot>
            <slot slot="2052">D0N34</slot>
            <slot slot="2053">D0N34</slot>
            <slot slot="2054">D0N34</slot>
            <slot slot="2055">D0N34</slot>
            <slot slot="2056">D0N34</slot>
            <slot slot="2057">D0N34</slot>
            <slot slot="2058">D0N34</slot>
            <slot slot="2059">D0N34</slot>
            <slot slot="2060">D0N34</slot>
            <slot slot="2061">D0N34</slot>
            <slot slot="2062">D0N34</slot>
            <slot slot="2063">D0N34</slot>
            <slot slot="2064">D0N34</slot>
            <slot slot="2065">D0N34</slot>
            <slot slot="2066">D0N34</slot>
            <slot slot="2067">D0N34</slot>
            <slot slot="2068">D0N34</slot>
            <slot slot="2069">D0N34</slot>
            <slot slot="2070">D0N34</slot>
            <slot slot="2071">D0N34</slot>
            <slot slot="2072">D0N34</slot>
            <slot slot="2073">D0N34</slot>
            <slot slot="2074">D0N34</slot>
            <slot slot="2075">D0N34</slot>
            <slot slot="2076">D0N34</slot>
            <slot slot="2077">D0N34</slot>
            <slot slot="2078">D0N34</slot>
            <slot slot="2079">D0N34</slot>
            <slot slot="2080">D0N34</slot>
            <slot slot="2081">D0N34</slot>
            <slot slot="2082">D0N34</slot>
            <slot slot="2083">D0N34</slot>
            <slot slot="2084">D0N34</slot>
            <slot slot="2085">D0N34</slot>
            <slot slot="2086">D0N34</slot>
            <slot slot="2087">D0N34</slot>
            <slot slot="2088">D0N34</slot>
            <slot slot="2089">D0N34</slot>
            <slot slot="2090">D0N34</slot>
            <slot slot="2091">D0N34</slot>
            <slot slot="2092">D0N34</slot>
            <slot slot="2093">D0N34</slot>
            <slot slot="2094">D0N34</slot>
            <slot slot="2095">D0N34</slot>
            <slot slot="2096">D0N34</slot>
            <slot slot="2097">D0N34</slot>
            <slot slot="2098">D0N34</slot>
            <slot slot="2099">D0N34</slot>
            <slot slot="2100">D0N34</slot>
            <slot slot="2101">D0N34</slot>
            <slot slot="2102">D0N34</slot>
            <slot slot="2103">D0N34</slot>
            <slot slot="2104">D0N34</slot>
            <slot slot="2105">D0N34</slot>
            <slot slot="2106">D0N34</slot>
            <slot slot="2107">D0N34</slot>
            <slot slot="2108">D0N34</slot>
            <slot slot="2109">D0N34</slot>
            <slot slot="2110">D0N34</slot>
            <slot slot="2111">D0N34</slot>
            <slot slot="2112">D0N34</slot>
            <slot slot="2113">D0N34</slot>
            <slot slot="2114">D0N34</slot>
            <slot slot="2115">D0N34</slot>
            <slot slot="2116">D0N34</slot>
            <slot slot="2117">D0N34</slot>
            <slot slot="2118">D0N34</slot>
            <slot slot="2119">D0N34</slot>
            <slot slot="2120">D0N34</slot>
            <slot slot="2121">D0N34</slot>
            <slot slot="2122">D0N34</slot>
            <slot slot="2123">D0N34</slot>
            <slot slot="2124">D0N34</slot>
            <slot slot="2125">D0N34</slot>
            <slot slot="2126">D0N34</slot>
            <slot slot="2127">D0N34</slot>
            <slot slot="2128">D0N34</slot>
            <slot slot="2129">D0N34</slot>
            <slot slot="2130">D0N34</slot>
            <slot slot="2131">D0N34</slot>
            <slot slot="2132">D0N34</slot>
            <slot slot="2133">D0N34</slot>
            <slot slot="2134">D0N34</slot>
            <slot slot="2135">D0N34</slot>
            <slot slot="2136">D0N34</slot>
            <slot slot="2137">D0N34</slot>
            <slot slot="2138">D0N34</slot>
            <slot slot="2139">D0N34</slot>
            <slot slot="2140">D0N34</slot>
            <slot slot="2141">D0N34</slot>
            <slot slot="2142">D0N34</slot>
            <slot slot="2143">D0N34</slot>
            <slot slot="2144">D0N34</slot>
            <slot slot="2145">D0N34</slot>
            <slot slot="2146">D0N34</slot>
            <slot slot="2147">D0N34</slot>
            <slot slot="2148">D0N34</slot>
            <slot slot="2149">D0N34</slot>
            <slot slot="2150">D0N34</slot>
            <slot slot="2151">D0N34</slot>
            <slot slot="2152">D0N34</slot>
            <slot slot="2153">D0N34</slot>
            <slot slot="2154">D0N34</slot>
            <slot slot="2155">D0N34</slot>
            <slot slot="2156">D0N34</slot>
            <slot slot="2157">D0N34</slot>
            <slot slot="2158">D0N34</slot>
            <slot slot="2159">D0N34</slot>
            <slot slot="2160">D0N34</slot>
            <slot slot="2161">D0N34</slot>
            <slot slot="2162">D0N34</slot>
            <slot slot="2163">D0N34</slot>
            <slot slot="2164">D0N34</slot>
            <slot slot="2165">D0N34</slot>
            <slot slot="2166">D0N34</slot>
            <slot slot="2167">D0N34</slot>
            <slot slot="2168">D0N34</slot>
            <slot slot="2169">D0N34</slot>
            <slot slot="2170">D0N39</slot>
            <slot slot="2171">D0N39</slot>
            <slot slot="2172">D0N39</slot>
            <slot slot="2173">D0N39</slot>
            <slot slot="2174">D0N39</slot>
            <slot slot="2175">D0N39</slot>
            <slot slot="2176">D0N39</slot>
            <slot slot="2177">D0N39</slot>
            <slot slot="2178">D0N39</slot>
            <slot slot="2179">D0N39</slot>
            <slot slot="2180">D0N39</slot>
            <slot slot="2181">D0N39</slot>
            <slot slot="2182">D0N39</slot>
            <slot slot="2183">D0N39</slot>
            <slot slot="2184">D0N39</slot>
            <slot slot="2185">D0N39</slot>
            <slot slot="2186">D0N39</slot>
            <slot slot="2187">D0N39</slot>
            <slot slot="2188">D0N39</slot>
            <slot slot="2189">D0N39</slot>
            <slot slot="2190">D0N39</slot>
            <slot slot="2191">D0N39</slot>
            <slot slot="2192">D0N39</slot>
            <slot slot="2193">D0N39</slot>
            <slot slot="2194">D0N39</slot>
            <slot slot="2195">D0N39</slot>
            <slot slot="2196">D0N39</slot>
            <slot slot="2197">D0N39</slot>
            <slot slot="2198">D0N39</slot>
            <slot slot="2199">D0N39</slot>
            <slot slot="2200">D0N39</slot>
            <slot slot="2201">D0N39</slot>
            <slot slot="2202">D0N39</slot>
            <slot slot="2203">D0N39</slot>
            <slot slot="2204">D0N39</slot>
            <slot slot="2205">D0N39</slot>
            <slot slot="2206">D0N39</slot>
            <slot slot="2207">D0N39</slot>
            <slot slot="2208">D0N39</slot>
            <slot slot="2209">D0N39</slot>
            <slot slot="2210">D0N39</slot>
            <slot slot="2211">D0N39</slot>
            <slot slot="2212">D0N39</slot>
            <slot slot="2213">D0N39</slot>
            <slot slot="2214">D0N39</slot>
            <slot slot="2215">D0N39</slot>
            <slot slot="2216">D0N39</slot>
            <slot slot="2217">D0N39</slot>
            <slot slot="2218">D0N39</slot>
            <slot slot="2219">D0N39</slot>
            <slot slot="2220">D0N39</slot>
            <slot slot="2221">D0N39</slot>
            <slot slot="2222">D0N39</slot>
            <slot slot="2223">D0N39</slot>
            <slot slot="2224">D0N39</slot>
            <slot slot="2225">D0N39</slot>
            <slot slot="2226">D0N39</slot>
            <slot slot="2227">D0N39</slot>
            <slot slot="2228">D0N39</slot>
            <slot slot="2229">D0N39</slot>
            <slot slot="2230">D0N39</slot>
            <slot slot="2231">D0N39</slot>
            <slot slot="2232">D0N39</slot>
            <slot slot="2233">D0N39</slot>
            <slot slot="2234">D0N39</slot>
            <slot slot="2235">D0N39</slot>
            <slot slot="2236">D0N39</slot>
            <slot slot="2237">D0N39</slot>
            <slot slot="2238">D0N39</slot>
            <slot slot="2239">D0N39</slot>
            <slot slot="2240">D0N39</slot>
            <slot slot="2241">D0N39</slot>
            <slot slot="2242">D0N39</slot>
            <slot slot="2243">D0N39</slot>
            <slot slot="2244">D0N39</slot>
            <slot slot="2245">D0N39</slot>
            <slot slot="2246">D0N39</slot>
            <slot slot="2247">D0N39</slot>
            <slot slot="2248">D0N39</slot>
            <slot slot="2249">D0N39</slot>
            <slot slot="2250">D0N39</slot>
            <slot slot="2251">D0N39</slot>
            <slot slot="2252">D0N39</slot>
            <slot slot="2253">D0N39</slot>
            <slot slot="2254">D0N39</slot>
            <slot slot="2255">D0N39</slot>
            <slot slot="2256">D0N39</slot>
            <slot slot="2257">D0N39</slot>
            <slot slot="2258">D0N39</slot>
            <slot slot="2259">D0N39</slot>
            <slot slot="2260">D0N39</slot>
            <slot slot="2261">D0N39</slot>
            <slot slot="2262">D0N39</slot>
            <slot slot="2263">D0N39</slot>
            <slot slot="2264">D0N39</slot>
            <slot slot="2265">D0N39</slot>
            <slot slot="2266">D0N39</slot>
            <slot slot="2267">D0N39</slot>
            <slot slot="2268">D0N39</slot>
            <slot slot="2269">D0N39</slot>
            <slot slot="2270">D0N39</slot>
            <slot slot="2271">D0N39</slot>
            <slot slot="2272">D0N39</slot>
            <slot slot="2273">D0N39</slot>
            <slot slot="2274">D0N39</slot>
            <slot slot="2275">D0N39</slot>
            <slot slot="2276">D0N39</slot>
            <slot slot="2277">D0N39</slot>
            <slot slot="2278">D0N39</slot>
            <slot slot="2279">D0N39</slot>
            <slot slot="2280">D0N39</slot>
            <slot slot="2281">D0N39</slot>
            <slot slot="2282">D0N39</slot>
            <slot slot="2283">D0N39</slot>
            <slot slot="2284">D0N39</slot>
            <slot slot="2285">D0N39</slot>
            <slot slot="2286">D0N39</slot>
            <slot slot="2287">D0N39</slot>
            <slot slot="2288">D0N39</slot>
            <slot slot="2289">D0N39</slot>
            <slot slot="2290">D0N39</slot>
            <slot slot="2291">D0N39</slot>
            <slot slot="2292">D0N39</slot>
            <slot slot="2293">D0N39</slot>
            <slot slot="2294">D0N39</slot>
            <slot slot="2295">D0N39</slot>
            <slot slot="2296">D0N39</slot>
            <slot slot="2297">D0N39</slot>
            <slot slot="2298">D0N39</slot>
            <slot slot="2299">D0N39</slot>
            <slot slot="2300">D0N39</slot>
            <slot slot="2301">D0N39</slot>
            <slot slot="2302">D0N39</slot>
            <slot slot="2303">D0N39</slot>
            <slot slot="2304">D0N39</slot>
            <slot slot="2305">D0N39</slot>
            <slot slot="2306">D0N39</slot>
            <slot slot="2307">D0N39</slot>
            <slot slot="2308">D0N39</slot>
            <slot slot="2309">D0N39</slot>
            <slot slot="2310">D0N39</slot>
            <slot slot="2311">D0N39</slot>
            <slot slot="2312">D0N39</slot>
            <slot slot="2313">D0N39</slot>
            <slot slot="2314">D0N39</slot>
            <slot slot="2315">D0N39</slot>
            <slot slot="2316">D0N39</slot>
            <slot slot="2317">D0N39</slot>
            <slot slot="2318">D0N39</slot>
            <slot slot="2319">D0N39</slot>
            <slot slot="2320">D0N39</slot>
            <slot slot="2321">D0N39</slot>
            <slot slot="2322">D0N39</slot>
            <slot slot="2323">D0N39</slot>
            <slot slot="2324">D0N39</slot>
            <slot slot="2325">D0N39</slot>
            <slot slot="2326">D0N39</slot>
            <slot slot="2327">D0N39</slot>
            <slot slot="2328">D0N39</slot>
            <slot slot="2329">D0N39</slot>
            <slot slot="2330">D0N39</slot>
            <slot slot="2331">D0N39</slot>
            <slot slot="2332">D0N39</slot>
            <slot slot="2333">D0N39</slot>
            <slot slot="2334">D0N39</slot>
            <slot slot="2335">D0N39</slot>
            <slot slot="2336">D0N39</slot>
            <slot slot="2337">D0N39</slot>
            <slot slot="2338">D0N39</slot>
            <slot slot="2339">D0N39</slot>
            <slot slot="2340">D0N43</slot>
            <slot slot="2341">D0N43</slot>
            <slot slot="2342">D0N43</slot>
            <slot slot="2343">D0N43</slot>
            <slot slot="2344">D0N43</slot>
            <slot slot="2345">D0N43</slot>
            <slot slot="2346">D0N43</slot>
            <slot slot="2347">D0N43</slot>
            <slot slot="2348">D0N43</slot>
            <slot slot="2349">D0N43</slot>
            <slot slot="2350">D0N43</slot>
            <slot slot="2351">D0N43</slot>
            <slot slot="2352">D0N43</slot>
            <slot slot="2353">D0N43</slot>
            <slot slot="2354">D0N43</slot>
            <slot slot="2355">D0N43</slot>
            <slot slot="2356">D0N43</slot>
            <slot slot="2357">D0N43</slot>
            <slot slot="2358">D0N43</slot>
            <slot slot="2359">D0N43</slot>
            <slot slot="2360">D0N43</slot>
            <slot slot="2361">D0N43</slot>
            <slot slot="2362">D0N43</slot>
            <slot slot="2363">D0N43</slot>
            <slot slot="2364">D0N43</slot>
            <slot slot="2365">D0N43</slot>
            <slot slot="2366">D0N43</slot>
            <slot slot="2367">D0N43</slot>
            <slot slot="2368">D0N43</slot>
            <slot slot="2369">D0N43</slot>
            <slot slot="2370">D0N49</slot>
            <slot slot="2371">D0N49</slot>
            <slot slot="2372">D0N49</slot>
            <slot slot="2373">D0N49</slot>
            <slot slot="2374">D0N49</slot>
            <slot slot="2375">D0N49</slot>
            <slot slot="2376">D0N49</slot>
            <slot slot="2377">D0N49</slot>
            <slot slot="2378">D0N49</slot>
            <slot slot="2379">D0N49</slot>
            <slot slot="2380">D0N49</slot>
            <slot slot="2381">D0N49</slot>
            <slot slot="2382">D0N49</slot>
            <slot slot="2383">D0N49</slot>
            <slot slot="2384">D0N49</slot>
            <slot slot="2385">D0N49</slot>
            <slot slot="2386">D0N49</slot>
            <slot slot="2387">D0N49</slot>
            <slot slot="2388">D0N49</slot>
            <slot slot="2389">D0N49</slot>
            <slot slot="2390">D0N49</slot>
            <slot slot="2391">D0N49</slot>
            <slot slot="2392">D0N49</slot>
            <slot slot="2393">D0N49</slot>
            <slot slot="2394">D0N49</slot>
            <slot slot="2395">D0N49</slot>
            <slot slot="2396">D0N49</slot>
            <slot slot="2397">D0N49</slot>
            <slot slot="2398">D0N49</slot>
            <slot slot="2399">D0N49</slot>
            <slot slot="2400">D0N49</slot>
            <slot slot="2401">D0N49</slot>
            <slot slot="2402">D0N49</slot>
            <slot slot="2403">D0N49</slot>
            <slot slot="2404">D0N49</slot>
            <slot slot="2405">D0N49</slot>
            <slot slot="2406">D0N49</slot>
            <slot slot="2407">D0N49</slot>
            <slot slot="2408">D0N49</slot>
            <slot slot="2409">D0N49</slot>
            <slot slot="2410">D0N49</slot>
            <slot slot="2411">D0N49</slot>
            <slot slot="2412">D0N49</slot>
            <slot slot="2413">D0N49</slot>
            <slot slot="2414">D0N49</slot>
            <slot slot="2415">D0N49</slot>
            <slot slot="2416">D0N49</slot>
            <slot slot="2417">D0N49</slot>
            <slot slot="2418">D0N49</slot>
            <slot slot="2419">D0N49</slot>
            <slot slot="2420">D0N49</slot>
            <slot slot="2421">D0N49</slot>
            <slot slot="2422">D0N49</slot>
            <slot slot="2423">D0N49</slot>
            <slot slot="2424">D0N49</slot>
            <slot slot="2425">D0N49</slot>
            <slot slot="2426">D0N49</slot>
            <slot slot="2427">D0N49</slot>
            <slot slot="2428">D0N49</slot>
            <slot slot="2429">D0N49</slot>
            <slot slot="2430">D0N49</slot>
            <slot slot="2431">D0N49</slot>
            <slot slot="2432">D0N49</slot>
            <slot slot="2433">D0N49</slot>
            <slot slot="2434">D0N49</slot>
            <slot slot="2435">D0N49</slot>
            <slot slot="2436">D0N49</slot>
            <slot slot="2437">D0N49</slot>
            <slot slot="2438">D0N49</slot>
            <slot slot="2439">D0N49</slot>
            <slot slot="2440">D0N49</slot>
            <slot slot="2441">D0N49</slot>
            <slot slot="2442">D0N49</slot>
            <slot slot="2443">D0N49</slot>
            <slot slot="2444">D0N49</slot>
            <slot slot="2445">D0N49</slot>
            <slot slot="2446">D0N49</slot>
            <slot slot="2447">D0N49</slot>
            <slot slot="2448">D0N49</slot>
            <slot slot="2449">D0N49</slot>
            <slot slot="2450">D0N49</slot>
            <slot slot="2451">D0N49</slot>
            <slot slot="2452">D0N49</slot>
            <slot slot="2453">D0N49</slot>
            <slot slot="2454">D0N49</slot>
            <slot slot="2455">D0N49</slot>
            <slot slot="2456">D0N49</slot>
            <slot slot="2457">D0N49</slot>
            <slot slot="2458">D0N49</slot>
            <slot slot="2459">D0N49</slot>
            <slot slot="2460">D0N49</slot>
            <slot slot="2461">D0N49</slot>
            <slot slot="2462">D0N49</slot>
            <slot slot="2463">D0N49</slot>
            <slot slot="2464">D0N49</slot>
            <slot slot="2465">D0N49</slot>
            <slot slot="2466">D0N49</slot>
            <slot slot="2467">D0N49</slot>
            <slot slot="2468">D0N49</slot>
            <slot slot="2469">D0N49</slot>
            <slot slot="2470">D0N49</slot>
            <slot slot="2471">D0N49</slot>
            <slot slot="2472">D0N49</slot>
            <slot slot="2473">D0N49</slot>
            <slot slot="2474">D0N49</slot>
            <slot slot="2475">D0N49</slot>
            <slot slot="2476">D0N49</slot>
            <slot slot="2477">D0N49</slot>
            <slot slot="2478">D0N49</slot>
            <slot slot="2479">D0N49</slot>
            <slot slot="2480">D0N49</slot>
            <slot slot="2481">D0N49</slot>
            <slot slot="2482">D0N49</slot>
            <slot slot="2483">D0N49</slot>
            <slot slot="2484">D0N49</slot>
            <slot slot="2485">D0N49</slot>
            <slot slot="2486">D0N49</slot>
            <slot slot="2487">D0N49</slot>
            <slot slot="2488">D0N49</slot>
            <slot slot="2489">D0N49</slot>
            <slot slot="2490">D0N49</slot>
            <slot slot="2491">D0N49</slot>
            <slot slot="2492">D0N49</slot>
            <slot slot="2493">D0N49</slot>
            <slot slot="2494">D0N49</slot>
            <slot slot="2495">D0N49</slot>
            <slot slot="2496">D0N49</slot>
            <slot slot="2497">D0N49</slot>
            <slot slot="2498">D0N49</slot>
            <slot slot="2499">D0N49</slot>
        </core>
    </Mode-1>
</sched>
