<?xml version="1.0" encoding="UTF-8" standalone="no"?>
<mcsystem>
    <mcdag deadline="1200" name="genned-0-ed-10.0-0">
        <actor name="D0N3">
            <wcet number="0">220</wcet>
            <wcet number="1">240</wcet>
            <maxpow number="0.4989691997711693"/>
            <maxpow number="0.4989691997711693"/>
            <fprob>0.0</fprob>
        </actor>
        <actor name="D0N1">
            <wcet number="0">30</wcet>
            <wcet number="1">40</wcet>
            <maxpow number="0.667582127658132"/>
            <maxpow number="0.667582127658132"/>
            <fprob>0.0</fprob>
        </actor>
        <actor name="D0N12">
            <wcet number="0">20</wcet>
            <wcet number="1">60</wcet>
            <maxpow number="0.6036186219933098"/>
            <maxpow number="0.6036186219933098"/>
            <fprob>0.0</fprob>
        </actor>
        <actor name="D0N43">
            <wcet number="0">20</wcet>
            <wcet number="1">20</wcet>
            <maxpow number="0.7255511666610192"/>
            <maxpow number="0.7255511666610192"/>
            <fprob>0.0</fprob>
        </actor>
        <actor name="D0N19">
            <wcet number="0">10</wcet>
            <wcet number="1">30</wcet>
            <maxpow number="1.012303254494964"/>
            <maxpow number="1.012303254494964"/>
            <fprob>0.0</fprob>
        </actor>
        <actor name="D0N8">
            <wcet number="0">80</wcet>
            <wcet number="1">100</wcet>
            <maxpow number="0.8831641614551383"/>
            <maxpow number="0.8831641614551383"/>
            <fprob>0.0</fprob>
        </actor>
        <actor name="D0N33">
            <wcet number="0">20</wcet>
            <wcet number="1">20</wcet>
            <maxpow number="0.613001559291169"/>
            <maxpow number="0.613001559291169"/>
            <fprob>0.0</fprob>
        </actor>
        <actor name="D0N27">
            <wcet number="0">10</wcet>
            <wcet number="1">50</wcet>
            <maxpow number="0.685409640494288"/>
            <maxpow number="0.685409640494288"/>
            <fprob>0.0</fprob>
        </actor>
        <actor name="D0N17">
            <wcet number="0">10</wcet>
            <wcet number="1">40</wcet>
            <maxpow number="0.464931587660679"/>
            <maxpow number="0.464931587660679"/>
            <fprob>0.0</fprob>
        </actor>
        <actor name="D0N31">
            <wcet number="0">30</wcet>
            <wcet number="1">40</wcet>
            <maxpow number="0.31550968849119265"/>
            <maxpow number="0.31550968849119265"/>
            <fprob>0.0</fprob>
        </actor>
        <actor name="D0N16">
            <wcet number="0">40</wcet>
            <wcet number="1">60</wcet>
            <maxpow number="0.550444946691045"/>
            <maxpow number="0.550444946691045"/>
            <fprob>0.0</fprob>
        </actor>
        <actor name="D0N39">
            <wcet number="0">30</wcet>
            <wcet number="1">30</wcet>
            <maxpow number="0.5951084597300078"/>
            <maxpow number="0.5951084597300078"/>
            <fprob>0.0</fprob>
        </actor>
        <actor name="D0N37">
            <wcet number="0">10</wcet>
            <wcet number="1">30</wcet>
            <maxpow number="0.5972595952890767"/>
            <maxpow number="0.5972595952890767"/>
            <fprob>0.0</fprob>
        </actor>
        <actor name="D0N2">
            <wcet number="0">10</wcet>
            <wcet number="1">10</wcet>
            <maxpow number="0.7946986972478346"/>
            <maxpow number="0.7946986972478346"/>
            <fprob>0.0</fprob>
        </actor>
        <actor name="D0N22">
            <wcet number="0">20</wcet>
            <wcet number="1">80</wcet>
            <maxpow number="0.5293046997078487"/>
            <maxpow number="0.5293046997078487"/>
            <fprob>0.0</fprob>
        </actor>
        <actor name="D0N0">
            <wcet number="0">130</wcet>
            <wcet number="1">130</wcet>
            <maxpow number="0.7313407240552143"/>
            <maxpow number="0.7313407240552143"/>
            <fprob>0.0</fprob>
        </actor>
        <actor name="D0N28">
            <wcet number="0">20</wcet>
            <wcet number="1">110</wcet>
            <maxpow number="0.6192974290016039"/>
            <maxpow number="0.6192974290016039"/>
            <fprob>0.0</fprob>
        </actor>
        <actor name="D0N4">
            <wcet number="0">60</wcet>
            <wcet number="1">100</wcet>
            <maxpow number="0.2835299354392585"/>
            <maxpow number="0.2835299354392585"/>
            <fprob>0.0</fprob>
        </actor>
        <actor name="D0N41">
            <wcet number="0">10</wcet>
            <wcet number="1">20</wcet>
            <maxpow number="0.5510175565287541"/>
            <maxpow number="0.5510175565287541"/>
            <fprob>0.0</fprob>
        </actor>
        <actor name="D0N24">
            <wcet number="0">10</wcet>
            <wcet number="1">20</wcet>
            <maxpow number="0.28329727376911"/>
            <maxpow number="0.28329727376911"/>
            <fprob>0.0</fprob>
        </actor>
        <actor name="D0N14">
            <wcet number="0">10</wcet>
            <wcet number="1">10</wcet>
            <maxpow number="0.6525610472871424"/>
            <maxpow number="0.6525610472871424"/>
            <fprob>0.0</fprob>
        </actor>
        <actor name="D0N38">
            <wcet number="0">50</wcet>
            <wcet number="1">70</wcet>
            <maxpow number="1.0100232538908591"/>
            <maxpow number="1.0100232538908591"/>
            <fprob>0.0</fprob>
        </actor>
        <actor name="D0N29">
            <wcet number="0">10</wcet>
            <wcet number="1">20</wcet>
            <maxpow number="0.7404010531887548"/>
            <maxpow number="0.7404010531887548"/>
            <fprob>0.0</fprob>
        </actor>
        <actor name="D0N23">
            <wcet number="0">40</wcet>
            <wcet number="1">40</wcet>
            <maxpow number="0.6729683406825652"/>
            <maxpow number="0.6729683406825652"/>
            <fprob>0.0</fprob>
        </actor>
        <actor name="D0N11">
            <wcet number="0">180</wcet>
            <wcet number="1">210</wcet>
            <maxpow number="0.4727114217106198"/>
            <maxpow number="0.4727114217106198"/>
            <fprob>0.0</fprob>
        </actor>
        <actor name="D0N40">
            <wcet number="0">30</wcet>
            <wcet number="1">180</wcet>
            <maxpow number="0.42401172193700043"/>
            <maxpow number="0.42401172193700043"/>
            <fprob>0.0</fprob>
        </actor>
        <actor name="D0N15">
            <wcet number="0">100</wcet>
            <wcet number="1">150</wcet>
            <maxpow number="0.37904316130317506"/>
            <maxpow number="0.37904316130317506"/>
            <fprob>0.0</fprob>
        </actor>
        <actor name="D0N32">
            <wcet number="0">10</wcet>
            <wcet number="1">10</wcet>
            <maxpow number="0.6968821493040742"/>
            <maxpow number="0.6968821493040742"/>
            <fprob>0.0</fprob>
        </actor>
        <actor name="D0N10">
            <wcet number="0">10</wcet>
            <wcet number="1">110</wcet>
            <maxpow number="0.5511183474757352"/>
            <maxpow number="0.5511183474757352"/>
            <fprob>0.0</fprob>
        </actor>
        <actor name="D0N20">
            <wcet number="0">50</wcet>
            <wcet number="1">50</wcet>
            <maxpow number="0.6540429348826113"/>
            <maxpow number="0.6540429348826113"/>
            <fprob>0.0</fprob>
        </actor>
        <actor name="D0N44">
            <wcet number="0">30</wcet>
            <wcet number="1">30</wcet>
            <maxpow number="0.4986934015769484"/>
            <maxpow number="0.4986934015769484"/>
            <fprob>0.0</fprob>
        </actor>
        <actor name="D0N21">
            <wcet number="0">20</wcet>
            <wcet number="1">40</wcet>
            <maxpow number="0.6909225158233847"/>
            <maxpow number="0.6909225158233847"/>
            <fprob>0.0</fprob>
        </actor>
        <actor name="D0N25">
            <wcet number="0">30</wcet>
            <wcet number="1">40</wcet>
            <maxpow number="0.4798357295975284"/>
            <maxpow number="0.4798357295975284"/>
            <fprob>0.0</fprob>
        </actor>
        <actor name="D0N5">
            <wcet number="0">50</wcet>
            <wcet number="1">50</wcet>
            <maxpow number="0.6262807332609444"/>
            <maxpow number="0.6262807332609444"/>
            <fprob>0.0</fprob>
        </actor>
        <actor name="D0N7">
            <wcet number="0">10</wcet>
            <wcet number="1">10</wcet>
            <maxpow number="0.7488515750194602"/>
            <maxpow number="0.7488515750194602"/>
            <fprob>0.0</fprob>
        </actor>
        <actor name="D0N42">
            <wcet number="0">20</wcet>
            <wcet number="1">40</wcet>
            <maxpow number="0.677655152997992"/>
            <maxpow number="0.677655152997992"/>
            <fprob>0.0</fprob>
        </actor>
        <actor name="D0N18">
            <wcet number="0">10</wcet>
            <wcet number="1">20</wcet>
            <maxpow number="0.4714742556165055"/>
            <maxpow number="0.4714742556165055"/>
            <fprob>0.0</fprob>
        </actor>
        <actor name="D0N26">
            <wcet number="0">10</wcet>
            <wcet number="1">20</wcet>
            <maxpow number="0.5584721612008184"/>
            <maxpow number="0.5584721612008184"/>
            <fprob>0.0</fprob>
        </actor>
        <actor name="D0N6">
            <wcet number="0">10</wcet>
            <wcet number="1">10</wcet>
            <maxpow number="0.8506164389056332"/>
            <maxpow number="0.8506164389056332"/>
            <fprob>0.0</fprob>
        </actor>
        <actor name="D0N13">
            <wcet number="0">20</wcet>
            <wcet number="1">70</wcet>
            <maxpow number="0.5834848189843397"/>
            <maxpow number="0.5834848189843397"/>
            <fprob>0.0</fprob>
        </actor>
        <actor name="D0N35">
            <wcet number="0">10</wcet>
            <wcet number="1">10</wcet>
            <maxpow number="0.597542476816757"/>
            <maxpow number="0.597542476816757"/>
            <fprob>0.0</fprob>
        </actor>
        <actor name="D0N30">
            <wcet number="0">40</wcet>
            <wcet number="1">50</wcet>
            <maxpow number="0.5369674969712508"/>
            <maxpow number="0.5369674969712508"/>
            <fprob>0.0</fprob>
        </actor>
        <actor name="D0N36">
            <wcet number="0">50</wcet>
            <wcet number="1">60</wcet>
            <maxpow number="0.5885303107360942"/>
            <maxpow number="0.5885303107360942"/>
            <fprob>0.0</fprob>
        </actor>
        <actor name="D0N9">
            <wcet number="0">30</wcet>
            <wcet number="1">40</wcet>
            <maxpow number="0.6381862114627439"/>
            <maxpow number="0.6381862114627439"/>
            <fprob>0.0</fprob>
        </actor>
        <actor name="D0N34">
            <wcet number="0">30</wcet>
            <wcet number="1">70</wcet>
            <maxpow number="0.7854165732590427"/>
            <maxpow number="0.7854165732590427"/>
            <fprob>0.0</fprob>
        </actor>
        <ports>
            <port dstActor="D0N22" name="p0" srcActor="D0N3"/>
            <port dstActor="D0N12" name="p1" srcActor="D0N3"/>
            <port dstActor="D0N40" name="p2" srcActor="D0N3"/>
            <port dstActor="D0N37" name="p3" srcActor="D0N3"/>
            <port dstActor="D0N8" name="p4" srcActor="D0N3"/>
            <port dstActor="D0N8" name="p5" srcActor="D0N1"/>
            <port dstActor="D0N13" name="p6" srcActor="D0N1"/>
            <port dstActor="D0N37" name="p7" srcActor="D0N1"/>
            <port dstActor="D0N41" name="p8" srcActor="D0N1"/>
            <port dstActor="D0N32" name="p9" srcActor="D0N1"/>
            <port dstActor="D0N22" name="p10" srcActor="D0N12"/>
            <port dstActor="D0N19" name="p11" srcActor="D0N12"/>
            <port dstActor="D0N20" name="p12" srcActor="D0N12"/>
            <port dstActor="D0N44" name="p13" srcActor="D0N12"/>
            <port dstActor="D0N23" name="p14" srcActor="D0N19"/>
            <port dstActor="D0N35" name="p15" srcActor="D0N19"/>
            <port dstActor="D0N34" name="p16" srcActor="D0N19"/>
            <port dstActor="D0N43" name="p17" srcActor="D0N8"/>
            <port dstActor="D0N13" name="p18" srcActor="D0N8"/>
            <port dstActor="D0N37" name="p19" srcActor="D0N33"/>
            <port dstActor="D0N44" name="p20" srcActor="D0N33"/>
            <port dstActor="D0N32" name="p21" srcActor="D0N27"/>
            <port dstActor="D0N36" name="p22" srcActor="D0N27"/>
            <port dstActor="D0N41" name="p23" srcActor="D0N27"/>
            <port dstActor="D0N31" name="p24" srcActor="D0N17"/>
            <port dstActor="D0N34" name="p25" srcActor="D0N17"/>
            <port dstActor="D0N18" name="p26" srcActor="D0N17"/>
            <port dstActor="D0N20" name="p27" srcActor="D0N17"/>
            <port dstActor="D0N33" name="p28" srcActor="D0N17"/>
            <port dstActor="D0N36" name="p29" srcActor="D0N17"/>
            <port dstActor="D0N42" name="p30" srcActor="D0N31"/>
            <port dstActor="D0N43" name="p31" srcActor="D0N31"/>
            <port dstActor="D0N29" name="p32" srcActor="D0N16"/>
            <port dstActor="D0N31" name="p33" srcActor="D0N16"/>
            <port dstActor="D0N44" name="p34" srcActor="D0N39"/>
            <port dstActor="D0N37" name="p35" srcActor="D0N2"/>
            <port dstActor="D0N17" name="p36" srcActor="D0N2"/>
            <port dstActor="D0N32" name="p37" srcActor="D0N2"/>
            <port dstActor="D0N3" name="p38" srcActor="D0N2"/>
            <port dstActor="D0N27" name="p39" srcActor="D0N22"/>
            <port dstActor="D0N29" name="p40" srcActor="D0N22"/>
            <port dstActor="D0N39" name="p41" srcActor="D0N22"/>
            <port dstActor="D0N14" name="p42" srcActor="D0N0"/>
            <port dstActor="D0N15" name="p43" srcActor="D0N0"/>
            <port dstActor="D0N26" name="p44" srcActor="D0N0"/>
            <port dstActor="D0N38" name="p45" srcActor="D0N28"/>
            <port dstActor="D0N40" name="p46" srcActor="D0N28"/>
            <port dstActor="D0N24" name="p47" srcActor="D0N4"/>
            <port dstActor="D0N22" name="p48" srcActor="D0N4"/>
            <port dstActor="D0N7" name="p49" srcActor="D0N4"/>
            <port dstActor="D0N8" name="p50" srcActor="D0N4"/>
            <port dstActor="D0N14" name="p51" srcActor="D0N4"/>
            <port dstActor="D0N34" name="p52" srcActor="D0N4"/>
            <port dstActor="D0N38" name="p53" srcActor="D0N4"/>
            <port dstActor="D0N43" name="p54" srcActor="D0N41"/>
            <port dstActor="D0N37" name="p55" srcActor="D0N24"/>
            <port dstActor="D0N36" name="p56" srcActor="D0N24"/>
            <port dstActor="D0N42" name="p57" srcActor="D0N24"/>
            <port dstActor="D0N35" name="p58" srcActor="D0N24"/>
            <port dstActor="D0N27" name="p59" srcActor="D0N14"/>
            <port dstActor="D0N18" name="p60" srcActor="D0N14"/>
            <port dstActor="D0N30" name="p61" srcActor="D0N14"/>
            <port dstActor="D0N37" name="p62" srcActor="D0N29"/>
            <port dstActor="D0N30" name="p63" srcActor="D0N29"/>
            <port dstActor="D0N35" name="p64" srcActor="D0N11"/>
            <port dstActor="D0N17" name="p65" srcActor="D0N11"/>
            <port dstActor="D0N15" name="p66" srcActor="D0N11"/>
            <port dstActor="D0N28" name="p67" srcActor="D0N11"/>
            <port dstActor="D0N40" name="p68" srcActor="D0N11"/>
            <port dstActor="D0N24" name="p69" srcActor="D0N15"/>
            <port dstActor="D0N17" name="p70" srcActor="D0N15"/>
            <port dstActor="D0N35" name="p71" srcActor="D0N32"/>
            <port dstActor="D0N13" name="p72" srcActor="D0N10"/>
            <port dstActor="D0N15" name="p73" srcActor="D0N10"/>
            <port dstActor="D0N30" name="p74" srcActor="D0N10"/>
            <port dstActor="D0N23" name="p75" srcActor="D0N10"/>
            <port dstActor="D0N28" name="p76" srcActor="D0N10"/>
            <port dstActor="D0N26" name="p77" srcActor="D0N20"/>
            <port dstActor="D0N28" name="p78" srcActor="D0N21"/>
            <port dstActor="D0N31" name="p79" srcActor="D0N21"/>
            <port dstActor="D0N37" name="p80" srcActor="D0N25"/>
            <port dstActor="D0N13" name="p81" srcActor="D0N5"/>
            <port dstActor="D0N38" name="p82" srcActor="D0N5"/>
            <port dstActor="D0N44" name="p83" srcActor="D0N5"/>
            <port dstActor="D0N23" name="p84" srcActor="D0N5"/>
            <port dstActor="D0N17" name="p85" srcActor="D0N5"/>
            <port dstActor="D0N13" name="p86" srcActor="D0N7"/>
            <port dstActor="D0N26" name="p87" srcActor="D0N7"/>
            <port dstActor="D0N44" name="p88" srcActor="D0N7"/>
            <port dstActor="D0N19" name="p89" srcActor="D0N7"/>
            <port dstActor="D0N28" name="p90" srcActor="D0N7"/>
            <port dstActor="D0N15" name="p91" srcActor="D0N7"/>
            <port dstActor="D0N43" name="p92" srcActor="D0N42"/>
            <port dstActor="D0N23" name="p93" srcActor="D0N18"/>
            <port dstActor="D0N37" name="p94" srcActor="D0N18"/>
            <port dstActor="D0N31" name="p95" srcActor="D0N26"/>
            <port dstActor="D0N26" name="p96" srcActor="D0N6"/>
            <port dstActor="D0N11" name="p97" srcActor="D0N6"/>
            <port dstActor="D0N22" name="p98" srcActor="D0N13"/>
            <port dstActor="D0N16" name="p99" srcActor="D0N13"/>
            <port dstActor="D0N33" name="p100" srcActor="D0N13"/>
            <port dstActor="D0N30" name="p101" srcActor="D0N13"/>
            <port dstActor="D0N17" name="p102" srcActor="D0N13"/>
            <port dstActor="D0N23" name="p103" srcActor="D0N13"/>
            <port dstActor="D0N40" name="p104" srcActor="D0N13"/>
            <port dstActor="D0N43" name="p105" srcActor="D0N35"/>
            <port dstActor="D0N31" name="p106" srcActor="D0N30"/>
            <port dstActor="D0N36" name="p107" srcActor="D0N30"/>
            <port dstActor="D0N36" name="p108" srcActor="D0N9"/>
            <port dstActor="D0N17" name="p109" srcActor="D0N9"/>
            <port dstActor="D0N21" name="p110" srcActor="D0N9"/>
            <port dstActor="D0N10" name="p111" srcActor="D0N9"/>
            <port dstActor="D0N12" name="p112" srcActor="D0N9"/>
        </ports>
    </mcdag>
    <cores number="3"/>
    <levels number="2"/>
</mcsystem>
