<?xml version="1.0" encoding="UTF-8" standalone="no"?>
<mcsystem>
    <mcdag deadline="1200" name="genned-0-ed-10.0-0">
        <actor name="D0N30">
            <wcet number="0">10</wcet>
            <wcet number="1">20</wcet>
            <maxpow number="0.5298952804847228"/>
            <maxpow number="0.5298952804847228"/>
            <fprob>0.0</fprob>
        </actor>
        <actor name="D0N40">
            <wcet number="0">70</wcet>
            <wcet number="1">90</wcet>
            <maxpow number="0.6152540835259325"/>
            <maxpow number="0.6152540835259325"/>
            <fprob>0.0</fprob>
        </actor>
        <actor name="D0N17">
            <wcet number="0">30</wcet>
            <wcet number="1">50</wcet>
            <maxpow number="0.6641806256605565"/>
            <maxpow number="0.6641806256605565"/>
            <fprob>0.0</fprob>
        </actor>
        <actor name="D0N36">
            <wcet number="0">20</wcet>
            <wcet number="1">20</wcet>
            <maxpow number="0.2671053206586309"/>
            <maxpow number="0.2671053206586309"/>
            <fprob>0.0</fprob>
        </actor>
        <actor name="D0N7">
            <wcet number="0">90</wcet>
            <wcet number="1">110</wcet>
            <maxpow number="0.6973228227746999"/>
            <maxpow number="0.6973228227746999"/>
            <fprob>0.0</fprob>
        </actor>
        <actor name="D0N35">
            <wcet number="0">30</wcet>
            <wcet number="1">100</wcet>
            <maxpow number="0.542507065426061"/>
            <maxpow number="0.542507065426061"/>
            <fprob>0.0</fprob>
        </actor>
        <actor name="D0N10">
            <wcet number="0">130</wcet>
            <wcet number="1">200</wcet>
            <maxpow number="0.8843542048366602"/>
            <maxpow number="0.8843542048366602"/>
            <fprob>0.0</fprob>
        </actor>
        <actor name="D0N33">
            <wcet number="0">20</wcet>
            <wcet number="1">60</wcet>
            <maxpow number="0.6125039258707714"/>
            <maxpow number="0.6125039258707714"/>
            <fprob>0.0</fprob>
        </actor>
        <actor name="D0N12">
            <wcet number="0">10</wcet>
            <wcet number="1">10</wcet>
            <maxpow number="0.5301553024677796"/>
            <maxpow number="0.5301553024677796"/>
            <fprob>0.0</fprob>
        </actor>
        <actor name="D0N11">
            <wcet number="0">90</wcet>
            <wcet number="1">100</wcet>
            <maxpow number="0.5181801372633765"/>
            <maxpow number="0.5181801372633765"/>
            <fprob>0.0</fprob>
        </actor>
        <actor name="D0N39">
            <wcet number="0">10</wcet>
            <wcet number="1">20</wcet>
            <maxpow number="0.5265176429437424"/>
            <maxpow number="0.5265176429437424"/>
            <fprob>0.0</fprob>
        </actor>
        <actor name="D0N2">
            <wcet number="0">50</wcet>
            <wcet number="1">60</wcet>
            <maxpow number="0.6280700781117132"/>
            <maxpow number="0.6280700781117132"/>
            <fprob>0.0</fprob>
        </actor>
        <actor name="D0N41">
            <wcet number="0">30</wcet>
            <wcet number="1">190</wcet>
            <maxpow number="0.7055793192980938"/>
            <maxpow number="0.7055793192980938"/>
            <fprob>0.0</fprob>
        </actor>
        <actor name="D0N0">
            <wcet number="0">10</wcet>
            <wcet number="1">20</wcet>
            <maxpow number="0.7424708322852585"/>
            <maxpow number="0.7424708322852585"/>
            <fprob>0.0</fprob>
        </actor>
        <actor name="D0N4">
            <wcet number="0">10</wcet>
            <wcet number="1">10</wcet>
            <maxpow number="0.13079696621551445"/>
            <maxpow number="0.13079696621551445"/>
            <fprob>0.0</fprob>
        </actor>
        <actor name="D0N32">
            <wcet number="0">10</wcet>
            <wcet number="1">20</wcet>
            <maxpow number="0.6939564521976377"/>
            <maxpow number="0.6939564521976377"/>
            <fprob>0.0</fprob>
        </actor>
        <actor name="D0N21">
            <wcet number="0">10</wcet>
            <wcet number="1">30</wcet>
            <maxpow number="0.9181739191178395"/>
            <maxpow number="0.9181739191178395"/>
            <fprob>0.0</fprob>
        </actor>
        <actor name="D0N8">
            <wcet number="0">30</wcet>
            <wcet number="1">150</wcet>
            <maxpow number="0.5893836452571026"/>
            <maxpow number="0.5893836452571026"/>
            <fprob>0.0</fprob>
        </actor>
        <actor name="D0N24">
            <wcet number="0">90</wcet>
            <wcet number="1">110</wcet>
            <maxpow number="0.7611188102392322"/>
            <maxpow number="0.7611188102392322"/>
            <fprob>0.0</fprob>
        </actor>
        <actor name="D0N23">
            <wcet number="0">10</wcet>
            <wcet number="1">30</wcet>
            <maxpow number="0.49533664496699054"/>
            <maxpow number="0.49533664496699054"/>
            <fprob>0.0</fprob>
        </actor>
        <actor name="D0N14">
            <wcet number="0">20</wcet>
            <wcet number="1">40</wcet>
            <maxpow number="0.4735988963396368"/>
            <maxpow number="0.4735988963396368"/>
            <fprob>0.0</fprob>
        </actor>
        <actor name="D0N20">
            <wcet number="0">10</wcet>
            <wcet number="1">70</wcet>
            <maxpow number="0.6449643514387972"/>
            <maxpow number="0.6449643514387972"/>
            <fprob>0.0</fprob>
        </actor>
        <actor name="D0N6">
            <wcet number="0">40</wcet>
            <wcet number="1">120</wcet>
            <maxpow number="0.7492122488205302"/>
            <maxpow number="0.7492122488205302"/>
            <fprob>0.0</fprob>
        </actor>
        <actor name="D0N15">
            <wcet number="0">30</wcet>
            <wcet number="1">30</wcet>
            <maxpow number="0.7795793587661471"/>
            <maxpow number="0.7795793587661471"/>
            <fprob>0.0</fprob>
        </actor>
        <actor name="D0N5">
            <wcet number="0">10</wcet>
            <wcet number="1">10</wcet>
            <maxpow number="0.7735551841928037"/>
            <maxpow number="0.7735551841928037"/>
            <fprob>0.0</fprob>
        </actor>
        <actor name="D0N25">
            <wcet number="0">10</wcet>
            <wcet number="1">120</wcet>
            <maxpow number="0.599378823693125"/>
            <maxpow number="0.599378823693125"/>
            <fprob>0.0</fprob>
        </actor>
        <actor name="D0N29">
            <wcet number="0">180</wcet>
            <wcet number="1">200</wcet>
            <maxpow number="0.4810129440725983"/>
            <maxpow number="0.4810129440725983"/>
            <fprob>0.0</fprob>
        </actor>
        <actor name="D0N16">
            <wcet number="0">30</wcet>
            <wcet number="1">60</wcet>
            <maxpow number="0.7769950610774022"/>
            <maxpow number="0.7769950610774022"/>
            <fprob>0.0</fprob>
        </actor>
        <actor name="D0N22">
            <wcet number="0">10</wcet>
            <wcet number="1">100</wcet>
            <maxpow number="0.8912229867855335"/>
            <maxpow number="0.8912229867855335"/>
            <fprob>0.0</fprob>
        </actor>
        <actor name="D0N38">
            <wcet number="0">30</wcet>
            <wcet number="1">30</wcet>
            <maxpow number="0.643465697645693"/>
            <maxpow number="0.643465697645693"/>
            <fprob>0.0</fprob>
        </actor>
        <actor name="D0N37">
            <wcet number="0">30</wcet>
            <wcet number="1">30</wcet>
            <maxpow number="0.4999661780310763"/>
            <maxpow number="0.4999661780310763"/>
            <fprob>0.0</fprob>
        </actor>
        <actor name="D0N34">
            <wcet number="0">70</wcet>
            <wcet number="1">150</wcet>
            <maxpow number="0.6795550484355058"/>
            <maxpow number="0.6795550484355058"/>
            <fprob>0.0</fprob>
        </actor>
        <actor name="D0N42">
            <wcet number="0">10</wcet>
            <wcet number="1">30</wcet>
            <maxpow number="0.6390244757638897"/>
            <maxpow number="0.6390244757638897"/>
            <fprob>0.0</fprob>
        </actor>
        <actor name="D0N27">
            <wcet number="0">20</wcet>
            <wcet number="1">20</wcet>
            <maxpow number="0.21767641871136967"/>
            <maxpow number="0.21767641871136967"/>
            <fprob>0.0</fprob>
        </actor>
        <actor name="D0N18">
            <wcet number="0">90</wcet>
            <wcet number="1">90</wcet>
            <maxpow number="0.7973049391642568"/>
            <maxpow number="0.7973049391642568"/>
            <fprob>0.0</fprob>
        </actor>
        <actor name="D0N1">
            <wcet number="0">70</wcet>
            <wcet number="1">70</wcet>
            <maxpow number="0.772604082378273"/>
            <maxpow number="0.772604082378273"/>
            <fprob>0.0</fprob>
        </actor>
        <actor name="D0N9">
            <wcet number="0">20</wcet>
            <wcet number="1">30</wcet>
            <maxpow number="0.802720121270619"/>
            <maxpow number="0.802720121270619"/>
            <fprob>0.0</fprob>
        </actor>
        <actor name="D0N28">
            <wcet number="0">20</wcet>
            <wcet number="1">100</wcet>
            <maxpow number="0.6630404997200309"/>
            <maxpow number="0.6630404997200309"/>
            <fprob>0.0</fprob>
        </actor>
        <actor name="D0N3">
            <wcet number="0">90</wcet>
            <wcet number="1">180</wcet>
            <maxpow number="0.06508197722528308"/>
            <maxpow number="0.06508197722528308"/>
            <fprob>0.0</fprob>
        </actor>
        <actor name="D0N31">
            <wcet number="0">10</wcet>
            <wcet number="1">50</wcet>
            <maxpow number="0.33026141019080113"/>
            <maxpow number="0.33026141019080113"/>
            <fprob>0.0</fprob>
        </actor>
        <actor name="D0N13">
            <wcet number="0">20</wcet>
            <wcet number="1">30</wcet>
            <maxpow number="0.7245351938983455"/>
            <maxpow number="0.7245351938983455"/>
            <fprob>0.0</fprob>
        </actor>
        <actor name="D0N19">
            <wcet number="0">10</wcet>
            <wcet number="1">50</wcet>
            <maxpow number="0.4719504482240623"/>
            <maxpow number="0.4719504482240623"/>
            <fprob>0.0</fprob>
        </actor>
        <actor name="D0N26">
            <wcet number="0">80</wcet>
            <wcet number="1">110</wcet>
            <maxpow number="0.6580328541308182"/>
            <maxpow number="0.6580328541308182"/>
            <fprob>0.0</fprob>
        </actor>
        <ports>
            <port dstActor="D0N37" name="p0" srcActor="D0N30"/>
            <port dstActor="D0N27" name="p1" srcActor="D0N17"/>
            <port dstActor="D0N18" name="p2" srcActor="D0N17"/>
            <port dstActor="D0N21" name="p3" srcActor="D0N17"/>
            <port dstActor="D0N39" name="p4" srcActor="D0N7"/>
            <port dstActor="D0N35" name="p5" srcActor="D0N7"/>
            <port dstActor="D0N31" name="p6" srcActor="D0N7"/>
            <port dstActor="D0N30" name="p7" srcActor="D0N7"/>
            <port dstActor="D0N41" name="p8" srcActor="D0N7"/>
            <port dstActor="D0N26" name="p9" srcActor="D0N10"/>
            <port dstActor="D0N39" name="p10" srcActor="D0N10"/>
            <port dstActor="D0N38" name="p11" srcActor="D0N33"/>
            <port dstActor="D0N42" name="p12" srcActor="D0N33"/>
            <port dstActor="D0N29" name="p13" srcActor="D0N12"/>
            <port dstActor="D0N40" name="p14" srcActor="D0N12"/>
            <port dstActor="D0N39" name="p15" srcActor="D0N12"/>
            <port dstActor="D0N42" name="p16" srcActor="D0N12"/>
            <port dstActor="D0N30" name="p17" srcActor="D0N12"/>
            <port dstActor="D0N15" name="p18" srcActor="D0N12"/>
            <port dstActor="D0N21" name="p19" srcActor="D0N12"/>
            <port dstActor="D0N15" name="p20" srcActor="D0N11"/>
            <port dstActor="D0N31" name="p21" srcActor="D0N11"/>
            <port dstActor="D0N30" name="p22" srcActor="D0N11"/>
            <port dstActor="D0N23" name="p23" srcActor="D0N2"/>
            <port dstActor="D0N22" name="p24" srcActor="D0N2"/>
            <port dstActor="D0N37" name="p25" srcActor="D0N0"/>
            <port dstActor="D0N28" name="p26" srcActor="D0N0"/>
            <port dstActor="D0N25" name="p27" srcActor="D0N4"/>
            <port dstActor="D0N7" name="p28" srcActor="D0N4"/>
            <port dstActor="D0N33" name="p29" srcActor="D0N4"/>
            <port dstActor="D0N35" name="p30" srcActor="D0N4"/>
            <port dstActor="D0N13" name="p31" srcActor="D0N4"/>
            <port dstActor="D0N42" name="p32" srcActor="D0N32"/>
            <port dstActor="D0N36" name="p33" srcActor="D0N21"/>
            <port dstActor="D0N16" name="p34" srcActor="D0N8"/>
            <port dstActor="D0N17" name="p35" srcActor="D0N8"/>
            <port dstActor="D0N19" name="p36" srcActor="D0N8"/>
            <port dstActor="D0N42" name="p37" srcActor="D0N24"/>
            <port dstActor="D0N41" name="p38" srcActor="D0N24"/>
            <port dstActor="D0N38" name="p39" srcActor="D0N23"/>
            <port dstActor="D0N40" name="p40" srcActor="D0N14"/>
            <port dstActor="D0N21" name="p41" srcActor="D0N14"/>
            <port dstActor="D0N30" name="p42" srcActor="D0N14"/>
            <port dstActor="D0N20" name="p43" srcActor="D0N14"/>
            <port dstActor="D0N29" name="p44" srcActor="D0N20"/>
            <port dstActor="D0N26" name="p45" srcActor="D0N20"/>
            <port dstActor="D0N24" name="p46" srcActor="D0N6"/>
            <port dstActor="D0N40" name="p47" srcActor="D0N6"/>
            <port dstActor="D0N11" name="p48" srcActor="D0N6"/>
            <port dstActor="D0N35" name="p49" srcActor="D0N6"/>
            <port dstActor="D0N12" name="p50" srcActor="D0N6"/>
            <port dstActor="D0N28" name="p51" srcActor="D0N5"/>
            <port dstActor="D0N33" name="p52" srcActor="D0N5"/>
            <port dstActor="D0N26" name="p53" srcActor="D0N5"/>
            <port dstActor="D0N30" name="p54" srcActor="D0N5"/>
            <port dstActor="D0N12" name="p55" srcActor="D0N5"/>
            <port dstActor="D0N34" name="p56" srcActor="D0N25"/>
            <port dstActor="D0N28" name="p57" srcActor="D0N16"/>
            <port dstActor="D0N40" name="p58" srcActor="D0N16"/>
            <port dstActor="D0N36" name="p59" srcActor="D0N22"/>
            <port dstActor="D0N33" name="p60" srcActor="D0N27"/>
            <port dstActor="D0N32" name="p61" srcActor="D0N18"/>
            <port dstActor="D0N30" name="p62" srcActor="D0N18"/>
            <port dstActor="D0N12" name="p63" srcActor="D0N1"/>
            <port dstActor="D0N28" name="p64" srcActor="D0N1"/>
            <port dstActor="D0N38" name="p65" srcActor="D0N1"/>
            <port dstActor="D0N23" name="p66" srcActor="D0N9"/>
            <port dstActor="D0N41" name="p67" srcActor="D0N9"/>
            <port dstActor="D0N27" name="p68" srcActor="D0N9"/>
            <port dstActor="D0N10" name="p69" srcActor="D0N9"/>
            <port dstActor="D0N36" name="p70" srcActor="D0N28"/>
            <port dstActor="D0N40" name="p71" srcActor="D0N3"/>
            <port dstActor="D0N8" name="p72" srcActor="D0N3"/>
            <port dstActor="D0N12" name="p73" srcActor="D0N3"/>
            <port dstActor="D0N10" name="p74" srcActor="D0N3"/>
            <port dstActor="D0N34" name="p75" srcActor="D0N3"/>
            <port dstActor="D0N13" name="p76" srcActor="D0N3"/>
            <port dstActor="D0N27" name="p77" srcActor="D0N3"/>
            <port dstActor="D0N32" name="p78" srcActor="D0N13"/>
            <port dstActor="D0N40" name="p79" srcActor="D0N13"/>
            <port dstActor="D0N26" name="p80" srcActor="D0N13"/>
            <port dstActor="D0N24" name="p81" srcActor="D0N19"/>
            <port dstActor="D0N33" name="p82" srcActor="D0N19"/>
            <port dstActor="D0N28" name="p83" srcActor="D0N19"/>
            <port dstActor="D0N36" name="p84" srcActor="D0N26"/>
        </ports>
    </mcdag>
    <cores number="3"/>
    <levels number="2"/>
</mcsystem>
