<?xml version="1.0" encoding="UTF-8" standalone="no"?>
<mcsystem>
    <mcdag deadline="2500" name="genned-0-ed-10.0-0">
        <actor name="D0N47">
            <wcet number="0">10</wcet>
            <wcet number="1">190</wcet>
            <maxpow number="0.410187937353819"/>
            <maxpow number="0.410187937353819"/>
            <fprob>0.0</fprob>
        </actor>
        <actor name="D0N40">
            <wcet number="0">10</wcet>
            <wcet number="1">10</wcet>
            <maxpow number="0.6031427906868748"/>
            <maxpow number="0.6031427906868748"/>
            <fprob>0.0</fprob>
        </actor>
        <actor name="D0N10">
            <wcet number="0">60</wcet>
            <wcet number="1">200</wcet>
            <maxpow number="0.57176623834129"/>
            <maxpow number="0.57176623834129"/>
            <fprob>0.0</fprob>
        </actor>
        <actor name="D0N0">
            <wcet number="0">510</wcet>
            <wcet number="1">570</wcet>
            <maxpow number="0.9833780018268002"/>
            <maxpow number="0.9833780018268002"/>
            <fprob>0.0</fprob>
        </actor>
        <actor name="D0N14">
            <wcet number="0">100</wcet>
            <wcet number="1">120</wcet>
            <maxpow number="0.9872412617973365"/>
            <maxpow number="0.9872412617973365"/>
            <fprob>0.0</fprob>
        </actor>
        <actor name="D0N13">
            <wcet number="0">100</wcet>
            <wcet number="1">100</wcet>
            <maxpow number="0.5818198082452111"/>
            <maxpow number="0.5818198082452111"/>
            <fprob>0.0</fprob>
        </actor>
        <actor name="D0N29">
            <wcet number="0">10</wcet>
            <wcet number="1">10</wcet>
            <maxpow number="0.521946526296665"/>
            <maxpow number="0.521946526296665"/>
            <fprob>0.0</fprob>
        </actor>
        <actor name="D0N38">
            <wcet number="0">50</wcet>
            <wcet number="1">50</wcet>
            <maxpow number="0.16728485694104994"/>
            <maxpow number="0.16728485694104994"/>
            <fprob>0.0</fprob>
        </actor>
        <actor name="D0N12">
            <wcet number="0">40</wcet>
            <wcet number="1">40</wcet>
            <maxpow number="0.3936226089977968"/>
            <maxpow number="0.3936226089977968"/>
            <fprob>0.0</fprob>
        </actor>
        <actor name="D0N48">
            <wcet number="0">20</wcet>
            <wcet number="1">70</wcet>
            <maxpow number="0.35853184043041775"/>
            <maxpow number="0.35853184043041775"/>
            <fprob>0.0</fprob>
        </actor>
        <actor name="D0N3">
            <wcet number="0">100</wcet>
            <wcet number="1">220</wcet>
            <maxpow number="0.48080648776131285"/>
            <maxpow number="0.48080648776131285"/>
            <fprob>0.0</fprob>
        </actor>
        <actor name="D0N23">
            <wcet number="0">10</wcet>
            <wcet number="1">10</wcet>
            <maxpow number="0.7318380386226518"/>
            <maxpow number="0.7318380386226518"/>
            <fprob>0.0</fprob>
        </actor>
        <actor name="D0N43">
            <wcet number="0">120</wcet>
            <wcet number="1">120</wcet>
            <maxpow number="0.42839460830387666"/>
            <maxpow number="0.42839460830387666"/>
            <fprob>0.0</fprob>
        </actor>
        <actor name="D0N27">
            <wcet number="0">20</wcet>
            <wcet number="1">30</wcet>
            <maxpow number="0.8070383985232861"/>
            <maxpow number="0.8070383985232861"/>
            <fprob>0.0</fprob>
        </actor>
        <actor name="D0N11">
            <wcet number="0">80</wcet>
            <wcet number="1">100</wcet>
            <maxpow number="0.4541611762213873"/>
            <maxpow number="0.4541611762213873"/>
            <fprob>0.0</fprob>
        </actor>
        <actor name="D0N33">
            <wcet number="0">60</wcet>
            <wcet number="1">120</wcet>
            <maxpow number="0.6536918535104433"/>
            <maxpow number="0.6536918535104433"/>
            <fprob>0.0</fprob>
        </actor>
        <actor name="D0N35">
            <wcet number="0">100</wcet>
            <wcet number="1">180</wcet>
            <maxpow number="0.4985839791294168"/>
            <maxpow number="0.4985839791294168"/>
            <fprob>0.0</fprob>
        </actor>
        <actor name="D0N4">
            <wcet number="0">60</wcet>
            <wcet number="1">120</wcet>
            <maxpow number="0.7479709171554523"/>
            <maxpow number="0.7479709171554523"/>
            <fprob>0.0</fprob>
        </actor>
        <actor name="D0N36">
            <wcet number="0">20</wcet>
            <wcet number="1">50</wcet>
            <maxpow number="0.4483516945881399"/>
            <maxpow number="0.4483516945881399"/>
            <fprob>0.0</fprob>
        </actor>
        <actor name="D0N15">
            <wcet number="0">10</wcet>
            <wcet number="1">30</wcet>
            <maxpow number="1.1045275631342895"/>
            <maxpow number="1.1045275631342895"/>
            <fprob>0.0</fprob>
        </actor>
        <actor name="D0N22">
            <wcet number="0">50</wcet>
            <wcet number="1">60</wcet>
            <maxpow number="0.7608944468988509"/>
            <maxpow number="0.7608944468988509"/>
            <fprob>0.0</fprob>
        </actor>
        <actor name="D0N28">
            <wcet number="0">70</wcet>
            <wcet number="1">100</wcet>
            <maxpow number="0.5254565966077278"/>
            <maxpow number="0.5254565966077278"/>
            <fprob>0.0</fprob>
        </actor>
        <actor name="D0N44">
            <wcet number="0">260</wcet>
            <wcet number="1">260</wcet>
            <maxpow number="0.24984253594933192"/>
            <maxpow number="0.24984253594933192"/>
            <fprob>0.0</fprob>
        </actor>
        <actor name="D0N18">
            <wcet number="0">110</wcet>
            <wcet number="1">200</wcet>
            <maxpow number="0.31872700471452"/>
            <maxpow number="0.31872700471452"/>
            <fprob>0.0</fprob>
        </actor>
        <actor name="D0N31">
            <wcet number="0">30</wcet>
            <wcet number="1">60</wcet>
            <maxpow number="0.6213216175396148"/>
            <maxpow number="0.6213216175396148"/>
            <fprob>0.0</fprob>
        </actor>
        <actor name="D0N2">
            <wcet number="0">50</wcet>
            <wcet number="1">120</wcet>
            <maxpow number="0.9409312783471382"/>
            <maxpow number="0.9409312783471382"/>
            <fprob>0.0</fprob>
        </actor>
        <actor name="D0N7">
            <wcet number="0">70</wcet>
            <wcet number="1">140</wcet>
            <maxpow number="0.9235253156053256"/>
            <maxpow number="0.9235253156053256"/>
            <fprob>0.0</fprob>
        </actor>
        <actor name="D0N9">
            <wcet number="0">80</wcet>
            <wcet number="1">110</wcet>
            <maxpow number="0.7274400884370223"/>
            <maxpow number="0.7274400884370223"/>
            <fprob>0.0</fprob>
        </actor>
        <actor name="D0N1">
            <wcet number="0">20</wcet>
            <wcet number="1">110</wcet>
            <maxpow number="0.5082764395713727"/>
            <maxpow number="0.5082764395713727"/>
            <fprob>0.0</fprob>
        </actor>
        <actor name="D0N16">
            <wcet number="0">10</wcet>
            <wcet number="1">10</wcet>
            <maxpow number="0.5743666891904777"/>
            <maxpow number="0.5743666891904777"/>
            <fprob>0.0</fprob>
        </actor>
        <actor name="D0N8">
            <wcet number="0">50</wcet>
            <wcet number="1">50</wcet>
            <maxpow number="0.6604549590547576"/>
            <maxpow number="0.6604549590547576"/>
            <fprob>0.0</fprob>
        </actor>
        <actor name="D0N20">
            <wcet number="0">20</wcet>
            <wcet number="1">30</wcet>
            <maxpow number="0.7032792016206952"/>
            <maxpow number="0.7032792016206952"/>
            <fprob>0.0</fprob>
        </actor>
        <actor name="D0N39">
            <wcet number="0">50</wcet>
            <wcet number="1">110</wcet>
            <maxpow number="0.6336684063957067"/>
            <maxpow number="0.6336684063957067"/>
            <fprob>0.0</fprob>
        </actor>
        <actor name="D0N42">
            <wcet number="0">90</wcet>
            <wcet number="1">330</wcet>
            <maxpow number="0.30977476655460806"/>
            <maxpow number="0.30977476655460806"/>
            <fprob>0.0</fprob>
        </actor>
        <actor name="D0N19">
            <wcet number="0">30</wcet>
            <wcet number="1">130</wcet>
            <maxpow number="0.47400738834378153"/>
            <maxpow number="0.47400738834378153"/>
            <fprob>0.0</fprob>
        </actor>
        <actor name="D0N37">
            <wcet number="0">10</wcet>
            <wcet number="1">110</wcet>
            <maxpow number="0.3537466823723603"/>
            <maxpow number="0.3537466823723603"/>
            <fprob>0.0</fprob>
        </actor>
        <actor name="D0N26">
            <wcet number="0">40</wcet>
            <wcet number="1">180</wcet>
            <maxpow number="0.4889883564537909"/>
            <maxpow number="0.4889883564537909"/>
            <fprob>0.0</fprob>
        </actor>
        <actor name="D0N34">
            <wcet number="0">30</wcet>
            <wcet number="1">80</wcet>
            <maxpow number="0.6685825197166433"/>
            <maxpow number="0.6685825197166433"/>
            <fprob>0.0</fprob>
        </actor>
        <actor name="D0N6">
            <wcet number="0">50</wcet>
            <wcet number="1">120</wcet>
            <maxpow number="0.4256276088963229"/>
            <maxpow number="0.4256276088963229"/>
            <fprob>0.0</fprob>
        </actor>
        <actor name="D0N5">
            <wcet number="0">10</wcet>
            <wcet number="1">60</wcet>
            <maxpow number="0.44337305671517907"/>
            <maxpow number="0.44337305671517907"/>
            <fprob>0.0</fprob>
        </actor>
        <actor name="D0N25">
            <wcet number="0">10</wcet>
            <wcet number="1">10</wcet>
            <maxpow number="0.6413287267094554"/>
            <maxpow number="0.6413287267094554"/>
            <fprob>0.0</fprob>
        </actor>
        <actor name="D0N45">
            <wcet number="0">100</wcet>
            <wcet number="1">100</wcet>
            <maxpow number="0.4986920745546097"/>
            <maxpow number="0.4986920745546097"/>
            <fprob>0.0</fprob>
        </actor>
        <actor name="D0N21">
            <wcet number="0">380</wcet>
            <wcet number="1">570</wcet>
            <maxpow number="0.6464544256987368"/>
            <maxpow number="0.6464544256987368"/>
            <fprob>0.0</fprob>
        </actor>
        <actor name="D0N32">
            <wcet number="0">50</wcet>
            <wcet number="1">90</wcet>
            <maxpow number="0.5815585778404071"/>
            <maxpow number="0.5815585778404071"/>
            <fprob>0.0</fprob>
        </actor>
        <actor name="D0N30">
            <wcet number="0">10</wcet>
            <wcet number="1">10</wcet>
            <maxpow number="0.2766415322568393"/>
            <maxpow number="0.2766415322568393"/>
            <fprob>0.0</fprob>
        </actor>
        <actor name="D0N46">
            <wcet number="0">10</wcet>
            <wcet number="1">100</wcet>
            <maxpow number="0.8346524628358867"/>
            <maxpow number="0.8346524628358867"/>
            <fprob>0.0</fprob>
        </actor>
        <actor name="D0N41">
            <wcet number="0">20</wcet>
            <wcet number="1">30</wcet>
            <maxpow number="0.37389822500483283"/>
            <maxpow number="0.37389822500483283"/>
            <fprob>0.0</fprob>
        </actor>
        <actor name="D0N17">
            <wcet number="0">10</wcet>
            <wcet number="1">90</wcet>
            <maxpow number="0.5513947331875912"/>
            <maxpow number="0.5513947331875912"/>
            <fprob>0.0</fprob>
        </actor>
        <actor name="D0N24">
            <wcet number="0">20</wcet>
            <wcet number="1">40</wcet>
            <maxpow number="0.8676850895438711"/>
            <maxpow number="0.8676850895438711"/>
            <fprob>0.0</fprob>
        </actor>
        <ports>
            <port dstActor="D0N45" name="p0" srcActor="D0N40"/>
            <port dstActor="D0N45" name="p1" srcActor="D0N10"/>
            <port dstActor="D0N48" name="p2" srcActor="D0N10"/>
            <port dstActor="D0N11" name="p3" srcActor="D0N10"/>
            <port dstActor="D0N38" name="p4" srcActor="D0N10"/>
            <port dstActor="D0N35" name="p5" srcActor="D0N0"/>
            <port dstActor="D0N16" name="p6" srcActor="D0N0"/>
            <port dstActor="D0N22" name="p7" srcActor="D0N0"/>
            <port dstActor="D0N10" name="p8" srcActor="D0N0"/>
            <port dstActor="D0N17" name="p9" srcActor="D0N14"/>
            <port dstActor="D0N44" name="p10" srcActor="D0N14"/>
            <port dstActor="D0N16" name="p11" srcActor="D0N13"/>
            <port dstActor="D0N37" name="p12" srcActor="D0N13"/>
            <port dstActor="D0N33" name="p13" srcActor="D0N13"/>
            <port dstActor="D0N33" name="p14" srcActor="D0N29"/>
            <port dstActor="D0N36" name="p15" srcActor="D0N29"/>
            <port dstActor="D0N15" name="p16" srcActor="D0N12"/>
            <port dstActor="D0N26" name="p17" srcActor="D0N12"/>
            <port dstActor="D0N24" name="p18" srcActor="D0N12"/>
            <port dstActor="D0N40" name="p19" srcActor="D0N12"/>
            <port dstActor="D0N14" name="p20" srcActor="D0N3"/>
            <port dstActor="D0N42" name="p21" srcActor="D0N3"/>
            <port dstActor="D0N38" name="p22" srcActor="D0N23"/>
            <port dstActor="D0N24" name="p23" srcActor="D0N23"/>
            <port dstActor="D0N37" name="p24" srcActor="D0N23"/>
            <port dstActor="D0N47" name="p25" srcActor="D0N43"/>
            <port dstActor="D0N46" name="p26" srcActor="D0N43"/>
            <port dstActor="D0N31" name="p27" srcActor="D0N11"/>
            <port dstActor="D0N30" name="p28" srcActor="D0N11"/>
            <port dstActor="D0N47" name="p29" srcActor="D0N11"/>
            <port dstActor="D0N47" name="p30" srcActor="D0N35"/>
            <port dstActor="D0N45" name="p31" srcActor="D0N35"/>
            <port dstActor="D0N44" name="p32" srcActor="D0N35"/>
            <port dstActor="D0N42" name="p33" srcActor="D0N4"/>
            <port dstActor="D0N23" name="p34" srcActor="D0N4"/>
            <port dstActor="D0N36" name="p35" srcActor="D0N4"/>
            <port dstActor="D0N31" name="p36" srcActor="D0N15"/>
            <port dstActor="D0N21" name="p37" srcActor="D0N15"/>
            <port dstActor="D0N19" name="p38" srcActor="D0N15"/>
            <port dstActor="D0N26" name="p39" srcActor="D0N22"/>
            <port dstActor="D0N40" name="p40" srcActor="D0N28"/>
            <port dstActor="D0N28" name="p41" srcActor="D0N18"/>
            <port dstActor="D0N29" name="p42" srcActor="D0N18"/>
            <port dstActor="D0N37" name="p43" srcActor="D0N18"/>
            <port dstActor="D0N41" name="p44" srcActor="D0N18"/>
            <port dstActor="D0N33" name="p45" srcActor="D0N31"/>
            <port dstActor="D0N44" name="p46" srcActor="D0N31"/>
            <port dstActor="D0N25" name="p47" srcActor="D0N2"/>
            <port dstActor="D0N5" name="p48" srcActor="D0N2"/>
            <port dstActor="D0N46" name="p49" srcActor="D0N2"/>
            <port dstActor="D0N15" name="p50" srcActor="D0N2"/>
            <port dstActor="D0N7" name="p51" srcActor="D0N2"/>
            <port dstActor="D0N12" name="p52" srcActor="D0N2"/>
            <port dstActor="D0N23" name="p53" srcActor="D0N2"/>
            <port dstActor="D0N42" name="p54" srcActor="D0N2"/>
            <port dstActor="D0N37" name="p55" srcActor="D0N2"/>
            <port dstActor="D0N33" name="p56" srcActor="D0N7"/>
            <port dstActor="D0N14" name="p57" srcActor="D0N7"/>
            <port dstActor="D0N21" name="p58" srcActor="D0N7"/>
            <port dstActor="D0N29" name="p59" srcActor="D0N7"/>
            <port dstActor="D0N36" name="p60" srcActor="D0N7"/>
            <port dstActor="D0N16" name="p61" srcActor="D0N7"/>
            <port dstActor="D0N19" name="p62" srcActor="D0N7"/>
            <port dstActor="D0N18" name="p63" srcActor="D0N7"/>
            <port dstActor="D0N43" name="p64" srcActor="D0N9"/>
            <port dstActor="D0N14" name="p65" srcActor="D0N9"/>
            <port dstActor="D0N42" name="p66" srcActor="D0N9"/>
            <port dstActor="D0N34" name="p67" srcActor="D0N9"/>
            <port dstActor="D0N15" name="p68" srcActor="D0N9"/>
            <port dstActor="D0N17" name="p69" srcActor="D0N9"/>
            <port dstActor="D0N2" name="p70" srcActor="D0N1"/>
            <port dstActor="D0N41" name="p71" srcActor="D0N1"/>
            <port dstActor="D0N34" name="p72" srcActor="D0N1"/>
            <port dstActor="D0N10" name="p73" srcActor="D0N1"/>
            <port dstActor="D0N37" name="p74" srcActor="D0N1"/>
            <port dstActor="D0N27" name="p75" srcActor="D0N1"/>
            <port dstActor="D0N31" name="p76" srcActor="D0N16"/>
            <port dstActor="D0N41" name="p77" srcActor="D0N16"/>
            <port dstActor="D0N17" name="p78" srcActor="D0N16"/>
            <port dstActor="D0N44" name="p79" srcActor="D0N16"/>
            <port dstActor="D0N36" name="p80" srcActor="D0N16"/>
            <port dstActor="D0N46" name="p81" srcActor="D0N16"/>
            <port dstActor="D0N29" name="p82" srcActor="D0N8"/>
            <port dstActor="D0N48" name="p83" srcActor="D0N8"/>
            <port dstActor="D0N39" name="p84" srcActor="D0N8"/>
            <port dstActor="D0N21" name="p85" srcActor="D0N8"/>
            <port dstActor="D0N33" name="p86" srcActor="D0N20"/>
            <port dstActor="D0N45" name="p87" srcActor="D0N20"/>
            <port dstActor="D0N48" name="p88" srcActor="D0N39"/>
            <port dstActor="D0N32" name="p89" srcActor="D0N19"/>
            <port dstActor="D0N38" name="p90" srcActor="D0N19"/>
            <port dstActor="D0N45" name="p91" srcActor="D0N37"/>
            <port dstActor="D0N48" name="p92" srcActor="D0N37"/>
            <port dstActor="D0N31" name="p93" srcActor="D0N26"/>
            <port dstActor="D0N48" name="p94" srcActor="D0N34"/>
            <port dstActor="D0N38" name="p95" srcActor="D0N34"/>
            <port dstActor="D0N20" name="p96" srcActor="D0N6"/>
            <port dstActor="D0N33" name="p97" srcActor="D0N6"/>
            <port dstActor="D0N34" name="p98" srcActor="D0N6"/>
            <port dstActor="D0N38" name="p99" srcActor="D0N6"/>
            <port dstActor="D0N33" name="p100" srcActor="D0N5"/>
            <port dstActor="D0N41" name="p101" srcActor="D0N25"/>
            <port dstActor="D0N35" name="p102" srcActor="D0N25"/>
            <port dstActor="D0N29" name="p103" srcActor="D0N21"/>
            <port dstActor="D0N46" name="p104" srcActor="D0N21"/>
            <port dstActor="D0N39" name="p105" srcActor="D0N21"/>
            <port dstActor="D0N45" name="p106" srcActor="D0N32"/>
            <port dstActor="D0N40" name="p107" srcActor="D0N30"/>
            <port dstActor="D0N48" name="p108" srcActor="D0N46"/>
            <port dstActor="D0N38" name="p109" srcActor="D0N17"/>
            <port dstActor="D0N19" name="p110" srcActor="D0N17"/>
            <port dstActor="D0N29" name="p111" srcActor="D0N17"/>
            <port dstActor="D0N39" name="p112" srcActor="D0N17"/>
            <port dstActor="D0N39" name="p113" srcActor="D0N24"/>
            <port dstActor="D0N26" name="p114" srcActor="D0N24"/>
        </ports>
    </mcdag>
    <cores number="3"/>
    <levels number="2"/>
</mcsystem>
