<?xml version="1.0" encoding="UTF-8" standalone="no"?>
<mcsystem>
    <mcdag deadline="2200" name="genned-0-ed-10.0-0">
        <actor name="D0N40">
            <wcet number="0">40</wcet>
            <wcet number="1">50</wcet>
            <maxpow number="0.7433540741113883"/>
            <maxpow number="0.7433540741113883"/>
            <fprob>0.0</fprob>
        </actor>
        <actor name="D0N17">
            <wcet number="0">10</wcet>
            <wcet number="1">10</wcet>
            <maxpow number="0.7325294191789232"/>
            <maxpow number="0.7325294191789232"/>
            <fprob>0.0</fprob>
        </actor>
        <actor name="D0N43">
            <wcet number="0">80</wcet>
            <wcet number="1">280</wcet>
            <maxpow number="0.341980112747188"/>
            <maxpow number="0.341980112747188"/>
            <fprob>0.0</fprob>
        </actor>
        <actor name="D0N30">
            <wcet number="0">40</wcet>
            <wcet number="1">40</wcet>
            <maxpow number="0.8903876287623225"/>
            <maxpow number="0.8903876287623225"/>
            <fprob>0.0</fprob>
        </actor>
        <actor name="D0N44">
            <wcet number="0">40</wcet>
            <wcet number="1">50</wcet>
            <maxpow number="0.31067845821062334"/>
            <maxpow number="0.31067845821062334"/>
            <fprob>0.0</fprob>
        </actor>
        <actor name="D0N10">
            <wcet number="0">60</wcet>
            <wcet number="1">80</wcet>
            <maxpow number="0.6782918334861249"/>
            <maxpow number="0.6782918334861249"/>
            <fprob>0.0</fprob>
        </actor>
        <actor name="D0N39">
            <wcet number="0">20</wcet>
            <wcet number="1">20</wcet>
            <maxpow number="0.4494839630478193"/>
            <maxpow number="0.4494839630478193"/>
            <fprob>0.0</fprob>
        </actor>
        <actor name="D0N6">
            <wcet number="0">270</wcet>
            <wcet number="1">320</wcet>
            <maxpow number="0.35265184090763235"/>
            <maxpow number="0.35265184090763235"/>
            <fprob>0.0</fprob>
        </actor>
        <actor name="D0N34">
            <wcet number="0">30</wcet>
            <wcet number="1">60</wcet>
            <maxpow number="0.4169797476845054"/>
            <maxpow number="0.4169797476845054"/>
            <fprob>0.0</fprob>
        </actor>
        <actor name="D0N4">
            <wcet number="0">160</wcet>
            <wcet number="1">170</wcet>
            <maxpow number="0.4561093238443198"/>
            <maxpow number="0.4561093238443198"/>
            <fprob>0.0</fprob>
        </actor>
        <actor name="D0N38">
            <wcet number="0">30</wcet>
            <wcet number="1">330</wcet>
            <maxpow number="0.9131560817403281"/>
            <maxpow number="0.9131560817403281"/>
            <fprob>0.0</fprob>
        </actor>
        <actor name="D0N8">
            <wcet number="0">30</wcet>
            <wcet number="1">30</wcet>
            <maxpow number="0.7290174353326169"/>
            <maxpow number="0.7290174353326169"/>
            <fprob>0.0</fprob>
        </actor>
        <actor name="D0N1">
            <wcet number="0">10</wcet>
            <wcet number="1">20</wcet>
            <maxpow number="0.7594458803777518"/>
            <maxpow number="0.7594458803777518"/>
            <fprob>0.0</fprob>
        </actor>
        <actor name="D0N14">
            <wcet number="0">40</wcet>
            <wcet number="1">60</wcet>
            <maxpow number="0.4397476586632577"/>
            <maxpow number="0.4397476586632577"/>
            <fprob>0.0</fprob>
        </actor>
        <actor name="D0N3">
            <wcet number="0">40</wcet>
            <wcet number="1">50</wcet>
            <maxpow number="0.7988299834362174"/>
            <maxpow number="0.7988299834362174"/>
            <fprob>0.0</fprob>
        </actor>
        <actor name="D0N41">
            <wcet number="0">10</wcet>
            <wcet number="1">30</wcet>
            <maxpow number="0.9222991416474258"/>
            <maxpow number="0.9222991416474258"/>
            <fprob>0.0</fprob>
        </actor>
        <actor name="D0N26">
            <wcet number="0">10</wcet>
            <wcet number="1">10</wcet>
            <maxpow number="0.5520092270517493"/>
            <maxpow number="0.5520092270517493"/>
            <fprob>0.0</fprob>
        </actor>
        <actor name="D0N36">
            <wcet number="0">10</wcet>
            <wcet number="1">70</wcet>
            <maxpow number="0.588363105030352"/>
            <maxpow number="0.588363105030352"/>
            <fprob>0.0</fprob>
        </actor>
        <actor name="D0N25">
            <wcet number="0">150</wcet>
            <wcet number="1">200</wcet>
            <maxpow number="0.42583785046405587"/>
            <maxpow number="0.42583785046405587"/>
            <fprob>0.0</fprob>
        </actor>
        <actor name="D0N28">
            <wcet number="0">20</wcet>
            <wcet number="1">20</wcet>
            <maxpow number="0.6517160576407972"/>
            <maxpow number="0.6517160576407972"/>
            <fprob>0.0</fprob>
        </actor>
        <actor name="D0N11">
            <wcet number="0">10</wcet>
            <wcet number="1">20</wcet>
            <maxpow number="0.4511098534853731"/>
            <maxpow number="0.4511098534853731"/>
            <fprob>0.0</fprob>
        </actor>
        <actor name="D0N23">
            <wcet number="0">20</wcet>
            <wcet number="1">20</wcet>
            <maxpow number="0.2882516377618072"/>
            <maxpow number="0.2882516377618072"/>
            <fprob>0.0</fprob>
        </actor>
        <actor name="D0N22">
            <wcet number="0">10</wcet>
            <wcet number="1">90</wcet>
            <maxpow number="1.0346721920298174"/>
            <maxpow number="1.0346721920298174"/>
            <fprob>0.0</fprob>
        </actor>
        <actor name="D0N16">
            <wcet number="0">10</wcet>
            <wcet number="1">60</wcet>
            <maxpow number="0.41754979245956864"/>
            <maxpow number="0.41754979245956864"/>
            <fprob>0.0</fprob>
        </actor>
        <actor name="D0N7">
            <wcet number="0">30</wcet>
            <wcet number="1">30</wcet>
            <maxpow number="0.27082536838176796"/>
            <maxpow number="0.27082536838176796"/>
            <fprob>0.0</fprob>
        </actor>
        <actor name="D0N2">
            <wcet number="0">10</wcet>
            <wcet number="1">10</wcet>
            <maxpow number="0.6731264001588838"/>
            <maxpow number="0.6731264001588838"/>
            <fprob>0.0</fprob>
        </actor>
        <actor name="D0N37">
            <wcet number="0">10</wcet>
            <wcet number="1">10</wcet>
            <maxpow number="0.7169906878813165"/>
            <maxpow number="0.7169906878813165"/>
            <fprob>0.0</fprob>
        </actor>
        <actor name="D0N0">
            <wcet number="0">140</wcet>
            <wcet number="1">320</wcet>
            <maxpow number="0.4230069866309476"/>
            <maxpow number="0.4230069866309476"/>
            <fprob>0.0</fprob>
        </actor>
        <actor name="D0N42">
            <wcet number="0">30</wcet>
            <wcet number="1">60</wcet>
            <maxpow number="0.19057158844293715"/>
            <maxpow number="0.19057158844293715"/>
            <fprob>0.0</fprob>
        </actor>
        <actor name="D0N45">
            <wcet number="0">70</wcet>
            <wcet number="1">80</wcet>
            <maxpow number="0.7573241472281503"/>
            <maxpow number="0.7573241472281503"/>
            <fprob>0.0</fprob>
        </actor>
        <actor name="D0N33">
            <wcet number="0">10</wcet>
            <wcet number="1">20</wcet>
            <maxpow number="0.4292948418921441"/>
            <maxpow number="0.4292948418921441"/>
            <fprob>0.0</fprob>
        </actor>
        <actor name="D0N18">
            <wcet number="0">30</wcet>
            <wcet number="1">50</wcet>
            <maxpow number="0.4037215498643806"/>
            <maxpow number="0.4037215498643806"/>
            <fprob>0.0</fprob>
        </actor>
        <actor name="D0N5">
            <wcet number="0">60</wcet>
            <wcet number="1">60</wcet>
            <maxpow number="0.6444387621075766"/>
            <maxpow number="0.6444387621075766"/>
            <fprob>0.0</fprob>
        </actor>
        <actor name="D0N20">
            <wcet number="0">210</wcet>
            <wcet number="1">310</wcet>
            <maxpow number="0.7144913272558922"/>
            <maxpow number="0.7144913272558922"/>
            <fprob>0.0</fprob>
        </actor>
        <actor name="D0N29">
            <wcet number="0">80</wcet>
            <wcet number="1">80</wcet>
            <maxpow number="0.6317815287057091"/>
            <maxpow number="0.6317815287057091"/>
            <fprob>0.0</fprob>
        </actor>
        <actor name="D0N9">
            <wcet number="0">10</wcet>
            <wcet number="1">40</wcet>
            <maxpow number="0.5093169650458967"/>
            <maxpow number="0.5093169650458967"/>
            <fprob>0.0</fprob>
        </actor>
        <actor name="D0N31">
            <wcet number="0">10</wcet>
            <wcet number="1">30</wcet>
            <maxpow number="0.7198643244372391"/>
            <maxpow number="0.7198643244372391"/>
            <fprob>0.0</fprob>
        </actor>
        <actor name="D0N24">
            <wcet number="0">10</wcet>
            <wcet number="1">10</wcet>
            <maxpow number="0.8514260471714515"/>
            <maxpow number="0.8514260471714515"/>
            <fprob>0.0</fprob>
        </actor>
        <actor name="D0N21">
            <wcet number="0">20</wcet>
            <wcet number="1">30</wcet>
            <maxpow number="0.6594377795309619"/>
            <maxpow number="0.6594377795309619"/>
            <fprob>0.0</fprob>
        </actor>
        <actor name="D0N13">
            <wcet number="0">80</wcet>
            <wcet number="1">230</wcet>
            <maxpow number="0.6950148125508229"/>
            <maxpow number="0.6950148125508229"/>
            <fprob>0.0</fprob>
        </actor>
        <actor name="D0N32">
            <wcet number="0">10</wcet>
            <wcet number="1">300</wcet>
            <maxpow number="0.5626847527218696"/>
            <maxpow number="0.5626847527218696"/>
            <fprob>0.0</fprob>
        </actor>
        <actor name="D0N12">
            <wcet number="0">80</wcet>
            <wcet number="1">80</wcet>
            <maxpow number="0.6207979034104066"/>
            <maxpow number="0.6207979034104066"/>
            <fprob>0.0</fprob>
        </actor>
        <actor name="D0N15">
            <wcet number="0">290</wcet>
            <wcet number="1">330</wcet>
            <maxpow number="0.5232706940834595"/>
            <maxpow number="0.5232706940834595"/>
            <fprob>0.0</fprob>
        </actor>
        <actor name="D0N27">
            <wcet number="0">120</wcet>
            <wcet number="1">190</wcet>
            <maxpow number="0.5411933015243262"/>
            <maxpow number="0.5411933015243262"/>
            <fprob>0.0</fprob>
        </actor>
        <actor name="D0N35">
            <wcet number="0">10</wcet>
            <wcet number="1">30</wcet>
            <maxpow number="0.33804891943053816"/>
            <maxpow number="0.33804891943053816"/>
            <fprob>0.0</fprob>
        </actor>
        <actor name="D0N19">
            <wcet number="0">170</wcet>
            <wcet number="1">230</wcet>
            <maxpow number="0.5445228570440822"/>
            <maxpow number="0.5445228570440822"/>
            <fprob>0.0</fprob>
        </actor>
        <ports>
            <port dstActor="D0N43" name="p0" srcActor="D0N40"/>
            <port dstActor="D0N28" name="p1" srcActor="D0N17"/>
            <port dstActor="D0N43" name="p2" srcActor="D0N17"/>
            <port dstActor="D0N42" name="p3" srcActor="D0N17"/>
            <port dstActor="D0N41" name="p4" srcActor="D0N17"/>
            <port dstActor="D0N44" name="p5" srcActor="D0N17"/>
            <port dstActor="D0N34" name="p6" srcActor="D0N17"/>
            <port dstActor="D0N31" name="p7" srcActor="D0N17"/>
            <port dstActor="D0N45" name="p8" srcActor="D0N30"/>
            <port dstActor="D0N31" name="p9" srcActor="D0N10"/>
            <port dstActor="D0N29" name="p10" srcActor="D0N6"/>
            <port dstActor="D0N32" name="p11" srcActor="D0N6"/>
            <port dstActor="D0N39" name="p12" srcActor="D0N34"/>
            <port dstActor="D0N43" name="p13" srcActor="D0N34"/>
            <port dstActor="D0N42" name="p14" srcActor="D0N34"/>
            <port dstActor="D0N11" name="p15" srcActor="D0N4"/>
            <port dstActor="D0N22" name="p16" srcActor="D0N4"/>
            <port dstActor="D0N43" name="p17" srcActor="D0N38"/>
            <port dstActor="D0N13" name="p18" srcActor="D0N8"/>
            <port dstActor="D0N43" name="p19" srcActor="D0N8"/>
            <port dstActor="D0N45" name="p20" srcActor="D0N1"/>
            <port dstActor="D0N11" name="p21" srcActor="D0N1"/>
            <port dstActor="D0N13" name="p22" srcActor="D0N1"/>
            <port dstActor="D0N42" name="p23" srcActor="D0N1"/>
            <port dstActor="D0N41" name="p24" srcActor="D0N14"/>
            <port dstActor="D0N44" name="p25" srcActor="D0N14"/>
            <port dstActor="D0N19" name="p26" srcActor="D0N3"/>
            <port dstActor="D0N10" name="p27" srcActor="D0N3"/>
            <port dstActor="D0N38" name="p28" srcActor="D0N3"/>
            <port dstActor="D0N41" name="p29" srcActor="D0N3"/>
            <port dstActor="D0N37" name="p30" srcActor="D0N3"/>
            <port dstActor="D0N27" name="p31" srcActor="D0N3"/>
            <port dstActor="D0N42" name="p32" srcActor="D0N41"/>
            <port dstActor="D0N31" name="p33" srcActor="D0N25"/>
            <port dstActor="D0N44" name="p34" srcActor="D0N28"/>
            <port dstActor="D0N41" name="p35" srcActor="D0N28"/>
            <port dstActor="D0N32" name="p36" srcActor="D0N28"/>
            <port dstActor="D0N37" name="p37" srcActor="D0N28"/>
            <port dstActor="D0N19" name="p38" srcActor="D0N11"/>
            <port dstActor="D0N18" name="p39" srcActor="D0N11"/>
            <port dstActor="D0N44" name="p40" srcActor="D0N11"/>
            <port dstActor="D0N43" name="p41" srcActor="D0N11"/>
            <port dstActor="D0N24" name="p42" srcActor="D0N11"/>
            <port dstActor="D0N37" name="p43" srcActor="D0N23"/>
            <port dstActor="D0N38" name="p44" srcActor="D0N23"/>
            <port dstActor="D0N28" name="p45" srcActor="D0N23"/>
            <port dstActor="D0N34" name="p46" srcActor="D0N22"/>
            <port dstActor="D0N40" name="p47" srcActor="D0N22"/>
            <port dstActor="D0N41" name="p48" srcActor="D0N16"/>
            <port dstActor="D0N23" name="p49" srcActor="D0N16"/>
            <port dstActor="D0N22" name="p50" srcActor="D0N16"/>
            <port dstActor="D0N26" name="p51" srcActor="D0N16"/>
            <port dstActor="D0N20" name="p52" srcActor="D0N16"/>
            <port dstActor="D0N38" name="p53" srcActor="D0N16"/>
            <port dstActor="D0N19" name="p54" srcActor="D0N16"/>
            <port dstActor="D0N14" name="p55" srcActor="D0N7"/>
            <port dstActor="D0N20" name="p56" srcActor="D0N7"/>
            <port dstActor="D0N13" name="p57" srcActor="D0N7"/>
            <port dstActor="D0N23" name="p58" srcActor="D0N7"/>
            <port dstActor="D0N5" name="p59" srcActor="D0N2"/>
            <port dstActor="D0N20" name="p60" srcActor="D0N2"/>
            <port dstActor="D0N39" name="p61" srcActor="D0N2"/>
            <port dstActor="D0N34" name="p62" srcActor="D0N2"/>
            <port dstActor="D0N43" name="p63" srcActor="D0N37"/>
            <port dstActor="D0N42" name="p64" srcActor="D0N37"/>
            <port dstActor="D0N31" name="p65" srcActor="D0N0"/>
            <port dstActor="D0N34" name="p66" srcActor="D0N33"/>
            <port dstActor="D0N44" name="p67" srcActor="D0N33"/>
            <port dstActor="D0N35" name="p68" srcActor="D0N33"/>
            <port dstActor="D0N37" name="p69" srcActor="D0N18"/>
            <port dstActor="D0N41" name="p70" srcActor="D0N18"/>
            <port dstActor="D0N38" name="p71" srcActor="D0N18"/>
            <port dstActor="D0N21" name="p72" srcActor="D0N18"/>
            <port dstActor="D0N19" name="p73" srcActor="D0N5"/>
            <port dstActor="D0N39" name="p74" srcActor="D0N5"/>
            <port dstActor="D0N28" name="p75" srcActor="D0N5"/>
            <port dstActor="D0N31" name="p76" srcActor="D0N5"/>
            <port dstActor="D0N6" name="p77" srcActor="D0N5"/>
            <port dstActor="D0N40" name="p78" srcActor="D0N20"/>
            <port dstActor="D0N33" name="p79" srcActor="D0N20"/>
            <port dstActor="D0N36" name="p80" srcActor="D0N20"/>
            <port dstActor="D0N27" name="p81" srcActor="D0N20"/>
            <port dstActor="D0N44" name="p82" srcActor="D0N29"/>
            <port dstActor="D0N41" name="p83" srcActor="D0N9"/>
            <port dstActor="D0N19" name="p84" srcActor="D0N9"/>
            <port dstActor="D0N42" name="p85" srcActor="D0N31"/>
            <port dstActor="D0N30" name="p86" srcActor="D0N24"/>
            <port dstActor="D0N28" name="p87" srcActor="D0N24"/>
            <port dstActor="D0N31" name="p88" srcActor="D0N13"/>
            <port dstActor="D0N35" name="p89" srcActor="D0N13"/>
            <port dstActor="D0N32" name="p90" srcActor="D0N13"/>
            <port dstActor="D0N38" name="p91" srcActor="D0N32"/>
            <port dstActor="D0N43" name="p92" srcActor="D0N32"/>
            <port dstActor="D0N21" name="p93" srcActor="D0N12"/>
            <port dstActor="D0N16" name="p94" srcActor="D0N12"/>
            <port dstActor="D0N30" name="p95" srcActor="D0N15"/>
            <port dstActor="D0N37" name="p96" srcActor="D0N15"/>
            <port dstActor="D0N44" name="p97" srcActor="D0N15"/>
            <port dstActor="D0N45" name="p98" srcActor="D0N27"/>
            <port dstActor="D0N40" name="p99" srcActor="D0N27"/>
            <port dstActor="D0N33" name="p100" srcActor="D0N27"/>
            <port dstActor="D0N29" name="p101" srcActor="D0N27"/>
            <port dstActor="D0N45" name="p102" srcActor="D0N19"/>
            <port dstActor="D0N25" name="p103" srcActor="D0N19"/>
        </ports>
    </mcdag>
    <cores number="3"/>
    <levels number="2"/>
</mcsystem>
