<?xml version="1.0" encoding="UTF-8" standalone="no"?>
<mcsystem>
    <mcdag deadline="2200" name="genned-0-ed-10.0-0">
        <actor name="D0N26">
            <wcet number="0">50</wcet>
            <wcet number="1">60</wcet>
            <maxpow number="0.42116561344265624"/>
            <maxpow number="0.42116561344265624"/>
            <fprob>0.0</fprob>
        </actor>
        <actor name="D0N1">
            <wcet number="0">40</wcet>
            <wcet number="1">120</wcet>
            <maxpow number="0.7798576688094592"/>
            <maxpow number="0.7798576688094592"/>
            <fprob>0.0</fprob>
        </actor>
        <actor name="D0N42">
            <wcet number="0">10</wcet>
            <wcet number="1">60</wcet>
            <maxpow number="0.8213391918245112"/>
            <maxpow number="0.8213391918245112"/>
            <fprob>0.0</fprob>
        </actor>
        <actor name="D0N35">
            <wcet number="0">10</wcet>
            <wcet number="1">10</wcet>
            <maxpow number="0.536236853682824"/>
            <maxpow number="0.536236853682824"/>
            <fprob>0.0</fprob>
        </actor>
        <actor name="D0N16">
            <wcet number="0">30</wcet>
            <wcet number="1">30</wcet>
            <maxpow number="0.46613512271004215"/>
            <maxpow number="0.46613512271004215"/>
            <fprob>0.0</fprob>
        </actor>
        <actor name="D0N31">
            <wcet number="0">10</wcet>
            <wcet number="1">40</wcet>
            <maxpow number="0.37474363723151133"/>
            <maxpow number="0.37474363723151133"/>
            <fprob>0.0</fprob>
        </actor>
        <actor name="D0N13">
            <wcet number="0">390</wcet>
            <wcet number="1">440</wcet>
            <maxpow number="0.7792382789603257"/>
            <maxpow number="0.7792382789603257"/>
            <fprob>0.0</fprob>
        </actor>
        <actor name="D0N4">
            <wcet number="0">50</wcet>
            <wcet number="1">60</wcet>
            <maxpow number="0.7466754941873367"/>
            <maxpow number="0.7466754941873367"/>
            <fprob>0.0</fprob>
        </actor>
        <actor name="D0N19">
            <wcet number="0">70</wcet>
            <wcet number="1">70</wcet>
            <maxpow number="0.6764801051077725"/>
            <maxpow number="0.6764801051077725"/>
            <fprob>0.0</fprob>
        </actor>
        <actor name="D0N17">
            <wcet number="0">60</wcet>
            <wcet number="1">160</wcet>
            <maxpow number="0.3729339625793576"/>
            <maxpow number="0.3729339625793576"/>
            <fprob>0.0</fprob>
        </actor>
        <actor name="D0N43">
            <wcet number="0">120</wcet>
            <wcet number="1">120</wcet>
            <maxpow number="0.243820213088268"/>
            <maxpow number="0.243820213088268"/>
            <fprob>0.0</fprob>
        </actor>
        <actor name="D0N48">
            <wcet number="0">10</wcet>
            <wcet number="1">10</wcet>
            <maxpow number="0.6119185646173362"/>
            <maxpow number="0.6119185646173362"/>
            <fprob>0.0</fprob>
        </actor>
        <actor name="D0N14">
            <wcet number="0">170</wcet>
            <wcet number="1">190</wcet>
            <maxpow number="0.3823067988982934"/>
            <maxpow number="0.3823067988982934"/>
            <fprob>0.0</fprob>
        </actor>
        <actor name="D0N28">
            <wcet number="0">50</wcet>
            <wcet number="1">130</wcet>
            <maxpow number="0.5626272017745815"/>
            <maxpow number="0.5626272017745815"/>
            <fprob>0.0</fprob>
        </actor>
        <actor name="D0N34">
            <wcet number="0">60</wcet>
            <wcet number="1">80</wcet>
            <maxpow number="0.5631734855266645"/>
            <maxpow number="0.5631734855266645"/>
            <fprob>0.0</fprob>
        </actor>
        <actor name="D0N22">
            <wcet number="0">20</wcet>
            <wcet number="1">20</wcet>
            <maxpow number="0.7673842523161257"/>
            <maxpow number="0.7673842523161257"/>
            <fprob>0.0</fprob>
        </actor>
        <actor name="D0N44">
            <wcet number="0">130</wcet>
            <wcet number="1">150</wcet>
            <maxpow number="0.41602029397386864"/>
            <maxpow number="0.41602029397386864"/>
            <fprob>0.0</fprob>
        </actor>
        <actor name="D0N21">
            <wcet number="0">30</wcet>
            <wcet number="1">30</wcet>
            <maxpow number="0.5247646896617029"/>
            <maxpow number="0.5247646896617029"/>
            <fprob>0.0</fprob>
        </actor>
        <actor name="D0N24">
            <wcet number="0">80</wcet>
            <wcet number="1">140</wcet>
            <maxpow number="0.7113313688300406"/>
            <maxpow number="0.7113313688300406"/>
            <fprob>0.0</fprob>
        </actor>
        <actor name="D0N33">
            <wcet number="0">140</wcet>
            <wcet number="1">170</wcet>
            <maxpow number="0.23448254862150386"/>
            <maxpow number="0.23448254862150386"/>
            <fprob>0.0</fprob>
        </actor>
        <actor name="D0N39">
            <wcet number="0">40</wcet>
            <wcet number="1">60</wcet>
            <maxpow number="0.49411411466305893"/>
            <maxpow number="0.49411411466305893"/>
            <fprob>0.0</fprob>
        </actor>
        <actor name="D0N11">
            <wcet number="0">10</wcet>
            <wcet number="1">570</wcet>
            <maxpow number="0.42214323590336866"/>
            <maxpow number="0.42214323590336866"/>
            <fprob>0.0</fprob>
        </actor>
        <actor name="D0N15">
            <wcet number="0">60</wcet>
            <wcet number="1">60</wcet>
            <maxpow number="0.8853613021778358"/>
            <maxpow number="0.8853613021778358"/>
            <fprob>0.0</fprob>
        </actor>
        <actor name="D0N7">
            <wcet number="0">10</wcet>
            <wcet number="1">90</wcet>
            <maxpow number="0.49242012013783737"/>
            <maxpow number="0.49242012013783737"/>
            <fprob>0.0</fprob>
        </actor>
        <actor name="D0N37">
            <wcet number="0">10</wcet>
            <wcet number="1">20</wcet>
            <maxpow number="0.9809814769080418"/>
            <maxpow number="0.9809814769080418"/>
            <fprob>0.0</fprob>
        </actor>
        <actor name="D0N46">
            <wcet number="0">80</wcet>
            <wcet number="1">80</wcet>
            <maxpow number="0.4670268803960683"/>
            <maxpow number="0.4670268803960683"/>
            <fprob>0.0</fprob>
        </actor>
        <actor name="D0N23">
            <wcet number="0">60</wcet>
            <wcet number="1">180</wcet>
            <maxpow number="0.7536012001341985"/>
            <maxpow number="0.7536012001341985"/>
            <fprob>0.0</fprob>
        </actor>
        <actor name="D0N36">
            <wcet number="0">20</wcet>
            <wcet number="1">70</wcet>
            <maxpow number="0.732428892615737"/>
            <maxpow number="0.732428892615737"/>
            <fprob>0.0</fprob>
        </actor>
        <actor name="D0N41">
            <wcet number="0">80</wcet>
            <wcet number="1">80</wcet>
            <maxpow number="0.5203999314283702"/>
            <maxpow number="0.5203999314283702"/>
            <fprob>0.0</fprob>
        </actor>
        <actor name="D0N3">
            <wcet number="0">60</wcet>
            <wcet number="1">60</wcet>
            <maxpow number="0.2534825143116099"/>
            <maxpow number="0.2534825143116099"/>
            <fprob>0.0</fprob>
        </actor>
        <actor name="D0N18">
            <wcet number="0">40</wcet>
            <wcet number="1">40</wcet>
            <maxpow number="0.8312936391782851"/>
            <maxpow number="0.8312936391782851"/>
            <fprob>0.0</fprob>
        </actor>
        <actor name="D0N45">
            <wcet number="0">30</wcet>
            <wcet number="1">100</wcet>
            <maxpow number="0.3769982714983816"/>
            <maxpow number="0.3769982714983816"/>
            <fprob>0.0</fprob>
        </actor>
        <actor name="D0N10">
            <wcet number="0">40</wcet>
            <wcet number="1">80</wcet>
            <maxpow number="0.5978019880099215"/>
            <maxpow number="0.5978019880099215"/>
            <fprob>0.0</fprob>
        </actor>
        <actor name="D0N47">
            <wcet number="0">10</wcet>
            <wcet number="1">10</wcet>
            <maxpow number="0.49229114538568314"/>
            <maxpow number="0.49229114538568314"/>
            <fprob>0.0</fprob>
        </actor>
        <actor name="D0N25">
            <wcet number="0">20</wcet>
            <wcet number="1">30</wcet>
            <maxpow number="0.647169410148908"/>
            <maxpow number="0.647169410148908"/>
            <fprob>0.0</fprob>
        </actor>
        <actor name="D0N29">
            <wcet number="0">10</wcet>
            <wcet number="1">10</wcet>
            <maxpow number="0.6395559228716248"/>
            <maxpow number="0.6395559228716248"/>
            <fprob>0.0</fprob>
        </actor>
        <actor name="D0N9">
            <wcet number="0">20</wcet>
            <wcet number="1">20</wcet>
            <maxpow number="0.5145548883602272"/>
            <maxpow number="0.5145548883602272"/>
            <fprob>0.0</fprob>
        </actor>
        <actor name="D0N5">
            <wcet number="0">10</wcet>
            <wcet number="1">70</wcet>
            <maxpow number="0.45226042896595253"/>
            <maxpow number="0.45226042896595253"/>
            <fprob>0.0</fprob>
        </actor>
        <actor name="D0N0">
            <wcet number="0">40</wcet>
            <wcet number="1">40</wcet>
            <maxpow number="0.5904964774885925"/>
            <maxpow number="0.5904964774885925"/>
            <fprob>0.0</fprob>
        </actor>
        <actor name="D0N30">
            <wcet number="0">20</wcet>
            <wcet number="1">130</wcet>
            <maxpow number="0.5965647709976959"/>
            <maxpow number="0.5965647709976959"/>
            <fprob>0.0</fprob>
        </actor>
        <actor name="D0N8">
            <wcet number="0">50</wcet>
            <wcet number="1">50</wcet>
            <maxpow number="0.6920580793591896"/>
            <maxpow number="0.6920580793591896"/>
            <fprob>0.0</fprob>
        </actor>
        <actor name="D0N6">
            <wcet number="0">30</wcet>
            <wcet number="1">50</wcet>
            <maxpow number="0.40589056944307755"/>
            <maxpow number="0.40589056944307755"/>
            <fprob>0.0</fprob>
        </actor>
        <actor name="D0N27">
            <wcet number="0">50</wcet>
            <wcet number="1">50</wcet>
            <maxpow number="0.49551279304850704"/>
            <maxpow number="0.49551279304850704"/>
            <fprob>0.0</fprob>
        </actor>
        <actor name="D0N20">
            <wcet number="0">30</wcet>
            <wcet number="1">70</wcet>
            <maxpow number="0.6546706863170785"/>
            <maxpow number="0.6546706863170785"/>
            <fprob>0.0</fprob>
        </actor>
        <actor name="D0N2">
            <wcet number="0">50</wcet>
            <wcet number="1">60</wcet>
            <maxpow number="0.658664003883605"/>
            <maxpow number="0.658664003883605"/>
            <fprob>0.0</fprob>
        </actor>
        <actor name="D0N38">
            <wcet number="0">20</wcet>
            <wcet number="1">20</wcet>
            <maxpow number="0.9839443915407938"/>
            <maxpow number="0.9839443915407938"/>
            <fprob>0.0</fprob>
        </actor>
        <actor name="D0N12">
            <wcet number="0">30</wcet>
            <wcet number="1">100</wcet>
            <maxpow number="0.6273702170019021"/>
            <maxpow number="0.6273702170019021"/>
            <fprob>0.0</fprob>
        </actor>
        <actor name="D0N32">
            <wcet number="0">10</wcet>
            <wcet number="1">10</wcet>
            <maxpow number="0.26413190003410264"/>
            <maxpow number="0.26413190003410264"/>
            <fprob>0.0</fprob>
        </actor>
        <actor name="D0N40">
            <wcet number="0">90</wcet>
            <wcet number="1">100</wcet>
            <maxpow number="0.6559496188385878"/>
            <maxpow number="0.6559496188385878"/>
            <fprob>0.0</fprob>
        </actor>
        <ports>
            <port dstActor="D0N31" name="p0" srcActor="D0N26"/>
            <port dstActor="D0N37" name="p1" srcActor="D0N26"/>
            <port dstActor="D0N17" name="p2" srcActor="D0N1"/>
            <port dstActor="D0N37" name="p3" srcActor="D0N1"/>
            <port dstActor="D0N41" name="p4" srcActor="D0N1"/>
            <port dstActor="D0N29" name="p5" srcActor="D0N1"/>
            <port dstActor="D0N38" name="p6" srcActor="D0N1"/>
            <port dstActor="D0N43" name="p7" srcActor="D0N42"/>
            <port dstActor="D0N45" name="p8" srcActor="D0N42"/>
            <port dstActor="D0N44" name="p9" srcActor="D0N35"/>
            <port dstActor="D0N47" name="p10" srcActor="D0N35"/>
            <port dstActor="D0N36" name="p11" srcActor="D0N35"/>
            <port dstActor="D0N41" name="p12" srcActor="D0N16"/>
            <port dstActor="D0N30" name="p13" srcActor="D0N16"/>
            <port dstActor="D0N32" name="p14" srcActor="D0N16"/>
            <port dstActor="D0N28" name="p15" srcActor="D0N16"/>
            <port dstActor="D0N39" name="p16" srcActor="D0N31"/>
            <port dstActor="D0N34" name="p17" srcActor="D0N13"/>
            <port dstActor="D0N44" name="p18" srcActor="D0N13"/>
            <port dstActor="D0N14" name="p19" srcActor="D0N13"/>
            <port dstActor="D0N23" name="p20" srcActor="D0N13"/>
            <port dstActor="D0N35" name="p21" srcActor="D0N13"/>
            <port dstActor="D0N38" name="p22" srcActor="D0N13"/>
            <port dstActor="D0N41" name="p23" srcActor="D0N4"/>
            <port dstActor="D0N11" name="p24" srcActor="D0N4"/>
            <port dstActor="D0N16" name="p25" srcActor="D0N4"/>
            <port dstActor="D0N7" name="p26" srcActor="D0N4"/>
            <port dstActor="D0N39" name="p27" srcActor="D0N4"/>
            <port dstActor="D0N25" name="p28" srcActor="D0N19"/>
            <port dstActor="D0N37" name="p29" srcActor="D0N19"/>
            <port dstActor="D0N23" name="p30" srcActor="D0N17"/>
            <port dstActor="D0N45" name="p31" srcActor="D0N17"/>
            <port dstActor="D0N20" name="p32" srcActor="D0N17"/>
            <port dstActor="D0N41" name="p33" srcActor="D0N17"/>
            <port dstActor="D0N23" name="p34" srcActor="D0N14"/>
            <port dstActor="D0N39" name="p35" srcActor="D0N14"/>
            <port dstActor="D0N32" name="p36" srcActor="D0N14"/>
            <port dstActor="D0N30" name="p37" srcActor="D0N28"/>
            <port dstActor="D0N45" name="p38" srcActor="D0N22"/>
            <port dstActor="D0N25" name="p39" srcActor="D0N22"/>
            <port dstActor="D0N41" name="p40" srcActor="D0N22"/>
            <port dstActor="D0N45" name="p41" srcActor="D0N44"/>
            <port dstActor="D0N30" name="p42" srcActor="D0N21"/>
            <port dstActor="D0N24" name="p43" srcActor="D0N21"/>
            <port dstActor="D0N42" name="p44" srcActor="D0N21"/>
            <port dstActor="D0N41" name="p45" srcActor="D0N33"/>
            <port dstActor="D0N12" name="p46" srcActor="D0N11"/>
            <port dstActor="D0N22" name="p47" srcActor="D0N11"/>
            <port dstActor="D0N34" name="p48" srcActor="D0N15"/>
            <port dstActor="D0N44" name="p49" srcActor="D0N15"/>
            <port dstActor="D0N19" name="p50" srcActor="D0N15"/>
            <port dstActor="D0N41" name="p51" srcActor="D0N7"/>
            <port dstActor="D0N14" name="p52" srcActor="D0N7"/>
            <port dstActor="D0N44" name="p53" srcActor="D0N7"/>
            <port dstActor="D0N26" name="p54" srcActor="D0N7"/>
            <port dstActor="D0N12" name="p55" srcActor="D0N7"/>
            <port dstActor="D0N37" name="p56" srcActor="D0N7"/>
            <port dstActor="D0N40" name="p57" srcActor="D0N7"/>
            <port dstActor="D0N13" name="p58" srcActor="D0N7"/>
            <port dstActor="D0N46" name="p59" srcActor="D0N37"/>
            <port dstActor="D0N47" name="p60" srcActor="D0N46"/>
            <port dstActor="D0N9" name="p61" srcActor="D0N3"/>
            <port dstActor="D0N24" name="p62" srcActor="D0N3"/>
            <port dstActor="D0N36" name="p63" srcActor="D0N3"/>
            <port dstActor="D0N45" name="p64" srcActor="D0N3"/>
            <port dstActor="D0N12" name="p65" srcActor="D0N3"/>
            <port dstActor="D0N33" name="p66" srcActor="D0N3"/>
            <port dstActor="D0N19" name="p67" srcActor="D0N18"/>
            <port dstActor="D0N45" name="p68" srcActor="D0N18"/>
            <port dstActor="D0N34" name="p69" srcActor="D0N18"/>
            <port dstActor="D0N47" name="p70" srcActor="D0N10"/>
            <port dstActor="D0N41" name="p71" srcActor="D0N10"/>
            <port dstActor="D0N31" name="p72" srcActor="D0N10"/>
            <port dstActor="D0N43" name="p73" srcActor="D0N10"/>
            <port dstActor="D0N33" name="p74" srcActor="D0N25"/>
            <port dstActor="D0N34" name="p75" srcActor="D0N25"/>
            <port dstActor="D0N46" name="p76" srcActor="D0N25"/>
            <port dstActor="D0N35" name="p77" srcActor="D0N29"/>
            <port dstActor="D0N26" name="p78" srcActor="D0N9"/>
            <port dstActor="D0N22" name="p79" srcActor="D0N9"/>
            <port dstActor="D0N32" name="p80" srcActor="D0N9"/>
            <port dstActor="D0N39" name="p81" srcActor="D0N9"/>
            <port dstActor="D0N47" name="p82" srcActor="D0N9"/>
            <port dstActor="D0N16" name="p83" srcActor="D0N5"/>
            <port dstActor="D0N21" name="p84" srcActor="D0N5"/>
            <port dstActor="D0N27" name="p85" srcActor="D0N5"/>
            <port dstActor="D0N7" name="p86" srcActor="D0N5"/>
            <port dstActor="D0N27" name="p87" srcActor="D0N0"/>
            <port dstActor="D0N3" name="p88" srcActor="D0N0"/>
            <port dstActor="D0N32" name="p89" srcActor="D0N30"/>
            <port dstActor="D0N36" name="p90" srcActor="D0N30"/>
            <port dstActor="D0N37" name="p91" srcActor="D0N30"/>
            <port dstActor="D0N41" name="p92" srcActor="D0N30"/>
            <port dstActor="D0N16" name="p93" srcActor="D0N8"/>
            <port dstActor="D0N48" name="p94" srcActor="D0N8"/>
            <port dstActor="D0N22" name="p95" srcActor="D0N8"/>
            <port dstActor="D0N28" name="p96" srcActor="D0N8"/>
            <port dstActor="D0N46" name="p97" srcActor="D0N8"/>
            <port dstActor="D0N30" name="p98" srcActor="D0N8"/>
            <port dstActor="D0N41" name="p99" srcActor="D0N8"/>
            <port dstActor="D0N26" name="p100" srcActor="D0N6"/>
            <port dstActor="D0N47" name="p101" srcActor="D0N6"/>
            <port dstActor="D0N43" name="p102" srcActor="D0N27"/>
            <port dstActor="D0N31" name="p103" srcActor="D0N27"/>
            <port dstActor="D0N35" name="p104" srcActor="D0N27"/>
            <port dstActor="D0N44" name="p105" srcActor="D0N20"/>
            <port dstActor="D0N29" name="p106" srcActor="D0N20"/>
            <port dstActor="D0N21" name="p107" srcActor="D0N20"/>
            <port dstActor="D0N13" name="p108" srcActor="D0N2"/>
            <port dstActor="D0N20" name="p109" srcActor="D0N2"/>
            <port dstActor="D0N24" name="p110" srcActor="D0N2"/>
            <port dstActor="D0N37" name="p111" srcActor="D0N2"/>
            <port dstActor="D0N33" name="p112" srcActor="D0N2"/>
            <port dstActor="D0N48" name="p113" srcActor="D0N2"/>
            <port dstActor="D0N31" name="p114" srcActor="D0N2"/>
            <port dstActor="D0N5" name="p115" srcActor="D0N2"/>
            <port dstActor="D0N41" name="p116" srcActor="D0N38"/>
            <port dstActor="D0N47" name="p117" srcActor="D0N38"/>
            <port dstActor="D0N46" name="p118" srcActor="D0N38"/>
            <port dstActor="D0N37" name="p119" srcActor="D0N12"/>
            <port dstActor="D0N24" name="p120" srcActor="D0N12"/>
            <port dstActor="D0N18" name="p121" srcActor="D0N12"/>
            <port dstActor="D0N46" name="p122" srcActor="D0N32"/>
        </ports>
    </mcdag>
    <cores number="2"/>
    <levels number="2"/>
</mcsystem>
