<?xml version="1.0" encoding="UTF-8" standalone="no"?>
<mcsystem>
    <mcdag deadline="2200" name="genned-0-ed-10.0-0">
        <actor name="D0N22">
            <wcet number="0">60</wcet>
            <wcet number="1">100</wcet>
            <maxpow number="0.5734640839867158"/>
            <maxpow number="0.5734640839867158"/>
            <fprob>0.0</fprob>
        </actor>
        <actor name="D0N16">
            <wcet number="0">10</wcet>
            <wcet number="1">10</wcet>
            <maxpow number="0.31356504036583055"/>
            <maxpow number="0.31356504036583055"/>
            <fprob>0.0</fprob>
        </actor>
        <actor name="D0N43">
            <wcet number="0">20</wcet>
            <wcet number="1">30</wcet>
            <maxpow number="0.20074279179949017"/>
            <maxpow number="0.20074279179949017"/>
            <fprob>0.0</fprob>
        </actor>
        <actor name="D0N12">
            <wcet number="0">30</wcet>
            <wcet number="1">90</wcet>
            <maxpow number="0.31113292011858895"/>
            <maxpow number="0.31113292011858895"/>
            <fprob>0.0</fprob>
        </actor>
        <actor name="D0N13">
            <wcet number="0">10</wcet>
            <wcet number="1">10</wcet>
            <maxpow number="0.44478616961976664"/>
            <maxpow number="0.44478616961976664"/>
            <fprob>0.0</fprob>
        </actor>
        <actor name="D0N15">
            <wcet number="0">20</wcet>
            <wcet number="1">20</wcet>
            <maxpow number="0.6036885587102284"/>
            <maxpow number="0.6036885587102284"/>
            <fprob>0.0</fprob>
        </actor>
        <actor name="D0N28">
            <wcet number="0">180</wcet>
            <wcet number="1">180</wcet>
            <maxpow number="0.09246178767526603"/>
            <maxpow number="0.09246178767526603"/>
            <fprob>0.0</fprob>
        </actor>
        <actor name="D0N37">
            <wcet number="0">270</wcet>
            <wcet number="1">270</wcet>
            <maxpow number="0.8442669483974967"/>
            <maxpow number="0.8442669483974967"/>
            <fprob>0.0</fprob>
        </actor>
        <actor name="D0N18">
            <wcet number="0">10</wcet>
            <wcet number="1">30</wcet>
            <maxpow number="0.5425890394234779"/>
            <maxpow number="0.5425890394234779"/>
            <fprob>0.0</fprob>
        </actor>
        <actor name="D0N42">
            <wcet number="0">30</wcet>
            <wcet number="1">50</wcet>
            <maxpow number="0.6365194938408218"/>
            <maxpow number="0.6365194938408218"/>
            <fprob>0.0</fprob>
        </actor>
        <actor name="D0N35">
            <wcet number="0">20</wcet>
            <wcet number="1">20</wcet>
            <maxpow number="0.36736529602043694"/>
            <maxpow number="0.36736529602043694"/>
            <fprob>0.0</fprob>
        </actor>
        <actor name="D0N29">
            <wcet number="0">30</wcet>
            <wcet number="1">80</wcet>
            <maxpow number="0.5936616982661723"/>
            <maxpow number="0.5936616982661723"/>
            <fprob>0.0</fprob>
        </actor>
        <actor name="D0N40">
            <wcet number="0">10</wcet>
            <wcet number="1">10</wcet>
            <maxpow number="0.933650822559995"/>
            <maxpow number="0.933650822559995"/>
            <fprob>0.0</fprob>
        </actor>
        <actor name="D0N3">
            <wcet number="0">10</wcet>
            <wcet number="1">20</wcet>
            <maxpow number="0.2589323126068498"/>
            <maxpow number="0.2589323126068498"/>
            <fprob>0.0</fprob>
        </actor>
        <actor name="D0N45">
            <wcet number="0">110</wcet>
            <wcet number="1">160</wcet>
            <maxpow number="0.8456043992984115"/>
            <maxpow number="0.8456043992984115"/>
            <fprob>0.0</fprob>
        </actor>
        <actor name="D0N14">
            <wcet number="0">10</wcet>
            <wcet number="1">20</wcet>
            <maxpow number="0.5220194415361387"/>
            <maxpow number="0.5220194415361387"/>
            <fprob>0.0</fprob>
        </actor>
        <actor name="D0N24">
            <wcet number="0">10</wcet>
            <wcet number="1">30</wcet>
            <maxpow number="0.47753837827020706"/>
            <maxpow number="0.47753837827020706"/>
            <fprob>0.0</fprob>
        </actor>
        <actor name="D0N23">
            <wcet number="0">60</wcet>
            <wcet number="1">120</wcet>
            <maxpow number="0.5111911392725572"/>
            <maxpow number="0.5111911392725572"/>
            <fprob>0.0</fprob>
        </actor>
        <actor name="D0N39">
            <wcet number="0">10</wcet>
            <wcet number="1">110</wcet>
            <maxpow number="0.4881543193155667"/>
            <maxpow number="0.4881543193155667"/>
            <fprob>0.0</fprob>
        </actor>
        <actor name="D0N5">
            <wcet number="0">100</wcet>
            <wcet number="1">210</wcet>
            <maxpow number="0.5094248036390733"/>
            <maxpow number="0.5094248036390733"/>
            <fprob>0.0</fprob>
        </actor>
        <actor name="D0N34">
            <wcet number="0">60</wcet>
            <wcet number="1">110</wcet>
            <maxpow number="0.36784832641356235"/>
            <maxpow number="0.36784832641356235"/>
            <fprob>0.0</fprob>
        </actor>
        <actor name="D0N4">
            <wcet number="0">340</wcet>
            <wcet number="1">520</wcet>
            <maxpow number="0.5608046736646812"/>
            <maxpow number="0.5608046736646812"/>
            <fprob>0.0</fprob>
        </actor>
        <actor name="D0N1">
            <wcet number="0">60</wcet>
            <wcet number="1">140</wcet>
            <maxpow number="0.6055221866660346"/>
            <maxpow number="0.6055221866660346"/>
            <fprob>0.0</fprob>
        </actor>
        <actor name="D0N8">
            <wcet number="0">90</wcet>
            <wcet number="1">90</wcet>
            <maxpow number="0.6541021293338265"/>
            <maxpow number="0.6541021293338265"/>
            <fprob>0.0</fprob>
        </actor>
        <actor name="D0N0">
            <wcet number="0">20</wcet>
            <wcet number="1">20</wcet>
            <maxpow number="0.7538027942782478"/>
            <maxpow number="0.7538027942782478"/>
            <fprob>0.0</fprob>
        </actor>
        <actor name="D0N10">
            <wcet number="0">10</wcet>
            <wcet number="1">20</wcet>
            <maxpow number="0.652680190871876"/>
            <maxpow number="0.652680190871876"/>
            <fprob>0.0</fprob>
        </actor>
        <actor name="D0N47">
            <wcet number="0">10</wcet>
            <wcet number="1">100</wcet>
            <maxpow number="0.8456664171756549"/>
            <maxpow number="0.8456664171756549"/>
            <fprob>0.0</fprob>
        </actor>
        <actor name="D0N32">
            <wcet number="0">80</wcet>
            <wcet number="1">120</wcet>
            <maxpow number="0.5667009751086761"/>
            <maxpow number="0.5667009751086761"/>
            <fprob>0.0</fprob>
        </actor>
        <actor name="D0N36">
            <wcet number="0">110</wcet>
            <wcet number="1">120</wcet>
            <maxpow number="0.44918578984715424"/>
            <maxpow number="0.44918578984715424"/>
            <fprob>0.0</fprob>
        </actor>
        <actor name="D0N31">
            <wcet number="0">90</wcet>
            <wcet number="1">110</wcet>
            <maxpow number="0.4664566763614953"/>
            <maxpow number="0.4664566763614953"/>
            <fprob>0.0</fprob>
        </actor>
        <actor name="D0N44">
            <wcet number="0">40</wcet>
            <wcet number="1">60</wcet>
            <maxpow number="0.6310767668876719"/>
            <maxpow number="0.6310767668876719"/>
            <fprob>0.0</fprob>
        </actor>
        <actor name="D0N25">
            <wcet number="0">220</wcet>
            <wcet number="1">280</wcet>
            <maxpow number="0.6330874584471895"/>
            <maxpow number="0.6330874584471895"/>
            <fprob>0.0</fprob>
        </actor>
        <actor name="D0N9">
            <wcet number="0">30</wcet>
            <wcet number="1">40</wcet>
            <maxpow number="0.5016587726967563"/>
            <maxpow number="0.5016587726967563"/>
            <fprob>0.0</fprob>
        </actor>
        <actor name="D0N41">
            <wcet number="0">10</wcet>
            <wcet number="1">20</wcet>
            <maxpow number="0.2940284917195177"/>
            <maxpow number="0.2940284917195177"/>
            <fprob>0.0</fprob>
        </actor>
        <actor name="D0N7">
            <wcet number="0">50</wcet>
            <wcet number="1">70</wcet>
            <maxpow number="0.8832861637784593"/>
            <maxpow number="0.8832861637784593"/>
            <fprob>0.0</fprob>
        </actor>
        <actor name="D0N19">
            <wcet number="0">100</wcet>
            <wcet number="1">120</wcet>
            <maxpow number="0.26044763993478204"/>
            <maxpow number="0.26044763993478204"/>
            <fprob>0.0</fprob>
        </actor>
        <actor name="D0N38">
            <wcet number="0">60</wcet>
            <wcet number="1">160</wcet>
            <maxpow number="0.26970422769561286"/>
            <maxpow number="0.26970422769561286"/>
            <fprob>0.0</fprob>
        </actor>
        <actor name="D0N46">
            <wcet number="0">70</wcet>
            <wcet number="1">110</wcet>
            <maxpow number="0.8820092258273969"/>
            <maxpow number="0.8820092258273969"/>
            <fprob>0.0</fprob>
        </actor>
        <actor name="D0N33">
            <wcet number="0">60</wcet>
            <wcet number="1">100</wcet>
            <maxpow number="0.8117109659559025"/>
            <maxpow number="0.8117109659559025"/>
            <fprob>0.0</fprob>
        </actor>
        <actor name="D0N17">
            <wcet number="0">50</wcet>
            <wcet number="1">60</wcet>
            <maxpow number="0.36671640681649414"/>
            <maxpow number="0.36671640681649414"/>
            <fprob>0.0</fprob>
        </actor>
        <actor name="D0N2">
            <wcet number="0">20</wcet>
            <wcet number="1">40</wcet>
            <maxpow number="0.5147259449767281"/>
            <maxpow number="0.5147259449767281"/>
            <fprob>0.0</fprob>
        </actor>
        <actor name="D0N27">
            <wcet number="0">10</wcet>
            <wcet number="1">30</wcet>
            <maxpow number="0.8096752919050877"/>
            <maxpow number="0.8096752919050877"/>
            <fprob>0.0</fprob>
        </actor>
        <actor name="D0N30">
            <wcet number="0">160</wcet>
            <wcet number="1">220</wcet>
            <maxpow number="0.19595852453424145"/>
            <maxpow number="0.19595852453424145"/>
            <fprob>0.0</fprob>
        </actor>
        <actor name="D0N26">
            <wcet number="0">100</wcet>
            <wcet number="1">140</wcet>
            <maxpow number="0.49189266239565355"/>
            <maxpow number="0.49189266239565355"/>
            <fprob>0.0</fprob>
        </actor>
        <actor name="D0N49">
            <wcet number="0">20</wcet>
            <wcet number="1">20</wcet>
            <maxpow number="0.4392336826637494"/>
            <maxpow number="0.4392336826637494"/>
            <fprob>0.0</fprob>
        </actor>
        <actor name="D0N6">
            <wcet number="0">10</wcet>
            <wcet number="1">420</wcet>
            <maxpow number="0.5397544017385321"/>
            <maxpow number="0.5397544017385321"/>
            <fprob>0.0</fprob>
        </actor>
        <actor name="D0N20">
            <wcet number="0">20</wcet>
            <wcet number="1">40</wcet>
            <maxpow number="0.4341818635249274"/>
            <maxpow number="0.4341818635249274"/>
            <fprob>0.0</fprob>
        </actor>
        <actor name="D0N21">
            <wcet number="0">10</wcet>
            <wcet number="1">10</wcet>
            <maxpow number="0.6389947366948019"/>
            <maxpow number="0.6389947366948019"/>
            <fprob>0.0</fprob>
        </actor>
        <actor name="D0N11">
            <wcet number="0">50</wcet>
            <wcet number="1">90</wcet>
            <maxpow number="0.33298845953272826"/>
            <maxpow number="0.33298845953272826"/>
            <fprob>0.0</fprob>
        </actor>
        <actor name="D0N48">
            <wcet number="0">40</wcet>
            <wcet number="1">110</wcet>
            <maxpow number="0.5784991806412122"/>
            <maxpow number="0.5784991806412122"/>
            <fprob>0.0</fprob>
        </actor>
        <ports>
            <port dstActor="D0N40" name="p0" srcActor="D0N22"/>
            <port dstActor="D0N38" name="p1" srcActor="D0N22"/>
            <port dstActor="D0N39" name="p2" srcActor="D0N22"/>
            <port dstActor="D0N18" name="p3" srcActor="D0N16"/>
            <port dstActor="D0N24" name="p4" srcActor="D0N16"/>
            <port dstActor="D0N35" name="p5" srcActor="D0N16"/>
            <port dstActor="D0N40" name="p6" srcActor="D0N12"/>
            <port dstActor="D0N26" name="p7" srcActor="D0N12"/>
            <port dstActor="D0N46" name="p8" srcActor="D0N12"/>
            <port dstActor="D0N49" name="p9" srcActor="D0N12"/>
            <port dstActor="D0N42" name="p10" srcActor="D0N13"/>
            <port dstActor="D0N32" name="p11" srcActor="D0N13"/>
            <port dstActor="D0N39" name="p12" srcActor="D0N13"/>
            <port dstActor="D0N34" name="p13" srcActor="D0N15"/>
            <port dstActor="D0N38" name="p14" srcActor="D0N28"/>
            <port dstActor="D0N30" name="p15" srcActor="D0N28"/>
            <port dstActor="D0N34" name="p16" srcActor="D0N28"/>
            <port dstActor="D0N46" name="p17" srcActor="D0N28"/>
            <port dstActor="D0N40" name="p18" srcActor="D0N18"/>
            <port dstActor="D0N48" name="p19" srcActor="D0N42"/>
            <port dstActor="D0N39" name="p20" srcActor="D0N29"/>
            <port dstActor="D0N30" name="p21" srcActor="D0N29"/>
            <port dstActor="D0N45" name="p22" srcActor="D0N40"/>
            <port dstActor="D0N34" name="p23" srcActor="D0N3"/>
            <port dstActor="D0N41" name="p24" srcActor="D0N3"/>
            <port dstActor="D0N13" name="p25" srcActor="D0N3"/>
            <port dstActor="D0N19" name="p26" srcActor="D0N3"/>
            <port dstActor="D0N17" name="p27" srcActor="D0N14"/>
            <port dstActor="D0N20" name="p28" srcActor="D0N14"/>
            <port dstActor="D0N48" name="p29" srcActor="D0N14"/>
            <port dstActor="D0N34" name="p30" srcActor="D0N14"/>
            <port dstActor="D0N42" name="p31" srcActor="D0N14"/>
            <port dstActor="D0N25" name="p32" srcActor="D0N24"/>
            <port dstActor="D0N44" name="p33" srcActor="D0N24"/>
            <port dstActor="D0N35" name="p34" srcActor="D0N24"/>
            <port dstActor="D0N40" name="p35" srcActor="D0N24"/>
            <port dstActor="D0N41" name="p36" srcActor="D0N24"/>
            <port dstActor="D0N32" name="p37" srcActor="D0N23"/>
            <port dstActor="D0N25" name="p38" srcActor="D0N23"/>
            <port dstActor="D0N43" name="p39" srcActor="D0N23"/>
            <port dstActor="D0N38" name="p40" srcActor="D0N23"/>
            <port dstActor="D0N35" name="p41" srcActor="D0N5"/>
            <port dstActor="D0N44" name="p42" srcActor="D0N5"/>
            <port dstActor="D0N31" name="p43" srcActor="D0N5"/>
            <port dstActor="D0N42" name="p44" srcActor="D0N5"/>
            <port dstActor="D0N15" name="p45" srcActor="D0N5"/>
            <port dstActor="D0N47" name="p46" srcActor="D0N5"/>
            <port dstActor="D0N48" name="p47" srcActor="D0N5"/>
            <port dstActor="D0N35" name="p48" srcActor="D0N34"/>
            <port dstActor="D0N9" name="p49" srcActor="D0N4"/>
            <port dstActor="D0N11" name="p50" srcActor="D0N1"/>
            <port dstActor="D0N22" name="p51" srcActor="D0N1"/>
            <port dstActor="D0N9" name="p52" srcActor="D0N1"/>
            <port dstActor="D0N34" name="p53" srcActor="D0N8"/>
            <port dstActor="D0N20" name="p54" srcActor="D0N8"/>
            <port dstActor="D0N43" name="p55" srcActor="D0N8"/>
            <port dstActor="D0N18" name="p56" srcActor="D0N8"/>
            <port dstActor="D0N46" name="p57" srcActor="D0N8"/>
            <port dstActor="D0N31" name="p58" srcActor="D0N0"/>
            <port dstActor="D0N7" name="p59" srcActor="D0N0"/>
            <port dstActor="D0N5" name="p60" srcActor="D0N0"/>
            <port dstActor="D0N1" name="p61" srcActor="D0N0"/>
            <port dstActor="D0N30" name="p62" srcActor="D0N0"/>
            <port dstActor="D0N16" name="p63" srcActor="D0N0"/>
            <port dstActor="D0N38" name="p64" srcActor="D0N0"/>
            <port dstActor="D0N3" name="p65" srcActor="D0N0"/>
            <port dstActor="D0N28" name="p66" srcActor="D0N0"/>
            <port dstActor="D0N48" name="p67" srcActor="D0N0"/>
            <port dstActor="D0N35" name="p68" srcActor="D0N10"/>
            <port dstActor="D0N22" name="p69" srcActor="D0N10"/>
            <port dstActor="D0N25" name="p70" srcActor="D0N10"/>
            <port dstActor="D0N17" name="p71" srcActor="D0N10"/>
            <port dstActor="D0N30" name="p72" srcActor="D0N10"/>
            <port dstActor="D0N41" name="p73" srcActor="D0N36"/>
            <port dstActor="D0N45" name="p74" srcActor="D0N31"/>
            <port dstActor="D0N28" name="p75" srcActor="D0N25"/>
            <port dstActor="D0N33" name="p76" srcActor="D0N25"/>
            <port dstActor="D0N34" name="p77" srcActor="D0N25"/>
            <port dstActor="D0N27" name="p78" srcActor="D0N25"/>
            <port dstActor="D0N27" name="p79" srcActor="D0N9"/>
            <port dstActor="D0N17" name="p80" srcActor="D0N9"/>
            <port dstActor="D0N23" name="p81" srcActor="D0N9"/>
            <port dstActor="D0N47" name="p82" srcActor="D0N9"/>
            <port dstActor="D0N47" name="p83" srcActor="D0N7"/>
            <port dstActor="D0N38" name="p84" srcActor="D0N7"/>
            <port dstActor="D0N21" name="p85" srcActor="D0N7"/>
            <port dstActor="D0N48" name="p86" srcActor="D0N7"/>
            <port dstActor="D0N25" name="p87" srcActor="D0N19"/>
            <port dstActor="D0N34" name="p88" srcActor="D0N19"/>
            <port dstActor="D0N45" name="p89" srcActor="D0N38"/>
            <port dstActor="D0N41" name="p90" srcActor="D0N38"/>
            <port dstActor="D0N30" name="p91" srcActor="D0N17"/>
            <port dstActor="D0N29" name="p92" srcActor="D0N17"/>
            <port dstActor="D0N25" name="p93" srcActor="D0N17"/>
            <port dstActor="D0N37" name="p94" srcActor="D0N17"/>
            <port dstActor="D0N24" name="p95" srcActor="D0N17"/>
            <port dstActor="D0N18" name="p96" srcActor="D0N2"/>
            <port dstActor="D0N23" name="p97" srcActor="D0N2"/>
            <port dstActor="D0N32" name="p98" srcActor="D0N2"/>
            <port dstActor="D0N27" name="p99" srcActor="D0N2"/>
            <port dstActor="D0N46" name="p100" srcActor="D0N2"/>
            <port dstActor="D0N13" name="p101" srcActor="D0N2"/>
            <port dstActor="D0N34" name="p102" srcActor="D0N27"/>
            <port dstActor="D0N37" name="p103" srcActor="D0N30"/>
            <port dstActor="D0N49" name="p104" srcActor="D0N26"/>
            <port dstActor="D0N28" name="p105" srcActor="D0N26"/>
            <port dstActor="D0N40" name="p106" srcActor="D0N26"/>
            <port dstActor="D0N46" name="p107" srcActor="D0N26"/>
            <port dstActor="D0N29" name="p108" srcActor="D0N26"/>
            <port dstActor="D0N35" name="p109" srcActor="D0N26"/>
            <port dstActor="D0N18" name="p110" srcActor="D0N6"/>
            <port dstActor="D0N23" name="p111" srcActor="D0N6"/>
            <port dstActor="D0N49" name="p112" srcActor="D0N6"/>
            <port dstActor="D0N27" name="p113" srcActor="D0N6"/>
            <port dstActor="D0N9" name="p114" srcActor="D0N6"/>
            <port dstActor="D0N28" name="p115" srcActor="D0N6"/>
            <port dstActor="D0N39" name="p116" srcActor="D0N20"/>
            <port dstActor="D0N44" name="p117" srcActor="D0N20"/>
            <port dstActor="D0N25" name="p118" srcActor="D0N20"/>
            <port dstActor="D0N24" name="p119" srcActor="D0N21"/>
            <port dstActor="D0N29" name="p120" srcActor="D0N21"/>
            <port dstActor="D0N46" name="p121" srcActor="D0N21"/>
            <port dstActor="D0N49" name="p122" srcActor="D0N11"/>
            <port dstActor="D0N25" name="p123" srcActor="D0N11"/>
            <port dstActor="D0N29" name="p124" srcActor="D0N11"/>
        </ports>
    </mcdag>
    <cores number="3"/>
    <levels number="2"/>
</mcsystem>
