<?xml version="1.0" encoding="UTF-8" standalone="no"?>
<mcsystem>
    <mcdag deadline="1800" name="genned-0-ed-10.0-0">
        <actor name="D0N34">
            <wcet number="0">60</wcet>
            <wcet number="1">60</wcet>
            <maxpow number="0.655927114877561"/>
            <maxpow number="0.655927114877561"/>
            <fprob>0.0</fprob>
        </actor>
        <actor name="D0N13">
            <wcet number="0">140</wcet>
            <wcet number="1">280</wcet>
            <maxpow number="0.5889203820484722"/>
            <maxpow number="0.5889203820484722"/>
            <fprob>0.0</fprob>
        </actor>
        <actor name="D0N15">
            <wcet number="0">40</wcet>
            <wcet number="1">40</wcet>
            <maxpow number="0.4429144574698373"/>
            <maxpow number="0.4429144574698373"/>
            <fprob>0.0</fprob>
        </actor>
        <actor name="D0N36">
            <wcet number="0">160</wcet>
            <wcet number="1">180</wcet>
            <maxpow number="0.7748461353735083"/>
            <maxpow number="0.7748461353735083"/>
            <fprob>0.0</fprob>
        </actor>
        <actor name="D0N41">
            <wcet number="0">10</wcet>
            <wcet number="1">10</wcet>
            <maxpow number="0.7241094216912776"/>
            <maxpow number="0.7241094216912776"/>
            <fprob>0.0</fprob>
        </actor>
        <actor name="D0N26">
            <wcet number="0">70</wcet>
            <wcet number="1">240</wcet>
            <maxpow number="0.6415162607699747"/>
            <maxpow number="0.6415162607699747"/>
            <fprob>0.0</fprob>
        </actor>
        <actor name="D0N27">
            <wcet number="0">10</wcet>
            <wcet number="1">30</wcet>
            <maxpow number="0.5904868326824384"/>
            <maxpow number="0.5904868326824384"/>
            <fprob>0.0</fprob>
        </actor>
        <actor name="D0N46">
            <wcet number="0">10</wcet>
            <wcet number="1">80</wcet>
            <maxpow number="0.3915052490606352"/>
            <maxpow number="0.3915052490606352"/>
            <fprob>0.0</fprob>
        </actor>
        <actor name="D0N31">
            <wcet number="0">10</wcet>
            <wcet number="1">10</wcet>
            <maxpow number="0.6584697747390622"/>
            <maxpow number="0.6584697747390622"/>
            <fprob>0.0</fprob>
        </actor>
        <actor name="D0N43">
            <wcet number="0">60</wcet>
            <wcet number="1">100</wcet>
            <maxpow number="0.5462274408944742"/>
            <maxpow number="0.5462274408944742"/>
            <fprob>0.0</fprob>
        </actor>
        <actor name="D0N12">
            <wcet number="0">120</wcet>
            <wcet number="1">120</wcet>
            <maxpow number="0.335148732068883"/>
            <maxpow number="0.335148732068883"/>
            <fprob>0.0</fprob>
        </actor>
        <actor name="D0N0">
            <wcet number="0">160</wcet>
            <wcet number="1">200</wcet>
            <maxpow number="0.3103630409049984"/>
            <maxpow number="0.3103630409049984"/>
            <fprob>0.0</fprob>
        </actor>
        <actor name="D0N10">
            <wcet number="0">140</wcet>
            <wcet number="1">200</wcet>
            <maxpow number="0.8120111872723921"/>
            <maxpow number="0.8120111872723921"/>
            <fprob>0.0</fprob>
        </actor>
        <actor name="D0N19">
            <wcet number="0">20</wcet>
            <wcet number="1">110</wcet>
            <maxpow number="0.5436264538903154"/>
            <maxpow number="0.5436264538903154"/>
            <fprob>0.0</fprob>
        </actor>
        <actor name="D0N24">
            <wcet number="0">30</wcet>
            <wcet number="1">70</wcet>
            <maxpow number="0.4997975317375178"/>
            <maxpow number="0.4997975317375178"/>
            <fprob>0.0</fprob>
        </actor>
        <actor name="D0N14">
            <wcet number="0">10</wcet>
            <wcet number="1">10</wcet>
            <maxpow number="0.2966386785499296"/>
            <maxpow number="0.2966386785499296"/>
            <fprob>0.0</fprob>
        </actor>
        <actor name="D0N2">
            <wcet number="0">190</wcet>
            <wcet number="1">300</wcet>
            <maxpow number="0.6263748787750398"/>
            <maxpow number="0.6263748787750398"/>
            <fprob>0.0</fprob>
        </actor>
        <actor name="D0N22">
            <wcet number="0">20</wcet>
            <wcet number="1">60</wcet>
            <maxpow number="0.8630070188525902"/>
            <maxpow number="0.8630070188525902"/>
            <fprob>0.0</fprob>
        </actor>
        <actor name="D0N11">
            <wcet number="0">70</wcet>
            <wcet number="1">170</wcet>
            <maxpow number="0.35180717775621057"/>
            <maxpow number="0.35180717775621057"/>
            <fprob>0.0</fprob>
        </actor>
        <actor name="D0N44">
            <wcet number="0">30</wcet>
            <wcet number="1">40</wcet>
            <maxpow number="0.5283445913712148"/>
            <maxpow number="0.5283445913712148"/>
            <fprob>0.0</fprob>
        </actor>
        <actor name="D0N32">
            <wcet number="0">10</wcet>
            <wcet number="1">50</wcet>
            <maxpow number="0.5608320904407408"/>
            <maxpow number="0.5608320904407408"/>
            <fprob>0.0</fprob>
        </actor>
        <actor name="D0N30">
            <wcet number="0">60</wcet>
            <wcet number="1">60</wcet>
            <maxpow number="0.903773226225389"/>
            <maxpow number="0.903773226225389"/>
            <fprob>0.0</fprob>
        </actor>
        <actor name="D0N4">
            <wcet number="0">120</wcet>
            <wcet number="1">140</wcet>
            <maxpow number="0.5548999853775372"/>
            <maxpow number="0.5548999853775372"/>
            <fprob>0.0</fprob>
        </actor>
        <actor name="D0N39">
            <wcet number="0">90</wcet>
            <wcet number="1">120</wcet>
            <maxpow number="0.4500805564978671"/>
            <maxpow number="0.4500805564978671"/>
            <fprob>0.0</fprob>
        </actor>
        <actor name="D0N35">
            <wcet number="0">20</wcet>
            <wcet number="1">40</wcet>
            <maxpow number="0.6731986834619628"/>
            <maxpow number="0.6731986834619628"/>
            <fprob>0.0</fprob>
        </actor>
        <actor name="D0N45">
            <wcet number="0">30</wcet>
            <wcet number="1">290</wcet>
            <maxpow number="0.6515237787403929"/>
            <maxpow number="0.6515237787403929"/>
            <fprob>0.0</fprob>
        </actor>
        <actor name="D0N17">
            <wcet number="0">200</wcet>
            <wcet number="1">230</wcet>
            <maxpow number="0.3997421159260779"/>
            <maxpow number="0.3997421159260779"/>
            <fprob>0.0</fprob>
        </actor>
        <actor name="D0N33">
            <wcet number="0">50</wcet>
            <wcet number="1">100</wcet>
            <maxpow number="0.23887038938945065"/>
            <maxpow number="0.23887038938945065"/>
            <fprob>0.0</fprob>
        </actor>
        <actor name="D0N6">
            <wcet number="0">20</wcet>
            <wcet number="1">130</wcet>
            <maxpow number="0.6577130358511475"/>
            <maxpow number="0.6577130358511475"/>
            <fprob>0.0</fprob>
        </actor>
        <actor name="D0N18">
            <wcet number="0">10</wcet>
            <wcet number="1">60</wcet>
            <maxpow number="0.5803010949007726"/>
            <maxpow number="0.5803010949007726"/>
            <fprob>0.0</fprob>
        </actor>
        <actor name="D0N28">
            <wcet number="0">30</wcet>
            <wcet number="1">40</wcet>
            <maxpow number="0.36732209184303294"/>
            <maxpow number="0.36732209184303294"/>
            <fprob>0.0</fprob>
        </actor>
        <actor name="D0N42">
            <wcet number="0">100</wcet>
            <wcet number="1">110</wcet>
            <maxpow number="0.45903621942250006"/>
            <maxpow number="0.45903621942250006"/>
            <fprob>0.0</fprob>
        </actor>
        <actor name="D0N23">
            <wcet number="0">10</wcet>
            <wcet number="1">30</wcet>
            <maxpow number="0.7493360234897162"/>
            <maxpow number="0.7493360234897162"/>
            <fprob>0.0</fprob>
        </actor>
        <actor name="D0N1">
            <wcet number="0">70</wcet>
            <wcet number="1">160</wcet>
            <maxpow number="0.895294779673414"/>
            <maxpow number="0.895294779673414"/>
            <fprob>0.0</fprob>
        </actor>
        <actor name="D0N40">
            <wcet number="0">70</wcet>
            <wcet number="1">100</wcet>
            <maxpow number="0.30631048459887483"/>
            <maxpow number="0.30631048459887483"/>
            <fprob>0.0</fprob>
        </actor>
        <actor name="D0N8">
            <wcet number="0">10</wcet>
            <wcet number="1">30</wcet>
            <maxpow number="0.640281589290951"/>
            <maxpow number="0.640281589290951"/>
            <fprob>0.0</fprob>
        </actor>
        <actor name="D0N16">
            <wcet number="0">120</wcet>
            <wcet number="1">140</wcet>
            <maxpow number="0.10732818746354222"/>
            <maxpow number="0.10732818746354222"/>
            <fprob>0.0</fprob>
        </actor>
        <actor name="D0N29">
            <wcet number="0">60</wcet>
            <wcet number="1">130</wcet>
            <maxpow number="0.6493052850527622"/>
            <maxpow number="0.6493052850527622"/>
            <fprob>0.0</fprob>
        </actor>
        <actor name="D0N3">
            <wcet number="0">40</wcet>
            <wcet number="1">50</wcet>
            <maxpow number="0.09866640615586936"/>
            <maxpow number="0.09866640615586936"/>
            <fprob>0.0</fprob>
        </actor>
        <actor name="D0N9">
            <wcet number="0">90</wcet>
            <wcet number="1">180</wcet>
            <maxpow number="0.5990402849837462"/>
            <maxpow number="0.5990402849837462"/>
            <fprob>0.0</fprob>
        </actor>
        <actor name="D0N5">
            <wcet number="0">180</wcet>
            <wcet number="1">220</wcet>
            <maxpow number="0.4716510729020272"/>
            <maxpow number="0.4716510729020272"/>
            <fprob>0.0</fprob>
        </actor>
        <actor name="D0N37">
            <wcet number="0">20</wcet>
            <wcet number="1">90</wcet>
            <maxpow number="0.7469664792309421"/>
            <maxpow number="0.7469664792309421"/>
            <fprob>0.0</fprob>
        </actor>
        <actor name="D0N21">
            <wcet number="0">70</wcet>
            <wcet number="1">70</wcet>
            <maxpow number="0.6479112794699757"/>
            <maxpow number="0.6479112794699757"/>
            <fprob>0.0</fprob>
        </actor>
        <actor name="D0N20">
            <wcet number="0">60</wcet>
            <wcet number="1">70</wcet>
            <maxpow number="0.5204883996668704"/>
            <maxpow number="0.5204883996668704"/>
            <fprob>0.0</fprob>
        </actor>
        <actor name="D0N7">
            <wcet number="0">30</wcet>
            <wcet number="1">30</wcet>
            <maxpow number="0.7352102538006187"/>
            <maxpow number="0.7352102538006187"/>
            <fprob>0.0</fprob>
        </actor>
        <actor name="D0N25">
            <wcet number="0">10</wcet>
            <wcet number="1">10</wcet>
            <maxpow number="0.3666617599533433"/>
            <maxpow number="0.3666617599533433"/>
            <fprob>0.0</fprob>
        </actor>
        <actor name="D0N38">
            <wcet number="0">10</wcet>
            <wcet number="1">50</wcet>
            <maxpow number="0.37314405174849463"/>
            <maxpow number="0.37314405174849463"/>
            <fprob>0.0</fprob>
        </actor>
        <ports>
            <port dstActor="D0N45" name="p0" srcActor="D0N34"/>
            <port dstActor="D0N44" name="p1" srcActor="D0N34"/>
            <port dstActor="D0N29" name="p2" srcActor="D0N13"/>
            <port dstActor="D0N18" name="p3" srcActor="D0N13"/>
            <port dstActor="D0N30" name="p4" srcActor="D0N13"/>
            <port dstActor="D0N23" name="p5" srcActor="D0N15"/>
            <port dstActor="D0N17" name="p6" srcActor="D0N15"/>
            <port dstActor="D0N46" name="p7" srcActor="D0N15"/>
            <port dstActor="D0N42" name="p8" srcActor="D0N36"/>
            <port dstActor="D0N41" name="p9" srcActor="D0N36"/>
            <port dstActor="D0N37" name="p10" srcActor="D0N36"/>
            <port dstActor="D0N36" name="p11" srcActor="D0N26"/>
            <port dstActor="D0N31" name="p12" srcActor="D0N26"/>
            <port dstActor="D0N45" name="p13" srcActor="D0N27"/>
            <port dstActor="D0N42" name="p14" srcActor="D0N27"/>
            <port dstActor="D0N36" name="p15" srcActor="D0N31"/>
            <port dstActor="D0N46" name="p16" srcActor="D0N43"/>
            <port dstActor="D0N23" name="p17" srcActor="D0N12"/>
            <port dstActor="D0N15" name="p18" srcActor="D0N12"/>
            <port dstActor="D0N36" name="p19" srcActor="D0N0"/>
            <port dstActor="D0N19" name="p20" srcActor="D0N0"/>
            <port dstActor="D0N21" name="p21" srcActor="D0N0"/>
            <port dstActor="D0N16" name="p22" srcActor="D0N0"/>
            <port dstActor="D0N28" name="p23" srcActor="D0N0"/>
            <port dstActor="D0N40" name="p24" srcActor="D0N10"/>
            <port dstActor="D0N41" name="p25" srcActor="D0N10"/>
            <port dstActor="D0N37" name="p26" srcActor="D0N10"/>
            <port dstActor="D0N31" name="p27" srcActor="D0N10"/>
            <port dstActor="D0N28" name="p28" srcActor="D0N19"/>
            <port dstActor="D0N36" name="p29" srcActor="D0N19"/>
            <port dstActor="D0N29" name="p30" srcActor="D0N19"/>
            <port dstActor="D0N23" name="p31" srcActor="D0N19"/>
            <port dstActor="D0N25" name="p32" srcActor="D0N19"/>
            <port dstActor="D0N44" name="p33" srcActor="D0N24"/>
            <port dstActor="D0N43" name="p34" srcActor="D0N24"/>
            <port dstActor="D0N46" name="p35" srcActor="D0N24"/>
            <port dstActor="D0N26" name="p36" srcActor="D0N24"/>
            <port dstActor="D0N27" name="p37" srcActor="D0N24"/>
            <port dstActor="D0N24" name="p38" srcActor="D0N14"/>
            <port dstActor="D0N16" name="p39" srcActor="D0N14"/>
            <port dstActor="D0N42" name="p40" srcActor="D0N14"/>
            <port dstActor="D0N9" name="p41" srcActor="D0N2"/>
            <port dstActor="D0N30" name="p42" srcActor="D0N2"/>
            <port dstActor="D0N25" name="p43" srcActor="D0N2"/>
            <port dstActor="D0N46" name="p44" srcActor="D0N22"/>
            <port dstActor="D0N23" name="p45" srcActor="D0N22"/>
            <port dstActor="D0N14" name="p46" srcActor="D0N11"/>
            <port dstActor="D0N29" name="p47" srcActor="D0N11"/>
            <port dstActor="D0N19" name="p48" srcActor="D0N11"/>
            <port dstActor="D0N17" name="p49" srcActor="D0N11"/>
            <port dstActor="D0N25" name="p50" srcActor="D0N11"/>
            <port dstActor="D0N35" name="p51" srcActor="D0N11"/>
            <port dstActor="D0N21" name="p52" srcActor="D0N11"/>
            <port dstActor="D0N42" name="p53" srcActor="D0N11"/>
            <port dstActor="D0N45" name="p54" srcActor="D0N32"/>
            <port dstActor="D0N38" name="p55" srcActor="D0N32"/>
            <port dstActor="D0N41" name="p56" srcActor="D0N30"/>
            <port dstActor="D0N9" name="p57" srcActor="D0N4"/>
            <port dstActor="D0N15" name="p58" srcActor="D0N4"/>
            <port dstActor="D0N28" name="p59" srcActor="D0N4"/>
            <port dstActor="D0N19" name="p60" srcActor="D0N4"/>
            <port dstActor="D0N35" name="p61" srcActor="D0N4"/>
            <port dstActor="D0N43" name="p62" srcActor="D0N39"/>
            <port dstActor="D0N43" name="p63" srcActor="D0N17"/>
            <port dstActor="D0N37" name="p64" srcActor="D0N17"/>
            <port dstActor="D0N34" name="p65" srcActor="D0N17"/>
            <port dstActor="D0N40" name="p66" srcActor="D0N33"/>
            <port dstActor="D0N37" name="p67" srcActor="D0N33"/>
            <port dstActor="D0N8" name="p68" srcActor="D0N6"/>
            <port dstActor="D0N29" name="p69" srcActor="D0N6"/>
            <port dstActor="D0N39" name="p70" srcActor="D0N6"/>
            <port dstActor="D0N23" name="p71" srcActor="D0N6"/>
            <port dstActor="D0N13" name="p72" srcActor="D0N6"/>
            <port dstActor="D0N37" name="p73" srcActor="D0N28"/>
            <port dstActor="D0N36" name="p74" srcActor="D0N28"/>
            <port dstActor="D0N29" name="p75" srcActor="D0N23"/>
            <port dstActor="D0N34" name="p76" srcActor="D0N23"/>
            <port dstActor="D0N38" name="p77" srcActor="D0N23"/>
            <port dstActor="D0N29" name="p78" srcActor="D0N1"/>
            <port dstActor="D0N42" name="p79" srcActor="D0N1"/>
            <port dstActor="D0N11" name="p80" srcActor="D0N1"/>
            <port dstActor="D0N21" name="p81" srcActor="D0N1"/>
            <port dstActor="D0N46" name="p82" srcActor="D0N1"/>
            <port dstActor="D0N7" name="p83" srcActor="D0N1"/>
            <port dstActor="D0N45" name="p84" srcActor="D0N40"/>
            <port dstActor="D0N37" name="p85" srcActor="D0N8"/>
            <port dstActor="D0N17" name="p86" srcActor="D0N8"/>
            <port dstActor="D0N18" name="p87" srcActor="D0N8"/>
            <port dstActor="D0N45" name="p88" srcActor="D0N16"/>
            <port dstActor="D0N28" name="p89" srcActor="D0N16"/>
            <port dstActor="D0N27" name="p90" srcActor="D0N16"/>
            <port dstActor="D0N36" name="p91" srcActor="D0N29"/>
            <port dstActor="D0N19" name="p92" srcActor="D0N3"/>
            <port dstActor="D0N44" name="p93" srcActor="D0N9"/>
            <port dstActor="D0N33" name="p94" srcActor="D0N9"/>
            <port dstActor="D0N23" name="p95" srcActor="D0N9"/>
            <port dstActor="D0N9" name="p96" srcActor="D0N5"/>
            <port dstActor="D0N8" name="p97" srcActor="D0N5"/>
            <port dstActor="D0N10" name="p98" srcActor="D0N5"/>
            <port dstActor="D0N42" name="p99" srcActor="D0N5"/>
            <port dstActor="D0N36" name="p100" srcActor="D0N21"/>
            <port dstActor="D0N46" name="p101" srcActor="D0N21"/>
            <port dstActor="D0N32" name="p102" srcActor="D0N20"/>
            <port dstActor="D0N36" name="p103" srcActor="D0N20"/>
            <port dstActor="D0N21" name="p104" srcActor="D0N20"/>
            <port dstActor="D0N18" name="p105" srcActor="D0N7"/>
            <port dstActor="D0N28" name="p106" srcActor="D0N7"/>
            <port dstActor="D0N32" name="p107" srcActor="D0N7"/>
            <port dstActor="D0N39" name="p108" srcActor="D0N7"/>
            <port dstActor="D0N14" name="p109" srcActor="D0N7"/>
            <port dstActor="D0N29" name="p110" srcActor="D0N25"/>
            <port dstActor="D0N28" name="p111" srcActor="D0N25"/>
            <port dstActor="D0N27" name="p112" srcActor="D0N25"/>
        </ports>
    </mcdag>
    <cores number="3"/>
    <levels number="2"/>
</mcsystem>
