<?xml version="1.0" encoding="UTF-8" standalone="no"?>
<mcsystem>
    <mcdag deadline="1800" name="genned-0-ed-10.0-0">
        <actor name="D0N31">
            <wcet number="0">10</wcet>
            <wcet number="1">10</wcet>
            <maxpow number="0.29768972509373354"/>
            <maxpow number="0.29768972509373354"/>
            <fprob>0.0</fprob>
        </actor>
        <actor name="D0N1">
            <wcet number="0">110</wcet>
            <wcet number="1">200</wcet>
            <maxpow number="0.8928780975926696"/>
            <maxpow number="0.8928780975926696"/>
            <fprob>0.0</fprob>
        </actor>
        <actor name="D0N17">
            <wcet number="0">10</wcet>
            <wcet number="1">10</wcet>
            <maxpow number="0.486979666880753"/>
            <maxpow number="0.486979666880753"/>
            <fprob>0.0</fprob>
        </actor>
        <actor name="D0N3">
            <wcet number="0">20</wcet>
            <wcet number="1">40</wcet>
            <maxpow number="0.6149163791738425"/>
            <maxpow number="0.6149163791738425"/>
            <fprob>0.0</fprob>
        </actor>
        <actor name="D0N34">
            <wcet number="0">50</wcet>
            <wcet number="1">50</wcet>
            <maxpow number="0.68924187095943"/>
            <maxpow number="0.68924187095943"/>
            <fprob>0.0</fprob>
        </actor>
        <actor name="D0N26">
            <wcet number="0">70</wcet>
            <wcet number="1">100</wcet>
            <maxpow number="0.7809516039770474"/>
            <maxpow number="0.7809516039770474"/>
            <fprob>0.0</fprob>
        </actor>
        <actor name="D0N30">
            <wcet number="0">50</wcet>
            <wcet number="1">180</wcet>
            <maxpow number="0.6481916415781743"/>
            <maxpow number="0.6481916415781743"/>
            <fprob>0.0</fprob>
        </actor>
        <actor name="D0N42">
            <wcet number="0">140</wcet>
            <wcet number="1">170</wcet>
            <maxpow number="0.7954759636099608"/>
            <maxpow number="0.7954759636099608"/>
            <fprob>0.0</fprob>
        </actor>
        <actor name="D0N11">
            <wcet number="0">100</wcet>
            <wcet number="1">120</wcet>
            <maxpow number="0.709136646082202"/>
            <maxpow number="0.709136646082202"/>
            <fprob>0.0</fprob>
        </actor>
        <actor name="D0N28">
            <wcet number="0">30</wcet>
            <wcet number="1">50</wcet>
            <maxpow number="0.6534212556811956"/>
            <maxpow number="0.6534212556811956"/>
            <fprob>0.0</fprob>
        </actor>
        <actor name="D0N7">
            <wcet number="0">10</wcet>
            <wcet number="1">60</wcet>
            <maxpow number="0.4239334161447599"/>
            <maxpow number="0.4239334161447599"/>
            <fprob>0.0</fprob>
        </actor>
        <actor name="D0N21">
            <wcet number="0">30</wcet>
            <wcet number="1">70</wcet>
            <maxpow number="0.38298983026041233"/>
            <maxpow number="0.38298983026041233"/>
            <fprob>0.0</fprob>
        </actor>
        <actor name="D0N47">
            <wcet number="0">20</wcet>
            <wcet number="1">40</wcet>
            <maxpow number="0.8276315450899601"/>
            <maxpow number="0.8276315450899601"/>
            <fprob>0.0</fprob>
        </actor>
        <actor name="D0N41">
            <wcet number="0">20</wcet>
            <wcet number="1">80</wcet>
            <maxpow number="0.7758435980314824"/>
            <maxpow number="0.7758435980314824"/>
            <fprob>0.0</fprob>
        </actor>
        <actor name="D0N13">
            <wcet number="0">140</wcet>
            <wcet number="1">210</wcet>
            <maxpow number="0.5417939309224792"/>
            <maxpow number="0.5417939309224792"/>
            <fprob>0.0</fprob>
        </actor>
        <actor name="D0N20">
            <wcet number="0">50</wcet>
            <wcet number="1">90</wcet>
            <maxpow number="0.6453558105293437"/>
            <maxpow number="0.6453558105293437"/>
            <fprob>0.0</fprob>
        </actor>
        <actor name="D0N5">
            <wcet number="0">50</wcet>
            <wcet number="1">50</wcet>
            <maxpow number="0.255071995271579"/>
            <maxpow number="0.255071995271579"/>
            <fprob>0.0</fprob>
        </actor>
        <actor name="D0N23">
            <wcet number="0">50</wcet>
            <wcet number="1">80</wcet>
            <maxpow number="0.3131546933378603"/>
            <maxpow number="0.3131546933378603"/>
            <fprob>0.0</fprob>
        </actor>
        <actor name="D0N37">
            <wcet number="0">30</wcet>
            <wcet number="1">160</wcet>
            <maxpow number="0.35598160100242704"/>
            <maxpow number="0.35598160100242704"/>
            <fprob>0.0</fprob>
        </actor>
        <actor name="D0N0">
            <wcet number="0">20</wcet>
            <wcet number="1">50</wcet>
            <maxpow number="0.27707257564262505"/>
            <maxpow number="0.27707257564262505"/>
            <fprob>0.0</fprob>
        </actor>
        <actor name="D0N39">
            <wcet number="0">250</wcet>
            <wcet number="1">360</wcet>
            <maxpow number="0.3383938412430131"/>
            <maxpow number="0.3383938412430131"/>
            <fprob>0.0</fprob>
        </actor>
        <actor name="D0N15">
            <wcet number="0">40</wcet>
            <wcet number="1">40</wcet>
            <maxpow number="0.20694209709457695"/>
            <maxpow number="0.20694209709457695"/>
            <fprob>0.0</fprob>
        </actor>
        <actor name="D0N22">
            <wcet number="0">30</wcet>
            <wcet number="1">130</wcet>
            <maxpow number="0.7108108432829291"/>
            <maxpow number="0.7108108432829291"/>
            <fprob>0.0</fprob>
        </actor>
        <actor name="D0N48">
            <wcet number="0">10</wcet>
            <wcet number="1">40</wcet>
            <maxpow number="0.6683217954493513"/>
            <maxpow number="0.6683217954493513"/>
            <fprob>0.0</fprob>
        </actor>
        <actor name="D0N2">
            <wcet number="0">80</wcet>
            <wcet number="1">90</wcet>
            <maxpow number="0.7252491322290118"/>
            <maxpow number="0.7252491322290118"/>
            <fprob>0.0</fprob>
        </actor>
        <actor name="D0N18">
            <wcet number="0">30</wcet>
            <wcet number="1">40</wcet>
            <maxpow number="0.7885032222461599"/>
            <maxpow number="0.7885032222461599"/>
            <fprob>0.0</fprob>
        </actor>
        <actor name="D0N45">
            <wcet number="0">10</wcet>
            <wcet number="1">20</wcet>
            <maxpow number="0.4668907213083342"/>
            <maxpow number="0.4668907213083342"/>
            <fprob>0.0</fprob>
        </actor>
        <actor name="D0N24">
            <wcet number="0">10</wcet>
            <wcet number="1">100</wcet>
            <maxpow number="0.5881797293673144"/>
            <maxpow number="0.5881797293673144"/>
            <fprob>0.0</fprob>
        </actor>
        <actor name="D0N40">
            <wcet number="0">30</wcet>
            <wcet number="1">30</wcet>
            <maxpow number="0.686148168458411"/>
            <maxpow number="0.686148168458411"/>
            <fprob>0.0</fprob>
        </actor>
        <actor name="D0N46">
            <wcet number="0">40</wcet>
            <wcet number="1">40</wcet>
            <maxpow number="0.5732673366316631"/>
            <maxpow number="0.5732673366316631"/>
            <fprob>0.0</fprob>
        </actor>
        <actor name="D0N19">
            <wcet number="0">20</wcet>
            <wcet number="1">20</wcet>
            <maxpow number="0.4236962459697838"/>
            <maxpow number="0.4236962459697838"/>
            <fprob>0.0</fprob>
        </actor>
        <actor name="D0N43">
            <wcet number="0">10</wcet>
            <wcet number="1">60</wcet>
            <maxpow number="0.5823660834762092"/>
            <maxpow number="0.5823660834762092"/>
            <fprob>0.0</fprob>
        </actor>
        <actor name="D0N32">
            <wcet number="0">10</wcet>
            <wcet number="1">10</wcet>
            <maxpow number="0.8496521495834797"/>
            <maxpow number="0.8496521495834797"/>
            <fprob>0.0</fprob>
        </actor>
        <actor name="D0N12">
            <wcet number="0">70</wcet>
            <wcet number="1">120</wcet>
            <maxpow number="0.5946979545942044"/>
            <maxpow number="0.5946979545942044"/>
            <fprob>0.0</fprob>
        </actor>
        <actor name="D0N33">
            <wcet number="0">30</wcet>
            <wcet number="1">40</wcet>
            <maxpow number="0.4770971369574762"/>
            <maxpow number="0.4770971369574762"/>
            <fprob>0.0</fprob>
        </actor>
        <actor name="D0N25">
            <wcet number="0">10</wcet>
            <wcet number="1">10</wcet>
            <maxpow number="0.385231795009771"/>
            <maxpow number="0.385231795009771"/>
            <fprob>0.0</fprob>
        </actor>
        <actor name="D0N35">
            <wcet number="0">10</wcet>
            <wcet number="1">20</wcet>
            <maxpow number="1.039527939820406"/>
            <maxpow number="1.039527939820406"/>
            <fprob>0.0</fprob>
        </actor>
        <actor name="D0N10">
            <wcet number="0">30</wcet>
            <wcet number="1">30</wcet>
            <maxpow number="0.4544233836139982"/>
            <maxpow number="0.4544233836139982"/>
            <fprob>0.0</fprob>
        </actor>
        <actor name="D0N8">
            <wcet number="0">20</wcet>
            <wcet number="1">40</wcet>
            <maxpow number="0.8273012933506354"/>
            <maxpow number="0.8273012933506354"/>
            <fprob>0.0</fprob>
        </actor>
        <actor name="D0N6">
            <wcet number="0">20</wcet>
            <wcet number="1">250</wcet>
            <maxpow number="0.7338295612056281"/>
            <maxpow number="0.7338295612056281"/>
            <fprob>0.0</fprob>
        </actor>
        <actor name="D0N38">
            <wcet number="0">30</wcet>
            <wcet number="1">60</wcet>
            <maxpow number="0.41820769865223323"/>
            <maxpow number="0.41820769865223323"/>
            <fprob>0.0</fprob>
        </actor>
        <actor name="D0N14">
            <wcet number="0">10</wcet>
            <wcet number="1">20</wcet>
            <maxpow number="0.48954094611190135"/>
            <maxpow number="0.48954094611190135"/>
            <fprob>0.0</fprob>
        </actor>
        <actor name="D0N36">
            <wcet number="0">30</wcet>
            <wcet number="1">30</wcet>
            <maxpow number="0.5283451025348467"/>
            <maxpow number="0.5283451025348467"/>
            <fprob>0.0</fprob>
        </actor>
        <actor name="D0N44">
            <wcet number="0">10</wcet>
            <wcet number="1">10</wcet>
            <maxpow number="0.34406627643025495"/>
            <maxpow number="0.34406627643025495"/>
            <fprob>0.0</fprob>
        </actor>
        <actor name="D0N29">
            <wcet number="0">80</wcet>
            <wcet number="1">80</wcet>
            <maxpow number="0.7016190261947319"/>
            <maxpow number="0.7016190261947319"/>
            <fprob>0.0</fprob>
        </actor>
        <actor name="D0N4">
            <wcet number="0">20</wcet>
            <wcet number="1">70</wcet>
            <maxpow number="0.6039315206924821"/>
            <maxpow number="0.6039315206924821"/>
            <fprob>0.0</fprob>
        </actor>
        <actor name="D0N16">
            <wcet number="0">60</wcet>
            <wcet number="1">110</wcet>
            <maxpow number="0.5251627175659221"/>
            <maxpow number="0.5251627175659221"/>
            <fprob>0.0</fprob>
        </actor>
        <actor name="D0N9">
            <wcet number="0">40</wcet>
            <wcet number="1">60</wcet>
            <maxpow number="0.236455135981892"/>
            <maxpow number="0.236455135981892"/>
            <fprob>0.0</fprob>
        </actor>
        <actor name="D0N27">
            <wcet number="0">10</wcet>
            <wcet number="1">30</wcet>
            <maxpow number="0.3434940876129899"/>
            <maxpow number="0.3434940876129899"/>
            <fprob>0.0</fprob>
        </actor>
        <ports>
            <port dstActor="D0N33" name="p0" srcActor="D0N31"/>
            <port dstActor="D0N44" name="p1" srcActor="D0N31"/>
            <port dstActor="D0N45" name="p2" srcActor="D0N31"/>
            <port dstActor="D0N39" name="p3" srcActor="D0N31"/>
            <port dstActor="D0N22" name="p4" srcActor="D0N1"/>
            <port dstActor="D0N20" name="p5" srcActor="D0N1"/>
            <port dstActor="D0N44" name="p6" srcActor="D0N1"/>
            <port dstActor="D0N25" name="p7" srcActor="D0N17"/>
            <port dstActor="D0N26" name="p8" srcActor="D0N17"/>
            <port dstActor="D0N38" name="p9" srcActor="D0N17"/>
            <port dstActor="D0N29" name="p10" srcActor="D0N3"/>
            <port dstActor="D0N19" name="p11" srcActor="D0N3"/>
            <port dstActor="D0N37" name="p12" srcActor="D0N3"/>
            <port dstActor="D0N27" name="p13" srcActor="D0N3"/>
            <port dstActor="D0N26" name="p14" srcActor="D0N3"/>
            <port dstActor="D0N33" name="p15" srcActor="D0N3"/>
            <port dstActor="D0N16" name="p16" srcActor="D0N3"/>
            <port dstActor="D0N34" name="p17" srcActor="D0N30"/>
            <port dstActor="D0N48" name="p18" srcActor="D0N30"/>
            <port dstActor="D0N48" name="p19" srcActor="D0N42"/>
            <port dstActor="D0N15" name="p20" srcActor="D0N11"/>
            <port dstActor="D0N29" name="p21" srcActor="D0N11"/>
            <port dstActor="D0N28" name="p22" srcActor="D0N11"/>
            <port dstActor="D0N34" name="p23" srcActor="D0N11"/>
            <port dstActor="D0N39" name="p24" srcActor="D0N28"/>
            <port dstActor="D0N30" name="p25" srcActor="D0N28"/>
            <port dstActor="D0N30" name="p26" srcActor="D0N7"/>
            <port dstActor="D0N46" name="p27" srcActor="D0N7"/>
            <port dstActor="D0N38" name="p28" srcActor="D0N21"/>
            <port dstActor="D0N40" name="p29" srcActor="D0N21"/>
            <port dstActor="D0N33" name="p30" srcActor="D0N21"/>
            <port dstActor="D0N48" name="p31" srcActor="D0N47"/>
            <port dstActor="D0N42" name="p32" srcActor="D0N41"/>
            <port dstActor="D0N24" name="p33" srcActor="D0N13"/>
            <port dstActor="D0N46" name="p34" srcActor="D0N13"/>
            <port dstActor="D0N34" name="p35" srcActor="D0N13"/>
            <port dstActor="D0N40" name="p36" srcActor="D0N13"/>
            <port dstActor="D0N24" name="p37" srcActor="D0N20"/>
            <port dstActor="D0N21" name="p38" srcActor="D0N20"/>
            <port dstActor="D0N33" name="p39" srcActor="D0N20"/>
            <port dstActor="D0N26" name="p40" srcActor="D0N20"/>
            <port dstActor="D0N25" name="p41" srcActor="D0N20"/>
            <port dstActor="D0N31" name="p42" srcActor="D0N20"/>
            <port dstActor="D0N48" name="p43" srcActor="D0N5"/>
            <port dstActor="D0N7" name="p44" srcActor="D0N5"/>
            <port dstActor="D0N28" name="p45" srcActor="D0N5"/>
            <port dstActor="D0N31" name="p46" srcActor="D0N5"/>
            <port dstActor="D0N35" name="p47" srcActor="D0N23"/>
            <port dstActor="D0N39" name="p48" srcActor="D0N37"/>
            <port dstActor="D0N26" name="p49" srcActor="D0N0"/>
            <port dstActor="D0N4" name="p50" srcActor="D0N0"/>
            <port dstActor="D0N10" name="p51" srcActor="D0N0"/>
            <port dstActor="D0N18" name="p52" srcActor="D0N0"/>
            <port dstActor="D0N15" name="p53" srcActor="D0N0"/>
            <port dstActor="D0N44" name="p54" srcActor="D0N39"/>
            <port dstActor="D0N42" name="p55" srcActor="D0N39"/>
            <port dstActor="D0N18" name="p56" srcActor="D0N15"/>
            <port dstActor="D0N26" name="p57" srcActor="D0N15"/>
            <port dstActor="D0N23" name="p58" srcActor="D0N22"/>
            <port dstActor="D0N48" name="p59" srcActor="D0N22"/>
            <port dstActor="D0N25" name="p60" srcActor="D0N22"/>
            <port dstActor="D0N29" name="p61" srcActor="D0N22"/>
            <port dstActor="D0N44" name="p62" srcActor="D0N2"/>
            <port dstActor="D0N38" name="p63" srcActor="D0N2"/>
            <port dstActor="D0N40" name="p64" srcActor="D0N2"/>
            <port dstActor="D0N18" name="p65" srcActor="D0N2"/>
            <port dstActor="D0N46" name="p66" srcActor="D0N18"/>
            <port dstActor="D0N23" name="p67" srcActor="D0N18"/>
            <port dstActor="D0N43" name="p68" srcActor="D0N18"/>
            <port dstActor="D0N35" name="p69" srcActor="D0N18"/>
            <port dstActor="D0N19" name="p70" srcActor="D0N18"/>
            <port dstActor="D0N26" name="p71" srcActor="D0N19"/>
            <port dstActor="D0N24" name="p72" srcActor="D0N19"/>
            <port dstActor="D0N45" name="p73" srcActor="D0N19"/>
            <port dstActor="D0N30" name="p74" srcActor="D0N19"/>
            <port dstActor="D0N47" name="p75" srcActor="D0N43"/>
            <port dstActor="D0N35" name="p76" srcActor="D0N32"/>
            <port dstActor="D0N31" name="p77" srcActor="D0N12"/>
            <port dstActor="D0N44" name="p78" srcActor="D0N12"/>
            <port dstActor="D0N15" name="p79" srcActor="D0N12"/>
            <port dstActor="D0N39" name="p80" srcActor="D0N33"/>
            <port dstActor="D0N37" name="p81" srcActor="D0N25"/>
            <port dstActor="D0N33" name="p82" srcActor="D0N25"/>
            <port dstActor="D0N31" name="p83" srcActor="D0N25"/>
            <port dstActor="D0N48" name="p84" srcActor="D0N25"/>
            <port dstActor="D0N28" name="p85" srcActor="D0N25"/>
            <port dstActor="D0N42" name="p86" srcActor="D0N35"/>
            <port dstActor="D0N38" name="p87" srcActor="D0N10"/>
            <port dstActor="D0N17" name="p88" srcActor="D0N10"/>
            <port dstActor="D0N24" name="p89" srcActor="D0N10"/>
            <port dstActor="D0N34" name="p90" srcActor="D0N10"/>
            <port dstActor="D0N34" name="p91" srcActor="D0N8"/>
            <port dstActor="D0N19" name="p92" srcActor="D0N8"/>
            <port dstActor="D0N41" name="p93" srcActor="D0N8"/>
            <port dstActor="D0N24" name="p94" srcActor="D0N8"/>
            <port dstActor="D0N22" name="p95" srcActor="D0N8"/>
            <port dstActor="D0N42" name="p96" srcActor="D0N6"/>
            <port dstActor="D0N33" name="p97" srcActor="D0N6"/>
            <port dstActor="D0N36" name="p98" srcActor="D0N6"/>
            <port dstActor="D0N35" name="p99" srcActor="D0N6"/>
            <port dstActor="D0N48" name="p100" srcActor="D0N6"/>
            <port dstActor="D0N13" name="p101" srcActor="D0N6"/>
            <port dstActor="D0N16" name="p102" srcActor="D0N14"/>
            <port dstActor="D0N28" name="p103" srcActor="D0N14"/>
            <port dstActor="D0N36" name="p104" srcActor="D0N14"/>
            <port dstActor="D0N40" name="p105" srcActor="D0N14"/>
            <port dstActor="D0N32" name="p106" srcActor="D0N14"/>
            <port dstActor="D0N26" name="p107" srcActor="D0N14"/>
            <port dstActor="D0N43" name="p108" srcActor="D0N36"/>
            <port dstActor="D0N37" name="p109" srcActor="D0N36"/>
            <port dstActor="D0N46" name="p110" srcActor="D0N44"/>
            <port dstActor="D0N45" name="p111" srcActor="D0N44"/>
            <port dstActor="D0N39" name="p112" srcActor="D0N29"/>
            <port dstActor="D0N32" name="p113" srcActor="D0N29"/>
            <port dstActor="D0N34" name="p114" srcActor="D0N29"/>
            <port dstActor="D0N48" name="p115" srcActor="D0N4"/>
            <port dstActor="D0N46" name="p116" srcActor="D0N4"/>
            <port dstActor="D0N35" name="p117" srcActor="D0N4"/>
            <port dstActor="D0N39" name="p118" srcActor="D0N4"/>
            <port dstActor="D0N11" name="p119" srcActor="D0N4"/>
            <port dstActor="D0N12" name="p120" srcActor="D0N4"/>
            <port dstActor="D0N19" name="p121" srcActor="D0N16"/>
            <port dstActor="D0N40" name="p122" srcActor="D0N16"/>
            <port dstActor="D0N39" name="p123" srcActor="D0N9"/>
            <port dstActor="D0N12" name="p124" srcActor="D0N9"/>
            <port dstActor="D0N38" name="p125" srcActor="D0N9"/>
            <port dstActor="D0N33" name="p126" srcActor="D0N27"/>
            <port dstActor="D0N35" name="p127" srcActor="D0N27"/>
        </ports>
    </mcdag>
    <cores number="3"/>
    <levels number="2"/>
</mcsystem>
