<?xml version="1.0" encoding="UTF-8" standalone="no"?>
<mcsystem>
    <mcdag deadline="3000" name="genned-0-ed-10.0-0">
        <actor name="D0N15">
            <wcet number="0">280</wcet>
            <wcet number="1">310</wcet>
            <maxpow number="0.19257091966874396"/>
            <maxpow number="0.19257091966874396"/>
            <fprob>0.0</fprob>
        </actor>
        <actor name="D0N9">
            <wcet number="0">100</wcet>
            <wcet number="1">130</wcet>
            <maxpow number="0.5671702846105127"/>
            <maxpow number="0.5671702846105127"/>
            <fprob>0.0</fprob>
        </actor>
        <actor name="D0N7">
            <wcet number="0">20</wcet>
            <wcet number="1">20</wcet>
            <maxpow number="0.44333864526823397"/>
            <maxpow number="0.44333864526823397"/>
            <fprob>0.0</fprob>
        </actor>
        <actor name="D0N16">
            <wcet number="0">350</wcet>
            <wcet number="1">460</wcet>
            <maxpow number="0.6131820057744473"/>
            <maxpow number="0.6131820057744473"/>
            <fprob>0.0</fprob>
        </actor>
        <actor name="D0N42">
            <wcet number="0">60</wcet>
            <wcet number="1">60</wcet>
            <maxpow number="0.3950356437701742"/>
            <maxpow number="0.3950356437701742"/>
            <fprob>0.0</fprob>
        </actor>
        <actor name="D0N23">
            <wcet number="0">130</wcet>
            <wcet number="1">280</wcet>
            <maxpow number="0.6719080757704801"/>
            <maxpow number="0.6719080757704801"/>
            <fprob>0.0</fprob>
        </actor>
        <actor name="D0N22">
            <wcet number="0">20</wcet>
            <wcet number="1">120</wcet>
            <maxpow number="0.23821887953285853"/>
            <maxpow number="0.23821887953285853"/>
            <fprob>0.0</fprob>
        </actor>
        <actor name="D0N48">
            <wcet number="0">30</wcet>
            <wcet number="1">80</wcet>
            <maxpow number="0.44772169341074686"/>
            <maxpow number="0.44772169341074686"/>
            <fprob>0.0</fprob>
        </actor>
        <actor name="D0N28">
            <wcet number="0">50</wcet>
            <wcet number="1">80</wcet>
            <maxpow number="0.5657919061350427"/>
            <maxpow number="0.5657919061350427"/>
            <fprob>0.0</fprob>
        </actor>
        <actor name="D0N13">
            <wcet number="0">20</wcet>
            <wcet number="1">20</wcet>
            <maxpow number="0.3938173581964679"/>
            <maxpow number="0.3938173581964679"/>
            <fprob>0.0</fprob>
        </actor>
        <actor name="D0N0">
            <wcet number="0">90</wcet>
            <wcet number="1">130</wcet>
            <maxpow number="0.5425336986955522"/>
            <maxpow number="0.5425336986955522"/>
            <fprob>0.0</fprob>
        </actor>
        <actor name="D0N14">
            <wcet number="0">120</wcet>
            <wcet number="1">170</wcet>
            <maxpow number="0.5861009239604081"/>
            <maxpow number="0.5861009239604081"/>
            <fprob>0.0</fprob>
        </actor>
        <actor name="D0N39">
            <wcet number="0">10</wcet>
            <wcet number="1">20</wcet>
            <maxpow number="0.3396609650869067"/>
            <maxpow number="0.3396609650869067"/>
            <fprob>0.0</fprob>
        </actor>
        <actor name="D0N29">
            <wcet number="0">20</wcet>
            <wcet number="1">30</wcet>
            <maxpow number="0.270651060386923"/>
            <maxpow number="0.270651060386923"/>
            <fprob>0.0</fprob>
        </actor>
        <actor name="D0N2">
            <wcet number="0">20</wcet>
            <wcet number="1">20</wcet>
            <maxpow number="0.7124772228040904"/>
            <maxpow number="0.7124772228040904"/>
            <fprob>0.0</fprob>
        </actor>
        <actor name="D0N19">
            <wcet number="0">10</wcet>
            <wcet number="1">10</wcet>
            <maxpow number="0.3324721337234974"/>
            <maxpow number="0.3324721337234974"/>
            <fprob>0.0</fprob>
        </actor>
        <actor name="D0N44">
            <wcet number="0">60</wcet>
            <wcet number="1">120</wcet>
            <maxpow number="0.6970086412109671"/>
            <maxpow number="0.6970086412109671"/>
            <fprob>0.0</fprob>
        </actor>
        <actor name="D0N47">
            <wcet number="0">110</wcet>
            <wcet number="1">180</wcet>
            <maxpow number="0.47041720575171053"/>
            <maxpow number="0.47041720575171053"/>
            <fprob>0.0</fprob>
        </actor>
        <actor name="D0N32">
            <wcet number="0">50</wcet>
            <wcet number="1">80</wcet>
            <maxpow number="0.760869267864274"/>
            <maxpow number="0.760869267864274"/>
            <fprob>0.0</fprob>
        </actor>
        <actor name="D0N4">
            <wcet number="0">60</wcet>
            <wcet number="1">70</wcet>
            <maxpow number="0.3576138082286373"/>
            <maxpow number="0.3576138082286373"/>
            <fprob>0.0</fprob>
        </actor>
        <actor name="D0N6">
            <wcet number="0">30</wcet>
            <wcet number="1">30</wcet>
            <maxpow number="0.7257541111236032"/>
            <maxpow number="0.7257541111236032"/>
            <fprob>0.0</fprob>
        </actor>
        <actor name="D0N21">
            <wcet number="0">70</wcet>
            <wcet number="1">70</wcet>
            <maxpow number="0.5660157518928856"/>
            <maxpow number="0.5660157518928856"/>
            <fprob>0.0</fprob>
        </actor>
        <actor name="D0N33">
            <wcet number="0">60</wcet>
            <wcet number="1">240</wcet>
            <maxpow number="0.6369036485334181"/>
            <maxpow number="0.6369036485334181"/>
            <fprob>0.0</fprob>
        </actor>
        <actor name="D0N20">
            <wcet number="0">20</wcet>
            <wcet number="1">30</wcet>
            <maxpow number="0.6374607090962587"/>
            <maxpow number="0.6374607090962587"/>
            <fprob>0.0</fprob>
        </actor>
        <actor name="D0N38">
            <wcet number="0">30</wcet>
            <wcet number="1">30</wcet>
            <maxpow number="0.5316742459427993"/>
            <maxpow number="0.5316742459427993"/>
            <fprob>0.0</fprob>
        </actor>
        <actor name="D0N25">
            <wcet number="0">120</wcet>
            <wcet number="1">120</wcet>
            <maxpow number="0.4693275975189786"/>
            <maxpow number="0.4693275975189786"/>
            <fprob>0.0</fprob>
        </actor>
        <actor name="D0N17">
            <wcet number="0">10</wcet>
            <wcet number="1">50</wcet>
            <maxpow number="0.8857572798227843"/>
            <maxpow number="0.8857572798227843"/>
            <fprob>0.0</fprob>
        </actor>
        <actor name="D0N30">
            <wcet number="0">120</wcet>
            <wcet number="1">310</wcet>
            <maxpow number="0.3882273401118569"/>
            <maxpow number="0.3882273401118569"/>
            <fprob>0.0</fprob>
        </actor>
        <actor name="D0N26">
            <wcet number="0">40</wcet>
            <wcet number="1">90</wcet>
            <maxpow number="0.5899331334462954"/>
            <maxpow number="0.5899331334462954"/>
            <fprob>0.0</fprob>
        </actor>
        <actor name="D0N41">
            <wcet number="0">240</wcet>
            <wcet number="1">560</wcet>
            <maxpow number="0.5515828410441004"/>
            <maxpow number="0.5515828410441004"/>
            <fprob>0.0</fprob>
        </actor>
        <actor name="D0N27">
            <wcet number="0">30</wcet>
            <wcet number="1">30</wcet>
            <maxpow number="0.5082175031034988"/>
            <maxpow number="0.5082175031034988"/>
            <fprob>0.0</fprob>
        </actor>
        <actor name="D0N37">
            <wcet number="0">20</wcet>
            <wcet number="1">460</wcet>
            <maxpow number="0.5647387005114591"/>
            <maxpow number="0.5647387005114591"/>
            <fprob>0.0</fprob>
        </actor>
        <actor name="D0N5">
            <wcet number="0">30</wcet>
            <wcet number="1">40</wcet>
            <maxpow number="0.5563161073920558"/>
            <maxpow number="0.5563161073920558"/>
            <fprob>0.0</fprob>
        </actor>
        <actor name="D0N10">
            <wcet number="0">80</wcet>
            <wcet number="1">370</wcet>
            <maxpow number="0.5639137134395951"/>
            <maxpow number="0.5639137134395951"/>
            <fprob>0.0</fprob>
        </actor>
        <actor name="D0N43">
            <wcet number="0">90</wcet>
            <wcet number="1">110</wcet>
            <maxpow number="0.3724633775967212"/>
            <maxpow number="0.3724633775967212"/>
            <fprob>0.0</fprob>
        </actor>
        <actor name="D0N31">
            <wcet number="0">110</wcet>
            <wcet number="1">450</wcet>
            <maxpow number="0.6243685289713177"/>
            <maxpow number="0.6243685289713177"/>
            <fprob>0.0</fprob>
        </actor>
        <actor name="D0N11">
            <wcet number="0">60</wcet>
            <wcet number="1">80</wcet>
            <maxpow number="0.3713682403938109"/>
            <maxpow number="0.3713682403938109"/>
            <fprob>0.0</fprob>
        </actor>
        <actor name="D0N24">
            <wcet number="0">260</wcet>
            <wcet number="1">350</wcet>
            <maxpow number="0.6022576290712938"/>
            <maxpow number="0.6022576290712938"/>
            <fprob>0.0</fprob>
        </actor>
        <actor name="D0N34">
            <wcet number="0">10</wcet>
            <wcet number="1">90</wcet>
            <maxpow number="0.716828357062302"/>
            <maxpow number="0.716828357062302"/>
            <fprob>0.0</fprob>
        </actor>
        <actor name="D0N8">
            <wcet number="0">140</wcet>
            <wcet number="1">150</wcet>
            <maxpow number="0.6855130293893454"/>
            <maxpow number="0.6855130293893454"/>
            <fprob>0.0</fprob>
        </actor>
        <actor name="D0N40">
            <wcet number="0">30</wcet>
            <wcet number="1">40</wcet>
            <maxpow number="0.548131446405559"/>
            <maxpow number="0.548131446405559"/>
            <fprob>0.0</fprob>
        </actor>
        <actor name="D0N3">
            <wcet number="0">20</wcet>
            <wcet number="1">20</wcet>
            <maxpow number="0.882981414159495"/>
            <maxpow number="0.882981414159495"/>
            <fprob>0.0</fprob>
        </actor>
        <actor name="D0N35">
            <wcet number="0">90</wcet>
            <wcet number="1">90</wcet>
            <maxpow number="0.40459519674751904"/>
            <maxpow number="0.40459519674751904"/>
            <fprob>0.0</fprob>
        </actor>
        <actor name="D0N1">
            <wcet number="0">60</wcet>
            <wcet number="1">70</wcet>
            <maxpow number="0.5860896866692067"/>
            <maxpow number="0.5860896866692067"/>
            <fprob>0.0</fprob>
        </actor>
        <actor name="D0N18">
            <wcet number="0">20</wcet>
            <wcet number="1">20</wcet>
            <maxpow number="0.35202148128489574"/>
            <maxpow number="0.35202148128489574"/>
            <fprob>0.0</fprob>
        </actor>
        <actor name="D0N36">
            <wcet number="0">10</wcet>
            <wcet number="1">20</wcet>
            <maxpow number="0.6020370863663957"/>
            <maxpow number="0.6020370863663957"/>
            <fprob>0.0</fprob>
        </actor>
        <actor name="D0N46">
            <wcet number="0">50</wcet>
            <wcet number="1">110</wcet>
            <maxpow number="0.6644647169762238"/>
            <maxpow number="0.6644647169762238"/>
            <fprob>0.0</fprob>
        </actor>
        <actor name="D0N12">
            <wcet number="0">130</wcet>
            <wcet number="1">140</wcet>
            <maxpow number="0.3126559064716169"/>
            <maxpow number="0.3126559064716169"/>
            <fprob>0.0</fprob>
        </actor>
        <actor name="D0N45">
            <wcet number="0">10</wcet>
            <wcet number="1">40</wcet>
            <maxpow number="0.7462960960521563"/>
            <maxpow number="0.7462960960521563"/>
            <fprob>0.0</fprob>
        </actor>
        <ports>
            <port dstActor="D0N30" name="p0" srcActor="D0N15"/>
            <port dstActor="D0N47" name="p1" srcActor="D0N15"/>
            <port dstActor="D0N17" name="p2" srcActor="D0N15"/>
            <port dstActor="D0N42" name="p3" srcActor="D0N15"/>
            <port dstActor="D0N34" name="p4" srcActor="D0N9"/>
            <port dstActor="D0N45" name="p5" srcActor="D0N9"/>
            <port dstActor="D0N23" name="p6" srcActor="D0N7"/>
            <port dstActor="D0N40" name="p7" srcActor="D0N7"/>
            <port dstActor="D0N45" name="p8" srcActor="D0N7"/>
            <port dstActor="D0N12" name="p9" srcActor="D0N7"/>
            <port dstActor="D0N44" name="p10" srcActor="D0N16"/>
            <port dstActor="D0N33" name="p11" srcActor="D0N16"/>
            <port dstActor="D0N48" name="p12" srcActor="D0N16"/>
            <port dstActor="D0N25" name="p13" srcActor="D0N16"/>
            <port dstActor="D0N29" name="p14" srcActor="D0N22"/>
            <port dstActor="D0N31" name="p15" srcActor="D0N22"/>
            <port dstActor="D0N42" name="p16" srcActor="D0N28"/>
            <port dstActor="D0N44" name="p17" srcActor="D0N28"/>
            <port dstActor="D0N33" name="p18" srcActor="D0N28"/>
            <port dstActor="D0N21" name="p19" srcActor="D0N13"/>
            <port dstActor="D0N17" name="p20" srcActor="D0N13"/>
            <port dstActor="D0N5" name="p21" srcActor="D0N0"/>
            <port dstActor="D0N26" name="p22" srcActor="D0N0"/>
            <port dstActor="D0N28" name="p23" srcActor="D0N0"/>
            <port dstActor="D0N14" name="p24" srcActor="D0N0"/>
            <port dstActor="D0N4" name="p25" srcActor="D0N0"/>
            <port dstActor="D0N24" name="p26" srcActor="D0N14"/>
            <port dstActor="D0N40" name="p27" srcActor="D0N39"/>
            <port dstActor="D0N47" name="p28" srcActor="D0N39"/>
            <port dstActor="D0N30" name="p29" srcActor="D0N29"/>
            <port dstActor="D0N5" name="p30" srcActor="D0N2"/>
            <port dstActor="D0N30" name="p31" srcActor="D0N2"/>
            <port dstActor="D0N41" name="p32" srcActor="D0N19"/>
            <port dstActor="D0N48" name="p33" srcActor="D0N44"/>
            <port dstActor="D0N38" name="p34" srcActor="D0N4"/>
            <port dstActor="D0N23" name="p35" srcActor="D0N4"/>
            <port dstActor="D0N9" name="p36" srcActor="D0N4"/>
            <port dstActor="D0N28" name="p37" srcActor="D0N4"/>
            <port dstActor="D0N31" name="p38" srcActor="D0N4"/>
            <port dstActor="D0N7" name="p39" srcActor="D0N4"/>
            <port dstActor="D0N43" name="p40" srcActor="D0N6"/>
            <port dstActor="D0N31" name="p41" srcActor="D0N6"/>
            <port dstActor="D0N32" name="p42" srcActor="D0N21"/>
            <port dstActor="D0N28" name="p43" srcActor="D0N21"/>
            <port dstActor="D0N29" name="p44" srcActor="D0N20"/>
            <port dstActor="D0N44" name="p45" srcActor="D0N20"/>
            <port dstActor="D0N46" name="p46" srcActor="D0N20"/>
            <port dstActor="D0N26" name="p47" srcActor="D0N20"/>
            <port dstActor="D0N32" name="p48" srcActor="D0N20"/>
            <port dstActor="D0N27" name="p49" srcActor="D0N25"/>
            <port dstActor="D0N34" name="p50" srcActor="D0N25"/>
            <port dstActor="D0N46" name="p51" srcActor="D0N25"/>
            <port dstActor="D0N43" name="p52" srcActor="D0N17"/>
            <port dstActor="D0N42" name="p53" srcActor="D0N17"/>
            <port dstActor="D0N32" name="p54" srcActor="D0N17"/>
            <port dstActor="D0N37" name="p55" srcActor="D0N17"/>
            <port dstActor="D0N26" name="p56" srcActor="D0N17"/>
            <port dstActor="D0N43" name="p57" srcActor="D0N30"/>
            <port dstActor="D0N46" name="p58" srcActor="D0N26"/>
            <port dstActor="D0N41" name="p59" srcActor="D0N26"/>
            <port dstActor="D0N28" name="p60" srcActor="D0N26"/>
            <port dstActor="D0N48" name="p61" srcActor="D0N26"/>
            <port dstActor="D0N46" name="p62" srcActor="D0N41"/>
            <port dstActor="D0N37" name="p63" srcActor="D0N27"/>
            <port dstActor="D0N43" name="p64" srcActor="D0N27"/>
            <port dstActor="D0N29" name="p65" srcActor="D0N27"/>
            <port dstActor="D0N37" name="p66" srcActor="D0N5"/>
            <port dstActor="D0N42" name="p67" srcActor="D0N5"/>
            <port dstActor="D0N18" name="p68" srcActor="D0N5"/>
            <port dstActor="D0N35" name="p69" srcActor="D0N5"/>
            <port dstActor="D0N31" name="p70" srcActor="D0N10"/>
            <port dstActor="D0N28" name="p71" srcActor="D0N10"/>
            <port dstActor="D0N42" name="p72" srcActor="D0N10"/>
            <port dstActor="D0N32" name="p73" srcActor="D0N10"/>
            <port dstActor="D0N17" name="p74" srcActor="D0N11"/>
            <port dstActor="D0N29" name="p75" srcActor="D0N11"/>
            <port dstActor="D0N27" name="p76" srcActor="D0N11"/>
            <port dstActor="D0N24" name="p77" srcActor="D0N11"/>
            <port dstActor="D0N20" name="p78" srcActor="D0N11"/>
            <port dstActor="D0N21" name="p79" srcActor="D0N11"/>
            <port dstActor="D0N27" name="p80" srcActor="D0N24"/>
            <port dstActor="D0N40" name="p81" srcActor="D0N24"/>
            <port dstActor="D0N37" name="p82" srcActor="D0N34"/>
            <port dstActor="D0N9" name="p83" srcActor="D0N8"/>
            <port dstActor="D0N36" name="p84" srcActor="D0N8"/>
            <port dstActor="D0N20" name="p85" srcActor="D0N3"/>
            <port dstActor="D0N37" name="p86" srcActor="D0N35"/>
            <port dstActor="D0N41" name="p87" srcActor="D0N35"/>
            <port dstActor="D0N42" name="p88" srcActor="D0N35"/>
            <port dstActor="D0N15" name="p89" srcActor="D0N1"/>
            <port dstActor="D0N42" name="p90" srcActor="D0N1"/>
            <port dstActor="D0N13" name="p91" srcActor="D0N1"/>
            <port dstActor="D0N24" name="p92" srcActor="D0N1"/>
            <port dstActor="D0N28" name="p93" srcActor="D0N1"/>
            <port dstActor="D0N38" name="p94" srcActor="D0N1"/>
            <port dstActor="D0N38" name="p95" srcActor="D0N36"/>
            <port dstActor="D0N39" name="p96" srcActor="D0N36"/>
            <port dstActor="D0N47" name="p97" srcActor="D0N36"/>
            <port dstActor="D0N21" name="p98" srcActor="D0N12"/>
            <port dstActor="D0N30" name="p99" srcActor="D0N12"/>
            <port dstActor="D0N41" name="p100" srcActor="D0N12"/>
            <port dstActor="D0N45" name="p101" srcActor="D0N12"/>
            <port dstActor="D0N48" name="p102" srcActor="D0N45"/>
        </ports>
    </mcdag>
    <cores number="3"/>
    <levels number="2"/>
</mcsystem>
