<?xml version="1.0" encoding="UTF-8" standalone="no"?>
<mcsystem>
    <mcdag deadline="4000" name="genned-0-ed-10.0-0">
        <actor name="D0N47">
            <wcet number="0">20</wcet>
            <wcet number="1">350</wcet>
            <maxpow number="0.19853297061828917"/>
            <maxpow number="0.19853297061828917"/>
            <fprob>0.0</fprob>
        </actor>
        <actor name="D0N30">
            <wcet number="0">80</wcet>
            <wcet number="1">150</wcet>
            <maxpow number="0.5039799047194067"/>
            <maxpow number="0.5039799047194067"/>
            <fprob>0.0</fprob>
        </actor>
        <actor name="D0N9">
            <wcet number="0">260</wcet>
            <wcet number="1">350</wcet>
            <maxpow number="0.3960999298192936"/>
            <maxpow number="0.3960999298192936"/>
            <fprob>0.0</fprob>
        </actor>
        <actor name="D0N12">
            <wcet number="0">10</wcet>
            <wcet number="1">40</wcet>
            <maxpow number="0.7580185688288341"/>
            <maxpow number="0.7580185688288341"/>
            <fprob>0.0</fprob>
        </actor>
        <actor name="D0N10">
            <wcet number="0">80</wcet>
            <wcet number="1">300</wcet>
            <maxpow number="0.717992309625054"/>
            <maxpow number="0.717992309625054"/>
            <fprob>0.0</fprob>
        </actor>
        <actor name="D0N38">
            <wcet number="0">140</wcet>
            <wcet number="1">180</wcet>
            <maxpow number="0.7284579423435074"/>
            <maxpow number="0.7284579423435074"/>
            <fprob>0.0</fprob>
        </actor>
        <actor name="D0N4">
            <wcet number="0">170</wcet>
            <wcet number="1">260</wcet>
            <maxpow number="0.3447311943891448"/>
            <maxpow number="0.3447311943891448"/>
            <fprob>0.0</fprob>
        </actor>
        <actor name="D0N39">
            <wcet number="0">210</wcet>
            <wcet number="1">500</wcet>
            <maxpow number="0.642350029631715"/>
            <maxpow number="0.642350029631715"/>
            <fprob>0.0</fprob>
        </actor>
        <actor name="D0N21">
            <wcet number="0">20</wcet>
            <wcet number="1">280</wcet>
            <maxpow number="0.6591570627959276"/>
            <maxpow number="0.6591570627959276"/>
            <fprob>0.0</fprob>
        </actor>
        <actor name="D0N5">
            <wcet number="0">60</wcet>
            <wcet number="1">100</wcet>
            <maxpow number="0.3768022379429152"/>
            <maxpow number="0.3768022379429152"/>
            <fprob>0.0</fprob>
        </actor>
        <actor name="D0N35">
            <wcet number="0">10</wcet>
            <wcet number="1">60</wcet>
            <maxpow number="0.7753724016982548"/>
            <maxpow number="0.7753724016982548"/>
            <fprob>0.0</fprob>
        </actor>
        <actor name="D0N13">
            <wcet number="0">20</wcet>
            <wcet number="1">20</wcet>
            <maxpow number="0.3924507280974876"/>
            <maxpow number="0.3924507280974876"/>
            <fprob>0.0</fprob>
        </actor>
        <actor name="D0N14">
            <wcet number="0">10</wcet>
            <wcet number="1">60</wcet>
            <maxpow number="0.5386558955805347"/>
            <maxpow number="0.5386558955805347"/>
            <fprob>0.0</fprob>
        </actor>
        <actor name="D0N7">
            <wcet number="0">470</wcet>
            <wcet number="1">670</wcet>
            <maxpow number="0.5051934747709205"/>
            <maxpow number="0.5051934747709205"/>
            <fprob>0.0</fprob>
        </actor>
        <actor name="D0N37">
            <wcet number="0">190</wcet>
            <wcet number="1">220</wcet>
            <maxpow number="0.5336588159985894"/>
            <maxpow number="0.5336588159985894"/>
            <fprob>0.0</fprob>
        </actor>
        <actor name="D0N24">
            <wcet number="0">190</wcet>
            <wcet number="1">210</wcet>
            <maxpow number="0.4783999107830823"/>
            <maxpow number="0.4783999107830823"/>
            <fprob>0.0</fprob>
        </actor>
        <actor name="D0N29">
            <wcet number="0">10</wcet>
            <wcet number="1">50</wcet>
            <maxpow number="0.5848219680643699"/>
            <maxpow number="0.5848219680643699"/>
            <fprob>0.0</fprob>
        </actor>
        <actor name="D0N6">
            <wcet number="0">10</wcet>
            <wcet number="1">20</wcet>
            <maxpow number="0.6727950457230008"/>
            <maxpow number="0.6727950457230008"/>
            <fprob>0.0</fprob>
        </actor>
        <actor name="D0N49">
            <wcet number="0">30</wcet>
            <wcet number="1">90</wcet>
            <maxpow number="0.3140858090982582"/>
            <maxpow number="0.3140858090982582"/>
            <fprob>0.0</fprob>
        </actor>
        <actor name="D0N18">
            <wcet number="0">200</wcet>
            <wcet number="1">230</wcet>
            <maxpow number="0.28928161118512924"/>
            <maxpow number="0.28928161118512924"/>
            <fprob>0.0</fprob>
        </actor>
        <actor name="D0N44">
            <wcet number="0">190</wcet>
            <wcet number="1">250</wcet>
            <maxpow number="0.6828191706603342"/>
            <maxpow number="0.6828191706603342"/>
            <fprob>0.0</fprob>
        </actor>
        <actor name="D0N46">
            <wcet number="0">550</wcet>
            <wcet number="1">750</wcet>
            <maxpow number="0.6890277240764057"/>
            <maxpow number="0.6890277240764057"/>
            <fprob>0.0</fprob>
        </actor>
        <actor name="D0N19">
            <wcet number="0">450</wcet>
            <wcet number="1">470</wcet>
            <maxpow number="0.5395604881246073"/>
            <maxpow number="0.5395604881246073"/>
            <fprob>0.0</fprob>
        </actor>
        <actor name="D0N48">
            <wcet number="0">170</wcet>
            <wcet number="1">170</wcet>
            <maxpow number="0.4193919931401658"/>
            <maxpow number="0.4193919931401658"/>
            <fprob>0.0</fprob>
        </actor>
        <actor name="D0N22">
            <wcet number="0">100</wcet>
            <wcet number="1">200</wcet>
            <maxpow number="0.3519460060642967"/>
            <maxpow number="0.3519460060642967"/>
            <fprob>0.0</fprob>
        </actor>
        <actor name="D0N27">
            <wcet number="0">40</wcet>
            <wcet number="1">50</wcet>
            <maxpow number="0.7342551702802471"/>
            <maxpow number="0.7342551702802471"/>
            <fprob>0.0</fprob>
        </actor>
        <actor name="D0N3">
            <wcet number="0">290</wcet>
            <wcet number="1">470</wcet>
            <maxpow number="0.3995955312679814"/>
            <maxpow number="0.3995955312679814"/>
            <fprob>0.0</fprob>
        </actor>
        <actor name="D0N11">
            <wcet number="0">100</wcet>
            <wcet number="1">120</wcet>
            <maxpow number="0.5139207261588105"/>
            <maxpow number="0.5139207261588105"/>
            <fprob>0.0</fprob>
        </actor>
        <actor name="D0N40">
            <wcet number="0">10</wcet>
            <wcet number="1">30</wcet>
            <maxpow number="0.3109490517903902"/>
            <maxpow number="0.3109490517903902"/>
            <fprob>0.0</fprob>
        </actor>
        <actor name="D0N25">
            <wcet number="0">350</wcet>
            <wcet number="1">360</wcet>
            <maxpow number="0.6181038852209202"/>
            <maxpow number="0.6181038852209202"/>
            <fprob>0.0</fprob>
        </actor>
        <actor name="D0N16">
            <wcet number="0">320</wcet>
            <wcet number="1">440</wcet>
            <maxpow number="0.6946393058198369"/>
            <maxpow number="0.6946393058198369"/>
            <fprob>0.0</fprob>
        </actor>
        <actor name="D0N1">
            <wcet number="0">40</wcet>
            <wcet number="1">70</wcet>
            <maxpow number="0.6554845613732312"/>
            <maxpow number="0.6554845613732312"/>
            <fprob>0.0</fprob>
        </actor>
        <actor name="D0N20">
            <wcet number="0">10</wcet>
            <wcet number="1">190</wcet>
            <maxpow number="0.6824739545557108"/>
            <maxpow number="0.6824739545557108"/>
            <fprob>0.0</fprob>
        </actor>
        <actor name="D0N36">
            <wcet number="0">30</wcet>
            <wcet number="1">40</wcet>
            <maxpow number="0.5893182426273906"/>
            <maxpow number="0.5893182426273906"/>
            <fprob>0.0</fprob>
        </actor>
        <actor name="D0N32">
            <wcet number="0">240</wcet>
            <wcet number="1">260</wcet>
            <maxpow number="0.4145499130717575"/>
            <maxpow number="0.4145499130717575"/>
            <fprob>0.0</fprob>
        </actor>
        <actor name="D0N43">
            <wcet number="0">30</wcet>
            <wcet number="1">320</wcet>
            <maxpow number="0.5172896623691086"/>
            <maxpow number="0.5172896623691086"/>
            <fprob>0.0</fprob>
        </actor>
        <actor name="D0N2">
            <wcet number="0">120</wcet>
            <wcet number="1">600</wcet>
            <maxpow number="0.6013670115593005"/>
            <maxpow number="0.6013670115593005"/>
            <fprob>0.0</fprob>
        </actor>
        <actor name="D0N23">
            <wcet number="0">30</wcet>
            <wcet number="1">180</wcet>
            <maxpow number="0.6498593287557568"/>
            <maxpow number="0.6498593287557568"/>
            <fprob>0.0</fprob>
        </actor>
        <actor name="D0N33">
            <wcet number="0">300</wcet>
            <wcet number="1">480</wcet>
            <maxpow number="0.7567090706451791"/>
            <maxpow number="0.7567090706451791"/>
            <fprob>0.0</fprob>
        </actor>
        <actor name="D0N34">
            <wcet number="0">10</wcet>
            <wcet number="1">90</wcet>
            <maxpow number="0.5961078645119623"/>
            <maxpow number="0.5961078645119623"/>
            <fprob>0.0</fprob>
        </actor>
        <actor name="D0N0">
            <wcet number="0">80</wcet>
            <wcet number="1">90</wcet>
            <maxpow number="0.14586739455834496"/>
            <maxpow number="0.14586739455834496"/>
            <fprob>0.0</fprob>
        </actor>
        <actor name="D0N15">
            <wcet number="0">10</wcet>
            <wcet number="1">30</wcet>
            <maxpow number="0.5827291254596344"/>
            <maxpow number="0.5827291254596344"/>
            <fprob>0.0</fprob>
        </actor>
        <actor name="D0N28">
            <wcet number="0">10</wcet>
            <wcet number="1">10</wcet>
            <maxpow number="0.47903402895056724"/>
            <maxpow number="0.47903402895056724"/>
            <fprob>0.0</fprob>
        </actor>
        <actor name="D0N41">
            <wcet number="0">10</wcet>
            <wcet number="1">10</wcet>
            <maxpow number="0.7999237851389969"/>
            <maxpow number="0.7999237851389969"/>
            <fprob>0.0</fprob>
        </actor>
        <actor name="D0N31">
            <wcet number="0">30</wcet>
            <wcet number="1">290</wcet>
            <maxpow number="0.2708222723870006"/>
            <maxpow number="0.2708222723870006"/>
            <fprob>0.0</fprob>
        </actor>
        <actor name="D0N26">
            <wcet number="0">170</wcet>
            <wcet number="1">220</wcet>
            <maxpow number="0.5899800477896749"/>
            <maxpow number="0.5899800477896749"/>
            <fprob>0.0</fprob>
        </actor>
        <actor name="D0N42">
            <wcet number="0">250</wcet>
            <wcet number="1">340</wcet>
            <maxpow number="0.9863008981117016"/>
            <maxpow number="0.9863008981117016"/>
            <fprob>0.0</fprob>
        </actor>
        <actor name="D0N45">
            <wcet number="0">190</wcet>
            <wcet number="1">210</wcet>
            <maxpow number="0.4983698619324891"/>
            <maxpow number="0.4983698619324891"/>
            <fprob>0.0</fprob>
        </actor>
        <actor name="D0N17">
            <wcet number="0">90</wcet>
            <wcet number="1">300</wcet>
            <maxpow number="0.6180978175692959"/>
            <maxpow number="0.6180978175692959"/>
            <fprob>0.0</fprob>
        </actor>
        <actor name="D0N8">
            <wcet number="0">10</wcet>
            <wcet number="1">20</wcet>
            <maxpow number="0.5085546403381767"/>
            <maxpow number="0.5085546403381767"/>
            <fprob>0.0</fprob>
        </actor>
        <ports>
            <port dstActor="D0N49" name="p0" srcActor="D0N47"/>
            <port dstActor="D0N36" name="p1" srcActor="D0N30"/>
            <port dstActor="D0N34" name="p2" srcActor="D0N30"/>
            <port dstActor="D0N16" name="p3" srcActor="D0N9"/>
            <port dstActor="D0N13" name="p4" srcActor="D0N9"/>
            <port dstActor="D0N25" name="p5" srcActor="D0N9"/>
            <port dstActor="D0N40" name="p6" srcActor="D0N9"/>
            <port dstActor="D0N23" name="p7" srcActor="D0N12"/>
            <port dstActor="D0N28" name="p8" srcActor="D0N12"/>
            <port dstActor="D0N34" name="p9" srcActor="D0N10"/>
            <port dstActor="D0N17" name="p10" srcActor="D0N10"/>
            <port dstActor="D0N49" name="p11" srcActor="D0N10"/>
            <port dstActor="D0N46" name="p12" srcActor="D0N38"/>
            <port dstActor="D0N21" name="p13" srcActor="D0N4"/>
            <port dstActor="D0N9" name="p14" srcActor="D0N4"/>
            <port dstActor="D0N38" name="p15" srcActor="D0N21"/>
            <port dstActor="D0N31" name="p16" srcActor="D0N5"/>
            <port dstActor="D0N32" name="p17" srcActor="D0N5"/>
            <port dstActor="D0N25" name="p18" srcActor="D0N5"/>
            <port dstActor="D0N45" name="p19" srcActor="D0N5"/>
            <port dstActor="D0N48" name="p20" srcActor="D0N35"/>
            <port dstActor="D0N42" name="p21" srcActor="D0N13"/>
            <port dstActor="D0N21" name="p22" srcActor="D0N13"/>
            <port dstActor="D0N49" name="p23" srcActor="D0N13"/>
            <port dstActor="D0N29" name="p24" srcActor="D0N14"/>
            <port dstActor="D0N37" name="p25" srcActor="D0N14"/>
            <port dstActor="D0N26" name="p26" srcActor="D0N14"/>
            <port dstActor="D0N42" name="p27" srcActor="D0N7"/>
            <port dstActor="D0N44" name="p28" srcActor="D0N7"/>
            <port dstActor="D0N28" name="p29" srcActor="D0N7"/>
            <port dstActor="D0N13" name="p30" srcActor="D0N7"/>
            <port dstActor="D0N41" name="p31" srcActor="D0N37"/>
            <port dstActor="D0N38" name="p32" srcActor="D0N37"/>
            <port dstActor="D0N40" name="p33" srcActor="D0N24"/>
            <port dstActor="D0N30" name="p34" srcActor="D0N24"/>
            <port dstActor="D0N43" name="p35" srcActor="D0N6"/>
            <port dstActor="D0N9" name="p36" srcActor="D0N6"/>
            <port dstActor="D0N31" name="p37" srcActor="D0N6"/>
            <port dstActor="D0N32" name="p38" srcActor="D0N6"/>
            <port dstActor="D0N22" name="p39" srcActor="D0N18"/>
            <port dstActor="D0N26" name="p40" srcActor="D0N18"/>
            <port dstActor="D0N36" name="p41" srcActor="D0N18"/>
            <port dstActor="D0N30" name="p42" srcActor="D0N19"/>
            <port dstActor="D0N47" name="p43" srcActor="D0N22"/>
            <port dstActor="D0N23" name="p44" srcActor="D0N22"/>
            <port dstActor="D0N38" name="p45" srcActor="D0N22"/>
            <port dstActor="D0N46" name="p46" srcActor="D0N22"/>
            <port dstActor="D0N26" name="p47" srcActor="D0N22"/>
            <port dstActor="D0N40" name="p48" srcActor="D0N22"/>
            <port dstActor="D0N36" name="p49" srcActor="D0N22"/>
            <port dstActor="D0N24" name="p50" srcActor="D0N22"/>
            <port dstActor="D0N39" name="p51" srcActor="D0N27"/>
            <port dstActor="D0N33" name="p52" srcActor="D0N27"/>
            <port dstActor="D0N42" name="p53" srcActor="D0N27"/>
            <port dstActor="D0N38" name="p54" srcActor="D0N3"/>
            <port dstActor="D0N27" name="p55" srcActor="D0N3"/>
            <port dstActor="D0N12" name="p56" srcActor="D0N11"/>
            <port dstActor="D0N36" name="p57" srcActor="D0N11"/>
            <port dstActor="D0N43" name="p58" srcActor="D0N40"/>
            <port dstActor="D0N45" name="p59" srcActor="D0N40"/>
            <port dstActor="D0N44" name="p60" srcActor="D0N25"/>
            <port dstActor="D0N45" name="p61" srcActor="D0N25"/>
            <port dstActor="D0N35" name="p62" srcActor="D0N25"/>
            <port dstActor="D0N19" name="p63" srcActor="D0N16"/>
            <port dstActor="D0N48" name="p64" srcActor="D0N16"/>
            <port dstActor="D0N11" name="p65" srcActor="D0N1"/>
            <port dstActor="D0N24" name="p66" srcActor="D0N1"/>
            <port dstActor="D0N45" name="p67" srcActor="D0N1"/>
            <port dstActor="D0N31" name="p68" srcActor="D0N1"/>
            <port dstActor="D0N4" name="p69" srcActor="D0N1"/>
            <port dstActor="D0N35" name="p70" srcActor="D0N1"/>
            <port dstActor="D0N42" name="p71" srcActor="D0N20"/>
            <port dstActor="D0N49" name="p72" srcActor="D0N20"/>
            <port dstActor="D0N25" name="p73" srcActor="D0N20"/>
            <port dstActor="D0N30" name="p74" srcActor="D0N20"/>
            <port dstActor="D0N42" name="p75" srcActor="D0N36"/>
            <port dstActor="D0N41" name="p76" srcActor="D0N36"/>
            <port dstActor="D0N48" name="p77" srcActor="D0N36"/>
            <port dstActor="D0N44" name="p78" srcActor="D0N32"/>
            <port dstActor="D0N22" name="p79" srcActor="D0N2"/>
            <port dstActor="D0N34" name="p80" srcActor="D0N2"/>
            <port dstActor="D0N33" name="p81" srcActor="D0N2"/>
            <port dstActor="D0N48" name="p82" srcActor="D0N23"/>
            <port dstActor="D0N40" name="p83" srcActor="D0N23"/>
            <port dstActor="D0N26" name="p84" srcActor="D0N23"/>
            <port dstActor="D0N46" name="p85" srcActor="D0N23"/>
            <port dstActor="D0N35" name="p86" srcActor="D0N33"/>
            <port dstActor="D0N44" name="p87" srcActor="D0N34"/>
            <port dstActor="D0N4" name="p88" srcActor="D0N0"/>
            <port dstActor="D0N7" name="p89" srcActor="D0N0"/>
            <port dstActor="D0N11" name="p90" srcActor="D0N0"/>
            <port dstActor="D0N35" name="p91" srcActor="D0N0"/>
            <port dstActor="D0N26" name="p92" srcActor="D0N0"/>
            <port dstActor="D0N41" name="p93" srcActor="D0N0"/>
            <port dstActor="D0N35" name="p94" srcActor="D0N15"/>
            <port dstActor="D0N44" name="p95" srcActor="D0N15"/>
            <port dstActor="D0N16" name="p96" srcActor="D0N15"/>
            <port dstActor="D0N38" name="p97" srcActor="D0N15"/>
            <port dstActor="D0N21" name="p98" srcActor="D0N15"/>
            <port dstActor="D0N20" name="p99" srcActor="D0N15"/>
            <port dstActor="D0N32" name="p100" srcActor="D0N15"/>
            <port dstActor="D0N49" name="p101" srcActor="D0N28"/>
            <port dstActor="D0N40" name="p102" srcActor="D0N28"/>
            <port dstActor="D0N49" name="p103" srcActor="D0N41"/>
            <port dstActor="D0N42" name="p104" srcActor="D0N31"/>
            <port dstActor="D0N45" name="p105" srcActor="D0N26"/>
            <port dstActor="D0N39" name="p106" srcActor="D0N26"/>
            <port dstActor="D0N28" name="p107" srcActor="D0N26"/>
            <port dstActor="D0N44" name="p108" srcActor="D0N42"/>
            <port dstActor="D0N48" name="p109" srcActor="D0N17"/>
            <port dstActor="D0N21" name="p110" srcActor="D0N17"/>
            <port dstActor="D0N24" name="p111" srcActor="D0N17"/>
            <port dstActor="D0N18" name="p112" srcActor="D0N17"/>
            <port dstActor="D0N33" name="p113" srcActor="D0N17"/>
            <port dstActor="D0N29" name="p114" srcActor="D0N8"/>
            <port dstActor="D0N48" name="p115" srcActor="D0N8"/>
            <port dstActor="D0N17" name="p116" srcActor="D0N8"/>
            <port dstActor="D0N25" name="p117" srcActor="D0N8"/>
            <port dstActor="D0N26" name="p118" srcActor="D0N8"/>
        </ports>
    </mcdag>
    <cores number="3"/>
    <levels number="2"/>
</mcsystem>
