<?xml version="1.0" encoding="UTF-8" standalone="no"?>
<mcsystem>
    <mcdag deadline="1500" name="genned-0-ed-10.0-0">
        <actor name="D0N15">
            <wcet number="0">10</wcet>
            <wcet number="1">20</wcet>
            <maxpow number="0.46148968259892287"/>
            <maxpow number="0.46148968259892287"/>
            <fprob>0.0</fprob>
        </actor>
        <actor name="D0N37">
            <wcet number="0">10</wcet>
            <wcet number="1">80</wcet>
            <maxpow number="0.7699204405936947"/>
            <maxpow number="0.7699204405936947"/>
            <fprob>0.0</fprob>
        </actor>
        <actor name="D0N7">
            <wcet number="0">10</wcet>
            <wcet number="1">10</wcet>
            <maxpow number="0.8197711983579752"/>
            <maxpow number="0.8197711983579752"/>
            <fprob>0.0</fprob>
        </actor>
        <actor name="D0N5">
            <wcet number="0">10</wcet>
            <wcet number="1">10</wcet>
            <maxpow number="0.5419686669509786"/>
            <maxpow number="0.5419686669509786"/>
            <fprob>0.0</fprob>
        </actor>
        <actor name="D0N27">
            <wcet number="0">60</wcet>
            <wcet number="1">170</wcet>
            <maxpow number="0.4992727840112156"/>
            <maxpow number="0.4992727840112156"/>
            <fprob>0.0</fprob>
        </actor>
        <actor name="D0N4">
            <wcet number="0">10</wcet>
            <wcet number="1">10</wcet>
            <maxpow number="0.6560751268966081"/>
            <maxpow number="0.6560751268966081"/>
            <fprob>0.0</fprob>
        </actor>
        <actor name="D0N1">
            <wcet number="0">50</wcet>
            <wcet number="1">170</wcet>
            <maxpow number="0.657591998709248"/>
            <maxpow number="0.657591998709248"/>
            <fprob>0.0</fprob>
        </actor>
        <actor name="D0N33">
            <wcet number="0">10</wcet>
            <wcet number="1">90</wcet>
            <maxpow number="0.6628054481502387"/>
            <maxpow number="0.6628054481502387"/>
            <fprob>0.0</fprob>
        </actor>
        <actor name="D0N6">
            <wcet number="0">10</wcet>
            <wcet number="1">20</wcet>
            <maxpow number="0.36986206054890447"/>
            <maxpow number="0.36986206054890447"/>
            <fprob>0.0</fprob>
        </actor>
        <actor name="D0N16">
            <wcet number="0">50</wcet>
            <wcet number="1">50</wcet>
            <maxpow number="0.5817172243629385"/>
            <maxpow number="0.5817172243629385"/>
            <fprob>0.0</fprob>
        </actor>
        <actor name="D0N25">
            <wcet number="0">20</wcet>
            <wcet number="1">50</wcet>
            <maxpow number="0.7541372061183851"/>
            <maxpow number="0.7541372061183851"/>
            <fprob>0.0</fprob>
        </actor>
        <actor name="D0N12">
            <wcet number="0">10</wcet>
            <wcet number="1">40</wcet>
            <maxpow number="0.4879483673780419"/>
            <maxpow number="0.4879483673780419"/>
            <fprob>0.0</fprob>
        </actor>
        <actor name="D0N40">
            <wcet number="0">80</wcet>
            <wcet number="1">80</wcet>
            <maxpow number="0.5802564035691835"/>
            <maxpow number="0.5802564035691835"/>
            <fprob>0.0</fprob>
        </actor>
        <actor name="D0N13">
            <wcet number="0">250</wcet>
            <wcet number="1">400</wcet>
            <maxpow number="0.39400506940253455"/>
            <maxpow number="0.39400506940253455"/>
            <fprob>0.0</fprob>
        </actor>
        <actor name="D0N36">
            <wcet number="0">10</wcet>
            <wcet number="1">20</wcet>
            <maxpow number="0.3400806117395599"/>
            <maxpow number="0.3400806117395599"/>
            <fprob>0.0</fprob>
        </actor>
        <actor name="D0N9">
            <wcet number="0">10</wcet>
            <wcet number="1">10</wcet>
            <maxpow number="0.5109571939778529"/>
            <maxpow number="0.5109571939778529"/>
            <fprob>0.0</fprob>
        </actor>
        <actor name="D0N32">
            <wcet number="0">30</wcet>
            <wcet number="1">30</wcet>
            <maxpow number="0.6568860999678696"/>
            <maxpow number="0.6568860999678696"/>
            <fprob>0.0</fprob>
        </actor>
        <actor name="D0N31">
            <wcet number="0">10</wcet>
            <wcet number="1">10</wcet>
            <maxpow number="0.8222361048459608"/>
            <maxpow number="0.8222361048459608"/>
            <fprob>0.0</fprob>
        </actor>
        <actor name="D0N39">
            <wcet number="0">10</wcet>
            <wcet number="1">10</wcet>
            <maxpow number="0.5583976630398253"/>
            <maxpow number="0.5583976630398253"/>
            <fprob>0.0</fprob>
        </actor>
        <actor name="D0N11">
            <wcet number="0">90</wcet>
            <wcet number="1">190</wcet>
            <maxpow number="0.5414234204267054"/>
            <maxpow number="0.5414234204267054"/>
            <fprob>0.0</fprob>
        </actor>
        <actor name="D0N8">
            <wcet number="0">10</wcet>
            <wcet number="1">10</wcet>
            <maxpow number="0.7364737133241275"/>
            <maxpow number="0.7364737133241275"/>
            <fprob>0.0</fprob>
        </actor>
        <actor name="D0N17">
            <wcet number="0">60</wcet>
            <wcet number="1">60</wcet>
            <maxpow number="0.6714195795380982"/>
            <maxpow number="0.6714195795380982"/>
            <fprob>0.0</fprob>
        </actor>
        <actor name="D0N44">
            <wcet number="0">40</wcet>
            <wcet number="1">60</wcet>
            <maxpow number="0.4215460274127158"/>
            <maxpow number="0.4215460274127158"/>
            <fprob>0.0</fprob>
        </actor>
        <actor name="D0N3">
            <wcet number="0">20</wcet>
            <wcet number="1">80</wcet>
            <maxpow number="0.5216981354073298"/>
            <maxpow number="0.5216981354073298"/>
            <fprob>0.0</fprob>
        </actor>
        <actor name="D0N20">
            <wcet number="0">10</wcet>
            <wcet number="1">10</wcet>
            <maxpow number="0.19134368680881586"/>
            <maxpow number="0.19134368680881586"/>
            <fprob>0.0</fprob>
        </actor>
        <actor name="D0N35">
            <wcet number="0">20</wcet>
            <wcet number="1">30</wcet>
            <maxpow number="0.7803569305843905"/>
            <maxpow number="0.7803569305843905"/>
            <fprob>0.0</fprob>
        </actor>
        <actor name="D0N43">
            <wcet number="0">40</wcet>
            <wcet number="1">100</wcet>
            <maxpow number="0.15519519424540884"/>
            <maxpow number="0.15519519424540884"/>
            <fprob>0.0</fprob>
        </actor>
        <actor name="D0N23">
            <wcet number="0">40</wcet>
            <wcet number="1">170</wcet>
            <maxpow number="0.5847762409476553"/>
            <maxpow number="0.5847762409476553"/>
            <fprob>0.0</fprob>
        </actor>
        <actor name="D0N34">
            <wcet number="0">30</wcet>
            <wcet number="1">40</wcet>
            <maxpow number="0.5869283498268009"/>
            <maxpow number="0.5869283498268009"/>
            <fprob>0.0</fprob>
        </actor>
        <actor name="D0N14">
            <wcet number="0">280</wcet>
            <wcet number="1">300</wcet>
            <maxpow number="0.5243498459867173"/>
            <maxpow number="0.5243498459867173"/>
            <fprob>0.0</fprob>
        </actor>
        <actor name="D0N42">
            <wcet number="0">10</wcet>
            <wcet number="1">100</wcet>
            <maxpow number="0.6745973333002646"/>
            <maxpow number="0.6745973333002646"/>
            <fprob>0.0</fprob>
        </actor>
        <actor name="D0N38">
            <wcet number="0">60</wcet>
            <wcet number="1">70</wcet>
            <maxpow number="0.49492219877831406"/>
            <maxpow number="0.49492219877831406"/>
            <fprob>0.0</fprob>
        </actor>
        <actor name="D0N2">
            <wcet number="0">10</wcet>
            <wcet number="1">60</wcet>
            <maxpow number="0.5420759128153936"/>
            <maxpow number="0.5420759128153936"/>
            <fprob>0.0</fprob>
        </actor>
        <actor name="D0N0">
            <wcet number="0">40</wcet>
            <wcet number="1">40</wcet>
            <maxpow number="0.4548834845379781"/>
            <maxpow number="0.4548834845379781"/>
            <fprob>0.0</fprob>
        </actor>
        <actor name="D0N28">
            <wcet number="0">10</wcet>
            <wcet number="1">10</wcet>
            <maxpow number="0.5596800873870541"/>
            <maxpow number="0.5596800873870541"/>
            <fprob>0.0</fprob>
        </actor>
        <actor name="D0N26">
            <wcet number="0">20</wcet>
            <wcet number="1">20</wcet>
            <maxpow number="0.3159193885289341"/>
            <maxpow number="0.3159193885289341"/>
            <fprob>0.0</fprob>
        </actor>
        <actor name="D0N45">
            <wcet number="0">10</wcet>
            <wcet number="1">80</wcet>
            <maxpow number="0.21384442597861458"/>
            <maxpow number="0.21384442597861458"/>
            <fprob>0.0</fprob>
        </actor>
        <actor name="D0N10">
            <wcet number="0">40</wcet>
            <wcet number="1">60</wcet>
            <maxpow number="0.24780001241927813"/>
            <maxpow number="0.24780001241927813"/>
            <fprob>0.0</fprob>
        </actor>
        <actor name="D0N24">
            <wcet number="0">40</wcet>
            <wcet number="1">50</wcet>
            <maxpow number="0.641724355931887"/>
            <maxpow number="0.641724355931887"/>
            <fprob>0.0</fprob>
        </actor>
        <actor name="D0N29">
            <wcet number="0">30</wcet>
            <wcet number="1">40</wcet>
            <maxpow number="0.6282520956115636"/>
            <maxpow number="0.6282520956115636"/>
            <fprob>0.0</fprob>
        </actor>
        <actor name="D0N22">
            <wcet number="0">10</wcet>
            <wcet number="1">10</wcet>
            <maxpow number="0.7835255243517825"/>
            <maxpow number="0.7835255243517825"/>
            <fprob>0.0</fprob>
        </actor>
        <actor name="D0N18">
            <wcet number="0">10</wcet>
            <wcet number="1">10</wcet>
            <maxpow number="0.6096377321133"/>
            <maxpow number="0.6096377321133"/>
            <fprob>0.0</fprob>
        </actor>
        <actor name="D0N21">
            <wcet number="0">260</wcet>
            <wcet number="1">310</wcet>
            <maxpow number="0.719931487440149"/>
            <maxpow number="0.719931487440149"/>
            <fprob>0.0</fprob>
        </actor>
        <actor name="D0N19">
            <wcet number="0">20</wcet>
            <wcet number="1">40</wcet>
            <maxpow number="0.4053762922065738"/>
            <maxpow number="0.4053762922065738"/>
            <fprob>0.0</fprob>
        </actor>
        <actor name="D0N30">
            <wcet number="0">60</wcet>
            <wcet number="1">60</wcet>
            <maxpow number="0.5454064695892045"/>
            <maxpow number="0.5454064695892045"/>
            <fprob>0.0</fprob>
        </actor>
        <actor name="D0N41">
            <wcet number="0">10</wcet>
            <wcet number="1">10</wcet>
            <maxpow number="0.4633026609592899"/>
            <maxpow number="0.4633026609592899"/>
            <fprob>0.0</fprob>
        </actor>
        <ports>
            <port dstActor="D0N27" name="p0" srcActor="D0N15"/>
            <port dstActor="D0N36" name="p1" srcActor="D0N15"/>
            <port dstActor="D0N43" name="p2" srcActor="D0N15"/>
            <port dstActor="D0N38" name="p3" srcActor="D0N15"/>
            <port dstActor="D0N9" name="p4" srcActor="D0N7"/>
            <port dstActor="D0N20" name="p5" srcActor="D0N7"/>
            <port dstActor="D0N24" name="p6" srcActor="D0N7"/>
            <port dstActor="D0N35" name="p7" srcActor="D0N7"/>
            <port dstActor="D0N40" name="p8" srcActor="D0N7"/>
            <port dstActor="D0N15" name="p9" srcActor="D0N5"/>
            <port dstActor="D0N40" name="p10" srcActor="D0N5"/>
            <port dstActor="D0N20" name="p11" srcActor="D0N5"/>
            <port dstActor="D0N41" name="p12" srcActor="D0N5"/>
            <port dstActor="D0N7" name="p13" srcActor="D0N5"/>
            <port dstActor="D0N37" name="p14" srcActor="D0N27"/>
            <port dstActor="D0N45" name="p15" srcActor="D0N27"/>
            <port dstActor="D0N39" name="p16" srcActor="D0N27"/>
            <port dstActor="D0N34" name="p17" srcActor="D0N27"/>
            <port dstActor="D0N30" name="p18" srcActor="D0N27"/>
            <port dstActor="D0N27" name="p19" srcActor="D0N4"/>
            <port dstActor="D0N21" name="p20" srcActor="D0N4"/>
            <port dstActor="D0N5" name="p21" srcActor="D0N4"/>
            <port dstActor="D0N7" name="p22" srcActor="D0N4"/>
            <port dstActor="D0N12" name="p23" srcActor="D0N4"/>
            <port dstActor="D0N22" name="p24" srcActor="D0N4"/>
            <port dstActor="D0N35" name="p25" srcActor="D0N4"/>
            <port dstActor="D0N23" name="p26" srcActor="D0N1"/>
            <port dstActor="D0N39" name="p27" srcActor="D0N1"/>
            <port dstActor="D0N3" name="p28" srcActor="D0N1"/>
            <port dstActor="D0N33" name="p29" srcActor="D0N1"/>
            <port dstActor="D0N5" name="p30" srcActor="D0N1"/>
            <port dstActor="D0N38" name="p31" srcActor="D0N33"/>
            <port dstActor="D0N29" name="p32" srcActor="D0N16"/>
            <port dstActor="D0N26" name="p33" srcActor="D0N16"/>
            <port dstActor="D0N30" name="p34" srcActor="D0N25"/>
            <port dstActor="D0N43" name="p35" srcActor="D0N25"/>
            <port dstActor="D0N37" name="p36" srcActor="D0N25"/>
            <port dstActor="D0N32" name="p37" srcActor="D0N25"/>
            <port dstActor="D0N31" name="p38" srcActor="D0N12"/>
            <port dstActor="D0N14" name="p39" srcActor="D0N12"/>
            <port dstActor="D0N16" name="p40" srcActor="D0N12"/>
            <port dstActor="D0N43" name="p41" srcActor="D0N12"/>
            <port dstActor="D0N28" name="p42" srcActor="D0N12"/>
            <port dstActor="D0N42" name="p43" srcActor="D0N40"/>
            <port dstActor="D0N38" name="p44" srcActor="D0N13"/>
            <port dstActor="D0N31" name="p45" srcActor="D0N13"/>
            <port dstActor="D0N23" name="p46" srcActor="D0N13"/>
            <port dstActor="D0N21" name="p47" srcActor="D0N13"/>
            <port dstActor="D0N29" name="p48" srcActor="D0N13"/>
            <port dstActor="D0N40" name="p49" srcActor="D0N9"/>
            <port dstActor="D0N24" name="p50" srcActor="D0N9"/>
            <port dstActor="D0N30" name="p51" srcActor="D0N9"/>
            <port dstActor="D0N29" name="p52" srcActor="D0N9"/>
            <port dstActor="D0N44" name="p53" srcActor="D0N9"/>
            <port dstActor="D0N35" name="p54" srcActor="D0N32"/>
            <port dstActor="D0N38" name="p55" srcActor="D0N31"/>
            <port dstActor="D0N41" name="p56" srcActor="D0N39"/>
            <port dstActor="D0N44" name="p57" srcActor="D0N39"/>
            <port dstActor="D0N36" name="p58" srcActor="D0N11"/>
            <port dstActor="D0N25" name="p59" srcActor="D0N11"/>
            <port dstActor="D0N13" name="p60" srcActor="D0N11"/>
            <port dstActor="D0N38" name="p61" srcActor="D0N8"/>
            <port dstActor="D0N45" name="p62" srcActor="D0N17"/>
            <port dstActor="D0N18" name="p63" srcActor="D0N17"/>
            <port dstActor="D0N20" name="p64" srcActor="D0N17"/>
            <port dstActor="D0N39" name="p65" srcActor="D0N17"/>
            <port dstActor="D0N27" name="p66" srcActor="D0N17"/>
            <port dstActor="D0N29" name="p67" srcActor="D0N17"/>
            <port dstActor="D0N30" name="p68" srcActor="D0N3"/>
            <port dstActor="D0N8" name="p69" srcActor="D0N3"/>
            <port dstActor="D0N33" name="p70" srcActor="D0N3"/>
            <port dstActor="D0N40" name="p71" srcActor="D0N3"/>
            <port dstActor="D0N29" name="p72" srcActor="D0N20"/>
            <port dstActor="D0N31" name="p73" srcActor="D0N20"/>
            <port dstActor="D0N38" name="p74" srcActor="D0N35"/>
            <port dstActor="D0N34" name="p75" srcActor="D0N23"/>
            <port dstActor="D0N30" name="p76" srcActor="D0N14"/>
            <port dstActor="D0N37" name="p77" srcActor="D0N14"/>
            <port dstActor="D0N36" name="p78" srcActor="D0N14"/>
            <port dstActor="D0N45" name="p79" srcActor="D0N42"/>
            <port dstActor="D0N44" name="p80" srcActor="D0N42"/>
            <port dstActor="D0N9" name="p81" srcActor="D0N2"/>
            <port dstActor="D0N22" name="p82" srcActor="D0N2"/>
            <port dstActor="D0N43" name="p83" srcActor="D0N2"/>
            <port dstActor="D0N44" name="p84" srcActor="D0N2"/>
            <port dstActor="D0N36" name="p85" srcActor="D0N0"/>
            <port dstActor="D0N23" name="p86" srcActor="D0N0"/>
            <port dstActor="D0N10" name="p87" srcActor="D0N0"/>
            <port dstActor="D0N9" name="p88" srcActor="D0N0"/>
            <port dstActor="D0N37" name="p89" srcActor="D0N0"/>
            <port dstActor="D0N15" name="p90" srcActor="D0N0"/>
            <port dstActor="D0N19" name="p91" srcActor="D0N0"/>
            <port dstActor="D0N40" name="p92" srcActor="D0N28"/>
            <port dstActor="D0N35" name="p93" srcActor="D0N28"/>
            <port dstActor="D0N37" name="p94" srcActor="D0N28"/>
            <port dstActor="D0N39" name="p95" srcActor="D0N26"/>
            <port dstActor="D0N19" name="p96" srcActor="D0N10"/>
            <port dstActor="D0N33" name="p97" srcActor="D0N10"/>
            <port dstActor="D0N35" name="p98" srcActor="D0N10"/>
            <port dstActor="D0N39" name="p99" srcActor="D0N10"/>
            <port dstActor="D0N43" name="p100" srcActor="D0N24"/>
            <port dstActor="D0N29" name="p101" srcActor="D0N24"/>
            <port dstActor="D0N37" name="p102" srcActor="D0N24"/>
            <port dstActor="D0N39" name="p103" srcActor="D0N29"/>
            <port dstActor="D0N34" name="p104" srcActor="D0N22"/>
            <port dstActor="D0N25" name="p105" srcActor="D0N22"/>
            <port dstActor="D0N40" name="p106" srcActor="D0N18"/>
            <port dstActor="D0N36" name="p107" srcActor="D0N18"/>
            <port dstActor="D0N33" name="p108" srcActor="D0N18"/>
            <port dstActor="D0N37" name="p109" srcActor="D0N18"/>
            <port dstActor="D0N36" name="p110" srcActor="D0N21"/>
            <port dstActor="D0N43" name="p111" srcActor="D0N21"/>
            <port dstActor="D0N45" name="p112" srcActor="D0N19"/>
            <port dstActor="D0N32" name="p113" srcActor="D0N19"/>
            <port dstActor="D0N32" name="p114" srcActor="D0N30"/>
            <port dstActor="D0N35" name="p115" srcActor="D0N30"/>
            <port dstActor="D0N42" name="p116" srcActor="D0N41"/>
        </ports>
    </mcdag>
    <cores number="3"/>
    <levels number="2"/>
</mcsystem>
