<?xml version="1.0" encoding="UTF-8" standalone="no"?>
<mcsystem>
    <mcdag deadline="2200" name="genned-0-ed-10.0-0">
        <actor name="D0N0">
            <wcet number="0">10</wcet>
            <wcet number="1">10</wcet>
            <maxpow number="0.526189531421574"/>
            <maxpow number="0.526189531421574"/>
            <fprob>0.0</fprob>
        </actor>
        <actor name="D0N22">
            <wcet number="0">40</wcet>
            <wcet number="1">140</wcet>
            <maxpow number="0.3918329635844412"/>
            <maxpow number="0.3918329635844412"/>
            <fprob>0.0</fprob>
        </actor>
        <actor name="D0N5">
            <wcet number="0">20</wcet>
            <wcet number="1">30</wcet>
            <maxpow number="0.7497263723002607"/>
            <maxpow number="0.7497263723002607"/>
            <fprob>0.0</fprob>
        </actor>
        <actor name="D0N36">
            <wcet number="0">80</wcet>
            <wcet number="1">110</wcet>
            <maxpow number="0.7373421673687637"/>
            <maxpow number="0.7373421673687637"/>
            <fprob>0.0</fprob>
        </actor>
        <actor name="D0N39">
            <wcet number="0">310</wcet>
            <wcet number="1">420</wcet>
            <maxpow number="0.3695830206934178"/>
            <maxpow number="0.3695830206934178"/>
            <fprob>0.0</fprob>
        </actor>
        <actor name="D0N10">
            <wcet number="0">110</wcet>
            <wcet number="1">110</wcet>
            <maxpow number="0.8396262703908388"/>
            <maxpow number="0.8396262703908388"/>
            <fprob>0.0</fprob>
        </actor>
        <actor name="D0N2">
            <wcet number="0">10</wcet>
            <wcet number="1">210</wcet>
            <maxpow number="0.6375748477690542"/>
            <maxpow number="0.6375748477690542"/>
            <fprob>0.0</fprob>
        </actor>
        <actor name="D0N20">
            <wcet number="0">80</wcet>
            <wcet number="1">170</wcet>
            <maxpow number="0.7975652489582773"/>
            <maxpow number="0.7975652489582773"/>
            <fprob>0.0</fprob>
        </actor>
        <actor name="D0N8">
            <wcet number="0">60</wcet>
            <wcet number="1">80</wcet>
            <maxpow number="0.7403093326229452"/>
            <maxpow number="0.7403093326229452"/>
            <fprob>0.0</fprob>
        </actor>
        <actor name="D0N43">
            <wcet number="0">10</wcet>
            <wcet number="1">100</wcet>
            <maxpow number="0.534306879944763"/>
            <maxpow number="0.534306879944763"/>
            <fprob>0.0</fprob>
        </actor>
        <actor name="D0N31">
            <wcet number="0">60</wcet>
            <wcet number="1">210</wcet>
            <maxpow number="0.4980826149528327"/>
            <maxpow number="0.4980826149528327"/>
            <fprob>0.0</fprob>
        </actor>
        <actor name="D0N32">
            <wcet number="0">10</wcet>
            <wcet number="1">190</wcet>
            <maxpow number="0.6137878021969562"/>
            <maxpow number="0.6137878021969562"/>
            <fprob>0.0</fprob>
        </actor>
        <actor name="D0N18">
            <wcet number="0">30</wcet>
            <wcet number="1">30</wcet>
            <maxpow number="0.3469095879932522"/>
            <maxpow number="0.3469095879932522"/>
            <fprob>0.0</fprob>
        </actor>
        <actor name="D0N17">
            <wcet number="0">10</wcet>
            <wcet number="1">30</wcet>
            <maxpow number="0.4091849551857399"/>
            <maxpow number="0.4091849551857399"/>
            <fprob>0.0</fprob>
        </actor>
        <actor name="D0N6">
            <wcet number="0">70</wcet>
            <wcet number="1">210</wcet>
            <maxpow number="0.6385723769687596"/>
            <maxpow number="0.6385723769687596"/>
            <fprob>0.0</fprob>
        </actor>
        <actor name="D0N46">
            <wcet number="0">10</wcet>
            <wcet number="1">20</wcet>
            <maxpow number="0.43187308305352506"/>
            <maxpow number="0.43187308305352506"/>
            <fprob>0.0</fprob>
        </actor>
        <actor name="D0N24">
            <wcet number="0">10</wcet>
            <wcet number="1">10</wcet>
            <maxpow number="0.3795382842971"/>
            <maxpow number="0.3795382842971"/>
            <fprob>0.0</fprob>
        </actor>
        <actor name="D0N16">
            <wcet number="0">40</wcet>
            <wcet number="1">90</wcet>
            <maxpow number="0.42187994226994735"/>
            <maxpow number="0.42187994226994735"/>
            <fprob>0.0</fprob>
        </actor>
        <actor name="D0N12">
            <wcet number="0">320</wcet>
            <wcet number="1">630</wcet>
            <maxpow number="0.9586435123930506"/>
            <maxpow number="0.9586435123930506"/>
            <fprob>0.0</fprob>
        </actor>
        <actor name="D0N23">
            <wcet number="0">300</wcet>
            <wcet number="1">300</wcet>
            <maxpow number="0.3026127234633569"/>
            <maxpow number="0.3026127234633569"/>
            <fprob>0.0</fprob>
        </actor>
        <actor name="D0N44">
            <wcet number="0">330</wcet>
            <wcet number="1">360</wcet>
            <maxpow number="0.4549602258552215"/>
            <maxpow number="0.4549602258552215"/>
            <fprob>0.0</fprob>
        </actor>
        <actor name="D0N25">
            <wcet number="0">20</wcet>
            <wcet number="1">30</wcet>
            <maxpow number="0.6749099489581885"/>
            <maxpow number="0.6749099489581885"/>
            <fprob>0.0</fprob>
        </actor>
        <actor name="D0N35">
            <wcet number="0">40</wcet>
            <wcet number="1">50</wcet>
            <maxpow number="0.4638502526609807"/>
            <maxpow number="0.4638502526609807"/>
            <fprob>0.0</fprob>
        </actor>
        <actor name="D0N48">
            <wcet number="0">280</wcet>
            <wcet number="1">440</wcet>
            <maxpow number="0.30909450676369105"/>
            <maxpow number="0.30909450676369105"/>
            <fprob>0.0</fprob>
        </actor>
        <actor name="D0N4">
            <wcet number="0">90</wcet>
            <wcet number="1">190</wcet>
            <maxpow number="0.3215654718165218"/>
            <maxpow number="0.3215654718165218"/>
            <fprob>0.0</fprob>
        </actor>
        <actor name="D0N26">
            <wcet number="0">40</wcet>
            <wcet number="1">90</wcet>
            <maxpow number="0.602255519016114"/>
            <maxpow number="0.602255519016114"/>
            <fprob>0.0</fprob>
        </actor>
        <actor name="D0N9">
            <wcet number="0">20</wcet>
            <wcet number="1">120</wcet>
            <maxpow number="0.2737676494806402"/>
            <maxpow number="0.2737676494806402"/>
            <fprob>0.0</fprob>
        </actor>
        <actor name="D0N21">
            <wcet number="0">10</wcet>
            <wcet number="1">20</wcet>
            <maxpow number="0.5789475000081479"/>
            <maxpow number="0.5789475000081479"/>
            <fprob>0.0</fprob>
        </actor>
        <actor name="D0N45">
            <wcet number="0">20</wcet>
            <wcet number="1">20</wcet>
            <maxpow number="0.7462720383871484"/>
            <maxpow number="0.7462720383871484"/>
            <fprob>0.0</fprob>
        </actor>
        <actor name="D0N3">
            <wcet number="0">20</wcet>
            <wcet number="1">90</wcet>
            <maxpow number="0.5746097608663638"/>
            <maxpow number="0.5746097608663638"/>
            <fprob>0.0</fprob>
        </actor>
        <actor name="D0N1">
            <wcet number="0">10</wcet>
            <wcet number="1">20</wcet>
            <maxpow number="0.7949984445688001"/>
            <maxpow number="0.7949984445688001"/>
            <fprob>0.0</fprob>
        </actor>
        <actor name="D0N30">
            <wcet number="0">10</wcet>
            <wcet number="1">10</wcet>
            <maxpow number="0.5955014826905449"/>
            <maxpow number="0.5955014826905449"/>
            <fprob>0.0</fprob>
        </actor>
        <actor name="D0N19">
            <wcet number="0">20</wcet>
            <wcet number="1">20</wcet>
            <maxpow number="0.4891967896613854"/>
            <maxpow number="0.4891967896613854"/>
            <fprob>0.0</fprob>
        </actor>
        <actor name="D0N15">
            <wcet number="0">190</wcet>
            <wcet number="1">290</wcet>
            <maxpow number="0.529715705268879"/>
            <maxpow number="0.529715705268879"/>
            <fprob>0.0</fprob>
        </actor>
        <actor name="D0N28">
            <wcet number="0">60</wcet>
            <wcet number="1">100</wcet>
            <maxpow number="0.2778126865102963"/>
            <maxpow number="0.2778126865102963"/>
            <fprob>0.0</fprob>
        </actor>
        <actor name="D0N41">
            <wcet number="0">40</wcet>
            <wcet number="1">40</wcet>
            <maxpow number="0.5483814371513938"/>
            <maxpow number="0.5483814371513938"/>
            <fprob>0.0</fprob>
        </actor>
        <actor name="D0N33">
            <wcet number="0">50</wcet>
            <wcet number="1">380</wcet>
            <maxpow number="0.5664155514128589"/>
            <maxpow number="0.5664155514128589"/>
            <fprob>0.0</fprob>
        </actor>
        <actor name="D0N34">
            <wcet number="0">30</wcet>
            <wcet number="1">130</wcet>
            <maxpow number="0.5243396029691296"/>
            <maxpow number="0.5243396029691296"/>
            <fprob>0.0</fprob>
        </actor>
        <actor name="D0N38">
            <wcet number="0">20</wcet>
            <wcet number="1">20</wcet>
            <maxpow number="0.2996568425889135"/>
            <maxpow number="0.2996568425889135"/>
            <fprob>0.0</fprob>
        </actor>
        <actor name="D0N40">
            <wcet number="0">20</wcet>
            <wcet number="1">20</wcet>
            <maxpow number="0.6136969183308928"/>
            <maxpow number="0.6136969183308928"/>
            <fprob>0.0</fprob>
        </actor>
        <actor name="D0N29">
            <wcet number="0">100</wcet>
            <wcet number="1">180</wcet>
            <maxpow number="0.9847489119357575"/>
            <maxpow number="0.9847489119357575"/>
            <fprob>0.0</fprob>
        </actor>
        <actor name="D0N7">
            <wcet number="0">40</wcet>
            <wcet number="1">100</wcet>
            <maxpow number="0.8528057932142467"/>
            <maxpow number="0.8528057932142467"/>
            <fprob>0.0</fprob>
        </actor>
        <actor name="D0N37">
            <wcet number="0">70</wcet>
            <wcet number="1">80</wcet>
            <maxpow number="0.33344987686099714"/>
            <maxpow number="0.33344987686099714"/>
            <fprob>0.0</fprob>
        </actor>
        <actor name="D0N47">
            <wcet number="0">100</wcet>
            <wcet number="1">130</wcet>
            <maxpow number="0.7619821177042488"/>
            <maxpow number="0.7619821177042488"/>
            <fprob>0.0</fprob>
        </actor>
        <actor name="D0N13">
            <wcet number="0">20</wcet>
            <wcet number="1">30</wcet>
            <maxpow number="0.6070672268646347"/>
            <maxpow number="0.6070672268646347"/>
            <fprob>0.0</fprob>
        </actor>
        <actor name="D0N11">
            <wcet number="0">30</wcet>
            <wcet number="1">30</wcet>
            <maxpow number="0.5991998877739447"/>
            <maxpow number="0.5991998877739447"/>
            <fprob>0.0</fprob>
        </actor>
        <actor name="D0N14">
            <wcet number="0">50</wcet>
            <wcet number="1">60</wcet>
            <maxpow number="0.4433131259542051"/>
            <maxpow number="0.4433131259542051"/>
            <fprob>0.0</fprob>
        </actor>
        <actor name="D0N42">
            <wcet number="0">30</wcet>
            <wcet number="1">50</wcet>
            <maxpow number="0.5115158958976699"/>
            <maxpow number="0.5115158958976699"/>
            <fprob>0.0</fprob>
        </actor>
        <actor name="D0N27">
            <wcet number="0">100</wcet>
            <wcet number="1">180</wcet>
            <maxpow number="0.5165384111422926"/>
            <maxpow number="0.5165384111422926"/>
            <fprob>0.0</fprob>
        </actor>
        <ports>
            <port dstActor="D0N45" name="p0" srcActor="D0N22"/>
            <port dstActor="D0N48" name="p1" srcActor="D0N22"/>
            <port dstActor="D0N33" name="p2" srcActor="D0N22"/>
            <port dstActor="D0N9" name="p3" srcActor="D0N5"/>
            <port dstActor="D0N26" name="p4" srcActor="D0N5"/>
            <port dstActor="D0N28" name="p5" srcActor="D0N5"/>
            <port dstActor="D0N19" name="p6" srcActor="D0N5"/>
            <port dstActor="D0N10" name="p7" srcActor="D0N5"/>
            <port dstActor="D0N39" name="p8" srcActor="D0N5"/>
            <port dstActor="D0N7" name="p9" srcActor="D0N5"/>
            <port dstActor="D0N15" name="p10" srcActor="D0N5"/>
            <port dstActor="D0N41" name="p11" srcActor="D0N36"/>
            <port dstActor="D0N48" name="p12" srcActor="D0N39"/>
            <port dstActor="D0N45" name="p13" srcActor="D0N10"/>
            <port dstActor="D0N19" name="p14" srcActor="D0N10"/>
            <port dstActor="D0N18" name="p15" srcActor="D0N10"/>
            <port dstActor="D0N44" name="p16" srcActor="D0N10"/>
            <port dstActor="D0N30" name="p17" srcActor="D0N2"/>
            <port dstActor="D0N12" name="p18" srcActor="D0N2"/>
            <port dstActor="D0N7" name="p19" srcActor="D0N2"/>
            <port dstActor="D0N44" name="p20" srcActor="D0N2"/>
            <port dstActor="D0N30" name="p21" srcActor="D0N20"/>
            <port dstActor="D0N28" name="p22" srcActor="D0N20"/>
            <port dstActor="D0N47" name="p23" srcActor="D0N20"/>
            <port dstActor="D0N32" name="p24" srcActor="D0N20"/>
            <port dstActor="D0N23" name="p25" srcActor="D0N20"/>
            <port dstActor="D0N34" name="p26" srcActor="D0N8"/>
            <port dstActor="D0N31" name="p27" srcActor="D0N8"/>
            <port dstActor="D0N39" name="p28" srcActor="D0N8"/>
            <port dstActor="D0N33" name="p29" srcActor="D0N8"/>
            <port dstActor="D0N45" name="p30" srcActor="D0N43"/>
            <port dstActor="D0N25" name="p31" srcActor="D0N18"/>
            <port dstActor="D0N44" name="p32" srcActor="D0N18"/>
            <port dstActor="D0N44" name="p33" srcActor="D0N17"/>
            <port dstActor="D0N37" name="p34" srcActor="D0N17"/>
            <port dstActor="D0N21" name="p35" srcActor="D0N6"/>
            <port dstActor="D0N25" name="p36" srcActor="D0N6"/>
            <port dstActor="D0N32" name="p37" srcActor="D0N6"/>
            <port dstActor="D0N48" name="p38" srcActor="D0N6"/>
            <port dstActor="D0N43" name="p39" srcActor="D0N24"/>
            <port dstActor="D0N30" name="p40" srcActor="D0N24"/>
            <port dstActor="D0N32" name="p41" srcActor="D0N24"/>
            <port dstActor="D0N36" name="p42" srcActor="D0N24"/>
            <port dstActor="D0N20" name="p43" srcActor="D0N16"/>
            <port dstActor="D0N36" name="p44" srcActor="D0N16"/>
            <port dstActor="D0N34" name="p45" srcActor="D0N16"/>
            <port dstActor="D0N26" name="p46" srcActor="D0N16"/>
            <port dstActor="D0N37" name="p47" srcActor="D0N12"/>
            <port dstActor="D0N40" name="p48" srcActor="D0N12"/>
            <port dstActor="D0N41" name="p49" srcActor="D0N12"/>
            <port dstActor="D0N46" name="p50" srcActor="D0N12"/>
            <port dstActor="D0N46" name="p51" srcActor="D0N23"/>
            <port dstActor="D0N24" name="p52" srcActor="D0N23"/>
            <port dstActor="D0N28" name="p53" srcActor="D0N23"/>
            <port dstActor="D0N39" name="p54" srcActor="D0N23"/>
            <port dstActor="D0N40" name="p55" srcActor="D0N23"/>
            <port dstActor="D0N45" name="p56" srcActor="D0N44"/>
            <port dstActor="D0N45" name="p57" srcActor="D0N25"/>
            <port dstActor="D0N26" name="p58" srcActor="D0N25"/>
            <port dstActor="D0N38" name="p59" srcActor="D0N25"/>
            <port dstActor="D0N41" name="p60" srcActor="D0N25"/>
            <port dstActor="D0N45" name="p61" srcActor="D0N35"/>
            <port dstActor="D0N10" name="p62" srcActor="D0N4"/>
            <port dstActor="D0N26" name="p63" srcActor="D0N4"/>
            <port dstActor="D0N28" name="p64" srcActor="D0N4"/>
            <port dstActor="D0N43" name="p65" srcActor="D0N4"/>
            <port dstActor="D0N48" name="p66" srcActor="D0N4"/>
            <port dstActor="D0N29" name="p67" srcActor="D0N4"/>
            <port dstActor="D0N6" name="p68" srcActor="D0N4"/>
            <port dstActor="D0N16" name="p69" srcActor="D0N4"/>
            <port dstActor="D0N42" name="p70" srcActor="D0N26"/>
            <port dstActor="D0N48" name="p71" srcActor="D0N9"/>
            <port dstActor="D0N17" name="p72" srcActor="D0N9"/>
            <port dstActor="D0N34" name="p73" srcActor="D0N9"/>
            <port dstActor="D0N25" name="p74" srcActor="D0N9"/>
            <port dstActor="D0N39" name="p75" srcActor="D0N21"/>
            <port dstActor="D0N17" name="p76" srcActor="D0N3"/>
            <port dstActor="D0N15" name="p77" srcActor="D0N3"/>
            <port dstActor="D0N24" name="p78" srcActor="D0N3"/>
            <port dstActor="D0N29" name="p79" srcActor="D0N3"/>
            <port dstActor="D0N34" name="p80" srcActor="D0N3"/>
            <port dstActor="D0N8" name="p81" srcActor="D0N3"/>
            <port dstActor="D0N9" name="p82" srcActor="D0N1"/>
            <port dstActor="D0N48" name="p83" srcActor="D0N1"/>
            <port dstActor="D0N17" name="p84" srcActor="D0N1"/>
            <port dstActor="D0N32" name="p85" srcActor="D0N30"/>
            <port dstActor="D0N41" name="p86" srcActor="D0N30"/>
            <port dstActor="D0N48" name="p87" srcActor="D0N30"/>
            <port dstActor="D0N31" name="p88" srcActor="D0N15"/>
            <port dstActor="D0N36" name="p89" srcActor="D0N15"/>
            <port dstActor="D0N41" name="p90" srcActor="D0N15"/>
            <port dstActor="D0N44" name="p91" srcActor="D0N28"/>
            <port dstActor="D0N41" name="p92" srcActor="D0N28"/>
            <port dstActor="D0N47" name="p93" srcActor="D0N41"/>
            <port dstActor="D0N38" name="p94" srcActor="D0N34"/>
            <port dstActor="D0N39" name="p95" srcActor="D0N34"/>
            <port dstActor="D0N44" name="p96" srcActor="D0N38"/>
            <port dstActor="D0N43" name="p97" srcActor="D0N40"/>
            <port dstActor="D0N48" name="p98" srcActor="D0N40"/>
            <port dstActor="D0N45" name="p99" srcActor="D0N40"/>
            <port dstActor="D0N39" name="p100" srcActor="D0N29"/>
            <port dstActor="D0N29" name="p101" srcActor="D0N7"/>
            <port dstActor="D0N30" name="p102" srcActor="D0N7"/>
            <port dstActor="D0N18" name="p103" srcActor="D0N7"/>
            <port dstActor="D0N39" name="p104" srcActor="D0N7"/>
            <port dstActor="D0N16" name="p105" srcActor="D0N7"/>
            <port dstActor="D0N27" name="p106" srcActor="D0N7"/>
            <port dstActor="D0N42" name="p107" srcActor="D0N7"/>
            <port dstActor="D0N47" name="p108" srcActor="D0N37"/>
            <port dstActor="D0N40" name="p109" srcActor="D0N13"/>
            <port dstActor="D0N42" name="p110" srcActor="D0N13"/>
            <port dstActor="D0N31" name="p111" srcActor="D0N13"/>
            <port dstActor="D0N45" name="p112" srcActor="D0N13"/>
            <port dstActor="D0N47" name="p113" srcActor="D0N11"/>
            <port dstActor="D0N25" name="p114" srcActor="D0N14"/>
            <port dstActor="D0N38" name="p115" srcActor="D0N14"/>
            <port dstActor="D0N46" name="p116" srcActor="D0N14"/>
            <port dstActor="D0N20" name="p117" srcActor="D0N14"/>
            <port dstActor="D0N41" name="p118" srcActor="D0N27"/>
            <port dstActor="D0N47" name="p119" srcActor="D0N27"/>
            <port dstActor="D0N39" name="p120" srcActor="D0N27"/>
        </ports>
    </mcdag>
    <cores number="3"/>
    <levels number="2"/>
</mcsystem>
