<?xml version="1.0" encoding="UTF-8" standalone="no"?>
<mcsystem>
    <mcdag deadline="2500" name="genned-0-ed-10.0-0">
        <actor name="D0N34">
            <wcet number="0">20</wcet>
            <wcet number="1">80</wcet>
            <maxpow number="0.40585780721262"/>
            <maxpow number="0.40585780721262"/>
            <fprob>0.0</fprob>
        </actor>
        <actor name="D0N11">
            <wcet number="0">10</wcet>
            <wcet number="1">480</wcet>
            <maxpow number="0.5661318885744688"/>
            <maxpow number="0.5661318885744688"/>
            <fprob>0.0</fprob>
        </actor>
        <actor name="D0N38">
            <wcet number="0">60</wcet>
            <wcet number="1">90</wcet>
            <maxpow number="0.3989628807044756"/>
            <maxpow number="0.3989628807044756"/>
            <fprob>0.0</fprob>
        </actor>
        <actor name="D0N49">
            <wcet number="0">30</wcet>
            <wcet number="1">30</wcet>
            <maxpow number="0.8098121618687814"/>
            <maxpow number="0.8098121618687814"/>
            <fprob>0.0</fprob>
        </actor>
        <actor name="D0N33">
            <wcet number="0">10</wcet>
            <wcet number="1">20</wcet>
            <maxpow number="0.6376392713184884"/>
            <maxpow number="0.6376392713184884"/>
            <fprob>0.0</fprob>
        </actor>
        <actor name="D0N4">
            <wcet number="0">130</wcet>
            <wcet number="1">260</wcet>
            <maxpow number="0.3347788702165232"/>
            <maxpow number="0.3347788702165232"/>
            <fprob>0.0</fprob>
        </actor>
        <actor name="D0N28">
            <wcet number="0">110</wcet>
            <wcet number="1">180</wcet>
            <maxpow number="0.3807140167809917"/>
            <maxpow number="0.3807140167809917"/>
            <fprob>0.0</fprob>
        </actor>
        <actor name="D0N14">
            <wcet number="0">20</wcet>
            <wcet number="1">30</wcet>
            <maxpow number="0.35315300654354514"/>
            <maxpow number="0.35315300654354514"/>
            <fprob>0.0</fprob>
        </actor>
        <actor name="D0N27">
            <wcet number="0">80</wcet>
            <wcet number="1">430</wcet>
            <maxpow number="0.46013115647656316"/>
            <maxpow number="0.46013115647656316"/>
            <fprob>0.0</fprob>
        </actor>
        <actor name="D0N41">
            <wcet number="0">90</wcet>
            <wcet number="1">150</wcet>
            <maxpow number="0.3963771870223062"/>
            <maxpow number="0.3963771870223062"/>
            <fprob>0.0</fprob>
        </actor>
        <actor name="D0N39">
            <wcet number="0">100</wcet>
            <wcet number="1">130</wcet>
            <maxpow number="0.6324189438428535"/>
            <maxpow number="0.6324189438428535"/>
            <fprob>0.0</fprob>
        </actor>
        <actor name="D0N8">
            <wcet number="0">20</wcet>
            <wcet number="1">40</wcet>
            <maxpow number="0.45099938336222173"/>
            <maxpow number="0.45099938336222173"/>
            <fprob>0.0</fprob>
        </actor>
        <actor name="D0N25">
            <wcet number="0">10</wcet>
            <wcet number="1">20</wcet>
            <maxpow number="0.4328256632276766"/>
            <maxpow number="0.4328256632276766"/>
            <fprob>0.0</fprob>
        </actor>
        <actor name="D0N42">
            <wcet number="0">40</wcet>
            <wcet number="1">70</wcet>
            <maxpow number="0.7635363879629062"/>
            <maxpow number="0.7635363879629062"/>
            <fprob>0.0</fprob>
        </actor>
        <actor name="D0N19">
            <wcet number="0">60</wcet>
            <wcet number="1">260</wcet>
            <maxpow number="0.14082761603718158"/>
            <maxpow number="0.14082761603718158"/>
            <fprob>0.0</fprob>
        </actor>
        <actor name="D0N45">
            <wcet number="0">50</wcet>
            <wcet number="1">50</wcet>
            <maxpow number="0.5905698848685186"/>
            <maxpow number="0.5905698848685186"/>
            <fprob>0.0</fprob>
        </actor>
        <actor name="D0N29">
            <wcet number="0">20</wcet>
            <wcet number="1">40</wcet>
            <maxpow number="0.46469057403167024"/>
            <maxpow number="0.46469057403167024"/>
            <fprob>0.0</fprob>
        </actor>
        <actor name="D0N3">
            <wcet number="0">40</wcet>
            <wcet number="1">100</wcet>
            <maxpow number="0.7277922594568573"/>
            <maxpow number="0.7277922594568573"/>
            <fprob>0.0</fprob>
        </actor>
        <actor name="D0N13">
            <wcet number="0">360</wcet>
            <wcet number="1">410</wcet>
            <maxpow number="0.48526819163213364"/>
            <maxpow number="0.48526819163213364"/>
            <fprob>0.0</fprob>
        </actor>
        <actor name="D0N17">
            <wcet number="0">10</wcet>
            <wcet number="1">10</wcet>
            <maxpow number="1.1672524934866186"/>
            <maxpow number="1.1672524934866186"/>
            <fprob>0.0</fprob>
        </actor>
        <actor name="D0N2">
            <wcet number="0">50</wcet>
            <wcet number="1">50</wcet>
            <maxpow number="0.5397028769421366"/>
            <maxpow number="0.5397028769421366"/>
            <fprob>0.0</fprob>
        </actor>
        <actor name="D0N16">
            <wcet number="0">40</wcet>
            <wcet number="1">110</wcet>
            <maxpow number="0.8316787659342522"/>
            <maxpow number="0.8316787659342522"/>
            <fprob>0.0</fprob>
        </actor>
        <actor name="D0N20">
            <wcet number="0">10</wcet>
            <wcet number="1">10</wcet>
            <maxpow number="0.8093605260441761"/>
            <maxpow number="0.8093605260441761"/>
            <fprob>0.0</fprob>
        </actor>
        <actor name="D0N46">
            <wcet number="0">10</wcet>
            <wcet number="1">30</wcet>
            <maxpow number="0.5237330797387845"/>
            <maxpow number="0.5237330797387845"/>
            <fprob>0.0</fprob>
        </actor>
        <actor name="D0N21">
            <wcet number="0">40</wcet>
            <wcet number="1">50</wcet>
            <maxpow number="0.5182807511573805"/>
            <maxpow number="0.5182807511573805"/>
            <fprob>0.0</fprob>
        </actor>
        <actor name="D0N12">
            <wcet number="0">140</wcet>
            <wcet number="1">250</wcet>
            <maxpow number="0.28202058224300314"/>
            <maxpow number="0.28202058224300314"/>
            <fprob>0.0</fprob>
        </actor>
        <actor name="D0N30">
            <wcet number="0">10</wcet>
            <wcet number="1">10</wcet>
            <maxpow number="0.6156690692012586"/>
            <maxpow number="0.6156690692012586"/>
            <fprob>0.0</fprob>
        </actor>
        <actor name="D0N1">
            <wcet number="0">110</wcet>
            <wcet number="1">190</wcet>
            <maxpow number="0.4592109951581069"/>
            <maxpow number="0.4592109951581069"/>
            <fprob>0.0</fprob>
        </actor>
        <actor name="D0N32">
            <wcet number="0">160</wcet>
            <wcet number="1">270</wcet>
            <maxpow number="0.37730308618664"/>
            <maxpow number="0.37730308618664"/>
            <fprob>0.0</fprob>
        </actor>
        <actor name="D0N9">
            <wcet number="0">290</wcet>
            <wcet number="1">320</wcet>
            <maxpow number="0.6427839064669918"/>
            <maxpow number="0.6427839064669918"/>
            <fprob>0.0</fprob>
        </actor>
        <actor name="D0N43">
            <wcet number="0">90</wcet>
            <wcet number="1">100</wcet>
            <maxpow number="0.8632166404806013"/>
            <maxpow number="0.8632166404806013"/>
            <fprob>0.0</fprob>
        </actor>
        <actor name="D0N18">
            <wcet number="0">10</wcet>
            <wcet number="1">10</wcet>
            <maxpow number="0.5911649510085096"/>
            <maxpow number="0.5911649510085096"/>
            <fprob>0.0</fprob>
        </actor>
        <actor name="D0N36">
            <wcet number="0">20</wcet>
            <wcet number="1">90</wcet>
            <maxpow number="0.4969135538954967"/>
            <maxpow number="0.4969135538954967"/>
            <fprob>0.0</fprob>
        </actor>
        <actor name="D0N23">
            <wcet number="0">10</wcet>
            <wcet number="1">10</wcet>
            <maxpow number="0.6541253196180431"/>
            <maxpow number="0.6541253196180431"/>
            <fprob>0.0</fprob>
        </actor>
        <actor name="D0N26">
            <wcet number="0">70</wcet>
            <wcet number="1">70</wcet>
            <maxpow number="0.6700569116363639"/>
            <maxpow number="0.6700569116363639"/>
            <fprob>0.0</fprob>
        </actor>
        <actor name="D0N35">
            <wcet number="0">50</wcet>
            <wcet number="1">70</wcet>
            <maxpow number="0.598553372697651"/>
            <maxpow number="0.598553372697651"/>
            <fprob>0.0</fprob>
        </actor>
        <actor name="D0N22">
            <wcet number="0">20</wcet>
            <wcet number="1">40</wcet>
            <maxpow number="0.38102865405083186"/>
            <maxpow number="0.38102865405083186"/>
            <fprob>0.0</fprob>
        </actor>
        <actor name="D0N47">
            <wcet number="0">10</wcet>
            <wcet number="1">20</wcet>
            <maxpow number="0.5682020905151093"/>
            <maxpow number="0.5682020905151093"/>
            <fprob>0.0</fprob>
        </actor>
        <actor name="D0N44">
            <wcet number="0">180</wcet>
            <wcet number="1">230</wcet>
            <maxpow number="0.7063614030032743"/>
            <maxpow number="0.7063614030032743"/>
            <fprob>0.0</fprob>
        </actor>
        <actor name="D0N24">
            <wcet number="0">40</wcet>
            <wcet number="1">50</wcet>
            <maxpow number="0.6268618344020449"/>
            <maxpow number="0.6268618344020449"/>
            <fprob>0.0</fprob>
        </actor>
        <actor name="D0N10">
            <wcet number="0">210</wcet>
            <wcet number="1">430</wcet>
            <maxpow number="0.643077014947591"/>
            <maxpow number="0.643077014947591"/>
            <fprob>0.0</fprob>
        </actor>
        <actor name="D0N40">
            <wcet number="0">20</wcet>
            <wcet number="1">20</wcet>
            <maxpow number="0.5934484391297015"/>
            <maxpow number="0.5934484391297015"/>
            <fprob>0.0</fprob>
        </actor>
        <actor name="D0N6">
            <wcet number="0">10</wcet>
            <wcet number="1">10</wcet>
            <maxpow number="0.5354597805806774"/>
            <maxpow number="0.5354597805806774"/>
            <fprob>0.0</fprob>
        </actor>
        <actor name="D0N31">
            <wcet number="0">10</wcet>
            <wcet number="1">10</wcet>
            <maxpow number="0.5121834630939008"/>
            <maxpow number="0.5121834630939008"/>
            <fprob>0.0</fprob>
        </actor>
        <actor name="D0N48">
            <wcet number="0">40</wcet>
            <wcet number="1">60</wcet>
            <maxpow number="0.537543061166407"/>
            <maxpow number="0.537543061166407"/>
            <fprob>0.0</fprob>
        </actor>
        <actor name="D0N15">
            <wcet number="0">10</wcet>
            <wcet number="1">40</wcet>
            <maxpow number="0.6424551679755598"/>
            <maxpow number="0.6424551679755598"/>
            <fprob>0.0</fprob>
        </actor>
        <actor name="D0N7">
            <wcet number="0">80</wcet>
            <wcet number="1">220</wcet>
            <maxpow number="0.5432131316628815"/>
            <maxpow number="0.5432131316628815"/>
            <fprob>0.0</fprob>
        </actor>
        <actor name="D0N37">
            <wcet number="0">190</wcet>
            <wcet number="1">280</wcet>
            <maxpow number="0.7064071179101743"/>
            <maxpow number="0.7064071179101743"/>
            <fprob>0.0</fprob>
        </actor>
        <actor name="D0N0">
            <wcet number="0">70</wcet>
            <wcet number="1">180</wcet>
            <maxpow number="0.6803993420453471"/>
            <maxpow number="0.6803993420453471"/>
            <fprob>0.0</fprob>
        </actor>
        <actor name="D0N5">
            <wcet number="0">40</wcet>
            <wcet number="1">140</wcet>
            <maxpow number="0.6456707138540565"/>
            <maxpow number="0.6456707138540565"/>
            <fprob>0.0</fprob>
        </actor>
        <ports>
            <port dstActor="D0N35" name="p0" srcActor="D0N34"/>
            <port dstActor="D0N39" name="p1" srcActor="D0N34"/>
            <port dstActor="D0N15" name="p2" srcActor="D0N11"/>
            <port dstActor="D0N48" name="p3" srcActor="D0N33"/>
            <port dstActor="D0N39" name="p4" srcActor="D0N33"/>
            <port dstActor="D0N44" name="p5" srcActor="D0N4"/>
            <port dstActor="D0N24" name="p6" srcActor="D0N4"/>
            <port dstActor="D0N21" name="p7" srcActor="D0N4"/>
            <port dstActor="D0N32" name="p8" srcActor="D0N4"/>
            <port dstActor="D0N14" name="p9" srcActor="D0N4"/>
            <port dstActor="D0N30" name="p10" srcActor="D0N4"/>
            <port dstActor="D0N43" name="p11" srcActor="D0N28"/>
            <port dstActor="D0N16" name="p12" srcActor="D0N14"/>
            <port dstActor="D0N23" name="p13" srcActor="D0N14"/>
            <port dstActor="D0N40" name="p14" srcActor="D0N14"/>
            <port dstActor="D0N21" name="p15" srcActor="D0N14"/>
            <port dstActor="D0N33" name="p16" srcActor="D0N27"/>
            <port dstActor="D0N49" name="p17" srcActor="D0N27"/>
            <port dstActor="D0N31" name="p18" srcActor="D0N27"/>
            <port dstActor="D0N44" name="p19" srcActor="D0N41"/>
            <port dstActor="D0N26" name="p20" srcActor="D0N8"/>
            <port dstActor="D0N34" name="p21" srcActor="D0N8"/>
            <port dstActor="D0N20" name="p22" srcActor="D0N8"/>
            <port dstActor="D0N42" name="p23" srcActor="D0N8"/>
            <port dstActor="D0N28" name="p24" srcActor="D0N25"/>
            <port dstActor="D0N33" name="p25" srcActor="D0N25"/>
            <port dstActor="D0N45" name="p26" srcActor="D0N25"/>
            <port dstActor="D0N38" name="p27" srcActor="D0N25"/>
            <port dstActor="D0N43" name="p28" srcActor="D0N42"/>
            <port dstActor="D0N24" name="p29" srcActor="D0N19"/>
            <port dstActor="D0N45" name="p30" srcActor="D0N19"/>
            <port dstActor="D0N49" name="p31" srcActor="D0N19"/>
            <port dstActor="D0N32" name="p32" srcActor="D0N29"/>
            <port dstActor="D0N34" name="p33" srcActor="D0N29"/>
            <port dstActor="D0N49" name="p34" srcActor="D0N29"/>
            <port dstActor="D0N22" name="p35" srcActor="D0N3"/>
            <port dstActor="D0N35" name="p36" srcActor="D0N3"/>
            <port dstActor="D0N38" name="p37" srcActor="D0N3"/>
            <port dstActor="D0N43" name="p38" srcActor="D0N13"/>
            <port dstActor="D0N19" name="p39" srcActor="D0N13"/>
            <port dstActor="D0N49" name="p40" srcActor="D0N17"/>
            <port dstActor="D0N46" name="p41" srcActor="D0N17"/>
            <port dstActor="D0N30" name="p42" srcActor="D0N17"/>
            <port dstActor="D0N29" name="p43" srcActor="D0N17"/>
            <port dstActor="D0N28" name="p44" srcActor="D0N2"/>
            <port dstActor="D0N48" name="p45" srcActor="D0N2"/>
            <port dstActor="D0N43" name="p46" srcActor="D0N2"/>
            <port dstActor="D0N29" name="p47" srcActor="D0N2"/>
            <port dstActor="D0N36" name="p48" srcActor="D0N16"/>
            <port dstActor="D0N37" name="p49" srcActor="D0N16"/>
            <port dstActor="D0N47" name="p50" srcActor="D0N16"/>
            <port dstActor="D0N26" name="p51" srcActor="D0N20"/>
            <port dstActor="D0N34" name="p52" srcActor="D0N20"/>
            <port dstActor="D0N32" name="p53" srcActor="D0N20"/>
            <port dstActor="D0N45" name="p54" srcActor="D0N20"/>
            <port dstActor="D0N24" name="p55" srcActor="D0N21"/>
            <port dstActor="D0N35" name="p56" srcActor="D0N21"/>
            <port dstActor="D0N45" name="p57" srcActor="D0N21"/>
            <port dstActor="D0N39" name="p58" srcActor="D0N21"/>
            <port dstActor="D0N44" name="p59" srcActor="D0N12"/>
            <port dstActor="D0N34" name="p60" srcActor="D0N12"/>
            <port dstActor="D0N28" name="p61" srcActor="D0N12"/>
            <port dstActor="D0N13" name="p62" srcActor="D0N12"/>
            <port dstActor="D0N42" name="p63" srcActor="D0N12"/>
            <port dstActor="D0N26" name="p64" srcActor="D0N12"/>
            <port dstActor="D0N20" name="p65" srcActor="D0N12"/>
            <port dstActor="D0N10" name="p66" srcActor="D0N1"/>
            <port dstActor="D0N39" name="p67" srcActor="D0N1"/>
            <port dstActor="D0N15" name="p68" srcActor="D0N1"/>
            <port dstActor="D0N32" name="p69" srcActor="D0N1"/>
            <port dstActor="D0N43" name="p70" srcActor="D0N1"/>
            <port dstActor="D0N49" name="p71" srcActor="D0N1"/>
            <port dstActor="D0N42" name="p72" srcActor="D0N1"/>
            <port dstActor="D0N12" name="p73" srcActor="D0N1"/>
            <port dstActor="D0N36" name="p74" srcActor="D0N32"/>
            <port dstActor="D0N44" name="p75" srcActor="D0N32"/>
            <port dstActor="D0N36" name="p76" srcActor="D0N9"/>
            <port dstActor="D0N22" name="p77" srcActor="D0N9"/>
            <port dstActor="D0N27" name="p78" srcActor="D0N9"/>
            <port dstActor="D0N34" name="p79" srcActor="D0N9"/>
            <port dstActor="D0N31" name="p80" srcActor="D0N9"/>
            <port dstActor="D0N25" name="p81" srcActor="D0N9"/>
            <port dstActor="D0N24" name="p82" srcActor="D0N18"/>
            <port dstActor="D0N48" name="p83" srcActor="D0N18"/>
            <port dstActor="D0N20" name="p84" srcActor="D0N18"/>
            <port dstActor="D0N33" name="p85" srcActor="D0N18"/>
            <port dstActor="D0N44" name="p86" srcActor="D0N23"/>
            <port dstActor="D0N24" name="p87" srcActor="D0N23"/>
            <port dstActor="D0N42" name="p88" srcActor="D0N23"/>
            <port dstActor="D0N47" name="p89" srcActor="D0N26"/>
            <port dstActor="D0N41" name="p90" srcActor="D0N35"/>
            <port dstActor="D0N49" name="p91" srcActor="D0N35"/>
            <port dstActor="D0N48" name="p92" srcActor="D0N22"/>
            <port dstActor="D0N49" name="p93" srcActor="D0N44"/>
            <port dstActor="D0N48" name="p94" srcActor="D0N44"/>
            <port dstActor="D0N40" name="p95" srcActor="D0N24"/>
            <port dstActor="D0N41" name="p96" srcActor="D0N24"/>
            <port dstActor="D0N23" name="p97" srcActor="D0N10"/>
            <port dstActor="D0N17" name="p98" srcActor="D0N10"/>
            <port dstActor="D0N48" name="p99" srcActor="D0N10"/>
            <port dstActor="D0N43" name="p100" srcActor="D0N10"/>
            <port dstActor="D0N18" name="p101" srcActor="D0N10"/>
            <port dstActor="D0N13" name="p102" srcActor="D0N10"/>
            <port dstActor="D0N42" name="p103" srcActor="D0N10"/>
            <port dstActor="D0N38" name="p104" srcActor="D0N10"/>
            <port dstActor="D0N47" name="p105" srcActor="D0N40"/>
            <port dstActor="D0N45" name="p106" srcActor="D0N40"/>
            <port dstActor="D0N8" name="p107" srcActor="D0N6"/>
            <port dstActor="D0N43" name="p108" srcActor="D0N31"/>
            <port dstActor="D0N41" name="p109" srcActor="D0N31"/>
            <port dstActor="D0N31" name="p110" srcActor="D0N15"/>
            <port dstActor="D0N35" name="p111" srcActor="D0N7"/>
            <port dstActor="D0N42" name="p112" srcActor="D0N37"/>
            <port dstActor="D0N4" name="p113" srcActor="D0N0"/>
            <port dstActor="D0N27" name="p114" srcActor="D0N0"/>
            <port dstActor="D0N43" name="p115" srcActor="D0N0"/>
            <port dstActor="D0N37" name="p116" srcActor="D0N0"/>
            <port dstActor="D0N16" name="p117" srcActor="D0N0"/>
            <port dstActor="D0N3" name="p118" srcActor="D0N0"/>
            <port dstActor="D0N39" name="p119" srcActor="D0N5"/>
            <port dstActor="D0N36" name="p120" srcActor="D0N5"/>
        </ports>
    </mcdag>
    <cores number="3"/>
    <levels number="2"/>
</mcsystem>
