<?xml version="1.0" encoding="UTF-8" standalone="no"?>
<mcsystem>
    <mcdag deadline="4000" name="genned-0-ed-10.0-0">
        <actor name="D0N28">
            <wcet number="0">20</wcet>
            <wcet number="1">20</wcet>
            <maxpow number="0.42465021966346916"/>
            <maxpow number="0.42465021966346916"/>
            <fprob>0.0</fprob>
        </actor>
        <actor name="D0N4">
            <wcet number="0">20</wcet>
            <wcet number="1">60</wcet>
            <maxpow number="0.10699919478690023"/>
            <maxpow number="0.10699919478690023"/>
            <fprob>0.0</fprob>
        </actor>
        <actor name="D0N39">
            <wcet number="0">100</wcet>
            <wcet number="1">140</wcet>
            <maxpow number="0.5264407938687851"/>
            <maxpow number="0.5264407938687851"/>
            <fprob>0.0</fprob>
        </actor>
        <actor name="D0N47">
            <wcet number="0">10</wcet>
            <wcet number="1">40</wcet>
            <maxpow number="0.5091342796521319"/>
            <maxpow number="0.5091342796521319"/>
            <fprob>0.0</fprob>
        </actor>
        <actor name="D0N9">
            <wcet number="0">410</wcet>
            <wcet number="1">420</wcet>
            <maxpow number="0.5657995659721473"/>
            <maxpow number="0.5657995659721473"/>
            <fprob>0.0</fprob>
        </actor>
        <actor name="D0N37">
            <wcet number="0">10</wcet>
            <wcet number="1">200</wcet>
            <maxpow number="0.49724955403913484"/>
            <maxpow number="0.49724955403913484"/>
            <fprob>0.0</fprob>
        </actor>
        <actor name="D0N12">
            <wcet number="0">50</wcet>
            <wcet number="1">50</wcet>
            <maxpow number="0.5086489018337466"/>
            <maxpow number="0.5086489018337466"/>
            <fprob>0.0</fprob>
        </actor>
        <actor name="D0N27">
            <wcet number="0">140</wcet>
            <wcet number="1">220</wcet>
            <maxpow number="0.7804901720214196"/>
            <maxpow number="0.7804901720214196"/>
            <fprob>0.0</fprob>
        </actor>
        <actor name="D0N22">
            <wcet number="0">40</wcet>
            <wcet number="1">110</wcet>
            <maxpow number="0.5499388468639496"/>
            <maxpow number="0.5499388468639496"/>
            <fprob>0.0</fprob>
        </actor>
        <actor name="D0N46">
            <wcet number="0">50</wcet>
            <wcet number="1">140</wcet>
            <maxpow number="0.5129772037238052"/>
            <maxpow number="0.5129772037238052"/>
            <fprob>0.0</fprob>
        </actor>
        <actor name="D0N14">
            <wcet number="0">20</wcet>
            <wcet number="1">30</wcet>
            <maxpow number="0.8075166273067433"/>
            <maxpow number="0.8075166273067433"/>
            <fprob>0.0</fprob>
        </actor>
        <actor name="D0N7">
            <wcet number="0">70</wcet>
            <wcet number="1">540</wcet>
            <maxpow number="0.45260020631742004"/>
            <maxpow number="0.45260020631742004"/>
            <fprob>0.0</fprob>
        </actor>
        <actor name="D0N16">
            <wcet number="0">70</wcet>
            <wcet number="1">180</wcet>
            <maxpow number="0.48323179640770014"/>
            <maxpow number="0.48323179640770014"/>
            <fprob>0.0</fprob>
        </actor>
        <actor name="D0N11">
            <wcet number="0">50</wcet>
            <wcet number="1">60</wcet>
            <maxpow number="0.4679176959698777"/>
            <maxpow number="0.4679176959698777"/>
            <fprob>0.0</fprob>
        </actor>
        <actor name="D0N15">
            <wcet number="0">20</wcet>
            <wcet number="1">150</wcet>
            <maxpow number="0.6511425093684453"/>
            <maxpow number="0.6511425093684453"/>
            <fprob>0.0</fprob>
        </actor>
        <actor name="D0N35">
            <wcet number="0">40</wcet>
            <wcet number="1">140</wcet>
            <maxpow number="0.4645772659597362"/>
            <maxpow number="0.4645772659597362"/>
            <fprob>0.0</fprob>
        </actor>
        <actor name="D0N19">
            <wcet number="0">10</wcet>
            <wcet number="1">30</wcet>
            <maxpow number="0.5225077501476961"/>
            <maxpow number="0.5225077501476961"/>
            <fprob>0.0</fprob>
        </actor>
        <actor name="D0N20">
            <wcet number="0">30</wcet>
            <wcet number="1">260</wcet>
            <maxpow number="0.8946176860391306"/>
            <maxpow number="0.8946176860391306"/>
            <fprob>0.0</fprob>
        </actor>
        <actor name="D0N25">
            <wcet number="0">210</wcet>
            <wcet number="1">230</wcet>
            <maxpow number="0.6155300038414702"/>
            <maxpow number="0.6155300038414702"/>
            <fprob>0.0</fprob>
        </actor>
        <actor name="D0N45">
            <wcet number="0">10</wcet>
            <wcet number="1">60</wcet>
            <maxpow number="0.5552026270137476"/>
            <maxpow number="0.5552026270137476"/>
            <fprob>0.0</fprob>
        </actor>
        <actor name="D0N13">
            <wcet number="0">160</wcet>
            <wcet number="1">1120</wcet>
            <maxpow number="0.5337304321085397"/>
            <maxpow number="0.5337304321085397"/>
            <fprob>0.0</fprob>
        </actor>
        <actor name="D0N41">
            <wcet number="0">220</wcet>
            <wcet number="1">240</wcet>
            <maxpow number="0.6637601112040178"/>
            <maxpow number="0.6637601112040178"/>
            <fprob>0.0</fprob>
        </actor>
        <actor name="D0N3">
            <wcet number="0">80</wcet>
            <wcet number="1">120</wcet>
            <maxpow number="0.5289399322985461"/>
            <maxpow number="0.5289399322985461"/>
            <fprob>0.0</fprob>
        </actor>
        <actor name="D0N10">
            <wcet number="0">20</wcet>
            <wcet number="1">90</wcet>
            <maxpow number="0.6684237101129402"/>
            <maxpow number="0.6684237101129402"/>
            <fprob>0.0</fprob>
        </actor>
        <actor name="D0N29">
            <wcet number="0">220</wcet>
            <wcet number="1">240</wcet>
            <maxpow number="0.7223737604832756"/>
            <maxpow number="0.7223737604832756"/>
            <fprob>0.0</fprob>
        </actor>
        <actor name="D0N38">
            <wcet number="0">130</wcet>
            <wcet number="1">130</wcet>
            <maxpow number="0.6094561088803712"/>
            <maxpow number="0.6094561088803712"/>
            <fprob>0.0</fprob>
        </actor>
        <actor name="D0N18">
            <wcet number="0">660</wcet>
            <wcet number="1">690</wcet>
            <maxpow number="0.27753918015436024"/>
            <maxpow number="0.27753918015436024"/>
            <fprob>0.0</fprob>
        </actor>
        <actor name="D0N8">
            <wcet number="0">70</wcet>
            <wcet number="1">170</wcet>
            <maxpow number="0.46846217030135373"/>
            <maxpow number="0.46846217030135373"/>
            <fprob>0.0</fprob>
        </actor>
        <actor name="D0N5">
            <wcet number="0">80</wcet>
            <wcet number="1">170</wcet>
            <maxpow number="0.5019576829799062"/>
            <maxpow number="0.5019576829799062"/>
            <fprob>0.0</fprob>
        </actor>
        <actor name="D0N0">
            <wcet number="0">50</wcet>
            <wcet number="1">750</wcet>
            <maxpow number="0.7734473598644425"/>
            <maxpow number="0.7734473598644425"/>
            <fprob>0.0</fprob>
        </actor>
        <actor name="D0N6">
            <wcet number="0">180</wcet>
            <wcet number="1">740</wcet>
            <maxpow number="0.7461536849672104"/>
            <maxpow number="0.7461536849672104"/>
            <fprob>0.0</fprob>
        </actor>
        <actor name="D0N40">
            <wcet number="0">120</wcet>
            <wcet number="1">140</wcet>
            <maxpow number="0.5668904716241627"/>
            <maxpow number="0.5668904716241627"/>
            <fprob>0.0</fprob>
        </actor>
        <actor name="D0N32">
            <wcet number="0">40</wcet>
            <wcet number="1">50</wcet>
            <maxpow number="0.4574923898858197"/>
            <maxpow number="0.4574923898858197"/>
            <fprob>0.0</fprob>
        </actor>
        <actor name="D0N30">
            <wcet number="0">20</wcet>
            <wcet number="1">150</wcet>
            <maxpow number="0.6608457486907529"/>
            <maxpow number="0.6608457486907529"/>
            <fprob>0.0</fprob>
        </actor>
        <actor name="D0N23">
            <wcet number="0">90</wcet>
            <wcet number="1">100</wcet>
            <maxpow number="0.5414117231125053"/>
            <maxpow number="0.5414117231125053"/>
            <fprob>0.0</fprob>
        </actor>
        <actor name="D0N1">
            <wcet number="0">20</wcet>
            <wcet number="1">20</wcet>
            <maxpow number="0.797446882333881"/>
            <maxpow number="0.797446882333881"/>
            <fprob>0.0</fprob>
        </actor>
        <actor name="D0N2">
            <wcet number="0">160</wcet>
            <wcet number="1">180</wcet>
            <maxpow number="0.919537352459086"/>
            <maxpow number="0.919537352459086"/>
            <fprob>0.0</fprob>
        </actor>
        <actor name="D0N26">
            <wcet number="0">50</wcet>
            <wcet number="1">50</wcet>
            <maxpow number="1.0511710390978963"/>
            <maxpow number="1.0511710390978963"/>
            <fprob>0.0</fprob>
        </actor>
        <actor name="D0N17">
            <wcet number="0">300</wcet>
            <wcet number="1">370</wcet>
            <maxpow number="0.7446357366936917"/>
            <maxpow number="0.7446357366936917"/>
            <fprob>0.0</fprob>
        </actor>
        <actor name="D0N44">
            <wcet number="0">40</wcet>
            <wcet number="1">40</wcet>
            <maxpow number="0.42504769411631715"/>
            <maxpow number="0.42504769411631715"/>
            <fprob>0.0</fprob>
        </actor>
        <actor name="D0N33">
            <wcet number="0">160</wcet>
            <wcet number="1">390</wcet>
            <maxpow number="0.42120839136692484"/>
            <maxpow number="0.42120839136692484"/>
            <fprob>0.0</fprob>
        </actor>
        <actor name="D0N42">
            <wcet number="0">130</wcet>
            <wcet number="1">240</wcet>
            <maxpow number="0.39693950245514853"/>
            <maxpow number="0.39693950245514853"/>
            <fprob>0.0</fprob>
        </actor>
        <actor name="D0N24">
            <wcet number="0">140</wcet>
            <wcet number="1">150</wcet>
            <maxpow number="0.5147612076015472"/>
            <maxpow number="0.5147612076015472"/>
            <fprob>0.0</fprob>
        </actor>
        <actor name="D0N34">
            <wcet number="0">150</wcet>
            <wcet number="1">220</wcet>
            <maxpow number="0.5523045783808713"/>
            <maxpow number="0.5523045783808713"/>
            <fprob>0.0</fprob>
        </actor>
        <actor name="D0N21">
            <wcet number="0">10</wcet>
            <wcet number="1">20</wcet>
            <maxpow number="0.7353002918076197"/>
            <maxpow number="0.7353002918076197"/>
            <fprob>0.0</fprob>
        </actor>
        <actor name="D0N43">
            <wcet number="0">390</wcet>
            <wcet number="1">420</wcet>
            <maxpow number="0.5692600026646955"/>
            <maxpow number="0.5692600026646955"/>
            <fprob>0.0</fprob>
        </actor>
        <actor name="D0N31">
            <wcet number="0">130</wcet>
            <wcet number="1">140</wcet>
            <maxpow number="0.4525351736492773"/>
            <maxpow number="0.4525351736492773"/>
            <fprob>0.0</fprob>
        </actor>
        <actor name="D0N36">
            <wcet number="0">10</wcet>
            <wcet number="1">10</wcet>
            <maxpow number="0.5249179021285962"/>
            <maxpow number="0.5249179021285962"/>
            <fprob>0.0</fprob>
        </actor>
        <actor name="D0N48">
            <wcet number="0">140</wcet>
            <wcet number="1">170</wcet>
            <maxpow number="0.5683846874735317"/>
            <maxpow number="0.5683846874735317"/>
            <fprob>0.0</fprob>
        </actor>
        <ports>
            <port dstActor="D0N22" name="p0" srcActor="D0N4"/>
            <port dstActor="D0N12" name="p1" srcActor="D0N4"/>
            <port dstActor="D0N42" name="p2" srcActor="D0N4"/>
            <port dstActor="D0N47" name="p3" srcActor="D0N4"/>
            <port dstActor="D0N27" name="p4" srcActor="D0N4"/>
            <port dstActor="D0N47" name="p5" srcActor="D0N39"/>
            <port dstActor="D0N12" name="p6" srcActor="D0N9"/>
            <port dstActor="D0N16" name="p7" srcActor="D0N9"/>
            <port dstActor="D0N28" name="p8" srcActor="D0N9"/>
            <port dstActor="D0N18" name="p9" srcActor="D0N9"/>
            <port dstActor="D0N20" name="p10" srcActor="D0N9"/>
            <port dstActor="D0N41" name="p11" srcActor="D0N37"/>
            <port dstActor="D0N33" name="p12" srcActor="D0N12"/>
            <port dstActor="D0N15" name="p13" srcActor="D0N12"/>
            <port dstActor="D0N47" name="p14" srcActor="D0N27"/>
            <port dstActor="D0N45" name="p15" srcActor="D0N27"/>
            <port dstActor="D0N44" name="p16" srcActor="D0N27"/>
            <port dstActor="D0N37" name="p17" srcActor="D0N22"/>
            <port dstActor="D0N42" name="p18" srcActor="D0N22"/>
            <port dstActor="D0N31" name="p19" srcActor="D0N22"/>
            <port dstActor="D0N44" name="p20" srcActor="D0N22"/>
            <port dstActor="D0N30" name="p21" srcActor="D0N22"/>
            <port dstActor="D0N22" name="p22" srcActor="D0N14"/>
            <port dstActor="D0N37" name="p23" srcActor="D0N14"/>
            <port dstActor="D0N19" name="p24" srcActor="D0N14"/>
            <port dstActor="D0N41" name="p25" srcActor="D0N7"/>
            <port dstActor="D0N16" name="p26" srcActor="D0N7"/>
            <port dstActor="D0N47" name="p27" srcActor="D0N7"/>
            <port dstActor="D0N39" name="p28" srcActor="D0N7"/>
            <port dstActor="D0N28" name="p29" srcActor="D0N16"/>
            <port dstActor="D0N39" name="p30" srcActor="D0N16"/>
            <port dstActor="D0N29" name="p31" srcActor="D0N16"/>
            <port dstActor="D0N48" name="p32" srcActor="D0N11"/>
            <port dstActor="D0N46" name="p33" srcActor="D0N11"/>
            <port dstActor="D0N24" name="p34" srcActor="D0N11"/>
            <port dstActor="D0N14" name="p35" srcActor="D0N11"/>
            <port dstActor="D0N34" name="p36" srcActor="D0N15"/>
            <port dstActor="D0N32" name="p37" srcActor="D0N19"/>
            <port dstActor="D0N29" name="p38" srcActor="D0N19"/>
            <port dstActor="D0N32" name="p39" srcActor="D0N20"/>
            <port dstActor="D0N29" name="p40" srcActor="D0N20"/>
            <port dstActor="D0N46" name="p41" srcActor="D0N20"/>
            <port dstActor="D0N26" name="p42" srcActor="D0N25"/>
            <port dstActor="D0N27" name="p43" srcActor="D0N25"/>
            <port dstActor="D0N47" name="p44" srcActor="D0N45"/>
            <port dstActor="D0N11" name="p45" srcActor="D0N3"/>
            <port dstActor="D0N19" name="p46" srcActor="D0N3"/>
            <port dstActor="D0N29" name="p47" srcActor="D0N3"/>
            <port dstActor="D0N26" name="p48" srcActor="D0N3"/>
            <port dstActor="D0N5" name="p49" srcActor="D0N3"/>
            <port dstActor="D0N46" name="p50" srcActor="D0N3"/>
            <port dstActor="D0N17" name="p51" srcActor="D0N10"/>
            <port dstActor="D0N45" name="p52" srcActor="D0N10"/>
            <port dstActor="D0N39" name="p53" srcActor="D0N38"/>
            <port dstActor="D0N41" name="p54" srcActor="D0N38"/>
            <port dstActor="D0N43" name="p55" srcActor="D0N18"/>
            <port dstActor="D0N42" name="p56" srcActor="D0N18"/>
            <port dstActor="D0N21" name="p57" srcActor="D0N18"/>
            <port dstActor="D0N45" name="p58" srcActor="D0N8"/>
            <port dstActor="D0N42" name="p59" srcActor="D0N8"/>
            <port dstActor="D0N20" name="p60" srcActor="D0N5"/>
            <port dstActor="D0N12" name="p61" srcActor="D0N5"/>
            <port dstActor="D0N47" name="p62" srcActor="D0N5"/>
            <port dstActor="D0N9" name="p63" srcActor="D0N5"/>
            <port dstActor="D0N33" name="p64" srcActor="D0N5"/>
            <port dstActor="D0N42" name="p65" srcActor="D0N0"/>
            <port dstActor="D0N24" name="p66" srcActor="D0N0"/>
            <port dstActor="D0N29" name="p67" srcActor="D0N6"/>
            <port dstActor="D0N37" name="p68" srcActor="D0N6"/>
            <port dstActor="D0N30" name="p69" srcActor="D0N6"/>
            <port dstActor="D0N17" name="p70" srcActor="D0N6"/>
            <port dstActor="D0N45" name="p71" srcActor="D0N6"/>
            <port dstActor="D0N34" name="p72" srcActor="D0N6"/>
            <port dstActor="D0N37" name="p73" srcActor="D0N32"/>
            <port dstActor="D0N33" name="p74" srcActor="D0N30"/>
            <port dstActor="D0N36" name="p75" srcActor="D0N30"/>
            <port dstActor="D0N46" name="p76" srcActor="D0N1"/>
            <port dstActor="D0N11" name="p77" srcActor="D0N1"/>
            <port dstActor="D0N22" name="p78" srcActor="D0N1"/>
            <port dstActor="D0N17" name="p79" srcActor="D0N1"/>
            <port dstActor="D0N2" name="p80" srcActor="D0N1"/>
            <port dstActor="D0N39" name="p81" srcActor="D0N1"/>
            <port dstActor="D0N44" name="p82" srcActor="D0N2"/>
            <port dstActor="D0N39" name="p83" srcActor="D0N2"/>
            <port dstActor="D0N38" name="p84" srcActor="D0N2"/>
            <port dstActor="D0N28" name="p85" srcActor="D0N2"/>
            <port dstActor="D0N33" name="p86" srcActor="D0N26"/>
            <port dstActor="D0N26" name="p87" srcActor="D0N17"/>
            <port dstActor="D0N30" name="p88" srcActor="D0N17"/>
            <port dstActor="D0N34" name="p89" srcActor="D0N17"/>
            <port dstActor="D0N41" name="p90" srcActor="D0N17"/>
            <port dstActor="D0N47" name="p91" srcActor="D0N17"/>
            <port dstActor="D0N40" name="p92" srcActor="D0N33"/>
            <port dstActor="D0N30" name="p93" srcActor="D0N24"/>
            <port dstActor="D0N47" name="p94" srcActor="D0N24"/>
            <port dstActor="D0N44" name="p95" srcActor="D0N24"/>
            <port dstActor="D0N36" name="p96" srcActor="D0N24"/>
            <port dstActor="D0N42" name="p97" srcActor="D0N34"/>
            <port dstActor="D0N36" name="p98" srcActor="D0N21"/>
            <port dstActor="D0N44" name="p99" srcActor="D0N21"/>
            <port dstActor="D0N46" name="p100" srcActor="D0N43"/>
            <port dstActor="D0N39" name="p101" srcActor="D0N31"/>
            <port dstActor="D0N42" name="p102" srcActor="D0N36"/>
            <port dstActor="D0N45" name="p103" srcActor="D0N36"/>
        </ports>
    </mcdag>
    <cores number="3"/>
    <levels number="2"/>
</mcsystem>
