<?xml version="1.0" encoding="UTF-8" standalone="no"?>
<mcsystem>
    <mcdag deadline="3000" name="genned-0-ed-10.0-0">
        <actor name="D0N6">
            <wcet number="0">110</wcet>
            <wcet number="1">180</wcet>
            <maxpow number="0.795289354334676"/>
            <maxpow number="0.795289354334676"/>
            <fprob>0.0</fprob>
        </actor>
        <actor name="D0N46">
            <wcet number="0">10</wcet>
            <wcet number="1">20</wcet>
            <maxpow number="0.9254389750676333"/>
            <maxpow number="0.9254389750676333"/>
            <fprob>0.0</fprob>
        </actor>
        <actor name="D0N47">
            <wcet number="0">20</wcet>
            <wcet number="1">30</wcet>
            <maxpow number="0.45404961013903183"/>
            <maxpow number="0.45404961013903183"/>
            <fprob>0.0</fprob>
        </actor>
        <actor name="D0N23">
            <wcet number="0">20</wcet>
            <wcet number="1">20</wcet>
            <maxpow number="0.432310081022503"/>
            <maxpow number="0.432310081022503"/>
            <fprob>0.0</fprob>
        </actor>
        <actor name="D0N34">
            <wcet number="0">20</wcet>
            <wcet number="1">30</wcet>
            <maxpow number="0.4831715927362215"/>
            <maxpow number="0.4831715927362215"/>
            <fprob>0.0</fprob>
        </actor>
        <actor name="D0N33">
            <wcet number="0">80</wcet>
            <wcet number="1">180</wcet>
            <maxpow number="0.7656542875527788"/>
            <maxpow number="0.7656542875527788"/>
            <fprob>0.0</fprob>
        </actor>
        <actor name="D0N1">
            <wcet number="0">20</wcet>
            <wcet number="1">20</wcet>
            <maxpow number="0.5470832565720979"/>
            <maxpow number="0.5470832565720979"/>
            <fprob>0.0</fprob>
        </actor>
        <actor name="D0N27">
            <wcet number="0">10</wcet>
            <wcet number="1">10</wcet>
            <maxpow number="0.6476911172115833"/>
            <maxpow number="0.6476911172115833"/>
            <fprob>0.0</fprob>
        </actor>
        <actor name="D0N9">
            <wcet number="0">20</wcet>
            <wcet number="1">90</wcet>
            <maxpow number="0.49229857965601964"/>
            <maxpow number="0.49229857965601964"/>
            <fprob>0.0</fprob>
        </actor>
        <actor name="D0N0">
            <wcet number="0">40</wcet>
            <wcet number="1">60</wcet>
            <maxpow number="0.5050218396099732"/>
            <maxpow number="0.5050218396099732"/>
            <fprob>0.0</fprob>
        </actor>
        <actor name="D0N26">
            <wcet number="0">110</wcet>
            <wcet number="1">440</wcet>
            <maxpow number="0.3908017825915703"/>
            <maxpow number="0.3908017825915703"/>
            <fprob>0.0</fprob>
        </actor>
        <actor name="D0N8">
            <wcet number="0">10</wcet>
            <wcet number="1">310</wcet>
            <maxpow number="0.29840975275396253"/>
            <maxpow number="0.29840975275396253"/>
            <fprob>0.0</fprob>
        </actor>
        <actor name="D0N21">
            <wcet number="0">150</wcet>
            <wcet number="1">180</wcet>
            <maxpow number="0.6518303844326632"/>
            <maxpow number="0.6518303844326632"/>
            <fprob>0.0</fprob>
        </actor>
        <actor name="D0N41">
            <wcet number="0">20</wcet>
            <wcet number="1">230</wcet>
            <maxpow number="0.4025615123536811"/>
            <maxpow number="0.4025615123536811"/>
            <fprob>0.0</fprob>
        </actor>
        <actor name="D0N7">
            <wcet number="0">20</wcet>
            <wcet number="1">20</wcet>
            <maxpow number="0.3929947884629761"/>
            <maxpow number="0.3929947884629761"/>
            <fprob>0.0</fprob>
        </actor>
        <actor name="D0N45">
            <wcet number="0">80</wcet>
            <wcet number="1">240</wcet>
            <maxpow number="0.5992970785490471"/>
            <maxpow number="0.5992970785490471"/>
            <fprob>0.0</fprob>
        </actor>
        <actor name="D0N5">
            <wcet number="0">240</wcet>
            <wcet number="1">490</wcet>
            <maxpow number="0.3012700838908128"/>
            <maxpow number="0.3012700838908128"/>
            <fprob>0.0</fprob>
        </actor>
        <actor name="D0N2">
            <wcet number="0">10</wcet>
            <wcet number="1">20</wcet>
            <maxpow number="0.6956487666856612"/>
            <maxpow number="0.6956487666856612"/>
            <fprob>0.0</fprob>
        </actor>
        <actor name="D0N30">
            <wcet number="0">10</wcet>
            <wcet number="1">30</wcet>
            <maxpow number="0.4504183305809917"/>
            <maxpow number="0.4504183305809917"/>
            <fprob>0.0</fprob>
        </actor>
        <actor name="D0N28">
            <wcet number="0">10</wcet>
            <wcet number="1">20</wcet>
            <maxpow number="0.3972772016172735"/>
            <maxpow number="0.3972772016172735"/>
            <fprob>0.0</fprob>
        </actor>
        <actor name="D0N44">
            <wcet number="0">50</wcet>
            <wcet number="1">60</wcet>
            <maxpow number="0.9816729102694493"/>
            <maxpow number="0.9816729102694493"/>
            <fprob>0.0</fprob>
        </actor>
        <actor name="D0N3">
            <wcet number="0">40</wcet>
            <wcet number="1">120</wcet>
            <maxpow number="0.4741667780107801"/>
            <maxpow number="0.4741667780107801"/>
            <fprob>0.0</fprob>
        </actor>
        <actor name="D0N37">
            <wcet number="0">360</wcet>
            <wcet number="1">630</wcet>
            <maxpow number="0.44943456340156585"/>
            <maxpow number="0.44943456340156585"/>
            <fprob>0.0</fprob>
        </actor>
        <actor name="D0N4">
            <wcet number="0">190</wcet>
            <wcet number="1">380</wcet>
            <maxpow number="0.5444182755713817"/>
            <maxpow number="0.5444182755713817"/>
            <fprob>0.0</fprob>
        </actor>
        <actor name="D0N20">
            <wcet number="0">30</wcet>
            <wcet number="1">140</wcet>
            <maxpow number="0.7910850298685631"/>
            <maxpow number="0.7910850298685631"/>
            <fprob>0.0</fprob>
        </actor>
        <actor name="D0N48">
            <wcet number="0">80</wcet>
            <wcet number="1">190</wcet>
            <maxpow number="0.6186131121342374"/>
            <maxpow number="0.6186131121342374"/>
            <fprob>0.0</fprob>
        </actor>
        <actor name="D0N11">
            <wcet number="0">50</wcet>
            <wcet number="1">50</wcet>
            <maxpow number="0.4788265870046145"/>
            <maxpow number="0.4788265870046145"/>
            <fprob>0.0</fprob>
        </actor>
        <actor name="D0N31">
            <wcet number="0">160</wcet>
            <wcet number="1">180</wcet>
            <maxpow number="0.5506904500340859"/>
            <maxpow number="0.5506904500340859"/>
            <fprob>0.0</fprob>
        </actor>
        <actor name="D0N35">
            <wcet number="0">200</wcet>
            <wcet number="1">200</wcet>
            <maxpow number="0.4540972117774648"/>
            <maxpow number="0.4540972117774648"/>
            <fprob>0.0</fprob>
        </actor>
        <actor name="D0N32">
            <wcet number="0">120</wcet>
            <wcet number="1">170</wcet>
            <maxpow number="0.7530027486664443"/>
            <maxpow number="0.7530027486664443"/>
            <fprob>0.0</fprob>
        </actor>
        <actor name="D0N40">
            <wcet number="0">50</wcet>
            <wcet number="1">80</wcet>
            <maxpow number="0.5581031381548076"/>
            <maxpow number="0.5581031381548076"/>
            <fprob>0.0</fprob>
        </actor>
        <actor name="D0N38">
            <wcet number="0">230</wcet>
            <wcet number="1">370</wcet>
            <maxpow number="0.3182275196926865"/>
            <maxpow number="0.3182275196926865"/>
            <fprob>0.0</fprob>
        </actor>
        <actor name="D0N14">
            <wcet number="0">40</wcet>
            <wcet number="1">120</wcet>
            <maxpow number="0.6948823886218468"/>
            <maxpow number="0.6948823886218468"/>
            <fprob>0.0</fprob>
        </actor>
        <actor name="D0N19">
            <wcet number="0">40</wcet>
            <wcet number="1">40</wcet>
            <maxpow number="0.3303272984907544"/>
            <maxpow number="0.3303272984907544"/>
            <fprob>0.0</fprob>
        </actor>
        <actor name="D0N36">
            <wcet number="0">60</wcet>
            <wcet number="1">60</wcet>
            <maxpow number="0.6115685471883646"/>
            <maxpow number="0.6115685471883646"/>
            <fprob>0.0</fprob>
        </actor>
        <actor name="D0N22">
            <wcet number="0">570</wcet>
            <wcet number="1">960</wcet>
            <maxpow number="0.6318074770585965"/>
            <maxpow number="0.6318074770585965"/>
            <fprob>0.0</fprob>
        </actor>
        <actor name="D0N43">
            <wcet number="0">50</wcet>
            <wcet number="1">60</wcet>
            <maxpow number="0.46639541995761735"/>
            <maxpow number="0.46639541995761735"/>
            <fprob>0.0</fprob>
        </actor>
        <actor name="D0N39">
            <wcet number="0">10</wcet>
            <wcet number="1">20</wcet>
            <maxpow number="1.0847889418911891"/>
            <maxpow number="1.0847889418911891"/>
            <fprob>0.0</fprob>
        </actor>
        <actor name="D0N16">
            <wcet number="0">50</wcet>
            <wcet number="1">60</wcet>
            <maxpow number="0.7346836809476999"/>
            <maxpow number="0.7346836809476999"/>
            <fprob>0.0</fprob>
        </actor>
        <actor name="D0N10">
            <wcet number="0">30</wcet>
            <wcet number="1">50</wcet>
            <maxpow number="0.6204954644684071"/>
            <maxpow number="0.6204954644684071"/>
            <fprob>0.0</fprob>
        </actor>
        <actor name="D0N12">
            <wcet number="0">100</wcet>
            <wcet number="1">120</wcet>
            <maxpow number="0.7251573055795653"/>
            <maxpow number="0.7251573055795653"/>
            <fprob>0.0</fprob>
        </actor>
        <actor name="D0N13">
            <wcet number="0">90</wcet>
            <wcet number="1">110</wcet>
            <maxpow number="0.6519827980274607"/>
            <maxpow number="0.6519827980274607"/>
            <fprob>0.0</fprob>
        </actor>
        <actor name="D0N17">
            <wcet number="0">10</wcet>
            <wcet number="1">30</wcet>
            <maxpow number="0.5646257556448812"/>
            <maxpow number="0.5646257556448812"/>
            <fprob>0.0</fprob>
        </actor>
        <actor name="D0N18">
            <wcet number="0">90</wcet>
            <wcet number="1">290</wcet>
            <maxpow number="0.37267889503147855"/>
            <maxpow number="0.37267889503147855"/>
            <fprob>0.0</fprob>
        </actor>
        <actor name="D0N24">
            <wcet number="0">70</wcet>
            <wcet number="1">70</wcet>
            <maxpow number="0.43428309975743523"/>
            <maxpow number="0.43428309975743523"/>
            <fprob>0.0</fprob>
        </actor>
        <actor name="D0N25">
            <wcet number="0">440</wcet>
            <wcet number="1">440</wcet>
            <maxpow number="0.7037230542404382"/>
            <maxpow number="0.7037230542404382"/>
            <fprob>0.0</fprob>
        </actor>
        <actor name="D0N42">
            <wcet number="0">260</wcet>
            <wcet number="1">300</wcet>
            <maxpow number="0.1929841968395643"/>
            <maxpow number="0.1929841968395643"/>
            <fprob>0.0</fprob>
        </actor>
        <actor name="D0N15">
            <wcet number="0">30</wcet>
            <wcet number="1">80</wcet>
            <maxpow number="0.6995368404851419"/>
            <maxpow number="0.6995368404851419"/>
            <fprob>0.0</fprob>
        </actor>
        <actor name="D0N29">
            <wcet number="0">40</wcet>
            <wcet number="1">700</wcet>
            <maxpow number="0.6465010564863917"/>
            <maxpow number="0.6465010564863917"/>
            <fprob>0.0</fprob>
        </actor>
        <ports>
            <port dstActor="D0N45" name="p0" srcActor="D0N6"/>
            <port dstActor="D0N21" name="p1" srcActor="D0N6"/>
            <port dstActor="D0N17" name="p2" srcActor="D0N6"/>
            <port dstActor="D0N42" name="p3" srcActor="D0N6"/>
            <port dstActor="D0N31" name="p4" srcActor="D0N23"/>
            <port dstActor="D0N27" name="p5" srcActor="D0N23"/>
            <port dstActor="D0N45" name="p6" srcActor="D0N34"/>
            <port dstActor="D0N40" name="p7" srcActor="D0N34"/>
            <port dstActor="D0N10" name="p8" srcActor="D0N1"/>
            <port dstActor="D0N24" name="p9" srcActor="D0N1"/>
            <port dstActor="D0N39" name="p10" srcActor="D0N27"/>
            <port dstActor="D0N47" name="p11" srcActor="D0N27"/>
            <port dstActor="D0N43" name="p12" srcActor="D0N27"/>
            <port dstActor="D0N45" name="p13" srcActor="D0N27"/>
            <port dstActor="D0N38" name="p14" srcActor="D0N9"/>
            <port dstActor="D0N23" name="p15" srcActor="D0N9"/>
            <port dstActor="D0N41" name="p16" srcActor="D0N9"/>
            <port dstActor="D0N48" name="p17" srcActor="D0N9"/>
            <port dstActor="D0N35" name="p18" srcActor="D0N0"/>
            <port dstActor="D0N33" name="p19" srcActor="D0N0"/>
            <port dstActor="D0N21" name="p20" srcActor="D0N0"/>
            <port dstActor="D0N42" name="p21" srcActor="D0N0"/>
            <port dstActor="D0N2" name="p22" srcActor="D0N0"/>
            <port dstActor="D0N46" name="p23" srcActor="D0N26"/>
            <port dstActor="D0N29" name="p24" srcActor="D0N26"/>
            <port dstActor="D0N47" name="p25" srcActor="D0N8"/>
            <port dstActor="D0N11" name="p26" srcActor="D0N8"/>
            <port dstActor="D0N31" name="p27" srcActor="D0N8"/>
            <port dstActor="D0N46" name="p28" srcActor="D0N8"/>
            <port dstActor="D0N9" name="p29" srcActor="D0N8"/>
            <port dstActor="D0N28" name="p30" srcActor="D0N8"/>
            <port dstActor="D0N29" name="p31" srcActor="D0N8"/>
            <port dstActor="D0N24" name="p32" srcActor="D0N21"/>
            <port dstActor="D0N43" name="p33" srcActor="D0N21"/>
            <port dstActor="D0N22" name="p34" srcActor="D0N21"/>
            <port dstActor="D0N48" name="p35" srcActor="D0N21"/>
            <port dstActor="D0N33" name="p36" srcActor="D0N21"/>
            <port dstActor="D0N48" name="p37" srcActor="D0N7"/>
            <port dstActor="D0N37" name="p38" srcActor="D0N7"/>
            <port dstActor="D0N20" name="p39" srcActor="D0N7"/>
            <port dstActor="D0N47" name="p40" srcActor="D0N7"/>
            <port dstActor="D0N47" name="p41" srcActor="D0N45"/>
            <port dstActor="D0N34" name="p42" srcActor="D0N5"/>
            <port dstActor="D0N14" name="p43" srcActor="D0N5"/>
            <port dstActor="D0N43" name="p44" srcActor="D0N5"/>
            <port dstActor="D0N11" name="p45" srcActor="D0N5"/>
            <port dstActor="D0N16" name="p46" srcActor="D0N5"/>
            <port dstActor="D0N8" name="p47" srcActor="D0N2"/>
            <port dstActor="D0N13" name="p48" srcActor="D0N2"/>
            <port dstActor="D0N41" name="p49" srcActor="D0N2"/>
            <port dstActor="D0N30" name="p50" srcActor="D0N28"/>
            <port dstActor="D0N34" name="p51" srcActor="D0N28"/>
            <port dstActor="D0N48" name="p52" srcActor="D0N28"/>
            <port dstActor="D0N47" name="p53" srcActor="D0N44"/>
            <port dstActor="D0N5" name="p54" srcActor="D0N3"/>
            <port dstActor="D0N23" name="p55" srcActor="D0N3"/>
            <port dstActor="D0N8" name="p56" srcActor="D0N3"/>
            <port dstActor="D0N47" name="p57" srcActor="D0N3"/>
            <port dstActor="D0N41" name="p58" srcActor="D0N37"/>
            <port dstActor="D0N47" name="p59" srcActor="D0N37"/>
            <port dstActor="D0N48" name="p60" srcActor="D0N4"/>
            <port dstActor="D0N34" name="p61" srcActor="D0N4"/>
            <port dstActor="D0N21" name="p62" srcActor="D0N4"/>
            <port dstActor="D0N24" name="p63" srcActor="D0N4"/>
            <port dstActor="D0N45" name="p64" srcActor="D0N4"/>
            <port dstActor="D0N42" name="p65" srcActor="D0N20"/>
            <port dstActor="D0N23" name="p66" srcActor="D0N20"/>
            <port dstActor="D0N25" name="p67" srcActor="D0N20"/>
            <port dstActor="D0N38" name="p68" srcActor="D0N20"/>
            <port dstActor="D0N27" name="p69" srcActor="D0N20"/>
            <port dstActor="D0N46" name="p70" srcActor="D0N11"/>
            <port dstActor="D0N46" name="p71" srcActor="D0N31"/>
            <port dstActor="D0N45" name="p72" srcActor="D0N31"/>
            <port dstActor="D0N44" name="p73" srcActor="D0N35"/>
            <port dstActor="D0N44" name="p74" srcActor="D0N32"/>
            <port dstActor="D0N44" name="p75" srcActor="D0N40"/>
            <port dstActor="D0N24" name="p76" srcActor="D0N14"/>
            <port dstActor="D0N15" name="p77" srcActor="D0N14"/>
            <port dstActor="D0N26" name="p78" srcActor="D0N14"/>
            <port dstActor="D0N34" name="p79" srcActor="D0N14"/>
            <port dstActor="D0N35" name="p80" srcActor="D0N19"/>
            <port dstActor="D0N39" name="p81" srcActor="D0N36"/>
            <port dstActor="D0N44" name="p82" srcActor="D0N22"/>
            <port dstActor="D0N23" name="p83" srcActor="D0N22"/>
            <port dstActor="D0N25" name="p84" srcActor="D0N22"/>
            <port dstActor="D0N24" name="p85" srcActor="D0N22"/>
            <port dstActor="D0N42" name="p86" srcActor="D0N22"/>
            <port dstActor="D0N18" name="p87" srcActor="D0N16"/>
            <port dstActor="D0N17" name="p88" srcActor="D0N16"/>
            <port dstActor="D0N43" name="p89" srcActor="D0N16"/>
            <port dstActor="D0N37" name="p90" srcActor="D0N16"/>
            <port dstActor="D0N28" name="p91" srcActor="D0N16"/>
            <port dstActor="D0N44" name="p92" srcActor="D0N16"/>
            <port dstActor="D0N36" name="p93" srcActor="D0N16"/>
            <port dstActor="D0N19" name="p94" srcActor="D0N10"/>
            <port dstActor="D0N45" name="p95" srcActor="D0N10"/>
            <port dstActor="D0N29" name="p96" srcActor="D0N10"/>
            <port dstActor="D0N12" name="p97" srcActor="D0N10"/>
            <port dstActor="D0N13" name="p98" srcActor="D0N12"/>
            <port dstActor="D0N39" name="p99" srcActor="D0N12"/>
            <port dstActor="D0N19" name="p100" srcActor="D0N12"/>
            <port dstActor="D0N20" name="p101" srcActor="D0N13"/>
            <port dstActor="D0N14" name="p102" srcActor="D0N13"/>
            <port dstActor="D0N37" name="p103" srcActor="D0N13"/>
            <port dstActor="D0N31" name="p104" srcActor="D0N17"/>
            <port dstActor="D0N48" name="p105" srcActor="D0N17"/>
            <port dstActor="D0N22" name="p106" srcActor="D0N17"/>
            <port dstActor="D0N45" name="p107" srcActor="D0N17"/>
            <port dstActor="D0N44" name="p108" srcActor="D0N17"/>
            <port dstActor="D0N48" name="p109" srcActor="D0N18"/>
            <port dstActor="D0N25" name="p110" srcActor="D0N18"/>
            <port dstActor="D0N28" name="p111" srcActor="D0N18"/>
            <port dstActor="D0N30" name="p112" srcActor="D0N24"/>
            <port dstActor="D0N31" name="p113" srcActor="D0N24"/>
            <port dstActor="D0N35" name="p114" srcActor="D0N24"/>
            <port dstActor="D0N34" name="p115" srcActor="D0N24"/>
            <port dstActor="D0N33" name="p116" srcActor="D0N25"/>
            <port dstActor="D0N34" name="p117" srcActor="D0N25"/>
            <port dstActor="D0N22" name="p118" srcActor="D0N15"/>
            <port dstActor="D0N48" name="p119" srcActor="D0N15"/>
            <port dstActor="D0N33" name="p120" srcActor="D0N29"/>
            <port dstActor="D0N48" name="p121" srcActor="D0N29"/>
        </ports>
    </mcdag>
    <cores number="3"/>
    <levels number="2"/>
</mcsystem>
