<?xml version="1.0" encoding="UTF-8" standalone="no"?>
<mcsystem>
    <mcdag deadline="1500" name="genned-0-ed-10.0-0">
        <actor name="D0N2">
            <wcet number="0">230</wcet>
            <wcet number="1">230</wcet>
            <maxpow number="0.5439206184677928"/>
            <maxpow number="0.5439206184677928"/>
            <fprob>0.0</fprob>
        </actor>
        <actor name="D0N3">
            <wcet number="0">70</wcet>
            <wcet number="1">130</wcet>
            <maxpow number="0.5405241730701473"/>
            <maxpow number="0.5405241730701473"/>
            <fprob>0.0</fprob>
        </actor>
        <actor name="D0N27">
            <wcet number="0">50</wcet>
            <wcet number="1">60</wcet>
            <maxpow number="0.6978530586345496"/>
            <maxpow number="0.6978530586345496"/>
            <fprob>0.0</fprob>
        </actor>
        <actor name="D0N15">
            <wcet number="0">150</wcet>
            <wcet number="1">160</wcet>
            <maxpow number="0.6032948623398025"/>
            <maxpow number="0.6032948623398025"/>
            <fprob>0.0</fprob>
        </actor>
        <actor name="D0N1">
            <wcet number="0">30</wcet>
            <wcet number="1">40</wcet>
            <maxpow number="0.620796999601989"/>
            <maxpow number="0.620796999601989"/>
            <fprob>0.0</fprob>
        </actor>
        <actor name="D0N26">
            <wcet number="0">20</wcet>
            <wcet number="1">100</wcet>
            <maxpow number="0.951106502836393"/>
            <maxpow number="0.951106502836393"/>
            <fprob>0.0</fprob>
        </actor>
        <actor name="D0N0">
            <wcet number="0">10</wcet>
            <wcet number="1">30</wcet>
            <maxpow number="0.5756867819340086"/>
            <maxpow number="0.5756867819340086"/>
            <fprob>0.0</fprob>
        </actor>
        <actor name="D0N13">
            <wcet number="0">10</wcet>
            <wcet number="1">20</wcet>
            <maxpow number="0.41336665123755156"/>
            <maxpow number="0.41336665123755156"/>
            <fprob>0.0</fprob>
        </actor>
        <actor name="D0N23">
            <wcet number="0">10</wcet>
            <wcet number="1">10</wcet>
            <maxpow number="0.8482325113767486"/>
            <maxpow number="0.8482325113767486"/>
            <fprob>0.0</fprob>
        </actor>
        <actor name="D0N29">
            <wcet number="0">20</wcet>
            <wcet number="1">30</wcet>
            <maxpow number="0.714291840086639"/>
            <maxpow number="0.714291840086639"/>
            <fprob>0.0</fprob>
        </actor>
        <actor name="D0N33">
            <wcet number="0">10</wcet>
            <wcet number="1">10</wcet>
            <maxpow number="0.6142872950986312"/>
            <maxpow number="0.6142872950986312"/>
            <fprob>0.0</fprob>
        </actor>
        <actor name="D0N8">
            <wcet number="0">30</wcet>
            <wcet number="1">60</wcet>
            <maxpow number="0.6869707776184677"/>
            <maxpow number="0.6869707776184677"/>
            <fprob>0.0</fprob>
        </actor>
        <actor name="D0N28">
            <wcet number="0">30</wcet>
            <wcet number="1">90</wcet>
            <maxpow number="0.5830187209038376"/>
            <maxpow number="0.5830187209038376"/>
            <fprob>0.0</fprob>
        </actor>
        <actor name="D0N12">
            <wcet number="0">50</wcet>
            <wcet number="1">130</wcet>
            <maxpow number="0.35724238583508056"/>
            <maxpow number="0.35724238583508056"/>
            <fprob>0.0</fprob>
        </actor>
        <actor name="D0N4">
            <wcet number="0">20</wcet>
            <wcet number="1">40</wcet>
            <maxpow number="0.5083270258623096"/>
            <maxpow number="0.5083270258623096"/>
            <fprob>0.0</fprob>
        </actor>
        <actor name="D0N35">
            <wcet number="0">10</wcet>
            <wcet number="1">10</wcet>
            <maxpow number="0.7137710979676447"/>
            <maxpow number="0.7137710979676447"/>
            <fprob>0.0</fprob>
        </actor>
        <actor name="D0N41">
            <wcet number="0">10</wcet>
            <wcet number="1">10</wcet>
            <maxpow number="0.5322210774094328"/>
            <maxpow number="0.5322210774094328"/>
            <fprob>0.0</fprob>
        </actor>
        <actor name="D0N19">
            <wcet number="0">10</wcet>
            <wcet number="1">10</wcet>
            <maxpow number="0.39977776639747187"/>
            <maxpow number="0.39977776639747187"/>
            <fprob>0.0</fprob>
        </actor>
        <actor name="D0N43">
            <wcet number="0">20</wcet>
            <wcet number="1">20</wcet>
            <maxpow number="0.4883495683405846"/>
            <maxpow number="0.4883495683405846"/>
            <fprob>0.0</fprob>
        </actor>
        <actor name="D0N5">
            <wcet number="0">20</wcet>
            <wcet number="1">40</wcet>
            <maxpow number="0.6306609570532328"/>
            <maxpow number="0.6306609570532328"/>
            <fprob>0.0</fprob>
        </actor>
        <actor name="D0N20">
            <wcet number="0">40</wcet>
            <wcet number="1">40</wcet>
            <maxpow number="0.4577638046893794"/>
            <maxpow number="0.4577638046893794"/>
            <fprob>0.0</fprob>
        </actor>
        <actor name="D0N30">
            <wcet number="0">10</wcet>
            <wcet number="1">40</wcet>
            <maxpow number="0.4609142343052261"/>
            <maxpow number="0.4609142343052261"/>
            <fprob>0.0</fprob>
        </actor>
        <actor name="D0N37">
            <wcet number="0">10</wcet>
            <wcet number="1">10</wcet>
            <maxpow number="0.5024523661416957"/>
            <maxpow number="0.5024523661416957"/>
            <fprob>0.0</fprob>
        </actor>
        <actor name="D0N42">
            <wcet number="0">50</wcet>
            <wcet number="1">90</wcet>
            <maxpow number="1.0043857676618453"/>
            <maxpow number="1.0043857676618453"/>
            <fprob>0.0</fprob>
        </actor>
        <actor name="D0N14">
            <wcet number="0">20</wcet>
            <wcet number="1">80</wcet>
            <maxpow number="0.44228222546806567"/>
            <maxpow number="0.44228222546806567"/>
            <fprob>0.0</fprob>
        </actor>
        <actor name="D0N39">
            <wcet number="0">40</wcet>
            <wcet number="1">100</wcet>
            <maxpow number="0.44238301550607523"/>
            <maxpow number="0.44238301550607523"/>
            <fprob>0.0</fprob>
        </actor>
        <actor name="D0N21">
            <wcet number="0">70</wcet>
            <wcet number="1">80</wcet>
            <maxpow number="0.5938775065183485"/>
            <maxpow number="0.5938775065183485"/>
            <fprob>0.0</fprob>
        </actor>
        <actor name="D0N10">
            <wcet number="0">20</wcet>
            <wcet number="1">30</wcet>
            <maxpow number="0.6293351421207463"/>
            <maxpow number="0.6293351421207463"/>
            <fprob>0.0</fprob>
        </actor>
        <actor name="D0N16">
            <wcet number="0">70</wcet>
            <wcet number="1">70</wcet>
            <maxpow number="0.8512910642072148"/>
            <maxpow number="0.8512910642072148"/>
            <fprob>0.0</fprob>
        </actor>
        <actor name="D0N6">
            <wcet number="0">10</wcet>
            <wcet number="1">30</wcet>
            <maxpow number="0.13407897362951987"/>
            <maxpow number="0.13407897362951987"/>
            <fprob>0.0</fprob>
        </actor>
        <actor name="D0N17">
            <wcet number="0">30</wcet>
            <wcet number="1">60</wcet>
            <maxpow number="0.6854564871158549"/>
            <maxpow number="0.6854564871158549"/>
            <fprob>0.0</fprob>
        </actor>
        <actor name="D0N11">
            <wcet number="0">50</wcet>
            <wcet number="1">360</wcet>
            <maxpow number="0.5035765503764371"/>
            <maxpow number="0.5035765503764371"/>
            <fprob>0.0</fprob>
        </actor>
        <actor name="D0N38">
            <wcet number="0">40</wcet>
            <wcet number="1">100</wcet>
            <maxpow number="0.5039705047938536"/>
            <maxpow number="0.5039705047938536"/>
            <fprob>0.0</fprob>
        </actor>
        <actor name="D0N9">
            <wcet number="0">20</wcet>
            <wcet number="1">30</wcet>
            <maxpow number="0.5182663363134227"/>
            <maxpow number="0.5182663363134227"/>
            <fprob>0.0</fprob>
        </actor>
        <actor name="D0N24">
            <wcet number="0">40</wcet>
            <wcet number="1">50</wcet>
            <maxpow number="0.6273320476784213"/>
            <maxpow number="0.6273320476784213"/>
            <fprob>0.0</fprob>
        </actor>
        <actor name="D0N36">
            <wcet number="0">100</wcet>
            <wcet number="1">140</wcet>
            <maxpow number="0.5540177150321883"/>
            <maxpow number="0.5540177150321883"/>
            <fprob>0.0</fprob>
        </actor>
        <actor name="D0N34">
            <wcet number="0">10</wcet>
            <wcet number="1">10</wcet>
            <maxpow number="0.5500788107122428"/>
            <maxpow number="0.5500788107122428"/>
            <fprob>0.0</fprob>
        </actor>
        <actor name="D0N32">
            <wcet number="0">80</wcet>
            <wcet number="1">80</wcet>
            <maxpow number="0.6915224057564072"/>
            <maxpow number="0.6915224057564072"/>
            <fprob>0.0</fprob>
        </actor>
        <actor name="D0N7">
            <wcet number="0">120</wcet>
            <wcet number="1">140</wcet>
            <maxpow number="0.5465776402200694"/>
            <maxpow number="0.5465776402200694"/>
            <fprob>0.0</fprob>
        </actor>
        <actor name="D0N18">
            <wcet number="0">10</wcet>
            <wcet number="1">20</wcet>
            <maxpow number="0.5767363387866624"/>
            <maxpow number="0.5767363387866624"/>
            <fprob>0.0</fprob>
        </actor>
        <actor name="D0N40">
            <wcet number="0">70</wcet>
            <wcet number="1">80</wcet>
            <maxpow number="0.3732611815439818"/>
            <maxpow number="0.3732611815439818"/>
            <fprob>0.0</fprob>
        </actor>
        <actor name="D0N31">
            <wcet number="0">50</wcet>
            <wcet number="1">60</wcet>
            <maxpow number="0.6636158668089289"/>
            <maxpow number="0.6636158668089289"/>
            <fprob>0.0</fprob>
        </actor>
        <actor name="D0N25">
            <wcet number="0">10</wcet>
            <wcet number="1">10</wcet>
            <maxpow number="0.5361152326875843"/>
            <maxpow number="0.5361152326875843"/>
            <fprob>0.0</fprob>
        </actor>
        <actor name="D0N22">
            <wcet number="0">20</wcet>
            <wcet number="1">60</wcet>
            <maxpow number="0.9734874252505318"/>
            <maxpow number="0.9734874252505318"/>
            <fprob>0.0</fprob>
        </actor>
        <ports>
            <port dstActor="D0N10" name="p0" srcActor="D0N2"/>
            <port dstActor="D0N12" name="p1" srcActor="D0N2"/>
            <port dstActor="D0N33" name="p2" srcActor="D0N2"/>
            <port dstActor="D0N32" name="p3" srcActor="D0N2"/>
            <port dstActor="D0N42" name="p4" srcActor="D0N2"/>
            <port dstActor="D0N21" name="p5" srcActor="D0N3"/>
            <port dstActor="D0N27" name="p6" srcActor="D0N3"/>
            <port dstActor="D0N31" name="p7" srcActor="D0N3"/>
            <port dstActor="D0N11" name="p8" srcActor="D0N3"/>
            <port dstActor="D0N43" name="p9" srcActor="D0N15"/>
            <port dstActor="D0N33" name="p10" srcActor="D0N15"/>
            <port dstActor="D0N22" name="p11" srcActor="D0N15"/>
            <port dstActor="D0N35" name="p12" srcActor="D0N1"/>
            <port dstActor="D0N15" name="p13" srcActor="D0N1"/>
            <port dstActor="D0N36" name="p14" srcActor="D0N1"/>
            <port dstActor="D0N41" name="p15" srcActor="D0N1"/>
            <port dstActor="D0N31" name="p16" srcActor="D0N26"/>
            <port dstActor="D0N27" name="p17" srcActor="D0N26"/>
            <port dstActor="D0N28" name="p18" srcActor="D0N26"/>
            <port dstActor="D0N5" name="p19" srcActor="D0N0"/>
            <port dstActor="D0N24" name="p20" srcActor="D0N0"/>
            <port dstActor="D0N35" name="p21" srcActor="D0N0"/>
            <port dstActor="D0N30" name="p22" srcActor="D0N0"/>
            <port dstActor="D0N18" name="p23" srcActor="D0N0"/>
            <port dstActor="D0N43" name="p24" srcActor="D0N0"/>
            <port dstActor="D0N29" name="p25" srcActor="D0N13"/>
            <port dstActor="D0N35" name="p26" srcActor="D0N13"/>
            <port dstActor="D0N17" name="p27" srcActor="D0N13"/>
            <port dstActor="D0N38" name="p28" srcActor="D0N23"/>
            <port dstActor="D0N35" name="p29" srcActor="D0N23"/>
            <port dstActor="D0N26" name="p30" srcActor="D0N23"/>
            <port dstActor="D0N42" name="p31" srcActor="D0N29"/>
            <port dstActor="D0N24" name="p32" srcActor="D0N8"/>
            <port dstActor="D0N39" name="p33" srcActor="D0N28"/>
            <port dstActor="D0N33" name="p34" srcActor="D0N28"/>
            <port dstActor="D0N31" name="p35" srcActor="D0N12"/>
            <port dstActor="D0N37" name="p36" srcActor="D0N12"/>
            <port dstActor="D0N34" name="p37" srcActor="D0N12"/>
            <port dstActor="D0N26" name="p38" srcActor="D0N4"/>
            <port dstActor="D0N29" name="p39" srcActor="D0N4"/>
            <port dstActor="D0N7" name="p40" srcActor="D0N4"/>
            <port dstActor="D0N34" name="p41" srcActor="D0N4"/>
            <port dstActor="D0N17" name="p42" srcActor="D0N4"/>
            <port dstActor="D0N40" name="p43" srcActor="D0N4"/>
            <port dstActor="D0N38" name="p44" srcActor="D0N35"/>
            <port dstActor="D0N39" name="p45" srcActor="D0N35"/>
            <port dstActor="D0N42" name="p46" srcActor="D0N41"/>
            <port dstActor="D0N27" name="p47" srcActor="D0N19"/>
            <port dstActor="D0N25" name="p48" srcActor="D0N19"/>
            <port dstActor="D0N38" name="p49" srcActor="D0N5"/>
            <port dstActor="D0N18" name="p50" srcActor="D0N5"/>
            <port dstActor="D0N32" name="p51" srcActor="D0N5"/>
            <port dstActor="D0N25" name="p52" srcActor="D0N5"/>
            <port dstActor="D0N38" name="p53" srcActor="D0N20"/>
            <port dstActor="D0N38" name="p54" srcActor="D0N30"/>
            <port dstActor="D0N33" name="p55" srcActor="D0N30"/>
            <port dstActor="D0N39" name="p56" srcActor="D0N37"/>
            <port dstActor="D0N32" name="p57" srcActor="D0N14"/>
            <port dstActor="D0N33" name="p58" srcActor="D0N14"/>
            <port dstActor="D0N29" name="p59" srcActor="D0N14"/>
            <port dstActor="D0N42" name="p60" srcActor="D0N21"/>
            <port dstActor="D0N12" name="p61" srcActor="D0N10"/>
            <port dstActor="D0N30" name="p62" srcActor="D0N10"/>
            <port dstActor="D0N11" name="p63" srcActor="D0N10"/>
            <port dstActor="D0N39" name="p64" srcActor="D0N10"/>
            <port dstActor="D0N18" name="p65" srcActor="D0N10"/>
            <port dstActor="D0N42" name="p66" srcActor="D0N16"/>
            <port dstActor="D0N39" name="p67" srcActor="D0N16"/>
            <port dstActor="D0N25" name="p68" srcActor="D0N16"/>
            <port dstActor="D0N20" name="p69" srcActor="D0N16"/>
            <port dstActor="D0N22" name="p70" srcActor="D0N6"/>
            <port dstActor="D0N43" name="p71" srcActor="D0N6"/>
            <port dstActor="D0N18" name="p72" srcActor="D0N17"/>
            <port dstActor="D0N17" name="p73" srcActor="D0N11"/>
            <port dstActor="D0N27" name="p74" srcActor="D0N11"/>
            <port dstActor="D0N39" name="p75" srcActor="D0N9"/>
            <port dstActor="D0N10" name="p76" srcActor="D0N9"/>
            <port dstActor="D0N14" name="p77" srcActor="D0N9"/>
            <port dstActor="D0N33" name="p78" srcActor="D0N24"/>
            <port dstActor="D0N28" name="p79" srcActor="D0N24"/>
            <port dstActor="D0N35" name="p80" srcActor="D0N32"/>
            <port dstActor="D0N39" name="p81" srcActor="D0N7"/>
            <port dstActor="D0N9" name="p82" srcActor="D0N7"/>
            <port dstActor="D0N42" name="p83" srcActor="D0N7"/>
            <port dstActor="D0N8" name="p84" srcActor="D0N7"/>
            <port dstActor="D0N36" name="p85" srcActor="D0N7"/>
            <port dstActor="D0N37" name="p86" srcActor="D0N7"/>
            <port dstActor="D0N35" name="p87" srcActor="D0N18"/>
            <port dstActor="D0N27" name="p88" srcActor="D0N18"/>
            <port dstActor="D0N26" name="p89" srcActor="D0N18"/>
            <port dstActor="D0N36" name="p90" srcActor="D0N31"/>
            <port dstActor="D0N32" name="p91" srcActor="D0N25"/>
            <port dstActor="D0N24" name="p92" srcActor="D0N22"/>
            <port dstActor="D0N39" name="p93" srcActor="D0N22"/>
            <port dstActor="D0N27" name="p94" srcActor="D0N22"/>
        </ports>
    </mcdag>
    <cores number="2"/>
    <levels number="2"/>
</mcsystem>
