<?xml version="1.0" encoding="UTF-8" standalone="no"?>
<mcsystem>
    <mcdag deadline="1000" name="genned-0-ed-10.0-0">
        <actor name="D0N15">
            <wcet number="0">30</wcet>
            <wcet number="1">30</wcet>
            <maxpow number="0.2757467659621015"/>
            <maxpow number="0.2757467659621015"/>
            <fprob>0.0</fprob>
        </actor>
        <actor name="D0N41">
            <wcet number="0">10</wcet>
            <wcet number="1">40</wcet>
            <maxpow number="0.6743599572751235"/>
            <maxpow number="0.6743599572751235"/>
            <fprob>0.0</fprob>
        </actor>
        <actor name="D0N5">
            <wcet number="0">30</wcet>
            <wcet number="1">40</wcet>
            <maxpow number="0.6191994390236267"/>
            <maxpow number="0.6191994390236267"/>
            <fprob>0.0</fprob>
        </actor>
        <actor name="D0N9">
            <wcet number="0">40</wcet>
            <wcet number="1">60</wcet>
            <maxpow number="0.9026156884457515"/>
            <maxpow number="0.9026156884457515"/>
            <fprob>0.0</fprob>
        </actor>
        <actor name="D0N34">
            <wcet number="0">10</wcet>
            <wcet number="1">20</wcet>
            <maxpow number="0.7052440195250427"/>
            <maxpow number="0.7052440195250427"/>
            <fprob>0.0</fprob>
        </actor>
        <actor name="D0N46">
            <wcet number="0">10</wcet>
            <wcet number="1">10</wcet>
            <maxpow number="0.6914899638881657"/>
            <maxpow number="0.6914899638881657"/>
            <fprob>0.0</fprob>
        </actor>
        <actor name="D0N33">
            <wcet number="0">20</wcet>
            <wcet number="1">40</wcet>
            <maxpow number="0.5644786167963158"/>
            <maxpow number="0.5644786167963158"/>
            <fprob>0.0</fprob>
        </actor>
        <actor name="D0N10">
            <wcet number="0">20</wcet>
            <wcet number="1">50</wcet>
            <maxpow number="0.7942934499428445"/>
            <maxpow number="0.7942934499428445"/>
            <fprob>0.0</fprob>
        </actor>
        <actor name="D0N43">
            <wcet number="0">10</wcet>
            <wcet number="1">10</wcet>
            <maxpow number="0.3223491874903516"/>
            <maxpow number="0.3223491874903516"/>
            <fprob>0.0</fprob>
        </actor>
        <actor name="D0N42">
            <wcet number="0">160</wcet>
            <wcet number="1">180</wcet>
            <maxpow number="0.34958660075468295"/>
            <maxpow number="0.34958660075468295"/>
            <fprob>0.0</fprob>
        </actor>
        <actor name="D0N21">
            <wcet number="0">10</wcet>
            <wcet number="1">110</wcet>
            <maxpow number="0.6596331617361407"/>
            <maxpow number="0.6596331617361407"/>
            <fprob>0.0</fprob>
        </actor>
        <actor name="D0N38">
            <wcet number="0">10</wcet>
            <wcet number="1">20</wcet>
            <maxpow number="0.23914528233286209"/>
            <maxpow number="0.23914528233286209"/>
            <fprob>0.0</fprob>
        </actor>
        <actor name="D0N45">
            <wcet number="0">10</wcet>
            <wcet number="1">20</wcet>
            <maxpow number="0.2947268863895819"/>
            <maxpow number="0.2947268863895819"/>
            <fprob>0.0</fprob>
        </actor>
        <actor name="D0N3">
            <wcet number="0">20</wcet>
            <wcet number="1">30</wcet>
            <maxpow number="0.4239474452490659"/>
            <maxpow number="0.4239474452490659"/>
            <fprob>0.0</fprob>
        </actor>
        <actor name="D0N30">
            <wcet number="0">10</wcet>
            <wcet number="1">10</wcet>
            <maxpow number="0.8704768596282915"/>
            <maxpow number="0.8704768596282915"/>
            <fprob>0.0</fprob>
        </actor>
        <actor name="D0N2">
            <wcet number="0">50</wcet>
            <wcet number="1">50</wcet>
            <maxpow number="0.6683431703443767"/>
            <maxpow number="0.6683431703443767"/>
            <fprob>0.0</fprob>
        </actor>
        <actor name="D0N28">
            <wcet number="0">10</wcet>
            <wcet number="1">10</wcet>
            <maxpow number="1.066664350550811"/>
            <maxpow number="1.066664350550811"/>
            <fprob>0.0</fprob>
        </actor>
        <actor name="D0N14">
            <wcet number="0">50</wcet>
            <wcet number="1">60</wcet>
            <maxpow number="0.7958230312649188"/>
            <maxpow number="0.7958230312649188"/>
            <fprob>0.0</fprob>
        </actor>
        <actor name="D0N25">
            <wcet number="0">80</wcet>
            <wcet number="1">150</wcet>
            <maxpow number="0.4655969624050518"/>
            <maxpow number="0.4655969624050518"/>
            <fprob>0.0</fprob>
        </actor>
        <actor name="D0N35">
            <wcet number="0">150</wcet>
            <wcet number="1">180</wcet>
            <maxpow number="0.43850700290258376"/>
            <maxpow number="0.43850700290258376"/>
            <fprob>0.0</fprob>
        </actor>
        <actor name="D0N11">
            <wcet number="0">10</wcet>
            <wcet number="1">30</wcet>
            <maxpow number="0.6500169752394035"/>
            <maxpow number="0.6500169752394035"/>
            <fprob>0.0</fprob>
        </actor>
        <actor name="D0N6">
            <wcet number="0">40</wcet>
            <wcet number="1">60</wcet>
            <maxpow number="0.3720962723411353"/>
            <maxpow number="0.3720962723411353"/>
            <fprob>0.0</fprob>
        </actor>
        <actor name="D0N17">
            <wcet number="0">10</wcet>
            <wcet number="1">40</wcet>
            <maxpow number="0.5140545117812709"/>
            <maxpow number="0.5140545117812709"/>
            <fprob>0.0</fprob>
        </actor>
        <actor name="D0N20">
            <wcet number="0">10</wcet>
            <wcet number="1">10</wcet>
            <maxpow number="0.5936800367496018"/>
            <maxpow number="0.5936800367496018"/>
            <fprob>0.0</fprob>
        </actor>
        <actor name="D0N31">
            <wcet number="0">100</wcet>
            <wcet number="1">170</wcet>
            <maxpow number="0.3795582128535727"/>
            <maxpow number="0.3795582128535727"/>
            <fprob>0.0</fprob>
        </actor>
        <actor name="D0N40">
            <wcet number="0">70</wcet>
            <wcet number="1">120</wcet>
            <maxpow number="0.6096131906852138"/>
            <maxpow number="0.6096131906852138"/>
            <fprob>0.0</fprob>
        </actor>
        <actor name="D0N32">
            <wcet number="0">10</wcet>
            <wcet number="1">70</wcet>
            <maxpow number="0.2610527442146172"/>
            <maxpow number="0.2610527442146172"/>
            <fprob>0.0</fprob>
        </actor>
        <actor name="D0N13">
            <wcet number="0">30</wcet>
            <wcet number="1">40</wcet>
            <maxpow number="0.3135954023971903"/>
            <maxpow number="0.3135954023971903"/>
            <fprob>0.0</fprob>
        </actor>
        <actor name="D0N7">
            <wcet number="0">10</wcet>
            <wcet number="1">30</wcet>
            <maxpow number="0.5945600848753485"/>
            <maxpow number="0.5945600848753485"/>
            <fprob>0.0</fprob>
        </actor>
        <actor name="D0N44">
            <wcet number="0">10</wcet>
            <wcet number="1">30</wcet>
            <maxpow number="0.5247459043713212"/>
            <maxpow number="0.5247459043713212"/>
            <fprob>0.0</fprob>
        </actor>
        <actor name="D0N26">
            <wcet number="0">10</wcet>
            <wcet number="1">30</wcet>
            <maxpow number="0.6639343881353543"/>
            <maxpow number="0.6639343881353543"/>
            <fprob>0.0</fprob>
        </actor>
        <actor name="D0N37">
            <wcet number="0">20</wcet>
            <wcet number="1">30</wcet>
            <maxpow number="0.4317304776811087"/>
            <maxpow number="0.4317304776811087"/>
            <fprob>0.0</fprob>
        </actor>
        <actor name="D0N36">
            <wcet number="0">50</wcet>
            <wcet number="1">50</wcet>
            <maxpow number="0.13097643498871414"/>
            <maxpow number="0.13097643498871414"/>
            <fprob>0.0</fprob>
        </actor>
        <actor name="D0N8">
            <wcet number="0">10</wcet>
            <wcet number="1">10</wcet>
            <maxpow number="0.6687319097142737"/>
            <maxpow number="0.6687319097142737"/>
            <fprob>0.0</fprob>
        </actor>
        <actor name="D0N39">
            <wcet number="0">100</wcet>
            <wcet number="1">120</wcet>
            <maxpow number="0.19054238315247018"/>
            <maxpow number="0.19054238315247018"/>
            <fprob>0.0</fprob>
        </actor>
        <actor name="D0N23">
            <wcet number="0">40</wcet>
            <wcet number="1">130</wcet>
            <maxpow number="0.6340020498925911"/>
            <maxpow number="0.6340020498925911"/>
            <fprob>0.0</fprob>
        </actor>
        <actor name="D0N29">
            <wcet number="0">10</wcet>
            <wcet number="1">50</wcet>
            <maxpow number="0.6281193615848555"/>
            <maxpow number="0.6281193615848555"/>
            <fprob>0.0</fprob>
        </actor>
        <actor name="D0N18">
            <wcet number="0">70</wcet>
            <wcet number="1">130</wcet>
            <maxpow number="0.7700023863303569"/>
            <maxpow number="0.7700023863303569"/>
            <fprob>0.0</fprob>
        </actor>
        <actor name="D0N1">
            <wcet number="0">10</wcet>
            <wcet number="1">10</wcet>
            <maxpow number="0.6061693964062926"/>
            <maxpow number="0.6061693964062926"/>
            <fprob>0.0</fprob>
        </actor>
        <actor name="D0N22">
            <wcet number="0">30</wcet>
            <wcet number="1">50</wcet>
            <maxpow number="0.7684331384153832"/>
            <maxpow number="0.7684331384153832"/>
            <fprob>0.0</fprob>
        </actor>
        <actor name="D0N19">
            <wcet number="0">20</wcet>
            <wcet number="1">20</wcet>
            <maxpow number="0.6847748561221266"/>
            <maxpow number="0.6847748561221266"/>
            <fprob>0.0</fprob>
        </actor>
        <actor name="D0N4">
            <wcet number="0">10</wcet>
            <wcet number="1">10</wcet>
            <maxpow number="0.4279668007038573"/>
            <maxpow number="0.4279668007038573"/>
            <fprob>0.0</fprob>
        </actor>
        <actor name="D0N16">
            <wcet number="0">20</wcet>
            <wcet number="1">50</wcet>
            <maxpow number="0.7800073118136557"/>
            <maxpow number="0.7800073118136557"/>
            <fprob>0.0</fprob>
        </actor>
        <actor name="D0N27">
            <wcet number="0">10</wcet>
            <wcet number="1">120</wcet>
            <maxpow number="0.2765175611927495"/>
            <maxpow number="0.2765175611927495"/>
            <fprob>0.0</fprob>
        </actor>
        <actor name="D0N12">
            <wcet number="0">10</wcet>
            <wcet number="1">140</wcet>
            <maxpow number="0.6363487090655267"/>
            <maxpow number="0.6363487090655267"/>
            <fprob>0.0</fprob>
        </actor>
        <actor name="D0N24">
            <wcet number="0">30</wcet>
            <wcet number="1">110</wcet>
            <maxpow number="0.6641455135054063"/>
            <maxpow number="0.6641455135054063"/>
            <fprob>0.0</fprob>
        </actor>
        <actor name="D0N0">
            <wcet number="0">20</wcet>
            <wcet number="1">20</wcet>
            <maxpow number="0.6076237636235894"/>
            <maxpow number="0.6076237636235894"/>
            <fprob>0.0</fprob>
        </actor>
        <ports>
            <port dstActor="D0N37" name="p0" srcActor="D0N15"/>
            <port dstActor="D0N11" name="p1" srcActor="D0N5"/>
            <port dstActor="D0N18" name="p2" srcActor="D0N5"/>
            <port dstActor="D0N33" name="p3" srcActor="D0N5"/>
            <port dstActor="D0N28" name="p4" srcActor="D0N5"/>
            <port dstActor="D0N35" name="p5" srcActor="D0N9"/>
            <port dstActor="D0N44" name="p6" srcActor="D0N34"/>
            <port dstActor="D0N41" name="p7" srcActor="D0N34"/>
            <port dstActor="D0N40" name="p8" srcActor="D0N34"/>
            <port dstActor="D0N35" name="p9" srcActor="D0N33"/>
            <port dstActor="D0N34" name="p10" srcActor="D0N33"/>
            <port dstActor="D0N41" name="p11" srcActor="D0N33"/>
            <port dstActor="D0N27" name="p12" srcActor="D0N10"/>
            <port dstActor="D0N24" name="p13" srcActor="D0N10"/>
            <port dstActor="D0N38" name="p14" srcActor="D0N10"/>
            <port dstActor="D0N19" name="p15" srcActor="D0N10"/>
            <port dstActor="D0N43" name="p16" srcActor="D0N10"/>
            <port dstActor="D0N13" name="p17" srcActor="D0N10"/>
            <port dstActor="D0N45" name="p18" srcActor="D0N42"/>
            <port dstActor="D0N39" name="p19" srcActor="D0N21"/>
            <port dstActor="D0N43" name="p20" srcActor="D0N21"/>
            <port dstActor="D0N28" name="p21" srcActor="D0N21"/>
            <port dstActor="D0N40" name="p22" srcActor="D0N21"/>
            <port dstActor="D0N44" name="p23" srcActor="D0N21"/>
            <port dstActor="D0N42" name="p24" srcActor="D0N3"/>
            <port dstActor="D0N33" name="p25" srcActor="D0N30"/>
            <port dstActor="D0N39" name="p26" srcActor="D0N30"/>
            <port dstActor="D0N42" name="p27" srcActor="D0N30"/>
            <port dstActor="D0N29" name="p28" srcActor="D0N2"/>
            <port dstActor="D0N36" name="p29" srcActor="D0N28"/>
            <port dstActor="D0N40" name="p30" srcActor="D0N14"/>
            <port dstActor="D0N28" name="p31" srcActor="D0N14"/>
            <port dstActor="D0N21" name="p32" srcActor="D0N14"/>
            <port dstActor="D0N34" name="p33" srcActor="D0N14"/>
            <port dstActor="D0N25" name="p34" srcActor="D0N14"/>
            <port dstActor="D0N37" name="p35" srcActor="D0N25"/>
            <port dstActor="D0N23" name="p36" srcActor="D0N11"/>
            <port dstActor="D0N36" name="p37" srcActor="D0N11"/>
            <port dstActor="D0N32" name="p38" srcActor="D0N6"/>
            <port dstActor="D0N21" name="p39" srcActor="D0N6"/>
            <port dstActor="D0N33" name="p40" srcActor="D0N6"/>
            <port dstActor="D0N26" name="p41" srcActor="D0N17"/>
            <port dstActor="D0N38" name="p42" srcActor="D0N17"/>
            <port dstActor="D0N39" name="p43" srcActor="D0N17"/>
            <port dstActor="D0N21" name="p44" srcActor="D0N17"/>
            <port dstActor="D0N27" name="p45" srcActor="D0N17"/>
            <port dstActor="D0N33" name="p46" srcActor="D0N20"/>
            <port dstActor="D0N43" name="p47" srcActor="D0N20"/>
            <port dstActor="D0N24" name="p48" srcActor="D0N20"/>
            <port dstActor="D0N27" name="p49" srcActor="D0N20"/>
            <port dstActor="D0N31" name="p50" srcActor="D0N20"/>
            <port dstActor="D0N46" name="p51" srcActor="D0N40"/>
            <port dstActor="D0N44" name="p52" srcActor="D0N40"/>
            <port dstActor="D0N43" name="p53" srcActor="D0N32"/>
            <port dstActor="D0N34" name="p54" srcActor="D0N32"/>
            <port dstActor="D0N35" name="p55" srcActor="D0N13"/>
            <port dstActor="D0N41" name="p56" srcActor="D0N13"/>
            <port dstActor="D0N39" name="p57" srcActor="D0N13"/>
            <port dstActor="D0N11" name="p58" srcActor="D0N7"/>
            <port dstActor="D0N37" name="p59" srcActor="D0N7"/>
            <port dstActor="D0N24" name="p60" srcActor="D0N7"/>
            <port dstActor="D0N25" name="p61" srcActor="D0N7"/>
            <port dstActor="D0N15" name="p62" srcActor="D0N7"/>
            <port dstActor="D0N40" name="p63" srcActor="D0N7"/>
            <port dstActor="D0N17" name="p64" srcActor="D0N7"/>
            <port dstActor="D0N31" name="p65" srcActor="D0N7"/>
            <port dstActor="D0N12" name="p66" srcActor="D0N7"/>
            <port dstActor="D0N36" name="p67" srcActor="D0N26"/>
            <port dstActor="D0N43" name="p68" srcActor="D0N37"/>
            <port dstActor="D0N10" name="p69" srcActor="D0N8"/>
            <port dstActor="D0N33" name="p70" srcActor="D0N8"/>
            <port dstActor="D0N17" name="p71" srcActor="D0N8"/>
            <port dstActor="D0N42" name="p72" srcActor="D0N39"/>
            <port dstActor="D0N32" name="p73" srcActor="D0N23"/>
            <port dstActor="D0N29" name="p74" srcActor="D0N23"/>
            <port dstActor="D0N30" name="p75" srcActor="D0N23"/>
            <port dstActor="D0N38" name="p76" srcActor="D0N23"/>
            <port dstActor="D0N45" name="p77" srcActor="D0N23"/>
            <port dstActor="D0N43" name="p78" srcActor="D0N29"/>
            <port dstActor="D0N38" name="p79" srcActor="D0N29"/>
            <port dstActor="D0N22" name="p80" srcActor="D0N18"/>
            <port dstActor="D0N6" name="p81" srcActor="D0N1"/>
            <port dstActor="D0N26" name="p82" srcActor="D0N1"/>
            <port dstActor="D0N12" name="p83" srcActor="D0N1"/>
            <port dstActor="D0N25" name="p84" srcActor="D0N1"/>
            <port dstActor="D0N29" name="p85" srcActor="D0N1"/>
            <port dstActor="D0N38" name="p86" srcActor="D0N1"/>
            <port dstActor="D0N19" name="p87" srcActor="D0N1"/>
            <port dstActor="D0N39" name="p88" srcActor="D0N19"/>
            <port dstActor="D0N31" name="p89" srcActor="D0N19"/>
            <port dstActor="D0N22" name="p90" srcActor="D0N19"/>
            <port dstActor="D0N24" name="p91" srcActor="D0N4"/>
            <port dstActor="D0N15" name="p92" srcActor="D0N4"/>
            <port dstActor="D0N17" name="p93" srcActor="D0N4"/>
            <port dstActor="D0N39" name="p94" srcActor="D0N16"/>
            <port dstActor="D0N41" name="p95" srcActor="D0N27"/>
            <port dstActor="D0N37" name="p96" srcActor="D0N27"/>
            <port dstActor="D0N33" name="p97" srcActor="D0N12"/>
            <port dstActor="D0N27" name="p98" srcActor="D0N12"/>
            <port dstActor="D0N40" name="p99" srcActor="D0N24"/>
            <port dstActor="D0N25" name="p100" srcActor="D0N24"/>
            <port dstActor="D0N21" name="p101" srcActor="D0N0"/>
            <port dstActor="D0N22" name="p102" srcActor="D0N0"/>
            <port dstActor="D0N23" name="p103" srcActor="D0N0"/>
            <port dstActor="D0N35" name="p104" srcActor="D0N0"/>
        </ports>
    </mcdag>
    <cores number="3"/>
    <levels number="2"/>
</mcsystem>
