<?xml version="1.0" encoding="UTF-8" standalone="no"?>
<mcsystem>
    <mcdag deadline="1800" name="genned-0-ed-10.0-0">
        <actor name="D0N38">
            <wcet number="0">10</wcet>
            <wcet number="1">70</wcet>
            <maxpow number="0.5386651369322732"/>
            <maxpow number="0.5386651369322732"/>
            <fprob>0.0</fprob>
        </actor>
        <actor name="D0N0">
            <wcet number="0">30</wcet>
            <wcet number="1">90</wcet>
            <maxpow number="0.6826664228102086"/>
            <maxpow number="0.6826664228102086"/>
            <fprob>0.0</fprob>
        </actor>
        <actor name="D0N2">
            <wcet number="0">10</wcet>
            <wcet number="1">10</wcet>
            <maxpow number="0.7192528538908262"/>
            <maxpow number="0.7192528538908262"/>
            <fprob>0.0</fprob>
        </actor>
        <actor name="D0N13">
            <wcet number="0">40</wcet>
            <wcet number="1">70</wcet>
            <maxpow number="0.3304170473435566"/>
            <maxpow number="0.3304170473435566"/>
            <fprob>0.0</fprob>
        </actor>
        <actor name="D0N28">
            <wcet number="0">20</wcet>
            <wcet number="1">170</wcet>
            <maxpow number="0.8465283337534868"/>
            <maxpow number="0.8465283337534868"/>
            <fprob>0.0</fprob>
        </actor>
        <actor name="D0N9">
            <wcet number="0">10</wcet>
            <wcet number="1">10</wcet>
            <maxpow number="0.5218716825210743"/>
            <maxpow number="0.5218716825210743"/>
            <fprob>0.0</fprob>
        </actor>
        <actor name="D0N14">
            <wcet number="0">80</wcet>
            <wcet number="1">110</wcet>
            <maxpow number="0.2674960567449102"/>
            <maxpow number="0.2674960567449102"/>
            <fprob>0.0</fprob>
        </actor>
        <actor name="D0N6">
            <wcet number="0">10</wcet>
            <wcet number="1">50</wcet>
            <maxpow number="0.518157396018399"/>
            <maxpow number="0.518157396018399"/>
            <fprob>0.0</fprob>
        </actor>
        <actor name="D0N8">
            <wcet number="0">280</wcet>
            <wcet number="1">330</wcet>
            <maxpow number="0.22648479386576853"/>
            <maxpow number="0.22648479386576853"/>
            <fprob>0.0</fprob>
        </actor>
        <actor name="D0N37">
            <wcet number="0">70</wcet>
            <wcet number="1">150</wcet>
            <maxpow number="0.5250335913068256"/>
            <maxpow number="0.5250335913068256"/>
            <fprob>0.0</fprob>
        </actor>
        <actor name="D0N30">
            <wcet number="0">100</wcet>
            <wcet number="1">110</wcet>
            <maxpow number="0.5482109242117018"/>
            <maxpow number="0.5482109242117018"/>
            <fprob>0.0</fprob>
        </actor>
        <actor name="D0N15">
            <wcet number="0">160</wcet>
            <wcet number="1">220</wcet>
            <maxpow number="0.6470375110878493"/>
            <maxpow number="0.6470375110878493"/>
            <fprob>0.0</fprob>
        </actor>
        <actor name="D0N10">
            <wcet number="0">10</wcet>
            <wcet number="1">10</wcet>
            <maxpow number="0.6814047022807763"/>
            <maxpow number="0.6814047022807763"/>
            <fprob>0.0</fprob>
        </actor>
        <actor name="D0N23">
            <wcet number="0">30</wcet>
            <wcet number="1">30</wcet>
            <maxpow number="0.7230386053844875"/>
            <maxpow number="0.7230386053844875"/>
            <fprob>0.0</fprob>
        </actor>
        <actor name="D0N7">
            <wcet number="0">120</wcet>
            <wcet number="1">150</wcet>
            <maxpow number="0.7289524593915602"/>
            <maxpow number="0.7289524593915602"/>
            <fprob>0.0</fprob>
        </actor>
        <actor name="D0N25">
            <wcet number="0">80</wcet>
            <wcet number="1">80</wcet>
            <maxpow number="0.21931232607473228"/>
            <maxpow number="0.21931232607473228"/>
            <fprob>0.0</fprob>
        </actor>
        <actor name="D0N31">
            <wcet number="0">40</wcet>
            <wcet number="1">60</wcet>
            <maxpow number="0.705227130895384"/>
            <maxpow number="0.705227130895384"/>
            <fprob>0.0</fprob>
        </actor>
        <actor name="D0N3">
            <wcet number="0">30</wcet>
            <wcet number="1">110</wcet>
            <maxpow number="0.2963619501827768"/>
            <maxpow number="0.2963619501827768"/>
            <fprob>0.0</fprob>
        </actor>
        <actor name="D0N45">
            <wcet number="0">50</wcet>
            <wcet number="1">270</wcet>
            <maxpow number="0.9051249103972492"/>
            <maxpow number="0.9051249103972492"/>
            <fprob>0.0</fprob>
        </actor>
        <actor name="D0N33">
            <wcet number="0">180</wcet>
            <wcet number="1">310</wcet>
            <maxpow number="0.5925831252365292"/>
            <maxpow number="0.5925831252365292"/>
            <fprob>0.0</fprob>
        </actor>
        <actor name="D0N34">
            <wcet number="0">10</wcet>
            <wcet number="1">30</wcet>
            <maxpow number="0.6024715454804984"/>
            <maxpow number="0.6024715454804984"/>
            <fprob>0.0</fprob>
        </actor>
        <actor name="D0N1">
            <wcet number="0">120</wcet>
            <wcet number="1">210</wcet>
            <maxpow number="0.5923928028748278"/>
            <maxpow number="0.5923928028748278"/>
            <fprob>0.0</fprob>
        </actor>
        <actor name="D0N32">
            <wcet number="0">90</wcet>
            <wcet number="1">120</wcet>
            <maxpow number="0.7395781733084421"/>
            <maxpow number="0.7395781733084421"/>
            <fprob>0.0</fprob>
        </actor>
        <actor name="D0N39">
            <wcet number="0">10</wcet>
            <wcet number="1">60</wcet>
            <maxpow number="0.7081417933801804"/>
            <maxpow number="0.7081417933801804"/>
            <fprob>0.0</fprob>
        </actor>
        <actor name="D0N19">
            <wcet number="0">80</wcet>
            <wcet number="1">90</wcet>
            <maxpow number="0.3187875083811024"/>
            <maxpow number="0.3187875083811024"/>
            <fprob>0.0</fprob>
        </actor>
        <actor name="D0N17">
            <wcet number="0">10</wcet>
            <wcet number="1">10</wcet>
            <maxpow number="0.8248292724772379"/>
            <maxpow number="0.8248292724772379"/>
            <fprob>0.0</fprob>
        </actor>
        <actor name="D0N16">
            <wcet number="0">50</wcet>
            <wcet number="1">50</wcet>
            <maxpow number="0.7568576703581321"/>
            <maxpow number="0.7568576703581321"/>
            <fprob>0.0</fprob>
        </actor>
        <actor name="D0N41">
            <wcet number="0">10</wcet>
            <wcet number="1">10</wcet>
            <maxpow number="0.3217418190588413"/>
            <maxpow number="0.3217418190588413"/>
            <fprob>0.0</fprob>
        </actor>
        <actor name="D0N42">
            <wcet number="0">50</wcet>
            <wcet number="1">180</wcet>
            <maxpow number="0.6175415354494613"/>
            <maxpow number="0.6175415354494613"/>
            <fprob>0.0</fprob>
        </actor>
        <actor name="D0N20">
            <wcet number="0">30</wcet>
            <wcet number="1">80</wcet>
            <maxpow number="0.5313672249678026"/>
            <maxpow number="0.5313672249678026"/>
            <fprob>0.0</fprob>
        </actor>
        <actor name="D0N27">
            <wcet number="0">50</wcet>
            <wcet number="1">80</wcet>
            <maxpow number="0.4565338647267944"/>
            <maxpow number="0.4565338647267944"/>
            <fprob>0.0</fprob>
        </actor>
        <actor name="D0N43">
            <wcet number="0">20</wcet>
            <wcet number="1">20</wcet>
            <maxpow number="0.6141608618620026"/>
            <maxpow number="0.6141608618620026"/>
            <fprob>0.0</fprob>
        </actor>
        <actor name="D0N26">
            <wcet number="0">60</wcet>
            <wcet number="1">80</wcet>
            <maxpow number="0.8508906054387688"/>
            <maxpow number="0.8508906054387688"/>
            <fprob>0.0</fprob>
        </actor>
        <actor name="D0N29">
            <wcet number="0">70</wcet>
            <wcet number="1">150</wcet>
            <maxpow number="0.4085845513361184"/>
            <maxpow number="0.4085845513361184"/>
            <fprob>0.0</fprob>
        </actor>
        <actor name="D0N36">
            <wcet number="0">130</wcet>
            <wcet number="1">320</wcet>
            <maxpow number="0.37365025733605284"/>
            <maxpow number="0.37365025733605284"/>
            <fprob>0.0</fprob>
        </actor>
        <actor name="D0N4">
            <wcet number="0">10</wcet>
            <wcet number="1">30</wcet>
            <maxpow number="0.8438095871934399"/>
            <maxpow number="0.8438095871934399"/>
            <fprob>0.0</fprob>
        </actor>
        <actor name="D0N12">
            <wcet number="0">40</wcet>
            <wcet number="1">70</wcet>
            <maxpow number="0.4708918938373947"/>
            <maxpow number="0.4708918938373947"/>
            <fprob>0.0</fprob>
        </actor>
        <actor name="D0N44">
            <wcet number="0">30</wcet>
            <wcet number="1">40</wcet>
            <maxpow number="0.5045534691036033"/>
            <maxpow number="0.5045534691036033"/>
            <fprob>0.0</fprob>
        </actor>
        <actor name="D0N18">
            <wcet number="0">10</wcet>
            <wcet number="1">70</wcet>
            <maxpow number="0.5202116113321901"/>
            <maxpow number="0.5202116113321901"/>
            <fprob>0.0</fprob>
        </actor>
        <actor name="D0N21">
            <wcet number="0">10</wcet>
            <wcet number="1">10</wcet>
            <maxpow number="0.503719477066113"/>
            <maxpow number="0.503719477066113"/>
            <fprob>0.0</fprob>
        </actor>
        <actor name="D0N35">
            <wcet number="0">30</wcet>
            <wcet number="1">60</wcet>
            <maxpow number="0.33738497818471397"/>
            <maxpow number="0.33738497818471397"/>
            <fprob>0.0</fprob>
        </actor>
        <actor name="D0N22">
            <wcet number="0">10</wcet>
            <wcet number="1">20</wcet>
            <maxpow number="0.5612326080778824"/>
            <maxpow number="0.5612326080778824"/>
            <fprob>0.0</fprob>
        </actor>
        <actor name="D0N5">
            <wcet number="0">30</wcet>
            <wcet number="1">50</wcet>
            <maxpow number="0.43212278653003855"/>
            <maxpow number="0.43212278653003855"/>
            <fprob>0.0</fprob>
        </actor>
        <actor name="D0N24">
            <wcet number="0">10</wcet>
            <wcet number="1">30</wcet>
            <maxpow number="0.4433865613060803"/>
            <maxpow number="0.4433865613060803"/>
            <fprob>0.0</fprob>
        </actor>
        <actor name="D0N11">
            <wcet number="0">20</wcet>
            <wcet number="1">30</wcet>
            <maxpow number="0.8946939322673472"/>
            <maxpow number="0.8946939322673472"/>
            <fprob>0.0</fprob>
        </actor>
        <actor name="D0N40">
            <wcet number="0">10</wcet>
            <wcet number="1">10</wcet>
            <maxpow number="0.434875447424057"/>
            <maxpow number="0.434875447424057"/>
            <fprob>0.0</fprob>
        </actor>
        <ports>
            <port dstActor="D0N40" name="p0" srcActor="D0N38"/>
            <port dstActor="D0N16" name="p1" srcActor="D0N0"/>
            <port dstActor="D0N19" name="p2" srcActor="D0N0"/>
            <port dstActor="D0N7" name="p3" srcActor="D0N0"/>
            <port dstActor="D0N40" name="p4" srcActor="D0N0"/>
            <port dstActor="D0N4" name="p5" srcActor="D0N0"/>
            <port dstActor="D0N11" name="p6" srcActor="D0N2"/>
            <port dstActor="D0N26" name="p7" srcActor="D0N2"/>
            <port dstActor="D0N43" name="p8" srcActor="D0N2"/>
            <port dstActor="D0N42" name="p9" srcActor="D0N2"/>
            <port dstActor="D0N22" name="p10" srcActor="D0N13"/>
            <port dstActor="D0N33" name="p11" srcActor="D0N13"/>
            <port dstActor="D0N35" name="p12" srcActor="D0N28"/>
            <port dstActor="D0N13" name="p13" srcActor="D0N9"/>
            <port dstActor="D0N36" name="p14" srcActor="D0N9"/>
            <port dstActor="D0N28" name="p15" srcActor="D0N9"/>
            <port dstActor="D0N22" name="p16" srcActor="D0N9"/>
            <port dstActor="D0N40" name="p17" srcActor="D0N14"/>
            <port dstActor="D0N45" name="p18" srcActor="D0N14"/>
            <port dstActor="D0N39" name="p19" srcActor="D0N6"/>
            <port dstActor="D0N40" name="p20" srcActor="D0N6"/>
            <port dstActor="D0N45" name="p21" srcActor="D0N8"/>
            <port dstActor="D0N11" name="p22" srcActor="D0N8"/>
            <port dstActor="D0N9" name="p23" srcActor="D0N8"/>
            <port dstActor="D0N13" name="p24" srcActor="D0N8"/>
            <port dstActor="D0N18" name="p25" srcActor="D0N8"/>
            <port dstActor="D0N44" name="p26" srcActor="D0N8"/>
            <port dstActor="D0N33" name="p27" srcActor="D0N30"/>
            <port dstActor="D0N44" name="p28" srcActor="D0N30"/>
            <port dstActor="D0N32" name="p29" srcActor="D0N30"/>
            <port dstActor="D0N16" name="p30" srcActor="D0N15"/>
            <port dstActor="D0N34" name="p31" srcActor="D0N15"/>
            <port dstActor="D0N29" name="p32" srcActor="D0N15"/>
            <port dstActor="D0N28" name="p33" srcActor="D0N15"/>
            <port dstActor="D0N19" name="p34" srcActor="D0N10"/>
            <port dstActor="D0N21" name="p35" srcActor="D0N10"/>
            <port dstActor="D0N24" name="p36" srcActor="D0N10"/>
            <port dstActor="D0N38" name="p37" srcActor="D0N10"/>
            <port dstActor="D0N30" name="p38" srcActor="D0N10"/>
            <port dstActor="D0N20" name="p39" srcActor="D0N10"/>
            <port dstActor="D0N32" name="p40" srcActor="D0N23"/>
            <port dstActor="D0N18" name="p41" srcActor="D0N7"/>
            <port dstActor="D0N31" name="p42" srcActor="D0N7"/>
            <port dstActor="D0N42" name="p43" srcActor="D0N7"/>
            <port dstActor="D0N45" name="p44" srcActor="D0N25"/>
            <port dstActor="D0N27" name="p45" srcActor="D0N25"/>
            <port dstActor="D0N36" name="p46" srcActor="D0N31"/>
            <port dstActor="D0N30" name="p47" srcActor="D0N3"/>
            <port dstActor="D0N20" name="p48" srcActor="D0N3"/>
            <port dstActor="D0N28" name="p49" srcActor="D0N3"/>
            <port dstActor="D0N17" name="p50" srcActor="D0N3"/>
            <port dstActor="D0N25" name="p51" srcActor="D0N3"/>
            <port dstActor="D0N27" name="p52" srcActor="D0N3"/>
            <port dstActor="D0N45" name="p53" srcActor="D0N34"/>
            <port dstActor="D0N26" name="p54" srcActor="D0N1"/>
            <port dstActor="D0N13" name="p55" srcActor="D0N1"/>
            <port dstActor="D0N23" name="p56" srcActor="D0N1"/>
            <port dstActor="D0N43" name="p57" srcActor="D0N32"/>
            <port dstActor="D0N42" name="p58" srcActor="D0N32"/>
            <port dstActor="D0N36" name="p59" srcActor="D0N32"/>
            <port dstActor="D0N23" name="p60" srcActor="D0N19"/>
            <port dstActor="D0N31" name="p61" srcActor="D0N19"/>
            <port dstActor="D0N24" name="p62" srcActor="D0N19"/>
            <port dstActor="D0N25" name="p63" srcActor="D0N19"/>
            <port dstActor="D0N22" name="p64" srcActor="D0N19"/>
            <port dstActor="D0N19" name="p65" srcActor="D0N17"/>
            <port dstActor="D0N17" name="p66" srcActor="D0N16"/>
            <port dstActor="D0N27" name="p67" srcActor="D0N16"/>
            <port dstActor="D0N43" name="p68" srcActor="D0N42"/>
            <port dstActor="D0N30" name="p69" srcActor="D0N20"/>
            <port dstActor="D0N44" name="p70" srcActor="D0N20"/>
            <port dstActor="D0N45" name="p71" srcActor="D0N27"/>
            <port dstActor="D0N40" name="p72" srcActor="D0N27"/>
            <port dstActor="D0N29" name="p73" srcActor="D0N26"/>
            <port dstActor="D0N40" name="p74" srcActor="D0N26"/>
            <port dstActor="D0N41" name="p75" srcActor="D0N26"/>
            <port dstActor="D0N41" name="p76" srcActor="D0N29"/>
            <port dstActor="D0N36" name="p77" srcActor="D0N29"/>
            <port dstActor="D0N17" name="p78" srcActor="D0N4"/>
            <port dstActor="D0N27" name="p79" srcActor="D0N4"/>
            <port dstActor="D0N40" name="p80" srcActor="D0N4"/>
            <port dstActor="D0N10" name="p81" srcActor="D0N4"/>
            <port dstActor="D0N34" name="p82" srcActor="D0N12"/>
            <port dstActor="D0N33" name="p83" srcActor="D0N12"/>
            <port dstActor="D0N22" name="p84" srcActor="D0N18"/>
            <port dstActor="D0N27" name="p85" srcActor="D0N21"/>
            <port dstActor="D0N26" name="p86" srcActor="D0N21"/>
            <port dstActor="D0N36" name="p87" srcActor="D0N35"/>
            <port dstActor="D0N37" name="p88" srcActor="D0N35"/>
            <port dstActor="D0N27" name="p89" srcActor="D0N22"/>
            <port dstActor="D0N38" name="p90" srcActor="D0N22"/>
            <port dstActor="D0N9" name="p91" srcActor="D0N5"/>
            <port dstActor="D0N43" name="p92" srcActor="D0N5"/>
            <port dstActor="D0N44" name="p93" srcActor="D0N24"/>
            <port dstActor="D0N29" name="p94" srcActor="D0N24"/>
            <port dstActor="D0N35" name="p95" srcActor="D0N11"/>
            <port dstActor="D0N36" name="p96" srcActor="D0N11"/>
        </ports>
    </mcdag>
    <cores number="3"/>
    <levels number="2"/>
</mcsystem>
