<?xml version="1.0" encoding="UTF-8" standalone="no"?>
<mcsystem>
    <mcdag deadline="2200" name="genned-0-ed-10.0-0">
        <actor name="D0N41">
            <wcet number="0">60</wcet>
            <wcet number="1">110</wcet>
            <maxpow number="0.6572971324338047"/>
            <maxpow number="0.6572971324338047"/>
            <fprob>0.0</fprob>
        </actor>
        <actor name="D0N22">
            <wcet number="0">20</wcet>
            <wcet number="1">100</wcet>
            <maxpow number="0.36838887254692304"/>
            <maxpow number="0.36838887254692304"/>
            <fprob>0.0</fprob>
        </actor>
        <actor name="D0N4">
            <wcet number="0">30</wcet>
            <wcet number="1">30</wcet>
            <maxpow number="0.267867192842244"/>
            <maxpow number="0.267867192842244"/>
            <fprob>0.0</fprob>
        </actor>
        <actor name="D0N8">
            <wcet number="0">10</wcet>
            <wcet number="1">10</wcet>
            <maxpow number="0.3054260953448622"/>
            <maxpow number="0.3054260953448622"/>
            <fprob>0.0</fprob>
        </actor>
        <actor name="D0N15">
            <wcet number="0">120</wcet>
            <wcet number="1">150</wcet>
            <maxpow number="0.6180430543684801"/>
            <maxpow number="0.6180430543684801"/>
            <fprob>0.0</fprob>
        </actor>
        <actor name="D0N39">
            <wcet number="0">30</wcet>
            <wcet number="1">40</wcet>
            <maxpow number="0.6832526381488838"/>
            <maxpow number="0.6832526381488838"/>
            <fprob>0.0</fprob>
        </actor>
        <actor name="D0N5">
            <wcet number="0">10</wcet>
            <wcet number="1">30</wcet>
            <maxpow number="0.34662535118098836"/>
            <maxpow number="0.34662535118098836"/>
            <fprob>0.0</fprob>
        </actor>
        <actor name="D0N28">
            <wcet number="0">40</wcet>
            <wcet number="1">80</wcet>
            <maxpow number="0.4787696777645193"/>
            <maxpow number="0.4787696777645193"/>
            <fprob>0.0</fprob>
        </actor>
        <actor name="D0N16">
            <wcet number="0">20</wcet>
            <wcet number="1">30</wcet>
            <maxpow number="0.5450804761743633"/>
            <maxpow number="0.5450804761743633"/>
            <fprob>0.0</fprob>
        </actor>
        <actor name="D0N18">
            <wcet number="0">210</wcet>
            <wcet number="1">220</wcet>
            <maxpow number="0.21900222980982476"/>
            <maxpow number="0.21900222980982476"/>
            <fprob>0.0</fprob>
        </actor>
        <actor name="D0N3">
            <wcet number="0">40</wcet>
            <wcet number="1">180</wcet>
            <maxpow number="0.6267630625272272"/>
            <maxpow number="0.6267630625272272"/>
            <fprob>0.0</fprob>
        </actor>
        <actor name="D0N1">
            <wcet number="0">10</wcet>
            <wcet number="1">10</wcet>
            <maxpow number="0.5149746987729151"/>
            <maxpow number="0.5149746987729151"/>
            <fprob>0.0</fprob>
        </actor>
        <actor name="D0N46">
            <wcet number="0">10</wcet>
            <wcet number="1">20</wcet>
            <maxpow number="0.45000577922255164"/>
            <maxpow number="0.45000577922255164"/>
            <fprob>0.0</fprob>
        </actor>
        <actor name="D0N34">
            <wcet number="0">20</wcet>
            <wcet number="1">30</wcet>
            <maxpow number="0.6852626126201891"/>
            <maxpow number="0.6852626126201891"/>
            <fprob>0.0</fprob>
        </actor>
        <actor name="D0N14">
            <wcet number="0">130</wcet>
            <wcet number="1">150</wcet>
            <maxpow number="0.6785058663448025"/>
            <maxpow number="0.6785058663448025"/>
            <fprob>0.0</fprob>
        </actor>
        <actor name="D0N45">
            <wcet number="0">150</wcet>
            <wcet number="1">210</wcet>
            <maxpow number="0.2870755880606338"/>
            <maxpow number="0.2870755880606338"/>
            <fprob>0.0</fprob>
        </actor>
        <actor name="D0N12">
            <wcet number="0">10</wcet>
            <wcet number="1">20</wcet>
            <maxpow number="0.32124987643943603"/>
            <maxpow number="0.32124987643943603"/>
            <fprob>0.0</fprob>
        </actor>
        <actor name="D0N29">
            <wcet number="0">30</wcet>
            <wcet number="1">180</wcet>
            <maxpow number="0.6503359422413666"/>
            <maxpow number="0.6503359422413666"/>
            <fprob>0.0</fprob>
        </actor>
        <actor name="D0N38">
            <wcet number="0">120</wcet>
            <wcet number="1">150</wcet>
            <maxpow number="0.8176925447705359"/>
            <maxpow number="0.8176925447705359"/>
            <fprob>0.0</fprob>
        </actor>
        <actor name="D0N42">
            <wcet number="0">40</wcet>
            <wcet number="1">250</wcet>
            <maxpow number="0.7130795157429902"/>
            <maxpow number="0.7130795157429902"/>
            <fprob>0.0</fprob>
        </actor>
        <actor name="D0N13">
            <wcet number="0">10</wcet>
            <wcet number="1">20</wcet>
            <maxpow number="0.3923827293162594"/>
            <maxpow number="0.3923827293162594"/>
            <fprob>0.0</fprob>
        </actor>
        <actor name="D0N25">
            <wcet number="0">10</wcet>
            <wcet number="1">10</wcet>
            <maxpow number="0.6343000106530967"/>
            <maxpow number="0.6343000106530967"/>
            <fprob>0.0</fprob>
        </actor>
        <actor name="D0N37">
            <wcet number="0">10</wcet>
            <wcet number="1">110</wcet>
            <maxpow number="0.3163741075389511"/>
            <maxpow number="0.3163741075389511"/>
            <fprob>0.0</fprob>
        </actor>
        <actor name="D0N2">
            <wcet number="0">50</wcet>
            <wcet number="1">90</wcet>
            <maxpow number="0.6534153570875634"/>
            <maxpow number="0.6534153570875634"/>
            <fprob>0.0</fprob>
        </actor>
        <actor name="D0N36">
            <wcet number="0">30</wcet>
            <wcet number="1">40</wcet>
            <maxpow number="0.7253395614347563"/>
            <maxpow number="0.7253395614347563"/>
            <fprob>0.0</fprob>
        </actor>
        <actor name="D0N17">
            <wcet number="0">170</wcet>
            <wcet number="1">170</wcet>
            <maxpow number="0.3798077331676176"/>
            <maxpow number="0.3798077331676176"/>
            <fprob>0.0</fprob>
        </actor>
        <actor name="D0N0">
            <wcet number="0">120</wcet>
            <wcet number="1">140</wcet>
            <maxpow number="0.5492306992072126"/>
            <maxpow number="0.5492306992072126"/>
            <fprob>0.0</fprob>
        </actor>
        <actor name="D0N31">
            <wcet number="0">50</wcet>
            <wcet number="1">50</wcet>
            <maxpow number="0.5246175845189835"/>
            <maxpow number="0.5246175845189835"/>
            <fprob>0.0</fprob>
        </actor>
        <actor name="D0N33">
            <wcet number="0">20</wcet>
            <wcet number="1">30</wcet>
            <maxpow number="0.9227627092439068"/>
            <maxpow number="0.9227627092439068"/>
            <fprob>0.0</fprob>
        </actor>
        <actor name="D0N19">
            <wcet number="0">50</wcet>
            <wcet number="1">50</wcet>
            <maxpow number="0.4487155782128497"/>
            <maxpow number="0.4487155782128497"/>
            <fprob>0.0</fprob>
        </actor>
        <actor name="D0N10">
            <wcet number="0">160</wcet>
            <wcet number="1">270</wcet>
            <maxpow number="0.6072903984412046"/>
            <maxpow number="0.6072903984412046"/>
            <fprob>0.0</fprob>
        </actor>
        <actor name="D0N30">
            <wcet number="0">50</wcet>
            <wcet number="1">80</wcet>
            <maxpow number="0.8020823818935761"/>
            <maxpow number="0.8020823818935761"/>
            <fprob>0.0</fprob>
        </actor>
        <actor name="D0N43">
            <wcet number="0">100</wcet>
            <wcet number="1">230</wcet>
            <maxpow number="0.7170513067978925"/>
            <maxpow number="0.7170513067978925"/>
            <fprob>0.0</fprob>
        </actor>
        <actor name="D0N6">
            <wcet number="0">10</wcet>
            <wcet number="1">210</wcet>
            <maxpow number="0.3699963614818549"/>
            <maxpow number="0.3699963614818549"/>
            <fprob>0.0</fprob>
        </actor>
        <actor name="D0N24">
            <wcet number="0">30</wcet>
            <wcet number="1">60</wcet>
            <maxpow number="0.6452926185863311"/>
            <maxpow number="0.6452926185863311"/>
            <fprob>0.0</fprob>
        </actor>
        <actor name="D0N9">
            <wcet number="0">90</wcet>
            <wcet number="1">270</wcet>
            <maxpow number="0.7998989599081148"/>
            <maxpow number="0.7998989599081148"/>
            <fprob>0.0</fprob>
        </actor>
        <actor name="D0N44">
            <wcet number="0">20</wcet>
            <wcet number="1">40</wcet>
            <maxpow number="0.21487452416150055"/>
            <maxpow number="0.21487452416150055"/>
            <fprob>0.0</fprob>
        </actor>
        <actor name="D0N21">
            <wcet number="0">10</wcet>
            <wcet number="1">10</wcet>
            <maxpow number="0.28154407777826834"/>
            <maxpow number="0.28154407777826834"/>
            <fprob>0.0</fprob>
        </actor>
        <actor name="D0N20">
            <wcet number="0">30</wcet>
            <wcet number="1">30</wcet>
            <maxpow number="0.4391206532635955"/>
            <maxpow number="0.4391206532635955"/>
            <fprob>0.0</fprob>
        </actor>
        <actor name="D0N11">
            <wcet number="0">100</wcet>
            <wcet number="1">220</wcet>
            <maxpow number="0.6149208243947524"/>
            <maxpow number="0.6149208243947524"/>
            <fprob>0.0</fprob>
        </actor>
        <actor name="D0N26">
            <wcet number="0">70</wcet>
            <wcet number="1">190</wcet>
            <maxpow number="0.7988534938341454"/>
            <maxpow number="0.7988534938341454"/>
            <fprob>0.0</fprob>
        </actor>
        <actor name="D0N32">
            <wcet number="0">140</wcet>
            <wcet number="1">250</wcet>
            <maxpow number="0.731311194772964"/>
            <maxpow number="0.731311194772964"/>
            <fprob>0.0</fprob>
        </actor>
        <actor name="D0N7">
            <wcet number="0">70</wcet>
            <wcet number="1">90</wcet>
            <maxpow number="0.3162702905985101"/>
            <maxpow number="0.3162702905985101"/>
            <fprob>0.0</fprob>
        </actor>
        <actor name="D0N27">
            <wcet number="0">10</wcet>
            <wcet number="1">10</wcet>
            <maxpow number="0.42336944743536453"/>
            <maxpow number="0.42336944743536453"/>
            <fprob>0.0</fprob>
        </actor>
        <actor name="D0N35">
            <wcet number="0">200</wcet>
            <wcet number="1">270</wcet>
            <maxpow number="0.8719905965673795"/>
            <maxpow number="0.8719905965673795"/>
            <fprob>0.0</fprob>
        </actor>
        <actor name="D0N40">
            <wcet number="0">10</wcet>
            <wcet number="1">10</wcet>
            <maxpow number="0.3015897084363082"/>
            <maxpow number="0.3015897084363082"/>
            <fprob>0.0</fprob>
        </actor>
        <actor name="D0N23">
            <wcet number="0">70</wcet>
            <wcet number="1">110</wcet>
            <maxpow number="0.3102919703538156"/>
            <maxpow number="0.3102919703538156"/>
            <fprob>0.0</fprob>
        </actor>
        <ports>
            <port dstActor="D0N42" name="p0" srcActor="D0N41"/>
            <port dstActor="D0N43" name="p1" srcActor="D0N22"/>
            <port dstActor="D0N25" name="p2" srcActor="D0N22"/>
            <port dstActor="D0N34" name="p3" srcActor="D0N22"/>
            <port dstActor="D0N22" name="p4" srcActor="D0N4"/>
            <port dstActor="D0N10" name="p5" srcActor="D0N4"/>
            <port dstActor="D0N23" name="p6" srcActor="D0N4"/>
            <port dstActor="D0N24" name="p7" srcActor="D0N4"/>
            <port dstActor="D0N45" name="p8" srcActor="D0N4"/>
            <port dstActor="D0N26" name="p9" srcActor="D0N4"/>
            <port dstActor="D0N13" name="p10" srcActor="D0N4"/>
            <port dstActor="D0N35" name="p11" srcActor="D0N4"/>
            <port dstActor="D0N46" name="p12" srcActor="D0N8"/>
            <port dstActor="D0N16" name="p13" srcActor="D0N8"/>
            <port dstActor="D0N24" name="p14" srcActor="D0N8"/>
            <port dstActor="D0N25" name="p15" srcActor="D0N8"/>
            <port dstActor="D0N22" name="p16" srcActor="D0N8"/>
            <port dstActor="D0N11" name="p17" srcActor="D0N8"/>
            <port dstActor="D0N39" name="p18" srcActor="D0N15"/>
            <port dstActor="D0N25" name="p19" srcActor="D0N15"/>
            <port dstActor="D0N24" name="p20" srcActor="D0N15"/>
            <port dstActor="D0N43" name="p21" srcActor="D0N39"/>
            <port dstActor="D0N32" name="p22" srcActor="D0N28"/>
            <port dstActor="D0N39" name="p23" srcActor="D0N28"/>
            <port dstActor="D0N31" name="p24" srcActor="D0N28"/>
            <port dstActor="D0N44" name="p25" srcActor="D0N16"/>
            <port dstActor="D0N20" name="p26" srcActor="D0N16"/>
            <port dstActor="D0N23" name="p27" srcActor="D0N18"/>
            <port dstActor="D0N19" name="p28" srcActor="D0N3"/>
            <port dstActor="D0N41" name="p29" srcActor="D0N3"/>
            <port dstActor="D0N16" name="p30" srcActor="D0N3"/>
            <port dstActor="D0N39" name="p31" srcActor="D0N3"/>
            <port dstActor="D0N14" name="p32" srcActor="D0N1"/>
            <port dstActor="D0N4" name="p33" srcActor="D0N1"/>
            <port dstActor="D0N34" name="p34" srcActor="D0N1"/>
            <port dstActor="D0N5" name="p35" srcActor="D0N1"/>
            <port dstActor="D0N29" name="p36" srcActor="D0N1"/>
            <port dstActor="D0N21" name="p37" srcActor="D0N1"/>
            <port dstActor="D0N37" name="p38" srcActor="D0N14"/>
            <port dstActor="D0N46" name="p39" srcActor="D0N14"/>
            <port dstActor="D0N31" name="p40" srcActor="D0N14"/>
            <port dstActor="D0N44" name="p41" srcActor="D0N12"/>
            <port dstActor="D0N32" name="p42" srcActor="D0N29"/>
            <port dstActor="D0N30" name="p43" srcActor="D0N29"/>
            <port dstActor="D0N41" name="p44" srcActor="D0N38"/>
            <port dstActor="D0N16" name="p45" srcActor="D0N13"/>
            <port dstActor="D0N40" name="p46" srcActor="D0N13"/>
            <port dstActor="D0N44" name="p47" srcActor="D0N37"/>
            <port dstActor="D0N34" name="p48" srcActor="D0N2"/>
            <port dstActor="D0N42" name="p49" srcActor="D0N2"/>
            <port dstActor="D0N29" name="p50" srcActor="D0N2"/>
            <port dstActor="D0N11" name="p51" srcActor="D0N2"/>
            <port dstActor="D0N46" name="p52" srcActor="D0N36"/>
            <port dstActor="D0N42" name="p53" srcActor="D0N36"/>
            <port dstActor="D0N41" name="p54" srcActor="D0N36"/>
            <port dstActor="D0N32" name="p55" srcActor="D0N17"/>
            <port dstActor="D0N29" name="p56" srcActor="D0N0"/>
            <port dstActor="D0N4" name="p57" srcActor="D0N0"/>
            <port dstActor="D0N27" name="p58" srcActor="D0N0"/>
            <port dstActor="D0N35" name="p59" srcActor="D0N0"/>
            <port dstActor="D0N38" name="p60" srcActor="D0N0"/>
            <port dstActor="D0N27" name="p61" srcActor="D0N19"/>
            <port dstActor="D0N28" name="p62" srcActor="D0N19"/>
            <port dstActor="D0N36" name="p63" srcActor="D0N19"/>
            <port dstActor="D0N40" name="p64" srcActor="D0N19"/>
            <port dstActor="D0N15" name="p65" srcActor="D0N10"/>
            <port dstActor="D0N32" name="p66" srcActor="D0N10"/>
            <port dstActor="D0N18" name="p67" srcActor="D0N10"/>
            <port dstActor="D0N43" name="p68" srcActor="D0N10"/>
            <port dstActor="D0N33" name="p69" srcActor="D0N30"/>
            <port dstActor="D0N31" name="p70" srcActor="D0N30"/>
            <port dstActor="D0N45" name="p71" srcActor="D0N30"/>
            <port dstActor="D0N38" name="p72" srcActor="D0N30"/>
            <port dstActor="D0N46" name="p73" srcActor="D0N43"/>
            <port dstActor="D0N30" name="p74" srcActor="D0N6"/>
            <port dstActor="D0N7" name="p75" srcActor="D0N6"/>
            <port dstActor="D0N38" name="p76" srcActor="D0N6"/>
            <port dstActor="D0N33" name="p77" srcActor="D0N6"/>
            <port dstActor="D0N40" name="p78" srcActor="D0N24"/>
            <port dstActor="D0N41" name="p79" srcActor="D0N24"/>
            <port dstActor="D0N39" name="p80" srcActor="D0N24"/>
            <port dstActor="D0N42" name="p81" srcActor="D0N24"/>
            <port dstActor="D0N28" name="p82" srcActor="D0N24"/>
            <port dstActor="D0N24" name="p83" srcActor="D0N9"/>
            <port dstActor="D0N44" name="p84" srcActor="D0N9"/>
            <port dstActor="D0N31" name="p85" srcActor="D0N9"/>
            <port dstActor="D0N45" name="p86" srcActor="D0N44"/>
            <port dstActor="D0N46" name="p87" srcActor="D0N44"/>
            <port dstActor="D0N32" name="p88" srcActor="D0N21"/>
            <port dstActor="D0N24" name="p89" srcActor="D0N21"/>
            <port dstActor="D0N25" name="p90" srcActor="D0N21"/>
            <port dstActor="D0N23" name="p91" srcActor="D0N20"/>
            <port dstActor="D0N22" name="p92" srcActor="D0N20"/>
            <port dstActor="D0N38" name="p93" srcActor="D0N11"/>
            <port dstActor="D0N17" name="p94" srcActor="D0N11"/>
            <port dstActor="D0N32" name="p95" srcActor="D0N11"/>
            <port dstActor="D0N22" name="p96" srcActor="D0N11"/>
            <port dstActor="D0N28" name="p97" srcActor="D0N26"/>
            <port dstActor="D0N33" name="p98" srcActor="D0N32"/>
            <port dstActor="D0N20" name="p99" srcActor="D0N7"/>
            <port dstActor="D0N39" name="p100" srcActor="D0N7"/>
            <port dstActor="D0N29" name="p101" srcActor="D0N7"/>
            <port dstActor="D0N13" name="p102" srcActor="D0N7"/>
            <port dstActor="D0N46" name="p103" srcActor="D0N27"/>
            <port dstActor="D0N44" name="p104" srcActor="D0N35"/>
            <port dstActor="D0N41" name="p105" srcActor="D0N35"/>
            <port dstActor="D0N38" name="p106" srcActor="D0N35"/>
            <port dstActor="D0N45" name="p107" srcActor="D0N40"/>
            <port dstActor="D0N41" name="p108" srcActor="D0N40"/>
            <port dstActor="D0N43" name="p109" srcActor="D0N23"/>
        </ports>
    </mcdag>
    <cores number="3"/>
    <levels number="2"/>
</mcsystem>
