<?xml version="1.0" encoding="UTF-8" standalone="no"?>
<mcsystem>
    <mcdag deadline="2500" name="genned-0-ed-10.0-0">
        <actor name="D0N40">
            <wcet number="0">90</wcet>
            <wcet number="1">110</wcet>
            <maxpow number="0.25419300848513426"/>
            <maxpow number="0.25419300848513426"/>
            <fprob>0.0</fprob>
        </actor>
        <actor name="D0N16">
            <wcet number="0">230</wcet>
            <wcet number="1">250</wcet>
            <maxpow number="0.6474625476635492"/>
            <maxpow number="0.6474625476635492"/>
            <fprob>0.0</fprob>
        </actor>
        <actor name="D0N38">
            <wcet number="0">110</wcet>
            <wcet number="1">140</wcet>
            <maxpow number="0.5361426470690857"/>
            <maxpow number="0.5361426470690857"/>
            <fprob>0.0</fprob>
        </actor>
        <actor name="D0N32">
            <wcet number="0">20</wcet>
            <wcet number="1">60</wcet>
            <maxpow number="0.5293176008436525"/>
            <maxpow number="0.5293176008436525"/>
            <fprob>0.0</fprob>
        </actor>
        <actor name="D0N24">
            <wcet number="0">10</wcet>
            <wcet number="1">20</wcet>
            <maxpow number="0.8038391771998317"/>
            <maxpow number="0.8038391771998317"/>
            <fprob>0.0</fprob>
        </actor>
        <actor name="D0N33">
            <wcet number="0">20</wcet>
            <wcet number="1">30</wcet>
            <maxpow number="0.618397708706052"/>
            <maxpow number="0.618397708706052"/>
            <fprob>0.0</fprob>
        </actor>
        <actor name="D0N36">
            <wcet number="0">80</wcet>
            <wcet number="1">80</wcet>
            <maxpow number="0.39628711952852613"/>
            <maxpow number="0.39628711952852613"/>
            <fprob>0.0</fprob>
        </actor>
        <actor name="D0N25">
            <wcet number="0">20</wcet>
            <wcet number="1">30</wcet>
            <maxpow number="0.7482517574626453"/>
            <maxpow number="0.7482517574626453"/>
            <fprob>0.0</fprob>
        </actor>
        <actor name="D0N4">
            <wcet number="0">50</wcet>
            <wcet number="1">60</wcet>
            <maxpow number="0.6631944551728537"/>
            <maxpow number="0.6631944551728537"/>
            <fprob>0.0</fprob>
        </actor>
        <actor name="D0N12">
            <wcet number="0">120</wcet>
            <wcet number="1">120</wcet>
            <maxpow number="0.7058705157630615"/>
            <maxpow number="0.7058705157630615"/>
            <fprob>0.0</fprob>
        </actor>
        <actor name="D0N1">
            <wcet number="0">20</wcet>
            <wcet number="1">320</wcet>
            <maxpow number="0.42720796484913626"/>
            <maxpow number="0.42720796484913626"/>
            <fprob>0.0</fprob>
        </actor>
        <actor name="D0N15">
            <wcet number="0">60</wcet>
            <wcet number="1">80</wcet>
            <maxpow number="0.49853234632723814"/>
            <maxpow number="0.49853234632723814"/>
            <fprob>0.0</fprob>
        </actor>
        <actor name="D0N22">
            <wcet number="0">10</wcet>
            <wcet number="1">50</wcet>
            <maxpow number="0.2920843743534987"/>
            <maxpow number="0.2920843743534987"/>
            <fprob>0.0</fprob>
        </actor>
        <actor name="D0N3">
            <wcet number="0">120</wcet>
            <wcet number="1">230</wcet>
            <maxpow number="0.5458447058797522"/>
            <maxpow number="0.5458447058797522"/>
            <fprob>0.0</fprob>
        </actor>
        <actor name="D0N19">
            <wcet number="0">470</wcet>
            <wcet number="1">500</wcet>
            <maxpow number="0.7177492861768855"/>
            <maxpow number="0.7177492861768855"/>
            <fprob>0.0</fprob>
        </actor>
        <actor name="D0N41">
            <wcet number="0">10</wcet>
            <wcet number="1">10</wcet>
            <maxpow number="0.6819763201737381"/>
            <maxpow number="0.6819763201737381"/>
            <fprob>0.0</fprob>
        </actor>
        <actor name="D0N47">
            <wcet number="0">40</wcet>
            <wcet number="1">110</wcet>
            <maxpow number="0.6860637560838189"/>
            <maxpow number="0.6860637560838189"/>
            <fprob>0.0</fprob>
        </actor>
        <actor name="D0N29">
            <wcet number="0">50</wcet>
            <wcet number="1">140</wcet>
            <maxpow number="0.6931658694112919"/>
            <maxpow number="0.6931658694112919"/>
            <fprob>0.0</fprob>
        </actor>
        <actor name="D0N7">
            <wcet number="0">70</wcet>
            <wcet number="1">110</wcet>
            <maxpow number="0.6870198347141631"/>
            <maxpow number="0.6870198347141631"/>
            <fprob>0.0</fprob>
        </actor>
        <actor name="D0N39">
            <wcet number="0">130</wcet>
            <wcet number="1">290</wcet>
            <maxpow number="0.8812427206427749"/>
            <maxpow number="0.8812427206427749"/>
            <fprob>0.0</fprob>
        </actor>
        <actor name="D0N46">
            <wcet number="0">130</wcet>
            <wcet number="1">160</wcet>
            <maxpow number="0.5897961990006572"/>
            <maxpow number="0.5897961990006572"/>
            <fprob>0.0</fprob>
        </actor>
        <actor name="D0N31">
            <wcet number="0">70</wcet>
            <wcet number="1">70</wcet>
            <maxpow number="0.5463886666407807"/>
            <maxpow number="0.5463886666407807"/>
            <fprob>0.0</fprob>
        </actor>
        <actor name="D0N23">
            <wcet number="0">20</wcet>
            <wcet number="1">30</wcet>
            <maxpow number="0.48568352481763416"/>
            <maxpow number="0.48568352481763416"/>
            <fprob>0.0</fprob>
        </actor>
        <actor name="D0N0">
            <wcet number="0">130</wcet>
            <wcet number="1">230</wcet>
            <maxpow number="0.6016167185969762"/>
            <maxpow number="0.6016167185969762"/>
            <fprob>0.0</fprob>
        </actor>
        <actor name="D0N11">
            <wcet number="0">110</wcet>
            <wcet number="1">210</wcet>
            <maxpow number="0.47229969860681376"/>
            <maxpow number="0.47229969860681376"/>
            <fprob>0.0</fprob>
        </actor>
        <actor name="D0N44">
            <wcet number="0">40</wcet>
            <wcet number="1">60</wcet>
            <maxpow number="0.5297616818853496"/>
            <maxpow number="0.5297616818853496"/>
            <fprob>0.0</fprob>
        </actor>
        <actor name="D0N10">
            <wcet number="0">30</wcet>
            <wcet number="1">100</wcet>
            <maxpow number="0.7109972025266902"/>
            <maxpow number="0.7109972025266902"/>
            <fprob>0.0</fprob>
        </actor>
        <actor name="D0N6">
            <wcet number="0">30</wcet>
            <wcet number="1">50</wcet>
            <maxpow number="0.5790818267787764"/>
            <maxpow number="0.5790818267787764"/>
            <fprob>0.0</fprob>
        </actor>
        <actor name="D0N8">
            <wcet number="0">20</wcet>
            <wcet number="1">30</wcet>
            <maxpow number="0.624939322926986"/>
            <maxpow number="0.624939322926986"/>
            <fprob>0.0</fprob>
        </actor>
        <actor name="D0N2">
            <wcet number="0">50</wcet>
            <wcet number="1">80</wcet>
            <maxpow number="0.6067746356319031"/>
            <maxpow number="0.6067746356319031"/>
            <fprob>0.0</fprob>
        </actor>
        <actor name="D0N17">
            <wcet number="0">120</wcet>
            <wcet number="1">220</wcet>
            <maxpow number="0.2587171231306495"/>
            <maxpow number="0.2587171231306495"/>
            <fprob>0.0</fprob>
        </actor>
        <actor name="D0N14">
            <wcet number="0">20</wcet>
            <wcet number="1">20</wcet>
            <maxpow number="0.20526780611754053"/>
            <maxpow number="0.20526780611754053"/>
            <fprob>0.0</fprob>
        </actor>
        <actor name="D0N34">
            <wcet number="0">30</wcet>
            <wcet number="1">50</wcet>
            <maxpow number="0.3586664674213198"/>
            <maxpow number="0.3586664674213198"/>
            <fprob>0.0</fprob>
        </actor>
        <actor name="D0N18">
            <wcet number="0">170</wcet>
            <wcet number="1">290</wcet>
            <maxpow number="0.44396902707761393"/>
            <maxpow number="0.44396902707761393"/>
            <fprob>0.0</fprob>
        </actor>
        <actor name="D0N26">
            <wcet number="0">50</wcet>
            <wcet number="1">60</wcet>
            <maxpow number="0.784667399367755"/>
            <maxpow number="0.784667399367755"/>
            <fprob>0.0</fprob>
        </actor>
        <actor name="D0N30">
            <wcet number="0">120</wcet>
            <wcet number="1">140</wcet>
            <maxpow number="0.4902119500707425"/>
            <maxpow number="0.4902119500707425"/>
            <fprob>0.0</fprob>
        </actor>
        <actor name="D0N42">
            <wcet number="0">10</wcet>
            <wcet number="1">10</wcet>
            <maxpow number="0.17711143909471422"/>
            <maxpow number="0.17711143909471422"/>
            <fprob>0.0</fprob>
        </actor>
        <actor name="D0N21">
            <wcet number="0">10</wcet>
            <wcet number="1">20</wcet>
            <maxpow number="0.9027160199502489"/>
            <maxpow number="0.9027160199502489"/>
            <fprob>0.0</fprob>
        </actor>
        <actor name="D0N27">
            <wcet number="0">10</wcet>
            <wcet number="1">20</wcet>
            <maxpow number="0.21455866284526465"/>
            <maxpow number="0.21455866284526465"/>
            <fprob>0.0</fprob>
        </actor>
        <actor name="D0N9">
            <wcet number="0">110</wcet>
            <wcet number="1">160</wcet>
            <maxpow number="0.34432346001628367"/>
            <maxpow number="0.34432346001628367"/>
            <fprob>0.0</fprob>
        </actor>
        <actor name="D0N37">
            <wcet number="0">50</wcet>
            <wcet number="1">230</wcet>
            <maxpow number="0.6156887534137067"/>
            <maxpow number="0.6156887534137067"/>
            <fprob>0.0</fprob>
        </actor>
        <actor name="D0N28">
            <wcet number="0">30</wcet>
            <wcet number="1">80</wcet>
            <maxpow number="0.6601960671697044"/>
            <maxpow number="0.6601960671697044"/>
            <fprob>0.0</fprob>
        </actor>
        <actor name="D0N45">
            <wcet number="0">130</wcet>
            <wcet number="1">180</wcet>
            <maxpow number="0.3840790193250727"/>
            <maxpow number="0.3840790193250727"/>
            <fprob>0.0</fprob>
        </actor>
        <actor name="D0N35">
            <wcet number="0">60</wcet>
            <wcet number="1">100</wcet>
            <maxpow number="0.5545259861814457"/>
            <maxpow number="0.5545259861814457"/>
            <fprob>0.0</fprob>
        </actor>
        <actor name="D0N5">
            <wcet number="0">170</wcet>
            <wcet number="1">200</wcet>
            <maxpow number="0.6486444635781075"/>
            <maxpow number="0.6486444635781075"/>
            <fprob>0.0</fprob>
        </actor>
        <actor name="D0N43">
            <wcet number="0">10</wcet>
            <wcet number="1">200</wcet>
            <maxpow number="0.47654467492804864"/>
            <maxpow number="0.47654467492804864"/>
            <fprob>0.0</fprob>
        </actor>
        <actor name="D0N20">
            <wcet number="0">10</wcet>
            <wcet number="1">20</wcet>
            <maxpow number="0.6074119329323971"/>
            <maxpow number="0.6074119329323971"/>
            <fprob>0.0</fprob>
        </actor>
        <actor name="D0N13">
            <wcet number="0">130</wcet>
            <wcet number="1">240</wcet>
            <maxpow number="0.8997356975453621"/>
            <maxpow number="0.8997356975453621"/>
            <fprob>0.0</fprob>
        </actor>
        <ports>
            <port dstActor="D0N41" name="p0" srcActor="D0N40"/>
            <port dstActor="D0N27" name="p1" srcActor="D0N16"/>
            <port dstActor="D0N24" name="p2" srcActor="D0N16"/>
            <port dstActor="D0N18" name="p3" srcActor="D0N16"/>
            <port dstActor="D0N28" name="p4" srcActor="D0N16"/>
            <port dstActor="D0N39" name="p5" srcActor="D0N16"/>
            <port dstActor="D0N43" name="p6" srcActor="D0N38"/>
            <port dstActor="D0N42" name="p7" srcActor="D0N38"/>
            <port dstActor="D0N44" name="p8" srcActor="D0N32"/>
            <port dstActor="D0N47" name="p9" srcActor="D0N32"/>
            <port dstActor="D0N37" name="p10" srcActor="D0N32"/>
            <port dstActor="D0N46" name="p11" srcActor="D0N24"/>
            <port dstActor="D0N42" name="p12" srcActor="D0N25"/>
            <port dstActor="D0N43" name="p13" srcActor="D0N25"/>
            <port dstActor="D0N31" name="p14" srcActor="D0N25"/>
            <port dstActor="D0N27" name="p15" srcActor="D0N4"/>
            <port dstActor="D0N44" name="p16" srcActor="D0N4"/>
            <port dstActor="D0N35" name="p17" srcActor="D0N4"/>
            <port dstActor="D0N23" name="p18" srcActor="D0N4"/>
            <port dstActor="D0N35" name="p19" srcActor="D0N12"/>
            <port dstActor="D0N33" name="p20" srcActor="D0N1"/>
            <port dstActor="D0N10" name="p21" srcActor="D0N1"/>
            <port dstActor="D0N8" name="p22" srcActor="D0N1"/>
            <port dstActor="D0N37" name="p23" srcActor="D0N1"/>
            <port dstActor="D0N16" name="p24" srcActor="D0N1"/>
            <port dstActor="D0N23" name="p25" srcActor="D0N15"/>
            <port dstActor="D0N32" name="p26" srcActor="D0N15"/>
            <port dstActor="D0N36" name="p27" srcActor="D0N15"/>
            <port dstActor="D0N29" name="p28" srcActor="D0N15"/>
            <port dstActor="D0N34" name="p29" srcActor="D0N22"/>
            <port dstActor="D0N42" name="p30" srcActor="D0N3"/>
            <port dstActor="D0N37" name="p31" srcActor="D0N3"/>
            <port dstActor="D0N29" name="p32" srcActor="D0N3"/>
            <port dstActor="D0N25" name="p33" srcActor="D0N19"/>
            <port dstActor="D0N37" name="p34" srcActor="D0N19"/>
            <port dstActor="D0N46" name="p35" srcActor="D0N19"/>
            <port dstActor="D0N34" name="p36" srcActor="D0N29"/>
            <port dstActor="D0N38" name="p37" srcActor="D0N29"/>
            <port dstActor="D0N11" name="p38" srcActor="D0N7"/>
            <port dstActor="D0N45" name="p39" srcActor="D0N7"/>
            <port dstActor="D0N37" name="p40" srcActor="D0N7"/>
            <port dstActor="D0N45" name="p41" srcActor="D0N39"/>
            <port dstActor="D0N44" name="p42" srcActor="D0N39"/>
            <port dstActor="D0N47" name="p43" srcActor="D0N31"/>
            <port dstActor="D0N31" name="p44" srcActor="D0N23"/>
            <port dstActor="D0N36" name="p45" srcActor="D0N23"/>
            <port dstActor="D0N33" name="p46" srcActor="D0N0"/>
            <port dstActor="D0N32" name="p47" srcActor="D0N0"/>
            <port dstActor="D0N14" name="p48" srcActor="D0N0"/>
            <port dstActor="D0N10" name="p49" srcActor="D0N0"/>
            <port dstActor="D0N20" name="p50" srcActor="D0N11"/>
            <port dstActor="D0N47" name="p51" srcActor="D0N11"/>
            <port dstActor="D0N38" name="p52" srcActor="D0N11"/>
            <port dstActor="D0N22" name="p53" srcActor="D0N11"/>
            <port dstActor="D0N41" name="p54" srcActor="D0N10"/>
            <port dstActor="D0N35" name="p55" srcActor="D0N10"/>
            <port dstActor="D0N45" name="p56" srcActor="D0N6"/>
            <port dstActor="D0N15" name="p57" srcActor="D0N6"/>
            <port dstActor="D0N41" name="p58" srcActor="D0N8"/>
            <port dstActor="D0N23" name="p59" srcActor="D0N8"/>
            <port dstActor="D0N47" name="p60" srcActor="D0N8"/>
            <port dstActor="D0N33" name="p61" srcActor="D0N8"/>
            <port dstActor="D0N46" name="p62" srcActor="D0N8"/>
            <port dstActor="D0N7" name="p63" srcActor="D0N2"/>
            <port dstActor="D0N44" name="p64" srcActor="D0N2"/>
            <port dstActor="D0N29" name="p65" srcActor="D0N2"/>
            <port dstActor="D0N32" name="p66" srcActor="D0N2"/>
            <port dstActor="D0N18" name="p67" srcActor="D0N2"/>
            <port dstActor="D0N26" name="p68" srcActor="D0N2"/>
            <port dstActor="D0N28" name="p69" srcActor="D0N17"/>
            <port dstActor="D0N23" name="p70" srcActor="D0N17"/>
            <port dstActor="D0N18" name="p71" srcActor="D0N17"/>
            <port dstActor="D0N24" name="p72" srcActor="D0N17"/>
            <port dstActor="D0N23" name="p73" srcActor="D0N14"/>
            <port dstActor="D0N42" name="p74" srcActor="D0N14"/>
            <port dstActor="D0N16" name="p75" srcActor="D0N14"/>
            <port dstActor="D0N38" name="p76" srcActor="D0N34"/>
            <port dstActor="D0N29" name="p77" srcActor="D0N18"/>
            <port dstActor="D0N45" name="p78" srcActor="D0N18"/>
            <port dstActor="D0N43" name="p79" srcActor="D0N26"/>
            <port dstActor="D0N47" name="p80" srcActor="D0N26"/>
            <port dstActor="D0N23" name="p81" srcActor="D0N21"/>
            <port dstActor="D0N42" name="p82" srcActor="D0N21"/>
            <port dstActor="D0N27" name="p83" srcActor="D0N21"/>
            <port dstActor="D0N31" name="p84" srcActor="D0N27"/>
            <port dstActor="D0N38" name="p85" srcActor="D0N27"/>
            <port dstActor="D0N37" name="p86" srcActor="D0N9"/>
            <port dstActor="D0N28" name="p87" srcActor="D0N9"/>
            <port dstActor="D0N31" name="p88" srcActor="D0N9"/>
            <port dstActor="D0N27" name="p89" srcActor="D0N9"/>
            <port dstActor="D0N45" name="p90" srcActor="D0N9"/>
            <port dstActor="D0N24" name="p91" srcActor="D0N9"/>
            <port dstActor="D0N41" name="p92" srcActor="D0N37"/>
            <port dstActor="D0N39" name="p93" srcActor="D0N28"/>
            <port dstActor="D0N36" name="p94" srcActor="D0N28"/>
            <port dstActor="D0N35" name="p95" srcActor="D0N28"/>
            <port dstActor="D0N46" name="p96" srcActor="D0N45"/>
            <port dstActor="D0N6" name="p97" srcActor="D0N5"/>
            <port dstActor="D0N44" name="p98" srcActor="D0N5"/>
            <port dstActor="D0N47" name="p99" srcActor="D0N5"/>
            <port dstActor="D0N14" name="p100" srcActor="D0N5"/>
            <port dstActor="D0N15" name="p101" srcActor="D0N5"/>
            <port dstActor="D0N26" name="p102" srcActor="D0N5"/>
            <port dstActor="D0N44" name="p103" srcActor="D0N20"/>
            <port dstActor="D0N38" name="p104" srcActor="D0N20"/>
            <port dstActor="D0N24" name="p105" srcActor="D0N20"/>
            <port dstActor="D0N27" name="p106" srcActor="D0N20"/>
            <port dstActor="D0N35" name="p107" srcActor="D0N13"/>
            <port dstActor="D0N29" name="p108" srcActor="D0N13"/>
            <port dstActor="D0N37" name="p109" srcActor="D0N13"/>
            <port dstActor="D0N20" name="p110" srcActor="D0N13"/>
            <port dstActor="D0N16" name="p111" srcActor="D0N13"/>
        </ports>
    </mcdag>
    <cores number="3"/>
    <levels number="2"/>
</mcsystem>
