<?xml version="1.0" encoding="UTF-8" standalone="no"?>
<mcsystem>
    <mcdag deadline="1200" name="genned-0-ed-10.0-0">
        <actor name="D0N20">
            <wcet number="0">10</wcet>
            <wcet number="1">10</wcet>
            <maxpow number="0.6496568117597737"/>
            <maxpow number="0.6496568117597737"/>
            <fprob>0.0</fprob>
        </actor>
        <actor name="D0N8">
            <wcet number="0">10</wcet>
            <wcet number="1">10</wcet>
            <maxpow number="0.5668564849515951"/>
            <maxpow number="0.5668564849515951"/>
            <fprob>0.0</fprob>
        </actor>
        <actor name="D0N18">
            <wcet number="0">10</wcet>
            <wcet number="1">10</wcet>
            <maxpow number="0.4790512583523351"/>
            <maxpow number="0.4790512583523351"/>
            <fprob>0.0</fprob>
        </actor>
        <actor name="D0N39">
            <wcet number="0">40</wcet>
            <wcet number="1">140</wcet>
            <maxpow number="0.7071002818957326"/>
            <maxpow number="0.7071002818957326"/>
            <fprob>0.0</fprob>
        </actor>
        <actor name="D0N42">
            <wcet number="0">10</wcet>
            <wcet number="1">80</wcet>
            <maxpow number="0.6073435195779775"/>
            <maxpow number="0.6073435195779775"/>
            <fprob>0.0</fprob>
        </actor>
        <actor name="D0N9">
            <wcet number="0">80</wcet>
            <wcet number="1">90</wcet>
            <maxpow number="0.48852098569860875"/>
            <maxpow number="0.48852098569860875"/>
            <fprob>0.0</fprob>
        </actor>
        <actor name="D0N4">
            <wcet number="0">10</wcet>
            <wcet number="1">10</wcet>
            <maxpow number="0.4034508537099113"/>
            <maxpow number="0.4034508537099113"/>
            <fprob>0.0</fprob>
        </actor>
        <actor name="D0N12">
            <wcet number="0">30</wcet>
            <wcet number="1">60</wcet>
            <maxpow number="0.6999037223798994"/>
            <maxpow number="0.6999037223798994"/>
            <fprob>0.0</fprob>
        </actor>
        <actor name="D0N14">
            <wcet number="0">10</wcet>
            <wcet number="1">10</wcet>
            <maxpow number="0.6899284555280686"/>
            <maxpow number="0.6899284555280686"/>
            <fprob>0.0</fprob>
        </actor>
        <actor name="D0N1">
            <wcet number="0">10</wcet>
            <wcet number="1">50</wcet>
            <maxpow number="0.46194461928186875"/>
            <maxpow number="0.46194461928186875"/>
            <fprob>0.0</fprob>
        </actor>
        <actor name="D0N24">
            <wcet number="0">20</wcet>
            <wcet number="1">70</wcet>
            <maxpow number="0.5833764055680402"/>
            <maxpow number="0.5833764055680402"/>
            <fprob>0.0</fprob>
        </actor>
        <actor name="D0N11">
            <wcet number="0">10</wcet>
            <wcet number="1">70</wcet>
            <maxpow number="0.4082682725239139"/>
            <maxpow number="0.4082682725239139"/>
            <fprob>0.0</fprob>
        </actor>
        <actor name="D0N6">
            <wcet number="0">150</wcet>
            <wcet number="1">190</wcet>
            <maxpow number="0.5900518510071634"/>
            <maxpow number="0.5900518510071634"/>
            <fprob>0.0</fprob>
        </actor>
        <actor name="D0N40">
            <wcet number="0">90</wcet>
            <wcet number="1">130</wcet>
            <maxpow number="0.3433584066659814"/>
            <maxpow number="0.3433584066659814"/>
            <fprob>0.0</fprob>
        </actor>
        <actor name="D0N19">
            <wcet number="0">40</wcet>
            <wcet number="1">110</wcet>
            <maxpow number="0.4561061996798518"/>
            <maxpow number="0.4561061996798518"/>
            <fprob>0.0</fprob>
        </actor>
        <actor name="D0N36">
            <wcet number="0">10</wcet>
            <wcet number="1">10</wcet>
            <maxpow number="0.4354606296015287"/>
            <maxpow number="0.4354606296015287"/>
            <fprob>0.0</fprob>
        </actor>
        <actor name="D0N22">
            <wcet number="0">80</wcet>
            <wcet number="1">80</wcet>
            <maxpow number="0.54041209499775"/>
            <maxpow number="0.54041209499775"/>
            <fprob>0.0</fprob>
        </actor>
        <actor name="D0N0">
            <wcet number="0">80</wcet>
            <wcet number="1">150</wcet>
            <maxpow number="0.794790513831856"/>
            <maxpow number="0.794790513831856"/>
            <fprob>0.0</fprob>
        </actor>
        <actor name="D0N44">
            <wcet number="0">100</wcet>
            <wcet number="1">100</wcet>
            <maxpow number="0.5104807588141358"/>
            <maxpow number="0.5104807588141358"/>
            <fprob>0.0</fprob>
        </actor>
        <actor name="D0N10">
            <wcet number="0">10</wcet>
            <wcet number="1">20</wcet>
            <maxpow number="0.6762538211272081"/>
            <maxpow number="0.6762538211272081"/>
            <fprob>0.0</fprob>
        </actor>
        <actor name="D0N28">
            <wcet number="0">10</wcet>
            <wcet number="1">20</wcet>
            <maxpow number="0.668703781465643"/>
            <maxpow number="0.668703781465643"/>
            <fprob>0.0</fprob>
        </actor>
        <actor name="D0N46">
            <wcet number="0">30</wcet>
            <wcet number="1">30</wcet>
            <maxpow number="0.6439031375029538"/>
            <maxpow number="0.6439031375029538"/>
            <fprob>0.0</fprob>
        </actor>
        <actor name="D0N15">
            <wcet number="0">10</wcet>
            <wcet number="1">50</wcet>
            <maxpow number="0.4821704081574854"/>
            <maxpow number="0.4821704081574854"/>
            <fprob>0.0</fprob>
        </actor>
        <actor name="D0N33">
            <wcet number="0">10</wcet>
            <wcet number="1">20</wcet>
            <maxpow number="0.26702353252944505"/>
            <maxpow number="0.26702353252944505"/>
            <fprob>0.0</fprob>
        </actor>
        <actor name="D0N32">
            <wcet number="0">10</wcet>
            <wcet number="1">30</wcet>
            <maxpow number="0.43552174031379937"/>
            <maxpow number="0.43552174031379937"/>
            <fprob>0.0</fprob>
        </actor>
        <actor name="D0N34">
            <wcet number="0">60</wcet>
            <wcet number="1">70</wcet>
            <maxpow number="0.7927275782653445"/>
            <maxpow number="0.7927275782653445"/>
            <fprob>0.0</fprob>
        </actor>
        <actor name="D0N41">
            <wcet number="0">20</wcet>
            <wcet number="1">20</wcet>
            <maxpow number="0.6175169277635271"/>
            <maxpow number="0.6175169277635271"/>
            <fprob>0.0</fprob>
        </actor>
        <actor name="D0N35">
            <wcet number="0">120</wcet>
            <wcet number="1">120</wcet>
            <maxpow number="0.3575748506152411"/>
            <maxpow number="0.3575748506152411"/>
            <fprob>0.0</fprob>
        </actor>
        <actor name="D0N3">
            <wcet number="0">10</wcet>
            <wcet number="1">60</wcet>
            <maxpow number="0.4431541959219092"/>
            <maxpow number="0.4431541959219092"/>
            <fprob>0.0</fprob>
        </actor>
        <actor name="D0N38">
            <wcet number="0">50</wcet>
            <wcet number="1">50</wcet>
            <maxpow number="0.2988013812131797"/>
            <maxpow number="0.2988013812131797"/>
            <fprob>0.0</fprob>
        </actor>
        <actor name="D0N17">
            <wcet number="0">30</wcet>
            <wcet number="1">90</wcet>
            <maxpow number="0.7647953773888633"/>
            <maxpow number="0.7647953773888633"/>
            <fprob>0.0</fprob>
        </actor>
        <actor name="D0N2">
            <wcet number="0">70</wcet>
            <wcet number="1">70</wcet>
            <maxpow number="0.44667326419487324"/>
            <maxpow number="0.44667326419487324"/>
            <fprob>0.0</fprob>
        </actor>
        <actor name="D0N47">
            <wcet number="0">20</wcet>
            <wcet number="1">20</wcet>
            <maxpow number="0.5048379733829794"/>
            <maxpow number="0.5048379733829794"/>
            <fprob>0.0</fprob>
        </actor>
        <actor name="D0N31">
            <wcet number="0">10</wcet>
            <wcet number="1">10</wcet>
            <maxpow number="0.24705952165777934"/>
            <maxpow number="0.24705952165777934"/>
            <fprob>0.0</fprob>
        </actor>
        <actor name="D0N26">
            <wcet number="0">40</wcet>
            <wcet number="1">40</wcet>
            <maxpow number="0.6670817282901277"/>
            <maxpow number="0.6670817282901277"/>
            <fprob>0.0</fprob>
        </actor>
        <actor name="D0N7">
            <wcet number="0">10</wcet>
            <wcet number="1">60</wcet>
            <maxpow number="0.7352138286390081"/>
            <maxpow number="0.7352138286390081"/>
            <fprob>0.0</fprob>
        </actor>
        <actor name="D0N5">
            <wcet number="0">10</wcet>
            <wcet number="1">10</wcet>
            <maxpow number="0.5299318096361907"/>
            <maxpow number="0.5299318096361907"/>
            <fprob>0.0</fprob>
        </actor>
        <actor name="D0N16">
            <wcet number="0">10</wcet>
            <wcet number="1">10</wcet>
            <maxpow number="0.6770864301948163"/>
            <maxpow number="0.6770864301948163"/>
            <fprob>0.0</fprob>
        </actor>
        <actor name="D0N45">
            <wcet number="0">10</wcet>
            <wcet number="1">20</wcet>
            <maxpow number="0.711863709363908"/>
            <maxpow number="0.711863709363908"/>
            <fprob>0.0</fprob>
        </actor>
        <actor name="D0N37">
            <wcet number="0">10</wcet>
            <wcet number="1">50</wcet>
            <maxpow number="0.2866902844850288"/>
            <maxpow number="0.2866902844850288"/>
            <fprob>0.0</fprob>
        </actor>
        <actor name="D0N43">
            <wcet number="0">10</wcet>
            <wcet number="1">10</wcet>
            <maxpow number="0.7782513088036023"/>
            <maxpow number="0.7782513088036023"/>
            <fprob>0.0</fprob>
        </actor>
        <actor name="D0N13">
            <wcet number="0">160</wcet>
            <wcet number="1">190</wcet>
            <maxpow number="0.5010619644089461"/>
            <maxpow number="0.5010619644089461"/>
            <fprob>0.0</fprob>
        </actor>
        <actor name="D0N29">
            <wcet number="0">20</wcet>
            <wcet number="1">20</wcet>
            <maxpow number="0.6002443079307893"/>
            <maxpow number="0.6002443079307893"/>
            <fprob>0.0</fprob>
        </actor>
        <actor name="D0N21">
            <wcet number="0">20</wcet>
            <wcet number="1">20</wcet>
            <maxpow number="0.4093780220869636"/>
            <maxpow number="0.4093780220869636"/>
            <fprob>0.0</fprob>
        </actor>
        <actor name="D0N23">
            <wcet number="0">10</wcet>
            <wcet number="1">30</wcet>
            <maxpow number="0.6279150472441625"/>
            <maxpow number="0.6279150472441625"/>
            <fprob>0.0</fprob>
        </actor>
        <actor name="D0N27">
            <wcet number="0">120</wcet>
            <wcet number="1">130</wcet>
            <maxpow number="0.7337018528855462"/>
            <maxpow number="0.7337018528855462"/>
            <fprob>0.0</fprob>
        </actor>
        <actor name="D0N30">
            <wcet number="0">30</wcet>
            <wcet number="1">70</wcet>
            <maxpow number="0.5373449986511385"/>
            <maxpow number="0.5373449986511385"/>
            <fprob>0.0</fprob>
        </actor>
        <actor name="D0N25">
            <wcet number="0">40</wcet>
            <wcet number="1">40</wcet>
            <maxpow number="0.5184735524892173"/>
            <maxpow number="0.5184735524892173"/>
            <fprob>0.0</fprob>
        </actor>
        <ports>
            <port dstActor="D0N21" name="p0" srcActor="D0N20"/>
            <port dstActor="D0N39" name="p1" srcActor="D0N20"/>
            <port dstActor="D0N32" name="p2" srcActor="D0N8"/>
            <port dstActor="D0N23" name="p3" srcActor="D0N8"/>
            <port dstActor="D0N46" name="p4" srcActor="D0N8"/>
            <port dstActor="D0N11" name="p5" srcActor="D0N8"/>
            <port dstActor="D0N15" name="p6" srcActor="D0N8"/>
            <port dstActor="D0N35" name="p7" srcActor="D0N8"/>
            <port dstActor="D0N17" name="p8" srcActor="D0N8"/>
            <port dstActor="D0N28" name="p9" srcActor="D0N18"/>
            <port dstActor="D0N41" name="p10" srcActor="D0N39"/>
            <port dstActor="D0N31" name="p11" srcActor="D0N9"/>
            <port dstActor="D0N22" name="p12" srcActor="D0N9"/>
            <port dstActor="D0N47" name="p13" srcActor="D0N9"/>
            <port dstActor="D0N30" name="p14" srcActor="D0N9"/>
            <port dstActor="D0N11" name="p15" srcActor="D0N9"/>
            <port dstActor="D0N10" name="p16" srcActor="D0N4"/>
            <port dstActor="D0N13" name="p17" srcActor="D0N4"/>
            <port dstActor="D0N21" name="p18" srcActor="D0N12"/>
            <port dstActor="D0N34" name="p19" srcActor="D0N12"/>
            <port dstActor="D0N16" name="p20" srcActor="D0N12"/>
            <port dstActor="D0N46" name="p21" srcActor="D0N12"/>
            <port dstActor="D0N46" name="p22" srcActor="D0N14"/>
            <port dstActor="D0N16" name="p23" srcActor="D0N14"/>
            <port dstActor="D0N26" name="p24" srcActor="D0N14"/>
            <port dstActor="D0N19" name="p25" srcActor="D0N1"/>
            <port dstActor="D0N10" name="p26" srcActor="D0N1"/>
            <port dstActor="D0N13" name="p27" srcActor="D0N1"/>
            <port dstActor="D0N12" name="p28" srcActor="D0N1"/>
            <port dstActor="D0N15" name="p29" srcActor="D0N1"/>
            <port dstActor="D0N34" name="p30" srcActor="D0N1"/>
            <port dstActor="D0N23" name="p31" srcActor="D0N1"/>
            <port dstActor="D0N27" name="p32" srcActor="D0N24"/>
            <port dstActor="D0N35" name="p33" srcActor="D0N24"/>
            <port dstActor="D0N41" name="p34" srcActor="D0N24"/>
            <port dstActor="D0N45" name="p35" srcActor="D0N24"/>
            <port dstActor="D0N13" name="p36" srcActor="D0N11"/>
            <port dstActor="D0N28" name="p37" srcActor="D0N11"/>
            <port dstActor="D0N42" name="p38" srcActor="D0N11"/>
            <port dstActor="D0N44" name="p39" srcActor="D0N11"/>
            <port dstActor="D0N24" name="p40" srcActor="D0N11"/>
            <port dstActor="D0N12" name="p41" srcActor="D0N6"/>
            <port dstActor="D0N29" name="p42" srcActor="D0N6"/>
            <port dstActor="D0N32" name="p43" srcActor="D0N6"/>
            <port dstActor="D0N14" name="p44" srcActor="D0N6"/>
            <port dstActor="D0N38" name="p45" srcActor="D0N36"/>
            <port dstActor="D0N47" name="p46" srcActor="D0N22"/>
            <port dstActor="D0N44" name="p47" srcActor="D0N22"/>
            <port dstActor="D0N28" name="p48" srcActor="D0N22"/>
            <port dstActor="D0N31" name="p49" srcActor="D0N0"/>
            <port dstActor="D0N23" name="p50" srcActor="D0N0"/>
            <port dstActor="D0N39" name="p51" srcActor="D0N0"/>
            <port dstActor="D0N42" name="p52" srcActor="D0N0"/>
            <port dstActor="D0N1" name="p53" srcActor="D0N0"/>
            <port dstActor="D0N45" name="p54" srcActor="D0N10"/>
            <port dstActor="D0N24" name="p55" srcActor="D0N10"/>
            <port dstActor="D0N43" name="p56" srcActor="D0N10"/>
            <port dstActor="D0N35" name="p57" srcActor="D0N10"/>
            <port dstActor="D0N33" name="p58" srcActor="D0N28"/>
            <port dstActor="D0N46" name="p59" srcActor="D0N15"/>
            <port dstActor="D0N25" name="p60" srcActor="D0N15"/>
            <port dstActor="D0N43" name="p61" srcActor="D0N33"/>
            <port dstActor="D0N42" name="p62" srcActor="D0N32"/>
            <port dstActor="D0N47" name="p63" srcActor="D0N32"/>
            <port dstActor="D0N38" name="p64" srcActor="D0N34"/>
            <port dstActor="D0N43" name="p65" srcActor="D0N34"/>
            <port dstActor="D0N42" name="p66" srcActor="D0N3"/>
            <port dstActor="D0N21" name="p67" srcActor="D0N3"/>
            <port dstActor="D0N8" name="p68" srcActor="D0N3"/>
            <port dstActor="D0N23" name="p69" srcActor="D0N3"/>
            <port dstActor="D0N39" name="p70" srcActor="D0N38"/>
            <port dstActor="D0N42" name="p71" srcActor="D0N17"/>
            <port dstActor="D0N38" name="p72" srcActor="D0N17"/>
            <port dstActor="D0N29" name="p73" srcActor="D0N17"/>
            <port dstActor="D0N21" name="p74" srcActor="D0N17"/>
            <port dstActor="D0N36" name="p75" srcActor="D0N17"/>
            <port dstActor="D0N37" name="p76" srcActor="D0N2"/>
            <port dstActor="D0N28" name="p77" srcActor="D0N2"/>
            <port dstActor="D0N12" name="p78" srcActor="D0N2"/>
            <port dstActor="D0N39" name="p79" srcActor="D0N2"/>
            <port dstActor="D0N33" name="p80" srcActor="D0N31"/>
            <port dstActor="D0N28" name="p81" srcActor="D0N26"/>
            <port dstActor="D0N36" name="p82" srcActor="D0N26"/>
            <port dstActor="D0N45" name="p83" srcActor="D0N26"/>
            <port dstActor="D0N42" name="p84" srcActor="D0N26"/>
            <port dstActor="D0N38" name="p85" srcActor="D0N7"/>
            <port dstActor="D0N28" name="p86" srcActor="D0N7"/>
            <port dstActor="D0N31" name="p87" srcActor="D0N7"/>
            <port dstActor="D0N32" name="p88" srcActor="D0N7"/>
            <port dstActor="D0N43" name="p89" srcActor="D0N7"/>
            <port dstActor="D0N46" name="p90" srcActor="D0N5"/>
            <port dstActor="D0N23" name="p91" srcActor="D0N5"/>
            <port dstActor="D0N39" name="p92" srcActor="D0N16"/>
            <port dstActor="D0N31" name="p93" srcActor="D0N16"/>
            <port dstActor="D0N24" name="p94" srcActor="D0N16"/>
            <port dstActor="D0N46" name="p95" srcActor="D0N16"/>
            <port dstActor="D0N39" name="p96" srcActor="D0N37"/>
            <port dstActor="D0N18" name="p97" srcActor="D0N13"/>
            <port dstActor="D0N32" name="p98" srcActor="D0N13"/>
            <port dstActor="D0N44" name="p99" srcActor="D0N13"/>
            <port dstActor="D0N22" name="p100" srcActor="D0N13"/>
            <port dstActor="D0N33" name="p101" srcActor="D0N23"/>
            <port dstActor="D0N27" name="p102" srcActor="D0N23"/>
            <port dstActor="D0N41" name="p103" srcActor="D0N23"/>
            <port dstActor="D0N36" name="p104" srcActor="D0N27"/>
            <port dstActor="D0N29" name="p105" srcActor="D0N27"/>
            <port dstActor="D0N41" name="p106" srcActor="D0N27"/>
            <port dstActor="D0N32" name="p107" srcActor="D0N30"/>
        </ports>
    </mcdag>
    <cores number="3"/>
    <levels number="2"/>
</mcsystem>
