<?xml version="1.0" encoding="UTF-8" standalone="no"?>
<mcsystem>
    <mcdag deadline="1000" name="genned-0-ed-10.0-0">
        <actor name="D0N7">
            <wcet number="0">10</wcet>
            <wcet number="1">20</wcet>
            <maxpow number="0.5635200001159705"/>
            <maxpow number="0.5635200001159705"/>
            <fprob>0.0</fprob>
        </actor>
        <actor name="D0N23">
            <wcet number="0">20</wcet>
            <wcet number="1">20</wcet>
            <maxpow number="0.797245400452868"/>
            <maxpow number="0.797245400452868"/>
            <fprob>0.0</fprob>
        </actor>
        <actor name="D0N5">
            <wcet number="0">10</wcet>
            <wcet number="1">40</wcet>
            <maxpow number="0.38130769473841764"/>
            <maxpow number="0.38130769473841764"/>
            <fprob>0.0</fprob>
        </actor>
        <actor name="D0N12">
            <wcet number="0">10</wcet>
            <wcet number="1">50</wcet>
            <maxpow number="0.741660353637271"/>
            <maxpow number="0.741660353637271"/>
            <fprob>0.0</fprob>
        </actor>
        <actor name="D0N6">
            <wcet number="0">50</wcet>
            <wcet number="1">80</wcet>
            <maxpow number="0.8712181098537757"/>
            <maxpow number="0.8712181098537757"/>
            <fprob>0.0</fprob>
        </actor>
        <actor name="D0N10">
            <wcet number="0">70</wcet>
            <wcet number="1">100</wcet>
            <maxpow number="0.5409784553619412"/>
            <maxpow number="0.5409784553619412"/>
            <fprob>0.0</fprob>
        </actor>
        <actor name="D0N32">
            <wcet number="0">20</wcet>
            <wcet number="1">60</wcet>
            <maxpow number="0.45276446548897864"/>
            <maxpow number="0.45276446548897864"/>
            <fprob>0.0</fprob>
        </actor>
        <actor name="D0N20">
            <wcet number="0">10</wcet>
            <wcet number="1">50</wcet>
            <maxpow number="0.7522582449684642"/>
            <maxpow number="0.7522582449684642"/>
            <fprob>0.0</fprob>
        </actor>
        <actor name="D0N46">
            <wcet number="0">190</wcet>
            <wcet number="1">210</wcet>
            <maxpow number="0.39217507569627835"/>
            <maxpow number="0.39217507569627835"/>
            <fprob>0.0</fprob>
        </actor>
        <actor name="D0N14">
            <wcet number="0">20</wcet>
            <wcet number="1">20</wcet>
            <maxpow number="0.27510335510993594"/>
            <maxpow number="0.27510335510993594"/>
            <fprob>0.0</fprob>
        </actor>
        <actor name="D0N8">
            <wcet number="0">10</wcet>
            <wcet number="1">20</wcet>
            <maxpow number="0.6821948714335034"/>
            <maxpow number="0.6821948714335034"/>
            <fprob>0.0</fprob>
        </actor>
        <actor name="D0N25">
            <wcet number="0">50</wcet>
            <wcet number="1">60</wcet>
            <maxpow number="0.6434195993615701"/>
            <maxpow number="0.6434195993615701"/>
            <fprob>0.0</fprob>
        </actor>
        <actor name="D0N37">
            <wcet number="0">40</wcet>
            <wcet number="1">60</wcet>
            <maxpow number="0.674292222817992"/>
            <maxpow number="0.674292222817992"/>
            <fprob>0.0</fprob>
        </actor>
        <actor name="D0N24">
            <wcet number="0">20</wcet>
            <wcet number="1">40</wcet>
            <maxpow number="0.5023265897777123"/>
            <maxpow number="0.5023265897777123"/>
            <fprob>0.0</fprob>
        </actor>
        <actor name="D0N13">
            <wcet number="0">30</wcet>
            <wcet number="1">40</wcet>
            <maxpow number="0.22055932870696432"/>
            <maxpow number="0.22055932870696432"/>
            <fprob>0.0</fprob>
        </actor>
        <actor name="D0N4">
            <wcet number="0">20</wcet>
            <wcet number="1">20</wcet>
            <maxpow number="0.6723160026147081"/>
            <maxpow number="0.6723160026147081"/>
            <fprob>0.0</fprob>
        </actor>
        <actor name="D0N30">
            <wcet number="0">10</wcet>
            <wcet number="1">10</wcet>
            <maxpow number="0.5603578841116883"/>
            <maxpow number="0.5603578841116883"/>
            <fprob>0.0</fprob>
        </actor>
        <actor name="D0N15">
            <wcet number="0">10</wcet>
            <wcet number="1">40</wcet>
            <maxpow number="0.29544629271654604"/>
            <maxpow number="0.29544629271654604"/>
            <fprob>0.0</fprob>
        </actor>
        <actor name="D0N19">
            <wcet number="0">110</wcet>
            <wcet number="1">160</wcet>
            <maxpow number="0.6022215836194141"/>
            <maxpow number="0.6022215836194141"/>
            <fprob>0.0</fprob>
        </actor>
        <actor name="D0N21">
            <wcet number="0">10</wcet>
            <wcet number="1">30</wcet>
            <maxpow number="0.4379276487417988"/>
            <maxpow number="0.4379276487417988"/>
            <fprob>0.0</fprob>
        </actor>
        <actor name="D0N42">
            <wcet number="0">150</wcet>
            <wcet number="1">170</wcet>
            <maxpow number="0.3868674299599637"/>
            <maxpow number="0.3868674299599637"/>
            <fprob>0.0</fprob>
        </actor>
        <actor name="D0N44">
            <wcet number="0">10</wcet>
            <wcet number="1">30</wcet>
            <maxpow number="0.707824868487779"/>
            <maxpow number="0.707824868487779"/>
            <fprob>0.0</fprob>
        </actor>
        <actor name="D0N0">
            <wcet number="0">10</wcet>
            <wcet number="1">80</wcet>
            <maxpow number="0.6838173477284587"/>
            <maxpow number="0.6838173477284587"/>
            <fprob>0.0</fprob>
        </actor>
        <actor name="D0N39">
            <wcet number="0">30</wcet>
            <wcet number="1">50</wcet>
            <maxpow number="0.6216740268999527"/>
            <maxpow number="0.6216740268999527"/>
            <fprob>0.0</fprob>
        </actor>
        <actor name="D0N45">
            <wcet number="0">90</wcet>
            <wcet number="1">100</wcet>
            <maxpow number="0.428474573886683"/>
            <maxpow number="0.428474573886683"/>
            <fprob>0.0</fprob>
        </actor>
        <actor name="D0N2">
            <wcet number="0">10</wcet>
            <wcet number="1">20</wcet>
            <maxpow number="0.8733045569763163"/>
            <maxpow number="0.8733045569763163"/>
            <fprob>0.0</fprob>
        </actor>
        <actor name="D0N11">
            <wcet number="0">50</wcet>
            <wcet number="1">50</wcet>
            <maxpow number="0.5621000871640627"/>
            <maxpow number="0.5621000871640627"/>
            <fprob>0.0</fprob>
        </actor>
        <actor name="D0N22">
            <wcet number="0">20</wcet>
            <wcet number="1">70</wcet>
            <maxpow number="0.5151880344537201"/>
            <maxpow number="0.5151880344537201"/>
            <fprob>0.0</fprob>
        </actor>
        <actor name="D0N41">
            <wcet number="0">60</wcet>
            <wcet number="1">70</wcet>
            <maxpow number="0.7319655472075781"/>
            <maxpow number="0.7319655472075781"/>
            <fprob>0.0</fprob>
        </actor>
        <actor name="D0N33">
            <wcet number="0">10</wcet>
            <wcet number="1">30</wcet>
            <maxpow number="0.6766589411022638"/>
            <maxpow number="0.6766589411022638"/>
            <fprob>0.0</fprob>
        </actor>
        <actor name="D0N36">
            <wcet number="0">10</wcet>
            <wcet number="1">30</wcet>
            <maxpow number="0.4659470070315983"/>
            <maxpow number="0.4659470070315983"/>
            <fprob>0.0</fprob>
        </actor>
        <actor name="D0N38">
            <wcet number="0">10</wcet>
            <wcet number="1">10</wcet>
            <maxpow number="0.4897815551988155"/>
            <maxpow number="0.4897815551988155"/>
            <fprob>0.0</fprob>
        </actor>
        <actor name="D0N43">
            <wcet number="0">20</wcet>
            <wcet number="1">40</wcet>
            <maxpow number="0.7056012021340338"/>
            <maxpow number="0.7056012021340338"/>
            <fprob>0.0</fprob>
        </actor>
        <actor name="D0N18">
            <wcet number="0">20</wcet>
            <wcet number="1">30</wcet>
            <maxpow number="0.9529377836600649"/>
            <maxpow number="0.9529377836600649"/>
            <fprob>0.0</fprob>
        </actor>
        <actor name="D0N1">
            <wcet number="0">10</wcet>
            <wcet number="1">20</wcet>
            <maxpow number="0.5349501712100724"/>
            <maxpow number="0.5349501712100724"/>
            <fprob>0.0</fprob>
        </actor>
        <actor name="D0N17">
            <wcet number="0">20</wcet>
            <wcet number="1">20</wcet>
            <maxpow number="0.3001785992653933"/>
            <maxpow number="0.3001785992653933"/>
            <fprob>0.0</fprob>
        </actor>
        <actor name="D0N3">
            <wcet number="0">60</wcet>
            <wcet number="1">60</wcet>
            <maxpow number="0.6620464780745821"/>
            <maxpow number="0.6620464780745821"/>
            <fprob>0.0</fprob>
        </actor>
        <actor name="D0N35">
            <wcet number="0">20</wcet>
            <wcet number="1">30</wcet>
            <maxpow number="0.862795591745281"/>
            <maxpow number="0.862795591745281"/>
            <fprob>0.0</fprob>
        </actor>
        <actor name="D0N29">
            <wcet number="0">60</wcet>
            <wcet number="1">90</wcet>
            <maxpow number="0.7321466076353097"/>
            <maxpow number="0.7321466076353097"/>
            <fprob>0.0</fprob>
        </actor>
        <actor name="D0N26">
            <wcet number="0">10</wcet>
            <wcet number="1">50</wcet>
            <maxpow number="0.452479912329046"/>
            <maxpow number="0.452479912329046"/>
            <fprob>0.0</fprob>
        </actor>
        <actor name="D0N28">
            <wcet number="0">10</wcet>
            <wcet number="1">30</wcet>
            <maxpow number="0.36715004948143526"/>
            <maxpow number="0.36715004948143526"/>
            <fprob>0.0</fprob>
        </actor>
        <actor name="D0N34">
            <wcet number="0">10</wcet>
            <wcet number="1">10</wcet>
            <maxpow number="0.5271563206276063"/>
            <maxpow number="0.5271563206276063"/>
            <fprob>0.0</fprob>
        </actor>
        <actor name="D0N16">
            <wcet number="0">10</wcet>
            <wcet number="1">90</wcet>
            <maxpow number="0.38609717419389145"/>
            <maxpow number="0.38609717419389145"/>
            <fprob>0.0</fprob>
        </actor>
        <actor name="D0N27">
            <wcet number="0">20</wcet>
            <wcet number="1">30</wcet>
            <maxpow number="0.4417361381475887"/>
            <maxpow number="0.4417361381475887"/>
            <fprob>0.0</fprob>
        </actor>
        <actor name="D0N9">
            <wcet number="0">40</wcet>
            <wcet number="1">40</wcet>
            <maxpow number="0.6975422279673604"/>
            <maxpow number="0.6975422279673604"/>
            <fprob>0.0</fprob>
        </actor>
        <actor name="D0N31">
            <wcet number="0">50</wcet>
            <wcet number="1">100</wcet>
            <maxpow number="0.3898070897651825"/>
            <maxpow number="0.3898070897651825"/>
            <fprob>0.0</fprob>
        </actor>
        <actor name="D0N40">
            <wcet number="0">10</wcet>
            <wcet number="1">20</wcet>
            <maxpow number="0.7006952707483913"/>
            <maxpow number="0.7006952707483913"/>
            <fprob>0.0</fprob>
        </actor>
        <ports>
            <port dstActor="D0N19" name="p0" srcActor="D0N7"/>
            <port dstActor="D0N18" name="p1" srcActor="D0N7"/>
            <port dstActor="D0N23" name="p2" srcActor="D0N7"/>
            <port dstActor="D0N31" name="p3" srcActor="D0N7"/>
            <port dstActor="D0N20" name="p4" srcActor="D0N7"/>
            <port dstActor="D0N40" name="p5" srcActor="D0N7"/>
            <port dstActor="D0N14" name="p6" srcActor="D0N7"/>
            <port dstActor="D0N13" name="p7" srcActor="D0N7"/>
            <port dstActor="D0N32" name="p8" srcActor="D0N7"/>
            <port dstActor="D0N9" name="p9" srcActor="D0N7"/>
            <port dstActor="D0N41" name="p10" srcActor="D0N23"/>
            <port dstActor="D0N30" name="p11" srcActor="D0N23"/>
            <port dstActor="D0N29" name="p12" srcActor="D0N23"/>
            <port dstActor="D0N16" name="p13" srcActor="D0N5"/>
            <port dstActor="D0N30" name="p14" srcActor="D0N12"/>
            <port dstActor="D0N16" name="p15" srcActor="D0N12"/>
            <port dstActor="D0N40" name="p16" srcActor="D0N12"/>
            <port dstActor="D0N13" name="p17" srcActor="D0N12"/>
            <port dstActor="D0N34" name="p18" srcActor="D0N12"/>
            <port dstActor="D0N32" name="p19" srcActor="D0N12"/>
            <port dstActor="D0N44" name="p20" srcActor="D0N12"/>
            <port dstActor="D0N33" name="p21" srcActor="D0N12"/>
            <port dstActor="D0N19" name="p22" srcActor="D0N12"/>
            <port dstActor="D0N14" name="p23" srcActor="D0N12"/>
            <port dstActor="D0N16" name="p24" srcActor="D0N6"/>
            <port dstActor="D0N23" name="p25" srcActor="D0N6"/>
            <port dstActor="D0N36" name="p26" srcActor="D0N6"/>
            <port dstActor="D0N18" name="p27" srcActor="D0N6"/>
            <port dstActor="D0N40" name="p28" srcActor="D0N6"/>
            <port dstActor="D0N21" name="p29" srcActor="D0N6"/>
            <port dstActor="D0N24" name="p30" srcActor="D0N6"/>
            <port dstActor="D0N44" name="p31" srcActor="D0N10"/>
            <port dstActor="D0N17" name="p32" srcActor="D0N10"/>
            <port dstActor="D0N39" name="p33" srcActor="D0N10"/>
            <port dstActor="D0N33" name="p34" srcActor="D0N10"/>
            <port dstActor="D0N40" name="p35" srcActor="D0N32"/>
            <port dstActor="D0N22" name="p36" srcActor="D0N20"/>
            <port dstActor="D0N21" name="p37" srcActor="D0N20"/>
            <port dstActor="D0N29" name="p38" srcActor="D0N14"/>
            <port dstActor="D0N36" name="p39" srcActor="D0N14"/>
            <port dstActor="D0N22" name="p40" srcActor="D0N14"/>
            <port dstActor="D0N44" name="p41" srcActor="D0N14"/>
            <port dstActor="D0N43" name="p42" srcActor="D0N8"/>
            <port dstActor="D0N32" name="p43" srcActor="D0N8"/>
            <port dstActor="D0N45" name="p44" srcActor="D0N37"/>
            <port dstActor="D0N41" name="p45" srcActor="D0N37"/>
            <port dstActor="D0N40" name="p46" srcActor="D0N24"/>
            <port dstActor="D0N46" name="p47" srcActor="D0N13"/>
            <port dstActor="D0N21" name="p48" srcActor="D0N4"/>
            <port dstActor="D0N19" name="p49" srcActor="D0N4"/>
            <port dstActor="D0N30" name="p50" srcActor="D0N4"/>
            <port dstActor="D0N41" name="p51" srcActor="D0N4"/>
            <port dstActor="D0N33" name="p52" srcActor="D0N4"/>
            <port dstActor="D0N46" name="p53" srcActor="D0N30"/>
            <port dstActor="D0N45" name="p54" srcActor="D0N30"/>
            <port dstActor="D0N42" name="p55" srcActor="D0N30"/>
            <port dstActor="D0N21" name="p56" srcActor="D0N15"/>
            <port dstActor="D0N46" name="p57" srcActor="D0N15"/>
            <port dstActor="D0N23" name="p58" srcActor="D0N15"/>
            <port dstActor="D0N32" name="p59" srcActor="D0N15"/>
            <port dstActor="D0N21" name="p60" srcActor="D0N19"/>
            <port dstActor="D0N22" name="p61" srcActor="D0N19"/>
            <port dstActor="D0N40" name="p62" srcActor="D0N19"/>
            <port dstActor="D0N23" name="p63" srcActor="D0N21"/>
            <port dstActor="D0N32" name="p64" srcActor="D0N21"/>
            <port dstActor="D0N34" name="p65" srcActor="D0N21"/>
            <port dstActor="D0N45" name="p66" srcActor="D0N44"/>
            <port dstActor="D0N13" name="p67" srcActor="D0N0"/>
            <port dstActor="D0N3" name="p68" srcActor="D0N0"/>
            <port dstActor="D0N15" name="p69" srcActor="D0N0"/>
            <port dstActor="D0N46" name="p70" srcActor="D0N45"/>
            <port dstActor="D0N26" name="p71" srcActor="D0N2"/>
            <port dstActor="D0N7" name="p72" srcActor="D0N2"/>
            <port dstActor="D0N25" name="p73" srcActor="D0N2"/>
            <port dstActor="D0N9" name="p74" srcActor="D0N2"/>
            <port dstActor="D0N16" name="p75" srcActor="D0N2"/>
            <port dstActor="D0N44" name="p76" srcActor="D0N2"/>
            <port dstActor="D0N20" name="p77" srcActor="D0N11"/>
            <port dstActor="D0N36" name="p78" srcActor="D0N11"/>
            <port dstActor="D0N35" name="p79" srcActor="D0N11"/>
            <port dstActor="D0N31" name="p80" srcActor="D0N11"/>
            <port dstActor="D0N29" name="p81" srcActor="D0N22"/>
            <port dstActor="D0N38" name="p82" srcActor="D0N22"/>
            <port dstActor="D0N33" name="p83" srcActor="D0N22"/>
            <port dstActor="D0N35" name="p84" srcActor="D0N22"/>
            <port dstActor="D0N44" name="p85" srcActor="D0N41"/>
            <port dstActor="D0N35" name="p86" srcActor="D0N33"/>
            <port dstActor="D0N37" name="p87" srcActor="D0N33"/>
            <port dstActor="D0N46" name="p88" srcActor="D0N38"/>
            <port dstActor="D0N45" name="p89" srcActor="D0N38"/>
            <port dstActor="D0N24" name="p90" srcActor="D0N18"/>
            <port dstActor="D0N41" name="p91" srcActor="D0N18"/>
            <port dstActor="D0N42" name="p92" srcActor="D0N1"/>
            <port dstActor="D0N27" name="p93" srcActor="D0N1"/>
            <port dstActor="D0N17" name="p94" srcActor="D0N1"/>
            <port dstActor="D0N37" name="p95" srcActor="D0N1"/>
            <port dstActor="D0N9" name="p96" srcActor="D0N1"/>
            <port dstActor="D0N23" name="p97" srcActor="D0N1"/>
            <port dstActor="D0N29" name="p98" srcActor="D0N1"/>
            <port dstActor="D0N9" name="p99" srcActor="D0N3"/>
            <port dstActor="D0N45" name="p100" srcActor="D0N3"/>
            <port dstActor="D0N26" name="p101" srcActor="D0N3"/>
            <port dstActor="D0N33" name="p102" srcActor="D0N3"/>
            <port dstActor="D0N40" name="p103" srcActor="D0N35"/>
            <port dstActor="D0N35" name="p104" srcActor="D0N29"/>
            <port dstActor="D0N42" name="p105" srcActor="D0N29"/>
            <port dstActor="D0N43" name="p106" srcActor="D0N26"/>
            <port dstActor="D0N45" name="p107" srcActor="D0N26"/>
            <port dstActor="D0N33" name="p108" srcActor="D0N26"/>
            <port dstActor="D0N44" name="p109" srcActor="D0N28"/>
            <port dstActor="D0N36" name="p110" srcActor="D0N28"/>
            <port dstActor="D0N40" name="p111" srcActor="D0N34"/>
            <port dstActor="D0N39" name="p112" srcActor="D0N16"/>
            <port dstActor="D0N24" name="p113" srcActor="D0N16"/>
            <port dstActor="D0N35" name="p114" srcActor="D0N16"/>
            <port dstActor="D0N36" name="p115" srcActor="D0N16"/>
            <port dstActor="D0N45" name="p116" srcActor="D0N27"/>
            <port dstActor="D0N22" name="p117" srcActor="D0N9"/>
            <port dstActor="D0N17" name="p118" srcActor="D0N9"/>
            <port dstActor="D0N44" name="p119" srcActor="D0N9"/>
            <port dstActor="D0N37" name="p120" srcActor="D0N31"/>
            <port dstActor="D0N42" name="p121" srcActor="D0N40"/>
        </ports>
    </mcdag>
    <cores number="3"/>
    <levels number="2"/>
</mcsystem>
