<?xml version="1.0" encoding="UTF-8" standalone="no"?>
<mcsystem>
    <mcdag deadline="1800" name="genned-0-ed-10.0-0">
        <actor name="D0N27">
            <wcet number="0">10</wcet>
            <wcet number="1">10</wcet>
            <maxpow number="0.7604842122045522"/>
            <maxpow number="0.7604842122045522"/>
            <fprob>0.0</fprob>
        </actor>
        <actor name="D0N35">
            <wcet number="0">10</wcet>
            <wcet number="1">40</wcet>
            <maxpow number="0.5405644461744776"/>
            <maxpow number="0.5405644461744776"/>
            <fprob>0.0</fprob>
        </actor>
        <actor name="D0N3">
            <wcet number="0">60</wcet>
            <wcet number="1">70</wcet>
            <maxpow number="0.7092111570588399"/>
            <maxpow number="0.7092111570588399"/>
            <fprob>0.0</fprob>
        </actor>
        <actor name="D0N5">
            <wcet number="0">30</wcet>
            <wcet number="1">50</wcet>
            <maxpow number="0.6181248202685522"/>
            <maxpow number="0.6181248202685522"/>
            <fprob>0.0</fprob>
        </actor>
        <actor name="D0N4">
            <wcet number="0">50</wcet>
            <wcet number="1">60</wcet>
            <maxpow number="0.4099446953418807"/>
            <maxpow number="0.4099446953418807"/>
            <fprob>0.0</fprob>
        </actor>
        <actor name="D0N37">
            <wcet number="0">30</wcet>
            <wcet number="1">110</wcet>
            <maxpow number="0.513273120165803"/>
            <maxpow number="0.513273120165803"/>
            <fprob>0.0</fprob>
        </actor>
        <actor name="D0N43">
            <wcet number="0">30</wcet>
            <wcet number="1">40</wcet>
            <maxpow number="0.46132059718411267"/>
            <maxpow number="0.46132059718411267"/>
            <fprob>0.0</fprob>
        </actor>
        <actor name="D0N36">
            <wcet number="0">40</wcet>
            <wcet number="1">130</wcet>
            <maxpow number="0.38371434108784463"/>
            <maxpow number="0.38371434108784463"/>
            <fprob>0.0</fprob>
        </actor>
        <actor name="D0N9">
            <wcet number="0">50</wcet>
            <wcet number="1">60</wcet>
            <maxpow number="0.4479052270525553"/>
            <maxpow number="0.4479052270525553"/>
            <fprob>0.0</fprob>
        </actor>
        <actor name="D0N38">
            <wcet number="0">100</wcet>
            <wcet number="1">100</wcet>
            <maxpow number="0.7138157952732254"/>
            <maxpow number="0.7138157952732254"/>
            <fprob>0.0</fprob>
        </actor>
        <actor name="D0N18">
            <wcet number="0">60</wcet>
            <wcet number="1">60</wcet>
            <maxpow number="0.43527336926673466"/>
            <maxpow number="0.43527336926673466"/>
            <fprob>0.0</fprob>
        </actor>
        <actor name="D0N44">
            <wcet number="0">60</wcet>
            <wcet number="1">120</wcet>
            <maxpow number="0.631000919070536"/>
            <maxpow number="0.631000919070536"/>
            <fprob>0.0</fprob>
        </actor>
        <actor name="D0N15">
            <wcet number="0">50</wcet>
            <wcet number="1">120</wcet>
            <maxpow number="0.6760691976142819"/>
            <maxpow number="0.6760691976142819"/>
            <fprob>0.0</fprob>
        </actor>
        <actor name="D0N45">
            <wcet number="0">10</wcet>
            <wcet number="1">10</wcet>
            <maxpow number="0.4399005420976615"/>
            <maxpow number="0.4399005420976615"/>
            <fprob>0.0</fprob>
        </actor>
        <actor name="D0N47">
            <wcet number="0">50</wcet>
            <wcet number="1">110</wcet>
            <maxpow number="0.4896782159689599"/>
            <maxpow number="0.4896782159689599"/>
            <fprob>0.0</fprob>
        </actor>
        <actor name="D0N30">
            <wcet number="0">80</wcet>
            <wcet number="1">140</wcet>
            <maxpow number="0.3292859172189896"/>
            <maxpow number="0.3292859172189896"/>
            <fprob>0.0</fprob>
        </actor>
        <actor name="D0N0">
            <wcet number="0">50</wcet>
            <wcet number="1">60</wcet>
            <maxpow number="0.6560451040608473"/>
            <maxpow number="0.6560451040608473"/>
            <fprob>0.0</fprob>
        </actor>
        <actor name="D0N26">
            <wcet number="0">10</wcet>
            <wcet number="1">10</wcet>
            <maxpow number="0.46826656868112626"/>
            <maxpow number="0.46826656868112626"/>
            <fprob>0.0</fprob>
        </actor>
        <actor name="D0N33">
            <wcet number="0">40</wcet>
            <wcet number="1">60</wcet>
            <maxpow number="0.806531731590431"/>
            <maxpow number="0.806531731590431"/>
            <fprob>0.0</fprob>
        </actor>
        <actor name="D0N1">
            <wcet number="0">30</wcet>
            <wcet number="1">30</wcet>
            <maxpow number="0.29068859862776736"/>
            <maxpow number="0.29068859862776736"/>
            <fprob>0.0</fprob>
        </actor>
        <actor name="D0N24">
            <wcet number="0">110</wcet>
            <wcet number="1">160</wcet>
            <maxpow number="0.4067218316960346"/>
            <maxpow number="0.4067218316960346"/>
            <fprob>0.0</fprob>
        </actor>
        <actor name="D0N40">
            <wcet number="0">10</wcet>
            <wcet number="1">20</wcet>
            <maxpow number="0.058633031155203075"/>
            <maxpow number="0.058633031155203075"/>
            <fprob>0.0</fprob>
        </actor>
        <actor name="D0N31">
            <wcet number="0">30</wcet>
            <wcet number="1">50</wcet>
            <maxpow number="0.5292220156879076"/>
            <maxpow number="0.5292220156879076"/>
            <fprob>0.0</fprob>
        </actor>
        <actor name="D0N11">
            <wcet number="0">10</wcet>
            <wcet number="1">20</wcet>
            <maxpow number="0.4795012669613874"/>
            <maxpow number="0.4795012669613874"/>
            <fprob>0.0</fprob>
        </actor>
        <actor name="D0N34">
            <wcet number="0">20</wcet>
            <wcet number="1">40</wcet>
            <maxpow number="0.3260394567953503"/>
            <maxpow number="0.3260394567953503"/>
            <fprob>0.0</fprob>
        </actor>
        <actor name="D0N14">
            <wcet number="0">20</wcet>
            <wcet number="1">100</wcet>
            <maxpow number="0.7225537924538867"/>
            <maxpow number="0.7225537924538867"/>
            <fprob>0.0</fprob>
        </actor>
        <actor name="D0N2">
            <wcet number="0">10</wcet>
            <wcet number="1">10</wcet>
            <maxpow number="0.6267019286152659"/>
            <maxpow number="0.6267019286152659"/>
            <fprob>0.0</fprob>
        </actor>
        <actor name="D0N19">
            <wcet number="0">20</wcet>
            <wcet number="1">220</wcet>
            <maxpow number="0.83899680273979"/>
            <maxpow number="0.83899680273979"/>
            <fprob>0.0</fprob>
        </actor>
        <actor name="D0N13">
            <wcet number="0">10</wcet>
            <wcet number="1">20</wcet>
            <maxpow number="0.8289211267986223"/>
            <maxpow number="0.8289211267986223"/>
            <fprob>0.0</fprob>
        </actor>
        <actor name="D0N16">
            <wcet number="0">20</wcet>
            <wcet number="1">40</wcet>
            <maxpow number="0.5297297834807584"/>
            <maxpow number="0.5297297834807584"/>
            <fprob>0.0</fprob>
        </actor>
        <actor name="D0N17">
            <wcet number="0">120</wcet>
            <wcet number="1">160</wcet>
            <maxpow number="0.5818841707490111"/>
            <maxpow number="0.5818841707490111"/>
            <fprob>0.0</fprob>
        </actor>
        <actor name="D0N22">
            <wcet number="0">20</wcet>
            <wcet number="1">40</wcet>
            <maxpow number="0.7789554564633264"/>
            <maxpow number="0.7789554564633264"/>
            <fprob>0.0</fprob>
        </actor>
        <actor name="D0N23">
            <wcet number="0">10</wcet>
            <wcet number="1">20</wcet>
            <maxpow number="0.6368648221140806"/>
            <maxpow number="0.6368648221140806"/>
            <fprob>0.0</fprob>
        </actor>
        <actor name="D0N20">
            <wcet number="0">20</wcet>
            <wcet number="1">20</wcet>
            <maxpow number="0.3653129413863906"/>
            <maxpow number="0.3653129413863906"/>
            <fprob>0.0</fprob>
        </actor>
        <actor name="D0N21">
            <wcet number="0">40</wcet>
            <wcet number="1">80</wcet>
            <maxpow number="0.41809611925126966"/>
            <maxpow number="0.41809611925126966"/>
            <fprob>0.0</fprob>
        </actor>
        <actor name="D0N25">
            <wcet number="0">90</wcet>
            <wcet number="1">190</wcet>
            <maxpow number="0.38350642281628416"/>
            <maxpow number="0.38350642281628416"/>
            <fprob>0.0</fprob>
        </actor>
        <actor name="D0N41">
            <wcet number="0">10</wcet>
            <wcet number="1">50</wcet>
            <maxpow number="0.804951988644727"/>
            <maxpow number="0.804951988644727"/>
            <fprob>0.0</fprob>
        </actor>
        <actor name="D0N8">
            <wcet number="0">10</wcet>
            <wcet number="1">20</wcet>
            <maxpow number="0.570553715609838"/>
            <maxpow number="0.570553715609838"/>
            <fprob>0.0</fprob>
        </actor>
        <actor name="D0N46">
            <wcet number="0">230</wcet>
            <wcet number="1">240</wcet>
            <maxpow number="0.6524219958720563"/>
            <maxpow number="0.6524219958720563"/>
            <fprob>0.0</fprob>
        </actor>
        <actor name="D0N39">
            <wcet number="0">50</wcet>
            <wcet number="1">210</wcet>
            <maxpow number="0.6373135407797108"/>
            <maxpow number="0.6373135407797108"/>
            <fprob>0.0</fprob>
        </actor>
        <actor name="D0N10">
            <wcet number="0">50</wcet>
            <wcet number="1">110</wcet>
            <maxpow number="0.33311577787800284"/>
            <maxpow number="0.33311577787800284"/>
            <fprob>0.0</fprob>
        </actor>
        <actor name="D0N12">
            <wcet number="0">20</wcet>
            <wcet number="1">70</wcet>
            <maxpow number="0.6183529586727459"/>
            <maxpow number="0.6183529586727459"/>
            <fprob>0.0</fprob>
        </actor>
        <actor name="D0N29">
            <wcet number="0">20</wcet>
            <wcet number="1">80</wcet>
            <maxpow number="0.43001610003794305"/>
            <maxpow number="0.43001610003794305"/>
            <fprob>0.0</fprob>
        </actor>
        <actor name="D0N6">
            <wcet number="0">10</wcet>
            <wcet number="1">10</wcet>
            <maxpow number="0.45429587453911957"/>
            <maxpow number="0.45429587453911957"/>
            <fprob>0.0</fprob>
        </actor>
        <actor name="D0N42">
            <wcet number="0">110</wcet>
            <wcet number="1">140</wcet>
            <maxpow number="0.49907758266262175"/>
            <maxpow number="0.49907758266262175"/>
            <fprob>0.0</fprob>
        </actor>
        <actor name="D0N28">
            <wcet number="0">30</wcet>
            <wcet number="1">30</wcet>
            <maxpow number="0.47332109705821024"/>
            <maxpow number="0.47332109705821024"/>
            <fprob>0.0</fprob>
        </actor>
        <actor name="D0N7">
            <wcet number="0">20</wcet>
            <wcet number="1">40</wcet>
            <maxpow number="0.6781050192494366"/>
            <maxpow number="0.6781050192494366"/>
            <fprob>0.0</fprob>
        </actor>
        <actor name="D0N32">
            <wcet number="0">10</wcet>
            <wcet number="1">20</wcet>
            <maxpow number="0.8087504826648428"/>
            <maxpow number="0.8087504826648428"/>
            <fprob>0.0</fprob>
        </actor>
        <ports>
            <port dstActor="D0N31" name="p0" srcActor="D0N27"/>
            <port dstActor="D0N44" name="p1" srcActor="D0N27"/>
            <port dstActor="D0N36" name="p2" srcActor="D0N27"/>
            <port dstActor="D0N42" name="p3" srcActor="D0N35"/>
            <port dstActor="D0N41" name="p4" srcActor="D0N3"/>
            <port dstActor="D0N36" name="p5" srcActor="D0N3"/>
            <port dstActor="D0N29" name="p6" srcActor="D0N3"/>
            <port dstActor="D0N38" name="p7" srcActor="D0N3"/>
            <port dstActor="D0N22" name="p8" srcActor="D0N3"/>
            <port dstActor="D0N11" name="p9" srcActor="D0N3"/>
            <port dstActor="D0N10" name="p10" srcActor="D0N5"/>
            <port dstActor="D0N20" name="p11" srcActor="D0N5"/>
            <port dstActor="D0N34" name="p12" srcActor="D0N5"/>
            <port dstActor="D0N9" name="p13" srcActor="D0N5"/>
            <port dstActor="D0N6" name="p14" srcActor="D0N5"/>
            <port dstActor="D0N7" name="p15" srcActor="D0N5"/>
            <port dstActor="D0N47" name="p16" srcActor="D0N4"/>
            <port dstActor="D0N44" name="p17" srcActor="D0N37"/>
            <port dstActor="D0N40" name="p18" srcActor="D0N37"/>
            <port dstActor="D0N45" name="p19" srcActor="D0N37"/>
            <port dstActor="D0N43" name="p20" srcActor="D0N9"/>
            <port dstActor="D0N27" name="p21" srcActor="D0N9"/>
            <port dstActor="D0N29" name="p22" srcActor="D0N9"/>
            <port dstActor="D0N35" name="p23" srcActor="D0N9"/>
            <port dstActor="D0N44" name="p24" srcActor="D0N38"/>
            <port dstActor="D0N29" name="p25" srcActor="D0N18"/>
            <port dstActor="D0N41" name="p26" srcActor="D0N18"/>
            <port dstActor="D0N23" name="p27" srcActor="D0N15"/>
            <port dstActor="D0N44" name="p28" srcActor="D0N15"/>
            <port dstActor="D0N47" name="p29" srcActor="D0N15"/>
            <port dstActor="D0N1" name="p30" srcActor="D0N0"/>
            <port dstActor="D0N34" name="p31" srcActor="D0N0"/>
            <port dstActor="D0N6" name="p32" srcActor="D0N0"/>
            <port dstActor="D0N30" name="p33" srcActor="D0N0"/>
            <port dstActor="D0N38" name="p34" srcActor="D0N0"/>
            <port dstActor="D0N45" name="p35" srcActor="D0N0"/>
            <port dstActor="D0N10" name="p36" srcActor="D0N0"/>
            <port dstActor="D0N46" name="p37" srcActor="D0N0"/>
            <port dstActor="D0N37" name="p38" srcActor="D0N26"/>
            <port dstActor="D0N40" name="p39" srcActor="D0N33"/>
            <port dstActor="D0N6" name="p40" srcActor="D0N1"/>
            <port dstActor="D0N33" name="p41" srcActor="D0N1"/>
            <port dstActor="D0N34" name="p42" srcActor="D0N1"/>
            <port dstActor="D0N42" name="p43" srcActor="D0N40"/>
            <port dstActor="D0N35" name="p44" srcActor="D0N31"/>
            <port dstActor="D0N39" name="p45" srcActor="D0N11"/>
            <port dstActor="D0N15" name="p46" srcActor="D0N11"/>
            <port dstActor="D0N44" name="p47" srcActor="D0N11"/>
            <port dstActor="D0N47" name="p48" srcActor="D0N34"/>
            <port dstActor="D0N41" name="p49" srcActor="D0N34"/>
            <port dstActor="D0N29" name="p50" srcActor="D0N14"/>
            <port dstActor="D0N30" name="p51" srcActor="D0N14"/>
            <port dstActor="D0N34" name="p52" srcActor="D0N14"/>
            <port dstActor="D0N43" name="p53" srcActor="D0N14"/>
            <port dstActor="D0N9" name="p54" srcActor="D0N2"/>
            <port dstActor="D0N39" name="p55" srcActor="D0N2"/>
            <port dstActor="D0N37" name="p56" srcActor="D0N19"/>
            <port dstActor="D0N47" name="p57" srcActor="D0N19"/>
            <port dstActor="D0N14" name="p58" srcActor="D0N13"/>
            <port dstActor="D0N22" name="p59" srcActor="D0N13"/>
            <port dstActor="D0N15" name="p60" srcActor="D0N13"/>
            <port dstActor="D0N29" name="p61" srcActor="D0N13"/>
            <port dstActor="D0N26" name="p62" srcActor="D0N13"/>
            <port dstActor="D0N41" name="p63" srcActor="D0N13"/>
            <port dstActor="D0N32" name="p64" srcActor="D0N13"/>
            <port dstActor="D0N31" name="p65" srcActor="D0N16"/>
            <port dstActor="D0N38" name="p66" srcActor="D0N16"/>
            <port dstActor="D0N22" name="p67" srcActor="D0N17"/>
            <port dstActor="D0N24" name="p68" srcActor="D0N17"/>
            <port dstActor="D0N47" name="p69" srcActor="D0N17"/>
            <port dstActor="D0N38" name="p70" srcActor="D0N22"/>
            <port dstActor="D0N47" name="p71" srcActor="D0N22"/>
            <port dstActor="D0N28" name="p72" srcActor="D0N22"/>
            <port dstActor="D0N34" name="p73" srcActor="D0N23"/>
            <port dstActor="D0N30" name="p74" srcActor="D0N20"/>
            <port dstActor="D0N28" name="p75" srcActor="D0N20"/>
            <port dstActor="D0N42" name="p76" srcActor="D0N20"/>
            <port dstActor="D0N43" name="p77" srcActor="D0N21"/>
            <port dstActor="D0N39" name="p78" srcActor="D0N21"/>
            <port dstActor="D0N47" name="p79" srcActor="D0N25"/>
            <port dstActor="D0N43" name="p80" srcActor="D0N41"/>
            <port dstActor="D0N44" name="p81" srcActor="D0N41"/>
            <port dstActor="D0N47" name="p82" srcActor="D0N8"/>
            <port dstActor="D0N29" name="p83" srcActor="D0N8"/>
            <port dstActor="D0N45" name="p84" srcActor="D0N39"/>
            <port dstActor="D0N28" name="p85" srcActor="D0N10"/>
            <port dstActor="D0N12" name="p86" srcActor="D0N10"/>
            <port dstActor="D0N30" name="p87" srcActor="D0N10"/>
            <port dstActor="D0N23" name="p88" srcActor="D0N10"/>
            <port dstActor="D0N45" name="p89" srcActor="D0N10"/>
            <port dstActor="D0N44" name="p90" srcActor="D0N12"/>
            <port dstActor="D0N13" name="p91" srcActor="D0N12"/>
            <port dstActor="D0N28" name="p92" srcActor="D0N12"/>
            <port dstActor="D0N37" name="p93" srcActor="D0N12"/>
            <port dstActor="D0N37" name="p94" srcActor="D0N29"/>
            <port dstActor="D0N38" name="p95" srcActor="D0N29"/>
            <port dstActor="D0N14" name="p96" srcActor="D0N6"/>
            <port dstActor="D0N29" name="p97" srcActor="D0N6"/>
            <port dstActor="D0N25" name="p98" srcActor="D0N6"/>
            <port dstActor="D0N47" name="p99" srcActor="D0N42"/>
            <port dstActor="D0N35" name="p100" srcActor="D0N28"/>
            <port dstActor="D0N37" name="p101" srcActor="D0N28"/>
            <port dstActor="D0N32" name="p102" srcActor="D0N28"/>
            <port dstActor="D0N43" name="p103" srcActor="D0N28"/>
            <port dstActor="D0N36" name="p104" srcActor="D0N28"/>
            <port dstActor="D0N17" name="p105" srcActor="D0N7"/>
            <port dstActor="D0N11" name="p106" srcActor="D0N7"/>
            <port dstActor="D0N41" name="p107" srcActor="D0N7"/>
            <port dstActor="D0N26" name="p108" srcActor="D0N7"/>
        </ports>
    </mcdag>
    <cores number="2"/>
    <levels number="2"/>
</mcsystem>
