<?xml version="1.0" encoding="UTF-8" standalone="no"?>
<mcsystem>
    <mcdag deadline="3000" name="genned-0-ed-10.0-0">
        <actor name="D0N1">
            <wcet number="0">40</wcet>
            <wcet number="1">150</wcet>
            <maxpow number="0.40381300701882394"/>
            <maxpow number="0.40381300701882394"/>
            <fprob>0.0</fprob>
        </actor>
        <actor name="D0N37">
            <wcet number="0">20</wcet>
            <wcet number="1">20</wcet>
            <maxpow number="0.5765789993174184"/>
            <maxpow number="0.5765789993174184"/>
            <fprob>0.0</fprob>
        </actor>
        <actor name="D0N29">
            <wcet number="0">740</wcet>
            <wcet number="1">820</wcet>
            <maxpow number="0.599725093208448"/>
            <maxpow number="0.599725093208448"/>
            <fprob>0.0</fprob>
        </actor>
        <actor name="D0N42">
            <wcet number="0">10</wcet>
            <wcet number="1">10</wcet>
            <maxpow number="0.5471218168963481"/>
            <maxpow number="0.5471218168963481"/>
            <fprob>0.0</fprob>
        </actor>
        <actor name="D0N31">
            <wcet number="0">50</wcet>
            <wcet number="1">100</wcet>
            <maxpow number="0.6187483913382616"/>
            <maxpow number="0.6187483913382616"/>
            <fprob>0.0</fprob>
        </actor>
        <actor name="D0N16">
            <wcet number="0">20</wcet>
            <wcet number="1">160</wcet>
            <maxpow number="0.4730227767660954"/>
            <maxpow number="0.4730227767660954"/>
            <fprob>0.0</fprob>
        </actor>
        <actor name="D0N36">
            <wcet number="0">10</wcet>
            <wcet number="1">30</wcet>
            <maxpow number="0.42581931904639725"/>
            <maxpow number="0.42581931904639725"/>
            <fprob>0.0</fprob>
        </actor>
        <actor name="D0N41">
            <wcet number="0">50</wcet>
            <wcet number="1">80</wcet>
            <maxpow number="0.709265110003189"/>
            <maxpow number="0.709265110003189"/>
            <fprob>0.0</fprob>
        </actor>
        <actor name="D0N5">
            <wcet number="0">20</wcet>
            <wcet number="1">100</wcet>
            <maxpow number="0.4314205874905003"/>
            <maxpow number="0.4314205874905003"/>
            <fprob>0.0</fprob>
        </actor>
        <actor name="D0N43">
            <wcet number="0">20</wcet>
            <wcet number="1">60</wcet>
            <maxpow number="0.5184409298894913"/>
            <maxpow number="0.5184409298894913"/>
            <fprob>0.0</fprob>
        </actor>
        <actor name="D0N20">
            <wcet number="0">30</wcet>
            <wcet number="1">50</wcet>
            <maxpow number="0.08440181365641525"/>
            <maxpow number="0.08440181365641525"/>
            <fprob>0.0</fprob>
        </actor>
        <actor name="D0N26">
            <wcet number="0">50</wcet>
            <wcet number="1">90</wcet>
            <maxpow number="0.545018879635317"/>
            <maxpow number="0.545018879635317"/>
            <fprob>0.0</fprob>
        </actor>
        <actor name="D0N3">
            <wcet number="0">30</wcet>
            <wcet number="1">210</wcet>
            <maxpow number="0.3368473351202782"/>
            <maxpow number="0.3368473351202782"/>
            <fprob>0.0</fprob>
        </actor>
        <actor name="D0N7">
            <wcet number="0">30</wcet>
            <wcet number="1">180</wcet>
            <maxpow number="0.4955090498047835"/>
            <maxpow number="0.4955090498047835"/>
            <fprob>0.0</fprob>
        </actor>
        <actor name="D0N19">
            <wcet number="0">10</wcet>
            <wcet number="1">40</wcet>
            <maxpow number="0.5989725569096277"/>
            <maxpow number="0.5989725569096277"/>
            <fprob>0.0</fprob>
        </actor>
        <actor name="D0N13">
            <wcet number="0">80</wcet>
            <wcet number="1">210</wcet>
            <maxpow number="0.7066234098127937"/>
            <maxpow number="0.7066234098127937"/>
            <fprob>0.0</fprob>
        </actor>
        <actor name="D0N33">
            <wcet number="0">330</wcet>
            <wcet number="1">420</wcet>
            <maxpow number="0.5438779066387581"/>
            <maxpow number="0.5438779066387581"/>
            <fprob>0.0</fprob>
        </actor>
        <actor name="D0N15">
            <wcet number="0">120</wcet>
            <wcet number="1">190</wcet>
            <maxpow number="0.4288291718189448"/>
            <maxpow number="0.4288291718189448"/>
            <fprob>0.0</fprob>
        </actor>
        <actor name="D0N27">
            <wcet number="0">100</wcet>
            <wcet number="1">150</wcet>
            <maxpow number="0.33341703325354644"/>
            <maxpow number="0.33341703325354644"/>
            <fprob>0.0</fprob>
        </actor>
        <actor name="D0N47">
            <wcet number="0">40</wcet>
            <wcet number="1">100</wcet>
            <maxpow number="0.21851576047298066"/>
            <maxpow number="0.21851576047298066"/>
            <fprob>0.0</fprob>
        </actor>
        <actor name="D0N24">
            <wcet number="0">60</wcet>
            <wcet number="1">290</wcet>
            <maxpow number="0.7481289947346218"/>
            <maxpow number="0.7481289947346218"/>
            <fprob>0.0</fprob>
        </actor>
        <actor name="D0N0">
            <wcet number="0">10</wcet>
            <wcet number="1">10</wcet>
            <maxpow number="0.8041323784030006"/>
            <maxpow number="0.8041323784030006"/>
            <fprob>0.0</fprob>
        </actor>
        <actor name="D0N28">
            <wcet number="0">610</wcet>
            <wcet number="1">700</wcet>
            <maxpow number="0.6582094606201077"/>
            <maxpow number="0.6582094606201077"/>
            <fprob>0.0</fprob>
        </actor>
        <actor name="D0N40">
            <wcet number="0">120</wcet>
            <wcet number="1">280</wcet>
            <maxpow number="0.8120520867922447"/>
            <maxpow number="0.8120520867922447"/>
            <fprob>0.0</fprob>
        </actor>
        <actor name="D0N6">
            <wcet number="0">30</wcet>
            <wcet number="1">40</wcet>
            <maxpow number="0.49880076460626077"/>
            <maxpow number="0.49880076460626077"/>
            <fprob>0.0</fprob>
        </actor>
        <actor name="D0N2">
            <wcet number="0">10</wcet>
            <wcet number="1">60</wcet>
            <maxpow number="0.6805145078987757"/>
            <maxpow number="0.6805145078987757"/>
            <fprob>0.0</fprob>
        </actor>
        <actor name="D0N8">
            <wcet number="0">60</wcet>
            <wcet number="1">90</wcet>
            <maxpow number="0.7173879024744816"/>
            <maxpow number="0.7173879024744816"/>
            <fprob>0.0</fprob>
        </actor>
        <actor name="D0N35">
            <wcet number="0">140</wcet>
            <wcet number="1">180</wcet>
            <maxpow number="0.49117383744042636"/>
            <maxpow number="0.49117383744042636"/>
            <fprob>0.0</fprob>
        </actor>
        <actor name="D0N30">
            <wcet number="0">20</wcet>
            <wcet number="1">170</wcet>
            <maxpow number="0.4038735619747543"/>
            <maxpow number="0.4038735619747543"/>
            <fprob>0.0</fprob>
        </actor>
        <actor name="D0N4">
            <wcet number="0">100</wcet>
            <wcet number="1">110</wcet>
            <maxpow number="0.5205974142434412"/>
            <maxpow number="0.5205974142434412"/>
            <fprob>0.0</fprob>
        </actor>
        <actor name="D0N21">
            <wcet number="0">240</wcet>
            <wcet number="1">390</wcet>
            <maxpow number="0.40177368184553985"/>
            <maxpow number="0.40177368184553985"/>
            <fprob>0.0</fprob>
        </actor>
        <actor name="D0N12">
            <wcet number="0">40</wcet>
            <wcet number="1">240</wcet>
            <maxpow number="0.5535452204521356"/>
            <maxpow number="0.5535452204521356"/>
            <fprob>0.0</fprob>
        </actor>
        <actor name="D0N14">
            <wcet number="0">30</wcet>
            <wcet number="1">510</wcet>
            <maxpow number="0.2695140360397967"/>
            <maxpow number="0.2695140360397967"/>
            <fprob>0.0</fprob>
        </actor>
        <actor name="D0N44">
            <wcet number="0">90</wcet>
            <wcet number="1">130</wcet>
            <maxpow number="0.6888211297689415"/>
            <maxpow number="0.6888211297689415"/>
            <fprob>0.0</fprob>
        </actor>
        <actor name="D0N32">
            <wcet number="0">40</wcet>
            <wcet number="1">280</wcet>
            <maxpow number="0.5972829208838564"/>
            <maxpow number="0.5972829208838564"/>
            <fprob>0.0</fprob>
        </actor>
        <actor name="D0N45">
            <wcet number="0">80</wcet>
            <wcet number="1">170</wcet>
            <maxpow number="0.44497456326194734"/>
            <maxpow number="0.44497456326194734"/>
            <fprob>0.0</fprob>
        </actor>
        <actor name="D0N39">
            <wcet number="0">30</wcet>
            <wcet number="1">30</wcet>
            <maxpow number="0.40123799497146273"/>
            <maxpow number="0.40123799497146273"/>
            <fprob>0.0</fprob>
        </actor>
        <actor name="D0N11">
            <wcet number="0">10</wcet>
            <wcet number="1">10</wcet>
            <maxpow number="0.9438057339776772"/>
            <maxpow number="0.9438057339776772"/>
            <fprob>0.0</fprob>
        </actor>
        <actor name="D0N38">
            <wcet number="0">150</wcet>
            <wcet number="1">210</wcet>
            <maxpow number="0.6895209245715779"/>
            <maxpow number="0.6895209245715779"/>
            <fprob>0.0</fprob>
        </actor>
        <actor name="D0N48">
            <wcet number="0">60</wcet>
            <wcet number="1">130</wcet>
            <maxpow number="0.6138765080897343"/>
            <maxpow number="0.6138765080897343"/>
            <fprob>0.0</fprob>
        </actor>
        <actor name="D0N17">
            <wcet number="0">100</wcet>
            <wcet number="1">250</wcet>
            <maxpow number="0.8174657866455242"/>
            <maxpow number="0.8174657866455242"/>
            <fprob>0.0</fprob>
        </actor>
        <actor name="D0N46">
            <wcet number="0">20</wcet>
            <wcet number="1">20</wcet>
            <maxpow number="0.6989609332184861"/>
            <maxpow number="0.6989609332184861"/>
            <fprob>0.0</fprob>
        </actor>
        <actor name="D0N10">
            <wcet number="0">60</wcet>
            <wcet number="1">110</wcet>
            <maxpow number="0.628605536661481"/>
            <maxpow number="0.628605536661481"/>
            <fprob>0.0</fprob>
        </actor>
        <actor name="D0N9">
            <wcet number="0">180</wcet>
            <wcet number="1">200</wcet>
            <maxpow number="0.6107643037508808"/>
            <maxpow number="0.6107643037508808"/>
            <fprob>0.0</fprob>
        </actor>
        <actor name="D0N22">
            <wcet number="0">10</wcet>
            <wcet number="1">30</wcet>
            <maxpow number="0.4984907092288361"/>
            <maxpow number="0.4984907092288361"/>
            <fprob>0.0</fprob>
        </actor>
        <actor name="D0N23">
            <wcet number="0">430</wcet>
            <wcet number="1">440</wcet>
            <maxpow number="0.60882993900643"/>
            <maxpow number="0.60882993900643"/>
            <fprob>0.0</fprob>
        </actor>
        <actor name="D0N25">
            <wcet number="0">70</wcet>
            <wcet number="1">90</wcet>
            <maxpow number="0.6867661164858011"/>
            <maxpow number="0.6867661164858011"/>
            <fprob>0.0</fprob>
        </actor>
        <actor name="D0N18">
            <wcet number="0">20</wcet>
            <wcet number="1">260</wcet>
            <maxpow number="0.5785064927155184"/>
            <maxpow number="0.5785064927155184"/>
            <fprob>0.0</fprob>
        </actor>
        <actor name="D0N34">
            <wcet number="0">40</wcet>
            <wcet number="1">100</wcet>
            <maxpow number="0.623376332658438"/>
            <maxpow number="0.623376332658438"/>
            <fprob>0.0</fprob>
        </actor>
        <ports>
            <port dstActor="D0N2" name="p0" srcActor="D0N1"/>
            <port dstActor="D0N46" name="p1" srcActor="D0N1"/>
            <port dstActor="D0N29" name="p2" srcActor="D0N1"/>
            <port dstActor="D0N20" name="p3" srcActor="D0N1"/>
            <port dstActor="D0N4" name="p4" srcActor="D0N1"/>
            <port dstActor="D0N48" name="p5" srcActor="D0N29"/>
            <port dstActor="D0N33" name="p6" srcActor="D0N29"/>
            <port dstActor="D0N48" name="p7" srcActor="D0N42"/>
            <port dstActor="D0N45" name="p8" srcActor="D0N31"/>
            <port dstActor="D0N34" name="p9" srcActor="D0N31"/>
            <port dstActor="D0N33" name="p10" srcActor="D0N31"/>
            <port dstActor="D0N21" name="p11" srcActor="D0N16"/>
            <port dstActor="D0N39" name="p12" srcActor="D0N16"/>
            <port dstActor="D0N27" name="p13" srcActor="D0N16"/>
            <port dstActor="D0N46" name="p14" srcActor="D0N41"/>
            <port dstActor="D0N21" name="p15" srcActor="D0N5"/>
            <port dstActor="D0N41" name="p16" srcActor="D0N5"/>
            <port dstActor="D0N20" name="p17" srcActor="D0N5"/>
            <port dstActor="D0N43" name="p18" srcActor="D0N5"/>
            <port dstActor="D0N42" name="p19" srcActor="D0N5"/>
            <port dstActor="D0N48" name="p20" srcActor="D0N43"/>
            <port dstActor="D0N43" name="p21" srcActor="D0N20"/>
            <port dstActor="D0N37" name="p22" srcActor="D0N20"/>
            <port dstActor="D0N40" name="p23" srcActor="D0N20"/>
            <port dstActor="D0N22" name="p24" srcActor="D0N20"/>
            <port dstActor="D0N30" name="p25" srcActor="D0N3"/>
            <port dstActor="D0N45" name="p26" srcActor="D0N3"/>
            <port dstActor="D0N23" name="p27" srcActor="D0N3"/>
            <port dstActor="D0N37" name="p28" srcActor="D0N3"/>
            <port dstActor="D0N8" name="p29" srcActor="D0N3"/>
            <port dstActor="D0N25" name="p30" srcActor="D0N7"/>
            <port dstActor="D0N48" name="p31" srcActor="D0N7"/>
            <port dstActor="D0N40" name="p32" srcActor="D0N7"/>
            <port dstActor="D0N38" name="p33" srcActor="D0N7"/>
            <port dstActor="D0N46" name="p34" srcActor="D0N7"/>
            <port dstActor="D0N32" name="p35" srcActor="D0N7"/>
            <port dstActor="D0N43" name="p36" srcActor="D0N19"/>
            <port dstActor="D0N30" name="p37" srcActor="D0N19"/>
            <port dstActor="D0N20" name="p38" srcActor="D0N19"/>
            <port dstActor="D0N26" name="p39" srcActor="D0N19"/>
            <port dstActor="D0N28" name="p40" srcActor="D0N19"/>
            <port dstActor="D0N44" name="p41" srcActor="D0N19"/>
            <port dstActor="D0N15" name="p42" srcActor="D0N13"/>
            <port dstActor="D0N21" name="p43" srcActor="D0N13"/>
            <port dstActor="D0N44" name="p44" srcActor="D0N13"/>
            <port dstActor="D0N47" name="p45" srcActor="D0N13"/>
            <port dstActor="D0N23" name="p46" srcActor="D0N13"/>
            <port dstActor="D0N35" name="p47" srcActor="D0N33"/>
            <port dstActor="D0N34" name="p48" srcActor="D0N33"/>
            <port dstActor="D0N20" name="p49" srcActor="D0N15"/>
            <port dstActor="D0N19" name="p50" srcActor="D0N15"/>
            <port dstActor="D0N41" name="p51" srcActor="D0N15"/>
            <port dstActor="D0N46" name="p52" srcActor="D0N27"/>
            <port dstActor="D0N26" name="p53" srcActor="D0N24"/>
            <port dstActor="D0N1" name="p54" srcActor="D0N0"/>
            <port dstActor="D0N16" name="p55" srcActor="D0N0"/>
            <port dstActor="D0N32" name="p56" srcActor="D0N0"/>
            <port dstActor="D0N21" name="p57" srcActor="D0N0"/>
            <port dstActor="D0N7" name="p58" srcActor="D0N0"/>
            <port dstActor="D0N33" name="p59" srcActor="D0N0"/>
            <port dstActor="D0N40" name="p60" srcActor="D0N28"/>
            <port dstActor="D0N35" name="p61" srcActor="D0N28"/>
            <port dstActor="D0N47" name="p62" srcActor="D0N40"/>
            <port dstActor="D0N23" name="p63" srcActor="D0N6"/>
            <port dstActor="D0N27" name="p64" srcActor="D0N6"/>
            <port dstActor="D0N29" name="p65" srcActor="D0N6"/>
            <port dstActor="D0N40" name="p66" srcActor="D0N6"/>
            <port dstActor="D0N47" name="p67" srcActor="D0N6"/>
            <port dstActor="D0N15" name="p68" srcActor="D0N2"/>
            <port dstActor="D0N34" name="p69" srcActor="D0N2"/>
            <port dstActor="D0N37" name="p70" srcActor="D0N2"/>
            <port dstActor="D0N32" name="p71" srcActor="D0N2"/>
            <port dstActor="D0N22" name="p72" srcActor="D0N2"/>
            <port dstActor="D0N13" name="p73" srcActor="D0N2"/>
            <port dstActor="D0N27" name="p74" srcActor="D0N2"/>
            <port dstActor="D0N24" name="p75" srcActor="D0N2"/>
            <port dstActor="D0N15" name="p76" srcActor="D0N8"/>
            <port dstActor="D0N35" name="p77" srcActor="D0N8"/>
            <port dstActor="D0N24" name="p78" srcActor="D0N8"/>
            <port dstActor="D0N37" name="p79" srcActor="D0N8"/>
            <port dstActor="D0N10" name="p80" srcActor="D0N8"/>
            <port dstActor="D0N30" name="p81" srcActor="D0N8"/>
            <port dstActor="D0N42" name="p82" srcActor="D0N30"/>
            <port dstActor="D0N26" name="p83" srcActor="D0N4"/>
            <port dstActor="D0N22" name="p84" srcActor="D0N4"/>
            <port dstActor="D0N23" name="p85" srcActor="D0N4"/>
            <port dstActor="D0N33" name="p86" srcActor="D0N4"/>
            <port dstActor="D0N41" name="p87" srcActor="D0N4"/>
            <port dstActor="D0N23" name="p88" srcActor="D0N21"/>
            <port dstActor="D0N30" name="p89" srcActor="D0N21"/>
            <port dstActor="D0N29" name="p90" srcActor="D0N12"/>
            <port dstActor="D0N13" name="p91" srcActor="D0N12"/>
            <port dstActor="D0N37" name="p92" srcActor="D0N12"/>
            <port dstActor="D0N14" name="p93" srcActor="D0N12"/>
            <port dstActor="D0N19" name="p94" srcActor="D0N14"/>
            <port dstActor="D0N26" name="p95" srcActor="D0N14"/>
            <port dstActor="D0N34" name="p96" srcActor="D0N14"/>
            <port dstActor="D0N24" name="p97" srcActor="D0N14"/>
            <port dstActor="D0N37" name="p98" srcActor="D0N14"/>
            <port dstActor="D0N41" name="p99" srcActor="D0N32"/>
            <port dstActor="D0N45" name="p100" srcActor="D0N32"/>
            <port dstActor="D0N47" name="p101" srcActor="D0N45"/>
            <port dstActor="D0N47" name="p102" srcActor="D0N39"/>
            <port dstActor="D0N46" name="p103" srcActor="D0N39"/>
            <port dstActor="D0N14" name="p104" srcActor="D0N11"/>
            <port dstActor="D0N16" name="p105" srcActor="D0N11"/>
            <port dstActor="D0N44" name="p106" srcActor="D0N11"/>
            <port dstActor="D0N45" name="p107" srcActor="D0N38"/>
            <port dstActor="D0N44" name="p108" srcActor="D0N38"/>
            <port dstActor="D0N47" name="p109" srcActor="D0N38"/>
            <port dstActor="D0N43" name="p110" srcActor="D0N17"/>
            <port dstActor="D0N46" name="p111" srcActor="D0N17"/>
            <port dstActor="D0N32" name="p112" srcActor="D0N17"/>
            <port dstActor="D0N34" name="p113" srcActor="D0N10"/>
            <port dstActor="D0N15" name="p114" srcActor="D0N10"/>
            <port dstActor="D0N44" name="p115" srcActor="D0N10"/>
            <port dstActor="D0N27" name="p116" srcActor="D0N10"/>
            <port dstActor="D0N21" name="p117" srcActor="D0N9"/>
            <port dstActor="D0N28" name="p118" srcActor="D0N9"/>
            <port dstActor="D0N47" name="p119" srcActor="D0N22"/>
            <port dstActor="D0N31" name="p120" srcActor="D0N22"/>
            <port dstActor="D0N48" name="p121" srcActor="D0N22"/>
            <port dstActor="D0N30" name="p122" srcActor="D0N22"/>
            <port dstActor="D0N35" name="p123" srcActor="D0N22"/>
            <port dstActor="D0N28" name="p124" srcActor="D0N22"/>
            <port dstActor="D0N32" name="p125" srcActor="D0N22"/>
            <port dstActor="D0N23" name="p126" srcActor="D0N22"/>
            <port dstActor="D0N29" name="p127" srcActor="D0N22"/>
            <port dstActor="D0N43" name="p128" srcActor="D0N23"/>
            <port dstActor="D0N32" name="p129" srcActor="D0N23"/>
            <port dstActor="D0N24" name="p130" srcActor="D0N23"/>
            <port dstActor="D0N33" name="p131" srcActor="D0N23"/>
            <port dstActor="D0N35" name="p132" srcActor="D0N23"/>
            <port dstActor="D0N34" name="p133" srcActor="D0N18"/>
            <port dstActor="D0N48" name="p134" srcActor="D0N18"/>
            <port dstActor="D0N38" name="p135" srcActor="D0N18"/>
            <port dstActor="D0N45" name="p136" srcActor="D0N34"/>
            <port dstActor="D0N41" name="p137" srcActor="D0N34"/>
            <port dstActor="D0N42" name="p138" srcActor="D0N34"/>
        </ports>
    </mcdag>
    <cores number="3"/>
    <levels number="2"/>
</mcsystem>
