<?xml version="1.0" encoding="UTF-8" standalone="no"?>
<mcsystem>
    <mcdag deadline="2200" name="genned-0-ed-10.0-0">
        <actor name="D0N30">
            <wcet number="0">20</wcet>
            <wcet number="1">60</wcet>
            <maxpow number="0.5320718790262567"/>
            <maxpow number="0.5320718790262567"/>
            <fprob>0.0</fprob>
        </actor>
        <actor name="D0N40">
            <wcet number="0">170</wcet>
            <wcet number="1">220</wcet>
            <maxpow number="0.5436642836665545"/>
            <maxpow number="0.5436642836665545"/>
            <fprob>0.0</fprob>
        </actor>
        <actor name="D0N0">
            <wcet number="0">40</wcet>
            <wcet number="1">100</wcet>
            <maxpow number="0.903131296981924"/>
            <maxpow number="0.903131296981924"/>
            <fprob>0.0</fprob>
        </actor>
        <actor name="D0N8">
            <wcet number="0">20</wcet>
            <wcet number="1">30</wcet>
            <maxpow number="0.4532443895329231"/>
            <maxpow number="0.4532443895329231"/>
            <fprob>0.0</fprob>
        </actor>
        <actor name="D0N4">
            <wcet number="0">170</wcet>
            <wcet number="1">300</wcet>
            <maxpow number="0.4746047326523878"/>
            <maxpow number="0.4746047326523878"/>
            <fprob>0.0</fprob>
        </actor>
        <actor name="D0N9">
            <wcet number="0">130</wcet>
            <wcet number="1">170</wcet>
            <maxpow number="0.6017999621891191"/>
            <maxpow number="0.6017999621891191"/>
            <fprob>0.0</fprob>
        </actor>
        <actor name="D0N2">
            <wcet number="0">10</wcet>
            <wcet number="1">30</wcet>
            <maxpow number="0.6714454895075437"/>
            <maxpow number="0.6714454895075437"/>
            <fprob>0.0</fprob>
        </actor>
        <actor name="D0N5">
            <wcet number="0">10</wcet>
            <wcet number="1">60</wcet>
            <maxpow number="0.7030028050111063"/>
            <maxpow number="0.7030028050111063"/>
            <fprob>0.0</fprob>
        </actor>
        <actor name="D0N10">
            <wcet number="0">90</wcet>
            <wcet number="1">190</wcet>
            <maxpow number="0.7456930397366426"/>
            <maxpow number="0.7456930397366426"/>
            <fprob>0.0</fprob>
        </actor>
        <actor name="D0N38">
            <wcet number="0">140</wcet>
            <wcet number="1">180</wcet>
            <maxpow number="0.8386894451671632"/>
            <maxpow number="0.8386894451671632"/>
            <fprob>0.0</fprob>
        </actor>
        <actor name="D0N11">
            <wcet number="0">110</wcet>
            <wcet number="1">210</wcet>
            <maxpow number="0.873935546570797"/>
            <maxpow number="0.873935546570797"/>
            <fprob>0.0</fprob>
        </actor>
        <actor name="D0N33">
            <wcet number="0">140</wcet>
            <wcet number="1">150</wcet>
            <maxpow number="0.7946177021281002"/>
            <maxpow number="0.7946177021281002"/>
            <fprob>0.0</fprob>
        </actor>
        <actor name="D0N48">
            <wcet number="0">60</wcet>
            <wcet number="1">100</wcet>
            <maxpow number="0.6192169705977516"/>
            <maxpow number="0.6192169705977516"/>
            <fprob>0.0</fprob>
        </actor>
        <actor name="D0N31">
            <wcet number="0">420</wcet>
            <wcet number="1">540</wcet>
            <maxpow number="0.5902723467239549"/>
            <maxpow number="0.5902723467239549"/>
            <fprob>0.0</fprob>
        </actor>
        <actor name="D0N20">
            <wcet number="0">270</wcet>
            <wcet number="1">270</wcet>
            <maxpow number="0.9114746312462239"/>
            <maxpow number="0.9114746312462239"/>
            <fprob>0.0</fprob>
        </actor>
        <actor name="D0N46">
            <wcet number="0">40</wcet>
            <wcet number="1">50</wcet>
            <maxpow number="0.9825908954367433"/>
            <maxpow number="0.9825908954367433"/>
            <fprob>0.0</fprob>
        </actor>
        <actor name="D0N49">
            <wcet number="0">130</wcet>
            <wcet number="1">200</wcet>
            <maxpow number="0.5860104254129139"/>
            <maxpow number="0.5860104254129139"/>
            <fprob>0.0</fprob>
        </actor>
        <actor name="D0N43">
            <wcet number="0">50</wcet>
            <wcet number="1">210</wcet>
            <maxpow number="0.36462495277528456"/>
            <maxpow number="0.36462495277528456"/>
            <fprob>0.0</fprob>
        </actor>
        <actor name="D0N7">
            <wcet number="0">120</wcet>
            <wcet number="1">180</wcet>
            <maxpow number="0.438322728079087"/>
            <maxpow number="0.438322728079087"/>
            <fprob>0.0</fprob>
        </actor>
        <actor name="D0N13">
            <wcet number="0">90</wcet>
            <wcet number="1">90</wcet>
            <maxpow number="0.45448803030273033"/>
            <maxpow number="0.45448803030273033"/>
            <fprob>0.0</fprob>
        </actor>
        <actor name="D0N35">
            <wcet number="0">20</wcet>
            <wcet number="1">100</wcet>
            <maxpow number="0.523716479955494"/>
            <maxpow number="0.523716479955494"/>
            <fprob>0.0</fprob>
        </actor>
        <actor name="D0N37">
            <wcet number="0">80</wcet>
            <wcet number="1">130</wcet>
            <maxpow number="0.6104653547032901"/>
            <maxpow number="0.6104653547032901"/>
            <fprob>0.0</fprob>
        </actor>
        <actor name="D0N14">
            <wcet number="0">150</wcet>
            <wcet number="1">250</wcet>
            <maxpow number="0.22243668012851525"/>
            <maxpow number="0.22243668012851525"/>
            <fprob>0.0</fprob>
        </actor>
        <actor name="D0N34">
            <wcet number="0">20</wcet>
            <wcet number="1">30</wcet>
            <maxpow number="0.5294443337148186"/>
            <maxpow number="0.5294443337148186"/>
            <fprob>0.0</fprob>
        </actor>
        <actor name="D0N44">
            <wcet number="0">160</wcet>
            <wcet number="1">180</wcet>
            <maxpow number="0.7813110030016217"/>
            <maxpow number="0.7813110030016217"/>
            <fprob>0.0</fprob>
        </actor>
        <actor name="D0N15">
            <wcet number="0">50</wcet>
            <wcet number="1">60</wcet>
            <maxpow number="0.49697155539363275"/>
            <maxpow number="0.49697155539363275"/>
            <fprob>0.0</fprob>
        </actor>
        <actor name="D0N18">
            <wcet number="0">20</wcet>
            <wcet number="1">80</wcet>
            <maxpow number="0.5056923327914864"/>
            <maxpow number="0.5056923327914864"/>
            <fprob>0.0</fprob>
        </actor>
        <actor name="D0N25">
            <wcet number="0">70</wcet>
            <wcet number="1">100</wcet>
            <maxpow number="0.5027546098026887"/>
            <maxpow number="0.5027546098026887"/>
            <fprob>0.0</fprob>
        </actor>
        <actor name="D0N21">
            <wcet number="0">30</wcet>
            <wcet number="1">120</wcet>
            <maxpow number="0.403983094828403"/>
            <maxpow number="0.403983094828403"/>
            <fprob>0.0</fprob>
        </actor>
        <actor name="D0N3">
            <wcet number="0">50</wcet>
            <wcet number="1">60</wcet>
            <maxpow number="0.6569505294066598"/>
            <maxpow number="0.6569505294066598"/>
            <fprob>0.0</fprob>
        </actor>
        <actor name="D0N28">
            <wcet number="0">50</wcet>
            <wcet number="1">50</wcet>
            <maxpow number="0.2487135919793238"/>
            <maxpow number="0.2487135919793238"/>
            <fprob>0.0</fprob>
        </actor>
        <actor name="D0N1">
            <wcet number="0">20</wcet>
            <wcet number="1">30</wcet>
            <maxpow number="0.42563891123847475"/>
            <maxpow number="0.42563891123847475"/>
            <fprob>0.0</fprob>
        </actor>
        <actor name="D0N29">
            <wcet number="0">70</wcet>
            <wcet number="1">120</wcet>
            <maxpow number="0.9474375820015604"/>
            <maxpow number="0.9474375820015604"/>
            <fprob>0.0</fprob>
        </actor>
        <actor name="D0N36">
            <wcet number="0">90</wcet>
            <wcet number="1">110</wcet>
            <maxpow number="0.4287815265303574"/>
            <maxpow number="0.4287815265303574"/>
            <fprob>0.0</fprob>
        </actor>
        <actor name="D0N26">
            <wcet number="0">30</wcet>
            <wcet number="1">110</wcet>
            <maxpow number="0.6964881661725825"/>
            <maxpow number="0.6964881661725825"/>
            <fprob>0.0</fprob>
        </actor>
        <actor name="D0N27">
            <wcet number="0">10</wcet>
            <wcet number="1">110</wcet>
            <maxpow number="0.41407792568039625"/>
            <maxpow number="0.41407792568039625"/>
            <fprob>0.0</fprob>
        </actor>
        <actor name="D0N41">
            <wcet number="0">10</wcet>
            <wcet number="1">10</wcet>
            <maxpow number="0.5883029740407986"/>
            <maxpow number="0.5883029740407986"/>
            <fprob>0.0</fprob>
        </actor>
        <actor name="D0N45">
            <wcet number="0">80</wcet>
            <wcet number="1">80</wcet>
            <maxpow number="0.8556379908413925"/>
            <maxpow number="0.8556379908413925"/>
            <fprob>0.0</fprob>
        </actor>
        <actor name="D0N47">
            <wcet number="0">10</wcet>
            <wcet number="1">20</wcet>
            <maxpow number="0.6173791361496679"/>
            <maxpow number="0.6173791361496679"/>
            <fprob>0.0</fprob>
        </actor>
        <actor name="D0N17">
            <wcet number="0">70</wcet>
            <wcet number="1">130</wcet>
            <maxpow number="0.5656605225564224"/>
            <maxpow number="0.5656605225564224"/>
            <fprob>0.0</fprob>
        </actor>
        <actor name="D0N24">
            <wcet number="0">20</wcet>
            <wcet number="1">60</wcet>
            <maxpow number="0.5435390946037881"/>
            <maxpow number="0.5435390946037881"/>
            <fprob>0.0</fprob>
        </actor>
        <actor name="D0N23">
            <wcet number="0">30</wcet>
            <wcet number="1">70</wcet>
            <maxpow number="0.7094843635287784"/>
            <maxpow number="0.7094843635287784"/>
            <fprob>0.0</fprob>
        </actor>
        <actor name="D0N19">
            <wcet number="0">50</wcet>
            <wcet number="1">130</wcet>
            <maxpow number="0.5376922801662567"/>
            <maxpow number="0.5376922801662567"/>
            <fprob>0.0</fprob>
        </actor>
        <actor name="D0N22">
            <wcet number="0">10</wcet>
            <wcet number="1">20</wcet>
            <maxpow number="0.45215757961839287"/>
            <maxpow number="0.45215757961839287"/>
            <fprob>0.0</fprob>
        </actor>
        <actor name="D0N16">
            <wcet number="0">100</wcet>
            <wcet number="1">100</wcet>
            <maxpow number="0.7497120405196924"/>
            <maxpow number="0.7497120405196924"/>
            <fprob>0.0</fprob>
        </actor>
        <actor name="D0N6">
            <wcet number="0">20</wcet>
            <wcet number="1">20</wcet>
            <maxpow number="0.28706490111989574"/>
            <maxpow number="0.28706490111989574"/>
            <fprob>0.0</fprob>
        </actor>
        <actor name="D0N32">
            <wcet number="0">40</wcet>
            <wcet number="1">220</wcet>
            <maxpow number="0.4337635184457228"/>
            <maxpow number="0.4337635184457228"/>
            <fprob>0.0</fprob>
        </actor>
        <actor name="D0N12">
            <wcet number="0">120</wcet>
            <wcet number="1">160</wcet>
            <maxpow number="0.41471550344993013"/>
            <maxpow number="0.41471550344993013"/>
            <fprob>0.0</fprob>
        </actor>
        <actor name="D0N39">
            <wcet number="0">30</wcet>
            <wcet number="1">90</wcet>
            <maxpow number="0.8984939974104208"/>
            <maxpow number="0.8984939974104208"/>
            <fprob>0.0</fprob>
        </actor>
        <actor name="D0N42">
            <wcet number="0">50</wcet>
            <wcet number="1">70</wcet>
            <maxpow number="0.9568597584173049"/>
            <maxpow number="0.9568597584173049"/>
            <fprob>0.0</fprob>
        </actor>
        <ports>
            <port dstActor="D0N37" name="p0" srcActor="D0N30"/>
            <port dstActor="D0N39" name="p1" srcActor="D0N30"/>
            <port dstActor="D0N31" name="p2" srcActor="D0N30"/>
            <port dstActor="D0N46" name="p3" srcActor="D0N40"/>
            <port dstActor="D0N15" name="p4" srcActor="D0N0"/>
            <port dstActor="D0N25" name="p5" srcActor="D0N0"/>
            <port dstActor="D0N17" name="p6" srcActor="D0N0"/>
            <port dstActor="D0N49" name="p7" srcActor="D0N0"/>
            <port dstActor="D0N36" name="p8" srcActor="D0N0"/>
            <port dstActor="D0N49" name="p9" srcActor="D0N8"/>
            <port dstActor="D0N43" name="p10" srcActor="D0N8"/>
            <port dstActor="D0N19" name="p11" srcActor="D0N8"/>
            <port dstActor="D0N15" name="p12" srcActor="D0N8"/>
            <port dstActor="D0N21" name="p13" srcActor="D0N4"/>
            <port dstActor="D0N8" name="p14" srcActor="D0N4"/>
            <port dstActor="D0N22" name="p15" srcActor="D0N9"/>
            <port dstActor="D0N25" name="p16" srcActor="D0N9"/>
            <port dstActor="D0N21" name="p17" srcActor="D0N9"/>
            <port dstActor="D0N24" name="p18" srcActor="D0N9"/>
            <port dstActor="D0N30" name="p19" srcActor="D0N2"/>
            <port dstActor="D0N6" name="p20" srcActor="D0N2"/>
            <port dstActor="D0N41" name="p21" srcActor="D0N2"/>
            <port dstActor="D0N13" name="p22" srcActor="D0N5"/>
            <port dstActor="D0N29" name="p23" srcActor="D0N10"/>
            <port dstActor="D0N11" name="p24" srcActor="D0N10"/>
            <port dstActor="D0N42" name="p25" srcActor="D0N10"/>
            <port dstActor="D0N13" name="p26" srcActor="D0N10"/>
            <port dstActor="D0N44" name="p27" srcActor="D0N38"/>
            <port dstActor="D0N18" name="p28" srcActor="D0N11"/>
            <port dstActor="D0N12" name="p29" srcActor="D0N11"/>
            <port dstActor="D0N46" name="p30" srcActor="D0N11"/>
            <port dstActor="D0N28" name="p31" srcActor="D0N11"/>
            <port dstActor="D0N45" name="p32" srcActor="D0N33"/>
            <port dstActor="D0N35" name="p33" srcActor="D0N33"/>
            <port dstActor="D0N32" name="p34" srcActor="D0N31"/>
            <port dstActor="D0N24" name="p35" srcActor="D0N20"/>
            <port dstActor="D0N39" name="p36" srcActor="D0N20"/>
            <port dstActor="D0N45" name="p37" srcActor="D0N20"/>
            <port dstActor="D0N46" name="p38" srcActor="D0N20"/>
            <port dstActor="D0N48" name="p39" srcActor="D0N43"/>
            <port dstActor="D0N31" name="p40" srcActor="D0N7"/>
            <port dstActor="D0N36" name="p41" srcActor="D0N7"/>
            <port dstActor="D0N34" name="p42" srcActor="D0N7"/>
            <port dstActor="D0N39" name="p43" srcActor="D0N7"/>
            <port dstActor="D0N46" name="p44" srcActor="D0N7"/>
            <port dstActor="D0N13" name="p45" srcActor="D0N7"/>
            <port dstActor="D0N19" name="p46" srcActor="D0N13"/>
            <port dstActor="D0N18" name="p47" srcActor="D0N13"/>
            <port dstActor="D0N35" name="p48" srcActor="D0N13"/>
            <port dstActor="D0N49" name="p49" srcActor="D0N37"/>
            <port dstActor="D0N46" name="p50" srcActor="D0N37"/>
            <port dstActor="D0N18" name="p51" srcActor="D0N14"/>
            <port dstActor="D0N25" name="p52" srcActor="D0N14"/>
            <port dstActor="D0N44" name="p53" srcActor="D0N14"/>
            <port dstActor="D0N49" name="p54" srcActor="D0N14"/>
            <port dstActor="D0N37" name="p55" srcActor="D0N34"/>
            <port dstActor="D0N25" name="p56" srcActor="D0N15"/>
            <port dstActor="D0N32" name="p57" srcActor="D0N15"/>
            <port dstActor="D0N22" name="p58" srcActor="D0N15"/>
            <port dstActor="D0N24" name="p59" srcActor="D0N18"/>
            <port dstActor="D0N32" name="p60" srcActor="D0N18"/>
            <port dstActor="D0N44" name="p61" srcActor="D0N25"/>
            <port dstActor="D0N32" name="p62" srcActor="D0N25"/>
            <port dstActor="D0N25" name="p63" srcActor="D0N21"/>
            <port dstActor="D0N23" name="p64" srcActor="D0N21"/>
            <port dstActor="D0N49" name="p65" srcActor="D0N21"/>
            <port dstActor="D0N5" name="p66" srcActor="D0N3"/>
            <port dstActor="D0N30" name="p67" srcActor="D0N3"/>
            <port dstActor="D0N27" name="p68" srcActor="D0N3"/>
            <port dstActor="D0N49" name="p69" srcActor="D0N28"/>
            <port dstActor="D0N44" name="p70" srcActor="D0N1"/>
            <port dstActor="D0N47" name="p71" srcActor="D0N1"/>
            <port dstActor="D0N11" name="p72" srcActor="D0N1"/>
            <port dstActor="D0N16" name="p73" srcActor="D0N1"/>
            <port dstActor="D0N27" name="p74" srcActor="D0N1"/>
            <port dstActor="D0N25" name="p75" srcActor="D0N1"/>
            <port dstActor="D0N45" name="p76" srcActor="D0N36"/>
            <port dstActor="D0N32" name="p77" srcActor="D0N26"/>
            <port dstActor="D0N44" name="p78" srcActor="D0N26"/>
            <port dstActor="D0N38" name="p79" srcActor="D0N26"/>
            <port dstActor="D0N42" name="p80" srcActor="D0N26"/>
            <port dstActor="D0N45" name="p81" srcActor="D0N26"/>
            <port dstActor="D0N27" name="p82" srcActor="D0N26"/>
            <port dstActor="D0N33" name="p83" srcActor="D0N27"/>
            <port dstActor="D0N39" name="p84" srcActor="D0N27"/>
            <port dstActor="D0N44" name="p85" srcActor="D0N27"/>
            <port dstActor="D0N49" name="p86" srcActor="D0N47"/>
            <port dstActor="D0N23" name="p87" srcActor="D0N17"/>
            <port dstActor="D0N41" name="p88" srcActor="D0N17"/>
            <port dstActor="D0N48" name="p89" srcActor="D0N24"/>
            <port dstActor="D0N34" name="p90" srcActor="D0N24"/>
            <port dstActor="D0N31" name="p91" srcActor="D0N24"/>
            <port dstActor="D0N36" name="p92" srcActor="D0N23"/>
            <port dstActor="D0N25" name="p93" srcActor="D0N23"/>
            <port dstActor="D0N45" name="p94" srcActor="D0N23"/>
            <port dstActor="D0N47" name="p95" srcActor="D0N23"/>
            <port dstActor="D0N48" name="p96" srcActor="D0N23"/>
            <port dstActor="D0N44" name="p97" srcActor="D0N19"/>
            <port dstActor="D0N28" name="p98" srcActor="D0N22"/>
            <port dstActor="D0N36" name="p99" srcActor="D0N22"/>
            <port dstActor="D0N20" name="p100" srcActor="D0N16"/>
            <port dstActor="D0N38" name="p101" srcActor="D0N16"/>
            <port dstActor="D0N46" name="p102" srcActor="D0N16"/>
            <port dstActor="D0N29" name="p103" srcActor="D0N6"/>
            <port dstActor="D0N37" name="p104" srcActor="D0N6"/>
            <port dstActor="D0N26" name="p105" srcActor="D0N6"/>
            <port dstActor="D0N39" name="p106" srcActor="D0N32"/>
            <port dstActor="D0N43" name="p107" srcActor="D0N32"/>
            <port dstActor="D0N34" name="p108" srcActor="D0N12"/>
            <port dstActor="D0N40" name="p109" srcActor="D0N39"/>
            <port dstActor="D0N45" name="p110" srcActor="D0N42"/>
        </ports>
    </mcdag>
    <cores number="3"/>
    <levels number="2"/>
</mcsystem>
