<?xml version="1.0" encoding="UTF-8" standalone="no"?>
<mcsystem>
    <mcdag deadline="1800" name="genned-0-ed-10.0-0">
        <actor name="D0N23">
            <wcet number="0">30</wcet>
            <wcet number="1">40</wcet>
            <maxpow number="0.37383227180131373"/>
            <maxpow number="0.37383227180131373"/>
            <fprob>0.0</fprob>
        </actor>
        <actor name="D0N0">
            <wcet number="0">50</wcet>
            <wcet number="1">90</wcet>
            <maxpow number="0.5139335672149865"/>
            <maxpow number="0.5139335672149865"/>
            <fprob>0.0</fprob>
        </actor>
        <actor name="D0N1">
            <wcet number="0">30</wcet>
            <wcet number="1">40</wcet>
            <maxpow number="0.8723212923223698"/>
            <maxpow number="0.8723212923223698"/>
            <fprob>0.0</fprob>
        </actor>
        <actor name="D0N3">
            <wcet number="0">50</wcet>
            <wcet number="1">60</wcet>
            <maxpow number="0.6703682762280316"/>
            <maxpow number="0.6703682762280316"/>
            <fprob>0.0</fprob>
        </actor>
        <actor name="D0N36">
            <wcet number="0">510</wcet>
            <wcet number="1">630</wcet>
            <maxpow number="0.8053352987631063"/>
            <maxpow number="0.8053352987631063"/>
            <fprob>0.0</fprob>
        </actor>
        <actor name="D0N2">
            <wcet number="0">10</wcet>
            <wcet number="1">80</wcet>
            <maxpow number="0.33165733738945335"/>
            <maxpow number="0.33165733738945335"/>
            <fprob>0.0</fprob>
        </actor>
        <actor name="D0N8">
            <wcet number="0">80</wcet>
            <wcet number="1">80</wcet>
            <maxpow number="0.7140739868432656"/>
            <maxpow number="0.7140739868432656"/>
            <fprob>0.0</fprob>
        </actor>
        <actor name="D0N7">
            <wcet number="0">10</wcet>
            <wcet number="1">70</wcet>
            <maxpow number="0.7544701888344465"/>
            <maxpow number="0.7544701888344465"/>
            <fprob>0.0</fprob>
        </actor>
        <actor name="D0N46">
            <wcet number="0">10</wcet>
            <wcet number="1">10</wcet>
            <maxpow number="0.677153658077883"/>
            <maxpow number="0.677153658077883"/>
            <fprob>0.0</fprob>
        </actor>
        <actor name="D0N22">
            <wcet number="0">100</wcet>
            <wcet number="1">220</wcet>
            <maxpow number="0.7151985423742002"/>
            <maxpow number="0.7151985423742002"/>
            <fprob>0.0</fprob>
        </actor>
        <actor name="D0N5">
            <wcet number="0">20</wcet>
            <wcet number="1">30</wcet>
            <maxpow number="0.3883662088491628"/>
            <maxpow number="0.3883662088491628"/>
            <fprob>0.0</fprob>
        </actor>
        <actor name="D0N32">
            <wcet number="0">10</wcet>
            <wcet number="1">10</wcet>
            <maxpow number="0.8477998899401278"/>
            <maxpow number="0.8477998899401278"/>
            <fprob>0.0</fprob>
        </actor>
        <actor name="D0N45">
            <wcet number="0">10</wcet>
            <wcet number="1">40</wcet>
            <maxpow number="0.2221558427377464"/>
            <maxpow number="0.2221558427377464"/>
            <fprob>0.0</fprob>
        </actor>
        <actor name="D0N31">
            <wcet number="0">100</wcet>
            <wcet number="1">130</wcet>
            <maxpow number="0.47579966603271895"/>
            <maxpow number="0.47579966603271895"/>
            <fprob>0.0</fprob>
        </actor>
        <actor name="D0N42">
            <wcet number="0">50</wcet>
            <wcet number="1">100</wcet>
            <maxpow number="0.5888134367564445"/>
            <maxpow number="0.5888134367564445"/>
            <fprob>0.0</fprob>
        </actor>
        <actor name="D0N17">
            <wcet number="0">10</wcet>
            <wcet number="1">20</wcet>
            <maxpow number="0.563351555678753"/>
            <maxpow number="0.563351555678753"/>
            <fprob>0.0</fprob>
        </actor>
        <actor name="D0N11">
            <wcet number="0">20</wcet>
            <wcet number="1">20</wcet>
            <maxpow number="0.6975001451397355"/>
            <maxpow number="0.6975001451397355"/>
            <fprob>0.0</fprob>
        </actor>
        <actor name="D0N37">
            <wcet number="0">40</wcet>
            <wcet number="1">80</wcet>
            <maxpow number="0.5756145140107258"/>
            <maxpow number="0.5756145140107258"/>
            <fprob>0.0</fprob>
        </actor>
        <actor name="D0N25">
            <wcet number="0">80</wcet>
            <wcet number="1">90</wcet>
            <maxpow number="0.6246245810113993"/>
            <maxpow number="0.6246245810113993"/>
            <fprob>0.0</fprob>
        </actor>
        <actor name="D0N35">
            <wcet number="0">20</wcet>
            <wcet number="1">130</wcet>
            <maxpow number="0.25365787121113986"/>
            <maxpow number="0.25365787121113986"/>
            <fprob>0.0</fprob>
        </actor>
        <actor name="D0N14">
            <wcet number="0">320</wcet>
            <wcet number="1">380</wcet>
            <maxpow number="0.40213306915662506"/>
            <maxpow number="0.40213306915662506"/>
            <fprob>0.0</fprob>
        </actor>
        <actor name="D0N41">
            <wcet number="0">20</wcet>
            <wcet number="1">20</wcet>
            <maxpow number="0.8285077604406845"/>
            <maxpow number="0.8285077604406845"/>
            <fprob>0.0</fprob>
        </actor>
        <actor name="D0N47">
            <wcet number="0">120</wcet>
            <wcet number="1">120</wcet>
            <maxpow number="0.888229237176408"/>
            <maxpow number="0.888229237176408"/>
            <fprob>0.0</fprob>
        </actor>
        <actor name="D0N10">
            <wcet number="0">20</wcet>
            <wcet number="1">20</wcet>
            <maxpow number="0.6047408960495881"/>
            <maxpow number="0.6047408960495881"/>
            <fprob>0.0</fprob>
        </actor>
        <actor name="D0N28">
            <wcet number="0">30</wcet>
            <wcet number="1">30</wcet>
            <maxpow number="0.7228990525253195"/>
            <maxpow number="0.7228990525253195"/>
            <fprob>0.0</fprob>
        </actor>
        <actor name="D0N39">
            <wcet number="0">40</wcet>
            <wcet number="1">100</wcet>
            <maxpow number="0.7515597164357452"/>
            <maxpow number="0.7515597164357452"/>
            <fprob>0.0</fprob>
        </actor>
        <actor name="D0N19">
            <wcet number="0">10</wcet>
            <wcet number="1">10</wcet>
            <maxpow number="0.5287968712958245"/>
            <maxpow number="0.5287968712958245"/>
            <fprob>0.0</fprob>
        </actor>
        <actor name="D0N34">
            <wcet number="0">80</wcet>
            <wcet number="1">100</wcet>
            <maxpow number="0.7124790444442846"/>
            <maxpow number="0.7124790444442846"/>
            <fprob>0.0</fprob>
        </actor>
        <actor name="D0N18">
            <wcet number="0">10</wcet>
            <wcet number="1">10</wcet>
            <maxpow number="0.6947631722481046"/>
            <maxpow number="0.6947631722481046"/>
            <fprob>0.0</fprob>
        </actor>
        <actor name="D0N16">
            <wcet number="0">80</wcet>
            <wcet number="1">200</wcet>
            <maxpow number="0.24923292866817653"/>
            <maxpow number="0.24923292866817653"/>
            <fprob>0.0</fprob>
        </actor>
        <actor name="D0N24">
            <wcet number="0">20</wcet>
            <wcet number="1">20</wcet>
            <maxpow number="0.4929532151298113"/>
            <maxpow number="0.4929532151298113"/>
            <fprob>0.0</fprob>
        </actor>
        <actor name="D0N4">
            <wcet number="0">40</wcet>
            <wcet number="1">50</wcet>
            <maxpow number="0.4703703264104546"/>
            <maxpow number="0.4703703264104546"/>
            <fprob>0.0</fprob>
        </actor>
        <actor name="D0N27">
            <wcet number="0">50</wcet>
            <wcet number="1">60</wcet>
            <maxpow number="0.38414481563241487"/>
            <maxpow number="0.38414481563241487"/>
            <fprob>0.0</fprob>
        </actor>
        <actor name="D0N20">
            <wcet number="0">40</wcet>
            <wcet number="1">50</wcet>
            <maxpow number="0.328356318488099"/>
            <maxpow number="0.328356318488099"/>
            <fprob>0.0</fprob>
        </actor>
        <actor name="D0N30">
            <wcet number="0">20</wcet>
            <wcet number="1">100</wcet>
            <maxpow number="0.702618076210133"/>
            <maxpow number="0.702618076210133"/>
            <fprob>0.0</fprob>
        </actor>
        <actor name="D0N9">
            <wcet number="0">60</wcet>
            <wcet number="1">120</wcet>
            <maxpow number="0.5913421229243845"/>
            <maxpow number="0.5913421229243845"/>
            <fprob>0.0</fprob>
        </actor>
        <actor name="D0N38">
            <wcet number="0">40</wcet>
            <wcet number="1">50</wcet>
            <maxpow number="0.7864696564420857"/>
            <maxpow number="0.7864696564420857"/>
            <fprob>0.0</fprob>
        </actor>
        <actor name="D0N26">
            <wcet number="0">50</wcet>
            <wcet number="1">60</wcet>
            <maxpow number="0.7412092862137066"/>
            <maxpow number="0.7412092862137066"/>
            <fprob>0.0</fprob>
        </actor>
        <actor name="D0N40">
            <wcet number="0">100</wcet>
            <wcet number="1">140</wcet>
            <maxpow number="0.7648015897175686"/>
            <maxpow number="0.7648015897175686"/>
            <fprob>0.0</fprob>
        </actor>
        <actor name="D0N33">
            <wcet number="0">70</wcet>
            <wcet number="1">200</wcet>
            <maxpow number="0.43907875077902603"/>
            <maxpow number="0.43907875077902603"/>
            <fprob>0.0</fprob>
        </actor>
        <actor name="D0N44">
            <wcet number="0">30</wcet>
            <wcet number="1">70</wcet>
            <maxpow number="0.8427957793468979"/>
            <maxpow number="0.8427957793468979"/>
            <fprob>0.0</fprob>
        </actor>
        <actor name="D0N6">
            <wcet number="0">70</wcet>
            <wcet number="1">70</wcet>
            <maxpow number="0.7575516100800522"/>
            <maxpow number="0.7575516100800522"/>
            <fprob>0.0</fprob>
        </actor>
        <actor name="D0N12">
            <wcet number="0">130</wcet>
            <wcet number="1">210</wcet>
            <maxpow number="0.7456191232476362"/>
            <maxpow number="0.7456191232476362"/>
            <fprob>0.0</fprob>
        </actor>
        <actor name="D0N15">
            <wcet number="0">140</wcet>
            <wcet number="1">160</wcet>
            <maxpow number="0.3465393410383354"/>
            <maxpow number="0.3465393410383354"/>
            <fprob>0.0</fprob>
        </actor>
        <actor name="D0N29">
            <wcet number="0">40</wcet>
            <wcet number="1">80</wcet>
            <maxpow number="0.294784630367274"/>
            <maxpow number="0.294784630367274"/>
            <fprob>0.0</fprob>
        </actor>
        <actor name="D0N21">
            <wcet number="0">80</wcet>
            <wcet number="1">120</wcet>
            <maxpow number="0.5839149922097268"/>
            <maxpow number="0.5839149922097268"/>
            <fprob>0.0</fprob>
        </actor>
        <actor name="D0N43">
            <wcet number="0">10</wcet>
            <wcet number="1">40</wcet>
            <maxpow number="0.4556395329446478"/>
            <maxpow number="0.4556395329446478"/>
            <fprob>0.0</fprob>
        </actor>
        <actor name="D0N48">
            <wcet number="0">10</wcet>
            <wcet number="1">20</wcet>
            <maxpow number="0.47352460440529903"/>
            <maxpow number="0.47352460440529903"/>
            <fprob>0.0</fprob>
        </actor>
        <actor name="D0N13">
            <wcet number="0">60</wcet>
            <wcet number="1">100</wcet>
            <maxpow number="0.8785856033603083"/>
            <maxpow number="0.8785856033603083"/>
            <fprob>0.0</fprob>
        </actor>
        <ports>
            <port dstActor="D0N35" name="p0" srcActor="D0N23"/>
            <port dstActor="D0N6" name="p1" srcActor="D0N0"/>
            <port dstActor="D0N40" name="p2" srcActor="D0N0"/>
            <port dstActor="D0N15" name="p3" srcActor="D0N0"/>
            <port dstActor="D0N20" name="p4" srcActor="D0N1"/>
            <port dstActor="D0N37" name="p5" srcActor="D0N1"/>
            <port dstActor="D0N9" name="p6" srcActor="D0N1"/>
            <port dstActor="D0N25" name="p7" srcActor="D0N1"/>
            <port dstActor="D0N15" name="p8" srcActor="D0N1"/>
            <port dstActor="D0N13" name="p9" srcActor="D0N1"/>
            <port dstActor="D0N28" name="p10" srcActor="D0N1"/>
            <port dstActor="D0N30" name="p11" srcActor="D0N1"/>
            <port dstActor="D0N46" name="p12" srcActor="D0N3"/>
            <port dstActor="D0N45" name="p13" srcActor="D0N3"/>
            <port dstActor="D0N22" name="p14" srcActor="D0N3"/>
            <port dstActor="D0N13" name="p15" srcActor="D0N3"/>
            <port dstActor="D0N48" name="p16" srcActor="D0N36"/>
            <port dstActor="D0N39" name="p17" srcActor="D0N2"/>
            <port dstActor="D0N32" name="p18" srcActor="D0N2"/>
            <port dstActor="D0N41" name="p19" srcActor="D0N2"/>
            <port dstActor="D0N20" name="p20" srcActor="D0N2"/>
            <port dstActor="D0N7" name="p21" srcActor="D0N2"/>
            <port dstActor="D0N16" name="p22" srcActor="D0N8"/>
            <port dstActor="D0N40" name="p23" srcActor="D0N8"/>
            <port dstActor="D0N9" name="p24" srcActor="D0N8"/>
            <port dstActor="D0N25" name="p25" srcActor="D0N8"/>
            <port dstActor="D0N22" name="p26" srcActor="D0N8"/>
            <port dstActor="D0N46" name="p27" srcActor="D0N7"/>
            <port dstActor="D0N32" name="p28" srcActor="D0N7"/>
            <port dstActor="D0N11" name="p29" srcActor="D0N7"/>
            <port dstActor="D0N30" name="p30" srcActor="D0N7"/>
            <port dstActor="D0N22" name="p31" srcActor="D0N7"/>
            <port dstActor="D0N23" name="p32" srcActor="D0N22"/>
            <port dstActor="D0N32" name="p33" srcActor="D0N22"/>
            <port dstActor="D0N44" name="p34" srcActor="D0N22"/>
            <port dstActor="D0N38" name="p35" srcActor="D0N22"/>
            <port dstActor="D0N24" name="p36" srcActor="D0N5"/>
            <port dstActor="D0N27" name="p37" srcActor="D0N5"/>
            <port dstActor="D0N17" name="p38" srcActor="D0N5"/>
            <port dstActor="D0N26" name="p39" srcActor="D0N5"/>
            <port dstActor="D0N9" name="p40" srcActor="D0N5"/>
            <port dstActor="D0N45" name="p41" srcActor="D0N32"/>
            <port dstActor="D0N35" name="p42" srcActor="D0N32"/>
            <port dstActor="D0N47" name="p43" srcActor="D0N32"/>
            <port dstActor="D0N48" name="p44" srcActor="D0N31"/>
            <port dstActor="D0N37" name="p45" srcActor="D0N31"/>
            <port dstActor="D0N44" name="p46" srcActor="D0N31"/>
            <port dstActor="D0N38" name="p47" srcActor="D0N31"/>
            <port dstActor="D0N47" name="p48" srcActor="D0N31"/>
            <port dstActor="D0N42" name="p49" srcActor="D0N31"/>
            <port dstActor="D0N24" name="p50" srcActor="D0N17"/>
            <port dstActor="D0N23" name="p51" srcActor="D0N17"/>
            <port dstActor="D0N29" name="p52" srcActor="D0N11"/>
            <port dstActor="D0N19" name="p53" srcActor="D0N11"/>
            <port dstActor="D0N38" name="p54" srcActor="D0N11"/>
            <port dstActor="D0N42" name="p55" srcActor="D0N11"/>
            <port dstActor="D0N47" name="p56" srcActor="D0N25"/>
            <port dstActor="D0N28" name="p57" srcActor="D0N25"/>
            <port dstActor="D0N40" name="p58" srcActor="D0N14"/>
            <port dstActor="D0N34" name="p59" srcActor="D0N14"/>
            <port dstActor="D0N26" name="p60" srcActor="D0N14"/>
            <port dstActor="D0N42" name="p61" srcActor="D0N14"/>
            <port dstActor="D0N43" name="p62" srcActor="D0N41"/>
            <port dstActor="D0N46" name="p63" srcActor="D0N41"/>
            <port dstActor="D0N47" name="p64" srcActor="D0N41"/>
            <port dstActor="D0N29" name="p65" srcActor="D0N10"/>
            <port dstActor="D0N12" name="p66" srcActor="D0N10"/>
            <port dstActor="D0N38" name="p67" srcActor="D0N10"/>
            <port dstActor="D0N14" name="p68" srcActor="D0N10"/>
            <port dstActor="D0N20" name="p69" srcActor="D0N10"/>
            <port dstActor="D0N22" name="p70" srcActor="D0N10"/>
            <port dstActor="D0N42" name="p71" srcActor="D0N10"/>
            <port dstActor="D0N42" name="p72" srcActor="D0N28"/>
            <port dstActor="D0N43" name="p73" srcActor="D0N28"/>
            <port dstActor="D0N31" name="p74" srcActor="D0N28"/>
            <port dstActor="D0N35" name="p75" srcActor="D0N28"/>
            <port dstActor="D0N44" name="p76" srcActor="D0N28"/>
            <port dstActor="D0N46" name="p77" srcActor="D0N39"/>
            <port dstActor="D0N28" name="p78" srcActor="D0N19"/>
            <port dstActor="D0N27" name="p79" srcActor="D0N19"/>
            <port dstActor="D0N23" name="p80" srcActor="D0N19"/>
            <port dstActor="D0N32" name="p81" srcActor="D0N19"/>
            <port dstActor="D0N36" name="p82" srcActor="D0N19"/>
            <port dstActor="D0N35" name="p83" srcActor="D0N34"/>
            <port dstActor="D0N45" name="p84" srcActor="D0N34"/>
            <port dstActor="D0N40" name="p85" srcActor="D0N34"/>
            <port dstActor="D0N24" name="p86" srcActor="D0N18"/>
            <port dstActor="D0N27" name="p87" srcActor="D0N16"/>
            <port dstActor="D0N30" name="p88" srcActor="D0N16"/>
            <port dstActor="D0N42" name="p89" srcActor="D0N16"/>
            <port dstActor="D0N48" name="p90" srcActor="D0N24"/>
            <port dstActor="D0N47" name="p91" srcActor="D0N24"/>
            <port dstActor="D0N7" name="p92" srcActor="D0N4"/>
            <port dstActor="D0N14" name="p93" srcActor="D0N4"/>
            <port dstActor="D0N15" name="p94" srcActor="D0N4"/>
            <port dstActor="D0N45" name="p95" srcActor="D0N4"/>
            <port dstActor="D0N11" name="p96" srcActor="D0N4"/>
            <port dstActor="D0N40" name="p97" srcActor="D0N4"/>
            <port dstActor="D0N28" name="p98" srcActor="D0N27"/>
            <port dstActor="D0N41" name="p99" srcActor="D0N27"/>
            <port dstActor="D0N38" name="p100" srcActor="D0N27"/>
            <port dstActor="D0N29" name="p101" srcActor="D0N20"/>
            <port dstActor="D0N25" name="p102" srcActor="D0N20"/>
            <port dstActor="D0N24" name="p103" srcActor="D0N20"/>
            <port dstActor="D0N31" name="p104" srcActor="D0N30"/>
            <port dstActor="D0N46" name="p105" srcActor="D0N30"/>
            <port dstActor="D0N14" name="p106" srcActor="D0N9"/>
            <port dstActor="D0N45" name="p107" srcActor="D0N9"/>
            <port dstActor="D0N39" name="p108" srcActor="D0N38"/>
            <port dstActor="D0N47" name="p109" srcActor="D0N38"/>
            <port dstActor="D0N40" name="p110" srcActor="D0N26"/>
            <port dstActor="D0N39" name="p111" srcActor="D0N26"/>
            <port dstActor="D0N36" name="p112" srcActor="D0N26"/>
            <port dstActor="D0N41" name="p113" srcActor="D0N40"/>
            <port dstActor="D0N46" name="p114" srcActor="D0N40"/>
            <port dstActor="D0N38" name="p115" srcActor="D0N33"/>
            <port dstActor="D0N45" name="p116" srcActor="D0N44"/>
            <port dstActor="D0N39" name="p117" srcActor="D0N6"/>
            <port dstActor="D0N18" name="p118" srcActor="D0N6"/>
            <port dstActor="D0N12" name="p119" srcActor="D0N6"/>
            <port dstActor="D0N31" name="p120" srcActor="D0N12"/>
            <port dstActor="D0N26" name="p121" srcActor="D0N15"/>
            <port dstActor="D0N36" name="p122" srcActor="D0N29"/>
            <port dstActor="D0N47" name="p123" srcActor="D0N21"/>
            <port dstActor="D0N44" name="p124" srcActor="D0N21"/>
            <port dstActor="D0N47" name="p125" srcActor="D0N43"/>
            <port dstActor="D0N20" name="p126" srcActor="D0N13"/>
            <port dstActor="D0N42" name="p127" srcActor="D0N13"/>
        </ports>
    </mcdag>
    <cores number="3"/>
    <levels number="2"/>
</mcsystem>
