<?xml version="1.0" encoding="UTF-8" standalone="no"?>
<mcsystem>
    <mcdag deadline="1800" name="genned-0-ed-10.0-0">
        <actor name="D0N49">
            <wcet number="0">50</wcet>
            <wcet number="1">300</wcet>
            <maxpow number="0.36403048470701027"/>
            <maxpow number="0.36403048470701027"/>
            <fprob>0.0</fprob>
        </actor>
        <actor name="D0N36">
            <wcet number="0">40</wcet>
            <wcet number="1">120</wcet>
            <maxpow number="0.6448677411866858"/>
            <maxpow number="0.6448677411866858"/>
            <fprob>0.0</fprob>
        </actor>
        <actor name="D0N39">
            <wcet number="0">10</wcet>
            <wcet number="1">10</wcet>
            <maxpow number="0.6618580713807154"/>
            <maxpow number="0.6618580713807154"/>
            <fprob>0.0</fprob>
        </actor>
        <actor name="D0N14">
            <wcet number="0">20</wcet>
            <wcet number="1">20</wcet>
            <maxpow number="0.5958496759369251"/>
            <maxpow number="0.5958496759369251"/>
            <fprob>0.0</fprob>
        </actor>
        <actor name="D0N27">
            <wcet number="0">160</wcet>
            <wcet number="1">220</wcet>
            <maxpow number="0.5315483670212908"/>
            <maxpow number="0.5315483670212908"/>
            <fprob>0.0</fprob>
        </actor>
        <actor name="D0N24">
            <wcet number="0">80</wcet>
            <wcet number="1">80</wcet>
            <maxpow number="0.10284986478309771"/>
            <maxpow number="0.10284986478309771"/>
            <fprob>0.0</fprob>
        </actor>
        <actor name="D0N16">
            <wcet number="0">50</wcet>
            <wcet number="1">80</wcet>
            <maxpow number="0.30509698846397526"/>
            <maxpow number="0.30509698846397526"/>
            <fprob>0.0</fprob>
        </actor>
        <actor name="D0N4">
            <wcet number="0">10</wcet>
            <wcet number="1">20</wcet>
            <maxpow number="0.5523496351684595"/>
            <maxpow number="0.5523496351684595"/>
            <fprob>0.0</fprob>
        </actor>
        <actor name="D0N33">
            <wcet number="0">160</wcet>
            <wcet number="1">230</wcet>
            <maxpow number="0.4093264950303511"/>
            <maxpow number="0.4093264950303511"/>
            <fprob>0.0</fprob>
        </actor>
        <actor name="D0N48">
            <wcet number="0">50</wcet>
            <wcet number="1">50</wcet>
            <maxpow number="0.7221784012884024"/>
            <maxpow number="0.7221784012884024"/>
            <fprob>0.0</fprob>
        </actor>
        <actor name="D0N17">
            <wcet number="0">100</wcet>
            <wcet number="1">100</wcet>
            <maxpow number="0.3207692379732947"/>
            <maxpow number="0.3207692379732947"/>
            <fprob>0.0</fprob>
        </actor>
        <actor name="D0N44">
            <wcet number="0">20</wcet>
            <wcet number="1">20</wcet>
            <maxpow number="0.37358107819608133"/>
            <maxpow number="0.37358107819608133"/>
            <fprob>0.0</fprob>
        </actor>
        <actor name="D0N15">
            <wcet number="0">80</wcet>
            <wcet number="1">100</wcet>
            <maxpow number="0.04803697840961929"/>
            <maxpow number="0.04803697840961929"/>
            <fprob>0.0</fprob>
        </actor>
        <actor name="D0N11">
            <wcet number="0">10</wcet>
            <wcet number="1">40</wcet>
            <maxpow number="0.3174021227279597"/>
            <maxpow number="0.3174021227279597"/>
            <fprob>0.0</fprob>
        </actor>
        <actor name="D0N6">
            <wcet number="0">10</wcet>
            <wcet number="1">130</wcet>
            <maxpow number="0.5704631026973573"/>
            <maxpow number="0.5704631026973573"/>
            <fprob>0.0</fprob>
        </actor>
        <actor name="D0N45">
            <wcet number="0">40</wcet>
            <wcet number="1">40</wcet>
            <maxpow number="0.5808484243840585"/>
            <maxpow number="0.5808484243840585"/>
            <fprob>0.0</fprob>
        </actor>
        <actor name="D0N46">
            <wcet number="0">130</wcet>
            <wcet number="1">160</wcet>
            <maxpow number="0.5163924938843247"/>
            <maxpow number="0.5163924938843247"/>
            <fprob>0.0</fprob>
        </actor>
        <actor name="D0N28">
            <wcet number="0">20</wcet>
            <wcet number="1">50</wcet>
            <maxpow number="0.7334420917731803"/>
            <maxpow number="0.7334420917731803"/>
            <fprob>0.0</fprob>
        </actor>
        <actor name="D0N40">
            <wcet number="0">30</wcet>
            <wcet number="1">30</wcet>
            <maxpow number="0.4548804633092599"/>
            <maxpow number="0.4548804633092599"/>
            <fprob>0.0</fprob>
        </actor>
        <actor name="D0N42">
            <wcet number="0">50</wcet>
            <wcet number="1">50</wcet>
            <maxpow number="0.4021922092404173"/>
            <maxpow number="0.4021922092404173"/>
            <fprob>0.0</fprob>
        </actor>
        <actor name="D0N19">
            <wcet number="0">20</wcet>
            <wcet number="1">30</wcet>
            <maxpow number="0.27687157070057555"/>
            <maxpow number="0.27687157070057555"/>
            <fprob>0.0</fprob>
        </actor>
        <actor name="D0N38">
            <wcet number="0">60</wcet>
            <wcet number="1">70</wcet>
            <maxpow number="0.5270713670187223"/>
            <maxpow number="0.5270713670187223"/>
            <fprob>0.0</fprob>
        </actor>
        <actor name="D0N43">
            <wcet number="0">30</wcet>
            <wcet number="1">90</wcet>
            <maxpow number="0.6796727668259543"/>
            <maxpow number="0.6796727668259543"/>
            <fprob>0.0</fprob>
        </actor>
        <actor name="D0N41">
            <wcet number="0">10</wcet>
            <wcet number="1">50</wcet>
            <maxpow number="0.7157969719066367"/>
            <maxpow number="0.7157969719066367"/>
            <fprob>0.0</fprob>
        </actor>
        <actor name="D0N21">
            <wcet number="0">70</wcet>
            <wcet number="1">80</wcet>
            <maxpow number="-0.01574384504888493"/>
            <maxpow number="-0.01574384504888493"/>
            <fprob>0.0</fprob>
        </actor>
        <actor name="D0N30">
            <wcet number="0">90</wcet>
            <wcet number="1">320</wcet>
            <maxpow number="0.5802058989085765"/>
            <maxpow number="0.5802058989085765"/>
            <fprob>0.0</fprob>
        </actor>
        <actor name="D0N20">
            <wcet number="0">160</wcet>
            <wcet number="1">200</wcet>
            <maxpow number="0.3997251270891511"/>
            <maxpow number="0.3997251270891511"/>
            <fprob>0.0</fprob>
        </actor>
        <actor name="D0N9">
            <wcet number="0">40</wcet>
            <wcet number="1">90</wcet>
            <maxpow number="0.7312606155969004"/>
            <maxpow number="0.7312606155969004"/>
            <fprob>0.0</fprob>
        </actor>
        <actor name="D0N5">
            <wcet number="0">50</wcet>
            <wcet number="1">450</wcet>
            <maxpow number="0.42765709940094493"/>
            <maxpow number="0.42765709940094493"/>
            <fprob>0.0</fprob>
        </actor>
        <actor name="D0N22">
            <wcet number="0">10</wcet>
            <wcet number="1">40</wcet>
            <maxpow number="0.4197763098269743"/>
            <maxpow number="0.4197763098269743"/>
            <fprob>0.0</fprob>
        </actor>
        <actor name="D0N47">
            <wcet number="0">30</wcet>
            <wcet number="1">40</wcet>
            <maxpow number="0.6655178504311161"/>
            <maxpow number="0.6655178504311161"/>
            <fprob>0.0</fprob>
        </actor>
        <actor name="D0N37">
            <wcet number="0">20</wcet>
            <wcet number="1">40</wcet>
            <maxpow number="0.5941507195905383"/>
            <maxpow number="0.5941507195905383"/>
            <fprob>0.0</fprob>
        </actor>
        <actor name="D0N34">
            <wcet number="0">80</wcet>
            <wcet number="1">80</wcet>
            <maxpow number="0.4487189254903131"/>
            <maxpow number="0.4487189254903131"/>
            <fprob>0.0</fprob>
        </actor>
        <actor name="D0N35">
            <wcet number="0">40</wcet>
            <wcet number="1">40</wcet>
            <maxpow number="0.555401738436639"/>
            <maxpow number="0.555401738436639"/>
            <fprob>0.0</fprob>
        </actor>
        <actor name="D0N0">
            <wcet number="0">40</wcet>
            <wcet number="1">40</wcet>
            <maxpow number="0.5148034896335497"/>
            <maxpow number="0.5148034896335497"/>
            <fprob>0.0</fprob>
        </actor>
        <actor name="D0N25">
            <wcet number="0">10</wcet>
            <wcet number="1">20</wcet>
            <maxpow number="0.4320233707800202"/>
            <maxpow number="0.4320233707800202"/>
            <fprob>0.0</fprob>
        </actor>
        <actor name="D0N2">
            <wcet number="0">10</wcet>
            <wcet number="1">30</wcet>
            <maxpow number="0.6765304435674326"/>
            <maxpow number="0.6765304435674326"/>
            <fprob>0.0</fprob>
        </actor>
        <actor name="D0N29">
            <wcet number="0">30</wcet>
            <wcet number="1">150</wcet>
            <maxpow number="0.5271077175668863"/>
            <maxpow number="0.5271077175668863"/>
            <fprob>0.0</fprob>
        </actor>
        <actor name="D0N8">
            <wcet number="0">10</wcet>
            <wcet number="1">10</wcet>
            <maxpow number="0.8041928737127924"/>
            <maxpow number="0.8041928737127924"/>
            <fprob>0.0</fprob>
        </actor>
        <actor name="D0N13">
            <wcet number="0">120</wcet>
            <wcet number="1">150</wcet>
            <maxpow number="0.2829170880133866"/>
            <maxpow number="0.2829170880133866"/>
            <fprob>0.0</fprob>
        </actor>
        <actor name="D0N23">
            <wcet number="0">30</wcet>
            <wcet number="1">30</wcet>
            <maxpow number="0.7150106362542641"/>
            <maxpow number="0.7150106362542641"/>
            <fprob>0.0</fprob>
        </actor>
        <actor name="D0N10">
            <wcet number="0">140</wcet>
            <wcet number="1">240</wcet>
            <maxpow number="0.4110442808761333"/>
            <maxpow number="0.4110442808761333"/>
            <fprob>0.0</fprob>
        </actor>
        <actor name="D0N26">
            <wcet number="0">30</wcet>
            <wcet number="1">80</wcet>
            <maxpow number="0.45540211046279166"/>
            <maxpow number="0.45540211046279166"/>
            <fprob>0.0</fprob>
        </actor>
        <actor name="D0N32">
            <wcet number="0">160</wcet>
            <wcet number="1">190</wcet>
            <maxpow number="0.4463820613093546"/>
            <maxpow number="0.4463820613093546"/>
            <fprob>0.0</fprob>
        </actor>
        <actor name="D0N18">
            <wcet number="0">60</wcet>
            <wcet number="1">60</wcet>
            <maxpow number="0.5021004382502035"/>
            <maxpow number="0.5021004382502035"/>
            <fprob>0.0</fprob>
        </actor>
        <actor name="D0N7">
            <wcet number="0">260</wcet>
            <wcet number="1">360</wcet>
            <maxpow number="0.6000599413179513"/>
            <maxpow number="0.6000599413179513"/>
            <fprob>0.0</fprob>
        </actor>
        <actor name="D0N12">
            <wcet number="0">20</wcet>
            <wcet number="1">120</wcet>
            <maxpow number="0.5408775366178267"/>
            <maxpow number="0.5408775366178267"/>
            <fprob>0.0</fprob>
        </actor>
        <actor name="D0N31">
            <wcet number="0">80</wcet>
            <wcet number="1">90</wcet>
            <maxpow number="0.10195738187771491"/>
            <maxpow number="0.10195738187771491"/>
            <fprob>0.0</fprob>
        </actor>
        <actor name="D0N1">
            <wcet number="0">50</wcet>
            <wcet number="1">80</wcet>
            <maxpow number="0.8761910705400192"/>
            <maxpow number="0.8761910705400192"/>
            <fprob>0.0</fprob>
        </actor>
        <actor name="D0N3">
            <wcet number="0">60</wcet>
            <wcet number="1">100</wcet>
            <maxpow number="0.6270076659031087"/>
            <maxpow number="0.6270076659031087"/>
            <fprob>0.0</fprob>
        </actor>
        <ports>
            <port dstActor="D0N37" name="p0" srcActor="D0N36"/>
            <port dstActor="D0N45" name="p1" srcActor="D0N36"/>
            <port dstActor="D0N46" name="p2" srcActor="D0N39"/>
            <port dstActor="D0N48" name="p3" srcActor="D0N39"/>
            <port dstActor="D0N39" name="p4" srcActor="D0N14"/>
            <port dstActor="D0N25" name="p5" srcActor="D0N14"/>
            <port dstActor="D0N43" name="p6" srcActor="D0N14"/>
            <port dstActor="D0N38" name="p7" srcActor="D0N14"/>
            <port dstActor="D0N44" name="p8" srcActor="D0N14"/>
            <port dstActor="D0N34" name="p9" srcActor="D0N27"/>
            <port dstActor="D0N28" name="p10" srcActor="D0N27"/>
            <port dstActor="D0N47" name="p11" srcActor="D0N27"/>
            <port dstActor="D0N37" name="p12" srcActor="D0N27"/>
            <port dstActor="D0N46" name="p13" srcActor="D0N27"/>
            <port dstActor="D0N30" name="p14" srcActor="D0N24"/>
            <port dstActor="D0N25" name="p15" srcActor="D0N24"/>
            <port dstActor="D0N32" name="p16" srcActor="D0N24"/>
            <port dstActor="D0N47" name="p17" srcActor="D0N24"/>
            <port dstActor="D0N39" name="p18" srcActor="D0N16"/>
            <port dstActor="D0N34" name="p19" srcActor="D0N16"/>
            <port dstActor="D0N30" name="p20" srcActor="D0N16"/>
            <port dstActor="D0N32" name="p21" srcActor="D0N16"/>
            <port dstActor="D0N36" name="p22" srcActor="D0N4"/>
            <port dstActor="D0N24" name="p23" srcActor="D0N4"/>
            <port dstActor="D0N6" name="p24" srcActor="D0N4"/>
            <port dstActor="D0N43" name="p25" srcActor="D0N33"/>
            <port dstActor="D0N25" name="p26" srcActor="D0N17"/>
            <port dstActor="D0N39" name="p27" srcActor="D0N17"/>
            <port dstActor="D0N28" name="p28" srcActor="D0N17"/>
            <port dstActor="D0N33" name="p29" srcActor="D0N17"/>
            <port dstActor="D0N48" name="p30" srcActor="D0N44"/>
            <port dstActor="D0N36" name="p31" srcActor="D0N15"/>
            <port dstActor="D0N45" name="p32" srcActor="D0N15"/>
            <port dstActor="D0N39" name="p33" srcActor="D0N11"/>
            <port dstActor="D0N38" name="p34" srcActor="D0N11"/>
            <port dstActor="D0N34" name="p35" srcActor="D0N11"/>
            <port dstActor="D0N25" name="p36" srcActor="D0N11"/>
            <port dstActor="D0N23" name="p37" srcActor="D0N11"/>
            <port dstActor="D0N16" name="p38" srcActor="D0N11"/>
            <port dstActor="D0N47" name="p39" srcActor="D0N11"/>
            <port dstActor="D0N29" name="p40" srcActor="D0N6"/>
            <port dstActor="D0N15" name="p41" srcActor="D0N6"/>
            <port dstActor="D0N35" name="p42" srcActor="D0N6"/>
            <port dstActor="D0N43" name="p43" srcActor="D0N6"/>
            <port dstActor="D0N48" name="p44" srcActor="D0N42"/>
            <port dstActor="D0N29" name="p45" srcActor="D0N19"/>
            <port dstActor="D0N30" name="p46" srcActor="D0N19"/>
            <port dstActor="D0N41" name="p47" srcActor="D0N19"/>
            <port dstActor="D0N43" name="p48" srcActor="D0N38"/>
            <port dstActor="D0N44" name="p49" srcActor="D0N43"/>
            <port dstActor="D0N48" name="p50" srcActor="D0N43"/>
            <port dstActor="D0N44" name="p51" srcActor="D0N41"/>
            <port dstActor="D0N38" name="p52" srcActor="D0N21"/>
            <port dstActor="D0N41" name="p53" srcActor="D0N21"/>
            <port dstActor="D0N35" name="p54" srcActor="D0N21"/>
            <port dstActor="D0N23" name="p55" srcActor="D0N21"/>
            <port dstActor="D0N43" name="p56" srcActor="D0N21"/>
            <port dstActor="D0N36" name="p57" srcActor="D0N20"/>
            <port dstActor="D0N34" name="p58" srcActor="D0N20"/>
            <port dstActor="D0N39" name="p59" srcActor="D0N20"/>
            <port dstActor="D0N14" name="p60" srcActor="D0N9"/>
            <port dstActor="D0N34" name="p61" srcActor="D0N9"/>
            <port dstActor="D0N32" name="p62" srcActor="D0N9"/>
            <port dstActor="D0N26" name="p63" srcActor="D0N9"/>
            <port dstActor="D0N19" name="p64" srcActor="D0N9"/>
            <port dstActor="D0N46" name="p65" srcActor="D0N9"/>
            <port dstActor="D0N36" name="p66" srcActor="D0N5"/>
            <port dstActor="D0N10" name="p67" srcActor="D0N5"/>
            <port dstActor="D0N6" name="p68" srcActor="D0N5"/>
            <port dstActor="D0N35" name="p69" srcActor="D0N5"/>
            <port dstActor="D0N20" name="p70" srcActor="D0N5"/>
            <port dstActor="D0N41" name="p71" srcActor="D0N22"/>
            <port dstActor="D0N42" name="p72" srcActor="D0N22"/>
            <port dstActor="D0N43" name="p73" srcActor="D0N37"/>
            <port dstActor="D0N38" name="p74" srcActor="D0N37"/>
            <port dstActor="D0N48" name="p75" srcActor="D0N37"/>
            <port dstActor="D0N49" name="p76" srcActor="D0N34"/>
            <port dstActor="D0N37" name="p77" srcActor="D0N34"/>
            <port dstActor="D0N39" name="p78" srcActor="D0N34"/>
            <port dstActor="D0N42" name="p79" srcActor="D0N35"/>
            <port dstActor="D0N36" name="p80" srcActor="D0N35"/>
            <port dstActor="D0N40" name="p81" srcActor="D0N0"/>
            <port dstActor="D0N41" name="p82" srcActor="D0N0"/>
            <port dstActor="D0N11" name="p83" srcActor="D0N0"/>
            <port dstActor="D0N35" name="p84" srcActor="D0N0"/>
            <port dstActor="D0N47" name="p85" srcActor="D0N25"/>
            <port dstActor="D0N26" name="p86" srcActor="D0N25"/>
            <port dstActor="D0N18" name="p87" srcActor="D0N2"/>
            <port dstActor="D0N40" name="p88" srcActor="D0N2"/>
            <port dstActor="D0N8" name="p89" srcActor="D0N2"/>
            <port dstActor="D0N9" name="p90" srcActor="D0N2"/>
            <port dstActor="D0N39" name="p91" srcActor="D0N29"/>
            <port dstActor="D0N25" name="p92" srcActor="D0N8"/>
            <port dstActor="D0N23" name="p93" srcActor="D0N8"/>
            <port dstActor="D0N36" name="p94" srcActor="D0N8"/>
            <port dstActor="D0N22" name="p95" srcActor="D0N8"/>
            <port dstActor="D0N39" name="p96" srcActor="D0N13"/>
            <port dstActor="D0N25" name="p97" srcActor="D0N13"/>
            <port dstActor="D0N22" name="p98" srcActor="D0N13"/>
            <port dstActor="D0N20" name="p99" srcActor="D0N13"/>
            <port dstActor="D0N48" name="p100" srcActor="D0N13"/>
            <port dstActor="D0N43" name="p101" srcActor="D0N13"/>
            <port dstActor="D0N35" name="p102" srcActor="D0N23"/>
            <port dstActor="D0N20" name="p103" srcActor="D0N10"/>
            <port dstActor="D0N45" name="p104" srcActor="D0N10"/>
            <port dstActor="D0N43" name="p105" srcActor="D0N10"/>
            <port dstActor="D0N34" name="p106" srcActor="D0N10"/>
            <port dstActor="D0N29" name="p107" srcActor="D0N10"/>
            <port dstActor="D0N28" name="p108" srcActor="D0N26"/>
            <port dstActor="D0N49" name="p109" srcActor="D0N26"/>
            <port dstActor="D0N33" name="p110" srcActor="D0N26"/>
            <port dstActor="D0N34" name="p111" srcActor="D0N32"/>
            <port dstActor="D0N35" name="p112" srcActor="D0N32"/>
            <port dstActor="D0N30" name="p113" srcActor="D0N18"/>
            <port dstActor="D0N36" name="p114" srcActor="D0N18"/>
            <port dstActor="D0N48" name="p115" srcActor="D0N18"/>
            <port dstActor="D0N33" name="p116" srcActor="D0N18"/>
            <port dstActor="D0N13" name="p117" srcActor="D0N7"/>
            <port dstActor="D0N28" name="p118" srcActor="D0N7"/>
            <port dstActor="D0N29" name="p119" srcActor="D0N7"/>
            <port dstActor="D0N31" name="p120" srcActor="D0N7"/>
            <port dstActor="D0N48" name="p121" srcActor="D0N7"/>
            <port dstActor="D0N24" name="p122" srcActor="D0N12"/>
            <port dstActor="D0N16" name="p123" srcActor="D0N12"/>
            <port dstActor="D0N39" name="p124" srcActor="D0N12"/>
            <port dstActor="D0N42" name="p125" srcActor="D0N12"/>
            <port dstActor="D0N46" name="p126" srcActor="D0N12"/>
            <port dstActor="D0N32" name="p127" srcActor="D0N12"/>
            <port dstActor="D0N39" name="p128" srcActor="D0N31"/>
            <port dstActor="D0N40" name="p129" srcActor="D0N31"/>
            <port dstActor="D0N9" name="p130" srcActor="D0N1"/>
            <port dstActor="D0N36" name="p131" srcActor="D0N1"/>
            <port dstActor="D0N8" name="p132" srcActor="D0N1"/>
            <port dstActor="D0N44" name="p133" srcActor="D0N1"/>
            <port dstActor="D0N23" name="p134" srcActor="D0N1"/>
            <port dstActor="D0N17" name="p135" srcActor="D0N1"/>
            <port dstActor="D0N34" name="p136" srcActor="D0N1"/>
            <port dstActor="D0N30" name="p137" srcActor="D0N3"/>
            <port dstActor="D0N20" name="p138" srcActor="D0N3"/>
            <port dstActor="D0N43" name="p139" srcActor="D0N3"/>
            <port dstActor="D0N19" name="p140" srcActor="D0N3"/>
        </ports>
    </mcdag>
    <cores number="3"/>
    <levels number="2"/>
</mcsystem>
