<?xml version="1.0" encoding="UTF-8" standalone="no"?>
<mcsystem>
    <mcdag deadline="3000" name="genned-0-ed-10.0-0">
        <actor name="D0N27">
            <wcet number="0">70</wcet>
            <wcet number="1">110</wcet>
            <maxpow number="0.7568830754307982"/>
            <maxpow number="0.7568830754307982"/>
            <fprob>0.0</fprob>
        </actor>
        <actor name="D0N44">
            <wcet number="0">10</wcet>
            <wcet number="1">10</wcet>
            <maxpow number="0.28504921151771767"/>
            <maxpow number="0.28504921151771767"/>
            <fprob>0.0</fprob>
        </actor>
        <actor name="D0N37">
            <wcet number="0">20</wcet>
            <wcet number="1">300</wcet>
            <maxpow number="0.5746626109853711"/>
            <maxpow number="0.5746626109853711"/>
            <fprob>0.0</fprob>
        </actor>
        <actor name="D0N2">
            <wcet number="0">10</wcet>
            <wcet number="1">10</wcet>
            <maxpow number="0.9408834183515445"/>
            <maxpow number="0.9408834183515445"/>
            <fprob>0.0</fprob>
        </actor>
        <actor name="D0N28">
            <wcet number="0">260</wcet>
            <wcet number="1">310</wcet>
            <maxpow number="0.3651740319647054"/>
            <maxpow number="0.3651740319647054"/>
            <fprob>0.0</fprob>
        </actor>
        <actor name="D0N35">
            <wcet number="0">60</wcet>
            <wcet number="1">70</wcet>
            <maxpow number="0.5289112335688146"/>
            <maxpow number="0.5289112335688146"/>
            <fprob>0.0</fprob>
        </actor>
        <actor name="D0N33">
            <wcet number="0">110</wcet>
            <wcet number="1">280</wcet>
            <maxpow number="0.7292903856778019"/>
            <maxpow number="0.7292903856778019"/>
            <fprob>0.0</fprob>
        </actor>
        <actor name="D0N16">
            <wcet number="0">180</wcet>
            <wcet number="1">420</wcet>
            <maxpow number="0.6099262877052143"/>
            <maxpow number="0.6099262877052143"/>
            <fprob>0.0</fprob>
        </actor>
        <actor name="D0N49">
            <wcet number="0">110</wcet>
            <wcet number="1">170</wcet>
            <maxpow number="0.42877304247945286"/>
            <maxpow number="0.42877304247945286"/>
            <fprob>0.0</fprob>
        </actor>
        <actor name="D0N17">
            <wcet number="0">110</wcet>
            <wcet number="1">190</wcet>
            <maxpow number="0.6636448430681028"/>
            <maxpow number="0.6636448430681028"/>
            <fprob>0.0</fprob>
        </actor>
        <actor name="D0N34">
            <wcet number="0">200</wcet>
            <wcet number="1">220</wcet>
            <maxpow number="0.6036726403700874"/>
            <maxpow number="0.6036726403700874"/>
            <fprob>0.0</fprob>
        </actor>
        <actor name="D0N46">
            <wcet number="0">40</wcet>
            <wcet number="1">280</wcet>
            <maxpow number="0.6297011266412449"/>
            <maxpow number="0.6297011266412449"/>
            <fprob>0.0</fprob>
        </actor>
        <actor name="D0N30">
            <wcet number="0">110</wcet>
            <wcet number="1">110</wcet>
            <maxpow number="0.6998576491572439"/>
            <maxpow number="0.6998576491572439"/>
            <fprob>0.0</fprob>
        </actor>
        <actor name="D0N11">
            <wcet number="0">50</wcet>
            <wcet number="1">80</wcet>
            <maxpow number="0.7035856390770803"/>
            <maxpow number="0.7035856390770803"/>
            <fprob>0.0</fprob>
        </actor>
        <actor name="D0N40">
            <wcet number="0">30</wcet>
            <wcet number="1">80</wcet>
            <maxpow number="0.7000429267812732"/>
            <maxpow number="0.7000429267812732"/>
            <fprob>0.0</fprob>
        </actor>
        <actor name="D0N24">
            <wcet number="0">60</wcet>
            <wcet number="1">250</wcet>
            <maxpow number="0.5568774558826984"/>
            <maxpow number="0.5568774558826984"/>
            <fprob>0.0</fprob>
        </actor>
        <actor name="D0N41">
            <wcet number="0">150</wcet>
            <wcet number="1">150</wcet>
            <maxpow number="0.5743259747256982"/>
            <maxpow number="0.5743259747256982"/>
            <fprob>0.0</fprob>
        </actor>
        <actor name="D0N38">
            <wcet number="0">120</wcet>
            <wcet number="1">120</wcet>
            <maxpow number="0.4809558438281508"/>
            <maxpow number="0.4809558438281508"/>
            <fprob>0.0</fprob>
        </actor>
        <actor name="D0N42">
            <wcet number="0">10</wcet>
            <wcet number="1">120</wcet>
            <maxpow number="0.5478588286326569"/>
            <maxpow number="0.5478588286326569"/>
            <fprob>0.0</fprob>
        </actor>
        <actor name="D0N7">
            <wcet number="0">10</wcet>
            <wcet number="1">40</wcet>
            <maxpow number="0.15375779377320686"/>
            <maxpow number="0.15375779377320686"/>
            <fprob>0.0</fprob>
        </actor>
        <actor name="D0N15">
            <wcet number="0">30</wcet>
            <wcet number="1">30</wcet>
            <maxpow number="0.6180150020878825"/>
            <maxpow number="0.6180150020878825"/>
            <fprob>0.0</fprob>
        </actor>
        <actor name="D0N21">
            <wcet number="0">170</wcet>
            <wcet number="1">220</wcet>
            <maxpow number="0.44921603585252445"/>
            <maxpow number="0.44921603585252445"/>
            <fprob>0.0</fprob>
        </actor>
        <actor name="D0N39">
            <wcet number="0">30</wcet>
            <wcet number="1">70</wcet>
            <maxpow number="0.7724799476466325"/>
            <maxpow number="0.7724799476466325"/>
            <fprob>0.0</fprob>
        </actor>
        <actor name="D0N1">
            <wcet number="0">10</wcet>
            <wcet number="1">30</wcet>
            <maxpow number="0.4889385730047649"/>
            <maxpow number="0.4889385730047649"/>
            <fprob>0.0</fprob>
        </actor>
        <actor name="D0N3">
            <wcet number="0">30</wcet>
            <wcet number="1">30</wcet>
            <maxpow number="-0.04860512456981747"/>
            <maxpow number="-0.04860512456981747"/>
            <fprob>0.0</fprob>
        </actor>
        <actor name="D0N19">
            <wcet number="0">10</wcet>
            <wcet number="1">60</wcet>
            <maxpow number="0.5943539797231148"/>
            <maxpow number="0.5943539797231148"/>
            <fprob>0.0</fprob>
        </actor>
        <actor name="D0N8">
            <wcet number="0">20</wcet>
            <wcet number="1">30</wcet>
            <maxpow number="0.9981636504832706"/>
            <maxpow number="0.9981636504832706"/>
            <fprob>0.0</fprob>
        </actor>
        <actor name="D0N6">
            <wcet number="0">30</wcet>
            <wcet number="1">70</wcet>
            <maxpow number="0.24483766965946463"/>
            <maxpow number="0.24483766965946463"/>
            <fprob>0.0</fprob>
        </actor>
        <actor name="D0N22">
            <wcet number="0">170</wcet>
            <wcet number="1">180</wcet>
            <maxpow number="0.3315097996025141"/>
            <maxpow number="0.3315097996025141"/>
            <fprob>0.0</fprob>
        </actor>
        <actor name="D0N9">
            <wcet number="0">30</wcet>
            <wcet number="1">250</wcet>
            <maxpow number="0.6788520025714351"/>
            <maxpow number="0.6788520025714351"/>
            <fprob>0.0</fprob>
        </actor>
        <actor name="D0N0">
            <wcet number="0">30</wcet>
            <wcet number="1">140</wcet>
            <maxpow number="0.5300165390958571"/>
            <maxpow number="0.5300165390958571"/>
            <fprob>0.0</fprob>
        </actor>
        <actor name="D0N14">
            <wcet number="0">30</wcet>
            <wcet number="1">60</wcet>
            <maxpow number="0.49020492769252927"/>
            <maxpow number="0.49020492769252927"/>
            <fprob>0.0</fprob>
        </actor>
        <actor name="D0N13">
            <wcet number="0">100</wcet>
            <wcet number="1">140</wcet>
            <maxpow number="0.42812560317300447"/>
            <maxpow number="0.42812560317300447"/>
            <fprob>0.0</fprob>
        </actor>
        <actor name="D0N12">
            <wcet number="0">10</wcet>
            <wcet number="1">60</wcet>
            <maxpow number="0.4505782344567351"/>
            <maxpow number="0.4505782344567351"/>
            <fprob>0.0</fprob>
        </actor>
        <actor name="D0N45">
            <wcet number="0">20</wcet>
            <wcet number="1">60</wcet>
            <maxpow number="0.5197209474839946"/>
            <maxpow number="0.5197209474839946"/>
            <fprob>0.0</fprob>
        </actor>
        <actor name="D0N26">
            <wcet number="0">100</wcet>
            <wcet number="1">110</wcet>
            <maxpow number="0.4964258921186274"/>
            <maxpow number="0.4964258921186274"/>
            <fprob>0.0</fprob>
        </actor>
        <actor name="D0N36">
            <wcet number="0">60</wcet>
            <wcet number="1">230</wcet>
            <maxpow number="0.7640244637175913"/>
            <maxpow number="0.7640244637175913"/>
            <fprob>0.0</fprob>
        </actor>
        <actor name="D0N48">
            <wcet number="0">20</wcet>
            <wcet number="1">50</wcet>
            <maxpow number="0.7191782571478174"/>
            <maxpow number="0.7191782571478174"/>
            <fprob>0.0</fprob>
        </actor>
        <actor name="D0N31">
            <wcet number="0">290</wcet>
            <wcet number="1">380</wcet>
            <maxpow number="0.6137662618579872"/>
            <maxpow number="0.6137662618579872"/>
            <fprob>0.0</fprob>
        </actor>
        <actor name="D0N47">
            <wcet number="0">20</wcet>
            <wcet number="1">240</wcet>
            <maxpow number="0.6918644225457002"/>
            <maxpow number="0.6918644225457002"/>
            <fprob>0.0</fprob>
        </actor>
        <actor name="D0N32">
            <wcet number="0">70</wcet>
            <wcet number="1">150</wcet>
            <maxpow number="0.6812276849010179"/>
            <maxpow number="0.6812276849010179"/>
            <fprob>0.0</fprob>
        </actor>
        <actor name="D0N18">
            <wcet number="0">130</wcet>
            <wcet number="1">130</wcet>
            <maxpow number="0.625519458942736"/>
            <maxpow number="0.625519458942736"/>
            <fprob>0.0</fprob>
        </actor>
        <actor name="D0N29">
            <wcet number="0">10</wcet>
            <wcet number="1">20</wcet>
            <maxpow number="0.6031716201224169"/>
            <maxpow number="0.6031716201224169"/>
            <fprob>0.0</fprob>
        </actor>
        <actor name="D0N4">
            <wcet number="0">200</wcet>
            <wcet number="1">290</wcet>
            <maxpow number="0.7701396091900301"/>
            <maxpow number="0.7701396091900301"/>
            <fprob>0.0</fprob>
        </actor>
        <actor name="D0N5">
            <wcet number="0">50</wcet>
            <wcet number="1">60</wcet>
            <maxpow number="0.3503028386378771"/>
            <maxpow number="0.3503028386378771"/>
            <fprob>0.0</fprob>
        </actor>
        <actor name="D0N20">
            <wcet number="0">20</wcet>
            <wcet number="1">50</wcet>
            <maxpow number="0.5659328703749364"/>
            <maxpow number="0.5659328703749364"/>
            <fprob>0.0</fprob>
        </actor>
        <actor name="D0N25">
            <wcet number="0">90</wcet>
            <wcet number="1">90</wcet>
            <maxpow number="0.6789328389235822"/>
            <maxpow number="0.6789328389235822"/>
            <fprob>0.0</fprob>
        </actor>
        <actor name="D0N23">
            <wcet number="0">30</wcet>
            <wcet number="1">100</wcet>
            <maxpow number="0.7106705156655992"/>
            <maxpow number="0.7106705156655992"/>
            <fprob>0.0</fprob>
        </actor>
        <actor name="D0N10">
            <wcet number="0">100</wcet>
            <wcet number="1">360</wcet>
            <maxpow number="0.6199717363351925"/>
            <maxpow number="0.6199717363351925"/>
            <fprob>0.0</fprob>
        </actor>
        <actor name="D0N43">
            <wcet number="0">130</wcet>
            <wcet number="1">190</wcet>
            <maxpow number="0.5172464462514565"/>
            <maxpow number="0.5172464462514565"/>
            <fprob>0.0</fprob>
        </actor>
        <ports>
            <port dstActor="D0N45" name="p0" srcActor="D0N44"/>
            <port dstActor="D0N49" name="p1" srcActor="D0N44"/>
            <port dstActor="D0N27" name="p2" srcActor="D0N2"/>
            <port dstActor="D0N21" name="p3" srcActor="D0N2"/>
            <port dstActor="D0N39" name="p4" srcActor="D0N2"/>
            <port dstActor="D0N29" name="p5" srcActor="D0N2"/>
            <port dstActor="D0N17" name="p6" srcActor="D0N2"/>
            <port dstActor="D0N46" name="p7" srcActor="D0N2"/>
            <port dstActor="D0N42" name="p8" srcActor="D0N28"/>
            <port dstActor="D0N37" name="p9" srcActor="D0N28"/>
            <port dstActor="D0N38" name="p10" srcActor="D0N35"/>
            <port dstActor="D0N37" name="p11" srcActor="D0N33"/>
            <port dstActor="D0N46" name="p12" srcActor="D0N33"/>
            <port dstActor="D0N42" name="p13" srcActor="D0N16"/>
            <port dstActor="D0N31" name="p14" srcActor="D0N17"/>
            <port dstActor="D0N32" name="p15" srcActor="D0N17"/>
            <port dstActor="D0N23" name="p16" srcActor="D0N17"/>
            <port dstActor="D0N18" name="p17" srcActor="D0N17"/>
            <port dstActor="D0N33" name="p18" srcActor="D0N17"/>
            <port dstActor="D0N47" name="p19" srcActor="D0N34"/>
            <port dstActor="D0N44" name="p20" srcActor="D0N34"/>
            <port dstActor="D0N49" name="p21" srcActor="D0N34"/>
            <port dstActor="D0N43" name="p22" srcActor="D0N34"/>
            <port dstActor="D0N41" name="p23" srcActor="D0N30"/>
            <port dstActor="D0N44" name="p24" srcActor="D0N11"/>
            <port dstActor="D0N46" name="p25" srcActor="D0N11"/>
            <port dstActor="D0N24" name="p26" srcActor="D0N11"/>
            <port dstActor="D0N16" name="p27" srcActor="D0N11"/>
            <port dstActor="D0N27" name="p28" srcActor="D0N11"/>
            <port dstActor="D0N19" name="p29" srcActor="D0N11"/>
            <port dstActor="D0N36" name="p30" srcActor="D0N11"/>
            <port dstActor="D0N32" name="p31" srcActor="D0N24"/>
            <port dstActor="D0N27" name="p32" srcActor="D0N24"/>
            <port dstActor="D0N28" name="p33" srcActor="D0N24"/>
            <port dstActor="D0N30" name="p34" srcActor="D0N24"/>
            <port dstActor="D0N41" name="p35" srcActor="D0N38"/>
            <port dstActor="D0N42" name="p36" srcActor="D0N38"/>
            <port dstActor="D0N35" name="p37" srcActor="D0N7"/>
            <port dstActor="D0N16" name="p38" srcActor="D0N7"/>
            <port dstActor="D0N22" name="p39" srcActor="D0N15"/>
            <port dstActor="D0N42" name="p40" srcActor="D0N15"/>
            <port dstActor="D0N47" name="p41" srcActor="D0N15"/>
            <port dstActor="D0N23" name="p42" srcActor="D0N15"/>
            <port dstActor="D0N43" name="p43" srcActor="D0N15"/>
            <port dstActor="D0N25" name="p44" srcActor="D0N21"/>
            <port dstActor="D0N36" name="p45" srcActor="D0N21"/>
            <port dstActor="D0N5" name="p46" srcActor="D0N1"/>
            <port dstActor="D0N26" name="p47" srcActor="D0N1"/>
            <port dstActor="D0N46" name="p48" srcActor="D0N3"/>
            <port dstActor="D0N43" name="p49" srcActor="D0N3"/>
            <port dstActor="D0N22" name="p50" srcActor="D0N3"/>
            <port dstActor="D0N31" name="p51" srcActor="D0N3"/>
            <port dstActor="D0N47" name="p52" srcActor="D0N19"/>
            <port dstActor="D0N44" name="p53" srcActor="D0N19"/>
            <port dstActor="D0N45" name="p54" srcActor="D0N19"/>
            <port dstActor="D0N38" name="p55" srcActor="D0N19"/>
            <port dstActor="D0N38" name="p56" srcActor="D0N8"/>
            <port dstActor="D0N20" name="p57" srcActor="D0N8"/>
            <port dstActor="D0N23" name="p58" srcActor="D0N8"/>
            <port dstActor="D0N31" name="p59" srcActor="D0N8"/>
            <port dstActor="D0N29" name="p60" srcActor="D0N8"/>
            <port dstActor="D0N27" name="p61" srcActor="D0N6"/>
            <port dstActor="D0N42" name="p62" srcActor="D0N6"/>
            <port dstActor="D0N46" name="p63" srcActor="D0N6"/>
            <port dstActor="D0N23" name="p64" srcActor="D0N6"/>
            <port dstActor="D0N22" name="p65" srcActor="D0N6"/>
            <port dstActor="D0N42" name="p66" srcActor="D0N22"/>
            <port dstActor="D0N44" name="p67" srcActor="D0N22"/>
            <port dstActor="D0N40" name="p68" srcActor="D0N22"/>
            <port dstActor="D0N14" name="p69" srcActor="D0N9"/>
            <port dstActor="D0N15" name="p70" srcActor="D0N9"/>
            <port dstActor="D0N37" name="p71" srcActor="D0N9"/>
            <port dstActor="D0N17" name="p72" srcActor="D0N9"/>
            <port dstActor="D0N40" name="p73" srcActor="D0N0"/>
            <port dstActor="D0N24" name="p74" srcActor="D0N14"/>
            <port dstActor="D0N39" name="p75" srcActor="D0N14"/>
            <port dstActor="D0N32" name="p76" srcActor="D0N14"/>
            <port dstActor="D0N26" name="p77" srcActor="D0N14"/>
            <port dstActor="D0N29" name="p78" srcActor="D0N14"/>
            <port dstActor="D0N48" name="p79" srcActor="D0N13"/>
            <port dstActor="D0N34" name="p80" srcActor="D0N13"/>
            <port dstActor="D0N36" name="p81" srcActor="D0N13"/>
            <port dstActor="D0N19" name="p82" srcActor="D0N13"/>
            <port dstActor="D0N32" name="p83" srcActor="D0N12"/>
            <port dstActor="D0N26" name="p84" srcActor="D0N12"/>
            <port dstActor="D0N21" name="p85" srcActor="D0N12"/>
            <port dstActor="D0N40" name="p86" srcActor="D0N12"/>
            <port dstActor="D0N18" name="p87" srcActor="D0N12"/>
            <port dstActor="D0N29" name="p88" srcActor="D0N12"/>
            <port dstActor="D0N27" name="p89" srcActor="D0N26"/>
            <port dstActor="D0N40" name="p90" srcActor="D0N26"/>
            <port dstActor="D0N31" name="p91" srcActor="D0N26"/>
            <port dstActor="D0N43" name="p92" srcActor="D0N36"/>
            <port dstActor="D0N39" name="p93" srcActor="D0N36"/>
            <port dstActor="D0N48" name="p94" srcActor="D0N31"/>
            <port dstActor="D0N44" name="p95" srcActor="D0N31"/>
            <port dstActor="D0N45" name="p96" srcActor="D0N31"/>
            <port dstActor="D0N37" name="p97" srcActor="D0N32"/>
            <port dstActor="D0N32" name="p98" srcActor="D0N18"/>
            <port dstActor="D0N47" name="p99" srcActor="D0N18"/>
            <port dstActor="D0N27" name="p100" srcActor="D0N18"/>
            <port dstActor="D0N45" name="p101" srcActor="D0N29"/>
            <port dstActor="D0N46" name="p102" srcActor="D0N29"/>
            <port dstActor="D0N17" name="p103" srcActor="D0N4"/>
            <port dstActor="D0N5" name="p104" srcActor="D0N4"/>
            <port dstActor="D0N47" name="p105" srcActor="D0N4"/>
            <port dstActor="D0N48" name="p106" srcActor="D0N5"/>
            <port dstActor="D0N8" name="p107" srcActor="D0N5"/>
            <port dstActor="D0N25" name="p108" srcActor="D0N5"/>
            <port dstActor="D0N34" name="p109" srcActor="D0N5"/>
            <port dstActor="D0N41" name="p110" srcActor="D0N20"/>
            <port dstActor="D0N21" name="p111" srcActor="D0N20"/>
            <port dstActor="D0N37" name="p112" srcActor="D0N20"/>
            <port dstActor="D0N38" name="p113" srcActor="D0N20"/>
            <port dstActor="D0N45" name="p114" srcActor="D0N25"/>
            <port dstActor="D0N36" name="p115" srcActor="D0N23"/>
            <port dstActor="D0N39" name="p116" srcActor="D0N23"/>
            <port dstActor="D0N31" name="p117" srcActor="D0N23"/>
            <port dstActor="D0N42" name="p118" srcActor="D0N23"/>
            <port dstActor="D0N43" name="p119" srcActor="D0N10"/>
            <port dstActor="D0N40" name="p120" srcActor="D0N10"/>
            <port dstActor="D0N15" name="p121" srcActor="D0N10"/>
            <port dstActor="D0N42" name="p122" srcActor="D0N10"/>
            <port dstActor="D0N29" name="p123" srcActor="D0N10"/>
            <port dstActor="D0N37" name="p124" srcActor="D0N10"/>
            <port dstActor="D0N48" name="p125" srcActor="D0N43"/>
        </ports>
    </mcdag>
    <cores number="3"/>
    <levels number="2"/>
</mcsystem>
