<?xml version="1.0" encoding="UTF-8" standalone="no"?>
<mcsystem>
    <mcdag deadline="1500" name="genned-0-ed-10.0-0">
        <actor name="D0N29">
            <wcet number="0">50</wcet>
            <wcet number="1">50</wcet>
            <maxpow number="0.5951933684683759"/>
            <maxpow number="0.5951933684683759"/>
            <fprob>0.0</fprob>
        </actor>
        <actor name="D0N20">
            <wcet number="0">60</wcet>
            <wcet number="1">60</wcet>
            <maxpow number="0.3310584751857376"/>
            <maxpow number="0.3310584751857376"/>
            <fprob>0.0</fprob>
        </actor>
        <actor name="D0N21">
            <wcet number="0">20</wcet>
            <wcet number="1">20</wcet>
            <maxpow number="0.44959879648137135"/>
            <maxpow number="0.44959879648137135"/>
            <fprob>0.0</fprob>
        </actor>
        <actor name="D0N30">
            <wcet number="0">10</wcet>
            <wcet number="1">10</wcet>
            <maxpow number="0.5413799442434737"/>
            <maxpow number="0.5413799442434737"/>
            <fprob>0.0</fprob>
        </actor>
        <actor name="D0N9">
            <wcet number="0">10</wcet>
            <wcet number="1">60</wcet>
            <maxpow number="0.5888080510822751"/>
            <maxpow number="0.5888080510822751"/>
            <fprob>0.0</fprob>
        </actor>
        <actor name="D0N38">
            <wcet number="0">10</wcet>
            <wcet number="1">20</wcet>
            <maxpow number="0.6938621963920475"/>
            <maxpow number="0.6938621963920475"/>
            <fprob>0.0</fprob>
        </actor>
        <actor name="D0N14">
            <wcet number="0">50</wcet>
            <wcet number="1">80</wcet>
            <maxpow number="0.5586626881325426"/>
            <maxpow number="0.5586626881325426"/>
            <fprob>0.0</fprob>
        </actor>
        <actor name="D0N41">
            <wcet number="0">10</wcet>
            <wcet number="1">20</wcet>
            <maxpow number="0.4946076956665576"/>
            <maxpow number="0.4946076956665576"/>
            <fprob>0.0</fprob>
        </actor>
        <actor name="D0N27">
            <wcet number="0">20</wcet>
            <wcet number="1">110</wcet>
            <maxpow number="0.8366137260655118"/>
            <maxpow number="0.8366137260655118"/>
            <fprob>0.0</fprob>
        </actor>
        <actor name="D0N1">
            <wcet number="0">30</wcet>
            <wcet number="1">50</wcet>
            <maxpow number="0.37228279697451716"/>
            <maxpow number="0.37228279697451716"/>
            <fprob>0.0</fprob>
        </actor>
        <actor name="D0N34">
            <wcet number="0">50</wcet>
            <wcet number="1">150</wcet>
            <maxpow number="0.8080190605535514"/>
            <maxpow number="0.8080190605535514"/>
            <fprob>0.0</fprob>
        </actor>
        <actor name="D0N17">
            <wcet number="0">70</wcet>
            <wcet number="1">100</wcet>
            <maxpow number="0.2673820251235239"/>
            <maxpow number="0.2673820251235239"/>
            <fprob>0.0</fprob>
        </actor>
        <actor name="D0N35">
            <wcet number="0">80</wcet>
            <wcet number="1">150</wcet>
            <maxpow number="0.47288793119930694"/>
            <maxpow number="0.47288793119930694"/>
            <fprob>0.0</fprob>
        </actor>
        <actor name="D0N15">
            <wcet number="0">40</wcet>
            <wcet number="1">60</wcet>
            <maxpow number="0.4867165359227541"/>
            <maxpow number="0.4867165359227541"/>
            <fprob>0.0</fprob>
        </actor>
        <actor name="D0N43">
            <wcet number="0">10</wcet>
            <wcet number="1">10</wcet>
            <maxpow number="0.43512648795927034"/>
            <maxpow number="0.43512648795927034"/>
            <fprob>0.0</fprob>
        </actor>
        <actor name="D0N7">
            <wcet number="0">30</wcet>
            <wcet number="1">30</wcet>
            <maxpow number="0.2211679626592275"/>
            <maxpow number="0.2211679626592275"/>
            <fprob>0.0</fprob>
        </actor>
        <actor name="D0N22">
            <wcet number="0">60</wcet>
            <wcet number="1">80</wcet>
            <maxpow number="0.5453522528824694"/>
            <maxpow number="0.5453522528824694"/>
            <fprob>0.0</fprob>
        </actor>
        <actor name="D0N33">
            <wcet number="0">10</wcet>
            <wcet number="1">10</wcet>
            <maxpow number="0.6442936076670795"/>
            <maxpow number="0.6442936076670795"/>
            <fprob>0.0</fprob>
        </actor>
        <actor name="D0N4">
            <wcet number="0">30</wcet>
            <wcet number="1">70</wcet>
            <maxpow number="0.2906634302401383"/>
            <maxpow number="0.2906634302401383"/>
            <fprob>0.0</fprob>
        </actor>
        <actor name="D0N19">
            <wcet number="0">10</wcet>
            <wcet number="1">40</wcet>
            <maxpow number="0.4834226629670074"/>
            <maxpow number="0.4834226629670074"/>
            <fprob>0.0</fprob>
        </actor>
        <actor name="D0N0">
            <wcet number="0">30</wcet>
            <wcet number="1">40</wcet>
            <maxpow number="0.6067947997248244"/>
            <maxpow number="0.6067947997248244"/>
            <fprob>0.0</fprob>
        </actor>
        <actor name="D0N10">
            <wcet number="0">10</wcet>
            <wcet number="1">10</wcet>
            <maxpow number="0.6071490775578298"/>
            <maxpow number="0.6071490775578298"/>
            <fprob>0.0</fprob>
        </actor>
        <actor name="D0N8">
            <wcet number="0">10</wcet>
            <wcet number="1">30</wcet>
            <maxpow number="0.6534961066022817"/>
            <maxpow number="0.6534961066022817"/>
            <fprob>0.0</fprob>
        </actor>
        <actor name="D0N40">
            <wcet number="0">10</wcet>
            <wcet number="1">10</wcet>
            <maxpow number="0.32025999486392687"/>
            <maxpow number="0.32025999486392687"/>
            <fprob>0.0</fprob>
        </actor>
        <actor name="D0N2">
            <wcet number="0">130</wcet>
            <wcet number="1">140</wcet>
            <maxpow number="0.7588968090894022"/>
            <maxpow number="0.7588968090894022"/>
            <fprob>0.0</fprob>
        </actor>
        <actor name="D0N13">
            <wcet number="0">50</wcet>
            <wcet number="1">80</wcet>
            <maxpow number="0.3295782865199888"/>
            <maxpow number="0.3295782865199888"/>
            <fprob>0.0</fprob>
        </actor>
        <actor name="D0N45">
            <wcet number="0">70</wcet>
            <wcet number="1">260</wcet>
            <maxpow number="0.5977673993597412"/>
            <maxpow number="0.5977673993597412"/>
            <fprob>0.0</fprob>
        </actor>
        <actor name="D0N23">
            <wcet number="0">10</wcet>
            <wcet number="1">40</wcet>
            <maxpow number="0.6264214570926396"/>
            <maxpow number="0.6264214570926396"/>
            <fprob>0.0</fprob>
        </actor>
        <actor name="D0N39">
            <wcet number="0">30</wcet>
            <wcet number="1">90</wcet>
            <maxpow number="0.6694323467325608"/>
            <maxpow number="0.6694323467325608"/>
            <fprob>0.0</fprob>
        </actor>
        <actor name="D0N44">
            <wcet number="0">10</wcet>
            <wcet number="1">10</wcet>
            <maxpow number="0.6638152414683699"/>
            <maxpow number="0.6638152414683699"/>
            <fprob>0.0</fprob>
        </actor>
        <actor name="D0N16">
            <wcet number="0">250</wcet>
            <wcet number="1">250</wcet>
            <maxpow number="0.4264447610367775"/>
            <maxpow number="0.4264447610367775"/>
            <fprob>0.0</fprob>
        </actor>
        <actor name="D0N3">
            <wcet number="0">20</wcet>
            <wcet number="1">30</wcet>
            <maxpow number="0.5778357011159162"/>
            <maxpow number="0.5778357011159162"/>
            <fprob>0.0</fprob>
        </actor>
        <actor name="D0N28">
            <wcet number="0">20</wcet>
            <wcet number="1">60</wcet>
            <maxpow number="0.504504626319895"/>
            <maxpow number="0.504504626319895"/>
            <fprob>0.0</fprob>
        </actor>
        <actor name="D0N37">
            <wcet number="0">100</wcet>
            <wcet number="1">110</wcet>
            <maxpow number="0.4830341010737942"/>
            <maxpow number="0.4830341010737942"/>
            <fprob>0.0</fprob>
        </actor>
        <actor name="D0N12">
            <wcet number="0">10</wcet>
            <wcet number="1">60</wcet>
            <maxpow number="0.6073066184473797"/>
            <maxpow number="0.6073066184473797"/>
            <fprob>0.0</fprob>
        </actor>
        <actor name="D0N25">
            <wcet number="0">10</wcet>
            <wcet number="1">30</wcet>
            <maxpow number="0.5496280459681647"/>
            <maxpow number="0.5496280459681647"/>
            <fprob>0.0</fprob>
        </actor>
        <actor name="D0N42">
            <wcet number="0">30</wcet>
            <wcet number="1">40</wcet>
            <maxpow number="0.7073570405322207"/>
            <maxpow number="0.7073570405322207"/>
            <fprob>0.0</fprob>
        </actor>
        <actor name="D0N18">
            <wcet number="0">10</wcet>
            <wcet number="1">40</wcet>
            <maxpow number="0.46908076931750464"/>
            <maxpow number="0.46908076931750464"/>
            <fprob>0.0</fprob>
        </actor>
        <actor name="D0N6">
            <wcet number="0">30</wcet>
            <wcet number="1">110</wcet>
            <maxpow number="0.45952602164141704"/>
            <maxpow number="0.45952602164141704"/>
            <fprob>0.0</fprob>
        </actor>
        <actor name="D0N32">
            <wcet number="0">50</wcet>
            <wcet number="1">90</wcet>
            <maxpow number="0.7224068331426166"/>
            <maxpow number="0.7224068331426166"/>
            <fprob>0.0</fprob>
        </actor>
        <actor name="D0N26">
            <wcet number="0">10</wcet>
            <wcet number="1">10</wcet>
            <maxpow number="0.5867889954886593"/>
            <maxpow number="0.5867889954886593"/>
            <fprob>0.0</fprob>
        </actor>
        <actor name="D0N24">
            <wcet number="0">30</wcet>
            <wcet number="1">30</wcet>
            <maxpow number="0.3987036789614521"/>
            <maxpow number="0.3987036789614521"/>
            <fprob>0.0</fprob>
        </actor>
        <actor name="D0N5">
            <wcet number="0">100</wcet>
            <wcet number="1">120</wcet>
            <maxpow number="0.5931094471201385"/>
            <maxpow number="0.5931094471201385"/>
            <fprob>0.0</fprob>
        </actor>
        <actor name="D0N31">
            <wcet number="0">40</wcet>
            <wcet number="1">60</wcet>
            <maxpow number="0.9107326621735143"/>
            <maxpow number="0.9107326621735143"/>
            <fprob>0.0</fprob>
        </actor>
        <actor name="D0N11">
            <wcet number="0">30</wcet>
            <wcet number="1">120</wcet>
            <maxpow number="0.4961618548964066"/>
            <maxpow number="0.4961618548964066"/>
            <fprob>0.0</fprob>
        </actor>
        <actor name="D0N36">
            <wcet number="0">90</wcet>
            <wcet number="1">100</wcet>
            <maxpow number="0.24092240364929257"/>
            <maxpow number="0.24092240364929257"/>
            <fprob>0.0</fprob>
        </actor>
        <ports>
            <port dstActor="D0N45" name="p0" srcActor="D0N29"/>
            <port dstActor="D0N27" name="p1" srcActor="D0N20"/>
            <port dstActor="D0N36" name="p2" srcActor="D0N20"/>
            <port dstActor="D0N41" name="p3" srcActor="D0N20"/>
            <port dstActor="D0N25" name="p4" srcActor="D0N21"/>
            <port dstActor="D0N29" name="p5" srcActor="D0N21"/>
            <port dstActor="D0N24" name="p6" srcActor="D0N21"/>
            <port dstActor="D0N32" name="p7" srcActor="D0N21"/>
            <port dstActor="D0N37" name="p8" srcActor="D0N21"/>
            <port dstActor="D0N43" name="p9" srcActor="D0N21"/>
            <port dstActor="D0N35" name="p10" srcActor="D0N30"/>
            <port dstActor="D0N44" name="p11" srcActor="D0N9"/>
            <port dstActor="D0N10" name="p12" srcActor="D0N9"/>
            <port dstActor="D0N26" name="p13" srcActor="D0N9"/>
            <port dstActor="D0N15" name="p14" srcActor="D0N9"/>
            <port dstActor="D0N17" name="p15" srcActor="D0N14"/>
            <port dstActor="D0N37" name="p16" srcActor="D0N14"/>
            <port dstActor="D0N29" name="p17" srcActor="D0N14"/>
            <port dstActor="D0N43" name="p18" srcActor="D0N14"/>
            <port dstActor="D0N31" name="p19" srcActor="D0N27"/>
            <port dstActor="D0N29" name="p20" srcActor="D0N27"/>
            <port dstActor="D0N22" name="p21" srcActor="D0N1"/>
            <port dstActor="D0N17" name="p22" srcActor="D0N1"/>
            <port dstActor="D0N10" name="p23" srcActor="D0N1"/>
            <port dstActor="D0N38" name="p24" srcActor="D0N1"/>
            <port dstActor="D0N8" name="p25" srcActor="D0N1"/>
            <port dstActor="D0N19" name="p26" srcActor="D0N17"/>
            <port dstActor="D0N20" name="p27" srcActor="D0N17"/>
            <port dstActor="D0N31" name="p28" srcActor="D0N17"/>
            <port dstActor="D0N40" name="p29" srcActor="D0N35"/>
            <port dstActor="D0N20" name="p30" srcActor="D0N15"/>
            <port dstActor="D0N28" name="p31" srcActor="D0N15"/>
            <port dstActor="D0N21" name="p32" srcActor="D0N15"/>
            <port dstActor="D0N12" name="p33" srcActor="D0N7"/>
            <port dstActor="D0N15" name="p34" srcActor="D0N7"/>
            <port dstActor="D0N30" name="p35" srcActor="D0N7"/>
            <port dstActor="D0N38" name="p36" srcActor="D0N7"/>
            <port dstActor="D0N26" name="p37" srcActor="D0N7"/>
            <port dstActor="D0N39" name="p38" srcActor="D0N7"/>
            <port dstActor="D0N28" name="p39" srcActor="D0N7"/>
            <port dstActor="D0N8" name="p40" srcActor="D0N7"/>
            <port dstActor="D0N41" name="p41" srcActor="D0N7"/>
            <port dstActor="D0N22" name="p42" srcActor="D0N7"/>
            <port dstActor="D0N31" name="p43" srcActor="D0N22"/>
            <port dstActor="D0N33" name="p44" srcActor="D0N22"/>
            <port dstActor="D0N39" name="p45" srcActor="D0N4"/>
            <port dstActor="D0N26" name="p46" srcActor="D0N4"/>
            <port dstActor="D0N36" name="p47" srcActor="D0N4"/>
            <port dstActor="D0N13" name="p48" srcActor="D0N4"/>
            <port dstActor="D0N43" name="p49" srcActor="D0N19"/>
            <port dstActor="D0N10" name="p50" srcActor="D0N0"/>
            <port dstActor="D0N29" name="p51" srcActor="D0N0"/>
            <port dstActor="D0N23" name="p52" srcActor="D0N0"/>
            <port dstActor="D0N33" name="p53" srcActor="D0N0"/>
            <port dstActor="D0N17" name="p54" srcActor="D0N10"/>
            <port dstActor="D0N31" name="p55" srcActor="D0N10"/>
            <port dstActor="D0N34" name="p56" srcActor="D0N10"/>
            <port dstActor="D0N28" name="p57" srcActor="D0N8"/>
            <port dstActor="D0N16" name="p58" srcActor="D0N8"/>
            <port dstActor="D0N18" name="p59" srcActor="D0N8"/>
            <port dstActor="D0N36" name="p60" srcActor="D0N8"/>
            <port dstActor="D0N45" name="p61" srcActor="D0N40"/>
            <port dstActor="D0N14" name="p62" srcActor="D0N2"/>
            <port dstActor="D0N13" name="p63" srcActor="D0N2"/>
            <port dstActor="D0N3" name="p64" srcActor="D0N2"/>
            <port dstActor="D0N35" name="p65" srcActor="D0N2"/>
            <port dstActor="D0N4" name="p66" srcActor="D0N2"/>
            <port dstActor="D0N18" name="p67" srcActor="D0N2"/>
            <port dstActor="D0N20" name="p68" srcActor="D0N2"/>
            <port dstActor="D0N37" name="p69" srcActor="D0N13"/>
            <port dstActor="D0N45" name="p70" srcActor="D0N13"/>
            <port dstActor="D0N24" name="p71" srcActor="D0N13"/>
            <port dstActor="D0N43" name="p72" srcActor="D0N13"/>
            <port dstActor="D0N29" name="p73" srcActor="D0N13"/>
            <port dstActor="D0N36" name="p74" srcActor="D0N23"/>
            <port dstActor="D0N33" name="p75" srcActor="D0N23"/>
            <port dstActor="D0N29" name="p76" srcActor="D0N23"/>
            <port dstActor="D0N38" name="p77" srcActor="D0N23"/>
            <port dstActor="D0N35" name="p78" srcActor="D0N3"/>
            <port dstActor="D0N39" name="p79" srcActor="D0N3"/>
            <port dstActor="D0N16" name="p80" srcActor="D0N3"/>
            <port dstActor="D0N18" name="p81" srcActor="D0N12"/>
            <port dstActor="D0N14" name="p82" srcActor="D0N12"/>
            <port dstActor="D0N21" name="p83" srcActor="D0N12"/>
            <port dstActor="D0N24" name="p84" srcActor="D0N12"/>
            <port dstActor="D0N26" name="p85" srcActor="D0N12"/>
            <port dstActor="D0N40" name="p86" srcActor="D0N25"/>
            <port dstActor="D0N45" name="p87" srcActor="D0N25"/>
            <port dstActor="D0N34" name="p88" srcActor="D0N18"/>
            <port dstActor="D0N29" name="p89" srcActor="D0N18"/>
            <port dstActor="D0N21" name="p90" srcActor="D0N18"/>
            <port dstActor="D0N36" name="p91" srcActor="D0N18"/>
            <port dstActor="D0N45" name="p92" srcActor="D0N18"/>
            <port dstActor="D0N33" name="p93" srcActor="D0N18"/>
            <port dstActor="D0N10" name="p94" srcActor="D0N6"/>
            <port dstActor="D0N9" name="p95" srcActor="D0N6"/>
            <port dstActor="D0N13" name="p96" srcActor="D0N6"/>
            <port dstActor="D0N21" name="p97" srcActor="D0N6"/>
            <port dstActor="D0N27" name="p98" srcActor="D0N6"/>
            <port dstActor="D0N42" name="p99" srcActor="D0N32"/>
            <port dstActor="D0N27" name="p100" srcActor="D0N24"/>
            <port dstActor="D0N42" name="p101" srcActor="D0N24"/>
            <port dstActor="D0N45" name="p102" srcActor="D0N24"/>
            <port dstActor="D0N28" name="p103" srcActor="D0N24"/>
            <port dstActor="D0N16" name="p104" srcActor="D0N5"/>
            <port dstActor="D0N9" name="p105" srcActor="D0N5"/>
            <port dstActor="D0N11" name="p106" srcActor="D0N5"/>
            <port dstActor="D0N31" name="p107" srcActor="D0N5"/>
            <port dstActor="D0N30" name="p108" srcActor="D0N5"/>
            <port dstActor="D0N40" name="p109" srcActor="D0N31"/>
            <port dstActor="D0N45" name="p110" srcActor="D0N31"/>
            <port dstActor="D0N13" name="p111" srcActor="D0N11"/>
            <port dstActor="D0N35" name="p112" srcActor="D0N11"/>
            <port dstActor="D0N38" name="p113" srcActor="D0N11"/>
            <port dstActor="D0N15" name="p114" srcActor="D0N11"/>
            <port dstActor="D0N17" name="p115" srcActor="D0N11"/>
            <port dstActor="D0N39" name="p116" srcActor="D0N36"/>
            <port dstActor="D0N45" name="p117" srcActor="D0N36"/>
        </ports>
    </mcdag>
    <cores number="3"/>
    <levels number="2"/>
</mcsystem>
