<?xml version="1.0" encoding="UTF-8" standalone="no"?>
<mcsystem>
    <mcdag deadline="1200" name="genned-0-ed-10.0-0">
        <actor name="D0N1">
            <wcet number="0">10</wcet>
            <wcet number="1">10</wcet>
            <maxpow number="0.2166992911931781"/>
            <maxpow number="0.2166992911931781"/>
            <fprob>0.0</fprob>
        </actor>
        <actor name="D0N11">
            <wcet number="0">20</wcet>
            <wcet number="1">40</wcet>
            <maxpow number="0.7160783976608881"/>
            <maxpow number="0.7160783976608881"/>
            <fprob>0.0</fprob>
        </actor>
        <actor name="D0N23">
            <wcet number="0">10</wcet>
            <wcet number="1">50</wcet>
            <maxpow number="0.2073092511678601"/>
            <maxpow number="0.2073092511678601"/>
            <fprob>0.0</fprob>
        </actor>
        <actor name="D0N31">
            <wcet number="0">90</wcet>
            <wcet number="1">90</wcet>
            <maxpow number="0.5639095052850219"/>
            <maxpow number="0.5639095052850219"/>
            <fprob>0.0</fprob>
        </actor>
        <actor name="D0N3">
            <wcet number="0">10</wcet>
            <wcet number="1">10</wcet>
            <maxpow number="0.726566304221587"/>
            <maxpow number="0.726566304221587"/>
            <fprob>0.0</fprob>
        </actor>
        <actor name="D0N33">
            <wcet number="0">80</wcet>
            <wcet number="1">390</wcet>
            <maxpow number="0.5972765733094096"/>
            <maxpow number="0.5972765733094096"/>
            <fprob>0.0</fprob>
        </actor>
        <actor name="D0N32">
            <wcet number="0">20</wcet>
            <wcet number="1">170</wcet>
            <maxpow number="0.480949936503245"/>
            <maxpow number="0.480949936503245"/>
            <fprob>0.0</fprob>
        </actor>
        <actor name="D0N4">
            <wcet number="0">10</wcet>
            <wcet number="1">10</wcet>
            <maxpow number="0.40069642013604845"/>
            <maxpow number="0.40069642013604845"/>
            <fprob>0.0</fprob>
        </actor>
        <actor name="D0N37">
            <wcet number="0">50</wcet>
            <wcet number="1">50</wcet>
            <maxpow number="0.2409996846111923"/>
            <maxpow number="0.2409996846111923"/>
            <fprob>0.0</fprob>
        </actor>
        <actor name="D0N40">
            <wcet number="0">20</wcet>
            <wcet number="1">20</wcet>
            <maxpow number="0.374316124805555"/>
            <maxpow number="0.374316124805555"/>
            <fprob>0.0</fprob>
        </actor>
        <actor name="D0N12">
            <wcet number="0">60</wcet>
            <wcet number="1">80</wcet>
            <maxpow number="0.3167416732599173"/>
            <maxpow number="0.3167416732599173"/>
            <fprob>0.0</fprob>
        </actor>
        <actor name="D0N27">
            <wcet number="0">10</wcet>
            <wcet number="1">30</wcet>
            <maxpow number="0.5008811989543944"/>
            <maxpow number="0.5008811989543944"/>
            <fprob>0.0</fprob>
        </actor>
        <actor name="D0N8">
            <wcet number="0">10</wcet>
            <wcet number="1">10</wcet>
            <maxpow number="0.4537327893775027"/>
            <maxpow number="0.4537327893775027"/>
            <fprob>0.0</fprob>
        </actor>
        <actor name="D0N7">
            <wcet number="0">60</wcet>
            <wcet number="1">80</wcet>
            <maxpow number="0.6397168644101278"/>
            <maxpow number="0.6397168644101278"/>
            <fprob>0.0</fprob>
        </actor>
        <actor name="D0N26">
            <wcet number="0">60</wcet>
            <wcet number="1">70</wcet>
            <maxpow number="0.49214015065406874"/>
            <maxpow number="0.49214015065406874"/>
            <fprob>0.0</fprob>
        </actor>
        <actor name="D0N9">
            <wcet number="0">150</wcet>
            <wcet number="1">180</wcet>
            <maxpow number="0.3680812103596516"/>
            <maxpow number="0.3680812103596516"/>
            <fprob>0.0</fprob>
        </actor>
        <actor name="D0N36">
            <wcet number="0">50</wcet>
            <wcet number="1">60</wcet>
            <maxpow number="0.5550213490887317"/>
            <maxpow number="0.5550213490887317"/>
            <fprob>0.0</fprob>
        </actor>
        <actor name="D0N38">
            <wcet number="0">30</wcet>
            <wcet number="1">30</wcet>
            <maxpow number="0.4627128171220354"/>
            <maxpow number="0.4627128171220354"/>
            <fprob>0.0</fprob>
        </actor>
        <actor name="D0N13">
            <wcet number="0">10</wcet>
            <wcet number="1">10</wcet>
            <maxpow number="0.49307037799124215"/>
            <maxpow number="0.49307037799124215"/>
            <fprob>0.0</fprob>
        </actor>
        <actor name="D0N35">
            <wcet number="0">30</wcet>
            <wcet number="1">40</wcet>
            <maxpow number="0.00602051133544057"/>
            <maxpow number="0.00602051133544057"/>
            <fprob>0.0</fprob>
        </actor>
        <actor name="D0N25">
            <wcet number="0">20</wcet>
            <wcet number="1">20</wcet>
            <maxpow number="0.49688029851759563"/>
            <maxpow number="0.49688029851759563"/>
            <fprob>0.0</fprob>
        </actor>
        <actor name="D0N28">
            <wcet number="0">20</wcet>
            <wcet number="1">120</wcet>
            <maxpow number="0.17728235671434567"/>
            <maxpow number="0.17728235671434567"/>
            <fprob>0.0</fprob>
        </actor>
        <actor name="D0N29">
            <wcet number="0">10</wcet>
            <wcet number="1">30</wcet>
            <maxpow number="0.43974188963570493"/>
            <maxpow number="0.43974188963570493"/>
            <fprob>0.0</fprob>
        </actor>
        <actor name="D0N21">
            <wcet number="0">30</wcet>
            <wcet number="1">100</wcet>
            <maxpow number="0.2691020243869111"/>
            <maxpow number="0.2691020243869111"/>
            <fprob>0.0</fprob>
        </actor>
        <actor name="D0N17">
            <wcet number="0">70</wcet>
            <wcet number="1">80</wcet>
            <maxpow number="0.5390490062760678"/>
            <maxpow number="0.5390490062760678"/>
            <fprob>0.0</fprob>
        </actor>
        <actor name="D0N6">
            <wcet number="0">10</wcet>
            <wcet number="1">10</wcet>
            <maxpow number="0.5990445976999669"/>
            <maxpow number="0.5990445976999669"/>
            <fprob>0.0</fprob>
        </actor>
        <actor name="D0N2">
            <wcet number="0">10</wcet>
            <wcet number="1">30</wcet>
            <maxpow number="0.5415217186608803"/>
            <maxpow number="0.5415217186608803"/>
            <fprob>0.0</fprob>
        </actor>
        <actor name="D0N22">
            <wcet number="0">30</wcet>
            <wcet number="1">70</wcet>
            <maxpow number="0.6135109144211576"/>
            <maxpow number="0.6135109144211576"/>
            <fprob>0.0</fprob>
        </actor>
        <actor name="D0N43">
            <wcet number="0">10</wcet>
            <wcet number="1">10</wcet>
            <maxpow number="0.48908789792505897"/>
            <maxpow number="0.48908789792505897"/>
            <fprob>0.0</fprob>
        </actor>
        <actor name="D0N0">
            <wcet number="0">10</wcet>
            <wcet number="1">10</wcet>
            <maxpow number="0.6387081174567567"/>
            <maxpow number="0.6387081174567567"/>
            <fprob>0.0</fprob>
        </actor>
        <actor name="D0N34">
            <wcet number="0">70</wcet>
            <wcet number="1">80</wcet>
            <maxpow number="0.15984953944929375"/>
            <maxpow number="0.15984953944929375"/>
            <fprob>0.0</fprob>
        </actor>
        <actor name="D0N44">
            <wcet number="0">50</wcet>
            <wcet number="1">50</wcet>
            <maxpow number="0.4661006327100559"/>
            <maxpow number="0.4661006327100559"/>
            <fprob>0.0</fprob>
        </actor>
        <actor name="D0N30">
            <wcet number="0">40</wcet>
            <wcet number="1">90</wcet>
            <maxpow number="0.5443893075367543"/>
            <maxpow number="0.5443893075367543"/>
            <fprob>0.0</fprob>
        </actor>
        <actor name="D0N14">
            <wcet number="0">10</wcet>
            <wcet number="1">50</wcet>
            <maxpow number="0.4194407391388719"/>
            <maxpow number="0.4194407391388719"/>
            <fprob>0.0</fprob>
        </actor>
        <actor name="D0N20">
            <wcet number="0">20</wcet>
            <wcet number="1">20</wcet>
            <maxpow number="0.5426017840747817"/>
            <maxpow number="0.5426017840747817"/>
            <fprob>0.0</fprob>
        </actor>
        <actor name="D0N18">
            <wcet number="0">10</wcet>
            <wcet number="1">10</wcet>
            <maxpow number="0.5190353653317399"/>
            <maxpow number="0.5190353653317399"/>
            <fprob>0.0</fprob>
        </actor>
        <actor name="D0N15">
            <wcet number="0">20</wcet>
            <wcet number="1">30</wcet>
            <maxpow number="0.6621869475378622"/>
            <maxpow number="0.6621869475378622"/>
            <fprob>0.0</fprob>
        </actor>
        <actor name="D0N42">
            <wcet number="0">10</wcet>
            <wcet number="1">10</wcet>
            <maxpow number="0.7841496855919848"/>
            <maxpow number="0.7841496855919848"/>
            <fprob>0.0</fprob>
        </actor>
        <actor name="D0N24">
            <wcet number="0">20</wcet>
            <wcet number="1">30</wcet>
            <maxpow number="0.6223254499783825"/>
            <maxpow number="0.6223254499783825"/>
            <fprob>0.0</fprob>
        </actor>
        <actor name="D0N39">
            <wcet number="0">10</wcet>
            <wcet number="1">10</wcet>
            <maxpow number="0.4587548400184397"/>
            <maxpow number="0.4587548400184397"/>
            <fprob>0.0</fprob>
        </actor>
        <actor name="D0N16">
            <wcet number="0">20</wcet>
            <wcet number="1">60</wcet>
            <maxpow number="0.4597740646587083"/>
            <maxpow number="0.4597740646587083"/>
            <fprob>0.0</fprob>
        </actor>
        <actor name="D0N19">
            <wcet number="0">30</wcet>
            <wcet number="1">30</wcet>
            <maxpow number="0.28520855392846794"/>
            <maxpow number="0.28520855392846794"/>
            <fprob>0.0</fprob>
        </actor>
        <actor name="D0N5">
            <wcet number="0">10</wcet>
            <wcet number="1">10</wcet>
            <maxpow number="0.5340321792021225"/>
            <maxpow number="0.5340321792021225"/>
            <fprob>0.0</fprob>
        </actor>
        <actor name="D0N45">
            <wcet number="0">10</wcet>
            <wcet number="1">10</wcet>
            <maxpow number="0.7740968546469829"/>
            <maxpow number="0.7740968546469829"/>
            <fprob>0.0</fprob>
        </actor>
        <actor name="D0N41">
            <wcet number="0">10</wcet>
            <wcet number="1">30</wcet>
            <maxpow number="0.4326322220605079"/>
            <maxpow number="0.4326322220605079"/>
            <fprob>0.0</fprob>
        </actor>
        <actor name="D0N10">
            <wcet number="0">80</wcet>
            <wcet number="1">90</wcet>
            <maxpow number="0.43159190203278014"/>
            <maxpow number="0.43159190203278014"/>
            <fprob>0.0</fprob>
        </actor>
        <ports>
            <port dstActor="D0N11" name="p0" srcActor="D0N1"/>
            <port dstActor="D0N15" name="p1" srcActor="D0N1"/>
            <port dstActor="D0N18" name="p2" srcActor="D0N1"/>
            <port dstActor="D0N7" name="p3" srcActor="D0N1"/>
            <port dstActor="D0N28" name="p4" srcActor="D0N1"/>
            <port dstActor="D0N20" name="p5" srcActor="D0N11"/>
            <port dstActor="D0N28" name="p6" srcActor="D0N11"/>
            <port dstActor="D0N37" name="p7" srcActor="D0N11"/>
            <port dstActor="D0N26" name="p8" srcActor="D0N23"/>
            <port dstActor="D0N44" name="p9" srcActor="D0N23"/>
            <port dstActor="D0N39" name="p10" srcActor="D0N31"/>
            <port dstActor="D0N14" name="p11" srcActor="D0N3"/>
            <port dstActor="D0N30" name="p12" srcActor="D0N3"/>
            <port dstActor="D0N15" name="p13" srcActor="D0N3"/>
            <port dstActor="D0N23" name="p14" srcActor="D0N3"/>
            <port dstActor="D0N38" name="p15" srcActor="D0N3"/>
            <port dstActor="D0N8" name="p16" srcActor="D0N3"/>
            <port dstActor="D0N37" name="p17" srcActor="D0N32"/>
            <port dstActor="D0N37" name="p18" srcActor="D0N4"/>
            <port dstActor="D0N14" name="p19" srcActor="D0N4"/>
            <port dstActor="D0N41" name="p20" srcActor="D0N4"/>
            <port dstActor="D0N30" name="p21" srcActor="D0N4"/>
            <port dstActor="D0N38" name="p22" srcActor="D0N37"/>
            <port dstActor="D0N13" name="p23" srcActor="D0N12"/>
            <port dstActor="D0N33" name="p24" srcActor="D0N12"/>
            <port dstActor="D0N38" name="p25" srcActor="D0N12"/>
            <port dstActor="D0N40" name="p26" srcActor="D0N12"/>
            <port dstActor="D0N18" name="p27" srcActor="D0N12"/>
            <port dstActor="D0N37" name="p28" srcActor="D0N12"/>
            <port dstActor="D0N42" name="p29" srcActor="D0N12"/>
            <port dstActor="D0N39" name="p30" srcActor="D0N27"/>
            <port dstActor="D0N29" name="p31" srcActor="D0N27"/>
            <port dstActor="D0N28" name="p32" srcActor="D0N27"/>
            <port dstActor="D0N42" name="p33" srcActor="D0N27"/>
            <port dstActor="D0N21" name="p34" srcActor="D0N8"/>
            <port dstActor="D0N41" name="p35" srcActor="D0N8"/>
            <port dstActor="D0N19" name="p36" srcActor="D0N8"/>
            <port dstActor="D0N12" name="p37" srcActor="D0N7"/>
            <port dstActor="D0N24" name="p38" srcActor="D0N7"/>
            <port dstActor="D0N32" name="p39" srcActor="D0N7"/>
            <port dstActor="D0N39" name="p40" srcActor="D0N7"/>
            <port dstActor="D0N21" name="p41" srcActor="D0N7"/>
            <port dstActor="D0N11" name="p42" srcActor="D0N7"/>
            <port dstActor="D0N36" name="p43" srcActor="D0N7"/>
            <port dstActor="D0N27" name="p44" srcActor="D0N26"/>
            <port dstActor="D0N34" name="p45" srcActor="D0N26"/>
            <port dstActor="D0N28" name="p46" srcActor="D0N9"/>
            <port dstActor="D0N17" name="p47" srcActor="D0N9"/>
            <port dstActor="D0N27" name="p48" srcActor="D0N9"/>
            <port dstActor="D0N37" name="p49" srcActor="D0N9"/>
            <port dstActor="D0N20" name="p50" srcActor="D0N9"/>
            <port dstActor="D0N19" name="p51" srcActor="D0N9"/>
            <port dstActor="D0N41" name="p52" srcActor="D0N9"/>
            <port dstActor="D0N24" name="p53" srcActor="D0N9"/>
            <port dstActor="D0N37" name="p54" srcActor="D0N36"/>
            <port dstActor="D0N39" name="p55" srcActor="D0N36"/>
            <port dstActor="D0N39" name="p56" srcActor="D0N38"/>
            <port dstActor="D0N35" name="p57" srcActor="D0N13"/>
            <port dstActor="D0N43" name="p58" srcActor="D0N13"/>
            <port dstActor="D0N34" name="p59" srcActor="D0N13"/>
            <port dstActor="D0N17" name="p60" srcActor="D0N13"/>
            <port dstActor="D0N30" name="p61" srcActor="D0N25"/>
            <port dstActor="D0N29" name="p62" srcActor="D0N25"/>
            <port dstActor="D0N44" name="p63" srcActor="D0N25"/>
            <port dstActor="D0N36" name="p64" srcActor="D0N25"/>
            <port dstActor="D0N27" name="p65" srcActor="D0N25"/>
            <port dstActor="D0N40" name="p66" srcActor="D0N28"/>
            <port dstActor="D0N39" name="p67" srcActor="D0N29"/>
            <port dstActor="D0N35" name="p68" srcActor="D0N29"/>
            <port dstActor="D0N43" name="p69" srcActor="D0N29"/>
            <port dstActor="D0N36" name="p70" srcActor="D0N29"/>
            <port dstActor="D0N31" name="p71" srcActor="D0N21"/>
            <port dstActor="D0N38" name="p72" srcActor="D0N21"/>
            <port dstActor="D0N25" name="p73" srcActor="D0N21"/>
            <port dstActor="D0N30" name="p74" srcActor="D0N21"/>
            <port dstActor="D0N22" name="p75" srcActor="D0N17"/>
            <port dstActor="D0N25" name="p76" srcActor="D0N17"/>
            <port dstActor="D0N28" name="p77" srcActor="D0N17"/>
            <port dstActor="D0N22" name="p78" srcActor="D0N6"/>
            <port dstActor="D0N22" name="p79" srcActor="D0N2"/>
            <port dstActor="D0N28" name="p80" srcActor="D0N2"/>
            <port dstActor="D0N34" name="p81" srcActor="D0N2"/>
            <port dstActor="D0N9" name="p82" srcActor="D0N2"/>
            <port dstActor="D0N7" name="p83" srcActor="D0N2"/>
            <port dstActor="D0N41" name="p84" srcActor="D0N22"/>
            <port dstActor="D0N31" name="p85" srcActor="D0N22"/>
            <port dstActor="D0N29" name="p86" srcActor="D0N0"/>
            <port dstActor="D0N10" name="p87" srcActor="D0N0"/>
            <port dstActor="D0N35" name="p88" srcActor="D0N30"/>
            <port dstActor="D0N40" name="p89" srcActor="D0N30"/>
            <port dstActor="D0N29" name="p90" srcActor="D0N14"/>
            <port dstActor="D0N39" name="p91" srcActor="D0N14"/>
            <port dstActor="D0N21" name="p92" srcActor="D0N14"/>
            <port dstActor="D0N41" name="p93" srcActor="D0N14"/>
            <port dstActor="D0N16" name="p94" srcActor="D0N14"/>
            <port dstActor="D0N32" name="p95" srcActor="D0N14"/>
            <port dstActor="D0N37" name="p96" srcActor="D0N14"/>
            <port dstActor="D0N32" name="p97" srcActor="D0N20"/>
            <port dstActor="D0N33" name="p98" srcActor="D0N20"/>
            <port dstActor="D0N40" name="p99" srcActor="D0N18"/>
            <port dstActor="D0N44" name="p100" srcActor="D0N18"/>
            <port dstActor="D0N39" name="p101" srcActor="D0N18"/>
            <port dstActor="D0N29" name="p102" srcActor="D0N18"/>
            <port dstActor="D0N29" name="p103" srcActor="D0N15"/>
            <port dstActor="D0N24" name="p104" srcActor="D0N15"/>
            <port dstActor="D0N38" name="p105" srcActor="D0N15"/>
            <port dstActor="D0N21" name="p106" srcActor="D0N15"/>
            <port dstActor="D0N28" name="p107" srcActor="D0N15"/>
            <port dstActor="D0N42" name="p108" srcActor="D0N39"/>
            <port dstActor="D0N43" name="p109" srcActor="D0N39"/>
            <port dstActor="D0N26" name="p110" srcActor="D0N16"/>
            <port dstActor="D0N19" name="p111" srcActor="D0N16"/>
            <port dstActor="D0N17" name="p112" srcActor="D0N16"/>
            <port dstActor="D0N29" name="p113" srcActor="D0N19"/>
            <port dstActor="D0N28" name="p114" srcActor="D0N19"/>
            <port dstActor="D0N41" name="p115" srcActor="D0N5"/>
            <port dstActor="D0N25" name="p116" srcActor="D0N5"/>
            <port dstActor="D0N21" name="p117" srcActor="D0N5"/>
            <port dstActor="D0N43" name="p118" srcActor="D0N5"/>
            <port dstActor="D0N28" name="p119" srcActor="D0N5"/>
            <port dstActor="D0N27" name="p120" srcActor="D0N10"/>
            <port dstActor="D0N21" name="p121" srcActor="D0N10"/>
            <port dstActor="D0N29" name="p122" srcActor="D0N10"/>
        </ports>
    </mcdag>
    <cores number="3"/>
    <levels number="2"/>
</mcsystem>
