<?xml version="1.0" encoding="UTF-8" standalone="no"?>
<mcsystem>
    <mcdag deadline="2000" name="genned-0-ed-10.0-0">
        <actor name="D0N45">
            <wcet number="0">10</wcet>
            <wcet number="1">70</wcet>
            <maxpow number="0.6810933136310525"/>
            <maxpow number="0.6810933136310525"/>
            <fprob>0.0</fprob>
        </actor>
        <actor name="D0N28">
            <wcet number="0">310</wcet>
            <wcet number="1">390</wcet>
            <maxpow number="0.4721043550841867"/>
            <maxpow number="0.4721043550841867"/>
            <fprob>0.0</fprob>
        </actor>
        <actor name="D0N42">
            <wcet number="0">10</wcet>
            <wcet number="1">10</wcet>
            <maxpow number="0.39984252205754883"/>
            <maxpow number="0.39984252205754883"/>
            <fprob>0.0</fprob>
        </actor>
        <actor name="D0N41">
            <wcet number="0">40</wcet>
            <wcet number="1">110</wcet>
            <maxpow number="0.6054641790071397"/>
            <maxpow number="0.6054641790071397"/>
            <fprob>0.0</fprob>
        </actor>
        <actor name="D0N13">
            <wcet number="0">50</wcet>
            <wcet number="1">120</wcet>
            <maxpow number="0.6240663665770738"/>
            <maxpow number="0.6240663665770738"/>
            <fprob>0.0</fprob>
        </actor>
        <actor name="D0N20">
            <wcet number="0">30</wcet>
            <wcet number="1">40</wcet>
            <maxpow number="0.6751367120921854"/>
            <maxpow number="0.6751367120921854"/>
            <fprob>0.0</fprob>
        </actor>
        <actor name="D0N39">
            <wcet number="0">10</wcet>
            <wcet number="1">10</wcet>
            <maxpow number="0.8242673457758107"/>
            <maxpow number="0.8242673457758107"/>
            <fprob>0.0</fprob>
        </actor>
        <actor name="D0N27">
            <wcet number="0">80</wcet>
            <wcet number="1">100</wcet>
            <maxpow number="0.2668035691541066"/>
            <maxpow number="0.2668035691541066"/>
            <fprob>0.0</fprob>
        </actor>
        <actor name="D0N37">
            <wcet number="0">10</wcet>
            <wcet number="1">30</wcet>
            <maxpow number="0.6475262584351628"/>
            <maxpow number="0.6475262584351628"/>
            <fprob>0.0</fprob>
        </actor>
        <actor name="D0N0">
            <wcet number="0">20</wcet>
            <wcet number="1">30</wcet>
            <maxpow number="0.34032993191087135"/>
            <maxpow number="0.34032993191087135"/>
            <fprob>0.0</fprob>
        </actor>
        <actor name="D0N7">
            <wcet number="0">20</wcet>
            <wcet number="1">30</wcet>
            <maxpow number="0.5483409581783448"/>
            <maxpow number="0.5483409581783448"/>
            <fprob>0.0</fprob>
        </actor>
        <actor name="D0N2">
            <wcet number="0">20</wcet>
            <wcet number="1">30</wcet>
            <maxpow number="0.4868729332480886"/>
            <maxpow number="0.4868729332480886"/>
            <fprob>0.0</fprob>
        </actor>
        <actor name="D0N4">
            <wcet number="0">10</wcet>
            <wcet number="1">40</wcet>
            <maxpow number="0.643214338791841"/>
            <maxpow number="0.643214338791841"/>
            <fprob>0.0</fprob>
        </actor>
        <actor name="D0N3">
            <wcet number="0">210</wcet>
            <wcet number="1">240</wcet>
            <maxpow number="0.4539704210414105"/>
            <maxpow number="0.4539704210414105"/>
            <fprob>0.0</fprob>
        </actor>
        <actor name="D0N44">
            <wcet number="0">10</wcet>
            <wcet number="1">90</wcet>
            <maxpow number="0.5782555549933968"/>
            <maxpow number="0.5782555549933968"/>
            <fprob>0.0</fprob>
        </actor>
        <actor name="D0N1">
            <wcet number="0">230</wcet>
            <wcet number="1">340</wcet>
            <maxpow number="0.7216121047436601"/>
            <maxpow number="0.7216121047436601"/>
            <fprob>0.0</fprob>
        </actor>
        <actor name="D0N40">
            <wcet number="0">60</wcet>
            <wcet number="1">60</wcet>
            <maxpow number="0.7840923415568921"/>
            <maxpow number="0.7840923415568921"/>
            <fprob>0.0</fprob>
        </actor>
        <actor name="D0N31">
            <wcet number="0">10</wcet>
            <wcet number="1">50</wcet>
            <maxpow number="0.7089936230233918"/>
            <maxpow number="0.7089936230233918"/>
            <fprob>0.0</fprob>
        </actor>
        <actor name="D0N32">
            <wcet number="0">30</wcet>
            <wcet number="1">30</wcet>
            <maxpow number="0.9235674989166611"/>
            <maxpow number="0.9235674989166611"/>
            <fprob>0.0</fprob>
        </actor>
        <actor name="D0N10">
            <wcet number="0">60</wcet>
            <wcet number="1">70</wcet>
            <maxpow number="0.35762105256980325"/>
            <maxpow number="0.35762105256980325"/>
            <fprob>0.0</fprob>
        </actor>
        <actor name="D0N25">
            <wcet number="0">10</wcet>
            <wcet number="1">140</wcet>
            <maxpow number="0.650992875470022"/>
            <maxpow number="0.650992875470022"/>
            <fprob>0.0</fprob>
        </actor>
        <actor name="D0N18">
            <wcet number="0">50</wcet>
            <wcet number="1">90</wcet>
            <maxpow number="0.8292463161665256"/>
            <maxpow number="0.8292463161665256"/>
            <fprob>0.0</fprob>
        </actor>
        <actor name="D0N29">
            <wcet number="0">110</wcet>
            <wcet number="1">170</wcet>
            <maxpow number="0.6382925747774137"/>
            <maxpow number="0.6382925747774137"/>
            <fprob>0.0</fprob>
        </actor>
        <actor name="D0N36">
            <wcet number="0">20</wcet>
            <wcet number="1">20</wcet>
            <maxpow number="0.6505402251015934"/>
            <maxpow number="0.6505402251015934"/>
            <fprob>0.0</fprob>
        </actor>
        <actor name="D0N11">
            <wcet number="0">50</wcet>
            <wcet number="1">50</wcet>
            <maxpow number="0.3671757360571293"/>
            <maxpow number="0.3671757360571293"/>
            <fprob>0.0</fprob>
        </actor>
        <actor name="D0N43">
            <wcet number="0">20</wcet>
            <wcet number="1">20</wcet>
            <maxpow number="0.1823283564172853"/>
            <maxpow number="0.1823283564172853"/>
            <fprob>0.0</fprob>
        </actor>
        <actor name="D0N24">
            <wcet number="0">140</wcet>
            <wcet number="1">210</wcet>
            <maxpow number="0.5753968160393064"/>
            <maxpow number="0.5753968160393064"/>
            <fprob>0.0</fprob>
        </actor>
        <actor name="D0N5">
            <wcet number="0">120</wcet>
            <wcet number="1">220</wcet>
            <maxpow number="0.5756684981926994"/>
            <maxpow number="0.5756684981926994"/>
            <fprob>0.0</fprob>
        </actor>
        <actor name="D0N34">
            <wcet number="0">20</wcet>
            <wcet number="1">140</wcet>
            <maxpow number="0.7345375408559197"/>
            <maxpow number="0.7345375408559197"/>
            <fprob>0.0</fprob>
        </actor>
        <actor name="D0N33">
            <wcet number="0">10</wcet>
            <wcet number="1">10</wcet>
            <maxpow number="0.9227477361765568"/>
            <maxpow number="0.9227477361765568"/>
            <fprob>0.0</fprob>
        </actor>
        <actor name="D0N15">
            <wcet number="0">170</wcet>
            <wcet number="1">170</wcet>
            <maxpow number="0.6544245879942486"/>
            <maxpow number="0.6544245879942486"/>
            <fprob>0.0</fprob>
        </actor>
        <actor name="D0N14">
            <wcet number="0">20</wcet>
            <wcet number="1">20</wcet>
            <maxpow number="0.16131668374483515"/>
            <maxpow number="0.16131668374483515"/>
            <fprob>0.0</fprob>
        </actor>
        <actor name="D0N16">
            <wcet number="0">80</wcet>
            <wcet number="1">100</wcet>
            <maxpow number="0.7078244197218175"/>
            <maxpow number="0.7078244197218175"/>
            <fprob>0.0</fprob>
        </actor>
        <actor name="D0N6">
            <wcet number="0">20</wcet>
            <wcet number="1">20</wcet>
            <maxpow number="0.44620292689567276"/>
            <maxpow number="0.44620292689567276"/>
            <fprob>0.0</fprob>
        </actor>
        <actor name="D0N22">
            <wcet number="0">20</wcet>
            <wcet number="1">30</wcet>
            <maxpow number="0.5745427922222139"/>
            <maxpow number="0.5745427922222139"/>
            <fprob>0.0</fprob>
        </actor>
        <actor name="D0N12">
            <wcet number="0">100</wcet>
            <wcet number="1">110</wcet>
            <maxpow number="0.6260502242298938"/>
            <maxpow number="0.6260502242298938"/>
            <fprob>0.0</fprob>
        </actor>
        <actor name="D0N38">
            <wcet number="0">40</wcet>
            <wcet number="1">90</wcet>
            <maxpow number="0.849378082056192"/>
            <maxpow number="0.849378082056192"/>
            <fprob>0.0</fprob>
        </actor>
        <actor name="D0N26">
            <wcet number="0">50</wcet>
            <wcet number="1">80</wcet>
            <maxpow number="0.57979435825967"/>
            <maxpow number="0.57979435825967"/>
            <fprob>0.0</fprob>
        </actor>
        <actor name="D0N17">
            <wcet number="0">10</wcet>
            <wcet number="1">30</wcet>
            <maxpow number="0.6214140676792772"/>
            <maxpow number="0.6214140676792772"/>
            <fprob>0.0</fprob>
        </actor>
        <actor name="D0N8">
            <wcet number="0">80</wcet>
            <wcet number="1">120</wcet>
            <maxpow number="0.5187259067662341"/>
            <maxpow number="0.5187259067662341"/>
            <fprob>0.0</fprob>
        </actor>
        <actor name="D0N30">
            <wcet number="0">50</wcet>
            <wcet number="1">150</wcet>
            <maxpow number="0.55147450664644"/>
            <maxpow number="0.55147450664644"/>
            <fprob>0.0</fprob>
        </actor>
        <actor name="D0N47">
            <wcet number="0">50</wcet>
            <wcet number="1">50</wcet>
            <maxpow number="0.30219855187026834"/>
            <maxpow number="0.30219855187026834"/>
            <fprob>0.0</fprob>
        </actor>
        <actor name="D0N9">
            <wcet number="0">20</wcet>
            <wcet number="1">100</wcet>
            <maxpow number="0.6020461634320918"/>
            <maxpow number="0.6020461634320918"/>
            <fprob>0.0</fprob>
        </actor>
        <actor name="D0N35">
            <wcet number="0">30</wcet>
            <wcet number="1">30</wcet>
            <maxpow number="0.6592261211023354"/>
            <maxpow number="0.6592261211023354"/>
            <fprob>0.0</fprob>
        </actor>
        <actor name="D0N46">
            <wcet number="0">30</wcet>
            <wcet number="1">40</wcet>
            <maxpow number="0.4515411121539615"/>
            <maxpow number="0.4515411121539615"/>
            <fprob>0.0</fprob>
        </actor>
        <actor name="D0N21">
            <wcet number="0">30</wcet>
            <wcet number="1">30</wcet>
            <maxpow number="0.39360564935028736"/>
            <maxpow number="0.39360564935028736"/>
            <fprob>0.0</fprob>
        </actor>
        <actor name="D0N19">
            <wcet number="0">310</wcet>
            <wcet number="1">390</wcet>
            <maxpow number="0.6094393171930067"/>
            <maxpow number="0.6094393171930067"/>
            <fprob>0.0</fprob>
        </actor>
        <actor name="D0N23">
            <wcet number="0">80</wcet>
            <wcet number="1">80</wcet>
            <maxpow number="0.45537012598218224"/>
            <maxpow number="0.45537012598218224"/>
            <fprob>0.0</fprob>
        </actor>
        <ports>
            <port dstActor="D0N46" name="p0" srcActor="D0N45"/>
            <port dstActor="D0N32" name="p1" srcActor="D0N13"/>
            <port dstActor="D0N36" name="p2" srcActor="D0N13"/>
            <port dstActor="D0N21" name="p3" srcActor="D0N20"/>
            <port dstActor="D0N30" name="p4" srcActor="D0N20"/>
            <port dstActor="D0N33" name="p5" srcActor="D0N27"/>
            <port dstActor="D0N27" name="p6" srcActor="D0N0"/>
            <port dstActor="D0N33" name="p7" srcActor="D0N0"/>
            <port dstActor="D0N20" name="p8" srcActor="D0N7"/>
            <port dstActor="D0N26" name="p9" srcActor="D0N7"/>
            <port dstActor="D0N12" name="p10" srcActor="D0N7"/>
            <port dstActor="D0N42" name="p11" srcActor="D0N2"/>
            <port dstActor="D0N26" name="p12" srcActor="D0N2"/>
            <port dstActor="D0N25" name="p13" srcActor="D0N2"/>
            <port dstActor="D0N8" name="p14" srcActor="D0N2"/>
            <port dstActor="D0N21" name="p15" srcActor="D0N2"/>
            <port dstActor="D0N23" name="p16" srcActor="D0N2"/>
            <port dstActor="D0N44" name="p17" srcActor="D0N2"/>
            <port dstActor="D0N9" name="p18" srcActor="D0N4"/>
            <port dstActor="D0N28" name="p19" srcActor="D0N4"/>
            <port dstActor="D0N45" name="p20" srcActor="D0N4"/>
            <port dstActor="D0N27" name="p21" srcActor="D0N4"/>
            <port dstActor="D0N32" name="p22" srcActor="D0N4"/>
            <port dstActor="D0N36" name="p23" srcActor="D0N4"/>
            <port dstActor="D0N5" name="p24" srcActor="D0N4"/>
            <port dstActor="D0N42" name="p25" srcActor="D0N3"/>
            <port dstActor="D0N37" name="p26" srcActor="D0N3"/>
            <port dstActor="D0N31" name="p27" srcActor="D0N3"/>
            <port dstActor="D0N5" name="p28" srcActor="D0N3"/>
            <port dstActor="D0N44" name="p29" srcActor="D0N3"/>
            <port dstActor="D0N32" name="p30" srcActor="D0N3"/>
            <port dstActor="D0N15" name="p31" srcActor="D0N3"/>
            <port dstActor="D0N47" name="p32" srcActor="D0N44"/>
            <port dstActor="D0N46" name="p33" srcActor="D0N1"/>
            <port dstActor="D0N15" name="p34" srcActor="D0N1"/>
            <port dstActor="D0N17" name="p35" srcActor="D0N1"/>
            <port dstActor="D0N35" name="p36" srcActor="D0N1"/>
            <port dstActor="D0N22" name="p37" srcActor="D0N1"/>
            <port dstActor="D0N44" name="p38" srcActor="D0N40"/>
            <port dstActor="D0N44" name="p39" srcActor="D0N31"/>
            <port dstActor="D0N43" name="p40" srcActor="D0N31"/>
            <port dstActor="D0N33" name="p41" srcActor="D0N31"/>
            <port dstActor="D0N14" name="p42" srcActor="D0N10"/>
            <port dstActor="D0N37" name="p43" srcActor="D0N10"/>
            <port dstActor="D0N41" name="p44" srcActor="D0N10"/>
            <port dstActor="D0N24" name="p45" srcActor="D0N10"/>
            <port dstActor="D0N25" name="p46" srcActor="D0N10"/>
            <port dstActor="D0N32" name="p47" srcActor="D0N25"/>
            <port dstActor="D0N20" name="p48" srcActor="D0N18"/>
            <port dstActor="D0N30" name="p49" srcActor="D0N18"/>
            <port dstActor="D0N40" name="p50" srcActor="D0N18"/>
            <port dstActor="D0N35" name="p51" srcActor="D0N18"/>
            <port dstActor="D0N31" name="p52" srcActor="D0N18"/>
            <port dstActor="D0N38" name="p53" srcActor="D0N29"/>
            <port dstActor="D0N13" name="p54" srcActor="D0N11"/>
            <port dstActor="D0N20" name="p55" srcActor="D0N11"/>
            <port dstActor="D0N19" name="p56" srcActor="D0N11"/>
            <port dstActor="D0N29" name="p57" srcActor="D0N11"/>
            <port dstActor="D0N41" name="p58" srcActor="D0N11"/>
            <port dstActor="D0N46" name="p59" srcActor="D0N43"/>
            <port dstActor="D0N45" name="p60" srcActor="D0N43"/>
            <port dstActor="D0N47" name="p61" srcActor="D0N43"/>
            <port dstActor="D0N27" name="p62" srcActor="D0N24"/>
            <port dstActor="D0N7" name="p63" srcActor="D0N5"/>
            <port dstActor="D0N38" name="p64" srcActor="D0N5"/>
            <port dstActor="D0N17" name="p65" srcActor="D0N5"/>
            <port dstActor="D0N25" name="p66" srcActor="D0N5"/>
            <port dstActor="D0N45" name="p67" srcActor="D0N33"/>
            <port dstActor="D0N38" name="p68" srcActor="D0N15"/>
            <port dstActor="D0N37" name="p69" srcActor="D0N15"/>
            <port dstActor="D0N43" name="p70" srcActor="D0N14"/>
            <port dstActor="D0N17" name="p71" srcActor="D0N14"/>
            <port dstActor="D0N40" name="p72" srcActor="D0N16"/>
            <port dstActor="D0N29" name="p73" srcActor="D0N16"/>
            <port dstActor="D0N34" name="p74" srcActor="D0N16"/>
            <port dstActor="D0N35" name="p75" srcActor="D0N16"/>
            <port dstActor="D0N45" name="p76" srcActor="D0N16"/>
            <port dstActor="D0N36" name="p77" srcActor="D0N16"/>
            <port dstActor="D0N9" name="p78" srcActor="D0N6"/>
            <port dstActor="D0N33" name="p79" srcActor="D0N6"/>
            <port dstActor="D0N44" name="p80" srcActor="D0N6"/>
            <port dstActor="D0N22" name="p81" srcActor="D0N6"/>
            <port dstActor="D0N37" name="p82" srcActor="D0N6"/>
            <port dstActor="D0N34" name="p83" srcActor="D0N6"/>
            <port dstActor="D0N7" name="p84" srcActor="D0N6"/>
            <port dstActor="D0N32" name="p85" srcActor="D0N22"/>
            <port dstActor="D0N37" name="p86" srcActor="D0N22"/>
            <port dstActor="D0N33" name="p87" srcActor="D0N22"/>
            <port dstActor="D0N38" name="p88" srcActor="D0N22"/>
            <port dstActor="D0N15" name="p89" srcActor="D0N12"/>
            <port dstActor="D0N41" name="p90" srcActor="D0N12"/>
            <port dstActor="D0N24" name="p91" srcActor="D0N12"/>
            <port dstActor="D0N28" name="p92" srcActor="D0N12"/>
            <port dstActor="D0N47" name="p93" srcActor="D0N12"/>
            <port dstActor="D0N44" name="p94" srcActor="D0N12"/>
            <port dstActor="D0N18" name="p95" srcActor="D0N12"/>
            <port dstActor="D0N39" name="p96" srcActor="D0N38"/>
            <port dstActor="D0N40" name="p97" srcActor="D0N17"/>
            <port dstActor="D0N24" name="p98" srcActor="D0N17"/>
            <port dstActor="D0N21" name="p99" srcActor="D0N17"/>
            <port dstActor="D0N47" name="p100" srcActor="D0N8"/>
            <port dstActor="D0N32" name="p101" srcActor="D0N8"/>
            <port dstActor="D0N18" name="p102" srcActor="D0N8"/>
            <port dstActor="D0N24" name="p103" srcActor="D0N8"/>
            <port dstActor="D0N46" name="p104" srcActor="D0N8"/>
            <port dstActor="D0N36" name="p105" srcActor="D0N8"/>
            <port dstActor="D0N44" name="p106" srcActor="D0N30"/>
            <port dstActor="D0N34" name="p107" srcActor="D0N30"/>
            <port dstActor="D0N46" name="p108" srcActor="D0N30"/>
            <port dstActor="D0N43" name="p109" srcActor="D0N30"/>
            <port dstActor="D0N40" name="p110" srcActor="D0N9"/>
            <port dstActor="D0N14" name="p111" srcActor="D0N9"/>
            <port dstActor="D0N19" name="p112" srcActor="D0N9"/>
            <port dstActor="D0N18" name="p113" srcActor="D0N9"/>
            <port dstActor="D0N46" name="p114" srcActor="D0N35"/>
            <port dstActor="D0N37" name="p115" srcActor="D0N35"/>
            <port dstActor="D0N41" name="p116" srcActor="D0N35"/>
            <port dstActor="D0N45" name="p117" srcActor="D0N35"/>
            <port dstActor="D0N33" name="p118" srcActor="D0N21"/>
            <port dstActor="D0N40" name="p119" srcActor="D0N21"/>
            <port dstActor="D0N22" name="p120" srcActor="D0N21"/>
            <port dstActor="D0N27" name="p121" srcActor="D0N21"/>
            <port dstActor="D0N38" name="p122" srcActor="D0N21"/>
            <port dstActor="D0N41" name="p123" srcActor="D0N21"/>
            <port dstActor="D0N36" name="p124" srcActor="D0N21"/>
            <port dstActor="D0N47" name="p125" srcActor="D0N19"/>
            <port dstActor="D0N37" name="p126" srcActor="D0N19"/>
            <port dstActor="D0N24" name="p127" srcActor="D0N19"/>
            <port dstActor="D0N20" name="p128" srcActor="D0N19"/>
        </ports>
    </mcdag>
    <cores number="3"/>
    <levels number="2"/>
</mcsystem>
