<?xml version="1.0" encoding="UTF-8" standalone="no"?>
<mcsystem>
    <mcdag deadline="5000" name="genned-0-ed-10.0-0">
        <actor name="D0N9">
            <wcet number="0">60</wcet>
            <wcet number="1">60</wcet>
            <maxpow number="0.7605398084920012"/>
            <maxpow number="0.7605398084920012"/>
            <fprob>0.0</fprob>
        </actor>
        <actor name="D0N46">
            <wcet number="0">20</wcet>
            <wcet number="1">70</wcet>
            <maxpow number="0.5473928658959109"/>
            <maxpow number="0.5473928658959109"/>
            <fprob>0.0</fprob>
        </actor>
        <actor name="D0N28">
            <wcet number="0">100</wcet>
            <wcet number="1">220</wcet>
            <maxpow number="0.9881673838018317"/>
            <maxpow number="0.9881673838018317"/>
            <fprob>0.0</fprob>
        </actor>
        <actor name="D0N40">
            <wcet number="0">100</wcet>
            <wcet number="1">190</wcet>
            <maxpow number="0.47289169136667386"/>
            <maxpow number="0.47289169136667386"/>
            <fprob>0.0</fprob>
        </actor>
        <actor name="D0N0">
            <wcet number="0">120</wcet>
            <wcet number="1">180</wcet>
            <maxpow number="0.8834610936540591"/>
            <maxpow number="0.8834610936540591"/>
            <fprob>0.0</fprob>
        </actor>
        <actor name="D0N36">
            <wcet number="0">10</wcet>
            <wcet number="1">60</wcet>
            <maxpow number="0.8898527948455582"/>
            <maxpow number="0.8898527948455582"/>
            <fprob>0.0</fprob>
        </actor>
        <actor name="D0N18">
            <wcet number="0">50</wcet>
            <wcet number="1">150</wcet>
            <maxpow number="0.39029557873284476"/>
            <maxpow number="0.39029557873284476"/>
            <fprob>0.0</fprob>
        </actor>
        <actor name="D0N24">
            <wcet number="0">110</wcet>
            <wcet number="1">230</wcet>
            <maxpow number="0.39583974424237794"/>
            <maxpow number="0.39583974424237794"/>
            <fprob>0.0</fprob>
        </actor>
        <actor name="D0N29">
            <wcet number="0">40</wcet>
            <wcet number="1">40</wcet>
            <maxpow number="0.5173908365840175"/>
            <maxpow number="0.5173908365840175"/>
            <fprob>0.0</fprob>
        </actor>
        <actor name="D0N42">
            <wcet number="0">10</wcet>
            <wcet number="1">110</wcet>
            <maxpow number="0.7784405836512233"/>
            <maxpow number="0.7784405836512233"/>
            <fprob>0.0</fprob>
        </actor>
        <actor name="D0N14">
            <wcet number="0">10</wcet>
            <wcet number="1">30</wcet>
            <maxpow number="0.37279700611517325"/>
            <maxpow number="0.37279700611517325"/>
            <fprob>0.0</fprob>
        </actor>
        <actor name="D0N45">
            <wcet number="0">270</wcet>
            <wcet number="1">980</wcet>
            <maxpow number="0.48173347861614424"/>
            <maxpow number="0.48173347861614424"/>
            <fprob>0.0</fprob>
        </actor>
        <actor name="D0N15">
            <wcet number="0">10</wcet>
            <wcet number="1">100</wcet>
            <maxpow number="0.32531255119564273"/>
            <maxpow number="0.32531255119564273"/>
            <fprob>0.0</fprob>
        </actor>
        <actor name="D0N23">
            <wcet number="0">320</wcet>
            <wcet number="1">400</wcet>
            <maxpow number="0.824326384633934"/>
            <maxpow number="0.824326384633934"/>
            <fprob>0.0</fprob>
        </actor>
        <actor name="D0N17">
            <wcet number="0">70</wcet>
            <wcet number="1">80</wcet>
            <maxpow number="0.4967633741466876"/>
            <maxpow number="0.4967633741466876"/>
            <fprob>0.0</fprob>
        </actor>
        <actor name="D0N49">
            <wcet number="0">30</wcet>
            <wcet number="1">40</wcet>
            <maxpow number="0.659753253167003"/>
            <maxpow number="0.659753253167003"/>
            <fprob>0.0</fprob>
        </actor>
        <actor name="D0N8">
            <wcet number="0">90</wcet>
            <wcet number="1">370</wcet>
            <maxpow number="0.7227499618954927"/>
            <maxpow number="0.7227499618954927"/>
            <fprob>0.0</fprob>
        </actor>
        <actor name="D0N39">
            <wcet number="0">50</wcet>
            <wcet number="1">90</wcet>
            <maxpow number="0.8661554537973224"/>
            <maxpow number="0.8661554537973224"/>
            <fprob>0.0</fprob>
        </actor>
        <actor name="D0N11">
            <wcet number="0">20</wcet>
            <wcet number="1">70</wcet>
            <maxpow number="0.6053102555697529"/>
            <maxpow number="0.6053102555697529"/>
            <fprob>0.0</fprob>
        </actor>
        <actor name="D0N41">
            <wcet number="0">40</wcet>
            <wcet number="1">50</wcet>
            <maxpow number="0.6384049155957672"/>
            <maxpow number="0.6384049155957672"/>
            <fprob>0.0</fprob>
        </actor>
        <actor name="D0N2">
            <wcet number="0">130</wcet>
            <wcet number="1">310</wcet>
            <maxpow number="1.080164290071715"/>
            <maxpow number="1.080164290071715"/>
            <fprob>0.0</fprob>
        </actor>
        <actor name="D0N35">
            <wcet number="0">20</wcet>
            <wcet number="1">20</wcet>
            <maxpow number="0.47823169743590693"/>
            <maxpow number="0.47823169743590693"/>
            <fprob>0.0</fprob>
        </actor>
        <actor name="D0N33">
            <wcet number="0">20</wcet>
            <wcet number="1">100</wcet>
            <maxpow number="0.8243143133311122"/>
            <maxpow number="0.8243143133311122"/>
            <fprob>0.0</fprob>
        </actor>
        <actor name="D0N32">
            <wcet number="0">350</wcet>
            <wcet number="1">650</wcet>
            <maxpow number="0.42918911747128075"/>
            <maxpow number="0.42918911747128075"/>
            <fprob>0.0</fprob>
        </actor>
        <actor name="D0N44">
            <wcet number="0">480</wcet>
            <wcet number="1">580</wcet>
            <maxpow number="0.41938221582636415"/>
            <maxpow number="0.41938221582636415"/>
            <fprob>0.0</fprob>
        </actor>
        <actor name="D0N6">
            <wcet number="0">110</wcet>
            <wcet number="1">730</wcet>
            <maxpow number="0.748482023952211"/>
            <maxpow number="0.748482023952211"/>
            <fprob>0.0</fprob>
        </actor>
        <actor name="D0N22">
            <wcet number="0">160</wcet>
            <wcet number="1">250</wcet>
            <maxpow number="0.39464550134424947"/>
            <maxpow number="0.39464550134424947"/>
            <fprob>0.0</fprob>
        </actor>
        <actor name="D0N38">
            <wcet number="0">70</wcet>
            <wcet number="1">90</wcet>
            <maxpow number="0.6253836134515759"/>
            <maxpow number="0.6253836134515759"/>
            <fprob>0.0</fprob>
        </actor>
        <actor name="D0N47">
            <wcet number="0">80</wcet>
            <wcet number="1">80</wcet>
            <maxpow number="0.5543716766614449"/>
            <maxpow number="0.5543716766614449"/>
            <fprob>0.0</fprob>
        </actor>
        <actor name="D0N37">
            <wcet number="0">140</wcet>
            <wcet number="1">150</wcet>
            <maxpow number="0.6677821812486613"/>
            <maxpow number="0.6677821812486613"/>
            <fprob>0.0</fprob>
        </actor>
        <actor name="D0N31">
            <wcet number="0">90</wcet>
            <wcet number="1">250</wcet>
            <maxpow number="0.3680594460579356"/>
            <maxpow number="0.3680594460579356"/>
            <fprob>0.0</fprob>
        </actor>
        <actor name="D0N4">
            <wcet number="0">70</wcet>
            <wcet number="1">170</wcet>
            <maxpow number="0.6110529432532257"/>
            <maxpow number="0.6110529432532257"/>
            <fprob>0.0</fprob>
        </actor>
        <actor name="D0N19">
            <wcet number="0">280</wcet>
            <wcet number="1">370</wcet>
            <maxpow number="0.9804551858015507"/>
            <maxpow number="0.9804551858015507"/>
            <fprob>0.0</fprob>
        </actor>
        <actor name="D0N13">
            <wcet number="0">450</wcet>
            <wcet number="1">550</wcet>
            <maxpow number="0.8585491870187448"/>
            <maxpow number="0.8585491870187448"/>
            <fprob>0.0</fprob>
        </actor>
        <actor name="D0N43">
            <wcet number="0">130</wcet>
            <wcet number="1">130</wcet>
            <maxpow number="0.6466339020651612"/>
            <maxpow number="0.6466339020651612"/>
            <fprob>0.0</fprob>
        </actor>
        <actor name="D0N21">
            <wcet number="0">70</wcet>
            <wcet number="1">80</wcet>
            <maxpow number="0.14528741899356107"/>
            <maxpow number="0.14528741899356107"/>
            <fprob>0.0</fprob>
        </actor>
        <actor name="D0N7">
            <wcet number="0">10</wcet>
            <wcet number="1">10</wcet>
            <maxpow number="0.3868097022930943"/>
            <maxpow number="0.3868097022930943"/>
            <fprob>0.0</fprob>
        </actor>
        <actor name="D0N26">
            <wcet number="0">90</wcet>
            <wcet number="1">220</wcet>
            <maxpow number="0.35042964525840925"/>
            <maxpow number="0.35042964525840925"/>
            <fprob>0.0</fprob>
        </actor>
        <actor name="D0N5">
            <wcet number="0">30</wcet>
            <wcet number="1">80</wcet>
            <maxpow number="0.17640960975261305"/>
            <maxpow number="0.17640960975261305"/>
            <fprob>0.0</fprob>
        </actor>
        <actor name="D0N10">
            <wcet number="0">20</wcet>
            <wcet number="1">180</wcet>
            <maxpow number="0.37897195054266936"/>
            <maxpow number="0.37897195054266936"/>
            <fprob>0.0</fprob>
        </actor>
        <actor name="D0N20">
            <wcet number="0">140</wcet>
            <wcet number="1">180</wcet>
            <maxpow number="0.5402857368172685"/>
            <maxpow number="0.5402857368172685"/>
            <fprob>0.0</fprob>
        </actor>
        <actor name="D0N30">
            <wcet number="0">10</wcet>
            <wcet number="1">50</wcet>
            <maxpow number="0.8207263976000383"/>
            <maxpow number="0.8207263976000383"/>
            <fprob>0.0</fprob>
        </actor>
        <actor name="D0N16">
            <wcet number="0">40</wcet>
            <wcet number="1">40</wcet>
            <maxpow number="0.5467838522760324"/>
            <maxpow number="0.5467838522760324"/>
            <fprob>0.0</fprob>
        </actor>
        <actor name="D0N48">
            <wcet number="0">130</wcet>
            <wcet number="1">130</wcet>
            <maxpow number="0.28440125847006525"/>
            <maxpow number="0.28440125847006525"/>
            <fprob>0.0</fprob>
        </actor>
        <actor name="D0N12">
            <wcet number="0">210</wcet>
            <wcet number="1">330</wcet>
            <maxpow number="0.5314504922270015"/>
            <maxpow number="0.5314504922270015"/>
            <fprob>0.0</fprob>
        </actor>
        <actor name="D0N34">
            <wcet number="0">630</wcet>
            <wcet number="1">820</wcet>
            <maxpow number="0.6000078700287055"/>
            <maxpow number="0.6000078700287055"/>
            <fprob>0.0</fprob>
        </actor>
        <actor name="D0N1">
            <wcet number="0">110</wcet>
            <wcet number="1">240</wcet>
            <maxpow number="0.2893068231981085"/>
            <maxpow number="0.2893068231981085"/>
            <fprob>0.0</fprob>
        </actor>
        <actor name="D0N27">
            <wcet number="0">60</wcet>
            <wcet number="1">80</wcet>
            <maxpow number="0.41207693907237214"/>
            <maxpow number="0.41207693907237214"/>
            <fprob>0.0</fprob>
        </actor>
        <actor name="D0N3">
            <wcet number="0">190</wcet>
            <wcet number="1">300</wcet>
            <maxpow number="0.5111537636273095"/>
            <maxpow number="0.5111537636273095"/>
            <fprob>0.0</fprob>
        </actor>
        <actor name="D0N25">
            <wcet number="0">130</wcet>
            <wcet number="1">310</wcet>
            <maxpow number="0.6164820692299448"/>
            <maxpow number="0.6164820692299448"/>
            <fprob>0.0</fprob>
        </actor>
        <ports>
            <port dstActor="D0N26" name="p0" srcActor="D0N9"/>
            <port dstActor="D0N20" name="p1" srcActor="D0N9"/>
            <port dstActor="D0N39" name="p2" srcActor="D0N9"/>
            <port dstActor="D0N42" name="p3" srcActor="D0N9"/>
            <port dstActor="D0N34" name="p4" srcActor="D0N9"/>
            <port dstActor="D0N24" name="p5" srcActor="D0N9"/>
            <port dstActor="D0N30" name="p6" srcActor="D0N0"/>
            <port dstActor="D0N32" name="p7" srcActor="D0N0"/>
            <port dstActor="D0N1" name="p8" srcActor="D0N0"/>
            <port dstActor="D0N14" name="p9" srcActor="D0N0"/>
            <port dstActor="D0N20" name="p10" srcActor="D0N18"/>
            <port dstActor="D0N36" name="p11" srcActor="D0N18"/>
            <port dstActor="D0N30" name="p12" srcActor="D0N18"/>
            <port dstActor="D0N32" name="p13" srcActor="D0N18"/>
            <port dstActor="D0N26" name="p14" srcActor="D0N24"/>
            <port dstActor="D0N44" name="p15" srcActor="D0N24"/>
            <port dstActor="D0N48" name="p16" srcActor="D0N24"/>
            <port dstActor="D0N39" name="p17" srcActor="D0N24"/>
            <port dstActor="D0N34" name="p18" srcActor="D0N29"/>
            <port dstActor="D0N44" name="p19" srcActor="D0N42"/>
            <port dstActor="D0N32" name="p20" srcActor="D0N14"/>
            <port dstActor="D0N41" name="p21" srcActor="D0N14"/>
            <port dstActor="D0N26" name="p22" srcActor="D0N14"/>
            <port dstActor="D0N15" name="p23" srcActor="D0N14"/>
            <port dstActor="D0N48" name="p24" srcActor="D0N45"/>
            <port dstActor="D0N49" name="p25" srcActor="D0N15"/>
            <port dstActor="D0N43" name="p26" srcActor="D0N15"/>
            <port dstActor="D0N46" name="p27" srcActor="D0N15"/>
            <port dstActor="D0N35" name="p28" srcActor="D0N15"/>
            <port dstActor="D0N44" name="p29" srcActor="D0N23"/>
            <port dstActor="D0N24" name="p30" srcActor="D0N23"/>
            <port dstActor="D0N31" name="p31" srcActor="D0N23"/>
            <port dstActor="D0N21" name="p32" srcActor="D0N17"/>
            <port dstActor="D0N36" name="p33" srcActor="D0N17"/>
            <port dstActor="D0N20" name="p34" srcActor="D0N8"/>
            <port dstActor="D0N41" name="p35" srcActor="D0N8"/>
            <port dstActor="D0N33" name="p36" srcActor="D0N8"/>
            <port dstActor="D0N36" name="p37" srcActor="D0N8"/>
            <port dstActor="D0N38" name="p38" srcActor="D0N8"/>
            <port dstActor="D0N45" name="p39" srcActor="D0N8"/>
            <port dstActor="D0N48" name="p40" srcActor="D0N8"/>
            <port dstActor="D0N42" name="p41" srcActor="D0N39"/>
            <port dstActor="D0N48" name="p42" srcActor="D0N11"/>
            <port dstActor="D0N37" name="p43" srcActor="D0N11"/>
            <port dstActor="D0N49" name="p44" srcActor="D0N41"/>
            <port dstActor="D0N39" name="p45" srcActor="D0N2"/>
            <port dstActor="D0N33" name="p46" srcActor="D0N2"/>
            <port dstActor="D0N46" name="p47" srcActor="D0N2"/>
            <port dstActor="D0N47" name="p48" srcActor="D0N2"/>
            <port dstActor="D0N13" name="p49" srcActor="D0N2"/>
            <port dstActor="D0N11" name="p50" srcActor="D0N2"/>
            <port dstActor="D0N47" name="p51" srcActor="D0N35"/>
            <port dstActor="D0N43" name="p52" srcActor="D0N35"/>
            <port dstActor="D0N45" name="p53" srcActor="D0N35"/>
            <port dstActor="D0N48" name="p54" srcActor="D0N35"/>
            <port dstActor="D0N37" name="p55" srcActor="D0N33"/>
            <port dstActor="D0N35" name="p56" srcActor="D0N32"/>
            <port dstActor="D0N49" name="p57" srcActor="D0N32"/>
            <port dstActor="D0N47" name="p58" srcActor="D0N44"/>
            <port dstActor="D0N48" name="p59" srcActor="D0N44"/>
            <port dstActor="D0N32" name="p60" srcActor="D0N6"/>
            <port dstActor="D0N36" name="p61" srcActor="D0N6"/>
            <port dstActor="D0N41" name="p62" srcActor="D0N6"/>
            <port dstActor="D0N27" name="p63" srcActor="D0N6"/>
            <port dstActor="D0N30" name="p64" srcActor="D0N6"/>
            <port dstActor="D0N23" name="p65" srcActor="D0N6"/>
            <port dstActor="D0N34" name="p66" srcActor="D0N6"/>
            <port dstActor="D0N31" name="p67" srcActor="D0N22"/>
            <port dstActor="D0N35" name="p68" srcActor="D0N22"/>
            <port dstActor="D0N28" name="p69" srcActor="D0N22"/>
            <port dstActor="D0N29" name="p70" srcActor="D0N22"/>
            <port dstActor="D0N26" name="p71" srcActor="D0N22"/>
            <port dstActor="D0N43" name="p72" srcActor="D0N38"/>
            <port dstActor="D0N40" name="p73" srcActor="D0N38"/>
            <port dstActor="D0N43" name="p74" srcActor="D0N37"/>
            <port dstActor="D0N45" name="p75" srcActor="D0N37"/>
            <port dstActor="D0N40" name="p76" srcActor="D0N37"/>
            <port dstActor="D0N35" name="p77" srcActor="D0N31"/>
            <port dstActor="D0N33" name="p78" srcActor="D0N31"/>
            <port dstActor="D0N34" name="p79" srcActor="D0N4"/>
            <port dstActor="D0N35" name="p80" srcActor="D0N4"/>
            <port dstActor="D0N29" name="p81" srcActor="D0N4"/>
            <port dstActor="D0N41" name="p82" srcActor="D0N4"/>
            <port dstActor="D0N33" name="p83" srcActor="D0N4"/>
            <port dstActor="D0N25" name="p84" srcActor="D0N19"/>
            <port dstActor="D0N33" name="p85" srcActor="D0N19"/>
            <port dstActor="D0N25" name="p86" srcActor="D0N13"/>
            <port dstActor="D0N30" name="p87" srcActor="D0N13"/>
            <port dstActor="D0N49" name="p88" srcActor="D0N43"/>
            <port dstActor="D0N38" name="p89" srcActor="D0N21"/>
            <port dstActor="D0N24" name="p90" srcActor="D0N21"/>
            <port dstActor="D0N47" name="p91" srcActor="D0N21"/>
            <port dstActor="D0N31" name="p92" srcActor="D0N21"/>
            <port dstActor="D0N27" name="p93" srcActor="D0N21"/>
            <port dstActor="D0N46" name="p94" srcActor="D0N21"/>
            <port dstActor="D0N12" name="p95" srcActor="D0N7"/>
            <port dstActor="D0N29" name="p96" srcActor="D0N7"/>
            <port dstActor="D0N13" name="p97" srcActor="D0N7"/>
            <port dstActor="D0N30" name="p98" srcActor="D0N7"/>
            <port dstActor="D0N39" name="p99" srcActor="D0N7"/>
            <port dstActor="D0N32" name="p100" srcActor="D0N26"/>
            <port dstActor="D0N48" name="p101" srcActor="D0N5"/>
            <port dstActor="D0N10" name="p102" srcActor="D0N5"/>
            <port dstActor="D0N40" name="p103" srcActor="D0N5"/>
            <port dstActor="D0N32" name="p104" srcActor="D0N5"/>
            <port dstActor="D0N11" name="p105" srcActor="D0N5"/>
            <port dstActor="D0N18" name="p106" srcActor="D0N5"/>
            <port dstActor="D0N41" name="p107" srcActor="D0N5"/>
            <port dstActor="D0N25" name="p108" srcActor="D0N10"/>
            <port dstActor="D0N13" name="p109" srcActor="D0N10"/>
            <port dstActor="D0N35" name="p110" srcActor="D0N10"/>
            <port dstActor="D0N11" name="p111" srcActor="D0N10"/>
            <port dstActor="D0N17" name="p112" srcActor="D0N10"/>
            <port dstActor="D0N43" name="p113" srcActor="D0N20"/>
            <port dstActor="D0N45" name="p114" srcActor="D0N20"/>
            <port dstActor="D0N41" name="p115" srcActor="D0N30"/>
            <port dstActor="D0N37" name="p116" srcActor="D0N30"/>
            <port dstActor="D0N35" name="p117" srcActor="D0N30"/>
            <port dstActor="D0N22" name="p118" srcActor="D0N16"/>
            <port dstActor="D0N27" name="p119" srcActor="D0N16"/>
            <port dstActor="D0N33" name="p120" srcActor="D0N16"/>
            <port dstActor="D0N45" name="p121" srcActor="D0N16"/>
            <port dstActor="D0N49" name="p122" srcActor="D0N48"/>
            <port dstActor="D0N45" name="p123" srcActor="D0N12"/>
            <port dstActor="D0N36" name="p124" srcActor="D0N12"/>
            <port dstActor="D0N21" name="p125" srcActor="D0N12"/>
            <port dstActor="D0N38" name="p126" srcActor="D0N34"/>
            <port dstActor="D0N36" name="p127" srcActor="D0N34"/>
            <port dstActor="D0N42" name="p128" srcActor="D0N1"/>
            <port dstActor="D0N26" name="p129" srcActor="D0N1"/>
            <port dstActor="D0N36" name="p130" srcActor="D0N27"/>
            <port dstActor="D0N33" name="p131" srcActor="D0N27"/>
            <port dstActor="D0N19" name="p132" srcActor="D0N3"/>
            <port dstActor="D0N13" name="p133" srcActor="D0N3"/>
            <port dstActor="D0N4" name="p134" srcActor="D0N3"/>
            <port dstActor="D0N32" name="p135" srcActor="D0N3"/>
        </ports>
    </mcdag>
    <cores number="3"/>
    <levels number="2"/>
</mcsystem>
