<?xml version="1.0" encoding="UTF-8" standalone="no"?>
<mcsystem>
    <mcdag deadline="1200" name="genned-0-ed-10.0-0">
        <actor name="D0N35">
            <wcet number="0">10</wcet>
            <wcet number="1">30</wcet>
            <maxpow number="0.48092150570206643"/>
            <maxpow number="0.48092150570206643"/>
            <fprob>0.0</fprob>
        </actor>
        <actor name="D0N12">
            <wcet number="0">20</wcet>
            <wcet number="1">20</wcet>
            <maxpow number="0.8389048229776216"/>
            <maxpow number="0.8389048229776216"/>
            <fprob>0.0</fprob>
        </actor>
        <actor name="D0N36">
            <wcet number="0">30</wcet>
            <wcet number="1">80</wcet>
            <maxpow number="0.7182373148008374"/>
            <maxpow number="0.7182373148008374"/>
            <fprob>0.0</fprob>
        </actor>
        <actor name="D0N41">
            <wcet number="0">30</wcet>
            <wcet number="1">30</wcet>
            <maxpow number="0.4668067485414839"/>
            <maxpow number="0.4668067485414839"/>
            <fprob>0.0</fprob>
        </actor>
        <actor name="D0N32">
            <wcet number="0">30</wcet>
            <wcet number="1">40</wcet>
            <maxpow number="0.536197536353468"/>
            <maxpow number="0.536197536353468"/>
            <fprob>0.0</fprob>
        </actor>
        <actor name="D0N43">
            <wcet number="0">10</wcet>
            <wcet number="1">10</wcet>
            <maxpow number="0.0029580859110924784"/>
            <maxpow number="0.0029580859110924784"/>
            <fprob>0.0</fprob>
        </actor>
        <actor name="D0N45">
            <wcet number="0">50</wcet>
            <wcet number="1">50</wcet>
            <maxpow number="0.6197804807912468"/>
            <maxpow number="0.6197804807912468"/>
            <fprob>0.0</fprob>
        </actor>
        <actor name="D0N11">
            <wcet number="0">50</wcet>
            <wcet number="1">100</wcet>
            <maxpow number="0.4998075268338679"/>
            <maxpow number="0.4998075268338679"/>
            <fprob>0.0</fprob>
        </actor>
        <actor name="D0N42">
            <wcet number="0">10</wcet>
            <wcet number="1">100</wcet>
            <maxpow number="0.3578289728708705"/>
            <maxpow number="0.3578289728708705"/>
            <fprob>0.0</fprob>
        </actor>
        <actor name="D0N6">
            <wcet number="0">10</wcet>
            <wcet number="1">40</wcet>
            <maxpow number="0.7819215529442534"/>
            <maxpow number="0.7819215529442534"/>
            <fprob>0.0</fprob>
        </actor>
        <actor name="D0N19">
            <wcet number="0">100</wcet>
            <wcet number="1">160</wcet>
            <maxpow number="0.6737621355588148"/>
            <maxpow number="0.6737621355588148"/>
            <fprob>0.0</fprob>
        </actor>
        <actor name="D0N31">
            <wcet number="0">10</wcet>
            <wcet number="1">20</wcet>
            <maxpow number="0.7064504105562182"/>
            <maxpow number="0.7064504105562182"/>
            <fprob>0.0</fprob>
        </actor>
        <actor name="D0N28">
            <wcet number="0">20</wcet>
            <wcet number="1">20</wcet>
            <maxpow number="0.4800233151798468"/>
            <maxpow number="0.4800233151798468"/>
            <fprob>0.0</fprob>
        </actor>
        <actor name="D0N33">
            <wcet number="0">10</wcet>
            <wcet number="1">10</wcet>
            <maxpow number="0.9387443283443715"/>
            <maxpow number="0.9387443283443715"/>
            <fprob>0.0</fprob>
        </actor>
        <actor name="D0N14">
            <wcet number="0">20</wcet>
            <wcet number="1">20</wcet>
            <maxpow number="0.7529294505291184"/>
            <maxpow number="0.7529294505291184"/>
            <fprob>0.0</fprob>
        </actor>
        <actor name="D0N30">
            <wcet number="0">20</wcet>
            <wcet number="1">40</wcet>
            <maxpow number="0.22015420786529416"/>
            <maxpow number="0.22015420786529416"/>
            <fprob>0.0</fprob>
        </actor>
        <actor name="D0N37">
            <wcet number="0">40</wcet>
            <wcet number="1">40</wcet>
            <maxpow number="0.48976922494545705"/>
            <maxpow number="0.48976922494545705"/>
            <fprob>0.0</fprob>
        </actor>
        <actor name="D0N5">
            <wcet number="0">30</wcet>
            <wcet number="1">80</wcet>
            <maxpow number="0.36092383686099955"/>
            <maxpow number="0.36092383686099955"/>
            <fprob>0.0</fprob>
        </actor>
        <actor name="D0N15">
            <wcet number="0">10</wcet>
            <wcet number="1">20</wcet>
            <maxpow number="0.41205614174644667"/>
            <maxpow number="0.41205614174644667"/>
            <fprob>0.0</fprob>
        </actor>
        <actor name="D0N9">
            <wcet number="0">20</wcet>
            <wcet number="1">40</wcet>
            <maxpow number="0.3124034166371296"/>
            <maxpow number="0.3124034166371296"/>
            <fprob>0.0</fprob>
        </actor>
        <actor name="D0N34">
            <wcet number="0">30</wcet>
            <wcet number="1">50</wcet>
            <maxpow number="0.8598059011389614"/>
            <maxpow number="0.8598059011389614"/>
            <fprob>0.0</fprob>
        </actor>
        <actor name="D0N22">
            <wcet number="0">40</wcet>
            <wcet number="1">90</wcet>
            <maxpow number="0.4099044026318033"/>
            <maxpow number="0.4099044026318033"/>
            <fprob>0.0</fprob>
        </actor>
        <actor name="D0N18">
            <wcet number="0">40</wcet>
            <wcet number="1">80</wcet>
            <maxpow number="0.4212936531793515"/>
            <maxpow number="0.4212936531793515"/>
            <fprob>0.0</fprob>
        </actor>
        <actor name="D0N13">
            <wcet number="0">10</wcet>
            <wcet number="1">10</wcet>
            <maxpow number="0.24123276459992088"/>
            <maxpow number="0.24123276459992088"/>
            <fprob>0.0</fprob>
        </actor>
        <actor name="D0N4">
            <wcet number="0">90</wcet>
            <wcet number="1">200</wcet>
            <maxpow number="0.5196246395224615"/>
            <maxpow number="0.5196246395224615"/>
            <fprob>0.0</fprob>
        </actor>
        <actor name="D0N17">
            <wcet number="0">20</wcet>
            <wcet number="1">40</wcet>
            <maxpow number="0.40528141219965375"/>
            <maxpow number="0.40528141219965375"/>
            <fprob>0.0</fprob>
        </actor>
        <actor name="D0N24">
            <wcet number="0">10</wcet>
            <wcet number="1">30</wcet>
            <maxpow number="0.5400140123543279"/>
            <maxpow number="0.5400140123543279"/>
            <fprob>0.0</fprob>
        </actor>
        <actor name="D0N20">
            <wcet number="0">80</wcet>
            <wcet number="1">180</wcet>
            <maxpow number="0.48130457316976033"/>
            <maxpow number="0.48130457316976033"/>
            <fprob>0.0</fprob>
        </actor>
        <actor name="D0N10">
            <wcet number="0">30</wcet>
            <wcet number="1">70</wcet>
            <maxpow number="0.3593315046458081"/>
            <maxpow number="0.3593315046458081"/>
            <fprob>0.0</fprob>
        </actor>
        <actor name="D0N46">
            <wcet number="0">10</wcet>
            <wcet number="1">10</wcet>
            <maxpow number="0.7656378956962813"/>
            <maxpow number="0.7656378956962813"/>
            <fprob>0.0</fprob>
        </actor>
        <actor name="D0N23">
            <wcet number="0">50</wcet>
            <wcet number="1">300</wcet>
            <maxpow number="0.20184334867999293"/>
            <maxpow number="0.20184334867999293"/>
            <fprob>0.0</fprob>
        </actor>
        <actor name="D0N29">
            <wcet number="0">20</wcet>
            <wcet number="1">40</wcet>
            <maxpow number="0.8694871409770375"/>
            <maxpow number="0.8694871409770375"/>
            <fprob>0.0</fprob>
        </actor>
        <actor name="D0N21">
            <wcet number="0">130</wcet>
            <wcet number="1">130</wcet>
            <maxpow number="0.4392194485516447"/>
            <maxpow number="0.4392194485516447"/>
            <fprob>0.0</fprob>
        </actor>
        <actor name="D0N48">
            <wcet number="0">60</wcet>
            <wcet number="1">60</wcet>
            <maxpow number="0.6634865943396994"/>
            <maxpow number="0.6634865943396994"/>
            <fprob>0.0</fprob>
        </actor>
        <actor name="D0N27">
            <wcet number="0">70</wcet>
            <wcet number="1">80</wcet>
            <maxpow number="0.4146372294657569"/>
            <maxpow number="0.4146372294657569"/>
            <fprob>0.0</fprob>
        </actor>
        <actor name="D0N47">
            <wcet number="0">10</wcet>
            <wcet number="1">50</wcet>
            <maxpow number="0.5397968068695743"/>
            <maxpow number="0.5397968068695743"/>
            <fprob>0.0</fprob>
        </actor>
        <actor name="D0N40">
            <wcet number="0">70</wcet>
            <wcet number="1">100</wcet>
            <maxpow number="0.4147520963156238"/>
            <maxpow number="0.4147520963156238"/>
            <fprob>0.0</fprob>
        </actor>
        <actor name="D0N16">
            <wcet number="0">30</wcet>
            <wcet number="1">60</wcet>
            <maxpow number="0.7050047552906726"/>
            <maxpow number="0.7050047552906726"/>
            <fprob>0.0</fprob>
        </actor>
        <actor name="D0N1">
            <wcet number="0">30</wcet>
            <wcet number="1">70</wcet>
            <maxpow number="0.6961250826475859"/>
            <maxpow number="0.6961250826475859"/>
            <fprob>0.0</fprob>
        </actor>
        <actor name="D0N26">
            <wcet number="0">200</wcet>
            <wcet number="1">210</wcet>
            <maxpow number="0.26674095413676013"/>
            <maxpow number="0.26674095413676013"/>
            <fprob>0.0</fprob>
        </actor>
        <actor name="D0N8">
            <wcet number="0">10</wcet>
            <wcet number="1">20</wcet>
            <maxpow number="0.5609647821196291"/>
            <maxpow number="0.5609647821196291"/>
            <fprob>0.0</fprob>
        </actor>
        <actor name="D0N38">
            <wcet number="0">60</wcet>
            <wcet number="1">100</wcet>
            <maxpow number="0.47342046607761523"/>
            <maxpow number="0.47342046607761523"/>
            <fprob>0.0</fprob>
        </actor>
        <actor name="D0N0">
            <wcet number="0">40</wcet>
            <wcet number="1">40</wcet>
            <maxpow number="0.8562423185430758"/>
            <maxpow number="0.8562423185430758"/>
            <fprob>0.0</fprob>
        </actor>
        <actor name="D0N3">
            <wcet number="0">20</wcet>
            <wcet number="1">120</wcet>
            <maxpow number="0.5367146622937737"/>
            <maxpow number="0.5367146622937737"/>
            <fprob>0.0</fprob>
        </actor>
        <actor name="D0N7">
            <wcet number="0">50</wcet>
            <wcet number="1">70</wcet>
            <maxpow number="0.39234231454889956"/>
            <maxpow number="0.39234231454889956"/>
            <fprob>0.0</fprob>
        </actor>
        <actor name="D0N2">
            <wcet number="0">100</wcet>
            <wcet number="1">130</wcet>
            <maxpow number="0.7640247810523416"/>
            <maxpow number="0.7640247810523416"/>
            <fprob>0.0</fprob>
        </actor>
        <actor name="D0N25">
            <wcet number="0">50</wcet>
            <wcet number="1">60</wcet>
            <maxpow number="0.3766712000369532"/>
            <maxpow number="0.3766712000369532"/>
            <fprob>0.0</fprob>
        </actor>
        <actor name="D0N39">
            <wcet number="0">40</wcet>
            <wcet number="1">110</wcet>
            <maxpow number="0.42496786867094916"/>
            <maxpow number="0.42496786867094916"/>
            <fprob>0.0</fprob>
        </actor>
        <actor name="D0N44">
            <wcet number="0">10</wcet>
            <wcet number="1">20</wcet>
            <maxpow number="0.5339541191226017"/>
            <maxpow number="0.5339541191226017"/>
            <fprob>0.0</fprob>
        </actor>
        <ports>
            <port dstActor="D0N40" name="p0" srcActor="D0N35"/>
            <port dstActor="D0N41" name="p1" srcActor="D0N12"/>
            <port dstActor="D0N29" name="p2" srcActor="D0N12"/>
            <port dstActor="D0N42" name="p3" srcActor="D0N12"/>
            <port dstActor="D0N18" name="p4" srcActor="D0N12"/>
            <port dstActor="D0N31" name="p5" srcActor="D0N12"/>
            <port dstActor="D0N42" name="p6" srcActor="D0N36"/>
            <port dstActor="D0N47" name="p7" srcActor="D0N45"/>
            <port dstActor="D0N46" name="p8" srcActor="D0N11"/>
            <port dstActor="D0N47" name="p9" srcActor="D0N11"/>
            <port dstActor="D0N20" name="p10" srcActor="D0N11"/>
            <port dstActor="D0N31" name="p11" srcActor="D0N11"/>
            <port dstActor="D0N48" name="p12" srcActor="D0N42"/>
            <port dstActor="D0N23" name="p13" srcActor="D0N6"/>
            <port dstActor="D0N28" name="p14" srcActor="D0N6"/>
            <port dstActor="D0N36" name="p15" srcActor="D0N6"/>
            <port dstActor="D0N14" name="p16" srcActor="D0N6"/>
            <port dstActor="D0N20" name="p17" srcActor="D0N19"/>
            <port dstActor="D0N32" name="p18" srcActor="D0N19"/>
            <port dstActor="D0N38" name="p19" srcActor="D0N19"/>
            <port dstActor="D0N46" name="p20" srcActor="D0N19"/>
            <port dstActor="D0N36" name="p21" srcActor="D0N31"/>
            <port dstActor="D0N42" name="p22" srcActor="D0N31"/>
            <port dstActor="D0N45" name="p23" srcActor="D0N31"/>
            <port dstActor="D0N35" name="p24" srcActor="D0N28"/>
            <port dstActor="D0N41" name="p25" srcActor="D0N28"/>
            <port dstActor="D0N32" name="p26" srcActor="D0N28"/>
            <port dstActor="D0N39" name="p27" srcActor="D0N33"/>
            <port dstActor="D0N45" name="p28" srcActor="D0N33"/>
            <port dstActor="D0N38" name="p29" srcActor="D0N14"/>
            <port dstActor="D0N16" name="p30" srcActor="D0N14"/>
            <port dstActor="D0N25" name="p31" srcActor="D0N14"/>
            <port dstActor="D0N17" name="p32" srcActor="D0N14"/>
            <port dstActor="D0N46" name="p33" srcActor="D0N14"/>
            <port dstActor="D0N44" name="p34" srcActor="D0N14"/>
            <port dstActor="D0N36" name="p35" srcActor="D0N14"/>
            <port dstActor="D0N40" name="p36" srcActor="D0N14"/>
            <port dstActor="D0N31" name="p37" srcActor="D0N30"/>
            <port dstActor="D0N27" name="p38" srcActor="D0N5"/>
            <port dstActor="D0N13" name="p39" srcActor="D0N5"/>
            <port dstActor="D0N36" name="p40" srcActor="D0N5"/>
            <port dstActor="D0N24" name="p41" srcActor="D0N15"/>
            <port dstActor="D0N38" name="p42" srcActor="D0N15"/>
            <port dstActor="D0N42" name="p43" srcActor="D0N15"/>
            <port dstActor="D0N23" name="p44" srcActor="D0N9"/>
            <port dstActor="D0N31" name="p45" srcActor="D0N9"/>
            <port dstActor="D0N47" name="p46" srcActor="D0N9"/>
            <port dstActor="D0N34" name="p47" srcActor="D0N9"/>
            <port dstActor="D0N30" name="p48" srcActor="D0N9"/>
            <port dstActor="D0N37" name="p49" srcActor="D0N9"/>
            <port dstActor="D0N46" name="p50" srcActor="D0N34"/>
            <port dstActor="D0N45" name="p51" srcActor="D0N34"/>
            <port dstActor="D0N47" name="p52" srcActor="D0N34"/>
            <port dstActor="D0N26" name="p53" srcActor="D0N22"/>
            <port dstActor="D0N33" name="p54" srcActor="D0N22"/>
            <port dstActor="D0N39" name="p55" srcActor="D0N18"/>
            <port dstActor="D0N40" name="p56" srcActor="D0N18"/>
            <port dstActor="D0N20" name="p57" srcActor="D0N18"/>
            <port dstActor="D0N26" name="p58" srcActor="D0N13"/>
            <port dstActor="D0N40" name="p59" srcActor="D0N13"/>
            <port dstActor="D0N37" name="p60" srcActor="D0N4"/>
            <port dstActor="D0N41" name="p61" srcActor="D0N4"/>
            <port dstActor="D0N22" name="p62" srcActor="D0N17"/>
            <port dstActor="D0N40" name="p63" srcActor="D0N17"/>
            <port dstActor="D0N35" name="p64" srcActor="D0N17"/>
            <port dstActor="D0N37" name="p65" srcActor="D0N24"/>
            <port dstActor="D0N39" name="p66" srcActor="D0N24"/>
            <port dstActor="D0N41" name="p67" srcActor="D0N20"/>
            <port dstActor="D0N46" name="p68" srcActor="D0N20"/>
            <port dstActor="D0N25" name="p69" srcActor="D0N20"/>
            <port dstActor="D0N34" name="p70" srcActor="D0N20"/>
            <port dstActor="D0N32" name="p71" srcActor="D0N10"/>
            <port dstActor="D0N29" name="p72" srcActor="D0N10"/>
            <port dstActor="D0N24" name="p73" srcActor="D0N10"/>
            <port dstActor="D0N33" name="p74" srcActor="D0N10"/>
            <port dstActor="D0N14" name="p75" srcActor="D0N10"/>
            <port dstActor="D0N33" name="p76" srcActor="D0N23"/>
            <port dstActor="D0N48" name="p77" srcActor="D0N23"/>
            <port dstActor="D0N40" name="p78" srcActor="D0N23"/>
            <port dstActor="D0N28" name="p79" srcActor="D0N23"/>
            <port dstActor="D0N41" name="p80" srcActor="D0N23"/>
            <port dstActor="D0N31" name="p81" srcActor="D0N23"/>
            <port dstActor="D0N32" name="p82" srcActor="D0N23"/>
            <port dstActor="D0N47" name="p83" srcActor="D0N29"/>
            <port dstActor="D0N48" name="p84" srcActor="D0N29"/>
            <port dstActor="D0N41" name="p85" srcActor="D0N29"/>
            <port dstActor="D0N38" name="p86" srcActor="D0N21"/>
            <port dstActor="D0N27" name="p87" srcActor="D0N21"/>
            <port dstActor="D0N26" name="p88" srcActor="D0N21"/>
            <port dstActor="D0N41" name="p89" srcActor="D0N27"/>
            <port dstActor="D0N46" name="p90" srcActor="D0N27"/>
            <port dstActor="D0N28" name="p91" srcActor="D0N27"/>
            <port dstActor="D0N48" name="p92" srcActor="D0N47"/>
            <port dstActor="D0N26" name="p93" srcActor="D0N16"/>
            <port dstActor="D0N29" name="p94" srcActor="D0N16"/>
            <port dstActor="D0N31" name="p95" srcActor="D0N16"/>
            <port dstActor="D0N45" name="p96" srcActor="D0N16"/>
            <port dstActor="D0N19" name="p97" srcActor="D0N1"/>
            <port dstActor="D0N29" name="p98" srcActor="D0N1"/>
            <port dstActor="D0N48" name="p99" srcActor="D0N26"/>
            <port dstActor="D0N35" name="p100" srcActor="D0N26"/>
            <port dstActor="D0N43" name="p101" srcActor="D0N26"/>
            <port dstActor="D0N30" name="p102" srcActor="D0N26"/>
            <port dstActor="D0N29" name="p103" srcActor="D0N26"/>
            <port dstActor="D0N41" name="p104" srcActor="D0N8"/>
            <port dstActor="D0N40" name="p105" srcActor="D0N8"/>
            <port dstActor="D0N48" name="p106" srcActor="D0N38"/>
            <port dstActor="D0N24" name="p107" srcActor="D0N0"/>
            <port dstActor="D0N43" name="p108" srcActor="D0N0"/>
            <port dstActor="D0N41" name="p109" srcActor="D0N0"/>
            <port dstActor="D0N42" name="p110" srcActor="D0N0"/>
            <port dstActor="D0N42" name="p111" srcActor="D0N3"/>
            <port dstActor="D0N26" name="p112" srcActor="D0N3"/>
            <port dstActor="D0N44" name="p113" srcActor="D0N3"/>
            <port dstActor="D0N4" name="p114" srcActor="D0N3"/>
            <port dstActor="D0N15" name="p115" srcActor="D0N7"/>
            <port dstActor="D0N22" name="p116" srcActor="D0N7"/>
            <port dstActor="D0N46" name="p117" srcActor="D0N7"/>
            <port dstActor="D0N34" name="p118" srcActor="D0N7"/>
            <port dstActor="D0N28" name="p119" srcActor="D0N7"/>
            <port dstActor="D0N8" name="p120" srcActor="D0N2"/>
            <port dstActor="D0N11" name="p121" srcActor="D0N2"/>
            <port dstActor="D0N41" name="p122" srcActor="D0N2"/>
            <port dstActor="D0N37" name="p123" srcActor="D0N25"/>
            <port dstActor="D0N39" name="p124" srcActor="D0N25"/>
            <port dstActor="D0N42" name="p125" srcActor="D0N25"/>
            <port dstActor="D0N34" name="p126" srcActor="D0N25"/>
            <port dstActor="D0N42" name="p127" srcActor="D0N39"/>
            <port dstActor="D0N47" name="p128" srcActor="D0N39"/>
        </ports>
    </mcdag>
    <cores number="3"/>
    <levels number="2"/>
</mcsystem>
