<?xml version="1.0" encoding="UTF-8" standalone="no"?>
<mcsystem>
    <mcdag deadline="1200" name="genned-0-ed-10.0-0">
        <actor name="D0N36">
            <wcet number="0">30</wcet>
            <wcet number="1">40</wcet>
            <maxpow number="0.38683378713855365"/>
            <maxpow number="0.38683378713855365"/>
            <fprob>0.0</fprob>
        </actor>
        <actor name="D0N10">
            <wcet number="0">80</wcet>
            <wcet number="1">80</wcet>
            <maxpow number="0.3590276286973294"/>
            <maxpow number="0.3590276286973294"/>
            <fprob>0.0</fprob>
        </actor>
        <actor name="D0N3">
            <wcet number="0">10</wcet>
            <wcet number="1">30</wcet>
            <maxpow number="0.4205008678858443"/>
            <maxpow number="0.4205008678858443"/>
            <fprob>0.0</fprob>
        </actor>
        <actor name="D0N0">
            <wcet number="0">10</wcet>
            <wcet number="1">70</wcet>
            <maxpow number="0.34782728763700893"/>
            <maxpow number="0.34782728763700893"/>
            <fprob>0.0</fprob>
        </actor>
        <actor name="D0N23">
            <wcet number="0">40</wcet>
            <wcet number="1">50</wcet>
            <maxpow number="0.6983819927442921"/>
            <maxpow number="0.6983819927442921"/>
            <fprob>0.0</fprob>
        </actor>
        <actor name="D0N21">
            <wcet number="0">20</wcet>
            <wcet number="1">70</wcet>
            <maxpow number="0.6818559822543698"/>
            <maxpow number="0.6818559822543698"/>
            <fprob>0.0</fprob>
        </actor>
        <actor name="D0N33">
            <wcet number="0">100</wcet>
            <wcet number="1">100</wcet>
            <maxpow number="0.6433307255134186"/>
            <maxpow number="0.6433307255134186"/>
            <fprob>0.0</fprob>
        </actor>
        <actor name="D0N12">
            <wcet number="0">20</wcet>
            <wcet number="1">30</wcet>
            <maxpow number="0.7104309392443455"/>
            <maxpow number="0.7104309392443455"/>
            <fprob>0.0</fprob>
        </actor>
        <actor name="D0N22">
            <wcet number="0">70</wcet>
            <wcet number="1">70</wcet>
            <maxpow number="0.7229797975117888"/>
            <maxpow number="0.7229797975117888"/>
            <fprob>0.0</fprob>
        </actor>
        <actor name="D0N18">
            <wcet number="0">30</wcet>
            <wcet number="1">100</wcet>
            <maxpow number="0.2313402975665788"/>
            <maxpow number="0.2313402975665788"/>
            <fprob>0.0</fprob>
        </actor>
        <actor name="D0N34">
            <wcet number="0">10</wcet>
            <wcet number="1">10</wcet>
            <maxpow number="0.8922356338144208"/>
            <maxpow number="0.8922356338144208"/>
            <fprob>0.0</fprob>
        </actor>
        <actor name="D0N5">
            <wcet number="0">30</wcet>
            <wcet number="1">50</wcet>
            <maxpow number="0.479471716656052"/>
            <maxpow number="0.479471716656052"/>
            <fprob>0.0</fprob>
        </actor>
        <actor name="D0N25">
            <wcet number="0">30</wcet>
            <wcet number="1">30</wcet>
            <maxpow number="0.6214145510886753"/>
            <maxpow number="0.6214145510886753"/>
            <fprob>0.0</fprob>
        </actor>
        <actor name="D0N45">
            <wcet number="0">10</wcet>
            <wcet number="1">130</wcet>
            <maxpow number="0.6646464343189546"/>
            <maxpow number="0.6646464343189546"/>
            <fprob>0.0</fprob>
        </actor>
        <actor name="D0N40">
            <wcet number="0">20</wcet>
            <wcet number="1">30</wcet>
            <maxpow number="0.7068852713711172"/>
            <maxpow number="0.7068852713711172"/>
            <fprob>0.0</fprob>
        </actor>
        <actor name="D0N42">
            <wcet number="0">10</wcet>
            <wcet number="1">20</wcet>
            <maxpow number="0.6906912545446007"/>
            <maxpow number="0.6906912545446007"/>
            <fprob>0.0</fprob>
        </actor>
        <actor name="D0N6">
            <wcet number="0">10</wcet>
            <wcet number="1">30</wcet>
            <maxpow number="0.5044542131014086"/>
            <maxpow number="0.5044542131014086"/>
            <fprob>0.0</fprob>
        </actor>
        <actor name="D0N37">
            <wcet number="0">10</wcet>
            <wcet number="1">20</wcet>
            <maxpow number="0.4594986928972091"/>
            <maxpow number="0.4594986928972091"/>
            <fprob>0.0</fprob>
        </actor>
        <actor name="D0N9">
            <wcet number="0">50</wcet>
            <wcet number="1">60</wcet>
            <maxpow number="0.49801921279869976"/>
            <maxpow number="0.49801921279869976"/>
            <fprob>0.0</fprob>
        </actor>
        <actor name="D0N35">
            <wcet number="0">10</wcet>
            <wcet number="1">10</wcet>
            <maxpow number="0.42624352321012643"/>
            <maxpow number="0.42624352321012643"/>
            <fprob>0.0</fprob>
        </actor>
        <actor name="D0N46">
            <wcet number="0">20</wcet>
            <wcet number="1">40</wcet>
            <maxpow number="0.6089159837182538"/>
            <maxpow number="0.6089159837182538"/>
            <fprob>0.0</fprob>
        </actor>
        <actor name="D0N39">
            <wcet number="0">120</wcet>
            <wcet number="1">120</wcet>
            <maxpow number="0.48258257028651463"/>
            <maxpow number="0.48258257028651463"/>
            <fprob>0.0</fprob>
        </actor>
        <actor name="D0N26">
            <wcet number="0">50</wcet>
            <wcet number="1">60</wcet>
            <maxpow number="0.8131577899706597"/>
            <maxpow number="0.8131577899706597"/>
            <fprob>0.0</fprob>
        </actor>
        <actor name="D0N13">
            <wcet number="0">20</wcet>
            <wcet number="1">70</wcet>
            <maxpow number="0.680061198776318"/>
            <maxpow number="0.680061198776318"/>
            <fprob>0.0</fprob>
        </actor>
        <actor name="D0N31">
            <wcet number="0">10</wcet>
            <wcet number="1">10</wcet>
            <maxpow number="0.6401591338540381"/>
            <maxpow number="0.6401591338540381"/>
            <fprob>0.0</fprob>
        </actor>
        <actor name="D0N14">
            <wcet number="0">30</wcet>
            <wcet number="1">40</wcet>
            <maxpow number="0.5649414653368312"/>
            <maxpow number="0.5649414653368312"/>
            <fprob>0.0</fprob>
        </actor>
        <actor name="D0N7">
            <wcet number="0">10</wcet>
            <wcet number="1">30</wcet>
            <maxpow number="0.6722446130911652"/>
            <maxpow number="0.6722446130911652"/>
            <fprob>0.0</fprob>
        </actor>
        <actor name="D0N1">
            <wcet number="0">10</wcet>
            <wcet number="1">40</wcet>
            <maxpow number="0.9140164827393755"/>
            <maxpow number="0.9140164827393755"/>
            <fprob>0.0</fprob>
        </actor>
        <actor name="D0N32">
            <wcet number="0">170</wcet>
            <wcet number="1">200</wcet>
            <maxpow number="0.5825918868009995"/>
            <maxpow number="0.5825918868009995"/>
            <fprob>0.0</fprob>
        </actor>
        <actor name="D0N20">
            <wcet number="0">170</wcet>
            <wcet number="1">280</wcet>
            <maxpow number="0.1929050369000016"/>
            <maxpow number="0.1929050369000016"/>
            <fprob>0.0</fprob>
        </actor>
        <actor name="D0N27">
            <wcet number="0">30</wcet>
            <wcet number="1">50</wcet>
            <maxpow number="0.3519864025701954"/>
            <maxpow number="0.3519864025701954"/>
            <fprob>0.0</fprob>
        </actor>
        <actor name="D0N43">
            <wcet number="0">10</wcet>
            <wcet number="1">50</wcet>
            <maxpow number="0.4929741265658641"/>
            <maxpow number="0.4929741265658641"/>
            <fprob>0.0</fprob>
        </actor>
        <actor name="D0N19">
            <wcet number="0">20</wcet>
            <wcet number="1">30</wcet>
            <maxpow number="0.5653481158114115"/>
            <maxpow number="0.5653481158114115"/>
            <fprob>0.0</fprob>
        </actor>
        <actor name="D0N11">
            <wcet number="0">300</wcet>
            <wcet number="1">320</wcet>
            <maxpow number="0.5622035720265607"/>
            <maxpow number="0.5622035720265607"/>
            <fprob>0.0</fprob>
        </actor>
        <actor name="D0N4">
            <wcet number="0">40</wcet>
            <wcet number="1">130</wcet>
            <maxpow number="0.3147929731798268"/>
            <maxpow number="0.3147929731798268"/>
            <fprob>0.0</fprob>
        </actor>
        <actor name="D0N41">
            <wcet number="0">10</wcet>
            <wcet number="1">30</wcet>
            <maxpow number="0.27427336605106173"/>
            <maxpow number="0.27427336605106173"/>
            <fprob>0.0</fprob>
        </actor>
        <actor name="D0N17">
            <wcet number="0">40</wcet>
            <wcet number="1">130</wcet>
            <maxpow number="0.882509233582442"/>
            <maxpow number="0.882509233582442"/>
            <fprob>0.0</fprob>
        </actor>
        <actor name="D0N30">
            <wcet number="0">10</wcet>
            <wcet number="1">10</wcet>
            <maxpow number="0.6515547222996815"/>
            <maxpow number="0.6515547222996815"/>
            <fprob>0.0</fprob>
        </actor>
        <actor name="D0N2">
            <wcet number="0">10</wcet>
            <wcet number="1">60</wcet>
            <maxpow number="0.3146439823615152"/>
            <maxpow number="0.3146439823615152"/>
            <fprob>0.0</fprob>
        </actor>
        <actor name="D0N44">
            <wcet number="0">20</wcet>
            <wcet number="1">60</wcet>
            <maxpow number="0.38647465676396375"/>
            <maxpow number="0.38647465676396375"/>
            <fprob>0.0</fprob>
        </actor>
        <actor name="D0N38">
            <wcet number="0">50</wcet>
            <wcet number="1">50</wcet>
            <maxpow number="0.5206545727862276"/>
            <maxpow number="0.5206545727862276"/>
            <fprob>0.0</fprob>
        </actor>
        <actor name="D0N29">
            <wcet number="0">40</wcet>
            <wcet number="1">60</wcet>
            <maxpow number="0.5497317562629712"/>
            <maxpow number="0.5497317562629712"/>
            <fprob>0.0</fprob>
        </actor>
        <actor name="D0N8">
            <wcet number="0">10</wcet>
            <wcet number="1">10</wcet>
            <maxpow number="0.6546202865745394"/>
            <maxpow number="0.6546202865745394"/>
            <fprob>0.0</fprob>
        </actor>
        <actor name="D0N24">
            <wcet number="0">70</wcet>
            <wcet number="1">100</wcet>
            <maxpow number="0.34604784609822936"/>
            <maxpow number="0.34604784609822936"/>
            <fprob>0.0</fprob>
        </actor>
        <actor name="D0N15">
            <wcet number="0">70</wcet>
            <wcet number="1">140</wcet>
            <maxpow number="0.7373945475163746"/>
            <maxpow number="0.7373945475163746"/>
            <fprob>0.0</fprob>
        </actor>
        <actor name="D0N16">
            <wcet number="0">50</wcet>
            <wcet number="1">50</wcet>
            <maxpow number="0.5208173610491992"/>
            <maxpow number="0.5208173610491992"/>
            <fprob>0.0</fprob>
        </actor>
        <actor name="D0N28">
            <wcet number="0">30</wcet>
            <wcet number="1">40</wcet>
            <maxpow number="0.4684648420377519"/>
            <maxpow number="0.4684648420377519"/>
            <fprob>0.0</fprob>
        </actor>
        <ports>
            <port dstActor="D0N40" name="p0" srcActor="D0N36"/>
            <port dstActor="D0N38" name="p1" srcActor="D0N10"/>
            <port dstActor="D0N28" name="p2" srcActor="D0N10"/>
            <port dstActor="D0N27" name="p3" srcActor="D0N10"/>
            <port dstActor="D0N16" name="p4" srcActor="D0N10"/>
            <port dstActor="D0N15" name="p5" srcActor="D0N3"/>
            <port dstActor="D0N38" name="p6" srcActor="D0N3"/>
            <port dstActor="D0N13" name="p7" srcActor="D0N3"/>
            <port dstActor="D0N12" name="p8" srcActor="D0N3"/>
            <port dstActor="D0N20" name="p9" srcActor="D0N3"/>
            <port dstActor="D0N27" name="p10" srcActor="D0N3"/>
            <port dstActor="D0N18" name="p11" srcActor="D0N3"/>
            <port dstActor="D0N27" name="p12" srcActor="D0N0"/>
            <port dstActor="D0N11" name="p13" srcActor="D0N0"/>
            <port dstActor="D0N31" name="p14" srcActor="D0N0"/>
            <port dstActor="D0N33" name="p15" srcActor="D0N0"/>
            <port dstActor="D0N34" name="p16" srcActor="D0N0"/>
            <port dstActor="D0N40" name="p17" srcActor="D0N0"/>
            <port dstActor="D0N1" name="p18" srcActor="D0N0"/>
            <port dstActor="D0N21" name="p19" srcActor="D0N0"/>
            <port dstActor="D0N42" name="p20" srcActor="D0N23"/>
            <port dstActor="D0N32" name="p21" srcActor="D0N23"/>
            <port dstActor="D0N31" name="p22" srcActor="D0N21"/>
            <port dstActor="D0N42" name="p23" srcActor="D0N21"/>
            <port dstActor="D0N24" name="p24" srcActor="D0N21"/>
            <port dstActor="D0N29" name="p25" srcActor="D0N12"/>
            <port dstActor="D0N42" name="p26" srcActor="D0N12"/>
            <port dstActor="D0N14" name="p27" srcActor="D0N12"/>
            <port dstActor="D0N30" name="p28" srcActor="D0N12"/>
            <port dstActor="D0N26" name="p29" srcActor="D0N18"/>
            <port dstActor="D0N37" name="p30" srcActor="D0N18"/>
            <port dstActor="D0N25" name="p31" srcActor="D0N18"/>
            <port dstActor="D0N35" name="p32" srcActor="D0N18"/>
            <port dstActor="D0N44" name="p33" srcActor="D0N18"/>
            <port dstActor="D0N45" name="p34" srcActor="D0N34"/>
            <port dstActor="D0N35" name="p35" srcActor="D0N5"/>
            <port dstActor="D0N33" name="p36" srcActor="D0N5"/>
            <port dstActor="D0N11" name="p37" srcActor="D0N5"/>
            <port dstActor="D0N23" name="p38" srcActor="D0N5"/>
            <port dstActor="D0N44" name="p39" srcActor="D0N25"/>
            <port dstActor="D0N32" name="p40" srcActor="D0N25"/>
            <port dstActor="D0N46" name="p41" srcActor="D0N45"/>
            <port dstActor="D0N44" name="p42" srcActor="D0N40"/>
            <port dstActor="D0N18" name="p43" srcActor="D0N6"/>
            <port dstActor="D0N39" name="p44" srcActor="D0N6"/>
            <port dstActor="D0N19" name="p45" srcActor="D0N6"/>
            <port dstActor="D0N9" name="p46" srcActor="D0N6"/>
            <port dstActor="D0N23" name="p47" srcActor="D0N6"/>
            <port dstActor="D0N17" name="p48" srcActor="D0N6"/>
            <port dstActor="D0N31" name="p49" srcActor="D0N6"/>
            <port dstActor="D0N42" name="p50" srcActor="D0N37"/>
            <port dstActor="D0N41" name="p51" srcActor="D0N37"/>
            <port dstActor="D0N46" name="p52" srcActor="D0N9"/>
            <port dstActor="D0N21" name="p53" srcActor="D0N9"/>
            <port dstActor="D0N23" name="p54" srcActor="D0N9"/>
            <port dstActor="D0N16" name="p55" srcActor="D0N9"/>
            <port dstActor="D0N45" name="p56" srcActor="D0N35"/>
            <port dstActor="D0N43" name="p57" srcActor="D0N35"/>
            <port dstActor="D0N41" name="p58" srcActor="D0N39"/>
            <port dstActor="D0N40" name="p59" srcActor="D0N26"/>
            <port dstActor="D0N34" name="p60" srcActor="D0N26"/>
            <port dstActor="D0N41" name="p61" srcActor="D0N26"/>
            <port dstActor="D0N21" name="p62" srcActor="D0N13"/>
            <port dstActor="D0N18" name="p63" srcActor="D0N13"/>
            <port dstActor="D0N23" name="p64" srcActor="D0N13"/>
            <port dstActor="D0N36" name="p65" srcActor="D0N13"/>
            <port dstActor="D0N25" name="p66" srcActor="D0N13"/>
            <port dstActor="D0N30" name="p67" srcActor="D0N13"/>
            <port dstActor="D0N42" name="p68" srcActor="D0N31"/>
            <port dstActor="D0N45" name="p69" srcActor="D0N31"/>
            <port dstActor="D0N34" name="p70" srcActor="D0N31"/>
            <port dstActor="D0N38" name="p71" srcActor="D0N14"/>
            <port dstActor="D0N8" name="p72" srcActor="D0N1"/>
            <port dstActor="D0N28" name="p73" srcActor="D0N1"/>
            <port dstActor="D0N44" name="p74" srcActor="D0N32"/>
            <port dstActor="D0N28" name="p75" srcActor="D0N20"/>
            <port dstActor="D0N34" name="p76" srcActor="D0N20"/>
            <port dstActor="D0N27" name="p77" srcActor="D0N20"/>
            <port dstActor="D0N46" name="p78" srcActor="D0N20"/>
            <port dstActor="D0N38" name="p79" srcActor="D0N19"/>
            <port dstActor="D0N42" name="p80" srcActor="D0N19"/>
            <port dstActor="D0N39" name="p81" srcActor="D0N19"/>
            <port dstActor="D0N41" name="p82" srcActor="D0N19"/>
            <port dstActor="D0N20" name="p83" srcActor="D0N11"/>
            <port dstActor="D0N30" name="p84" srcActor="D0N11"/>
            <port dstActor="D0N44" name="p85" srcActor="D0N11"/>
            <port dstActor="D0N25" name="p86" srcActor="D0N4"/>
            <port dstActor="D0N6" name="p87" srcActor="D0N4"/>
            <port dstActor="D0N10" name="p88" srcActor="D0N4"/>
            <port dstActor="D0N44" name="p89" srcActor="D0N41"/>
            <port dstActor="D0N46" name="p90" srcActor="D0N17"/>
            <port dstActor="D0N45" name="p91" srcActor="D0N17"/>
            <port dstActor="D0N42" name="p92" srcActor="D0N17"/>
            <port dstActor="D0N41" name="p93" srcActor="D0N17"/>
            <port dstActor="D0N44" name="p94" srcActor="D0N30"/>
            <port dstActor="D0N6" name="p95" srcActor="D0N2"/>
            <port dstActor="D0N7" name="p96" srcActor="D0N2"/>
            <port dstActor="D0N46" name="p97" srcActor="D0N2"/>
            <port dstActor="D0N45" name="p98" srcActor="D0N29"/>
            <port dstActor="D0N43" name="p99" srcActor="D0N29"/>
            <port dstActor="D0N39" name="p100" srcActor="D0N29"/>
            <port dstActor="D0N15" name="p101" srcActor="D0N8"/>
            <port dstActor="D0N31" name="p102" srcActor="D0N8"/>
            <port dstActor="D0N44" name="p103" srcActor="D0N8"/>
            <port dstActor="D0N28" name="p104" srcActor="D0N24"/>
            <port dstActor="D0N37" name="p105" srcActor="D0N24"/>
            <port dstActor="D0N44" name="p106" srcActor="D0N24"/>
            <port dstActor="D0N27" name="p107" srcActor="D0N15"/>
            <port dstActor="D0N45" name="p108" srcActor="D0N15"/>
            <port dstActor="D0N29" name="p109" srcActor="D0N15"/>
            <port dstActor="D0N34" name="p110" srcActor="D0N16"/>
            <port dstActor="D0N42" name="p111" srcActor="D0N16"/>
            <port dstActor="D0N25" name="p112" srcActor="D0N16"/>
            <port dstActor="D0N37" name="p113" srcActor="D0N28"/>
            <port dstActor="D0N33" name="p114" srcActor="D0N28"/>
        </ports>
    </mcdag>
    <cores number="3"/>
    <levels number="2"/>
</mcsystem>
