<?xml version="1.0" encoding="UTF-8" standalone="no"?>
<mcsystem>
    <mcdag deadline="4000" name="genned-0-ed-10.0-0">
        <actor name="D0N26">
            <wcet number="0">10</wcet>
            <wcet number="1">10</wcet>
            <maxpow number="0.4033604285719477"/>
            <maxpow number="0.4033604285719477"/>
            <fprob>0.0</fprob>
        </actor>
        <actor name="D0N16">
            <wcet number="0">70</wcet>
            <wcet number="1">140</wcet>
            <maxpow number="0.5023711251329992"/>
            <maxpow number="0.5023711251329992"/>
            <fprob>0.0</fprob>
        </actor>
        <actor name="D0N4">
            <wcet number="0">200</wcet>
            <wcet number="1">230</wcet>
            <maxpow number="0.5659196931094091"/>
            <maxpow number="0.5659196931094091"/>
            <fprob>0.0</fprob>
        </actor>
        <actor name="D0N7">
            <wcet number="0">90</wcet>
            <wcet number="1">150</wcet>
            <maxpow number="0.5482234198021818"/>
            <maxpow number="0.5482234198021818"/>
            <fprob>0.0</fprob>
        </actor>
        <actor name="D0N19">
            <wcet number="0">80</wcet>
            <wcet number="1">100</wcet>
            <maxpow number="0.4383709418351353"/>
            <maxpow number="0.4383709418351353"/>
            <fprob>0.0</fprob>
        </actor>
        <actor name="D0N13">
            <wcet number="0">180</wcet>
            <wcet number="1">380</wcet>
            <maxpow number="0.5914532979655959"/>
            <maxpow number="0.5914532979655959"/>
            <fprob>0.0</fprob>
        </actor>
        <actor name="D0N39">
            <wcet number="0">130</wcet>
            <wcet number="1">140</wcet>
            <maxpow number="0.9354114872590439"/>
            <maxpow number="0.9354114872590439"/>
            <fprob>0.0</fprob>
        </actor>
        <actor name="D0N31">
            <wcet number="0">70</wcet>
            <wcet number="1">320</wcet>
            <maxpow number="0.5598332700590591"/>
            <maxpow number="0.5598332700590591"/>
            <fprob>0.0</fprob>
        </actor>
        <actor name="D0N45">
            <wcet number="0">100</wcet>
            <wcet number="1">170</wcet>
            <maxpow number="0.6753714586793409"/>
            <maxpow number="0.6753714586793409"/>
            <fprob>0.0</fprob>
        </actor>
        <actor name="D0N0">
            <wcet number="0">270</wcet>
            <wcet number="1">420</wcet>
            <maxpow number="0.5175013131812178"/>
            <maxpow number="0.5175013131812178"/>
            <fprob>0.0</fprob>
        </actor>
        <actor name="D0N15">
            <wcet number="0">480</wcet>
            <wcet number="1">530</wcet>
            <maxpow number="0.14322625452839582"/>
            <maxpow number="0.14322625452839582"/>
            <fprob>0.0</fprob>
        </actor>
        <actor name="D0N49">
            <wcet number="0">430</wcet>
            <wcet number="1">580</wcet>
            <maxpow number="0.5029485646179657"/>
            <maxpow number="0.5029485646179657"/>
            <fprob>0.0</fprob>
        </actor>
        <actor name="D0N22">
            <wcet number="0">270</wcet>
            <wcet number="1">280</wcet>
            <maxpow number="0.6514614151904535"/>
            <maxpow number="0.6514614151904535"/>
            <fprob>0.0</fprob>
        </actor>
        <actor name="D0N20">
            <wcet number="0">30</wcet>
            <wcet number="1">30</wcet>
            <maxpow number="0.45060075335363187"/>
            <maxpow number="0.45060075335363187"/>
            <fprob>0.0</fprob>
        </actor>
        <actor name="D0N12">
            <wcet number="0">20</wcet>
            <wcet number="1">120</wcet>
            <maxpow number="0.33274157307871094"/>
            <maxpow number="0.33274157307871094"/>
            <fprob>0.0</fprob>
        </actor>
        <actor name="D0N23">
            <wcet number="0">30</wcet>
            <wcet number="1">200</wcet>
            <maxpow number="0.7064677976367935"/>
            <maxpow number="0.7064677976367935"/>
            <fprob>0.0</fprob>
        </actor>
        <actor name="D0N44">
            <wcet number="0">40</wcet>
            <wcet number="1">330</wcet>
            <maxpow number="0.5170665101320182"/>
            <maxpow number="0.5170665101320182"/>
            <fprob>0.0</fprob>
        </actor>
        <actor name="D0N8">
            <wcet number="0">10</wcet>
            <wcet number="1">40</wcet>
            <maxpow number="0.7140791490640731"/>
            <maxpow number="0.7140791490640731"/>
            <fprob>0.0</fprob>
        </actor>
        <actor name="D0N25">
            <wcet number="0">80</wcet>
            <wcet number="1">150</wcet>
            <maxpow number="0.5897790893027028"/>
            <maxpow number="0.5897790893027028"/>
            <fprob>0.0</fprob>
        </actor>
        <actor name="D0N30">
            <wcet number="0">10</wcet>
            <wcet number="1">40</wcet>
            <maxpow number="0.7903907159401158"/>
            <maxpow number="0.7903907159401158"/>
            <fprob>0.0</fprob>
        </actor>
        <actor name="D0N17">
            <wcet number="0">240</wcet>
            <wcet number="1">360</wcet>
            <maxpow number="0.6264447802962441"/>
            <maxpow number="0.6264447802962441"/>
            <fprob>0.0</fprob>
        </actor>
        <actor name="D0N10">
            <wcet number="0">10</wcet>
            <wcet number="1">80</wcet>
            <maxpow number="0.877396481942076"/>
            <maxpow number="0.877396481942076"/>
            <fprob>0.0</fprob>
        </actor>
        <actor name="D0N18">
            <wcet number="0">80</wcet>
            <wcet number="1">90</wcet>
            <maxpow number="0.48623998050372186"/>
            <maxpow number="0.48623998050372186"/>
            <fprob>0.0</fprob>
        </actor>
        <actor name="D0N6">
            <wcet number="0">110</wcet>
            <wcet number="1">140</wcet>
            <maxpow number="0.5775600663671709"/>
            <maxpow number="0.5775600663671709"/>
            <fprob>0.0</fprob>
        </actor>
        <actor name="D0N27">
            <wcet number="0">50</wcet>
            <wcet number="1">50</wcet>
            <maxpow number="0.5994118470656898"/>
            <maxpow number="0.5994118470656898"/>
            <fprob>0.0</fprob>
        </actor>
        <actor name="D0N32">
            <wcet number="0">380</wcet>
            <wcet number="1">570</wcet>
            <maxpow number="0.7737998062726219"/>
            <maxpow number="0.7737998062726219"/>
            <fprob>0.0</fprob>
        </actor>
        <actor name="D0N43">
            <wcet number="0">70</wcet>
            <wcet number="1">250</wcet>
            <maxpow number="0.11671245470353148"/>
            <maxpow number="0.11671245470353148"/>
            <fprob>0.0</fprob>
        </actor>
        <actor name="D0N36">
            <wcet number="0">40</wcet>
            <wcet number="1">70</wcet>
            <maxpow number="0.529503077851796"/>
            <maxpow number="0.529503077851796"/>
            <fprob>0.0</fprob>
        </actor>
        <actor name="D0N46">
            <wcet number="0">70</wcet>
            <wcet number="1">80</wcet>
            <maxpow number="0.3698049175869513"/>
            <maxpow number="0.3698049175869513"/>
            <fprob>0.0</fprob>
        </actor>
        <actor name="D0N2">
            <wcet number="0">10</wcet>
            <wcet number="1">10</wcet>
            <maxpow number="0.4354686251768992"/>
            <maxpow number="0.4354686251768992"/>
            <fprob>0.0</fprob>
        </actor>
        <actor name="D0N38">
            <wcet number="0">90</wcet>
            <wcet number="1">130</wcet>
            <maxpow number="0.4410339180323979"/>
            <maxpow number="0.4410339180323979"/>
            <fprob>0.0</fprob>
        </actor>
        <actor name="D0N5">
            <wcet number="0">150</wcet>
            <wcet number="1">550</wcet>
            <maxpow number="0.5793484953712315"/>
            <maxpow number="0.5793484953712315"/>
            <fprob>0.0</fprob>
        </actor>
        <actor name="D0N28">
            <wcet number="0">260</wcet>
            <wcet number="1">470</wcet>
            <maxpow number="0.7279343410080942"/>
            <maxpow number="0.7279343410080942"/>
            <fprob>0.0</fprob>
        </actor>
        <actor name="D0N33">
            <wcet number="0">40</wcet>
            <wcet number="1">70</wcet>
            <maxpow number="0.5017893056239308"/>
            <maxpow number="0.5017893056239308"/>
            <fprob>0.0</fprob>
        </actor>
        <actor name="D0N34">
            <wcet number="0">180</wcet>
            <wcet number="1">410</wcet>
            <maxpow number="0.36412809301514326"/>
            <maxpow number="0.36412809301514326"/>
            <fprob>0.0</fprob>
        </actor>
        <actor name="D0N48">
            <wcet number="0">10</wcet>
            <wcet number="1">10</wcet>
            <maxpow number="0.3466711143087155"/>
            <maxpow number="0.3466711143087155"/>
            <fprob>0.0</fprob>
        </actor>
        <actor name="D0N47">
            <wcet number="0">450</wcet>
            <wcet number="1">500</wcet>
            <maxpow number="0.5401818528225236"/>
            <maxpow number="0.5401818528225236"/>
            <fprob>0.0</fprob>
        </actor>
        <actor name="D0N41">
            <wcet number="0">150</wcet>
            <wcet number="1">200</wcet>
            <maxpow number="0.5907394565562836"/>
            <maxpow number="0.5907394565562836"/>
            <fprob>0.0</fprob>
        </actor>
        <actor name="D0N11">
            <wcet number="0">310</wcet>
            <wcet number="1">470</wcet>
            <maxpow number="0.49702914478017024"/>
            <maxpow number="0.49702914478017024"/>
            <fprob>0.0</fprob>
        </actor>
        <actor name="D0N14">
            <wcet number="0">50</wcet>
            <wcet number="1">80</wcet>
            <maxpow number="0.5381599439129732"/>
            <maxpow number="0.5381599439129732"/>
            <fprob>0.0</fprob>
        </actor>
        <actor name="D0N9">
            <wcet number="0">100</wcet>
            <wcet number="1">350</wcet>
            <maxpow number="0.5613542987969212"/>
            <maxpow number="0.5613542987969212"/>
            <fprob>0.0</fprob>
        </actor>
        <actor name="D0N40">
            <wcet number="0">60</wcet>
            <wcet number="1">60</wcet>
            <maxpow number="0.5015925963023891"/>
            <maxpow number="0.5015925963023891"/>
            <fprob>0.0</fprob>
        </actor>
        <actor name="D0N42">
            <wcet number="0">20</wcet>
            <wcet number="1">40</wcet>
            <maxpow number="0.6427994119417857"/>
            <maxpow number="0.6427994119417857"/>
            <fprob>0.0</fprob>
        </actor>
        <actor name="D0N1">
            <wcet number="0">220</wcet>
            <wcet number="1">220</wcet>
            <maxpow number="0.30152596483089017"/>
            <maxpow number="0.30152596483089017"/>
            <fprob>0.0</fprob>
        </actor>
        <actor name="D0N29">
            <wcet number="0">10</wcet>
            <wcet number="1">30</wcet>
            <maxpow number="0.7426977448307314"/>
            <maxpow number="0.7426977448307314"/>
            <fprob>0.0</fprob>
        </actor>
        <actor name="D0N3">
            <wcet number="0">50</wcet>
            <wcet number="1">90</wcet>
            <maxpow number="0.45740335695631046"/>
            <maxpow number="0.45740335695631046"/>
            <fprob>0.0</fprob>
        </actor>
        <actor name="D0N21">
            <wcet number="0">110</wcet>
            <wcet number="1">140</wcet>
            <maxpow number="0.4843332909400058"/>
            <maxpow number="0.4843332909400058"/>
            <fprob>0.0</fprob>
        </actor>
        <actor name="D0N37">
            <wcet number="0">210</wcet>
            <wcet number="1">310</wcet>
            <maxpow number="0.14375161675608078"/>
            <maxpow number="0.14375161675608078"/>
            <fprob>0.0</fprob>
        </actor>
        <actor name="D0N35">
            <wcet number="0">70</wcet>
            <wcet number="1">100</wcet>
            <maxpow number="0.47658496145119456"/>
            <maxpow number="0.47658496145119456"/>
            <fprob>0.0</fprob>
        </actor>
        <actor name="D0N24">
            <wcet number="0">330</wcet>
            <wcet number="1">510</wcet>
            <maxpow number="0.4737194780238563"/>
            <maxpow number="0.4737194780238563"/>
            <fprob>0.0</fprob>
        </actor>
        <ports>
            <port dstActor="D0N38" name="p0" srcActor="D0N16"/>
            <port dstActor="D0N48" name="p1" srcActor="D0N16"/>
            <port dstActor="D0N19" name="p2" srcActor="D0N16"/>
            <port dstActor="D0N18" name="p3" srcActor="D0N16"/>
            <port dstActor="D0N15" name="p4" srcActor="D0N4"/>
            <port dstActor="D0N35" name="p5" srcActor="D0N4"/>
            <port dstActor="D0N14" name="p6" srcActor="D0N4"/>
            <port dstActor="D0N16" name="p7" srcActor="D0N4"/>
            <port dstActor="D0N44" name="p8" srcActor="D0N7"/>
            <port dstActor="D0N41" name="p9" srcActor="D0N19"/>
            <port dstActor="D0N38" name="p10" srcActor="D0N19"/>
            <port dstActor="D0N25" name="p11" srcActor="D0N19"/>
            <port dstActor="D0N33" name="p12" srcActor="D0N19"/>
            <port dstActor="D0N48" name="p13" srcActor="D0N13"/>
            <port dstActor="D0N45" name="p14" srcActor="D0N13"/>
            <port dstActor="D0N38" name="p15" srcActor="D0N13"/>
            <port dstActor="D0N25" name="p16" srcActor="D0N13"/>
            <port dstActor="D0N28" name="p17" srcActor="D0N13"/>
            <port dstActor="D0N48" name="p18" srcActor="D0N39"/>
            <port dstActor="D0N44" name="p19" srcActor="D0N39"/>
            <port dstActor="D0N36" name="p20" srcActor="D0N31"/>
            <port dstActor="D0N40" name="p21" srcActor="D0N31"/>
            <port dstActor="D0N48" name="p22" srcActor="D0N31"/>
            <port dstActor="D0N42" name="p23" srcActor="D0N31"/>
            <port dstActor="D0N49" name="p24" srcActor="D0N45"/>
            <port dstActor="D0N32" name="p25" srcActor="D0N0"/>
            <port dstActor="D0N47" name="p26" srcActor="D0N0"/>
            <port dstActor="D0N19" name="p27" srcActor="D0N0"/>
            <port dstActor="D0N15" name="p28" srcActor="D0N0"/>
            <port dstActor="D0N46" name="p29" srcActor="D0N0"/>
            <port dstActor="D0N4" name="p30" srcActor="D0N0"/>
            <port dstActor="D0N36" name="p31" srcActor="D0N15"/>
            <port dstActor="D0N22" name="p32" srcActor="D0N15"/>
            <port dstActor="D0N18" name="p33" srcActor="D0N15"/>
            <port dstActor="D0N40" name="p34" srcActor="D0N15"/>
            <port dstActor="D0N26" name="p35" srcActor="D0N15"/>
            <port dstActor="D0N26" name="p36" srcActor="D0N22"/>
            <port dstActor="D0N42" name="p37" srcActor="D0N22"/>
            <port dstActor="D0N22" name="p38" srcActor="D0N20"/>
            <port dstActor="D0N32" name="p39" srcActor="D0N20"/>
            <port dstActor="D0N46" name="p40" srcActor="D0N12"/>
            <port dstActor="D0N49" name="p41" srcActor="D0N12"/>
            <port dstActor="D0N30" name="p42" srcActor="D0N12"/>
            <port dstActor="D0N44" name="p43" srcActor="D0N23"/>
            <port dstActor="D0N26" name="p44" srcActor="D0N8"/>
            <port dstActor="D0N35" name="p45" srcActor="D0N8"/>
            <port dstActor="D0N31" name="p46" srcActor="D0N8"/>
            <port dstActor="D0N24" name="p47" srcActor="D0N8"/>
            <port dstActor="D0N40" name="p48" srcActor="D0N8"/>
            <port dstActor="D0N42" name="p49" srcActor="D0N8"/>
            <port dstActor="D0N45" name="p50" srcActor="D0N25"/>
            <port dstActor="D0N49" name="p51" srcActor="D0N30"/>
            <port dstActor="D0N42" name="p52" srcActor="D0N30"/>
            <port dstActor="D0N47" name="p53" srcActor="D0N30"/>
            <port dstActor="D0N44" name="p54" srcActor="D0N30"/>
            <port dstActor="D0N34" name="p55" srcActor="D0N30"/>
            <port dstActor="D0N21" name="p56" srcActor="D0N17"/>
            <port dstActor="D0N37" name="p57" srcActor="D0N17"/>
            <port dstActor="D0N27" name="p58" srcActor="D0N17"/>
            <port dstActor="D0N19" name="p59" srcActor="D0N17"/>
            <port dstActor="D0N14" name="p60" srcActor="D0N10"/>
            <port dstActor="D0N43" name="p61" srcActor="D0N10"/>
            <port dstActor="D0N36" name="p62" srcActor="D0N18"/>
            <port dstActor="D0N40" name="p63" srcActor="D0N18"/>
            <port dstActor="D0N21" name="p64" srcActor="D0N18"/>
            <port dstActor="D0N39" name="p65" srcActor="D0N18"/>
            <port dstActor="D0N43" name="p66" srcActor="D0N18"/>
            <port dstActor="D0N9" name="p67" srcActor="D0N6"/>
            <port dstActor="D0N22" name="p68" srcActor="D0N6"/>
            <port dstActor="D0N46" name="p69" srcActor="D0N27"/>
            <port dstActor="D0N35" name="p70" srcActor="D0N27"/>
            <port dstActor="D0N32" name="p71" srcActor="D0N27"/>
            <port dstActor="D0N45" name="p72" srcActor="D0N32"/>
            <port dstActor="D0N44" name="p73" srcActor="D0N32"/>
            <port dstActor="D0N41" name="p74" srcActor="D0N36"/>
            <port dstActor="D0N26" name="p75" srcActor="D0N2"/>
            <port dstActor="D0N9" name="p76" srcActor="D0N2"/>
            <port dstActor="D0N48" name="p77" srcActor="D0N2"/>
            <port dstActor="D0N33" name="p78" srcActor="D0N2"/>
            <port dstActor="D0N44" name="p79" srcActor="D0N2"/>
            <port dstActor="D0N39" name="p80" srcActor="D0N38"/>
            <port dstActor="D0N44" name="p81" srcActor="D0N38"/>
            <port dstActor="D0N43" name="p82" srcActor="D0N5"/>
            <port dstActor="D0N39" name="p83" srcActor="D0N5"/>
            <port dstActor="D0N26" name="p84" srcActor="D0N5"/>
            <port dstActor="D0N31" name="p85" srcActor="D0N5"/>
            <port dstActor="D0N38" name="p86" srcActor="D0N33"/>
            <port dstActor="D0N40" name="p87" srcActor="D0N34"/>
            <port dstActor="D0N42" name="p88" srcActor="D0N41"/>
            <port dstActor="D0N31" name="p89" srcActor="D0N11"/>
            <port dstActor="D0N37" name="p90" srcActor="D0N11"/>
            <port dstActor="D0N48" name="p91" srcActor="D0N11"/>
            <port dstActor="D0N15" name="p92" srcActor="D0N11"/>
            <port dstActor="D0N18" name="p93" srcActor="D0N11"/>
            <port dstActor="D0N17" name="p94" srcActor="D0N14"/>
            <port dstActor="D0N24" name="p95" srcActor="D0N14"/>
            <port dstActor="D0N16" name="p96" srcActor="D0N14"/>
            <port dstActor="D0N45" name="p97" srcActor="D0N14"/>
            <port dstActor="D0N49" name="p98" srcActor="D0N9"/>
            <port dstActor="D0N46" name="p99" srcActor="D0N9"/>
            <port dstActor="D0N37" name="p100" srcActor="D0N9"/>
            <port dstActor="D0N29" name="p101" srcActor="D0N9"/>
            <port dstActor="D0N43" name="p102" srcActor="D0N42"/>
            <port dstActor="D0N46" name="p103" srcActor="D0N42"/>
            <port dstActor="D0N9" name="p104" srcActor="D0N1"/>
            <port dstActor="D0N26" name="p105" srcActor="D0N1"/>
            <port dstActor="D0N22" name="p106" srcActor="D0N1"/>
            <port dstActor="D0N37" name="p107" srcActor="D0N1"/>
            <port dstActor="D0N34" name="p108" srcActor="D0N1"/>
            <port dstActor="D0N6" name="p109" srcActor="D0N1"/>
            <port dstActor="D0N47" name="p110" srcActor="D0N1"/>
            <port dstActor="D0N31" name="p111" srcActor="D0N29"/>
            <port dstActor="D0N9" name="p112" srcActor="D0N3"/>
            <port dstActor="D0N32" name="p113" srcActor="D0N3"/>
            <port dstActor="D0N13" name="p114" srcActor="D0N3"/>
            <port dstActor="D0N17" name="p115" srcActor="D0N3"/>
            <port dstActor="D0N40" name="p116" srcActor="D0N21"/>
            <port dstActor="D0N22" name="p117" srcActor="D0N21"/>
            <port dstActor="D0N29" name="p118" srcActor="D0N21"/>
            <port dstActor="D0N46" name="p119" srcActor="D0N35"/>
            <port dstActor="D0N37" name="p120" srcActor="D0N35"/>
            <port dstActor="D0N36" name="p121" srcActor="D0N35"/>
            <port dstActor="D0N32" name="p122" srcActor="D0N24"/>
            <port dstActor="D0N41" name="p123" srcActor="D0N24"/>
        </ports>
    </mcdag>
    <cores number="3"/>
    <levels number="2"/>
</mcsystem>
