<?xml version="1.0" encoding="UTF-8" standalone="no"?>
<mcsystem>
    <mcdag deadline="1500" name="genned-0-ed-10.0-0">
        <actor name="D0N41">
            <wcet number="0">20</wcet>
            <wcet number="1">20</wcet>
            <maxpow number="0.7155373316214344"/>
            <maxpow number="0.7155373316214344"/>
            <fprob>0.0</fprob>
        </actor>
        <actor name="D0N46">
            <wcet number="0">60</wcet>
            <wcet number="1">60</wcet>
            <maxpow number="0.3077626891765594"/>
            <maxpow number="0.3077626891765594"/>
            <fprob>0.0</fprob>
        </actor>
        <actor name="D0N10">
            <wcet number="0">20</wcet>
            <wcet number="1">20</wcet>
            <maxpow number="0.1439620995572813"/>
            <maxpow number="0.1439620995572813"/>
            <fprob>0.0</fprob>
        </actor>
        <actor name="D0N26">
            <wcet number="0">30</wcet>
            <wcet number="1">50</wcet>
            <maxpow number="0.6074822980723329"/>
            <maxpow number="0.6074822980723329"/>
            <fprob>0.0</fprob>
        </actor>
        <actor name="D0N22">
            <wcet number="0">60</wcet>
            <wcet number="1">60</wcet>
            <maxpow number="0.15419716681647955"/>
            <maxpow number="0.15419716681647955"/>
            <fprob>0.0</fprob>
        </actor>
        <actor name="D0N12">
            <wcet number="0">10</wcet>
            <wcet number="1">10</wcet>
            <maxpow number="0.659755055847017"/>
            <maxpow number="0.659755055847017"/>
            <fprob>0.0</fprob>
        </actor>
        <actor name="D0N28">
            <wcet number="0">110</wcet>
            <wcet number="1">130</wcet>
            <maxpow number="0.495253574874134"/>
            <maxpow number="0.495253574874134"/>
            <fprob>0.0</fprob>
        </actor>
        <actor name="D0N6">
            <wcet number="0">10</wcet>
            <wcet number="1">10</wcet>
            <maxpow number="0.5009759084255478"/>
            <maxpow number="0.5009759084255478"/>
            <fprob>0.0</fprob>
        </actor>
        <actor name="D0N38">
            <wcet number="0">150</wcet>
            <wcet number="1">190</wcet>
            <maxpow number="0.5536259978940168"/>
            <maxpow number="0.5536259978940168"/>
            <fprob>0.0</fprob>
        </actor>
        <actor name="D0N33">
            <wcet number="0">20</wcet>
            <wcet number="1">80</wcet>
            <maxpow number="0.6543915318074931"/>
            <maxpow number="0.6543915318074931"/>
            <fprob>0.0</fprob>
        </actor>
        <actor name="D0N36">
            <wcet number="0">20</wcet>
            <wcet number="1">20</wcet>
            <maxpow number="0.6763755911215366"/>
            <maxpow number="0.6763755911215366"/>
            <fprob>0.0</fprob>
        </actor>
        <actor name="D0N5">
            <wcet number="0">50</wcet>
            <wcet number="1">100</wcet>
            <maxpow number="0.4219432018424037"/>
            <maxpow number="0.4219432018424037"/>
            <fprob>0.0</fprob>
        </actor>
        <actor name="D0N11">
            <wcet number="0">130</wcet>
            <wcet number="1">150</wcet>
            <maxpow number="0.4806261868711096"/>
            <maxpow number="0.4806261868711096"/>
            <fprob>0.0</fprob>
        </actor>
        <actor name="D0N0">
            <wcet number="0">30</wcet>
            <wcet number="1">50</wcet>
            <maxpow number="0.5607823233626649"/>
            <maxpow number="0.5607823233626649"/>
            <fprob>0.0</fprob>
        </actor>
        <actor name="D0N30">
            <wcet number="0">60</wcet>
            <wcet number="1">60</wcet>
            <maxpow number="0.5683857147022973"/>
            <maxpow number="0.5683857147022973"/>
            <fprob>0.0</fprob>
        </actor>
        <actor name="D0N31">
            <wcet number="0">40</wcet>
            <wcet number="1">80</wcet>
            <maxpow number="0.5609197805502737"/>
            <maxpow number="0.5609197805502737"/>
            <fprob>0.0</fprob>
        </actor>
        <actor name="D0N37">
            <wcet number="0">50</wcet>
            <wcet number="1">50</wcet>
            <maxpow number="0.7363658773001593"/>
            <maxpow number="0.7363658773001593"/>
            <fprob>0.0</fprob>
        </actor>
        <actor name="D0N4">
            <wcet number="0">30</wcet>
            <wcet number="1">60</wcet>
            <maxpow number="0.7871606522608402"/>
            <maxpow number="0.7871606522608402"/>
            <fprob>0.0</fprob>
        </actor>
        <actor name="D0N2">
            <wcet number="0">20</wcet>
            <wcet number="1">30</wcet>
            <maxpow number="0.2108575355893786"/>
            <maxpow number="0.2108575355893786"/>
            <fprob>0.0</fprob>
        </actor>
        <actor name="D0N34">
            <wcet number="0">60</wcet>
            <wcet number="1">60</wcet>
            <maxpow number="0.6501052221527879"/>
            <maxpow number="0.6501052221527879"/>
            <fprob>0.0</fprob>
        </actor>
        <actor name="D0N7">
            <wcet number="0">80</wcet>
            <wcet number="1">90</wcet>
            <maxpow number="0.4244393110267408"/>
            <maxpow number="0.4244393110267408"/>
            <fprob>0.0</fprob>
        </actor>
        <actor name="D0N35">
            <wcet number="0">70</wcet>
            <wcet number="1">150</wcet>
            <maxpow number="0.6969980342113319"/>
            <maxpow number="0.6969980342113319"/>
            <fprob>0.0</fprob>
        </actor>
        <actor name="D0N45">
            <wcet number="0">20</wcet>
            <wcet number="1">60</wcet>
            <maxpow number="0.8460037197538005"/>
            <maxpow number="0.8460037197538005"/>
            <fprob>0.0</fprob>
        </actor>
        <actor name="D0N17">
            <wcet number="0">50</wcet>
            <wcet number="1">60</wcet>
            <maxpow number="0.6236413276167871"/>
            <maxpow number="0.6236413276167871"/>
            <fprob>0.0</fprob>
        </actor>
        <actor name="D0N14">
            <wcet number="0">40</wcet>
            <wcet number="1">70</wcet>
            <maxpow number="0.514708722721199"/>
            <maxpow number="0.514708722721199"/>
            <fprob>0.0</fprob>
        </actor>
        <actor name="D0N19">
            <wcet number="0">50</wcet>
            <wcet number="1">110</wcet>
            <maxpow number="0.7362184449267303"/>
            <maxpow number="0.7362184449267303"/>
            <fprob>0.0</fprob>
        </actor>
        <actor name="D0N23">
            <wcet number="0">160</wcet>
            <wcet number="1">170</wcet>
            <maxpow number="0.6538469646281179"/>
            <maxpow number="0.6538469646281179"/>
            <fprob>0.0</fprob>
        </actor>
        <actor name="D0N29">
            <wcet number="0">30</wcet>
            <wcet number="1">50</wcet>
            <maxpow number="0.15266359257175421"/>
            <maxpow number="0.15266359257175421"/>
            <fprob>0.0</fprob>
        </actor>
        <actor name="D0N15">
            <wcet number="0">40</wcet>
            <wcet number="1">50</wcet>
            <maxpow number="0.7223011706502351"/>
            <maxpow number="0.7223011706502351"/>
            <fprob>0.0</fprob>
        </actor>
        <actor name="D0N8">
            <wcet number="0">50</wcet>
            <wcet number="1">220</wcet>
            <maxpow number="0.5115129560895548"/>
            <maxpow number="0.5115129560895548"/>
            <fprob>0.0</fprob>
        </actor>
        <actor name="D0N13">
            <wcet number="0">70</wcet>
            <wcet number="1">90</wcet>
            <maxpow number="0.4641089202569988"/>
            <maxpow number="0.4641089202569988"/>
            <fprob>0.0</fprob>
        </actor>
        <actor name="D0N16">
            <wcet number="0">10</wcet>
            <wcet number="1">70</wcet>
            <maxpow number="0.522914347056453"/>
            <maxpow number="0.522914347056453"/>
            <fprob>0.0</fprob>
        </actor>
        <actor name="D0N44">
            <wcet number="0">60</wcet>
            <wcet number="1">370</wcet>
            <maxpow number="0.6275272026644236"/>
            <maxpow number="0.6275272026644236"/>
            <fprob>0.0</fprob>
        </actor>
        <actor name="D0N18">
            <wcet number="0">100</wcet>
            <wcet number="1">450</wcet>
            <maxpow number="0.4041670667726245"/>
            <maxpow number="0.4041670667726245"/>
            <fprob>0.0</fprob>
        </actor>
        <actor name="D0N20">
            <wcet number="0">100</wcet>
            <wcet number="1">100</wcet>
            <maxpow number="0.43742196050342186"/>
            <maxpow number="0.43742196050342186"/>
            <fprob>0.0</fprob>
        </actor>
        <actor name="D0N25">
            <wcet number="0">20</wcet>
            <wcet number="1">50</wcet>
            <maxpow number="0.6565338352707626"/>
            <maxpow number="0.6565338352707626"/>
            <fprob>0.0</fprob>
        </actor>
        <actor name="D0N21">
            <wcet number="0">20</wcet>
            <wcet number="1">20</wcet>
            <maxpow number="0.3706582701394743"/>
            <maxpow number="0.3706582701394743"/>
            <fprob>0.0</fprob>
        </actor>
        <actor name="D0N40">
            <wcet number="0">10</wcet>
            <wcet number="1">10</wcet>
            <maxpow number="0.35355123970062363"/>
            <maxpow number="0.35355123970062363"/>
            <fprob>0.0</fprob>
        </actor>
        <actor name="D0N27">
            <wcet number="0">10</wcet>
            <wcet number="1">10</wcet>
            <maxpow number="0.9145019945012959"/>
            <maxpow number="0.9145019945012959"/>
            <fprob>0.0</fprob>
        </actor>
        <actor name="D0N32">
            <wcet number="0">20</wcet>
            <wcet number="1">90</wcet>
            <maxpow number="0.56849169196827"/>
            <maxpow number="0.56849169196827"/>
            <fprob>0.0</fprob>
        </actor>
        <actor name="D0N42">
            <wcet number="0">10</wcet>
            <wcet number="1">60</wcet>
            <maxpow number="0.23183679885503433"/>
            <maxpow number="0.23183679885503433"/>
            <fprob>0.0</fprob>
        </actor>
        <actor name="D0N9">
            <wcet number="0">50</wcet>
            <wcet number="1">70</wcet>
            <maxpow number="0.2854683509630719"/>
            <maxpow number="0.2854683509630719"/>
            <fprob>0.0</fprob>
        </actor>
        <actor name="D0N43">
            <wcet number="0">30</wcet>
            <wcet number="1">70</wcet>
            <maxpow number="0.5156562419269878"/>
            <maxpow number="0.5156562419269878"/>
            <fprob>0.0</fprob>
        </actor>
        <actor name="D0N24">
            <wcet number="0">70</wcet>
            <wcet number="1">100</wcet>
            <maxpow number="0.5878148486052233"/>
            <maxpow number="0.5878148486052233"/>
            <fprob>0.0</fprob>
        </actor>
        <actor name="D0N39">
            <wcet number="0">10</wcet>
            <wcet number="1">20</wcet>
            <maxpow number="0.5745669320441456"/>
            <maxpow number="0.5745669320441456"/>
            <fprob>0.0</fprob>
        </actor>
        <actor name="D0N3">
            <wcet number="0">10</wcet>
            <wcet number="1">10</wcet>
            <maxpow number="0.5842597114697095"/>
            <maxpow number="0.5842597114697095"/>
            <fprob>0.0</fprob>
        </actor>
        <actor name="D0N1">
            <wcet number="0">60</wcet>
            <wcet number="1">140</wcet>
            <maxpow number="0.7044353184023111"/>
            <maxpow number="0.7044353184023111"/>
            <fprob>0.0</fprob>
        </actor>
        <ports>
            <port dstActor="D0N43" name="p0" srcActor="D0N41"/>
            <port dstActor="D0N33" name="p1" srcActor="D0N10"/>
            <port dstActor="D0N40" name="p2" srcActor="D0N10"/>
            <port dstActor="D0N46" name="p3" srcActor="D0N10"/>
            <port dstActor="D0N36" name="p4" srcActor="D0N10"/>
            <port dstActor="D0N29" name="p5" srcActor="D0N10"/>
            <port dstActor="D0N28" name="p6" srcActor="D0N26"/>
            <port dstActor="D0N30" name="p7" srcActor="D0N26"/>
            <port dstActor="D0N40" name="p8" srcActor="D0N26"/>
            <port dstActor="D0N30" name="p9" srcActor="D0N12"/>
            <port dstActor="D0N37" name="p10" srcActor="D0N28"/>
            <port dstActor="D0N32" name="p11" srcActor="D0N28"/>
            <port dstActor="D0N8" name="p12" srcActor="D0N6"/>
            <port dstActor="D0N41" name="p13" srcActor="D0N6"/>
            <port dstActor="D0N13" name="p14" srcActor="D0N6"/>
            <port dstActor="D0N40" name="p15" srcActor="D0N6"/>
            <port dstActor="D0N14" name="p16" srcActor="D0N6"/>
            <port dstActor="D0N26" name="p17" srcActor="D0N6"/>
            <port dstActor="D0N44" name="p18" srcActor="D0N38"/>
            <port dstActor="D0N42" name="p19" srcActor="D0N38"/>
            <port dstActor="D0N40" name="p20" srcActor="D0N36"/>
            <port dstActor="D0N41" name="p21" srcActor="D0N36"/>
            <port dstActor="D0N9" name="p22" srcActor="D0N5"/>
            <port dstActor="D0N11" name="p23" srcActor="D0N5"/>
            <port dstActor="D0N23" name="p24" srcActor="D0N5"/>
            <port dstActor="D0N12" name="p25" srcActor="D0N5"/>
            <port dstActor="D0N28" name="p26" srcActor="D0N5"/>
            <port dstActor="D0N24" name="p27" srcActor="D0N5"/>
            <port dstActor="D0N35" name="p28" srcActor="D0N11"/>
            <port dstActor="D0N18" name="p29" srcActor="D0N11"/>
            <port dstActor="D0N31" name="p30" srcActor="D0N11"/>
            <port dstActor="D0N29" name="p31" srcActor="D0N11"/>
            <port dstActor="D0N42" name="p32" srcActor="D0N0"/>
            <port dstActor="D0N40" name="p33" srcActor="D0N0"/>
            <port dstActor="D0N18" name="p34" srcActor="D0N0"/>
            <port dstActor="D0N5" name="p35" srcActor="D0N0"/>
            <port dstActor="D0N22" name="p36" srcActor="D0N0"/>
            <port dstActor="D0N7" name="p37" srcActor="D0N0"/>
            <port dstActor="D0N39" name="p38" srcActor="D0N30"/>
            <port dstActor="D0N39" name="p39" srcActor="D0N31"/>
            <port dstActor="D0N44" name="p40" srcActor="D0N37"/>
            <port dstActor="D0N42" name="p41" srcActor="D0N4"/>
            <port dstActor="D0N25" name="p42" srcActor="D0N4"/>
            <port dstActor="D0N28" name="p43" srcActor="D0N4"/>
            <port dstActor="D0N40" name="p44" srcActor="D0N4"/>
            <port dstActor="D0N35" name="p45" srcActor="D0N2"/>
            <port dstActor="D0N13" name="p46" srcActor="D0N2"/>
            <port dstActor="D0N22" name="p47" srcActor="D0N7"/>
            <port dstActor="D0N23" name="p48" srcActor="D0N7"/>
            <port dstActor="D0N14" name="p49" srcActor="D0N7"/>
            <port dstActor="D0N11" name="p50" srcActor="D0N7"/>
            <port dstActor="D0N42" name="p51" srcActor="D0N7"/>
            <port dstActor="D0N41" name="p52" srcActor="D0N35"/>
            <port dstActor="D0N44" name="p53" srcActor="D0N17"/>
            <port dstActor="D0N22" name="p54" srcActor="D0N17"/>
            <port dstActor="D0N23" name="p55" srcActor="D0N17"/>
            <port dstActor="D0N31" name="p56" srcActor="D0N17"/>
            <port dstActor="D0N19" name="p57" srcActor="D0N14"/>
            <port dstActor="D0N30" name="p58" srcActor="D0N14"/>
            <port dstActor="D0N21" name="p59" srcActor="D0N14"/>
            <port dstActor="D0N17" name="p60" srcActor="D0N14"/>
            <port dstActor="D0N30" name="p61" srcActor="D0N19"/>
            <port dstActor="D0N28" name="p62" srcActor="D0N19"/>
            <port dstActor="D0N42" name="p63" srcActor="D0N19"/>
            <port dstActor="D0N25" name="p64" srcActor="D0N19"/>
            <port dstActor="D0N30" name="p65" srcActor="D0N23"/>
            <port dstActor="D0N42" name="p66" srcActor="D0N23"/>
            <port dstActor="D0N43" name="p67" srcActor="D0N29"/>
            <port dstActor="D0N27" name="p68" srcActor="D0N15"/>
            <port dstActor="D0N24" name="p69" srcActor="D0N15"/>
            <port dstActor="D0N16" name="p70" srcActor="D0N8"/>
            <port dstActor="D0N14" name="p71" srcActor="D0N8"/>
            <port dstActor="D0N41" name="p72" srcActor="D0N8"/>
            <port dstActor="D0N19" name="p73" srcActor="D0N8"/>
            <port dstActor="D0N26" name="p74" srcActor="D0N8"/>
            <port dstActor="D0N25" name="p75" srcActor="D0N13"/>
            <port dstActor="D0N31" name="p76" srcActor="D0N13"/>
            <port dstActor="D0N37" name="p77" srcActor="D0N16"/>
            <port dstActor="D0N39" name="p78" srcActor="D0N16"/>
            <port dstActor="D0N27" name="p79" srcActor="D0N18"/>
            <port dstActor="D0N31" name="p80" srcActor="D0N18"/>
            <port dstActor="D0N29" name="p81" srcActor="D0N20"/>
            <port dstActor="D0N33" name="p82" srcActor="D0N20"/>
            <port dstActor="D0N31" name="p83" srcActor="D0N25"/>
            <port dstActor="D0N41" name="p84" srcActor="D0N25"/>
            <port dstActor="D0N37" name="p85" srcActor="D0N25"/>
            <port dstActor="D0N44" name="p86" srcActor="D0N25"/>
            <port dstActor="D0N29" name="p87" srcActor="D0N25"/>
            <port dstActor="D0N23" name="p88" srcActor="D0N21"/>
            <port dstActor="D0N27" name="p89" srcActor="D0N21"/>
            <port dstActor="D0N24" name="p90" srcActor="D0N21"/>
            <port dstActor="D0N46" name="p91" srcActor="D0N40"/>
            <port dstActor="D0N35" name="p92" srcActor="D0N27"/>
            <port dstActor="D0N34" name="p93" srcActor="D0N32"/>
            <port dstActor="D0N46" name="p94" srcActor="D0N42"/>
            <port dstActor="D0N38" name="p95" srcActor="D0N9"/>
            <port dstActor="D0N26" name="p96" srcActor="D0N9"/>
            <port dstActor="D0N42" name="p97" srcActor="D0N24"/>
            <port dstActor="D0N41" name="p98" srcActor="D0N24"/>
            <port dstActor="D0N35" name="p99" srcActor="D0N24"/>
            <port dstActor="D0N44" name="p100" srcActor="D0N24"/>
            <port dstActor="D0N41" name="p101" srcActor="D0N39"/>
            <port dstActor="D0N9" name="p102" srcActor="D0N3"/>
            <port dstActor="D0N33" name="p103" srcActor="D0N3"/>
            <port dstActor="D0N18" name="p104" srcActor="D0N3"/>
            <port dstActor="D0N28" name="p105" srcActor="D0N3"/>
            <port dstActor="D0N45" name="p106" srcActor="D0N3"/>
            <port dstActor="D0N20" name="p107" srcActor="D0N3"/>
            <port dstActor="D0N34" name="p108" srcActor="D0N3"/>
            <port dstActor="D0N14" name="p109" srcActor="D0N1"/>
            <port dstActor="D0N33" name="p110" srcActor="D0N1"/>
            <port dstActor="D0N35" name="p111" srcActor="D0N1"/>
            <port dstActor="D0N22" name="p112" srcActor="D0N1"/>
        </ports>
    </mcdag>
    <cores number="3"/>
    <levels number="2"/>
</mcsystem>
