<?xml version="1.0" encoding="UTF-8" standalone="no"?>
<mcsystem>
    <mcdag deadline="1200" name="genned-0-ed-10.0-0">
        <actor name="D0N31">
            <wcet number="0">40</wcet>
            <wcet number="1">40</wcet>
            <maxpow number="0.4760604998492442"/>
            <maxpow number="0.4760604998492442"/>
            <fprob>0.0</fprob>
        </actor>
        <actor name="D0N41">
            <wcet number="0">60</wcet>
            <wcet number="1">90</wcet>
            <maxpow number="0.3589546141947152"/>
            <maxpow number="0.3589546141947152"/>
            <fprob>0.0</fprob>
        </actor>
        <actor name="D0N22">
            <wcet number="0">10</wcet>
            <wcet number="1">10</wcet>
            <maxpow number="0.4456260644165353"/>
            <maxpow number="0.4456260644165353"/>
            <fprob>0.0</fprob>
        </actor>
        <actor name="D0N14">
            <wcet number="0">10</wcet>
            <wcet number="1">50</wcet>
            <maxpow number="0.8478318366620763"/>
            <maxpow number="0.8478318366620763"/>
            <fprob>0.0</fprob>
        </actor>
        <actor name="D0N16">
            <wcet number="0">20</wcet>
            <wcet number="1">80</wcet>
            <maxpow number="0.7025319699430359"/>
            <maxpow number="0.7025319699430359"/>
            <fprob>0.0</fprob>
        </actor>
        <actor name="D0N32">
            <wcet number="0">20</wcet>
            <wcet number="1">70</wcet>
            <maxpow number="0.7448001689388288"/>
            <maxpow number="0.7448001689388288"/>
            <fprob>0.0</fprob>
        </actor>
        <actor name="D0N40">
            <wcet number="0">10</wcet>
            <wcet number="1">20</wcet>
            <maxpow number="0.5341305885265615"/>
            <maxpow number="0.5341305885265615"/>
            <fprob>0.0</fprob>
        </actor>
        <actor name="D0N35">
            <wcet number="0">40</wcet>
            <wcet number="1">40</wcet>
            <maxpow number="0.3901491814007407"/>
            <maxpow number="0.3901491814007407"/>
            <fprob>0.0</fprob>
        </actor>
        <actor name="D0N39">
            <wcet number="0">10</wcet>
            <wcet number="1">50</wcet>
            <maxpow number="0.8368203660179329"/>
            <maxpow number="0.8368203660179329"/>
            <fprob>0.0</fprob>
        </actor>
        <actor name="D0N34">
            <wcet number="0">10</wcet>
            <wcet number="1">20</wcet>
            <maxpow number="0.2597699241085534"/>
            <maxpow number="0.2597699241085534"/>
            <fprob>0.0</fprob>
        </actor>
        <actor name="D0N45">
            <wcet number="0">10</wcet>
            <wcet number="1">30</wcet>
            <maxpow number="0.3321923515239579"/>
            <maxpow number="0.3321923515239579"/>
            <fprob>0.0</fprob>
        </actor>
        <actor name="D0N6">
            <wcet number="0">10</wcet>
            <wcet number="1">20</wcet>
            <maxpow number="0.3419525809575563"/>
            <maxpow number="0.3419525809575563"/>
            <fprob>0.0</fprob>
        </actor>
        <actor name="D0N24">
            <wcet number="0">10</wcet>
            <wcet number="1">10</wcet>
            <maxpow number="0.5176168785672005"/>
            <maxpow number="0.5176168785672005"/>
            <fprob>0.0</fprob>
        </actor>
        <actor name="D0N27">
            <wcet number="0">40</wcet>
            <wcet number="1">130</wcet>
            <maxpow number="0.5049636124546648"/>
            <maxpow number="0.5049636124546648"/>
            <fprob>0.0</fprob>
        </actor>
        <actor name="D0N25">
            <wcet number="0">20</wcet>
            <wcet number="1">20</wcet>
            <maxpow number="0.19481222737685233"/>
            <maxpow number="0.19481222737685233"/>
            <fprob>0.0</fprob>
        </actor>
        <actor name="D0N4">
            <wcet number="0">30</wcet>
            <wcet number="1">40</wcet>
            <maxpow number="0.5407571467602842"/>
            <maxpow number="0.5407571467602842"/>
            <fprob>0.0</fprob>
        </actor>
        <actor name="D0N46">
            <wcet number="0">60</wcet>
            <wcet number="1">60</wcet>
            <maxpow number="0.45703699710451384"/>
            <maxpow number="0.45703699710451384"/>
            <fprob>0.0</fprob>
        </actor>
        <actor name="D0N48">
            <wcet number="0">10</wcet>
            <wcet number="1">30</wcet>
            <maxpow number="0.6975976095244736"/>
            <maxpow number="0.6975976095244736"/>
            <fprob>0.0</fprob>
        </actor>
        <actor name="D0N1">
            <wcet number="0">10</wcet>
            <wcet number="1">60</wcet>
            <maxpow number="0.317081690798001"/>
            <maxpow number="0.317081690798001"/>
            <fprob>0.0</fprob>
        </actor>
        <actor name="D0N20">
            <wcet number="0">140</wcet>
            <wcet number="1">190</wcet>
            <maxpow number="0.8163528966600818"/>
            <maxpow number="0.8163528966600818"/>
            <fprob>0.0</fprob>
        </actor>
        <actor name="D0N10">
            <wcet number="0">40</wcet>
            <wcet number="1">60</wcet>
            <maxpow number="0.7495233951294891"/>
            <maxpow number="0.7495233951294891"/>
            <fprob>0.0</fprob>
        </actor>
        <actor name="D0N11">
            <wcet number="0">20</wcet>
            <wcet number="1">20</wcet>
            <maxpow number="0.5716011862633686"/>
            <maxpow number="0.5716011862633686"/>
            <fprob>0.0</fprob>
        </actor>
        <actor name="D0N18">
            <wcet number="0">30</wcet>
            <wcet number="1">30</wcet>
            <maxpow number="0.7632476500950288"/>
            <maxpow number="0.7632476500950288"/>
            <fprob>0.0</fprob>
        </actor>
        <actor name="D0N23">
            <wcet number="0">10</wcet>
            <wcet number="1">80</wcet>
            <maxpow number="0.732535734873967"/>
            <maxpow number="0.732535734873967"/>
            <fprob>0.0</fprob>
        </actor>
        <actor name="D0N9">
            <wcet number="0">30</wcet>
            <wcet number="1">30</wcet>
            <maxpow number="0.6369516647284372"/>
            <maxpow number="0.6369516647284372"/>
            <fprob>0.0</fprob>
        </actor>
        <actor name="D0N42">
            <wcet number="0">10</wcet>
            <wcet number="1">10</wcet>
            <maxpow number="0.5331237915311295"/>
            <maxpow number="0.5331237915311295"/>
            <fprob>0.0</fprob>
        </actor>
        <actor name="D0N17">
            <wcet number="0">10</wcet>
            <wcet number="1">20</wcet>
            <maxpow number="0.6260245340903224"/>
            <maxpow number="0.6260245340903224"/>
            <fprob>0.0</fprob>
        </actor>
        <actor name="D0N0">
            <wcet number="0">30</wcet>
            <wcet number="1">40</wcet>
            <maxpow number="0.8192733906840881"/>
            <maxpow number="0.8192733906840881"/>
            <fprob>0.0</fprob>
        </actor>
        <actor name="D0N47">
            <wcet number="0">10</wcet>
            <wcet number="1">10</wcet>
            <maxpow number="0.7439679296241125"/>
            <maxpow number="0.7439679296241125"/>
            <fprob>0.0</fprob>
        </actor>
        <actor name="D0N2">
            <wcet number="0">20</wcet>
            <wcet number="1">30</wcet>
            <maxpow number="0.8297776641215217"/>
            <maxpow number="0.8297776641215217"/>
            <fprob>0.0</fprob>
        </actor>
        <actor name="D0N8">
            <wcet number="0">80</wcet>
            <wcet number="1">90</wcet>
            <maxpow number="0.6455157083073316"/>
            <maxpow number="0.6455157083073316"/>
            <fprob>0.0</fprob>
        </actor>
        <actor name="D0N15">
            <wcet number="0">10</wcet>
            <wcet number="1">10</wcet>
            <maxpow number="0.6744419482741912"/>
            <maxpow number="0.6744419482741912"/>
            <fprob>0.0</fprob>
        </actor>
        <actor name="D0N38">
            <wcet number="0">80</wcet>
            <wcet number="1">90</wcet>
            <maxpow number="0.3413995080976088"/>
            <maxpow number="0.3413995080976088"/>
            <fprob>0.0</fprob>
        </actor>
        <actor name="D0N19">
            <wcet number="0">50</wcet>
            <wcet number="1">60</wcet>
            <maxpow number="0.5395584189114839"/>
            <maxpow number="0.5395584189114839"/>
            <fprob>0.0</fprob>
        </actor>
        <actor name="D0N36">
            <wcet number="0">30</wcet>
            <wcet number="1">50</wcet>
            <maxpow number="0.35722861778213433"/>
            <maxpow number="0.35722861778213433"/>
            <fprob>0.0</fprob>
        </actor>
        <actor name="D0N43">
            <wcet number="0">10</wcet>
            <wcet number="1">150</wcet>
            <maxpow number="0.51988040194065"/>
            <maxpow number="0.51988040194065"/>
            <fprob>0.0</fprob>
        </actor>
        <actor name="D0N3">
            <wcet number="0">50</wcet>
            <wcet number="1">100</wcet>
            <maxpow number="0.6085984193997344"/>
            <maxpow number="0.6085984193997344"/>
            <fprob>0.0</fprob>
        </actor>
        <actor name="D0N44">
            <wcet number="0">10</wcet>
            <wcet number="1">10</wcet>
            <maxpow number="0.7127947131344681"/>
            <maxpow number="0.7127947131344681"/>
            <fprob>0.0</fprob>
        </actor>
        <actor name="D0N30">
            <wcet number="0">20</wcet>
            <wcet number="1">70</wcet>
            <maxpow number="0.49017984147949606"/>
            <maxpow number="0.49017984147949606"/>
            <fprob>0.0</fprob>
        </actor>
        <actor name="D0N12">
            <wcet number="0">110</wcet>
            <wcet number="1">200</wcet>
            <maxpow number="0.6145699303413202"/>
            <maxpow number="0.6145699303413202"/>
            <fprob>0.0</fprob>
        </actor>
        <actor name="D0N7">
            <wcet number="0">10</wcet>
            <wcet number="1">50</wcet>
            <maxpow number="0.2561231096419962"/>
            <maxpow number="0.2561231096419962"/>
            <fprob>0.0</fprob>
        </actor>
        <actor name="D0N26">
            <wcet number="0">60</wcet>
            <wcet number="1">60</wcet>
            <maxpow number="0.44004937841557906"/>
            <maxpow number="0.44004937841557906"/>
            <fprob>0.0</fprob>
        </actor>
        <actor name="D0N28">
            <wcet number="0">40</wcet>
            <wcet number="1">70</wcet>
            <maxpow number="0.6794898710496537"/>
            <maxpow number="0.6794898710496537"/>
            <fprob>0.0</fprob>
        </actor>
        <actor name="D0N5">
            <wcet number="0">10</wcet>
            <wcet number="1">10</wcet>
            <maxpow number="0.3298352534814427"/>
            <maxpow number="0.3298352534814427"/>
            <fprob>0.0</fprob>
        </actor>
        <actor name="D0N13">
            <wcet number="0">50</wcet>
            <wcet number="1">80</wcet>
            <maxpow number="0.6322684648981713"/>
            <maxpow number="0.6322684648981713"/>
            <fprob>0.0</fprob>
        </actor>
        <actor name="D0N21">
            <wcet number="0">50</wcet>
            <wcet number="1">60</wcet>
            <maxpow number="0.40038808741785115"/>
            <maxpow number="0.40038808741785115"/>
            <fprob>0.0</fprob>
        </actor>
        <actor name="D0N33">
            <wcet number="0">30</wcet>
            <wcet number="1">40</wcet>
            <maxpow number="0.4114913810717915"/>
            <maxpow number="0.4114913810717915"/>
            <fprob>0.0</fprob>
        </actor>
        <actor name="D0N37">
            <wcet number="0">10</wcet>
            <wcet number="1">10</wcet>
            <maxpow number="0.4575682194785518"/>
            <maxpow number="0.4575682194785518"/>
            <fprob>0.0</fprob>
        </actor>
        <actor name="D0N29">
            <wcet number="0">20</wcet>
            <wcet number="1">40</wcet>
            <maxpow number="0.4995170777292163"/>
            <maxpow number="0.4995170777292163"/>
            <fprob>0.0</fprob>
        </actor>
        <ports>
            <port dstActor="D0N45" name="p0" srcActor="D0N31"/>
            <port dstActor="D0N43" name="p1" srcActor="D0N31"/>
            <port dstActor="D0N25" name="p2" srcActor="D0N22"/>
            <port dstActor="D0N31" name="p3" srcActor="D0N22"/>
            <port dstActor="D0N15" name="p4" srcActor="D0N14"/>
            <port dstActor="D0N23" name="p5" srcActor="D0N14"/>
            <port dstActor="D0N44" name="p6" srcActor="D0N14"/>
            <port dstActor="D0N29" name="p7" srcActor="D0N14"/>
            <port dstActor="D0N35" name="p8" srcActor="D0N14"/>
            <port dstActor="D0N47" name="p9" srcActor="D0N16"/>
            <port dstActor="D0N48" name="p10" srcActor="D0N32"/>
            <port dstActor="D0N47" name="p11" srcActor="D0N40"/>
            <port dstActor="D0N45" name="p12" srcActor="D0N39"/>
            <port dstActor="D0N42" name="p13" srcActor="D0N39"/>
            <port dstActor="D0N41" name="p14" srcActor="D0N34"/>
            <port dstActor="D0N45" name="p15" srcActor="D0N34"/>
            <port dstActor="D0N47" name="p16" srcActor="D0N45"/>
            <port dstActor="D0N24" name="p17" srcActor="D0N6"/>
            <port dstActor="D0N28" name="p18" srcActor="D0N6"/>
            <port dstActor="D0N16" name="p19" srcActor="D0N6"/>
            <port dstActor="D0N9" name="p20" srcActor="D0N6"/>
            <port dstActor="D0N14" name="p21" srcActor="D0N6"/>
            <port dstActor="D0N35" name="p22" srcActor="D0N6"/>
            <port dstActor="D0N41" name="p23" srcActor="D0N6"/>
            <port dstActor="D0N42" name="p24" srcActor="D0N6"/>
            <port dstActor="D0N32" name="p25" srcActor="D0N6"/>
            <port dstActor="D0N34" name="p26" srcActor="D0N27"/>
            <port dstActor="D0N42" name="p27" srcActor="D0N27"/>
            <port dstActor="D0N29" name="p28" srcActor="D0N27"/>
            <port dstActor="D0N28" name="p29" srcActor="D0N27"/>
            <port dstActor="D0N33" name="p30" srcActor="D0N27"/>
            <port dstActor="D0N32" name="p31" srcActor="D0N25"/>
            <port dstActor="D0N45" name="p32" srcActor="D0N25"/>
            <port dstActor="D0N26" name="p33" srcActor="D0N25"/>
            <port dstActor="D0N38" name="p34" srcActor="D0N25"/>
            <port dstActor="D0N40" name="p35" srcActor="D0N25"/>
            <port dstActor="D0N16" name="p36" srcActor="D0N4"/>
            <port dstActor="D0N7" name="p37" srcActor="D0N4"/>
            <port dstActor="D0N12" name="p38" srcActor="D0N4"/>
            <port dstActor="D0N47" name="p39" srcActor="D0N46"/>
            <port dstActor="D0N48" name="p40" srcActor="D0N46"/>
            <port dstActor="D0N30" name="p41" srcActor="D0N1"/>
            <port dstActor="D0N48" name="p42" srcActor="D0N1"/>
            <port dstActor="D0N3" name="p43" srcActor="D0N1"/>
            <port dstActor="D0N28" name="p44" srcActor="D0N1"/>
            <port dstActor="D0N23" name="p45" srcActor="D0N1"/>
            <port dstActor="D0N38" name="p46" srcActor="D0N1"/>
            <port dstActor="D0N34" name="p47" srcActor="D0N1"/>
            <port dstActor="D0N47" name="p48" srcActor="D0N1"/>
            <port dstActor="D0N2" name="p49" srcActor="D0N1"/>
            <port dstActor="D0N26" name="p50" srcActor="D0N20"/>
            <port dstActor="D0N36" name="p51" srcActor="D0N20"/>
            <port dstActor="D0N37" name="p52" srcActor="D0N10"/>
            <port dstActor="D0N14" name="p53" srcActor="D0N10"/>
            <port dstActor="D0N29" name="p54" srcActor="D0N11"/>
            <port dstActor="D0N47" name="p55" srcActor="D0N11"/>
            <port dstActor="D0N19" name="p56" srcActor="D0N11"/>
            <port dstActor="D0N35" name="p57" srcActor="D0N11"/>
            <port dstActor="D0N28" name="p58" srcActor="D0N11"/>
            <port dstActor="D0N18" name="p59" srcActor="D0N11"/>
            <port dstActor="D0N41" name="p60" srcActor="D0N11"/>
            <port dstActor="D0N23" name="p61" srcActor="D0N18"/>
            <port dstActor="D0N45" name="p62" srcActor="D0N18"/>
            <port dstActor="D0N28" name="p63" srcActor="D0N18"/>
            <port dstActor="D0N37" name="p64" srcActor="D0N9"/>
            <port dstActor="D0N38" name="p65" srcActor="D0N9"/>
            <port dstActor="D0N40" name="p66" srcActor="D0N17"/>
            <port dstActor="D0N20" name="p67" srcActor="D0N17"/>
            <port dstActor="D0N41" name="p68" srcActor="D0N17"/>
            <port dstActor="D0N34" name="p69" srcActor="D0N17"/>
            <port dstActor="D0N44" name="p70" srcActor="D0N0"/>
            <port dstActor="D0N17" name="p71" srcActor="D0N0"/>
            <port dstActor="D0N19" name="p72" srcActor="D0N2"/>
            <port dstActor="D0N35" name="p73" srcActor="D0N8"/>
            <port dstActor="D0N19" name="p74" srcActor="D0N8"/>
            <port dstActor="D0N26" name="p75" srcActor="D0N8"/>
            <port dstActor="D0N25" name="p76" srcActor="D0N8"/>
            <port dstActor="D0N39" name="p77" srcActor="D0N15"/>
            <port dstActor="D0N46" name="p78" srcActor="D0N38"/>
            <port dstActor="D0N26" name="p79" srcActor="D0N19"/>
            <port dstActor="D0N37" name="p80" srcActor="D0N19"/>
            <port dstActor="D0N41" name="p81" srcActor="D0N19"/>
            <port dstActor="D0N22" name="p82" srcActor="D0N19"/>
            <port dstActor="D0N47" name="p83" srcActor="D0N19"/>
            <port dstActor="D0N48" name="p84" srcActor="D0N19"/>
            <port dstActor="D0N46" name="p85" srcActor="D0N43"/>
            <port dstActor="D0N25" name="p86" srcActor="D0N3"/>
            <port dstActor="D0N32" name="p87" srcActor="D0N3"/>
            <port dstActor="D0N45" name="p88" srcActor="D0N3"/>
            <port dstActor="D0N30" name="p89" srcActor="D0N3"/>
            <port dstActor="D0N47" name="p90" srcActor="D0N44"/>
            <port dstActor="D0N39" name="p91" srcActor="D0N30"/>
            <port dstActor="D0N44" name="p92" srcActor="D0N30"/>
            <port dstActor="D0N42" name="p93" srcActor="D0N30"/>
            <port dstActor="D0N38" name="p94" srcActor="D0N12"/>
            <port dstActor="D0N35" name="p95" srcActor="D0N12"/>
            <port dstActor="D0N24" name="p96" srcActor="D0N12"/>
            <port dstActor="D0N22" name="p97" srcActor="D0N12"/>
            <port dstActor="D0N36" name="p98" srcActor="D0N12"/>
            <port dstActor="D0N43" name="p99" srcActor="D0N12"/>
            <port dstActor="D0N39" name="p100" srcActor="D0N7"/>
            <port dstActor="D0N18" name="p101" srcActor="D0N7"/>
            <port dstActor="D0N31" name="p102" srcActor="D0N26"/>
            <port dstActor="D0N39" name="p103" srcActor="D0N26"/>
            <port dstActor="D0N28" name="p104" srcActor="D0N26"/>
            <port dstActor="D0N46" name="p105" srcActor="D0N28"/>
            <port dstActor="D0N39" name="p106" srcActor="D0N5"/>
            <port dstActor="D0N42" name="p107" srcActor="D0N5"/>
            <port dstActor="D0N15" name="p108" srcActor="D0N5"/>
            <port dstActor="D0N30" name="p109" srcActor="D0N5"/>
            <port dstActor="D0N35" name="p110" srcActor="D0N13"/>
            <port dstActor="D0N40" name="p111" srcActor="D0N13"/>
            <port dstActor="D0N25" name="p112" srcActor="D0N13"/>
            <port dstActor="D0N22" name="p113" srcActor="D0N13"/>
            <port dstActor="D0N30" name="p114" srcActor="D0N13"/>
            <port dstActor="D0N39" name="p115" srcActor="D0N13"/>
            <port dstActor="D0N39" name="p116" srcActor="D0N21"/>
            <port dstActor="D0N28" name="p117" srcActor="D0N21"/>
            <port dstActor="D0N27" name="p118" srcActor="D0N21"/>
            <port dstActor="D0N38" name="p119" srcActor="D0N21"/>
            <port dstActor="D0N24" name="p120" srcActor="D0N21"/>
            <port dstActor="D0N39" name="p121" srcActor="D0N37"/>
            <port dstActor="D0N37" name="p122" srcActor="D0N29"/>
        </ports>
    </mcdag>
    <cores number="3"/>
    <levels number="2"/>
</mcsystem>
