<?xml version="1.0" encoding="UTF-8" standalone="no"?>
<mcsystem>
    <mcdag deadline="2000" name="genned-0-ed-10.0-0">
        <actor name="D0N19">
            <wcet number="0">20</wcet>
            <wcet number="1">110</wcet>
            <maxpow number="0.6911619621007934"/>
            <maxpow number="0.6911619621007934"/>
            <fprob>0.0</fprob>
        </actor>
        <actor name="D0N23">
            <wcet number="0">60</wcet>
            <wcet number="1">130</wcet>
            <maxpow number="0.5865968362274485"/>
            <maxpow number="0.5865968362274485"/>
            <fprob>0.0</fprob>
        </actor>
        <actor name="D0N42">
            <wcet number="0">90</wcet>
            <wcet number="1">250</wcet>
            <maxpow number="0.5109831521606838"/>
            <maxpow number="0.5109831521606838"/>
            <fprob>0.0</fprob>
        </actor>
        <actor name="D0N11">
            <wcet number="0">10</wcet>
            <wcet number="1">20</wcet>
            <maxpow number="0.28378478379453925"/>
            <maxpow number="0.28378478379453925"/>
            <fprob>0.0</fprob>
        </actor>
        <actor name="D0N35">
            <wcet number="0">20</wcet>
            <wcet number="1">70</wcet>
            <maxpow number="0.5259970690135489"/>
            <maxpow number="0.5259970690135489"/>
            <fprob>0.0</fprob>
        </actor>
        <actor name="D0N40">
            <wcet number="0">10</wcet>
            <wcet number="1">100</wcet>
            <maxpow number="0.7866092933569674"/>
            <maxpow number="0.7866092933569674"/>
            <fprob>0.0</fprob>
        </actor>
        <actor name="D0N33">
            <wcet number="0">20</wcet>
            <wcet number="1">20</wcet>
            <maxpow number="0.5362749303216225"/>
            <maxpow number="0.5362749303216225"/>
            <fprob>0.0</fprob>
        </actor>
        <actor name="D0N34">
            <wcet number="0">10</wcet>
            <wcet number="1">180</wcet>
            <maxpow number="0.4339989601961125"/>
            <maxpow number="0.4339989601961125"/>
            <fprob>0.0</fprob>
        </actor>
        <actor name="D0N37">
            <wcet number="0">10</wcet>
            <wcet number="1">10</wcet>
            <maxpow number="0.6318446911768106"/>
            <maxpow number="0.6318446911768106"/>
            <fprob>0.0</fprob>
        </actor>
        <actor name="D0N43">
            <wcet number="0">10</wcet>
            <wcet number="1">200</wcet>
            <maxpow number="0.6961146753947975"/>
            <maxpow number="0.6961146753947975"/>
            <fprob>0.0</fprob>
        </actor>
        <actor name="D0N47">
            <wcet number="0">20</wcet>
            <wcet number="1">20</wcet>
            <maxpow number="0.5721963368646134"/>
            <maxpow number="0.5721963368646134"/>
            <fprob>0.0</fprob>
        </actor>
        <actor name="D0N8">
            <wcet number="0">20</wcet>
            <wcet number="1">170</wcet>
            <maxpow number="0.650970177670435"/>
            <maxpow number="0.650970177670435"/>
            <fprob>0.0</fprob>
        </actor>
        <actor name="D0N9">
            <wcet number="0">30</wcet>
            <wcet number="1">60</wcet>
            <maxpow number="0.5284716229549434"/>
            <maxpow number="0.5284716229549434"/>
            <fprob>0.0</fprob>
        </actor>
        <actor name="D0N2">
            <wcet number="0">110</wcet>
            <wcet number="1">180</wcet>
            <maxpow number="0.9498618154418471"/>
            <maxpow number="0.9498618154418471"/>
            <fprob>0.0</fprob>
        </actor>
        <actor name="D0N28">
            <wcet number="0">110</wcet>
            <wcet number="1">110</wcet>
            <maxpow number="0.616948833251503"/>
            <maxpow number="0.616948833251503"/>
            <fprob>0.0</fprob>
        </actor>
        <actor name="D0N20">
            <wcet number="0">110</wcet>
            <wcet number="1">130</wcet>
            <maxpow number="0.4550419290422623"/>
            <maxpow number="0.4550419290422623"/>
            <fprob>0.0</fprob>
        </actor>
        <actor name="D0N25">
            <wcet number="0">40</wcet>
            <wcet number="1">40</wcet>
            <maxpow number="0.6052117067389997"/>
            <maxpow number="0.6052117067389997"/>
            <fprob>0.0</fprob>
        </actor>
        <actor name="D0N30">
            <wcet number="0">230</wcet>
            <wcet number="1">250</wcet>
            <maxpow number="0.6502133036465128"/>
            <maxpow number="0.6502133036465128"/>
            <fprob>0.0</fprob>
        </actor>
        <actor name="D0N0">
            <wcet number="0">40</wcet>
            <wcet number="1">50</wcet>
            <maxpow number="0.6907577016392468"/>
            <maxpow number="0.6907577016392468"/>
            <fprob>0.0</fprob>
        </actor>
        <actor name="D0N48">
            <wcet number="0">50</wcet>
            <wcet number="1">90</wcet>
            <maxpow number="0.2744078825279053"/>
            <maxpow number="0.2744078825279053"/>
            <fprob>0.0</fprob>
        </actor>
        <actor name="D0N4">
            <wcet number="0">10</wcet>
            <wcet number="1">20</wcet>
            <maxpow number="0.5771052872151111"/>
            <maxpow number="0.5771052872151111"/>
            <fprob>0.0</fprob>
        </actor>
        <actor name="D0N14">
            <wcet number="0">30</wcet>
            <wcet number="1">30</wcet>
            <maxpow number="0.6351870167557524"/>
            <maxpow number="0.6351870167557524"/>
            <fprob>0.0</fprob>
        </actor>
        <actor name="D0N44">
            <wcet number="0">20</wcet>
            <wcet number="1">20</wcet>
            <maxpow number="0.4415932024186527"/>
            <maxpow number="0.4415932024186527"/>
            <fprob>0.0</fprob>
        </actor>
        <actor name="D0N1">
            <wcet number="0">20</wcet>
            <wcet number="1">30</wcet>
            <maxpow number="0.6378046820678437"/>
            <maxpow number="0.6378046820678437"/>
            <fprob>0.0</fprob>
        </actor>
        <actor name="D0N29">
            <wcet number="0">20</wcet>
            <wcet number="1">20</wcet>
            <maxpow number="0.6101578076837275"/>
            <maxpow number="0.6101578076837275"/>
            <fprob>0.0</fprob>
        </actor>
        <actor name="D0N3">
            <wcet number="0">150</wcet>
            <wcet number="1">190</wcet>
            <maxpow number="0.6423648479648078"/>
            <maxpow number="0.6423648479648078"/>
            <fprob>0.0</fprob>
        </actor>
        <actor name="D0N17">
            <wcet number="0">10</wcet>
            <wcet number="1">10</wcet>
            <maxpow number="0.6728599247652002"/>
            <maxpow number="0.6728599247652002"/>
            <fprob>0.0</fprob>
        </actor>
        <actor name="D0N22">
            <wcet number="0">20</wcet>
            <wcet number="1">20</wcet>
            <maxpow number="0.11030577100178357"/>
            <maxpow number="0.11030577100178357"/>
            <fprob>0.0</fprob>
        </actor>
        <actor name="D0N13">
            <wcet number="0">20</wcet>
            <wcet number="1">90</wcet>
            <maxpow number="0.7765333953127492"/>
            <maxpow number="0.7765333953127492"/>
            <fprob>0.0</fprob>
        </actor>
        <actor name="D0N46">
            <wcet number="0">20</wcet>
            <wcet number="1">40</wcet>
            <maxpow number="0.47615059047482633"/>
            <maxpow number="0.47615059047482633"/>
            <fprob>0.0</fprob>
        </actor>
        <actor name="D0N41">
            <wcet number="0">10</wcet>
            <wcet number="1">10</wcet>
            <maxpow number="0.5710586019790086"/>
            <maxpow number="0.5710586019790086"/>
            <fprob>0.0</fprob>
        </actor>
        <actor name="D0N21">
            <wcet number="0">70</wcet>
            <wcet number="1">150</wcet>
            <maxpow number="0.5375428178292259"/>
            <maxpow number="0.5375428178292259"/>
            <fprob>0.0</fprob>
        </actor>
        <actor name="D0N27">
            <wcet number="0">120</wcet>
            <wcet number="1">120</wcet>
            <maxpow number="0.35971719677386677"/>
            <maxpow number="0.35971719677386677"/>
            <fprob>0.0</fprob>
        </actor>
        <actor name="D0N6">
            <wcet number="0">180</wcet>
            <wcet number="1">220</wcet>
            <maxpow number="0.4797415401600853"/>
            <maxpow number="0.4797415401600853"/>
            <fprob>0.0</fprob>
        </actor>
        <actor name="D0N7">
            <wcet number="0">210</wcet>
            <wcet number="1">320</wcet>
            <maxpow number="0.5420449563358446"/>
            <maxpow number="0.5420449563358446"/>
            <fprob>0.0</fprob>
        </actor>
        <actor name="D0N31">
            <wcet number="0">20</wcet>
            <wcet number="1">20</wcet>
            <maxpow number="0.3869348873513109"/>
            <maxpow number="0.3869348873513109"/>
            <fprob>0.0</fprob>
        </actor>
        <actor name="D0N5">
            <wcet number="0">50</wcet>
            <wcet number="1">70</wcet>
            <maxpow number="0.4665539267505154"/>
            <maxpow number="0.4665539267505154"/>
            <fprob>0.0</fprob>
        </actor>
        <actor name="D0N10">
            <wcet number="0">10</wcet>
            <wcet number="1">170</wcet>
            <maxpow number="0.7827704365741209"/>
            <maxpow number="0.7827704365741209"/>
            <fprob>0.0</fprob>
        </actor>
        <actor name="D0N18">
            <wcet number="0">10</wcet>
            <wcet number="1">110</wcet>
            <maxpow number="0.1711468567160535"/>
            <maxpow number="0.1711468567160535"/>
            <fprob>0.0</fprob>
        </actor>
        <actor name="D0N32">
            <wcet number="0">140</wcet>
            <wcet number="1">330</wcet>
            <maxpow number="0.2260407583628824"/>
            <maxpow number="0.2260407583628824"/>
            <fprob>0.0</fprob>
        </actor>
        <actor name="D0N38">
            <wcet number="0">10</wcet>
            <wcet number="1">190</wcet>
            <maxpow number="0.46009444409092726"/>
            <maxpow number="0.46009444409092726"/>
            <fprob>0.0</fprob>
        </actor>
        <actor name="D0N16">
            <wcet number="0">30</wcet>
            <wcet number="1">40</wcet>
            <maxpow number="0.6978610101621439"/>
            <maxpow number="0.6978610101621439"/>
            <fprob>0.0</fprob>
        </actor>
        <actor name="D0N15">
            <wcet number="0">470</wcet>
            <wcet number="1">470</wcet>
            <maxpow number="0.7189597273417121"/>
            <maxpow number="0.7189597273417121"/>
            <fprob>0.0</fprob>
        </actor>
        <actor name="D0N36">
            <wcet number="0">30</wcet>
            <wcet number="1">70</wcet>
            <maxpow number="0.5241166718063142"/>
            <maxpow number="0.5241166718063142"/>
            <fprob>0.0</fprob>
        </actor>
        <actor name="D0N12">
            <wcet number="0">20</wcet>
            <wcet number="1">30</wcet>
            <maxpow number="0.5002923490105428"/>
            <maxpow number="0.5002923490105428"/>
            <fprob>0.0</fprob>
        </actor>
        <actor name="D0N24">
            <wcet number="0">10</wcet>
            <wcet number="1">10</wcet>
            <maxpow number="0.359841535356099"/>
            <maxpow number="0.359841535356099"/>
            <fprob>0.0</fprob>
        </actor>
        <actor name="D0N39">
            <wcet number="0">40</wcet>
            <wcet number="1">80</wcet>
            <maxpow number="0.49525774198395234"/>
            <maxpow number="0.49525774198395234"/>
            <fprob>0.0</fprob>
        </actor>
        <actor name="D0N45">
            <wcet number="0">20</wcet>
            <wcet number="1">60</wcet>
            <maxpow number="0.47540539459343656"/>
            <maxpow number="0.47540539459343656"/>
            <fprob>0.0</fprob>
        </actor>
        <actor name="D0N26">
            <wcet number="0">210</wcet>
            <wcet number="1">270</wcet>
            <maxpow number="0.32941546952080414"/>
            <maxpow number="0.32941546952080414"/>
            <fprob>0.0</fprob>
        </actor>
        <ports>
            <port dstActor="D0N41" name="p0" srcActor="D0N19"/>
            <port dstActor="D0N36" name="p1" srcActor="D0N23"/>
            <port dstActor="D0N28" name="p2" srcActor="D0N23"/>
            <port dstActor="D0N27" name="p3" srcActor="D0N23"/>
            <port dstActor="D0N38" name="p4" srcActor="D0N23"/>
            <port dstActor="D0N35" name="p5" srcActor="D0N23"/>
            <port dstActor="D0N31" name="p6" srcActor="D0N11"/>
            <port dstActor="D0N48" name="p7" srcActor="D0N11"/>
            <port dstActor="D0N41" name="p8" srcActor="D0N35"/>
            <port dstActor="D0N45" name="p9" srcActor="D0N40"/>
            <port dstActor="D0N46" name="p10" srcActor="D0N33"/>
            <port dstActor="D0N38" name="p11" srcActor="D0N34"/>
            <port dstActor="D0N46" name="p12" srcActor="D0N34"/>
            <port dstActor="D0N41" name="p13" srcActor="D0N34"/>
            <port dstActor="D0N47" name="p14" srcActor="D0N43"/>
            <port dstActor="D0N11" name="p15" srcActor="D0N8"/>
            <port dstActor="D0N38" name="p16" srcActor="D0N8"/>
            <port dstActor="D0N44" name="p17" srcActor="D0N8"/>
            <port dstActor="D0N37" name="p18" srcActor="D0N9"/>
            <port dstActor="D0N42" name="p19" srcActor="D0N9"/>
            <port dstActor="D0N10" name="p20" srcActor="D0N9"/>
            <port dstActor="D0N23" name="p21" srcActor="D0N9"/>
            <port dstActor="D0N15" name="p22" srcActor="D0N2"/>
            <port dstActor="D0N44" name="p23" srcActor="D0N2"/>
            <port dstActor="D0N17" name="p24" srcActor="D0N2"/>
            <port dstActor="D0N38" name="p25" srcActor="D0N2"/>
            <port dstActor="D0N44" name="p26" srcActor="D0N28"/>
            <port dstActor="D0N40" name="p27" srcActor="D0N20"/>
            <port dstActor="D0N32" name="p28" srcActor="D0N20"/>
            <port dstActor="D0N21" name="p29" srcActor="D0N20"/>
            <port dstActor="D0N41" name="p30" srcActor="D0N20"/>
            <port dstActor="D0N47" name="p31" srcActor="D0N25"/>
            <port dstActor="D0N38" name="p32" srcActor="D0N25"/>
            <port dstActor="D0N41" name="p33" srcActor="D0N25"/>
            <port dstActor="D0N37" name="p34" srcActor="D0N25"/>
            <port dstActor="D0N46" name="p35" srcActor="D0N30"/>
            <port dstActor="D0N48" name="p36" srcActor="D0N30"/>
            <port dstActor="D0N11" name="p37" srcActor="D0N0"/>
            <port dstActor="D0N21" name="p38" srcActor="D0N0"/>
            <port dstActor="D0N35" name="p39" srcActor="D0N0"/>
            <port dstActor="D0N25" name="p40" srcActor="D0N4"/>
            <port dstActor="D0N11" name="p41" srcActor="D0N4"/>
            <port dstActor="D0N28" name="p42" srcActor="D0N4"/>
            <port dstActor="D0N47" name="p43" srcActor="D0N4"/>
            <port dstActor="D0N28" name="p44" srcActor="D0N14"/>
            <port dstActor="D0N17" name="p45" srcActor="D0N14"/>
            <port dstActor="D0N45" name="p46" srcActor="D0N14"/>
            <port dstActor="D0N36" name="p47" srcActor="D0N14"/>
            <port dstActor="D0N19" name="p48" srcActor="D0N1"/>
            <port dstActor="D0N30" name="p49" srcActor="D0N1"/>
            <port dstActor="D0N15" name="p50" srcActor="D0N1"/>
            <port dstActor="D0N39" name="p51" srcActor="D0N29"/>
            <port dstActor="D0N35" name="p52" srcActor="D0N29"/>
            <port dstActor="D0N46" name="p53" srcActor="D0N3"/>
            <port dstActor="D0N28" name="p54" srcActor="D0N3"/>
            <port dstActor="D0N36" name="p55" srcActor="D0N3"/>
            <port dstActor="D0N6" name="p56" srcActor="D0N3"/>
            <port dstActor="D0N45" name="p57" srcActor="D0N3"/>
            <port dstActor="D0N32" name="p58" srcActor="D0N3"/>
            <port dstActor="D0N38" name="p59" srcActor="D0N17"/>
            <port dstActor="D0N25" name="p60" srcActor="D0N13"/>
            <port dstActor="D0N29" name="p61" srcActor="D0N13"/>
            <port dstActor="D0N17" name="p62" srcActor="D0N13"/>
            <port dstActor="D0N30" name="p63" srcActor="D0N13"/>
            <port dstActor="D0N33" name="p64" srcActor="D0N13"/>
            <port dstActor="D0N19" name="p65" srcActor="D0N13"/>
            <port dstActor="D0N35" name="p66" srcActor="D0N27"/>
            <port dstActor="D0N32" name="p67" srcActor="D0N27"/>
            <port dstActor="D0N41" name="p68" srcActor="D0N27"/>
            <port dstActor="D0N45" name="p69" srcActor="D0N27"/>
            <port dstActor="D0N33" name="p70" srcActor="D0N27"/>
            <port dstActor="D0N21" name="p71" srcActor="D0N6"/>
            <port dstActor="D0N8" name="p72" srcActor="D0N6"/>
            <port dstActor="D0N24" name="p73" srcActor="D0N6"/>
            <port dstActor="D0N42" name="p74" srcActor="D0N6"/>
            <port dstActor="D0N48" name="p75" srcActor="D0N7"/>
            <port dstActor="D0N33" name="p76" srcActor="D0N7"/>
            <port dstActor="D0N32" name="p77" srcActor="D0N31"/>
            <port dstActor="D0N36" name="p78" srcActor="D0N31"/>
            <port dstActor="D0N32" name="p79" srcActor="D0N5"/>
            <port dstActor="D0N48" name="p80" srcActor="D0N5"/>
            <port dstActor="D0N19" name="p81" srcActor="D0N10"/>
            <port dstActor="D0N41" name="p82" srcActor="D0N10"/>
            <port dstActor="D0N44" name="p83" srcActor="D0N10"/>
            <port dstActor="D0N12" name="p84" srcActor="D0N10"/>
            <port dstActor="D0N13" name="p85" srcActor="D0N10"/>
            <port dstActor="D0N41" name="p86" srcActor="D0N18"/>
            <port dstActor="D0N43" name="p87" srcActor="D0N18"/>
            <port dstActor="D0N42" name="p88" srcActor="D0N18"/>
            <port dstActor="D0N32" name="p89" srcActor="D0N18"/>
            <port dstActor="D0N47" name="p90" srcActor="D0N32"/>
            <port dstActor="D0N35" name="p91" srcActor="D0N32"/>
            <port dstActor="D0N33" name="p92" srcActor="D0N32"/>
            <port dstActor="D0N39" name="p93" srcActor="D0N32"/>
            <port dstActor="D0N29" name="p94" srcActor="D0N16"/>
            <port dstActor="D0N36" name="p95" srcActor="D0N16"/>
            <port dstActor="D0N21" name="p96" srcActor="D0N16"/>
            <port dstActor="D0N46" name="p97" srcActor="D0N15"/>
            <port dstActor="D0N24" name="p98" srcActor="D0N15"/>
            <port dstActor="D0N37" name="p99" srcActor="D0N15"/>
            <port dstActor="D0N46" name="p100" srcActor="D0N36"/>
            <port dstActor="D0N40" name="p101" srcActor="D0N12"/>
            <port dstActor="D0N41" name="p102" srcActor="D0N12"/>
            <port dstActor="D0N32" name="p103" srcActor="D0N12"/>
            <port dstActor="D0N33" name="p104" srcActor="D0N24"/>
            <port dstActor="D0N46" name="p105" srcActor="D0N24"/>
            <port dstActor="D0N43" name="p106" srcActor="D0N26"/>
        </ports>
    </mcdag>
    <cores number="3"/>
    <levels number="2"/>
</mcsystem>
