<?xml version="1.0" encoding="UTF-8" standalone="no"?>
<mcsystem>
    <mcdag deadline="1500" name="genned-0-ed-10.0-0">
        <actor name="D0N7">
            <wcet number="0">10</wcet>
            <wcet number="1">50</wcet>
            <maxpow number="0.7177605308195953"/>
            <maxpow number="0.7177605308195953"/>
            <fprob>0.0</fprob>
        </actor>
        <actor name="D0N39">
            <wcet number="0">60</wcet>
            <wcet number="1">60</wcet>
            <maxpow number="0.2629957599938571"/>
            <maxpow number="0.2629957599938571"/>
            <fprob>0.0</fprob>
        </actor>
        <actor name="D0N11">
            <wcet number="0">90</wcet>
            <wcet number="1">130</wcet>
            <maxpow number="0.45304693672932606"/>
            <maxpow number="0.45304693672932606"/>
            <fprob>0.0</fprob>
        </actor>
        <actor name="D0N25">
            <wcet number="0">30</wcet>
            <wcet number="1">40</wcet>
            <maxpow number="0.6495828673399383"/>
            <maxpow number="0.6495828673399383"/>
            <fprob>0.0</fprob>
        </actor>
        <actor name="D0N28">
            <wcet number="0">10</wcet>
            <wcet number="1">30</wcet>
            <maxpow number="0.49057356844669225"/>
            <maxpow number="0.49057356844669225"/>
            <fprob>0.0</fprob>
        </actor>
        <actor name="D0N20">
            <wcet number="0">60</wcet>
            <wcet number="1">170</wcet>
            <maxpow number="0.3760030831288651"/>
            <maxpow number="0.3760030831288651"/>
            <fprob>0.0</fprob>
        </actor>
        <actor name="D0N15">
            <wcet number="0">50</wcet>
            <wcet number="1">50</wcet>
            <maxpow number="0.5367465106316724"/>
            <maxpow number="0.5367465106316724"/>
            <fprob>0.0</fprob>
        </actor>
        <actor name="D0N47">
            <wcet number="0">10</wcet>
            <wcet number="1">10</wcet>
            <maxpow number="0.47028426122325945"/>
            <maxpow number="0.47028426122325945"/>
            <fprob>0.0</fprob>
        </actor>
        <actor name="D0N40">
            <wcet number="0">80</wcet>
            <wcet number="1">140</wcet>
            <maxpow number="0.9487770230606504"/>
            <maxpow number="0.9487770230606504"/>
            <fprob>0.0</fprob>
        </actor>
        <actor name="D0N16">
            <wcet number="0">60</wcet>
            <wcet number="1">60</wcet>
            <maxpow number="0.38506719943817713"/>
            <maxpow number="0.38506719943817713"/>
            <fprob>0.0</fprob>
        </actor>
        <actor name="D0N29">
            <wcet number="0">30</wcet>
            <wcet number="1">50</wcet>
            <maxpow number="0.9542342148342515"/>
            <maxpow number="0.9542342148342515"/>
            <fprob>0.0</fprob>
        </actor>
        <actor name="D0N4">
            <wcet number="0">10</wcet>
            <wcet number="1">20</wcet>
            <maxpow number="0.34067572998767853"/>
            <maxpow number="0.34067572998767853"/>
            <fprob>0.0</fprob>
        </actor>
        <actor name="D0N41">
            <wcet number="0">10</wcet>
            <wcet number="1">10</wcet>
            <maxpow number="0.14627640643090384"/>
            <maxpow number="0.14627640643090384"/>
            <fprob>0.0</fprob>
        </actor>
        <actor name="D0N19">
            <wcet number="0">110</wcet>
            <wcet number="1">150</wcet>
            <maxpow number="0.4713164982333371"/>
            <maxpow number="0.4713164982333371"/>
            <fprob>0.0</fprob>
        </actor>
        <actor name="D0N22">
            <wcet number="0">10</wcet>
            <wcet number="1">10</wcet>
            <maxpow number="0.5585215184374037"/>
            <maxpow number="0.5585215184374037"/>
            <fprob>0.0</fprob>
        </actor>
        <actor name="D0N36">
            <wcet number="0">10</wcet>
            <wcet number="1">50</wcet>
            <maxpow number="0.40576038094045164"/>
            <maxpow number="0.40576038094045164"/>
            <fprob>0.0</fprob>
        </actor>
        <actor name="D0N6">
            <wcet number="0">30</wcet>
            <wcet number="1">90</wcet>
            <maxpow number="0.2981908297472975"/>
            <maxpow number="0.2981908297472975"/>
            <fprob>0.0</fprob>
        </actor>
        <actor name="D0N27">
            <wcet number="0">120</wcet>
            <wcet number="1">120</wcet>
            <maxpow number="0.32315168509304937"/>
            <maxpow number="0.32315168509304937"/>
            <fprob>0.0</fprob>
        </actor>
        <actor name="D0N33">
            <wcet number="0">20</wcet>
            <wcet number="1">20</wcet>
            <maxpow number="0.4866706256601725"/>
            <maxpow number="0.4866706256601725"/>
            <fprob>0.0</fprob>
        </actor>
        <actor name="D0N2">
            <wcet number="0">20</wcet>
            <wcet number="1">50</wcet>
            <maxpow number="0.7859388396799174"/>
            <maxpow number="0.7859388396799174"/>
            <fprob>0.0</fprob>
        </actor>
        <actor name="D0N1">
            <wcet number="0">40</wcet>
            <wcet number="1">130</wcet>
            <maxpow number="0.4869801399754169"/>
            <maxpow number="0.4869801399754169"/>
            <fprob>0.0</fprob>
        </actor>
        <actor name="D0N9">
            <wcet number="0">60</wcet>
            <wcet number="1">60</wcet>
            <maxpow number="0.4464922927011651"/>
            <maxpow number="0.4464922927011651"/>
            <fprob>0.0</fprob>
        </actor>
        <actor name="D0N26">
            <wcet number="0">50</wcet>
            <wcet number="1">60</wcet>
            <maxpow number="0.40598128506160824"/>
            <maxpow number="0.40598128506160824"/>
            <fprob>0.0</fprob>
        </actor>
        <actor name="D0N35">
            <wcet number="0">20</wcet>
            <wcet number="1">60</wcet>
            <maxpow number="0.15048698923876358"/>
            <maxpow number="0.15048698923876358"/>
            <fprob>0.0</fprob>
        </actor>
        <actor name="D0N48">
            <wcet number="0">20</wcet>
            <wcet number="1">30</wcet>
            <maxpow number="0.6425458636396422"/>
            <maxpow number="0.6425458636396422"/>
            <fprob>0.0</fprob>
        </actor>
        <actor name="D0N42">
            <wcet number="0">150</wcet>
            <wcet number="1">210</wcet>
            <maxpow number="0.7362793649499006"/>
            <maxpow number="0.7362793649499006"/>
            <fprob>0.0</fprob>
        </actor>
        <actor name="D0N32">
            <wcet number="0">80</wcet>
            <wcet number="1">170</wcet>
            <maxpow number="0.7512902672919621"/>
            <maxpow number="0.7512902672919621"/>
            <fprob>0.0</fprob>
        </actor>
        <actor name="D0N23">
            <wcet number="0">20</wcet>
            <wcet number="1">40</wcet>
            <maxpow number="0.8267075364378587"/>
            <maxpow number="0.8267075364378587"/>
            <fprob>0.0</fprob>
        </actor>
        <actor name="D0N5">
            <wcet number="0">10</wcet>
            <wcet number="1">50</wcet>
            <maxpow number="0.6424563381877586"/>
            <maxpow number="0.6424563381877586"/>
            <fprob>0.0</fprob>
        </actor>
        <actor name="D0N37">
            <wcet number="0">50</wcet>
            <wcet number="1">110</wcet>
            <maxpow number="0.8987840291519977"/>
            <maxpow number="0.8987840291519977"/>
            <fprob>0.0</fprob>
        </actor>
        <actor name="D0N10">
            <wcet number="0">20</wcet>
            <wcet number="1">20</wcet>
            <maxpow number="0.4257616244270056"/>
            <maxpow number="0.4257616244270056"/>
            <fprob>0.0</fprob>
        </actor>
        <actor name="D0N0">
            <wcet number="0">10</wcet>
            <wcet number="1">10</wcet>
            <maxpow number="0.7477866207472652"/>
            <maxpow number="0.7477866207472652"/>
            <fprob>0.0</fprob>
        </actor>
        <actor name="D0N38">
            <wcet number="0">10</wcet>
            <wcet number="1">60</wcet>
            <maxpow number="0.2943043008245346"/>
            <maxpow number="0.2943043008245346"/>
            <fprob>0.0</fprob>
        </actor>
        <actor name="D0N34">
            <wcet number="0">30</wcet>
            <wcet number="1">100</wcet>
            <maxpow number="0.4798619080054359"/>
            <maxpow number="0.4798619080054359"/>
            <fprob>0.0</fprob>
        </actor>
        <actor name="D0N45">
            <wcet number="0">50</wcet>
            <wcet number="1">80</wcet>
            <maxpow number="0.42120512500328416"/>
            <maxpow number="0.42120512500328416"/>
            <fprob>0.0</fprob>
        </actor>
        <actor name="D0N21">
            <wcet number="0">10</wcet>
            <wcet number="1">30</wcet>
            <maxpow number="0.48907934619289184"/>
            <maxpow number="0.48907934619289184"/>
            <fprob>0.0</fprob>
        </actor>
        <actor name="D0N3">
            <wcet number="0">20</wcet>
            <wcet number="1">150</wcet>
            <maxpow number="0.6749080973878452"/>
            <maxpow number="0.6749080973878452"/>
            <fprob>0.0</fprob>
        </actor>
        <actor name="D0N13">
            <wcet number="0">20</wcet>
            <wcet number="1">40</wcet>
            <maxpow number="0.21512794486517045"/>
            <maxpow number="0.21512794486517045"/>
            <fprob>0.0</fprob>
        </actor>
        <actor name="D0N17">
            <wcet number="0">30</wcet>
            <wcet number="1">90</wcet>
            <maxpow number="0.7959549455592475"/>
            <maxpow number="0.7959549455592475"/>
            <fprob>0.0</fprob>
        </actor>
        <actor name="D0N44">
            <wcet number="0">20</wcet>
            <wcet number="1">50</wcet>
            <maxpow number="0.5038736959453108"/>
            <maxpow number="0.5038736959453108"/>
            <fprob>0.0</fprob>
        </actor>
        <actor name="D0N43">
            <wcet number="0">60</wcet>
            <wcet number="1">130</wcet>
            <maxpow number="0.3662116841395104"/>
            <maxpow number="0.3662116841395104"/>
            <fprob>0.0</fprob>
        </actor>
        <actor name="D0N12">
            <wcet number="0">50</wcet>
            <wcet number="1">120</wcet>
            <maxpow number="0.38830486058660685"/>
            <maxpow number="0.38830486058660685"/>
            <fprob>0.0</fprob>
        </actor>
        <actor name="D0N31">
            <wcet number="0">100</wcet>
            <wcet number="1">100</wcet>
            <maxpow number="0.7651278987358313"/>
            <maxpow number="0.7651278987358313"/>
            <fprob>0.0</fprob>
        </actor>
        <actor name="D0N8">
            <wcet number="0">50</wcet>
            <wcet number="1">100</wcet>
            <maxpow number="0.5115914236411565"/>
            <maxpow number="0.5115914236411565"/>
            <fprob>0.0</fprob>
        </actor>
        <actor name="D0N14">
            <wcet number="0">10</wcet>
            <wcet number="1">10</wcet>
            <maxpow number="0.4567399527132371"/>
            <maxpow number="0.4567399527132371"/>
            <fprob>0.0</fprob>
        </actor>
        <actor name="D0N18">
            <wcet number="0">90</wcet>
            <wcet number="1">110</wcet>
            <maxpow number="0.4000293284746555"/>
            <maxpow number="0.4000293284746555"/>
            <fprob>0.0</fprob>
        </actor>
        <actor name="D0N24">
            <wcet number="0">50</wcet>
            <wcet number="1">60</wcet>
            <maxpow number="0.27360578026213067"/>
            <maxpow number="0.27360578026213067"/>
            <fprob>0.0</fprob>
        </actor>
        <actor name="D0N46">
            <wcet number="0">30</wcet>
            <wcet number="1">80</wcet>
            <maxpow number="0.5029528153370181"/>
            <maxpow number="0.5029528153370181"/>
            <fprob>0.0</fprob>
        </actor>
        <actor name="D0N30">
            <wcet number="0">10</wcet>
            <wcet number="1">30</wcet>
            <maxpow number="0.6662708413439605"/>
            <maxpow number="0.6662708413439605"/>
            <fprob>0.0</fprob>
        </actor>
        <ports>
            <port dstActor="D0N27" name="p0" srcActor="D0N7"/>
            <port dstActor="D0N46" name="p1" srcActor="D0N39"/>
            <port dstActor="D0N44" name="p2" srcActor="D0N39"/>
            <port dstActor="D0N42" name="p3" srcActor="D0N11"/>
            <port dstActor="D0N37" name="p4" srcActor="D0N11"/>
            <port dstActor="D0N28" name="p5" srcActor="D0N11"/>
            <port dstActor="D0N43" name="p6" srcActor="D0N11"/>
            <port dstActor="D0N18" name="p7" srcActor="D0N11"/>
            <port dstActor="D0N29" name="p8" srcActor="D0N11"/>
            <port dstActor="D0N45" name="p9" srcActor="D0N11"/>
            <port dstActor="D0N35" name="p10" srcActor="D0N25"/>
            <port dstActor="D0N27" name="p11" srcActor="D0N25"/>
            <port dstActor="D0N40" name="p12" srcActor="D0N25"/>
            <port dstActor="D0N35" name="p13" srcActor="D0N28"/>
            <port dstActor="D0N24" name="p14" srcActor="D0N20"/>
            <port dstActor="D0N27" name="p15" srcActor="D0N20"/>
            <port dstActor="D0N48" name="p16" srcActor="D0N15"/>
            <port dstActor="D0N40" name="p17" srcActor="D0N15"/>
            <port dstActor="D0N42" name="p18" srcActor="D0N15"/>
            <port dstActor="D0N33" name="p19" srcActor="D0N16"/>
            <port dstActor="D0N40" name="p20" srcActor="D0N16"/>
            <port dstActor="D0N17" name="p21" srcActor="D0N16"/>
            <port dstActor="D0N41" name="p22" srcActor="D0N16"/>
            <port dstActor="D0N48" name="p23" srcActor="D0N29"/>
            <port dstActor="D0N22" name="p24" srcActor="D0N4"/>
            <port dstActor="D0N35" name="p25" srcActor="D0N4"/>
            <port dstActor="D0N23" name="p26" srcActor="D0N4"/>
            <port dstActor="D0N38" name="p27" srcActor="D0N4"/>
            <port dstActor="D0N18" name="p28" srcActor="D0N4"/>
            <port dstActor="D0N33" name="p29" srcActor="D0N19"/>
            <port dstActor="D0N34" name="p30" srcActor="D0N19"/>
            <port dstActor="D0N47" name="p31" srcActor="D0N19"/>
            <port dstActor="D0N27" name="p32" srcActor="D0N19"/>
            <port dstActor="D0N28" name="p33" srcActor="D0N22"/>
            <port dstActor="D0N41" name="p34" srcActor="D0N22"/>
            <port dstActor="D0N31" name="p35" srcActor="D0N22"/>
            <port dstActor="D0N46" name="p36" srcActor="D0N36"/>
            <port dstActor="D0N17" name="p37" srcActor="D0N6"/>
            <port dstActor="D0N32" name="p38" srcActor="D0N6"/>
            <port dstActor="D0N33" name="p39" srcActor="D0N27"/>
            <port dstActor="D0N43" name="p40" srcActor="D0N27"/>
            <port dstActor="D0N41" name="p41" srcActor="D0N27"/>
            <port dstActor="D0N39" name="p42" srcActor="D0N27"/>
            <port dstActor="D0N34" name="p43" srcActor="D0N33"/>
            <port dstActor="D0N25" name="p44" srcActor="D0N2"/>
            <port dstActor="D0N7" name="p45" srcActor="D0N2"/>
            <port dstActor="D0N24" name="p46" srcActor="D0N2"/>
            <port dstActor="D0N30" name="p47" srcActor="D0N2"/>
            <port dstActor="D0N27" name="p48" srcActor="D0N2"/>
            <port dstActor="D0N29" name="p49" srcActor="D0N2"/>
            <port dstActor="D0N36" name="p50" srcActor="D0N2"/>
            <port dstActor="D0N21" name="p51" srcActor="D0N1"/>
            <port dstActor="D0N39" name="p52" srcActor="D0N1"/>
            <port dstActor="D0N2" name="p53" srcActor="D0N1"/>
            <port dstActor="D0N11" name="p54" srcActor="D0N1"/>
            <port dstActor="D0N41" name="p55" srcActor="D0N1"/>
            <port dstActor="D0N30" name="p56" srcActor="D0N9"/>
            <port dstActor="D0N22" name="p57" srcActor="D0N9"/>
            <port dstActor="D0N23" name="p58" srcActor="D0N9"/>
            <port dstActor="D0N33" name="p59" srcActor="D0N9"/>
            <port dstActor="D0N10" name="p60" srcActor="D0N9"/>
            <port dstActor="D0N14" name="p61" srcActor="D0N9"/>
            <port dstActor="D0N42" name="p62" srcActor="D0N9"/>
            <port dstActor="D0N41" name="p63" srcActor="D0N26"/>
            <port dstActor="D0N43" name="p64" srcActor="D0N26"/>
            <port dstActor="D0N27" name="p65" srcActor="D0N26"/>
            <port dstActor="D0N41" name="p66" srcActor="D0N35"/>
            <port dstActor="D0N46" name="p67" srcActor="D0N35"/>
            <port dstActor="D0N46" name="p68" srcActor="D0N42"/>
            <port dstActor="D0N44" name="p69" srcActor="D0N32"/>
            <port dstActor="D0N38" name="p70" srcActor="D0N32"/>
            <port dstActor="D0N35" name="p71" srcActor="D0N32"/>
            <port dstActor="D0N34" name="p72" srcActor="D0N23"/>
            <port dstActor="D0N25" name="p73" srcActor="D0N23"/>
            <port dstActor="D0N35" name="p74" srcActor="D0N23"/>
            <port dstActor="D0N38" name="p75" srcActor="D0N23"/>
            <port dstActor="D0N36" name="p76" srcActor="D0N5"/>
            <port dstActor="D0N7" name="p77" srcActor="D0N5"/>
            <port dstActor="D0N33" name="p78" srcActor="D0N10"/>
            <port dstActor="D0N36" name="p79" srcActor="D0N10"/>
            <port dstActor="D0N14" name="p80" srcActor="D0N10"/>
            <port dstActor="D0N37" name="p81" srcActor="D0N10"/>
            <port dstActor="D0N16" name="p82" srcActor="D0N10"/>
            <port dstActor="D0N44" name="p83" srcActor="D0N10"/>
            <port dstActor="D0N32" name="p84" srcActor="D0N10"/>
            <port dstActor="D0N15" name="p85" srcActor="D0N10"/>
            <port dstActor="D0N10" name="p86" srcActor="D0N0"/>
            <port dstActor="D0N32" name="p87" srcActor="D0N0"/>
            <port dstActor="D0N37" name="p88" srcActor="D0N0"/>
            <port dstActor="D0N30" name="p89" srcActor="D0N0"/>
            <port dstActor="D0N46" name="p90" srcActor="D0N0"/>
            <port dstActor="D0N23" name="p91" srcActor="D0N0"/>
            <port dstActor="D0N47" name="p92" srcActor="D0N0"/>
            <port dstActor="D0N21" name="p93" srcActor="D0N0"/>
            <port dstActor="D0N33" name="p94" srcActor="D0N0"/>
            <port dstActor="D0N34" name="p95" srcActor="D0N0"/>
            <port dstActor="D0N39" name="p96" srcActor="D0N34"/>
            <port dstActor="D0N33" name="p97" srcActor="D0N21"/>
            <port dstActor="D0N43" name="p98" srcActor="D0N21"/>
            <port dstActor="D0N27" name="p99" srcActor="D0N21"/>
            <port dstActor="D0N26" name="p100" srcActor="D0N3"/>
            <port dstActor="D0N39" name="p101" srcActor="D0N3"/>
            <port dstActor="D0N15" name="p102" srcActor="D0N3"/>
            <port dstActor="D0N5" name="p103" srcActor="D0N3"/>
            <port dstActor="D0N38" name="p104" srcActor="D0N13"/>
            <port dstActor="D0N24" name="p105" srcActor="D0N13"/>
            <port dstActor="D0N18" name="p106" srcActor="D0N13"/>
            <port dstActor="D0N38" name="p107" srcActor="D0N17"/>
            <port dstActor="D0N37" name="p108" srcActor="D0N17"/>
            <port dstActor="D0N27" name="p109" srcActor="D0N17"/>
            <port dstActor="D0N45" name="p110" srcActor="D0N44"/>
            <port dstActor="D0N41" name="p111" srcActor="D0N12"/>
            <port dstActor="D0N47" name="p112" srcActor="D0N12"/>
            <port dstActor="D0N13" name="p113" srcActor="D0N12"/>
            <port dstActor="D0N43" name="p114" srcActor="D0N12"/>
            <port dstActor="D0N28" name="p115" srcActor="D0N12"/>
            <port dstActor="D0N42" name="p116" srcActor="D0N31"/>
            <port dstActor="D0N45" name="p117" srcActor="D0N31"/>
            <port dstActor="D0N33" name="p118" srcActor="D0N8"/>
            <port dstActor="D0N48" name="p119" srcActor="D0N8"/>
            <port dstActor="D0N22" name="p120" srcActor="D0N14"/>
            <port dstActor="D0N30" name="p121" srcActor="D0N14"/>
            <port dstActor="D0N42" name="p122" srcActor="D0N14"/>
            <port dstActor="D0N40" name="p123" srcActor="D0N14"/>
            <port dstActor="D0N39" name="p124" srcActor="D0N14"/>
            <port dstActor="D0N46" name="p125" srcActor="D0N14"/>
            <port dstActor="D0N35" name="p126" srcActor="D0N18"/>
            <port dstActor="D0N42" name="p127" srcActor="D0N18"/>
            <port dstActor="D0N41" name="p128" srcActor="D0N24"/>
            <port dstActor="D0N30" name="p129" srcActor="D0N24"/>
            <port dstActor="D0N31" name="p130" srcActor="D0N30"/>
            <port dstActor="D0N35" name="p131" srcActor="D0N30"/>
            <port dstActor="D0N45" name="p132" srcActor="D0N30"/>
            <port dstActor="D0N47" name="p133" srcActor="D0N30"/>
        </ports>
    </mcdag>
    <cores number="3"/>
    <levels number="2"/>
</mcsystem>
