<?xml version="1.0" encoding="UTF-8" standalone="no"?>
<mcsystem>
    <mcdag deadline="3000" name="genned-0-ed-10.0-0">
        <actor name="D0N16">
            <wcet number="0">70</wcet>
            <wcet number="1">120</wcet>
            <maxpow number="0.3056962453295806"/>
            <maxpow number="0.3056962453295806"/>
            <fprob>0.0</fprob>
        </actor>
        <actor name="D0N24">
            <wcet number="0">20</wcet>
            <wcet number="1">90</wcet>
            <maxpow number="0.6199940961683457"/>
            <maxpow number="0.6199940961683457"/>
            <fprob>0.0</fprob>
        </actor>
        <actor name="D0N1">
            <wcet number="0">140</wcet>
            <wcet number="1">170</wcet>
            <maxpow number="0.46374933061638757"/>
            <maxpow number="0.46374933061638757"/>
            <fprob>0.0</fprob>
        </actor>
        <actor name="D0N42">
            <wcet number="0">10</wcet>
            <wcet number="1">240</wcet>
            <maxpow number="0.9403617755122626"/>
            <maxpow number="0.9403617755122626"/>
            <fprob>0.0</fprob>
        </actor>
        <actor name="D0N45">
            <wcet number="0">30</wcet>
            <wcet number="1">80</wcet>
            <maxpow number="0.25837747699521363"/>
            <maxpow number="0.25837747699521363"/>
            <fprob>0.0</fprob>
        </actor>
        <actor name="D0N37">
            <wcet number="0">20</wcet>
            <wcet number="1">160</wcet>
            <maxpow number="0.5132472907811713"/>
            <maxpow number="0.5132472907811713"/>
            <fprob>0.0</fprob>
        </actor>
        <actor name="D0N7">
            <wcet number="0">30</wcet>
            <wcet number="1">40</wcet>
            <maxpow number="0.4623029737976262"/>
            <maxpow number="0.4623029737976262"/>
            <fprob>0.0</fprob>
        </actor>
        <actor name="D0N26">
            <wcet number="0">40</wcet>
            <wcet number="1">140</wcet>
            <maxpow number="0.6892797939585602"/>
            <maxpow number="0.6892797939585602"/>
            <fprob>0.0</fprob>
        </actor>
        <actor name="D0N20">
            <wcet number="0">80</wcet>
            <wcet number="1">110</wcet>
            <maxpow number="0.6920635269306341"/>
            <maxpow number="0.6920635269306341"/>
            <fprob>0.0</fprob>
        </actor>
        <actor name="D0N46">
            <wcet number="0">130</wcet>
            <wcet number="1">150</wcet>
            <maxpow number="0.7024423617704323"/>
            <maxpow number="0.7024423617704323"/>
            <fprob>0.0</fprob>
        </actor>
        <actor name="D0N29">
            <wcet number="0">20</wcet>
            <wcet number="1">50</wcet>
            <maxpow number="0.4200971608263776"/>
            <maxpow number="0.4200971608263776"/>
            <fprob>0.0</fprob>
        </actor>
        <actor name="D0N3">
            <wcet number="0">170</wcet>
            <wcet number="1">270</wcet>
            <maxpow number="0.6164735319813903"/>
            <maxpow number="0.6164735319813903"/>
            <fprob>0.0</fprob>
        </actor>
        <actor name="D0N47">
            <wcet number="0">190</wcet>
            <wcet number="1">560</wcet>
            <maxpow number="0.5586671234482798"/>
            <maxpow number="0.5586671234482798"/>
            <fprob>0.0</fprob>
        </actor>
        <actor name="D0N12">
            <wcet number="0">70</wcet>
            <wcet number="1">90</wcet>
            <maxpow number="0.5924155708515686"/>
            <maxpow number="0.5924155708515686"/>
            <fprob>0.0</fprob>
        </actor>
        <actor name="D0N44">
            <wcet number="0">230</wcet>
            <wcet number="1">290</wcet>
            <maxpow number="0.4833336071085579"/>
            <maxpow number="0.4833336071085579"/>
            <fprob>0.0</fprob>
        </actor>
        <actor name="D0N21">
            <wcet number="0">50</wcet>
            <wcet number="1">90</wcet>
            <maxpow number="0.3603237258002694"/>
            <maxpow number="0.3603237258002694"/>
            <fprob>0.0</fprob>
        </actor>
        <actor name="D0N32">
            <wcet number="0">130</wcet>
            <wcet number="1">130</wcet>
            <maxpow number="0.2299115603838769"/>
            <maxpow number="0.2299115603838769"/>
            <fprob>0.0</fprob>
        </actor>
        <actor name="D0N13">
            <wcet number="0">30</wcet>
            <wcet number="1">30</wcet>
            <maxpow number="0.47773420172899816"/>
            <maxpow number="0.47773420172899816"/>
            <fprob>0.0</fprob>
        </actor>
        <actor name="D0N39">
            <wcet number="0">30</wcet>
            <wcet number="1">120</wcet>
            <maxpow number="0.5324114681217604"/>
            <maxpow number="0.5324114681217604"/>
            <fprob>0.0</fprob>
        </actor>
        <actor name="D0N41">
            <wcet number="0">20</wcet>
            <wcet number="1">20</wcet>
            <maxpow number="0.49631239866854104"/>
            <maxpow number="0.49631239866854104"/>
            <fprob>0.0</fprob>
        </actor>
        <actor name="D0N2">
            <wcet number="0">110</wcet>
            <wcet number="1">180</wcet>
            <maxpow number="0.3971661665804481"/>
            <maxpow number="0.3971661665804481"/>
            <fprob>0.0</fprob>
        </actor>
        <actor name="D0N9">
            <wcet number="0">20</wcet>
            <wcet number="1">50</wcet>
            <maxpow number="0.8606594377038763"/>
            <maxpow number="0.8606594377038763"/>
            <fprob>0.0</fprob>
        </actor>
        <actor name="D0N35">
            <wcet number="0">380</wcet>
            <wcet number="1">390</wcet>
            <maxpow number="0.44022614356694567"/>
            <maxpow number="0.44022614356694567"/>
            <fprob>0.0</fprob>
        </actor>
        <actor name="D0N34">
            <wcet number="0">40</wcet>
            <wcet number="1">40</wcet>
            <maxpow number="0.40388314872231057"/>
            <maxpow number="0.40388314872231057"/>
            <fprob>0.0</fprob>
        </actor>
        <actor name="D0N33">
            <wcet number="0">60</wcet>
            <wcet number="1">60</wcet>
            <maxpow number="0.42982019478459205"/>
            <maxpow number="0.42982019478459205"/>
            <fprob>0.0</fprob>
        </actor>
        <actor name="D0N0">
            <wcet number="0">30</wcet>
            <wcet number="1">70</wcet>
            <maxpow number="0.4307579144451138"/>
            <maxpow number="0.4307579144451138"/>
            <fprob>0.0</fprob>
        </actor>
        <actor name="D0N43">
            <wcet number="0">40</wcet>
            <wcet number="1">300</wcet>
            <maxpow number="0.5915985827664259"/>
            <maxpow number="0.5915985827664259"/>
            <fprob>0.0</fprob>
        </actor>
        <actor name="D0N17">
            <wcet number="0">40</wcet>
            <wcet number="1">80</wcet>
            <maxpow number="0.5584736646694278"/>
            <maxpow number="0.5584736646694278"/>
            <fprob>0.0</fprob>
        </actor>
        <actor name="D0N14">
            <wcet number="0">40</wcet>
            <wcet number="1">50</wcet>
            <maxpow number="0.35628887537405646"/>
            <maxpow number="0.35628887537405646"/>
            <fprob>0.0</fprob>
        </actor>
        <actor name="D0N27">
            <wcet number="0">10</wcet>
            <wcet number="1">20</wcet>
            <maxpow number="0.44597654536496006"/>
            <maxpow number="0.44597654536496006"/>
            <fprob>0.0</fprob>
        </actor>
        <actor name="D0N28">
            <wcet number="0">130</wcet>
            <wcet number="1">140</wcet>
            <maxpow number="0.6885701864413294"/>
            <maxpow number="0.6885701864413294"/>
            <fprob>0.0</fprob>
        </actor>
        <actor name="D0N23">
            <wcet number="0">130</wcet>
            <wcet number="1">130</wcet>
            <maxpow number="0.6855803261426652"/>
            <maxpow number="0.6855803261426652"/>
            <fprob>0.0</fprob>
        </actor>
        <actor name="D0N6">
            <wcet number="0">40</wcet>
            <wcet number="1">50</wcet>
            <maxpow number="0.7639848982262375"/>
            <maxpow number="0.7639848982262375"/>
            <fprob>0.0</fprob>
        </actor>
        <actor name="D0N30">
            <wcet number="0">20</wcet>
            <wcet number="1">70</wcet>
            <maxpow number="0.4059900946275209"/>
            <maxpow number="0.4059900946275209"/>
            <fprob>0.0</fprob>
        </actor>
        <actor name="D0N38">
            <wcet number="0">40</wcet>
            <wcet number="1">40</wcet>
            <maxpow number="0.6274370969922758"/>
            <maxpow number="0.6274370969922758"/>
            <fprob>0.0</fprob>
        </actor>
        <actor name="D0N5">
            <wcet number="0">10</wcet>
            <wcet number="1">10</wcet>
            <maxpow number="0.8190743223410071"/>
            <maxpow number="0.8190743223410071"/>
            <fprob>0.0</fprob>
        </actor>
        <actor name="D0N11">
            <wcet number="0">330</wcet>
            <wcet number="1">580</wcet>
            <maxpow number="0.4786629962478908"/>
            <maxpow number="0.4786629962478908"/>
            <fprob>0.0</fprob>
        </actor>
        <actor name="D0N22">
            <wcet number="0">180</wcet>
            <wcet number="1">550</wcet>
            <maxpow number="1.0626561320691452"/>
            <maxpow number="1.0626561320691452"/>
            <fprob>0.0</fprob>
        </actor>
        <actor name="D0N25">
            <wcet number="0">80</wcet>
            <wcet number="1">150</wcet>
            <maxpow number="0.5422406030292006"/>
            <maxpow number="0.5422406030292006"/>
            <fprob>0.0</fprob>
        </actor>
        <actor name="D0N40">
            <wcet number="0">50</wcet>
            <wcet number="1">130</wcet>
            <maxpow number="0.49584188284825975"/>
            <maxpow number="0.49584188284825975"/>
            <fprob>0.0</fprob>
        </actor>
        <actor name="D0N8">
            <wcet number="0">10</wcet>
            <wcet number="1">30</wcet>
            <maxpow number="0.33986782633990664"/>
            <maxpow number="0.33986782633990664"/>
            <fprob>0.0</fprob>
        </actor>
        <actor name="D0N19">
            <wcet number="0">10</wcet>
            <wcet number="1">40</wcet>
            <maxpow number="0.6677339293392168"/>
            <maxpow number="0.6677339293392168"/>
            <fprob>0.0</fprob>
        </actor>
        <actor name="D0N15">
            <wcet number="0">30</wcet>
            <wcet number="1">220</wcet>
            <maxpow number="0.6491537755913206"/>
            <maxpow number="0.6491537755913206"/>
            <fprob>0.0</fprob>
        </actor>
        <actor name="D0N10">
            <wcet number="0">80</wcet>
            <wcet number="1">90</wcet>
            <maxpow number="0.6489413310958045"/>
            <maxpow number="0.6489413310958045"/>
            <fprob>0.0</fprob>
        </actor>
        <actor name="D0N36">
            <wcet number="0">30</wcet>
            <wcet number="1">80</wcet>
            <maxpow number="0.4396242748593413"/>
            <maxpow number="0.4396242748593413"/>
            <fprob>0.0</fprob>
        </actor>
        <actor name="D0N18">
            <wcet number="0">10</wcet>
            <wcet number="1">10</wcet>
            <maxpow number="0.6669703199425165"/>
            <maxpow number="0.6669703199425165"/>
            <fprob>0.0</fprob>
        </actor>
        <actor name="D0N4">
            <wcet number="0">50</wcet>
            <wcet number="1">70</wcet>
            <maxpow number="0.4601150495848677"/>
            <maxpow number="0.4601150495848677"/>
            <fprob>0.0</fprob>
        </actor>
        <actor name="D0N31">
            <wcet number="0">10</wcet>
            <wcet number="1">20</wcet>
            <maxpow number="0.7961087649865998"/>
            <maxpow number="0.7961087649865998"/>
            <fprob>0.0</fprob>
        </actor>
        <ports>
            <port dstActor="D0N42" name="p0" srcActor="D0N16"/>
            <port dstActor="D0N37" name="p1" srcActor="D0N16"/>
            <port dstActor="D0N39" name="p2" srcActor="D0N16"/>
            <port dstActor="D0N44" name="p3" srcActor="D0N24"/>
            <port dstActor="D0N38" name="p4" srcActor="D0N24"/>
            <port dstActor="D0N37" name="p5" srcActor="D0N1"/>
            <port dstActor="D0N36" name="p6" srcActor="D0N1"/>
            <port dstActor="D0N34" name="p7" srcActor="D0N1"/>
            <port dstActor="D0N31" name="p8" srcActor="D0N1"/>
            <port dstActor="D0N42" name="p9" srcActor="D0N1"/>
            <port dstActor="D0N24" name="p10" srcActor="D0N1"/>
            <port dstActor="D0N28" name="p11" srcActor="D0N7"/>
            <port dstActor="D0N30" name="p12" srcActor="D0N7"/>
            <port dstActor="D0N9" name="p13" srcActor="D0N7"/>
            <port dstActor="D0N37" name="p14" srcActor="D0N26"/>
            <port dstActor="D0N29" name="p15" srcActor="D0N20"/>
            <port dstActor="D0N31" name="p16" srcActor="D0N20"/>
            <port dstActor="D0N26" name="p17" srcActor="D0N20"/>
            <port dstActor="D0N25" name="p18" srcActor="D0N20"/>
            <port dstActor="D0N47" name="p19" srcActor="D0N3"/>
            <port dstActor="D0N42" name="p20" srcActor="D0N3"/>
            <port dstActor="D0N37" name="p21" srcActor="D0N3"/>
            <port dstActor="D0N18" name="p22" srcActor="D0N12"/>
            <port dstActor="D0N39" name="p23" srcActor="D0N12"/>
            <port dstActor="D0N21" name="p24" srcActor="D0N12"/>
            <port dstActor="D0N46" name="p25" srcActor="D0N12"/>
            <port dstActor="D0N44" name="p26" srcActor="D0N12"/>
            <port dstActor="D0N45" name="p27" srcActor="D0N21"/>
            <port dstActor="D0N43" name="p28" srcActor="D0N21"/>
            <port dstActor="D0N28" name="p29" srcActor="D0N21"/>
            <port dstActor="D0N32" name="p30" srcActor="D0N21"/>
            <port dstActor="D0N27" name="p31" srcActor="D0N21"/>
            <port dstActor="D0N46" name="p32" srcActor="D0N32"/>
            <port dstActor="D0N44" name="p33" srcActor="D0N32"/>
            <port dstActor="D0N34" name="p34" srcActor="D0N13"/>
            <port dstActor="D0N38" name="p35" srcActor="D0N13"/>
            <port dstActor="D0N24" name="p36" srcActor="D0N2"/>
            <port dstActor="D0N39" name="p37" srcActor="D0N2"/>
            <port dstActor="D0N6" name="p38" srcActor="D0N2"/>
            <port dstActor="D0N10" name="p39" srcActor="D0N2"/>
            <port dstActor="D0N13" name="p40" srcActor="D0N2"/>
            <port dstActor="D0N16" name="p41" srcActor="D0N2"/>
            <port dstActor="D0N40" name="p42" srcActor="D0N2"/>
            <port dstActor="D0N29" name="p43" srcActor="D0N2"/>
            <port dstActor="D0N38" name="p44" srcActor="D0N2"/>
            <port dstActor="D0N30" name="p45" srcActor="D0N9"/>
            <port dstActor="D0N47" name="p46" srcActor="D0N35"/>
            <port dstActor="D0N39" name="p47" srcActor="D0N35"/>
            <port dstActor="D0N41" name="p48" srcActor="D0N34"/>
            <port dstActor="D0N39" name="p49" srcActor="D0N33"/>
            <port dstActor="D0N21" name="p50" srcActor="D0N0"/>
            <port dstActor="D0N16" name="p51" srcActor="D0N0"/>
            <port dstActor="D0N31" name="p52" srcActor="D0N0"/>
            <port dstActor="D0N2" name="p53" srcActor="D0N0"/>
            <port dstActor="D0N38" name="p54" srcActor="D0N0"/>
            <port dstActor="D0N1" name="p55" srcActor="D0N0"/>
            <port dstActor="D0N32" name="p56" srcActor="D0N0"/>
            <port dstActor="D0N45" name="p57" srcActor="D0N0"/>
            <port dstActor="D0N35" name="p58" srcActor="D0N17"/>
            <port dstActor="D0N38" name="p59" srcActor="D0N14"/>
            <port dstActor="D0N46" name="p60" srcActor="D0N28"/>
            <port dstActor="D0N41" name="p61" srcActor="D0N23"/>
            <port dstActor="D0N32" name="p62" srcActor="D0N23"/>
            <port dstActor="D0N12" name="p63" srcActor="D0N6"/>
            <port dstActor="D0N47" name="p64" srcActor="D0N6"/>
            <port dstActor="D0N18" name="p65" srcActor="D0N6"/>
            <port dstActor="D0N24" name="p66" srcActor="D0N6"/>
            <port dstActor="D0N39" name="p67" srcActor="D0N38"/>
            <port dstActor="D0N41" name="p68" srcActor="D0N5"/>
            <port dstActor="D0N15" name="p69" srcActor="D0N5"/>
            <port dstActor="D0N31" name="p70" srcActor="D0N5"/>
            <port dstActor="D0N47" name="p71" srcActor="D0N5"/>
            <port dstActor="D0N20" name="p72" srcActor="D0N5"/>
            <port dstActor="D0N29" name="p73" srcActor="D0N5"/>
            <port dstActor="D0N23" name="p74" srcActor="D0N11"/>
            <port dstActor="D0N15" name="p75" srcActor="D0N11"/>
            <port dstActor="D0N22" name="p76" srcActor="D0N11"/>
            <port dstActor="D0N23" name="p77" srcActor="D0N22"/>
            <port dstActor="D0N31" name="p78" srcActor="D0N22"/>
            <port dstActor="D0N38" name="p79" srcActor="D0N22"/>
            <port dstActor="D0N30" name="p80" srcActor="D0N22"/>
            <port dstActor="D0N32" name="p81" srcActor="D0N22"/>
            <port dstActor="D0N32" name="p82" srcActor="D0N25"/>
            <port dstActor="D0N42" name="p83" srcActor="D0N40"/>
            <port dstActor="D0N19" name="p84" srcActor="D0N8"/>
            <port dstActor="D0N33" name="p85" srcActor="D0N8"/>
            <port dstActor="D0N40" name="p86" srcActor="D0N8"/>
            <port dstActor="D0N32" name="p87" srcActor="D0N19"/>
            <port dstActor="D0N39" name="p88" srcActor="D0N19"/>
            <port dstActor="D0N24" name="p89" srcActor="D0N19"/>
            <port dstActor="D0N19" name="p90" srcActor="D0N15"/>
            <port dstActor="D0N29" name="p91" srcActor="D0N15"/>
            <port dstActor="D0N25" name="p92" srcActor="D0N15"/>
            <port dstActor="D0N28" name="p93" srcActor="D0N10"/>
            <port dstActor="D0N46" name="p94" srcActor="D0N10"/>
            <port dstActor="D0N39" name="p95" srcActor="D0N10"/>
            <port dstActor="D0N38" name="p96" srcActor="D0N36"/>
            <port dstActor="D0N47" name="p97" srcActor="D0N36"/>
            <port dstActor="D0N32" name="p98" srcActor="D0N18"/>
            <port dstActor="D0N29" name="p99" srcActor="D0N18"/>
            <port dstActor="D0N13" name="p100" srcActor="D0N4"/>
            <port dstActor="D0N18" name="p101" srcActor="D0N4"/>
            <port dstActor="D0N40" name="p102" srcActor="D0N4"/>
            <port dstActor="D0N47" name="p103" srcActor="D0N4"/>
            <port dstActor="D0N8" name="p104" srcActor="D0N4"/>
            <port dstActor="D0N14" name="p105" srcActor="D0N4"/>
            <port dstActor="D0N24" name="p106" srcActor="D0N4"/>
            <port dstActor="D0N39" name="p107" srcActor="D0N31"/>
        </ports>
    </mcdag>
    <cores number="3"/>
    <levels number="2"/>
</mcsystem>
