<?xml version="1.0" encoding="UTF-8" standalone="no"?>
<mcsystem>
    <mcdag deadline="1500" name="genned-0-ed-10.0-0">
        <actor name="D0N42">
            <wcet number="0">10</wcet>
            <wcet number="1">110</wcet>
            <maxpow number="0.2558177658684568"/>
            <maxpow number="0.2558177658684568"/>
            <fprob>0.0</fprob>
        </actor>
        <actor name="D0N40">
            <wcet number="0">120</wcet>
            <wcet number="1">160</wcet>
            <maxpow number="0.5315416296269382"/>
            <maxpow number="0.5315416296269382"/>
            <fprob>0.0</fprob>
        </actor>
        <actor name="D0N23">
            <wcet number="0">50</wcet>
            <wcet number="1">60</wcet>
            <maxpow number="0.5873802772719131"/>
            <maxpow number="0.5873802772719131"/>
            <fprob>0.0</fprob>
        </actor>
        <actor name="D0N45">
            <wcet number="0">70</wcet>
            <wcet number="1">280</wcet>
            <maxpow number="0.6601745361221806"/>
            <maxpow number="0.6601745361221806"/>
            <fprob>0.0</fprob>
        </actor>
        <actor name="D0N47">
            <wcet number="0">40</wcet>
            <wcet number="1">50</wcet>
            <maxpow number="0.41034662638406366"/>
            <maxpow number="0.41034662638406366"/>
            <fprob>0.0</fprob>
        </actor>
        <actor name="D0N36">
            <wcet number="0">10</wcet>
            <wcet number="1">30</wcet>
            <maxpow number="0.7958324569977674"/>
            <maxpow number="0.7958324569977674"/>
            <fprob>0.0</fprob>
        </actor>
        <actor name="D0N24">
            <wcet number="0">50</wcet>
            <wcet number="1">70</wcet>
            <maxpow number="0.853095534014763"/>
            <maxpow number="0.853095534014763"/>
            <fprob>0.0</fprob>
        </actor>
        <actor name="D0N39">
            <wcet number="0">20</wcet>
            <wcet number="1">70</wcet>
            <maxpow number="0.4567906041301899"/>
            <maxpow number="0.4567906041301899"/>
            <fprob>0.0</fprob>
        </actor>
        <actor name="D0N31">
            <wcet number="0">120</wcet>
            <wcet number="1">160</wcet>
            <maxpow number="0.46808217505801497"/>
            <maxpow number="0.46808217505801497"/>
            <fprob>0.0</fprob>
        </actor>
        <actor name="D0N10">
            <wcet number="0">30</wcet>
            <wcet number="1">40</wcet>
            <maxpow number="0.6613832800214873"/>
            <maxpow number="0.6613832800214873"/>
            <fprob>0.0</fprob>
        </actor>
        <actor name="D0N27">
            <wcet number="0">130</wcet>
            <wcet number="1">160</wcet>
            <maxpow number="0.2873315970170704"/>
            <maxpow number="0.2873315970170704"/>
            <fprob>0.0</fprob>
        </actor>
        <actor name="D0N12">
            <wcet number="0">30</wcet>
            <wcet number="1">60</wcet>
            <maxpow number="0.3963989699539503"/>
            <maxpow number="0.3963989699539503"/>
            <fprob>0.0</fprob>
        </actor>
        <actor name="D0N29">
            <wcet number="0">50</wcet>
            <wcet number="1">80</wcet>
            <maxpow number="0.676889001555527"/>
            <maxpow number="0.676889001555527"/>
            <fprob>0.0</fprob>
        </actor>
        <actor name="D0N4">
            <wcet number="0">40</wcet>
            <wcet number="1">130</wcet>
            <maxpow number="-0.02754098942960259"/>
            <maxpow number="-0.02754098942960259"/>
            <fprob>0.0</fprob>
        </actor>
        <actor name="D0N34">
            <wcet number="0">110</wcet>
            <wcet number="1">180</wcet>
            <maxpow number="0.7434881031805892"/>
            <maxpow number="0.7434881031805892"/>
            <fprob>0.0</fprob>
        </actor>
        <actor name="D0N11">
            <wcet number="0">20</wcet>
            <wcet number="1">50</wcet>
            <maxpow number="0.8000222208988377"/>
            <maxpow number="0.8000222208988377"/>
            <fprob>0.0</fprob>
        </actor>
        <actor name="D0N28">
            <wcet number="0">30</wcet>
            <wcet number="1">50</wcet>
            <maxpow number="0.3777153753257013"/>
            <maxpow number="0.3777153753257013"/>
            <fprob>0.0</fprob>
        </actor>
        <actor name="D0N6">
            <wcet number="0">10</wcet>
            <wcet number="1">20</wcet>
            <maxpow number="0.5221605107844549"/>
            <maxpow number="0.5221605107844549"/>
            <fprob>0.0</fprob>
        </actor>
        <actor name="D0N13">
            <wcet number="0">60</wcet>
            <wcet number="1">80</wcet>
            <maxpow number="0.32401008556024985"/>
            <maxpow number="0.32401008556024985"/>
            <fprob>0.0</fprob>
        </actor>
        <actor name="D0N30">
            <wcet number="0">10</wcet>
            <wcet number="1">30</wcet>
            <maxpow number="0.6066093142143629"/>
            <maxpow number="0.6066093142143629"/>
            <fprob>0.0</fprob>
        </actor>
        <actor name="D0N25">
            <wcet number="0">160</wcet>
            <wcet number="1">160</wcet>
            <maxpow number="0.31340185070854587"/>
            <maxpow number="0.31340185070854587"/>
            <fprob>0.0</fprob>
        </actor>
        <actor name="D0N9">
            <wcet number="0">20</wcet>
            <wcet number="1">160</wcet>
            <maxpow number="0.551762057887162"/>
            <maxpow number="0.551762057887162"/>
            <fprob>0.0</fprob>
        </actor>
        <actor name="D0N26">
            <wcet number="0">10</wcet>
            <wcet number="1">50</wcet>
            <maxpow number="0.518879541034067"/>
            <maxpow number="0.518879541034067"/>
            <fprob>0.0</fprob>
        </actor>
        <actor name="D0N2">
            <wcet number="0">10</wcet>
            <wcet number="1">30</wcet>
            <maxpow number="0.35721332037858283"/>
            <maxpow number="0.35721332037858283"/>
            <fprob>0.0</fprob>
        </actor>
        <actor name="D0N14">
            <wcet number="0">40</wcet>
            <wcet number="1">40</wcet>
            <maxpow number="0.23045001383844094"/>
            <maxpow number="0.23045001383844094"/>
            <fprob>0.0</fprob>
        </actor>
        <actor name="D0N33">
            <wcet number="0">40</wcet>
            <wcet number="1">60</wcet>
            <maxpow number="0.4651915440107951"/>
            <maxpow number="0.4651915440107951"/>
            <fprob>0.0</fprob>
        </actor>
        <actor name="D0N19">
            <wcet number="0">20</wcet>
            <wcet number="1">30</wcet>
            <maxpow number="0.5721448180129093"/>
            <maxpow number="0.5721448180129093"/>
            <fprob>0.0</fprob>
        </actor>
        <actor name="D0N32">
            <wcet number="0">10</wcet>
            <wcet number="1">90</wcet>
            <maxpow number="0.7555123076124572"/>
            <maxpow number="0.7555123076124572"/>
            <fprob>0.0</fprob>
        </actor>
        <actor name="D0N17">
            <wcet number="0">10</wcet>
            <wcet number="1">30</wcet>
            <maxpow number="0.6072163351999206"/>
            <maxpow number="0.6072163351999206"/>
            <fprob>0.0</fprob>
        </actor>
        <actor name="D0N0">
            <wcet number="0">10</wcet>
            <wcet number="1">20</wcet>
            <maxpow number="0.5751323909804305"/>
            <maxpow number="0.5751323909804305"/>
            <fprob>0.0</fprob>
        </actor>
        <actor name="D0N44">
            <wcet number="0">110</wcet>
            <wcet number="1">170</wcet>
            <maxpow number="0.39251836878559854"/>
            <maxpow number="0.39251836878559854"/>
            <fprob>0.0</fprob>
        </actor>
        <actor name="D0N1">
            <wcet number="0">20</wcet>
            <wcet number="1">150</wcet>
            <maxpow number="0.38274788234720747"/>
            <maxpow number="0.38274788234720747"/>
            <fprob>0.0</fprob>
        </actor>
        <actor name="D0N3">
            <wcet number="0">10</wcet>
            <wcet number="1">20</wcet>
            <maxpow number="0.3640826940944215"/>
            <maxpow number="0.3640826940944215"/>
            <fprob>0.0</fprob>
        </actor>
        <actor name="D0N35">
            <wcet number="0">50</wcet>
            <wcet number="1">60</wcet>
            <maxpow number="0.7876652078817862"/>
            <maxpow number="0.7876652078817862"/>
            <fprob>0.0</fprob>
        </actor>
        <actor name="D0N16">
            <wcet number="0">120</wcet>
            <wcet number="1">150</wcet>
            <maxpow number="0.7879288198495454"/>
            <maxpow number="0.7879288198495454"/>
            <fprob>0.0</fprob>
        </actor>
        <actor name="D0N5">
            <wcet number="0">150</wcet>
            <wcet number="1">170</wcet>
            <maxpow number="0.28244007483441114"/>
            <maxpow number="0.28244007483441114"/>
            <fprob>0.0</fprob>
        </actor>
        <actor name="D0N7">
            <wcet number="0">40</wcet>
            <wcet number="1">40</wcet>
            <maxpow number="0.6160856722267077"/>
            <maxpow number="0.6160856722267077"/>
            <fprob>0.0</fprob>
        </actor>
        <actor name="D0N38">
            <wcet number="0">10</wcet>
            <wcet number="1">10</wcet>
            <maxpow number="0.27061387486051236"/>
            <maxpow number="0.27061387486051236"/>
            <fprob>0.0</fprob>
        </actor>
        <actor name="D0N41">
            <wcet number="0">80</wcet>
            <wcet number="1">90</wcet>
            <maxpow number="0.41120452421756337"/>
            <maxpow number="0.41120452421756337"/>
            <fprob>0.0</fprob>
        </actor>
        <actor name="D0N8">
            <wcet number="0">40</wcet>
            <wcet number="1">160</wcet>
            <maxpow number="0.7036129414309347"/>
            <maxpow number="0.7036129414309347"/>
            <fprob>0.0</fprob>
        </actor>
        <actor name="D0N22">
            <wcet number="0">20</wcet>
            <wcet number="1">20</wcet>
            <maxpow number="0.7623628040712751"/>
            <maxpow number="0.7623628040712751"/>
            <fprob>0.0</fprob>
        </actor>
        <actor name="D0N37">
            <wcet number="0">10</wcet>
            <wcet number="1">10</wcet>
            <maxpow number="0.6123087467762538"/>
            <maxpow number="0.6123087467762538"/>
            <fprob>0.0</fprob>
        </actor>
        <actor name="D0N21">
            <wcet number="0">140</wcet>
            <wcet number="1">170</wcet>
            <maxpow number="0.7612632915799127"/>
            <maxpow number="0.7612632915799127"/>
            <fprob>0.0</fprob>
        </actor>
        <actor name="D0N43">
            <wcet number="0">70</wcet>
            <wcet number="1">170</wcet>
            <maxpow number="0.4688106165437628"/>
            <maxpow number="0.4688106165437628"/>
            <fprob>0.0</fprob>
        </actor>
        <actor name="D0N15">
            <wcet number="0">40</wcet>
            <wcet number="1">40</wcet>
            <maxpow number="0.4228833205620114"/>
            <maxpow number="0.4228833205620114"/>
            <fprob>0.0</fprob>
        </actor>
        <actor name="D0N20">
            <wcet number="0">60</wcet>
            <wcet number="1">130</wcet>
            <maxpow number="0.6815616248598522"/>
            <maxpow number="0.6815616248598522"/>
            <fprob>0.0</fprob>
        </actor>
        <actor name="D0N46">
            <wcet number="0">90</wcet>
            <wcet number="1">90</wcet>
            <maxpow number="0.2377887301528756"/>
            <maxpow number="0.2377887301528756"/>
            <fprob>0.0</fprob>
        </actor>
        <actor name="D0N48">
            <wcet number="0">80</wcet>
            <wcet number="1">80</wcet>
            <maxpow number="0.7264902931041106"/>
            <maxpow number="0.7264902931041106"/>
            <fprob>0.0</fprob>
        </actor>
        <actor name="D0N18">
            <wcet number="0">70</wcet>
            <wcet number="1">80</wcet>
            <maxpow number="0.4406933271907083"/>
            <maxpow number="0.4406933271907083"/>
            <fprob>0.0</fprob>
        </actor>
        <ports>
            <port dstActor="D0N44" name="p0" srcActor="D0N42"/>
            <port dstActor="D0N40" name="p1" srcActor="D0N23"/>
            <port dstActor="D0N41" name="p2" srcActor="D0N23"/>
            <port dstActor="D0N46" name="p3" srcActor="D0N36"/>
            <port dstActor="D0N29" name="p4" srcActor="D0N24"/>
            <port dstActor="D0N27" name="p5" srcActor="D0N24"/>
            <port dstActor="D0N41" name="p6" srcActor="D0N24"/>
            <port dstActor="D0N43" name="p7" srcActor="D0N24"/>
            <port dstActor="D0N35" name="p8" srcActor="D0N24"/>
            <port dstActor="D0N44" name="p9" srcActor="D0N31"/>
            <port dstActor="D0N46" name="p10" srcActor="D0N10"/>
            <port dstActor="D0N39" name="p11" srcActor="D0N10"/>
            <port dstActor="D0N34" name="p12" srcActor="D0N27"/>
            <port dstActor="D0N26" name="p13" srcActor="D0N12"/>
            <port dstActor="D0N38" name="p14" srcActor="D0N12"/>
            <port dstActor="D0N45" name="p15" srcActor="D0N12"/>
            <port dstActor="D0N14" name="p16" srcActor="D0N12"/>
            <port dstActor="D0N31" name="p17" srcActor="D0N12"/>
            <port dstActor="D0N34" name="p18" srcActor="D0N29"/>
            <port dstActor="D0N39" name="p19" srcActor="D0N29"/>
            <port dstActor="D0N13" name="p20" srcActor="D0N4"/>
            <port dstActor="D0N17" name="p21" srcActor="D0N4"/>
            <port dstActor="D0N44" name="p22" srcActor="D0N4"/>
            <port dstActor="D0N15" name="p23" srcActor="D0N4"/>
            <port dstActor="D0N47" name="p24" srcActor="D0N4"/>
            <port dstActor="D0N34" name="p25" srcActor="D0N4"/>
            <port dstActor="D0N18" name="p26" srcActor="D0N4"/>
            <port dstActor="D0N30" name="p27" srcActor="D0N4"/>
            <port dstActor="D0N44" name="p28" srcActor="D0N34"/>
            <port dstActor="D0N16" name="p29" srcActor="D0N11"/>
            <port dstActor="D0N20" name="p30" srcActor="D0N11"/>
            <port dstActor="D0N39" name="p31" srcActor="D0N11"/>
            <port dstActor="D0N33" name="p32" srcActor="D0N11"/>
            <port dstActor="D0N30" name="p33" srcActor="D0N11"/>
            <port dstActor="D0N30" name="p34" srcActor="D0N28"/>
            <port dstActor="D0N10" name="p35" srcActor="D0N6"/>
            <port dstActor="D0N32" name="p36" srcActor="D0N6"/>
            <port dstActor="D0N20" name="p37" srcActor="D0N13"/>
            <port dstActor="D0N22" name="p38" srcActor="D0N13"/>
            <port dstActor="D0N39" name="p39" srcActor="D0N13"/>
            <port dstActor="D0N41" name="p40" srcActor="D0N30"/>
            <port dstActor="D0N48" name="p41" srcActor="D0N30"/>
            <port dstActor="D0N46" name="p42" srcActor="D0N25"/>
            <port dstActor="D0N39" name="p43" srcActor="D0N25"/>
            <port dstActor="D0N31" name="p44" srcActor="D0N25"/>
            <port dstActor="D0N34" name="p45" srcActor="D0N25"/>
            <port dstActor="D0N16" name="p46" srcActor="D0N9"/>
            <port dstActor="D0N14" name="p47" srcActor="D0N9"/>
            <port dstActor="D0N25" name="p48" srcActor="D0N9"/>
            <port dstActor="D0N20" name="p49" srcActor="D0N9"/>
            <port dstActor="D0N19" name="p50" srcActor="D0N9"/>
            <port dstActor="D0N27" name="p51" srcActor="D0N9"/>
            <port dstActor="D0N13" name="p52" srcActor="D0N9"/>
            <port dstActor="D0N40" name="p53" srcActor="D0N9"/>
            <port dstActor="D0N47" name="p54" srcActor="D0N26"/>
            <port dstActor="D0N30" name="p55" srcActor="D0N26"/>
            <port dstActor="D0N27" name="p56" srcActor="D0N26"/>
            <port dstActor="D0N34" name="p57" srcActor="D0N26"/>
            <port dstActor="D0N21" name="p58" srcActor="D0N2"/>
            <port dstActor="D0N32" name="p59" srcActor="D0N2"/>
            <port dstActor="D0N46" name="p60" srcActor="D0N2"/>
            <port dstActor="D0N18" name="p61" srcActor="D0N2"/>
            <port dstActor="D0N25" name="p62" srcActor="D0N2"/>
            <port dstActor="D0N33" name="p63" srcActor="D0N2"/>
            <port dstActor="D0N27" name="p64" srcActor="D0N14"/>
            <port dstActor="D0N31" name="p65" srcActor="D0N14"/>
            <port dstActor="D0N23" name="p66" srcActor="D0N14"/>
            <port dstActor="D0N34" name="p67" srcActor="D0N19"/>
            <port dstActor="D0N25" name="p68" srcActor="D0N19"/>
            <port dstActor="D0N37" name="p69" srcActor="D0N19"/>
            <port dstActor="D0N44" name="p70" srcActor="D0N32"/>
            <port dstActor="D0N40" name="p71" srcActor="D0N32"/>
            <port dstActor="D0N36" name="p72" srcActor="D0N32"/>
            <port dstActor="D0N33" name="p73" srcActor="D0N17"/>
            <port dstActor="D0N39" name="p74" srcActor="D0N17"/>
            <port dstActor="D0N41" name="p75" srcActor="D0N17"/>
            <port dstActor="D0N45" name="p76" srcActor="D0N17"/>
            <port dstActor="D0N30" name="p77" srcActor="D0N17"/>
            <port dstActor="D0N42" name="p78" srcActor="D0N17"/>
            <port dstActor="D0N38" name="p79" srcActor="D0N17"/>
            <port dstActor="D0N47" name="p80" srcActor="D0N17"/>
            <port dstActor="D0N39" name="p81" srcActor="D0N0"/>
            <port dstActor="D0N15" name="p82" srcActor="D0N0"/>
            <port dstActor="D0N11" name="p83" srcActor="D0N0"/>
            <port dstActor="D0N24" name="p84" srcActor="D0N0"/>
            <port dstActor="D0N17" name="p85" srcActor="D0N1"/>
            <port dstActor="D0N44" name="p86" srcActor="D0N1"/>
            <port dstActor="D0N4" name="p87" srcActor="D0N1"/>
            <port dstActor="D0N24" name="p88" srcActor="D0N1"/>
            <port dstActor="D0N27" name="p89" srcActor="D0N3"/>
            <port dstActor="D0N36" name="p90" srcActor="D0N3"/>
            <port dstActor="D0N21" name="p91" srcActor="D0N3"/>
            <port dstActor="D0N9" name="p92" srcActor="D0N3"/>
            <port dstActor="D0N40" name="p93" srcActor="D0N35"/>
            <port dstActor="D0N44" name="p94" srcActor="D0N35"/>
            <port dstActor="D0N42" name="p95" srcActor="D0N16"/>
            <port dstActor="D0N39" name="p96" srcActor="D0N16"/>
            <port dstActor="D0N22" name="p97" srcActor="D0N16"/>
            <port dstActor="D0N48" name="p98" srcActor="D0N16"/>
            <port dstActor="D0N13" name="p99" srcActor="D0N5"/>
            <port dstActor="D0N17" name="p100" srcActor="D0N5"/>
            <port dstActor="D0N21" name="p101" srcActor="D0N5"/>
            <port dstActor="D0N45" name="p102" srcActor="D0N5"/>
            <port dstActor="D0N24" name="p103" srcActor="D0N5"/>
            <port dstActor="D0N8" name="p104" srcActor="D0N7"/>
            <port dstActor="D0N21" name="p105" srcActor="D0N7"/>
            <port dstActor="D0N38" name="p106" srcActor="D0N7"/>
            <port dstActor="D0N19" name="p107" srcActor="D0N7"/>
            <port dstActor="D0N43" name="p108" srcActor="D0N38"/>
            <port dstActor="D0N41" name="p109" srcActor="D0N38"/>
            <port dstActor="D0N45" name="p110" srcActor="D0N41"/>
            <port dstActor="D0N22" name="p111" srcActor="D0N8"/>
            <port dstActor="D0N41" name="p112" srcActor="D0N8"/>
            <port dstActor="D0N11" name="p113" srcActor="D0N8"/>
            <port dstActor="D0N27" name="p114" srcActor="D0N8"/>
            <port dstActor="D0N46" name="p115" srcActor="D0N37"/>
            <port dstActor="D0N21" name="p116" srcActor="D0N15"/>
            <port dstActor="D0N39" name="p117" srcActor="D0N15"/>
            <port dstActor="D0N17" name="p118" srcActor="D0N15"/>
            <port dstActor="D0N33" name="p119" srcActor="D0N15"/>
            <port dstActor="D0N22" name="p120" srcActor="D0N15"/>
            <port dstActor="D0N35" name="p121" srcActor="D0N20"/>
            <port dstActor="D0N46" name="p122" srcActor="D0N20"/>
            <port dstActor="D0N33" name="p123" srcActor="D0N18"/>
            <port dstActor="D0N42" name="p124" srcActor="D0N18"/>
        </ports>
    </mcdag>
    <cores number="3"/>
    <levels number="2"/>
</mcsystem>
