<?xml version="1.0" encoding="UTF-8" standalone="no"?>
<mcsystem>
    <mcdag deadline="4000" name="genned-0-ed-10.0-0">
        <actor name="D0N15">
            <wcet number="0">30</wcet>
            <wcet number="1">120</wcet>
            <maxpow number="0.40475432015310664"/>
            <maxpow number="0.40475432015310664"/>
            <fprob>0.0</fprob>
        </actor>
        <actor name="D0N34">
            <wcet number="0">10</wcet>
            <wcet number="1">20</wcet>
            <maxpow number="0.48424150173454084"/>
            <maxpow number="0.48424150173454084"/>
            <fprob>0.0</fprob>
        </actor>
        <actor name="D0N36">
            <wcet number="0">210</wcet>
            <wcet number="1">970</wcet>
            <maxpow number="0.4654739168948828"/>
            <maxpow number="0.4654739168948828"/>
            <fprob>0.0</fprob>
        </actor>
        <actor name="D0N46">
            <wcet number="0">60</wcet>
            <wcet number="1">100</wcet>
            <maxpow number="0.4526877050925303"/>
            <maxpow number="0.4526877050925303"/>
            <fprob>0.0</fprob>
        </actor>
        <actor name="D0N27">
            <wcet number="0">20</wcet>
            <wcet number="1">70</wcet>
            <maxpow number="0.4149289357861948"/>
            <maxpow number="0.4149289357861948"/>
            <fprob>0.0</fprob>
        </actor>
        <actor name="D0N0">
            <wcet number="0">50</wcet>
            <wcet number="1">250</wcet>
            <maxpow number="0.433215229317691"/>
            <maxpow number="0.433215229317691"/>
            <fprob>0.0</fprob>
        </actor>
        <actor name="D0N18">
            <wcet number="0">10</wcet>
            <wcet number="1">420</wcet>
            <maxpow number="0.6818739003082323"/>
            <maxpow number="0.6818739003082323"/>
            <fprob>0.0</fprob>
        </actor>
        <actor name="D0N43">
            <wcet number="0">20</wcet>
            <wcet number="1">100</wcet>
            <maxpow number="0.7153311237594466"/>
            <maxpow number="0.7153311237594466"/>
            <fprob>0.0</fprob>
        </actor>
        <actor name="D0N26">
            <wcet number="0">50</wcet>
            <wcet number="1">150</wcet>
            <maxpow number="0.21262946333318122"/>
            <maxpow number="0.21262946333318122"/>
            <fprob>0.0</fprob>
        </actor>
        <actor name="D0N30">
            <wcet number="0">70</wcet>
            <wcet number="1">120</wcet>
            <maxpow number="0.5852326427195756"/>
            <maxpow number="0.5852326427195756"/>
            <fprob>0.0</fprob>
        </actor>
        <actor name="D0N24">
            <wcet number="0">90</wcet>
            <wcet number="1">250</wcet>
            <maxpow number="0.5081683244328269"/>
            <maxpow number="0.5081683244328269"/>
            <fprob>0.0</fprob>
        </actor>
        <actor name="D0N19">
            <wcet number="0">30</wcet>
            <wcet number="1">150</wcet>
            <maxpow number="0.5095766676486657"/>
            <maxpow number="0.5095766676486657"/>
            <fprob>0.0</fprob>
        </actor>
        <actor name="D0N5">
            <wcet number="0">10</wcet>
            <wcet number="1">30</wcet>
            <maxpow number="0.7243088882987003"/>
            <maxpow number="0.7243088882987003"/>
            <fprob>0.0</fprob>
        </actor>
        <actor name="D0N49">
            <wcet number="0">140</wcet>
            <wcet number="1">150</wcet>
            <maxpow number="0.30674933301602736"/>
            <maxpow number="0.30674933301602736"/>
            <fprob>0.0</fprob>
        </actor>
        <actor name="D0N17">
            <wcet number="0">30</wcet>
            <wcet number="1">80</wcet>
            <maxpow number="0.2042840975526845"/>
            <maxpow number="0.2042840975526845"/>
            <fprob>0.0</fprob>
        </actor>
        <actor name="D0N16">
            <wcet number="0">10</wcet>
            <wcet number="1">10</wcet>
            <maxpow number="0.6335000306988664"/>
            <maxpow number="0.6335000306988664"/>
            <fprob>0.0</fprob>
        </actor>
        <actor name="D0N13">
            <wcet number="0">160</wcet>
            <wcet number="1">560</wcet>
            <maxpow number="0.6470161392195148"/>
            <maxpow number="0.6470161392195148"/>
            <fprob>0.0</fprob>
        </actor>
        <actor name="D0N28">
            <wcet number="0">10</wcet>
            <wcet number="1">30</wcet>
            <maxpow number="0.550848830097242"/>
            <maxpow number="0.550848830097242"/>
            <fprob>0.0</fprob>
        </actor>
        <actor name="D0N12">
            <wcet number="0">60</wcet>
            <wcet number="1">180</wcet>
            <maxpow number="0.6932046674977796"/>
            <maxpow number="0.6932046674977796"/>
            <fprob>0.0</fprob>
        </actor>
        <actor name="D0N29">
            <wcet number="0">320</wcet>
            <wcet number="1">530</wcet>
            <maxpow number="0.46622724351547457"/>
            <maxpow number="0.46622724351547457"/>
            <fprob>0.0</fprob>
        </actor>
        <actor name="D0N23">
            <wcet number="0">30</wcet>
            <wcet number="1">500</wcet>
            <maxpow number="0.05557805105163438"/>
            <maxpow number="0.05557805105163438"/>
            <fprob>0.0</fprob>
        </actor>
        <actor name="D0N31">
            <wcet number="0">40</wcet>
            <wcet number="1">80</wcet>
            <maxpow number="0.733076838463672"/>
            <maxpow number="0.733076838463672"/>
            <fprob>0.0</fprob>
        </actor>
        <actor name="D0N41">
            <wcet number="0">50</wcet>
            <wcet number="1">90</wcet>
            <maxpow number="0.475619716114018"/>
            <maxpow number="0.475619716114018"/>
            <fprob>0.0</fprob>
        </actor>
        <actor name="D0N22">
            <wcet number="0">10</wcet>
            <wcet number="1">120</wcet>
            <maxpow number="0.37353987936335886"/>
            <maxpow number="0.37353987936335886"/>
            <fprob>0.0</fprob>
        </actor>
        <actor name="D0N10">
            <wcet number="0">20</wcet>
            <wcet number="1">20</wcet>
            <maxpow number="0.4811548029627096"/>
            <maxpow number="0.4811548029627096"/>
            <fprob>0.0</fprob>
        </actor>
        <actor name="D0N25">
            <wcet number="0">20</wcet>
            <wcet number="1">50</wcet>
            <maxpow number="0.670828707944384"/>
            <maxpow number="0.670828707944384"/>
            <fprob>0.0</fprob>
        </actor>
        <actor name="D0N48">
            <wcet number="0">120</wcet>
            <wcet number="1">150</wcet>
            <maxpow number="0.7394177711915768"/>
            <maxpow number="0.7394177711915768"/>
            <fprob>0.0</fprob>
        </actor>
        <actor name="D0N35">
            <wcet number="0">10</wcet>
            <wcet number="1">30</wcet>
            <maxpow number="0.5368397723044184"/>
            <maxpow number="0.5368397723044184"/>
            <fprob>0.0</fprob>
        </actor>
        <actor name="D0N7">
            <wcet number="0">40</wcet>
            <wcet number="1">50</wcet>
            <maxpow number="0.4353444209210422"/>
            <maxpow number="0.4353444209210422"/>
            <fprob>0.0</fprob>
        </actor>
        <actor name="D0N39">
            <wcet number="0">20</wcet>
            <wcet number="1">70</wcet>
            <maxpow number="0.4099195704073539"/>
            <maxpow number="0.4099195704073539"/>
            <fprob>0.0</fprob>
        </actor>
        <actor name="D0N8">
            <wcet number="0">140</wcet>
            <wcet number="1">590</wcet>
            <maxpow number="0.41261707050181273"/>
            <maxpow number="0.41261707050181273"/>
            <fprob>0.0</fprob>
        </actor>
        <actor name="D0N32">
            <wcet number="0">70</wcet>
            <wcet number="1">220</wcet>
            <maxpow number="0.3511779847992477"/>
            <maxpow number="0.3511779847992477"/>
            <fprob>0.0</fprob>
        </actor>
        <actor name="D0N2">
            <wcet number="0">40</wcet>
            <wcet number="1">190</wcet>
            <maxpow number="0.6879558130227416"/>
            <maxpow number="0.6879558130227416"/>
            <fprob>0.0</fprob>
        </actor>
        <actor name="D0N33">
            <wcet number="0">260</wcet>
            <wcet number="1">280</wcet>
            <maxpow number="0.7366590775802786"/>
            <maxpow number="0.7366590775802786"/>
            <fprob>0.0</fprob>
        </actor>
        <actor name="D0N4">
            <wcet number="0">50</wcet>
            <wcet number="1">50</wcet>
            <maxpow number="0.5214048233285578"/>
            <maxpow number="0.5214048233285578"/>
            <fprob>0.0</fprob>
        </actor>
        <actor name="D0N1">
            <wcet number="0">160</wcet>
            <wcet number="1">210</wcet>
            <maxpow number="0.1508712026562697"/>
            <maxpow number="0.1508712026562697"/>
            <fprob>0.0</fprob>
        </actor>
        <actor name="D0N3">
            <wcet number="0">20</wcet>
            <wcet number="1">270</wcet>
            <maxpow number="0.6420436330475356"/>
            <maxpow number="0.6420436330475356"/>
            <fprob>0.0</fprob>
        </actor>
        <actor name="D0N21">
            <wcet number="0">190</wcet>
            <wcet number="1">380</wcet>
            <maxpow number="0.6141417814490772"/>
            <maxpow number="0.6141417814490772"/>
            <fprob>0.0</fprob>
        </actor>
        <actor name="D0N45">
            <wcet number="0">70</wcet>
            <wcet number="1">100</wcet>
            <maxpow number="0.5030497183356805"/>
            <maxpow number="0.5030497183356805"/>
            <fprob>0.0</fprob>
        </actor>
        <actor name="D0N40">
            <wcet number="0">60</wcet>
            <wcet number="1">380</wcet>
            <maxpow number="0.6193901625035635"/>
            <maxpow number="0.6193901625035635"/>
            <fprob>0.0</fprob>
        </actor>
        <actor name="D0N42">
            <wcet number="0">60</wcet>
            <wcet number="1">60</wcet>
            <maxpow number="0.372694704360629"/>
            <maxpow number="0.372694704360629"/>
            <fprob>0.0</fprob>
        </actor>
        <actor name="D0N20">
            <wcet number="0">10</wcet>
            <wcet number="1">60</wcet>
            <maxpow number="0.4161816869426161"/>
            <maxpow number="0.4161816869426161"/>
            <fprob>0.0</fprob>
        </actor>
        <actor name="D0N11">
            <wcet number="0">60</wcet>
            <wcet number="1">100</wcet>
            <maxpow number="0.5544933034348276"/>
            <maxpow number="0.5544933034348276"/>
            <fprob>0.0</fprob>
        </actor>
        <actor name="D0N38">
            <wcet number="0">230</wcet>
            <wcet number="1">670</wcet>
            <maxpow number="0.22428832818094568"/>
            <maxpow number="0.22428832818094568"/>
            <fprob>0.0</fprob>
        </actor>
        <actor name="D0N6">
            <wcet number="0">60</wcet>
            <wcet number="1">100</wcet>
            <maxpow number="0.5903986635837903"/>
            <maxpow number="0.5903986635837903"/>
            <fprob>0.0</fprob>
        </actor>
        <actor name="D0N47">
            <wcet number="0">60</wcet>
            <wcet number="1">60</wcet>
            <maxpow number="0.47253248851686114"/>
            <maxpow number="0.47253248851686114"/>
            <fprob>0.0</fprob>
        </actor>
        <actor name="D0N14">
            <wcet number="0">70</wcet>
            <wcet number="1">70</wcet>
            <maxpow number="0.23336116562895576"/>
            <maxpow number="0.23336116562895576"/>
            <fprob>0.0</fprob>
        </actor>
        <actor name="D0N44">
            <wcet number="0">150</wcet>
            <wcet number="1">150</wcet>
            <maxpow number="0.6324452317961822"/>
            <maxpow number="0.6324452317961822"/>
            <fprob>0.0</fprob>
        </actor>
        <actor name="D0N9">
            <wcet number="0">10</wcet>
            <wcet number="1">10</wcet>
            <maxpow number="0.5595710520897761"/>
            <maxpow number="0.5595710520897761"/>
            <fprob>0.0</fprob>
        </actor>
        <actor name="D0N37">
            <wcet number="0">170</wcet>
            <wcet number="1">200</wcet>
            <maxpow number="0.6189131152654817"/>
            <maxpow number="0.6189131152654817"/>
            <fprob>0.0</fprob>
        </actor>
        <ports>
            <port dstActor="D0N45" name="p0" srcActor="D0N15"/>
            <port dstActor="D0N34" name="p1" srcActor="D0N15"/>
            <port dstActor="D0N44" name="p2" srcActor="D0N34"/>
            <port dstActor="D0N45" name="p3" srcActor="D0N36"/>
            <port dstActor="D0N48" name="p4" srcActor="D0N36"/>
            <port dstActor="D0N38" name="p5" srcActor="D0N27"/>
            <port dstActor="D0N33" name="p6" srcActor="D0N27"/>
            <port dstActor="D0N37" name="p7" srcActor="D0N27"/>
            <port dstActor="D0N40" name="p8" srcActor="D0N0"/>
            <port dstActor="D0N28" name="p9" srcActor="D0N0"/>
            <port dstActor="D0N10" name="p10" srcActor="D0N0"/>
            <port dstActor="D0N22" name="p11" srcActor="D0N0"/>
            <port dstActor="D0N32" name="p12" srcActor="D0N18"/>
            <port dstActor="D0N34" name="p13" srcActor="D0N18"/>
            <port dstActor="D0N45" name="p14" srcActor="D0N26"/>
            <port dstActor="D0N43" name="p15" srcActor="D0N26"/>
            <port dstActor="D0N35" name="p16" srcActor="D0N26"/>
            <port dstActor="D0N45" name="p17" srcActor="D0N30"/>
            <port dstActor="D0N37" name="p18" srcActor="D0N30"/>
            <port dstActor="D0N48" name="p19" srcActor="D0N30"/>
            <port dstActor="D0N41" name="p20" srcActor="D0N30"/>
            <port dstActor="D0N42" name="p21" srcActor="D0N24"/>
            <port dstActor="D0N30" name="p22" srcActor="D0N24"/>
            <port dstActor="D0N32" name="p23" srcActor="D0N24"/>
            <port dstActor="D0N25" name="p24" srcActor="D0N19"/>
            <port dstActor="D0N44" name="p25" srcActor="D0N19"/>
            <port dstActor="D0N41" name="p26" srcActor="D0N19"/>
            <port dstActor="D0N29" name="p27" srcActor="D0N19"/>
            <port dstActor="D0N7" name="p28" srcActor="D0N5"/>
            <port dstActor="D0N11" name="p29" srcActor="D0N5"/>
            <port dstActor="D0N21" name="p30" srcActor="D0N5"/>
            <port dstActor="D0N25" name="p31" srcActor="D0N17"/>
            <port dstActor="D0N28" name="p32" srcActor="D0N17"/>
            <port dstActor="D0N29" name="p33" srcActor="D0N17"/>
            <port dstActor="D0N36" name="p34" srcActor="D0N16"/>
            <port dstActor="D0N34" name="p35" srcActor="D0N16"/>
            <port dstActor="D0N20" name="p36" srcActor="D0N16"/>
            <port dstActor="D0N22" name="p37" srcActor="D0N16"/>
            <port dstActor="D0N24" name="p38" srcActor="D0N16"/>
            <port dstActor="D0N28" name="p39" srcActor="D0N16"/>
            <port dstActor="D0N44" name="p40" srcActor="D0N16"/>
            <port dstActor="D0N27" name="p41" srcActor="D0N13"/>
            <port dstActor="D0N38" name="p42" srcActor="D0N13"/>
            <port dstActor="D0N20" name="p43" srcActor="D0N13"/>
            <port dstActor="D0N31" name="p44" srcActor="D0N13"/>
            <port dstActor="D0N34" name="p45" srcActor="D0N28"/>
            <port dstActor="D0N37" name="p46" srcActor="D0N28"/>
            <port dstActor="D0N30" name="p47" srcActor="D0N28"/>
            <port dstActor="D0N25" name="p48" srcActor="D0N12"/>
            <port dstActor="D0N16" name="p49" srcActor="D0N12"/>
            <port dstActor="D0N33" name="p50" srcActor="D0N12"/>
            <port dstActor="D0N35" name="p51" srcActor="D0N29"/>
            <port dstActor="D0N38" name="p52" srcActor="D0N23"/>
            <port dstActor="D0N39" name="p53" srcActor="D0N23"/>
            <port dstActor="D0N25" name="p54" srcActor="D0N22"/>
            <port dstActor="D0N41" name="p55" srcActor="D0N22"/>
            <port dstActor="D0N24" name="p56" srcActor="D0N10"/>
            <port dstActor="D0N46" name="p57" srcActor="D0N10"/>
            <port dstActor="D0N27" name="p58" srcActor="D0N10"/>
            <port dstActor="D0N21" name="p59" srcActor="D0N10"/>
            <port dstActor="D0N43" name="p60" srcActor="D0N25"/>
            <port dstActor="D0N49" name="p61" srcActor="D0N35"/>
            <port dstActor="D0N47" name="p62" srcActor="D0N35"/>
            <port dstActor="D0N33" name="p63" srcActor="D0N7"/>
            <port dstActor="D0N25" name="p64" srcActor="D0N7"/>
            <port dstActor="D0N19" name="p65" srcActor="D0N7"/>
            <port dstActor="D0N31" name="p66" srcActor="D0N7"/>
            <port dstActor="D0N29" name="p67" srcActor="D0N7"/>
            <port dstActor="D0N37" name="p68" srcActor="D0N7"/>
            <port dstActor="D0N48" name="p69" srcActor="D0N39"/>
            <port dstActor="D0N34" name="p70" srcActor="D0N8"/>
            <port dstActor="D0N24" name="p71" srcActor="D0N8"/>
            <port dstActor="D0N45" name="p72" srcActor="D0N2"/>
            <port dstActor="D0N15" name="p73" srcActor="D0N2"/>
            <port dstActor="D0N32" name="p74" srcActor="D0N2"/>
            <port dstActor="D0N20" name="p75" srcActor="D0N2"/>
            <port dstActor="D0N26" name="p76" srcActor="D0N4"/>
            <port dstActor="D0N38" name="p77" srcActor="D0N4"/>
            <port dstActor="D0N19" name="p78" srcActor="D0N4"/>
            <port dstActor="D0N40" name="p79" srcActor="D0N4"/>
            <port dstActor="D0N47" name="p80" srcActor="D0N4"/>
            <port dstActor="D0N44" name="p81" srcActor="D0N4"/>
            <port dstActor="D0N21" name="p82" srcActor="D0N1"/>
            <port dstActor="D0N33" name="p83" srcActor="D0N1"/>
            <port dstActor="D0N6" name="p84" srcActor="D0N1"/>
            <port dstActor="D0N12" name="p85" srcActor="D0N1"/>
            <port dstActor="D0N46" name="p86" srcActor="D0N3"/>
            <port dstActor="D0N7" name="p87" srcActor="D0N3"/>
            <port dstActor="D0N34" name="p88" srcActor="D0N3"/>
            <port dstActor="D0N36" name="p89" srcActor="D0N3"/>
            <port dstActor="D0N33" name="p90" srcActor="D0N3"/>
            <port dstActor="D0N42" name="p91" srcActor="D0N3"/>
            <port dstActor="D0N46" name="p92" srcActor="D0N21"/>
            <port dstActor="D0N48" name="p93" srcActor="D0N21"/>
            <port dstActor="D0N47" name="p94" srcActor="D0N21"/>
            <port dstActor="D0N49" name="p95" srcActor="D0N42"/>
            <port dstActor="D0N22" name="p96" srcActor="D0N20"/>
            <port dstActor="D0N20" name="p97" srcActor="D0N11"/>
            <port dstActor="D0N39" name="p98" srcActor="D0N11"/>
            <port dstActor="D0N38" name="p99" srcActor="D0N11"/>
            <port dstActor="D0N46" name="p100" srcActor="D0N11"/>
            <port dstActor="D0N44" name="p101" srcActor="D0N38"/>
            <port dstActor="D0N48" name="p102" srcActor="D0N38"/>
            <port dstActor="D0N37" name="p103" srcActor="D0N6"/>
            <port dstActor="D0N46" name="p104" srcActor="D0N6"/>
            <port dstActor="D0N19" name="p105" srcActor="D0N6"/>
            <port dstActor="D0N23" name="p106" srcActor="D0N6"/>
            <port dstActor="D0N19" name="p107" srcActor="D0N14"/>
            <port dstActor="D0N43" name="p108" srcActor="D0N14"/>
            <port dstActor="D0N15" name="p109" srcActor="D0N9"/>
            <port dstActor="D0N40" name="p110" srcActor="D0N9"/>
            <port dstActor="D0N19" name="p111" srcActor="D0N9"/>
            <port dstActor="D0N24" name="p112" srcActor="D0N9"/>
            <port dstActor="D0N42" name="p113" srcActor="D0N37"/>
        </ports>
    </mcdag>
    <cores number="3"/>
    <levels number="2"/>
</mcsystem>
