<?xml version="1.0" encoding="UTF-8" standalone="no"?>
<mcsystem>
    <mcdag deadline="3000" name="genned-0-ed-10.0-0">
        <actor name="D0N42">
            <wcet number="0">250</wcet>
            <wcet number="1">310</wcet>
            <maxpow number="0.4475675934782307"/>
            <maxpow number="0.4475675934782307"/>
            <fprob>0.0</fprob>
        </actor>
        <actor name="D0N12">
            <wcet number="0">90</wcet>
            <wcet number="1">180</wcet>
            <maxpow number="0.47893362847068394"/>
            <maxpow number="0.47893362847068394"/>
            <fprob>0.0</fprob>
        </actor>
        <actor name="D0N39">
            <wcet number="0">50</wcet>
            <wcet number="1">460</wcet>
            <maxpow number="0.48047023582008075"/>
            <maxpow number="0.48047023582008075"/>
            <fprob>0.0</fprob>
        </actor>
        <actor name="D0N11">
            <wcet number="0">40</wcet>
            <wcet number="1">50</wcet>
            <maxpow number="0.41096619293382575"/>
            <maxpow number="0.41096619293382575"/>
            <fprob>0.0</fprob>
        </actor>
        <actor name="D0N31">
            <wcet number="0">50</wcet>
            <wcet number="1">80</wcet>
            <maxpow number="0.6723148194902755"/>
            <maxpow number="0.6723148194902755"/>
            <fprob>0.0</fprob>
        </actor>
        <actor name="D0N37">
            <wcet number="0">20</wcet>
            <wcet number="1">40</wcet>
            <maxpow number="0.19622110803931142"/>
            <maxpow number="0.19622110803931142"/>
            <fprob>0.0</fprob>
        </actor>
        <actor name="D0N43">
            <wcet number="0">150</wcet>
            <wcet number="1">200</wcet>
            <maxpow number="0.7316753809848827"/>
            <maxpow number="0.7316753809848827"/>
            <fprob>0.0</fprob>
        </actor>
        <actor name="D0N40">
            <wcet number="0">30</wcet>
            <wcet number="1">30</wcet>
            <maxpow number="0.6988235424338681"/>
            <maxpow number="0.6988235424338681"/>
            <fprob>0.0</fprob>
        </actor>
        <actor name="D0N9">
            <wcet number="0">90</wcet>
            <wcet number="1">110</wcet>
            <maxpow number="1.0545398568586473"/>
            <maxpow number="1.0545398568586473"/>
            <fprob>0.0</fprob>
        </actor>
        <actor name="D0N21">
            <wcet number="0">10</wcet>
            <wcet number="1">10</wcet>
            <maxpow number="0.6688994769652163"/>
            <maxpow number="0.6688994769652163"/>
            <fprob>0.0</fprob>
        </actor>
        <actor name="D0N25">
            <wcet number="0">40</wcet>
            <wcet number="1">80</wcet>
            <maxpow number="0.8600799969108419"/>
            <maxpow number="0.8600799969108419"/>
            <fprob>0.0</fprob>
        </actor>
        <actor name="D0N16">
            <wcet number="0">80</wcet>
            <wcet number="1">210</wcet>
            <maxpow number="0.6913268648025191"/>
            <maxpow number="0.6913268648025191"/>
            <fprob>0.0</fprob>
        </actor>
        <actor name="D0N26">
            <wcet number="0">20</wcet>
            <wcet number="1">70</wcet>
            <maxpow number="1.0027352932318876"/>
            <maxpow number="1.0027352932318876"/>
            <fprob>0.0</fprob>
        </actor>
        <actor name="D0N22">
            <wcet number="0">50</wcet>
            <wcet number="1">80</wcet>
            <maxpow number="0.5929764864480167"/>
            <maxpow number="0.5929764864480167"/>
            <fprob>0.0</fprob>
        </actor>
        <actor name="D0N38">
            <wcet number="0">30</wcet>
            <wcet number="1">40</wcet>
            <maxpow number="0.6069289837494708"/>
            <maxpow number="0.6069289837494708"/>
            <fprob>0.0</fprob>
        </actor>
        <actor name="D0N18">
            <wcet number="0">290</wcet>
            <wcet number="1">340</wcet>
            <maxpow number="0.485390183699337"/>
            <maxpow number="0.485390183699337"/>
            <fprob>0.0</fprob>
        </actor>
        <actor name="D0N33">
            <wcet number="0">480</wcet>
            <wcet number="1">710</wcet>
            <maxpow number="0.8550597136884139"/>
            <maxpow number="0.8550597136884139"/>
            <fprob>0.0</fprob>
        </actor>
        <actor name="D0N44">
            <wcet number="0">60</wcet>
            <wcet number="1">130</wcet>
            <maxpow number="0.9852858894973163"/>
            <maxpow number="0.9852858894973163"/>
            <fprob>0.0</fprob>
        </actor>
        <actor name="D0N14">
            <wcet number="0">10</wcet>
            <wcet number="1">10</wcet>
            <maxpow number="0.8098496231741628"/>
            <maxpow number="0.8098496231741628"/>
            <fprob>0.0</fprob>
        </actor>
        <actor name="D0N35">
            <wcet number="0">70</wcet>
            <wcet number="1">100</wcet>
            <maxpow number="0.6875338922781264"/>
            <maxpow number="0.6875338922781264"/>
            <fprob>0.0</fprob>
        </actor>
        <actor name="D0N3">
            <wcet number="0">110</wcet>
            <wcet number="1">340</wcet>
            <maxpow number="0.6764433715234328"/>
            <maxpow number="0.6764433715234328"/>
            <fprob>0.0</fprob>
        </actor>
        <actor name="D0N19">
            <wcet number="0">130</wcet>
            <wcet number="1">160</wcet>
            <maxpow number="0.6581076541308263"/>
            <maxpow number="0.6581076541308263"/>
            <fprob>0.0</fprob>
        </actor>
        <actor name="D0N4">
            <wcet number="0">20</wcet>
            <wcet number="1">30</wcet>
            <maxpow number="0.48894142131230756"/>
            <maxpow number="0.48894142131230756"/>
            <fprob>0.0</fprob>
        </actor>
        <actor name="D0N6">
            <wcet number="0">20</wcet>
            <wcet number="1">40</wcet>
            <maxpow number="0.472426749769764"/>
            <maxpow number="0.472426749769764"/>
            <fprob>0.0</fprob>
        </actor>
        <actor name="D0N10">
            <wcet number="0">30</wcet>
            <wcet number="1">70</wcet>
            <maxpow number="0.37174468486210477"/>
            <maxpow number="0.37174468486210477"/>
            <fprob>0.0</fprob>
        </actor>
        <actor name="D0N7">
            <wcet number="0">40</wcet>
            <wcet number="1">140</wcet>
            <maxpow number="0.6791262675525478"/>
            <maxpow number="0.6791262675525478"/>
            <fprob>0.0</fprob>
        </actor>
        <actor name="D0N27">
            <wcet number="0">10</wcet>
            <wcet number="1">150</wcet>
            <maxpow number="0.8209107009857273"/>
            <maxpow number="0.8209107009857273"/>
            <fprob>0.0</fprob>
        </actor>
        <actor name="D0N41">
            <wcet number="0">600</wcet>
            <wcet number="1">710</wcet>
            <maxpow number="0.7258353330659547"/>
            <maxpow number="0.7258353330659547"/>
            <fprob>0.0</fprob>
        </actor>
        <actor name="D0N24">
            <wcet number="0">30</wcet>
            <wcet number="1">40</wcet>
            <maxpow number="0.8911051496897762"/>
            <maxpow number="0.8911051496897762"/>
            <fprob>0.0</fprob>
        </actor>
        <actor name="D0N36">
            <wcet number="0">50</wcet>
            <wcet number="1">90</wcet>
            <maxpow number="0.5335876192870771"/>
            <maxpow number="0.5335876192870771"/>
            <fprob>0.0</fprob>
        </actor>
        <actor name="D0N1">
            <wcet number="0">10</wcet>
            <wcet number="1">10</wcet>
            <maxpow number="0.4104855503914239"/>
            <maxpow number="0.4104855503914239"/>
            <fprob>0.0</fprob>
        </actor>
        <actor name="D0N32">
            <wcet number="0">20</wcet>
            <wcet number="1">60</wcet>
            <maxpow number="0.954684965676892"/>
            <maxpow number="0.954684965676892"/>
            <fprob>0.0</fprob>
        </actor>
        <actor name="D0N29">
            <wcet number="0">10</wcet>
            <wcet number="1">10</wcet>
            <maxpow number="0.6921078693624914"/>
            <maxpow number="0.6921078693624914"/>
            <fprob>0.0</fprob>
        </actor>
        <actor name="D0N8">
            <wcet number="0">170</wcet>
            <wcet number="1">380</wcet>
            <maxpow number="0.6083584104684501"/>
            <maxpow number="0.6083584104684501"/>
            <fprob>0.0</fprob>
        </actor>
        <actor name="D0N34">
            <wcet number="0">70</wcet>
            <wcet number="1">80</wcet>
            <maxpow number="0.47760000818036963"/>
            <maxpow number="0.47760000818036963"/>
            <fprob>0.0</fprob>
        </actor>
        <actor name="D0N5">
            <wcet number="0">40</wcet>
            <wcet number="1">40</wcet>
            <maxpow number="0.32516625280291883"/>
            <maxpow number="0.32516625280291883"/>
            <fprob>0.0</fprob>
        </actor>
        <actor name="D0N17">
            <wcet number="0">10</wcet>
            <wcet number="1">10</wcet>
            <maxpow number="0.8052867385398386"/>
            <maxpow number="0.8052867385398386"/>
            <fprob>0.0</fprob>
        </actor>
        <actor name="D0N23">
            <wcet number="0">10</wcet>
            <wcet number="1">140</wcet>
            <maxpow number="0.36468151780552716"/>
            <maxpow number="0.36468151780552716"/>
            <fprob>0.0</fprob>
        </actor>
        <actor name="D0N45">
            <wcet number="0">30</wcet>
            <wcet number="1">60</wcet>
            <maxpow number="0.6556073688511506"/>
            <maxpow number="0.6556073688511506"/>
            <fprob>0.0</fprob>
        </actor>
        <actor name="D0N28">
            <wcet number="0">110</wcet>
            <wcet number="1">160</wcet>
            <maxpow number="0.7921305021545315"/>
            <maxpow number="0.7921305021545315"/>
            <fprob>0.0</fprob>
        </actor>
        <actor name="D0N30">
            <wcet number="0">50</wcet>
            <wcet number="1">80</wcet>
            <maxpow number="0.559859251437007"/>
            <maxpow number="0.559859251437007"/>
            <fprob>0.0</fprob>
        </actor>
        <actor name="D0N46">
            <wcet number="0">70</wcet>
            <wcet number="1">160</wcet>
            <maxpow number="0.7128414131114239"/>
            <maxpow number="0.7128414131114239"/>
            <fprob>0.0</fprob>
        </actor>
        <actor name="D0N2">
            <wcet number="0">10</wcet>
            <wcet number="1">90</wcet>
            <maxpow number="0.3312355599940159"/>
            <maxpow number="0.3312355599940159"/>
            <fprob>0.0</fprob>
        </actor>
        <actor name="D0N13">
            <wcet number="0">20</wcet>
            <wcet number="1">60</wcet>
            <maxpow number="0.5080793527833829"/>
            <maxpow number="0.5080793527833829"/>
            <fprob>0.0</fprob>
        </actor>
        <actor name="D0N0">
            <wcet number="0">10</wcet>
            <wcet number="1">50</wcet>
            <maxpow number="0.31642705377383523"/>
            <maxpow number="0.31642705377383523"/>
            <fprob>0.0</fprob>
        </actor>
        <actor name="D0N15">
            <wcet number="0">20</wcet>
            <wcet number="1">120</wcet>
            <maxpow number="0.2349025214043019"/>
            <maxpow number="0.2349025214043019"/>
            <fprob>0.0</fprob>
        </actor>
        <actor name="D0N20">
            <wcet number="0">30</wcet>
            <wcet number="1">80</wcet>
            <maxpow number="0.5562765256318787"/>
            <maxpow number="0.5562765256318787"/>
            <fprob>0.0</fprob>
        </actor>
        <ports>
            <port dstActor="D0N45" name="p0" srcActor="D0N42"/>
            <port dstActor="D0N46" name="p1" srcActor="D0N42"/>
            <port dstActor="D0N16" name="p2" srcActor="D0N12"/>
            <port dstActor="D0N18" name="p3" srcActor="D0N12"/>
            <port dstActor="D0N25" name="p4" srcActor="D0N12"/>
            <port dstActor="D0N41" name="p5" srcActor="D0N12"/>
            <port dstActor="D0N38" name="p6" srcActor="D0N11"/>
            <port dstActor="D0N41" name="p7" srcActor="D0N11"/>
            <port dstActor="D0N45" name="p8" srcActor="D0N37"/>
            <port dstActor="D0N38" name="p9" srcActor="D0N9"/>
            <port dstActor="D0N21" name="p10" srcActor="D0N9"/>
            <port dstActor="D0N27" name="p11" srcActor="D0N9"/>
            <port dstActor="D0N36" name="p12" srcActor="D0N9"/>
            <port dstActor="D0N13" name="p13" srcActor="D0N9"/>
            <port dstActor="D0N28" name="p14" srcActor="D0N9"/>
            <port dstActor="D0N39" name="p15" srcActor="D0N21"/>
            <port dstActor="D0N24" name="p16" srcActor="D0N21"/>
            <port dstActor="D0N32" name="p17" srcActor="D0N21"/>
            <port dstActor="D0N43" name="p18" srcActor="D0N25"/>
            <port dstActor="D0N34" name="p19" srcActor="D0N25"/>
            <port dstActor="D0N27" name="p20" srcActor="D0N16"/>
            <port dstActor="D0N28" name="p21" srcActor="D0N16"/>
            <port dstActor="D0N46" name="p22" srcActor="D0N16"/>
            <port dstActor="D0N25" name="p23" srcActor="D0N16"/>
            <port dstActor="D0N43" name="p24" srcActor="D0N26"/>
            <port dstActor="D0N41" name="p25" srcActor="D0N26"/>
            <port dstActor="D0N45" name="p26" srcActor="D0N22"/>
            <port dstActor="D0N23" name="p27" srcActor="D0N22"/>
            <port dstActor="D0N32" name="p28" srcActor="D0N22"/>
            <port dstActor="D0N43" name="p29" srcActor="D0N38"/>
            <port dstActor="D0N31" name="p30" srcActor="D0N18"/>
            <port dstActor="D0N23" name="p31" srcActor="D0N18"/>
            <port dstActor="D0N39" name="p32" srcActor="D0N14"/>
            <port dstActor="D0N40" name="p33" srcActor="D0N35"/>
            <port dstActor="D0N39" name="p34" srcActor="D0N3"/>
            <port dstActor="D0N5" name="p35" srcActor="D0N4"/>
            <port dstActor="D0N39" name="p36" srcActor="D0N4"/>
            <port dstActor="D0N44" name="p37" srcActor="D0N4"/>
            <port dstActor="D0N38" name="p38" srcActor="D0N4"/>
            <port dstActor="D0N12" name="p39" srcActor="D0N4"/>
            <port dstActor="D0N22" name="p40" srcActor="D0N4"/>
            <port dstActor="D0N15" name="p41" srcActor="D0N4"/>
            <port dstActor="D0N9" name="p42" srcActor="D0N6"/>
            <port dstActor="D0N12" name="p43" srcActor="D0N6"/>
            <port dstActor="D0N39" name="p44" srcActor="D0N6"/>
            <port dstActor="D0N42" name="p45" srcActor="D0N6"/>
            <port dstActor="D0N13" name="p46" srcActor="D0N10"/>
            <port dstActor="D0N34" name="p47" srcActor="D0N7"/>
            <port dstActor="D0N24" name="p48" srcActor="D0N7"/>
            <port dstActor="D0N28" name="p49" srcActor="D0N7"/>
            <port dstActor="D0N30" name="p50" srcActor="D0N7"/>
            <port dstActor="D0N38" name="p51" srcActor="D0N27"/>
            <port dstActor="D0N36" name="p52" srcActor="D0N27"/>
            <port dstActor="D0N41" name="p53" srcActor="D0N27"/>
            <port dstActor="D0N33" name="p54" srcActor="D0N27"/>
            <port dstActor="D0N43" name="p55" srcActor="D0N41"/>
            <port dstActor="D0N46" name="p56" srcActor="D0N36"/>
            <port dstActor="D0N27" name="p57" srcActor="D0N1"/>
            <port dstActor="D0N14" name="p58" srcActor="D0N1"/>
            <port dstActor="D0N44" name="p59" srcActor="D0N1"/>
            <port dstActor="D0N36" name="p60" srcActor="D0N1"/>
            <port dstActor="D0N13" name="p61" srcActor="D0N1"/>
            <port dstActor="D0N34" name="p62" srcActor="D0N29"/>
            <port dstActor="D0N42" name="p63" srcActor="D0N29"/>
            <port dstActor="D0N27" name="p64" srcActor="D0N8"/>
            <port dstActor="D0N41" name="p65" srcActor="D0N8"/>
            <port dstActor="D0N11" name="p66" srcActor="D0N8"/>
            <port dstActor="D0N17" name="p67" srcActor="D0N8"/>
            <port dstActor="D0N25" name="p68" srcActor="D0N8"/>
            <port dstActor="D0N39" name="p69" srcActor="D0N8"/>
            <port dstActor="D0N12" name="p70" srcActor="D0N5"/>
            <port dstActor="D0N11" name="p71" srcActor="D0N5"/>
            <port dstActor="D0N17" name="p72" srcActor="D0N5"/>
            <port dstActor="D0N37" name="p73" srcActor="D0N17"/>
            <port dstActor="D0N29" name="p74" srcActor="D0N17"/>
            <port dstActor="D0N23" name="p75" srcActor="D0N17"/>
            <port dstActor="D0N30" name="p76" srcActor="D0N23"/>
            <port dstActor="D0N44" name="p77" srcActor="D0N23"/>
            <port dstActor="D0N43" name="p78" srcActor="D0N28"/>
            <port dstActor="D0N35" name="p79" srcActor="D0N28"/>
            <port dstActor="D0N34" name="p80" srcActor="D0N2"/>
            <port dstActor="D0N41" name="p81" srcActor="D0N2"/>
            <port dstActor="D0N22" name="p82" srcActor="D0N2"/>
            <port dstActor="D0N25" name="p83" srcActor="D0N2"/>
            <port dstActor="D0N39" name="p84" srcActor="D0N2"/>
            <port dstActor="D0N3" name="p85" srcActor="D0N2"/>
            <port dstActor="D0N29" name="p86" srcActor="D0N13"/>
            <port dstActor="D0N26" name="p87" srcActor="D0N13"/>
            <port dstActor="D0N40" name="p88" srcActor="D0N13"/>
            <port dstActor="D0N43" name="p89" srcActor="D0N13"/>
            <port dstActor="D0N19" name="p90" srcActor="D0N13"/>
            <port dstActor="D0N12" name="p91" srcActor="D0N0"/>
            <port dstActor="D0N6" name="p92" srcActor="D0N0"/>
            <port dstActor="D0N3" name="p93" srcActor="D0N0"/>
            <port dstActor="D0N4" name="p94" srcActor="D0N0"/>
            <port dstActor="D0N45" name="p95" srcActor="D0N0"/>
            <port dstActor="D0N28" name="p96" srcActor="D0N0"/>
            <port dstActor="D0N11" name="p97" srcActor="D0N0"/>
            <port dstActor="D0N36" name="p98" srcActor="D0N0"/>
            <port dstActor="D0N37" name="p99" srcActor="D0N0"/>
            <port dstActor="D0N23" name="p100" srcActor="D0N0"/>
            <port dstActor="D0N24" name="p101" srcActor="D0N15"/>
            <port dstActor="D0N35" name="p102" srcActor="D0N15"/>
            <port dstActor="D0N16" name="p103" srcActor="D0N15"/>
            <port dstActor="D0N43" name="p104" srcActor="D0N15"/>
            <port dstActor="D0N30" name="p105" srcActor="D0N15"/>
            <port dstActor="D0N26" name="p106" srcActor="D0N20"/>
        </ports>
    </mcdag>
    <cores number="3"/>
    <levels number="2"/>
</mcsystem>
