<?xml version="1.0" encoding="UTF-8" standalone="no"?>
<mcsystem>
    <mcdag deadline="4000" name="genned-0-ed-10.0-0">
        <actor name="D0N19">
            <wcet number="0">30</wcet>
            <wcet number="1">50</wcet>
            <maxpow number="0.5806657015063771"/>
            <maxpow number="0.5806657015063771"/>
            <fprob>0.0</fprob>
        </actor>
        <actor name="D0N33">
            <wcet number="0">10</wcet>
            <wcet number="1">10</wcet>
            <maxpow number="0.7101572079886316"/>
            <maxpow number="0.7101572079886316"/>
            <fprob>0.0</fprob>
        </actor>
        <actor name="D0N49">
            <wcet number="0">60</wcet>
            <wcet number="1">150</wcet>
            <maxpow number="0.6779806353985685"/>
            <maxpow number="0.6779806353985685"/>
            <fprob>0.0</fprob>
        </actor>
        <actor name="D0N4">
            <wcet number="0">470</wcet>
            <wcet number="1">470</wcet>
            <maxpow number="0.7605606383246858"/>
            <maxpow number="0.7605606383246858"/>
            <fprob>0.0</fprob>
        </actor>
        <actor name="D0N18">
            <wcet number="0">10</wcet>
            <wcet number="1">120</wcet>
            <maxpow number="0.7702444691939057"/>
            <maxpow number="0.7702444691939057"/>
            <fprob>0.0</fprob>
        </actor>
        <actor name="D0N32">
            <wcet number="0">120</wcet>
            <wcet number="1">130</wcet>
            <maxpow number="0.4866265159797679"/>
            <maxpow number="0.4866265159797679"/>
            <fprob>0.0</fprob>
        </actor>
        <actor name="D0N2">
            <wcet number="0">20</wcet>
            <wcet number="1">30</wcet>
            <maxpow number="0.5291352336526173"/>
            <maxpow number="0.5291352336526173"/>
            <fprob>0.0</fprob>
        </actor>
        <actor name="D0N35">
            <wcet number="0">30</wcet>
            <wcet number="1">170</wcet>
            <maxpow number="0.5730389612708594"/>
            <maxpow number="0.5730389612708594"/>
            <fprob>0.0</fprob>
        </actor>
        <actor name="D0N47">
            <wcet number="0">170</wcet>
            <wcet number="1">170</wcet>
            <maxpow number="0.5143690010890798"/>
            <maxpow number="0.5143690010890798"/>
            <fprob>0.0</fprob>
        </actor>
        <actor name="D0N44">
            <wcet number="0">20</wcet>
            <wcet number="1">70</wcet>
            <maxpow number="0.9266336444705208"/>
            <maxpow number="0.9266336444705208"/>
            <fprob>0.0</fprob>
        </actor>
        <actor name="D0N1">
            <wcet number="0">20</wcet>
            <wcet number="1">30</wcet>
            <maxpow number="0.7628102458767525"/>
            <maxpow number="0.7628102458767525"/>
            <fprob>0.0</fprob>
        </actor>
        <actor name="D0N21">
            <wcet number="0">20</wcet>
            <wcet number="1">370</wcet>
            <maxpow number="0.6228949338070914"/>
            <maxpow number="0.6228949338070914"/>
            <fprob>0.0</fprob>
        </actor>
        <actor name="D0N31">
            <wcet number="0">10</wcet>
            <wcet number="1">30</wcet>
            <maxpow number="0.4624885769443963"/>
            <maxpow number="0.4624885769443963"/>
            <fprob>0.0</fprob>
        </actor>
        <actor name="D0N36">
            <wcet number="0">240</wcet>
            <wcet number="1">660</wcet>
            <maxpow number="0.6280480820262931"/>
            <maxpow number="0.6280480820262931"/>
            <fprob>0.0</fprob>
        </actor>
        <actor name="D0N26">
            <wcet number="0">10</wcet>
            <wcet number="1">80</wcet>
            <maxpow number="0.599236069635262"/>
            <maxpow number="0.599236069635262"/>
            <fprob>0.0</fprob>
        </actor>
        <actor name="D0N46">
            <wcet number="0">280</wcet>
            <wcet number="1">280</wcet>
            <maxpow number="0.6998567460647981"/>
            <maxpow number="0.6998567460647981"/>
            <fprob>0.0</fprob>
        </actor>
        <actor name="D0N27">
            <wcet number="0">10</wcet>
            <wcet number="1">20</wcet>
            <maxpow number="0.8125788924689562"/>
            <maxpow number="0.8125788924689562"/>
            <fprob>0.0</fprob>
        </actor>
        <actor name="D0N24">
            <wcet number="0">540</wcet>
            <wcet number="1">730</wcet>
            <maxpow number="0.7181443566441814"/>
            <maxpow number="0.7181443566441814"/>
            <fprob>0.0</fprob>
        </actor>
        <actor name="D0N22">
            <wcet number="0">310</wcet>
            <wcet number="1">410</wcet>
            <maxpow number="0.5982754662854575"/>
            <maxpow number="0.5982754662854575"/>
            <fprob>0.0</fprob>
        </actor>
        <actor name="D0N43">
            <wcet number="0">160</wcet>
            <wcet number="1">190</wcet>
            <maxpow number="0.4095020055156872"/>
            <maxpow number="0.4095020055156872"/>
            <fprob>0.0</fprob>
        </actor>
        <actor name="D0N23">
            <wcet number="0">70</wcet>
            <wcet number="1">190</wcet>
            <maxpow number="0.8071083782123334"/>
            <maxpow number="0.8071083782123334"/>
            <fprob>0.0</fprob>
        </actor>
        <actor name="D0N45">
            <wcet number="0">80</wcet>
            <wcet number="1">170</wcet>
            <maxpow number="0.6428996645243301"/>
            <maxpow number="0.6428996645243301"/>
            <fprob>0.0</fprob>
        </actor>
        <actor name="D0N20">
            <wcet number="0">10</wcet>
            <wcet number="1">60</wcet>
            <maxpow number="0.6391328525433257"/>
            <maxpow number="0.6391328525433257"/>
            <fprob>0.0</fprob>
        </actor>
        <actor name="D0N3">
            <wcet number="0">260</wcet>
            <wcet number="1">410</wcet>
            <maxpow number="0.6405749274363222"/>
            <maxpow number="0.6405749274363222"/>
            <fprob>0.0</fprob>
        </actor>
        <actor name="D0N41">
            <wcet number="0">150</wcet>
            <wcet number="1">330</wcet>
            <maxpow number="0.5923852582562844"/>
            <maxpow number="0.5923852582562844"/>
            <fprob>0.0</fprob>
        </actor>
        <actor name="D0N5">
            <wcet number="0">20</wcet>
            <wcet number="1">20</wcet>
            <maxpow number="0.3950120664194008"/>
            <maxpow number="0.3950120664194008"/>
            <fprob>0.0</fprob>
        </actor>
        <actor name="D0N12">
            <wcet number="0">80</wcet>
            <wcet number="1">110</wcet>
            <maxpow number="0.8892960610014126"/>
            <maxpow number="0.8892960610014126"/>
            <fprob>0.0</fprob>
        </actor>
        <actor name="D0N29">
            <wcet number="0">130</wcet>
            <wcet number="1">320</wcet>
            <maxpow number="0.5788137757230947"/>
            <maxpow number="0.5788137757230947"/>
            <fprob>0.0</fprob>
        </actor>
        <actor name="D0N48">
            <wcet number="0">170</wcet>
            <wcet number="1">290</wcet>
            <maxpow number="0.7671184526642779"/>
            <maxpow number="0.7671184526642779"/>
            <fprob>0.0</fprob>
        </actor>
        <actor name="D0N9">
            <wcet number="0">20</wcet>
            <wcet number="1">30</wcet>
            <maxpow number="0.45884039572836355"/>
            <maxpow number="0.45884039572836355"/>
            <fprob>0.0</fprob>
        </actor>
        <actor name="D0N14">
            <wcet number="0">120</wcet>
            <wcet number="1">130</wcet>
            <maxpow number="0.8275551586618785"/>
            <maxpow number="0.8275551586618785"/>
            <fprob>0.0</fprob>
        </actor>
        <actor name="D0N28">
            <wcet number="0">100</wcet>
            <wcet number="1">150</wcet>
            <maxpow number="0.7944130551355212"/>
            <maxpow number="0.7944130551355212"/>
            <fprob>0.0</fprob>
        </actor>
        <actor name="D0N37">
            <wcet number="0">190</wcet>
            <wcet number="1">300</wcet>
            <maxpow number="0.5636225548212217"/>
            <maxpow number="0.5636225548212217"/>
            <fprob>0.0</fprob>
        </actor>
        <actor name="D0N7">
            <wcet number="0">30</wcet>
            <wcet number="1">150</wcet>
            <maxpow number="0.4089360653789177"/>
            <maxpow number="0.4089360653789177"/>
            <fprob>0.0</fprob>
        </actor>
        <actor name="D0N8">
            <wcet number="0">60</wcet>
            <wcet number="1">60</wcet>
            <maxpow number="0.4678919675620681"/>
            <maxpow number="0.4678919675620681"/>
            <fprob>0.0</fprob>
        </actor>
        <actor name="D0N10">
            <wcet number="0">50</wcet>
            <wcet number="1">70</wcet>
            <maxpow number="0.43526346680570194"/>
            <maxpow number="0.43526346680570194"/>
            <fprob>0.0</fprob>
        </actor>
        <actor name="D0N38">
            <wcet number="0">50</wcet>
            <wcet number="1">50</wcet>
            <maxpow number="0.6680293053360351"/>
            <maxpow number="0.6680293053360351"/>
            <fprob>0.0</fprob>
        </actor>
        <actor name="D0N39">
            <wcet number="0">240</wcet>
            <wcet number="1">270</wcet>
            <maxpow number="0.618182203168625"/>
            <maxpow number="0.618182203168625"/>
            <fprob>0.0</fprob>
        </actor>
        <actor name="D0N11">
            <wcet number="0">110</wcet>
            <wcet number="1">340</wcet>
            <maxpow number="1.0008457629729481"/>
            <maxpow number="1.0008457629729481"/>
            <fprob>0.0</fprob>
        </actor>
        <actor name="D0N17">
            <wcet number="0">160</wcet>
            <wcet number="1">180</wcet>
            <maxpow number="0.4668117151247846"/>
            <maxpow number="0.4668117151247846"/>
            <fprob>0.0</fprob>
        </actor>
        <actor name="D0N30">
            <wcet number="0">10</wcet>
            <wcet number="1">120</wcet>
            <maxpow number="0.49118953295796197"/>
            <maxpow number="0.49118953295796197"/>
            <fprob>0.0</fprob>
        </actor>
        <actor name="D0N13">
            <wcet number="0">30</wcet>
            <wcet number="1">40</wcet>
            <maxpow number="0.7231056056782601"/>
            <maxpow number="0.7231056056782601"/>
            <fprob>0.0</fprob>
        </actor>
        <actor name="D0N34">
            <wcet number="0">20</wcet>
            <wcet number="1">510</wcet>
            <maxpow number="0.7401457855463925"/>
            <maxpow number="0.7401457855463925"/>
            <fprob>0.0</fprob>
        </actor>
        <actor name="D0N25">
            <wcet number="0">230</wcet>
            <wcet number="1">330</wcet>
            <maxpow number="0.7497587713081829"/>
            <maxpow number="0.7497587713081829"/>
            <fprob>0.0</fprob>
        </actor>
        <actor name="D0N42">
            <wcet number="0">30</wcet>
            <wcet number="1">40</wcet>
            <maxpow number="0.7657428066336872"/>
            <maxpow number="0.7657428066336872"/>
            <fprob>0.0</fprob>
        </actor>
        <actor name="D0N16">
            <wcet number="0">50</wcet>
            <wcet number="1">50</wcet>
            <maxpow number="0.833447118114715"/>
            <maxpow number="0.833447118114715"/>
            <fprob>0.0</fprob>
        </actor>
        <actor name="D0N6">
            <wcet number="0">30</wcet>
            <wcet number="1">70</wcet>
            <maxpow number="0.5107977175588726"/>
            <maxpow number="0.5107977175588726"/>
            <fprob>0.0</fprob>
        </actor>
        <actor name="D0N0">
            <wcet number="0">10</wcet>
            <wcet number="1">10</wcet>
            <maxpow number="0.6548221459437209"/>
            <maxpow number="0.6548221459437209"/>
            <fprob>0.0</fprob>
        </actor>
        <actor name="D0N40">
            <wcet number="0">30</wcet>
            <wcet number="1">60</wcet>
            <maxpow number="0.27418342099724213"/>
            <maxpow number="0.27418342099724213"/>
            <fprob>0.0</fprob>
        </actor>
        <actor name="D0N15">
            <wcet number="0">80</wcet>
            <wcet number="1">170</wcet>
            <maxpow number="0.4778190113383501"/>
            <maxpow number="0.4778190113383501"/>
            <fprob>0.0</fprob>
        </actor>
        <ports>
            <port dstActor="D0N45" name="p0" srcActor="D0N19"/>
            <port dstActor="D0N47" name="p1" srcActor="D0N19"/>
            <port dstActor="D0N30" name="p2" srcActor="D0N19"/>
            <port dstActor="D0N39" name="p3" srcActor="D0N33"/>
            <port dstActor="D0N20" name="p4" srcActor="D0N4"/>
            <port dstActor="D0N29" name="p5" srcActor="D0N4"/>
            <port dstActor="D0N28" name="p6" srcActor="D0N4"/>
            <port dstActor="D0N49" name="p7" srcActor="D0N4"/>
            <port dstActor="D0N21" name="p8" srcActor="D0N4"/>
            <port dstActor="D0N19" name="p9" srcActor="D0N4"/>
            <port dstActor="D0N26" name="p10" srcActor="D0N4"/>
            <port dstActor="D0N31" name="p11" srcActor="D0N18"/>
            <port dstActor="D0N45" name="p12" srcActor="D0N18"/>
            <port dstActor="D0N37" name="p13" srcActor="D0N32"/>
            <port dstActor="D0N25" name="p14" srcActor="D0N2"/>
            <port dstActor="D0N7" name="p15" srcActor="D0N2"/>
            <port dstActor="D0N45" name="p16" srcActor="D0N35"/>
            <port dstActor="D0N38" name="p17" srcActor="D0N35"/>
            <port dstActor="D0N4" name="p18" srcActor="D0N1"/>
            <port dstActor="D0N38" name="p19" srcActor="D0N1"/>
            <port dstActor="D0N43" name="p20" srcActor="D0N1"/>
            <port dstActor="D0N40" name="p21" srcActor="D0N1"/>
            <port dstActor="D0N22" name="p22" srcActor="D0N21"/>
            <port dstActor="D0N40" name="p23" srcActor="D0N21"/>
            <port dstActor="D0N43" name="p24" srcActor="D0N21"/>
            <port dstActor="D0N49" name="p25" srcActor="D0N21"/>
            <port dstActor="D0N44" name="p26" srcActor="D0N31"/>
            <port dstActor="D0N33" name="p27" srcActor="D0N31"/>
            <port dstActor="D0N35" name="p28" srcActor="D0N31"/>
            <port dstActor="D0N48" name="p29" srcActor="D0N36"/>
            <port dstActor="D0N47" name="p30" srcActor="D0N26"/>
            <port dstActor="D0N36" name="p31" srcActor="D0N24"/>
            <port dstActor="D0N32" name="p32" srcActor="D0N24"/>
            <port dstActor="D0N35" name="p33" srcActor="D0N22"/>
            <port dstActor="D0N31" name="p34" srcActor="D0N22"/>
            <port dstActor="D0N47" name="p35" srcActor="D0N23"/>
            <port dstActor="D0N27" name="p36" srcActor="D0N23"/>
            <port dstActor="D0N46" name="p37" srcActor="D0N23"/>
            <port dstActor="D0N49" name="p38" srcActor="D0N23"/>
            <port dstActor="D0N49" name="p39" srcActor="D0N45"/>
            <port dstActor="D0N47" name="p40" srcActor="D0N20"/>
            <port dstActor="D0N27" name="p41" srcActor="D0N20"/>
            <port dstActor="D0N24" name="p42" srcActor="D0N20"/>
            <port dstActor="D0N30" name="p43" srcActor="D0N3"/>
            <port dstActor="D0N39" name="p44" srcActor="D0N3"/>
            <port dstActor="D0N36" name="p45" srcActor="D0N3"/>
            <port dstActor="D0N43" name="p46" srcActor="D0N3"/>
            <port dstActor="D0N15" name="p47" srcActor="D0N3"/>
            <port dstActor="D0N7" name="p48" srcActor="D0N3"/>
            <port dstActor="D0N20" name="p49" srcActor="D0N3"/>
            <port dstActor="D0N14" name="p50" srcActor="D0N3"/>
            <port dstActor="D0N49" name="p51" srcActor="D0N41"/>
            <port dstActor="D0N27" name="p52" srcActor="D0N5"/>
            <port dstActor="D0N31" name="p53" srcActor="D0N5"/>
            <port dstActor="D0N29" name="p54" srcActor="D0N5"/>
            <port dstActor="D0N22" name="p55" srcActor="D0N5"/>
            <port dstActor="D0N20" name="p56" srcActor="D0N12"/>
            <port dstActor="D0N24" name="p57" srcActor="D0N12"/>
            <port dstActor="D0N36" name="p58" srcActor="D0N12"/>
            <port dstActor="D0N41" name="p59" srcActor="D0N12"/>
            <port dstActor="D0N26" name="p60" srcActor="D0N12"/>
            <port dstActor="D0N43" name="p61" srcActor="D0N29"/>
            <port dstActor="D0N12" name="p62" srcActor="D0N9"/>
            <port dstActor="D0N13" name="p63" srcActor="D0N9"/>
            <port dstActor="D0N30" name="p64" srcActor="D0N9"/>
            <port dstActor="D0N35" name="p65" srcActor="D0N9"/>
            <port dstActor="D0N14" name="p66" srcActor="D0N9"/>
            <port dstActor="D0N24" name="p67" srcActor="D0N9"/>
            <port dstActor="D0N26" name="p68" srcActor="D0N9"/>
            <port dstActor="D0N24" name="p69" srcActor="D0N14"/>
            <port dstActor="D0N43" name="p70" srcActor="D0N14"/>
            <port dstActor="D0N19" name="p71" srcActor="D0N14"/>
            <port dstActor="D0N16" name="p72" srcActor="D0N14"/>
            <port dstActor="D0N32" name="p73" srcActor="D0N14"/>
            <port dstActor="D0N34" name="p74" srcActor="D0N28"/>
            <port dstActor="D0N47" name="p75" srcActor="D0N37"/>
            <port dstActor="D0N38" name="p76" srcActor="D0N37"/>
            <port dstActor="D0N39" name="p77" srcActor="D0N7"/>
            <port dstActor="D0N45" name="p78" srcActor="D0N7"/>
            <port dstActor="D0N17" name="p79" srcActor="D0N7"/>
            <port dstActor="D0N36" name="p80" srcActor="D0N7"/>
            <port dstActor="D0N22" name="p81" srcActor="D0N7"/>
            <port dstActor="D0N21" name="p82" srcActor="D0N8"/>
            <port dstActor="D0N48" name="p83" srcActor="D0N8"/>
            <port dstActor="D0N24" name="p84" srcActor="D0N8"/>
            <port dstActor="D0N28" name="p85" srcActor="D0N10"/>
            <port dstActor="D0N12" name="p86" srcActor="D0N10"/>
            <port dstActor="D0N16" name="p87" srcActor="D0N10"/>
            <port dstActor="D0N32" name="p88" srcActor="D0N10"/>
            <port dstActor="D0N41" name="p89" srcActor="D0N10"/>
            <port dstActor="D0N37" name="p90" srcActor="D0N10"/>
            <port dstActor="D0N42" name="p91" srcActor="D0N38"/>
            <port dstActor="D0N46" name="p92" srcActor="D0N38"/>
            <port dstActor="D0N26" name="p93" srcActor="D0N11"/>
            <port dstActor="D0N24" name="p94" srcActor="D0N17"/>
            <port dstActor="D0N42" name="p95" srcActor="D0N17"/>
            <port dstActor="D0N40" name="p96" srcActor="D0N17"/>
            <port dstActor="D0N40" name="p97" srcActor="D0N30"/>
            <port dstActor="D0N37" name="p98" srcActor="D0N30"/>
            <port dstActor="D0N28" name="p99" srcActor="D0N13"/>
            <port dstActor="D0N38" name="p100" srcActor="D0N13"/>
            <port dstActor="D0N16" name="p101" srcActor="D0N13"/>
            <port dstActor="D0N46" name="p102" srcActor="D0N13"/>
            <port dstActor="D0N20" name="p103" srcActor="D0N13"/>
            <port dstActor="D0N47" name="p104" srcActor="D0N34"/>
            <port dstActor="D0N41" name="p105" srcActor="D0N34"/>
            <port dstActor="D0N40" name="p106" srcActor="D0N25"/>
            <port dstActor="D0N44" name="p107" srcActor="D0N42"/>
            <port dstActor="D0N21" name="p108" srcActor="D0N16"/>
            <port dstActor="D0N47" name="p109" srcActor="D0N16"/>
            <port dstActor="D0N29" name="p110" srcActor="D0N16"/>
            <port dstActor="D0N35" name="p111" srcActor="D0N16"/>
            <port dstActor="D0N22" name="p112" srcActor="D0N16"/>
            <port dstActor="D0N42" name="p113" srcActor="D0N6"/>
            <port dstActor="D0N41" name="p114" srcActor="D0N6"/>
            <port dstActor="D0N18" name="p115" srcActor="D0N6"/>
            <port dstActor="D0N22" name="p116" srcActor="D0N6"/>
            <port dstActor="D0N19" name="p117" srcActor="D0N6"/>
            <port dstActor="D0N14" name="p118" srcActor="D0N0"/>
            <port dstActor="D0N2" name="p119" srcActor="D0N0"/>
            <port dstActor="D0N46" name="p120" srcActor="D0N15"/>
        </ports>
    </mcdag>
    <cores number="3"/>
    <levels number="2"/>
</mcsystem>
