<?xml version="1.0" encoding="UTF-8" standalone="no"?>
<mcsystem>
    <mcdag deadline="4000" name="genned-0-ed-10.0-0">
        <actor name="D0N12">
            <wcet number="0">200</wcet>
            <wcet number="1">210</wcet>
            <maxpow number="0.4708996899090395"/>
            <maxpow number="0.4708996899090395"/>
            <fprob>0.0</fprob>
        </actor>
        <actor name="D0N25">
            <wcet number="0">40</wcet>
            <wcet number="1">120</wcet>
            <maxpow number="0.33895203747494507"/>
            <maxpow number="0.33895203747494507"/>
            <fprob>0.0</fprob>
        </actor>
        <actor name="D0N15">
            <wcet number="0">260</wcet>
            <wcet number="1">300</wcet>
            <maxpow number="0.41265224127139144"/>
            <maxpow number="0.41265224127139144"/>
            <fprob>0.0</fprob>
        </actor>
        <actor name="D0N10">
            <wcet number="0">20</wcet>
            <wcet number="1">20</wcet>
            <maxpow number="0.3595518457067715"/>
            <maxpow number="0.3595518457067715"/>
            <fprob>0.0</fprob>
        </actor>
        <actor name="D0N33">
            <wcet number="0">10</wcet>
            <wcet number="1">10</wcet>
            <maxpow number="0.7956790769490196"/>
            <maxpow number="0.7956790769490196"/>
            <fprob>0.0</fprob>
        </actor>
        <actor name="D0N16">
            <wcet number="0">30</wcet>
            <wcet number="1">40</wcet>
            <maxpow number="0.48205074734368974"/>
            <maxpow number="0.48205074734368974"/>
            <fprob>0.0</fprob>
        </actor>
        <actor name="D0N4">
            <wcet number="0">310</wcet>
            <wcet number="1">780</wcet>
            <maxpow number="0.4289875918780763"/>
            <maxpow number="0.4289875918780763"/>
            <fprob>0.0</fprob>
        </actor>
        <actor name="D0N14">
            <wcet number="0">20</wcet>
            <wcet number="1">140</wcet>
            <maxpow number="0.23380315436422455"/>
            <maxpow number="0.23380315436422455"/>
            <fprob>0.0</fprob>
        </actor>
        <actor name="D0N47">
            <wcet number="0">420</wcet>
            <wcet number="1">500</wcet>
            <maxpow number="0.5400276349874552"/>
            <maxpow number="0.5400276349874552"/>
            <fprob>0.0</fprob>
        </actor>
        <actor name="D0N13">
            <wcet number="0">690</wcet>
            <wcet number="1">990</wcet>
            <maxpow number="0.6478591571151572"/>
            <maxpow number="0.6478591571151572"/>
            <fprob>0.0</fprob>
        </actor>
        <actor name="D0N40">
            <wcet number="0">130</wcet>
            <wcet number="1">180</wcet>
            <maxpow number="0.27085799468409094"/>
            <maxpow number="0.27085799468409094"/>
            <fprob>0.0</fprob>
        </actor>
        <actor name="D0N48">
            <wcet number="0">50</wcet>
            <wcet number="1">70</wcet>
            <maxpow number="0.7677619602342338"/>
            <maxpow number="0.7677619602342338"/>
            <fprob>0.0</fprob>
        </actor>
        <actor name="D0N42">
            <wcet number="0">180</wcet>
            <wcet number="1">240</wcet>
            <maxpow number="0.5422818979022942"/>
            <maxpow number="0.5422818979022942"/>
            <fprob>0.0</fprob>
        </actor>
        <actor name="D0N30">
            <wcet number="0">320</wcet>
            <wcet number="1">410</wcet>
            <maxpow number="0.6606751616874085"/>
            <maxpow number="0.6606751616874085"/>
            <fprob>0.0</fprob>
        </actor>
        <actor name="D0N8">
            <wcet number="0">80</wcet>
            <wcet number="1">90</wcet>
            <maxpow number="0.9302419959220856"/>
            <maxpow number="0.9302419959220856"/>
            <fprob>0.0</fprob>
        </actor>
        <actor name="D0N44">
            <wcet number="0">10</wcet>
            <wcet number="1">220</wcet>
            <maxpow number="0.6197478626774868"/>
            <maxpow number="0.6197478626774868"/>
            <fprob>0.0</fprob>
        </actor>
        <actor name="D0N5">
            <wcet number="0">120</wcet>
            <wcet number="1">130</wcet>
            <maxpow number="0.6749200454028387"/>
            <maxpow number="0.6749200454028387"/>
            <fprob>0.0</fprob>
        </actor>
        <actor name="D0N11">
            <wcet number="0">580</wcet>
            <wcet number="1">580</wcet>
            <maxpow number="0.7646349208780829"/>
            <maxpow number="0.7646349208780829"/>
            <fprob>0.0</fprob>
        </actor>
        <actor name="D0N3">
            <wcet number="0">90</wcet>
            <wcet number="1">90</wcet>
            <maxpow number="0.30826223210943127"/>
            <maxpow number="0.30826223210943127"/>
            <fprob>0.0</fprob>
        </actor>
        <actor name="D0N1">
            <wcet number="0">190</wcet>
            <wcet number="1">340</wcet>
            <maxpow number="0.5597861271592853"/>
            <maxpow number="0.5597861271592853"/>
            <fprob>0.0</fprob>
        </actor>
        <actor name="D0N18">
            <wcet number="0">10</wcet>
            <wcet number="1">130</wcet>
            <maxpow number="0.5350662412458463"/>
            <maxpow number="0.5350662412458463"/>
            <fprob>0.0</fprob>
        </actor>
        <actor name="D0N41">
            <wcet number="0">100</wcet>
            <wcet number="1">140</wcet>
            <maxpow number="0.8465678783941745"/>
            <maxpow number="0.8465678783941745"/>
            <fprob>0.0</fprob>
        </actor>
        <actor name="D0N49">
            <wcet number="0">50</wcet>
            <wcet number="1">690</wcet>
            <maxpow number="0.47305954194402183"/>
            <maxpow number="0.47305954194402183"/>
            <fprob>0.0</fprob>
        </actor>
        <actor name="D0N28">
            <wcet number="0">40</wcet>
            <wcet number="1">60</wcet>
            <maxpow number="0.34538690990199383"/>
            <maxpow number="0.34538690990199383"/>
            <fprob>0.0</fprob>
        </actor>
        <actor name="D0N22">
            <wcet number="0">40</wcet>
            <wcet number="1">120</wcet>
            <maxpow number="0.7654084584885027"/>
            <maxpow number="0.7654084584885027"/>
            <fprob>0.0</fprob>
        </actor>
        <actor name="D0N17">
            <wcet number="0">290</wcet>
            <wcet number="1">290</wcet>
            <maxpow number="0.2632633222944579"/>
            <maxpow number="0.2632633222944579"/>
            <fprob>0.0</fprob>
        </actor>
        <actor name="D0N36">
            <wcet number="0">10</wcet>
            <wcet number="1">110</wcet>
            <maxpow number="0.1975969658431434"/>
            <maxpow number="0.1975969658431434"/>
            <fprob>0.0</fprob>
        </actor>
        <actor name="D0N6">
            <wcet number="0">110</wcet>
            <wcet number="1">240</wcet>
            <maxpow number="0.6908068677342565"/>
            <maxpow number="0.6908068677342565"/>
            <fprob>0.0</fprob>
        </actor>
        <actor name="D0N7">
            <wcet number="0">50</wcet>
            <wcet number="1">50</wcet>
            <maxpow number="0.42306123321592076"/>
            <maxpow number="0.42306123321592076"/>
            <fprob>0.0</fprob>
        </actor>
        <actor name="D0N29">
            <wcet number="0">10</wcet>
            <wcet number="1">40</wcet>
            <maxpow number="0.7370111691212188"/>
            <maxpow number="0.7370111691212188"/>
            <fprob>0.0</fprob>
        </actor>
        <actor name="D0N35">
            <wcet number="0">310</wcet>
            <wcet number="1">320</wcet>
            <maxpow number="0.5547730968689012"/>
            <maxpow number="0.5547730968689012"/>
            <fprob>0.0</fprob>
        </actor>
        <actor name="D0N34">
            <wcet number="0">10</wcet>
            <wcet number="1">90</wcet>
            <maxpow number="0.4941459975312623"/>
            <maxpow number="0.4941459975312623"/>
            <fprob>0.0</fprob>
        </actor>
        <actor name="D0N27">
            <wcet number="0">90</wcet>
            <wcet number="1">160</wcet>
            <maxpow number="0.6563928780326328"/>
            <maxpow number="0.6563928780326328"/>
            <fprob>0.0</fprob>
        </actor>
        <actor name="D0N0">
            <wcet number="0">70</wcet>
            <wcet number="1">140</wcet>
            <maxpow number="0.3519696930268872"/>
            <maxpow number="0.3519696930268872"/>
            <fprob>0.0</fprob>
        </actor>
        <actor name="D0N19">
            <wcet number="0">150</wcet>
            <wcet number="1">300</wcet>
            <maxpow number="0.5953845636038732"/>
            <maxpow number="0.5953845636038732"/>
            <fprob>0.0</fprob>
        </actor>
        <actor name="D0N21">
            <wcet number="0">260</wcet>
            <wcet number="1">400</wcet>
            <maxpow number="0.6429408220421512"/>
            <maxpow number="0.6429408220421512"/>
            <fprob>0.0</fprob>
        </actor>
        <actor name="D0N24">
            <wcet number="0">20</wcet>
            <wcet number="1">30</wcet>
            <maxpow number="0.6269318380020175"/>
            <maxpow number="0.6269318380020175"/>
            <fprob>0.0</fprob>
        </actor>
        <actor name="D0N2">
            <wcet number="0">130</wcet>
            <wcet number="1">190</wcet>
            <maxpow number="0.8496677879447112"/>
            <maxpow number="0.8496677879447112"/>
            <fprob>0.0</fprob>
        </actor>
        <actor name="D0N31">
            <wcet number="0">10</wcet>
            <wcet number="1">30</wcet>
            <maxpow number="0.27253683287785496"/>
            <maxpow number="0.27253683287785496"/>
            <fprob>0.0</fprob>
        </actor>
        <actor name="D0N38">
            <wcet number="0">280</wcet>
            <wcet number="1">340</wcet>
            <maxpow number="0.562367249233006"/>
            <maxpow number="0.562367249233006"/>
            <fprob>0.0</fprob>
        </actor>
        <actor name="D0N32">
            <wcet number="0">10</wcet>
            <wcet number="1">10</wcet>
            <maxpow number="0.7706061370523397"/>
            <maxpow number="0.7706061370523397"/>
            <fprob>0.0</fprob>
        </actor>
        <actor name="D0N23">
            <wcet number="0">90</wcet>
            <wcet number="1">400</wcet>
            <maxpow number="0.5033076102127619"/>
            <maxpow number="0.5033076102127619"/>
            <fprob>0.0</fprob>
        </actor>
        <actor name="D0N26">
            <wcet number="0">80</wcet>
            <wcet number="1">80</wcet>
            <maxpow number="0.27716536645390927"/>
            <maxpow number="0.27716536645390927"/>
            <fprob>0.0</fprob>
        </actor>
        <actor name="D0N46">
            <wcet number="0">300</wcet>
            <wcet number="1">320</wcet>
            <maxpow number="0.5435137686856477"/>
            <maxpow number="0.5435137686856477"/>
            <fprob>0.0</fprob>
        </actor>
        <actor name="D0N37">
            <wcet number="0">160</wcet>
            <wcet number="1">210</wcet>
            <maxpow number="0.3873383975331447"/>
            <maxpow number="0.3873383975331447"/>
            <fprob>0.0</fprob>
        </actor>
        <actor name="D0N43">
            <wcet number="0">30</wcet>
            <wcet number="1">50</wcet>
            <maxpow number="0.48016029178935177"/>
            <maxpow number="0.48016029178935177"/>
            <fprob>0.0</fprob>
        </actor>
        <actor name="D0N39">
            <wcet number="0">50</wcet>
            <wcet number="1">60</wcet>
            <maxpow number="0.32844053586438526"/>
            <maxpow number="0.32844053586438526"/>
            <fprob>0.0</fprob>
        </actor>
        <actor name="D0N9">
            <wcet number="0">60</wcet>
            <wcet number="1">370</wcet>
            <maxpow number="0.6571783055624024"/>
            <maxpow number="0.6571783055624024"/>
            <fprob>0.0</fprob>
        </actor>
        <actor name="D0N20">
            <wcet number="0">680</wcet>
            <wcet number="1">720</wcet>
            <maxpow number="0.6158468286022798"/>
            <maxpow number="0.6158468286022798"/>
            <fprob>0.0</fprob>
        </actor>
        <actor name="D0N45">
            <wcet number="0">10</wcet>
            <wcet number="1">50</wcet>
            <maxpow number="0.45588726423456016"/>
            <maxpow number="0.45588726423456016"/>
            <fprob>0.0</fprob>
        </actor>
        <ports>
            <port dstActor="D0N29" name="p0" srcActor="D0N12"/>
            <port dstActor="D0N40" name="p1" srcActor="D0N12"/>
            <port dstActor="D0N34" name="p2" srcActor="D0N25"/>
            <port dstActor="D0N39" name="p3" srcActor="D0N25"/>
            <port dstActor="D0N41" name="p4" srcActor="D0N25"/>
            <port dstActor="D0N45" name="p5" srcActor="D0N25"/>
            <port dstActor="D0N48" name="p6" srcActor="D0N25"/>
            <port dstActor="D0N23" name="p7" srcActor="D0N15"/>
            <port dstActor="D0N31" name="p8" srcActor="D0N15"/>
            <port dstActor="D0N15" name="p9" srcActor="D0N10"/>
            <port dstActor="D0N16" name="p10" srcActor="D0N10"/>
            <port dstActor="D0N45" name="p11" srcActor="D0N10"/>
            <port dstActor="D0N22" name="p12" srcActor="D0N10"/>
            <port dstActor="D0N27" name="p13" srcActor="D0N10"/>
            <port dstActor="D0N44" name="p14" srcActor="D0N33"/>
            <port dstActor="D0N34" name="p15" srcActor="D0N16"/>
            <port dstActor="D0N22" name="p16" srcActor="D0N16"/>
            <port dstActor="D0N31" name="p17" srcActor="D0N16"/>
            <port dstActor="D0N28" name="p18" srcActor="D0N4"/>
            <port dstActor="D0N48" name="p19" srcActor="D0N4"/>
            <port dstActor="D0N49" name="p20" srcActor="D0N4"/>
            <port dstActor="D0N47" name="p21" srcActor="D0N14"/>
            <port dstActor="D0N37" name="p22" srcActor="D0N14"/>
            <port dstActor="D0N45" name="p23" srcActor="D0N14"/>
            <port dstActor="D0N30" name="p24" srcActor="D0N14"/>
            <port dstActor="D0N32" name="p25" srcActor="D0N14"/>
            <port dstActor="D0N38" name="p26" srcActor="D0N14"/>
            <port dstActor="D0N16" name="p27" srcActor="D0N13"/>
            <port dstActor="D0N21" name="p28" srcActor="D0N13"/>
            <port dstActor="D0N46" name="p29" srcActor="D0N13"/>
            <port dstActor="D0N34" name="p30" srcActor="D0N13"/>
            <port dstActor="D0N38" name="p31" srcActor="D0N13"/>
            <port dstActor="D0N42" name="p32" srcActor="D0N40"/>
            <port dstActor="D0N41" name="p33" srcActor="D0N40"/>
            <port dstActor="D0N34" name="p34" srcActor="D0N30"/>
            <port dstActor="D0N42" name="p35" srcActor="D0N30"/>
            <port dstActor="D0N47" name="p36" srcActor="D0N30"/>
            <port dstActor="D0N25" name="p37" srcActor="D0N8"/>
            <port dstActor="D0N10" name="p38" srcActor="D0N8"/>
            <port dstActor="D0N14" name="p39" srcActor="D0N8"/>
            <port dstActor="D0N44" name="p40" srcActor="D0N5"/>
            <port dstActor="D0N19" name="p41" srcActor="D0N5"/>
            <port dstActor="D0N26" name="p42" srcActor="D0N5"/>
            <port dstActor="D0N20" name="p43" srcActor="D0N5"/>
            <port dstActor="D0N8" name="p44" srcActor="D0N5"/>
            <port dstActor="D0N13" name="p45" srcActor="D0N5"/>
            <port dstActor="D0N16" name="p46" srcActor="D0N11"/>
            <port dstActor="D0N21" name="p47" srcActor="D0N11"/>
            <port dstActor="D0N18" name="p48" srcActor="D0N11"/>
            <port dstActor="D0N10" name="p49" srcActor="D0N3"/>
            <port dstActor="D0N12" name="p50" srcActor="D0N3"/>
            <port dstActor="D0N27" name="p51" srcActor="D0N3"/>
            <port dstActor="D0N39" name="p52" srcActor="D0N3"/>
            <port dstActor="D0N23" name="p53" srcActor="D0N3"/>
            <port dstActor="D0N40" name="p54" srcActor="D0N3"/>
            <port dstActor="D0N45" name="p55" srcActor="D0N3"/>
            <port dstActor="D0N29" name="p56" srcActor="D0N1"/>
            <port dstActor="D0N30" name="p57" srcActor="D0N1"/>
            <port dstActor="D0N33" name="p58" srcActor="D0N1"/>
            <port dstActor="D0N21" name="p59" srcActor="D0N1"/>
            <port dstActor="D0N17" name="p60" srcActor="D0N1"/>
            <port dstActor="D0N8" name="p61" srcActor="D0N1"/>
            <port dstActor="D0N15" name="p62" srcActor="D0N1"/>
            <port dstActor="D0N38" name="p63" srcActor="D0N1"/>
            <port dstActor="D0N10" name="p64" srcActor="D0N1"/>
            <port dstActor="D0N24" name="p65" srcActor="D0N1"/>
            <port dstActor="D0N22" name="p66" srcActor="D0N18"/>
            <port dstActor="D0N49" name="p67" srcActor="D0N28"/>
            <port dstActor="D0N41" name="p68" srcActor="D0N28"/>
            <port dstActor="D0N25" name="p69" srcActor="D0N22"/>
            <port dstActor="D0N35" name="p70" srcActor="D0N17"/>
            <port dstActor="D0N23" name="p71" srcActor="D0N17"/>
            <port dstActor="D0N21" name="p72" srcActor="D0N17"/>
            <port dstActor="D0N30" name="p73" srcActor="D0N17"/>
            <port dstActor="D0N18" name="p74" srcActor="D0N17"/>
            <port dstActor="D0N39" name="p75" srcActor="D0N17"/>
            <port dstActor="D0N45" name="p76" srcActor="D0N36"/>
            <port dstActor="D0N47" name="p77" srcActor="D0N6"/>
            <port dstActor="D0N15" name="p78" srcActor="D0N6"/>
            <port dstActor="D0N20" name="p79" srcActor="D0N6"/>
            <port dstActor="D0N29" name="p80" srcActor="D0N6"/>
            <port dstActor="D0N26" name="p81" srcActor="D0N6"/>
            <port dstActor="D0N22" name="p82" srcActor="D0N6"/>
            <port dstActor="D0N46" name="p83" srcActor="D0N6"/>
            <port dstActor="D0N43" name="p84" srcActor="D0N6"/>
            <port dstActor="D0N45" name="p85" srcActor="D0N6"/>
            <port dstActor="D0N24" name="p86" srcActor="D0N6"/>
            <port dstActor="D0N12" name="p87" srcActor="D0N7"/>
            <port dstActor="D0N39" name="p88" srcActor="D0N7"/>
            <port dstActor="D0N33" name="p89" srcActor="D0N29"/>
            <port dstActor="D0N43" name="p90" srcActor="D0N29"/>
            <port dstActor="D0N39" name="p91" srcActor="D0N29"/>
            <port dstActor="D0N40" name="p92" srcActor="D0N29"/>
            <port dstActor="D0N36" name="p93" srcActor="D0N29"/>
            <port dstActor="D0N48" name="p94" srcActor="D0N35"/>
            <port dstActor="D0N47" name="p95" srcActor="D0N34"/>
            <port dstActor="D0N35" name="p96" srcActor="D0N34"/>
            <port dstActor="D0N39" name="p97" srcActor="D0N34"/>
            <port dstActor="D0N49" name="p98" srcActor="D0N34"/>
            <port dstActor="D0N37" name="p99" srcActor="D0N34"/>
            <port dstActor="D0N31" name="p100" srcActor="D0N27"/>
            <port dstActor="D0N44" name="p101" srcActor="D0N27"/>
            <port dstActor="D0N29" name="p102" srcActor="D0N0"/>
            <port dstActor="D0N38" name="p103" srcActor="D0N0"/>
            <port dstActor="D0N14" name="p104" srcActor="D0N0"/>
            <port dstActor="D0N40" name="p105" srcActor="D0N0"/>
            <port dstActor="D0N29" name="p106" srcActor="D0N19"/>
            <port dstActor="D0N40" name="p107" srcActor="D0N19"/>
            <port dstActor="D0N20" name="p108" srcActor="D0N19"/>
            <port dstActor="D0N21" name="p109" srcActor="D0N19"/>
            <port dstActor="D0N30" name="p110" srcActor="D0N21"/>
            <port dstActor="D0N38" name="p111" srcActor="D0N24"/>
            <port dstActor="D0N28" name="p112" srcActor="D0N24"/>
            <port dstActor="D0N27" name="p113" srcActor="D0N2"/>
            <port dstActor="D0N26" name="p114" srcActor="D0N2"/>
            <port dstActor="D0N37" name="p115" srcActor="D0N2"/>
            <port dstActor="D0N36" name="p116" srcActor="D0N2"/>
            <port dstActor="D0N25" name="p117" srcActor="D0N2"/>
            <port dstActor="D0N32" name="p118" srcActor="D0N2"/>
            <port dstActor="D0N20" name="p119" srcActor="D0N2"/>
            <port dstActor="D0N46" name="p120" srcActor="D0N31"/>
            <port dstActor="D0N37" name="p121" srcActor="D0N31"/>
            <port dstActor="D0N46" name="p122" srcActor="D0N38"/>
            <port dstActor="D0N37" name="p123" srcActor="D0N32"/>
            <port dstActor="D0N42" name="p124" srcActor="D0N32"/>
            <port dstActor="D0N33" name="p125" srcActor="D0N32"/>
            <port dstActor="D0N46" name="p126" srcActor="D0N23"/>
            <port dstActor="D0N36" name="p127" srcActor="D0N23"/>
            <port dstActor="D0N25" name="p128" srcActor="D0N23"/>
            <port dstActor="D0N37" name="p129" srcActor="D0N26"/>
            <port dstActor="D0N29" name="p130" srcActor="D0N26"/>
            <port dstActor="D0N33" name="p131" srcActor="D0N26"/>
            <port dstActor="D0N42" name="p132" srcActor="D0N37"/>
            <port dstActor="D0N44" name="p133" srcActor="D0N37"/>
            <port dstActor="D0N42" name="p134" srcActor="D0N39"/>
            <port dstActor="D0N15" name="p135" srcActor="D0N9"/>
            <port dstActor="D0N35" name="p136" srcActor="D0N9"/>
            <port dstActor="D0N24" name="p137" srcActor="D0N20"/>
            <port dstActor="D0N29" name="p138" srcActor="D0N20"/>
            <port dstActor="D0N23" name="p139" srcActor="D0N20"/>
        </ports>
    </mcdag>
    <cores number="3"/>
    <levels number="2"/>
</mcsystem>
