<?xml version="1.0" encoding="UTF-8" standalone="no"?>
<mcsystem>
    <mcdag deadline="1200" name="genned-0-ed-10.0-0">
        <actor name="D0N17">
            <wcet number="0">40</wcet>
            <wcet number="1">80</wcet>
            <maxpow number="0.6389086459387959"/>
            <maxpow number="0.6389086459387959"/>
            <fprob>0.0</fprob>
        </actor>
        <actor name="D0N39">
            <wcet number="0">30</wcet>
            <wcet number="1">60</wcet>
            <maxpow number="0.2973588021509366"/>
            <maxpow number="0.2973588021509366"/>
            <fprob>0.0</fprob>
        </actor>
        <actor name="D0N6">
            <wcet number="0">90</wcet>
            <wcet number="1">90</wcet>
            <maxpow number="0.6659511841797151"/>
            <maxpow number="0.6659511841797151"/>
            <fprob>0.0</fprob>
        </actor>
        <actor name="D0N46">
            <wcet number="0">50</wcet>
            <wcet number="1">60</wcet>
            <maxpow number="0.7558884237982023"/>
            <maxpow number="0.7558884237982023"/>
            <fprob>0.0</fprob>
        </actor>
        <actor name="D0N16">
            <wcet number="0">20</wcet>
            <wcet number="1">30</wcet>
            <maxpow number="0.5169630404276347"/>
            <maxpow number="0.5169630404276347"/>
            <fprob>0.0</fprob>
        </actor>
        <actor name="D0N26">
            <wcet number="0">50</wcet>
            <wcet number="1">100</wcet>
            <maxpow number="0.4679398791004008"/>
            <maxpow number="0.4679398791004008"/>
            <fprob>0.0</fprob>
        </actor>
        <actor name="D0N28">
            <wcet number="0">50</wcet>
            <wcet number="1">230</wcet>
            <maxpow number="0.7248792143100395"/>
            <maxpow number="0.7248792143100395"/>
            <fprob>0.0</fprob>
        </actor>
        <actor name="D0N38">
            <wcet number="0">60</wcet>
            <wcet number="1">110</wcet>
            <maxpow number="0.6071741166717466"/>
            <maxpow number="0.6071741166717466"/>
            <fprob>0.0</fprob>
        </actor>
        <actor name="D0N21">
            <wcet number="0">90</wcet>
            <wcet number="1">90</wcet>
            <maxpow number="0.07359771615338073"/>
            <maxpow number="0.07359771615338073"/>
            <fprob>0.0</fprob>
        </actor>
        <actor name="D0N48">
            <wcet number="0">10</wcet>
            <wcet number="1">130</wcet>
            <maxpow number="0.4858420504924059"/>
            <maxpow number="0.4858420504924059"/>
            <fprob>0.0</fprob>
        </actor>
        <actor name="D0N49">
            <wcet number="0">70</wcet>
            <wcet number="1">70</wcet>
            <maxpow number="0.8116806050440601"/>
            <maxpow number="0.8116806050440601"/>
            <fprob>0.0</fprob>
        </actor>
        <actor name="D0N20">
            <wcet number="0">10</wcet>
            <wcet number="1">20</wcet>
            <maxpow number="0.5814155550894922"/>
            <maxpow number="0.5814155550894922"/>
            <fprob>0.0</fprob>
        </actor>
        <actor name="D0N23">
            <wcet number="0">60</wcet>
            <wcet number="1">110</wcet>
            <maxpow number="0.46861403108252264"/>
            <maxpow number="0.46861403108252264"/>
            <fprob>0.0</fprob>
        </actor>
        <actor name="D0N7">
            <wcet number="0">10</wcet>
            <wcet number="1">80</wcet>
            <maxpow number="0.5414002623319011"/>
            <maxpow number="0.5414002623319011"/>
            <fprob>0.0</fprob>
        </actor>
        <actor name="D0N18">
            <wcet number="0">40</wcet>
            <wcet number="1">70</wcet>
            <maxpow number="0.6122847568183198"/>
            <maxpow number="0.6122847568183198"/>
            <fprob>0.0</fprob>
        </actor>
        <actor name="D0N37">
            <wcet number="0">50</wcet>
            <wcet number="1">50</wcet>
            <maxpow number="0.5382870003232545"/>
            <maxpow number="0.5382870003232545"/>
            <fprob>0.0</fprob>
        </actor>
        <actor name="D0N36">
            <wcet number="0">60</wcet>
            <wcet number="1">130</wcet>
            <maxpow number="0.4691643045243905"/>
            <maxpow number="0.4691643045243905"/>
            <fprob>0.0</fprob>
        </actor>
        <actor name="D0N24">
            <wcet number="0">10</wcet>
            <wcet number="1">20</wcet>
            <maxpow number="0.6951502941186205"/>
            <maxpow number="0.6951502941186205"/>
            <fprob>0.0</fprob>
        </actor>
        <actor name="D0N2">
            <wcet number="0">10</wcet>
            <wcet number="1">30</wcet>
            <maxpow number="0.4496430404130376"/>
            <maxpow number="0.4496430404130376"/>
            <fprob>0.0</fprob>
        </actor>
        <actor name="D0N15">
            <wcet number="0">70</wcet>
            <wcet number="1">90</wcet>
            <maxpow number="0.30418094826140163"/>
            <maxpow number="0.30418094826140163"/>
            <fprob>0.0</fprob>
        </actor>
        <actor name="D0N13">
            <wcet number="0">30</wcet>
            <wcet number="1">60</wcet>
            <maxpow number="0.46601464634611905"/>
            <maxpow number="0.46601464634611905"/>
            <fprob>0.0</fprob>
        </actor>
        <actor name="D0N47">
            <wcet number="0">30</wcet>
            <wcet number="1">80</wcet>
            <maxpow number="0.5830088908683101"/>
            <maxpow number="0.5830088908683101"/>
            <fprob>0.0</fprob>
        </actor>
        <actor name="D0N22">
            <wcet number="0">10</wcet>
            <wcet number="1">140</wcet>
            <maxpow number="0.302376870987631"/>
            <maxpow number="0.302376870987631"/>
            <fprob>0.0</fprob>
        </actor>
        <actor name="D0N27">
            <wcet number="0">40</wcet>
            <wcet number="1">40</wcet>
            <maxpow number="0.41610594166193227"/>
            <maxpow number="0.41610594166193227"/>
            <fprob>0.0</fprob>
        </actor>
        <actor name="D0N44">
            <wcet number="0">30</wcet>
            <wcet number="1">30</wcet>
            <maxpow number="0.4870034591576477"/>
            <maxpow number="0.4870034591576477"/>
            <fprob>0.0</fprob>
        </actor>
        <actor name="D0N10">
            <wcet number="0">10</wcet>
            <wcet number="1">10</wcet>
            <maxpow number="0.01798908517412101"/>
            <maxpow number="0.01798908517412101"/>
            <fprob>0.0</fprob>
        </actor>
        <actor name="D0N3">
            <wcet number="0">10</wcet>
            <wcet number="1">10</wcet>
            <maxpow number="0.6184259912468492"/>
            <maxpow number="0.6184259912468492"/>
            <fprob>0.0</fprob>
        </actor>
        <actor name="D0N5">
            <wcet number="0">60</wcet>
            <wcet number="1">80</wcet>
            <maxpow number="0.3688096108599157"/>
            <maxpow number="0.3688096108599157"/>
            <fprob>0.0</fprob>
        </actor>
        <actor name="D0N12">
            <wcet number="0">60</wcet>
            <wcet number="1">60</wcet>
            <maxpow number="0.4240552477494991"/>
            <maxpow number="0.4240552477494991"/>
            <fprob>0.0</fprob>
        </actor>
        <actor name="D0N30">
            <wcet number="0">10</wcet>
            <wcet number="1">20</wcet>
            <maxpow number="0.5952567410685273"/>
            <maxpow number="0.5952567410685273"/>
            <fprob>0.0</fprob>
        </actor>
        <actor name="D0N42">
            <wcet number="0">20</wcet>
            <wcet number="1">20</wcet>
            <maxpow number="0.6171651830873172"/>
            <maxpow number="0.6171651830873172"/>
            <fprob>0.0</fprob>
        </actor>
        <actor name="D0N33">
            <wcet number="0">110</wcet>
            <wcet number="1">210</wcet>
            <maxpow number="0.7914012413223352"/>
            <maxpow number="0.7914012413223352"/>
            <fprob>0.0</fprob>
        </actor>
        <actor name="D0N31">
            <wcet number="0">10</wcet>
            <wcet number="1">40</wcet>
            <maxpow number="0.948521056683542"/>
            <maxpow number="0.948521056683542"/>
            <fprob>0.0</fprob>
        </actor>
        <actor name="D0N32">
            <wcet number="0">40</wcet>
            <wcet number="1">40</wcet>
            <maxpow number="0.5098887824812155"/>
            <maxpow number="0.5098887824812155"/>
            <fprob>0.0</fprob>
        </actor>
        <actor name="D0N1">
            <wcet number="0">60</wcet>
            <wcet number="1">60</wcet>
            <maxpow number="0.1295516241173681"/>
            <maxpow number="0.1295516241173681"/>
            <fprob>0.0</fprob>
        </actor>
        <actor name="D0N8">
            <wcet number="0">110</wcet>
            <wcet number="1">130</wcet>
            <maxpow number="0.8922734399004026"/>
            <maxpow number="0.8922734399004026"/>
            <fprob>0.0</fprob>
        </actor>
        <actor name="D0N14">
            <wcet number="0">40</wcet>
            <wcet number="1">40</wcet>
            <maxpow number="0.39583310313775544"/>
            <maxpow number="0.39583310313775544"/>
            <fprob>0.0</fprob>
        </actor>
        <actor name="D0N19">
            <wcet number="0">190</wcet>
            <wcet number="1">270</wcet>
            <maxpow number="0.7898940982922464"/>
            <maxpow number="0.7898940982922464"/>
            <fprob>0.0</fprob>
        </actor>
        <actor name="D0N11">
            <wcet number="0">10</wcet>
            <wcet number="1">10</wcet>
            <maxpow number="0.743369343879069"/>
            <maxpow number="0.743369343879069"/>
            <fprob>0.0</fprob>
        </actor>
        <actor name="D0N25">
            <wcet number="0">10</wcet>
            <wcet number="1">30</wcet>
            <maxpow number="0.8530055983109341"/>
            <maxpow number="0.8530055983109341"/>
            <fprob>0.0</fprob>
        </actor>
        <actor name="D0N34">
            <wcet number="0">10</wcet>
            <wcet number="1">20</wcet>
            <maxpow number="0.7426019152901638"/>
            <maxpow number="0.7426019152901638"/>
            <fprob>0.0</fprob>
        </actor>
        <actor name="D0N9">
            <wcet number="0">30</wcet>
            <wcet number="1">50</wcet>
            <maxpow number="0.4598997336732695"/>
            <maxpow number="0.4598997336732695"/>
            <fprob>0.0</fprob>
        </actor>
        <actor name="D0N4">
            <wcet number="0">10</wcet>
            <wcet number="1">10</wcet>
            <maxpow number="0.17631696806070346"/>
            <maxpow number="0.17631696806070346"/>
            <fprob>0.0</fprob>
        </actor>
        <actor name="D0N43">
            <wcet number="0">10</wcet>
            <wcet number="1">20</wcet>
            <maxpow number="0.6291336121202228"/>
            <maxpow number="0.6291336121202228"/>
            <fprob>0.0</fprob>
        </actor>
        <actor name="D0N41">
            <wcet number="0">20</wcet>
            <wcet number="1">30</wcet>
            <maxpow number="0.2646651022171828"/>
            <maxpow number="0.2646651022171828"/>
            <fprob>0.0</fprob>
        </actor>
        <actor name="D0N45">
            <wcet number="0">20</wcet>
            <wcet number="1">60</wcet>
            <maxpow number="0.9701496877330762"/>
            <maxpow number="0.9701496877330762"/>
            <fprob>0.0</fprob>
        </actor>
        <actor name="D0N35">
            <wcet number="0">10</wcet>
            <wcet number="1">10</wcet>
            <maxpow number="0.5645567554828383"/>
            <maxpow number="0.5645567554828383"/>
            <fprob>0.0</fprob>
        </actor>
        <actor name="D0N29">
            <wcet number="0">40</wcet>
            <wcet number="1">60</wcet>
            <maxpow number="0.35113676535682037"/>
            <maxpow number="0.35113676535682037"/>
            <fprob>0.0</fprob>
        </actor>
        <actor name="D0N0">
            <wcet number="0">10</wcet>
            <wcet number="1">20</wcet>
            <maxpow number="0.8132123007473253"/>
            <maxpow number="0.8132123007473253"/>
            <fprob>0.0</fprob>
        </actor>
        <actor name="D0N40">
            <wcet number="0">90</wcet>
            <wcet number="1">170</wcet>
            <maxpow number="0.36198888847255517"/>
            <maxpow number="0.36198888847255517"/>
            <fprob>0.0</fprob>
        </actor>
        <ports>
            <port dstActor="D0N49" name="p0" srcActor="D0N17"/>
            <port dstActor="D0N40" name="p1" srcActor="D0N17"/>
            <port dstActor="D0N45" name="p2" srcActor="D0N6"/>
            <port dstActor="D0N41" name="p3" srcActor="D0N6"/>
            <port dstActor="D0N38" name="p4" srcActor="D0N6"/>
            <port dstActor="D0N23" name="p5" srcActor="D0N6"/>
            <port dstActor="D0N39" name="p6" srcActor="D0N6"/>
            <port dstActor="D0N41" name="p7" srcActor="D0N16"/>
            <port dstActor="D0N33" name="p8" srcActor="D0N16"/>
            <port dstActor="D0N37" name="p9" srcActor="D0N26"/>
            <port dstActor="D0N45" name="p10" srcActor="D0N26"/>
            <port dstActor="D0N39" name="p11" srcActor="D0N26"/>
            <port dstActor="D0N40" name="p12" srcActor="D0N28"/>
            <port dstActor="D0N47" name="p13" srcActor="D0N38"/>
            <port dstActor="D0N26" name="p14" srcActor="D0N21"/>
            <port dstActor="D0N41" name="p15" srcActor="D0N21"/>
            <port dstActor="D0N40" name="p16" srcActor="D0N21"/>
            <port dstActor="D0N29" name="p17" srcActor="D0N20"/>
            <port dstActor="D0N30" name="p18" srcActor="D0N23"/>
            <port dstActor="D0N28" name="p19" srcActor="D0N23"/>
            <port dstActor="D0N12" name="p20" srcActor="D0N7"/>
            <port dstActor="D0N43" name="p21" srcActor="D0N7"/>
            <port dstActor="D0N33" name="p22" srcActor="D0N18"/>
            <port dstActor="D0N42" name="p23" srcActor="D0N18"/>
            <port dstActor="D0N47" name="p24" srcActor="D0N18"/>
            <port dstActor="D0N37" name="p25" srcActor="D0N18"/>
            <port dstActor="D0N40" name="p26" srcActor="D0N18"/>
            <port dstActor="D0N44" name="p27" srcActor="D0N37"/>
            <port dstActor="D0N33" name="p28" srcActor="D0N24"/>
            <port dstActor="D0N42" name="p29" srcActor="D0N24"/>
            <port dstActor="D0N32" name="p30" srcActor="D0N24"/>
            <port dstActor="D0N22" name="p31" srcActor="D0N2"/>
            <port dstActor="D0N25" name="p32" srcActor="D0N2"/>
            <port dstActor="D0N45" name="p33" srcActor="D0N2"/>
            <port dstActor="D0N4" name="p34" srcActor="D0N2"/>
            <port dstActor="D0N24" name="p35" srcActor="D0N2"/>
            <port dstActor="D0N26" name="p36" srcActor="D0N15"/>
            <port dstActor="D0N19" name="p37" srcActor="D0N15"/>
            <port dstActor="D0N35" name="p38" srcActor="D0N13"/>
            <port dstActor="D0N16" name="p39" srcActor="D0N13"/>
            <port dstActor="D0N18" name="p40" srcActor="D0N13"/>
            <port dstActor="D0N30" name="p41" srcActor="D0N13"/>
            <port dstActor="D0N24" name="p42" srcActor="D0N13"/>
            <port dstActor="D0N31" name="p43" srcActor="D0N13"/>
            <port dstActor="D0N40" name="p44" srcActor="D0N13"/>
            <port dstActor="D0N30" name="p45" srcActor="D0N27"/>
            <port dstActor="D0N37" name="p46" srcActor="D0N27"/>
            <port dstActor="D0N34" name="p47" srcActor="D0N27"/>
            <port dstActor="D0N41" name="p48" srcActor="D0N27"/>
            <port dstActor="D0N46" name="p49" srcActor="D0N44"/>
            <port dstActor="D0N12" name="p50" srcActor="D0N10"/>
            <port dstActor="D0N47" name="p51" srcActor="D0N10"/>
            <port dstActor="D0N21" name="p52" srcActor="D0N10"/>
            <port dstActor="D0N23" name="p53" srcActor="D0N10"/>
            <port dstActor="D0N31" name="p54" srcActor="D0N10"/>
            <port dstActor="D0N34" name="p55" srcActor="D0N10"/>
            <port dstActor="D0N36" name="p56" srcActor="D0N10"/>
            <port dstActor="D0N48" name="p57" srcActor="D0N10"/>
            <port dstActor="D0N35" name="p58" srcActor="D0N3"/>
            <port dstActor="D0N8" name="p59" srcActor="D0N3"/>
            <port dstActor="D0N34" name="p60" srcActor="D0N3"/>
            <port dstActor="D0N18" name="p61" srcActor="D0N3"/>
            <port dstActor="D0N28" name="p62" srcActor="D0N5"/>
            <port dstActor="D0N42" name="p63" srcActor="D0N5"/>
            <port dstActor="D0N21" name="p64" srcActor="D0N5"/>
            <port dstActor="D0N38" name="p65" srcActor="D0N5"/>
            <port dstActor="D0N33" name="p66" srcActor="D0N12"/>
            <port dstActor="D0N40" name="p67" srcActor="D0N12"/>
            <port dstActor="D0N39" name="p68" srcActor="D0N30"/>
            <port dstActor="D0N31" name="p69" srcActor="D0N30"/>
            <port dstActor="D0N38" name="p70" srcActor="D0N30"/>
            <port dstActor="D0N49" name="p71" srcActor="D0N42"/>
            <port dstActor="D0N44" name="p72" srcActor="D0N42"/>
            <port dstActor="D0N38" name="p73" srcActor="D0N33"/>
            <port dstActor="D0N41" name="p74" srcActor="D0N32"/>
            <port dstActor="D0N33" name="p75" srcActor="D0N32"/>
            <port dstActor="D0N6" name="p76" srcActor="D0N1"/>
            <port dstActor="D0N8" name="p77" srcActor="D0N1"/>
            <port dstActor="D0N10" name="p78" srcActor="D0N8"/>
            <port dstActor="D0N19" name="p79" srcActor="D0N8"/>
            <port dstActor="D0N9" name="p80" srcActor="D0N8"/>
            <port dstActor="D0N13" name="p81" srcActor="D0N8"/>
            <port dstActor="D0N23" name="p82" srcActor="D0N8"/>
            <port dstActor="D0N30" name="p83" srcActor="D0N8"/>
            <port dstActor="D0N22" name="p84" srcActor="D0N14"/>
            <port dstActor="D0N32" name="p85" srcActor="D0N14"/>
            <port dstActor="D0N31" name="p86" srcActor="D0N19"/>
            <port dstActor="D0N43" name="p87" srcActor="D0N19"/>
            <port dstActor="D0N24" name="p88" srcActor="D0N19"/>
            <port dstActor="D0N35" name="p89" srcActor="D0N19"/>
            <port dstActor="D0N41" name="p90" srcActor="D0N19"/>
            <port dstActor="D0N28" name="p91" srcActor="D0N11"/>
            <port dstActor="D0N17" name="p92" srcActor="D0N11"/>
            <port dstActor="D0N29" name="p93" srcActor="D0N11"/>
            <port dstActor="D0N36" name="p94" srcActor="D0N11"/>
            <port dstActor="D0N29" name="p95" srcActor="D0N25"/>
            <port dstActor="D0N45" name="p96" srcActor="D0N34"/>
            <port dstActor="D0N48" name="p97" srcActor="D0N9"/>
            <port dstActor="D0N33" name="p98" srcActor="D0N4"/>
            <port dstActor="D0N34" name="p99" srcActor="D0N4"/>
            <port dstActor="D0N28" name="p100" srcActor="D0N4"/>
            <port dstActor="D0N22" name="p101" srcActor="D0N4"/>
            <port dstActor="D0N27" name="p102" srcActor="D0N4"/>
            <port dstActor="D0N47" name="p103" srcActor="D0N43"/>
            <port dstActor="D0N49" name="p104" srcActor="D0N45"/>
            <port dstActor="D0N49" name="p105" srcActor="D0N35"/>
            <port dstActor="D0N40" name="p106" srcActor="D0N29"/>
            <port dstActor="D0N45" name="p107" srcActor="D0N0"/>
            <port dstActor="D0N14" name="p108" srcActor="D0N0"/>
            <port dstActor="D0N29" name="p109" srcActor="D0N0"/>
            <port dstActor="D0N38" name="p110" srcActor="D0N0"/>
            <port dstActor="D0N46" name="p111" srcActor="D0N0"/>
            <port dstActor="D0N42" name="p112" srcActor="D0N40"/>
        </ports>
    </mcdag>
    <cores number="3"/>
    <levels number="2"/>
</mcsystem>
