<?xml version="1.0" encoding="UTF-8" standalone="no"?>
<mcsystem>
    <mcdag deadline="1500" name="genned-0-ed-10.0-0">
        <actor name="D0N20">
            <wcet number="0">40</wcet>
            <wcet number="1">50</wcet>
            <maxpow number="0.7620119564445782"/>
            <maxpow number="0.7620119564445782"/>
            <fprob>0.0</fprob>
        </actor>
        <actor name="D0N40">
            <wcet number="0">10</wcet>
            <wcet number="1">10</wcet>
            <maxpow number="0.6726669037854083"/>
            <maxpow number="0.6726669037854083"/>
            <fprob>0.0</fprob>
        </actor>
        <actor name="D0N12">
            <wcet number="0">100</wcet>
            <wcet number="1">100</wcet>
            <maxpow number="0.7668140957310099"/>
            <maxpow number="0.7668140957310099"/>
            <fprob>0.0</fprob>
        </actor>
        <actor name="D0N10">
            <wcet number="0">50</wcet>
            <wcet number="1">80</wcet>
            <maxpow number="0.3671683651527998"/>
            <maxpow number="0.3671683651527998"/>
            <fprob>0.0</fprob>
        </actor>
        <actor name="D0N11">
            <wcet number="0">10</wcet>
            <wcet number="1">10</wcet>
            <maxpow number="0.7266740297132739"/>
            <maxpow number="0.7266740297132739"/>
            <fprob>0.0</fprob>
        </actor>
        <actor name="D0N21">
            <wcet number="0">20</wcet>
            <wcet number="1">30</wcet>
            <maxpow number="0.5137305673813781"/>
            <maxpow number="0.5137305673813781"/>
            <fprob>0.0</fprob>
        </actor>
        <actor name="D0N0">
            <wcet number="0">80</wcet>
            <wcet number="1">80</wcet>
            <maxpow number="0.49266040754129575"/>
            <maxpow number="0.49266040754129575"/>
            <fprob>0.0</fprob>
        </actor>
        <actor name="D0N26">
            <wcet number="0">20</wcet>
            <wcet number="1">20</wcet>
            <maxpow number="0.39977100351912775"/>
            <maxpow number="0.39977100351912775"/>
            <fprob>0.0</fprob>
        </actor>
        <actor name="D0N25">
            <wcet number="0">60</wcet>
            <wcet number="1">60</wcet>
            <maxpow number="0.6741788316771473"/>
            <maxpow number="0.6741788316771473"/>
            <fprob>0.0</fprob>
        </actor>
        <actor name="D0N13">
            <wcet number="0">10</wcet>
            <wcet number="1">10</wcet>
            <maxpow number="0.5770042587551196"/>
            <maxpow number="0.5770042587551196"/>
            <fprob>0.0</fprob>
        </actor>
        <actor name="D0N30">
            <wcet number="0">250</wcet>
            <wcet number="1">250</wcet>
            <maxpow number="0.7298604421279425"/>
            <maxpow number="0.7298604421279425"/>
            <fprob>0.0</fprob>
        </actor>
        <actor name="D0N33">
            <wcet number="0">160</wcet>
            <wcet number="1">280</wcet>
            <maxpow number="0.6404753557579077"/>
            <maxpow number="0.6404753557579077"/>
            <fprob>0.0</fprob>
        </actor>
        <actor name="D0N35">
            <wcet number="0">10</wcet>
            <wcet number="1">10</wcet>
            <maxpow number="0.4402378795263585"/>
            <maxpow number="0.4402378795263585"/>
            <fprob>0.0</fprob>
        </actor>
        <actor name="D0N15">
            <wcet number="0">120</wcet>
            <wcet number="1">120</wcet>
            <maxpow number="0.428177072561628"/>
            <maxpow number="0.428177072561628"/>
            <fprob>0.0</fprob>
        </actor>
        <actor name="D0N5">
            <wcet number="0">10</wcet>
            <wcet number="1">20</wcet>
            <maxpow number="0.34600440826151824"/>
            <maxpow number="0.34600440826151824"/>
            <fprob>0.0</fprob>
        </actor>
        <actor name="D0N1">
            <wcet number="0">30</wcet>
            <wcet number="1">70</wcet>
            <maxpow number="0.39745916782513047"/>
            <maxpow number="0.39745916782513047"/>
            <fprob>0.0</fprob>
        </actor>
        <actor name="D0N6">
            <wcet number="0">80</wcet>
            <wcet number="1">80</wcet>
            <maxpow number="0.7039828690502599"/>
            <maxpow number="0.7039828690502599"/>
            <fprob>0.0</fprob>
        </actor>
        <actor name="D0N8">
            <wcet number="0">10</wcet>
            <wcet number="1">10</wcet>
            <maxpow number="0.44403738080750754"/>
            <maxpow number="0.44403738080750754"/>
            <fprob>0.0</fprob>
        </actor>
        <actor name="D0N29">
            <wcet number="0">20</wcet>
            <wcet number="1">20</wcet>
            <maxpow number="0.4780080596503636"/>
            <maxpow number="0.4780080596503636"/>
            <fprob>0.0</fprob>
        </actor>
        <actor name="D0N45">
            <wcet number="0">20</wcet>
            <wcet number="1">20</wcet>
            <maxpow number="0.3746560355984685"/>
            <maxpow number="0.3746560355984685"/>
            <fprob>0.0</fprob>
        </actor>
        <actor name="D0N34">
            <wcet number="0">10</wcet>
            <wcet number="1">20</wcet>
            <maxpow number="0.44091770773443"/>
            <maxpow number="0.44091770773443"/>
            <fprob>0.0</fprob>
        </actor>
        <actor name="D0N32">
            <wcet number="0">120</wcet>
            <wcet number="1">130</wcet>
            <maxpow number="0.5488152694712866"/>
            <maxpow number="0.5488152694712866"/>
            <fprob>0.0</fprob>
        </actor>
        <actor name="D0N19">
            <wcet number="0">10</wcet>
            <wcet number="1">10</wcet>
            <maxpow number="0.500935817335418"/>
            <maxpow number="0.500935817335418"/>
            <fprob>0.0</fprob>
        </actor>
        <actor name="D0N9">
            <wcet number="0">10</wcet>
            <wcet number="1">10</wcet>
            <maxpow number="0.6211478186165622"/>
            <maxpow number="0.6211478186165622"/>
            <fprob>0.0</fprob>
        </actor>
        <actor name="D0N31">
            <wcet number="0">160</wcet>
            <wcet number="1">200</wcet>
            <maxpow number="0.768993490734393"/>
            <maxpow number="0.768993490734393"/>
            <fprob>0.0</fprob>
        </actor>
        <actor name="D0N42">
            <wcet number="0">250</wcet>
            <wcet number="1">310</wcet>
            <maxpow number="0.4687362727291381"/>
            <maxpow number="0.4687362727291381"/>
            <fprob>0.0</fprob>
        </actor>
        <actor name="D0N47">
            <wcet number="0">80</wcet>
            <wcet number="1">100</wcet>
            <maxpow number="0.0051566208651034895"/>
            <maxpow number="0.0051566208651034895"/>
            <fprob>0.0</fprob>
        </actor>
        <actor name="D0N18">
            <wcet number="0">10</wcet>
            <wcet number="1">30</wcet>
            <maxpow number="0.7132837402006287"/>
            <maxpow number="0.7132837402006287"/>
            <fprob>0.0</fprob>
        </actor>
        <actor name="D0N22">
            <wcet number="0">10</wcet>
            <wcet number="1">10</wcet>
            <maxpow number="0.7041855666820873"/>
            <maxpow number="0.7041855666820873"/>
            <fprob>0.0</fprob>
        </actor>
        <actor name="D0N23">
            <wcet number="0">50</wcet>
            <wcet number="1">160</wcet>
            <maxpow number="0.7185055506343335"/>
            <maxpow number="0.7185055506343335"/>
            <fprob>0.0</fprob>
        </actor>
        <actor name="D0N28">
            <wcet number="0">50</wcet>
            <wcet number="1">70</wcet>
            <maxpow number="0.6526507219138511"/>
            <maxpow number="0.6526507219138511"/>
            <fprob>0.0</fprob>
        </actor>
        <actor name="D0N43">
            <wcet number="0">100</wcet>
            <wcet number="1">160</wcet>
            <maxpow number="0.7157673650990755"/>
            <maxpow number="0.7157673650990755"/>
            <fprob>0.0</fprob>
        </actor>
        <actor name="D0N44">
            <wcet number="0">40</wcet>
            <wcet number="1">40</wcet>
            <maxpow number="0.5578495900072618"/>
            <maxpow number="0.5578495900072618"/>
            <fprob>0.0</fprob>
        </actor>
        <actor name="D0N36">
            <wcet number="0">30</wcet>
            <wcet number="1">50</wcet>
            <maxpow number="0.6309557562557514"/>
            <maxpow number="0.6309557562557514"/>
            <fprob>0.0</fprob>
        </actor>
        <actor name="D0N39">
            <wcet number="0">40</wcet>
            <wcet number="1">140</wcet>
            <maxpow number="0.3989537116279109"/>
            <maxpow number="0.3989537116279109"/>
            <fprob>0.0</fprob>
        </actor>
        <actor name="D0N46">
            <wcet number="0">30</wcet>
            <wcet number="1">110</wcet>
            <maxpow number="0.609652861156781"/>
            <maxpow number="0.609652861156781"/>
            <fprob>0.0</fprob>
        </actor>
        <actor name="D0N14">
            <wcet number="0">40</wcet>
            <wcet number="1">100</wcet>
            <maxpow number="0.2802664336693071"/>
            <maxpow number="0.2802664336693071"/>
            <fprob>0.0</fprob>
        </actor>
        <actor name="D0N2">
            <wcet number="0">60</wcet>
            <wcet number="1">100</wcet>
            <maxpow number="0.6664625260125628"/>
            <maxpow number="0.6664625260125628"/>
            <fprob>0.0</fprob>
        </actor>
        <actor name="D0N37">
            <wcet number="0">30</wcet>
            <wcet number="1">80</wcet>
            <maxpow number="0.4950649245877538"/>
            <maxpow number="0.4950649245877538"/>
            <fprob>0.0</fprob>
        </actor>
        <actor name="D0N17">
            <wcet number="0">10</wcet>
            <wcet number="1">100</wcet>
            <maxpow number="0.47957171644328467"/>
            <maxpow number="0.47957171644328467"/>
            <fprob>0.0</fprob>
        </actor>
        <actor name="D0N38">
            <wcet number="0">30</wcet>
            <wcet number="1">60</wcet>
            <maxpow number="0.4832281673591614"/>
            <maxpow number="0.4832281673591614"/>
            <fprob>0.0</fprob>
        </actor>
        <actor name="D0N48">
            <wcet number="0">20</wcet>
            <wcet number="1">20</wcet>
            <maxpow number="0.3663589467766797"/>
            <maxpow number="0.3663589467766797"/>
            <fprob>0.0</fprob>
        </actor>
        <actor name="D0N16">
            <wcet number="0">50</wcet>
            <wcet number="1">80</wcet>
            <maxpow number="0.19903562370220174"/>
            <maxpow number="0.19903562370220174"/>
            <fprob>0.0</fprob>
        </actor>
        <actor name="D0N4">
            <wcet number="0">10</wcet>
            <wcet number="1">30</wcet>
            <maxpow number="0.5262910862690493"/>
            <maxpow number="0.5262910862690493"/>
            <fprob>0.0</fprob>
        </actor>
        <actor name="D0N27">
            <wcet number="0">20</wcet>
            <wcet number="1">40</wcet>
            <maxpow number="1.0066390968488899"/>
            <maxpow number="1.0066390968488899"/>
            <fprob>0.0</fprob>
        </actor>
        <actor name="D0N41">
            <wcet number="0">50</wcet>
            <wcet number="1">180</wcet>
            <maxpow number="0.37052165713285673"/>
            <maxpow number="0.37052165713285673"/>
            <fprob>0.0</fprob>
        </actor>
        <actor name="D0N24">
            <wcet number="0">30</wcet>
            <wcet number="1">40</wcet>
            <maxpow number="0.20501243644479783"/>
            <maxpow number="0.20501243644479783"/>
            <fprob>0.0</fprob>
        </actor>
        <actor name="D0N3">
            <wcet number="0">60</wcet>
            <wcet number="1">160</wcet>
            <maxpow number="0.5924177055454234"/>
            <maxpow number="0.5924177055454234"/>
            <fprob>0.0</fprob>
        </actor>
        <actor name="D0N7">
            <wcet number="0">20</wcet>
            <wcet number="1">30</wcet>
            <maxpow number="0.49916024307843554"/>
            <maxpow number="0.49916024307843554"/>
            <fprob>0.0</fprob>
        </actor>
        <ports>
            <port dstActor="D0N42" name="p0" srcActor="D0N20"/>
            <port dstActor="D0N40" name="p1" srcActor="D0N20"/>
            <port dstActor="D0N39" name="p2" srcActor="D0N20"/>
            <port dstActor="D0N34" name="p3" srcActor="D0N20"/>
            <port dstActor="D0N43" name="p4" srcActor="D0N40"/>
            <port dstActor="D0N17" name="p5" srcActor="D0N12"/>
            <port dstActor="D0N24" name="p6" srcActor="D0N12"/>
            <port dstActor="D0N23" name="p7" srcActor="D0N12"/>
            <port dstActor="D0N32" name="p8" srcActor="D0N10"/>
            <port dstActor="D0N39" name="p9" srcActor="D0N10"/>
            <port dstActor="D0N33" name="p10" srcActor="D0N11"/>
            <port dstActor="D0N48" name="p11" srcActor="D0N11"/>
            <port dstActor="D0N45" name="p12" srcActor="D0N11"/>
            <port dstActor="D0N20" name="p13" srcActor="D0N11"/>
            <port dstActor="D0N30" name="p14" srcActor="D0N21"/>
            <port dstActor="D0N48" name="p15" srcActor="D0N21"/>
            <port dstActor="D0N35" name="p16" srcActor="D0N21"/>
            <port dstActor="D0N10" name="p17" srcActor="D0N0"/>
            <port dstActor="D0N30" name="p18" srcActor="D0N0"/>
            <port dstActor="D0N28" name="p19" srcActor="D0N0"/>
            <port dstActor="D0N2" name="p20" srcActor="D0N0"/>
            <port dstActor="D0N27" name="p21" srcActor="D0N26"/>
            <port dstActor="D0N25" name="p22" srcActor="D0N13"/>
            <port dstActor="D0N35" name="p23" srcActor="D0N30"/>
            <port dstActor="D0N46" name="p24" srcActor="D0N30"/>
            <port dstActor="D0N39" name="p25" srcActor="D0N30"/>
            <port dstActor="D0N43" name="p26" srcActor="D0N33"/>
            <port dstActor="D0N41" name="p27" srcActor="D0N35"/>
            <port dstActor="D0N38" name="p28" srcActor="D0N35"/>
            <port dstActor="D0N46" name="p29" srcActor="D0N15"/>
            <port dstActor="D0N17" name="p30" srcActor="D0N5"/>
            <port dstActor="D0N38" name="p31" srcActor="D0N5"/>
            <port dstActor="D0N15" name="p32" srcActor="D0N5"/>
            <port dstActor="D0N28" name="p33" srcActor="D0N5"/>
            <port dstActor="D0N13" name="p34" srcActor="D0N5"/>
            <port dstActor="D0N41" name="p35" srcActor="D0N5"/>
            <port dstActor="D0N11" name="p36" srcActor="D0N5"/>
            <port dstActor="D0N44" name="p37" srcActor="D0N5"/>
            <port dstActor="D0N25" name="p38" srcActor="D0N1"/>
            <port dstActor="D0N33" name="p39" srcActor="D0N1"/>
            <port dstActor="D0N38" name="p40" srcActor="D0N1"/>
            <port dstActor="D0N21" name="p41" srcActor="D0N1"/>
            <port dstActor="D0N5" name="p42" srcActor="D0N1"/>
            <port dstActor="D0N24" name="p43" srcActor="D0N1"/>
            <port dstActor="D0N37" name="p44" srcActor="D0N6"/>
            <port dstActor="D0N38" name="p45" srcActor="D0N6"/>
            <port dstActor="D0N25" name="p46" srcActor="D0N6"/>
            <port dstActor="D0N16" name="p47" srcActor="D0N6"/>
            <port dstActor="D0N35" name="p48" srcActor="D0N6"/>
            <port dstActor="D0N20" name="p49" srcActor="D0N8"/>
            <port dstActor="D0N41" name="p50" srcActor="D0N8"/>
            <port dstActor="D0N14" name="p51" srcActor="D0N8"/>
            <port dstActor="D0N47" name="p52" srcActor="D0N8"/>
            <port dstActor="D0N46" name="p53" srcActor="D0N45"/>
            <port dstActor="D0N47" name="p54" srcActor="D0N45"/>
            <port dstActor="D0N41" name="p55" srcActor="D0N34"/>
            <port dstActor="D0N34" name="p56" srcActor="D0N32"/>
            <port dstActor="D0N43" name="p57" srcActor="D0N32"/>
            <port dstActor="D0N41" name="p58" srcActor="D0N32"/>
            <port dstActor="D0N40" name="p59" srcActor="D0N19"/>
            <port dstActor="D0N38" name="p60" srcActor="D0N19"/>
            <port dstActor="D0N29" name="p61" srcActor="D0N9"/>
            <port dstActor="D0N22" name="p62" srcActor="D0N9"/>
            <port dstActor="D0N17" name="p63" srcActor="D0N9"/>
            <port dstActor="D0N14" name="p64" srcActor="D0N9"/>
            <port dstActor="D0N15" name="p65" srcActor="D0N9"/>
            <port dstActor="D0N28" name="p66" srcActor="D0N9"/>
            <port dstActor="D0N35" name="p67" srcActor="D0N31"/>
            <port dstActor="D0N42" name="p68" srcActor="D0N31"/>
            <port dstActor="D0N43" name="p69" srcActor="D0N42"/>
            <port dstActor="D0N35" name="p70" srcActor="D0N18"/>
            <port dstActor="D0N34" name="p71" srcActor="D0N18"/>
            <port dstActor="D0N20" name="p72" srcActor="D0N18"/>
            <port dstActor="D0N24" name="p73" srcActor="D0N22"/>
            <port dstActor="D0N32" name="p74" srcActor="D0N22"/>
            <port dstActor="D0N34" name="p75" srcActor="D0N22"/>
            <port dstActor="D0N27" name="p76" srcActor="D0N23"/>
            <port dstActor="D0N30" name="p77" srcActor="D0N23"/>
            <port dstActor="D0N41" name="p78" srcActor="D0N23"/>
            <port dstActor="D0N39" name="p79" srcActor="D0N23"/>
            <port dstActor="D0N39" name="p80" srcActor="D0N28"/>
            <port dstActor="D0N34" name="p81" srcActor="D0N28"/>
            <port dstActor="D0N47" name="p82" srcActor="D0N44"/>
            <port dstActor="D0N47" name="p83" srcActor="D0N46"/>
            <port dstActor="D0N16" name="p84" srcActor="D0N14"/>
            <port dstActor="D0N28" name="p85" srcActor="D0N14"/>
            <port dstActor="D0N39" name="p86" srcActor="D0N14"/>
            <port dstActor="D0N43" name="p87" srcActor="D0N14"/>
            <port dstActor="D0N5" name="p88" srcActor="D0N2"/>
            <port dstActor="D0N34" name="p89" srcActor="D0N2"/>
            <port dstActor="D0N46" name="p90" srcActor="D0N2"/>
            <port dstActor="D0N9" name="p91" srcActor="D0N2"/>
            <port dstActor="D0N42" name="p92" srcActor="D0N2"/>
            <port dstActor="D0N44" name="p93" srcActor="D0N37"/>
            <port dstActor="D0N42" name="p94" srcActor="D0N37"/>
            <port dstActor="D0N43" name="p95" srcActor="D0N37"/>
            <port dstActor="D0N27" name="p96" srcActor="D0N17"/>
            <port dstActor="D0N18" name="p97" srcActor="D0N17"/>
            <port dstActor="D0N25" name="p98" srcActor="D0N17"/>
            <port dstActor="D0N32" name="p99" srcActor="D0N17"/>
            <port dstActor="D0N35" name="p100" srcActor="D0N17"/>
            <port dstActor="D0N28" name="p101" srcActor="D0N17"/>
            <port dstActor="D0N18" name="p102" srcActor="D0N16"/>
            <port dstActor="D0N46" name="p103" srcActor="D0N16"/>
            <port dstActor="D0N37" name="p104" srcActor="D0N4"/>
            <port dstActor="D0N7" name="p105" srcActor="D0N4"/>
            <port dstActor="D0N48" name="p106" srcActor="D0N27"/>
            <port dstActor="D0N42" name="p107" srcActor="D0N27"/>
            <port dstActor="D0N35" name="p108" srcActor="D0N24"/>
            <port dstActor="D0N7" name="p109" srcActor="D0N3"/>
            <port dstActor="D0N42" name="p110" srcActor="D0N3"/>
            <port dstActor="D0N36" name="p111" srcActor="D0N3"/>
            <port dstActor="D0N10" name="p112" srcActor="D0N3"/>
            <port dstActor="D0N26" name="p113" srcActor="D0N3"/>
            <port dstActor="D0N40" name="p114" srcActor="D0N3"/>
            <port dstActor="D0N28" name="p115" srcActor="D0N7"/>
            <port dstActor="D0N42" name="p116" srcActor="D0N7"/>
        </ports>
    </mcdag>
    <cores number="3"/>
    <levels number="2"/>
</mcsystem>
