<?xml version="1.0" encoding="UTF-8" standalone="no"?>
<mcsystem>
    <mcdag deadline="1800" name="genned-0-ed-10.0-0">
        <actor name="D0N45">
            <wcet number="0">20</wcet>
            <wcet number="1">40</wcet>
            <maxpow number="0.672324102479622"/>
            <maxpow number="0.672324102479622"/>
            <fprob>0.0</fprob>
        </actor>
        <actor name="D0N28">
            <wcet number="0">60</wcet>
            <wcet number="1">110</wcet>
            <maxpow number="0.41411003002075875"/>
            <maxpow number="0.41411003002075875"/>
            <fprob>0.0</fprob>
        </actor>
        <actor name="D0N43">
            <wcet number="0">20</wcet>
            <wcet number="1">20</wcet>
            <maxpow number="0.7646438621954383"/>
            <maxpow number="0.7646438621954383"/>
            <fprob>0.0</fprob>
        </actor>
        <actor name="D0N14">
            <wcet number="0">40</wcet>
            <wcet number="1">280</wcet>
            <maxpow number="0.4197579752526078"/>
            <maxpow number="0.4197579752526078"/>
            <fprob>0.0</fprob>
        </actor>
        <actor name="D0N29">
            <wcet number="0">30</wcet>
            <wcet number="1">30</wcet>
            <maxpow number="0.39307124039302416"/>
            <maxpow number="0.39307124039302416"/>
            <fprob>0.0</fprob>
        </actor>
        <actor name="D0N10">
            <wcet number="0">20</wcet>
            <wcet number="1">30</wcet>
            <maxpow number="0.6716852319659042"/>
            <maxpow number="0.6716852319659042"/>
            <fprob>0.0</fprob>
        </actor>
        <actor name="D0N32">
            <wcet number="0">30</wcet>
            <wcet number="1">30</wcet>
            <maxpow number="0.750804544726867"/>
            <maxpow number="0.750804544726867"/>
            <fprob>0.0</fprob>
        </actor>
        <actor name="D0N48">
            <wcet number="0">10</wcet>
            <wcet number="1">130</wcet>
            <maxpow number="0.44923134243793533"/>
            <maxpow number="0.44923134243793533"/>
            <fprob>0.0</fprob>
        </actor>
        <actor name="D0N26">
            <wcet number="0">40</wcet>
            <wcet number="1">70</wcet>
            <maxpow number="0.6998627885290375"/>
            <maxpow number="0.6998627885290375"/>
            <fprob>0.0</fprob>
        </actor>
        <actor name="D0N9">
            <wcet number="0">30</wcet>
            <wcet number="1">70</wcet>
            <maxpow number="0.45497313590333865"/>
            <maxpow number="0.45497313590333865"/>
            <fprob>0.0</fprob>
        </actor>
        <actor name="D0N33">
            <wcet number="0">10</wcet>
            <wcet number="1">10</wcet>
            <maxpow number="0.430976597895837"/>
            <maxpow number="0.430976597895837"/>
            <fprob>0.0</fprob>
        </actor>
        <actor name="D0N1">
            <wcet number="0">20</wcet>
            <wcet number="1">50</wcet>
            <maxpow number="0.4447852441203665"/>
            <maxpow number="0.4447852441203665"/>
            <fprob>0.0</fprob>
        </actor>
        <actor name="D0N37">
            <wcet number="0">20</wcet>
            <wcet number="1">150</wcet>
            <maxpow number="0.5716272958833656"/>
            <maxpow number="0.5716272958833656"/>
            <fprob>0.0</fprob>
        </actor>
        <actor name="D0N23">
            <wcet number="0">70</wcet>
            <wcet number="1">130</wcet>
            <maxpow number="0.6426625905878341"/>
            <maxpow number="0.6426625905878341"/>
            <fprob>0.0</fprob>
        </actor>
        <actor name="D0N8">
            <wcet number="0">10</wcet>
            <wcet number="1">20</wcet>
            <maxpow number="0.06159932163907589"/>
            <maxpow number="0.06159932163907589"/>
            <fprob>0.0</fprob>
        </actor>
        <actor name="D0N36">
            <wcet number="0">10</wcet>
            <wcet number="1">120</wcet>
            <maxpow number="0.5909675851719562"/>
            <maxpow number="0.5909675851719562"/>
            <fprob>0.0</fprob>
        </actor>
        <actor name="D0N16">
            <wcet number="0">120</wcet>
            <wcet number="1">220</wcet>
            <maxpow number="0.5634807149246236"/>
            <maxpow number="0.5634807149246236"/>
            <fprob>0.0</fprob>
        </actor>
        <actor name="D0N38">
            <wcet number="0">30</wcet>
            <wcet number="1">50</wcet>
            <maxpow number="0.8483592275534522"/>
            <maxpow number="0.8483592275534522"/>
            <fprob>0.0</fprob>
        </actor>
        <actor name="D0N35">
            <wcet number="0">20</wcet>
            <wcet number="1">80</wcet>
            <maxpow number="0.3947275645189685"/>
            <maxpow number="0.3947275645189685"/>
            <fprob>0.0</fprob>
        </actor>
        <actor name="D0N44">
            <wcet number="0">60</wcet>
            <wcet number="1">60</wcet>
            <maxpow number="0.3639315542618135"/>
            <maxpow number="0.3639315542618135"/>
            <fprob>0.0</fprob>
        </actor>
        <actor name="D0N5">
            <wcet number="0">10</wcet>
            <wcet number="1">20</wcet>
            <maxpow number="0.2785838515897578"/>
            <maxpow number="0.2785838515897578"/>
            <fprob>0.0</fprob>
        </actor>
        <actor name="D0N22">
            <wcet number="0">90</wcet>
            <wcet number="1">120</wcet>
            <maxpow number="0.49759673232168605"/>
            <maxpow number="0.49759673232168605"/>
            <fprob>0.0</fprob>
        </actor>
        <actor name="D0N11">
            <wcet number="0">70</wcet>
            <wcet number="1">170</wcet>
            <maxpow number="0.7432681273365638"/>
            <maxpow number="0.7432681273365638"/>
            <fprob>0.0</fprob>
        </actor>
        <actor name="D0N30">
            <wcet number="0">40</wcet>
            <wcet number="1">40</wcet>
            <maxpow number="0.5499594597872836"/>
            <maxpow number="0.5499594597872836"/>
            <fprob>0.0</fprob>
        </actor>
        <actor name="D0N21">
            <wcet number="0">90</wcet>
            <wcet number="1">100</wcet>
            <maxpow number="0.4567695932141402"/>
            <maxpow number="0.4567695932141402"/>
            <fprob>0.0</fprob>
        </actor>
        <actor name="D0N3">
            <wcet number="0">10</wcet>
            <wcet number="1">20</wcet>
            <maxpow number="0.7396700471741326"/>
            <maxpow number="0.7396700471741326"/>
            <fprob>0.0</fprob>
        </actor>
        <actor name="D0N24">
            <wcet number="0">20</wcet>
            <wcet number="1">30</wcet>
            <maxpow number="0.7575564839831026"/>
            <maxpow number="0.7575564839831026"/>
            <fprob>0.0</fprob>
        </actor>
        <actor name="D0N15">
            <wcet number="0">60</wcet>
            <wcet number="1">60</wcet>
            <maxpow number="0.7433707928835112"/>
            <maxpow number="0.7433707928835112"/>
            <fprob>0.0</fprob>
        </actor>
        <actor name="D0N7">
            <wcet number="0">20</wcet>
            <wcet number="1">30</wcet>
            <maxpow number="0.6685504919950203"/>
            <maxpow number="0.6685504919950203"/>
            <fprob>0.0</fprob>
        </actor>
        <actor name="D0N40">
            <wcet number="0">70</wcet>
            <wcet number="1">110</wcet>
            <maxpow number="0.4245947806336534"/>
            <maxpow number="0.4245947806336534"/>
            <fprob>0.0</fprob>
        </actor>
        <actor name="D0N34">
            <wcet number="0">30</wcet>
            <wcet number="1">120</wcet>
            <maxpow number="0.6246573549664247"/>
            <maxpow number="0.6246573549664247"/>
            <fprob>0.0</fprob>
        </actor>
        <actor name="D0N27">
            <wcet number="0">10</wcet>
            <wcet number="1">40</wcet>
            <maxpow number="0.6717543711739684"/>
            <maxpow number="0.6717543711739684"/>
            <fprob>0.0</fprob>
        </actor>
        <actor name="D0N18">
            <wcet number="0">90</wcet>
            <wcet number="1">180</wcet>
            <maxpow number="0.5669227975395705"/>
            <maxpow number="0.5669227975395705"/>
            <fprob>0.0</fprob>
        </actor>
        <actor name="D0N17">
            <wcet number="0">50</wcet>
            <wcet number="1">190</wcet>
            <maxpow number="0.5844791640452274"/>
            <maxpow number="0.5844791640452274"/>
            <fprob>0.0</fprob>
        </actor>
        <actor name="D0N20">
            <wcet number="0">180</wcet>
            <wcet number="1">260</wcet>
            <maxpow number="1.0064341463615138"/>
            <maxpow number="1.0064341463615138"/>
            <fprob>0.0</fprob>
        </actor>
        <actor name="D0N25">
            <wcet number="0">50</wcet>
            <wcet number="1">100</wcet>
            <maxpow number="0.6617133560793064"/>
            <maxpow number="0.6617133560793064"/>
            <fprob>0.0</fprob>
        </actor>
        <actor name="D0N12">
            <wcet number="0">10</wcet>
            <wcet number="1">20</wcet>
            <maxpow number="0.688457993987541"/>
            <maxpow number="0.688457993987541"/>
            <fprob>0.0</fprob>
        </actor>
        <actor name="D0N6">
            <wcet number="0">280</wcet>
            <wcet number="1">290</wcet>
            <maxpow number="0.34105854318775375"/>
            <maxpow number="0.34105854318775375"/>
            <fprob>0.0</fprob>
        </actor>
        <actor name="D0N13">
            <wcet number="0">10</wcet>
            <wcet number="1">10</wcet>
            <maxpow number="0.6273135815520806"/>
            <maxpow number="0.6273135815520806"/>
            <fprob>0.0</fprob>
        </actor>
        <actor name="D0N41">
            <wcet number="0">30</wcet>
            <wcet number="1">170</wcet>
            <maxpow number="0.6091272642361615"/>
            <maxpow number="0.6091272642361615"/>
            <fprob>0.0</fprob>
        </actor>
        <actor name="D0N4">
            <wcet number="0">10</wcet>
            <wcet number="1">20</wcet>
            <maxpow number="0.9327288655368413"/>
            <maxpow number="0.9327288655368413"/>
            <fprob>0.0</fprob>
        </actor>
        <actor name="D0N19">
            <wcet number="0">60</wcet>
            <wcet number="1">90</wcet>
            <maxpow number="0.4867843730642464"/>
            <maxpow number="0.4867843730642464"/>
            <fprob>0.0</fprob>
        </actor>
        <actor name="D0N39">
            <wcet number="0">40</wcet>
            <wcet number="1">40</wcet>
            <maxpow number="0.49652022555005637"/>
            <maxpow number="0.49652022555005637"/>
            <fprob>0.0</fprob>
        </actor>
        <actor name="D0N0">
            <wcet number="0">10</wcet>
            <wcet number="1">150</wcet>
            <maxpow number="0.4728387231932387"/>
            <maxpow number="0.4728387231932387"/>
            <fprob>0.0</fprob>
        </actor>
        <actor name="D0N31">
            <wcet number="0">10</wcet>
            <wcet number="1">10</wcet>
            <maxpow number="0.6034216177916191"/>
            <maxpow number="0.6034216177916191"/>
            <fprob>0.0</fprob>
        </actor>
        <actor name="D0N2">
            <wcet number="0">80</wcet>
            <wcet number="1">90</wcet>
            <maxpow number="0.35080971628763913"/>
            <maxpow number="0.35080971628763913"/>
            <fprob>0.0</fprob>
        </actor>
        <actor name="D0N47">
            <wcet number="0">10</wcet>
            <wcet number="1">10</wcet>
            <maxpow number="0.8069584821646809"/>
            <maxpow number="0.8069584821646809"/>
            <fprob>0.0</fprob>
        </actor>
        <actor name="D0N46">
            <wcet number="0">80</wcet>
            <wcet number="1">100</wcet>
            <maxpow number="0.6778972920342229"/>
            <maxpow number="0.6778972920342229"/>
            <fprob>0.0</fprob>
        </actor>
        <actor name="D0N42">
            <wcet number="0">30</wcet>
            <wcet number="1">30</wcet>
            <maxpow number="0.3202653936154003"/>
            <maxpow number="0.3202653936154003"/>
            <fprob>0.0</fprob>
        </actor>
        <ports>
            <port dstActor="D0N32" name="p0" srcActor="D0N28"/>
            <port dstActor="D0N34" name="p1" srcActor="D0N14"/>
            <port dstActor="D0N38" name="p2" srcActor="D0N14"/>
            <port dstActor="D0N22" name="p3" srcActor="D0N10"/>
            <port dstActor="D0N23" name="p4" srcActor="D0N10"/>
            <port dstActor="D0N12" name="p5" srcActor="D0N10"/>
            <port dstActor="D0N16" name="p6" srcActor="D0N10"/>
            <port dstActor="D0N19" name="p7" srcActor="D0N10"/>
            <port dstActor="D0N18" name="p8" srcActor="D0N10"/>
            <port dstActor="D0N38" name="p9" srcActor="D0N32"/>
            <port dstActor="D0N34" name="p10" srcActor="D0N9"/>
            <port dstActor="D0N47" name="p11" srcActor="D0N9"/>
            <port dstActor="D0N13" name="p12" srcActor="D0N9"/>
            <port dstActor="D0N24" name="p13" srcActor="D0N9"/>
            <port dstActor="D0N45" name="p14" srcActor="D0N9"/>
            <port dstActor="D0N46" name="p15" srcActor="D0N33"/>
            <port dstActor="D0N38" name="p16" srcActor="D0N1"/>
            <port dstActor="D0N25" name="p17" srcActor="D0N1"/>
            <port dstActor="D0N10" name="p18" srcActor="D0N1"/>
            <port dstActor="D0N45" name="p19" srcActor="D0N1"/>
            <port dstActor="D0N43" name="p20" srcActor="D0N1"/>
            <port dstActor="D0N40" name="p21" srcActor="D0N37"/>
            <port dstActor="D0N45" name="p22" srcActor="D0N37"/>
            <port dstActor="D0N37" name="p23" srcActor="D0N8"/>
            <port dstActor="D0N43" name="p24" srcActor="D0N8"/>
            <port dstActor="D0N12" name="p25" srcActor="D0N8"/>
            <port dstActor="D0N28" name="p26" srcActor="D0N8"/>
            <port dstActor="D0N35" name="p27" srcActor="D0N8"/>
            <port dstActor="D0N48" name="p28" srcActor="D0N8"/>
            <port dstActor="D0N9" name="p29" srcActor="D0N8"/>
            <port dstActor="D0N14" name="p30" srcActor="D0N8"/>
            <port dstActor="D0N47" name="p31" srcActor="D0N36"/>
            <port dstActor="D0N38" name="p32" srcActor="D0N36"/>
            <port dstActor="D0N24" name="p33" srcActor="D0N16"/>
            <port dstActor="D0N22" name="p34" srcActor="D0N16"/>
            <port dstActor="D0N27" name="p35" srcActor="D0N16"/>
            <port dstActor="D0N41" name="p36" srcActor="D0N16"/>
            <port dstActor="D0N46" name="p37" srcActor="D0N38"/>
            <port dstActor="D0N47" name="p38" srcActor="D0N44"/>
            <port dstActor="D0N17" name="p39" srcActor="D0N5"/>
            <port dstActor="D0N42" name="p40" srcActor="D0N5"/>
            <port dstActor="D0N9" name="p41" srcActor="D0N5"/>
            <port dstActor="D0N18" name="p42" srcActor="D0N5"/>
            <port dstActor="D0N19" name="p43" srcActor="D0N5"/>
            <port dstActor="D0N26" name="p44" srcActor="D0N11"/>
            <port dstActor="D0N16" name="p45" srcActor="D0N11"/>
            <port dstActor="D0N38" name="p46" srcActor="D0N11"/>
            <port dstActor="D0N47" name="p47" srcActor="D0N30"/>
            <port dstActor="D0N39" name="p48" srcActor="D0N30"/>
            <port dstActor="D0N17" name="p49" srcActor="D0N3"/>
            <port dstActor="D0N19" name="p50" srcActor="D0N3"/>
            <port dstActor="D0N12" name="p51" srcActor="D0N3"/>
            <port dstActor="D0N25" name="p52" srcActor="D0N24"/>
            <port dstActor="D0N29" name="p53" srcActor="D0N24"/>
            <port dstActor="D0N35" name="p54" srcActor="D0N24"/>
            <port dstActor="D0N16" name="p55" srcActor="D0N15"/>
            <port dstActor="D0N20" name="p56" srcActor="D0N15"/>
            <port dstActor="D0N26" name="p57" srcActor="D0N7"/>
            <port dstActor="D0N38" name="p58" srcActor="D0N7"/>
            <port dstActor="D0N40" name="p59" srcActor="D0N7"/>
            <port dstActor="D0N42" name="p60" srcActor="D0N7"/>
            <port dstActor="D0N30" name="p61" srcActor="D0N27"/>
            <port dstActor="D0N20" name="p62" srcActor="D0N18"/>
            <port dstActor="D0N31" name="p63" srcActor="D0N18"/>
            <port dstActor="D0N43" name="p64" srcActor="D0N18"/>
            <port dstActor="D0N38" name="p65" srcActor="D0N18"/>
            <port dstActor="D0N36" name="p66" srcActor="D0N18"/>
            <port dstActor="D0N30" name="p67" srcActor="D0N17"/>
            <port dstActor="D0N21" name="p68" srcActor="D0N20"/>
            <port dstActor="D0N26" name="p69" srcActor="D0N20"/>
            <port dstActor="D0N40" name="p70" srcActor="D0N25"/>
            <port dstActor="D0N44" name="p71" srcActor="D0N25"/>
            <port dstActor="D0N23" name="p72" srcActor="D0N12"/>
            <port dstActor="D0N22" name="p73" srcActor="D0N6"/>
            <port dstActor="D0N40" name="p74" srcActor="D0N6"/>
            <port dstActor="D0N43" name="p75" srcActor="D0N6"/>
            <port dstActor="D0N37" name="p76" srcActor="D0N13"/>
            <port dstActor="D0N41" name="p77" srcActor="D0N13"/>
            <port dstActor="D0N29" name="p78" srcActor="D0N13"/>
            <port dstActor="D0N36" name="p79" srcActor="D0N13"/>
            <port dstActor="D0N45" name="p80" srcActor="D0N41"/>
            <port dstActor="D0N41" name="p81" srcActor="D0N4"/>
            <port dstActor="D0N22" name="p82" srcActor="D0N4"/>
            <port dstActor="D0N37" name="p83" srcActor="D0N4"/>
            <port dstActor="D0N34" name="p84" srcActor="D0N19"/>
            <port dstActor="D0N30" name="p85" srcActor="D0N19"/>
            <port dstActor="D0N22" name="p86" srcActor="D0N19"/>
            <port dstActor="D0N43" name="p87" srcActor="D0N39"/>
            <port dstActor="D0N48" name="p88" srcActor="D0N39"/>
            <port dstActor="D0N26" name="p89" srcActor="D0N0"/>
            <port dstActor="D0N16" name="p90" srcActor="D0N0"/>
            <port dstActor="D0N29" name="p91" srcActor="D0N0"/>
            <port dstActor="D0N13" name="p92" srcActor="D0N2"/>
            <port dstActor="D0N41" name="p93" srcActor="D0N2"/>
            <port dstActor="D0N40" name="p94" srcActor="D0N2"/>
            <port dstActor="D0N17" name="p95" srcActor="D0N2"/>
            <port dstActor="D0N9" name="p96" srcActor="D0N2"/>
            <port dstActor="D0N10" name="p97" srcActor="D0N2"/>
            <port dstActor="D0N24" name="p98" srcActor="D0N2"/>
            <port dstActor="D0N46" name="p99" srcActor="D0N42"/>
            <port dstActor="D0N47" name="p100" srcActor="D0N42"/>
        </ports>
    </mcdag>
    <cores number="3"/>
    <levels number="2"/>
</mcsystem>
