<?xml version="1.0" encoding="UTF-8" standalone="no"?>
<mcsystem>
    <mcdag deadline="2500" name="genned-0-ed-10.0-0">
        <actor name="D0N28">
            <wcet number="0">10</wcet>
            <wcet number="1">10</wcet>
            <maxpow number="0.584116674961554"/>
            <maxpow number="0.584116674961554"/>
            <fprob>0.0</fprob>
        </actor>
        <actor name="D0N24">
            <wcet number="0">40</wcet>
            <wcet number="1">120</wcet>
            <maxpow number="0.47630706123653604"/>
            <maxpow number="0.47630706123653604"/>
            <fprob>0.0</fprob>
        </actor>
        <actor name="D0N4">
            <wcet number="0">120</wcet>
            <wcet number="1">250</wcet>
            <maxpow number="0.6545908366533906"/>
            <maxpow number="0.6545908366533906"/>
            <fprob>0.0</fprob>
        </actor>
        <actor name="D0N2">
            <wcet number="0">30</wcet>
            <wcet number="1">270</wcet>
            <maxpow number="0.6358255120265907"/>
            <maxpow number="0.6358255120265907"/>
            <fprob>0.0</fprob>
        </actor>
        <actor name="D0N1">
            <wcet number="0">40</wcet>
            <wcet number="1">60</wcet>
            <maxpow number="0.8466125433036303"/>
            <maxpow number="0.8466125433036303"/>
            <fprob>0.0</fprob>
        </actor>
        <actor name="D0N7">
            <wcet number="0">50</wcet>
            <wcet number="1">50</wcet>
            <maxpow number="0.5348665637827401"/>
            <maxpow number="0.5348665637827401"/>
            <fprob>0.0</fprob>
        </actor>
        <actor name="D0N45">
            <wcet number="0">60</wcet>
            <wcet number="1">140</wcet>
            <maxpow number="0.4938202665438634"/>
            <maxpow number="0.4938202665438634"/>
            <fprob>0.0</fprob>
        </actor>
        <actor name="D0N23">
            <wcet number="0">10</wcet>
            <wcet number="1">10</wcet>
            <maxpow number="0.49663930159003067"/>
            <maxpow number="0.49663930159003067"/>
            <fprob>0.0</fprob>
        </actor>
        <actor name="D0N38">
            <wcet number="0">140</wcet>
            <wcet number="1">290</wcet>
            <maxpow number="0.7260798594050902"/>
            <maxpow number="0.7260798594050902"/>
            <fprob>0.0</fprob>
        </actor>
        <actor name="D0N32">
            <wcet number="0">10</wcet>
            <wcet number="1">130</wcet>
            <maxpow number="0.3887328485638589"/>
            <maxpow number="0.3887328485638589"/>
            <fprob>0.0</fprob>
        </actor>
        <actor name="D0N25">
            <wcet number="0">40</wcet>
            <wcet number="1">100</wcet>
            <maxpow number="0.6126267274094708"/>
            <maxpow number="0.6126267274094708"/>
            <fprob>0.0</fprob>
        </actor>
        <actor name="D0N5">
            <wcet number="0">60</wcet>
            <wcet number="1">120</wcet>
            <maxpow number="0.3831029678158405"/>
            <maxpow number="0.3831029678158405"/>
            <fprob>0.0</fprob>
        </actor>
        <actor name="D0N22">
            <wcet number="0">10</wcet>
            <wcet number="1">30</wcet>
            <maxpow number="0.43072289526530494"/>
            <maxpow number="0.43072289526530494"/>
            <fprob>0.0</fprob>
        </actor>
        <actor name="D0N34">
            <wcet number="0">120</wcet>
            <wcet number="1">120</wcet>
            <maxpow number="0.4995925595180081"/>
            <maxpow number="0.4995925595180081"/>
            <fprob>0.0</fprob>
        </actor>
        <actor name="D0N27">
            <wcet number="0">50</wcet>
            <wcet number="1">110</wcet>
            <maxpow number="0.8602135134070923"/>
            <maxpow number="0.8602135134070923"/>
            <fprob>0.0</fprob>
        </actor>
        <actor name="D0N36">
            <wcet number="0">70</wcet>
            <wcet number="1">120</wcet>
            <maxpow number="0.8585387382184098"/>
            <maxpow number="0.8585387382184098"/>
            <fprob>0.0</fprob>
        </actor>
        <actor name="D0N16">
            <wcet number="0">220</wcet>
            <wcet number="1">240</wcet>
            <maxpow number="0.5126501518185878"/>
            <maxpow number="0.5126501518185878"/>
            <fprob>0.0</fprob>
        </actor>
        <actor name="D0N10">
            <wcet number="0">10</wcet>
            <wcet number="1">90</wcet>
            <maxpow number="0.8234991926298174"/>
            <maxpow number="0.8234991926298174"/>
            <fprob>0.0</fprob>
        </actor>
        <actor name="D0N21">
            <wcet number="0">10</wcet>
            <wcet number="1">20</wcet>
            <maxpow number="0.03906912632484594"/>
            <maxpow number="0.03906912632484594"/>
            <fprob>0.0</fprob>
        </actor>
        <actor name="D0N44">
            <wcet number="0">400</wcet>
            <wcet number="1">450</wcet>
            <maxpow number="0.627478231510666"/>
            <maxpow number="0.627478231510666"/>
            <fprob>0.0</fprob>
        </actor>
        <actor name="D0N39">
            <wcet number="0">10</wcet>
            <wcet number="1">30</wcet>
            <maxpow number="0.3787997971266541"/>
            <maxpow number="0.3787997971266541"/>
            <fprob>0.0</fprob>
        </actor>
        <actor name="D0N31">
            <wcet number="0">140</wcet>
            <wcet number="1">230</wcet>
            <maxpow number="0.756942698277492"/>
            <maxpow number="0.756942698277492"/>
            <fprob>0.0</fprob>
        </actor>
        <actor name="D0N37">
            <wcet number="0">20</wcet>
            <wcet number="1">40</wcet>
            <maxpow number="0.4070898297287975"/>
            <maxpow number="0.4070898297287975"/>
            <fprob>0.0</fprob>
        </actor>
        <actor name="D0N15">
            <wcet number="0">20</wcet>
            <wcet number="1">50</wcet>
            <maxpow number="0.16145690448964634"/>
            <maxpow number="0.16145690448964634"/>
            <fprob>0.0</fprob>
        </actor>
        <actor name="D0N43">
            <wcet number="0">10</wcet>
            <wcet number="1">20</wcet>
            <maxpow number="0.7524715433457043"/>
            <maxpow number="0.7524715433457043"/>
            <fprob>0.0</fprob>
        </actor>
        <actor name="D0N30">
            <wcet number="0">70</wcet>
            <wcet number="1">180</wcet>
            <maxpow number="0.6723553325521869"/>
            <maxpow number="0.6723553325521869"/>
            <fprob>0.0</fprob>
        </actor>
        <actor name="D0N19">
            <wcet number="0">10</wcet>
            <wcet number="1">60</wcet>
            <maxpow number="-0.06379208089718258"/>
            <maxpow number="-0.06379208089718258"/>
            <fprob>0.0</fprob>
        </actor>
        <actor name="D0N46">
            <wcet number="0">20</wcet>
            <wcet number="1">20</wcet>
            <maxpow number="0.6756128089891793"/>
            <maxpow number="0.6756128089891793"/>
            <fprob>0.0</fprob>
        </actor>
        <actor name="D0N48">
            <wcet number="0">30</wcet>
            <wcet number="1">30</wcet>
            <maxpow number="0.5746687198617959"/>
            <maxpow number="0.5746687198617959"/>
            <fprob>0.0</fprob>
        </actor>
        <actor name="D0N8">
            <wcet number="0">60</wcet>
            <wcet number="1">60</wcet>
            <maxpow number="0.5868857679260109"/>
            <maxpow number="0.5868857679260109"/>
            <fprob>0.0</fprob>
        </actor>
        <actor name="D0N6">
            <wcet number="0">40</wcet>
            <wcet number="1">50</wcet>
            <maxpow number="0.7787299382637054"/>
            <maxpow number="0.7787299382637054"/>
            <fprob>0.0</fprob>
        </actor>
        <actor name="D0N3">
            <wcet number="0">30</wcet>
            <wcet number="1">180</wcet>
            <maxpow number="0.5495291045254442"/>
            <maxpow number="0.5495291045254442"/>
            <fprob>0.0</fprob>
        </actor>
        <actor name="D0N35">
            <wcet number="0">90</wcet>
            <wcet number="1">160</wcet>
            <maxpow number="0.32213463975056333"/>
            <maxpow number="0.32213463975056333"/>
            <fprob>0.0</fprob>
        </actor>
        <actor name="D0N42">
            <wcet number="0">10</wcet>
            <wcet number="1">10</wcet>
            <maxpow number="0.7598468412561621"/>
            <maxpow number="0.7598468412561621"/>
            <fprob>0.0</fprob>
        </actor>
        <actor name="D0N17">
            <wcet number="0">10</wcet>
            <wcet number="1">70</wcet>
            <maxpow number="0.4244833768722279"/>
            <maxpow number="0.4244833768722279"/>
            <fprob>0.0</fprob>
        </actor>
        <actor name="D0N40">
            <wcet number="0">80</wcet>
            <wcet number="1">320</wcet>
            <maxpow number="0.6564033555510744"/>
            <maxpow number="0.6564033555510744"/>
            <fprob>0.0</fprob>
        </actor>
        <actor name="D0N29">
            <wcet number="0">50</wcet>
            <wcet number="1">50</wcet>
            <maxpow number="0.6960735079855951"/>
            <maxpow number="0.6960735079855951"/>
            <fprob>0.0</fprob>
        </actor>
        <actor name="D0N11">
            <wcet number="0">40</wcet>
            <wcet number="1">200</wcet>
            <maxpow number="0.6501543983700175"/>
            <maxpow number="0.6501543983700175"/>
            <fprob>0.0</fprob>
        </actor>
        <actor name="D0N33">
            <wcet number="0">10</wcet>
            <wcet number="1">10</wcet>
            <maxpow number="0.6032081152125519"/>
            <maxpow number="0.6032081152125519"/>
            <fprob>0.0</fprob>
        </actor>
        <actor name="D0N47">
            <wcet number="0">10</wcet>
            <wcet number="1">30</wcet>
            <maxpow number="0.3747933105813398"/>
            <maxpow number="0.3747933105813398"/>
            <fprob>0.0</fprob>
        </actor>
        <actor name="D0N26">
            <wcet number="0">160</wcet>
            <wcet number="1">200</wcet>
            <maxpow number="0.38493227144582703"/>
            <maxpow number="0.38493227144582703"/>
            <fprob>0.0</fprob>
        </actor>
        <actor name="D0N0">
            <wcet number="0">10</wcet>
            <wcet number="1">170</wcet>
            <maxpow number="0.7724957020937708"/>
            <maxpow number="0.7724957020937708"/>
            <fprob>0.0</fprob>
        </actor>
        <actor name="D0N12">
            <wcet number="0">60</wcet>
            <wcet number="1">60</wcet>
            <maxpow number="0.5366926880291392"/>
            <maxpow number="0.5366926880291392"/>
            <fprob>0.0</fprob>
        </actor>
        <actor name="D0N13">
            <wcet number="0">80</wcet>
            <wcet number="1">80</wcet>
            <maxpow number="0.4046157688520672"/>
            <maxpow number="0.4046157688520672"/>
            <fprob>0.0</fprob>
        </actor>
        <actor name="D0N20">
            <wcet number="0">20</wcet>
            <wcet number="1">50</wcet>
            <maxpow number="0.6657600528053897"/>
            <maxpow number="0.6657600528053897"/>
            <fprob>0.0</fprob>
        </actor>
        <actor name="D0N9">
            <wcet number="0">120</wcet>
            <wcet number="1">160</wcet>
            <maxpow number="0.2323731095717415"/>
            <maxpow number="0.2323731095717415"/>
            <fprob>0.0</fprob>
        </actor>
        <actor name="D0N18">
            <wcet number="0">160</wcet>
            <wcet number="1">300</wcet>
            <maxpow number="0.6079460073904877"/>
            <maxpow number="0.6079460073904877"/>
            <fprob>0.0</fprob>
        </actor>
        <actor name="D0N41">
            <wcet number="0">260</wcet>
            <wcet number="1">280</wcet>
            <maxpow number="0.673474488083774"/>
            <maxpow number="0.673474488083774"/>
            <fprob>0.0</fprob>
        </actor>
        <actor name="D0N49">
            <wcet number="0">80</wcet>
            <wcet number="1">420</wcet>
            <maxpow number="0.313020955320913"/>
            <maxpow number="0.313020955320913"/>
            <fprob>0.0</fprob>
        </actor>
        <actor name="D0N14">
            <wcet number="0">200</wcet>
            <wcet number="1">250</wcet>
            <maxpow number="0.41431511167937785"/>
            <maxpow number="0.41431511167937785"/>
            <fprob>0.0</fprob>
        </actor>
        <ports>
            <port dstActor="D0N41" name="p0" srcActor="D0N28"/>
            <port dstActor="D0N29" name="p1" srcActor="D0N24"/>
            <port dstActor="D0N38" name="p2" srcActor="D0N24"/>
            <port dstActor="D0N49" name="p3" srcActor="D0N24"/>
            <port dstActor="D0N36" name="p4" srcActor="D0N24"/>
            <port dstActor="D0N43" name="p5" srcActor="D0N24"/>
            <port dstActor="D0N42" name="p6" srcActor="D0N24"/>
            <port dstActor="D0N25" name="p7" srcActor="D0N24"/>
            <port dstActor="D0N37" name="p8" srcActor="D0N4"/>
            <port dstActor="D0N17" name="p9" srcActor="D0N4"/>
            <port dstActor="D0N32" name="p10" srcActor="D0N4"/>
            <port dstActor="D0N20" name="p11" srcActor="D0N4"/>
            <port dstActor="D0N40" name="p12" srcActor="D0N4"/>
            <port dstActor="D0N25" name="p13" srcActor="D0N2"/>
            <port dstActor="D0N12" name="p14" srcActor="D0N2"/>
            <port dstActor="D0N32" name="p15" srcActor="D0N2"/>
            <port dstActor="D0N6" name="p16" srcActor="D0N2"/>
            <port dstActor="D0N3" name="p17" srcActor="D0N1"/>
            <port dstActor="D0N10" name="p18" srcActor="D0N1"/>
            <port dstActor="D0N22" name="p19" srcActor="D0N1"/>
            <port dstActor="D0N19" name="p20" srcActor="D0N1"/>
            <port dstActor="D0N47" name="p21" srcActor="D0N1"/>
            <port dstActor="D0N11" name="p22" srcActor="D0N1"/>
            <port dstActor="D0N10" name="p23" srcActor="D0N7"/>
            <port dstActor="D0N47" name="p24" srcActor="D0N7"/>
            <port dstActor="D0N25" name="p25" srcActor="D0N7"/>
            <port dstActor="D0N29" name="p26" srcActor="D0N7"/>
            <port dstActor="D0N48" name="p27" srcActor="D0N7"/>
            <port dstActor="D0N41" name="p28" srcActor="D0N23"/>
            <port dstActor="D0N35" name="p29" srcActor="D0N23"/>
            <port dstActor="D0N44" name="p30" srcActor="D0N32"/>
            <port dstActor="D0N49" name="p31" srcActor="D0N25"/>
            <port dstActor="D0N45" name="p32" srcActor="D0N25"/>
            <port dstActor="D0N42" name="p33" srcActor="D0N25"/>
            <port dstActor="D0N48" name="p34" srcActor="D0N25"/>
            <port dstActor="D0N12" name="p35" srcActor="D0N5"/>
            <port dstActor="D0N29" name="p36" srcActor="D0N5"/>
            <port dstActor="D0N47" name="p37" srcActor="D0N5"/>
            <port dstActor="D0N26" name="p38" srcActor="D0N5"/>
            <port dstActor="D0N35" name="p39" srcActor="D0N22"/>
            <port dstActor="D0N31" name="p40" srcActor="D0N22"/>
            <port dstActor="D0N37" name="p41" srcActor="D0N22"/>
            <port dstActor="D0N26" name="p42" srcActor="D0N22"/>
            <port dstActor="D0N34" name="p43" srcActor="D0N22"/>
            <port dstActor="D0N31" name="p44" srcActor="D0N27"/>
            <port dstActor="D0N42" name="p45" srcActor="D0N27"/>
            <port dstActor="D0N37" name="p46" srcActor="D0N36"/>
            <port dstActor="D0N28" name="p47" srcActor="D0N16"/>
            <port dstActor="D0N20" name="p48" srcActor="D0N16"/>
            <port dstActor="D0N29" name="p49" srcActor="D0N10"/>
            <port dstActor="D0N13" name="p50" srcActor="D0N10"/>
            <port dstActor="D0N23" name="p51" srcActor="D0N21"/>
            <port dstActor="D0N35" name="p52" srcActor="D0N21"/>
            <port dstActor="D0N47" name="p53" srcActor="D0N21"/>
            <port dstActor="D0N32" name="p54" srcActor="D0N21"/>
            <port dstActor="D0N43" name="p55" srcActor="D0N39"/>
            <port dstActor="D0N49" name="p56" srcActor="D0N31"/>
            <port dstActor="D0N40" name="p57" srcActor="D0N37"/>
            <port dstActor="D0N44" name="p58" srcActor="D0N15"/>
            <port dstActor="D0N27" name="p59" srcActor="D0N15"/>
            <port dstActor="D0N39" name="p60" srcActor="D0N30"/>
            <port dstActor="D0N46" name="p61" srcActor="D0N19"/>
            <port dstActor="D0N47" name="p62" srcActor="D0N19"/>
            <port dstActor="D0N47" name="p63" srcActor="D0N46"/>
            <port dstActor="D0N49" name="p64" srcActor="D0N46"/>
            <port dstActor="D0N34" name="p65" srcActor="D0N8"/>
            <port dstActor="D0N47" name="p66" srcActor="D0N8"/>
            <port dstActor="D0N26" name="p67" srcActor="D0N8"/>
            <port dstActor="D0N30" name="p68" srcActor="D0N3"/>
            <port dstActor="D0N27" name="p69" srcActor="D0N3"/>
            <port dstActor="D0N47" name="p70" srcActor="D0N35"/>
            <port dstActor="D0N39" name="p71" srcActor="D0N35"/>
            <port dstActor="D0N45" name="p72" srcActor="D0N35"/>
            <port dstActor="D0N27" name="p73" srcActor="D0N17"/>
            <port dstActor="D0N39" name="p74" srcActor="D0N17"/>
            <port dstActor="D0N49" name="p75" srcActor="D0N40"/>
            <port dstActor="D0N44" name="p76" srcActor="D0N40"/>
            <port dstActor="D0N47" name="p77" srcActor="D0N40"/>
            <port dstActor="D0N44" name="p78" srcActor="D0N29"/>
            <port dstActor="D0N16" name="p79" srcActor="D0N11"/>
            <port dstActor="D0N17" name="p80" srcActor="D0N11"/>
            <port dstActor="D0N46" name="p81" srcActor="D0N11"/>
            <port dstActor="D0N26" name="p82" srcActor="D0N11"/>
            <port dstActor="D0N19" name="p83" srcActor="D0N11"/>
            <port dstActor="D0N48" name="p84" srcActor="D0N11"/>
            <port dstActor="D0N39" name="p85" srcActor="D0N33"/>
            <port dstActor="D0N42" name="p86" srcActor="D0N26"/>
            <port dstActor="D0N39" name="p87" srcActor="D0N26"/>
            <port dstActor="D0N28" name="p88" srcActor="D0N0"/>
            <port dstActor="D0N2" name="p89" srcActor="D0N0"/>
            <port dstActor="D0N14" name="p90" srcActor="D0N12"/>
            <port dstActor="D0N43" name="p91" srcActor="D0N12"/>
            <port dstActor="D0N48" name="p92" srcActor="D0N12"/>
            <port dstActor="D0N36" name="p93" srcActor="D0N12"/>
            <port dstActor="D0N29" name="p94" srcActor="D0N12"/>
            <port dstActor="D0N42" name="p95" srcActor="D0N13"/>
            <port dstActor="D0N43" name="p96" srcActor="D0N13"/>
            <port dstActor="D0N21" name="p97" srcActor="D0N13"/>
            <port dstActor="D0N49" name="p98" srcActor="D0N13"/>
            <port dstActor="D0N38" name="p99" srcActor="D0N13"/>
            <port dstActor="D0N21" name="p100" srcActor="D0N20"/>
            <port dstActor="D0N40" name="p101" srcActor="D0N9"/>
            <port dstActor="D0N36" name="p102" srcActor="D0N9"/>
            <port dstActor="D0N27" name="p103" srcActor="D0N9"/>
            <port dstActor="D0N28" name="p104" srcActor="D0N9"/>
            <port dstActor="D0N42" name="p105" srcActor="D0N18"/>
            <port dstActor="D0N30" name="p106" srcActor="D0N18"/>
            <port dstActor="D0N37" name="p107" srcActor="D0N18"/>
            <port dstActor="D0N23" name="p108" srcActor="D0N18"/>
            <port dstActor="D0N43" name="p109" srcActor="D0N41"/>
            <port dstActor="D0N47" name="p110" srcActor="D0N41"/>
            <port dstActor="D0N23" name="p111" srcActor="D0N14"/>
            <port dstActor="D0N26" name="p112" srcActor="D0N14"/>
        </ports>
    </mcdag>
    <cores number="3"/>
    <levels number="2"/>
</mcsystem>
