<?xml version="1.0" encoding="UTF-8" standalone="no"?>
<mcsystem>
    <mcdag deadline="5000" name="genned-0-ed-10.0-0">
        <actor name="D0N25">
            <wcet number="0">290</wcet>
            <wcet number="1">300</wcet>
            <maxpow number="0.7033062676868929"/>
            <maxpow number="0.7033062676868929"/>
            <fprob>0.0</fprob>
        </actor>
        <actor name="D0N42">
            <wcet number="0">20</wcet>
            <wcet number="1">20</wcet>
            <maxpow number="0.6230828206906519"/>
            <maxpow number="0.6230828206906519"/>
            <fprob>0.0</fprob>
        </actor>
        <actor name="D0N22">
            <wcet number="0">10</wcet>
            <wcet number="1">600</wcet>
            <maxpow number="0.9185813236382383"/>
            <maxpow number="0.9185813236382383"/>
            <fprob>0.0</fprob>
        </actor>
        <actor name="D0N43">
            <wcet number="0">20</wcet>
            <wcet number="1">50</wcet>
            <maxpow number="0.6348123608630808"/>
            <maxpow number="0.6348123608630808"/>
            <fprob>0.0</fprob>
        </actor>
        <actor name="D0N5">
            <wcet number="0">80</wcet>
            <wcet number="1">190</wcet>
            <maxpow number="0.2661195952831543"/>
            <maxpow number="0.2661195952831543"/>
            <fprob>0.0</fprob>
        </actor>
        <actor name="D0N10">
            <wcet number="0">60</wcet>
            <wcet number="1">580</wcet>
            <maxpow number="0.650128838763216"/>
            <maxpow number="0.650128838763216"/>
            <fprob>0.0</fprob>
        </actor>
        <actor name="D0N34">
            <wcet number="0">40</wcet>
            <wcet number="1">80</wcet>
            <maxpow number="0.5974900803538709"/>
            <maxpow number="0.5974900803538709"/>
            <fprob>0.0</fprob>
        </actor>
        <actor name="D0N2">
            <wcet number="0">30</wcet>
            <wcet number="1">50</wcet>
            <maxpow number="0.395728650697853"/>
            <maxpow number="0.395728650697853"/>
            <fprob>0.0</fprob>
        </actor>
        <actor name="D0N24">
            <wcet number="0">130</wcet>
            <wcet number="1">210</wcet>
            <maxpow number="0.6200096261170989"/>
            <maxpow number="0.6200096261170989"/>
            <fprob>0.0</fprob>
        </actor>
        <actor name="D0N36">
            <wcet number="0">220</wcet>
            <wcet number="1">250</wcet>
            <maxpow number="0.41800439926247435"/>
            <maxpow number="0.41800439926247435"/>
            <fprob>0.0</fprob>
        </actor>
        <actor name="D0N38">
            <wcet number="0">30</wcet>
            <wcet number="1">70</wcet>
            <maxpow number="0.42893012069808145"/>
            <maxpow number="0.42893012069808145"/>
            <fprob>0.0</fprob>
        </actor>
        <actor name="D0N11">
            <wcet number="0">190</wcet>
            <wcet number="1">260</wcet>
            <maxpow number="0.6515471390055979"/>
            <maxpow number="0.6515471390055979"/>
            <fprob>0.0</fprob>
        </actor>
        <actor name="D0N41">
            <wcet number="0">20</wcet>
            <wcet number="1">40</wcet>
            <maxpow number="0.7179898534367415"/>
            <maxpow number="0.7179898534367415"/>
            <fprob>0.0</fprob>
        </actor>
        <actor name="D0N6">
            <wcet number="0">390</wcet>
            <wcet number="1">410</wcet>
            <maxpow number="0.6690107788739263"/>
            <maxpow number="0.6690107788739263"/>
            <fprob>0.0</fprob>
        </actor>
        <actor name="D0N37">
            <wcet number="0">130</wcet>
            <wcet number="1">160</wcet>
            <maxpow number="0.4883741461603281"/>
            <maxpow number="0.4883741461603281"/>
            <fprob>0.0</fprob>
        </actor>
        <actor name="D0N21">
            <wcet number="0">10</wcet>
            <wcet number="1">10</wcet>
            <maxpow number="0.39018985388695504"/>
            <maxpow number="0.39018985388695504"/>
            <fprob>0.0</fprob>
        </actor>
        <actor name="D0N44">
            <wcet number="0">420</wcet>
            <wcet number="1">440</wcet>
            <maxpow number="0.6280120034337463"/>
            <maxpow number="0.6280120034337463"/>
            <fprob>0.0</fprob>
        </actor>
        <actor name="D0N12">
            <wcet number="0">250</wcet>
            <wcet number="1">350</wcet>
            <maxpow number="0.7962239102315292"/>
            <maxpow number="0.7962239102315292"/>
            <fprob>0.0</fprob>
        </actor>
        <actor name="D0N29">
            <wcet number="0">20</wcet>
            <wcet number="1">320</wcet>
            <maxpow number="0.29885719190938165"/>
            <maxpow number="0.29885719190938165"/>
            <fprob>0.0</fprob>
        </actor>
        <actor name="D0N14">
            <wcet number="0">150</wcet>
            <wcet number="1">190</wcet>
            <maxpow number="0.36532330312728656"/>
            <maxpow number="0.36532330312728656"/>
            <fprob>0.0</fprob>
        </actor>
        <actor name="D0N16">
            <wcet number="0">20</wcet>
            <wcet number="1">130</wcet>
            <maxpow number="0.49839584094595557"/>
            <maxpow number="0.49839584094595557"/>
            <fprob>0.0</fprob>
        </actor>
        <actor name="D0N1">
            <wcet number="0">220</wcet>
            <wcet number="1">540</wcet>
            <maxpow number="0.667611926893429"/>
            <maxpow number="0.667611926893429"/>
            <fprob>0.0</fprob>
        </actor>
        <actor name="D0N9">
            <wcet number="0">150</wcet>
            <wcet number="1">500</wcet>
            <maxpow number="0.4608414516666767"/>
            <maxpow number="0.4608414516666767"/>
            <fprob>0.0</fprob>
        </actor>
        <actor name="D0N47">
            <wcet number="0">180</wcet>
            <wcet number="1">310</wcet>
            <maxpow number="0.5187577087969797"/>
            <maxpow number="0.5187577087969797"/>
            <fprob>0.0</fprob>
        </actor>
        <actor name="D0N26">
            <wcet number="0">10</wcet>
            <wcet number="1">40</wcet>
            <maxpow number="0.6501836170405392"/>
            <maxpow number="0.6501836170405392"/>
            <fprob>0.0</fprob>
        </actor>
        <actor name="D0N8">
            <wcet number="0">120</wcet>
            <wcet number="1">510</wcet>
            <maxpow number="0.6689761113196794"/>
            <maxpow number="0.6689761113196794"/>
            <fprob>0.0</fprob>
        </actor>
        <actor name="D0N33">
            <wcet number="0">80</wcet>
            <wcet number="1">90</wcet>
            <maxpow number="0.5675266177537527"/>
            <maxpow number="0.5675266177537527"/>
            <fprob>0.0</fprob>
        </actor>
        <actor name="D0N20">
            <wcet number="0">50</wcet>
            <wcet number="1">170</wcet>
            <maxpow number="0.9063748113871533"/>
            <maxpow number="0.9063748113871533"/>
            <fprob>0.0</fprob>
        </actor>
        <actor name="D0N7">
            <wcet number="0">60</wcet>
            <wcet number="1">60</wcet>
            <maxpow number="0.7026901166301242"/>
            <maxpow number="0.7026901166301242"/>
            <fprob>0.0</fprob>
        </actor>
        <actor name="D0N30">
            <wcet number="0">410</wcet>
            <wcet number="1">500</wcet>
            <maxpow number="0.11509747047290086"/>
            <maxpow number="0.11509747047290086"/>
            <fprob>0.0</fprob>
        </actor>
        <actor name="D0N48">
            <wcet number="0">100</wcet>
            <wcet number="1">190</wcet>
            <maxpow number="0.6940232780259675"/>
            <maxpow number="0.6940232780259675"/>
            <fprob>0.0</fprob>
        </actor>
        <actor name="D0N4">
            <wcet number="0">10</wcet>
            <wcet number="1">10</wcet>
            <maxpow number="0.5441938421877875"/>
            <maxpow number="0.5441938421877875"/>
            <fprob>0.0</fprob>
        </actor>
        <actor name="D0N18">
            <wcet number="0">10</wcet>
            <wcet number="1">10</wcet>
            <maxpow number="0.49911369026106495"/>
            <maxpow number="0.49911369026106495"/>
            <fprob>0.0</fprob>
        </actor>
        <actor name="D0N35">
            <wcet number="0">170</wcet>
            <wcet number="1">340</wcet>
            <maxpow number="0.509111868607707"/>
            <maxpow number="0.509111868607707"/>
            <fprob>0.0</fprob>
        </actor>
        <actor name="D0N46">
            <wcet number="0">30</wcet>
            <wcet number="1">40</wcet>
            <maxpow number="0.4581266174161747"/>
            <maxpow number="0.4581266174161747"/>
            <fprob>0.0</fprob>
        </actor>
        <actor name="D0N45">
            <wcet number="0">20</wcet>
            <wcet number="1">50</wcet>
            <maxpow number="0.4610201511648107"/>
            <maxpow number="0.4610201511648107"/>
            <fprob>0.0</fprob>
        </actor>
        <actor name="D0N15">
            <wcet number="0">260</wcet>
            <wcet number="1">260</wcet>
            <maxpow number="0.6694224648080507"/>
            <maxpow number="0.6694224648080507"/>
            <fprob>0.0</fprob>
        </actor>
        <actor name="D0N17">
            <wcet number="0">220</wcet>
            <wcet number="1">270</wcet>
            <maxpow number="0.6944514117568769"/>
            <maxpow number="0.6944514117568769"/>
            <fprob>0.0</fprob>
        </actor>
        <actor name="D0N31">
            <wcet number="0">40</wcet>
            <wcet number="1">40</wcet>
            <maxpow number="0.5398977766112942"/>
            <maxpow number="0.5398977766112942"/>
            <fprob>0.0</fprob>
        </actor>
        <actor name="D0N40">
            <wcet number="0">470</wcet>
            <wcet number="1">490</wcet>
            <maxpow number="0.7025775867761117"/>
            <maxpow number="0.7025775867761117"/>
            <fprob>0.0</fprob>
        </actor>
        <actor name="D0N3">
            <wcet number="0">30</wcet>
            <wcet number="1">250</wcet>
            <maxpow number="0.35172072711600705"/>
            <maxpow number="0.35172072711600705"/>
            <fprob>0.0</fprob>
        </actor>
        <actor name="D0N28">
            <wcet number="0">300</wcet>
            <wcet number="1">370</wcet>
            <maxpow number="0.141836321318983"/>
            <maxpow number="0.141836321318983"/>
            <fprob>0.0</fprob>
        </actor>
        <actor name="D0N23">
            <wcet number="0">10</wcet>
            <wcet number="1">70</wcet>
            <maxpow number="0.3339995790790473"/>
            <maxpow number="0.3339995790790473"/>
            <fprob>0.0</fprob>
        </actor>
        <actor name="D0N39">
            <wcet number="0">200</wcet>
            <wcet number="1">290</wcet>
            <maxpow number="0.35187301878901756"/>
            <maxpow number="0.35187301878901756"/>
            <fprob>0.0</fprob>
        </actor>
        <actor name="D0N0">
            <wcet number="0">230</wcet>
            <wcet number="1">280</wcet>
            <maxpow number="0.42567708077174454"/>
            <maxpow number="0.42567708077174454"/>
            <fprob>0.0</fprob>
        </actor>
        <actor name="D0N13">
            <wcet number="0">40</wcet>
            <wcet number="1">100</wcet>
            <maxpow number="0.4908844600194868"/>
            <maxpow number="0.4908844600194868"/>
            <fprob>0.0</fprob>
        </actor>
        <actor name="D0N27">
            <wcet number="0">140</wcet>
            <wcet number="1">160</wcet>
            <maxpow number="0.60630940905074"/>
            <maxpow number="0.60630940905074"/>
            <fprob>0.0</fprob>
        </actor>
        <actor name="D0N32">
            <wcet number="0">20</wcet>
            <wcet number="1">160</wcet>
            <maxpow number="0.5981083558348049"/>
            <maxpow number="0.5981083558348049"/>
            <fprob>0.0</fprob>
        </actor>
        <actor name="D0N19">
            <wcet number="0">60</wcet>
            <wcet number="1">690</wcet>
            <maxpow number="0.6280636085333844"/>
            <maxpow number="0.6280636085333844"/>
            <fprob>0.0</fprob>
        </actor>
        <ports>
            <port dstActor="D0N36" name="p0" srcActor="D0N25"/>
            <port dstActor="D0N35" name="p1" srcActor="D0N25"/>
            <port dstActor="D0N47" name="p2" srcActor="D0N25"/>
            <port dstActor="D0N25" name="p3" srcActor="D0N22"/>
            <port dstActor="D0N30" name="p4" srcActor="D0N22"/>
            <port dstActor="D0N29" name="p5" srcActor="D0N22"/>
            <port dstActor="D0N46" name="p6" srcActor="D0N43"/>
            <port dstActor="D0N14" name="p7" srcActor="D0N5"/>
            <port dstActor="D0N22" name="p8" srcActor="D0N5"/>
            <port dstActor="D0N32" name="p9" srcActor="D0N5"/>
            <port dstActor="D0N15" name="p10" srcActor="D0N5"/>
            <port dstActor="D0N19" name="p11" srcActor="D0N5"/>
            <port dstActor="D0N27" name="p12" srcActor="D0N5"/>
            <port dstActor="D0N17" name="p13" srcActor="D0N10"/>
            <port dstActor="D0N11" name="p14" srcActor="D0N10"/>
            <port dstActor="D0N34" name="p15" srcActor="D0N10"/>
            <port dstActor="D0N48" name="p16" srcActor="D0N34"/>
            <port dstActor="D0N45" name="p17" srcActor="D0N34"/>
            <port dstActor="D0N38" name="p18" srcActor="D0N34"/>
            <port dstActor="D0N23" name="p19" srcActor="D0N2"/>
            <port dstActor="D0N8" name="p20" srcActor="D0N2"/>
            <port dstActor="D0N7" name="p21" srcActor="D0N2"/>
            <port dstActor="D0N27" name="p22" srcActor="D0N2"/>
            <port dstActor="D0N25" name="p23" srcActor="D0N24"/>
            <port dstActor="D0N31" name="p24" srcActor="D0N24"/>
            <port dstActor="D0N43" name="p25" srcActor="D0N38"/>
            <port dstActor="D0N47" name="p26" srcActor="D0N11"/>
            <port dstActor="D0N12" name="p27" srcActor="D0N11"/>
            <port dstActor="D0N30" name="p28" srcActor="D0N11"/>
            <port dstActor="D0N37" name="p29" srcActor="D0N11"/>
            <port dstActor="D0N28" name="p30" srcActor="D0N11"/>
            <port dstActor="D0N26" name="p31" srcActor="D0N11"/>
            <port dstActor="D0N9" name="p32" srcActor="D0N6"/>
            <port dstActor="D0N16" name="p33" srcActor="D0N6"/>
            <port dstActor="D0N19" name="p34" srcActor="D0N6"/>
            <port dstActor="D0N45" name="p35" srcActor="D0N37"/>
            <port dstActor="D0N43" name="p36" srcActor="D0N37"/>
            <port dstActor="D0N41" name="p37" srcActor="D0N21"/>
            <port dstActor="D0N48" name="p38" srcActor="D0N21"/>
            <port dstActor="D0N40" name="p39" srcActor="D0N21"/>
            <port dstActor="D0N35" name="p40" srcActor="D0N21"/>
            <port dstActor="D0N42" name="p41" srcActor="D0N21"/>
            <port dstActor="D0N24" name="p42" srcActor="D0N12"/>
            <port dstActor="D0N37" name="p43" srcActor="D0N12"/>
            <port dstActor="D0N33" name="p44" srcActor="D0N12"/>
            <port dstActor="D0N14" name="p45" srcActor="D0N12"/>
            <port dstActor="D0N41" name="p46" srcActor="D0N29"/>
            <port dstActor="D0N39" name="p47" srcActor="D0N29"/>
            <port dstActor="D0N48" name="p48" srcActor="D0N29"/>
            <port dstActor="D0N47" name="p49" srcActor="D0N14"/>
            <port dstActor="D0N15" name="p50" srcActor="D0N14"/>
            <port dstActor="D0N17" name="p51" srcActor="D0N14"/>
            <port dstActor="D0N24" name="p52" srcActor="D0N14"/>
            <port dstActor="D0N46" name="p53" srcActor="D0N14"/>
            <port dstActor="D0N31" name="p54" srcActor="D0N16"/>
            <port dstActor="D0N25" name="p55" srcActor="D0N1"/>
            <port dstActor="D0N19" name="p56" srcActor="D0N1"/>
            <port dstActor="D0N47" name="p57" srcActor="D0N1"/>
            <port dstActor="D0N20" name="p58" srcActor="D0N1"/>
            <port dstActor="D0N21" name="p59" srcActor="D0N9"/>
            <port dstActor="D0N45" name="p60" srcActor="D0N9"/>
            <port dstActor="D0N20" name="p61" srcActor="D0N9"/>
            <port dstActor="D0N39" name="p62" srcActor="D0N9"/>
            <port dstActor="D0N27" name="p63" srcActor="D0N9"/>
            <port dstActor="D0N43" name="p64" srcActor="D0N9"/>
            <port dstActor="D0N34" name="p65" srcActor="D0N9"/>
            <port dstActor="D0N41" name="p66" srcActor="D0N8"/>
            <port dstActor="D0N33" name="p67" srcActor="D0N8"/>
            <port dstActor="D0N39" name="p68" srcActor="D0N8"/>
            <port dstActor="D0N36" name="p69" srcActor="D0N33"/>
            <port dstActor="D0N39" name="p70" srcActor="D0N33"/>
            <port dstActor="D0N35" name="p71" srcActor="D0N20"/>
            <port dstActor="D0N44" name="p72" srcActor="D0N20"/>
            <port dstActor="D0N26" name="p73" srcActor="D0N20"/>
            <port dstActor="D0N30" name="p74" srcActor="D0N20"/>
            <port dstActor="D0N38" name="p75" srcActor="D0N20"/>
            <port dstActor="D0N46" name="p76" srcActor="D0N20"/>
            <port dstActor="D0N44" name="p77" srcActor="D0N7"/>
            <port dstActor="D0N24" name="p78" srcActor="D0N7"/>
            <port dstActor="D0N14" name="p79" srcActor="D0N7"/>
            <port dstActor="D0N18" name="p80" srcActor="D0N7"/>
            <port dstActor="D0N26" name="p81" srcActor="D0N7"/>
            <port dstActor="D0N19" name="p82" srcActor="D0N7"/>
            <port dstActor="D0N22" name="p83" srcActor="D0N7"/>
            <port dstActor="D0N35" name="p84" srcActor="D0N30"/>
            <port dstActor="D0N40" name="p85" srcActor="D0N30"/>
            <port dstActor="D0N48" name="p86" srcActor="D0N30"/>
            <port dstActor="D0N47" name="p87" srcActor="D0N30"/>
            <port dstActor="D0N35" name="p88" srcActor="D0N4"/>
            <port dstActor="D0N29" name="p89" srcActor="D0N4"/>
            <port dstActor="D0N44" name="p90" srcActor="D0N4"/>
            <port dstActor="D0N26" name="p91" srcActor="D0N4"/>
            <port dstActor="D0N28" name="p92" srcActor="D0N4"/>
            <port dstActor="D0N16" name="p93" srcActor="D0N4"/>
            <port dstActor="D0N39" name="p94" srcActor="D0N4"/>
            <port dstActor="D0N34" name="p95" srcActor="D0N18"/>
            <port dstActor="D0N38" name="p96" srcActor="D0N18"/>
            <port dstActor="D0N22" name="p97" srcActor="D0N18"/>
            <port dstActor="D0N43" name="p98" srcActor="D0N18"/>
            <port dstActor="D0N37" name="p99" srcActor="D0N35"/>
            <port dstActor="D0N47" name="p100" srcActor="D0N35"/>
            <port dstActor="D0N44" name="p101" srcActor="D0N35"/>
            <port dstActor="D0N46" name="p102" srcActor="D0N35"/>
            <port dstActor="D0N48" name="p103" srcActor="D0N45"/>
            <port dstActor="D0N30" name="p104" srcActor="D0N15"/>
            <port dstActor="D0N23" name="p105" srcActor="D0N15"/>
            <port dstActor="D0N47" name="p106" srcActor="D0N15"/>
            <port dstActor="D0N25" name="p107" srcActor="D0N15"/>
            <port dstActor="D0N26" name="p108" srcActor="D0N17"/>
            <port dstActor="D0N45" name="p109" srcActor="D0N31"/>
            <port dstActor="D0N32" name="p110" srcActor="D0N31"/>
            <port dstActor="D0N38" name="p111" srcActor="D0N31"/>
            <port dstActor="D0N47" name="p112" srcActor="D0N40"/>
            <port dstActor="D0N18" name="p113" srcActor="D0N3"/>
            <port dstActor="D0N40" name="p114" srcActor="D0N3"/>
            <port dstActor="D0N16" name="p115" srcActor="D0N3"/>
            <port dstActor="D0N48" name="p116" srcActor="D0N3"/>
            <port dstActor="D0N42" name="p117" srcActor="D0N28"/>
            <port dstActor="D0N27" name="p118" srcActor="D0N23"/>
            <port dstActor="D0N26" name="p119" srcActor="D0N23"/>
            <port dstActor="D0N44" name="p120" srcActor="D0N39"/>
            <port dstActor="D0N35" name="p121" srcActor="D0N0"/>
            <port dstActor="D0N1" name="p122" srcActor="D0N0"/>
            <port dstActor="D0N45" name="p123" srcActor="D0N0"/>
            <port dstActor="D0N13" name="p124" srcActor="D0N0"/>
            <port dstActor="D0N34" name="p125" srcActor="D0N0"/>
            <port dstActor="D0N46" name="p126" srcActor="D0N13"/>
            <port dstActor="D0N35" name="p127" srcActor="D0N27"/>
            <port dstActor="D0N42" name="p128" srcActor="D0N27"/>
            <port dstActor="D0N43" name="p129" srcActor="D0N27"/>
            <port dstActor="D0N24" name="p130" srcActor="D0N19"/>
            <port dstActor="D0N44" name="p131" srcActor="D0N19"/>
        </ports>
    </mcdag>
    <cores number="3"/>
    <levels number="2"/>
</mcsystem>
