<?xml version="1.0" encoding="UTF-8" standalone="no"?>
<mcsystem>
    <mcdag deadline="4000" name="genned-0-ed-10.0-0">
        <actor name="D0N19">
            <wcet number="0">10</wcet>
            <wcet number="1">40</wcet>
            <maxpow number="0.731095054004938"/>
            <maxpow number="0.731095054004938"/>
            <fprob>0.0</fprob>
        </actor>
        <actor name="D0N7">
            <wcet number="0">490</wcet>
            <wcet number="1">1010</wcet>
            <maxpow number="0.5158349363810099"/>
            <maxpow number="0.5158349363810099"/>
            <fprob>0.0</fprob>
        </actor>
        <actor name="D0N9">
            <wcet number="0">50</wcet>
            <wcet number="1">50</wcet>
            <maxpow number="0.6212438832584952"/>
            <maxpow number="0.6212438832584952"/>
            <fprob>0.0</fprob>
        </actor>
        <actor name="D0N15">
            <wcet number="0">50</wcet>
            <wcet number="1">80</wcet>
            <maxpow number="0.6063596235986152"/>
            <maxpow number="0.6063596235986152"/>
            <fprob>0.0</fprob>
        </actor>
        <actor name="D0N33">
            <wcet number="0">630</wcet>
            <wcet number="1">630</wcet>
            <maxpow number="0.32853971008800886"/>
            <maxpow number="0.32853971008800886"/>
            <fprob>0.0</fprob>
        </actor>
        <actor name="D0N13">
            <wcet number="0">440</wcet>
            <wcet number="1">510</wcet>
            <maxpow number="0.34345775634385944"/>
            <maxpow number="0.34345775634385944"/>
            <fprob>0.0</fprob>
        </actor>
        <actor name="D0N21">
            <wcet number="0">150</wcet>
            <wcet number="1">200</wcet>
            <maxpow number="0.7403250418363208"/>
            <maxpow number="0.7403250418363208"/>
            <fprob>0.0</fprob>
        </actor>
        <actor name="D0N2">
            <wcet number="0">110</wcet>
            <wcet number="1">170</wcet>
            <maxpow number="0.8991524860307715"/>
            <maxpow number="0.8991524860307715"/>
            <fprob>0.0</fprob>
        </actor>
        <actor name="D0N4">
            <wcet number="0">30</wcet>
            <wcet number="1">140</wcet>
            <maxpow number="0.7223414624052482"/>
            <maxpow number="0.7223414624052482"/>
            <fprob>0.0</fprob>
        </actor>
        <actor name="D0N43">
            <wcet number="0">40</wcet>
            <wcet number="1">80</wcet>
            <maxpow number="0.37233510906405654"/>
            <maxpow number="0.37233510906405654"/>
            <fprob>0.0</fprob>
        </actor>
        <actor name="D0N24">
            <wcet number="0">40</wcet>
            <wcet number="1">110</wcet>
            <maxpow number="0.7500161447176966"/>
            <maxpow number="0.7500161447176966"/>
            <fprob>0.0</fprob>
        </actor>
        <actor name="D0N42">
            <wcet number="0">80</wcet>
            <wcet number="1">380</wcet>
            <maxpow number="0.711842557529381"/>
            <maxpow number="0.711842557529381"/>
            <fprob>0.0</fprob>
        </actor>
        <actor name="D0N20">
            <wcet number="0">30</wcet>
            <wcet number="1">60</wcet>
            <maxpow number="0.3059569267924732"/>
            <maxpow number="0.3059569267924732"/>
            <fprob>0.0</fprob>
        </actor>
        <actor name="D0N32">
            <wcet number="0">130</wcet>
            <wcet number="1">190</wcet>
            <maxpow number="0.8457802008984747"/>
            <maxpow number="0.8457802008984747"/>
            <fprob>0.0</fprob>
        </actor>
        <actor name="D0N45">
            <wcet number="0">10</wcet>
            <wcet number="1">30</wcet>
            <maxpow number="0.5573991380685371"/>
            <maxpow number="0.5573991380685371"/>
            <fprob>0.0</fprob>
        </actor>
        <actor name="D0N22">
            <wcet number="0">60</wcet>
            <wcet number="1">220</wcet>
            <maxpow number="0.42400866180677177"/>
            <maxpow number="0.42400866180677177"/>
            <fprob>0.0</fprob>
        </actor>
        <actor name="D0N27">
            <wcet number="0">30</wcet>
            <wcet number="1">30</wcet>
            <maxpow number="0.396247765058642"/>
            <maxpow number="0.396247765058642"/>
            <fprob>0.0</fprob>
        </actor>
        <actor name="D0N26">
            <wcet number="0">10</wcet>
            <wcet number="1">10</wcet>
            <maxpow number="0.5923705002626614"/>
            <maxpow number="0.5923705002626614"/>
            <fprob>0.0</fprob>
        </actor>
        <actor name="D0N5">
            <wcet number="0">200</wcet>
            <wcet number="1">230</wcet>
            <maxpow number="0.3341968822568925"/>
            <maxpow number="0.3341968822568925"/>
            <fprob>0.0</fprob>
        </actor>
        <actor name="D0N12">
            <wcet number="0">150</wcet>
            <wcet number="1">150</wcet>
            <maxpow number="0.6510341057865763"/>
            <maxpow number="0.6510341057865763"/>
            <fprob>0.0</fprob>
        </actor>
        <actor name="D0N41">
            <wcet number="0">180</wcet>
            <wcet number="1">360</wcet>
            <maxpow number="0.6083478292029598"/>
            <maxpow number="0.6083478292029598"/>
            <fprob>0.0</fprob>
        </actor>
        <actor name="D0N49">
            <wcet number="0">20</wcet>
            <wcet number="1">30</wcet>
            <maxpow number="0.5365987716757376"/>
            <maxpow number="0.5365987716757376"/>
            <fprob>0.0</fprob>
        </actor>
        <actor name="D0N8">
            <wcet number="0">20</wcet>
            <wcet number="1">20</wcet>
            <maxpow number="0.5754448765153829"/>
            <maxpow number="0.5754448765153829"/>
            <fprob>0.0</fprob>
        </actor>
        <actor name="D0N36">
            <wcet number="0">10</wcet>
            <wcet number="1">550</wcet>
            <maxpow number="0.7551476671931242"/>
            <maxpow number="0.7551476671931242"/>
            <fprob>0.0</fprob>
        </actor>
        <actor name="D0N10">
            <wcet number="0">30</wcet>
            <wcet number="1">50</wcet>
            <maxpow number="0.38370764238361627"/>
            <maxpow number="0.38370764238361627"/>
            <fprob>0.0</fprob>
        </actor>
        <actor name="D0N30">
            <wcet number="0">40</wcet>
            <wcet number="1">50</wcet>
            <maxpow number="0.6455373525541878"/>
            <maxpow number="0.6455373525541878"/>
            <fprob>0.0</fprob>
        </actor>
        <actor name="D0N35">
            <wcet number="0">700</wcet>
            <wcet number="1">710</wcet>
            <maxpow number="0.2990067042909224"/>
            <maxpow number="0.2990067042909224"/>
            <fprob>0.0</fprob>
        </actor>
        <actor name="D0N25">
            <wcet number="0">30</wcet>
            <wcet number="1">480</wcet>
            <maxpow number="0.32070577863067207"/>
            <maxpow number="0.32070577863067207"/>
            <fprob>0.0</fprob>
        </actor>
        <actor name="D0N37">
            <wcet number="0">80</wcet>
            <wcet number="1">190</wcet>
            <maxpow number="0.48990704730573204"/>
            <maxpow number="0.48990704730573204"/>
            <fprob>0.0</fprob>
        </actor>
        <actor name="D0N40">
            <wcet number="0">50</wcet>
            <wcet number="1">90</wcet>
            <maxpow number="0.3805881570060148"/>
            <maxpow number="0.3805881570060148"/>
            <fprob>0.0</fprob>
        </actor>
        <actor name="D0N0">
            <wcet number="0">10</wcet>
            <wcet number="1">50</wcet>
            <maxpow number="0.4835926978947627"/>
            <maxpow number="0.4835926978947627"/>
            <fprob>0.0</fprob>
        </actor>
        <actor name="D0N44">
            <wcet number="0">10</wcet>
            <wcet number="1">50</wcet>
            <maxpow number="0.6262447986485392"/>
            <maxpow number="0.6262447986485392"/>
            <fprob>0.0</fprob>
        </actor>
        <actor name="D0N17">
            <wcet number="0">290</wcet>
            <wcet number="1">360</wcet>
            <maxpow number="0.6152924477334974"/>
            <maxpow number="0.6152924477334974"/>
            <fprob>0.0</fprob>
        </actor>
        <actor name="D0N3">
            <wcet number="0">140</wcet>
            <wcet number="1">180</wcet>
            <maxpow number="0.6513195045180291"/>
            <maxpow number="0.6513195045180291"/>
            <fprob>0.0</fprob>
        </actor>
        <actor name="D0N46">
            <wcet number="0">70</wcet>
            <wcet number="1">130</wcet>
            <maxpow number="0.7591312108027283"/>
            <maxpow number="0.7591312108027283"/>
            <fprob>0.0</fprob>
        </actor>
        <actor name="D0N47">
            <wcet number="0">160</wcet>
            <wcet number="1">170</wcet>
            <maxpow number="0.11363732227875462"/>
            <maxpow number="0.11363732227875462"/>
            <fprob>0.0</fprob>
        </actor>
        <actor name="D0N1">
            <wcet number="0">40</wcet>
            <wcet number="1">40</wcet>
            <maxpow number="0.6975700165213937"/>
            <maxpow number="0.6975700165213937"/>
            <fprob>0.0</fprob>
        </actor>
        <actor name="D0N16">
            <wcet number="0">20</wcet>
            <wcet number="1">100</wcet>
            <maxpow number="0.6586899551638795"/>
            <maxpow number="0.6586899551638795"/>
            <fprob>0.0</fprob>
        </actor>
        <actor name="D0N18">
            <wcet number="0">630</wcet>
            <wcet number="1">820</wcet>
            <maxpow number="0.729762273236886"/>
            <maxpow number="0.729762273236886"/>
            <fprob>0.0</fprob>
        </actor>
        <actor name="D0N38">
            <wcet number="0">100</wcet>
            <wcet number="1">100</wcet>
            <maxpow number="0.712441104775005"/>
            <maxpow number="0.712441104775005"/>
            <fprob>0.0</fprob>
        </actor>
        <actor name="D0N48">
            <wcet number="0">10</wcet>
            <wcet number="1">140</wcet>
            <maxpow number="0.8482144079543653"/>
            <maxpow number="0.8482144079543653"/>
            <fprob>0.0</fprob>
        </actor>
        <actor name="D0N14">
            <wcet number="0">20</wcet>
            <wcet number="1">20</wcet>
            <maxpow number="0.4981167871859359"/>
            <maxpow number="0.4981167871859359"/>
            <fprob>0.0</fprob>
        </actor>
        <actor name="D0N34">
            <wcet number="0">60</wcet>
            <wcet number="1">440</wcet>
            <maxpow number="0.5988115287831693"/>
            <maxpow number="0.5988115287831693"/>
            <fprob>0.0</fprob>
        </actor>
        <actor name="D0N28">
            <wcet number="0">40</wcet>
            <wcet number="1">80</wcet>
            <maxpow number="0.39995924389105125"/>
            <maxpow number="0.39995924389105125"/>
            <fprob>0.0</fprob>
        </actor>
        <actor name="D0N11">
            <wcet number="0">50</wcet>
            <wcet number="1">50</wcet>
            <maxpow number="0.6281949738482556"/>
            <maxpow number="0.6281949738482556"/>
            <fprob>0.0</fprob>
        </actor>
        <actor name="D0N31">
            <wcet number="0">170</wcet>
            <wcet number="1">170</wcet>
            <maxpow number="0.9936386109880275"/>
            <maxpow number="0.9936386109880275"/>
            <fprob>0.0</fprob>
        </actor>
        <actor name="D0N39">
            <wcet number="0">160</wcet>
            <wcet number="1">250</wcet>
            <maxpow number="0.7680010116734521"/>
            <maxpow number="0.7680010116734521"/>
            <fprob>0.0</fprob>
        </actor>
        <actor name="D0N23">
            <wcet number="0">170</wcet>
            <wcet number="1">330</wcet>
            <maxpow number="0.7015527123562882"/>
            <maxpow number="0.7015527123562882"/>
            <fprob>0.0</fprob>
        </actor>
        <actor name="D0N6">
            <wcet number="0">330</wcet>
            <wcet number="1">340</wcet>
            <maxpow number="0.5313244494929938"/>
            <maxpow number="0.5313244494929938"/>
            <fprob>0.0</fprob>
        </actor>
        <actor name="D0N29">
            <wcet number="0">110</wcet>
            <wcet number="1">130</wcet>
            <maxpow number="0.800132691763549"/>
            <maxpow number="0.800132691763549"/>
            <fprob>0.0</fprob>
        </actor>
        <ports>
            <port dstActor="D0N43" name="p0" srcActor="D0N19"/>
            <port dstActor="D0N22" name="p1" srcActor="D0N19"/>
            <port dstActor="D0N26" name="p2" srcActor="D0N19"/>
            <port dstActor="D0N14" name="p3" srcActor="D0N7"/>
            <port dstActor="D0N49" name="p4" srcActor="D0N7"/>
            <port dstActor="D0N41" name="p5" srcActor="D0N7"/>
            <port dstActor="D0N15" name="p6" srcActor="D0N7"/>
            <port dstActor="D0N27" name="p7" srcActor="D0N7"/>
            <port dstActor="D0N35" name="p8" srcActor="D0N7"/>
            <port dstActor="D0N16" name="p9" srcActor="D0N7"/>
            <port dstActor="D0N17" name="p10" srcActor="D0N9"/>
            <port dstActor="D0N33" name="p11" srcActor="D0N9"/>
            <port dstActor="D0N45" name="p12" srcActor="D0N9"/>
            <port dstActor="D0N18" name="p13" srcActor="D0N15"/>
            <port dstActor="D0N46" name="p14" srcActor="D0N15"/>
            <port dstActor="D0N43" name="p15" srcActor="D0N15"/>
            <port dstActor="D0N49" name="p16" srcActor="D0N15"/>
            <port dstActor="D0N49" name="p17" srcActor="D0N33"/>
            <port dstActor="D0N40" name="p18" srcActor="D0N33"/>
            <port dstActor="D0N42" name="p19" srcActor="D0N33"/>
            <port dstActor="D0N28" name="p20" srcActor="D0N13"/>
            <port dstActor="D0N34" name="p21" srcActor="D0N13"/>
            <port dstActor="D0N24" name="p22" srcActor="D0N13"/>
            <port dstActor="D0N39" name="p23" srcActor="D0N13"/>
            <port dstActor="D0N36" name="p24" srcActor="D0N21"/>
            <port dstActor="D0N32" name="p25" srcActor="D0N21"/>
            <port dstActor="D0N48" name="p26" srcActor="D0N21"/>
            <port dstActor="D0N7" name="p27" srcActor="D0N2"/>
            <port dstActor="D0N42" name="p28" srcActor="D0N2"/>
            <port dstActor="D0N21" name="p29" srcActor="D0N2"/>
            <port dstActor="D0N34" name="p30" srcActor="D0N2"/>
            <port dstActor="D0N5" name="p31" srcActor="D0N2"/>
            <port dstActor="D0N3" name="p32" srcActor="D0N2"/>
            <port dstActor="D0N31" name="p33" srcActor="D0N2"/>
            <port dstActor="D0N33" name="p34" srcActor="D0N4"/>
            <port dstActor="D0N12" name="p35" srcActor="D0N4"/>
            <port dstActor="D0N20" name="p36" srcActor="D0N4"/>
            <port dstActor="D0N18" name="p37" srcActor="D0N4"/>
            <port dstActor="D0N25" name="p38" srcActor="D0N24"/>
            <port dstActor="D0N46" name="p39" srcActor="D0N24"/>
            <port dstActor="D0N45" name="p40" srcActor="D0N42"/>
            <port dstActor="D0N44" name="p41" srcActor="D0N42"/>
            <port dstActor="D0N37" name="p42" srcActor="D0N20"/>
            <port dstActor="D0N34" name="p43" srcActor="D0N20"/>
            <port dstActor="D0N33" name="p44" srcActor="D0N20"/>
            <port dstActor="D0N35" name="p45" srcActor="D0N32"/>
            <port dstActor="D0N41" name="p46" srcActor="D0N32"/>
            <port dstActor="D0N30" name="p47" srcActor="D0N22"/>
            <port dstActor="D0N45" name="p48" srcActor="D0N22"/>
            <port dstActor="D0N26" name="p49" srcActor="D0N22"/>
            <port dstActor="D0N43" name="p50" srcActor="D0N22"/>
            <port dstActor="D0N41" name="p51" srcActor="D0N27"/>
            <port dstActor="D0N28" name="p52" srcActor="D0N27"/>
            <port dstActor="D0N36" name="p53" srcActor="D0N27"/>
            <port dstActor="D0N38" name="p54" srcActor="D0N26"/>
            <port dstActor="D0N13" name="p55" srcActor="D0N5"/>
            <port dstActor="D0N32" name="p56" srcActor="D0N5"/>
            <port dstActor="D0N46" name="p57" srcActor="D0N5"/>
            <port dstActor="D0N26" name="p58" srcActor="D0N5"/>
            <port dstActor="D0N37" name="p59" srcActor="D0N5"/>
            <port dstActor="D0N30" name="p60" srcActor="D0N5"/>
            <port dstActor="D0N41" name="p61" srcActor="D0N5"/>
            <port dstActor="D0N49" name="p62" srcActor="D0N5"/>
            <port dstActor="D0N34" name="p63" srcActor="D0N12"/>
            <port dstActor="D0N49" name="p64" srcActor="D0N12"/>
            <port dstActor="D0N26" name="p65" srcActor="D0N12"/>
            <port dstActor="D0N20" name="p66" srcActor="D0N12"/>
            <port dstActor="D0N42" name="p67" srcActor="D0N41"/>
            <port dstActor="D0N14" name="p68" srcActor="D0N8"/>
            <port dstActor="D0N43" name="p69" srcActor="D0N36"/>
            <port dstActor="D0N16" name="p70" srcActor="D0N10"/>
            <port dstActor="D0N17" name="p71" srcActor="D0N10"/>
            <port dstActor="D0N34" name="p72" srcActor="D0N10"/>
            <port dstActor="D0N28" name="p73" srcActor="D0N10"/>
            <port dstActor="D0N44" name="p74" srcActor="D0N25"/>
            <port dstActor="D0N33" name="p75" srcActor="D0N25"/>
            <port dstActor="D0N37" name="p76" srcActor="D0N25"/>
            <port dstActor="D0N40" name="p77" srcActor="D0N37"/>
            <port dstActor="D0N42" name="p78" srcActor="D0N0"/>
            <port dstActor="D0N29" name="p79" srcActor="D0N0"/>
            <port dstActor="D0N12" name="p80" srcActor="D0N0"/>
            <port dstActor="D0N45" name="p81" srcActor="D0N44"/>
            <port dstActor="D0N32" name="p82" srcActor="D0N17"/>
            <port dstActor="D0N46" name="p83" srcActor="D0N17"/>
            <port dstActor="D0N29" name="p84" srcActor="D0N17"/>
            <port dstActor="D0N48" name="p85" srcActor="D0N3"/>
            <port dstActor="D0N16" name="p86" srcActor="D0N3"/>
            <port dstActor="D0N5" name="p87" srcActor="D0N3"/>
            <port dstActor="D0N36" name="p88" srcActor="D0N3"/>
            <port dstActor="D0N7" name="p89" srcActor="D0N1"/>
            <port dstActor="D0N32" name="p90" srcActor="D0N1"/>
            <port dstActor="D0N22" name="p91" srcActor="D0N1"/>
            <port dstActor="D0N21" name="p92" srcActor="D0N1"/>
            <port dstActor="D0N21" name="p93" srcActor="D0N16"/>
            <port dstActor="D0N34" name="p94" srcActor="D0N16"/>
            <port dstActor="D0N33" name="p95" srcActor="D0N18"/>
            <port dstActor="D0N34" name="p96" srcActor="D0N18"/>
            <port dstActor="D0N31" name="p97" srcActor="D0N18"/>
            <port dstActor="D0N30" name="p98" srcActor="D0N18"/>
            <port dstActor="D0N47" name="p99" srcActor="D0N18"/>
            <port dstActor="D0N41" name="p100" srcActor="D0N14"/>
            <port dstActor="D0N42" name="p101" srcActor="D0N34"/>
            <port dstActor="D0N30" name="p102" srcActor="D0N28"/>
            <port dstActor="D0N40" name="p103" srcActor="D0N11"/>
            <port dstActor="D0N25" name="p104" srcActor="D0N11"/>
            <port dstActor="D0N38" name="p105" srcActor="D0N11"/>
            <port dstActor="D0N44" name="p106" srcActor="D0N39"/>
            <port dstActor="D0N40" name="p107" srcActor="D0N39"/>
            <port dstActor="D0N29" name="p108" srcActor="D0N23"/>
            <port dstActor="D0N28" name="p109" srcActor="D0N23"/>
            <port dstActor="D0N47" name="p110" srcActor="D0N6"/>
            <port dstActor="D0N49" name="p111" srcActor="D0N6"/>
            <port dstActor="D0N17" name="p112" srcActor="D0N6"/>
            <port dstActor="D0N12" name="p113" srcActor="D0N6"/>
            <port dstActor="D0N39" name="p114" srcActor="D0N29"/>
            <port dstActor="D0N36" name="p115" srcActor="D0N29"/>
            <port dstActor="D0N43" name="p116" srcActor="D0N29"/>
            <port dstActor="D0N37" name="p117" srcActor="D0N29"/>
        </ports>
    </mcdag>
    <cores number="3"/>
    <levels number="2"/>
</mcsystem>
