<?xml version="1.0" encoding="UTF-8" standalone="no"?>
<mcsystem>
    <mcdag deadline="1200" name="genned-0-ed-10.0-0">
        <actor name="D0N41">
            <wcet number="0">20</wcet>
            <wcet number="1">20</wcet>
            <maxpow number="0.907143460764323"/>
            <maxpow number="0.907143460764323"/>
            <fprob>0.0</fprob>
        </actor>
        <actor name="D0N12">
            <wcet number="0">20</wcet>
            <wcet number="1">20</wcet>
            <maxpow number="0.551074863234839"/>
            <maxpow number="0.551074863234839"/>
            <fprob>0.0</fprob>
        </actor>
        <actor name="D0N42">
            <wcet number="0">40</wcet>
            <wcet number="1">50</wcet>
            <maxpow number="0.5751398297047868"/>
            <maxpow number="0.5751398297047868"/>
            <fprob>0.0</fprob>
        </actor>
        <actor name="D0N1">
            <wcet number="0">10</wcet>
            <wcet number="1">110</wcet>
            <maxpow number="0.598317822722623"/>
            <maxpow number="0.598317822722623"/>
            <fprob>0.0</fprob>
        </actor>
        <actor name="D0N13">
            <wcet number="0">20</wcet>
            <wcet number="1">20</wcet>
            <maxpow number="0.24171487845742445"/>
            <maxpow number="0.24171487845742445"/>
            <fprob>0.0</fprob>
        </actor>
        <actor name="D0N46">
            <wcet number="0">30</wcet>
            <wcet number="1">130</wcet>
            <maxpow number="0.6988697836659051"/>
            <maxpow number="0.6988697836659051"/>
            <fprob>0.0</fprob>
        </actor>
        <actor name="D0N4">
            <wcet number="0">10</wcet>
            <wcet number="1">10</wcet>
            <maxpow number="0.8608038421248769"/>
            <maxpow number="0.8608038421248769"/>
            <fprob>0.0</fprob>
        </actor>
        <actor name="D0N34">
            <wcet number="0">20</wcet>
            <wcet number="1">50</wcet>
            <maxpow number="0.7594046576200546"/>
            <maxpow number="0.7594046576200546"/>
            <fprob>0.0</fprob>
        </actor>
        <actor name="D0N36">
            <wcet number="0">20</wcet>
            <wcet number="1">30</wcet>
            <maxpow number="0.5422951480433365"/>
            <maxpow number="0.5422951480433365"/>
            <fprob>0.0</fprob>
        </actor>
        <actor name="D0N26">
            <wcet number="0">10</wcet>
            <wcet number="1">70</wcet>
            <maxpow number="0.44007835033346415"/>
            <maxpow number="0.44007835033346415"/>
            <fprob>0.0</fprob>
        </actor>
        <actor name="D0N19">
            <wcet number="0">80</wcet>
            <wcet number="1">80</wcet>
            <maxpow number="0.6011467614613623"/>
            <maxpow number="0.6011467614613623"/>
            <fprob>0.0</fprob>
        </actor>
        <actor name="D0N20">
            <wcet number="0">50</wcet>
            <wcet number="1">50</wcet>
            <maxpow number="0.3659067090090079"/>
            <maxpow number="0.3659067090090079"/>
            <fprob>0.0</fprob>
        </actor>
        <actor name="D0N11">
            <wcet number="0">10</wcet>
            <wcet number="1">30</wcet>
            <maxpow number="0.2862195953327784"/>
            <maxpow number="0.2862195953327784"/>
            <fprob>0.0</fprob>
        </actor>
        <actor name="D0N9">
            <wcet number="0">40</wcet>
            <wcet number="1">40</wcet>
            <maxpow number="1.0236526974157112"/>
            <maxpow number="1.0236526974157112"/>
            <fprob>0.0</fprob>
        </actor>
        <actor name="D0N18">
            <wcet number="0">10</wcet>
            <wcet number="1">10</wcet>
            <maxpow number="0.45769118945686366"/>
            <maxpow number="0.45769118945686366"/>
            <fprob>0.0</fprob>
        </actor>
        <actor name="D0N28">
            <wcet number="0">30</wcet>
            <wcet number="1">70</wcet>
            <maxpow number="0.3440554170663307"/>
            <maxpow number="0.3440554170663307"/>
            <fprob>0.0</fprob>
        </actor>
        <actor name="D0N8">
            <wcet number="0">30</wcet>
            <wcet number="1">110</wcet>
            <maxpow number="0.4288115013689128"/>
            <maxpow number="0.4288115013689128"/>
            <fprob>0.0</fprob>
        </actor>
        <actor name="D0N47">
            <wcet number="0">60</wcet>
            <wcet number="1">60</wcet>
            <maxpow number="0.3348697565958042"/>
            <maxpow number="0.3348697565958042"/>
            <fprob>0.0</fprob>
        </actor>
        <actor name="D0N14">
            <wcet number="0">10</wcet>
            <wcet number="1">140</wcet>
            <maxpow number="0.4124141163995565"/>
            <maxpow number="0.4124141163995565"/>
            <fprob>0.0</fprob>
        </actor>
        <actor name="D0N23">
            <wcet number="0">80</wcet>
            <wcet number="1">160</wcet>
            <maxpow number="0.2769921684953689"/>
            <maxpow number="0.2769921684953689"/>
            <fprob>0.0</fprob>
        </actor>
        <actor name="D0N31">
            <wcet number="0">10</wcet>
            <wcet number="1">40</wcet>
            <maxpow number="0.42483364151346115"/>
            <maxpow number="0.42483364151346115"/>
            <fprob>0.0</fprob>
        </actor>
        <actor name="D0N5">
            <wcet number="0">10</wcet>
            <wcet number="1">50</wcet>
            <maxpow number="0.6066039352832953"/>
            <maxpow number="0.6066039352832953"/>
            <fprob>0.0</fprob>
        </actor>
        <actor name="D0N25">
            <wcet number="0">30</wcet>
            <wcet number="1">40</wcet>
            <maxpow number="0.6900238921034563"/>
            <maxpow number="0.6900238921034563"/>
            <fprob>0.0</fprob>
        </actor>
        <actor name="D0N22">
            <wcet number="0">60</wcet>
            <wcet number="1">70</wcet>
            <maxpow number="0.4079075693054351"/>
            <maxpow number="0.4079075693054351"/>
            <fprob>0.0</fprob>
        </actor>
        <actor name="D0N15">
            <wcet number="0">90</wcet>
            <wcet number="1">230</wcet>
            <maxpow number="0.498722262337808"/>
            <maxpow number="0.498722262337808"/>
            <fprob>0.0</fprob>
        </actor>
        <actor name="D0N37">
            <wcet number="0">10</wcet>
            <wcet number="1">20</wcet>
            <maxpow number="0.5115537631920439"/>
            <maxpow number="0.5115537631920439"/>
            <fprob>0.0</fprob>
        </actor>
        <actor name="D0N7">
            <wcet number="0">30</wcet>
            <wcet number="1">50</wcet>
            <maxpow number="0.8017072185126783"/>
            <maxpow number="0.8017072185126783"/>
            <fprob>0.0</fprob>
        </actor>
        <actor name="D0N2">
            <wcet number="0">60</wcet>
            <wcet number="1">90</wcet>
            <maxpow number="0.5384926469388278"/>
            <maxpow number="0.5384926469388278"/>
            <fprob>0.0</fprob>
        </actor>
        <actor name="D0N48">
            <wcet number="0">40</wcet>
            <wcet number="1">130</wcet>
            <maxpow number="0.6868283385970526"/>
            <maxpow number="0.6868283385970526"/>
            <fprob>0.0</fprob>
        </actor>
        <actor name="D0N32">
            <wcet number="0">80</wcet>
            <wcet number="1">90</wcet>
            <maxpow number="0.6131022933196492"/>
            <maxpow number="0.6131022933196492"/>
            <fprob>0.0</fprob>
        </actor>
        <actor name="D0N16">
            <wcet number="0">20</wcet>
            <wcet number="1">20</wcet>
            <maxpow number="0.7569610189621322"/>
            <maxpow number="0.7569610189621322"/>
            <fprob>0.0</fprob>
        </actor>
        <actor name="D0N30">
            <wcet number="0">60</wcet>
            <wcet number="1">70</wcet>
            <maxpow number="0.5533904292964842"/>
            <maxpow number="0.5533904292964842"/>
            <fprob>0.0</fprob>
        </actor>
        <actor name="D0N21">
            <wcet number="0">200</wcet>
            <wcet number="1">280</wcet>
            <maxpow number="0.4385516202083554"/>
            <maxpow number="0.4385516202083554"/>
            <fprob>0.0</fprob>
        </actor>
        <actor name="D0N27">
            <wcet number="0">20</wcet>
            <wcet number="1">70</wcet>
            <maxpow number="0.7086573142327279"/>
            <maxpow number="0.7086573142327279"/>
            <fprob>0.0</fprob>
        </actor>
        <actor name="D0N40">
            <wcet number="0">120</wcet>
            <wcet number="1">150</wcet>
            <maxpow number="0.3371445377494199"/>
            <maxpow number="0.3371445377494199"/>
            <fprob>0.0</fprob>
        </actor>
        <actor name="D0N35">
            <wcet number="0">60</wcet>
            <wcet number="1">80</wcet>
            <maxpow number="0.3845371367938242"/>
            <maxpow number="0.3845371367938242"/>
            <fprob>0.0</fprob>
        </actor>
        <actor name="D0N10">
            <wcet number="0">30</wcet>
            <wcet number="1">60</wcet>
            <maxpow number="0.6198363340697831"/>
            <maxpow number="0.6198363340697831"/>
            <fprob>0.0</fprob>
        </actor>
        <actor name="D0N33">
            <wcet number="0">30</wcet>
            <wcet number="1">50</wcet>
            <maxpow number="0.5380836748137323"/>
            <maxpow number="0.5380836748137323"/>
            <fprob>0.0</fprob>
        </actor>
        <actor name="D0N29">
            <wcet number="0">90</wcet>
            <wcet number="1">150</wcet>
            <maxpow number="0.526430098134167"/>
            <maxpow number="0.526430098134167"/>
            <fprob>0.0</fprob>
        </actor>
        <actor name="D0N39">
            <wcet number="0">20</wcet>
            <wcet number="1">100</wcet>
            <maxpow number="0.658830767072903"/>
            <maxpow number="0.658830767072903"/>
            <fprob>0.0</fprob>
        </actor>
        <actor name="D0N43">
            <wcet number="0">20</wcet>
            <wcet number="1">30</wcet>
            <maxpow number="0.7500075793027687"/>
            <maxpow number="0.7500075793027687"/>
            <fprob>0.0</fprob>
        </actor>
        <actor name="D0N0">
            <wcet number="0">20</wcet>
            <wcet number="1">40</wcet>
            <maxpow number="0.46557061481964757"/>
            <maxpow number="0.46557061481964757"/>
            <fprob>0.0</fprob>
        </actor>
        <actor name="D0N44">
            <wcet number="0">30</wcet>
            <wcet number="1">80</wcet>
            <maxpow number="0.6558849696286086"/>
            <maxpow number="0.6558849696286086"/>
            <fprob>0.0</fprob>
        </actor>
        <actor name="D0N6">
            <wcet number="0">10</wcet>
            <wcet number="1">60</wcet>
            <maxpow number="0.5225441979059352"/>
            <maxpow number="0.5225441979059352"/>
            <fprob>0.0</fprob>
        </actor>
        <actor name="D0N3">
            <wcet number="0">20</wcet>
            <wcet number="1">20</wcet>
            <maxpow number="0.475028386938476"/>
            <maxpow number="0.475028386938476"/>
            <fprob>0.0</fprob>
        </actor>
        <actor name="D0N17">
            <wcet number="0">40</wcet>
            <wcet number="1">60</wcet>
            <maxpow number="0.34188375090115297"/>
            <maxpow number="0.34188375090115297"/>
            <fprob>0.0</fprob>
        </actor>
        <actor name="D0N24">
            <wcet number="0">10</wcet>
            <wcet number="1">10</wcet>
            <maxpow number="0.8832955282308963"/>
            <maxpow number="0.8832955282308963"/>
            <fprob>0.0</fprob>
        </actor>
        <actor name="D0N38">
            <wcet number="0">10</wcet>
            <wcet number="1">10</wcet>
            <maxpow number="0.8398788973153877"/>
            <maxpow number="0.8398788973153877"/>
            <fprob>0.0</fprob>
        </actor>
        <actor name="D0N45">
            <wcet number="0">70</wcet>
            <wcet number="1">70</wcet>
            <maxpow number="0.3953513030268192"/>
            <maxpow number="0.3953513030268192"/>
            <fprob>0.0</fprob>
        </actor>
        <ports>
            <port dstActor="D0N46" name="p0" srcActor="D0N41"/>
            <port dstActor="D0N17" name="p1" srcActor="D0N12"/>
            <port dstActor="D0N42" name="p2" srcActor="D0N12"/>
            <port dstActor="D0N29" name="p3" srcActor="D0N12"/>
            <port dstActor="D0N35" name="p4" srcActor="D0N12"/>
            <port dstActor="D0N14" name="p5" srcActor="D0N12"/>
            <port dstActor="D0N29" name="p6" srcActor="D0N1"/>
            <port dstActor="D0N24" name="p7" srcActor="D0N13"/>
            <port dstActor="D0N33" name="p8" srcActor="D0N13"/>
            <port dstActor="D0N47" name="p9" srcActor="D0N13"/>
            <port dstActor="D0N38" name="p10" srcActor="D0N13"/>
            <port dstActor="D0N44" name="p11" srcActor="D0N13"/>
            <port dstActor="D0N35" name="p12" srcActor="D0N4"/>
            <port dstActor="D0N26" name="p13" srcActor="D0N4"/>
            <port dstActor="D0N14" name="p14" srcActor="D0N4"/>
            <port dstActor="D0N37" name="p15" srcActor="D0N4"/>
            <port dstActor="D0N44" name="p16" srcActor="D0N34"/>
            <port dstActor="D0N48" name="p17" srcActor="D0N36"/>
            <port dstActor="D0N38" name="p18" srcActor="D0N36"/>
            <port dstActor="D0N42" name="p19" srcActor="D0N36"/>
            <port dstActor="D0N45" name="p20" srcActor="D0N26"/>
            <port dstActor="D0N47" name="p21" srcActor="D0N26"/>
            <port dstActor="D0N39" name="p22" srcActor="D0N26"/>
            <port dstActor="D0N46" name="p23" srcActor="D0N19"/>
            <port dstActor="D0N24" name="p24" srcActor="D0N19"/>
            <port dstActor="D0N40" name="p25" srcActor="D0N19"/>
            <port dstActor="D0N42" name="p26" srcActor="D0N20"/>
            <port dstActor="D0N24" name="p27" srcActor="D0N20"/>
            <port dstActor="D0N44" name="p28" srcActor="D0N20"/>
            <port dstActor="D0N47" name="p29" srcActor="D0N20"/>
            <port dstActor="D0N23" name="p30" srcActor="D0N11"/>
            <port dstActor="D0N45" name="p31" srcActor="D0N11"/>
            <port dstActor="D0N43" name="p32" srcActor="D0N9"/>
            <port dstActor="D0N22" name="p33" srcActor="D0N9"/>
            <port dstActor="D0N33" name="p34" srcActor="D0N9"/>
            <port dstActor="D0N44" name="p35" srcActor="D0N9"/>
            <port dstActor="D0N40" name="p36" srcActor="D0N18"/>
            <port dstActor="D0N38" name="p37" srcActor="D0N18"/>
            <port dstActor="D0N46" name="p38" srcActor="D0N18"/>
            <port dstActor="D0N48" name="p39" srcActor="D0N18"/>
            <port dstActor="D0N45" name="p40" srcActor="D0N28"/>
            <port dstActor="D0N42" name="p41" srcActor="D0N28"/>
            <port dstActor="D0N38" name="p42" srcActor="D0N28"/>
            <port dstActor="D0N43" name="p43" srcActor="D0N8"/>
            <port dstActor="D0N22" name="p44" srcActor="D0N8"/>
            <port dstActor="D0N20" name="p45" srcActor="D0N14"/>
            <port dstActor="D0N23" name="p46" srcActor="D0N14"/>
            <port dstActor="D0N43" name="p47" srcActor="D0N23"/>
            <port dstActor="D0N40" name="p48" srcActor="D0N23"/>
            <port dstActor="D0N37" name="p49" srcActor="D0N31"/>
            <port dstActor="D0N32" name="p50" srcActor="D0N5"/>
            <port dstActor="D0N34" name="p51" srcActor="D0N5"/>
            <port dstActor="D0N24" name="p52" srcActor="D0N5"/>
            <port dstActor="D0N45" name="p53" srcActor="D0N5"/>
            <port dstActor="D0N41" name="p54" srcActor="D0N25"/>
            <port dstActor="D0N39" name="p55" srcActor="D0N25"/>
            <port dstActor="D0N33" name="p56" srcActor="D0N25"/>
            <port dstActor="D0N46" name="p57" srcActor="D0N25"/>
            <port dstActor="D0N36" name="p58" srcActor="D0N25"/>
            <port dstActor="D0N25" name="p59" srcActor="D0N22"/>
            <port dstActor="D0N30" name="p60" srcActor="D0N22"/>
            <port dstActor="D0N35" name="p61" srcActor="D0N22"/>
            <port dstActor="D0N27" name="p62" srcActor="D0N15"/>
            <port dstActor="D0N47" name="p63" srcActor="D0N15"/>
            <port dstActor="D0N26" name="p64" srcActor="D0N15"/>
            <port dstActor="D0N23" name="p65" srcActor="D0N15"/>
            <port dstActor="D0N12" name="p66" srcActor="D0N7"/>
            <port dstActor="D0N42" name="p67" srcActor="D0N7"/>
            <port dstActor="D0N46" name="p68" srcActor="D0N7"/>
            <port dstActor="D0N11" name="p69" srcActor="D0N7"/>
            <port dstActor="D0N26" name="p70" srcActor="D0N7"/>
            <port dstActor="D0N44" name="p71" srcActor="D0N2"/>
            <port dstActor="D0N39" name="p72" srcActor="D0N2"/>
            <port dstActor="D0N43" name="p73" srcActor="D0N2"/>
            <port dstActor="D0N17" name="p74" srcActor="D0N2"/>
            <port dstActor="D0N34" name="p75" srcActor="D0N32"/>
            <port dstActor="D0N48" name="p76" srcActor="D0N32"/>
            <port dstActor="D0N47" name="p77" srcActor="D0N32"/>
            <port dstActor="D0N39" name="p78" srcActor="D0N16"/>
            <port dstActor="D0N27" name="p79" srcActor="D0N16"/>
            <port dstActor="D0N46" name="p80" srcActor="D0N30"/>
            <port dstActor="D0N36" name="p81" srcActor="D0N30"/>
            <port dstActor="D0N40" name="p82" srcActor="D0N30"/>
            <port dstActor="D0N29" name="p83" srcActor="D0N21"/>
            <port dstActor="D0N27" name="p84" srcActor="D0N21"/>
            <port dstActor="D0N35" name="p85" srcActor="D0N27"/>
            <port dstActor="D0N45" name="p86" srcActor="D0N40"/>
            <port dstActor="D0N44" name="p87" srcActor="D0N40"/>
            <port dstActor="D0N42" name="p88" srcActor="D0N40"/>
            <port dstActor="D0N47" name="p89" srcActor="D0N40"/>
            <port dstActor="D0N44" name="p90" srcActor="D0N35"/>
            <port dstActor="D0N37" name="p91" srcActor="D0N10"/>
            <port dstActor="D0N48" name="p92" srcActor="D0N10"/>
            <port dstActor="D0N25" name="p93" srcActor="D0N10"/>
            <port dstActor="D0N39" name="p94" srcActor="D0N33"/>
            <port dstActor="D0N37" name="p95" srcActor="D0N33"/>
            <port dstActor="D0N33" name="p96" srcActor="D0N29"/>
            <port dstActor="D0N43" name="p97" srcActor="D0N29"/>
            <port dstActor="D0N42" name="p98" srcActor="D0N29"/>
            <port dstActor="D0N48" name="p99" srcActor="D0N43"/>
            <port dstActor="D0N10" name="p100" srcActor="D0N0"/>
            <port dstActor="D0N12" name="p101" srcActor="D0N0"/>
            <port dstActor="D0N31" name="p102" srcActor="D0N0"/>
            <port dstActor="D0N40" name="p103" srcActor="D0N0"/>
            <port dstActor="D0N5" name="p104" srcActor="D0N0"/>
            <port dstActor="D0N48" name="p105" srcActor="D0N44"/>
            <port dstActor="D0N16" name="p106" srcActor="D0N6"/>
            <port dstActor="D0N9" name="p107" srcActor="D0N6"/>
            <port dstActor="D0N11" name="p108" srcActor="D0N6"/>
            <port dstActor="D0N21" name="p109" srcActor="D0N6"/>
            <port dstActor="D0N45" name="p110" srcActor="D0N6"/>
            <port dstActor="D0N24" name="p111" srcActor="D0N6"/>
            <port dstActor="D0N40" name="p112" srcActor="D0N6"/>
            <port dstActor="D0N41" name="p113" srcActor="D0N3"/>
            <port dstActor="D0N20" name="p114" srcActor="D0N3"/>
            <port dstActor="D0N24" name="p115" srcActor="D0N3"/>
            <port dstActor="D0N21" name="p116" srcActor="D0N3"/>
            <port dstActor="D0N29" name="p117" srcActor="D0N17"/>
            <port dstActor="D0N28" name="p118" srcActor="D0N17"/>
            <port dstActor="D0N47" name="p119" srcActor="D0N17"/>
            <port dstActor="D0N25" name="p120" srcActor="D0N24"/>
            <port dstActor="D0N29" name="p121" srcActor="D0N24"/>
            <port dstActor="D0N48" name="p122" srcActor="D0N38"/>
            <port dstActor="D0N44" name="p123" srcActor="D0N38"/>
        </ports>
    </mcdag>
    <cores number="3"/>
    <levels number="2"/>
</mcsystem>
