<?xml version="1.0" encoding="UTF-8" standalone="no"?>
<mcsystem>
    <mcdag deadline="1500" name="genned-0-ed-10.0-0">
        <actor name="D0N24">
            <wcet number="0">20</wcet>
            <wcet number="1">20</wcet>
            <maxpow number="0.19011635821553763"/>
            <maxpow number="0.19011635821553763"/>
            <fprob>0.0</fprob>
        </actor>
        <actor name="D0N25">
            <wcet number="0">20</wcet>
            <wcet number="1">20</wcet>
            <maxpow number="0.5294244984984214"/>
            <maxpow number="0.5294244984984214"/>
            <fprob>0.0</fprob>
        </actor>
        <actor name="D0N7">
            <wcet number="0">60</wcet>
            <wcet number="1">60</wcet>
            <maxpow number="0.39205761208713097"/>
            <maxpow number="0.39205761208713097"/>
            <fprob>0.0</fprob>
        </actor>
        <actor name="D0N47">
            <wcet number="0">20</wcet>
            <wcet number="1">30</wcet>
            <maxpow number="0.6437611371385673"/>
            <maxpow number="0.6437611371385673"/>
            <fprob>0.0</fprob>
        </actor>
        <actor name="D0N5">
            <wcet number="0">10</wcet>
            <wcet number="1">30</wcet>
            <maxpow number="0.4716183615393985"/>
            <maxpow number="0.4716183615393985"/>
            <fprob>0.0</fprob>
        </actor>
        <actor name="D0N27">
            <wcet number="0">40</wcet>
            <wcet number="1">40</wcet>
            <maxpow number="0.23070948044856188"/>
            <maxpow number="0.23070948044856188"/>
            <fprob>0.0</fprob>
        </actor>
        <actor name="D0N8">
            <wcet number="0">20</wcet>
            <wcet number="1">20</wcet>
            <maxpow number="0.35871435508407895"/>
            <maxpow number="0.35871435508407895"/>
            <fprob>0.0</fprob>
        </actor>
        <actor name="D0N48">
            <wcet number="0">10</wcet>
            <wcet number="1">10</wcet>
            <maxpow number="0.1836517391304922"/>
            <maxpow number="0.1836517391304922"/>
            <fprob>0.0</fprob>
        </actor>
        <actor name="D0N11">
            <wcet number="0">20</wcet>
            <wcet number="1">60</wcet>
            <maxpow number="0.5664197486251781"/>
            <maxpow number="0.5664197486251781"/>
            <fprob>0.0</fprob>
        </actor>
        <actor name="D0N26">
            <wcet number="0">30</wcet>
            <wcet number="1">40</wcet>
            <maxpow number="1.0267728619319718"/>
            <maxpow number="1.0267728619319718"/>
            <fprob>0.0</fprob>
        </actor>
        <actor name="D0N20">
            <wcet number="0">80</wcet>
            <wcet number="1">90</wcet>
            <maxpow number="0.6208998132452664"/>
            <maxpow number="0.6208998132452664"/>
            <fprob>0.0</fprob>
        </actor>
        <actor name="D0N32">
            <wcet number="0">10</wcet>
            <wcet number="1">10</wcet>
            <maxpow number="0.3714360629533867"/>
            <maxpow number="0.3714360629533867"/>
            <fprob>0.0</fprob>
        </actor>
        <actor name="D0N36">
            <wcet number="0">80</wcet>
            <wcet number="1">180</wcet>
            <maxpow number="0.5888505406457242"/>
            <maxpow number="0.5888505406457242"/>
            <fprob>0.0</fprob>
        </actor>
        <actor name="D0N16">
            <wcet number="0">30</wcet>
            <wcet number="1">140</wcet>
            <maxpow number="0.7594287165613726"/>
            <maxpow number="0.7594287165613726"/>
            <fprob>0.0</fprob>
        </actor>
        <actor name="D0N45">
            <wcet number="0">10</wcet>
            <wcet number="1">30</wcet>
            <maxpow number="0.4484681346151601"/>
            <maxpow number="0.4484681346151601"/>
            <fprob>0.0</fprob>
        </actor>
        <actor name="D0N22">
            <wcet number="0">50</wcet>
            <wcet number="1">60</wcet>
            <maxpow number="0.5935385229536456"/>
            <maxpow number="0.5935385229536456"/>
            <fprob>0.0</fprob>
        </actor>
        <actor name="D0N10">
            <wcet number="0">30</wcet>
            <wcet number="1">100</wcet>
            <maxpow number="0.5026617444270068"/>
            <maxpow number="0.5026617444270068"/>
            <fprob>0.0</fprob>
        </actor>
        <actor name="D0N6">
            <wcet number="0">10</wcet>
            <wcet number="1">30</wcet>
            <maxpow number="0.6154246762702236"/>
            <maxpow number="0.6154246762702236"/>
            <fprob>0.0</fprob>
        </actor>
        <actor name="D0N30">
            <wcet number="0">140</wcet>
            <wcet number="1">220</wcet>
            <maxpow number="0.6420032167183516"/>
            <maxpow number="0.6420032167183516"/>
            <fprob>0.0</fprob>
        </actor>
        <actor name="D0N28">
            <wcet number="0">20</wcet>
            <wcet number="1">90</wcet>
            <maxpow number="0.4139147511069844"/>
            <maxpow number="0.4139147511069844"/>
            <fprob>0.0</fprob>
        </actor>
        <actor name="D0N15">
            <wcet number="0">60</wcet>
            <wcet number="1">70</wcet>
            <maxpow number="0.5020918260156859"/>
            <maxpow number="0.5020918260156859"/>
            <fprob>0.0</fprob>
        </actor>
        <actor name="D0N38">
            <wcet number="0">60</wcet>
            <wcet number="1">100</wcet>
            <maxpow number="0.2758166233185088"/>
            <maxpow number="0.2758166233185088"/>
            <fprob>0.0</fprob>
        </actor>
        <actor name="D0N35">
            <wcet number="0">30</wcet>
            <wcet number="1">50</wcet>
            <maxpow number="0.7136813213205344"/>
            <maxpow number="0.7136813213205344"/>
            <fprob>0.0</fprob>
        </actor>
        <actor name="D0N40">
            <wcet number="0">20</wcet>
            <wcet number="1">20</wcet>
            <maxpow number="0.89254142178867"/>
            <maxpow number="0.89254142178867"/>
            <fprob>0.0</fprob>
        </actor>
        <actor name="D0N29">
            <wcet number="0">10</wcet>
            <wcet number="1">50</wcet>
            <maxpow number="0.658595531959838"/>
            <maxpow number="0.658595531959838"/>
            <fprob>0.0</fprob>
        </actor>
        <actor name="D0N43">
            <wcet number="0">70</wcet>
            <wcet number="1">130</wcet>
            <maxpow number="0.9798991543213669"/>
            <maxpow number="0.9798991543213669"/>
            <fprob>0.0</fprob>
        </actor>
        <actor name="D0N31">
            <wcet number="0">20</wcet>
            <wcet number="1">40</wcet>
            <maxpow number="0.26218137359034654"/>
            <maxpow number="0.26218137359034654"/>
            <fprob>0.0</fprob>
        </actor>
        <actor name="D0N3">
            <wcet number="0">260</wcet>
            <wcet number="1">440</wcet>
            <maxpow number="0.6380549519113121"/>
            <maxpow number="0.6380549519113121"/>
            <fprob>0.0</fprob>
        </actor>
        <actor name="D0N39">
            <wcet number="0">20</wcet>
            <wcet number="1">70</wcet>
            <maxpow number="0.1958191207175854"/>
            <maxpow number="0.1958191207175854"/>
            <fprob>0.0</fprob>
        </actor>
        <actor name="D0N1">
            <wcet number="0">60</wcet>
            <wcet number="1">120</wcet>
            <maxpow number="0.5173362192702413"/>
            <maxpow number="0.5173362192702413"/>
            <fprob>0.0</fprob>
        </actor>
        <actor name="D0N21">
            <wcet number="0">50</wcet>
            <wcet number="1">90</wcet>
            <maxpow number="0.5111509838657069"/>
            <maxpow number="0.5111509838657069"/>
            <fprob>0.0</fprob>
        </actor>
        <actor name="D0N23">
            <wcet number="0">10</wcet>
            <wcet number="1">10</wcet>
            <maxpow number="0.6521229152827152"/>
            <maxpow number="0.6521229152827152"/>
            <fprob>0.0</fprob>
        </actor>
        <actor name="D0N12">
            <wcet number="0">40</wcet>
            <wcet number="1">40</wcet>
            <maxpow number="0.4372123809624508"/>
            <maxpow number="0.4372123809624508"/>
            <fprob>0.0</fprob>
        </actor>
        <actor name="D0N46">
            <wcet number="0">20</wcet>
            <wcet number="1">70</wcet>
            <maxpow number="0.569958198173547"/>
            <maxpow number="0.569958198173547"/>
            <fprob>0.0</fprob>
        </actor>
        <actor name="D0N17">
            <wcet number="0">20</wcet>
            <wcet number="1">40</wcet>
            <maxpow number="0.7204566851337618"/>
            <maxpow number="0.7204566851337618"/>
            <fprob>0.0</fprob>
        </actor>
        <actor name="D0N4">
            <wcet number="0">30</wcet>
            <wcet number="1">30</wcet>
            <maxpow number="0.6843661749140196"/>
            <maxpow number="0.6843661749140196"/>
            <fprob>0.0</fprob>
        </actor>
        <actor name="D0N9">
            <wcet number="0">20</wcet>
            <wcet number="1">120</wcet>
            <maxpow number="0.42870674234164097"/>
            <maxpow number="0.42870674234164097"/>
            <fprob>0.0</fprob>
        </actor>
        <actor name="D0N0">
            <wcet number="0">70</wcet>
            <wcet number="1">180</wcet>
            <maxpow number="0.2497602007388791"/>
            <maxpow number="0.2497602007388791"/>
            <fprob>0.0</fprob>
        </actor>
        <actor name="D0N37">
            <wcet number="0">30</wcet>
            <wcet number="1">30</wcet>
            <maxpow number="0.36875301226413365"/>
            <maxpow number="0.36875301226413365"/>
            <fprob>0.0</fprob>
        </actor>
        <actor name="D0N42">
            <wcet number="0">30</wcet>
            <wcet number="1">50</wcet>
            <maxpow number="0.5461779437596286"/>
            <maxpow number="0.5461779437596286"/>
            <fprob>0.0</fprob>
        </actor>
        <actor name="D0N2">
            <wcet number="0">30</wcet>
            <wcet number="1">30</wcet>
            <maxpow number="0.6314218313926622"/>
            <maxpow number="0.6314218313926622"/>
            <fprob>0.0</fprob>
        </actor>
        <actor name="D0N44">
            <wcet number="0">40</wcet>
            <wcet number="1">70</wcet>
            <maxpow number="0.3719062465910069"/>
            <maxpow number="0.3719062465910069"/>
            <fprob>0.0</fprob>
        </actor>
        <actor name="D0N33">
            <wcet number="0">30</wcet>
            <wcet number="1">80</wcet>
            <maxpow number="0.20796871294836755"/>
            <maxpow number="0.20796871294836755"/>
            <fprob>0.0</fprob>
        </actor>
        <actor name="D0N34">
            <wcet number="0">40</wcet>
            <wcet number="1">80</wcet>
            <maxpow number="0.6316245128469549"/>
            <maxpow number="0.6316245128469549"/>
            <fprob>0.0</fprob>
        </actor>
        <actor name="D0N14">
            <wcet number="0">110</wcet>
            <wcet number="1">160</wcet>
            <maxpow number="0.6048660623824088"/>
            <maxpow number="0.6048660623824088"/>
            <fprob>0.0</fprob>
        </actor>
        <actor name="D0N13">
            <wcet number="0">40</wcet>
            <wcet number="1">50</wcet>
            <maxpow number="0.7312698243746573"/>
            <maxpow number="0.7312698243746573"/>
            <fprob>0.0</fprob>
        </actor>
        <actor name="D0N19">
            <wcet number="0">20</wcet>
            <wcet number="1">20</wcet>
            <maxpow number="0.582777465084612"/>
            <maxpow number="0.582777465084612"/>
            <fprob>0.0</fprob>
        </actor>
        <actor name="D0N18">
            <wcet number="0">70</wcet>
            <wcet number="1">70</wcet>
            <maxpow number="0.7196706023707917"/>
            <maxpow number="0.7196706023707917"/>
            <fprob>0.0</fprob>
        </actor>
        <actor name="D0N41">
            <wcet number="0">10</wcet>
            <wcet number="1">10</wcet>
            <maxpow number="0.12180162033802866"/>
            <maxpow number="0.12180162033802866"/>
            <fprob>0.0</fprob>
        </actor>
        <ports>
            <port dstActor="D0N47" name="p0" srcActor="D0N24"/>
            <port dstActor="D0N41" name="p1" srcActor="D0N25"/>
            <port dstActor="D0N37" name="p2" srcActor="D0N7"/>
            <port dstActor="D0N19" name="p3" srcActor="D0N7"/>
            <port dstActor="D0N11" name="p4" srcActor="D0N5"/>
            <port dstActor="D0N23" name="p5" srcActor="D0N5"/>
            <port dstActor="D0N19" name="p6" srcActor="D0N5"/>
            <port dstActor="D0N10" name="p7" srcActor="D0N5"/>
            <port dstActor="D0N41" name="p8" srcActor="D0N27"/>
            <port dstActor="D0N25" name="p9" srcActor="D0N8"/>
            <port dstActor="D0N15" name="p10" srcActor="D0N8"/>
            <port dstActor="D0N23" name="p11" srcActor="D0N8"/>
            <port dstActor="D0N9" name="p12" srcActor="D0N8"/>
            <port dstActor="D0N14" name="p13" srcActor="D0N8"/>
            <port dstActor="D0N40" name="p14" srcActor="D0N8"/>
            <port dstActor="D0N36" name="p15" srcActor="D0N11"/>
            <port dstActor="D0N16" name="p16" srcActor="D0N11"/>
            <port dstActor="D0N12" name="p17" srcActor="D0N11"/>
            <port dstActor="D0N41" name="p18" srcActor="D0N11"/>
            <port dstActor="D0N28" name="p19" srcActor="D0N26"/>
            <port dstActor="D0N38" name="p20" srcActor="D0N26"/>
            <port dstActor="D0N30" name="p21" srcActor="D0N20"/>
            <port dstActor="D0N25" name="p22" srcActor="D0N20"/>
            <port dstActor="D0N45" name="p23" srcActor="D0N32"/>
            <port dstActor="D0N37" name="p24" srcActor="D0N36"/>
            <port dstActor="D0N34" name="p25" srcActor="D0N16"/>
            <port dstActor="D0N46" name="p26" srcActor="D0N22"/>
            <port dstActor="D0N24" name="p27" srcActor="D0N22"/>
            <port dstActor="D0N14" name="p28" srcActor="D0N10"/>
            <port dstActor="D0N19" name="p29" srcActor="D0N10"/>
            <port dstActor="D0N47" name="p30" srcActor="D0N10"/>
            <port dstActor="D0N23" name="p31" srcActor="D0N10"/>
            <port dstActor="D0N34" name="p32" srcActor="D0N10"/>
            <port dstActor="D0N13" name="p33" srcActor="D0N10"/>
            <port dstActor="D0N30" name="p34" srcActor="D0N10"/>
            <port dstActor="D0N12" name="p35" srcActor="D0N10"/>
            <port dstActor="D0N29" name="p36" srcActor="D0N6"/>
            <port dstActor="D0N14" name="p37" srcActor="D0N6"/>
            <port dstActor="D0N22" name="p38" srcActor="D0N6"/>
            <port dstActor="D0N36" name="p39" srcActor="D0N30"/>
            <port dstActor="D0N44" name="p40" srcActor="D0N28"/>
            <port dstActor="D0N30" name="p41" srcActor="D0N28"/>
            <port dstActor="D0N20" name="p42" srcActor="D0N15"/>
            <port dstActor="D0N25" name="p43" srcActor="D0N15"/>
            <port dstActor="D0N27" name="p44" srcActor="D0N15"/>
            <port dstActor="D0N26" name="p45" srcActor="D0N15"/>
            <port dstActor="D0N45" name="p46" srcActor="D0N40"/>
            <port dstActor="D0N37" name="p47" srcActor="D0N29"/>
            <port dstActor="D0N46" name="p48" srcActor="D0N43"/>
            <port dstActor="D0N40" name="p49" srcActor="D0N31"/>
            <port dstActor="D0N11" name="p50" srcActor="D0N3"/>
            <port dstActor="D0N19" name="p51" srcActor="D0N3"/>
            <port dstActor="D0N17" name="p52" srcActor="D0N3"/>
            <port dstActor="D0N40" name="p53" srcActor="D0N39"/>
            <port dstActor="D0N8" name="p54" srcActor="D0N1"/>
            <port dstActor="D0N35" name="p55" srcActor="D0N1"/>
            <port dstActor="D0N31" name="p56" srcActor="D0N1"/>
            <port dstActor="D0N44" name="p57" srcActor="D0N1"/>
            <port dstActor="D0N38" name="p58" srcActor="D0N21"/>
            <port dstActor="D0N31" name="p59" srcActor="D0N21"/>
            <port dstActor="D0N45" name="p60" srcActor="D0N21"/>
            <port dstActor="D0N25" name="p61" srcActor="D0N21"/>
            <port dstActor="D0N43" name="p62" srcActor="D0N23"/>
            <port dstActor="D0N36" name="p63" srcActor="D0N23"/>
            <port dstActor="D0N46" name="p64" srcActor="D0N23"/>
            <port dstActor="D0N25" name="p65" srcActor="D0N12"/>
            <port dstActor="D0N43" name="p66" srcActor="D0N12"/>
            <port dstActor="D0N20" name="p67" srcActor="D0N12"/>
            <port dstActor="D0N42" name="p68" srcActor="D0N12"/>
            <port dstActor="D0N21" name="p69" srcActor="D0N17"/>
            <port dstActor="D0N47" name="p70" srcActor="D0N17"/>
            <port dstActor="D0N25" name="p71" srcActor="D0N17"/>
            <port dstActor="D0N24" name="p72" srcActor="D0N17"/>
            <port dstActor="D0N37" name="p73" srcActor="D0N17"/>
            <port dstActor="D0N37" name="p74" srcActor="D0N4"/>
            <port dstActor="D0N33" name="p75" srcActor="D0N4"/>
            <port dstActor="D0N44" name="p76" srcActor="D0N4"/>
            <port dstActor="D0N12" name="p77" srcActor="D0N4"/>
            <port dstActor="D0N6" name="p78" srcActor="D0N4"/>
            <port dstActor="D0N15" name="p79" srcActor="D0N4"/>
            <port dstActor="D0N34" name="p80" srcActor="D0N4"/>
            <port dstActor="D0N28" name="p81" srcActor="D0N9"/>
            <port dstActor="D0N45" name="p82" srcActor="D0N9"/>
            <port dstActor="D0N47" name="p83" srcActor="D0N9"/>
            <port dstActor="D0N26" name="p84" srcActor="D0N9"/>
            <port dstActor="D0N34" name="p85" srcActor="D0N0"/>
            <port dstActor="D0N44" name="p86" srcActor="D0N0"/>
            <port dstActor="D0N41" name="p87" srcActor="D0N0"/>
            <port dstActor="D0N48" name="p88" srcActor="D0N0"/>
            <port dstActor="D0N18" name="p89" srcActor="D0N0"/>
            <port dstActor="D0N46" name="p90" srcActor="D0N0"/>
            <port dstActor="D0N45" name="p91" srcActor="D0N42"/>
            <port dstActor="D0N25" name="p92" srcActor="D0N2"/>
            <port dstActor="D0N28" name="p93" srcActor="D0N2"/>
            <port dstActor="D0N40" name="p94" srcActor="D0N2"/>
            <port dstActor="D0N12" name="p95" srcActor="D0N2"/>
            <port dstActor="D0N26" name="p96" srcActor="D0N2"/>
            <port dstActor="D0N41" name="p97" srcActor="D0N33"/>
            <port dstActor="D0N34" name="p98" srcActor="D0N33"/>
            <port dstActor="D0N42" name="p99" srcActor="D0N33"/>
            <port dstActor="D0N42" name="p100" srcActor="D0N34"/>
            <port dstActor="D0N40" name="p101" srcActor="D0N34"/>
            <port dstActor="D0N39" name="p102" srcActor="D0N14"/>
            <port dstActor="D0N27" name="p103" srcActor="D0N14"/>
            <port dstActor="D0N19" name="p104" srcActor="D0N14"/>
            <port dstActor="D0N32" name="p105" srcActor="D0N14"/>
            <port dstActor="D0N35" name="p106" srcActor="D0N14"/>
            <port dstActor="D0N31" name="p107" srcActor="D0N13"/>
            <port dstActor="D0N17" name="p108" srcActor="D0N13"/>
            <port dstActor="D0N34" name="p109" srcActor="D0N13"/>
            <port dstActor="D0N44" name="p110" srcActor="D0N13"/>
            <port dstActor="D0N38" name="p111" srcActor="D0N19"/>
            <port dstActor="D0N45" name="p112" srcActor="D0N19"/>
            <port dstActor="D0N28" name="p113" srcActor="D0N19"/>
            <port dstActor="D0N46" name="p114" srcActor="D0N18"/>
            <port dstActor="D0N48" name="p115" srcActor="D0N18"/>
            <port dstActor="D0N40" name="p116" srcActor="D0N18"/>
            <port dstActor="D0N23" name="p117" srcActor="D0N18"/>
        </ports>
    </mcdag>
    <cores number="3"/>
    <levels number="2"/>
</mcsystem>
