<?xml version="1.0" encoding="UTF-8" standalone="no"?>
<mcsystem>
    <mcdag deadline="1000" name="genned-0-ed-10.0-0">
        <actor name="D0N20">
            <wcet number="0">10</wcet>
            <wcet number="1">10</wcet>
            <maxpow number="0.5801590166141064"/>
            <maxpow number="0.5801590166141064"/>
            <fprob>0.0</fprob>
        </actor>
        <actor name="D0N3">
            <wcet number="0">10</wcet>
            <wcet number="1">30</wcet>
            <maxpow number="0.15059676311308545"/>
            <maxpow number="0.15059676311308545"/>
            <fprob>0.0</fprob>
        </actor>
        <actor name="D0N1">
            <wcet number="0">10</wcet>
            <wcet number="1">30</wcet>
            <maxpow number="0.52547396926674"/>
            <maxpow number="0.52547396926674"/>
            <fprob>0.0</fprob>
        </actor>
        <actor name="D0N31">
            <wcet number="0">10</wcet>
            <wcet number="1">20</wcet>
            <maxpow number="0.16479102788614353"/>
            <maxpow number="0.16479102788614353"/>
            <fprob>0.0</fprob>
        </actor>
        <actor name="D0N8">
            <wcet number="0">80</wcet>
            <wcet number="1">80</wcet>
            <maxpow number="0.07652794310054223"/>
            <maxpow number="0.07652794310054223"/>
            <fprob>0.0</fprob>
        </actor>
        <actor name="D0N16">
            <wcet number="0">10</wcet>
            <wcet number="1">10</wcet>
            <maxpow number="0.41491892109789974"/>
            <maxpow number="0.41491892109789974"/>
            <fprob>0.0</fprob>
        </actor>
        <actor name="D0N37">
            <wcet number="0">50</wcet>
            <wcet number="1">110</wcet>
            <maxpow number="0.631482404936777"/>
            <maxpow number="0.631482404936777"/>
            <fprob>0.0</fprob>
        </actor>
        <actor name="D0N12">
            <wcet number="0">10</wcet>
            <wcet number="1">20</wcet>
            <maxpow number="0.6249505598150804"/>
            <maxpow number="0.6249505598150804"/>
            <fprob>0.0</fprob>
        </actor>
        <actor name="D0N45">
            <wcet number="0">10</wcet>
            <wcet number="1">40</wcet>
            <maxpow number="0.5001574981798637"/>
            <maxpow number="0.5001574981798637"/>
            <fprob>0.0</fprob>
        </actor>
        <actor name="D0N5">
            <wcet number="0">30</wcet>
            <wcet number="1">30</wcet>
            <maxpow number="0.7522378092430579"/>
            <maxpow number="0.7522378092430579"/>
            <fprob>0.0</fprob>
        </actor>
        <actor name="D0N9">
            <wcet number="0">90</wcet>
            <wcet number="1">130</wcet>
            <maxpow number="0.2635278724035894"/>
            <maxpow number="0.2635278724035894"/>
            <fprob>0.0</fprob>
        </actor>
        <actor name="D0N21">
            <wcet number="0">60</wcet>
            <wcet number="1">60</wcet>
            <maxpow number="0.42521851275516354"/>
            <maxpow number="0.42521851275516354"/>
            <fprob>0.0</fprob>
        </actor>
        <actor name="D0N24">
            <wcet number="0">20</wcet>
            <wcet number="1">20</wcet>
            <maxpow number="0.5726954701904996"/>
            <maxpow number="0.5726954701904996"/>
            <fprob>0.0</fprob>
        </actor>
        <actor name="D0N2">
            <wcet number="0">20</wcet>
            <wcet number="1">30</wcet>
            <maxpow number="0.6638031857536439"/>
            <maxpow number="0.6638031857536439"/>
            <fprob>0.0</fprob>
        </actor>
        <actor name="D0N4">
            <wcet number="0">50</wcet>
            <wcet number="1">60</wcet>
            <maxpow number="0.42245722011983855"/>
            <maxpow number="0.42245722011983855"/>
            <fprob>0.0</fprob>
        </actor>
        <actor name="D0N13">
            <wcet number="0">20</wcet>
            <wcet number="1">20</wcet>
            <maxpow number="0.9454554379399196"/>
            <maxpow number="0.9454554379399196"/>
            <fprob>0.0</fprob>
        </actor>
        <actor name="D0N25">
            <wcet number="0">10</wcet>
            <wcet number="1">30</wcet>
            <maxpow number="0.4420486692214891"/>
            <maxpow number="0.4420486692214891"/>
            <fprob>0.0</fprob>
        </actor>
        <actor name="D0N0">
            <wcet number="0">20</wcet>
            <wcet number="1">20</wcet>
            <maxpow number="0.5190202965425785"/>
            <maxpow number="0.5190202965425785"/>
            <fprob>0.0</fprob>
        </actor>
        <actor name="D0N44">
            <wcet number="0">20</wcet>
            <wcet number="1">70</wcet>
            <maxpow number="0.7023094904237686"/>
            <maxpow number="0.7023094904237686"/>
            <fprob>0.0</fprob>
        </actor>
        <actor name="D0N23">
            <wcet number="0">30</wcet>
            <wcet number="1">140</wcet>
            <maxpow number="0.8642916943374095"/>
            <maxpow number="0.8642916943374095"/>
            <fprob>0.0</fprob>
        </actor>
        <actor name="D0N35">
            <wcet number="0">170</wcet>
            <wcet number="1">250</wcet>
            <maxpow number="0.44911876091523123"/>
            <maxpow number="0.44911876091523123"/>
            <fprob>0.0</fprob>
        </actor>
        <actor name="D0N29">
            <wcet number="0">60</wcet>
            <wcet number="1">70</wcet>
            <maxpow number="0.8626855716042804"/>
            <maxpow number="0.8626855716042804"/>
            <fprob>0.0</fprob>
        </actor>
        <actor name="D0N18">
            <wcet number="0">20</wcet>
            <wcet number="1">20</wcet>
            <maxpow number="0.7965766716082634"/>
            <maxpow number="0.7965766716082634"/>
            <fprob>0.0</fprob>
        </actor>
        <actor name="D0N43">
            <wcet number="0">10</wcet>
            <wcet number="1">10</wcet>
            <maxpow number="0.37578673963835396"/>
            <maxpow number="0.37578673963835396"/>
            <fprob>0.0</fprob>
        </actor>
        <actor name="D0N33">
            <wcet number="0">30</wcet>
            <wcet number="1">40</wcet>
            <maxpow number="0.34443890457114845"/>
            <maxpow number="0.34443890457114845"/>
            <fprob>0.0</fprob>
        </actor>
        <actor name="D0N10">
            <wcet number="0">50</wcet>
            <wcet number="1">50</wcet>
            <maxpow number="0.6719452582775165"/>
            <maxpow number="0.6719452582775165"/>
            <fprob>0.0</fprob>
        </actor>
        <actor name="D0N28">
            <wcet number="0">10</wcet>
            <wcet number="1">10</wcet>
            <maxpow number="0.38130145788713704"/>
            <maxpow number="0.38130145788713704"/>
            <fprob>0.0</fprob>
        </actor>
        <actor name="D0N34">
            <wcet number="0">20</wcet>
            <wcet number="1">20</wcet>
            <maxpow number="0.7425789178153792"/>
            <maxpow number="0.7425789178153792"/>
            <fprob>0.0</fprob>
        </actor>
        <actor name="D0N30">
            <wcet number="0">50</wcet>
            <wcet number="1">80</wcet>
            <maxpow number="0.6500256858470559"/>
            <maxpow number="0.6500256858470559"/>
            <fprob>0.0</fprob>
        </actor>
        <actor name="D0N40">
            <wcet number="0">40</wcet>
            <wcet number="1">40</wcet>
            <maxpow number="0.43561180280557127"/>
            <maxpow number="0.43561180280557127"/>
            <fprob>0.0</fprob>
        </actor>
        <actor name="D0N38">
            <wcet number="0">10</wcet>
            <wcet number="1">120</wcet>
            <maxpow number="0.3436789337807158"/>
            <maxpow number="0.3436789337807158"/>
            <fprob>0.0</fprob>
        </actor>
        <actor name="D0N11">
            <wcet number="0">40</wcet>
            <wcet number="1">70</wcet>
            <maxpow number="0.4439639677424656"/>
            <maxpow number="0.4439639677424656"/>
            <fprob>0.0</fprob>
        </actor>
        <actor name="D0N41">
            <wcet number="0">40</wcet>
            <wcet number="1">40</wcet>
            <maxpow number="0.25262996867335236"/>
            <maxpow number="0.25262996867335236"/>
            <fprob>0.0</fprob>
        </actor>
        <actor name="D0N46">
            <wcet number="0">40</wcet>
            <wcet number="1">50</wcet>
            <maxpow number="0.3375199357511026"/>
            <maxpow number="0.3375199357511026"/>
            <fprob>0.0</fprob>
        </actor>
        <actor name="D0N32">
            <wcet number="0">60</wcet>
            <wcet number="1">130</wcet>
            <maxpow number="0.3601919506079885"/>
            <maxpow number="0.3601919506079885"/>
            <fprob>0.0</fprob>
        </actor>
        <actor name="D0N36">
            <wcet number="0">30</wcet>
            <wcet number="1">40</wcet>
            <maxpow number="0.6558894424043151"/>
            <maxpow number="0.6558894424043151"/>
            <fprob>0.0</fprob>
        </actor>
        <actor name="D0N42">
            <wcet number="0">40</wcet>
            <wcet number="1">100</wcet>
            <maxpow number="0.7599482473621355"/>
            <maxpow number="0.7599482473621355"/>
            <fprob>0.0</fprob>
        </actor>
        <actor name="D0N27">
            <wcet number="0">40</wcet>
            <wcet number="1">40</wcet>
            <maxpow number="0.4347183658111825"/>
            <maxpow number="0.4347183658111825"/>
            <fprob>0.0</fprob>
        </actor>
        <actor name="D0N15">
            <wcet number="0">140</wcet>
            <wcet number="1">160</wcet>
            <maxpow number="0.5891871622485377"/>
            <maxpow number="0.5891871622485377"/>
            <fprob>0.0</fprob>
        </actor>
        <actor name="D0N17">
            <wcet number="0">20</wcet>
            <wcet number="1">40</wcet>
            <maxpow number="0.6272633860951146"/>
            <maxpow number="0.6272633860951146"/>
            <fprob>0.0</fprob>
        </actor>
        <actor name="D0N19">
            <wcet number="0">20</wcet>
            <wcet number="1">30</wcet>
            <maxpow number="0.3082816470233607"/>
            <maxpow number="0.3082816470233607"/>
            <fprob>0.0</fprob>
        </actor>
        <actor name="D0N7">
            <wcet number="0">20</wcet>
            <wcet number="1">80</wcet>
            <maxpow number="0.5428652524538896"/>
            <maxpow number="0.5428652524538896"/>
            <fprob>0.0</fprob>
        </actor>
        <actor name="D0N14">
            <wcet number="0">20</wcet>
            <wcet number="1">20</wcet>
            <maxpow number="0.5365546233696417"/>
            <maxpow number="0.5365546233696417"/>
            <fprob>0.0</fprob>
        </actor>
        <actor name="D0N39">
            <wcet number="0">40</wcet>
            <wcet number="1">60</wcet>
            <maxpow number="0.5019374226755009"/>
            <maxpow number="0.5019374226755009"/>
            <fprob>0.0</fprob>
        </actor>
        <actor name="D0N26">
            <wcet number="0">20</wcet>
            <wcet number="1">40</wcet>
            <maxpow number="0.8245584511909974"/>
            <maxpow number="0.8245584511909974"/>
            <fprob>0.0</fprob>
        </actor>
        <actor name="D0N6">
            <wcet number="0">30</wcet>
            <wcet number="1">120</wcet>
            <maxpow number="0.7132280669562103"/>
            <maxpow number="0.7132280669562103"/>
            <fprob>0.0</fprob>
        </actor>
        <actor name="D0N22">
            <wcet number="0">10</wcet>
            <wcet number="1">10</wcet>
            <maxpow number="0.5607735679746179"/>
            <maxpow number="0.5607735679746179"/>
            <fprob>0.0</fprob>
        </actor>
        <ports>
            <port dstActor="D0N32" name="p0" srcActor="D0N20"/>
            <port dstActor="D0N39" name="p1" srcActor="D0N3"/>
            <port dstActor="D0N17" name="p2" srcActor="D0N3"/>
            <port dstActor="D0N25" name="p3" srcActor="D0N3"/>
            <port dstActor="D0N19" name="p4" srcActor="D0N3"/>
            <port dstActor="D0N40" name="p5" srcActor="D0N3"/>
            <port dstActor="D0N12" name="p6" srcActor="D0N3"/>
            <port dstActor="D0N30" name="p7" srcActor="D0N3"/>
            <port dstActor="D0N13" name="p8" srcActor="D0N1"/>
            <port dstActor="D0N27" name="p9" srcActor="D0N1"/>
            <port dstActor="D0N10" name="p10" srcActor="D0N1"/>
            <port dstActor="D0N15" name="p11" srcActor="D0N1"/>
            <port dstActor="D0N36" name="p12" srcActor="D0N31"/>
            <port dstActor="D0N12" name="p13" srcActor="D0N8"/>
            <port dstActor="D0N22" name="p14" srcActor="D0N8"/>
            <port dstActor="D0N20" name="p15" srcActor="D0N16"/>
            <port dstActor="D0N28" name="p16" srcActor="D0N16"/>
            <port dstActor="D0N44" name="p17" srcActor="D0N16"/>
            <port dstActor="D0N39" name="p18" srcActor="D0N12"/>
            <port dstActor="D0N36" name="p19" srcActor="D0N12"/>
            <port dstActor="D0N40" name="p20" srcActor="D0N12"/>
            <port dstActor="D0N33" name="p21" srcActor="D0N5"/>
            <port dstActor="D0N22" name="p22" srcActor="D0N5"/>
            <port dstActor="D0N15" name="p23" srcActor="D0N5"/>
            <port dstActor="D0N37" name="p24" srcActor="D0N5"/>
            <port dstActor="D0N46" name="p25" srcActor="D0N5"/>
            <port dstActor="D0N25" name="p26" srcActor="D0N9"/>
            <port dstActor="D0N46" name="p27" srcActor="D0N9"/>
            <port dstActor="D0N25" name="p28" srcActor="D0N21"/>
            <port dstActor="D0N46" name="p29" srcActor="D0N21"/>
            <port dstActor="D0N39" name="p30" srcActor="D0N21"/>
            <port dstActor="D0N30" name="p31" srcActor="D0N21"/>
            <port dstActor="D0N22" name="p32" srcActor="D0N21"/>
            <port dstActor="D0N35" name="p33" srcActor="D0N21"/>
            <port dstActor="D0N37" name="p34" srcActor="D0N24"/>
            <port dstActor="D0N34" name="p35" srcActor="D0N24"/>
            <port dstActor="D0N45" name="p36" srcActor="D0N24"/>
            <port dstActor="D0N14" name="p37" srcActor="D0N2"/>
            <port dstActor="D0N21" name="p38" srcActor="D0N2"/>
            <port dstActor="D0N43" name="p39" srcActor="D0N2"/>
            <port dstActor="D0N15" name="p40" srcActor="D0N2"/>
            <port dstActor="D0N35" name="p41" srcActor="D0N4"/>
            <port dstActor="D0N40" name="p42" srcActor="D0N4"/>
            <port dstActor="D0N12" name="p43" srcActor="D0N4"/>
            <port dstActor="D0N39" name="p44" srcActor="D0N13"/>
            <port dstActor="D0N30" name="p45" srcActor="D0N13"/>
            <port dstActor="D0N38" name="p46" srcActor="D0N25"/>
            <port dstActor="D0N36" name="p47" srcActor="D0N25"/>
            <port dstActor="D0N33" name="p48" srcActor="D0N25"/>
            <port dstActor="D0N9" name="p49" srcActor="D0N0"/>
            <port dstActor="D0N11" name="p50" srcActor="D0N0"/>
            <port dstActor="D0N12" name="p51" srcActor="D0N0"/>
            <port dstActor="D0N32" name="p52" srcActor="D0N0"/>
            <port dstActor="D0N26" name="p53" srcActor="D0N0"/>
            <port dstActor="D0N26" name="p54" srcActor="D0N23"/>
            <port dstActor="D0N35" name="p55" srcActor="D0N23"/>
            <port dstActor="D0N45" name="p56" srcActor="D0N35"/>
            <port dstActor="D0N30" name="p57" srcActor="D0N29"/>
            <port dstActor="D0N44" name="p58" srcActor="D0N29"/>
            <port dstActor="D0N46" name="p59" srcActor="D0N29"/>
            <port dstActor="D0N40" name="p60" srcActor="D0N18"/>
            <port dstActor="D0N14" name="p61" srcActor="D0N10"/>
            <port dstActor="D0N11" name="p62" srcActor="D0N10"/>
            <port dstActor="D0N32" name="p63" srcActor="D0N28"/>
            <port dstActor="D0N38" name="p64" srcActor="D0N28"/>
            <port dstActor="D0N35" name="p65" srcActor="D0N34"/>
            <port dstActor="D0N43" name="p66" srcActor="D0N40"/>
            <port dstActor="D0N42" name="p67" srcActor="D0N40"/>
            <port dstActor="D0N22" name="p68" srcActor="D0N11"/>
            <port dstActor="D0N25" name="p69" srcActor="D0N11"/>
            <port dstActor="D0N40" name="p70" srcActor="D0N11"/>
            <port dstActor="D0N40" name="p71" srcActor="D0N36"/>
            <port dstActor="D0N44" name="p72" srcActor="D0N36"/>
            <port dstActor="D0N42" name="p73" srcActor="D0N27"/>
            <port dstActor="D0N34" name="p74" srcActor="D0N27"/>
            <port dstActor="D0N35" name="p75" srcActor="D0N27"/>
            <port dstActor="D0N17" name="p76" srcActor="D0N15"/>
            <port dstActor="D0N24" name="p77" srcActor="D0N15"/>
            <port dstActor="D0N28" name="p78" srcActor="D0N17"/>
            <port dstActor="D0N43" name="p79" srcActor="D0N17"/>
            <port dstActor="D0N41" name="p80" srcActor="D0N17"/>
            <port dstActor="D0N29" name="p81" srcActor="D0N19"/>
            <port dstActor="D0N39" name="p82" srcActor="D0N19"/>
            <port dstActor="D0N44" name="p83" srcActor="D0N19"/>
            <port dstActor="D0N23" name="p84" srcActor="D0N19"/>
            <port dstActor="D0N32" name="p85" srcActor="D0N19"/>
            <port dstActor="D0N31" name="p86" srcActor="D0N19"/>
            <port dstActor="D0N33" name="p87" srcActor="D0N19"/>
            <port dstActor="D0N44" name="p88" srcActor="D0N7"/>
            <port dstActor="D0N18" name="p89" srcActor="D0N7"/>
            <port dstActor="D0N29" name="p90" srcActor="D0N7"/>
            <port dstActor="D0N31" name="p91" srcActor="D0N7"/>
            <port dstActor="D0N42" name="p92" srcActor="D0N7"/>
            <port dstActor="D0N15" name="p93" srcActor="D0N14"/>
            <port dstActor="D0N43" name="p94" srcActor="D0N26"/>
            <port dstActor="D0N28" name="p95" srcActor="D0N26"/>
            <port dstActor="D0N12" name="p96" srcActor="D0N6"/>
            <port dstActor="D0N33" name="p97" srcActor="D0N22"/>
        </ports>
    </mcdag>
    <cores number="3"/>
    <levels number="2"/>
</mcsystem>
