<?xml version="1.0" encoding="UTF-8" standalone="no"?>
<mcsystem>
    <mcdag deadline="3000" name="genned-0-ed-10.0-0">
        <actor name="D0N28">
            <wcet number="0">20</wcet>
            <wcet number="1">20</wcet>
            <maxpow number="0.7012845480107895"/>
            <maxpow number="0.7012845480107895"/>
            <fprob>0.0</fprob>
        </actor>
        <actor name="D0N29">
            <wcet number="0">10</wcet>
            <wcet number="1">20</wcet>
            <maxpow number="0.47673070248745797"/>
            <maxpow number="0.47673070248745797"/>
            <fprob>0.0</fprob>
        </actor>
        <actor name="D0N48">
            <wcet number="0">70</wcet>
            <wcet number="1">70</wcet>
            <maxpow number="0.5362873732117769"/>
            <maxpow number="0.5362873732117769"/>
            <fprob>0.0</fprob>
        </actor>
        <actor name="D0N4">
            <wcet number="0">30</wcet>
            <wcet number="1">450</wcet>
            <maxpow number="0.6667699537202701"/>
            <maxpow number="0.6667699537202701"/>
            <fprob>0.0</fprob>
        </actor>
        <actor name="D0N19">
            <wcet number="0">20</wcet>
            <wcet number="1">40</wcet>
            <maxpow number="0.7147222089855215"/>
            <maxpow number="0.7147222089855215"/>
            <fprob>0.0</fprob>
        </actor>
        <actor name="D0N16">
            <wcet number="0">80</wcet>
            <wcet number="1">350</wcet>
            <maxpow number="0.7631114687398435"/>
            <maxpow number="0.7631114687398435"/>
            <fprob>0.0</fprob>
        </actor>
        <actor name="D0N18">
            <wcet number="0">30</wcet>
            <wcet number="1">30</wcet>
            <maxpow number="0.5890832548751749"/>
            <maxpow number="0.5890832548751749"/>
            <fprob>0.0</fprob>
        </actor>
        <actor name="D0N46">
            <wcet number="0">10</wcet>
            <wcet number="1">10</wcet>
            <maxpow number="0.4428034930717745"/>
            <maxpow number="0.4428034930717745"/>
            <fprob>0.0</fprob>
        </actor>
        <actor name="D0N12">
            <wcet number="0">20</wcet>
            <wcet number="1">240</wcet>
            <maxpow number="0.24346580664959822"/>
            <maxpow number="0.24346580664959822"/>
            <fprob>0.0</fprob>
        </actor>
        <actor name="D0N30">
            <wcet number="0">120</wcet>
            <wcet number="1">130</wcet>
            <maxpow number="0.6542294428174943"/>
            <maxpow number="0.6542294428174943"/>
            <fprob>0.0</fprob>
        </actor>
        <actor name="D0N10">
            <wcet number="0">20</wcet>
            <wcet number="1">130</wcet>
            <maxpow number="0.822788107828835"/>
            <maxpow number="0.822788107828835"/>
            <fprob>0.0</fprob>
        </actor>
        <actor name="D0N9">
            <wcet number="0">10</wcet>
            <wcet number="1">90</wcet>
            <maxpow number="0.5874354585486826"/>
            <maxpow number="0.5874354585486826"/>
            <fprob>0.0</fprob>
        </actor>
        <actor name="D0N7">
            <wcet number="0">30</wcet>
            <wcet number="1">100</wcet>
            <maxpow number="0.8324690002272646"/>
            <maxpow number="0.8324690002272646"/>
            <fprob>0.0</fprob>
        </actor>
        <actor name="D0N43">
            <wcet number="0">70</wcet>
            <wcet number="1">70</wcet>
            <maxpow number="0.6062319333759654"/>
            <maxpow number="0.6062319333759654"/>
            <fprob>0.0</fprob>
        </actor>
        <actor name="D0N36">
            <wcet number="0">230</wcet>
            <wcet number="1">230</wcet>
            <maxpow number="0.31038400175464753"/>
            <maxpow number="0.31038400175464753"/>
            <fprob>0.0</fprob>
        </actor>
        <actor name="D0N49">
            <wcet number="0">190</wcet>
            <wcet number="1">320</wcet>
            <maxpow number="0.7224253048313194"/>
            <maxpow number="0.7224253048313194"/>
            <fprob>0.0</fprob>
        </actor>
        <actor name="D0N23">
            <wcet number="0">110</wcet>
            <wcet number="1">210</wcet>
            <maxpow number="1.0089481655238484"/>
            <maxpow number="1.0089481655238484"/>
            <fprob>0.0</fprob>
        </actor>
        <actor name="D0N0">
            <wcet number="0">270</wcet>
            <wcet number="1">290</wcet>
            <maxpow number="0.41039200282645816"/>
            <maxpow number="0.41039200282645816"/>
            <fprob>0.0</fprob>
        </actor>
        <actor name="D0N37">
            <wcet number="0">30</wcet>
            <wcet number="1">40</wcet>
            <maxpow number="0.6397941654959673"/>
            <maxpow number="0.6397941654959673"/>
            <fprob>0.0</fprob>
        </actor>
        <actor name="D0N20">
            <wcet number="0">20</wcet>
            <wcet number="1">70</wcet>
            <maxpow number="0.40507960712498875"/>
            <maxpow number="0.40507960712498875"/>
            <fprob>0.0</fprob>
        </actor>
        <actor name="D0N24">
            <wcet number="0">120</wcet>
            <wcet number="1">450</wcet>
            <maxpow number="0.8111329386564978"/>
            <maxpow number="0.8111329386564978"/>
            <fprob>0.0</fprob>
        </actor>
        <actor name="D0N13">
            <wcet number="0">70</wcet>
            <wcet number="1">320</wcet>
            <maxpow number="0.6115302750395215"/>
            <maxpow number="0.6115302750395215"/>
            <fprob>0.0</fprob>
        </actor>
        <actor name="D0N15">
            <wcet number="0">10</wcet>
            <wcet number="1">50</wcet>
            <maxpow number="0.7709119970128369"/>
            <maxpow number="0.7709119970128369"/>
            <fprob>0.0</fprob>
        </actor>
        <actor name="D0N27">
            <wcet number="0">30</wcet>
            <wcet number="1">30</wcet>
            <maxpow number="0.7495178731695934"/>
            <maxpow number="0.7495178731695934"/>
            <fprob>0.0</fprob>
        </actor>
        <actor name="D0N34">
            <wcet number="0">140</wcet>
            <wcet number="1">210</wcet>
            <maxpow number="0.34420958009317354"/>
            <maxpow number="0.34420958009317354"/>
            <fprob>0.0</fprob>
        </actor>
        <actor name="D0N41">
            <wcet number="0">10</wcet>
            <wcet number="1">10</wcet>
            <maxpow number="0.6083977255589373"/>
            <maxpow number="0.6083977255589373"/>
            <fprob>0.0</fprob>
        </actor>
        <actor name="D0N31">
            <wcet number="0">60</wcet>
            <wcet number="1">160</wcet>
            <maxpow number="0.40497625134508075"/>
            <maxpow number="0.40497625134508075"/>
            <fprob>0.0</fprob>
        </actor>
        <actor name="D0N25">
            <wcet number="0">190</wcet>
            <wcet number="1">230</wcet>
            <maxpow number="0.714838378366903"/>
            <maxpow number="0.714838378366903"/>
            <fprob>0.0</fprob>
        </actor>
        <actor name="D0N1">
            <wcet number="0">10</wcet>
            <wcet number="1">80</wcet>
            <maxpow number="0.40506801093992384"/>
            <maxpow number="0.40506801093992384"/>
            <fprob>0.0</fprob>
        </actor>
        <actor name="D0N3">
            <wcet number="0">290</wcet>
            <wcet number="1">430</wcet>
            <maxpow number="0.42627531366398147"/>
            <maxpow number="0.42627531366398147"/>
            <fprob>0.0</fprob>
        </actor>
        <actor name="D0N26">
            <wcet number="0">20</wcet>
            <wcet number="1">20</wcet>
            <maxpow number="0.7528527471599533"/>
            <maxpow number="0.7528527471599533"/>
            <fprob>0.0</fprob>
        </actor>
        <actor name="D0N44">
            <wcet number="0">130</wcet>
            <wcet number="1">150</wcet>
            <maxpow number="0.6180886268063435"/>
            <maxpow number="0.6180886268063435"/>
            <fprob>0.0</fprob>
        </actor>
        <actor name="D0N14">
            <wcet number="0">60</wcet>
            <wcet number="1">150</wcet>
            <maxpow number="0.4550752865978973"/>
            <maxpow number="0.4550752865978973"/>
            <fprob>0.0</fprob>
        </actor>
        <actor name="D0N47">
            <wcet number="0">50</wcet>
            <wcet number="1">80</wcet>
            <maxpow number="0.709737324598436"/>
            <maxpow number="0.709737324598436"/>
            <fprob>0.0</fprob>
        </actor>
        <actor name="D0N32">
            <wcet number="0">20</wcet>
            <wcet number="1">120</wcet>
            <maxpow number="0.3250951673935027"/>
            <maxpow number="0.3250951673935027"/>
            <fprob>0.0</fprob>
        </actor>
        <actor name="D0N2">
            <wcet number="0">10</wcet>
            <wcet number="1">20</wcet>
            <maxpow number="0.3336874372695483"/>
            <maxpow number="0.3336874372695483"/>
            <fprob>0.0</fprob>
        </actor>
        <actor name="D0N40">
            <wcet number="0">100</wcet>
            <wcet number="1">110</wcet>
            <maxpow number="0.5832257701338154"/>
            <maxpow number="0.5832257701338154"/>
            <fprob>0.0</fprob>
        </actor>
        <actor name="D0N42">
            <wcet number="0">140</wcet>
            <wcet number="1">200</wcet>
            <maxpow number="0.5459277674515335"/>
            <maxpow number="0.5459277674515335"/>
            <fprob>0.0</fprob>
        </actor>
        <actor name="D0N35">
            <wcet number="0">60</wcet>
            <wcet number="1">230</wcet>
            <maxpow number="0.2680471493224204"/>
            <maxpow number="0.2680471493224204"/>
            <fprob>0.0</fprob>
        </actor>
        <actor name="D0N6">
            <wcet number="0">80</wcet>
            <wcet number="1">110</wcet>
            <maxpow number="0.15313797422095726"/>
            <maxpow number="0.15313797422095726"/>
            <fprob>0.0</fprob>
        </actor>
        <actor name="D0N8">
            <wcet number="0">370</wcet>
            <wcet number="1">390</wcet>
            <maxpow number="0.5569782319692695"/>
            <maxpow number="0.5569782319692695"/>
            <fprob>0.0</fprob>
        </actor>
        <actor name="D0N33">
            <wcet number="0">10</wcet>
            <wcet number="1">110</wcet>
            <maxpow number="0.8421544877810029"/>
            <maxpow number="0.8421544877810029"/>
            <fprob>0.0</fprob>
        </actor>
        <actor name="D0N39">
            <wcet number="0">20</wcet>
            <wcet number="1">40</wcet>
            <maxpow number="0.33033558816759656"/>
            <maxpow number="0.33033558816759656"/>
            <fprob>0.0</fprob>
        </actor>
        <actor name="D0N17">
            <wcet number="0">10</wcet>
            <wcet number="1">10</wcet>
            <maxpow number="0.7482682620805495"/>
            <maxpow number="0.7482682620805495"/>
            <fprob>0.0</fprob>
        </actor>
        <actor name="D0N45">
            <wcet number="0">20</wcet>
            <wcet number="1">20</wcet>
            <maxpow number="0.45344280825154004"/>
            <maxpow number="0.45344280825154004"/>
            <fprob>0.0</fprob>
        </actor>
        <actor name="D0N11">
            <wcet number="0">20</wcet>
            <wcet number="1">140</wcet>
            <maxpow number="0.5071970758113652"/>
            <maxpow number="0.5071970758113652"/>
            <fprob>0.0</fprob>
        </actor>
        <actor name="D0N22">
            <wcet number="0">20</wcet>
            <wcet number="1">80</wcet>
            <maxpow number="0.7339467814959981"/>
            <maxpow number="0.7339467814959981"/>
            <fprob>0.0</fprob>
        </actor>
        <actor name="D0N5">
            <wcet number="0">40</wcet>
            <wcet number="1">140</wcet>
            <maxpow number="0.5299511292392431"/>
            <maxpow number="0.5299511292392431"/>
            <fprob>0.0</fprob>
        </actor>
        <actor name="D0N38">
            <wcet number="0">50</wcet>
            <wcet number="1">60</wcet>
            <maxpow number="0.66524865561808"/>
            <maxpow number="0.66524865561808"/>
            <fprob>0.0</fprob>
        </actor>
        <actor name="D0N21">
            <wcet number="0">110</wcet>
            <wcet number="1">140</wcet>
            <maxpow number="0.40277975113796644"/>
            <maxpow number="0.40277975113796644"/>
            <fprob>0.0</fprob>
        </actor>
        <ports>
            <port dstActor="D0N46" name="p0" srcActor="D0N28"/>
            <port dstActor="D0N37" name="p1" srcActor="D0N28"/>
            <port dstActor="D0N38" name="p2" srcActor="D0N29"/>
            <port dstActor="D0N46" name="p3" srcActor="D0N4"/>
            <port dstActor="D0N47" name="p4" srcActor="D0N4"/>
            <port dstActor="D0N23" name="p5" srcActor="D0N4"/>
            <port dstActor="D0N19" name="p6" srcActor="D0N4"/>
            <port dstActor="D0N30" name="p7" srcActor="D0N4"/>
            <port dstActor="D0N40" name="p8" srcActor="D0N4"/>
            <port dstActor="D0N29" name="p9" srcActor="D0N4"/>
            <port dstActor="D0N36" name="p10" srcActor="D0N4"/>
            <port dstActor="D0N43" name="p11" srcActor="D0N19"/>
            <port dstActor="D0N32" name="p12" srcActor="D0N16"/>
            <port dstActor="D0N28" name="p13" srcActor="D0N16"/>
            <port dstActor="D0N24" name="p14" srcActor="D0N16"/>
            <port dstActor="D0N18" name="p15" srcActor="D0N16"/>
            <port dstActor="D0N49" name="p16" srcActor="D0N16"/>
            <port dstActor="D0N35" name="p17" srcActor="D0N18"/>
            <port dstActor="D0N41" name="p18" srcActor="D0N18"/>
            <port dstActor="D0N26" name="p19" srcActor="D0N18"/>
            <port dstActor="D0N31" name="p20" srcActor="D0N18"/>
            <port dstActor="D0N45" name="p21" srcActor="D0N18"/>
            <port dstActor="D0N42" name="p22" srcActor="D0N12"/>
            <port dstActor="D0N49" name="p23" srcActor="D0N12"/>
            <port dstActor="D0N31" name="p24" srcActor="D0N12"/>
            <port dstActor="D0N30" name="p25" srcActor="D0N12"/>
            <port dstActor="D0N21" name="p26" srcActor="D0N12"/>
            <port dstActor="D0N31" name="p27" srcActor="D0N30"/>
            <port dstActor="D0N22" name="p28" srcActor="D0N10"/>
            <port dstActor="D0N37" name="p29" srcActor="D0N10"/>
            <port dstActor="D0N23" name="p30" srcActor="D0N10"/>
            <port dstActor="D0N15" name="p31" srcActor="D0N10"/>
            <port dstActor="D0N26" name="p32" srcActor="D0N10"/>
            <port dstActor="D0N17" name="p33" srcActor="D0N9"/>
            <port dstActor="D0N48" name="p34" srcActor="D0N9"/>
            <port dstActor="D0N39" name="p35" srcActor="D0N9"/>
            <port dstActor="D0N24" name="p36" srcActor="D0N9"/>
            <port dstActor="D0N19" name="p37" srcActor="D0N7"/>
            <port dstActor="D0N26" name="p38" srcActor="D0N7"/>
            <port dstActor="D0N34" name="p39" srcActor="D0N7"/>
            <port dstActor="D0N45" name="p40" srcActor="D0N36"/>
            <port dstActor="D0N41" name="p41" srcActor="D0N36"/>
            <port dstActor="D0N29" name="p42" srcActor="D0N23"/>
            <port dstActor="D0N42" name="p43" srcActor="D0N23"/>
            <port dstActor="D0N43" name="p44" srcActor="D0N23"/>
            <port dstActor="D0N37" name="p45" srcActor="D0N23"/>
            <port dstActor="D0N37" name="p46" srcActor="D0N0"/>
            <port dstActor="D0N48" name="p47" srcActor="D0N37"/>
            <port dstActor="D0N45" name="p48" srcActor="D0N37"/>
            <port dstActor="D0N46" name="p49" srcActor="D0N37"/>
            <port dstActor="D0N32" name="p50" srcActor="D0N20"/>
            <port dstActor="D0N29" name="p51" srcActor="D0N20"/>
            <port dstActor="D0N23" name="p52" srcActor="D0N20"/>
            <port dstActor="D0N49" name="p53" srcActor="D0N20"/>
            <port dstActor="D0N27" name="p54" srcActor="D0N24"/>
            <port dstActor="D0N44" name="p55" srcActor="D0N24"/>
            <port dstActor="D0N31" name="p56" srcActor="D0N24"/>
            <port dstActor="D0N29" name="p57" srcActor="D0N13"/>
            <port dstActor="D0N24" name="p58" srcActor="D0N13"/>
            <port dstActor="D0N43" name="p59" srcActor="D0N13"/>
            <port dstActor="D0N14" name="p60" srcActor="D0N13"/>
            <port dstActor="D0N40" name="p61" srcActor="D0N13"/>
            <port dstActor="D0N44" name="p62" srcActor="D0N15"/>
            <port dstActor="D0N24" name="p63" srcActor="D0N15"/>
            <port dstActor="D0N20" name="p64" srcActor="D0N15"/>
            <port dstActor="D0N45" name="p65" srcActor="D0N15"/>
            <port dstActor="D0N44" name="p66" srcActor="D0N41"/>
            <port dstActor="D0N43" name="p67" srcActor="D0N31"/>
            <port dstActor="D0N35" name="p68" srcActor="D0N25"/>
            <port dstActor="D0N37" name="p69" srcActor="D0N25"/>
            <port dstActor="D0N48" name="p70" srcActor="D0N25"/>
            <port dstActor="D0N17" name="p71" srcActor="D0N1"/>
            <port dstActor="D0N37" name="p72" srcActor="D0N1"/>
            <port dstActor="D0N15" name="p73" srcActor="D0N1"/>
            <port dstActor="D0N41" name="p74" srcActor="D0N1"/>
            <port dstActor="D0N20" name="p75" srcActor="D0N1"/>
            <port dstActor="D0N12" name="p76" srcActor="D0N3"/>
            <port dstActor="D0N21" name="p77" srcActor="D0N3"/>
            <port dstActor="D0N19" name="p78" srcActor="D0N3"/>
            <port dstActor="D0N35" name="p79" srcActor="D0N26"/>
            <port dstActor="D0N38" name="p80" srcActor="D0N26"/>
            <port dstActor="D0N32" name="p81" srcActor="D0N26"/>
            <port dstActor="D0N40" name="p82" srcActor="D0N26"/>
            <port dstActor="D0N46" name="p83" srcActor="D0N44"/>
            <port dstActor="D0N34" name="p84" srcActor="D0N14"/>
            <port dstActor="D0N20" name="p85" srcActor="D0N14"/>
            <port dstActor="D0N22" name="p86" srcActor="D0N14"/>
            <port dstActor="D0N39" name="p87" srcActor="D0N32"/>
            <port dstActor="D0N46" name="p88" srcActor="D0N32"/>
            <port dstActor="D0N11" name="p89" srcActor="D0N2"/>
            <port dstActor="D0N20" name="p90" srcActor="D0N2"/>
            <port dstActor="D0N15" name="p91" srcActor="D0N2"/>
            <port dstActor="D0N10" name="p92" srcActor="D0N2"/>
            <port dstActor="D0N27" name="p93" srcActor="D0N2"/>
            <port dstActor="D0N41" name="p94" srcActor="D0N40"/>
            <port dstActor="D0N48" name="p95" srcActor="D0N42"/>
            <port dstActor="D0N49" name="p96" srcActor="D0N42"/>
            <port dstActor="D0N40" name="p97" srcActor="D0N35"/>
            <port dstActor="D0N38" name="p98" srcActor="D0N35"/>
            <port dstActor="D0N42" name="p99" srcActor="D0N6"/>
            <port dstActor="D0N20" name="p100" srcActor="D0N6"/>
            <port dstActor="D0N43" name="p101" srcActor="D0N6"/>
            <port dstActor="D0N24" name="p102" srcActor="D0N6"/>
            <port dstActor="D0N14" name="p103" srcActor="D0N8"/>
            <port dstActor="D0N29" name="p104" srcActor="D0N8"/>
            <port dstActor="D0N19" name="p105" srcActor="D0N8"/>
            <port dstActor="D0N45" name="p106" srcActor="D0N33"/>
            <port dstActor="D0N40" name="p107" srcActor="D0N33"/>
            <port dstActor="D0N35" name="p108" srcActor="D0N17"/>
            <port dstActor="D0N49" name="p109" srcActor="D0N17"/>
            <port dstActor="D0N48" name="p110" srcActor="D0N11"/>
            <port dstActor="D0N14" name="p111" srcActor="D0N11"/>
            <port dstActor="D0N29" name="p112" srcActor="D0N11"/>
            <port dstActor="D0N30" name="p113" srcActor="D0N11"/>
            <port dstActor="D0N33" name="p114" srcActor="D0N11"/>
            <port dstActor="D0N22" name="p115" srcActor="D0N11"/>
            <port dstActor="D0N42" name="p116" srcActor="D0N22"/>
            <port dstActor="D0N49" name="p117" srcActor="D0N5"/>
            <port dstActor="D0N8" name="p118" srcActor="D0N5"/>
            <port dstActor="D0N43" name="p119" srcActor="D0N38"/>
            <port dstActor="D0N44" name="p120" srcActor="D0N38"/>
            <port dstActor="D0N24" name="p121" srcActor="D0N21"/>
        </ports>
    </mcdag>
    <cores number="3"/>
    <levels number="2"/>
</mcsystem>
