<?xml version="1.0" encoding="UTF-8" standalone="no"?>
<mcsystem>
    <mcdag deadline="1500" name="genned-0-ed-10.0-0">
        <actor name="D0N19">
            <wcet number="0">50</wcet>
            <wcet number="1">140</wcet>
            <maxpow number="0.5637466999550925"/>
            <maxpow number="0.5637466999550925"/>
            <fprob>0.0</fprob>
        </actor>
        <actor name="D0N25">
            <wcet number="0">20</wcet>
            <wcet number="1">20</wcet>
            <maxpow number="0.5741682555794771"/>
            <maxpow number="0.5741682555794771"/>
            <fprob>0.0</fprob>
        </actor>
        <actor name="D0N37">
            <wcet number="0">30</wcet>
            <wcet number="1">40</wcet>
            <maxpow number="0.5050665243252839"/>
            <maxpow number="0.5050665243252839"/>
            <fprob>0.0</fprob>
        </actor>
        <actor name="D0N7">
            <wcet number="0">40</wcet>
            <wcet number="1">110</wcet>
            <maxpow number="0.6689914515732702"/>
            <maxpow number="0.6689914515732702"/>
            <fprob>0.0</fprob>
        </actor>
        <actor name="D0N18">
            <wcet number="0">20</wcet>
            <wcet number="1">140</wcet>
            <maxpow number="0.33650038530536175"/>
            <maxpow number="0.33650038530536175"/>
            <fprob>0.0</fprob>
        </actor>
        <actor name="D0N4">
            <wcet number="0">80</wcet>
            <wcet number="1">100</wcet>
            <maxpow number="0.43198534682024503"/>
            <maxpow number="0.43198534682024503"/>
            <fprob>0.0</fprob>
        </actor>
        <actor name="D0N24">
            <wcet number="0">40</wcet>
            <wcet number="1">40</wcet>
            <maxpow number="0.42251596418123594"/>
            <maxpow number="0.42251596418123594"/>
            <fprob>0.0</fprob>
        </actor>
        <actor name="D0N40">
            <wcet number="0">10</wcet>
            <wcet number="1">60</wcet>
            <maxpow number="0.381668112306371"/>
            <maxpow number="0.381668112306371"/>
            <fprob>0.0</fprob>
        </actor>
        <actor name="D0N32">
            <wcet number="0">50</wcet>
            <wcet number="1">140</wcet>
            <maxpow number="0.5248806166663974"/>
            <maxpow number="0.5248806166663974"/>
            <fprob>0.0</fprob>
        </actor>
        <actor name="D0N28">
            <wcet number="0">40</wcet>
            <wcet number="1">50</wcet>
            <maxpow number="0.3177169379719411"/>
            <maxpow number="0.3177169379719411"/>
            <fprob>0.0</fprob>
        </actor>
        <actor name="D0N44">
            <wcet number="0">50</wcet>
            <wcet number="1">70</wcet>
            <maxpow number="0.6183225996193168"/>
            <maxpow number="0.6183225996193168"/>
            <fprob>0.0</fprob>
        </actor>
        <actor name="D0N23">
            <wcet number="0">10</wcet>
            <wcet number="1">30</wcet>
            <maxpow number="0.2407242760006304"/>
            <maxpow number="0.2407242760006304"/>
            <fprob>0.0</fprob>
        </actor>
        <actor name="D0N36">
            <wcet number="0">10</wcet>
            <wcet number="1">20</wcet>
            <maxpow number="0.4540614981589002"/>
            <maxpow number="0.4540614981589002"/>
            <fprob>0.0</fprob>
        </actor>
        <actor name="D0N12">
            <wcet number="0">10</wcet>
            <wcet number="1">390</wcet>
            <maxpow number="0.8415000191145523"/>
            <maxpow number="0.8415000191145523"/>
            <fprob>0.0</fprob>
        </actor>
        <actor name="D0N21">
            <wcet number="0">10</wcet>
            <wcet number="1">10</wcet>
            <maxpow number="0.4118876652315527"/>
            <maxpow number="0.4118876652315527"/>
            <fprob>0.0</fprob>
        </actor>
        <actor name="D0N33">
            <wcet number="0">60</wcet>
            <wcet number="1">70</wcet>
            <maxpow number="0.18755055974340412"/>
            <maxpow number="0.18755055974340412"/>
            <fprob>0.0</fprob>
        </actor>
        <actor name="D0N38">
            <wcet number="0">50</wcet>
            <wcet number="1">110</wcet>
            <maxpow number="0.7185160055473305"/>
            <maxpow number="0.7185160055473305"/>
            <fprob>0.0</fprob>
        </actor>
        <actor name="D0N13">
            <wcet number="0">10</wcet>
            <wcet number="1">30</wcet>
            <maxpow number="0.7445883138216431"/>
            <maxpow number="0.7445883138216431"/>
            <fprob>0.0</fprob>
        </actor>
        <actor name="D0N11">
            <wcet number="0">20</wcet>
            <wcet number="1">50</wcet>
            <maxpow number="0.22341470794444368"/>
            <maxpow number="0.22341470794444368"/>
            <fprob>0.0</fprob>
        </actor>
        <actor name="D0N0">
            <wcet number="0">10</wcet>
            <wcet number="1">30</wcet>
            <maxpow number="0.707625548674949"/>
            <maxpow number="0.707625548674949"/>
            <fprob>0.0</fprob>
        </actor>
        <actor name="D0N8">
            <wcet number="0">20</wcet>
            <wcet number="1">20</wcet>
            <maxpow number="0.39146283867688714"/>
            <maxpow number="0.39146283867688714"/>
            <fprob>0.0</fprob>
        </actor>
        <actor name="D0N34">
            <wcet number="0">70</wcet>
            <wcet number="1">120</wcet>
            <maxpow number="0.47347955084575877"/>
            <maxpow number="0.47347955084575877"/>
            <fprob>0.0</fprob>
        </actor>
        <actor name="D0N42">
            <wcet number="0">10</wcet>
            <wcet number="1">10</wcet>
            <maxpow number="0.693698176522399"/>
            <maxpow number="0.693698176522399"/>
            <fprob>0.0</fprob>
        </actor>
        <actor name="D0N30">
            <wcet number="0">30</wcet>
            <wcet number="1">80</wcet>
            <maxpow number="0.4829224983217221"/>
            <maxpow number="0.4829224983217221"/>
            <fprob>0.0</fprob>
        </actor>
        <actor name="D0N16">
            <wcet number="0">30</wcet>
            <wcet number="1">90</wcet>
            <maxpow number="0.5666267316039304"/>
            <maxpow number="0.5666267316039304"/>
            <fprob>0.0</fprob>
        </actor>
        <actor name="D0N1">
            <wcet number="0">10</wcet>
            <wcet number="1">90</wcet>
            <maxpow number="0.7094702835709349"/>
            <maxpow number="0.7094702835709349"/>
            <fprob>0.0</fprob>
        </actor>
        <actor name="D0N45">
            <wcet number="0">30</wcet>
            <wcet number="1">30</wcet>
            <maxpow number="0.8223007744220682"/>
            <maxpow number="0.8223007744220682"/>
            <fprob>0.0</fprob>
        </actor>
        <actor name="D0N31">
            <wcet number="0">10</wcet>
            <wcet number="1">20</wcet>
            <maxpow number="0.7102298524970301"/>
            <maxpow number="0.7102298524970301"/>
            <fprob>0.0</fprob>
        </actor>
        <actor name="D0N29">
            <wcet number="0">20</wcet>
            <wcet number="1">20</wcet>
            <maxpow number="0.778597295186872"/>
            <maxpow number="0.778597295186872"/>
            <fprob>0.0</fprob>
        </actor>
        <actor name="D0N43">
            <wcet number="0">220</wcet>
            <wcet number="1">220</wcet>
            <maxpow number="0.45637118190247233"/>
            <maxpow number="0.45637118190247233"/>
            <fprob>0.0</fprob>
        </actor>
        <actor name="D0N2">
            <wcet number="0">30</wcet>
            <wcet number="1">130</wcet>
            <maxpow number="0.20648098667603493"/>
            <maxpow number="0.20648098667603493"/>
            <fprob>0.0</fprob>
        </actor>
        <actor name="D0N17">
            <wcet number="0">10</wcet>
            <wcet number="1">10</wcet>
            <maxpow number="0.3283316528693051"/>
            <maxpow number="0.3283316528693051"/>
            <fprob>0.0</fprob>
        </actor>
        <actor name="D0N39">
            <wcet number="0">230</wcet>
            <wcet number="1">380</wcet>
            <maxpow number="0.4995012264145086"/>
            <maxpow number="0.4995012264145086"/>
            <fprob>0.0</fprob>
        </actor>
        <actor name="D0N9">
            <wcet number="0">70</wcet>
            <wcet number="1">80</wcet>
            <maxpow number="0.6476161579329465"/>
            <maxpow number="0.6476161579329465"/>
            <fprob>0.0</fprob>
        </actor>
        <actor name="D0N10">
            <wcet number="0">20</wcet>
            <wcet number="1">20</wcet>
            <maxpow number="0.5308466859555228"/>
            <maxpow number="0.5308466859555228"/>
            <fprob>0.0</fprob>
        </actor>
        <actor name="D0N20">
            <wcet number="0">120</wcet>
            <wcet number="1">220</wcet>
            <maxpow number="0.38474175905912056"/>
            <maxpow number="0.38474175905912056"/>
            <fprob>0.0</fprob>
        </actor>
        <actor name="D0N46">
            <wcet number="0">70</wcet>
            <wcet number="1">90</wcet>
            <maxpow number="0.528871587939119"/>
            <maxpow number="0.528871587939119"/>
            <fprob>0.0</fprob>
        </actor>
        <actor name="D0N5">
            <wcet number="0">120</wcet>
            <wcet number="1">130</wcet>
            <maxpow number="0.8967929738829927"/>
            <maxpow number="0.8967929738829927"/>
            <fprob>0.0</fprob>
        </actor>
        <actor name="D0N26">
            <wcet number="0">10</wcet>
            <wcet number="1">70</wcet>
            <maxpow number="0.712322543292282"/>
            <maxpow number="0.712322543292282"/>
            <fprob>0.0</fprob>
        </actor>
        <actor name="D0N35">
            <wcet number="0">10</wcet>
            <wcet number="1">10</wcet>
            <maxpow number="0.47906667306841755"/>
            <maxpow number="0.47906667306841755"/>
            <fprob>0.0</fprob>
        </actor>
        <actor name="D0N22">
            <wcet number="0">10</wcet>
            <wcet number="1">10</wcet>
            <maxpow number="0.4922820086488962"/>
            <maxpow number="0.4922820086488962"/>
            <fprob>0.0</fprob>
        </actor>
        <actor name="D0N3">
            <wcet number="0">10</wcet>
            <wcet number="1">10</wcet>
            <maxpow number="0.3302983614998702"/>
            <maxpow number="0.3302983614998702"/>
            <fprob>0.0</fprob>
        </actor>
        <actor name="D0N14">
            <wcet number="0">10</wcet>
            <wcet number="1">20</wcet>
            <maxpow number="0.21181632696045855"/>
            <maxpow number="0.21181632696045855"/>
            <fprob>0.0</fprob>
        </actor>
        <actor name="D0N15">
            <wcet number="0">80</wcet>
            <wcet number="1">290</wcet>
            <maxpow number="0.6774096505203286"/>
            <maxpow number="0.6774096505203286"/>
            <fprob>0.0</fprob>
        </actor>
        <actor name="D0N27">
            <wcet number="0">30</wcet>
            <wcet number="1">90</wcet>
            <maxpow number="0.6398103474976589"/>
            <maxpow number="0.6398103474976589"/>
            <fprob>0.0</fprob>
        </actor>
        <actor name="D0N6">
            <wcet number="0">220</wcet>
            <wcet number="1">240</wcet>
            <maxpow number="0.873927589817894"/>
            <maxpow number="0.873927589817894"/>
            <fprob>0.0</fprob>
        </actor>
        <actor name="D0N41">
            <wcet number="0">30</wcet>
            <wcet number="1">50</wcet>
            <maxpow number="0.7501002468634841"/>
            <maxpow number="0.7501002468634841"/>
            <fprob>0.0</fprob>
        </actor>
        <ports>
            <port dstActor="D0N23" name="p0" srcActor="D0N19"/>
            <port dstActor="D0N44" name="p1" srcActor="D0N25"/>
            <port dstActor="D0N35" name="p2" srcActor="D0N25"/>
            <port dstActor="D0N44" name="p3" srcActor="D0N37"/>
            <port dstActor="D0N33" name="p4" srcActor="D0N7"/>
            <port dstActor="D0N27" name="p5" srcActor="D0N7"/>
            <port dstActor="D0N41" name="p6" srcActor="D0N7"/>
            <port dstActor="D0N8" name="p7" srcActor="D0N7"/>
            <port dstActor="D0N14" name="p8" srcActor="D0N7"/>
            <port dstActor="D0N23" name="p9" srcActor="D0N7"/>
            <port dstActor="D0N29" name="p10" srcActor="D0N18"/>
            <port dstActor="D0N42" name="p11" srcActor="D0N4"/>
            <port dstActor="D0N33" name="p12" srcActor="D0N4"/>
            <port dstActor="D0N25" name="p13" srcActor="D0N24"/>
            <port dstActor="D0N44" name="p14" srcActor="D0N24"/>
            <port dstActor="D0N33" name="p15" srcActor="D0N24"/>
            <port dstActor="D0N46" name="p16" srcActor="D0N24"/>
            <port dstActor="D0N42" name="p17" srcActor="D0N40"/>
            <port dstActor="D0N33" name="p18" srcActor="D0N32"/>
            <port dstActor="D0N35" name="p19" srcActor="D0N32"/>
            <port dstActor="D0N46" name="p20" srcActor="D0N32"/>
            <port dstActor="D0N42" name="p21" srcActor="D0N28"/>
            <port dstActor="D0N32" name="p22" srcActor="D0N23"/>
            <port dstActor="D0N25" name="p23" srcActor="D0N23"/>
            <port dstActor="D0N39" name="p24" srcActor="D0N36"/>
            <port dstActor="D0N40" name="p25" srcActor="D0N36"/>
            <port dstActor="D0N44" name="p26" srcActor="D0N12"/>
            <port dstActor="D0N25" name="p27" srcActor="D0N12"/>
            <port dstActor="D0N42" name="p28" srcActor="D0N12"/>
            <port dstActor="D0N31" name="p29" srcActor="D0N12"/>
            <port dstActor="D0N43" name="p30" srcActor="D0N12"/>
            <port dstActor="D0N29" name="p31" srcActor="D0N21"/>
            <port dstActor="D0N40" name="p32" srcActor="D0N33"/>
            <port dstActor="D0N40" name="p33" srcActor="D0N38"/>
            <port dstActor="D0N14" name="p34" srcActor="D0N13"/>
            <port dstActor="D0N22" name="p35" srcActor="D0N13"/>
            <port dstActor="D0N15" name="p36" srcActor="D0N13"/>
            <port dstActor="D0N27" name="p37" srcActor="D0N11"/>
            <port dstActor="D0N26" name="p38" srcActor="D0N11"/>
            <port dstActor="D0N23" name="p39" srcActor="D0N11"/>
            <port dstActor="D0N8" name="p40" srcActor="D0N0"/>
            <port dstActor="D0N2" name="p41" srcActor="D0N0"/>
            <port dstActor="D0N22" name="p42" srcActor="D0N0"/>
            <port dstActor="D0N44" name="p43" srcActor="D0N8"/>
            <port dstActor="D0N27" name="p44" srcActor="D0N8"/>
            <port dstActor="D0N26" name="p45" srcActor="D0N8"/>
            <port dstActor="D0N36" name="p46" srcActor="D0N8"/>
            <port dstActor="D0N19" name="p47" srcActor="D0N8"/>
            <port dstActor="D0N39" name="p48" srcActor="D0N8"/>
            <port dstActor="D0N38" name="p49" srcActor="D0N34"/>
            <port dstActor="D0N45" name="p50" srcActor="D0N34"/>
            <port dstActor="D0N37" name="p51" srcActor="D0N34"/>
            <port dstActor="D0N36" name="p52" srcActor="D0N30"/>
            <port dstActor="D0N23" name="p53" srcActor="D0N16"/>
            <port dstActor="D0N30" name="p54" srcActor="D0N16"/>
            <port dstActor="D0N41" name="p55" srcActor="D0N16"/>
            <port dstActor="D0N43" name="p56" srcActor="D0N1"/>
            <port dstActor="D0N29" name="p57" srcActor="D0N1"/>
            <port dstActor="D0N19" name="p58" srcActor="D0N1"/>
            <port dstActor="D0N40" name="p59" srcActor="D0N31"/>
            <port dstActor="D0N41" name="p60" srcActor="D0N31"/>
            <port dstActor="D0N36" name="p61" srcActor="D0N29"/>
            <port dstActor="D0N7" name="p62" srcActor="D0N2"/>
            <port dstActor="D0N15" name="p63" srcActor="D0N2"/>
            <port dstActor="D0N18" name="p64" srcActor="D0N2"/>
            <port dstActor="D0N20" name="p65" srcActor="D0N2"/>
            <port dstActor="D0N46" name="p66" srcActor="D0N2"/>
            <port dstActor="D0N32" name="p67" srcActor="D0N2"/>
            <port dstActor="D0N40" name="p68" srcActor="D0N2"/>
            <port dstActor="D0N29" name="p69" srcActor="D0N2"/>
            <port dstActor="D0N39" name="p70" srcActor="D0N2"/>
            <port dstActor="D0N32" name="p71" srcActor="D0N17"/>
            <port dstActor="D0N34" name="p72" srcActor="D0N17"/>
            <port dstActor="D0N18" name="p73" srcActor="D0N17"/>
            <port dstActor="D0N21" name="p74" srcActor="D0N17"/>
            <port dstActor="D0N35" name="p75" srcActor="D0N9"/>
            <port dstActor="D0N36" name="p76" srcActor="D0N9"/>
            <port dstActor="D0N10" name="p77" srcActor="D0N9"/>
            <port dstActor="D0N32" name="p78" srcActor="D0N9"/>
            <port dstActor="D0N30" name="p79" srcActor="D0N9"/>
            <port dstActor="D0N39" name="p80" srcActor="D0N9"/>
            <port dstActor="D0N12" name="p81" srcActor="D0N10"/>
            <port dstActor="D0N46" name="p82" srcActor="D0N10"/>
            <port dstActor="D0N25" name="p83" srcActor="D0N10"/>
            <port dstActor="D0N44" name="p84" srcActor="D0N10"/>
            <port dstActor="D0N16" name="p85" srcActor="D0N10"/>
            <port dstActor="D0N42" name="p86" srcActor="D0N10"/>
            <port dstActor="D0N30" name="p87" srcActor="D0N20"/>
            <port dstActor="D0N33" name="p88" srcActor="D0N20"/>
            <port dstActor="D0N29" name="p89" srcActor="D0N5"/>
            <port dstActor="D0N25" name="p90" srcActor="D0N5"/>
            <port dstActor="D0N43" name="p91" srcActor="D0N5"/>
            <port dstActor="D0N23" name="p92" srcActor="D0N5"/>
            <port dstActor="D0N37" name="p93" srcActor="D0N35"/>
            <port dstActor="D0N35" name="p94" srcActor="D0N22"/>
            <port dstActor="D0N22" name="p95" srcActor="D0N3"/>
            <port dstActor="D0N42" name="p96" srcActor="D0N3"/>
            <port dstActor="D0N6" name="p97" srcActor="D0N3"/>
            <port dstActor="D0N38" name="p98" srcActor="D0N14"/>
            <port dstActor="D0N19" name="p99" srcActor="D0N14"/>
            <port dstActor="D0N30" name="p100" srcActor="D0N14"/>
            <port dstActor="D0N42" name="p101" srcActor="D0N14"/>
            <port dstActor="D0N31" name="p102" srcActor="D0N14"/>
            <port dstActor="D0N43" name="p103" srcActor="D0N15"/>
            <port dstActor="D0N44" name="p104" srcActor="D0N15"/>
            <port dstActor="D0N35" name="p105" srcActor="D0N15"/>
            <port dstActor="D0N22" name="p106" srcActor="D0N15"/>
            <port dstActor="D0N45" name="p107" srcActor="D0N27"/>
            <port dstActor="D0N38" name="p108" srcActor="D0N27"/>
            <port dstActor="D0N43" name="p109" srcActor="D0N27"/>
            <port dstActor="D0N30" name="p110" srcActor="D0N27"/>
            <port dstActor="D0N38" name="p111" srcActor="D0N6"/>
            <port dstActor="D0N9" name="p112" srcActor="D0N6"/>
            <port dstActor="D0N30" name="p113" srcActor="D0N6"/>
            <port dstActor="D0N7" name="p114" srcActor="D0N6"/>
            <port dstActor="D0N10" name="p115" srcActor="D0N6"/>
            <port dstActor="D0N12" name="p116" srcActor="D0N6"/>
            <port dstActor="D0N16" name="p117" srcActor="D0N6"/>
            <port dstActor="D0N43" name="p118" srcActor="D0N41"/>
        </ports>
    </mcdag>
    <cores number="3"/>
    <levels number="2"/>
</mcsystem>
