<?xml version="1.0" encoding="UTF-8" standalone="no"?>
<mcsystem>
    <mcdag deadline="3000" name="genned-0-ed-10.0-0">
        <actor name="D0N2">
            <wcet number="0">10</wcet>
            <wcet number="1">220</wcet>
            <maxpow number="0.6480732529733776"/>
            <maxpow number="0.6480732529733776"/>
            <fprob>0.0</fprob>
        </actor>
        <actor name="D0N10">
            <wcet number="0">270</wcet>
            <wcet number="1">340</wcet>
            <maxpow number="0.6592382354072363"/>
            <maxpow number="0.6592382354072363"/>
            <fprob>0.0</fprob>
        </actor>
        <actor name="D0N29">
            <wcet number="0">40</wcet>
            <wcet number="1">50</wcet>
            <maxpow number="0.6442258063186396"/>
            <maxpow number="0.6442258063186396"/>
            <fprob>0.0</fprob>
        </actor>
        <actor name="D0N45">
            <wcet number="0">170</wcet>
            <wcet number="1">360</wcet>
            <maxpow number="0.5836114401803513"/>
            <maxpow number="0.5836114401803513"/>
            <fprob>0.0</fprob>
        </actor>
        <actor name="D0N15">
            <wcet number="0">90</wcet>
            <wcet number="1">160</wcet>
            <maxpow number="0.7601689158100089"/>
            <maxpow number="0.7601689158100089"/>
            <fprob>0.0</fprob>
        </actor>
        <actor name="D0N32">
            <wcet number="0">70</wcet>
            <wcet number="1">120</wcet>
            <maxpow number="0.4850297694834831"/>
            <maxpow number="0.4850297694834831"/>
            <fprob>0.0</fprob>
        </actor>
        <actor name="D0N0">
            <wcet number="0">50</wcet>
            <wcet number="1">50</wcet>
            <maxpow number="0.40251297937561714"/>
            <maxpow number="0.40251297937561714"/>
            <fprob>0.0</fprob>
        </actor>
        <actor name="D0N4">
            <wcet number="0">20</wcet>
            <wcet number="1">270</wcet>
            <maxpow number="0.8191985533424673"/>
            <maxpow number="0.8191985533424673"/>
            <fprob>0.0</fprob>
        </actor>
        <actor name="D0N9">
            <wcet number="0">50</wcet>
            <wcet number="1">260</wcet>
            <maxpow number="0.5061136090185673"/>
            <maxpow number="0.5061136090185673"/>
            <fprob>0.0</fprob>
        </actor>
        <actor name="D0N40">
            <wcet number="0">40</wcet>
            <wcet number="1">80</wcet>
            <maxpow number="0.5849906399161717"/>
            <maxpow number="0.5849906399161717"/>
            <fprob>0.0</fprob>
        </actor>
        <actor name="D0N27">
            <wcet number="0">20</wcet>
            <wcet number="1">50</wcet>
            <maxpow number="0.6661765401529869"/>
            <maxpow number="0.6661765401529869"/>
            <fprob>0.0</fprob>
        </actor>
        <actor name="D0N34">
            <wcet number="0">120</wcet>
            <wcet number="1">160</wcet>
            <maxpow number="0.7962441983634744"/>
            <maxpow number="0.7962441983634744"/>
            <fprob>0.0</fprob>
        </actor>
        <actor name="D0N8">
            <wcet number="0">20</wcet>
            <wcet number="1">170</wcet>
            <maxpow number="0.581436874180046"/>
            <maxpow number="0.581436874180046"/>
            <fprob>0.0</fprob>
        </actor>
        <actor name="D0N19">
            <wcet number="0">40</wcet>
            <wcet number="1">90</wcet>
            <maxpow number="0.6764378146465511"/>
            <maxpow number="0.6764378146465511"/>
            <fprob>0.0</fprob>
        </actor>
        <actor name="D0N21">
            <wcet number="0">140</wcet>
            <wcet number="1">190</wcet>
            <maxpow number="0.5410315548210702"/>
            <maxpow number="0.5410315548210702"/>
            <fprob>0.0</fprob>
        </actor>
        <actor name="D0N41">
            <wcet number="0">40</wcet>
            <wcet number="1">70</wcet>
            <maxpow number="0.7103980626010473"/>
            <maxpow number="0.7103980626010473"/>
            <fprob>0.0</fprob>
        </actor>
        <actor name="D0N18">
            <wcet number="0">10</wcet>
            <wcet number="1">10</wcet>
            <maxpow number="0.5745853968927191"/>
            <maxpow number="0.5745853968927191"/>
            <fprob>0.0</fprob>
        </actor>
        <actor name="D0N42">
            <wcet number="0">40</wcet>
            <wcet number="1">40</wcet>
            <maxpow number="0.7237513247960788"/>
            <maxpow number="0.7237513247960788"/>
            <fprob>0.0</fprob>
        </actor>
        <actor name="D0N35">
            <wcet number="0">100</wcet>
            <wcet number="1">170</wcet>
            <maxpow number="0.39094042926414785"/>
            <maxpow number="0.39094042926414785"/>
            <fprob>0.0</fprob>
        </actor>
        <actor name="D0N33">
            <wcet number="0">40</wcet>
            <wcet number="1">240</wcet>
            <maxpow number="0.7900602682576802"/>
            <maxpow number="0.7900602682576802"/>
            <fprob>0.0</fprob>
        </actor>
        <actor name="D0N7">
            <wcet number="0">20</wcet>
            <wcet number="1">40</wcet>
            <maxpow number="0.8443325535019942"/>
            <maxpow number="0.8443325535019942"/>
            <fprob>0.0</fprob>
        </actor>
        <actor name="D0N31">
            <wcet number="0">180</wcet>
            <wcet number="1">230</wcet>
            <maxpow number="0.052776975453879216"/>
            <maxpow number="0.052776975453879216"/>
            <fprob>0.0</fprob>
        </actor>
        <actor name="D0N23">
            <wcet number="0">150</wcet>
            <wcet number="1">210</wcet>
            <maxpow number="0.3728278490170155"/>
            <maxpow number="0.3728278490170155"/>
            <fprob>0.0</fprob>
        </actor>
        <actor name="D0N11">
            <wcet number="0">50</wcet>
            <wcet number="1">70</wcet>
            <maxpow number="0.48946245191630855"/>
            <maxpow number="0.48946245191630855"/>
            <fprob>0.0</fprob>
        </actor>
        <actor name="D0N24">
            <wcet number="0">130</wcet>
            <wcet number="1">170</wcet>
            <maxpow number="0.5060261869574416"/>
            <maxpow number="0.5060261869574416"/>
            <fprob>0.0</fprob>
        </actor>
        <actor name="D0N28">
            <wcet number="0">60</wcet>
            <wcet number="1">170</wcet>
            <maxpow number="0.37702582176381016"/>
            <maxpow number="0.37702582176381016"/>
            <fprob>0.0</fprob>
        </actor>
        <actor name="D0N12">
            <wcet number="0">40</wcet>
            <wcet number="1">40</wcet>
            <maxpow number="0.5560004837697626"/>
            <maxpow number="0.5560004837697626"/>
            <fprob>0.0</fprob>
        </actor>
        <actor name="D0N6">
            <wcet number="0">30</wcet>
            <wcet number="1">110</wcet>
            <maxpow number="0.6774082664240033"/>
            <maxpow number="0.6774082664240033"/>
            <fprob>0.0</fprob>
        </actor>
        <actor name="D0N5">
            <wcet number="0">40</wcet>
            <wcet number="1">70</wcet>
            <maxpow number="0.5742248660252128"/>
            <maxpow number="0.5742248660252128"/>
            <fprob>0.0</fprob>
        </actor>
        <actor name="D0N37">
            <wcet number="0">30</wcet>
            <wcet number="1">30</wcet>
            <maxpow number="0.7066547105799457"/>
            <maxpow number="0.7066547105799457"/>
            <fprob>0.0</fprob>
        </actor>
        <actor name="D0N3">
            <wcet number="0">40</wcet>
            <wcet number="1">170</wcet>
            <maxpow number="0.695726499137352"/>
            <maxpow number="0.695726499137352"/>
            <fprob>0.0</fprob>
        </actor>
        <actor name="D0N39">
            <wcet number="0">10</wcet>
            <wcet number="1">30</wcet>
            <maxpow number="0.8368388248571468"/>
            <maxpow number="0.8368388248571468"/>
            <fprob>0.0</fprob>
        </actor>
        <actor name="D0N43">
            <wcet number="0">10</wcet>
            <wcet number="1">20</wcet>
            <maxpow number="0.5975196763483741"/>
            <maxpow number="0.5975196763483741"/>
            <fprob>0.0</fprob>
        </actor>
        <actor name="D0N1">
            <wcet number="0">30</wcet>
            <wcet number="1">80</wcet>
            <maxpow number="0.6686116797258091"/>
            <maxpow number="0.6686116797258091"/>
            <fprob>0.0</fprob>
        </actor>
        <actor name="D0N17">
            <wcet number="0">80</wcet>
            <wcet number="1">110</wcet>
            <maxpow number="0.8782486787873447"/>
            <maxpow number="0.8782486787873447"/>
            <fprob>0.0</fprob>
        </actor>
        <actor name="D0N48">
            <wcet number="0">10</wcet>
            <wcet number="1">370</wcet>
            <maxpow number="0.37100871832956106"/>
            <maxpow number="0.37100871832956106"/>
            <fprob>0.0</fprob>
        </actor>
        <actor name="D0N46">
            <wcet number="0">10</wcet>
            <wcet number="1">10</wcet>
            <maxpow number="0.5371294692739187"/>
            <maxpow number="0.5371294692739187"/>
            <fprob>0.0</fprob>
        </actor>
        <actor name="D0N47">
            <wcet number="0">230</wcet>
            <wcet number="1">340</wcet>
            <maxpow number="0.5389174138033871"/>
            <maxpow number="0.5389174138033871"/>
            <fprob>0.0</fprob>
        </actor>
        <actor name="D0N14">
            <wcet number="0">30</wcet>
            <wcet number="1">110</wcet>
            <maxpow number="0.4292271043547114"/>
            <maxpow number="0.4292271043547114"/>
            <fprob>0.0</fprob>
        </actor>
        <actor name="D0N25">
            <wcet number="0">60</wcet>
            <wcet number="1">80</wcet>
            <maxpow number="0.9569125271000598"/>
            <maxpow number="0.9569125271000598"/>
            <fprob>0.0</fprob>
        </actor>
        <actor name="D0N16">
            <wcet number="0">40</wcet>
            <wcet number="1">60</wcet>
            <maxpow number="0.6411281153670352"/>
            <maxpow number="0.6411281153670352"/>
            <fprob>0.0</fprob>
        </actor>
        <actor name="D0N30">
            <wcet number="0">100</wcet>
            <wcet number="1">140</wcet>
            <maxpow number="0.46636221901303604"/>
            <maxpow number="0.46636221901303604"/>
            <fprob>0.0</fprob>
        </actor>
        <actor name="D0N13">
            <wcet number="0">170</wcet>
            <wcet number="1">280</wcet>
            <maxpow number="0.4826302975770868"/>
            <maxpow number="0.4826302975770868"/>
            <fprob>0.0</fprob>
        </actor>
        <actor name="D0N49">
            <wcet number="0">10</wcet>
            <wcet number="1">10</wcet>
            <maxpow number="0.6632294790544708"/>
            <maxpow number="0.6632294790544708"/>
            <fprob>0.0</fprob>
        </actor>
        <actor name="D0N22">
            <wcet number="0">280</wcet>
            <wcet number="1">300</wcet>
            <maxpow number="0.5957883009675339"/>
            <maxpow number="0.5957883009675339"/>
            <fprob>0.0</fprob>
        </actor>
        <actor name="D0N44">
            <wcet number="0">10</wcet>
            <wcet number="1">20</wcet>
            <maxpow number="0.5831474039671302"/>
            <maxpow number="0.5831474039671302"/>
            <fprob>0.0</fprob>
        </actor>
        <actor name="D0N26">
            <wcet number="0">120</wcet>
            <wcet number="1">130</wcet>
            <maxpow number="0.3273220949322238"/>
            <maxpow number="0.3273220949322238"/>
            <fprob>0.0</fprob>
        </actor>
        <actor name="D0N36">
            <wcet number="0">30</wcet>
            <wcet number="1">70</wcet>
            <maxpow number="0.7086198723623154"/>
            <maxpow number="0.7086198723623154"/>
            <fprob>0.0</fprob>
        </actor>
        <actor name="D0N20">
            <wcet number="0">20</wcet>
            <wcet number="1">20</wcet>
            <maxpow number="0.3179906554105889"/>
            <maxpow number="0.3179906554105889"/>
            <fprob>0.0</fprob>
        </actor>
        <actor name="D0N38">
            <wcet number="0">10</wcet>
            <wcet number="1">10</wcet>
            <maxpow number="0.7757878046942053"/>
            <maxpow number="0.7757878046942053"/>
            <fprob>0.0</fprob>
        </actor>
        <ports>
            <port dstActor="D0N49" name="p0" srcActor="D0N2"/>
            <port dstActor="D0N34" name="p1" srcActor="D0N10"/>
            <port dstActor="D0N49" name="p2" srcActor="D0N10"/>
            <port dstActor="D0N25" name="p3" srcActor="D0N10"/>
            <port dstActor="D0N41" name="p4" srcActor="D0N10"/>
            <port dstActor="D0N15" name="p5" srcActor="D0N10"/>
            <port dstActor="D0N38" name="p6" srcActor="D0N10"/>
            <port dstActor="D0N35" name="p7" srcActor="D0N10"/>
            <port dstActor="D0N43" name="p8" srcActor="D0N29"/>
            <port dstActor="D0N34" name="p9" srcActor="D0N29"/>
            <port dstActor="D0N41" name="p10" srcActor="D0N29"/>
            <port dstActor="D0N47" name="p11" srcActor="D0N45"/>
            <port dstActor="D0N32" name="p12" srcActor="D0N15"/>
            <port dstActor="D0N27" name="p13" srcActor="D0N15"/>
            <port dstActor="D0N38" name="p14" srcActor="D0N15"/>
            <port dstActor="D0N36" name="p15" srcActor="D0N15"/>
            <port dstActor="D0N25" name="p16" srcActor="D0N15"/>
            <port dstActor="D0N41" name="p17" srcActor="D0N15"/>
            <port dstActor="D0N24" name="p18" srcActor="D0N15"/>
            <port dstActor="D0N31" name="p19" srcActor="D0N15"/>
            <port dstActor="D0N41" name="p20" srcActor="D0N32"/>
            <port dstActor="D0N39" name="p21" srcActor="D0N0"/>
            <port dstActor="D0N8" name="p22" srcActor="D0N0"/>
            <port dstActor="D0N9" name="p23" srcActor="D0N4"/>
            <port dstActor="D0N25" name="p24" srcActor="D0N4"/>
            <port dstActor="D0N30" name="p25" srcActor="D0N4"/>
            <port dstActor="D0N17" name="p26" srcActor="D0N4"/>
            <port dstActor="D0N10" name="p27" srcActor="D0N4"/>
            <port dstActor="D0N27" name="p28" srcActor="D0N4"/>
            <port dstActor="D0N40" name="p29" srcActor="D0N4"/>
            <port dstActor="D0N33" name="p30" srcActor="D0N4"/>
            <port dstActor="D0N37" name="p31" srcActor="D0N9"/>
            <port dstActor="D0N47" name="p32" srcActor="D0N27"/>
            <port dstActor="D0N41" name="p33" srcActor="D0N27"/>
            <port dstActor="D0N35" name="p34" srcActor="D0N34"/>
            <port dstActor="D0N38" name="p35" srcActor="D0N34"/>
            <port dstActor="D0N19" name="p36" srcActor="D0N8"/>
            <port dstActor="D0N34" name="p37" srcActor="D0N8"/>
            <port dstActor="D0N30" name="p38" srcActor="D0N8"/>
            <port dstActor="D0N21" name="p39" srcActor="D0N19"/>
            <port dstActor="D0N43" name="p40" srcActor="D0N19"/>
            <port dstActor="D0N35" name="p41" srcActor="D0N19"/>
            <port dstActor="D0N30" name="p42" srcActor="D0N21"/>
            <port dstActor="D0N25" name="p43" srcActor="D0N21"/>
            <port dstActor="D0N40" name="p44" srcActor="D0N18"/>
            <port dstActor="D0N44" name="p45" srcActor="D0N35"/>
            <port dstActor="D0N36" name="p46" srcActor="D0N35"/>
            <port dstActor="D0N47" name="p47" srcActor="D0N35"/>
            <port dstActor="D0N45" name="p48" srcActor="D0N35"/>
            <port dstActor="D0N40" name="p49" srcActor="D0N35"/>
            <port dstActor="D0N36" name="p50" srcActor="D0N33"/>
            <port dstActor="D0N37" name="p51" srcActor="D0N33"/>
            <port dstActor="D0N26" name="p52" srcActor="D0N7"/>
            <port dstActor="D0N38" name="p53" srcActor="D0N31"/>
            <port dstActor="D0N36" name="p54" srcActor="D0N31"/>
            <port dstActor="D0N32" name="p55" srcActor="D0N31"/>
            <port dstActor="D0N44" name="p56" srcActor="D0N31"/>
            <port dstActor="D0N34" name="p57" srcActor="D0N31"/>
            <port dstActor="D0N34" name="p58" srcActor="D0N23"/>
            <port dstActor="D0N49" name="p59" srcActor="D0N23"/>
            <port dstActor="D0N46" name="p60" srcActor="D0N23"/>
            <port dstActor="D0N24" name="p61" srcActor="D0N11"/>
            <port dstActor="D0N42" name="p62" srcActor="D0N11"/>
            <port dstActor="D0N48" name="p63" srcActor="D0N11"/>
            <port dstActor="D0N47" name="p64" srcActor="D0N11"/>
            <port dstActor="D0N12" name="p65" srcActor="D0N11"/>
            <port dstActor="D0N18" name="p66" srcActor="D0N11"/>
            <port dstActor="D0N19" name="p67" srcActor="D0N11"/>
            <port dstActor="D0N39" name="p68" srcActor="D0N11"/>
            <port dstActor="D0N37" name="p69" srcActor="D0N24"/>
            <port dstActor="D0N35" name="p70" srcActor="D0N24"/>
            <port dstActor="D0N27" name="p71" srcActor="D0N24"/>
            <port dstActor="D0N33" name="p72" srcActor="D0N28"/>
            <port dstActor="D0N44" name="p73" srcActor="D0N28"/>
            <port dstActor="D0N47" name="p74" srcActor="D0N28"/>
            <port dstActor="D0N18" name="p75" srcActor="D0N12"/>
            <port dstActor="D0N26" name="p76" srcActor="D0N12"/>
            <port dstActor="D0N23" name="p77" srcActor="D0N12"/>
            <port dstActor="D0N39" name="p78" srcActor="D0N12"/>
            <port dstActor="D0N16" name="p79" srcActor="D0N12"/>
            <port dstActor="D0N34" name="p80" srcActor="D0N6"/>
            <port dstActor="D0N12" name="p81" srcActor="D0N6"/>
            <port dstActor="D0N18" name="p82" srcActor="D0N6"/>
            <port dstActor="D0N49" name="p83" srcActor="D0N5"/>
            <port dstActor="D0N38" name="p84" srcActor="D0N5"/>
            <port dstActor="D0N13" name="p85" srcActor="D0N5"/>
            <port dstActor="D0N36" name="p86" srcActor="D0N5"/>
            <port dstActor="D0N26" name="p87" srcActor="D0N5"/>
            <port dstActor="D0N46" name="p88" srcActor="D0N5"/>
            <port dstActor="D0N25" name="p89" srcActor="D0N3"/>
            <port dstActor="D0N18" name="p90" srcActor="D0N3"/>
            <port dstActor="D0N20" name="p91" srcActor="D0N1"/>
            <port dstActor="D0N12" name="p92" srcActor="D0N1"/>
            <port dstActor="D0N38" name="p93" srcActor="D0N1"/>
            <port dstActor="D0N47" name="p94" srcActor="D0N1"/>
            <port dstActor="D0N34" name="p95" srcActor="D0N17"/>
            <port dstActor="D0N33" name="p96" srcActor="D0N17"/>
            <port dstActor="D0N43" name="p97" srcActor="D0N17"/>
            <port dstActor="D0N31" name="p98" srcActor="D0N17"/>
            <port dstActor="D0N15" name="p99" srcActor="D0N14"/>
            <port dstActor="D0N29" name="p100" srcActor="D0N14"/>
            <port dstActor="D0N18" name="p101" srcActor="D0N14"/>
            <port dstActor="D0N39" name="p102" srcActor="D0N30"/>
            <port dstActor="D0N25" name="p103" srcActor="D0N13"/>
            <port dstActor="D0N47" name="p104" srcActor="D0N13"/>
            <port dstActor="D0N44" name="p105" srcActor="D0N13"/>
            <port dstActor="D0N42" name="p106" srcActor="D0N22"/>
            <port dstActor="D0N48" name="p107" srcActor="D0N44"/>
            <port dstActor="D0N42" name="p108" srcActor="D0N26"/>
            <port dstActor="D0N33" name="p109" srcActor="D0N26"/>
            <port dstActor="D0N43" name="p110" srcActor="D0N26"/>
            <port dstActor="D0N49" name="p111" srcActor="D0N36"/>
            <port dstActor="D0N27" name="p112" srcActor="D0N20"/>
            <port dstActor="D0N29" name="p113" srcActor="D0N20"/>
            <port dstActor="D0N38" name="p114" srcActor="D0N20"/>
        </ports>
    </mcdag>
    <cores number="3"/>
    <levels number="2"/>
</mcsystem>
