<?xml version="1.0" encoding="UTF-8" standalone="no"?>
<mcsystem>
    <mcdag deadline="2000" name="genned-0-ed-10.0-0">
        <actor name="D0N40">
            <wcet number="0">60</wcet>
            <wcet number="1">190</wcet>
            <maxpow number="0.44477300643345236"/>
            <maxpow number="0.44477300643345236"/>
            <fprob>0.0</fprob>
        </actor>
        <actor name="D0N41">
            <wcet number="0">40</wcet>
            <wcet number="1">50</wcet>
            <maxpow number="0.39350994773090037"/>
            <maxpow number="0.39350994773090037"/>
            <fprob>0.0</fprob>
        </actor>
        <actor name="D0N20">
            <wcet number="0">60</wcet>
            <wcet number="1">70</wcet>
            <maxpow number="0.534386264742812"/>
            <maxpow number="0.534386264742812"/>
            <fprob>0.0</fprob>
        </actor>
        <actor name="D0N8">
            <wcet number="0">30</wcet>
            <wcet number="1">100</wcet>
            <maxpow number="0.5020086144662478"/>
            <maxpow number="0.5020086144662478"/>
            <fprob>0.0</fprob>
        </actor>
        <actor name="D0N21">
            <wcet number="0">140</wcet>
            <wcet number="1">140</wcet>
            <maxpow number="0.5517480095788098"/>
            <maxpow number="0.5517480095788098"/>
            <fprob>0.0</fprob>
        </actor>
        <actor name="D0N30">
            <wcet number="0">50</wcet>
            <wcet number="1">300</wcet>
            <maxpow number="0.5458001186976814"/>
            <maxpow number="0.5458001186976814"/>
            <fprob>0.0</fprob>
        </actor>
        <actor name="D0N10">
            <wcet number="0">20</wcet>
            <wcet number="1">50</wcet>
            <maxpow number="0.18194962687181598"/>
            <maxpow number="0.18194962687181598"/>
            <fprob>0.0</fprob>
        </actor>
        <actor name="D0N7">
            <wcet number="0">10</wcet>
            <wcet number="1">10</wcet>
            <maxpow number="0.36436378904629446"/>
            <maxpow number="0.36436378904629446"/>
            <fprob>0.0</fprob>
        </actor>
        <actor name="D0N25">
            <wcet number="0">110</wcet>
            <wcet number="1">370</wcet>
            <maxpow number="0.7737094987925073"/>
            <maxpow number="0.7737094987925073"/>
            <fprob>0.0</fprob>
        </actor>
        <actor name="D0N14">
            <wcet number="0">10</wcet>
            <wcet number="1">150</wcet>
            <maxpow number="0.37552708614621355"/>
            <maxpow number="0.37552708614621355"/>
            <fprob>0.0</fprob>
        </actor>
        <actor name="D0N42">
            <wcet number="0">70</wcet>
            <wcet number="1">90</wcet>
            <maxpow number="0.5685779533918719"/>
            <maxpow number="0.5685779533918719"/>
            <fprob>0.0</fprob>
        </actor>
        <actor name="D0N23">
            <wcet number="0">130</wcet>
            <wcet number="1">170</wcet>
            <maxpow number="0.6070827678051888"/>
            <maxpow number="0.6070827678051888"/>
            <fprob>0.0</fprob>
        </actor>
        <actor name="D0N5">
            <wcet number="0">190</wcet>
            <wcet number="1">230</wcet>
            <maxpow number="0.6194243293440584"/>
            <maxpow number="0.6194243293440584"/>
            <fprob>0.0</fprob>
        </actor>
        <actor name="D0N18">
            <wcet number="0">190</wcet>
            <wcet number="1">190</wcet>
            <maxpow number="0.3328407201964482"/>
            <maxpow number="0.3328407201964482"/>
            <fprob>0.0</fprob>
        </actor>
        <actor name="D0N35">
            <wcet number="0">20</wcet>
            <wcet number="1">150</wcet>
            <maxpow number="0.5515218519105214"/>
            <maxpow number="0.5515218519105214"/>
            <fprob>0.0</fprob>
        </actor>
        <actor name="D0N0">
            <wcet number="0">90</wcet>
            <wcet number="1">100</wcet>
            <maxpow number="0.6876677126404791"/>
            <maxpow number="0.6876677126404791"/>
            <fprob>0.0</fprob>
        </actor>
        <actor name="D0N1">
            <wcet number="0">210</wcet>
            <wcet number="1">220</wcet>
            <maxpow number="0.34380522973042055"/>
            <maxpow number="0.34380522973042055"/>
            <fprob>0.0</fprob>
        </actor>
        <actor name="D0N19">
            <wcet number="0">30</wcet>
            <wcet number="1">50</wcet>
            <maxpow number="0.11655872708941672"/>
            <maxpow number="0.11655872708941672"/>
            <fprob>0.0</fprob>
        </actor>
        <actor name="D0N6">
            <wcet number="0">20</wcet>
            <wcet number="1">50</wcet>
            <maxpow number="0.2515591854814445"/>
            <maxpow number="0.2515591854814445"/>
            <fprob>0.0</fprob>
        </actor>
        <actor name="D0N38">
            <wcet number="0">40</wcet>
            <wcet number="1">100</wcet>
            <maxpow number="0.6874720637530017"/>
            <maxpow number="0.6874720637530017"/>
            <fprob>0.0</fprob>
        </actor>
        <actor name="D0N28">
            <wcet number="0">120</wcet>
            <wcet number="1">180</wcet>
            <maxpow number="0.49374293312748146"/>
            <maxpow number="0.49374293312748146"/>
            <fprob>0.0</fprob>
        </actor>
        <actor name="D0N22">
            <wcet number="0">40</wcet>
            <wcet number="1">90</wcet>
            <maxpow number="0.40686626349358995"/>
            <maxpow number="0.40686626349358995"/>
            <fprob>0.0</fprob>
        </actor>
        <actor name="D0N26">
            <wcet number="0">20</wcet>
            <wcet number="1">20</wcet>
            <maxpow number="0.5860902366892399"/>
            <maxpow number="0.5860902366892399"/>
            <fprob>0.0</fprob>
        </actor>
        <actor name="D0N32">
            <wcet number="0">10</wcet>
            <wcet number="1">10</wcet>
            <maxpow number="0.45286789729627286"/>
            <maxpow number="0.45286789729627286"/>
            <fprob>0.0</fprob>
        </actor>
        <actor name="D0N29">
            <wcet number="0">20</wcet>
            <wcet number="1">40</wcet>
            <maxpow number="0.5293128465610476"/>
            <maxpow number="0.5293128465610476"/>
            <fprob>0.0</fprob>
        </actor>
        <actor name="D0N2">
            <wcet number="0">10</wcet>
            <wcet number="1">30</wcet>
            <maxpow number="0.8147746497030881"/>
            <maxpow number="0.8147746497030881"/>
            <fprob>0.0</fprob>
        </actor>
        <actor name="D0N9">
            <wcet number="0">70</wcet>
            <wcet number="1">70</wcet>
            <maxpow number="0.559230952193733"/>
            <maxpow number="0.559230952193733"/>
            <fprob>0.0</fprob>
        </actor>
        <actor name="D0N24">
            <wcet number="0">60</wcet>
            <wcet number="1">70</wcet>
            <maxpow number="0.8469629139829937"/>
            <maxpow number="0.8469629139829937"/>
            <fprob>0.0</fprob>
        </actor>
        <actor name="D0N33">
            <wcet number="0">20</wcet>
            <wcet number="1">30</wcet>
            <maxpow number="0.3688769462014562"/>
            <maxpow number="0.3688769462014562"/>
            <fprob>0.0</fprob>
        </actor>
        <actor name="D0N17">
            <wcet number="0">350</wcet>
            <wcet number="1">400</wcet>
            <maxpow number="0.8270306850176123"/>
            <maxpow number="0.8270306850176123"/>
            <fprob>0.0</fprob>
        </actor>
        <actor name="D0N4">
            <wcet number="0">10</wcet>
            <wcet number="1">10</wcet>
            <maxpow number="0.47272284333164916"/>
            <maxpow number="0.47272284333164916"/>
            <fprob>0.0</fprob>
        </actor>
        <actor name="D0N43">
            <wcet number="0">50</wcet>
            <wcet number="1">120</wcet>
            <maxpow number="0.48453994903068653"/>
            <maxpow number="0.48453994903068653"/>
            <fprob>0.0</fprob>
        </actor>
        <actor name="D0N16">
            <wcet number="0">10</wcet>
            <wcet number="1">10</wcet>
            <maxpow number="0.47904739273454666"/>
            <maxpow number="0.47904739273454666"/>
            <fprob>0.0</fprob>
        </actor>
        <actor name="D0N12">
            <wcet number="0">90</wcet>
            <wcet number="1">160</wcet>
            <maxpow number="0.42065723362345026"/>
            <maxpow number="0.42065723362345026"/>
            <fprob>0.0</fprob>
        </actor>
        <actor name="D0N31">
            <wcet number="0">30</wcet>
            <wcet number="1">30</wcet>
            <maxpow number="0.6530261989455305"/>
            <maxpow number="0.6530261989455305"/>
            <fprob>0.0</fprob>
        </actor>
        <actor name="D0N13">
            <wcet number="0">110</wcet>
            <wcet number="1">110</wcet>
            <maxpow number="0.23251355789367367"/>
            <maxpow number="0.23251355789367367"/>
            <fprob>0.0</fprob>
        </actor>
        <actor name="D0N36">
            <wcet number="0">10</wcet>
            <wcet number="1">80</wcet>
            <maxpow number="0.5615870778589056"/>
            <maxpow number="0.5615870778589056"/>
            <fprob>0.0</fprob>
        </actor>
        <actor name="D0N44">
            <wcet number="0">30</wcet>
            <wcet number="1">80</wcet>
            <maxpow number="0.4529065670769894"/>
            <maxpow number="0.4529065670769894"/>
            <fprob>0.0</fprob>
        </actor>
        <actor name="D0N11">
            <wcet number="0">40</wcet>
            <wcet number="1">40</wcet>
            <maxpow number="0.5877543518781884"/>
            <maxpow number="0.5877543518781884"/>
            <fprob>0.0</fprob>
        </actor>
        <actor name="D0N15">
            <wcet number="0">10</wcet>
            <wcet number="1">170</wcet>
            <maxpow number="0.770986559889637"/>
            <maxpow number="0.770986559889637"/>
            <fprob>0.0</fprob>
        </actor>
        <actor name="D0N37">
            <wcet number="0">50</wcet>
            <wcet number="1">50</wcet>
            <maxpow number="0.5779992046344361"/>
            <maxpow number="0.5779992046344361"/>
            <fprob>0.0</fprob>
        </actor>
        <actor name="D0N27">
            <wcet number="0">40</wcet>
            <wcet number="1">450</wcet>
            <maxpow number="0.6084631572918237"/>
            <maxpow number="0.6084631572918237"/>
            <fprob>0.0</fprob>
        </actor>
        <actor name="D0N34">
            <wcet number="0">10</wcet>
            <wcet number="1">80</wcet>
            <maxpow number="0.18258123226455159"/>
            <maxpow number="0.18258123226455159"/>
            <fprob>0.0</fprob>
        </actor>
        <actor name="D0N39">
            <wcet number="0">10</wcet>
            <wcet number="1">80</wcet>
            <maxpow number="0.5716905002486424"/>
            <maxpow number="0.5716905002486424"/>
            <fprob>0.0</fprob>
        </actor>
        <actor name="D0N3">
            <wcet number="0">10</wcet>
            <wcet number="1">10</wcet>
            <maxpow number="0.6628978701868031"/>
            <maxpow number="0.6628978701868031"/>
            <fprob>0.0</fprob>
        </actor>
        <ports>
            <port dstActor="D0N44" name="p0" srcActor="D0N40"/>
            <port dstActor="D0N43" name="p1" srcActor="D0N40"/>
            <port dstActor="D0N34" name="p2" srcActor="D0N8"/>
            <port dstActor="D0N22" name="p3" srcActor="D0N8"/>
            <port dstActor="D0N10" name="p4" srcActor="D0N8"/>
            <port dstActor="D0N37" name="p5" srcActor="D0N8"/>
            <port dstActor="D0N42" name="p6" srcActor="D0N8"/>
            <port dstActor="D0N18" name="p7" srcActor="D0N8"/>
            <port dstActor="D0N42" name="p8" srcActor="D0N21"/>
            <port dstActor="D0N30" name="p9" srcActor="D0N21"/>
            <port dstActor="D0N43" name="p10" srcActor="D0N21"/>
            <port dstActor="D0N35" name="p11" srcActor="D0N30"/>
            <port dstActor="D0N32" name="p12" srcActor="D0N30"/>
            <port dstActor="D0N27" name="p13" srcActor="D0N10"/>
            <port dstActor="D0N35" name="p14" srcActor="D0N10"/>
            <port dstActor="D0N29" name="p15" srcActor="D0N10"/>
            <port dstActor="D0N44" name="p16" srcActor="D0N10"/>
            <port dstActor="D0N26" name="p17" srcActor="D0N10"/>
            <port dstActor="D0N34" name="p18" srcActor="D0N10"/>
            <port dstActor="D0N23" name="p19" srcActor="D0N7"/>
            <port dstActor="D0N38" name="p20" srcActor="D0N7"/>
            <port dstActor="D0N31" name="p21" srcActor="D0N25"/>
            <port dstActor="D0N26" name="p22" srcActor="D0N14"/>
            <port dstActor="D0N21" name="p23" srcActor="D0N14"/>
            <port dstActor="D0N26" name="p24" srcActor="D0N23"/>
            <port dstActor="D0N44" name="p25" srcActor="D0N23"/>
            <port dstActor="D0N37" name="p26" srcActor="D0N23"/>
            <port dstActor="D0N37" name="p27" srcActor="D0N5"/>
            <port dstActor="D0N20" name="p28" srcActor="D0N5"/>
            <port dstActor="D0N40" name="p29" srcActor="D0N35"/>
            <port dstActor="D0N26" name="p30" srcActor="D0N0"/>
            <port dstActor="D0N14" name="p31" srcActor="D0N0"/>
            <port dstActor="D0N4" name="p32" srcActor="D0N0"/>
            <port dstActor="D0N30" name="p33" srcActor="D0N0"/>
            <port dstActor="D0N35" name="p34" srcActor="D0N0"/>
            <port dstActor="D0N43" name="p35" srcActor="D0N0"/>
            <port dstActor="D0N6" name="p36" srcActor="D0N0"/>
            <port dstActor="D0N19" name="p37" srcActor="D0N0"/>
            <port dstActor="D0N22" name="p38" srcActor="D0N1"/>
            <port dstActor="D0N25" name="p39" srcActor="D0N19"/>
            <port dstActor="D0N21" name="p40" srcActor="D0N19"/>
            <port dstActor="D0N37" name="p41" srcActor="D0N6"/>
            <port dstActor="D0N8" name="p42" srcActor="D0N6"/>
            <port dstActor="D0N15" name="p43" srcActor="D0N6"/>
            <port dstActor="D0N39" name="p44" srcActor="D0N38"/>
            <port dstActor="D0N44" name="p45" srcActor="D0N28"/>
            <port dstActor="D0N42" name="p46" srcActor="D0N28"/>
            <port dstActor="D0N37" name="p47" srcActor="D0N22"/>
            <port dstActor="D0N44" name="p48" srcActor="D0N22"/>
            <port dstActor="D0N28" name="p49" srcActor="D0N22"/>
            <port dstActor="D0N43" name="p50" srcActor="D0N22"/>
            <port dstActor="D0N43" name="p51" srcActor="D0N26"/>
            <port dstActor="D0N42" name="p52" srcActor="D0N32"/>
            <port dstActor="D0N43" name="p53" srcActor="D0N32"/>
            <port dstActor="D0N42" name="p54" srcActor="D0N29"/>
            <port dstActor="D0N27" name="p55" srcActor="D0N2"/>
            <port dstActor="D0N24" name="p56" srcActor="D0N2"/>
            <port dstActor="D0N21" name="p57" srcActor="D0N2"/>
            <port dstActor="D0N16" name="p58" srcActor="D0N2"/>
            <port dstActor="D0N23" name="p59" srcActor="D0N2"/>
            <port dstActor="D0N25" name="p60" srcActor="D0N2"/>
            <port dstActor="D0N14" name="p61" srcActor="D0N9"/>
            <port dstActor="D0N12" name="p62" srcActor="D0N9"/>
            <port dstActor="D0N39" name="p63" srcActor="D0N9"/>
            <port dstActor="D0N40" name="p64" srcActor="D0N9"/>
            <port dstActor="D0N41" name="p65" srcActor="D0N9"/>
            <port dstActor="D0N33" name="p66" srcActor="D0N9"/>
            <port dstActor="D0N38" name="p67" srcActor="D0N24"/>
            <port dstActor="D0N32" name="p68" srcActor="D0N24"/>
            <port dstActor="D0N36" name="p69" srcActor="D0N33"/>
            <port dstActor="D0N37" name="p70" srcActor="D0N33"/>
            <port dstActor="D0N43" name="p71" srcActor="D0N33"/>
            <port dstActor="D0N32" name="p72" srcActor="D0N17"/>
            <port dstActor="D0N37" name="p73" srcActor="D0N4"/>
            <port dstActor="D0N39" name="p74" srcActor="D0N4"/>
            <port dstActor="D0N7" name="p75" srcActor="D0N4"/>
            <port dstActor="D0N36" name="p76" srcActor="D0N4"/>
            <port dstActor="D0N28" name="p77" srcActor="D0N4"/>
            <port dstActor="D0N17" name="p78" srcActor="D0N16"/>
            <port dstActor="D0N37" name="p79" srcActor="D0N16"/>
            <port dstActor="D0N20" name="p80" srcActor="D0N16"/>
            <port dstActor="D0N22" name="p81" srcActor="D0N16"/>
            <port dstActor="D0N36" name="p82" srcActor="D0N16"/>
            <port dstActor="D0N15" name="p83" srcActor="D0N12"/>
            <port dstActor="D0N30" name="p84" srcActor="D0N13"/>
            <port dstActor="D0N38" name="p85" srcActor="D0N13"/>
            <port dstActor="D0N34" name="p86" srcActor="D0N13"/>
            <port dstActor="D0N43" name="p87" srcActor="D0N36"/>
            <port dstActor="D0N14" name="p88" srcActor="D0N11"/>
            <port dstActor="D0N25" name="p89" srcActor="D0N11"/>
            <port dstActor="D0N42" name="p90" srcActor="D0N11"/>
            <port dstActor="D0N15" name="p91" srcActor="D0N11"/>
            <port dstActor="D0N42" name="p92" srcActor="D0N15"/>
            <port dstActor="D0N26" name="p93" srcActor="D0N15"/>
            <port dstActor="D0N29" name="p94" srcActor="D0N15"/>
            <port dstActor="D0N28" name="p95" srcActor="D0N27"/>
            <port dstActor="D0N35" name="p96" srcActor="D0N27"/>
            <port dstActor="D0N42" name="p97" srcActor="D0N27"/>
            <port dstActor="D0N41" name="p98" srcActor="D0N34"/>
            <port dstActor="D0N36" name="p99" srcActor="D0N34"/>
            <port dstActor="D0N37" name="p100" srcActor="D0N34"/>
            <port dstActor="D0N38" name="p101" srcActor="D0N34"/>
            <port dstActor="D0N27" name="p102" srcActor="D0N3"/>
            <port dstActor="D0N42" name="p103" srcActor="D0N3"/>
            <port dstActor="D0N13" name="p104" srcActor="D0N3"/>
            <port dstActor="D0N14" name="p105" srcActor="D0N3"/>
        </ports>
    </mcdag>
    <cores number="3"/>
    <levels number="2"/>
</mcsystem>
