<?xml version="1.0" encoding="UTF-8" standalone="no"?>
<mcsystem>
    <mcdag deadline="4000" name="genned-0-ed-10.0-0">
        <actor name="D0N1">
            <wcet number="0">30</wcet>
            <wcet number="1">30</wcet>
            <maxpow number="0.4346211021782456"/>
            <maxpow number="0.4346211021782456"/>
            <fprob>0.0</fprob>
        </actor>
        <actor name="D0N22">
            <wcet number="0">40</wcet>
            <wcet number="1">70</wcet>
            <maxpow number="0.18851710008117528"/>
            <maxpow number="0.18851710008117528"/>
            <fprob>0.0</fprob>
        </actor>
        <actor name="D0N3">
            <wcet number="0">230</wcet>
            <wcet number="1">300</wcet>
            <maxpow number="0.6512664776486086"/>
            <maxpow number="0.6512664776486086"/>
            <fprob>0.0</fprob>
        </actor>
        <actor name="D0N40">
            <wcet number="0">310</wcet>
            <wcet number="1">310</wcet>
            <maxpow number="0.7848999308034982"/>
            <maxpow number="0.7848999308034982"/>
            <fprob>0.0</fprob>
        </actor>
        <actor name="D0N24">
            <wcet number="0">10</wcet>
            <wcet number="1">160</wcet>
            <maxpow number="0.48079260348825914"/>
            <maxpow number="0.48079260348825914"/>
            <fprob>0.0</fprob>
        </actor>
        <actor name="D0N10">
            <wcet number="0">10</wcet>
            <wcet number="1">140</wcet>
            <maxpow number="0.40482935058927727"/>
            <maxpow number="0.40482935058927727"/>
            <fprob>0.0</fprob>
        </actor>
        <actor name="D0N37">
            <wcet number="0">110</wcet>
            <wcet number="1">220</wcet>
            <maxpow number="0.33048753465101616"/>
            <maxpow number="0.33048753465101616"/>
            <fprob>0.0</fprob>
        </actor>
        <actor name="D0N43">
            <wcet number="0">110</wcet>
            <wcet number="1">210</wcet>
            <maxpow number="0.3524720276959271"/>
            <maxpow number="0.3524720276959271"/>
            <fprob>0.0</fprob>
        </actor>
        <actor name="D0N21">
            <wcet number="0">60</wcet>
            <wcet number="1">300</wcet>
            <maxpow number="0.16906733764939336"/>
            <maxpow number="0.16906733764939336"/>
            <fprob>0.0</fprob>
        </actor>
        <actor name="D0N8">
            <wcet number="0">750</wcet>
            <wcet number="1">840</wcet>
            <maxpow number="0.8044545861739765"/>
            <maxpow number="0.8044545861739765"/>
            <fprob>0.0</fprob>
        </actor>
        <actor name="D0N6">
            <wcet number="0">20</wcet>
            <wcet number="1">80</wcet>
            <maxpow number="0.23430156116306738"/>
            <maxpow number="0.23430156116306738"/>
            <fprob>0.0</fprob>
        </actor>
        <actor name="D0N26">
            <wcet number="0">390</wcet>
            <wcet number="1">450</wcet>
            <maxpow number="0.6962557118519772"/>
            <maxpow number="0.6962557118519772"/>
            <fprob>0.0</fprob>
        </actor>
        <actor name="D0N46">
            <wcet number="0">60</wcet>
            <wcet number="1">100</wcet>
            <maxpow number="0.724188319249337"/>
            <maxpow number="0.724188319249337"/>
            <fprob>0.0</fprob>
        </actor>
        <actor name="D0N4">
            <wcet number="0">110</wcet>
            <wcet number="1">110</wcet>
            <maxpow number="0.46667055328803353"/>
            <maxpow number="0.46667055328803353"/>
            <fprob>0.0</fprob>
        </actor>
        <actor name="D0N7">
            <wcet number="0">420</wcet>
            <wcet number="1">590</wcet>
            <maxpow number="0.40531394867180304"/>
            <maxpow number="0.40531394867180304"/>
            <fprob>0.0</fprob>
        </actor>
        <actor name="D0N39">
            <wcet number="0">30</wcet>
            <wcet number="1">50</wcet>
            <maxpow number="0.49891295336222113"/>
            <maxpow number="0.49891295336222113"/>
            <fprob>0.0</fprob>
        </actor>
        <actor name="D0N13">
            <wcet number="0">10</wcet>
            <wcet number="1">10</wcet>
            <maxpow number="0.20013856084644205"/>
            <maxpow number="0.20013856084644205"/>
            <fprob>0.0</fprob>
        </actor>
        <actor name="D0N17">
            <wcet number="0">80</wcet>
            <wcet number="1">90</wcet>
            <maxpow number="0.7478905732111856"/>
            <maxpow number="0.7478905732111856"/>
            <fprob>0.0</fprob>
        </actor>
        <actor name="D0N36">
            <wcet number="0">20</wcet>
            <wcet number="1">50</wcet>
            <maxpow number="0.15981857275288508"/>
            <maxpow number="0.15981857275288508"/>
            <fprob>0.0</fprob>
        </actor>
        <actor name="D0N44">
            <wcet number="0">320</wcet>
            <wcet number="1">330</wcet>
            <maxpow number="0.24016779767171537"/>
            <maxpow number="0.24016779767171537"/>
            <fprob>0.0</fprob>
        </actor>
        <actor name="D0N35">
            <wcet number="0">120</wcet>
            <wcet number="1">260</wcet>
            <maxpow number="0.6016013328795932"/>
            <maxpow number="0.6016013328795932"/>
            <fprob>0.0</fprob>
        </actor>
        <actor name="D0N25">
            <wcet number="0">70</wcet>
            <wcet number="1">70</wcet>
            <maxpow number="0.6291220202880338"/>
            <maxpow number="0.6291220202880338"/>
            <fprob>0.0</fprob>
        </actor>
        <actor name="D0N41">
            <wcet number="0">20</wcet>
            <wcet number="1">30</wcet>
            <maxpow number="0.6273276931652682"/>
            <maxpow number="0.6273276931652682"/>
            <fprob>0.0</fprob>
        </actor>
        <actor name="D0N15">
            <wcet number="0">30</wcet>
            <wcet number="1">50</wcet>
            <maxpow number="0.6426486481898541"/>
            <maxpow number="0.6426486481898541"/>
            <fprob>0.0</fprob>
        </actor>
        <actor name="D0N18">
            <wcet number="0">10</wcet>
            <wcet number="1">30</wcet>
            <maxpow number="0.4546907256639051"/>
            <maxpow number="0.4546907256639051"/>
            <fprob>0.0</fprob>
        </actor>
        <actor name="D0N32">
            <wcet number="0">10</wcet>
            <wcet number="1">80</wcet>
            <maxpow number="0.7837217694332009"/>
            <maxpow number="0.7837217694332009"/>
            <fprob>0.0</fprob>
        </actor>
        <actor name="D0N20">
            <wcet number="0">160</wcet>
            <wcet number="1">180</wcet>
            <maxpow number="0.43136961588738676"/>
            <maxpow number="0.43136961588738676"/>
            <fprob>0.0</fprob>
        </actor>
        <actor name="D0N27">
            <wcet number="0">140</wcet>
            <wcet number="1">170</wcet>
            <maxpow number="0.7428725649805084"/>
            <maxpow number="0.7428725649805084"/>
            <fprob>0.0</fprob>
        </actor>
        <actor name="D0N30">
            <wcet number="0">10</wcet>
            <wcet number="1">10</wcet>
            <maxpow number="0.46550979209338705"/>
            <maxpow number="0.46550979209338705"/>
            <fprob>0.0</fprob>
        </actor>
        <actor name="D0N19">
            <wcet number="0">160</wcet>
            <wcet number="1">200</wcet>
            <maxpow number="0.531040406566831"/>
            <maxpow number="0.531040406566831"/>
            <fprob>0.0</fprob>
        </actor>
        <actor name="D0N9">
            <wcet number="0">20</wcet>
            <wcet number="1">30</wcet>
            <maxpow number="0.5906286920790654"/>
            <maxpow number="0.5906286920790654"/>
            <fprob>0.0</fprob>
        </actor>
        <actor name="D0N23">
            <wcet number="0">220</wcet>
            <wcet number="1">290</wcet>
            <maxpow number="0.1244508797136934"/>
            <maxpow number="0.1244508797136934"/>
            <fprob>0.0</fprob>
        </actor>
        <actor name="D0N29">
            <wcet number="0">10</wcet>
            <wcet number="1">10</wcet>
            <maxpow number="0.5439686017402218"/>
            <maxpow number="0.5439686017402218"/>
            <fprob>0.0</fprob>
        </actor>
        <actor name="D0N45">
            <wcet number="0">30</wcet>
            <wcet number="1">90</wcet>
            <maxpow number="0.37503489191240313"/>
            <maxpow number="0.37503489191240313"/>
            <fprob>0.0</fprob>
        </actor>
        <actor name="D0N12">
            <wcet number="0">30</wcet>
            <wcet number="1">40</wcet>
            <maxpow number="0.6842656144002368"/>
            <maxpow number="0.6842656144002368"/>
            <fprob>0.0</fprob>
        </actor>
        <actor name="D0N38">
            <wcet number="0">40</wcet>
            <wcet number="1">50</wcet>
            <maxpow number="0.6811151103658701"/>
            <maxpow number="0.6811151103658701"/>
            <fprob>0.0</fprob>
        </actor>
        <actor name="D0N42">
            <wcet number="0">70</wcet>
            <wcet number="1">70</wcet>
            <maxpow number="0.41568349918681224"/>
            <maxpow number="0.41568349918681224"/>
            <fprob>0.0</fprob>
        </actor>
        <actor name="D0N33">
            <wcet number="0">470</wcet>
            <wcet number="1">700</wcet>
            <maxpow number="0.45981084237607317"/>
            <maxpow number="0.45981084237607317"/>
            <fprob>0.0</fprob>
        </actor>
        <actor name="D0N14">
            <wcet number="0">10</wcet>
            <wcet number="1">260</wcet>
            <maxpow number="0.5141197368216822"/>
            <maxpow number="0.5141197368216822"/>
            <fprob>0.0</fprob>
        </actor>
        <actor name="D0N5">
            <wcet number="0">40</wcet>
            <wcet number="1">100</wcet>
            <maxpow number="0.37420286402196634"/>
            <maxpow number="0.37420286402196634"/>
            <fprob>0.0</fprob>
        </actor>
        <actor name="D0N2">
            <wcet number="0">200</wcet>
            <wcet number="1">230</wcet>
            <maxpow number="0.3099074208013549"/>
            <maxpow number="0.3099074208013549"/>
            <fprob>0.0</fprob>
        </actor>
        <actor name="D0N28">
            <wcet number="0">110</wcet>
            <wcet number="1">160</wcet>
            <maxpow number="0.8104098827121964"/>
            <maxpow number="0.8104098827121964"/>
            <fprob>0.0</fprob>
        </actor>
        <actor name="D0N11">
            <wcet number="0">220</wcet>
            <wcet number="1">220</wcet>
            <maxpow number="0.5024517505317985"/>
            <maxpow number="0.5024517505317985"/>
            <fprob>0.0</fprob>
        </actor>
        <actor name="D0N31">
            <wcet number="0">40</wcet>
            <wcet number="1">60</wcet>
            <maxpow number="1.0487577482845967"/>
            <maxpow number="1.0487577482845967"/>
            <fprob>0.0</fprob>
        </actor>
        <actor name="D0N34">
            <wcet number="0">20</wcet>
            <wcet number="1">230</wcet>
            <maxpow number="0.4363538298139467"/>
            <maxpow number="0.4363538298139467"/>
            <fprob>0.0</fprob>
        </actor>
        <actor name="D0N0">
            <wcet number="0">160</wcet>
            <wcet number="1">180</wcet>
            <maxpow number="0.6095501753343743"/>
            <maxpow number="0.6095501753343743"/>
            <fprob>0.0</fprob>
        </actor>
        <actor name="D0N16">
            <wcet number="0">150</wcet>
            <wcet number="1">160</wcet>
            <maxpow number="0.3316659216053065"/>
            <maxpow number="0.3316659216053065"/>
            <fprob>0.0</fprob>
        </actor>
        <ports>
            <port dstActor="D0N36" name="p0" srcActor="D0N1"/>
            <port dstActor="D0N45" name="p1" srcActor="D0N1"/>
            <port dstActor="D0N30" name="p2" srcActor="D0N1"/>
            <port dstActor="D0N28" name="p3" srcActor="D0N1"/>
            <port dstActor="D0N23" name="p4" srcActor="D0N22"/>
            <port dstActor="D0N30" name="p5" srcActor="D0N22"/>
            <port dstActor="D0N24" name="p6" srcActor="D0N22"/>
            <port dstActor="D0N40" name="p7" srcActor="D0N3"/>
            <port dstActor="D0N25" name="p8" srcActor="D0N3"/>
            <port dstActor="D0N6" name="p9" srcActor="D0N3"/>
            <port dstActor="D0N35" name="p10" srcActor="D0N24"/>
            <port dstActor="D0N38" name="p11" srcActor="D0N24"/>
            <port dstActor="D0N44" name="p12" srcActor="D0N24"/>
            <port dstActor="D0N27" name="p13" srcActor="D0N24"/>
            <port dstActor="D0N31" name="p14" srcActor="D0N24"/>
            <port dstActor="D0N33" name="p15" srcActor="D0N24"/>
            <port dstActor="D0N29" name="p16" srcActor="D0N24"/>
            <port dstActor="D0N19" name="p17" srcActor="D0N10"/>
            <port dstActor="D0N34" name="p18" srcActor="D0N10"/>
            <port dstActor="D0N45" name="p19" srcActor="D0N10"/>
            <port dstActor="D0N13" name="p20" srcActor="D0N10"/>
            <port dstActor="D0N14" name="p21" srcActor="D0N10"/>
            <port dstActor="D0N27" name="p22" srcActor="D0N10"/>
            <port dstActor="D0N39" name="p23" srcActor="D0N37"/>
            <port dstActor="D0N45" name="p24" srcActor="D0N43"/>
            <port dstActor="D0N28" name="p25" srcActor="D0N21"/>
            <port dstActor="D0N33" name="p26" srcActor="D0N21"/>
            <port dstActor="D0N29" name="p27" srcActor="D0N21"/>
            <port dstActor="D0N31" name="p28" srcActor="D0N21"/>
            <port dstActor="D0N24" name="p29" srcActor="D0N21"/>
            <port dstActor="D0N36" name="p30" srcActor="D0N8"/>
            <port dstActor="D0N35" name="p31" srcActor="D0N8"/>
            <port dstActor="D0N35" name="p32" srcActor="D0N6"/>
            <port dstActor="D0N21" name="p33" srcActor="D0N6"/>
            <port dstActor="D0N24" name="p34" srcActor="D0N6"/>
            <port dstActor="D0N30" name="p35" srcActor="D0N6"/>
            <port dstActor="D0N43" name="p36" srcActor="D0N6"/>
            <port dstActor="D0N29" name="p37" srcActor="D0N6"/>
            <port dstActor="D0N40" name="p38" srcActor="D0N6"/>
            <port dstActor="D0N46" name="p39" srcActor="D0N26"/>
            <port dstActor="D0N6" name="p40" srcActor="D0N4"/>
            <port dstActor="D0N23" name="p41" srcActor="D0N7"/>
            <port dstActor="D0N39" name="p42" srcActor="D0N7"/>
            <port dstActor="D0N29" name="p43" srcActor="D0N17"/>
            <port dstActor="D0N39" name="p44" srcActor="D0N36"/>
            <port dstActor="D0N43" name="p45" srcActor="D0N36"/>
            <port dstActor="D0N39" name="p46" srcActor="D0N35"/>
            <port dstActor="D0N40" name="p47" srcActor="D0N35"/>
            <port dstActor="D0N36" name="p48" srcActor="D0N25"/>
            <port dstActor="D0N43" name="p49" srcActor="D0N25"/>
            <port dstActor="D0N25" name="p50" srcActor="D0N15"/>
            <port dstActor="D0N38" name="p51" srcActor="D0N15"/>
            <port dstActor="D0N33" name="p52" srcActor="D0N15"/>
            <port dstActor="D0N37" name="p53" srcActor="D0N15"/>
            <port dstActor="D0N31" name="p54" srcActor="D0N15"/>
            <port dstActor="D0N27" name="p55" srcActor="D0N15"/>
            <port dstActor="D0N37" name="p56" srcActor="D0N18"/>
            <port dstActor="D0N26" name="p57" srcActor="D0N18"/>
            <port dstActor="D0N25" name="p58" srcActor="D0N18"/>
            <port dstActor="D0N34" name="p59" srcActor="D0N18"/>
            <port dstActor="D0N33" name="p60" srcActor="D0N32"/>
            <port dstActor="D0N39" name="p61" srcActor="D0N32"/>
            <port dstActor="D0N43" name="p62" srcActor="D0N32"/>
            <port dstActor="D0N43" name="p63" srcActor="D0N20"/>
            <port dstActor="D0N44" name="p64" srcActor="D0N20"/>
            <port dstActor="D0N34" name="p65" srcActor="D0N30"/>
            <port dstActor="D0N43" name="p66" srcActor="D0N19"/>
            <port dstActor="D0N23" name="p67" srcActor="D0N19"/>
            <port dstActor="D0N36" name="p68" srcActor="D0N19"/>
            <port dstActor="D0N16" name="p69" srcActor="D0N9"/>
            <port dstActor="D0N24" name="p70" srcActor="D0N23"/>
            <port dstActor="D0N45" name="p71" srcActor="D0N23"/>
            <port dstActor="D0N44" name="p72" srcActor="D0N23"/>
            <port dstActor="D0N43" name="p73" srcActor="D0N29"/>
            <port dstActor="D0N34" name="p74" srcActor="D0N12"/>
            <port dstActor="D0N45" name="p75" srcActor="D0N12"/>
            <port dstActor="D0N16" name="p76" srcActor="D0N12"/>
            <port dstActor="D0N19" name="p77" srcActor="D0N12"/>
            <port dstActor="D0N43" name="p78" srcActor="D0N42"/>
            <port dstActor="D0N45" name="p79" srcActor="D0N42"/>
            <port dstActor="D0N46" name="p80" srcActor="D0N42"/>
            <port dstActor="D0N44" name="p81" srcActor="D0N42"/>
            <port dstActor="D0N41" name="p82" srcActor="D0N33"/>
            <port dstActor="D0N36" name="p83" srcActor="D0N14"/>
            <port dstActor="D0N31" name="p84" srcActor="D0N14"/>
            <port dstActor="D0N26" name="p85" srcActor="D0N5"/>
            <port dstActor="D0N31" name="p86" srcActor="D0N5"/>
            <port dstActor="D0N35" name="p87" srcActor="D0N5"/>
            <port dstActor="D0N40" name="p88" srcActor="D0N5"/>
            <port dstActor="D0N30" name="p89" srcActor="D0N5"/>
            <port dstActor="D0N16" name="p90" srcActor="D0N5"/>
            <port dstActor="D0N41" name="p91" srcActor="D0N2"/>
            <port dstActor="D0N44" name="p92" srcActor="D0N2"/>
            <port dstActor="D0N31" name="p93" srcActor="D0N28"/>
            <port dstActor="D0N37" name="p94" srcActor="D0N28"/>
            <port dstActor="D0N18" name="p95" srcActor="D0N11"/>
            <port dstActor="D0N45" name="p96" srcActor="D0N11"/>
            <port dstActor="D0N17" name="p97" srcActor="D0N11"/>
            <port dstActor="D0N41" name="p98" srcActor="D0N11"/>
            <port dstActor="D0N41" name="p99" srcActor="D0N31"/>
            <port dstActor="D0N42" name="p100" srcActor="D0N31"/>
            <port dstActor="D0N44" name="p101" srcActor="D0N31"/>
            <port dstActor="D0N43" name="p102" srcActor="D0N34"/>
            <port dstActor="D0N40" name="p103" srcActor="D0N34"/>
            <port dstActor="D0N44" name="p104" srcActor="D0N34"/>
            <port dstActor="D0N39" name="p105" srcActor="D0N34"/>
            <port dstActor="D0N14" name="p106" srcActor="D0N0"/>
            <port dstActor="D0N11" name="p107" srcActor="D0N0"/>
            <port dstActor="D0N38" name="p108" srcActor="D0N0"/>
            <port dstActor="D0N23" name="p109" srcActor="D0N0"/>
            <port dstActor="D0N18" name="p110" srcActor="D0N0"/>
            <port dstActor="D0N9" name="p111" srcActor="D0N0"/>
            <port dstActor="D0N45" name="p112" srcActor="D0N0"/>
            <port dstActor="D0N36" name="p113" srcActor="D0N16"/>
            <port dstActor="D0N38" name="p114" srcActor="D0N16"/>
            <port dstActor="D0N22" name="p115" srcActor="D0N16"/>
            <port dstActor="D0N34" name="p116" srcActor="D0N16"/>
            <port dstActor="D0N24" name="p117" srcActor="D0N16"/>
        </ports>
    </mcdag>
    <cores number="3"/>
    <levels number="2"/>
</mcsystem>
