<?xml version="1.0" encoding="UTF-8" standalone="no"?>
<mcsystem>
    <mcdag deadline="1000" name="genned-0-ed-10.0-0">
        <actor name="D0N39">
            <wcet number="0">10</wcet>
            <wcet number="1">10</wcet>
            <maxpow number="0.5523321670822612"/>
            <maxpow number="0.5523321670822612"/>
            <fprob>0.0</fprob>
        </actor>
        <actor name="D0N6">
            <wcet number="0">70</wcet>
            <wcet number="1">110</wcet>
            <maxpow number="0.46297715984752685"/>
            <maxpow number="0.46297715984752685"/>
            <fprob>0.0</fprob>
        </actor>
        <actor name="D0N17">
            <wcet number="0">30</wcet>
            <wcet number="1">40</wcet>
            <maxpow number="0.48538727219801786"/>
            <maxpow number="0.48538727219801786"/>
            <fprob>0.0</fprob>
        </actor>
        <actor name="D0N42">
            <wcet number="0">10</wcet>
            <wcet number="1">50</wcet>
            <maxpow number="0.3795060084185181"/>
            <maxpow number="0.3795060084185181"/>
            <fprob>0.0</fprob>
        </actor>
        <actor name="D0N10">
            <wcet number="0">10</wcet>
            <wcet number="1">10</wcet>
            <maxpow number="0.5997643740573921"/>
            <maxpow number="0.5997643740573921"/>
            <fprob>0.0</fprob>
        </actor>
        <actor name="D0N27">
            <wcet number="0">40</wcet>
            <wcet number="1">40</wcet>
            <maxpow number="0.33026516953779783"/>
            <maxpow number="0.33026516953779783"/>
            <fprob>0.0</fprob>
        </actor>
        <actor name="D0N18">
            <wcet number="0">30</wcet>
            <wcet number="1">40</wcet>
            <maxpow number="0.8481463646230264"/>
            <maxpow number="0.8481463646230264"/>
            <fprob>0.0</fprob>
        </actor>
        <actor name="D0N26">
            <wcet number="0">20</wcet>
            <wcet number="1">20</wcet>
            <maxpow number="0.8917095721957546"/>
            <maxpow number="0.8917095721957546"/>
            <fprob>0.0</fprob>
        </actor>
        <actor name="D0N31">
            <wcet number="0">20</wcet>
            <wcet number="1">120</wcet>
            <maxpow number="0.7486657953992508"/>
            <maxpow number="0.7486657953992508"/>
            <fprob>0.0</fprob>
        </actor>
        <actor name="D0N23">
            <wcet number="0">10</wcet>
            <wcet number="1">50</wcet>
            <maxpow number="0.6833000065044608"/>
            <maxpow number="0.6833000065044608"/>
            <fprob>0.0</fprob>
        </actor>
        <actor name="D0N43">
            <wcet number="0">10</wcet>
            <wcet number="1">10</wcet>
            <maxpow number="0.6105427144206956"/>
            <maxpow number="0.6105427144206956"/>
            <fprob>0.0</fprob>
        </actor>
        <actor name="D0N13">
            <wcet number="0">50</wcet>
            <wcet number="1">50</wcet>
            <maxpow number="0.5643229758897945"/>
            <maxpow number="0.5643229758897945"/>
            <fprob>0.0</fprob>
        </actor>
        <actor name="D0N16">
            <wcet number="0">30</wcet>
            <wcet number="1">30</wcet>
            <maxpow number="0.6517332192260492"/>
            <maxpow number="0.6517332192260492"/>
            <fprob>0.0</fprob>
        </actor>
        <actor name="D0N7">
            <wcet number="0">30</wcet>
            <wcet number="1">40</wcet>
            <maxpow number="0.30384738756340657"/>
            <maxpow number="0.30384738756340657"/>
            <fprob>0.0</fprob>
        </actor>
        <actor name="D0N2">
            <wcet number="0">60</wcet>
            <wcet number="1">60</wcet>
            <maxpow number="0.8512033337219789"/>
            <maxpow number="0.8512033337219789"/>
            <fprob>0.0</fprob>
        </actor>
        <actor name="D0N11">
            <wcet number="0">90</wcet>
            <wcet number="1">100</wcet>
            <maxpow number="0.5850380508907803"/>
            <maxpow number="0.5850380508907803"/>
            <fprob>0.0</fprob>
        </actor>
        <actor name="D0N36">
            <wcet number="0">30</wcet>
            <wcet number="1">50</wcet>
            <maxpow number="0.6716642015221782"/>
            <maxpow number="0.6716642015221782"/>
            <fprob>0.0</fprob>
        </actor>
        <actor name="D0N4">
            <wcet number="0">30</wcet>
            <wcet number="1">80</wcet>
            <maxpow number="0.6857053864514117"/>
            <maxpow number="0.6857053864514117"/>
            <fprob>0.0</fprob>
        </actor>
        <actor name="D0N21">
            <wcet number="0">20</wcet>
            <wcet number="1">30</wcet>
            <maxpow number="0.5089209915853896"/>
            <maxpow number="0.5089209915853896"/>
            <fprob>0.0</fprob>
        </actor>
        <actor name="D0N25">
            <wcet number="0">10</wcet>
            <wcet number="1">110</wcet>
            <maxpow number="0.3446120348942292"/>
            <maxpow number="0.3446120348942292"/>
            <fprob>0.0</fprob>
        </actor>
        <actor name="D0N38">
            <wcet number="0">10</wcet>
            <wcet number="1">10</wcet>
            <maxpow number="0.9171684265292187"/>
            <maxpow number="0.9171684265292187"/>
            <fprob>0.0</fprob>
        </actor>
        <actor name="D0N5">
            <wcet number="0">10</wcet>
            <wcet number="1">50</wcet>
            <maxpow number="0.5320479911798526"/>
            <maxpow number="0.5320479911798526"/>
            <fprob>0.0</fprob>
        </actor>
        <actor name="D0N44">
            <wcet number="0">10</wcet>
            <wcet number="1">10</wcet>
            <maxpow number="0.36302040336376984"/>
            <maxpow number="0.36302040336376984"/>
            <fprob>0.0</fprob>
        </actor>
        <actor name="D0N14">
            <wcet number="0">10</wcet>
            <wcet number="1">10</wcet>
            <maxpow number="0.28012611832591056"/>
            <maxpow number="0.28012611832591056"/>
            <fprob>0.0</fprob>
        </actor>
        <actor name="D0N34">
            <wcet number="0">20</wcet>
            <wcet number="1">20</wcet>
            <maxpow number="0.7905853034669679"/>
            <maxpow number="0.7905853034669679"/>
            <fprob>0.0</fprob>
        </actor>
        <actor name="D0N35">
            <wcet number="0">40</wcet>
            <wcet number="1">40</wcet>
            <maxpow number="0.46420109038585666"/>
            <maxpow number="0.46420109038585666"/>
            <fprob>0.0</fprob>
        </actor>
        <actor name="D0N24">
            <wcet number="0">10</wcet>
            <wcet number="1">10</wcet>
            <maxpow number="0.482997891075718"/>
            <maxpow number="0.482997891075718"/>
            <fprob>0.0</fprob>
        </actor>
        <actor name="D0N32">
            <wcet number="0">40</wcet>
            <wcet number="1">60</wcet>
            <maxpow number="0.5678042452153701"/>
            <maxpow number="0.5678042452153701"/>
            <fprob>0.0</fprob>
        </actor>
        <actor name="D0N28">
            <wcet number="0">20</wcet>
            <wcet number="1">20</wcet>
            <maxpow number="0.443878111357303"/>
            <maxpow number="0.443878111357303"/>
            <fprob>0.0</fprob>
        </actor>
        <actor name="D0N29">
            <wcet number="0">10</wcet>
            <wcet number="1">160</wcet>
            <maxpow number="0.652474484480005"/>
            <maxpow number="0.652474484480005"/>
            <fprob>0.0</fprob>
        </actor>
        <actor name="D0N33">
            <wcet number="0">10</wcet>
            <wcet number="1">40</wcet>
            <maxpow number="0.2744389381226434"/>
            <maxpow number="0.2744389381226434"/>
            <fprob>0.0</fprob>
        </actor>
        <actor name="D0N45">
            <wcet number="0">120</wcet>
            <wcet number="1">200</wcet>
            <maxpow number="0.39671507107827525"/>
            <maxpow number="0.39671507107827525"/>
            <fprob>0.0</fprob>
        </actor>
        <actor name="D0N12">
            <wcet number="0">20</wcet>
            <wcet number="1">90</wcet>
            <maxpow number="0.5412517107940283"/>
            <maxpow number="0.5412517107940283"/>
            <fprob>0.0</fprob>
        </actor>
        <actor name="D0N8">
            <wcet number="0">60</wcet>
            <wcet number="1">120</wcet>
            <maxpow number="0.7191198685319331"/>
            <maxpow number="0.7191198685319331"/>
            <fprob>0.0</fprob>
        </actor>
        <actor name="D0N41">
            <wcet number="0">100</wcet>
            <wcet number="1">110</wcet>
            <maxpow number="0.4402455108480444"/>
            <maxpow number="0.4402455108480444"/>
            <fprob>0.0</fprob>
        </actor>
        <actor name="D0N9">
            <wcet number="0">80</wcet>
            <wcet number="1">210</wcet>
            <maxpow number="0.796581284232542"/>
            <maxpow number="0.796581284232542"/>
            <fprob>0.0</fprob>
        </actor>
        <actor name="D0N30">
            <wcet number="0">10</wcet>
            <wcet number="1">10</wcet>
            <maxpow number="0.4973287989490098"/>
            <maxpow number="0.4973287989490098"/>
            <fprob>0.0</fprob>
        </actor>
        <actor name="D0N46">
            <wcet number="0">70</wcet>
            <wcet number="1">180</wcet>
            <maxpow number="0.26275893672401207"/>
            <maxpow number="0.26275893672401207"/>
            <fprob>0.0</fprob>
        </actor>
        <actor name="D0N22">
            <wcet number="0">20</wcet>
            <wcet number="1">20</wcet>
            <maxpow number="0.8786566309765651"/>
            <maxpow number="0.8786566309765651"/>
            <fprob>0.0</fprob>
        </actor>
        <actor name="D0N37">
            <wcet number="0">10</wcet>
            <wcet number="1">20</wcet>
            <maxpow number="0.42643948599247217"/>
            <maxpow number="0.42643948599247217"/>
            <fprob>0.0</fprob>
        </actor>
        <actor name="D0N3">
            <wcet number="0">30</wcet>
            <wcet number="1">30</wcet>
            <maxpow number="0.4976314091528757"/>
            <maxpow number="0.4976314091528757"/>
            <fprob>0.0</fprob>
        </actor>
        <actor name="D0N15">
            <wcet number="0">10</wcet>
            <wcet number="1">20</wcet>
            <maxpow number="0.6726203423765273"/>
            <maxpow number="0.6726203423765273"/>
            <fprob>0.0</fprob>
        </actor>
        <actor name="D0N40">
            <wcet number="0">10</wcet>
            <wcet number="1">10</wcet>
            <maxpow number="0.5015584771351063"/>
            <maxpow number="0.5015584771351063"/>
            <fprob>0.0</fprob>
        </actor>
        <actor name="D0N1">
            <wcet number="0">10</wcet>
            <wcet number="1">10</wcet>
            <maxpow number="0.7924609571221665"/>
            <maxpow number="0.7924609571221665"/>
            <fprob>0.0</fprob>
        </actor>
        <actor name="D0N20">
            <wcet number="0">10</wcet>
            <wcet number="1">10</wcet>
            <maxpow number="0.789425931937288"/>
            <maxpow number="0.789425931937288"/>
            <fprob>0.0</fprob>
        </actor>
        <actor name="D0N47">
            <wcet number="0">30</wcet>
            <wcet number="1">30</wcet>
            <maxpow number="0.7209081441260916"/>
            <maxpow number="0.7209081441260916"/>
            <fprob>0.0</fprob>
        </actor>
        <actor name="D0N0">
            <wcet number="0">30</wcet>
            <wcet number="1">30</wcet>
            <maxpow number="0.6683859462554664"/>
            <maxpow number="0.6683859462554664"/>
            <fprob>0.0</fprob>
        </actor>
        <actor name="D0N19">
            <wcet number="0">10</wcet>
            <wcet number="1">20</wcet>
            <maxpow number="0.690927394601371"/>
            <maxpow number="0.690927394601371"/>
            <fprob>0.0</fprob>
        </actor>
        <ports>
            <port dstActor="D0N42" name="p0" srcActor="D0N39"/>
            <port dstActor="D0N13" name="p1" srcActor="D0N6"/>
            <port dstActor="D0N41" name="p2" srcActor="D0N6"/>
            <port dstActor="D0N39" name="p3" srcActor="D0N17"/>
            <port dstActor="D0N22" name="p4" srcActor="D0N17"/>
            <port dstActor="D0N44" name="p5" srcActor="D0N17"/>
            <port dstActor="D0N46" name="p6" srcActor="D0N42"/>
            <port dstActor="D0N31" name="p7" srcActor="D0N10"/>
            <port dstActor="D0N18" name="p8" srcActor="D0N10"/>
            <port dstActor="D0N45" name="p9" srcActor="D0N10"/>
            <port dstActor="D0N39" name="p10" srcActor="D0N10"/>
            <port dstActor="D0N40" name="p11" srcActor="D0N27"/>
            <port dstActor="D0N46" name="p12" srcActor="D0N27"/>
            <port dstActor="D0N22" name="p13" srcActor="D0N18"/>
            <port dstActor="D0N34" name="p14" srcActor="D0N18"/>
            <port dstActor="D0N29" name="p15" srcActor="D0N18"/>
            <port dstActor="D0N21" name="p16" srcActor="D0N18"/>
            <port dstActor="D0N34" name="p17" srcActor="D0N26"/>
            <port dstActor="D0N31" name="p18" srcActor="D0N26"/>
            <port dstActor="D0N42" name="p19" srcActor="D0N31"/>
            <port dstActor="D0N30" name="p20" srcActor="D0N23"/>
            <port dstActor="D0N34" name="p21" srcActor="D0N23"/>
            <port dstActor="D0N23" name="p22" srcActor="D0N13"/>
            <port dstActor="D0N46" name="p23" srcActor="D0N13"/>
            <port dstActor="D0N30" name="p24" srcActor="D0N13"/>
            <port dstActor="D0N35" name="p25" srcActor="D0N13"/>
            <port dstActor="D0N17" name="p26" srcActor="D0N13"/>
            <port dstActor="D0N43" name="p27" srcActor="D0N16"/>
            <port dstActor="D0N40" name="p28" srcActor="D0N16"/>
            <port dstActor="D0N17" name="p29" srcActor="D0N7"/>
            <port dstActor="D0N46" name="p30" srcActor="D0N7"/>
            <port dstActor="D0N32" name="p31" srcActor="D0N7"/>
            <port dstActor="D0N18" name="p32" srcActor="D0N7"/>
            <port dstActor="D0N12" name="p33" srcActor="D0N7"/>
            <port dstActor="D0N34" name="p34" srcActor="D0N7"/>
            <port dstActor="D0N3" name="p35" srcActor="D0N2"/>
            <port dstActor="D0N39" name="p36" srcActor="D0N2"/>
            <port dstActor="D0N20" name="p37" srcActor="D0N2"/>
            <port dstActor="D0N12" name="p38" srcActor="D0N2"/>
            <port dstActor="D0N9" name="p39" srcActor="D0N2"/>
            <port dstActor="D0N45" name="p40" srcActor="D0N2"/>
            <port dstActor="D0N25" name="p41" srcActor="D0N2"/>
            <port dstActor="D0N26" name="p42" srcActor="D0N11"/>
            <port dstActor="D0N43" name="p43" srcActor="D0N11"/>
            <port dstActor="D0N18" name="p44" srcActor="D0N11"/>
            <port dstActor="D0N12" name="p45" srcActor="D0N11"/>
            <port dstActor="D0N20" name="p46" srcActor="D0N4"/>
            <port dstActor="D0N33" name="p47" srcActor="D0N4"/>
            <port dstActor="D0N46" name="p48" srcActor="D0N4"/>
            <port dstActor="D0N39" name="p49" srcActor="D0N4"/>
            <port dstActor="D0N33" name="p50" srcActor="D0N21"/>
            <port dstActor="D0N28" name="p51" srcActor="D0N21"/>
            <port dstActor="D0N46" name="p52" srcActor="D0N25"/>
            <port dstActor="D0N42" name="p53" srcActor="D0N25"/>
            <port dstActor="D0N45" name="p54" srcActor="D0N25"/>
            <port dstActor="D0N40" name="p55" srcActor="D0N38"/>
            <port dstActor="D0N42" name="p56" srcActor="D0N38"/>
            <port dstActor="D0N44" name="p57" srcActor="D0N38"/>
            <port dstActor="D0N17" name="p58" srcActor="D0N5"/>
            <port dstActor="D0N20" name="p59" srcActor="D0N5"/>
            <port dstActor="D0N37" name="p60" srcActor="D0N5"/>
            <port dstActor="D0N29" name="p61" srcActor="D0N5"/>
            <port dstActor="D0N15" name="p62" srcActor="D0N5"/>
            <port dstActor="D0N44" name="p63" srcActor="D0N5"/>
            <port dstActor="D0N35" name="p64" srcActor="D0N5"/>
            <port dstActor="D0N46" name="p65" srcActor="D0N44"/>
            <port dstActor="D0N37" name="p66" srcActor="D0N14"/>
            <port dstActor="D0N38" name="p67" srcActor="D0N14"/>
            <port dstActor="D0N15" name="p68" srcActor="D0N14"/>
            <port dstActor="D0N46" name="p69" srcActor="D0N34"/>
            <port dstActor="D0N41" name="p70" srcActor="D0N34"/>
            <port dstActor="D0N46" name="p71" srcActor="D0N35"/>
            <port dstActor="D0N41" name="p72" srcActor="D0N35"/>
            <port dstActor="D0N38" name="p73" srcActor="D0N24"/>
            <port dstActor="D0N42" name="p74" srcActor="D0N32"/>
            <port dstActor="D0N39" name="p75" srcActor="D0N28"/>
            <port dstActor="D0N45" name="p76" srcActor="D0N33"/>
            <port dstActor="D0N38" name="p77" srcActor="D0N12"/>
            <port dstActor="D0N45" name="p78" srcActor="D0N12"/>
            <port dstActor="D0N44" name="p79" srcActor="D0N12"/>
            <port dstActor="D0N26" name="p80" srcActor="D0N12"/>
            <port dstActor="D0N21" name="p81" srcActor="D0N8"/>
            <port dstActor="D0N11" name="p82" srcActor="D0N8"/>
            <port dstActor="D0N13" name="p83" srcActor="D0N8"/>
            <port dstActor="D0N44" name="p84" srcActor="D0N41"/>
            <port dstActor="D0N31" name="p85" srcActor="D0N9"/>
            <port dstActor="D0N16" name="p86" srcActor="D0N9"/>
            <port dstActor="D0N43" name="p87" srcActor="D0N9"/>
            <port dstActor="D0N33" name="p88" srcActor="D0N30"/>
            <port dstActor="D0N39" name="p89" srcActor="D0N30"/>
            <port dstActor="D0N28" name="p90" srcActor="D0N22"/>
            <port dstActor="D0N32" name="p91" srcActor="D0N22"/>
            <port dstActor="D0N42" name="p92" srcActor="D0N22"/>
            <port dstActor="D0N40" name="p93" srcActor="D0N22"/>
            <port dstActor="D0N39" name="p94" srcActor="D0N37"/>
            <port dstActor="D0N28" name="p95" srcActor="D0N3"/>
            <port dstActor="D0N27" name="p96" srcActor="D0N3"/>
            <port dstActor="D0N40" name="p97" srcActor="D0N15"/>
            <port dstActor="D0N25" name="p98" srcActor="D0N15"/>
            <port dstActor="D0N36" name="p99" srcActor="D0N15"/>
            <port dstActor="D0N18" name="p100" srcActor="D0N15"/>
            <port dstActor="D0N20" name="p101" srcActor="D0N15"/>
            <port dstActor="D0N46" name="p102" srcActor="D0N15"/>
            <port dstActor="D0N47" name="p103" srcActor="D0N40"/>
            <port dstActor="D0N6" name="p104" srcActor="D0N1"/>
            <port dstActor="D0N8" name="p105" srcActor="D0N1"/>
            <port dstActor="D0N33" name="p106" srcActor="D0N1"/>
            <port dstActor="D0N23" name="p107" srcActor="D0N1"/>
            <port dstActor="D0N44" name="p108" srcActor="D0N1"/>
            <port dstActor="D0N47" name="p109" srcActor="D0N20"/>
            <port dstActor="D0N44" name="p110" srcActor="D0N20"/>
            <port dstActor="D0N30" name="p111" srcActor="D0N20"/>
            <port dstActor="D0N45" name="p112" srcActor="D0N0"/>
            <port dstActor="D0N32" name="p113" srcActor="D0N0"/>
            <port dstActor="D0N34" name="p114" srcActor="D0N0"/>
            <port dstActor="D0N2" name="p115" srcActor="D0N0"/>
            <port dstActor="D0N1" name="p116" srcActor="D0N0"/>
            <port dstActor="D0N32" name="p117" srcActor="D0N19"/>
            <port dstActor="D0N42" name="p118" srcActor="D0N19"/>
            <port dstActor="D0N23" name="p119" srcActor="D0N19"/>
            <port dstActor="D0N41" name="p120" srcActor="D0N19"/>
        </ports>
    </mcdag>
    <cores number="3"/>
    <levels number="2"/>
</mcsystem>
