<?xml version="1.0" encoding="UTF-8" standalone="no"?>
<mcsystem>
    <mcdag deadline="2200" name="genned-0-ed-10.0-0">
        <actor name="D0N26">
            <wcet number="0">30</wcet>
            <wcet number="1">30</wcet>
            <maxpow number="0.15054399558651116"/>
            <maxpow number="0.15054399558651116"/>
            <fprob>0.0</fprob>
        </actor>
        <actor name="D0N0">
            <wcet number="0">220</wcet>
            <wcet number="1">370</wcet>
            <maxpow number="0.8627233775665454"/>
            <maxpow number="0.8627233775665454"/>
            <fprob>0.0</fprob>
        </actor>
        <actor name="D0N1">
            <wcet number="0">10</wcet>
            <wcet number="1">10</wcet>
            <maxpow number="0.8382029316686606"/>
            <maxpow number="0.8382029316686606"/>
            <fprob>0.0</fprob>
        </actor>
        <actor name="D0N2">
            <wcet number="0">20</wcet>
            <wcet number="1">20</wcet>
            <maxpow number="0.6612674004291103"/>
            <maxpow number="0.6612674004291103"/>
            <fprob>0.0</fprob>
        </actor>
        <actor name="D0N40">
            <wcet number="0">80</wcet>
            <wcet number="1">330</wcet>
            <maxpow number="0.6940490041487211"/>
            <maxpow number="0.6940490041487211"/>
            <fprob>0.0</fprob>
        </actor>
        <actor name="D0N16">
            <wcet number="0">150</wcet>
            <wcet number="1">390</wcet>
            <maxpow number="0.7336537762610188"/>
            <maxpow number="0.7336537762610188"/>
            <fprob>0.0</fprob>
        </actor>
        <actor name="D0N31">
            <wcet number="0">10</wcet>
            <wcet number="1">10</wcet>
            <maxpow number="0.638539284928096"/>
            <maxpow number="0.638539284928096"/>
            <fprob>0.0</fprob>
        </actor>
        <actor name="D0N36">
            <wcet number="0">30</wcet>
            <wcet number="1">110</wcet>
            <maxpow number="0.29392763731049965"/>
            <maxpow number="0.29392763731049965"/>
            <fprob>0.0</fprob>
        </actor>
        <actor name="D0N34">
            <wcet number="0">20</wcet>
            <wcet number="1">40</wcet>
            <maxpow number="0.4745641139381061"/>
            <maxpow number="0.4745641139381061"/>
            <fprob>0.0</fprob>
        </actor>
        <actor name="D0N45">
            <wcet number="0">180</wcet>
            <wcet number="1">300</wcet>
            <maxpow number="0.7826336094612896"/>
            <maxpow number="0.7826336094612896"/>
            <fprob>0.0</fprob>
        </actor>
        <actor name="D0N4">
            <wcet number="0">210</wcet>
            <wcet number="1">230</wcet>
            <maxpow number="0.42676139129057955"/>
            <maxpow number="0.42676139129057955"/>
            <fprob>0.0</fprob>
        </actor>
        <actor name="D0N7">
            <wcet number="0">10</wcet>
            <wcet number="1">10</wcet>
            <maxpow number="0.7491162173553727"/>
            <maxpow number="0.7491162173553727"/>
            <fprob>0.0</fprob>
        </actor>
        <actor name="D0N29">
            <wcet number="0">320</wcet>
            <wcet number="1">320</wcet>
            <maxpow number="0.5950380093420667"/>
            <maxpow number="0.5950380093420667"/>
            <fprob>0.0</fprob>
        </actor>
        <actor name="D0N14">
            <wcet number="0">10</wcet>
            <wcet number="1">10</wcet>
            <maxpow number="0.5249139463622865"/>
            <maxpow number="0.5249139463622865"/>
            <fprob>0.0</fprob>
        </actor>
        <actor name="D0N41">
            <wcet number="0">90</wcet>
            <wcet number="1">100</wcet>
            <maxpow number="0.35589536917095493"/>
            <maxpow number="0.35589536917095493"/>
            <fprob>0.0</fprob>
        </actor>
        <actor name="D0N32">
            <wcet number="0">100</wcet>
            <wcet number="1">160</wcet>
            <maxpow number="0.8257533610514216"/>
            <maxpow number="0.8257533610514216"/>
            <fprob>0.0</fprob>
        </actor>
        <actor name="D0N22">
            <wcet number="0">50</wcet>
            <wcet number="1">70</wcet>
            <maxpow number="0.23679934890893417"/>
            <maxpow number="0.23679934890893417"/>
            <fprob>0.0</fprob>
        </actor>
        <actor name="D0N25">
            <wcet number="0">120</wcet>
            <wcet number="1">160</wcet>
            <maxpow number="0.743320052772693"/>
            <maxpow number="0.743320052772693"/>
            <fprob>0.0</fprob>
        </actor>
        <actor name="D0N19">
            <wcet number="0">120</wcet>
            <wcet number="1">120</wcet>
            <maxpow number="0.8049704917255859"/>
            <maxpow number="0.8049704917255859"/>
            <fprob>0.0</fprob>
        </actor>
        <actor name="D0N23">
            <wcet number="0">10</wcet>
            <wcet number="1">30</wcet>
            <maxpow number="0.6582278665329852"/>
            <maxpow number="0.6582278665329852"/>
            <fprob>0.0</fprob>
        </actor>
        <actor name="D0N28">
            <wcet number="0">70</wcet>
            <wcet number="1">450</wcet>
            <maxpow number="0.5861408038623396"/>
            <maxpow number="0.5861408038623396"/>
            <fprob>0.0</fprob>
        </actor>
        <actor name="D0N33">
            <wcet number="0">20</wcet>
            <wcet number="1">120</wcet>
            <maxpow number="0.8933712900944125"/>
            <maxpow number="0.8933712900944125"/>
            <fprob>0.0</fprob>
        </actor>
        <actor name="D0N42">
            <wcet number="0">10</wcet>
            <wcet number="1">30</wcet>
            <maxpow number="0.7127442498308086"/>
            <maxpow number="0.7127442498308086"/>
            <fprob>0.0</fprob>
        </actor>
        <actor name="D0N44">
            <wcet number="0">10</wcet>
            <wcet number="1">20</wcet>
            <maxpow number="0.3916942565410558"/>
            <maxpow number="0.3916942565410558"/>
            <fprob>0.0</fprob>
        </actor>
        <actor name="D0N10">
            <wcet number="0">60</wcet>
            <wcet number="1">60</wcet>
            <maxpow number="0.5399985972372469"/>
            <maxpow number="0.5399985972372469"/>
            <fprob>0.0</fprob>
        </actor>
        <actor name="D0N21">
            <wcet number="0">10</wcet>
            <wcet number="1">160</wcet>
            <maxpow number="0.5392207014580301"/>
            <maxpow number="0.5392207014580301"/>
            <fprob>0.0</fprob>
        </actor>
        <actor name="D0N37">
            <wcet number="0">10</wcet>
            <wcet number="1">10</wcet>
            <maxpow number="0.5460336070171637"/>
            <maxpow number="0.5460336070171637"/>
            <fprob>0.0</fprob>
        </actor>
        <actor name="D0N11">
            <wcet number="0">90</wcet>
            <wcet number="1">250</wcet>
            <maxpow number="0.6546409326159757"/>
            <maxpow number="0.6546409326159757"/>
            <fprob>0.0</fprob>
        </actor>
        <actor name="D0N27">
            <wcet number="0">40</wcet>
            <wcet number="1">110</wcet>
            <maxpow number="0.5978484391210395"/>
            <maxpow number="0.5978484391210395"/>
            <fprob>0.0</fprob>
        </actor>
        <actor name="D0N3">
            <wcet number="0">20</wcet>
            <wcet number="1">150</wcet>
            <maxpow number="0.4352680702228287"/>
            <maxpow number="0.4352680702228287"/>
            <fprob>0.0</fprob>
        </actor>
        <actor name="D0N17">
            <wcet number="0">370</wcet>
            <wcet number="1">540</wcet>
            <maxpow number="0.40435947567059094"/>
            <maxpow number="0.40435947567059094"/>
            <fprob>0.0</fprob>
        </actor>
        <actor name="D0N39">
            <wcet number="0">130</wcet>
            <wcet number="1">270</wcet>
            <maxpow number="0.3222024976434687"/>
            <maxpow number="0.3222024976434687"/>
            <fprob>0.0</fprob>
        </actor>
        <actor name="D0N46">
            <wcet number="0">20</wcet>
            <wcet number="1">30</wcet>
            <maxpow number="0.4946272395649253"/>
            <maxpow number="0.4946272395649253"/>
            <fprob>0.0</fprob>
        </actor>
        <actor name="D0N24">
            <wcet number="0">100</wcet>
            <wcet number="1">130</wcet>
            <maxpow number="0.4581266496901407"/>
            <maxpow number="0.4581266496901407"/>
            <fprob>0.0</fprob>
        </actor>
        <actor name="D0N9">
            <wcet number="0">10</wcet>
            <wcet number="1">10</wcet>
            <maxpow number="0.4448947620961874"/>
            <maxpow number="0.4448947620961874"/>
            <fprob>0.0</fprob>
        </actor>
        <actor name="D0N20">
            <wcet number="0">20</wcet>
            <wcet number="1">20</wcet>
            <maxpow number="0.6370078895028042"/>
            <maxpow number="0.6370078895028042"/>
            <fprob>0.0</fprob>
        </actor>
        <actor name="D0N6">
            <wcet number="0">30</wcet>
            <wcet number="1">80</wcet>
            <maxpow number="0.830357520652454"/>
            <maxpow number="0.830357520652454"/>
            <fprob>0.0</fprob>
        </actor>
        <actor name="D0N43">
            <wcet number="0">20</wcet>
            <wcet number="1">30</wcet>
            <maxpow number="0.4288631214865444"/>
            <maxpow number="0.4288631214865444"/>
            <fprob>0.0</fprob>
        </actor>
        <actor name="D0N35">
            <wcet number="0">160</wcet>
            <wcet number="1">210</wcet>
            <maxpow number="0.7407058742233004"/>
            <maxpow number="0.7407058742233004"/>
            <fprob>0.0</fprob>
        </actor>
        <actor name="D0N8">
            <wcet number="0">50</wcet>
            <wcet number="1">50</wcet>
            <maxpow number="0.5508845557279267"/>
            <maxpow number="0.5508845557279267"/>
            <fprob>0.0</fprob>
        </actor>
        <actor name="D0N12">
            <wcet number="0">60</wcet>
            <wcet number="1">100</wcet>
            <maxpow number="0.6059415400693011"/>
            <maxpow number="0.6059415400693011"/>
            <fprob>0.0</fprob>
        </actor>
        <actor name="D0N38">
            <wcet number="0">50</wcet>
            <wcet number="1">70</wcet>
            <maxpow number="0.5876247383479116"/>
            <maxpow number="0.5876247383479116"/>
            <fprob>0.0</fprob>
        </actor>
        <actor name="D0N5">
            <wcet number="0">10</wcet>
            <wcet number="1">180</wcet>
            <maxpow number="0.5535126771400473"/>
            <maxpow number="0.5535126771400473"/>
            <fprob>0.0</fprob>
        </actor>
        <actor name="D0N18">
            <wcet number="0">70</wcet>
            <wcet number="1">190</wcet>
            <maxpow number="0.11799153901309828"/>
            <maxpow number="0.11799153901309828"/>
            <fprob>0.0</fprob>
        </actor>
        <actor name="D0N15">
            <wcet number="0">60</wcet>
            <wcet number="1">120</wcet>
            <maxpow number="0.5053076771042921"/>
            <maxpow number="0.5053076771042921"/>
            <fprob>0.0</fprob>
        </actor>
        <actor name="D0N13">
            <wcet number="0">20</wcet>
            <wcet number="1">90</wcet>
            <maxpow number="0.4785757521020429"/>
            <maxpow number="0.4785757521020429"/>
            <fprob>0.0</fprob>
        </actor>
        <actor name="D0N30">
            <wcet number="0">80</wcet>
            <wcet number="1">80</wcet>
            <maxpow number="0.6817213494496117"/>
            <maxpow number="0.6817213494496117"/>
            <fprob>0.0</fprob>
        </actor>
        <ports>
            <port dstActor="D0N30" name="p0" srcActor="D0N26"/>
            <port dstActor="D0N32" name="p1" srcActor="D0N26"/>
            <port dstActor="D0N36" name="p2" srcActor="D0N26"/>
            <port dstActor="D0N31" name="p3" srcActor="D0N26"/>
            <port dstActor="D0N7" name="p4" srcActor="D0N0"/>
            <port dstActor="D0N19" name="p5" srcActor="D0N0"/>
            <port dstActor="D0N31" name="p6" srcActor="D0N0"/>
            <port dstActor="D0N3" name="p7" srcActor="D0N0"/>
            <port dstActor="D0N6" name="p8" srcActor="D0N1"/>
            <port dstActor="D0N32" name="p9" srcActor="D0N1"/>
            <port dstActor="D0N34" name="p10" srcActor="D0N1"/>
            <port dstActor="D0N38" name="p11" srcActor="D0N1"/>
            <port dstActor="D0N7" name="p12" srcActor="D0N1"/>
            <port dstActor="D0N42" name="p13" srcActor="D0N1"/>
            <port dstActor="D0N5" name="p14" srcActor="D0N2"/>
            <port dstActor="D0N37" name="p15" srcActor="D0N2"/>
            <port dstActor="D0N33" name="p16" srcActor="D0N2"/>
            <port dstActor="D0N40" name="p17" srcActor="D0N16"/>
            <port dstActor="D0N29" name="p18" srcActor="D0N16"/>
            <port dstActor="D0N46" name="p19" srcActor="D0N16"/>
            <port dstActor="D0N43" name="p20" srcActor="D0N31"/>
            <port dstActor="D0N46" name="p21" srcActor="D0N31"/>
            <port dstActor="D0N41" name="p22" srcActor="D0N36"/>
            <port dstActor="D0N46" name="p23" srcActor="D0N34"/>
            <port dstActor="D0N27" name="p24" srcActor="D0N4"/>
            <port dstActor="D0N36" name="p25" srcActor="D0N4"/>
            <port dstActor="D0N11" name="p26" srcActor="D0N7"/>
            <port dstActor="D0N36" name="p27" srcActor="D0N7"/>
            <port dstActor="D0N12" name="p28" srcActor="D0N7"/>
            <port dstActor="D0N20" name="p29" srcActor="D0N7"/>
            <port dstActor="D0N35" name="p30" srcActor="D0N29"/>
            <port dstActor="D0N17" name="p31" srcActor="D0N14"/>
            <port dstActor="D0N36" name="p32" srcActor="D0N14"/>
            <port dstActor="D0N33" name="p33" srcActor="D0N32"/>
            <port dstActor="D0N37" name="p34" srcActor="D0N32"/>
            <port dstActor="D0N32" name="p35" srcActor="D0N22"/>
            <port dstActor="D0N25" name="p36" srcActor="D0N22"/>
            <port dstActor="D0N28" name="p37" srcActor="D0N22"/>
            <port dstActor="D0N40" name="p38" srcActor="D0N25"/>
            <port dstActor="D0N36" name="p39" srcActor="D0N25"/>
            <port dstActor="D0N41" name="p40" srcActor="D0N25"/>
            <port dstActor="D0N37" name="p41" srcActor="D0N25"/>
            <port dstActor="D0N44" name="p42" srcActor="D0N25"/>
            <port dstActor="D0N27" name="p43" srcActor="D0N19"/>
            <port dstActor="D0N31" name="p44" srcActor="D0N23"/>
            <port dstActor="D0N46" name="p45" srcActor="D0N23"/>
            <port dstActor="D0N26" name="p46" srcActor="D0N23"/>
            <port dstActor="D0N36" name="p47" srcActor="D0N23"/>
            <port dstActor="D0N36" name="p48" srcActor="D0N28"/>
            <port dstActor="D0N41" name="p49" srcActor="D0N28"/>
            <port dstActor="D0N29" name="p50" srcActor="D0N28"/>
            <port dstActor="D0N25" name="p51" srcActor="D0N10"/>
            <port dstActor="D0N11" name="p52" srcActor="D0N10"/>
            <port dstActor="D0N42" name="p53" srcActor="D0N21"/>
            <port dstActor="D0N29" name="p54" srcActor="D0N21"/>
            <port dstActor="D0N46" name="p55" srcActor="D0N37"/>
            <port dstActor="D0N19" name="p56" srcActor="D0N11"/>
            <port dstActor="D0N28" name="p57" srcActor="D0N11"/>
            <port dstActor="D0N26" name="p58" srcActor="D0N11"/>
            <port dstActor="D0N46" name="p59" srcActor="D0N11"/>
            <port dstActor="D0N31" name="p60" srcActor="D0N27"/>
            <port dstActor="D0N37" name="p61" srcActor="D0N3"/>
            <port dstActor="D0N43" name="p62" srcActor="D0N17"/>
            <port dstActor="D0N28" name="p63" srcActor="D0N17"/>
            <port dstActor="D0N37" name="p64" srcActor="D0N24"/>
            <port dstActor="D0N32" name="p65" srcActor="D0N9"/>
            <port dstActor="D0N35" name="p66" srcActor="D0N9"/>
            <port dstActor="D0N46" name="p67" srcActor="D0N9"/>
            <port dstActor="D0N23" name="p68" srcActor="D0N9"/>
            <port dstActor="D0N44" name="p69" srcActor="D0N9"/>
            <port dstActor="D0N27" name="p70" srcActor="D0N20"/>
            <port dstActor="D0N25" name="p71" srcActor="D0N6"/>
            <port dstActor="D0N41" name="p72" srcActor="D0N8"/>
            <port dstActor="D0N25" name="p73" srcActor="D0N8"/>
            <port dstActor="D0N32" name="p74" srcActor="D0N8"/>
            <port dstActor="D0N39" name="p75" srcActor="D0N8"/>
            <port dstActor="D0N22" name="p76" srcActor="D0N8"/>
            <port dstActor="D0N13" name="p77" srcActor="D0N8"/>
            <port dstActor="D0N11" name="p78" srcActor="D0N8"/>
            <port dstActor="D0N38" name="p79" srcActor="D0N12"/>
            <port dstActor="D0N18" name="p80" srcActor="D0N12"/>
            <port dstActor="D0N44" name="p81" srcActor="D0N38"/>
            <port dstActor="D0N40" name="p82" srcActor="D0N5"/>
            <port dstActor="D0N33" name="p83" srcActor="D0N5"/>
            <port dstActor="D0N7" name="p84" srcActor="D0N5"/>
            <port dstActor="D0N46" name="p85" srcActor="D0N5"/>
            <port dstActor="D0N45" name="p86" srcActor="D0N5"/>
            <port dstActor="D0N12" name="p87" srcActor="D0N5"/>
            <port dstActor="D0N39" name="p88" srcActor="D0N5"/>
            <port dstActor="D0N27" name="p89" srcActor="D0N18"/>
            <port dstActor="D0N46" name="p90" srcActor="D0N18"/>
            <port dstActor="D0N20" name="p91" srcActor="D0N15"/>
            <port dstActor="D0N40" name="p92" srcActor="D0N15"/>
            <port dstActor="D0N26" name="p93" srcActor="D0N15"/>
            <port dstActor="D0N19" name="p94" srcActor="D0N15"/>
            <port dstActor="D0N18" name="p95" srcActor="D0N13"/>
            <port dstActor="D0N26" name="p96" srcActor="D0N13"/>
            <port dstActor="D0N29" name="p97" srcActor="D0N13"/>
            <port dstActor="D0N39" name="p98" srcActor="D0N30"/>
        </ports>
    </mcdag>
    <cores number="3"/>
    <levels number="2"/>
</mcsystem>
