<?xml version="1.0" encoding="UTF-8" standalone="no"?>
<mcsystem>
    <mcdag deadline="2000" name="genned-0-ed-10.0-0">
        <actor name="D0N38">
            <wcet number="0">20</wcet>
            <wcet number="1">30</wcet>
            <maxpow number="0.6070087945062057"/>
            <maxpow number="0.6070087945062057"/>
            <fprob>0.0</fprob>
        </actor>
        <actor name="D0N27">
            <wcet number="0">20</wcet>
            <wcet number="1">20</wcet>
            <maxpow number="0.4834583416957642"/>
            <maxpow number="0.4834583416957642"/>
            <fprob>0.0</fprob>
        </actor>
        <actor name="D0N15">
            <wcet number="0">20</wcet>
            <wcet number="1">80</wcet>
            <maxpow number="0.6951235237873636"/>
            <maxpow number="0.6951235237873636"/>
            <fprob>0.0</fprob>
        </actor>
        <actor name="D0N23">
            <wcet number="0">60</wcet>
            <wcet number="1">110</wcet>
            <maxpow number="0.7780228236554511"/>
            <maxpow number="0.7780228236554511"/>
            <fprob>0.0</fprob>
        </actor>
        <actor name="D0N31">
            <wcet number="0">10</wcet>
            <wcet number="1">20</wcet>
            <maxpow number="0.7203704227935243"/>
            <maxpow number="0.7203704227935243"/>
            <fprob>0.0</fprob>
        </actor>
        <actor name="D0N17">
            <wcet number="0">30</wcet>
            <wcet number="1">50</wcet>
            <maxpow number="0.5260459370140519"/>
            <maxpow number="0.5260459370140519"/>
            <fprob>0.0</fprob>
        </actor>
        <actor name="D0N29">
            <wcet number="0">20</wcet>
            <wcet number="1">30</wcet>
            <maxpow number="0.9874574358896632"/>
            <maxpow number="0.9874574358896632"/>
            <fprob>0.0</fprob>
        </actor>
        <actor name="D0N24">
            <wcet number="0">280</wcet>
            <wcet number="1">290</wcet>
            <maxpow number="0.5348035115752486"/>
            <maxpow number="0.5348035115752486"/>
            <fprob>0.0</fprob>
        </actor>
        <actor name="D0N35">
            <wcet number="0">40</wcet>
            <wcet number="1">100</wcet>
            <maxpow number="0.1929924027263228"/>
            <maxpow number="0.1929924027263228"/>
            <fprob>0.0</fprob>
        </actor>
        <actor name="D0N14">
            <wcet number="0">10</wcet>
            <wcet number="1">60</wcet>
            <maxpow number="0.4949680508477265"/>
            <maxpow number="0.4949680508477265"/>
            <fprob>0.0</fprob>
        </actor>
        <actor name="D0N4">
            <wcet number="0">10</wcet>
            <wcet number="1">100</wcet>
            <maxpow number="0.42451610118150285"/>
            <maxpow number="0.42451610118150285"/>
            <fprob>0.0</fprob>
        </actor>
        <actor name="D0N45">
            <wcet number="0">50</wcet>
            <wcet number="1">150</wcet>
            <maxpow number="0.23521124994968656"/>
            <maxpow number="0.23521124994968656"/>
            <fprob>0.0</fprob>
        </actor>
        <actor name="D0N3">
            <wcet number="0">10</wcet>
            <wcet number="1">10</wcet>
            <maxpow number="0.7558149874088196"/>
            <maxpow number="0.7558149874088196"/>
            <fprob>0.0</fprob>
        </actor>
        <actor name="D0N1">
            <wcet number="0">40</wcet>
            <wcet number="1">150</wcet>
            <maxpow number="0.6671143628413663"/>
            <maxpow number="0.6671143628413663"/>
            <fprob>0.0</fprob>
        </actor>
        <actor name="D0N6">
            <wcet number="0">30</wcet>
            <wcet number="1">120</wcet>
            <maxpow number="0.5415457796463934"/>
            <maxpow number="0.5415457796463934"/>
            <fprob>0.0</fprob>
        </actor>
        <actor name="D0N25">
            <wcet number="0">50</wcet>
            <wcet number="1">130</wcet>
            <maxpow number="0.30441276869167794"/>
            <maxpow number="0.30441276869167794"/>
            <fprob>0.0</fprob>
        </actor>
        <actor name="D0N28">
            <wcet number="0">100</wcet>
            <wcet number="1">140</wcet>
            <maxpow number="0.5832569596712157"/>
            <maxpow number="0.5832569596712157"/>
            <fprob>0.0</fprob>
        </actor>
        <actor name="D0N36">
            <wcet number="0">90</wcet>
            <wcet number="1">120</wcet>
            <maxpow number="0.6424683725407089"/>
            <maxpow number="0.6424683725407089"/>
            <fprob>0.0</fprob>
        </actor>
        <actor name="D0N33">
            <wcet number="0">30</wcet>
            <wcet number="1">240</wcet>
            <maxpow number="0.7493127679373404"/>
            <maxpow number="0.7493127679373404"/>
            <fprob>0.0</fprob>
        </actor>
        <actor name="D0N22">
            <wcet number="0">280</wcet>
            <wcet number="1">380</wcet>
            <maxpow number="0.5313123854833581"/>
            <maxpow number="0.5313123854833581"/>
            <fprob>0.0</fprob>
        </actor>
        <actor name="D0N13">
            <wcet number="0">150</wcet>
            <wcet number="1">170</wcet>
            <maxpow number="0.5706991949359076"/>
            <maxpow number="0.5706991949359076"/>
            <fprob>0.0</fprob>
        </actor>
        <actor name="D0N39">
            <wcet number="0">10</wcet>
            <wcet number="1">20</wcet>
            <maxpow number="0.2214460969297039"/>
            <maxpow number="0.2214460969297039"/>
            <fprob>0.0</fprob>
        </actor>
        <actor name="D0N9">
            <wcet number="0">20</wcet>
            <wcet number="1">70</wcet>
            <maxpow number="0.7447552099527612"/>
            <maxpow number="0.7447552099527612"/>
            <fprob>0.0</fprob>
        </actor>
        <actor name="D0N42">
            <wcet number="0">30</wcet>
            <wcet number="1">80</wcet>
            <maxpow number="0.3396469500975556"/>
            <maxpow number="0.3396469500975556"/>
            <fprob>0.0</fprob>
        </actor>
        <actor name="D0N43">
            <wcet number="0">350</wcet>
            <wcet number="1">650</wcet>
            <maxpow number="0.9961894058990789"/>
            <maxpow number="0.9961894058990789"/>
            <fprob>0.0</fprob>
        </actor>
        <actor name="D0N2">
            <wcet number="0">60</wcet>
            <wcet number="1">110</wcet>
            <maxpow number="0.7028588638383166"/>
            <maxpow number="0.7028588638383166"/>
            <fprob>0.0</fprob>
        </actor>
        <actor name="D0N11">
            <wcet number="0">30</wcet>
            <wcet number="1">130</wcet>
            <maxpow number="0.689856930489006"/>
            <maxpow number="0.689856930489006"/>
            <fprob>0.0</fprob>
        </actor>
        <actor name="D0N40">
            <wcet number="0">20</wcet>
            <wcet number="1">60</wcet>
            <maxpow number="0.11144580948190957"/>
            <maxpow number="0.11144580948190957"/>
            <fprob>0.0</fprob>
        </actor>
        <actor name="D0N5">
            <wcet number="0">10</wcet>
            <wcet number="1">20</wcet>
            <maxpow number="0.5358484594121"/>
            <maxpow number="0.5358484594121"/>
            <fprob>0.0</fprob>
        </actor>
        <actor name="D0N20">
            <wcet number="0">20</wcet>
            <wcet number="1">20</wcet>
            <maxpow number="0.5858210132955968"/>
            <maxpow number="0.5858210132955968"/>
            <fprob>0.0</fprob>
        </actor>
        <actor name="D0N0">
            <wcet number="0">30</wcet>
            <wcet number="1">100</wcet>
            <maxpow number="0.1936984959248247"/>
            <maxpow number="0.1936984959248247"/>
            <fprob>0.0</fprob>
        </actor>
        <actor name="D0N44">
            <wcet number="0">80</wcet>
            <wcet number="1">190</wcet>
            <maxpow number="0.5785320550971116"/>
            <maxpow number="0.5785320550971116"/>
            <fprob>0.0</fprob>
        </actor>
        <actor name="D0N18">
            <wcet number="0">130</wcet>
            <wcet number="1">230</wcet>
            <maxpow number="0.5675472185019441"/>
            <maxpow number="0.5675472185019441"/>
            <fprob>0.0</fprob>
        </actor>
        <actor name="D0N37">
            <wcet number="0">60</wcet>
            <wcet number="1">80</wcet>
            <maxpow number="0.5296465751101161"/>
            <maxpow number="0.5296465751101161"/>
            <fprob>0.0</fprob>
        </actor>
        <actor name="D0N46">
            <wcet number="0">10</wcet>
            <wcet number="1">210</wcet>
            <maxpow number="0.915102699979588"/>
            <maxpow number="0.915102699979588"/>
            <fprob>0.0</fprob>
        </actor>
        <actor name="D0N30">
            <wcet number="0">30</wcet>
            <wcet number="1">30</wcet>
            <maxpow number="0.5484733889736023"/>
            <maxpow number="0.5484733889736023"/>
            <fprob>0.0</fprob>
        </actor>
        <actor name="D0N21">
            <wcet number="0">10</wcet>
            <wcet number="1">10</wcet>
            <maxpow number="0.48827157167188157"/>
            <maxpow number="0.48827157167188157"/>
            <fprob>0.0</fprob>
        </actor>
        <actor name="D0N19">
            <wcet number="0">30</wcet>
            <wcet number="1">80</wcet>
            <maxpow number="0.6629308205267924"/>
            <maxpow number="0.6629308205267924"/>
            <fprob>0.0</fprob>
        </actor>
        <actor name="D0N32">
            <wcet number="0">10</wcet>
            <wcet number="1">10</wcet>
            <maxpow number="0.6909225885112154"/>
            <maxpow number="0.6909225885112154"/>
            <fprob>0.0</fprob>
        </actor>
        <actor name="D0N7">
            <wcet number="0">130</wcet>
            <wcet number="1">170</wcet>
            <maxpow number="0.510622655627699"/>
            <maxpow number="0.510622655627699"/>
            <fprob>0.0</fprob>
        </actor>
        <actor name="D0N34">
            <wcet number="0">10</wcet>
            <wcet number="1">30</wcet>
            <maxpow number="0.7626985269550478"/>
            <maxpow number="0.7626985269550478"/>
            <fprob>0.0</fprob>
        </actor>
        <actor name="D0N10">
            <wcet number="0">20</wcet>
            <wcet number="1">20</wcet>
            <maxpow number="0.5282722828351224"/>
            <maxpow number="0.5282722828351224"/>
            <fprob>0.0</fprob>
        </actor>
        <actor name="D0N16">
            <wcet number="0">10</wcet>
            <wcet number="1">110</wcet>
            <maxpow number="0.5898050931552037"/>
            <maxpow number="0.5898050931552037"/>
            <fprob>0.0</fprob>
        </actor>
        <actor name="D0N26">
            <wcet number="0">50</wcet>
            <wcet number="1">110</wcet>
            <maxpow number="0.44019083844312334"/>
            <maxpow number="0.44019083844312334"/>
            <fprob>0.0</fprob>
        </actor>
        <actor name="D0N12">
            <wcet number="0">80</wcet>
            <wcet number="1">80</wcet>
            <maxpow number="0.5212122337252787"/>
            <maxpow number="0.5212122337252787"/>
            <fprob>0.0</fprob>
        </actor>
        <actor name="D0N8">
            <wcet number="0">30</wcet>
            <wcet number="1">50</wcet>
            <maxpow number="0.3514679168557854"/>
            <maxpow number="0.3514679168557854"/>
            <fprob>0.0</fprob>
        </actor>
        <actor name="D0N41">
            <wcet number="0">10</wcet>
            <wcet number="1">30</wcet>
            <maxpow number="0.4352757660810353"/>
            <maxpow number="0.4352757660810353"/>
            <fprob>0.0</fprob>
        </actor>
        <ports>
            <port dstActor="D0N41" name="p0" srcActor="D0N38"/>
            <port dstActor="D0N39" name="p1" srcActor="D0N38"/>
            <port dstActor="D0N46" name="p2" srcActor="D0N38"/>
            <port dstActor="D0N33" name="p3" srcActor="D0N27"/>
            <port dstActor="D0N33" name="p4" srcActor="D0N15"/>
            <port dstActor="D0N34" name="p5" srcActor="D0N15"/>
            <port dstActor="D0N37" name="p6" srcActor="D0N23"/>
            <port dstActor="D0N30" name="p7" srcActor="D0N23"/>
            <port dstActor="D0N25" name="p8" srcActor="D0N17"/>
            <port dstActor="D0N28" name="p9" srcActor="D0N24"/>
            <port dstActor="D0N46" name="p10" srcActor="D0N24"/>
            <port dstActor="D0N45" name="p11" srcActor="D0N35"/>
            <port dstActor="D0N39" name="p12" srcActor="D0N35"/>
            <port dstActor="D0N24" name="p13" srcActor="D0N14"/>
            <port dstActor="D0N41" name="p14" srcActor="D0N14"/>
            <port dstActor="D0N16" name="p15" srcActor="D0N14"/>
            <port dstActor="D0N38" name="p16" srcActor="D0N14"/>
            <port dstActor="D0N23" name="p17" srcActor="D0N14"/>
            <port dstActor="D0N45" name="p18" srcActor="D0N14"/>
            <port dstActor="D0N26" name="p19" srcActor="D0N4"/>
            <port dstActor="D0N28" name="p20" srcActor="D0N4"/>
            <port dstActor="D0N37" name="p21" srcActor="D0N4"/>
            <port dstActor="D0N19" name="p22" srcActor="D0N4"/>
            <port dstActor="D0N39" name="p23" srcActor="D0N4"/>
            <port dstActor="D0N46" name="p24" srcActor="D0N3"/>
            <port dstActor="D0N4" name="p25" srcActor="D0N3"/>
            <port dstActor="D0N42" name="p26" srcActor="D0N3"/>
            <port dstActor="D0N7" name="p27" srcActor="D0N3"/>
            <port dstActor="D0N25" name="p28" srcActor="D0N3"/>
            <port dstActor="D0N31" name="p29" srcActor="D0N3"/>
            <port dstActor="D0N45" name="p30" srcActor="D0N1"/>
            <port dstActor="D0N18" name="p31" srcActor="D0N1"/>
            <port dstActor="D0N20" name="p32" srcActor="D0N6"/>
            <port dstActor="D0N27" name="p33" srcActor="D0N6"/>
            <port dstActor="D0N15" name="p34" srcActor="D0N6"/>
            <port dstActor="D0N9" name="p35" srcActor="D0N6"/>
            <port dstActor="D0N29" name="p36" srcActor="D0N25"/>
            <port dstActor="D0N43" name="p37" srcActor="D0N28"/>
            <port dstActor="D0N42" name="p38" srcActor="D0N36"/>
            <port dstActor="D0N38" name="p39" srcActor="D0N22"/>
            <port dstActor="D0N43" name="p40" srcActor="D0N22"/>
            <port dstActor="D0N27" name="p41" srcActor="D0N13"/>
            <port dstActor="D0N40" name="p42" srcActor="D0N13"/>
            <port dstActor="D0N16" name="p43" srcActor="D0N13"/>
            <port dstActor="D0N41" name="p44" srcActor="D0N13"/>
            <port dstActor="D0N25" name="p45" srcActor="D0N13"/>
            <port dstActor="D0N45" name="p46" srcActor="D0N39"/>
            <port dstActor="D0N40" name="p47" srcActor="D0N39"/>
            <port dstActor="D0N44" name="p48" srcActor="D0N39"/>
            <port dstActor="D0N23" name="p49" srcActor="D0N9"/>
            <port dstActor="D0N14" name="p50" srcActor="D0N9"/>
            <port dstActor="D0N44" name="p51" srcActor="D0N42"/>
            <port dstActor="D0N6" name="p52" srcActor="D0N2"/>
            <port dstActor="D0N5" name="p53" srcActor="D0N2"/>
            <port dstActor="D0N41" name="p54" srcActor="D0N2"/>
            <port dstActor="D0N26" name="p55" srcActor="D0N2"/>
            <port dstActor="D0N13" name="p56" srcActor="D0N2"/>
            <port dstActor="D0N8" name="p57" srcActor="D0N2"/>
            <port dstActor="D0N21" name="p58" srcActor="D0N2"/>
            <port dstActor="D0N27" name="p59" srcActor="D0N11"/>
            <port dstActor="D0N26" name="p60" srcActor="D0N11"/>
            <port dstActor="D0N12" name="p61" srcActor="D0N11"/>
            <port dstActor="D0N40" name="p62" srcActor="D0N11"/>
            <port dstActor="D0N6" name="p63" srcActor="D0N5"/>
            <port dstActor="D0N24" name="p64" srcActor="D0N5"/>
            <port dstActor="D0N27" name="p65" srcActor="D0N5"/>
            <port dstActor="D0N19" name="p66" srcActor="D0N5"/>
            <port dstActor="D0N26" name="p67" srcActor="D0N5"/>
            <port dstActor="D0N11" name="p68" srcActor="D0N5"/>
            <port dstActor="D0N15" name="p69" srcActor="D0N5"/>
            <port dstActor="D0N25" name="p70" srcActor="D0N5"/>
            <port dstActor="D0N37" name="p71" srcActor="D0N20"/>
            <port dstActor="D0N33" name="p72" srcActor="D0N20"/>
            <port dstActor="D0N44" name="p73" srcActor="D0N20"/>
            <port dstActor="D0N27" name="p74" srcActor="D0N20"/>
            <port dstActor="D0N31" name="p75" srcActor="D0N0"/>
            <port dstActor="D0N7" name="p76" srcActor="D0N0"/>
            <port dstActor="D0N13" name="p77" srcActor="D0N0"/>
            <port dstActor="D0N32" name="p78" srcActor="D0N18"/>
            <port dstActor="D0N30" name="p79" srcActor="D0N18"/>
            <port dstActor="D0N19" name="p80" srcActor="D0N18"/>
            <port dstActor="D0N41" name="p81" srcActor="D0N18"/>
            <port dstActor="D0N23" name="p82" srcActor="D0N18"/>
            <port dstActor="D0N42" name="p83" srcActor="D0N37"/>
            <port dstActor="D0N43" name="p84" srcActor="D0N30"/>
            <port dstActor="D0N40" name="p85" srcActor="D0N30"/>
            <port dstActor="D0N46" name="p86" srcActor="D0N19"/>
            <port dstActor="D0N35" name="p87" srcActor="D0N19"/>
            <port dstActor="D0N43" name="p88" srcActor="D0N19"/>
            <port dstActor="D0N39" name="p89" srcActor="D0N19"/>
            <port dstActor="D0N15" name="p90" srcActor="D0N7"/>
            <port dstActor="D0N46" name="p91" srcActor="D0N7"/>
            <port dstActor="D0N12" name="p92" srcActor="D0N7"/>
            <port dstActor="D0N17" name="p93" srcActor="D0N7"/>
            <port dstActor="D0N21" name="p94" srcActor="D0N7"/>
            <port dstActor="D0N44" name="p95" srcActor="D0N34"/>
            <port dstActor="D0N13" name="p96" srcActor="D0N10"/>
            <port dstActor="D0N24" name="p97" srcActor="D0N10"/>
            <port dstActor="D0N19" name="p98" srcActor="D0N10"/>
            <port dstActor="D0N42" name="p99" srcActor="D0N10"/>
            <port dstActor="D0N30" name="p100" srcActor="D0N10"/>
            <port dstActor="D0N31" name="p101" srcActor="D0N10"/>
            <port dstActor="D0N30" name="p102" srcActor="D0N16"/>
            <port dstActor="D0N26" name="p103" srcActor="D0N16"/>
            <port dstActor="D0N38" name="p104" srcActor="D0N16"/>
            <port dstActor="D0N28" name="p105" srcActor="D0N16"/>
            <port dstActor="D0N42" name="p106" srcActor="D0N16"/>
            <port dstActor="D0N43" name="p107" srcActor="D0N12"/>
            <port dstActor="D0N34" name="p108" srcActor="D0N12"/>
            <port dstActor="D0N21" name="p109" srcActor="D0N12"/>
            <port dstActor="D0N36" name="p110" srcActor="D0N12"/>
            <port dstActor="D0N41" name="p111" srcActor="D0N8"/>
            <port dstActor="D0N28" name="p112" srcActor="D0N8"/>
            <port dstActor="D0N33" name="p113" srcActor="D0N8"/>
            <port dstActor="D0N20" name="p114" srcActor="D0N8"/>
            <port dstActor="D0N26" name="p115" srcActor="D0N8"/>
            <port dstActor="D0N46" name="p116" srcActor="D0N41"/>
        </ports>
    </mcdag>
    <cores number="3"/>
    <levels number="2"/>
</mcsystem>
