<?xml version="1.0" encoding="UTF-8" standalone="no"?>
<mcsystem>
    <mcdag deadline="2000" name="genned-0-ed-10.0-0">
        <actor name="D0N0">
            <wcet number="0">120</wcet>
            <wcet number="1">150</wcet>
            <maxpow number="0.5450488969728331"/>
            <maxpow number="0.5450488969728331"/>
            <fprob>0.0</fprob>
        </actor>
        <actor name="D0N39">
            <wcet number="0">20</wcet>
            <wcet number="1">20</wcet>
            <maxpow number="0.6612139484520243"/>
            <maxpow number="0.6612139484520243"/>
            <fprob>0.0</fprob>
        </actor>
        <actor name="D0N28">
            <wcet number="0">120</wcet>
            <wcet number="1">140</wcet>
            <maxpow number="0.7199289480979609"/>
            <maxpow number="0.7199289480979609"/>
            <fprob>0.0</fprob>
        </actor>
        <actor name="D0N2">
            <wcet number="0">20</wcet>
            <wcet number="1">40</wcet>
            <maxpow number="0.8328550852579358"/>
            <maxpow number="0.8328550852579358"/>
            <fprob>0.0</fprob>
        </actor>
        <actor name="D0N23">
            <wcet number="0">30</wcet>
            <wcet number="1">30</wcet>
            <maxpow number="0.33544221216573444"/>
            <maxpow number="0.33544221216573444"/>
            <fprob>0.0</fprob>
        </actor>
        <actor name="D0N9">
            <wcet number="0">20</wcet>
            <wcet number="1">30</wcet>
            <maxpow number="0.789371289722409"/>
            <maxpow number="0.789371289722409"/>
            <fprob>0.0</fprob>
        </actor>
        <actor name="D0N11">
            <wcet number="0">30</wcet>
            <wcet number="1">140</wcet>
            <maxpow number="0.7318585521330689"/>
            <maxpow number="0.7318585521330689"/>
            <fprob>0.0</fprob>
        </actor>
        <actor name="D0N44">
            <wcet number="0">190</wcet>
            <wcet number="1">290</wcet>
            <maxpow number="0.5553987573216554"/>
            <maxpow number="0.5553987573216554"/>
            <fprob>0.0</fprob>
        </actor>
        <actor name="D0N38">
            <wcet number="0">10</wcet>
            <wcet number="1">30</wcet>
            <maxpow number="0.5532544992943614"/>
            <maxpow number="0.5532544992943614"/>
            <fprob>0.0</fprob>
        </actor>
        <actor name="D0N33">
            <wcet number="0">40</wcet>
            <wcet number="1">240</wcet>
            <maxpow number="0.7830469793836873"/>
            <maxpow number="0.7830469793836873"/>
            <fprob>0.0</fprob>
        </actor>
        <actor name="D0N37">
            <wcet number="0">70</wcet>
            <wcet number="1">290</wcet>
            <maxpow number="0.48486289614732403"/>
            <maxpow number="0.48486289614732403"/>
            <fprob>0.0</fprob>
        </actor>
        <actor name="D0N21">
            <wcet number="0">20</wcet>
            <wcet number="1">40</wcet>
            <maxpow number="0.8250122045771435"/>
            <maxpow number="0.8250122045771435"/>
            <fprob>0.0</fprob>
        </actor>
        <actor name="D0N20">
            <wcet number="0">40</wcet>
            <wcet number="1">40</wcet>
            <maxpow number="0.5579182464764108"/>
            <maxpow number="0.5579182464764108"/>
            <fprob>0.0</fprob>
        </actor>
        <actor name="D0N41">
            <wcet number="0">90</wcet>
            <wcet number="1">130</wcet>
            <maxpow number="0.7099671389887654"/>
            <maxpow number="0.7099671389887654"/>
            <fprob>0.0</fprob>
        </actor>
        <actor name="D0N15">
            <wcet number="0">20</wcet>
            <wcet number="1">70</wcet>
            <maxpow number="0.5662695190016126"/>
            <maxpow number="0.5662695190016126"/>
            <fprob>0.0</fprob>
        </actor>
        <actor name="D0N5">
            <wcet number="0">20</wcet>
            <wcet number="1">30</wcet>
            <maxpow number="0.6482203062433012"/>
            <maxpow number="0.6482203062433012"/>
            <fprob>0.0</fprob>
        </actor>
        <actor name="D0N30">
            <wcet number="0">30</wcet>
            <wcet number="1">30</wcet>
            <maxpow number="0.6374834931187494"/>
            <maxpow number="0.6374834931187494"/>
            <fprob>0.0</fprob>
        </actor>
        <actor name="D0N43">
            <wcet number="0">90</wcet>
            <wcet number="1">230</wcet>
            <maxpow number="0.47045184401857754"/>
            <maxpow number="0.47045184401857754"/>
            <fprob>0.0</fprob>
        </actor>
        <actor name="D0N4">
            <wcet number="0">30</wcet>
            <wcet number="1">120</wcet>
            <maxpow number="0.6533246956908489"/>
            <maxpow number="0.6533246956908489"/>
            <fprob>0.0</fprob>
        </actor>
        <actor name="D0N29">
            <wcet number="0">10</wcet>
            <wcet number="1">10</wcet>
            <maxpow number="0.44718184447950127"/>
            <maxpow number="0.44718184447950127"/>
            <fprob>0.0</fprob>
        </actor>
        <actor name="D0N22">
            <wcet number="0">20</wcet>
            <wcet number="1">150</wcet>
            <maxpow number="0.663663815232256"/>
            <maxpow number="0.663663815232256"/>
            <fprob>0.0</fprob>
        </actor>
        <actor name="D0N24">
            <wcet number="0">50</wcet>
            <wcet number="1">210</wcet>
            <maxpow number="0.5220923048137319"/>
            <maxpow number="0.5220923048137319"/>
            <fprob>0.0</fprob>
        </actor>
        <actor name="D0N48">
            <wcet number="0">70</wcet>
            <wcet number="1">390</wcet>
            <maxpow number="0.37820657226542365"/>
            <maxpow number="0.37820657226542365"/>
            <fprob>0.0</fprob>
        </actor>
        <actor name="D0N14">
            <wcet number="0">40</wcet>
            <wcet number="1">130</wcet>
            <maxpow number="0.7707997801991991"/>
            <maxpow number="0.7707997801991991"/>
            <fprob>0.0</fprob>
        </actor>
        <actor name="D0N3">
            <wcet number="0">10</wcet>
            <wcet number="1">20</wcet>
            <maxpow number="0.5474459524433891"/>
            <maxpow number="0.5474459524433891"/>
            <fprob>0.0</fprob>
        </actor>
        <actor name="D0N18">
            <wcet number="0">120</wcet>
            <wcet number="1">250</wcet>
            <maxpow number="0.7676410612590157"/>
            <maxpow number="0.7676410612590157"/>
            <fprob>0.0</fprob>
        </actor>
        <actor name="D0N42">
            <wcet number="0">50</wcet>
            <wcet number="1">80</wcet>
            <maxpow number="0.6275509929881129"/>
            <maxpow number="0.6275509929881129"/>
            <fprob>0.0</fprob>
        </actor>
        <actor name="D0N1">
            <wcet number="0">70</wcet>
            <wcet number="1">100</wcet>
            <maxpow number="0.19585260176500902"/>
            <maxpow number="0.19585260176500902"/>
            <fprob>0.0</fprob>
        </actor>
        <actor name="D0N17">
            <wcet number="0">10</wcet>
            <wcet number="1">40</wcet>
            <maxpow number="0.6998226320414344"/>
            <maxpow number="0.6998226320414344"/>
            <fprob>0.0</fprob>
        </actor>
        <actor name="D0N49">
            <wcet number="0">30</wcet>
            <wcet number="1">30</wcet>
            <maxpow number="0.5403120851926038"/>
            <maxpow number="0.5403120851926038"/>
            <fprob>0.0</fprob>
        </actor>
        <actor name="D0N36">
            <wcet number="0">10</wcet>
            <wcet number="1">10</wcet>
            <maxpow number="0.29857211067496553"/>
            <maxpow number="0.29857211067496553"/>
            <fprob>0.0</fprob>
        </actor>
        <actor name="D0N10">
            <wcet number="0">370</wcet>
            <wcet number="1">410</wcet>
            <maxpow number="0.4953955415096069"/>
            <maxpow number="0.4953955415096069"/>
            <fprob>0.0</fprob>
        </actor>
        <actor name="D0N31">
            <wcet number="0">10</wcet>
            <wcet number="1">10</wcet>
            <maxpow number="0.4782038293599783"/>
            <maxpow number="0.4782038293599783"/>
            <fprob>0.0</fprob>
        </actor>
        <actor name="D0N12">
            <wcet number="0">30</wcet>
            <wcet number="1">70</wcet>
            <maxpow number="0.4730809589420512"/>
            <maxpow number="0.4730809589420512"/>
            <fprob>0.0</fprob>
        </actor>
        <actor name="D0N26">
            <wcet number="0">80</wcet>
            <wcet number="1">90</wcet>
            <maxpow number="0.6687075969827175"/>
            <maxpow number="0.6687075969827175"/>
            <fprob>0.0</fprob>
        </actor>
        <actor name="D0N8">
            <wcet number="0">30</wcet>
            <wcet number="1">30</wcet>
            <maxpow number="0.9043129384397548"/>
            <maxpow number="0.9043129384397548"/>
            <fprob>0.0</fprob>
        </actor>
        <actor name="D0N25">
            <wcet number="0">40</wcet>
            <wcet number="1">110</wcet>
            <maxpow number="0.36002707417266444"/>
            <maxpow number="0.36002707417266444"/>
            <fprob>0.0</fprob>
        </actor>
        <actor name="D0N19">
            <wcet number="0">30</wcet>
            <wcet number="1">130</wcet>
            <maxpow number="0.6147338392617041"/>
            <maxpow number="0.6147338392617041"/>
            <fprob>0.0</fprob>
        </actor>
        <actor name="D0N7">
            <wcet number="0">40</wcet>
            <wcet number="1">50</wcet>
            <maxpow number="0.993959519646992"/>
            <maxpow number="0.993959519646992"/>
            <fprob>0.0</fprob>
        </actor>
        <actor name="D0N45">
            <wcet number="0">20</wcet>
            <wcet number="1">20</wcet>
            <maxpow number="0.45787054225654233"/>
            <maxpow number="0.45787054225654233"/>
            <fprob>0.0</fprob>
        </actor>
        <actor name="D0N40">
            <wcet number="0">80</wcet>
            <wcet number="1">80</wcet>
            <maxpow number="0.7074305310191755"/>
            <maxpow number="0.7074305310191755"/>
            <fprob>0.0</fprob>
        </actor>
        <actor name="D0N34">
            <wcet number="0">150</wcet>
            <wcet number="1">200</wcet>
            <maxpow number="0.22156189551390848"/>
            <maxpow number="0.22156189551390848"/>
            <fprob>0.0</fprob>
        </actor>
        <actor name="D0N32">
            <wcet number="0">170</wcet>
            <wcet number="1">180</wcet>
            <maxpow number="0.7496465939459567"/>
            <maxpow number="0.7496465939459567"/>
            <fprob>0.0</fprob>
        </actor>
        <actor name="D0N47">
            <wcet number="0">20</wcet>
            <wcet number="1">30</wcet>
            <maxpow number="0.49627003997488367"/>
            <maxpow number="0.49627003997488367"/>
            <fprob>0.0</fprob>
        </actor>
        <actor name="D0N6">
            <wcet number="0">50</wcet>
            <wcet number="1">50</wcet>
            <maxpow number="0.8173139646498342"/>
            <maxpow number="0.8173139646498342"/>
            <fprob>0.0</fprob>
        </actor>
        <actor name="D0N13">
            <wcet number="0">30</wcet>
            <wcet number="1">30</wcet>
            <maxpow number="0.5755023147183536"/>
            <maxpow number="0.5755023147183536"/>
            <fprob>0.0</fprob>
        </actor>
        <actor name="D0N46">
            <wcet number="0">70</wcet>
            <wcet number="1">110</wcet>
            <maxpow number="0.40001398749064515"/>
            <maxpow number="0.40001398749064515"/>
            <fprob>0.0</fprob>
        </actor>
        <actor name="D0N16">
            <wcet number="0">20</wcet>
            <wcet number="1">30</wcet>
            <maxpow number="0.6389217401985069"/>
            <maxpow number="0.6389217401985069"/>
            <fprob>0.0</fprob>
        </actor>
        <actor name="D0N27">
            <wcet number="0">10</wcet>
            <wcet number="1">20</wcet>
            <maxpow number="0.8164000318877465"/>
            <maxpow number="0.8164000318877465"/>
            <fprob>0.0</fprob>
        </actor>
        <actor name="D0N35">
            <wcet number="0">150</wcet>
            <wcet number="1">240</wcet>
            <maxpow number="0.5179711255771661"/>
            <maxpow number="0.5179711255771661"/>
            <fprob>0.0</fprob>
        </actor>
        <ports>
            <port dstActor="D0N25" name="p0" srcActor="D0N0"/>
            <port dstActor="D0N5" name="p1" srcActor="D0N0"/>
            <port dstActor="D0N31" name="p2" srcActor="D0N0"/>
            <port dstActor="D0N11" name="p3" srcActor="D0N0"/>
            <port dstActor="D0N41" name="p4" srcActor="D0N28"/>
            <port dstActor="D0N33" name="p5" srcActor="D0N28"/>
            <port dstActor="D0N34" name="p6" srcActor="D0N2"/>
            <port dstActor="D0N45" name="p7" srcActor="D0N2"/>
            <port dstActor="D0N37" name="p8" srcActor="D0N2"/>
            <port dstActor="D0N39" name="p9" srcActor="D0N23"/>
            <port dstActor="D0N46" name="p10" srcActor="D0N23"/>
            <port dstActor="D0N32" name="p11" srcActor="D0N23"/>
            <port dstActor="D0N49" name="p12" srcActor="D0N23"/>
            <port dstActor="D0N38" name="p13" srcActor="D0N9"/>
            <port dstActor="D0N42" name="p14" srcActor="D0N9"/>
            <port dstActor="D0N25" name="p15" srcActor="D0N11"/>
            <port dstActor="D0N33" name="p16" srcActor="D0N11"/>
            <port dstActor="D0N45" name="p17" srcActor="D0N38"/>
            <port dstActor="D0N47" name="p18" srcActor="D0N33"/>
            <port dstActor="D0N41" name="p19" srcActor="D0N37"/>
            <port dstActor="D0N33" name="p20" srcActor="D0N21"/>
            <port dstActor="D0N28" name="p21" srcActor="D0N20"/>
            <port dstActor="D0N44" name="p22" srcActor="D0N20"/>
            <port dstActor="D0N42" name="p23" srcActor="D0N41"/>
            <port dstActor="D0N45" name="p24" srcActor="D0N15"/>
            <port dstActor="D0N32" name="p25" srcActor="D0N15"/>
            <port dstActor="D0N10" name="p26" srcActor="D0N5"/>
            <port dstActor="D0N44" name="p27" srcActor="D0N5"/>
            <port dstActor="D0N36" name="p28" srcActor="D0N5"/>
            <port dstActor="D0N18" name="p29" srcActor="D0N5"/>
            <port dstActor="D0N30" name="p30" srcActor="D0N5"/>
            <port dstActor="D0N43" name="p31" srcActor="D0N30"/>
            <port dstActor="D0N36" name="p32" srcActor="D0N30"/>
            <port dstActor="D0N30" name="p33" srcActor="D0N4"/>
            <port dstActor="D0N49" name="p34" srcActor="D0N4"/>
            <port dstActor="D0N29" name="p35" srcActor="D0N4"/>
            <port dstActor="D0N17" name="p36" srcActor="D0N4"/>
            <port dstActor="D0N49" name="p37" srcActor="D0N22"/>
            <port dstActor="D0N26" name="p38" srcActor="D0N22"/>
            <port dstActor="D0N36" name="p39" srcActor="D0N22"/>
            <port dstActor="D0N35" name="p40" srcActor="D0N22"/>
            <port dstActor="D0N43" name="p41" srcActor="D0N22"/>
            <port dstActor="D0N45" name="p42" srcActor="D0N22"/>
            <port dstActor="D0N26" name="p43" srcActor="D0N24"/>
            <port dstActor="D0N46" name="p44" srcActor="D0N24"/>
            <port dstActor="D0N29" name="p45" srcActor="D0N24"/>
            <port dstActor="D0N47" name="p46" srcActor="D0N14"/>
            <port dstActor="D0N31" name="p47" srcActor="D0N14"/>
            <port dstActor="D0N21" name="p48" srcActor="D0N14"/>
            <port dstActor="D0N42" name="p49" srcActor="D0N14"/>
            <port dstActor="D0N36" name="p50" srcActor="D0N14"/>
            <port dstActor="D0N6" name="p51" srcActor="D0N3"/>
            <port dstActor="D0N45" name="p52" srcActor="D0N3"/>
            <port dstActor="D0N25" name="p53" srcActor="D0N3"/>
            <port dstActor="D0N21" name="p54" srcActor="D0N3"/>
            <port dstActor="D0N37" name="p55" srcActor="D0N18"/>
            <port dstActor="D0N39" name="p56" srcActor="D0N18"/>
            <port dstActor="D0N31" name="p57" srcActor="D0N1"/>
            <port dstActor="D0N46" name="p58" srcActor="D0N1"/>
            <port dstActor="D0N49" name="p59" srcActor="D0N1"/>
            <port dstActor="D0N48" name="p60" srcActor="D0N1"/>
            <port dstActor="D0N31" name="p61" srcActor="D0N17"/>
            <port dstActor="D0N47" name="p62" srcActor="D0N36"/>
            <port dstActor="D0N45" name="p63" srcActor="D0N10"/>
            <port dstActor="D0N17" name="p64" srcActor="D0N10"/>
            <port dstActor="D0N25" name="p65" srcActor="D0N10"/>
            <port dstActor="D0N18" name="p66" srcActor="D0N10"/>
            <port dstActor="D0N22" name="p67" srcActor="D0N10"/>
            <port dstActor="D0N33" name="p68" srcActor="D0N31"/>
            <port dstActor="D0N36" name="p69" srcActor="D0N31"/>
            <port dstActor="D0N39" name="p70" srcActor="D0N12"/>
            <port dstActor="D0N43" name="p71" srcActor="D0N12"/>
            <port dstActor="D0N44" name="p72" srcActor="D0N12"/>
            <port dstActor="D0N35" name="p73" srcActor="D0N12"/>
            <port dstActor="D0N23" name="p74" srcActor="D0N12"/>
            <port dstActor="D0N36" name="p75" srcActor="D0N26"/>
            <port dstActor="D0N37" name="p76" srcActor="D0N26"/>
            <port dstActor="D0N26" name="p77" srcActor="D0N8"/>
            <port dstActor="D0N13" name="p78" srcActor="D0N8"/>
            <port dstActor="D0N30" name="p79" srcActor="D0N8"/>
            <port dstActor="D0N34" name="p80" srcActor="D0N25"/>
            <port dstActor="D0N23" name="p81" srcActor="D0N19"/>
            <port dstActor="D0N32" name="p82" srcActor="D0N19"/>
            <port dstActor="D0N28" name="p83" srcActor="D0N7"/>
            <port dstActor="D0N16" name="p84" srcActor="D0N7"/>
            <port dstActor="D0N32" name="p85" srcActor="D0N7"/>
            <port dstActor="D0N44" name="p86" srcActor="D0N7"/>
            <port dstActor="D0N48" name="p87" srcActor="D0N34"/>
            <port dstActor="D0N41" name="p88" srcActor="D0N34"/>
            <port dstActor="D0N42" name="p89" srcActor="D0N34"/>
            <port dstActor="D0N47" name="p90" srcActor="D0N32"/>
            <port dstActor="D0N39" name="p91" srcActor="D0N32"/>
            <port dstActor="D0N49" name="p92" srcActor="D0N32"/>
            <port dstActor="D0N45" name="p93" srcActor="D0N6"/>
            <port dstActor="D0N9" name="p94" srcActor="D0N6"/>
            <port dstActor="D0N24" name="p95" srcActor="D0N13"/>
            <port dstActor="D0N37" name="p96" srcActor="D0N13"/>
            <port dstActor="D0N20" name="p97" srcActor="D0N13"/>
            <port dstActor="D0N23" name="p98" srcActor="D0N13"/>
            <port dstActor="D0N38" name="p99" srcActor="D0N13"/>
            <port dstActor="D0N47" name="p100" srcActor="D0N46"/>
            <port dstActor="D0N45" name="p101" srcActor="D0N16"/>
            <port dstActor="D0N18" name="p102" srcActor="D0N16"/>
            <port dstActor="D0N35" name="p103" srcActor="D0N16"/>
            <port dstActor="D0N48" name="p104" srcActor="D0N16"/>
            <port dstActor="D0N49" name="p105" srcActor="D0N27"/>
            <port dstActor="D0N37" name="p106" srcActor="D0N27"/>
            <port dstActor="D0N44" name="p107" srcActor="D0N35"/>
        </ports>
    </mcdag>
    <cores number="3"/>
    <levels number="2"/>
</mcsystem>
