<?xml version="1.0" encoding="UTF-8" standalone="no"?>
<mcsystem>
    <mcdag deadline="2500" name="genned-0-ed-10.0-0">
        <actor name="D0N4">
            <wcet number="0">250</wcet>
            <wcet number="1">310</wcet>
            <maxpow number="0.3666078749561038"/>
            <maxpow number="0.3666078749561038"/>
            <fprob>0.0</fprob>
        </actor>
        <actor name="D0N32">
            <wcet number="0">10</wcet>
            <wcet number="1">10</wcet>
            <maxpow number="0.84683376623307"/>
            <maxpow number="0.84683376623307"/>
            <fprob>0.0</fprob>
        </actor>
        <actor name="D0N37">
            <wcet number="0">20</wcet>
            <wcet number="1">30</wcet>
            <maxpow number="0.6720357853724872"/>
            <maxpow number="0.6720357853724872"/>
            <fprob>0.0</fprob>
        </actor>
        <actor name="D0N35">
            <wcet number="0">30</wcet>
            <wcet number="1">30</wcet>
            <maxpow number="0.9061696407863241"/>
            <maxpow number="0.9061696407863241"/>
            <fprob>0.0</fprob>
        </actor>
        <actor name="D0N11">
            <wcet number="0">110</wcet>
            <wcet number="1">120</wcet>
            <maxpow number="0.5786803854486604"/>
            <maxpow number="0.5786803854486604"/>
            <fprob>0.0</fprob>
        </actor>
        <actor name="D0N18">
            <wcet number="0">10</wcet>
            <wcet number="1">90</wcet>
            <maxpow number="0.7504830650046075"/>
            <maxpow number="0.7504830650046075"/>
            <fprob>0.0</fprob>
        </actor>
        <actor name="D0N12">
            <wcet number="0">20</wcet>
            <wcet number="1">20</wcet>
            <maxpow number="0.7534311187749676"/>
            <maxpow number="0.7534311187749676"/>
            <fprob>0.0</fprob>
        </actor>
        <actor name="D0N23">
            <wcet number="0">20</wcet>
            <wcet number="1">30</wcet>
            <maxpow number="0.7988866358352872"/>
            <maxpow number="0.7988866358352872"/>
            <fprob>0.0</fprob>
        </actor>
        <actor name="D0N5">
            <wcet number="0">270</wcet>
            <wcet number="1">440</wcet>
            <maxpow number="0.9157784863503409"/>
            <maxpow number="0.9157784863503409"/>
            <fprob>0.0</fprob>
        </actor>
        <actor name="D0N21">
            <wcet number="0">20</wcet>
            <wcet number="1">40</wcet>
            <maxpow number="0.7802808546843318"/>
            <maxpow number="0.7802808546843318"/>
            <fprob>0.0</fprob>
        </actor>
        <actor name="D0N44">
            <wcet number="0">10</wcet>
            <wcet number="1">30</wcet>
            <maxpow number="0.7722237630130787"/>
            <maxpow number="0.7722237630130787"/>
            <fprob>0.0</fprob>
        </actor>
        <actor name="D0N46">
            <wcet number="0">20</wcet>
            <wcet number="1">190</wcet>
            <maxpow number="0.5583489697313991"/>
            <maxpow number="0.5583489697313991"/>
            <fprob>0.0</fprob>
        </actor>
        <actor name="D0N2">
            <wcet number="0">20</wcet>
            <wcet number="1">260</wcet>
            <maxpow number="0.4646030828271776"/>
            <maxpow number="0.4646030828271776"/>
            <fprob>0.0</fprob>
        </actor>
        <actor name="D0N25">
            <wcet number="0">100</wcet>
            <wcet number="1">190</wcet>
            <maxpow number="0.3385969591203698"/>
            <maxpow number="0.3385969591203698"/>
            <fprob>0.0</fprob>
        </actor>
        <actor name="D0N42">
            <wcet number="0">70</wcet>
            <wcet number="1">120</wcet>
            <maxpow number="0.5391408045811079"/>
            <maxpow number="0.5391408045811079"/>
            <fprob>0.0</fprob>
        </actor>
        <actor name="D0N6">
            <wcet number="0">150</wcet>
            <wcet number="1">310</wcet>
            <maxpow number="0.657976206916579"/>
            <maxpow number="0.657976206916579"/>
            <fprob>0.0</fprob>
        </actor>
        <actor name="D0N41">
            <wcet number="0">30</wcet>
            <wcet number="1">80</wcet>
            <maxpow number="0.6051029141953096"/>
            <maxpow number="0.6051029141953096"/>
            <fprob>0.0</fprob>
        </actor>
        <actor name="D0N27">
            <wcet number="0">60</wcet>
            <wcet number="1">60</wcet>
            <maxpow number="0.6091947864516332"/>
            <maxpow number="0.6091947864516332"/>
            <fprob>0.0</fprob>
        </actor>
        <actor name="D0N48">
            <wcet number="0">120</wcet>
            <wcet number="1">170</wcet>
            <maxpow number="0.5516191506899226"/>
            <maxpow number="0.5516191506899226"/>
            <fprob>0.0</fprob>
        </actor>
        <actor name="D0N38">
            <wcet number="0">130</wcet>
            <wcet number="1">220</wcet>
            <maxpow number="0.7207273263025598"/>
            <maxpow number="0.7207273263025598"/>
            <fprob>0.0</fprob>
        </actor>
        <actor name="D0N8">
            <wcet number="0">160</wcet>
            <wcet number="1">260</wcet>
            <maxpow number="0.45334267336037387"/>
            <maxpow number="0.45334267336037387"/>
            <fprob>0.0</fprob>
        </actor>
        <actor name="D0N17">
            <wcet number="0">30</wcet>
            <wcet number="1">40</wcet>
            <maxpow number="0.6740858957587219"/>
            <maxpow number="0.6740858957587219"/>
            <fprob>0.0</fprob>
        </actor>
        <actor name="D0N31">
            <wcet number="0">130</wcet>
            <wcet number="1">140</wcet>
            <maxpow number="0.7205539512107789"/>
            <maxpow number="0.7205539512107789"/>
            <fprob>0.0</fprob>
        </actor>
        <actor name="D0N33">
            <wcet number="0">200</wcet>
            <wcet number="1">330</wcet>
            <maxpow number="0.7881483987005906"/>
            <maxpow number="0.7881483987005906"/>
            <fprob>0.0</fprob>
        </actor>
        <actor name="D0N15">
            <wcet number="0">130</wcet>
            <wcet number="1">210</wcet>
            <maxpow number="0.8523577554915428"/>
            <maxpow number="0.8523577554915428"/>
            <fprob>0.0</fprob>
        </actor>
        <actor name="D0N7">
            <wcet number="0">10</wcet>
            <wcet number="1">80</wcet>
            <maxpow number="0.4787038034621679"/>
            <maxpow number="0.4787038034621679"/>
            <fprob>0.0</fprob>
        </actor>
        <actor name="D0N19">
            <wcet number="0">90</wcet>
            <wcet number="1">150</wcet>
            <maxpow number="0.4052772794228925"/>
            <maxpow number="0.4052772794228925"/>
            <fprob>0.0</fprob>
        </actor>
        <actor name="D0N22">
            <wcet number="0">80</wcet>
            <wcet number="1">130</wcet>
            <maxpow number="0.5577864136029392"/>
            <maxpow number="0.5577864136029392"/>
            <fprob>0.0</fprob>
        </actor>
        <actor name="D0N26">
            <wcet number="0">110</wcet>
            <wcet number="1">190</wcet>
            <maxpow number="0.36863967398872965"/>
            <maxpow number="0.36863967398872965"/>
            <fprob>0.0</fprob>
        </actor>
        <actor name="D0N45">
            <wcet number="0">320</wcet>
            <wcet number="1">380</wcet>
            <maxpow number="0.3008347871831708"/>
            <maxpow number="0.3008347871831708"/>
            <fprob>0.0</fprob>
        </actor>
        <actor name="D0N0">
            <wcet number="0">80</wcet>
            <wcet number="1">210</wcet>
            <maxpow number="0.5393529409295741"/>
            <maxpow number="0.5393529409295741"/>
            <fprob>0.0</fprob>
        </actor>
        <actor name="D0N30">
            <wcet number="0">10</wcet>
            <wcet number="1">30</wcet>
            <maxpow number="0.5669567734035005"/>
            <maxpow number="0.5669567734035005"/>
            <fprob>0.0</fprob>
        </actor>
        <actor name="D0N36">
            <wcet number="0">30</wcet>
            <wcet number="1">120</wcet>
            <maxpow number="0.4078301972822133"/>
            <maxpow number="0.4078301972822133"/>
            <fprob>0.0</fprob>
        </actor>
        <actor name="D0N10">
            <wcet number="0">40</wcet>
            <wcet number="1">60</wcet>
            <maxpow number="0.2977406349366191"/>
            <maxpow number="0.2977406349366191"/>
            <fprob>0.0</fprob>
        </actor>
        <actor name="D0N1">
            <wcet number="0">30</wcet>
            <wcet number="1">30</wcet>
            <maxpow number="0.5114927502480814"/>
            <maxpow number="0.5114927502480814"/>
            <fprob>0.0</fprob>
        </actor>
        <actor name="D0N24">
            <wcet number="0">230</wcet>
            <wcet number="1">250</wcet>
            <maxpow number="0.5467128807088842"/>
            <maxpow number="0.5467128807088842"/>
            <fprob>0.0</fprob>
        </actor>
        <actor name="D0N40">
            <wcet number="0">160</wcet>
            <wcet number="1">330</wcet>
            <maxpow number="0.43620066946067637"/>
            <maxpow number="0.43620066946067637"/>
            <fprob>0.0</fprob>
        </actor>
        <actor name="D0N14">
            <wcet number="0">50</wcet>
            <wcet number="1">140</wcet>
            <maxpow number="0.5964027409524066"/>
            <maxpow number="0.5964027409524066"/>
            <fprob>0.0</fprob>
        </actor>
        <actor name="D0N43">
            <wcet number="0">100</wcet>
            <wcet number="1">120</wcet>
            <maxpow number="0.012958490217980456"/>
            <maxpow number="0.012958490217980456"/>
            <fprob>0.0</fprob>
        </actor>
        <actor name="D0N16">
            <wcet number="0">110</wcet>
            <wcet number="1">110</wcet>
            <maxpow number="0.3223816427605102"/>
            <maxpow number="0.3223816427605102"/>
            <fprob>0.0</fprob>
        </actor>
        <actor name="D0N29">
            <wcet number="0">30</wcet>
            <wcet number="1">50</wcet>
            <maxpow number="0.08162676501587618"/>
            <maxpow number="0.08162676501587618"/>
            <fprob>0.0</fprob>
        </actor>
        <actor name="D0N13">
            <wcet number="0">50</wcet>
            <wcet number="1">80</wcet>
            <maxpow number="0.7948452420601018"/>
            <maxpow number="0.7948452420601018"/>
            <fprob>0.0</fprob>
        </actor>
        <actor name="D0N34">
            <wcet number="0">10</wcet>
            <wcet number="1">10</wcet>
            <maxpow number="0.6896701865769049"/>
            <maxpow number="0.6896701865769049"/>
            <fprob>0.0</fprob>
        </actor>
        <actor name="D0N47">
            <wcet number="0">20</wcet>
            <wcet number="1">30</wcet>
            <maxpow number="0.5197927932603936"/>
            <maxpow number="0.5197927932603936"/>
            <fprob>0.0</fprob>
        </actor>
        <actor name="D0N20">
            <wcet number="0">40</wcet>
            <wcet number="1">140</wcet>
            <maxpow number="0.7023089882165162"/>
            <maxpow number="0.7023089882165162"/>
            <fprob>0.0</fprob>
        </actor>
        <actor name="D0N28">
            <wcet number="0">20</wcet>
            <wcet number="1">50</wcet>
            <maxpow number="0.5314639216469048"/>
            <maxpow number="0.5314639216469048"/>
            <fprob>0.0</fprob>
        </actor>
        <actor name="D0N39">
            <wcet number="0">90</wcet>
            <wcet number="1">130</wcet>
            <maxpow number="0.35209091627209294"/>
            <maxpow number="0.35209091627209294"/>
            <fprob>0.0</fprob>
        </actor>
        <actor name="D0N9">
            <wcet number="0">30</wcet>
            <wcet number="1">110</wcet>
            <maxpow number="0.5843389478830747"/>
            <maxpow number="0.5843389478830747"/>
            <fprob>0.0</fprob>
        </actor>
        <actor name="D0N3">
            <wcet number="0">80</wcet>
            <wcet number="1">90</wcet>
            <maxpow number="0.43410429526165295"/>
            <maxpow number="0.43410429526165295"/>
            <fprob>0.0</fprob>
        </actor>
        <ports>
            <port dstActor="D0N24" name="p0" srcActor="D0N4"/>
            <port dstActor="D0N32" name="p1" srcActor="D0N4"/>
            <port dstActor="D0N38" name="p2" srcActor="D0N4"/>
            <port dstActor="D0N31" name="p3" srcActor="D0N4"/>
            <port dstActor="D0N30" name="p4" srcActor="D0N4"/>
            <port dstActor="D0N46" name="p5" srcActor="D0N32"/>
            <port dstActor="D0N43" name="p6" srcActor="D0N37"/>
            <port dstActor="D0N42" name="p7" srcActor="D0N37"/>
            <port dstActor="D0N45" name="p8" srcActor="D0N37"/>
            <port dstActor="D0N48" name="p9" srcActor="D0N37"/>
            <port dstActor="D0N40" name="p10" srcActor="D0N35"/>
            <port dstActor="D0N32" name="p11" srcActor="D0N11"/>
            <port dstActor="D0N20" name="p12" srcActor="D0N11"/>
            <port dstActor="D0N17" name="p13" srcActor="D0N11"/>
            <port dstActor="D0N36" name="p14" srcActor="D0N18"/>
            <port dstActor="D0N27" name="p15" srcActor="D0N18"/>
            <port dstActor="D0N31" name="p16" srcActor="D0N18"/>
            <port dstActor="D0N31" name="p17" srcActor="D0N23"/>
            <port dstActor="D0N29" name="p18" srcActor="D0N23"/>
            <port dstActor="D0N26" name="p19" srcActor="D0N23"/>
            <port dstActor="D0N36" name="p20" srcActor="D0N5"/>
            <port dstActor="D0N36" name="p21" srcActor="D0N21"/>
            <port dstActor="D0N44" name="p22" srcActor="D0N21"/>
            <port dstActor="D0N47" name="p23" srcActor="D0N21"/>
            <port dstActor="D0N48" name="p24" srcActor="D0N46"/>
            <port dstActor="D0N34" name="p25" srcActor="D0N2"/>
            <port dstActor="D0N17" name="p26" srcActor="D0N2"/>
            <port dstActor="D0N41" name="p27" srcActor="D0N2"/>
            <port dstActor="D0N13" name="p28" srcActor="D0N2"/>
            <port dstActor="D0N37" name="p29" srcActor="D0N2"/>
            <port dstActor="D0N8" name="p30" srcActor="D0N2"/>
            <port dstActor="D0N5" name="p31" srcActor="D0N2"/>
            <port dstActor="D0N29" name="p32" srcActor="D0N25"/>
            <port dstActor="D0N41" name="p33" srcActor="D0N25"/>
            <port dstActor="D0N34" name="p34" srcActor="D0N6"/>
            <port dstActor="D0N41" name="p35" srcActor="D0N6"/>
            <port dstActor="D0N26" name="p36" srcActor="D0N6"/>
            <port dstActor="D0N48" name="p37" srcActor="D0N6"/>
            <port dstActor="D0N46" name="p38" srcActor="D0N27"/>
            <port dstActor="D0N43" name="p39" srcActor="D0N38"/>
            <port dstActor="D0N29" name="p40" srcActor="D0N8"/>
            <port dstActor="D0N44" name="p41" srcActor="D0N8"/>
            <port dstActor="D0N18" name="p42" srcActor="D0N17"/>
            <port dstActor="D0N38" name="p43" srcActor="D0N17"/>
            <port dstActor="D0N20" name="p44" srcActor="D0N17"/>
            <port dstActor="D0N24" name="p45" srcActor="D0N17"/>
            <port dstActor="D0N19" name="p46" srcActor="D0N17"/>
            <port dstActor="D0N25" name="p47" srcActor="D0N17"/>
            <port dstActor="D0N45" name="p48" srcActor="D0N17"/>
            <port dstActor="D0N47" name="p49" srcActor="D0N31"/>
            <port dstActor="D0N44" name="p50" srcActor="D0N31"/>
            <port dstActor="D0N35" name="p51" srcActor="D0N31"/>
            <port dstActor="D0N44" name="p52" srcActor="D0N33"/>
            <port dstActor="D0N35" name="p53" srcActor="D0N33"/>
            <port dstActor="D0N41" name="p54" srcActor="D0N33"/>
            <port dstActor="D0N46" name="p55" srcActor="D0N33"/>
            <port dstActor="D0N40" name="p56" srcActor="D0N33"/>
            <port dstActor="D0N34" name="p57" srcActor="D0N15"/>
            <port dstActor="D0N48" name="p58" srcActor="D0N15"/>
            <port dstActor="D0N23" name="p59" srcActor="D0N15"/>
            <port dstActor="D0N39" name="p60" srcActor="D0N15"/>
            <port dstActor="D0N36" name="p61" srcActor="D0N7"/>
            <port dstActor="D0N34" name="p62" srcActor="D0N7"/>
            <port dstActor="D0N44" name="p63" srcActor="D0N19"/>
            <port dstActor="D0N41" name="p64" srcActor="D0N19"/>
            <port dstActor="D0N40" name="p65" srcActor="D0N19"/>
            <port dstActor="D0N27" name="p66" srcActor="D0N19"/>
            <port dstActor="D0N31" name="p67" srcActor="D0N22"/>
            <port dstActor="D0N46" name="p68" srcActor="D0N26"/>
            <port dstActor="D0N1" name="p69" srcActor="D0N0"/>
            <port dstActor="D0N43" name="p70" srcActor="D0N0"/>
            <port dstActor="D0N10" name="p71" srcActor="D0N0"/>
            <port dstActor="D0N24" name="p72" srcActor="D0N0"/>
            <port dstActor="D0N47" name="p73" srcActor="D0N0"/>
            <port dstActor="D0N12" name="p74" srcActor="D0N0"/>
            <port dstActor="D0N32" name="p75" srcActor="D0N0"/>
            <port dstActor="D0N3" name="p76" srcActor="D0N0"/>
            <port dstActor="D0N29" name="p77" srcActor="D0N0"/>
            <port dstActor="D0N20" name="p78" srcActor="D0N0"/>
            <port dstActor="D0N21" name="p79" srcActor="D0N0"/>
            <port dstActor="D0N27" name="p80" srcActor="D0N0"/>
            <port dstActor="D0N28" name="p81" srcActor="D0N0"/>
            <port dstActor="D0N42" name="p82" srcActor="D0N0"/>
            <port dstActor="D0N44" name="p83" srcActor="D0N36"/>
            <port dstActor="D0N39" name="p84" srcActor="D0N36"/>
            <port dstActor="D0N38" name="p85" srcActor="D0N36"/>
            <port dstActor="D0N20" name="p86" srcActor="D0N10"/>
            <port dstActor="D0N23" name="p87" srcActor="D0N1"/>
            <port dstActor="D0N4" name="p88" srcActor="D0N1"/>
            <port dstActor="D0N14" name="p89" srcActor="D0N1"/>
            <port dstActor="D0N24" name="p90" srcActor="D0N1"/>
            <port dstActor="D0N3" name="p91" srcActor="D0N1"/>
            <port dstActor="D0N29" name="p92" srcActor="D0N1"/>
            <port dstActor="D0N21" name="p93" srcActor="D0N1"/>
            <port dstActor="D0N7" name="p94" srcActor="D0N1"/>
            <port dstActor="D0N40" name="p95" srcActor="D0N1"/>
            <port dstActor="D0N30" name="p96" srcActor="D0N24"/>
            <port dstActor="D0N31" name="p97" srcActor="D0N24"/>
            <port dstActor="D0N37" name="p98" srcActor="D0N24"/>
            <port dstActor="D0N46" name="p99" srcActor="D0N40"/>
            <port dstActor="D0N22" name="p100" srcActor="D0N14"/>
            <port dstActor="D0N41" name="p101" srcActor="D0N14"/>
            <port dstActor="D0N44" name="p102" srcActor="D0N43"/>
            <port dstActor="D0N30" name="p103" srcActor="D0N16"/>
            <port dstActor="D0N27" name="p104" srcActor="D0N16"/>
            <port dstActor="D0N25" name="p105" srcActor="D0N16"/>
            <port dstActor="D0N34" name="p106" srcActor="D0N29"/>
            <port dstActor="D0N46" name="p107" srcActor="D0N29"/>
            <port dstActor="D0N40" name="p108" srcActor="D0N13"/>
            <port dstActor="D0N18" name="p109" srcActor="D0N13"/>
            <port dstActor="D0N23" name="p110" srcActor="D0N13"/>
            <port dstActor="D0N41" name="p111" srcActor="D0N34"/>
            <port dstActor="D0N42" name="p112" srcActor="D0N34"/>
            <port dstActor="D0N47" name="p113" srcActor="D0N34"/>
            <port dstActor="D0N45" name="p114" srcActor="D0N20"/>
            <port dstActor="D0N38" name="p115" srcActor="D0N28"/>
            <port dstActor="D0N42" name="p116" srcActor="D0N28"/>
            <port dstActor="D0N33" name="p117" srcActor="D0N28"/>
            <port dstActor="D0N36" name="p118" srcActor="D0N28"/>
            <port dstActor="D0N39" name="p119" srcActor="D0N28"/>
            <port dstActor="D0N31" name="p120" srcActor="D0N9"/>
            <port dstActor="D0N11" name="p121" srcActor="D0N9"/>
            <port dstActor="D0N21" name="p122" srcActor="D0N9"/>
            <port dstActor="D0N19" name="p123" srcActor="D0N9"/>
            <port dstActor="D0N6" name="p124" srcActor="D0N3"/>
            <port dstActor="D0N15" name="p125" srcActor="D0N3"/>
            <port dstActor="D0N39" name="p126" srcActor="D0N3"/>
        </ports>
    </mcdag>
    <cores number="3"/>
    <levels number="2"/>
</mcsystem>
