<?xml version="1.0" encoding="UTF-8" standalone="no"?>
<mcsystem>
    <mcdag deadline="4000" name="genned-0-ed-10.0-0">
        <actor name="D0N6">
            <wcet number="0">150</wcet>
            <wcet number="1">160</wcet>
            <maxpow number="0.35839136854728226"/>
            <maxpow number="0.35839136854728226"/>
            <fprob>0.0</fprob>
        </actor>
        <actor name="D0N32">
            <wcet number="0">50</wcet>
            <wcet number="1">90</wcet>
            <maxpow number="0.2709984942863953"/>
            <maxpow number="0.2709984942863953"/>
            <fprob>0.0</fprob>
        </actor>
        <actor name="D0N27">
            <wcet number="0">150</wcet>
            <wcet number="1">200</wcet>
            <maxpow number="0.084701987381537"/>
            <maxpow number="0.084701987381537"/>
            <fprob>0.0</fprob>
        </actor>
        <actor name="D0N40">
            <wcet number="0">230</wcet>
            <wcet number="1">260</wcet>
            <maxpow number="0.5693757929160984"/>
            <maxpow number="0.5693757929160984"/>
            <fprob>0.0</fprob>
        </actor>
        <actor name="D0N46">
            <wcet number="0">50</wcet>
            <wcet number="1">50</wcet>
            <maxpow number="0.5092106220114506"/>
            <maxpow number="0.5092106220114506"/>
            <fprob>0.0</fprob>
        </actor>
        <actor name="D0N29">
            <wcet number="0">10</wcet>
            <wcet number="1">60</wcet>
            <maxpow number="0.43612755800745806"/>
            <maxpow number="0.43612755800745806"/>
            <fprob>0.0</fprob>
        </actor>
        <actor name="D0N24">
            <wcet number="0">90</wcet>
            <wcet number="1">150</wcet>
            <maxpow number="0.6079469063486163"/>
            <maxpow number="0.6079469063486163"/>
            <fprob>0.0</fprob>
        </actor>
        <actor name="D0N36">
            <wcet number="0">90</wcet>
            <wcet number="1">90</wcet>
            <maxpow number="0.6012483149195599"/>
            <maxpow number="0.6012483149195599"/>
            <fprob>0.0</fprob>
        </actor>
        <actor name="D0N30">
            <wcet number="0">20</wcet>
            <wcet number="1">60</wcet>
            <maxpow number="0.6315692438429569"/>
            <maxpow number="0.6315692438429569"/>
            <fprob>0.0</fprob>
        </actor>
        <actor name="D0N42">
            <wcet number="0">110</wcet>
            <wcet number="1">230</wcet>
            <maxpow number="0.5278770481834711"/>
            <maxpow number="0.5278770481834711"/>
            <fprob>0.0</fprob>
        </actor>
        <actor name="D0N43">
            <wcet number="0">40</wcet>
            <wcet number="1">40</wcet>
            <maxpow number="0.5035424568251049"/>
            <maxpow number="0.5035424568251049"/>
            <fprob>0.0</fprob>
        </actor>
        <actor name="D0N11">
            <wcet number="0">140</wcet>
            <wcet number="1">350</wcet>
            <maxpow number="0.2258577236158555"/>
            <maxpow number="0.2258577236158555"/>
            <fprob>0.0</fprob>
        </actor>
        <actor name="D0N10">
            <wcet number="0">100</wcet>
            <wcet number="1">380</wcet>
            <maxpow number="0.3648749394628481"/>
            <maxpow number="0.3648749394628481"/>
            <fprob>0.0</fprob>
        </actor>
        <actor name="D0N14">
            <wcet number="0">90</wcet>
            <wcet number="1">220</wcet>
            <maxpow number="0.6577733294638514"/>
            <maxpow number="0.6577733294638514"/>
            <fprob>0.0</fprob>
        </actor>
        <actor name="D0N38">
            <wcet number="0">80</wcet>
            <wcet number="1">100</wcet>
            <maxpow number="0.4360934117295159"/>
            <maxpow number="0.4360934117295159"/>
            <fprob>0.0</fprob>
        </actor>
        <actor name="D0N12">
            <wcet number="0">40</wcet>
            <wcet number="1">90</wcet>
            <maxpow number="0.9085256667939386"/>
            <maxpow number="0.9085256667939386"/>
            <fprob>0.0</fprob>
        </actor>
        <actor name="D0N15">
            <wcet number="0">100</wcet>
            <wcet number="1">210</wcet>
            <maxpow number="0.450258276200762"/>
            <maxpow number="0.450258276200762"/>
            <fprob>0.0</fprob>
        </actor>
        <actor name="D0N9">
            <wcet number="0">120</wcet>
            <wcet number="1">150</wcet>
            <maxpow number="0.23993314410765687"/>
            <maxpow number="0.23993314410765687"/>
            <fprob>0.0</fprob>
        </actor>
        <actor name="D0N26">
            <wcet number="0">40</wcet>
            <wcet number="1">170</wcet>
            <maxpow number="0.7009608805834444"/>
            <maxpow number="0.7009608805834444"/>
            <fprob>0.0</fprob>
        </actor>
        <actor name="D0N44">
            <wcet number="0">10</wcet>
            <wcet number="1">10</wcet>
            <maxpow number="0.12113554491983491"/>
            <maxpow number="0.12113554491983491"/>
            <fprob>0.0</fprob>
        </actor>
        <actor name="D0N47">
            <wcet number="0">30</wcet>
            <wcet number="1">40</wcet>
            <maxpow number="0.7893929073004562"/>
            <maxpow number="0.7893929073004562"/>
            <fprob>0.0</fprob>
        </actor>
        <actor name="D0N2">
            <wcet number="0">60</wcet>
            <wcet number="1">110</wcet>
            <maxpow number="0.3991667133838032"/>
            <maxpow number="0.3991667133838032"/>
            <fprob>0.0</fprob>
        </actor>
        <actor name="D0N31">
            <wcet number="0">30</wcet>
            <wcet number="1">30</wcet>
            <maxpow number="0.8311064907270516"/>
            <maxpow number="0.8311064907270516"/>
            <fprob>0.0</fprob>
        </actor>
        <actor name="D0N34">
            <wcet number="0">70</wcet>
            <wcet number="1">160</wcet>
            <maxpow number="0.5774413566285759"/>
            <maxpow number="0.5774413566285759"/>
            <fprob>0.0</fprob>
        </actor>
        <actor name="D0N0">
            <wcet number="0">90</wcet>
            <wcet number="1">160</wcet>
            <maxpow number="0.7252661898022356"/>
            <maxpow number="0.7252661898022356"/>
            <fprob>0.0</fprob>
        </actor>
        <actor name="D0N1">
            <wcet number="0">280</wcet>
            <wcet number="1">400</wcet>
            <maxpow number="0.6740641270591837"/>
            <maxpow number="0.6740641270591837"/>
            <fprob>0.0</fprob>
        </actor>
        <actor name="D0N4">
            <wcet number="0">20</wcet>
            <wcet number="1">170</wcet>
            <maxpow number="0.42680074207159574"/>
            <maxpow number="0.42680074207159574"/>
            <fprob>0.0</fprob>
        </actor>
        <actor name="D0N22">
            <wcet number="0">10</wcet>
            <wcet number="1">60</wcet>
            <maxpow number="0.5070406727626422"/>
            <maxpow number="0.5070406727626422"/>
            <fprob>0.0</fprob>
        </actor>
        <actor name="D0N3">
            <wcet number="0">40</wcet>
            <wcet number="1">50</wcet>
            <maxpow number="0.5401214817725701"/>
            <maxpow number="0.5401214817725701"/>
            <fprob>0.0</fprob>
        </actor>
        <actor name="D0N20">
            <wcet number="0">20</wcet>
            <wcet number="1">60</wcet>
            <maxpow number="0.4485472966946998"/>
            <maxpow number="0.4485472966946998"/>
            <fprob>0.0</fprob>
        </actor>
        <actor name="D0N33">
            <wcet number="0">10</wcet>
            <wcet number="1">30</wcet>
            <maxpow number="0.46021548626971714"/>
            <maxpow number="0.46021548626971714"/>
            <fprob>0.0</fprob>
        </actor>
        <actor name="D0N7">
            <wcet number="0">30</wcet>
            <wcet number="1">40</wcet>
            <maxpow number="0.40216060180288915"/>
            <maxpow number="0.40216060180288915"/>
            <fprob>0.0</fprob>
        </actor>
        <actor name="D0N45">
            <wcet number="0">430</wcet>
            <wcet number="1">670</wcet>
            <maxpow number="0.6369901874669331"/>
            <maxpow number="0.6369901874669331"/>
            <fprob>0.0</fprob>
        </actor>
        <actor name="D0N13">
            <wcet number="0">30</wcet>
            <wcet number="1">250</wcet>
            <maxpow number="0.48445479198485236"/>
            <maxpow number="0.48445479198485236"/>
            <fprob>0.0</fprob>
        </actor>
        <actor name="D0N5">
            <wcet number="0">20</wcet>
            <wcet number="1">20</wcet>
            <maxpow number="0.5916724128016804"/>
            <maxpow number="0.5916724128016804"/>
            <fprob>0.0</fprob>
        </actor>
        <actor name="D0N19">
            <wcet number="0">70</wcet>
            <wcet number="1">150</wcet>
            <maxpow number="0.30084787642363064"/>
            <maxpow number="0.30084787642363064"/>
            <fprob>0.0</fprob>
        </actor>
        <actor name="D0N8">
            <wcet number="0">40</wcet>
            <wcet number="1">270</wcet>
            <maxpow number="0.5762029903094833"/>
            <maxpow number="0.5762029903094833"/>
            <fprob>0.0</fprob>
        </actor>
        <actor name="D0N16">
            <wcet number="0">100</wcet>
            <wcet number="1">300</wcet>
            <maxpow number="0.2933216499099274"/>
            <maxpow number="0.2933216499099274"/>
            <fprob>0.0</fprob>
        </actor>
        <actor name="D0N41">
            <wcet number="0">90</wcet>
            <wcet number="1">210</wcet>
            <maxpow number="0.7229116553442358"/>
            <maxpow number="0.7229116553442358"/>
            <fprob>0.0</fprob>
        </actor>
        <actor name="D0N28">
            <wcet number="0">20</wcet>
            <wcet number="1">30</wcet>
            <maxpow number="0.25857765887821205"/>
            <maxpow number="0.25857765887821205"/>
            <fprob>0.0</fprob>
        </actor>
        <actor name="D0N17">
            <wcet number="0">180</wcet>
            <wcet number="1">330</wcet>
            <maxpow number="0.7112639519470558"/>
            <maxpow number="0.7112639519470558"/>
            <fprob>0.0</fprob>
        </actor>
        <actor name="D0N48">
            <wcet number="0">410</wcet>
            <wcet number="1">430</wcet>
            <maxpow number="0.44427371614427946"/>
            <maxpow number="0.44427371614427946"/>
            <fprob>0.0</fprob>
        </actor>
        <actor name="D0N37">
            <wcet number="0">160</wcet>
            <wcet number="1">320</wcet>
            <maxpow number="0.3406519024610224"/>
            <maxpow number="0.3406519024610224"/>
            <fprob>0.0</fprob>
        </actor>
        <actor name="D0N35">
            <wcet number="0">60</wcet>
            <wcet number="1">80</wcet>
            <maxpow number="0.6869682377280656"/>
            <maxpow number="0.6869682377280656"/>
            <fprob>0.0</fprob>
        </actor>
        <actor name="D0N39">
            <wcet number="0">80</wcet>
            <wcet number="1">80</wcet>
            <maxpow number="0.6810251422534488"/>
            <maxpow number="0.6810251422534488"/>
            <fprob>0.0</fprob>
        </actor>
        <actor name="D0N18">
            <wcet number="0">30</wcet>
            <wcet number="1">50</wcet>
            <maxpow number="0.4495507450319893"/>
            <maxpow number="0.4495507450319893"/>
            <fprob>0.0</fprob>
        </actor>
        <actor name="D0N25">
            <wcet number="0">10</wcet>
            <wcet number="1">30</wcet>
            <maxpow number="0.5886023869977913"/>
            <maxpow number="0.5886023869977913"/>
            <fprob>0.0</fprob>
        </actor>
        <actor name="D0N23">
            <wcet number="0">80</wcet>
            <wcet number="1">230</wcet>
            <maxpow number="0.6768781857050604"/>
            <maxpow number="0.6768781857050604"/>
            <fprob>0.0</fprob>
        </actor>
        <actor name="D0N21">
            <wcet number="0">20</wcet>
            <wcet number="1">170</wcet>
            <maxpow number="0.6612099735946007"/>
            <maxpow number="0.6612099735946007"/>
            <fprob>0.0</fprob>
        </actor>
        <ports>
            <port dstActor="D0N32" name="p0" srcActor="D0N6"/>
            <port dstActor="D0N20" name="p1" srcActor="D0N6"/>
            <port dstActor="D0N27" name="p2" srcActor="D0N6"/>
            <port dstActor="D0N37" name="p3" srcActor="D0N6"/>
            <port dstActor="D0N47" name="p4" srcActor="D0N27"/>
            <port dstActor="D0N37" name="p5" srcActor="D0N27"/>
            <port dstActor="D0N36" name="p6" srcActor="D0N29"/>
            <port dstActor="D0N31" name="p7" srcActor="D0N24"/>
            <port dstActor="D0N29" name="p8" srcActor="D0N24"/>
            <port dstActor="D0N42" name="p9" srcActor="D0N36"/>
            <port dstActor="D0N41" name="p10" srcActor="D0N30"/>
            <port dstActor="D0N46" name="p11" srcActor="D0N42"/>
            <port dstActor="D0N34" name="p12" srcActor="D0N11"/>
            <port dstActor="D0N25" name="p13" srcActor="D0N11"/>
            <port dstActor="D0N12" name="p14" srcActor="D0N11"/>
            <port dstActor="D0N29" name="p15" srcActor="D0N10"/>
            <port dstActor="D0N32" name="p16" srcActor="D0N10"/>
            <port dstActor="D0N44" name="p17" srcActor="D0N10"/>
            <port dstActor="D0N33" name="p18" srcActor="D0N10"/>
            <port dstActor="D0N40" name="p19" srcActor="D0N10"/>
            <port dstActor="D0N30" name="p20" srcActor="D0N14"/>
            <port dstActor="D0N20" name="p21" srcActor="D0N14"/>
            <port dstActor="D0N48" name="p22" srcActor="D0N14"/>
            <port dstActor="D0N41" name="p23" srcActor="D0N14"/>
            <port dstActor="D0N35" name="p24" srcActor="D0N14"/>
            <port dstActor="D0N20" name="p25" srcActor="D0N12"/>
            <port dstActor="D0N14" name="p26" srcActor="D0N12"/>
            <port dstActor="D0N39" name="p27" srcActor="D0N12"/>
            <port dstActor="D0N27" name="p28" srcActor="D0N15"/>
            <port dstActor="D0N27" name="p29" srcActor="D0N9"/>
            <port dstActor="D0N15" name="p30" srcActor="D0N9"/>
            <port dstActor="D0N40" name="p31" srcActor="D0N9"/>
            <port dstActor="D0N34" name="p32" srcActor="D0N26"/>
            <port dstActor="D0N32" name="p33" srcActor="D0N26"/>
            <port dstActor="D0N18" name="p34" srcActor="D0N2"/>
            <port dstActor="D0N7" name="p35" srcActor="D0N2"/>
            <port dstActor="D0N46" name="p36" srcActor="D0N31"/>
            <port dstActor="D0N36" name="p37" srcActor="D0N31"/>
            <port dstActor="D0N27" name="p38" srcActor="D0N0"/>
            <port dstActor="D0N10" name="p39" srcActor="D0N0"/>
            <port dstActor="D0N44" name="p40" srcActor="D0N0"/>
            <port dstActor="D0N8" name="p41" srcActor="D0N0"/>
            <port dstActor="D0N13" name="p42" srcActor="D0N0"/>
            <port dstActor="D0N31" name="p43" srcActor="D0N0"/>
            <port dstActor="D0N44" name="p44" srcActor="D0N1"/>
            <port dstActor="D0N25" name="p45" srcActor="D0N1"/>
            <port dstActor="D0N39" name="p46" srcActor="D0N1"/>
            <port dstActor="D0N32" name="p47" srcActor="D0N1"/>
            <port dstActor="D0N48" name="p48" srcActor="D0N1"/>
            <port dstActor="D0N42" name="p49" srcActor="D0N1"/>
            <port dstActor="D0N46" name="p50" srcActor="D0N1"/>
            <port dstActor="D0N29" name="p51" srcActor="D0N1"/>
            <port dstActor="D0N34" name="p52" srcActor="D0N1"/>
            <port dstActor="D0N24" name="p53" srcActor="D0N1"/>
            <port dstActor="D0N17" name="p54" srcActor="D0N4"/>
            <port dstActor="D0N31" name="p55" srcActor="D0N22"/>
            <port dstActor="D0N43" name="p56" srcActor="D0N22"/>
            <port dstActor="D0N32" name="p57" srcActor="D0N3"/>
            <port dstActor="D0N13" name="p58" srcActor="D0N3"/>
            <port dstActor="D0N31" name="p59" srcActor="D0N3"/>
            <port dstActor="D0N30" name="p60" srcActor="D0N20"/>
            <port dstActor="D0N40" name="p61" srcActor="D0N20"/>
            <port dstActor="D0N29" name="p62" srcActor="D0N20"/>
            <port dstActor="D0N31" name="p63" srcActor="D0N20"/>
            <port dstActor="D0N22" name="p64" srcActor="D0N20"/>
            <port dstActor="D0N34" name="p65" srcActor="D0N20"/>
            <port dstActor="D0N42" name="p66" srcActor="D0N33"/>
            <port dstActor="D0N48" name="p67" srcActor="D0N33"/>
            <port dstActor="D0N13" name="p68" srcActor="D0N7"/>
            <port dstActor="D0N38" name="p69" srcActor="D0N7"/>
            <port dstActor="D0N48" name="p70" srcActor="D0N7"/>
            <port dstActor="D0N27" name="p71" srcActor="D0N7"/>
            <port dstActor="D0N42" name="p72" srcActor="D0N13"/>
            <port dstActor="D0N34" name="p73" srcActor="D0N13"/>
            <port dstActor="D0N22" name="p74" srcActor="D0N13"/>
            <port dstActor="D0N19" name="p75" srcActor="D0N13"/>
            <port dstActor="D0N29" name="p76" srcActor="D0N13"/>
            <port dstActor="D0N22" name="p77" srcActor="D0N5"/>
            <port dstActor="D0N26" name="p78" srcActor="D0N5"/>
            <port dstActor="D0N43" name="p79" srcActor="D0N5"/>
            <port dstActor="D0N10" name="p80" srcActor="D0N8"/>
            <port dstActor="D0N46" name="p81" srcActor="D0N8"/>
            <port dstActor="D0N40" name="p82" srcActor="D0N8"/>
            <port dstActor="D0N12" name="p83" srcActor="D0N8"/>
            <port dstActor="D0N18" name="p84" srcActor="D0N8"/>
            <port dstActor="D0N29" name="p85" srcActor="D0N16"/>
            <port dstActor="D0N41" name="p86" srcActor="D0N16"/>
            <port dstActor="D0N19" name="p87" srcActor="D0N16"/>
            <port dstActor="D0N25" name="p88" srcActor="D0N16"/>
            <port dstActor="D0N43" name="p89" srcActor="D0N41"/>
            <port dstActor="D0N46" name="p90" srcActor="D0N41"/>
            <port dstActor="D0N44" name="p91" srcActor="D0N28"/>
            <port dstActor="D0N28" name="p92" srcActor="D0N17"/>
            <port dstActor="D0N45" name="p93" srcActor="D0N37"/>
            <port dstActor="D0N47" name="p94" srcActor="D0N37"/>
            <port dstActor="D0N48" name="p95" srcActor="D0N35"/>
            <port dstActor="D0N46" name="p96" srcActor="D0N35"/>
            <port dstActor="D0N48" name="p97" srcActor="D0N39"/>
            <port dstActor="D0N41" name="p98" srcActor="D0N39"/>
            <port dstActor="D0N47" name="p99" srcActor="D0N25"/>
            <port dstActor="D0N31" name="p100" srcActor="D0N23"/>
            <port dstActor="D0N38" name="p101" srcActor="D0N23"/>
            <port dstActor="D0N39" name="p102" srcActor="D0N23"/>
            <port dstActor="D0N42" name="p103" srcActor="D0N23"/>
            <port dstActor="D0N43" name="p104" srcActor="D0N23"/>
            <port dstActor="D0N39" name="p105" srcActor="D0N21"/>
            <port dstActor="D0N48" name="p106" srcActor="D0N21"/>
        </ports>
    </mcdag>
    <cores number="2"/>
    <levels number="2"/>
</mcsystem>
