<?xml version="1.0" encoding="UTF-8" standalone="no"?>
<mcsystem>
    <mcdag deadline="4000" name="genned-0-ed-10.0-0">
        <actor name="D0N5">
            <wcet number="0">150</wcet>
            <wcet number="1">240</wcet>
            <maxpow number="0.30065567925390824"/>
            <maxpow number="0.30065567925390824"/>
            <fprob>0.0</fprob>
        </actor>
        <actor name="D0N34">
            <wcet number="0">70</wcet>
            <wcet number="1">120</wcet>
            <maxpow number="0.4276415986790205"/>
            <maxpow number="0.4276415986790205"/>
            <fprob>0.0</fprob>
        </actor>
        <actor name="D0N31">
            <wcet number="0">50</wcet>
            <wcet number="1">100</wcet>
            <maxpow number="0.12605413609866328"/>
            <maxpow number="0.12605413609866328"/>
            <fprob>0.0</fprob>
        </actor>
        <actor name="D0N26">
            <wcet number="0">110</wcet>
            <wcet number="1">180</wcet>
            <maxpow number="0.5123087831378049"/>
            <maxpow number="0.5123087831378049"/>
            <fprob>0.0</fprob>
        </actor>
        <actor name="D0N27">
            <wcet number="0">200</wcet>
            <wcet number="1">500</wcet>
            <maxpow number="0.8366244043927928"/>
            <maxpow number="0.8366244043927928"/>
            <fprob>0.0</fprob>
        </actor>
        <actor name="D0N22">
            <wcet number="0">170</wcet>
            <wcet number="1">180</wcet>
            <maxpow number="0.5222195497354277"/>
            <maxpow number="0.5222195497354277"/>
            <fprob>0.0</fprob>
        </actor>
        <actor name="D0N47">
            <wcet number="0">10</wcet>
            <wcet number="1">10</wcet>
            <maxpow number="0.8158648186641817"/>
            <maxpow number="0.8158648186641817"/>
            <fprob>0.0</fprob>
        </actor>
        <actor name="D0N0">
            <wcet number="0">260</wcet>
            <wcet number="1">340</wcet>
            <maxpow number="0.5566635922068941"/>
            <maxpow number="0.5566635922068941"/>
            <fprob>0.0</fprob>
        </actor>
        <actor name="D0N16">
            <wcet number="0">120</wcet>
            <wcet number="1">410</wcet>
            <maxpow number="0.49945427903036643"/>
            <maxpow number="0.49945427903036643"/>
            <fprob>0.0</fprob>
        </actor>
        <actor name="D0N2">
            <wcet number="0">230</wcet>
            <wcet number="1">340</wcet>
            <maxpow number="0.613917334210512"/>
            <maxpow number="0.613917334210512"/>
            <fprob>0.0</fprob>
        </actor>
        <actor name="D0N11">
            <wcet number="0">210</wcet>
            <wcet number="1">270</wcet>
            <maxpow number="0.6035063842226468"/>
            <maxpow number="0.6035063842226468"/>
            <fprob>0.0</fprob>
        </actor>
        <actor name="D0N9">
            <wcet number="0">280</wcet>
            <wcet number="1">550</wcet>
            <maxpow number="0.8592567333918808"/>
            <maxpow number="0.8592567333918808"/>
            <fprob>0.0</fprob>
        </actor>
        <actor name="D0N7">
            <wcet number="0">20</wcet>
            <wcet number="1">40</wcet>
            <maxpow number="0.6520098037569949"/>
            <maxpow number="0.6520098037569949"/>
            <fprob>0.0</fprob>
        </actor>
        <actor name="D0N8">
            <wcet number="0">10</wcet>
            <wcet number="1">20</wcet>
            <maxpow number="0.5270828116333205"/>
            <maxpow number="0.5270828116333205"/>
            <fprob>0.0</fprob>
        </actor>
        <actor name="D0N43">
            <wcet number="0">20</wcet>
            <wcet number="1">20</wcet>
            <maxpow number="0.4788021140465366"/>
            <maxpow number="0.4788021140465366"/>
            <fprob>0.0</fprob>
        </actor>
        <actor name="D0N15">
            <wcet number="0">250</wcet>
            <wcet number="1">290</wcet>
            <maxpow number="0.6036633514703948"/>
            <maxpow number="0.6036633514703948"/>
            <fprob>0.0</fprob>
        </actor>
        <actor name="D0N19">
            <wcet number="0">20</wcet>
            <wcet number="1">40</wcet>
            <maxpow number="0.6957637962761238"/>
            <maxpow number="0.6957637962761238"/>
            <fprob>0.0</fprob>
        </actor>
        <actor name="D0N14">
            <wcet number="0">60</wcet>
            <wcet number="1">130</wcet>
            <maxpow number="0.5931062601231288"/>
            <maxpow number="0.5931062601231288"/>
            <fprob>0.0</fprob>
        </actor>
        <actor name="D0N6">
            <wcet number="0">140</wcet>
            <wcet number="1">140</wcet>
            <maxpow number="0.33065802242127146"/>
            <maxpow number="0.33065802242127146"/>
            <fprob>0.0</fprob>
        </actor>
        <actor name="D0N32">
            <wcet number="0">350</wcet>
            <wcet number="1">470</wcet>
            <maxpow number="0.4110538285681166"/>
            <maxpow number="0.4110538285681166"/>
            <fprob>0.0</fprob>
        </actor>
        <actor name="D0N44">
            <wcet number="0">180</wcet>
            <wcet number="1">460</wcet>
            <maxpow number="0.4927050424477977"/>
            <maxpow number="0.4927050424477977"/>
            <fprob>0.0</fprob>
        </actor>
        <actor name="D0N24">
            <wcet number="0">30</wcet>
            <wcet number="1">50</wcet>
            <maxpow number="0.5558797405984681"/>
            <maxpow number="0.5558797405984681"/>
            <fprob>0.0</fprob>
        </actor>
        <actor name="D0N25">
            <wcet number="0">60</wcet>
            <wcet number="1">70</wcet>
            <maxpow number="0.5765272707105369"/>
            <maxpow number="0.5765272707105369"/>
            <fprob>0.0</fprob>
        </actor>
        <actor name="D0N30">
            <wcet number="0">130</wcet>
            <wcet number="1">200</wcet>
            <maxpow number="0.6991640487923284"/>
            <maxpow number="0.6991640487923284"/>
            <fprob>0.0</fprob>
        </actor>
        <actor name="D0N46">
            <wcet number="0">70</wcet>
            <wcet number="1">320</wcet>
            <maxpow number="0.6590320289582005"/>
            <maxpow number="0.6590320289582005"/>
            <fprob>0.0</fprob>
        </actor>
        <actor name="D0N36">
            <wcet number="0">210</wcet>
            <wcet number="1">330</wcet>
            <maxpow number="0.4890542646825785"/>
            <maxpow number="0.4890542646825785"/>
            <fprob>0.0</fprob>
        </actor>
        <actor name="D0N29">
            <wcet number="0">30</wcet>
            <wcet number="1">70</wcet>
            <maxpow number="0.4609218597981768"/>
            <maxpow number="0.4609218597981768"/>
            <fprob>0.0</fprob>
        </actor>
        <actor name="D0N4">
            <wcet number="0">40</wcet>
            <wcet number="1">60</wcet>
            <maxpow number="0.681505167841422"/>
            <maxpow number="0.681505167841422"/>
            <fprob>0.0</fprob>
        </actor>
        <actor name="D0N20">
            <wcet number="0">200</wcet>
            <wcet number="1">220</wcet>
            <maxpow number="0.4710790314032382"/>
            <maxpow number="0.4710790314032382"/>
            <fprob>0.0</fprob>
        </actor>
        <actor name="D0N42">
            <wcet number="0">10</wcet>
            <wcet number="1">30</wcet>
            <maxpow number="0.7055097173027736"/>
            <maxpow number="0.7055097173027736"/>
            <fprob>0.0</fprob>
        </actor>
        <actor name="D0N45">
            <wcet number="0">90</wcet>
            <wcet number="1">160</wcet>
            <maxpow number="0.5376685461496491"/>
            <maxpow number="0.5376685461496491"/>
            <fprob>0.0</fprob>
        </actor>
        <actor name="D0N17">
            <wcet number="0">60</wcet>
            <wcet number="1">120</wcet>
            <maxpow number="0.17358305900040732"/>
            <maxpow number="0.17358305900040732"/>
            <fprob>0.0</fprob>
        </actor>
        <actor name="D0N37">
            <wcet number="0">30</wcet>
            <wcet number="1">90</wcet>
            <maxpow number="0.7990652567235655"/>
            <maxpow number="0.7990652567235655"/>
            <fprob>0.0</fprob>
        </actor>
        <actor name="D0N48">
            <wcet number="0">50</wcet>
            <wcet number="1">140</wcet>
            <maxpow number="0.3996801644291388"/>
            <maxpow number="0.3996801644291388"/>
            <fprob>0.0</fprob>
        </actor>
        <actor name="D0N35">
            <wcet number="0">20</wcet>
            <wcet number="1">100</wcet>
            <maxpow number="0.42109751744996254"/>
            <maxpow number="0.42109751744996254"/>
            <fprob>0.0</fprob>
        </actor>
        <actor name="D0N39">
            <wcet number="0">10</wcet>
            <wcet number="1">20</wcet>
            <maxpow number="0.3605923104673773"/>
            <maxpow number="0.3605923104673773"/>
            <fprob>0.0</fprob>
        </actor>
        <actor name="D0N10">
            <wcet number="0">460</wcet>
            <wcet number="1">1640</wcet>
            <maxpow number="0.4361531693500408"/>
            <maxpow number="0.4361531693500408"/>
            <fprob>0.0</fprob>
        </actor>
        <actor name="D0N28">
            <wcet number="0">20</wcet>
            <wcet number="1">20</wcet>
            <maxpow number="0.8155261607593018"/>
            <maxpow number="0.8155261607593018"/>
            <fprob>0.0</fprob>
        </actor>
        <actor name="D0N1">
            <wcet number="0">20</wcet>
            <wcet number="1">30</wcet>
            <maxpow number="0.4665246249153832"/>
            <maxpow number="0.4665246249153832"/>
            <fprob>0.0</fprob>
        </actor>
        <actor name="D0N13">
            <wcet number="0">80</wcet>
            <wcet number="1">330</wcet>
            <maxpow number="0.29243287936844137"/>
            <maxpow number="0.29243287936844137"/>
            <fprob>0.0</fprob>
        </actor>
        <actor name="D0N38">
            <wcet number="0">260</wcet>
            <wcet number="1">550</wcet>
            <maxpow number="0.5723129651095387"/>
            <maxpow number="0.5723129651095387"/>
            <fprob>0.0</fprob>
        </actor>
        <actor name="D0N21">
            <wcet number="0">90</wcet>
            <wcet number="1">240</wcet>
            <maxpow number="0.5439999641548621"/>
            <maxpow number="0.5439999641548621"/>
            <fprob>0.0</fprob>
        </actor>
        <actor name="D0N12">
            <wcet number="0">10</wcet>
            <wcet number="1">20</wcet>
            <maxpow number="0.608662970122983"/>
            <maxpow number="0.608662970122983"/>
            <fprob>0.0</fprob>
        </actor>
        <actor name="D0N40">
            <wcet number="0">190</wcet>
            <wcet number="1">320</wcet>
            <maxpow number="0.6737192864066568"/>
            <maxpow number="0.6737192864066568"/>
            <fprob>0.0</fprob>
        </actor>
        <actor name="D0N33">
            <wcet number="0">160</wcet>
            <wcet number="1">220</wcet>
            <maxpow number="0.6342069519216336"/>
            <maxpow number="0.6342069519216336"/>
            <fprob>0.0</fprob>
        </actor>
        <actor name="D0N3">
            <wcet number="0">20</wcet>
            <wcet number="1">60</wcet>
            <maxpow number="0.4677073199297548"/>
            <maxpow number="0.4677073199297548"/>
            <fprob>0.0</fprob>
        </actor>
        <actor name="D0N18">
            <wcet number="0">280</wcet>
            <wcet number="1">370</wcet>
            <maxpow number="0.4627434670193239"/>
            <maxpow number="0.4627434670193239"/>
            <fprob>0.0</fprob>
        </actor>
        <actor name="D0N23">
            <wcet number="0">30</wcet>
            <wcet number="1">410</wcet>
            <maxpow number="0.5408035903891799"/>
            <maxpow number="0.5408035903891799"/>
            <fprob>0.0</fprob>
        </actor>
        <actor name="D0N41">
            <wcet number="0">110</wcet>
            <wcet number="1">160</wcet>
            <maxpow number="0.6978137676437097"/>
            <maxpow number="0.6978137676437097"/>
            <fprob>0.0</fprob>
        </actor>
        <ports>
            <port dstActor="D0N37" name="p0" srcActor="D0N5"/>
            <port dstActor="D0N15" name="p1" srcActor="D0N5"/>
            <port dstActor="D0N48" name="p2" srcActor="D0N31"/>
            <port dstActor="D0N41" name="p3" srcActor="D0N31"/>
            <port dstActor="D0N31" name="p4" srcActor="D0N26"/>
            <port dstActor="D0N44" name="p5" srcActor="D0N26"/>
            <port dstActor="D0N41" name="p6" srcActor="D0N26"/>
            <port dstActor="D0N47" name="p7" srcActor="D0N26"/>
            <port dstActor="D0N48" name="p8" srcActor="D0N26"/>
            <port dstActor="D0N29" name="p9" srcActor="D0N27"/>
            <port dstActor="D0N44" name="p10" srcActor="D0N27"/>
            <port dstActor="D0N47" name="p11" srcActor="D0N27"/>
            <port dstActor="D0N24" name="p12" srcActor="D0N22"/>
            <port dstActor="D0N23" name="p13" srcActor="D0N22"/>
            <port dstActor="D0N25" name="p14" srcActor="D0N22"/>
            <port dstActor="D0N30" name="p15" srcActor="D0N0"/>
            <port dstActor="D0N31" name="p16" srcActor="D0N0"/>
            <port dstActor="D0N44" name="p17" srcActor="D0N16"/>
            <port dstActor="D0N46" name="p18" srcActor="D0N16"/>
            <port dstActor="D0N28" name="p19" srcActor="D0N2"/>
            <port dstActor="D0N3" name="p20" srcActor="D0N2"/>
            <port dstActor="D0N21" name="p21" srcActor="D0N2"/>
            <port dstActor="D0N29" name="p22" srcActor="D0N2"/>
            <port dstActor="D0N24" name="p23" srcActor="D0N2"/>
            <port dstActor="D0N30" name="p24" srcActor="D0N2"/>
            <port dstActor="D0N38" name="p25" srcActor="D0N11"/>
            <port dstActor="D0N14" name="p26" srcActor="D0N11"/>
            <port dstActor="D0N43" name="p27" srcActor="D0N9"/>
            <port dstActor="D0N22" name="p28" srcActor="D0N9"/>
            <port dstActor="D0N37" name="p29" srcActor="D0N9"/>
            <port dstActor="D0N25" name="p30" srcActor="D0N9"/>
            <port dstActor="D0N46" name="p31" srcActor="D0N9"/>
            <port dstActor="D0N25" name="p32" srcActor="D0N7"/>
            <port dstActor="D0N15" name="p33" srcActor="D0N7"/>
            <port dstActor="D0N21" name="p34" srcActor="D0N7"/>
            <port dstActor="D0N23" name="p35" srcActor="D0N7"/>
            <port dstActor="D0N32" name="p36" srcActor="D0N8"/>
            <port dstActor="D0N16" name="p37" srcActor="D0N8"/>
            <port dstActor="D0N31" name="p38" srcActor="D0N8"/>
            <port dstActor="D0N23" name="p39" srcActor="D0N8"/>
            <port dstActor="D0N9" name="p40" srcActor="D0N8"/>
            <port dstActor="D0N48" name="p41" srcActor="D0N15"/>
            <port dstActor="D0N24" name="p42" srcActor="D0N15"/>
            <port dstActor="D0N34" name="p43" srcActor="D0N15"/>
            <port dstActor="D0N19" name="p44" srcActor="D0N15"/>
            <port dstActor="D0N23" name="p45" srcActor="D0N19"/>
            <port dstActor="D0N46" name="p46" srcActor="D0N14"/>
            <port dstActor="D0N44" name="p47" srcActor="D0N14"/>
            <port dstActor="D0N36" name="p48" srcActor="D0N14"/>
            <port dstActor="D0N16" name="p49" srcActor="D0N6"/>
            <port dstActor="D0N25" name="p50" srcActor="D0N6"/>
            <port dstActor="D0N48" name="p51" srcActor="D0N6"/>
            <port dstActor="D0N11" name="p52" srcActor="D0N6"/>
            <port dstActor="D0N36" name="p53" srcActor="D0N6"/>
            <port dstActor="D0N18" name="p54" srcActor="D0N6"/>
            <port dstActor="D0N25" name="p55" srcActor="D0N24"/>
            <port dstActor="D0N44" name="p56" srcActor="D0N30"/>
            <port dstActor="D0N48" name="p57" srcActor="D0N36"/>
            <port dstActor="D0N46" name="p58" srcActor="D0N36"/>
            <port dstActor="D0N41" name="p59" srcActor="D0N29"/>
            <port dstActor="D0N12" name="p60" srcActor="D0N4"/>
            <port dstActor="D0N11" name="p61" srcActor="D0N4"/>
            <port dstActor="D0N29" name="p62" srcActor="D0N20"/>
            <port dstActor="D0N34" name="p63" srcActor="D0N20"/>
            <port dstActor="D0N43" name="p64" srcActor="D0N42"/>
            <port dstActor="D0N47" name="p65" srcActor="D0N42"/>
            <port dstActor="D0N28" name="p66" srcActor="D0N17"/>
            <port dstActor="D0N45" name="p67" srcActor="D0N37"/>
            <port dstActor="D0N45" name="p68" srcActor="D0N35"/>
            <port dstActor="D0N36" name="p69" srcActor="D0N35"/>
            <port dstActor="D0N47" name="p70" srcActor="D0N39"/>
            <port dstActor="D0N19" name="p71" srcActor="D0N10"/>
            <port dstActor="D0N29" name="p72" srcActor="D0N10"/>
            <port dstActor="D0N16" name="p73" srcActor="D0N10"/>
            <port dstActor="D0N43" name="p74" srcActor="D0N10"/>
            <port dstActor="D0N17" name="p75" srcActor="D0N10"/>
            <port dstActor="D0N15" name="p76" srcActor="D0N10"/>
            <port dstActor="D0N44" name="p77" srcActor="D0N10"/>
            <port dstActor="D0N37" name="p78" srcActor="D0N28"/>
            <port dstActor="D0N36" name="p79" srcActor="D0N28"/>
            <port dstActor="D0N3" name="p80" srcActor="D0N1"/>
            <port dstActor="D0N27" name="p81" srcActor="D0N1"/>
            <port dstActor="D0N39" name="p82" srcActor="D0N13"/>
            <port dstActor="D0N46" name="p83" srcActor="D0N21"/>
            <port dstActor="D0N16" name="p84" srcActor="D0N12"/>
            <port dstActor="D0N40" name="p85" srcActor="D0N12"/>
            <port dstActor="D0N43" name="p86" srcActor="D0N12"/>
            <port dstActor="D0N22" name="p87" srcActor="D0N12"/>
            <port dstActor="D0N20" name="p88" srcActor="D0N12"/>
            <port dstActor="D0N44" name="p89" srcActor="D0N40"/>
            <port dstActor="D0N37" name="p90" srcActor="D0N33"/>
            <port dstActor="D0N8" name="p91" srcActor="D0N3"/>
            <port dstActor="D0N20" name="p92" srcActor="D0N3"/>
            <port dstActor="D0N15" name="p93" srcActor="D0N3"/>
            <port dstActor="D0N24" name="p94" srcActor="D0N3"/>
            <port dstActor="D0N43" name="p95" srcActor="D0N3"/>
            <port dstActor="D0N23" name="p96" srcActor="D0N3"/>
            <port dstActor="D0N19" name="p97" srcActor="D0N3"/>
            <port dstActor="D0N19" name="p98" srcActor="D0N18"/>
            <port dstActor="D0N33" name="p99" srcActor="D0N18"/>
            <port dstActor="D0N28" name="p100" srcActor="D0N18"/>
            <port dstActor="D0N32" name="p101" srcActor="D0N23"/>
            <port dstActor="D0N38" name="p102" srcActor="D0N23"/>
            <port dstActor="D0N29" name="p103" srcActor="D0N23"/>
            <port dstActor="D0N37" name="p104" srcActor="D0N23"/>
        </ports>
    </mcdag>
    <cores number="3"/>
    <levels number="2"/>
</mcsystem>
