<?xml version="1.0" encoding="UTF-8" standalone="no"?>
<mcsystem>
    <mcdag deadline="2000" name="genned-0-ed-10.0-0">
        <actor name="D0N46">
            <wcet number="0">70</wcet>
            <wcet number="1">170</wcet>
            <maxpow number="0.42677500875779184"/>
            <maxpow number="0.42677500875779184"/>
            <fprob>0.0</fprob>
        </actor>
        <actor name="D0N43">
            <wcet number="0">100</wcet>
            <wcet number="1">120</wcet>
            <maxpow number="0.7884083688971885"/>
            <maxpow number="0.7884083688971885"/>
            <fprob>0.0</fprob>
        </actor>
        <actor name="D0N23">
            <wcet number="0">30</wcet>
            <wcet number="1">160</wcet>
            <maxpow number="0.8213818089831153"/>
            <maxpow number="0.8213818089831153"/>
            <fprob>0.0</fprob>
        </actor>
        <actor name="D0N10">
            <wcet number="0">20</wcet>
            <wcet number="1">30</wcet>
            <maxpow number="0.5222973768193879"/>
            <maxpow number="0.5222973768193879"/>
            <fprob>0.0</fprob>
        </actor>
        <actor name="D0N3">
            <wcet number="0">220</wcet>
            <wcet number="1">240</wcet>
            <maxpow number="0.3925216946794122"/>
            <maxpow number="0.3925216946794122"/>
            <fprob>0.0</fprob>
        </actor>
        <actor name="D0N38">
            <wcet number="0">70</wcet>
            <wcet number="1">80</wcet>
            <maxpow number="0.5032779909232075"/>
            <maxpow number="0.5032779909232075"/>
            <fprob>0.0</fprob>
        </actor>
        <actor name="D0N1">
            <wcet number="0">110</wcet>
            <wcet number="1">120</wcet>
            <maxpow number="0.33814282308954974"/>
            <maxpow number="0.33814282308954974"/>
            <fprob>0.0</fprob>
        </actor>
        <actor name="D0N25">
            <wcet number="0">160</wcet>
            <wcet number="1">220</wcet>
            <maxpow number="0.7011886654050361"/>
            <maxpow number="0.7011886654050361"/>
            <fprob>0.0</fprob>
        </actor>
        <actor name="D0N34">
            <wcet number="0">80</wcet>
            <wcet number="1">200</wcet>
            <maxpow number="0.6152860592398776"/>
            <maxpow number="0.6152860592398776"/>
            <fprob>0.0</fprob>
        </actor>
        <actor name="D0N22">
            <wcet number="0">70</wcet>
            <wcet number="1">90</wcet>
            <maxpow number="0.6271817835946636"/>
            <maxpow number="0.6271817835946636"/>
            <fprob>0.0</fprob>
        </actor>
        <actor name="D0N12">
            <wcet number="0">110</wcet>
            <wcet number="1">110</wcet>
            <maxpow number="0.6708157371800165"/>
            <maxpow number="0.6708157371800165"/>
            <fprob>0.0</fprob>
        </actor>
        <actor name="D0N5">
            <wcet number="0">40</wcet>
            <wcet number="1">180</wcet>
            <maxpow number="0.6127953919362884"/>
            <maxpow number="0.6127953919362884"/>
            <fprob>0.0</fprob>
        </actor>
        <actor name="D0N7">
            <wcet number="0">30</wcet>
            <wcet number="1">30</wcet>
            <maxpow number="0.76351043614157"/>
            <maxpow number="0.76351043614157"/>
            <fprob>0.0</fprob>
        </actor>
        <actor name="D0N19">
            <wcet number="0">240</wcet>
            <wcet number="1">400</wcet>
            <maxpow number="0.5867202850426477"/>
            <maxpow number="0.5867202850426477"/>
            <fprob>0.0</fprob>
        </actor>
        <actor name="D0N33">
            <wcet number="0">40</wcet>
            <wcet number="1">50</wcet>
            <maxpow number="0.4488544584025454"/>
            <maxpow number="0.4488544584025454"/>
            <fprob>0.0</fprob>
        </actor>
        <actor name="D0N13">
            <wcet number="0">80</wcet>
            <wcet number="1">140</wcet>
            <maxpow number="0.35047375099035666"/>
            <maxpow number="0.35047375099035666"/>
            <fprob>0.0</fprob>
        </actor>
        <actor name="D0N35">
            <wcet number="0">30</wcet>
            <wcet number="1">100</wcet>
            <maxpow number="0.741614754510817"/>
            <maxpow number="0.741614754510817"/>
            <fprob>0.0</fprob>
        </actor>
        <actor name="D0N37">
            <wcet number="0">160</wcet>
            <wcet number="1">360</wcet>
            <maxpow number="0.5722021689774142"/>
            <maxpow number="0.5722021689774142"/>
            <fprob>0.0</fprob>
        </actor>
        <actor name="D0N39">
            <wcet number="0">20</wcet>
            <wcet number="1">20</wcet>
            <maxpow number="0.17286628921678837"/>
            <maxpow number="0.17286628921678837"/>
            <fprob>0.0</fprob>
        </actor>
        <actor name="D0N20">
            <wcet number="0">10</wcet>
            <wcet number="1">30</wcet>
            <maxpow number="0.8667134883953131"/>
            <maxpow number="0.8667134883953131"/>
            <fprob>0.0</fprob>
        </actor>
        <actor name="D0N47">
            <wcet number="0">10</wcet>
            <wcet number="1">30</wcet>
            <maxpow number="0.5328471672390047"/>
            <maxpow number="0.5328471672390047"/>
            <fprob>0.0</fprob>
        </actor>
        <actor name="D0N16">
            <wcet number="0">10</wcet>
            <wcet number="1">10</wcet>
            <maxpow number="0.5050202689943009"/>
            <maxpow number="0.5050202689943009"/>
            <fprob>0.0</fprob>
        </actor>
        <actor name="D0N42">
            <wcet number="0">190</wcet>
            <wcet number="1">200</wcet>
            <maxpow number="0.5679457771392158"/>
            <maxpow number="0.5679457771392158"/>
            <fprob>0.0</fprob>
        </actor>
        <actor name="D0N11">
            <wcet number="0">20</wcet>
            <wcet number="1">90</wcet>
            <maxpow number="0.6559916639200494"/>
            <maxpow number="0.6559916639200494"/>
            <fprob>0.0</fprob>
        </actor>
        <actor name="D0N40">
            <wcet number="0">70</wcet>
            <wcet number="1">70</wcet>
            <maxpow number="0.21913080933653412"/>
            <maxpow number="0.21913080933653412"/>
            <fprob>0.0</fprob>
        </actor>
        <actor name="D0N8">
            <wcet number="0">10</wcet>
            <wcet number="1">30</wcet>
            <maxpow number="0.5882865261876146"/>
            <maxpow number="0.5882865261876146"/>
            <fprob>0.0</fprob>
        </actor>
        <actor name="D0N36">
            <wcet number="0">80</wcet>
            <wcet number="1">170</wcet>
            <maxpow number="0.4098164921410405"/>
            <maxpow number="0.4098164921410405"/>
            <fprob>0.0</fprob>
        </actor>
        <actor name="D0N44">
            <wcet number="0">10</wcet>
            <wcet number="1">10</wcet>
            <maxpow number="0.5460847540815426"/>
            <maxpow number="0.5460847540815426"/>
            <fprob>0.0</fprob>
        </actor>
        <actor name="D0N27">
            <wcet number="0">80</wcet>
            <wcet number="1">150</wcet>
            <maxpow number="0.4453508052869811"/>
            <maxpow number="0.4453508052869811"/>
            <fprob>0.0</fprob>
        </actor>
        <actor name="D0N31">
            <wcet number="0">140</wcet>
            <wcet number="1">220</wcet>
            <maxpow number="0.5261578305130535"/>
            <maxpow number="0.5261578305130535"/>
            <fprob>0.0</fprob>
        </actor>
        <actor name="D0N15">
            <wcet number="0">30</wcet>
            <wcet number="1">90</wcet>
            <maxpow number="0.8434912452627799"/>
            <maxpow number="0.8434912452627799"/>
            <fprob>0.0</fprob>
        </actor>
        <actor name="D0N26">
            <wcet number="0">10</wcet>
            <wcet number="1">40</wcet>
            <maxpow number="0.9426363664225164"/>
            <maxpow number="0.9426363664225164"/>
            <fprob>0.0</fprob>
        </actor>
        <actor name="D0N17">
            <wcet number="0">20</wcet>
            <wcet number="1">140</wcet>
            <maxpow number="0.621882331161426"/>
            <maxpow number="0.621882331161426"/>
            <fprob>0.0</fprob>
        </actor>
        <actor name="D0N4">
            <wcet number="0">160</wcet>
            <wcet number="1">160</wcet>
            <maxpow number="0.42079405815819015"/>
            <maxpow number="0.42079405815819015"/>
            <fprob>0.0</fprob>
        </actor>
        <actor name="D0N41">
            <wcet number="0">10</wcet>
            <wcet number="1">20</wcet>
            <maxpow number="0.3170323045114881"/>
            <maxpow number="0.3170323045114881"/>
            <fprob>0.0</fprob>
        </actor>
        <actor name="D0N28">
            <wcet number="0">10</wcet>
            <wcet number="1">20</wcet>
            <maxpow number="0.7428725104884568"/>
            <maxpow number="0.7428725104884568"/>
            <fprob>0.0</fprob>
        </actor>
        <actor name="D0N30">
            <wcet number="0">50</wcet>
            <wcet number="1">200</wcet>
            <maxpow number="0.6316051759850315"/>
            <maxpow number="0.6316051759850315"/>
            <fprob>0.0</fprob>
        </actor>
        <actor name="D0N6">
            <wcet number="0">40</wcet>
            <wcet number="1">40</wcet>
            <maxpow number="0.43317185237335754"/>
            <maxpow number="0.43317185237335754"/>
            <fprob>0.0</fprob>
        </actor>
        <actor name="D0N32">
            <wcet number="0">20</wcet>
            <wcet number="1">100</wcet>
            <maxpow number="0.5282727541014416"/>
            <maxpow number="0.5282727541014416"/>
            <fprob>0.0</fprob>
        </actor>
        <actor name="D0N24">
            <wcet number="0">10</wcet>
            <wcet number="1">230</wcet>
            <maxpow number="0.6474293141356458"/>
            <maxpow number="0.6474293141356458"/>
            <fprob>0.0</fprob>
        </actor>
        <actor name="D0N9">
            <wcet number="0">40</wcet>
            <wcet number="1">60</wcet>
            <maxpow number="0.562305585978221"/>
            <maxpow number="0.562305585978221"/>
            <fprob>0.0</fprob>
        </actor>
        <actor name="D0N21">
            <wcet number="0">30</wcet>
            <wcet number="1">50</wcet>
            <maxpow number="0.2965840866946773"/>
            <maxpow number="0.2965840866946773"/>
            <fprob>0.0</fprob>
        </actor>
        <actor name="D0N29">
            <wcet number="0">30</wcet>
            <wcet number="1">130</wcet>
            <maxpow number="0.2889860707271245"/>
            <maxpow number="0.2889860707271245"/>
            <fprob>0.0</fprob>
        </actor>
        <actor name="D0N2">
            <wcet number="0">30</wcet>
            <wcet number="1">40</wcet>
            <maxpow number="0.5296533488607477"/>
            <maxpow number="0.5296533488607477"/>
            <fprob>0.0</fprob>
        </actor>
        <actor name="D0N18">
            <wcet number="0">10</wcet>
            <wcet number="1">50</wcet>
            <maxpow number="0.031095801189643613"/>
            <maxpow number="0.031095801189643613"/>
            <fprob>0.0</fprob>
        </actor>
        <actor name="D0N0">
            <wcet number="0">50</wcet>
            <wcet number="1">140</wcet>
            <maxpow number="0.47483382977156396"/>
            <maxpow number="0.47483382977156396"/>
            <fprob>0.0</fprob>
        </actor>
        <actor name="D0N14">
            <wcet number="0">10</wcet>
            <wcet number="1">10</wcet>
            <maxpow number="0.6251701089491396"/>
            <maxpow number="0.6251701089491396"/>
            <fprob>0.0</fprob>
        </actor>
        <actor name="D0N45">
            <wcet number="0">50</wcet>
            <wcet number="1">50</wcet>
            <maxpow number="0.5608630058006134"/>
            <maxpow number="0.5608630058006134"/>
            <fprob>0.0</fprob>
        </actor>
        <ports>
            <port dstActor="D0N37" name="p0" srcActor="D0N23"/>
            <port dstActor="D0N44" name="p1" srcActor="D0N10"/>
            <port dstActor="D0N28" name="p2" srcActor="D0N10"/>
            <port dstActor="D0N42" name="p3" srcActor="D0N10"/>
            <port dstActor="D0N23" name="p4" srcActor="D0N10"/>
            <port dstActor="D0N41" name="p5" srcActor="D0N10"/>
            <port dstActor="D0N17" name="p6" srcActor="D0N10"/>
            <port dstActor="D0N12" name="p7" srcActor="D0N3"/>
            <port dstActor="D0N25" name="p8" srcActor="D0N3"/>
            <port dstActor="D0N45" name="p9" srcActor="D0N3"/>
            <port dstActor="D0N39" name="p10" srcActor="D0N38"/>
            <port dstActor="D0N10" name="p11" srcActor="D0N1"/>
            <port dstActor="D0N25" name="p12" srcActor="D0N1"/>
            <port dstActor="D0N22" name="p13" srcActor="D0N1"/>
            <port dstActor="D0N20" name="p14" srcActor="D0N1"/>
            <port dstActor="D0N32" name="p15" srcActor="D0N25"/>
            <port dstActor="D0N40" name="p16" srcActor="D0N25"/>
            <port dstActor="D0N36" name="p17" srcActor="D0N25"/>
            <port dstActor="D0N39" name="p18" srcActor="D0N34"/>
            <port dstActor="D0N43" name="p19" srcActor="D0N34"/>
            <port dstActor="D0N40" name="p20" srcActor="D0N34"/>
            <port dstActor="D0N40" name="p21" srcActor="D0N22"/>
            <port dstActor="D0N43" name="p22" srcActor="D0N22"/>
            <port dstActor="D0N9" name="p23" srcActor="D0N5"/>
            <port dstActor="D0N22" name="p24" srcActor="D0N5"/>
            <port dstActor="D0N33" name="p25" srcActor="D0N5"/>
            <port dstActor="D0N8" name="p26" srcActor="D0N5"/>
            <port dstActor="D0N23" name="p27" srcActor="D0N7"/>
            <port dstActor="D0N14" name="p28" srcActor="D0N7"/>
            <port dstActor="D0N16" name="p29" srcActor="D0N7"/>
            <port dstActor="D0N17" name="p30" srcActor="D0N7"/>
            <port dstActor="D0N43" name="p31" srcActor="D0N19"/>
            <port dstActor="D0N38" name="p32" srcActor="D0N19"/>
            <port dstActor="D0N36" name="p33" srcActor="D0N33"/>
            <port dstActor="D0N46" name="p34" srcActor="D0N33"/>
            <port dstActor="D0N35" name="p35" srcActor="D0N33"/>
            <port dstActor="D0N26" name="p36" srcActor="D0N13"/>
            <port dstActor="D0N33" name="p37" srcActor="D0N13"/>
            <port dstActor="D0N23" name="p38" srcActor="D0N13"/>
            <port dstActor="D0N14" name="p39" srcActor="D0N13"/>
            <port dstActor="D0N39" name="p40" srcActor="D0N35"/>
            <port dstActor="D0N37" name="p41" srcActor="D0N35"/>
            <port dstActor="D0N46" name="p42" srcActor="D0N37"/>
            <port dstActor="D0N43" name="p43" srcActor="D0N39"/>
            <port dstActor="D0N47" name="p44" srcActor="D0N39"/>
            <port dstActor="D0N47" name="p45" srcActor="D0N20"/>
            <port dstActor="D0N29" name="p46" srcActor="D0N20"/>
            <port dstActor="D0N25" name="p47" srcActor="D0N20"/>
            <port dstActor="D0N32" name="p48" srcActor="D0N16"/>
            <port dstActor="D0N42" name="p49" srcActor="D0N16"/>
            <port dstActor="D0N36" name="p50" srcActor="D0N16"/>
            <port dstActor="D0N21" name="p51" srcActor="D0N16"/>
            <port dstActor="D0N33" name="p52" srcActor="D0N11"/>
            <port dstActor="D0N13" name="p53" srcActor="D0N11"/>
            <port dstActor="D0N26" name="p54" srcActor="D0N11"/>
            <port dstActor="D0N18" name="p55" srcActor="D0N11"/>
            <port dstActor="D0N15" name="p56" srcActor="D0N11"/>
            <port dstActor="D0N15" name="p57" srcActor="D0N8"/>
            <port dstActor="D0N47" name="p58" srcActor="D0N8"/>
            <port dstActor="D0N22" name="p59" srcActor="D0N8"/>
            <port dstActor="D0N23" name="p60" srcActor="D0N8"/>
            <port dstActor="D0N46" name="p61" srcActor="D0N8"/>
            <port dstActor="D0N42" name="p62" srcActor="D0N36"/>
            <port dstActor="D0N40" name="p63" srcActor="D0N36"/>
            <port dstActor="D0N37" name="p64" srcActor="D0N36"/>
            <port dstActor="D0N41" name="p65" srcActor="D0N36"/>
            <port dstActor="D0N40" name="p66" srcActor="D0N27"/>
            <port dstActor="D0N45" name="p67" srcActor="D0N27"/>
            <port dstActor="D0N32" name="p68" srcActor="D0N27"/>
            <port dstActor="D0N43" name="p69" srcActor="D0N15"/>
            <port dstActor="D0N28" name="p70" srcActor="D0N15"/>
            <port dstActor="D0N42" name="p71" srcActor="D0N26"/>
            <port dstActor="D0N30" name="p72" srcActor="D0N17"/>
            <port dstActor="D0N44" name="p73" srcActor="D0N17"/>
            <port dstActor="D0N25" name="p74" srcActor="D0N17"/>
            <port dstActor="D0N31" name="p75" srcActor="D0N17"/>
            <port dstActor="D0N38" name="p76" srcActor="D0N17"/>
            <port dstActor="D0N22" name="p77" srcActor="D0N4"/>
            <port dstActor="D0N34" name="p78" srcActor="D0N4"/>
            <port dstActor="D0N40" name="p79" srcActor="D0N28"/>
            <port dstActor="D0N34" name="p80" srcActor="D0N28"/>
            <port dstActor="D0N11" name="p81" srcActor="D0N6"/>
            <port dstActor="D0N21" name="p82" srcActor="D0N6"/>
            <port dstActor="D0N42" name="p83" srcActor="D0N32"/>
            <port dstActor="D0N47" name="p84" srcActor="D0N32"/>
            <port dstActor="D0N37" name="p85" srcActor="D0N32"/>
            <port dstActor="D0N40" name="p86" srcActor="D0N24"/>
            <port dstActor="D0N44" name="p87" srcActor="D0N24"/>
            <port dstActor="D0N32" name="p88" srcActor="D0N24"/>
            <port dstActor="D0N30" name="p89" srcActor="D0N9"/>
            <port dstActor="D0N12" name="p90" srcActor="D0N9"/>
            <port dstActor="D0N18" name="p91" srcActor="D0N9"/>
            <port dstActor="D0N36" name="p92" srcActor="D0N21"/>
            <port dstActor="D0N35" name="p93" srcActor="D0N21"/>
            <port dstActor="D0N30" name="p94" srcActor="D0N21"/>
            <port dstActor="D0N34" name="p95" srcActor="D0N21"/>
            <port dstActor="D0N27" name="p96" srcActor="D0N21"/>
            <port dstActor="D0N22" name="p97" srcActor="D0N21"/>
            <port dstActor="D0N14" name="p98" srcActor="D0N2"/>
            <port dstActor="D0N22" name="p99" srcActor="D0N2"/>
            <port dstActor="D0N26" name="p100" srcActor="D0N2"/>
            <port dstActor="D0N47" name="p101" srcActor="D0N2"/>
            <port dstActor="D0N17" name="p102" srcActor="D0N2"/>
            <port dstActor="D0N34" name="p103" srcActor="D0N2"/>
            <port dstActor="D0N41" name="p104" srcActor="D0N18"/>
            <port dstActor="D0N47" name="p105" srcActor="D0N18"/>
            <port dstActor="D0N45" name="p106" srcActor="D0N0"/>
            <port dstActor="D0N36" name="p107" srcActor="D0N0"/>
            <port dstActor="D0N4" name="p108" srcActor="D0N0"/>
            <port dstActor="D0N32" name="p109" srcActor="D0N0"/>
            <port dstActor="D0N37" name="p110" srcActor="D0N14"/>
        </ports>
    </mcdag>
    <cores number="3"/>
    <levels number="2"/>
</mcsystem>
