<?xml version="1.0" encoding="UTF-8" standalone="no"?>
<mcsystem>
    <mcdag deadline="1000" name="genned-0-ed-10.0-0">
        <actor name="D0N37">
            <wcet number="0">10</wcet>
            <wcet number="1">50</wcet>
            <maxpow number="0.5324378125969164"/>
            <maxpow number="0.5324378125969164"/>
            <fprob>0.0</fprob>
        </actor>
        <actor name="D0N10">
            <wcet number="0">20</wcet>
            <wcet number="1">20</wcet>
            <maxpow number="0.3052579167752547"/>
            <maxpow number="0.3052579167752547"/>
            <fprob>0.0</fprob>
        </actor>
        <actor name="D0N23">
            <wcet number="0">40</wcet>
            <wcet number="1">40</wcet>
            <maxpow number="0.6580731571049803"/>
            <maxpow number="0.6580731571049803"/>
            <fprob>0.0</fprob>
        </actor>
        <actor name="D0N6">
            <wcet number="0">10</wcet>
            <wcet number="1">10</wcet>
            <maxpow number="0.5660845065013191"/>
            <maxpow number="0.5660845065013191"/>
            <fprob>0.0</fprob>
        </actor>
        <actor name="D0N18">
            <wcet number="0">20</wcet>
            <wcet number="1">70</wcet>
            <maxpow number="0.34443465021445097"/>
            <maxpow number="0.34443465021445097"/>
            <fprob>0.0</fprob>
        </actor>
        <actor name="D0N29">
            <wcet number="0">60</wcet>
            <wcet number="1">60</wcet>
            <maxpow number="0.5325073690767734"/>
            <maxpow number="0.5325073690767734"/>
            <fprob>0.0</fprob>
        </actor>
        <actor name="D0N14">
            <wcet number="0">10</wcet>
            <wcet number="1">10</wcet>
            <maxpow number="0.17196360477428557"/>
            <maxpow number="0.17196360477428557"/>
            <fprob>0.0</fprob>
        </actor>
        <actor name="D0N25">
            <wcet number="0">10</wcet>
            <wcet number="1">30</wcet>
            <maxpow number="0.42490659360336513"/>
            <maxpow number="0.42490659360336513"/>
            <fprob>0.0</fprob>
        </actor>
        <actor name="D0N13">
            <wcet number="0">60</wcet>
            <wcet number="1">60</wcet>
            <maxpow number="0.8633486070427807"/>
            <maxpow number="0.8633486070427807"/>
            <fprob>0.0</fprob>
        </actor>
        <actor name="D0N15">
            <wcet number="0">10</wcet>
            <wcet number="1">40</wcet>
            <maxpow number="0.5287499438732273"/>
            <maxpow number="0.5287499438732273"/>
            <fprob>0.0</fprob>
        </actor>
        <actor name="D0N32">
            <wcet number="0">20</wcet>
            <wcet number="1">80</wcet>
            <maxpow number="0.249847192000973"/>
            <maxpow number="0.249847192000973"/>
            <fprob>0.0</fprob>
        </actor>
        <actor name="D0N43">
            <wcet number="0">20</wcet>
            <wcet number="1">90</wcet>
            <maxpow number="0.5589923723041574"/>
            <maxpow number="0.5589923723041574"/>
            <fprob>0.0</fprob>
        </actor>
        <actor name="D0N5">
            <wcet number="0">40</wcet>
            <wcet number="1">40</wcet>
            <maxpow number="0.6405073550275502"/>
            <maxpow number="0.6405073550275502"/>
            <fprob>0.0</fprob>
        </actor>
        <actor name="D0N16">
            <wcet number="0">10</wcet>
            <wcet number="1">10</wcet>
            <maxpow number="0.24293390242084134"/>
            <maxpow number="0.24293390242084134"/>
            <fprob>0.0</fprob>
        </actor>
        <actor name="D0N27">
            <wcet number="0">40</wcet>
            <wcet number="1">60</wcet>
            <maxpow number="0.6913640019346322"/>
            <maxpow number="0.6913640019346322"/>
            <fprob>0.0</fprob>
        </actor>
        <actor name="D0N2">
            <wcet number="0">20</wcet>
            <wcet number="1">30</wcet>
            <maxpow number="0.9989110083212502"/>
            <maxpow number="0.9989110083212502"/>
            <fprob>0.0</fprob>
        </actor>
        <actor name="D0N1">
            <wcet number="0">30</wcet>
            <wcet number="1">90</wcet>
            <maxpow number="0.6149713360111734"/>
            <maxpow number="0.6149713360111734"/>
            <fprob>0.0</fprob>
        </actor>
        <actor name="D0N21">
            <wcet number="0">10</wcet>
            <wcet number="1">30</wcet>
            <maxpow number="0.6985198858514862"/>
            <maxpow number="0.6985198858514862"/>
            <fprob>0.0</fprob>
        </actor>
        <actor name="D0N38">
            <wcet number="0">10</wcet>
            <wcet number="1">30</wcet>
            <maxpow number="0.4606107364370424"/>
            <maxpow number="0.4606107364370424"/>
            <fprob>0.0</fprob>
        </actor>
        <actor name="D0N4">
            <wcet number="0">70</wcet>
            <wcet number="1">70</wcet>
            <maxpow number="0.6317784205785812"/>
            <maxpow number="0.6317784205785812"/>
            <fprob>0.0</fprob>
        </actor>
        <actor name="D0N7">
            <wcet number="0">10</wcet>
            <wcet number="1">10</wcet>
            <maxpow number="0.8083871522199932"/>
            <maxpow number="0.8083871522199932"/>
            <fprob>0.0</fprob>
        </actor>
        <actor name="D0N41">
            <wcet number="0">20</wcet>
            <wcet number="1">30</wcet>
            <maxpow number="0.38074786374639197"/>
            <maxpow number="0.38074786374639197"/>
            <fprob>0.0</fprob>
        </actor>
        <actor name="D0N35">
            <wcet number="0">10</wcet>
            <wcet number="1">20</wcet>
            <maxpow number="0.9543312708224625"/>
            <maxpow number="0.9543312708224625"/>
            <fprob>0.0</fprob>
        </actor>
        <actor name="D0N8">
            <wcet number="0">20</wcet>
            <wcet number="1">30</wcet>
            <maxpow number="0.36170910763260444"/>
            <maxpow number="0.36170910763260444"/>
            <fprob>0.0</fprob>
        </actor>
        <actor name="D0N44">
            <wcet number="0">70</wcet>
            <wcet number="1">110</wcet>
            <maxpow number="0.46277269796932974"/>
            <maxpow number="0.46277269796932974"/>
            <fprob>0.0</fprob>
        </actor>
        <actor name="D0N24">
            <wcet number="0">50</wcet>
            <wcet number="1">80</wcet>
            <maxpow number="0.7724763829598618"/>
            <maxpow number="0.7724763829598618"/>
            <fprob>0.0</fprob>
        </actor>
        <actor name="D0N22">
            <wcet number="0">90</wcet>
            <wcet number="1">150</wcet>
            <maxpow number="0.1878327735931919"/>
            <maxpow number="0.1878327735931919"/>
            <fprob>0.0</fprob>
        </actor>
        <actor name="D0N47">
            <wcet number="0">60</wcet>
            <wcet number="1">90</wcet>
            <maxpow number="0.5659393250504977"/>
            <maxpow number="0.5659393250504977"/>
            <fprob>0.0</fprob>
        </actor>
        <actor name="D0N0">
            <wcet number="0">60</wcet>
            <wcet number="1">80</wcet>
            <maxpow number="0.5881723568512026"/>
            <maxpow number="0.5881723568512026"/>
            <fprob>0.0</fprob>
        </actor>
        <actor name="D0N28">
            <wcet number="0">10</wcet>
            <wcet number="1">10</wcet>
            <maxpow number="0.4940408888692098"/>
            <maxpow number="0.4940408888692098"/>
            <fprob>0.0</fprob>
        </actor>
        <actor name="D0N39">
            <wcet number="0">10</wcet>
            <wcet number="1">10</wcet>
            <maxpow number="0.5001623417272933"/>
            <maxpow number="0.5001623417272933"/>
            <fprob>0.0</fprob>
        </actor>
        <actor name="D0N31">
            <wcet number="0">40</wcet>
            <wcet number="1">50</wcet>
            <maxpow number="0.7824316160155171"/>
            <maxpow number="0.7824316160155171"/>
            <fprob>0.0</fprob>
        </actor>
        <actor name="D0N20">
            <wcet number="0">20</wcet>
            <wcet number="1">40</wcet>
            <maxpow number="0.3257037956647041"/>
            <maxpow number="0.3257037956647041"/>
            <fprob>0.0</fprob>
        </actor>
        <actor name="D0N3">
            <wcet number="0">90</wcet>
            <wcet number="1">100</wcet>
            <maxpow number="0.40569846498703444"/>
            <maxpow number="0.40569846498703444"/>
            <fprob>0.0</fprob>
        </actor>
        <actor name="D0N17">
            <wcet number="0">10</wcet>
            <wcet number="1">20</wcet>
            <maxpow number="0.6974371917235351"/>
            <maxpow number="0.6974371917235351"/>
            <fprob>0.0</fprob>
        </actor>
        <actor name="D0N42">
            <wcet number="0">10</wcet>
            <wcet number="1">150</wcet>
            <maxpow number="0.5803746984011212"/>
            <maxpow number="0.5803746984011212"/>
            <fprob>0.0</fprob>
        </actor>
        <actor name="D0N19">
            <wcet number="0">10</wcet>
            <wcet number="1">20</wcet>
            <maxpow number="0.7672071416976178"/>
            <maxpow number="0.7672071416976178"/>
            <fprob>0.0</fprob>
        </actor>
        <actor name="D0N36">
            <wcet number="0">40</wcet>
            <wcet number="1">50</wcet>
            <maxpow number="0.49602119337053197"/>
            <maxpow number="0.49602119337053197"/>
            <fprob>0.0</fprob>
        </actor>
        <actor name="D0N45">
            <wcet number="0">30</wcet>
            <wcet number="1">60</wcet>
            <maxpow number="0.4861064445586336"/>
            <maxpow number="0.4861064445586336"/>
            <fprob>0.0</fprob>
        </actor>
        <actor name="D0N9">
            <wcet number="0">30</wcet>
            <wcet number="1">30</wcet>
            <maxpow number="0.5160338726352074"/>
            <maxpow number="0.5160338726352074"/>
            <fprob>0.0</fprob>
        </actor>
        <actor name="D0N30">
            <wcet number="0">50</wcet>
            <wcet number="1">110</wcet>
            <maxpow number="0.5339771846408865"/>
            <maxpow number="0.5339771846408865"/>
            <fprob>0.0</fprob>
        </actor>
        <actor name="D0N40">
            <wcet number="0">10</wcet>
            <wcet number="1">10</wcet>
            <maxpow number="0.5114612079967518"/>
            <maxpow number="0.5114612079967518"/>
            <fprob>0.0</fprob>
        </actor>
        <actor name="D0N26">
            <wcet number="0">20</wcet>
            <wcet number="1">200</wcet>
            <maxpow number="0.5755871340495339"/>
            <maxpow number="0.5755871340495339"/>
            <fprob>0.0</fprob>
        </actor>
        <actor name="D0N11">
            <wcet number="0">10</wcet>
            <wcet number="1">10</wcet>
            <maxpow number="0.4262533262988474"/>
            <maxpow number="0.4262533262988474"/>
            <fprob>0.0</fprob>
        </actor>
        <actor name="D0N12">
            <wcet number="0">20</wcet>
            <wcet number="1">20</wcet>
            <maxpow number="0.9649460018535709"/>
            <maxpow number="0.9649460018535709"/>
            <fprob>0.0</fprob>
        </actor>
        <actor name="D0N33">
            <wcet number="0">20</wcet>
            <wcet number="1">40</wcet>
            <maxpow number="0.6289294248849527"/>
            <maxpow number="0.6289294248849527"/>
            <fprob>0.0</fprob>
        </actor>
        <actor name="D0N34">
            <wcet number="0">10</wcet>
            <wcet number="1">10</wcet>
            <maxpow number="0.17208760914931698"/>
            <maxpow number="0.17208760914931698"/>
            <fprob>0.0</fprob>
        </actor>
        <actor name="D0N46">
            <wcet number="0">40</wcet>
            <wcet number="1">40</wcet>
            <maxpow number="0.688981092348081"/>
            <maxpow number="0.688981092348081"/>
            <fprob>0.0</fprob>
        </actor>
        <ports>
            <port dstActor="D0N36" name="p0" srcActor="D0N10"/>
            <port dstActor="D0N42" name="p1" srcActor="D0N10"/>
            <port dstActor="D0N38" name="p2" srcActor="D0N23"/>
            <port dstActor="D0N29" name="p3" srcActor="D0N23"/>
            <port dstActor="D0N28" name="p4" srcActor="D0N23"/>
            <port dstActor="D0N37" name="p5" srcActor="D0N23"/>
            <port dstActor="D0N21" name="p6" srcActor="D0N6"/>
            <port dstActor="D0N32" name="p7" srcActor="D0N18"/>
            <port dstActor="D0N36" name="p8" srcActor="D0N18"/>
            <port dstActor="D0N37" name="p9" srcActor="D0N18"/>
            <port dstActor="D0N44" name="p10" srcActor="D0N29"/>
            <port dstActor="D0N40" name="p11" srcActor="D0N29"/>
            <port dstActor="D0N44" name="p12" srcActor="D0N14"/>
            <port dstActor="D0N34" name="p13" srcActor="D0N14"/>
            <port dstActor="D0N30" name="p14" srcActor="D0N14"/>
            <port dstActor="D0N41" name="p15" srcActor="D0N25"/>
            <port dstActor="D0N44" name="p16" srcActor="D0N25"/>
            <port dstActor="D0N32" name="p17" srcActor="D0N25"/>
            <port dstActor="D0N22" name="p18" srcActor="D0N13"/>
            <port dstActor="D0N29" name="p19" srcActor="D0N13"/>
            <port dstActor="D0N46" name="p20" srcActor="D0N13"/>
            <port dstActor="D0N19" name="p21" srcActor="D0N13"/>
            <port dstActor="D0N18" name="p22" srcActor="D0N13"/>
            <port dstActor="D0N43" name="p23" srcActor="D0N15"/>
            <port dstActor="D0N21" name="p24" srcActor="D0N15"/>
            <port dstActor="D0N42" name="p25" srcActor="D0N32"/>
            <port dstActor="D0N33" name="p26" srcActor="D0N5"/>
            <port dstActor="D0N36" name="p27" srcActor="D0N5"/>
            <port dstActor="D0N11" name="p28" srcActor="D0N5"/>
            <port dstActor="D0N25" name="p29" srcActor="D0N5"/>
            <port dstActor="D0N22" name="p30" srcActor="D0N16"/>
            <port dstActor="D0N29" name="p31" srcActor="D0N16"/>
            <port dstActor="D0N39" name="p32" srcActor="D0N16"/>
            <port dstActor="D0N41" name="p33" srcActor="D0N16"/>
            <port dstActor="D0N23" name="p34" srcActor="D0N16"/>
            <port dstActor="D0N43" name="p35" srcActor="D0N27"/>
            <port dstActor="D0N35" name="p36" srcActor="D0N2"/>
            <port dstActor="D0N38" name="p37" srcActor="D0N2"/>
            <port dstActor="D0N11" name="p38" srcActor="D0N2"/>
            <port dstActor="D0N22" name="p39" srcActor="D0N2"/>
            <port dstActor="D0N14" name="p40" srcActor="D0N2"/>
            <port dstActor="D0N4" name="p41" srcActor="D0N2"/>
            <port dstActor="D0N31" name="p42" srcActor="D0N2"/>
            <port dstActor="D0N10" name="p43" srcActor="D0N2"/>
            <port dstActor="D0N24" name="p44" srcActor="D0N1"/>
            <port dstActor="D0N29" name="p45" srcActor="D0N1"/>
            <port dstActor="D0N33" name="p46" srcActor="D0N1"/>
            <port dstActor="D0N23" name="p47" srcActor="D0N1"/>
            <port dstActor="D0N38" name="p48" srcActor="D0N1"/>
            <port dstActor="D0N27" name="p49" srcActor="D0N1"/>
            <port dstActor="D0N45" name="p50" srcActor="D0N1"/>
            <port dstActor="D0N47" name="p51" srcActor="D0N21"/>
            <port dstActor="D0N47" name="p52" srcActor="D0N38"/>
            <port dstActor="D0N12" name="p53" srcActor="D0N4"/>
            <port dstActor="D0N7" name="p54" srcActor="D0N4"/>
            <port dstActor="D0N11" name="p55" srcActor="D0N4"/>
            <port dstActor="D0N44" name="p56" srcActor="D0N4"/>
            <port dstActor="D0N6" name="p57" srcActor="D0N4"/>
            <port dstActor="D0N19" name="p58" srcActor="D0N4"/>
            <port dstActor="D0N36" name="p59" srcActor="D0N4"/>
            <port dstActor="D0N15" name="p60" srcActor="D0N4"/>
            <port dstActor="D0N35" name="p61" srcActor="D0N4"/>
            <port dstActor="D0N44" name="p62" srcActor="D0N7"/>
            <port dstActor="D0N45" name="p63" srcActor="D0N7"/>
            <port dstActor="D0N43" name="p64" srcActor="D0N7"/>
            <port dstActor="D0N16" name="p65" srcActor="D0N7"/>
            <port dstActor="D0N47" name="p66" srcActor="D0N35"/>
            <port dstActor="D0N35" name="p67" srcActor="D0N8"/>
            <port dstActor="D0N45" name="p68" srcActor="D0N8"/>
            <port dstActor="D0N28" name="p69" srcActor="D0N8"/>
            <port dstActor="D0N26" name="p70" srcActor="D0N8"/>
            <port dstActor="D0N45" name="p71" srcActor="D0N44"/>
            <port dstActor="D0N27" name="p72" srcActor="D0N22"/>
            <port dstActor="D0N36" name="p73" srcActor="D0N22"/>
            <port dstActor="D0N38" name="p74" srcActor="D0N22"/>
            <port dstActor="D0N40" name="p75" srcActor="D0N22"/>
            <port dstActor="D0N45" name="p76" srcActor="D0N22"/>
            <port dstActor="D0N30" name="p77" srcActor="D0N22"/>
            <port dstActor="D0N26" name="p78" srcActor="D0N22"/>
            <port dstActor="D0N46" name="p79" srcActor="D0N22"/>
            <port dstActor="D0N21" name="p80" srcActor="D0N0"/>
            <port dstActor="D0N2" name="p81" srcActor="D0N0"/>
            <port dstActor="D0N7" name="p82" srcActor="D0N0"/>
            <port dstActor="D0N24" name="p83" srcActor="D0N0"/>
            <port dstActor="D0N10" name="p84" srcActor="D0N0"/>
            <port dstActor="D0N26" name="p85" srcActor="D0N0"/>
            <port dstActor="D0N19" name="p86" srcActor="D0N0"/>
            <port dstActor="D0N33" name="p87" srcActor="D0N28"/>
            <port dstActor="D0N39" name="p88" srcActor="D0N28"/>
            <port dstActor="D0N45" name="p89" srcActor="D0N28"/>
            <port dstActor="D0N29" name="p90" srcActor="D0N28"/>
            <port dstActor="D0N42" name="p91" srcActor="D0N31"/>
            <port dstActor="D0N45" name="p92" srcActor="D0N31"/>
            <port dstActor="D0N35" name="p93" srcActor="D0N31"/>
            <port dstActor="D0N41" name="p94" srcActor="D0N20"/>
            <port dstActor="D0N42" name="p95" srcActor="D0N20"/>
            <port dstActor="D0N5" name="p96" srcActor="D0N3"/>
            <port dstActor="D0N43" name="p97" srcActor="D0N3"/>
            <port dstActor="D0N38" name="p98" srcActor="D0N3"/>
            <port dstActor="D0N35" name="p99" srcActor="D0N3"/>
            <port dstActor="D0N28" name="p100" srcActor="D0N3"/>
            <port dstActor="D0N32" name="p101" srcActor="D0N17"/>
            <port dstActor="D0N34" name="p102" srcActor="D0N17"/>
            <port dstActor="D0N21" name="p103" srcActor="D0N17"/>
            <port dstActor="D0N46" name="p104" srcActor="D0N42"/>
            <port dstActor="D0N20" name="p105" srcActor="D0N19"/>
            <port dstActor="D0N46" name="p106" srcActor="D0N36"/>
            <port dstActor="D0N45" name="p107" srcActor="D0N36"/>
            <port dstActor="D0N40" name="p108" srcActor="D0N36"/>
            <port dstActor="D0N30" name="p109" srcActor="D0N9"/>
            <port dstActor="D0N21" name="p110" srcActor="D0N9"/>
            <port dstActor="D0N35" name="p111" srcActor="D0N9"/>
            <port dstActor="D0N26" name="p112" srcActor="D0N9"/>
            <port dstActor="D0N40" name="p113" srcActor="D0N30"/>
            <port dstActor="D0N17" name="p114" srcActor="D0N11"/>
            <port dstActor="D0N34" name="p115" srcActor="D0N11"/>
            <port dstActor="D0N36" name="p116" srcActor="D0N11"/>
            <port dstActor="D0N23" name="p117" srcActor="D0N11"/>
            <port dstActor="D0N46" name="p118" srcActor="D0N11"/>
            <port dstActor="D0N21" name="p119" srcActor="D0N11"/>
            <port dstActor="D0N45" name="p120" srcActor="D0N12"/>
            <port dstActor="D0N39" name="p121" srcActor="D0N33"/>
            <port dstActor="D0N42" name="p122" srcActor="D0N34"/>
            <port dstActor="D0N44" name="p123" srcActor="D0N34"/>
        </ports>
    </mcdag>
    <cores number="3"/>
    <levels number="2"/>
</mcsystem>
