<?xml version="1.0" encoding="UTF-8" standalone="no"?>
<mcsystem>
    <mcdag deadline="1000" name="genned-0-ed-10.0-0">
        <actor name="D0N10">
            <wcet number="0">90</wcet>
            <wcet number="1">140</wcet>
            <maxpow number="0.39116761812709683"/>
            <maxpow number="0.39116761812709683"/>
            <fprob>0.0</fprob>
        </actor>
        <actor name="D0N40">
            <wcet number="0">10</wcet>
            <wcet number="1">60</wcet>
            <maxpow number="0.4908503309138769"/>
            <maxpow number="0.4908503309138769"/>
            <fprob>0.0</fprob>
        </actor>
        <actor name="D0N15">
            <wcet number="0">10</wcet>
            <wcet number="1">10</wcet>
            <maxpow number="0.025101255040744896"/>
            <maxpow number="0.025101255040744896"/>
            <fprob>0.0</fprob>
        </actor>
        <actor name="D0N23">
            <wcet number="0">10</wcet>
            <wcet number="1">10</wcet>
            <maxpow number="0.5748742951182144"/>
            <maxpow number="0.5748742951182144"/>
            <fprob>0.0</fprob>
        </actor>
        <actor name="D0N24">
            <wcet number="0">10</wcet>
            <wcet number="1">10</wcet>
            <maxpow number="0.5303203177045676"/>
            <maxpow number="0.5303203177045676"/>
            <fprob>0.0</fprob>
        </actor>
        <actor name="D0N27">
            <wcet number="0">70</wcet>
            <wcet number="1">200</wcet>
            <maxpow number="0.45174800256595604"/>
            <maxpow number="0.45174800256595604"/>
            <fprob>0.0</fprob>
        </actor>
        <actor name="D0N35">
            <wcet number="0">20</wcet>
            <wcet number="1">130</wcet>
            <maxpow number="0.4198514555681969"/>
            <maxpow number="0.4198514555681969"/>
            <fprob>0.0</fprob>
        </actor>
        <actor name="D0N26">
            <wcet number="0">50</wcet>
            <wcet number="1">60</wcet>
            <maxpow number="0.44061690503890294"/>
            <maxpow number="0.44061690503890294"/>
            <fprob>0.0</fprob>
        </actor>
        <actor name="D0N34">
            <wcet number="0">10</wcet>
            <wcet number="1">10</wcet>
            <maxpow number="0.3890464914871087"/>
            <maxpow number="0.3890464914871087"/>
            <fprob>0.0</fprob>
        </actor>
        <actor name="D0N22">
            <wcet number="0">10</wcet>
            <wcet number="1">20</wcet>
            <maxpow number="0.5699538675393189"/>
            <maxpow number="0.5699538675393189"/>
            <fprob>0.0</fprob>
        </actor>
        <actor name="D0N13">
            <wcet number="0">40</wcet>
            <wcet number="1">80</wcet>
            <maxpow number="0.6651331595979205"/>
            <maxpow number="0.6651331595979205"/>
            <fprob>0.0</fprob>
        </actor>
        <actor name="D0N28">
            <wcet number="0">10</wcet>
            <wcet number="1">10</wcet>
            <maxpow number="0.4564159755242757"/>
            <maxpow number="0.4564159755242757"/>
            <fprob>0.0</fprob>
        </actor>
        <actor name="D0N18">
            <wcet number="0">70</wcet>
            <wcet number="1">70</wcet>
            <maxpow number="0.7421851708266856"/>
            <maxpow number="0.7421851708266856"/>
            <fprob>0.0</fprob>
        </actor>
        <actor name="D0N8">
            <wcet number="0">50</wcet>
            <wcet number="1">70</wcet>
            <maxpow number="0.546570353970848"/>
            <maxpow number="0.546570353970848"/>
            <fprob>0.0</fprob>
        </actor>
        <actor name="D0N3">
            <wcet number="0">20</wcet>
            <wcet number="1">40</wcet>
            <maxpow number="0.530645399026502"/>
            <maxpow number="0.530645399026502"/>
            <fprob>0.0</fprob>
        </actor>
        <actor name="D0N1">
            <wcet number="0">30</wcet>
            <wcet number="1">80</wcet>
            <maxpow number="0.5064382961005123"/>
            <maxpow number="0.5064382961005123"/>
            <fprob>0.0</fprob>
        </actor>
        <actor name="D0N41">
            <wcet number="0">10</wcet>
            <wcet number="1">10</wcet>
            <maxpow number="0.7016616041906664"/>
            <maxpow number="0.7016616041906664"/>
            <fprob>0.0</fprob>
        </actor>
        <actor name="D0N29">
            <wcet number="0">40</wcet>
            <wcet number="1">60</wcet>
            <maxpow number="0.47993339232226173"/>
            <maxpow number="0.47993339232226173"/>
            <fprob>0.0</fprob>
        </actor>
        <actor name="D0N31">
            <wcet number="0">10</wcet>
            <wcet number="1">70</wcet>
            <maxpow number="0.5923322470587917"/>
            <maxpow number="0.5923322470587917"/>
            <fprob>0.0</fprob>
        </actor>
        <actor name="D0N9">
            <wcet number="0">10</wcet>
            <wcet number="1">30</wcet>
            <maxpow number="0.44649924034354266"/>
            <maxpow number="0.44649924034354266"/>
            <fprob>0.0</fprob>
        </actor>
        <actor name="D0N33">
            <wcet number="0">20</wcet>
            <wcet number="1">20</wcet>
            <maxpow number="0.38103673545328687"/>
            <maxpow number="0.38103673545328687"/>
            <fprob>0.0</fprob>
        </actor>
        <actor name="D0N11">
            <wcet number="0">20</wcet>
            <wcet number="1">40</wcet>
            <maxpow number="0.6239640090999444"/>
            <maxpow number="0.6239640090999444"/>
            <fprob>0.0</fprob>
        </actor>
        <actor name="D0N17">
            <wcet number="0">50</wcet>
            <wcet number="1">100</wcet>
            <maxpow number="0.4398418330882293"/>
            <maxpow number="0.4398418330882293"/>
            <fprob>0.0</fprob>
        </actor>
        <actor name="D0N4">
            <wcet number="0">40</wcet>
            <wcet number="1">60</wcet>
            <maxpow number="0.34951787539706625"/>
            <maxpow number="0.34951787539706625"/>
            <fprob>0.0</fprob>
        </actor>
        <actor name="D0N37">
            <wcet number="0">20</wcet>
            <wcet number="1">20</wcet>
            <maxpow number="0.4276404659953695"/>
            <maxpow number="0.4276404659953695"/>
            <fprob>0.0</fprob>
        </actor>
        <actor name="D0N36">
            <wcet number="0">20</wcet>
            <wcet number="1">30</wcet>
            <maxpow number="0.45593405757897043"/>
            <maxpow number="0.45593405757897043"/>
            <fprob>0.0</fprob>
        </actor>
        <actor name="D0N12">
            <wcet number="0">10</wcet>
            <wcet number="1">10</wcet>
            <maxpow number="0.8075799546397446"/>
            <maxpow number="0.8075799546397446"/>
            <fprob>0.0</fprob>
        </actor>
        <actor name="D0N21">
            <wcet number="0">10</wcet>
            <wcet number="1">10</wcet>
            <maxpow number="0.3814924159681128"/>
            <maxpow number="0.3814924159681128"/>
            <fprob>0.0</fprob>
        </actor>
        <actor name="D0N6">
            <wcet number="0">80</wcet>
            <wcet number="1">100</wcet>
            <maxpow number="0.7088932298255739"/>
            <maxpow number="0.7088932298255739"/>
            <fprob>0.0</fprob>
        </actor>
        <actor name="D0N25">
            <wcet number="0">10</wcet>
            <wcet number="1">50</wcet>
            <maxpow number="0.9562857471389299"/>
            <maxpow number="0.9562857471389299"/>
            <fprob>0.0</fprob>
        </actor>
        <actor name="D0N32">
            <wcet number="0">40</wcet>
            <wcet number="1">50</wcet>
            <maxpow number="0.5942491627417169"/>
            <maxpow number="0.5942491627417169"/>
            <fprob>0.0</fprob>
        </actor>
        <actor name="D0N39">
            <wcet number="0">10</wcet>
            <wcet number="1">20</wcet>
            <maxpow number="0.784740742430114"/>
            <maxpow number="0.784740742430114"/>
            <fprob>0.0</fprob>
        </actor>
        <actor name="D0N5">
            <wcet number="0">50</wcet>
            <wcet number="1">60</wcet>
            <maxpow number="0.6380326069703554"/>
            <maxpow number="0.6380326069703554"/>
            <fprob>0.0</fprob>
        </actor>
        <actor name="D0N14">
            <wcet number="0">30</wcet>
            <wcet number="1">30</wcet>
            <maxpow number="0.6702607625434042"/>
            <maxpow number="0.6702607625434042"/>
            <fprob>0.0</fprob>
        </actor>
        <actor name="D0N16">
            <wcet number="0">120</wcet>
            <wcet number="1">140</wcet>
            <maxpow number="0.49355399750314155"/>
            <maxpow number="0.49355399750314155"/>
            <fprob>0.0</fprob>
        </actor>
        <actor name="D0N42">
            <wcet number="0">10</wcet>
            <wcet number="1">20</wcet>
            <maxpow number="0.6007947495590154"/>
            <maxpow number="0.6007947495590154"/>
            <fprob>0.0</fprob>
        </actor>
        <actor name="D0N2">
            <wcet number="0">10</wcet>
            <wcet number="1">10</wcet>
            <maxpow number="0.8065389867958838"/>
            <maxpow number="0.8065389867958838"/>
            <fprob>0.0</fprob>
        </actor>
        <actor name="D0N38">
            <wcet number="0">10</wcet>
            <wcet number="1">10</wcet>
            <maxpow number="0.7386835450954878"/>
            <maxpow number="0.7386835450954878"/>
            <fprob>0.0</fprob>
        </actor>
        <actor name="D0N43">
            <wcet number="0">40</wcet>
            <wcet number="1">40</wcet>
            <maxpow number="0.8657058417157709"/>
            <maxpow number="0.8657058417157709"/>
            <fprob>0.0</fprob>
        </actor>
        <actor name="D0N0">
            <wcet number="0">10</wcet>
            <wcet number="1">10</wcet>
            <maxpow number="0.4717860062831287"/>
            <maxpow number="0.4717860062831287"/>
            <fprob>0.0</fprob>
        </actor>
        <actor name="D0N30">
            <wcet number="0">10</wcet>
            <wcet number="1">20</wcet>
            <maxpow number="0.6586466529049175"/>
            <maxpow number="0.6586466529049175"/>
            <fprob>0.0</fprob>
        </actor>
        <actor name="D0N7">
            <wcet number="0">20</wcet>
            <wcet number="1">20</wcet>
            <maxpow number="0.6238676794889976"/>
            <maxpow number="0.6238676794889976"/>
            <fprob>0.0</fprob>
        </actor>
        <actor name="D0N19">
            <wcet number="0">10</wcet>
            <wcet number="1">20</wcet>
            <maxpow number="0.4368317506453746"/>
            <maxpow number="0.4368317506453746"/>
            <fprob>0.0</fprob>
        </actor>
        <actor name="D0N20">
            <wcet number="0">40</wcet>
            <wcet number="1">40</wcet>
            <maxpow number="0.4462693235896871"/>
            <maxpow number="0.4462693235896871"/>
            <fprob>0.0</fprob>
        </actor>
        <ports>
            <port dstActor="D0N38" name="p0" srcActor="D0N10"/>
            <port dstActor="D0N34" name="p1" srcActor="D0N10"/>
            <port dstActor="D0N29" name="p2" srcActor="D0N10"/>
            <port dstActor="D0N21" name="p3" srcActor="D0N10"/>
            <port dstActor="D0N40" name="p4" srcActor="D0N15"/>
            <port dstActor="D0N41" name="p5" srcActor="D0N23"/>
            <port dstActor="D0N27" name="p6" srcActor="D0N24"/>
            <port dstActor="D0N38" name="p7" srcActor="D0N27"/>
            <port dstActor="D0N33" name="p8" srcActor="D0N27"/>
            <port dstActor="D0N43" name="p9" srcActor="D0N35"/>
            <port dstActor="D0N37" name="p10" srcActor="D0N35"/>
            <port dstActor="D0N43" name="p11" srcActor="D0N26"/>
            <port dstActor="D0N32" name="p12" srcActor="D0N26"/>
            <port dstActor="D0N40" name="p13" srcActor="D0N34"/>
            <port dstActor="D0N31" name="p14" srcActor="D0N22"/>
            <port dstActor="D0N24" name="p15" srcActor="D0N22"/>
            <port dstActor="D0N21" name="p16" srcActor="D0N13"/>
            <port dstActor="D0N28" name="p17" srcActor="D0N13"/>
            <port dstActor="D0N20" name="p18" srcActor="D0N13"/>
            <port dstActor="D0N29" name="p19" srcActor="D0N13"/>
            <port dstActor="D0N35" name="p20" srcActor="D0N13"/>
            <port dstActor="D0N43" name="p21" srcActor="D0N13"/>
            <port dstActor="D0N35" name="p22" srcActor="D0N18"/>
            <port dstActor="D0N34" name="p23" srcActor="D0N18"/>
            <port dstActor="D0N43" name="p24" srcActor="D0N18"/>
            <port dstActor="D0N36" name="p25" srcActor="D0N18"/>
            <port dstActor="D0N22" name="p26" srcActor="D0N18"/>
            <port dstActor="D0N15" name="p27" srcActor="D0N8"/>
            <port dstActor="D0N35" name="p28" srcActor="D0N8"/>
            <port dstActor="D0N42" name="p29" srcActor="D0N8"/>
            <port dstActor="D0N32" name="p30" srcActor="D0N8"/>
            <port dstActor="D0N17" name="p31" srcActor="D0N8"/>
            <port dstActor="D0N23" name="p32" srcActor="D0N8"/>
            <port dstActor="D0N36" name="p33" srcActor="D0N3"/>
            <port dstActor="D0N40" name="p34" srcActor="D0N3"/>
            <port dstActor="D0N9" name="p35" srcActor="D0N3"/>
            <port dstActor="D0N25" name="p36" srcActor="D0N3"/>
            <port dstActor="D0N26" name="p37" srcActor="D0N3"/>
            <port dstActor="D0N13" name="p38" srcActor="D0N3"/>
            <port dstActor="D0N37" name="p39" srcActor="D0N1"/>
            <port dstActor="D0N42" name="p40" srcActor="D0N41"/>
            <port dstActor="D0N42" name="p41" srcActor="D0N9"/>
            <port dstActor="D0N18" name="p42" srcActor="D0N9"/>
            <port dstActor="D0N41" name="p43" srcActor="D0N9"/>
            <port dstActor="D0N36" name="p44" srcActor="D0N33"/>
            <port dstActor="D0N41" name="p45" srcActor="D0N33"/>
            <port dstActor="D0N36" name="p46" srcActor="D0N11"/>
            <port dstActor="D0N32" name="p47" srcActor="D0N11"/>
            <port dstActor="D0N21" name="p48" srcActor="D0N11"/>
            <port dstActor="D0N20" name="p49" srcActor="D0N11"/>
            <port dstActor="D0N27" name="p50" srcActor="D0N11"/>
            <port dstActor="D0N28" name="p51" srcActor="D0N17"/>
            <port dstActor="D0N19" name="p52" srcActor="D0N17"/>
            <port dstActor="D0N25" name="p53" srcActor="D0N17"/>
            <port dstActor="D0N34" name="p54" srcActor="D0N17"/>
            <port dstActor="D0N29" name="p55" srcActor="D0N17"/>
            <port dstActor="D0N24" name="p56" srcActor="D0N17"/>
            <port dstActor="D0N16" name="p57" srcActor="D0N4"/>
            <port dstActor="D0N27" name="p58" srcActor="D0N4"/>
            <port dstActor="D0N7" name="p59" srcActor="D0N4"/>
            <port dstActor="D0N9" name="p60" srcActor="D0N4"/>
            <port dstActor="D0N15" name="p61" srcActor="D0N4"/>
            <port dstActor="D0N25" name="p62" srcActor="D0N4"/>
            <port dstActor="D0N39" name="p63" srcActor="D0N12"/>
            <port dstActor="D0N27" name="p64" srcActor="D0N12"/>
            <port dstActor="D0N17" name="p65" srcActor="D0N12"/>
            <port dstActor="D0N26" name="p66" srcActor="D0N12"/>
            <port dstActor="D0N36" name="p67" srcActor="D0N21"/>
            <port dstActor="D0N40" name="p68" srcActor="D0N21"/>
            <port dstActor="D0N29" name="p69" srcActor="D0N21"/>
            <port dstActor="D0N24" name="p70" srcActor="D0N6"/>
            <port dstActor="D0N16" name="p71" srcActor="D0N6"/>
            <port dstActor="D0N34" name="p72" srcActor="D0N6"/>
            <port dstActor="D0N35" name="p73" srcActor="D0N25"/>
            <port dstActor="D0N30" name="p74" srcActor="D0N25"/>
            <port dstActor="D0N43" name="p75" srcActor="D0N32"/>
            <port dstActor="D0N42" name="p76" srcActor="D0N39"/>
            <port dstActor="D0N42" name="p77" srcActor="D0N5"/>
            <port dstActor="D0N10" name="p78" srcActor="D0N5"/>
            <port dstActor="D0N17" name="p79" srcActor="D0N5"/>
            <port dstActor="D0N23" name="p80" srcActor="D0N14"/>
            <port dstActor="D0N28" name="p81" srcActor="D0N14"/>
            <port dstActor="D0N34" name="p82" srcActor="D0N14"/>
            <port dstActor="D0N38" name="p83" srcActor="D0N14"/>
            <port dstActor="D0N32" name="p84" srcActor="D0N14"/>
            <port dstActor="D0N21" name="p85" srcActor="D0N16"/>
            <port dstActor="D0N27" name="p86" srcActor="D0N16"/>
            <port dstActor="D0N26" name="p87" srcActor="D0N16"/>
            <port dstActor="D0N33" name="p88" srcActor="D0N16"/>
            <port dstActor="D0N28" name="p89" srcActor="D0N16"/>
            <port dstActor="D0N40" name="p90" srcActor="D0N16"/>
            <port dstActor="D0N25" name="p91" srcActor="D0N16"/>
            <port dstActor="D0N14" name="p92" srcActor="D0N2"/>
            <port dstActor="D0N31" name="p93" srcActor="D0N2"/>
            <port dstActor="D0N7" name="p94" srcActor="D0N0"/>
            <port dstActor="D0N10" name="p95" srcActor="D0N0"/>
            <port dstActor="D0N39" name="p96" srcActor="D0N7"/>
            <port dstActor="D0N11" name="p97" srcActor="D0N7"/>
            <port dstActor="D0N34" name="p98" srcActor="D0N19"/>
            <port dstActor="D0N43" name="p99" srcActor="D0N20"/>
            <port dstActor="D0N23" name="p100" srcActor="D0N20"/>
            <port dstActor="D0N34" name="p101" srcActor="D0N20"/>
            <port dstActor="D0N27" name="p102" srcActor="D0N20"/>
        </ports>
    </mcdag>
    <cores number="3"/>
    <levels number="2"/>
</mcsystem>
