<?xml version="1.0" encoding="UTF-8" standalone="no"?>
<mcsystem>
    <mcdag deadline="4000" name="genned-0-ed-10.0-0">
        <actor name="D0N25">
            <wcet number="0">10</wcet>
            <wcet number="1">10</wcet>
            <maxpow number="0.45411144453117047"/>
            <maxpow number="0.45411144453117047"/>
            <fprob>0.0</fprob>
        </actor>
        <actor name="D0N36">
            <wcet number="0">150</wcet>
            <wcet number="1">150</wcet>
            <maxpow number="0.49854972315561386"/>
            <maxpow number="0.49854972315561386"/>
            <fprob>0.0</fprob>
        </actor>
        <actor name="D0N1">
            <wcet number="0">30</wcet>
            <wcet number="1">40</wcet>
            <maxpow number="0.4992912598273923"/>
            <maxpow number="0.4992912598273923"/>
            <fprob>0.0</fprob>
        </actor>
        <actor name="D0N46">
            <wcet number="0">40</wcet>
            <wcet number="1">190</wcet>
            <maxpow number="0.7698192743552447"/>
            <maxpow number="0.7698192743552447"/>
            <fprob>0.0</fprob>
        </actor>
        <actor name="D0N35">
            <wcet number="0">130</wcet>
            <wcet number="1">280</wcet>
            <maxpow number="0.6207078956789891"/>
            <maxpow number="0.6207078956789891"/>
            <fprob>0.0</fprob>
        </actor>
        <actor name="D0N26">
            <wcet number="0">10</wcet>
            <wcet number="1">10</wcet>
            <maxpow number="0.7032238798122012"/>
            <maxpow number="0.7032238798122012"/>
            <fprob>0.0</fprob>
        </actor>
        <actor name="D0N30">
            <wcet number="0">600</wcet>
            <wcet number="1">850</wcet>
            <maxpow number="0.4391323368852412"/>
            <maxpow number="0.4391323368852412"/>
            <fprob>0.0</fprob>
        </actor>
        <actor name="D0N42">
            <wcet number="0">230</wcet>
            <wcet number="1">320</wcet>
            <maxpow number="0.380265685542194"/>
            <maxpow number="0.380265685542194"/>
            <fprob>0.0</fprob>
        </actor>
        <actor name="D0N43">
            <wcet number="0">440</wcet>
            <wcet number="1">540</wcet>
            <maxpow number="0.536149036274903"/>
            <maxpow number="0.536149036274903"/>
            <fprob>0.0</fprob>
        </actor>
        <actor name="D0N9">
            <wcet number="0">540</wcet>
            <wcet number="1">590</wcet>
            <maxpow number="0.5958763291500606"/>
            <maxpow number="0.5958763291500606"/>
            <fprob>0.0</fprob>
        </actor>
        <actor name="D0N5">
            <wcet number="0">10</wcet>
            <wcet number="1">10</wcet>
            <maxpow number="0.7142054881664643"/>
            <maxpow number="0.7142054881664643"/>
            <fprob>0.0</fprob>
        </actor>
        <actor name="D0N2">
            <wcet number="0">20</wcet>
            <wcet number="1">130</wcet>
            <maxpow number="0.6397354028033756"/>
            <maxpow number="0.6397354028033756"/>
            <fprob>0.0</fprob>
        </actor>
        <actor name="D0N7">
            <wcet number="0">120</wcet>
            <wcet number="1">250</wcet>
            <maxpow number="0.7173596599231604"/>
            <maxpow number="0.7173596599231604"/>
            <fprob>0.0</fprob>
        </actor>
        <actor name="D0N19">
            <wcet number="0">70</wcet>
            <wcet number="1">130</wcet>
            <maxpow number="0.9945922921908411"/>
            <maxpow number="0.9945922921908411"/>
            <fprob>0.0</fprob>
        </actor>
        <actor name="D0N17">
            <wcet number="0">50</wcet>
            <wcet number="1">130</wcet>
            <maxpow number="0.3225338007389299"/>
            <maxpow number="0.3225338007389299"/>
            <fprob>0.0</fprob>
        </actor>
        <actor name="D0N16">
            <wcet number="0">10</wcet>
            <wcet number="1">10</wcet>
            <maxpow number="0.9817595434386316"/>
            <maxpow number="0.9817595434386316"/>
            <fprob>0.0</fprob>
        </actor>
        <actor name="D0N0">
            <wcet number="0">260</wcet>
            <wcet number="1">300</wcet>
            <maxpow number="0.8918252491535952"/>
            <maxpow number="0.8918252491535952"/>
            <fprob>0.0</fprob>
        </actor>
        <actor name="D0N37">
            <wcet number="0">10</wcet>
            <wcet number="1">50</wcet>
            <maxpow number="0.3572738952041049"/>
            <maxpow number="0.3572738952041049"/>
            <fprob>0.0</fprob>
        </actor>
        <actor name="D0N48">
            <wcet number="0">20</wcet>
            <wcet number="1">30</wcet>
            <maxpow number="0.8631605296561344"/>
            <maxpow number="0.8631605296561344"/>
            <fprob>0.0</fprob>
        </actor>
        <actor name="D0N12">
            <wcet number="0">40</wcet>
            <wcet number="1">80</wcet>
            <maxpow number="0.7050889978933729"/>
            <maxpow number="0.7050889978933729"/>
            <fprob>0.0</fprob>
        </actor>
        <actor name="D0N14">
            <wcet number="0">60</wcet>
            <wcet number="1">430</wcet>
            <maxpow number="0.3473941768900091"/>
            <maxpow number="0.3473941768900091"/>
            <fprob>0.0</fprob>
        </actor>
        <actor name="D0N11">
            <wcet number="0">20</wcet>
            <wcet number="1">20</wcet>
            <maxpow number="0.5065586415749819"/>
            <maxpow number="0.5065586415749819"/>
            <fprob>0.0</fprob>
        </actor>
        <actor name="D0N24">
            <wcet number="0">10</wcet>
            <wcet number="1">70</wcet>
            <maxpow number="0.80044317061933"/>
            <maxpow number="0.80044317061933"/>
            <fprob>0.0</fprob>
        </actor>
        <actor name="D0N44">
            <wcet number="0">80</wcet>
            <wcet number="1">90</wcet>
            <maxpow number="0.8167596044721215"/>
            <maxpow number="0.8167596044721215"/>
            <fprob>0.0</fprob>
        </actor>
        <actor name="D0N10">
            <wcet number="0">330</wcet>
            <wcet number="1">550</wcet>
            <maxpow number="0.3500279258645581"/>
            <maxpow number="0.3500279258645581"/>
            <fprob>0.0</fprob>
        </actor>
        <actor name="D0N47">
            <wcet number="0">40</wcet>
            <wcet number="1">110</wcet>
            <maxpow number="0.7809866770012925"/>
            <maxpow number="0.7809866770012925"/>
            <fprob>0.0</fprob>
        </actor>
        <actor name="D0N29">
            <wcet number="0">40</wcet>
            <wcet number="1">70</wcet>
            <maxpow number="0.6952099158548548"/>
            <maxpow number="0.6952099158548548"/>
            <fprob>0.0</fprob>
        </actor>
        <actor name="D0N15">
            <wcet number="0">10</wcet>
            <wcet number="1">70</wcet>
            <maxpow number="0.4458371111082785"/>
            <maxpow number="0.4458371111082785"/>
            <fprob>0.0</fprob>
        </actor>
        <actor name="D0N31">
            <wcet number="0">50</wcet>
            <wcet number="1">80</wcet>
            <maxpow number="0.6333678341025266"/>
            <maxpow number="0.6333678341025266"/>
            <fprob>0.0</fprob>
        </actor>
        <actor name="D0N45">
            <wcet number="0">10</wcet>
            <wcet number="1">20</wcet>
            <maxpow number="0.6863817649201553"/>
            <maxpow number="0.6863817649201553"/>
            <fprob>0.0</fprob>
        </actor>
        <actor name="D0N4">
            <wcet number="0">50</wcet>
            <wcet number="1">50</wcet>
            <maxpow number="0.5124026567620313"/>
            <maxpow number="0.5124026567620313"/>
            <fprob>0.0</fprob>
        </actor>
        <actor name="D0N18">
            <wcet number="0">260</wcet>
            <wcet number="1">440</wcet>
            <maxpow number="0.48836141424206"/>
            <maxpow number="0.48836141424206"/>
            <fprob>0.0</fprob>
        </actor>
        <actor name="D0N23">
            <wcet number="0">140</wcet>
            <wcet number="1">230</wcet>
            <maxpow number="0.6913698262136767"/>
            <maxpow number="0.6913698262136767"/>
            <fprob>0.0</fprob>
        </actor>
        <actor name="D0N39">
            <wcet number="0">520</wcet>
            <wcet number="1">590</wcet>
            <maxpow number="0.5412621536995731"/>
            <maxpow number="0.5412621536995731"/>
            <fprob>0.0</fprob>
        </actor>
        <actor name="D0N28">
            <wcet number="0">180</wcet>
            <wcet number="1">190</wcet>
            <maxpow number="0.3066365016826869"/>
            <maxpow number="0.3066365016826869"/>
            <fprob>0.0</fprob>
        </actor>
        <actor name="D0N21">
            <wcet number="0">100</wcet>
            <wcet number="1">200</wcet>
            <maxpow number="0.4489959634327069"/>
            <maxpow number="0.4489959634327069"/>
            <fprob>0.0</fprob>
        </actor>
        <actor name="D0N38">
            <wcet number="0">30</wcet>
            <wcet number="1">120</wcet>
            <maxpow number="0.5014969071831216"/>
            <maxpow number="0.5014969071831216"/>
            <fprob>0.0</fprob>
        </actor>
        <actor name="D0N34">
            <wcet number="0">10</wcet>
            <wcet number="1">130</wcet>
            <maxpow number="0.6901388995711643"/>
            <maxpow number="0.6901388995711643"/>
            <fprob>0.0</fprob>
        </actor>
        <actor name="D0N3">
            <wcet number="0">350</wcet>
            <wcet number="1">490</wcet>
            <maxpow number="0.7103958519372044"/>
            <maxpow number="0.7103958519372044"/>
            <fprob>0.0</fprob>
        </actor>
        <actor name="D0N6">
            <wcet number="0">10</wcet>
            <wcet number="1">40</wcet>
            <maxpow number="0.8798674861667417"/>
            <maxpow number="0.8798674861667417"/>
            <fprob>0.0</fprob>
        </actor>
        <actor name="D0N40">
            <wcet number="0">480</wcet>
            <wcet number="1">650</wcet>
            <maxpow number="0.7301149656379948"/>
            <maxpow number="0.7301149656379948"/>
            <fprob>0.0</fprob>
        </actor>
        <actor name="D0N32">
            <wcet number="0">160</wcet>
            <wcet number="1">220</wcet>
            <maxpow number="0.8005273175387746"/>
            <maxpow number="0.8005273175387746"/>
            <fprob>0.0</fprob>
        </actor>
        <actor name="D0N27">
            <wcet number="0">250</wcet>
            <wcet number="1">320</wcet>
            <maxpow number="0.5819472943751413"/>
            <maxpow number="0.5819472943751413"/>
            <fprob>0.0</fprob>
        </actor>
        <actor name="D0N8">
            <wcet number="0">50</wcet>
            <wcet number="1">50</wcet>
            <maxpow number="0.31761566877819747"/>
            <maxpow number="0.31761566877819747"/>
            <fprob>0.0</fprob>
        </actor>
        <actor name="D0N22">
            <wcet number="0">10</wcet>
            <wcet number="1">470</wcet>
            <maxpow number="0.5558127700325844"/>
            <maxpow number="0.5558127700325844"/>
            <fprob>0.0</fprob>
        </actor>
        <actor name="D0N33">
            <wcet number="0">20</wcet>
            <wcet number="1">30</wcet>
            <maxpow number="0.7697999980370881"/>
            <maxpow number="0.7697999980370881"/>
            <fprob>0.0</fprob>
        </actor>
        <actor name="D0N20">
            <wcet number="0">60</wcet>
            <wcet number="1">200</wcet>
            <maxpow number="0.45142466592181624"/>
            <maxpow number="0.45142466592181624"/>
            <fprob>0.0</fprob>
        </actor>
        <actor name="D0N13">
            <wcet number="0">160</wcet>
            <wcet number="1">510</wcet>
            <maxpow number="0.5488731405481179"/>
            <maxpow number="0.5488731405481179"/>
            <fprob>0.0</fprob>
        </actor>
        <actor name="D0N41">
            <wcet number="0">140</wcet>
            <wcet number="1">660</wcet>
            <maxpow number="0.8717827343062936"/>
            <maxpow number="0.8717827343062936"/>
            <fprob>0.0</fprob>
        </actor>
        <ports>
            <port dstActor="D0N31" name="p0" srcActor="D0N25"/>
            <port dstActor="D0N43" name="p1" srcActor="D0N25"/>
            <port dstActor="D0N34" name="p2" srcActor="D0N25"/>
            <port dstActor="D0N38" name="p3" srcActor="D0N36"/>
            <port dstActor="D0N31" name="p4" srcActor="D0N1"/>
            <port dstActor="D0N22" name="p5" srcActor="D0N1"/>
            <port dstActor="D0N3" name="p6" srcActor="D0N1"/>
            <port dstActor="D0N42" name="p7" srcActor="D0N1"/>
            <port dstActor="D0N21" name="p8" srcActor="D0N1"/>
            <port dstActor="D0N25" name="p9" srcActor="D0N1"/>
            <port dstActor="D0N28" name="p10" srcActor="D0N1"/>
            <port dstActor="D0N46" name="p11" srcActor="D0N35"/>
            <port dstActor="D0N41" name="p12" srcActor="D0N35"/>
            <port dstActor="D0N36" name="p13" srcActor="D0N26"/>
            <port dstActor="D0N44" name="p14" srcActor="D0N30"/>
            <port dstActor="D0N46" name="p15" srcActor="D0N30"/>
            <port dstActor="D0N35" name="p16" srcActor="D0N30"/>
            <port dstActor="D0N46" name="p17" srcActor="D0N43"/>
            <port dstActor="D0N24" name="p18" srcActor="D0N9"/>
            <port dstActor="D0N20" name="p19" srcActor="D0N9"/>
            <port dstActor="D0N10" name="p20" srcActor="D0N9"/>
            <port dstActor="D0N27" name="p21" srcActor="D0N9"/>
            <port dstActor="D0N29" name="p22" srcActor="D0N9"/>
            <port dstActor="D0N32" name="p23" srcActor="D0N9"/>
            <port dstActor="D0N14" name="p24" srcActor="D0N9"/>
            <port dstActor="D0N24" name="p25" srcActor="D0N5"/>
            <port dstActor="D0N27" name="p26" srcActor="D0N5"/>
            <port dstActor="D0N16" name="p27" srcActor="D0N5"/>
            <port dstActor="D0N15" name="p28" srcActor="D0N5"/>
            <port dstActor="D0N18" name="p29" srcActor="D0N2"/>
            <port dstActor="D0N41" name="p30" srcActor="D0N2"/>
            <port dstActor="D0N48" name="p31" srcActor="D0N2"/>
            <port dstActor="D0N22" name="p32" srcActor="D0N7"/>
            <port dstActor="D0N17" name="p33" srcActor="D0N7"/>
            <port dstActor="D0N13" name="p34" srcActor="D0N7"/>
            <port dstActor="D0N31" name="p35" srcActor="D0N7"/>
            <port dstActor="D0N38" name="p36" srcActor="D0N7"/>
            <port dstActor="D0N41" name="p37" srcActor="D0N7"/>
            <port dstActor="D0N18" name="p38" srcActor="D0N7"/>
            <port dstActor="D0N16" name="p39" srcActor="D0N7"/>
            <port dstActor="D0N35" name="p40" srcActor="D0N7"/>
            <port dstActor="D0N20" name="p41" srcActor="D0N19"/>
            <port dstActor="D0N31" name="p42" srcActor="D0N19"/>
            <port dstActor="D0N28" name="p43" srcActor="D0N19"/>
            <port dstActor="D0N35" name="p44" srcActor="D0N17"/>
            <port dstActor="D0N19" name="p45" srcActor="D0N17"/>
            <port dstActor="D0N23" name="p46" srcActor="D0N17"/>
            <port dstActor="D0N18" name="p47" srcActor="D0N17"/>
            <port dstActor="D0N25" name="p48" srcActor="D0N16"/>
            <port dstActor="D0N46" name="p49" srcActor="D0N16"/>
            <port dstActor="D0N39" name="p50" srcActor="D0N16"/>
            <port dstActor="D0N28" name="p51" srcActor="D0N16"/>
            <port dstActor="D0N43" name="p52" srcActor="D0N0"/>
            <port dstActor="D0N47" name="p53" srcActor="D0N0"/>
            <port dstActor="D0N20" name="p54" srcActor="D0N0"/>
            <port dstActor="D0N46" name="p55" srcActor="D0N37"/>
            <port dstActor="D0N45" name="p56" srcActor="D0N37"/>
            <port dstActor="D0N15" name="p57" srcActor="D0N12"/>
            <port dstActor="D0N44" name="p58" srcActor="D0N12"/>
            <port dstActor="D0N17" name="p59" srcActor="D0N12"/>
            <port dstActor="D0N41" name="p60" srcActor="D0N12"/>
            <port dstActor="D0N15" name="p61" srcActor="D0N14"/>
            <port dstActor="D0N30" name="p62" srcActor="D0N14"/>
            <port dstActor="D0N31" name="p63" srcActor="D0N11"/>
            <port dstActor="D0N30" name="p64" srcActor="D0N11"/>
            <port dstActor="D0N42" name="p65" srcActor="D0N11"/>
            <port dstActor="D0N37" name="p66" srcActor="D0N11"/>
            <port dstActor="D0N43" name="p67" srcActor="D0N11"/>
            <port dstActor="D0N26" name="p68" srcActor="D0N24"/>
            <port dstActor="D0N25" name="p69" srcActor="D0N24"/>
            <port dstActor="D0N32" name="p70" srcActor="D0N24"/>
            <port dstActor="D0N18" name="p71" srcActor="D0N10"/>
            <port dstActor="D0N23" name="p72" srcActor="D0N10"/>
            <port dstActor="D0N16" name="p73" srcActor="D0N10"/>
            <port dstActor="D0N35" name="p74" srcActor="D0N29"/>
            <port dstActor="D0N38" name="p75" srcActor="D0N29"/>
            <port dstActor="D0N31" name="p76" srcActor="D0N15"/>
            <port dstActor="D0N39" name="p77" srcActor="D0N15"/>
            <port dstActor="D0N33" name="p78" srcActor="D0N15"/>
            <port dstActor="D0N32" name="p79" srcActor="D0N31"/>
            <port dstActor="D0N34" name="p80" srcActor="D0N31"/>
            <port dstActor="D0N43" name="p81" srcActor="D0N31"/>
            <port dstActor="D0N12" name="p82" srcActor="D0N4"/>
            <port dstActor="D0N21" name="p83" srcActor="D0N4"/>
            <port dstActor="D0N23" name="p84" srcActor="D0N4"/>
            <port dstActor="D0N10" name="p85" srcActor="D0N4"/>
            <port dstActor="D0N40" name="p86" srcActor="D0N18"/>
            <port dstActor="D0N47" name="p87" srcActor="D0N23"/>
            <port dstActor="D0N39" name="p88" srcActor="D0N23"/>
            <port dstActor="D0N45" name="p89" srcActor="D0N39"/>
            <port dstActor="D0N38" name="p90" srcActor="D0N28"/>
            <port dstActor="D0N32" name="p91" srcActor="D0N28"/>
            <port dstActor="D0N31" name="p92" srcActor="D0N28"/>
            <port dstActor="D0N41" name="p93" srcActor="D0N38"/>
            <port dstActor="D0N48" name="p94" srcActor="D0N38"/>
            <port dstActor="D0N38" name="p95" srcActor="D0N34"/>
            <port dstActor="D0N39" name="p96" srcActor="D0N34"/>
            <port dstActor="D0N37" name="p97" srcActor="D0N34"/>
            <port dstActor="D0N47" name="p98" srcActor="D0N3"/>
            <port dstActor="D0N36" name="p99" srcActor="D0N3"/>
            <port dstActor="D0N32" name="p100" srcActor="D0N3"/>
            <port dstActor="D0N29" name="p101" srcActor="D0N3"/>
            <port dstActor="D0N10" name="p102" srcActor="D0N6"/>
            <port dstActor="D0N20" name="p103" srcActor="D0N6"/>
            <port dstActor="D0N40" name="p104" srcActor="D0N6"/>
            <port dstActor="D0N13" name="p105" srcActor="D0N6"/>
            <port dstActor="D0N42" name="p106" srcActor="D0N40"/>
            <port dstActor="D0N35" name="p107" srcActor="D0N32"/>
            <port dstActor="D0N43" name="p108" srcActor="D0N32"/>
            <port dstActor="D0N29" name="p109" srcActor="D0N27"/>
            <port dstActor="D0N46" name="p110" srcActor="D0N27"/>
            <port dstActor="D0N31" name="p111" srcActor="D0N27"/>
            <port dstActor="D0N40" name="p112" srcActor="D0N27"/>
            <port dstActor="D0N17" name="p113" srcActor="D0N8"/>
            <port dstActor="D0N9" name="p114" srcActor="D0N8"/>
            <port dstActor="D0N33" name="p115" srcActor="D0N8"/>
            <port dstActor="D0N45" name="p116" srcActor="D0N8"/>
            <port dstActor="D0N15" name="p117" srcActor="D0N8"/>
            <port dstActor="D0N16" name="p118" srcActor="D0N8"/>
            <port dstActor="D0N37" name="p119" srcActor="D0N8"/>
            <port dstActor="D0N44" name="p120" srcActor="D0N22"/>
            <port dstActor="D0N26" name="p121" srcActor="D0N22"/>
            <port dstActor="D0N34" name="p122" srcActor="D0N20"/>
            <port dstActor="D0N38" name="p123" srcActor="D0N20"/>
            <port dstActor="D0N35" name="p124" srcActor="D0N20"/>
            <port dstActor="D0N29" name="p125" srcActor="D0N13"/>
            <port dstActor="D0N44" name="p126" srcActor="D0N13"/>
            <port dstActor="D0N47" name="p127" srcActor="D0N13"/>
            <port dstActor="D0N46" name="p128" srcActor="D0N41"/>
            <port dstActor="D0N47" name="p129" srcActor="D0N41"/>
        </ports>
    </mcdag>
    <cores number="3"/>
    <levels number="2"/>
</mcsystem>
