<?xml version="1.0" encoding="UTF-8" standalone="no"?>
<mcsystem>
    <mcdag deadline="2500" name="genned-0-ed-10.0-0">
        <actor name="D0N18">
            <wcet number="0">20</wcet>
            <wcet number="1">30</wcet>
            <maxpow number="0.6496322338762127"/>
            <maxpow number="0.6496322338762127"/>
            <fprob>0.0</fprob>
        </actor>
        <actor name="D0N12">
            <wcet number="0">360</wcet>
            <wcet number="1">570</wcet>
            <maxpow number="0.42725065452399275"/>
            <maxpow number="0.42725065452399275"/>
            <fprob>0.0</fprob>
        </actor>
        <actor name="D0N23">
            <wcet number="0">10</wcet>
            <wcet number="1">10</wcet>
            <maxpow number="0.4743023331406505"/>
            <maxpow number="0.4743023331406505"/>
            <fprob>0.0</fprob>
        </actor>
        <actor name="D0N47">
            <wcet number="0">150</wcet>
            <wcet number="1">160</wcet>
            <maxpow number="0.3189901822121919"/>
            <maxpow number="0.3189901822121919"/>
            <fprob>0.0</fprob>
        </actor>
        <actor name="D0N38">
            <wcet number="0">10</wcet>
            <wcet number="1">20</wcet>
            <maxpow number="0.6019278238300086"/>
            <maxpow number="0.6019278238300086"/>
            <fprob>0.0</fprob>
        </actor>
        <actor name="D0N42">
            <wcet number="0">20</wcet>
            <wcet number="1">140</wcet>
            <maxpow number="0.690041298156117"/>
            <maxpow number="0.690041298156117"/>
            <fprob>0.0</fprob>
        </actor>
        <actor name="D0N37">
            <wcet number="0">20</wcet>
            <wcet number="1">100</wcet>
            <maxpow number="0.7139903238666157"/>
            <maxpow number="0.7139903238666157"/>
            <fprob>0.0</fprob>
        </actor>
        <actor name="D0N16">
            <wcet number="0">40</wcet>
            <wcet number="1">220</wcet>
            <maxpow number="0.33215079243569257"/>
            <maxpow number="0.33215079243569257"/>
            <fprob>0.0</fprob>
        </actor>
        <actor name="D0N41">
            <wcet number="0">120</wcet>
            <wcet number="1">190</wcet>
            <maxpow number="0.4005022010456458"/>
            <maxpow number="0.4005022010456458"/>
            <fprob>0.0</fprob>
        </actor>
        <actor name="D0N15">
            <wcet number="0">10</wcet>
            <wcet number="1">170</wcet>
            <maxpow number="0.2804697580855103"/>
            <maxpow number="0.2804697580855103"/>
            <fprob>0.0</fprob>
        </actor>
        <actor name="D0N10">
            <wcet number="0">40</wcet>
            <wcet number="1">80</wcet>
            <maxpow number="0.6952949679459637"/>
            <maxpow number="0.6952949679459637"/>
            <fprob>0.0</fprob>
        </actor>
        <actor name="D0N25">
            <wcet number="0">80</wcet>
            <wcet number="1">370</wcet>
            <maxpow number="0.832814906076031"/>
            <maxpow number="0.832814906076031"/>
            <fprob>0.0</fprob>
        </actor>
        <actor name="D0N40">
            <wcet number="0">240</wcet>
            <wcet number="1">320</wcet>
            <maxpow number="0.6148686532121451"/>
            <maxpow number="0.6148686532121451"/>
            <fprob>0.0</fprob>
        </actor>
        <actor name="D0N35">
            <wcet number="0">30</wcet>
            <wcet number="1">70</wcet>
            <maxpow number="0.31842064046874385"/>
            <maxpow number="0.31842064046874385"/>
            <fprob>0.0</fprob>
        </actor>
        <actor name="D0N43">
            <wcet number="0">170</wcet>
            <wcet number="1">300</wcet>
            <maxpow number="0.7165669504601052"/>
            <maxpow number="0.7165669504601052"/>
            <fprob>0.0</fprob>
        </actor>
        <actor name="D0N21">
            <wcet number="0">110</wcet>
            <wcet number="1">140</wcet>
            <maxpow number="0.38596901708274106"/>
            <maxpow number="0.38596901708274106"/>
            <fprob>0.0</fprob>
        </actor>
        <actor name="D0N8">
            <wcet number="0">60</wcet>
            <wcet number="1">60</wcet>
            <maxpow number="0.44434017599044884"/>
            <maxpow number="0.44434017599044884"/>
            <fprob>0.0</fprob>
        </actor>
        <actor name="D0N32">
            <wcet number="0">260</wcet>
            <wcet number="1">300</wcet>
            <maxpow number="0.7389320402231722"/>
            <maxpow number="0.7389320402231722"/>
            <fprob>0.0</fprob>
        </actor>
        <actor name="D0N0">
            <wcet number="0">80</wcet>
            <wcet number="1">130</wcet>
            <maxpow number="0.7643075384298991"/>
            <maxpow number="0.7643075384298991"/>
            <fprob>0.0</fprob>
        </actor>
        <actor name="D0N33">
            <wcet number="0">10</wcet>
            <wcet number="1">20</wcet>
            <maxpow number="0.527080330333695"/>
            <maxpow number="0.527080330333695"/>
            <fprob>0.0</fprob>
        </actor>
        <actor name="D0N46">
            <wcet number="0">70</wcet>
            <wcet number="1">80</wcet>
            <maxpow number="0.8258893950887496"/>
            <maxpow number="0.8258893950887496"/>
            <fprob>0.0</fprob>
        </actor>
        <actor name="D0N45">
            <wcet number="0">190</wcet>
            <wcet number="1">200</wcet>
            <maxpow number="0.2555776242664009"/>
            <maxpow number="0.2555776242664009"/>
            <fprob>0.0</fprob>
        </actor>
        <actor name="D0N27">
            <wcet number="0">560</wcet>
            <wcet number="1">640</wcet>
            <maxpow number="0.6453560035879369"/>
            <maxpow number="0.6453560035879369"/>
            <fprob>0.0</fprob>
        </actor>
        <actor name="D0N19">
            <wcet number="0">90</wcet>
            <wcet number="1">90</wcet>
            <maxpow number="0.5310995613485416"/>
            <maxpow number="0.5310995613485416"/>
            <fprob>0.0</fprob>
        </actor>
        <actor name="D0N14">
            <wcet number="0">70</wcet>
            <wcet number="1">80</wcet>
            <maxpow number="0.36997687518096256"/>
            <maxpow number="0.36997687518096256"/>
            <fprob>0.0</fprob>
        </actor>
        <actor name="D0N29">
            <wcet number="0">20</wcet>
            <wcet number="1">50</wcet>
            <maxpow number="0.3388448823495439"/>
            <maxpow number="0.3388448823495439"/>
            <fprob>0.0</fprob>
        </actor>
        <actor name="D0N34">
            <wcet number="0">20</wcet>
            <wcet number="1">120</wcet>
            <maxpow number="0.6827426075895169"/>
            <maxpow number="0.6827426075895169"/>
            <fprob>0.0</fprob>
        </actor>
        <actor name="D0N24">
            <wcet number="0">10</wcet>
            <wcet number="1">20</wcet>
            <maxpow number="0.5983029698653607"/>
            <maxpow number="0.5983029698653607"/>
            <fprob>0.0</fprob>
        </actor>
        <actor name="D0N7">
            <wcet number="0">100</wcet>
            <wcet number="1">100</wcet>
            <maxpow number="0.7865684385076998"/>
            <maxpow number="0.7865684385076998"/>
            <fprob>0.0</fprob>
        </actor>
        <actor name="D0N49">
            <wcet number="0">230</wcet>
            <wcet number="1">250</wcet>
            <maxpow number="0.487982055729867"/>
            <maxpow number="0.487982055729867"/>
            <fprob>0.0</fprob>
        </actor>
        <actor name="D0N17">
            <wcet number="0">50</wcet>
            <wcet number="1">240</wcet>
            <maxpow number="0.5206900065567883"/>
            <maxpow number="0.5206900065567883"/>
            <fprob>0.0</fprob>
        </actor>
        <actor name="D0N5">
            <wcet number="0">10</wcet>
            <wcet number="1">10</wcet>
            <maxpow number="0.362108826534327"/>
            <maxpow number="0.362108826534327"/>
            <fprob>0.0</fprob>
        </actor>
        <actor name="D0N48">
            <wcet number="0">130</wcet>
            <wcet number="1">220</wcet>
            <maxpow number="0.3322399835597891"/>
            <maxpow number="0.3322399835597891"/>
            <fprob>0.0</fprob>
        </actor>
        <actor name="D0N44">
            <wcet number="0">30</wcet>
            <wcet number="1">210</wcet>
            <maxpow number="0.5248859357348459"/>
            <maxpow number="0.5248859357348459"/>
            <fprob>0.0</fprob>
        </actor>
        <actor name="D0N22">
            <wcet number="0">30</wcet>
            <wcet number="1">340</wcet>
            <maxpow number="0.6023097766773821"/>
            <maxpow number="0.6023097766773821"/>
            <fprob>0.0</fprob>
        </actor>
        <actor name="D0N6">
            <wcet number="0">160</wcet>
            <wcet number="1">260</wcet>
            <maxpow number="0.6909169053352014"/>
            <maxpow number="0.6909169053352014"/>
            <fprob>0.0</fprob>
        </actor>
        <actor name="D0N31">
            <wcet number="0">20</wcet>
            <wcet number="1">20</wcet>
            <maxpow number="0.37019427747325223"/>
            <maxpow number="0.37019427747325223"/>
            <fprob>0.0</fprob>
        </actor>
        <actor name="D0N3">
            <wcet number="0">10</wcet>
            <wcet number="1">30</wcet>
            <maxpow number="0.4924904035383527"/>
            <maxpow number="0.4924904035383527"/>
            <fprob>0.0</fprob>
        </actor>
        <actor name="D0N9">
            <wcet number="0">70</wcet>
            <wcet number="1">80</wcet>
            <maxpow number="0.6483008724574011"/>
            <maxpow number="0.6483008724574011"/>
            <fprob>0.0</fprob>
        </actor>
        <actor name="D0N2">
            <wcet number="0">30</wcet>
            <wcet number="1">80</wcet>
            <maxpow number="0.7985753230020259"/>
            <maxpow number="0.7985753230020259"/>
            <fprob>0.0</fprob>
        </actor>
        <actor name="D0N1">
            <wcet number="0">10</wcet>
            <wcet number="1">80</wcet>
            <maxpow number="0.6629304538085745"/>
            <maxpow number="0.6629304538085745"/>
            <fprob>0.0</fprob>
        </actor>
        <actor name="D0N28">
            <wcet number="0">40</wcet>
            <wcet number="1">40</wcet>
            <maxpow number="0.8942190034716103"/>
            <maxpow number="0.8942190034716103"/>
            <fprob>0.0</fprob>
        </actor>
        <actor name="D0N13">
            <wcet number="0">20</wcet>
            <wcet number="1">200</wcet>
            <maxpow number="0.3214013432286831"/>
            <maxpow number="0.3214013432286831"/>
            <fprob>0.0</fprob>
        </actor>
        <actor name="D0N26">
            <wcet number="0">110</wcet>
            <wcet number="1">140</wcet>
            <maxpow number="0.5869259460835002"/>
            <maxpow number="0.5869259460835002"/>
            <fprob>0.0</fprob>
        </actor>
        <actor name="D0N39">
            <wcet number="0">20</wcet>
            <wcet number="1">110</wcet>
            <maxpow number="0.791317891816562"/>
            <maxpow number="0.791317891816562"/>
            <fprob>0.0</fprob>
        </actor>
        <actor name="D0N30">
            <wcet number="0">10</wcet>
            <wcet number="1">30</wcet>
            <maxpow number="0.706017451396261"/>
            <maxpow number="0.706017451396261"/>
            <fprob>0.0</fprob>
        </actor>
        <actor name="D0N4">
            <wcet number="0">50</wcet>
            <wcet number="1">60</wcet>
            <maxpow number="0.6667753778952215"/>
            <maxpow number="0.6667753778952215"/>
            <fprob>0.0</fprob>
        </actor>
        <actor name="D0N36">
            <wcet number="0">10</wcet>
            <wcet number="1">30</wcet>
            <maxpow number="0.6324740109450955"/>
            <maxpow number="0.6324740109450955"/>
            <fprob>0.0</fprob>
        </actor>
        <actor name="D0N11">
            <wcet number="0">10</wcet>
            <wcet number="1">30</wcet>
            <maxpow number="0.7123336908725129"/>
            <maxpow number="0.7123336908725129"/>
            <fprob>0.0</fprob>
        </actor>
        <actor name="D0N20">
            <wcet number="0">10</wcet>
            <wcet number="1">10</wcet>
            <maxpow number="0.5977670327994542"/>
            <maxpow number="0.5977670327994542"/>
            <fprob>0.0</fprob>
        </actor>
        <ports>
            <port dstActor="D0N26" name="p0" srcActor="D0N18"/>
            <port dstActor="D0N32" name="p1" srcActor="D0N18"/>
            <port dstActor="D0N19" name="p2" srcActor="D0N18"/>
            <port dstActor="D0N39" name="p3" srcActor="D0N18"/>
            <port dstActor="D0N46" name="p4" srcActor="D0N18"/>
            <port dstActor="D0N26" name="p5" srcActor="D0N12"/>
            <port dstActor="D0N35" name="p6" srcActor="D0N12"/>
            <port dstActor="D0N45" name="p7" srcActor="D0N12"/>
            <port dstActor="D0N30" name="p8" srcActor="D0N12"/>
            <port dstActor="D0N20" name="p9" srcActor="D0N12"/>
            <port dstActor="D0N33" name="p10" srcActor="D0N12"/>
            <port dstActor="D0N32" name="p11" srcActor="D0N23"/>
            <port dstActor="D0N46" name="p12" srcActor="D0N23"/>
            <port dstActor="D0N42" name="p13" srcActor="D0N38"/>
            <port dstActor="D0N39" name="p14" srcActor="D0N38"/>
            <port dstActor="D0N46" name="p15" srcActor="D0N42"/>
            <port dstActor="D0N41" name="p16" srcActor="D0N37"/>
            <port dstActor="D0N48" name="p17" srcActor="D0N37"/>
            <port dstActor="D0N23" name="p18" srcActor="D0N16"/>
            <port dstActor="D0N21" name="p19" srcActor="D0N16"/>
            <port dstActor="D0N45" name="p20" srcActor="D0N16"/>
            <port dstActor="D0N15" name="p21" srcActor="D0N10"/>
            <port dstActor="D0N23" name="p22" srcActor="D0N10"/>
            <port dstActor="D0N18" name="p23" srcActor="D0N10"/>
            <port dstActor="D0N44" name="p24" srcActor="D0N10"/>
            <port dstActor="D0N47" name="p25" srcActor="D0N10"/>
            <port dstActor="D0N22" name="p26" srcActor="D0N10"/>
            <port dstActor="D0N46" name="p27" srcActor="D0N10"/>
            <port dstActor="D0N34" name="p28" srcActor="D0N25"/>
            <port dstActor="D0N48" name="p29" srcActor="D0N25"/>
            <port dstActor="D0N26" name="p30" srcActor="D0N25"/>
            <port dstActor="D0N46" name="p31" srcActor="D0N40"/>
            <port dstActor="D0N47" name="p32" srcActor="D0N40"/>
            <port dstActor="D0N47" name="p33" srcActor="D0N35"/>
            <port dstActor="D0N47" name="p34" srcActor="D0N43"/>
            <port dstActor="D0N45" name="p35" srcActor="D0N8"/>
            <port dstActor="D0N32" name="p36" srcActor="D0N8"/>
            <port dstActor="D0N34" name="p37" srcActor="D0N0"/>
            <port dstActor="D0N7" name="p38" srcActor="D0N0"/>
            <port dstActor="D0N2" name="p39" srcActor="D0N0"/>
            <port dstActor="D0N11" name="p40" srcActor="D0N0"/>
            <port dstActor="D0N27" name="p41" srcActor="D0N0"/>
            <port dstActor="D0N9" name="p42" srcActor="D0N0"/>
            <port dstActor="D0N38" name="p43" srcActor="D0N0"/>
            <port dstActor="D0N14" name="p44" srcActor="D0N0"/>
            <port dstActor="D0N25" name="p45" srcActor="D0N0"/>
            <port dstActor="D0N46" name="p46" srcActor="D0N27"/>
            <port dstActor="D0N36" name="p47" srcActor="D0N27"/>
            <port dstActor="D0N38" name="p48" srcActor="D0N27"/>
            <port dstActor="D0N42" name="p49" srcActor="D0N27"/>
            <port dstActor="D0N36" name="p50" srcActor="D0N19"/>
            <port dstActor="D0N25" name="p51" srcActor="D0N19"/>
            <port dstActor="D0N43" name="p52" srcActor="D0N19"/>
            <port dstActor="D0N18" name="p53" srcActor="D0N14"/>
            <port dstActor="D0N36" name="p54" srcActor="D0N14"/>
            <port dstActor="D0N45" name="p55" srcActor="D0N14"/>
            <port dstActor="D0N34" name="p56" srcActor="D0N14"/>
            <port dstActor="D0N44" name="p57" srcActor="D0N29"/>
            <port dstActor="D0N34" name="p58" srcActor="D0N24"/>
            <port dstActor="D0N49" name="p59" srcActor="D0N24"/>
            <port dstActor="D0N39" name="p60" srcActor="D0N24"/>
            <port dstActor="D0N44" name="p61" srcActor="D0N24"/>
            <port dstActor="D0N45" name="p62" srcActor="D0N7"/>
            <port dstActor="D0N10" name="p63" srcActor="D0N7"/>
            <port dstActor="D0N32" name="p64" srcActor="D0N7"/>
            <port dstActor="D0N37" name="p65" srcActor="D0N7"/>
            <port dstActor="D0N34" name="p66" srcActor="D0N7"/>
            <port dstActor="D0N29" name="p67" srcActor="D0N7"/>
            <port dstActor="D0N19" name="p68" srcActor="D0N17"/>
            <port dstActor="D0N44" name="p69" srcActor="D0N17"/>
            <port dstActor="D0N43" name="p70" srcActor="D0N17"/>
            <port dstActor="D0N49" name="p71" srcActor="D0N5"/>
            <port dstActor="D0N22" name="p72" srcActor="D0N5"/>
            <port dstActor="D0N25" name="p73" srcActor="D0N6"/>
            <port dstActor="D0N37" name="p74" srcActor="D0N6"/>
            <port dstActor="D0N13" name="p75" srcActor="D0N6"/>
            <port dstActor="D0N40" name="p76" srcActor="D0N31"/>
            <port dstActor="D0N38" name="p77" srcActor="D0N31"/>
            <port dstActor="D0N36" name="p78" srcActor="D0N3"/>
            <port dstActor="D0N41" name="p79" srcActor="D0N3"/>
            <port dstActor="D0N33" name="p80" srcActor="D0N3"/>
            <port dstActor="D0N38" name="p81" srcActor="D0N3"/>
            <port dstActor="D0N39" name="p82" srcActor="D0N3"/>
            <port dstActor="D0N19" name="p83" srcActor="D0N3"/>
            <port dstActor="D0N40" name="p84" srcActor="D0N9"/>
            <port dstActor="D0N22" name="p85" srcActor="D0N9"/>
            <port dstActor="D0N38" name="p86" srcActor="D0N2"/>
            <port dstActor="D0N37" name="p87" srcActor="D0N2"/>
            <port dstActor="D0N5" name="p88" srcActor="D0N2"/>
            <port dstActor="D0N17" name="p89" srcActor="D0N1"/>
            <port dstActor="D0N12" name="p90" srcActor="D0N1"/>
            <port dstActor="D0N34" name="p91" srcActor="D0N28"/>
            <port dstActor="D0N49" name="p92" srcActor="D0N28"/>
            <port dstActor="D0N35" name="p93" srcActor="D0N28"/>
            <port dstActor="D0N32" name="p94" srcActor="D0N28"/>
            <port dstActor="D0N35" name="p95" srcActor="D0N13"/>
            <port dstActor="D0N18" name="p96" srcActor="D0N13"/>
            <port dstActor="D0N16" name="p97" srcActor="D0N13"/>
            <port dstActor="D0N35" name="p98" srcActor="D0N26"/>
            <port dstActor="D0N42" name="p99" srcActor="D0N26"/>
            <port dstActor="D0N39" name="p100" srcActor="D0N26"/>
            <port dstActor="D0N34" name="p101" srcActor="D0N26"/>
            <port dstActor="D0N33" name="p102" srcActor="D0N26"/>
            <port dstActor="D0N27" name="p103" srcActor="D0N26"/>
            <port dstActor="D0N36" name="p104" srcActor="D0N26"/>
            <port dstActor="D0N38" name="p105" srcActor="D0N26"/>
            <port dstActor="D0N45" name="p106" srcActor="D0N39"/>
            <port dstActor="D0N47" name="p107" srcActor="D0N39"/>
            <port dstActor="D0N48" name="p108" srcActor="D0N39"/>
            <port dstActor="D0N40" name="p109" srcActor="D0N39"/>
            <port dstActor="D0N39" name="p110" srcActor="D0N30"/>
            <port dstActor="D0N46" name="p111" srcActor="D0N30"/>
            <port dstActor="D0N34" name="p112" srcActor="D0N30"/>
            <port dstActor="D0N35" name="p113" srcActor="D0N30"/>
            <port dstActor="D0N23" name="p114" srcActor="D0N4"/>
            <port dstActor="D0N48" name="p115" srcActor="D0N4"/>
            <port dstActor="D0N45" name="p116" srcActor="D0N4"/>
            <port dstActor="D0N10" name="p117" srcActor="D0N4"/>
            <port dstActor="D0N23" name="p118" srcActor="D0N11"/>
            <port dstActor="D0N30" name="p119" srcActor="D0N11"/>
            <port dstActor="D0N42" name="p120" srcActor="D0N11"/>
            <port dstActor="D0N14" name="p121" srcActor="D0N11"/>
            <port dstActor="D0N27" name="p122" srcActor="D0N20"/>
            <port dstActor="D0N25" name="p123" srcActor="D0N20"/>
            <port dstActor="D0N37" name="p124" srcActor="D0N20"/>
        </ports>
    </mcdag>
    <cores number="3"/>
    <levels number="2"/>
</mcsystem>
