<?xml version="1.0" encoding="UTF-8" standalone="no"?>
<mcsystem>
    <mcdag deadline="2000" name="genned-0-ed-10.0-0">
        <actor name="D0N15">
            <wcet number="0">10</wcet>
            <wcet number="1">10</wcet>
            <maxpow number="0.7114265984254547"/>
            <maxpow number="0.7114265984254547"/>
            <fprob>0.0</fprob>
        </actor>
        <actor name="D0N47">
            <wcet number="0">120</wcet>
            <wcet number="1">410</wcet>
            <maxpow number="0.6983573447062523"/>
            <maxpow number="0.6983573447062523"/>
            <fprob>0.0</fprob>
        </actor>
        <actor name="D0N1">
            <wcet number="0">140</wcet>
            <wcet number="1">160</wcet>
            <maxpow number="0.5391819656600212"/>
            <maxpow number="0.5391819656600212"/>
            <fprob>0.0</fprob>
        </actor>
        <actor name="D0N6">
            <wcet number="0">10</wcet>
            <wcet number="1">20</wcet>
            <maxpow number="0.4857499660220499"/>
            <maxpow number="0.4857499660220499"/>
            <fprob>0.0</fprob>
        </actor>
        <actor name="D0N3">
            <wcet number="0">90</wcet>
            <wcet number="1">150</wcet>
            <maxpow number="0.2566867992712593"/>
            <maxpow number="0.2566867992712593"/>
            <fprob>0.0</fprob>
        </actor>
        <actor name="D0N35">
            <wcet number="0">20</wcet>
            <wcet number="1">20</wcet>
            <maxpow number="0.08332332195035141"/>
            <maxpow number="0.08332332195035141"/>
            <fprob>0.0</fprob>
        </actor>
        <actor name="D0N16">
            <wcet number="0">10</wcet>
            <wcet number="1">90</wcet>
            <maxpow number="0.506466601739981"/>
            <maxpow number="0.506466601739981"/>
            <fprob>0.0</fprob>
        </actor>
        <actor name="D0N29">
            <wcet number="0">40</wcet>
            <wcet number="1">60</wcet>
            <maxpow number="0.49701114334954355"/>
            <maxpow number="0.49701114334954355"/>
            <fprob>0.0</fprob>
        </actor>
        <actor name="D0N21">
            <wcet number="0">60</wcet>
            <wcet number="1">100</wcet>
            <maxpow number="0.32878253925638956"/>
            <maxpow number="0.32878253925638956"/>
            <fprob>0.0</fprob>
        </actor>
        <actor name="D0N32">
            <wcet number="0">10</wcet>
            <wcet number="1">10</wcet>
            <maxpow number="0.12859120102564714"/>
            <maxpow number="0.12859120102564714"/>
            <fprob>0.0</fprob>
        </actor>
        <actor name="D0N33">
            <wcet number="0">20</wcet>
            <wcet number="1">310</wcet>
            <maxpow number="0.2481993886418571"/>
            <maxpow number="0.2481993886418571"/>
            <fprob>0.0</fprob>
        </actor>
        <actor name="D0N37">
            <wcet number="0">10</wcet>
            <wcet number="1">40</wcet>
            <maxpow number="0.5007461817325497"/>
            <maxpow number="0.5007461817325497"/>
            <fprob>0.0</fprob>
        </actor>
        <actor name="D0N45">
            <wcet number="0">10</wcet>
            <wcet number="1">10</wcet>
            <maxpow number="0.7889015399624577"/>
            <maxpow number="0.7889015399624577"/>
            <fprob>0.0</fprob>
        </actor>
        <actor name="D0N30">
            <wcet number="0">20</wcet>
            <wcet number="1">80</wcet>
            <maxpow number="0.6997062506976273"/>
            <maxpow number="0.6997062506976273"/>
            <fprob>0.0</fprob>
        </actor>
        <actor name="D0N27">
            <wcet number="0">10</wcet>
            <wcet number="1">60</wcet>
            <maxpow number="0.6360017924261253"/>
            <maxpow number="0.6360017924261253"/>
            <fprob>0.0</fprob>
        </actor>
        <actor name="D0N9">
            <wcet number="0">90</wcet>
            <wcet number="1">110</wcet>
            <maxpow number="0.011208556090612443"/>
            <maxpow number="0.011208556090612443"/>
            <fprob>0.0</fprob>
        </actor>
        <actor name="D0N22">
            <wcet number="0">20</wcet>
            <wcet number="1">190</wcet>
            <maxpow number="0.6976349130480979"/>
            <maxpow number="0.6976349130480979"/>
            <fprob>0.0</fprob>
        </actor>
        <actor name="D0N40">
            <wcet number="0">80</wcet>
            <wcet number="1">130</wcet>
            <maxpow number="0.7903414452405333"/>
            <maxpow number="0.7903414452405333"/>
            <fprob>0.0</fprob>
        </actor>
        <actor name="D0N34">
            <wcet number="0">20</wcet>
            <wcet number="1">20</wcet>
            <maxpow number="0.7726521559975614"/>
            <maxpow number="0.7726521559975614"/>
            <fprob>0.0</fprob>
        </actor>
        <actor name="D0N44">
            <wcet number="0">60</wcet>
            <wcet number="1">70</wcet>
            <maxpow number="0.6329110867297894"/>
            <maxpow number="0.6329110867297894"/>
            <fprob>0.0</fprob>
        </actor>
        <actor name="D0N20">
            <wcet number="0">10</wcet>
            <wcet number="1">20</wcet>
            <maxpow number="0.5778935608448494"/>
            <maxpow number="0.5778935608448494"/>
            <fprob>0.0</fprob>
        </actor>
        <actor name="D0N23">
            <wcet number="0">10</wcet>
            <wcet number="1">10</wcet>
            <maxpow number="0.7600761737676558"/>
            <maxpow number="0.7600761737676558"/>
            <fprob>0.0</fprob>
        </actor>
        <actor name="D0N26">
            <wcet number="0">10</wcet>
            <wcet number="1">80</wcet>
            <maxpow number="0.7744973885172028"/>
            <maxpow number="0.7744973885172028"/>
            <fprob>0.0</fprob>
        </actor>
        <actor name="D0N14">
            <wcet number="0">40</wcet>
            <wcet number="1">40</wcet>
            <maxpow number="0.6510795824611041"/>
            <maxpow number="0.6510795824611041"/>
            <fprob>0.0</fprob>
        </actor>
        <actor name="D0N4">
            <wcet number="0">130</wcet>
            <wcet number="1">250</wcet>
            <maxpow number="0.19434850051510894"/>
            <maxpow number="0.19434850051510894"/>
            <fprob>0.0</fprob>
        </actor>
        <actor name="D0N41">
            <wcet number="0">10</wcet>
            <wcet number="1">30</wcet>
            <maxpow number="0.5711978121456588"/>
            <maxpow number="0.5711978121456588"/>
            <fprob>0.0</fprob>
        </actor>
        <actor name="D0N25">
            <wcet number="0">30</wcet>
            <wcet number="1">50</wcet>
            <maxpow number="0.5361918869637791"/>
            <maxpow number="0.5361918869637791"/>
            <fprob>0.0</fprob>
        </actor>
        <actor name="D0N11">
            <wcet number="0">30</wcet>
            <wcet number="1">30</wcet>
            <maxpow number="0.058548827921134416"/>
            <maxpow number="0.058548827921134416"/>
            <fprob>0.0</fprob>
        </actor>
        <actor name="D0N18">
            <wcet number="0">10</wcet>
            <wcet number="1">10</wcet>
            <maxpow number="0.7042939924339472"/>
            <maxpow number="0.7042939924339472"/>
            <fprob>0.0</fprob>
        </actor>
        <actor name="D0N46">
            <wcet number="0">90</wcet>
            <wcet number="1">180</wcet>
            <maxpow number="0.4861846610300117"/>
            <maxpow number="0.4861846610300117"/>
            <fprob>0.0</fprob>
        </actor>
        <actor name="D0N38">
            <wcet number="0">80</wcet>
            <wcet number="1">200</wcet>
            <maxpow number="0.5820513771156098"/>
            <maxpow number="0.5820513771156098"/>
            <fprob>0.0</fprob>
        </actor>
        <actor name="D0N12">
            <wcet number="0">20</wcet>
            <wcet number="1">80</wcet>
            <maxpow number="0.3574692209003102"/>
            <maxpow number="0.3574692209003102"/>
            <fprob>0.0</fprob>
        </actor>
        <actor name="D0N39">
            <wcet number="0">10</wcet>
            <wcet number="1">30</wcet>
            <maxpow number="0.39872309293673136"/>
            <maxpow number="0.39872309293673136"/>
            <fprob>0.0</fprob>
        </actor>
        <actor name="D0N49">
            <wcet number="0">10</wcet>
            <wcet number="1">30</wcet>
            <maxpow number="0.4496170206403489"/>
            <maxpow number="0.4496170206403489"/>
            <fprob>0.0</fprob>
        </actor>
        <actor name="D0N28">
            <wcet number="0">10</wcet>
            <wcet number="1">10</wcet>
            <maxpow number="0.6512426350039835"/>
            <maxpow number="0.6512426350039835"/>
            <fprob>0.0</fprob>
        </actor>
        <actor name="D0N24">
            <wcet number="0">50</wcet>
            <wcet number="1">80</wcet>
            <maxpow number="0.3240562529481882"/>
            <maxpow number="0.3240562529481882"/>
            <fprob>0.0</fprob>
        </actor>
        <actor name="D0N19">
            <wcet number="0">20</wcet>
            <wcet number="1">20</wcet>
            <maxpow number="0.9071000703650327"/>
            <maxpow number="0.9071000703650327"/>
            <fprob>0.0</fprob>
        </actor>
        <actor name="D0N5">
            <wcet number="0">190</wcet>
            <wcet number="1">230</wcet>
            <maxpow number="0.5745695106352973"/>
            <maxpow number="0.5745695106352973"/>
            <fprob>0.0</fprob>
        </actor>
        <actor name="D0N36">
            <wcet number="0">10</wcet>
            <wcet number="1">60</wcet>
            <maxpow number="0.580288490074794"/>
            <maxpow number="0.580288490074794"/>
            <fprob>0.0</fprob>
        </actor>
        <actor name="D0N10">
            <wcet number="0">20</wcet>
            <wcet number="1">40</wcet>
            <maxpow number="0.46012690489808433"/>
            <maxpow number="0.46012690489808433"/>
            <fprob>0.0</fprob>
        </actor>
        <actor name="D0N7">
            <wcet number="0">60</wcet>
            <wcet number="1">70</wcet>
            <maxpow number="0.45335047234767584"/>
            <maxpow number="0.45335047234767584"/>
            <fprob>0.0</fprob>
        </actor>
        <actor name="D0N48">
            <wcet number="0">50</wcet>
            <wcet number="1">60</wcet>
            <maxpow number="0.6773429812756244"/>
            <maxpow number="0.6773429812756244"/>
            <fprob>0.0</fprob>
        </actor>
        <actor name="D0N31">
            <wcet number="0">30</wcet>
            <wcet number="1">30</wcet>
            <maxpow number="0.4788856109477633"/>
            <maxpow number="0.4788856109477633"/>
            <fprob>0.0</fprob>
        </actor>
        <actor name="D0N13">
            <wcet number="0">70</wcet>
            <wcet number="1">80</wcet>
            <maxpow number="0.7965898961421238"/>
            <maxpow number="0.7965898961421238"/>
            <fprob>0.0</fprob>
        </actor>
        <actor name="D0N43">
            <wcet number="0">10</wcet>
            <wcet number="1">60</wcet>
            <maxpow number="0.6295936814426034"/>
            <maxpow number="0.6295936814426034"/>
            <fprob>0.0</fprob>
        </actor>
        <actor name="D0N2">
            <wcet number="0">10</wcet>
            <wcet number="1">30</wcet>
            <maxpow number="0.5736569660270122"/>
            <maxpow number="0.5736569660270122"/>
            <fprob>0.0</fprob>
        </actor>
        <actor name="D0N8">
            <wcet number="0">20</wcet>
            <wcet number="1">30</wcet>
            <maxpow number="0.42461196972503545"/>
            <maxpow number="0.42461196972503545"/>
            <fprob>0.0</fprob>
        </actor>
        <actor name="D0N17">
            <wcet number="0">20</wcet>
            <wcet number="1">90</wcet>
            <maxpow number="0.5204429500665363"/>
            <maxpow number="0.5204429500665363"/>
            <fprob>0.0</fprob>
        </actor>
        <actor name="D0N0">
            <wcet number="0">50</wcet>
            <wcet number="1">50</wcet>
            <maxpow number="0.6125048953340718"/>
            <maxpow number="0.6125048953340718"/>
            <fprob>0.0</fprob>
        </actor>
        <actor name="D0N42">
            <wcet number="0">150</wcet>
            <wcet number="1">170</wcet>
            <maxpow number="0.5986520510946272"/>
            <maxpow number="0.5986520510946272"/>
            <fprob>0.0</fprob>
        </actor>
        <ports>
            <port dstActor="D0N30" name="p0" srcActor="D0N15"/>
            <port dstActor="D0N24" name="p1" srcActor="D0N15"/>
            <port dstActor="D0N33" name="p2" srcActor="D0N15"/>
            <port dstActor="D0N17" name="p3" srcActor="D0N15"/>
            <port dstActor="D0N29" name="p4" srcActor="D0N15"/>
            <port dstActor="D0N37" name="p5" srcActor="D0N15"/>
            <port dstActor="D0N7" name="p6" srcActor="D0N1"/>
            <port dstActor="D0N32" name="p7" srcActor="D0N1"/>
            <port dstActor="D0N45" name="p8" srcActor="D0N1"/>
            <port dstActor="D0N23" name="p9" srcActor="D0N1"/>
            <port dstActor="D0N33" name="p10" srcActor="D0N1"/>
            <port dstActor="D0N20" name="p11" srcActor="D0N1"/>
            <port dstActor="D0N42" name="p12" srcActor="D0N6"/>
            <port dstActor="D0N49" name="p13" srcActor="D0N6"/>
            <port dstActor="D0N7" name="p14" srcActor="D0N6"/>
            <port dstActor="D0N22" name="p15" srcActor="D0N3"/>
            <port dstActor="D0N5" name="p16" srcActor="D0N3"/>
            <port dstActor="D0N28" name="p17" srcActor="D0N3"/>
            <port dstActor="D0N40" name="p18" srcActor="D0N3"/>
            <port dstActor="D0N26" name="p19" srcActor="D0N3"/>
            <port dstActor="D0N44" name="p20" srcActor="D0N35"/>
            <port dstActor="D0N47" name="p21" srcActor="D0N16"/>
            <port dstActor="D0N35" name="p22" srcActor="D0N16"/>
            <port dstActor="D0N31" name="p23" srcActor="D0N16"/>
            <port dstActor="D0N28" name="p24" srcActor="D0N16"/>
            <port dstActor="D0N34" name="p25" srcActor="D0N29"/>
            <port dstActor="D0N36" name="p26" srcActor="D0N29"/>
            <port dstActor="D0N37" name="p27" srcActor="D0N29"/>
            <port dstActor="D0N47" name="p28" srcActor="D0N21"/>
            <port dstActor="D0N48" name="p29" srcActor="D0N21"/>
            <port dstActor="D0N42" name="p30" srcActor="D0N32"/>
            <port dstActor="D0N49" name="p31" srcActor="D0N32"/>
            <port dstActor="D0N36" name="p32" srcActor="D0N32"/>
            <port dstActor="D0N45" name="p33" srcActor="D0N33"/>
            <port dstActor="D0N39" name="p34" srcActor="D0N37"/>
            <port dstActor="D0N47" name="p35" srcActor="D0N45"/>
            <port dstActor="D0N34" name="p36" srcActor="D0N30"/>
            <port dstActor="D0N32" name="p37" srcActor="D0N30"/>
            <port dstActor="D0N49" name="p38" srcActor="D0N30"/>
            <port dstActor="D0N43" name="p39" srcActor="D0N30"/>
            <port dstActor="D0N37" name="p40" srcActor="D0N27"/>
            <port dstActor="D0N41" name="p41" srcActor="D0N27"/>
            <port dstActor="D0N28" name="p42" srcActor="D0N27"/>
            <port dstActor="D0N28" name="p43" srcActor="D0N9"/>
            <port dstActor="D0N45" name="p44" srcActor="D0N9"/>
            <port dstActor="D0N13" name="p45" srcActor="D0N9"/>
            <port dstActor="D0N46" name="p46" srcActor="D0N22"/>
            <port dstActor="D0N23" name="p47" srcActor="D0N22"/>
            <port dstActor="D0N49" name="p48" srcActor="D0N40"/>
            <port dstActor="D0N40" name="p49" srcActor="D0N34"/>
            <port dstActor="D0N46" name="p50" srcActor="D0N34"/>
            <port dstActor="D0N45" name="p51" srcActor="D0N34"/>
            <port dstActor="D0N44" name="p52" srcActor="D0N34"/>
            <port dstActor="D0N45" name="p53" srcActor="D0N44"/>
            <port dstActor="D0N33" name="p54" srcActor="D0N20"/>
            <port dstActor="D0N30" name="p55" srcActor="D0N20"/>
            <port dstActor="D0N28" name="p56" srcActor="D0N20"/>
            <port dstActor="D0N35" name="p57" srcActor="D0N23"/>
            <port dstActor="D0N30" name="p58" srcActor="D0N23"/>
            <port dstActor="D0N28" name="p59" srcActor="D0N23"/>
            <port dstActor="D0N25" name="p60" srcActor="D0N23"/>
            <port dstActor="D0N35" name="p61" srcActor="D0N26"/>
            <port dstActor="D0N34" name="p62" srcActor="D0N26"/>
            <port dstActor="D0N31" name="p63" srcActor="D0N26"/>
            <port dstActor="D0N48" name="p64" srcActor="D0N14"/>
            <port dstActor="D0N24" name="p65" srcActor="D0N14"/>
            <port dstActor="D0N43" name="p66" srcActor="D0N14"/>
            <port dstActor="D0N40" name="p67" srcActor="D0N14"/>
            <port dstActor="D0N48" name="p68" srcActor="D0N4"/>
            <port dstActor="D0N24" name="p69" srcActor="D0N4"/>
            <port dstActor="D0N36" name="p70" srcActor="D0N4"/>
            <port dstActor="D0N44" name="p71" srcActor="D0N41"/>
            <port dstActor="D0N48" name="p72" srcActor="D0N25"/>
            <port dstActor="D0N27" name="p73" srcActor="D0N25"/>
            <port dstActor="D0N47" name="p74" srcActor="D0N25"/>
            <port dstActor="D0N36" name="p75" srcActor="D0N11"/>
            <port dstActor="D0N34" name="p76" srcActor="D0N11"/>
            <port dstActor="D0N24" name="p77" srcActor="D0N11"/>
            <port dstActor="D0N31" name="p78" srcActor="D0N11"/>
            <port dstActor="D0N17" name="p79" srcActor="D0N11"/>
            <port dstActor="D0N40" name="p80" srcActor="D0N11"/>
            <port dstActor="D0N32" name="p81" srcActor="D0N18"/>
            <port dstActor="D0N47" name="p82" srcActor="D0N18"/>
            <port dstActor="D0N42" name="p83" srcActor="D0N18"/>
            <port dstActor="D0N46" name="p84" srcActor="D0N18"/>
            <port dstActor="D0N39" name="p85" srcActor="D0N38"/>
            <port dstActor="D0N44" name="p86" srcActor="D0N38"/>
            <port dstActor="D0N38" name="p87" srcActor="D0N12"/>
            <port dstActor="D0N32" name="p88" srcActor="D0N12"/>
            <port dstActor="D0N41" name="p89" srcActor="D0N39"/>
            <port dstActor="D0N37" name="p90" srcActor="D0N28"/>
            <port dstActor="D0N39" name="p91" srcActor="D0N24"/>
            <port dstActor="D0N35" name="p92" srcActor="D0N24"/>
            <port dstActor="D0N33" name="p93" srcActor="D0N24"/>
            <port dstActor="D0N42" name="p94" srcActor="D0N24"/>
            <port dstActor="D0N47" name="p95" srcActor="D0N24"/>
            <port dstActor="D0N44" name="p96" srcActor="D0N24"/>
            <port dstActor="D0N48" name="p97" srcActor="D0N19"/>
            <port dstActor="D0N41" name="p98" srcActor="D0N19"/>
            <port dstActor="D0N37" name="p99" srcActor="D0N19"/>
            <port dstActor="D0N18" name="p100" srcActor="D0N5"/>
            <port dstActor="D0N46" name="p101" srcActor="D0N5"/>
            <port dstActor="D0N30" name="p102" srcActor="D0N5"/>
            <port dstActor="D0N41" name="p103" srcActor="D0N5"/>
            <port dstActor="D0N38" name="p104" srcActor="D0N36"/>
            <port dstActor="D0N17" name="p105" srcActor="D0N10"/>
            <port dstActor="D0N45" name="p106" srcActor="D0N10"/>
            <port dstActor="D0N17" name="p107" srcActor="D0N7"/>
            <port dstActor="D0N32" name="p108" srcActor="D0N7"/>
            <port dstActor="D0N42" name="p109" srcActor="D0N31"/>
            <port dstActor="D0N49" name="p110" srcActor="D0N31"/>
            <port dstActor="D0N43" name="p111" srcActor="D0N31"/>
            <port dstActor="D0N22" name="p112" srcActor="D0N13"/>
            <port dstActor="D0N36" name="p113" srcActor="D0N13"/>
            <port dstActor="D0N29" name="p114" srcActor="D0N2"/>
            <port dstActor="D0N4" name="p115" srcActor="D0N2"/>
            <port dstActor="D0N35" name="p116" srcActor="D0N2"/>
            <port dstActor="D0N12" name="p117" srcActor="D0N2"/>
            <port dstActor="D0N40" name="p118" srcActor="D0N8"/>
            <port dstActor="D0N11" name="p119" srcActor="D0N8"/>
            <port dstActor="D0N36" name="p120" srcActor="D0N8"/>
            <port dstActor="D0N47" name="p121" srcActor="D0N8"/>
            <port dstActor="D0N10" name="p122" srcActor="D0N8"/>
            <port dstActor="D0N20" name="p123" srcActor="D0N8"/>
            <port dstActor="D0N38" name="p124" srcActor="D0N8"/>
            <port dstActor="D0N48" name="p125" srcActor="D0N17"/>
            <port dstActor="D0N43" name="p126" srcActor="D0N17"/>
            <port dstActor="D0N39" name="p127" srcActor="D0N17"/>
            <port dstActor="D0N23" name="p128" srcActor="D0N0"/>
            <port dstActor="D0N10" name="p129" srcActor="D0N0"/>
            <port dstActor="D0N7" name="p130" srcActor="D0N0"/>
            <port dstActor="D0N49" name="p131" srcActor="D0N42"/>
        </ports>
    </mcdag>
    <cores number="3"/>
    <levels number="2"/>
</mcsystem>
