<?xml version="1.0" encoding="UTF-8" standalone="no"?>
<mcsystem>
    <mcdag deadline="2200" name="genned-0-ed-10.0-0">
        <actor name="D0N14">
            <wcet number="0">60</wcet>
            <wcet number="1">190</wcet>
            <maxpow number="0.39825860431064974"/>
            <maxpow number="0.39825860431064974"/>
            <fprob>0.0</fprob>
        </actor>
        <actor name="D0N7">
            <wcet number="0">20</wcet>
            <wcet number="1">20</wcet>
            <maxpow number="0.6507145735465728"/>
            <maxpow number="0.6507145735465728"/>
            <fprob>0.0</fprob>
        </actor>
        <actor name="D0N29">
            <wcet number="0">10</wcet>
            <wcet number="1">20</wcet>
            <maxpow number="0.7566123952790516"/>
            <maxpow number="0.7566123952790516"/>
            <fprob>0.0</fprob>
        </actor>
        <actor name="D0N11">
            <wcet number="0">40</wcet>
            <wcet number="1">90</wcet>
            <maxpow number="0.6343622751435241"/>
            <maxpow number="0.6343622751435241"/>
            <fprob>0.0</fprob>
        </actor>
        <actor name="D0N26">
            <wcet number="0">220</wcet>
            <wcet number="1">220</wcet>
            <maxpow number="0.3273229937312334"/>
            <maxpow number="0.3273229937312334"/>
            <fprob>0.0</fprob>
        </actor>
        <actor name="D0N24">
            <wcet number="0">10</wcet>
            <wcet number="1">10</wcet>
            <maxpow number="0.7244755950521653"/>
            <maxpow number="0.7244755950521653"/>
            <fprob>0.0</fprob>
        </actor>
        <actor name="D0N28">
            <wcet number="0">40</wcet>
            <wcet number="1">270</wcet>
            <maxpow number="0.622475335947394"/>
            <maxpow number="0.622475335947394"/>
            <fprob>0.0</fprob>
        </actor>
        <actor name="D0N16">
            <wcet number="0">70</wcet>
            <wcet number="1">100</wcet>
            <maxpow number="0.5610226265325045"/>
            <maxpow number="0.5610226265325045"/>
            <fprob>0.0</fprob>
        </actor>
        <actor name="D0N25">
            <wcet number="0">10</wcet>
            <wcet number="1">10</wcet>
            <maxpow number="0.7085638453973854"/>
            <maxpow number="0.7085638453973854"/>
            <fprob>0.0</fprob>
        </actor>
        <actor name="D0N15">
            <wcet number="0">70</wcet>
            <wcet number="1">150</wcet>
            <maxpow number="0.6190758946247101"/>
            <maxpow number="0.6190758946247101"/>
            <fprob>0.0</fprob>
        </actor>
        <actor name="D0N4">
            <wcet number="0">10</wcet>
            <wcet number="1">20</wcet>
            <maxpow number="0.4801093264456613"/>
            <maxpow number="0.4801093264456613"/>
            <fprob>0.0</fprob>
        </actor>
        <actor name="D0N30">
            <wcet number="0">20</wcet>
            <wcet number="1">30</wcet>
            <maxpow number="0.3120702082286025"/>
            <maxpow number="0.3120702082286025"/>
            <fprob>0.0</fprob>
        </actor>
        <actor name="D0N20">
            <wcet number="0">50</wcet>
            <wcet number="1">160</wcet>
            <maxpow number="0.5402746317967004"/>
            <maxpow number="0.5402746317967004"/>
            <fprob>0.0</fprob>
        </actor>
        <actor name="D0N18">
            <wcet number="0">20</wcet>
            <wcet number="1">20</wcet>
            <maxpow number="0.4750828591953408"/>
            <maxpow number="0.4750828591953408"/>
            <fprob>0.0</fprob>
        </actor>
        <actor name="D0N27">
            <wcet number="0">60</wcet>
            <wcet number="1">70</wcet>
            <maxpow number="0.7474811763334253"/>
            <maxpow number="0.7474811763334253"/>
            <fprob>0.0</fprob>
        </actor>
        <actor name="D0N35">
            <wcet number="0">30</wcet>
            <wcet number="1">80</wcet>
            <maxpow number="0.49975525365708345"/>
            <maxpow number="0.49975525365708345"/>
            <fprob>0.0</fprob>
        </actor>
        <actor name="D0N2">
            <wcet number="0">60</wcet>
            <wcet number="1">140</wcet>
            <maxpow number="0.7628106502768615"/>
            <maxpow number="0.7628106502768615"/>
            <fprob>0.0</fprob>
        </actor>
        <actor name="D0N5">
            <wcet number="0">20</wcet>
            <wcet number="1">70</wcet>
            <maxpow number="0.439379140320219"/>
            <maxpow number="0.439379140320219"/>
            <fprob>0.0</fprob>
        </actor>
        <actor name="D0N8">
            <wcet number="0">120</wcet>
            <wcet number="1">260</wcet>
            <maxpow number="0.41343111031959917"/>
            <maxpow number="0.41343111031959917"/>
            <fprob>0.0</fprob>
        </actor>
        <actor name="D0N38">
            <wcet number="0">20</wcet>
            <wcet number="1">40</wcet>
            <maxpow number="0.8661027861047199"/>
            <maxpow number="0.8661027861047199"/>
            <fprob>0.0</fprob>
        </actor>
        <actor name="D0N37">
            <wcet number="0">40</wcet>
            <wcet number="1">50</wcet>
            <maxpow number="0.7248492625379069"/>
            <maxpow number="0.7248492625379069"/>
            <fprob>0.0</fprob>
        </actor>
        <actor name="D0N42">
            <wcet number="0">10</wcet>
            <wcet number="1">10</wcet>
            <maxpow number="0.5504376821091345"/>
            <maxpow number="0.5504376821091345"/>
            <fprob>0.0</fprob>
        </actor>
        <actor name="D0N43">
            <wcet number="0">10</wcet>
            <wcet number="1">20</wcet>
            <maxpow number="0.526041286788616"/>
            <maxpow number="0.526041286788616"/>
            <fprob>0.0</fprob>
        </actor>
        <actor name="D0N1">
            <wcet number="0">130</wcet>
            <wcet number="1">240</wcet>
            <maxpow number="0.8271059241398613"/>
            <maxpow number="0.8271059241398613"/>
            <fprob>0.0</fprob>
        </actor>
        <actor name="D0N22">
            <wcet number="0">270</wcet>
            <wcet number="1">280</wcet>
            <maxpow number="0.37548340117497925"/>
            <maxpow number="0.37548340117497925"/>
            <fprob>0.0</fprob>
        </actor>
        <actor name="D0N9">
            <wcet number="0">10</wcet>
            <wcet number="1">30</wcet>
            <maxpow number="0.41423068985576383"/>
            <maxpow number="0.41423068985576383"/>
            <fprob>0.0</fprob>
        </actor>
        <actor name="D0N0">
            <wcet number="0">10</wcet>
            <wcet number="1">50</wcet>
            <maxpow number="0.7701819442540456"/>
            <maxpow number="0.7701819442540456"/>
            <fprob>0.0</fprob>
        </actor>
        <actor name="D0N6">
            <wcet number="0">110</wcet>
            <wcet number="1">140</wcet>
            <maxpow number="0.6427276499633632"/>
            <maxpow number="0.6427276499633632"/>
            <fprob>0.0</fprob>
        </actor>
        <actor name="D0N21">
            <wcet number="0">30</wcet>
            <wcet number="1">50</wcet>
            <maxpow number="0.678705274332709"/>
            <maxpow number="0.678705274332709"/>
            <fprob>0.0</fprob>
        </actor>
        <actor name="D0N36">
            <wcet number="0">50</wcet>
            <wcet number="1">250</wcet>
            <maxpow number="0.5136938029835048"/>
            <maxpow number="0.5136938029835048"/>
            <fprob>0.0</fprob>
        </actor>
        <actor name="D0N10">
            <wcet number="0">20</wcet>
            <wcet number="1">50</wcet>
            <maxpow number="0.44106635117198034"/>
            <maxpow number="0.44106635117198034"/>
            <fprob>0.0</fprob>
        </actor>
        <actor name="D0N17">
            <wcet number="0">140</wcet>
            <wcet number="1">170</wcet>
            <maxpow number="0.7246108340891715"/>
            <maxpow number="0.7246108340891715"/>
            <fprob>0.0</fprob>
        </actor>
        <actor name="D0N40">
            <wcet number="0">100</wcet>
            <wcet number="1">120</wcet>
            <maxpow number="0.11086776256006647"/>
            <maxpow number="0.11086776256006647"/>
            <fprob>0.0</fprob>
        </actor>
        <actor name="D0N45">
            <wcet number="0">60</wcet>
            <wcet number="1">160</wcet>
            <maxpow number="0.72829023536446"/>
            <maxpow number="0.72829023536446"/>
            <fprob>0.0</fprob>
        </actor>
        <actor name="D0N3">
            <wcet number="0">10</wcet>
            <wcet number="1">50</wcet>
            <maxpow number="0.3520637110490209"/>
            <maxpow number="0.3520637110490209"/>
            <fprob>0.0</fprob>
        </actor>
        <actor name="D0N13">
            <wcet number="0">20</wcet>
            <wcet number="1">40</wcet>
            <maxpow number="0.3203682533610367"/>
            <maxpow number="0.3203682533610367"/>
            <fprob>0.0</fprob>
        </actor>
        <actor name="D0N19">
            <wcet number="0">20</wcet>
            <wcet number="1">20</wcet>
            <maxpow number="0.6634628117938892"/>
            <maxpow number="0.6634628117938892"/>
            <fprob>0.0</fprob>
        </actor>
        <actor name="D0N32">
            <wcet number="0">30</wcet>
            <wcet number="1">150</wcet>
            <maxpow number="0.5775156039946902"/>
            <maxpow number="0.5775156039946902"/>
            <fprob>0.0</fprob>
        </actor>
        <actor name="D0N46">
            <wcet number="0">40</wcet>
            <wcet number="1">130</wcet>
            <maxpow number="0.6206716025935005"/>
            <maxpow number="0.6206716025935005"/>
            <fprob>0.0</fprob>
        </actor>
        <actor name="D0N12">
            <wcet number="0">20</wcet>
            <wcet number="1">30</wcet>
            <maxpow number="0.3547294763220201"/>
            <maxpow number="0.3547294763220201"/>
            <fprob>0.0</fprob>
        </actor>
        <actor name="D0N31">
            <wcet number="0">10</wcet>
            <wcet number="1">10</wcet>
            <maxpow number="0.4946419920441233"/>
            <maxpow number="0.4946419920441233"/>
            <fprob>0.0</fprob>
        </actor>
        <actor name="D0N33">
            <wcet number="0">30</wcet>
            <wcet number="1">170</wcet>
            <maxpow number="0.6364726944027371"/>
            <maxpow number="0.6364726944027371"/>
            <fprob>0.0</fprob>
        </actor>
        <actor name="D0N34">
            <wcet number="0">10</wcet>
            <wcet number="1">40</wcet>
            <maxpow number="0.5880130092634801"/>
            <maxpow number="0.5880130092634801"/>
            <fprob>0.0</fprob>
        </actor>
        <actor name="D0N41">
            <wcet number="0">150</wcet>
            <wcet number="1">210</wcet>
            <maxpow number="0.5900218428133316"/>
            <maxpow number="0.5900218428133316"/>
            <fprob>0.0</fprob>
        </actor>
        <actor name="D0N39">
            <wcet number="0">20</wcet>
            <wcet number="1">20</wcet>
            <maxpow number="0.4346401579065035"/>
            <maxpow number="0.4346401579065035"/>
            <fprob>0.0</fprob>
        </actor>
        <actor name="D0N44">
            <wcet number="0">30</wcet>
            <wcet number="1">90</wcet>
            <maxpow number="0.7046176800427874"/>
            <maxpow number="0.7046176800427874"/>
            <fprob>0.0</fprob>
        </actor>
        <actor name="D0N23">
            <wcet number="0">10</wcet>
            <wcet number="1">70</wcet>
            <maxpow number="0.5312808796012343"/>
            <maxpow number="0.5312808796012343"/>
            <fprob>0.0</fprob>
        </actor>
        <ports>
            <port dstActor="D0N25" name="p0" srcActor="D0N14"/>
            <port dstActor="D0N20" name="p1" srcActor="D0N14"/>
            <port dstActor="D0N42" name="p2" srcActor="D0N14"/>
            <port dstActor="D0N22" name="p3" srcActor="D0N7"/>
            <port dstActor="D0N44" name="p4" srcActor="D0N7"/>
            <port dstActor="D0N24" name="p5" srcActor="D0N7"/>
            <port dstActor="D0N28" name="p6" srcActor="D0N7"/>
            <port dstActor="D0N21" name="p7" srcActor="D0N7"/>
            <port dstActor="D0N30" name="p8" srcActor="D0N7"/>
            <port dstActor="D0N9" name="p9" srcActor="D0N7"/>
            <port dstActor="D0N39" name="p10" srcActor="D0N29"/>
            <port dstActor="D0N39" name="p11" srcActor="D0N11"/>
            <port dstActor="D0N36" name="p12" srcActor="D0N11"/>
            <port dstActor="D0N24" name="p13" srcActor="D0N11"/>
            <port dstActor="D0N45" name="p14" srcActor="D0N11"/>
            <port dstActor="D0N32" name="p15" srcActor="D0N26"/>
            <port dstActor="D0N45" name="p16" srcActor="D0N26"/>
            <port dstActor="D0N31" name="p17" srcActor="D0N24"/>
            <port dstActor="D0N38" name="p18" srcActor="D0N28"/>
            <port dstActor="D0N36" name="p19" srcActor="D0N28"/>
            <port dstActor="D0N45" name="p20" srcActor="D0N16"/>
            <port dstActor="D0N27" name="p21" srcActor="D0N16"/>
            <port dstActor="D0N37" name="p22" srcActor="D0N15"/>
            <port dstActor="D0N23" name="p23" srcActor="D0N4"/>
            <port dstActor="D0N24" name="p24" srcActor="D0N4"/>
            <port dstActor="D0N29" name="p25" srcActor="D0N4"/>
            <port dstActor="D0N43" name="p26" srcActor="D0N30"/>
            <port dstActor="D0N41" name="p27" srcActor="D0N30"/>
            <port dstActor="D0N35" name="p28" srcActor="D0N30"/>
            <port dstActor="D0N33" name="p29" srcActor="D0N20"/>
            <port dstActor="D0N40" name="p30" srcActor="D0N20"/>
            <port dstActor="D0N26" name="p31" srcActor="D0N20"/>
            <port dstActor="D0N28" name="p32" srcActor="D0N20"/>
            <port dstActor="D0N39" name="p33" srcActor="D0N18"/>
            <port dstActor="D0N38" name="p34" srcActor="D0N18"/>
            <port dstActor="D0N40" name="p35" srcActor="D0N18"/>
            <port dstActor="D0N28" name="p36" srcActor="D0N27"/>
            <port dstActor="D0N43" name="p37" srcActor="D0N27"/>
            <port dstActor="D0N35" name="p38" srcActor="D0N2"/>
            <port dstActor="D0N42" name="p39" srcActor="D0N2"/>
            <port dstActor="D0N37" name="p40" srcActor="D0N2"/>
            <port dstActor="D0N18" name="p41" srcActor="D0N2"/>
            <port dstActor="D0N7" name="p42" srcActor="D0N2"/>
            <port dstActor="D0N43" name="p43" srcActor="D0N2"/>
            <port dstActor="D0N14" name="p44" srcActor="D0N2"/>
            <port dstActor="D0N20" name="p45" srcActor="D0N5"/>
            <port dstActor="D0N6" name="p46" srcActor="D0N5"/>
            <port dstActor="D0N29" name="p47" srcActor="D0N8"/>
            <port dstActor="D0N9" name="p48" srcActor="D0N8"/>
            <port dstActor="D0N23" name="p49" srcActor="D0N8"/>
            <port dstActor="D0N40" name="p50" srcActor="D0N8"/>
            <port dstActor="D0N38" name="p51" srcActor="D0N8"/>
            <port dstActor="D0N30" name="p52" srcActor="D0N8"/>
            <port dstActor="D0N22" name="p53" srcActor="D0N8"/>
            <port dstActor="D0N43" name="p54" srcActor="D0N37"/>
            <port dstActor="D0N6" name="p55" srcActor="D0N1"/>
            <port dstActor="D0N13" name="p56" srcActor="D0N1"/>
            <port dstActor="D0N33" name="p57" srcActor="D0N1"/>
            <port dstActor="D0N39" name="p58" srcActor="D0N1"/>
            <port dstActor="D0N24" name="p59" srcActor="D0N9"/>
            <port dstActor="D0N39" name="p60" srcActor="D0N9"/>
            <port dstActor="D0N29" name="p61" srcActor="D0N9"/>
            <port dstActor="D0N41" name="p62" srcActor="D0N9"/>
            <port dstActor="D0N19" name="p63" srcActor="D0N0"/>
            <port dstActor="D0N21" name="p64" srcActor="D0N0"/>
            <port dstActor="D0N33" name="p65" srcActor="D0N0"/>
            <port dstActor="D0N28" name="p66" srcActor="D0N0"/>
            <port dstActor="D0N1" name="p67" srcActor="D0N0"/>
            <port dstActor="D0N15" name="p68" srcActor="D0N0"/>
            <port dstActor="D0N44" name="p69" srcActor="D0N0"/>
            <port dstActor="D0N29" name="p70" srcActor="D0N0"/>
            <port dstActor="D0N37" name="p71" srcActor="D0N0"/>
            <port dstActor="D0N19" name="p72" srcActor="D0N6"/>
            <port dstActor="D0N21" name="p73" srcActor="D0N6"/>
            <port dstActor="D0N44" name="p74" srcActor="D0N21"/>
            <port dstActor="D0N26" name="p75" srcActor="D0N21"/>
            <port dstActor="D0N40" name="p76" srcActor="D0N36"/>
            <port dstActor="D0N39" name="p77" srcActor="D0N36"/>
            <port dstActor="D0N42" name="p78" srcActor="D0N36"/>
            <port dstActor="D0N41" name="p79" srcActor="D0N10"/>
            <port dstActor="D0N25" name="p80" srcActor="D0N10"/>
            <port dstActor="D0N29" name="p81" srcActor="D0N10"/>
            <port dstActor="D0N33" name="p82" srcActor="D0N10"/>
            <port dstActor="D0N36" name="p83" srcActor="D0N17"/>
            <port dstActor="D0N42" name="p84" srcActor="D0N17"/>
            <port dstActor="D0N46" name="p85" srcActor="D0N40"/>
            <port dstActor="D0N8" name="p86" srcActor="D0N3"/>
            <port dstActor="D0N42" name="p87" srcActor="D0N13"/>
            <port dstActor="D0N16" name="p88" srcActor="D0N13"/>
            <port dstActor="D0N22" name="p89" srcActor="D0N19"/>
            <port dstActor="D0N21" name="p90" srcActor="D0N19"/>
            <port dstActor="D0N45" name="p91" srcActor="D0N19"/>
            <port dstActor="D0N36" name="p92" srcActor="D0N32"/>
            <port dstActor="D0N34" name="p93" srcActor="D0N32"/>
            <port dstActor="D0N40" name="p94" srcActor="D0N12"/>
            <port dstActor="D0N25" name="p95" srcActor="D0N12"/>
            <port dstActor="D0N22" name="p96" srcActor="D0N12"/>
            <port dstActor="D0N24" name="p97" srcActor="D0N12"/>
            <port dstActor="D0N42" name="p98" srcActor="D0N12"/>
            <port dstActor="D0N18" name="p99" srcActor="D0N12"/>
            <port dstActor="D0N27" name="p100" srcActor="D0N12"/>
            <port dstActor="D0N32" name="p101" srcActor="D0N31"/>
            <port dstActor="D0N39" name="p102" srcActor="D0N31"/>
            <port dstActor="D0N41" name="p103" srcActor="D0N33"/>
            <port dstActor="D0N44" name="p104" srcActor="D0N41"/>
            <port dstActor="D0N42" name="p105" srcActor="D0N39"/>
            <port dstActor="D0N45" name="p106" srcActor="D0N39"/>
            <port dstActor="D0N25" name="p107" srcActor="D0N23"/>
        </ports>
    </mcdag>
    <cores number="3"/>
    <levels number="2"/>
</mcsystem>
