<?xml version="1.0" encoding="UTF-8" standalone="no"?>
<mcsystem>
    <mcdag deadline="4000" name="genned-0-ed-10.0-0">
        <actor name="D0N42">
            <wcet number="0">40</wcet>
            <wcet number="1">50</wcet>
            <maxpow number="0.4339075654994605"/>
            <maxpow number="0.4339075654994605"/>
            <fprob>0.0</fprob>
        </actor>
        <actor name="D0N14">
            <wcet number="0">30</wcet>
            <wcet number="1">90</wcet>
            <maxpow number="0.39407776096917796"/>
            <maxpow number="0.39407776096917796"/>
            <fprob>0.0</fprob>
        </actor>
        <actor name="D0N26">
            <wcet number="0">70</wcet>
            <wcet number="1">280</wcet>
            <maxpow number="0.3142292522069113"/>
            <maxpow number="0.3142292522069113"/>
            <fprob>0.0</fprob>
        </actor>
        <actor name="D0N30">
            <wcet number="0">50</wcet>
            <wcet number="1">230</wcet>
            <maxpow number="0.4422131296831748"/>
            <maxpow number="0.4422131296831748"/>
            <fprob>0.0</fprob>
        </actor>
        <actor name="D0N27">
            <wcet number="0">10</wcet>
            <wcet number="1">10</wcet>
            <maxpow number="0.40357272349212625"/>
            <maxpow number="0.40357272349212625"/>
            <fprob>0.0</fprob>
        </actor>
        <actor name="D0N18">
            <wcet number="0">50</wcet>
            <wcet number="1">60</wcet>
            <maxpow number="0.24063777509829815"/>
            <maxpow number="0.24063777509829815"/>
            <fprob>0.0</fprob>
        </actor>
        <actor name="D0N11">
            <wcet number="0">40</wcet>
            <wcet number="1">40</wcet>
            <maxpow number="0.6341055638079586"/>
            <maxpow number="0.6341055638079586"/>
            <fprob>0.0</fprob>
        </actor>
        <actor name="D0N8">
            <wcet number="0">50</wcet>
            <wcet number="1">70</wcet>
            <maxpow number="0.6296555375720378"/>
            <maxpow number="0.6296555375720378"/>
            <fprob>0.0</fprob>
        </actor>
        <actor name="D0N33">
            <wcet number="0">120</wcet>
            <wcet number="1">170</wcet>
            <maxpow number="0.7788565754860827"/>
            <maxpow number="0.7788565754860827"/>
            <fprob>0.0</fprob>
        </actor>
        <actor name="D0N23">
            <wcet number="0">10</wcet>
            <wcet number="1">30</wcet>
            <maxpow number="0.7259516369515722"/>
            <maxpow number="0.7259516369515722"/>
            <fprob>0.0</fprob>
        </actor>
        <actor name="D0N21">
            <wcet number="0">50</wcet>
            <wcet number="1">100</wcet>
            <maxpow number="0.7256905163045497"/>
            <maxpow number="0.7256905163045497"/>
            <fprob>0.0</fprob>
        </actor>
        <actor name="D0N4">
            <wcet number="0">410</wcet>
            <wcet number="1">440</wcet>
            <maxpow number="0.4436868881181313"/>
            <maxpow number="0.4436868881181313"/>
            <fprob>0.0</fprob>
        </actor>
        <actor name="D0N24">
            <wcet number="0">190</wcet>
            <wcet number="1">190</wcet>
            <maxpow number="0.7296487832857778"/>
            <maxpow number="0.7296487832857778"/>
            <fprob>0.0</fprob>
        </actor>
        <actor name="D0N31">
            <wcet number="0">80</wcet>
            <wcet number="1">110</wcet>
            <maxpow number="0.6153837424004892"/>
            <maxpow number="0.6153837424004892"/>
            <fprob>0.0</fprob>
        </actor>
        <actor name="D0N38">
            <wcet number="0">40</wcet>
            <wcet number="1">70</wcet>
            <maxpow number="0.6990042955360366"/>
            <maxpow number="0.6990042955360366"/>
            <fprob>0.0</fprob>
        </actor>
        <actor name="D0N39">
            <wcet number="0">210</wcet>
            <wcet number="1">330</wcet>
            <maxpow number="0.4841047815761753"/>
            <maxpow number="0.4841047815761753"/>
            <fprob>0.0</fprob>
        </actor>
        <actor name="D0N17">
            <wcet number="0">30</wcet>
            <wcet number="1">50</wcet>
            <maxpow number="0.6666835816540473"/>
            <maxpow number="0.6666835816540473"/>
            <fprob>0.0</fprob>
        </actor>
        <actor name="D0N36">
            <wcet number="0">90</wcet>
            <wcet number="1">140</wcet>
            <maxpow number="0.4005038464974574"/>
            <maxpow number="0.4005038464974574"/>
            <fprob>0.0</fprob>
        </actor>
        <actor name="D0N28">
            <wcet number="0">130</wcet>
            <wcet number="1">130</wcet>
            <maxpow number="0.6945524375224222"/>
            <maxpow number="0.6945524375224222"/>
            <fprob>0.0</fprob>
        </actor>
        <actor name="D0N40">
            <wcet number="0">10</wcet>
            <wcet number="1">30</wcet>
            <maxpow number="0.5980461677073647"/>
            <maxpow number="0.5980461677073647"/>
            <fprob>0.0</fprob>
        </actor>
        <actor name="D0N2">
            <wcet number="0">50</wcet>
            <wcet number="1">50</wcet>
            <maxpow number="0.618255221016025"/>
            <maxpow number="0.618255221016025"/>
            <fprob>0.0</fprob>
        </actor>
        <actor name="D0N20">
            <wcet number="0">380</wcet>
            <wcet number="1">450</wcet>
            <maxpow number="0.6850695849809554"/>
            <maxpow number="0.6850695849809554"/>
            <fprob>0.0</fprob>
        </actor>
        <actor name="D0N35">
            <wcet number="0">880</wcet>
            <wcet number="1">1120</wcet>
            <maxpow number="0.44735167539481413"/>
            <maxpow number="0.44735167539481413"/>
            <fprob>0.0</fprob>
        </actor>
        <actor name="D0N1">
            <wcet number="0">200</wcet>
            <wcet number="1">230</wcet>
            <maxpow number="0.6711446258653436"/>
            <maxpow number="0.6711446258653436"/>
            <fprob>0.0</fprob>
        </actor>
        <actor name="D0N19">
            <wcet number="0">50</wcet>
            <wcet number="1">70</wcet>
            <maxpow number="0.5846531269041345"/>
            <maxpow number="0.5846531269041345"/>
            <fprob>0.0</fprob>
        </actor>
        <actor name="D0N48">
            <wcet number="0">20</wcet>
            <wcet number="1">20</wcet>
            <maxpow number="0.5590423093768655"/>
            <maxpow number="0.5590423093768655"/>
            <fprob>0.0</fprob>
        </actor>
        <actor name="D0N3">
            <wcet number="0">10</wcet>
            <wcet number="1">40</wcet>
            <maxpow number="0.564392470634854"/>
            <maxpow number="0.564392470634854"/>
            <fprob>0.0</fprob>
        </actor>
        <actor name="D0N43">
            <wcet number="0">40</wcet>
            <wcet number="1">80</wcet>
            <maxpow number="0.2862073040596257"/>
            <maxpow number="0.2862073040596257"/>
            <fprob>0.0</fprob>
        </actor>
        <actor name="D0N47">
            <wcet number="0">250</wcet>
            <wcet number="1">400</wcet>
            <maxpow number="0.6823380911733894"/>
            <maxpow number="0.6823380911733894"/>
            <fprob>0.0</fprob>
        </actor>
        <actor name="D0N13">
            <wcet number="0">170</wcet>
            <wcet number="1">180</wcet>
            <maxpow number="0.5902709598242031"/>
            <maxpow number="0.5902709598242031"/>
            <fprob>0.0</fprob>
        </actor>
        <actor name="D0N44">
            <wcet number="0">30</wcet>
            <wcet number="1">30</wcet>
            <maxpow number="0.20901440003727983"/>
            <maxpow number="0.20901440003727983"/>
            <fprob>0.0</fprob>
        </actor>
        <actor name="D0N9">
            <wcet number="0">60</wcet>
            <wcet number="1">140</wcet>
            <maxpow number="0.2797136456188701"/>
            <maxpow number="0.2797136456188701"/>
            <fprob>0.0</fprob>
        </actor>
        <actor name="D0N7">
            <wcet number="0">480</wcet>
            <wcet number="1">710</wcet>
            <maxpow number="0.552480777965635"/>
            <maxpow number="0.552480777965635"/>
            <fprob>0.0</fprob>
        </actor>
        <actor name="D0N46">
            <wcet number="0">70</wcet>
            <wcet number="1">210</wcet>
            <maxpow number="0.6509434783195979"/>
            <maxpow number="0.6509434783195979"/>
            <fprob>0.0</fprob>
        </actor>
        <actor name="D0N15">
            <wcet number="0">140</wcet>
            <wcet number="1">180</wcet>
            <maxpow number="0.6322716151887557"/>
            <maxpow number="0.6322716151887557"/>
            <fprob>0.0</fprob>
        </actor>
        <actor name="D0N41">
            <wcet number="0">260</wcet>
            <wcet number="1">280</wcet>
            <maxpow number="0.43698472023003065"/>
            <maxpow number="0.43698472023003065"/>
            <fprob>0.0</fprob>
        </actor>
        <actor name="D0N37">
            <wcet number="0">170</wcet>
            <wcet number="1">180</wcet>
            <maxpow number="0.21808435059128234"/>
            <maxpow number="0.21808435059128234"/>
            <fprob>0.0</fprob>
        </actor>
        <actor name="D0N5">
            <wcet number="0">10</wcet>
            <wcet number="1">70</wcet>
            <maxpow number="0.4737153844504072"/>
            <maxpow number="0.4737153844504072"/>
            <fprob>0.0</fprob>
        </actor>
        <actor name="D0N32">
            <wcet number="0">80</wcet>
            <wcet number="1">210</wcet>
            <maxpow number="0.7924572349467224"/>
            <maxpow number="0.7924572349467224"/>
            <fprob>0.0</fprob>
        </actor>
        <actor name="D0N45">
            <wcet number="0">10</wcet>
            <wcet number="1">100</wcet>
            <maxpow number="0.5161046438620226"/>
            <maxpow number="0.5161046438620226"/>
            <fprob>0.0</fprob>
        </actor>
        <actor name="D0N29">
            <wcet number="0">10</wcet>
            <wcet number="1">10</wcet>
            <maxpow number="0.656761811035299"/>
            <maxpow number="0.656761811035299"/>
            <fprob>0.0</fprob>
        </actor>
        <actor name="D0N12">
            <wcet number="0">10</wcet>
            <wcet number="1">20</wcet>
            <maxpow number="0.5121490039415038"/>
            <maxpow number="0.5121490039415038"/>
            <fprob>0.0</fprob>
        </actor>
        <actor name="D0N16">
            <wcet number="0">40</wcet>
            <wcet number="1">420</wcet>
            <maxpow number="0.08409747464233347"/>
            <maxpow number="0.08409747464233347"/>
            <fprob>0.0</fprob>
        </actor>
        <actor name="D0N22">
            <wcet number="0">250</wcet>
            <wcet number="1">270</wcet>
            <maxpow number="0.46660725415498694"/>
            <maxpow number="0.46660725415498694"/>
            <fprob>0.0</fprob>
        </actor>
        <actor name="D0N25">
            <wcet number="0">200</wcet>
            <wcet number="1">590</wcet>
            <maxpow number="0.7627366168937147"/>
            <maxpow number="0.7627366168937147"/>
            <fprob>0.0</fprob>
        </actor>
        <actor name="D0N6">
            <wcet number="0">140</wcet>
            <wcet number="1">190</wcet>
            <maxpow number="0.3301402201096779"/>
            <maxpow number="0.3301402201096779"/>
            <fprob>0.0</fprob>
        </actor>
        <actor name="D0N10">
            <wcet number="0">150</wcet>
            <wcet number="1">190</wcet>
            <maxpow number="0.5357964409780208"/>
            <maxpow number="0.5357964409780208"/>
            <fprob>0.0</fprob>
        </actor>
        <actor name="D0N34">
            <wcet number="0">10</wcet>
            <wcet number="1">80</wcet>
            <maxpow number="0.5980436343322882"/>
            <maxpow number="0.5980436343322882"/>
            <fprob>0.0</fprob>
        </actor>
        <actor name="D0N0">
            <wcet number="0">30</wcet>
            <wcet number="1">60</wcet>
            <maxpow number="0.6036753686049339"/>
            <maxpow number="0.6036753686049339"/>
            <fprob>0.0</fprob>
        </actor>
        <ports>
            <port dstActor="D0N47" name="p0" srcActor="D0N42"/>
            <port dstActor="D0N21" name="p1" srcActor="D0N14"/>
            <port dstActor="D0N38" name="p2" srcActor="D0N14"/>
            <port dstActor="D0N24" name="p3" srcActor="D0N14"/>
            <port dstActor="D0N18" name="p4" srcActor="D0N14"/>
            <port dstActor="D0N28" name="p5" srcActor="D0N26"/>
            <port dstActor="D0N29" name="p6" srcActor="D0N26"/>
            <port dstActor="D0N48" name="p7" srcActor="D0N18"/>
            <port dstActor="D0N21" name="p8" srcActor="D0N18"/>
            <port dstActor="D0N45" name="p9" srcActor="D0N18"/>
            <port dstActor="D0N16" name="p10" srcActor="D0N11"/>
            <port dstActor="D0N18" name="p11" srcActor="D0N11"/>
            <port dstActor="D0N40" name="p12" srcActor="D0N11"/>
            <port dstActor="D0N12" name="p13" srcActor="D0N11"/>
            <port dstActor="D0N15" name="p14" srcActor="D0N11"/>
            <port dstActor="D0N27" name="p15" srcActor="D0N8"/>
            <port dstActor="D0N12" name="p16" srcActor="D0N8"/>
            <port dstActor="D0N23" name="p17" srcActor="D0N8"/>
            <port dstActor="D0N44" name="p18" srcActor="D0N8"/>
            <port dstActor="D0N46" name="p19" srcActor="D0N33"/>
            <port dstActor="D0N26" name="p20" srcActor="D0N23"/>
            <port dstActor="D0N41" name="p21" srcActor="D0N21"/>
            <port dstActor="D0N22" name="p22" srcActor="D0N21"/>
            <port dstActor="D0N30" name="p23" srcActor="D0N4"/>
            <port dstActor="D0N14" name="p24" srcActor="D0N4"/>
            <port dstActor="D0N33" name="p25" srcActor="D0N4"/>
            <port dstActor="D0N18" name="p26" srcActor="D0N4"/>
            <port dstActor="D0N46" name="p27" srcActor="D0N31"/>
            <port dstActor="D0N37" name="p28" srcActor="D0N31"/>
            <port dstActor="D0N32" name="p29" srcActor="D0N31"/>
            <port dstActor="D0N35" name="p30" srcActor="D0N31"/>
            <port dstActor="D0N41" name="p31" srcActor="D0N31"/>
            <port dstActor="D0N45" name="p32" srcActor="D0N38"/>
            <port dstActor="D0N27" name="p33" srcActor="D0N17"/>
            <port dstActor="D0N30" name="p34" srcActor="D0N17"/>
            <port dstActor="D0N34" name="p35" srcActor="D0N17"/>
            <port dstActor="D0N45" name="p36" srcActor="D0N17"/>
            <port dstActor="D0N37" name="p37" srcActor="D0N36"/>
            <port dstActor="D0N39" name="p38" srcActor="D0N28"/>
            <port dstActor="D0N43" name="p39" srcActor="D0N40"/>
            <port dstActor="D0N12" name="p40" srcActor="D0N2"/>
            <port dstActor="D0N14" name="p41" srcActor="D0N2"/>
            <port dstActor="D0N33" name="p42" srcActor="D0N2"/>
            <port dstActor="D0N13" name="p43" srcActor="D0N2"/>
            <port dstActor="D0N24" name="p44" srcActor="D0N20"/>
            <port dstActor="D0N31" name="p45" srcActor="D0N20"/>
            <port dstActor="D0N36" name="p46" srcActor="D0N20"/>
            <port dstActor="D0N47" name="p47" srcActor="D0N35"/>
            <port dstActor="D0N40" name="p48" srcActor="D0N35"/>
            <port dstActor="D0N18" name="p49" srcActor="D0N1"/>
            <port dstActor="D0N36" name="p50" srcActor="D0N19"/>
            <port dstActor="D0N28" name="p51" srcActor="D0N3"/>
            <port dstActor="D0N47" name="p52" srcActor="D0N3"/>
            <port dstActor="D0N36" name="p53" srcActor="D0N13"/>
            <port dstActor="D0N40" name="p54" srcActor="D0N13"/>
            <port dstActor="D0N23" name="p55" srcActor="D0N13"/>
            <port dstActor="D0N37" name="p56" srcActor="D0N13"/>
            <port dstActor="D0N38" name="p57" srcActor="D0N13"/>
            <port dstActor="D0N26" name="p58" srcActor="D0N9"/>
            <port dstActor="D0N33" name="p59" srcActor="D0N9"/>
            <port dstActor="D0N17" name="p60" srcActor="D0N9"/>
            <port dstActor="D0N11" name="p61" srcActor="D0N9"/>
            <port dstActor="D0N40" name="p62" srcActor="D0N9"/>
            <port dstActor="D0N46" name="p63" srcActor="D0N9"/>
            <port dstActor="D0N39" name="p64" srcActor="D0N7"/>
            <port dstActor="D0N43" name="p65" srcActor="D0N7"/>
            <port dstActor="D0N21" name="p66" srcActor="D0N7"/>
            <port dstActor="D0N48" name="p67" srcActor="D0N46"/>
            <port dstActor="D0N16" name="p68" srcActor="D0N15"/>
            <port dstActor="D0N25" name="p69" srcActor="D0N15"/>
            <port dstActor="D0N36" name="p70" srcActor="D0N15"/>
            <port dstActor="D0N17" name="p71" srcActor="D0N15"/>
            <port dstActor="D0N42" name="p72" srcActor="D0N37"/>
            <port dstActor="D0N29" name="p73" srcActor="D0N5"/>
            <port dstActor="D0N26" name="p74" srcActor="D0N5"/>
            <port dstActor="D0N47" name="p75" srcActor="D0N5"/>
            <port dstActor="D0N35" name="p76" srcActor="D0N5"/>
            <port dstActor="D0N46" name="p77" srcActor="D0N32"/>
            <port dstActor="D0N43" name="p78" srcActor="D0N32"/>
            <port dstActor="D0N32" name="p79" srcActor="D0N29"/>
            <port dstActor="D0N39" name="p80" srcActor="D0N29"/>
            <port dstActor="D0N45" name="p81" srcActor="D0N29"/>
            <port dstActor="D0N31" name="p82" srcActor="D0N12"/>
            <port dstActor="D0N28" name="p83" srcActor="D0N12"/>
            <port dstActor="D0N20" name="p84" srcActor="D0N16"/>
            <port dstActor="D0N22" name="p85" srcActor="D0N16"/>
            <port dstActor="D0N31" name="p86" srcActor="D0N16"/>
            <port dstActor="D0N41" name="p87" srcActor="D0N22"/>
            <port dstActor="D0N31" name="p88" srcActor="D0N22"/>
            <port dstActor="D0N29" name="p89" srcActor="D0N25"/>
            <port dstActor="D0N39" name="p90" srcActor="D0N25"/>
            <port dstActor="D0N25" name="p91" srcActor="D0N6"/>
            <port dstActor="D0N28" name="p92" srcActor="D0N6"/>
            <port dstActor="D0N13" name="p93" srcActor="D0N6"/>
            <port dstActor="D0N47" name="p94" srcActor="D0N6"/>
            <port dstActor="D0N23" name="p95" srcActor="D0N6"/>
            <port dstActor="D0N29" name="p96" srcActor="D0N10"/>
            <port dstActor="D0N21" name="p97" srcActor="D0N10"/>
            <port dstActor="D0N24" name="p98" srcActor="D0N10"/>
            <port dstActor="D0N42" name="p99" srcActor="D0N34"/>
            <port dstActor="D0N36" name="p100" srcActor="D0N34"/>
            <port dstActor="D0N5" name="p101" srcActor="D0N0"/>
            <port dstActor="D0N17" name="p102" srcActor="D0N0"/>
            <port dstActor="D0N7" name="p103" srcActor="D0N0"/>
            <port dstActor="D0N13" name="p104" srcActor="D0N0"/>
            <port dstActor="D0N35" name="p105" srcActor="D0N0"/>
            <port dstActor="D0N31" name="p106" srcActor="D0N0"/>
            <port dstActor="D0N46" name="p107" srcActor="D0N0"/>
            <port dstActor="D0N48" name="p108" srcActor="D0N0"/>
            <port dstActor="D0N36" name="p109" srcActor="D0N0"/>
        </ports>
    </mcdag>
    <cores number="3"/>
    <levels number="2"/>
</mcsystem>
