<?xml version="1.0" encoding="UTF-8" standalone="no"?>
<mcsystem>
    <mcdag deadline="1200" name="genned-0-ed-10.0-0">
        <actor name="D0N20">
            <wcet number="0">20</wcet>
            <wcet number="1">230</wcet>
            <maxpow number="0.591496869888263"/>
            <maxpow number="0.591496869888263"/>
            <fprob>0.0</fprob>
        </actor>
        <actor name="D0N1">
            <wcet number="0">20</wcet>
            <wcet number="1">20</wcet>
            <maxpow number="0.5462585827262498"/>
            <maxpow number="0.5462585827262498"/>
            <fprob>0.0</fprob>
        </actor>
        <actor name="D0N28">
            <wcet number="0">20</wcet>
            <wcet number="1">30</wcet>
            <maxpow number="0.6179262424319986"/>
            <maxpow number="0.6179262424319986"/>
            <fprob>0.0</fprob>
        </actor>
        <actor name="D0N3">
            <wcet number="0">20</wcet>
            <wcet number="1">60</wcet>
            <maxpow number="0.6027920611576045"/>
            <maxpow number="0.6027920611576045"/>
            <fprob>0.0</fprob>
        </actor>
        <actor name="D0N12">
            <wcet number="0">10</wcet>
            <wcet number="1">50</wcet>
            <maxpow number="0.6349165443293522"/>
            <maxpow number="0.6349165443293522"/>
            <fprob>0.0</fprob>
        </actor>
        <actor name="D0N44">
            <wcet number="0">20</wcet>
            <wcet number="1">30</wcet>
            <maxpow number="0.4966969878060262"/>
            <maxpow number="0.4966969878060262"/>
            <fprob>0.0</fprob>
        </actor>
        <actor name="D0N9">
            <wcet number="0">20</wcet>
            <wcet number="1">20</wcet>
            <maxpow number="0.5056486423470448"/>
            <maxpow number="0.5056486423470448"/>
            <fprob>0.0</fprob>
        </actor>
        <actor name="D0N24">
            <wcet number="0">10</wcet>
            <wcet number="1">10</wcet>
            <maxpow number="0.44896315516466645"/>
            <maxpow number="0.44896315516466645"/>
            <fprob>0.0</fprob>
        </actor>
        <actor name="D0N32">
            <wcet number="0">140</wcet>
            <wcet number="1">250</wcet>
            <maxpow number="0.42156498000761655"/>
            <maxpow number="0.42156498000761655"/>
            <fprob>0.0</fprob>
        </actor>
        <actor name="D0N19">
            <wcet number="0">70</wcet>
            <wcet number="1">70</wcet>
            <maxpow number="0.5639813466207914"/>
            <maxpow number="0.5639813466207914"/>
            <fprob>0.0</fprob>
        </actor>
        <actor name="D0N33">
            <wcet number="0">20</wcet>
            <wcet number="1">20</wcet>
            <maxpow number="0.45921067390299247"/>
            <maxpow number="0.45921067390299247"/>
            <fprob>0.0</fprob>
        </actor>
        <actor name="D0N16">
            <wcet number="0">20</wcet>
            <wcet number="1">20</wcet>
            <maxpow number="0.5426246211186548"/>
            <maxpow number="0.5426246211186548"/>
            <fprob>0.0</fprob>
        </actor>
        <actor name="D0N13">
            <wcet number="0">10</wcet>
            <wcet number="1">20</wcet>
            <maxpow number="0.3752296260291391"/>
            <maxpow number="0.3752296260291391"/>
            <fprob>0.0</fprob>
        </actor>
        <actor name="D0N18">
            <wcet number="0">10</wcet>
            <wcet number="1">30</wcet>
            <maxpow number="0.8882903164963403"/>
            <maxpow number="0.8882903164963403"/>
            <fprob>0.0</fprob>
        </actor>
        <actor name="D0N4">
            <wcet number="0">40</wcet>
            <wcet number="1">40</wcet>
            <maxpow number="0.3637835146096502"/>
            <maxpow number="0.3637835146096502"/>
            <fprob>0.0</fprob>
        </actor>
        <actor name="D0N14">
            <wcet number="0">10</wcet>
            <wcet number="1">20</wcet>
            <maxpow number="0.6638466481018628"/>
            <maxpow number="0.6638466481018628"/>
            <fprob>0.0</fprob>
        </actor>
        <actor name="D0N37">
            <wcet number="0">10</wcet>
            <wcet number="1">90</wcet>
            <maxpow number="0.42876034801302937"/>
            <maxpow number="0.42876034801302937"/>
            <fprob>0.0</fprob>
        </actor>
        <actor name="D0N15">
            <wcet number="0">90</wcet>
            <wcet number="1">180</wcet>
            <maxpow number="0.7532020392271053"/>
            <maxpow number="0.7532020392271053"/>
            <fprob>0.0</fprob>
        </actor>
        <actor name="D0N43">
            <wcet number="0">230</wcet>
            <wcet number="1">250</wcet>
            <maxpow number="0.8260200880898929"/>
            <maxpow number="0.8260200880898929"/>
            <fprob>0.0</fprob>
        </actor>
        <actor name="D0N42">
            <wcet number="0">20</wcet>
            <wcet number="1">20</wcet>
            <maxpow number="0.4251903749275654"/>
            <maxpow number="0.4251903749275654"/>
            <fprob>0.0</fprob>
        </actor>
        <actor name="D0N23">
            <wcet number="0">40</wcet>
            <wcet number="1">120</wcet>
            <maxpow number="0.7572615524201088"/>
            <maxpow number="0.7572615524201088"/>
            <fprob>0.0</fprob>
        </actor>
        <actor name="D0N39">
            <wcet number="0">60</wcet>
            <wcet number="1">70</wcet>
            <maxpow number="0.44512072189819507"/>
            <maxpow number="0.44512072189819507"/>
            <fprob>0.0</fprob>
        </actor>
        <actor name="D0N22">
            <wcet number="0">10</wcet>
            <wcet number="1">20</wcet>
            <maxpow number="0.8499678571972902"/>
            <maxpow number="0.8499678571972902"/>
            <fprob>0.0</fprob>
        </actor>
        <actor name="D0N34">
            <wcet number="0">10</wcet>
            <wcet number="1">30</wcet>
            <maxpow number="0.7449750641070043"/>
            <maxpow number="0.7449750641070043"/>
            <fprob>0.0</fprob>
        </actor>
        <actor name="D0N40">
            <wcet number="0">10</wcet>
            <wcet number="1">40</wcet>
            <maxpow number="0.5418305518667652"/>
            <maxpow number="0.5418305518667652"/>
            <fprob>0.0</fprob>
        </actor>
        <actor name="D0N7">
            <wcet number="0">110</wcet>
            <wcet number="1">110</wcet>
            <maxpow number="0.5864534883762189"/>
            <maxpow number="0.5864534883762189"/>
            <fprob>0.0</fprob>
        </actor>
        <actor name="D0N17">
            <wcet number="0">10</wcet>
            <wcet number="1">10</wcet>
            <maxpow number="0.2613375120527238"/>
            <maxpow number="0.2613375120527238"/>
            <fprob>0.0</fprob>
        </actor>
        <actor name="D0N35">
            <wcet number="0">10</wcet>
            <wcet number="1">50</wcet>
            <maxpow number="0.6277930002475112"/>
            <maxpow number="0.6277930002475112"/>
            <fprob>0.0</fprob>
        </actor>
        <actor name="D0N6">
            <wcet number="0">20</wcet>
            <wcet number="1">60</wcet>
            <maxpow number="0.5421370550323991"/>
            <maxpow number="0.5421370550323991"/>
            <fprob>0.0</fprob>
        </actor>
        <actor name="D0N27">
            <wcet number="0">20</wcet>
            <wcet number="1">20</wcet>
            <maxpow number="0.6564580238295264"/>
            <maxpow number="0.6564580238295264"/>
            <fprob>0.0</fprob>
        </actor>
        <actor name="D0N41">
            <wcet number="0">50</wcet>
            <wcet number="1">80</wcet>
            <maxpow number="0.7791307456781005"/>
            <maxpow number="0.7791307456781005"/>
            <fprob>0.0</fprob>
        </actor>
        <actor name="D0N10">
            <wcet number="0">10</wcet>
            <wcet number="1">20</wcet>
            <maxpow number="0.5144468470953512"/>
            <maxpow number="0.5144468470953512"/>
            <fprob>0.0</fprob>
        </actor>
        <actor name="D0N21">
            <wcet number="0">10</wcet>
            <wcet number="1">10</wcet>
            <maxpow number="0.7935443941151543"/>
            <maxpow number="0.7935443941151543"/>
            <fprob>0.0</fprob>
        </actor>
        <actor name="D0N30">
            <wcet number="0">10</wcet>
            <wcet number="1">40</wcet>
            <maxpow number="0.5895873411976114"/>
            <maxpow number="0.5895873411976114"/>
            <fprob>0.0</fprob>
        </actor>
        <actor name="D0N36">
            <wcet number="0">10</wcet>
            <wcet number="1">20</wcet>
            <maxpow number="0.3270928600443951"/>
            <maxpow number="0.3270928600443951"/>
            <fprob>0.0</fprob>
        </actor>
        <actor name="D0N45">
            <wcet number="0">40</wcet>
            <wcet number="1">70</wcet>
            <maxpow number="0.5735965488870534"/>
            <maxpow number="0.5735965488870534"/>
            <fprob>0.0</fprob>
        </actor>
        <actor name="D0N25">
            <wcet number="0">10</wcet>
            <wcet number="1">20</wcet>
            <maxpow number="0.5962747633240542"/>
            <maxpow number="0.5962747633240542"/>
            <fprob>0.0</fprob>
        </actor>
        <actor name="D0N26">
            <wcet number="0">60</wcet>
            <wcet number="1">60</wcet>
            <maxpow number="0.8526563972754978"/>
            <maxpow number="0.8526563972754978"/>
            <fprob>0.0</fprob>
        </actor>
        <actor name="D0N38">
            <wcet number="0">20</wcet>
            <wcet number="1">20</wcet>
            <maxpow number="0.5720199498204549"/>
            <maxpow number="0.5720199498204549"/>
            <fprob>0.0</fprob>
        </actor>
        <actor name="D0N0">
            <wcet number="0">10</wcet>
            <wcet number="1">20</wcet>
            <maxpow number="0.2586791104608308"/>
            <maxpow number="0.2586791104608308"/>
            <fprob>0.0</fprob>
        </actor>
        <actor name="D0N8">
            <wcet number="0">20</wcet>
            <wcet number="1">20</wcet>
            <maxpow number="0.46322900741564255"/>
            <maxpow number="0.46322900741564255"/>
            <fprob>0.0</fprob>
        </actor>
        <actor name="D0N5">
            <wcet number="0">50</wcet>
            <wcet number="1">80</wcet>
            <maxpow number="0.50911211326522"/>
            <maxpow number="0.50911211326522"/>
            <fprob>0.0</fprob>
        </actor>
        <actor name="D0N29">
            <wcet number="0">20</wcet>
            <wcet number="1">30</wcet>
            <maxpow number="0.5707641715939338"/>
            <maxpow number="0.5707641715939338"/>
            <fprob>0.0</fprob>
        </actor>
        <actor name="D0N31">
            <wcet number="0">10</wcet>
            <wcet number="1">10</wcet>
            <maxpow number="0.21089974745299428"/>
            <maxpow number="0.21089974745299428"/>
            <fprob>0.0</fprob>
        </actor>
        <actor name="D0N2">
            <wcet number="0">10</wcet>
            <wcet number="1">30</wcet>
            <maxpow number="0.42082554914205084"/>
            <maxpow number="0.42082554914205084"/>
            <fprob>0.0</fprob>
        </actor>
        <actor name="D0N11">
            <wcet number="0">110</wcet>
            <wcet number="1">120</wcet>
            <maxpow number="0.1623524781629861"/>
            <maxpow number="0.1623524781629861"/>
            <fprob>0.0</fprob>
        </actor>
        <ports>
            <port dstActor="D0N25" name="p0" srcActor="D0N20"/>
            <port dstActor="D0N35" name="p1" srcActor="D0N1"/>
            <port dstActor="D0N13" name="p2" srcActor="D0N1"/>
            <port dstActor="D0N43" name="p3" srcActor="D0N1"/>
            <port dstActor="D0N33" name="p4" srcActor="D0N28"/>
            <port dstActor="D0N43" name="p5" srcActor="D0N28"/>
            <port dstActor="D0N13" name="p6" srcActor="D0N3"/>
            <port dstActor="D0N40" name="p7" srcActor="D0N3"/>
            <port dstActor="D0N16" name="p8" srcActor="D0N3"/>
            <port dstActor="D0N32" name="p9" srcActor="D0N3"/>
            <port dstActor="D0N30" name="p10" srcActor="D0N3"/>
            <port dstActor="D0N5" name="p11" srcActor="D0N3"/>
            <port dstActor="D0N7" name="p12" srcActor="D0N3"/>
            <port dstActor="D0N45" name="p13" srcActor="D0N12"/>
            <port dstActor="D0N31" name="p14" srcActor="D0N12"/>
            <port dstActor="D0N21" name="p15" srcActor="D0N12"/>
            <port dstActor="D0N34" name="p16" srcActor="D0N12"/>
            <port dstActor="D0N40" name="p17" srcActor="D0N12"/>
            <port dstActor="D0N33" name="p18" srcActor="D0N9"/>
            <port dstActor="D0N31" name="p19" srcActor="D0N9"/>
            <port dstActor="D0N19" name="p20" srcActor="D0N9"/>
            <port dstActor="D0N26" name="p21" srcActor="D0N24"/>
            <port dstActor="D0N34" name="p22" srcActor="D0N24"/>
            <port dstActor="D0N37" name="p23" srcActor="D0N32"/>
            <port dstActor="D0N38" name="p24" srcActor="D0N32"/>
            <port dstActor="D0N45" name="p25" srcActor="D0N33"/>
            <port dstActor="D0N45" name="p26" srcActor="D0N16"/>
            <port dstActor="D0N33" name="p27" srcActor="D0N16"/>
            <port dstActor="D0N30" name="p28" srcActor="D0N16"/>
            <port dstActor="D0N32" name="p29" srcActor="D0N13"/>
            <port dstActor="D0N26" name="p30" srcActor="D0N13"/>
            <port dstActor="D0N30" name="p31" srcActor="D0N13"/>
            <port dstActor="D0N23" name="p32" srcActor="D0N13"/>
            <port dstActor="D0N14" name="p33" srcActor="D0N13"/>
            <port dstActor="D0N42" name="p34" srcActor="D0N18"/>
            <port dstActor="D0N37" name="p35" srcActor="D0N4"/>
            <port dstActor="D0N15" name="p36" srcActor="D0N4"/>
            <port dstActor="D0N33" name="p37" srcActor="D0N4"/>
            <port dstActor="D0N36" name="p38" srcActor="D0N4"/>
            <port dstActor="D0N28" name="p39" srcActor="D0N14"/>
            <port dstActor="D0N15" name="p40" srcActor="D0N14"/>
            <port dstActor="D0N45" name="p41" srcActor="D0N37"/>
            <port dstActor="D0N33" name="p42" srcActor="D0N15"/>
            <port dstActor="D0N44" name="p43" srcActor="D0N42"/>
            <port dstActor="D0N43" name="p44" srcActor="D0N23"/>
            <port dstActor="D0N24" name="p45" srcActor="D0N23"/>
            <port dstActor="D0N33" name="p46" srcActor="D0N23"/>
            <port dstActor="D0N45" name="p47" srcActor="D0N39"/>
            <port dstActor="D0N26" name="p48" srcActor="D0N22"/>
            <port dstActor="D0N28" name="p49" srcActor="D0N22"/>
            <port dstActor="D0N41" name="p50" srcActor="D0N40"/>
            <port dstActor="D0N21" name="p51" srcActor="D0N7"/>
            <port dstActor="D0N35" name="p52" srcActor="D0N7"/>
            <port dstActor="D0N40" name="p53" srcActor="D0N7"/>
            <port dstActor="D0N42" name="p54" srcActor="D0N17"/>
            <port dstActor="D0N40" name="p55" srcActor="D0N17"/>
            <port dstActor="D0N19" name="p56" srcActor="D0N17"/>
            <port dstActor="D0N24" name="p57" srcActor="D0N6"/>
            <port dstActor="D0N37" name="p58" srcActor="D0N6"/>
            <port dstActor="D0N19" name="p59" srcActor="D0N6"/>
            <port dstActor="D0N39" name="p60" srcActor="D0N6"/>
            <port dstActor="D0N11" name="p61" srcActor="D0N6"/>
            <port dstActor="D0N44" name="p62" srcActor="D0N27"/>
            <port dstActor="D0N35" name="p63" srcActor="D0N10"/>
            <port dstActor="D0N26" name="p64" srcActor="D0N10"/>
            <port dstActor="D0N43" name="p65" srcActor="D0N10"/>
            <port dstActor="D0N29" name="p66" srcActor="D0N21"/>
            <port dstActor="D0N33" name="p67" srcActor="D0N21"/>
            <port dstActor="D0N41" name="p68" srcActor="D0N21"/>
            <port dstActor="D0N38" name="p69" srcActor="D0N21"/>
            <port dstActor="D0N32" name="p70" srcActor="D0N30"/>
            <port dstActor="D0N38" name="p71" srcActor="D0N36"/>
            <port dstActor="D0N45" name="p72" srcActor="D0N25"/>
            <port dstActor="D0N39" name="p73" srcActor="D0N26"/>
            <port dstActor="D0N34" name="p74" srcActor="D0N26"/>
            <port dstActor="D0N31" name="p75" srcActor="D0N26"/>
            <port dstActor="D0N41" name="p76" srcActor="D0N26"/>
            <port dstActor="D0N28" name="p77" srcActor="D0N26"/>
            <port dstActor="D0N40" name="p78" srcActor="D0N38"/>
            <port dstActor="D0N42" name="p79" srcActor="D0N0"/>
            <port dstActor="D0N4" name="p80" srcActor="D0N0"/>
            <port dstActor="D0N10" name="p81" srcActor="D0N0"/>
            <port dstActor="D0N24" name="p82" srcActor="D0N0"/>
            <port dstActor="D0N12" name="p83" srcActor="D0N8"/>
            <port dstActor="D0N11" name="p84" srcActor="D0N8"/>
            <port dstActor="D0N23" name="p85" srcActor="D0N8"/>
            <port dstActor="D0N37" name="p86" srcActor="D0N8"/>
            <port dstActor="D0N26" name="p87" srcActor="D0N8"/>
            <port dstActor="D0N40" name="p88" srcActor="D0N8"/>
            <port dstActor="D0N45" name="p89" srcActor="D0N5"/>
            <port dstActor="D0N13" name="p90" srcActor="D0N5"/>
            <port dstActor="D0N41" name="p91" srcActor="D0N29"/>
            <port dstActor="D0N40" name="p92" srcActor="D0N31"/>
            <port dstActor="D0N34" name="p93" srcActor="D0N2"/>
            <port dstActor="D0N4" name="p94" srcActor="D0N2"/>
            <port dstActor="D0N20" name="p95" srcActor="D0N2"/>
            <port dstActor="D0N26" name="p96" srcActor="D0N2"/>
            <port dstActor="D0N37" name="p97" srcActor="D0N2"/>
            <port dstActor="D0N43" name="p98" srcActor="D0N11"/>
            <port dstActor="D0N21" name="p99" srcActor="D0N11"/>
            <port dstActor="D0N14" name="p100" srcActor="D0N11"/>
        </ports>
    </mcdag>
    <cores number="3"/>
    <levels number="2"/>
</mcsystem>
