<?xml version="1.0" encoding="UTF-8" standalone="no"?>
<mcsystem>
    <mcdag deadline="2000" name="genned-0-ed-10.0-0">
        <actor name="D0N28">
            <wcet number="0">90</wcet>
            <wcet number="1">180</wcet>
            <maxpow number="0.3083081683691406"/>
            <maxpow number="0.3083081683691406"/>
            <fprob>0.0</fprob>
        </actor>
        <actor name="D0N35">
            <wcet number="0">10</wcet>
            <wcet number="1">20</wcet>
            <maxpow number="0.4762866990014766"/>
            <maxpow number="0.4762866990014766"/>
            <fprob>0.0</fprob>
        </actor>
        <actor name="D0N44">
            <wcet number="0">30</wcet>
            <wcet number="1">60</wcet>
            <maxpow number="0.6106826057483394"/>
            <maxpow number="0.6106826057483394"/>
            <fprob>0.0</fprob>
        </actor>
        <actor name="D0N39">
            <wcet number="0">200</wcet>
            <wcet number="1">260</wcet>
            <maxpow number="0.5359791147742804"/>
            <maxpow number="0.5359791147742804"/>
            <fprob>0.0</fprob>
        </actor>
        <actor name="D0N38">
            <wcet number="0">90</wcet>
            <wcet number="1">160</wcet>
            <maxpow number="0.36990248559102223"/>
            <maxpow number="0.36990248559102223"/>
            <fprob>0.0</fprob>
        </actor>
        <actor name="D0N10">
            <wcet number="0">210</wcet>
            <wcet number="1">370</wcet>
            <maxpow number="0.8677609446428927"/>
            <maxpow number="0.8677609446428927"/>
            <fprob>0.0</fprob>
        </actor>
        <actor name="D0N40">
            <wcet number="0">160</wcet>
            <wcet number="1">180</wcet>
            <maxpow number="0.2838736668994311"/>
            <maxpow number="0.2838736668994311"/>
            <fprob>0.0</fprob>
        </actor>
        <actor name="D0N30">
            <wcet number="0">50</wcet>
            <wcet number="1">70</wcet>
            <maxpow number="-0.018684709153812817"/>
            <maxpow number="-0.018684709153812817"/>
            <fprob>0.0</fprob>
        </actor>
        <actor name="D0N32">
            <wcet number="0">30</wcet>
            <wcet number="1">30</wcet>
            <maxpow number="0.5023596352323659"/>
            <maxpow number="0.5023596352323659"/>
            <fprob>0.0</fprob>
        </actor>
        <actor name="D0N1">
            <wcet number="0">100</wcet>
            <wcet number="1">170</wcet>
            <maxpow number="0.6577152689569927"/>
            <maxpow number="0.6577152689569927"/>
            <fprob>0.0</fprob>
        </actor>
        <actor name="D0N2">
            <wcet number="0">60</wcet>
            <wcet number="1">120</wcet>
            <maxpow number="0.5447686089473608"/>
            <maxpow number="0.5447686089473608"/>
            <fprob>0.0</fprob>
        </actor>
        <actor name="D0N26">
            <wcet number="0">80</wcet>
            <wcet number="1">190</wcet>
            <maxpow number="0.6022629150712352"/>
            <maxpow number="0.6022629150712352"/>
            <fprob>0.0</fprob>
        </actor>
        <actor name="D0N17">
            <wcet number="0">10</wcet>
            <wcet number="1">20</wcet>
            <maxpow number="0.7028692856042889"/>
            <maxpow number="0.7028692856042889"/>
            <fprob>0.0</fprob>
        </actor>
        <actor name="D0N43">
            <wcet number="0">10</wcet>
            <wcet number="1">20</wcet>
            <maxpow number="0.6227676576004422"/>
            <maxpow number="0.6227676576004422"/>
            <fprob>0.0</fprob>
        </actor>
        <actor name="D0N16">
            <wcet number="0">30</wcet>
            <wcet number="1">80</wcet>
            <maxpow number="0.6526173598284614"/>
            <maxpow number="0.6526173598284614"/>
            <fprob>0.0</fprob>
        </actor>
        <actor name="D0N23">
            <wcet number="0">20</wcet>
            <wcet number="1">60</wcet>
            <maxpow number="0.5851591485716106"/>
            <maxpow number="0.5851591485716106"/>
            <fprob>0.0</fprob>
        </actor>
        <actor name="D0N9">
            <wcet number="0">20</wcet>
            <wcet number="1">40</wcet>
            <maxpow number="0.8657974414047145"/>
            <maxpow number="0.8657974414047145"/>
            <fprob>0.0</fprob>
        </actor>
        <actor name="D0N33">
            <wcet number="0">50</wcet>
            <wcet number="1">190</wcet>
            <maxpow number="0.4584185249081776"/>
            <maxpow number="0.4584185249081776"/>
            <fprob>0.0</fprob>
        </actor>
        <actor name="D0N47">
            <wcet number="0">30</wcet>
            <wcet number="1">30</wcet>
            <maxpow number="0.5615406996284108"/>
            <maxpow number="0.5615406996284108"/>
            <fprob>0.0</fprob>
        </actor>
        <actor name="D0N15">
            <wcet number="0">160</wcet>
            <wcet number="1">290</wcet>
            <maxpow number="0.3264229785514243"/>
            <maxpow number="0.3264229785514243"/>
            <fprob>0.0</fprob>
        </actor>
        <actor name="D0N8">
            <wcet number="0">20</wcet>
            <wcet number="1">50</wcet>
            <maxpow number="0.6732033657554389"/>
            <maxpow number="0.6732033657554389"/>
            <fprob>0.0</fprob>
        </actor>
        <actor name="D0N11">
            <wcet number="0">20</wcet>
            <wcet number="1">40</wcet>
            <maxpow number="0.4797224802660999"/>
            <maxpow number="0.4797224802660999"/>
            <fprob>0.0</fprob>
        </actor>
        <actor name="D0N48">
            <wcet number="0">60</wcet>
            <wcet number="1">60</wcet>
            <maxpow number="0.48039224847856365"/>
            <maxpow number="0.48039224847856365"/>
            <fprob>0.0</fprob>
        </actor>
        <actor name="D0N4">
            <wcet number="0">20</wcet>
            <wcet number="1">40</wcet>
            <maxpow number="0.5326522792928307"/>
            <maxpow number="0.5326522792928307"/>
            <fprob>0.0</fprob>
        </actor>
        <actor name="D0N34">
            <wcet number="0">70</wcet>
            <wcet number="1">90</wcet>
            <maxpow number="0.505710673351847"/>
            <maxpow number="0.505710673351847"/>
            <fprob>0.0</fprob>
        </actor>
        <actor name="D0N21">
            <wcet number="0">20</wcet>
            <wcet number="1">20</wcet>
            <maxpow number="0.5507822632697801"/>
            <maxpow number="0.5507822632697801"/>
            <fprob>0.0</fprob>
        </actor>
        <actor name="D0N46">
            <wcet number="0">240</wcet>
            <wcet number="1">250</wcet>
            <maxpow number="0.7783571944868174"/>
            <maxpow number="0.7783571944868174"/>
            <fprob>0.0</fprob>
        </actor>
        <actor name="D0N27">
            <wcet number="0">70</wcet>
            <wcet number="1">80</wcet>
            <maxpow number="0.26717756432125805"/>
            <maxpow number="0.26717756432125805"/>
            <fprob>0.0</fprob>
        </actor>
        <actor name="D0N12">
            <wcet number="0">50</wcet>
            <wcet number="1">50</wcet>
            <maxpow number="0.6505560864958683"/>
            <maxpow number="0.6505560864958683"/>
            <fprob>0.0</fprob>
        </actor>
        <actor name="D0N18">
            <wcet number="0">30</wcet>
            <wcet number="1">30</wcet>
            <maxpow number="0.5314546538013689"/>
            <maxpow number="0.5314546538013689"/>
            <fprob>0.0</fprob>
        </actor>
        <actor name="D0N37">
            <wcet number="0">110</wcet>
            <wcet number="1">290</wcet>
            <maxpow number="0.3610914426103651"/>
            <maxpow number="0.3610914426103651"/>
            <fprob>0.0</fprob>
        </actor>
        <actor name="D0N25">
            <wcet number="0">130</wcet>
            <wcet number="1">210</wcet>
            <maxpow number="0.8104380388391097"/>
            <maxpow number="0.8104380388391097"/>
            <fprob>0.0</fprob>
        </actor>
        <actor name="D0N7">
            <wcet number="0">80</wcet>
            <wcet number="1">90</wcet>
            <maxpow number="0.736911961596751"/>
            <maxpow number="0.736911961596751"/>
            <fprob>0.0</fprob>
        </actor>
        <actor name="D0N42">
            <wcet number="0">50</wcet>
            <wcet number="1">50</wcet>
            <maxpow number="0.5251289055522276"/>
            <maxpow number="0.5251289055522276"/>
            <fprob>0.0</fprob>
        </actor>
        <actor name="D0N20">
            <wcet number="0">40</wcet>
            <wcet number="1">100</wcet>
            <maxpow number="0.26041137305582795"/>
            <maxpow number="0.26041137305582795"/>
            <fprob>0.0</fprob>
        </actor>
        <actor name="D0N24">
            <wcet number="0">70</wcet>
            <wcet number="1">70</wcet>
            <maxpow number="0.6752240479760436"/>
            <maxpow number="0.6752240479760436"/>
            <fprob>0.0</fprob>
        </actor>
        <actor name="D0N41">
            <wcet number="0">20</wcet>
            <wcet number="1">230</wcet>
            <maxpow number="0.05940080982185303"/>
            <maxpow number="0.05940080982185303"/>
            <fprob>0.0</fprob>
        </actor>
        <actor name="D0N14">
            <wcet number="0">20</wcet>
            <wcet number="1">50</wcet>
            <maxpow number="0.68947804823536"/>
            <maxpow number="0.68947804823536"/>
            <fprob>0.0</fprob>
        </actor>
        <actor name="D0N45">
            <wcet number="0">100</wcet>
            <wcet number="1">270</wcet>
            <maxpow number="0.298319061124777"/>
            <maxpow number="0.298319061124777"/>
            <fprob>0.0</fprob>
        </actor>
        <actor name="D0N19">
            <wcet number="0">10</wcet>
            <wcet number="1">70</wcet>
            <maxpow number="0.5072966026580499"/>
            <maxpow number="0.5072966026580499"/>
            <fprob>0.0</fprob>
        </actor>
        <actor name="D0N6">
            <wcet number="0">10</wcet>
            <wcet number="1">10</wcet>
            <maxpow number="0.2393702195350374"/>
            <maxpow number="0.2393702195350374"/>
            <fprob>0.0</fprob>
        </actor>
        <actor name="D0N13">
            <wcet number="0">120</wcet>
            <wcet number="1">330</wcet>
            <maxpow number="0.4791817899309011"/>
            <maxpow number="0.4791817899309011"/>
            <fprob>0.0</fprob>
        </actor>
        <actor name="D0N0">
            <wcet number="0">20</wcet>
            <wcet number="1">60</wcet>
            <maxpow number="0.5227431765099712"/>
            <maxpow number="0.5227431765099712"/>
            <fprob>0.0</fprob>
        </actor>
        <actor name="D0N31">
            <wcet number="0">60</wcet>
            <wcet number="1">80</wcet>
            <maxpow number="0.4520971289125915"/>
            <maxpow number="0.4520971289125915"/>
            <fprob>0.0</fprob>
        </actor>
        <actor name="D0N3">
            <wcet number="0">140</wcet>
            <wcet number="1">470</wcet>
            <maxpow number="0.2546750965684695"/>
            <maxpow number="0.2546750965684695"/>
            <fprob>0.0</fprob>
        </actor>
        <actor name="D0N5">
            <wcet number="0">30</wcet>
            <wcet number="1">80</wcet>
            <maxpow number="0.46235624434878264"/>
            <maxpow number="0.46235624434878264"/>
            <fprob>0.0</fprob>
        </actor>
        <actor name="D0N36">
            <wcet number="0">10</wcet>
            <wcet number="1">10</wcet>
            <maxpow number="0.4592880449495806"/>
            <maxpow number="0.4592880449495806"/>
            <fprob>0.0</fprob>
        </actor>
        <actor name="D0N29">
            <wcet number="0">20</wcet>
            <wcet number="1">50</wcet>
            <maxpow number="0.7794134096025103"/>
            <maxpow number="0.7794134096025103"/>
            <fprob>0.0</fprob>
        </actor>
        <actor name="D0N22">
            <wcet number="0">10</wcet>
            <wcet number="1">30</wcet>
            <maxpow number="0.03040348486769595"/>
            <maxpow number="0.03040348486769595"/>
            <fprob>0.0</fprob>
        </actor>
        <ports>
            <port dstActor="D0N47" name="p0" srcActor="D0N28"/>
            <port dstActor="D0N40" name="p1" srcActor="D0N35"/>
            <port dstActor="D0N46" name="p2" srcActor="D0N35"/>
            <port dstActor="D0N38" name="p3" srcActor="D0N35"/>
            <port dstActor="D0N46" name="p4" srcActor="D0N44"/>
            <port dstActor="D0N44" name="p5" srcActor="D0N39"/>
            <port dstActor="D0N43" name="p6" srcActor="D0N39"/>
            <port dstActor="D0N47" name="p7" srcActor="D0N39"/>
            <port dstActor="D0N39" name="p8" srcActor="D0N38"/>
            <port dstActor="D0N28" name="p9" srcActor="D0N10"/>
            <port dstActor="D0N47" name="p10" srcActor="D0N10"/>
            <port dstActor="D0N41" name="p11" srcActor="D0N40"/>
            <port dstActor="D0N42" name="p12" srcActor="D0N30"/>
            <port dstActor="D0N36" name="p13" srcActor="D0N30"/>
            <port dstActor="D0N33" name="p14" srcActor="D0N30"/>
            <port dstActor="D0N34" name="p15" srcActor="D0N32"/>
            <port dstActor="D0N41" name="p16" srcActor="D0N32"/>
            <port dstActor="D0N11" name="p17" srcActor="D0N1"/>
            <port dstActor="D0N2" name="p18" srcActor="D0N1"/>
            <port dstActor="D0N26" name="p19" srcActor="D0N1"/>
            <port dstActor="D0N48" name="p20" srcActor="D0N1"/>
            <port dstActor="D0N36" name="p21" srcActor="D0N1"/>
            <port dstActor="D0N32" name="p22" srcActor="D0N1"/>
            <port dstActor="D0N43" name="p23" srcActor="D0N1"/>
            <port dstActor="D0N6" name="p24" srcActor="D0N1"/>
            <port dstActor="D0N23" name="p25" srcActor="D0N1"/>
            <port dstActor="D0N9" name="p26" srcActor="D0N1"/>
            <port dstActor="D0N24" name="p27" srcActor="D0N1"/>
            <port dstActor="D0N44" name="p28" srcActor="D0N1"/>
            <port dstActor="D0N4" name="p29" srcActor="D0N2"/>
            <port dstActor="D0N19" name="p30" srcActor="D0N2"/>
            <port dstActor="D0N47" name="p31" srcActor="D0N2"/>
            <port dstActor="D0N37" name="p32" srcActor="D0N2"/>
            <port dstActor="D0N12" name="p33" srcActor="D0N2"/>
            <port dstActor="D0N26" name="p34" srcActor="D0N2"/>
            <port dstActor="D0N28" name="p35" srcActor="D0N26"/>
            <port dstActor="D0N40" name="p36" srcActor="D0N26"/>
            <port dstActor="D0N47" name="p37" srcActor="D0N26"/>
            <port dstActor="D0N41" name="p38" srcActor="D0N26"/>
            <port dstActor="D0N40" name="p39" srcActor="D0N17"/>
            <port dstActor="D0N35" name="p40" srcActor="D0N17"/>
            <port dstActor="D0N32" name="p41" srcActor="D0N17"/>
            <port dstActor="D0N46" name="p42" srcActor="D0N43"/>
            <port dstActor="D0N44" name="p43" srcActor="D0N16"/>
            <port dstActor="D0N24" name="p44" srcActor="D0N16"/>
            <port dstActor="D0N19" name="p45" srcActor="D0N16"/>
            <port dstActor="D0N24" name="p46" srcActor="D0N23"/>
            <port dstActor="D0N42" name="p47" srcActor="D0N23"/>
            <port dstActor="D0N31" name="p48" srcActor="D0N23"/>
            <port dstActor="D0N22" name="p49" srcActor="D0N9"/>
            <port dstActor="D0N41" name="p50" srcActor="D0N9"/>
            <port dstActor="D0N35" name="p51" srcActor="D0N9"/>
            <port dstActor="D0N44" name="p52" srcActor="D0N9"/>
            <port dstActor="D0N27" name="p53" srcActor="D0N9"/>
            <port dstActor="D0N40" name="p54" srcActor="D0N33"/>
            <port dstActor="D0N34" name="p55" srcActor="D0N33"/>
            <port dstActor="D0N21" name="p56" srcActor="D0N15"/>
            <port dstActor="D0N30" name="p57" srcActor="D0N15"/>
            <port dstActor="D0N44" name="p58" srcActor="D0N8"/>
            <port dstActor="D0N26" name="p59" srcActor="D0N8"/>
            <port dstActor="D0N11" name="p60" srcActor="D0N8"/>
            <port dstActor="D0N13" name="p61" srcActor="D0N8"/>
            <port dstActor="D0N29" name="p62" srcActor="D0N11"/>
            <port dstActor="D0N44" name="p63" srcActor="D0N11"/>
            <port dstActor="D0N21" name="p64" srcActor="D0N11"/>
            <port dstActor="D0N48" name="p65" srcActor="D0N11"/>
            <port dstActor="D0N47" name="p66" srcActor="D0N11"/>
            <port dstActor="D0N11" name="p67" srcActor="D0N4"/>
            <port dstActor="D0N16" name="p68" srcActor="D0N4"/>
            <port dstActor="D0N9" name="p69" srcActor="D0N4"/>
            <port dstActor="D0N35" name="p70" srcActor="D0N34"/>
            <port dstActor="D0N46" name="p71" srcActor="D0N34"/>
            <port dstActor="D0N41" name="p72" srcActor="D0N21"/>
            <port dstActor="D0N26" name="p73" srcActor="D0N21"/>
            <port dstActor="D0N35" name="p74" srcActor="D0N27"/>
            <port dstActor="D0N29" name="p75" srcActor="D0N12"/>
            <port dstActor="D0N24" name="p76" srcActor="D0N12"/>
            <port dstActor="D0N16" name="p77" srcActor="D0N12"/>
            <port dstActor="D0N20" name="p78" srcActor="D0N18"/>
            <port dstActor="D0N42" name="p79" srcActor="D0N18"/>
            <port dstActor="D0N28" name="p80" srcActor="D0N25"/>
            <port dstActor="D0N21" name="p81" srcActor="D0N7"/>
            <port dstActor="D0N32" name="p82" srcActor="D0N7"/>
            <port dstActor="D0N44" name="p83" srcActor="D0N42"/>
            <port dstActor="D0N43" name="p84" srcActor="D0N20"/>
            <port dstActor="D0N33" name="p85" srcActor="D0N20"/>
            <port dstActor="D0N42" name="p86" srcActor="D0N20"/>
            <port dstActor="D0N36" name="p87" srcActor="D0N24"/>
            <port dstActor="D0N31" name="p88" srcActor="D0N24"/>
            <port dstActor="D0N44" name="p89" srcActor="D0N41"/>
            <port dstActor="D0N33" name="p90" srcActor="D0N14"/>
            <port dstActor="D0N22" name="p91" srcActor="D0N14"/>
            <port dstActor="D0N38" name="p92" srcActor="D0N14"/>
            <port dstActor="D0N47" name="p93" srcActor="D0N14"/>
            <port dstActor="D0N48" name="p94" srcActor="D0N45"/>
            <port dstActor="D0N29" name="p95" srcActor="D0N19"/>
            <port dstActor="D0N38" name="p96" srcActor="D0N19"/>
            <port dstActor="D0N40" name="p97" srcActor="D0N19"/>
            <port dstActor="D0N35" name="p98" srcActor="D0N19"/>
            <port dstActor="D0N47" name="p99" srcActor="D0N19"/>
            <port dstActor="D0N26" name="p100" srcActor="D0N6"/>
            <port dstActor="D0N45" name="p101" srcActor="D0N6"/>
            <port dstActor="D0N11" name="p102" srcActor="D0N6"/>
            <port dstActor="D0N13" name="p103" srcActor="D0N6"/>
            <port dstActor="D0N29" name="p104" srcActor="D0N6"/>
            <port dstActor="D0N20" name="p105" srcActor="D0N6"/>
            <port dstActor="D0N36" name="p106" srcActor="D0N13"/>
            <port dstActor="D0N42" name="p107" srcActor="D0N13"/>
            <port dstActor="D0N28" name="p108" srcActor="D0N13"/>
            <port dstActor="D0N34" name="p109" srcActor="D0N13"/>
            <port dstActor="D0N6" name="p110" srcActor="D0N0"/>
            <port dstActor="D0N40" name="p111" srcActor="D0N0"/>
            <port dstActor="D0N22" name="p112" srcActor="D0N0"/>
            <port dstActor="D0N25" name="p113" srcActor="D0N0"/>
            <port dstActor="D0N29" name="p114" srcActor="D0N0"/>
            <port dstActor="D0N42" name="p115" srcActor="D0N31"/>
            <port dstActor="D0N45" name="p116" srcActor="D0N3"/>
            <port dstActor="D0N5" name="p117" srcActor="D0N3"/>
            <port dstActor="D0N39" name="p118" srcActor="D0N3"/>
            <port dstActor="D0N16" name="p119" srcActor="D0N3"/>
            <port dstActor="D0N24" name="p120" srcActor="D0N5"/>
            <port dstActor="D0N39" name="p121" srcActor="D0N5"/>
            <port dstActor="D0N10" name="p122" srcActor="D0N5"/>
            <port dstActor="D0N44" name="p123" srcActor="D0N5"/>
            <port dstActor="D0N27" name="p124" srcActor="D0N5"/>
            <port dstActor="D0N19" name="p125" srcActor="D0N5"/>
            <port dstActor="D0N39" name="p126" srcActor="D0N29"/>
            <port dstActor="D0N41" name="p127" srcActor="D0N29"/>
            <port dstActor="D0N47" name="p128" srcActor="D0N29"/>
            <port dstActor="D0N30" name="p129" srcActor="D0N29"/>
            <port dstActor="D0N31" name="p130" srcActor="D0N22"/>
            <port dstActor="D0N23" name="p131" srcActor="D0N22"/>
            <port dstActor="D0N26" name="p132" srcActor="D0N22"/>
        </ports>
    </mcdag>
    <cores number="3"/>
    <levels number="2"/>
</mcsystem>
