<?xml version="1.0" encoding="UTF-8" standalone="no"?>
<mcsystem>
    <mcdag deadline="1800" name="genned-0-ed-10.0-0">
        <actor name="D0N13">
            <wcet number="0">10</wcet>
            <wcet number="1">10</wcet>
            <maxpow number="0.4039853079628325"/>
            <maxpow number="0.4039853079628325"/>
            <fprob>0.0</fprob>
        </actor>
        <actor name="D0N43">
            <wcet number="0">60</wcet>
            <wcet number="1">120</wcet>
            <maxpow number="0.6189777931395559"/>
            <maxpow number="0.6189777931395559"/>
            <fprob>0.0</fprob>
        </actor>
        <actor name="D0N39">
            <wcet number="0">30</wcet>
            <wcet number="1">250</wcet>
            <maxpow number="0.4604572556912707"/>
            <maxpow number="0.4604572556912707"/>
            <fprob>0.0</fprob>
        </actor>
        <actor name="D0N5">
            <wcet number="0">80</wcet>
            <wcet number="1">190</wcet>
            <maxpow number="0.35078044702686373"/>
            <maxpow number="0.35078044702686373"/>
            <fprob>0.0</fprob>
        </actor>
        <actor name="D0N37">
            <wcet number="0">50</wcet>
            <wcet number="1">50</wcet>
            <maxpow number="0.7408399326972912"/>
            <maxpow number="0.7408399326972912"/>
            <fprob>0.0</fprob>
        </actor>
        <actor name="D0N21">
            <wcet number="0">40</wcet>
            <wcet number="1">70</wcet>
            <maxpow number="0.7846514490834235"/>
            <maxpow number="0.7846514490834235"/>
            <fprob>0.0</fprob>
        </actor>
        <actor name="D0N46">
            <wcet number="0">10</wcet>
            <wcet number="1">10</wcet>
            <maxpow number="0.9658598592908182"/>
            <maxpow number="0.9658598592908182"/>
            <fprob>0.0</fprob>
        </actor>
        <actor name="D0N3">
            <wcet number="0">40</wcet>
            <wcet number="1">70</wcet>
            <maxpow number="0.6027713137322299"/>
            <maxpow number="0.6027713137322299"/>
            <fprob>0.0</fprob>
        </actor>
        <actor name="D0N36">
            <wcet number="0">30</wcet>
            <wcet number="1">30</wcet>
            <maxpow number="0.47623279729674906"/>
            <maxpow number="0.47623279729674906"/>
            <fprob>0.0</fprob>
        </actor>
        <actor name="D0N1">
            <wcet number="0">120</wcet>
            <wcet number="1">120</wcet>
            <maxpow number="0.6881367586473006"/>
            <maxpow number="0.6881367586473006"/>
            <fprob>0.0</fprob>
        </actor>
        <actor name="D0N23">
            <wcet number="0">50</wcet>
            <wcet number="1">50</wcet>
            <maxpow number="0.33898161046715947"/>
            <maxpow number="0.33898161046715947"/>
            <fprob>0.0</fprob>
        </actor>
        <actor name="D0N9">
            <wcet number="0">130</wcet>
            <wcet number="1">150</wcet>
            <maxpow number="0.36405232308035473"/>
            <maxpow number="0.36405232308035473"/>
            <fprob>0.0</fprob>
        </actor>
        <actor name="D0N10">
            <wcet number="0">50</wcet>
            <wcet number="1">70</wcet>
            <maxpow number="0.7711863120170239"/>
            <maxpow number="0.7711863120170239"/>
            <fprob>0.0</fprob>
        </actor>
        <actor name="D0N30">
            <wcet number="0">10</wcet>
            <wcet number="1">30</wcet>
            <maxpow number="0.5281482591145441"/>
            <maxpow number="0.5281482591145441"/>
            <fprob>0.0</fprob>
        </actor>
        <actor name="D0N16">
            <wcet number="0">10</wcet>
            <wcet number="1">10</wcet>
            <maxpow number="0.6217659670557623"/>
            <maxpow number="0.6217659670557623"/>
            <fprob>0.0</fprob>
        </actor>
        <actor name="D0N27">
            <wcet number="0">10</wcet>
            <wcet number="1">10</wcet>
            <maxpow number="0.9372334015060635"/>
            <maxpow number="0.9372334015060635"/>
            <fprob>0.0</fprob>
        </actor>
        <actor name="D0N4">
            <wcet number="0">140</wcet>
            <wcet number="1">170</wcet>
            <maxpow number="0.6499915348909164"/>
            <maxpow number="0.6499915348909164"/>
            <fprob>0.0</fprob>
        </actor>
        <actor name="D0N19">
            <wcet number="0">50</wcet>
            <wcet number="1">120</wcet>
            <maxpow number="0.2605734428470621"/>
            <maxpow number="0.2605734428470621"/>
            <fprob>0.0</fprob>
        </actor>
        <actor name="D0N31">
            <wcet number="0">130</wcet>
            <wcet number="1">200</wcet>
            <maxpow number="0.42606121515185336"/>
            <maxpow number="0.42606121515185336"/>
            <fprob>0.0</fprob>
        </actor>
        <actor name="D0N12">
            <wcet number="0">30</wcet>
            <wcet number="1">60</wcet>
            <maxpow number="0.5265332458136461"/>
            <maxpow number="0.5265332458136461"/>
            <fprob>0.0</fprob>
        </actor>
        <actor name="D0N15">
            <wcet number="0">40</wcet>
            <wcet number="1">190</wcet>
            <maxpow number="0.38414109748279657"/>
            <maxpow number="0.38414109748279657"/>
            <fprob>0.0</fprob>
        </actor>
        <actor name="D0N14">
            <wcet number="0">60</wcet>
            <wcet number="1">60</wcet>
            <maxpow number="0.45165553249933227"/>
            <maxpow number="0.45165553249933227"/>
            <fprob>0.0</fprob>
        </actor>
        <actor name="D0N22">
            <wcet number="0">110</wcet>
            <wcet number="1">110</wcet>
            <maxpow number="0.5072749575421543"/>
            <maxpow number="0.5072749575421543"/>
            <fprob>0.0</fprob>
        </actor>
        <actor name="D0N41">
            <wcet number="0">80</wcet>
            <wcet number="1">240</wcet>
            <maxpow number="0.39977094175485417"/>
            <maxpow number="0.39977094175485417"/>
            <fprob>0.0</fprob>
        </actor>
        <actor name="D0N44">
            <wcet number="0">20</wcet>
            <wcet number="1">20</wcet>
            <maxpow number="0.42142876113497163"/>
            <maxpow number="0.42142876113497163"/>
            <fprob>0.0</fprob>
        </actor>
        <actor name="D0N33">
            <wcet number="0">30</wcet>
            <wcet number="1">30</wcet>
            <maxpow number="0.6878434144031731"/>
            <maxpow number="0.6878434144031731"/>
            <fprob>0.0</fprob>
        </actor>
        <actor name="D0N25">
            <wcet number="0">40</wcet>
            <wcet number="1">140</wcet>
            <maxpow number="0.6495135732200377"/>
            <maxpow number="0.6495135732200377"/>
            <fprob>0.0</fprob>
        </actor>
        <actor name="D0N7">
            <wcet number="0">40</wcet>
            <wcet number="1">120</wcet>
            <maxpow number="0.7310412640611265"/>
            <maxpow number="0.7310412640611265"/>
            <fprob>0.0</fprob>
        </actor>
        <actor name="D0N24">
            <wcet number="0">20</wcet>
            <wcet number="1">20</wcet>
            <maxpow number="0.5736929375509915"/>
            <maxpow number="0.5736929375509915"/>
            <fprob>0.0</fprob>
        </actor>
        <actor name="D0N20">
            <wcet number="0">10</wcet>
            <wcet number="1">20</wcet>
            <maxpow number="0.6678340656958239"/>
            <maxpow number="0.6678340656958239"/>
            <fprob>0.0</fprob>
        </actor>
        <actor name="D0N11">
            <wcet number="0">10</wcet>
            <wcet number="1">10</wcet>
            <maxpow number="0.6820096459334872"/>
            <maxpow number="0.6820096459334872"/>
            <fprob>0.0</fprob>
        </actor>
        <actor name="D0N34">
            <wcet number="0">10</wcet>
            <wcet number="1">20</wcet>
            <maxpow number="0.5296458324060046"/>
            <maxpow number="0.5296458324060046"/>
            <fprob>0.0</fprob>
        </actor>
        <actor name="D0N38">
            <wcet number="0">10</wcet>
            <wcet number="1">40</wcet>
            <maxpow number="0.5615520674696528"/>
            <maxpow number="0.5615520674696528"/>
            <fprob>0.0</fprob>
        </actor>
        <actor name="D0N42">
            <wcet number="0">10</wcet>
            <wcet number="1">10</wcet>
            <maxpow number="0.653989186728758"/>
            <maxpow number="0.653989186728758"/>
            <fprob>0.0</fprob>
        </actor>
        <actor name="D0N40">
            <wcet number="0">80</wcet>
            <wcet number="1">100</wcet>
            <maxpow number="0.43396123280765053"/>
            <maxpow number="0.43396123280765053"/>
            <fprob>0.0</fprob>
        </actor>
        <actor name="D0N45">
            <wcet number="0">10</wcet>
            <wcet number="1">60</wcet>
            <maxpow number="0.22196572431115696"/>
            <maxpow number="0.22196572431115696"/>
            <fprob>0.0</fprob>
        </actor>
        <actor name="D0N35">
            <wcet number="0">10</wcet>
            <wcet number="1">10</wcet>
            <maxpow number="0.7818531417043144"/>
            <maxpow number="0.7818531417043144"/>
            <fprob>0.0</fprob>
        </actor>
        <actor name="D0N29">
            <wcet number="0">10</wcet>
            <wcet number="1">40</wcet>
            <maxpow number="0.41530654586142013"/>
            <maxpow number="0.41530654586142013"/>
            <fprob>0.0</fprob>
        </actor>
        <actor name="D0N6">
            <wcet number="0">20</wcet>
            <wcet number="1">30</wcet>
            <maxpow number="0.5746817079141892"/>
            <maxpow number="0.5746817079141892"/>
            <fprob>0.0</fprob>
        </actor>
        <actor name="D0N18">
            <wcet number="0">30</wcet>
            <wcet number="1">50</wcet>
            <maxpow number="0.38092094781949015"/>
            <maxpow number="0.38092094781949015"/>
            <fprob>0.0</fprob>
        </actor>
        <actor name="D0N0">
            <wcet number="0">20</wcet>
            <wcet number="1">170</wcet>
            <maxpow number="0.9243293751538485"/>
            <maxpow number="0.9243293751538485"/>
            <fprob>0.0</fprob>
        </actor>
        <actor name="D0N28">
            <wcet number="0">70</wcet>
            <wcet number="1">100</wcet>
            <maxpow number="0.5655840038164558"/>
            <maxpow number="0.5655840038164558"/>
            <fprob>0.0</fprob>
        </actor>
        <actor name="D0N32">
            <wcet number="0">10</wcet>
            <wcet number="1">50</wcet>
            <maxpow number="0.5866743079201597"/>
            <maxpow number="0.5866743079201597"/>
            <fprob>0.0</fprob>
        </actor>
        <actor name="D0N26">
            <wcet number="0">10</wcet>
            <wcet number="1">40</wcet>
            <maxpow number="0.3560670209346418"/>
            <maxpow number="0.3560670209346418"/>
            <fprob>0.0</fprob>
        </actor>
        <actor name="D0N2">
            <wcet number="0">20</wcet>
            <wcet number="1">110</wcet>
            <maxpow number="0.6168816391658405"/>
            <maxpow number="0.6168816391658405"/>
            <fprob>0.0</fprob>
        </actor>
        <actor name="D0N8">
            <wcet number="0">10</wcet>
            <wcet number="1">10</wcet>
            <maxpow number="0.3236780508665169"/>
            <maxpow number="0.3236780508665169"/>
            <fprob>0.0</fprob>
        </actor>
        <actor name="D0N17">
            <wcet number="0">10</wcet>
            <wcet number="1">10</wcet>
            <maxpow number="0.6914585014300731"/>
            <maxpow number="0.6914585014300731"/>
            <fprob>0.0</fprob>
        </actor>
        <ports>
            <port dstActor="D0N45" name="p0" srcActor="D0N13"/>
            <port dstActor="D0N12" name="p1" srcActor="D0N5"/>
            <port dstActor="D0N33" name="p2" srcActor="D0N5"/>
            <port dstActor="D0N8" name="p3" srcActor="D0N5"/>
            <port dstActor="D0N39" name="p4" srcActor="D0N37"/>
            <port dstActor="D0N45" name="p5" srcActor="D0N37"/>
            <port dstActor="D0N30" name="p6" srcActor="D0N21"/>
            <port dstActor="D0N12" name="p7" srcActor="D0N3"/>
            <port dstActor="D0N15" name="p8" srcActor="D0N3"/>
            <port dstActor="D0N42" name="p9" srcActor="D0N3"/>
            <port dstActor="D0N11" name="p10" srcActor="D0N3"/>
            <port dstActor="D0N39" name="p11" srcActor="D0N3"/>
            <port dstActor="D0N30" name="p12" srcActor="D0N3"/>
            <port dstActor="D0N26" name="p13" srcActor="D0N1"/>
            <port dstActor="D0N9" name="p14" srcActor="D0N1"/>
            <port dstActor="D0N19" name="p15" srcActor="D0N1"/>
            <port dstActor="D0N27" name="p16" srcActor="D0N1"/>
            <port dstActor="D0N7" name="p17" srcActor="D0N1"/>
            <port dstActor="D0N11" name="p18" srcActor="D0N1"/>
            <port dstActor="D0N26" name="p19" srcActor="D0N23"/>
            <port dstActor="D0N42" name="p20" srcActor="D0N9"/>
            <port dstActor="D0N34" name="p21" srcActor="D0N9"/>
            <port dstActor="D0N17" name="p22" srcActor="D0N9"/>
            <port dstActor="D0N16" name="p23" srcActor="D0N9"/>
            <port dstActor="D0N29" name="p24" srcActor="D0N9"/>
            <port dstActor="D0N28" name="p25" srcActor="D0N9"/>
            <port dstActor="D0N28" name="p26" srcActor="D0N10"/>
            <port dstActor="D0N16" name="p27" srcActor="D0N10"/>
            <port dstActor="D0N43" name="p28" srcActor="D0N10"/>
            <port dstActor="D0N15" name="p29" srcActor="D0N10"/>
            <port dstActor="D0N23" name="p30" srcActor="D0N10"/>
            <port dstActor="D0N38" name="p31" srcActor="D0N16"/>
            <port dstActor="D0N40" name="p32" srcActor="D0N16"/>
            <port dstActor="D0N33" name="p33" srcActor="D0N27"/>
            <port dstActor="D0N28" name="p34" srcActor="D0N27"/>
            <port dstActor="D0N37" name="p35" srcActor="D0N27"/>
            <port dstActor="D0N20" name="p36" srcActor="D0N4"/>
            <port dstActor="D0N35" name="p37" srcActor="D0N4"/>
            <port dstActor="D0N5" name="p38" srcActor="D0N4"/>
            <port dstActor="D0N38" name="p39" srcActor="D0N19"/>
            <port dstActor="D0N34" name="p40" srcActor="D0N19"/>
            <port dstActor="D0N23" name="p41" srcActor="D0N19"/>
            <port dstActor="D0N32" name="p42" srcActor="D0N31"/>
            <port dstActor="D0N44" name="p43" srcActor="D0N31"/>
            <port dstActor="D0N25" name="p44" srcActor="D0N12"/>
            <port dstActor="D0N37" name="p45" srcActor="D0N12"/>
            <port dstActor="D0N16" name="p46" srcActor="D0N12"/>
            <port dstActor="D0N16" name="p47" srcActor="D0N15"/>
            <port dstActor="D0N43" name="p48" srcActor="D0N15"/>
            <port dstActor="D0N36" name="p49" srcActor="D0N14"/>
            <port dstActor="D0N16" name="p50" srcActor="D0N14"/>
            <port dstActor="D0N36" name="p51" srcActor="D0N33"/>
            <port dstActor="D0N42" name="p52" srcActor="D0N25"/>
            <port dstActor="D0N34" name="p53" srcActor="D0N25"/>
            <port dstActor="D0N13" name="p54" srcActor="D0N7"/>
            <port dstActor="D0N11" name="p55" srcActor="D0N7"/>
            <port dstActor="D0N32" name="p56" srcActor="D0N24"/>
            <port dstActor="D0N41" name="p57" srcActor="D0N24"/>
            <port dstActor="D0N36" name="p58" srcActor="D0N24"/>
            <port dstActor="D0N14" name="p59" srcActor="D0N11"/>
            <port dstActor="D0N26" name="p60" srcActor="D0N11"/>
            <port dstActor="D0N29" name="p61" srcActor="D0N11"/>
            <port dstActor="D0N35" name="p62" srcActor="D0N34"/>
            <port dstActor="D0N40" name="p63" srcActor="D0N38"/>
            <port dstActor="D0N32" name="p64" srcActor="D0N29"/>
            <port dstActor="D0N33" name="p65" srcActor="D0N29"/>
            <port dstActor="D0N11" name="p66" srcActor="D0N6"/>
            <port dstActor="D0N29" name="p67" srcActor="D0N18"/>
            <port dstActor="D0N43" name="p68" srcActor="D0N18"/>
            <port dstActor="D0N33" name="p69" srcActor="D0N18"/>
            <port dstActor="D0N34" name="p70" srcActor="D0N18"/>
            <port dstActor="D0N42" name="p71" srcActor="D0N0"/>
            <port dstActor="D0N45" name="p72" srcActor="D0N0"/>
            <port dstActor="D0N28" name="p73" srcActor="D0N0"/>
            <port dstActor="D0N42" name="p74" srcActor="D0N28"/>
            <port dstActor="D0N34" name="p75" srcActor="D0N32"/>
            <port dstActor="D0N45" name="p76" srcActor="D0N32"/>
            <port dstActor="D0N29" name="p77" srcActor="D0N26"/>
            <port dstActor="D0N43" name="p78" srcActor="D0N26"/>
            <port dstActor="D0N34" name="p79" srcActor="D0N26"/>
            <port dstActor="D0N44" name="p80" srcActor="D0N26"/>
            <port dstActor="D0N37" name="p81" srcActor="D0N2"/>
            <port dstActor="D0N19" name="p82" srcActor="D0N8"/>
            <port dstActor="D0N31" name="p83" srcActor="D0N8"/>
            <port dstActor="D0N13" name="p84" srcActor="D0N8"/>
            <port dstActor="D0N30" name="p85" srcActor="D0N8"/>
            <port dstActor="D0N25" name="p86" srcActor="D0N8"/>
            <port dstActor="D0N28" name="p87" srcActor="D0N8"/>
            <port dstActor="D0N37" name="p88" srcActor="D0N17"/>
            <port dstActor="D0N21" name="p89" srcActor="D0N17"/>
            <port dstActor="D0N31" name="p90" srcActor="D0N17"/>
            <port dstActor="D0N24" name="p91" srcActor="D0N17"/>
        </ports>
    </mcdag>
    <cores number="2"/>
    <levels number="2"/>
</mcsystem>
