<?xml version="1.0" encoding="UTF-8" standalone="no"?>
<mcsystem>
    <mcdag deadline="1800" name="genned-0-ed-10.0-0">
        <actor name="D0N37">
            <wcet number="0">270</wcet>
            <wcet number="1">340</wcet>
            <maxpow number="0.18582765362376974"/>
            <maxpow number="0.18582765362376974"/>
            <fprob>0.0</fprob>
        </actor>
        <actor name="D0N33">
            <wcet number="0">20</wcet>
            <wcet number="1">40</wcet>
            <maxpow number="0.5780734573073936"/>
            <maxpow number="0.5780734573073936"/>
            <fprob>0.0</fprob>
        </actor>
        <actor name="D0N30">
            <wcet number="0">10</wcet>
            <wcet number="1">90</wcet>
            <maxpow number="0.34705437134066985"/>
            <maxpow number="0.34705437134066985"/>
            <fprob>0.0</fprob>
        </actor>
        <actor name="D0N6">
            <wcet number="0">10</wcet>
            <wcet number="1">30</wcet>
            <maxpow number="0.5221605137799833"/>
            <maxpow number="0.5221605137799833"/>
            <fprob>0.0</fprob>
        </actor>
        <actor name="D0N18">
            <wcet number="0">130</wcet>
            <wcet number="1">150</wcet>
            <maxpow number="0.4381990303056122"/>
            <maxpow number="0.4381990303056122"/>
            <fprob>0.0</fprob>
        </actor>
        <actor name="D0N32">
            <wcet number="0">20</wcet>
            <wcet number="1">40</wcet>
            <maxpow number="0.7839335892142554"/>
            <maxpow number="0.7839335892142554"/>
            <fprob>0.0</fprob>
        </actor>
        <actor name="D0N16">
            <wcet number="0">10</wcet>
            <wcet number="1">20</wcet>
            <maxpow number="0.17749978350394902"/>
            <maxpow number="0.17749978350394902"/>
            <fprob>0.0</fprob>
        </actor>
        <actor name="D0N5">
            <wcet number="0">150</wcet>
            <wcet number="1">220</wcet>
            <maxpow number="0.6217371641882273"/>
            <maxpow number="0.6217371641882273"/>
            <fprob>0.0</fprob>
        </actor>
        <actor name="D0N13">
            <wcet number="0">20</wcet>
            <wcet number="1">30</wcet>
            <maxpow number="0.3613913051337554"/>
            <maxpow number="0.3613913051337554"/>
            <fprob>0.0</fprob>
        </actor>
        <actor name="D0N23">
            <wcet number="0">100</wcet>
            <wcet number="1">100</wcet>
            <maxpow number="0.45310213593539395"/>
            <maxpow number="0.45310213593539395"/>
            <fprob>0.0</fprob>
        </actor>
        <actor name="D0N28">
            <wcet number="0">10</wcet>
            <wcet number="1">10</wcet>
            <maxpow number="0.451083229751279"/>
            <maxpow number="0.451083229751279"/>
            <fprob>0.0</fprob>
        </actor>
        <actor name="D0N40">
            <wcet number="0">10</wcet>
            <wcet number="1">40</wcet>
            <maxpow number="0.6068813687236803"/>
            <maxpow number="0.6068813687236803"/>
            <fprob>0.0</fprob>
        </actor>
        <actor name="D0N2">
            <wcet number="0">10</wcet>
            <wcet number="1">10</wcet>
            <maxpow number="0.4275092741871267"/>
            <maxpow number="0.4275092741871267"/>
            <fprob>0.0</fprob>
        </actor>
        <actor name="D0N26">
            <wcet number="0">10</wcet>
            <wcet number="1">340</wcet>
            <maxpow number="0.5855492235334846"/>
            <maxpow number="0.5855492235334846"/>
            <fprob>0.0</fprob>
        </actor>
        <actor name="D0N35">
            <wcet number="0">120</wcet>
            <wcet number="1">120</wcet>
            <maxpow number="0.2592458576862309"/>
            <maxpow number="0.2592458576862309"/>
            <fprob>0.0</fprob>
        </actor>
        <actor name="D0N20">
            <wcet number="0">90</wcet>
            <wcet number="1">90</wcet>
            <maxpow number="0.7307319869276114"/>
            <maxpow number="0.7307319869276114"/>
            <fprob>0.0</fprob>
        </actor>
        <actor name="D0N0">
            <wcet number="0">40</wcet>
            <wcet number="1">40</wcet>
            <maxpow number="0.4872068599889031"/>
            <maxpow number="0.4872068599889031"/>
            <fprob>0.0</fprob>
        </actor>
        <actor name="D0N31">
            <wcet number="0">10</wcet>
            <wcet number="1">30</wcet>
            <maxpow number="0.48997721419986506"/>
            <maxpow number="0.48997721419986506"/>
            <fprob>0.0</fprob>
        </actor>
        <actor name="D0N41">
            <wcet number="0">240</wcet>
            <wcet number="1">250</wcet>
            <maxpow number="0.9545246205878648"/>
            <maxpow number="0.9545246205878648"/>
            <fprob>0.0</fprob>
        </actor>
        <actor name="D0N21">
            <wcet number="0">60</wcet>
            <wcet number="1">90</wcet>
            <maxpow number="0.7616585871597946"/>
            <maxpow number="0.7616585871597946"/>
            <fprob>0.0</fprob>
        </actor>
        <actor name="D0N29">
            <wcet number="0">20</wcet>
            <wcet number="1">50</wcet>
            <maxpow number="0.6248479234194829"/>
            <maxpow number="0.6248479234194829"/>
            <fprob>0.0</fprob>
        </actor>
        <actor name="D0N9">
            <wcet number="0">10</wcet>
            <wcet number="1">10</wcet>
            <maxpow number="0.7486011352961617"/>
            <maxpow number="0.7486011352961617"/>
            <fprob>0.0</fprob>
        </actor>
        <actor name="D0N12">
            <wcet number="0">50</wcet>
            <wcet number="1">60</wcet>
            <maxpow number="0.39297910694878285"/>
            <maxpow number="0.39297910694878285"/>
            <fprob>0.0</fprob>
        </actor>
        <actor name="D0N39">
            <wcet number="0">30</wcet>
            <wcet number="1">130</wcet>
            <maxpow number="1.0551902039895134"/>
            <maxpow number="1.0551902039895134"/>
            <fprob>0.0</fprob>
        </actor>
        <actor name="D0N44">
            <wcet number="0">130</wcet>
            <wcet number="1">160</wcet>
            <maxpow number="0.648043980575134"/>
            <maxpow number="0.648043980575134"/>
            <fprob>0.0</fprob>
        </actor>
        <actor name="D0N34">
            <wcet number="0">10</wcet>
            <wcet number="1">40</wcet>
            <maxpow number="0.23802557871710622"/>
            <maxpow number="0.23802557871710622"/>
            <fprob>0.0</fprob>
        </actor>
        <actor name="D0N14">
            <wcet number="0">30</wcet>
            <wcet number="1">40</wcet>
            <maxpow number="0.6618361398725805"/>
            <maxpow number="0.6618361398725805"/>
            <fprob>0.0</fprob>
        </actor>
        <actor name="D0N10">
            <wcet number="0">30</wcet>
            <wcet number="1">250</wcet>
            <maxpow number="0.7744083369518707"/>
            <maxpow number="0.7744083369518707"/>
            <fprob>0.0</fprob>
        </actor>
        <actor name="D0N25">
            <wcet number="0">50</wcet>
            <wcet number="1">70</wcet>
            <maxpow number="0.43095967182492717"/>
            <maxpow number="0.43095967182492717"/>
            <fprob>0.0</fprob>
        </actor>
        <actor name="D0N27">
            <wcet number="0">130</wcet>
            <wcet number="1">130</wcet>
            <maxpow number="0.5220808023799871"/>
            <maxpow number="0.5220808023799871"/>
            <fprob>0.0</fprob>
        </actor>
        <actor name="D0N24">
            <wcet number="0">20</wcet>
            <wcet number="1">30</wcet>
            <maxpow number="0.7868776881791579"/>
            <maxpow number="0.7868776881791579"/>
            <fprob>0.0</fprob>
        </actor>
        <actor name="D0N11">
            <wcet number="0">110</wcet>
            <wcet number="1">300</wcet>
            <maxpow number="0.5109198178643153"/>
            <maxpow number="0.5109198178643153"/>
            <fprob>0.0</fprob>
        </actor>
        <actor name="D0N19">
            <wcet number="0">80</wcet>
            <wcet number="1">80</wcet>
            <maxpow number="0.9850011686281053"/>
            <maxpow number="0.9850011686281053"/>
            <fprob>0.0</fprob>
        </actor>
        <actor name="D0N17">
            <wcet number="0">10</wcet>
            <wcet number="1">20</wcet>
            <maxpow number="0.6512403152836936"/>
            <maxpow number="0.6512403152836936"/>
            <fprob>0.0</fprob>
        </actor>
        <actor name="D0N4">
            <wcet number="0">40</wcet>
            <wcet number="1">40</wcet>
            <maxpow number="0.7219637292036654"/>
            <maxpow number="0.7219637292036654"/>
            <fprob>0.0</fprob>
        </actor>
        <actor name="D0N42">
            <wcet number="0">80</wcet>
            <wcet number="1">120</wcet>
            <maxpow number="0.4844225907763342"/>
            <maxpow number="0.4844225907763342"/>
            <fprob>0.0</fprob>
        </actor>
        <actor name="D0N43">
            <wcet number="0">110</wcet>
            <wcet number="1">190</wcet>
            <maxpow number="0.45346427725179705"/>
            <maxpow number="0.45346427725179705"/>
            <fprob>0.0</fprob>
        </actor>
        <actor name="D0N7">
            <wcet number="0">10</wcet>
            <wcet number="1">50</wcet>
            <maxpow number="0.739284797592832"/>
            <maxpow number="0.739284797592832"/>
            <fprob>0.0</fprob>
        </actor>
        <actor name="D0N38">
            <wcet number="0">60</wcet>
            <wcet number="1">110</wcet>
            <maxpow number="0.7598748288477504"/>
            <maxpow number="0.7598748288477504"/>
            <fprob>0.0</fprob>
        </actor>
        <actor name="D0N45">
            <wcet number="0">20</wcet>
            <wcet number="1">30</wcet>
            <maxpow number="0.5940147947916334"/>
            <maxpow number="0.5940147947916334"/>
            <fprob>0.0</fprob>
        </actor>
        <actor name="D0N15">
            <wcet number="0">10</wcet>
            <wcet number="1">50</wcet>
            <maxpow number="0.07435514515908548"/>
            <maxpow number="0.07435514515908548"/>
            <fprob>0.0</fprob>
        </actor>
        <actor name="D0N3">
            <wcet number="0">10</wcet>
            <wcet number="1">10</wcet>
            <maxpow number="0.4540053478349899"/>
            <maxpow number="0.4540053478349899"/>
            <fprob>0.0</fprob>
        </actor>
        <actor name="D0N1">
            <wcet number="0">10</wcet>
            <wcet number="1">140</wcet>
            <maxpow number="0.3876433500117916"/>
            <maxpow number="0.3876433500117916"/>
            <fprob>0.0</fprob>
        </actor>
        <actor name="D0N8">
            <wcet number="0">20</wcet>
            <wcet number="1">90</wcet>
            <maxpow number="0.5491242530030187"/>
            <maxpow number="0.5491242530030187"/>
            <fprob>0.0</fprob>
        </actor>
        <actor name="D0N22">
            <wcet number="0">30</wcet>
            <wcet number="1">30</wcet>
            <maxpow number="0.794542735058081"/>
            <maxpow number="0.794542735058081"/>
            <fprob>0.0</fprob>
        </actor>
        <actor name="D0N36">
            <wcet number="0">10</wcet>
            <wcet number="1">10</wcet>
            <maxpow number="0.4907779574437695"/>
            <maxpow number="0.4907779574437695"/>
            <fprob>0.0</fprob>
        </actor>
        <ports>
            <port dstActor="D0N40" name="p0" srcActor="D0N37"/>
            <port dstActor="D0N39" name="p1" srcActor="D0N33"/>
            <port dstActor="D0N40" name="p2" srcActor="D0N30"/>
            <port dstActor="D0N33" name="p3" srcActor="D0N30"/>
            <port dstActor="D0N33" name="p4" srcActor="D0N6"/>
            <port dstActor="D0N26" name="p5" srcActor="D0N6"/>
            <port dstActor="D0N30" name="p6" srcActor="D0N6"/>
            <port dstActor="D0N38" name="p7" srcActor="D0N6"/>
            <port dstActor="D0N28" name="p8" srcActor="D0N6"/>
            <port dstActor="D0N22" name="p9" srcActor="D0N18"/>
            <port dstActor="D0N45" name="p10" srcActor="D0N18"/>
            <port dstActor="D0N43" name="p11" srcActor="D0N18"/>
            <port dstActor="D0N37" name="p12" srcActor="D0N18"/>
            <port dstActor="D0N27" name="p13" srcActor="D0N18"/>
            <port dstActor="D0N39" name="p14" srcActor="D0N16"/>
            <port dstActor="D0N43" name="p15" srcActor="D0N16"/>
            <port dstActor="D0N30" name="p16" srcActor="D0N16"/>
            <port dstActor="D0N10" name="p17" srcActor="D0N5"/>
            <port dstActor="D0N28" name="p18" srcActor="D0N5"/>
            <port dstActor="D0N34" name="p19" srcActor="D0N5"/>
            <port dstActor="D0N25" name="p20" srcActor="D0N5"/>
            <port dstActor="D0N20" name="p21" srcActor="D0N5"/>
            <port dstActor="D0N6" name="p22" srcActor="D0N5"/>
            <port dstActor="D0N45" name="p23" srcActor="D0N13"/>
            <port dstActor="D0N31" name="p24" srcActor="D0N13"/>
            <port dstActor="D0N32" name="p25" srcActor="D0N13"/>
            <port dstActor="D0N44" name="p26" srcActor="D0N13"/>
            <port dstActor="D0N30" name="p27" srcActor="D0N23"/>
            <port dstActor="D0N41" name="p28" srcActor="D0N23"/>
            <port dstActor="D0N38" name="p29" srcActor="D0N23"/>
            <port dstActor="D0N44" name="p30" srcActor="D0N23"/>
            <port dstActor="D0N33" name="p31" srcActor="D0N28"/>
            <port dstActor="D0N29" name="p32" srcActor="D0N28"/>
            <port dstActor="D0N38" name="p33" srcActor="D0N28"/>
            <port dstActor="D0N29" name="p34" srcActor="D0N2"/>
            <port dstActor="D0N19" name="p35" srcActor="D0N2"/>
            <port dstActor="D0N32" name="p36" srcActor="D0N2"/>
            <port dstActor="D0N44" name="p37" srcActor="D0N35"/>
            <port dstActor="D0N40" name="p38" srcActor="D0N20"/>
            <port dstActor="D0N28" name="p39" srcActor="D0N20"/>
            <port dstActor="D0N10" name="p40" srcActor="D0N0"/>
            <port dstActor="D0N5" name="p41" srcActor="D0N0"/>
            <port dstActor="D0N37" name="p42" srcActor="D0N0"/>
            <port dstActor="D0N8" name="p43" srcActor="D0N0"/>
            <port dstActor="D0N25" name="p44" srcActor="D0N0"/>
            <port dstActor="D0N31" name="p45" srcActor="D0N0"/>
            <port dstActor="D0N38" name="p46" srcActor="D0N31"/>
            <port dstActor="D0N24" name="p47" srcActor="D0N21"/>
            <port dstActor="D0N43" name="p48" srcActor="D0N21"/>
            <port dstActor="D0N37" name="p49" srcActor="D0N29"/>
            <port dstActor="D0N38" name="p50" srcActor="D0N29"/>
            <port dstActor="D0N20" name="p51" srcActor="D0N9"/>
            <port dstActor="D0N31" name="p52" srcActor="D0N9"/>
            <port dstActor="D0N33" name="p53" srcActor="D0N9"/>
            <port dstActor="D0N45" name="p54" srcActor="D0N9"/>
            <port dstActor="D0N26" name="p55" srcActor="D0N12"/>
            <port dstActor="D0N35" name="p56" srcActor="D0N12"/>
            <port dstActor="D0N43" name="p57" srcActor="D0N39"/>
            <port dstActor="D0N41" name="p58" srcActor="D0N39"/>
            <port dstActor="D0N45" name="p59" srcActor="D0N44"/>
            <port dstActor="D0N42" name="p60" srcActor="D0N34"/>
            <port dstActor="D0N16" name="p61" srcActor="D0N14"/>
            <port dstActor="D0N18" name="p62" srcActor="D0N14"/>
            <port dstActor="D0N26" name="p63" srcActor="D0N10"/>
            <port dstActor="D0N25" name="p64" srcActor="D0N10"/>
            <port dstActor="D0N39" name="p65" srcActor="D0N10"/>
            <port dstActor="D0N30" name="p66" srcActor="D0N25"/>
            <port dstActor="D0N36" name="p67" srcActor="D0N27"/>
            <port dstActor="D0N36" name="p68" srcActor="D0N24"/>
            <port dstActor="D0N31" name="p69" srcActor="D0N24"/>
            <port dstActor="D0N26" name="p70" srcActor="D0N24"/>
            <port dstActor="D0N30" name="p71" srcActor="D0N11"/>
            <port dstActor="D0N39" name="p72" srcActor="D0N11"/>
            <port dstActor="D0N43" name="p73" srcActor="D0N19"/>
            <port dstActor="D0N29" name="p74" srcActor="D0N19"/>
            <port dstActor="D0N40" name="p75" srcActor="D0N17"/>
            <port dstActor="D0N27" name="p76" srcActor="D0N17"/>
            <port dstActor="D0N45" name="p77" srcActor="D0N17"/>
            <port dstActor="D0N31" name="p78" srcActor="D0N4"/>
            <port dstActor="D0N15" name="p79" srcActor="D0N4"/>
            <port dstActor="D0N13" name="p80" srcActor="D0N7"/>
            <port dstActor="D0N18" name="p81" srcActor="D0N7"/>
            <port dstActor="D0N29" name="p82" srcActor="D0N7"/>
            <port dstActor="D0N33" name="p83" srcActor="D0N7"/>
            <port dstActor="D0N35" name="p84" srcActor="D0N7"/>
            <port dstActor="D0N44" name="p85" srcActor="D0N7"/>
            <port dstActor="D0N42" name="p86" srcActor="D0N15"/>
            <port dstActor="D0N45" name="p87" srcActor="D0N15"/>
            <port dstActor="D0N38" name="p88" srcActor="D0N3"/>
            <port dstActor="D0N31" name="p89" srcActor="D0N3"/>
            <port dstActor="D0N33" name="p90" srcActor="D0N3"/>
            <port dstActor="D0N11" name="p91" srcActor="D0N1"/>
            <port dstActor="D0N40" name="p92" srcActor="D0N1"/>
            <port dstActor="D0N26" name="p93" srcActor="D0N1"/>
            <port dstActor="D0N18" name="p94" srcActor="D0N1"/>
            <port dstActor="D0N16" name="p95" srcActor="D0N1"/>
            <port dstActor="D0N7" name="p96" srcActor="D0N1"/>
            <port dstActor="D0N13" name="p97" srcActor="D0N1"/>
            <port dstActor="D0N23" name="p98" srcActor="D0N1"/>
            <port dstActor="D0N4" name="p99" srcActor="D0N1"/>
            <port dstActor="D0N13" name="p100" srcActor="D0N8"/>
            <port dstActor="D0N20" name="p101" srcActor="D0N8"/>
            <port dstActor="D0N26" name="p102" srcActor="D0N8"/>
            <port dstActor="D0N10" name="p103" srcActor="D0N8"/>
            <port dstActor="D0N27" name="p104" srcActor="D0N8"/>
            <port dstActor="D0N39" name="p105" srcActor="D0N8"/>
            <port dstActor="D0N43" name="p106" srcActor="D0N8"/>
            <port dstActor="D0N45" name="p107" srcActor="D0N8"/>
            <port dstActor="D0N38" name="p108" srcActor="D0N22"/>
            <port dstActor="D0N45" name="p109" srcActor="D0N36"/>
            <port dstActor="D0N38" name="p110" srcActor="D0N36"/>
        </ports>
    </mcdag>
    <cores number="3"/>
    <levels number="2"/>
</mcsystem>
