<?xml version="1.0" encoding="UTF-8" standalone="no"?>
<mcsystem>
    <mcdag deadline="5000" name="genned-0-ed-10.0-0">
        <actor name="D0N7">
            <wcet number="0">10</wcet>
            <wcet number="1">70</wcet>
            <maxpow number="0.6231432431263597"/>
            <maxpow number="0.6231432431263597"/>
            <fprob>0.0</fprob>
        </actor>
        <actor name="D0N10">
            <wcet number="0">20</wcet>
            <wcet number="1">520</wcet>
            <maxpow number="0.5334398200188342"/>
            <maxpow number="0.5334398200188342"/>
            <fprob>0.0</fprob>
        </actor>
        <actor name="D0N31">
            <wcet number="0">70</wcet>
            <wcet number="1">70</wcet>
            <maxpow number="0.5454102187885287"/>
            <maxpow number="0.5454102187885287"/>
            <fprob>0.0</fprob>
        </actor>
        <actor name="D0N45">
            <wcet number="0">70</wcet>
            <wcet number="1">190</wcet>
            <maxpow number="0.8706509301108758"/>
            <maxpow number="0.8706509301108758"/>
            <fprob>0.0</fprob>
        </actor>
        <actor name="D0N46">
            <wcet number="0">20</wcet>
            <wcet number="1">40</wcet>
            <maxpow number="0.6145395856476508"/>
            <maxpow number="0.6145395856476508"/>
            <fprob>0.0</fprob>
        </actor>
        <actor name="D0N8">
            <wcet number="0">190</wcet>
            <wcet number="1">270</wcet>
            <maxpow number="0.4810092382281356"/>
            <maxpow number="0.4810092382281356"/>
            <fprob>0.0</fprob>
        </actor>
        <actor name="D0N39">
            <wcet number="0">950</wcet>
            <wcet number="1">1380</wcet>
            <maxpow number="0.5421227947209922"/>
            <maxpow number="0.5421227947209922"/>
            <fprob>0.0</fprob>
        </actor>
        <actor name="D0N6">
            <wcet number="0">180</wcet>
            <wcet number="1">190</wcet>
            <maxpow number="0.45135299237060617"/>
            <maxpow number="0.45135299237060617"/>
            <fprob>0.0</fprob>
        </actor>
        <actor name="D0N14">
            <wcet number="0">20</wcet>
            <wcet number="1">40</wcet>
            <maxpow number="0.2726565755096979"/>
            <maxpow number="0.2726565755096979"/>
            <fprob>0.0</fprob>
        </actor>
        <actor name="D0N28">
            <wcet number="0">650</wcet>
            <wcet number="1">660</wcet>
            <maxpow number="0.5157851317063705"/>
            <maxpow number="0.5157851317063705"/>
            <fprob>0.0</fprob>
        </actor>
        <actor name="D0N22">
            <wcet number="0">100</wcet>
            <wcet number="1">220</wcet>
            <maxpow number="0.07537610318948823"/>
            <maxpow number="0.07537610318948823"/>
            <fprob>0.0</fprob>
        </actor>
        <actor name="D0N32">
            <wcet number="0">190</wcet>
            <wcet number="1">270</wcet>
            <maxpow number="0.3303991472780804"/>
            <maxpow number="0.3303991472780804"/>
            <fprob>0.0</fprob>
        </actor>
        <actor name="D0N3">
            <wcet number="0">40</wcet>
            <wcet number="1">90</wcet>
            <maxpow number="0.3352308021712277"/>
            <maxpow number="0.3352308021712277"/>
            <fprob>0.0</fprob>
        </actor>
        <actor name="D0N36">
            <wcet number="0">20</wcet>
            <wcet number="1">50</wcet>
            <maxpow number="0.4835495988231926"/>
            <maxpow number="0.4835495988231926"/>
            <fprob>0.0</fprob>
        </actor>
        <actor name="D0N4">
            <wcet number="0">80</wcet>
            <wcet number="1">90</wcet>
            <maxpow number="0.4131520874795238"/>
            <maxpow number="0.4131520874795238"/>
            <fprob>0.0</fprob>
        </actor>
        <actor name="D0N19">
            <wcet number="0">90</wcet>
            <wcet number="1">340</wcet>
            <maxpow number="0.3644432168508232"/>
            <maxpow number="0.3644432168508232"/>
            <fprob>0.0</fprob>
        </actor>
        <actor name="D0N17">
            <wcet number="0">40</wcet>
            <wcet number="1">160</wcet>
            <maxpow number="0.1466887614205133"/>
            <maxpow number="0.1466887614205133"/>
            <fprob>0.0</fprob>
        </actor>
        <actor name="D0N44">
            <wcet number="0">140</wcet>
            <wcet number="1">190</wcet>
            <maxpow number="0.7241759292060853"/>
            <maxpow number="0.7241759292060853"/>
            <fprob>0.0</fprob>
        </actor>
        <actor name="D0N48">
            <wcet number="0">70</wcet>
            <wcet number="1">100</wcet>
            <maxpow number="0.27261491943229815"/>
            <maxpow number="0.27261491943229815"/>
            <fprob>0.0</fprob>
        </actor>
        <actor name="D0N42">
            <wcet number="0">50</wcet>
            <wcet number="1">150</wcet>
            <maxpow number="0.5977182864112042"/>
            <maxpow number="0.5977182864112042"/>
            <fprob>0.0</fprob>
        </actor>
        <actor name="D0N1">
            <wcet number="0">140</wcet>
            <wcet number="1">240</wcet>
            <maxpow number="0.6352256132264363"/>
            <maxpow number="0.6352256132264363"/>
            <fprob>0.0</fprob>
        </actor>
        <actor name="D0N9">
            <wcet number="0">340</wcet>
            <wcet number="1">360</wcet>
            <maxpow number="0.6963442705309916"/>
            <maxpow number="0.6963442705309916"/>
            <fprob>0.0</fprob>
        </actor>
        <actor name="D0N30">
            <wcet number="0">250</wcet>
            <wcet number="1">520</wcet>
            <maxpow number="0.8781472970497243"/>
            <maxpow number="0.8781472970497243"/>
            <fprob>0.0</fprob>
        </actor>
        <actor name="D0N40">
            <wcet number="0">20</wcet>
            <wcet number="1">20</wcet>
            <maxpow number="0.712390761499268"/>
            <maxpow number="0.712390761499268"/>
            <fprob>0.0</fprob>
        </actor>
        <actor name="D0N29">
            <wcet number="0">500</wcet>
            <wcet number="1">550</wcet>
            <maxpow number="0.20897579961685947"/>
            <maxpow number="0.20897579961685947"/>
            <fprob>0.0</fprob>
        </actor>
        <actor name="D0N26">
            <wcet number="0">340</wcet>
            <wcet number="1">390</wcet>
            <maxpow number="0.5996931681580092"/>
            <maxpow number="0.5996931681580092"/>
            <fprob>0.0</fprob>
        </actor>
        <actor name="D0N25">
            <wcet number="0">20</wcet>
            <wcet number="1">50</wcet>
            <maxpow number="0.5924158768109121"/>
            <maxpow number="0.5924158768109121"/>
            <fprob>0.0</fprob>
        </actor>
        <actor name="D0N38">
            <wcet number="0">230</wcet>
            <wcet number="1">340</wcet>
            <maxpow number="0.490890568958768"/>
            <maxpow number="0.490890568958768"/>
            <fprob>0.0</fprob>
        </actor>
        <actor name="D0N0">
            <wcet number="0">10</wcet>
            <wcet number="1">80</wcet>
            <maxpow number="0.6801488757048464"/>
            <maxpow number="0.6801488757048464"/>
            <fprob>0.0</fprob>
        </actor>
        <actor name="D0N47">
            <wcet number="0">30</wcet>
            <wcet number="1">60</wcet>
            <maxpow number="0.9307187512896887"/>
            <maxpow number="0.9307187512896887"/>
            <fprob>0.0</fprob>
        </actor>
        <actor name="D0N5">
            <wcet number="0">250</wcet>
            <wcet number="1">270</wcet>
            <maxpow number="0.37687720671127944"/>
            <maxpow number="0.37687720671127944"/>
            <fprob>0.0</fprob>
        </actor>
        <actor name="D0N15">
            <wcet number="0">140</wcet>
            <wcet number="1">340</wcet>
            <maxpow number="0.6393311494093002"/>
            <maxpow number="0.6393311494093002"/>
            <fprob>0.0</fprob>
        </actor>
        <actor name="D0N13">
            <wcet number="0">160</wcet>
            <wcet number="1">210</wcet>
            <maxpow number="0.5166733421131924"/>
            <maxpow number="0.5166733421131924"/>
            <fprob>0.0</fprob>
        </actor>
        <actor name="D0N24">
            <wcet number="0">940</wcet>
            <wcet number="1">1030</wcet>
            <maxpow number="0.5333846560439631"/>
            <maxpow number="0.5333846560439631"/>
            <fprob>0.0</fprob>
        </actor>
        <actor name="D0N35">
            <wcet number="0">20</wcet>
            <wcet number="1">80</wcet>
            <maxpow number="0.6868141299028013"/>
            <maxpow number="0.6868141299028013"/>
            <fprob>0.0</fprob>
        </actor>
        <actor name="D0N2">
            <wcet number="0">80</wcet>
            <wcet number="1">80</wcet>
            <maxpow number="0.4296941292418813"/>
            <maxpow number="0.4296941292418813"/>
            <fprob>0.0</fprob>
        </actor>
        <actor name="D0N33">
            <wcet number="0">370</wcet>
            <wcet number="1">390</wcet>
            <maxpow number="0.2982291057155211"/>
            <maxpow number="0.2982291057155211"/>
            <fprob>0.0</fprob>
        </actor>
        <actor name="D0N37">
            <wcet number="0">30</wcet>
            <wcet number="1">180</wcet>
            <maxpow number="0.46136189845290687"/>
            <maxpow number="0.46136189845290687"/>
            <fprob>0.0</fprob>
        </actor>
        <actor name="D0N11">
            <wcet number="0">10</wcet>
            <wcet number="1">70</wcet>
            <maxpow number="0.6539954327556704"/>
            <maxpow number="0.6539954327556704"/>
            <fprob>0.0</fprob>
        </actor>
        <actor name="D0N21">
            <wcet number="0">10</wcet>
            <wcet number="1">250</wcet>
            <maxpow number="0.6474999542476549"/>
            <maxpow number="0.6474999542476549"/>
            <fprob>0.0</fprob>
        </actor>
        <actor name="D0N27">
            <wcet number="0">310</wcet>
            <wcet number="1">360</wcet>
            <maxpow number="0.540750963291234"/>
            <maxpow number="0.540750963291234"/>
            <fprob>0.0</fprob>
        </actor>
        <actor name="D0N12">
            <wcet number="0">310</wcet>
            <wcet number="1">330</wcet>
            <maxpow number="0.5881028782625493"/>
            <maxpow number="0.5881028782625493"/>
            <fprob>0.0</fprob>
        </actor>
        <actor name="D0N23">
            <wcet number="0">50</wcet>
            <wcet number="1">140</wcet>
            <maxpow number="0.36434941074956384"/>
            <maxpow number="0.36434941074956384"/>
            <fprob>0.0</fprob>
        </actor>
        <actor name="D0N20">
            <wcet number="0">180</wcet>
            <wcet number="1">180</wcet>
            <maxpow number="0.5775591731254781"/>
            <maxpow number="0.5775591731254781"/>
            <fprob>0.0</fprob>
        </actor>
        <actor name="D0N18">
            <wcet number="0">60</wcet>
            <wcet number="1">90</wcet>
            <maxpow number="0.37463895624599886"/>
            <maxpow number="0.37463895624599886"/>
            <fprob>0.0</fprob>
        </actor>
        <actor name="D0N16">
            <wcet number="0">250</wcet>
            <wcet number="1">420</wcet>
            <maxpow number="0.4583332982815473"/>
            <maxpow number="0.4583332982815473"/>
            <fprob>0.0</fprob>
        </actor>
        <actor name="D0N34">
            <wcet number="0">20</wcet>
            <wcet number="1">580</wcet>
            <maxpow number="0.7657048490223806"/>
            <maxpow number="0.7657048490223806"/>
            <fprob>0.0</fprob>
        </actor>
        <actor name="D0N41">
            <wcet number="0">20</wcet>
            <wcet number="1">60</wcet>
            <maxpow number="0.7682508779914989"/>
            <maxpow number="0.7682508779914989"/>
            <fprob>0.0</fprob>
        </actor>
        <actor name="D0N49">
            <wcet number="0">280</wcet>
            <wcet number="1">390</wcet>
            <maxpow number="0.46782645865240446"/>
            <maxpow number="0.46782645865240446"/>
            <fprob>0.0</fprob>
        </actor>
        <actor name="D0N43">
            <wcet number="0">300</wcet>
            <wcet number="1">350</wcet>
            <maxpow number="0.6517157780096836"/>
            <maxpow number="0.6517157780096836"/>
            <fprob>0.0</fprob>
        </actor>
        <ports>
            <port dstActor="D0N40" name="p0" srcActor="D0N7"/>
            <port dstActor="D0N32" name="p1" srcActor="D0N7"/>
            <port dstActor="D0N20" name="p2" srcActor="D0N7"/>
            <port dstActor="D0N10" name="p3" srcActor="D0N7"/>
            <port dstActor="D0N45" name="p4" srcActor="D0N10"/>
            <port dstActor="D0N46" name="p5" srcActor="D0N10"/>
            <port dstActor="D0N18" name="p6" srcActor="D0N10"/>
            <port dstActor="D0N32" name="p7" srcActor="D0N10"/>
            <port dstActor="D0N46" name="p8" srcActor="D0N31"/>
            <port dstActor="D0N41" name="p9" srcActor="D0N31"/>
            <port dstActor="D0N35" name="p10" srcActor="D0N31"/>
            <port dstActor="D0N42" name="p11" srcActor="D0N31"/>
            <port dstActor="D0N47" name="p12" srcActor="D0N45"/>
            <port dstActor="D0N32" name="p13" srcActor="D0N8"/>
            <port dstActor="D0N33" name="p14" srcActor="D0N8"/>
            <port dstActor="D0N40" name="p15" srcActor="D0N8"/>
            <port dstActor="D0N26" name="p16" srcActor="D0N8"/>
            <port dstActor="D0N17" name="p17" srcActor="D0N8"/>
            <port dstActor="D0N29" name="p18" srcActor="D0N8"/>
            <port dstActor="D0N46" name="p19" srcActor="D0N8"/>
            <port dstActor="D0N12" name="p20" srcActor="D0N6"/>
            <port dstActor="D0N11" name="p21" srcActor="D0N6"/>
            <port dstActor="D0N32" name="p22" srcActor="D0N6"/>
            <port dstActor="D0N13" name="p23" srcActor="D0N6"/>
            <port dstActor="D0N35" name="p24" srcActor="D0N6"/>
            <port dstActor="D0N42" name="p25" srcActor="D0N14"/>
            <port dstActor="D0N25" name="p26" srcActor="D0N14"/>
            <port dstActor="D0N36" name="p27" srcActor="D0N14"/>
            <port dstActor="D0N27" name="p28" srcActor="D0N14"/>
            <port dstActor="D0N49" name="p29" srcActor="D0N14"/>
            <port dstActor="D0N31" name="p30" srcActor="D0N28"/>
            <port dstActor="D0N48" name="p31" srcActor="D0N22"/>
            <port dstActor="D0N30" name="p32" srcActor="D0N22"/>
            <port dstActor="D0N38" name="p33" srcActor="D0N22"/>
            <port dstActor="D0N8" name="p34" srcActor="D0N3"/>
            <port dstActor="D0N21" name="p35" srcActor="D0N3"/>
            <port dstActor="D0N31" name="p36" srcActor="D0N3"/>
            <port dstActor="D0N18" name="p37" srcActor="D0N3"/>
            <port dstActor="D0N24" name="p38" srcActor="D0N3"/>
            <port dstActor="D0N44" name="p39" srcActor="D0N36"/>
            <port dstActor="D0N19" name="p40" srcActor="D0N4"/>
            <port dstActor="D0N5" name="p41" srcActor="D0N4"/>
            <port dstActor="D0N10" name="p42" srcActor="D0N4"/>
            <port dstActor="D0N13" name="p43" srcActor="D0N4"/>
            <port dstActor="D0N22" name="p44" srcActor="D0N19"/>
            <port dstActor="D0N45" name="p45" srcActor="D0N19"/>
            <port dstActor="D0N20" name="p46" srcActor="D0N17"/>
            <port dstActor="D0N38" name="p47" srcActor="D0N17"/>
            <port dstActor="D0N46" name="p48" srcActor="D0N44"/>
            <port dstActor="D0N44" name="p49" srcActor="D0N42"/>
            <port dstActor="D0N34" name="p50" srcActor="D0N1"/>
            <port dstActor="D0N9" name="p51" srcActor="D0N1"/>
            <port dstActor="D0N32" name="p52" srcActor="D0N1"/>
            <port dstActor="D0N18" name="p53" srcActor="D0N1"/>
            <port dstActor="D0N11" name="p54" srcActor="D0N9"/>
            <port dstActor="D0N25" name="p55" srcActor="D0N9"/>
            <port dstActor="D0N12" name="p56" srcActor="D0N9"/>
            <port dstActor="D0N16" name="p57" srcActor="D0N9"/>
            <port dstActor="D0N45" name="p58" srcActor="D0N9"/>
            <port dstActor="D0N49" name="p59" srcActor="D0N9"/>
            <port dstActor="D0N46" name="p60" srcActor="D0N40"/>
            <port dstActor="D0N49" name="p61" srcActor="D0N40"/>
            <port dstActor="D0N42" name="p62" srcActor="D0N40"/>
            <port dstActor="D0N34" name="p63" srcActor="D0N29"/>
            <port dstActor="D0N48" name="p64" srcActor="D0N29"/>
            <port dstActor="D0N37" name="p65" srcActor="D0N29"/>
            <port dstActor="D0N43" name="p66" srcActor="D0N26"/>
            <port dstActor="D0N34" name="p67" srcActor="D0N26"/>
            <port dstActor="D0N47" name="p68" srcActor="D0N38"/>
            <port dstActor="D0N48" name="p69" srcActor="D0N0"/>
            <port dstActor="D0N39" name="p70" srcActor="D0N0"/>
            <port dstActor="D0N48" name="p71" srcActor="D0N47"/>
            <port dstActor="D0N49" name="p72" srcActor="D0N47"/>
            <port dstActor="D0N11" name="p73" srcActor="D0N5"/>
            <port dstActor="D0N19" name="p74" srcActor="D0N5"/>
            <port dstActor="D0N43" name="p75" srcActor="D0N5"/>
            <port dstActor="D0N41" name="p76" srcActor="D0N5"/>
            <port dstActor="D0N27" name="p77" srcActor="D0N15"/>
            <port dstActor="D0N40" name="p78" srcActor="D0N15"/>
            <port dstActor="D0N37" name="p79" srcActor="D0N15"/>
            <port dstActor="D0N26" name="p80" srcActor="D0N15"/>
            <port dstActor="D0N21" name="p81" srcActor="D0N15"/>
            <port dstActor="D0N24" name="p82" srcActor="D0N15"/>
            <port dstActor="D0N37" name="p83" srcActor="D0N13"/>
            <port dstActor="D0N29" name="p84" srcActor="D0N13"/>
            <port dstActor="D0N39" name="p85" srcActor="D0N13"/>
            <port dstActor="D0N43" name="p86" srcActor="D0N13"/>
            <port dstActor="D0N21" name="p87" srcActor="D0N13"/>
            <port dstActor="D0N18" name="p88" srcActor="D0N13"/>
            <port dstActor="D0N31" name="p89" srcActor="D0N24"/>
            <port dstActor="D0N45" name="p90" srcActor="D0N35"/>
            <port dstActor="D0N16" name="p91" srcActor="D0N2"/>
            <port dstActor="D0N10" name="p92" srcActor="D0N2"/>
            <port dstActor="D0N48" name="p93" srcActor="D0N2"/>
            <port dstActor="D0N20" name="p94" srcActor="D0N2"/>
            <port dstActor="D0N44" name="p95" srcActor="D0N37"/>
            <port dstActor="D0N19" name="p96" srcActor="D0N11"/>
            <port dstActor="D0N39" name="p97" srcActor="D0N11"/>
            <port dstActor="D0N20" name="p98" srcActor="D0N11"/>
            <port dstActor="D0N27" name="p99" srcActor="D0N21"/>
            <port dstActor="D0N34" name="p100" srcActor="D0N21"/>
            <port dstActor="D0N33" name="p101" srcActor="D0N27"/>
            <port dstActor="D0N47" name="p102" srcActor="D0N27"/>
            <port dstActor="D0N15" name="p103" srcActor="D0N12"/>
            <port dstActor="D0N21" name="p104" srcActor="D0N12"/>
            <port dstActor="D0N32" name="p105" srcActor="D0N12"/>
            <port dstActor="D0N23" name="p106" srcActor="D0N12"/>
            <port dstActor="D0N40" name="p107" srcActor="D0N12"/>
            <port dstActor="D0N36" name="p108" srcActor="D0N12"/>
            <port dstActor="D0N29" name="p109" srcActor="D0N12"/>
            <port dstActor="D0N46" name="p110" srcActor="D0N23"/>
            <port dstActor="D0N40" name="p111" srcActor="D0N23"/>
            <port dstActor="D0N48" name="p112" srcActor="D0N20"/>
            <port dstActor="D0N30" name="p113" srcActor="D0N20"/>
            <port dstActor="D0N41" name="p114" srcActor="D0N18"/>
            <port dstActor="D0N23" name="p115" srcActor="D0N18"/>
            <port dstActor="D0N20" name="p116" srcActor="D0N16"/>
            <port dstActor="D0N28" name="p117" srcActor="D0N16"/>
            <port dstActor="D0N24" name="p118" srcActor="D0N16"/>
            <port dstActor="D0N46" name="p119" srcActor="D0N16"/>
            <port dstActor="D0N40" name="p120" srcActor="D0N34"/>
            <port dstActor="D0N41" name="p121" srcActor="D0N34"/>
            <port dstActor="D0N47" name="p122" srcActor="D0N41"/>
            <port dstActor="D0N48" name="p123" srcActor="D0N43"/>
        </ports>
    </mcdag>
    <cores number="3"/>
    <levels number="2"/>
</mcsystem>
