<?xml version="1.0" encoding="UTF-8" standalone="no"?>
<mcsystem>
    <mcdag deadline="3000" name="genned-0-ed-10.0-0">
        <actor name="D0N14">
            <wcet number="0">30</wcet>
            <wcet number="1">40</wcet>
            <maxpow number="0.20182151708254675"/>
            <maxpow number="0.20182151708254675"/>
            <fprob>0.0</fprob>
        </actor>
        <actor name="D0N13">
            <wcet number="0">10</wcet>
            <wcet number="1">140</wcet>
            <maxpow number="0.40166054343802426"/>
            <maxpow number="0.40166054343802426"/>
            <fprob>0.0</fprob>
        </actor>
        <actor name="D0N48">
            <wcet number="0">110</wcet>
            <wcet number="1">170</wcet>
            <maxpow number="0.5617921802987419"/>
            <maxpow number="0.5617921802987419"/>
            <fprob>0.0</fprob>
        </actor>
        <actor name="D0N17">
            <wcet number="0">20</wcet>
            <wcet number="1">90</wcet>
            <maxpow number="0.5689010153923983"/>
            <maxpow number="0.5689010153923983"/>
            <fprob>0.0</fprob>
        </actor>
        <actor name="D0N3">
            <wcet number="0">10</wcet>
            <wcet number="1">10</wcet>
            <maxpow number="0.4737028010305984"/>
            <maxpow number="0.4737028010305984"/>
            <fprob>0.0</fprob>
        </actor>
        <actor name="D0N18">
            <wcet number="0">260</wcet>
            <wcet number="1">280</wcet>
            <maxpow number="0.592142295716067"/>
            <maxpow number="0.592142295716067"/>
            <fprob>0.0</fprob>
        </actor>
        <actor name="D0N6">
            <wcet number="0">30</wcet>
            <wcet number="1">50</wcet>
            <maxpow number="0.533976889202364"/>
            <maxpow number="0.533976889202364"/>
            <fprob>0.0</fprob>
        </actor>
        <actor name="D0N38">
            <wcet number="0">10</wcet>
            <wcet number="1">90</wcet>
            <maxpow number="0.4060246115537455"/>
            <maxpow number="0.4060246115537455"/>
            <fprob>0.0</fprob>
        </actor>
        <actor name="D0N36">
            <wcet number="0">20</wcet>
            <wcet number="1">40</wcet>
            <maxpow number="0.9409218025956896"/>
            <maxpow number="0.9409218025956896"/>
            <fprob>0.0</fprob>
        </actor>
        <actor name="D0N45">
            <wcet number="0">10</wcet>
            <wcet number="1">10</wcet>
            <maxpow number="0.5245289040011177"/>
            <maxpow number="0.5245289040011177"/>
            <fprob>0.0</fprob>
        </actor>
        <actor name="D0N34">
            <wcet number="0">70</wcet>
            <wcet number="1">70</wcet>
            <maxpow number="0.3932481774400858"/>
            <maxpow number="0.3932481774400858"/>
            <fprob>0.0</fprob>
        </actor>
        <actor name="D0N30">
            <wcet number="0">40</wcet>
            <wcet number="1">50</wcet>
            <maxpow number="0.42797060578009166"/>
            <maxpow number="0.42797060578009166"/>
            <fprob>0.0</fprob>
        </actor>
        <actor name="D0N32">
            <wcet number="0">110</wcet>
            <wcet number="1">270</wcet>
            <maxpow number="0.9415932814698433"/>
            <maxpow number="0.9415932814698433"/>
            <fprob>0.0</fprob>
        </actor>
        <actor name="D0N27">
            <wcet number="0">130</wcet>
            <wcet number="1">200</wcet>
            <maxpow number="0.5413504888042489"/>
            <maxpow number="0.5413504888042489"/>
            <fprob>0.0</fprob>
        </actor>
        <actor name="D0N28">
            <wcet number="0">10</wcet>
            <wcet number="1">40</wcet>
            <maxpow number="0.4813523803189389"/>
            <maxpow number="0.4813523803189389"/>
            <fprob>0.0</fprob>
        </actor>
        <actor name="D0N31">
            <wcet number="0">110</wcet>
            <wcet number="1">150</wcet>
            <maxpow number="0.7204726139707323"/>
            <maxpow number="0.7204726139707323"/>
            <fprob>0.0</fprob>
        </actor>
        <actor name="D0N46">
            <wcet number="0">230</wcet>
            <wcet number="1">340</wcet>
            <maxpow number="0.5637716837589828"/>
            <maxpow number="0.5637716837589828"/>
            <fprob>0.0</fprob>
        </actor>
        <actor name="D0N43">
            <wcet number="0">190</wcet>
            <wcet number="1">300</wcet>
            <maxpow number="0.6589007727815301"/>
            <maxpow number="0.6589007727815301"/>
            <fprob>0.0</fprob>
        </actor>
        <actor name="D0N5">
            <wcet number="0">240</wcet>
            <wcet number="1">250</wcet>
            <maxpow number="0.4830016815117834"/>
            <maxpow number="0.4830016815117834"/>
            <fprob>0.0</fprob>
        </actor>
        <actor name="D0N8">
            <wcet number="0">30</wcet>
            <wcet number="1">170</wcet>
            <maxpow number="0.2513902576931446"/>
            <maxpow number="0.2513902576931446"/>
            <fprob>0.0</fprob>
        </actor>
        <actor name="D0N44">
            <wcet number="0">10</wcet>
            <wcet number="1">30</wcet>
            <maxpow number="0.5160608574203024"/>
            <maxpow number="0.5160608574203024"/>
            <fprob>0.0</fprob>
        </actor>
        <actor name="D0N20">
            <wcet number="0">110</wcet>
            <wcet number="1">180</wcet>
            <maxpow number="0.5142327382117413"/>
            <maxpow number="0.5142327382117413"/>
            <fprob>0.0</fprob>
        </actor>
        <actor name="D0N41">
            <wcet number="0">10</wcet>
            <wcet number="1">20</wcet>
            <maxpow number="0.6241652367062256"/>
            <maxpow number="0.6241652367062256"/>
            <fprob>0.0</fprob>
        </actor>
        <actor name="D0N7">
            <wcet number="0">10</wcet>
            <wcet number="1">10</wcet>
            <maxpow number="0.5107145542618196"/>
            <maxpow number="0.5107145542618196"/>
            <fprob>0.0</fprob>
        </actor>
        <actor name="D0N9">
            <wcet number="0">90</wcet>
            <wcet number="1">150</wcet>
            <maxpow number="0.6417644146711455"/>
            <maxpow number="0.6417644146711455"/>
            <fprob>0.0</fprob>
        </actor>
        <actor name="D0N39">
            <wcet number="0">280</wcet>
            <wcet number="1">380</wcet>
            <maxpow number="0.22547054175748216"/>
            <maxpow number="0.22547054175748216"/>
            <fprob>0.0</fprob>
        </actor>
        <actor name="D0N16">
            <wcet number="0">10</wcet>
            <wcet number="1">10</wcet>
            <maxpow number="0.2959513401580253"/>
            <maxpow number="0.2959513401580253"/>
            <fprob>0.0</fprob>
        </actor>
        <actor name="D0N1">
            <wcet number="0">330</wcet>
            <wcet number="1">870</wcet>
            <maxpow number="0.26583149724591815"/>
            <maxpow number="0.26583149724591815"/>
            <fprob>0.0</fprob>
        </actor>
        <actor name="D0N24">
            <wcet number="0">10</wcet>
            <wcet number="1">10</wcet>
            <maxpow number="0.4224869644897954"/>
            <maxpow number="0.4224869644897954"/>
            <fprob>0.0</fprob>
        </actor>
        <actor name="D0N33">
            <wcet number="0">50</wcet>
            <wcet number="1">130</wcet>
            <maxpow number="0.5689843947684224"/>
            <maxpow number="0.5689843947684224"/>
            <fprob>0.0</fprob>
        </actor>
        <actor name="D0N42">
            <wcet number="0">420</wcet>
            <wcet number="1">500</wcet>
            <maxpow number="0.5536622071673843"/>
            <maxpow number="0.5536622071673843"/>
            <fprob>0.0</fprob>
        </actor>
        <actor name="D0N4">
            <wcet number="0">60</wcet>
            <wcet number="1">150</wcet>
            <maxpow number="0.686409040625824"/>
            <maxpow number="0.686409040625824"/>
            <fprob>0.0</fprob>
        </actor>
        <actor name="D0N37">
            <wcet number="0">10</wcet>
            <wcet number="1">10</wcet>
            <maxpow number="0.6125580086332042"/>
            <maxpow number="0.6125580086332042"/>
            <fprob>0.0</fprob>
        </actor>
        <actor name="D0N11">
            <wcet number="0">30</wcet>
            <wcet number="1">70</wcet>
            <maxpow number="0.6688872641954907"/>
            <maxpow number="0.6688872641954907"/>
            <fprob>0.0</fprob>
        </actor>
        <actor name="D0N25">
            <wcet number="0">80</wcet>
            <wcet number="1">90</wcet>
            <maxpow number="0.8041878230706995"/>
            <maxpow number="0.8041878230706995"/>
            <fprob>0.0</fprob>
        </actor>
        <actor name="D0N40">
            <wcet number="0">30</wcet>
            <wcet number="1">130</wcet>
            <maxpow number="0.686815747637164"/>
            <maxpow number="0.686815747637164"/>
            <fprob>0.0</fprob>
        </actor>
        <actor name="D0N47">
            <wcet number="0">490</wcet>
            <wcet number="1">490</wcet>
            <maxpow number="0.6351151019236161"/>
            <maxpow number="0.6351151019236161"/>
            <fprob>0.0</fprob>
        </actor>
        <actor name="D0N22">
            <wcet number="0">50</wcet>
            <wcet number="1">230</wcet>
            <maxpow number="0.6768628594004931"/>
            <maxpow number="0.6768628594004931"/>
            <fprob>0.0</fprob>
        </actor>
        <actor name="D0N10">
            <wcet number="0">150</wcet>
            <wcet number="1">250</wcet>
            <maxpow number="0.9776496377065135"/>
            <maxpow number="0.9776496377065135"/>
            <fprob>0.0</fprob>
        </actor>
        <actor name="D0N0">
            <wcet number="0">120</wcet>
            <wcet number="1">120</wcet>
            <maxpow number="0.6070439575252942"/>
            <maxpow number="0.6070439575252942"/>
            <fprob>0.0</fprob>
        </actor>
        <actor name="D0N23">
            <wcet number="0">10</wcet>
            <wcet number="1">20</wcet>
            <maxpow number="0.18103037302746777"/>
            <maxpow number="0.18103037302746777"/>
            <fprob>0.0</fprob>
        </actor>
        <actor name="D0N21">
            <wcet number="0">410</wcet>
            <wcet number="1">450</wcet>
            <maxpow number="0.40008797900474086"/>
            <maxpow number="0.40008797900474086"/>
            <fprob>0.0</fprob>
        </actor>
        <actor name="D0N29">
            <wcet number="0">20</wcet>
            <wcet number="1">80</wcet>
            <maxpow number="0.5656144326916286"/>
            <maxpow number="0.5656144326916286"/>
            <fprob>0.0</fprob>
        </actor>
        <actor name="D0N2">
            <wcet number="0">30</wcet>
            <wcet number="1">30</wcet>
            <maxpow number="0.7678091545070527"/>
            <maxpow number="0.7678091545070527"/>
            <fprob>0.0</fprob>
        </actor>
        <actor name="D0N19">
            <wcet number="0">10</wcet>
            <wcet number="1">50</wcet>
            <maxpow number="0.5009726048393073"/>
            <maxpow number="0.5009726048393073"/>
            <fprob>0.0</fprob>
        </actor>
        <actor name="D0N35">
            <wcet number="0">110</wcet>
            <wcet number="1">230</wcet>
            <maxpow number="0.4384205779150165"/>
            <maxpow number="0.4384205779150165"/>
            <fprob>0.0</fprob>
        </actor>
        <actor name="D0N26">
            <wcet number="0">30</wcet>
            <wcet number="1">40</wcet>
            <maxpow number="0.4780377884747181"/>
            <maxpow number="0.4780377884747181"/>
            <fprob>0.0</fprob>
        </actor>
        <actor name="D0N12">
            <wcet number="0">20</wcet>
            <wcet number="1">20</wcet>
            <maxpow number="0.3445473330125093"/>
            <maxpow number="0.3445473330125093"/>
            <fprob>0.0</fprob>
        </actor>
        <actor name="D0N15">
            <wcet number="0">80</wcet>
            <wcet number="1">590</wcet>
            <maxpow number="0.3372032293118089"/>
            <maxpow number="0.3372032293118089"/>
            <fprob>0.0</fprob>
        </actor>
        <ports>
            <port dstActor="D0N35" name="p0" srcActor="D0N14"/>
            <port dstActor="D0N30" name="p1" srcActor="D0N14"/>
            <port dstActor="D0N29" name="p2" srcActor="D0N14"/>
            <port dstActor="D0N16" name="p3" srcActor="D0N14"/>
            <port dstActor="D0N28" name="p4" srcActor="D0N14"/>
            <port dstActor="D0N33" name="p5" srcActor="D0N13"/>
            <port dstActor="D0N44" name="p6" srcActor="D0N17"/>
            <port dstActor="D0N32" name="p7" srcActor="D0N17"/>
            <port dstActor="D0N27" name="p8" srcActor="D0N17"/>
            <port dstActor="D0N31" name="p9" srcActor="D0N17"/>
            <port dstActor="D0N45" name="p10" srcActor="D0N17"/>
            <port dstActor="D0N32" name="p11" srcActor="D0N3"/>
            <port dstActor="D0N30" name="p12" srcActor="D0N3"/>
            <port dstActor="D0N43" name="p13" srcActor="D0N3"/>
            <port dstActor="D0N25" name="p14" srcActor="D0N18"/>
            <port dstActor="D0N31" name="p15" srcActor="D0N18"/>
            <port dstActor="D0N32" name="p16" srcActor="D0N18"/>
            <port dstActor="D0N41" name="p17" srcActor="D0N18"/>
            <port dstActor="D0N28" name="p18" srcActor="D0N18"/>
            <port dstActor="D0N15" name="p19" srcActor="D0N6"/>
            <port dstActor="D0N44" name="p20" srcActor="D0N6"/>
            <port dstActor="D0N46" name="p21" srcActor="D0N6"/>
            <port dstActor="D0N37" name="p22" srcActor="D0N34"/>
            <port dstActor="D0N46" name="p23" srcActor="D0N30"/>
            <port dstActor="D0N39" name="p24" srcActor="D0N32"/>
            <port dstActor="D0N37" name="p25" srcActor="D0N32"/>
            <port dstActor="D0N31" name="p26" srcActor="D0N27"/>
            <port dstActor="D0N29" name="p27" srcActor="D0N27"/>
            <port dstActor="D0N32" name="p28" srcActor="D0N27"/>
            <port dstActor="D0N38" name="p29" srcActor="D0N27"/>
            <port dstActor="D0N47" name="p30" srcActor="D0N27"/>
            <port dstActor="D0N42" name="p31" srcActor="D0N28"/>
            <port dstActor="D0N35" name="p32" srcActor="D0N28"/>
            <port dstActor="D0N34" name="p33" srcActor="D0N28"/>
            <port dstActor="D0N34" name="p34" srcActor="D0N31"/>
            <port dstActor="D0N48" name="p35" srcActor="D0N46"/>
            <port dstActor="D0N36" name="p36" srcActor="D0N5"/>
            <port dstActor="D0N47" name="p37" srcActor="D0N5"/>
            <port dstActor="D0N42" name="p38" srcActor="D0N5"/>
            <port dstActor="D0N35" name="p39" srcActor="D0N8"/>
            <port dstActor="D0N13" name="p40" srcActor="D0N8"/>
            <port dstActor="D0N11" name="p41" srcActor="D0N8"/>
            <port dstActor="D0N37" name="p42" srcActor="D0N8"/>
            <port dstActor="D0N22" name="p43" srcActor="D0N20"/>
            <port dstActor="D0N41" name="p44" srcActor="D0N20"/>
            <port dstActor="D0N36" name="p45" srcActor="D0N20"/>
            <port dstActor="D0N40" name="p46" srcActor="D0N7"/>
            <port dstActor="D0N45" name="p47" srcActor="D0N7"/>
            <port dstActor="D0N44" name="p48" srcActor="D0N7"/>
            <port dstActor="D0N32" name="p49" srcActor="D0N7"/>
            <port dstActor="D0N17" name="p50" srcActor="D0N9"/>
            <port dstActor="D0N42" name="p51" srcActor="D0N39"/>
            <port dstActor="D0N22" name="p52" srcActor="D0N16"/>
            <port dstActor="D0N24" name="p53" srcActor="D0N16"/>
            <port dstActor="D0N44" name="p54" srcActor="D0N16"/>
            <port dstActor="D0N31" name="p55" srcActor="D0N1"/>
            <port dstActor="D0N38" name="p56" srcActor="D0N1"/>
            <port dstActor="D0N4" name="p57" srcActor="D0N1"/>
            <port dstActor="D0N26" name="p58" srcActor="D0N1"/>
            <port dstActor="D0N13" name="p59" srcActor="D0N1"/>
            <port dstActor="D0N31" name="p60" srcActor="D0N24"/>
            <port dstActor="D0N44" name="p61" srcActor="D0N24"/>
            <port dstActor="D0N40" name="p62" srcActor="D0N33"/>
            <port dstActor="D0N32" name="p63" srcActor="D0N4"/>
            <port dstActor="D0N15" name="p64" srcActor="D0N4"/>
            <port dstActor="D0N33" name="p65" srcActor="D0N4"/>
            <port dstActor="D0N36" name="p66" srcActor="D0N4"/>
            <port dstActor="D0N14" name="p67" srcActor="D0N4"/>
            <port dstActor="D0N42" name="p68" srcActor="D0N37"/>
            <port dstActor="D0N27" name="p69" srcActor="D0N11"/>
            <port dstActor="D0N19" name="p70" srcActor="D0N11"/>
            <port dstActor="D0N39" name="p71" srcActor="D0N11"/>
            <port dstActor="D0N32" name="p72" srcActor="D0N11"/>
            <port dstActor="D0N34" name="p73" srcActor="D0N11"/>
            <port dstActor="D0N35" name="p74" srcActor="D0N25"/>
            <port dstActor="D0N28" name="p75" srcActor="D0N25"/>
            <port dstActor="D0N38" name="p76" srcActor="D0N25"/>
            <port dstActor="D0N41" name="p77" srcActor="D0N40"/>
            <port dstActor="D0N48" name="p78" srcActor="D0N47"/>
            <port dstActor="D0N44" name="p79" srcActor="D0N22"/>
            <port dstActor="D0N23" name="p80" srcActor="D0N10"/>
            <port dstActor="D0N46" name="p81" srcActor="D0N10"/>
            <port dstActor="D0N36" name="p82" srcActor="D0N10"/>
            <port dstActor="D0N17" name="p83" srcActor="D0N10"/>
            <port dstActor="D0N43" name="p84" srcActor="D0N10"/>
            <port dstActor="D0N3" name="p85" srcActor="D0N0"/>
            <port dstActor="D0N12" name="p86" srcActor="D0N0"/>
            <port dstActor="D0N32" name="p87" srcActor="D0N0"/>
            <port dstActor="D0N11" name="p88" srcActor="D0N0"/>
            <port dstActor="D0N31" name="p89" srcActor="D0N0"/>
            <port dstActor="D0N43" name="p90" srcActor="D0N0"/>
            <port dstActor="D0N26" name="p91" srcActor="D0N23"/>
            <port dstActor="D0N41" name="p92" srcActor="D0N21"/>
            <port dstActor="D0N31" name="p93" srcActor="D0N21"/>
            <port dstActor="D0N44" name="p94" srcActor="D0N21"/>
            <port dstActor="D0N32" name="p95" srcActor="D0N29"/>
            <port dstActor="D0N41" name="p96" srcActor="D0N29"/>
            <port dstActor="D0N8" name="p97" srcActor="D0N2"/>
            <port dstActor="D0N29" name="p98" srcActor="D0N2"/>
            <port dstActor="D0N15" name="p99" srcActor="D0N2"/>
            <port dstActor="D0N17" name="p100" srcActor="D0N2"/>
            <port dstActor="D0N42" name="p101" srcActor="D0N19"/>
            <port dstActor="D0N43" name="p102" srcActor="D0N19"/>
            <port dstActor="D0N29" name="p103" srcActor="D0N19"/>
            <port dstActor="D0N23" name="p104" srcActor="D0N19"/>
            <port dstActor="D0N30" name="p105" srcActor="D0N19"/>
            <port dstActor="D0N42" name="p106" srcActor="D0N35"/>
            <port dstActor="D0N47" name="p107" srcActor="D0N26"/>
            <port dstActor="D0N38" name="p108" srcActor="D0N26"/>
            <port dstActor="D0N46" name="p109" srcActor="D0N12"/>
            <port dstActor="D0N23" name="p110" srcActor="D0N12"/>
        </ports>
    </mcdag>
    <cores number="3"/>
    <levels number="2"/>
</mcsystem>
