<?xml version="1.0" encoding="UTF-8" standalone="no"?>
<mcsystem>
    <mcdag deadline="5000" name="genned-0-ed-10.0-0">
        <actor name="D0N44">
            <wcet number="0">550</wcet>
            <wcet number="1">560</wcet>
            <maxpow number="0.464732947007987"/>
            <maxpow number="0.464732947007987"/>
            <fprob>0.0</fprob>
        </actor>
        <actor name="D0N5">
            <wcet number="0">180</wcet>
            <wcet number="1">310</wcet>
            <maxpow number="0.44524074054180696"/>
            <maxpow number="0.44524074054180696"/>
            <fprob>0.0</fprob>
        </actor>
        <actor name="D0N6">
            <wcet number="0">40</wcet>
            <wcet number="1">40</wcet>
            <maxpow number="0.32574840059123894"/>
            <maxpow number="0.32574840059123894"/>
            <fprob>0.0</fprob>
        </actor>
        <actor name="D0N29">
            <wcet number="0">410</wcet>
            <wcet number="1">740</wcet>
            <maxpow number="0.5612930285323735"/>
            <maxpow number="0.5612930285323735"/>
            <fprob>0.0</fprob>
        </actor>
        <actor name="D0N18">
            <wcet number="0">240</wcet>
            <wcet number="1">580</wcet>
            <maxpow number="0.7638493962316057"/>
            <maxpow number="0.7638493962316057"/>
            <fprob>0.0</fprob>
        </actor>
        <actor name="D0N37">
            <wcet number="0">90</wcet>
            <wcet number="1">110</wcet>
            <maxpow number="0.24019183052930787"/>
            <maxpow number="0.24019183052930787"/>
            <fprob>0.0</fprob>
        </actor>
        <actor name="D0N38">
            <wcet number="0">50</wcet>
            <wcet number="1">50</wcet>
            <maxpow number="0.6051977761613827"/>
            <maxpow number="0.6051977761613827"/>
            <fprob>0.0</fprob>
        </actor>
        <actor name="D0N35">
            <wcet number="0">10</wcet>
            <wcet number="1">40</wcet>
            <maxpow number="0.3467126271782858"/>
            <maxpow number="0.3467126271782858"/>
            <fprob>0.0</fprob>
        </actor>
        <actor name="D0N0">
            <wcet number="0">70</wcet>
            <wcet number="1">170</wcet>
            <maxpow number="0.7486767665279451"/>
            <maxpow number="0.7486767665279451"/>
            <fprob>0.0</fprob>
        </actor>
        <actor name="D0N31">
            <wcet number="0">30</wcet>
            <wcet number="1">40</wcet>
            <maxpow number="0.5698346152769282"/>
            <maxpow number="0.5698346152769282"/>
            <fprob>0.0</fprob>
        </actor>
        <actor name="D0N7">
            <wcet number="0">50</wcet>
            <wcet number="1">300</wcet>
            <maxpow number="0.3931278564737646"/>
            <maxpow number="0.3931278564737646"/>
            <fprob>0.0</fprob>
        </actor>
        <actor name="D0N48">
            <wcet number="0">10</wcet>
            <wcet number="1">10</wcet>
            <maxpow number="0.576666646856725"/>
            <maxpow number="0.576666646856725"/>
            <fprob>0.0</fprob>
        </actor>
        <actor name="D0N1">
            <wcet number="0">1270</wcet>
            <wcet number="1">1360</wcet>
            <maxpow number="0.5689866046184798"/>
            <maxpow number="0.5689866046184798"/>
            <fprob>0.0</fprob>
        </actor>
        <actor name="D0N30">
            <wcet number="0">220</wcet>
            <wcet number="1">520</wcet>
            <maxpow number="0.569149105770991"/>
            <maxpow number="0.569149105770991"/>
            <fprob>0.0</fprob>
        </actor>
        <actor name="D0N3">
            <wcet number="0">10</wcet>
            <wcet number="1">20</wcet>
            <maxpow number="0.5719415034831556"/>
            <maxpow number="0.5719415034831556"/>
            <fprob>0.0</fprob>
        </actor>
        <actor name="D0N12">
            <wcet number="0">80</wcet>
            <wcet number="1">160</wcet>
            <maxpow number="0.7457104347034895"/>
            <maxpow number="0.7457104347034895"/>
            <fprob>0.0</fprob>
        </actor>
        <actor name="D0N39">
            <wcet number="0">90</wcet>
            <wcet number="1">250</wcet>
            <maxpow number="0.4470128458081473"/>
            <maxpow number="0.4470128458081473"/>
            <fprob>0.0</fprob>
        </actor>
        <actor name="D0N43">
            <wcet number="0">110</wcet>
            <wcet number="1">180</wcet>
            <maxpow number="0.20870679157813177"/>
            <maxpow number="0.20870679157813177"/>
            <fprob>0.0</fprob>
        </actor>
        <actor name="D0N24">
            <wcet number="0">10</wcet>
            <wcet number="1">50</wcet>
            <maxpow number="0.4938069583815918"/>
            <maxpow number="0.4938069583815918"/>
            <fprob>0.0</fprob>
        </actor>
        <actor name="D0N19">
            <wcet number="0">30</wcet>
            <wcet number="1">30</wcet>
            <maxpow number="0.5702371391689836"/>
            <maxpow number="0.5702371391689836"/>
            <fprob>0.0</fprob>
        </actor>
        <actor name="D0N27">
            <wcet number="0">310</wcet>
            <wcet number="1">350</wcet>
            <maxpow number="0.48946516300417436"/>
            <maxpow number="0.48946516300417436"/>
            <fprob>0.0</fprob>
        </actor>
        <actor name="D0N20">
            <wcet number="0">10</wcet>
            <wcet number="1">10</wcet>
            <maxpow number="0.715863362049119"/>
            <maxpow number="0.715863362049119"/>
            <fprob>0.0</fprob>
        </actor>
        <actor name="D0N9">
            <wcet number="0">40</wcet>
            <wcet number="1">70</wcet>
            <maxpow number="0.4912427680902907"/>
            <maxpow number="0.4912427680902907"/>
            <fprob>0.0</fprob>
        </actor>
        <actor name="D0N36">
            <wcet number="0">140</wcet>
            <wcet number="1">270</wcet>
            <maxpow number="0.7240274727568102"/>
            <maxpow number="0.7240274727568102"/>
            <fprob>0.0</fprob>
        </actor>
        <actor name="D0N26">
            <wcet number="0">210</wcet>
            <wcet number="1">560</wcet>
            <maxpow number="0.3019641757635282"/>
            <maxpow number="0.3019641757635282"/>
            <fprob>0.0</fprob>
        </actor>
        <actor name="D0N14">
            <wcet number="0">10</wcet>
            <wcet number="1">250</wcet>
            <maxpow number="0.32186937776117147"/>
            <maxpow number="0.32186937776117147"/>
            <fprob>0.0</fprob>
        </actor>
        <actor name="D0N41">
            <wcet number="0">40</wcet>
            <wcet number="1">280</wcet>
            <maxpow number="0.5802775852024286"/>
            <maxpow number="0.5802775852024286"/>
            <fprob>0.0</fprob>
        </actor>
        <actor name="D0N42">
            <wcet number="0">70</wcet>
            <wcet number="1">80</wcet>
            <maxpow number="0.6099807984079331"/>
            <maxpow number="0.6099807984079331"/>
            <fprob>0.0</fprob>
        </actor>
        <actor name="D0N10">
            <wcet number="0">130</wcet>
            <wcet number="1">300</wcet>
            <maxpow number="0.7832524301263419"/>
            <maxpow number="0.7832524301263419"/>
            <fprob>0.0</fprob>
        </actor>
        <actor name="D0N17">
            <wcet number="0">40</wcet>
            <wcet number="1">50</wcet>
            <maxpow number="0.7007766673615528"/>
            <maxpow number="0.7007766673615528"/>
            <fprob>0.0</fprob>
        </actor>
        <actor name="D0N40">
            <wcet number="0">110</wcet>
            <wcet number="1">390</wcet>
            <maxpow number="0.5449390218933247"/>
            <maxpow number="0.5449390218933247"/>
            <fprob>0.0</fprob>
        </actor>
        <actor name="D0N23">
            <wcet number="0">80</wcet>
            <wcet number="1">110</wcet>
            <maxpow number="0.599166499914609"/>
            <maxpow number="0.599166499914609"/>
            <fprob>0.0</fprob>
        </actor>
        <actor name="D0N8">
            <wcet number="0">40</wcet>
            <wcet number="1">40</wcet>
            <maxpow number="0.47996153052911383"/>
            <maxpow number="0.47996153052911383"/>
            <fprob>0.0</fprob>
        </actor>
        <actor name="D0N2">
            <wcet number="0">210</wcet>
            <wcet number="1">760</wcet>
            <maxpow number="0.5199939866669663"/>
            <maxpow number="0.5199939866669663"/>
            <fprob>0.0</fprob>
        </actor>
        <actor name="D0N13">
            <wcet number="0">410</wcet>
            <wcet number="1">610</wcet>
            <maxpow number="0.7756835732385247"/>
            <maxpow number="0.7756835732385247"/>
            <fprob>0.0</fprob>
        </actor>
        <actor name="D0N34">
            <wcet number="0">30</wcet>
            <wcet number="1">40</wcet>
            <maxpow number="0.2775970830007256"/>
            <maxpow number="0.2775970830007256"/>
            <fprob>0.0</fprob>
        </actor>
        <actor name="D0N25">
            <wcet number="0">100</wcet>
            <wcet number="1">640</wcet>
            <maxpow number="0.6827391812142243"/>
            <maxpow number="0.6827391812142243"/>
            <fprob>0.0</fprob>
        </actor>
        <actor name="D0N33">
            <wcet number="0">50</wcet>
            <wcet number="1">380</wcet>
            <maxpow number="0.5847366537264808"/>
            <maxpow number="0.5847366537264808"/>
            <fprob>0.0</fprob>
        </actor>
        <actor name="D0N22">
            <wcet number="0">10</wcet>
            <wcet number="1">80</wcet>
            <maxpow number="0.6084411666010846"/>
            <maxpow number="0.6084411666010846"/>
            <fprob>0.0</fprob>
        </actor>
        <actor name="D0N15">
            <wcet number="0">30</wcet>
            <wcet number="1">180</wcet>
            <maxpow number="0.8719571432960234"/>
            <maxpow number="0.8719571432960234"/>
            <fprob>0.0</fprob>
        </actor>
        <actor name="D0N45">
            <wcet number="0">160</wcet>
            <wcet number="1">180</wcet>
            <maxpow number="0.6437523555619005"/>
            <maxpow number="0.6437523555619005"/>
            <fprob>0.0</fprob>
        </actor>
        <actor name="D0N32">
            <wcet number="0">20</wcet>
            <wcet number="1">20</wcet>
            <maxpow number="0.5180463753820893"/>
            <maxpow number="0.5180463753820893"/>
            <fprob>0.0</fprob>
        </actor>
        <actor name="D0N16">
            <wcet number="0">90</wcet>
            <wcet number="1">170</wcet>
            <maxpow number="0.6785636748384731"/>
            <maxpow number="0.6785636748384731"/>
            <fprob>0.0</fprob>
        </actor>
        <actor name="D0N28">
            <wcet number="0">250</wcet>
            <wcet number="1">390</wcet>
            <maxpow number="0.6948130766434557"/>
            <maxpow number="0.6948130766434557"/>
            <fprob>0.0</fprob>
        </actor>
        <actor name="D0N47">
            <wcet number="0">70</wcet>
            <wcet number="1">90</wcet>
            <maxpow number="0.3542212840664779"/>
            <maxpow number="0.3542212840664779"/>
            <fprob>0.0</fprob>
        </actor>
        <actor name="D0N4">
            <wcet number="0">10</wcet>
            <wcet number="1">10</wcet>
            <maxpow number="0.463898794271581"/>
            <maxpow number="0.463898794271581"/>
            <fprob>0.0</fprob>
        </actor>
        <actor name="D0N21">
            <wcet number="0">70</wcet>
            <wcet number="1">70</wcet>
            <maxpow number="0.4666070712764716"/>
            <maxpow number="0.4666070712764716"/>
            <fprob>0.0</fprob>
        </actor>
        <actor name="D0N46">
            <wcet number="0">10</wcet>
            <wcet number="1">120</wcet>
            <maxpow number="0.7368239291620732"/>
            <maxpow number="0.7368239291620732"/>
            <fprob>0.0</fprob>
        </actor>
        <actor name="D0N11">
            <wcet number="0">320</wcet>
            <wcet number="1">480</wcet>
            <maxpow number="0.361929636107196"/>
            <maxpow number="0.361929636107196"/>
            <fprob>0.0</fprob>
        </actor>
        <ports>
            <port dstActor="D0N39" name="p0" srcActor="D0N5"/>
            <port dstActor="D0N11" name="p1" srcActor="D0N5"/>
            <port dstActor="D0N20" name="p2" srcActor="D0N6"/>
            <port dstActor="D0N26" name="p3" srcActor="D0N6"/>
            <port dstActor="D0N44" name="p4" srcActor="D0N6"/>
            <port dstActor="D0N7" name="p5" srcActor="D0N6"/>
            <port dstActor="D0N41" name="p6" srcActor="D0N29"/>
            <port dstActor="D0N33" name="p7" srcActor="D0N29"/>
            <port dstActor="D0N30" name="p8" srcActor="D0N18"/>
            <port dstActor="D0N40" name="p9" srcActor="D0N18"/>
            <port dstActor="D0N36" name="p10" srcActor="D0N18"/>
            <port dstActor="D0N43" name="p11" srcActor="D0N18"/>
            <port dstActor="D0N46" name="p12" srcActor="D0N18"/>
            <port dstActor="D0N45" name="p13" srcActor="D0N38"/>
            <port dstActor="D0N46" name="p14" srcActor="D0N35"/>
            <port dstActor="D0N14" name="p15" srcActor="D0N0"/>
            <port dstActor="D0N43" name="p16" srcActor="D0N0"/>
            <port dstActor="D0N8" name="p17" srcActor="D0N0"/>
            <port dstActor="D0N44" name="p18" srcActor="D0N0"/>
            <port dstActor="D0N33" name="p19" srcActor="D0N31"/>
            <port dstActor="D0N8" name="p20" srcActor="D0N7"/>
            <port dstActor="D0N34" name="p21" srcActor="D0N7"/>
            <port dstActor="D0N27" name="p22" srcActor="D0N7"/>
            <port dstActor="D0N45" name="p23" srcActor="D0N7"/>
            <port dstActor="D0N38" name="p24" srcActor="D0N7"/>
            <port dstActor="D0N33" name="p25" srcActor="D0N1"/>
            <port dstActor="D0N43" name="p26" srcActor="D0N30"/>
            <port dstActor="D0N46" name="p27" srcActor="D0N30"/>
            <port dstActor="D0N18" name="p28" srcActor="D0N3"/>
            <port dstActor="D0N15" name="p29" srcActor="D0N3"/>
            <port dstActor="D0N42" name="p30" srcActor="D0N3"/>
            <port dstActor="D0N29" name="p31" srcActor="D0N3"/>
            <port dstActor="D0N28" name="p32" srcActor="D0N3"/>
            <port dstActor="D0N32" name="p33" srcActor="D0N3"/>
            <port dstActor="D0N12" name="p34" srcActor="D0N3"/>
            <port dstActor="D0N20" name="p35" srcActor="D0N3"/>
            <port dstActor="D0N6" name="p36" srcActor="D0N3"/>
            <port dstActor="D0N19" name="p37" srcActor="D0N3"/>
            <port dstActor="D0N14" name="p38" srcActor="D0N12"/>
            <port dstActor="D0N25" name="p39" srcActor="D0N12"/>
            <port dstActor="D0N36" name="p40" srcActor="D0N12"/>
            <port dstActor="D0N37" name="p41" srcActor="D0N24"/>
            <port dstActor="D0N36" name="p42" srcActor="D0N24"/>
            <port dstActor="D0N37" name="p43" srcActor="D0N19"/>
            <port dstActor="D0N41" name="p44" srcActor="D0N19"/>
            <port dstActor="D0N37" name="p45" srcActor="D0N27"/>
            <port dstActor="D0N28" name="p46" srcActor="D0N27"/>
            <port dstActor="D0N25" name="p47" srcActor="D0N20"/>
            <port dstActor="D0N35" name="p48" srcActor="D0N20"/>
            <port dstActor="D0N27" name="p49" srcActor="D0N20"/>
            <port dstActor="D0N30" name="p50" srcActor="D0N20"/>
            <port dstActor="D0N33" name="p51" srcActor="D0N9"/>
            <port dstActor="D0N34" name="p52" srcActor="D0N9"/>
            <port dstActor="D0N12" name="p53" srcActor="D0N9"/>
            <port dstActor="D0N40" name="p54" srcActor="D0N36"/>
            <port dstActor="D0N39" name="p55" srcActor="D0N26"/>
            <port dstActor="D0N23" name="p56" srcActor="D0N14"/>
            <port dstActor="D0N24" name="p57" srcActor="D0N14"/>
            <port dstActor="D0N42" name="p58" srcActor="D0N14"/>
            <port dstActor="D0N47" name="p59" srcActor="D0N42"/>
            <port dstActor="D0N43" name="p60" srcActor="D0N42"/>
            <port dstActor="D0N12" name="p61" srcActor="D0N10"/>
            <port dstActor="D0N14" name="p62" srcActor="D0N10"/>
            <port dstActor="D0N13" name="p63" srcActor="D0N10"/>
            <port dstActor="D0N35" name="p64" srcActor="D0N10"/>
            <port dstActor="D0N20" name="p65" srcActor="D0N10"/>
            <port dstActor="D0N28" name="p66" srcActor="D0N17"/>
            <port dstActor="D0N39" name="p67" srcActor="D0N17"/>
            <port dstActor="D0N41" name="p68" srcActor="D0N40"/>
            <port dstActor="D0N42" name="p69" srcActor="D0N40"/>
            <port dstActor="D0N43" name="p70" srcActor="D0N23"/>
            <port dstActor="D0N20" name="p71" srcActor="D0N8"/>
            <port dstActor="D0N13" name="p72" srcActor="D0N8"/>
            <port dstActor="D0N46" name="p73" srcActor="D0N8"/>
            <port dstActor="D0N21" name="p74" srcActor="D0N8"/>
            <port dstActor="D0N43" name="p75" srcActor="D0N8"/>
            <port dstActor="D0N18" name="p76" srcActor="D0N2"/>
            <port dstActor="D0N32" name="p77" srcActor="D0N2"/>
            <port dstActor="D0N47" name="p78" srcActor="D0N2"/>
            <port dstActor="D0N37" name="p79" srcActor="D0N2"/>
            <port dstActor="D0N36" name="p80" srcActor="D0N13"/>
            <port dstActor="D0N42" name="p81" srcActor="D0N13"/>
            <port dstActor="D0N24" name="p82" srcActor="D0N13"/>
            <port dstActor="D0N42" name="p83" srcActor="D0N34"/>
            <port dstActor="D0N38" name="p84" srcActor="D0N34"/>
            <port dstActor="D0N41" name="p85" srcActor="D0N34"/>
            <port dstActor="D0N35" name="p86" srcActor="D0N34"/>
            <port dstActor="D0N35" name="p87" srcActor="D0N25"/>
            <port dstActor="D0N29" name="p88" srcActor="D0N25"/>
            <port dstActor="D0N45" name="p89" srcActor="D0N25"/>
            <port dstActor="D0N44" name="p90" srcActor="D0N33"/>
            <port dstActor="D0N46" name="p91" srcActor="D0N33"/>
            <port dstActor="D0N37" name="p92" srcActor="D0N33"/>
            <port dstActor="D0N41" name="p93" srcActor="D0N22"/>
            <port dstActor="D0N18" name="p94" srcActor="D0N15"/>
            <port dstActor="D0N29" name="p95" srcActor="D0N15"/>
            <port dstActor="D0N45" name="p96" srcActor="D0N32"/>
            <port dstActor="D0N28" name="p97" srcActor="D0N16"/>
            <port dstActor="D0N39" name="p98" srcActor="D0N16"/>
            <port dstActor="D0N29" name="p99" srcActor="D0N28"/>
            <port dstActor="D0N43" name="p100" srcActor="D0N28"/>
            <port dstActor="D0N31" name="p101" srcActor="D0N28"/>
            <port dstActor="D0N37" name="p102" srcActor="D0N4"/>
            <port dstActor="D0N41" name="p103" srcActor="D0N4"/>
            <port dstActor="D0N13" name="p104" srcActor="D0N4"/>
            <port dstActor="D0N46" name="p105" srcActor="D0N4"/>
            <port dstActor="D0N27" name="p106" srcActor="D0N4"/>
            <port dstActor="D0N25" name="p107" srcActor="D0N21"/>
            <port dstActor="D0N45" name="p108" srcActor="D0N21"/>
            <port dstActor="D0N23" name="p109" srcActor="D0N21"/>
            <port dstActor="D0N34" name="p110" srcActor="D0N21"/>
            <port dstActor="D0N12" name="p111" srcActor="D0N11"/>
            <port dstActor="D0N26" name="p112" srcActor="D0N11"/>
            <port dstActor="D0N22" name="p113" srcActor="D0N11"/>
        </ports>
    </mcdag>
    <cores number="3"/>
    <levels number="2"/>
</mcsystem>
