<?xml version="1.0" encoding="UTF-8" standalone="no"?>
<mcsystem>
    <mcdag deadline="3000" name="genned-0-ed-10.0-0">
        <actor name="D0N48">
            <wcet number="0">80</wcet>
            <wcet number="1">80</wcet>
            <maxpow number="0.5022092207173613"/>
            <maxpow number="0.5022092207173613"/>
            <fprob>0.0</fprob>
        </actor>
        <actor name="D0N8">
            <wcet number="0">50</wcet>
            <wcet number="1">130</wcet>
            <maxpow number="0.9161196473554183"/>
            <maxpow number="0.9161196473554183"/>
            <fprob>0.0</fprob>
        </actor>
        <actor name="D0N43">
            <wcet number="0">480</wcet>
            <wcet number="1">540</wcet>
            <maxpow number="0.5424853134835591"/>
            <maxpow number="0.5424853134835591"/>
            <fprob>0.0</fprob>
        </actor>
        <actor name="D0N35">
            <wcet number="0">280</wcet>
            <wcet number="1">330</wcet>
            <maxpow number="0.5734336110626486"/>
            <maxpow number="0.5734336110626486"/>
            <fprob>0.0</fprob>
        </actor>
        <actor name="D0N14">
            <wcet number="0">40</wcet>
            <wcet number="1">80</wcet>
            <maxpow number="0.4609500615612263"/>
            <maxpow number="0.4609500615612263"/>
            <fprob>0.0</fprob>
        </actor>
        <actor name="D0N15">
            <wcet number="0">50</wcet>
            <wcet number="1">50</wcet>
            <maxpow number="0.7062359456385228"/>
            <maxpow number="0.7062359456385228"/>
            <fprob>0.0</fprob>
        </actor>
        <actor name="D0N21">
            <wcet number="0">10</wcet>
            <wcet number="1">230</wcet>
            <maxpow number="0.7439998660502375"/>
            <maxpow number="0.7439998660502375"/>
            <fprob>0.0</fprob>
        </actor>
        <actor name="D0N29">
            <wcet number="0">50</wcet>
            <wcet number="1">140</wcet>
            <maxpow number="0.544029962287139"/>
            <maxpow number="0.544029962287139"/>
            <fprob>0.0</fprob>
        </actor>
        <actor name="D0N20">
            <wcet number="0">10</wcet>
            <wcet number="1">20</wcet>
            <maxpow number="0.5819122644446941"/>
            <maxpow number="0.5819122644446941"/>
            <fprob>0.0</fprob>
        </actor>
        <actor name="D0N39">
            <wcet number="0">10</wcet>
            <wcet number="1">20</wcet>
            <maxpow number="0.5715104904258296"/>
            <maxpow number="0.5715104904258296"/>
            <fprob>0.0</fprob>
        </actor>
        <actor name="D0N38">
            <wcet number="0">30</wcet>
            <wcet number="1">80</wcet>
            <maxpow number="0.5631723040022228"/>
            <maxpow number="0.5631723040022228"/>
            <fprob>0.0</fprob>
        </actor>
        <actor name="D0N4">
            <wcet number="0">10</wcet>
            <wcet number="1">120</wcet>
            <maxpow number="0.4716760804674177"/>
            <maxpow number="0.4716760804674177"/>
            <fprob>0.0</fprob>
        </actor>
        <actor name="D0N5">
            <wcet number="0">40</wcet>
            <wcet number="1">40</wcet>
            <maxpow number="0.4572014458877158"/>
            <maxpow number="0.4572014458877158"/>
            <fprob>0.0</fprob>
        </actor>
        <actor name="D0N25">
            <wcet number="0">140</wcet>
            <wcet number="1">190</wcet>
            <maxpow number="0.3949564023168689"/>
            <maxpow number="0.3949564023168689"/>
            <fprob>0.0</fprob>
        </actor>
        <actor name="D0N18">
            <wcet number="0">60</wcet>
            <wcet number="1">300</wcet>
            <maxpow number="0.8120302252912723"/>
            <maxpow number="0.8120302252912723"/>
            <fprob>0.0</fprob>
        </actor>
        <actor name="D0N19">
            <wcet number="0">120</wcet>
            <wcet number="1">200</wcet>
            <maxpow number="0.6469574110432035"/>
            <maxpow number="0.6469574110432035"/>
            <fprob>0.0</fprob>
        </actor>
        <actor name="D0N42">
            <wcet number="0">240</wcet>
            <wcet number="1">560</wcet>
            <maxpow number="0.7367471737336124"/>
            <maxpow number="0.7367471737336124"/>
            <fprob>0.0</fprob>
        </actor>
        <actor name="D0N10">
            <wcet number="0">20</wcet>
            <wcet number="1">20</wcet>
            <maxpow number="0.8049756584684931"/>
            <maxpow number="0.8049756584684931"/>
            <fprob>0.0</fprob>
        </actor>
        <actor name="D0N7">
            <wcet number="0">310</wcet>
            <wcet number="1">370</wcet>
            <maxpow number="0.805613956492957"/>
            <maxpow number="0.805613956492957"/>
            <fprob>0.0</fprob>
        </actor>
        <actor name="D0N6">
            <wcet number="0">100</wcet>
            <wcet number="1">150</wcet>
            <maxpow number="0.5964927908189763"/>
            <maxpow number="0.5964927908189763"/>
            <fprob>0.0</fprob>
        </actor>
        <actor name="D0N2">
            <wcet number="0">20</wcet>
            <wcet number="1">30</wcet>
            <maxpow number="0.5520600723183633"/>
            <maxpow number="0.5520600723183633"/>
            <fprob>0.0</fprob>
        </actor>
        <actor name="D0N9">
            <wcet number="0">40</wcet>
            <wcet number="1">210</wcet>
            <maxpow number="0.5772693686316027"/>
            <maxpow number="0.5772693686316027"/>
            <fprob>0.0</fprob>
        </actor>
        <actor name="D0N44">
            <wcet number="0">290</wcet>
            <wcet number="1">380</wcet>
            <maxpow number="0.6875187431589804"/>
            <maxpow number="0.6875187431589804"/>
            <fprob>0.0</fprob>
        </actor>
        <actor name="D0N24">
            <wcet number="0">20</wcet>
            <wcet number="1">30</wcet>
            <maxpow number="0.7011435323164377"/>
            <maxpow number="0.7011435323164377"/>
            <fprob>0.0</fprob>
        </actor>
        <actor name="D0N30">
            <wcet number="0">10</wcet>
            <wcet number="1">40</wcet>
            <maxpow number="0.32410323578968875"/>
            <maxpow number="0.32410323578968875"/>
            <fprob>0.0</fprob>
        </actor>
        <actor name="D0N0">
            <wcet number="0">40</wcet>
            <wcet number="1">50</wcet>
            <maxpow number="0.9726106629415743"/>
            <maxpow number="0.9726106629415743"/>
            <fprob>0.0</fprob>
        </actor>
        <actor name="D0N17">
            <wcet number="0">30</wcet>
            <wcet number="1">190</wcet>
            <maxpow number="0.7293571748640455"/>
            <maxpow number="0.7293571748640455"/>
            <fprob>0.0</fprob>
        </actor>
        <actor name="D0N34">
            <wcet number="0">10</wcet>
            <wcet number="1">30</wcet>
            <maxpow number="0.7109670754470032"/>
            <maxpow number="0.7109670754470032"/>
            <fprob>0.0</fprob>
        </actor>
        <actor name="D0N13">
            <wcet number="0">80</wcet>
            <wcet number="1">100</wcet>
            <maxpow number="0.6601517686514748"/>
            <maxpow number="0.6601517686514748"/>
            <fprob>0.0</fprob>
        </actor>
        <actor name="D0N11">
            <wcet number="0">110</wcet>
            <wcet number="1">110</wcet>
            <maxpow number="0.23774593973538782"/>
            <maxpow number="0.23774593973538782"/>
            <fprob>0.0</fprob>
        </actor>
        <actor name="D0N23">
            <wcet number="0">10</wcet>
            <wcet number="1">20</wcet>
            <maxpow number="0.4779374249074684"/>
            <maxpow number="0.4779374249074684"/>
            <fprob>0.0</fprob>
        </actor>
        <actor name="D0N41">
            <wcet number="0">20</wcet>
            <wcet number="1">40</wcet>
            <maxpow number="0.5520098737097718"/>
            <maxpow number="0.5520098737097718"/>
            <fprob>0.0</fprob>
        </actor>
        <actor name="D0N27">
            <wcet number="0">50</wcet>
            <wcet number="1">60</wcet>
            <maxpow number="0.6455710839913077"/>
            <maxpow number="0.6455710839913077"/>
            <fprob>0.0</fprob>
        </actor>
        <actor name="D0N12">
            <wcet number="0">130</wcet>
            <wcet number="1">250</wcet>
            <maxpow number="0.3805852739938284"/>
            <maxpow number="0.3805852739938284"/>
            <fprob>0.0</fprob>
        </actor>
        <actor name="D0N31">
            <wcet number="0">40</wcet>
            <wcet number="1">140</wcet>
            <maxpow number="0.5782263913514871"/>
            <maxpow number="0.5782263913514871"/>
            <fprob>0.0</fprob>
        </actor>
        <actor name="D0N32">
            <wcet number="0">30</wcet>
            <wcet number="1">60</wcet>
            <maxpow number="0.8354423988280446"/>
            <maxpow number="0.8354423988280446"/>
            <fprob>0.0</fprob>
        </actor>
        <actor name="D0N46">
            <wcet number="0">80</wcet>
            <wcet number="1">100</wcet>
            <maxpow number="0.7932530282692793"/>
            <maxpow number="0.7932530282692793"/>
            <fprob>0.0</fprob>
        </actor>
        <actor name="D0N45">
            <wcet number="0">80</wcet>
            <wcet number="1">90</wcet>
            <maxpow number="0.3599947326709735"/>
            <maxpow number="0.3599947326709735"/>
            <fprob>0.0</fprob>
        </actor>
        <actor name="D0N26">
            <wcet number="0">80</wcet>
            <wcet number="1">110</wcet>
            <maxpow number="0.4937440763132304"/>
            <maxpow number="0.4937440763132304"/>
            <fprob>0.0</fprob>
        </actor>
        <actor name="D0N40">
            <wcet number="0">60</wcet>
            <wcet number="1">170</wcet>
            <maxpow number="0.6223237542629457"/>
            <maxpow number="0.6223237542629457"/>
            <fprob>0.0</fprob>
        </actor>
        <actor name="D0N3">
            <wcet number="0">180</wcet>
            <wcet number="1">300</wcet>
            <maxpow number="0.6277697905764261"/>
            <maxpow number="0.6277697905764261"/>
            <fprob>0.0</fprob>
        </actor>
        <actor name="D0N1">
            <wcet number="0">200</wcet>
            <wcet number="1">280</wcet>
            <maxpow number="0.32072063000869455"/>
            <maxpow number="0.32072063000869455"/>
            <fprob>0.0</fprob>
        </actor>
        <actor name="D0N22">
            <wcet number="0">20</wcet>
            <wcet number="1">20</wcet>
            <maxpow number="0.7714762514714136"/>
            <maxpow number="0.7714762514714136"/>
            <fprob>0.0</fprob>
        </actor>
        <actor name="D0N33">
            <wcet number="0">60</wcet>
            <wcet number="1">70</wcet>
            <maxpow number="0.21613678439527018"/>
            <maxpow number="0.21613678439527018"/>
            <fprob>0.0</fprob>
        </actor>
        <actor name="D0N28">
            <wcet number="0">20</wcet>
            <wcet number="1">30</wcet>
            <maxpow number="0.7839970422315683"/>
            <maxpow number="0.7839970422315683"/>
            <fprob>0.0</fprob>
        </actor>
        <actor name="D0N47">
            <wcet number="0">250</wcet>
            <wcet number="1">260</wcet>
            <maxpow number="0.7002001034369948"/>
            <maxpow number="0.7002001034369948"/>
            <fprob>0.0</fprob>
        </actor>
        <actor name="D0N16">
            <wcet number="0">90</wcet>
            <wcet number="1">110</wcet>
            <maxpow number="0.5105985176018093"/>
            <maxpow number="0.5105985176018093"/>
            <fprob>0.0</fprob>
        </actor>
        <actor name="D0N37">
            <wcet number="0">120</wcet>
            <wcet number="1">130</wcet>
            <maxpow number="0.48104220750973914"/>
            <maxpow number="0.48104220750973914"/>
            <fprob>0.0</fprob>
        </actor>
        <actor name="D0N36">
            <wcet number="0">20</wcet>
            <wcet number="1">30</wcet>
            <maxpow number="0.41432903441649144"/>
            <maxpow number="0.41432903441649144"/>
            <fprob>0.0</fprob>
        </actor>
        <actor name="D0N49">
            <wcet number="0">90</wcet>
            <wcet number="1">110</wcet>
            <maxpow number="0.34780627781851725"/>
            <maxpow number="0.34780627781851725"/>
            <fprob>0.0</fprob>
        </actor>
        <ports>
            <port dstActor="D0N41" name="p0" srcActor="D0N8"/>
            <port dstActor="D0N30" name="p1" srcActor="D0N8"/>
            <port dstActor="D0N28" name="p2" srcActor="D0N8"/>
            <port dstActor="D0N37" name="p3" srcActor="D0N8"/>
            <port dstActor="D0N10" name="p4" srcActor="D0N8"/>
            <port dstActor="D0N21" name="p5" srcActor="D0N8"/>
            <port dstActor="D0N29" name="p6" srcActor="D0N14"/>
            <port dstActor="D0N28" name="p7" srcActor="D0N14"/>
            <port dstActor="D0N26" name="p8" srcActor="D0N14"/>
            <port dstActor="D0N27" name="p9" srcActor="D0N14"/>
            <port dstActor="D0N15" name="p10" srcActor="D0N14"/>
            <port dstActor="D0N38" name="p11" srcActor="D0N15"/>
            <port dstActor="D0N39" name="p12" srcActor="D0N15"/>
            <port dstActor="D0N41" name="p13" srcActor="D0N15"/>
            <port dstActor="D0N47" name="p14" srcActor="D0N15"/>
            <port dstActor="D0N48" name="p15" srcActor="D0N15"/>
            <port dstActor="D0N25" name="p16" srcActor="D0N21"/>
            <port dstActor="D0N21" name="p17" srcActor="D0N20"/>
            <port dstActor="D0N44" name="p18" srcActor="D0N20"/>
            <port dstActor="D0N46" name="p19" srcActor="D0N20"/>
            <port dstActor="D0N30" name="p20" srcActor="D0N20"/>
            <port dstActor="D0N41" name="p21" srcActor="D0N39"/>
            <port dstActor="D0N44" name="p22" srcActor="D0N39"/>
            <port dstActor="D0N47" name="p23" srcActor="D0N39"/>
            <port dstActor="D0N48" name="p24" srcActor="D0N39"/>
            <port dstActor="D0N29" name="p25" srcActor="D0N4"/>
            <port dstActor="D0N45" name="p26" srcActor="D0N4"/>
            <port dstActor="D0N8" name="p27" srcActor="D0N4"/>
            <port dstActor="D0N15" name="p28" srcActor="D0N4"/>
            <port dstActor="D0N31" name="p29" srcActor="D0N4"/>
            <port dstActor="D0N26" name="p30" srcActor="D0N5"/>
            <port dstActor="D0N36" name="p31" srcActor="D0N5"/>
            <port dstActor="D0N14" name="p32" srcActor="D0N5"/>
            <port dstActor="D0N49" name="p33" srcActor="D0N25"/>
            <port dstActor="D0N34" name="p34" srcActor="D0N25"/>
            <port dstActor="D0N46" name="p35" srcActor="D0N25"/>
            <port dstActor="D0N43" name="p36" srcActor="D0N25"/>
            <port dstActor="D0N28" name="p37" srcActor="D0N18"/>
            <port dstActor="D0N41" name="p38" srcActor="D0N18"/>
            <port dstActor="D0N48" name="p39" srcActor="D0N18"/>
            <port dstActor="D0N32" name="p40" srcActor="D0N19"/>
            <port dstActor="D0N31" name="p41" srcActor="D0N19"/>
            <port dstActor="D0N25" name="p42" srcActor="D0N19"/>
            <port dstActor="D0N30" name="p43" srcActor="D0N19"/>
            <port dstActor="D0N47" name="p44" srcActor="D0N19"/>
            <port dstActor="D0N45" name="p45" srcActor="D0N19"/>
            <port dstActor="D0N37" name="p46" srcActor="D0N19"/>
            <port dstActor="D0N40" name="p47" srcActor="D0N19"/>
            <port dstActor="D0N46" name="p48" srcActor="D0N42"/>
            <port dstActor="D0N48" name="p49" srcActor="D0N10"/>
            <port dstActor="D0N17" name="p50" srcActor="D0N10"/>
            <port dstActor="D0N28" name="p51" srcActor="D0N10"/>
            <port dstActor="D0N29" name="p52" srcActor="D0N10"/>
            <port dstActor="D0N19" name="p53" srcActor="D0N7"/>
            <port dstActor="D0N44" name="p54" srcActor="D0N7"/>
            <port dstActor="D0N16" name="p55" srcActor="D0N7"/>
            <port dstActor="D0N37" name="p56" srcActor="D0N7"/>
            <port dstActor="D0N39" name="p57" srcActor="D0N7"/>
            <port dstActor="D0N19" name="p58" srcActor="D0N6"/>
            <port dstActor="D0N9" name="p59" srcActor="D0N6"/>
            <port dstActor="D0N27" name="p60" srcActor="D0N6"/>
            <port dstActor="D0N44" name="p61" srcActor="D0N6"/>
            <port dstActor="D0N16" name="p62" srcActor="D0N6"/>
            <port dstActor="D0N25" name="p63" srcActor="D0N6"/>
            <port dstActor="D0N38" name="p64" srcActor="D0N6"/>
            <port dstActor="D0N49" name="p65" srcActor="D0N6"/>
            <port dstActor="D0N48" name="p66" srcActor="D0N2"/>
            <port dstActor="D0N7" name="p67" srcActor="D0N2"/>
            <port dstActor="D0N22" name="p68" srcActor="D0N2"/>
            <port dstActor="D0N32" name="p69" srcActor="D0N2"/>
            <port dstActor="D0N23" name="p70" srcActor="D0N2"/>
            <port dstActor="D0N33" name="p71" srcActor="D0N9"/>
            <port dstActor="D0N44" name="p72" srcActor="D0N9"/>
            <port dstActor="D0N40" name="p73" srcActor="D0N24"/>
            <port dstActor="D0N46" name="p74" srcActor="D0N24"/>
            <port dstActor="D0N39" name="p75" srcActor="D0N24"/>
            <port dstActor="D0N38" name="p76" srcActor="D0N30"/>
            <port dstActor="D0N39" name="p77" srcActor="D0N30"/>
            <port dstActor="D0N43" name="p78" srcActor="D0N30"/>
            <port dstActor="D0N28" name="p79" srcActor="D0N0"/>
            <port dstActor="D0N20" name="p80" srcActor="D0N0"/>
            <port dstActor="D0N36" name="p81" srcActor="D0N0"/>
            <port dstActor="D0N25" name="p82" srcActor="D0N0"/>
            <port dstActor="D0N22" name="p83" srcActor="D0N0"/>
            <port dstActor="D0N27" name="p84" srcActor="D0N0"/>
            <port dstActor="D0N29" name="p85" srcActor="D0N0"/>
            <port dstActor="D0N36" name="p86" srcActor="D0N17"/>
            <port dstActor="D0N43" name="p87" srcActor="D0N17"/>
            <port dstActor="D0N33" name="p88" srcActor="D0N17"/>
            <port dstActor="D0N23" name="p89" srcActor="D0N17"/>
            <port dstActor="D0N39" name="p90" srcActor="D0N17"/>
            <port dstActor="D0N42" name="p91" srcActor="D0N34"/>
            <port dstActor="D0N40" name="p92" srcActor="D0N34"/>
            <port dstActor="D0N38" name="p93" srcActor="D0N11"/>
            <port dstActor="D0N43" name="p94" srcActor="D0N11"/>
            <port dstActor="D0N41" name="p95" srcActor="D0N23"/>
            <port dstActor="D0N44" name="p96" srcActor="D0N23"/>
            <port dstActor="D0N46" name="p97" srcActor="D0N23"/>
            <port dstActor="D0N44" name="p98" srcActor="D0N41"/>
            <port dstActor="D0N44" name="p99" srcActor="D0N27"/>
            <port dstActor="D0N33" name="p100" srcActor="D0N27"/>
            <port dstActor="D0N28" name="p101" srcActor="D0N27"/>
            <port dstActor="D0N43" name="p102" srcActor="D0N12"/>
            <port dstActor="D0N35" name="p103" srcActor="D0N32"/>
            <port dstActor="D0N40" name="p104" srcActor="D0N32"/>
            <port dstActor="D0N47" name="p105" srcActor="D0N26"/>
            <port dstActor="D0N43" name="p106" srcActor="D0N40"/>
            <port dstActor="D0N47" name="p107" srcActor="D0N40"/>
            <port dstActor="D0N20" name="p108" srcActor="D0N3"/>
            <port dstActor="D0N24" name="p109" srcActor="D0N3"/>
            <port dstActor="D0N17" name="p110" srcActor="D0N3"/>
            <port dstActor="D0N33" name="p111" srcActor="D0N3"/>
            <port dstActor="D0N13" name="p112" srcActor="D0N3"/>
            <port dstActor="D0N35" name="p113" srcActor="D0N3"/>
            <port dstActor="D0N46" name="p114" srcActor="D0N1"/>
            <port dstActor="D0N27" name="p115" srcActor="D0N1"/>
            <port dstActor="D0N16" name="p116" srcActor="D0N1"/>
            <port dstActor="D0N37" name="p117" srcActor="D0N22"/>
            <port dstActor="D0N46" name="p118" srcActor="D0N22"/>
            <port dstActor="D0N25" name="p119" srcActor="D0N22"/>
            <port dstActor="D0N47" name="p120" srcActor="D0N33"/>
            <port dstActor="D0N33" name="p121" srcActor="D0N28"/>
            <port dstActor="D0N24" name="p122" srcActor="D0N16"/>
            <port dstActor="D0N36" name="p123" srcActor="D0N16"/>
            <port dstActor="D0N46" name="p124" srcActor="D0N16"/>
            <port dstActor="D0N45" name="p125" srcActor="D0N37"/>
            <port dstActor="D0N40" name="p126" srcActor="D0N36"/>
        </ports>
    </mcdag>
    <cores number="3"/>
    <levels number="2"/>
</mcsystem>
