<?xml version="1.0" encoding="UTF-8" standalone="no"?>
<mcsystem>
    <mcdag deadline="2000" name="genned-0-ed-10.0-0">
        <actor name="D0N27">
            <wcet number="0">20</wcet>
            <wcet number="1">30</wcet>
            <maxpow number="0.5617590845817177"/>
            <maxpow number="0.5617590845817177"/>
            <fprob>0.0</fprob>
        </actor>
        <actor name="D0N4">
            <wcet number="0">20</wcet>
            <wcet number="1">60</wcet>
            <maxpow number="0.4170379964708071"/>
            <maxpow number="0.4170379964708071"/>
            <fprob>0.0</fprob>
        </actor>
        <actor name="D0N15">
            <wcet number="0">20</wcet>
            <wcet number="1">20</wcet>
            <maxpow number="0.9939645426493213"/>
            <maxpow number="0.9939645426493213"/>
            <fprob>0.0</fprob>
        </actor>
        <actor name="D0N28">
            <wcet number="0">30</wcet>
            <wcet number="1">40</wcet>
            <maxpow number="0.7430074478480908"/>
            <maxpow number="0.7430074478480908"/>
            <fprob>0.0</fprob>
        </actor>
        <actor name="D0N47">
            <wcet number="0">30</wcet>
            <wcet number="1">220</wcet>
            <maxpow number="0.4576451458169498"/>
            <maxpow number="0.4576451458169498"/>
            <fprob>0.0</fprob>
        </actor>
        <actor name="D0N46">
            <wcet number="0">20</wcet>
            <wcet number="1">70</wcet>
            <maxpow number="0.5010118800931979"/>
            <maxpow number="0.5010118800931979"/>
            <fprob>0.0</fprob>
        </actor>
        <actor name="D0N30">
            <wcet number="0">220</wcet>
            <wcet number="1">470</wcet>
            <maxpow number="0.47989062091659507"/>
            <maxpow number="0.47989062091659507"/>
            <fprob>0.0</fprob>
        </actor>
        <actor name="D0N29">
            <wcet number="0">60</wcet>
            <wcet number="1">90</wcet>
            <maxpow number="0.8044137586626646"/>
            <maxpow number="0.8044137586626646"/>
            <fprob>0.0</fprob>
        </actor>
        <actor name="D0N40">
            <wcet number="0">140</wcet>
            <wcet number="1">390</wcet>
            <maxpow number="0.6622024475985083"/>
            <maxpow number="0.6622024475985083"/>
            <fprob>0.0</fprob>
        </actor>
        <actor name="D0N41">
            <wcet number="0">150</wcet>
            <wcet number="1">150</wcet>
            <maxpow number="0.6550801261135792"/>
            <maxpow number="0.6550801261135792"/>
            <fprob>0.0</fprob>
        </actor>
        <actor name="D0N9">
            <wcet number="0">40</wcet>
            <wcet number="1">40</wcet>
            <maxpow number="0.49816352542522235"/>
            <maxpow number="0.49816352542522235"/>
            <fprob>0.0</fprob>
        </actor>
        <actor name="D0N44">
            <wcet number="0">10</wcet>
            <wcet number="1">10</wcet>
            <maxpow number="0.6915673461303182"/>
            <maxpow number="0.6915673461303182"/>
            <fprob>0.0</fprob>
        </actor>
        <actor name="D0N11">
            <wcet number="0">150</wcet>
            <wcet number="1">300</wcet>
            <maxpow number="0.6222438768997065"/>
            <maxpow number="0.6222438768997065"/>
            <fprob>0.0</fprob>
        </actor>
        <actor name="D0N7">
            <wcet number="0">30</wcet>
            <wcet number="1">50</wcet>
            <maxpow number="0.6633601011928036"/>
            <maxpow number="0.6633601011928036"/>
            <fprob>0.0</fprob>
        </actor>
        <actor name="D0N21">
            <wcet number="0">20</wcet>
            <wcet number="1">30</wcet>
            <maxpow number="0.4924038852164508"/>
            <maxpow number="0.4924038852164508"/>
            <fprob>0.0</fprob>
        </actor>
        <actor name="D0N36">
            <wcet number="0">10</wcet>
            <wcet number="1">40</wcet>
            <maxpow number="0.38020386610110357"/>
            <maxpow number="0.38020386610110357"/>
            <fprob>0.0</fprob>
        </actor>
        <actor name="D0N19">
            <wcet number="0">30</wcet>
            <wcet number="1">50</wcet>
            <maxpow number="0.7492887576079542"/>
            <maxpow number="0.7492887576079542"/>
            <fprob>0.0</fprob>
        </actor>
        <actor name="D0N8">
            <wcet number="0">10</wcet>
            <wcet number="1">30</wcet>
            <maxpow number="0.5641816855192092"/>
            <maxpow number="0.5641816855192092"/>
            <fprob>0.0</fprob>
        </actor>
        <actor name="D0N35">
            <wcet number="0">30</wcet>
            <wcet number="1">30</wcet>
            <maxpow number="0.6241611472767321"/>
            <maxpow number="0.6241611472767321"/>
            <fprob>0.0</fprob>
        </actor>
        <actor name="D0N45">
            <wcet number="0">10</wcet>
            <wcet number="1">10</wcet>
            <maxpow number="0.5502454118780405"/>
            <maxpow number="0.5502454118780405"/>
            <fprob>0.0</fprob>
        </actor>
        <actor name="D0N43">
            <wcet number="0">140</wcet>
            <wcet number="1">290</wcet>
            <maxpow number="0.5174654720270369"/>
            <maxpow number="0.5174654720270369"/>
            <fprob>0.0</fprob>
        </actor>
        <actor name="D0N26">
            <wcet number="0">40</wcet>
            <wcet number="1">50</wcet>
            <maxpow number="0.33023509545303087"/>
            <maxpow number="0.33023509545303087"/>
            <fprob>0.0</fprob>
        </actor>
        <actor name="D0N38">
            <wcet number="0">120</wcet>
            <wcet number="1">210</wcet>
            <maxpow number="0.4917144776561526"/>
            <maxpow number="0.4917144776561526"/>
            <fprob>0.0</fprob>
        </actor>
        <actor name="D0N42">
            <wcet number="0">50</wcet>
            <wcet number="1">230</wcet>
            <maxpow number="0.5456140820227978"/>
            <maxpow number="0.5456140820227978"/>
            <fprob>0.0</fprob>
        </actor>
        <actor name="D0N23">
            <wcet number="0">120</wcet>
            <wcet number="1">160</wcet>
            <maxpow number="0.22059777805471809"/>
            <maxpow number="0.22059777805471809"/>
            <fprob>0.0</fprob>
        </actor>
        <actor name="D0N0">
            <wcet number="0">90</wcet>
            <wcet number="1">90</wcet>
            <maxpow number="0.5554158074414952"/>
            <maxpow number="0.5554158074414952"/>
            <fprob>0.0</fprob>
        </actor>
        <actor name="D0N1">
            <wcet number="0">40</wcet>
            <wcet number="1">160</wcet>
            <maxpow number="0.40999800392783486"/>
            <maxpow number="0.40999800392783486"/>
            <fprob>0.0</fprob>
        </actor>
        <actor name="D0N3">
            <wcet number="0">30</wcet>
            <wcet number="1">60</wcet>
            <maxpow number="0.39355412860499667"/>
            <maxpow number="0.39355412860499667"/>
            <fprob>0.0</fprob>
        </actor>
        <actor name="D0N2">
            <wcet number="0">40</wcet>
            <wcet number="1">70</wcet>
            <maxpow number="0.5921628556748414"/>
            <maxpow number="0.5921628556748414"/>
            <fprob>0.0</fprob>
        </actor>
        <actor name="D0N10">
            <wcet number="0">40</wcet>
            <wcet number="1">60</wcet>
            <maxpow number="0.6577479827527721"/>
            <maxpow number="0.6577479827527721"/>
            <fprob>0.0</fprob>
        </actor>
        <actor name="D0N18">
            <wcet number="0">80</wcet>
            <wcet number="1">80</wcet>
            <maxpow number="0.7528401570081165"/>
            <maxpow number="0.7528401570081165"/>
            <fprob>0.0</fprob>
        </actor>
        <actor name="D0N31">
            <wcet number="0">10</wcet>
            <wcet number="1">10</wcet>
            <maxpow number="0.610564442609155"/>
            <maxpow number="0.610564442609155"/>
            <fprob>0.0</fprob>
        </actor>
        <actor name="D0N32">
            <wcet number="0">50</wcet>
            <wcet number="1">150</wcet>
            <maxpow number="0.6850352338009728"/>
            <maxpow number="0.6850352338009728"/>
            <fprob>0.0</fprob>
        </actor>
        <actor name="D0N17">
            <wcet number="0">200</wcet>
            <wcet number="1">290</wcet>
            <maxpow number="0.4653383487295362"/>
            <maxpow number="0.4653383487295362"/>
            <fprob>0.0</fprob>
        </actor>
        <actor name="D0N12">
            <wcet number="0">40</wcet>
            <wcet number="1">40</wcet>
            <maxpow number="0.37875935888479567"/>
            <maxpow number="0.37875935888479567"/>
            <fprob>0.0</fprob>
        </actor>
        <actor name="D0N6">
            <wcet number="0">20</wcet>
            <wcet number="1">40</wcet>
            <maxpow number="0.3526447566140638"/>
            <maxpow number="0.3526447566140638"/>
            <fprob>0.0</fprob>
        </actor>
        <actor name="D0N14">
            <wcet number="0">20</wcet>
            <wcet number="1">20</wcet>
            <maxpow number="0.7649742319552044"/>
            <maxpow number="0.7649742319552044"/>
            <fprob>0.0</fprob>
        </actor>
        <actor name="D0N24">
            <wcet number="0">10</wcet>
            <wcet number="1">90</wcet>
            <maxpow number="0.7156812684692304"/>
            <maxpow number="0.7156812684692304"/>
            <fprob>0.0</fprob>
        </actor>
        <actor name="D0N33">
            <wcet number="0">10</wcet>
            <wcet number="1">20</wcet>
            <maxpow number="0.15910704943263448"/>
            <maxpow number="0.15910704943263448"/>
            <fprob>0.0</fprob>
        </actor>
        <actor name="D0N5">
            <wcet number="0">10</wcet>
            <wcet number="1">130</wcet>
            <maxpow number="0.10433552123543627"/>
            <maxpow number="0.10433552123543627"/>
            <fprob>0.0</fprob>
        </actor>
        <actor name="D0N39">
            <wcet number="0">20</wcet>
            <wcet number="1">60</wcet>
            <maxpow number="0.5067895676001886"/>
            <maxpow number="0.5067895676001886"/>
            <fprob>0.0</fprob>
        </actor>
        <actor name="D0N37">
            <wcet number="0">140</wcet>
            <wcet number="1">170</wcet>
            <maxpow number="0.3612691816870848"/>
            <maxpow number="0.3612691816870848"/>
            <fprob>0.0</fprob>
        </actor>
        <actor name="D0N16">
            <wcet number="0">110</wcet>
            <wcet number="1">130</wcet>
            <maxpow number="0.6530006723676162"/>
            <maxpow number="0.6530006723676162"/>
            <fprob>0.0</fprob>
        </actor>
        <actor name="D0N34">
            <wcet number="0">60</wcet>
            <wcet number="1">70</wcet>
            <maxpow number="0.757095068233923"/>
            <maxpow number="0.757095068233923"/>
            <fprob>0.0</fprob>
        </actor>
        <actor name="D0N13">
            <wcet number="0">150</wcet>
            <wcet number="1">290</wcet>
            <maxpow number="0.9231207710169492"/>
            <maxpow number="0.9231207710169492"/>
            <fprob>0.0</fprob>
        </actor>
        <actor name="D0N22">
            <wcet number="0">10</wcet>
            <wcet number="1">10</wcet>
            <maxpow number="0.48617516361247504"/>
            <maxpow number="0.48617516361247504"/>
            <fprob>0.0</fprob>
        </actor>
        <actor name="D0N20">
            <wcet number="0">10</wcet>
            <wcet number="1">10</wcet>
            <maxpow number="0.460767606465007"/>
            <maxpow number="0.460767606465007"/>
            <fprob>0.0</fprob>
        </actor>
        <actor name="D0N25">
            <wcet number="0">50</wcet>
            <wcet number="1">80</wcet>
            <maxpow number="0.4187373355263717"/>
            <maxpow number="0.4187373355263717"/>
            <fprob>0.0</fprob>
        </actor>
        <ports>
            <port dstActor="D0N37" name="p0" srcActor="D0N27"/>
            <port dstActor="D0N45" name="p1" srcActor="D0N27"/>
            <port dstActor="D0N10" name="p2" srcActor="D0N4"/>
            <port dstActor="D0N29" name="p3" srcActor="D0N4"/>
            <port dstActor="D0N19" name="p4" srcActor="D0N4"/>
            <port dstActor="D0N41" name="p5" srcActor="D0N15"/>
            <port dstActor="D0N38" name="p6" srcActor="D0N15"/>
            <port dstActor="D0N18" name="p7" srcActor="D0N15"/>
            <port dstActor="D0N32" name="p8" srcActor="D0N28"/>
            <port dstActor="D0N39" name="p9" srcActor="D0N28"/>
            <port dstActor="D0N44" name="p10" srcActor="D0N30"/>
            <port dstActor="D0N46" name="p11" srcActor="D0N30"/>
            <port dstActor="D0N33" name="p12" srcActor="D0N29"/>
            <port dstActor="D0N45" name="p13" srcActor="D0N29"/>
            <port dstActor="D0N47" name="p14" srcActor="D0N29"/>
            <port dstActor="D0N47" name="p15" srcActor="D0N41"/>
            <port dstActor="D0N42" name="p16" srcActor="D0N9"/>
            <port dstActor="D0N12" name="p17" srcActor="D0N9"/>
            <port dstActor="D0N31" name="p18" srcActor="D0N9"/>
            <port dstActor="D0N38" name="p19" srcActor="D0N9"/>
            <port dstActor="D0N15" name="p20" srcActor="D0N9"/>
            <port dstActor="D0N14" name="p21" srcActor="D0N9"/>
            <port dstActor="D0N19" name="p22" srcActor="D0N9"/>
            <port dstActor="D0N44" name="p23" srcActor="D0N11"/>
            <port dstActor="D0N32" name="p24" srcActor="D0N7"/>
            <port dstActor="D0N23" name="p25" srcActor="D0N7"/>
            <port dstActor="D0N24" name="p26" srcActor="D0N7"/>
            <port dstActor="D0N21" name="p27" srcActor="D0N7"/>
            <port dstActor="D0N32" name="p28" srcActor="D0N21"/>
            <port dstActor="D0N45" name="p29" srcActor="D0N21"/>
            <port dstActor="D0N42" name="p30" srcActor="D0N36"/>
            <port dstActor="D0N42" name="p31" srcActor="D0N19"/>
            <port dstActor="D0N24" name="p32" srcActor="D0N19"/>
            <port dstActor="D0N9" name="p33" srcActor="D0N8"/>
            <port dstActor="D0N18" name="p34" srcActor="D0N8"/>
            <port dstActor="D0N45" name="p35" srcActor="D0N8"/>
            <port dstActor="D0N36" name="p36" srcActor="D0N35"/>
            <port dstActor="D0N46" name="p37" srcActor="D0N38"/>
            <port dstActor="D0N44" name="p38" srcActor="D0N42"/>
            <port dstActor="D0N36" name="p39" srcActor="D0N23"/>
            <port dstActor="D0N39" name="p40" srcActor="D0N23"/>
            <port dstActor="D0N13" name="p41" srcActor="D0N0"/>
            <port dstActor="D0N47" name="p42" srcActor="D0N0"/>
            <port dstActor="D0N38" name="p43" srcActor="D0N0"/>
            <port dstActor="D0N31" name="p44" srcActor="D0N0"/>
            <port dstActor="D0N5" name="p45" srcActor="D0N0"/>
            <port dstActor="D0N2" name="p46" srcActor="D0N1"/>
            <port dstActor="D0N45" name="p47" srcActor="D0N1"/>
            <port dstActor="D0N5" name="p48" srcActor="D0N1"/>
            <port dstActor="D0N43" name="p49" srcActor="D0N1"/>
            <port dstActor="D0N38" name="p50" srcActor="D0N1"/>
            <port dstActor="D0N31" name="p51" srcActor="D0N1"/>
            <port dstActor="D0N40" name="p52" srcActor="D0N3"/>
            <port dstActor="D0N13" name="p53" srcActor="D0N3"/>
            <port dstActor="D0N22" name="p54" srcActor="D0N3"/>
            <port dstActor="D0N37" name="p55" srcActor="D0N3"/>
            <port dstActor="D0N11" name="p56" srcActor="D0N3"/>
            <port dstActor="D0N18" name="p57" srcActor="D0N3"/>
            <port dstActor="D0N41" name="p58" srcActor="D0N2"/>
            <port dstActor="D0N11" name="p59" srcActor="D0N2"/>
            <port dstActor="D0N10" name="p60" srcActor="D0N2"/>
            <port dstActor="D0N35" name="p61" srcActor="D0N2"/>
            <port dstActor="D0N44" name="p62" srcActor="D0N2"/>
            <port dstActor="D0N4" name="p63" srcActor="D0N2"/>
            <port dstActor="D0N33" name="p64" srcActor="D0N2"/>
            <port dstActor="D0N36" name="p65" srcActor="D0N10"/>
            <port dstActor="D0N40" name="p66" srcActor="D0N10"/>
            <port dstActor="D0N16" name="p67" srcActor="D0N10"/>
            <port dstActor="D0N30" name="p68" srcActor="D0N10"/>
            <port dstActor="D0N27" name="p69" srcActor="D0N18"/>
            <port dstActor="D0N41" name="p70" srcActor="D0N18"/>
            <port dstActor="D0N23" name="p71" srcActor="D0N18"/>
            <port dstActor="D0N33" name="p72" srcActor="D0N18"/>
            <port dstActor="D0N34" name="p73" srcActor="D0N31"/>
            <port dstActor="D0N42" name="p74" srcActor="D0N32"/>
            <port dstActor="D0N40" name="p75" srcActor="D0N17"/>
            <port dstActor="D0N32" name="p76" srcActor="D0N17"/>
            <port dstActor="D0N46" name="p77" srcActor="D0N17"/>
            <port dstActor="D0N33" name="p78" srcActor="D0N17"/>
            <port dstActor="D0N35" name="p79" srcActor="D0N17"/>
            <port dstActor="D0N38" name="p80" srcActor="D0N17"/>
            <port dstActor="D0N47" name="p81" srcActor="D0N17"/>
            <port dstActor="D0N36" name="p82" srcActor="D0N12"/>
            <port dstActor="D0N26" name="p83" srcActor="D0N12"/>
            <port dstActor="D0N38" name="p84" srcActor="D0N6"/>
            <port dstActor="D0N44" name="p85" srcActor="D0N6"/>
            <port dstActor="D0N15" name="p86" srcActor="D0N6"/>
            <port dstActor="D0N45" name="p87" srcActor="D0N14"/>
            <port dstActor="D0N38" name="p88" srcActor="D0N14"/>
            <port dstActor="D0N20" name="p89" srcActor="D0N14"/>
            <port dstActor="D0N24" name="p90" srcActor="D0N14"/>
            <port dstActor="D0N29" name="p91" srcActor="D0N24"/>
            <port dstActor="D0N33" name="p92" srcActor="D0N24"/>
            <port dstActor="D0N32" name="p93" srcActor="D0N24"/>
            <port dstActor="D0N36" name="p94" srcActor="D0N24"/>
            <port dstActor="D0N25" name="p95" srcActor="D0N24"/>
            <port dstActor="D0N42" name="p96" srcActor="D0N33"/>
            <port dstActor="D0N24" name="p97" srcActor="D0N5"/>
            <port dstActor="D0N21" name="p98" srcActor="D0N5"/>
            <port dstActor="D0N40" name="p99" srcActor="D0N39"/>
            <port dstActor="D0N44" name="p100" srcActor="D0N37"/>
            <port dstActor="D0N41" name="p101" srcActor="D0N37"/>
            <port dstActor="D0N18" name="p102" srcActor="D0N16"/>
            <port dstActor="D0N31" name="p103" srcActor="D0N16"/>
            <port dstActor="D0N33" name="p104" srcActor="D0N16"/>
            <port dstActor="D0N17" name="p105" srcActor="D0N16"/>
            <port dstActor="D0N19" name="p106" srcActor="D0N16"/>
            <port dstActor="D0N47" name="p107" srcActor="D0N34"/>
            <port dstActor="D0N24" name="p108" srcActor="D0N13"/>
            <port dstActor="D0N22" name="p109" srcActor="D0N13"/>
            <port dstActor="D0N31" name="p110" srcActor="D0N22"/>
            <port dstActor="D0N30" name="p111" srcActor="D0N22"/>
            <port dstActor="D0N45" name="p112" srcActor="D0N22"/>
            <port dstActor="D0N23" name="p113" srcActor="D0N22"/>
            <port dstActor="D0N35" name="p114" srcActor="D0N25"/>
        </ports>
    </mcdag>
    <cores number="3"/>
    <levels number="2"/>
</mcsystem>
