<?xml version="1.0" encoding="UTF-8" standalone="no"?>
<mcsystem>
    <mcdag deadline="2200" name="genned-0-ed-10.0-0">
        <actor name="D0N16">
            <wcet number="0">10</wcet>
            <wcet number="1">10</wcet>
            <maxpow number="0.14918716526770381"/>
            <maxpow number="0.14918716526770381"/>
            <fprob>0.0</fprob>
        </actor>
        <actor name="D0N38">
            <wcet number="0">10</wcet>
            <wcet number="1">10</wcet>
            <maxpow number="0.7191246187311999"/>
            <maxpow number="0.7191246187311999"/>
            <fprob>0.0</fprob>
        </actor>
        <actor name="D0N43">
            <wcet number="0">40</wcet>
            <wcet number="1">90</wcet>
            <maxpow number="0.5454694890764569"/>
            <maxpow number="0.5454694890764569"/>
            <fprob>0.0</fprob>
        </actor>
        <actor name="D0N6">
            <wcet number="0">10</wcet>
            <wcet number="1">10</wcet>
            <maxpow number="0.5840502627846513"/>
            <maxpow number="0.5840502627846513"/>
            <fprob>0.0</fprob>
        </actor>
        <actor name="D0N3">
            <wcet number="0">110</wcet>
            <wcet number="1">130</wcet>
            <maxpow number="0.7072526989378006"/>
            <maxpow number="0.7072526989378006"/>
            <fprob>0.0</fprob>
        </actor>
        <actor name="D0N17">
            <wcet number="0">80</wcet>
            <wcet number="1">80</wcet>
            <maxpow number="0.5058909653520512"/>
            <maxpow number="0.5058909653520512"/>
            <fprob>0.0</fprob>
        </actor>
        <actor name="D0N1">
            <wcet number="0">20</wcet>
            <wcet number="1">40</wcet>
            <maxpow number="0.5702957645400643"/>
            <maxpow number="0.5702957645400643"/>
            <fprob>0.0</fprob>
        </actor>
        <actor name="D0N41">
            <wcet number="0">20</wcet>
            <wcet number="1">40</wcet>
            <maxpow number="0.557284724390822"/>
            <maxpow number="0.557284724390822"/>
            <fprob>0.0</fprob>
        </actor>
        <actor name="D0N22">
            <wcet number="0">40</wcet>
            <wcet number="1">290</wcet>
            <maxpow number="0.9911596130649918"/>
            <maxpow number="0.9911596130649918"/>
            <fprob>0.0</fprob>
        </actor>
        <actor name="D0N36">
            <wcet number="0">40</wcet>
            <wcet number="1">60</wcet>
            <maxpow number="0.5006499961788453"/>
            <maxpow number="0.5006499961788453"/>
            <fprob>0.0</fprob>
        </actor>
        <actor name="D0N13">
            <wcet number="0">80</wcet>
            <wcet number="1">220</wcet>
            <maxpow number="0.5822472721267697"/>
            <maxpow number="0.5822472721267697"/>
            <fprob>0.0</fprob>
        </actor>
        <actor name="D0N11">
            <wcet number="0">20</wcet>
            <wcet number="1">100</wcet>
            <maxpow number="0.36735811438026256"/>
            <maxpow number="0.36735811438026256"/>
            <fprob>0.0</fprob>
        </actor>
        <actor name="D0N12">
            <wcet number="0">220</wcet>
            <wcet number="1">240</wcet>
            <maxpow number="0.3606137235460494"/>
            <maxpow number="0.3606137235460494"/>
            <fprob>0.0</fprob>
        </actor>
        <actor name="D0N24">
            <wcet number="0">10</wcet>
            <wcet number="1">10</wcet>
            <maxpow number="0.6192671549695906"/>
            <maxpow number="0.6192671549695906"/>
            <fprob>0.0</fprob>
        </actor>
        <actor name="D0N31">
            <wcet number="0">10</wcet>
            <wcet number="1">30</wcet>
            <maxpow number="0.5464263519079269"/>
            <maxpow number="0.5464263519079269"/>
            <fprob>0.0</fprob>
        </actor>
        <actor name="D0N35">
            <wcet number="0">120</wcet>
            <wcet number="1">170</wcet>
            <maxpow number="0.5689908279243612"/>
            <maxpow number="0.5689908279243612"/>
            <fprob>0.0</fprob>
        </actor>
        <actor name="D0N23">
            <wcet number="0">40</wcet>
            <wcet number="1">50</wcet>
            <maxpow number="0.4156619036161253"/>
            <maxpow number="0.4156619036161253"/>
            <fprob>0.0</fprob>
        </actor>
        <actor name="D0N28">
            <wcet number="0">70</wcet>
            <wcet number="1">100</wcet>
            <maxpow number="0.338619679587815"/>
            <maxpow number="0.338619679587815"/>
            <fprob>0.0</fprob>
        </actor>
        <actor name="D0N46">
            <wcet number="0">70</wcet>
            <wcet number="1">140</wcet>
            <maxpow number="0.6228680195779752"/>
            <maxpow number="0.6228680195779752"/>
            <fprob>0.0</fprob>
        </actor>
        <actor name="D0N21">
            <wcet number="0">160</wcet>
            <wcet number="1">290</wcet>
            <maxpow number="0.6892004905465285"/>
            <maxpow number="0.6892004905465285"/>
            <fprob>0.0</fprob>
        </actor>
        <actor name="D0N4">
            <wcet number="0">20</wcet>
            <wcet number="1">40</wcet>
            <maxpow number="0.8129746809449077"/>
            <maxpow number="0.8129746809449077"/>
            <fprob>0.0</fprob>
        </actor>
        <actor name="D0N10">
            <wcet number="0">20</wcet>
            <wcet number="1">60</wcet>
            <maxpow number="0.5538604418813724"/>
            <maxpow number="0.5538604418813724"/>
            <fprob>0.0</fprob>
        </actor>
        <actor name="D0N37">
            <wcet number="0">20</wcet>
            <wcet number="1">30</wcet>
            <maxpow number="0.6007259738380999"/>
            <maxpow number="0.6007259738380999"/>
            <fprob>0.0</fprob>
        </actor>
        <actor name="D0N34">
            <wcet number="0">100</wcet>
            <wcet number="1">150</wcet>
            <maxpow number="0.44019629417207196"/>
            <maxpow number="0.44019629417207196"/>
            <fprob>0.0</fprob>
        </actor>
        <actor name="D0N39">
            <wcet number="0">20</wcet>
            <wcet number="1">100</wcet>
            <maxpow number="0.6324024282771187"/>
            <maxpow number="0.6324024282771187"/>
            <fprob>0.0</fprob>
        </actor>
        <actor name="D0N29">
            <wcet number="0">20</wcet>
            <wcet number="1">150</wcet>
            <maxpow number="0.5454027587665072"/>
            <maxpow number="0.5454027587665072"/>
            <fprob>0.0</fprob>
        </actor>
        <actor name="D0N30">
            <wcet number="0">120</wcet>
            <wcet number="1">120</wcet>
            <maxpow number="0.8176578201510614"/>
            <maxpow number="0.8176578201510614"/>
            <fprob>0.0</fprob>
        </actor>
        <actor name="D0N14">
            <wcet number="0">30</wcet>
            <wcet number="1">150</wcet>
            <maxpow number="0.3091853664553565"/>
            <maxpow number="0.3091853664553565"/>
            <fprob>0.0</fprob>
        </actor>
        <actor name="D0N8">
            <wcet number="0">60</wcet>
            <wcet number="1">60</wcet>
            <maxpow number="0.47233936155912404"/>
            <maxpow number="0.47233936155912404"/>
            <fprob>0.0</fprob>
        </actor>
        <actor name="D0N25">
            <wcet number="0">10</wcet>
            <wcet number="1">10</wcet>
            <maxpow number="0.2702722085576754"/>
            <maxpow number="0.2702722085576754"/>
            <fprob>0.0</fprob>
        </actor>
        <actor name="D0N40">
            <wcet number="0">50</wcet>
            <wcet number="1">100</wcet>
            <maxpow number="0.2322444168825118"/>
            <maxpow number="0.2322444168825118"/>
            <fprob>0.0</fprob>
        </actor>
        <actor name="D0N47">
            <wcet number="0">90</wcet>
            <wcet number="1">110</wcet>
            <maxpow number="0.610951602180224"/>
            <maxpow number="0.610951602180224"/>
            <fprob>0.0</fprob>
        </actor>
        <actor name="D0N15">
            <wcet number="0">80</wcet>
            <wcet number="1">310</wcet>
            <maxpow number="0.5321762113903207"/>
            <maxpow number="0.5321762113903207"/>
            <fprob>0.0</fprob>
        </actor>
        <actor name="D0N33">
            <wcet number="0">20</wcet>
            <wcet number="1">100</wcet>
            <maxpow number="0.6235627428710592"/>
            <maxpow number="0.6235627428710592"/>
            <fprob>0.0</fprob>
        </actor>
        <actor name="D0N9">
            <wcet number="0">140</wcet>
            <wcet number="1">150</wcet>
            <maxpow number="0.4946067775050294"/>
            <maxpow number="0.4946067775050294"/>
            <fprob>0.0</fprob>
        </actor>
        <actor name="D0N26">
            <wcet number="0">10</wcet>
            <wcet number="1">20</wcet>
            <maxpow number="0.6788123206022145"/>
            <maxpow number="0.6788123206022145"/>
            <fprob>0.0</fprob>
        </actor>
        <actor name="D0N32">
            <wcet number="0">130</wcet>
            <wcet number="1">160</wcet>
            <maxpow number="0.6702067262766788"/>
            <maxpow number="0.6702067262766788"/>
            <fprob>0.0</fprob>
        </actor>
        <actor name="D0N27">
            <wcet number="0">20</wcet>
            <wcet number="1">160</wcet>
            <maxpow number="0.3735856953712926"/>
            <maxpow number="0.3735856953712926"/>
            <fprob>0.0</fprob>
        </actor>
        <actor name="D0N18">
            <wcet number="0">60</wcet>
            <wcet number="1">120</wcet>
            <maxpow number="0.707423261565745"/>
            <maxpow number="0.707423261565745"/>
            <fprob>0.0</fprob>
        </actor>
        <actor name="D0N7">
            <wcet number="0">20</wcet>
            <wcet number="1">20</wcet>
            <maxpow number="0.6257453478995854"/>
            <maxpow number="0.6257453478995854"/>
            <fprob>0.0</fprob>
        </actor>
        <actor name="D0N20">
            <wcet number="0">30</wcet>
            <wcet number="1">50</wcet>
            <maxpow number="0.2920102795867398"/>
            <maxpow number="0.2920102795867398"/>
            <fprob>0.0</fprob>
        </actor>
        <actor name="D0N0">
            <wcet number="0">40</wcet>
            <wcet number="1">70</wcet>
            <maxpow number="0.6197754788073737"/>
            <maxpow number="0.6197754788073737"/>
            <fprob>0.0</fprob>
        </actor>
        <actor name="D0N5">
            <wcet number="0">200</wcet>
            <wcet number="1">310</wcet>
            <maxpow number="0.505833573076748"/>
            <maxpow number="0.505833573076748"/>
            <fprob>0.0</fprob>
        </actor>
        <actor name="D0N45">
            <wcet number="0">50</wcet>
            <wcet number="1">350</wcet>
            <maxpow number="0.1327764805846225"/>
            <maxpow number="0.1327764805846225"/>
            <fprob>0.0</fprob>
        </actor>
        <actor name="D0N19">
            <wcet number="0">50</wcet>
            <wcet number="1">50</wcet>
            <maxpow number="0.8093546875736477"/>
            <maxpow number="0.8093546875736477"/>
            <fprob>0.0</fprob>
        </actor>
        <actor name="D0N44">
            <wcet number="0">10</wcet>
            <wcet number="1">20</wcet>
            <maxpow number="0.6151257451470559"/>
            <maxpow number="0.6151257451470559"/>
            <fprob>0.0</fprob>
        </actor>
        <actor name="D0N2">
            <wcet number="0">50</wcet>
            <wcet number="1">180</wcet>
            <maxpow number="0.3219935547766828"/>
            <maxpow number="0.3219935547766828"/>
            <fprob>0.0</fprob>
        </actor>
        <actor name="D0N42">
            <wcet number="0">10</wcet>
            <wcet number="1">20</wcet>
            <maxpow number="0.5154252704346157"/>
            <maxpow number="0.5154252704346157"/>
            <fprob>0.0</fprob>
        </actor>
        <ports>
            <port dstActor="D0N20" name="p0" srcActor="D0N16"/>
            <port dstActor="D0N42" name="p1" srcActor="D0N16"/>
            <port dstActor="D0N25" name="p2" srcActor="D0N16"/>
            <port dstActor="D0N31" name="p3" srcActor="D0N16"/>
            <port dstActor="D0N36" name="p4" srcActor="D0N16"/>
            <port dstActor="D0N35" name="p5" srcActor="D0N16"/>
            <port dstActor="D0N38" name="p6" srcActor="D0N16"/>
            <port dstActor="D0N45" name="p7" srcActor="D0N38"/>
            <port dstActor="D0N40" name="p8" srcActor="D0N38"/>
            <port dstActor="D0N46" name="p9" srcActor="D0N43"/>
            <port dstActor="D0N38" name="p10" srcActor="D0N6"/>
            <port dstActor="D0N27" name="p11" srcActor="D0N6"/>
            <port dstActor="D0N24" name="p12" srcActor="D0N3"/>
            <port dstActor="D0N46" name="p13" srcActor="D0N3"/>
            <port dstActor="D0N21" name="p14" srcActor="D0N3"/>
            <port dstActor="D0N13" name="p15" srcActor="D0N3"/>
            <port dstActor="D0N19" name="p16" srcActor="D0N3"/>
            <port dstActor="D0N43" name="p17" srcActor="D0N3"/>
            <port dstActor="D0N25" name="p18" srcActor="D0N3"/>
            <port dstActor="D0N32" name="p19" srcActor="D0N17"/>
            <port dstActor="D0N24" name="p20" srcActor="D0N17"/>
            <port dstActor="D0N22" name="p21" srcActor="D0N17"/>
            <port dstActor="D0N39" name="p22" srcActor="D0N17"/>
            <port dstActor="D0N21" name="p23" srcActor="D0N1"/>
            <port dstActor="D0N33" name="p24" srcActor="D0N1"/>
            <port dstActor="D0N16" name="p25" srcActor="D0N1"/>
            <port dstActor="D0N45" name="p26" srcActor="D0N1"/>
            <port dstActor="D0N38" name="p27" srcActor="D0N1"/>
            <port dstActor="D0N32" name="p28" srcActor="D0N1"/>
            <port dstActor="D0N43" name="p29" srcActor="D0N41"/>
            <port dstActor="D0N30" name="p30" srcActor="D0N22"/>
            <port dstActor="D0N47" name="p31" srcActor="D0N22"/>
            <port dstActor="D0N24" name="p32" srcActor="D0N22"/>
            <port dstActor="D0N37" name="p33" srcActor="D0N22"/>
            <port dstActor="D0N32" name="p34" srcActor="D0N13"/>
            <port dstActor="D0N25" name="p35" srcActor="D0N11"/>
            <port dstActor="D0N27" name="p36" srcActor="D0N11"/>
            <port dstActor="D0N23" name="p37" srcActor="D0N11"/>
            <port dstActor="D0N30" name="p38" srcActor="D0N11"/>
            <port dstActor="D0N22" name="p39" srcActor="D0N12"/>
            <port dstActor="D0N16" name="p40" srcActor="D0N12"/>
            <port dstActor="D0N26" name="p41" srcActor="D0N12"/>
            <port dstActor="D0N28" name="p42" srcActor="D0N24"/>
            <port dstActor="D0N35" name="p43" srcActor="D0N24"/>
            <port dstActor="D0N32" name="p44" srcActor="D0N31"/>
            <port dstActor="D0N44" name="p45" srcActor="D0N35"/>
            <port dstActor="D0N27" name="p46" srcActor="D0N23"/>
            <port dstActor="D0N30" name="p47" srcActor="D0N23"/>
            <port dstActor="D0N41" name="p48" srcActor="D0N28"/>
            <port dstActor="D0N38" name="p49" srcActor="D0N28"/>
            <port dstActor="D0N30" name="p50" srcActor="D0N28"/>
            <port dstActor="D0N47" name="p51" srcActor="D0N46"/>
            <port dstActor="D0N31" name="p52" srcActor="D0N21"/>
            <port dstActor="D0N28" name="p53" srcActor="D0N21"/>
            <port dstActor="D0N45" name="p54" srcActor="D0N21"/>
            <port dstActor="D0N8" name="p55" srcActor="D0N4"/>
            <port dstActor="D0N26" name="p56" srcActor="D0N4"/>
            <port dstActor="D0N40" name="p57" srcActor="D0N4"/>
            <port dstActor="D0N44" name="p58" srcActor="D0N4"/>
            <port dstActor="D0N42" name="p59" srcActor="D0N4"/>
            <port dstActor="D0N18" name="p60" srcActor="D0N4"/>
            <port dstActor="D0N21" name="p61" srcActor="D0N4"/>
            <port dstActor="D0N34" name="p62" srcActor="D0N10"/>
            <port dstActor="D0N20" name="p63" srcActor="D0N10"/>
            <port dstActor="D0N29" name="p64" srcActor="D0N10"/>
            <port dstActor="D0N44" name="p65" srcActor="D0N34"/>
            <port dstActor="D0N47" name="p66" srcActor="D0N39"/>
            <port dstActor="D0N45" name="p67" srcActor="D0N29"/>
            <port dstActor="D0N36" name="p68" srcActor="D0N29"/>
            <port dstActor="D0N37" name="p69" srcActor="D0N29"/>
            <port dstActor="D0N37" name="p70" srcActor="D0N30"/>
            <port dstActor="D0N20" name="p71" srcActor="D0N14"/>
            <port dstActor="D0N38" name="p72" srcActor="D0N14"/>
            <port dstActor="D0N30" name="p73" srcActor="D0N8"/>
            <port dstActor="D0N32" name="p74" srcActor="D0N8"/>
            <port dstActor="D0N44" name="p75" srcActor="D0N8"/>
            <port dstActor="D0N41" name="p76" srcActor="D0N8"/>
            <port dstActor="D0N22" name="p77" srcActor="D0N8"/>
            <port dstActor="D0N29" name="p78" srcActor="D0N25"/>
            <port dstActor="D0N33" name="p79" srcActor="D0N25"/>
            <port dstActor="D0N45" name="p80" srcActor="D0N15"/>
            <port dstActor="D0N34" name="p81" srcActor="D0N15"/>
            <port dstActor="D0N33" name="p82" srcActor="D0N15"/>
            <port dstActor="D0N24" name="p83" srcActor="D0N15"/>
            <port dstActor="D0N37" name="p84" srcActor="D0N33"/>
            <port dstActor="D0N16" name="p85" srcActor="D0N9"/>
            <port dstActor="D0N19" name="p86" srcActor="D0N9"/>
            <port dstActor="D0N18" name="p87" srcActor="D0N9"/>
            <port dstActor="D0N33" name="p88" srcActor="D0N26"/>
            <port dstActor="D0N37" name="p89" srcActor="D0N32"/>
            <port dstActor="D0N30" name="p90" srcActor="D0N27"/>
            <port dstActor="D0N42" name="p91" srcActor="D0N27"/>
            <port dstActor="D0N39" name="p92" srcActor="D0N27"/>
            <port dstActor="D0N24" name="p93" srcActor="D0N18"/>
            <port dstActor="D0N19" name="p94" srcActor="D0N18"/>
            <port dstActor="D0N23" name="p95" srcActor="D0N18"/>
            <port dstActor="D0N22" name="p96" srcActor="D0N18"/>
            <port dstActor="D0N21" name="p97" srcActor="D0N7"/>
            <port dstActor="D0N37" name="p98" srcActor="D0N7"/>
            <port dstActor="D0N19" name="p99" srcActor="D0N7"/>
            <port dstActor="D0N30" name="p100" srcActor="D0N7"/>
            <port dstActor="D0N15" name="p101" srcActor="D0N7"/>
            <port dstActor="D0N31" name="p102" srcActor="D0N7"/>
            <port dstActor="D0N29" name="p103" srcActor="D0N20"/>
            <port dstActor="D0N35" name="p104" srcActor="D0N20"/>
            <port dstActor="D0N45" name="p105" srcActor="D0N20"/>
            <port dstActor="D0N40" name="p106" srcActor="D0N20"/>
            <port dstActor="D0N29" name="p107" srcActor="D0N0"/>
            <port dstActor="D0N47" name="p108" srcActor="D0N0"/>
            <port dstActor="D0N42" name="p109" srcActor="D0N0"/>
            <port dstActor="D0N17" name="p110" srcActor="D0N5"/>
            <port dstActor="D0N45" name="p111" srcActor="D0N5"/>
            <port dstActor="D0N35" name="p112" srcActor="D0N5"/>
            <port dstActor="D0N41" name="p113" srcActor="D0N5"/>
            <port dstActor="D0N24" name="p114" srcActor="D0N5"/>
            <port dstActor="D0N16" name="p115" srcActor="D0N5"/>
            <port dstActor="D0N25" name="p116" srcActor="D0N5"/>
            <port dstActor="D0N38" name="p117" srcActor="D0N5"/>
            <port dstActor="D0N10" name="p118" srcActor="D0N5"/>
            <port dstActor="D0N20" name="p119" srcActor="D0N19"/>
            <port dstActor="D0N21" name="p120" srcActor="D0N2"/>
            <port dstActor="D0N36" name="p121" srcActor="D0N2"/>
            <port dstActor="D0N47" name="p122" srcActor="D0N42"/>
        </ports>
    </mcdag>
    <cores number="3"/>
    <levels number="2"/>
</mcsystem>
