<?xml version="1.0" encoding="UTF-8" standalone="no"?>
<mcsystem>
    <mcdag deadline="1000" name="genned-0-ed-10.0-0">
        <actor name="D0N37">
            <wcet number="0">10</wcet>
            <wcet number="1">10</wcet>
            <maxpow number="0.6012407583140118"/>
            <maxpow number="0.6012407583140118"/>
            <fprob>0.0</fprob>
        </actor>
        <actor name="D0N38">
            <wcet number="0">20</wcet>
            <wcet number="1">20</wcet>
            <maxpow number="0.5059932413375803"/>
            <maxpow number="0.5059932413375803"/>
            <fprob>0.0</fprob>
        </actor>
        <actor name="D0N46">
            <wcet number="0">10</wcet>
            <wcet number="1">10</wcet>
            <maxpow number="0.7924430813591494"/>
            <maxpow number="0.7924430813591494"/>
            <fprob>0.0</fprob>
        </actor>
        <actor name="D0N26">
            <wcet number="0">50</wcet>
            <wcet number="1">50</wcet>
            <maxpow number="0.5704089358513512"/>
            <maxpow number="0.5704089358513512"/>
            <fprob>0.0</fprob>
        </actor>
        <actor name="D0N12">
            <wcet number="0">10</wcet>
            <wcet number="1">30</wcet>
            <maxpow number="0.5815682688232181"/>
            <maxpow number="0.5815682688232181"/>
            <fprob>0.0</fprob>
        </actor>
        <actor name="D0N9">
            <wcet number="0">10</wcet>
            <wcet number="1">40</wcet>
            <maxpow number="0.7708529676266536"/>
            <maxpow number="0.7708529676266536"/>
            <fprob>0.0</fprob>
        </actor>
        <actor name="D0N36">
            <wcet number="0">50</wcet>
            <wcet number="1">50</wcet>
            <maxpow number="0.828744334392089"/>
            <maxpow number="0.828744334392089"/>
            <fprob>0.0</fprob>
        </actor>
        <actor name="D0N15">
            <wcet number="0">110</wcet>
            <wcet number="1">120</wcet>
            <maxpow number="0.4701569941847433"/>
            <maxpow number="0.4701569941847433"/>
            <fprob>0.0</fprob>
        </actor>
        <actor name="D0N16">
            <wcet number="0">20</wcet>
            <wcet number="1">70</wcet>
            <maxpow number="0.4058392884542692"/>
            <maxpow number="0.4058392884542692"/>
            <fprob>0.0</fprob>
        </actor>
        <actor name="D0N10">
            <wcet number="0">60</wcet>
            <wcet number="1">100</wcet>
            <maxpow number="0.2755559294649743"/>
            <maxpow number="0.2755559294649743"/>
            <fprob>0.0</fprob>
        </actor>
        <actor name="D0N21">
            <wcet number="0">10</wcet>
            <wcet number="1">10</wcet>
            <maxpow number="0.5810150775169175"/>
            <maxpow number="0.5810150775169175"/>
            <fprob>0.0</fprob>
        </actor>
        <actor name="D0N42">
            <wcet number="0">10</wcet>
            <wcet number="1">10</wcet>
            <maxpow number="0.28454851849273666"/>
            <maxpow number="0.28454851849273666"/>
            <fprob>0.0</fprob>
        </actor>
        <actor name="D0N29">
            <wcet number="0">10</wcet>
            <wcet number="1">10</wcet>
            <maxpow number="0.5855024964503072"/>
            <maxpow number="0.5855024964503072"/>
            <fprob>0.0</fprob>
        </actor>
        <actor name="D0N31">
            <wcet number="0">40</wcet>
            <wcet number="1">40</wcet>
            <maxpow number="0.3943318619632726"/>
            <maxpow number="0.3943318619632726"/>
            <fprob>0.0</fprob>
        </actor>
        <actor name="D0N33">
            <wcet number="0">10</wcet>
            <wcet number="1">10</wcet>
            <maxpow number="0.55076242148104"/>
            <maxpow number="0.55076242148104"/>
            <fprob>0.0</fprob>
        </actor>
        <actor name="D0N0">
            <wcet number="0">10</wcet>
            <wcet number="1">40</wcet>
            <maxpow number="0.4936513869843894"/>
            <maxpow number="0.4936513869843894"/>
            <fprob>0.0</fprob>
        </actor>
        <actor name="D0N20">
            <wcet number="0">20</wcet>
            <wcet number="1">20</wcet>
            <maxpow number="0.6363228498531719"/>
            <maxpow number="0.6363228498531719"/>
            <fprob>0.0</fprob>
        </actor>
        <actor name="D0N11">
            <wcet number="0">10</wcet>
            <wcet number="1">30</wcet>
            <maxpow number="0.6159262353199795"/>
            <maxpow number="0.6159262353199795"/>
            <fprob>0.0</fprob>
        </actor>
        <actor name="D0N34">
            <wcet number="0">10</wcet>
            <wcet number="1">10</wcet>
            <maxpow number="0.2464859706224219"/>
            <maxpow number="0.2464859706224219"/>
            <fprob>0.0</fprob>
        </actor>
        <actor name="D0N41">
            <wcet number="0">10</wcet>
            <wcet number="1">20</wcet>
            <maxpow number="0.22735578239415222"/>
            <maxpow number="0.22735578239415222"/>
            <fprob>0.0</fprob>
        </actor>
        <actor name="D0N17">
            <wcet number="0">20</wcet>
            <wcet number="1">20</wcet>
            <maxpow number="0.4254716279406593"/>
            <maxpow number="0.4254716279406593"/>
            <fprob>0.0</fprob>
        </actor>
        <actor name="D0N25">
            <wcet number="0">70</wcet>
            <wcet number="1">70</wcet>
            <maxpow number="0.36213629161488525"/>
            <maxpow number="0.36213629161488525"/>
            <fprob>0.0</fprob>
        </actor>
        <actor name="D0N40">
            <wcet number="0">20</wcet>
            <wcet number="1">20</wcet>
            <maxpow number="0.5224203683924297"/>
            <maxpow number="0.5224203683924297"/>
            <fprob>0.0</fprob>
        </actor>
        <actor name="D0N43">
            <wcet number="0">50</wcet>
            <wcet number="1">50</wcet>
            <maxpow number="0.6288086268286285"/>
            <maxpow number="0.6288086268286285"/>
            <fprob>0.0</fprob>
        </actor>
        <actor name="D0N19">
            <wcet number="0">70</wcet>
            <wcet number="1">80</wcet>
            <maxpow number="0.43975414051294764"/>
            <maxpow number="0.43975414051294764"/>
            <fprob>0.0</fprob>
        </actor>
        <actor name="D0N28">
            <wcet number="0">20</wcet>
            <wcet number="1">40</wcet>
            <maxpow number="0.4405361244298702"/>
            <maxpow number="0.4405361244298702"/>
            <fprob>0.0</fprob>
        </actor>
        <actor name="D0N23">
            <wcet number="0">10</wcet>
            <wcet number="1">10</wcet>
            <maxpow number="1.0006736143241939"/>
            <maxpow number="1.0006736143241939"/>
            <fprob>0.0</fprob>
        </actor>
        <actor name="D0N7">
            <wcet number="0">20</wcet>
            <wcet number="1">20</wcet>
            <maxpow number="0.5082012337015374"/>
            <maxpow number="0.5082012337015374"/>
            <fprob>0.0</fprob>
        </actor>
        <actor name="D0N22">
            <wcet number="0">10</wcet>
            <wcet number="1">10</wcet>
            <maxpow number="0.6120458249631134"/>
            <maxpow number="0.6120458249631134"/>
            <fprob>0.0</fprob>
        </actor>
        <actor name="D0N18">
            <wcet number="0">50</wcet>
            <wcet number="1">70</wcet>
            <maxpow number="0.38868521391743366"/>
            <maxpow number="0.38868521391743366"/>
            <fprob>0.0</fprob>
        </actor>
        <actor name="D0N6">
            <wcet number="0">20</wcet>
            <wcet number="1">50</wcet>
            <maxpow number="0.5987398160191857"/>
            <maxpow number="0.5987398160191857"/>
            <fprob>0.0</fprob>
        </actor>
        <actor name="D0N8">
            <wcet number="0">10</wcet>
            <wcet number="1">10</wcet>
            <maxpow number="0.7942595120003295"/>
            <maxpow number="0.7942595120003295"/>
            <fprob>0.0</fprob>
        </actor>
        <actor name="D0N27">
            <wcet number="0">40</wcet>
            <wcet number="1">120</wcet>
            <maxpow number="0.20126125361981234"/>
            <maxpow number="0.20126125361981234"/>
            <fprob>0.0</fprob>
        </actor>
        <actor name="D0N45">
            <wcet number="0">30</wcet>
            <wcet number="1">110</wcet>
            <maxpow number="0.6349866767665553"/>
            <maxpow number="0.6349866767665553"/>
            <fprob>0.0</fprob>
        </actor>
        <actor name="D0N4">
            <wcet number="0">40</wcet>
            <wcet number="1">40</wcet>
            <maxpow number="0.5235732145099814"/>
            <maxpow number="0.5235732145099814"/>
            <fprob>0.0</fprob>
        </actor>
        <actor name="D0N24">
            <wcet number="0">40</wcet>
            <wcet number="1">40</wcet>
            <maxpow number="0.5961710977725171"/>
            <maxpow number="0.5961710977725171"/>
            <fprob>0.0</fprob>
        </actor>
        <actor name="D0N44">
            <wcet number="0">30</wcet>
            <wcet number="1">30</wcet>
            <maxpow number="0.5494445912101752"/>
            <maxpow number="0.5494445912101752"/>
            <fprob>0.0</fprob>
        </actor>
        <actor name="D0N13">
            <wcet number="0">30</wcet>
            <wcet number="1">350</wcet>
            <maxpow number="0.538127660739049"/>
            <maxpow number="0.538127660739049"/>
            <fprob>0.0</fprob>
        </actor>
        <actor name="D0N30">
            <wcet number="0">10</wcet>
            <wcet number="1">40</wcet>
            <maxpow number="0.37656010488182234"/>
            <maxpow number="0.37656010488182234"/>
            <fprob>0.0</fprob>
        </actor>
        <actor name="D0N32">
            <wcet number="0">10</wcet>
            <wcet number="1">70</wcet>
            <maxpow number="0.6594098114499728"/>
            <maxpow number="0.6594098114499728"/>
            <fprob>0.0</fprob>
        </actor>
        <actor name="D0N2">
            <wcet number="0">70</wcet>
            <wcet number="1">160</wcet>
            <maxpow number="0.4882790414783949"/>
            <maxpow number="0.4882790414783949"/>
            <fprob>0.0</fprob>
        </actor>
        <actor name="D0N5">
            <wcet number="0">50</wcet>
            <wcet number="1">50</wcet>
            <maxpow number="0.6796276476424772"/>
            <maxpow number="0.6796276476424772"/>
            <fprob>0.0</fprob>
        </actor>
        <actor name="D0N3">
            <wcet number="0">10</wcet>
            <wcet number="1">20</wcet>
            <maxpow number="0.4648742430372717"/>
            <maxpow number="0.4648742430372717"/>
            <fprob>0.0</fprob>
        </actor>
        <actor name="D0N1">
            <wcet number="0">10</wcet>
            <wcet number="1">150</wcet>
            <maxpow number="0.6412863747309927"/>
            <maxpow number="0.6412863747309927"/>
            <fprob>0.0</fprob>
        </actor>
        <actor name="D0N39">
            <wcet number="0">20</wcet>
            <wcet number="1">20</wcet>
            <maxpow number="0.7005986598298983"/>
            <maxpow number="0.7005986598298983"/>
            <fprob>0.0</fprob>
        </actor>
        <actor name="D0N35">
            <wcet number="0">20</wcet>
            <wcet number="1">20</wcet>
            <maxpow number="0.31161941432392715"/>
            <maxpow number="0.31161941432392715"/>
            <fprob>0.0</fprob>
        </actor>
        <actor name="D0N14">
            <wcet number="0">10</wcet>
            <wcet number="1">30</wcet>
            <maxpow number="0.437275582228827"/>
            <maxpow number="0.437275582228827"/>
            <fprob>0.0</fprob>
        </actor>
        <ports>
            <port dstActor="D0N41" name="p0" srcActor="D0N38"/>
            <port dstActor="D0N33" name="p1" srcActor="D0N26"/>
            <port dstActor="D0N41" name="p2" srcActor="D0N26"/>
            <port dstActor="D0N29" name="p3" srcActor="D0N26"/>
            <port dstActor="D0N30" name="p4" srcActor="D0N12"/>
            <port dstActor="D0N40" name="p5" srcActor="D0N12"/>
            <port dstActor="D0N15" name="p6" srcActor="D0N12"/>
            <port dstActor="D0N35" name="p7" srcActor="D0N9"/>
            <port dstActor="D0N39" name="p8" srcActor="D0N9"/>
            <port dstActor="D0N19" name="p9" srcActor="D0N9"/>
            <port dstActor="D0N43" name="p10" srcActor="D0N36"/>
            <port dstActor="D0N40" name="p11" srcActor="D0N36"/>
            <port dstActor="D0N35" name="p12" srcActor="D0N15"/>
            <port dstActor="D0N42" name="p13" srcActor="D0N15"/>
            <port dstActor="D0N18" name="p14" srcActor="D0N16"/>
            <port dstActor="D0N32" name="p15" srcActor="D0N16"/>
            <port dstActor="D0N19" name="p16" srcActor="D0N16"/>
            <port dstActor="D0N41" name="p17" srcActor="D0N10"/>
            <port dstActor="D0N22" name="p18" srcActor="D0N10"/>
            <port dstActor="D0N38" name="p19" srcActor="D0N21"/>
            <port dstActor="D0N35" name="p20" srcActor="D0N29"/>
            <port dstActor="D0N30" name="p21" srcActor="D0N29"/>
            <port dstActor="D0N44" name="p22" srcActor="D0N29"/>
            <port dstActor="D0N39" name="p23" srcActor="D0N0"/>
            <port dstActor="D0N2" name="p24" srcActor="D0N0"/>
            <port dstActor="D0N7" name="p25" srcActor="D0N0"/>
            <port dstActor="D0N15" name="p26" srcActor="D0N0"/>
            <port dstActor="D0N43" name="p27" srcActor="D0N20"/>
            <port dstActor="D0N37" name="p28" srcActor="D0N20"/>
            <port dstActor="D0N22" name="p29" srcActor="D0N20"/>
            <port dstActor="D0N45" name="p30" srcActor="D0N11"/>
            <port dstActor="D0N45" name="p31" srcActor="D0N34"/>
            <port dstActor="D0N21" name="p32" srcActor="D0N17"/>
            <port dstActor="D0N26" name="p33" srcActor="D0N17"/>
            <port dstActor="D0N41" name="p34" srcActor="D0N25"/>
            <port dstActor="D0N20" name="p35" srcActor="D0N19"/>
            <port dstActor="D0N32" name="p36" srcActor="D0N28"/>
            <port dstActor="D0N29" name="p37" srcActor="D0N28"/>
            <port dstActor="D0N40" name="p38" srcActor="D0N28"/>
            <port dstActor="D0N34" name="p39" srcActor="D0N28"/>
            <port dstActor="D0N32" name="p40" srcActor="D0N23"/>
            <port dstActor="D0N42" name="p41" srcActor="D0N23"/>
            <port dstActor="D0N28" name="p42" srcActor="D0N23"/>
            <port dstActor="D0N25" name="p43" srcActor="D0N23"/>
            <port dstActor="D0N36" name="p44" srcActor="D0N23"/>
            <port dstActor="D0N40" name="p45" srcActor="D0N7"/>
            <port dstActor="D0N14" name="p46" srcActor="D0N7"/>
            <port dstActor="D0N33" name="p47" srcActor="D0N7"/>
            <port dstActor="D0N11" name="p48" srcActor="D0N7"/>
            <port dstActor="D0N32" name="p49" srcActor="D0N18"/>
            <port dstActor="D0N30" name="p50" srcActor="D0N18"/>
            <port dstActor="D0N21" name="p51" srcActor="D0N18"/>
            <port dstActor="D0N29" name="p52" srcActor="D0N6"/>
            <port dstActor="D0N21" name="p53" srcActor="D0N6"/>
            <port dstActor="D0N36" name="p54" srcActor="D0N6"/>
            <port dstActor="D0N20" name="p55" srcActor="D0N6"/>
            <port dstActor="D0N26" name="p56" srcActor="D0N6"/>
            <port dstActor="D0N42" name="p57" srcActor="D0N8"/>
            <port dstActor="D0N30" name="p58" srcActor="D0N8"/>
            <port dstActor="D0N34" name="p59" srcActor="D0N4"/>
            <port dstActor="D0N29" name="p60" srcActor="D0N4"/>
            <port dstActor="D0N46" name="p61" srcActor="D0N4"/>
            <port dstActor="D0N17" name="p62" srcActor="D0N4"/>
            <port dstActor="D0N37" name="p63" srcActor="D0N4"/>
            <port dstActor="D0N41" name="p64" srcActor="D0N4"/>
            <port dstActor="D0N33" name="p65" srcActor="D0N4"/>
            <port dstActor="D0N30" name="p66" srcActor="D0N24"/>
            <port dstActor="D0N28" name="p67" srcActor="D0N24"/>
            <port dstActor="D0N41" name="p68" srcActor="D0N24"/>
            <port dstActor="D0N39" name="p69" srcActor="D0N24"/>
            <port dstActor="D0N44" name="p70" srcActor="D0N24"/>
            <port dstActor="D0N33" name="p71" srcActor="D0N24"/>
            <port dstActor="D0N40" name="p72" srcActor="D0N13"/>
            <port dstActor="D0N16" name="p73" srcActor="D0N13"/>
            <port dstActor="D0N33" name="p74" srcActor="D0N13"/>
            <port dstActor="D0N39" name="p75" srcActor="D0N13"/>
            <port dstActor="D0N37" name="p76" srcActor="D0N30"/>
            <port dstActor="D0N33" name="p77" srcActor="D0N32"/>
            <port dstActor="D0N35" name="p78" srcActor="D0N32"/>
            <port dstActor="D0N5" name="p79" srcActor="D0N2"/>
            <port dstActor="D0N42" name="p80" srcActor="D0N2"/>
            <port dstActor="D0N45" name="p81" srcActor="D0N2"/>
            <port dstActor="D0N23" name="p82" srcActor="D0N2"/>
            <port dstActor="D0N30" name="p83" srcActor="D0N2"/>
            <port dstActor="D0N12" name="p84" srcActor="D0N2"/>
            <port dstActor="D0N11" name="p85" srcActor="D0N5"/>
            <port dstActor="D0N28" name="p86" srcActor="D0N5"/>
            <port dstActor="D0N40" name="p87" srcActor="D0N5"/>
            <port dstActor="D0N41" name="p88" srcActor="D0N3"/>
            <port dstActor="D0N44" name="p89" srcActor="D0N3"/>
            <port dstActor="D0N45" name="p90" srcActor="D0N3"/>
            <port dstActor="D0N25" name="p91" srcActor="D0N3"/>
            <port dstActor="D0N6" name="p92" srcActor="D0N3"/>
            <port dstActor="D0N37" name="p93" srcActor="D0N3"/>
            <port dstActor="D0N31" name="p94" srcActor="D0N3"/>
            <port dstActor="D0N4" name="p95" srcActor="D0N3"/>
            <port dstActor="D0N15" name="p96" srcActor="D0N1"/>
            <port dstActor="D0N31" name="p97" srcActor="D0N1"/>
            <port dstActor="D0N40" name="p98" srcActor="D0N1"/>
            <port dstActor="D0N23" name="p99" srcActor="D0N1"/>
            <port dstActor="D0N9" name="p100" srcActor="D0N1"/>
            <port dstActor="D0N7" name="p101" srcActor="D0N1"/>
            <port dstActor="D0N39" name="p102" srcActor="D0N1"/>
            <port dstActor="D0N38" name="p103" srcActor="D0N1"/>
            <port dstActor="D0N41" name="p104" srcActor="D0N35"/>
            <port dstActor="D0N33" name="p105" srcActor="D0N14"/>
            <port dstActor="D0N30" name="p106" srcActor="D0N14"/>
            <port dstActor="D0N40" name="p107" srcActor="D0N14"/>
            <port dstActor="D0N38" name="p108" srcActor="D0N14"/>
        </ports>
    </mcdag>
    <cores number="3"/>
    <levels number="2"/>
</mcsystem>
