<?xml version="1.0" encoding="UTF-8" standalone="no"?>
<mcsystem>
    <mcdag deadline="1200" name="genned-0-ed-10.0-0">
        <actor name="D0N1">
            <wcet number="0">50</wcet>
            <wcet number="1">50</wcet>
            <maxpow number="0.46279540653715096"/>
            <maxpow number="0.46279540653715096"/>
            <fprob>0.0</fprob>
        </actor>
        <actor name="D0N12">
            <wcet number="0">50</wcet>
            <wcet number="1">50</wcet>
            <maxpow number="0.6132720838755032"/>
            <maxpow number="0.6132720838755032"/>
            <fprob>0.0</fprob>
        </actor>
        <actor name="D0N0">
            <wcet number="0">50</wcet>
            <wcet number="1">120</wcet>
            <maxpow number="0.18144558626076351"/>
            <maxpow number="0.18144558626076351"/>
            <fprob>0.0</fprob>
        </actor>
        <actor name="D0N29">
            <wcet number="0">20</wcet>
            <wcet number="1">50</wcet>
            <maxpow number="0.4230450252045414"/>
            <maxpow number="0.4230450252045414"/>
            <fprob>0.0</fprob>
        </actor>
        <actor name="D0N17">
            <wcet number="0">10</wcet>
            <wcet number="1">60</wcet>
            <maxpow number="0.5238933668560423"/>
            <maxpow number="0.5238933668560423"/>
            <fprob>0.0</fprob>
        </actor>
        <actor name="D0N36">
            <wcet number="0">20</wcet>
            <wcet number="1">30</wcet>
            <maxpow number="0.5176469858853296"/>
            <maxpow number="0.5176469858853296"/>
            <fprob>0.0</fprob>
        </actor>
        <actor name="D0N38">
            <wcet number="0">10</wcet>
            <wcet number="1">10</wcet>
            <maxpow number="0.2903254809701192"/>
            <maxpow number="0.2903254809701192"/>
            <fprob>0.0</fprob>
        </actor>
        <actor name="D0N19">
            <wcet number="0">20</wcet>
            <wcet number="1">50</wcet>
            <maxpow number="0.6022728551277017"/>
            <maxpow number="0.6022728551277017"/>
            <fprob>0.0</fprob>
        </actor>
        <actor name="D0N22">
            <wcet number="0">50</wcet>
            <wcet number="1">50</wcet>
            <maxpow number="0.8657553453155338"/>
            <maxpow number="0.8657553453155338"/>
            <fprob>0.0</fprob>
        </actor>
        <actor name="D0N24">
            <wcet number="0">10</wcet>
            <wcet number="1">20</wcet>
            <maxpow number="0.5216445242052156"/>
            <maxpow number="0.5216445242052156"/>
            <fprob>0.0</fprob>
        </actor>
        <actor name="D0N10">
            <wcet number="0">60</wcet>
            <wcet number="1">70</wcet>
            <maxpow number="0.4352459420116269"/>
            <maxpow number="0.4352459420116269"/>
            <fprob>0.0</fprob>
        </actor>
        <actor name="D0N15">
            <wcet number="0">20</wcet>
            <wcet number="1">20</wcet>
            <maxpow number="0.2711264090254458"/>
            <maxpow number="0.2711264090254458"/>
            <fprob>0.0</fprob>
        </actor>
        <actor name="D0N25">
            <wcet number="0">10</wcet>
            <wcet number="1">10</wcet>
            <maxpow number="0.4085694819501105"/>
            <maxpow number="0.4085694819501105"/>
            <fprob>0.0</fprob>
        </actor>
        <actor name="D0N23">
            <wcet number="0">60</wcet>
            <wcet number="1">70</wcet>
            <maxpow number="0.6863034385581261"/>
            <maxpow number="0.6863034385581261"/>
            <fprob>0.0</fprob>
        </actor>
        <actor name="D0N46">
            <wcet number="0">10</wcet>
            <wcet number="1">10</wcet>
            <maxpow number="0.6503884545102022"/>
            <maxpow number="0.6503884545102022"/>
            <fprob>0.0</fprob>
        </actor>
        <actor name="D0N42">
            <wcet number="0">40</wcet>
            <wcet number="1">70</wcet>
            <maxpow number="0.7212199686035105"/>
            <maxpow number="0.7212199686035105"/>
            <fprob>0.0</fprob>
        </actor>
        <actor name="D0N5">
            <wcet number="0">20</wcet>
            <wcet number="1">100</wcet>
            <maxpow number="0.28357532805074503"/>
            <maxpow number="0.28357532805074503"/>
            <fprob>0.0</fprob>
        </actor>
        <actor name="D0N30">
            <wcet number="0">10</wcet>
            <wcet number="1">40</wcet>
            <maxpow number="0.36354028984520226"/>
            <maxpow number="0.36354028984520226"/>
            <fprob>0.0</fprob>
        </actor>
        <actor name="D0N45">
            <wcet number="0">40</wcet>
            <wcet number="1">50</wcet>
            <maxpow number="0.4540338731848727"/>
            <maxpow number="0.4540338731848727"/>
            <fprob>0.0</fprob>
        </actor>
        <actor name="D0N6">
            <wcet number="0">150</wcet>
            <wcet number="1">250</wcet>
            <maxpow number="0.592119264169767"/>
            <maxpow number="0.592119264169767"/>
            <fprob>0.0</fprob>
        </actor>
        <actor name="D0N28">
            <wcet number="0">10</wcet>
            <wcet number="1">10</wcet>
            <maxpow number="0.6302069211016059"/>
            <maxpow number="0.6302069211016059"/>
            <fprob>0.0</fprob>
        </actor>
        <actor name="D0N16">
            <wcet number="0">10</wcet>
            <wcet number="1">110</wcet>
            <maxpow number="0.49176074217157917"/>
            <maxpow number="0.49176074217157917"/>
            <fprob>0.0</fprob>
        </actor>
        <actor name="D0N32">
            <wcet number="0">30</wcet>
            <wcet number="1">30</wcet>
            <maxpow number="0.34425585607118875"/>
            <maxpow number="0.34425585607118875"/>
            <fprob>0.0</fprob>
        </actor>
        <actor name="D0N33">
            <wcet number="0">50</wcet>
            <wcet number="1">120</wcet>
            <maxpow number="0.8716811330964138"/>
            <maxpow number="0.8716811330964138"/>
            <fprob>0.0</fprob>
        </actor>
        <actor name="D0N11">
            <wcet number="0">10</wcet>
            <wcet number="1">20</wcet>
            <maxpow number="0.07796052186705171"/>
            <maxpow number="0.07796052186705171"/>
            <fprob>0.0</fprob>
        </actor>
        <actor name="D0N41">
            <wcet number="0">50</wcet>
            <wcet number="1">70</wcet>
            <maxpow number="0.4130774372552376"/>
            <maxpow number="0.4130774372552376"/>
            <fprob>0.0</fprob>
        </actor>
        <actor name="D0N44">
            <wcet number="0">90</wcet>
            <wcet number="1">130</wcet>
            <maxpow number="0.5278305534206861"/>
            <maxpow number="0.5278305534206861"/>
            <fprob>0.0</fprob>
        </actor>
        <actor name="D0N13">
            <wcet number="0">10</wcet>
            <wcet number="1">40</wcet>
            <maxpow number="0.24897290702807906"/>
            <maxpow number="0.24897290702807906"/>
            <fprob>0.0</fprob>
        </actor>
        <actor name="D0N4">
            <wcet number="0">240</wcet>
            <wcet number="1">270</wcet>
            <maxpow number="0.24998911844223942"/>
            <maxpow number="0.24998911844223942"/>
            <fprob>0.0</fprob>
        </actor>
        <actor name="D0N31">
            <wcet number="0">30</wcet>
            <wcet number="1">30</wcet>
            <maxpow number="0.7039731354479712"/>
            <maxpow number="0.7039731354479712"/>
            <fprob>0.0</fprob>
        </actor>
        <actor name="D0N18">
            <wcet number="0">20</wcet>
            <wcet number="1">50</wcet>
            <maxpow number="0.5938016401882669"/>
            <maxpow number="0.5938016401882669"/>
            <fprob>0.0</fprob>
        </actor>
        <actor name="D0N14">
            <wcet number="0">10</wcet>
            <wcet number="1">30</wcet>
            <maxpow number="0.6516631392110682"/>
            <maxpow number="0.6516631392110682"/>
            <fprob>0.0</fprob>
        </actor>
        <actor name="D0N2">
            <wcet number="0">20</wcet>
            <wcet number="1">100</wcet>
            <maxpow number="0.7573609624318336"/>
            <maxpow number="0.7573609624318336"/>
            <fprob>0.0</fprob>
        </actor>
        <actor name="D0N9">
            <wcet number="0">50</wcet>
            <wcet number="1">100</wcet>
            <maxpow number="0.5711677816411508"/>
            <maxpow number="0.5711677816411508"/>
            <fprob>0.0</fprob>
        </actor>
        <actor name="D0N35">
            <wcet number="0">10</wcet>
            <wcet number="1">20</wcet>
            <maxpow number="0.7150361675298033"/>
            <maxpow number="0.7150361675298033"/>
            <fprob>0.0</fprob>
        </actor>
        <actor name="D0N40">
            <wcet number="0">10</wcet>
            <wcet number="1">40</wcet>
            <maxpow number="0.730362433032652"/>
            <maxpow number="0.730362433032652"/>
            <fprob>0.0</fprob>
        </actor>
        <actor name="D0N43">
            <wcet number="0">100</wcet>
            <wcet number="1">110</wcet>
            <maxpow number="0.31946421375335793"/>
            <maxpow number="0.31946421375335793"/>
            <fprob>0.0</fprob>
        </actor>
        <actor name="D0N39">
            <wcet number="0">20</wcet>
            <wcet number="1">30</wcet>
            <maxpow number="0.6824198859716595"/>
            <maxpow number="0.6824198859716595"/>
            <fprob>0.0</fprob>
        </actor>
        <actor name="D0N34">
            <wcet number="0">10</wcet>
            <wcet number="1">10</wcet>
            <maxpow number="0.5409771410770824"/>
            <maxpow number="0.5409771410770824"/>
            <fprob>0.0</fprob>
        </actor>
        <actor name="D0N21">
            <wcet number="0">20</wcet>
            <wcet number="1">30</wcet>
            <maxpow number="0.7776579562933464"/>
            <maxpow number="0.7776579562933464"/>
            <fprob>0.0</fprob>
        </actor>
        <actor name="D0N3">
            <wcet number="0">50</wcet>
            <wcet number="1">60</wcet>
            <maxpow number="0.565022885203614"/>
            <maxpow number="0.565022885203614"/>
            <fprob>0.0</fprob>
        </actor>
        <actor name="D0N47">
            <wcet number="0">20</wcet>
            <wcet number="1">70</wcet>
            <maxpow number="0.6152139971857176"/>
            <maxpow number="0.6152139971857176"/>
            <fprob>0.0</fprob>
        </actor>
        <actor name="D0N7">
            <wcet number="0">20</wcet>
            <wcet number="1">150</wcet>
            <maxpow number="0.5574490272922644"/>
            <maxpow number="0.5574490272922644"/>
            <fprob>0.0</fprob>
        </actor>
        <actor name="D0N8">
            <wcet number="0">60</wcet>
            <wcet number="1">60</wcet>
            <maxpow number="0.5299002201861599"/>
            <maxpow number="0.5299002201861599"/>
            <fprob>0.0</fprob>
        </actor>
        <actor name="D0N27">
            <wcet number="0">10</wcet>
            <wcet number="1">10</wcet>
            <maxpow number="0.7536389163634336"/>
            <maxpow number="0.7536389163634336"/>
            <fprob>0.0</fprob>
        </actor>
        <actor name="D0N26">
            <wcet number="0">10</wcet>
            <wcet number="1">30</wcet>
            <maxpow number="0.6199194811057345"/>
            <maxpow number="0.6199194811057345"/>
            <fprob>0.0</fprob>
        </actor>
        <actor name="D0N20">
            <wcet number="0">10</wcet>
            <wcet number="1">20</wcet>
            <maxpow number="0.5774869452836181"/>
            <maxpow number="0.5774869452836181"/>
            <fprob>0.0</fprob>
        </actor>
        <actor name="D0N37">
            <wcet number="0">20</wcet>
            <wcet number="1">70</wcet>
            <maxpow number="0.9246025767146862"/>
            <maxpow number="0.9246025767146862"/>
            <fprob>0.0</fprob>
        </actor>
        <ports>
            <port dstActor="D0N18" name="p0" srcActor="D0N1"/>
            <port dstActor="D0N23" name="p1" srcActor="D0N1"/>
            <port dstActor="D0N9" name="p2" srcActor="D0N1"/>
            <port dstActor="D0N44" name="p3" srcActor="D0N1"/>
            <port dstActor="D0N23" name="p4" srcActor="D0N12"/>
            <port dstActor="D0N41" name="p5" srcActor="D0N12"/>
            <port dstActor="D0N47" name="p6" srcActor="D0N12"/>
            <port dstActor="D0N8" name="p7" srcActor="D0N0"/>
            <port dstActor="D0N20" name="p8" srcActor="D0N0"/>
            <port dstActor="D0N21" name="p9" srcActor="D0N0"/>
            <port dstActor="D0N1" name="p10" srcActor="D0N0"/>
            <port dstActor="D0N25" name="p11" srcActor="D0N17"/>
            <port dstActor="D0N23" name="p12" srcActor="D0N17"/>
            <port dstActor="D0N20" name="p13" srcActor="D0N17"/>
            <port dstActor="D0N41" name="p14" srcActor="D0N19"/>
            <port dstActor="D0N26" name="p15" srcActor="D0N19"/>
            <port dstActor="D0N21" name="p16" srcActor="D0N19"/>
            <port dstActor="D0N33" name="p17" srcActor="D0N22"/>
            <port dstActor="D0N32" name="p18" srcActor="D0N24"/>
            <port dstActor="D0N38" name="p19" srcActor="D0N24"/>
            <port dstActor="D0N46" name="p20" srcActor="D0N24"/>
            <port dstActor="D0N37" name="p21" srcActor="D0N10"/>
            <port dstActor="D0N26" name="p22" srcActor="D0N10"/>
            <port dstActor="D0N46" name="p23" srcActor="D0N10"/>
            <port dstActor="D0N41" name="p24" srcActor="D0N10"/>
            <port dstActor="D0N43" name="p25" srcActor="D0N10"/>
            <port dstActor="D0N24" name="p26" srcActor="D0N10"/>
            <port dstActor="D0N46" name="p27" srcActor="D0N15"/>
            <port dstActor="D0N37" name="p28" srcActor="D0N15"/>
            <port dstActor="D0N24" name="p29" srcActor="D0N15"/>
            <port dstActor="D0N26" name="p30" srcActor="D0N15"/>
            <port dstActor="D0N26" name="p31" srcActor="D0N23"/>
            <port dstActor="D0N31" name="p32" srcActor="D0N23"/>
            <port dstActor="D0N38" name="p33" srcActor="D0N23"/>
            <port dstActor="D0N45" name="p34" srcActor="D0N23"/>
            <port dstActor="D0N25" name="p35" srcActor="D0N5"/>
            <port dstActor="D0N41" name="p36" srcActor="D0N5"/>
            <port dstActor="D0N45" name="p37" srcActor="D0N5"/>
            <port dstActor="D0N37" name="p38" srcActor="D0N30"/>
            <port dstActor="D0N32" name="p39" srcActor="D0N30"/>
            <port dstActor="D0N46" name="p40" srcActor="D0N45"/>
            <port dstActor="D0N14" name="p41" srcActor="D0N6"/>
            <port dstActor="D0N20" name="p42" srcActor="D0N6"/>
            <port dstActor="D0N13" name="p43" srcActor="D0N6"/>
            <port dstActor="D0N26" name="p44" srcActor="D0N6"/>
            <port dstActor="D0N17" name="p45" srcActor="D0N6"/>
            <port dstActor="D0N29" name="p46" srcActor="D0N6"/>
            <port dstActor="D0N34" name="p47" srcActor="D0N28"/>
            <port dstActor="D0N23" name="p48" srcActor="D0N16"/>
            <port dstActor="D0N47" name="p49" srcActor="D0N16"/>
            <port dstActor="D0N37" name="p50" srcActor="D0N16"/>
            <port dstActor="D0N43" name="p51" srcActor="D0N33"/>
            <port dstActor="D0N21" name="p52" srcActor="D0N11"/>
            <port dstActor="D0N18" name="p53" srcActor="D0N11"/>
            <port dstActor="D0N16" name="p54" srcActor="D0N11"/>
            <port dstActor="D0N42" name="p55" srcActor="D0N11"/>
            <port dstActor="D0N28" name="p56" srcActor="D0N13"/>
            <port dstActor="D0N42" name="p57" srcActor="D0N13"/>
            <port dstActor="D0N40" name="p58" srcActor="D0N13"/>
            <port dstActor="D0N47" name="p59" srcActor="D0N13"/>
            <port dstActor="D0N36" name="p60" srcActor="D0N13"/>
            <port dstActor="D0N14" name="p61" srcActor="D0N4"/>
            <port dstActor="D0N7" name="p62" srcActor="D0N4"/>
            <port dstActor="D0N41" name="p63" srcActor="D0N4"/>
            <port dstActor="D0N39" name="p64" srcActor="D0N4"/>
            <port dstActor="D0N34" name="p65" srcActor="D0N4"/>
            <port dstActor="D0N12" name="p66" srcActor="D0N4"/>
            <port dstActor="D0N28" name="p67" srcActor="D0N4"/>
            <port dstActor="D0N33" name="p68" srcActor="D0N31"/>
            <port dstActor="D0N44" name="p69" srcActor="D0N18"/>
            <port dstActor="D0N45" name="p70" srcActor="D0N18"/>
            <port dstActor="D0N46" name="p71" srcActor="D0N18"/>
            <port dstActor="D0N36" name="p72" srcActor="D0N14"/>
            <port dstActor="D0N20" name="p73" srcActor="D0N14"/>
            <port dstActor="D0N23" name="p74" srcActor="D0N14"/>
            <port dstActor="D0N35" name="p75" srcActor="D0N14"/>
            <port dstActor="D0N23" name="p76" srcActor="D0N2"/>
            <port dstActor="D0N32" name="p77" srcActor="D0N2"/>
            <port dstActor="D0N7" name="p78" srcActor="D0N2"/>
            <port dstActor="D0N37" name="p79" srcActor="D0N2"/>
            <port dstActor="D0N30" name="p80" srcActor="D0N9"/>
            <port dstActor="D0N16" name="p81" srcActor="D0N9"/>
            <port dstActor="D0N22" name="p82" srcActor="D0N9"/>
            <port dstActor="D0N37" name="p83" srcActor="D0N9"/>
            <port dstActor="D0N39" name="p84" srcActor="D0N34"/>
            <port dstActor="D0N41" name="p85" srcActor="D0N21"/>
            <port dstActor="D0N46" name="p86" srcActor="D0N21"/>
            <port dstActor="D0N24" name="p87" srcActor="D0N21"/>
            <port dstActor="D0N22" name="p88" srcActor="D0N21"/>
            <port dstActor="D0N33" name="p89" srcActor="D0N21"/>
            <port dstActor="D0N8" name="p90" srcActor="D0N3"/>
            <port dstActor="D0N19" name="p91" srcActor="D0N3"/>
            <port dstActor="D0N15" name="p92" srcActor="D0N7"/>
            <port dstActor="D0N28" name="p93" srcActor="D0N7"/>
            <port dstActor="D0N20" name="p94" srcActor="D0N7"/>
            <port dstActor="D0N34" name="p95" srcActor="D0N8"/>
            <port dstActor="D0N31" name="p96" srcActor="D0N8"/>
            <port dstActor="D0N30" name="p97" srcActor="D0N8"/>
            <port dstActor="D0N15" name="p98" srcActor="D0N8"/>
            <port dstActor="D0N14" name="p99" srcActor="D0N8"/>
            <port dstActor="D0N42" name="p100" srcActor="D0N27"/>
            <port dstActor="D0N39" name="p101" srcActor="D0N27"/>
            <port dstActor="D0N31" name="p102" srcActor="D0N27"/>
            <port dstActor="D0N42" name="p103" srcActor="D0N26"/>
            <port dstActor="D0N38" name="p104" srcActor="D0N20"/>
        </ports>
    </mcdag>
    <cores number="3"/>
    <levels number="2"/>
</mcsystem>
