<?xml version="1.0" encoding="UTF-8" standalone="no"?>
<mcsystem>
    <mcdag deadline="1200" name="genned-0-ed-10.0-0">
        <actor name="D0N37">
            <wcet number="0">10</wcet>
            <wcet number="1">10</wcet>
            <maxpow number="0.4390264443007483"/>
            <maxpow number="0.4390264443007483"/>
            <fprob>0.0</fprob>
        </actor>
        <actor name="D0N38">
            <wcet number="0">20</wcet>
            <wcet number="1">30</wcet>
            <maxpow number="0.5700340186047214"/>
            <maxpow number="0.5700340186047214"/>
            <fprob>0.0</fprob>
        </actor>
        <actor name="D0N9">
            <wcet number="0">10</wcet>
            <wcet number="1">20</wcet>
            <maxpow number="0.5490685425206749"/>
            <maxpow number="0.5490685425206749"/>
            <fprob>0.0</fprob>
        </actor>
        <actor name="D0N8">
            <wcet number="0">10</wcet>
            <wcet number="1">50</wcet>
            <maxpow number="0.38063200341539366"/>
            <maxpow number="0.38063200341539366"/>
            <fprob>0.0</fprob>
        </actor>
        <actor name="D0N30">
            <wcet number="0">10</wcet>
            <wcet number="1">10</wcet>
            <maxpow number="0.47784118537791187"/>
            <maxpow number="0.47784118537791187"/>
            <fprob>0.0</fprob>
        </actor>
        <actor name="D0N45">
            <wcet number="0">50</wcet>
            <wcet number="1">90</wcet>
            <maxpow number="0.5794651403569009"/>
            <maxpow number="0.5794651403569009"/>
            <fprob>0.0</fprob>
        </actor>
        <actor name="D0N46">
            <wcet number="0">20</wcet>
            <wcet number="1">20</wcet>
            <maxpow number="0.7603845534528948"/>
            <maxpow number="0.7603845534528948"/>
            <fprob>0.0</fprob>
        </actor>
        <actor name="D0N23">
            <wcet number="0">250</wcet>
            <wcet number="1">260</wcet>
            <maxpow number="0.7194542280499666"/>
            <maxpow number="0.7194542280499666"/>
            <fprob>0.0</fprob>
        </actor>
        <actor name="D0N35">
            <wcet number="0">10</wcet>
            <wcet number="1">10</wcet>
            <maxpow number="0.8846907640616399"/>
            <maxpow number="0.8846907640616399"/>
            <fprob>0.0</fprob>
        </actor>
        <actor name="D0N13">
            <wcet number="0">30</wcet>
            <wcet number="1">30</wcet>
            <maxpow number="0.44620790877899824"/>
            <maxpow number="0.44620790877899824"/>
            <fprob>0.0</fprob>
        </actor>
        <actor name="D0N10">
            <wcet number="0">10</wcet>
            <wcet number="1">30</wcet>
            <maxpow number="0.5243716458843203"/>
            <maxpow number="0.5243716458843203"/>
            <fprob>0.0</fprob>
        </actor>
        <actor name="D0N1">
            <wcet number="0">60</wcet>
            <wcet number="1">70</wcet>
            <maxpow number="0.747462259392988"/>
            <maxpow number="0.747462259392988"/>
            <fprob>0.0</fprob>
        </actor>
        <actor name="D0N19">
            <wcet number="0">60</wcet>
            <wcet number="1">220</wcet>
            <maxpow number="0.7031332953798892"/>
            <maxpow number="0.7031332953798892"/>
            <fprob>0.0</fprob>
        </actor>
        <actor name="D0N3">
            <wcet number="0">70</wcet>
            <wcet number="1">110</wcet>
            <maxpow number="1.0115571929596017"/>
            <maxpow number="1.0115571929596017"/>
            <fprob>0.0</fprob>
        </actor>
        <actor name="D0N22">
            <wcet number="0">20</wcet>
            <wcet number="1">60</wcet>
            <maxpow number="0.5293408203276679"/>
            <maxpow number="0.5293408203276679"/>
            <fprob>0.0</fprob>
        </actor>
        <actor name="D0N25">
            <wcet number="0">10</wcet>
            <wcet number="1">20</wcet>
            <maxpow number="0.2715574310097827"/>
            <maxpow number="0.2715574310097827"/>
            <fprob>0.0</fprob>
        </actor>
        <actor name="D0N27">
            <wcet number="0">10</wcet>
            <wcet number="1">20</wcet>
            <maxpow number="0.6635939535164556"/>
            <maxpow number="0.6635939535164556"/>
            <fprob>0.0</fprob>
        </actor>
        <actor name="D0N6">
            <wcet number="0">30</wcet>
            <wcet number="1">80</wcet>
            <maxpow number="0.5219949804125946"/>
            <maxpow number="0.5219949804125946"/>
            <fprob>0.0</fprob>
        </actor>
        <actor name="D0N42">
            <wcet number="0">40</wcet>
            <wcet number="1">60</wcet>
            <maxpow number="0.5266519950871533"/>
            <maxpow number="0.5266519950871533"/>
            <fprob>0.0</fprob>
        </actor>
        <actor name="D0N21">
            <wcet number="0">10</wcet>
            <wcet number="1">30</wcet>
            <maxpow number="0.8046133887409535"/>
            <maxpow number="0.8046133887409535"/>
            <fprob>0.0</fprob>
        </actor>
        <actor name="D0N0">
            <wcet number="0">10</wcet>
            <wcet number="1">100</wcet>
            <maxpow number="0.47428849617148483"/>
            <maxpow number="0.47428849617148483"/>
            <fprob>0.0</fprob>
        </actor>
        <actor name="D0N32">
            <wcet number="0">20</wcet>
            <wcet number="1">50</wcet>
            <maxpow number="0.6294486993576623"/>
            <maxpow number="0.6294486993576623"/>
            <fprob>0.0</fprob>
        </actor>
        <actor name="D0N12">
            <wcet number="0">20</wcet>
            <wcet number="1">90</wcet>
            <maxpow number="0.33408899978240547"/>
            <maxpow number="0.33408899978240547"/>
            <fprob>0.0</fprob>
        </actor>
        <actor name="D0N31">
            <wcet number="0">20</wcet>
            <wcet number="1">20</wcet>
            <maxpow number="0.45273732878338"/>
            <maxpow number="0.45273732878338"/>
            <fprob>0.0</fprob>
        </actor>
        <actor name="D0N5">
            <wcet number="0">10</wcet>
            <wcet number="1">90</wcet>
            <maxpow number="0.41535803708278296"/>
            <maxpow number="0.41535803708278296"/>
            <fprob>0.0</fprob>
        </actor>
        <actor name="D0N2">
            <wcet number="0">30</wcet>
            <wcet number="1">50</wcet>
            <maxpow number="0.6272351255918555"/>
            <maxpow number="0.6272351255918555"/>
            <fprob>0.0</fprob>
        </actor>
        <actor name="D0N29">
            <wcet number="0">10</wcet>
            <wcet number="1">10</wcet>
            <maxpow number="0.4684772295296935"/>
            <maxpow number="0.4684772295296935"/>
            <fprob>0.0</fprob>
        </actor>
        <actor name="D0N15">
            <wcet number="0">50</wcet>
            <wcet number="1">60</wcet>
            <maxpow number="0.6022900117516843"/>
            <maxpow number="0.6022900117516843"/>
            <fprob>0.0</fprob>
        </actor>
        <actor name="D0N14">
            <wcet number="0">90</wcet>
            <wcet number="1">90</wcet>
            <maxpow number="0.5359192283196875"/>
            <maxpow number="0.5359192283196875"/>
            <fprob>0.0</fprob>
        </actor>
        <actor name="D0N16">
            <wcet number="0">20</wcet>
            <wcet number="1">70</wcet>
            <maxpow number="0.5719391056323988"/>
            <maxpow number="0.5719391056323988"/>
            <fprob>0.0</fprob>
        </actor>
        <actor name="D0N44">
            <wcet number="0">20</wcet>
            <wcet number="1">40</wcet>
            <maxpow number="0.7788085812981346"/>
            <maxpow number="0.7788085812981346"/>
            <fprob>0.0</fprob>
        </actor>
        <actor name="D0N33">
            <wcet number="0">60</wcet>
            <wcet number="1">60</wcet>
            <maxpow number="0.3320304993287062"/>
            <maxpow number="0.3320304993287062"/>
            <fprob>0.0</fprob>
        </actor>
        <actor name="D0N40">
            <wcet number="0">30</wcet>
            <wcet number="1">30</wcet>
            <maxpow number="0.6027385528385866"/>
            <maxpow number="0.6027385528385866"/>
            <fprob>0.0</fprob>
        </actor>
        <actor name="D0N24">
            <wcet number="0">20</wcet>
            <wcet number="1">20</wcet>
            <maxpow number="0.5351203471857161"/>
            <maxpow number="0.5351203471857161"/>
            <fprob>0.0</fprob>
        </actor>
        <actor name="D0N20">
            <wcet number="0">30</wcet>
            <wcet number="1">110</wcet>
            <maxpow number="0.7508750212305426"/>
            <maxpow number="0.7508750212305426"/>
            <fprob>0.0</fprob>
        </actor>
        <actor name="D0N17">
            <wcet number="0">10</wcet>
            <wcet number="1">30</wcet>
            <maxpow number="0.3861175476742027"/>
            <maxpow number="0.3861175476742027"/>
            <fprob>0.0</fprob>
        </actor>
        <actor name="D0N28">
            <wcet number="0">100</wcet>
            <wcet number="1">110</wcet>
            <maxpow number="0.48357327997763117"/>
            <maxpow number="0.48357327997763117"/>
            <fprob>0.0</fprob>
        </actor>
        <actor name="D0N26">
            <wcet number="0">40</wcet>
            <wcet number="1">40</wcet>
            <maxpow number="0.607293119402681"/>
            <maxpow number="0.607293119402681"/>
            <fprob>0.0</fprob>
        </actor>
        <actor name="D0N43">
            <wcet number="0">10</wcet>
            <wcet number="1">10</wcet>
            <maxpow number="0.6375570871331813"/>
            <maxpow number="0.6375570871331813"/>
            <fprob>0.0</fprob>
        </actor>
        <actor name="D0N7">
            <wcet number="0">130</wcet>
            <wcet number="1">160</wcet>
            <maxpow number="0.7312935222079705"/>
            <maxpow number="0.7312935222079705"/>
            <fprob>0.0</fprob>
        </actor>
        <actor name="D0N18">
            <wcet number="0">30</wcet>
            <wcet number="1">30</wcet>
            <maxpow number="0.3216231684961315"/>
            <maxpow number="0.3216231684961315"/>
            <fprob>0.0</fprob>
        </actor>
        <actor name="D0N34">
            <wcet number="0">20</wcet>
            <wcet number="1">20</wcet>
            <maxpow number="0.671367830238212"/>
            <maxpow number="0.671367830238212"/>
            <fprob>0.0</fprob>
        </actor>
        <actor name="D0N39">
            <wcet number="0">110</wcet>
            <wcet number="1">320</wcet>
            <maxpow number="0.6772728374488414"/>
            <maxpow number="0.6772728374488414"/>
            <fprob>0.0</fprob>
        </actor>
        <actor name="D0N4">
            <wcet number="0">30</wcet>
            <wcet number="1">70</wcet>
            <maxpow number="0.4384147360329379"/>
            <maxpow number="0.4384147360329379"/>
            <fprob>0.0</fprob>
        </actor>
        <actor name="D0N36">
            <wcet number="0">20</wcet>
            <wcet number="1">20</wcet>
            <maxpow number="0.20950399352435312"/>
            <maxpow number="0.20950399352435312"/>
            <fprob>0.0</fprob>
        </actor>
        <actor name="D0N41">
            <wcet number="0">20</wcet>
            <wcet number="1">20</wcet>
            <maxpow number="0.3575355079958267"/>
            <maxpow number="0.3575355079958267"/>
            <fprob>0.0</fprob>
        </actor>
        <actor name="D0N11">
            <wcet number="0">30</wcet>
            <wcet number="1">50</wcet>
            <maxpow number="0.6420567575098801"/>
            <maxpow number="0.6420567575098801"/>
            <fprob>0.0</fprob>
        </actor>
        <ports>
            <port dstActor="D0N39" name="p0" srcActor="D0N38"/>
            <port dstActor="D0N24" name="p1" srcActor="D0N9"/>
            <port dstActor="D0N39" name="p2" srcActor="D0N8"/>
            <port dstActor="D0N30" name="p3" srcActor="D0N8"/>
            <port dstActor="D0N37" name="p4" srcActor="D0N8"/>
            <port dstActor="D0N35" name="p5" srcActor="D0N30"/>
            <port dstActor="D0N25" name="p6" srcActor="D0N23"/>
            <port dstActor="D0N32" name="p7" srcActor="D0N23"/>
            <port dstActor="D0N14" name="p8" srcActor="D0N13"/>
            <port dstActor="D0N44" name="p9" srcActor="D0N13"/>
            <port dstActor="D0N24" name="p10" srcActor="D0N13"/>
            <port dstActor="D0N30" name="p11" srcActor="D0N13"/>
            <port dstActor="D0N39" name="p12" srcActor="D0N10"/>
            <port dstActor="D0N32" name="p13" srcActor="D0N10"/>
            <port dstActor="D0N21" name="p14" srcActor="D0N10"/>
            <port dstActor="D0N5" name="p15" srcActor="D0N1"/>
            <port dstActor="D0N10" name="p16" srcActor="D0N1"/>
            <port dstActor="D0N7" name="p17" srcActor="D0N1"/>
            <port dstActor="D0N19" name="p18" srcActor="D0N1"/>
            <port dstActor="D0N13" name="p19" srcActor="D0N1"/>
            <port dstActor="D0N9" name="p20" srcActor="D0N1"/>
            <port dstActor="D0N4" name="p21" srcActor="D0N1"/>
            <port dstActor="D0N36" name="p22" srcActor="D0N1"/>
            <port dstActor="D0N27" name="p23" srcActor="D0N19"/>
            <port dstActor="D0N32" name="p24" srcActor="D0N19"/>
            <port dstActor="D0N36" name="p25" srcActor="D0N19"/>
            <port dstActor="D0N45" name="p26" srcActor="D0N19"/>
            <port dstActor="D0N46" name="p27" srcActor="D0N19"/>
            <port dstActor="D0N31" name="p28" srcActor="D0N3"/>
            <port dstActor="D0N33" name="p29" srcActor="D0N3"/>
            <port dstActor="D0N42" name="p30" srcActor="D0N3"/>
            <port dstActor="D0N46" name="p31" srcActor="D0N3"/>
            <port dstActor="D0N12" name="p32" srcActor="D0N3"/>
            <port dstActor="D0N15" name="p33" srcActor="D0N3"/>
            <port dstActor="D0N23" name="p34" srcActor="D0N22"/>
            <port dstActor="D0N45" name="p35" srcActor="D0N22"/>
            <port dstActor="D0N31" name="p36" srcActor="D0N22"/>
            <port dstActor="D0N39" name="p37" srcActor="D0N22"/>
            <port dstActor="D0N44" name="p38" srcActor="D0N25"/>
            <port dstActor="D0N42" name="p39" srcActor="D0N25"/>
            <port dstActor="D0N36" name="p40" srcActor="D0N25"/>
            <port dstActor="D0N41" name="p41" srcActor="D0N27"/>
            <port dstActor="D0N38" name="p42" srcActor="D0N27"/>
            <port dstActor="D0N33" name="p43" srcActor="D0N27"/>
            <port dstActor="D0N17" name="p44" srcActor="D0N6"/>
            <port dstActor="D0N13" name="p45" srcActor="D0N6"/>
            <port dstActor="D0N34" name="p46" srcActor="D0N6"/>
            <port dstActor="D0N15" name="p47" srcActor="D0N6"/>
            <port dstActor="D0N30" name="p48" srcActor="D0N21"/>
            <port dstActor="D0N32" name="p49" srcActor="D0N21"/>
            <port dstActor="D0N16" name="p50" srcActor="D0N0"/>
            <port dstActor="D0N29" name="p51" srcActor="D0N0"/>
            <port dstActor="D0N41" name="p52" srcActor="D0N32"/>
            <port dstActor="D0N20" name="p53" srcActor="D0N12"/>
            <port dstActor="D0N33" name="p54" srcActor="D0N12"/>
            <port dstActor="D0N34" name="p55" srcActor="D0N12"/>
            <port dstActor="D0N37" name="p56" srcActor="D0N12"/>
            <port dstActor="D0N39" name="p57" srcActor="D0N12"/>
            <port dstActor="D0N46" name="p58" srcActor="D0N31"/>
            <port dstActor="D0N6" name="p59" srcActor="D0N5"/>
            <port dstActor="D0N20" name="p60" srcActor="D0N5"/>
            <port dstActor="D0N7" name="p61" srcActor="D0N5"/>
            <port dstActor="D0N38" name="p62" srcActor="D0N5"/>
            <port dstActor="D0N25" name="p63" srcActor="D0N2"/>
            <port dstActor="D0N35" name="p64" srcActor="D0N2"/>
            <port dstActor="D0N40" name="p65" srcActor="D0N2"/>
            <port dstActor="D0N23" name="p66" srcActor="D0N2"/>
            <port dstActor="D0N41" name="p67" srcActor="D0N29"/>
            <port dstActor="D0N41" name="p68" srcActor="D0N15"/>
            <port dstActor="D0N17" name="p69" srcActor="D0N15"/>
            <port dstActor="D0N16" name="p70" srcActor="D0N15"/>
            <port dstActor="D0N25" name="p71" srcActor="D0N14"/>
            <port dstActor="D0N37" name="p72" srcActor="D0N14"/>
            <port dstActor="D0N17" name="p73" srcActor="D0N14"/>
            <port dstActor="D0N27" name="p74" srcActor="D0N14"/>
            <port dstActor="D0N46" name="p75" srcActor="D0N44"/>
            <port dstActor="D0N46" name="p76" srcActor="D0N33"/>
            <port dstActor="D0N36" name="p77" srcActor="D0N33"/>
            <port dstActor="D0N41" name="p78" srcActor="D0N24"/>
            <port dstActor="D0N46" name="p79" srcActor="D0N24"/>
            <port dstActor="D0N27" name="p80" srcActor="D0N20"/>
            <port dstActor="D0N39" name="p81" srcActor="D0N20"/>
            <port dstActor="D0N24" name="p82" srcActor="D0N20"/>
            <port dstActor="D0N26" name="p83" srcActor="D0N20"/>
            <port dstActor="D0N23" name="p84" srcActor="D0N20"/>
            <port dstActor="D0N33" name="p85" srcActor="D0N17"/>
            <port dstActor="D0N46" name="p86" srcActor="D0N17"/>
            <port dstActor="D0N28" name="p87" srcActor="D0N17"/>
            <port dstActor="D0N43" name="p88" srcActor="D0N17"/>
            <port dstActor="D0N32" name="p89" srcActor="D0N26"/>
            <port dstActor="D0N43" name="p90" srcActor="D0N26"/>
            <port dstActor="D0N27" name="p91" srcActor="D0N26"/>
            <port dstActor="D0N37" name="p92" srcActor="D0N26"/>
            <port dstActor="D0N35" name="p93" srcActor="D0N26"/>
            <port dstActor="D0N9" name="p94" srcActor="D0N7"/>
            <port dstActor="D0N21" name="p95" srcActor="D0N7"/>
            <port dstActor="D0N15" name="p96" srcActor="D0N7"/>
            <port dstActor="D0N26" name="p97" srcActor="D0N7"/>
            <port dstActor="D0N17" name="p98" srcActor="D0N7"/>
            <port dstActor="D0N39" name="p99" srcActor="D0N7"/>
            <port dstActor="D0N37" name="p100" srcActor="D0N7"/>
            <port dstActor="D0N33" name="p101" srcActor="D0N7"/>
            <port dstActor="D0N33" name="p102" srcActor="D0N18"/>
            <port dstActor="D0N37" name="p103" srcActor="D0N18"/>
            <port dstActor="D0N41" name="p104" srcActor="D0N34"/>
            <port dstActor="D0N36" name="p105" srcActor="D0N4"/>
            <port dstActor="D0N44" name="p106" srcActor="D0N4"/>
            <port dstActor="D0N17" name="p107" srcActor="D0N4"/>
            <port dstActor="D0N31" name="p108" srcActor="D0N4"/>
            <port dstActor="D0N45" name="p109" srcActor="D0N36"/>
            <port dstActor="D0N44" name="p110" srcActor="D0N11"/>
        </ports>
    </mcdag>
    <cores number="3"/>
    <levels number="2"/>
</mcsystem>
