<?xml version="1.0" encoding="UTF-8" standalone="no"?>
<mcsystem>
    <mcdag deadline="1000" name="genned-0-ed-10.0-0">
        <actor name="D0N29">
            <wcet number="0">60</wcet>
            <wcet number="1">60</wcet>
            <maxpow number="0.7995546456596819"/>
            <maxpow number="0.7995546456596819"/>
            <fprob>0.0</fprob>
        </actor>
        <actor name="D0N19">
            <wcet number="0">10</wcet>
            <wcet number="1">30</wcet>
            <maxpow number="0.24611752471164067"/>
            <maxpow number="0.24611752471164067"/>
            <fprob>0.0</fprob>
        </actor>
        <actor name="D0N32">
            <wcet number="0">20</wcet>
            <wcet number="1">60</wcet>
            <maxpow number="0.5726125302955796"/>
            <maxpow number="0.5726125302955796"/>
            <fprob>0.0</fprob>
        </actor>
        <actor name="D0N4">
            <wcet number="0">10</wcet>
            <wcet number="1">10</wcet>
            <maxpow number="0.24466157856766152"/>
            <maxpow number="0.24466157856766152"/>
            <fprob>0.0</fprob>
        </actor>
        <actor name="D0N11">
            <wcet number="0">50</wcet>
            <wcet number="1">110</wcet>
            <maxpow number="0.2758394653945807"/>
            <maxpow number="0.2758394653945807"/>
            <fprob>0.0</fprob>
        </actor>
        <actor name="D0N6">
            <wcet number="0">50</wcet>
            <wcet number="1">50</wcet>
            <maxpow number="0.5927221073538164"/>
            <maxpow number="0.5927221073538164"/>
            <fprob>0.0</fprob>
        </actor>
        <actor name="D0N22">
            <wcet number="0">20</wcet>
            <wcet number="1">30</wcet>
            <maxpow number="0.5616295088672086"/>
            <maxpow number="0.5616295088672086"/>
            <fprob>0.0</fprob>
        </actor>
        <actor name="D0N0">
            <wcet number="0">30</wcet>
            <wcet number="1">40</wcet>
            <maxpow number="0.37363766104838203"/>
            <maxpow number="0.37363766104838203"/>
            <fprob>0.0</fprob>
        </actor>
        <actor name="D0N9">
            <wcet number="0">10</wcet>
            <wcet number="1">80</wcet>
            <maxpow number="0.8666272998292579"/>
            <maxpow number="0.8666272998292579"/>
            <fprob>0.0</fprob>
        </actor>
        <actor name="D0N16">
            <wcet number="0">30</wcet>
            <wcet number="1">40</wcet>
            <maxpow number="0.31503763347705205"/>
            <maxpow number="0.31503763347705205"/>
            <fprob>0.0</fprob>
        </actor>
        <actor name="D0N2">
            <wcet number="0">10</wcet>
            <wcet number="1">10</wcet>
            <maxpow number="0.22686554675508458"/>
            <maxpow number="0.22686554675508458"/>
            <fprob>0.0</fprob>
        </actor>
        <actor name="D0N23">
            <wcet number="0">40</wcet>
            <wcet number="1">40</wcet>
            <maxpow number="0.5661179030198845"/>
            <maxpow number="0.5661179030198845"/>
            <fprob>0.0</fprob>
        </actor>
        <actor name="D0N21">
            <wcet number="0">170</wcet>
            <wcet number="1">240</wcet>
            <maxpow number="0.44109843077943867"/>
            <maxpow number="0.44109843077943867"/>
            <fprob>0.0</fprob>
        </actor>
        <actor name="D0N7">
            <wcet number="0">20</wcet>
            <wcet number="1">20</wcet>
            <maxpow number="0.47718437711394984"/>
            <maxpow number="0.47718437711394984"/>
            <fprob>0.0</fprob>
        </actor>
        <actor name="D0N5">
            <wcet number="0">20</wcet>
            <wcet number="1">20</wcet>
            <maxpow number="0.6097293912136671"/>
            <maxpow number="0.6097293912136671"/>
            <fprob>0.0</fprob>
        </actor>
        <actor name="D0N14">
            <wcet number="0">10</wcet>
            <wcet number="1">10</wcet>
            <maxpow number="0.2537414526435302"/>
            <maxpow number="0.2537414526435302"/>
            <fprob>0.0</fprob>
        </actor>
        <actor name="D0N17">
            <wcet number="0">50</wcet>
            <wcet number="1">50</wcet>
            <maxpow number="0.14387166059799694"/>
            <maxpow number="0.14387166059799694"/>
            <fprob>0.0</fprob>
        </actor>
        <actor name="D0N20">
            <wcet number="0">120</wcet>
            <wcet number="1">120</wcet>
            <maxpow number="0.5828904386251373"/>
            <maxpow number="0.5828904386251373"/>
            <fprob>0.0</fprob>
        </actor>
        <actor name="D0N35">
            <wcet number="0">20</wcet>
            <wcet number="1">40</wcet>
            <maxpow number="0.4522637147282301"/>
            <maxpow number="0.4522637147282301"/>
            <fprob>0.0</fprob>
        </actor>
        <actor name="D0N13">
            <wcet number="0">40</wcet>
            <wcet number="1">60</wcet>
            <maxpow number="0.8454978977719189"/>
            <maxpow number="0.8454978977719189"/>
            <fprob>0.0</fprob>
        </actor>
        <actor name="D0N24">
            <wcet number="0">10</wcet>
            <wcet number="1">40</wcet>
            <maxpow number="0.6736489237295696"/>
            <maxpow number="0.6736489237295696"/>
            <fprob>0.0</fprob>
        </actor>
        <actor name="D0N18">
            <wcet number="0">40</wcet>
            <wcet number="1">70</wcet>
            <maxpow number="0.5557673391180067"/>
            <maxpow number="0.5557673391180067"/>
            <fprob>0.0</fprob>
        </actor>
        <actor name="D0N34">
            <wcet number="0">20</wcet>
            <wcet number="1">40</wcet>
            <maxpow number="0.8020438359763551"/>
            <maxpow number="0.8020438359763551"/>
            <fprob>0.0</fprob>
        </actor>
        <actor name="D0N39">
            <wcet number="0">40</wcet>
            <wcet number="1">70</wcet>
            <maxpow number="0.45753736181158794"/>
            <maxpow number="0.45753736181158794"/>
            <fprob>0.0</fprob>
        </actor>
        <actor name="D0N37">
            <wcet number="0">30</wcet>
            <wcet number="1">40</wcet>
            <maxpow number="0.42964481469754356"/>
            <maxpow number="0.42964481469754356"/>
            <fprob>0.0</fprob>
        </actor>
        <actor name="D0N10">
            <wcet number="0">40</wcet>
            <wcet number="1">50</wcet>
            <maxpow number="0.6741064844038122"/>
            <maxpow number="0.6741064844038122"/>
            <fprob>0.0</fprob>
        </actor>
        <actor name="D0N36">
            <wcet number="0">10</wcet>
            <wcet number="1">10</wcet>
            <maxpow number="0.24812976176079016"/>
            <maxpow number="0.24812976176079016"/>
            <fprob>0.0</fprob>
        </actor>
        <actor name="D0N12">
            <wcet number="0">20</wcet>
            <wcet number="1">20</wcet>
            <maxpow number="0.5172667760727696"/>
            <maxpow number="0.5172667760727696"/>
            <fprob>0.0</fprob>
        </actor>
        <actor name="D0N15">
            <wcet number="0">50</wcet>
            <wcet number="1">60</wcet>
            <maxpow number="0.6462587837033961"/>
            <maxpow number="0.6462587837033961"/>
            <fprob>0.0</fprob>
        </actor>
        <actor name="D0N30">
            <wcet number="0">20</wcet>
            <wcet number="1">20</wcet>
            <maxpow number="0.3882557425963387"/>
            <maxpow number="0.3882557425963387"/>
            <fprob>0.0</fprob>
        </actor>
        <actor name="D0N27">
            <wcet number="0">30</wcet>
            <wcet number="1">80</wcet>
            <maxpow number="0.5632788595634345"/>
            <maxpow number="0.5632788595634345"/>
            <fprob>0.0</fprob>
        </actor>
        <actor name="D0N33">
            <wcet number="0">10</wcet>
            <wcet number="1">20</wcet>
            <maxpow number="0.35284776897193604"/>
            <maxpow number="0.35284776897193604"/>
            <fprob>0.0</fprob>
        </actor>
        <actor name="D0N3">
            <wcet number="0">50</wcet>
            <wcet number="1">50</wcet>
            <maxpow number="0.6945615493190724"/>
            <maxpow number="0.6945615493190724"/>
            <fprob>0.0</fprob>
        </actor>
        <actor name="D0N1">
            <wcet number="0">50</wcet>
            <wcet number="1">80</wcet>
            <maxpow number="0.6101951732115622"/>
            <maxpow number="0.6101951732115622"/>
            <fprob>0.0</fprob>
        </actor>
        <actor name="D0N41">
            <wcet number="0">20</wcet>
            <wcet number="1">30</wcet>
            <maxpow number="0.5898332309863143"/>
            <maxpow number="0.5898332309863143"/>
            <fprob>0.0</fprob>
        </actor>
        <actor name="D0N40">
            <wcet number="0">10</wcet>
            <wcet number="1">10</wcet>
            <maxpow number="0.5977897504673328"/>
            <maxpow number="0.5977897504673328"/>
            <fprob>0.0</fprob>
        </actor>
        <actor name="D0N25">
            <wcet number="0">60</wcet>
            <wcet number="1">60</wcet>
            <maxpow number="0.7663143952931546"/>
            <maxpow number="0.7663143952931546"/>
            <fprob>0.0</fprob>
        </actor>
        <actor name="D0N28">
            <wcet number="0">20</wcet>
            <wcet number="1">20</wcet>
            <maxpow number="0.4534827139342756"/>
            <maxpow number="0.4534827139342756"/>
            <fprob>0.0</fprob>
        </actor>
        <actor name="D0N8">
            <wcet number="0">30</wcet>
            <wcet number="1">110</wcet>
            <maxpow number="0.3865252833396514"/>
            <maxpow number="0.3865252833396514"/>
            <fprob>0.0</fprob>
        </actor>
        <actor name="D0N26">
            <wcet number="0">10</wcet>
            <wcet number="1">50</wcet>
            <maxpow number="0.7760777900610155"/>
            <maxpow number="0.7760777900610155"/>
            <fprob>0.0</fprob>
        </actor>
        <actor name="D0N38">
            <wcet number="0">10</wcet>
            <wcet number="1">10</wcet>
            <maxpow number="0.27841183792936375"/>
            <maxpow number="0.27841183792936375"/>
            <fprob>0.0</fprob>
        </actor>
        <actor name="D0N31">
            <wcet number="0">10</wcet>
            <wcet number="1">40</wcet>
            <maxpow number="0.4350110942501064"/>
            <maxpow number="0.4350110942501064"/>
            <fprob>0.0</fprob>
        </actor>
        <ports>
            <port dstActor="D0N37" name="p0" srcActor="D0N29"/>
            <port dstActor="D0N40" name="p1" srcActor="D0N19"/>
            <port dstActor="D0N32" name="p2" srcActor="D0N19"/>
            <port dstActor="D0N39" name="p3" srcActor="D0N32"/>
            <port dstActor="D0N8" name="p4" srcActor="D0N4"/>
            <port dstActor="D0N30" name="p5" srcActor="D0N4"/>
            <port dstActor="D0N13" name="p6" srcActor="D0N4"/>
            <port dstActor="D0N29" name="p7" srcActor="D0N4"/>
            <port dstActor="D0N18" name="p8" srcActor="D0N11"/>
            <port dstActor="D0N19" name="p9" srcActor="D0N11"/>
            <port dstActor="D0N24" name="p10" srcActor="D0N11"/>
            <port dstActor="D0N10" name="p11" srcActor="D0N6"/>
            <port dstActor="D0N9" name="p12" srcActor="D0N6"/>
            <port dstActor="D0N22" name="p13" srcActor="D0N6"/>
            <port dstActor="D0N33" name="p14" srcActor="D0N6"/>
            <port dstActor="D0N37" name="p15" srcActor="D0N6"/>
            <port dstActor="D0N23" name="p16" srcActor="D0N22"/>
            <port dstActor="D0N37" name="p17" srcActor="D0N22"/>
            <port dstActor="D0N28" name="p18" srcActor="D0N22"/>
            <port dstActor="D0N7" name="p19" srcActor="D0N0"/>
            <port dstActor="D0N27" name="p20" srcActor="D0N0"/>
            <port dstActor="D0N39" name="p21" srcActor="D0N0"/>
            <port dstActor="D0N25" name="p22" srcActor="D0N0"/>
            <port dstActor="D0N40" name="p23" srcActor="D0N0"/>
            <port dstActor="D0N15" name="p24" srcActor="D0N9"/>
            <port dstActor="D0N30" name="p25" srcActor="D0N9"/>
            <port dstActor="D0N34" name="p26" srcActor="D0N9"/>
            <port dstActor="D0N39" name="p27" srcActor="D0N9"/>
            <port dstActor="D0N10" name="p28" srcActor="D0N9"/>
            <port dstActor="D0N27" name="p29" srcActor="D0N16"/>
            <port dstActor="D0N25" name="p30" srcActor="D0N16"/>
            <port dstActor="D0N11" name="p31" srcActor="D0N2"/>
            <port dstActor="D0N26" name="p32" srcActor="D0N2"/>
            <port dstActor="D0N32" name="p33" srcActor="D0N23"/>
            <port dstActor="D0N38" name="p34" srcActor="D0N23"/>
            <port dstActor="D0N31" name="p35" srcActor="D0N7"/>
            <port dstActor="D0N35" name="p36" srcActor="D0N7"/>
            <port dstActor="D0N23" name="p37" srcActor="D0N7"/>
            <port dstActor="D0N25" name="p38" srcActor="D0N7"/>
            <port dstActor="D0N19" name="p39" srcActor="D0N5"/>
            <port dstActor="D0N6" name="p40" srcActor="D0N5"/>
            <port dstActor="D0N30" name="p41" srcActor="D0N5"/>
            <port dstActor="D0N24" name="p42" srcActor="D0N14"/>
            <port dstActor="D0N41" name="p43" srcActor="D0N14"/>
            <port dstActor="D0N30" name="p44" srcActor="D0N14"/>
            <port dstActor="D0N22" name="p45" srcActor="D0N17"/>
            <port dstActor="D0N40" name="p46" srcActor="D0N17"/>
            <port dstActor="D0N36" name="p47" srcActor="D0N17"/>
            <port dstActor="D0N21" name="p48" srcActor="D0N20"/>
            <port dstActor="D0N40" name="p49" srcActor="D0N35"/>
            <port dstActor="D0N17" name="p50" srcActor="D0N13"/>
            <port dstActor="D0N33" name="p51" srcActor="D0N24"/>
            <port dstActor="D0N31" name="p52" srcActor="D0N24"/>
            <port dstActor="D0N27" name="p53" srcActor="D0N18"/>
            <port dstActor="D0N35" name="p54" srcActor="D0N18"/>
            <port dstActor="D0N40" name="p55" srcActor="D0N18"/>
            <port dstActor="D0N24" name="p56" srcActor="D0N18"/>
            <port dstActor="D0N23" name="p57" srcActor="D0N18"/>
            <port dstActor="D0N41" name="p58" srcActor="D0N37"/>
            <port dstActor="D0N39" name="p59" srcActor="D0N37"/>
            <port dstActor="D0N40" name="p60" srcActor="D0N37"/>
            <port dstActor="D0N21" name="p61" srcActor="D0N10"/>
            <port dstActor="D0N22" name="p62" srcActor="D0N10"/>
            <port dstActor="D0N41" name="p63" srcActor="D0N10"/>
            <port dstActor="D0N12" name="p64" srcActor="D0N10"/>
            <port dstActor="D0N29" name="p65" srcActor="D0N12"/>
            <port dstActor="D0N37" name="p66" srcActor="D0N12"/>
            <port dstActor="D0N25" name="p67" srcActor="D0N12"/>
            <port dstActor="D0N21" name="p68" srcActor="D0N15"/>
            <port dstActor="D0N33" name="p69" srcActor="D0N15"/>
            <port dstActor="D0N32" name="p70" srcActor="D0N15"/>
            <port dstActor="D0N27" name="p71" srcActor="D0N15"/>
            <port dstActor="D0N32" name="p72" srcActor="D0N30"/>
            <port dstActor="D0N40" name="p73" srcActor="D0N27"/>
            <port dstActor="D0N33" name="p74" srcActor="D0N27"/>
            <port dstActor="D0N11" name="p75" srcActor="D0N3"/>
            <port dstActor="D0N25" name="p76" srcActor="D0N3"/>
            <port dstActor="D0N13" name="p77" srcActor="D0N3"/>
            <port dstActor="D0N21" name="p78" srcActor="D0N3"/>
            <port dstActor="D0N37" name="p79" srcActor="D0N3"/>
            <port dstActor="D0N9" name="p80" srcActor="D0N1"/>
            <port dstActor="D0N27" name="p81" srcActor="D0N1"/>
            <port dstActor="D0N29" name="p82" srcActor="D0N1"/>
            <port dstActor="D0N36" name="p83" srcActor="D0N25"/>
            <port dstActor="D0N36" name="p84" srcActor="D0N28"/>
            <port dstActor="D0N35" name="p85" srcActor="D0N28"/>
            <port dstActor="D0N16" name="p86" srcActor="D0N8"/>
            <port dstActor="D0N25" name="p87" srcActor="D0N8"/>
            <port dstActor="D0N37" name="p88" srcActor="D0N8"/>
            <port dstActor="D0N28" name="p89" srcActor="D0N8"/>
            <port dstActor="D0N30" name="p90" srcActor="D0N26"/>
            <port dstActor="D0N34" name="p91" srcActor="D0N26"/>
            <port dstActor="D0N37" name="p92" srcActor="D0N26"/>
            <port dstActor="D0N33" name="p93" srcActor="D0N31"/>
        </ports>
    </mcdag>
    <cores number="3"/>
    <levels number="2"/>
</mcsystem>
