<?xml version="1.0" encoding="UTF-8" standalone="no"?>
<mcsystem>
    <mcdag deadline="2500" name="genned-0-ed-10.0-0">
        <actor name="D0N34">
            <wcet number="0">10</wcet>
            <wcet number="1">10</wcet>
            <maxpow number="0.9319732994462275"/>
            <maxpow number="0.9319732994462275"/>
            <fprob>0.0</fprob>
        </actor>
        <actor name="D0N28">
            <wcet number="0">80</wcet>
            <wcet number="1">90</wcet>
            <maxpow number="0.5895359861650192"/>
            <maxpow number="0.5895359861650192"/>
            <fprob>0.0</fprob>
        </actor>
        <actor name="D0N31">
            <wcet number="0">10</wcet>
            <wcet number="1">10</wcet>
            <maxpow number="0.4547491080224404"/>
            <maxpow number="0.4547491080224404"/>
            <fprob>0.0</fprob>
        </actor>
        <actor name="D0N47">
            <wcet number="0">40</wcet>
            <wcet number="1">40</wcet>
            <maxpow number="0.8187153652817585"/>
            <maxpow number="0.8187153652817585"/>
            <fprob>0.0</fprob>
        </actor>
        <actor name="D0N3">
            <wcet number="0">90</wcet>
            <wcet number="1">120</wcet>
            <maxpow number="0.5582622741998557"/>
            <maxpow number="0.5582622741998557"/>
            <fprob>0.0</fprob>
        </actor>
        <actor name="D0N46">
            <wcet number="0">40</wcet>
            <wcet number="1">40</wcet>
            <maxpow number="0.42445446480060234"/>
            <maxpow number="0.42445446480060234"/>
            <fprob>0.0</fprob>
        </actor>
        <actor name="D0N30">
            <wcet number="0">40</wcet>
            <wcet number="1">50</wcet>
            <maxpow number="0.5618410980944376"/>
            <maxpow number="0.5618410980944376"/>
            <fprob>0.0</fprob>
        </actor>
        <actor name="D0N18">
            <wcet number="0">40</wcet>
            <wcet number="1">60</wcet>
            <maxpow number="0.7369231113343719"/>
            <maxpow number="0.7369231113343719"/>
            <fprob>0.0</fprob>
        </actor>
        <actor name="D0N44">
            <wcet number="0">50</wcet>
            <wcet number="1">80</wcet>
            <maxpow number="0.6121218117556597"/>
            <maxpow number="0.6121218117556597"/>
            <fprob>0.0</fprob>
        </actor>
        <actor name="D0N19">
            <wcet number="0">30</wcet>
            <wcet number="1">40</wcet>
            <maxpow number="0.5939644332245932"/>
            <maxpow number="0.5939644332245932"/>
            <fprob>0.0</fprob>
        </actor>
        <actor name="D0N27">
            <wcet number="0">20</wcet>
            <wcet number="1">40</wcet>
            <maxpow number="0.6662776480945118"/>
            <maxpow number="0.6662776480945118"/>
            <fprob>0.0</fprob>
        </actor>
        <actor name="D0N11">
            <wcet number="0">20</wcet>
            <wcet number="1">20</wcet>
            <maxpow number="0.1245349326866676"/>
            <maxpow number="0.1245349326866676"/>
            <fprob>0.0</fprob>
        </actor>
        <actor name="D0N9">
            <wcet number="0">20</wcet>
            <wcet number="1">170</wcet>
            <maxpow number="0.5908050790484717"/>
            <maxpow number="0.5908050790484717"/>
            <fprob>0.0</fprob>
        </actor>
        <actor name="D0N48">
            <wcet number="0">60</wcet>
            <wcet number="1">140</wcet>
            <maxpow number="0.6804966591587072"/>
            <maxpow number="0.6804966591587072"/>
            <fprob>0.0</fprob>
        </actor>
        <actor name="D0N8">
            <wcet number="0">30</wcet>
            <wcet number="1">220</wcet>
            <maxpow number="0.4925262562422788"/>
            <maxpow number="0.4925262562422788"/>
            <fprob>0.0</fprob>
        </actor>
        <actor name="D0N33">
            <wcet number="0">20</wcet>
            <wcet number="1">30</wcet>
            <maxpow number="0.7640834025587344"/>
            <maxpow number="0.7640834025587344"/>
            <fprob>0.0</fprob>
        </actor>
        <actor name="D0N38">
            <wcet number="0">180</wcet>
            <wcet number="1">180</wcet>
            <maxpow number="0.7460422587455848"/>
            <maxpow number="0.7460422587455848"/>
            <fprob>0.0</fprob>
        </actor>
        <actor name="D0N6">
            <wcet number="0">30</wcet>
            <wcet number="1">50</wcet>
            <maxpow number="0.5694211458990965"/>
            <maxpow number="0.5694211458990965"/>
            <fprob>0.0</fprob>
        </actor>
        <actor name="D0N25">
            <wcet number="0">30</wcet>
            <wcet number="1">40</wcet>
            <maxpow number="0.8337165624272964"/>
            <maxpow number="0.8337165624272964"/>
            <fprob>0.0</fprob>
        </actor>
        <actor name="D0N43">
            <wcet number="0">180</wcet>
            <wcet number="1">220</wcet>
            <maxpow number="0.35834513886628866"/>
            <maxpow number="0.35834513886628866"/>
            <fprob>0.0</fprob>
        </actor>
        <actor name="D0N2">
            <wcet number="0">130</wcet>
            <wcet number="1">160</wcet>
            <maxpow number="0.3480755186687888"/>
            <maxpow number="0.3480755186687888"/>
            <fprob>0.0</fprob>
        </actor>
        <actor name="D0N16">
            <wcet number="0">30</wcet>
            <wcet number="1">40</wcet>
            <maxpow number="0.710178648812363"/>
            <maxpow number="0.710178648812363"/>
            <fprob>0.0</fprob>
        </actor>
        <actor name="D0N24">
            <wcet number="0">10</wcet>
            <wcet number="1">40</wcet>
            <maxpow number="0.7702223955226211"/>
            <maxpow number="0.7702223955226211"/>
            <fprob>0.0</fprob>
        </actor>
        <actor name="D0N35">
            <wcet number="0">60</wcet>
            <wcet number="1">70</wcet>
            <maxpow number="0.6624172733629407"/>
            <maxpow number="0.6624172733629407"/>
            <fprob>0.0</fprob>
        </actor>
        <actor name="D0N32">
            <wcet number="0">10</wcet>
            <wcet number="1">10</wcet>
            <maxpow number="0.5954865070095501"/>
            <maxpow number="0.5954865070095501"/>
            <fprob>0.0</fprob>
        </actor>
        <actor name="D0N0">
            <wcet number="0">20</wcet>
            <wcet number="1">30</wcet>
            <maxpow number="0.31960407590389317"/>
            <maxpow number="0.31960407590389317"/>
            <fprob>0.0</fprob>
        </actor>
        <actor name="D0N40">
            <wcet number="0">10</wcet>
            <wcet number="1">10</wcet>
            <maxpow number="0.5311477863382169"/>
            <maxpow number="0.5311477863382169"/>
            <fprob>0.0</fprob>
        </actor>
        <actor name="D0N36">
            <wcet number="0">160</wcet>
            <wcet number="1">180</wcet>
            <maxpow number="0.44480218965093143"/>
            <maxpow number="0.44480218965093143"/>
            <fprob>0.0</fprob>
        </actor>
        <actor name="D0N21">
            <wcet number="0">20</wcet>
            <wcet number="1">150</wcet>
            <maxpow number="0.7259561925568245"/>
            <maxpow number="0.7259561925568245"/>
            <fprob>0.0</fprob>
        </actor>
        <actor name="D0N20">
            <wcet number="0">70</wcet>
            <wcet number="1">150</wcet>
            <maxpow number="0.7353741583712942"/>
            <maxpow number="0.7353741583712942"/>
            <fprob>0.0</fprob>
        </actor>
        <actor name="D0N37">
            <wcet number="0">10</wcet>
            <wcet number="1">20</wcet>
            <maxpow number="0.635469791926212"/>
            <maxpow number="0.635469791926212"/>
            <fprob>0.0</fprob>
        </actor>
        <actor name="D0N15">
            <wcet number="0">80</wcet>
            <wcet number="1">110</wcet>
            <maxpow number="0.65185773173707"/>
            <maxpow number="0.65185773173707"/>
            <fprob>0.0</fprob>
        </actor>
        <actor name="D0N12">
            <wcet number="0">310</wcet>
            <wcet number="1">420</wcet>
            <maxpow number="0.7095663084071709"/>
            <maxpow number="0.7095663084071709"/>
            <fprob>0.0</fprob>
        </actor>
        <actor name="D0N5">
            <wcet number="0">40</wcet>
            <wcet number="1">50</wcet>
            <maxpow number="0.928813077375753"/>
            <maxpow number="0.928813077375753"/>
            <fprob>0.0</fprob>
        </actor>
        <actor name="D0N42">
            <wcet number="0">150</wcet>
            <wcet number="1">520</wcet>
            <maxpow number="0.699690040305835"/>
            <maxpow number="0.699690040305835"/>
            <fprob>0.0</fprob>
        </actor>
        <actor name="D0N26">
            <wcet number="0">30</wcet>
            <wcet number="1">50</wcet>
            <maxpow number="0.7908178944422333"/>
            <maxpow number="0.7908178944422333"/>
            <fprob>0.0</fprob>
        </actor>
        <actor name="D0N14">
            <wcet number="0">10</wcet>
            <wcet number="1">140</wcet>
            <maxpow number="0.48293374229087577"/>
            <maxpow number="0.48293374229087577"/>
            <fprob>0.0</fprob>
        </actor>
        <actor name="D0N7">
            <wcet number="0">130</wcet>
            <wcet number="1">200</wcet>
            <maxpow number="0.1634465416119048"/>
            <maxpow number="0.1634465416119048"/>
            <fprob>0.0</fprob>
        </actor>
        <actor name="D0N17">
            <wcet number="0">80</wcet>
            <wcet number="1">110</wcet>
            <maxpow number="0.20148766181121514"/>
            <maxpow number="0.20148766181121514"/>
            <fprob>0.0</fprob>
        </actor>
        <actor name="D0N45">
            <wcet number="0">60</wcet>
            <wcet number="1">320</wcet>
            <maxpow number="0.5416367094165746"/>
            <maxpow number="0.5416367094165746"/>
            <fprob>0.0</fprob>
        </actor>
        <actor name="D0N10">
            <wcet number="0">160</wcet>
            <wcet number="1">230</wcet>
            <maxpow number="0.3847604719374456"/>
            <maxpow number="0.3847604719374456"/>
            <fprob>0.0</fprob>
        </actor>
        <actor name="D0N29">
            <wcet number="0">40</wcet>
            <wcet number="1">40</wcet>
            <maxpow number="0.3900152425164217"/>
            <maxpow number="0.3900152425164217"/>
            <fprob>0.0</fprob>
        </actor>
        <actor name="D0N23">
            <wcet number="0">40</wcet>
            <wcet number="1">50</wcet>
            <maxpow number="0.599032217394625"/>
            <maxpow number="0.599032217394625"/>
            <fprob>0.0</fprob>
        </actor>
        <actor name="D0N39">
            <wcet number="0">20</wcet>
            <wcet number="1">20</wcet>
            <maxpow number="0.42989595529097524"/>
            <maxpow number="0.42989595529097524"/>
            <fprob>0.0</fprob>
        </actor>
        <actor name="D0N4">
            <wcet number="0">40</wcet>
            <wcet number="1">250</wcet>
            <maxpow number="0.7099942520414203"/>
            <maxpow number="0.7099942520414203"/>
            <fprob>0.0</fprob>
        </actor>
        <actor name="D0N13">
            <wcet number="0">10</wcet>
            <wcet number="1">10</wcet>
            <maxpow number="0.6105833892609394"/>
            <maxpow number="0.6105833892609394"/>
            <fprob>0.0</fprob>
        </actor>
        <actor name="D0N22">
            <wcet number="0">290</wcet>
            <wcet number="1">390</wcet>
            <maxpow number="0.5079325121943467"/>
            <maxpow number="0.5079325121943467"/>
            <fprob>0.0</fprob>
        </actor>
        <actor name="D0N1">
            <wcet number="0">10</wcet>
            <wcet number="1">30</wcet>
            <maxpow number="0.5134514131779103"/>
            <maxpow number="0.5134514131779103"/>
            <fprob>0.0</fprob>
        </actor>
        <actor name="D0N41">
            <wcet number="0">20</wcet>
            <wcet number="1">50</wcet>
            <maxpow number="0.6896216701930648"/>
            <maxpow number="0.6896216701930648"/>
            <fprob>0.0</fprob>
        </actor>
        <ports>
            <port dstActor="D0N39" name="p0" srcActor="D0N34"/>
            <port dstActor="D0N38" name="p1" srcActor="D0N34"/>
            <port dstActor="D0N39" name="p2" srcActor="D0N31"/>
            <port dstActor="D0N42" name="p3" srcActor="D0N31"/>
            <port dstActor="D0N34" name="p4" srcActor="D0N31"/>
            <port dstActor="D0N20" name="p5" srcActor="D0N3"/>
            <port dstActor="D0N47" name="p6" srcActor="D0N30"/>
            <port dstActor="D0N45" name="p7" srcActor="D0N18"/>
            <port dstActor="D0N38" name="p8" srcActor="D0N18"/>
            <port dstActor="D0N21" name="p9" srcActor="D0N18"/>
            <port dstActor="D0N33" name="p10" srcActor="D0N18"/>
            <port dstActor="D0N44" name="p11" srcActor="D0N19"/>
            <port dstActor="D0N42" name="p12" srcActor="D0N19"/>
            <port dstActor="D0N33" name="p13" srcActor="D0N19"/>
            <port dstActor="D0N40" name="p14" srcActor="D0N19"/>
            <port dstActor="D0N48" name="p15" srcActor="D0N27"/>
            <port dstActor="D0N33" name="p16" srcActor="D0N27"/>
            <port dstActor="D0N17" name="p17" srcActor="D0N11"/>
            <port dstActor="D0N42" name="p18" srcActor="D0N11"/>
            <port dstActor="D0N46" name="p19" srcActor="D0N11"/>
            <port dstActor="D0N48" name="p20" srcActor="D0N11"/>
            <port dstActor="D0N14" name="p21" srcActor="D0N11"/>
            <port dstActor="D0N25" name="p22" srcActor="D0N11"/>
            <port dstActor="D0N33" name="p23" srcActor="D0N9"/>
            <port dstActor="D0N44" name="p24" srcActor="D0N9"/>
            <port dstActor="D0N35" name="p25" srcActor="D0N9"/>
            <port dstActor="D0N16" name="p26" srcActor="D0N8"/>
            <port dstActor="D0N20" name="p27" srcActor="D0N8"/>
            <port dstActor="D0N28" name="p28" srcActor="D0N8"/>
            <port dstActor="D0N13" name="p29" srcActor="D0N8"/>
            <port dstActor="D0N36" name="p30" srcActor="D0N33"/>
            <port dstActor="D0N23" name="p31" srcActor="D0N6"/>
            <port dstActor="D0N38" name="p32" srcActor="D0N6"/>
            <port dstActor="D0N22" name="p33" srcActor="D0N6"/>
            <port dstActor="D0N42" name="p34" srcActor="D0N6"/>
            <port dstActor="D0N26" name="p35" srcActor="D0N25"/>
            <port dstActor="D0N37" name="p36" srcActor="D0N25"/>
            <port dstActor="D0N46" name="p37" srcActor="D0N43"/>
            <port dstActor="D0N10" name="p38" srcActor="D0N2"/>
            <port dstActor="D0N27" name="p39" srcActor="D0N2"/>
            <port dstActor="D0N47" name="p40" srcActor="D0N2"/>
            <port dstActor="D0N3" name="p41" srcActor="D0N2"/>
            <port dstActor="D0N7" name="p42" srcActor="D0N2"/>
            <port dstActor="D0N25" name="p43" srcActor="D0N16"/>
            <port dstActor="D0N43" name="p44" srcActor="D0N16"/>
            <port dstActor="D0N44" name="p45" srcActor="D0N16"/>
            <port dstActor="D0N26" name="p46" srcActor="D0N24"/>
            <port dstActor="D0N29" name="p47" srcActor="D0N24"/>
            <port dstActor="D0N37" name="p48" srcActor="D0N24"/>
            <port dstActor="D0N44" name="p49" srcActor="D0N35"/>
            <port dstActor="D0N47" name="p50" srcActor="D0N32"/>
            <port dstActor="D0N33" name="p51" srcActor="D0N32"/>
            <port dstActor="D0N40" name="p52" srcActor="D0N32"/>
            <port dstActor="D0N43" name="p53" srcActor="D0N0"/>
            <port dstActor="D0N29" name="p54" srcActor="D0N0"/>
            <port dstActor="D0N31" name="p55" srcActor="D0N0"/>
            <port dstActor="D0N23" name="p56" srcActor="D0N0"/>
            <port dstActor="D0N42" name="p57" srcActor="D0N40"/>
            <port dstActor="D0N47" name="p58" srcActor="D0N21"/>
            <port dstActor="D0N24" name="p59" srcActor="D0N21"/>
            <port dstActor="D0N40" name="p60" srcActor="D0N21"/>
            <port dstActor="D0N48" name="p61" srcActor="D0N21"/>
            <port dstActor="D0N47" name="p62" srcActor="D0N20"/>
            <port dstActor="D0N38" name="p63" srcActor="D0N20"/>
            <port dstActor="D0N42" name="p64" srcActor="D0N20"/>
            <port dstActor="D0N24" name="p65" srcActor="D0N20"/>
            <port dstActor="D0N41" name="p66" srcActor="D0N37"/>
            <port dstActor="D0N48" name="p67" srcActor="D0N15"/>
            <port dstActor="D0N39" name="p68" srcActor="D0N15"/>
            <port dstActor="D0N25" name="p69" srcActor="D0N12"/>
            <port dstActor="D0N32" name="p70" srcActor="D0N12"/>
            <port dstActor="D0N45" name="p71" srcActor="D0N12"/>
            <port dstActor="D0N22" name="p72" srcActor="D0N12"/>
            <port dstActor="D0N45" name="p73" srcActor="D0N5"/>
            <port dstActor="D0N30" name="p74" srcActor="D0N5"/>
            <port dstActor="D0N18" name="p75" srcActor="D0N5"/>
            <port dstActor="D0N15" name="p76" srcActor="D0N5"/>
            <port dstActor="D0N44" name="p77" srcActor="D0N42"/>
            <port dstActor="D0N35" name="p78" srcActor="D0N26"/>
            <port dstActor="D0N39" name="p79" srcActor="D0N26"/>
            <port dstActor="D0N16" name="p80" srcActor="D0N14"/>
            <port dstActor="D0N17" name="p81" srcActor="D0N14"/>
            <port dstActor="D0N32" name="p82" srcActor="D0N14"/>
            <port dstActor="D0N28" name="p83" srcActor="D0N14"/>
            <port dstActor="D0N42" name="p84" srcActor="D0N14"/>
            <port dstActor="D0N18" name="p85" srcActor="D0N14"/>
            <port dstActor="D0N37" name="p86" srcActor="D0N14"/>
            <port dstActor="D0N11" name="p87" srcActor="D0N7"/>
            <port dstActor="D0N9" name="p88" srcActor="D0N7"/>
            <port dstActor="D0N14" name="p89" srcActor="D0N7"/>
            <port dstActor="D0N47" name="p90" srcActor="D0N7"/>
            <port dstActor="D0N47" name="p91" srcActor="D0N17"/>
            <port dstActor="D0N45" name="p92" srcActor="D0N17"/>
            <port dstActor="D0N33" name="p93" srcActor="D0N10"/>
            <port dstActor="D0N39" name="p94" srcActor="D0N10"/>
            <port dstActor="D0N23" name="p95" srcActor="D0N10"/>
            <port dstActor="D0N35" name="p96" srcActor="D0N29"/>
            <port dstActor="D0N38" name="p97" srcActor="D0N29"/>
            <port dstActor="D0N47" name="p98" srcActor="D0N29"/>
            <port dstActor="D0N32" name="p99" srcActor="D0N29"/>
            <port dstActor="D0N25" name="p100" srcActor="D0N23"/>
            <port dstActor="D0N42" name="p101" srcActor="D0N23"/>
            <port dstActor="D0N48" name="p102" srcActor="D0N23"/>
            <port dstActor="D0N38" name="p103" srcActor="D0N23"/>
            <port dstActor="D0N46" name="p104" srcActor="D0N39"/>
            <port dstActor="D0N35" name="p105" srcActor="D0N4"/>
            <port dstActor="D0N28" name="p106" srcActor="D0N4"/>
            <port dstActor="D0N38" name="p107" srcActor="D0N4"/>
            <port dstActor="D0N26" name="p108" srcActor="D0N4"/>
            <port dstActor="D0N40" name="p109" srcActor="D0N4"/>
            <port dstActor="D0N33" name="p110" srcActor="D0N13"/>
            <port dstActor="D0N14" name="p111" srcActor="D0N13"/>
            <port dstActor="D0N32" name="p112" srcActor="D0N13"/>
            <port dstActor="D0N25" name="p113" srcActor="D0N13"/>
            <port dstActor="D0N24" name="p114" srcActor="D0N22"/>
            <port dstActor="D0N26" name="p115" srcActor="D0N22"/>
            <port dstActor="D0N42" name="p116" srcActor="D0N22"/>
            <port dstActor="D0N34" name="p117" srcActor="D0N22"/>
            <port dstActor="D0N13" name="p118" srcActor="D0N1"/>
            <port dstActor="D0N39" name="p119" srcActor="D0N1"/>
            <port dstActor="D0N15" name="p120" srcActor="D0N1"/>
            <port dstActor="D0N47" name="p121" srcActor="D0N41"/>
        </ports>
    </mcdag>
    <cores number="3"/>
    <levels number="2"/>
</mcsystem>
