<?xml version="1.0" encoding="UTF-8" standalone="no"?>
<mcsystem>
    <mcdag deadline="1000" name="genned-0-ed-10.0-0">
        <actor name="D0N35">
            <wcet number="0">10</wcet>
            <wcet number="1">10</wcet>
            <maxpow number="0.6156627887178823"/>
            <maxpow number="0.6156627887178823"/>
            <fprob>0.0</fprob>
        </actor>
        <actor name="D0N11">
            <wcet number="0">40</wcet>
            <wcet number="1">70</wcet>
            <maxpow number="0.5627385349602047"/>
            <maxpow number="0.5627385349602047"/>
            <fprob>0.0</fprob>
        </actor>
        <actor name="D0N14">
            <wcet number="0">10</wcet>
            <wcet number="1">40</wcet>
            <maxpow number="0.8176153169729049"/>
            <maxpow number="0.8176153169729049"/>
            <fprob>0.0</fprob>
        </actor>
        <actor name="D0N17">
            <wcet number="0">40</wcet>
            <wcet number="1">40</wcet>
            <maxpow number="0.35221780549351533"/>
            <maxpow number="0.35221780549351533"/>
            <fprob>0.0</fprob>
        </actor>
        <actor name="D0N4">
            <wcet number="0">10</wcet>
            <wcet number="1">10</wcet>
            <maxpow number="0.6079184697497536"/>
            <maxpow number="0.6079184697497536"/>
            <fprob>0.0</fprob>
        </actor>
        <actor name="D0N12">
            <wcet number="0">210</wcet>
            <wcet number="1">210</wcet>
            <maxpow number="0.4775420812528204"/>
            <maxpow number="0.4775420812528204"/>
            <fprob>0.0</fprob>
        </actor>
        <actor name="D0N9">
            <wcet number="0">110</wcet>
            <wcet number="1">160</wcet>
            <maxpow number="0.5654224228017998"/>
            <maxpow number="0.5654224228017998"/>
            <fprob>0.0</fprob>
        </actor>
        <actor name="D0N13">
            <wcet number="0">10</wcet>
            <wcet number="1">20</wcet>
            <maxpow number="0.3665341154600582"/>
            <maxpow number="0.3665341154600582"/>
            <fprob>0.0</fprob>
        </actor>
        <actor name="D0N18">
            <wcet number="0">30</wcet>
            <wcet number="1">60</wcet>
            <maxpow number="0.2015947620284868"/>
            <maxpow number="0.2015947620284868"/>
            <fprob>0.0</fprob>
        </actor>
        <actor name="D0N38">
            <wcet number="0">10</wcet>
            <wcet number="1">10</wcet>
            <maxpow number="0.43391109354900825"/>
            <maxpow number="0.43391109354900825"/>
            <fprob>0.0</fprob>
        </actor>
        <actor name="D0N26">
            <wcet number="0">10</wcet>
            <wcet number="1">50</wcet>
            <maxpow number="0.6111326002033443"/>
            <maxpow number="0.6111326002033443"/>
            <fprob>0.0</fprob>
        </actor>
        <actor name="D0N28">
            <wcet number="0">90</wcet>
            <wcet number="1">120</wcet>
            <maxpow number="0.2612554717447438"/>
            <maxpow number="0.2612554717447438"/>
            <fprob>0.0</fprob>
        </actor>
        <actor name="D0N39">
            <wcet number="0">30</wcet>
            <wcet number="1">50</wcet>
            <maxpow number="0.6306080685619657"/>
            <maxpow number="0.6306080685619657"/>
            <fprob>0.0</fprob>
        </actor>
        <actor name="D0N19">
            <wcet number="0">20</wcet>
            <wcet number="1">30</wcet>
            <maxpow number="0.7228653672350542"/>
            <maxpow number="0.7228653672350542"/>
            <fprob>0.0</fprob>
        </actor>
        <actor name="D0N7">
            <wcet number="0">10</wcet>
            <wcet number="1">130</wcet>
            <maxpow number="0.5092200593525033"/>
            <maxpow number="0.5092200593525033"/>
            <fprob>0.0</fprob>
        </actor>
        <actor name="D0N22">
            <wcet number="0">40</wcet>
            <wcet number="1">50</wcet>
            <maxpow number="0.38113785884520357"/>
            <maxpow number="0.38113785884520357"/>
            <fprob>0.0</fprob>
        </actor>
        <actor name="D0N44">
            <wcet number="0">30</wcet>
            <wcet number="1">30</wcet>
            <maxpow number="0.7039485561696551"/>
            <maxpow number="0.7039485561696551"/>
            <fprob>0.0</fprob>
        </actor>
        <actor name="D0N34">
            <wcet number="0">30</wcet>
            <wcet number="1">50</wcet>
            <maxpow number="0.7458375089039826"/>
            <maxpow number="0.7458375089039826"/>
            <fprob>0.0</fprob>
        </actor>
        <actor name="D0N46">
            <wcet number="0">20</wcet>
            <wcet number="1">30</wcet>
            <maxpow number="0.23869869490292295"/>
            <maxpow number="0.23869869490292295"/>
            <fprob>0.0</fprob>
        </actor>
        <actor name="D0N8">
            <wcet number="0">30</wcet>
            <wcet number="1">30</wcet>
            <maxpow number="0.535790125060804"/>
            <maxpow number="0.535790125060804"/>
            <fprob>0.0</fprob>
        </actor>
        <actor name="D0N30">
            <wcet number="0">10</wcet>
            <wcet number="1">20</wcet>
            <maxpow number="0.7131456567543079"/>
            <maxpow number="0.7131456567543079"/>
            <fprob>0.0</fprob>
        </actor>
        <actor name="D0N41">
            <wcet number="0">30</wcet>
            <wcet number="1">40</wcet>
            <maxpow number="0.6811372352600802"/>
            <maxpow number="0.6811372352600802"/>
            <fprob>0.0</fprob>
        </actor>
        <actor name="D0N10">
            <wcet number="0">10</wcet>
            <wcet number="1">20</wcet>
            <maxpow number="0.5712103557859106"/>
            <maxpow number="0.5712103557859106"/>
            <fprob>0.0</fprob>
        </actor>
        <actor name="D0N24">
            <wcet number="0">10</wcet>
            <wcet number="1">10</wcet>
            <maxpow number="0.6297789758675281"/>
            <maxpow number="0.6297789758675281"/>
            <fprob>0.0</fprob>
        </actor>
        <actor name="D0N23">
            <wcet number="0">10</wcet>
            <wcet number="1">20</wcet>
            <maxpow number="0.380668573949848"/>
            <maxpow number="0.380668573949848"/>
            <fprob>0.0</fprob>
        </actor>
        <actor name="D0N27">
            <wcet number="0">170</wcet>
            <wcet number="1">170</wcet>
            <maxpow number="0.5998745328520619"/>
            <maxpow number="0.5998745328520619"/>
            <fprob>0.0</fprob>
        </actor>
        <actor name="D0N21">
            <wcet number="0">10</wcet>
            <wcet number="1">20</wcet>
            <maxpow number="0.4386805604810125"/>
            <maxpow number="0.4386805604810125"/>
            <fprob>0.0</fprob>
        </actor>
        <actor name="D0N20">
            <wcet number="0">130</wcet>
            <wcet number="1">140</wcet>
            <maxpow number="0.3627115757053009"/>
            <maxpow number="0.3627115757053009"/>
            <fprob>0.0</fprob>
        </actor>
        <actor name="D0N25">
            <wcet number="0">80</wcet>
            <wcet number="1">90</wcet>
            <maxpow number="0.6124279613280396"/>
            <maxpow number="0.6124279613280396"/>
            <fprob>0.0</fprob>
        </actor>
        <actor name="D0N36">
            <wcet number="0">80</wcet>
            <wcet number="1">80</wcet>
            <maxpow number="0.5270786465455114"/>
            <maxpow number="0.5270786465455114"/>
            <fprob>0.0</fprob>
        </actor>
        <actor name="D0N42">
            <wcet number="0">50</wcet>
            <wcet number="1">50</wcet>
            <maxpow number="0.39002525041286307"/>
            <maxpow number="0.39002525041286307"/>
            <fprob>0.0</fprob>
        </actor>
        <actor name="D0N2">
            <wcet number="0">10</wcet>
            <wcet number="1">20</wcet>
            <maxpow number="0.6975453599596317"/>
            <maxpow number="0.6975453599596317"/>
            <fprob>0.0</fprob>
        </actor>
        <actor name="D0N31">
            <wcet number="0">90</wcet>
            <wcet number="1">100</wcet>
            <maxpow number="0.6575691876972929"/>
            <maxpow number="0.6575691876972929"/>
            <fprob>0.0</fprob>
        </actor>
        <actor name="D0N6">
            <wcet number="0">20</wcet>
            <wcet number="1">40</wcet>
            <maxpow number="0.9446380557568241"/>
            <maxpow number="0.9446380557568241"/>
            <fprob>0.0</fprob>
        </actor>
        <actor name="D0N0">
            <wcet number="0">20</wcet>
            <wcet number="1">30</wcet>
            <maxpow number="0.6490360066621668"/>
            <maxpow number="0.6490360066621668"/>
            <fprob>0.0</fprob>
        </actor>
        <actor name="D0N43">
            <wcet number="0">20</wcet>
            <wcet number="1">70</wcet>
            <maxpow number="0.6258550411894258"/>
            <maxpow number="0.6258550411894258"/>
            <fprob>0.0</fprob>
        </actor>
        <actor name="D0N15">
            <wcet number="0">80</wcet>
            <wcet number="1">100</wcet>
            <maxpow number="0.5677254037746728"/>
            <maxpow number="0.5677254037746728"/>
            <fprob>0.0</fprob>
        </actor>
        <actor name="D0N33">
            <wcet number="0">30</wcet>
            <wcet number="1">30</wcet>
            <maxpow number="0.8165668437100151"/>
            <maxpow number="0.8165668437100151"/>
            <fprob>0.0</fprob>
        </actor>
        <actor name="D0N16">
            <wcet number="0">70</wcet>
            <wcet number="1">130</wcet>
            <maxpow number="0.6587391177131655"/>
            <maxpow number="0.6587391177131655"/>
            <fprob>0.0</fprob>
        </actor>
        <actor name="D0N29">
            <wcet number="0">20</wcet>
            <wcet number="1">90</wcet>
            <maxpow number="0.8459696805437769"/>
            <maxpow number="0.8459696805437769"/>
            <fprob>0.0</fprob>
        </actor>
        <actor name="D0N40">
            <wcet number="0">10</wcet>
            <wcet number="1">20</wcet>
            <maxpow number="0.5507943349855671"/>
            <maxpow number="0.5507943349855671"/>
            <fprob>0.0</fprob>
        </actor>
        <actor name="D0N32">
            <wcet number="0">80</wcet>
            <wcet number="1">80</wcet>
            <maxpow number="0.40573659791218575"/>
            <maxpow number="0.40573659791218575"/>
            <fprob>0.0</fprob>
        </actor>
        <actor name="D0N37">
            <wcet number="0">20</wcet>
            <wcet number="1">20</wcet>
            <maxpow number="0.5368203321206559"/>
            <maxpow number="0.5368203321206559"/>
            <fprob>0.0</fprob>
        </actor>
        <actor name="D0N1">
            <wcet number="0">30</wcet>
            <wcet number="1">90</wcet>
            <maxpow number="0.4162828591733928"/>
            <maxpow number="0.4162828591733928"/>
            <fprob>0.0</fprob>
        </actor>
        <actor name="D0N5">
            <wcet number="0">10</wcet>
            <wcet number="1">70</wcet>
            <maxpow number="0.9145972560686851"/>
            <maxpow number="0.9145972560686851"/>
            <fprob>0.0</fprob>
        </actor>
        <actor name="D0N3">
            <wcet number="0">10</wcet>
            <wcet number="1">40</wcet>
            <maxpow number="0.1350611737653647"/>
            <maxpow number="0.1350611737653647"/>
            <fprob>0.0</fprob>
        </actor>
        <actor name="D0N45">
            <wcet number="0">40</wcet>
            <wcet number="1">110</wcet>
            <maxpow number="0.5689939681749483"/>
            <maxpow number="0.5689939681749483"/>
            <fprob>0.0</fprob>
        </actor>
        <ports>
            <port dstActor="D0N16" name="p0" srcActor="D0N11"/>
            <port dstActor="D0N34" name="p1" srcActor="D0N11"/>
            <port dstActor="D0N14" name="p2" srcActor="D0N11"/>
            <port dstActor="D0N20" name="p3" srcActor="D0N11"/>
            <port dstActor="D0N25" name="p4" srcActor="D0N14"/>
            <port dstActor="D0N33" name="p5" srcActor="D0N14"/>
            <port dstActor="D0N36" name="p6" srcActor="D0N14"/>
            <port dstActor="D0N18" name="p7" srcActor="D0N14"/>
            <port dstActor="D0N46" name="p8" srcActor="D0N17"/>
            <port dstActor="D0N24" name="p9" srcActor="D0N17"/>
            <port dstActor="D0N43" name="p10" srcActor="D0N17"/>
            <port dstActor="D0N45" name="p11" srcActor="D0N4"/>
            <port dstActor="D0N46" name="p12" srcActor="D0N4"/>
            <port dstActor="D0N22" name="p13" srcActor="D0N4"/>
            <port dstActor="D0N36" name="p14" srcActor="D0N12"/>
            <port dstActor="D0N29" name="p15" srcActor="D0N12"/>
            <port dstActor="D0N44" name="p16" srcActor="D0N12"/>
            <port dstActor="D0N38" name="p17" srcActor="D0N9"/>
            <port dstActor="D0N19" name="p18" srcActor="D0N9"/>
            <port dstActor="D0N24" name="p19" srcActor="D0N9"/>
            <port dstActor="D0N41" name="p20" srcActor="D0N9"/>
            <port dstActor="D0N12" name="p21" srcActor="D0N9"/>
            <port dstActor="D0N34" name="p22" srcActor="D0N13"/>
            <port dstActor="D0N43" name="p23" srcActor="D0N13"/>
            <port dstActor="D0N22" name="p24" srcActor="D0N13"/>
            <port dstActor="D0N26" name="p25" srcActor="D0N18"/>
            <port dstActor="D0N36" name="p26" srcActor="D0N18"/>
            <port dstActor="D0N32" name="p27" srcActor="D0N26"/>
            <port dstActor="D0N28" name="p28" srcActor="D0N26"/>
            <port dstActor="D0N45" name="p29" srcActor="D0N26"/>
            <port dstActor="D0N43" name="p30" srcActor="D0N26"/>
            <port dstActor="D0N45" name="p31" srcActor="D0N19"/>
            <port dstActor="D0N34" name="p32" srcActor="D0N7"/>
            <port dstActor="D0N20" name="p33" srcActor="D0N7"/>
            <port dstActor="D0N15" name="p34" srcActor="D0N7"/>
            <port dstActor="D0N45" name="p35" srcActor="D0N22"/>
            <port dstActor="D0N32" name="p36" srcActor="D0N22"/>
            <port dstActor="D0N23" name="p37" srcActor="D0N22"/>
            <port dstActor="D0N30" name="p38" srcActor="D0N22"/>
            <port dstActor="D0N38" name="p39" srcActor="D0N22"/>
            <port dstActor="D0N45" name="p40" srcActor="D0N44"/>
            <port dstActor="D0N36" name="p41" srcActor="D0N34"/>
            <port dstActor="D0N43" name="p42" srcActor="D0N34"/>
            <port dstActor="D0N27" name="p43" srcActor="D0N8"/>
            <port dstActor="D0N13" name="p44" srcActor="D0N8"/>
            <port dstActor="D0N30" name="p45" srcActor="D0N8"/>
            <port dstActor="D0N35" name="p46" srcActor="D0N30"/>
            <port dstActor="D0N14" name="p47" srcActor="D0N10"/>
            <port dstActor="D0N40" name="p48" srcActor="D0N10"/>
            <port dstActor="D0N28" name="p49" srcActor="D0N10"/>
            <port dstActor="D0N26" name="p50" srcActor="D0N10"/>
            <port dstActor="D0N45" name="p51" srcActor="D0N24"/>
            <port dstActor="D0N31" name="p52" srcActor="D0N27"/>
            <port dstActor="D0N39" name="p53" srcActor="D0N27"/>
            <port dstActor="D0N34" name="p54" srcActor="D0N21"/>
            <port dstActor="D0N26" name="p55" srcActor="D0N21"/>
            <port dstActor="D0N45" name="p56" srcActor="D0N21"/>
            <port dstActor="D0N36" name="p57" srcActor="D0N21"/>
            <port dstActor="D0N35" name="p58" srcActor="D0N21"/>
            <port dstActor="D0N29" name="p59" srcActor="D0N20"/>
            <port dstActor="D0N40" name="p60" srcActor="D0N20"/>
            <port dstActor="D0N32" name="p61" srcActor="D0N25"/>
            <port dstActor="D0N46" name="p62" srcActor="D0N25"/>
            <port dstActor="D0N30" name="p63" srcActor="D0N25"/>
            <port dstActor="D0N33" name="p64" srcActor="D0N25"/>
            <port dstActor="D0N43" name="p65" srcActor="D0N2"/>
            <port dstActor="D0N9" name="p66" srcActor="D0N2"/>
            <port dstActor="D0N37" name="p67" srcActor="D0N2"/>
            <port dstActor="D0N38" name="p68" srcActor="D0N31"/>
            <port dstActor="D0N36" name="p69" srcActor="D0N31"/>
            <port dstActor="D0N44" name="p70" srcActor="D0N6"/>
            <port dstActor="D0N20" name="p71" srcActor="D0N6"/>
            <port dstActor="D0N15" name="p72" srcActor="D0N0"/>
            <port dstActor="D0N45" name="p73" srcActor="D0N0"/>
            <port dstActor="D0N37" name="p74" srcActor="D0N15"/>
            <port dstActor="D0N22" name="p75" srcActor="D0N15"/>
            <port dstActor="D0N19" name="p76" srcActor="D0N15"/>
            <port dstActor="D0N24" name="p77" srcActor="D0N15"/>
            <port dstActor="D0N32" name="p78" srcActor="D0N15"/>
            <port dstActor="D0N43" name="p79" srcActor="D0N16"/>
            <port dstActor="D0N42" name="p80" srcActor="D0N16"/>
            <port dstActor="D0N37" name="p81" srcActor="D0N29"/>
            <port dstActor="D0N45" name="p82" srcActor="D0N29"/>
            <port dstActor="D0N34" name="p83" srcActor="D0N29"/>
            <port dstActor="D0N36" name="p84" srcActor="D0N29"/>
            <port dstActor="D0N36" name="p85" srcActor="D0N1"/>
            <port dstActor="D0N15" name="p86" srcActor="D0N1"/>
            <port dstActor="D0N46" name="p87" srcActor="D0N1"/>
            <port dstActor="D0N26" name="p88" srcActor="D0N1"/>
            <port dstActor="D0N26" name="p89" srcActor="D0N5"/>
            <port dstActor="D0N23" name="p90" srcActor="D0N5"/>
            <port dstActor="D0N38" name="p91" srcActor="D0N5"/>
            <port dstActor="D0N35" name="p92" srcActor="D0N5"/>
            <port dstActor="D0N18" name="p93" srcActor="D0N5"/>
            <port dstActor="D0N37" name="p94" srcActor="D0N5"/>
            <port dstActor="D0N29" name="p95" srcActor="D0N3"/>
            <port dstActor="D0N23" name="p96" srcActor="D0N3"/>
            <port dstActor="D0N42" name="p97" srcActor="D0N3"/>
            <port dstActor="D0N25" name="p98" srcActor="D0N3"/>
            <port dstActor="D0N46" name="p99" srcActor="D0N45"/>
        </ports>
    </mcdag>
    <cores number="3"/>
    <levels number="2"/>
</mcsystem>
