<?xml version="1.0" encoding="UTF-8" standalone="no"?>
<mcsystem>
    <mcdag deadline="3000" name="genned-0-ed-10.0-0">
        <actor name="D0N8">
            <wcet number="0">40</wcet>
            <wcet number="1">40</wcet>
            <maxpow number="0.013531001603041992"/>
            <maxpow number="0.013531001603041992"/>
            <fprob>0.0</fprob>
        </actor>
        <actor name="D0N3">
            <wcet number="0">270</wcet>
            <wcet number="1">300</wcet>
            <maxpow number="0.3137104501375081"/>
            <maxpow number="0.3137104501375081"/>
            <fprob>0.0</fprob>
        </actor>
        <actor name="D0N12">
            <wcet number="0">20</wcet>
            <wcet number="1">30</wcet>
            <maxpow number="0.43063838628848067"/>
            <maxpow number="0.43063838628848067"/>
            <fprob>0.0</fprob>
        </actor>
        <actor name="D0N47">
            <wcet number="0">10</wcet>
            <wcet number="1">80</wcet>
            <maxpow number="0.40330011532926735"/>
            <maxpow number="0.40330011532926735"/>
            <fprob>0.0</fprob>
        </actor>
        <actor name="D0N35">
            <wcet number="0">30</wcet>
            <wcet number="1">160</wcet>
            <maxpow number="0.9191555883603288"/>
            <maxpow number="0.9191555883603288"/>
            <fprob>0.0</fprob>
        </actor>
        <actor name="D0N20">
            <wcet number="0">50</wcet>
            <wcet number="1">50</wcet>
            <maxpow number="0.5315139110790427"/>
            <maxpow number="0.5315139110790427"/>
            <fprob>0.0</fprob>
        </actor>
        <actor name="D0N42">
            <wcet number="0">40</wcet>
            <wcet number="1">110</wcet>
            <maxpow number="0.290382259452624"/>
            <maxpow number="0.290382259452624"/>
            <fprob>0.0</fprob>
        </actor>
        <actor name="D0N11">
            <wcet number="0">20</wcet>
            <wcet number="1">50</wcet>
            <maxpow number="0.8233492947596939"/>
            <maxpow number="0.8233492947596939"/>
            <fprob>0.0</fprob>
        </actor>
        <actor name="D0N34">
            <wcet number="0">260</wcet>
            <wcet number="1">510</wcet>
            <maxpow number="0.517004578890968"/>
            <maxpow number="0.517004578890968"/>
            <fprob>0.0</fprob>
        </actor>
        <actor name="D0N17">
            <wcet number="0">90</wcet>
            <wcet number="1">330</wcet>
            <maxpow number="0.7398533846964545"/>
            <maxpow number="0.7398533846964545"/>
            <fprob>0.0</fprob>
        </actor>
        <actor name="D0N14">
            <wcet number="0">50</wcet>
            <wcet number="1">50</wcet>
            <maxpow number="0.6162569865776741"/>
            <maxpow number="0.6162569865776741"/>
            <fprob>0.0</fprob>
        </actor>
        <actor name="D0N26">
            <wcet number="0">10</wcet>
            <wcet number="1">20</wcet>
            <maxpow number="0.41424263856400456"/>
            <maxpow number="0.41424263856400456"/>
            <fprob>0.0</fprob>
        </actor>
        <actor name="D0N43">
            <wcet number="0">260</wcet>
            <wcet number="1">290</wcet>
            <maxpow number="0.649841515402822"/>
            <maxpow number="0.649841515402822"/>
            <fprob>0.0</fprob>
        </actor>
        <actor name="D0N15">
            <wcet number="0">350</wcet>
            <wcet number="1">410</wcet>
            <maxpow number="0.9242387430470593"/>
            <maxpow number="0.9242387430470593"/>
            <fprob>0.0</fprob>
        </actor>
        <actor name="D0N36">
            <wcet number="0">170</wcet>
            <wcet number="1">170</wcet>
            <maxpow number="0.516756962054873"/>
            <maxpow number="0.516756962054873"/>
            <fprob>0.0</fprob>
        </actor>
        <actor name="D0N5">
            <wcet number="0">10</wcet>
            <wcet number="1">20</wcet>
            <maxpow number="0.7277263496463591"/>
            <maxpow number="0.7277263496463591"/>
            <fprob>0.0</fprob>
        </actor>
        <actor name="D0N4">
            <wcet number="0">10</wcet>
            <wcet number="1">10</wcet>
            <maxpow number="0.36109167786251883"/>
            <maxpow number="0.36109167786251883"/>
            <fprob>0.0</fprob>
        </actor>
        <actor name="D0N21">
            <wcet number="0">200</wcet>
            <wcet number="1">430</wcet>
            <maxpow number="0.43998517041704044"/>
            <maxpow number="0.43998517041704044"/>
            <fprob>0.0</fprob>
        </actor>
        <actor name="D0N27">
            <wcet number="0">30</wcet>
            <wcet number="1">80</wcet>
            <maxpow number="0.5606927564202275"/>
            <maxpow number="0.5606927564202275"/>
            <fprob>0.0</fprob>
        </actor>
        <actor name="D0N7">
            <wcet number="0">40</wcet>
            <wcet number="1">40</wcet>
            <maxpow number="0.48546134944672725"/>
            <maxpow number="0.48546134944672725"/>
            <fprob>0.0</fprob>
        </actor>
        <actor name="D0N2">
            <wcet number="0">80</wcet>
            <wcet number="1">80</wcet>
            <maxpow number="0.6960422227420117"/>
            <maxpow number="0.6960422227420117"/>
            <fprob>0.0</fprob>
        </actor>
        <actor name="D0N33">
            <wcet number="0">70</wcet>
            <wcet number="1">100</wcet>
            <maxpow number="0.4562754223867347"/>
            <maxpow number="0.4562754223867347"/>
            <fprob>0.0</fprob>
        </actor>
        <actor name="D0N44">
            <wcet number="0">120</wcet>
            <wcet number="1">230</wcet>
            <maxpow number="0.5687492427302586"/>
            <maxpow number="0.5687492427302586"/>
            <fprob>0.0</fprob>
        </actor>
        <actor name="D0N31">
            <wcet number="0">130</wcet>
            <wcet number="1">390</wcet>
            <maxpow number="0.5655438647370481"/>
            <maxpow number="0.5655438647370481"/>
            <fprob>0.0</fprob>
        </actor>
        <actor name="D0N9">
            <wcet number="0">90</wcet>
            <wcet number="1">270</wcet>
            <maxpow number="0.6097965770487335"/>
            <maxpow number="0.6097965770487335"/>
            <fprob>0.0</fprob>
        </actor>
        <actor name="D0N18">
            <wcet number="0">60</wcet>
            <wcet number="1">90</wcet>
            <maxpow number="0.6257428739136247"/>
            <maxpow number="0.6257428739136247"/>
            <fprob>0.0</fprob>
        </actor>
        <actor name="D0N1">
            <wcet number="0">100</wcet>
            <wcet number="1">380</wcet>
            <maxpow number="0.8233853634342976"/>
            <maxpow number="0.8233853634342976"/>
            <fprob>0.0</fprob>
        </actor>
        <actor name="D0N45">
            <wcet number="0">20</wcet>
            <wcet number="1">220</wcet>
            <maxpow number="0.24538010604446758"/>
            <maxpow number="0.24538010604446758"/>
            <fprob>0.0</fprob>
        </actor>
        <actor name="D0N29">
            <wcet number="0">150</wcet>
            <wcet number="1">190</wcet>
            <maxpow number="0.569381208686692"/>
            <maxpow number="0.569381208686692"/>
            <fprob>0.0</fprob>
        </actor>
        <actor name="D0N25">
            <wcet number="0">10</wcet>
            <wcet number="1">10</wcet>
            <maxpow number="0.33770831953050906"/>
            <maxpow number="0.33770831953050906"/>
            <fprob>0.0</fprob>
        </actor>
        <actor name="D0N10">
            <wcet number="0">30</wcet>
            <wcet number="1">90</wcet>
            <maxpow number="0.5517693094274732"/>
            <maxpow number="0.5517693094274732"/>
            <fprob>0.0</fprob>
        </actor>
        <actor name="D0N19">
            <wcet number="0">10</wcet>
            <wcet number="1">30</wcet>
            <maxpow number="0.4125816612018025"/>
            <maxpow number="0.4125816612018025"/>
            <fprob>0.0</fprob>
        </actor>
        <actor name="D0N6">
            <wcet number="0">40</wcet>
            <wcet number="1">100</wcet>
            <maxpow number="0.5054344393634704"/>
            <maxpow number="0.5054344393634704"/>
            <fprob>0.0</fprob>
        </actor>
        <actor name="D0N30">
            <wcet number="0">60</wcet>
            <wcet number="1">80</wcet>
            <maxpow number="0.6094755443759152"/>
            <maxpow number="0.6094755443759152"/>
            <fprob>0.0</fprob>
        </actor>
        <actor name="D0N24">
            <wcet number="0">20</wcet>
            <wcet number="1">40</wcet>
            <maxpow number="0.6314869184570768"/>
            <maxpow number="0.6314869184570768"/>
            <fprob>0.0</fprob>
        </actor>
        <actor name="D0N38">
            <wcet number="0">10</wcet>
            <wcet number="1">30</wcet>
            <maxpow number="0.53920244419468"/>
            <maxpow number="0.53920244419468"/>
            <fprob>0.0</fprob>
        </actor>
        <actor name="D0N0">
            <wcet number="0">110</wcet>
            <wcet number="1">110</wcet>
            <maxpow number="0.3750453466059258"/>
            <maxpow number="0.3750453466059258"/>
            <fprob>0.0</fprob>
        </actor>
        <actor name="D0N39">
            <wcet number="0">40</wcet>
            <wcet number="1">50</wcet>
            <maxpow number="0.5569891871509004"/>
            <maxpow number="0.5569891871509004"/>
            <fprob>0.0</fprob>
        </actor>
        <actor name="D0N46">
            <wcet number="0">170</wcet>
            <wcet number="1">230</wcet>
            <maxpow number="0.556744563494929"/>
            <maxpow number="0.556744563494929"/>
            <fprob>0.0</fprob>
        </actor>
        <actor name="D0N22">
            <wcet number="0">10</wcet>
            <wcet number="1">10</wcet>
            <maxpow number="0.6822643661222119"/>
            <maxpow number="0.6822643661222119"/>
            <fprob>0.0</fprob>
        </actor>
        <actor name="D0N28">
            <wcet number="0">230</wcet>
            <wcet number="1">380</wcet>
            <maxpow number="0.36521967858074356"/>
            <maxpow number="0.36521967858074356"/>
            <fprob>0.0</fprob>
        </actor>
        <actor name="D0N32">
            <wcet number="0">10</wcet>
            <wcet number="1">200</wcet>
            <maxpow number="0.46206892594044346"/>
            <maxpow number="0.46206892594044346"/>
            <fprob>0.0</fprob>
        </actor>
        <actor name="D0N37">
            <wcet number="0">40</wcet>
            <wcet number="1">40</wcet>
            <maxpow number="0.47035424634659373"/>
            <maxpow number="0.47035424634659373"/>
            <fprob>0.0</fprob>
        </actor>
        <actor name="D0N41">
            <wcet number="0">30</wcet>
            <wcet number="1">40</wcet>
            <maxpow number="0.581430865618774"/>
            <maxpow number="0.581430865618774"/>
            <fprob>0.0</fprob>
        </actor>
        <actor name="D0N13">
            <wcet number="0">50</wcet>
            <wcet number="1">50</wcet>
            <maxpow number="0.5501407062689011"/>
            <maxpow number="0.5501407062689011"/>
            <fprob>0.0</fprob>
        </actor>
        <actor name="D0N40">
            <wcet number="0">20</wcet>
            <wcet number="1">40</wcet>
            <maxpow number="0.7683162513173417"/>
            <maxpow number="0.7683162513173417"/>
            <fprob>0.0</fprob>
        </actor>
        <actor name="D0N16">
            <wcet number="0">10</wcet>
            <wcet number="1">130</wcet>
            <maxpow number="0.608129211512695"/>
            <maxpow number="0.608129211512695"/>
            <fprob>0.0</fprob>
        </actor>
        <actor name="D0N23">
            <wcet number="0">60</wcet>
            <wcet number="1">110</wcet>
            <maxpow number="0.24989389164939452"/>
            <maxpow number="0.24989389164939452"/>
            <fprob>0.0</fprob>
        </actor>
        <ports>
            <port dstActor="D0N17" name="p0" srcActor="D0N8"/>
            <port dstActor="D0N28" name="p1" srcActor="D0N8"/>
            <port dstActor="D0N46" name="p2" srcActor="D0N8"/>
            <port dstActor="D0N47" name="p3" srcActor="D0N8"/>
            <port dstActor="D0N33" name="p4" srcActor="D0N8"/>
            <port dstActor="D0N14" name="p5" srcActor="D0N8"/>
            <port dstActor="D0N44" name="p6" srcActor="D0N3"/>
            <port dstActor="D0N16" name="p7" srcActor="D0N3"/>
            <port dstActor="D0N33" name="p8" srcActor="D0N3"/>
            <port dstActor="D0N39" name="p9" srcActor="D0N3"/>
            <port dstActor="D0N46" name="p10" srcActor="D0N12"/>
            <port dstActor="D0N17" name="p11" srcActor="D0N12"/>
            <port dstActor="D0N20" name="p12" srcActor="D0N12"/>
            <port dstActor="D0N37" name="p13" srcActor="D0N35"/>
            <port dstActor="D0N15" name="p14" srcActor="D0N11"/>
            <port dstActor="D0N27" name="p15" srcActor="D0N11"/>
            <port dstActor="D0N44" name="p16" srcActor="D0N34"/>
            <port dstActor="D0N39" name="p17" srcActor="D0N34"/>
            <port dstActor="D0N45" name="p18" srcActor="D0N17"/>
            <port dstActor="D0N34" name="p19" srcActor="D0N17"/>
            <port dstActor="D0N28" name="p20" srcActor="D0N17"/>
            <port dstActor="D0N44" name="p21" srcActor="D0N17"/>
            <port dstActor="D0N20" name="p22" srcActor="D0N14"/>
            <port dstActor="D0N33" name="p23" srcActor="D0N14"/>
            <port dstActor="D0N39" name="p24" srcActor="D0N26"/>
            <port dstActor="D0N47" name="p25" srcActor="D0N43"/>
            <port dstActor="D0N38" name="p26" srcActor="D0N15"/>
            <port dstActor="D0N19" name="p27" srcActor="D0N15"/>
            <port dstActor="D0N22" name="p28" srcActor="D0N15"/>
            <port dstActor="D0N40" name="p29" srcActor="D0N5"/>
            <port dstActor="D0N19" name="p30" srcActor="D0N5"/>
            <port dstActor="D0N10" name="p31" srcActor="D0N5"/>
            <port dstActor="D0N46" name="p32" srcActor="D0N5"/>
            <port dstActor="D0N35" name="p33" srcActor="D0N4"/>
            <port dstActor="D0N30" name="p34" srcActor="D0N4"/>
            <port dstActor="D0N40" name="p35" srcActor="D0N4"/>
            <port dstActor="D0N22" name="p36" srcActor="D0N21"/>
            <port dstActor="D0N34" name="p37" srcActor="D0N21"/>
            <port dstActor="D0N33" name="p38" srcActor="D0N27"/>
            <port dstActor="D0N43" name="p39" srcActor="D0N27"/>
            <port dstActor="D0N18" name="p40" srcActor="D0N7"/>
            <port dstActor="D0N35" name="p41" srcActor="D0N7"/>
            <port dstActor="D0N15" name="p42" srcActor="D0N7"/>
            <port dstActor="D0N36" name="p43" srcActor="D0N7"/>
            <port dstActor="D0N31" name="p44" srcActor="D0N7"/>
            <port dstActor="D0N15" name="p45" srcActor="D0N2"/>
            <port dstActor="D0N21" name="p46" srcActor="D0N2"/>
            <port dstActor="D0N33" name="p47" srcActor="D0N2"/>
            <port dstActor="D0N3" name="p48" srcActor="D0N2"/>
            <port dstActor="D0N25" name="p49" srcActor="D0N2"/>
            <port dstActor="D0N31" name="p50" srcActor="D0N2"/>
            <port dstActor="D0N37" name="p51" srcActor="D0N31"/>
            <port dstActor="D0N34" name="p52" srcActor="D0N9"/>
            <port dstActor="D0N44" name="p53" srcActor="D0N9"/>
            <port dstActor="D0N26" name="p54" srcActor="D0N9"/>
            <port dstActor="D0N14" name="p55" srcActor="D0N9"/>
            <port dstActor="D0N38" name="p56" srcActor="D0N18"/>
            <port dstActor="D0N33" name="p57" srcActor="D0N18"/>
            <port dstActor="D0N27" name="p58" srcActor="D0N18"/>
            <port dstActor="D0N34" name="p59" srcActor="D0N18"/>
            <port dstActor="D0N42" name="p60" srcActor="D0N1"/>
            <port dstActor="D0N8" name="p61" srcActor="D0N1"/>
            <port dstActor="D0N44" name="p62" srcActor="D0N1"/>
            <port dstActor="D0N2" name="p63" srcActor="D0N1"/>
            <port dstActor="D0N41" name="p64" srcActor="D0N1"/>
            <port dstActor="D0N34" name="p65" srcActor="D0N25"/>
            <port dstActor="D0N37" name="p66" srcActor="D0N25"/>
            <port dstActor="D0N41" name="p67" srcActor="D0N25"/>
            <port dstActor="D0N40" name="p68" srcActor="D0N10"/>
            <port dstActor="D0N46" name="p69" srcActor="D0N10"/>
            <port dstActor="D0N21" name="p70" srcActor="D0N10"/>
            <port dstActor="D0N22" name="p71" srcActor="D0N19"/>
            <port dstActor="D0N26" name="p72" srcActor="D0N19"/>
            <port dstActor="D0N43" name="p73" srcActor="D0N19"/>
            <port dstActor="D0N34" name="p74" srcActor="D0N6"/>
            <port dstActor="D0N7" name="p75" srcActor="D0N6"/>
            <port dstActor="D0N10" name="p76" srcActor="D0N6"/>
            <port dstActor="D0N18" name="p77" srcActor="D0N6"/>
            <port dstActor="D0N34" name="p78" srcActor="D0N30"/>
            <port dstActor="D0N32" name="p79" srcActor="D0N30"/>
            <port dstActor="D0N33" name="p80" srcActor="D0N30"/>
            <port dstActor="D0N31" name="p81" srcActor="D0N24"/>
            <port dstActor="D0N32" name="p82" srcActor="D0N24"/>
            <port dstActor="D0N41" name="p83" srcActor="D0N38"/>
            <port dstActor="D0N46" name="p84" srcActor="D0N38"/>
            <port dstActor="D0N25" name="p85" srcActor="D0N0"/>
            <port dstActor="D0N22" name="p86" srcActor="D0N0"/>
            <port dstActor="D0N2" name="p87" srcActor="D0N0"/>
            <port dstActor="D0N28" name="p88" srcActor="D0N0"/>
            <port dstActor="D0N14" name="p89" srcActor="D0N0"/>
            <port dstActor="D0N31" name="p90" srcActor="D0N0"/>
            <port dstActor="D0N4" name="p91" srcActor="D0N0"/>
            <port dstActor="D0N12" name="p92" srcActor="D0N0"/>
            <port dstActor="D0N40" name="p93" srcActor="D0N39"/>
            <port dstActor="D0N26" name="p94" srcActor="D0N22"/>
            <port dstActor="D0N42" name="p95" srcActor="D0N22"/>
            <port dstActor="D0N35" name="p96" srcActor="D0N22"/>
            <port dstActor="D0N28" name="p97" srcActor="D0N22"/>
            <port dstActor="D0N30" name="p98" srcActor="D0N22"/>
            <port dstActor="D0N47" name="p99" srcActor="D0N28"/>
            <port dstActor="D0N46" name="p100" srcActor="D0N37"/>
            <port dstActor="D0N42" name="p101" srcActor="D0N41"/>
            <port dstActor="D0N44" name="p102" srcActor="D0N41"/>
            <port dstActor="D0N36" name="p103" srcActor="D0N13"/>
            <port dstActor="D0N22" name="p104" srcActor="D0N13"/>
            <port dstActor="D0N45" name="p105" srcActor="D0N13"/>
            <port dstActor="D0N44" name="p106" srcActor="D0N40"/>
            <port dstActor="D0N26" name="p107" srcActor="D0N16"/>
            <port dstActor="D0N41" name="p108" srcActor="D0N16"/>
            <port dstActor="D0N23" name="p109" srcActor="D0N16"/>
            <port dstActor="D0N36" name="p110" srcActor="D0N16"/>
            <port dstActor="D0N27" name="p111" srcActor="D0N16"/>
            <port dstActor="D0N43" name="p112" srcActor="D0N23"/>
            <port dstActor="D0N47" name="p113" srcActor="D0N23"/>
        </ports>
    </mcdag>
    <cores number="3"/>
    <levels number="2"/>
</mcsystem>
