<?xml version="1.0" encoding="UTF-8" standalone="no"?>
<mcsystem>
    <mcdag deadline="1200" name="genned-0-ed-10.0-0">
        <actor name="D0N11">
            <wcet number="0">20</wcet>
            <wcet number="1">20</wcet>
            <maxpow number="0.6585477533479155"/>
            <maxpow number="0.6585477533479155"/>
            <fprob>0.0</fprob>
        </actor>
        <actor name="D0N15">
            <wcet number="0">30</wcet>
            <wcet number="1">30</wcet>
            <maxpow number="0.4375469413440908"/>
            <maxpow number="0.4375469413440908"/>
            <fprob>0.0</fprob>
        </actor>
        <actor name="D0N36">
            <wcet number="0">10</wcet>
            <wcet number="1">20</wcet>
            <maxpow number="0.2505804839495705"/>
            <maxpow number="0.2505804839495705"/>
            <fprob>0.0</fprob>
        </actor>
        <actor name="D0N1">
            <wcet number="0">70</wcet>
            <wcet number="1">80</wcet>
            <maxpow number="0.5637595105228691"/>
            <maxpow number="0.5637595105228691"/>
            <fprob>0.0</fprob>
        </actor>
        <actor name="D0N3">
            <wcet number="0">30</wcet>
            <wcet number="1">60</wcet>
            <maxpow number="0.5268286352361832"/>
            <maxpow number="0.5268286352361832"/>
            <fprob>0.0</fprob>
        </actor>
        <actor name="D0N23">
            <wcet number="0">10</wcet>
            <wcet number="1">30</wcet>
            <maxpow number="0.4153862733288257"/>
            <maxpow number="0.4153862733288257"/>
            <fprob>0.0</fprob>
        </actor>
        <actor name="D0N13">
            <wcet number="0">210</wcet>
            <wcet number="1">280</wcet>
            <maxpow number="0.7804891422788511"/>
            <maxpow number="0.7804891422788511"/>
            <fprob>0.0</fprob>
        </actor>
        <actor name="D0N41">
            <wcet number="0">10</wcet>
            <wcet number="1">30</wcet>
            <maxpow number="0.5363604928849451"/>
            <maxpow number="0.5363604928849451"/>
            <fprob>0.0</fprob>
        </actor>
        <actor name="D0N26">
            <wcet number="0">10</wcet>
            <wcet number="1">10</wcet>
            <maxpow number="0.4825491083856821"/>
            <maxpow number="0.4825491083856821"/>
            <fprob>0.0</fprob>
        </actor>
        <actor name="D0N37">
            <wcet number="0">30</wcet>
            <wcet number="1">50</wcet>
            <maxpow number="0.28039098097262305"/>
            <maxpow number="0.28039098097262305"/>
            <fprob>0.0</fprob>
        </actor>
        <actor name="D0N19">
            <wcet number="0">30</wcet>
            <wcet number="1">30</wcet>
            <maxpow number="0.28281427304933426"/>
            <maxpow number="0.28281427304933426"/>
            <fprob>0.0</fprob>
        </actor>
        <actor name="D0N43">
            <wcet number="0">140</wcet>
            <wcet number="1">190</wcet>
            <maxpow number="0.6506339703751172"/>
            <maxpow number="0.6506339703751172"/>
            <fprob>0.0</fprob>
        </actor>
        <actor name="D0N38">
            <wcet number="0">80</wcet>
            <wcet number="1">190</wcet>
            <maxpow number="0.6967220266851263"/>
            <maxpow number="0.6967220266851263"/>
            <fprob>0.0</fprob>
        </actor>
        <actor name="D0N31">
            <wcet number="0">40</wcet>
            <wcet number="1">60</wcet>
            <maxpow number="0.8325274021838827"/>
            <maxpow number="0.8325274021838827"/>
            <fprob>0.0</fprob>
        </actor>
        <actor name="D0N42">
            <wcet number="0">20</wcet>
            <wcet number="1">40</wcet>
            <maxpow number="0.5425166467812647"/>
            <maxpow number="0.5425166467812647"/>
            <fprob>0.0</fprob>
        </actor>
        <actor name="D0N9">
            <wcet number="0">30</wcet>
            <wcet number="1">130</wcet>
            <maxpow number="1.0052336485882012"/>
            <maxpow number="1.0052336485882012"/>
            <fprob>0.0</fprob>
        </actor>
        <actor name="D0N28">
            <wcet number="0">10</wcet>
            <wcet number="1">10</wcet>
            <maxpow number="0.34722008302870944"/>
            <maxpow number="0.34722008302870944"/>
            <fprob>0.0</fprob>
        </actor>
        <actor name="D0N30">
            <wcet number="0">20</wcet>
            <wcet number="1">20</wcet>
            <maxpow number="0.6600360218315169"/>
            <maxpow number="0.6600360218315169"/>
            <fprob>0.0</fprob>
        </actor>
        <actor name="D0N8">
            <wcet number="0">10</wcet>
            <wcet number="1">20</wcet>
            <maxpow number="0.7226918665129212"/>
            <maxpow number="0.7226918665129212"/>
            <fprob>0.0</fprob>
        </actor>
        <actor name="D0N34">
            <wcet number="0">20</wcet>
            <wcet number="1">20</wcet>
            <maxpow number="0.40634065879103876"/>
            <maxpow number="0.40634065879103876"/>
            <fprob>0.0</fprob>
        </actor>
        <actor name="D0N33">
            <wcet number="0">20</wcet>
            <wcet number="1">70</wcet>
            <maxpow number="0.4946194966694003"/>
            <maxpow number="0.4946194966694003"/>
            <fprob>0.0</fprob>
        </actor>
        <actor name="D0N20">
            <wcet number="0">20</wcet>
            <wcet number="1">30</wcet>
            <maxpow number="0.6087904161402913"/>
            <maxpow number="0.6087904161402913"/>
            <fprob>0.0</fprob>
        </actor>
        <actor name="D0N25">
            <wcet number="0">10</wcet>
            <wcet number="1">40</wcet>
            <maxpow number="0.6348458598768213"/>
            <maxpow number="0.6348458598768213"/>
            <fprob>0.0</fprob>
        </actor>
        <actor name="D0N27">
            <wcet number="0">10</wcet>
            <wcet number="1">30</wcet>
            <maxpow number="0.2160210211007909"/>
            <maxpow number="0.2160210211007909"/>
            <fprob>0.0</fprob>
        </actor>
        <actor name="D0N35">
            <wcet number="0">30</wcet>
            <wcet number="1">70</wcet>
            <maxpow number="1.1449065365217244"/>
            <maxpow number="1.1449065365217244"/>
            <fprob>0.0</fprob>
        </actor>
        <actor name="D0N7">
            <wcet number="0">30</wcet>
            <wcet number="1">50</wcet>
            <maxpow number="0.4516977618954124"/>
            <maxpow number="0.4516977618954124"/>
            <fprob>0.0</fprob>
        </actor>
        <actor name="D0N12">
            <wcet number="0">60</wcet>
            <wcet number="1">110</wcet>
            <maxpow number="0.6520067518993912"/>
            <maxpow number="0.6520067518993912"/>
            <fprob>0.0</fprob>
        </actor>
        <actor name="D0N40">
            <wcet number="0">10</wcet>
            <wcet number="1">60</wcet>
            <maxpow number="0.6166515710379388"/>
            <maxpow number="0.6166515710379388"/>
            <fprob>0.0</fprob>
        </actor>
        <actor name="D0N5">
            <wcet number="0">50</wcet>
            <wcet number="1">140</wcet>
            <maxpow number="0.7490682796317243"/>
            <maxpow number="0.7490682796317243"/>
            <fprob>0.0</fprob>
        </actor>
        <actor name="D0N10">
            <wcet number="0">10</wcet>
            <wcet number="1">10</wcet>
            <maxpow number="0.5996460580329653"/>
            <maxpow number="0.5996460580329653"/>
            <fprob>0.0</fprob>
        </actor>
        <actor name="D0N21">
            <wcet number="0">60</wcet>
            <wcet number="1">60</wcet>
            <maxpow number="0.5846566810196292"/>
            <maxpow number="0.5846566810196292"/>
            <fprob>0.0</fprob>
        </actor>
        <actor name="D0N22">
            <wcet number="0">40</wcet>
            <wcet number="1">170</wcet>
            <maxpow number="0.6633812936004455"/>
            <maxpow number="0.6633812936004455"/>
            <fprob>0.0</fprob>
        </actor>
        <actor name="D0N17">
            <wcet number="0">20</wcet>
            <wcet number="1">70</wcet>
            <maxpow number="0.631249402197972"/>
            <maxpow number="0.631249402197972"/>
            <fprob>0.0</fprob>
        </actor>
        <actor name="D0N0">
            <wcet number="0">10</wcet>
            <wcet number="1">10</wcet>
            <maxpow number="0.565539097517691"/>
            <maxpow number="0.565539097517691"/>
            <fprob>0.0</fprob>
        </actor>
        <actor name="D0N14">
            <wcet number="0">10</wcet>
            <wcet number="1">10</wcet>
            <maxpow number="0.49489668804475156"/>
            <maxpow number="0.49489668804475156"/>
            <fprob>0.0</fprob>
        </actor>
        <actor name="D0N32">
            <wcet number="0">60</wcet>
            <wcet number="1">150</wcet>
            <maxpow number="0.5529647847027489"/>
            <maxpow number="0.5529647847027489"/>
            <fprob>0.0</fprob>
        </actor>
        <actor name="D0N2">
            <wcet number="0">40</wcet>
            <wcet number="1">50</wcet>
            <maxpow number="0.45817241381471696"/>
            <maxpow number="0.45817241381471696"/>
            <fprob>0.0</fprob>
        </actor>
        <actor name="D0N4">
            <wcet number="0">30</wcet>
            <wcet number="1">110</wcet>
            <maxpow number="0.25841310088587544"/>
            <maxpow number="0.25841310088587544"/>
            <fprob>0.0</fprob>
        </actor>
        <actor name="D0N24">
            <wcet number="0">10</wcet>
            <wcet number="1">30</wcet>
            <maxpow number="0.9798501019517949"/>
            <maxpow number="0.9798501019517949"/>
            <fprob>0.0</fprob>
        </actor>
        <actor name="D0N29">
            <wcet number="0">20</wcet>
            <wcet number="1">30</wcet>
            <maxpow number="0.13599431027771564"/>
            <maxpow number="0.13599431027771564"/>
            <fprob>0.0</fprob>
        </actor>
        <actor name="D0N39">
            <wcet number="0">20</wcet>
            <wcet number="1">30</wcet>
            <maxpow number="0.2431296578155271"/>
            <maxpow number="0.2431296578155271"/>
            <fprob>0.0</fprob>
        </actor>
        <actor name="D0N6">
            <wcet number="0">40</wcet>
            <wcet number="1">80</wcet>
            <maxpow number="0.4276013371972687"/>
            <maxpow number="0.4276013371972687"/>
            <fprob>0.0</fprob>
        </actor>
        <actor name="D0N18">
            <wcet number="0">30</wcet>
            <wcet number="1">30</wcet>
            <maxpow number="0.4893507666747007"/>
            <maxpow number="0.4893507666747007"/>
            <fprob>0.0</fprob>
        </actor>
        <actor name="D0N16">
            <wcet number="0">80</wcet>
            <wcet number="1">120</wcet>
            <maxpow number="0.6076902871900612"/>
            <maxpow number="0.6076902871900612"/>
            <fprob>0.0</fprob>
        </actor>
        <ports>
            <port dstActor="D0N30" name="p0" srcActor="D0N11"/>
            <port dstActor="D0N32" name="p1" srcActor="D0N11"/>
            <port dstActor="D0N24" name="p2" srcActor="D0N11"/>
            <port dstActor="D0N42" name="p3" srcActor="D0N11"/>
            <port dstActor="D0N18" name="p4" srcActor="D0N15"/>
            <port dstActor="D0N36" name="p5" srcActor="D0N15"/>
            <port dstActor="D0N20" name="p6" srcActor="D0N15"/>
            <port dstActor="D0N24" name="p7" srcActor="D0N15"/>
            <port dstActor="D0N38" name="p8" srcActor="D0N36"/>
            <port dstActor="D0N24" name="p9" srcActor="D0N1"/>
            <port dstActor="D0N18" name="p10" srcActor="D0N1"/>
            <port dstActor="D0N40" name="p11" srcActor="D0N1"/>
            <port dstActor="D0N25" name="p12" srcActor="D0N1"/>
            <port dstActor="D0N38" name="p13" srcActor="D0N3"/>
            <port dstActor="D0N36" name="p14" srcActor="D0N3"/>
            <port dstActor="D0N30" name="p15" srcActor="D0N3"/>
            <port dstActor="D0N24" name="p16" srcActor="D0N13"/>
            <port dstActor="D0N43" name="p17" srcActor="D0N41"/>
            <port dstActor="D0N39" name="p18" srcActor="D0N26"/>
            <port dstActor="D0N42" name="p19" srcActor="D0N37"/>
            <port dstActor="D0N43" name="p20" srcActor="D0N19"/>
            <port dstActor="D0N27" name="p21" srcActor="D0N19"/>
            <port dstActor="D0N34" name="p22" srcActor="D0N19"/>
            <port dstActor="D0N39" name="p23" srcActor="D0N19"/>
            <port dstActor="D0N35" name="p24" srcActor="D0N31"/>
            <port dstActor="D0N36" name="p25" srcActor="D0N31"/>
            <port dstActor="D0N39" name="p26" srcActor="D0N31"/>
            <port dstActor="D0N37" name="p27" srcActor="D0N9"/>
            <port dstActor="D0N17" name="p28" srcActor="D0N9"/>
            <port dstActor="D0N36" name="p29" srcActor="D0N9"/>
            <port dstActor="D0N12" name="p30" srcActor="D0N9"/>
            <port dstActor="D0N33" name="p31" srcActor="D0N28"/>
            <port dstActor="D0N31" name="p32" srcActor="D0N28"/>
            <port dstActor="D0N34" name="p33" srcActor="D0N30"/>
            <port dstActor="D0N42" name="p34" srcActor="D0N8"/>
            <port dstActor="D0N9" name="p35" srcActor="D0N8"/>
            <port dstActor="D0N24" name="p36" srcActor="D0N8"/>
            <port dstActor="D0N13" name="p37" srcActor="D0N8"/>
            <port dstActor="D0N18" name="p38" srcActor="D0N8"/>
            <port dstActor="D0N28" name="p39" srcActor="D0N8"/>
            <port dstActor="D0N39" name="p40" srcActor="D0N34"/>
            <port dstActor="D0N38" name="p41" srcActor="D0N33"/>
            <port dstActor="D0N42" name="p42" srcActor="D0N33"/>
            <port dstActor="D0N34" name="p43" srcActor="D0N33"/>
            <port dstActor="D0N30" name="p44" srcActor="D0N25"/>
            <port dstActor="D0N28" name="p45" srcActor="D0N25"/>
            <port dstActor="D0N39" name="p46" srcActor="D0N25"/>
            <port dstActor="D0N41" name="p47" srcActor="D0N27"/>
            <port dstActor="D0N37" name="p48" srcActor="D0N35"/>
            <port dstActor="D0N26" name="p49" srcActor="D0N7"/>
            <port dstActor="D0N25" name="p50" srcActor="D0N7"/>
            <port dstActor="D0N8" name="p51" srcActor="D0N7"/>
            <port dstActor="D0N35" name="p52" srcActor="D0N7"/>
            <port dstActor="D0N13" name="p53" srcActor="D0N7"/>
            <port dstActor="D0N19" name="p54" srcActor="D0N12"/>
            <port dstActor="D0N39" name="p55" srcActor="D0N12"/>
            <port dstActor="D0N14" name="p56" srcActor="D0N12"/>
            <port dstActor="D0N29" name="p57" srcActor="D0N12"/>
            <port dstActor="D0N40" name="p58" srcActor="D0N12"/>
            <port dstActor="D0N16" name="p59" srcActor="D0N12"/>
            <port dstActor="D0N9" name="p60" srcActor="D0N5"/>
            <port dstActor="D0N18" name="p61" srcActor="D0N5"/>
            <port dstActor="D0N23" name="p62" srcActor="D0N5"/>
            <port dstActor="D0N24" name="p63" srcActor="D0N5"/>
            <port dstActor="D0N14" name="p64" srcActor="D0N10"/>
            <port dstActor="D0N25" name="p65" srcActor="D0N10"/>
            <port dstActor="D0N17" name="p66" srcActor="D0N10"/>
            <port dstActor="D0N38" name="p67" srcActor="D0N21"/>
            <port dstActor="D0N28" name="p68" srcActor="D0N21"/>
            <port dstActor="D0N24" name="p69" srcActor="D0N21"/>
            <port dstActor="D0N37" name="p70" srcActor="D0N21"/>
            <port dstActor="D0N39" name="p71" srcActor="D0N17"/>
            <port dstActor="D0N20" name="p72" srcActor="D0N0"/>
            <port dstActor="D0N32" name="p73" srcActor="D0N0"/>
            <port dstActor="D0N8" name="p74" srcActor="D0N0"/>
            <port dstActor="D0N31" name="p75" srcActor="D0N14"/>
            <port dstActor="D0N43" name="p76" srcActor="D0N14"/>
            <port dstActor="D0N37" name="p77" srcActor="D0N32"/>
            <port dstActor="D0N34" name="p78" srcActor="D0N32"/>
            <port dstActor="D0N35" name="p79" srcActor="D0N2"/>
            <port dstActor="D0N24" name="p80" srcActor="D0N2"/>
            <port dstActor="D0N27" name="p81" srcActor="D0N4"/>
            <port dstActor="D0N33" name="p82" srcActor="D0N4"/>
            <port dstActor="D0N17" name="p83" srcActor="D0N4"/>
            <port dstActor="D0N31" name="p84" srcActor="D0N4"/>
            <port dstActor="D0N18" name="p85" srcActor="D0N4"/>
            <port dstActor="D0N35" name="p86" srcActor="D0N24"/>
            <port dstActor="D0N31" name="p87" srcActor="D0N24"/>
            <port dstActor="D0N34" name="p88" srcActor="D0N24"/>
            <port dstActor="D0N43" name="p89" srcActor="D0N39"/>
            <port dstActor="D0N34" name="p90" srcActor="D0N6"/>
            <port dstActor="D0N22" name="p91" srcActor="D0N6"/>
            <port dstActor="D0N7" name="p92" srcActor="D0N6"/>
            <port dstActor="D0N32" name="p93" srcActor="D0N6"/>
            <port dstActor="D0N22" name="p94" srcActor="D0N18"/>
            <port dstActor="D0N30" name="p95" srcActor="D0N18"/>
            <port dstActor="D0N43" name="p96" srcActor="D0N18"/>
            <port dstActor="D0N37" name="p97" srcActor="D0N16"/>
            <port dstActor="D0N39" name="p98" srcActor="D0N16"/>
            <port dstActor="D0N17" name="p99" srcActor="D0N16"/>
        </ports>
    </mcdag>
    <cores number="3"/>
    <levels number="2"/>
</mcsystem>
