<?xml version="1.0" encoding="UTF-8" standalone="no"?>
<mcsystem>
    <mcdag deadline="2000" name="genned-0-ed-10.0-0">
        <actor name="D0N0">
            <wcet number="0">60</wcet>
            <wcet number="1">100</wcet>
            <maxpow number="0.4521131173562192"/>
            <maxpow number="0.4521131173562192"/>
            <fprob>0.0</fprob>
        </actor>
        <actor name="D0N19">
            <wcet number="0">50</wcet>
            <wcet number="1">130</wcet>
            <maxpow number="0.6909881079087323"/>
            <maxpow number="0.6909881079087323"/>
            <fprob>0.0</fprob>
        </actor>
        <actor name="D0N45">
            <wcet number="0">60</wcet>
            <wcet number="1">70</wcet>
            <maxpow number="0.484354300871235"/>
            <maxpow number="0.484354300871235"/>
            <fprob>0.0</fprob>
        </actor>
        <actor name="D0N46">
            <wcet number="0">10</wcet>
            <wcet number="1">10</wcet>
            <maxpow number="0.5775410028199299"/>
            <maxpow number="0.5775410028199299"/>
            <fprob>0.0</fprob>
        </actor>
        <actor name="D0N5">
            <wcet number="0">40</wcet>
            <wcet number="1">80</wcet>
            <maxpow number="0.4319852870323043"/>
            <maxpow number="0.4319852870323043"/>
            <fprob>0.0</fprob>
        </actor>
        <actor name="D0N32">
            <wcet number="0">50</wcet>
            <wcet number="1">90</wcet>
            <maxpow number="0.41125775039099927"/>
            <maxpow number="0.41125775039099927"/>
            <fprob>0.0</fprob>
        </actor>
        <actor name="D0N23">
            <wcet number="0">80</wcet>
            <wcet number="1">110</wcet>
            <maxpow number="0.33982803297356895"/>
            <maxpow number="0.33982803297356895"/>
            <fprob>0.0</fprob>
        </actor>
        <actor name="D0N2">
            <wcet number="0">130</wcet>
            <wcet number="1">130</wcet>
            <maxpow number="0.7170871711813253"/>
            <maxpow number="0.7170871711813253"/>
            <fprob>0.0</fprob>
        </actor>
        <actor name="D0N27">
            <wcet number="0">10</wcet>
            <wcet number="1">20</wcet>
            <maxpow number="0.41977163752299773"/>
            <maxpow number="0.41977163752299773"/>
            <fprob>0.0</fprob>
        </actor>
        <actor name="D0N47">
            <wcet number="0">70</wcet>
            <wcet number="1">370</wcet>
            <maxpow number="0.5490445717826781"/>
            <maxpow number="0.5490445717826781"/>
            <fprob>0.0</fprob>
        </actor>
        <actor name="D0N18">
            <wcet number="0">310</wcet>
            <wcet number="1">330</wcet>
            <maxpow number="0.4456346356076678"/>
            <maxpow number="0.4456346356076678"/>
            <fprob>0.0</fprob>
        </actor>
        <actor name="D0N34">
            <wcet number="0">20</wcet>
            <wcet number="1">20</wcet>
            <maxpow number="0.7271417783041794"/>
            <maxpow number="0.7271417783041794"/>
            <fprob>0.0</fprob>
        </actor>
        <actor name="D0N29">
            <wcet number="0">140</wcet>
            <wcet number="1">480</wcet>
            <maxpow number="0.502552334014612"/>
            <maxpow number="0.502552334014612"/>
            <fprob>0.0</fprob>
        </actor>
        <actor name="D0N30">
            <wcet number="0">20</wcet>
            <wcet number="1">20</wcet>
            <maxpow number="0.5254986761316652"/>
            <maxpow number="0.5254986761316652"/>
            <fprob>0.0</fprob>
        </actor>
        <actor name="D0N16">
            <wcet number="0">30</wcet>
            <wcet number="1">110</wcet>
            <maxpow number="0.7593524149973963"/>
            <maxpow number="0.7593524149973963"/>
            <fprob>0.0</fprob>
        </actor>
        <actor name="D0N22">
            <wcet number="0">10</wcet>
            <wcet number="1">70</wcet>
            <maxpow number="0.35656982149226235"/>
            <maxpow number="0.35656982149226235"/>
            <fprob>0.0</fprob>
        </actor>
        <actor name="D0N36">
            <wcet number="0">100</wcet>
            <wcet number="1">140</wcet>
            <maxpow number="0.5979224152419313"/>
            <maxpow number="0.5979224152419313"/>
            <fprob>0.0</fprob>
        </actor>
        <actor name="D0N7">
            <wcet number="0">40</wcet>
            <wcet number="1">70</wcet>
            <maxpow number="0.5970626946139105"/>
            <maxpow number="0.5970626946139105"/>
            <fprob>0.0</fprob>
        </actor>
        <actor name="D0N21">
            <wcet number="0">100</wcet>
            <wcet number="1">220</wcet>
            <maxpow number="0.46121261545053216"/>
            <maxpow number="0.46121261545053216"/>
            <fprob>0.0</fprob>
        </actor>
        <actor name="D0N41">
            <wcet number="0">50</wcet>
            <wcet number="1">120</wcet>
            <maxpow number="0.5822236695680857"/>
            <maxpow number="0.5822236695680857"/>
            <fprob>0.0</fprob>
        </actor>
        <actor name="D0N38">
            <wcet number="0">20</wcet>
            <wcet number="1">30</wcet>
            <maxpow number="0.5923588862175119"/>
            <maxpow number="0.5923588862175119"/>
            <fprob>0.0</fprob>
        </actor>
        <actor name="D0N6">
            <wcet number="0">220</wcet>
            <wcet number="1">280</wcet>
            <maxpow number="0.29183431378273594"/>
            <maxpow number="0.29183431378273594"/>
            <fprob>0.0</fprob>
        </actor>
        <actor name="D0N44">
            <wcet number="0">20</wcet>
            <wcet number="1">50</wcet>
            <maxpow number="0.6033524460461951"/>
            <maxpow number="0.6033524460461951"/>
            <fprob>0.0</fprob>
        </actor>
        <actor name="D0N4">
            <wcet number="0">110</wcet>
            <wcet number="1">110</wcet>
            <maxpow number="0.1609194721271836"/>
            <maxpow number="0.1609194721271836"/>
            <fprob>0.0</fprob>
        </actor>
        <actor name="D0N17">
            <wcet number="0">90</wcet>
            <wcet number="1">90</wcet>
            <maxpow number="0.4373003374594916"/>
            <maxpow number="0.4373003374594916"/>
            <fprob>0.0</fprob>
        </actor>
        <actor name="D0N39">
            <wcet number="0">30</wcet>
            <wcet number="1">40</wcet>
            <maxpow number="0.9224569482959503"/>
            <maxpow number="0.9224569482959503"/>
            <fprob>0.0</fprob>
        </actor>
        <actor name="D0N12">
            <wcet number="0">110</wcet>
            <wcet number="1">430</wcet>
            <maxpow number="0.36811504858349703"/>
            <maxpow number="0.36811504858349703"/>
            <fprob>0.0</fprob>
        </actor>
        <actor name="D0N3">
            <wcet number="0">40</wcet>
            <wcet number="1">120</wcet>
            <maxpow number="0.6880179314224215"/>
            <maxpow number="0.6880179314224215"/>
            <fprob>0.0</fprob>
        </actor>
        <actor name="D0N1">
            <wcet number="0">10</wcet>
            <wcet number="1">10</wcet>
            <maxpow number="0.7248921180835002"/>
            <maxpow number="0.7248921180835002"/>
            <fprob>0.0</fprob>
        </actor>
        <actor name="D0N13">
            <wcet number="0">40</wcet>
            <wcet number="1">50</wcet>
            <maxpow number="0.9017046748322802"/>
            <maxpow number="0.9017046748322802"/>
            <fprob>0.0</fprob>
        </actor>
        <actor name="D0N25">
            <wcet number="0">10</wcet>
            <wcet number="1">20</wcet>
            <maxpow number="0.6412612648444331"/>
            <maxpow number="0.6412612648444331"/>
            <fprob>0.0</fprob>
        </actor>
        <actor name="D0N28">
            <wcet number="0">20</wcet>
            <wcet number="1">20</wcet>
            <maxpow number="0.8002740285772731"/>
            <maxpow number="0.8002740285772731"/>
            <fprob>0.0</fprob>
        </actor>
        <actor name="D0N14">
            <wcet number="0">60</wcet>
            <wcet number="1">80</wcet>
            <maxpow number="0.7808579092130778"/>
            <maxpow number="0.7808579092130778"/>
            <fprob>0.0</fprob>
        </actor>
        <actor name="D0N26">
            <wcet number="0">20</wcet>
            <wcet number="1">50</wcet>
            <maxpow number="0.22545474598327808"/>
            <maxpow number="0.22545474598327808"/>
            <fprob>0.0</fprob>
        </actor>
        <actor name="D0N48">
            <wcet number="0">20</wcet>
            <wcet number="1">100</wcet>
            <maxpow number="0.2817696062811901"/>
            <maxpow number="0.2817696062811901"/>
            <fprob>0.0</fprob>
        </actor>
        <actor name="D0N42">
            <wcet number="0">10</wcet>
            <wcet number="1">10</wcet>
            <maxpow number="0.205311182322979"/>
            <maxpow number="0.205311182322979"/>
            <fprob>0.0</fprob>
        </actor>
        <actor name="D0N9">
            <wcet number="0">40</wcet>
            <wcet number="1">40</wcet>
            <maxpow number="0.7636351195839627"/>
            <maxpow number="0.7636351195839627"/>
            <fprob>0.0</fprob>
        </actor>
        <actor name="D0N10">
            <wcet number="0">110</wcet>
            <wcet number="1">210</wcet>
            <maxpow number="0.6546517211671615"/>
            <maxpow number="0.6546517211671615"/>
            <fprob>0.0</fprob>
        </actor>
        <actor name="D0N11">
            <wcet number="0">90</wcet>
            <wcet number="1">130</wcet>
            <maxpow number="0.4943494047106611"/>
            <maxpow number="0.4943494047106611"/>
            <fprob>0.0</fprob>
        </actor>
        <actor name="D0N33">
            <wcet number="0">50</wcet>
            <wcet number="1">70</wcet>
            <maxpow number="0.7417106031855802"/>
            <maxpow number="0.7417106031855802"/>
            <fprob>0.0</fprob>
        </actor>
        <actor name="D0N8">
            <wcet number="0">30</wcet>
            <wcet number="1">40</wcet>
            <maxpow number="0.32065581991402703"/>
            <maxpow number="0.32065581991402703"/>
            <fprob>0.0</fprob>
        </actor>
        <actor name="D0N20">
            <wcet number="0">50</wcet>
            <wcet number="1">80</wcet>
            <maxpow number="0.5118658917292589"/>
            <maxpow number="0.5118658917292589"/>
            <fprob>0.0</fprob>
        </actor>
        <actor name="D0N15">
            <wcet number="0">10</wcet>
            <wcet number="1">10</wcet>
            <maxpow number="0.5801792041557419"/>
            <maxpow number="0.5801792041557419"/>
            <fprob>0.0</fprob>
        </actor>
        <actor name="D0N35">
            <wcet number="0">100</wcet>
            <wcet number="1">110</wcet>
            <maxpow number="0.5878917382907489"/>
            <maxpow number="0.5878917382907489"/>
            <fprob>0.0</fprob>
        </actor>
        <actor name="D0N43">
            <wcet number="0">80</wcet>
            <wcet number="1">120</wcet>
            <maxpow number="0.33696751728771474"/>
            <maxpow number="0.33696751728771474"/>
            <fprob>0.0</fprob>
        </actor>
        <actor name="D0N31">
            <wcet number="0">20</wcet>
            <wcet number="1">20</wcet>
            <maxpow number="0.8054502822305358"/>
            <maxpow number="0.8054502822305358"/>
            <fprob>0.0</fprob>
        </actor>
        <actor name="D0N40">
            <wcet number="0">280</wcet>
            <wcet number="1">290</wcet>
            <maxpow number="0.7259795980221391"/>
            <maxpow number="0.7259795980221391"/>
            <fprob>0.0</fprob>
        </actor>
        <actor name="D0N24">
            <wcet number="0">210</wcet>
            <wcet number="1">280</wcet>
            <maxpow number="0.5485052120111354"/>
            <maxpow number="0.5485052120111354"/>
            <fprob>0.0</fprob>
        </actor>
        <actor name="D0N37">
            <wcet number="0">10</wcet>
            <wcet number="1">20</wcet>
            <maxpow number="0.28821021794025253"/>
            <maxpow number="0.28821021794025253"/>
            <fprob>0.0</fprob>
        </actor>
        <ports>
            <port dstActor="D0N28" name="p0" srcActor="D0N0"/>
            <port dstActor="D0N38" name="p1" srcActor="D0N0"/>
            <port dstActor="D0N41" name="p2" srcActor="D0N0"/>
            <port dstActor="D0N38" name="p3" srcActor="D0N19"/>
            <port dstActor="D0N41" name="p4" srcActor="D0N19"/>
            <port dstActor="D0N24" name="p5" srcActor="D0N19"/>
            <port dstActor="D0N8" name="p6" srcActor="D0N5"/>
            <port dstActor="D0N27" name="p7" srcActor="D0N5"/>
            <port dstActor="D0N15" name="p8" srcActor="D0N5"/>
            <port dstActor="D0N34" name="p9" srcActor="D0N5"/>
            <port dstActor="D0N40" name="p10" srcActor="D0N32"/>
            <port dstActor="D0N47" name="p11" srcActor="D0N23"/>
            <port dstActor="D0N32" name="p12" srcActor="D0N23"/>
            <port dstActor="D0N18" name="p13" srcActor="D0N2"/>
            <port dstActor="D0N41" name="p14" srcActor="D0N2"/>
            <port dstActor="D0N23" name="p15" srcActor="D0N2"/>
            <port dstActor="D0N16" name="p16" srcActor="D0N2"/>
            <port dstActor="D0N40" name="p17" srcActor="D0N2"/>
            <port dstActor="D0N43" name="p18" srcActor="D0N27"/>
            <port dstActor="D0N30" name="p19" srcActor="D0N27"/>
            <port dstActor="D0N19" name="p20" srcActor="D0N18"/>
            <port dstActor="D0N23" name="p21" srcActor="D0N18"/>
            <port dstActor="D0N34" name="p22" srcActor="D0N18"/>
            <port dstActor="D0N48" name="p23" srcActor="D0N18"/>
            <port dstActor="D0N42" name="p24" srcActor="D0N34"/>
            <port dstActor="D0N38" name="p25" srcActor="D0N34"/>
            <port dstActor="D0N44" name="p26" srcActor="D0N29"/>
            <port dstActor="D0N31" name="p27" srcActor="D0N29"/>
            <port dstActor="D0N41" name="p28" srcActor="D0N29"/>
            <port dstActor="D0N48" name="p29" srcActor="D0N16"/>
            <port dstActor="D0N36" name="p30" srcActor="D0N16"/>
            <port dstActor="D0N47" name="p31" srcActor="D0N16"/>
            <port dstActor="D0N40" name="p32" srcActor="D0N16"/>
            <port dstActor="D0N20" name="p33" srcActor="D0N16"/>
            <port dstActor="D0N32" name="p34" srcActor="D0N22"/>
            <port dstActor="D0N23" name="p35" srcActor="D0N22"/>
            <port dstActor="D0N29" name="p36" srcActor="D0N22"/>
            <port dstActor="D0N31" name="p37" srcActor="D0N22"/>
            <port dstActor="D0N48" name="p38" srcActor="D0N22"/>
            <port dstActor="D0N44" name="p39" srcActor="D0N22"/>
            <port dstActor="D0N45" name="p40" srcActor="D0N36"/>
            <port dstActor="D0N25" name="p41" srcActor="D0N7"/>
            <port dstActor="D0N48" name="p42" srcActor="D0N7"/>
            <port dstActor="D0N11" name="p43" srcActor="D0N7"/>
            <port dstActor="D0N37" name="p44" srcActor="D0N21"/>
            <port dstActor="D0N28" name="p45" srcActor="D0N21"/>
            <port dstActor="D0N41" name="p46" srcActor="D0N21"/>
            <port dstActor="D0N29" name="p47" srcActor="D0N21"/>
            <port dstActor="D0N25" name="p48" srcActor="D0N21"/>
            <port dstActor="D0N16" name="p49" srcActor="D0N6"/>
            <port dstActor="D0N17" name="p50" srcActor="D0N6"/>
            <port dstActor="D0N38" name="p51" srcActor="D0N6"/>
            <port dstActor="D0N46" name="p52" srcActor="D0N44"/>
            <port dstActor="D0N27" name="p53" srcActor="D0N4"/>
            <port dstActor="D0N8" name="p54" srcActor="D0N4"/>
            <port dstActor="D0N24" name="p55" srcActor="D0N4"/>
            <port dstActor="D0N18" name="p56" srcActor="D0N4"/>
            <port dstActor="D0N31" name="p57" srcActor="D0N17"/>
            <port dstActor="D0N32" name="p58" srcActor="D0N17"/>
            <port dstActor="D0N30" name="p59" srcActor="D0N17"/>
            <port dstActor="D0N26" name="p60" srcActor="D0N12"/>
            <port dstActor="D0N14" name="p61" srcActor="D0N12"/>
            <port dstActor="D0N23" name="p62" srcActor="D0N12"/>
            <port dstActor="D0N20" name="p63" srcActor="D0N3"/>
            <port dstActor="D0N38" name="p64" srcActor="D0N3"/>
            <port dstActor="D0N24" name="p65" srcActor="D0N3"/>
            <port dstActor="D0N29" name="p66" srcActor="D0N3"/>
            <port dstActor="D0N41" name="p67" srcActor="D0N3"/>
            <port dstActor="D0N13" name="p68" srcActor="D0N3"/>
            <port dstActor="D0N31" name="p69" srcActor="D0N3"/>
            <port dstActor="D0N27" name="p70" srcActor="D0N1"/>
            <port dstActor="D0N35" name="p71" srcActor="D0N1"/>
            <port dstActor="D0N17" name="p72" srcActor="D0N1"/>
            <port dstActor="D0N9" name="p73" srcActor="D0N1"/>
            <port dstActor="D0N35" name="p74" srcActor="D0N13"/>
            <port dstActor="D0N36" name="p75" srcActor="D0N13"/>
            <port dstActor="D0N20" name="p76" srcActor="D0N13"/>
            <port dstActor="D0N43" name="p77" srcActor="D0N13"/>
            <port dstActor="D0N18" name="p78" srcActor="D0N13"/>
            <port dstActor="D0N17" name="p79" srcActor="D0N13"/>
            <port dstActor="D0N35" name="p80" srcActor="D0N25"/>
            <port dstActor="D0N31" name="p81" srcActor="D0N25"/>
            <port dstActor="D0N47" name="p82" srcActor="D0N25"/>
            <port dstActor="D0N37" name="p83" srcActor="D0N28"/>
            <port dstActor="D0N48" name="p84" srcActor="D0N28"/>
            <port dstActor="D0N30" name="p85" srcActor="D0N28"/>
            <port dstActor="D0N44" name="p86" srcActor="D0N14"/>
            <port dstActor="D0N24" name="p87" srcActor="D0N14"/>
            <port dstActor="D0N30" name="p88" srcActor="D0N14"/>
            <port dstActor="D0N19" name="p89" srcActor="D0N14"/>
            <port dstActor="D0N48" name="p90" srcActor="D0N26"/>
            <port dstActor="D0N38" name="p91" srcActor="D0N26"/>
            <port dstActor="D0N16" name="p92" srcActor="D0N9"/>
            <port dstActor="D0N13" name="p93" srcActor="D0N9"/>
            <port dstActor="D0N45" name="p94" srcActor="D0N9"/>
            <port dstActor="D0N11" name="p95" srcActor="D0N9"/>
            <port dstActor="D0N46" name="p96" srcActor="D0N9"/>
            <port dstActor="D0N32" name="p97" srcActor="D0N9"/>
            <port dstActor="D0N16" name="p98" srcActor="D0N10"/>
            <port dstActor="D0N37" name="p99" srcActor="D0N10"/>
            <port dstActor="D0N13" name="p100" srcActor="D0N10"/>
            <port dstActor="D0N22" name="p101" srcActor="D0N10"/>
            <port dstActor="D0N45" name="p102" srcActor="D0N10"/>
            <port dstActor="D0N27" name="p103" srcActor="D0N10"/>
            <port dstActor="D0N33" name="p104" srcActor="D0N10"/>
            <port dstActor="D0N44" name="p105" srcActor="D0N10"/>
            <port dstActor="D0N12" name="p106" srcActor="D0N11"/>
            <port dstActor="D0N42" name="p107" srcActor="D0N33"/>
            <port dstActor="D0N40" name="p108" srcActor="D0N33"/>
            <port dstActor="D0N44" name="p109" srcActor="D0N33"/>
            <port dstActor="D0N43" name="p110" srcActor="D0N33"/>
            <port dstActor="D0N17" name="p111" srcActor="D0N8"/>
            <port dstActor="D0N12" name="p112" srcActor="D0N8"/>
            <port dstActor="D0N32" name="p113" srcActor="D0N8"/>
            <port dstActor="D0N39" name="p114" srcActor="D0N8"/>
            <port dstActor="D0N9" name="p115" srcActor="D0N8"/>
            <port dstActor="D0N27" name="p116" srcActor="D0N20"/>
            <port dstActor="D0N35" name="p117" srcActor="D0N20"/>
            <port dstActor="D0N36" name="p118" srcActor="D0N15"/>
            <port dstActor="D0N47" name="p119" srcActor="D0N15"/>
            <port dstActor="D0N42" name="p120" srcActor="D0N35"/>
            <port dstActor="D0N32" name="p121" srcActor="D0N31"/>
            <port dstActor="D0N47" name="p122" srcActor="D0N31"/>
            <port dstActor="D0N41" name="p123" srcActor="D0N40"/>
            <port dstActor="D0N48" name="p124" srcActor="D0N24"/>
        </ports>
    </mcdag>
    <cores number="3"/>
    <levels number="2"/>
</mcsystem>
