<?xml version="1.0" encoding="UTF-8" standalone="no"?>
<mcsystem>
    <mcdag deadline="1200" name="genned-0-ed-10.0-0">
        <actor name="D0N5">
            <wcet number="0">10</wcet>
            <wcet number="1">10</wcet>
            <maxpow number="0.373676754005442"/>
            <maxpow number="0.373676754005442"/>
            <fprob>0.0</fprob>
        </actor>
        <actor name="D0N29">
            <wcet number="0">10</wcet>
            <wcet number="1">20</wcet>
            <maxpow number="0.4207802989576336"/>
            <maxpow number="0.4207802989576336"/>
            <fprob>0.0</fprob>
        </actor>
        <actor name="D0N13">
            <wcet number="0">40</wcet>
            <wcet number="1">190</wcet>
            <maxpow number="0.6800454626303981"/>
            <maxpow number="0.6800454626303981"/>
            <fprob>0.0</fprob>
        </actor>
        <actor name="D0N31">
            <wcet number="0">80</wcet>
            <wcet number="1">90</wcet>
            <maxpow number="0.520193369949823"/>
            <maxpow number="0.520193369949823"/>
            <fprob>0.0</fprob>
        </actor>
        <actor name="D0N45">
            <wcet number="0">50</wcet>
            <wcet number="1">60</wcet>
            <maxpow number="0.5517309475555443"/>
            <maxpow number="0.5517309475555443"/>
            <fprob>0.0</fprob>
        </actor>
        <actor name="D0N33">
            <wcet number="0">10</wcet>
            <wcet number="1">10</wcet>
            <maxpow number="0.6400042857031957"/>
            <maxpow number="0.6400042857031957"/>
            <fprob>0.0</fprob>
        </actor>
        <actor name="D0N14">
            <wcet number="0">10</wcet>
            <wcet number="1">30</wcet>
            <maxpow number="0.31805750241649305"/>
            <maxpow number="0.31805750241649305"/>
            <fprob>0.0</fprob>
        </actor>
        <actor name="D0N26">
            <wcet number="0">10</wcet>
            <wcet number="1">50</wcet>
            <maxpow number="0.35643002236181776"/>
            <maxpow number="0.35643002236181776"/>
            <fprob>0.0</fprob>
        </actor>
        <actor name="D0N8">
            <wcet number="0">10</wcet>
            <wcet number="1">10</wcet>
            <maxpow number="0.7409206688715206"/>
            <maxpow number="0.7409206688715206"/>
            <fprob>0.0</fprob>
        </actor>
        <actor name="D0N46">
            <wcet number="0">70</wcet>
            <wcet number="1">80</wcet>
            <maxpow number="0.4575614907370254"/>
            <maxpow number="0.4575614907370254"/>
            <fprob>0.0</fprob>
        </actor>
        <actor name="D0N9">
            <wcet number="0">10</wcet>
            <wcet number="1">20</wcet>
            <maxpow number="0.5283686265139419"/>
            <maxpow number="0.5283686265139419"/>
            <fprob>0.0</fprob>
        </actor>
        <actor name="D0N38">
            <wcet number="0">30</wcet>
            <wcet number="1">30</wcet>
            <maxpow number="0.515575040693329"/>
            <maxpow number="0.515575040693329"/>
            <fprob>0.0</fprob>
        </actor>
        <actor name="D0N1">
            <wcet number="0">100</wcet>
            <wcet number="1">110</wcet>
            <maxpow number="0.5223836045284599"/>
            <maxpow number="0.5223836045284599"/>
            <fprob>0.0</fprob>
        </actor>
        <actor name="D0N4">
            <wcet number="0">10</wcet>
            <wcet number="1">10</wcet>
            <maxpow number="0.501446720485976"/>
            <maxpow number="0.501446720485976"/>
            <fprob>0.0</fprob>
        </actor>
        <actor name="D0N43">
            <wcet number="0">30</wcet>
            <wcet number="1">30</wcet>
            <maxpow number="0.365418998339476"/>
            <maxpow number="0.365418998339476"/>
            <fprob>0.0</fprob>
        </actor>
        <actor name="D0N3">
            <wcet number="0">20</wcet>
            <wcet number="1">40</wcet>
            <maxpow number="0.6418030690627355"/>
            <maxpow number="0.6418030690627355"/>
            <fprob>0.0</fprob>
        </actor>
        <actor name="D0N0">
            <wcet number="0">20</wcet>
            <wcet number="1">90</wcet>
            <maxpow number="0.5881151067962896"/>
            <maxpow number="0.5881151067962896"/>
            <fprob>0.0</fprob>
        </actor>
        <actor name="D0N36">
            <wcet number="0">60</wcet>
            <wcet number="1">70</wcet>
            <maxpow number="0.787294307758174"/>
            <maxpow number="0.787294307758174"/>
            <fprob>0.0</fprob>
        </actor>
        <actor name="D0N2">
            <wcet number="0">120</wcet>
            <wcet number="1">120</wcet>
            <maxpow number="0.3954744523509849"/>
            <maxpow number="0.3954744523509849"/>
            <fprob>0.0</fprob>
        </actor>
        <actor name="D0N32">
            <wcet number="0">20</wcet>
            <wcet number="1">40</wcet>
            <maxpow number="0.4727233504310566"/>
            <maxpow number="0.4727233504310566"/>
            <fprob>0.0</fprob>
        </actor>
        <actor name="D0N12">
            <wcet number="0">10</wcet>
            <wcet number="1">20</wcet>
            <maxpow number="0.7425283801611451"/>
            <maxpow number="0.7425283801611451"/>
            <fprob>0.0</fprob>
        </actor>
        <actor name="D0N34">
            <wcet number="0">60</wcet>
            <wcet number="1">130</wcet>
            <maxpow number="0.675821689511386"/>
            <maxpow number="0.675821689511386"/>
            <fprob>0.0</fprob>
        </actor>
        <actor name="D0N40">
            <wcet number="0">20</wcet>
            <wcet number="1">30</wcet>
            <maxpow number="0.6466046454860467"/>
            <maxpow number="0.6466046454860467"/>
            <fprob>0.0</fprob>
        </actor>
        <actor name="D0N41">
            <wcet number="0">20</wcet>
            <wcet number="1">30</wcet>
            <maxpow number="0.4954024822497527"/>
            <maxpow number="0.4954024822497527"/>
            <fprob>0.0</fprob>
        </actor>
        <actor name="D0N20">
            <wcet number="0">20</wcet>
            <wcet number="1">30</wcet>
            <maxpow number="0.6618948764482491"/>
            <maxpow number="0.6618948764482491"/>
            <fprob>0.0</fprob>
        </actor>
        <actor name="D0N6">
            <wcet number="0">90</wcet>
            <wcet number="1">150</wcet>
            <maxpow number="0.591212568060913"/>
            <maxpow number="0.591212568060913"/>
            <fprob>0.0</fprob>
        </actor>
        <actor name="D0N15">
            <wcet number="0">10</wcet>
            <wcet number="1">10</wcet>
            <maxpow number="0.7013139074259713"/>
            <maxpow number="0.7013139074259713"/>
            <fprob>0.0</fprob>
        </actor>
        <actor name="D0N27">
            <wcet number="0">10</wcet>
            <wcet number="1">10</wcet>
            <maxpow number="0.6732490967820065"/>
            <maxpow number="0.6732490967820065"/>
            <fprob>0.0</fprob>
        </actor>
        <actor name="D0N24">
            <wcet number="0">20</wcet>
            <wcet number="1">60</wcet>
            <maxpow number="0.4901161482252297"/>
            <maxpow number="0.4901161482252297"/>
            <fprob>0.0</fprob>
        </actor>
        <actor name="D0N28">
            <wcet number="0">50</wcet>
            <wcet number="1">70</wcet>
            <maxpow number="0.49754359538377213"/>
            <maxpow number="0.49754359538377213"/>
            <fprob>0.0</fprob>
        </actor>
        <actor name="D0N16">
            <wcet number="0">10</wcet>
            <wcet number="1">20</wcet>
            <maxpow number="0.36653230482679033"/>
            <maxpow number="0.36653230482679033"/>
            <fprob>0.0</fprob>
        </actor>
        <actor name="D0N21">
            <wcet number="0">10</wcet>
            <wcet number="1">20</wcet>
            <maxpow number="0.6208242954363226"/>
            <maxpow number="0.6208242954363226"/>
            <fprob>0.0</fprob>
        </actor>
        <actor name="D0N37">
            <wcet number="0">20</wcet>
            <wcet number="1">20</wcet>
            <maxpow number="0.37091497737102963"/>
            <maxpow number="0.37091497737102963"/>
            <fprob>0.0</fprob>
        </actor>
        <actor name="D0N10">
            <wcet number="0">20</wcet>
            <wcet number="1">20</wcet>
            <maxpow number="0.43720179118335056"/>
            <maxpow number="0.43720179118335056"/>
            <fprob>0.0</fprob>
        </actor>
        <actor name="D0N18">
            <wcet number="0">20</wcet>
            <wcet number="1">30</wcet>
            <maxpow number="0.5542061533812009"/>
            <maxpow number="0.5542061533812009"/>
            <fprob>0.0</fprob>
        </actor>
        <actor name="D0N19">
            <wcet number="0">20</wcet>
            <wcet number="1">20</wcet>
            <maxpow number="0.3431964202140064"/>
            <maxpow number="0.3431964202140064"/>
            <fprob>0.0</fprob>
        </actor>
        <actor name="D0N23">
            <wcet number="0">20</wcet>
            <wcet number="1">20</wcet>
            <maxpow number="0.24313493600199315"/>
            <maxpow number="0.24313493600199315"/>
            <fprob>0.0</fprob>
        </actor>
        <actor name="D0N22">
            <wcet number="0">60</wcet>
            <wcet number="1">60</wcet>
            <maxpow number="0.29673572400150794"/>
            <maxpow number="0.29673572400150794"/>
            <fprob>0.0</fprob>
        </actor>
        <actor name="D0N42">
            <wcet number="0">10</wcet>
            <wcet number="1">20</wcet>
            <maxpow number="0.6403807229563507"/>
            <maxpow number="0.6403807229563507"/>
            <fprob>0.0</fprob>
        </actor>
        <actor name="D0N47">
            <wcet number="0">20</wcet>
            <wcet number="1">40</wcet>
            <maxpow number="0.8249109292956253"/>
            <maxpow number="0.8249109292956253"/>
            <fprob>0.0</fprob>
        </actor>
        <actor name="D0N44">
            <wcet number="0">20</wcet>
            <wcet number="1">60</wcet>
            <maxpow number="0.5918114635455209"/>
            <maxpow number="0.5918114635455209"/>
            <fprob>0.0</fprob>
        </actor>
        <actor name="D0N30">
            <wcet number="0">10</wcet>
            <wcet number="1">10</wcet>
            <maxpow number="0.8179733549462873"/>
            <maxpow number="0.8179733549462873"/>
            <fprob>0.0</fprob>
        </actor>
        <actor name="D0N11">
            <wcet number="0">10</wcet>
            <wcet number="1">20</wcet>
            <maxpow number="0.8039725692231194"/>
            <maxpow number="0.8039725692231194"/>
            <fprob>0.0</fprob>
        </actor>
        <actor name="D0N48">
            <wcet number="0">10</wcet>
            <wcet number="1">50</wcet>
            <maxpow number="0.1786380237226231"/>
            <maxpow number="0.1786380237226231"/>
            <fprob>0.0</fprob>
        </actor>
        <actor name="D0N17">
            <wcet number="0">10</wcet>
            <wcet number="1">10</wcet>
            <maxpow number="0.8117783287819649"/>
            <maxpow number="0.8117783287819649"/>
            <fprob>0.0</fprob>
        </actor>
        <actor name="D0N25">
            <wcet number="0">30</wcet>
            <wcet number="1">80</wcet>
            <maxpow number="0.7365445405488809"/>
            <maxpow number="0.7365445405488809"/>
            <fprob>0.0</fprob>
        </actor>
        <actor name="D0N39">
            <wcet number="0">150</wcet>
            <wcet number="1">180</wcet>
            <maxpow number="0.45018691166218083"/>
            <maxpow number="0.45018691166218083"/>
            <fprob>0.0</fprob>
        </actor>
        <actor name="D0N7">
            <wcet number="0">10</wcet>
            <wcet number="1">60</wcet>
            <maxpow number="0.5176873960153613"/>
            <maxpow number="0.5176873960153613"/>
            <fprob>0.0</fprob>
        </actor>
        <actor name="D0N35">
            <wcet number="0">10</wcet>
            <wcet number="1">10</wcet>
            <maxpow number="0.8019654439011112"/>
            <maxpow number="0.8019654439011112"/>
            <fprob>0.0</fprob>
        </actor>
        <ports>
            <port dstActor="D0N7" name="p0" srcActor="D0N5"/>
            <port dstActor="D0N42" name="p1" srcActor="D0N5"/>
            <port dstActor="D0N28" name="p2" srcActor="D0N5"/>
            <port dstActor="D0N12" name="p3" srcActor="D0N5"/>
            <port dstActor="D0N21" name="p4" srcActor="D0N5"/>
            <port dstActor="D0N27" name="p5" srcActor="D0N5"/>
            <port dstActor="D0N23" name="p6" srcActor="D0N5"/>
            <port dstActor="D0N33" name="p7" srcActor="D0N5"/>
            <port dstActor="D0N16" name="p8" srcActor="D0N5"/>
            <port dstActor="D0N41" name="p9" srcActor="D0N29"/>
            <port dstActor="D0N33" name="p10" srcActor="D0N13"/>
            <port dstActor="D0N45" name="p11" srcActor="D0N13"/>
            <port dstActor="D0N18" name="p12" srcActor="D0N13"/>
            <port dstActor="D0N38" name="p13" srcActor="D0N13"/>
            <port dstActor="D0N42" name="p14" srcActor="D0N13"/>
            <port dstActor="D0N39" name="p15" srcActor="D0N31"/>
            <port dstActor="D0N33" name="p16" srcActor="D0N31"/>
            <port dstActor="D0N44" name="p17" srcActor="D0N31"/>
            <port dstActor="D0N48" name="p18" srcActor="D0N45"/>
            <port dstActor="D0N48" name="p19" srcActor="D0N33"/>
            <port dstActor="D0N15" name="p20" srcActor="D0N14"/>
            <port dstActor="D0N21" name="p21" srcActor="D0N14"/>
            <port dstActor="D0N31" name="p22" srcActor="D0N14"/>
            <port dstActor="D0N43" name="p23" srcActor="D0N26"/>
            <port dstActor="D0N37" name="p24" srcActor="D0N8"/>
            <port dstActor="D0N26" name="p25" srcActor="D0N8"/>
            <port dstActor="D0N44" name="p26" srcActor="D0N8"/>
            <port dstActor="D0N34" name="p27" srcActor="D0N8"/>
            <port dstActor="D0N13" name="p28" srcActor="D0N8"/>
            <port dstActor="D0N32" name="p29" srcActor="D0N8"/>
            <port dstActor="D0N19" name="p30" srcActor="D0N8"/>
            <port dstActor="D0N22" name="p31" srcActor="D0N8"/>
            <port dstActor="D0N48" name="p32" srcActor="D0N46"/>
            <port dstActor="D0N24" name="p33" srcActor="D0N9"/>
            <port dstActor="D0N18" name="p34" srcActor="D0N9"/>
            <port dstActor="D0N41" name="p35" srcActor="D0N9"/>
            <port dstActor="D0N21" name="p36" srcActor="D0N9"/>
            <port dstActor="D0N28" name="p37" srcActor="D0N1"/>
            <port dstActor="D0N8" name="p38" srcActor="D0N1"/>
            <port dstActor="D0N34" name="p39" srcActor="D0N1"/>
            <port dstActor="D0N44" name="p40" srcActor="D0N1"/>
            <port dstActor="D0N25" name="p41" srcActor="D0N4"/>
            <port dstActor="D0N13" name="p42" srcActor="D0N4"/>
            <port dstActor="D0N16" name="p43" srcActor="D0N4"/>
            <port dstActor="D0N8" name="p44" srcActor="D0N4"/>
            <port dstActor="D0N7" name="p45" srcActor="D0N4"/>
            <port dstActor="D0N18" name="p46" srcActor="D0N3"/>
            <port dstActor="D0N7" name="p47" srcActor="D0N3"/>
            <port dstActor="D0N17" name="p48" srcActor="D0N3"/>
            <port dstActor="D0N34" name="p49" srcActor="D0N3"/>
            <port dstActor="D0N29" name="p50" srcActor="D0N3"/>
            <port dstActor="D0N41" name="p51" srcActor="D0N3"/>
            <port dstActor="D0N5" name="p52" srcActor="D0N0"/>
            <port dstActor="D0N47" name="p53" srcActor="D0N0"/>
            <port dstActor="D0N10" name="p54" srcActor="D0N0"/>
            <port dstActor="D0N26" name="p55" srcActor="D0N0"/>
            <port dstActor="D0N8" name="p56" srcActor="D0N0"/>
            <port dstActor="D0N32" name="p57" srcActor="D0N0"/>
            <port dstActor="D0N42" name="p58" srcActor="D0N36"/>
            <port dstActor="D0N38" name="p59" srcActor="D0N36"/>
            <port dstActor="D0N41" name="p60" srcActor="D0N36"/>
            <port dstActor="D0N38" name="p61" srcActor="D0N2"/>
            <port dstActor="D0N34" name="p62" srcActor="D0N2"/>
            <port dstActor="D0N37" name="p63" srcActor="D0N2"/>
            <port dstActor="D0N41" name="p64" srcActor="D0N2"/>
            <port dstActor="D0N12" name="p65" srcActor="D0N2"/>
            <port dstActor="D0N25" name="p66" srcActor="D0N2"/>
            <port dstActor="D0N40" name="p67" srcActor="D0N2"/>
            <port dstActor="D0N45" name="p68" srcActor="D0N2"/>
            <port dstActor="D0N38" name="p69" srcActor="D0N32"/>
            <port dstActor="D0N20" name="p70" srcActor="D0N12"/>
            <port dstActor="D0N15" name="p71" srcActor="D0N12"/>
            <port dstActor="D0N26" name="p72" srcActor="D0N12"/>
            <port dstActor="D0N29" name="p73" srcActor="D0N6"/>
            <port dstActor="D0N33" name="p74" srcActor="D0N6"/>
            <port dstActor="D0N15" name="p75" srcActor="D0N6"/>
            <port dstActor="D0N19" name="p76" srcActor="D0N6"/>
            <port dstActor="D0N25" name="p77" srcActor="D0N6"/>
            <port dstActor="D0N17" name="p78" srcActor="D0N6"/>
            <port dstActor="D0N18" name="p79" srcActor="D0N15"/>
            <port dstActor="D0N47" name="p80" srcActor="D0N15"/>
            <port dstActor="D0N39" name="p81" srcActor="D0N15"/>
            <port dstActor="D0N42" name="p82" srcActor="D0N15"/>
            <port dstActor="D0N45" name="p83" srcActor="D0N15"/>
            <port dstActor="D0N43" name="p84" srcActor="D0N15"/>
            <port dstActor="D0N23" name="p85" srcActor="D0N15"/>
            <port dstActor="D0N40" name="p86" srcActor="D0N15"/>
            <port dstActor="D0N30" name="p87" srcActor="D0N15"/>
            <port dstActor="D0N47" name="p88" srcActor="D0N27"/>
            <port dstActor="D0N46" name="p89" srcActor="D0N27"/>
            <port dstActor="D0N38" name="p90" srcActor="D0N24"/>
            <port dstActor="D0N33" name="p91" srcActor="D0N24"/>
            <port dstActor="D0N35" name="p92" srcActor="D0N24"/>
            <port dstActor="D0N45" name="p93" srcActor="D0N28"/>
            <port dstActor="D0N39" name="p94" srcActor="D0N28"/>
            <port dstActor="D0N31" name="p95" srcActor="D0N28"/>
            <port dstActor="D0N41" name="p96" srcActor="D0N16"/>
            <port dstActor="D0N38" name="p97" srcActor="D0N16"/>
            <port dstActor="D0N44" name="p98" srcActor="D0N16"/>
            <port dstActor="D0N17" name="p99" srcActor="D0N16"/>
            <port dstActor="D0N46" name="p100" srcActor="D0N37"/>
            <port dstActor="D0N40" name="p101" srcActor="D0N37"/>
            <port dstActor="D0N40" name="p102" srcActor="D0N10"/>
            <port dstActor="D0N47" name="p103" srcActor="D0N10"/>
            <port dstActor="D0N44" name="p104" srcActor="D0N10"/>
            <port dstActor="D0N39" name="p105" srcActor="D0N10"/>
            <port dstActor="D0N25" name="p106" srcActor="D0N10"/>
            <port dstActor="D0N30" name="p107" srcActor="D0N18"/>
            <port dstActor="D0N37" name="p108" srcActor="D0N18"/>
            <port dstActor="D0N47" name="p109" srcActor="D0N18"/>
            <port dstActor="D0N39" name="p110" srcActor="D0N18"/>
            <port dstActor="D0N43" name="p111" srcActor="D0N19"/>
            <port dstActor="D0N42" name="p112" srcActor="D0N19"/>
            <port dstActor="D0N42" name="p113" srcActor="D0N23"/>
            <port dstActor="D0N47" name="p114" srcActor="D0N23"/>
            <port dstActor="D0N45" name="p115" srcActor="D0N22"/>
            <port dstActor="D0N29" name="p116" srcActor="D0N22"/>
            <port dstActor="D0N44" name="p117" srcActor="D0N22"/>
            <port dstActor="D0N37" name="p118" srcActor="D0N22"/>
            <port dstActor="D0N47" name="p119" srcActor="D0N44"/>
            <port dstActor="D0N35" name="p120" srcActor="D0N30"/>
            <port dstActor="D0N46" name="p121" srcActor="D0N30"/>
            <port dstActor="D0N36" name="p122" srcActor="D0N11"/>
            <port dstActor="D0N22" name="p123" srcActor="D0N11"/>
            <port dstActor="D0N24" name="p124" srcActor="D0N11"/>
            <port dstActor="D0N31" name="p125" srcActor="D0N17"/>
            <port dstActor="D0N24" name="p126" srcActor="D0N17"/>
            <port dstActor="D0N35" name="p127" srcActor="D0N25"/>
            <port dstActor="D0N18" name="p128" srcActor="D0N7"/>
            <port dstActor="D0N15" name="p129" srcActor="D0N7"/>
            <port dstActor="D0N34" name="p130" srcActor="D0N7"/>
            <port dstActor="D0N35" name="p131" srcActor="D0N7"/>
            <port dstActor="D0N43" name="p132" srcActor="D0N7"/>
            <port dstActor="D0N47" name="p133" srcActor="D0N7"/>
        </ports>
    </mcdag>
    <cores number="2"/>
    <levels number="2"/>
</mcsystem>
