<?xml version="1.0" encoding="UTF-8" standalone="no"?>
<mcsystem>
    <mcdag deadline="1200" name="genned-0-ed-10.0-0">
        <actor name="D0N38">
            <wcet number="0">50</wcet>
            <wcet number="1">80</wcet>
            <maxpow number="0.35927181556740817"/>
            <maxpow number="0.35927181556740817"/>
            <fprob>0.0</fprob>
        </actor>
        <actor name="D0N5">
            <wcet number="0">30</wcet>
            <wcet number="1">30</wcet>
            <maxpow number="0.3715335411006401"/>
            <maxpow number="0.3715335411006401"/>
            <fprob>0.0</fprob>
        </actor>
        <actor name="D0N29">
            <wcet number="0">10</wcet>
            <wcet number="1">20</wcet>
            <maxpow number="0.6325371176578533"/>
            <maxpow number="0.6325371176578533"/>
            <fprob>0.0</fprob>
        </actor>
        <actor name="D0N33">
            <wcet number="0">20</wcet>
            <wcet number="1">50</wcet>
            <maxpow number="0.8143293999815617"/>
            <maxpow number="0.8143293999815617"/>
            <fprob>0.0</fprob>
        </actor>
        <actor name="D0N7">
            <wcet number="0">50</wcet>
            <wcet number="1">110</wcet>
            <maxpow number="0.32235264492612664"/>
            <maxpow number="0.32235264492612664"/>
            <fprob>0.0</fprob>
        </actor>
        <actor name="D0N20">
            <wcet number="0">10</wcet>
            <wcet number="1">10</wcet>
            <maxpow number="0.8179963341570609"/>
            <maxpow number="0.8179963341570609"/>
            <fprob>0.0</fprob>
        </actor>
        <actor name="D0N34">
            <wcet number="0">20</wcet>
            <wcet number="1">20</wcet>
            <maxpow number="0.23511403707344397"/>
            <maxpow number="0.23511403707344397"/>
            <fprob>0.0</fprob>
        </actor>
        <actor name="D0N28">
            <wcet number="0">80</wcet>
            <wcet number="1">140</wcet>
            <maxpow number="0.8481142956084554"/>
            <maxpow number="0.8481142956084554"/>
            <fprob>0.0</fprob>
        </actor>
        <actor name="D0N1">
            <wcet number="0">20</wcet>
            <wcet number="1">60</wcet>
            <maxpow number="0.4966865374264769"/>
            <maxpow number="0.4966865374264769"/>
            <fprob>0.0</fprob>
        </actor>
        <actor name="D0N12">
            <wcet number="0">30</wcet>
            <wcet number="1">30</wcet>
            <maxpow number="0.6758916749365628"/>
            <maxpow number="0.6758916749365628"/>
            <fprob>0.0</fprob>
        </actor>
        <actor name="D0N0">
            <wcet number="0">20</wcet>
            <wcet number="1">70</wcet>
            <maxpow number="0.46534155768492214"/>
            <maxpow number="0.46534155768492214"/>
            <fprob>0.0</fprob>
        </actor>
        <actor name="D0N21">
            <wcet number="0">20</wcet>
            <wcet number="1">30</wcet>
            <maxpow number="0.5903075669814685"/>
            <maxpow number="0.5903075669814685"/>
            <fprob>0.0</fprob>
        </actor>
        <actor name="D0N31">
            <wcet number="0">30</wcet>
            <wcet number="1">30</wcet>
            <maxpow number="0.4727599050043385"/>
            <maxpow number="0.4727599050043385"/>
            <fprob>0.0</fprob>
        </actor>
        <actor name="D0N42">
            <wcet number="0">30</wcet>
            <wcet number="1">120</wcet>
            <maxpow number="0.6087023065758657"/>
            <maxpow number="0.6087023065758657"/>
            <fprob>0.0</fprob>
        </actor>
        <actor name="D0N27">
            <wcet number="0">50</wcet>
            <wcet number="1">50</wcet>
            <maxpow number="0.3338492308635001"/>
            <maxpow number="0.3338492308635001"/>
            <fprob>0.0</fprob>
        </actor>
        <actor name="D0N19">
            <wcet number="0">70</wcet>
            <wcet number="1">70</wcet>
            <maxpow number="0.6722241462290984"/>
            <maxpow number="0.6722241462290984"/>
            <fprob>0.0</fprob>
        </actor>
        <actor name="D0N45">
            <wcet number="0">90</wcet>
            <wcet number="1">140</wcet>
            <maxpow number="0.06784593006334988"/>
            <maxpow number="0.06784593006334988"/>
            <fprob>0.0</fprob>
        </actor>
        <actor name="D0N11">
            <wcet number="0">60</wcet>
            <wcet number="1">60</wcet>
            <maxpow number="0.2370265600477342"/>
            <maxpow number="0.2370265600477342"/>
            <fprob>0.0</fprob>
        </actor>
        <actor name="D0N14">
            <wcet number="0">120</wcet>
            <wcet number="1">120</wcet>
            <maxpow number="0.8064790744233163"/>
            <maxpow number="0.8064790744233163"/>
            <fprob>0.0</fprob>
        </actor>
        <actor name="D0N22">
            <wcet number="0">30</wcet>
            <wcet number="1">30</wcet>
            <maxpow number="0.5922820218572507"/>
            <maxpow number="0.5922820218572507"/>
            <fprob>0.0</fprob>
        </actor>
        <actor name="D0N25">
            <wcet number="0">30</wcet>
            <wcet number="1">30</wcet>
            <maxpow number="0.5033714547271488"/>
            <maxpow number="0.5033714547271488"/>
            <fprob>0.0</fprob>
        </actor>
        <actor name="D0N9">
            <wcet number="0">160</wcet>
            <wcet number="1">160</wcet>
            <maxpow number="0.22388779102923728"/>
            <maxpow number="0.22388779102923728"/>
            <fprob>0.0</fprob>
        </actor>
        <actor name="D0N13">
            <wcet number="0">10</wcet>
            <wcet number="1">20</wcet>
            <maxpow number="0.3263233068554031"/>
            <maxpow number="0.3263233068554031"/>
            <fprob>0.0</fprob>
        </actor>
        <actor name="D0N16">
            <wcet number="0">30</wcet>
            <wcet number="1">30</wcet>
            <maxpow number="0.3666103458803885"/>
            <maxpow number="0.3666103458803885"/>
            <fprob>0.0</fprob>
        </actor>
        <actor name="D0N15">
            <wcet number="0">30</wcet>
            <wcet number="1">80</wcet>
            <maxpow number="0.589138758702849"/>
            <maxpow number="0.589138758702849"/>
            <fprob>0.0</fprob>
        </actor>
        <actor name="D0N32">
            <wcet number="0">50</wcet>
            <wcet number="1">60</wcet>
            <maxpow number="0.46807690168921345"/>
            <maxpow number="0.46807690168921345"/>
            <fprob>0.0</fprob>
        </actor>
        <actor name="D0N18">
            <wcet number="0">40</wcet>
            <wcet number="1">50</wcet>
            <maxpow number="0.17232843173744844"/>
            <maxpow number="0.17232843173744844"/>
            <fprob>0.0</fprob>
        </actor>
        <actor name="D0N4">
            <wcet number="0">10</wcet>
            <wcet number="1">20</wcet>
            <maxpow number="0.6190431616219684"/>
            <maxpow number="0.6190431616219684"/>
            <fprob>0.0</fprob>
        </actor>
        <actor name="D0N44">
            <wcet number="0">10</wcet>
            <wcet number="1">40</wcet>
            <maxpow number="0.5912028500907899"/>
            <maxpow number="0.5912028500907899"/>
            <fprob>0.0</fprob>
        </actor>
        <actor name="D0N40">
            <wcet number="0">20</wcet>
            <wcet number="1">20</wcet>
            <maxpow number="0.3426366191259812"/>
            <maxpow number="0.3426366191259812"/>
            <fprob>0.0</fprob>
        </actor>
        <actor name="D0N23">
            <wcet number="0">30</wcet>
            <wcet number="1">40</wcet>
            <maxpow number="0.586440993483686"/>
            <maxpow number="0.586440993483686"/>
            <fprob>0.0</fprob>
        </actor>
        <actor name="D0N8">
            <wcet number="0">30</wcet>
            <wcet number="1">40</wcet>
            <maxpow number="0.5052213589645528"/>
            <maxpow number="0.5052213589645528"/>
            <fprob>0.0</fprob>
        </actor>
        <actor name="D0N41">
            <wcet number="0">90</wcet>
            <wcet number="1">120</wcet>
            <maxpow number="0.33874715572299974"/>
            <maxpow number="0.33874715572299974"/>
            <fprob>0.0</fprob>
        </actor>
        <actor name="D0N35">
            <wcet number="0">10</wcet>
            <wcet number="1">10</wcet>
            <maxpow number="0.2699394202991425"/>
            <maxpow number="0.2699394202991425"/>
            <fprob>0.0</fprob>
        </actor>
        <actor name="D0N36">
            <wcet number="0">20</wcet>
            <wcet number="1">40</wcet>
            <maxpow number="0.729427415844519"/>
            <maxpow number="0.729427415844519"/>
            <fprob>0.0</fprob>
        </actor>
        <actor name="D0N43">
            <wcet number="0">60</wcet>
            <wcet number="1">70</wcet>
            <maxpow number="0.4331317963637739"/>
            <maxpow number="0.4331317963637739"/>
            <fprob>0.0</fprob>
        </actor>
        <actor name="D0N30">
            <wcet number="0">10</wcet>
            <wcet number="1">10</wcet>
            <maxpow number="0.5252495859509307"/>
            <maxpow number="0.5252495859509307"/>
            <fprob>0.0</fprob>
        </actor>
        <actor name="D0N37">
            <wcet number="0">10</wcet>
            <wcet number="1">10</wcet>
            <maxpow number="0.5175944948993868"/>
            <maxpow number="0.5175944948993868"/>
            <fprob>0.0</fprob>
        </actor>
        <actor name="D0N17">
            <wcet number="0">10</wcet>
            <wcet number="1">40</wcet>
            <maxpow number="0.8471980610379723"/>
            <maxpow number="0.8471980610379723"/>
            <fprob>0.0</fprob>
        </actor>
        <actor name="D0N2">
            <wcet number="0">10</wcet>
            <wcet number="1">10</wcet>
            <maxpow number="0.577565455609309"/>
            <maxpow number="0.577565455609309"/>
            <fprob>0.0</fprob>
        </actor>
        <actor name="D0N6">
            <wcet number="0">10</wcet>
            <wcet number="1">20</wcet>
            <maxpow number="0.7644707954649642"/>
            <maxpow number="0.7644707954649642"/>
            <fprob>0.0</fprob>
        </actor>
        <actor name="D0N10">
            <wcet number="0">70</wcet>
            <wcet number="1">90</wcet>
            <maxpow number="0.0887523487427172"/>
            <maxpow number="0.0887523487427172"/>
            <fprob>0.0</fprob>
        </actor>
        <actor name="D0N26">
            <wcet number="0">10</wcet>
            <wcet number="1">30</wcet>
            <maxpow number="0.47318155972977705"/>
            <maxpow number="0.47318155972977705"/>
            <fprob>0.0</fprob>
        </actor>
        <actor name="D0N3">
            <wcet number="0">10</wcet>
            <wcet number="1">10</wcet>
            <maxpow number="0.7442000586992207"/>
            <maxpow number="0.7442000586992207"/>
            <fprob>0.0</fprob>
        </actor>
        <actor name="D0N39">
            <wcet number="0">20</wcet>
            <wcet number="1">60</wcet>
            <maxpow number="0.36308604332616573"/>
            <maxpow number="0.36308604332616573"/>
            <fprob>0.0</fprob>
        </actor>
        <actor name="D0N24">
            <wcet number="0">10</wcet>
            <wcet number="1">20</wcet>
            <maxpow number="0.3744619682260417"/>
            <maxpow number="0.3744619682260417"/>
            <fprob>0.0</fprob>
        </actor>
        <ports>
            <port dstActor="D0N17" name="p0" srcActor="D0N5"/>
            <port dstActor="D0N27" name="p1" srcActor="D0N5"/>
            <port dstActor="D0N44" name="p2" srcActor="D0N33"/>
            <port dstActor="D0N38" name="p3" srcActor="D0N33"/>
            <port dstActor="D0N23" name="p4" srcActor="D0N7"/>
            <port dstActor="D0N33" name="p5" srcActor="D0N7"/>
            <port dstActor="D0N22" name="p6" srcActor="D0N20"/>
            <port dstActor="D0N37" name="p7" srcActor="D0N20"/>
            <port dstActor="D0N42" name="p8" srcActor="D0N34"/>
            <port dstActor="D0N35" name="p9" srcActor="D0N28"/>
            <port dstActor="D0N43" name="p10" srcActor="D0N28"/>
            <port dstActor="D0N30" name="p11" srcActor="D0N28"/>
            <port dstActor="D0N44" name="p12" srcActor="D0N28"/>
            <port dstActor="D0N22" name="p13" srcActor="D0N12"/>
            <port dstActor="D0N16" name="p14" srcActor="D0N0"/>
            <port dstActor="D0N6" name="p15" srcActor="D0N0"/>
            <port dstActor="D0N19" name="p16" srcActor="D0N0"/>
            <port dstActor="D0N26" name="p17" srcActor="D0N0"/>
            <port dstActor="D0N1" name="p18" srcActor="D0N0"/>
            <port dstActor="D0N34" name="p19" srcActor="D0N0"/>
            <port dstActor="D0N39" name="p20" srcActor="D0N21"/>
            <port dstActor="D0N26" name="p21" srcActor="D0N21"/>
            <port dstActor="D0N38" name="p22" srcActor="D0N31"/>
            <port dstActor="D0N34" name="p23" srcActor="D0N31"/>
            <port dstActor="D0N39" name="p24" srcActor="D0N31"/>
            <port dstActor="D0N40" name="p25" srcActor="D0N31"/>
            <port dstActor="D0N44" name="p26" srcActor="D0N31"/>
            <port dstActor="D0N42" name="p27" srcActor="D0N27"/>
            <port dstActor="D0N37" name="p28" srcActor="D0N19"/>
            <port dstActor="D0N42" name="p29" srcActor="D0N19"/>
            <port dstActor="D0N23" name="p30" srcActor="D0N19"/>
            <port dstActor="D0N12" name="p31" srcActor="D0N11"/>
            <port dstActor="D0N39" name="p32" srcActor="D0N11"/>
            <port dstActor="D0N35" name="p33" srcActor="D0N11"/>
            <port dstActor="D0N38" name="p34" srcActor="D0N14"/>
            <port dstActor="D0N18" name="p35" srcActor="D0N14"/>
            <port dstActor="D0N16" name="p36" srcActor="D0N14"/>
            <port dstActor="D0N20" name="p37" srcActor="D0N14"/>
            <port dstActor="D0N23" name="p38" srcActor="D0N14"/>
            <port dstActor="D0N25" name="p39" srcActor="D0N14"/>
            <port dstActor="D0N27" name="p40" srcActor="D0N14"/>
            <port dstActor="D0N26" name="p41" srcActor="D0N22"/>
            <port dstActor="D0N36" name="p42" srcActor="D0N22"/>
            <port dstActor="D0N42" name="p43" srcActor="D0N25"/>
            <port dstActor="D0N40" name="p44" srcActor="D0N25"/>
            <port dstActor="D0N32" name="p45" srcActor="D0N9"/>
            <port dstActor="D0N34" name="p46" srcActor="D0N9"/>
            <port dstActor="D0N27" name="p47" srcActor="D0N13"/>
            <port dstActor="D0N24" name="p48" srcActor="D0N16"/>
            <port dstActor="D0N22" name="p49" srcActor="D0N16"/>
            <port dstActor="D0N39" name="p50" srcActor="D0N16"/>
            <port dstActor="D0N27" name="p51" srcActor="D0N16"/>
            <port dstActor="D0N26" name="p52" srcActor="D0N15"/>
            <port dstActor="D0N39" name="p53" srcActor="D0N32"/>
            <port dstActor="D0N35" name="p54" srcActor="D0N18"/>
            <port dstActor="D0N43" name="p55" srcActor="D0N4"/>
            <port dstActor="D0N11" name="p56" srcActor="D0N4"/>
            <port dstActor="D0N17" name="p57" srcActor="D0N4"/>
            <port dstActor="D0N24" name="p58" srcActor="D0N4"/>
            <port dstActor="D0N27" name="p59" srcActor="D0N4"/>
            <port dstActor="D0N41" name="p60" srcActor="D0N4"/>
            <port dstActor="D0N45" name="p61" srcActor="D0N40"/>
            <port dstActor="D0N28" name="p62" srcActor="D0N23"/>
            <port dstActor="D0N40" name="p63" srcActor="D0N23"/>
            <port dstActor="D0N35" name="p64" srcActor="D0N23"/>
            <port dstActor="D0N32" name="p65" srcActor="D0N23"/>
            <port dstActor="D0N43" name="p66" srcActor="D0N23"/>
            <port dstActor="D0N32" name="p67" srcActor="D0N8"/>
            <port dstActor="D0N26" name="p68" srcActor="D0N8"/>
            <port dstActor="D0N21" name="p69" srcActor="D0N8"/>
            <port dstActor="D0N41" name="p70" srcActor="D0N8"/>
            <port dstActor="D0N39" name="p71" srcActor="D0N8"/>
            <port dstActor="D0N18" name="p72" srcActor="D0N8"/>
            <port dstActor="D0N45" name="p73" srcActor="D0N8"/>
            <port dstActor="D0N38" name="p74" srcActor="D0N36"/>
            <port dstActor="D0N45" name="p75" srcActor="D0N30"/>
            <port dstActor="D0N43" name="p76" srcActor="D0N37"/>
            <port dstActor="D0N42" name="p77" srcActor="D0N17"/>
            <port dstActor="D0N37" name="p78" srcActor="D0N17"/>
            <port dstActor="D0N26" name="p79" srcActor="D0N2"/>
            <port dstActor="D0N22" name="p80" srcActor="D0N2"/>
            <port dstActor="D0N29" name="p81" srcActor="D0N2"/>
            <port dstActor="D0N21" name="p82" srcActor="D0N2"/>
            <port dstActor="D0N18" name="p83" srcActor="D0N6"/>
            <port dstActor="D0N27" name="p84" srcActor="D0N6"/>
            <port dstActor="D0N38" name="p85" srcActor="D0N6"/>
            <port dstActor="D0N24" name="p86" srcActor="D0N6"/>
            <port dstActor="D0N40" name="p87" srcActor="D0N6"/>
            <port dstActor="D0N40" name="p88" srcActor="D0N10"/>
            <port dstActor="D0N16" name="p89" srcActor="D0N10"/>
            <port dstActor="D0N45" name="p90" srcActor="D0N10"/>
            <port dstActor="D0N37" name="p91" srcActor="D0N10"/>
            <port dstActor="D0N26" name="p92" srcActor="D0N10"/>
            <port dstActor="D0N42" name="p93" srcActor="D0N10"/>
            <port dstActor="D0N44" name="p94" srcActor="D0N26"/>
            <port dstActor="D0N32" name="p95" srcActor="D0N26"/>
            <port dstActor="D0N8" name="p96" srcActor="D0N3"/>
            <port dstActor="D0N36" name="p97" srcActor="D0N3"/>
            <port dstActor="D0N17" name="p98" srcActor="D0N3"/>
            <port dstActor="D0N34" name="p99" srcActor="D0N3"/>
            <port dstActor="D0N26" name="p100" srcActor="D0N24"/>
            <port dstActor="D0N42" name="p101" srcActor="D0N24"/>
        </ports>
    </mcdag>
    <cores number="2"/>
    <levels number="2"/>
</mcsystem>
