<?xml version="1.0" encoding="UTF-8" standalone="no"?>
<mcsystem>
    <mcdag deadline="2000" name="genned-0-ed-10.0-0">
        <actor name="D0N42">
            <wcet number="0">10</wcet>
            <wcet number="1">160</wcet>
            <maxpow number="0.42155167268350074"/>
            <maxpow number="0.42155167268350074"/>
            <fprob>0.0</fprob>
        </actor>
        <actor name="D0N17">
            <wcet number="0">40</wcet>
            <wcet number="1">60</wcet>
            <maxpow number="0.5988207288952595"/>
            <maxpow number="0.5988207288952595"/>
            <fprob>0.0</fprob>
        </actor>
        <actor name="D0N16">
            <wcet number="0">50</wcet>
            <wcet number="1">110</wcet>
            <maxpow number="0.7757872423768118"/>
            <maxpow number="0.7757872423768118"/>
            <fprob>0.0</fprob>
        </actor>
        <actor name="D0N45">
            <wcet number="0">110</wcet>
            <wcet number="1">130</wcet>
            <maxpow number="0.30308243890490144"/>
            <maxpow number="0.30308243890490144"/>
            <fprob>0.0</fprob>
        </actor>
        <actor name="D0N28">
            <wcet number="0">20</wcet>
            <wcet number="1">20</wcet>
            <maxpow number="0.4883590486001037"/>
            <maxpow number="0.4883590486001037"/>
            <fprob>0.0</fprob>
        </actor>
        <actor name="D0N4">
            <wcet number="0">10</wcet>
            <wcet number="1">10</wcet>
            <maxpow number="0.588942279142348"/>
            <maxpow number="0.588942279142348"/>
            <fprob>0.0</fprob>
        </actor>
        <actor name="D0N19">
            <wcet number="0">70</wcet>
            <wcet number="1">200</wcet>
            <maxpow number="0.5452548256581743"/>
            <maxpow number="0.5452548256581743"/>
            <fprob>0.0</fprob>
        </actor>
        <actor name="D0N48">
            <wcet number="0">40</wcet>
            <wcet number="1">50</wcet>
            <maxpow number="0.5982366204708041"/>
            <maxpow number="0.5982366204708041"/>
            <fprob>0.0</fprob>
        </actor>
        <actor name="D0N46">
            <wcet number="0">50</wcet>
            <wcet number="1">60</wcet>
            <maxpow number="0.5258739534508173"/>
            <maxpow number="0.5258739534508173"/>
            <fprob>0.0</fprob>
        </actor>
        <actor name="D0N2">
            <wcet number="0">10</wcet>
            <wcet number="1">120</wcet>
            <maxpow number="0.8521903776354831"/>
            <maxpow number="0.8521903776354831"/>
            <fprob>0.0</fprob>
        </actor>
        <actor name="D0N20">
            <wcet number="0">50</wcet>
            <wcet number="1">70</wcet>
            <maxpow number="0.8870743304043652"/>
            <maxpow number="0.8870743304043652"/>
            <fprob>0.0</fprob>
        </actor>
        <actor name="D0N38">
            <wcet number="0">10</wcet>
            <wcet number="1">10</wcet>
            <maxpow number="0.13533921217466738"/>
            <maxpow number="0.13533921217466738"/>
            <fprob>0.0</fprob>
        </actor>
        <actor name="D0N32">
            <wcet number="0">30</wcet>
            <wcet number="1">70</wcet>
            <maxpow number="0.537269818812159"/>
            <maxpow number="0.537269818812159"/>
            <fprob>0.0</fprob>
        </actor>
        <actor name="D0N33">
            <wcet number="0">70</wcet>
            <wcet number="1">150</wcet>
            <maxpow number="0.24896614928950417"/>
            <maxpow number="0.24896614928950417"/>
            <fprob>0.0</fprob>
        </actor>
        <actor name="D0N47">
            <wcet number="0">10</wcet>
            <wcet number="1">50</wcet>
            <maxpow number="0.838865897728404"/>
            <maxpow number="0.838865897728404"/>
            <fprob>0.0</fprob>
        </actor>
        <actor name="D0N41">
            <wcet number="0">100</wcet>
            <wcet number="1">110</wcet>
            <maxpow number="0.8354464012926421"/>
            <maxpow number="0.8354464012926421"/>
            <fprob>0.0</fprob>
        </actor>
        <actor name="D0N5">
            <wcet number="0">10</wcet>
            <wcet number="1">50</wcet>
            <maxpow number="0.7686905467129439"/>
            <maxpow number="0.7686905467129439"/>
            <fprob>0.0</fprob>
        </actor>
        <actor name="D0N21">
            <wcet number="0">80</wcet>
            <wcet number="1">110</wcet>
            <maxpow number="0.6114858040502942"/>
            <maxpow number="0.6114858040502942"/>
            <fprob>0.0</fprob>
        </actor>
        <actor name="D0N22">
            <wcet number="0">10</wcet>
            <wcet number="1">10</wcet>
            <maxpow number="0.4714058313182382"/>
            <maxpow number="0.4714058313182382"/>
            <fprob>0.0</fprob>
        </actor>
        <actor name="D0N40">
            <wcet number="0">10</wcet>
            <wcet number="1">20</wcet>
            <maxpow number="0.5180788614396991"/>
            <maxpow number="0.5180788614396991"/>
            <fprob>0.0</fprob>
        </actor>
        <actor name="D0N26">
            <wcet number="0">120</wcet>
            <wcet number="1">190</wcet>
            <maxpow number="0.4507418897449583"/>
            <maxpow number="0.4507418897449583"/>
            <fprob>0.0</fprob>
        </actor>
        <actor name="D0N37">
            <wcet number="0">10</wcet>
            <wcet number="1">20</wcet>
            <maxpow number="0.4846566387719462"/>
            <maxpow number="0.4846566387719462"/>
            <fprob>0.0</fprob>
        </actor>
        <actor name="D0N10">
            <wcet number="0">20</wcet>
            <wcet number="1">90</wcet>
            <maxpow number="0.5323759394660652"/>
            <maxpow number="0.5323759394660652"/>
            <fprob>0.0</fprob>
        </actor>
        <actor name="D0N29">
            <wcet number="0">100</wcet>
            <wcet number="1">100</wcet>
            <maxpow number="0.614072363352274"/>
            <maxpow number="0.614072363352274"/>
            <fprob>0.0</fprob>
        </actor>
        <actor name="D0N12">
            <wcet number="0">160</wcet>
            <wcet number="1">300</wcet>
            <maxpow number="0.5981264133924468"/>
            <maxpow number="0.5981264133924468"/>
            <fprob>0.0</fprob>
        </actor>
        <actor name="D0N35">
            <wcet number="0">10</wcet>
            <wcet number="1">100</wcet>
            <maxpow number="0.9526322092211776"/>
            <maxpow number="0.9526322092211776"/>
            <fprob>0.0</fprob>
        </actor>
        <actor name="D0N15">
            <wcet number="0">10</wcet>
            <wcet number="1">10</wcet>
            <maxpow number="0.6663424546847247"/>
            <maxpow number="0.6663424546847247"/>
            <fprob>0.0</fprob>
        </actor>
        <actor name="D0N31">
            <wcet number="0">10</wcet>
            <wcet number="1">120</wcet>
            <maxpow number="0.44437858122370966"/>
            <maxpow number="0.44437858122370966"/>
            <fprob>0.0</fprob>
        </actor>
        <actor name="D0N30">
            <wcet number="0">150</wcet>
            <wcet number="1">150</wcet>
            <maxpow number="0.4154543895641033"/>
            <maxpow number="0.4154543895641033"/>
            <fprob>0.0</fprob>
        </actor>
        <actor name="D0N8">
            <wcet number="0">10</wcet>
            <wcet number="1">10</wcet>
            <maxpow number="0.6729258648933131"/>
            <maxpow number="0.6729258648933131"/>
            <fprob>0.0</fprob>
        </actor>
        <actor name="D0N14">
            <wcet number="0">140</wcet>
            <wcet number="1">200</wcet>
            <maxpow number="0.7672565909815211"/>
            <maxpow number="0.7672565909815211"/>
            <fprob>0.0</fprob>
        </actor>
        <actor name="D0N43">
            <wcet number="0">10</wcet>
            <wcet number="1">20</wcet>
            <maxpow number="0.6018356939402312"/>
            <maxpow number="0.6018356939402312"/>
            <fprob>0.0</fprob>
        </actor>
        <actor name="D0N25">
            <wcet number="0">10</wcet>
            <wcet number="1">20</wcet>
            <maxpow number="0.7210665678310803"/>
            <maxpow number="0.7210665678310803"/>
            <fprob>0.0</fprob>
        </actor>
        <actor name="D0N6">
            <wcet number="0">40</wcet>
            <wcet number="1">40</wcet>
            <maxpow number="0.5049009836859266"/>
            <maxpow number="0.5049009836859266"/>
            <fprob>0.0</fprob>
        </actor>
        <actor name="D0N23">
            <wcet number="0">40</wcet>
            <wcet number="1">130</wcet>
            <maxpow number="0.6969782816538214"/>
            <maxpow number="0.6969782816538214"/>
            <fprob>0.0</fprob>
        </actor>
        <actor name="D0N18">
            <wcet number="0">10</wcet>
            <wcet number="1">10</wcet>
            <maxpow number="0.6556168442370852"/>
            <maxpow number="0.6556168442370852"/>
            <fprob>0.0</fprob>
        </actor>
        <actor name="D0N27">
            <wcet number="0">50</wcet>
            <wcet number="1">220</wcet>
            <maxpow number="0.2591267012893629"/>
            <maxpow number="0.2591267012893629"/>
            <fprob>0.0</fprob>
        </actor>
        <actor name="D0N36">
            <wcet number="0">20</wcet>
            <wcet number="1">30</wcet>
            <maxpow number="0.45682120094588624"/>
            <maxpow number="0.45682120094588624"/>
            <fprob>0.0</fprob>
        </actor>
        <actor name="D0N44">
            <wcet number="0">50</wcet>
            <wcet number="1">80</wcet>
            <maxpow number="0.418478785604543"/>
            <maxpow number="0.418478785604543"/>
            <fprob>0.0</fprob>
        </actor>
        <actor name="D0N39">
            <wcet number="0">20</wcet>
            <wcet number="1">20</wcet>
            <maxpow number="0.40948327094444875"/>
            <maxpow number="0.40948327094444875"/>
            <fprob>0.0</fprob>
        </actor>
        <actor name="D0N34">
            <wcet number="0">10</wcet>
            <wcet number="1">10</wcet>
            <maxpow number="0.21471069007951726"/>
            <maxpow number="0.21471069007951726"/>
            <fprob>0.0</fprob>
        </actor>
        <actor name="D0N3">
            <wcet number="0">140</wcet>
            <wcet number="1">140</wcet>
            <maxpow number="0.47444966201213357"/>
            <maxpow number="0.47444966201213357"/>
            <fprob>0.0</fprob>
        </actor>
        <actor name="D0N11">
            <wcet number="0">40</wcet>
            <wcet number="1">40</wcet>
            <maxpow number="0.6809020182473202"/>
            <maxpow number="0.6809020182473202"/>
            <fprob>0.0</fprob>
        </actor>
        <actor name="D0N24">
            <wcet number="0">40</wcet>
            <wcet number="1">120</wcet>
            <maxpow number="0.3380171643791159"/>
            <maxpow number="0.3380171643791159"/>
            <fprob>0.0</fprob>
        </actor>
        <actor name="D0N13">
            <wcet number="0">70</wcet>
            <wcet number="1">70</wcet>
            <maxpow number="0.7380692064073763"/>
            <maxpow number="0.7380692064073763"/>
            <fprob>0.0</fprob>
        </actor>
        <actor name="D0N1">
            <wcet number="0">10</wcet>
            <wcet number="1">90</wcet>
            <maxpow number="0.8090091312874903"/>
            <maxpow number="0.8090091312874903"/>
            <fprob>0.0</fprob>
        </actor>
        <actor name="D0N7">
            <wcet number="0">80</wcet>
            <wcet number="1">140</wcet>
            <maxpow number="0.42014811687377296"/>
            <maxpow number="0.42014811687377296"/>
            <fprob>0.0</fprob>
        </actor>
        <actor name="D0N9">
            <wcet number="0">460</wcet>
            <wcet number="1">580</wcet>
            <maxpow number="0.3921290959231598"/>
            <maxpow number="0.3921290959231598"/>
            <fprob>0.0</fprob>
        </actor>
        <actor name="D0N0">
            <wcet number="0">120</wcet>
            <wcet number="1">180</wcet>
            <maxpow number="1.019889056251729"/>
            <maxpow number="1.019889056251729"/>
            <fprob>0.0</fprob>
        </actor>
        <ports>
            <port dstActor="D0N25" name="p0" srcActor="D0N17"/>
            <port dstActor="D0N22" name="p1" srcActor="D0N16"/>
            <port dstActor="D0N37" name="p2" srcActor="D0N16"/>
            <port dstActor="D0N35" name="p3" srcActor="D0N16"/>
            <port dstActor="D0N45" name="p4" srcActor="D0N16"/>
            <port dstActor="D0N46" name="p5" srcActor="D0N16"/>
            <port dstActor="D0N34" name="p6" srcActor="D0N28"/>
            <port dstActor="D0N45" name="p7" srcActor="D0N4"/>
            <port dstActor="D0N35" name="p8" srcActor="D0N4"/>
            <port dstActor="D0N21" name="p9" srcActor="D0N4"/>
            <port dstActor="D0N31" name="p10" srcActor="D0N4"/>
            <port dstActor="D0N46" name="p11" srcActor="D0N4"/>
            <port dstActor="D0N6" name="p12" srcActor="D0N4"/>
            <port dstActor="D0N48" name="p13" srcActor="D0N19"/>
            <port dstActor="D0N24" name="p14" srcActor="D0N2"/>
            <port dstActor="D0N36" name="p15" srcActor="D0N2"/>
            <port dstActor="D0N45" name="p16" srcActor="D0N2"/>
            <port dstActor="D0N16" name="p17" srcActor="D0N2"/>
            <port dstActor="D0N32" name="p18" srcActor="D0N2"/>
            <port dstActor="D0N42" name="p19" srcActor="D0N20"/>
            <port dstActor="D0N27" name="p20" srcActor="D0N20"/>
            <port dstActor="D0N46" name="p21" srcActor="D0N38"/>
            <port dstActor="D0N42" name="p22" srcActor="D0N38"/>
            <port dstActor="D0N34" name="p23" srcActor="D0N32"/>
            <port dstActor="D0N36" name="p24" srcActor="D0N32"/>
            <port dstActor="D0N40" name="p25" srcActor="D0N32"/>
            <port dstActor="D0N46" name="p26" srcActor="D0N33"/>
            <port dstActor="D0N48" name="p27" srcActor="D0N41"/>
            <port dstActor="D0N9" name="p28" srcActor="D0N5"/>
            <port dstActor="D0N41" name="p29" srcActor="D0N5"/>
            <port dstActor="D0N16" name="p30" srcActor="D0N5"/>
            <port dstActor="D0N13" name="p31" srcActor="D0N5"/>
            <port dstActor="D0N41" name="p32" srcActor="D0N21"/>
            <port dstActor="D0N48" name="p33" srcActor="D0N21"/>
            <port dstActor="D0N26" name="p34" srcActor="D0N21"/>
            <port dstActor="D0N45" name="p35" srcActor="D0N21"/>
            <port dstActor="D0N45" name="p36" srcActor="D0N22"/>
            <port dstActor="D0N48" name="p37" srcActor="D0N22"/>
            <port dstActor="D0N24" name="p38" srcActor="D0N22"/>
            <port dstActor="D0N33" name="p39" srcActor="D0N22"/>
            <port dstActor="D0N40" name="p40" srcActor="D0N22"/>
            <port dstActor="D0N45" name="p41" srcActor="D0N26"/>
            <port dstActor="D0N40" name="p42" srcActor="D0N26"/>
            <port dstActor="D0N47" name="p43" srcActor="D0N26"/>
            <port dstActor="D0N29" name="p44" srcActor="D0N26"/>
            <port dstActor="D0N37" name="p45" srcActor="D0N26"/>
            <port dstActor="D0N42" name="p46" srcActor="D0N26"/>
            <port dstActor="D0N47" name="p47" srcActor="D0N37"/>
            <port dstActor="D0N48" name="p48" srcActor="D0N37"/>
            <port dstActor="D0N40" name="p49" srcActor="D0N37"/>
            <port dstActor="D0N44" name="p50" srcActor="D0N37"/>
            <port dstActor="D0N45" name="p51" srcActor="D0N37"/>
            <port dstActor="D0N26" name="p52" srcActor="D0N10"/>
            <port dstActor="D0N46" name="p53" srcActor="D0N10"/>
            <port dstActor="D0N16" name="p54" srcActor="D0N10"/>
            <port dstActor="D0N19" name="p55" srcActor="D0N10"/>
            <port dstActor="D0N37" name="p56" srcActor="D0N10"/>
            <port dstActor="D0N48" name="p57" srcActor="D0N29"/>
            <port dstActor="D0N46" name="p58" srcActor="D0N29"/>
            <port dstActor="D0N31" name="p59" srcActor="D0N29"/>
            <port dstActor="D0N23" name="p60" srcActor="D0N12"/>
            <port dstActor="D0N47" name="p61" srcActor="D0N12"/>
            <port dstActor="D0N19" name="p62" srcActor="D0N12"/>
            <port dstActor="D0N13" name="p63" srcActor="D0N12"/>
            <port dstActor="D0N16" name="p64" srcActor="D0N15"/>
            <port dstActor="D0N39" name="p65" srcActor="D0N15"/>
            <port dstActor="D0N31" name="p66" srcActor="D0N30"/>
            <port dstActor="D0N40" name="p67" srcActor="D0N30"/>
            <port dstActor="D0N43" name="p68" srcActor="D0N30"/>
            <port dstActor="D0N24" name="p69" srcActor="D0N8"/>
            <port dstActor="D0N18" name="p70" srcActor="D0N8"/>
            <port dstActor="D0N12" name="p71" srcActor="D0N8"/>
            <port dstActor="D0N28" name="p72" srcActor="D0N8"/>
            <port dstActor="D0N11" name="p73" srcActor="D0N8"/>
            <port dstActor="D0N9" name="p74" srcActor="D0N8"/>
            <port dstActor="D0N26" name="p75" srcActor="D0N14"/>
            <port dstActor="D0N44" name="p76" srcActor="D0N43"/>
            <port dstActor="D0N37" name="p77" srcActor="D0N25"/>
            <port dstActor="D0N44" name="p78" srcActor="D0N25"/>
            <port dstActor="D0N35" name="p79" srcActor="D0N6"/>
            <port dstActor="D0N9" name="p80" srcActor="D0N6"/>
            <port dstActor="D0N10" name="p81" srcActor="D0N6"/>
            <port dstActor="D0N21" name="p82" srcActor="D0N6"/>
            <port dstActor="D0N37" name="p83" srcActor="D0N6"/>
            <port dstActor="D0N8" name="p84" srcActor="D0N6"/>
            <port dstActor="D0N37" name="p85" srcActor="D0N23"/>
            <port dstActor="D0N43" name="p86" srcActor="D0N23"/>
            <port dstActor="D0N39" name="p87" srcActor="D0N23"/>
            <port dstActor="D0N28" name="p88" srcActor="D0N23"/>
            <port dstActor="D0N33" name="p89" srcActor="D0N23"/>
            <port dstActor="D0N26" name="p90" srcActor="D0N23"/>
            <port dstActor="D0N38" name="p91" srcActor="D0N18"/>
            <port dstActor="D0N48" name="p92" srcActor="D0N27"/>
            <port dstActor="D0N38" name="p93" srcActor="D0N27"/>
            <port dstActor="D0N43" name="p94" srcActor="D0N36"/>
            <port dstActor="D0N47" name="p95" srcActor="D0N34"/>
            <port dstActor="D0N47" name="p96" srcActor="D0N3"/>
            <port dstActor="D0N22" name="p97" srcActor="D0N3"/>
            <port dstActor="D0N38" name="p98" srcActor="D0N3"/>
            <port dstActor="D0N43" name="p99" srcActor="D0N11"/>
            <port dstActor="D0N13" name="p100" srcActor="D0N11"/>
            <port dstActor="D0N16" name="p101" srcActor="D0N11"/>
            <port dstActor="D0N47" name="p102" srcActor="D0N11"/>
            <port dstActor="D0N26" name="p103" srcActor="D0N24"/>
            <port dstActor="D0N46" name="p104" srcActor="D0N24"/>
            <port dstActor="D0N30" name="p105" srcActor="D0N13"/>
            <port dstActor="D0N16" name="p106" srcActor="D0N13"/>
            <port dstActor="D0N21" name="p107" srcActor="D0N13"/>
            <port dstActor="D0N46" name="p108" srcActor="D0N1"/>
            <port dstActor="D0N9" name="p109" srcActor="D0N1"/>
            <port dstActor="D0N48" name="p110" srcActor="D0N1"/>
            <port dstActor="D0N17" name="p111" srcActor="D0N1"/>
            <port dstActor="D0N33" name="p112" srcActor="D0N7"/>
            <port dstActor="D0N46" name="p113" srcActor="D0N7"/>
            <port dstActor="D0N15" name="p114" srcActor="D0N9"/>
            <port dstActor="D0N20" name="p115" srcActor="D0N9"/>
            <port dstActor="D0N37" name="p116" srcActor="D0N9"/>
            <port dstActor="D0N39" name="p117" srcActor="D0N9"/>
            <port dstActor="D0N48" name="p118" srcActor="D0N0"/>
            <port dstActor="D0N39" name="p119" srcActor="D0N0"/>
            <port dstActor="D0N38" name="p120" srcActor="D0N0"/>
            <port dstActor="D0N42" name="p121" srcActor="D0N0"/>
            <port dstActor="D0N1" name="p122" srcActor="D0N0"/>
        </ports>
    </mcdag>
    <cores number="3"/>
    <levels number="2"/>
</mcsystem>
