<?xml version="1.0" encoding="UTF-8" standalone="no"?>
<mcsystem>
    <mcdag deadline="1800" name="genned-0-ed-10.0-0">
        <actor name="D0N36">
            <wcet number="0">10</wcet>
            <wcet number="1">10</wcet>
            <maxpow number="0.3764123570854867"/>
            <maxpow number="0.3764123570854867"/>
            <fprob>0.0</fprob>
        </actor>
        <actor name="D0N15">
            <wcet number="0">10</wcet>
            <wcet number="1">130</wcet>
            <maxpow number="0.6130653785562057"/>
            <maxpow number="0.6130653785562057"/>
            <fprob>0.0</fprob>
        </actor>
        <actor name="D0N25">
            <wcet number="0">10</wcet>
            <wcet number="1">130</wcet>
            <maxpow number="0.3021468408247244"/>
            <maxpow number="0.3021468408247244"/>
            <fprob>0.0</fprob>
        </actor>
        <actor name="D0N5">
            <wcet number="0">70</wcet>
            <wcet number="1">90</wcet>
            <maxpow number="0.5615735695378448"/>
            <maxpow number="0.5615735695378448"/>
            <fprob>0.0</fprob>
        </actor>
        <actor name="D0N26">
            <wcet number="0">10</wcet>
            <wcet number="1">10</wcet>
            <maxpow number="0.5473120691813569"/>
            <maxpow number="0.5473120691813569"/>
            <fprob>0.0</fprob>
        </actor>
        <actor name="D0N33">
            <wcet number="0">120</wcet>
            <wcet number="1">210</wcet>
            <maxpow number="0.5491834337513248"/>
            <maxpow number="0.5491834337513248"/>
            <fprob>0.0</fprob>
        </actor>
        <actor name="D0N0">
            <wcet number="0">20</wcet>
            <wcet number="1">160</wcet>
            <maxpow number="0.4649034916304112"/>
            <maxpow number="0.4649034916304112"/>
            <fprob>0.0</fprob>
        </actor>
        <actor name="D0N39">
            <wcet number="0">70</wcet>
            <wcet number="1">220</wcet>
            <maxpow number="0.631840082796127"/>
            <maxpow number="0.631840082796127"/>
            <fprob>0.0</fprob>
        </actor>
        <actor name="D0N7">
            <wcet number="0">10</wcet>
            <wcet number="1">10</wcet>
            <maxpow number="0.4113165800928358"/>
            <maxpow number="0.4113165800928358"/>
            <fprob>0.0</fprob>
        </actor>
        <actor name="D0N13">
            <wcet number="0">20</wcet>
            <wcet number="1">40</wcet>
            <maxpow number="0.5850848768098824"/>
            <maxpow number="0.5850848768098824"/>
            <fprob>0.0</fprob>
        </actor>
        <actor name="D0N12">
            <wcet number="0">60</wcet>
            <wcet number="1">60</wcet>
            <maxpow number="0.5317794213037689"/>
            <maxpow number="0.5317794213037689"/>
            <fprob>0.0</fprob>
        </actor>
        <actor name="D0N18">
            <wcet number="0">80</wcet>
            <wcet number="1">110</wcet>
            <maxpow number="0.5215115431485545"/>
            <maxpow number="0.5215115431485545"/>
            <fprob>0.0</fprob>
        </actor>
        <actor name="D0N2">
            <wcet number="0">10</wcet>
            <wcet number="1">60</wcet>
            <maxpow number="0.871429002304777"/>
            <maxpow number="0.871429002304777"/>
            <fprob>0.0</fprob>
        </actor>
        <actor name="D0N31">
            <wcet number="0">10</wcet>
            <wcet number="1">80</wcet>
            <maxpow number="0.4878520134792758"/>
            <maxpow number="0.4878520134792758"/>
            <fprob>0.0</fprob>
        </actor>
        <actor name="D0N23">
            <wcet number="0">30</wcet>
            <wcet number="1">120</wcet>
            <maxpow number="0.5181910674976439"/>
            <maxpow number="0.5181910674976439"/>
            <fprob>0.0</fprob>
        </actor>
        <actor name="D0N6">
            <wcet number="0">20</wcet>
            <wcet number="1">20</wcet>
            <maxpow number="0.29855348489601385"/>
            <maxpow number="0.29855348489601385"/>
            <fprob>0.0</fprob>
        </actor>
        <actor name="D0N32">
            <wcet number="0">110</wcet>
            <wcet number="1">150</wcet>
            <maxpow number="0.4709246966477987"/>
            <maxpow number="0.4709246966477987"/>
            <fprob>0.0</fprob>
        </actor>
        <actor name="D0N8">
            <wcet number="0">10</wcet>
            <wcet number="1">20</wcet>
            <maxpow number="0.606000905947975"/>
            <maxpow number="0.606000905947975"/>
            <fprob>0.0</fprob>
        </actor>
        <actor name="D0N34">
            <wcet number="0">100</wcet>
            <wcet number="1">120</wcet>
            <maxpow number="0.5126519385468862"/>
            <maxpow number="0.5126519385468862"/>
            <fprob>0.0</fprob>
        </actor>
        <actor name="D0N30">
            <wcet number="0">30</wcet>
            <wcet number="1">40</wcet>
            <maxpow number="0.4397986708254261"/>
            <maxpow number="0.4397986708254261"/>
            <fprob>0.0</fprob>
        </actor>
        <actor name="D0N22">
            <wcet number="0">70</wcet>
            <wcet number="1">90</wcet>
            <maxpow number="0.32284907892238673"/>
            <maxpow number="0.32284907892238673"/>
            <fprob>0.0</fprob>
        </actor>
        <actor name="D0N9">
            <wcet number="0">130</wcet>
            <wcet number="1">140</wcet>
            <maxpow number="0.6010454443930778"/>
            <maxpow number="0.6010454443930778"/>
            <fprob>0.0</fprob>
        </actor>
        <actor name="D0N10">
            <wcet number="0">20</wcet>
            <wcet number="1">20</wcet>
            <maxpow number="0.7069530436254536"/>
            <maxpow number="0.7069530436254536"/>
            <fprob>0.0</fprob>
        </actor>
        <actor name="D0N46">
            <wcet number="0">90</wcet>
            <wcet number="1">220</wcet>
            <maxpow number="0.6931008193500873"/>
            <maxpow number="0.6931008193500873"/>
            <fprob>0.0</fprob>
        </actor>
        <actor name="D0N3">
            <wcet number="0">10</wcet>
            <wcet number="1">10</wcet>
            <maxpow number="0.7506537877387733"/>
            <maxpow number="0.7506537877387733"/>
            <fprob>0.0</fprob>
        </actor>
        <actor name="D0N17">
            <wcet number="0">20</wcet>
            <wcet number="1">60</wcet>
            <maxpow number="0.5599206552106634"/>
            <maxpow number="0.5599206552106634"/>
            <fprob>0.0</fprob>
        </actor>
        <actor name="D0N38">
            <wcet number="0">30</wcet>
            <wcet number="1">70</wcet>
            <maxpow number="0.44953114001035394"/>
            <maxpow number="0.44953114001035394"/>
            <fprob>0.0</fprob>
        </actor>
        <actor name="D0N1">
            <wcet number="0">10</wcet>
            <wcet number="1">10</wcet>
            <maxpow number="0.4096551181348188"/>
            <maxpow number="0.4096551181348188"/>
            <fprob>0.0</fprob>
        </actor>
        <actor name="D0N43">
            <wcet number="0">180</wcet>
            <wcet number="1">280</wcet>
            <maxpow number="0.4898738880950153"/>
            <maxpow number="0.4898738880950153"/>
            <fprob>0.0</fprob>
        </actor>
        <actor name="D0N21">
            <wcet number="0">20</wcet>
            <wcet number="1">20</wcet>
            <maxpow number="0.42093216015343204"/>
            <maxpow number="0.42093216015343204"/>
            <fprob>0.0</fprob>
        </actor>
        <actor name="D0N35">
            <wcet number="0">30</wcet>
            <wcet number="1">70</wcet>
            <maxpow number="0.5246406707393386"/>
            <maxpow number="0.5246406707393386"/>
            <fprob>0.0</fprob>
        </actor>
        <actor name="D0N29">
            <wcet number="0">10</wcet>
            <wcet number="1">10</wcet>
            <maxpow number="0.45014317192568554"/>
            <maxpow number="0.45014317192568554"/>
            <fprob>0.0</fprob>
        </actor>
        <actor name="D0N44">
            <wcet number="0">80</wcet>
            <wcet number="1">160</wcet>
            <maxpow number="0.640990497802486"/>
            <maxpow number="0.640990497802486"/>
            <fprob>0.0</fprob>
        </actor>
        <actor name="D0N27">
            <wcet number="0">80</wcet>
            <wcet number="1">90</wcet>
            <maxpow number="0.4975372375178164"/>
            <maxpow number="0.4975372375178164"/>
            <fprob>0.0</fprob>
        </actor>
        <actor name="D0N41">
            <wcet number="0">20</wcet>
            <wcet number="1">130</wcet>
            <maxpow number="0.704372052704007"/>
            <maxpow number="0.704372052704007"/>
            <fprob>0.0</fprob>
        </actor>
        <actor name="D0N4">
            <wcet number="0">10</wcet>
            <wcet number="1">80</wcet>
            <maxpow number="0.5214977317656697"/>
            <maxpow number="0.5214977317656697"/>
            <fprob>0.0</fprob>
        </actor>
        <actor name="D0N42">
            <wcet number="0">10</wcet>
            <wcet number="1">20</wcet>
            <maxpow number="0.16714908465512002"/>
            <maxpow number="0.16714908465512002"/>
            <fprob>0.0</fprob>
        </actor>
        <actor name="D0N40">
            <wcet number="0">50</wcet>
            <wcet number="1">50</wcet>
            <maxpow number="0.7099956764862297"/>
            <maxpow number="0.7099956764862297"/>
            <fprob>0.0</fprob>
        </actor>
        <actor name="D0N20">
            <wcet number="0">30</wcet>
            <wcet number="1">40</wcet>
            <maxpow number="0.3833782944409341"/>
            <maxpow number="0.3833782944409341"/>
            <fprob>0.0</fprob>
        </actor>
        <actor name="D0N45">
            <wcet number="0">30</wcet>
            <wcet number="1">90</wcet>
            <maxpow number="0.9143019077683325"/>
            <maxpow number="0.9143019077683325"/>
            <fprob>0.0</fprob>
        </actor>
        <actor name="D0N37">
            <wcet number="0">190</wcet>
            <wcet number="1">190</wcet>
            <maxpow number="0.4941111275810527"/>
            <maxpow number="0.4941111275810527"/>
            <fprob>0.0</fprob>
        </actor>
        <actor name="D0N16">
            <wcet number="0">50</wcet>
            <wcet number="1">60</wcet>
            <maxpow number="0.3535503236878679"/>
            <maxpow number="0.3535503236878679"/>
            <fprob>0.0</fprob>
        </actor>
        <actor name="D0N19">
            <wcet number="0">40</wcet>
            <wcet number="1">260</wcet>
            <maxpow number="0.6860078453941284"/>
            <maxpow number="0.6860078453941284"/>
            <fprob>0.0</fprob>
        </actor>
        <actor name="D0N24">
            <wcet number="0">10</wcet>
            <wcet number="1">40</wcet>
            <maxpow number="0.5306993736608443"/>
            <maxpow number="0.5306993736608443"/>
            <fprob>0.0</fprob>
        </actor>
        <actor name="D0N28">
            <wcet number="0">30</wcet>
            <wcet number="1">100</wcet>
            <maxpow number="0.39921232876851576"/>
            <maxpow number="0.39921232876851576"/>
            <fprob>0.0</fprob>
        </actor>
        <actor name="D0N11">
            <wcet number="0">10</wcet>
            <wcet number="1">20</wcet>
            <maxpow number="0.5220226049741128"/>
            <maxpow number="0.5220226049741128"/>
            <fprob>0.0</fprob>
        </actor>
        <actor name="D0N14">
            <wcet number="0">10</wcet>
            <wcet number="1">20</wcet>
            <maxpow number="0.6710491231348461"/>
            <maxpow number="0.6710491231348461"/>
            <fprob>0.0</fprob>
        </actor>
        <ports>
            <port dstActor="D0N27" name="p0" srcActor="D0N15"/>
            <port dstActor="D0N45" name="p1" srcActor="D0N15"/>
            <port dstActor="D0N41" name="p2" srcActor="D0N15"/>
            <port dstActor="D0N19" name="p3" srcActor="D0N15"/>
            <port dstActor="D0N17" name="p4" srcActor="D0N15"/>
            <port dstActor="D0N37" name="p5" srcActor="D0N25"/>
            <port dstActor="D0N35" name="p6" srcActor="D0N25"/>
            <port dstActor="D0N28" name="p7" srcActor="D0N5"/>
            <port dstActor="D0N32" name="p8" srcActor="D0N26"/>
            <port dstActor="D0N39" name="p9" srcActor="D0N33"/>
            <port dstActor="D0N44" name="p10" srcActor="D0N33"/>
            <port dstActor="D0N46" name="p11" srcActor="D0N0"/>
            <port dstActor="D0N30" name="p12" srcActor="D0N0"/>
            <port dstActor="D0N40" name="p13" srcActor="D0N0"/>
            <port dstActor="D0N11" name="p14" srcActor="D0N0"/>
            <port dstActor="D0N41" name="p15" srcActor="D0N39"/>
            <port dstActor="D0N10" name="p16" srcActor="D0N7"/>
            <port dstActor="D0N34" name="p17" srcActor="D0N7"/>
            <port dstActor="D0N42" name="p18" srcActor="D0N7"/>
            <port dstActor="D0N28" name="p19" srcActor="D0N7"/>
            <port dstActor="D0N35" name="p20" srcActor="D0N7"/>
            <port dstActor="D0N35" name="p21" srcActor="D0N13"/>
            <port dstActor="D0N28" name="p22" srcActor="D0N13"/>
            <port dstActor="D0N17" name="p23" srcActor="D0N13"/>
            <port dstActor="D0N30" name="p24" srcActor="D0N12"/>
            <port dstActor="D0N31" name="p25" srcActor="D0N18"/>
            <port dstActor="D0N25" name="p26" srcActor="D0N18"/>
            <port dstActor="D0N26" name="p27" srcActor="D0N2"/>
            <port dstActor="D0N10" name="p28" srcActor="D0N2"/>
            <port dstActor="D0N36" name="p29" srcActor="D0N2"/>
            <port dstActor="D0N6" name="p30" srcActor="D0N2"/>
            <port dstActor="D0N31" name="p31" srcActor="D0N2"/>
            <port dstActor="D0N41" name="p32" srcActor="D0N23"/>
            <port dstActor="D0N13" name="p33" srcActor="D0N6"/>
            <port dstActor="D0N16" name="p34" srcActor="D0N6"/>
            <port dstActor="D0N11" name="p35" srcActor="D0N6"/>
            <port dstActor="D0N27" name="p36" srcActor="D0N6"/>
            <port dstActor="D0N12" name="p37" srcActor="D0N6"/>
            <port dstActor="D0N46" name="p38" srcActor="D0N32"/>
            <port dstActor="D0N36" name="p39" srcActor="D0N32"/>
            <port dstActor="D0N20" name="p40" srcActor="D0N8"/>
            <port dstActor="D0N22" name="p41" srcActor="D0N8"/>
            <port dstActor="D0N28" name="p42" srcActor="D0N8"/>
            <port dstActor="D0N30" name="p43" srcActor="D0N8"/>
            <port dstActor="D0N10" name="p44" srcActor="D0N8"/>
            <port dstActor="D0N19" name="p45" srcActor="D0N8"/>
            <port dstActor="D0N42" name="p46" srcActor="D0N34"/>
            <port dstActor="D0N46" name="p47" srcActor="D0N34"/>
            <port dstActor="D0N33" name="p48" srcActor="D0N30"/>
            <port dstActor="D0N35" name="p49" srcActor="D0N30"/>
            <port dstActor="D0N42" name="p50" srcActor="D0N30"/>
            <port dstActor="D0N45" name="p51" srcActor="D0N22"/>
            <port dstActor="D0N37" name="p52" srcActor="D0N9"/>
            <port dstActor="D0N39" name="p53" srcActor="D0N9"/>
            <port dstActor="D0N36" name="p54" srcActor="D0N9"/>
            <port dstActor="D0N45" name="p55" srcActor="D0N9"/>
            <port dstActor="D0N13" name="p56" srcActor="D0N9"/>
            <port dstActor="D0N42" name="p57" srcActor="D0N9"/>
            <port dstActor="D0N21" name="p58" srcActor="D0N10"/>
            <port dstActor="D0N37" name="p59" srcActor="D0N10"/>
            <port dstActor="D0N44" name="p60" srcActor="D0N10"/>
            <port dstActor="D0N29" name="p61" srcActor="D0N10"/>
            <port dstActor="D0N38" name="p62" srcActor="D0N10"/>
            <port dstActor="D0N14" name="p63" srcActor="D0N3"/>
            <port dstActor="D0N30" name="p64" srcActor="D0N17"/>
            <port dstActor="D0N26" name="p65" srcActor="D0N17"/>
            <port dstActor="D0N42" name="p66" srcActor="D0N17"/>
            <port dstActor="D0N28" name="p67" srcActor="D0N1"/>
            <port dstActor="D0N6" name="p68" srcActor="D0N1"/>
            <port dstActor="D0N45" name="p69" srcActor="D0N43"/>
            <port dstActor="D0N33" name="p70" srcActor="D0N21"/>
            <port dstActor="D0N30" name="p71" srcActor="D0N21"/>
            <port dstActor="D0N32" name="p72" srcActor="D0N21"/>
            <port dstActor="D0N31" name="p73" srcActor="D0N21"/>
            <port dstActor="D0N42" name="p74" srcActor="D0N21"/>
            <port dstActor="D0N40" name="p75" srcActor="D0N35"/>
            <port dstActor="D0N33" name="p76" srcActor="D0N27"/>
            <port dstActor="D0N41" name="p77" srcActor="D0N27"/>
            <port dstActor="D0N45" name="p78" srcActor="D0N27"/>
            <port dstActor="D0N42" name="p79" srcActor="D0N41"/>
            <port dstActor="D0N10" name="p80" srcActor="D0N4"/>
            <port dstActor="D0N34" name="p81" srcActor="D0N4"/>
            <port dstActor="D0N26" name="p82" srcActor="D0N4"/>
            <port dstActor="D0N42" name="p83" srcActor="D0N40"/>
            <port dstActor="D0N46" name="p84" srcActor="D0N40"/>
            <port dstActor="D0N23" name="p85" srcActor="D0N20"/>
            <port dstActor="D0N41" name="p86" srcActor="D0N20"/>
            <port dstActor="D0N34" name="p87" srcActor="D0N20"/>
            <port dstActor="D0N35" name="p88" srcActor="D0N20"/>
            <port dstActor="D0N22" name="p89" srcActor="D0N20"/>
            <port dstActor="D0N42" name="p90" srcActor="D0N20"/>
            <port dstActor="D0N23" name="p91" srcActor="D0N16"/>
            <port dstActor="D0N30" name="p92" srcActor="D0N16"/>
            <port dstActor="D0N37" name="p93" srcActor="D0N19"/>
            <port dstActor="D0N32" name="p94" srcActor="D0N19"/>
            <port dstActor="D0N27" name="p95" srcActor="D0N24"/>
            <port dstActor="D0N30" name="p96" srcActor="D0N28"/>
            <port dstActor="D0N43" name="p97" srcActor="D0N28"/>
            <port dstActor="D0N44" name="p98" srcActor="D0N11"/>
            <port dstActor="D0N43" name="p99" srcActor="D0N11"/>
            <port dstActor="D0N45" name="p100" srcActor="D0N14"/>
        </ports>
    </mcdag>
    <cores number="3"/>
    <levels number="2"/>
</mcsystem>
