<?xml version="1.0" encoding="UTF-8" standalone="no"?>
<mcsystem>
    <mcdag deadline="5000" name="genned-0-ed-10.0-0">
        <actor name="D0N28">
            <wcet number="0">20</wcet>
            <wcet number="1">120</wcet>
            <maxpow number="0.6111890023082724"/>
            <maxpow number="0.6111890023082724"/>
            <fprob>0.0</fprob>
        </actor>
        <actor name="D0N14">
            <wcet number="0">50</wcet>
            <wcet number="1">110</wcet>
            <maxpow number="0.20311930776356196"/>
            <maxpow number="0.20311930776356196"/>
            <fprob>0.0</fprob>
        </actor>
        <actor name="D0N15">
            <wcet number="0">30</wcet>
            <wcet number="1">170</wcet>
            <maxpow number="0.57721553938593"/>
            <maxpow number="0.57721553938593"/>
            <fprob>0.0</fprob>
        </actor>
        <actor name="D0N46">
            <wcet number="0">20</wcet>
            <wcet number="1">130</wcet>
            <maxpow number="0.5281883763848404"/>
            <maxpow number="0.5281883763848404"/>
            <fprob>0.0</fprob>
        </actor>
        <actor name="D0N26">
            <wcet number="0">10</wcet>
            <wcet number="1">60</wcet>
            <maxpow number="0.4118789396779501"/>
            <maxpow number="0.4118789396779501"/>
            <fprob>0.0</fprob>
        </actor>
        <actor name="D0N13">
            <wcet number="0">300</wcet>
            <wcet number="1">310</wcet>
            <maxpow number="0.5257906473844722"/>
            <maxpow number="0.5257906473844722"/>
            <fprob>0.0</fprob>
        </actor>
        <actor name="D0N9">
            <wcet number="0">60</wcet>
            <wcet number="1">60</wcet>
            <maxpow number="0.7241058099502313"/>
            <maxpow number="0.7241058099502313"/>
            <fprob>0.0</fprob>
        </actor>
        <actor name="D0N36">
            <wcet number="0">10</wcet>
            <wcet number="1">10</wcet>
            <maxpow number="0.3204036322035541"/>
            <maxpow number="0.3204036322035541"/>
            <fprob>0.0</fprob>
        </actor>
        <actor name="D0N30">
            <wcet number="0">50</wcet>
            <wcet number="1">100</wcet>
            <maxpow number="0.38395803396337297"/>
            <maxpow number="0.38395803396337297"/>
            <fprob>0.0</fprob>
        </actor>
        <actor name="D0N0">
            <wcet number="0">70</wcet>
            <wcet number="1">70</wcet>
            <maxpow number="0.5266029775511072"/>
            <maxpow number="0.5266029775511072"/>
            <fprob>0.0</fprob>
        </actor>
        <actor name="D0N17">
            <wcet number="0">220</wcet>
            <wcet number="1">240</wcet>
            <maxpow number="0.6975626937489144"/>
            <maxpow number="0.6975626937489144"/>
            <fprob>0.0</fprob>
        </actor>
        <actor name="D0N10">
            <wcet number="0">40</wcet>
            <wcet number="1">40</wcet>
            <maxpow number="0.6471861724126056"/>
            <maxpow number="0.6471861724126056"/>
            <fprob>0.0</fprob>
        </actor>
        <actor name="D0N25">
            <wcet number="0">50</wcet>
            <wcet number="1">110</wcet>
            <maxpow number="0.55770946015412"/>
            <maxpow number="0.55770946015412"/>
            <fprob>0.0</fprob>
        </actor>
        <actor name="D0N16">
            <wcet number="0">510</wcet>
            <wcet number="1">580</wcet>
            <maxpow number="0.39598527971303776"/>
            <maxpow number="0.39598527971303776"/>
            <fprob>0.0</fprob>
        </actor>
        <actor name="D0N24">
            <wcet number="0">220</wcet>
            <wcet number="1">410</wcet>
            <maxpow number="0.715796271277614"/>
            <maxpow number="0.715796271277614"/>
            <fprob>0.0</fprob>
        </actor>
        <actor name="D0N5">
            <wcet number="0">150</wcet>
            <wcet number="1">150</wcet>
            <maxpow number="0.4031026502542053"/>
            <maxpow number="0.4031026502542053"/>
            <fprob>0.0</fprob>
        </actor>
        <actor name="D0N7">
            <wcet number="0">30</wcet>
            <wcet number="1">190</wcet>
            <maxpow number="0.2110423134699812"/>
            <maxpow number="0.2110423134699812"/>
            <fprob>0.0</fprob>
        </actor>
        <actor name="D0N34">
            <wcet number="0">10</wcet>
            <wcet number="1">20</wcet>
            <maxpow number="0.548864656882433"/>
            <maxpow number="0.548864656882433"/>
            <fprob>0.0</fprob>
        </actor>
        <actor name="D0N49">
            <wcet number="0">210</wcet>
            <wcet number="1">430</wcet>
            <maxpow number="0.21218029259000903"/>
            <maxpow number="0.21218029259000903"/>
            <fprob>0.0</fprob>
        </actor>
        <actor name="D0N40">
            <wcet number="0">40</wcet>
            <wcet number="1">190</wcet>
            <maxpow number="0.873372287256343"/>
            <maxpow number="0.873372287256343"/>
            <fprob>0.0</fprob>
        </actor>
        <actor name="D0N22">
            <wcet number="0">20</wcet>
            <wcet number="1">160</wcet>
            <maxpow number="0.17519371985404303"/>
            <maxpow number="0.17519371985404303"/>
            <fprob>0.0</fprob>
        </actor>
        <actor name="D0N8">
            <wcet number="0">250</wcet>
            <wcet number="1">1500</wcet>
            <maxpow number="0.7821793810279454"/>
            <maxpow number="0.7821793810279454"/>
            <fprob>0.0</fprob>
        </actor>
        <actor name="D0N23">
            <wcet number="0">30</wcet>
            <wcet number="1">340</wcet>
            <maxpow number="0.7563645169617288"/>
            <maxpow number="0.7563645169617288"/>
            <fprob>0.0</fprob>
        </actor>
        <actor name="D0N12">
            <wcet number="0">110</wcet>
            <wcet number="1">710</wcet>
            <maxpow number="0.7310280721963823"/>
            <maxpow number="0.7310280721963823"/>
            <fprob>0.0</fprob>
        </actor>
        <actor name="D0N43">
            <wcet number="0">10</wcet>
            <wcet number="1">20</wcet>
            <maxpow number="0.41951947554809893"/>
            <maxpow number="0.41951947554809893"/>
            <fprob>0.0</fprob>
        </actor>
        <actor name="D0N18">
            <wcet number="0">10</wcet>
            <wcet number="1">90</wcet>
            <maxpow number="0.6302630392266468"/>
            <maxpow number="0.6302630392266468"/>
            <fprob>0.0</fprob>
        </actor>
        <actor name="D0N20">
            <wcet number="0">20</wcet>
            <wcet number="1">20</wcet>
            <maxpow number="0.4806465004428615"/>
            <maxpow number="0.4806465004428615"/>
            <fprob>0.0</fprob>
        </actor>
        <actor name="D0N27">
            <wcet number="0">30</wcet>
            <wcet number="1">60</wcet>
            <maxpow number="0.9041533580796197"/>
            <maxpow number="0.9041533580796197"/>
            <fprob>0.0</fprob>
        </actor>
        <actor name="D0N4">
            <wcet number="0">40</wcet>
            <wcet number="1">380</wcet>
            <maxpow number="0.4028654772764061"/>
            <maxpow number="0.4028654772764061"/>
            <fprob>0.0</fprob>
        </actor>
        <actor name="D0N38">
            <wcet number="0">20</wcet>
            <wcet number="1">100</wcet>
            <maxpow number="0.7235331477833251"/>
            <maxpow number="0.7235331477833251"/>
            <fprob>0.0</fprob>
        </actor>
        <actor name="D0N47">
            <wcet number="0">150</wcet>
            <wcet number="1">270</wcet>
            <maxpow number="0.7359759252920723"/>
            <maxpow number="0.7359759252920723"/>
            <fprob>0.0</fprob>
        </actor>
        <actor name="D0N29">
            <wcet number="0">900</wcet>
            <wcet number="1">1240</wcet>
            <maxpow number="0.8720553141837237"/>
            <maxpow number="0.8720553141837237"/>
            <fprob>0.0</fprob>
        </actor>
        <actor name="D0N41">
            <wcet number="0">150</wcet>
            <wcet number="1">240</wcet>
            <maxpow number="0.4450525952881927"/>
            <maxpow number="0.4450525952881927"/>
            <fprob>0.0</fprob>
        </actor>
        <actor name="D0N21">
            <wcet number="0">430</wcet>
            <wcet number="1">480</wcet>
            <maxpow number="0.3516874255434466"/>
            <maxpow number="0.3516874255434466"/>
            <fprob>0.0</fprob>
        </actor>
        <actor name="D0N31">
            <wcet number="0">130</wcet>
            <wcet number="1">190</wcet>
            <maxpow number="0.3452172455994653"/>
            <maxpow number="0.3452172455994653"/>
            <fprob>0.0</fprob>
        </actor>
        <actor name="D0N11">
            <wcet number="0">100</wcet>
            <wcet number="1">160</wcet>
            <maxpow number="0.38952680612559165"/>
            <maxpow number="0.38952680612559165"/>
            <fprob>0.0</fprob>
        </actor>
        <actor name="D0N3">
            <wcet number="0">50</wcet>
            <wcet number="1">70</wcet>
            <maxpow number="0.8159409828564161"/>
            <maxpow number="0.8159409828564161"/>
            <fprob>0.0</fprob>
        </actor>
        <actor name="D0N42">
            <wcet number="0">10</wcet>
            <wcet number="1">10</wcet>
            <maxpow number="0.47624472836098336"/>
            <maxpow number="0.47624472836098336"/>
            <fprob>0.0</fprob>
        </actor>
        <actor name="D0N19">
            <wcet number="0">150</wcet>
            <wcet number="1">240</wcet>
            <maxpow number="0.7042746686933126"/>
            <maxpow number="0.7042746686933126"/>
            <fprob>0.0</fprob>
        </actor>
        <actor name="D0N35">
            <wcet number="0">40</wcet>
            <wcet number="1">70</wcet>
            <maxpow number="0.4528351855225306"/>
            <maxpow number="0.4528351855225306"/>
            <fprob>0.0</fprob>
        </actor>
        <actor name="D0N6">
            <wcet number="0">40</wcet>
            <wcet number="1">130</wcet>
            <maxpow number="0.6070375898542498"/>
            <maxpow number="0.6070375898542498"/>
            <fprob>0.0</fprob>
        </actor>
        <actor name="D0N39">
            <wcet number="0">30</wcet>
            <wcet number="1">30</wcet>
            <maxpow number="0.47219975461106645"/>
            <maxpow number="0.47219975461106645"/>
            <fprob>0.0</fprob>
        </actor>
        <actor name="D0N37">
            <wcet number="0">80</wcet>
            <wcet number="1">160</wcet>
            <maxpow number="0.31437602578389673"/>
            <maxpow number="0.31437602578389673"/>
            <fprob>0.0</fprob>
        </actor>
        <actor name="D0N44">
            <wcet number="0">60</wcet>
            <wcet number="1">60</wcet>
            <maxpow number="0.4674315866650799"/>
            <maxpow number="0.4674315866650799"/>
            <fprob>0.0</fprob>
        </actor>
        <actor name="D0N32">
            <wcet number="0">40</wcet>
            <wcet number="1">100</wcet>
            <maxpow number="0.7349042557909855"/>
            <maxpow number="0.7349042557909855"/>
            <fprob>0.0</fprob>
        </actor>
        <actor name="D0N2">
            <wcet number="0">80</wcet>
            <wcet number="1">280</wcet>
            <maxpow number="0.49348523349713114"/>
            <maxpow number="0.49348523349713114"/>
            <fprob>0.0</fprob>
        </actor>
        <actor name="D0N1">
            <wcet number="0">220</wcet>
            <wcet number="1">290</wcet>
            <maxpow number="0.5836738143310137"/>
            <maxpow number="0.5836738143310137"/>
            <fprob>0.0</fprob>
        </actor>
        <actor name="D0N33">
            <wcet number="0">120</wcet>
            <wcet number="1">290</wcet>
            <maxpow number="0.6052289732085169"/>
            <maxpow number="0.6052289732085169"/>
            <fprob>0.0</fprob>
        </actor>
        <actor name="D0N45">
            <wcet number="0">90</wcet>
            <wcet number="1">160</wcet>
            <maxpow number="0.5596925963351467"/>
            <maxpow number="0.5596925963351467"/>
            <fprob>0.0</fprob>
        </actor>
        <actor name="D0N48">
            <wcet number="0">130</wcet>
            <wcet number="1">150</wcet>
            <maxpow number="0.7605715915683905"/>
            <maxpow number="0.7605715915683905"/>
            <fprob>0.0</fprob>
        </actor>
        <ports>
            <port dstActor="D0N33" name="p0" srcActor="D0N28"/>
            <port dstActor="D0N40" name="p1" srcActor="D0N28"/>
            <port dstActor="D0N45" name="p2" srcActor="D0N28"/>
            <port dstActor="D0N43" name="p3" srcActor="D0N28"/>
            <port dstActor="D0N42" name="p4" srcActor="D0N28"/>
            <port dstActor="D0N34" name="p5" srcActor="D0N14"/>
            <port dstActor="D0N41" name="p6" srcActor="D0N14"/>
            <port dstActor="D0N49" name="p7" srcActor="D0N14"/>
            <port dstActor="D0N35" name="p8" srcActor="D0N14"/>
            <port dstActor="D0N33" name="p9" srcActor="D0N14"/>
            <port dstActor="D0N17" name="p10" srcActor="D0N14"/>
            <port dstActor="D0N30" name="p11" srcActor="D0N14"/>
            <port dstActor="D0N37" name="p12" srcActor="D0N14"/>
            <port dstActor="D0N19" name="p13" srcActor="D0N15"/>
            <port dstActor="D0N49" name="p14" srcActor="D0N26"/>
            <port dstActor="D0N38" name="p15" srcActor="D0N26"/>
            <port dstActor="D0N17" name="p16" srcActor="D0N13"/>
            <port dstActor="D0N42" name="p17" srcActor="D0N13"/>
            <port dstActor="D0N21" name="p18" srcActor="D0N13"/>
            <port dstActor="D0N26" name="p19" srcActor="D0N9"/>
            <port dstActor="D0N40" name="p20" srcActor="D0N9"/>
            <port dstActor="D0N37" name="p21" srcActor="D0N36"/>
            <port dstActor="D0N44" name="p22" srcActor="D0N30"/>
            <port dstActor="D0N42" name="p23" srcActor="D0N30"/>
            <port dstActor="D0N43" name="p24" srcActor="D0N30"/>
            <port dstActor="D0N2" name="p25" srcActor="D0N0"/>
            <port dstActor="D0N25" name="p26" srcActor="D0N0"/>
            <port dstActor="D0N41" name="p27" srcActor="D0N0"/>
            <port dstActor="D0N27" name="p28" srcActor="D0N0"/>
            <port dstActor="D0N3" name="p29" srcActor="D0N0"/>
            <port dstActor="D0N29" name="p30" srcActor="D0N17"/>
            <port dstActor="D0N39" name="p31" srcActor="D0N17"/>
            <port dstActor="D0N29" name="p32" srcActor="D0N10"/>
            <port dstActor="D0N23" name="p33" srcActor="D0N10"/>
            <port dstActor="D0N29" name="p34" srcActor="D0N25"/>
            <port dstActor="D0N26" name="p35" srcActor="D0N25"/>
            <port dstActor="D0N43" name="p36" srcActor="D0N25"/>
            <port dstActor="D0N35" name="p37" srcActor="D0N25"/>
            <port dstActor="D0N40" name="p38" srcActor="D0N25"/>
            <port dstActor="D0N38" name="p39" srcActor="D0N16"/>
            <port dstActor="D0N36" name="p40" srcActor="D0N16"/>
            <port dstActor="D0N32" name="p41" srcActor="D0N24"/>
            <port dstActor="D0N45" name="p42" srcActor="D0N24"/>
            <port dstActor="D0N40" name="p43" srcActor="D0N5"/>
            <port dstActor="D0N23" name="p44" srcActor="D0N5"/>
            <port dstActor="D0N38" name="p45" srcActor="D0N5"/>
            <port dstActor="D0N6" name="p46" srcActor="D0N5"/>
            <port dstActor="D0N18" name="p47" srcActor="D0N5"/>
            <port dstActor="D0N16" name="p48" srcActor="D0N5"/>
            <port dstActor="D0N35" name="p49" srcActor="D0N7"/>
            <port dstActor="D0N44" name="p50" srcActor="D0N7"/>
            <port dstActor="D0N15" name="p51" srcActor="D0N7"/>
            <port dstActor="D0N19" name="p52" srcActor="D0N7"/>
            <port dstActor="D0N31" name="p53" srcActor="D0N7"/>
            <port dstActor="D0N20" name="p54" srcActor="D0N7"/>
            <port dstActor="D0N36" name="p55" srcActor="D0N7"/>
            <port dstActor="D0N49" name="p56" srcActor="D0N34"/>
            <port dstActor="D0N40" name="p57" srcActor="D0N22"/>
            <port dstActor="D0N28" name="p58" srcActor="D0N22"/>
            <port dstActor="D0N27" name="p59" srcActor="D0N22"/>
            <port dstActor="D0N25" name="p60" srcActor="D0N22"/>
            <port dstActor="D0N17" name="p61" srcActor="D0N8"/>
            <port dstActor="D0N10" name="p62" srcActor="D0N8"/>
            <port dstActor="D0N28" name="p63" srcActor="D0N23"/>
            <port dstActor="D0N31" name="p64" srcActor="D0N23"/>
            <port dstActor="D0N44" name="p65" srcActor="D0N23"/>
            <port dstActor="D0N39" name="p66" srcActor="D0N23"/>
            <port dstActor="D0N27" name="p67" srcActor="D0N23"/>
            <port dstActor="D0N46" name="p68" srcActor="D0N12"/>
            <port dstActor="D0N25" name="p69" srcActor="D0N12"/>
            <port dstActor="D0N19" name="p70" srcActor="D0N12"/>
            <port dstActor="D0N27" name="p71" srcActor="D0N12"/>
            <port dstActor="D0N14" name="p72" srcActor="D0N12"/>
            <port dstActor="D0N29" name="p73" srcActor="D0N12"/>
            <port dstActor="D0N27" name="p74" srcActor="D0N18"/>
            <port dstActor="D0N38" name="p75" srcActor="D0N18"/>
            <port dstActor="D0N24" name="p76" srcActor="D0N18"/>
            <port dstActor="D0N46" name="p77" srcActor="D0N18"/>
            <port dstActor="D0N35" name="p78" srcActor="D0N18"/>
            <port dstActor="D0N47" name="p79" srcActor="D0N20"/>
            <port dstActor="D0N35" name="p80" srcActor="D0N27"/>
            <port dstActor="D0N45" name="p81" srcActor="D0N27"/>
            <port dstActor="D0N38" name="p82" srcActor="D0N27"/>
            <port dstActor="D0N39" name="p83" srcActor="D0N4"/>
            <port dstActor="D0N5" name="p84" srcActor="D0N4"/>
            <port dstActor="D0N44" name="p85" srcActor="D0N4"/>
            <port dstActor="D0N40" name="p86" srcActor="D0N38"/>
            <port dstActor="D0N45" name="p87" srcActor="D0N38"/>
            <port dstActor="D0N47" name="p88" srcActor="D0N29"/>
            <port dstActor="D0N30" name="p89" srcActor="D0N29"/>
            <port dstActor="D0N45" name="p90" srcActor="D0N29"/>
            <port dstActor="D0N45" name="p91" srcActor="D0N41"/>
            <port dstActor="D0N23" name="p92" srcActor="D0N21"/>
            <port dstActor="D0N42" name="p93" srcActor="D0N21"/>
            <port dstActor="D0N31" name="p94" srcActor="D0N21"/>
            <port dstActor="D0N36" name="p95" srcActor="D0N31"/>
            <port dstActor="D0N43" name="p96" srcActor="D0N31"/>
            <port dstActor="D0N33" name="p97" srcActor="D0N31"/>
            <port dstActor="D0N42" name="p98" srcActor="D0N11"/>
            <port dstActor="D0N41" name="p99" srcActor="D0N11"/>
            <port dstActor="D0N44" name="p100" srcActor="D0N11"/>
            <port dstActor="D0N39" name="p101" srcActor="D0N11"/>
            <port dstActor="D0N10" name="p102" srcActor="D0N3"/>
            <port dstActor="D0N32" name="p103" srcActor="D0N3"/>
            <port dstActor="D0N49" name="p104" srcActor="D0N3"/>
            <port dstActor="D0N46" name="p105" srcActor="D0N3"/>
            <port dstActor="D0N42" name="p106" srcActor="D0N19"/>
            <port dstActor="D0N39" name="p107" srcActor="D0N19"/>
            <port dstActor="D0N41" name="p108" srcActor="D0N35"/>
            <port dstActor="D0N23" name="p109" srcActor="D0N6"/>
            <port dstActor="D0N32" name="p110" srcActor="D0N6"/>
            <port dstActor="D0N7" name="p111" srcActor="D0N6"/>
            <port dstActor="D0N36" name="p112" srcActor="D0N6"/>
            <port dstActor="D0N41" name="p113" srcActor="D0N39"/>
            <port dstActor="D0N38" name="p114" srcActor="D0N37"/>
            <port dstActor="D0N37" name="p115" srcActor="D0N32"/>
            <port dstActor="D0N33" name="p116" srcActor="D0N32"/>
            <port dstActor="D0N4" name="p117" srcActor="D0N2"/>
            <port dstActor="D0N21" name="p118" srcActor="D0N2"/>
            <port dstActor="D0N6" name="p119" srcActor="D0N2"/>
            <port dstActor="D0N32" name="p120" srcActor="D0N1"/>
            <port dstActor="D0N42" name="p121" srcActor="D0N1"/>
            <port dstActor="D0N45" name="p122" srcActor="D0N1"/>
            <port dstActor="D0N35" name="p123" srcActor="D0N33"/>
            <port dstActor="D0N47" name="p124" srcActor="D0N33"/>
            <port dstActor="D0N39" name="p125" srcActor="D0N33"/>
        </ports>
    </mcdag>
    <cores number="3"/>
    <levels number="2"/>
</mcsystem>
