<?xml version="1.0" encoding="UTF-8" standalone="no"?>
<mcsystem>
    <mcdag deadline="2500" name="genned-0-ed-10.0-0">
        <actor name="D0N20">
            <wcet number="0">10</wcet>
            <wcet number="1">40</wcet>
            <maxpow number="0.36143533465848354"/>
            <maxpow number="0.36143533465848354"/>
            <fprob>0.0</fprob>
        </actor>
        <actor name="D0N16">
            <wcet number="0">10</wcet>
            <wcet number="1">10</wcet>
            <maxpow number="0.7175896559797569"/>
            <maxpow number="0.7175896559797569"/>
            <fprob>0.0</fprob>
        </actor>
        <actor name="D0N31">
            <wcet number="0">260</wcet>
            <wcet number="1">290</wcet>
            <maxpow number="0.45223073126677826"/>
            <maxpow number="0.45223073126677826"/>
            <fprob>0.0</fprob>
        </actor>
        <actor name="D0N1">
            <wcet number="0">210</wcet>
            <wcet number="1">990</wcet>
            <maxpow number="0.7282745446657313"/>
            <maxpow number="0.7282745446657313"/>
            <fprob>0.0</fprob>
        </actor>
        <actor name="D0N3">
            <wcet number="0">130</wcet>
            <wcet number="1">150</wcet>
            <maxpow number="0.8249118454530762"/>
            <maxpow number="0.8249118454530762"/>
            <fprob>0.0</fprob>
        </actor>
        <actor name="D0N25">
            <wcet number="0">30</wcet>
            <wcet number="1">40</wcet>
            <maxpow number="0.7061606708717589"/>
            <maxpow number="0.7061606708717589"/>
            <fprob>0.0</fprob>
        </actor>
        <actor name="D0N43">
            <wcet number="0">10</wcet>
            <wcet number="1">200</wcet>
            <maxpow number="0.3467731689759677"/>
            <maxpow number="0.3467731689759677"/>
            <fprob>0.0</fprob>
        </actor>
        <actor name="D0N9">
            <wcet number="0">20</wcet>
            <wcet number="1">160</wcet>
            <maxpow number="0.8704530207998841"/>
            <maxpow number="0.8704530207998841"/>
            <fprob>0.0</fprob>
        </actor>
        <actor name="D0N19">
            <wcet number="0">200</wcet>
            <wcet number="1">300</wcet>
            <maxpow number="0.582588270602243"/>
            <maxpow number="0.582588270602243"/>
            <fprob>0.0</fprob>
        </actor>
        <actor name="D0N35">
            <wcet number="0">90</wcet>
            <wcet number="1">120</wcet>
            <maxpow number="0.4110744618489153"/>
            <maxpow number="0.4110744618489153"/>
            <fprob>0.0</fprob>
        </actor>
        <actor name="D0N5">
            <wcet number="0">40</wcet>
            <wcet number="1">140</wcet>
            <maxpow number="0.28736786973522604"/>
            <maxpow number="0.28736786973522604"/>
            <fprob>0.0</fprob>
        </actor>
        <actor name="D0N44">
            <wcet number="0">50</wcet>
            <wcet number="1">130</wcet>
            <maxpow number="0.3897409682189198"/>
            <maxpow number="0.3897409682189198"/>
            <fprob>0.0</fprob>
        </actor>
        <actor name="D0N15">
            <wcet number="0">170</wcet>
            <wcet number="1">210</wcet>
            <maxpow number="0.8473795751331028"/>
            <maxpow number="0.8473795751331028"/>
            <fprob>0.0</fprob>
        </actor>
        <actor name="D0N28">
            <wcet number="0">20</wcet>
            <wcet number="1">20</wcet>
            <maxpow number="0.684551832686711"/>
            <maxpow number="0.684551832686711"/>
            <fprob>0.0</fprob>
        </actor>
        <actor name="D0N45">
            <wcet number="0">10</wcet>
            <wcet number="1">20</wcet>
            <maxpow number="0.579875216552108"/>
            <maxpow number="0.579875216552108"/>
            <fprob>0.0</fprob>
        </actor>
        <actor name="D0N40">
            <wcet number="0">50</wcet>
            <wcet number="1">120</wcet>
            <maxpow number="0.7102935052467001"/>
            <maxpow number="0.7102935052467001"/>
            <fprob>0.0</fprob>
        </actor>
        <actor name="D0N49">
            <wcet number="0">10</wcet>
            <wcet number="1">10</wcet>
            <maxpow number="0.6453218320919821"/>
            <maxpow number="0.6453218320919821"/>
            <fprob>0.0</fprob>
        </actor>
        <actor name="D0N12">
            <wcet number="0">10</wcet>
            <wcet number="1">30</wcet>
            <maxpow number="0.5623312423384187"/>
            <maxpow number="0.5623312423384187"/>
            <fprob>0.0</fprob>
        </actor>
        <actor name="D0N7">
            <wcet number="0">20</wcet>
            <wcet number="1">20</wcet>
            <maxpow number="0.7014054376174939"/>
            <maxpow number="0.7014054376174939"/>
            <fprob>0.0</fprob>
        </actor>
        <actor name="D0N37">
            <wcet number="0">10</wcet>
            <wcet number="1">10</wcet>
            <maxpow number="0.6167979256227912"/>
            <maxpow number="0.6167979256227912"/>
            <fprob>0.0</fprob>
        </actor>
        <actor name="D0N29">
            <wcet number="0">10</wcet>
            <wcet number="1">20</wcet>
            <maxpow number="0.5520867753636526"/>
            <maxpow number="0.5520867753636526"/>
            <fprob>0.0</fprob>
        </actor>
        <actor name="D0N17">
            <wcet number="0">10</wcet>
            <wcet number="1">30</wcet>
            <maxpow number="0.5012306319671488"/>
            <maxpow number="0.5012306319671488"/>
            <fprob>0.0</fprob>
        </actor>
        <actor name="D0N36">
            <wcet number="0">120</wcet>
            <wcet number="1">120</wcet>
            <maxpow number="0.5661672287408134"/>
            <maxpow number="0.5661672287408134"/>
            <fprob>0.0</fprob>
        </actor>
        <actor name="D0N38">
            <wcet number="0">10</wcet>
            <wcet number="1">30</wcet>
            <maxpow number="0.7196521595632278"/>
            <maxpow number="0.7196521595632278"/>
            <fprob>0.0</fprob>
        </actor>
        <actor name="D0N23">
            <wcet number="0">30</wcet>
            <wcet number="1">60</wcet>
            <maxpow number="0.8351437740449092"/>
            <maxpow number="0.8351437740449092"/>
            <fprob>0.0</fprob>
        </actor>
        <actor name="D0N33">
            <wcet number="0">30</wcet>
            <wcet number="1">50</wcet>
            <maxpow number="0.5733573383258126"/>
            <maxpow number="0.5733573383258126"/>
            <fprob>0.0</fprob>
        </actor>
        <actor name="D0N14">
            <wcet number="0">50</wcet>
            <wcet number="1">230</wcet>
            <maxpow number="0.6195568050049192"/>
            <maxpow number="0.6195568050049192"/>
            <fprob>0.0</fprob>
        </actor>
        <actor name="D0N34">
            <wcet number="0">250</wcet>
            <wcet number="1">430</wcet>
            <maxpow number="0.4762050642778814"/>
            <maxpow number="0.4762050642778814"/>
            <fprob>0.0</fprob>
        </actor>
        <actor name="D0N26">
            <wcet number="0">210</wcet>
            <wcet number="1">230</wcet>
            <maxpow number="0.314260817881313"/>
            <maxpow number="0.314260817881313"/>
            <fprob>0.0</fprob>
        </actor>
        <actor name="D0N4">
            <wcet number="0">10</wcet>
            <wcet number="1">50</wcet>
            <maxpow number="0.10741466688496848"/>
            <maxpow number="0.10741466688496848"/>
            <fprob>0.0</fprob>
        </actor>
        <actor name="D0N18">
            <wcet number="0">230</wcet>
            <wcet number="1">260</wcet>
            <maxpow number="0.644092692256713"/>
            <maxpow number="0.644092692256713"/>
            <fprob>0.0</fprob>
        </actor>
        <actor name="D0N27">
            <wcet number="0">10</wcet>
            <wcet number="1">10</wcet>
            <maxpow number="0.6490990483313424"/>
            <maxpow number="0.6490990483313424"/>
            <fprob>0.0</fprob>
        </actor>
        <actor name="D0N42">
            <wcet number="0">90</wcet>
            <wcet number="1">90</wcet>
            <maxpow number="0.6584983412030612"/>
            <maxpow number="0.6584983412030612"/>
            <fprob>0.0</fprob>
        </actor>
        <actor name="D0N46">
            <wcet number="0">10</wcet>
            <wcet number="1">40</wcet>
            <maxpow number="0.4343138922654458"/>
            <maxpow number="0.4343138922654458"/>
            <fprob>0.0</fprob>
        </actor>
        <actor name="D0N32">
            <wcet number="0">10</wcet>
            <wcet number="1">50</wcet>
            <maxpow number="0.9375748455137216"/>
            <maxpow number="0.9375748455137216"/>
            <fprob>0.0</fprob>
        </actor>
        <actor name="D0N41">
            <wcet number="0">230</wcet>
            <wcet number="1">350</wcet>
            <maxpow number="0.6029923137483655"/>
            <maxpow number="0.6029923137483655"/>
            <fprob>0.0</fprob>
        </actor>
        <actor name="D0N10">
            <wcet number="0">70</wcet>
            <wcet number="1">80</wcet>
            <maxpow number="0.7825878329691373"/>
            <maxpow number="0.7825878329691373"/>
            <fprob>0.0</fprob>
        </actor>
        <actor name="D0N47">
            <wcet number="0">60</wcet>
            <wcet number="1">80</wcet>
            <maxpow number="0.8352269681667748"/>
            <maxpow number="0.8352269681667748"/>
            <fprob>0.0</fprob>
        </actor>
        <actor name="D0N22">
            <wcet number="0">10</wcet>
            <wcet number="1">30</wcet>
            <maxpow number="0.3720795463616452"/>
            <maxpow number="0.3720795463616452"/>
            <fprob>0.0</fprob>
        </actor>
        <actor name="D0N30">
            <wcet number="0">110</wcet>
            <wcet number="1">120</wcet>
            <maxpow number="0.4020565726259206"/>
            <maxpow number="0.4020565726259206"/>
            <fprob>0.0</fprob>
        </actor>
        <actor name="D0N0">
            <wcet number="0">10</wcet>
            <wcet number="1">40</wcet>
            <maxpow number="0.6647520192854977"/>
            <maxpow number="0.6647520192854977"/>
            <fprob>0.0</fprob>
        </actor>
        <actor name="D0N11">
            <wcet number="0">10</wcet>
            <wcet number="1">20</wcet>
            <maxpow number="0.540227739802777"/>
            <maxpow number="0.540227739802777"/>
            <fprob>0.0</fprob>
        </actor>
        <actor name="D0N8">
            <wcet number="0">60</wcet>
            <wcet number="1">160</wcet>
            <maxpow number="0.5756822983328344"/>
            <maxpow number="0.5756822983328344"/>
            <fprob>0.0</fprob>
        </actor>
        <actor name="D0N24">
            <wcet number="0">10</wcet>
            <wcet number="1">140</wcet>
            <maxpow number="0.3212581441390072"/>
            <maxpow number="0.3212581441390072"/>
            <fprob>0.0</fprob>
        </actor>
        <actor name="D0N6">
            <wcet number="0">50</wcet>
            <wcet number="1">180</wcet>
            <maxpow number="0.3583386112834029"/>
            <maxpow number="0.3583386112834029"/>
            <fprob>0.0</fprob>
        </actor>
        <actor name="D0N21">
            <wcet number="0">20</wcet>
            <wcet number="1">20</wcet>
            <maxpow number="0.46741153460813534"/>
            <maxpow number="0.46741153460813534"/>
            <fprob>0.0</fprob>
        </actor>
        <actor name="D0N2">
            <wcet number="0">290</wcet>
            <wcet number="1">350</wcet>
            <maxpow number="0.3134593732366791"/>
            <maxpow number="0.3134593732366791"/>
            <fprob>0.0</fprob>
        </actor>
        <actor name="D0N48">
            <wcet number="0">270</wcet>
            <wcet number="1">400</wcet>
            <maxpow number="0.45280385495051007"/>
            <maxpow number="0.45280385495051007"/>
            <fprob>0.0</fprob>
        </actor>
        <actor name="D0N13">
            <wcet number="0">130</wcet>
            <wcet number="1">170</wcet>
            <maxpow number="0.45474957733424903"/>
            <maxpow number="0.45474957733424903"/>
            <fprob>0.0</fprob>
        </actor>
        <actor name="D0N39">
            <wcet number="0">230</wcet>
            <wcet number="1">400</wcet>
            <maxpow number="0.6813109808347357"/>
            <maxpow number="0.6813109808347357"/>
            <fprob>0.0</fprob>
        </actor>
        <ports>
            <port dstActor="D0N38" name="p0" srcActor="D0N20"/>
            <port dstActor="D0N35" name="p1" srcActor="D0N20"/>
            <port dstActor="D0N24" name="p2" srcActor="D0N16"/>
            <port dstActor="D0N32" name="p3" srcActor="D0N16"/>
            <port dstActor="D0N42" name="p4" srcActor="D0N31"/>
            <port dstActor="D0N43" name="p5" srcActor="D0N31"/>
            <port dstActor="D0N36" name="p6" srcActor="D0N31"/>
            <port dstActor="D0N41" name="p7" srcActor="D0N31"/>
            <port dstActor="D0N47" name="p8" srcActor="D0N31"/>
            <port dstActor="D0N28" name="p9" srcActor="D0N1"/>
            <port dstActor="D0N7" name="p10" srcActor="D0N1"/>
            <port dstActor="D0N12" name="p11" srcActor="D0N1"/>
            <port dstActor="D0N29" name="p12" srcActor="D0N1"/>
            <port dstActor="D0N47" name="p13" srcActor="D0N1"/>
            <port dstActor="D0N49" name="p14" srcActor="D0N3"/>
            <port dstActor="D0N44" name="p15" srcActor="D0N3"/>
            <port dstActor="D0N27" name="p16" srcActor="D0N3"/>
            <port dstActor="D0N43" name="p17" srcActor="D0N3"/>
            <port dstActor="D0N15" name="p18" srcActor="D0N3"/>
            <port dstActor="D0N36" name="p19" srcActor="D0N3"/>
            <port dstActor="D0N40" name="p20" srcActor="D0N3"/>
            <port dstActor="D0N13" name="p21" srcActor="D0N3"/>
            <port dstActor="D0N33" name="p22" srcActor="D0N25"/>
            <port dstActor="D0N49" name="p23" srcActor="D0N25"/>
            <port dstActor="D0N37" name="p24" srcActor="D0N25"/>
            <port dstActor="D0N43" name="p25" srcActor="D0N25"/>
            <port dstActor="D0N46" name="p26" srcActor="D0N25"/>
            <port dstActor="D0N48" name="p27" srcActor="D0N25"/>
            <port dstActor="D0N24" name="p28" srcActor="D0N9"/>
            <port dstActor="D0N26" name="p29" srcActor="D0N9"/>
            <port dstActor="D0N36" name="p30" srcActor="D0N19"/>
            <port dstActor="D0N48" name="p31" srcActor="D0N35"/>
            <port dstActor="D0N49" name="p32" srcActor="D0N35"/>
            <port dstActor="D0N38" name="p33" srcActor="D0N35"/>
            <port dstActor="D0N18" name="p34" srcActor="D0N5"/>
            <port dstActor="D0N48" name="p35" srcActor="D0N5"/>
            <port dstActor="D0N10" name="p36" srcActor="D0N5"/>
            <port dstActor="D0N49" name="p37" srcActor="D0N44"/>
            <port dstActor="D0N49" name="p38" srcActor="D0N15"/>
            <port dstActor="D0N44" name="p39" srcActor="D0N28"/>
            <port dstActor="D0N49" name="p40" srcActor="D0N28"/>
            <port dstActor="D0N40" name="p41" srcActor="D0N28"/>
            <port dstActor="D0N35" name="p42" srcActor="D0N28"/>
            <port dstActor="D0N37" name="p43" srcActor="D0N28"/>
            <port dstActor="D0N46" name="p44" srcActor="D0N45"/>
            <port dstActor="D0N45" name="p45" srcActor="D0N40"/>
            <port dstActor="D0N48" name="p46" srcActor="D0N40"/>
            <port dstActor="D0N26" name="p47" srcActor="D0N12"/>
            <port dstActor="D0N45" name="p48" srcActor="D0N12"/>
            <port dstActor="D0N38" name="p49" srcActor="D0N12"/>
            <port dstActor="D0N18" name="p50" srcActor="D0N7"/>
            <port dstActor="D0N28" name="p51" srcActor="D0N7"/>
            <port dstActor="D0N29" name="p52" srcActor="D0N7"/>
            <port dstActor="D0N36" name="p53" srcActor="D0N7"/>
            <port dstActor="D0N24" name="p54" srcActor="D0N7"/>
            <port dstActor="D0N8" name="p55" srcActor="D0N7"/>
            <port dstActor="D0N40" name="p56" srcActor="D0N37"/>
            <port dstActor="D0N32" name="p57" srcActor="D0N29"/>
            <port dstActor="D0N39" name="p58" srcActor="D0N17"/>
            <port dstActor="D0N47" name="p59" srcActor="D0N17"/>
            <port dstActor="D0N42" name="p60" srcActor="D0N38"/>
            <port dstActor="D0N43" name="p61" srcActor="D0N38"/>
            <port dstActor="D0N38" name="p62" srcActor="D0N23"/>
            <port dstActor="D0N46" name="p63" srcActor="D0N33"/>
            <port dstActor="D0N37" name="p64" srcActor="D0N33"/>
            <port dstActor="D0N34" name="p65" srcActor="D0N33"/>
            <port dstActor="D0N36" name="p66" srcActor="D0N33"/>
            <port dstActor="D0N16" name="p67" srcActor="D0N14"/>
            <port dstActor="D0N21" name="p68" srcActor="D0N14"/>
            <port dstActor="D0N36" name="p69" srcActor="D0N34"/>
            <port dstActor="D0N48" name="p70" srcActor="D0N34"/>
            <port dstActor="D0N42" name="p71" srcActor="D0N34"/>
            <port dstActor="D0N33" name="p72" srcActor="D0N26"/>
            <port dstActor="D0N47" name="p73" srcActor="D0N26"/>
            <port dstActor="D0N14" name="p74" srcActor="D0N4"/>
            <port dstActor="D0N18" name="p75" srcActor="D0N4"/>
            <port dstActor="D0N43" name="p76" srcActor="D0N4"/>
            <port dstActor="D0N35" name="p77" srcActor="D0N18"/>
            <port dstActor="D0N37" name="p78" srcActor="D0N27"/>
            <port dstActor="D0N47" name="p79" srcActor="D0N27"/>
            <port dstActor="D0N43" name="p80" srcActor="D0N27"/>
            <port dstActor="D0N30" name="p81" srcActor="D0N27"/>
            <port dstActor="D0N31" name="p82" srcActor="D0N27"/>
            <port dstActor="D0N45" name="p83" srcActor="D0N27"/>
            <port dstActor="D0N45" name="p84" srcActor="D0N32"/>
            <port dstActor="D0N49" name="p85" srcActor="D0N32"/>
            <port dstActor="D0N44" name="p86" srcActor="D0N32"/>
            <port dstActor="D0N46" name="p87" srcActor="D0N32"/>
            <port dstActor="D0N39" name="p88" srcActor="D0N10"/>
            <port dstActor="D0N18" name="p89" srcActor="D0N10"/>
            <port dstActor="D0N42" name="p90" srcActor="D0N22"/>
            <port dstActor="D0N36" name="p91" srcActor="D0N30"/>
            <port dstActor="D0N33" name="p92" srcActor="D0N30"/>
            <port dstActor="D0N34" name="p93" srcActor="D0N30"/>
            <port dstActor="D0N46" name="p94" srcActor="D0N30"/>
            <port dstActor="D0N32" name="p95" srcActor="D0N30"/>
            <port dstActor="D0N47" name="p96" srcActor="D0N0"/>
            <port dstActor="D0N6" name="p97" srcActor="D0N0"/>
            <port dstActor="D0N19" name="p98" srcActor="D0N11"/>
            <port dstActor="D0N48" name="p99" srcActor="D0N11"/>
            <port dstActor="D0N41" name="p100" srcActor="D0N11"/>
            <port dstActor="D0N14" name="p101" srcActor="D0N11"/>
            <port dstActor="D0N24" name="p102" srcActor="D0N11"/>
            <port dstActor="D0N45" name="p103" srcActor="D0N8"/>
            <port dstActor="D0N35" name="p104" srcActor="D0N8"/>
            <port dstActor="D0N23" name="p105" srcActor="D0N8"/>
            <port dstActor="D0N29" name="p106" srcActor="D0N8"/>
            <port dstActor="D0N34" name="p107" srcActor="D0N8"/>
            <port dstActor="D0N48" name="p108" srcActor="D0N8"/>
            <port dstActor="D0N49" name="p109" srcActor="D0N24"/>
            <port dstActor="D0N27" name="p110" srcActor="D0N24"/>
            <port dstActor="D0N36" name="p111" srcActor="D0N24"/>
            <port dstActor="D0N39" name="p112" srcActor="D0N24"/>
            <port dstActor="D0N49" name="p113" srcActor="D0N6"/>
            <port dstActor="D0N27" name="p114" srcActor="D0N6"/>
            <port dstActor="D0N40" name="p115" srcActor="D0N6"/>
            <port dstActor="D0N20" name="p116" srcActor="D0N6"/>
            <port dstActor="D0N27" name="p117" srcActor="D0N21"/>
            <port dstActor="D0N37" name="p118" srcActor="D0N21"/>
            <port dstActor="D0N35" name="p119" srcActor="D0N21"/>
            <port dstActor="D0N34" name="p120" srcActor="D0N2"/>
            <port dstActor="D0N12" name="p121" srcActor="D0N2"/>
            <port dstActor="D0N14" name="p122" srcActor="D0N2"/>
            <port dstActor="D0N6" name="p123" srcActor="D0N2"/>
            <port dstActor="D0N49" name="p124" srcActor="D0N48"/>
            <port dstActor="D0N45" name="p125" srcActor="D0N13"/>
            <port dstActor="D0N26" name="p126" srcActor="D0N13"/>
            <port dstActor="D0N17" name="p127" srcActor="D0N13"/>
            <port dstActor="D0N30" name="p128" srcActor="D0N13"/>
            <port dstActor="D0N31" name="p129" srcActor="D0N13"/>
            <port dstActor="D0N42" name="p130" srcActor="D0N13"/>
            <port dstActor="D0N41" name="p131" srcActor="D0N13"/>
        </ports>
    </mcdag>
    <cores number="3"/>
    <levels number="2"/>
</mcsystem>
