<?xml version="1.0" encoding="UTF-8" standalone="no"?>
<mcsystem>
    <mcdag deadline="1500" name="genned-0-ed-10.0-0">
        <actor name="D0N11">
            <wcet number="0">100</wcet>
            <wcet number="1">320</wcet>
            <maxpow number="0.3951988791848474"/>
            <maxpow number="0.3951988791848474"/>
            <fprob>0.0</fprob>
        </actor>
        <actor name="D0N13">
            <wcet number="0">20</wcet>
            <wcet number="1">70</wcet>
            <maxpow number="0.42518837070732574"/>
            <maxpow number="0.42518837070732574"/>
            <fprob>0.0</fprob>
        </actor>
        <actor name="D0N2">
            <wcet number="0">10</wcet>
            <wcet number="1">30</wcet>
            <maxpow number="0.5026699136022919"/>
            <maxpow number="0.5026699136022919"/>
            <fprob>0.0</fprob>
        </actor>
        <actor name="D0N22">
            <wcet number="0">10</wcet>
            <wcet number="1">40</wcet>
            <maxpow number="0.3530176288883401"/>
            <maxpow number="0.3530176288883401"/>
            <fprob>0.0</fprob>
        </actor>
        <actor name="D0N27">
            <wcet number="0">20</wcet>
            <wcet number="1">50</wcet>
            <maxpow number="0.33984504848600794"/>
            <maxpow number="0.33984504848600794"/>
            <fprob>0.0</fprob>
        </actor>
        <actor name="D0N1">
            <wcet number="0">50</wcet>
            <wcet number="1">50</wcet>
            <maxpow number="0.49908676708784416"/>
            <maxpow number="0.49908676708784416"/>
            <fprob>0.0</fprob>
        </actor>
        <actor name="D0N6">
            <wcet number="0">30</wcet>
            <wcet number="1">30</wcet>
            <maxpow number="0.6454853074903568"/>
            <maxpow number="0.6454853074903568"/>
            <fprob>0.0</fprob>
        </actor>
        <actor name="D0N28">
            <wcet number="0">40</wcet>
            <wcet number="1">80</wcet>
            <maxpow number="0.44854116696166907"/>
            <maxpow number="0.44854116696166907"/>
            <fprob>0.0</fprob>
        </actor>
        <actor name="D0N0">
            <wcet number="0">10</wcet>
            <wcet number="1">10</wcet>
            <maxpow number="0.16855792435832262"/>
            <maxpow number="0.16855792435832262"/>
            <fprob>0.0</fprob>
        </actor>
        <actor name="D0N39">
            <wcet number="0">10</wcet>
            <wcet number="1">30</wcet>
            <maxpow number="0.6812515017119127"/>
            <maxpow number="0.6812515017119127"/>
            <fprob>0.0</fprob>
        </actor>
        <actor name="D0N7">
            <wcet number="0">10</wcet>
            <wcet number="1">40</wcet>
            <maxpow number="0.5454026007630278"/>
            <maxpow number="0.5454026007630278"/>
            <fprob>0.0</fprob>
        </actor>
        <actor name="D0N31">
            <wcet number="0">10</wcet>
            <wcet number="1">170</wcet>
            <maxpow number="0.5223451577499691"/>
            <maxpow number="0.5223451577499691"/>
            <fprob>0.0</fprob>
        </actor>
        <actor name="D0N40">
            <wcet number="0">30</wcet>
            <wcet number="1">50</wcet>
            <maxpow number="0.5862499745083296"/>
            <maxpow number="0.5862499745083296"/>
            <fprob>0.0</fprob>
        </actor>
        <actor name="D0N4">
            <wcet number="0">40</wcet>
            <wcet number="1">40</wcet>
            <maxpow number="0.5541707878170821"/>
            <maxpow number="0.5541707878170821"/>
            <fprob>0.0</fprob>
        </actor>
        <actor name="D0N21">
            <wcet number="0">10</wcet>
            <wcet number="1">20</wcet>
            <maxpow number="0.3265885010822507"/>
            <maxpow number="0.3265885010822507"/>
            <fprob>0.0</fprob>
        </actor>
        <actor name="D0N41">
            <wcet number="0">20</wcet>
            <wcet number="1">20</wcet>
            <maxpow number="0.7176446783232967"/>
            <maxpow number="0.7176446783232967"/>
            <fprob>0.0</fprob>
        </actor>
        <actor name="D0N33">
            <wcet number="0">20</wcet>
            <wcet number="1">120</wcet>
            <maxpow number="0.6808219679527746"/>
            <maxpow number="0.6808219679527746"/>
            <fprob>0.0</fprob>
        </actor>
        <actor name="D0N36">
            <wcet number="0">70</wcet>
            <wcet number="1">70</wcet>
            <maxpow number="1.168531890725225"/>
            <maxpow number="1.168531890725225"/>
            <fprob>0.0</fprob>
        </actor>
        <actor name="D0N16">
            <wcet number="0">10</wcet>
            <wcet number="1">20</wcet>
            <maxpow number="0.5081554126684144"/>
            <maxpow number="0.5081554126684144"/>
            <fprob>0.0</fprob>
        </actor>
        <actor name="D0N26">
            <wcet number="0">20</wcet>
            <wcet number="1">40</wcet>
            <maxpow number="0.48763249570335837"/>
            <maxpow number="0.48763249570335837"/>
            <fprob>0.0</fprob>
        </actor>
        <actor name="D0N17">
            <wcet number="0">60</wcet>
            <wcet number="1">110</wcet>
            <maxpow number="0.46183427018419054"/>
            <maxpow number="0.46183427018419054"/>
            <fprob>0.0</fprob>
        </actor>
        <actor name="D0N18">
            <wcet number="0">10</wcet>
            <wcet number="1">50</wcet>
            <maxpow number="0.4679356800398619"/>
            <maxpow number="0.4679356800398619"/>
            <fprob>0.0</fprob>
        </actor>
        <actor name="D0N23">
            <wcet number="0">40</wcet>
            <wcet number="1">60</wcet>
            <maxpow number="0.38467339752239094"/>
            <maxpow number="0.38467339752239094"/>
            <fprob>0.0</fprob>
        </actor>
        <actor name="D0N8">
            <wcet number="0">20</wcet>
            <wcet number="1">30</wcet>
            <maxpow number="0.5961113947342834"/>
            <maxpow number="0.5961113947342834"/>
            <fprob>0.0</fprob>
        </actor>
        <actor name="D0N30">
            <wcet number="0">20</wcet>
            <wcet number="1">30</wcet>
            <maxpow number="0.6358786535352039"/>
            <maxpow number="0.6358786535352039"/>
            <fprob>0.0</fprob>
        </actor>
        <actor name="D0N45">
            <wcet number="0">80</wcet>
            <wcet number="1">80</wcet>
            <maxpow number="0.6423849193029607"/>
            <maxpow number="0.6423849193029607"/>
            <fprob>0.0</fprob>
        </actor>
        <actor name="D0N34">
            <wcet number="0">90</wcet>
            <wcet number="1">90</wcet>
            <maxpow number="0.2718031850341207"/>
            <maxpow number="0.2718031850341207"/>
            <fprob>0.0</fprob>
        </actor>
        <actor name="D0N29">
            <wcet number="0">20</wcet>
            <wcet number="1">100</wcet>
            <maxpow number="0.5687902061425696"/>
            <maxpow number="0.5687902061425696"/>
            <fprob>0.0</fprob>
        </actor>
        <actor name="D0N32">
            <wcet number="0">50</wcet>
            <wcet number="1">90</wcet>
            <maxpow number="0.5411741659954166"/>
            <maxpow number="0.5411741659954166"/>
            <fprob>0.0</fprob>
        </actor>
        <actor name="D0N37">
            <wcet number="0">100</wcet>
            <wcet number="1">130</wcet>
            <maxpow number="0.4063765856674705"/>
            <maxpow number="0.4063765856674705"/>
            <fprob>0.0</fprob>
        </actor>
        <actor name="D0N46">
            <wcet number="0">10</wcet>
            <wcet number="1">20</wcet>
            <maxpow number="0.17400468320455076"/>
            <maxpow number="0.17400468320455076"/>
            <fprob>0.0</fprob>
        </actor>
        <actor name="D0N43">
            <wcet number="0">40</wcet>
            <wcet number="1">40</wcet>
            <maxpow number="0.5876519086091717"/>
            <maxpow number="0.5876519086091717"/>
            <fprob>0.0</fprob>
        </actor>
        <actor name="D0N20">
            <wcet number="0">90</wcet>
            <wcet number="1">180</wcet>
            <maxpow number="0.6292496443283909"/>
            <maxpow number="0.6292496443283909"/>
            <fprob>0.0</fprob>
        </actor>
        <actor name="D0N47">
            <wcet number="0">10</wcet>
            <wcet number="1">10</wcet>
            <maxpow number="0.28550834823028015"/>
            <maxpow number="0.28550834823028015"/>
            <fprob>0.0</fprob>
        </actor>
        <actor name="D0N24">
            <wcet number="0">120</wcet>
            <wcet number="1">310</wcet>
            <maxpow number="0.8196629825704275"/>
            <maxpow number="0.8196629825704275"/>
            <fprob>0.0</fprob>
        </actor>
        <actor name="D0N35">
            <wcet number="0">160</wcet>
            <wcet number="1">170</wcet>
            <maxpow number="0.18920047593228762"/>
            <maxpow number="0.18920047593228762"/>
            <fprob>0.0</fprob>
        </actor>
        <actor name="D0N3">
            <wcet number="0">100</wcet>
            <wcet number="1">110</wcet>
            <maxpow number="0.3650548076188934"/>
            <maxpow number="0.3650548076188934"/>
            <fprob>0.0</fprob>
        </actor>
        <actor name="D0N12">
            <wcet number="0">10</wcet>
            <wcet number="1">10</wcet>
            <maxpow number="0.33413245868540475"/>
            <maxpow number="0.33413245868540475"/>
            <fprob>0.0</fprob>
        </actor>
        <actor name="D0N44">
            <wcet number="0">30</wcet>
            <wcet number="1">40</wcet>
            <maxpow number="0.503889116552788"/>
            <maxpow number="0.503889116552788"/>
            <fprob>0.0</fprob>
        </actor>
        <actor name="D0N25">
            <wcet number="0">40</wcet>
            <wcet number="1">40</wcet>
            <maxpow number="0.47058418818750714"/>
            <maxpow number="0.47058418818750714"/>
            <fprob>0.0</fprob>
        </actor>
        <actor name="D0N15">
            <wcet number="0">70</wcet>
            <wcet number="1">100</wcet>
            <maxpow number="1.0344585903115282"/>
            <maxpow number="1.0344585903115282"/>
            <fprob>0.0</fprob>
        </actor>
        <actor name="D0N14">
            <wcet number="0">10</wcet>
            <wcet number="1">10</wcet>
            <maxpow number="0.5728501901637206"/>
            <maxpow number="0.5728501901637206"/>
            <fprob>0.0</fprob>
        </actor>
        <actor name="D0N38">
            <wcet number="0">90</wcet>
            <wcet number="1">110</wcet>
            <maxpow number="0.24687983331356134"/>
            <maxpow number="0.24687983331356134"/>
            <fprob>0.0</fprob>
        </actor>
        <actor name="D0N42">
            <wcet number="0">70</wcet>
            <wcet number="1">70</wcet>
            <maxpow number="0.6620662995218685"/>
            <maxpow number="0.6620662995218685"/>
            <fprob>0.0</fprob>
        </actor>
        <actor name="D0N19">
            <wcet number="0">10</wcet>
            <wcet number="1">10</wcet>
            <maxpow number="0.6416264365121811"/>
            <maxpow number="0.6416264365121811"/>
            <fprob>0.0</fprob>
        </actor>
        <actor name="D0N10">
            <wcet number="0">100</wcet>
            <wcet number="1">150</wcet>
            <maxpow number="0.3630970072011008"/>
            <maxpow number="0.3630970072011008"/>
            <fprob>0.0</fprob>
        </actor>
        <actor name="D0N48">
            <wcet number="0">20</wcet>
            <wcet number="1">20</wcet>
            <maxpow number="0.7233748281469807"/>
            <maxpow number="0.7233748281469807"/>
            <fprob>0.0</fprob>
        </actor>
        <actor name="D0N9">
            <wcet number="0">10</wcet>
            <wcet number="1">100</wcet>
            <maxpow number="0.2865609382642988"/>
            <maxpow number="0.2865609382642988"/>
            <fprob>0.0</fprob>
        </actor>
        <actor name="D0N5">
            <wcet number="0">20</wcet>
            <wcet number="1">30</wcet>
            <maxpow number="0.7324308547360541"/>
            <maxpow number="0.7324308547360541"/>
            <fprob>0.0</fprob>
        </actor>
        <ports>
            <port dstActor="D0N18" name="p0" srcActor="D0N11"/>
            <port dstActor="D0N21" name="p1" srcActor="D0N11"/>
            <port dstActor="D0N23" name="p2" srcActor="D0N11"/>
            <port dstActor="D0N33" name="p3" srcActor="D0N13"/>
            <port dstActor="D0N41" name="p4" srcActor="D0N13"/>
            <port dstActor="D0N47" name="p5" srcActor="D0N13"/>
            <port dstActor="D0N34" name="p6" srcActor="D0N13"/>
            <port dstActor="D0N44" name="p7" srcActor="D0N2"/>
            <port dstActor="D0N14" name="p8" srcActor="D0N2"/>
            <port dstActor="D0N9" name="p9" srcActor="D0N2"/>
            <port dstActor="D0N40" name="p10" srcActor="D0N2"/>
            <port dstActor="D0N47" name="p11" srcActor="D0N2"/>
            <port dstActor="D0N41" name="p12" srcActor="D0N2"/>
            <port dstActor="D0N26" name="p13" srcActor="D0N22"/>
            <port dstActor="D0N42" name="p14" srcActor="D0N22"/>
            <port dstActor="D0N46" name="p15" srcActor="D0N22"/>
            <port dstActor="D0N38" name="p16" srcActor="D0N22"/>
            <port dstActor="D0N40" name="p17" srcActor="D0N27"/>
            <port dstActor="D0N36" name="p18" srcActor="D0N27"/>
            <port dstActor="D0N31" name="p19" srcActor="D0N27"/>
            <port dstActor="D0N6" name="p20" srcActor="D0N1"/>
            <port dstActor="D0N3" name="p21" srcActor="D0N1"/>
            <port dstActor="D0N17" name="p22" srcActor="D0N1"/>
            <port dstActor="D0N5" name="p23" srcActor="D0N1"/>
            <port dstActor="D0N30" name="p24" srcActor="D0N1"/>
            <port dstActor="D0N2" name="p25" srcActor="D0N1"/>
            <port dstActor="D0N40" name="p26" srcActor="D0N1"/>
            <port dstActor="D0N15" name="p27" srcActor="D0N1"/>
            <port dstActor="D0N33" name="p28" srcActor="D0N1"/>
            <port dstActor="D0N23" name="p29" srcActor="D0N6"/>
            <port dstActor="D0N20" name="p30" srcActor="D0N6"/>
            <port dstActor="D0N31" name="p31" srcActor="D0N6"/>
            <port dstActor="D0N47" name="p32" srcActor="D0N6"/>
            <port dstActor="D0N44" name="p33" srcActor="D0N6"/>
            <port dstActor="D0N40" name="p34" srcActor="D0N6"/>
            <port dstActor="D0N31" name="p35" srcActor="D0N28"/>
            <port dstActor="D0N45" name="p36" srcActor="D0N28"/>
            <port dstActor="D0N14" name="p37" srcActor="D0N0"/>
            <port dstActor="D0N34" name="p38" srcActor="D0N0"/>
            <port dstActor="D0N36" name="p39" srcActor="D0N0"/>
            <port dstActor="D0N35" name="p40" srcActor="D0N0"/>
            <port dstActor="D0N14" name="p41" srcActor="D0N7"/>
            <port dstActor="D0N45" name="p42" srcActor="D0N7"/>
            <port dstActor="D0N33" name="p43" srcActor="D0N7"/>
            <port dstActor="D0N41" name="p44" srcActor="D0N40"/>
            <port dstActor="D0N48" name="p45" srcActor="D0N40"/>
            <port dstActor="D0N27" name="p46" srcActor="D0N4"/>
            <port dstActor="D0N31" name="p47" srcActor="D0N4"/>
            <port dstActor="D0N22" name="p48" srcActor="D0N21"/>
            <port dstActor="D0N30" name="p49" srcActor="D0N21"/>
            <port dstActor="D0N45" name="p50" srcActor="D0N33"/>
            <port dstActor="D0N43" name="p51" srcActor="D0N36"/>
            <port dstActor="D0N30" name="p52" srcActor="D0N16"/>
            <port dstActor="D0N48" name="p53" srcActor="D0N16"/>
            <port dstActor="D0N34" name="p54" srcActor="D0N26"/>
            <port dstActor="D0N36" name="p55" srcActor="D0N26"/>
            <port dstActor="D0N23" name="p56" srcActor="D0N17"/>
            <port dstActor="D0N18" name="p57" srcActor="D0N17"/>
            <port dstActor="D0N26" name="p58" srcActor="D0N18"/>
            <port dstActor="D0N42" name="p59" srcActor="D0N18"/>
            <port dstActor="D0N31" name="p60" srcActor="D0N18"/>
            <port dstActor="D0N33" name="p61" srcActor="D0N18"/>
            <port dstActor="D0N37" name="p62" srcActor="D0N18"/>
            <port dstActor="D0N21" name="p63" srcActor="D0N18"/>
            <port dstActor="D0N48" name="p64" srcActor="D0N23"/>
            <port dstActor="D0N45" name="p65" srcActor="D0N8"/>
            <port dstActor="D0N19" name="p66" srcActor="D0N8"/>
            <port dstActor="D0N34" name="p67" srcActor="D0N8"/>
            <port dstActor="D0N12" name="p68" srcActor="D0N8"/>
            <port dstActor="D0N42" name="p69" srcActor="D0N8"/>
            <port dstActor="D0N36" name="p70" srcActor="D0N30"/>
            <port dstActor="D0N32" name="p71" srcActor="D0N30"/>
            <port dstActor="D0N36" name="p72" srcActor="D0N34"/>
            <port dstActor="D0N41" name="p73" srcActor="D0N34"/>
            <port dstActor="D0N42" name="p74" srcActor="D0N34"/>
            <port dstActor="D0N42" name="p75" srcActor="D0N29"/>
            <port dstActor="D0N37" name="p76" srcActor="D0N32"/>
            <port dstActor="D0N44" name="p77" srcActor="D0N32"/>
            <port dstActor="D0N45" name="p78" srcActor="D0N32"/>
            <port dstActor="D0N26" name="p79" srcActor="D0N20"/>
            <port dstActor="D0N22" name="p80" srcActor="D0N20"/>
            <port dstActor="D0N28" name="p81" srcActor="D0N24"/>
            <port dstActor="D0N26" name="p82" srcActor="D0N24"/>
            <port dstActor="D0N30" name="p83" srcActor="D0N3"/>
            <port dstActor="D0N40" name="p84" srcActor="D0N12"/>
            <port dstActor="D0N46" name="p85" srcActor="D0N12"/>
            <port dstActor="D0N24" name="p86" srcActor="D0N12"/>
            <port dstActor="D0N26" name="p87" srcActor="D0N25"/>
            <port dstActor="D0N44" name="p88" srcActor="D0N15"/>
            <port dstActor="D0N30" name="p89" srcActor="D0N15"/>
            <port dstActor="D0N21" name="p90" srcActor="D0N15"/>
            <port dstActor="D0N16" name="p91" srcActor="D0N14"/>
            <port dstActor="D0N41" name="p92" srcActor="D0N38"/>
            <port dstActor="D0N45" name="p93" srcActor="D0N38"/>
            <port dstActor="D0N48" name="p94" srcActor="D0N38"/>
            <port dstActor="D0N40" name="p95" srcActor="D0N19"/>
            <port dstActor="D0N22" name="p96" srcActor="D0N19"/>
            <port dstActor="D0N30" name="p97" srcActor="D0N19"/>
            <port dstActor="D0N21" name="p98" srcActor="D0N10"/>
            <port dstActor="D0N17" name="p99" srcActor="D0N9"/>
            <port dstActor="D0N30" name="p100" srcActor="D0N9"/>
            <port dstActor="D0N31" name="p101" srcActor="D0N9"/>
            <port dstActor="D0N21" name="p102" srcActor="D0N5"/>
            <port dstActor="D0N23" name="p103" srcActor="D0N5"/>
            <port dstActor="D0N9" name="p104" srcActor="D0N5"/>
        </ports>
    </mcdag>
    <cores number="3"/>
    <levels number="2"/>
</mcsystem>
