<?xml version="1.0" encoding="UTF-8" standalone="no"?>
<mcsystem>
    <mcdag deadline="1200" name="genned-0-ed-10.0-0">
        <actor name="D0N41">
            <wcet number="0">20</wcet>
            <wcet number="1">20</wcet>
            <maxpow number="0.30578926362551606"/>
            <maxpow number="0.30578926362551606"/>
            <fprob>0.0</fprob>
        </actor>
        <actor name="D0N15">
            <wcet number="0">30</wcet>
            <wcet number="1">100</wcet>
            <maxpow number="0.4406113457551952"/>
            <maxpow number="0.4406113457551952"/>
            <fprob>0.0</fprob>
        </actor>
        <actor name="D0N22">
            <wcet number="0">80</wcet>
            <wcet number="1">110</wcet>
            <maxpow number="0.5681958962465765"/>
            <maxpow number="0.5681958962465765"/>
            <fprob>0.0</fprob>
        </actor>
        <actor name="D0N35">
            <wcet number="0">40</wcet>
            <wcet number="1">70</wcet>
            <maxpow number="0.7640018439840285"/>
            <maxpow number="0.7640018439840285"/>
            <fprob>0.0</fprob>
        </actor>
        <actor name="D0N3">
            <wcet number="0">10</wcet>
            <wcet number="1">30</wcet>
            <maxpow number="0.43687893325013677"/>
            <maxpow number="0.43687893325013677"/>
            <fprob>0.0</fprob>
        </actor>
        <actor name="D0N1">
            <wcet number="0">50</wcet>
            <wcet number="1">60</wcet>
            <maxpow number="0.6723475520511365"/>
            <maxpow number="0.6723475520511365"/>
            <fprob>0.0</fprob>
        </actor>
        <actor name="D0N36">
            <wcet number="0">20</wcet>
            <wcet number="1">20</wcet>
            <maxpow number="0.2204842100874978"/>
            <maxpow number="0.2204842100874978"/>
            <fprob>0.0</fprob>
        </actor>
        <actor name="D0N6">
            <wcet number="0">40</wcet>
            <wcet number="1">70</wcet>
            <maxpow number="0.836634540255598"/>
            <maxpow number="0.836634540255598"/>
            <fprob>0.0</fprob>
        </actor>
        <actor name="D0N9">
            <wcet number="0">20</wcet>
            <wcet number="1">20</wcet>
            <maxpow number="0.5696768873314203"/>
            <maxpow number="0.5696768873314203"/>
            <fprob>0.0</fprob>
        </actor>
        <actor name="D0N19">
            <wcet number="0">20</wcet>
            <wcet number="1">20</wcet>
            <maxpow number="0.6771842672407232"/>
            <maxpow number="0.6771842672407232"/>
            <fprob>0.0</fprob>
        </actor>
        <actor name="D0N13">
            <wcet number="0">50</wcet>
            <wcet number="1">90</wcet>
            <maxpow number="0.5280508462684277"/>
            <maxpow number="0.5280508462684277"/>
            <fprob>0.0</fprob>
        </actor>
        <actor name="D0N4">
            <wcet number="0">10</wcet>
            <wcet number="1">30</wcet>
            <maxpow number="0.7151529160576274"/>
            <maxpow number="0.7151529160576274"/>
            <fprob>0.0</fprob>
        </actor>
        <actor name="D0N10">
            <wcet number="0">30</wcet>
            <wcet number="1">100</wcet>
            <maxpow number="0.30391901161794116"/>
            <maxpow number="0.30391901161794116"/>
            <fprob>0.0</fprob>
        </actor>
        <actor name="D0N26">
            <wcet number="0">30</wcet>
            <wcet number="1">60</wcet>
            <maxpow number="0.12411545931659085"/>
            <maxpow number="0.12411545931659085"/>
            <fprob>0.0</fprob>
        </actor>
        <actor name="D0N45">
            <wcet number="0">40</wcet>
            <wcet number="1">40</wcet>
            <maxpow number="0.4766979152276172"/>
            <maxpow number="0.4766979152276172"/>
            <fprob>0.0</fprob>
        </actor>
        <actor name="D0N2">
            <wcet number="0">90</wcet>
            <wcet number="1">120</wcet>
            <maxpow number="0.9818556365226778"/>
            <maxpow number="0.9818556365226778"/>
            <fprob>0.0</fprob>
        </actor>
        <actor name="D0N23">
            <wcet number="0">20</wcet>
            <wcet number="1">20</wcet>
            <maxpow number="0.6511064501550134"/>
            <maxpow number="0.6511064501550134"/>
            <fprob>0.0</fprob>
        </actor>
        <actor name="D0N44">
            <wcet number="0">20</wcet>
            <wcet number="1">40</wcet>
            <maxpow number="0.6272235537982341"/>
            <maxpow number="0.6272235537982341"/>
            <fprob>0.0</fprob>
        </actor>
        <actor name="D0N14">
            <wcet number="0">10</wcet>
            <wcet number="1">30</wcet>
            <maxpow number="0.8789878897522838"/>
            <maxpow number="0.8789878897522838"/>
            <fprob>0.0</fprob>
        </actor>
        <actor name="D0N39">
            <wcet number="0">10</wcet>
            <wcet number="1">10</wcet>
            <maxpow number="0.43381130505176224"/>
            <maxpow number="0.43381130505176224"/>
            <fprob>0.0</fprob>
        </actor>
        <actor name="D0N28">
            <wcet number="0">40</wcet>
            <wcet number="1">40</wcet>
            <maxpow number="0.6554801640704954"/>
            <maxpow number="0.6554801640704954"/>
            <fprob>0.0</fprob>
        </actor>
        <actor name="D0N0">
            <wcet number="0">10</wcet>
            <wcet number="1">40</wcet>
            <maxpow number="0.6854773366180053"/>
            <maxpow number="0.6854773366180053"/>
            <fprob>0.0</fprob>
        </actor>
        <actor name="D0N25">
            <wcet number="0">90</wcet>
            <wcet number="1">240</wcet>
            <maxpow number="0.6222311063227847"/>
            <maxpow number="0.6222311063227847"/>
            <fprob>0.0</fprob>
        </actor>
        <actor name="D0N37">
            <wcet number="0">40</wcet>
            <wcet number="1">40</wcet>
            <maxpow number="0.6415592890675327"/>
            <maxpow number="0.6415592890675327"/>
            <fprob>0.0</fprob>
        </actor>
        <actor name="D0N24">
            <wcet number="0">20</wcet>
            <wcet number="1">20</wcet>
            <maxpow number="0.46494574392327515"/>
            <maxpow number="0.46494574392327515"/>
            <fprob>0.0</fprob>
        </actor>
        <actor name="D0N31">
            <wcet number="0">10</wcet>
            <wcet number="1">10</wcet>
            <maxpow number="0.16906628519007227"/>
            <maxpow number="0.16906628519007227"/>
            <fprob>0.0</fprob>
        </actor>
        <actor name="D0N27">
            <wcet number="0">130</wcet>
            <wcet number="1">130</wcet>
            <maxpow number="0.6493559916315627"/>
            <maxpow number="0.6493559916315627"/>
            <fprob>0.0</fprob>
        </actor>
        <actor name="D0N43">
            <wcet number="0">20</wcet>
            <wcet number="1">20</wcet>
            <maxpow number="0.5536213632692953"/>
            <maxpow number="0.5536213632692953"/>
            <fprob>0.0</fprob>
        </actor>
        <actor name="D0N38">
            <wcet number="0">30</wcet>
            <wcet number="1">40</wcet>
            <maxpow number="0.6682485405758034"/>
            <maxpow number="0.6682485405758034"/>
            <fprob>0.0</fprob>
        </actor>
        <actor name="D0N8">
            <wcet number="0">50</wcet>
            <wcet number="1">110</wcet>
            <maxpow number="0.4184231142574222"/>
            <maxpow number="0.4184231142574222"/>
            <fprob>0.0</fprob>
        </actor>
        <actor name="D0N30">
            <wcet number="0">10</wcet>
            <wcet number="1">20</wcet>
            <maxpow number="0.8328998578651308"/>
            <maxpow number="0.8328998578651308"/>
            <fprob>0.0</fprob>
        </actor>
        <actor name="D0N7">
            <wcet number="0">190</wcet>
            <wcet number="1">200</wcet>
            <maxpow number="0.247159518755514"/>
            <maxpow number="0.247159518755514"/>
            <fprob>0.0</fprob>
        </actor>
        <actor name="D0N21">
            <wcet number="0">30</wcet>
            <wcet number="1">60</wcet>
            <maxpow number="0.36593035470090773"/>
            <maxpow number="0.36593035470090773"/>
            <fprob>0.0</fprob>
        </actor>
        <actor name="D0N11">
            <wcet number="0">10</wcet>
            <wcet number="1">10</wcet>
            <maxpow number="0.5019269926378865"/>
            <maxpow number="0.5019269926378865"/>
            <fprob>0.0</fprob>
        </actor>
        <actor name="D0N33">
            <wcet number="0">50</wcet>
            <wcet number="1">50</wcet>
            <maxpow number="0.5545839641153646"/>
            <maxpow number="0.5545839641153646"/>
            <fprob>0.0</fprob>
        </actor>
        <actor name="D0N20">
            <wcet number="0">10</wcet>
            <wcet number="1">10</wcet>
            <maxpow number="0.40749000979725997"/>
            <maxpow number="0.40749000979725997"/>
            <fprob>0.0</fprob>
        </actor>
        <actor name="D0N29">
            <wcet number="0">20</wcet>
            <wcet number="1">40</wcet>
            <maxpow number="0.5779869526139438"/>
            <maxpow number="0.5779869526139438"/>
            <fprob>0.0</fprob>
        </actor>
        <actor name="D0N42">
            <wcet number="0">30</wcet>
            <wcet number="1">30</wcet>
            <maxpow number="0.5522585383245984"/>
            <maxpow number="0.5522585383245984"/>
            <fprob>0.0</fprob>
        </actor>
        <actor name="D0N40">
            <wcet number="0">80</wcet>
            <wcet number="1">80</wcet>
            <maxpow number="0.624717937959225"/>
            <maxpow number="0.624717937959225"/>
            <fprob>0.0</fprob>
        </actor>
        <actor name="D0N16">
            <wcet number="0">10</wcet>
            <wcet number="1">10</wcet>
            <maxpow number="0.5991967891143423"/>
            <maxpow number="0.5991967891143423"/>
            <fprob>0.0</fprob>
        </actor>
        <actor name="D0N17">
            <wcet number="0">50</wcet>
            <wcet number="1">50</wcet>
            <maxpow number="0.5037578618976984"/>
            <maxpow number="0.5037578618976984"/>
            <fprob>0.0</fprob>
        </actor>
        <actor name="D0N18">
            <wcet number="0">30</wcet>
            <wcet number="1">80</wcet>
            <maxpow number="0.7723666328366899"/>
            <maxpow number="0.7723666328366899"/>
            <fprob>0.0</fprob>
        </actor>
        <actor name="D0N32">
            <wcet number="0">40</wcet>
            <wcet number="1">40</wcet>
            <maxpow number="0.5553864924938235"/>
            <maxpow number="0.5553864924938235"/>
            <fprob>0.0</fprob>
        </actor>
        <actor name="D0N46">
            <wcet number="0">50</wcet>
            <wcet number="1">130</wcet>
            <maxpow number="0.4053218691402255"/>
            <maxpow number="0.4053218691402255"/>
            <fprob>0.0</fprob>
        </actor>
        <actor name="D0N5">
            <wcet number="0">10</wcet>
            <wcet number="1">10</wcet>
            <maxpow number="0.30559327349445176"/>
            <maxpow number="0.30559327349445176"/>
            <fprob>0.0</fprob>
        </actor>
        <actor name="D0N34">
            <wcet number="0">10</wcet>
            <wcet number="1">10</wcet>
            <maxpow number="0.3950342561425635"/>
            <maxpow number="0.3950342561425635"/>
            <fprob>0.0</fprob>
        </actor>
        <actor name="D0N12">
            <wcet number="0">30</wcet>
            <wcet number="1">60</wcet>
            <maxpow number="0.382806763395792"/>
            <maxpow number="0.382806763395792"/>
            <fprob>0.0</fprob>
        </actor>
        <ports>
            <port dstActor="D0N42" name="p0" srcActor="D0N41"/>
            <port dstActor="D0N27" name="p1" srcActor="D0N15"/>
            <port dstActor="D0N40" name="p2" srcActor="D0N22"/>
            <port dstActor="D0N36" name="p3" srcActor="D0N22"/>
            <port dstActor="D0N44" name="p4" srcActor="D0N22"/>
            <port dstActor="D0N25" name="p5" srcActor="D0N22"/>
            <port dstActor="D0N41" name="p6" srcActor="D0N22"/>
            <port dstActor="D0N14" name="p7" srcActor="D0N3"/>
            <port dstActor="D0N31" name="p8" srcActor="D0N3"/>
            <port dstActor="D0N11" name="p9" srcActor="D0N3"/>
            <port dstActor="D0N46" name="p10" srcActor="D0N3"/>
            <port dstActor="D0N10" name="p11" srcActor="D0N3"/>
            <port dstActor="D0N5" name="p12" srcActor="D0N1"/>
            <port dstActor="D0N8" name="p13" srcActor="D0N1"/>
            <port dstActor="D0N32" name="p14" srcActor="D0N1"/>
            <port dstActor="D0N44" name="p15" srcActor="D0N36"/>
            <port dstActor="D0N18" name="p16" srcActor="D0N6"/>
            <port dstActor="D0N46" name="p17" srcActor="D0N6"/>
            <port dstActor="D0N22" name="p18" srcActor="D0N9"/>
            <port dstActor="D0N30" name="p19" srcActor="D0N9"/>
            <port dstActor="D0N46" name="p20" srcActor="D0N9"/>
            <port dstActor="D0N37" name="p21" srcActor="D0N9"/>
            <port dstActor="D0N24" name="p22" srcActor="D0N19"/>
            <port dstActor="D0N44" name="p23" srcActor="D0N19"/>
            <port dstActor="D0N35" name="p24" srcActor="D0N13"/>
            <port dstActor="D0N20" name="p25" srcActor="D0N4"/>
            <port dstActor="D0N42" name="p26" srcActor="D0N4"/>
            <port dstActor="D0N10" name="p27" srcActor="D0N4"/>
            <port dstActor="D0N43" name="p28" srcActor="D0N4"/>
            <port dstActor="D0N23" name="p29" srcActor="D0N4"/>
            <port dstActor="D0N29" name="p30" srcActor="D0N10"/>
            <port dstActor="D0N30" name="p31" srcActor="D0N10"/>
            <port dstActor="D0N17" name="p32" srcActor="D0N10"/>
            <port dstActor="D0N35" name="p33" srcActor="D0N10"/>
            <port dstActor="D0N36" name="p34" srcActor="D0N26"/>
            <port dstActor="D0N27" name="p35" srcActor="D0N26"/>
            <port dstActor="D0N41" name="p36" srcActor="D0N26"/>
            <port dstActor="D0N44" name="p37" srcActor="D0N26"/>
            <port dstActor="D0N44" name="p38" srcActor="D0N2"/>
            <port dstActor="D0N24" name="p39" srcActor="D0N2"/>
            <port dstActor="D0N32" name="p40" srcActor="D0N2"/>
            <port dstActor="D0N33" name="p41" srcActor="D0N2"/>
            <port dstActor="D0N44" name="p42" srcActor="D0N23"/>
            <port dstActor="D0N18" name="p43" srcActor="D0N14"/>
            <port dstActor="D0N43" name="p44" srcActor="D0N39"/>
            <port dstActor="D0N39" name="p45" srcActor="D0N28"/>
            <port dstActor="D0N42" name="p46" srcActor="D0N0"/>
            <port dstActor="D0N4" name="p47" srcActor="D0N0"/>
            <port dstActor="D0N30" name="p48" srcActor="D0N0"/>
            <port dstActor="D0N45" name="p49" srcActor="D0N0"/>
            <port dstActor="D0N22" name="p50" srcActor="D0N0"/>
            <port dstActor="D0N39" name="p51" srcActor="D0N0"/>
            <port dstActor="D0N41" name="p52" srcActor="D0N0"/>
            <port dstActor="D0N8" name="p53" srcActor="D0N0"/>
            <port dstActor="D0N40" name="p54" srcActor="D0N25"/>
            <port dstActor="D0N37" name="p55" srcActor="D0N25"/>
            <port dstActor="D0N36" name="p56" srcActor="D0N24"/>
            <port dstActor="D0N41" name="p57" srcActor="D0N31"/>
            <port dstActor="D0N44" name="p58" srcActor="D0N31"/>
            <port dstActor="D0N34" name="p59" srcActor="D0N27"/>
            <port dstActor="D0N40" name="p60" srcActor="D0N27"/>
            <port dstActor="D0N28" name="p61" srcActor="D0N27"/>
            <port dstActor="D0N44" name="p62" srcActor="D0N38"/>
            <port dstActor="D0N44" name="p63" srcActor="D0N8"/>
            <port dstActor="D0N27" name="p64" srcActor="D0N8"/>
            <port dstActor="D0N23" name="p65" srcActor="D0N8"/>
            <port dstActor="D0N41" name="p66" srcActor="D0N30"/>
            <port dstActor="D0N34" name="p67" srcActor="D0N30"/>
            <port dstActor="D0N12" name="p68" srcActor="D0N7"/>
            <port dstActor="D0N33" name="p69" srcActor="D0N21"/>
            <port dstActor="D0N25" name="p70" srcActor="D0N21"/>
            <port dstActor="D0N25" name="p71" srcActor="D0N11"/>
            <port dstActor="D0N30" name="p72" srcActor="D0N11"/>
            <port dstActor="D0N41" name="p73" srcActor="D0N33"/>
            <port dstActor="D0N31" name="p74" srcActor="D0N20"/>
            <port dstActor="D0N29" name="p75" srcActor="D0N17"/>
            <port dstActor="D0N42" name="p76" srcActor="D0N17"/>
            <port dstActor="D0N37" name="p77" srcActor="D0N17"/>
            <port dstActor="D0N39" name="p78" srcActor="D0N17"/>
            <port dstActor="D0N22" name="p79" srcActor="D0N17"/>
            <port dstActor="D0N22" name="p80" srcActor="D0N18"/>
            <port dstActor="D0N41" name="p81" srcActor="D0N5"/>
            <port dstActor="D0N40" name="p82" srcActor="D0N5"/>
            <port dstActor="D0N38" name="p83" srcActor="D0N5"/>
            <port dstActor="D0N44" name="p84" srcActor="D0N34"/>
            <port dstActor="D0N21" name="p85" srcActor="D0N12"/>
            <port dstActor="D0N17" name="p86" srcActor="D0N12"/>
        </ports>
    </mcdag>
    <cores number="3"/>
    <levels number="2"/>
</mcsystem>
