<?xml version="1.0" encoding="UTF-8" standalone="no"?>
<mcsystem>
    <mcdag deadline="4000" name="genned-0-ed-10.0-0">
        <actor name="D0N34">
            <wcet number="0">60</wcet>
            <wcet number="1">70</wcet>
            <maxpow number="0.6923291592727774"/>
            <maxpow number="0.6923291592727774"/>
            <fprob>0.0</fprob>
        </actor>
        <actor name="D0N19">
            <wcet number="0">70</wcet>
            <wcet number="1">410</wcet>
            <maxpow number="0.3438726898416544"/>
            <maxpow number="0.3438726898416544"/>
            <fprob>0.0</fprob>
        </actor>
        <actor name="D0N23">
            <wcet number="0">50</wcet>
            <wcet number="1">110</wcet>
            <maxpow number="0.4654677803149533"/>
            <maxpow number="0.4654677803149533"/>
            <fprob>0.0</fprob>
        </actor>
        <actor name="D0N16">
            <wcet number="0">140</wcet>
            <wcet number="1">140</wcet>
            <maxpow number="0.2352329518355492"/>
            <maxpow number="0.2352329518355492"/>
            <fprob>0.0</fprob>
        </actor>
        <actor name="D0N39">
            <wcet number="0">60</wcet>
            <wcet number="1">80</wcet>
            <maxpow number="0.5445073009208538"/>
            <maxpow number="0.5445073009208538"/>
            <fprob>0.0</fprob>
        </actor>
        <actor name="D0N1">
            <wcet number="0">50</wcet>
            <wcet number="1">60</wcet>
            <maxpow number="0.7647104935925891"/>
            <maxpow number="0.7647104935925891"/>
            <fprob>0.0</fprob>
        </actor>
        <actor name="D0N9">
            <wcet number="0">130</wcet>
            <wcet number="1">470</wcet>
            <maxpow number="0.4954301656549852"/>
            <maxpow number="0.4954301656549852"/>
            <fprob>0.0</fprob>
        </actor>
        <actor name="D0N18">
            <wcet number="0">160</wcet>
            <wcet number="1">200</wcet>
            <maxpow number="0.4840748491351534"/>
            <maxpow number="0.4840748491351534"/>
            <fprob>0.0</fprob>
        </actor>
        <actor name="D0N6">
            <wcet number="0">40</wcet>
            <wcet number="1">80</wcet>
            <maxpow number="0.6299878503302763"/>
            <maxpow number="0.6299878503302763"/>
            <fprob>0.0</fprob>
        </actor>
        <actor name="D0N29">
            <wcet number="0">500</wcet>
            <wcet number="1">610</wcet>
            <maxpow number="0.5135059580049474"/>
            <maxpow number="0.5135059580049474"/>
            <fprob>0.0</fprob>
        </actor>
        <actor name="D0N36">
            <wcet number="0">20</wcet>
            <wcet number="1">390</wcet>
            <maxpow number="0.38135708612010466"/>
            <maxpow number="0.38135708612010466"/>
            <fprob>0.0</fprob>
        </actor>
        <actor name="D0N37">
            <wcet number="0">30</wcet>
            <wcet number="1">30</wcet>
            <maxpow number="0.3228746490507568"/>
            <maxpow number="0.3228746490507568"/>
            <fprob>0.0</fprob>
        </actor>
        <actor name="D0N4">
            <wcet number="0">150</wcet>
            <wcet number="1">230</wcet>
            <maxpow number="0.6323909643131299"/>
            <maxpow number="0.6323909643131299"/>
            <fprob>0.0</fprob>
        </actor>
        <actor name="D0N7">
            <wcet number="0">70</wcet>
            <wcet number="1">150</wcet>
            <maxpow number="0.1882712174505088"/>
            <maxpow number="0.1882712174505088"/>
            <fprob>0.0</fprob>
        </actor>
        <actor name="D0N0">
            <wcet number="0">30</wcet>
            <wcet number="1">90</wcet>
            <maxpow number="0.4086404754682564"/>
            <maxpow number="0.4086404754682564"/>
            <fprob>0.0</fprob>
        </actor>
        <actor name="D0N11">
            <wcet number="0">300</wcet>
            <wcet number="1">380</wcet>
            <maxpow number="0.6760380841336009"/>
            <maxpow number="0.6760380841336009"/>
            <fprob>0.0</fprob>
        </actor>
        <actor name="D0N14">
            <wcet number="0">10</wcet>
            <wcet number="1">30</wcet>
            <maxpow number="0.38692605104866107"/>
            <maxpow number="0.38692605104866107"/>
            <fprob>0.0</fprob>
        </actor>
        <actor name="D0N8">
            <wcet number="0">20</wcet>
            <wcet number="1">40</wcet>
            <maxpow number="0.4467044414750067"/>
            <maxpow number="0.4467044414750067"/>
            <fprob>0.0</fprob>
        </actor>
        <actor name="D0N42">
            <wcet number="0">20</wcet>
            <wcet number="1">100</wcet>
            <maxpow number="0.5333254712805031"/>
            <maxpow number="0.5333254712805031"/>
            <fprob>0.0</fprob>
        </actor>
        <actor name="D0N2">
            <wcet number="0">160</wcet>
            <wcet number="1">210</wcet>
            <maxpow number="0.3331622795248661"/>
            <maxpow number="0.3331622795248661"/>
            <fprob>0.0</fprob>
        </actor>
        <actor name="D0N12">
            <wcet number="0">50</wcet>
            <wcet number="1">90</wcet>
            <maxpow number="0.7726090189292474"/>
            <maxpow number="0.7726090189292474"/>
            <fprob>0.0</fprob>
        </actor>
        <actor name="D0N15">
            <wcet number="0">10</wcet>
            <wcet number="1">10</wcet>
            <maxpow number="0.8562660765999439"/>
            <maxpow number="0.8562660765999439"/>
            <fprob>0.0</fprob>
        </actor>
        <actor name="D0N46">
            <wcet number="0">10</wcet>
            <wcet number="1">10</wcet>
            <maxpow number="0.35315626689143753"/>
            <maxpow number="0.35315626689143753"/>
            <fprob>0.0</fprob>
        </actor>
        <actor name="D0N31">
            <wcet number="0">20</wcet>
            <wcet number="1">20</wcet>
            <maxpow number="0.44270931179033973"/>
            <maxpow number="0.44270931179033973"/>
            <fprob>0.0</fprob>
        </actor>
        <actor name="D0N24">
            <wcet number="0">260</wcet>
            <wcet number="1">320</wcet>
            <maxpow number="1.223609143922114"/>
            <maxpow number="1.223609143922114"/>
            <fprob>0.0</fprob>
        </actor>
        <actor name="D0N28">
            <wcet number="0">20</wcet>
            <wcet number="1">30</wcet>
            <maxpow number="0.5958199158199612"/>
            <maxpow number="0.5958199158199612"/>
            <fprob>0.0</fprob>
        </actor>
        <actor name="D0N3">
            <wcet number="0">100</wcet>
            <wcet number="1">190</wcet>
            <maxpow number="0.5079052992574542"/>
            <maxpow number="0.5079052992574542"/>
            <fprob>0.0</fprob>
        </actor>
        <actor name="D0N41">
            <wcet number="0">10</wcet>
            <wcet number="1">20</wcet>
            <maxpow number="0.33692535461105"/>
            <maxpow number="0.33692535461105"/>
            <fprob>0.0</fprob>
        </actor>
        <actor name="D0N40">
            <wcet number="0">90</wcet>
            <wcet number="1">300</wcet>
            <maxpow number="0.7181956412708481"/>
            <maxpow number="0.7181956412708481"/>
            <fprob>0.0</fprob>
        </actor>
        <actor name="D0N26">
            <wcet number="0">20</wcet>
            <wcet number="1">20</wcet>
            <maxpow number="0.3946047972207203"/>
            <maxpow number="0.3946047972207203"/>
            <fprob>0.0</fprob>
        </actor>
        <actor name="D0N43">
            <wcet number="0">30</wcet>
            <wcet number="1">160</wcet>
            <maxpow number="0.6557010385983184"/>
            <maxpow number="0.6557010385983184"/>
            <fprob>0.0</fprob>
        </actor>
        <actor name="D0N27">
            <wcet number="0">100</wcet>
            <wcet number="1">170</wcet>
            <maxpow number="0.5102621267882768"/>
            <maxpow number="0.5102621267882768"/>
            <fprob>0.0</fprob>
        </actor>
        <actor name="D0N10">
            <wcet number="0">140</wcet>
            <wcet number="1">340</wcet>
            <maxpow number="0.33218468366066967"/>
            <maxpow number="0.33218468366066967"/>
            <fprob>0.0</fprob>
        </actor>
        <actor name="D0N32">
            <wcet number="0">30</wcet>
            <wcet number="1">90</wcet>
            <maxpow number="0.2905745761218971"/>
            <maxpow number="0.2905745761218971"/>
            <fprob>0.0</fprob>
        </actor>
        <actor name="D0N44">
            <wcet number="0">70</wcet>
            <wcet number="1">80</wcet>
            <maxpow number="0.41200333227613295"/>
            <maxpow number="0.41200333227613295"/>
            <fprob>0.0</fprob>
        </actor>
        <actor name="D0N13">
            <wcet number="0">30</wcet>
            <wcet number="1">120</wcet>
            <maxpow number="0.3497153722954216"/>
            <maxpow number="0.3497153722954216"/>
            <fprob>0.0</fprob>
        </actor>
        <actor name="D0N45">
            <wcet number="0">100</wcet>
            <wcet number="1">870</wcet>
            <maxpow number="0.7036461945886858"/>
            <maxpow number="0.7036461945886858"/>
            <fprob>0.0</fprob>
        </actor>
        <actor name="D0N5">
            <wcet number="0">30</wcet>
            <wcet number="1">50</wcet>
            <maxpow number="0.3996131496602535"/>
            <maxpow number="0.3996131496602535"/>
            <fprob>0.0</fprob>
        </actor>
        <actor name="D0N22">
            <wcet number="0">90</wcet>
            <wcet number="1">90</wcet>
            <maxpow number="0.566824425011971"/>
            <maxpow number="0.566824425011971"/>
            <fprob>0.0</fprob>
        </actor>
        <actor name="D0N20">
            <wcet number="0">30</wcet>
            <wcet number="1">60</wcet>
            <maxpow number="0.9982691303502836"/>
            <maxpow number="0.9982691303502836"/>
            <fprob>0.0</fprob>
        </actor>
        <actor name="D0N33">
            <wcet number="0">170</wcet>
            <wcet number="1">410</wcet>
            <maxpow number="0.7105750209998923"/>
            <maxpow number="0.7105750209998923"/>
            <fprob>0.0</fprob>
        </actor>
        <actor name="D0N35">
            <wcet number="0">10</wcet>
            <wcet number="1">60</wcet>
            <maxpow number="0.46969028418469244"/>
            <maxpow number="0.46969028418469244"/>
            <fprob>0.0</fprob>
        </actor>
        <actor name="D0N30">
            <wcet number="0">10</wcet>
            <wcet number="1">30</wcet>
            <maxpow number="0.574063462492893"/>
            <maxpow number="0.574063462492893"/>
            <fprob>0.0</fprob>
        </actor>
        <actor name="D0N21">
            <wcet number="0">50</wcet>
            <wcet number="1">70</wcet>
            <maxpow number="0.15699513105769675"/>
            <maxpow number="0.15699513105769675"/>
            <fprob>0.0</fprob>
        </actor>
        <actor name="D0N38">
            <wcet number="0">270</wcet>
            <wcet number="1">390</wcet>
            <maxpow number="0.22012885139631333"/>
            <maxpow number="0.22012885139631333"/>
            <fprob>0.0</fprob>
        </actor>
        <actor name="D0N25">
            <wcet number="0">160</wcet>
            <wcet number="1">1040</wcet>
            <maxpow number="0.8383378042199026"/>
            <maxpow number="0.8383378042199026"/>
            <fprob>0.0</fprob>
        </actor>
        <actor name="D0N17">
            <wcet number="0">280</wcet>
            <wcet number="1">280</wcet>
            <maxpow number="0.32612991058397933"/>
            <maxpow number="0.32612991058397933"/>
            <fprob>0.0</fprob>
        </actor>
        <ports>
            <port dstActor="D0N35" name="p0" srcActor="D0N34"/>
            <port dstActor="D0N39" name="p1" srcActor="D0N19"/>
            <port dstActor="D0N38" name="p2" srcActor="D0N19"/>
            <port dstActor="D0N36" name="p3" srcActor="D0N23"/>
            <port dstActor="D0N46" name="p4" srcActor="D0N23"/>
            <port dstActor="D0N24" name="p5" srcActor="D0N16"/>
            <port dstActor="D0N46" name="p6" srcActor="D0N16"/>
            <port dstActor="D0N31" name="p7" srcActor="D0N16"/>
            <port dstActor="D0N39" name="p8" srcActor="D0N16"/>
            <port dstActor="D0N40" name="p9" srcActor="D0N16"/>
            <port dstActor="D0N41" name="p10" srcActor="D0N16"/>
            <port dstActor="D0N31" name="p11" srcActor="D0N1"/>
            <port dstActor="D0N20" name="p12" srcActor="D0N1"/>
            <port dstActor="D0N46" name="p13" srcActor="D0N1"/>
            <port dstActor="D0N28" name="p14" srcActor="D0N1"/>
            <port dstActor="D0N24" name="p15" srcActor="D0N1"/>
            <port dstActor="D0N21" name="p16" srcActor="D0N1"/>
            <port dstActor="D0N42" name="p17" srcActor="D0N9"/>
            <port dstActor="D0N26" name="p18" srcActor="D0N9"/>
            <port dstActor="D0N14" name="p19" srcActor="D0N9"/>
            <port dstActor="D0N32" name="p20" srcActor="D0N9"/>
            <port dstActor="D0N10" name="p21" srcActor="D0N9"/>
            <port dstActor="D0N20" name="p22" srcActor="D0N18"/>
            <port dstActor="D0N37" name="p23" srcActor="D0N18"/>
            <port dstActor="D0N31" name="p24" srcActor="D0N18"/>
            <port dstActor="D0N21" name="p25" srcActor="D0N18"/>
            <port dstActor="D0N27" name="p26" srcActor="D0N6"/>
            <port dstActor="D0N23" name="p27" srcActor="D0N6"/>
            <port dstActor="D0N46" name="p28" srcActor="D0N6"/>
            <port dstActor="D0N42" name="p29" srcActor="D0N6"/>
            <port dstActor="D0N41" name="p30" srcActor="D0N29"/>
            <port dstActor="D0N32" name="p31" srcActor="D0N29"/>
            <port dstActor="D0N40" name="p32" srcActor="D0N37"/>
            <port dstActor="D0N45" name="p33" srcActor="D0N37"/>
            <port dstActor="D0N12" name="p34" srcActor="D0N4"/>
            <port dstActor="D0N45" name="p35" srcActor="D0N4"/>
            <port dstActor="D0N19" name="p36" srcActor="D0N4"/>
            <port dstActor="D0N34" name="p37" srcActor="D0N4"/>
            <port dstActor="D0N46" name="p38" srcActor="D0N4"/>
            <port dstActor="D0N9" name="p39" srcActor="D0N4"/>
            <port dstActor="D0N17" name="p40" srcActor="D0N4"/>
            <port dstActor="D0N39" name="p41" srcActor="D0N4"/>
            <port dstActor="D0N24" name="p42" srcActor="D0N4"/>
            <port dstActor="D0N22" name="p43" srcActor="D0N7"/>
            <port dstActor="D0N33" name="p44" srcActor="D0N7"/>
            <port dstActor="D0N24" name="p45" srcActor="D0N7"/>
            <port dstActor="D0N14" name="p46" srcActor="D0N0"/>
            <port dstActor="D0N39" name="p47" srcActor="D0N0"/>
            <port dstActor="D0N45" name="p48" srcActor="D0N11"/>
            <port dstActor="D0N21" name="p49" srcActor="D0N11"/>
            <port dstActor="D0N22" name="p50" srcActor="D0N11"/>
            <port dstActor="D0N18" name="p51" srcActor="D0N14"/>
            <port dstActor="D0N33" name="p52" srcActor="D0N14"/>
            <port dstActor="D0N44" name="p53" srcActor="D0N14"/>
            <port dstActor="D0N34" name="p54" srcActor="D0N14"/>
            <port dstActor="D0N27" name="p55" srcActor="D0N14"/>
            <port dstActor="D0N17" name="p56" srcActor="D0N8"/>
            <port dstActor="D0N32" name="p57" srcActor="D0N8"/>
            <port dstActor="D0N42" name="p58" srcActor="D0N8"/>
            <port dstActor="D0N13" name="p59" srcActor="D0N8"/>
            <port dstActor="D0N44" name="p60" srcActor="D0N42"/>
            <port dstActor="D0N23" name="p61" srcActor="D0N2"/>
            <port dstActor="D0N12" name="p62" srcActor="D0N2"/>
            <port dstActor="D0N22" name="p63" srcActor="D0N2"/>
            <port dstActor="D0N37" name="p64" srcActor="D0N2"/>
            <port dstActor="D0N3" name="p65" srcActor="D0N2"/>
            <port dstActor="D0N5" name="p66" srcActor="D0N2"/>
            <port dstActor="D0N8" name="p67" srcActor="D0N2"/>
            <port dstActor="D0N45" name="p68" srcActor="D0N2"/>
            <port dstActor="D0N38" name="p69" srcActor="D0N12"/>
            <port dstActor="D0N31" name="p70" srcActor="D0N12"/>
            <port dstActor="D0N15" name="p71" srcActor="D0N12"/>
            <port dstActor="D0N40" name="p72" srcActor="D0N12"/>
            <port dstActor="D0N24" name="p73" srcActor="D0N15"/>
            <port dstActor="D0N34" name="p74" srcActor="D0N15"/>
            <port dstActor="D0N36" name="p75" srcActor="D0N15"/>
            <port dstActor="D0N26" name="p76" srcActor="D0N15"/>
            <port dstActor="D0N42" name="p77" srcActor="D0N31"/>
            <port dstActor="D0N42" name="p78" srcActor="D0N28"/>
            <port dstActor="D0N42" name="p79" srcActor="D0N3"/>
            <port dstActor="D0N12" name="p80" srcActor="D0N3"/>
            <port dstActor="D0N16" name="p81" srcActor="D0N3"/>
            <port dstActor="D0N4" name="p82" srcActor="D0N3"/>
            <port dstActor="D0N42" name="p83" srcActor="D0N40"/>
            <port dstActor="D0N41" name="p84" srcActor="D0N40"/>
            <port dstActor="D0N45" name="p85" srcActor="D0N40"/>
            <port dstActor="D0N34" name="p86" srcActor="D0N26"/>
            <port dstActor="D0N39" name="p87" srcActor="D0N27"/>
            <port dstActor="D0N35" name="p88" srcActor="D0N27"/>
            <port dstActor="D0N33" name="p89" srcActor="D0N10"/>
            <port dstActor="D0N32" name="p90" srcActor="D0N10"/>
            <port dstActor="D0N23" name="p91" srcActor="D0N10"/>
            <port dstActor="D0N46" name="p92" srcActor="D0N10"/>
            <port dstActor="D0N15" name="p93" srcActor="D0N10"/>
            <port dstActor="D0N36" name="p94" srcActor="D0N10"/>
            <port dstActor="D0N19" name="p95" srcActor="D0N13"/>
            <port dstActor="D0N46" name="p96" srcActor="D0N45"/>
            <port dstActor="D0N16" name="p97" srcActor="D0N5"/>
            <port dstActor="D0N26" name="p98" srcActor="D0N5"/>
            <port dstActor="D0N28" name="p99" srcActor="D0N5"/>
            <port dstActor="D0N36" name="p100" srcActor="D0N22"/>
            <port dstActor="D0N31" name="p101" srcActor="D0N22"/>
            <port dstActor="D0N45" name="p102" srcActor="D0N22"/>
            <port dstActor="D0N33" name="p103" srcActor="D0N20"/>
            <port dstActor="D0N25" name="p104" srcActor="D0N20"/>
            <port dstActor="D0N43" name="p105" srcActor="D0N20"/>
            <port dstActor="D0N32" name="p106" srcActor="D0N20"/>
            <port dstActor="D0N40" name="p107" srcActor="D0N33"/>
            <port dstActor="D0N42" name="p108" srcActor="D0N33"/>
            <port dstActor="D0N31" name="p109" srcActor="D0N30"/>
            <port dstActor="D0N44" name="p110" srcActor="D0N30"/>
            <port dstActor="D0N45" name="p111" srcActor="D0N21"/>
            <port dstActor="D0N37" name="p112" srcActor="D0N21"/>
            <port dstActor="D0N42" name="p113" srcActor="D0N38"/>
            <port dstActor="D0N35" name="p114" srcActor="D0N25"/>
            <port dstActor="D0N19" name="p115" srcActor="D0N17"/>
            <port dstActor="D0N31" name="p116" srcActor="D0N17"/>
        </ports>
    </mcdag>
    <cores number="3"/>
    <levels number="2"/>
</mcsystem>
