<?xml version="1.0" encoding="UTF-8" standalone="no"?>
<mcsystem>
    <mcdag deadline="1500" name="genned-0-ed-10.0-0">
        <actor name="D0N26">
            <wcet number="0">10</wcet>
            <wcet number="1">40</wcet>
            <maxpow number="0.484035453557367"/>
            <maxpow number="0.484035453557367"/>
            <fprob>0.0</fprob>
        </actor>
        <actor name="D0N1">
            <wcet number="0">10</wcet>
            <wcet number="1">10</wcet>
            <maxpow number="0.5914018965948584"/>
            <maxpow number="0.5914018965948584"/>
            <fprob>0.0</fprob>
        </actor>
        <actor name="D0N7">
            <wcet number="0">10</wcet>
            <wcet number="1">20</wcet>
            <maxpow number="0.5142178407960319"/>
            <maxpow number="0.5142178407960319"/>
            <fprob>0.0</fprob>
        </actor>
        <actor name="D0N24">
            <wcet number="0">130</wcet>
            <wcet number="1">240</wcet>
            <maxpow number="0.2674261046430011"/>
            <maxpow number="0.2674261046430011"/>
            <fprob>0.0</fprob>
        </actor>
        <actor name="D0N23">
            <wcet number="0">20</wcet>
            <wcet number="1">50</wcet>
            <maxpow number="0.562935423857837"/>
            <maxpow number="0.562935423857837"/>
            <fprob>0.0</fprob>
        </actor>
        <actor name="D0N38">
            <wcet number="0">90</wcet>
            <wcet number="1">100</wcet>
            <maxpow number="0.609182409751549"/>
            <maxpow number="0.609182409751549"/>
            <fprob>0.0</fprob>
        </actor>
        <actor name="D0N41">
            <wcet number="0">20</wcet>
            <wcet number="1">20</wcet>
            <maxpow number="0.8734364073650096"/>
            <maxpow number="0.8734364073650096"/>
            <fprob>0.0</fprob>
        </actor>
        <actor name="D0N4">
            <wcet number="0">120</wcet>
            <wcet number="1">130</wcet>
            <maxpow number="0.6565602784158239"/>
            <maxpow number="0.6565602784158239"/>
            <fprob>0.0</fprob>
        </actor>
        <actor name="D0N2">
            <wcet number="0">20</wcet>
            <wcet number="1">80</wcet>
            <maxpow number="0.6549613870437245"/>
            <maxpow number="0.6549613870437245"/>
            <fprob>0.0</fprob>
        </actor>
        <actor name="D0N12">
            <wcet number="0">30</wcet>
            <wcet number="1">210</wcet>
            <maxpow number="0.6483743235210697"/>
            <maxpow number="0.6483743235210697"/>
            <fprob>0.0</fprob>
        </actor>
        <actor name="D0N19">
            <wcet number="0">160</wcet>
            <wcet number="1">230</wcet>
            <maxpow number="0.6293137271894449"/>
            <maxpow number="0.6293137271894449"/>
            <fprob>0.0</fprob>
        </actor>
        <actor name="D0N20">
            <wcet number="0">30</wcet>
            <wcet number="1">30</wcet>
            <maxpow number="0.9259392649486846"/>
            <maxpow number="0.9259392649486846"/>
            <fprob>0.0</fprob>
        </actor>
        <actor name="D0N8">
            <wcet number="0">10</wcet>
            <wcet number="1">10</wcet>
            <maxpow number="0.7832112197284455"/>
            <maxpow number="0.7832112197284455"/>
            <fprob>0.0</fprob>
        </actor>
        <actor name="D0N18">
            <wcet number="0">10</wcet>
            <wcet number="1">40</wcet>
            <maxpow number="0.3893201407453741"/>
            <maxpow number="0.3893201407453741"/>
            <fprob>0.0</fprob>
        </actor>
        <actor name="D0N43">
            <wcet number="0">20</wcet>
            <wcet number="1">50</wcet>
            <maxpow number="0.4092187959732796"/>
            <maxpow number="0.4092187959732796"/>
            <fprob>0.0</fprob>
        </actor>
        <actor name="D0N15">
            <wcet number="0">20</wcet>
            <wcet number="1">20</wcet>
            <maxpow number="0.7311750936488881"/>
            <maxpow number="0.7311750936488881"/>
            <fprob>0.0</fprob>
        </actor>
        <actor name="D0N36">
            <wcet number="0">10</wcet>
            <wcet number="1">30</wcet>
            <maxpow number="0.8467506666684588"/>
            <maxpow number="0.8467506666684588"/>
            <fprob>0.0</fprob>
        </actor>
        <actor name="D0N0">
            <wcet number="0">20</wcet>
            <wcet number="1">40</wcet>
            <maxpow number="0.6953482943387034"/>
            <maxpow number="0.6953482943387034"/>
            <fprob>0.0</fprob>
        </actor>
        <actor name="D0N29">
            <wcet number="0">60</wcet>
            <wcet number="1">60</wcet>
            <maxpow number="1.0213626857749651"/>
            <maxpow number="1.0213626857749651"/>
            <fprob>0.0</fprob>
        </actor>
        <actor name="D0N40">
            <wcet number="0">20</wcet>
            <wcet number="1">30</wcet>
            <maxpow number="0.6740445333044398"/>
            <maxpow number="0.6740445333044398"/>
            <fprob>0.0</fprob>
        </actor>
        <actor name="D0N32">
            <wcet number="0">90</wcet>
            <wcet number="1">170</wcet>
            <maxpow number="0.3316236669662963"/>
            <maxpow number="0.3316236669662963"/>
            <fprob>0.0</fprob>
        </actor>
        <actor name="D0N11">
            <wcet number="0">20</wcet>
            <wcet number="1">30</wcet>
            <maxpow number="0.7704375698436835"/>
            <maxpow number="0.7704375698436835"/>
            <fprob>0.0</fprob>
        </actor>
        <actor name="D0N28">
            <wcet number="0">20</wcet>
            <wcet number="1">50</wcet>
            <maxpow number="0.8211126961848012"/>
            <maxpow number="0.8211126961848012"/>
            <fprob>0.0</fprob>
        </actor>
        <actor name="D0N10">
            <wcet number="0">30</wcet>
            <wcet number="1">100</wcet>
            <maxpow number="0.5732688435148848"/>
            <maxpow number="0.5732688435148848"/>
            <fprob>0.0</fprob>
        </actor>
        <actor name="D0N22">
            <wcet number="0">30</wcet>
            <wcet number="1">30</wcet>
            <maxpow number="0.4790794247020258"/>
            <maxpow number="0.4790794247020258"/>
            <fprob>0.0</fprob>
        </actor>
        <actor name="D0N44">
            <wcet number="0">50</wcet>
            <wcet number="1">70</wcet>
            <maxpow number="0.4975728594537865"/>
            <maxpow number="0.4975728594537865"/>
            <fprob>0.0</fprob>
        </actor>
        <actor name="D0N33">
            <wcet number="0">160</wcet>
            <wcet number="1">300</wcet>
            <maxpow number="0.6482271577895079"/>
            <maxpow number="0.6482271577895079"/>
            <fprob>0.0</fprob>
        </actor>
        <actor name="D0N35">
            <wcet number="0">10</wcet>
            <wcet number="1">20</wcet>
            <maxpow number="0.7324874926285138"/>
            <maxpow number="0.7324874926285138"/>
            <fprob>0.0</fprob>
        </actor>
        <actor name="D0N45">
            <wcet number="0">10</wcet>
            <wcet number="1">10</wcet>
            <maxpow number="0.5672525930909824"/>
            <maxpow number="0.5672525930909824"/>
            <fprob>0.0</fprob>
        </actor>
        <actor name="D0N30">
            <wcet number="0">20</wcet>
            <wcet number="1">40</wcet>
            <maxpow number="0.4827182834673352"/>
            <maxpow number="0.4827182834673352"/>
            <fprob>0.0</fprob>
        </actor>
        <actor name="D0N16">
            <wcet number="0">40</wcet>
            <wcet number="1">60</wcet>
            <maxpow number="0.8260344170848722"/>
            <maxpow number="0.8260344170848722"/>
            <fprob>0.0</fprob>
        </actor>
        <actor name="D0N34">
            <wcet number="0">40</wcet>
            <wcet number="1">120</wcet>
            <maxpow number="0.555418932112116"/>
            <maxpow number="0.555418932112116"/>
            <fprob>0.0</fprob>
        </actor>
        <actor name="D0N31">
            <wcet number="0">50</wcet>
            <wcet number="1">260</wcet>
            <maxpow number="0.45275446731266794"/>
            <maxpow number="0.45275446731266794"/>
            <fprob>0.0</fprob>
        </actor>
        <actor name="D0N3">
            <wcet number="0">100</wcet>
            <wcet number="1">110</wcet>
            <maxpow number="0.3275696194530449"/>
            <maxpow number="0.3275696194530449"/>
            <fprob>0.0</fprob>
        </actor>
        <actor name="D0N5">
            <wcet number="0">40</wcet>
            <wcet number="1">50</wcet>
            <maxpow number="0.8513404254965709"/>
            <maxpow number="0.8513404254965709"/>
            <fprob>0.0</fprob>
        </actor>
        <actor name="D0N17">
            <wcet number="0">20</wcet>
            <wcet number="1">50</wcet>
            <maxpow number="0.6571983579404693"/>
            <maxpow number="0.6571983579404693"/>
            <fprob>0.0</fprob>
        </actor>
        <actor name="D0N27">
            <wcet number="0">30</wcet>
            <wcet number="1">140</wcet>
            <maxpow number="0.7914578954255453"/>
            <maxpow number="0.7914578954255453"/>
            <fprob>0.0</fprob>
        </actor>
        <actor name="D0N6">
            <wcet number="0">20</wcet>
            <wcet number="1">70</wcet>
            <maxpow number="0.5081488787035101"/>
            <maxpow number="0.5081488787035101"/>
            <fprob>0.0</fprob>
        </actor>
        <actor name="D0N9">
            <wcet number="0">40</wcet>
            <wcet number="1">40</wcet>
            <maxpow number="0.5158260939994035"/>
            <maxpow number="0.5158260939994035"/>
            <fprob>0.0</fprob>
        </actor>
        <actor name="D0N42">
            <wcet number="0">10</wcet>
            <wcet number="1">10</wcet>
            <maxpow number="0.6033830885288489"/>
            <maxpow number="0.6033830885288489"/>
            <fprob>0.0</fprob>
        </actor>
        <actor name="D0N25">
            <wcet number="0">60</wcet>
            <wcet number="1">100</wcet>
            <maxpow number="0.5059541888658435"/>
            <maxpow number="0.5059541888658435"/>
            <fprob>0.0</fprob>
        </actor>
        <actor name="D0N21">
            <wcet number="0">20</wcet>
            <wcet number="1">20</wcet>
            <maxpow number="0.7528311939602033"/>
            <maxpow number="0.7528311939602033"/>
            <fprob>0.0</fprob>
        </actor>
        <actor name="D0N14">
            <wcet number="0">10</wcet>
            <wcet number="1">10</wcet>
            <maxpow number="0.38668083998581193"/>
            <maxpow number="0.38668083998581193"/>
            <fprob>0.0</fprob>
        </actor>
        <actor name="D0N46">
            <wcet number="0">10</wcet>
            <wcet number="1">10</wcet>
            <maxpow number="0.658296743756739"/>
            <maxpow number="0.658296743756739"/>
            <fprob>0.0</fprob>
        </actor>
        <actor name="D0N13">
            <wcet number="0">10</wcet>
            <wcet number="1">20</wcet>
            <maxpow number="0.7497572787430347"/>
            <maxpow number="0.7497572787430347"/>
            <fprob>0.0</fprob>
        </actor>
        <actor name="D0N37">
            <wcet number="0">10</wcet>
            <wcet number="1">20</wcet>
            <maxpow number="0.8320924723993155"/>
            <maxpow number="0.8320924723993155"/>
            <fprob>0.0</fprob>
        </actor>
        <actor name="D0N39">
            <wcet number="0">100</wcet>
            <wcet number="1">100</wcet>
            <maxpow number="0.633810756949964"/>
            <maxpow number="0.633810756949964"/>
            <fprob>0.0</fprob>
        </actor>
        <ports>
            <port dstActor="D0N40" name="p0" srcActor="D0N26"/>
            <port dstActor="D0N43" name="p1" srcActor="D0N26"/>
            <port dstActor="D0N28" name="p2" srcActor="D0N26"/>
            <port dstActor="D0N14" name="p3" srcActor="D0N1"/>
            <port dstActor="D0N42" name="p4" srcActor="D0N1"/>
            <port dstActor="D0N11" name="p5" srcActor="D0N1"/>
            <port dstActor="D0N4" name="p6" srcActor="D0N1"/>
            <port dstActor="D0N21" name="p7" srcActor="D0N7"/>
            <port dstActor="D0N25" name="p8" srcActor="D0N7"/>
            <port dstActor="D0N10" name="p9" srcActor="D0N7"/>
            <port dstActor="D0N27" name="p10" srcActor="D0N7"/>
            <port dstActor="D0N32" name="p11" srcActor="D0N7"/>
            <port dstActor="D0N13" name="p12" srcActor="D0N7"/>
            <port dstActor="D0N24" name="p13" srcActor="D0N7"/>
            <port dstActor="D0N33" name="p14" srcActor="D0N24"/>
            <port dstActor="D0N30" name="p15" srcActor="D0N23"/>
            <port dstActor="D0N44" name="p16" srcActor="D0N41"/>
            <port dstActor="D0N42" name="p17" srcActor="D0N41"/>
            <port dstActor="D0N41" name="p18" srcActor="D0N4"/>
            <port dstActor="D0N25" name="p19" srcActor="D0N4"/>
            <port dstActor="D0N17" name="p20" srcActor="D0N4"/>
            <port dstActor="D0N25" name="p21" srcActor="D0N2"/>
            <port dstActor="D0N23" name="p22" srcActor="D0N2"/>
            <port dstActor="D0N3" name="p23" srcActor="D0N2"/>
            <port dstActor="D0N16" name="p24" srcActor="D0N2"/>
            <port dstActor="D0N35" name="p25" srcActor="D0N2"/>
            <port dstActor="D0N8" name="p26" srcActor="D0N2"/>
            <port dstActor="D0N6" name="p27" srcActor="D0N2"/>
            <port dstActor="D0N20" name="p28" srcActor="D0N2"/>
            <port dstActor="D0N30" name="p29" srcActor="D0N12"/>
            <port dstActor="D0N41" name="p30" srcActor="D0N12"/>
            <port dstActor="D0N25" name="p31" srcActor="D0N19"/>
            <port dstActor="D0N27" name="p32" srcActor="D0N19"/>
            <port dstActor="D0N33" name="p33" srcActor="D0N20"/>
            <port dstActor="D0N46" name="p34" srcActor="D0N20"/>
            <port dstActor="D0N43" name="p35" srcActor="D0N20"/>
            <port dstActor="D0N28" name="p36" srcActor="D0N20"/>
            <port dstActor="D0N19" name="p37" srcActor="D0N8"/>
            <port dstActor="D0N17" name="p38" srcActor="D0N8"/>
            <port dstActor="D0N42" name="p39" srcActor="D0N8"/>
            <port dstActor="D0N39" name="p40" srcActor="D0N8"/>
            <port dstActor="D0N37" name="p41" srcActor="D0N8"/>
            <port dstActor="D0N26" name="p42" srcActor="D0N8"/>
            <port dstActor="D0N43" name="p43" srcActor="D0N18"/>
            <port dstActor="D0N21" name="p44" srcActor="D0N15"/>
            <port dstActor="D0N41" name="p45" srcActor="D0N15"/>
            <port dstActor="D0N20" name="p46" srcActor="D0N15"/>
            <port dstActor="D0N22" name="p47" srcActor="D0N15"/>
            <port dstActor="D0N41" name="p48" srcActor="D0N36"/>
            <port dstActor="D0N39" name="p49" srcActor="D0N0"/>
            <port dstActor="D0N20" name="p50" srcActor="D0N0"/>
            <port dstActor="D0N38" name="p51" srcActor="D0N29"/>
            <port dstActor="D0N35" name="p52" srcActor="D0N29"/>
            <port dstActor="D0N33" name="p53" srcActor="D0N29"/>
            <port dstActor="D0N42" name="p54" srcActor="D0N40"/>
            <port dstActor="D0N38" name="p55" srcActor="D0N32"/>
            <port dstActor="D0N43" name="p56" srcActor="D0N32"/>
            <port dstActor="D0N37" name="p57" srcActor="D0N32"/>
            <port dstActor="D0N33" name="p58" srcActor="D0N11"/>
            <port dstActor="D0N13" name="p59" srcActor="D0N11"/>
            <port dstActor="D0N27" name="p60" srcActor="D0N11"/>
            <port dstActor="D0N24" name="p61" srcActor="D0N11"/>
            <port dstActor="D0N46" name="p62" srcActor="D0N11"/>
            <port dstActor="D0N38" name="p63" srcActor="D0N28"/>
            <port dstActor="D0N32" name="p64" srcActor="D0N28"/>
            <port dstActor="D0N11" name="p65" srcActor="D0N10"/>
            <port dstActor="D0N17" name="p66" srcActor="D0N10"/>
            <port dstActor="D0N16" name="p67" srcActor="D0N10"/>
            <port dstActor="D0N27" name="p68" srcActor="D0N22"/>
            <port dstActor="D0N37" name="p69" srcActor="D0N35"/>
            <port dstActor="D0N37" name="p70" srcActor="D0N16"/>
            <port dstActor="D0N20" name="p71" srcActor="D0N16"/>
            <port dstActor="D0N29" name="p72" srcActor="D0N16"/>
            <port dstActor="D0N41" name="p73" srcActor="D0N31"/>
            <port dstActor="D0N34" name="p74" srcActor="D0N31"/>
            <port dstActor="D0N14" name="p75" srcActor="D0N3"/>
            <port dstActor="D0N23" name="p76" srcActor="D0N3"/>
            <port dstActor="D0N34" name="p77" srcActor="D0N5"/>
            <port dstActor="D0N15" name="p78" srcActor="D0N5"/>
            <port dstActor="D0N37" name="p79" srcActor="D0N5"/>
            <port dstActor="D0N39" name="p80" srcActor="D0N17"/>
            <port dstActor="D0N33" name="p81" srcActor="D0N17"/>
            <port dstActor="D0N25" name="p82" srcActor="D0N17"/>
            <port dstActor="D0N46" name="p83" srcActor="D0N27"/>
            <port dstActor="D0N33" name="p84" srcActor="D0N6"/>
            <port dstActor="D0N43" name="p85" srcActor="D0N6"/>
            <port dstActor="D0N24" name="p86" srcActor="D0N6"/>
            <port dstActor="D0N38" name="p87" srcActor="D0N6"/>
            <port dstActor="D0N27" name="p88" srcActor="D0N6"/>
            <port dstActor="D0N37" name="p89" srcActor="D0N6"/>
            <port dstActor="D0N23" name="p90" srcActor="D0N9"/>
            <port dstActor="D0N35" name="p91" srcActor="D0N9"/>
            <port dstActor="D0N30" name="p92" srcActor="D0N25"/>
            <port dstActor="D0N29" name="p93" srcActor="D0N21"/>
            <port dstActor="D0N15" name="p94" srcActor="D0N14"/>
            <port dstActor="D0N14" name="p95" srcActor="D0N13"/>
            <port dstActor="D0N22" name="p96" srcActor="D0N13"/>
            <port dstActor="D0N40" name="p97" srcActor="D0N39"/>
        </ports>
    </mcdag>
    <cores number="3"/>
    <levels number="2"/>
</mcsystem>
