<?xml version="1.0" encoding="UTF-8" standalone="no"?>
<mcsystem>
    <mcdag deadline="2200" name="genned-0-ed-10.0-0">
        <actor name="D0N4">
            <wcet number="0">160</wcet>
            <wcet number="1">180</wcet>
            <maxpow number="0.3864848087852263"/>
            <maxpow number="0.3864848087852263"/>
            <fprob>0.0</fprob>
        </actor>
        <actor name="D0N48">
            <wcet number="0">20</wcet>
            <wcet number="1">100</wcet>
            <maxpow number="0.8696890594596787"/>
            <maxpow number="0.8696890594596787"/>
            <fprob>0.0</fprob>
        </actor>
        <actor name="D0N28">
            <wcet number="0">50</wcet>
            <wcet number="1">70</wcet>
            <maxpow number="0.5978974673469492"/>
            <maxpow number="0.5978974673469492"/>
            <fprob>0.0</fprob>
        </actor>
        <actor name="D0N10">
            <wcet number="0">40</wcet>
            <wcet number="1">210</wcet>
            <maxpow number="0.3088235771386856"/>
            <maxpow number="0.3088235771386856"/>
            <fprob>0.0</fprob>
        </actor>
        <actor name="D0N26">
            <wcet number="0">20</wcet>
            <wcet number="1">30</wcet>
            <maxpow number="0.5871551114667329"/>
            <maxpow number="0.5871551114667329"/>
            <fprob>0.0</fprob>
        </actor>
        <actor name="D0N24">
            <wcet number="0">210</wcet>
            <wcet number="1">220</wcet>
            <maxpow number="0.7870465723881578"/>
            <maxpow number="0.7870465723881578"/>
            <fprob>0.0</fprob>
        </actor>
        <actor name="D0N40">
            <wcet number="0">10</wcet>
            <wcet number="1">10</wcet>
            <maxpow number="0.36531686878621916"/>
            <maxpow number="0.36531686878621916"/>
            <fprob>0.0</fprob>
        </actor>
        <actor name="D0N22">
            <wcet number="0">10</wcet>
            <wcet number="1">10</wcet>
            <maxpow number="0.3316159086343505"/>
            <maxpow number="0.3316159086343505"/>
            <fprob>0.0</fprob>
        </actor>
        <actor name="D0N13">
            <wcet number="0">80</wcet>
            <wcet number="1">160</wcet>
            <maxpow number="0.5644250141162549"/>
            <maxpow number="0.5644250141162549"/>
            <fprob>0.0</fprob>
        </actor>
        <actor name="D0N38">
            <wcet number="0">20</wcet>
            <wcet number="1">100</wcet>
            <maxpow number="0.6180899008489091"/>
            <maxpow number="0.6180899008489091"/>
            <fprob>0.0</fprob>
        </actor>
        <actor name="D0N2">
            <wcet number="0">70</wcet>
            <wcet number="1">90</wcet>
            <maxpow number="0.38187646457431146"/>
            <maxpow number="0.38187646457431146"/>
            <fprob>0.0</fprob>
        </actor>
        <actor name="D0N6">
            <wcet number="0">30</wcet>
            <wcet number="1">30</wcet>
            <maxpow number="0.3730929311045094"/>
            <maxpow number="0.3730929311045094"/>
            <fprob>0.0</fprob>
        </actor>
        <actor name="D0N23">
            <wcet number="0">40</wcet>
            <wcet number="1">150</wcet>
            <maxpow number="0.7491220859463418"/>
            <maxpow number="0.7491220859463418"/>
            <fprob>0.0</fprob>
        </actor>
        <actor name="D0N32">
            <wcet number="0">10</wcet>
            <wcet number="1">10</wcet>
            <maxpow number="0.7134939657833161"/>
            <maxpow number="0.7134939657833161"/>
            <fprob>0.0</fprob>
        </actor>
        <actor name="D0N44">
            <wcet number="0">10</wcet>
            <wcet number="1">10</wcet>
            <maxpow number="0.26000319989236914"/>
            <maxpow number="0.26000319989236914"/>
            <fprob>0.0</fprob>
        </actor>
        <actor name="D0N0">
            <wcet number="0">150</wcet>
            <wcet number="1">160</wcet>
            <maxpow number="0.551605854660553"/>
            <maxpow number="0.551605854660553"/>
            <fprob>0.0</fprob>
        </actor>
        <actor name="D0N19">
            <wcet number="0">50</wcet>
            <wcet number="1">80</wcet>
            <maxpow number="0.7326866900442485"/>
            <maxpow number="0.7326866900442485"/>
            <fprob>0.0</fprob>
        </actor>
        <actor name="D0N27">
            <wcet number="0">60</wcet>
            <wcet number="1">140</wcet>
            <maxpow number="0.49626056941457974"/>
            <maxpow number="0.49626056941457974"/>
            <fprob>0.0</fprob>
        </actor>
        <actor name="D0N31">
            <wcet number="0">90</wcet>
            <wcet number="1">190</wcet>
            <maxpow number="0.4557105123600729"/>
            <maxpow number="0.4557105123600729"/>
            <fprob>0.0</fprob>
        </actor>
        <actor name="D0N42">
            <wcet number="0">100</wcet>
            <wcet number="1">110</wcet>
            <maxpow number="0.4910630904637352"/>
            <maxpow number="0.4910630904637352"/>
            <fprob>0.0</fprob>
        </actor>
        <actor name="D0N8">
            <wcet number="0">70</wcet>
            <wcet number="1">70</wcet>
            <maxpow number="0.519991612454601"/>
            <maxpow number="0.519991612454601"/>
            <fprob>0.0</fprob>
        </actor>
        <actor name="D0N5">
            <wcet number="0">80</wcet>
            <wcet number="1">80</wcet>
            <maxpow number="0.22001485310996377"/>
            <maxpow number="0.22001485310996377"/>
            <fprob>0.0</fprob>
        </actor>
        <actor name="D0N21">
            <wcet number="0">40</wcet>
            <wcet number="1">190</wcet>
            <maxpow number="0.6362425605206006"/>
            <maxpow number="0.6362425605206006"/>
            <fprob>0.0</fprob>
        </actor>
        <actor name="D0N46">
            <wcet number="0">50</wcet>
            <wcet number="1">80</wcet>
            <maxpow number="0.6488184269475142"/>
            <maxpow number="0.6488184269475142"/>
            <fprob>0.0</fprob>
        </actor>
        <actor name="D0N18">
            <wcet number="0">10</wcet>
            <wcet number="1">20</wcet>
            <maxpow number="0.328538340398836"/>
            <maxpow number="0.328538340398836"/>
            <fprob>0.0</fprob>
        </actor>
        <actor name="D0N35">
            <wcet number="0">10</wcet>
            <wcet number="1">100</wcet>
            <maxpow number="0.5887367010032569"/>
            <maxpow number="0.5887367010032569"/>
            <fprob>0.0</fprob>
        </actor>
        <actor name="D0N39">
            <wcet number="0">10</wcet>
            <wcet number="1">10</wcet>
            <maxpow number="0.5759549255029351"/>
            <maxpow number="0.5759549255029351"/>
            <fprob>0.0</fprob>
        </actor>
        <actor name="D0N47">
            <wcet number="0">40</wcet>
            <wcet number="1">80</wcet>
            <maxpow number="0.2619026457658713"/>
            <maxpow number="0.2619026457658713"/>
            <fprob>0.0</fprob>
        </actor>
        <actor name="D0N7">
            <wcet number="0">60</wcet>
            <wcet number="1">110</wcet>
            <maxpow number="0.5004814580003465"/>
            <maxpow number="0.5004814580003465"/>
            <fprob>0.0</fprob>
        </actor>
        <actor name="D0N3">
            <wcet number="0">30</wcet>
            <wcet number="1">70</wcet>
            <maxpow number="0.3379123550982843"/>
            <maxpow number="0.3379123550982843"/>
            <fprob>0.0</fprob>
        </actor>
        <actor name="D0N43">
            <wcet number="0">30</wcet>
            <wcet number="1">30</wcet>
            <maxpow number="0.4550120391943799"/>
            <maxpow number="0.4550120391943799"/>
            <fprob>0.0</fprob>
        </actor>
        <actor name="D0N45">
            <wcet number="0">10</wcet>
            <wcet number="1">10</wcet>
            <maxpow number="0.7590149621274784"/>
            <maxpow number="0.7590149621274784"/>
            <fprob>0.0</fprob>
        </actor>
        <actor name="D0N14">
            <wcet number="0">90</wcet>
            <wcet number="1">290</wcet>
            <maxpow number="0.5042731124917011"/>
            <maxpow number="0.5042731124917011"/>
            <fprob>0.0</fprob>
        </actor>
        <actor name="D0N9">
            <wcet number="0">10</wcet>
            <wcet number="1">20</wcet>
            <maxpow number="0.27650300398027694"/>
            <maxpow number="0.27650300398027694"/>
            <fprob>0.0</fprob>
        </actor>
        <actor name="D0N37">
            <wcet number="0">40</wcet>
            <wcet number="1">70</wcet>
            <maxpow number="0.7153612985603558"/>
            <maxpow number="0.7153612985603558"/>
            <fprob>0.0</fprob>
        </actor>
        <actor name="D0N17">
            <wcet number="0">10</wcet>
            <wcet number="1">110</wcet>
            <maxpow number="0.2598710358313649"/>
            <maxpow number="0.2598710358313649"/>
            <fprob>0.0</fprob>
        </actor>
        <actor name="D0N41">
            <wcet number="0">90</wcet>
            <wcet number="1">150</wcet>
            <maxpow number="0.4313999691589644"/>
            <maxpow number="0.4313999691589644"/>
            <fprob>0.0</fprob>
        </actor>
        <actor name="D0N36">
            <wcet number="0">80</wcet>
            <wcet number="1">340</wcet>
            <maxpow number="0.591243882001487"/>
            <maxpow number="0.591243882001487"/>
            <fprob>0.0</fprob>
        </actor>
        <actor name="D0N33">
            <wcet number="0">30</wcet>
            <wcet number="1">120</wcet>
            <maxpow number="0.7849414535236923"/>
            <maxpow number="0.7849414535236923"/>
            <fprob>0.0</fprob>
        </actor>
        <actor name="D0N12">
            <wcet number="0">30</wcet>
            <wcet number="1">40</wcet>
            <maxpow number="0.6129711477775484"/>
            <maxpow number="0.6129711477775484"/>
            <fprob>0.0</fprob>
        </actor>
        <actor name="D0N29">
            <wcet number="0">20</wcet>
            <wcet number="1">30</wcet>
            <maxpow number="0.5303467872227999"/>
            <maxpow number="0.5303467872227999"/>
            <fprob>0.0</fprob>
        </actor>
        <actor name="D0N34">
            <wcet number="0">40</wcet>
            <wcet number="1">50</wcet>
            <maxpow number="0.6673562247106422"/>
            <maxpow number="0.6673562247106422"/>
            <fprob>0.0</fprob>
        </actor>
        <actor name="D0N1">
            <wcet number="0">120</wcet>
            <wcet number="1">180</wcet>
            <maxpow number="0.19948394121669738"/>
            <maxpow number="0.19948394121669738"/>
            <fprob>0.0</fprob>
        </actor>
        <actor name="D0N16">
            <wcet number="0">60</wcet>
            <wcet number="1">70</wcet>
            <maxpow number="0.2562115631858479"/>
            <maxpow number="0.2562115631858479"/>
            <fprob>0.0</fprob>
        </actor>
        <actor name="D0N11">
            <wcet number="0">50</wcet>
            <wcet number="1">60</wcet>
            <maxpow number="0.4067093716817748"/>
            <maxpow number="0.4067093716817748"/>
            <fprob>0.0</fprob>
        </actor>
        <actor name="D0N30">
            <wcet number="0">100</wcet>
            <wcet number="1">100</wcet>
            <maxpow number="0.81476336345701"/>
            <maxpow number="0.81476336345701"/>
            <fprob>0.0</fprob>
        </actor>
        <actor name="D0N25">
            <wcet number="0">80</wcet>
            <wcet number="1">120</wcet>
            <maxpow number="0.4611660838905899"/>
            <maxpow number="0.4611660838905899"/>
            <fprob>0.0</fprob>
        </actor>
        <actor name="D0N20">
            <wcet number="0">80</wcet>
            <wcet number="1">170</wcet>
            <maxpow number="0.7117065955089992"/>
            <maxpow number="0.7117065955089992"/>
            <fprob>0.0</fprob>
        </actor>
        <actor name="D0N15">
            <wcet number="0">150</wcet>
            <wcet number="1">230</wcet>
            <maxpow number="0.5761962860494314"/>
            <maxpow number="0.5761962860494314"/>
            <fprob>0.0</fprob>
        </actor>
        <ports>
            <port dstActor="D0N10" name="p0" srcActor="D0N4"/>
            <port dstActor="D0N41" name="p1" srcActor="D0N4"/>
            <port dstActor="D0N7" name="p2" srcActor="D0N4"/>
            <port dstActor="D0N20" name="p3" srcActor="D0N4"/>
            <port dstActor="D0N42" name="p4" srcActor="D0N4"/>
            <port dstActor="D0N41" name="p5" srcActor="D0N28"/>
            <port dstActor="D0N40" name="p6" srcActor="D0N28"/>
            <port dstActor="D0N33" name="p7" srcActor="D0N28"/>
            <port dstActor="D0N16" name="p8" srcActor="D0N10"/>
            <port dstActor="D0N45" name="p9" srcActor="D0N10"/>
            <port dstActor="D0N25" name="p10" srcActor="D0N10"/>
            <port dstActor="D0N19" name="p11" srcActor="D0N10"/>
            <port dstActor="D0N40" name="p12" srcActor="D0N26"/>
            <port dstActor="D0N39" name="p13" srcActor="D0N22"/>
            <port dstActor="D0N36" name="p14" srcActor="D0N22"/>
            <port dstActor="D0N33" name="p15" srcActor="D0N22"/>
            <port dstActor="D0N37" name="p16" srcActor="D0N22"/>
            <port dstActor="D0N29" name="p17" srcActor="D0N13"/>
            <port dstActor="D0N37" name="p18" srcActor="D0N13"/>
            <port dstActor="D0N34" name="p19" srcActor="D0N13"/>
            <port dstActor="D0N46" name="p20" srcActor="D0N38"/>
            <port dstActor="D0N38" name="p21" srcActor="D0N2"/>
            <port dstActor="D0N42" name="p22" srcActor="D0N2"/>
            <port dstActor="D0N3" name="p23" srcActor="D0N2"/>
            <port dstActor="D0N18" name="p24" srcActor="D0N2"/>
            <port dstActor="D0N25" name="p25" srcActor="D0N2"/>
            <port dstActor="D0N41" name="p26" srcActor="D0N2"/>
            <port dstActor="D0N39" name="p27" srcActor="D0N6"/>
            <port dstActor="D0N15" name="p28" srcActor="D0N6"/>
            <port dstActor="D0N41" name="p29" srcActor="D0N6"/>
            <port dstActor="D0N16" name="p30" srcActor="D0N6"/>
            <port dstActor="D0N24" name="p31" srcActor="D0N23"/>
            <port dstActor="D0N36" name="p32" srcActor="D0N23"/>
            <port dstActor="D0N48" name="p33" srcActor="D0N0"/>
            <port dstActor="D0N18" name="p34" srcActor="D0N0"/>
            <port dstActor="D0N4" name="p35" srcActor="D0N0"/>
            <port dstActor="D0N5" name="p36" srcActor="D0N0"/>
            <port dstActor="D0N12" name="p37" srcActor="D0N0"/>
            <port dstActor="D0N26" name="p38" srcActor="D0N19"/>
            <port dstActor="D0N45" name="p39" srcActor="D0N27"/>
            <port dstActor="D0N38" name="p40" srcActor="D0N31"/>
            <port dstActor="D0N48" name="p41" srcActor="D0N42"/>
            <port dstActor="D0N12" name="p42" srcActor="D0N8"/>
            <port dstActor="D0N32" name="p43" srcActor="D0N8"/>
            <port dstActor="D0N22" name="p44" srcActor="D0N8"/>
            <port dstActor="D0N15" name="p45" srcActor="D0N8"/>
            <port dstActor="D0N16" name="p46" srcActor="D0N5"/>
            <port dstActor="D0N31" name="p47" srcActor="D0N21"/>
            <port dstActor="D0N28" name="p48" srcActor="D0N21"/>
            <port dstActor="D0N33" name="p49" srcActor="D0N21"/>
            <port dstActor="D0N32" name="p50" srcActor="D0N21"/>
            <port dstActor="D0N30" name="p51" srcActor="D0N21"/>
            <port dstActor="D0N39" name="p52" srcActor="D0N18"/>
            <port dstActor="D0N32" name="p53" srcActor="D0N18"/>
            <port dstActor="D0N48" name="p54" srcActor="D0N18"/>
            <port dstActor="D0N38" name="p55" srcActor="D0N7"/>
            <port dstActor="D0N11" name="p56" srcActor="D0N7"/>
            <port dstActor="D0N22" name="p57" srcActor="D0N3"/>
            <port dstActor="D0N4" name="p58" srcActor="D0N3"/>
            <port dstActor="D0N30" name="p59" srcActor="D0N3"/>
            <port dstActor="D0N36" name="p60" srcActor="D0N14"/>
            <port dstActor="D0N19" name="p61" srcActor="D0N14"/>
            <port dstActor="D0N31" name="p62" srcActor="D0N14"/>
            <port dstActor="D0N30" name="p63" srcActor="D0N14"/>
            <port dstActor="D0N24" name="p64" srcActor="D0N14"/>
            <port dstActor="D0N48" name="p65" srcActor="D0N14"/>
            <port dstActor="D0N35" name="p66" srcActor="D0N9"/>
            <port dstActor="D0N47" name="p67" srcActor="D0N9"/>
            <port dstActor="D0N46" name="p68" srcActor="D0N9"/>
            <port dstActor="D0N42" name="p69" srcActor="D0N17"/>
            <port dstActor="D0N29" name="p70" srcActor="D0N17"/>
            <port dstActor="D0N40" name="p71" srcActor="D0N36"/>
            <port dstActor="D0N48" name="p72" srcActor="D0N36"/>
            <port dstActor="D0N29" name="p73" srcActor="D0N12"/>
            <port dstActor="D0N25" name="p74" srcActor="D0N12"/>
            <port dstActor="D0N38" name="p75" srcActor="D0N12"/>
            <port dstActor="D0N39" name="p76" srcActor="D0N29"/>
            <port dstActor="D0N43" name="p77" srcActor="D0N34"/>
            <port dstActor="D0N35" name="p78" srcActor="D0N34"/>
            <port dstActor="D0N12" name="p79" srcActor="D0N1"/>
            <port dstActor="D0N20" name="p80" srcActor="D0N1"/>
            <port dstActor="D0N7" name="p81" srcActor="D0N1"/>
            <port dstActor="D0N9" name="p82" srcActor="D0N1"/>
            <port dstActor="D0N46" name="p83" srcActor="D0N16"/>
            <port dstActor="D0N39" name="p84" srcActor="D0N11"/>
            <port dstActor="D0N42" name="p85" srcActor="D0N11"/>
            <port dstActor="D0N22" name="p86" srcActor="D0N11"/>
            <port dstActor="D0N33" name="p87" srcActor="D0N30"/>
            <port dstActor="D0N43" name="p88" srcActor="D0N25"/>
            <port dstActor="D0N37" name="p89" srcActor="D0N25"/>
            <port dstActor="D0N41" name="p90" srcActor="D0N20"/>
            <port dstActor="D0N48" name="p91" srcActor="D0N20"/>
            <port dstActor="D0N29" name="p92" srcActor="D0N20"/>
            <port dstActor="D0N18" name="p93" srcActor="D0N15"/>
        </ports>
    </mcdag>
    <cores number="3"/>
    <levels number="2"/>
</mcsystem>
