<?xml version="1.0" encoding="UTF-8" standalone="no"?>
<mcsystem>
    <mcdag deadline="1800" name="genned-0-ed-10.0-0">
        <actor name="D0N46">
            <wcet number="0">110</wcet>
            <wcet number="1">170</wcet>
            <maxpow number="0.4509734392606335"/>
            <maxpow number="0.4509734392606335"/>
            <fprob>0.0</fprob>
        </actor>
        <actor name="D0N49">
            <wcet number="0">70</wcet>
            <wcet number="1">80</wcet>
            <maxpow number="0.3417036538883129"/>
            <maxpow number="0.3417036538883129"/>
            <fprob>0.0</fprob>
        </actor>
        <actor name="D0N22">
            <wcet number="0">10</wcet>
            <wcet number="1">30</wcet>
            <maxpow number="0.3977623958957671"/>
            <maxpow number="0.3977623958957671"/>
            <fprob>0.0</fprob>
        </actor>
        <actor name="D0N27">
            <wcet number="0">20</wcet>
            <wcet number="1">140</wcet>
            <maxpow number="0.7118680899544857"/>
            <maxpow number="0.7118680899544857"/>
            <fprob>0.0</fprob>
        </actor>
        <actor name="D0N26">
            <wcet number="0">10</wcet>
            <wcet number="1">10</wcet>
            <maxpow number="0.5796513675479154"/>
            <maxpow number="0.5796513675479154"/>
            <fprob>0.0</fprob>
        </actor>
        <actor name="D0N30">
            <wcet number="0">60</wcet>
            <wcet number="1">70</wcet>
            <maxpow number="0.7853031126846286"/>
            <maxpow number="0.7853031126846286"/>
            <fprob>0.0</fprob>
        </actor>
        <actor name="D0N3">
            <wcet number="0">20</wcet>
            <wcet number="1">160</wcet>
            <maxpow number="0.421520391519965"/>
            <maxpow number="0.421520391519965"/>
            <fprob>0.0</fprob>
        </actor>
        <actor name="D0N39">
            <wcet number="0">10</wcet>
            <wcet number="1">50</wcet>
            <maxpow number="0.4196282623689298"/>
            <maxpow number="0.4196282623689298"/>
            <fprob>0.0</fprob>
        </actor>
        <actor name="D0N18">
            <wcet number="0">10</wcet>
            <wcet number="1">10</wcet>
            <maxpow number="0.45375699576148537"/>
            <maxpow number="0.45375699576148537"/>
            <fprob>0.0</fprob>
        </actor>
        <actor name="D0N33">
            <wcet number="0">60</wcet>
            <wcet number="1">100</wcet>
            <maxpow number="0.693043704232536"/>
            <maxpow number="0.693043704232536"/>
            <fprob>0.0</fprob>
        </actor>
        <actor name="D0N12">
            <wcet number="0">100</wcet>
            <wcet number="1">180</wcet>
            <maxpow number="0.7796966079227279"/>
            <maxpow number="0.7796966079227279"/>
            <fprob>0.0</fprob>
        </actor>
        <actor name="D0N14">
            <wcet number="0">10</wcet>
            <wcet number="1">50</wcet>
            <maxpow number="0.5762370001845627"/>
            <maxpow number="0.5762370001845627"/>
            <fprob>0.0</fprob>
        </actor>
        <actor name="D0N9">
            <wcet number="0">10</wcet>
            <wcet number="1">20</wcet>
            <maxpow number="0.6028035598172335"/>
            <maxpow number="0.6028035598172335"/>
            <fprob>0.0</fprob>
        </actor>
        <actor name="D0N0">
            <wcet number="0">170</wcet>
            <wcet number="1">210</wcet>
            <maxpow number="0.5886949970304904"/>
            <maxpow number="0.5886949970304904"/>
            <fprob>0.0</fprob>
        </actor>
        <actor name="D0N5">
            <wcet number="0">10</wcet>
            <wcet number="1">110</wcet>
            <maxpow number="0.31863311090079854"/>
            <maxpow number="0.31863311090079854"/>
            <fprob>0.0</fprob>
        </actor>
        <actor name="D0N19">
            <wcet number="0">30</wcet>
            <wcet number="1">30</wcet>
            <maxpow number="0.4910707061101146"/>
            <maxpow number="0.4910707061101146"/>
            <fprob>0.0</fprob>
        </actor>
        <actor name="D0N20">
            <wcet number="0">30</wcet>
            <wcet number="1">50</wcet>
            <maxpow number="0.6080270606124563"/>
            <maxpow number="0.6080270606124563"/>
            <fprob>0.0</fprob>
        </actor>
        <actor name="D0N2">
            <wcet number="0">20</wcet>
            <wcet number="1">140</wcet>
            <maxpow number="0.8483008277381854"/>
            <maxpow number="0.8483008277381854"/>
            <fprob>0.0</fprob>
        </actor>
        <actor name="D0N32">
            <wcet number="0">20</wcet>
            <wcet number="1">110</wcet>
            <maxpow number="0.26987333707665245"/>
            <maxpow number="0.26987333707665245"/>
            <fprob>0.0</fprob>
        </actor>
        <actor name="D0N1">
            <wcet number="0">10</wcet>
            <wcet number="1">10</wcet>
            <maxpow number="0.3636153711073222"/>
            <maxpow number="0.3636153711073222"/>
            <fprob>0.0</fprob>
        </actor>
        <actor name="D0N13">
            <wcet number="0">20</wcet>
            <wcet number="1">20</wcet>
            <maxpow number="0.4413296013156577"/>
            <maxpow number="0.4413296013156577"/>
            <fprob>0.0</fprob>
        </actor>
        <actor name="D0N7">
            <wcet number="0">10</wcet>
            <wcet number="1">20</wcet>
            <maxpow number="0.5968540042438931"/>
            <maxpow number="0.5968540042438931"/>
            <fprob>0.0</fprob>
        </actor>
        <actor name="D0N21">
            <wcet number="0">40</wcet>
            <wcet number="1">50</wcet>
            <maxpow number="0.7338885499309787"/>
            <maxpow number="0.7338885499309787"/>
            <fprob>0.0</fprob>
        </actor>
        <actor name="D0N47">
            <wcet number="0">150</wcet>
            <wcet number="1">230</wcet>
            <maxpow number="0.753600529004445"/>
            <maxpow number="0.753600529004445"/>
            <fprob>0.0</fprob>
        </actor>
        <actor name="D0N35">
            <wcet number="0">110</wcet>
            <wcet number="1">120</wcet>
            <maxpow number="0.7017018687203583"/>
            <maxpow number="0.7017018687203583"/>
            <fprob>0.0</fprob>
        </actor>
        <actor name="D0N28">
            <wcet number="0">100</wcet>
            <wcet number="1">120</wcet>
            <maxpow number="0.654109279305217"/>
            <maxpow number="0.654109279305217"/>
            <fprob>0.0</fprob>
        </actor>
        <actor name="D0N8">
            <wcet number="0">120</wcet>
            <wcet number="1">190</wcet>
            <maxpow number="0.6779588730328222"/>
            <maxpow number="0.6779588730328222"/>
            <fprob>0.0</fprob>
        </actor>
        <actor name="D0N24">
            <wcet number="0">10</wcet>
            <wcet number="1">20</wcet>
            <maxpow number="0.6043971593856997"/>
            <maxpow number="0.6043971593856997"/>
            <fprob>0.0</fprob>
        </actor>
        <actor name="D0N45">
            <wcet number="0">10</wcet>
            <wcet number="1">350</wcet>
            <maxpow number="0.40141600053267545"/>
            <maxpow number="0.40141600053267545"/>
            <fprob>0.0</fprob>
        </actor>
        <actor name="D0N38">
            <wcet number="0">20</wcet>
            <wcet number="1">30</wcet>
            <maxpow number="0.23806813133593185"/>
            <maxpow number="0.23806813133593185"/>
            <fprob>0.0</fprob>
        </actor>
        <actor name="D0N34">
            <wcet number="0">10</wcet>
            <wcet number="1">60</wcet>
            <maxpow number="0.6505103778214104"/>
            <maxpow number="0.6505103778214104"/>
            <fprob>0.0</fprob>
        </actor>
        <actor name="D0N4">
            <wcet number="0">50</wcet>
            <wcet number="1">140</wcet>
            <maxpow number="0.4043510555070632"/>
            <maxpow number="0.4043510555070632"/>
            <fprob>0.0</fprob>
        </actor>
        <actor name="D0N44">
            <wcet number="0">60</wcet>
            <wcet number="1">60</wcet>
            <maxpow number="0.41656881078713537"/>
            <maxpow number="0.41656881078713537"/>
            <fprob>0.0</fprob>
        </actor>
        <actor name="D0N25">
            <wcet number="0">170</wcet>
            <wcet number="1">220</wcet>
            <maxpow number="0.3040357838434873"/>
            <maxpow number="0.3040357838434873"/>
            <fprob>0.0</fprob>
        </actor>
        <actor name="D0N6">
            <wcet number="0">50</wcet>
            <wcet number="1">50</wcet>
            <maxpow number="0.6659614431613596"/>
            <maxpow number="0.6659614431613596"/>
            <fprob>0.0</fprob>
        </actor>
        <actor name="D0N36">
            <wcet number="0">50</wcet>
            <wcet number="1">50</wcet>
            <maxpow number="0.314914704244868"/>
            <maxpow number="0.314914704244868"/>
            <fprob>0.0</fprob>
        </actor>
        <actor name="D0N37">
            <wcet number="0">40</wcet>
            <wcet number="1">60</wcet>
            <maxpow number="0.5776542698128242"/>
            <maxpow number="0.5776542698128242"/>
            <fprob>0.0</fprob>
        </actor>
        <actor name="D0N17">
            <wcet number="0">30</wcet>
            <wcet number="1">30</wcet>
            <maxpow number="0.7044311327692314"/>
            <maxpow number="0.7044311327692314"/>
            <fprob>0.0</fprob>
        </actor>
        <actor name="D0N42">
            <wcet number="0">110</wcet>
            <wcet number="1">120</wcet>
            <maxpow number="0.6841492667578168"/>
            <maxpow number="0.6841492667578168"/>
            <fprob>0.0</fprob>
        </actor>
        <actor name="D0N15">
            <wcet number="0">150</wcet>
            <wcet number="1">150</wcet>
            <maxpow number="0.4890171996141107"/>
            <maxpow number="0.4890171996141107"/>
            <fprob>0.0</fprob>
        </actor>
        <actor name="D0N10">
            <wcet number="0">20</wcet>
            <wcet number="1">40</wcet>
            <maxpow number="0.7295152295182019"/>
            <maxpow number="0.7295152295182019"/>
            <fprob>0.0</fprob>
        </actor>
        <actor name="D0N31">
            <wcet number="0">90</wcet>
            <wcet number="1">100</wcet>
            <maxpow number="0.670291729409624"/>
            <maxpow number="0.670291729409624"/>
            <fprob>0.0</fprob>
        </actor>
        <actor name="D0N29">
            <wcet number="0">140</wcet>
            <wcet number="1">170</wcet>
            <maxpow number="0.8336682666159646"/>
            <maxpow number="0.8336682666159646"/>
            <fprob>0.0</fprob>
        </actor>
        <actor name="D0N48">
            <wcet number="0">60</wcet>
            <wcet number="1">80</wcet>
            <maxpow number="0.47198324377387774"/>
            <maxpow number="0.47198324377387774"/>
            <fprob>0.0</fprob>
        </actor>
        <actor name="D0N16">
            <wcet number="0">20</wcet>
            <wcet number="1">60</wcet>
            <maxpow number="0.42035512813383114"/>
            <maxpow number="0.42035512813383114"/>
            <fprob>0.0</fprob>
        </actor>
        <actor name="D0N23">
            <wcet number="0">10</wcet>
            <wcet number="1">10</wcet>
            <maxpow number="0.6626333232140215"/>
            <maxpow number="0.6626333232140215"/>
            <fprob>0.0</fprob>
        </actor>
        <actor name="D0N43">
            <wcet number="0">80</wcet>
            <wcet number="1">90</wcet>
            <maxpow number="0.7806303317845987"/>
            <maxpow number="0.7806303317845987"/>
            <fprob>0.0</fprob>
        </actor>
        <actor name="D0N11">
            <wcet number="0">20</wcet>
            <wcet number="1">50</wcet>
            <maxpow number="0.5436846870758241"/>
            <maxpow number="0.5436846870758241"/>
            <fprob>0.0</fprob>
        </actor>
        <actor name="D0N41">
            <wcet number="0">10</wcet>
            <wcet number="1">10</wcet>
            <maxpow number="0.5114531066522973"/>
            <maxpow number="0.5114531066522973"/>
            <fprob>0.0</fprob>
        </actor>
        <actor name="D0N40">
            <wcet number="0">50</wcet>
            <wcet number="1">70</wcet>
            <maxpow number="0.504148641861538"/>
            <maxpow number="0.504148641861538"/>
            <fprob>0.0</fprob>
        </actor>
        <ports>
            <port dstActor="D0N48" name="p0" srcActor="D0N46"/>
            <port dstActor="D0N28" name="p1" srcActor="D0N22"/>
            <port dstActor="D0N44" name="p2" srcActor="D0N27"/>
            <port dstActor="D0N34" name="p3" srcActor="D0N27"/>
            <port dstActor="D0N43" name="p4" srcActor="D0N27"/>
            <port dstActor="D0N27" name="p5" srcActor="D0N26"/>
            <port dstActor="D0N37" name="p6" srcActor="D0N26"/>
            <port dstActor="D0N34" name="p7" srcActor="D0N26"/>
            <port dstActor="D0N35" name="p8" srcActor="D0N30"/>
            <port dstActor="D0N31" name="p9" srcActor="D0N30"/>
            <port dstActor="D0N44" name="p10" srcActor="D0N30"/>
            <port dstActor="D0N46" name="p11" srcActor="D0N3"/>
            <port dstActor="D0N10" name="p12" srcActor="D0N3"/>
            <port dstActor="D0N43" name="p13" srcActor="D0N3"/>
            <port dstActor="D0N25" name="p14" srcActor="D0N3"/>
            <port dstActor="D0N29" name="p15" srcActor="D0N3"/>
            <port dstActor="D0N45" name="p16" srcActor="D0N39"/>
            <port dstActor="D0N46" name="p17" srcActor="D0N39"/>
            <port dstActor="D0N36" name="p18" srcActor="D0N18"/>
            <port dstActor="D0N33" name="p19" srcActor="D0N18"/>
            <port dstActor="D0N28" name="p20" srcActor="D0N18"/>
            <port dstActor="D0N22" name="p21" srcActor="D0N18"/>
            <port dstActor="D0N43" name="p22" srcActor="D0N33"/>
            <port dstActor="D0N42" name="p23" srcActor="D0N33"/>
            <port dstActor="D0N14" name="p24" srcActor="D0N12"/>
            <port dstActor="D0N24" name="p25" srcActor="D0N14"/>
            <port dstActor="D0N34" name="p26" srcActor="D0N14"/>
            <port dstActor="D0N37" name="p27" srcActor="D0N9"/>
            <port dstActor="D0N35" name="p28" srcActor="D0N9"/>
            <port dstActor="D0N39" name="p29" srcActor="D0N0"/>
            <port dstActor="D0N40" name="p30" srcActor="D0N0"/>
            <port dstActor="D0N12" name="p31" srcActor="D0N0"/>
            <port dstActor="D0N28" name="p32" srcActor="D0N0"/>
            <port dstActor="D0N41" name="p33" srcActor="D0N0"/>
            <port dstActor="D0N38" name="p34" srcActor="D0N0"/>
            <port dstActor="D0N8" name="p35" srcActor="D0N5"/>
            <port dstActor="D0N20" name="p36" srcActor="D0N5"/>
            <port dstActor="D0N46" name="p37" srcActor="D0N5"/>
            <port dstActor="D0N48" name="p38" srcActor="D0N5"/>
            <port dstActor="D0N24" name="p39" srcActor="D0N5"/>
            <port dstActor="D0N42" name="p40" srcActor="D0N19"/>
            <port dstActor="D0N45" name="p41" srcActor="D0N19"/>
            <port dstActor="D0N43" name="p42" srcActor="D0N19"/>
            <port dstActor="D0N36" name="p43" srcActor="D0N19"/>
            <port dstActor="D0N24" name="p44" srcActor="D0N19"/>
            <port dstActor="D0N42" name="p45" srcActor="D0N20"/>
            <port dstActor="D0N39" name="p46" srcActor="D0N20"/>
            <port dstActor="D0N48" name="p47" srcActor="D0N2"/>
            <port dstActor="D0N12" name="p48" srcActor="D0N2"/>
            <port dstActor="D0N9" name="p49" srcActor="D0N2"/>
            <port dstActor="D0N3" name="p50" srcActor="D0N2"/>
            <port dstActor="D0N26" name="p51" srcActor="D0N1"/>
            <port dstActor="D0N42" name="p52" srcActor="D0N1"/>
            <port dstActor="D0N31" name="p53" srcActor="D0N1"/>
            <port dstActor="D0N15" name="p54" srcActor="D0N1"/>
            <port dstActor="D0N26" name="p55" srcActor="D0N13"/>
            <port dstActor="D0N29" name="p56" srcActor="D0N13"/>
            <port dstActor="D0N19" name="p57" srcActor="D0N13"/>
            <port dstActor="D0N48" name="p58" srcActor="D0N7"/>
            <port dstActor="D0N22" name="p59" srcActor="D0N7"/>
            <port dstActor="D0N35" name="p60" srcActor="D0N21"/>
            <port dstActor="D0N32" name="p61" srcActor="D0N21"/>
            <port dstActor="D0N38" name="p62" srcActor="D0N35"/>
            <port dstActor="D0N36" name="p63" srcActor="D0N35"/>
            <port dstActor="D0N46" name="p64" srcActor="D0N28"/>
            <port dstActor="D0N32" name="p65" srcActor="D0N8"/>
            <port dstActor="D0N18" name="p66" srcActor="D0N8"/>
            <port dstActor="D0N29" name="p67" srcActor="D0N8"/>
            <port dstActor="D0N22" name="p68" srcActor="D0N8"/>
            <port dstActor="D0N49" name="p69" srcActor="D0N8"/>
            <port dstActor="D0N33" name="p70" srcActor="D0N8"/>
            <port dstActor="D0N47" name="p71" srcActor="D0N24"/>
            <port dstActor="D0N25" name="p72" srcActor="D0N24"/>
            <port dstActor="D0N39" name="p73" srcActor="D0N24"/>
            <port dstActor="D0N33" name="p74" srcActor="D0N24"/>
            <port dstActor="D0N38" name="p75" srcActor="D0N34"/>
            <port dstActor="D0N28" name="p76" srcActor="D0N4"/>
            <port dstActor="D0N24" name="p77" srcActor="D0N4"/>
            <port dstActor="D0N15" name="p78" srcActor="D0N4"/>
            <port dstActor="D0N29" name="p79" srcActor="D0N25"/>
            <port dstActor="D0N42" name="p80" srcActor="D0N25"/>
            <port dstActor="D0N30" name="p81" srcActor="D0N6"/>
            <port dstActor="D0N31" name="p82" srcActor="D0N6"/>
            <port dstActor="D0N36" name="p83" srcActor="D0N6"/>
            <port dstActor="D0N17" name="p84" srcActor="D0N6"/>
            <port dstActor="D0N14" name="p85" srcActor="D0N6"/>
            <port dstActor="D0N25" name="p86" srcActor="D0N6"/>
            <port dstActor="D0N49" name="p87" srcActor="D0N6"/>
            <port dstActor="D0N42" name="p88" srcActor="D0N6"/>
            <port dstActor="D0N35" name="p89" srcActor="D0N6"/>
            <port dstActor="D0N44" name="p90" srcActor="D0N36"/>
            <port dstActor="D0N48" name="p91" srcActor="D0N36"/>
            <port dstActor="D0N42" name="p92" srcActor="D0N36"/>
            <port dstActor="D0N45" name="p93" srcActor="D0N36"/>
            <port dstActor="D0N22" name="p94" srcActor="D0N17"/>
            <port dstActor="D0N24" name="p95" srcActor="D0N17"/>
            <port dstActor="D0N38" name="p96" srcActor="D0N17"/>
            <port dstActor="D0N40" name="p97" srcActor="D0N15"/>
            <port dstActor="D0N48" name="p98" srcActor="D0N10"/>
            <port dstActor="D0N27" name="p99" srcActor="D0N10"/>
            <port dstActor="D0N14" name="p100" srcActor="D0N10"/>
            <port dstActor="D0N11" name="p101" srcActor="D0N10"/>
            <port dstActor="D0N32" name="p102" srcActor="D0N10"/>
            <port dstActor="D0N41" name="p103" srcActor="D0N31"/>
            <port dstActor="D0N32" name="p104" srcActor="D0N31"/>
            <port dstActor="D0N49" name="p105" srcActor="D0N29"/>
            <port dstActor="D0N31" name="p106" srcActor="D0N29"/>
            <port dstActor="D0N34" name="p107" srcActor="D0N16"/>
            <port dstActor="D0N42" name="p108" srcActor="D0N16"/>
            <port dstActor="D0N44" name="p109" srcActor="D0N16"/>
            <port dstActor="D0N33" name="p110" srcActor="D0N23"/>
            <port dstActor="D0N45" name="p111" srcActor="D0N43"/>
            <port dstActor="D0N41" name="p112" srcActor="D0N11"/>
            <port dstActor="D0N23" name="p113" srcActor="D0N11"/>
            <port dstActor="D0N43" name="p114" srcActor="D0N40"/>
        </ports>
    </mcdag>
    <cores number="3"/>
    <levels number="2"/>
</mcsystem>
