<?xml version="1.0" encoding="UTF-8" standalone="no"?>
<mcsystem>
    <mcdag deadline="1500" name="genned-0-ed-10.0-0">
        <actor name="D0N38">
            <wcet number="0">30</wcet>
            <wcet number="1">60</wcet>
            <maxpow number="0.7612824092529223"/>
            <maxpow number="0.7612824092529223"/>
            <fprob>0.0</fprob>
        </actor>
        <actor name="D0N41">
            <wcet number="0">40</wcet>
            <wcet number="1">60</wcet>
            <maxpow number="0.5932224569874841"/>
            <maxpow number="0.5932224569874841"/>
            <fprob>0.0</fprob>
        </actor>
        <actor name="D0N29">
            <wcet number="0">80</wcet>
            <wcet number="1">90</wcet>
            <maxpow number="0.2381198959846449"/>
            <maxpow number="0.2381198959846449"/>
            <fprob>0.0</fprob>
        </actor>
        <actor name="D0N3">
            <wcet number="0">40</wcet>
            <wcet number="1">60</wcet>
            <maxpow number="0.6775566055420885"/>
            <maxpow number="0.6775566055420885"/>
            <fprob>0.0</fprob>
        </actor>
        <actor name="D0N45">
            <wcet number="0">10</wcet>
            <wcet number="1">10</wcet>
            <maxpow number="0.6760270117960518"/>
            <maxpow number="0.6760270117960518"/>
            <fprob>0.0</fprob>
        </actor>
        <actor name="D0N34">
            <wcet number="0">50</wcet>
            <wcet number="1">60</wcet>
            <maxpow number="0.7660570843521877"/>
            <maxpow number="0.7660570843521877"/>
            <fprob>0.0</fprob>
        </actor>
        <actor name="D0N15">
            <wcet number="0">40</wcet>
            <wcet number="1">40</wcet>
            <maxpow number="0.6976608769415927"/>
            <maxpow number="0.6976608769415927"/>
            <fprob>0.0</fprob>
        </actor>
        <actor name="D0N16">
            <wcet number="0">10</wcet>
            <wcet number="1">20</wcet>
            <maxpow number="0.29941380567190207"/>
            <maxpow number="0.29941380567190207"/>
            <fprob>0.0</fprob>
        </actor>
        <actor name="D0N32">
            <wcet number="0">30</wcet>
            <wcet number="1">40</wcet>
            <maxpow number="0.36005810092166923"/>
            <maxpow number="0.36005810092166923"/>
            <fprob>0.0</fprob>
        </actor>
        <actor name="D0N36">
            <wcet number="0">30</wcet>
            <wcet number="1">50</wcet>
            <maxpow number="0.3446932879088326"/>
            <maxpow number="0.3446932879088326"/>
            <fprob>0.0</fprob>
        </actor>
        <actor name="D0N33">
            <wcet number="0">10</wcet>
            <wcet number="1">10</wcet>
            <maxpow number="0.17236548073100766"/>
            <maxpow number="0.17236548073100766"/>
            <fprob>0.0</fprob>
        </actor>
        <actor name="D0N8">
            <wcet number="0">30</wcet>
            <wcet number="1">30</wcet>
            <maxpow number="0.6530021939325847"/>
            <maxpow number="0.6530021939325847"/>
            <fprob>0.0</fprob>
        </actor>
        <actor name="D0N0">
            <wcet number="0">150</wcet>
            <wcet number="1">150</wcet>
            <maxpow number="0.5194858267052838"/>
            <maxpow number="0.5194858267052838"/>
            <fprob>0.0</fprob>
        </actor>
        <actor name="D0N48">
            <wcet number="0">20</wcet>
            <wcet number="1">30</wcet>
            <maxpow number="0.5491296719728704"/>
            <maxpow number="0.5491296719728704"/>
            <fprob>0.0</fprob>
        </actor>
        <actor name="D0N4">
            <wcet number="0">10</wcet>
            <wcet number="1">20</wcet>
            <maxpow number="0.6441942243080069"/>
            <maxpow number="0.6441942243080069"/>
            <fprob>0.0</fprob>
        </actor>
        <actor name="D0N23">
            <wcet number="0">30</wcet>
            <wcet number="1">40</wcet>
            <maxpow number="0.49848924637510605"/>
            <maxpow number="0.49848924637510605"/>
            <fprob>0.0</fprob>
        </actor>
        <actor name="D0N2">
            <wcet number="0">10</wcet>
            <wcet number="1">10</wcet>
            <maxpow number="0.3537278150923757"/>
            <maxpow number="0.3537278150923757"/>
            <fprob>0.0</fprob>
        </actor>
        <actor name="D0N47">
            <wcet number="0">10</wcet>
            <wcet number="1">20</wcet>
            <maxpow number="0.3730970691948258"/>
            <maxpow number="0.3730970691948258"/>
            <fprob>0.0</fprob>
        </actor>
        <actor name="D0N1">
            <wcet number="0">20</wcet>
            <wcet number="1">20</wcet>
            <maxpow number="0.8407484227450781"/>
            <maxpow number="0.8407484227450781"/>
            <fprob>0.0</fprob>
        </actor>
        <actor name="D0N11">
            <wcet number="0">30</wcet>
            <wcet number="1">70</wcet>
            <maxpow number="0.21348246890139866"/>
            <maxpow number="0.21348246890139866"/>
            <fprob>0.0</fprob>
        </actor>
        <actor name="D0N6">
            <wcet number="0">20</wcet>
            <wcet number="1">110</wcet>
            <maxpow number="0.5936653512008423"/>
            <maxpow number="0.5936653512008423"/>
            <fprob>0.0</fprob>
        </actor>
        <actor name="D0N17">
            <wcet number="0">90</wcet>
            <wcet number="1">200</wcet>
            <maxpow number="0.7011156554222575"/>
            <maxpow number="0.7011156554222575"/>
            <fprob>0.0</fprob>
        </actor>
        <actor name="D0N42">
            <wcet number="0">20</wcet>
            <wcet number="1">20</wcet>
            <maxpow number="0.07297251571520441"/>
            <maxpow number="0.07297251571520441"/>
            <fprob>0.0</fprob>
        </actor>
        <actor name="D0N43">
            <wcet number="0">50</wcet>
            <wcet number="1">80</wcet>
            <maxpow number="0.5996253114351899"/>
            <maxpow number="0.5996253114351899"/>
            <fprob>0.0</fprob>
        </actor>
        <actor name="D0N25">
            <wcet number="0">20</wcet>
            <wcet number="1">20</wcet>
            <maxpow number="0.7912133245706199"/>
            <maxpow number="0.7912133245706199"/>
            <fprob>0.0</fprob>
        </actor>
        <actor name="D0N7">
            <wcet number="0">10</wcet>
            <wcet number="1">30</wcet>
            <maxpow number="0.896805802455688"/>
            <maxpow number="0.896805802455688"/>
            <fprob>0.0</fprob>
        </actor>
        <actor name="D0N37">
            <wcet number="0">130</wcet>
            <wcet number="1">180</wcet>
            <maxpow number="0.15826875163999143"/>
            <maxpow number="0.15826875163999143"/>
            <fprob>0.0</fprob>
        </actor>
        <actor name="D0N19">
            <wcet number="0">10</wcet>
            <wcet number="1">230</wcet>
            <maxpow number="0.714661486021231"/>
            <maxpow number="0.714661486021231"/>
            <fprob>0.0</fprob>
        </actor>
        <actor name="D0N18">
            <wcet number="0">60</wcet>
            <wcet number="1">60</wcet>
            <maxpow number="0.7899562252519914"/>
            <maxpow number="0.7899562252519914"/>
            <fprob>0.0</fprob>
        </actor>
        <actor name="D0N31">
            <wcet number="0">10</wcet>
            <wcet number="1">10</wcet>
            <maxpow number="0.2581454303032412"/>
            <maxpow number="0.2581454303032412"/>
            <fprob>0.0</fprob>
        </actor>
        <actor name="D0N28">
            <wcet number="0">40</wcet>
            <wcet number="1">80</wcet>
            <maxpow number="0.5139286138123202"/>
            <maxpow number="0.5139286138123202"/>
            <fprob>0.0</fprob>
        </actor>
        <actor name="D0N39">
            <wcet number="0">30</wcet>
            <wcet number="1">50</wcet>
            <maxpow number="0.5995519788562937"/>
            <maxpow number="0.5995519788562937"/>
            <fprob>0.0</fprob>
        </actor>
        <actor name="D0N40">
            <wcet number="0">10</wcet>
            <wcet number="1">10</wcet>
            <maxpow number="0.8309958273653943"/>
            <maxpow number="0.8309958273653943"/>
            <fprob>0.0</fprob>
        </actor>
        <actor name="D0N5">
            <wcet number="0">10</wcet>
            <wcet number="1">120</wcet>
            <maxpow number="0.4593144279933949"/>
            <maxpow number="0.4593144279933949"/>
            <fprob>0.0</fprob>
        </actor>
        <actor name="D0N35">
            <wcet number="0">20</wcet>
            <wcet number="1">50</wcet>
            <maxpow number="0.7442984111776773"/>
            <maxpow number="0.7442984111776773"/>
            <fprob>0.0</fprob>
        </actor>
        <actor name="D0N44">
            <wcet number="0">130</wcet>
            <wcet number="1">140</wcet>
            <maxpow number="0.5360364947535884"/>
            <maxpow number="0.5360364947535884"/>
            <fprob>0.0</fprob>
        </actor>
        <actor name="D0N12">
            <wcet number="0">10</wcet>
            <wcet number="1">20</wcet>
            <maxpow number="1.0352138723589275"/>
            <maxpow number="1.0352138723589275"/>
            <fprob>0.0</fprob>
        </actor>
        <actor name="D0N30">
            <wcet number="0">40</wcet>
            <wcet number="1">280</wcet>
            <maxpow number="0.6933949350597908"/>
            <maxpow number="0.6933949350597908"/>
            <fprob>0.0</fprob>
        </actor>
        <actor name="D0N20">
            <wcet number="0">10</wcet>
            <wcet number="1">10</wcet>
            <maxpow number="0.7925402395233873"/>
            <maxpow number="0.7925402395233873"/>
            <fprob>0.0</fprob>
        </actor>
        <actor name="D0N14">
            <wcet number="0">40</wcet>
            <wcet number="1">130</wcet>
            <maxpow number="0.5473253528409426"/>
            <maxpow number="0.5473253528409426"/>
            <fprob>0.0</fprob>
        </actor>
        <actor name="D0N9">
            <wcet number="0">10</wcet>
            <wcet number="1">50</wcet>
            <maxpow number="0.4414261616655603"/>
            <maxpow number="0.4414261616655603"/>
            <fprob>0.0</fprob>
        </actor>
        <actor name="D0N22">
            <wcet number="0">30</wcet>
            <wcet number="1">30</wcet>
            <maxpow number="0.44353754129808787"/>
            <maxpow number="0.44353754129808787"/>
            <fprob>0.0</fprob>
        </actor>
        <actor name="D0N46">
            <wcet number="0">50</wcet>
            <wcet number="1">50</wcet>
            <maxpow number="0.7539572895919711"/>
            <maxpow number="0.7539572895919711"/>
            <fprob>0.0</fprob>
        </actor>
        <actor name="D0N13">
            <wcet number="0">10</wcet>
            <wcet number="1">40</wcet>
            <maxpow number="0.8027347533513747"/>
            <maxpow number="0.8027347533513747"/>
            <fprob>0.0</fprob>
        </actor>
        <actor name="D0N24">
            <wcet number="0">10</wcet>
            <wcet number="1">40</wcet>
            <maxpow number="0.7557169804300378"/>
            <maxpow number="0.7557169804300378"/>
            <fprob>0.0</fprob>
        </actor>
        <actor name="D0N10">
            <wcet number="0">40</wcet>
            <wcet number="1">60</wcet>
            <maxpow number="0.7949835127743948"/>
            <maxpow number="0.7949835127743948"/>
            <fprob>0.0</fprob>
        </actor>
        <actor name="D0N21">
            <wcet number="0">10</wcet>
            <wcet number="1">40</wcet>
            <maxpow number="0.6412626707787396"/>
            <maxpow number="0.6412626707787396"/>
            <fprob>0.0</fprob>
        </actor>
        <actor name="D0N27">
            <wcet number="0">20</wcet>
            <wcet number="1">40</wcet>
            <maxpow number="0.5066965926266392"/>
            <maxpow number="0.5066965926266392"/>
            <fprob>0.0</fprob>
        </actor>
        <actor name="D0N26">
            <wcet number="0">60</wcet>
            <wcet number="1">230</wcet>
            <maxpow number="0.5637377973158669"/>
            <maxpow number="0.5637377973158669"/>
            <fprob>0.0</fprob>
        </actor>
        <ports>
            <port dstActor="D0N39" name="p0" srcActor="D0N38"/>
            <port dstActor="D0N41" name="p1" srcActor="D0N38"/>
            <port dstActor="D0N44" name="p2" srcActor="D0N41"/>
            <port dstActor="D0N41" name="p3" srcActor="D0N29"/>
            <port dstActor="D0N45" name="p4" srcActor="D0N29"/>
            <port dstActor="D0N31" name="p5" srcActor="D0N3"/>
            <port dstActor="D0N17" name="p6" srcActor="D0N3"/>
            <port dstActor="D0N47" name="p7" srcActor="D0N3"/>
            <port dstActor="D0N7" name="p8" srcActor="D0N3"/>
            <port dstActor="D0N20" name="p9" srcActor="D0N3"/>
            <port dstActor="D0N46" name="p10" srcActor="D0N3"/>
            <port dstActor="D0N13" name="p11" srcActor="D0N3"/>
            <port dstActor="D0N46" name="p12" srcActor="D0N45"/>
            <port dstActor="D0N19" name="p13" srcActor="D0N15"/>
            <port dstActor="D0N43" name="p14" srcActor="D0N15"/>
            <port dstActor="D0N44" name="p15" srcActor="D0N15"/>
            <port dstActor="D0N46" name="p16" srcActor="D0N16"/>
            <port dstActor="D0N38" name="p17" srcActor="D0N32"/>
            <port dstActor="D0N41" name="p18" srcActor="D0N32"/>
            <port dstActor="D0N40" name="p19" srcActor="D0N32"/>
            <port dstActor="D0N34" name="p20" srcActor="D0N32"/>
            <port dstActor="D0N46" name="p21" srcActor="D0N32"/>
            <port dstActor="D0N45" name="p22" srcActor="D0N36"/>
            <port dstActor="D0N47" name="p23" srcActor="D0N36"/>
            <port dstActor="D0N36" name="p24" srcActor="D0N33"/>
            <port dstActor="D0N45" name="p25" srcActor="D0N33"/>
            <port dstActor="D0N34" name="p26" srcActor="D0N8"/>
            <port dstActor="D0N10" name="p27" srcActor="D0N8"/>
            <port dstActor="D0N36" name="p28" srcActor="D0N8"/>
            <port dstActor="D0N38" name="p29" srcActor="D0N8"/>
            <port dstActor="D0N20" name="p30" srcActor="D0N0"/>
            <port dstActor="D0N27" name="p31" srcActor="D0N0"/>
            <port dstActor="D0N26" name="p32" srcActor="D0N0"/>
            <port dstActor="D0N34" name="p33" srcActor="D0N0"/>
            <port dstActor="D0N15" name="p34" srcActor="D0N4"/>
            <port dstActor="D0N37" name="p35" srcActor="D0N4"/>
            <port dstActor="D0N19" name="p36" srcActor="D0N4"/>
            <port dstActor="D0N27" name="p37" srcActor="D0N4"/>
            <port dstActor="D0N44" name="p38" srcActor="D0N4"/>
            <port dstActor="D0N47" name="p39" srcActor="D0N4"/>
            <port dstActor="D0N38" name="p40" srcActor="D0N4"/>
            <port dstActor="D0N45" name="p41" srcActor="D0N4"/>
            <port dstActor="D0N28" name="p42" srcActor="D0N23"/>
            <port dstActor="D0N29" name="p43" srcActor="D0N23"/>
            <port dstActor="D0N35" name="p44" srcActor="D0N23"/>
            <port dstActor="D0N22" name="p45" srcActor="D0N2"/>
            <port dstActor="D0N28" name="p46" srcActor="D0N2"/>
            <port dstActor="D0N43" name="p47" srcActor="D0N1"/>
            <port dstActor="D0N4" name="p48" srcActor="D0N1"/>
            <port dstActor="D0N9" name="p49" srcActor="D0N1"/>
            <port dstActor="D0N47" name="p50" srcActor="D0N1"/>
            <port dstActor="D0N23" name="p51" srcActor="D0N1"/>
            <port dstActor="D0N21" name="p52" srcActor="D0N1"/>
            <port dstActor="D0N14" name="p53" srcActor="D0N1"/>
            <port dstActor="D0N2" name="p54" srcActor="D0N1"/>
            <port dstActor="D0N29" name="p55" srcActor="D0N1"/>
            <port dstActor="D0N18" name="p56" srcActor="D0N1"/>
            <port dstActor="D0N15" name="p57" srcActor="D0N1"/>
            <port dstActor="D0N11" name="p58" srcActor="D0N1"/>
            <port dstActor="D0N13" name="p59" srcActor="D0N11"/>
            <port dstActor="D0N31" name="p60" srcActor="D0N11"/>
            <port dstActor="D0N19" name="p61" srcActor="D0N11"/>
            <port dstActor="D0N17" name="p62" srcActor="D0N11"/>
            <port dstActor="D0N7" name="p63" srcActor="D0N6"/>
            <port dstActor="D0N36" name="p64" srcActor="D0N6"/>
            <port dstActor="D0N48" name="p65" srcActor="D0N6"/>
            <port dstActor="D0N34" name="p66" srcActor="D0N6"/>
            <port dstActor="D0N47" name="p67" srcActor="D0N6"/>
            <port dstActor="D0N17" name="p68" srcActor="D0N6"/>
            <port dstActor="D0N24" name="p69" srcActor="D0N6"/>
            <port dstActor="D0N23" name="p70" srcActor="D0N17"/>
            <port dstActor="D0N24" name="p71" srcActor="D0N17"/>
            <port dstActor="D0N28" name="p72" srcActor="D0N17"/>
            <port dstActor="D0N41" name="p73" srcActor="D0N17"/>
            <port dstActor="D0N31" name="p74" srcActor="D0N17"/>
            <port dstActor="D0N29" name="p75" srcActor="D0N17"/>
            <port dstActor="D0N44" name="p76" srcActor="D0N42"/>
            <port dstActor="D0N27" name="p77" srcActor="D0N25"/>
            <port dstActor="D0N38" name="p78" srcActor="D0N25"/>
            <port dstActor="D0N30" name="p79" srcActor="D0N25"/>
            <port dstActor="D0N12" name="p80" srcActor="D0N7"/>
            <port dstActor="D0N33" name="p81" srcActor="D0N7"/>
            <port dstActor="D0N23" name="p82" srcActor="D0N7"/>
            <port dstActor="D0N23" name="p83" srcActor="D0N19"/>
            <port dstActor="D0N44" name="p84" srcActor="D0N19"/>
            <port dstActor="D0N42" name="p85" srcActor="D0N19"/>
            <port dstActor="D0N45" name="p86" srcActor="D0N18"/>
            <port dstActor="D0N30" name="p87" srcActor="D0N18"/>
            <port dstActor="D0N45" name="p88" srcActor="D0N31"/>
            <port dstActor="D0N43" name="p89" srcActor="D0N31"/>
            <port dstActor="D0N39" name="p90" srcActor="D0N31"/>
            <port dstActor="D0N33" name="p91" srcActor="D0N31"/>
            <port dstActor="D0N34" name="p92" srcActor="D0N28"/>
            <port dstActor="D0N32" name="p93" srcActor="D0N28"/>
            <port dstActor="D0N44" name="p94" srcActor="D0N39"/>
            <port dstActor="D0N11" name="p95" srcActor="D0N5"/>
            <port dstActor="D0N45" name="p96" srcActor="D0N5"/>
            <port dstActor="D0N26" name="p97" srcActor="D0N5"/>
            <port dstActor="D0N40" name="p98" srcActor="D0N5"/>
            <port dstActor="D0N37" name="p99" srcActor="D0N5"/>
            <port dstActor="D0N44" name="p100" srcActor="D0N35"/>
            <port dstActor="D0N40" name="p101" srcActor="D0N35"/>
            <port dstActor="D0N21" name="p102" srcActor="D0N12"/>
            <port dstActor="D0N28" name="p103" srcActor="D0N12"/>
            <port dstActor="D0N37" name="p104" srcActor="D0N30"/>
            <port dstActor="D0N43" name="p105" srcActor="D0N30"/>
            <port dstActor="D0N25" name="p106" srcActor="D0N20"/>
            <port dstActor="D0N39" name="p107" srcActor="D0N20"/>
            <port dstActor="D0N31" name="p108" srcActor="D0N20"/>
            <port dstActor="D0N46" name="p109" srcActor="D0N20"/>
            <port dstActor="D0N33" name="p110" srcActor="D0N14"/>
            <port dstActor="D0N28" name="p111" srcActor="D0N14"/>
            <port dstActor="D0N41" name="p112" srcActor="D0N14"/>
            <port dstActor="D0N27" name="p113" srcActor="D0N14"/>
            <port dstActor="D0N15" name="p114" srcActor="D0N14"/>
            <port dstActor="D0N20" name="p115" srcActor="D0N14"/>
            <port dstActor="D0N35" name="p116" srcActor="D0N14"/>
            <port dstActor="D0N46" name="p117" srcActor="D0N14"/>
            <port dstActor="D0N32" name="p118" srcActor="D0N14"/>
            <port dstActor="D0N32" name="p119" srcActor="D0N9"/>
            <port dstActor="D0N11" name="p120" srcActor="D0N9"/>
            <port dstActor="D0N29" name="p121" srcActor="D0N9"/>
            <port dstActor="D0N43" name="p122" srcActor="D0N22"/>
            <port dstActor="D0N35" name="p123" srcActor="D0N22"/>
            <port dstActor="D0N30" name="p124" srcActor="D0N22"/>
            <port dstActor="D0N33" name="p125" srcActor="D0N13"/>
            <port dstActor="D0N30" name="p126" srcActor="D0N13"/>
            <port dstActor="D0N21" name="p127" srcActor="D0N13"/>
            <port dstActor="D0N27" name="p128" srcActor="D0N24"/>
            <port dstActor="D0N33" name="p129" srcActor="D0N24"/>
            <port dstActor="D0N42" name="p130" srcActor="D0N24"/>
            <port dstActor="D0N28" name="p131" srcActor="D0N24"/>
            <port dstActor="D0N41" name="p132" srcActor="D0N10"/>
            <port dstActor="D0N44" name="p133" srcActor="D0N10"/>
            <port dstActor="D0N23" name="p134" srcActor="D0N10"/>
            <port dstActor="D0N17" name="p135" srcActor="D0N10"/>
            <port dstActor="D0N24" name="p136" srcActor="D0N21"/>
            <port dstActor="D0N42" name="p137" srcActor="D0N21"/>
            <port dstActor="D0N48" name="p138" srcActor="D0N21"/>
            <port dstActor="D0N47" name="p139" srcActor="D0N21"/>
            <port dstActor="D0N33" name="p140" srcActor="D0N21"/>
            <port dstActor="D0N46" name="p141" srcActor="D0N27"/>
            <port dstActor="D0N41" name="p142" srcActor="D0N27"/>
            <port dstActor="D0N44" name="p143" srcActor="D0N26"/>
            <port dstActor="D0N32" name="p144" srcActor="D0N26"/>
            <port dstActor="D0N35" name="p145" srcActor="D0N26"/>
            <port dstActor="D0N36" name="p146" srcActor="D0N26"/>
        </ports>
    </mcdag>
    <cores number="3"/>
    <levels number="2"/>
</mcsystem>
