<?xml version="1.0" encoding="UTF-8" standalone="no"?>
<mcsystem>
    <mcdag deadline="2500" name="genned-0-ed-10.0-0">
        <actor name="D0N24">
            <wcet number="0">80</wcet>
            <wcet number="1">90</wcet>
            <maxpow number="0.7429405185563742"/>
            <maxpow number="0.7429405185563742"/>
            <fprob>0.0</fprob>
        </actor>
        <actor name="D0N37">
            <wcet number="0">110</wcet>
            <wcet number="1">110</wcet>
            <maxpow number="0.6684747954625678"/>
            <maxpow number="0.6684747954625678"/>
            <fprob>0.0</fprob>
        </actor>
        <actor name="D0N11">
            <wcet number="0">70</wcet>
            <wcet number="1">70</wcet>
            <maxpow number="0.694624231372754"/>
            <maxpow number="0.694624231372754"/>
            <fprob>0.0</fprob>
        </actor>
        <actor name="D0N34">
            <wcet number="0">10</wcet>
            <wcet number="1">10</wcet>
            <maxpow number="0.5320029873693346"/>
            <maxpow number="0.5320029873693346"/>
            <fprob>0.0</fprob>
        </actor>
        <actor name="D0N43">
            <wcet number="0">10</wcet>
            <wcet number="1">10</wcet>
            <maxpow number="0.5651732265378843"/>
            <maxpow number="0.5651732265378843"/>
            <fprob>0.0</fprob>
        </actor>
        <actor name="D0N23">
            <wcet number="0">50</wcet>
            <wcet number="1">60</wcet>
            <maxpow number="0.5640624993888436"/>
            <maxpow number="0.5640624993888436"/>
            <fprob>0.0</fprob>
        </actor>
        <actor name="D0N41">
            <wcet number="0">10</wcet>
            <wcet number="1">10</wcet>
            <maxpow number="0.7894146164722895"/>
            <maxpow number="0.7894146164722895"/>
            <fprob>0.0</fprob>
        </actor>
        <actor name="D0N16">
            <wcet number="0">30</wcet>
            <wcet number="1">40</wcet>
            <maxpow number="0.5153582671732867"/>
            <maxpow number="0.5153582671732867"/>
            <fprob>0.0</fprob>
        </actor>
        <actor name="D0N45">
            <wcet number="0">70</wcet>
            <wcet number="1">90</wcet>
            <maxpow number="0.5683737444280733"/>
            <maxpow number="0.5683737444280733"/>
            <fprob>0.0</fprob>
        </actor>
        <actor name="D0N22">
            <wcet number="0">50</wcet>
            <wcet number="1">60</wcet>
            <maxpow number="0.45661533929489684"/>
            <maxpow number="0.45661533929489684"/>
            <fprob>0.0</fprob>
        </actor>
        <actor name="D0N29">
            <wcet number="0">110</wcet>
            <wcet number="1">190</wcet>
            <maxpow number="0.996280596992378"/>
            <maxpow number="0.996280596992378"/>
            <fprob>0.0</fprob>
        </actor>
        <actor name="D0N33">
            <wcet number="0">120</wcet>
            <wcet number="1">150</wcet>
            <maxpow number="0.6377604652718194"/>
            <maxpow number="0.6377604652718194"/>
            <fprob>0.0</fprob>
        </actor>
        <actor name="D0N5">
            <wcet number="0">10</wcet>
            <wcet number="1">10</wcet>
            <maxpow number="0.6325360698049252"/>
            <maxpow number="0.6325360698049252"/>
            <fprob>0.0</fprob>
        </actor>
        <actor name="D0N17">
            <wcet number="0">10</wcet>
            <wcet number="1">100</wcet>
            <maxpow number="0.3704115800155614"/>
            <maxpow number="0.3704115800155614"/>
            <fprob>0.0</fprob>
        </actor>
        <actor name="D0N18">
            <wcet number="0">140</wcet>
            <wcet number="1">220</wcet>
            <maxpow number="0.5179594013059368"/>
            <maxpow number="0.5179594013059368"/>
            <fprob>0.0</fprob>
        </actor>
        <actor name="D0N6">
            <wcet number="0">80</wcet>
            <wcet number="1">190</wcet>
            <maxpow number="0.32047666906380085"/>
            <maxpow number="0.32047666906380085"/>
            <fprob>0.0</fprob>
        </actor>
        <actor name="D0N39">
            <wcet number="0">10</wcet>
            <wcet number="1">50</wcet>
            <maxpow number="0.7337678142689127"/>
            <maxpow number="0.7337678142689127"/>
            <fprob>0.0</fprob>
        </actor>
        <actor name="D0N32">
            <wcet number="0">90</wcet>
            <wcet number="1">190</wcet>
            <maxpow number="0.28036877391452875"/>
            <maxpow number="0.28036877391452875"/>
            <fprob>0.0</fprob>
        </actor>
        <actor name="D0N19">
            <wcet number="0">10</wcet>
            <wcet number="1">20</wcet>
            <maxpow number="0.6118784077237076"/>
            <maxpow number="0.6118784077237076"/>
            <fprob>0.0</fprob>
        </actor>
        <actor name="D0N38">
            <wcet number="0">10</wcet>
            <wcet number="1">10</wcet>
            <maxpow number="0.5017297833235366"/>
            <maxpow number="0.5017297833235366"/>
            <fprob>0.0</fprob>
        </actor>
        <actor name="D0N13">
            <wcet number="0">20</wcet>
            <wcet number="1">40</wcet>
            <maxpow number="0.3780182151562748"/>
            <maxpow number="0.3780182151562748"/>
            <fprob>0.0</fprob>
        </actor>
        <actor name="D0N42">
            <wcet number="0">290</wcet>
            <wcet number="1">320</wcet>
            <maxpow number="0.2839069854224003"/>
            <maxpow number="0.2839069854224003"/>
            <fprob>0.0</fprob>
        </actor>
        <actor name="D0N36">
            <wcet number="0">40</wcet>
            <wcet number="1">70</wcet>
            <maxpow number="0.5065678735798635"/>
            <maxpow number="0.5065678735798635"/>
            <fprob>0.0</fprob>
        </actor>
        <actor name="D0N10">
            <wcet number="0">140</wcet>
            <wcet number="1">160</wcet>
            <maxpow number="0.24146434880613027"/>
            <maxpow number="0.24146434880613027"/>
            <fprob>0.0</fprob>
        </actor>
        <actor name="D0N44">
            <wcet number="0">80</wcet>
            <wcet number="1">170</wcet>
            <maxpow number="0.6210469913056131"/>
            <maxpow number="0.6210469913056131"/>
            <fprob>0.0</fprob>
        </actor>
        <actor name="D0N1">
            <wcet number="0">20</wcet>
            <wcet number="1">40</wcet>
            <maxpow number="0.9300759807831929"/>
            <maxpow number="0.9300759807831929"/>
            <fprob>0.0</fprob>
        </actor>
        <actor name="D0N35">
            <wcet number="0">30</wcet>
            <wcet number="1">110</wcet>
            <maxpow number="0.6739222407880316"/>
            <maxpow number="0.6739222407880316"/>
            <fprob>0.0</fprob>
        </actor>
        <actor name="D0N26">
            <wcet number="0">90</wcet>
            <wcet number="1">110</wcet>
            <maxpow number="0.6186337677980959"/>
            <maxpow number="0.6186337677980959"/>
            <fprob>0.0</fprob>
        </actor>
        <actor name="D0N12">
            <wcet number="0">70</wcet>
            <wcet number="1">100</wcet>
            <maxpow number="0.47185060014530184"/>
            <maxpow number="0.47185060014530184"/>
            <fprob>0.0</fprob>
        </actor>
        <actor name="D0N31">
            <wcet number="0">50</wcet>
            <wcet number="1">80</wcet>
            <maxpow number="0.5004930692977521"/>
            <maxpow number="0.5004930692977521"/>
            <fprob>0.0</fprob>
        </actor>
        <actor name="D0N0">
            <wcet number="0">60</wcet>
            <wcet number="1">70</wcet>
            <maxpow number="0.6694523069549366"/>
            <maxpow number="0.6694523069549366"/>
            <fprob>0.0</fprob>
        </actor>
        <actor name="D0N25">
            <wcet number="0">30</wcet>
            <wcet number="1">100</wcet>
            <maxpow number="0.6181415019543257"/>
            <maxpow number="0.6181415019543257"/>
            <fprob>0.0</fprob>
        </actor>
        <actor name="D0N28">
            <wcet number="0">60</wcet>
            <wcet number="1">110</wcet>
            <maxpow number="0.518645799469135"/>
            <maxpow number="0.518645799469135"/>
            <fprob>0.0</fprob>
        </actor>
        <actor name="D0N3">
            <wcet number="0">300</wcet>
            <wcet number="1">320</wcet>
            <maxpow number="0.24142106277902575"/>
            <maxpow number="0.24142106277902575"/>
            <fprob>0.0</fprob>
        </actor>
        <actor name="D0N21">
            <wcet number="0">210</wcet>
            <wcet number="1">760</wcet>
            <maxpow number="0.781262040779452"/>
            <maxpow number="0.781262040779452"/>
            <fprob>0.0</fprob>
        </actor>
        <actor name="D0N46">
            <wcet number="0">50</wcet>
            <wcet number="1">50</wcet>
            <maxpow number="0.32670271108002624"/>
            <maxpow number="0.32670271108002624"/>
            <fprob>0.0</fprob>
        </actor>
        <actor name="D0N2">
            <wcet number="0">10</wcet>
            <wcet number="1">170</wcet>
            <maxpow number="0.44601664953709375"/>
            <maxpow number="0.44601664953709375"/>
            <fprob>0.0</fprob>
        </actor>
        <actor name="D0N8">
            <wcet number="0">20</wcet>
            <wcet number="1">20</wcet>
            <maxpow number="0.9232812488070239"/>
            <maxpow number="0.9232812488070239"/>
            <fprob>0.0</fprob>
        </actor>
        <actor name="D0N27">
            <wcet number="0">60</wcet>
            <wcet number="1">210</wcet>
            <maxpow number="0.29636214063609045"/>
            <maxpow number="0.29636214063609045"/>
            <fprob>0.0</fprob>
        </actor>
        <actor name="D0N15">
            <wcet number="0">70</wcet>
            <wcet number="1">380</wcet>
            <maxpow number="0.3979929387082687"/>
            <maxpow number="0.3979929387082687"/>
            <fprob>0.0</fprob>
        </actor>
        <actor name="D0N9">
            <wcet number="0">90</wcet>
            <wcet number="1">150</wcet>
            <maxpow number="0.49180999163419753"/>
            <maxpow number="0.49180999163419753"/>
            <fprob>0.0</fprob>
        </actor>
        <actor name="D0N14">
            <wcet number="0">40</wcet>
            <wcet number="1">40</wcet>
            <maxpow number="0.6514227835337967"/>
            <maxpow number="0.6514227835337967"/>
            <fprob>0.0</fprob>
        </actor>
        <actor name="D0N7">
            <wcet number="0">20</wcet>
            <wcet number="1">20</wcet>
            <maxpow number="0.7879907782524778"/>
            <maxpow number="0.7879907782524778"/>
            <fprob>0.0</fprob>
        </actor>
        <actor name="D0N20">
            <wcet number="0">20</wcet>
            <wcet number="1">20</wcet>
            <maxpow number="0.6134398533387329"/>
            <maxpow number="0.6134398533387329"/>
            <fprob>0.0</fprob>
        </actor>
        <actor name="D0N30">
            <wcet number="0">20</wcet>
            <wcet number="1">160</wcet>
            <maxpow number="0.3975781296766405"/>
            <maxpow number="0.3975781296766405"/>
            <fprob>0.0</fprob>
        </actor>
        <actor name="D0N40">
            <wcet number="0">10</wcet>
            <wcet number="1">20</wcet>
            <maxpow number="0.6605767539258458"/>
            <maxpow number="0.6605767539258458"/>
            <fprob>0.0</fprob>
        </actor>
        <actor name="D0N4">
            <wcet number="0">10</wcet>
            <wcet number="1">20</wcet>
            <maxpow number="0.5846998942150299"/>
            <maxpow number="0.5846998942150299"/>
            <fprob>0.0</fprob>
        </actor>
        <ports>
            <port dstActor="D0N38" name="p0" srcActor="D0N24"/>
            <port dstActor="D0N30" name="p1" srcActor="D0N24"/>
            <port dstActor="D0N41" name="p2" srcActor="D0N24"/>
            <port dstActor="D0N45" name="p3" srcActor="D0N37"/>
            <port dstActor="D0N45" name="p4" srcActor="D0N11"/>
            <port dstActor="D0N24" name="p5" srcActor="D0N11"/>
            <port dstActor="D0N19" name="p6" srcActor="D0N11"/>
            <port dstActor="D0N41" name="p7" srcActor="D0N11"/>
            <port dstActor="D0N27" name="p8" srcActor="D0N23"/>
            <port dstActor="D0N25" name="p9" srcActor="D0N23"/>
            <port dstActor="D0N44" name="p10" srcActor="D0N41"/>
            <port dstActor="D0N29" name="p11" srcActor="D0N16"/>
            <port dstActor="D0N41" name="p12" srcActor="D0N22"/>
            <port dstActor="D0N31" name="p13" srcActor="D0N22"/>
            <port dstActor="D0N39" name="p14" srcActor="D0N22"/>
            <port dstActor="D0N27" name="p15" srcActor="D0N22"/>
            <port dstActor="D0N42" name="p16" srcActor="D0N22"/>
            <port dstActor="D0N34" name="p17" srcActor="D0N29"/>
            <port dstActor="D0N31" name="p18" srcActor="D0N5"/>
            <port dstActor="D0N35" name="p19" srcActor="D0N5"/>
            <port dstActor="D0N21" name="p20" srcActor="D0N5"/>
            <port dstActor="D0N22" name="p21" srcActor="D0N5"/>
            <port dstActor="D0N36" name="p22" srcActor="D0N5"/>
            <port dstActor="D0N38" name="p23" srcActor="D0N5"/>
            <port dstActor="D0N30" name="p24" srcActor="D0N5"/>
            <port dstActor="D0N39" name="p25" srcActor="D0N5"/>
            <port dstActor="D0N29" name="p26" srcActor="D0N17"/>
            <port dstActor="D0N42" name="p27" srcActor="D0N6"/>
            <port dstActor="D0N46" name="p28" srcActor="D0N6"/>
            <port dstActor="D0N9" name="p29" srcActor="D0N6"/>
            <port dstActor="D0N43" name="p30" srcActor="D0N39"/>
            <port dstActor="D0N45" name="p31" srcActor="D0N39"/>
            <port dstActor="D0N40" name="p32" srcActor="D0N32"/>
            <port dstActor="D0N44" name="p33" srcActor="D0N32"/>
            <port dstActor="D0N28" name="p34" srcActor="D0N19"/>
            <port dstActor="D0N46" name="p35" srcActor="D0N19"/>
            <port dstActor="D0N16" name="p36" srcActor="D0N13"/>
            <port dstActor="D0N24" name="p37" srcActor="D0N13"/>
            <port dstActor="D0N36" name="p38" srcActor="D0N13"/>
            <port dstActor="D0N39" name="p39" srcActor="D0N10"/>
            <port dstActor="D0N18" name="p40" srcActor="D0N10"/>
            <port dstActor="D0N28" name="p41" srcActor="D0N10"/>
            <port dstActor="D0N30" name="p42" srcActor="D0N1"/>
            <port dstActor="D0N20" name="p43" srcActor="D0N1"/>
            <port dstActor="D0N31" name="p44" srcActor="D0N1"/>
            <port dstActor="D0N42" name="p45" srcActor="D0N35"/>
            <port dstActor="D0N43" name="p46" srcActor="D0N26"/>
            <port dstActor="D0N20" name="p47" srcActor="D0N12"/>
            <port dstActor="D0N27" name="p48" srcActor="D0N12"/>
            <port dstActor="D0N40" name="p49" srcActor="D0N12"/>
            <port dstActor="D0N37" name="p50" srcActor="D0N31"/>
            <port dstActor="D0N42" name="p51" srcActor="D0N31"/>
            <port dstActor="D0N5" name="p52" srcActor="D0N0"/>
            <port dstActor="D0N14" name="p53" srcActor="D0N0"/>
            <port dstActor="D0N16" name="p54" srcActor="D0N0"/>
            <port dstActor="D0N43" name="p55" srcActor="D0N0"/>
            <port dstActor="D0N29" name="p56" srcActor="D0N25"/>
            <port dstActor="D0N39" name="p57" srcActor="D0N25"/>
            <port dstActor="D0N33" name="p58" srcActor="D0N25"/>
            <port dstActor="D0N43" name="p59" srcActor="D0N25"/>
            <port dstActor="D0N20" name="p60" srcActor="D0N3"/>
            <port dstActor="D0N29" name="p61" srcActor="D0N3"/>
            <port dstActor="D0N18" name="p62" srcActor="D0N3"/>
            <port dstActor="D0N17" name="p63" srcActor="D0N3"/>
            <port dstActor="D0N25" name="p64" srcActor="D0N21"/>
            <port dstActor="D0N28" name="p65" srcActor="D0N21"/>
            <port dstActor="D0N44" name="p66" srcActor="D0N21"/>
            <port dstActor="D0N43" name="p67" srcActor="D0N21"/>
            <port dstActor="D0N32" name="p68" srcActor="D0N2"/>
            <port dstActor="D0N27" name="p69" srcActor="D0N2"/>
            <port dstActor="D0N43" name="p70" srcActor="D0N2"/>
            <port dstActor="D0N12" name="p71" srcActor="D0N8"/>
            <port dstActor="D0N38" name="p72" srcActor="D0N8"/>
            <port dstActor="D0N34" name="p73" srcActor="D0N8"/>
            <port dstActor="D0N22" name="p74" srcActor="D0N15"/>
            <port dstActor="D0N28" name="p75" srcActor="D0N15"/>
            <port dstActor="D0N24" name="p76" srcActor="D0N15"/>
            <port dstActor="D0N41" name="p77" srcActor="D0N15"/>
            <port dstActor="D0N37" name="p78" srcActor="D0N9"/>
            <port dstActor="D0N40" name="p79" srcActor="D0N9"/>
            <port dstActor="D0N42" name="p80" srcActor="D0N9"/>
            <port dstActor="D0N12" name="p81" srcActor="D0N9"/>
            <port dstActor="D0N16" name="p82" srcActor="D0N14"/>
            <port dstActor="D0N43" name="p83" srcActor="D0N14"/>
            <port dstActor="D0N17" name="p84" srcActor="D0N14"/>
            <port dstActor="D0N23" name="p85" srcActor="D0N14"/>
            <port dstActor="D0N36" name="p86" srcActor="D0N7"/>
            <port dstActor="D0N39" name="p87" srcActor="D0N20"/>
            <port dstActor="D0N38" name="p88" srcActor="D0N20"/>
            <port dstActor="D0N30" name="p89" srcActor="D0N20"/>
            <port dstActor="D0N45" name="p90" srcActor="D0N20"/>
            <port dstActor="D0N28" name="p91" srcActor="D0N20"/>
            <port dstActor="D0N22" name="p92" srcActor="D0N20"/>
            <port dstActor="D0N38" name="p93" srcActor="D0N30"/>
            <port dstActor="D0N44" name="p94" srcActor="D0N30"/>
            <port dstActor="D0N45" name="p95" srcActor="D0N40"/>
            <port dstActor="D0N32" name="p96" srcActor="D0N4"/>
            <port dstActor="D0N42" name="p97" srcActor="D0N4"/>
            <port dstActor="D0N22" name="p98" srcActor="D0N4"/>
            <port dstActor="D0N20" name="p99" srcActor="D0N4"/>
            <port dstActor="D0N29" name="p100" srcActor="D0N4"/>
        </ports>
    </mcdag>
    <cores number="3"/>
    <levels number="2"/>
</mcsystem>
