<?xml version="1.0" encoding="UTF-8" standalone="no"?>
<mcsystem>
    <mcdag deadline="4000" name="genned-0-ed-10.0-0">
        <actor name="D0N1">
            <wcet number="0">30</wcet>
            <wcet number="1">120</wcet>
            <maxpow number="0.4650318395854408"/>
            <maxpow number="0.4650318395854408"/>
            <fprob>0.0</fprob>
        </actor>
        <actor name="D0N16">
            <wcet number="0">50</wcet>
            <wcet number="1">50</wcet>
            <maxpow number="0.5614115388939107"/>
            <maxpow number="0.5614115388939107"/>
            <fprob>0.0</fprob>
        </actor>
        <actor name="D0N33">
            <wcet number="0">20</wcet>
            <wcet number="1">270</wcet>
            <maxpow number="0.5977892621088462"/>
            <maxpow number="0.5977892621088462"/>
            <fprob>0.0</fprob>
        </actor>
        <actor name="D0N2">
            <wcet number="0">400</wcet>
            <wcet number="1">490</wcet>
            <maxpow number="0.2831192632626943"/>
            <maxpow number="0.2831192632626943"/>
            <fprob>0.0</fprob>
        </actor>
        <actor name="D0N46">
            <wcet number="0">130</wcet>
            <wcet number="1">340</wcet>
            <maxpow number="0.751428392387198"/>
            <maxpow number="0.751428392387198"/>
            <fprob>0.0</fprob>
        </actor>
        <actor name="D0N44">
            <wcet number="0">480</wcet>
            <wcet number="1">720</wcet>
            <maxpow number="0.15802268735110625"/>
            <maxpow number="0.15802268735110625"/>
            <fprob>0.0</fprob>
        </actor>
        <actor name="D0N0">
            <wcet number="0">20</wcet>
            <wcet number="1">40</wcet>
            <maxpow number="0.4155754487216171"/>
            <maxpow number="0.4155754487216171"/>
            <fprob>0.0</fprob>
        </actor>
        <actor name="D0N20">
            <wcet number="0">10</wcet>
            <wcet number="1">160</wcet>
            <maxpow number="0.47691427763152666"/>
            <maxpow number="0.47691427763152666"/>
            <fprob>0.0</fprob>
        </actor>
        <actor name="D0N49">
            <wcet number="0">160</wcet>
            <wcet number="1">240</wcet>
            <maxpow number="0.4901351980267562"/>
            <maxpow number="0.4901351980267562"/>
            <fprob>0.0</fprob>
        </actor>
        <actor name="D0N27">
            <wcet number="0">170</wcet>
            <wcet number="1">250</wcet>
            <maxpow number="0.4064993720082424"/>
            <maxpow number="0.4064993720082424"/>
            <fprob>0.0</fprob>
        </actor>
        <actor name="D0N41">
            <wcet number="0">460</wcet>
            <wcet number="1">590</wcet>
            <maxpow number="0.5317811405221922"/>
            <maxpow number="0.5317811405221922"/>
            <fprob>0.0</fprob>
        </actor>
        <actor name="D0N14">
            <wcet number="0">80</wcet>
            <wcet number="1">110</wcet>
            <maxpow number="0.7918797302232128"/>
            <maxpow number="0.7918797302232128"/>
            <fprob>0.0</fprob>
        </actor>
        <actor name="D0N6">
            <wcet number="0">50</wcet>
            <wcet number="1">50</wcet>
            <maxpow number="0.6505318303360506"/>
            <maxpow number="0.6505318303360506"/>
            <fprob>0.0</fprob>
        </actor>
        <actor name="D0N42">
            <wcet number="0">200</wcet>
            <wcet number="1">1060</wcet>
            <maxpow number="0.2661207325062654"/>
            <maxpow number="0.2661207325062654"/>
            <fprob>0.0</fprob>
        </actor>
        <actor name="D0N39">
            <wcet number="0">100</wcet>
            <wcet number="1">230</wcet>
            <maxpow number="0.33089346537689"/>
            <maxpow number="0.33089346537689"/>
            <fprob>0.0</fprob>
        </actor>
        <actor name="D0N24">
            <wcet number="0">30</wcet>
            <wcet number="1">30</wcet>
            <maxpow number="0.5085303206369851"/>
            <maxpow number="0.5085303206369851"/>
            <fprob>0.0</fprob>
        </actor>
        <actor name="D0N32">
            <wcet number="0">20</wcet>
            <wcet number="1">30</wcet>
            <maxpow number="0.764377401832639"/>
            <maxpow number="0.764377401832639"/>
            <fprob>0.0</fprob>
        </actor>
        <actor name="D0N19">
            <wcet number="0">230</wcet>
            <wcet number="1">380</wcet>
            <maxpow number="0.3955397204493851"/>
            <maxpow number="0.3955397204493851"/>
            <fprob>0.0</fprob>
        </actor>
        <actor name="D0N5">
            <wcet number="0">210</wcet>
            <wcet number="1">310</wcet>
            <maxpow number="0.5617583128673532"/>
            <maxpow number="0.5617583128673532"/>
            <fprob>0.0</fprob>
        </actor>
        <actor name="D0N3">
            <wcet number="0">110</wcet>
            <wcet number="1">170</wcet>
            <maxpow number="0.20832906173544175"/>
            <maxpow number="0.20832906173544175"/>
            <fprob>0.0</fprob>
        </actor>
        <actor name="D0N8">
            <wcet number="0">250</wcet>
            <wcet number="1">340</wcet>
            <maxpow number="0.6035179909179796"/>
            <maxpow number="0.6035179909179796"/>
            <fprob>0.0</fprob>
        </actor>
        <actor name="D0N11">
            <wcet number="0">140</wcet>
            <wcet number="1">150</wcet>
            <maxpow number="0.4134437376602379"/>
            <maxpow number="0.4134437376602379"/>
            <fprob>0.0</fprob>
        </actor>
        <actor name="D0N22">
            <wcet number="0">230</wcet>
            <wcet number="1">300</wcet>
            <maxpow number="0.23559793940742957"/>
            <maxpow number="0.23559793940742957"/>
            <fprob>0.0</fprob>
        </actor>
        <actor name="D0N43">
            <wcet number="0">80</wcet>
            <wcet number="1">110</wcet>
            <maxpow number="0.46060490288474387"/>
            <maxpow number="0.46060490288474387"/>
            <fprob>0.0</fprob>
        </actor>
        <actor name="D0N48">
            <wcet number="0">150</wcet>
            <wcet number="1">270</wcet>
            <maxpow number="0.6852841935906351"/>
            <maxpow number="0.6852841935906351"/>
            <fprob>0.0</fprob>
        </actor>
        <actor name="D0N9">
            <wcet number="0">40</wcet>
            <wcet number="1">40</wcet>
            <maxpow number="0.7640694931353951"/>
            <maxpow number="0.7640694931353951"/>
            <fprob>0.0</fprob>
        </actor>
        <actor name="D0N47">
            <wcet number="0">80</wcet>
            <wcet number="1">200</wcet>
            <maxpow number="0.5575862431637107"/>
            <maxpow number="0.5575862431637107"/>
            <fprob>0.0</fprob>
        </actor>
        <actor name="D0N17">
            <wcet number="0">10</wcet>
            <wcet number="1">20</wcet>
            <maxpow number="0.5581912663975989"/>
            <maxpow number="0.5581912663975989"/>
            <fprob>0.0</fprob>
        </actor>
        <actor name="D0N18">
            <wcet number="0">20</wcet>
            <wcet number="1">30</wcet>
            <maxpow number="0.6327781426902411"/>
            <maxpow number="0.6327781426902411"/>
            <fprob>0.0</fprob>
        </actor>
        <actor name="D0N21">
            <wcet number="0">20</wcet>
            <wcet number="1">30</wcet>
            <maxpow number="0.6235081298790809"/>
            <maxpow number="0.6235081298790809"/>
            <fprob>0.0</fprob>
        </actor>
        <actor name="D0N36">
            <wcet number="0">20</wcet>
            <wcet number="1">90</wcet>
            <maxpow number="0.510953525137027"/>
            <maxpow number="0.510953525137027"/>
            <fprob>0.0</fprob>
        </actor>
        <actor name="D0N12">
            <wcet number="0">240</wcet>
            <wcet number="1">370</wcet>
            <maxpow number="0.6810635101334779"/>
            <maxpow number="0.6810635101334779"/>
            <fprob>0.0</fprob>
        </actor>
        <actor name="D0N10">
            <wcet number="0">30</wcet>
            <wcet number="1">70</wcet>
            <maxpow number="0.3683884596564169"/>
            <maxpow number="0.3683884596564169"/>
            <fprob>0.0</fprob>
        </actor>
        <actor name="D0N45">
            <wcet number="0">360</wcet>
            <wcet number="1">470</wcet>
            <maxpow number="0.37397736787479907"/>
            <maxpow number="0.37397736787479907"/>
            <fprob>0.0</fprob>
        </actor>
        <actor name="D0N40">
            <wcet number="0">10</wcet>
            <wcet number="1">80</wcet>
            <maxpow number="0.25424370043879296"/>
            <maxpow number="0.25424370043879296"/>
            <fprob>0.0</fprob>
        </actor>
        <actor name="D0N4">
            <wcet number="0">10</wcet>
            <wcet number="1">50</wcet>
            <maxpow number="0.8418571716574383"/>
            <maxpow number="0.8418571716574383"/>
            <fprob>0.0</fprob>
        </actor>
        <actor name="D0N30">
            <wcet number="0">220</wcet>
            <wcet number="1">470</wcet>
            <maxpow number="0.5190399908246125"/>
            <maxpow number="0.5190399908246125"/>
            <fprob>0.0</fprob>
        </actor>
        <actor name="D0N26">
            <wcet number="0">240</wcet>
            <wcet number="1">460</wcet>
            <maxpow number="0.3706036869835504"/>
            <maxpow number="0.3706036869835504"/>
            <fprob>0.0</fprob>
        </actor>
        <actor name="D0N7">
            <wcet number="0">40</wcet>
            <wcet number="1">80</wcet>
            <maxpow number="0.604818996004264"/>
            <maxpow number="0.604818996004264"/>
            <fprob>0.0</fprob>
        </actor>
        <actor name="D0N13">
            <wcet number="0">170</wcet>
            <wcet number="1">250</wcet>
            <maxpow number="0.5187613112177685"/>
            <maxpow number="0.5187613112177685"/>
            <fprob>0.0</fprob>
        </actor>
        <actor name="D0N31">
            <wcet number="0">100</wcet>
            <wcet number="1">120</wcet>
            <maxpow number="0.5290908872283244"/>
            <maxpow number="0.5290908872283244"/>
            <fprob>0.0</fprob>
        </actor>
        <actor name="D0N35">
            <wcet number="0">10</wcet>
            <wcet number="1">40</wcet>
            <maxpow number="0.46567634988620915"/>
            <maxpow number="0.46567634988620915"/>
            <fprob>0.0</fprob>
        </actor>
        <actor name="D0N28">
            <wcet number="0">390</wcet>
            <wcet number="1">480</wcet>
            <maxpow number="0.7596367432667863"/>
            <maxpow number="0.7596367432667863"/>
            <fprob>0.0</fprob>
        </actor>
        <actor name="D0N15">
            <wcet number="0">10</wcet>
            <wcet number="1">10</wcet>
            <maxpow number="0.6978834469145071"/>
            <maxpow number="0.6978834469145071"/>
            <fprob>0.0</fprob>
        </actor>
        <actor name="D0N25">
            <wcet number="0">880</wcet>
            <wcet number="1">890</wcet>
            <maxpow number="0.6136020251430263"/>
            <maxpow number="0.6136020251430263"/>
            <fprob>0.0</fprob>
        </actor>
        <actor name="D0N34">
            <wcet number="0">130</wcet>
            <wcet number="1">160</wcet>
            <maxpow number="0.7200845823282349"/>
            <maxpow number="0.7200845823282349"/>
            <fprob>0.0</fprob>
        </actor>
        <actor name="D0N29">
            <wcet number="0">20</wcet>
            <wcet number="1">130</wcet>
            <maxpow number="0.5930470802760072"/>
            <maxpow number="0.5930470802760072"/>
            <fprob>0.0</fprob>
        </actor>
        <actor name="D0N37">
            <wcet number="0">20</wcet>
            <wcet number="1">60</wcet>
            <maxpow number="0.27463737316825115"/>
            <maxpow number="0.27463737316825115"/>
            <fprob>0.0</fprob>
        </actor>
        <actor name="D0N23">
            <wcet number="0">20</wcet>
            <wcet number="1">130</wcet>
            <maxpow number="0.4869589729772327"/>
            <maxpow number="0.4869589729772327"/>
            <fprob>0.0</fprob>
        </actor>
        <actor name="D0N38">
            <wcet number="0">50</wcet>
            <wcet number="1">60</wcet>
            <maxpow number="0.5866561073867047"/>
            <maxpow number="0.5866561073867047"/>
            <fprob>0.0</fprob>
        </actor>
        <ports>
            <port dstActor="D0N45" name="p0" srcActor="D0N1"/>
            <port dstActor="D0N47" name="p1" srcActor="D0N1"/>
            <port dstActor="D0N49" name="p2" srcActor="D0N1"/>
            <port dstActor="D0N13" name="p3" srcActor="D0N1"/>
            <port dstActor="D0N9" name="p4" srcActor="D0N1"/>
            <port dstActor="D0N19" name="p5" srcActor="D0N16"/>
            <port dstActor="D0N26" name="p6" srcActor="D0N16"/>
            <port dstActor="D0N28" name="p7" srcActor="D0N16"/>
            <port dstActor="D0N29" name="p8" srcActor="D0N16"/>
            <port dstActor="D0N42" name="p9" srcActor="D0N16"/>
            <port dstActor="D0N43" name="p10" srcActor="D0N33"/>
            <port dstActor="D0N38" name="p11" srcActor="D0N33"/>
            <port dstActor="D0N9" name="p12" srcActor="D0N2"/>
            <port dstActor="D0N34" name="p13" srcActor="D0N2"/>
            <port dstActor="D0N22" name="p14" srcActor="D0N2"/>
            <port dstActor="D0N40" name="p15" srcActor="D0N2"/>
            <port dstActor="D0N32" name="p16" srcActor="D0N2"/>
            <port dstActor="D0N49" name="p17" srcActor="D0N2"/>
            <port dstActor="D0N33" name="p18" srcActor="D0N2"/>
            <port dstActor="D0N45" name="p19" srcActor="D0N44"/>
            <port dstActor="D0N40" name="p20" srcActor="D0N0"/>
            <port dstActor="D0N25" name="p21" srcActor="D0N0"/>
            <port dstActor="D0N43" name="p22" srcActor="D0N0"/>
            <port dstActor="D0N11" name="p23" srcActor="D0N0"/>
            <port dstActor="D0N42" name="p24" srcActor="D0N0"/>
            <port dstActor="D0N29" name="p25" srcActor="D0N20"/>
            <port dstActor="D0N46" name="p26" srcActor="D0N20"/>
            <port dstActor="D0N35" name="p27" srcActor="D0N27"/>
            <port dstActor="D0N41" name="p28" srcActor="D0N27"/>
            <port dstActor="D0N44" name="p29" srcActor="D0N41"/>
            <port dstActor="D0N19" name="p30" srcActor="D0N14"/>
            <port dstActor="D0N44" name="p31" srcActor="D0N14"/>
            <port dstActor="D0N23" name="p32" srcActor="D0N14"/>
            <port dstActor="D0N13" name="p33" srcActor="D0N6"/>
            <port dstActor="D0N24" name="p34" srcActor="D0N6"/>
            <port dstActor="D0N26" name="p35" srcActor="D0N6"/>
            <port dstActor="D0N49" name="p36" srcActor="D0N6"/>
            <port dstActor="D0N49" name="p37" srcActor="D0N39"/>
            <port dstActor="D0N47" name="p38" srcActor="D0N39"/>
            <port dstActor="D0N44" name="p39" srcActor="D0N32"/>
            <port dstActor="D0N29" name="p40" srcActor="D0N19"/>
            <port dstActor="D0N20" name="p41" srcActor="D0N19"/>
            <port dstActor="D0N16" name="p42" srcActor="D0N5"/>
            <port dstActor="D0N40" name="p43" srcActor="D0N5"/>
            <port dstActor="D0N37" name="p44" srcActor="D0N5"/>
            <port dstActor="D0N6" name="p45" srcActor="D0N5"/>
            <port dstActor="D0N34" name="p46" srcActor="D0N5"/>
            <port dstActor="D0N43" name="p47" srcActor="D0N5"/>
            <port dstActor="D0N41" name="p48" srcActor="D0N5"/>
            <port dstActor="D0N29" name="p49" srcActor="D0N5"/>
            <port dstActor="D0N23" name="p50" srcActor="D0N3"/>
            <port dstActor="D0N31" name="p51" srcActor="D0N8"/>
            <port dstActor="D0N34" name="p52" srcActor="D0N11"/>
            <port dstActor="D0N32" name="p53" srcActor="D0N11"/>
            <port dstActor="D0N35" name="p54" srcActor="D0N11"/>
            <port dstActor="D0N45" name="p55" srcActor="D0N11"/>
            <port dstActor="D0N27" name="p56" srcActor="D0N22"/>
            <port dstActor="D0N44" name="p57" srcActor="D0N43"/>
            <port dstActor="D0N11" name="p58" srcActor="D0N9"/>
            <port dstActor="D0N44" name="p59" srcActor="D0N9"/>
            <port dstActor="D0N14" name="p60" srcActor="D0N9"/>
            <port dstActor="D0N30" name="p61" srcActor="D0N9"/>
            <port dstActor="D0N33" name="p62" srcActor="D0N9"/>
            <port dstActor="D0N37" name="p63" srcActor="D0N9"/>
            <port dstActor="D0N22" name="p64" srcActor="D0N17"/>
            <port dstActor="D0N35" name="p65" srcActor="D0N17"/>
            <port dstActor="D0N20" name="p66" srcActor="D0N17"/>
            <port dstActor="D0N45" name="p67" srcActor="D0N17"/>
            <port dstActor="D0N39" name="p68" srcActor="D0N17"/>
            <port dstActor="D0N47" name="p69" srcActor="D0N18"/>
            <port dstActor="D0N21" name="p70" srcActor="D0N18"/>
            <port dstActor="D0N26" name="p71" srcActor="D0N21"/>
            <port dstActor="D0N40" name="p72" srcActor="D0N21"/>
            <port dstActor="D0N29" name="p73" srcActor="D0N21"/>
            <port dstActor="D0N39" name="p74" srcActor="D0N10"/>
            <port dstActor="D0N49" name="p75" srcActor="D0N10"/>
            <port dstActor="D0N48" name="p76" srcActor="D0N45"/>
            <port dstActor="D0N49" name="p77" srcActor="D0N45"/>
            <port dstActor="D0N45" name="p78" srcActor="D0N4"/>
            <port dstActor="D0N38" name="p79" srcActor="D0N4"/>
            <port dstActor="D0N40" name="p80" srcActor="D0N26"/>
            <port dstActor="D0N45" name="p81" srcActor="D0N26"/>
            <port dstActor="D0N31" name="p82" srcActor="D0N26"/>
            <port dstActor="D0N33" name="p83" srcActor="D0N26"/>
            <port dstActor="D0N31" name="p84" srcActor="D0N7"/>
            <port dstActor="D0N14" name="p85" srcActor="D0N7"/>
            <port dstActor="D0N34" name="p86" srcActor="D0N7"/>
            <port dstActor="D0N8" name="p87" srcActor="D0N7"/>
            <port dstActor="D0N18" name="p88" srcActor="D0N13"/>
            <port dstActor="D0N29" name="p89" srcActor="D0N13"/>
            <port dstActor="D0N14" name="p90" srcActor="D0N13"/>
            <port dstActor="D0N49" name="p91" srcActor="D0N13"/>
            <port dstActor="D0N36" name="p92" srcActor="D0N31"/>
            <port dstActor="D0N35" name="p93" srcActor="D0N31"/>
            <port dstActor="D0N49" name="p94" srcActor="D0N28"/>
            <port dstActor="D0N44" name="p95" srcActor="D0N28"/>
            <port dstActor="D0N38" name="p96" srcActor="D0N28"/>
            <port dstActor="D0N44" name="p97" srcActor="D0N15"/>
            <port dstActor="D0N39" name="p98" srcActor="D0N25"/>
            <port dstActor="D0N49" name="p99" srcActor="D0N25"/>
            <port dstActor="D0N30" name="p100" srcActor="D0N25"/>
            <port dstActor="D0N45" name="p101" srcActor="D0N25"/>
            <port dstActor="D0N28" name="p102" srcActor="D0N25"/>
            <port dstActor="D0N43" name="p103" srcActor="D0N25"/>
            <port dstActor="D0N38" name="p104" srcActor="D0N29"/>
            <port dstActor="D0N32" name="p105" srcActor="D0N29"/>
            <port dstActor="D0N35" name="p106" srcActor="D0N29"/>
            <port dstActor="D0N40" name="p107" srcActor="D0N37"/>
            <port dstActor="D0N46" name="p108" srcActor="D0N37"/>
            <port dstActor="D0N48" name="p109" srcActor="D0N38"/>
            <port dstActor="D0N40" name="p110" srcActor="D0N38"/>
            <port dstActor="D0N43" name="p111" srcActor="D0N38"/>
        </ports>
    </mcdag>
    <cores number="3"/>
    <levels number="2"/>
</mcsystem>
