<?xml version="1.0" encoding="UTF-8" standalone="no"?>
<mcsystem>
    <mcdag deadline="5000" name="genned-0-ed-10.0-0">
        <actor name="D0N44">
            <wcet number="0">170</wcet>
            <wcet number="1">270</wcet>
            <maxpow number="0.44072770584839394"/>
            <maxpow number="0.44072770584839394"/>
            <fprob>0.0</fprob>
        </actor>
        <actor name="D0N7">
            <wcet number="0">50</wcet>
            <wcet number="1">90</wcet>
            <maxpow number="0.65532538474888"/>
            <maxpow number="0.65532538474888"/>
            <fprob>0.0</fprob>
        </actor>
        <actor name="D0N8">
            <wcet number="0">220</wcet>
            <wcet number="1">250</wcet>
            <maxpow number="0.2717289286406812"/>
            <maxpow number="0.2717289286406812"/>
            <fprob>0.0</fprob>
        </actor>
        <actor name="D0N35">
            <wcet number="0">530</wcet>
            <wcet number="1">560</wcet>
            <maxpow number="0.33989594327930617"/>
            <maxpow number="0.33989594327930617"/>
            <fprob>0.0</fprob>
        </actor>
        <actor name="D0N13">
            <wcet number="0">20</wcet>
            <wcet number="1">40</wcet>
            <maxpow number="0.353193975689844"/>
            <maxpow number="0.353193975689844"/>
            <fprob>0.0</fprob>
        </actor>
        <actor name="D0N14">
            <wcet number="0">30</wcet>
            <wcet number="1">110</wcet>
            <maxpow number="0.5475405227627692"/>
            <maxpow number="0.5475405227627692"/>
            <fprob>0.0</fprob>
        </actor>
        <actor name="D0N5">
            <wcet number="0">270</wcet>
            <wcet number="1">560</wcet>
            <maxpow number="0.433211507912182"/>
            <maxpow number="0.433211507912182"/>
            <fprob>0.0</fprob>
        </actor>
        <actor name="D0N29">
            <wcet number="0">400</wcet>
            <wcet number="1">550</wcet>
            <maxpow number="0.4258664135269486"/>
            <maxpow number="0.4258664135269486"/>
            <fprob>0.0</fprob>
        </actor>
        <actor name="D0N9">
            <wcet number="0">180</wcet>
            <wcet number="1">190</wcet>
            <maxpow number="0.47883354090117547"/>
            <maxpow number="0.47883354090117547"/>
            <fprob>0.0</fprob>
        </actor>
        <actor name="D0N23">
            <wcet number="0">10</wcet>
            <wcet number="1">120</wcet>
            <maxpow number="0.8361025954929051"/>
            <maxpow number="0.8361025954929051"/>
            <fprob>0.0</fprob>
        </actor>
        <actor name="D0N47">
            <wcet number="0">70</wcet>
            <wcet number="1">100</wcet>
            <maxpow number="0.945498522905536"/>
            <maxpow number="0.945498522905536"/>
            <fprob>0.0</fprob>
        </actor>
        <actor name="D0N19">
            <wcet number="0">300</wcet>
            <wcet number="1">640</wcet>
            <maxpow number="0.3113122615664816"/>
            <maxpow number="0.3113122615664816"/>
            <fprob>0.0</fprob>
        </actor>
        <actor name="D0N49">
            <wcet number="0">90</wcet>
            <wcet number="1">320</wcet>
            <maxpow number="0.7783349381025907"/>
            <maxpow number="0.7783349381025907"/>
            <fprob>0.0</fprob>
        </actor>
        <actor name="D0N22">
            <wcet number="0">40</wcet>
            <wcet number="1">200</wcet>
            <maxpow number="0.32940463054380664"/>
            <maxpow number="0.32940463054380664"/>
            <fprob>0.0</fprob>
        </actor>
        <actor name="D0N46">
            <wcet number="0">10</wcet>
            <wcet number="1">70</wcet>
            <maxpow number="0.2013419837206804"/>
            <maxpow number="0.2013419837206804"/>
            <fprob>0.0</fprob>
        </actor>
        <actor name="D0N18">
            <wcet number="0">60</wcet>
            <wcet number="1">260</wcet>
            <maxpow number="0.3520131195841102"/>
            <maxpow number="0.3520131195841102"/>
            <fprob>0.0</fprob>
        </actor>
        <actor name="D0N21">
            <wcet number="0">20</wcet>
            <wcet number="1">20</wcet>
            <maxpow number="0.7697108188592203"/>
            <maxpow number="0.7697108188592203"/>
            <fprob>0.0</fprob>
        </actor>
        <actor name="D0N30">
            <wcet number="0">50</wcet>
            <wcet number="1">90</wcet>
            <maxpow number="0.262862596640172"/>
            <maxpow number="0.262862596640172"/>
            <fprob>0.0</fprob>
        </actor>
        <actor name="D0N15">
            <wcet number="0">190</wcet>
            <wcet number="1">470</wcet>
            <maxpow number="0.860004369545039"/>
            <maxpow number="0.860004369545039"/>
            <fprob>0.0</fprob>
        </actor>
        <actor name="D0N27">
            <wcet number="0">150</wcet>
            <wcet number="1">270</wcet>
            <maxpow number="0.596675266023821"/>
            <maxpow number="0.596675266023821"/>
            <fprob>0.0</fprob>
        </actor>
        <actor name="D0N17">
            <wcet number="0">20</wcet>
            <wcet number="1">20</wcet>
            <maxpow number="0.7001485336964945"/>
            <maxpow number="0.7001485336964945"/>
            <fprob>0.0</fprob>
        </actor>
        <actor name="D0N45">
            <wcet number="0">110</wcet>
            <wcet number="1">260</wcet>
            <maxpow number="0.7249798305299171"/>
            <maxpow number="0.7249798305299171"/>
            <fprob>0.0</fprob>
        </actor>
        <actor name="D0N33">
            <wcet number="0">90</wcet>
            <wcet number="1">110</wcet>
            <maxpow number="0.5893139884036258"/>
            <maxpow number="0.5893139884036258"/>
            <fprob>0.0</fprob>
        </actor>
        <actor name="D0N31">
            <wcet number="0">90</wcet>
            <wcet number="1">300</wcet>
            <maxpow number="0.16572898367844852"/>
            <maxpow number="0.16572898367844852"/>
            <fprob>0.0</fprob>
        </actor>
        <actor name="D0N34">
            <wcet number="0">1280</wcet>
            <wcet number="1">2220</wcet>
            <maxpow number="0.38880675299853157"/>
            <maxpow number="0.38880675299853157"/>
            <fprob>0.0</fprob>
        </actor>
        <actor name="D0N12">
            <wcet number="0">50</wcet>
            <wcet number="1">70</wcet>
            <maxpow number="0.44407166776379237"/>
            <maxpow number="0.44407166776379237"/>
            <fprob>0.0</fprob>
        </actor>
        <actor name="D0N40">
            <wcet number="0">20</wcet>
            <wcet number="1">100</wcet>
            <maxpow number="0.6915102541955201"/>
            <maxpow number="0.6915102541955201"/>
            <fprob>0.0</fprob>
        </actor>
        <actor name="D0N3">
            <wcet number="0">20</wcet>
            <wcet number="1">120</wcet>
            <maxpow number="0.3136835345590791"/>
            <maxpow number="0.3136835345590791"/>
            <fprob>0.0</fprob>
        </actor>
        <actor name="D0N1">
            <wcet number="0">40</wcet>
            <wcet number="1">130</wcet>
            <maxpow number="0.43821937955643436"/>
            <maxpow number="0.43821937955643436"/>
            <fprob>0.0</fprob>
        </actor>
        <actor name="D0N24">
            <wcet number="0">50</wcet>
            <wcet number="1">70</wcet>
            <maxpow number="0.5725343965098336"/>
            <maxpow number="0.5725343965098336"/>
            <fprob>0.0</fprob>
        </actor>
        <actor name="D0N6">
            <wcet number="0">70</wcet>
            <wcet number="1">240</wcet>
            <maxpow number="0.7708576490202094"/>
            <maxpow number="0.7708576490202094"/>
            <fprob>0.0</fprob>
        </actor>
        <actor name="D0N28">
            <wcet number="0">10</wcet>
            <wcet number="1">240</wcet>
            <maxpow number="0.7778122986777631"/>
            <maxpow number="0.7778122986777631"/>
            <fprob>0.0</fprob>
        </actor>
        <actor name="D0N4">
            <wcet number="0">10</wcet>
            <wcet number="1">10</wcet>
            <maxpow number="0.20493484469313195"/>
            <maxpow number="0.20493484469313195"/>
            <fprob>0.0</fprob>
        </actor>
        <actor name="D0N10">
            <wcet number="0">80</wcet>
            <wcet number="1">300</wcet>
            <maxpow number="0.6068435890473682"/>
            <maxpow number="0.6068435890473682"/>
            <fprob>0.0</fprob>
        </actor>
        <actor name="D0N0">
            <wcet number="0">60</wcet>
            <wcet number="1">100</wcet>
            <maxpow number="0.636316761744894"/>
            <maxpow number="0.636316761744894"/>
            <fprob>0.0</fprob>
        </actor>
        <actor name="D0N38">
            <wcet number="0">130</wcet>
            <wcet number="1">310</wcet>
            <maxpow number="0.3724630706453058"/>
            <maxpow number="0.3724630706453058"/>
            <fprob>0.0</fprob>
        </actor>
        <actor name="D0N16">
            <wcet number="0">1170</wcet>
            <wcet number="1">1490</wcet>
            <maxpow number="0.8910107554719817"/>
            <maxpow number="0.8910107554719817"/>
            <fprob>0.0</fprob>
        </actor>
        <actor name="D0N26">
            <wcet number="0">30</wcet>
            <wcet number="1">80</wcet>
            <maxpow number="0.5700487175841209"/>
            <maxpow number="0.5700487175841209"/>
            <fprob>0.0</fprob>
        </actor>
        <actor name="D0N42">
            <wcet number="0">240</wcet>
            <wcet number="1">260</wcet>
            <maxpow number="0.3993629674324576"/>
            <maxpow number="0.3993629674324576"/>
            <fprob>0.0</fprob>
        </actor>
        <actor name="D0N2">
            <wcet number="0">40</wcet>
            <wcet number="1">80</wcet>
            <maxpow number="0.5019843869750537"/>
            <maxpow number="0.5019843869750537"/>
            <fprob>0.0</fprob>
        </actor>
        <actor name="D0N20">
            <wcet number="0">20</wcet>
            <wcet number="1">20</wcet>
            <maxpow number="0.7362709847298051"/>
            <maxpow number="0.7362709847298051"/>
            <fprob>0.0</fprob>
        </actor>
        <actor name="D0N39">
            <wcet number="0">70</wcet>
            <wcet number="1">100</wcet>
            <maxpow number="0.6782853475173724"/>
            <maxpow number="0.6782853475173724"/>
            <fprob>0.0</fprob>
        </actor>
        <actor name="D0N37">
            <wcet number="0">100</wcet>
            <wcet number="1">380</wcet>
            <maxpow number="0.666338132654596"/>
            <maxpow number="0.666338132654596"/>
            <fprob>0.0</fprob>
        </actor>
        <actor name="D0N36">
            <wcet number="0">70</wcet>
            <wcet number="1">70</wcet>
            <maxpow number="0.3175746843059326"/>
            <maxpow number="0.3175746843059326"/>
            <fprob>0.0</fprob>
        </actor>
        <actor name="D0N43">
            <wcet number="0">70</wcet>
            <wcet number="1">70</wcet>
            <maxpow number="0.42881861814988026"/>
            <maxpow number="0.42881861814988026"/>
            <fprob>0.0</fprob>
        </actor>
        <actor name="D0N11">
            <wcet number="0">70</wcet>
            <wcet number="1">120</wcet>
            <maxpow number="0.6783791645989387"/>
            <maxpow number="0.6783791645989387"/>
            <fprob>0.0</fprob>
        </actor>
        <actor name="D0N32">
            <wcet number="0">290</wcet>
            <wcet number="1">560</wcet>
            <maxpow number="0.29604078859196387"/>
            <maxpow number="0.29604078859196387"/>
            <fprob>0.0</fprob>
        </actor>
        <actor name="D0N25">
            <wcet number="0">20</wcet>
            <wcet number="1">100</wcet>
            <maxpow number="0.46044771365512377"/>
            <maxpow number="0.46044771365512377"/>
            <fprob>0.0</fprob>
        </actor>
        <actor name="D0N48">
            <wcet number="0">180</wcet>
            <wcet number="1">210</wcet>
            <maxpow number="0.2758179323790209"/>
            <maxpow number="0.2758179323790209"/>
            <fprob>0.0</fprob>
        </actor>
        <actor name="D0N41">
            <wcet number="0">120</wcet>
            <wcet number="1">180</wcet>
            <maxpow number="0.6350849511887358"/>
            <maxpow number="0.6350849511887358"/>
            <fprob>0.0</fprob>
        </actor>
        <ports>
            <port dstActor="D0N37" name="p0" srcActor="D0N7"/>
            <port dstActor="D0N39" name="p1" srcActor="D0N7"/>
            <port dstActor="D0N30" name="p2" srcActor="D0N7"/>
            <port dstActor="D0N38" name="p3" srcActor="D0N7"/>
            <port dstActor="D0N41" name="p4" srcActor="D0N7"/>
            <port dstActor="D0N23" name="p5" srcActor="D0N7"/>
            <port dstActor="D0N14" name="p6" srcActor="D0N7"/>
            <port dstActor="D0N48" name="p7" srcActor="D0N8"/>
            <port dstActor="D0N13" name="p8" srcActor="D0N8"/>
            <port dstActor="D0N17" name="p9" srcActor="D0N8"/>
            <port dstActor="D0N22" name="p10" srcActor="D0N8"/>
            <port dstActor="D0N38" name="p11" srcActor="D0N8"/>
            <port dstActor="D0N48" name="p12" srcActor="D0N35"/>
            <port dstActor="D0N44" name="p13" srcActor="D0N13"/>
            <port dstActor="D0N41" name="p14" srcActor="D0N13"/>
            <port dstActor="D0N16" name="p15" srcActor="D0N13"/>
            <port dstActor="D0N43" name="p16" srcActor="D0N13"/>
            <port dstActor="D0N30" name="p17" srcActor="D0N13"/>
            <port dstActor="D0N36" name="p18" srcActor="D0N13"/>
            <port dstActor="D0N36" name="p19" srcActor="D0N14"/>
            <port dstActor="D0N42" name="p20" srcActor="D0N14"/>
            <port dstActor="D0N29" name="p21" srcActor="D0N5"/>
            <port dstActor="D0N38" name="p22" srcActor="D0N29"/>
            <port dstActor="D0N43" name="p23" srcActor="D0N9"/>
            <port dstActor="D0N19" name="p24" srcActor="D0N9"/>
            <port dstActor="D0N22" name="p25" srcActor="D0N9"/>
            <port dstActor="D0N35" name="p26" srcActor="D0N23"/>
            <port dstActor="D0N33" name="p27" srcActor="D0N23"/>
            <port dstActor="D0N43" name="p28" srcActor="D0N22"/>
            <port dstActor="D0N36" name="p29" srcActor="D0N22"/>
            <port dstActor="D0N47" name="p30" srcActor="D0N22"/>
            <port dstActor="D0N34" name="p31" srcActor="D0N22"/>
            <port dstActor="D0N29" name="p32" srcActor="D0N22"/>
            <port dstActor="D0N49" name="p33" srcActor="D0N46"/>
            <port dstActor="D0N40" name="p34" srcActor="D0N18"/>
            <port dstActor="D0N36" name="p35" srcActor="D0N18"/>
            <port dstActor="D0N41" name="p36" srcActor="D0N18"/>
            <port dstActor="D0N44" name="p37" srcActor="D0N21"/>
            <port dstActor="D0N43" name="p38" srcActor="D0N30"/>
            <port dstActor="D0N42" name="p39" srcActor="D0N30"/>
            <port dstActor="D0N40" name="p40" srcActor="D0N30"/>
            <port dstActor="D0N41" name="p41" srcActor="D0N30"/>
            <port dstActor="D0N28" name="p42" srcActor="D0N15"/>
            <port dstActor="D0N18" name="p43" srcActor="D0N15"/>
            <port dstActor="D0N40" name="p44" srcActor="D0N27"/>
            <port dstActor="D0N35" name="p45" srcActor="D0N27"/>
            <port dstActor="D0N41" name="p46" srcActor="D0N27"/>
            <port dstActor="D0N36" name="p47" srcActor="D0N17"/>
            <port dstActor="D0N49" name="p48" srcActor="D0N17"/>
            <port dstActor="D0N25" name="p49" srcActor="D0N17"/>
            <port dstActor="D0N44" name="p50" srcActor="D0N17"/>
            <port dstActor="D0N47" name="p51" srcActor="D0N17"/>
            <port dstActor="D0N35" name="p52" srcActor="D0N33"/>
            <port dstActor="D0N48" name="p53" srcActor="D0N31"/>
            <port dstActor="D0N45" name="p54" srcActor="D0N31"/>
            <port dstActor="D0N35" name="p55" srcActor="D0N34"/>
            <port dstActor="D0N36" name="p56" srcActor="D0N34"/>
            <port dstActor="D0N49" name="p57" srcActor="D0N12"/>
            <port dstActor="D0N36" name="p58" srcActor="D0N12"/>
            <port dstActor="D0N43" name="p59" srcActor="D0N12"/>
            <port dstActor="D0N21" name="p60" srcActor="D0N12"/>
            <port dstActor="D0N19" name="p61" srcActor="D0N12"/>
            <port dstActor="D0N18" name="p62" srcActor="D0N12"/>
            <port dstActor="D0N40" name="p63" srcActor="D0N3"/>
            <port dstActor="D0N48" name="p64" srcActor="D0N1"/>
            <port dstActor="D0N41" name="p65" srcActor="D0N1"/>
            <port dstActor="D0N46" name="p66" srcActor="D0N1"/>
            <port dstActor="D0N43" name="p67" srcActor="D0N24"/>
            <port dstActor="D0N29" name="p68" srcActor="D0N24"/>
            <port dstActor="D0N44" name="p69" srcActor="D0N6"/>
            <port dstActor="D0N15" name="p70" srcActor="D0N6"/>
            <port dstActor="D0N24" name="p71" srcActor="D0N6"/>
            <port dstActor="D0N13" name="p72" srcActor="D0N6"/>
            <port dstActor="D0N33" name="p73" srcActor="D0N6"/>
            <port dstActor="D0N18" name="p74" srcActor="D0N6"/>
            <port dstActor="D0N39" name="p75" srcActor="D0N6"/>
            <port dstActor="D0N36" name="p76" srcActor="D0N6"/>
            <port dstActor="D0N28" name="p77" srcActor="D0N6"/>
            <port dstActor="D0N19" name="p78" srcActor="D0N4"/>
            <port dstActor="D0N30" name="p79" srcActor="D0N4"/>
            <port dstActor="D0N7" name="p80" srcActor="D0N4"/>
            <port dstActor="D0N13" name="p81" srcActor="D0N4"/>
            <port dstActor="D0N25" name="p82" srcActor="D0N4"/>
            <port dstActor="D0N10" name="p83" srcActor="D0N4"/>
            <port dstActor="D0N41" name="p84" srcActor="D0N4"/>
            <port dstActor="D0N21" name="p85" srcActor="D0N4"/>
            <port dstActor="D0N31" name="p86" srcActor="D0N10"/>
            <port dstActor="D0N46" name="p87" srcActor="D0N10"/>
            <port dstActor="D0N19" name="p88" srcActor="D0N10"/>
            <port dstActor="D0N40" name="p89" srcActor="D0N0"/>
            <port dstActor="D0N29" name="p90" srcActor="D0N0"/>
            <port dstActor="D0N37" name="p91" srcActor="D0N0"/>
            <port dstActor="D0N15" name="p92" srcActor="D0N0"/>
            <port dstActor="D0N11" name="p93" srcActor="D0N0"/>
            <port dstActor="D0N40" name="p94" srcActor="D0N38"/>
            <port dstActor="D0N43" name="p95" srcActor="D0N38"/>
            <port dstActor="D0N28" name="p96" srcActor="D0N16"/>
            <port dstActor="D0N29" name="p97" srcActor="D0N16"/>
            <port dstActor="D0N18" name="p98" srcActor="D0N16"/>
            <port dstActor="D0N22" name="p99" srcActor="D0N16"/>
            <port dstActor="D0N42" name="p100" srcActor="D0N16"/>
            <port dstActor="D0N25" name="p101" srcActor="D0N16"/>
            <port dstActor="D0N46" name="p102" srcActor="D0N42"/>
            <port dstActor="D0N25" name="p103" srcActor="D0N2"/>
            <port dstActor="D0N18" name="p104" srcActor="D0N2"/>
            <port dstActor="D0N28" name="p105" srcActor="D0N2"/>
            <port dstActor="D0N24" name="p106" srcActor="D0N2"/>
            <port dstActor="D0N11" name="p107" srcActor="D0N2"/>
            <port dstActor="D0N16" name="p108" srcActor="D0N2"/>
            <port dstActor="D0N22" name="p109" srcActor="D0N20"/>
            <port dstActor="D0N44" name="p110" srcActor="D0N20"/>
            <port dstActor="D0N49" name="p111" srcActor="D0N20"/>
            <port dstActor="D0N37" name="p112" srcActor="D0N20"/>
            <port dstActor="D0N38" name="p113" srcActor="D0N37"/>
            <port dstActor="D0N47" name="p114" srcActor="D0N37"/>
            <port dstActor="D0N48" name="p115" srcActor="D0N43"/>
            <port dstActor="D0N47" name="p116" srcActor="D0N43"/>
            <port dstActor="D0N46" name="p117" srcActor="D0N43"/>
            <port dstActor="D0N45" name="p118" srcActor="D0N11"/>
            <port dstActor="D0N33" name="p119" srcActor="D0N11"/>
            <port dstActor="D0N13" name="p120" srcActor="D0N11"/>
            <port dstActor="D0N33" name="p121" srcActor="D0N32"/>
            <port dstActor="D0N45" name="p122" srcActor="D0N32"/>
            <port dstActor="D0N32" name="p123" srcActor="D0N25"/>
            <port dstActor="D0N41" name="p124" srcActor="D0N25"/>
            <port dstActor="D0N30" name="p125" srcActor="D0N25"/>
        </ports>
    </mcdag>
    <cores number="3"/>
    <levels number="2"/>
</mcsystem>
