<?xml version="1.0" encoding="UTF-8" standalone="no"?>
<mcsystem>
    <mcdag deadline="5000" name="genned-0-ed-10.0-0">
        <actor name="D0N1">
            <wcet number="0">30</wcet>
            <wcet number="1">80</wcet>
            <maxpow number="0.5786790558648208"/>
            <maxpow number="0.5786790558648208"/>
            <fprob>0.0</fprob>
        </actor>
        <actor name="D0N13">
            <wcet number="0">10</wcet>
            <wcet number="1">100</wcet>
            <maxpow number="0.49727728247455144"/>
            <maxpow number="0.49727728247455144"/>
            <fprob>0.0</fprob>
        </actor>
        <actor name="D0N3">
            <wcet number="0">640</wcet>
            <wcet number="1">720</wcet>
            <maxpow number="0.6791606175479148"/>
            <maxpow number="0.6791606175479148"/>
            <fprob>0.0</fprob>
        </actor>
        <actor name="D0N20">
            <wcet number="0">130</wcet>
            <wcet number="1">190</wcet>
            <maxpow number="0.6634727410007815"/>
            <maxpow number="0.6634727410007815"/>
            <fprob>0.0</fprob>
        </actor>
        <actor name="D0N7">
            <wcet number="0">340</wcet>
            <wcet number="1">340</wcet>
            <maxpow number="0.46168588205094874"/>
            <maxpow number="0.46168588205094874"/>
            <fprob>0.0</fprob>
        </actor>
        <actor name="D0N45">
            <wcet number="0">20</wcet>
            <wcet number="1">30</wcet>
            <maxpow number="0.3929950872366864"/>
            <maxpow number="0.3929950872366864"/>
            <fprob>0.0</fprob>
        </actor>
        <actor name="D0N4">
            <wcet number="0">50</wcet>
            <wcet number="1">490</wcet>
            <maxpow number="0.4682301699104025"/>
            <maxpow number="0.4682301699104025"/>
            <fprob>0.0</fprob>
        </actor>
        <actor name="D0N22">
            <wcet number="0">10</wcet>
            <wcet number="1">10</wcet>
            <maxpow number="0.4591485545120073"/>
            <maxpow number="0.4591485545120073"/>
            <fprob>0.0</fprob>
        </actor>
        <actor name="D0N8">
            <wcet number="0">40</wcet>
            <wcet number="1">170</wcet>
            <maxpow number="0.42318561360268214"/>
            <maxpow number="0.42318561360268214"/>
            <fprob>0.0</fprob>
        </actor>
        <actor name="D0N12">
            <wcet number="0">50</wcet>
            <wcet number="1">100</wcet>
            <maxpow number="0.5601267506854907"/>
            <maxpow number="0.5601267506854907"/>
            <fprob>0.0</fprob>
        </actor>
        <actor name="D0N18">
            <wcet number="0">590</wcet>
            <wcet number="1">590</wcet>
            <maxpow number="0.42464825825001595"/>
            <maxpow number="0.42464825825001595"/>
            <fprob>0.0</fprob>
        </actor>
        <actor name="D0N30">
            <wcet number="0">10</wcet>
            <wcet number="1">20</wcet>
            <maxpow number="0.09281760660311711"/>
            <maxpow number="0.09281760660311711"/>
            <fprob>0.0</fprob>
        </actor>
        <actor name="D0N14">
            <wcet number="0">50</wcet>
            <wcet number="1">150</wcet>
            <maxpow number="0.5685263997386749"/>
            <maxpow number="0.5685263997386749"/>
            <fprob>0.0</fprob>
        </actor>
        <actor name="D0N21">
            <wcet number="0">120</wcet>
            <wcet number="1">200</wcet>
            <maxpow number="0.5478927838316868"/>
            <maxpow number="0.5478927838316868"/>
            <fprob>0.0</fprob>
        </actor>
        <actor name="D0N17">
            <wcet number="0">30</wcet>
            <wcet number="1">60</wcet>
            <maxpow number="0.5221561392974307"/>
            <maxpow number="0.5221561392974307"/>
            <fprob>0.0</fprob>
        </actor>
        <actor name="D0N28">
            <wcet number="0">130</wcet>
            <wcet number="1">210</wcet>
            <maxpow number="0.6315522626904301"/>
            <maxpow number="0.6315522626904301"/>
            <fprob>0.0</fprob>
        </actor>
        <actor name="D0N48">
            <wcet number="0">320</wcet>
            <wcet number="1">520</wcet>
            <maxpow number="0.3322439958644905"/>
            <maxpow number="0.3322439958644905"/>
            <fprob>0.0</fprob>
        </actor>
        <actor name="D0N6">
            <wcet number="0">150</wcet>
            <wcet number="1">240</wcet>
            <maxpow number="0.29072561721737783"/>
            <maxpow number="0.29072561721737783"/>
            <fprob>0.0</fprob>
        </actor>
        <actor name="D0N43">
            <wcet number="0">90</wcet>
            <wcet number="1">90</wcet>
            <maxpow number="0.44249019625925"/>
            <maxpow number="0.44249019625925"/>
            <fprob>0.0</fprob>
        </actor>
        <actor name="D0N26">
            <wcet number="0">300</wcet>
            <wcet number="1">650</wcet>
            <maxpow number="0.5926351861227818"/>
            <maxpow number="0.5926351861227818"/>
            <fprob>0.0</fprob>
        </actor>
        <actor name="D0N34">
            <wcet number="0">40</wcet>
            <wcet number="1">90</wcet>
            <maxpow number="0.5554166270290841"/>
            <maxpow number="0.5554166270290841"/>
            <fprob>0.0</fprob>
        </actor>
        <actor name="D0N32">
            <wcet number="0">10</wcet>
            <wcet number="1">30</wcet>
            <maxpow number="0.21879124345227513"/>
            <maxpow number="0.21879124345227513"/>
            <fprob>0.0</fprob>
        </actor>
        <actor name="D0N39">
            <wcet number="0">120</wcet>
            <wcet number="1">280</wcet>
            <maxpow number="0.831980446039527"/>
            <maxpow number="0.831980446039527"/>
            <fprob>0.0</fprob>
        </actor>
        <actor name="D0N5">
            <wcet number="0">30</wcet>
            <wcet number="1">80</wcet>
            <maxpow number="0.3044059389456084"/>
            <maxpow number="0.3044059389456084"/>
            <fprob>0.0</fprob>
        </actor>
        <actor name="D0N23">
            <wcet number="0">70</wcet>
            <wcet number="1">110</wcet>
            <maxpow number="0.6415554287079717"/>
            <maxpow number="0.6415554287079717"/>
            <fprob>0.0</fprob>
        </actor>
        <actor name="D0N35">
            <wcet number="0">350</wcet>
            <wcet number="1">700</wcet>
            <maxpow number="0.5365089153148624"/>
            <maxpow number="0.5365089153148624"/>
            <fprob>0.0</fprob>
        </actor>
        <actor name="D0N24">
            <wcet number="0">100</wcet>
            <wcet number="1">240</wcet>
            <maxpow number="0.4198067819984378"/>
            <maxpow number="0.4198067819984378"/>
            <fprob>0.0</fprob>
        </actor>
        <actor name="D0N47">
            <wcet number="0">110</wcet>
            <wcet number="1">240</wcet>
            <maxpow number="0.7064903963140535"/>
            <maxpow number="0.7064903963140535"/>
            <fprob>0.0</fprob>
        </actor>
        <actor name="D0N0">
            <wcet number="0">190</wcet>
            <wcet number="1">450</wcet>
            <maxpow number="0.44636050156280493"/>
            <maxpow number="0.44636050156280493"/>
            <fprob>0.0</fprob>
        </actor>
        <actor name="D0N41">
            <wcet number="0">30</wcet>
            <wcet number="1">70</wcet>
            <maxpow number="0.6870913902621109"/>
            <maxpow number="0.6870913902621109"/>
            <fprob>0.0</fprob>
        </actor>
        <actor name="D0N46">
            <wcet number="0">100</wcet>
            <wcet number="1">480</wcet>
            <maxpow number="0.6351113519687295"/>
            <maxpow number="0.6351113519687295"/>
            <fprob>0.0</fprob>
        </actor>
        <actor name="D0N9">
            <wcet number="0">530</wcet>
            <wcet number="1">550</wcet>
            <maxpow number="0.49428252470509326"/>
            <maxpow number="0.49428252470509326"/>
            <fprob>0.0</fprob>
        </actor>
        <actor name="D0N25">
            <wcet number="0">130</wcet>
            <wcet number="1">140</wcet>
            <maxpow number="0.25161383642266044"/>
            <maxpow number="0.25161383642266044"/>
            <fprob>0.0</fprob>
        </actor>
        <actor name="D0N49">
            <wcet number="0">240</wcet>
            <wcet number="1">460</wcet>
            <maxpow number="0.5151890236103664"/>
            <maxpow number="0.5151890236103664"/>
            <fprob>0.0</fprob>
        </actor>
        <actor name="D0N31">
            <wcet number="0">40</wcet>
            <wcet number="1">190</wcet>
            <maxpow number="0.5001906848022007"/>
            <maxpow number="0.5001906848022007"/>
            <fprob>0.0</fprob>
        </actor>
        <actor name="D0N40">
            <wcet number="0">160</wcet>
            <wcet number="1">550</wcet>
            <maxpow number="0.20884769258093516"/>
            <maxpow number="0.20884769258093516"/>
            <fprob>0.0</fprob>
        </actor>
        <actor name="D0N29">
            <wcet number="0">20</wcet>
            <wcet number="1">50</wcet>
            <maxpow number="0.46899736538554926"/>
            <maxpow number="0.46899736538554926"/>
            <fprob>0.0</fprob>
        </actor>
        <actor name="D0N19">
            <wcet number="0">120</wcet>
            <wcet number="1">120</wcet>
            <maxpow number="0.5627027958898009"/>
            <maxpow number="0.5627027958898009"/>
            <fprob>0.0</fprob>
        </actor>
        <actor name="D0N10">
            <wcet number="0">40</wcet>
            <wcet number="1">50</wcet>
            <maxpow number="0.5104615337567717"/>
            <maxpow number="0.5104615337567717"/>
            <fprob>0.0</fprob>
        </actor>
        <actor name="D0N44">
            <wcet number="0">20</wcet>
            <wcet number="1">160</wcet>
            <maxpow number="0.575596154002466"/>
            <maxpow number="0.575596154002466"/>
            <fprob>0.0</fprob>
        </actor>
        <actor name="D0N11">
            <wcet number="0">60</wcet>
            <wcet number="1">80</wcet>
            <maxpow number="0.5618717806229995"/>
            <maxpow number="0.5618717806229995"/>
            <fprob>0.0</fprob>
        </actor>
        <actor name="D0N36">
            <wcet number="0">10</wcet>
            <wcet number="1">80</wcet>
            <maxpow number="0.15026607817436893"/>
            <maxpow number="0.15026607817436893"/>
            <fprob>0.0</fprob>
        </actor>
        <actor name="D0N38">
            <wcet number="0">500</wcet>
            <wcet number="1">520</wcet>
            <maxpow number="0.8524975656952195"/>
            <maxpow number="0.8524975656952195"/>
            <fprob>0.0</fprob>
        </actor>
        <actor name="D0N37">
            <wcet number="0">70</wcet>
            <wcet number="1">70</wcet>
            <maxpow number="0.5709503459952432"/>
            <maxpow number="0.5709503459952432"/>
            <fprob>0.0</fprob>
        </actor>
        <actor name="D0N42">
            <wcet number="0">330</wcet>
            <wcet number="1">420</wcet>
            <maxpow number="0.5079294419167135"/>
            <maxpow number="0.5079294419167135"/>
            <fprob>0.0</fprob>
        </actor>
        <actor name="D0N2">
            <wcet number="0">40</wcet>
            <wcet number="1">250</wcet>
            <maxpow number="0.5132995852406599"/>
            <maxpow number="0.5132995852406599"/>
            <fprob>0.0</fprob>
        </actor>
        <actor name="D0N27">
            <wcet number="0">80</wcet>
            <wcet number="1">270</wcet>
            <maxpow number="0.36724930285371027"/>
            <maxpow number="0.36724930285371027"/>
            <fprob>0.0</fprob>
        </actor>
        <actor name="D0N33">
            <wcet number="0">40</wcet>
            <wcet number="1">190</wcet>
            <maxpow number="0.4332632966284823"/>
            <maxpow number="0.4332632966284823"/>
            <fprob>0.0</fprob>
        </actor>
        <actor name="D0N15">
            <wcet number="0">280</wcet>
            <wcet number="1">500</wcet>
            <maxpow number="0.7993157831648028"/>
            <maxpow number="0.7993157831648028"/>
            <fprob>0.0</fprob>
        </actor>
        <actor name="D0N16">
            <wcet number="0">90</wcet>
            <wcet number="1">120</wcet>
            <maxpow number="0.15063895150145407"/>
            <maxpow number="0.15063895150145407"/>
            <fprob>0.0</fprob>
        </actor>
        <ports>
            <port dstActor="D0N17" name="p0" srcActor="D0N1"/>
            <port dstActor="D0N24" name="p1" srcActor="D0N1"/>
            <port dstActor="D0N15" name="p2" srcActor="D0N1"/>
            <port dstActor="D0N23" name="p3" srcActor="D0N1"/>
            <port dstActor="D0N43" name="p4" srcActor="D0N13"/>
            <port dstActor="D0N25" name="p5" srcActor="D0N13"/>
            <port dstActor="D0N35" name="p6" srcActor="D0N13"/>
            <port dstActor="D0N28" name="p7" srcActor="D0N3"/>
            <port dstActor="D0N41" name="p8" srcActor="D0N3"/>
            <port dstActor="D0N11" name="p9" srcActor="D0N3"/>
            <port dstActor="D0N27" name="p10" srcActor="D0N3"/>
            <port dstActor="D0N29" name="p11" srcActor="D0N3"/>
            <port dstActor="D0N24" name="p12" srcActor="D0N3"/>
            <port dstActor="D0N10" name="p13" srcActor="D0N3"/>
            <port dstActor="D0N23" name="p14" srcActor="D0N3"/>
            <port dstActor="D0N6" name="p15" srcActor="D0N3"/>
            <port dstActor="D0N22" name="p16" srcActor="D0N20"/>
            <port dstActor="D0N37" name="p17" srcActor="D0N20"/>
            <port dstActor="D0N30" name="p18" srcActor="D0N7"/>
            <port dstActor="D0N19" name="p19" srcActor="D0N7"/>
            <port dstActor="D0N22" name="p20" srcActor="D0N7"/>
            <port dstActor="D0N26" name="p21" srcActor="D0N7"/>
            <port dstActor="D0N48" name="p22" srcActor="D0N45"/>
            <port dstActor="D0N20" name="p23" srcActor="D0N4"/>
            <port dstActor="D0N13" name="p24" srcActor="D0N4"/>
            <port dstActor="D0N29" name="p25" srcActor="D0N4"/>
            <port dstActor="D0N32" name="p26" srcActor="D0N22"/>
            <port dstActor="D0N21" name="p27" srcActor="D0N8"/>
            <port dstActor="D0N18" name="p28" srcActor="D0N8"/>
            <port dstActor="D0N20" name="p29" srcActor="D0N8"/>
            <port dstActor="D0N39" name="p30" srcActor="D0N8"/>
            <port dstActor="D0N46" name="p31" srcActor="D0N8"/>
            <port dstActor="D0N15" name="p32" srcActor="D0N8"/>
            <port dstActor="D0N47" name="p33" srcActor="D0N12"/>
            <port dstActor="D0N20" name="p34" srcActor="D0N12"/>
            <port dstActor="D0N26" name="p35" srcActor="D0N18"/>
            <port dstActor="D0N33" name="p36" srcActor="D0N18"/>
            <port dstActor="D0N22" name="p37" srcActor="D0N18"/>
            <port dstActor="D0N48" name="p38" srcActor="D0N30"/>
            <port dstActor="D0N17" name="p39" srcActor="D0N14"/>
            <port dstActor="D0N28" name="p40" srcActor="D0N14"/>
            <port dstActor="D0N15" name="p41" srcActor="D0N14"/>
            <port dstActor="D0N34" name="p42" srcActor="D0N14"/>
            <port dstActor="D0N21" name="p43" srcActor="D0N14"/>
            <port dstActor="D0N33" name="p44" srcActor="D0N14"/>
            <port dstActor="D0N39" name="p45" srcActor="D0N14"/>
            <port dstActor="D0N31" name="p46" srcActor="D0N21"/>
            <port dstActor="D0N46" name="p47" srcActor="D0N21"/>
            <port dstActor="D0N42" name="p48" srcActor="D0N17"/>
            <port dstActor="D0N36" name="p49" srcActor="D0N17"/>
            <port dstActor="D0N47" name="p50" srcActor="D0N17"/>
            <port dstActor="D0N48" name="p51" srcActor="D0N17"/>
            <port dstActor="D0N29" name="p52" srcActor="D0N28"/>
            <port dstActor="D0N35" name="p53" srcActor="D0N28"/>
            <port dstActor="D0N44" name="p54" srcActor="D0N6"/>
            <port dstActor="D0N11" name="p55" srcActor="D0N6"/>
            <port dstActor="D0N41" name="p56" srcActor="D0N6"/>
            <port dstActor="D0N46" name="p57" srcActor="D0N43"/>
            <port dstActor="D0N31" name="p58" srcActor="D0N26"/>
            <port dstActor="D0N37" name="p59" srcActor="D0N34"/>
            <port dstActor="D0N43" name="p60" srcActor="D0N34"/>
            <port dstActor="D0N49" name="p61" srcActor="D0N32"/>
            <port dstActor="D0N41" name="p62" srcActor="D0N39"/>
            <port dstActor="D0N44" name="p63" srcActor="D0N39"/>
            <port dstActor="D0N34" name="p64" srcActor="D0N5"/>
            <port dstActor="D0N44" name="p65" srcActor="D0N5"/>
            <port dstActor="D0N31" name="p66" srcActor="D0N5"/>
            <port dstActor="D0N33" name="p67" srcActor="D0N23"/>
            <port dstActor="D0N37" name="p68" srcActor="D0N23"/>
            <port dstActor="D0N44" name="p69" srcActor="D0N35"/>
            <port dstActor="D0N33" name="p70" srcActor="D0N24"/>
            <port dstActor="D0N38" name="p71" srcActor="D0N24"/>
            <port dstActor="D0N39" name="p72" srcActor="D0N24"/>
            <port dstActor="D0N43" name="p73" srcActor="D0N24"/>
            <port dstActor="D0N29" name="p74" srcActor="D0N24"/>
            <port dstActor="D0N21" name="p75" srcActor="D0N0"/>
            <port dstActor="D0N30" name="p76" srcActor="D0N0"/>
            <port dstActor="D0N41" name="p77" srcActor="D0N0"/>
            <port dstActor="D0N14" name="p78" srcActor="D0N9"/>
            <port dstActor="D0N19" name="p79" srcActor="D0N9"/>
            <port dstActor="D0N27" name="p80" srcActor="D0N9"/>
            <port dstActor="D0N48" name="p81" srcActor="D0N25"/>
            <port dstActor="D0N28" name="p82" srcActor="D0N25"/>
            <port dstActor="D0N38" name="p83" srcActor="D0N31"/>
            <port dstActor="D0N41" name="p84" srcActor="D0N31"/>
            <port dstActor="D0N35" name="p85" srcActor="D0N29"/>
            <port dstActor="D0N47" name="p86" srcActor="D0N19"/>
            <port dstActor="D0N23" name="p87" srcActor="D0N19"/>
            <port dstActor="D0N36" name="p88" srcActor="D0N10"/>
            <port dstActor="D0N46" name="p89" srcActor="D0N10"/>
            <port dstActor="D0N43" name="p90" srcActor="D0N10"/>
            <port dstActor="D0N31" name="p91" srcActor="D0N11"/>
            <port dstActor="D0N32" name="p92" srcActor="D0N11"/>
            <port dstActor="D0N28" name="p93" srcActor="D0N11"/>
            <port dstActor="D0N39" name="p94" srcActor="D0N36"/>
            <port dstActor="D0N44" name="p95" srcActor="D0N38"/>
            <port dstActor="D0N44" name="p96" srcActor="D0N37"/>
            <port dstActor="D0N11" name="p97" srcActor="D0N2"/>
            <port dstActor="D0N32" name="p98" srcActor="D0N2"/>
            <port dstActor="D0N45" name="p99" srcActor="D0N2"/>
            <port dstActor="D0N27" name="p100" srcActor="D0N2"/>
            <port dstActor="D0N12" name="p101" srcActor="D0N2"/>
            <port dstActor="D0N19" name="p102" srcActor="D0N2"/>
            <port dstActor="D0N47" name="p103" srcActor="D0N27"/>
            <port dstActor="D0N49" name="p104" srcActor="D0N27"/>
            <port dstActor="D0N44" name="p105" srcActor="D0N27"/>
            <port dstActor="D0N36" name="p106" srcActor="D0N33"/>
            <port dstActor="D0N35" name="p107" srcActor="D0N33"/>
            <port dstActor="D0N39" name="p108" srcActor="D0N33"/>
            <port dstActor="D0N47" name="p109" srcActor="D0N15"/>
            <port dstActor="D0N31" name="p110" srcActor="D0N15"/>
            <port dstActor="D0N42" name="p111" srcActor="D0N16"/>
            <port dstActor="D0N37" name="p112" srcActor="D0N16"/>
            <port dstActor="D0N32" name="p113" srcActor="D0N16"/>
            <port dstActor="D0N34" name="p114" srcActor="D0N16"/>
        </ports>
    </mcdag>
    <cores number="3"/>
    <levels number="2"/>
</mcsystem>
