<?xml version="1.0" encoding="UTF-8" standalone="no"?>
<mcsystem>
    <mcdag deadline="2000" name="genned-0-ed-10.0-0">
        <actor name="D0N28">
            <wcet number="0">10</wcet>
            <wcet number="1">10</wcet>
            <maxpow number="0.45166530506634783"/>
            <maxpow number="0.45166530506634783"/>
            <fprob>0.0</fprob>
        </actor>
        <actor name="D0N39">
            <wcet number="0">120</wcet>
            <wcet number="1">190</wcet>
            <maxpow number="0.2776688630956445"/>
            <maxpow number="0.2776688630956445"/>
            <fprob>0.0</fprob>
        </actor>
        <actor name="D0N31">
            <wcet number="0">30</wcet>
            <wcet number="1">40</wcet>
            <maxpow number="0.6851008091092413"/>
            <maxpow number="0.6851008091092413"/>
            <fprob>0.0</fprob>
        </actor>
        <actor name="D0N1">
            <wcet number="0">60</wcet>
            <wcet number="1">80</wcet>
            <maxpow number="0.4115344229584679"/>
            <maxpow number="0.4115344229584679"/>
            <fprob>0.0</fprob>
        </actor>
        <actor name="D0N37">
            <wcet number="0">30</wcet>
            <wcet number="1">50</wcet>
            <maxpow number="0.31945819153635235"/>
            <maxpow number="0.31945819153635235"/>
            <fprob>0.0</fprob>
        </actor>
        <actor name="D0N2">
            <wcet number="0">20</wcet>
            <wcet number="1">140</wcet>
            <maxpow number="0.5700875870278451"/>
            <maxpow number="0.5700875870278451"/>
            <fprob>0.0</fprob>
        </actor>
        <actor name="D0N29">
            <wcet number="0">40</wcet>
            <wcet number="1">40</wcet>
            <maxpow number="0.646185529926477"/>
            <maxpow number="0.646185529926477"/>
            <fprob>0.0</fprob>
        </actor>
        <actor name="D0N27">
            <wcet number="0">60</wcet>
            <wcet number="1">160</wcet>
            <maxpow number="0.5570177627807056"/>
            <maxpow number="0.5570177627807056"/>
            <fprob>0.0</fprob>
        </actor>
        <actor name="D0N12">
            <wcet number="0">10</wcet>
            <wcet number="1">20</wcet>
            <maxpow number="0.6411035174679999"/>
            <maxpow number="0.6411035174679999"/>
            <fprob>0.0</fprob>
        </actor>
        <actor name="D0N13">
            <wcet number="0">40</wcet>
            <wcet number="1">50</wcet>
            <maxpow number="0.5512496564204922"/>
            <maxpow number="0.5512496564204922"/>
            <fprob>0.0</fprob>
        </actor>
        <actor name="D0N23">
            <wcet number="0">20</wcet>
            <wcet number="1">30</wcet>
            <maxpow number="0.8343088599573815"/>
            <maxpow number="0.8343088599573815"/>
            <fprob>0.0</fprob>
        </actor>
        <actor name="D0N5">
            <wcet number="0">60</wcet>
            <wcet number="1">120</wcet>
            <maxpow number="0.37349943524687923"/>
            <maxpow number="0.37349943524687923"/>
            <fprob>0.0</fprob>
        </actor>
        <actor name="D0N46">
            <wcet number="0">200</wcet>
            <wcet number="1">210</wcet>
            <maxpow number="0.1632095459271682"/>
            <maxpow number="0.1632095459271682"/>
            <fprob>0.0</fprob>
        </actor>
        <actor name="D0N24">
            <wcet number="0">40</wcet>
            <wcet number="1">110</wcet>
            <maxpow number="0.6344699869953225"/>
            <maxpow number="0.6344699869953225"/>
            <fprob>0.0</fprob>
        </actor>
        <actor name="D0N11">
            <wcet number="0">10</wcet>
            <wcet number="1">160</wcet>
            <maxpow number="0.6797255300086362"/>
            <maxpow number="0.6797255300086362"/>
            <fprob>0.0</fprob>
        </actor>
        <actor name="D0N20">
            <wcet number="0">80</wcet>
            <wcet number="1">80</wcet>
            <maxpow number="0.5365275240502783"/>
            <maxpow number="0.5365275240502783"/>
            <fprob>0.0</fprob>
        </actor>
        <actor name="D0N40">
            <wcet number="0">20</wcet>
            <wcet number="1">40</wcet>
            <maxpow number="0.687160744040084"/>
            <maxpow number="0.687160744040084"/>
            <fprob>0.0</fprob>
        </actor>
        <actor name="D0N21">
            <wcet number="0">70</wcet>
            <wcet number="1">70</wcet>
            <maxpow number="0.7030447380130069"/>
            <maxpow number="0.7030447380130069"/>
            <fprob>0.0</fprob>
        </actor>
        <actor name="D0N0">
            <wcet number="0">10</wcet>
            <wcet number="1">80</wcet>
            <maxpow number="0.6963334989266219"/>
            <maxpow number="0.6963334989266219"/>
            <fprob>0.0</fprob>
        </actor>
        <actor name="D0N4">
            <wcet number="0">30</wcet>
            <wcet number="1">100</wcet>
            <maxpow number="0.49785008883406445"/>
            <maxpow number="0.49785008883406445"/>
            <fprob>0.0</fprob>
        </actor>
        <actor name="D0N38">
            <wcet number="0">50</wcet>
            <wcet number="1">90</wcet>
            <maxpow number="0.9148322805014071"/>
            <maxpow number="0.9148322805014071"/>
            <fprob>0.0</fprob>
        </actor>
        <actor name="D0N32">
            <wcet number="0">10</wcet>
            <wcet number="1">200</wcet>
            <maxpow number="0.496974219459272"/>
            <maxpow number="0.496974219459272"/>
            <fprob>0.0</fprob>
        </actor>
        <actor name="D0N18">
            <wcet number="0">10</wcet>
            <wcet number="1">110</wcet>
            <maxpow number="0.1541397340898074"/>
            <maxpow number="0.1541397340898074"/>
            <fprob>0.0</fprob>
        </actor>
        <actor name="D0N19">
            <wcet number="0">280</wcet>
            <wcet number="1">290</wcet>
            <maxpow number="0.35669831909866634"/>
            <maxpow number="0.35669831909866634"/>
            <fprob>0.0</fprob>
        </actor>
        <actor name="D0N45">
            <wcet number="0">110</wcet>
            <wcet number="1">250</wcet>
            <maxpow number="0.5180683857551074"/>
            <maxpow number="0.5180683857551074"/>
            <fprob>0.0</fprob>
        </actor>
        <actor name="D0N15">
            <wcet number="0">60</wcet>
            <wcet number="1">60</wcet>
            <maxpow number="0.5216338265926789"/>
            <maxpow number="0.5216338265926789"/>
            <fprob>0.0</fprob>
        </actor>
        <actor name="D0N44">
            <wcet number="0">20</wcet>
            <wcet number="1">30</wcet>
            <maxpow number="0.274038387494082"/>
            <maxpow number="0.274038387494082"/>
            <fprob>0.0</fprob>
        </actor>
        <actor name="D0N34">
            <wcet number="0">50</wcet>
            <wcet number="1">170</wcet>
            <maxpow number="0.46414185549284426"/>
            <maxpow number="0.46414185549284426"/>
            <fprob>0.0</fprob>
        </actor>
        <actor name="D0N10">
            <wcet number="0">10</wcet>
            <wcet number="1">20</wcet>
            <maxpow number="0.2279895172263029"/>
            <maxpow number="0.2279895172263029"/>
            <fprob>0.0</fprob>
        </actor>
        <actor name="D0N16">
            <wcet number="0">10</wcet>
            <wcet number="1">30</wcet>
            <maxpow number="0.23687616134251616"/>
            <maxpow number="0.23687616134251616"/>
            <fprob>0.0</fprob>
        </actor>
        <actor name="D0N8">
            <wcet number="0">30</wcet>
            <wcet number="1">230</wcet>
            <maxpow number="0.604549434720245"/>
            <maxpow number="0.604549434720245"/>
            <fprob>0.0</fprob>
        </actor>
        <actor name="D0N22">
            <wcet number="0">10</wcet>
            <wcet number="1">20</wcet>
            <maxpow number="0.7742215705725841"/>
            <maxpow number="0.7742215705725841"/>
            <fprob>0.0</fprob>
        </actor>
        <actor name="D0N17">
            <wcet number="0">20</wcet>
            <wcet number="1">40</wcet>
            <maxpow number="0.6859286596401808"/>
            <maxpow number="0.6859286596401808"/>
            <fprob>0.0</fprob>
        </actor>
        <actor name="D0N33">
            <wcet number="0">80</wcet>
            <wcet number="1">80</wcet>
            <maxpow number="0.4160626183286407"/>
            <maxpow number="0.4160626183286407"/>
            <fprob>0.0</fprob>
        </actor>
        <actor name="D0N25">
            <wcet number="0">10</wcet>
            <wcet number="1">30</wcet>
            <maxpow number="0.5584704396649841"/>
            <maxpow number="0.5584704396649841"/>
            <fprob>0.0</fprob>
        </actor>
        <actor name="D0N9">
            <wcet number="0">20</wcet>
            <wcet number="1">60</wcet>
            <maxpow number="0.7425802037205407"/>
            <maxpow number="0.7425802037205407"/>
            <fprob>0.0</fprob>
        </actor>
        <actor name="D0N47">
            <wcet number="0">70</wcet>
            <wcet number="1">80</wcet>
            <maxpow number="0.5865312345841861"/>
            <maxpow number="0.5865312345841861"/>
            <fprob>0.0</fprob>
        </actor>
        <actor name="D0N41">
            <wcet number="0">40</wcet>
            <wcet number="1">60</wcet>
            <maxpow number="0.777196918649138"/>
            <maxpow number="0.777196918649138"/>
            <fprob>0.0</fprob>
        </actor>
        <actor name="D0N42">
            <wcet number="0">60</wcet>
            <wcet number="1">90</wcet>
            <maxpow number="0.5109784709340933"/>
            <maxpow number="0.5109784709340933"/>
            <fprob>0.0</fprob>
        </actor>
        <actor name="D0N7">
            <wcet number="0">180</wcet>
            <wcet number="1">200</wcet>
            <maxpow number="0.69528974137122"/>
            <maxpow number="0.69528974137122"/>
            <fprob>0.0</fprob>
        </actor>
        <actor name="D0N35">
            <wcet number="0">100</wcet>
            <wcet number="1">140</wcet>
            <maxpow number="0.4538391021732239"/>
            <maxpow number="0.4538391021732239"/>
            <fprob>0.0</fprob>
        </actor>
        <actor name="D0N26">
            <wcet number="0">30</wcet>
            <wcet number="1">40</wcet>
            <maxpow number="0.5782133488272543"/>
            <maxpow number="0.5782133488272543"/>
            <fprob>0.0</fprob>
        </actor>
        <actor name="D0N3">
            <wcet number="0">30</wcet>
            <wcet number="1">40</wcet>
            <maxpow number="0.3818901323640034"/>
            <maxpow number="0.3818901323640034"/>
            <fprob>0.0</fprob>
        </actor>
        <actor name="D0N30">
            <wcet number="0">10</wcet>
            <wcet number="1">20</wcet>
            <maxpow number="0.6215144527025556"/>
            <maxpow number="0.6215144527025556"/>
            <fprob>0.0</fprob>
        </actor>
        <actor name="D0N36">
            <wcet number="0">50</wcet>
            <wcet number="1">100</wcet>
            <maxpow number="0.2519073168250228"/>
            <maxpow number="0.2519073168250228"/>
            <fprob>0.0</fprob>
        </actor>
        <actor name="D0N43">
            <wcet number="0">240</wcet>
            <wcet number="1">250</wcet>
            <maxpow number="0.374346460525491"/>
            <maxpow number="0.374346460525491"/>
            <fprob>0.0</fprob>
        </actor>
        <actor name="D0N14">
            <wcet number="0">40</wcet>
            <wcet number="1">50</wcet>
            <maxpow number="0.4229254677967047"/>
            <maxpow number="0.4229254677967047"/>
            <fprob>0.0</fprob>
        </actor>
        <actor name="D0N6">
            <wcet number="0">30</wcet>
            <wcet number="1">40</wcet>
            <maxpow number="0.3071522992229591"/>
            <maxpow number="0.3071522992229591"/>
            <fprob>0.0</fprob>
        </actor>
        <ports>
            <port dstActor="D0N31" name="p0" srcActor="D0N28"/>
            <port dstActor="D0N36" name="p1" srcActor="D0N28"/>
            <port dstActor="D0N45" name="p2" srcActor="D0N28"/>
            <port dstActor="D0N32" name="p3" srcActor="D0N31"/>
            <port dstActor="D0N27" name="p4" srcActor="D0N1"/>
            <port dstActor="D0N14" name="p5" srcActor="D0N1"/>
            <port dstActor="D0N46" name="p6" srcActor="D0N37"/>
            <port dstActor="D0N25" name="p7" srcActor="D0N2"/>
            <port dstActor="D0N31" name="p8" srcActor="D0N2"/>
            <port dstActor="D0N13" name="p9" srcActor="D0N2"/>
            <port dstActor="D0N6" name="p10" srcActor="D0N2"/>
            <port dstActor="D0N35" name="p11" srcActor="D0N2"/>
            <port dstActor="D0N18" name="p12" srcActor="D0N2"/>
            <port dstActor="D0N38" name="p13" srcActor="D0N2"/>
            <port dstActor="D0N37" name="p14" srcActor="D0N29"/>
            <port dstActor="D0N46" name="p15" srcActor="D0N29"/>
            <port dstActor="D0N43" name="p16" srcActor="D0N27"/>
            <port dstActor="D0N44" name="p17" srcActor="D0N27"/>
            <port dstActor="D0N27" name="p18" srcActor="D0N12"/>
            <port dstActor="D0N30" name="p19" srcActor="D0N12"/>
            <port dstActor="D0N14" name="p20" srcActor="D0N12"/>
            <port dstActor="D0N42" name="p21" srcActor="D0N12"/>
            <port dstActor="D0N43" name="p22" srcActor="D0N12"/>
            <port dstActor="D0N24" name="p23" srcActor="D0N13"/>
            <port dstActor="D0N37" name="p24" srcActor="D0N13"/>
            <port dstActor="D0N41" name="p25" srcActor="D0N23"/>
            <port dstActor="D0N32" name="p26" srcActor="D0N23"/>
            <port dstActor="D0N47" name="p27" srcActor="D0N23"/>
            <port dstActor="D0N37" name="p28" srcActor="D0N5"/>
            <port dstActor="D0N14" name="p29" srcActor="D0N5"/>
            <port dstActor="D0N36" name="p30" srcActor="D0N5"/>
            <port dstActor="D0N33" name="p31" srcActor="D0N24"/>
            <port dstActor="D0N37" name="p32" srcActor="D0N24"/>
            <port dstActor="D0N16" name="p33" srcActor="D0N11"/>
            <port dstActor="D0N21" name="p34" srcActor="D0N11"/>
            <port dstActor="D0N36" name="p35" srcActor="D0N11"/>
            <port dstActor="D0N15" name="p36" srcActor="D0N11"/>
            <port dstActor="D0N39" name="p37" srcActor="D0N20"/>
            <port dstActor="D0N30" name="p38" srcActor="D0N20"/>
            <port dstActor="D0N45" name="p39" srcActor="D0N20"/>
            <port dstActor="D0N26" name="p40" srcActor="D0N21"/>
            <port dstActor="D0N37" name="p41" srcActor="D0N0"/>
            <port dstActor="D0N19" name="p42" srcActor="D0N0"/>
            <port dstActor="D0N2" name="p43" srcActor="D0N0"/>
            <port dstActor="D0N21" name="p44" srcActor="D0N0"/>
            <port dstActor="D0N45" name="p45" srcActor="D0N0"/>
            <port dstActor="D0N18" name="p46" srcActor="D0N0"/>
            <port dstActor="D0N47" name="p47" srcActor="D0N4"/>
            <port dstActor="D0N23" name="p48" srcActor="D0N4"/>
            <port dstActor="D0N24" name="p49" srcActor="D0N4"/>
            <port dstActor="D0N11" name="p50" srcActor="D0N4"/>
            <port dstActor="D0N36" name="p51" srcActor="D0N4"/>
            <port dstActor="D0N39" name="p52" srcActor="D0N38"/>
            <port dstActor="D0N42" name="p53" srcActor="D0N32"/>
            <port dstActor="D0N37" name="p54" srcActor="D0N18"/>
            <port dstActor="D0N25" name="p55" srcActor="D0N18"/>
            <port dstActor="D0N35" name="p56" srcActor="D0N18"/>
            <port dstActor="D0N44" name="p57" srcActor="D0N18"/>
            <port dstActor="D0N33" name="p58" srcActor="D0N19"/>
            <port dstActor="D0N44" name="p59" srcActor="D0N19"/>
            <port dstActor="D0N25" name="p60" srcActor="D0N19"/>
            <port dstActor="D0N41" name="p61" srcActor="D0N19"/>
            <port dstActor="D0N46" name="p62" srcActor="D0N45"/>
            <port dstActor="D0N47" name="p63" srcActor="D0N45"/>
            <port dstActor="D0N34" name="p64" srcActor="D0N15"/>
            <port dstActor="D0N27" name="p65" srcActor="D0N15"/>
            <port dstActor="D0N45" name="p66" srcActor="D0N44"/>
            <port dstActor="D0N43" name="p67" srcActor="D0N34"/>
            <port dstActor="D0N25" name="p68" srcActor="D0N10"/>
            <port dstActor="D0N27" name="p69" srcActor="D0N16"/>
            <port dstActor="D0N36" name="p70" srcActor="D0N16"/>
            <port dstActor="D0N37" name="p71" srcActor="D0N16"/>
            <port dstActor="D0N25" name="p72" srcActor="D0N8"/>
            <port dstActor="D0N19" name="p73" srcActor="D0N8"/>
            <port dstActor="D0N22" name="p74" srcActor="D0N8"/>
            <port dstActor="D0N39" name="p75" srcActor="D0N22"/>
            <port dstActor="D0N43" name="p76" srcActor="D0N22"/>
            <port dstActor="D0N32" name="p77" srcActor="D0N22"/>
            <port dstActor="D0N34" name="p78" srcActor="D0N33"/>
            <port dstActor="D0N41" name="p79" srcActor="D0N25"/>
            <port dstActor="D0N11" name="p80" srcActor="D0N9"/>
            <port dstActor="D0N19" name="p81" srcActor="D0N9"/>
            <port dstActor="D0N32" name="p82" srcActor="D0N9"/>
            <port dstActor="D0N28" name="p83" srcActor="D0N7"/>
            <port dstActor="D0N41" name="p84" srcActor="D0N7"/>
            <port dstActor="D0N39" name="p85" srcActor="D0N7"/>
            <port dstActor="D0N39" name="p86" srcActor="D0N35"/>
            <port dstActor="D0N45" name="p87" srcActor="D0N35"/>
            <port dstActor="D0N39" name="p88" srcActor="D0N26"/>
            <port dstActor="D0N46" name="p89" srcActor="D0N26"/>
            <port dstActor="D0N37" name="p90" srcActor="D0N26"/>
            <port dstActor="D0N26" name="p91" srcActor="D0N3"/>
            <port dstActor="D0N14" name="p92" srcActor="D0N3"/>
            <port dstActor="D0N25" name="p93" srcActor="D0N3"/>
            <port dstActor="D0N46" name="p94" srcActor="D0N3"/>
            <port dstActor="D0N42" name="p95" srcActor="D0N30"/>
            <port dstActor="D0N37" name="p96" srcActor="D0N36"/>
            <port dstActor="D0N44" name="p97" srcActor="D0N43"/>
            <port dstActor="D0N46" name="p98" srcActor="D0N43"/>
            <port dstActor="D0N22" name="p99" srcActor="D0N14"/>
            <port dstActor="D0N24" name="p100" srcActor="D0N14"/>
            <port dstActor="D0N34" name="p101" srcActor="D0N14"/>
            <port dstActor="D0N46" name="p102" srcActor="D0N6"/>
            <port dstActor="D0N35" name="p103" srcActor="D0N6"/>
        </ports>
    </mcdag>
    <cores number="3"/>
    <levels number="2"/>
</mcsystem>
