<?xml version="1.0" encoding="UTF-8" standalone="no"?>
<mcsystem>
    <mcdag deadline="1200" name="genned-0-ed-10.0-0">
        <actor name="D0N31">
            <wcet number="0">10</wcet>
            <wcet number="1">10</wcet>
            <maxpow number="0.6784906133718333"/>
            <maxpow number="0.6784906133718333"/>
            <fprob>0.0</fprob>
        </actor>
        <actor name="D0N26">
            <wcet number="0">10</wcet>
            <wcet number="1">10</wcet>
            <maxpow number="0.6995975636238546"/>
            <maxpow number="0.6995975636238546"/>
            <fprob>0.0</fprob>
        </actor>
        <actor name="D0N33">
            <wcet number="0">20</wcet>
            <wcet number="1">20</wcet>
            <maxpow number="0.23553157891317705"/>
            <maxpow number="0.23553157891317705"/>
            <fprob>0.0</fprob>
        </actor>
        <actor name="D0N5">
            <wcet number="0">30</wcet>
            <wcet number="1">50</wcet>
            <maxpow number="0.6081639439795226"/>
            <maxpow number="0.6081639439795226"/>
            <fprob>0.0</fprob>
        </actor>
        <actor name="D0N45">
            <wcet number="0">100</wcet>
            <wcet number="1">130</wcet>
            <maxpow number="0.4809724636995773"/>
            <maxpow number="0.4809724636995773"/>
            <fprob>0.0</fprob>
        </actor>
        <actor name="D0N39">
            <wcet number="0">30</wcet>
            <wcet number="1">70</wcet>
            <maxpow number="0.4973230342412366"/>
            <maxpow number="0.4973230342412366"/>
            <fprob>0.0</fprob>
        </actor>
        <actor name="D0N9">
            <wcet number="0">110</wcet>
            <wcet number="1">150</wcet>
            <maxpow number="0.7582684269620188"/>
            <maxpow number="0.7582684269620188"/>
            <fprob>0.0</fprob>
        </actor>
        <actor name="D0N19">
            <wcet number="0">20</wcet>
            <wcet number="1">70</wcet>
            <maxpow number="0.6202672745270428"/>
            <maxpow number="0.6202672745270428"/>
            <fprob>0.0</fprob>
        </actor>
        <actor name="D0N10">
            <wcet number="0">60</wcet>
            <wcet number="1">60</wcet>
            <maxpow number="0.31976350241691487"/>
            <maxpow number="0.31976350241691487"/>
            <fprob>0.0</fprob>
        </actor>
        <actor name="D0N25">
            <wcet number="0">10</wcet>
            <wcet number="1">20</wcet>
            <maxpow number="0.6868483171925337"/>
            <maxpow number="0.6868483171925337"/>
            <fprob>0.0</fprob>
        </actor>
        <actor name="D0N32">
            <wcet number="0">10</wcet>
            <wcet number="1">50</wcet>
            <maxpow number="0.7261360795620609"/>
            <maxpow number="0.7261360795620609"/>
            <fprob>0.0</fprob>
        </actor>
        <actor name="D0N17">
            <wcet number="0">10</wcet>
            <wcet number="1">10</wcet>
            <maxpow number="0.8336413770088363"/>
            <maxpow number="0.8336413770088363"/>
            <fprob>0.0</fprob>
        </actor>
        <actor name="D0N43">
            <wcet number="0">10</wcet>
            <wcet number="1">30</wcet>
            <maxpow number="0.8712058040332404"/>
            <maxpow number="0.8712058040332404"/>
            <fprob>0.0</fprob>
        </actor>
        <actor name="D0N23">
            <wcet number="0">30</wcet>
            <wcet number="1">30</wcet>
            <maxpow number="0.7919930631514134"/>
            <maxpow number="0.7919930631514134"/>
            <fprob>0.0</fprob>
        </actor>
        <actor name="D0N35">
            <wcet number="0">10</wcet>
            <wcet number="1">10</wcet>
            <maxpow number="0.6179104620655911"/>
            <maxpow number="0.6179104620655911"/>
            <fprob>0.0</fprob>
        </actor>
        <actor name="D0N30">
            <wcet number="0">10</wcet>
            <wcet number="1">20</wcet>
            <maxpow number="0.5724009518196255"/>
            <maxpow number="0.5724009518196255"/>
            <fprob>0.0</fprob>
        </actor>
        <actor name="D0N2">
            <wcet number="0">50</wcet>
            <wcet number="1">140</wcet>
            <maxpow number="0.33420572237178514"/>
            <maxpow number="0.33420572237178514"/>
            <fprob>0.0</fprob>
        </actor>
        <actor name="D0N34">
            <wcet number="0">20</wcet>
            <wcet number="1">30</wcet>
            <maxpow number="0.8551766281307329"/>
            <maxpow number="0.8551766281307329"/>
            <fprob>0.0</fprob>
        </actor>
        <actor name="D0N0">
            <wcet number="0">180</wcet>
            <wcet number="1">180</wcet>
            <maxpow number="0.5045021199785313"/>
            <maxpow number="0.5045021199785313"/>
            <fprob>0.0</fprob>
        </actor>
        <actor name="D0N6">
            <wcet number="0">20</wcet>
            <wcet number="1">90</wcet>
            <maxpow number="0.13485757564250317"/>
            <maxpow number="0.13485757564250317"/>
            <fprob>0.0</fprob>
        </actor>
        <actor name="D0N42">
            <wcet number="0">10</wcet>
            <wcet number="1">80</wcet>
            <maxpow number="0.2729855659086238"/>
            <maxpow number="0.2729855659086238"/>
            <fprob>0.0</fprob>
        </actor>
        <actor name="D0N21">
            <wcet number="0">30</wcet>
            <wcet number="1">50</wcet>
            <maxpow number="0.28616320253629957"/>
            <maxpow number="0.28616320253629957"/>
            <fprob>0.0</fprob>
        </actor>
        <actor name="D0N40">
            <wcet number="0">30</wcet>
            <wcet number="1">200</wcet>
            <maxpow number="0.4303780734277156"/>
            <maxpow number="0.4303780734277156"/>
            <fprob>0.0</fprob>
        </actor>
        <actor name="D0N13">
            <wcet number="0">20</wcet>
            <wcet number="1">30</wcet>
            <maxpow number="0.752297407377371"/>
            <maxpow number="0.752297407377371"/>
            <fprob>0.0</fprob>
        </actor>
        <actor name="D0N44">
            <wcet number="0">80</wcet>
            <wcet number="1">90</wcet>
            <maxpow number="0.38101280096587387"/>
            <maxpow number="0.38101280096587387"/>
            <fprob>0.0</fprob>
        </actor>
        <actor name="D0N16">
            <wcet number="0">10</wcet>
            <wcet number="1">100</wcet>
            <maxpow number="0.5115139715149527"/>
            <maxpow number="0.5115139715149527"/>
            <fprob>0.0</fprob>
        </actor>
        <actor name="D0N38">
            <wcet number="0">50</wcet>
            <wcet number="1">50</wcet>
            <maxpow number="0.6508299280314782"/>
            <maxpow number="0.6508299280314782"/>
            <fprob>0.0</fprob>
        </actor>
        <actor name="D0N4">
            <wcet number="0">10</wcet>
            <wcet number="1">30</wcet>
            <maxpow number="0.41998944115124764"/>
            <maxpow number="0.41998944115124764"/>
            <fprob>0.0</fprob>
        </actor>
        <actor name="D0N22">
            <wcet number="0">10</wcet>
            <wcet number="1">10</wcet>
            <maxpow number="0.334712587987264"/>
            <maxpow number="0.334712587987264"/>
            <fprob>0.0</fprob>
        </actor>
        <actor name="D0N11">
            <wcet number="0">70</wcet>
            <wcet number="1">110</wcet>
            <maxpow number="0.5547633656328884"/>
            <maxpow number="0.5547633656328884"/>
            <fprob>0.0</fprob>
        </actor>
        <actor name="D0N20">
            <wcet number="0">40</wcet>
            <wcet number="1">100</wcet>
            <maxpow number="0.591372765008888"/>
            <maxpow number="0.591372765008888"/>
            <fprob>0.0</fprob>
        </actor>
        <actor name="D0N8">
            <wcet number="0">50</wcet>
            <wcet number="1">60</wcet>
            <maxpow number="0.7303115883267214"/>
            <maxpow number="0.7303115883267214"/>
            <fprob>0.0</fprob>
        </actor>
        <actor name="D0N12">
            <wcet number="0">10</wcet>
            <wcet number="1">10</wcet>
            <maxpow number="0.44503074629601513"/>
            <maxpow number="0.44503074629601513"/>
            <fprob>0.0</fprob>
        </actor>
        <actor name="D0N24">
            <wcet number="0">60</wcet>
            <wcet number="1">100</wcet>
            <maxpow number="0.314837283553997"/>
            <maxpow number="0.314837283553997"/>
            <fprob>0.0</fprob>
        </actor>
        <actor name="D0N36">
            <wcet number="0">10</wcet>
            <wcet number="1">20</wcet>
            <maxpow number="0.559535036094747"/>
            <maxpow number="0.559535036094747"/>
            <fprob>0.0</fprob>
        </actor>
        <actor name="D0N1">
            <wcet number="0">10</wcet>
            <wcet number="1">10</wcet>
            <maxpow number="0.22602026580161172"/>
            <maxpow number="0.22602026580161172"/>
            <fprob>0.0</fprob>
        </actor>
        <actor name="D0N7">
            <wcet number="0">10</wcet>
            <wcet number="1">10</wcet>
            <maxpow number="0.44790147808507835"/>
            <maxpow number="0.44790147808507835"/>
            <fprob>0.0</fprob>
        </actor>
        <actor name="D0N3">
            <wcet number="0">40</wcet>
            <wcet number="1">40</wcet>
            <maxpow number="0.7813442366423763"/>
            <maxpow number="0.7813442366423763"/>
            <fprob>0.0</fprob>
        </actor>
        <actor name="D0N28">
            <wcet number="0">10</wcet>
            <wcet number="1">210</wcet>
            <maxpow number="0.7224452273374578"/>
            <maxpow number="0.7224452273374578"/>
            <fprob>0.0</fprob>
        </actor>
        <actor name="D0N29">
            <wcet number="0">30</wcet>
            <wcet number="1">60</wcet>
            <maxpow number="0.5782123113366135"/>
            <maxpow number="0.5782123113366135"/>
            <fprob>0.0</fprob>
        </actor>
        <actor name="D0N41">
            <wcet number="0">10</wcet>
            <wcet number="1">20</wcet>
            <maxpow number="0.6920945965723204"/>
            <maxpow number="0.6920945965723204"/>
            <fprob>0.0</fprob>
        </actor>
        <actor name="D0N37">
            <wcet number="0">20</wcet>
            <wcet number="1">20</wcet>
            <maxpow number="0.32385651321435643"/>
            <maxpow number="0.32385651321435643"/>
            <fprob>0.0</fprob>
        </actor>
        <actor name="D0N14">
            <wcet number="0">110</wcet>
            <wcet number="1">120</wcet>
            <maxpow number="0.1709066084541832"/>
            <maxpow number="0.1709066084541832"/>
            <fprob>0.0</fprob>
        </actor>
        <actor name="D0N18">
            <wcet number="0">10</wcet>
            <wcet number="1">10</wcet>
            <maxpow number="0.2580538090508603"/>
            <maxpow number="0.2580538090508603"/>
            <fprob>0.0</fprob>
        </actor>
        <actor name="D0N15">
            <wcet number="0">30</wcet>
            <wcet number="1">30</wcet>
            <maxpow number="0.2062938903636477"/>
            <maxpow number="0.2062938903636477"/>
            <fprob>0.0</fprob>
        </actor>
        <actor name="D0N27">
            <wcet number="0">100</wcet>
            <wcet number="1">130</wcet>
            <maxpow number="0.2997878457728386"/>
            <maxpow number="0.2997878457728386"/>
            <fprob>0.0</fprob>
        </actor>
        <ports>
            <port dstActor="D0N37" name="p0" srcActor="D0N31"/>
            <port dstActor="D0N27" name="p1" srcActor="D0N26"/>
            <port dstActor="D0N32" name="p2" srcActor="D0N26"/>
            <port dstActor="D0N38" name="p3" srcActor="D0N33"/>
            <port dstActor="D0N21" name="p4" srcActor="D0N5"/>
            <port dstActor="D0N6" name="p5" srcActor="D0N5"/>
            <port dstActor="D0N28" name="p6" srcActor="D0N5"/>
            <port dstActor="D0N13" name="p7" srcActor="D0N5"/>
            <port dstActor="D0N25" name="p8" srcActor="D0N5"/>
            <port dstActor="D0N16" name="p9" srcActor="D0N9"/>
            <port dstActor="D0N36" name="p10" srcActor="D0N9"/>
            <port dstActor="D0N35" name="p11" srcActor="D0N9"/>
            <port dstActor="D0N25" name="p12" srcActor="D0N19"/>
            <port dstActor="D0N24" name="p13" srcActor="D0N19"/>
            <port dstActor="D0N44" name="p14" srcActor="D0N19"/>
            <port dstActor="D0N20" name="p15" srcActor="D0N19"/>
            <port dstActor="D0N22" name="p16" srcActor="D0N19"/>
            <port dstActor="D0N35" name="p17" srcActor="D0N10"/>
            <port dstActor="D0N36" name="p18" srcActor="D0N10"/>
            <port dstActor="D0N29" name="p19" srcActor="D0N25"/>
            <port dstActor="D0N28" name="p20" srcActor="D0N25"/>
            <port dstActor="D0N44" name="p21" srcActor="D0N32"/>
            <port dstActor="D0N35" name="p22" srcActor="D0N32"/>
            <port dstActor="D0N41" name="p23" srcActor="D0N17"/>
            <port dstActor="D0N37" name="p24" srcActor="D0N17"/>
            <port dstActor="D0N44" name="p25" srcActor="D0N43"/>
            <port dstActor="D0N34" name="p26" srcActor="D0N23"/>
            <port dstActor="D0N39" name="p27" srcActor="D0N23"/>
            <port dstActor="D0N31" name="p28" srcActor="D0N23"/>
            <port dstActor="D0N45" name="p29" srcActor="D0N23"/>
            <port dstActor="D0N35" name="p30" srcActor="D0N23"/>
            <port dstActor="D0N29" name="p31" srcActor="D0N23"/>
            <port dstActor="D0N37" name="p32" srcActor="D0N23"/>
            <port dstActor="D0N39" name="p33" srcActor="D0N35"/>
            <port dstActor="D0N44" name="p34" srcActor="D0N30"/>
            <port dstActor="D0N34" name="p35" srcActor="D0N30"/>
            <port dstActor="D0N22" name="p36" srcActor="D0N2"/>
            <port dstActor="D0N27" name="p37" srcActor="D0N2"/>
            <port dstActor="D0N9" name="p38" srcActor="D0N2"/>
            <port dstActor="D0N43" name="p39" srcActor="D0N2"/>
            <port dstActor="D0N36" name="p40" srcActor="D0N34"/>
            <port dstActor="D0N27" name="p41" srcActor="D0N0"/>
            <port dstActor="D0N44" name="p42" srcActor="D0N6"/>
            <port dstActor="D0N34" name="p43" srcActor="D0N6"/>
            <port dstActor="D0N30" name="p44" srcActor="D0N6"/>
            <port dstActor="D0N22" name="p45" srcActor="D0N21"/>
            <port dstActor="D0N26" name="p46" srcActor="D0N21"/>
            <port dstActor="D0N29" name="p47" srcActor="D0N21"/>
            <port dstActor="D0N38" name="p48" srcActor="D0N21"/>
            <port dstActor="D0N41" name="p49" srcActor="D0N40"/>
            <port dstActor="D0N16" name="p50" srcActor="D0N13"/>
            <port dstActor="D0N32" name="p51" srcActor="D0N13"/>
            <port dstActor="D0N41" name="p52" srcActor="D0N13"/>
            <port dstActor="D0N14" name="p53" srcActor="D0N13"/>
            <port dstActor="D0N17" name="p54" srcActor="D0N16"/>
            <port dstActor="D0N43" name="p55" srcActor="D0N16"/>
            <port dstActor="D0N26" name="p56" srcActor="D0N16"/>
            <port dstActor="D0N16" name="p57" srcActor="D0N4"/>
            <port dstActor="D0N45" name="p58" srcActor="D0N4"/>
            <port dstActor="D0N43" name="p59" srcActor="D0N4"/>
            <port dstActor="D0N39" name="p60" srcActor="D0N4"/>
            <port dstActor="D0N33" name="p61" srcActor="D0N4"/>
            <port dstActor="D0N38" name="p62" srcActor="D0N4"/>
            <port dstActor="D0N40" name="p63" srcActor="D0N4"/>
            <port dstActor="D0N19" name="p64" srcActor="D0N4"/>
            <port dstActor="D0N23" name="p65" srcActor="D0N4"/>
            <port dstActor="D0N40" name="p66" srcActor="D0N22"/>
            <port dstActor="D0N33" name="p67" srcActor="D0N22"/>
            <port dstActor="D0N24" name="p68" srcActor="D0N22"/>
            <port dstActor="D0N32" name="p69" srcActor="D0N11"/>
            <port dstActor="D0N27" name="p70" srcActor="D0N11"/>
            <port dstActor="D0N33" name="p71" srcActor="D0N11"/>
            <port dstActor="D0N33" name="p72" srcActor="D0N20"/>
            <port dstActor="D0N23" name="p73" srcActor="D0N20"/>
            <port dstActor="D0N45" name="p74" srcActor="D0N20"/>
            <port dstActor="D0N15" name="p75" srcActor="D0N8"/>
            <port dstActor="D0N18" name="p76" srcActor="D0N8"/>
            <port dstActor="D0N40" name="p77" srcActor="D0N8"/>
            <port dstActor="D0N25" name="p78" srcActor="D0N8"/>
            <port dstActor="D0N11" name="p79" srcActor="D0N8"/>
            <port dstActor="D0N19" name="p80" srcActor="D0N8"/>
            <port dstActor="D0N20" name="p81" srcActor="D0N8"/>
            <port dstActor="D0N23" name="p82" srcActor="D0N8"/>
            <port dstActor="D0N22" name="p83" srcActor="D0N12"/>
            <port dstActor="D0N43" name="p84" srcActor="D0N12"/>
            <port dstActor="D0N42" name="p85" srcActor="D0N12"/>
            <port dstActor="D0N20" name="p86" srcActor="D0N12"/>
            <port dstActor="D0N30" name="p87" srcActor="D0N24"/>
            <port dstActor="D0N34" name="p88" srcActor="D0N24"/>
            <port dstActor="D0N32" name="p89" srcActor="D0N24"/>
            <port dstActor="D0N40" name="p90" srcActor="D0N36"/>
            <port dstActor="D0N41" name="p91" srcActor="D0N1"/>
            <port dstActor="D0N39" name="p92" srcActor="D0N1"/>
            <port dstActor="D0N6" name="p93" srcActor="D0N1"/>
            <port dstActor="D0N10" name="p94" srcActor="D0N1"/>
            <port dstActor="D0N29" name="p95" srcActor="D0N7"/>
            <port dstActor="D0N30" name="p96" srcActor="D0N7"/>
            <port dstActor="D0N18" name="p97" srcActor="D0N7"/>
            <port dstActor="D0N11" name="p98" srcActor="D0N3"/>
            <port dstActor="D0N20" name="p99" srcActor="D0N3"/>
            <port dstActor="D0N15" name="p100" srcActor="D0N3"/>
            <port dstActor="D0N41" name="p101" srcActor="D0N3"/>
            <port dstActor="D0N40" name="p102" srcActor="D0N3"/>
            <port dstActor="D0N5" name="p103" srcActor="D0N3"/>
            <port dstActor="D0N4" name="p104" srcActor="D0N3"/>
            <port dstActor="D0N32" name="p105" srcActor="D0N28"/>
            <port dstActor="D0N33" name="p106" srcActor="D0N28"/>
            <port dstActor="D0N38" name="p107" srcActor="D0N28"/>
            <port dstActor="D0N36" name="p108" srcActor="D0N28"/>
            <port dstActor="D0N41" name="p109" srcActor="D0N29"/>
            <port dstActor="D0N33" name="p110" srcActor="D0N29"/>
            <port dstActor="D0N44" name="p111" srcActor="D0N37"/>
            <port dstActor="D0N28" name="p112" srcActor="D0N14"/>
            <port dstActor="D0N36" name="p113" srcActor="D0N18"/>
            <port dstActor="D0N21" name="p114" srcActor="D0N18"/>
            <port dstActor="D0N32" name="p115" srcActor="D0N18"/>
            <port dstActor="D0N41" name="p116" srcActor="D0N18"/>
            <port dstActor="D0N34" name="p117" srcActor="D0N15"/>
            <port dstActor="D0N42" name="p118" srcActor="D0N27"/>
            <port dstActor="D0N44" name="p119" srcActor="D0N27"/>
            <port dstActor="D0N45" name="p120" srcActor="D0N27"/>
        </ports>
    </mcdag>
    <cores number="3"/>
    <levels number="2"/>
</mcsystem>
