<?xml version="1.0" encoding="UTF-8" standalone="no"?>
<mcsystem>
    <mcdag deadline="2500" name="genned-0-ed-10.0-0">
        <actor name="D0N35">
            <wcet number="0">40</wcet>
            <wcet number="1">40</wcet>
            <maxpow number="0.41587865452932365"/>
            <maxpow number="0.41587865452932365"/>
            <fprob>0.0</fprob>
        </actor>
        <actor name="D0N27">
            <wcet number="0">40</wcet>
            <wcet number="1">40</wcet>
            <maxpow number="0.5877912601515164"/>
            <maxpow number="0.5877912601515164"/>
            <fprob>0.0</fprob>
        </actor>
        <actor name="D0N38">
            <wcet number="0">20</wcet>
            <wcet number="1">40</wcet>
            <maxpow number="0.8613886115532341"/>
            <maxpow number="0.8613886115532341"/>
            <fprob>0.0</fprob>
        </actor>
        <actor name="D0N20">
            <wcet number="0">20</wcet>
            <wcet number="1">60</wcet>
            <maxpow number="0.40742529972235303"/>
            <maxpow number="0.40742529972235303"/>
            <fprob>0.0</fprob>
        </actor>
        <actor name="D0N21">
            <wcet number="0">20</wcet>
            <wcet number="1">30</wcet>
            <maxpow number="0.46321818028209805"/>
            <maxpow number="0.46321818028209805"/>
            <fprob>0.0</fprob>
        </actor>
        <actor name="D0N37">
            <wcet number="0">10</wcet>
            <wcet number="1">20</wcet>
            <maxpow number="0.7076182432004262"/>
            <maxpow number="0.7076182432004262"/>
            <fprob>0.0</fprob>
        </actor>
        <actor name="D0N18">
            <wcet number="0">50</wcet>
            <wcet number="1">90</wcet>
            <maxpow number="0.6327968336436802"/>
            <maxpow number="0.6327968336436802"/>
            <fprob>0.0</fprob>
        </actor>
        <actor name="D0N3">
            <wcet number="0">50</wcet>
            <wcet number="1">170</wcet>
            <maxpow number="0.5911213361718988"/>
            <maxpow number="0.5911213361718988"/>
            <fprob>0.0</fprob>
        </actor>
        <actor name="D0N33">
            <wcet number="0">10</wcet>
            <wcet number="1">40</wcet>
            <maxpow number="0.6634243766569147"/>
            <maxpow number="0.6634243766569147"/>
            <fprob>0.0</fprob>
        </actor>
        <actor name="D0N19">
            <wcet number="0">20</wcet>
            <wcet number="1">40</wcet>
            <maxpow number="0.7182885615959073"/>
            <maxpow number="0.7182885615959073"/>
            <fprob>0.0</fprob>
        </actor>
        <actor name="D0N5">
            <wcet number="0">50</wcet>
            <wcet number="1">210</wcet>
            <maxpow number="0.587706082084311"/>
            <maxpow number="0.587706082084311"/>
            <fprob>0.0</fprob>
        </actor>
        <actor name="D0N23">
            <wcet number="0">20</wcet>
            <wcet number="1">20</wcet>
            <maxpow number="0.6092767181470374"/>
            <maxpow number="0.6092767181470374"/>
            <fprob>0.0</fprob>
        </actor>
        <actor name="D0N1">
            <wcet number="0">20</wcet>
            <wcet number="1">40</wcet>
            <maxpow number="0.5705645202281546"/>
            <maxpow number="0.5705645202281546"/>
            <fprob>0.0</fprob>
        </actor>
        <actor name="D0N13">
            <wcet number="0">10</wcet>
            <wcet number="1">10</wcet>
            <maxpow number="0.5600259733435916"/>
            <maxpow number="0.5600259733435916"/>
            <fprob>0.0</fprob>
        </actor>
        <actor name="D0N16">
            <wcet number="0">20</wcet>
            <wcet number="1">280</wcet>
            <maxpow number="0.6428557818965089"/>
            <maxpow number="0.6428557818965089"/>
            <fprob>0.0</fprob>
        </actor>
        <actor name="D0N10">
            <wcet number="0">20</wcet>
            <wcet number="1">20</wcet>
            <maxpow number="0.613872404553162"/>
            <maxpow number="0.613872404553162"/>
            <fprob>0.0</fprob>
        </actor>
        <actor name="D0N17">
            <wcet number="0">200</wcet>
            <wcet number="1">530</wcet>
            <maxpow number="0.3635337752015465"/>
            <maxpow number="0.3635337752015465"/>
            <fprob>0.0</fprob>
        </actor>
        <actor name="D0N45">
            <wcet number="0">10</wcet>
            <wcet number="1">30</wcet>
            <maxpow number="0.42763282588869705"/>
            <maxpow number="0.42763282588869705"/>
            <fprob>0.0</fprob>
        </actor>
        <actor name="D0N12">
            <wcet number="0">30</wcet>
            <wcet number="1">150</wcet>
            <maxpow number="0.6886912533205624"/>
            <maxpow number="0.6886912533205624"/>
            <fprob>0.0</fprob>
        </actor>
        <actor name="D0N36">
            <wcet number="0">30</wcet>
            <wcet number="1">40</wcet>
            <maxpow number="0.606824087391532"/>
            <maxpow number="0.606824087391532"/>
            <fprob>0.0</fprob>
        </actor>
        <actor name="D0N4">
            <wcet number="0">90</wcet>
            <wcet number="1">130</wcet>
            <maxpow number="0.41480045342181754"/>
            <maxpow number="0.41480045342181754"/>
            <fprob>0.0</fprob>
        </actor>
        <actor name="D0N42">
            <wcet number="0">200</wcet>
            <wcet number="1">230</wcet>
            <maxpow number="0.6015459548578527"/>
            <maxpow number="0.6015459548578527"/>
            <fprob>0.0</fprob>
        </actor>
        <actor name="D0N31">
            <wcet number="0">140</wcet>
            <wcet number="1">150</wcet>
            <maxpow number="0.5352572589894915"/>
            <maxpow number="0.5352572589894915"/>
            <fprob>0.0</fprob>
        </actor>
        <actor name="D0N40">
            <wcet number="0">30</wcet>
            <wcet number="1">30</wcet>
            <maxpow number="0.44066022213038936"/>
            <maxpow number="0.44066022213038936"/>
            <fprob>0.0</fprob>
        </actor>
        <actor name="D0N41">
            <wcet number="0">30</wcet>
            <wcet number="1">100</wcet>
            <maxpow number="0.41640669801939"/>
            <maxpow number="0.41640669801939"/>
            <fprob>0.0</fprob>
        </actor>
        <actor name="D0N15">
            <wcet number="0">70</wcet>
            <wcet number="1">80</wcet>
            <maxpow number="0.5048842878017368"/>
            <maxpow number="0.5048842878017368"/>
            <fprob>0.0</fprob>
        </actor>
        <actor name="D0N22">
            <wcet number="0">10</wcet>
            <wcet number="1">30</wcet>
            <maxpow number="0.5117116500507544"/>
            <maxpow number="0.5117116500507544"/>
            <fprob>0.0</fprob>
        </actor>
        <actor name="D0N8">
            <wcet number="0">10</wcet>
            <wcet number="1">10</wcet>
            <maxpow number="0.5314528059585225"/>
            <maxpow number="0.5314528059585225"/>
            <fprob>0.0</fprob>
        </actor>
        <actor name="D0N2">
            <wcet number="0">40</wcet>
            <wcet number="1">40</wcet>
            <maxpow number="0.7191327023758155"/>
            <maxpow number="0.7191327023758155"/>
            <fprob>0.0</fprob>
        </actor>
        <actor name="D0N29">
            <wcet number="0">50</wcet>
            <wcet number="1">80</wcet>
            <maxpow number="0.7674159439889001"/>
            <maxpow number="0.7674159439889001"/>
            <fprob>0.0</fprob>
        </actor>
        <actor name="D0N9">
            <wcet number="0">120</wcet>
            <wcet number="1">240</wcet>
            <maxpow number="0.22558959202903983"/>
            <maxpow number="0.22558959202903983"/>
            <fprob>0.0</fprob>
        </actor>
        <actor name="D0N14">
            <wcet number="0">30</wcet>
            <wcet number="1">320</wcet>
            <maxpow number="0.5371623376677608"/>
            <maxpow number="0.5371623376677608"/>
            <fprob>0.0</fprob>
        </actor>
        <actor name="D0N44">
            <wcet number="0">30</wcet>
            <wcet number="1">80</wcet>
            <maxpow number="0.4534851026512047"/>
            <maxpow number="0.4534851026512047"/>
            <fprob>0.0</fprob>
        </actor>
        <actor name="D0N7">
            <wcet number="0">20</wcet>
            <wcet number="1">20</wcet>
            <maxpow number="0.3565607114612419"/>
            <maxpow number="0.3565607114612419"/>
            <fprob>0.0</fprob>
        </actor>
        <actor name="D0N26">
            <wcet number="0">40</wcet>
            <wcet number="1">110</wcet>
            <maxpow number="0.7570540839620742"/>
            <maxpow number="0.7570540839620742"/>
            <fprob>0.0</fprob>
        </actor>
        <actor name="D0N11">
            <wcet number="0">180</wcet>
            <wcet number="1">180</wcet>
            <maxpow number="0.8492937584345623"/>
            <maxpow number="0.8492937584345623"/>
            <fprob>0.0</fprob>
        </actor>
        <actor name="D0N48">
            <wcet number="0">50</wcet>
            <wcet number="1">120</wcet>
            <maxpow number="0.6345071854778357"/>
            <maxpow number="0.6345071854778357"/>
            <fprob>0.0</fprob>
        </actor>
        <actor name="D0N32">
            <wcet number="0">20</wcet>
            <wcet number="1">30</wcet>
            <maxpow number="0.3840285006781564"/>
            <maxpow number="0.3840285006781564"/>
            <fprob>0.0</fprob>
        </actor>
        <actor name="D0N24">
            <wcet number="0">10</wcet>
            <wcet number="1">20</wcet>
            <maxpow number="0.6402957752676026"/>
            <maxpow number="0.6402957752676026"/>
            <fprob>0.0</fprob>
        </actor>
        <actor name="D0N47">
            <wcet number="0">10</wcet>
            <wcet number="1">120</wcet>
            <maxpow number="0.5758398072807801"/>
            <maxpow number="0.5758398072807801"/>
            <fprob>0.0</fprob>
        </actor>
        <actor name="D0N49">
            <wcet number="0">10</wcet>
            <wcet number="1">20</wcet>
            <maxpow number="0.38429065389092626"/>
            <maxpow number="0.38429065389092626"/>
            <fprob>0.0</fprob>
        </actor>
        <actor name="D0N43">
            <wcet number="0">10</wcet>
            <wcet number="1">10</wcet>
            <maxpow number="0.48094026316515154"/>
            <maxpow number="0.48094026316515154"/>
            <fprob>0.0</fprob>
        </actor>
        <actor name="D0N25">
            <wcet number="0">150</wcet>
            <wcet number="1">170</wcet>
            <maxpow number="0.8110519771770417"/>
            <maxpow number="0.8110519771770417"/>
            <fprob>0.0</fprob>
        </actor>
        <actor name="D0N39">
            <wcet number="0">180</wcet>
            <wcet number="1">240</wcet>
            <maxpow number="0.9136660294764147"/>
            <maxpow number="0.9136660294764147"/>
            <fprob>0.0</fprob>
        </actor>
        <actor name="D0N6">
            <wcet number="0">140</wcet>
            <wcet number="1">200</wcet>
            <maxpow number="0.5012731982704208"/>
            <maxpow number="0.5012731982704208"/>
            <fprob>0.0</fprob>
        </actor>
        <actor name="D0N0">
            <wcet number="0">20</wcet>
            <wcet number="1">30</wcet>
            <maxpow number="0.8286559456994458"/>
            <maxpow number="0.8286559456994458"/>
            <fprob>0.0</fprob>
        </actor>
        <actor name="D0N28">
            <wcet number="0">240</wcet>
            <wcet number="1">250</wcet>
            <maxpow number="0.6481206469222962"/>
            <maxpow number="0.6481206469222962"/>
            <fprob>0.0</fprob>
        </actor>
        <actor name="D0N30">
            <wcet number="0">110</wcet>
            <wcet number="1">230</wcet>
            <maxpow number="0.5577273755017257"/>
            <maxpow number="0.5577273755017257"/>
            <fprob>0.0</fprob>
        </actor>
        <actor name="D0N46">
            <wcet number="0">70</wcet>
            <wcet number="1">180</wcet>
            <maxpow number="0.4882539213590016"/>
            <maxpow number="0.4882539213590016"/>
            <fprob>0.0</fprob>
        </actor>
        <actor name="D0N34">
            <wcet number="0">40</wcet>
            <wcet number="1">150</wcet>
            <maxpow number="0.44143758343304174"/>
            <maxpow number="0.44143758343304174"/>
            <fprob>0.0</fprob>
        </actor>
        <ports>
            <port dstActor="D0N45" name="p0" srcActor="D0N35"/>
            <port dstActor="D0N47" name="p1" srcActor="D0N35"/>
            <port dstActor="D0N49" name="p2" srcActor="D0N35"/>
            <port dstActor="D0N29" name="p3" srcActor="D0N27"/>
            <port dstActor="D0N47" name="p4" srcActor="D0N27"/>
            <port dstActor="D0N28" name="p5" srcActor="D0N27"/>
            <port dstActor="D0N33" name="p6" srcActor="D0N20"/>
            <port dstActor="D0N39" name="p7" srcActor="D0N21"/>
            <port dstActor="D0N29" name="p8" srcActor="D0N21"/>
            <port dstActor="D0N34" name="p9" srcActor="D0N21"/>
            <port dstActor="D0N49" name="p10" srcActor="D0N37"/>
            <port dstActor="D0N48" name="p11" srcActor="D0N18"/>
            <port dstActor="D0N37" name="p12" srcActor="D0N3"/>
            <port dstActor="D0N43" name="p13" srcActor="D0N3"/>
            <port dstActor="D0N38" name="p14" srcActor="D0N3"/>
            <port dstActor="D0N35" name="p15" srcActor="D0N3"/>
            <port dstActor="D0N43" name="p16" srcActor="D0N33"/>
            <port dstActor="D0N35" name="p17" srcActor="D0N19"/>
            <port dstActor="D0N32" name="p18" srcActor="D0N5"/>
            <port dstActor="D0N49" name="p19" srcActor="D0N5"/>
            <port dstActor="D0N39" name="p20" srcActor="D0N5"/>
            <port dstActor="D0N46" name="p21" srcActor="D0N5"/>
            <port dstActor="D0N31" name="p22" srcActor="D0N5"/>
            <port dstActor="D0N8" name="p23" srcActor="D0N5"/>
            <port dstActor="D0N13" name="p24" srcActor="D0N5"/>
            <port dstActor="D0N34" name="p25" srcActor="D0N5"/>
            <port dstActor="D0N25" name="p26" srcActor="D0N5"/>
            <port dstActor="D0N24" name="p27" srcActor="D0N23"/>
            <port dstActor="D0N34" name="p28" srcActor="D0N23"/>
            <port dstActor="D0N32" name="p29" srcActor="D0N23"/>
            <port dstActor="D0N36" name="p30" srcActor="D0N23"/>
            <port dstActor="D0N4" name="p31" srcActor="D0N1"/>
            <port dstActor="D0N36" name="p32" srcActor="D0N1"/>
            <port dstActor="D0N9" name="p33" srcActor="D0N1"/>
            <port dstActor="D0N22" name="p34" srcActor="D0N1"/>
            <port dstActor="D0N16" name="p35" srcActor="D0N1"/>
            <port dstActor="D0N44" name="p36" srcActor="D0N1"/>
            <port dstActor="D0N22" name="p37" srcActor="D0N13"/>
            <port dstActor="D0N29" name="p38" srcActor="D0N13"/>
            <port dstActor="D0N25" name="p39" srcActor="D0N16"/>
            <port dstActor="D0N36" name="p40" srcActor="D0N16"/>
            <port dstActor="D0N31" name="p41" srcActor="D0N16"/>
            <port dstActor="D0N48" name="p42" srcActor="D0N16"/>
            <port dstActor="D0N19" name="p43" srcActor="D0N10"/>
            <port dstActor="D0N41" name="p44" srcActor="D0N10"/>
            <port dstActor="D0N44" name="p45" srcActor="D0N17"/>
            <port dstActor="D0N34" name="p46" srcActor="D0N17"/>
            <port dstActor="D0N45" name="p47" srcActor="D0N17"/>
            <port dstActor="D0N31" name="p48" srcActor="D0N12"/>
            <port dstActor="D0N47" name="p49" srcActor="D0N12"/>
            <port dstActor="D0N26" name="p50" srcActor="D0N12"/>
            <port dstActor="D0N46" name="p51" srcActor="D0N12"/>
            <port dstActor="D0N16" name="p52" srcActor="D0N12"/>
            <port dstActor="D0N27" name="p53" srcActor="D0N12"/>
            <port dstActor="D0N41" name="p54" srcActor="D0N12"/>
            <port dstActor="D0N44" name="p55" srcActor="D0N12"/>
            <port dstActor="D0N23" name="p56" srcActor="D0N12"/>
            <port dstActor="D0N29" name="p57" srcActor="D0N4"/>
            <port dstActor="D0N26" name="p58" srcActor="D0N4"/>
            <port dstActor="D0N5" name="p59" srcActor="D0N4"/>
            <port dstActor="D0N33" name="p60" srcActor="D0N4"/>
            <port dstActor="D0N48" name="p61" srcActor="D0N42"/>
            <port dstActor="D0N46" name="p62" srcActor="D0N42"/>
            <port dstActor="D0N41" name="p63" srcActor="D0N40"/>
            <port dstActor="D0N45" name="p64" srcActor="D0N41"/>
            <port dstActor="D0N42" name="p65" srcActor="D0N41"/>
            <port dstActor="D0N48" name="p66" srcActor="D0N15"/>
            <port dstActor="D0N41" name="p67" srcActor="D0N15"/>
            <port dstActor="D0N43" name="p68" srcActor="D0N15"/>
            <port dstActor="D0N19" name="p69" srcActor="D0N15"/>
            <port dstActor="D0N42" name="p70" srcActor="D0N22"/>
            <port dstActor="D0N29" name="p71" srcActor="D0N22"/>
            <port dstActor="D0N45" name="p72" srcActor="D0N22"/>
            <port dstActor="D0N40" name="p73" srcActor="D0N22"/>
            <port dstActor="D0N43" name="p74" srcActor="D0N8"/>
            <port dstActor="D0N26" name="p75" srcActor="D0N8"/>
            <port dstActor="D0N25" name="p76" srcActor="D0N8"/>
            <port dstActor="D0N13" name="p77" srcActor="D0N8"/>
            <port dstActor="D0N15" name="p78" srcActor="D0N2"/>
            <port dstActor="D0N14" name="p79" srcActor="D0N2"/>
            <port dstActor="D0N47" name="p80" srcActor="D0N2"/>
            <port dstActor="D0N17" name="p81" srcActor="D0N2"/>
            <port dstActor="D0N8" name="p82" srcActor="D0N2"/>
            <port dstActor="D0N19" name="p83" srcActor="D0N2"/>
            <port dstActor="D0N42" name="p84" srcActor="D0N29"/>
            <port dstActor="D0N34" name="p85" srcActor="D0N29"/>
            <port dstActor="D0N44" name="p86" srcActor="D0N9"/>
            <port dstActor="D0N14" name="p87" srcActor="D0N9"/>
            <port dstActor="D0N15" name="p88" srcActor="D0N9"/>
            <port dstActor="D0N28" name="p89" srcActor="D0N14"/>
            <port dstActor="D0N43" name="p90" srcActor="D0N14"/>
            <port dstActor="D0N17" name="p91" srcActor="D0N14"/>
            <port dstActor="D0N31" name="p92" srcActor="D0N14"/>
            <port dstActor="D0N39" name="p93" srcActor="D0N7"/>
            <port dstActor="D0N13" name="p94" srcActor="D0N7"/>
            <port dstActor="D0N24" name="p95" srcActor="D0N7"/>
            <port dstActor="D0N26" name="p96" srcActor="D0N7"/>
            <port dstActor="D0N17" name="p97" srcActor="D0N7"/>
            <port dstActor="D0N45" name="p98" srcActor="D0N26"/>
            <port dstActor="D0N49" name="p99" srcActor="D0N26"/>
            <port dstActor="D0N36" name="p100" srcActor="D0N26"/>
            <port dstActor="D0N41" name="p101" srcActor="D0N11"/>
            <port dstActor="D0N22" name="p102" srcActor="D0N11"/>
            <port dstActor="D0N19" name="p103" srcActor="D0N11"/>
            <port dstActor="D0N46" name="p104" srcActor="D0N32"/>
            <port dstActor="D0N45" name="p105" srcActor="D0N24"/>
            <port dstActor="D0N38" name="p106" srcActor="D0N24"/>
            <port dstActor="D0N46" name="p107" srcActor="D0N43"/>
            <port dstActor="D0N43" name="p108" srcActor="D0N25"/>
            <port dstActor="D0N48" name="p109" srcActor="D0N39"/>
            <port dstActor="D0N40" name="p110" srcActor="D0N39"/>
            <port dstActor="D0N43" name="p111" srcActor="D0N39"/>
            <port dstActor="D0N21" name="p112" srcActor="D0N6"/>
            <port dstActor="D0N12" name="p113" srcActor="D0N6"/>
            <port dstActor="D0N35" name="p114" srcActor="D0N0"/>
            <port dstActor="D0N39" name="p115" srcActor="D0N0"/>
            <port dstActor="D0N38" name="p116" srcActor="D0N0"/>
            <port dstActor="D0N38" name="p117" srcActor="D0N28"/>
            <port dstActor="D0N43" name="p118" srcActor="D0N28"/>
            <port dstActor="D0N46" name="p119" srcActor="D0N28"/>
            <port dstActor="D0N49" name="p120" srcActor="D0N30"/>
            <port dstActor="D0N44" name="p121" srcActor="D0N30"/>
            <port dstActor="D0N36" name="p122" srcActor="D0N30"/>
            <port dstActor="D0N49" name="p123" srcActor="D0N46"/>
            <port dstActor="D0N43" name="p124" srcActor="D0N34"/>
        </ports>
    </mcdag>
    <cores number="3"/>
    <levels number="2"/>
</mcsystem>
