<?xml version="1.0" encoding="UTF-8" standalone="no"?>
<mcsystem>
    <mcdag deadline="2000" name="genned-0-ed-10.0-0">
        <actor name="D0N11">
            <wcet number="0">70</wcet>
            <wcet number="1">90</wcet>
            <maxpow number="0.4133464321737368"/>
            <maxpow number="0.4133464321737368"/>
            <fprob>0.0</fprob>
        </actor>
        <actor name="D0N15">
            <wcet number="0">30</wcet>
            <wcet number="1">50</wcet>
            <maxpow number="0.4622815092405803"/>
            <maxpow number="0.4622815092405803"/>
            <fprob>0.0</fprob>
        </actor>
        <actor name="D0N45">
            <wcet number="0">10</wcet>
            <wcet number="1">10</wcet>
            <maxpow number="0.6890158348651196"/>
            <maxpow number="0.6890158348651196"/>
            <fprob>0.0</fprob>
        </actor>
        <actor name="D0N13">
            <wcet number="0">40</wcet>
            <wcet number="1">60</wcet>
            <maxpow number="0.3961498840536055"/>
            <maxpow number="0.3961498840536055"/>
            <fprob>0.0</fprob>
        </actor>
        <actor name="D0N46">
            <wcet number="0">60</wcet>
            <wcet number="1">80</wcet>
            <maxpow number="0.43048779730121867"/>
            <maxpow number="0.43048779730121867"/>
            <fprob>0.0</fprob>
        </actor>
        <actor name="D0N5">
            <wcet number="0">10</wcet>
            <wcet number="1">10</wcet>
            <maxpow number="0.7493536397662361"/>
            <maxpow number="0.7493536397662361"/>
            <fprob>0.0</fprob>
        </actor>
        <actor name="D0N33">
            <wcet number="0">20</wcet>
            <wcet number="1">30</wcet>
            <maxpow number="0.6253841931478624"/>
            <maxpow number="0.6253841931478624"/>
            <fprob>0.0</fprob>
        </actor>
        <actor name="D0N17">
            <wcet number="0">20</wcet>
            <wcet number="1">40</wcet>
            <maxpow number="0.4294150878301244"/>
            <maxpow number="0.4294150878301244"/>
            <fprob>0.0</fprob>
        </actor>
        <actor name="D0N44">
            <wcet number="0">50</wcet>
            <wcet number="1">80</wcet>
            <maxpow number="0.523656855545031"/>
            <maxpow number="0.523656855545031"/>
            <fprob>0.0</fprob>
        </actor>
        <actor name="D0N18">
            <wcet number="0">10</wcet>
            <wcet number="1">40</wcet>
            <maxpow number="0.7653619726460781"/>
            <maxpow number="0.7653619726460781"/>
            <fprob>0.0</fprob>
        </actor>
        <actor name="D0N34">
            <wcet number="0">90</wcet>
            <wcet number="1">100</wcet>
            <maxpow number="0.7075110381343407"/>
            <maxpow number="0.7075110381343407"/>
            <fprob>0.0</fprob>
        </actor>
        <actor name="D0N29">
            <wcet number="0">170</wcet>
            <wcet number="1">590</wcet>
            <maxpow number="0.3643466840229991"/>
            <maxpow number="0.3643466840229991"/>
            <fprob>0.0</fprob>
        </actor>
        <actor name="D0N26">
            <wcet number="0">20</wcet>
            <wcet number="1">50</wcet>
            <maxpow number="0.4103873939288629"/>
            <maxpow number="0.4103873939288629"/>
            <fprob>0.0</fprob>
        </actor>
        <actor name="D0N43">
            <wcet number="0">80</wcet>
            <wcet number="1">220</wcet>
            <maxpow number="0.5509138850330341"/>
            <maxpow number="0.5509138850330341"/>
            <fprob>0.0</fprob>
        </actor>
        <actor name="D0N38">
            <wcet number="0">20</wcet>
            <wcet number="1">100</wcet>
            <maxpow number="0.5137474728164582"/>
            <maxpow number="0.5137474728164582"/>
            <fprob>0.0</fprob>
        </actor>
        <actor name="D0N0">
            <wcet number="0">10</wcet>
            <wcet number="1">140</wcet>
            <maxpow number="0.6400497325785514"/>
            <maxpow number="0.6400497325785514"/>
            <fprob>0.0</fprob>
        </actor>
        <actor name="D0N8">
            <wcet number="0">440</wcet>
            <wcet number="1">450</wcet>
            <maxpow number="0.4891459097244367"/>
            <maxpow number="0.4891459097244367"/>
            <fprob>0.0</fprob>
        </actor>
        <actor name="D0N2">
            <wcet number="0">10</wcet>
            <wcet number="1">20</wcet>
            <maxpow number="0.22722540408634412"/>
            <maxpow number="0.22722540408634412"/>
            <fprob>0.0</fprob>
        </actor>
        <actor name="D0N41">
            <wcet number="0">100</wcet>
            <wcet number="1">250</wcet>
            <maxpow number="0.7777985775552604"/>
            <maxpow number="0.7777985775552604"/>
            <fprob>0.0</fprob>
        </actor>
        <actor name="D0N12">
            <wcet number="0">40</wcet>
            <wcet number="1">40</wcet>
            <maxpow number="0.6452947305891409"/>
            <maxpow number="0.6452947305891409"/>
            <fprob>0.0</fprob>
        </actor>
        <actor name="D0N48">
            <wcet number="0">70</wcet>
            <wcet number="1">100</wcet>
            <maxpow number="0.7039893640169946"/>
            <maxpow number="0.7039893640169946"/>
            <fprob>0.0</fprob>
        </actor>
        <actor name="D0N31">
            <wcet number="0">10</wcet>
            <wcet number="1">10</wcet>
            <maxpow number="0.5954076344615188"/>
            <maxpow number="0.5954076344615188"/>
            <fprob>0.0</fprob>
        </actor>
        <actor name="D0N16">
            <wcet number="0">40</wcet>
            <wcet number="1">70</wcet>
            <maxpow number="0.6176554017838332"/>
            <maxpow number="0.6176554017838332"/>
            <fprob>0.0</fprob>
        </actor>
        <actor name="D0N39">
            <wcet number="0">150</wcet>
            <wcet number="1">170</wcet>
            <maxpow number="0.6356129250455758"/>
            <maxpow number="0.6356129250455758"/>
            <fprob>0.0</fprob>
        </actor>
        <actor name="D0N10">
            <wcet number="0">10</wcet>
            <wcet number="1">60</wcet>
            <maxpow number="0.673624995134998"/>
            <maxpow number="0.673624995134998"/>
            <fprob>0.0</fprob>
        </actor>
        <actor name="D0N32">
            <wcet number="0">10</wcet>
            <wcet number="1">10</wcet>
            <maxpow number="0.48131669157086415"/>
            <maxpow number="0.48131669157086415"/>
            <fprob>0.0</fprob>
        </actor>
        <actor name="D0N42">
            <wcet number="0">230</wcet>
            <wcet number="1">260</wcet>
            <maxpow number="0.36803673813607174"/>
            <maxpow number="0.36803673813607174"/>
            <fprob>0.0</fprob>
        </actor>
        <actor name="D0N20">
            <wcet number="0">230</wcet>
            <wcet number="1">420</wcet>
            <maxpow number="0.7682649823311477"/>
            <maxpow number="0.7682649823311477"/>
            <fprob>0.0</fprob>
        </actor>
        <actor name="D0N22">
            <wcet number="0">10</wcet>
            <wcet number="1">50</wcet>
            <maxpow number="0.5585506513726525"/>
            <maxpow number="0.5585506513726525"/>
            <fprob>0.0</fprob>
        </actor>
        <actor name="D0N7">
            <wcet number="0">120</wcet>
            <wcet number="1">140</wcet>
            <maxpow number="0.5827470165683618"/>
            <maxpow number="0.5827470165683618"/>
            <fprob>0.0</fprob>
        </actor>
        <actor name="D0N19">
            <wcet number="0">10</wcet>
            <wcet number="1">20</wcet>
            <maxpow number="0.5626373017330396"/>
            <maxpow number="0.5626373017330396"/>
            <fprob>0.0</fprob>
        </actor>
        <actor name="D0N28">
            <wcet number="0">110</wcet>
            <wcet number="1">180</wcet>
            <maxpow number="0.29351842819423174"/>
            <maxpow number="0.29351842819423174"/>
            <fprob>0.0</fprob>
        </actor>
        <actor name="D0N14">
            <wcet number="0">350</wcet>
            <wcet number="1">450</wcet>
            <maxpow number="0.7367240851877865"/>
            <maxpow number="0.7367240851877865"/>
            <fprob>0.0</fprob>
        </actor>
        <actor name="D0N24">
            <wcet number="0">50</wcet>
            <wcet number="1">50</wcet>
            <maxpow number="0.4455928024393885"/>
            <maxpow number="0.4455928024393885"/>
            <fprob>0.0</fprob>
        </actor>
        <actor name="D0N27">
            <wcet number="0">30</wcet>
            <wcet number="1">60</wcet>
            <maxpow number="0.4457580370576275"/>
            <maxpow number="0.4457580370576275"/>
            <fprob>0.0</fprob>
        </actor>
        <actor name="D0N6">
            <wcet number="0">10</wcet>
            <wcet number="1">50</wcet>
            <maxpow number="0.6135661145958671"/>
            <maxpow number="0.6135661145958671"/>
            <fprob>0.0</fprob>
        </actor>
        <actor name="D0N23">
            <wcet number="0">190</wcet>
            <wcet number="1">400</wcet>
            <maxpow number="0.554670954446393"/>
            <maxpow number="0.554670954446393"/>
            <fprob>0.0</fprob>
        </actor>
        <actor name="D0N37">
            <wcet number="0">20</wcet>
            <wcet number="1">70</wcet>
            <maxpow number="0.44882666299605073"/>
            <maxpow number="0.44882666299605073"/>
            <fprob>0.0</fprob>
        </actor>
        <actor name="D0N30">
            <wcet number="0">10</wcet>
            <wcet number="1">10</wcet>
            <maxpow number="0.4097881882783631"/>
            <maxpow number="0.4097881882783631"/>
            <fprob>0.0</fprob>
        </actor>
        <actor name="D0N1">
            <wcet number="0">10</wcet>
            <wcet number="1">60</wcet>
            <maxpow number="0.26001891573719194"/>
            <maxpow number="0.26001891573719194"/>
            <fprob>0.0</fprob>
        </actor>
        <actor name="D0N4">
            <wcet number="0">30</wcet>
            <wcet number="1">40</wcet>
            <maxpow number="0.7690996609791613"/>
            <maxpow number="0.7690996609791613"/>
            <fprob>0.0</fprob>
        </actor>
        <actor name="D0N3">
            <wcet number="0">40</wcet>
            <wcet number="1">70</wcet>
            <maxpow number="0.38722476360523184"/>
            <maxpow number="0.38722476360523184"/>
            <fprob>0.0</fprob>
        </actor>
        <actor name="D0N47">
            <wcet number="0">180</wcet>
            <wcet number="1">210</wcet>
            <maxpow number="0.39822440702176387"/>
            <maxpow number="0.39822440702176387"/>
            <fprob>0.0</fprob>
        </actor>
        <actor name="D0N36">
            <wcet number="0">30</wcet>
            <wcet number="1">120</wcet>
            <maxpow number="0.9159243830148329"/>
            <maxpow number="0.9159243830148329"/>
            <fprob>0.0</fprob>
        </actor>
        <actor name="D0N35">
            <wcet number="0">30</wcet>
            <wcet number="1">70</wcet>
            <maxpow number="0.5472226941871805"/>
            <maxpow number="0.5472226941871805"/>
            <fprob>0.0</fprob>
        </actor>
        <actor name="D0N21">
            <wcet number="0">50</wcet>
            <wcet number="1">120</wcet>
            <maxpow number="0.734420557404567"/>
            <maxpow number="0.734420557404567"/>
            <fprob>0.0</fprob>
        </actor>
        <actor name="D0N40">
            <wcet number="0">10</wcet>
            <wcet number="1">10</wcet>
            <maxpow number="0.5609950269118789"/>
            <maxpow number="0.5609950269118789"/>
            <fprob>0.0</fprob>
        </actor>
        <actor name="D0N9">
            <wcet number="0">10</wcet>
            <wcet number="1">20</wcet>
            <maxpow number="0.5665711192802994"/>
            <maxpow number="0.5665711192802994"/>
            <fprob>0.0</fprob>
        </actor>
        <actor name="D0N25">
            <wcet number="0">40</wcet>
            <wcet number="1">50</wcet>
            <maxpow number="0.39791982337291854"/>
            <maxpow number="0.39791982337291854"/>
            <fprob>0.0</fprob>
        </actor>
        <ports>
            <port dstActor="D0N32" name="p0" srcActor="D0N11"/>
            <port dstActor="D0N19" name="p1" srcActor="D0N11"/>
            <port dstActor="D0N43" name="p2" srcActor="D0N11"/>
            <port dstActor="D0N16" name="p3" srcActor="D0N15"/>
            <port dstActor="D0N42" name="p4" srcActor="D0N15"/>
            <port dstActor="D0N39" name="p5" srcActor="D0N15"/>
            <port dstActor="D0N34" name="p6" srcActor="D0N15"/>
            <port dstActor="D0N28" name="p7" srcActor="D0N15"/>
            <port dstActor="D0N38" name="p8" srcActor="D0N15"/>
            <port dstActor="D0N48" name="p9" srcActor="D0N45"/>
            <port dstActor="D0N27" name="p10" srcActor="D0N13"/>
            <port dstActor="D0N48" name="p11" srcActor="D0N46"/>
            <port dstActor="D0N16" name="p12" srcActor="D0N5"/>
            <port dstActor="D0N43" name="p13" srcActor="D0N5"/>
            <port dstActor="D0N13" name="p14" srcActor="D0N5"/>
            <port dstActor="D0N17" name="p15" srcActor="D0N5"/>
            <port dstActor="D0N22" name="p16" srcActor="D0N17"/>
            <port dstActor="D0N46" name="p17" srcActor="D0N17"/>
            <port dstActor="D0N46" name="p18" srcActor="D0N44"/>
            <port dstActor="D0N45" name="p19" srcActor="D0N44"/>
            <port dstActor="D0N39" name="p20" srcActor="D0N18"/>
            <port dstActor="D0N29" name="p21" srcActor="D0N18"/>
            <port dstActor="D0N24" name="p22" srcActor="D0N18"/>
            <port dstActor="D0N28" name="p23" srcActor="D0N18"/>
            <port dstActor="D0N27" name="p24" srcActor="D0N18"/>
            <port dstActor="D0N23" name="p25" srcActor="D0N18"/>
            <port dstActor="D0N46" name="p26" srcActor="D0N18"/>
            <port dstActor="D0N33" name="p27" srcActor="D0N18"/>
            <port dstActor="D0N33" name="p28" srcActor="D0N29"/>
            <port dstActor="D0N31" name="p29" srcActor="D0N29"/>
            <port dstActor="D0N40" name="p30" srcActor="D0N26"/>
            <port dstActor="D0N33" name="p31" srcActor="D0N26"/>
            <port dstActor="D0N41" name="p32" srcActor="D0N26"/>
            <port dstActor="D0N14" name="p33" srcActor="D0N0"/>
            <port dstActor="D0N25" name="p34" srcActor="D0N0"/>
            <port dstActor="D0N37" name="p35" srcActor="D0N0"/>
            <port dstActor="D0N40" name="p36" srcActor="D0N0"/>
            <port dstActor="D0N26" name="p37" srcActor="D0N0"/>
            <port dstActor="D0N11" name="p38" srcActor="D0N0"/>
            <port dstActor="D0N38" name="p39" srcActor="D0N0"/>
            <port dstActor="D0N27" name="p40" srcActor="D0N8"/>
            <port dstActor="D0N11" name="p41" srcActor="D0N8"/>
            <port dstActor="D0N38" name="p42" srcActor="D0N2"/>
            <port dstActor="D0N37" name="p43" srcActor="D0N2"/>
            <port dstActor="D0N13" name="p44" srcActor="D0N2"/>
            <port dstActor="D0N11" name="p45" srcActor="D0N2"/>
            <port dstActor="D0N23" name="p46" srcActor="D0N2"/>
            <port dstActor="D0N32" name="p47" srcActor="D0N2"/>
            <port dstActor="D0N45" name="p48" srcActor="D0N12"/>
            <port dstActor="D0N32" name="p49" srcActor="D0N12"/>
            <port dstActor="D0N39" name="p50" srcActor="D0N12"/>
            <port dstActor="D0N14" name="p51" srcActor="D0N12"/>
            <port dstActor="D0N42" name="p52" srcActor="D0N31"/>
            <port dstActor="D0N44" name="p53" srcActor="D0N16"/>
            <port dstActor="D0N20" name="p54" srcActor="D0N16"/>
            <port dstActor="D0N29" name="p55" srcActor="D0N16"/>
            <port dstActor="D0N30" name="p56" srcActor="D0N16"/>
            <port dstActor="D0N36" name="p57" srcActor="D0N16"/>
            <port dstActor="D0N48" name="p58" srcActor="D0N16"/>
            <port dstActor="D0N19" name="p59" srcActor="D0N10"/>
            <port dstActor="D0N20" name="p60" srcActor="D0N10"/>
            <port dstActor="D0N22" name="p61" srcActor="D0N10"/>
            <port dstActor="D0N37" name="p62" srcActor="D0N10"/>
            <port dstActor="D0N40" name="p63" srcActor="D0N10"/>
            <port dstActor="D0N32" name="p64" srcActor="D0N10"/>
            <port dstActor="D0N36" name="p65" srcActor="D0N32"/>
            <port dstActor="D0N42" name="p66" srcActor="D0N32"/>
            <port dstActor="D0N44" name="p67" srcActor="D0N42"/>
            <port dstActor="D0N45" name="p68" srcActor="D0N42"/>
            <port dstActor="D0N44" name="p69" srcActor="D0N20"/>
            <port dstActor="D0N45" name="p70" srcActor="D0N20"/>
            <port dstActor="D0N48" name="p71" srcActor="D0N20"/>
            <port dstActor="D0N33" name="p72" srcActor="D0N20"/>
            <port dstActor="D0N39" name="p73" srcActor="D0N20"/>
            <port dstActor="D0N42" name="p74" srcActor="D0N20"/>
            <port dstActor="D0N32" name="p75" srcActor="D0N20"/>
            <port dstActor="D0N39" name="p76" srcActor="D0N22"/>
            <port dstActor="D0N23" name="p77" srcActor="D0N22"/>
            <port dstActor="D0N46" name="p78" srcActor="D0N22"/>
            <port dstActor="D0N20" name="p79" srcActor="D0N7"/>
            <port dstActor="D0N31" name="p80" srcActor="D0N7"/>
            <port dstActor="D0N17" name="p81" srcActor="D0N7"/>
            <port dstActor="D0N15" name="p82" srcActor="D0N7"/>
            <port dstActor="D0N46" name="p83" srcActor="D0N7"/>
            <port dstActor="D0N24" name="p84" srcActor="D0N19"/>
            <port dstActor="D0N29" name="p85" srcActor="D0N19"/>
            <port dstActor="D0N33" name="p86" srcActor="D0N28"/>
            <port dstActor="D0N43" name="p87" srcActor="D0N28"/>
            <port dstActor="D0N26" name="p88" srcActor="D0N14"/>
            <port dstActor="D0N35" name="p89" srcActor="D0N14"/>
            <port dstActor="D0N17" name="p90" srcActor="D0N14"/>
            <port dstActor="D0N25" name="p91" srcActor="D0N14"/>
            <port dstActor="D0N31" name="p92" srcActor="D0N14"/>
            <port dstActor="D0N44" name="p93" srcActor="D0N24"/>
            <port dstActor="D0N48" name="p94" srcActor="D0N24"/>
            <port dstActor="D0N47" name="p95" srcActor="D0N24"/>
            <port dstActor="D0N32" name="p96" srcActor="D0N27"/>
            <port dstActor="D0N35" name="p97" srcActor="D0N27"/>
            <port dstActor="D0N24" name="p98" srcActor="D0N6"/>
            <port dstActor="D0N25" name="p99" srcActor="D0N6"/>
            <port dstActor="D0N37" name="p100" srcActor="D0N6"/>
            <port dstActor="D0N32" name="p101" srcActor="D0N6"/>
            <port dstActor="D0N42" name="p102" srcActor="D0N6"/>
            <port dstActor="D0N27" name="p103" srcActor="D0N23"/>
            <port dstActor="D0N44" name="p104" srcActor="D0N23"/>
            <port dstActor="D0N26" name="p105" srcActor="D0N23"/>
            <port dstActor="D0N46" name="p106" srcActor="D0N23"/>
            <port dstActor="D0N44" name="p107" srcActor="D0N37"/>
            <port dstActor="D0N32" name="p108" srcActor="D0N30"/>
            <port dstActor="D0N19" name="p109" srcActor="D0N1"/>
            <port dstActor="D0N42" name="p110" srcActor="D0N1"/>
            <port dstActor="D0N44" name="p111" srcActor="D0N1"/>
            <port dstActor="D0N12" name="p112" srcActor="D0N1"/>
            <port dstActor="D0N31" name="p113" srcActor="D0N1"/>
            <port dstActor="D0N29" name="p114" srcActor="D0N4"/>
            <port dstActor="D0N10" name="p115" srcActor="D0N4"/>
            <port dstActor="D0N14" name="p116" srcActor="D0N4"/>
            <port dstActor="D0N15" name="p117" srcActor="D0N4"/>
            <port dstActor="D0N23" name="p118" srcActor="D0N4"/>
            <port dstActor="D0N18" name="p119" srcActor="D0N4"/>
            <port dstActor="D0N34" name="p120" srcActor="D0N4"/>
            <port dstActor="D0N5" name="p121" srcActor="D0N4"/>
            <port dstActor="D0N11" name="p122" srcActor="D0N3"/>
            <port dstActor="D0N31" name="p123" srcActor="D0N3"/>
            <port dstActor="D0N26" name="p124" srcActor="D0N3"/>
            <port dstActor="D0N46" name="p125" srcActor="D0N3"/>
            <port dstActor="D0N4" name="p126" srcActor="D0N3"/>
            <port dstActor="D0N41" name="p127" srcActor="D0N35"/>
            <port dstActor="D0N42" name="p128" srcActor="D0N35"/>
            <port dstActor="D0N40" name="p129" srcActor="D0N35"/>
            <port dstActor="D0N27" name="p130" srcActor="D0N21"/>
            <port dstActor="D0N35" name="p131" srcActor="D0N21"/>
            <port dstActor="D0N42" name="p132" srcActor="D0N21"/>
            <port dstActor="D0N33" name="p133" srcActor="D0N9"/>
            <port dstActor="D0N41" name="p134" srcActor="D0N9"/>
            <port dstActor="D0N22" name="p135" srcActor="D0N9"/>
            <port dstActor="D0N44" name="p136" srcActor="D0N9"/>
            <port dstActor="D0N32" name="p137" srcActor="D0N9"/>
            <port dstActor="D0N48" name="p138" srcActor="D0N9"/>
            <port dstActor="D0N42" name="p139" srcActor="D0N25"/>
            <port dstActor="D0N38" name="p140" srcActor="D0N25"/>
            <port dstActor="D0N41" name="p141" srcActor="D0N25"/>
        </ports>
    </mcdag>
    <cores number="3"/>
    <levels number="2"/>
</mcsystem>
