<?xml version="1.0" encoding="UTF-8" standalone="no"?>
<mcsystem>
    <mcdag deadline="4000" name="genned-0-ed-10.0-0">
        <actor name="D0N47">
            <wcet number="0">30</wcet>
            <wcet number="1">70</wcet>
            <maxpow number="0.5406780941662455"/>
            <maxpow number="0.5406780941662455"/>
            <fprob>0.0</fprob>
        </actor>
        <actor name="D0N39">
            <wcet number="0">20</wcet>
            <wcet number="1">110</wcet>
            <maxpow number="0.42543502946045547"/>
            <maxpow number="0.42543502946045547"/>
            <fprob>0.0</fprob>
        </actor>
        <actor name="D0N43">
            <wcet number="0">90</wcet>
            <wcet number="1">120</wcet>
            <maxpow number="0.361474894764735"/>
            <maxpow number="0.361474894764735"/>
            <fprob>0.0</fprob>
        </actor>
        <actor name="D0N14">
            <wcet number="0">60</wcet>
            <wcet number="1">70</wcet>
            <maxpow number="0.6597181833158872"/>
            <maxpow number="0.6597181833158872"/>
            <fprob>0.0</fprob>
        </actor>
        <actor name="D0N13">
            <wcet number="0">10</wcet>
            <wcet number="1">540</wcet>
            <maxpow number="0.4649529779378573"/>
            <maxpow number="0.4649529779378573"/>
            <fprob>0.0</fprob>
        </actor>
        <actor name="D0N29">
            <wcet number="0">100</wcet>
            <wcet number="1">160</wcet>
            <maxpow number="0.639007186609494"/>
            <maxpow number="0.639007186609494"/>
            <fprob>0.0</fprob>
        </actor>
        <actor name="D0N21">
            <wcet number="0">80</wcet>
            <wcet number="1">280</wcet>
            <maxpow number="0.5623815629244878"/>
            <maxpow number="0.5623815629244878"/>
            <fprob>0.0</fprob>
        </actor>
        <actor name="D0N37">
            <wcet number="0">260</wcet>
            <wcet number="1">590</wcet>
            <maxpow number="0.38351733036616364"/>
            <maxpow number="0.38351733036616364"/>
            <fprob>0.0</fprob>
        </actor>
        <actor name="D0N20">
            <wcet number="0">80</wcet>
            <wcet number="1">210</wcet>
            <maxpow number="0.5042034542542353"/>
            <maxpow number="0.5042034542542353"/>
            <fprob>0.0</fprob>
        </actor>
        <actor name="D0N2">
            <wcet number="0">270</wcet>
            <wcet number="1">420</wcet>
            <maxpow number="0.6055916773719009"/>
            <maxpow number="0.6055916773719009"/>
            <fprob>0.0</fprob>
        </actor>
        <actor name="D0N12">
            <wcet number="0">280</wcet>
            <wcet number="1">600</wcet>
            <maxpow number="0.7739135646808472"/>
            <maxpow number="0.7739135646808472"/>
            <fprob>0.0</fprob>
        </actor>
        <actor name="D0N15">
            <wcet number="0">520</wcet>
            <wcet number="1">570</wcet>
            <maxpow number="0.40712791628900424"/>
            <maxpow number="0.40712791628900424"/>
            <fprob>0.0</fprob>
        </actor>
        <actor name="D0N10">
            <wcet number="0">50</wcet>
            <wcet number="1">130</wcet>
            <maxpow number="0.8855037118642923"/>
            <maxpow number="0.8855037118642923"/>
            <fprob>0.0</fprob>
        </actor>
        <actor name="D0N25">
            <wcet number="0">10</wcet>
            <wcet number="1">100</wcet>
            <maxpow number="0.24702588856075908"/>
            <maxpow number="0.24702588856075908"/>
            <fprob>0.0</fprob>
        </actor>
        <actor name="D0N7">
            <wcet number="0">100</wcet>
            <wcet number="1">110</wcet>
            <maxpow number="0.40773825974548866"/>
            <maxpow number="0.40773825974548866"/>
            <fprob>0.0</fprob>
        </actor>
        <actor name="D0N42">
            <wcet number="0">180</wcet>
            <wcet number="1">320</wcet>
            <maxpow number="0.6313091920534488"/>
            <maxpow number="0.6313091920534488"/>
            <fprob>0.0</fprob>
        </actor>
        <actor name="D0N18">
            <wcet number="0">10</wcet>
            <wcet number="1">30</wcet>
            <maxpow number="0.2741358730078457"/>
            <maxpow number="0.2741358730078457"/>
            <fprob>0.0</fprob>
        </actor>
        <actor name="D0N8">
            <wcet number="0">20</wcet>
            <wcet number="1">190</wcet>
            <maxpow number="0.6068641901358638"/>
            <maxpow number="0.6068641901358638"/>
            <fprob>0.0</fprob>
        </actor>
        <actor name="D0N19">
            <wcet number="0">300</wcet>
            <wcet number="1">380</wcet>
            <maxpow number="0.5584885236164777"/>
            <maxpow number="0.5584885236164777"/>
            <fprob>0.0</fprob>
        </actor>
        <actor name="D0N35">
            <wcet number="0">10</wcet>
            <wcet number="1">130</wcet>
            <maxpow number="0.48862706867004035"/>
            <maxpow number="0.48862706867004035"/>
            <fprob>0.0</fprob>
        </actor>
        <actor name="D0N46">
            <wcet number="0">10</wcet>
            <wcet number="1">20</wcet>
            <maxpow number="0.4123856404066898"/>
            <maxpow number="0.4123856404066898"/>
            <fprob>0.0</fprob>
        </actor>
        <actor name="D0N1">
            <wcet number="0">40</wcet>
            <wcet number="1">50</wcet>
            <maxpow number="0.47516825701190757"/>
            <maxpow number="0.47516825701190757"/>
            <fprob>0.0</fprob>
        </actor>
        <actor name="D0N33">
            <wcet number="0">80</wcet>
            <wcet number="1">140</wcet>
            <maxpow number="0.6693147584311574"/>
            <maxpow number="0.6693147584311574"/>
            <fprob>0.0</fprob>
        </actor>
        <actor name="D0N24">
            <wcet number="0">10</wcet>
            <wcet number="1">10</wcet>
            <maxpow number="0.4443129308074295"/>
            <maxpow number="0.4443129308074295"/>
            <fprob>0.0</fprob>
        </actor>
        <actor name="D0N5">
            <wcet number="0">80</wcet>
            <wcet number="1">90</wcet>
            <maxpow number="0.22036909910540636"/>
            <maxpow number="0.22036909910540636"/>
            <fprob>0.0</fprob>
        </actor>
        <actor name="D0N36">
            <wcet number="0">20</wcet>
            <wcet number="1">20</wcet>
            <maxpow number="0.5566617228458025"/>
            <maxpow number="0.5566617228458025"/>
            <fprob>0.0</fprob>
        </actor>
        <actor name="D0N40">
            <wcet number="0">300</wcet>
            <wcet number="1">360</wcet>
            <maxpow number="0.40438186604621884"/>
            <maxpow number="0.40438186604621884"/>
            <fprob>0.0</fprob>
        </actor>
        <actor name="D0N31">
            <wcet number="0">10</wcet>
            <wcet number="1">10</wcet>
            <maxpow number="0.3357636273549425"/>
            <maxpow number="0.3357636273549425"/>
            <fprob>0.0</fprob>
        </actor>
        <actor name="D0N49">
            <wcet number="0">40</wcet>
            <wcet number="1">80</wcet>
            <maxpow number="0.5337678197934831"/>
            <maxpow number="0.5337678197934831"/>
            <fprob>0.0</fprob>
        </actor>
        <actor name="D0N16">
            <wcet number="0">10</wcet>
            <wcet number="1">590</wcet>
            <maxpow number="0.5262181767118519"/>
            <maxpow number="0.5262181767118519"/>
            <fprob>0.0</fprob>
        </actor>
        <actor name="D0N11">
            <wcet number="0">90</wcet>
            <wcet number="1">210</wcet>
            <maxpow number="0.6317635529949491"/>
            <maxpow number="0.6317635529949491"/>
            <fprob>0.0</fprob>
        </actor>
        <actor name="D0N28">
            <wcet number="0">50</wcet>
            <wcet number="1">60</wcet>
            <maxpow number="0.45604329658809317"/>
            <maxpow number="0.45604329658809317"/>
            <fprob>0.0</fprob>
        </actor>
        <actor name="D0N9">
            <wcet number="0">30</wcet>
            <wcet number="1">70</wcet>
            <maxpow number="0.4801066594061331"/>
            <maxpow number="0.4801066594061331"/>
            <fprob>0.0</fprob>
        </actor>
        <actor name="D0N26">
            <wcet number="0">50</wcet>
            <wcet number="1">280</wcet>
            <maxpow number="0.3731978841751959"/>
            <maxpow number="0.3731978841751959"/>
            <fprob>0.0</fprob>
        </actor>
        <actor name="D0N30">
            <wcet number="0">90</wcet>
            <wcet number="1">150</wcet>
            <maxpow number="0.5996224019701479"/>
            <maxpow number="0.5996224019701479"/>
            <fprob>0.0</fprob>
        </actor>
        <actor name="D0N44">
            <wcet number="0">80</wcet>
            <wcet number="1">80</wcet>
            <maxpow number="0.8322862377045375"/>
            <maxpow number="0.8322862377045375"/>
            <fprob>0.0</fprob>
        </actor>
        <actor name="D0N41">
            <wcet number="0">500</wcet>
            <wcet number="1">560</wcet>
            <maxpow number="0.5092264765112556"/>
            <maxpow number="0.5092264765112556"/>
            <fprob>0.0</fprob>
        </actor>
        <actor name="D0N3">
            <wcet number="0">400</wcet>
            <wcet number="1">470</wcet>
            <maxpow number="0.7123735440437738"/>
            <maxpow number="0.7123735440437738"/>
            <fprob>0.0</fprob>
        </actor>
        <actor name="D0N23">
            <wcet number="0">130</wcet>
            <wcet number="1">500</wcet>
            <maxpow number="0.551140323015972"/>
            <maxpow number="0.551140323015972"/>
            <fprob>0.0</fprob>
        </actor>
        <actor name="D0N27">
            <wcet number="0">20</wcet>
            <wcet number="1">30</wcet>
            <maxpow number="0.6029432040123405"/>
            <maxpow number="0.6029432040123405"/>
            <fprob>0.0</fprob>
        </actor>
        <actor name="D0N45">
            <wcet number="0">160</wcet>
            <wcet number="1">200</wcet>
            <maxpow number="0.31518828471324656"/>
            <maxpow number="0.31518828471324656"/>
            <fprob>0.0</fprob>
        </actor>
        <actor name="D0N17">
            <wcet number="0">20</wcet>
            <wcet number="1">30</wcet>
            <maxpow number="0.6587689167273172"/>
            <maxpow number="0.6587689167273172"/>
            <fprob>0.0</fprob>
        </actor>
        <actor name="D0N6">
            <wcet number="0">10</wcet>
            <wcet number="1">10</wcet>
            <maxpow number="0.25145148063150935"/>
            <maxpow number="0.25145148063150935"/>
            <fprob>0.0</fprob>
        </actor>
        <actor name="D0N48">
            <wcet number="0">310</wcet>
            <wcet number="1">430</wcet>
            <maxpow number="0.6090533768024544"/>
            <maxpow number="0.6090533768024544"/>
            <fprob>0.0</fprob>
        </actor>
        <actor name="D0N34">
            <wcet number="0">20</wcet>
            <wcet number="1">150</wcet>
            <maxpow number="0.6800685639869483"/>
            <maxpow number="0.6800685639869483"/>
            <fprob>0.0</fprob>
        </actor>
        <actor name="D0N0">
            <wcet number="0">30</wcet>
            <wcet number="1">200</wcet>
            <maxpow number="0.6891503095496982"/>
            <maxpow number="0.6891503095496982"/>
            <fprob>0.0</fprob>
        </actor>
        <actor name="D0N4">
            <wcet number="0">10</wcet>
            <wcet number="1">10</wcet>
            <maxpow number="0.26141824396477"/>
            <maxpow number="0.26141824396477"/>
            <fprob>0.0</fprob>
        </actor>
        <actor name="D0N38">
            <wcet number="0">250</wcet>
            <wcet number="1">320</wcet>
            <maxpow number="0.7854825826174449"/>
            <maxpow number="0.7854825826174449"/>
            <fprob>0.0</fprob>
        </actor>
        <actor name="D0N32">
            <wcet number="0">20</wcet>
            <wcet number="1">230</wcet>
            <maxpow number="0.3157361918349282"/>
            <maxpow number="0.3157361918349282"/>
            <fprob>0.0</fprob>
        </actor>
        <actor name="D0N22">
            <wcet number="0">180</wcet>
            <wcet number="1">310</wcet>
            <maxpow number="0.610047692987447"/>
            <maxpow number="0.610047692987447"/>
            <fprob>0.0</fprob>
        </actor>
        <ports>
            <port dstActor="D0N39" name="p0" srcActor="D0N14"/>
            <port dstActor="D0N32" name="p1" srcActor="D0N14"/>
            <port dstActor="D0N33" name="p2" srcActor="D0N13"/>
            <port dstActor="D0N40" name="p3" srcActor="D0N13"/>
            <port dstActor="D0N32" name="p4" srcActor="D0N29"/>
            <port dstActor="D0N25" name="p5" srcActor="D0N21"/>
            <port dstActor="D0N39" name="p6" srcActor="D0N21"/>
            <port dstActor="D0N29" name="p7" srcActor="D0N21"/>
            <port dstActor="D0N38" name="p8" srcActor="D0N20"/>
            <port dstActor="D0N11" name="p9" srcActor="D0N2"/>
            <port dstActor="D0N25" name="p10" srcActor="D0N2"/>
            <port dstActor="D0N42" name="p11" srcActor="D0N2"/>
            <port dstActor="D0N27" name="p12" srcActor="D0N2"/>
            <port dstActor="D0N49" name="p13" srcActor="D0N2"/>
            <port dstActor="D0N40" name="p14" srcActor="D0N12"/>
            <port dstActor="D0N24" name="p15" srcActor="D0N12"/>
            <port dstActor="D0N42" name="p16" srcActor="D0N12"/>
            <port dstActor="D0N49" name="p17" srcActor="D0N12"/>
            <port dstActor="D0N46" name="p18" srcActor="D0N15"/>
            <port dstActor="D0N16" name="p19" srcActor="D0N15"/>
            <port dstActor="D0N23" name="p20" srcActor="D0N15"/>
            <port dstActor="D0N43" name="p21" srcActor="D0N15"/>
            <port dstActor="D0N35" name="p22" srcActor="D0N10"/>
            <port dstActor="D0N28" name="p23" srcActor="D0N10"/>
            <port dstActor="D0N31" name="p24" srcActor="D0N10"/>
            <port dstActor="D0N19" name="p25" srcActor="D0N10"/>
            <port dstActor="D0N21" name="p26" srcActor="D0N10"/>
            <port dstActor="D0N29" name="p27" srcActor="D0N10"/>
            <port dstActor="D0N40" name="p28" srcActor="D0N25"/>
            <port dstActor="D0N43" name="p29" srcActor="D0N25"/>
            <port dstActor="D0N27" name="p30" srcActor="D0N7"/>
            <port dstActor="D0N28" name="p31" srcActor="D0N7"/>
            <port dstActor="D0N34" name="p32" srcActor="D0N7"/>
            <port dstActor="D0N39" name="p33" srcActor="D0N7"/>
            <port dstActor="D0N31" name="p34" srcActor="D0N7"/>
            <port dstActor="D0N20" name="p35" srcActor="D0N18"/>
            <port dstActor="D0N35" name="p36" srcActor="D0N18"/>
            <port dstActor="D0N38" name="p37" srcActor="D0N18"/>
            <port dstActor="D0N47" name="p38" srcActor="D0N8"/>
            <port dstActor="D0N30" name="p39" srcActor="D0N8"/>
            <port dstActor="D0N19" name="p40" srcActor="D0N8"/>
            <port dstActor="D0N18" name="p41" srcActor="D0N8"/>
            <port dstActor="D0N46" name="p42" srcActor="D0N8"/>
            <port dstActor="D0N26" name="p43" srcActor="D0N19"/>
            <port dstActor="D0N27" name="p44" srcActor="D0N19"/>
            <port dstActor="D0N41" name="p45" srcActor="D0N35"/>
            <port dstActor="D0N49" name="p46" srcActor="D0N46"/>
            <port dstActor="D0N44" name="p47" srcActor="D0N1"/>
            <port dstActor="D0N49" name="p48" srcActor="D0N1"/>
            <port dstActor="D0N26" name="p49" srcActor="D0N1"/>
            <port dstActor="D0N43" name="p50" srcActor="D0N1"/>
            <port dstActor="D0N20" name="p51" srcActor="D0N1"/>
            <port dstActor="D0N30" name="p52" srcActor="D0N1"/>
            <port dstActor="D0N49" name="p53" srcActor="D0N33"/>
            <port dstActor="D0N41" name="p54" srcActor="D0N33"/>
            <port dstActor="D0N32" name="p55" srcActor="D0N5"/>
            <port dstActor="D0N26" name="p56" srcActor="D0N5"/>
            <port dstActor="D0N8" name="p57" srcActor="D0N5"/>
            <port dstActor="D0N13" name="p58" srcActor="D0N5"/>
            <port dstActor="D0N46" name="p59" srcActor="D0N5"/>
            <port dstActor="D0N44" name="p60" srcActor="D0N36"/>
            <port dstActor="D0N40" name="p61" srcActor="D0N36"/>
            <port dstActor="D0N39" name="p62" srcActor="D0N36"/>
            <port dstActor="D0N48" name="p63" srcActor="D0N36"/>
            <port dstActor="D0N44" name="p64" srcActor="D0N31"/>
            <port dstActor="D0N20" name="p65" srcActor="D0N16"/>
            <port dstActor="D0N31" name="p66" srcActor="D0N16"/>
            <port dstActor="D0N29" name="p67" srcActor="D0N16"/>
            <port dstActor="D0N30" name="p68" srcActor="D0N16"/>
            <port dstActor="D0N45" name="p69" srcActor="D0N16"/>
            <port dstActor="D0N26" name="p70" srcActor="D0N11"/>
            <port dstActor="D0N46" name="p71" srcActor="D0N11"/>
            <port dstActor="D0N48" name="p72" srcActor="D0N11"/>
            <port dstActor="D0N30" name="p73" srcActor="D0N28"/>
            <port dstActor="D0N36" name="p74" srcActor="D0N28"/>
            <port dstActor="D0N39" name="p75" srcActor="D0N28"/>
            <port dstActor="D0N22" name="p76" srcActor="D0N9"/>
            <port dstActor="D0N19" name="p77" srcActor="D0N9"/>
            <port dstActor="D0N31" name="p78" srcActor="D0N9"/>
            <port dstActor="D0N14" name="p79" srcActor="D0N9"/>
            <port dstActor="D0N33" name="p80" srcActor="D0N26"/>
            <port dstActor="D0N39" name="p81" srcActor="D0N26"/>
            <port dstActor="D0N41" name="p82" srcActor="D0N26"/>
            <port dstActor="D0N47" name="p83" srcActor="D0N26"/>
            <port dstActor="D0N29" name="p84" srcActor="D0N26"/>
            <port dstActor="D0N31" name="p85" srcActor="D0N26"/>
            <port dstActor="D0N35" name="p86" srcActor="D0N30"/>
            <port dstActor="D0N41" name="p87" srcActor="D0N30"/>
            <port dstActor="D0N5" name="p88" srcActor="D0N3"/>
            <port dstActor="D0N34" name="p89" srcActor="D0N3"/>
            <port dstActor="D0N15" name="p90" srcActor="D0N3"/>
            <port dstActor="D0N13" name="p91" srcActor="D0N3"/>
            <port dstActor="D0N38" name="p92" srcActor="D0N3"/>
            <port dstActor="D0N17" name="p93" srcActor="D0N3"/>
            <port dstActor="D0N11" name="p94" srcActor="D0N3"/>
            <port dstActor="D0N46" name="p95" srcActor="D0N23"/>
            <port dstActor="D0N45" name="p96" srcActor="D0N27"/>
            <port dstActor="D0N42" name="p97" srcActor="D0N27"/>
            <port dstActor="D0N36" name="p98" srcActor="D0N27"/>
            <port dstActor="D0N48" name="p99" srcActor="D0N45"/>
            <port dstActor="D0N36" name="p100" srcActor="D0N17"/>
            <port dstActor="D0N49" name="p101" srcActor="D0N17"/>
            <port dstActor="D0N26" name="p102" srcActor="D0N17"/>
            <port dstActor="D0N14" name="p103" srcActor="D0N6"/>
            <port dstActor="D0N34" name="p104" srcActor="D0N6"/>
            <port dstActor="D0N40" name="p105" srcActor="D0N6"/>
            <port dstActor="D0N39" name="p106" srcActor="D0N6"/>
            <port dstActor="D0N17" name="p107" srcActor="D0N6"/>
            <port dstActor="D0N45" name="p108" srcActor="D0N6"/>
            <port dstActor="D0N48" name="p109" srcActor="D0N6"/>
            <port dstActor="D0N46" name="p110" srcActor="D0N34"/>
            <port dstActor="D0N41" name="p111" srcActor="D0N34"/>
            <port dstActor="D0N46" name="p112" srcActor="D0N0"/>
            <port dstActor="D0N10" name="p113" srcActor="D0N0"/>
            <port dstActor="D0N1" name="p114" srcActor="D0N0"/>
            <port dstActor="D0N49" name="p115" srcActor="D0N4"/>
            <port dstActor="D0N20" name="p116" srcActor="D0N4"/>
            <port dstActor="D0N22" name="p117" srcActor="D0N4"/>
            <port dstActor="D0N45" name="p118" srcActor="D0N32"/>
            <port dstActor="D0N36" name="p119" srcActor="D0N32"/>
            <port dstActor="D0N32" name="p120" srcActor="D0N22"/>
            <port dstActor="D0N41" name="p121" srcActor="D0N22"/>
            <port dstActor="D0N31" name="p122" srcActor="D0N22"/>
            <port dstActor="D0N43" name="p123" srcActor="D0N22"/>
            <port dstActor="D0N45" name="p124" srcActor="D0N22"/>
            <port dstActor="D0N29" name="p125" srcActor="D0N22"/>
            <port dstActor="D0N39" name="p126" srcActor="D0N22"/>
        </ports>
    </mcdag>
    <cores number="3"/>
    <levels number="2"/>
</mcsystem>
