<?xml version="1.0" encoding="UTF-8" standalone="no"?>
<mcsystem>
    <mcdag deadline="2000" name="genned-0-ed-10.0-0">
        <actor name="D0N7">
            <wcet number="0">80</wcet>
            <wcet number="1">90</wcet>
            <maxpow number="0.6551967461423326"/>
            <maxpow number="0.6551967461423326"/>
            <fprob>0.0</fprob>
        </actor>
        <actor name="D0N12">
            <wcet number="0">100</wcet>
            <wcet number="1">110</wcet>
            <maxpow number="0.6237197248730589"/>
            <maxpow number="0.6237197248730589"/>
            <fprob>0.0</fprob>
        </actor>
        <actor name="D0N43">
            <wcet number="0">110</wcet>
            <wcet number="1">110</wcet>
            <maxpow number="0.343989329986225"/>
            <maxpow number="0.343989329986225"/>
            <fprob>0.0</fprob>
        </actor>
        <actor name="D0N30">
            <wcet number="0">70</wcet>
            <wcet number="1">130</wcet>
            <maxpow number="0.6763084636624122"/>
            <maxpow number="0.6763084636624122"/>
            <fprob>0.0</fprob>
        </actor>
        <actor name="D0N22">
            <wcet number="0">40</wcet>
            <wcet number="1">50</wcet>
            <maxpow number="0.5149812611044777"/>
            <maxpow number="0.5149812611044777"/>
            <fprob>0.0</fprob>
        </actor>
        <actor name="D0N11">
            <wcet number="0">10</wcet>
            <wcet number="1">50</wcet>
            <maxpow number="0.30862514109813943"/>
            <maxpow number="0.30862514109813943"/>
            <fprob>0.0</fprob>
        </actor>
        <actor name="D0N25">
            <wcet number="0">10</wcet>
            <wcet number="1">10</wcet>
            <maxpow number="0.6472575773576711"/>
            <maxpow number="0.6472575773576711"/>
            <fprob>0.0</fprob>
        </actor>
        <actor name="D0N16">
            <wcet number="0">120</wcet>
            <wcet number="1">320</wcet>
            <maxpow number="0.3426347778395842"/>
            <maxpow number="0.3426347778395842"/>
            <fprob>0.0</fprob>
        </actor>
        <actor name="D0N17">
            <wcet number="0">100</wcet>
            <wcet number="1">100</wcet>
            <maxpow number="0.5494291463440444"/>
            <maxpow number="0.5494291463440444"/>
            <fprob>0.0</fprob>
        </actor>
        <actor name="D0N42">
            <wcet number="0">40</wcet>
            <wcet number="1">120</wcet>
            <maxpow number="0.43320954391043526"/>
            <maxpow number="0.43320954391043526"/>
            <fprob>0.0</fprob>
        </actor>
        <actor name="D0N48">
            <wcet number="0">60</wcet>
            <wcet number="1">60</wcet>
            <maxpow number="0.4370071877662085"/>
            <maxpow number="0.4370071877662085"/>
            <fprob>0.0</fprob>
        </actor>
        <actor name="D0N2">
            <wcet number="0">20</wcet>
            <wcet number="1">60</wcet>
            <maxpow number="0.29870894956373034"/>
            <maxpow number="0.29870894956373034"/>
            <fprob>0.0</fprob>
        </actor>
        <actor name="D0N10">
            <wcet number="0">10</wcet>
            <wcet number="1">10</wcet>
            <maxpow number="0.3826458504989625"/>
            <maxpow number="0.3826458504989625"/>
            <fprob>0.0</fprob>
        </actor>
        <actor name="D0N24">
            <wcet number="0">10</wcet>
            <wcet number="1">10</wcet>
            <maxpow number="0.6590904727708292"/>
            <maxpow number="0.6590904727708292"/>
            <fprob>0.0</fprob>
        </actor>
        <actor name="D0N40">
            <wcet number="0">130</wcet>
            <wcet number="1">130</wcet>
            <maxpow number="0.40140624102067946"/>
            <maxpow number="0.40140624102067946"/>
            <fprob>0.0</fprob>
        </actor>
        <actor name="D0N18">
            <wcet number="0">80</wcet>
            <wcet number="1">140</wcet>
            <maxpow number="0.5918418614046116"/>
            <maxpow number="0.5918418614046116"/>
            <fprob>0.0</fprob>
        </actor>
        <actor name="D0N13">
            <wcet number="0">20</wcet>
            <wcet number="1">60</wcet>
            <maxpow number="0.7582024829280417"/>
            <maxpow number="0.7582024829280417"/>
            <fprob>0.0</fprob>
        </actor>
        <actor name="D0N31">
            <wcet number="0">70</wcet>
            <wcet number="1">70</wcet>
            <maxpow number="0.8293928317697477"/>
            <maxpow number="0.8293928317697477"/>
            <fprob>0.0</fprob>
        </actor>
        <actor name="D0N5">
            <wcet number="0">90</wcet>
            <wcet number="1">100</wcet>
            <maxpow number="0.5086980152502227"/>
            <maxpow number="0.5086980152502227"/>
            <fprob>0.0</fprob>
        </actor>
        <actor name="D0N35">
            <wcet number="0">10</wcet>
            <wcet number="1">10</wcet>
            <maxpow number="0.5012514289499813"/>
            <maxpow number="0.5012514289499813"/>
            <fprob>0.0</fprob>
        </actor>
        <actor name="D0N32">
            <wcet number="0">50</wcet>
            <wcet number="1">120</wcet>
            <maxpow number="0.5643144731435434"/>
            <maxpow number="0.5643144731435434"/>
            <fprob>0.0</fprob>
        </actor>
        <actor name="D0N29">
            <wcet number="0">30</wcet>
            <wcet number="1">60</wcet>
            <maxpow number="0.641108439959323"/>
            <maxpow number="0.641108439959323"/>
            <fprob>0.0</fprob>
        </actor>
        <actor name="D0N4">
            <wcet number="0">10</wcet>
            <wcet number="1">10</wcet>
            <maxpow number="0.4104792254043296"/>
            <maxpow number="0.4104792254043296"/>
            <fprob>0.0</fprob>
        </actor>
        <actor name="D0N38">
            <wcet number="0">30</wcet>
            <wcet number="1">30</wcet>
            <maxpow number="0.6636818017387319"/>
            <maxpow number="0.6636818017387319"/>
            <fprob>0.0</fprob>
        </actor>
        <actor name="D0N0">
            <wcet number="0">40</wcet>
            <wcet number="1">170</wcet>
            <maxpow number="0.7019169826122016"/>
            <maxpow number="0.7019169826122016"/>
            <fprob>0.0</fprob>
        </actor>
        <actor name="D0N28">
            <wcet number="0">20</wcet>
            <wcet number="1">20</wcet>
            <maxpow number="0.5062209080364151"/>
            <maxpow number="0.5062209080364151"/>
            <fprob>0.0</fprob>
        </actor>
        <actor name="D0N23">
            <wcet number="0">30</wcet>
            <wcet number="1">130</wcet>
            <maxpow number="0.41996627556969623"/>
            <maxpow number="0.41996627556969623"/>
            <fprob>0.0</fprob>
        </actor>
        <actor name="D0N37">
            <wcet number="0">10</wcet>
            <wcet number="1">50</wcet>
            <maxpow number="1.0059541891268755"/>
            <maxpow number="1.0059541891268755"/>
            <fprob>0.0</fprob>
        </actor>
        <actor name="D0N6">
            <wcet number="0">170</wcet>
            <wcet number="1">270</wcet>
            <maxpow number="0.8955298241171663"/>
            <maxpow number="0.8955298241171663"/>
            <fprob>0.0</fprob>
        </actor>
        <actor name="D0N8">
            <wcet number="0">30</wcet>
            <wcet number="1">120</wcet>
            <maxpow number="0.03584902136230417"/>
            <maxpow number="0.03584902136230417"/>
            <fprob>0.0</fprob>
        </actor>
        <actor name="D0N19">
            <wcet number="0">150</wcet>
            <wcet number="1">320</wcet>
            <maxpow number="0.43545524460839896"/>
            <maxpow number="0.43545524460839896"/>
            <fprob>0.0</fprob>
        </actor>
        <actor name="D0N21">
            <wcet number="0">50</wcet>
            <wcet number="1">60</wcet>
            <maxpow number="0.4652008243606612"/>
            <maxpow number="0.4652008243606612"/>
            <fprob>0.0</fprob>
        </actor>
        <actor name="D0N3">
            <wcet number="0">40</wcet>
            <wcet number="1">60</wcet>
            <maxpow number="0.22836781700983788"/>
            <maxpow number="0.22836781700983788"/>
            <fprob>0.0</fprob>
        </actor>
        <actor name="D0N39">
            <wcet number="0">40</wcet>
            <wcet number="1">50</wcet>
            <maxpow number="0.4883370997958021"/>
            <maxpow number="0.4883370997958021"/>
            <fprob>0.0</fprob>
        </actor>
        <actor name="D0N33">
            <wcet number="0">20</wcet>
            <wcet number="1">60</wcet>
            <maxpow number="0.6029233054528261"/>
            <maxpow number="0.6029233054528261"/>
            <fprob>0.0</fprob>
        </actor>
        <actor name="D0N44">
            <wcet number="0">10</wcet>
            <wcet number="1">10</wcet>
            <maxpow number="0.1790600604851013"/>
            <maxpow number="0.1790600604851013"/>
            <fprob>0.0</fprob>
        </actor>
        <actor name="D0N41">
            <wcet number="0">140</wcet>
            <wcet number="1">380</wcet>
            <maxpow number="0.7255506269775444"/>
            <maxpow number="0.7255506269775444"/>
            <fprob>0.0</fprob>
        </actor>
        <actor name="D0N45">
            <wcet number="0">40</wcet>
            <wcet number="1">230</wcet>
            <maxpow number="0.3485394380618929"/>
            <maxpow number="0.3485394380618929"/>
            <fprob>0.0</fprob>
        </actor>
        <actor name="D0N20">
            <wcet number="0">40</wcet>
            <wcet number="1">240</wcet>
            <maxpow number="0.4940273590108771"/>
            <maxpow number="0.4940273590108771"/>
            <fprob>0.0</fprob>
        </actor>
        <actor name="D0N27">
            <wcet number="0">30</wcet>
            <wcet number="1">50</wcet>
            <maxpow number="0.7207879934699106"/>
            <maxpow number="0.7207879934699106"/>
            <fprob>0.0</fprob>
        </actor>
        <actor name="D0N26">
            <wcet number="0">20</wcet>
            <wcet number="1">20</wcet>
            <maxpow number="0.35824355368947514"/>
            <maxpow number="0.35824355368947514"/>
            <fprob>0.0</fprob>
        </actor>
        <actor name="D0N34">
            <wcet number="0">20</wcet>
            <wcet number="1">20</wcet>
            <maxpow number="0.5813824273086344"/>
            <maxpow number="0.5813824273086344"/>
            <fprob>0.0</fprob>
        </actor>
        <actor name="D0N47">
            <wcet number="0">70</wcet>
            <wcet number="1">220</wcet>
            <maxpow number="0.6908047192487601"/>
            <maxpow number="0.6908047192487601"/>
            <fprob>0.0</fprob>
        </actor>
        <actor name="D0N9">
            <wcet number="0">80</wcet>
            <wcet number="1">80</wcet>
            <maxpow number="0.6445977036370338"/>
            <maxpow number="0.6445977036370338"/>
            <fprob>0.0</fprob>
        </actor>
        <actor name="D0N1">
            <wcet number="0">10</wcet>
            <wcet number="1">10</wcet>
            <maxpow number="0.6884855703031008"/>
            <maxpow number="0.6884855703031008"/>
            <fprob>0.0</fprob>
        </actor>
        <actor name="D0N14">
            <wcet number="0">10</wcet>
            <wcet number="1">10</wcet>
            <maxpow number="0.1412930685051647"/>
            <maxpow number="0.1412930685051647"/>
            <fprob>0.0</fprob>
        </actor>
        <actor name="D0N15">
            <wcet number="0">50</wcet>
            <wcet number="1">50</wcet>
            <maxpow number="0.6050402956849968"/>
            <maxpow number="0.6050402956849968"/>
            <fprob>0.0</fprob>
        </actor>
        <actor name="D0N36">
            <wcet number="0">30</wcet>
            <wcet number="1">50</wcet>
            <maxpow number="0.5020659643689694"/>
            <maxpow number="0.5020659643689694"/>
            <fprob>0.0</fprob>
        </actor>
        <actor name="D0N46">
            <wcet number="0">50</wcet>
            <wcet number="1">160</wcet>
            <maxpow number="0.3110056978178606"/>
            <maxpow number="0.3110056978178606"/>
            <fprob>0.0</fprob>
        </actor>
        <ports>
            <port dstActor="D0N41" name="p0" srcActor="D0N7"/>
            <port dstActor="D0N17" name="p1" srcActor="D0N7"/>
            <port dstActor="D0N22" name="p2" srcActor="D0N12"/>
            <port dstActor="D0N25" name="p3" srcActor="D0N12"/>
            <port dstActor="D0N41" name="p4" srcActor="D0N12"/>
            <port dstActor="D0N20" name="p5" srcActor="D0N12"/>
            <port dstActor="D0N40" name="p6" srcActor="D0N12"/>
            <port dstActor="D0N46" name="p7" srcActor="D0N12"/>
            <port dstActor="D0N30" name="p8" srcActor="D0N12"/>
            <port dstActor="D0N48" name="p9" srcActor="D0N12"/>
            <port dstActor="D0N26" name="p10" srcActor="D0N12"/>
            <port dstActor="D0N33" name="p11" srcActor="D0N12"/>
            <port dstActor="D0N37" name="p12" srcActor="D0N30"/>
            <port dstActor="D0N38" name="p13" srcActor="D0N22"/>
            <port dstActor="D0N30" name="p14" srcActor="D0N22"/>
            <port dstActor="D0N48" name="p15" srcActor="D0N22"/>
            <port dstActor="D0N41" name="p16" srcActor="D0N22"/>
            <port dstActor="D0N15" name="p17" srcActor="D0N11"/>
            <port dstActor="D0N16" name="p18" srcActor="D0N11"/>
            <port dstActor="D0N19" name="p19" srcActor="D0N11"/>
            <port dstActor="D0N40" name="p20" srcActor="D0N25"/>
            <port dstActor="D0N35" name="p21" srcActor="D0N16"/>
            <port dstActor="D0N33" name="p22" srcActor="D0N16"/>
            <port dstActor="D0N38" name="p23" srcActor="D0N16"/>
            <port dstActor="D0N41" name="p24" srcActor="D0N16"/>
            <port dstActor="D0N42" name="p25" srcActor="D0N17"/>
            <port dstActor="D0N41" name="p26" srcActor="D0N17"/>
            <port dstActor="D0N44" name="p27" srcActor="D0N17"/>
            <port dstActor="D0N47" name="p28" srcActor="D0N42"/>
            <port dstActor="D0N32" name="p29" srcActor="D0N2"/>
            <port dstActor="D0N12" name="p30" srcActor="D0N2"/>
            <port dstActor="D0N7" name="p31" srcActor="D0N2"/>
            <port dstActor="D0N38" name="p32" srcActor="D0N2"/>
            <port dstActor="D0N9" name="p33" srcActor="D0N2"/>
            <port dstActor="D0N23" name="p34" srcActor="D0N2"/>
            <port dstActor="D0N10" name="p35" srcActor="D0N2"/>
            <port dstActor="D0N18" name="p36" srcActor="D0N2"/>
            <port dstActor="D0N26" name="p37" srcActor="D0N2"/>
            <port dstActor="D0N40" name="p38" srcActor="D0N2"/>
            <port dstActor="D0N36" name="p39" srcActor="D0N10"/>
            <port dstActor="D0N25" name="p40" srcActor="D0N10"/>
            <port dstActor="D0N11" name="p41" srcActor="D0N10"/>
            <port dstActor="D0N27" name="p42" srcActor="D0N10"/>
            <port dstActor="D0N45" name="p43" srcActor="D0N10"/>
            <port dstActor="D0N29" name="p44" srcActor="D0N10"/>
            <port dstActor="D0N31" name="p45" srcActor="D0N24"/>
            <port dstActor="D0N45" name="p46" srcActor="D0N24"/>
            <port dstActor="D0N47" name="p47" srcActor="D0N40"/>
            <port dstActor="D0N29" name="p48" srcActor="D0N18"/>
            <port dstActor="D0N24" name="p49" srcActor="D0N18"/>
            <port dstActor="D0N43" name="p50" srcActor="D0N13"/>
            <port dstActor="D0N22" name="p51" srcActor="D0N13"/>
            <port dstActor="D0N40" name="p52" srcActor="D0N13"/>
            <port dstActor="D0N46" name="p53" srcActor="D0N31"/>
            <port dstActor="D0N13" name="p54" srcActor="D0N5"/>
            <port dstActor="D0N16" name="p55" srcActor="D0N5"/>
            <port dstActor="D0N41" name="p56" srcActor="D0N5"/>
            <port dstActor="D0N9" name="p57" srcActor="D0N5"/>
            <port dstActor="D0N48" name="p58" srcActor="D0N35"/>
            <port dstActor="D0N46" name="p59" srcActor="D0N32"/>
            <port dstActor="D0N47" name="p60" srcActor="D0N32"/>
            <port dstActor="D0N36" name="p61" srcActor="D0N29"/>
            <port dstActor="D0N44" name="p62" srcActor="D0N29"/>
            <port dstActor="D0N42" name="p63" srcActor="D0N29"/>
            <port dstActor="D0N31" name="p64" srcActor="D0N29"/>
            <port dstActor="D0N43" name="p65" srcActor="D0N4"/>
            <port dstActor="D0N36" name="p66" srcActor="D0N4"/>
            <port dstActor="D0N38" name="p67" srcActor="D0N4"/>
            <port dstActor="D0N44" name="p68" srcActor="D0N38"/>
            <port dstActor="D0N45" name="p69" srcActor="D0N38"/>
            <port dstActor="D0N25" name="p70" srcActor="D0N0"/>
            <port dstActor="D0N27" name="p71" srcActor="D0N0"/>
            <port dstActor="D0N44" name="p72" srcActor="D0N0"/>
            <port dstActor="D0N30" name="p73" srcActor="D0N28"/>
            <port dstActor="D0N47" name="p74" srcActor="D0N28"/>
            <port dstActor="D0N24" name="p75" srcActor="D0N23"/>
            <port dstActor="D0N47" name="p76" srcActor="D0N23"/>
            <port dstActor="D0N28" name="p77" srcActor="D0N23"/>
            <port dstActor="D0N29" name="p78" srcActor="D0N6"/>
            <port dstActor="D0N27" name="p79" srcActor="D0N6"/>
            <port dstActor="D0N17" name="p80" srcActor="D0N8"/>
            <port dstActor="D0N19" name="p81" srcActor="D0N8"/>
            <port dstActor="D0N22" name="p82" srcActor="D0N8"/>
            <port dstActor="D0N39" name="p83" srcActor="D0N8"/>
            <port dstActor="D0N42" name="p84" srcActor="D0N8"/>
            <port dstActor="D0N24" name="p85" srcActor="D0N21"/>
            <port dstActor="D0N30" name="p86" srcActor="D0N21"/>
            <port dstActor="D0N36" name="p87" srcActor="D0N21"/>
            <port dstActor="D0N5" name="p88" srcActor="D0N3"/>
            <port dstActor="D0N15" name="p89" srcActor="D0N3"/>
            <port dstActor="D0N42" name="p90" srcActor="D0N3"/>
            <port dstActor="D0N10" name="p91" srcActor="D0N3"/>
            <port dstActor="D0N48" name="p92" srcActor="D0N3"/>
            <port dstActor="D0N25" name="p93" srcActor="D0N3"/>
            <port dstActor="D0N41" name="p94" srcActor="D0N39"/>
            <port dstActor="D0N40" name="p95" srcActor="D0N39"/>
            <port dstActor="D0N45" name="p96" srcActor="D0N33"/>
            <port dstActor="D0N43" name="p97" srcActor="D0N20"/>
            <port dstActor="D0N29" name="p98" srcActor="D0N20"/>
            <port dstActor="D0N32" name="p99" srcActor="D0N20"/>
            <port dstActor="D0N33" name="p100" srcActor="D0N20"/>
            <port dstActor="D0N35" name="p101" srcActor="D0N20"/>
            <port dstActor="D0N38" name="p102" srcActor="D0N20"/>
            <port dstActor="D0N47" name="p103" srcActor="D0N27"/>
            <port dstActor="D0N32" name="p104" srcActor="D0N27"/>
            <port dstActor="D0N48" name="p105" srcActor="D0N27"/>
            <port dstActor="D0N44" name="p106" srcActor="D0N27"/>
            <port dstActor="D0N45" name="p107" srcActor="D0N34"/>
            <port dstActor="D0N48" name="p108" srcActor="D0N34"/>
            <port dstActor="D0N37" name="p109" srcActor="D0N9"/>
            <port dstActor="D0N45" name="p110" srcActor="D0N9"/>
            <port dstActor="D0N44" name="p111" srcActor="D0N9"/>
            <port dstActor="D0N32" name="p112" srcActor="D0N9"/>
            <port dstActor="D0N43" name="p113" srcActor="D0N1"/>
            <port dstActor="D0N40" name="p114" srcActor="D0N1"/>
            <port dstActor="D0N20" name="p115" srcActor="D0N1"/>
            <port dstActor="D0N41" name="p116" srcActor="D0N1"/>
            <port dstActor="D0N35" name="p117" srcActor="D0N14"/>
            <port dstActor="D0N16" name="p118" srcActor="D0N14"/>
            <port dstActor="D0N38" name="p119" srcActor="D0N14"/>
            <port dstActor="D0N48" name="p120" srcActor="D0N14"/>
            <port dstActor="D0N42" name="p121" srcActor="D0N14"/>
            <port dstActor="D0N33" name="p122" srcActor="D0N14"/>
            <port dstActor="D0N29" name="p123" srcActor="D0N15"/>
            <port dstActor="D0N21" name="p124" srcActor="D0N15"/>
            <port dstActor="D0N40" name="p125" srcActor="D0N15"/>
            <port dstActor="D0N42" name="p126" srcActor="D0N36"/>
            <port dstActor="D0N43" name="p127" srcActor="D0N36"/>
        </ports>
    </mcdag>
    <cores number="3"/>
    <levels number="2"/>
</mcsystem>
