<?xml version="1.0" encoding="UTF-8" standalone="no"?>
<mcsystem>
    <mcdag deadline="2000" name="genned-0-ed-10.0-0">
        <actor name="D0N7">
            <wcet number="0">10</wcet>
            <wcet number="1">50</wcet>
            <maxpow number="0.340654587514382"/>
            <maxpow number="0.340654587514382"/>
            <fprob>0.0</fprob>
        </actor>
        <actor name="D0N43">
            <wcet number="0">40</wcet>
            <wcet number="1">80</wcet>
            <maxpow number="0.26783131773294033"/>
            <maxpow number="0.26783131773294033"/>
            <fprob>0.0</fprob>
        </actor>
        <actor name="D0N38">
            <wcet number="0">20</wcet>
            <wcet number="1">30</wcet>
            <maxpow number="0.4337988619897619"/>
            <maxpow number="0.4337988619897619"/>
            <fprob>0.0</fprob>
        </actor>
        <actor name="D0N20">
            <wcet number="0">250</wcet>
            <wcet number="1">250</wcet>
            <maxpow number="0.6815071580300385"/>
            <maxpow number="0.6815071580300385"/>
            <fprob>0.0</fprob>
        </actor>
        <actor name="D0N15">
            <wcet number="0">20</wcet>
            <wcet number="1">30</wcet>
            <maxpow number="0.354227359876929"/>
            <maxpow number="0.354227359876929"/>
            <fprob>0.0</fprob>
        </actor>
        <actor name="D0N29">
            <wcet number="0">10</wcet>
            <wcet number="1">60</wcet>
            <maxpow number="0.7536521838101642"/>
            <maxpow number="0.7536521838101642"/>
            <fprob>0.0</fprob>
        </actor>
        <actor name="D0N44">
            <wcet number="0">70</wcet>
            <wcet number="1">100</wcet>
            <maxpow number="0.8365844172155779"/>
            <maxpow number="0.8365844172155779"/>
            <fprob>0.0</fprob>
        </actor>
        <actor name="D0N21">
            <wcet number="0">10</wcet>
            <wcet number="1">20</wcet>
            <maxpow number="0.5689562592196381"/>
            <maxpow number="0.5689562592196381"/>
            <fprob>0.0</fprob>
        </actor>
        <actor name="D0N9">
            <wcet number="0">20</wcet>
            <wcet number="1">60</wcet>
            <maxpow number="0.48323723330121493"/>
            <maxpow number="0.48323723330121493"/>
            <fprob>0.0</fprob>
        </actor>
        <actor name="D0N16">
            <wcet number="0">20</wcet>
            <wcet number="1">60</wcet>
            <maxpow number="0.6920769852694139"/>
            <maxpow number="0.6920769852694139"/>
            <fprob>0.0</fprob>
        </actor>
        <actor name="D0N23">
            <wcet number="0">60</wcet>
            <wcet number="1">80</wcet>
            <maxpow number="0.6231968784957868"/>
            <maxpow number="0.6231968784957868"/>
            <fprob>0.0</fprob>
        </actor>
        <actor name="D0N12">
            <wcet number="0">90</wcet>
            <wcet number="1">120</wcet>
            <maxpow number="0.5814597641661898"/>
            <maxpow number="0.5814597641661898"/>
            <fprob>0.0</fprob>
        </actor>
        <actor name="D0N41">
            <wcet number="0">80</wcet>
            <wcet number="1">110</wcet>
            <maxpow number="0.4931817044587192"/>
            <maxpow number="0.4931817044587192"/>
            <fprob>0.0</fprob>
        </actor>
        <actor name="D0N1">
            <wcet number="0">10</wcet>
            <wcet number="1">60</wcet>
            <maxpow number="0.5856081347123708"/>
            <maxpow number="0.5856081347123708"/>
            <fprob>0.0</fprob>
        </actor>
        <actor name="D0N14">
            <wcet number="0">40</wcet>
            <wcet number="1">70</wcet>
            <maxpow number="0.44834833068374236"/>
            <maxpow number="0.44834833068374236"/>
            <fprob>0.0</fprob>
        </actor>
        <actor name="D0N26">
            <wcet number="0">70</wcet>
            <wcet number="1">90</wcet>
            <maxpow number="0.4996767996768493"/>
            <maxpow number="0.4996767996768493"/>
            <fprob>0.0</fprob>
        </actor>
        <actor name="D0N24">
            <wcet number="0">160</wcet>
            <wcet number="1">190</wcet>
            <maxpow number="0.32531408306317156"/>
            <maxpow number="0.32531408306317156"/>
            <fprob>0.0</fprob>
        </actor>
        <actor name="D0N28">
            <wcet number="0">120</wcet>
            <wcet number="1">170</wcet>
            <maxpow number="0.6405483215141452"/>
            <maxpow number="0.6405483215141452"/>
            <fprob>0.0</fprob>
        </actor>
        <actor name="D0N33">
            <wcet number="0">200</wcet>
            <wcet number="1">240</wcet>
            <maxpow number="0.1559323884892999"/>
            <maxpow number="0.1559323884892999"/>
            <fprob>0.0</fprob>
        </actor>
        <actor name="D0N3">
            <wcet number="0">10</wcet>
            <wcet number="1">70</wcet>
            <maxpow number="0.20359934492510523"/>
            <maxpow number="0.20359934492510523"/>
            <fprob>0.0</fprob>
        </actor>
        <actor name="D0N42">
            <wcet number="0">160</wcet>
            <wcet number="1">180</wcet>
            <maxpow number="0.3935868668555098"/>
            <maxpow number="0.3935868668555098"/>
            <fprob>0.0</fprob>
        </actor>
        <actor name="D0N4">
            <wcet number="0">50</wcet>
            <wcet number="1">60</wcet>
            <maxpow number="0.7401822198481648"/>
            <maxpow number="0.7401822198481648"/>
            <fprob>0.0</fprob>
        </actor>
        <actor name="D0N36">
            <wcet number="0">40</wcet>
            <wcet number="1">170</wcet>
            <maxpow number="0.41034549321658953"/>
            <maxpow number="0.41034549321658953"/>
            <fprob>0.0</fprob>
        </actor>
        <actor name="D0N46">
            <wcet number="0">20</wcet>
            <wcet number="1">20</wcet>
            <maxpow number="0.4897368346269272"/>
            <maxpow number="0.4897368346269272"/>
            <fprob>0.0</fprob>
        </actor>
        <actor name="D0N11">
            <wcet number="0">10</wcet>
            <wcet number="1">10</wcet>
            <maxpow number="0.8823917260939471"/>
            <maxpow number="0.8823917260939471"/>
            <fprob>0.0</fprob>
        </actor>
        <actor name="D0N8">
            <wcet number="0">40</wcet>
            <wcet number="1">140</wcet>
            <maxpow number="0.8169060503433889"/>
            <maxpow number="0.8169060503433889"/>
            <fprob>0.0</fprob>
        </actor>
        <actor name="D0N19">
            <wcet number="0">10</wcet>
            <wcet number="1">10</wcet>
            <maxpow number="0.4281543524854683"/>
            <maxpow number="0.4281543524854683"/>
            <fprob>0.0</fprob>
        </actor>
        <actor name="D0N10">
            <wcet number="0">20</wcet>
            <wcet number="1">60</wcet>
            <maxpow number="0.3895915354398026"/>
            <maxpow number="0.3895915354398026"/>
            <fprob>0.0</fprob>
        </actor>
        <actor name="D0N34">
            <wcet number="0">30</wcet>
            <wcet number="1">30</wcet>
            <maxpow number="0.5315312371115544"/>
            <maxpow number="0.5315312371115544"/>
            <fprob>0.0</fprob>
        </actor>
        <actor name="D0N6">
            <wcet number="0">200</wcet>
            <wcet number="1">350</wcet>
            <maxpow number="0.487728595727676"/>
            <maxpow number="0.487728595727676"/>
            <fprob>0.0</fprob>
        </actor>
        <actor name="D0N18">
            <wcet number="0">70</wcet>
            <wcet number="1">80</wcet>
            <maxpow number="0.3975467014747643"/>
            <maxpow number="0.3975467014747643"/>
            <fprob>0.0</fprob>
        </actor>
        <actor name="D0N39">
            <wcet number="0">30</wcet>
            <wcet number="1">100</wcet>
            <maxpow number="0.08914791277874379"/>
            <maxpow number="0.08914791277874379"/>
            <fprob>0.0</fprob>
        </actor>
        <actor name="D0N0">
            <wcet number="0">20</wcet>
            <wcet number="1">20</wcet>
            <maxpow number="0.8694062741495001"/>
            <maxpow number="0.8694062741495001"/>
            <fprob>0.0</fprob>
        </actor>
        <actor name="D0N48">
            <wcet number="0">40</wcet>
            <wcet number="1">60</wcet>
            <maxpow number="0.776541298350346"/>
            <maxpow number="0.776541298350346"/>
            <fprob>0.0</fprob>
        </actor>
        <actor name="D0N2">
            <wcet number="0">70</wcet>
            <wcet number="1">370</wcet>
            <maxpow number="0.4855146646070648"/>
            <maxpow number="0.4855146646070648"/>
            <fprob>0.0</fprob>
        </actor>
        <actor name="D0N27">
            <wcet number="0">10</wcet>
            <wcet number="1">10</wcet>
            <maxpow number="0.2495984902079934"/>
            <maxpow number="0.2495984902079934"/>
            <fprob>0.0</fprob>
        </actor>
        <actor name="D0N37">
            <wcet number="0">10</wcet>
            <wcet number="1">10</wcet>
            <maxpow number="0.540506927299203"/>
            <maxpow number="0.540506927299203"/>
            <fprob>0.0</fprob>
        </actor>
        <actor name="D0N25">
            <wcet number="0">70</wcet>
            <wcet number="1">110</wcet>
            <maxpow number="0.5002434624965435"/>
            <maxpow number="0.5002434624965435"/>
            <fprob>0.0</fprob>
        </actor>
        <actor name="D0N45">
            <wcet number="0">350</wcet>
            <wcet number="1">730</wcet>
            <maxpow number="0.9483669998683713"/>
            <maxpow number="0.9483669998683713"/>
            <fprob>0.0</fprob>
        </actor>
        <actor name="D0N32">
            <wcet number="0">20</wcet>
            <wcet number="1">230</wcet>
            <maxpow number="0.5188221841005886"/>
            <maxpow number="0.5188221841005886"/>
            <fprob>0.0</fprob>
        </actor>
        <actor name="D0N31">
            <wcet number="0">40</wcet>
            <wcet number="1">110</wcet>
            <maxpow number="0.2817412913191535"/>
            <maxpow number="0.2817412913191535"/>
            <fprob>0.0</fprob>
        </actor>
        <actor name="D0N17">
            <wcet number="0">20</wcet>
            <wcet number="1">50</wcet>
            <maxpow number="0.2610397210413477"/>
            <maxpow number="0.2610397210413477"/>
            <fprob>0.0</fprob>
        </actor>
        <actor name="D0N30">
            <wcet number="0">30</wcet>
            <wcet number="1">30</wcet>
            <maxpow number="0.5505970918341456"/>
            <maxpow number="0.5505970918341456"/>
            <fprob>0.0</fprob>
        </actor>
        <actor name="D0N35">
            <wcet number="0">180</wcet>
            <wcet number="1">430</wcet>
            <maxpow number="0.5448488992316598"/>
            <maxpow number="0.5448488992316598"/>
            <fprob>0.0</fprob>
        </actor>
        <actor name="D0N47">
            <wcet number="0">120</wcet>
            <wcet number="1">120</wcet>
            <maxpow number="0.6977977493715286"/>
            <maxpow number="0.6977977493715286"/>
            <fprob>0.0</fprob>
        </actor>
        <actor name="D0N22">
            <wcet number="0">10</wcet>
            <wcet number="1">10</wcet>
            <maxpow number="0.21065959862296368"/>
            <maxpow number="0.21065959862296368"/>
            <fprob>0.0</fprob>
        </actor>
        <actor name="D0N40">
            <wcet number="0">40</wcet>
            <wcet number="1">110</wcet>
            <maxpow number="0.47141273732519334"/>
            <maxpow number="0.47141273732519334"/>
            <fprob>0.0</fprob>
        </actor>
        <actor name="D0N13">
            <wcet number="0">50</wcet>
            <wcet number="1">180</wcet>
            <maxpow number="0.5253956853708551"/>
            <maxpow number="0.5253956853708551"/>
            <fprob>0.0</fprob>
        </actor>
        <actor name="D0N5">
            <wcet number="0">50</wcet>
            <wcet number="1">70</wcet>
            <maxpow number="0.2858585912014605"/>
            <maxpow number="0.2858585912014605"/>
            <fprob>0.0</fprob>
        </actor>
        <ports>
            <port dstActor="D0N22" name="p0" srcActor="D0N7"/>
            <port dstActor="D0N38" name="p1" srcActor="D0N7"/>
            <port dstActor="D0N43" name="p2" srcActor="D0N7"/>
            <port dstActor="D0N29" name="p3" srcActor="D0N7"/>
            <port dstActor="D0N47" name="p4" srcActor="D0N38"/>
            <port dstActor="D0N41" name="p5" srcActor="D0N20"/>
            <port dstActor="D0N30" name="p6" srcActor="D0N20"/>
            <port dstActor="D0N23" name="p7" srcActor="D0N15"/>
            <port dstActor="D0N25" name="p8" srcActor="D0N15"/>
            <port dstActor="D0N30" name="p9" srcActor="D0N15"/>
            <port dstActor="D0N48" name="p10" srcActor="D0N44"/>
            <port dstActor="D0N48" name="p11" srcActor="D0N21"/>
            <port dstActor="D0N46" name="p12" srcActor="D0N21"/>
            <port dstActor="D0N39" name="p13" srcActor="D0N9"/>
            <port dstActor="D0N18" name="p14" srcActor="D0N9"/>
            <port dstActor="D0N45" name="p15" srcActor="D0N9"/>
            <port dstActor="D0N13" name="p16" srcActor="D0N9"/>
            <port dstActor="D0N15" name="p17" srcActor="D0N9"/>
            <port dstActor="D0N16" name="p18" srcActor="D0N9"/>
            <port dstActor="D0N31" name="p19" srcActor="D0N9"/>
            <port dstActor="D0N29" name="p20" srcActor="D0N9"/>
            <port dstActor="D0N38" name="p21" srcActor="D0N9"/>
            <port dstActor="D0N22" name="p22" srcActor="D0N16"/>
            <port dstActor="D0N38" name="p23" srcActor="D0N16"/>
            <port dstActor="D0N29" name="p24" srcActor="D0N16"/>
            <port dstActor="D0N33" name="p25" srcActor="D0N23"/>
            <port dstActor="D0N32" name="p26" srcActor="D0N23"/>
            <port dstActor="D0N31" name="p27" srcActor="D0N12"/>
            <port dstActor="D0N19" name="p28" srcActor="D0N12"/>
            <port dstActor="D0N32" name="p29" srcActor="D0N12"/>
            <port dstActor="D0N48" name="p30" srcActor="D0N41"/>
            <port dstActor="D0N46" name="p31" srcActor="D0N41"/>
            <port dstActor="D0N23" name="p32" srcActor="D0N1"/>
            <port dstActor="D0N22" name="p33" srcActor="D0N1"/>
            <port dstActor="D0N35" name="p34" srcActor="D0N1"/>
            <port dstActor="D0N19" name="p35" srcActor="D0N1"/>
            <port dstActor="D0N34" name="p36" srcActor="D0N14"/>
            <port dstActor="D0N25" name="p37" srcActor="D0N14"/>
            <port dstActor="D0N31" name="p38" srcActor="D0N14"/>
            <port dstActor="D0N22" name="p39" srcActor="D0N14"/>
            <port dstActor="D0N36" name="p40" srcActor="D0N26"/>
            <port dstActor="D0N34" name="p41" srcActor="D0N26"/>
            <port dstActor="D0N37" name="p42" srcActor="D0N24"/>
            <port dstActor="D0N29" name="p43" srcActor="D0N24"/>
            <port dstActor="D0N31" name="p44" srcActor="D0N24"/>
            <port dstActor="D0N41" name="p45" srcActor="D0N24"/>
            <port dstActor="D0N46" name="p46" srcActor="D0N24"/>
            <port dstActor="D0N30" name="p47" srcActor="D0N28"/>
            <port dstActor="D0N42" name="p48" srcActor="D0N28"/>
            <port dstActor="D0N40" name="p49" srcActor="D0N28"/>
            <port dstActor="D0N44" name="p50" srcActor="D0N33"/>
            <port dstActor="D0N18" name="p51" srcActor="D0N3"/>
            <port dstActor="D0N41" name="p52" srcActor="D0N3"/>
            <port dstActor="D0N33" name="p53" srcActor="D0N4"/>
            <port dstActor="D0N38" name="p54" srcActor="D0N36"/>
            <port dstActor="D0N46" name="p55" srcActor="D0N36"/>
            <port dstActor="D0N39" name="p56" srcActor="D0N36"/>
            <port dstActor="D0N48" name="p57" srcActor="D0N46"/>
            <port dstActor="D0N30" name="p58" srcActor="D0N11"/>
            <port dstActor="D0N46" name="p59" srcActor="D0N11"/>
            <port dstActor="D0N44" name="p60" srcActor="D0N11"/>
            <port dstActor="D0N16" name="p61" srcActor="D0N11"/>
            <port dstActor="D0N12" name="p62" srcActor="D0N11"/>
            <port dstActor="D0N35" name="p63" srcActor="D0N8"/>
            <port dstActor="D0N26" name="p64" srcActor="D0N8"/>
            <port dstActor="D0N41" name="p65" srcActor="D0N8"/>
            <port dstActor="D0N42" name="p66" srcActor="D0N19"/>
            <port dstActor="D0N28" name="p67" srcActor="D0N19"/>
            <port dstActor="D0N31" name="p68" srcActor="D0N10"/>
            <port dstActor="D0N39" name="p69" srcActor="D0N10"/>
            <port dstActor="D0N15" name="p70" srcActor="D0N10"/>
            <port dstActor="D0N37" name="p71" srcActor="D0N10"/>
            <port dstActor="D0N22" name="p72" srcActor="D0N10"/>
            <port dstActor="D0N36" name="p73" srcActor="D0N10"/>
            <port dstActor="D0N29" name="p74" srcActor="D0N10"/>
            <port dstActor="D0N35" name="p75" srcActor="D0N34"/>
            <port dstActor="D0N44" name="p76" srcActor="D0N34"/>
            <port dstActor="D0N39" name="p77" srcActor="D0N34"/>
            <port dstActor="D0N20" name="p78" srcActor="D0N6"/>
            <port dstActor="D0N32" name="p79" srcActor="D0N6"/>
            <port dstActor="D0N11" name="p80" srcActor="D0N6"/>
            <port dstActor="D0N30" name="p81" srcActor="D0N6"/>
            <port dstActor="D0N40" name="p82" srcActor="D0N6"/>
            <port dstActor="D0N20" name="p83" srcActor="D0N18"/>
            <port dstActor="D0N46" name="p84" srcActor="D0N18"/>
            <port dstActor="D0N22" name="p85" srcActor="D0N18"/>
            <port dstActor="D0N45" name="p86" srcActor="D0N18"/>
            <port dstActor="D0N44" name="p87" srcActor="D0N39"/>
            <port dstActor="D0N48" name="p88" srcActor="D0N39"/>
            <port dstActor="D0N35" name="p89" srcActor="D0N0"/>
            <port dstActor="D0N3" name="p90" srcActor="D0N0"/>
            <port dstActor="D0N25" name="p91" srcActor="D0N0"/>
            <port dstActor="D0N22" name="p92" srcActor="D0N0"/>
            <port dstActor="D0N32" name="p93" srcActor="D0N2"/>
            <port dstActor="D0N38" name="p94" srcActor="D0N2"/>
            <port dstActor="D0N17" name="p95" srcActor="D0N2"/>
            <port dstActor="D0N46" name="p96" srcActor="D0N2"/>
            <port dstActor="D0N47" name="p97" srcActor="D0N27"/>
            <port dstActor="D0N40" name="p98" srcActor="D0N27"/>
            <port dstActor="D0N41" name="p99" srcActor="D0N37"/>
            <port dstActor="D0N45" name="p100" srcActor="D0N37"/>
            <port dstActor="D0N47" name="p101" srcActor="D0N45"/>
            <port dstActor="D0N46" name="p102" srcActor="D0N32"/>
            <port dstActor="D0N42" name="p103" srcActor="D0N32"/>
            <port dstActor="D0N43" name="p104" srcActor="D0N31"/>
            <port dstActor="D0N32" name="p105" srcActor="D0N17"/>
            <port dstActor="D0N41" name="p106" srcActor="D0N17"/>
            <port dstActor="D0N46" name="p107" srcActor="D0N17"/>
            <port dstActor="D0N26" name="p108" srcActor="D0N17"/>
            <port dstActor="D0N42" name="p109" srcActor="D0N17"/>
            <port dstActor="D0N35" name="p110" srcActor="D0N30"/>
            <port dstActor="D0N48" name="p111" srcActor="D0N30"/>
            <port dstActor="D0N36" name="p112" srcActor="D0N30"/>
            <port dstActor="D0N32" name="p113" srcActor="D0N30"/>
            <port dstActor="D0N45" name="p114" srcActor="D0N30"/>
            <port dstActor="D0N26" name="p115" srcActor="D0N22"/>
            <port dstActor="D0N33" name="p116" srcActor="D0N22"/>
            <port dstActor="D0N41" name="p117" srcActor="D0N22"/>
            <port dstActor="D0N28" name="p118" srcActor="D0N22"/>
            <port dstActor="D0N47" name="p119" srcActor="D0N22"/>
            <port dstActor="D0N43" name="p120" srcActor="D0N22"/>
            <port dstActor="D0N46" name="p121" srcActor="D0N40"/>
            <port dstActor="D0N42" name="p122" srcActor="D0N40"/>
            <port dstActor="D0N47" name="p123" srcActor="D0N13"/>
            <port dstActor="D0N27" name="p124" srcActor="D0N13"/>
            <port dstActor="D0N30" name="p125" srcActor="D0N5"/>
            <port dstActor="D0N44" name="p126" srcActor="D0N5"/>
            <port dstActor="D0N23" name="p127" srcActor="D0N5"/>
            <port dstActor="D0N46" name="p128" srcActor="D0N5"/>
        </ports>
    </mcdag>
    <cores number="3"/>
    <levels number="2"/>
</mcsystem>
