<?xml version="1.0" encoding="UTF-8" standalone="no"?>
<mcsystem>
    <mcdag deadline="5000" name="genned-0-ed-10.0-0">
        <actor name="D0N41">
            <wcet number="0">40</wcet>
            <wcet number="1">230</wcet>
            <maxpow number="0.5903825002530031"/>
            <maxpow number="0.5903825002530031"/>
            <fprob>0.0</fprob>
        </actor>
        <actor name="D0N24">
            <wcet number="0">20</wcet>
            <wcet number="1">140</wcet>
            <maxpow number="0.4557753701209649"/>
            <maxpow number="0.4557753701209649"/>
            <fprob>0.0</fprob>
        </actor>
        <actor name="D0N0">
            <wcet number="0">380</wcet>
            <wcet number="1">1480</wcet>
            <maxpow number="0.5719404236170448"/>
            <maxpow number="0.5719404236170448"/>
            <fprob>0.0</fprob>
        </actor>
        <actor name="D0N1">
            <wcet number="0">30</wcet>
            <wcet number="1">40</wcet>
            <maxpow number="0.760584556894444"/>
            <maxpow number="0.760584556894444"/>
            <fprob>0.0</fprob>
        </actor>
        <actor name="D0N23">
            <wcet number="0">200</wcet>
            <wcet number="1">200</wcet>
            <maxpow number="0.4917613890774892"/>
            <maxpow number="0.4917613890774892"/>
            <fprob>0.0</fprob>
        </actor>
        <actor name="D0N9">
            <wcet number="0">230</wcet>
            <wcet number="1">390</wcet>
            <maxpow number="0.708074956316475"/>
            <maxpow number="0.708074956316475"/>
            <fprob>0.0</fprob>
        </actor>
        <actor name="D0N33">
            <wcet number="0">10</wcet>
            <wcet number="1">290</wcet>
            <maxpow number="0.5974474003823382"/>
            <maxpow number="0.5974474003823382"/>
            <fprob>0.0</fprob>
        </actor>
        <actor name="D0N35">
            <wcet number="0">60</wcet>
            <wcet number="1">70</wcet>
            <maxpow number="0.6209086230871971"/>
            <maxpow number="0.6209086230871971"/>
            <fprob>0.0</fprob>
        </actor>
        <actor name="D0N11">
            <wcet number="0">430</wcet>
            <wcet number="1">700</wcet>
            <maxpow number="0.3370224033113781"/>
            <maxpow number="0.3370224033113781"/>
            <fprob>0.0</fprob>
        </actor>
        <actor name="D0N44">
            <wcet number="0">150</wcet>
            <wcet number="1">570</wcet>
            <maxpow number="0.626002617992556"/>
            <maxpow number="0.626002617992556"/>
            <fprob>0.0</fprob>
        </actor>
        <actor name="D0N34">
            <wcet number="0">40</wcet>
            <wcet number="1">40</wcet>
            <maxpow number="0.3881011674387995"/>
            <maxpow number="0.3881011674387995"/>
            <fprob>0.0</fprob>
        </actor>
        <actor name="D0N3">
            <wcet number="0">20</wcet>
            <wcet number="1">20</wcet>
            <maxpow number="0.33353602627076584"/>
            <maxpow number="0.33353602627076584"/>
            <fprob>0.0</fprob>
        </actor>
        <actor name="D0N8">
            <wcet number="0">20</wcet>
            <wcet number="1">20</wcet>
            <maxpow number="0.5241163618193306"/>
            <maxpow number="0.5241163618193306"/>
            <fprob>0.0</fprob>
        </actor>
        <actor name="D0N37">
            <wcet number="0">120</wcet>
            <wcet number="1">170</wcet>
            <maxpow number="0.38871967908440136"/>
            <maxpow number="0.38871967908440136"/>
            <fprob>0.0</fprob>
        </actor>
        <actor name="D0N7">
            <wcet number="0">20</wcet>
            <wcet number="1">30</wcet>
            <maxpow number="0.2675722397055262"/>
            <maxpow number="0.2675722397055262"/>
            <fprob>0.0</fprob>
        </actor>
        <actor name="D0N18">
            <wcet number="0">40</wcet>
            <wcet number="1">90</wcet>
            <maxpow number="0.8326475792370216"/>
            <maxpow number="0.8326475792370216"/>
            <fprob>0.0</fprob>
        </actor>
        <actor name="D0N45">
            <wcet number="0">70</wcet>
            <wcet number="1">70</wcet>
            <maxpow number="0.9617849546925475"/>
            <maxpow number="0.9617849546925475"/>
            <fprob>0.0</fprob>
        </actor>
        <actor name="D0N31">
            <wcet number="0">270</wcet>
            <wcet number="1">470</wcet>
            <maxpow number="0.22248847775348907"/>
            <maxpow number="0.22248847775348907"/>
            <fprob>0.0</fprob>
        </actor>
        <actor name="D0N5">
            <wcet number="0">140</wcet>
            <wcet number="1">240</wcet>
            <maxpow number="0.43893210832156476"/>
            <maxpow number="0.43893210832156476"/>
            <fprob>0.0</fprob>
        </actor>
        <actor name="D0N19">
            <wcet number="0">10</wcet>
            <wcet number="1">10</wcet>
            <maxpow number="0.5047219855832004"/>
            <maxpow number="0.5047219855832004"/>
            <fprob>0.0</fprob>
        </actor>
        <actor name="D0N30">
            <wcet number="0">10</wcet>
            <wcet number="1">20</wcet>
            <maxpow number="0.4957491242827152"/>
            <maxpow number="0.4957491242827152"/>
            <fprob>0.0</fprob>
        </actor>
        <actor name="D0N12">
            <wcet number="0">1120</wcet>
            <wcet number="1">1390</wcet>
            <maxpow number="0.7284824995388102"/>
            <maxpow number="0.7284824995388102"/>
            <fprob>0.0</fprob>
        </actor>
        <actor name="D0N43">
            <wcet number="0">50</wcet>
            <wcet number="1">280</wcet>
            <maxpow number="0.8822864740135574"/>
            <maxpow number="0.8822864740135574"/>
            <fprob>0.0</fprob>
        </actor>
        <actor name="D0N26">
            <wcet number="0">600</wcet>
            <wcet number="1">910</wcet>
            <maxpow number="0.8593569148210244"/>
            <maxpow number="0.8593569148210244"/>
            <fprob>0.0</fprob>
        </actor>
        <actor name="D0N39">
            <wcet number="0">210</wcet>
            <wcet number="1">260</wcet>
            <maxpow number="0.5471086027407149"/>
            <maxpow number="0.5471086027407149"/>
            <fprob>0.0</fprob>
        </actor>
        <actor name="D0N21">
            <wcet number="0">100</wcet>
            <wcet number="1">300</wcet>
            <maxpow number="0.5759201001390648"/>
            <maxpow number="0.5759201001390648"/>
            <fprob>0.0</fprob>
        </actor>
        <actor name="D0N13">
            <wcet number="0">20</wcet>
            <wcet number="1">20</wcet>
            <maxpow number="0.8328487986366009"/>
            <maxpow number="0.8328487986366009"/>
            <fprob>0.0</fprob>
        </actor>
        <actor name="D0N42">
            <wcet number="0">80</wcet>
            <wcet number="1">110</wcet>
            <maxpow number="0.7855277084337897"/>
            <maxpow number="0.7855277084337897"/>
            <fprob>0.0</fprob>
        </actor>
        <actor name="D0N2">
            <wcet number="0">90</wcet>
            <wcet number="1">150</wcet>
            <maxpow number="0.6449188641683182"/>
            <maxpow number="0.6449188641683182"/>
            <fprob>0.0</fprob>
        </actor>
        <actor name="D0N14">
            <wcet number="0">180</wcet>
            <wcet number="1">180</wcet>
            <maxpow number="0.27565991310530785"/>
            <maxpow number="0.27565991310530785"/>
            <fprob>0.0</fprob>
        </actor>
        <actor name="D0N40">
            <wcet number="0">160</wcet>
            <wcet number="1">170</wcet>
            <maxpow number="0.7355892193929198"/>
            <maxpow number="0.7355892193929198"/>
            <fprob>0.0</fprob>
        </actor>
        <actor name="D0N4">
            <wcet number="0">110</wcet>
            <wcet number="1">120</wcet>
            <maxpow number="0.6231412153602047"/>
            <maxpow number="0.6231412153602047"/>
            <fprob>0.0</fprob>
        </actor>
        <actor name="D0N28">
            <wcet number="0">60</wcet>
            <wcet number="1">110</wcet>
            <maxpow number="0.6221673520001159"/>
            <maxpow number="0.6221673520001159"/>
            <fprob>0.0</fprob>
        </actor>
        <actor name="D0N27">
            <wcet number="0">40</wcet>
            <wcet number="1">90</wcet>
            <maxpow number="0.27088528520592076"/>
            <maxpow number="0.27088528520592076"/>
            <fprob>0.0</fprob>
        </actor>
        <actor name="D0N17">
            <wcet number="0">10</wcet>
            <wcet number="1">10</wcet>
            <maxpow number="0.18533126682255424"/>
            <maxpow number="0.18533126682255424"/>
            <fprob>0.0</fprob>
        </actor>
        <actor name="D0N20">
            <wcet number="0">260</wcet>
            <wcet number="1">280</wcet>
            <maxpow number="0.818805118556304"/>
            <maxpow number="0.818805118556304"/>
            <fprob>0.0</fprob>
        </actor>
        <actor name="D0N38">
            <wcet number="0">50</wcet>
            <wcet number="1">350</wcet>
            <maxpow number="0.37441411970344285"/>
            <maxpow number="0.37441411970344285"/>
            <fprob>0.0</fprob>
        </actor>
        <actor name="D0N6">
            <wcet number="0">140</wcet>
            <wcet number="1">290</wcet>
            <maxpow number="0.7069067372159821"/>
            <maxpow number="0.7069067372159821"/>
            <fprob>0.0</fprob>
        </actor>
        <actor name="D0N25">
            <wcet number="0">30</wcet>
            <wcet number="1">50</wcet>
            <maxpow number="0.44355960687937845"/>
            <maxpow number="0.44355960687937845"/>
            <fprob>0.0</fprob>
        </actor>
        <actor name="D0N29">
            <wcet number="0">130</wcet>
            <wcet number="1">430</wcet>
            <maxpow number="0.6874164361650288"/>
            <maxpow number="0.6874164361650288"/>
            <fprob>0.0</fprob>
        </actor>
        <actor name="D0N32">
            <wcet number="0">70</wcet>
            <wcet number="1">100</wcet>
            <maxpow number="0.4318473096317443"/>
            <maxpow number="0.4318473096317443"/>
            <fprob>0.0</fprob>
        </actor>
        <actor name="D0N16">
            <wcet number="0">20</wcet>
            <wcet number="1">30</wcet>
            <maxpow number="0.4157847997804667"/>
            <maxpow number="0.4157847997804667"/>
            <fprob>0.0</fprob>
        </actor>
        <actor name="D0N15">
            <wcet number="0">170</wcet>
            <wcet number="1">230</wcet>
            <maxpow number="0.6430313287677497"/>
            <maxpow number="0.6430313287677497"/>
            <fprob>0.0</fprob>
        </actor>
        <actor name="D0N10">
            <wcet number="0">70</wcet>
            <wcet number="1">370</wcet>
            <maxpow number="0.781076300157287"/>
            <maxpow number="0.781076300157287"/>
            <fprob>0.0</fprob>
        </actor>
        <actor name="D0N22">
            <wcet number="0">20</wcet>
            <wcet number="1">260</wcet>
            <maxpow number="0.738027471644781"/>
            <maxpow number="0.738027471644781"/>
            <fprob>0.0</fprob>
        </actor>
        <actor name="D0N36">
            <wcet number="0">110</wcet>
            <wcet number="1">220</wcet>
            <maxpow number="0.27436784714546947"/>
            <maxpow number="0.27436784714546947"/>
            <fprob>0.0</fprob>
        </actor>
        <ports>
            <port dstActor="D0N40" name="p0" srcActor="D0N24"/>
            <port dstActor="D0N36" name="p1" srcActor="D0N0"/>
            <port dstActor="D0N16" name="p2" srcActor="D0N0"/>
            <port dstActor="D0N4" name="p3" srcActor="D0N0"/>
            <port dstActor="D0N9" name="p4" srcActor="D0N0"/>
            <port dstActor="D0N22" name="p5" srcActor="D0N0"/>
            <port dstActor="D0N38" name="p6" srcActor="D0N23"/>
            <port dstActor="D0N14" name="p7" srcActor="D0N9"/>
            <port dstActor="D0N13" name="p8" srcActor="D0N9"/>
            <port dstActor="D0N45" name="p9" srcActor="D0N9"/>
            <port dstActor="D0N43" name="p10" srcActor="D0N9"/>
            <port dstActor="D0N40" name="p11" srcActor="D0N33"/>
            <port dstActor="D0N43" name="p12" srcActor="D0N33"/>
            <port dstActor="D0N42" name="p13" srcActor="D0N35"/>
            <port dstActor="D0N26" name="p14" srcActor="D0N11"/>
            <port dstActor="D0N18" name="p15" srcActor="D0N11"/>
            <port dstActor="D0N30" name="p16" srcActor="D0N11"/>
            <port dstActor="D0N29" name="p17" srcActor="D0N11"/>
            <port dstActor="D0N8" name="p18" srcActor="D0N3"/>
            <port dstActor="D0N26" name="p19" srcActor="D0N3"/>
            <port dstActor="D0N25" name="p20" srcActor="D0N3"/>
            <port dstActor="D0N34" name="p21" srcActor="D0N3"/>
            <port dstActor="D0N12" name="p22" srcActor="D0N3"/>
            <port dstActor="D0N35" name="p23" srcActor="D0N8"/>
            <port dstActor="D0N39" name="p24" srcActor="D0N8"/>
            <port dstActor="D0N35" name="p25" srcActor="D0N7"/>
            <port dstActor="D0N10" name="p26" srcActor="D0N7"/>
            <port dstActor="D0N28" name="p27" srcActor="D0N18"/>
            <port dstActor="D0N40" name="p28" srcActor="D0N31"/>
            <port dstActor="D0N11" name="p29" srcActor="D0N5"/>
            <port dstActor="D0N28" name="p30" srcActor="D0N5"/>
            <port dstActor="D0N22" name="p31" srcActor="D0N19"/>
            <port dstActor="D0N40" name="p32" srcActor="D0N19"/>
            <port dstActor="D0N33" name="p33" srcActor="D0N30"/>
            <port dstActor="D0N14" name="p34" srcActor="D0N12"/>
            <port dstActor="D0N35" name="p35" srcActor="D0N12"/>
            <port dstActor="D0N40" name="p36" srcActor="D0N12"/>
            <port dstActor="D0N33" name="p37" srcActor="D0N26"/>
            <port dstActor="D0N45" name="p38" srcActor="D0N39"/>
            <port dstActor="D0N41" name="p39" srcActor="D0N39"/>
            <port dstActor="D0N24" name="p40" srcActor="D0N21"/>
            <port dstActor="D0N43" name="p41" srcActor="D0N21"/>
            <port dstActor="D0N30" name="p42" srcActor="D0N21"/>
            <port dstActor="D0N29" name="p43" srcActor="D0N13"/>
            <port dstActor="D0N25" name="p44" srcActor="D0N13"/>
            <port dstActor="D0N43" name="p45" srcActor="D0N42"/>
            <port dstActor="D0N37" name="p46" srcActor="D0N2"/>
            <port dstActor="D0N18" name="p47" srcActor="D0N2"/>
            <port dstActor="D0N12" name="p48" srcActor="D0N2"/>
            <port dstActor="D0N20" name="p49" srcActor="D0N2"/>
            <port dstActor="D0N4" name="p50" srcActor="D0N2"/>
            <port dstActor="D0N45" name="p51" srcActor="D0N2"/>
            <port dstActor="D0N31" name="p52" srcActor="D0N2"/>
            <port dstActor="D0N25" name="p53" srcActor="D0N14"/>
            <port dstActor="D0N37" name="p54" srcActor="D0N14"/>
            <port dstActor="D0N23" name="p55" srcActor="D0N14"/>
            <port dstActor="D0N36" name="p56" srcActor="D0N14"/>
            <port dstActor="D0N27" name="p57" srcActor="D0N4"/>
            <port dstActor="D0N24" name="p58" srcActor="D0N4"/>
            <port dstActor="D0N18" name="p59" srcActor="D0N4"/>
            <port dstActor="D0N31" name="p60" srcActor="D0N4"/>
            <port dstActor="D0N33" name="p61" srcActor="D0N4"/>
            <port dstActor="D0N13" name="p62" srcActor="D0N4"/>
            <port dstActor="D0N42" name="p63" srcActor="D0N4"/>
            <port dstActor="D0N32" name="p64" srcActor="D0N28"/>
            <port dstActor="D0N33" name="p65" srcActor="D0N28"/>
            <port dstActor="D0N31" name="p66" srcActor="D0N28"/>
            <port dstActor="D0N35" name="p67" srcActor="D0N28"/>
            <port dstActor="D0N30" name="p68" srcActor="D0N28"/>
            <port dstActor="D0N41" name="p69" srcActor="D0N27"/>
            <port dstActor="D0N33" name="p70" srcActor="D0N27"/>
            <port dstActor="D0N29" name="p71" srcActor="D0N27"/>
            <port dstActor="D0N37" name="p72" srcActor="D0N17"/>
            <port dstActor="D0N26" name="p73" srcActor="D0N17"/>
            <port dstActor="D0N40" name="p74" srcActor="D0N17"/>
            <port dstActor="D0N25" name="p75" srcActor="D0N20"/>
            <port dstActor="D0N41" name="p76" srcActor="D0N20"/>
            <port dstActor="D0N36" name="p77" srcActor="D0N20"/>
            <port dstActor="D0N42" name="p78" srcActor="D0N38"/>
            <port dstActor="D0N40" name="p79" srcActor="D0N38"/>
            <port dstActor="D0N44" name="p80" srcActor="D0N6"/>
            <port dstActor="D0N26" name="p81" srcActor="D0N6"/>
            <port dstActor="D0N21" name="p82" srcActor="D0N6"/>
            <port dstActor="D0N37" name="p83" srcActor="D0N6"/>
            <port dstActor="D0N18" name="p84" srcActor="D0N6"/>
            <port dstActor="D0N26" name="p85" srcActor="D0N25"/>
            <port dstActor="D0N33" name="p86" srcActor="D0N25"/>
            <port dstActor="D0N28" name="p87" srcActor="D0N25"/>
            <port dstActor="D0N43" name="p88" srcActor="D0N16"/>
            <port dstActor="D0N40" name="p89" srcActor="D0N16"/>
            <port dstActor="D0N33" name="p90" srcActor="D0N15"/>
            <port dstActor="D0N25" name="p91" srcActor="D0N10"/>
            <port dstActor="D0N36" name="p92" srcActor="D0N10"/>
            <port dstActor="D0N16" name="p93" srcActor="D0N10"/>
            <port dstActor="D0N44" name="p94" srcActor="D0N22"/>
            <port dstActor="D0N34" name="p95" srcActor="D0N22"/>
            <port dstActor="D0N26" name="p96" srcActor="D0N22"/>
            <port dstActor="D0N28" name="p97" srcActor="D0N22"/>
        </ports>
    </mcdag>
    <cores number="3"/>
    <levels number="2"/>
</mcsystem>
