<?xml version="1.0" encoding="UTF-8" standalone="no"?>
<mcsystem>
    <mcdag deadline="4000" name="genned-0-ed-10.0-0">
        <actor name="D0N4">
            <wcet number="0">50</wcet>
            <wcet number="1">220</wcet>
            <maxpow number="0.6675418998161604"/>
            <maxpow number="0.6675418998161604"/>
            <fprob>0.0</fprob>
        </actor>
        <actor name="D0N46">
            <wcet number="0">90</wcet>
            <wcet number="1">230</wcet>
            <maxpow number="0.6151061501598115"/>
            <maxpow number="0.6151061501598115"/>
            <fprob>0.0</fprob>
        </actor>
        <actor name="D0N1">
            <wcet number="0">190</wcet>
            <wcet number="1">300</wcet>
            <maxpow number="0.48828740916497554"/>
            <maxpow number="0.48828740916497554"/>
            <fprob>0.0</fprob>
        </actor>
        <actor name="D0N3">
            <wcet number="0">240</wcet>
            <wcet number="1">470</wcet>
            <maxpow number="0.6360219645243121"/>
            <maxpow number="0.6360219645243121"/>
            <fprob>0.0</fprob>
        </actor>
        <actor name="D0N10">
            <wcet number="0">200</wcet>
            <wcet number="1">410</wcet>
            <maxpow number="0.5636925328487284"/>
            <maxpow number="0.5636925328487284"/>
            <fprob>0.0</fprob>
        </actor>
        <actor name="D0N40">
            <wcet number="0">30</wcet>
            <wcet number="1">40</wcet>
            <maxpow number="0.37162366514106493"/>
            <maxpow number="0.37162366514106493"/>
            <fprob>0.0</fprob>
        </actor>
        <actor name="D0N42">
            <wcet number="0">200</wcet>
            <wcet number="1">210</wcet>
            <maxpow number="0.4659715006099292"/>
            <maxpow number="0.4659715006099292"/>
            <fprob>0.0</fprob>
        </actor>
        <actor name="D0N13">
            <wcet number="0">130</wcet>
            <wcet number="1">150</wcet>
            <maxpow number="0.807911346312733"/>
            <maxpow number="0.807911346312733"/>
            <fprob>0.0</fprob>
        </actor>
        <actor name="D0N43">
            <wcet number="0">140</wcet>
            <wcet number="1">210</wcet>
            <maxpow number="0.8155862552781759"/>
            <maxpow number="0.8155862552781759"/>
            <fprob>0.0</fprob>
        </actor>
        <actor name="D0N44">
            <wcet number="0">20</wcet>
            <wcet number="1">20</wcet>
            <maxpow number="0.6604950918277699"/>
            <maxpow number="0.6604950918277699"/>
            <fprob>0.0</fprob>
        </actor>
        <actor name="D0N0">
            <wcet number="0">10</wcet>
            <wcet number="1">10</wcet>
            <maxpow number="0.4883444090639481"/>
            <maxpow number="0.4883444090639481"/>
            <fprob>0.0</fprob>
        </actor>
        <actor name="D0N30">
            <wcet number="0">490</wcet>
            <wcet number="1">560</wcet>
            <maxpow number="0.6764943802722003"/>
            <maxpow number="0.6764943802722003"/>
            <fprob>0.0</fprob>
        </actor>
        <actor name="D0N9">
            <wcet number="0">10</wcet>
            <wcet number="1">100</wcet>
            <maxpow number="0.4525596222400346"/>
            <maxpow number="0.4525596222400346"/>
            <fprob>0.0</fprob>
        </actor>
        <actor name="D0N5">
            <wcet number="0">50</wcet>
            <wcet number="1">280</wcet>
            <maxpow number="0.5336203175804753"/>
            <maxpow number="0.5336203175804753"/>
            <fprob>0.0</fprob>
        </actor>
        <actor name="D0N27">
            <wcet number="0">100</wcet>
            <wcet number="1">400</wcet>
            <maxpow number="0.505069583917859"/>
            <maxpow number="0.505069583917859"/>
            <fprob>0.0</fprob>
        </actor>
        <actor name="D0N37">
            <wcet number="0">10</wcet>
            <wcet number="1">190</wcet>
            <maxpow number="0.5913160385639783"/>
            <maxpow number="0.5913160385639783"/>
            <fprob>0.0</fprob>
        </actor>
        <actor name="D0N45">
            <wcet number="0">10</wcet>
            <wcet number="1">60</wcet>
            <maxpow number="0.34959774160515666"/>
            <maxpow number="0.34959774160515666"/>
            <fprob>0.0</fprob>
        </actor>
        <actor name="D0N41">
            <wcet number="0">10</wcet>
            <wcet number="1">20</wcet>
            <maxpow number="0.32262989455115043"/>
            <maxpow number="0.32262989455115043"/>
            <fprob>0.0</fprob>
        </actor>
        <actor name="D0N6">
            <wcet number="0">140</wcet>
            <wcet number="1">490</wcet>
            <maxpow number="0.7479024954896262"/>
            <maxpow number="0.7479024954896262"/>
            <fprob>0.0</fprob>
        </actor>
        <actor name="D0N8">
            <wcet number="0">20</wcet>
            <wcet number="1">70</wcet>
            <maxpow number="0.5151202117237861"/>
            <maxpow number="0.5151202117237861"/>
            <fprob>0.0</fprob>
        </actor>
        <actor name="D0N39">
            <wcet number="0">10</wcet>
            <wcet number="1">10</wcet>
            <maxpow number="0.5652661141287089"/>
            <maxpow number="0.5652661141287089"/>
            <fprob>0.0</fprob>
        </actor>
        <actor name="D0N47">
            <wcet number="0">20</wcet>
            <wcet number="1">50</wcet>
            <maxpow number="0.852186337501168"/>
            <maxpow number="0.852186337501168"/>
            <fprob>0.0</fprob>
        </actor>
        <actor name="D0N36">
            <wcet number="0">530</wcet>
            <wcet number="1">550</wcet>
            <maxpow number="0.4080781639463926"/>
            <maxpow number="0.4080781639463926"/>
            <fprob>0.0</fprob>
        </actor>
        <actor name="D0N38">
            <wcet number="0">50</wcet>
            <wcet number="1">190</wcet>
            <maxpow number="0.6398415555380238"/>
            <maxpow number="0.6398415555380238"/>
            <fprob>0.0</fprob>
        </actor>
        <actor name="D0N22">
            <wcet number="0">600</wcet>
            <wcet number="1">660</wcet>
            <maxpow number="0.7892567577709355"/>
            <maxpow number="0.7892567577709355"/>
            <fprob>0.0</fprob>
        </actor>
        <actor name="D0N11">
            <wcet number="0">10</wcet>
            <wcet number="1">20</wcet>
            <maxpow number="0.5767612557121475"/>
            <maxpow number="0.5767612557121475"/>
            <fprob>0.0</fprob>
        </actor>
        <actor name="D0N17">
            <wcet number="0">30</wcet>
            <wcet number="1">40</wcet>
            <maxpow number="0.6691677567873178"/>
            <maxpow number="0.6691677567873178"/>
            <fprob>0.0</fprob>
        </actor>
        <actor name="D0N29">
            <wcet number="0">40</wcet>
            <wcet number="1">50</wcet>
            <maxpow number="0.29801946205813135"/>
            <maxpow number="0.29801946205813135"/>
            <fprob>0.0</fprob>
        </actor>
        <actor name="D0N14">
            <wcet number="0">20</wcet>
            <wcet number="1">70</wcet>
            <maxpow number="0.43898903597000394"/>
            <maxpow number="0.43898903597000394"/>
            <fprob>0.0</fprob>
        </actor>
        <actor name="D0N20">
            <wcet number="0">150</wcet>
            <wcet number="1">170</wcet>
            <maxpow number="0.6238808783098999"/>
            <maxpow number="0.6238808783098999"/>
            <fprob>0.0</fprob>
        </actor>
        <actor name="D0N18">
            <wcet number="0">10</wcet>
            <wcet number="1">80</wcet>
            <maxpow number="0.5259213391192015"/>
            <maxpow number="0.5259213391192015"/>
            <fprob>0.0</fprob>
        </actor>
        <actor name="D0N2">
            <wcet number="0">160</wcet>
            <wcet number="1">190</wcet>
            <maxpow number="0.7970777040409127"/>
            <maxpow number="0.7970777040409127"/>
            <fprob>0.0</fprob>
        </actor>
        <actor name="D0N12">
            <wcet number="0">120</wcet>
            <wcet number="1">480</wcet>
            <maxpow number="0.6394149330363135"/>
            <maxpow number="0.6394149330363135"/>
            <fprob>0.0</fprob>
        </actor>
        <actor name="D0N32">
            <wcet number="0">100</wcet>
            <wcet number="1">220</wcet>
            <maxpow number="0.6300596877645113"/>
            <maxpow number="0.6300596877645113"/>
            <fprob>0.0</fprob>
        </actor>
        <actor name="D0N16">
            <wcet number="0">400</wcet>
            <wcet number="1">590</wcet>
            <maxpow number="0.5347424023329834"/>
            <maxpow number="0.5347424023329834"/>
            <fprob>0.0</fprob>
        </actor>
        <actor name="D0N49">
            <wcet number="0">160</wcet>
            <wcet number="1">330</wcet>
            <maxpow number="0.7331649091469739"/>
            <maxpow number="0.7331649091469739"/>
            <fprob>0.0</fprob>
        </actor>
        <actor name="D0N15">
            <wcet number="0">40</wcet>
            <wcet number="1">120</wcet>
            <maxpow number="0.5632207828069747"/>
            <maxpow number="0.5632207828069747"/>
            <fprob>0.0</fprob>
        </actor>
        <actor name="D0N25">
            <wcet number="0">70</wcet>
            <wcet number="1">130</wcet>
            <maxpow number="0.8549112187046086"/>
            <maxpow number="0.8549112187046086"/>
            <fprob>0.0</fprob>
        </actor>
        <actor name="D0N19">
            <wcet number="0">430</wcet>
            <wcet number="1">460</wcet>
            <maxpow number="0.6165690486896633"/>
            <maxpow number="0.6165690486896633"/>
            <fprob>0.0</fprob>
        </actor>
        <actor name="D0N26">
            <wcet number="0">140</wcet>
            <wcet number="1">230</wcet>
            <maxpow number="0.33873718340814535"/>
            <maxpow number="0.33873718340814535"/>
            <fprob>0.0</fprob>
        </actor>
        <actor name="D0N28">
            <wcet number="0">60</wcet>
            <wcet number="1">60</wcet>
            <maxpow number="0.7483199865386183"/>
            <maxpow number="0.7483199865386183"/>
            <fprob>0.0</fprob>
        </actor>
        <actor name="D0N31">
            <wcet number="0">380</wcet>
            <wcet number="1">530</wcet>
            <maxpow number="0.45868483539287824"/>
            <maxpow number="0.45868483539287824"/>
            <fprob>0.0</fprob>
        </actor>
        <actor name="D0N35">
            <wcet number="0">20</wcet>
            <wcet number="1">60</wcet>
            <maxpow number="0.3357129325599493"/>
            <maxpow number="0.3357129325599493"/>
            <fprob>0.0</fprob>
        </actor>
        <actor name="D0N24">
            <wcet number="0">110</wcet>
            <wcet number="1">390</wcet>
            <maxpow number="0.9006291524463943"/>
            <maxpow number="0.9006291524463943"/>
            <fprob>0.0</fprob>
        </actor>
        <actor name="D0N33">
            <wcet number="0">20</wcet>
            <wcet number="1">50</wcet>
            <maxpow number="0.3059586682946709"/>
            <maxpow number="0.3059586682946709"/>
            <fprob>0.0</fprob>
        </actor>
        <actor name="D0N23">
            <wcet number="0">10</wcet>
            <wcet number="1">10</wcet>
            <maxpow number="0.3406488044125899"/>
            <maxpow number="0.3406488044125899"/>
            <fprob>0.0</fprob>
        </actor>
        <actor name="D0N48">
            <wcet number="0">160</wcet>
            <wcet number="1">160</wcet>
            <maxpow number="0.6429601282950499"/>
            <maxpow number="0.6429601282950499"/>
            <fprob>0.0</fprob>
        </actor>
        <actor name="D0N7">
            <wcet number="0">150</wcet>
            <wcet number="1">330</wcet>
            <maxpow number="0.49763115903272537"/>
            <maxpow number="0.49763115903272537"/>
            <fprob>0.0</fprob>
        </actor>
        <actor name="D0N34">
            <wcet number="0">10</wcet>
            <wcet number="1">250</wcet>
            <maxpow number="0.3747748985667247"/>
            <maxpow number="0.3747748985667247"/>
            <fprob>0.0</fprob>
        </actor>
        <actor name="D0N21">
            <wcet number="0">270</wcet>
            <wcet number="1">280</wcet>
            <maxpow number="0.7417198379308526"/>
            <maxpow number="0.7417198379308526"/>
            <fprob>0.0</fprob>
        </actor>
        <ports>
            <port dstActor="D0N20" name="p0" srcActor="D0N4"/>
            <port dstActor="D0N41" name="p1" srcActor="D0N4"/>
            <port dstActor="D0N47" name="p2" srcActor="D0N4"/>
            <port dstActor="D0N22" name="p3" srcActor="D0N4"/>
            <port dstActor="D0N33" name="p4" srcActor="D0N4"/>
            <port dstActor="D0N36" name="p5" srcActor="D0N4"/>
            <port dstActor="D0N46" name="p6" srcActor="D0N4"/>
            <port dstActor="D0N10" name="p7" srcActor="D0N1"/>
            <port dstActor="D0N44" name="p8" srcActor="D0N1"/>
            <port dstActor="D0N21" name="p9" srcActor="D0N1"/>
            <port dstActor="D0N40" name="p10" srcActor="D0N3"/>
            <port dstActor="D0N12" name="p11" srcActor="D0N3"/>
            <port dstActor="D0N34" name="p12" srcActor="D0N10"/>
            <port dstActor="D0N20" name="p13" srcActor="D0N10"/>
            <port dstActor="D0N21" name="p14" srcActor="D0N10"/>
            <port dstActor="D0N49" name="p15" srcActor="D0N42"/>
            <port dstActor="D0N19" name="p16" srcActor="D0N13"/>
            <port dstActor="D0N49" name="p17" srcActor="D0N13"/>
            <port dstActor="D0N21" name="p18" srcActor="D0N13"/>
            <port dstActor="D0N37" name="p19" srcActor="D0N13"/>
            <port dstActor="D0N45" name="p20" srcActor="D0N13"/>
            <port dstActor="D0N49" name="p21" srcActor="D0N43"/>
            <port dstActor="D0N44" name="p22" srcActor="D0N43"/>
            <port dstActor="D0N21" name="p23" srcActor="D0N0"/>
            <port dstActor="D0N12" name="p24" srcActor="D0N0"/>
            <port dstActor="D0N14" name="p25" srcActor="D0N0"/>
            <port dstActor="D0N40" name="p26" srcActor="D0N30"/>
            <port dstActor="D0N38" name="p27" srcActor="D0N30"/>
            <port dstActor="D0N29" name="p28" srcActor="D0N9"/>
            <port dstActor="D0N33" name="p29" srcActor="D0N9"/>
            <port dstActor="D0N31" name="p30" srcActor="D0N9"/>
            <port dstActor="D0N18" name="p31" srcActor="D0N9"/>
            <port dstActor="D0N37" name="p32" srcActor="D0N9"/>
            <port dstActor="D0N46" name="p33" srcActor="D0N9"/>
            <port dstActor="D0N31" name="p34" srcActor="D0N5"/>
            <port dstActor="D0N23" name="p35" srcActor="D0N5"/>
            <port dstActor="D0N32" name="p36" srcActor="D0N5"/>
            <port dstActor="D0N7" name="p37" srcActor="D0N5"/>
            <port dstActor="D0N18" name="p38" srcActor="D0N5"/>
            <port dstActor="D0N36" name="p39" srcActor="D0N5"/>
            <port dstActor="D0N45" name="p40" srcActor="D0N27"/>
            <port dstActor="D0N28" name="p41" srcActor="D0N27"/>
            <port dstActor="D0N49" name="p42" srcActor="D0N27"/>
            <port dstActor="D0N45" name="p43" srcActor="D0N37"/>
            <port dstActor="D0N49" name="p44" srcActor="D0N6"/>
            <port dstActor="D0N19" name="p45" srcActor="D0N6"/>
            <port dstActor="D0N13" name="p46" srcActor="D0N6"/>
            <port dstActor="D0N23" name="p47" srcActor="D0N6"/>
            <port dstActor="D0N40" name="p48" srcActor="D0N6"/>
            <port dstActor="D0N18" name="p49" srcActor="D0N6"/>
            <port dstActor="D0N12" name="p50" srcActor="D0N6"/>
            <port dstActor="D0N39" name="p51" srcActor="D0N6"/>
            <port dstActor="D0N34" name="p52" srcActor="D0N8"/>
            <port dstActor="D0N33" name="p53" srcActor="D0N8"/>
            <port dstActor="D0N29" name="p54" srcActor="D0N8"/>
            <port dstActor="D0N48" name="p55" srcActor="D0N8"/>
            <port dstActor="D0N48" name="p56" srcActor="D0N47"/>
            <port dstActor="D0N49" name="p57" srcActor="D0N36"/>
            <port dstActor="D0N38" name="p58" srcActor="D0N36"/>
            <port dstActor="D0N46" name="p59" srcActor="D0N36"/>
            <port dstActor="D0N47" name="p60" srcActor="D0N38"/>
            <port dstActor="D0N45" name="p61" srcActor="D0N38"/>
            <port dstActor="D0N23" name="p62" srcActor="D0N22"/>
            <port dstActor="D0N15" name="p63" srcActor="D0N11"/>
            <port dstActor="D0N44" name="p64" srcActor="D0N11"/>
            <port dstActor="D0N48" name="p65" srcActor="D0N11"/>
            <port dstActor="D0N37" name="p66" srcActor="D0N11"/>
            <port dstActor="D0N21" name="p67" srcActor="D0N17"/>
            <port dstActor="D0N31" name="p68" srcActor="D0N17"/>
            <port dstActor="D0N45" name="p69" srcActor="D0N17"/>
            <port dstActor="D0N48" name="p70" srcActor="D0N17"/>
            <port dstActor="D0N19" name="p71" srcActor="D0N17"/>
            <port dstActor="D0N34" name="p72" srcActor="D0N29"/>
            <port dstActor="D0N24" name="p73" srcActor="D0N14"/>
            <port dstActor="D0N31" name="p74" srcActor="D0N14"/>
            <port dstActor="D0N46" name="p75" srcActor="D0N20"/>
            <port dstActor="D0N29" name="p76" srcActor="D0N20"/>
            <port dstActor="D0N48" name="p77" srcActor="D0N20"/>
            <port dstActor="D0N30" name="p78" srcActor="D0N18"/>
            <port dstActor="D0N38" name="p79" srcActor="D0N18"/>
            <port dstActor="D0N35" name="p80" srcActor="D0N18"/>
            <port dstActor="D0N36" name="p81" srcActor="D0N2"/>
            <port dstActor="D0N45" name="p82" srcActor="D0N2"/>
            <port dstActor="D0N17" name="p83" srcActor="D0N12"/>
            <port dstActor="D0N32" name="p84" srcActor="D0N12"/>
            <port dstActor="D0N14" name="p85" srcActor="D0N12"/>
            <port dstActor="D0N20" name="p86" srcActor="D0N12"/>
            <port dstActor="D0N33" name="p87" srcActor="D0N32"/>
            <port dstActor="D0N45" name="p88" srcActor="D0N32"/>
            <port dstActor="D0N35" name="p89" srcActor="D0N32"/>
            <port dstActor="D0N44" name="p90" srcActor="D0N32"/>
            <port dstActor="D0N43" name="p91" srcActor="D0N16"/>
            <port dstActor="D0N49" name="p92" srcActor="D0N16"/>
            <port dstActor="D0N23" name="p93" srcActor="D0N16"/>
            <port dstActor="D0N26" name="p94" srcActor="D0N16"/>
            <port dstActor="D0N16" name="p95" srcActor="D0N15"/>
            <port dstActor="D0N47" name="p96" srcActor="D0N15"/>
            <port dstActor="D0N36" name="p97" srcActor="D0N25"/>
            <port dstActor="D0N44" name="p98" srcActor="D0N19"/>
            <port dstActor="D0N45" name="p99" srcActor="D0N19"/>
            <port dstActor="D0N23" name="p100" srcActor="D0N19"/>
            <port dstActor="D0N41" name="p101" srcActor="D0N19"/>
            <port dstActor="D0N31" name="p102" srcActor="D0N19"/>
            <port dstActor="D0N46" name="p103" srcActor="D0N19"/>
            <port dstActor="D0N26" name="p104" srcActor="D0N19"/>
            <port dstActor="D0N37" name="p105" srcActor="D0N26"/>
            <port dstActor="D0N43" name="p106" srcActor="D0N26"/>
            <port dstActor="D0N29" name="p107" srcActor="D0N28"/>
            <port dstActor="D0N46" name="p108" srcActor="D0N28"/>
            <port dstActor="D0N45" name="p109" srcActor="D0N28"/>
            <port dstActor="D0N36" name="p110" srcActor="D0N28"/>
            <port dstActor="D0N49" name="p111" srcActor="D0N31"/>
            <port dstActor="D0N34" name="p112" srcActor="D0N31"/>
            <port dstActor="D0N40" name="p113" srcActor="D0N35"/>
            <port dstActor="D0N37" name="p114" srcActor="D0N24"/>
            <port dstActor="D0N48" name="p115" srcActor="D0N33"/>
            <port dstActor="D0N46" name="p116" srcActor="D0N33"/>
            <port dstActor="D0N44" name="p117" srcActor="D0N33"/>
            <port dstActor="D0N39" name="p118" srcActor="D0N33"/>
            <port dstActor="D0N36" name="p119" srcActor="D0N23"/>
            <port dstActor="D0N27" name="p120" srcActor="D0N23"/>
            <port dstActor="D0N26" name="p121" srcActor="D0N7"/>
            <port dstActor="D0N48" name="p122" srcActor="D0N7"/>
            <port dstActor="D0N23" name="p123" srcActor="D0N7"/>
            <port dstActor="D0N47" name="p124" srcActor="D0N7"/>
            <port dstActor="D0N45" name="p125" srcActor="D0N34"/>
            <port dstActor="D0N45" name="p126" srcActor="D0N21"/>
            <port dstActor="D0N30" name="p127" srcActor="D0N21"/>
        </ports>
    </mcdag>
    <cores number="3"/>
    <levels number="2"/>
</mcsystem>
