<?xml version="1.0" encoding="UTF-8" standalone="no"?>
<mcsystem>
    <mcdag deadline="1800" name="genned-0-ed-10.0-0">
        <actor name="D0N0">
            <wcet number="0">10</wcet>
            <wcet number="1">10</wcet>
            <maxpow number="0.6737453929281689"/>
            <maxpow number="0.6737453929281689"/>
            <fprob>0.0</fprob>
        </actor>
        <actor name="D0N24">
            <wcet number="0">10</wcet>
            <wcet number="1">10</wcet>
            <maxpow number="0.5833590405350925"/>
            <maxpow number="0.5833590405350925"/>
            <fprob>0.0</fprob>
        </actor>
        <actor name="D0N47">
            <wcet number="0">70</wcet>
            <wcet number="1">100</wcet>
            <maxpow number="0.3332298991906044"/>
            <maxpow number="0.3332298991906044"/>
            <fprob>0.0</fprob>
        </actor>
        <actor name="D0N34">
            <wcet number="0">30</wcet>
            <wcet number="1">30</wcet>
            <maxpow number="0.40678612987161933"/>
            <maxpow number="0.40678612987161933"/>
            <fprob>0.0</fprob>
        </actor>
        <actor name="D0N18">
            <wcet number="0">10</wcet>
            <wcet number="1">80</wcet>
            <maxpow number="0.3962363238300658"/>
            <maxpow number="0.3962363238300658"/>
            <fprob>0.0</fprob>
        </actor>
        <actor name="D0N27">
            <wcet number="0">10</wcet>
            <wcet number="1">30</wcet>
            <maxpow number="0.8157641797263875"/>
            <maxpow number="0.8157641797263875"/>
            <fprob>0.0</fprob>
        </actor>
        <actor name="D0N8">
            <wcet number="0">10</wcet>
            <wcet number="1">30</wcet>
            <maxpow number="0.5170879588752834"/>
            <maxpow number="0.5170879588752834"/>
            <fprob>0.0</fprob>
        </actor>
        <actor name="D0N3">
            <wcet number="0">150</wcet>
            <wcet number="1">150</wcet>
            <maxpow number="0.4994534538037574"/>
            <maxpow number="0.4994534538037574"/>
            <fprob>0.0</fprob>
        </actor>
        <actor name="D0N21">
            <wcet number="0">50</wcet>
            <wcet number="1">150</wcet>
            <maxpow number="0.5748107243534848"/>
            <maxpow number="0.5748107243534848"/>
            <fprob>0.0</fprob>
        </actor>
        <actor name="D0N36">
            <wcet number="0">220</wcet>
            <wcet number="1">220</wcet>
            <maxpow number="0.5923421320972689"/>
            <maxpow number="0.5923421320972689"/>
            <fprob>0.0</fprob>
        </actor>
        <actor name="D0N14">
            <wcet number="0">60</wcet>
            <wcet number="1">100</wcet>
            <maxpow number="0.69844849544434"/>
            <maxpow number="0.69844849544434"/>
            <fprob>0.0</fprob>
        </actor>
        <actor name="D0N25">
            <wcet number="0">10</wcet>
            <wcet number="1">20</wcet>
            <maxpow number="0.727610370188076"/>
            <maxpow number="0.727610370188076"/>
            <fprob>0.0</fprob>
        </actor>
        <actor name="D0N38">
            <wcet number="0">10</wcet>
            <wcet number="1">90</wcet>
            <maxpow number="0.48941316160087783"/>
            <maxpow number="0.48941316160087783"/>
            <fprob>0.0</fprob>
        </actor>
        <actor name="D0N45">
            <wcet number="0">40</wcet>
            <wcet number="1">60</wcet>
            <maxpow number="0.686529267164167"/>
            <maxpow number="0.686529267164167"/>
            <fprob>0.0</fprob>
        </actor>
        <actor name="D0N4">
            <wcet number="0">10</wcet>
            <wcet number="1">20</wcet>
            <maxpow number="0.6892276234442234"/>
            <maxpow number="0.6892276234442234"/>
            <fprob>0.0</fprob>
        </actor>
        <actor name="D0N37">
            <wcet number="0">50</wcet>
            <wcet number="1">90</wcet>
            <maxpow number="0.6077568103818037"/>
            <maxpow number="0.6077568103818037"/>
            <fprob>0.0</fprob>
        </actor>
        <actor name="D0N33">
            <wcet number="0">350</wcet>
            <wcet number="1">500</wcet>
            <maxpow number="0.6198425001996748"/>
            <maxpow number="0.6198425001996748"/>
            <fprob>0.0</fprob>
        </actor>
        <actor name="D0N10">
            <wcet number="0">50</wcet>
            <wcet number="1">120</wcet>
            <maxpow number="0.573006491925853"/>
            <maxpow number="0.573006491925853"/>
            <fprob>0.0</fprob>
        </actor>
        <actor name="D0N12">
            <wcet number="0">10</wcet>
            <wcet number="1">10</wcet>
            <maxpow number="0.516636345771084"/>
            <maxpow number="0.516636345771084"/>
            <fprob>0.0</fprob>
        </actor>
        <actor name="D0N26">
            <wcet number="0">60</wcet>
            <wcet number="1">150</wcet>
            <maxpow number="0.8331431641118592"/>
            <maxpow number="0.8331431641118592"/>
            <fprob>0.0</fprob>
        </actor>
        <actor name="D0N48">
            <wcet number="0">10</wcet>
            <wcet number="1">10</wcet>
            <maxpow number="0.42172637881819125"/>
            <maxpow number="0.42172637881819125"/>
            <fprob>0.0</fprob>
        </actor>
        <actor name="D0N40">
            <wcet number="0">80</wcet>
            <wcet number="1">90</wcet>
            <maxpow number="0.5377921370273558"/>
            <maxpow number="0.5377921370273558"/>
            <fprob>0.0</fprob>
        </actor>
        <actor name="D0N43">
            <wcet number="0">10</wcet>
            <wcet number="1">10</wcet>
            <maxpow number="0.42444989911001313"/>
            <maxpow number="0.42444989911001313"/>
            <fprob>0.0</fprob>
        </actor>
        <actor name="D0N11">
            <wcet number="0">20</wcet>
            <wcet number="1">50</wcet>
            <maxpow number="0.7481807512784858"/>
            <maxpow number="0.7481807512784858"/>
            <fprob>0.0</fprob>
        </actor>
        <actor name="D0N2">
            <wcet number="0">40</wcet>
            <wcet number="1">50</wcet>
            <maxpow number="0.7772445368663696"/>
            <maxpow number="0.7772445368663696"/>
            <fprob>0.0</fprob>
        </actor>
        <actor name="D0N17">
            <wcet number="0">190</wcet>
            <wcet number="1">200</wcet>
            <maxpow number="0.5514698339255206"/>
            <maxpow number="0.5514698339255206"/>
            <fprob>0.0</fprob>
        </actor>
        <actor name="D0N44">
            <wcet number="0">250</wcet>
            <wcet number="1">260</wcet>
            <maxpow number="0.29953744251084036"/>
            <maxpow number="0.29953744251084036"/>
            <fprob>0.0</fprob>
        </actor>
        <actor name="D0N46">
            <wcet number="0">50</wcet>
            <wcet number="1">80</wcet>
            <maxpow number="0.6587972826790064"/>
            <maxpow number="0.6587972826790064"/>
            <fprob>0.0</fprob>
        </actor>
        <actor name="D0N13">
            <wcet number="0">110</wcet>
            <wcet number="1">160</wcet>
            <maxpow number="0.9748130379075732"/>
            <maxpow number="0.9748130379075732"/>
            <fprob>0.0</fprob>
        </actor>
        <actor name="D0N39">
            <wcet number="0">160</wcet>
            <wcet number="1">190</wcet>
            <maxpow number="0.5211008125569654"/>
            <maxpow number="0.5211008125569654"/>
            <fprob>0.0</fprob>
        </actor>
        <actor name="D0N6">
            <wcet number="0">20</wcet>
            <wcet number="1">100</wcet>
            <maxpow number="0.33496000798687675"/>
            <maxpow number="0.33496000798687675"/>
            <fprob>0.0</fprob>
        </actor>
        <actor name="D0N9">
            <wcet number="0">130</wcet>
            <wcet number="1">300</wcet>
            <maxpow number="0.5539389317260481"/>
            <maxpow number="0.5539389317260481"/>
            <fprob>0.0</fprob>
        </actor>
        <actor name="D0N23">
            <wcet number="0">100</wcet>
            <wcet number="1">200</wcet>
            <maxpow number="0.7155153853921947"/>
            <maxpow number="0.7155153853921947"/>
            <fprob>0.0</fprob>
        </actor>
        <actor name="D0N31">
            <wcet number="0">10</wcet>
            <wcet number="1">100</wcet>
            <maxpow number="0.3254444784895759"/>
            <maxpow number="0.3254444784895759"/>
            <fprob>0.0</fprob>
        </actor>
        <actor name="D0N22">
            <wcet number="0">10</wcet>
            <wcet number="1">10</wcet>
            <maxpow number="0.4824968566749801"/>
            <maxpow number="0.4824968566749801"/>
            <fprob>0.0</fprob>
        </actor>
        <actor name="D0N5">
            <wcet number="0">150</wcet>
            <wcet number="1">190</wcet>
            <maxpow number="0.5133266241132892"/>
            <maxpow number="0.5133266241132892"/>
            <fprob>0.0</fprob>
        </actor>
        <actor name="D0N41">
            <wcet number="0">70</wcet>
            <wcet number="1">100</wcet>
            <maxpow number="0.4741537691636101"/>
            <maxpow number="0.4741537691636101"/>
            <fprob>0.0</fprob>
        </actor>
        <actor name="D0N19">
            <wcet number="0">10</wcet>
            <wcet number="1">10</wcet>
            <maxpow number="0.46215885400494133"/>
            <maxpow number="0.46215885400494133"/>
            <fprob>0.0</fprob>
        </actor>
        <actor name="D0N28">
            <wcet number="0">40</wcet>
            <wcet number="1">100</wcet>
            <maxpow number="0.4602272097653517"/>
            <maxpow number="0.4602272097653517"/>
            <fprob>0.0</fprob>
        </actor>
        <actor name="D0N20">
            <wcet number="0">30</wcet>
            <wcet number="1">50</wcet>
            <maxpow number="0.7545259495291696"/>
            <maxpow number="0.7545259495291696"/>
            <fprob>0.0</fprob>
        </actor>
        <actor name="D0N35">
            <wcet number="0">170</wcet>
            <wcet number="1">200</wcet>
            <maxpow number="0.7308668067393342"/>
            <maxpow number="0.7308668067393342"/>
            <fprob>0.0</fprob>
        </actor>
        <actor name="D0N42">
            <wcet number="0">40</wcet>
            <wcet number="1">230</wcet>
            <maxpow number="0.4085070263719297"/>
            <maxpow number="0.4085070263719297"/>
            <fprob>0.0</fprob>
        </actor>
        <actor name="D0N1">
            <wcet number="0">50</wcet>
            <wcet number="1">90</wcet>
            <maxpow number="0.4985492634188953"/>
            <maxpow number="0.4985492634188953"/>
            <fprob>0.0</fprob>
        </actor>
        <actor name="D0N7">
            <wcet number="0">10</wcet>
            <wcet number="1">10</wcet>
            <maxpow number="0.741071411177376"/>
            <maxpow number="0.741071411177376"/>
            <fprob>0.0</fprob>
        </actor>
        <actor name="D0N29">
            <wcet number="0">50</wcet>
            <wcet number="1">50</wcet>
            <maxpow number="0.3785130351275187"/>
            <maxpow number="0.3785130351275187"/>
            <fprob>0.0</fprob>
        </actor>
        <actor name="D0N30">
            <wcet number="0">30</wcet>
            <wcet number="1">100</wcet>
            <maxpow number="0.4164433101726566"/>
            <maxpow number="0.4164433101726566"/>
            <fprob>0.0</fprob>
        </actor>
        <actor name="D0N16">
            <wcet number="0">80</wcet>
            <wcet number="1">120</wcet>
            <maxpow number="0.6546225339066125"/>
            <maxpow number="0.6546225339066125"/>
            <fprob>0.0</fprob>
        </actor>
        <actor name="D0N32">
            <wcet number="0">40</wcet>
            <wcet number="1">100</wcet>
            <maxpow number="0.4280944830423362"/>
            <maxpow number="0.4280944830423362"/>
            <fprob>0.0</fprob>
        </actor>
        <actor name="D0N15">
            <wcet number="0">40</wcet>
            <wcet number="1">90</wcet>
            <maxpow number="0.40852126611176465"/>
            <maxpow number="0.40852126611176465"/>
            <fprob>0.0</fprob>
        </actor>
        <ports>
            <port dstActor="D0N47" name="p0" srcActor="D0N0"/>
            <port dstActor="D0N15" name="p1" srcActor="D0N0"/>
            <port dstActor="D0N48" name="p2" srcActor="D0N0"/>
            <port dstActor="D0N16" name="p3" srcActor="D0N0"/>
            <port dstActor="D0N31" name="p4" srcActor="D0N0"/>
            <port dstActor="D0N30" name="p5" srcActor="D0N0"/>
            <port dstActor="D0N40" name="p6" srcActor="D0N24"/>
            <port dstActor="D0N28" name="p7" srcActor="D0N24"/>
            <port dstActor="D0N48" name="p8" srcActor="D0N24"/>
            <port dstActor="D0N24" name="p9" srcActor="D0N18"/>
            <port dstActor="D0N29" name="p10" srcActor="D0N27"/>
            <port dstActor="D0N39" name="p11" srcActor="D0N27"/>
            <port dstActor="D0N28" name="p12" srcActor="D0N27"/>
            <port dstActor="D0N32" name="p13" srcActor="D0N27"/>
            <port dstActor="D0N35" name="p14" srcActor="D0N27"/>
            <port dstActor="D0N41" name="p15" srcActor="D0N27"/>
            <port dstActor="D0N40" name="p16" srcActor="D0N8"/>
            <port dstActor="D0N33" name="p17" srcActor="D0N3"/>
            <port dstActor="D0N34" name="p18" srcActor="D0N21"/>
            <port dstActor="D0N43" name="p19" srcActor="D0N21"/>
            <port dstActor="D0N30" name="p20" srcActor="D0N21"/>
            <port dstActor="D0N41" name="p21" srcActor="D0N21"/>
            <port dstActor="D0N29" name="p22" srcActor="D0N21"/>
            <port dstActor="D0N28" name="p23" srcActor="D0N21"/>
            <port dstActor="D0N37" name="p24" srcActor="D0N36"/>
            <port dstActor="D0N15" name="p25" srcActor="D0N14"/>
            <port dstActor="D0N23" name="p26" srcActor="D0N14"/>
            <port dstActor="D0N24" name="p27" srcActor="D0N14"/>
            <port dstActor="D0N32" name="p28" srcActor="D0N14"/>
            <port dstActor="D0N45" name="p29" srcActor="D0N25"/>
            <port dstActor="D0N26" name="p30" srcActor="D0N25"/>
            <port dstActor="D0N29" name="p31" srcActor="D0N25"/>
            <port dstActor="D0N42" name="p32" srcActor="D0N38"/>
            <port dstActor="D0N46" name="p33" srcActor="D0N38"/>
            <port dstActor="D0N48" name="p34" srcActor="D0N38"/>
            <port dstActor="D0N48" name="p35" srcActor="D0N45"/>
            <port dstActor="D0N28" name="p36" srcActor="D0N4"/>
            <port dstActor="D0N32" name="p37" srcActor="D0N4"/>
            <port dstActor="D0N26" name="p38" srcActor="D0N4"/>
            <port dstActor="D0N16" name="p39" srcActor="D0N4"/>
            <port dstActor="D0N19" name="p40" srcActor="D0N4"/>
            <port dstActor="D0N47" name="p41" srcActor="D0N4"/>
            <port dstActor="D0N47" name="p42" srcActor="D0N33"/>
            <port dstActor="D0N36" name="p43" srcActor="D0N33"/>
            <port dstActor="D0N35" name="p44" srcActor="D0N10"/>
            <port dstActor="D0N23" name="p45" srcActor="D0N10"/>
            <port dstActor="D0N38" name="p46" srcActor="D0N10"/>
            <port dstActor="D0N28" name="p47" srcActor="D0N10"/>
            <port dstActor="D0N14" name="p48" srcActor="D0N12"/>
            <port dstActor="D0N38" name="p49" srcActor="D0N12"/>
            <port dstActor="D0N41" name="p50" srcActor="D0N12"/>
            <port dstActor="D0N32" name="p51" srcActor="D0N12"/>
            <port dstActor="D0N45" name="p52" srcActor="D0N26"/>
            <port dstActor="D0N48" name="p53" srcActor="D0N26"/>
            <port dstActor="D0N44" name="p54" srcActor="D0N43"/>
            <port dstActor="D0N46" name="p55" srcActor="D0N11"/>
            <port dstActor="D0N26" name="p56" srcActor="D0N11"/>
            <port dstActor="D0N37" name="p57" srcActor="D0N2"/>
            <port dstActor="D0N27" name="p58" srcActor="D0N2"/>
            <port dstActor="D0N30" name="p59" srcActor="D0N2"/>
            <port dstActor="D0N12" name="p60" srcActor="D0N2"/>
            <port dstActor="D0N47" name="p61" srcActor="D0N2"/>
            <port dstActor="D0N36" name="p62" srcActor="D0N17"/>
            <port dstActor="D0N47" name="p63" srcActor="D0N17"/>
            <port dstActor="D0N39" name="p64" srcActor="D0N17"/>
            <port dstActor="D0N21" name="p65" srcActor="D0N17"/>
            <port dstActor="D0N39" name="p66" srcActor="D0N13"/>
            <port dstActor="D0N24" name="p67" srcActor="D0N13"/>
            <port dstActor="D0N29" name="p68" srcActor="D0N13"/>
            <port dstActor="D0N36" name="p69" srcActor="D0N13"/>
            <port dstActor="D0N47" name="p70" srcActor="D0N39"/>
            <port dstActor="D0N29" name="p71" srcActor="D0N6"/>
            <port dstActor="D0N7" name="p72" srcActor="D0N6"/>
            <port dstActor="D0N22" name="p73" srcActor="D0N6"/>
            <port dstActor="D0N13" name="p74" srcActor="D0N6"/>
            <port dstActor="D0N46" name="p75" srcActor="D0N6"/>
            <port dstActor="D0N44" name="p76" srcActor="D0N6"/>
            <port dstActor="D0N41" name="p77" srcActor="D0N6"/>
            <port dstActor="D0N34" name="p78" srcActor="D0N9"/>
            <port dstActor="D0N22" name="p79" srcActor="D0N9"/>
            <port dstActor="D0N31" name="p80" srcActor="D0N9"/>
            <port dstActor="D0N29" name="p81" srcActor="D0N9"/>
            <port dstActor="D0N33" name="p82" srcActor="D0N23"/>
            <port dstActor="D0N27" name="p83" srcActor="D0N23"/>
            <port dstActor="D0N47" name="p84" srcActor="D0N23"/>
            <port dstActor="D0N24" name="p85" srcActor="D0N23"/>
            <port dstActor="D0N44" name="p86" srcActor="D0N23"/>
            <port dstActor="D0N27" name="p87" srcActor="D0N22"/>
            <port dstActor="D0N35" name="p88" srcActor="D0N22"/>
            <port dstActor="D0N41" name="p89" srcActor="D0N19"/>
            <port dstActor="D0N40" name="p90" srcActor="D0N19"/>
            <port dstActor="D0N34" name="p91" srcActor="D0N19"/>
            <port dstActor="D0N32" name="p92" srcActor="D0N28"/>
            <port dstActor="D0N35" name="p93" srcActor="D0N20"/>
            <port dstActor="D0N36" name="p94" srcActor="D0N20"/>
            <port dstActor="D0N26" name="p95" srcActor="D0N20"/>
            <port dstActor="D0N46" name="p96" srcActor="D0N20"/>
            <port dstActor="D0N35" name="p97" srcActor="D0N1"/>
            <port dstActor="D0N26" name="p98" srcActor="D0N1"/>
            <port dstActor="D0N24" name="p99" srcActor="D0N1"/>
            <port dstActor="D0N34" name="p100" srcActor="D0N1"/>
            <port dstActor="D0N25" name="p101" srcActor="D0N7"/>
            <port dstActor="D0N26" name="p102" srcActor="D0N7"/>
            <port dstActor="D0N37" name="p103" srcActor="D0N7"/>
            <port dstActor="D0N28" name="p104" srcActor="D0N7"/>
            <port dstActor="D0N8" name="p105" srcActor="D0N7"/>
            <port dstActor="D0N13" name="p106" srcActor="D0N7"/>
            <port dstActor="D0N44" name="p107" srcActor="D0N29"/>
            <port dstActor="D0N47" name="p108" srcActor="D0N30"/>
            <port dstActor="D0N48" name="p109" srcActor="D0N16"/>
            <port dstActor="D0N34" name="p110" srcActor="D0N16"/>
            <port dstActor="D0N44" name="p111" srcActor="D0N16"/>
            <port dstActor="D0N28" name="p112" srcActor="D0N16"/>
            <port dstActor="D0N35" name="p113" srcActor="D0N16"/>
            <port dstActor="D0N38" name="p114" srcActor="D0N16"/>
            <port dstActor="D0N40" name="p115" srcActor="D0N32"/>
            <port dstActor="D0N45" name="p116" srcActor="D0N32"/>
            <port dstActor="D0N23" name="p117" srcActor="D0N15"/>
            <port dstActor="D0N17" name="p118" srcActor="D0N15"/>
            <port dstActor="D0N34" name="p119" srcActor="D0N15"/>
            <port dstActor="D0N43" name="p120" srcActor="D0N15"/>
        </ports>
    </mcdag>
    <cores number="3"/>
    <levels number="2"/>
</mcsystem>
