<?xml version="1.0" encoding="UTF-8" standalone="no"?>
<mcsystem>
    <mcdag deadline="3000" name="genned-0-ed-10.0-0">
        <actor name="D0N41">
            <wcet number="0">10</wcet>
            <wcet number="1">10</wcet>
            <maxpow number="0.6127976801357146"/>
            <maxpow number="0.6127976801357146"/>
            <fprob>0.0</fprob>
        </actor>
        <actor name="D0N44">
            <wcet number="0">10</wcet>
            <wcet number="1">50</wcet>
            <maxpow number="0.6656101697200218"/>
            <maxpow number="0.6656101697200218"/>
            <fprob>0.0</fprob>
        </actor>
        <actor name="D0N2">
            <wcet number="0">190</wcet>
            <wcet number="1">300</wcet>
            <maxpow number="0.5108886126330858"/>
            <maxpow number="0.5108886126330858"/>
            <fprob>0.0</fprob>
        </actor>
        <actor name="D0N1">
            <wcet number="0">10</wcet>
            <wcet number="1">80</wcet>
            <maxpow number="0.31151011233009906"/>
            <maxpow number="0.31151011233009906"/>
            <fprob>0.0</fprob>
        </actor>
        <actor name="D0N38">
            <wcet number="0">20</wcet>
            <wcet number="1">20</wcet>
            <maxpow number="0.4486482452646956"/>
            <maxpow number="0.4486482452646956"/>
            <fprob>0.0</fprob>
        </actor>
        <actor name="D0N35">
            <wcet number="0">170</wcet>
            <wcet number="1">170</wcet>
            <maxpow number="0.2529697167002888"/>
            <maxpow number="0.2529697167002888"/>
            <fprob>0.0</fprob>
        </actor>
        <actor name="D0N42">
            <wcet number="0">20</wcet>
            <wcet number="1">40</wcet>
            <maxpow number="0.5820144137926073"/>
            <maxpow number="0.5820144137926073"/>
            <fprob>0.0</fprob>
        </actor>
        <actor name="D0N11">
            <wcet number="0">10</wcet>
            <wcet number="1">270</wcet>
            <maxpow number="0.2949372360442744"/>
            <maxpow number="0.2949372360442744"/>
            <fprob>0.0</fprob>
        </actor>
        <actor name="D0N37">
            <wcet number="0">30</wcet>
            <wcet number="1">30</wcet>
            <maxpow number="0.7154042495329288"/>
            <maxpow number="0.7154042495329288"/>
            <fprob>0.0</fprob>
        </actor>
        <actor name="D0N16">
            <wcet number="0">20</wcet>
            <wcet number="1">50</wcet>
            <maxpow number="0.38778730422468766"/>
            <maxpow number="0.38778730422468766"/>
            <fprob>0.0</fprob>
        </actor>
        <actor name="D0N19">
            <wcet number="0">10</wcet>
            <wcet number="1">40</wcet>
            <maxpow number="0.3745718099514229"/>
            <maxpow number="0.3745718099514229"/>
            <fprob>0.0</fprob>
        </actor>
        <actor name="D0N5">
            <wcet number="0">10</wcet>
            <wcet number="1">30</wcet>
            <maxpow number="0.7855281128793631"/>
            <maxpow number="0.7855281128793631"/>
            <fprob>0.0</fprob>
        </actor>
        <actor name="D0N33">
            <wcet number="0">20</wcet>
            <wcet number="1">40</wcet>
            <maxpow number="0.20671448508603912"/>
            <maxpow number="0.20671448508603912"/>
            <fprob>0.0</fprob>
        </actor>
        <actor name="D0N12">
            <wcet number="0">240</wcet>
            <wcet number="1">450</wcet>
            <maxpow number="0.7460853778287391"/>
            <maxpow number="0.7460853778287391"/>
            <fprob>0.0</fprob>
        </actor>
        <actor name="D0N18">
            <wcet number="0">10</wcet>
            <wcet number="1">10</wcet>
            <maxpow number="0.570178333462603"/>
            <maxpow number="0.570178333462603"/>
            <fprob>0.0</fprob>
        </actor>
        <actor name="D0N40">
            <wcet number="0">20</wcet>
            <wcet number="1">40</wcet>
            <maxpow number="0.7677148440875408"/>
            <maxpow number="0.7677148440875408"/>
            <fprob>0.0</fprob>
        </actor>
        <actor name="D0N46">
            <wcet number="0">90</wcet>
            <wcet number="1">100</wcet>
            <maxpow number="0.452439411316974"/>
            <maxpow number="0.452439411316974"/>
            <fprob>0.0</fprob>
        </actor>
        <actor name="D0N24">
            <wcet number="0">110</wcet>
            <wcet number="1">340</wcet>
            <maxpow number="0.778225542954168"/>
            <maxpow number="0.778225542954168"/>
            <fprob>0.0</fprob>
        </actor>
        <actor name="D0N21">
            <wcet number="0">50</wcet>
            <wcet number="1">50</wcet>
            <maxpow number="0.3904071692879083"/>
            <maxpow number="0.3904071692879083"/>
            <fprob>0.0</fprob>
        </actor>
        <actor name="D0N23">
            <wcet number="0">60</wcet>
            <wcet number="1">60</wcet>
            <maxpow number="0.28988053149016785"/>
            <maxpow number="0.28988053149016785"/>
            <fprob>0.0</fprob>
        </actor>
        <actor name="D0N15">
            <wcet number="0">160</wcet>
            <wcet number="1">240</wcet>
            <maxpow number="0.5727941497474824"/>
            <maxpow number="0.5727941497474824"/>
            <fprob>0.0</fprob>
        </actor>
        <actor name="D0N3">
            <wcet number="0">80</wcet>
            <wcet number="1">150</wcet>
            <maxpow number="0.5447479097510555"/>
            <maxpow number="0.5447479097510555"/>
            <fprob>0.0</fprob>
        </actor>
        <actor name="D0N43">
            <wcet number="0">10</wcet>
            <wcet number="1">10</wcet>
            <maxpow number="0.37137045139164326"/>
            <maxpow number="0.37137045139164326"/>
            <fprob>0.0</fprob>
        </actor>
        <actor name="D0N22">
            <wcet number="0">230</wcet>
            <wcet number="1">380</wcet>
            <maxpow number="0.46594095034481464"/>
            <maxpow number="0.46594095034481464"/>
            <fprob>0.0</fprob>
        </actor>
        <actor name="D0N9">
            <wcet number="0">100</wcet>
            <wcet number="1">130</wcet>
            <maxpow number="0.8256021945420045"/>
            <maxpow number="0.8256021945420045"/>
            <fprob>0.0</fprob>
        </actor>
        <actor name="D0N36">
            <wcet number="0">100</wcet>
            <wcet number="1">230</wcet>
            <maxpow number="0.2853122537245447"/>
            <maxpow number="0.2853122537245447"/>
            <fprob>0.0</fprob>
        </actor>
        <actor name="D0N6">
            <wcet number="0">60</wcet>
            <wcet number="1">80</wcet>
            <maxpow number="0.5245279965688271"/>
            <maxpow number="0.5245279965688271"/>
            <fprob>0.0</fprob>
        </actor>
        <actor name="D0N39">
            <wcet number="0">170</wcet>
            <wcet number="1">360</wcet>
            <maxpow number="0.48427007321695686"/>
            <maxpow number="0.48427007321695686"/>
            <fprob>0.0</fprob>
        </actor>
        <actor name="D0N27">
            <wcet number="0">120</wcet>
            <wcet number="1">170</wcet>
            <maxpow number="0.6083570492915145"/>
            <maxpow number="0.6083570492915145"/>
            <fprob>0.0</fprob>
        </actor>
        <actor name="D0N31">
            <wcet number="0">10</wcet>
            <wcet number="1">10</wcet>
            <maxpow number="0.22885938376744924"/>
            <maxpow number="0.22885938376744924"/>
            <fprob>0.0</fprob>
        </actor>
        <actor name="D0N7">
            <wcet number="0">260</wcet>
            <wcet number="1">280</wcet>
            <maxpow number="0.24887932693051723"/>
            <maxpow number="0.24887932693051723"/>
            <fprob>0.0</fprob>
        </actor>
        <actor name="D0N28">
            <wcet number="0">60</wcet>
            <wcet number="1">90</wcet>
            <maxpow number="0.5199300073197465"/>
            <maxpow number="0.5199300073197465"/>
            <fprob>0.0</fprob>
        </actor>
        <actor name="D0N45">
            <wcet number="0">40</wcet>
            <wcet number="1">240</wcet>
            <maxpow number="0.4595932189566756"/>
            <maxpow number="0.4595932189566756"/>
            <fprob>0.0</fprob>
        </actor>
        <actor name="D0N8">
            <wcet number="0">260</wcet>
            <wcet number="1">280</wcet>
            <maxpow number="0.3898135596284876"/>
            <maxpow number="0.3898135596284876"/>
            <fprob>0.0</fprob>
        </actor>
        <actor name="D0N32">
            <wcet number="0">70</wcet>
            <wcet number="1">200</wcet>
            <maxpow number="0.48773149582860836"/>
            <maxpow number="0.48773149582860836"/>
            <fprob>0.0</fprob>
        </actor>
        <actor name="D0N34">
            <wcet number="0">30</wcet>
            <wcet number="1">30</wcet>
            <maxpow number="0.7115033086632114"/>
            <maxpow number="0.7115033086632114"/>
            <fprob>0.0</fprob>
        </actor>
        <actor name="D0N10">
            <wcet number="0">20</wcet>
            <wcet number="1">20</wcet>
            <maxpow number="0.7841289059864646"/>
            <maxpow number="0.7841289059864646"/>
            <fprob>0.0</fprob>
        </actor>
        <actor name="D0N29">
            <wcet number="0">20</wcet>
            <wcet number="1">70</wcet>
            <maxpow number="0.3853979748376547"/>
            <maxpow number="0.3853979748376547"/>
            <fprob>0.0</fprob>
        </actor>
        <actor name="D0N30">
            <wcet number="0">140</wcet>
            <wcet number="1">360</wcet>
            <maxpow number="0.3205077283909722"/>
            <maxpow number="0.3205077283909722"/>
            <fprob>0.0</fprob>
        </actor>
        <actor name="D0N4">
            <wcet number="0">10</wcet>
            <wcet number="1">20</wcet>
            <maxpow number="0.46047686137607446"/>
            <maxpow number="0.46047686137607446"/>
            <fprob>0.0</fprob>
        </actor>
        <actor name="D0N20">
            <wcet number="0">40</wcet>
            <wcet number="1">50</wcet>
            <maxpow number="0.3237774897915162"/>
            <maxpow number="0.3237774897915162"/>
            <fprob>0.0</fprob>
        </actor>
        <actor name="D0N26">
            <wcet number="0">10</wcet>
            <wcet number="1">10</wcet>
            <maxpow number="0.6164371373134152"/>
            <maxpow number="0.6164371373134152"/>
            <fprob>0.0</fprob>
        </actor>
        <actor name="D0N14">
            <wcet number="0">180</wcet>
            <wcet number="1">180</wcet>
            <maxpow number="0.530053689294159"/>
            <maxpow number="0.530053689294159"/>
            <fprob>0.0</fprob>
        </actor>
        <actor name="D0N47">
            <wcet number="0">30</wcet>
            <wcet number="1">50</wcet>
            <maxpow number="0.7964034933143145"/>
            <maxpow number="0.7964034933143145"/>
            <fprob>0.0</fprob>
        </actor>
        <actor name="D0N17">
            <wcet number="0">20</wcet>
            <wcet number="1">50</wcet>
            <maxpow number="0.43001731074564087"/>
            <maxpow number="0.43001731074564087"/>
            <fprob>0.0</fprob>
        </actor>
        <actor name="D0N25">
            <wcet number="0">100</wcet>
            <wcet number="1">100</wcet>
            <maxpow number="0.3548619854579843"/>
            <maxpow number="0.3548619854579843"/>
            <fprob>0.0</fprob>
        </actor>
        <actor name="D0N0">
            <wcet number="0">10</wcet>
            <wcet number="1">10</wcet>
            <maxpow number="0.567129171381714"/>
            <maxpow number="0.567129171381714"/>
            <fprob>0.0</fprob>
        </actor>
        <actor name="D0N13">
            <wcet number="0">10</wcet>
            <wcet number="1">20</wcet>
            <maxpow number="0.8548178050665316"/>
            <maxpow number="0.8548178050665316"/>
            <fprob>0.0</fprob>
        </actor>
        <ports>
            <port dstActor="D0N45" name="p0" srcActor="D0N41"/>
            <port dstActor="D0N47" name="p1" srcActor="D0N44"/>
            <port dstActor="D0N4" name="p2" srcActor="D0N2"/>
            <port dstActor="D0N14" name="p3" srcActor="D0N2"/>
            <port dstActor="D0N25" name="p4" srcActor="D0N2"/>
            <port dstActor="D0N9" name="p5" srcActor="D0N2"/>
            <port dstActor="D0N8" name="p6" srcActor="D0N2"/>
            <port dstActor="D0N2" name="p7" srcActor="D0N1"/>
            <port dstActor="D0N23" name="p8" srcActor="D0N1"/>
            <port dstActor="D0N30" name="p9" srcActor="D0N1"/>
            <port dstActor="D0N37" name="p10" srcActor="D0N1"/>
            <port dstActor="D0N42" name="p11" srcActor="D0N38"/>
            <port dstActor="D0N41" name="p12" srcActor="D0N35"/>
            <port dstActor="D0N38" name="p13" srcActor="D0N35"/>
            <port dstActor="D0N46" name="p14" srcActor="D0N42"/>
            <port dstActor="D0N31" name="p15" srcActor="D0N11"/>
            <port dstActor="D0N41" name="p16" srcActor="D0N11"/>
            <port dstActor="D0N15" name="p17" srcActor="D0N11"/>
            <port dstActor="D0N44" name="p18" srcActor="D0N37"/>
            <port dstActor="D0N38" name="p19" srcActor="D0N37"/>
            <port dstActor="D0N23" name="p20" srcActor="D0N16"/>
            <port dstActor="D0N29" name="p21" srcActor="D0N16"/>
            <port dstActor="D0N31" name="p22" srcActor="D0N16"/>
            <port dstActor="D0N34" name="p23" srcActor="D0N16"/>
            <port dstActor="D0N19" name="p24" srcActor="D0N16"/>
            <port dstActor="D0N28" name="p25" srcActor="D0N19"/>
            <port dstActor="D0N39" name="p26" srcActor="D0N19"/>
            <port dstActor="D0N23" name="p27" srcActor="D0N19"/>
            <port dstActor="D0N34" name="p28" srcActor="D0N19"/>
            <port dstActor="D0N30" name="p29" srcActor="D0N19"/>
            <port dstActor="D0N39" name="p30" srcActor="D0N5"/>
            <port dstActor="D0N16" name="p31" srcActor="D0N5"/>
            <port dstActor="D0N44" name="p32" srcActor="D0N5"/>
            <port dstActor="D0N38" name="p33" srcActor="D0N33"/>
            <port dstActor="D0N28" name="p34" srcActor="D0N18"/>
            <port dstActor="D0N36" name="p35" srcActor="D0N24"/>
            <port dstActor="D0N27" name="p36" srcActor="D0N21"/>
            <port dstActor="D0N24" name="p37" srcActor="D0N21"/>
            <port dstActor="D0N36" name="p38" srcActor="D0N23"/>
            <port dstActor="D0N35" name="p39" srcActor="D0N15"/>
            <port dstActor="D0N33" name="p40" srcActor="D0N15"/>
            <port dstActor="D0N19" name="p41" srcActor="D0N15"/>
            <port dstActor="D0N36" name="p42" srcActor="D0N15"/>
            <port dstActor="D0N37" name="p43" srcActor="D0N15"/>
            <port dstActor="D0N19" name="p44" srcActor="D0N3"/>
            <port dstActor="D0N30" name="p45" srcActor="D0N3"/>
            <port dstActor="D0N35" name="p46" srcActor="D0N3"/>
            <port dstActor="D0N31" name="p47" srcActor="D0N3"/>
            <port dstActor="D0N4" name="p48" srcActor="D0N3"/>
            <port dstActor="D0N14" name="p49" srcActor="D0N3"/>
            <port dstActor="D0N46" name="p50" srcActor="D0N43"/>
            <port dstActor="D0N34" name="p51" srcActor="D0N22"/>
            <port dstActor="D0N35" name="p52" srcActor="D0N22"/>
            <port dstActor="D0N28" name="p53" srcActor="D0N22"/>
            <port dstActor="D0N42" name="p54" srcActor="D0N9"/>
            <port dstActor="D0N19" name="p55" srcActor="D0N9"/>
            <port dstActor="D0N42" name="p56" srcActor="D0N36"/>
            <port dstActor="D0N47" name="p57" srcActor="D0N36"/>
            <port dstActor="D0N34" name="p58" srcActor="D0N6"/>
            <port dstActor="D0N9" name="p59" srcActor="D0N6"/>
            <port dstActor="D0N14" name="p60" srcActor="D0N6"/>
            <port dstActor="D0N18" name="p61" srcActor="D0N6"/>
            <port dstActor="D0N33" name="p62" srcActor="D0N27"/>
            <port dstActor="D0N42" name="p63" srcActor="D0N27"/>
            <port dstActor="D0N22" name="p64" srcActor="D0N7"/>
            <port dstActor="D0N44" name="p65" srcActor="D0N7"/>
            <port dstActor="D0N24" name="p66" srcActor="D0N7"/>
            <port dstActor="D0N12" name="p67" srcActor="D0N7"/>
            <port dstActor="D0N31" name="p68" srcActor="D0N7"/>
            <port dstActor="D0N41" name="p69" srcActor="D0N28"/>
            <port dstActor="D0N13" name="p70" srcActor="D0N8"/>
            <port dstActor="D0N19" name="p71" srcActor="D0N8"/>
            <port dstActor="D0N43" name="p72" srcActor="D0N32"/>
            <port dstActor="D0N38" name="p73" srcActor="D0N32"/>
            <port dstActor="D0N41" name="p74" srcActor="D0N34"/>
            <port dstActor="D0N40" name="p75" srcActor="D0N34"/>
            <port dstActor="D0N44" name="p76" srcActor="D0N34"/>
            <port dstActor="D0N41" name="p77" srcActor="D0N10"/>
            <port dstActor="D0N47" name="p78" srcActor="D0N10"/>
            <port dstActor="D0N11" name="p79" srcActor="D0N10"/>
            <port dstActor="D0N26" name="p80" srcActor="D0N10"/>
            <port dstActor="D0N25" name="p81" srcActor="D0N10"/>
            <port dstActor="D0N31" name="p82" srcActor="D0N29"/>
            <port dstActor="D0N37" name="p83" srcActor="D0N30"/>
            <port dstActor="D0N30" name="p84" srcActor="D0N4"/>
            <port dstActor="D0N23" name="p85" srcActor="D0N4"/>
            <port dstActor="D0N18" name="p86" srcActor="D0N4"/>
            <port dstActor="D0N37" name="p87" srcActor="D0N20"/>
            <port dstActor="D0N41" name="p88" srcActor="D0N20"/>
            <port dstActor="D0N29" name="p89" srcActor="D0N14"/>
            <port dstActor="D0N34" name="p90" srcActor="D0N14"/>
            <port dstActor="D0N46" name="p91" srcActor="D0N14"/>
            <port dstActor="D0N30" name="p92" srcActor="D0N17"/>
            <port dstActor="D0N41" name="p93" srcActor="D0N17"/>
            <port dstActor="D0N44" name="p94" srcActor="D0N25"/>
            <port dstActor="D0N38" name="p95" srcActor="D0N25"/>
            <port dstActor="D0N7" name="p96" srcActor="D0N0"/>
            <port dstActor="D0N25" name="p97" srcActor="D0N0"/>
            <port dstActor="D0N16" name="p98" srcActor="D0N0"/>
            <port dstActor="D0N47" name="p99" srcActor="D0N0"/>
            <port dstActor="D0N28" name="p100" srcActor="D0N0"/>
            <port dstActor="D0N32" name="p101" srcActor="D0N0"/>
            <port dstActor="D0N32" name="p102" srcActor="D0N13"/>
        </ports>
    </mcdag>
    <cores number="2"/>
    <levels number="2"/>
</mcsystem>
