<?xml version="1.0" encoding="UTF-8" standalone="no"?>
<mcsystem>
    <mcdag deadline="1000" name="genned-0-ed-10.0-0">
        <actor name="D0N2">
            <wcet number="0">50</wcet>
            <wcet number="1">70</wcet>
            <maxpow number="0.6554104080385346"/>
            <maxpow number="0.6554104080385346"/>
            <fprob>0.0</fprob>
        </actor>
        <actor name="D0N8">
            <wcet number="0">40</wcet>
            <wcet number="1">60</wcet>
            <maxpow number="0.7023448275864713"/>
            <maxpow number="0.7023448275864713"/>
            <fprob>0.0</fprob>
        </actor>
        <actor name="D0N27">
            <wcet number="0">20</wcet>
            <wcet number="1">50</wcet>
            <maxpow number="0.4023932465383813"/>
            <maxpow number="0.4023932465383813"/>
            <fprob>0.0</fprob>
        </actor>
        <actor name="D0N6">
            <wcet number="0">120</wcet>
            <wcet number="1">130</wcet>
            <maxpow number="0.3244005030636069"/>
            <maxpow number="0.3244005030636069"/>
            <fprob>0.0</fprob>
        </actor>
        <actor name="D0N41">
            <wcet number="0">20</wcet>
            <wcet number="1">50</wcet>
            <maxpow number="0.5187249774329802"/>
            <maxpow number="0.5187249774329802"/>
            <fprob>0.0</fprob>
        </actor>
        <actor name="D0N43">
            <wcet number="0">10</wcet>
            <wcet number="1">40</wcet>
            <maxpow number="0.39564644354452677"/>
            <maxpow number="0.39564644354452677"/>
            <fprob>0.0</fprob>
        </actor>
        <actor name="D0N45">
            <wcet number="0">50</wcet>
            <wcet number="1">150</wcet>
            <maxpow number="0.5473068802545655"/>
            <maxpow number="0.5473068802545655"/>
            <fprob>0.0</fprob>
        </actor>
        <actor name="D0N39">
            <wcet number="0">10</wcet>
            <wcet number="1">20</wcet>
            <maxpow number="0.647085254751228"/>
            <maxpow number="0.647085254751228"/>
            <fprob>0.0</fprob>
        </actor>
        <actor name="D0N0">
            <wcet number="0">10</wcet>
            <wcet number="1">20</wcet>
            <maxpow number="0.584406524847301"/>
            <maxpow number="0.584406524847301"/>
            <fprob>0.0</fprob>
        </actor>
        <actor name="D0N20">
            <wcet number="0">10</wcet>
            <wcet number="1">20</wcet>
            <maxpow number="0.40761298152256364"/>
            <maxpow number="0.40761298152256364"/>
            <fprob>0.0</fprob>
        </actor>
        <actor name="D0N14">
            <wcet number="0">30</wcet>
            <wcet number="1">60</wcet>
            <maxpow number="0.5817952621372043"/>
            <maxpow number="0.5817952621372043"/>
            <fprob>0.0</fprob>
        </actor>
        <actor name="D0N7">
            <wcet number="0">80</wcet>
            <wcet number="1">120</wcet>
            <maxpow number="0.4597016833528381"/>
            <maxpow number="0.4597016833528381"/>
            <fprob>0.0</fprob>
        </actor>
        <actor name="D0N15">
            <wcet number="0">30</wcet>
            <wcet number="1">30</wcet>
            <maxpow number="0.5438072950498107"/>
            <maxpow number="0.5438072950498107"/>
            <fprob>0.0</fprob>
        </actor>
        <actor name="D0N35">
            <wcet number="0">20</wcet>
            <wcet number="1">20</wcet>
            <maxpow number="0.8896766329844241"/>
            <maxpow number="0.8896766329844241"/>
            <fprob>0.0</fprob>
        </actor>
        <actor name="D0N16">
            <wcet number="0">10</wcet>
            <wcet number="1">20</wcet>
            <maxpow number="0.8760287460876084"/>
            <maxpow number="0.8760287460876084"/>
            <fprob>0.0</fprob>
        </actor>
        <actor name="D0N22">
            <wcet number="0">20</wcet>
            <wcet number="1">100</wcet>
            <maxpow number="0.2234816566689689"/>
            <maxpow number="0.2234816566689689"/>
            <fprob>0.0</fprob>
        </actor>
        <actor name="D0N5">
            <wcet number="0">10</wcet>
            <wcet number="1">10</wcet>
            <maxpow number="0.7117525382148632"/>
            <maxpow number="0.7117525382148632"/>
            <fprob>0.0</fprob>
        </actor>
        <actor name="D0N42">
            <wcet number="0">10</wcet>
            <wcet number="1">30</wcet>
            <maxpow number="0.7712047631578023"/>
            <maxpow number="0.7712047631578023"/>
            <fprob>0.0</fprob>
        </actor>
        <actor name="D0N36">
            <wcet number="0">40</wcet>
            <wcet number="1">70</wcet>
            <maxpow number="0.7826270793307968"/>
            <maxpow number="0.7826270793307968"/>
            <fprob>0.0</fprob>
        </actor>
        <actor name="D0N33">
            <wcet number="0">20</wcet>
            <wcet number="1">130</wcet>
            <maxpow number="0.5493449782152173"/>
            <maxpow number="0.5493449782152173"/>
            <fprob>0.0</fprob>
        </actor>
        <actor name="D0N11">
            <wcet number="0">20</wcet>
            <wcet number="1">30</wcet>
            <maxpow number="0.664912256225525"/>
            <maxpow number="0.664912256225525"/>
            <fprob>0.0</fprob>
        </actor>
        <actor name="D0N9">
            <wcet number="0">10</wcet>
            <wcet number="1">20</wcet>
            <maxpow number="0.4340215636156482"/>
            <maxpow number="0.4340215636156482"/>
            <fprob>0.0</fprob>
        </actor>
        <actor name="D0N21">
            <wcet number="0">20</wcet>
            <wcet number="1">20</wcet>
            <maxpow number="0.5378941923494973"/>
            <maxpow number="0.5378941923494973"/>
            <fprob>0.0</fprob>
        </actor>
        <actor name="D0N26">
            <wcet number="0">20</wcet>
            <wcet number="1">70</wcet>
            <maxpow number="0.5781718305369312"/>
            <maxpow number="0.5781718305369312"/>
            <fprob>0.0</fprob>
        </actor>
        <actor name="D0N44">
            <wcet number="0">10</wcet>
            <wcet number="1">130</wcet>
            <maxpow number="0.2965704133835585"/>
            <maxpow number="0.2965704133835585"/>
            <fprob>0.0</fprob>
        </actor>
        <actor name="D0N12">
            <wcet number="0">70</wcet>
            <wcet number="1">110</wcet>
            <maxpow number="0.4897193485069674"/>
            <maxpow number="0.4897193485069674"/>
            <fprob>0.0</fprob>
        </actor>
        <actor name="D0N30">
            <wcet number="0">110</wcet>
            <wcet number="1">140</wcet>
            <maxpow number="0.4962766046697792"/>
            <maxpow number="0.4962766046697792"/>
            <fprob>0.0</fprob>
        </actor>
        <actor name="D0N32">
            <wcet number="0">60</wcet>
            <wcet number="1">140</wcet>
            <maxpow number="0.6135218079759843"/>
            <maxpow number="0.6135218079759843"/>
            <fprob>0.0</fprob>
        </actor>
        <actor name="D0N10">
            <wcet number="0">40</wcet>
            <wcet number="1">100</wcet>
            <maxpow number="0.7276105824457684"/>
            <maxpow number="0.7276105824457684"/>
            <fprob>0.0</fprob>
        </actor>
        <actor name="D0N28">
            <wcet number="0">50</wcet>
            <wcet number="1">60</wcet>
            <maxpow number="0.5505780206378375"/>
            <maxpow number="0.5505780206378375"/>
            <fprob>0.0</fprob>
        </actor>
        <actor name="D0N4">
            <wcet number="0">60</wcet>
            <wcet number="1">60</wcet>
            <maxpow number="0.6857331466326942"/>
            <maxpow number="0.6857331466326942"/>
            <fprob>0.0</fprob>
        </actor>
        <actor name="D0N47">
            <wcet number="0">10</wcet>
            <wcet number="1">50</wcet>
            <maxpow number="0.5192870557224152"/>
            <maxpow number="0.5192870557224152"/>
            <fprob>0.0</fprob>
        </actor>
        <actor name="D0N3">
            <wcet number="0">10</wcet>
            <wcet number="1">10</wcet>
            <maxpow number="0.5912838544602019"/>
            <maxpow number="0.5912838544602019"/>
            <fprob>0.0</fprob>
        </actor>
        <actor name="D0N38">
            <wcet number="0">10</wcet>
            <wcet number="1">10</wcet>
            <maxpow number="0.8794866324691566"/>
            <maxpow number="0.8794866324691566"/>
            <fprob>0.0</fprob>
        </actor>
        <actor name="D0N1">
            <wcet number="0">30</wcet>
            <wcet number="1">40</wcet>
            <maxpow number="0.4448263524344361"/>
            <maxpow number="0.4448263524344361"/>
            <fprob>0.0</fprob>
        </actor>
        <actor name="D0N31">
            <wcet number="0">40</wcet>
            <wcet number="1">40</wcet>
            <maxpow number="0.3938207378088631"/>
            <maxpow number="0.3938207378088631"/>
            <fprob>0.0</fprob>
        </actor>
        <actor name="D0N29">
            <wcet number="0">10</wcet>
            <wcet number="1">10</wcet>
            <maxpow number="0.09003716702504644"/>
            <maxpow number="0.09003716702504644"/>
            <fprob>0.0</fprob>
        </actor>
        <actor name="D0N23">
            <wcet number="0">40</wcet>
            <wcet number="1">50</wcet>
            <maxpow number="0.5481812852200777"/>
            <maxpow number="0.5481812852200777"/>
            <fprob>0.0</fprob>
        </actor>
        <actor name="D0N17">
            <wcet number="0">60</wcet>
            <wcet number="1">110</wcet>
            <maxpow number="0.5634772203509629"/>
            <maxpow number="0.5634772203509629"/>
            <fprob>0.0</fprob>
        </actor>
        <actor name="D0N18">
            <wcet number="0">50</wcet>
            <wcet number="1">70</wcet>
            <maxpow number="0.49992580733380765"/>
            <maxpow number="0.49992580733380765"/>
            <fprob>0.0</fprob>
        </actor>
        <actor name="D0N24">
            <wcet number="0">10</wcet>
            <wcet number="1">10</wcet>
            <maxpow number="0.42227837319288963"/>
            <maxpow number="0.42227837319288963"/>
            <fprob>0.0</fprob>
        </actor>
        <actor name="D0N46">
            <wcet number="0">10</wcet>
            <wcet number="1">10</wcet>
            <maxpow number="0.5704977698934496"/>
            <maxpow number="0.5704977698934496"/>
            <fprob>0.0</fprob>
        </actor>
        <actor name="D0N34">
            <wcet number="0">70</wcet>
            <wcet number="1">90</wcet>
            <maxpow number="0.8382962168229632"/>
            <maxpow number="0.8382962168229632"/>
            <fprob>0.0</fprob>
        </actor>
        <actor name="D0N13">
            <wcet number="0">30</wcet>
            <wcet number="1">40</wcet>
            <maxpow number="0.5712094232429946"/>
            <maxpow number="0.5712094232429946"/>
            <fprob>0.0</fprob>
        </actor>
        <actor name="D0N40">
            <wcet number="0">60</wcet>
            <wcet number="1">80</wcet>
            <maxpow number="0.8659474167429604"/>
            <maxpow number="0.8659474167429604"/>
            <fprob>0.0</fprob>
        </actor>
        <actor name="D0N19">
            <wcet number="0">70</wcet>
            <wcet number="1">140</wcet>
            <maxpow number="0.21458820712173476"/>
            <maxpow number="0.21458820712173476"/>
            <fprob>0.0</fprob>
        </actor>
        <actor name="D0N37">
            <wcet number="0">20</wcet>
            <wcet number="1">40</wcet>
            <maxpow number="0.40431690879164084"/>
            <maxpow number="0.40431690879164084"/>
            <fprob>0.0</fprob>
        </actor>
        <actor name="D0N25">
            <wcet number="0">20</wcet>
            <wcet number="1">20</wcet>
            <maxpow number="0.19050199072098184"/>
            <maxpow number="0.19050199072098184"/>
            <fprob>0.0</fprob>
        </actor>
        <ports>
            <port dstActor="D0N20" name="p0" srcActor="D0N2"/>
            <port dstActor="D0N6" name="p1" srcActor="D0N2"/>
            <port dstActor="D0N14" name="p2" srcActor="D0N2"/>
            <port dstActor="D0N29" name="p3" srcActor="D0N2"/>
            <port dstActor="D0N44" name="p4" srcActor="D0N2"/>
            <port dstActor="D0N14" name="p5" srcActor="D0N8"/>
            <port dstActor="D0N37" name="p6" srcActor="D0N8"/>
            <port dstActor="D0N30" name="p7" srcActor="D0N27"/>
            <port dstActor="D0N38" name="p8" srcActor="D0N27"/>
            <port dstActor="D0N31" name="p9" srcActor="D0N6"/>
            <port dstActor="D0N43" name="p10" srcActor="D0N41"/>
            <port dstActor="D0N47" name="p11" srcActor="D0N39"/>
            <port dstActor="D0N44" name="p12" srcActor="D0N39"/>
            <port dstActor="D0N6" name="p13" srcActor="D0N0"/>
            <port dstActor="D0N36" name="p14" srcActor="D0N0"/>
            <port dstActor="D0N39" name="p15" srcActor="D0N0"/>
            <port dstActor="D0N29" name="p16" srcActor="D0N0"/>
            <port dstActor="D0N26" name="p17" srcActor="D0N20"/>
            <port dstActor="D0N28" name="p18" srcActor="D0N20"/>
            <port dstActor="D0N37" name="p19" srcActor="D0N14"/>
            <port dstActor="D0N15" name="p20" srcActor="D0N14"/>
            <port dstActor="D0N42" name="p21" srcActor="D0N7"/>
            <port dstActor="D0N21" name="p22" srcActor="D0N7"/>
            <port dstActor="D0N12" name="p23" srcActor="D0N7"/>
            <port dstActor="D0N36" name="p24" srcActor="D0N7"/>
            <port dstActor="D0N45" name="p25" srcActor="D0N7"/>
            <port dstActor="D0N41" name="p26" srcActor="D0N7"/>
            <port dstActor="D0N29" name="p27" srcActor="D0N15"/>
            <port dstActor="D0N38" name="p28" srcActor="D0N15"/>
            <port dstActor="D0N38" name="p29" srcActor="D0N35"/>
            <port dstActor="D0N24" name="p30" srcActor="D0N16"/>
            <port dstActor="D0N22" name="p31" srcActor="D0N16"/>
            <port dstActor="D0N19" name="p32" srcActor="D0N16"/>
            <port dstActor="D0N34" name="p33" srcActor="D0N22"/>
            <port dstActor="D0N33" name="p34" srcActor="D0N22"/>
            <port dstActor="D0N32" name="p35" srcActor="D0N22"/>
            <port dstActor="D0N46" name="p36" srcActor="D0N22"/>
            <port dstActor="D0N32" name="p37" srcActor="D0N5"/>
            <port dstActor="D0N44" name="p38" srcActor="D0N5"/>
            <port dstActor="D0N39" name="p39" srcActor="D0N33"/>
            <port dstActor="D0N42" name="p40" srcActor="D0N33"/>
            <port dstActor="D0N35" name="p41" srcActor="D0N33"/>
            <port dstActor="D0N22" name="p42" srcActor="D0N11"/>
            <port dstActor="D0N29" name="p43" srcActor="D0N9"/>
            <port dstActor="D0N43" name="p44" srcActor="D0N9"/>
            <port dstActor="D0N37" name="p45" srcActor="D0N9"/>
            <port dstActor="D0N13" name="p46" srcActor="D0N9"/>
            <port dstActor="D0N27" name="p47" srcActor="D0N9"/>
            <port dstActor="D0N28" name="p48" srcActor="D0N21"/>
            <port dstActor="D0N46" name="p49" srcActor="D0N26"/>
            <port dstActor="D0N47" name="p50" srcActor="D0N26"/>
            <port dstActor="D0N38" name="p51" srcActor="D0N26"/>
            <port dstActor="D0N13" name="p52" srcActor="D0N12"/>
            <port dstActor="D0N33" name="p53" srcActor="D0N12"/>
            <port dstActor="D0N23" name="p54" srcActor="D0N12"/>
            <port dstActor="D0N43" name="p55" srcActor="D0N12"/>
            <port dstActor="D0N35" name="p56" srcActor="D0N12"/>
            <port dstActor="D0N20" name="p57" srcActor="D0N12"/>
            <port dstActor="D0N33" name="p58" srcActor="D0N30"/>
            <port dstActor="D0N40" name="p59" srcActor="D0N30"/>
            <port dstActor="D0N39" name="p60" srcActor="D0N32"/>
            <port dstActor="D0N38" name="p61" srcActor="D0N10"/>
            <port dstActor="D0N33" name="p62" srcActor="D0N10"/>
            <port dstActor="D0N41" name="p63" srcActor="D0N10"/>
            <port dstActor="D0N18" name="p64" srcActor="D0N10"/>
            <port dstActor="D0N26" name="p65" srcActor="D0N10"/>
            <port dstActor="D0N42" name="p66" srcActor="D0N10"/>
            <port dstActor="D0N31" name="p67" srcActor="D0N10"/>
            <port dstActor="D0N13" name="p68" srcActor="D0N10"/>
            <port dstActor="D0N19" name="p69" srcActor="D0N10"/>
            <port dstActor="D0N39" name="p70" srcActor="D0N28"/>
            <port dstActor="D0N37" name="p71" srcActor="D0N28"/>
            <port dstActor="D0N35" name="p72" srcActor="D0N28"/>
            <port dstActor="D0N45" name="p73" srcActor="D0N28"/>
            <port dstActor="D0N29" name="p74" srcActor="D0N28"/>
            <port dstActor="D0N43" name="p75" srcActor="D0N28"/>
            <port dstActor="D0N26" name="p76" srcActor="D0N4"/>
            <port dstActor="D0N23" name="p77" srcActor="D0N4"/>
            <port dstActor="D0N27" name="p78" srcActor="D0N4"/>
            <port dstActor="D0N36" name="p79" srcActor="D0N3"/>
            <port dstActor="D0N5" name="p80" srcActor="D0N3"/>
            <port dstActor="D0N19" name="p81" srcActor="D0N3"/>
            <port dstActor="D0N16" name="p82" srcActor="D0N3"/>
            <port dstActor="D0N40" name="p83" srcActor="D0N3"/>
            <port dstActor="D0N45" name="p84" srcActor="D0N3"/>
            <port dstActor="D0N4" name="p85" srcActor="D0N3"/>
            <port dstActor="D0N43" name="p86" srcActor="D0N3"/>
            <port dstActor="D0N45" name="p87" srcActor="D0N1"/>
            <port dstActor="D0N8" name="p88" srcActor="D0N1"/>
            <port dstActor="D0N20" name="p89" srcActor="D0N1"/>
            <port dstActor="D0N44" name="p90" srcActor="D0N1"/>
            <port dstActor="D0N14" name="p91" srcActor="D0N1"/>
            <port dstActor="D0N33" name="p92" srcActor="D0N31"/>
            <port dstActor="D0N45" name="p93" srcActor="D0N31"/>
            <port dstActor="D0N43" name="p94" srcActor="D0N29"/>
            <port dstActor="D0N20" name="p95" srcActor="D0N17"/>
            <port dstActor="D0N37" name="p96" srcActor="D0N17"/>
            <port dstActor="D0N41" name="p97" srcActor="D0N17"/>
            <port dstActor="D0N40" name="p98" srcActor="D0N17"/>
            <port dstActor="D0N36" name="p99" srcActor="D0N17"/>
            <port dstActor="D0N38" name="p100" srcActor="D0N17"/>
            <port dstActor="D0N47" name="p101" srcActor="D0N18"/>
            <port dstActor="D0N19" name="p102" srcActor="D0N18"/>
            <port dstActor="D0N22" name="p103" srcActor="D0N18"/>
            <port dstActor="D0N42" name="p104" srcActor="D0N18"/>
            <port dstActor="D0N35" name="p105" srcActor="D0N34"/>
            <port dstActor="D0N26" name="p106" srcActor="D0N13"/>
            <port dstActor="D0N14" name="p107" srcActor="D0N13"/>
            <port dstActor="D0N33" name="p108" srcActor="D0N13"/>
            <port dstActor="D0N17" name="p109" srcActor="D0N13"/>
            <port dstActor="D0N22" name="p110" srcActor="D0N13"/>
            <port dstActor="D0N47" name="p111" srcActor="D0N40"/>
            <port dstActor="D0N45" name="p112" srcActor="D0N40"/>
            <port dstActor="D0N37" name="p113" srcActor="D0N19"/>
            <port dstActor="D0N43" name="p114" srcActor="D0N19"/>
            <port dstActor="D0N44" name="p115" srcActor="D0N19"/>
            <port dstActor="D0N26" name="p116" srcActor="D0N25"/>
            <port dstActor="D0N38" name="p117" srcActor="D0N25"/>
        </ports>
    </mcdag>
    <cores number="3"/>
    <levels number="2"/>
</mcsystem>
