<?xml version="1.0" encoding="UTF-8" standalone="no"?>
<mcsystem>
    <mcdag deadline="2000" name="genned-0-ed-10.0-0">
        <actor name="D0N39">
            <wcet number="0">50</wcet>
            <wcet number="1">60</wcet>
            <maxpow number="0.568035148736342"/>
            <maxpow number="0.568035148736342"/>
            <fprob>0.0</fprob>
        </actor>
        <actor name="D0N12">
            <wcet number="0">130</wcet>
            <wcet number="1">200</wcet>
            <maxpow number="0.4372314918995897"/>
            <maxpow number="0.4372314918995897"/>
            <fprob>0.0</fprob>
        </actor>
        <actor name="D0N11">
            <wcet number="0">80</wcet>
            <wcet number="1">160</wcet>
            <maxpow number="0.35194930724713425"/>
            <maxpow number="0.35194930724713425"/>
            <fprob>0.0</fprob>
        </actor>
        <actor name="D0N31">
            <wcet number="0">30</wcet>
            <wcet number="1">90</wcet>
            <maxpow number="0.38523591679264324"/>
            <maxpow number="0.38523591679264324"/>
            <fprob>0.0</fprob>
        </actor>
        <actor name="D0N37">
            <wcet number="0">10</wcet>
            <wcet number="1">20</wcet>
            <maxpow number="0.6615089945858441"/>
            <maxpow number="0.6615089945858441"/>
            <fprob>0.0</fprob>
        </actor>
        <actor name="D0N21">
            <wcet number="0">30</wcet>
            <wcet number="1">50</wcet>
            <maxpow number="0.5606575393618182"/>
            <maxpow number="0.5606575393618182"/>
            <fprob>0.0</fprob>
        </actor>
        <actor name="D0N7">
            <wcet number="0">40</wcet>
            <wcet number="1">80</wcet>
            <maxpow number="0.6026550967530667"/>
            <maxpow number="0.6026550967530667"/>
            <fprob>0.0</fprob>
        </actor>
        <actor name="D0N19">
            <wcet number="0">70</wcet>
            <wcet number="1">130</wcet>
            <maxpow number="0.5279351443076585"/>
            <maxpow number="0.5279351443076585"/>
            <fprob>0.0</fprob>
        </actor>
        <actor name="D0N4">
            <wcet number="0">10</wcet>
            <wcet number="1">190</wcet>
            <maxpow number="0.6090269296438507"/>
            <maxpow number="0.6090269296438507"/>
            <fprob>0.0</fprob>
        </actor>
        <actor name="D0N30">
            <wcet number="0">10</wcet>
            <wcet number="1">10</wcet>
            <maxpow number="0.5390755372812223"/>
            <maxpow number="0.5390755372812223"/>
            <fprob>0.0</fprob>
        </actor>
        <actor name="D0N15">
            <wcet number="0">40</wcet>
            <wcet number="1">60</wcet>
            <maxpow number="0.5366479761737898"/>
            <maxpow number="0.5366479761737898"/>
            <fprob>0.0</fprob>
        </actor>
        <actor name="D0N27">
            <wcet number="0">10</wcet>
            <wcet number="1">10</wcet>
            <maxpow number="0.5480469189984464"/>
            <maxpow number="0.5480469189984464"/>
            <fprob>0.0</fprob>
        </actor>
        <actor name="D0N23">
            <wcet number="0">20</wcet>
            <wcet number="1">20</wcet>
            <maxpow number="0.48439823762359685"/>
            <maxpow number="0.48439823762359685"/>
            <fprob>0.0</fprob>
        </actor>
        <actor name="D0N5">
            <wcet number="0">30</wcet>
            <wcet number="1">50</wcet>
            <maxpow number="0.5464059556208218"/>
            <maxpow number="0.5464059556208218"/>
            <fprob>0.0</fprob>
        </actor>
        <actor name="D0N41">
            <wcet number="0">60</wcet>
            <wcet number="1">200</wcet>
            <maxpow number="0.4210998883858166"/>
            <maxpow number="0.4210998883858166"/>
            <fprob>0.0</fprob>
        </actor>
        <actor name="D0N20">
            <wcet number="0">220</wcet>
            <wcet number="1">350</wcet>
            <maxpow number="0.7250188796657029"/>
            <maxpow number="0.7250188796657029"/>
            <fprob>0.0</fprob>
        </actor>
        <actor name="D0N0">
            <wcet number="0">20</wcet>
            <wcet number="1">30</wcet>
            <maxpow number="0.7289004380529692"/>
            <maxpow number="0.7289004380529692"/>
            <fprob>0.0</fprob>
        </actor>
        <actor name="D0N9">
            <wcet number="0">90</wcet>
            <wcet number="1">120</wcet>
            <maxpow number="0.6560308609567093"/>
            <maxpow number="0.6560308609567093"/>
            <fprob>0.0</fprob>
        </actor>
        <actor name="D0N24">
            <wcet number="0">10</wcet>
            <wcet number="1">10</wcet>
            <maxpow number="0.5873022598215454"/>
            <maxpow number="0.5873022598215454"/>
            <fprob>0.0</fprob>
        </actor>
        <actor name="D0N43">
            <wcet number="0">60</wcet>
            <wcet number="1">90</wcet>
            <maxpow number="0.7361503573609566"/>
            <maxpow number="0.7361503573609566"/>
            <fprob>0.0</fprob>
        </actor>
        <actor name="D0N44">
            <wcet number="0">10</wcet>
            <wcet number="1">20</wcet>
            <maxpow number="0.350807173109267"/>
            <maxpow number="0.350807173109267"/>
            <fprob>0.0</fprob>
        </actor>
        <actor name="D0N16">
            <wcet number="0">40</wcet>
            <wcet number="1">140</wcet>
            <maxpow number="0.22594751621891018"/>
            <maxpow number="0.22594751621891018"/>
            <fprob>0.0</fprob>
        </actor>
        <actor name="D0N35">
            <wcet number="0">10</wcet>
            <wcet number="1">40</wcet>
            <maxpow number="0.854776593970633"/>
            <maxpow number="0.854776593970633"/>
            <fprob>0.0</fprob>
        </actor>
        <actor name="D0N42">
            <wcet number="0">50</wcet>
            <wcet number="1">80</wcet>
            <maxpow number="0.3161919720948444"/>
            <maxpow number="0.3161919720948444"/>
            <fprob>0.0</fprob>
        </actor>
        <actor name="D0N45">
            <wcet number="0">40</wcet>
            <wcet number="1">110</wcet>
            <maxpow number="0.7588777080355696"/>
            <maxpow number="0.7588777080355696"/>
            <fprob>0.0</fprob>
        </actor>
        <actor name="D0N40">
            <wcet number="0">30</wcet>
            <wcet number="1">210</wcet>
            <maxpow number="0.5614594906977758"/>
            <maxpow number="0.5614594906977758"/>
            <fprob>0.0</fprob>
        </actor>
        <actor name="D0N6">
            <wcet number="0">20</wcet>
            <wcet number="1">60</wcet>
            <maxpow number="0.6309754867599201"/>
            <maxpow number="0.6309754867599201"/>
            <fprob>0.0</fprob>
        </actor>
        <actor name="D0N3">
            <wcet number="0">10</wcet>
            <wcet number="1">70</wcet>
            <maxpow number="0.2402241174168056"/>
            <maxpow number="0.2402241174168056"/>
            <fprob>0.0</fprob>
        </actor>
        <actor name="D0N18">
            <wcet number="0">10</wcet>
            <wcet number="1">20</wcet>
            <maxpow number="0.5974806115186705"/>
            <maxpow number="0.5974806115186705"/>
            <fprob>0.0</fprob>
        </actor>
        <actor name="D0N33">
            <wcet number="0">20</wcet>
            <wcet number="1">40</wcet>
            <maxpow number="0.3964303224948217"/>
            <maxpow number="0.3964303224948217"/>
            <fprob>0.0</fprob>
        </actor>
        <actor name="D0N34">
            <wcet number="0">30</wcet>
            <wcet number="1">30</wcet>
            <maxpow number="0.5336748324244112"/>
            <maxpow number="0.5336748324244112"/>
            <fprob>0.0</fprob>
        </actor>
        <actor name="D0N2">
            <wcet number="0">10</wcet>
            <wcet number="1">10</wcet>
            <maxpow number="0.5612555457188544"/>
            <maxpow number="0.5612555457188544"/>
            <fprob>0.0</fprob>
        </actor>
        <actor name="D0N10">
            <wcet number="0">90</wcet>
            <wcet number="1">100</wcet>
            <maxpow number="0.43458276941194357"/>
            <maxpow number="0.43458276941194357"/>
            <fprob>0.0</fprob>
        </actor>
        <actor name="D0N1">
            <wcet number="0">100</wcet>
            <wcet number="1">100</wcet>
            <maxpow number="0.6625798854947205"/>
            <maxpow number="0.6625798854947205"/>
            <fprob>0.0</fprob>
        </actor>
        <actor name="D0N28">
            <wcet number="0">80</wcet>
            <wcet number="1">90</wcet>
            <maxpow number="0.34695350072270426"/>
            <maxpow number="0.34695350072270426"/>
            <fprob>0.0</fprob>
        </actor>
        <actor name="D0N38">
            <wcet number="0">70</wcet>
            <wcet number="1">190</wcet>
            <maxpow number="0.3145078906676546"/>
            <maxpow number="0.3145078906676546"/>
            <fprob>0.0</fprob>
        </actor>
        <actor name="D0N8">
            <wcet number="0">110</wcet>
            <wcet number="1">170</wcet>
            <maxpow number="0.8615256490311205"/>
            <maxpow number="0.8615256490311205"/>
            <fprob>0.0</fprob>
        </actor>
        <actor name="D0N14">
            <wcet number="0">20</wcet>
            <wcet number="1">90</wcet>
            <maxpow number="0.5802518623838157"/>
            <maxpow number="0.5802518623838157"/>
            <fprob>0.0</fprob>
        </actor>
        <actor name="D0N32">
            <wcet number="0">120</wcet>
            <wcet number="1">200</wcet>
            <maxpow number="0.6420845446631251"/>
            <maxpow number="0.6420845446631251"/>
            <fprob>0.0</fprob>
        </actor>
        <actor name="D0N29">
            <wcet number="0">20</wcet>
            <wcet number="1">40</wcet>
            <maxpow number="0.6486962141272984"/>
            <maxpow number="0.6486962141272984"/>
            <fprob>0.0</fprob>
        </actor>
        <actor name="D0N13">
            <wcet number="0">20</wcet>
            <wcet number="1">110</wcet>
            <maxpow number="0.5325735120972136"/>
            <maxpow number="0.5325735120972136"/>
            <fprob>0.0</fprob>
        </actor>
        <actor name="D0N17">
            <wcet number="0">20</wcet>
            <wcet number="1">50</wcet>
            <maxpow number="0.681514679541266"/>
            <maxpow number="0.681514679541266"/>
            <fprob>0.0</fprob>
        </actor>
        <actor name="D0N26">
            <wcet number="0">10</wcet>
            <wcet number="1">10</wcet>
            <maxpow number="0.5976293371912659"/>
            <maxpow number="0.5976293371912659"/>
            <fprob>0.0</fprob>
        </actor>
        <actor name="D0N22">
            <wcet number="0">10</wcet>
            <wcet number="1">10</wcet>
            <maxpow number="0.37595637660837944"/>
            <maxpow number="0.37595637660837944"/>
            <fprob>0.0</fprob>
        </actor>
        <actor name="D0N25">
            <wcet number="0">10</wcet>
            <wcet number="1">10</wcet>
            <maxpow number="0.4677024599718384"/>
            <maxpow number="0.4677024599718384"/>
            <fprob>0.0</fprob>
        </actor>
        <actor name="D0N36">
            <wcet number="0">40</wcet>
            <wcet number="1">70</wcet>
            <maxpow number="0.3787164921812429"/>
            <maxpow number="0.3787164921812429"/>
            <fprob>0.0</fprob>
        </actor>
        <ports>
            <port dstActor="D0N29" name="p0" srcActor="D0N12"/>
            <port dstActor="D0N23" name="p1" srcActor="D0N12"/>
            <port dstActor="D0N15" name="p2" srcActor="D0N12"/>
            <port dstActor="D0N22" name="p3" srcActor="D0N11"/>
            <port dstActor="D0N42" name="p4" srcActor="D0N11"/>
            <port dstActor="D0N39" name="p5" srcActor="D0N11"/>
            <port dstActor="D0N45" name="p6" srcActor="D0N31"/>
            <port dstActor="D0N44" name="p7" srcActor="D0N21"/>
            <port dstActor="D0N29" name="p8" srcActor="D0N21"/>
            <port dstActor="D0N26" name="p9" srcActor="D0N21"/>
            <port dstActor="D0N43" name="p10" srcActor="D0N7"/>
            <port dstActor="D0N25" name="p11" srcActor="D0N7"/>
            <port dstActor="D0N8" name="p12" srcActor="D0N7"/>
            <port dstActor="D0N21" name="p13" srcActor="D0N7"/>
            <port dstActor="D0N16" name="p14" srcActor="D0N7"/>
            <port dstActor="D0N44" name="p15" srcActor="D0N7"/>
            <port dstActor="D0N32" name="p16" srcActor="D0N7"/>
            <port dstActor="D0N33" name="p17" srcActor="D0N19"/>
            <port dstActor="D0N34" name="p18" srcActor="D0N19"/>
            <port dstActor="D0N12" name="p19" srcActor="D0N4"/>
            <port dstActor="D0N28" name="p20" srcActor="D0N4"/>
            <port dstActor="D0N39" name="p21" srcActor="D0N30"/>
            <port dstActor="D0N37" name="p22" srcActor="D0N30"/>
            <port dstActor="D0N40" name="p23" srcActor="D0N15"/>
            <port dstActor="D0N36" name="p24" srcActor="D0N27"/>
            <port dstActor="D0N40" name="p25" srcActor="D0N5"/>
            <port dstActor="D0N44" name="p26" srcActor="D0N5"/>
            <port dstActor="D0N29" name="p27" srcActor="D0N5"/>
            <port dstActor="D0N42" name="p28" srcActor="D0N20"/>
            <port dstActor="D0N33" name="p29" srcActor="D0N20"/>
            <port dstActor="D0N41" name="p30" srcActor="D0N20"/>
            <port dstActor="D0N30" name="p31" srcActor="D0N0"/>
            <port dstActor="D0N24" name="p32" srcActor="D0N0"/>
            <port dstActor="D0N9" name="p33" srcActor="D0N0"/>
            <port dstActor="D0N42" name="p34" srcActor="D0N0"/>
            <port dstActor="D0N13" name="p35" srcActor="D0N0"/>
            <port dstActor="D0N36" name="p36" srcActor="D0N9"/>
            <port dstActor="D0N32" name="p37" srcActor="D0N9"/>
            <port dstActor="D0N31" name="p38" srcActor="D0N9"/>
            <port dstActor="D0N45" name="p39" srcActor="D0N9"/>
            <port dstActor="D0N18" name="p40" srcActor="D0N9"/>
            <port dstActor="D0N32" name="p41" srcActor="D0N24"/>
            <port dstActor="D0N31" name="p42" srcActor="D0N24"/>
            <port dstActor="D0N34" name="p43" srcActor="D0N24"/>
            <port dstActor="D0N35" name="p44" srcActor="D0N16"/>
            <port dstActor="D0N41" name="p45" srcActor="D0N16"/>
            <port dstActor="D0N22" name="p46" srcActor="D0N16"/>
            <port dstActor="D0N37" name="p47" srcActor="D0N16"/>
            <port dstActor="D0N38" name="p48" srcActor="D0N16"/>
            <port dstActor="D0N42" name="p49" srcActor="D0N40"/>
            <port dstActor="D0N20" name="p50" srcActor="D0N6"/>
            <port dstActor="D0N29" name="p51" srcActor="D0N6"/>
            <port dstActor="D0N41" name="p52" srcActor="D0N6"/>
            <port dstActor="D0N19" name="p53" srcActor="D0N3"/>
            <port dstActor="D0N32" name="p54" srcActor="D0N3"/>
            <port dstActor="D0N29" name="p55" srcActor="D0N3"/>
            <port dstActor="D0N18" name="p56" srcActor="D0N3"/>
            <port dstActor="D0N25" name="p57" srcActor="D0N18"/>
            <port dstActor="D0N36" name="p58" srcActor="D0N18"/>
            <port dstActor="D0N23" name="p59" srcActor="D0N18"/>
            <port dstActor="D0N45" name="p60" srcActor="D0N33"/>
            <port dstActor="D0N41" name="p61" srcActor="D0N33"/>
            <port dstActor="D0N43" name="p62" srcActor="D0N2"/>
            <port dstActor="D0N14" name="p63" srcActor="D0N2"/>
            <port dstActor="D0N5" name="p64" srcActor="D0N2"/>
            <port dstActor="D0N39" name="p65" srcActor="D0N10"/>
            <port dstActor="D0N16" name="p66" srcActor="D0N10"/>
            <port dstActor="D0N15" name="p67" srcActor="D0N10"/>
            <port dstActor="D0N28" name="p68" srcActor="D0N10"/>
            <port dstActor="D0N45" name="p69" srcActor="D0N10"/>
            <port dstActor="D0N6" name="p70" srcActor="D0N1"/>
            <port dstActor="D0N2" name="p71" srcActor="D0N1"/>
            <port dstActor="D0N38" name="p72" srcActor="D0N1"/>
            <port dstActor="D0N12" name="p73" srcActor="D0N1"/>
            <port dstActor="D0N37" name="p74" srcActor="D0N1"/>
            <port dstActor="D0N12" name="p75" srcActor="D0N8"/>
            <port dstActor="D0N35" name="p76" srcActor="D0N8"/>
            <port dstActor="D0N40" name="p77" srcActor="D0N14"/>
            <port dstActor="D0N22" name="p78" srcActor="D0N14"/>
            <port dstActor="D0N17" name="p79" srcActor="D0N14"/>
            <port dstActor="D0N44" name="p80" srcActor="D0N32"/>
            <port dstActor="D0N23" name="p81" srcActor="D0N13"/>
            <port dstActor="D0N32" name="p82" srcActor="D0N13"/>
            <port dstActor="D0N35" name="p83" srcActor="D0N17"/>
            <port dstActor="D0N30" name="p84" srcActor="D0N17"/>
            <port dstActor="D0N44" name="p85" srcActor="D0N17"/>
            <port dstActor="D0N26" name="p86" srcActor="D0N17"/>
            <port dstActor="D0N37" name="p87" srcActor="D0N17"/>
            <port dstActor="D0N28" name="p88" srcActor="D0N17"/>
            <port dstActor="D0N45" name="p89" srcActor="D0N26"/>
            <port dstActor="D0N45" name="p90" srcActor="D0N22"/>
            <port dstActor="D0N34" name="p91" srcActor="D0N22"/>
            <port dstActor="D0N43" name="p92" srcActor="D0N25"/>
            <port dstActor="D0N35" name="p93" srcActor="D0N25"/>
            <port dstActor="D0N31" name="p94" srcActor="D0N25"/>
            <port dstActor="D0N37" name="p95" srcActor="D0N36"/>
        </ports>
    </mcdag>
    <cores number="2"/>
    <levels number="2"/>
</mcsystem>
