<?xml version="1.0" encoding="UTF-8" standalone="no"?>
<mcsystem>
    <mcdag deadline="1800" name="genned-0-ed-10.0-0">
        <actor name="D0N39">
            <wcet number="0">10</wcet>
            <wcet number="1">10</wcet>
            <maxpow number="0.34558385657220625"/>
            <maxpow number="0.34558385657220625"/>
            <fprob>0.0</fprob>
        </actor>
        <actor name="D0N20">
            <wcet number="0">10</wcet>
            <wcet number="1">30</wcet>
            <maxpow number="0.797963159227681"/>
            <maxpow number="0.797963159227681"/>
            <fprob>0.0</fprob>
        </actor>
        <actor name="D0N41">
            <wcet number="0">30</wcet>
            <wcet number="1">40</wcet>
            <maxpow number="0.6605171677643907"/>
            <maxpow number="0.6605171677643907"/>
            <fprob>0.0</fprob>
        </actor>
        <actor name="D0N2">
            <wcet number="0">10</wcet>
            <wcet number="1">60</wcet>
            <maxpow number="0.14516702464347203"/>
            <maxpow number="0.14516702464347203"/>
            <fprob>0.0</fprob>
        </actor>
        <actor name="D0N21">
            <wcet number="0">30</wcet>
            <wcet number="1">50</wcet>
            <maxpow number="0.6862206077977032"/>
            <maxpow number="0.6862206077977032"/>
            <fprob>0.0</fprob>
        </actor>
        <actor name="D0N19">
            <wcet number="0">50</wcet>
            <wcet number="1">80</wcet>
            <maxpow number="0.8579756872282138"/>
            <maxpow number="0.8579756872282138"/>
            <fprob>0.0</fprob>
        </actor>
        <actor name="D0N1">
            <wcet number="0">40</wcet>
            <wcet number="1">70</wcet>
            <maxpow number="0.2577675388304594"/>
            <maxpow number="0.2577675388304594"/>
            <fprob>0.0</fprob>
        </actor>
        <actor name="D0N37">
            <wcet number="0">80</wcet>
            <wcet number="1">120</wcet>
            <maxpow number="0.3119210102474431"/>
            <maxpow number="0.3119210102474431"/>
            <fprob>0.0</fprob>
        </actor>
        <actor name="D0N0">
            <wcet number="0">90</wcet>
            <wcet number="1">120</wcet>
            <maxpow number="0.6092863579409336"/>
            <maxpow number="0.6092863579409336"/>
            <fprob>0.0</fprob>
        </actor>
        <actor name="D0N26">
            <wcet number="0">70</wcet>
            <wcet number="1">120</wcet>
            <maxpow number="0.7082098166623867"/>
            <maxpow number="0.7082098166623867"/>
            <fprob>0.0</fprob>
        </actor>
        <actor name="D0N31">
            <wcet number="0">150</wcet>
            <wcet number="1">270</wcet>
            <maxpow number="0.971221731613314"/>
            <maxpow number="0.971221731613314"/>
            <fprob>0.0</fprob>
        </actor>
        <actor name="D0N3">
            <wcet number="0">60</wcet>
            <wcet number="1">220</wcet>
            <maxpow number="0.3875611000088317"/>
            <maxpow number="0.3875611000088317"/>
            <fprob>0.0</fprob>
        </actor>
        <actor name="D0N32">
            <wcet number="0">20</wcet>
            <wcet number="1">20</wcet>
            <maxpow number="0.17805891718313832"/>
            <maxpow number="0.17805891718313832"/>
            <fprob>0.0</fprob>
        </actor>
        <actor name="D0N11">
            <wcet number="0">90</wcet>
            <wcet number="1">290</wcet>
            <maxpow number="0.22625701275053356"/>
            <maxpow number="0.22625701275053356"/>
            <fprob>0.0</fprob>
        </actor>
        <actor name="D0N29">
            <wcet number="0">230</wcet>
            <wcet number="1">260</wcet>
            <maxpow number="0.34254059645841967"/>
            <maxpow number="0.34254059645841967"/>
            <fprob>0.0</fprob>
        </actor>
        <actor name="D0N38">
            <wcet number="0">50</wcet>
            <wcet number="1">120</wcet>
            <maxpow number="0.5102495157216466"/>
            <maxpow number="0.5102495157216466"/>
            <fprob>0.0</fprob>
        </actor>
        <actor name="D0N40">
            <wcet number="0">90</wcet>
            <wcet number="1">120</wcet>
            <maxpow number="0.569719010696697"/>
            <maxpow number="0.569719010696697"/>
            <fprob>0.0</fprob>
        </actor>
        <actor name="D0N13">
            <wcet number="0">10</wcet>
            <wcet number="1">20</wcet>
            <maxpow number="0.5696344444701009"/>
            <maxpow number="0.5696344444701009"/>
            <fprob>0.0</fprob>
        </actor>
        <actor name="D0N33">
            <wcet number="0">10</wcet>
            <wcet number="1">20</wcet>
            <maxpow number="0.8878117099245173"/>
            <maxpow number="0.8878117099245173"/>
            <fprob>0.0</fprob>
        </actor>
        <actor name="D0N4">
            <wcet number="0">70</wcet>
            <wcet number="1">80</wcet>
            <maxpow number="0.8225652347326091"/>
            <maxpow number="0.8225652347326091"/>
            <fprob>0.0</fprob>
        </actor>
        <actor name="D0N10">
            <wcet number="0">40</wcet>
            <wcet number="1">40</wcet>
            <maxpow number="0.6316897622318582"/>
            <maxpow number="0.6316897622318582"/>
            <fprob>0.0</fprob>
        </actor>
        <actor name="D0N8">
            <wcet number="0">10</wcet>
            <wcet number="1">60</wcet>
            <maxpow number="0.5087655062361088"/>
            <maxpow number="0.5087655062361088"/>
            <fprob>0.0</fprob>
        </actor>
        <actor name="D0N27">
            <wcet number="0">20</wcet>
            <wcet number="1">40</wcet>
            <maxpow number="0.5083358359869145"/>
            <maxpow number="0.5083358359869145"/>
            <fprob>0.0</fprob>
        </actor>
        <actor name="D0N45">
            <wcet number="0">70</wcet>
            <wcet number="1">210</wcet>
            <maxpow number="0.3994320357174851"/>
            <maxpow number="0.3994320357174851"/>
            <fprob>0.0</fprob>
        </actor>
        <actor name="D0N43">
            <wcet number="0">20</wcet>
            <wcet number="1">30</wcet>
            <maxpow number="0.46535715649902487"/>
            <maxpow number="0.46535715649902487"/>
            <fprob>0.0</fprob>
        </actor>
        <actor name="D0N14">
            <wcet number="0">120</wcet>
            <wcet number="1">220</wcet>
            <maxpow number="0.6711739771300506"/>
            <maxpow number="0.6711739771300506"/>
            <fprob>0.0</fprob>
        </actor>
        <actor name="D0N12">
            <wcet number="0">10</wcet>
            <wcet number="1">260</wcet>
            <maxpow number="0.3561885698839103"/>
            <maxpow number="0.3561885698839103"/>
            <fprob>0.0</fprob>
        </actor>
        <actor name="D0N7">
            <wcet number="0">80</wcet>
            <wcet number="1">220</wcet>
            <maxpow number="0.1827039374079642"/>
            <maxpow number="0.1827039374079642"/>
            <fprob>0.0</fprob>
        </actor>
        <actor name="D0N36">
            <wcet number="0">50</wcet>
            <wcet number="1">90</wcet>
            <maxpow number="0.46384991191865077"/>
            <maxpow number="0.46384991191865077"/>
            <fprob>0.0</fprob>
        </actor>
        <actor name="D0N9">
            <wcet number="0">50</wcet>
            <wcet number="1">50</wcet>
            <maxpow number="0.3587254101403057"/>
            <maxpow number="0.3587254101403057"/>
            <fprob>0.0</fprob>
        </actor>
        <actor name="D0N18">
            <wcet number="0">70</wcet>
            <wcet number="1">100</wcet>
            <maxpow number="0.5030918260664438"/>
            <maxpow number="0.5030918260664438"/>
            <fprob>0.0</fprob>
        </actor>
        <actor name="D0N25">
            <wcet number="0">10</wcet>
            <wcet number="1">10</wcet>
            <maxpow number="0.6058404813759"/>
            <maxpow number="0.6058404813759"/>
            <fprob>0.0</fprob>
        </actor>
        <actor name="D0N42">
            <wcet number="0">40</wcet>
            <wcet number="1">40</wcet>
            <maxpow number="0.3969862020933995"/>
            <maxpow number="0.3969862020933995"/>
            <fprob>0.0</fprob>
        </actor>
        <actor name="D0N5">
            <wcet number="0">70</wcet>
            <wcet number="1">90</wcet>
            <maxpow number="0.22218487018351457"/>
            <maxpow number="0.22218487018351457"/>
            <fprob>0.0</fprob>
        </actor>
        <actor name="D0N17">
            <wcet number="0">10</wcet>
            <wcet number="1">20</wcet>
            <maxpow number="0.6667876857662527"/>
            <maxpow number="0.6667876857662527"/>
            <fprob>0.0</fprob>
        </actor>
        <actor name="D0N28">
            <wcet number="0">110</wcet>
            <wcet number="1">210</wcet>
            <maxpow number="0.4354187591300336"/>
            <maxpow number="0.4354187591300336"/>
            <fprob>0.0</fprob>
        </actor>
        <actor name="D0N23">
            <wcet number="0">90</wcet>
            <wcet number="1">110</wcet>
            <maxpow number="0.5097850041702814"/>
            <maxpow number="0.5097850041702814"/>
            <fprob>0.0</fprob>
        </actor>
        <actor name="D0N34">
            <wcet number="0">50</wcet>
            <wcet number="1">70</wcet>
            <maxpow number="0.7313754909750196"/>
            <maxpow number="0.7313754909750196"/>
            <fprob>0.0</fprob>
        </actor>
        <actor name="D0N16">
            <wcet number="0">260</wcet>
            <wcet number="1">340</wcet>
            <maxpow number="0.7364629317068629"/>
            <maxpow number="0.7364629317068629"/>
            <fprob>0.0</fprob>
        </actor>
        <actor name="D0N44">
            <wcet number="0">60</wcet>
            <wcet number="1">70</wcet>
            <maxpow number="0.722234840256764"/>
            <maxpow number="0.722234840256764"/>
            <fprob>0.0</fprob>
        </actor>
        <actor name="D0N22">
            <wcet number="0">20</wcet>
            <wcet number="1">90</wcet>
            <maxpow number="0.8204779091103593"/>
            <maxpow number="0.8204779091103593"/>
            <fprob>0.0</fprob>
        </actor>
        <actor name="D0N30">
            <wcet number="0">10</wcet>
            <wcet number="1">90</wcet>
            <maxpow number="0.5744367268942501"/>
            <maxpow number="0.5744367268942501"/>
            <fprob>0.0</fprob>
        </actor>
        <actor name="D0N15">
            <wcet number="0">50</wcet>
            <wcet number="1">100</wcet>
            <maxpow number="0.6864401541740747"/>
            <maxpow number="0.6864401541740747"/>
            <fprob>0.0</fprob>
        </actor>
        <actor name="D0N35">
            <wcet number="0">50</wcet>
            <wcet number="1">50</wcet>
            <maxpow number="0.46502849993530226"/>
            <maxpow number="0.46502849993530226"/>
            <fprob>0.0</fprob>
        </actor>
        <actor name="D0N24">
            <wcet number="0">60</wcet>
            <wcet number="1">90</wcet>
            <maxpow number="0.47368779497658753"/>
            <maxpow number="0.47368779497658753"/>
            <fprob>0.0</fprob>
        </actor>
        <actor name="D0N6">
            <wcet number="0">130</wcet>
            <wcet number="1">220</wcet>
            <maxpow number="0.7153094683727458"/>
            <maxpow number="0.7153094683727458"/>
            <fprob>0.0</fprob>
        </actor>
        <ports>
            <port dstActor="D0N42" name="p0" srcActor="D0N39"/>
            <port dstActor="D0N36" name="p1" srcActor="D0N20"/>
            <port dstActor="D0N27" name="p2" srcActor="D0N20"/>
            <port dstActor="D0N43" name="p3" srcActor="D0N41"/>
            <port dstActor="D0N9" name="p4" srcActor="D0N2"/>
            <port dstActor="D0N10" name="p5" srcActor="D0N2"/>
            <port dstActor="D0N14" name="p6" srcActor="D0N2"/>
            <port dstActor="D0N30" name="p7" srcActor="D0N2"/>
            <port dstActor="D0N33" name="p8" srcActor="D0N19"/>
            <port dstActor="D0N36" name="p9" srcActor="D0N19"/>
            <port dstActor="D0N32" name="p10" srcActor="D0N19"/>
            <port dstActor="D0N23" name="p11" srcActor="D0N19"/>
            <port dstActor="D0N20" name="p12" srcActor="D0N1"/>
            <port dstActor="D0N17" name="p13" srcActor="D0N1"/>
            <port dstActor="D0N8" name="p14" srcActor="D0N1"/>
            <port dstActor="D0N14" name="p15" srcActor="D0N0"/>
            <port dstActor="D0N7" name="p16" srcActor="D0N0"/>
            <port dstActor="D0N8" name="p17" srcActor="D0N0"/>
            <port dstActor="D0N27" name="p18" srcActor="D0N26"/>
            <port dstActor="D0N36" name="p19" srcActor="D0N26"/>
            <port dstActor="D0N38" name="p20" srcActor="D0N26"/>
            <port dstActor="D0N45" name="p21" srcActor="D0N26"/>
            <port dstActor="D0N35" name="p22" srcActor="D0N31"/>
            <port dstActor="D0N27" name="p23" srcActor="D0N3"/>
            <port dstActor="D0N6" name="p24" srcActor="D0N3"/>
            <port dstActor="D0N18" name="p25" srcActor="D0N3"/>
            <port dstActor="D0N28" name="p26" srcActor="D0N3"/>
            <port dstActor="D0N38" name="p27" srcActor="D0N32"/>
            <port dstActor="D0N39" name="p28" srcActor="D0N32"/>
            <port dstActor="D0N31" name="p29" srcActor="D0N11"/>
            <port dstActor="D0N41" name="p30" srcActor="D0N11"/>
            <port dstActor="D0N21" name="p31" srcActor="D0N11"/>
            <port dstActor="D0N39" name="p32" srcActor="D0N11"/>
            <port dstActor="D0N42" name="p33" srcActor="D0N29"/>
            <port dstActor="D0N35" name="p34" srcActor="D0N29"/>
            <port dstActor="D0N44" name="p35" srcActor="D0N38"/>
            <port dstActor="D0N27" name="p36" srcActor="D0N13"/>
            <port dstActor="D0N17" name="p37" srcActor="D0N13"/>
            <port dstActor="D0N23" name="p38" srcActor="D0N13"/>
            <port dstActor="D0N18" name="p39" srcActor="D0N13"/>
            <port dstActor="D0N43" name="p40" srcActor="D0N33"/>
            <port dstActor="D0N45" name="p41" srcActor="D0N33"/>
            <port dstActor="D0N7" name="p42" srcActor="D0N4"/>
            <port dstActor="D0N15" name="p43" srcActor="D0N4"/>
            <port dstActor="D0N43" name="p44" srcActor="D0N4"/>
            <port dstActor="D0N16" name="p45" srcActor="D0N4"/>
            <port dstActor="D0N20" name="p46" srcActor="D0N4"/>
            <port dstActor="D0N34" name="p47" srcActor="D0N10"/>
            <port dstActor="D0N29" name="p48" srcActor="D0N10"/>
            <port dstActor="D0N19" name="p49" srcActor="D0N10"/>
            <port dstActor="D0N11" name="p50" srcActor="D0N10"/>
            <port dstActor="D0N28" name="p51" srcActor="D0N8"/>
            <port dstActor="D0N30" name="p52" srcActor="D0N8"/>
            <port dstActor="D0N14" name="p53" srcActor="D0N8"/>
            <port dstActor="D0N30" name="p54" srcActor="D0N27"/>
            <port dstActor="D0N43" name="p55" srcActor="D0N27"/>
            <port dstActor="D0N44" name="p56" srcActor="D0N27"/>
            <port dstActor="D0N15" name="p57" srcActor="D0N14"/>
            <port dstActor="D0N33" name="p58" srcActor="D0N14"/>
            <port dstActor="D0N15" name="p59" srcActor="D0N12"/>
            <port dstActor="D0N20" name="p60" srcActor="D0N7"/>
            <port dstActor="D0N43" name="p61" srcActor="D0N7"/>
            <port dstActor="D0N23" name="p62" srcActor="D0N7"/>
            <port dstActor="D0N22" name="p63" srcActor="D0N7"/>
            <port dstActor="D0N38" name="p64" srcActor="D0N7"/>
            <port dstActor="D0N39" name="p65" srcActor="D0N7"/>
            <port dstActor="D0N38" name="p66" srcActor="D0N36"/>
            <port dstActor="D0N35" name="p67" srcActor="D0N9"/>
            <port dstActor="D0N30" name="p68" srcActor="D0N9"/>
            <port dstActor="D0N12" name="p69" srcActor="D0N9"/>
            <port dstActor="D0N23" name="p70" srcActor="D0N9"/>
            <port dstActor="D0N44" name="p71" srcActor="D0N42"/>
            <port dstActor="D0N11" name="p72" srcActor="D0N5"/>
            <port dstActor="D0N31" name="p73" srcActor="D0N5"/>
            <port dstActor="D0N45" name="p74" srcActor="D0N5"/>
            <port dstActor="D0N36" name="p75" srcActor="D0N5"/>
            <port dstActor="D0N22" name="p76" srcActor="D0N5"/>
            <port dstActor="D0N8" name="p77" srcActor="D0N5"/>
            <port dstActor="D0N17" name="p78" srcActor="D0N5"/>
            <port dstActor="D0N33" name="p79" srcActor="D0N17"/>
            <port dstActor="D0N34" name="p80" srcActor="D0N17"/>
            <port dstActor="D0N36" name="p81" srcActor="D0N17"/>
            <port dstActor="D0N31" name="p82" srcActor="D0N28"/>
            <port dstActor="D0N21" name="p83" srcActor="D0N16"/>
            <port dstActor="D0N45" name="p84" srcActor="D0N16"/>
            <port dstActor="D0N42" name="p85" srcActor="D0N16"/>
            <port dstActor="D0N23" name="p86" srcActor="D0N22"/>
            <port dstActor="D0N33" name="p87" srcActor="D0N22"/>
            <port dstActor="D0N36" name="p88" srcActor="D0N30"/>
            <port dstActor="D0N45" name="p89" srcActor="D0N15"/>
            <port dstActor="D0N44" name="p90" srcActor="D0N35"/>
            <port dstActor="D0N43" name="p91" srcActor="D0N35"/>
            <port dstActor="D0N37" name="p92" srcActor="D0N35"/>
            <port dstActor="D0N42" name="p93" srcActor="D0N24"/>
            <port dstActor="D0N34" name="p94" srcActor="D0N24"/>
            <port dstActor="D0N26" name="p95" srcActor="D0N6"/>
            <port dstActor="D0N31" name="p96" srcActor="D0N6"/>
            <port dstActor="D0N11" name="p97" srcActor="D0N6"/>
        </ports>
    </mcdag>
    <cores number="3"/>
    <levels number="2"/>
</mcsystem>
