<?xml version="1.0" encoding="UTF-8" standalone="no"?>
<mcsystem>
    <mcdag deadline="1000" name="genned-0-ed-10.0-0">
        <actor name="D0N26">
            <wcet number="0">30</wcet>
            <wcet number="1">30</wcet>
            <maxpow number="0.46665511799589676"/>
            <maxpow number="0.46665511799589676"/>
            <fprob>0.0</fprob>
        </actor>
        <actor name="D0N6">
            <wcet number="0">40</wcet>
            <wcet number="1">50</wcet>
            <maxpow number="0.7213991122047062"/>
            <maxpow number="0.7213991122047062"/>
            <fprob>0.0</fprob>
        </actor>
        <actor name="D0N35">
            <wcet number="0">20</wcet>
            <wcet number="1">90</wcet>
            <maxpow number="0.14787115601020034"/>
            <maxpow number="0.14787115601020034"/>
            <fprob>0.0</fprob>
        </actor>
        <actor name="D0N4">
            <wcet number="0">90</wcet>
            <wcet number="1">200</wcet>
            <maxpow number="0.5516065168504506"/>
            <maxpow number="0.5516065168504506"/>
            <fprob>0.0</fprob>
        </actor>
        <actor name="D0N11">
            <wcet number="0">10</wcet>
            <wcet number="1">10</wcet>
            <maxpow number="0.8005293879088347"/>
            <maxpow number="0.8005293879088347"/>
            <fprob>0.0</fprob>
        </actor>
        <actor name="D0N7">
            <wcet number="0">10</wcet>
            <wcet number="1">20</wcet>
            <maxpow number="0.6564150664622105"/>
            <maxpow number="0.6564150664622105"/>
            <fprob>0.0</fprob>
        </actor>
        <actor name="D0N21">
            <wcet number="0">30</wcet>
            <wcet number="1">60</wcet>
            <maxpow number="0.4894989073694168"/>
            <maxpow number="0.4894989073694168"/>
            <fprob>0.0</fprob>
        </actor>
        <actor name="D0N10">
            <wcet number="0">10</wcet>
            <wcet number="1">10</wcet>
            <maxpow number="0.3744841013364033"/>
            <maxpow number="0.3744841013364033"/>
            <fprob>0.0</fprob>
        </actor>
        <actor name="D0N12">
            <wcet number="0">10</wcet>
            <wcet number="1">20</wcet>
            <maxpow number="0.7525080968031521"/>
            <maxpow number="0.7525080968031521"/>
            <fprob>0.0</fprob>
        </actor>
        <actor name="D0N42">
            <wcet number="0">10</wcet>
            <wcet number="1">10</wcet>
            <maxpow number="0.7928570573010865"/>
            <maxpow number="0.7928570573010865"/>
            <fprob>0.0</fprob>
        </actor>
        <actor name="D0N18">
            <wcet number="0">20</wcet>
            <wcet number="1">20</wcet>
            <maxpow number="0.5406387397266629"/>
            <maxpow number="0.5406387397266629"/>
            <fprob>0.0</fprob>
        </actor>
        <actor name="D0N36">
            <wcet number="0">10</wcet>
            <wcet number="1">10</wcet>
            <maxpow number="0.8469430583976607"/>
            <maxpow number="0.8469430583976607"/>
            <fprob>0.0</fprob>
        </actor>
        <actor name="D0N22">
            <wcet number="0">30</wcet>
            <wcet number="1">30</wcet>
            <maxpow number="0.5614686767010962"/>
            <maxpow number="0.5614686767010962"/>
            <fprob>0.0</fprob>
        </actor>
        <actor name="D0N9">
            <wcet number="0">10</wcet>
            <wcet number="1">20</wcet>
            <maxpow number="0.40566496208381975"/>
            <maxpow number="0.40566496208381975"/>
            <fprob>0.0</fprob>
        </actor>
        <actor name="D0N25">
            <wcet number="0">90</wcet>
            <wcet number="1">110</wcet>
            <maxpow number="0.5489013368929881"/>
            <maxpow number="0.5489013368929881"/>
            <fprob>0.0</fprob>
        </actor>
        <actor name="D0N44">
            <wcet number="0">30</wcet>
            <wcet number="1">120</wcet>
            <maxpow number="0.776567744665926"/>
            <maxpow number="0.776567744665926"/>
            <fprob>0.0</fprob>
        </actor>
        <actor name="D0N30">
            <wcet number="0">10</wcet>
            <wcet number="1">20</wcet>
            <maxpow number="0.6512508710287352"/>
            <maxpow number="0.6512508710287352"/>
            <fprob>0.0</fprob>
        </actor>
        <actor name="D0N37">
            <wcet number="0">10</wcet>
            <wcet number="1">20</wcet>
            <maxpow number="0.6938418910453464"/>
            <maxpow number="0.6938418910453464"/>
            <fprob>0.0</fprob>
        </actor>
        <actor name="D0N32">
            <wcet number="0">10</wcet>
            <wcet number="1">30</wcet>
            <maxpow number="0.29277929987526297"/>
            <maxpow number="0.29277929987526297"/>
            <fprob>0.0</fprob>
        </actor>
        <actor name="D0N41">
            <wcet number="0">30</wcet>
            <wcet number="1">40</wcet>
            <maxpow number="0.6539564042410064"/>
            <maxpow number="0.6539564042410064"/>
            <fprob>0.0</fprob>
        </actor>
        <actor name="D0N39">
            <wcet number="0">20</wcet>
            <wcet number="1">20</wcet>
            <maxpow number="0.35193001621465975"/>
            <maxpow number="0.35193001621465975"/>
            <fprob>0.0</fprob>
        </actor>
        <actor name="D0N1">
            <wcet number="0">30</wcet>
            <wcet number="1">30</wcet>
            <maxpow number="0.7126724605372928"/>
            <maxpow number="0.7126724605372928"/>
            <fprob>0.0</fprob>
        </actor>
        <actor name="D0N20">
            <wcet number="0">10</wcet>
            <wcet number="1">10</wcet>
            <maxpow number="0.3721232469653568"/>
            <maxpow number="0.3721232469653568"/>
            <fprob>0.0</fprob>
        </actor>
        <actor name="D0N43">
            <wcet number="0">20</wcet>
            <wcet number="1">30</wcet>
            <maxpow number="0.6379290588412386"/>
            <maxpow number="0.6379290588412386"/>
            <fprob>0.0</fprob>
        </actor>
        <actor name="D0N5">
            <wcet number="0">10</wcet>
            <wcet number="1">10</wcet>
            <maxpow number="0.64804698078806"/>
            <maxpow number="0.64804698078806"/>
            <fprob>0.0</fprob>
        </actor>
        <actor name="D0N45">
            <wcet number="0">50</wcet>
            <wcet number="1">80</wcet>
            <maxpow number="0.27682108736098515"/>
            <maxpow number="0.27682108736098515"/>
            <fprob>0.0</fprob>
        </actor>
        <actor name="D0N16">
            <wcet number="0">10</wcet>
            <wcet number="1">10</wcet>
            <maxpow number="0.34071553656108633"/>
            <maxpow number="0.34071553656108633"/>
            <fprob>0.0</fprob>
        </actor>
        <actor name="D0N3">
            <wcet number="0">60</wcet>
            <wcet number="1">70</wcet>
            <maxpow number="0.5815278059553419"/>
            <maxpow number="0.5815278059553419"/>
            <fprob>0.0</fprob>
        </actor>
        <actor name="D0N8">
            <wcet number="0">30</wcet>
            <wcet number="1">40</wcet>
            <maxpow number="0.3886802466967392"/>
            <maxpow number="0.3886802466967392"/>
            <fprob>0.0</fprob>
        </actor>
        <actor name="D0N0">
            <wcet number="0">120</wcet>
            <wcet number="1">150</wcet>
            <maxpow number="0.22526171217277924"/>
            <maxpow number="0.22526171217277924"/>
            <fprob>0.0</fprob>
        </actor>
        <actor name="D0N17">
            <wcet number="0">10</wcet>
            <wcet number="1">10</wcet>
            <maxpow number="0.41300739936406633"/>
            <maxpow number="0.41300739936406633"/>
            <fprob>0.0</fprob>
        </actor>
        <actor name="D0N33">
            <wcet number="0">30</wcet>
            <wcet number="1">40</wcet>
            <maxpow number="0.5400398731556577"/>
            <maxpow number="0.5400398731556577"/>
            <fprob>0.0</fprob>
        </actor>
        <actor name="D0N15">
            <wcet number="0">30</wcet>
            <wcet number="1">40</wcet>
            <maxpow number="0.6356933641546627"/>
            <maxpow number="0.6356933641546627"/>
            <fprob>0.0</fprob>
        </actor>
        <actor name="D0N29">
            <wcet number="0">30</wcet>
            <wcet number="1">80</wcet>
            <maxpow number="0.3796324687930005"/>
            <maxpow number="0.3796324687930005"/>
            <fprob>0.0</fprob>
        </actor>
        <actor name="D0N2">
            <wcet number="0">10</wcet>
            <wcet number="1">20</wcet>
            <maxpow number="0.5929808945160235"/>
            <maxpow number="0.5929808945160235"/>
            <fprob>0.0</fprob>
        </actor>
        <actor name="D0N31">
            <wcet number="0">40</wcet>
            <wcet number="1">40</wcet>
            <maxpow number="0.7310282469688388"/>
            <maxpow number="0.7310282469688388"/>
            <fprob>0.0</fprob>
        </actor>
        <actor name="D0N28">
            <wcet number="0">10</wcet>
            <wcet number="1">110</wcet>
            <maxpow number="0.6031888482883996"/>
            <maxpow number="0.6031888482883996"/>
            <fprob>0.0</fprob>
        </actor>
        <actor name="D0N40">
            <wcet number="0">20</wcet>
            <wcet number="1">50</wcet>
            <maxpow number="0.6721916050911401"/>
            <maxpow number="0.6721916050911401"/>
            <fprob>0.0</fprob>
        </actor>
        <actor name="D0N38">
            <wcet number="0">10</wcet>
            <wcet number="1">20</wcet>
            <maxpow number="0.44051002572703246"/>
            <maxpow number="0.44051002572703246"/>
            <fprob>0.0</fprob>
        </actor>
        <actor name="D0N34">
            <wcet number="0">30</wcet>
            <wcet number="1">100</wcet>
            <maxpow number="0.7523199438557221"/>
            <maxpow number="0.7523199438557221"/>
            <fprob>0.0</fprob>
        </actor>
        <actor name="D0N23">
            <wcet number="0">30</wcet>
            <wcet number="1">30</wcet>
            <maxpow number="0.4008412612171838"/>
            <maxpow number="0.4008412612171838"/>
            <fprob>0.0</fprob>
        </actor>
        <actor name="D0N27">
            <wcet number="0">20</wcet>
            <wcet number="1">20</wcet>
            <maxpow number="0.52537723217971"/>
            <maxpow number="0.52537723217971"/>
            <fprob>0.0</fprob>
        </actor>
        <actor name="D0N14">
            <wcet number="0">10</wcet>
            <wcet number="1">20</wcet>
            <maxpow number="0.668180312366701"/>
            <maxpow number="0.668180312366701"/>
            <fprob>0.0</fprob>
        </actor>
        <actor name="D0N13">
            <wcet number="0">80</wcet>
            <wcet number="1">80</wcet>
            <maxpow number="0.7372393642746384"/>
            <maxpow number="0.7372393642746384"/>
            <fprob>0.0</fprob>
        </actor>
        <actor name="D0N19">
            <wcet number="0">20</wcet>
            <wcet number="1">50</wcet>
            <maxpow number="0.44997849025204417"/>
            <maxpow number="0.44997849025204417"/>
            <fprob>0.0</fprob>
        </actor>
        <actor name="D0N24">
            <wcet number="0">10</wcet>
            <wcet number="1">20</wcet>
            <maxpow number="0.673047952525314"/>
            <maxpow number="0.673047952525314"/>
            <fprob>0.0</fprob>
        </actor>
        <ports>
            <port dstActor="D0N45" name="p0" srcActor="D0N26"/>
            <port dstActor="D0N34" name="p1" srcActor="D0N6"/>
            <port dstActor="D0N28" name="p2" srcActor="D0N6"/>
            <port dstActor="D0N38" name="p3" srcActor="D0N35"/>
            <port dstActor="D0N44" name="p4" srcActor="D0N35"/>
            <port dstActor="D0N18" name="p5" srcActor="D0N4"/>
            <port dstActor="D0N34" name="p6" srcActor="D0N4"/>
            <port dstActor="D0N9" name="p7" srcActor="D0N4"/>
            <port dstActor="D0N16" name="p8" srcActor="D0N11"/>
            <port dstActor="D0N32" name="p9" srcActor="D0N11"/>
            <port dstActor="D0N13" name="p10" srcActor="D0N11"/>
            <port dstActor="D0N27" name="p11" srcActor="D0N11"/>
            <port dstActor="D0N24" name="p12" srcActor="D0N7"/>
            <port dstActor="D0N14" name="p13" srcActor="D0N7"/>
            <port dstActor="D0N19" name="p14" srcActor="D0N7"/>
            <port dstActor="D0N29" name="p15" srcActor="D0N7"/>
            <port dstActor="D0N36" name="p16" srcActor="D0N7"/>
            <port dstActor="D0N32" name="p17" srcActor="D0N7"/>
            <port dstActor="D0N30" name="p18" srcActor="D0N7"/>
            <port dstActor="D0N36" name="p19" srcActor="D0N10"/>
            <port dstActor="D0N21" name="p20" srcActor="D0N10"/>
            <port dstActor="D0N28" name="p21" srcActor="D0N10"/>
            <port dstActor="D0N14" name="p22" srcActor="D0N10"/>
            <port dstActor="D0N14" name="p23" srcActor="D0N12"/>
            <port dstActor="D0N34" name="p24" srcActor="D0N12"/>
            <port dstActor="D0N40" name="p25" srcActor="D0N12"/>
            <port dstActor="D0N17" name="p26" srcActor="D0N12"/>
            <port dstActor="D0N28" name="p27" srcActor="D0N18"/>
            <port dstActor="D0N23" name="p28" srcActor="D0N18"/>
            <port dstActor="D0N36" name="p29" srcActor="D0N18"/>
            <port dstActor="D0N20" name="p30" srcActor="D0N18"/>
            <port dstActor="D0N44" name="p31" srcActor="D0N18"/>
            <port dstActor="D0N26" name="p32" srcActor="D0N18"/>
            <port dstActor="D0N45" name="p33" srcActor="D0N22"/>
            <port dstActor="D0N26" name="p34" srcActor="D0N22"/>
            <port dstActor="D0N32" name="p35" srcActor="D0N22"/>
            <port dstActor="D0N39" name="p36" srcActor="D0N22"/>
            <port dstActor="D0N32" name="p37" srcActor="D0N9"/>
            <port dstActor="D0N11" name="p38" srcActor="D0N9"/>
            <port dstActor="D0N13" name="p39" srcActor="D0N9"/>
            <port dstActor="D0N22" name="p40" srcActor="D0N9"/>
            <port dstActor="D0N21" name="p41" srcActor="D0N9"/>
            <port dstActor="D0N20" name="p42" srcActor="D0N9"/>
            <port dstActor="D0N44" name="p43" srcActor="D0N25"/>
            <port dstActor="D0N45" name="p44" srcActor="D0N25"/>
            <port dstActor="D0N42" name="p45" srcActor="D0N25"/>
            <port dstActor="D0N38" name="p46" srcActor="D0N30"/>
            <port dstActor="D0N43" name="p47" srcActor="D0N30"/>
            <port dstActor="D0N40" name="p48" srcActor="D0N37"/>
            <port dstActor="D0N43" name="p49" srcActor="D0N32"/>
            <port dstActor="D0N40" name="p50" srcActor="D0N32"/>
            <port dstActor="D0N43" name="p51" srcActor="D0N41"/>
            <port dstActor="D0N45" name="p52" srcActor="D0N39"/>
            <port dstActor="D0N35" name="p53" srcActor="D0N1"/>
            <port dstActor="D0N16" name="p54" srcActor="D0N1"/>
            <port dstActor="D0N42" name="p55" srcActor="D0N20"/>
            <port dstActor="D0N37" name="p56" srcActor="D0N5"/>
            <port dstActor="D0N30" name="p57" srcActor="D0N5"/>
            <port dstActor="D0N43" name="p58" srcActor="D0N5"/>
            <port dstActor="D0N31" name="p59" srcActor="D0N16"/>
            <port dstActor="D0N42" name="p60" srcActor="D0N16"/>
            <port dstActor="D0N17" name="p61" srcActor="D0N16"/>
            <port dstActor="D0N15" name="p62" srcActor="D0N3"/>
            <port dstActor="D0N10" name="p63" srcActor="D0N8"/>
            <port dstActor="D0N29" name="p64" srcActor="D0N8"/>
            <port dstActor="D0N41" name="p65" srcActor="D0N8"/>
            <port dstActor="D0N19" name="p66" srcActor="D0N8"/>
            <port dstActor="D0N43" name="p67" srcActor="D0N0"/>
            <port dstActor="D0N6" name="p68" srcActor="D0N0"/>
            <port dstActor="D0N20" name="p69" srcActor="D0N0"/>
            <port dstActor="D0N26" name="p70" srcActor="D0N0"/>
            <port dstActor="D0N15" name="p71" srcActor="D0N0"/>
            <port dstActor="D0N8" name="p72" srcActor="D0N0"/>
            <port dstActor="D0N30" name="p73" srcActor="D0N17"/>
            <port dstActor="D0N40" name="p74" srcActor="D0N17"/>
            <port dstActor="D0N42" name="p75" srcActor="D0N17"/>
            <port dstActor="D0N24" name="p76" srcActor="D0N17"/>
            <port dstActor="D0N40" name="p77" srcActor="D0N33"/>
            <port dstActor="D0N29" name="p78" srcActor="D0N15"/>
            <port dstActor="D0N43" name="p79" srcActor="D0N29"/>
            <port dstActor="D0N33" name="p80" srcActor="D0N29"/>
            <port dstActor="D0N45" name="p81" srcActor="D0N2"/>
            <port dstActor="D0N3" name="p82" srcActor="D0N2"/>
            <port dstActor="D0N6" name="p83" srcActor="D0N2"/>
            <port dstActor="D0N10" name="p84" srcActor="D0N2"/>
            <port dstActor="D0N13" name="p85" srcActor="D0N2"/>
            <port dstActor="D0N17" name="p86" srcActor="D0N2"/>
            <port dstActor="D0N31" name="p87" srcActor="D0N2"/>
            <port dstActor="D0N40" name="p88" srcActor="D0N31"/>
            <port dstActor="D0N38" name="p89" srcActor="D0N31"/>
            <port dstActor="D0N36" name="p90" srcActor="D0N28"/>
            <port dstActor="D0N40" name="p91" srcActor="D0N38"/>
            <port dstActor="D0N35" name="p92" srcActor="D0N34"/>
            <port dstActor="D0N37" name="p93" srcActor="D0N34"/>
            <port dstActor="D0N43" name="p94" srcActor="D0N34"/>
            <port dstActor="D0N41" name="p95" srcActor="D0N34"/>
            <port dstActor="D0N45" name="p96" srcActor="D0N34"/>
            <port dstActor="D0N41" name="p97" srcActor="D0N23"/>
            <port dstActor="D0N36" name="p98" srcActor="D0N23"/>
            <port dstActor="D0N40" name="p99" srcActor="D0N23"/>
            <port dstActor="D0N33" name="p100" srcActor="D0N27"/>
            <port dstActor="D0N41" name="p101" srcActor="D0N27"/>
            <port dstActor="D0N39" name="p102" srcActor="D0N14"/>
            <port dstActor="D0N16" name="p103" srcActor="D0N14"/>
            <port dstActor="D0N21" name="p104" srcActor="D0N14"/>
            <port dstActor="D0N38" name="p105" srcActor="D0N14"/>
            <port dstActor="D0N37" name="p106" srcActor="D0N14"/>
            <port dstActor="D0N15" name="p107" srcActor="D0N13"/>
            <port dstActor="D0N24" name="p108" srcActor="D0N19"/>
            <port dstActor="D0N43" name="p109" srcActor="D0N19"/>
            <port dstActor="D0N42" name="p110" srcActor="D0N19"/>
            <port dstActor="D0N34" name="p111" srcActor="D0N19"/>
            <port dstActor="D0N41" name="p112" srcActor="D0N19"/>
            <port dstActor="D0N25" name="p113" srcActor="D0N24"/>
            <port dstActor="D0N35" name="p114" srcActor="D0N24"/>
        </ports>
    </mcdag>
    <cores number="3"/>
    <levels number="2"/>
</mcsystem>
