<?xml version="1.0" encoding="UTF-8" standalone="no"?>
<mcsystem>
    <mcdag deadline="2200" name="genned-0-ed-10.0-0">
        <actor name="D0N22">
            <wcet number="0">50</wcet>
            <wcet number="1">60</wcet>
            <maxpow number="0.4220362707116342"/>
            <maxpow number="0.4220362707116342"/>
            <fprob>0.0</fprob>
        </actor>
        <actor name="D0N36">
            <wcet number="0">100</wcet>
            <wcet number="1">140</wcet>
            <maxpow number="0.46363844752217265"/>
            <maxpow number="0.46363844752217265"/>
            <fprob>0.0</fprob>
        </actor>
        <actor name="D0N23">
            <wcet number="0">280</wcet>
            <wcet number="1">410</wcet>
            <maxpow number="0.8188724815706991"/>
            <maxpow number="0.8188724815706991"/>
            <fprob>0.0</fprob>
        </actor>
        <actor name="D0N6">
            <wcet number="0">50</wcet>
            <wcet number="1">250</wcet>
            <maxpow number="0.5901858860259747"/>
            <maxpow number="0.5901858860259747"/>
            <fprob>0.0</fprob>
        </actor>
        <actor name="D0N35">
            <wcet number="0">40</wcet>
            <wcet number="1">50</wcet>
            <maxpow number="0.5448724748734818"/>
            <maxpow number="0.5448724748734818"/>
            <fprob>0.0</fprob>
        </actor>
        <actor name="D0N31">
            <wcet number="0">10</wcet>
            <wcet number="1">10</wcet>
            <maxpow number="0.5870228692408783"/>
            <maxpow number="0.5870228692408783"/>
            <fprob>0.0</fprob>
        </actor>
        <actor name="D0N19">
            <wcet number="0">30</wcet>
            <wcet number="1">140</wcet>
            <maxpow number="0.6851828605677268"/>
            <maxpow number="0.6851828605677268"/>
            <fprob>0.0</fprob>
        </actor>
        <actor name="D0N11">
            <wcet number="0">10</wcet>
            <wcet number="1">20</wcet>
            <maxpow number="0.2898495548407102"/>
            <maxpow number="0.2898495548407102"/>
            <fprob>0.0</fprob>
        </actor>
        <actor name="D0N15">
            <wcet number="0">10</wcet>
            <wcet number="1">20</wcet>
            <maxpow number="0.6164461712357842"/>
            <maxpow number="0.6164461712357842"/>
            <fprob>0.0</fprob>
        </actor>
        <actor name="D0N40">
            <wcet number="0">30</wcet>
            <wcet number="1">30</wcet>
            <maxpow number="0.615212500261588"/>
            <maxpow number="0.615212500261588"/>
            <fprob>0.0</fprob>
        </actor>
        <actor name="D0N7">
            <wcet number="0">70</wcet>
            <wcet number="1">80</wcet>
            <maxpow number="0.6694314777964866"/>
            <maxpow number="0.6694314777964866"/>
            <fprob>0.0</fprob>
        </actor>
        <actor name="D0N0">
            <wcet number="0">10</wcet>
            <wcet number="1">160</wcet>
            <maxpow number="0.5233763543831371"/>
            <maxpow number="0.5233763543831371"/>
            <fprob>0.0</fprob>
        </actor>
        <actor name="D0N17">
            <wcet number="0">10</wcet>
            <wcet number="1">40</wcet>
            <maxpow number="0.6373895483165094"/>
            <maxpow number="0.6373895483165094"/>
            <fprob>0.0</fprob>
        </actor>
        <actor name="D0N5">
            <wcet number="0">10</wcet>
            <wcet number="1">10</wcet>
            <maxpow number="0.4608089908723741"/>
            <maxpow number="0.4608089908723741"/>
            <fprob>0.0</fprob>
        </actor>
        <actor name="D0N39">
            <wcet number="0">550</wcet>
            <wcet number="1">730</wcet>
            <maxpow number="0.5949563918642262"/>
            <maxpow number="0.5949563918642262"/>
            <fprob>0.0</fprob>
        </actor>
        <actor name="D0N12">
            <wcet number="0">40</wcet>
            <wcet number="1">50</wcet>
            <maxpow number="0.4437811106826675"/>
            <maxpow number="0.4437811106826675"/>
            <fprob>0.0</fprob>
        </actor>
        <actor name="D0N14">
            <wcet number="0">90</wcet>
            <wcet number="1">150</wcet>
            <maxpow number="0.7918615431296769"/>
            <maxpow number="0.7918615431296769"/>
            <fprob>0.0</fprob>
        </actor>
        <actor name="D0N21">
            <wcet number="0">20</wcet>
            <wcet number="1">30</wcet>
            <maxpow number="0.7963650291185487"/>
            <maxpow number="0.7963650291185487"/>
            <fprob>0.0</fprob>
        </actor>
        <actor name="D0N32">
            <wcet number="0">50</wcet>
            <wcet number="1">70</wcet>
            <maxpow number="0.5750302143565355"/>
            <maxpow number="0.5750302143565355"/>
            <fprob>0.0</fprob>
        </actor>
        <actor name="D0N26">
            <wcet number="0">10</wcet>
            <wcet number="1">40</wcet>
            <maxpow number="0.27546851318490534"/>
            <maxpow number="0.27546851318490534"/>
            <fprob>0.0</fprob>
        </actor>
        <actor name="D0N20">
            <wcet number="0">30</wcet>
            <wcet number="1">30</wcet>
            <maxpow number="0.6045425311725083"/>
            <maxpow number="0.6045425311725083"/>
            <fprob>0.0</fprob>
        </actor>
        <actor name="D0N41">
            <wcet number="0">150</wcet>
            <wcet number="1">280</wcet>
            <maxpow number="0.5980285417307669"/>
            <maxpow number="0.5980285417307669"/>
            <fprob>0.0</fprob>
        </actor>
        <actor name="D0N18">
            <wcet number="0">60</wcet>
            <wcet number="1">100</wcet>
            <maxpow number="0.8739071914461164"/>
            <maxpow number="0.8739071914461164"/>
            <fprob>0.0</fprob>
        </actor>
        <actor name="D0N1">
            <wcet number="0">10</wcet>
            <wcet number="1">40</wcet>
            <maxpow number="0.4201914753226938"/>
            <maxpow number="0.4201914753226938"/>
            <fprob>0.0</fprob>
        </actor>
        <actor name="D0N27">
            <wcet number="0">50</wcet>
            <wcet number="1">160</wcet>
            <maxpow number="0.6001680047711878"/>
            <maxpow number="0.6001680047711878"/>
            <fprob>0.0</fprob>
        </actor>
        <actor name="D0N3">
            <wcet number="0">20</wcet>
            <wcet number="1">80</wcet>
            <maxpow number="0.7056156632808342"/>
            <maxpow number="0.7056156632808342"/>
            <fprob>0.0</fprob>
        </actor>
        <actor name="D0N34">
            <wcet number="0">10</wcet>
            <wcet number="1">40</wcet>
            <maxpow number="0.6416780438616316"/>
            <maxpow number="0.6416780438616316"/>
            <fprob>0.0</fprob>
        </actor>
        <actor name="D0N9">
            <wcet number="0">110</wcet>
            <wcet number="1">460</wcet>
            <maxpow number="0.3166730623909437"/>
            <maxpow number="0.3166730623909437"/>
            <fprob>0.0</fprob>
        </actor>
        <actor name="D0N48">
            <wcet number="0">10</wcet>
            <wcet number="1">10</wcet>
            <maxpow number="0.3039618792707607"/>
            <maxpow number="0.3039618792707607"/>
            <fprob>0.0</fprob>
        </actor>
        <actor name="D0N29">
            <wcet number="0">190</wcet>
            <wcet number="1">250</wcet>
            <maxpow number="0.36525418521440445"/>
            <maxpow number="0.36525418521440445"/>
            <fprob>0.0</fprob>
        </actor>
        <actor name="D0N42">
            <wcet number="0">10</wcet>
            <wcet number="1">50</wcet>
            <maxpow number="0.577083825998532"/>
            <maxpow number="0.577083825998532"/>
            <fprob>0.0</fprob>
        </actor>
        <actor name="D0N43">
            <wcet number="0">80</wcet>
            <wcet number="1">120</wcet>
            <maxpow number="0.6173810585395594"/>
            <maxpow number="0.6173810585395594"/>
            <fprob>0.0</fprob>
        </actor>
        <actor name="D0N8">
            <wcet number="0">130</wcet>
            <wcet number="1">210</wcet>
            <maxpow number="0.46134600837188583"/>
            <maxpow number="0.46134600837188583"/>
            <fprob>0.0</fprob>
        </actor>
        <actor name="D0N10">
            <wcet number="0">140</wcet>
            <wcet number="1">210</wcet>
            <maxpow number="0.5256539727845081"/>
            <maxpow number="0.5256539727845081"/>
            <fprob>0.0</fprob>
        </actor>
        <actor name="D0N25">
            <wcet number="0">130</wcet>
            <wcet number="1">180</wcet>
            <maxpow number="0.6454556605755003"/>
            <maxpow number="0.6454556605755003"/>
            <fprob>0.0</fprob>
        </actor>
        <actor name="D0N2">
            <wcet number="0">10</wcet>
            <wcet number="1">10</wcet>
            <maxpow number="0.5137858941068132"/>
            <maxpow number="0.5137858941068132"/>
            <fprob>0.0</fprob>
        </actor>
        <actor name="D0N24">
            <wcet number="0">50</wcet>
            <wcet number="1">50</wcet>
            <maxpow number="0.36886549917193906"/>
            <maxpow number="0.36886549917193906"/>
            <fprob>0.0</fprob>
        </actor>
        <actor name="D0N46">
            <wcet number="0">10</wcet>
            <wcet number="1">110</wcet>
            <maxpow number="0.4191773405229221"/>
            <maxpow number="0.4191773405229221"/>
            <fprob>0.0</fprob>
        </actor>
        <actor name="D0N38">
            <wcet number="0">20</wcet>
            <wcet number="1">40</wcet>
            <maxpow number="0.40439116434923905"/>
            <maxpow number="0.40439116434923905"/>
            <fprob>0.0</fprob>
        </actor>
        <actor name="D0N33">
            <wcet number="0">10</wcet>
            <wcet number="1">80</wcet>
            <maxpow number="0.4180832691900701"/>
            <maxpow number="0.4180832691900701"/>
            <fprob>0.0</fprob>
        </actor>
        <actor name="D0N13">
            <wcet number="0">30</wcet>
            <wcet number="1">40</wcet>
            <maxpow number="0.7468045173694511"/>
            <maxpow number="0.7468045173694511"/>
            <fprob>0.0</fprob>
        </actor>
        <actor name="D0N28">
            <wcet number="0">10</wcet>
            <wcet number="1">10</wcet>
            <maxpow number="0.4732179316888725"/>
            <maxpow number="0.4732179316888725"/>
            <fprob>0.0</fprob>
        </actor>
        <actor name="D0N16">
            <wcet number="0">300</wcet>
            <wcet number="1">300</wcet>
            <maxpow number="0.616961246823751"/>
            <maxpow number="0.616961246823751"/>
            <fprob>0.0</fprob>
        </actor>
        <actor name="D0N44">
            <wcet number="0">10</wcet>
            <wcet number="1">120</wcet>
            <maxpow number="0.7001275077892548"/>
            <maxpow number="0.7001275077892548"/>
            <fprob>0.0</fprob>
        </actor>
        <actor name="D0N45">
            <wcet number="0">10</wcet>
            <wcet number="1">20</wcet>
            <maxpow number="0.5541423182151626"/>
            <maxpow number="0.5541423182151626"/>
            <fprob>0.0</fprob>
        </actor>
        <actor name="D0N4">
            <wcet number="0">80</wcet>
            <wcet number="1">120</wcet>
            <maxpow number="0.26611952537007083"/>
            <maxpow number="0.26611952537007083"/>
            <fprob>0.0</fprob>
        </actor>
        <actor name="D0N47">
            <wcet number="0">10</wcet>
            <wcet number="1">100</wcet>
            <maxpow number="0.7051139574401233"/>
            <maxpow number="0.7051139574401233"/>
            <fprob>0.0</fprob>
        </actor>
        <actor name="D0N30">
            <wcet number="0">140</wcet>
            <wcet number="1">180</wcet>
            <maxpow number="0.687404924461838"/>
            <maxpow number="0.687404924461838"/>
            <fprob>0.0</fprob>
        </actor>
        <actor name="D0N37">
            <wcet number="0">20</wcet>
            <wcet number="1">50</wcet>
            <maxpow number="0.14703665709029673"/>
            <maxpow number="0.14703665709029673"/>
            <fprob>0.0</fprob>
        </actor>
        <ports>
            <port dstActor="D0N34" name="p0" srcActor="D0N22"/>
            <port dstActor="D0N47" name="p1" srcActor="D0N22"/>
            <port dstActor="D0N30" name="p2" srcActor="D0N22"/>
            <port dstActor="D0N46" name="p3" srcActor="D0N36"/>
            <port dstActor="D0N40" name="p4" srcActor="D0N36"/>
            <port dstActor="D0N35" name="p5" srcActor="D0N23"/>
            <port dstActor="D0N48" name="p6" srcActor="D0N23"/>
            <port dstActor="D0N26" name="p7" srcActor="D0N23"/>
            <port dstActor="D0N14" name="p8" srcActor="D0N6"/>
            <port dstActor="D0N9" name="p9" srcActor="D0N6"/>
            <port dstActor="D0N37" name="p10" srcActor="D0N6"/>
            <port dstActor="D0N37" name="p11" srcActor="D0N35"/>
            <port dstActor="D0N36" name="p12" srcActor="D0N31"/>
            <port dstActor="D0N39" name="p13" srcActor="D0N19"/>
            <port dstActor="D0N33" name="p14" srcActor="D0N11"/>
            <port dstActor="D0N38" name="p15" srcActor="D0N11"/>
            <port dstActor="D0N46" name="p16" srcActor="D0N11"/>
            <port dstActor="D0N29" name="p17" srcActor="D0N15"/>
            <port dstActor="D0N35" name="p18" srcActor="D0N15"/>
            <port dstActor="D0N28" name="p19" srcActor="D0N15"/>
            <port dstActor="D0N47" name="p20" srcActor="D0N15"/>
            <port dstActor="D0N48" name="p21" srcActor="D0N40"/>
            <port dstActor="D0N14" name="p22" srcActor="D0N7"/>
            <port dstActor="D0N25" name="p23" srcActor="D0N7"/>
            <port dstActor="D0N16" name="p24" srcActor="D0N7"/>
            <port dstActor="D0N39" name="p25" srcActor="D0N0"/>
            <port dstActor="D0N14" name="p26" srcActor="D0N0"/>
            <port dstActor="D0N36" name="p27" srcActor="D0N17"/>
            <port dstActor="D0N33" name="p28" srcActor="D0N17"/>
            <port dstActor="D0N42" name="p29" srcActor="D0N17"/>
            <port dstActor="D0N43" name="p30" srcActor="D0N17"/>
            <port dstActor="D0N17" name="p31" srcActor="D0N5"/>
            <port dstActor="D0N18" name="p32" srcActor="D0N12"/>
            <port dstActor="D0N27" name="p33" srcActor="D0N12"/>
            <port dstActor="D0N46" name="p34" srcActor="D0N12"/>
            <port dstActor="D0N45" name="p35" srcActor="D0N12"/>
            <port dstActor="D0N43" name="p36" srcActor="D0N12"/>
            <port dstActor="D0N24" name="p37" srcActor="D0N12"/>
            <port dstActor="D0N36" name="p38" srcActor="D0N14"/>
            <port dstActor="D0N17" name="p39" srcActor="D0N14"/>
            <port dstActor="D0N34" name="p40" srcActor="D0N14"/>
            <port dstActor="D0N45" name="p41" srcActor="D0N14"/>
            <port dstActor="D0N39" name="p42" srcActor="D0N14"/>
            <port dstActor="D0N41" name="p43" srcActor="D0N14"/>
            <port dstActor="D0N29" name="p44" srcActor="D0N14"/>
            <port dstActor="D0N47" name="p45" srcActor="D0N21"/>
            <port dstActor="D0N45" name="p46" srcActor="D0N32"/>
            <port dstActor="D0N40" name="p47" srcActor="D0N32"/>
            <port dstActor="D0N43" name="p48" srcActor="D0N32"/>
            <port dstActor="D0N32" name="p49" srcActor="D0N26"/>
            <port dstActor="D0N41" name="p50" srcActor="D0N20"/>
            <port dstActor="D0N43" name="p51" srcActor="D0N20"/>
            <port dstActor="D0N46" name="p52" srcActor="D0N20"/>
            <port dstActor="D0N42" name="p53" srcActor="D0N41"/>
            <port dstActor="D0N33" name="p54" srcActor="D0N18"/>
            <port dstActor="D0N40" name="p55" srcActor="D0N18"/>
            <port dstActor="D0N21" name="p56" srcActor="D0N18"/>
            <port dstActor="D0N34" name="p57" srcActor="D0N1"/>
            <port dstActor="D0N46" name="p58" srcActor="D0N1"/>
            <port dstActor="D0N8" name="p59" srcActor="D0N1"/>
            <port dstActor="D0N39" name="p60" srcActor="D0N1"/>
            <port dstActor="D0N12" name="p61" srcActor="D0N1"/>
            <port dstActor="D0N26" name="p62" srcActor="D0N1"/>
            <port dstActor="D0N37" name="p63" srcActor="D0N27"/>
            <port dstActor="D0N44" name="p64" srcActor="D0N27"/>
            <port dstActor="D0N10" name="p65" srcActor="D0N3"/>
            <port dstActor="D0N17" name="p66" srcActor="D0N3"/>
            <port dstActor="D0N14" name="p67" srcActor="D0N3"/>
            <port dstActor="D0N42" name="p68" srcActor="D0N3"/>
            <port dstActor="D0N30" name="p69" srcActor="D0N3"/>
            <port dstActor="D0N36" name="p70" srcActor="D0N34"/>
            <port dstActor="D0N43" name="p71" srcActor="D0N9"/>
            <port dstActor="D0N11" name="p72" srcActor="D0N9"/>
            <port dstActor="D0N22" name="p73" srcActor="D0N9"/>
            <port dstActor="D0N37" name="p74" srcActor="D0N29"/>
            <port dstActor="D0N43" name="p75" srcActor="D0N42"/>
            <port dstActor="D0N44" name="p76" srcActor="D0N43"/>
            <port dstActor="D0N21" name="p77" srcActor="D0N8"/>
            <port dstActor="D0N39" name="p78" srcActor="D0N8"/>
            <port dstActor="D0N25" name="p79" srcActor="D0N10"/>
            <port dstActor="D0N11" name="p80" srcActor="D0N10"/>
            <port dstActor="D0N32" name="p81" srcActor="D0N10"/>
            <port dstActor="D0N38" name="p82" srcActor="D0N10"/>
            <port dstActor="D0N31" name="p83" srcActor="D0N25"/>
            <port dstActor="D0N30" name="p84" srcActor="D0N25"/>
            <port dstActor="D0N26" name="p85" srcActor="D0N25"/>
            <port dstActor="D0N26" name="p86" srcActor="D0N2"/>
            <port dstActor="D0N5" name="p87" srcActor="D0N2"/>
            <port dstActor="D0N13" name="p88" srcActor="D0N2"/>
            <port dstActor="D0N44" name="p89" srcActor="D0N38"/>
            <port dstActor="D0N39" name="p90" srcActor="D0N33"/>
            <port dstActor="D0N48" name="p91" srcActor="D0N33"/>
            <port dstActor="D0N25" name="p92" srcActor="D0N13"/>
            <port dstActor="D0N36" name="p93" srcActor="D0N28"/>
            <port dstActor="D0N48" name="p94" srcActor="D0N16"/>
            <port dstActor="D0N47" name="p95" srcActor="D0N16"/>
            <port dstActor="D0N35" name="p96" srcActor="D0N16"/>
            <port dstActor="D0N46" name="p97" srcActor="D0N16"/>
            <port dstActor="D0N30" name="p98" srcActor="D0N4"/>
            <port dstActor="D0N15" name="p99" srcActor="D0N4"/>
            <port dstActor="D0N14" name="p100" srcActor="D0N4"/>
            <port dstActor="D0N41" name="p101" srcActor="D0N4"/>
            <port dstActor="D0N21" name="p102" srcActor="D0N4"/>
            <port dstActor="D0N34" name="p103" srcActor="D0N30"/>
            <port dstActor="D0N39" name="p104" srcActor="D0N37"/>
        </ports>
    </mcdag>
    <cores number="3"/>
    <levels number="2"/>
</mcsystem>
