<?xml version="1.0" encoding="UTF-8" standalone="no"?>
<mcsystem>
    <mcdag deadline="5000" name="genned-0-ed-10.0-0">
        <actor name="D0N43">
            <wcet number="0">250</wcet>
            <wcet number="1">300</wcet>
            <maxpow number="0.74212968864218"/>
            <maxpow number="0.74212968864218"/>
            <fprob>0.0</fprob>
        </actor>
        <actor name="D0N34">
            <wcet number="0">20</wcet>
            <wcet number="1">20</wcet>
            <maxpow number="0.22244819313757985"/>
            <maxpow number="0.22244819313757985"/>
            <fprob>0.0</fprob>
        </actor>
        <actor name="D0N14">
            <wcet number="0">40</wcet>
            <wcet number="1">80</wcet>
            <maxpow number="0.5452178199887119"/>
            <maxpow number="0.5452178199887119"/>
            <fprob>0.0</fprob>
        </actor>
        <actor name="D0N48">
            <wcet number="0">260</wcet>
            <wcet number="1">720</wcet>
            <maxpow number="0.8628155952964949"/>
            <maxpow number="0.8628155952964949"/>
            <fprob>0.0</fprob>
        </actor>
        <actor name="D0N49">
            <wcet number="0">220</wcet>
            <wcet number="1">280</wcet>
            <maxpow number="0.6403124069883819"/>
            <maxpow number="0.6403124069883819"/>
            <fprob>0.0</fprob>
        </actor>
        <actor name="D0N15">
            <wcet number="0">40</wcet>
            <wcet number="1">250</wcet>
            <maxpow number="0.5346152371352534"/>
            <maxpow number="0.5346152371352534"/>
            <fprob>0.0</fprob>
        </actor>
        <actor name="D0N23">
            <wcet number="0">10</wcet>
            <wcet number="1">20</wcet>
            <maxpow number="0.2570003965765062"/>
            <maxpow number="0.2570003965765062"/>
            <fprob>0.0</fprob>
        </actor>
        <actor name="D0N47">
            <wcet number="0">750</wcet>
            <wcet number="1">850</wcet>
            <maxpow number="0.7941967524370267"/>
            <maxpow number="0.7941967524370267"/>
            <fprob>0.0</fprob>
        </actor>
        <actor name="D0N30">
            <wcet number="0">40</wcet>
            <wcet number="1">220</wcet>
            <maxpow number="0.681425841381045"/>
            <maxpow number="0.681425841381045"/>
            <fprob>0.0</fprob>
        </actor>
        <actor name="D0N26">
            <wcet number="0">50</wcet>
            <wcet number="1">100</wcet>
            <maxpow number="0.7978490135095992"/>
            <maxpow number="0.7978490135095992"/>
            <fprob>0.0</fprob>
        </actor>
        <actor name="D0N41">
            <wcet number="0">80</wcet>
            <wcet number="1">190</wcet>
            <maxpow number="0.20754185252321544"/>
            <maxpow number="0.20754185252321544"/>
            <fprob>0.0</fprob>
        </actor>
        <actor name="D0N29">
            <wcet number="0">50</wcet>
            <wcet number="1">110</wcet>
            <maxpow number="0.6363948996521896"/>
            <maxpow number="0.6363948996521896"/>
            <fprob>0.0</fprob>
        </actor>
        <actor name="D0N35">
            <wcet number="0">50</wcet>
            <wcet number="1">130</wcet>
            <maxpow number="0.5195193492595589"/>
            <maxpow number="0.5195193492595589"/>
            <fprob>0.0</fprob>
        </actor>
        <actor name="D0N37">
            <wcet number="0">30</wcet>
            <wcet number="1">60</wcet>
            <maxpow number="0.5261837783287466"/>
            <maxpow number="0.5261837783287466"/>
            <fprob>0.0</fprob>
        </actor>
        <actor name="D0N42">
            <wcet number="0">220</wcet>
            <wcet number="1">400</wcet>
            <maxpow number="0.13682670758304022"/>
            <maxpow number="0.13682670758304022"/>
            <fprob>0.0</fprob>
        </actor>
        <actor name="D0N40">
            <wcet number="0">20</wcet>
            <wcet number="1">160</wcet>
            <maxpow number="0.6266070687816898"/>
            <maxpow number="0.6266070687816898"/>
            <fprob>0.0</fprob>
        </actor>
        <actor name="D0N21">
            <wcet number="0">60</wcet>
            <wcet number="1">290</wcet>
            <maxpow number="0.7893881309320094"/>
            <maxpow number="0.7893881309320094"/>
            <fprob>0.0</fprob>
        </actor>
        <actor name="D0N27">
            <wcet number="0">380</wcet>
            <wcet number="1">420</wcet>
            <maxpow number="0.43370951737366226"/>
            <maxpow number="0.43370951737366226"/>
            <fprob>0.0</fprob>
        </actor>
        <actor name="D0N39">
            <wcet number="0">60</wcet>
            <wcet number="1">340</wcet>
            <maxpow number="0.6129104742368817"/>
            <maxpow number="0.6129104742368817"/>
            <fprob>0.0</fprob>
        </actor>
        <actor name="D0N2">
            <wcet number="0">60</wcet>
            <wcet number="1">90</wcet>
            <maxpow number="0.6706626240078299"/>
            <maxpow number="0.6706626240078299"/>
            <fprob>0.0</fprob>
        </actor>
        <actor name="D0N33">
            <wcet number="0">30</wcet>
            <wcet number="1">110</wcet>
            <maxpow number="0.5078689641491938"/>
            <maxpow number="0.5078689641491938"/>
            <fprob>0.0</fprob>
        </actor>
        <actor name="D0N11">
            <wcet number="0">10</wcet>
            <wcet number="1">10</wcet>
            <maxpow number="0.5823406375728061"/>
            <maxpow number="0.5823406375728061"/>
            <fprob>0.0</fprob>
        </actor>
        <actor name="D0N16">
            <wcet number="0">10</wcet>
            <wcet number="1">20</wcet>
            <maxpow number="0.4063182818075415"/>
            <maxpow number="0.4063182818075415"/>
            <fprob>0.0</fprob>
        </actor>
        <actor name="D0N19">
            <wcet number="0">100</wcet>
            <wcet number="1">440</wcet>
            <maxpow number="0.8124234734965929"/>
            <maxpow number="0.8124234734965929"/>
            <fprob>0.0</fprob>
        </actor>
        <actor name="D0N32">
            <wcet number="0">20</wcet>
            <wcet number="1">20</wcet>
            <maxpow number="0.5472907286327227"/>
            <maxpow number="0.5472907286327227"/>
            <fprob>0.0</fprob>
        </actor>
        <actor name="D0N12">
            <wcet number="0">20</wcet>
            <wcet number="1">20</wcet>
            <maxpow number="0.3118853689520815"/>
            <maxpow number="0.3118853689520815"/>
            <fprob>0.0</fprob>
        </actor>
        <actor name="D0N18">
            <wcet number="0">20</wcet>
            <wcet number="1">30</wcet>
            <maxpow number="0.32951805488388297"/>
            <maxpow number="0.32951805488388297"/>
            <fprob>0.0</fprob>
        </actor>
        <actor name="D0N36">
            <wcet number="0">130</wcet>
            <wcet number="1">180</wcet>
            <maxpow number="0.5441530026410119"/>
            <maxpow number="0.5441530026410119"/>
            <fprob>0.0</fprob>
        </actor>
        <actor name="D0N1">
            <wcet number="0">70</wcet>
            <wcet number="1">100</wcet>
            <maxpow number="0.517030403364207"/>
            <maxpow number="0.517030403364207"/>
            <fprob>0.0</fprob>
        </actor>
        <actor name="D0N4">
            <wcet number="0">400</wcet>
            <wcet number="1">440</wcet>
            <maxpow number="0.8784353399183946"/>
            <maxpow number="0.8784353399183946"/>
            <fprob>0.0</fprob>
        </actor>
        <actor name="D0N38">
            <wcet number="0">20</wcet>
            <wcet number="1">230</wcet>
            <maxpow number="0.2644218879670432"/>
            <maxpow number="0.2644218879670432"/>
            <fprob>0.0</fprob>
        </actor>
        <actor name="D0N9">
            <wcet number="0">130</wcet>
            <wcet number="1">430</wcet>
            <maxpow number="0.8711798867765901"/>
            <maxpow number="0.8711798867765901"/>
            <fprob>0.0</fprob>
        </actor>
        <actor name="D0N46">
            <wcet number="0">30</wcet>
            <wcet number="1">100</wcet>
            <maxpow number="0.2411155627455609"/>
            <maxpow number="0.2411155627455609"/>
            <fprob>0.0</fprob>
        </actor>
        <actor name="D0N31">
            <wcet number="0">170</wcet>
            <wcet number="1">170</wcet>
            <maxpow number="0.2762940015216161"/>
            <maxpow number="0.2762940015216161"/>
            <fprob>0.0</fprob>
        </actor>
        <actor name="D0N0">
            <wcet number="0">30</wcet>
            <wcet number="1">50</wcet>
            <maxpow number="0.49903946323175685"/>
            <maxpow number="0.49903946323175685"/>
            <fprob>0.0</fprob>
        </actor>
        <actor name="D0N25">
            <wcet number="0">130</wcet>
            <wcet number="1">150</wcet>
            <maxpow number="0.6605818787571751"/>
            <maxpow number="0.6605818787571751"/>
            <fprob>0.0</fprob>
        </actor>
        <actor name="D0N5">
            <wcet number="0">10</wcet>
            <wcet number="1">170</wcet>
            <maxpow number="0.504936740749234"/>
            <maxpow number="0.504936740749234"/>
            <fprob>0.0</fprob>
        </actor>
        <actor name="D0N3">
            <wcet number="0">30</wcet>
            <wcet number="1">280</wcet>
            <maxpow number="0.43153860506169506"/>
            <maxpow number="0.43153860506169506"/>
            <fprob>0.0</fprob>
        </actor>
        <actor name="D0N20">
            <wcet number="0">10</wcet>
            <wcet number="1">20</wcet>
            <maxpow number="0.5752999050623773"/>
            <maxpow number="0.5752999050623773"/>
            <fprob>0.0</fprob>
        </actor>
        <actor name="D0N13">
            <wcet number="0">60</wcet>
            <wcet number="1">80</wcet>
            <maxpow number="0.497224852435179"/>
            <maxpow number="0.497224852435179"/>
            <fprob>0.0</fprob>
        </actor>
        <actor name="D0N28">
            <wcet number="0">70</wcet>
            <wcet number="1">170</wcet>
            <maxpow number="0.6535660624005405"/>
            <maxpow number="0.6535660624005405"/>
            <fprob>0.0</fprob>
        </actor>
        <actor name="D0N10">
            <wcet number="0">140</wcet>
            <wcet number="1">360</wcet>
            <maxpow number="0.46737904971190575"/>
            <maxpow number="0.46737904971190575"/>
            <fprob>0.0</fprob>
        </actor>
        <actor name="D0N22">
            <wcet number="0">20</wcet>
            <wcet number="1">20</wcet>
            <maxpow number="0.3573329462045893"/>
            <maxpow number="0.3573329462045893"/>
            <fprob>0.0</fprob>
        </actor>
        <actor name="D0N6">
            <wcet number="0">20</wcet>
            <wcet number="1">140</wcet>
            <maxpow number="0.3419749305323233"/>
            <maxpow number="0.3419749305323233"/>
            <fprob>0.0</fprob>
        </actor>
        <actor name="D0N45">
            <wcet number="0">210</wcet>
            <wcet number="1">240</wcet>
            <maxpow number="0.9063620318550619"/>
            <maxpow number="0.9063620318550619"/>
            <fprob>0.0</fprob>
        </actor>
        <actor name="D0N8">
            <wcet number="0">20</wcet>
            <wcet number="1">280</wcet>
            <maxpow number="0.1779922069957685"/>
            <maxpow number="0.1779922069957685"/>
            <fprob>0.0</fprob>
        </actor>
        <actor name="D0N44">
            <wcet number="0">70</wcet>
            <wcet number="1">170</wcet>
            <maxpow number="0.6851278265089664"/>
            <maxpow number="0.6851278265089664"/>
            <fprob>0.0</fprob>
        </actor>
        <actor name="D0N7">
            <wcet number="0">200</wcet>
            <wcet number="1">450</wcet>
            <maxpow number="0.6489997924497428"/>
            <maxpow number="0.6489997924497428"/>
            <fprob>0.0</fprob>
        </actor>
        <actor name="D0N17">
            <wcet number="0">20</wcet>
            <wcet number="1">20</wcet>
            <maxpow number="0.3648516493114755"/>
            <maxpow number="0.3648516493114755"/>
            <fprob>0.0</fprob>
        </actor>
        <actor name="D0N24">
            <wcet number="0">860</wcet>
            <wcet number="1">1070</wcet>
            <maxpow number="0.5253809223899498"/>
            <maxpow number="0.5253809223899498"/>
            <fprob>0.0</fprob>
        </actor>
        <ports>
            <port dstActor="D0N35" name="p0" srcActor="D0N34"/>
            <port dstActor="D0N24" name="p1" srcActor="D0N14"/>
            <port dstActor="D0N27" name="p2" srcActor="D0N14"/>
            <port dstActor="D0N41" name="p3" srcActor="D0N15"/>
            <port dstActor="D0N49" name="p4" srcActor="D0N15"/>
            <port dstActor="D0N26" name="p5" srcActor="D0N23"/>
            <port dstActor="D0N42" name="p6" srcActor="D0N23"/>
            <port dstActor="D0N48" name="p7" srcActor="D0N47"/>
            <port dstActor="D0N36" name="p8" srcActor="D0N30"/>
            <port dstActor="D0N37" name="p9" srcActor="D0N26"/>
            <port dstActor="D0N29" name="p10" srcActor="D0N26"/>
            <port dstActor="D0N31" name="p11" srcActor="D0N26"/>
            <port dstActor="D0N35" name="p12" srcActor="D0N26"/>
            <port dstActor="D0N31" name="p13" srcActor="D0N29"/>
            <port dstActor="D0N35" name="p14" srcActor="D0N29"/>
            <port dstActor="D0N34" name="p15" srcActor="D0N29"/>
            <port dstActor="D0N45" name="p16" srcActor="D0N35"/>
            <port dstActor="D0N39" name="p17" srcActor="D0N35"/>
            <port dstActor="D0N48" name="p18" srcActor="D0N37"/>
            <port dstActor="D0N42" name="p19" srcActor="D0N21"/>
            <port dstActor="D0N45" name="p20" srcActor="D0N21"/>
            <port dstActor="D0N31" name="p21" srcActor="D0N21"/>
            <port dstActor="D0N47" name="p22" srcActor="D0N21"/>
            <port dstActor="D0N28" name="p23" srcActor="D0N27"/>
            <port dstActor="D0N41" name="p24" srcActor="D0N39"/>
            <port dstActor="D0N5" name="p25" srcActor="D0N2"/>
            <port dstActor="D0N47" name="p26" srcActor="D0N2"/>
            <port dstActor="D0N49" name="p27" srcActor="D0N33"/>
            <port dstActor="D0N41" name="p28" srcActor="D0N33"/>
            <port dstActor="D0N46" name="p29" srcActor="D0N11"/>
            <port dstActor="D0N34" name="p30" srcActor="D0N11"/>
            <port dstActor="D0N18" name="p31" srcActor="D0N16"/>
            <port dstActor="D0N23" name="p32" srcActor="D0N16"/>
            <port dstActor="D0N44" name="p33" srcActor="D0N16"/>
            <port dstActor="D0N29" name="p34" srcActor="D0N19"/>
            <port dstActor="D0N22" name="p35" srcActor="D0N19"/>
            <port dstActor="D0N25" name="p36" srcActor="D0N19"/>
            <port dstActor="D0N41" name="p37" srcActor="D0N19"/>
            <port dstActor="D0N34" name="p38" srcActor="D0N32"/>
            <port dstActor="D0N46" name="p39" srcActor="D0N32"/>
            <port dstActor="D0N21" name="p40" srcActor="D0N12"/>
            <port dstActor="D0N23" name="p41" srcActor="D0N12"/>
            <port dstActor="D0N38" name="p42" srcActor="D0N12"/>
            <port dstActor="D0N26" name="p43" srcActor="D0N12"/>
            <port dstActor="D0N24" name="p44" srcActor="D0N12"/>
            <port dstActor="D0N41" name="p45" srcActor="D0N12"/>
            <port dstActor="D0N29" name="p46" srcActor="D0N18"/>
            <port dstActor="D0N23" name="p47" srcActor="D0N18"/>
            <port dstActor="D0N43" name="p48" srcActor="D0N18"/>
            <port dstActor="D0N48" name="p49" srcActor="D0N36"/>
            <port dstActor="D0N34" name="p50" srcActor="D0N1"/>
            <port dstActor="D0N5" name="p51" srcActor="D0N1"/>
            <port dstActor="D0N19" name="p52" srcActor="D0N4"/>
            <port dstActor="D0N47" name="p53" srcActor="D0N4"/>
            <port dstActor="D0N6" name="p54" srcActor="D0N4"/>
            <port dstActor="D0N49" name="p55" srcActor="D0N9"/>
            <port dstActor="D0N48" name="p56" srcActor="D0N9"/>
            <port dstActor="D0N41" name="p57" srcActor="D0N9"/>
            <port dstActor="D0N26" name="p58" srcActor="D0N9"/>
            <port dstActor="D0N43" name="p59" srcActor="D0N9"/>
            <port dstActor="D0N47" name="p60" srcActor="D0N31"/>
            <port dstActor="D0N5" name="p61" srcActor="D0N0"/>
            <port dstActor="D0N24" name="p62" srcActor="D0N0"/>
            <port dstActor="D0N49" name="p63" srcActor="D0N0"/>
            <port dstActor="D0N47" name="p64" srcActor="D0N0"/>
            <port dstActor="D0N34" name="p65" srcActor="D0N25"/>
            <port dstActor="D0N32" name="p66" srcActor="D0N25"/>
            <port dstActor="D0N42" name="p67" srcActor="D0N25"/>
            <port dstActor="D0N13" name="p68" srcActor="D0N5"/>
            <port dstActor="D0N38" name="p69" srcActor="D0N5"/>
            <port dstActor="D0N40" name="p70" srcActor="D0N5"/>
            <port dstActor="D0N15" name="p71" srcActor="D0N5"/>
            <port dstActor="D0N23" name="p72" srcActor="D0N5"/>
            <port dstActor="D0N42" name="p73" srcActor="D0N5"/>
            <port dstActor="D0N39" name="p74" srcActor="D0N5"/>
            <port dstActor="D0N46" name="p75" srcActor="D0N5"/>
            <port dstActor="D0N34" name="p76" srcActor="D0N3"/>
            <port dstActor="D0N23" name="p77" srcActor="D0N3"/>
            <port dstActor="D0N39" name="p78" srcActor="D0N3"/>
            <port dstActor="D0N16" name="p79" srcActor="D0N3"/>
            <port dstActor="D0N43" name="p80" srcActor="D0N3"/>
            <port dstActor="D0N48" name="p81" srcActor="D0N20"/>
            <port dstActor="D0N24" name="p82" srcActor="D0N13"/>
            <port dstActor="D0N49" name="p83" srcActor="D0N13"/>
            <port dstActor="D0N15" name="p84" srcActor="D0N13"/>
            <port dstActor="D0N33" name="p85" srcActor="D0N13"/>
            <port dstActor="D0N46" name="p86" srcActor="D0N13"/>
            <port dstActor="D0N39" name="p87" srcActor="D0N13"/>
            <port dstActor="D0N47" name="p88" srcActor="D0N13"/>
            <port dstActor="D0N43" name="p89" srcActor="D0N13"/>
            <port dstActor="D0N19" name="p90" srcActor="D0N10"/>
            <port dstActor="D0N39" name="p91" srcActor="D0N10"/>
            <port dstActor="D0N31" name="p92" srcActor="D0N10"/>
            <port dstActor="D0N48" name="p93" srcActor="D0N10"/>
            <port dstActor="D0N26" name="p94" srcActor="D0N10"/>
            <port dstActor="D0N30" name="p95" srcActor="D0N10"/>
            <port dstActor="D0N44" name="p96" srcActor="D0N22"/>
            <port dstActor="D0N8" name="p97" srcActor="D0N6"/>
            <port dstActor="D0N49" name="p98" srcActor="D0N6"/>
            <port dstActor="D0N37" name="p99" srcActor="D0N8"/>
            <port dstActor="D0N21" name="p100" srcActor="D0N8"/>
            <port dstActor="D0N24" name="p101" srcActor="D0N8"/>
            <port dstActor="D0N36" name="p102" srcActor="D0N8"/>
            <port dstActor="D0N39" name="p103" srcActor="D0N8"/>
            <port dstActor="D0N47" name="p104" srcActor="D0N44"/>
            <port dstActor="D0N17" name="p105" srcActor="D0N7"/>
            <port dstActor="D0N28" name="p106" srcActor="D0N7"/>
            <port dstActor="D0N30" name="p107" srcActor="D0N7"/>
            <port dstActor="D0N34" name="p108" srcActor="D0N7"/>
            <port dstActor="D0N22" name="p109" srcActor="D0N7"/>
            <port dstActor="D0N39" name="p110" srcActor="D0N7"/>
            <port dstActor="D0N44" name="p111" srcActor="D0N7"/>
            <port dstActor="D0N45" name="p112" srcActor="D0N7"/>
            <port dstActor="D0N33" name="p113" srcActor="D0N17"/>
        </ports>
    </mcdag>
    <cores number="3"/>
    <levels number="2"/>
</mcsystem>
