<?xml version="1.0" encoding="UTF-8" standalone="no"?>
<mcsystem>
    <mcdag deadline="1500" name="genned-0-ed-10.0-0">
        <actor name="D0N20">
            <wcet number="0">30</wcet>
            <wcet number="1">70</wcet>
            <maxpow number="0.72233983495128"/>
            <maxpow number="0.72233983495128"/>
            <fprob>0.0</fprob>
        </actor>
        <actor name="D0N37">
            <wcet number="0">30</wcet>
            <wcet number="1">80</wcet>
            <maxpow number="0.4092348874399735"/>
            <maxpow number="0.4092348874399735"/>
            <fprob>0.0</fprob>
        </actor>
        <actor name="D0N17">
            <wcet number="0">10</wcet>
            <wcet number="1">10</wcet>
            <maxpow number="0.631732148870424"/>
            <maxpow number="0.631732148870424"/>
            <fprob>0.0</fprob>
        </actor>
        <actor name="D0N15">
            <wcet number="0">60</wcet>
            <wcet number="1">100</wcet>
            <maxpow number="0.5117081235544897"/>
            <maxpow number="0.5117081235544897"/>
            <fprob>0.0</fprob>
        </actor>
        <actor name="D0N1">
            <wcet number="0">20</wcet>
            <wcet number="1">50</wcet>
            <maxpow number="0.5956823335277499"/>
            <maxpow number="0.5956823335277499"/>
            <fprob>0.0</fprob>
        </actor>
        <actor name="D0N13">
            <wcet number="0">10</wcet>
            <wcet number="1">80</wcet>
            <maxpow number="0.5538962129250082"/>
            <maxpow number="0.5538962129250082"/>
            <fprob>0.0</fprob>
        </actor>
        <actor name="D0N10">
            <wcet number="0">10</wcet>
            <wcet number="1">60</wcet>
            <maxpow number="0.2894905945627378"/>
            <maxpow number="0.2894905945627378"/>
            <fprob>0.0</fprob>
        </actor>
        <actor name="D0N24">
            <wcet number="0">100</wcet>
            <wcet number="1">110</wcet>
            <maxpow number="1.0225919891675523"/>
            <maxpow number="1.0225919891675523"/>
            <fprob>0.0</fprob>
        </actor>
        <actor name="D0N31">
            <wcet number="0">260</wcet>
            <wcet number="1">290</wcet>
            <maxpow number="0.7172363579757114"/>
            <maxpow number="0.7172363579757114"/>
            <fprob>0.0</fprob>
        </actor>
        <actor name="D0N33">
            <wcet number="0">10</wcet>
            <wcet number="1">60</wcet>
            <maxpow number="0.39831657190274816"/>
            <maxpow number="0.39831657190274816"/>
            <fprob>0.0</fprob>
        </actor>
        <actor name="D0N18">
            <wcet number="0">10</wcet>
            <wcet number="1">10</wcet>
            <maxpow number="0.7045361455483876"/>
            <maxpow number="0.7045361455483876"/>
            <fprob>0.0</fprob>
        </actor>
        <actor name="D0N32">
            <wcet number="0">130</wcet>
            <wcet number="1">130</wcet>
            <maxpow number="0.5176255484823574"/>
            <maxpow number="0.5176255484823574"/>
            <fprob>0.0</fprob>
        </actor>
        <actor name="D0N14">
            <wcet number="0">100</wcet>
            <wcet number="1">110</wcet>
            <maxpow number="0.6891571244707978"/>
            <maxpow number="0.6891571244707978"/>
            <fprob>0.0</fprob>
        </actor>
        <actor name="D0N44">
            <wcet number="0">10</wcet>
            <wcet number="1">10</wcet>
            <maxpow number="0.40746191090188966"/>
            <maxpow number="0.40746191090188966"/>
            <fprob>0.0</fprob>
        </actor>
        <actor name="D0N4">
            <wcet number="0">110</wcet>
            <wcet number="1">130</wcet>
            <maxpow number="0.6985427181303645"/>
            <maxpow number="0.6985427181303645"/>
            <fprob>0.0</fprob>
        </actor>
        <actor name="D0N41">
            <wcet number="0">30</wcet>
            <wcet number="1">40</wcet>
            <maxpow number="0.5037661006839136"/>
            <maxpow number="0.5037661006839136"/>
            <fprob>0.0</fprob>
        </actor>
        <actor name="D0N5">
            <wcet number="0">10</wcet>
            <wcet number="1">20</wcet>
            <maxpow number="0.44374026698823393"/>
            <maxpow number="0.44374026698823393"/>
            <fprob>0.0</fprob>
        </actor>
        <actor name="D0N43">
            <wcet number="0">20</wcet>
            <wcet number="1">80</wcet>
            <maxpow number="0.6014778275235004"/>
            <maxpow number="0.6014778275235004"/>
            <fprob>0.0</fprob>
        </actor>
        <actor name="D0N40">
            <wcet number="0">20</wcet>
            <wcet number="1">150</wcet>
            <maxpow number="0.5242993147932049"/>
            <maxpow number="0.5242993147932049"/>
            <fprob>0.0</fprob>
        </actor>
        <actor name="D0N16">
            <wcet number="0">20</wcet>
            <wcet number="1">40</wcet>
            <maxpow number="0.5621903838443888"/>
            <maxpow number="0.5621903838443888"/>
            <fprob>0.0</fprob>
        </actor>
        <actor name="D0N29">
            <wcet number="0">20</wcet>
            <wcet number="1">50</wcet>
            <maxpow number="0.5447827005551644"/>
            <maxpow number="0.5447827005551644"/>
            <fprob>0.0</fprob>
        </actor>
        <actor name="D0N8">
            <wcet number="0">30</wcet>
            <wcet number="1">110</wcet>
            <maxpow number="0.6772335972968047"/>
            <maxpow number="0.6772335972968047"/>
            <fprob>0.0</fprob>
        </actor>
        <actor name="D0N26">
            <wcet number="0">70</wcet>
            <wcet number="1">90</wcet>
            <maxpow number="0.5713318849050992"/>
            <maxpow number="0.5713318849050992"/>
            <fprob>0.0</fprob>
        </actor>
        <actor name="D0N39">
            <wcet number="0">20</wcet>
            <wcet number="1">140</wcet>
            <maxpow number="0.6843091039018552"/>
            <maxpow number="0.6843091039018552"/>
            <fprob>0.0</fprob>
        </actor>
        <actor name="D0N9">
            <wcet number="0">50</wcet>
            <wcet number="1">80</wcet>
            <maxpow number="0.24227155375015524"/>
            <maxpow number="0.24227155375015524"/>
            <fprob>0.0</fprob>
        </actor>
        <actor name="D0N36">
            <wcet number="0">10</wcet>
            <wcet number="1">30</wcet>
            <maxpow number="0.3738949842346259"/>
            <maxpow number="0.3738949842346259"/>
            <fprob>0.0</fprob>
        </actor>
        <actor name="D0N35">
            <wcet number="0">20</wcet>
            <wcet number="1">60</wcet>
            <maxpow number="0.5642027880367709"/>
            <maxpow number="0.5642027880367709"/>
            <fprob>0.0</fprob>
        </actor>
        <actor name="D0N34">
            <wcet number="0">10</wcet>
            <wcet number="1">30</wcet>
            <maxpow number="0.5310117104417421"/>
            <maxpow number="0.5310117104417421"/>
            <fprob>0.0</fprob>
        </actor>
        <actor name="D0N3">
            <wcet number="0">10</wcet>
            <wcet number="1">30</wcet>
            <maxpow number="0.7170903062866159"/>
            <maxpow number="0.7170903062866159"/>
            <fprob>0.0</fprob>
        </actor>
        <actor name="D0N19">
            <wcet number="0">10</wcet>
            <wcet number="1">80</wcet>
            <maxpow number="0.18359512544738188"/>
            <maxpow number="0.18359512544738188"/>
            <fprob>0.0</fprob>
        </actor>
        <actor name="D0N7">
            <wcet number="0">40</wcet>
            <wcet number="1">180</wcet>
            <maxpow number="0.5681924801116331"/>
            <maxpow number="0.5681924801116331"/>
            <fprob>0.0</fprob>
        </actor>
        <actor name="D0N42">
            <wcet number="0">30</wcet>
            <wcet number="1">40</wcet>
            <maxpow number="0.4901861736089821"/>
            <maxpow number="0.4901861736089821"/>
            <fprob>0.0</fprob>
        </actor>
        <actor name="D0N25">
            <wcet number="0">10</wcet>
            <wcet number="1">50</wcet>
            <maxpow number="0.5386274808775251"/>
            <maxpow number="0.5386274808775251"/>
            <fprob>0.0</fprob>
        </actor>
        <actor name="D0N27">
            <wcet number="0">20</wcet>
            <wcet number="1">20</wcet>
            <maxpow number="0.35532975392888594"/>
            <maxpow number="0.35532975392888594"/>
            <fprob>0.0</fprob>
        </actor>
        <actor name="D0N6">
            <wcet number="0">120</wcet>
            <wcet number="1">170</wcet>
            <maxpow number="0.535156883403898"/>
            <maxpow number="0.535156883403898"/>
            <fprob>0.0</fprob>
        </actor>
        <actor name="D0N0">
            <wcet number="0">20</wcet>
            <wcet number="1">70</wcet>
            <maxpow number="0.42571645431744515"/>
            <maxpow number="0.42571645431744515"/>
            <fprob>0.0</fprob>
        </actor>
        <actor name="D0N23">
            <wcet number="0">60</wcet>
            <wcet number="1">80</wcet>
            <maxpow number="0.3533051489319293"/>
            <maxpow number="0.3533051489319293"/>
            <fprob>0.0</fprob>
        </actor>
        <actor name="D0N22">
            <wcet number="0">10</wcet>
            <wcet number="1">50</wcet>
            <maxpow number="0.8178569313807159"/>
            <maxpow number="0.8178569313807159"/>
            <fprob>0.0</fprob>
        </actor>
        <actor name="D0N28">
            <wcet number="0">20</wcet>
            <wcet number="1">20</wcet>
            <maxpow number="0.701445078756763"/>
            <maxpow number="0.701445078756763"/>
            <fprob>0.0</fprob>
        </actor>
        <actor name="D0N21">
            <wcet number="0">20</wcet>
            <wcet number="1">30</wcet>
            <maxpow number="0.6359545396001781"/>
            <maxpow number="0.6359545396001781"/>
            <fprob>0.0</fprob>
        </actor>
        <actor name="D0N30">
            <wcet number="0">60</wcet>
            <wcet number="1">100</wcet>
            <maxpow number="0.7356584343536868"/>
            <maxpow number="0.7356584343536868"/>
            <fprob>0.0</fprob>
        </actor>
        <actor name="D0N2">
            <wcet number="0">130</wcet>
            <wcet number="1">150</wcet>
            <maxpow number="0.4692925245091828"/>
            <maxpow number="0.4692925245091828"/>
            <fprob>0.0</fprob>
        </actor>
        <actor name="D0N11">
            <wcet number="0">10</wcet>
            <wcet number="1">80</wcet>
            <maxpow number="0.5891348004085664"/>
            <maxpow number="0.5891348004085664"/>
            <fprob>0.0</fprob>
        </actor>
        <actor name="D0N38">
            <wcet number="0">10</wcet>
            <wcet number="1">10</wcet>
            <maxpow number="0.7452169758444115"/>
            <maxpow number="0.7452169758444115"/>
            <fprob>0.0</fprob>
        </actor>
        <actor name="D0N12">
            <wcet number="0">40</wcet>
            <wcet number="1">70</wcet>
            <maxpow number="0.47869400430088427"/>
            <maxpow number="0.47869400430088427"/>
            <fprob>0.0</fprob>
        </actor>
        <ports>
            <port dstActor="D0N28" name="p0" srcActor="D0N20"/>
            <port dstActor="D0N37" name="p1" srcActor="D0N20"/>
            <port dstActor="D0N36" name="p2" srcActor="D0N20"/>
            <port dstActor="D0N42" name="p3" srcActor="D0N17"/>
            <port dstActor="D0N35" name="p4" srcActor="D0N17"/>
            <port dstActor="D0N44" name="p5" srcActor="D0N17"/>
            <port dstActor="D0N35" name="p6" srcActor="D0N15"/>
            <port dstActor="D0N24" name="p7" srcActor="D0N15"/>
            <port dstActor="D0N42" name="p8" srcActor="D0N1"/>
            <port dstActor="D0N31" name="p9" srcActor="D0N1"/>
            <port dstActor="D0N21" name="p10" srcActor="D0N1"/>
            <port dstActor="D0N18" name="p11" srcActor="D0N13"/>
            <port dstActor="D0N38" name="p12" srcActor="D0N13"/>
            <port dstActor="D0N26" name="p13" srcActor="D0N13"/>
            <port dstActor="D0N29" name="p14" srcActor="D0N13"/>
            <port dstActor="D0N29" name="p15" srcActor="D0N10"/>
            <port dstActor="D0N36" name="p16" srcActor="D0N10"/>
            <port dstActor="D0N11" name="p17" srcActor="D0N10"/>
            <port dstActor="D0N43" name="p18" srcActor="D0N24"/>
            <port dstActor="D0N25" name="p19" srcActor="D0N24"/>
            <port dstActor="D0N33" name="p20" srcActor="D0N31"/>
            <port dstActor="D0N41" name="p21" srcActor="D0N31"/>
            <port dstActor="D0N34" name="p22" srcActor="D0N31"/>
            <port dstActor="D0N44" name="p23" srcActor="D0N33"/>
            <port dstActor="D0N42" name="p24" srcActor="D0N33"/>
            <port dstActor="D0N26" name="p25" srcActor="D0N18"/>
            <port dstActor="D0N39" name="p26" srcActor="D0N18"/>
            <port dstActor="D0N23" name="p27" srcActor="D0N18"/>
            <port dstActor="D0N35" name="p28" srcActor="D0N32"/>
            <port dstActor="D0N36" name="p29" srcActor="D0N32"/>
            <port dstActor="D0N32" name="p30" srcActor="D0N14"/>
            <port dstActor="D0N44" name="p31" srcActor="D0N14"/>
            <port dstActor="D0N41" name="p32" srcActor="D0N14"/>
            <port dstActor="D0N28" name="p33" srcActor="D0N4"/>
            <port dstActor="D0N39" name="p34" srcActor="D0N4"/>
            <port dstActor="D0N23" name="p35" srcActor="D0N4"/>
            <port dstActor="D0N38" name="p36" srcActor="D0N4"/>
            <port dstActor="D0N20" name="p37" srcActor="D0N4"/>
            <port dstActor="D0N22" name="p38" srcActor="D0N4"/>
            <port dstActor="D0N7" name="p39" srcActor="D0N4"/>
            <port dstActor="D0N11" name="p40" srcActor="D0N4"/>
            <port dstActor="D0N20" name="p41" srcActor="D0N5"/>
            <port dstActor="D0N12" name="p42" srcActor="D0N5"/>
            <port dstActor="D0N44" name="p43" srcActor="D0N43"/>
            <port dstActor="D0N44" name="p44" srcActor="D0N16"/>
            <port dstActor="D0N20" name="p45" srcActor="D0N16"/>
            <port dstActor="D0N31" name="p46" srcActor="D0N29"/>
            <port dstActor="D0N38" name="p47" srcActor="D0N29"/>
            <port dstActor="D0N38" name="p48" srcActor="D0N8"/>
            <port dstActor="D0N27" name="p49" srcActor="D0N8"/>
            <port dstActor="D0N42" name="p50" srcActor="D0N8"/>
            <port dstActor="D0N12" name="p51" srcActor="D0N8"/>
            <port dstActor="D0N36" name="p52" srcActor="D0N8"/>
            <port dstActor="D0N11" name="p53" srcActor="D0N8"/>
            <port dstActor="D0N39" name="p54" srcActor="D0N8"/>
            <port dstActor="D0N22" name="p55" srcActor="D0N8"/>
            <port dstActor="D0N28" name="p56" srcActor="D0N26"/>
            <port dstActor="D0N36" name="p57" srcActor="D0N26"/>
            <port dstActor="D0N23" name="p58" srcActor="D0N9"/>
            <port dstActor="D0N42" name="p59" srcActor="D0N9"/>
            <port dstActor="D0N34" name="p60" srcActor="D0N9"/>
            <port dstActor="D0N41" name="p61" srcActor="D0N9"/>
            <port dstActor="D0N38" name="p62" srcActor="D0N36"/>
            <port dstActor="D0N36" name="p63" srcActor="D0N35"/>
            <port dstActor="D0N44" name="p64" srcActor="D0N35"/>
            <port dstActor="D0N41" name="p65" srcActor="D0N34"/>
            <port dstActor="D0N38" name="p66" srcActor="D0N34"/>
            <port dstActor="D0N41" name="p67" srcActor="D0N3"/>
            <port dstActor="D0N28" name="p68" srcActor="D0N3"/>
            <port dstActor="D0N32" name="p69" srcActor="D0N3"/>
            <port dstActor="D0N22" name="p70" srcActor="D0N3"/>
            <port dstActor="D0N38" name="p71" srcActor="D0N19"/>
            <port dstActor="D0N29" name="p72" srcActor="D0N19"/>
            <port dstActor="D0N40" name="p73" srcActor="D0N19"/>
            <port dstActor="D0N35" name="p74" srcActor="D0N7"/>
            <port dstActor="D0N14" name="p75" srcActor="D0N7"/>
            <port dstActor="D0N28" name="p76" srcActor="D0N25"/>
            <port dstActor="D0N33" name="p77" srcActor="D0N25"/>
            <port dstActor="D0N40" name="p78" srcActor="D0N25"/>
            <port dstActor="D0N19" name="p79" srcActor="D0N6"/>
            <port dstActor="D0N11" name="p80" srcActor="D0N6"/>
            <port dstActor="D0N10" name="p81" srcActor="D0N6"/>
            <port dstActor="D0N18" name="p82" srcActor="D0N6"/>
            <port dstActor="D0N28" name="p83" srcActor="D0N0"/>
            <port dstActor="D0N37" name="p84" srcActor="D0N23"/>
            <port dstActor="D0N44" name="p85" srcActor="D0N23"/>
            <port dstActor="D0N38" name="p86" srcActor="D0N22"/>
            <port dstActor="D0N33" name="p87" srcActor="D0N28"/>
            <port dstActor="D0N29" name="p88" srcActor="D0N28"/>
            <port dstActor="D0N31" name="p89" srcActor="D0N21"/>
            <port dstActor="D0N26" name="p90" srcActor="D0N21"/>
            <port dstActor="D0N29" name="p91" srcActor="D0N21"/>
            <port dstActor="D0N40" name="p92" srcActor="D0N21"/>
            <port dstActor="D0N27" name="p93" srcActor="D0N21"/>
            <port dstActor="D0N39" name="p94" srcActor="D0N30"/>
            <port dstActor="D0N42" name="p95" srcActor="D0N2"/>
            <port dstActor="D0N35" name="p96" srcActor="D0N2"/>
            <port dstActor="D0N3" name="p97" srcActor="D0N2"/>
            <port dstActor="D0N19" name="p98" srcActor="D0N2"/>
            <port dstActor="D0N32" name="p99" srcActor="D0N11"/>
            <port dstActor="D0N37" name="p100" srcActor="D0N11"/>
            <port dstActor="D0N42" name="p101" srcActor="D0N38"/>
            <port dstActor="D0N29" name="p102" srcActor="D0N12"/>
            <port dstActor="D0N19" name="p103" srcActor="D0N12"/>
            <port dstActor="D0N15" name="p104" srcActor="D0N12"/>
            <port dstActor="D0N17" name="p105" srcActor="D0N12"/>
        </ports>
    </mcdag>
    <cores number="3"/>
    <levels number="2"/>
</mcsystem>
