<?xml version="1.0" encoding="UTF-8" standalone="no"?>
<mcsystem>
    <mcdag deadline="1200" name="genned-0-ed-10.0-0">
        <actor name="D0N8">
            <wcet number="0">220</wcet>
            <wcet number="1">260</wcet>
            <maxpow number="0.7664425680319884"/>
            <maxpow number="0.7664425680319884"/>
            <fprob>0.0</fprob>
        </actor>
        <actor name="D0N7">
            <wcet number="0">90</wcet>
            <wcet number="1">130</wcet>
            <maxpow number="0.09460954890405676"/>
            <maxpow number="0.09460954890405676"/>
            <fprob>0.0</fprob>
        </actor>
        <actor name="D0N42">
            <wcet number="0">10</wcet>
            <wcet number="1">70</wcet>
            <maxpow number="0.11811697573245145"/>
            <maxpow number="0.11811697573245145"/>
            <fprob>0.0</fprob>
        </actor>
        <actor name="D0N6">
            <wcet number="0">10</wcet>
            <wcet number="1">60</wcet>
            <maxpow number="0.3929427236830917"/>
            <maxpow number="0.3929427236830917"/>
            <fprob>0.0</fprob>
        </actor>
        <actor name="D0N45">
            <wcet number="0">60</wcet>
            <wcet number="1">90</wcet>
            <maxpow number="0.6045832340228179"/>
            <maxpow number="0.6045832340228179"/>
            <fprob>0.0</fprob>
        </actor>
        <actor name="D0N16">
            <wcet number="0">10</wcet>
            <wcet number="1">10</wcet>
            <maxpow number="0.39181588497825637"/>
            <maxpow number="0.39181588497825637"/>
            <fprob>0.0</fprob>
        </actor>
        <actor name="D0N12">
            <wcet number="0">10</wcet>
            <wcet number="1">10</wcet>
            <maxpow number="0.565642551280002"/>
            <maxpow number="0.565642551280002"/>
            <fprob>0.0</fprob>
        </actor>
        <actor name="D0N26">
            <wcet number="0">10</wcet>
            <wcet number="1">10</wcet>
            <maxpow number="0.6937710946994374"/>
            <maxpow number="0.6937710946994374"/>
            <fprob>0.0</fprob>
        </actor>
        <actor name="D0N9">
            <wcet number="0">10</wcet>
            <wcet number="1">10</wcet>
            <maxpow number="0.7367599130134014"/>
            <maxpow number="0.7367599130134014"/>
            <fprob>0.0</fprob>
        </actor>
        <actor name="D0N46">
            <wcet number="0">10</wcet>
            <wcet number="1">70</wcet>
            <maxpow number="0.6407002596714049"/>
            <maxpow number="0.6407002596714049"/>
            <fprob>0.0</fprob>
        </actor>
        <actor name="D0N17">
            <wcet number="0">30</wcet>
            <wcet number="1">30</wcet>
            <maxpow number="0.25292658535386386"/>
            <maxpow number="0.25292658535386386"/>
            <fprob>0.0</fprob>
        </actor>
        <actor name="D0N37">
            <wcet number="0">10</wcet>
            <wcet number="1">10</wcet>
            <maxpow number="0.6502473074297628"/>
            <maxpow number="0.6502473074297628"/>
            <fprob>0.0</fprob>
        </actor>
        <actor name="D0N39">
            <wcet number="0">10</wcet>
            <wcet number="1">30</wcet>
            <maxpow number="0.7839889969392473"/>
            <maxpow number="0.7839889969392473"/>
            <fprob>0.0</fprob>
        </actor>
        <actor name="D0N10">
            <wcet number="0">10</wcet>
            <wcet number="1">10</wcet>
            <maxpow number="0.5082269702754935"/>
            <maxpow number="0.5082269702754935"/>
            <fprob>0.0</fprob>
        </actor>
        <actor name="D0N19">
            <wcet number="0">50</wcet>
            <wcet number="1">90</wcet>
            <maxpow number="0.5729782193130764"/>
            <maxpow number="0.5729782193130764"/>
            <fprob>0.0</fprob>
        </actor>
        <actor name="D0N25">
            <wcet number="0">20</wcet>
            <wcet number="1">20</wcet>
            <maxpow number="0.423592863354897"/>
            <maxpow number="0.423592863354897"/>
            <fprob>0.0</fprob>
        </actor>
        <actor name="D0N29">
            <wcet number="0">50</wcet>
            <wcet number="1">110</wcet>
            <maxpow number="0.7292856195479411"/>
            <maxpow number="0.7292856195479411"/>
            <fprob>0.0</fprob>
        </actor>
        <actor name="D0N13">
            <wcet number="0">10</wcet>
            <wcet number="1">10</wcet>
            <maxpow number="0.7235735261535641"/>
            <maxpow number="0.7235735261535641"/>
            <fprob>0.0</fprob>
        </actor>
        <actor name="D0N38">
            <wcet number="0">10</wcet>
            <wcet number="1">10</wcet>
            <maxpow number="0.7208813619022989"/>
            <maxpow number="0.7208813619022989"/>
            <fprob>0.0</fprob>
        </actor>
        <actor name="D0N31">
            <wcet number="0">10</wcet>
            <wcet number="1">10</wcet>
            <maxpow number="0.20855105677433677"/>
            <maxpow number="0.20855105677433677"/>
            <fprob>0.0</fprob>
        </actor>
        <actor name="D0N24">
            <wcet number="0">10</wcet>
            <wcet number="1">10</wcet>
            <maxpow number="0.2077113636719563"/>
            <maxpow number="0.2077113636719563"/>
            <fprob>0.0</fprob>
        </actor>
        <actor name="D0N33">
            <wcet number="0">30</wcet>
            <wcet number="1">30</wcet>
            <maxpow number="0.3732730272105336"/>
            <maxpow number="0.3732730272105336"/>
            <fprob>0.0</fprob>
        </actor>
        <actor name="D0N15">
            <wcet number="0">90</wcet>
            <wcet number="1">90</wcet>
            <maxpow number="0.6098053277657846"/>
            <maxpow number="0.6098053277657846"/>
            <fprob>0.0</fprob>
        </actor>
        <actor name="D0N5">
            <wcet number="0">70</wcet>
            <wcet number="1">90</wcet>
            <maxpow number="0.4845659959957558"/>
            <maxpow number="0.4845659959957558"/>
            <fprob>0.0</fprob>
        </actor>
        <actor name="D0N28">
            <wcet number="0">10</wcet>
            <wcet number="1">10</wcet>
            <maxpow number="0.5034510466280373"/>
            <maxpow number="0.5034510466280373"/>
            <fprob>0.0</fprob>
        </actor>
        <actor name="D0N4">
            <wcet number="0">60</wcet>
            <wcet number="1">70</wcet>
            <maxpow number="0.6846718231930664"/>
            <maxpow number="0.6846718231930664"/>
            <fprob>0.0</fprob>
        </actor>
        <actor name="D0N22">
            <wcet number="0">50</wcet>
            <wcet number="1">60</wcet>
            <maxpow number="0.8640531921827012"/>
            <maxpow number="0.8640531921827012"/>
            <fprob>0.0</fprob>
        </actor>
        <actor name="D0N30">
            <wcet number="0">10</wcet>
            <wcet number="1">10</wcet>
            <maxpow number="0.7046707351826961"/>
            <maxpow number="0.7046707351826961"/>
            <fprob>0.0</fprob>
        </actor>
        <actor name="D0N0">
            <wcet number="0">80</wcet>
            <wcet number="1">90</wcet>
            <maxpow number="0.3635759676697997"/>
            <maxpow number="0.3635759676697997"/>
            <fprob>0.0</fprob>
        </actor>
        <actor name="D0N40">
            <wcet number="0">30</wcet>
            <wcet number="1">70</wcet>
            <maxpow number="0.6870683233363181"/>
            <maxpow number="0.6870683233363181"/>
            <fprob>0.0</fprob>
        </actor>
        <actor name="D0N35">
            <wcet number="0">20</wcet>
            <wcet number="1">70</wcet>
            <maxpow number="0.8376312889717764"/>
            <maxpow number="0.8376312889717764"/>
            <fprob>0.0</fprob>
        </actor>
        <actor name="D0N3">
            <wcet number="0">10</wcet>
            <wcet number="1">30</wcet>
            <maxpow number="0.6493466324260553"/>
            <maxpow number="0.6493466324260553"/>
            <fprob>0.0</fprob>
        </actor>
        <actor name="D0N1">
            <wcet number="0">10</wcet>
            <wcet number="1">10</wcet>
            <maxpow number="0.6742706107110616"/>
            <maxpow number="0.6742706107110616"/>
            <fprob>0.0</fprob>
        </actor>
        <actor name="D0N2">
            <wcet number="0">60</wcet>
            <wcet number="1">70</wcet>
            <maxpow number="0.48094510275481295"/>
            <maxpow number="0.48094510275481295"/>
            <fprob>0.0</fprob>
        </actor>
        <actor name="D0N41">
            <wcet number="0">140</wcet>
            <wcet number="1">200</wcet>
            <maxpow number="0.5528664860058286"/>
            <maxpow number="0.5528664860058286"/>
            <fprob>0.0</fprob>
        </actor>
        <actor name="D0N44">
            <wcet number="0">200</wcet>
            <wcet number="1">210</wcet>
            <maxpow number="0.9773175135774387"/>
            <maxpow number="0.9773175135774387"/>
            <fprob>0.0</fprob>
        </actor>
        <actor name="D0N23">
            <wcet number="0">10</wcet>
            <wcet number="1">20</wcet>
            <maxpow number="0.6153994192506529"/>
            <maxpow number="0.6153994192506529"/>
            <fprob>0.0</fprob>
        </actor>
        <actor name="D0N21">
            <wcet number="0">10</wcet>
            <wcet number="1">50</wcet>
            <maxpow number="0.6246210539716514"/>
            <maxpow number="0.6246210539716514"/>
            <fprob>0.0</fprob>
        </actor>
        <actor name="D0N14">
            <wcet number="0">10</wcet>
            <wcet number="1">60</wcet>
            <maxpow number="0.4363889630338602"/>
            <maxpow number="0.4363889630338602"/>
            <fprob>0.0</fprob>
        </actor>
        <actor name="D0N27">
            <wcet number="0">20</wcet>
            <wcet number="1">30</wcet>
            <maxpow number="0.5779837927119016"/>
            <maxpow number="0.5779837927119016"/>
            <fprob>0.0</fprob>
        </actor>
        <actor name="D0N11">
            <wcet number="0">80</wcet>
            <wcet number="1">150</wcet>
            <maxpow number="0.46802744568426097"/>
            <maxpow number="0.46802744568426097"/>
            <fprob>0.0</fprob>
        </actor>
        <actor name="D0N36">
            <wcet number="0">10</wcet>
            <wcet number="1">50</wcet>
            <maxpow number="0.4094001718331127"/>
            <maxpow number="0.4094001718331127"/>
            <fprob>0.0</fprob>
        </actor>
        <actor name="D0N32">
            <wcet number="0">90</wcet>
            <wcet number="1">330</wcet>
            <maxpow number="0.38523311516973635"/>
            <maxpow number="0.38523311516973635"/>
            <fprob>0.0</fprob>
        </actor>
        <actor name="D0N18">
            <wcet number="0">100</wcet>
            <wcet number="1">120</wcet>
            <maxpow number="0.264993485273873"/>
            <maxpow number="0.264993485273873"/>
            <fprob>0.0</fprob>
        </actor>
        <actor name="D0N20">
            <wcet number="0">20</wcet>
            <wcet number="1">40</wcet>
            <maxpow number="0.6254996894831363"/>
            <maxpow number="0.6254996894831363"/>
            <fprob>0.0</fprob>
        </actor>
        <actor name="D0N43">
            <wcet number="0">30</wcet>
            <wcet number="1">30</wcet>
            <maxpow number="0.101910131772327"/>
            <maxpow number="0.101910131772327"/>
            <fprob>0.0</fprob>
        </actor>
        <actor name="D0N34">
            <wcet number="0">70</wcet>
            <wcet number="1">70</wcet>
            <maxpow number="0.4045572642712686"/>
            <maxpow number="0.4045572642712686"/>
            <fprob>0.0</fprob>
        </actor>
        <ports>
            <port dstActor="D0N43" name="p0" srcActor="D0N8"/>
            <port dstActor="D0N41" name="p1" srcActor="D0N8"/>
            <port dstActor="D0N10" name="p2" srcActor="D0N8"/>
            <port dstActor="D0N26" name="p3" srcActor="D0N8"/>
            <port dstActor="D0N27" name="p4" srcActor="D0N8"/>
            <port dstActor="D0N46" name="p5" srcActor="D0N7"/>
            <port dstActor="D0N31" name="p6" srcActor="D0N6"/>
            <port dstActor="D0N19" name="p7" srcActor="D0N6"/>
            <port dstActor="D0N46" name="p8" srcActor="D0N45"/>
            <port dstActor="D0N22" name="p9" srcActor="D0N16"/>
            <port dstActor="D0N45" name="p10" srcActor="D0N16"/>
            <port dstActor="D0N30" name="p11" srcActor="D0N16"/>
            <port dstActor="D0N20" name="p12" srcActor="D0N12"/>
            <port dstActor="D0N37" name="p13" srcActor="D0N12"/>
            <port dstActor="D0N14" name="p14" srcActor="D0N12"/>
            <port dstActor="D0N29" name="p15" srcActor="D0N26"/>
            <port dstActor="D0N45" name="p16" srcActor="D0N26"/>
            <port dstActor="D0N35" name="p17" srcActor="D0N26"/>
            <port dstActor="D0N36" name="p18" srcActor="D0N26"/>
            <port dstActor="D0N17" name="p19" srcActor="D0N9"/>
            <port dstActor="D0N12" name="p20" srcActor="D0N9"/>
            <port dstActor="D0N35" name="p21" srcActor="D0N9"/>
            <port dstActor="D0N19" name="p22" srcActor="D0N9"/>
            <port dstActor="D0N44" name="p23" srcActor="D0N9"/>
            <port dstActor="D0N32" name="p24" srcActor="D0N17"/>
            <port dstActor="D0N22" name="p25" srcActor="D0N17"/>
            <port dstActor="D0N19" name="p26" srcActor="D0N17"/>
            <port dstActor="D0N40" name="p27" srcActor="D0N39"/>
            <port dstActor="D0N17" name="p28" srcActor="D0N10"/>
            <port dstActor="D0N26" name="p29" srcActor="D0N10"/>
            <port dstActor="D0N28" name="p30" srcActor="D0N10"/>
            <port dstActor="D0N37" name="p31" srcActor="D0N10"/>
            <port dstActor="D0N34" name="p32" srcActor="D0N10"/>
            <port dstActor="D0N28" name="p33" srcActor="D0N19"/>
            <port dstActor="D0N38" name="p34" srcActor="D0N19"/>
            <port dstActor="D0N39" name="p35" srcActor="D0N19"/>
            <port dstActor="D0N29" name="p36" srcActor="D0N19"/>
            <port dstActor="D0N43" name="p37" srcActor="D0N19"/>
            <port dstActor="D0N22" name="p38" srcActor="D0N19"/>
            <port dstActor="D0N27" name="p39" srcActor="D0N25"/>
            <port dstActor="D0N42" name="p40" srcActor="D0N29"/>
            <port dstActor="D0N27" name="p41" srcActor="D0N13"/>
            <port dstActor="D0N17" name="p42" srcActor="D0N13"/>
            <port dstActor="D0N39" name="p43" srcActor="D0N13"/>
            <port dstActor="D0N39" name="p44" srcActor="D0N38"/>
            <port dstActor="D0N35" name="p45" srcActor="D0N31"/>
            <port dstActor="D0N46" name="p46" srcActor="D0N31"/>
            <port dstActor="D0N32" name="p47" srcActor="D0N24"/>
            <port dstActor="D0N25" name="p48" srcActor="D0N24"/>
            <port dstActor="D0N43" name="p49" srcActor="D0N24"/>
            <port dstActor="D0N40" name="p50" srcActor="D0N33"/>
            <port dstActor="D0N34" name="p51" srcActor="D0N33"/>
            <port dstActor="D0N19" name="p52" srcActor="D0N15"/>
            <port dstActor="D0N16" name="p53" srcActor="D0N5"/>
            <port dstActor="D0N11" name="p54" srcActor="D0N5"/>
            <port dstActor="D0N40" name="p55" srcActor="D0N5"/>
            <port dstActor="D0N42" name="p56" srcActor="D0N5"/>
            <port dstActor="D0N42" name="p57" srcActor="D0N28"/>
            <port dstActor="D0N31" name="p58" srcActor="D0N28"/>
            <port dstActor="D0N30" name="p59" srcActor="D0N4"/>
            <port dstActor="D0N46" name="p60" srcActor="D0N22"/>
            <port dstActor="D0N42" name="p61" srcActor="D0N30"/>
            <port dstActor="D0N3" name="p62" srcActor="D0N0"/>
            <port dstActor="D0N2" name="p63" srcActor="D0N0"/>
            <port dstActor="D0N42" name="p64" srcActor="D0N35"/>
            <port dstActor="D0N37" name="p65" srcActor="D0N35"/>
            <port dstActor="D0N45" name="p66" srcActor="D0N3"/>
            <port dstActor="D0N6" name="p67" srcActor="D0N3"/>
            <port dstActor="D0N12" name="p68" srcActor="D0N3"/>
            <port dstActor="D0N23" name="p69" srcActor="D0N1"/>
            <port dstActor="D0N3" name="p70" srcActor="D0N1"/>
            <port dstActor="D0N28" name="p71" srcActor="D0N1"/>
            <port dstActor="D0N11" name="p72" srcActor="D0N2"/>
            <port dstActor="D0N28" name="p73" srcActor="D0N2"/>
            <port dstActor="D0N30" name="p74" srcActor="D0N2"/>
            <port dstActor="D0N43" name="p75" srcActor="D0N2"/>
            <port dstActor="D0N10" name="p76" srcActor="D0N2"/>
            <port dstActor="D0N44" name="p77" srcActor="D0N23"/>
            <port dstActor="D0N34" name="p78" srcActor="D0N21"/>
            <port dstActor="D0N32" name="p79" srcActor="D0N21"/>
            <port dstActor="D0N25" name="p80" srcActor="D0N14"/>
            <port dstActor="D0N21" name="p81" srcActor="D0N14"/>
            <port dstActor="D0N42" name="p82" srcActor="D0N14"/>
            <port dstActor="D0N24" name="p83" srcActor="D0N11"/>
            <port dstActor="D0N46" name="p84" srcActor="D0N11"/>
            <port dstActor="D0N39" name="p85" srcActor="D0N36"/>
            <port dstActor="D0N34" name="p86" srcActor="D0N32"/>
            <port dstActor="D0N42" name="p87" srcActor="D0N20"/>
            <port dstActor="D0N39" name="p88" srcActor="D0N20"/>
            <port dstActor="D0N44" name="p89" srcActor="D0N20"/>
            <port dstActor="D0N36" name="p90" srcActor="D0N34"/>
        </ports>
    </mcdag>
    <cores number="3"/>
    <levels number="2"/>
</mcsystem>
