<?xml version="1.0" encoding="UTF-8" standalone="no"?>
<mcsystem>
    <mcdag deadline="2500" name="genned-0-ed-10.0-0">
        <actor name="D0N42">
            <wcet number="0">80</wcet>
            <wcet number="1">120</wcet>
            <maxpow number="0.8831936620548237"/>
            <maxpow number="0.8831936620548237"/>
            <fprob>0.0</fprob>
        </actor>
        <actor name="D0N0">
            <wcet number="0">50</wcet>
            <wcet number="1">60</wcet>
            <maxpow number="0.7205362368781713"/>
            <maxpow number="0.7205362368781713"/>
            <fprob>0.0</fprob>
        </actor>
        <actor name="D0N31">
            <wcet number="0">10</wcet>
            <wcet number="1">60</wcet>
            <maxpow number="0.5963511667349429"/>
            <maxpow number="0.5963511667349429"/>
            <fprob>0.0</fprob>
        </actor>
        <actor name="D0N47">
            <wcet number="0">50</wcet>
            <wcet number="1">100</wcet>
            <maxpow number="0.37545880507644747"/>
            <maxpow number="0.37545880507644747"/>
            <fprob>0.0</fprob>
        </actor>
        <actor name="D0N14">
            <wcet number="0">60</wcet>
            <wcet number="1">180</wcet>
            <maxpow number="0.5743942446098317"/>
            <maxpow number="0.5743942446098317"/>
            <fprob>0.0</fprob>
        </actor>
        <actor name="D0N11">
            <wcet number="0">170</wcet>
            <wcet number="1">180</wcet>
            <maxpow number="0.32073576058429887"/>
            <maxpow number="0.32073576058429887"/>
            <fprob>0.0</fprob>
        </actor>
        <actor name="D0N2">
            <wcet number="0">120</wcet>
            <wcet number="1">140</wcet>
            <maxpow number="0.6894069351646968"/>
            <maxpow number="0.6894069351646968"/>
            <fprob>0.0</fprob>
        </actor>
        <actor name="D0N12">
            <wcet number="0">50</wcet>
            <wcet number="1">50</wcet>
            <maxpow number="0.5154413581841643"/>
            <maxpow number="0.5154413581841643"/>
            <fprob>0.0</fprob>
        </actor>
        <actor name="D0N4">
            <wcet number="0">10</wcet>
            <wcet number="1">10</wcet>
            <maxpow number="0.7508886401109042"/>
            <maxpow number="0.7508886401109042"/>
            <fprob>0.0</fprob>
        </actor>
        <actor name="D0N37">
            <wcet number="0">90</wcet>
            <wcet number="1">140</wcet>
            <maxpow number="0.3633228012969346"/>
            <maxpow number="0.3633228012969346"/>
            <fprob>0.0</fprob>
        </actor>
        <actor name="D0N49">
            <wcet number="0">140</wcet>
            <wcet number="1">170</wcet>
            <maxpow number="0.5473475235392803"/>
            <maxpow number="0.5473475235392803"/>
            <fprob>0.0</fprob>
        </actor>
        <actor name="D0N16">
            <wcet number="0">30</wcet>
            <wcet number="1">30</wcet>
            <maxpow number="0.6863737548114893"/>
            <maxpow number="0.6863737548114893"/>
            <fprob>0.0</fprob>
        </actor>
        <actor name="D0N3">
            <wcet number="0">140</wcet>
            <wcet number="1">150</wcet>
            <maxpow number="0.5048891419310829"/>
            <maxpow number="0.5048891419310829"/>
            <fprob>0.0</fprob>
        </actor>
        <actor name="D0N10">
            <wcet number="0">100</wcet>
            <wcet number="1">100</wcet>
            <maxpow number="0.35237509737292017"/>
            <maxpow number="0.35237509737292017"/>
            <fprob>0.0</fprob>
        </actor>
        <actor name="D0N19">
            <wcet number="0">20</wcet>
            <wcet number="1">20</wcet>
            <maxpow number="0.5465666884142428"/>
            <maxpow number="0.5465666884142428"/>
            <fprob>0.0</fprob>
        </actor>
        <actor name="D0N43">
            <wcet number="0">10</wcet>
            <wcet number="1">10</wcet>
            <maxpow number="0.6994447712869816"/>
            <maxpow number="0.6994447712869816"/>
            <fprob>0.0</fprob>
        </actor>
        <actor name="D0N20">
            <wcet number="0">20</wcet>
            <wcet number="1">100</wcet>
            <maxpow number="0.4034407311370133"/>
            <maxpow number="0.4034407311370133"/>
            <fprob>0.0</fprob>
        </actor>
        <actor name="D0N8">
            <wcet number="0">50</wcet>
            <wcet number="1">100</wcet>
            <maxpow number="0.9293578853165538"/>
            <maxpow number="0.9293578853165538"/>
            <fprob>0.0</fprob>
        </actor>
        <actor name="D0N33">
            <wcet number="0">40</wcet>
            <wcet number="1">100</wcet>
            <maxpow number="0.31406521196006676"/>
            <maxpow number="0.31406521196006676"/>
            <fprob>0.0</fprob>
        </actor>
        <actor name="D0N34">
            <wcet number="0">10</wcet>
            <wcet number="1">10</wcet>
            <maxpow number="0.32394508730271643"/>
            <maxpow number="0.32394508730271643"/>
            <fprob>0.0</fprob>
        </actor>
        <actor name="D0N18">
            <wcet number="0">20</wcet>
            <wcet number="1">50</wcet>
            <maxpow number="0.8732966119723916"/>
            <maxpow number="0.8732966119723916"/>
            <fprob>0.0</fprob>
        </actor>
        <actor name="D0N9">
            <wcet number="0">10</wcet>
            <wcet number="1">20</wcet>
            <maxpow number="0.42771043645114504"/>
            <maxpow number="0.42771043645114504"/>
            <fprob>0.0</fprob>
        </actor>
        <actor name="D0N24">
            <wcet number="0">20</wcet>
            <wcet number="1">50</wcet>
            <maxpow number="0.4946883216584775"/>
            <maxpow number="0.4946883216584775"/>
            <fprob>0.0</fprob>
        </actor>
        <actor name="D0N7">
            <wcet number="0">200</wcet>
            <wcet number="1">240</wcet>
            <maxpow number="0.8282481108157087"/>
            <maxpow number="0.8282481108157087"/>
            <fprob>0.0</fprob>
        </actor>
        <actor name="D0N48">
            <wcet number="0">60</wcet>
            <wcet number="1">130</wcet>
            <maxpow number="0.5890861339833012"/>
            <maxpow number="0.5890861339833012"/>
            <fprob>0.0</fprob>
        </actor>
        <actor name="D0N35">
            <wcet number="0">20</wcet>
            <wcet number="1">60</wcet>
            <maxpow number="0.7609552273236544"/>
            <maxpow number="0.7609552273236544"/>
            <fprob>0.0</fprob>
        </actor>
        <actor name="D0N45">
            <wcet number="0">110</wcet>
            <wcet number="1">300</wcet>
            <maxpow number="0.4049827227233886"/>
            <maxpow number="0.4049827227233886"/>
            <fprob>0.0</fprob>
        </actor>
        <actor name="D0N46">
            <wcet number="0">150</wcet>
            <wcet number="1">460</wcet>
            <maxpow number="0.765276797465074"/>
            <maxpow number="0.765276797465074"/>
            <fprob>0.0</fprob>
        </actor>
        <actor name="D0N39">
            <wcet number="0">60</wcet>
            <wcet number="1">70</wcet>
            <maxpow number="0.7406165629547393"/>
            <maxpow number="0.7406165629547393"/>
            <fprob>0.0</fprob>
        </actor>
        <actor name="D0N26">
            <wcet number="0">190</wcet>
            <wcet number="1">220</wcet>
            <maxpow number="0.44871606743424786"/>
            <maxpow number="0.44871606743424786"/>
            <fprob>0.0</fprob>
        </actor>
        <actor name="D0N23">
            <wcet number="0">80</wcet>
            <wcet number="1">80</wcet>
            <maxpow number="0.4226524174271891"/>
            <maxpow number="0.4226524174271891"/>
            <fprob>0.0</fprob>
        </actor>
        <actor name="D0N29">
            <wcet number="0">20</wcet>
            <wcet number="1">60</wcet>
            <maxpow number="0.5374604391554373"/>
            <maxpow number="0.5374604391554373"/>
            <fprob>0.0</fprob>
        </actor>
        <actor name="D0N22">
            <wcet number="0">20</wcet>
            <wcet number="1">60</wcet>
            <maxpow number="0.5756253857699067"/>
            <maxpow number="0.5756253857699067"/>
            <fprob>0.0</fprob>
        </actor>
        <actor name="D0N30">
            <wcet number="0">60</wcet>
            <wcet number="1">60</wcet>
            <maxpow number="0.31844589313760396"/>
            <maxpow number="0.31844589313760396"/>
            <fprob>0.0</fprob>
        </actor>
        <actor name="D0N1">
            <wcet number="0">80</wcet>
            <wcet number="1">220</wcet>
            <maxpow number="0.597200144199582"/>
            <maxpow number="0.597200144199582"/>
            <fprob>0.0</fprob>
        </actor>
        <actor name="D0N27">
            <wcet number="0">30</wcet>
            <wcet number="1">40</wcet>
            <maxpow number="0.2490377999505149"/>
            <maxpow number="0.2490377999505149"/>
            <fprob>0.0</fprob>
        </actor>
        <actor name="D0N41">
            <wcet number="0">30</wcet>
            <wcet number="1">50</wcet>
            <maxpow number="0.841470188891726"/>
            <maxpow number="0.841470188891726"/>
            <fprob>0.0</fprob>
        </actor>
        <actor name="D0N21">
            <wcet number="0">90</wcet>
            <wcet number="1">170</wcet>
            <maxpow number="0.5169812965505033"/>
            <maxpow number="0.5169812965505033"/>
            <fprob>0.0</fprob>
        </actor>
        <actor name="D0N44">
            <wcet number="0">10</wcet>
            <wcet number="1">60</wcet>
            <maxpow number="0.6570995005420674"/>
            <maxpow number="0.6570995005420674"/>
            <fprob>0.0</fprob>
        </actor>
        <actor name="D0N36">
            <wcet number="0">10</wcet>
            <wcet number="1">20</wcet>
            <maxpow number="0.7376670951707984"/>
            <maxpow number="0.7376670951707984"/>
            <fprob>0.0</fprob>
        </actor>
        <actor name="D0N25">
            <wcet number="0">170</wcet>
            <wcet number="1">240</wcet>
            <maxpow number="0.3515573156657963"/>
            <maxpow number="0.3515573156657963"/>
            <fprob>0.0</fprob>
        </actor>
        <actor name="D0N17">
            <wcet number="0">70</wcet>
            <wcet number="1">70</wcet>
            <maxpow number="0.5295986918270262"/>
            <maxpow number="0.5295986918270262"/>
            <fprob>0.0</fprob>
        </actor>
        <actor name="D0N15">
            <wcet number="0">40</wcet>
            <wcet number="1">40</wcet>
            <maxpow number="0.611717649070996"/>
            <maxpow number="0.611717649070996"/>
            <fprob>0.0</fprob>
        </actor>
        <actor name="D0N40">
            <wcet number="0">250</wcet>
            <wcet number="1">540</wcet>
            <maxpow number="0.611472347392539"/>
            <maxpow number="0.611472347392539"/>
            <fprob>0.0</fprob>
        </actor>
        <actor name="D0N13">
            <wcet number="0">20</wcet>
            <wcet number="1">70</wcet>
            <maxpow number="0.5193361130205643"/>
            <maxpow number="0.5193361130205643"/>
            <fprob>0.0</fprob>
        </actor>
        <actor name="D0N5">
            <wcet number="0">50</wcet>
            <wcet number="1">50</wcet>
            <maxpow number="0.6095931209269879"/>
            <maxpow number="0.6095931209269879"/>
            <fprob>0.0</fprob>
        </actor>
        <actor name="D0N38">
            <wcet number="0">10</wcet>
            <wcet number="1">60</wcet>
            <maxpow number="0.5818353633577109"/>
            <maxpow number="0.5818353633577109"/>
            <fprob>0.0</fprob>
        </actor>
        <actor name="D0N28">
            <wcet number="0">30</wcet>
            <wcet number="1">30</wcet>
            <maxpow number="0.5312847908607846"/>
            <maxpow number="0.5312847908607846"/>
            <fprob>0.0</fprob>
        </actor>
        <actor name="D0N32">
            <wcet number="0">50</wcet>
            <wcet number="1">60</wcet>
            <maxpow number="0.5894455867866881"/>
            <maxpow number="0.5894455867866881"/>
            <fprob>0.0</fprob>
        </actor>
        <actor name="D0N6">
            <wcet number="0">90</wcet>
            <wcet number="1">90</wcet>
            <maxpow number="0.3629730434550017"/>
            <maxpow number="0.3629730434550017"/>
            <fprob>0.0</fprob>
        </actor>
        <ports>
            <port dstActor="D0N47" name="p0" srcActor="D0N42"/>
            <port dstActor="D0N48" name="p1" srcActor="D0N42"/>
            <port dstActor="D0N46" name="p2" srcActor="D0N42"/>
            <port dstActor="D0N3" name="p3" srcActor="D0N0"/>
            <port dstActor="D0N23" name="p4" srcActor="D0N0"/>
            <port dstActor="D0N19" name="p5" srcActor="D0N0"/>
            <port dstActor="D0N42" name="p6" srcActor="D0N0"/>
            <port dstActor="D0N49" name="p7" srcActor="D0N31"/>
            <port dstActor="D0N45" name="p8" srcActor="D0N14"/>
            <port dstActor="D0N19" name="p9" srcActor="D0N14"/>
            <port dstActor="D0N49" name="p10" srcActor="D0N14"/>
            <port dstActor="D0N44" name="p11" srcActor="D0N14"/>
            <port dstActor="D0N36" name="p12" srcActor="D0N14"/>
            <port dstActor="D0N42" name="p13" srcActor="D0N11"/>
            <port dstActor="D0N34" name="p14" srcActor="D0N11"/>
            <port dstActor="D0N39" name="p15" srcActor="D0N11"/>
            <port dstActor="D0N16" name="p16" srcActor="D0N11"/>
            <port dstActor="D0N43" name="p17" srcActor="D0N11"/>
            <port dstActor="D0N27" name="p18" srcActor="D0N11"/>
            <port dstActor="D0N44" name="p19" srcActor="D0N2"/>
            <port dstActor="D0N14" name="p20" srcActor="D0N2"/>
            <port dstActor="D0N48" name="p21" srcActor="D0N2"/>
            <port dstActor="D0N9" name="p22" srcActor="D0N2"/>
            <port dstActor="D0N42" name="p23" srcActor="D0N2"/>
            <port dstActor="D0N5" name="p24" srcActor="D0N2"/>
            <port dstActor="D0N23" name="p25" srcActor="D0N12"/>
            <port dstActor="D0N38" name="p26" srcActor="D0N12"/>
            <port dstActor="D0N37" name="p27" srcActor="D0N12"/>
            <port dstActor="D0N44" name="p28" srcActor="D0N4"/>
            <port dstActor="D0N45" name="p29" srcActor="D0N4"/>
            <port dstActor="D0N47" name="p30" srcActor="D0N4"/>
            <port dstActor="D0N13" name="p31" srcActor="D0N4"/>
            <port dstActor="D0N27" name="p32" srcActor="D0N4"/>
            <port dstActor="D0N44" name="p33" srcActor="D0N37"/>
            <port dstActor="D0N45" name="p34" srcActor="D0N16"/>
            <port dstActor="D0N22" name="p35" srcActor="D0N3"/>
            <port dstActor="D0N37" name="p36" srcActor="D0N3"/>
            <port dstActor="D0N48" name="p37" srcActor="D0N3"/>
            <port dstActor="D0N23" name="p38" srcActor="D0N10"/>
            <port dstActor="D0N11" name="p39" srcActor="D0N10"/>
            <port dstActor="D0N16" name="p40" srcActor="D0N10"/>
            <port dstActor="D0N41" name="p41" srcActor="D0N10"/>
            <port dstActor="D0N28" name="p42" srcActor="D0N10"/>
            <port dstActor="D0N27" name="p43" srcActor="D0N19"/>
            <port dstActor="D0N48" name="p44" srcActor="D0N20"/>
            <port dstActor="D0N42" name="p45" srcActor="D0N20"/>
            <port dstActor="D0N33" name="p46" srcActor="D0N20"/>
            <port dstActor="D0N40" name="p47" srcActor="D0N20"/>
            <port dstActor="D0N45" name="p48" srcActor="D0N20"/>
            <port dstActor="D0N12" name="p49" srcActor="D0N8"/>
            <port dstActor="D0N45" name="p50" srcActor="D0N8"/>
            <port dstActor="D0N22" name="p51" srcActor="D0N8"/>
            <port dstActor="D0N10" name="p52" srcActor="D0N8"/>
            <port dstActor="D0N35" name="p53" srcActor="D0N33"/>
            <port dstActor="D0N44" name="p54" srcActor="D0N33"/>
            <port dstActor="D0N38" name="p55" srcActor="D0N33"/>
            <port dstActor="D0N46" name="p56" srcActor="D0N34"/>
            <port dstActor="D0N35" name="p57" srcActor="D0N34"/>
            <port dstActor="D0N21" name="p58" srcActor="D0N18"/>
            <port dstActor="D0N42" name="p59" srcActor="D0N18"/>
            <port dstActor="D0N20" name="p60" srcActor="D0N18"/>
            <port dstActor="D0N32" name="p61" srcActor="D0N18"/>
            <port dstActor="D0N30" name="p62" srcActor="D0N18"/>
            <port dstActor="D0N23" name="p63" srcActor="D0N18"/>
            <port dstActor="D0N23" name="p64" srcActor="D0N9"/>
            <port dstActor="D0N38" name="p65" srcActor="D0N9"/>
            <port dstActor="D0N27" name="p66" srcActor="D0N9"/>
            <port dstActor="D0N40" name="p67" srcActor="D0N24"/>
            <port dstActor="D0N49" name="p68" srcActor="D0N24"/>
            <port dstActor="D0N36" name="p69" srcActor="D0N7"/>
            <port dstActor="D0N41" name="p70" srcActor="D0N7"/>
            <port dstActor="D0N23" name="p71" srcActor="D0N7"/>
            <port dstActor="D0N26" name="p72" srcActor="D0N7"/>
            <port dstActor="D0N39" name="p73" srcActor="D0N7"/>
            <port dstActor="D0N49" name="p74" srcActor="D0N35"/>
            <port dstActor="D0N42" name="p75" srcActor="D0N26"/>
            <port dstActor="D0N33" name="p76" srcActor="D0N26"/>
            <port dstActor="D0N45" name="p77" srcActor="D0N26"/>
            <port dstActor="D0N39" name="p78" srcActor="D0N23"/>
            <port dstActor="D0N42" name="p79" srcActor="D0N23"/>
            <port dstActor="D0N48" name="p80" srcActor="D0N23"/>
            <port dstActor="D0N40" name="p81" srcActor="D0N23"/>
            <port dstActor="D0N30" name="p82" srcActor="D0N23"/>
            <port dstActor="D0N34" name="p83" srcActor="D0N22"/>
            <port dstActor="D0N32" name="p84" srcActor="D0N30"/>
            <port dstActor="D0N14" name="p85" srcActor="D0N1"/>
            <port dstActor="D0N39" name="p86" srcActor="D0N1"/>
            <port dstActor="D0N2" name="p87" srcActor="D0N1"/>
            <port dstActor="D0N23" name="p88" srcActor="D0N1"/>
            <port dstActor="D0N46" name="p89" srcActor="D0N1"/>
            <port dstActor="D0N39" name="p90" srcActor="D0N27"/>
            <port dstActor="D0N28" name="p91" srcActor="D0N27"/>
            <port dstActor="D0N43" name="p92" srcActor="D0N41"/>
            <port dstActor="D0N46" name="p93" srcActor="D0N41"/>
            <port dstActor="D0N24" name="p94" srcActor="D0N21"/>
            <port dstActor="D0N44" name="p95" srcActor="D0N21"/>
            <port dstActor="D0N31" name="p96" srcActor="D0N21"/>
            <port dstActor="D0N36" name="p97" srcActor="D0N25"/>
            <port dstActor="D0N26" name="p98" srcActor="D0N25"/>
            <port dstActor="D0N33" name="p99" srcActor="D0N25"/>
            <port dstActor="D0N39" name="p100" srcActor="D0N25"/>
            <port dstActor="D0N35" name="p101" srcActor="D0N17"/>
            <port dstActor="D0N37" name="p102" srcActor="D0N17"/>
            <port dstActor="D0N47" name="p103" srcActor="D0N17"/>
            <port dstActor="D0N46" name="p104" srcActor="D0N17"/>
            <port dstActor="D0N22" name="p105" srcActor="D0N17"/>
            <port dstActor="D0N36" name="p106" srcActor="D0N17"/>
            <port dstActor="D0N20" name="p107" srcActor="D0N15"/>
            <port dstActor="D0N40" name="p108" srcActor="D0N15"/>
            <port dstActor="D0N33" name="p109" srcActor="D0N15"/>
            <port dstActor="D0N34" name="p110" srcActor="D0N15"/>
            <port dstActor="D0N42" name="p111" srcActor="D0N40"/>
            <port dstActor="D0N22" name="p112" srcActor="D0N13"/>
            <port dstActor="D0N16" name="p113" srcActor="D0N13"/>
            <port dstActor="D0N45" name="p114" srcActor="D0N13"/>
            <port dstActor="D0N29" name="p115" srcActor="D0N13"/>
            <port dstActor="D0N49" name="p116" srcActor="D0N13"/>
            <port dstActor="D0N44" name="p117" srcActor="D0N13"/>
            <port dstActor="D0N46" name="p118" srcActor="D0N5"/>
            <port dstActor="D0N28" name="p119" srcActor="D0N5"/>
            <port dstActor="D0N32" name="p120" srcActor="D0N5"/>
            <port dstActor="D0N7" name="p121" srcActor="D0N5"/>
            <port dstActor="D0N18" name="p122" srcActor="D0N5"/>
            <port dstActor="D0N14" name="p123" srcActor="D0N5"/>
            <port dstActor="D0N47" name="p124" srcActor="D0N38"/>
            <port dstActor="D0N40" name="p125" srcActor="D0N28"/>
            <port dstActor="D0N36" name="p126" srcActor="D0N28"/>
            <port dstActor="D0N33" name="p127" srcActor="D0N6"/>
            <port dstActor="D0N7" name="p128" srcActor="D0N6"/>
            <port dstActor="D0N29" name="p129" srcActor="D0N6"/>
        </ports>
    </mcdag>
    <cores number="3"/>
    <levels number="2"/>
</mcsystem>
