<?xml version="1.0" encoding="UTF-8" standalone="no"?>
<mcsystem>
    <mcdag deadline="1800" name="genned-0-ed-10.0-0">
        <actor name="D0N3">
            <wcet number="0">10</wcet>
            <wcet number="1">70</wcet>
            <maxpow number="0.6369723331422498"/>
            <maxpow number="0.6369723331422498"/>
            <fprob>0.0</fprob>
        </actor>
        <actor name="D0N8">
            <wcet number="0">20</wcet>
            <wcet number="1">40</wcet>
            <maxpow number="0.3933263719016547"/>
            <maxpow number="0.3933263719016547"/>
            <fprob>0.0</fprob>
        </actor>
        <actor name="D0N13">
            <wcet number="0">10</wcet>
            <wcet number="1">10</wcet>
            <maxpow number="0.6819819597921091"/>
            <maxpow number="0.6819819597921091"/>
            <fprob>0.0</fprob>
        </actor>
        <actor name="D0N29">
            <wcet number="0">30</wcet>
            <wcet number="1">80</wcet>
            <maxpow number="0.3014228121574428"/>
            <maxpow number="0.3014228121574428"/>
            <fprob>0.0</fprob>
        </actor>
        <actor name="D0N1">
            <wcet number="0">80</wcet>
            <wcet number="1">80</wcet>
            <maxpow number="0.3836169344554461"/>
            <maxpow number="0.3836169344554461"/>
            <fprob>0.0</fprob>
        </actor>
        <actor name="D0N15">
            <wcet number="0">90</wcet>
            <wcet number="1">170</wcet>
            <maxpow number="0.4395836536416396"/>
            <maxpow number="0.4395836536416396"/>
            <fprob>0.0</fprob>
        </actor>
        <actor name="D0N41">
            <wcet number="0">10</wcet>
            <wcet number="1">90</wcet>
            <maxpow number="0.5042103836695102"/>
            <maxpow number="0.5042103836695102"/>
            <fprob>0.0</fprob>
        </actor>
        <actor name="D0N14">
            <wcet number="0">70</wcet>
            <wcet number="1">90</wcet>
            <maxpow number="0.28741663492137454"/>
            <maxpow number="0.28741663492137454"/>
            <fprob>0.0</fprob>
        </actor>
        <actor name="D0N44">
            <wcet number="0">40</wcet>
            <wcet number="1">70</wcet>
            <maxpow number="0.6575980168771544"/>
            <maxpow number="0.6575980168771544"/>
            <fprob>0.0</fprob>
        </actor>
        <actor name="D0N5">
            <wcet number="0">70</wcet>
            <wcet number="1">140</wcet>
            <maxpow number="0.4222665663017557"/>
            <maxpow number="0.4222665663017557"/>
            <fprob>0.0</fprob>
        </actor>
        <actor name="D0N12">
            <wcet number="0">20</wcet>
            <wcet number="1">40</wcet>
            <maxpow number="0.7712846454233636"/>
            <maxpow number="0.7712846454233636"/>
            <fprob>0.0</fprob>
        </actor>
        <actor name="D0N40">
            <wcet number="0">10</wcet>
            <wcet number="1">50</wcet>
            <maxpow number="0.37025729229703297"/>
            <maxpow number="0.37025729229703297"/>
            <fprob>0.0</fprob>
        </actor>
        <actor name="D0N23">
            <wcet number="0">30</wcet>
            <wcet number="1">40</wcet>
            <maxpow number="0.4406723002380306"/>
            <maxpow number="0.4406723002380306"/>
            <fprob>0.0</fprob>
        </actor>
        <actor name="D0N48">
            <wcet number="0">30</wcet>
            <wcet number="1">40</wcet>
            <maxpow number="0.5685621968360346"/>
            <maxpow number="0.5685621968360346"/>
            <fprob>0.0</fprob>
        </actor>
        <actor name="D0N7">
            <wcet number="0">90</wcet>
            <wcet number="1">90</wcet>
            <maxpow number="0.49942968425777273"/>
            <maxpow number="0.49942968425777273"/>
            <fprob>0.0</fprob>
        </actor>
        <actor name="D0N27">
            <wcet number="0">10</wcet>
            <wcet number="1">20</wcet>
            <maxpow number="0.4949063783683618"/>
            <maxpow number="0.4949063783683618"/>
            <fprob>0.0</fprob>
        </actor>
        <actor name="D0N32">
            <wcet number="0">50</wcet>
            <wcet number="1">60</wcet>
            <maxpow number="0.48112962425531025"/>
            <maxpow number="0.48112962425531025"/>
            <fprob>0.0</fprob>
        </actor>
        <actor name="D0N39">
            <wcet number="0">230</wcet>
            <wcet number="1">290</wcet>
            <maxpow number="0.2302398728451624"/>
            <maxpow number="0.2302398728451624"/>
            <fprob>0.0</fprob>
        </actor>
        <actor name="D0N20">
            <wcet number="0">30</wcet>
            <wcet number="1">30</wcet>
            <maxpow number="0.48930539210898133"/>
            <maxpow number="0.48930539210898133"/>
            <fprob>0.0</fprob>
        </actor>
        <actor name="D0N36">
            <wcet number="0">70</wcet>
            <wcet number="1">80</wcet>
            <maxpow number="0.8385504500637908"/>
            <maxpow number="0.8385504500637908"/>
            <fprob>0.0</fprob>
        </actor>
        <actor name="D0N10">
            <wcet number="0">10</wcet>
            <wcet number="1">50</wcet>
            <maxpow number="0.5561411427351697"/>
            <maxpow number="0.5561411427351697"/>
            <fprob>0.0</fprob>
        </actor>
        <actor name="D0N25">
            <wcet number="0">30</wcet>
            <wcet number="1">100</wcet>
            <maxpow number="0.6885528048777526"/>
            <maxpow number="0.6885528048777526"/>
            <fprob>0.0</fprob>
        </actor>
        <actor name="D0N47">
            <wcet number="0">110</wcet>
            <wcet number="1">140</wcet>
            <maxpow number="0.06826250477653845"/>
            <maxpow number="0.06826250477653845"/>
            <fprob>0.0</fprob>
        </actor>
        <actor name="D0N4">
            <wcet number="0">10</wcet>
            <wcet number="1">10</wcet>
            <maxpow number="0.4360928971342636"/>
            <maxpow number="0.4360928971342636"/>
            <fprob>0.0</fprob>
        </actor>
        <actor name="D0N26">
            <wcet number="0">40</wcet>
            <wcet number="1">70</wcet>
            <maxpow number="0.49399595447613265"/>
            <maxpow number="0.49399595447613265"/>
            <fprob>0.0</fprob>
        </actor>
        <actor name="D0N37">
            <wcet number="0">60</wcet>
            <wcet number="1">220</wcet>
            <maxpow number="0.3308181629560692"/>
            <maxpow number="0.3308181629560692"/>
            <fprob>0.0</fprob>
        </actor>
        <actor name="D0N9">
            <wcet number="0">10</wcet>
            <wcet number="1">30</wcet>
            <maxpow number="0.6836756847465489"/>
            <maxpow number="0.6836756847465489"/>
            <fprob>0.0</fprob>
        </actor>
        <actor name="D0N11">
            <wcet number="0">40</wcet>
            <wcet number="1">50</wcet>
            <maxpow number="0.3280472312906246"/>
            <maxpow number="0.3280472312906246"/>
            <fprob>0.0</fprob>
        </actor>
        <actor name="D0N30">
            <wcet number="0">10</wcet>
            <wcet number="1">10</wcet>
            <maxpow number="0.6077139751147314"/>
            <maxpow number="0.6077139751147314"/>
            <fprob>0.0</fprob>
        </actor>
        <actor name="D0N46">
            <wcet number="0">10</wcet>
            <wcet number="1">10</wcet>
            <maxpow number="0.5875648917545556"/>
            <maxpow number="0.5875648917545556"/>
            <fprob>0.0</fprob>
        </actor>
        <actor name="D0N22">
            <wcet number="0">10</wcet>
            <wcet number="1">100</wcet>
            <maxpow number="0.2912566423703684"/>
            <maxpow number="0.2912566423703684"/>
            <fprob>0.0</fprob>
        </actor>
        <actor name="D0N28">
            <wcet number="0">270</wcet>
            <wcet number="1">350</wcet>
            <maxpow number="0.5561828150909575"/>
            <maxpow number="0.5561828150909575"/>
            <fprob>0.0</fprob>
        </actor>
        <actor name="D0N19">
            <wcet number="0">10</wcet>
            <wcet number="1">40</wcet>
            <maxpow number="0.08015130996564945"/>
            <maxpow number="0.08015130996564945"/>
            <fprob>0.0</fprob>
        </actor>
        <actor name="D0N38">
            <wcet number="0">30</wcet>
            <wcet number="1">80</wcet>
            <maxpow number="0.6292279415385084"/>
            <maxpow number="0.6292279415385084"/>
            <fprob>0.0</fprob>
        </actor>
        <actor name="D0N35">
            <wcet number="0">10</wcet>
            <wcet number="1">10</wcet>
            <maxpow number="0.5119001116480872"/>
            <maxpow number="0.5119001116480872"/>
            <fprob>0.0</fprob>
        </actor>
        <actor name="D0N6">
            <wcet number="0">100</wcet>
            <wcet number="1">130</wcet>
            <maxpow number="0.5221333733607133"/>
            <maxpow number="0.5221333733607133"/>
            <fprob>0.0</fprob>
        </actor>
        <actor name="D0N21">
            <wcet number="0">10</wcet>
            <wcet number="1">30</wcet>
            <maxpow number="0.5127698454659977"/>
            <maxpow number="0.5127698454659977"/>
            <fprob>0.0</fprob>
        </actor>
        <actor name="D0N34">
            <wcet number="0">20</wcet>
            <wcet number="1">50</wcet>
            <maxpow number="0.7027669691587439"/>
            <maxpow number="0.7027669691587439"/>
            <fprob>0.0</fprob>
        </actor>
        <actor name="D0N43">
            <wcet number="0">70</wcet>
            <wcet number="1">80</wcet>
            <maxpow number="0.9580031157810025"/>
            <maxpow number="0.9580031157810025"/>
            <fprob>0.0</fprob>
        </actor>
        <actor name="D0N0">
            <wcet number="0">20</wcet>
            <wcet number="1">30</wcet>
            <maxpow number="0.42287613420143544"/>
            <maxpow number="0.42287613420143544"/>
            <fprob>0.0</fprob>
        </actor>
        <actor name="D0N33">
            <wcet number="0">60</wcet>
            <wcet number="1">80</wcet>
            <maxpow number="0.5600118600748568"/>
            <maxpow number="0.5600118600748568"/>
            <fprob>0.0</fprob>
        </actor>
        <actor name="D0N24">
            <wcet number="0">80</wcet>
            <wcet number="1">270</wcet>
            <maxpow number="0.6879410179128619"/>
            <maxpow number="0.6879410179128619"/>
            <fprob>0.0</fprob>
        </actor>
        <actor name="D0N45">
            <wcet number="0">270</wcet>
            <wcet number="1">290</wcet>
            <maxpow number="0.5681997910441444"/>
            <maxpow number="0.5681997910441444"/>
            <fprob>0.0</fprob>
        </actor>
        <actor name="D0N42">
            <wcet number="0">30</wcet>
            <wcet number="1">40</wcet>
            <maxpow number="0.5874006778561451"/>
            <maxpow number="0.5874006778561451"/>
            <fprob>0.0</fprob>
        </actor>
        <actor name="D0N17">
            <wcet number="0">230</wcet>
            <wcet number="1">270</wcet>
            <maxpow number="0.6523124061968562"/>
            <maxpow number="0.6523124061968562"/>
            <fprob>0.0</fprob>
        </actor>
        <actor name="D0N18">
            <wcet number="0">60</wcet>
            <wcet number="1">120</wcet>
            <maxpow number="0.3681146328161104"/>
            <maxpow number="0.3681146328161104"/>
            <fprob>0.0</fprob>
        </actor>
        <actor name="D0N2">
            <wcet number="0">30</wcet>
            <wcet number="1">170</wcet>
            <maxpow number="0.2880796104243614"/>
            <maxpow number="0.2880796104243614"/>
            <fprob>0.0</fprob>
        </actor>
        <actor name="D0N16">
            <wcet number="0">20</wcet>
            <wcet number="1">50</wcet>
            <maxpow number="0.5297153856513798"/>
            <maxpow number="0.5297153856513798"/>
            <fprob>0.0</fprob>
        </actor>
        <actor name="D0N31">
            <wcet number="0">30</wcet>
            <wcet number="1">40</wcet>
            <maxpow number="0.47041267314508256"/>
            <maxpow number="0.47041267314508256"/>
            <fprob>0.0</fprob>
        </actor>
        <ports>
            <port dstActor="D0N25" name="p0" srcActor="D0N3"/>
            <port dstActor="D0N32" name="p1" srcActor="D0N3"/>
            <port dstActor="D0N45" name="p2" srcActor="D0N3"/>
            <port dstActor="D0N17" name="p3" srcActor="D0N3"/>
            <port dstActor="D0N33" name="p4" srcActor="D0N3"/>
            <port dstActor="D0N14" name="p5" srcActor="D0N3"/>
            <port dstActor="D0N21" name="p6" srcActor="D0N8"/>
            <port dstActor="D0N24" name="p7" srcActor="D0N8"/>
            <port dstActor="D0N43" name="p8" srcActor="D0N8"/>
            <port dstActor="D0N17" name="p9" srcActor="D0N13"/>
            <port dstActor="D0N22" name="p10" srcActor="D0N13"/>
            <port dstActor="D0N28" name="p11" srcActor="D0N13"/>
            <port dstActor="D0N34" name="p12" srcActor="D0N29"/>
            <port dstActor="D0N37" name="p13" srcActor="D0N29"/>
            <port dstActor="D0N42" name="p14" srcActor="D0N29"/>
            <port dstActor="D0N32" name="p15" srcActor="D0N1"/>
            <port dstActor="D0N43" name="p16" srcActor="D0N1"/>
            <port dstActor="D0N26" name="p17" srcActor="D0N1"/>
            <port dstActor="D0N15" name="p18" srcActor="D0N1"/>
            <port dstActor="D0N16" name="p19" srcActor="D0N1"/>
            <port dstActor="D0N44" name="p20" srcActor="D0N14"/>
            <port dstActor="D0N47" name="p21" srcActor="D0N44"/>
            <port dstActor="D0N9" name="p22" srcActor="D0N5"/>
            <port dstActor="D0N17" name="p23" srcActor="D0N5"/>
            <port dstActor="D0N24" name="p24" srcActor="D0N5"/>
            <port dstActor="D0N40" name="p25" srcActor="D0N12"/>
            <port dstActor="D0N20" name="p26" srcActor="D0N12"/>
            <port dstActor="D0N37" name="p27" srcActor="D0N12"/>
            <port dstActor="D0N42" name="p28" srcActor="D0N23"/>
            <port dstActor="D0N43" name="p29" srcActor="D0N23"/>
            <port dstActor="D0N32" name="p30" srcActor="D0N23"/>
            <port dstActor="D0N41" name="p31" srcActor="D0N7"/>
            <port dstActor="D0N37" name="p32" srcActor="D0N7"/>
            <port dstActor="D0N38" name="p33" srcActor="D0N7"/>
            <port dstActor="D0N33" name="p34" srcActor="D0N27"/>
            <port dstActor="D0N41" name="p35" srcActor="D0N32"/>
            <port dstActor="D0N44" name="p36" srcActor="D0N32"/>
            <port dstActor="D0N46" name="p37" srcActor="D0N32"/>
            <port dstActor="D0N48" name="p38" srcActor="D0N32"/>
            <port dstActor="D0N47" name="p39" srcActor="D0N39"/>
            <port dstActor="D0N41" name="p40" srcActor="D0N39"/>
            <port dstActor="D0N47" name="p41" srcActor="D0N36"/>
            <port dstActor="D0N48" name="p42" srcActor="D0N36"/>
            <port dstActor="D0N38" name="p43" srcActor="D0N36"/>
            <port dstActor="D0N26" name="p44" srcActor="D0N10"/>
            <port dstActor="D0N35" name="p45" srcActor="D0N10"/>
            <port dstActor="D0N32" name="p46" srcActor="D0N10"/>
            <port dstActor="D0N16" name="p47" srcActor="D0N10"/>
            <port dstActor="D0N40" name="p48" srcActor="D0N10"/>
            <port dstActor="D0N39" name="p49" srcActor="D0N10"/>
            <port dstActor="D0N46" name="p50" srcActor="D0N10"/>
            <port dstActor="D0N37" name="p51" srcActor="D0N25"/>
            <port dstActor="D0N36" name="p52" srcActor="D0N25"/>
            <port dstActor="D0N22" name="p53" srcActor="D0N4"/>
            <port dstActor="D0N44" name="p54" srcActor="D0N4"/>
            <port dstActor="D0N40" name="p55" srcActor="D0N26"/>
            <port dstActor="D0N16" name="p56" srcActor="D0N9"/>
            <port dstActor="D0N37" name="p57" srcActor="D0N9"/>
            <port dstActor="D0N14" name="p58" srcActor="D0N9"/>
            <port dstActor="D0N44" name="p59" srcActor="D0N9"/>
            <port dstActor="D0N39" name="p60" srcActor="D0N9"/>
            <port dstActor="D0N36" name="p61" srcActor="D0N9"/>
            <port dstActor="D0N22" name="p62" srcActor="D0N11"/>
            <port dstActor="D0N16" name="p63" srcActor="D0N11"/>
            <port dstActor="D0N47" name="p64" srcActor="D0N11"/>
            <port dstActor="D0N28" name="p65" srcActor="D0N11"/>
            <port dstActor="D0N30" name="p66" srcActor="D0N11"/>
            <port dstActor="D0N29" name="p67" srcActor="D0N11"/>
            <port dstActor="D0N45" name="p68" srcActor="D0N11"/>
            <port dstActor="D0N33" name="p69" srcActor="D0N30"/>
            <port dstActor="D0N40" name="p70" srcActor="D0N30"/>
            <port dstActor="D0N24" name="p71" srcActor="D0N22"/>
            <port dstActor="D0N39" name="p72" srcActor="D0N22"/>
            <port dstActor="D0N30" name="p73" srcActor="D0N22"/>
            <port dstActor="D0N33" name="p74" srcActor="D0N28"/>
            <port dstActor="D0N44" name="p75" srcActor="D0N28"/>
            <port dstActor="D0N38" name="p76" srcActor="D0N19"/>
            <port dstActor="D0N24" name="p77" srcActor="D0N19"/>
            <port dstActor="D0N43" name="p78" srcActor="D0N38"/>
            <port dstActor="D0N24" name="p79" srcActor="D0N6"/>
            <port dstActor="D0N16" name="p80" srcActor="D0N6"/>
            <port dstActor="D0N29" name="p81" srcActor="D0N6"/>
            <port dstActor="D0N38" name="p82" srcActor="D0N6"/>
            <port dstActor="D0N43" name="p83" srcActor="D0N6"/>
            <port dstActor="D0N26" name="p84" srcActor="D0N21"/>
            <port dstActor="D0N30" name="p85" srcActor="D0N21"/>
            <port dstActor="D0N25" name="p86" srcActor="D0N21"/>
            <port dstActor="D0N41" name="p87" srcActor="D0N34"/>
            <port dstActor="D0N44" name="p88" srcActor="D0N43"/>
            <port dstActor="D0N31" name="p89" srcActor="D0N0"/>
            <port dstActor="D0N32" name="p90" srcActor="D0N0"/>
            <port dstActor="D0N44" name="p91" srcActor="D0N0"/>
            <port dstActor="D0N5" name="p92" srcActor="D0N0"/>
            <port dstActor="D0N37" name="p93" srcActor="D0N0"/>
            <port dstActor="D0N40" name="p94" srcActor="D0N33"/>
            <port dstActor="D0N27" name="p95" srcActor="D0N24"/>
            <port dstActor="D0N43" name="p96" srcActor="D0N24"/>
            <port dstActor="D0N25" name="p97" srcActor="D0N24"/>
            <port dstActor="D0N46" name="p98" srcActor="D0N42"/>
            <port dstActor="D0N19" name="p99" srcActor="D0N17"/>
            <port dstActor="D0N46" name="p100" srcActor="D0N17"/>
            <port dstActor="D0N31" name="p101" srcActor="D0N18"/>
            <port dstActor="D0N48" name="p102" srcActor="D0N18"/>
            <port dstActor="D0N42" name="p103" srcActor="D0N18"/>
            <port dstActor="D0N19" name="p104" srcActor="D0N18"/>
            <port dstActor="D0N25" name="p105" srcActor="D0N2"/>
            <port dstActor="D0N13" name="p106" srcActor="D0N2"/>
            <port dstActor="D0N30" name="p107" srcActor="D0N2"/>
            <port dstActor="D0N46" name="p108" srcActor="D0N16"/>
            <port dstActor="D0N21" name="p109" srcActor="D0N16"/>
            <port dstActor="D0N40" name="p110" srcActor="D0N31"/>
            <port dstActor="D0N38" name="p111" srcActor="D0N31"/>
        </ports>
    </mcdag>
    <cores number="3"/>
    <levels number="2"/>
</mcsystem>
