<?xml version="1.0" encoding="UTF-8" standalone="no"?>
<mcsystem>
    <mcdag deadline="2500" name="genned-0-ed-10.0-0">
        <actor name="D0N26">
            <wcet number="0">30</wcet>
            <wcet number="1">100</wcet>
            <maxpow number="0.7109313697717372"/>
            <maxpow number="0.7109313697717372"/>
            <fprob>0.0</fprob>
        </actor>
        <actor name="D0N20">
            <wcet number="0">40</wcet>
            <wcet number="1">150</wcet>
            <maxpow number="0.4854110629756679"/>
            <maxpow number="0.4854110629756679"/>
            <fprob>0.0</fprob>
        </actor>
        <actor name="D0N34">
            <wcet number="0">60</wcet>
            <wcet number="1">320</wcet>
            <maxpow number="0.47426691234664703"/>
            <maxpow number="0.47426691234664703"/>
            <fprob>0.0</fprob>
        </actor>
        <actor name="D0N9">
            <wcet number="0">90</wcet>
            <wcet number="1">90</wcet>
            <maxpow number="0.7999467993445887"/>
            <maxpow number="0.7999467993445887"/>
            <fprob>0.0</fprob>
        </actor>
        <actor name="D0N35">
            <wcet number="0">30</wcet>
            <wcet number="1">160</wcet>
            <maxpow number="0.4976622221052472"/>
            <maxpow number="0.4976622221052472"/>
            <fprob>0.0</fprob>
        </actor>
        <actor name="D0N7">
            <wcet number="0">50</wcet>
            <wcet number="1">90</wcet>
            <maxpow number="0.5334083335233547"/>
            <maxpow number="0.5334083335233547"/>
            <fprob>0.0</fprob>
        </actor>
        <actor name="D0N31">
            <wcet number="0">160</wcet>
            <wcet number="1">290</wcet>
            <maxpow number="0.37527320167373024"/>
            <maxpow number="0.37527320167373024"/>
            <fprob>0.0</fprob>
        </actor>
        <actor name="D0N39">
            <wcet number="0">20</wcet>
            <wcet number="1">20</wcet>
            <maxpow number="0.598583610084157"/>
            <maxpow number="0.598583610084157"/>
            <fprob>0.0</fprob>
        </actor>
        <actor name="D0N5">
            <wcet number="0">30</wcet>
            <wcet number="1">30</wcet>
            <maxpow number="0.30170050356768563"/>
            <maxpow number="0.30170050356768563"/>
            <fprob>0.0</fprob>
        </actor>
        <actor name="D0N38">
            <wcet number="0">10</wcet>
            <wcet number="1">30</wcet>
            <maxpow number="0.23142018970713246"/>
            <maxpow number="0.23142018970713246"/>
            <fprob>0.0</fprob>
        </actor>
        <actor name="D0N3">
            <wcet number="0">180</wcet>
            <wcet number="1">190</wcet>
            <maxpow number="0.6373116011090195"/>
            <maxpow number="0.6373116011090195"/>
            <fprob>0.0</fprob>
        </actor>
        <actor name="D0N13">
            <wcet number="0">30</wcet>
            <wcet number="1">40</wcet>
            <maxpow number="0.832625317380099"/>
            <maxpow number="0.832625317380099"/>
            <fprob>0.0</fprob>
        </actor>
        <actor name="D0N42">
            <wcet number="0">20</wcet>
            <wcet number="1">20</wcet>
            <maxpow number="0.48528699972711986"/>
            <maxpow number="0.48528699972711986"/>
            <fprob>0.0</fprob>
        </actor>
        <actor name="D0N1">
            <wcet number="0">190</wcet>
            <wcet number="1">190</wcet>
            <maxpow number="0.8701503646949872"/>
            <maxpow number="0.8701503646949872"/>
            <fprob>0.0</fprob>
        </actor>
        <actor name="D0N25">
            <wcet number="0">50</wcet>
            <wcet number="1">50</wcet>
            <maxpow number="0.6850783080212495"/>
            <maxpow number="0.6850783080212495"/>
            <fprob>0.0</fprob>
        </actor>
        <actor name="D0N37">
            <wcet number="0">10</wcet>
            <wcet number="1">30</wcet>
            <maxpow number="0.21815493674172526"/>
            <maxpow number="0.21815493674172526"/>
            <fprob>0.0</fprob>
        </actor>
        <actor name="D0N8">
            <wcet number="0">190</wcet>
            <wcet number="1">430</wcet>
            <maxpow number="0.4653363628629121"/>
            <maxpow number="0.4653363628629121"/>
            <fprob>0.0</fprob>
        </actor>
        <actor name="D0N28">
            <wcet number="0">10</wcet>
            <wcet number="1">20</wcet>
            <maxpow number="0.8275184804042347"/>
            <maxpow number="0.8275184804042347"/>
            <fprob>0.0</fprob>
        </actor>
        <actor name="D0N12">
            <wcet number="0">10</wcet>
            <wcet number="1">10</wcet>
            <maxpow number="0.6673747690847899"/>
            <maxpow number="0.6673747690847899"/>
            <fprob>0.0</fprob>
        </actor>
        <actor name="D0N21">
            <wcet number="0">50</wcet>
            <wcet number="1">100</wcet>
            <maxpow number="0.44953073710308183"/>
            <maxpow number="0.44953073710308183"/>
            <fprob>0.0</fprob>
        </actor>
        <actor name="D0N40">
            <wcet number="0">140</wcet>
            <wcet number="1">160</wcet>
            <maxpow number="0.5321570292233981"/>
            <maxpow number="0.5321570292233981"/>
            <fprob>0.0</fprob>
        </actor>
        <actor name="D0N27">
            <wcet number="0">60</wcet>
            <wcet number="1">90</wcet>
            <maxpow number="0.6225687304604167"/>
            <maxpow number="0.6225687304604167"/>
            <fprob>0.0</fprob>
        </actor>
        <actor name="D0N15">
            <wcet number="0">30</wcet>
            <wcet number="1">30</wcet>
            <maxpow number="0.6362691678103072"/>
            <maxpow number="0.6362691678103072"/>
            <fprob>0.0</fprob>
        </actor>
        <actor name="D0N43">
            <wcet number="0">20</wcet>
            <wcet number="1">30</wcet>
            <maxpow number="0.5008280345626805"/>
            <maxpow number="0.5008280345626805"/>
            <fprob>0.0</fprob>
        </actor>
        <actor name="D0N4">
            <wcet number="0">140</wcet>
            <wcet number="1">280</wcet>
            <maxpow number="0.45247511814663266"/>
            <maxpow number="0.45247511814663266"/>
            <fprob>0.0</fprob>
        </actor>
        <actor name="D0N33">
            <wcet number="0">40</wcet>
            <wcet number="1">70</wcet>
            <maxpow number="0.3229774165542445"/>
            <maxpow number="0.3229774165542445"/>
            <fprob>0.0</fprob>
        </actor>
        <actor name="D0N10">
            <wcet number="0">10</wcet>
            <wcet number="1">90</wcet>
            <maxpow number="0.8250504174225646"/>
            <maxpow number="0.8250504174225646"/>
            <fprob>0.0</fprob>
        </actor>
        <actor name="D0N17">
            <wcet number="0">130</wcet>
            <wcet number="1">150</wcet>
            <maxpow number="0.6750821649648318"/>
            <maxpow number="0.6750821649648318"/>
            <fprob>0.0</fprob>
        </actor>
        <actor name="D0N24">
            <wcet number="0">10</wcet>
            <wcet number="1">30</wcet>
            <maxpow number="0.6931045042862193"/>
            <maxpow number="0.6931045042862193"/>
            <fprob>0.0</fprob>
        </actor>
        <actor name="D0N6">
            <wcet number="0">30</wcet>
            <wcet number="1">90</wcet>
            <maxpow number="0.4274368299890199"/>
            <maxpow number="0.4274368299890199"/>
            <fprob>0.0</fprob>
        </actor>
        <actor name="D0N44">
            <wcet number="0">20</wcet>
            <wcet number="1">20</wcet>
            <maxpow number="0.37404154795441685"/>
            <maxpow number="0.37404154795441685"/>
            <fprob>0.0</fprob>
        </actor>
        <actor name="D0N2">
            <wcet number="0">10</wcet>
            <wcet number="1">20</wcet>
            <maxpow number="0.850512448065562"/>
            <maxpow number="0.850512448065562"/>
            <fprob>0.0</fprob>
        </actor>
        <actor name="D0N22">
            <wcet number="0">240</wcet>
            <wcet number="1">410</wcet>
            <maxpow number="0.17044603289327964"/>
            <maxpow number="0.17044603289327964"/>
            <fprob>0.0</fprob>
        </actor>
        <actor name="D0N36">
            <wcet number="0">40</wcet>
            <wcet number="1">110</wcet>
            <maxpow number="0.7651446508809013"/>
            <maxpow number="0.7651446508809013"/>
            <fprob>0.0</fprob>
        </actor>
        <actor name="D0N45">
            <wcet number="0">180</wcet>
            <wcet number="1">230</wcet>
            <maxpow number="0.7286951032556342"/>
            <maxpow number="0.7286951032556342"/>
            <fprob>0.0</fprob>
        </actor>
        <actor name="D0N29">
            <wcet number="0">50</wcet>
            <wcet number="1">90</wcet>
            <maxpow number="0.5423887675471877"/>
            <maxpow number="0.5423887675471877"/>
            <fprob>0.0</fprob>
        </actor>
        <actor name="D0N0">
            <wcet number="0">190</wcet>
            <wcet number="1">210</wcet>
            <maxpow number="0.7267326027566944"/>
            <maxpow number="0.7267326027566944"/>
            <fprob>0.0</fprob>
        </actor>
        <actor name="D0N30">
            <wcet number="0">40</wcet>
            <wcet number="1">110</wcet>
            <maxpow number="0.31568638344166755"/>
            <maxpow number="0.31568638344166755"/>
            <fprob>0.0</fprob>
        </actor>
        <actor name="D0N14">
            <wcet number="0">10</wcet>
            <wcet number="1">20</wcet>
            <maxpow number="0.7378482382441416"/>
            <maxpow number="0.7378482382441416"/>
            <fprob>0.0</fprob>
        </actor>
        <actor name="D0N18">
            <wcet number="0">30</wcet>
            <wcet number="1">80</wcet>
            <maxpow number="0.49693764950461317"/>
            <maxpow number="0.49693764950461317"/>
            <fprob>0.0</fprob>
        </actor>
        <actor name="D0N23">
            <wcet number="0">10</wcet>
            <wcet number="1">10</wcet>
            <maxpow number="0.4753081641084908"/>
            <maxpow number="0.4753081641084908"/>
            <fprob>0.0</fprob>
        </actor>
        <actor name="D0N16">
            <wcet number="0">30</wcet>
            <wcet number="1">200</wcet>
            <maxpow number="0.6186363962282384"/>
            <maxpow number="0.6186363962282384"/>
            <fprob>0.0</fprob>
        </actor>
        <actor name="D0N11">
            <wcet number="0">60</wcet>
            <wcet number="1">130</wcet>
            <maxpow number="0.8968713504564059"/>
            <maxpow number="0.8968713504564059"/>
            <fprob>0.0</fprob>
        </actor>
        <actor name="D0N19">
            <wcet number="0">120</wcet>
            <wcet number="1">170</wcet>
            <maxpow number="0.5163935175762094"/>
            <maxpow number="0.5163935175762094"/>
            <fprob>0.0</fprob>
        </actor>
        <actor name="D0N32">
            <wcet number="0">50</wcet>
            <wcet number="1">50</wcet>
            <maxpow number="0.33945435514803424"/>
            <maxpow number="0.33945435514803424"/>
            <fprob>0.0</fprob>
        </actor>
        <actor name="D0N41">
            <wcet number="0">10</wcet>
            <wcet number="1">10</wcet>
            <maxpow number="0.39584156363203526"/>
            <maxpow number="0.39584156363203526"/>
            <fprob>0.0</fprob>
        </actor>
        <ports>
            <port dstActor="D0N29" name="p0" srcActor="D0N26"/>
            <port dstActor="D0N21" name="p1" srcActor="D0N20"/>
            <port dstActor="D0N26" name="p2" srcActor="D0N20"/>
            <port dstActor="D0N31" name="p3" srcActor="D0N20"/>
            <port dstActor="D0N37" name="p4" srcActor="D0N34"/>
            <port dstActor="D0N15" name="p5" srcActor="D0N9"/>
            <port dstActor="D0N27" name="p6" srcActor="D0N9"/>
            <port dstActor="D0N40" name="p7" srcActor="D0N9"/>
            <port dstActor="D0N40" name="p8" srcActor="D0N35"/>
            <port dstActor="D0N44" name="p9" srcActor="D0N7"/>
            <port dstActor="D0N17" name="p10" srcActor="D0N7"/>
            <port dstActor="D0N26" name="p11" srcActor="D0N7"/>
            <port dstActor="D0N32" name="p12" srcActor="D0N31"/>
            <port dstActor="D0N18" name="p13" srcActor="D0N5"/>
            <port dstActor="D0N40" name="p14" srcActor="D0N38"/>
            <port dstActor="D0N10" name="p15" srcActor="D0N3"/>
            <port dstActor="D0N33" name="p16" srcActor="D0N3"/>
            <port dstActor="D0N45" name="p17" srcActor="D0N3"/>
            <port dstActor="D0N15" name="p18" srcActor="D0N3"/>
            <port dstActor="D0N29" name="p19" srcActor="D0N13"/>
            <port dstActor="D0N39" name="p20" srcActor="D0N13"/>
            <port dstActor="D0N14" name="p21" srcActor="D0N1"/>
            <port dstActor="D0N44" name="p22" srcActor="D0N1"/>
            <port dstActor="D0N16" name="p23" srcActor="D0N1"/>
            <port dstActor="D0N18" name="p24" srcActor="D0N1"/>
            <port dstActor="D0N43" name="p25" srcActor="D0N1"/>
            <port dstActor="D0N39" name="p26" srcActor="D0N25"/>
            <port dstActor="D0N31" name="p27" srcActor="D0N25"/>
            <port dstActor="D0N18" name="p28" srcActor="D0N8"/>
            <port dstActor="D0N42" name="p29" srcActor="D0N8"/>
            <port dstActor="D0N33" name="p30" srcActor="D0N8"/>
            <port dstActor="D0N39" name="p31" srcActor="D0N28"/>
            <port dstActor="D0N30" name="p32" srcActor="D0N28"/>
            <port dstActor="D0N36" name="p33" srcActor="D0N28"/>
            <port dstActor="D0N23" name="p34" srcActor="D0N12"/>
            <port dstActor="D0N45" name="p35" srcActor="D0N12"/>
            <port dstActor="D0N32" name="p36" srcActor="D0N12"/>
            <port dstActor="D0N37" name="p37" srcActor="D0N21"/>
            <port dstActor="D0N22" name="p38" srcActor="D0N21"/>
            <port dstActor="D0N41" name="p39" srcActor="D0N40"/>
            <port dstActor="D0N44" name="p40" srcActor="D0N40"/>
            <port dstActor="D0N45" name="p41" srcActor="D0N40"/>
            <port dstActor="D0N39" name="p42" srcActor="D0N27"/>
            <port dstActor="D0N29" name="p43" srcActor="D0N27"/>
            <port dstActor="D0N30" name="p44" srcActor="D0N27"/>
            <port dstActor="D0N16" name="p45" srcActor="D0N15"/>
            <port dstActor="D0N32" name="p46" srcActor="D0N15"/>
            <port dstActor="D0N39" name="p47" srcActor="D0N15"/>
            <port dstActor="D0N15" name="p48" srcActor="D0N4"/>
            <port dstActor="D0N23" name="p49" srcActor="D0N4"/>
            <port dstActor="D0N41" name="p50" srcActor="D0N4"/>
            <port dstActor="D0N35" name="p51" srcActor="D0N4"/>
            <port dstActor="D0N12" name="p52" srcActor="D0N4"/>
            <port dstActor="D0N32" name="p53" srcActor="D0N4"/>
            <port dstActor="D0N31" name="p54" srcActor="D0N10"/>
            <port dstActor="D0N18" name="p55" srcActor="D0N10"/>
            <port dstActor="D0N37" name="p56" srcActor="D0N17"/>
            <port dstActor="D0N31" name="p57" srcActor="D0N17"/>
            <port dstActor="D0N36" name="p58" srcActor="D0N17"/>
            <port dstActor="D0N26" name="p59" srcActor="D0N17"/>
            <port dstActor="D0N40" name="p60" srcActor="D0N24"/>
            <port dstActor="D0N29" name="p61" srcActor="D0N24"/>
            <port dstActor="D0N42" name="p62" srcActor="D0N24"/>
            <port dstActor="D0N32" name="p63" srcActor="D0N24"/>
            <port dstActor="D0N26" name="p64" srcActor="D0N24"/>
            <port dstActor="D0N31" name="p65" srcActor="D0N24"/>
            <port dstActor="D0N35" name="p66" srcActor="D0N6"/>
            <port dstActor="D0N11" name="p67" srcActor="D0N6"/>
            <port dstActor="D0N25" name="p68" srcActor="D0N6"/>
            <port dstActor="D0N29" name="p69" srcActor="D0N6"/>
            <port dstActor="D0N7" name="p70" srcActor="D0N6"/>
            <port dstActor="D0N42" name="p71" srcActor="D0N6"/>
            <port dstActor="D0N40" name="p72" srcActor="D0N2"/>
            <port dstActor="D0N33" name="p73" srcActor="D0N2"/>
            <port dstActor="D0N41" name="p74" srcActor="D0N2"/>
            <port dstActor="D0N24" name="p75" srcActor="D0N22"/>
            <port dstActor="D0N33" name="p76" srcActor="D0N22"/>
            <port dstActor="D0N37" name="p77" srcActor="D0N36"/>
            <port dstActor="D0N45" name="p78" srcActor="D0N29"/>
            <port dstActor="D0N6" name="p79" srcActor="D0N0"/>
            <port dstActor="D0N18" name="p80" srcActor="D0N0"/>
            <port dstActor="D0N40" name="p81" srcActor="D0N30"/>
            <port dstActor="D0N31" name="p82" srcActor="D0N30"/>
            <port dstActor="D0N17" name="p83" srcActor="D0N14"/>
            <port dstActor="D0N42" name="p84" srcActor="D0N14"/>
            <port dstActor="D0N39" name="p85" srcActor="D0N14"/>
            <port dstActor="D0N33" name="p86" srcActor="D0N14"/>
            <port dstActor="D0N32" name="p87" srcActor="D0N14"/>
            <port dstActor="D0N28" name="p88" srcActor="D0N18"/>
            <port dstActor="D0N19" name="p89" srcActor="D0N18"/>
            <port dstActor="D0N24" name="p90" srcActor="D0N23"/>
            <port dstActor="D0N25" name="p91" srcActor="D0N23"/>
            <port dstActor="D0N45" name="p92" srcActor="D0N23"/>
            <port dstActor="D0N38" name="p93" srcActor="D0N16"/>
            <port dstActor="D0N27" name="p94" srcActor="D0N16"/>
            <port dstActor="D0N44" name="p95" srcActor="D0N16"/>
            <port dstActor="D0N42" name="p96" srcActor="D0N11"/>
            <port dstActor="D0N13" name="p97" srcActor="D0N11"/>
            <port dstActor="D0N44" name="p98" srcActor="D0N11"/>
            <port dstActor="D0N14" name="p99" srcActor="D0N11"/>
            <port dstActor="D0N34" name="p100" srcActor="D0N19"/>
            <port dstActor="D0N32" name="p101" srcActor="D0N19"/>
            <port dstActor="D0N36" name="p102" srcActor="D0N19"/>
            <port dstActor="D0N37" name="p103" srcActor="D0N19"/>
            <port dstActor="D0N26" name="p104" srcActor="D0N19"/>
            <port dstActor="D0N42" name="p105" srcActor="D0N32"/>
            <port dstActor="D0N42" name="p106" srcActor="D0N41"/>
        </ports>
    </mcdag>
    <cores number="3"/>
    <levels number="2"/>
</mcsystem>
