<?xml version="1.0" encoding="UTF-8" standalone="no"?>
<mcsystem>
    <mcdag deadline="1200" name="genned-0-ed-10.0-0">
        <actor name="D0N43">
            <wcet number="0">30</wcet>
            <wcet number="1">50</wcet>
            <maxpow number="1.0688403535496045"/>
            <maxpow number="1.0688403535496045"/>
            <fprob>0.0</fprob>
        </actor>
        <actor name="D0N20">
            <wcet number="0">20</wcet>
            <wcet number="1">130</wcet>
            <maxpow number="0.28651979035508335"/>
            <maxpow number="0.28651979035508335"/>
            <fprob>0.0</fprob>
        </actor>
        <actor name="D0N35">
            <wcet number="0">30</wcet>
            <wcet number="1">30</wcet>
            <maxpow number="0.5776970395552905"/>
            <maxpow number="0.5776970395552905"/>
            <fprob>0.0</fprob>
        </actor>
        <actor name="D0N4">
            <wcet number="0">10</wcet>
            <wcet number="1">10</wcet>
            <maxpow number="0.5672481203114261"/>
            <maxpow number="0.5672481203114261"/>
            <fprob>0.0</fprob>
        </actor>
        <actor name="D0N17">
            <wcet number="0">10</wcet>
            <wcet number="1">20</wcet>
            <maxpow number="0.42694725484780965"/>
            <maxpow number="0.42694725484780965"/>
            <fprob>0.0</fprob>
        </actor>
        <actor name="D0N41">
            <wcet number="0">60</wcet>
            <wcet number="1">110</wcet>
            <maxpow number="0.6484589779472876"/>
            <maxpow number="0.6484589779472876"/>
            <fprob>0.0</fprob>
        </actor>
        <actor name="D0N9">
            <wcet number="0">80</wcet>
            <wcet number="1">80</wcet>
            <maxpow number="0.7103885513431961"/>
            <maxpow number="0.7103885513431961"/>
            <fprob>0.0</fprob>
        </actor>
        <actor name="D0N34">
            <wcet number="0">10</wcet>
            <wcet number="1">10</wcet>
            <maxpow number="0.7474269280711644"/>
            <maxpow number="0.7474269280711644"/>
            <fprob>0.0</fprob>
        </actor>
        <actor name="D0N39">
            <wcet number="0">20</wcet>
            <wcet number="1">20</wcet>
            <maxpow number="0.9750010841484265"/>
            <maxpow number="0.9750010841484265"/>
            <fprob>0.0</fprob>
        </actor>
        <actor name="D0N27">
            <wcet number="0">10</wcet>
            <wcet number="1">10</wcet>
            <maxpow number="0.6939771968837676"/>
            <maxpow number="0.6939771968837676"/>
            <fprob>0.0</fprob>
        </actor>
        <actor name="D0N7">
            <wcet number="0">40</wcet>
            <wcet number="1">40</wcet>
            <maxpow number="0.4169278323019825"/>
            <maxpow number="0.4169278323019825"/>
            <fprob>0.0</fprob>
        </actor>
        <actor name="D0N21">
            <wcet number="0">210</wcet>
            <wcet number="1">240</wcet>
            <maxpow number="0.8172905482661412"/>
            <maxpow number="0.8172905482661412"/>
            <fprob>0.0</fprob>
        </actor>
        <actor name="D0N44">
            <wcet number="0">10</wcet>
            <wcet number="1">20</wcet>
            <maxpow number="0.3766771878546553"/>
            <maxpow number="0.3766771878546553"/>
            <fprob>0.0</fprob>
        </actor>
        <actor name="D0N8">
            <wcet number="0">40</wcet>
            <wcet number="1">60</wcet>
            <maxpow number="0.48016457196597073"/>
            <maxpow number="0.48016457196597073"/>
            <fprob>0.0</fprob>
        </actor>
        <actor name="D0N29">
            <wcet number="0">20</wcet>
            <wcet number="1">30</wcet>
            <maxpow number="0.41890323006640895"/>
            <maxpow number="0.41890323006640895"/>
            <fprob>0.0</fprob>
        </actor>
        <actor name="D0N36">
            <wcet number="0">20</wcet>
            <wcet number="1">20</wcet>
            <maxpow number="0.33859703862630175"/>
            <maxpow number="0.33859703862630175"/>
            <fprob>0.0</fprob>
        </actor>
        <actor name="D0N18">
            <wcet number="0">10</wcet>
            <wcet number="1">10</wcet>
            <maxpow number="0.48121792499868504"/>
            <maxpow number="0.48121792499868504"/>
            <fprob>0.0</fprob>
        </actor>
        <actor name="D0N24">
            <wcet number="0">10</wcet>
            <wcet number="1">60</wcet>
            <maxpow number="0.5279232462810856"/>
            <maxpow number="0.5279232462810856"/>
            <fprob>0.0</fprob>
        </actor>
        <actor name="D0N10">
            <wcet number="0">10</wcet>
            <wcet number="1">70</wcet>
            <maxpow number="0.6528390497321537"/>
            <maxpow number="0.6528390497321537"/>
            <fprob>0.0</fprob>
        </actor>
        <actor name="D0N19">
            <wcet number="0">10</wcet>
            <wcet number="1">10</wcet>
            <maxpow number="0.3926295445261208"/>
            <maxpow number="0.3926295445261208"/>
            <fprob>0.0</fprob>
        </actor>
        <actor name="D0N22">
            <wcet number="0">90</wcet>
            <wcet number="1">140</wcet>
            <maxpow number="0.15126828459585923"/>
            <maxpow number="0.15126828459585923"/>
            <fprob>0.0</fprob>
        </actor>
        <actor name="D0N46">
            <wcet number="0">40</wcet>
            <wcet number="1">40</wcet>
            <maxpow number="0.5638367311359527"/>
            <maxpow number="0.5638367311359527"/>
            <fprob>0.0</fprob>
        </actor>
        <actor name="D0N30">
            <wcet number="0">10</wcet>
            <wcet number="1">40</wcet>
            <maxpow number="0.731964944714969"/>
            <maxpow number="0.731964944714969"/>
            <fprob>0.0</fprob>
        </actor>
        <actor name="D0N31">
            <wcet number="0">20</wcet>
            <wcet number="1">20</wcet>
            <maxpow number="0.6863283575076474"/>
            <maxpow number="0.6863283575076474"/>
            <fprob>0.0</fprob>
        </actor>
        <actor name="D0N15">
            <wcet number="0">20</wcet>
            <wcet number="1">60</wcet>
            <maxpow number="0.7763717571299186"/>
            <maxpow number="0.7763717571299186"/>
            <fprob>0.0</fprob>
        </actor>
        <actor name="D0N37">
            <wcet number="0">30</wcet>
            <wcet number="1">120</wcet>
            <maxpow number="0.6056810159145929"/>
            <maxpow number="0.6056810159145929"/>
            <fprob>0.0</fprob>
        </actor>
        <actor name="D0N42">
            <wcet number="0">10</wcet>
            <wcet number="1">20</wcet>
            <maxpow number="0.5986013932237929"/>
            <maxpow number="0.5986013932237929"/>
            <fprob>0.0</fprob>
        </actor>
        <actor name="D0N26">
            <wcet number="0">60</wcet>
            <wcet number="1">130</wcet>
            <maxpow number="0.3985477833975728"/>
            <maxpow number="0.3985477833975728"/>
            <fprob>0.0</fprob>
        </actor>
        <actor name="D0N33">
            <wcet number="0">30</wcet>
            <wcet number="1">40</wcet>
            <maxpow number="0.4894595661780178"/>
            <maxpow number="0.4894595661780178"/>
            <fprob>0.0</fprob>
        </actor>
        <actor name="D0N2">
            <wcet number="0">10</wcet>
            <wcet number="1">10</wcet>
            <maxpow number="0.7069886994672272"/>
            <maxpow number="0.7069886994672272"/>
            <fprob>0.0</fprob>
        </actor>
        <actor name="D0N45">
            <wcet number="0">10</wcet>
            <wcet number="1">10</wcet>
            <maxpow number="0.6683924953098007"/>
            <maxpow number="0.6683924953098007"/>
            <fprob>0.0</fprob>
        </actor>
        <actor name="D0N6">
            <wcet number="0">10</wcet>
            <wcet number="1">10</wcet>
            <maxpow number="0.6017673076886827"/>
            <maxpow number="0.6017673076886827"/>
            <fprob>0.0</fprob>
        </actor>
        <actor name="D0N0">
            <wcet number="0">40</wcet>
            <wcet number="1">150</wcet>
            <maxpow number="0.43452952419270474"/>
            <maxpow number="0.43452952419270474"/>
            <fprob>0.0</fprob>
        </actor>
        <actor name="D0N11">
            <wcet number="0">20</wcet>
            <wcet number="1">60</wcet>
            <maxpow number="0.48620314023287026"/>
            <maxpow number="0.48620314023287026"/>
            <fprob>0.0</fprob>
        </actor>
        <actor name="D0N14">
            <wcet number="0">40</wcet>
            <wcet number="1">110</wcet>
            <maxpow number="0.7298179564136812"/>
            <maxpow number="0.7298179564136812"/>
            <fprob>0.0</fprob>
        </actor>
        <actor name="D0N32">
            <wcet number="0">20</wcet>
            <wcet number="1">40</wcet>
            <maxpow number="0.4585691880235239"/>
            <maxpow number="0.4585691880235239"/>
            <fprob>0.0</fprob>
        </actor>
        <actor name="D0N16">
            <wcet number="0">20</wcet>
            <wcet number="1">70</wcet>
            <maxpow number="0.74047580672011"/>
            <maxpow number="0.74047580672011"/>
            <fprob>0.0</fprob>
        </actor>
        <actor name="D0N28">
            <wcet number="0">20</wcet>
            <wcet number="1">20</wcet>
            <maxpow number="0.5781157936711868"/>
            <maxpow number="0.5781157936711868"/>
            <fprob>0.0</fprob>
        </actor>
        <actor name="D0N40">
            <wcet number="0">50</wcet>
            <wcet number="1">110</wcet>
            <maxpow number="0.5184932867779888"/>
            <maxpow number="0.5184932867779888"/>
            <fprob>0.0</fprob>
        </actor>
        <actor name="D0N12">
            <wcet number="0">10</wcet>
            <wcet number="1">70</wcet>
            <maxpow number="0.5456774479144695"/>
            <maxpow number="0.5456774479144695"/>
            <fprob>0.0</fprob>
        </actor>
        <actor name="D0N25">
            <wcet number="0">100</wcet>
            <wcet number="1">200</wcet>
            <maxpow number="0.6977828788851085"/>
            <maxpow number="0.6977828788851085"/>
            <fprob>0.0</fprob>
        </actor>
        <actor name="D0N38">
            <wcet number="0">30</wcet>
            <wcet number="1">30</wcet>
            <maxpow number="0.6980163198603115"/>
            <maxpow number="0.6980163198603115"/>
            <fprob>0.0</fprob>
        </actor>
        <actor name="D0N47">
            <wcet number="0">10</wcet>
            <wcet number="1">40</wcet>
            <maxpow number="0.518338756463586"/>
            <maxpow number="0.518338756463586"/>
            <fprob>0.0</fprob>
        </actor>
        <actor name="D0N13">
            <wcet number="0">70</wcet>
            <wcet number="1">240</wcet>
            <maxpow number="0.5597345061562197"/>
            <maxpow number="0.5597345061562197"/>
            <fprob>0.0</fprob>
        </actor>
        <actor name="D0N1">
            <wcet number="0">70</wcet>
            <wcet number="1">120</wcet>
            <maxpow number="0.6019030421113662"/>
            <maxpow number="0.6019030421113662"/>
            <fprob>0.0</fprob>
        </actor>
        <actor name="D0N5">
            <wcet number="0">80</wcet>
            <wcet number="1">120</wcet>
            <maxpow number="0.7565704788507377"/>
            <maxpow number="0.7565704788507377"/>
            <fprob>0.0</fprob>
        </actor>
        <actor name="D0N23">
            <wcet number="0">10</wcet>
            <wcet number="1">60</wcet>
            <maxpow number="0.6689420741731211"/>
            <maxpow number="0.6689420741731211"/>
            <fprob>0.0</fprob>
        </actor>
        <actor name="D0N3">
            <wcet number="0">110</wcet>
            <wcet number="1">130</wcet>
            <maxpow number="0.42171199344125637"/>
            <maxpow number="0.42171199344125637"/>
            <fprob>0.0</fprob>
        </actor>
        <ports>
            <port dstActor="D0N47" name="p0" srcActor="D0N43"/>
            <port dstActor="D0N28" name="p1" srcActor="D0N20"/>
            <port dstActor="D0N24" name="p2" srcActor="D0N20"/>
            <port dstActor="D0N39" name="p3" srcActor="D0N20"/>
            <port dstActor="D0N41" name="p4" srcActor="D0N20"/>
            <port dstActor="D0N10" name="p5" srcActor="D0N4"/>
            <port dstActor="D0N27" name="p6" srcActor="D0N4"/>
            <port dstActor="D0N17" name="p7" srcActor="D0N4"/>
            <port dstActor="D0N29" name="p8" srcActor="D0N17"/>
            <port dstActor="D0N33" name="p9" srcActor="D0N17"/>
            <port dstActor="D0N21" name="p10" srcActor="D0N9"/>
            <port dstActor="D0N26" name="p11" srcActor="D0N9"/>
            <port dstActor="D0N24" name="p12" srcActor="D0N9"/>
            <port dstActor="D0N40" name="p13" srcActor="D0N9"/>
            <port dstActor="D0N42" name="p14" srcActor="D0N9"/>
            <port dstActor="D0N47" name="p15" srcActor="D0N34"/>
            <port dstActor="D0N35" name="p16" srcActor="D0N34"/>
            <port dstActor="D0N45" name="p17" srcActor="D0N34"/>
            <port dstActor="D0N43" name="p18" srcActor="D0N34"/>
            <port dstActor="D0N39" name="p19" srcActor="D0N7"/>
            <port dstActor="D0N8" name="p20" srcActor="D0N7"/>
            <port dstActor="D0N35" name="p21" srcActor="D0N7"/>
            <port dstActor="D0N28" name="p22" srcActor="D0N21"/>
            <port dstActor="D0N45" name="p23" srcActor="D0N44"/>
            <port dstActor="D0N27" name="p24" srcActor="D0N8"/>
            <port dstActor="D0N45" name="p25" srcActor="D0N8"/>
            <port dstActor="D0N18" name="p26" srcActor="D0N8"/>
            <port dstActor="D0N43" name="p27" srcActor="D0N8"/>
            <port dstActor="D0N21" name="p28" srcActor="D0N8"/>
            <port dstActor="D0N34" name="p29" srcActor="D0N8"/>
            <port dstActor="D0N35" name="p30" srcActor="D0N8"/>
            <port dstActor="D0N36" name="p31" srcActor="D0N8"/>
            <port dstActor="D0N43" name="p32" srcActor="D0N29"/>
            <port dstActor="D0N36" name="p33" srcActor="D0N29"/>
            <port dstActor="D0N35" name="p34" srcActor="D0N18"/>
            <port dstActor="D0N23" name="p35" srcActor="D0N18"/>
            <port dstActor="D0N30" name="p36" srcActor="D0N24"/>
            <port dstActor="D0N29" name="p37" srcActor="D0N24"/>
            <port dstActor="D0N42" name="p38" srcActor="D0N24"/>
            <port dstActor="D0N47" name="p39" srcActor="D0N24"/>
            <port dstActor="D0N25" name="p40" srcActor="D0N10"/>
            <port dstActor="D0N46" name="p41" srcActor="D0N10"/>
            <port dstActor="D0N16" name="p42" srcActor="D0N10"/>
            <port dstActor="D0N11" name="p43" srcActor="D0N10"/>
            <port dstActor="D0N13" name="p44" srcActor="D0N10"/>
            <port dstActor="D0N19" name="p45" srcActor="D0N10"/>
            <port dstActor="D0N28" name="p46" srcActor="D0N19"/>
            <port dstActor="D0N22" name="p47" srcActor="D0N19"/>
            <port dstActor="D0N33" name="p48" srcActor="D0N19"/>
            <port dstActor="D0N47" name="p49" srcActor="D0N19"/>
            <port dstActor="D0N21" name="p50" srcActor="D0N19"/>
            <port dstActor="D0N24" name="p51" srcActor="D0N22"/>
            <port dstActor="D0N38" name="p52" srcActor="D0N22"/>
            <port dstActor="D0N39" name="p53" srcActor="D0N22"/>
            <port dstActor="D0N42" name="p54" srcActor="D0N22"/>
            <port dstActor="D0N33" name="p55" srcActor="D0N22"/>
            <port dstActor="D0N37" name="p56" srcActor="D0N22"/>
            <port dstActor="D0N45" name="p57" srcActor="D0N30"/>
            <port dstActor="D0N42" name="p58" srcActor="D0N31"/>
            <port dstActor="D0N44" name="p59" srcActor="D0N31"/>
            <port dstActor="D0N46" name="p60" srcActor="D0N15"/>
            <port dstActor="D0N47" name="p61" srcActor="D0N37"/>
            <port dstActor="D0N44" name="p62" srcActor="D0N42"/>
            <port dstActor="D0N40" name="p63" srcActor="D0N33"/>
            <port dstActor="D0N12" name="p64" srcActor="D0N2"/>
            <port dstActor="D0N38" name="p65" srcActor="D0N2"/>
            <port dstActor="D0N31" name="p66" srcActor="D0N2"/>
            <port dstActor="D0N35" name="p67" srcActor="D0N2"/>
            <port dstActor="D0N37" name="p68" srcActor="D0N2"/>
            <port dstActor="D0N39" name="p69" srcActor="D0N2"/>
            <port dstActor="D0N36" name="p70" srcActor="D0N6"/>
            <port dstActor="D0N43" name="p71" srcActor="D0N6"/>
            <port dstActor="D0N30" name="p72" srcActor="D0N0"/>
            <port dstActor="D0N45" name="p73" srcActor="D0N0"/>
            <port dstActor="D0N10" name="p74" srcActor="D0N0"/>
            <port dstActor="D0N22" name="p75" srcActor="D0N0"/>
            <port dstActor="D0N28" name="p76" srcActor="D0N11"/>
            <port dstActor="D0N18" name="p77" srcActor="D0N14"/>
            <port dstActor="D0N17" name="p78" srcActor="D0N14"/>
            <port dstActor="D0N38" name="p79" srcActor="D0N14"/>
            <port dstActor="D0N35" name="p80" srcActor="D0N32"/>
            <port dstActor="D0N42" name="p81" srcActor="D0N32"/>
            <port dstActor="D0N41" name="p82" srcActor="D0N16"/>
            <port dstActor="D0N37" name="p83" srcActor="D0N28"/>
            <port dstActor="D0N44" name="p84" srcActor="D0N40"/>
            <port dstActor="D0N21" name="p85" srcActor="D0N12"/>
            <port dstActor="D0N31" name="p86" srcActor="D0N12"/>
            <port dstActor="D0N19" name="p87" srcActor="D0N12"/>
            <port dstActor="D0N22" name="p88" srcActor="D0N12"/>
            <port dstActor="D0N28" name="p89" srcActor="D0N12"/>
            <port dstActor="D0N41" name="p90" srcActor="D0N25"/>
            <port dstActor="D0N38" name="p91" srcActor="D0N25"/>
            <port dstActor="D0N29" name="p92" srcActor="D0N25"/>
            <port dstActor="D0N27" name="p93" srcActor="D0N13"/>
            <port dstActor="D0N16" name="p94" srcActor="D0N13"/>
            <port dstActor="D0N43" name="p95" srcActor="D0N13"/>
            <port dstActor="D0N36" name="p96" srcActor="D0N13"/>
            <port dstActor="D0N39" name="p97" srcActor="D0N1"/>
            <port dstActor="D0N21" name="p98" srcActor="D0N5"/>
            <port dstActor="D0N26" name="p99" srcActor="D0N5"/>
            <port dstActor="D0N25" name="p100" srcActor="D0N23"/>
            <port dstActor="D0N13" name="p101" srcActor="D0N3"/>
            <port dstActor="D0N32" name="p102" srcActor="D0N3"/>
            <port dstActor="D0N42" name="p103" srcActor="D0N3"/>
        </ports>
    </mcdag>
    <cores number="3"/>
    <levels number="2"/>
</mcsystem>
