<?xml version="1.0" encoding="UTF-8" standalone="no"?>
<mcsystem>
    <mcdag deadline="1500" name="genned-0-ed-10.0-0">
        <actor name="D0N31">
            <wcet number="0">10</wcet>
            <wcet number="1">30</wcet>
            <maxpow number="0.7678458645601196"/>
            <maxpow number="0.7678458645601196"/>
            <fprob>0.0</fprob>
        </actor>
        <actor name="D0N23">
            <wcet number="0">10</wcet>
            <wcet number="1">40</wcet>
            <maxpow number="0.34789998571294134"/>
            <maxpow number="0.34789998571294134"/>
            <fprob>0.0</fprob>
        </actor>
        <actor name="D0N37">
            <wcet number="0">10</wcet>
            <wcet number="1">10</wcet>
            <maxpow number="0.3814880911363473"/>
            <maxpow number="0.3814880911363473"/>
            <fprob>0.0</fprob>
        </actor>
        <actor name="D0N18">
            <wcet number="0">30</wcet>
            <wcet number="1">40</wcet>
            <maxpow number="0.5826062951951596"/>
            <maxpow number="0.5826062951951596"/>
            <fprob>0.0</fprob>
        </actor>
        <actor name="D0N0">
            <wcet number="0">120</wcet>
            <wcet number="1">130</wcet>
            <maxpow number="0.6964040475269695"/>
            <maxpow number="0.6964040475269695"/>
            <fprob>0.0</fprob>
        </actor>
        <actor name="D0N42">
            <wcet number="0">80</wcet>
            <wcet number="1">240</wcet>
            <maxpow number="0.5162547016896908"/>
            <maxpow number="0.5162547016896908"/>
            <fprob>0.0</fprob>
        </actor>
        <actor name="D0N5">
            <wcet number="0">50</wcet>
            <wcet number="1">60</wcet>
            <maxpow number="0.5668120650327265"/>
            <maxpow number="0.5668120650327265"/>
            <fprob>0.0</fprob>
        </actor>
        <actor name="D0N33">
            <wcet number="0">90</wcet>
            <wcet number="1">90</wcet>
            <maxpow number="0.6330469202245633"/>
            <maxpow number="0.6330469202245633"/>
            <fprob>0.0</fprob>
        </actor>
        <actor name="D0N10">
            <wcet number="0">80</wcet>
            <wcet number="1">140</wcet>
            <maxpow number="0.7161261396749463"/>
            <maxpow number="0.7161261396749463"/>
            <fprob>0.0</fprob>
        </actor>
        <actor name="D0N11">
            <wcet number="0">170</wcet>
            <wcet number="1">180</wcet>
            <maxpow number="0.5108776863127605"/>
            <maxpow number="0.5108776863127605"/>
            <fprob>0.0</fprob>
        </actor>
        <actor name="D0N34">
            <wcet number="0">30</wcet>
            <wcet number="1">380</wcet>
            <maxpow number="0.27760571867397404"/>
            <maxpow number="0.27760571867397404"/>
            <fprob>0.0</fprob>
        </actor>
        <actor name="D0N12">
            <wcet number="0">10</wcet>
            <wcet number="1">30</wcet>
            <maxpow number="0.5458527670792014"/>
            <maxpow number="0.5458527670792014"/>
            <fprob>0.0</fprob>
        </actor>
        <actor name="D0N19">
            <wcet number="0">40</wcet>
            <wcet number="1">50</wcet>
            <maxpow number="0.5878996297601716"/>
            <maxpow number="0.5878996297601716"/>
            <fprob>0.0</fprob>
        </actor>
        <actor name="D0N9">
            <wcet number="0">60</wcet>
            <wcet number="1">60</wcet>
            <maxpow number="0.41618696524763643"/>
            <maxpow number="0.41618696524763643"/>
            <fprob>0.0</fprob>
        </actor>
        <actor name="D0N35">
            <wcet number="0">100</wcet>
            <wcet number="1">120</wcet>
            <maxpow number="0.8872119163321501"/>
            <maxpow number="0.8872119163321501"/>
            <fprob>0.0</fprob>
        </actor>
        <actor name="D0N1">
            <wcet number="0">10</wcet>
            <wcet number="1">30</wcet>
            <maxpow number="0.4662015122618682"/>
            <maxpow number="0.4662015122618682"/>
            <fprob>0.0</fprob>
        </actor>
        <actor name="D0N6">
            <wcet number="0">10</wcet>
            <wcet number="1">50</wcet>
            <maxpow number="0.697326117432889"/>
            <maxpow number="0.697326117432889"/>
            <fprob>0.0</fprob>
        </actor>
        <actor name="D0N44">
            <wcet number="0">20</wcet>
            <wcet number="1">20</wcet>
            <maxpow number="0.3069557519879742"/>
            <maxpow number="0.3069557519879742"/>
            <fprob>0.0</fprob>
        </actor>
        <actor name="D0N28">
            <wcet number="0">10</wcet>
            <wcet number="1">20</wcet>
            <maxpow number="0.4808433308592036"/>
            <maxpow number="0.4808433308592036"/>
            <fprob>0.0</fprob>
        </actor>
        <actor name="D0N32">
            <wcet number="0">100</wcet>
            <wcet number="1">130</wcet>
            <maxpow number="0.2799781436716503"/>
            <maxpow number="0.2799781436716503"/>
            <fprob>0.0</fprob>
        </actor>
        <actor name="D0N36">
            <wcet number="0">60</wcet>
            <wcet number="1">80</wcet>
            <maxpow number="0.10319907946506018"/>
            <maxpow number="0.10319907946506018"/>
            <fprob>0.0</fprob>
        </actor>
        <actor name="D0N13">
            <wcet number="0">40</wcet>
            <wcet number="1">110</wcet>
            <maxpow number="0.566128407661728"/>
            <maxpow number="0.566128407661728"/>
            <fprob>0.0</fprob>
        </actor>
        <actor name="D0N38">
            <wcet number="0">30</wcet>
            <wcet number="1">40</wcet>
            <maxpow number="0.6410800774535903"/>
            <maxpow number="0.6410800774535903"/>
            <fprob>0.0</fprob>
        </actor>
        <actor name="D0N16">
            <wcet number="0">140</wcet>
            <wcet number="1">150</wcet>
            <maxpow number="0.600302665812897"/>
            <maxpow number="0.600302665812897"/>
            <fprob>0.0</fprob>
        </actor>
        <actor name="D0N17">
            <wcet number="0">10</wcet>
            <wcet number="1">60</wcet>
            <maxpow number="0.5412372313468532"/>
            <maxpow number="0.5412372313468532"/>
            <fprob>0.0</fprob>
        </actor>
        <actor name="D0N20">
            <wcet number="0">10</wcet>
            <wcet number="1">60</wcet>
            <maxpow number="0.3673209003407329"/>
            <maxpow number="0.3673209003407329"/>
            <fprob>0.0</fprob>
        </actor>
        <actor name="D0N30">
            <wcet number="0">10</wcet>
            <wcet number="1">50</wcet>
            <maxpow number="0.817344364834137"/>
            <maxpow number="0.817344364834137"/>
            <fprob>0.0</fprob>
        </actor>
        <actor name="D0N24">
            <wcet number="0">10</wcet>
            <wcet number="1">10</wcet>
            <maxpow number="0.4236434309090439"/>
            <maxpow number="0.4236434309090439"/>
            <fprob>0.0</fprob>
        </actor>
        <actor name="D0N7">
            <wcet number="0">70</wcet>
            <wcet number="1">70</wcet>
            <maxpow number="0.49879175153092664"/>
            <maxpow number="0.49879175153092664"/>
            <fprob>0.0</fprob>
        </actor>
        <actor name="D0N26">
            <wcet number="0">10</wcet>
            <wcet number="1">20</wcet>
            <maxpow number="0.4308491444381812"/>
            <maxpow number="0.4308491444381812"/>
            <fprob>0.0</fprob>
        </actor>
        <actor name="D0N4">
            <wcet number="0">30</wcet>
            <wcet number="1">100</wcet>
            <maxpow number="0.4222541847239906"/>
            <maxpow number="0.4222541847239906"/>
            <fprob>0.0</fprob>
        </actor>
        <actor name="D0N25">
            <wcet number="0">130</wcet>
            <wcet number="1">230</wcet>
            <maxpow number="0.42168064900897906"/>
            <maxpow number="0.42168064900897906"/>
            <fprob>0.0</fprob>
        </actor>
        <actor name="D0N27">
            <wcet number="0">80</wcet>
            <wcet number="1">130</wcet>
            <maxpow number="0.7429047848683653"/>
            <maxpow number="0.7429047848683653"/>
            <fprob>0.0</fprob>
        </actor>
        <actor name="D0N29">
            <wcet number="0">20</wcet>
            <wcet number="1">40</wcet>
            <maxpow number="0.6729431656094815"/>
            <maxpow number="0.6729431656094815"/>
            <fprob>0.0</fprob>
        </actor>
        <actor name="D0N45">
            <wcet number="0">100</wcet>
            <wcet number="1">110</wcet>
            <maxpow number="0.59175571071219"/>
            <maxpow number="0.59175571071219"/>
            <fprob>0.0</fprob>
        </actor>
        <actor name="D0N43">
            <wcet number="0">10</wcet>
            <wcet number="1">70</wcet>
            <maxpow number="0.6850940332072848"/>
            <maxpow number="0.6850940332072848"/>
            <fprob>0.0</fprob>
        </actor>
        <actor name="D0N2">
            <wcet number="0">50</wcet>
            <wcet number="1">50</wcet>
            <maxpow number="0.5040712488603667"/>
            <maxpow number="0.5040712488603667"/>
            <fprob>0.0</fprob>
        </actor>
        <actor name="D0N15">
            <wcet number="0">40</wcet>
            <wcet number="1">130</wcet>
            <maxpow number="0.2125542342280226"/>
            <maxpow number="0.2125542342280226"/>
            <fprob>0.0</fprob>
        </actor>
        <actor name="D0N21">
            <wcet number="0">20</wcet>
            <wcet number="1">80</wcet>
            <maxpow number="0.3419874719120146"/>
            <maxpow number="0.3419874719120146"/>
            <fprob>0.0</fprob>
        </actor>
        <actor name="D0N14">
            <wcet number="0">130</wcet>
            <wcet number="1">150</wcet>
            <maxpow number="0.3490953868248986"/>
            <maxpow number="0.3490953868248986"/>
            <fprob>0.0</fprob>
        </actor>
        <actor name="D0N3">
            <wcet number="0">40</wcet>
            <wcet number="1">50</wcet>
            <maxpow number="0.7455069137727115"/>
            <maxpow number="0.7455069137727115"/>
            <fprob>0.0</fprob>
        </actor>
        <actor name="D0N39">
            <wcet number="0">40</wcet>
            <wcet number="1">50</wcet>
            <maxpow number="0.5285696989648327"/>
            <maxpow number="0.5285696989648327"/>
            <fprob>0.0</fprob>
        </actor>
        <actor name="D0N8">
            <wcet number="0">40</wcet>
            <wcet number="1">50</wcet>
            <maxpow number="0.8086477868187345"/>
            <maxpow number="0.8086477868187345"/>
            <fprob>0.0</fprob>
        </actor>
        <actor name="D0N41">
            <wcet number="0">10</wcet>
            <wcet number="1">40</wcet>
            <maxpow number="0.5666397325056101"/>
            <maxpow number="0.5666397325056101"/>
            <fprob>0.0</fprob>
        </actor>
        <actor name="D0N22">
            <wcet number="0">60</wcet>
            <wcet number="1">120</wcet>
            <maxpow number="0.27647316279802214"/>
            <maxpow number="0.27647316279802214"/>
            <fprob>0.0</fprob>
        </actor>
        <actor name="D0N46">
            <wcet number="0">40</wcet>
            <wcet number="1">40</wcet>
            <maxpow number="0.4925835433496619"/>
            <maxpow number="0.4925835433496619"/>
            <fprob>0.0</fprob>
        </actor>
        <actor name="D0N40">
            <wcet number="0">30</wcet>
            <wcet number="1">110</wcet>
            <maxpow number="0.8013357154982121"/>
            <maxpow number="0.8013357154982121"/>
            <fprob>0.0</fprob>
        </actor>
        <ports>
            <port dstActor="D0N32" name="p0" srcActor="D0N31"/>
            <port dstActor="D0N34" name="p1" srcActor="D0N23"/>
            <port dstActor="D0N26" name="p2" srcActor="D0N23"/>
            <port dstActor="D0N31" name="p3" srcActor="D0N23"/>
            <port dstActor="D0N43" name="p4" srcActor="D0N37"/>
            <port dstActor="D0N44" name="p5" srcActor="D0N37"/>
            <port dstActor="D0N45" name="p6" srcActor="D0N18"/>
            <port dstActor="D0N28" name="p7" srcActor="D0N18"/>
            <port dstActor="D0N25" name="p8" srcActor="D0N18"/>
            <port dstActor="D0N38" name="p9" srcActor="D0N18"/>
            <port dstActor="D0N22" name="p10" srcActor="D0N18"/>
            <port dstActor="D0N21" name="p11" srcActor="D0N0"/>
            <port dstActor="D0N23" name="p12" srcActor="D0N0"/>
            <port dstActor="D0N2" name="p13" srcActor="D0N0"/>
            <port dstActor="D0N46" name="p14" srcActor="D0N42"/>
            <port dstActor="D0N42" name="p15" srcActor="D0N5"/>
            <port dstActor="D0N20" name="p16" srcActor="D0N5"/>
            <port dstActor="D0N37" name="p17" srcActor="D0N5"/>
            <port dstActor="D0N28" name="p18" srcActor="D0N5"/>
            <port dstActor="D0N39" name="p19" srcActor="D0N5"/>
            <port dstActor="D0N33" name="p20" srcActor="D0N5"/>
            <port dstActor="D0N46" name="p21" srcActor="D0N5"/>
            <port dstActor="D0N46" name="p22" srcActor="D0N33"/>
            <port dstActor="D0N17" name="p23" srcActor="D0N10"/>
            <port dstActor="D0N35" name="p24" srcActor="D0N10"/>
            <port dstActor="D0N30" name="p25" srcActor="D0N10"/>
            <port dstActor="D0N41" name="p26" srcActor="D0N10"/>
            <port dstActor="D0N28" name="p27" srcActor="D0N11"/>
            <port dstActor="D0N16" name="p28" srcActor="D0N11"/>
            <port dstActor="D0N35" name="p29" srcActor="D0N11"/>
            <port dstActor="D0N12" name="p30" srcActor="D0N11"/>
            <port dstActor="D0N22" name="p31" srcActor="D0N11"/>
            <port dstActor="D0N45" name="p32" srcActor="D0N34"/>
            <port dstActor="D0N42" name="p33" srcActor="D0N34"/>
            <port dstActor="D0N18" name="p34" srcActor="D0N12"/>
            <port dstActor="D0N26" name="p35" srcActor="D0N9"/>
            <port dstActor="D0N15" name="p36" srcActor="D0N9"/>
            <port dstActor="D0N22" name="p37" srcActor="D0N9"/>
            <port dstActor="D0N46" name="p38" srcActor="D0N35"/>
            <port dstActor="D0N26" name="p39" srcActor="D0N1"/>
            <port dstActor="D0N35" name="p40" srcActor="D0N1"/>
            <port dstActor="D0N43" name="p41" srcActor="D0N1"/>
            <port dstActor="D0N30" name="p42" srcActor="D0N1"/>
            <port dstActor="D0N37" name="p43" srcActor="D0N1"/>
            <port dstActor="D0N16" name="p44" srcActor="D0N6"/>
            <port dstActor="D0N7" name="p45" srcActor="D0N6"/>
            <port dstActor="D0N31" name="p46" srcActor="D0N6"/>
            <port dstActor="D0N30" name="p47" srcActor="D0N28"/>
            <port dstActor="D0N43" name="p48" srcActor="D0N28"/>
            <port dstActor="D0N45" name="p49" srcActor="D0N28"/>
            <port dstActor="D0N35" name="p50" srcActor="D0N32"/>
            <port dstActor="D0N40" name="p51" srcActor="D0N32"/>
            <port dstActor="D0N39" name="p52" srcActor="D0N36"/>
            <port dstActor="D0N42" name="p53" srcActor="D0N36"/>
            <port dstActor="D0N44" name="p54" srcActor="D0N36"/>
            <port dstActor="D0N46" name="p55" srcActor="D0N36"/>
            <port dstActor="D0N46" name="p56" srcActor="D0N13"/>
            <port dstActor="D0N19" name="p57" srcActor="D0N13"/>
            <port dstActor="D0N44" name="p58" srcActor="D0N38"/>
            <port dstActor="D0N40" name="p59" srcActor="D0N38"/>
            <port dstActor="D0N20" name="p60" srcActor="D0N16"/>
            <port dstActor="D0N33" name="p61" srcActor="D0N16"/>
            <port dstActor="D0N38" name="p62" srcActor="D0N16"/>
            <port dstActor="D0N39" name="p63" srcActor="D0N17"/>
            <port dstActor="D0N43" name="p64" srcActor="D0N17"/>
            <port dstActor="D0N30" name="p65" srcActor="D0N17"/>
            <port dstActor="D0N20" name="p66" srcActor="D0N17"/>
            <port dstActor="D0N24" name="p67" srcActor="D0N20"/>
            <port dstActor="D0N30" name="p68" srcActor="D0N20"/>
            <port dstActor="D0N32" name="p69" srcActor="D0N24"/>
            <port dstActor="D0N26" name="p70" srcActor="D0N24"/>
            <port dstActor="D0N29" name="p71" srcActor="D0N24"/>
            <port dstActor="D0N42" name="p72" srcActor="D0N7"/>
            <port dstActor="D0N22" name="p73" srcActor="D0N7"/>
            <port dstActor="D0N21" name="p74" srcActor="D0N7"/>
            <port dstActor="D0N33" name="p75" srcActor="D0N26"/>
            <port dstActor="D0N7" name="p76" srcActor="D0N4"/>
            <port dstActor="D0N41" name="p77" srcActor="D0N4"/>
            <port dstActor="D0N21" name="p78" srcActor="D0N4"/>
            <port dstActor="D0N31" name="p79" srcActor="D0N4"/>
            <port dstActor="D0N28" name="p80" srcActor="D0N4"/>
            <port dstActor="D0N18" name="p81" srcActor="D0N4"/>
            <port dstActor="D0N35" name="p82" srcActor="D0N4"/>
            <port dstActor="D0N39" name="p83" srcActor="D0N4"/>
            <port dstActor="D0N37" name="p84" srcActor="D0N4"/>
            <port dstActor="D0N41" name="p85" srcActor="D0N25"/>
            <port dstActor="D0N39" name="p86" srcActor="D0N25"/>
            <port dstActor="D0N34" name="p87" srcActor="D0N25"/>
            <port dstActor="D0N39" name="p88" srcActor="D0N27"/>
            <port dstActor="D0N45" name="p89" srcActor="D0N27"/>
            <port dstActor="D0N34" name="p90" srcActor="D0N29"/>
            <port dstActor="D0N45" name="p91" srcActor="D0N43"/>
            <port dstActor="D0N30" name="p92" srcActor="D0N2"/>
            <port dstActor="D0N10" name="p93" srcActor="D0N2"/>
            <port dstActor="D0N8" name="p94" srcActor="D0N2"/>
            <port dstActor="D0N33" name="p95" srcActor="D0N21"/>
            <port dstActor="D0N45" name="p96" srcActor="D0N21"/>
            <port dstActor="D0N33" name="p97" srcActor="D0N14"/>
            <port dstActor="D0N18" name="p98" srcActor="D0N14"/>
            <port dstActor="D0N41" name="p99" srcActor="D0N14"/>
            <port dstActor="D0N15" name="p100" srcActor="D0N14"/>
            <port dstActor="D0N36" name="p101" srcActor="D0N14"/>
            <port dstActor="D0N5" name="p102" srcActor="D0N3"/>
            <port dstActor="D0N24" name="p103" srcActor="D0N3"/>
            <port dstActor="D0N37" name="p104" srcActor="D0N3"/>
            <port dstActor="D0N44" name="p105" srcActor="D0N39"/>
            <port dstActor="D0N14" name="p106" srcActor="D0N8"/>
            <port dstActor="D0N27" name="p107" srcActor="D0N8"/>
            <port dstActor="D0N42" name="p108" srcActor="D0N8"/>
            <port dstActor="D0N42" name="p109" srcActor="D0N41"/>
            <port dstActor="D0N40" name="p110" srcActor="D0N22"/>
            <port dstActor="D0N46" name="p111" srcActor="D0N22"/>
        </ports>
    </mcdag>
    <cores number="3"/>
    <levels number="2"/>
</mcsystem>
