<?xml version="1.0" encoding="UTF-8" standalone="no"?>
<mcsystem>
    <mcdag deadline="1200" name="genned-0-ed-10.0-0">
        <actor name="D0N6">
            <wcet number="0">100</wcet>
            <wcet number="1">120</wcet>
            <maxpow number="0.22619051081368202"/>
            <maxpow number="0.22619051081368202"/>
            <fprob>0.0</fprob>
        </actor>
        <actor name="D0N33">
            <wcet number="0">10</wcet>
            <wcet number="1">30</wcet>
            <maxpow number="0.6667095911740621"/>
            <maxpow number="0.6667095911740621"/>
            <fprob>0.0</fprob>
        </actor>
        <actor name="D0N45">
            <wcet number="0">10</wcet>
            <wcet number="1">60</wcet>
            <maxpow number="0.9441789111598042"/>
            <maxpow number="0.9441789111598042"/>
            <fprob>0.0</fprob>
        </actor>
        <actor name="D0N13">
            <wcet number="0">20</wcet>
            <wcet number="1">20</wcet>
            <maxpow number="0.5069253853923661"/>
            <maxpow number="0.5069253853923661"/>
            <fprob>0.0</fprob>
        </actor>
        <actor name="D0N27">
            <wcet number="0">50</wcet>
            <wcet number="1">60</wcet>
            <maxpow number="0.8028717713645255"/>
            <maxpow number="0.8028717713645255"/>
            <fprob>0.0</fprob>
        </actor>
        <actor name="D0N0">
            <wcet number="0">10</wcet>
            <wcet number="1">10</wcet>
            <maxpow number="0.5794335954361518"/>
            <maxpow number="0.5794335954361518"/>
            <fprob>0.0</fprob>
        </actor>
        <actor name="D0N44">
            <wcet number="0">20</wcet>
            <wcet number="1">20</wcet>
            <maxpow number="0.7515134310001067"/>
            <maxpow number="0.7515134310001067"/>
            <fprob>0.0</fprob>
        </actor>
        <actor name="D0N16">
            <wcet number="0">30</wcet>
            <wcet number="1">30</wcet>
            <maxpow number="0.8598225045367996"/>
            <maxpow number="0.8598225045367996"/>
            <fprob>0.0</fprob>
        </actor>
        <actor name="D0N21">
            <wcet number="0">20</wcet>
            <wcet number="1">40</wcet>
            <maxpow number="0.2766844144781183"/>
            <maxpow number="0.2766844144781183"/>
            <fprob>0.0</fprob>
        </actor>
        <actor name="D0N35">
            <wcet number="0">20</wcet>
            <wcet number="1">20</wcet>
            <maxpow number="0.5260482948720738"/>
            <maxpow number="0.5260482948720738"/>
            <fprob>0.0</fprob>
        </actor>
        <actor name="D0N37">
            <wcet number="0">10</wcet>
            <wcet number="1">10</wcet>
            <maxpow number="0.5086919897516881"/>
            <maxpow number="0.5086919897516881"/>
            <fprob>0.0</fprob>
        </actor>
        <actor name="D0N22">
            <wcet number="0">30</wcet>
            <wcet number="1">40</wcet>
            <maxpow number="0.5413115115764504"/>
            <maxpow number="0.5413115115764504"/>
            <fprob>0.0</fprob>
        </actor>
        <actor name="D0N39">
            <wcet number="0">60</wcet>
            <wcet number="1">90</wcet>
            <maxpow number="0.32579350075017377"/>
            <maxpow number="0.32579350075017377"/>
            <fprob>0.0</fprob>
        </actor>
        <actor name="D0N14">
            <wcet number="0">30</wcet>
            <wcet number="1">70</wcet>
            <maxpow number="0.23241237050800273"/>
            <maxpow number="0.23241237050800273"/>
            <fprob>0.0</fprob>
        </actor>
        <actor name="D0N24">
            <wcet number="0">10</wcet>
            <wcet number="1">10</wcet>
            <maxpow number="0.49768754630992207"/>
            <maxpow number="0.49768754630992207"/>
            <fprob>0.0</fprob>
        </actor>
        <actor name="D0N30">
            <wcet number="0">30</wcet>
            <wcet number="1">50</wcet>
            <maxpow number="0.45248696803396904"/>
            <maxpow number="0.45248696803396904"/>
            <fprob>0.0</fprob>
        </actor>
        <actor name="D0N11">
            <wcet number="0">40</wcet>
            <wcet number="1">40</wcet>
            <maxpow number="0.45723735805222593"/>
            <maxpow number="0.45723735805222593"/>
            <fprob>0.0</fprob>
        </actor>
        <actor name="D0N4">
            <wcet number="0">40</wcet>
            <wcet number="1">40</wcet>
            <maxpow number="0.2753971703523801"/>
            <maxpow number="0.2753971703523801"/>
            <fprob>0.0</fprob>
        </actor>
        <actor name="D0N41">
            <wcet number="0">20</wcet>
            <wcet number="1">20</wcet>
            <maxpow number="0.9396655160045054"/>
            <maxpow number="0.9396655160045054"/>
            <fprob>0.0</fprob>
        </actor>
        <actor name="D0N8">
            <wcet number="0">10</wcet>
            <wcet number="1">10</wcet>
            <maxpow number="0.41672854012313776"/>
            <maxpow number="0.41672854012313776"/>
            <fprob>0.0</fprob>
        </actor>
        <actor name="D0N38">
            <wcet number="0">10</wcet>
            <wcet number="1">10</wcet>
            <maxpow number="0.6148194252907045"/>
            <maxpow number="0.6148194252907045"/>
            <fprob>0.0</fprob>
        </actor>
        <actor name="D0N10">
            <wcet number="0">10</wcet>
            <wcet number="1">20</wcet>
            <maxpow number="0.3333305814323739"/>
            <maxpow number="0.3333305814323739"/>
            <fprob>0.0</fprob>
        </actor>
        <actor name="D0N31">
            <wcet number="0">30</wcet>
            <wcet number="1">30</wcet>
            <maxpow number="0.7596268915539511"/>
            <maxpow number="0.7596268915539511"/>
            <fprob>0.0</fprob>
        </actor>
        <actor name="D0N12">
            <wcet number="0">10</wcet>
            <wcet number="1">20</wcet>
            <maxpow number="0.33234240731548426"/>
            <maxpow number="0.33234240731548426"/>
            <fprob>0.0</fprob>
        </actor>
        <actor name="D0N15">
            <wcet number="0">10</wcet>
            <wcet number="1">10</wcet>
            <maxpow number="0.3396435711336668"/>
            <maxpow number="0.3396435711336668"/>
            <fprob>0.0</fprob>
        </actor>
        <actor name="D0N9">
            <wcet number="0">670</wcet>
            <wcet number="1">730</wcet>
            <maxpow number="0.7020636672955972"/>
            <maxpow number="0.7020636672955972"/>
            <fprob>0.0</fprob>
        </actor>
        <actor name="D0N40">
            <wcet number="0">10</wcet>
            <wcet number="1">10</wcet>
            <maxpow number="0.7635649210875237"/>
            <maxpow number="0.7635649210875237"/>
            <fprob>0.0</fprob>
        </actor>
        <actor name="D0N26">
            <wcet number="0">10</wcet>
            <wcet number="1">20</wcet>
            <maxpow number="0.38843627399520136"/>
            <maxpow number="0.38843627399520136"/>
            <fprob>0.0</fprob>
        </actor>
        <actor name="D0N17">
            <wcet number="0">50</wcet>
            <wcet number="1">60</wcet>
            <maxpow number="0.3928926372248648"/>
            <maxpow number="0.3928926372248648"/>
            <fprob>0.0</fprob>
        </actor>
        <actor name="D0N7">
            <wcet number="0">30</wcet>
            <wcet number="1">30</wcet>
            <maxpow number="0.5754422054073866"/>
            <maxpow number="0.5754422054073866"/>
            <fprob>0.0</fprob>
        </actor>
        <actor name="D0N23">
            <wcet number="0">60</wcet>
            <wcet number="1">80</wcet>
            <maxpow number="0.716674879319332"/>
            <maxpow number="0.716674879319332"/>
            <fprob>0.0</fprob>
        </actor>
        <actor name="D0N32">
            <wcet number="0">50</wcet>
            <wcet number="1">140</wcet>
            <maxpow number="0.6381615558480651"/>
            <maxpow number="0.6381615558480651"/>
            <fprob>0.0</fprob>
        </actor>
        <actor name="D0N18">
            <wcet number="0">10</wcet>
            <wcet number="1">70</wcet>
            <maxpow number="0.534811582025339"/>
            <maxpow number="0.534811582025339"/>
            <fprob>0.0</fprob>
        </actor>
        <actor name="D0N25">
            <wcet number="0">140</wcet>
            <wcet number="1">170</wcet>
            <maxpow number="0.40217525076739"/>
            <maxpow number="0.40217525076739"/>
            <fprob>0.0</fprob>
        </actor>
        <actor name="D0N42">
            <wcet number="0">10</wcet>
            <wcet number="1">10</wcet>
            <maxpow number="0.7273881651375762"/>
            <maxpow number="0.7273881651375762"/>
            <fprob>0.0</fprob>
        </actor>
        <actor name="D0N1">
            <wcet number="0">40</wcet>
            <wcet number="1">60</wcet>
            <maxpow number="0.6412155153857012"/>
            <maxpow number="0.6412155153857012"/>
            <fprob>0.0</fprob>
        </actor>
        <actor name="D0N20">
            <wcet number="0">50</wcet>
            <wcet number="1">70</wcet>
            <maxpow number="0.6410904317831423"/>
            <maxpow number="0.6410904317831423"/>
            <fprob>0.0</fprob>
        </actor>
        <actor name="D0N2">
            <wcet number="0">10</wcet>
            <wcet number="1">20</wcet>
            <maxpow number="0.13265859282496473"/>
            <maxpow number="0.13265859282496473"/>
            <fprob>0.0</fprob>
        </actor>
        <actor name="D0N36">
            <wcet number="0">30</wcet>
            <wcet number="1">40</wcet>
            <maxpow number="0.5106279620880607"/>
            <maxpow number="0.5106279620880607"/>
            <fprob>0.0</fprob>
        </actor>
        <actor name="D0N5">
            <wcet number="0">10</wcet>
            <wcet number="1">10</wcet>
            <maxpow number="0.5699146824154475"/>
            <maxpow number="0.5699146824154475"/>
            <fprob>0.0</fprob>
        </actor>
        <actor name="D0N28">
            <wcet number="0">70</wcet>
            <wcet number="1">100</wcet>
            <maxpow number="0.6811915688527604"/>
            <maxpow number="0.6811915688527604"/>
            <fprob>0.0</fprob>
        </actor>
        <actor name="D0N3">
            <wcet number="0">10</wcet>
            <wcet number="1">50</wcet>
            <maxpow number="0.37138476668894993"/>
            <maxpow number="0.37138476668894993"/>
            <fprob>0.0</fprob>
        </actor>
        <actor name="D0N29">
            <wcet number="0">10</wcet>
            <wcet number="1">10</wcet>
            <maxpow number="0.3940320915832307"/>
            <maxpow number="0.3940320915832307"/>
            <fprob>0.0</fprob>
        </actor>
        <actor name="D0N43">
            <wcet number="0">30</wcet>
            <wcet number="1">40</wcet>
            <maxpow number="0.791801461655421"/>
            <maxpow number="0.791801461655421"/>
            <fprob>0.0</fprob>
        </actor>
        <actor name="D0N19">
            <wcet number="0">30</wcet>
            <wcet number="1">30</wcet>
            <maxpow number="0.49634194100261303"/>
            <maxpow number="0.49634194100261303"/>
            <fprob>0.0</fprob>
        </actor>
        <actor name="D0N34">
            <wcet number="0">10</wcet>
            <wcet number="1">10</wcet>
            <maxpow number="0.5866752913237607"/>
            <maxpow number="0.5866752913237607"/>
            <fprob>0.0</fprob>
        </actor>
        <ports>
            <port dstActor="D0N25" name="p0" srcActor="D0N6"/>
            <port dstActor="D0N28" name="p1" srcActor="D0N6"/>
            <port dstActor="D0N34" name="p2" srcActor="D0N6"/>
            <port dstActor="D0N29" name="p3" srcActor="D0N6"/>
            <port dstActor="D0N7" name="p4" srcActor="D0N6"/>
            <port dstActor="D0N45" name="p5" srcActor="D0N6"/>
            <port dstActor="D0N31" name="p6" srcActor="D0N6"/>
            <port dstActor="D0N22" name="p7" srcActor="D0N13"/>
            <port dstActor="D0N23" name="p8" srcActor="D0N13"/>
            <port dstActor="D0N27" name="p9" srcActor="D0N13"/>
            <port dstActor="D0N18" name="p10" srcActor="D0N13"/>
            <port dstActor="D0N39" name="p11" srcActor="D0N13"/>
            <port dstActor="D0N24" name="p12" srcActor="D0N13"/>
            <port dstActor="D0N29" name="p13" srcActor="D0N27"/>
            <port dstActor="D0N38" name="p14" srcActor="D0N27"/>
            <port dstActor="D0N19" name="p15" srcActor="D0N16"/>
            <port dstActor="D0N45" name="p16" srcActor="D0N16"/>
            <port dstActor="D0N41" name="p17" srcActor="D0N16"/>
            <port dstActor="D0N26" name="p18" srcActor="D0N16"/>
            <port dstActor="D0N43" name="p19" srcActor="D0N37"/>
            <port dstActor="D0N39" name="p20" srcActor="D0N37"/>
            <port dstActor="D0N25" name="p21" srcActor="D0N22"/>
            <port dstActor="D0N33" name="p22" srcActor="D0N22"/>
            <port dstActor="D0N38" name="p23" srcActor="D0N22"/>
            <port dstActor="D0N41" name="p24" srcActor="D0N22"/>
            <port dstActor="D0N41" name="p25" srcActor="D0N14"/>
            <port dstActor="D0N15" name="p26" srcActor="D0N14"/>
            <port dstActor="D0N32" name="p27" srcActor="D0N24"/>
            <port dstActor="D0N42" name="p28" srcActor="D0N24"/>
            <port dstActor="D0N28" name="p29" srcActor="D0N24"/>
            <port dstActor="D0N43" name="p30" srcActor="D0N30"/>
            <port dstActor="D0N31" name="p31" srcActor="D0N30"/>
            <port dstActor="D0N34" name="p32" srcActor="D0N30"/>
            <port dstActor="D0N39" name="p33" srcActor="D0N11"/>
            <port dstActor="D0N14" name="p34" srcActor="D0N11"/>
            <port dstActor="D0N20" name="p35" srcActor="D0N11"/>
            <port dstActor="D0N18" name="p36" srcActor="D0N11"/>
            <port dstActor="D0N17" name="p37" srcActor="D0N11"/>
            <port dstActor="D0N43" name="p38" srcActor="D0N11"/>
            <port dstActor="D0N42" name="p39" srcActor="D0N4"/>
            <port dstActor="D0N33" name="p40" srcActor="D0N4"/>
            <port dstActor="D0N37" name="p41" srcActor="D0N4"/>
            <port dstActor="D0N34" name="p42" srcActor="D0N8"/>
            <port dstActor="D0N29" name="p43" srcActor="D0N8"/>
            <port dstActor="D0N33" name="p44" srcActor="D0N8"/>
            <port dstActor="D0N17" name="p45" srcActor="D0N8"/>
            <port dstActor="D0N26" name="p46" srcActor="D0N8"/>
            <port dstActor="D0N42" name="p47" srcActor="D0N10"/>
            <port dstActor="D0N22" name="p48" srcActor="D0N10"/>
            <port dstActor="D0N34" name="p49" srcActor="D0N31"/>
            <port dstActor="D0N45" name="p50" srcActor="D0N31"/>
            <port dstActor="D0N27" name="p51" srcActor="D0N12"/>
            <port dstActor="D0N21" name="p52" srcActor="D0N12"/>
            <port dstActor="D0N33" name="p53" srcActor="D0N12"/>
            <port dstActor="D0N44" name="p54" srcActor="D0N12"/>
            <port dstActor="D0N37" name="p55" srcActor="D0N12"/>
            <port dstActor="D0N15" name="p56" srcActor="D0N12"/>
            <port dstActor="D0N44" name="p57" srcActor="D0N15"/>
            <port dstActor="D0N28" name="p58" srcActor="D0N15"/>
            <port dstActor="D0N32" name="p59" srcActor="D0N15"/>
            <port dstActor="D0N42" name="p60" srcActor="D0N15"/>
            <port dstActor="D0N21" name="p61" srcActor="D0N15"/>
            <port dstActor="D0N30" name="p62" srcActor="D0N9"/>
            <port dstActor="D0N24" name="p63" srcActor="D0N9"/>
            <port dstActor="D0N28" name="p64" srcActor="D0N9"/>
            <port dstActor="D0N37" name="p65" srcActor="D0N9"/>
            <port dstActor="D0N12" name="p66" srcActor="D0N9"/>
            <port dstActor="D0N45" name="p67" srcActor="D0N26"/>
            <port dstActor="D0N41" name="p68" srcActor="D0N26"/>
            <port dstActor="D0N37" name="p69" srcActor="D0N26"/>
            <port dstActor="D0N31" name="p70" srcActor="D0N26"/>
            <port dstActor="D0N23" name="p71" srcActor="D0N17"/>
            <port dstActor="D0N22" name="p72" srcActor="D0N17"/>
            <port dstActor="D0N43" name="p73" srcActor="D0N17"/>
            <port dstActor="D0N34" name="p74" srcActor="D0N17"/>
            <port dstActor="D0N31" name="p75" srcActor="D0N17"/>
            <port dstActor="D0N35" name="p76" srcActor="D0N7"/>
            <port dstActor="D0N28" name="p77" srcActor="D0N7"/>
            <port dstActor="D0N31" name="p78" srcActor="D0N7"/>
            <port dstActor="D0N17" name="p79" srcActor="D0N7"/>
            <port dstActor="D0N26" name="p80" srcActor="D0N7"/>
            <port dstActor="D0N45" name="p81" srcActor="D0N23"/>
            <port dstActor="D0N31" name="p82" srcActor="D0N23"/>
            <port dstActor="D0N45" name="p83" srcActor="D0N32"/>
            <port dstActor="D0N33" name="p84" srcActor="D0N32"/>
            <port dstActor="D0N34" name="p85" srcActor="D0N32"/>
            <port dstActor="D0N36" name="p86" srcActor="D0N32"/>
            <port dstActor="D0N45" name="p87" srcActor="D0N25"/>
            <port dstActor="D0N30" name="p88" srcActor="D0N25"/>
            <port dstActor="D0N38" name="p89" srcActor="D0N25"/>
            <port dstActor="D0N42" name="p90" srcActor="D0N1"/>
            <port dstActor="D0N25" name="p91" srcActor="D0N20"/>
            <port dstActor="D0N23" name="p92" srcActor="D0N20"/>
            <port dstActor="D0N36" name="p93" srcActor="D0N20"/>
            <port dstActor="D0N21" name="p94" srcActor="D0N20"/>
            <port dstActor="D0N37" name="p95" srcActor="D0N2"/>
            <port dstActor="D0N3" name="p96" srcActor="D0N2"/>
            <port dstActor="D0N24" name="p97" srcActor="D0N2"/>
            <port dstActor="D0N43" name="p98" srcActor="D0N2"/>
            <port dstActor="D0N20" name="p99" srcActor="D0N2"/>
            <port dstActor="D0N29" name="p100" srcActor="D0N2"/>
            <port dstActor="D0N39" name="p101" srcActor="D0N5"/>
            <port dstActor="D0N34" name="p102" srcActor="D0N5"/>
            <port dstActor="D0N37" name="p103" srcActor="D0N28"/>
            <port dstActor="D0N20" name="p104" srcActor="D0N3"/>
            <port dstActor="D0N15" name="p105" srcActor="D0N3"/>
            <port dstActor="D0N23" name="p106" srcActor="D0N3"/>
            <port dstActor="D0N26" name="p107" srcActor="D0N3"/>
            <port dstActor="D0N35" name="p108" srcActor="D0N29"/>
            <port dstActor="D0N30" name="p109" srcActor="D0N29"/>
            <port dstActor="D0N45" name="p110" srcActor="D0N29"/>
            <port dstActor="D0N40" name="p111" srcActor="D0N29"/>
            <port dstActor="D0N34" name="p112" srcActor="D0N29"/>
            <port dstActor="D0N35" name="p113" srcActor="D0N19"/>
            <port dstActor="D0N26" name="p114" srcActor="D0N19"/>
            <port dstActor="D0N43" name="p115" srcActor="D0N19"/>
            <port dstActor="D0N37" name="p116" srcActor="D0N19"/>
        </ports>
    </mcdag>
    <cores number="3"/>
    <levels number="2"/>
</mcsystem>
