<?xml version="1.0" encoding="UTF-8" standalone="no"?>
<mcsystem>
    <mcdag deadline="4000" name="genned-0-ed-10.0-0">
        <actor name="D0N7">
            <wcet number="0">60</wcet>
            <wcet number="1">80</wcet>
            <maxpow number="0.3505992374753276"/>
            <maxpow number="0.3505992374753276"/>
            <fprob>0.0</fprob>
        </actor>
        <actor name="D0N34">
            <wcet number="0">1020</wcet>
            <wcet number="1">1320</wcet>
            <maxpow number="0.5415145300517449"/>
            <maxpow number="0.5415145300517449"/>
            <fprob>0.0</fprob>
        </actor>
        <actor name="D0N11">
            <wcet number="0">80</wcet>
            <wcet number="1">260</wcet>
            <maxpow number="0.7108776490495751"/>
            <maxpow number="0.7108776490495751"/>
            <fprob>0.0</fprob>
        </actor>
        <actor name="D0N45">
            <wcet number="0">90</wcet>
            <wcet number="1">100</wcet>
            <maxpow number="0.7073185209216819"/>
            <maxpow number="0.7073185209216819"/>
            <fprob>0.0</fprob>
        </actor>
        <actor name="D0N46">
            <wcet number="0">30</wcet>
            <wcet number="1">50</wcet>
            <maxpow number="0.7433026113590784"/>
            <maxpow number="0.7433026113590784"/>
            <fprob>0.0</fprob>
        </actor>
        <actor name="D0N2">
            <wcet number="0">120</wcet>
            <wcet number="1">160</wcet>
            <maxpow number="0.7328921464622615"/>
            <maxpow number="0.7328921464622615"/>
            <fprob>0.0</fprob>
        </actor>
        <actor name="D0N9">
            <wcet number="0">170</wcet>
            <wcet number="1">330</wcet>
            <maxpow number="0.7998080559068479"/>
            <maxpow number="0.7998080559068479"/>
            <fprob>0.0</fprob>
        </actor>
        <actor name="D0N37">
            <wcet number="0">10</wcet>
            <wcet number="1">40</wcet>
            <maxpow number="0.7573897369879443"/>
            <maxpow number="0.7573897369879443"/>
            <fprob>0.0</fprob>
        </actor>
        <actor name="D0N6">
            <wcet number="0">210</wcet>
            <wcet number="1">230</wcet>
            <maxpow number="0.6435581159129299"/>
            <maxpow number="0.6435581159129299"/>
            <fprob>0.0</fprob>
        </actor>
        <actor name="D0N47">
            <wcet number="0">70</wcet>
            <wcet number="1">100</wcet>
            <maxpow number="0.579385178653054"/>
            <maxpow number="0.579385178653054"/>
            <fprob>0.0</fprob>
        </actor>
        <actor name="D0N12">
            <wcet number="0">70</wcet>
            <wcet number="1">170</wcet>
            <maxpow number="1.0734782766811408"/>
            <maxpow number="1.0734782766811408"/>
            <fprob>0.0</fprob>
        </actor>
        <actor name="D0N1">
            <wcet number="0">30</wcet>
            <wcet number="1">90</wcet>
            <maxpow number="0.754904471874552"/>
            <maxpow number="0.754904471874552"/>
            <fprob>0.0</fprob>
        </actor>
        <actor name="D0N33">
            <wcet number="0">100</wcet>
            <wcet number="1">220</wcet>
            <maxpow number="0.41950167770858826"/>
            <maxpow number="0.41950167770858826"/>
            <fprob>0.0</fprob>
        </actor>
        <actor name="D0N38">
            <wcet number="0">40</wcet>
            <wcet number="1">60</wcet>
            <maxpow number="0.3680669732004215"/>
            <maxpow number="0.3680669732004215"/>
            <fprob>0.0</fprob>
        </actor>
        <actor name="D0N28">
            <wcet number="0">160</wcet>
            <wcet number="1">160</wcet>
            <maxpow number="0.7522954125312296"/>
            <maxpow number="0.7522954125312296"/>
            <fprob>0.0</fprob>
        </actor>
        <actor name="D0N31">
            <wcet number="0">90</wcet>
            <wcet number="1">250</wcet>
            <maxpow number="0.5291281140268733"/>
            <maxpow number="0.5291281140268733"/>
            <fprob>0.0</fprob>
        </actor>
        <actor name="D0N3">
            <wcet number="0">230</wcet>
            <wcet number="1">340</wcet>
            <maxpow number="0.5584655636789813"/>
            <maxpow number="0.5584655636789813"/>
            <fprob>0.0</fprob>
        </actor>
        <actor name="D0N32">
            <wcet number="0">170</wcet>
            <wcet number="1">290</wcet>
            <maxpow number="0.1699380313272012"/>
            <maxpow number="0.1699380313272012"/>
            <fprob>0.0</fprob>
        </actor>
        <actor name="D0N49">
            <wcet number="0">210</wcet>
            <wcet number="1">400</wcet>
            <maxpow number="0.5531234498903426"/>
            <maxpow number="0.5531234498903426"/>
            <fprob>0.0</fprob>
        </actor>
        <actor name="D0N44">
            <wcet number="0">40</wcet>
            <wcet number="1">50</wcet>
            <maxpow number="0.6407924983307336"/>
            <maxpow number="0.6407924983307336"/>
            <fprob>0.0</fprob>
        </actor>
        <actor name="D0N48">
            <wcet number="0">20</wcet>
            <wcet number="1">150</wcet>
            <maxpow number="0.4214396023770206"/>
            <maxpow number="0.4214396023770206"/>
            <fprob>0.0</fprob>
        </actor>
        <actor name="D0N14">
            <wcet number="0">110</wcet>
            <wcet number="1">350</wcet>
            <maxpow number="0.5407192006861903"/>
            <maxpow number="0.5407192006861903"/>
            <fprob>0.0</fprob>
        </actor>
        <actor name="D0N27">
            <wcet number="0">50</wcet>
            <wcet number="1">100</wcet>
            <maxpow number="0.6064038625496191"/>
            <maxpow number="0.6064038625496191"/>
            <fprob>0.0</fprob>
        </actor>
        <actor name="D0N40">
            <wcet number="0">120</wcet>
            <wcet number="1">450</wcet>
            <maxpow number="0.7941219763581415"/>
            <maxpow number="0.7941219763581415"/>
            <fprob>0.0</fprob>
        </actor>
        <actor name="D0N5">
            <wcet number="0">70</wcet>
            <wcet number="1">90</wcet>
            <maxpow number="0.5309826900196019"/>
            <maxpow number="0.5309826900196019"/>
            <fprob>0.0</fprob>
        </actor>
        <actor name="D0N43">
            <wcet number="0">190</wcet>
            <wcet number="1">250</wcet>
            <maxpow number="0.40620505619503744"/>
            <maxpow number="0.40620505619503744"/>
            <fprob>0.0</fprob>
        </actor>
        <actor name="D0N10">
            <wcet number="0">120</wcet>
            <wcet number="1">150</wcet>
            <maxpow number="0.8345601932167442"/>
            <maxpow number="0.8345601932167442"/>
            <fprob>0.0</fprob>
        </actor>
        <actor name="D0N16">
            <wcet number="0">90</wcet>
            <wcet number="1">120</wcet>
            <maxpow number="0.15725411307456094"/>
            <maxpow number="0.15725411307456094"/>
            <fprob>0.0</fprob>
        </actor>
        <actor name="D0N17">
            <wcet number="0">30</wcet>
            <wcet number="1">50</wcet>
            <maxpow number="0.49271268378417493"/>
            <maxpow number="0.49271268378417493"/>
            <fprob>0.0</fprob>
        </actor>
        <actor name="D0N21">
            <wcet number="0">50</wcet>
            <wcet number="1">70</wcet>
            <maxpow number="0.7115473761355626"/>
            <maxpow number="0.7115473761355626"/>
            <fprob>0.0</fprob>
        </actor>
        <actor name="D0N26">
            <wcet number="0">40</wcet>
            <wcet number="1">1010</wcet>
            <maxpow number="0.8041274093481492"/>
            <maxpow number="0.8041274093481492"/>
            <fprob>0.0</fprob>
        </actor>
        <actor name="D0N0">
            <wcet number="0">80</wcet>
            <wcet number="1">190</wcet>
            <maxpow number="0.6670264905043256"/>
            <maxpow number="0.6670264905043256"/>
            <fprob>0.0</fprob>
        </actor>
        <actor name="D0N20">
            <wcet number="0">10</wcet>
            <wcet number="1">40</wcet>
            <maxpow number="0.629524104937302"/>
            <maxpow number="0.629524104937302"/>
            <fprob>0.0</fprob>
        </actor>
        <actor name="D0N23">
            <wcet number="0">30</wcet>
            <wcet number="1">40</wcet>
            <maxpow number="0.44573098637185316"/>
            <maxpow number="0.44573098637185316"/>
            <fprob>0.0</fprob>
        </actor>
        <actor name="D0N4">
            <wcet number="0">30</wcet>
            <wcet number="1">40</wcet>
            <maxpow number="0.3474489595759188"/>
            <maxpow number="0.3474489595759188"/>
            <fprob>0.0</fprob>
        </actor>
        <actor name="D0N41">
            <wcet number="0">30</wcet>
            <wcet number="1">170</wcet>
            <maxpow number="0.5377197174787348"/>
            <maxpow number="0.5377197174787348"/>
            <fprob>0.0</fprob>
        </actor>
        <actor name="D0N42">
            <wcet number="0">30</wcet>
            <wcet number="1">40</wcet>
            <maxpow number="0.5956483983878897"/>
            <maxpow number="0.5956483983878897"/>
            <fprob>0.0</fprob>
        </actor>
        <actor name="D0N19">
            <wcet number="0">10</wcet>
            <wcet number="1">20</wcet>
            <maxpow number="0.5149601352275649"/>
            <maxpow number="0.5149601352275649"/>
            <fprob>0.0</fprob>
        </actor>
        <actor name="D0N25">
            <wcet number="0">40</wcet>
            <wcet number="1">50</wcet>
            <maxpow number="0.4236787036189179"/>
            <maxpow number="0.4236787036189179"/>
            <fprob>0.0</fprob>
        </actor>
        <actor name="D0N35">
            <wcet number="0">30</wcet>
            <wcet number="1">130</wcet>
            <maxpow number="0.649823837085558"/>
            <maxpow number="0.649823837085558"/>
            <fprob>0.0</fprob>
        </actor>
        <actor name="D0N36">
            <wcet number="0">180</wcet>
            <wcet number="1">180</wcet>
            <maxpow number="0.47560170333115753"/>
            <maxpow number="0.47560170333115753"/>
            <fprob>0.0</fprob>
        </actor>
        <actor name="D0N29">
            <wcet number="0">140</wcet>
            <wcet number="1">370</wcet>
            <maxpow number="0.6186633837937915"/>
            <maxpow number="0.6186633837937915"/>
            <fprob>0.0</fprob>
        </actor>
        <actor name="D0N22">
            <wcet number="0">20</wcet>
            <wcet number="1">50</wcet>
            <maxpow number="0.6651044227849294"/>
            <maxpow number="0.6651044227849294"/>
            <fprob>0.0</fprob>
        </actor>
        <actor name="D0N24">
            <wcet number="0">320</wcet>
            <wcet number="1">560</wcet>
            <maxpow number="0.6443496144439725"/>
            <maxpow number="0.6443496144439725"/>
            <fprob>0.0</fprob>
        </actor>
        <actor name="D0N18">
            <wcet number="0">90</wcet>
            <wcet number="1">140</wcet>
            <maxpow number="0.5582485954122427"/>
            <maxpow number="0.5582485954122427"/>
            <fprob>0.0</fprob>
        </actor>
        <actor name="D0N30">
            <wcet number="0">60</wcet>
            <wcet number="1">120</wcet>
            <maxpow number="0.6992919752235869"/>
            <maxpow number="0.6992919752235869"/>
            <fprob>0.0</fprob>
        </actor>
        <actor name="D0N13">
            <wcet number="0">10</wcet>
            <wcet number="1">20</wcet>
            <maxpow number="0.47543022259135254"/>
            <maxpow number="0.47543022259135254"/>
            <fprob>0.0</fprob>
        </actor>
        <actor name="D0N15">
            <wcet number="0">80</wcet>
            <wcet number="1">80</wcet>
            <maxpow number="0.3214246205550795"/>
            <maxpow number="0.3214246205550795"/>
            <fprob>0.0</fprob>
        </actor>
        <actor name="D0N8">
            <wcet number="0">60</wcet>
            <wcet number="1">220</wcet>
            <maxpow number="0.5354758002764075"/>
            <maxpow number="0.5354758002764075"/>
            <fprob>0.0</fprob>
        </actor>
        <actor name="D0N39">
            <wcet number="0">40</wcet>
            <wcet number="1">50</wcet>
            <maxpow number="0.28467581143392284"/>
            <maxpow number="0.28467581143392284"/>
            <fprob>0.0</fprob>
        </actor>
        <ports>
            <port dstActor="D0N48" name="p0" srcActor="D0N7"/>
            <port dstActor="D0N24" name="p1" srcActor="D0N7"/>
            <port dstActor="D0N16" name="p2" srcActor="D0N7"/>
            <port dstActor="D0N40" name="p3" srcActor="D0N34"/>
            <port dstActor="D0N35" name="p4" srcActor="D0N34"/>
            <port dstActor="D0N24" name="p5" srcActor="D0N11"/>
            <port dstActor="D0N43" name="p6" srcActor="D0N11"/>
            <port dstActor="D0N37" name="p7" srcActor="D0N11"/>
            <port dstActor="D0N27" name="p8" srcActor="D0N11"/>
            <port dstActor="D0N15" name="p9" srcActor="D0N11"/>
            <port dstActor="D0N48" name="p10" srcActor="D0N45"/>
            <port dstActor="D0N49" name="p11" srcActor="D0N46"/>
            <port dstActor="D0N39" name="p12" srcActor="D0N2"/>
            <port dstActor="D0N30" name="p13" srcActor="D0N2"/>
            <port dstActor="D0N40" name="p14" srcActor="D0N2"/>
            <port dstActor="D0N38" name="p15" srcActor="D0N9"/>
            <port dstActor="D0N26" name="p16" srcActor="D0N9"/>
            <port dstActor="D0N24" name="p17" srcActor="D0N9"/>
            <port dstActor="D0N47" name="p18" srcActor="D0N37"/>
            <port dstActor="D0N46" name="p19" srcActor="D0N37"/>
            <port dstActor="D0N31" name="p20" srcActor="D0N6"/>
            <port dstActor="D0N12" name="p21" srcActor="D0N6"/>
            <port dstActor="D0N8" name="p22" srcActor="D0N6"/>
            <port dstActor="D0N28" name="p23" srcActor="D0N6"/>
            <port dstActor="D0N16" name="p24" srcActor="D0N6"/>
            <port dstActor="D0N49" name="p25" srcActor="D0N6"/>
            <port dstActor="D0N14" name="p26" srcActor="D0N6"/>
            <port dstActor="D0N42" name="p27" srcActor="D0N12"/>
            <port dstActor="D0N43" name="p28" srcActor="D0N12"/>
            <port dstActor="D0N39" name="p29" srcActor="D0N12"/>
            <port dstActor="D0N35" name="p30" srcActor="D0N12"/>
            <port dstActor="D0N11" name="p31" srcActor="D0N1"/>
            <port dstActor="D0N12" name="p32" srcActor="D0N1"/>
            <port dstActor="D0N6" name="p33" srcActor="D0N1"/>
            <port dstActor="D0N35" name="p34" srcActor="D0N1"/>
            <port dstActor="D0N21" name="p35" srcActor="D0N1"/>
            <port dstActor="D0N13" name="p36" srcActor="D0N1"/>
            <port dstActor="D0N46" name="p37" srcActor="D0N1"/>
            <port dstActor="D0N18" name="p38" srcActor="D0N1"/>
            <port dstActor="D0N49" name="p39" srcActor="D0N33"/>
            <port dstActor="D0N43" name="p40" srcActor="D0N38"/>
            <port dstActor="D0N49" name="p41" srcActor="D0N38"/>
            <port dstActor="D0N39" name="p42" srcActor="D0N38"/>
            <port dstActor="D0N47" name="p43" srcActor="D0N38"/>
            <port dstActor="D0N45" name="p44" srcActor="D0N28"/>
            <port dstActor="D0N29" name="p45" srcActor="D0N28"/>
            <port dstActor="D0N34" name="p46" srcActor="D0N28"/>
            <port dstActor="D0N48" name="p47" srcActor="D0N28"/>
            <port dstActor="D0N37" name="p48" srcActor="D0N28"/>
            <port dstActor="D0N44" name="p49" srcActor="D0N31"/>
            <port dstActor="D0N49" name="p50" srcActor="D0N31"/>
            <port dstActor="D0N13" name="p51" srcActor="D0N3"/>
            <port dstActor="D0N35" name="p52" srcActor="D0N3"/>
            <port dstActor="D0N32" name="p53" srcActor="D0N3"/>
            <port dstActor="D0N41" name="p54" srcActor="D0N3"/>
            <port dstActor="D0N12" name="p55" srcActor="D0N3"/>
            <port dstActor="D0N44" name="p56" srcActor="D0N3"/>
            <port dstActor="D0N8" name="p57" srcActor="D0N3"/>
            <port dstActor="D0N46" name="p58" srcActor="D0N32"/>
            <port dstActor="D0N49" name="p59" srcActor="D0N32"/>
            <port dstActor="D0N47" name="p60" srcActor="D0N44"/>
            <port dstActor="D0N49" name="p61" srcActor="D0N48"/>
            <port dstActor="D0N33" name="p62" srcActor="D0N14"/>
            <port dstActor="D0N37" name="p63" srcActor="D0N27"/>
            <port dstActor="D0N30" name="p64" srcActor="D0N27"/>
            <port dstActor="D0N35" name="p65" srcActor="D0N27"/>
            <port dstActor="D0N17" name="p66" srcActor="D0N5"/>
            <port dstActor="D0N26" name="p67" srcActor="D0N5"/>
            <port dstActor="D0N48" name="p68" srcActor="D0N5"/>
            <port dstActor="D0N25" name="p69" srcActor="D0N5"/>
            <port dstActor="D0N28" name="p70" srcActor="D0N5"/>
            <port dstActor="D0N27" name="p71" srcActor="D0N5"/>
            <port dstActor="D0N33" name="p72" srcActor="D0N5"/>
            <port dstActor="D0N42" name="p73" srcActor="D0N10"/>
            <port dstActor="D0N36" name="p74" srcActor="D0N10"/>
            <port dstActor="D0N49" name="p75" srcActor="D0N10"/>
            <port dstActor="D0N34" name="p76" srcActor="D0N10"/>
            <port dstActor="D0N39" name="p77" srcActor="D0N10"/>
            <port dstActor="D0N14" name="p78" srcActor="D0N10"/>
            <port dstActor="D0N32" name="p79" srcActor="D0N16"/>
            <port dstActor="D0N24" name="p80" srcActor="D0N16"/>
            <port dstActor="D0N30" name="p81" srcActor="D0N16"/>
            <port dstActor="D0N42" name="p82" srcActor="D0N16"/>
            <port dstActor="D0N49" name="p83" srcActor="D0N16"/>
            <port dstActor="D0N19" name="p84" srcActor="D0N16"/>
            <port dstActor="D0N21" name="p85" srcActor="D0N16"/>
            <port dstActor="D0N21" name="p86" srcActor="D0N17"/>
            <port dstActor="D0N18" name="p87" srcActor="D0N17"/>
            <port dstActor="D0N28" name="p88" srcActor="D0N17"/>
            <port dstActor="D0N24" name="p89" srcActor="D0N17"/>
            <port dstActor="D0N49" name="p90" srcActor="D0N21"/>
            <port dstActor="D0N26" name="p91" srcActor="D0N21"/>
            <port dstActor="D0N47" name="p92" srcActor="D0N21"/>
            <port dstActor="D0N28" name="p93" srcActor="D0N21"/>
            <port dstActor="D0N31" name="p94" srcActor="D0N26"/>
            <port dstActor="D0N36" name="p95" srcActor="D0N26"/>
            <port dstActor="D0N37" name="p96" srcActor="D0N26"/>
            <port dstActor="D0N27" name="p97" srcActor="D0N0"/>
            <port dstActor="D0N21" name="p98" srcActor="D0N0"/>
            <port dstActor="D0N7" name="p99" srcActor="D0N0"/>
            <port dstActor="D0N33" name="p100" srcActor="D0N0"/>
            <port dstActor="D0N43" name="p101" srcActor="D0N20"/>
            <port dstActor="D0N30" name="p102" srcActor="D0N20"/>
            <port dstActor="D0N21" name="p103" srcActor="D0N20"/>
            <port dstActor="D0N44" name="p104" srcActor="D0N23"/>
            <port dstActor="D0N13" name="p105" srcActor="D0N4"/>
            <port dstActor="D0N29" name="p106" srcActor="D0N4"/>
            <port dstActor="D0N32" name="p107" srcActor="D0N4"/>
            <port dstActor="D0N43" name="p108" srcActor="D0N4"/>
            <port dstActor="D0N46" name="p109" srcActor="D0N42"/>
            <port dstActor="D0N28" name="p110" srcActor="D0N19"/>
            <port dstActor="D0N34" name="p111" srcActor="D0N19"/>
            <port dstActor="D0N48" name="p112" srcActor="D0N19"/>
            <port dstActor="D0N45" name="p113" srcActor="D0N25"/>
            <port dstActor="D0N39" name="p114" srcActor="D0N36"/>
            <port dstActor="D0N46" name="p115" srcActor="D0N29"/>
            <port dstActor="D0N42" name="p116" srcActor="D0N22"/>
            <port dstActor="D0N49" name="p117" srcActor="D0N22"/>
            <port dstActor="D0N48" name="p118" srcActor="D0N24"/>
            <port dstActor="D0N32" name="p119" srcActor="D0N24"/>
            <port dstActor="D0N47" name="p120" srcActor="D0N24"/>
            <port dstActor="D0N25" name="p121" srcActor="D0N18"/>
            <port dstActor="D0N33" name="p122" srcActor="D0N18"/>
            <port dstActor="D0N23" name="p123" srcActor="D0N18"/>
            <port dstActor="D0N32" name="p124" srcActor="D0N18"/>
            <port dstActor="D0N20" name="p125" srcActor="D0N18"/>
            <port dstActor="D0N46" name="p126" srcActor="D0N30"/>
            <port dstActor="D0N41" name="p127" srcActor="D0N30"/>
            <port dstActor="D0N37" name="p128" srcActor="D0N30"/>
            <port dstActor="D0N47" name="p129" srcActor="D0N13"/>
            <port dstActor="D0N17" name="p130" srcActor="D0N13"/>
            <port dstActor="D0N46" name="p131" srcActor="D0N13"/>
            <port dstActor="D0N21" name="p132" srcActor="D0N13"/>
            <port dstActor="D0N25" name="p133" srcActor="D0N15"/>
            <port dstActor="D0N25" name="p134" srcActor="D0N8"/>
            <port dstActor="D0N14" name="p135" srcActor="D0N8"/>
            <port dstActor="D0N36" name="p136" srcActor="D0N8"/>
            <port dstActor="D0N46" name="p137" srcActor="D0N39"/>
        </ports>
    </mcdag>
    <cores number="3"/>
    <levels number="2"/>
</mcsystem>
