<?xml version="1.0" encoding="UTF-8" standalone="no"?>
<mcsystem>
    <mcdag deadline="3000" name="genned-0-ed-10.0-0">
        <actor name="D0N0">
            <wcet number="0">10</wcet>
            <wcet number="1">30</wcet>
            <maxpow number="0.7069122342619903"/>
            <maxpow number="0.7069122342619903"/>
            <fprob>0.0</fprob>
        </actor>
        <actor name="D0N8">
            <wcet number="0">10</wcet>
            <wcet number="1">10</wcet>
            <maxpow number="0.5119904951016965"/>
            <maxpow number="0.5119904951016965"/>
            <fprob>0.0</fprob>
        </actor>
        <actor name="D0N11">
            <wcet number="0">10</wcet>
            <wcet number="1">90</wcet>
            <maxpow number="0.4353108064132302"/>
            <maxpow number="0.4353108064132302"/>
            <fprob>0.0</fprob>
        </actor>
        <actor name="D0N19">
            <wcet number="0">360</wcet>
            <wcet number="1">460</wcet>
            <maxpow number="0.2006452910235733"/>
            <maxpow number="0.2006452910235733"/>
            <fprob>0.0</fprob>
        </actor>
        <actor name="D0N10">
            <wcet number="0">30</wcet>
            <wcet number="1">60</wcet>
            <maxpow number="0.44472826561467227"/>
            <maxpow number="0.44472826561467227"/>
            <fprob>0.0</fprob>
        </actor>
        <actor name="D0N33">
            <wcet number="0">430</wcet>
            <wcet number="1">760</wcet>
            <maxpow number="0.31503021665137976"/>
            <maxpow number="0.31503021665137976"/>
            <fprob>0.0</fprob>
        </actor>
        <actor name="D0N39">
            <wcet number="0">40</wcet>
            <wcet number="1">50</wcet>
            <maxpow number="0.26667961280322794"/>
            <maxpow number="0.26667961280322794"/>
            <fprob>0.0</fprob>
        </actor>
        <actor name="D0N20">
            <wcet number="0">40</wcet>
            <wcet number="1">80</wcet>
            <maxpow number="0.681098557578364"/>
            <maxpow number="0.681098557578364"/>
            <fprob>0.0</fprob>
        </actor>
        <actor name="D0N28">
            <wcet number="0">40</wcet>
            <wcet number="1">60</wcet>
            <maxpow number="0.6415858900507851"/>
            <maxpow number="0.6415858900507851"/>
            <fprob>0.0</fprob>
        </actor>
        <actor name="D0N14">
            <wcet number="0">30</wcet>
            <wcet number="1">70</wcet>
            <maxpow number="0.44077869769374106"/>
            <maxpow number="0.44077869769374106"/>
            <fprob>0.0</fprob>
        </actor>
        <actor name="D0N42">
            <wcet number="0">170</wcet>
            <wcet number="1">230</wcet>
            <maxpow number="0.6612360627099769"/>
            <maxpow number="0.6612360627099769"/>
            <fprob>0.0</fprob>
        </actor>
        <actor name="D0N30">
            <wcet number="0">110</wcet>
            <wcet number="1">180</wcet>
            <maxpow number="0.4414029010168939"/>
            <maxpow number="0.4414029010168939"/>
            <fprob>0.0</fprob>
        </actor>
        <actor name="D0N2">
            <wcet number="0">240</wcet>
            <wcet number="1">260</wcet>
            <maxpow number="1.014473354566146"/>
            <maxpow number="1.014473354566146"/>
            <fprob>0.0</fprob>
        </actor>
        <actor name="D0N31">
            <wcet number="0">70</wcet>
            <wcet number="1">120</wcet>
            <maxpow number="0.8094669829559756"/>
            <maxpow number="0.8094669829559756"/>
            <fprob>0.0</fprob>
        </actor>
        <actor name="D0N1">
            <wcet number="0">1030</wcet>
            <wcet number="1">1140</wcet>
            <maxpow number="0.42378028200860085"/>
            <maxpow number="0.42378028200860085"/>
            <fprob>0.0</fprob>
        </actor>
        <actor name="D0N18">
            <wcet number="0">30</wcet>
            <wcet number="1">60</wcet>
            <maxpow number="0.45083022690097424"/>
            <maxpow number="0.45083022690097424"/>
            <fprob>0.0</fprob>
        </actor>
        <actor name="D0N40">
            <wcet number="0">110</wcet>
            <wcet number="1">190</wcet>
            <maxpow number="0.6063092149109439"/>
            <maxpow number="0.6063092149109439"/>
            <fprob>0.0</fprob>
        </actor>
        <actor name="D0N26">
            <wcet number="0">80</wcet>
            <wcet number="1">170</wcet>
            <maxpow number="0.6348777715906229"/>
            <maxpow number="0.6348777715906229"/>
            <fprob>0.0</fprob>
        </actor>
        <actor name="D0N43">
            <wcet number="0">70</wcet>
            <wcet number="1">110</wcet>
            <maxpow number="0.5101797580302627"/>
            <maxpow number="0.5101797580302627"/>
            <fprob>0.0</fprob>
        </actor>
        <actor name="D0N4">
            <wcet number="0">10</wcet>
            <wcet number="1">60</wcet>
            <maxpow number="0.7036462628233456"/>
            <maxpow number="0.7036462628233456"/>
            <fprob>0.0</fprob>
        </actor>
        <actor name="D0N46">
            <wcet number="0">60</wcet>
            <wcet number="1">80</wcet>
            <maxpow number="1.1393671760524693"/>
            <maxpow number="1.1393671760524693"/>
            <fprob>0.0</fprob>
        </actor>
        <actor name="D0N22">
            <wcet number="0">50</wcet>
            <wcet number="1">50</wcet>
            <maxpow number="0.5936636098429953"/>
            <maxpow number="0.5936636098429953"/>
            <fprob>0.0</fprob>
        </actor>
        <actor name="D0N16">
            <wcet number="0">10</wcet>
            <wcet number="1">20</wcet>
            <maxpow number="0.48873536478767715"/>
            <maxpow number="0.48873536478767715"/>
            <fprob>0.0</fprob>
        </actor>
        <actor name="D0N32">
            <wcet number="0">20</wcet>
            <wcet number="1">130</wcet>
            <maxpow number="0.5273999660038534"/>
            <maxpow number="0.5273999660038534"/>
            <fprob>0.0</fprob>
        </actor>
        <actor name="D0N35">
            <wcet number="0">40</wcet>
            <wcet number="1">100</wcet>
            <maxpow number="0.28630780664809724"/>
            <maxpow number="0.28630780664809724"/>
            <fprob>0.0</fprob>
        </actor>
        <actor name="D0N24">
            <wcet number="0">170</wcet>
            <wcet number="1">270</wcet>
            <maxpow number="0.5192785023817308"/>
            <maxpow number="0.5192785023817308"/>
            <fprob>0.0</fprob>
        </actor>
        <actor name="D0N9">
            <wcet number="0">100</wcet>
            <wcet number="1">160</wcet>
            <maxpow number="0.5245214378672245"/>
            <maxpow number="0.5245214378672245"/>
            <fprob>0.0</fprob>
        </actor>
        <actor name="D0N41">
            <wcet number="0">50</wcet>
            <wcet number="1">60</wcet>
            <maxpow number="0.7069901253214472"/>
            <maxpow number="0.7069901253214472"/>
            <fprob>0.0</fprob>
        </actor>
        <actor name="D0N38">
            <wcet number="0">130</wcet>
            <wcet number="1">300</wcet>
            <maxpow number="0.7753679258897808"/>
            <maxpow number="0.7753679258897808"/>
            <fprob>0.0</fprob>
        </actor>
        <actor name="D0N49">
            <wcet number="0">200</wcet>
            <wcet number="1">240</wcet>
            <maxpow number="0.5086445806578868"/>
            <maxpow number="0.5086445806578868"/>
            <fprob>0.0</fprob>
        </actor>
        <actor name="D0N6">
            <wcet number="0">50</wcet>
            <wcet number="1">50</wcet>
            <maxpow number="0.726339927087032"/>
            <maxpow number="0.726339927087032"/>
            <fprob>0.0</fprob>
        </actor>
        <actor name="D0N7">
            <wcet number="0">10</wcet>
            <wcet number="1">50</wcet>
            <maxpow number="0.38700948104510946"/>
            <maxpow number="0.38700948104510946"/>
            <fprob>0.0</fprob>
        </actor>
        <actor name="D0N27">
            <wcet number="0">240</wcet>
            <wcet number="1">250</wcet>
            <maxpow number="0.4460807687691246"/>
            <maxpow number="0.4460807687691246"/>
            <fprob>0.0</fprob>
        </actor>
        <actor name="D0N21">
            <wcet number="0">90</wcet>
            <wcet number="1">260</wcet>
            <maxpow number="0.5435221761119614"/>
            <maxpow number="0.5435221761119614"/>
            <fprob>0.0</fprob>
        </actor>
        <actor name="D0N17">
            <wcet number="0">80</wcet>
            <wcet number="1">320</wcet>
            <maxpow number="0.5050696499861478"/>
            <maxpow number="0.5050696499861478"/>
            <fprob>0.0</fprob>
        </actor>
        <actor name="D0N25">
            <wcet number="0">250</wcet>
            <wcet number="1">480</wcet>
            <maxpow number="0.6755309151561963"/>
            <maxpow number="0.6755309151561963"/>
            <fprob>0.0</fprob>
        </actor>
        <actor name="D0N36">
            <wcet number="0">50</wcet>
            <wcet number="1">60</wcet>
            <maxpow number="0.5233519255814932"/>
            <maxpow number="0.5233519255814932"/>
            <fprob>0.0</fprob>
        </actor>
        <actor name="D0N45">
            <wcet number="0">10</wcet>
            <wcet number="1">10</wcet>
            <maxpow number="0.35893054294146376"/>
            <maxpow number="0.35893054294146376"/>
            <fprob>0.0</fprob>
        </actor>
        <actor name="D0N29">
            <wcet number="0">50</wcet>
            <wcet number="1">50</wcet>
            <maxpow number="0.9530041244121897"/>
            <maxpow number="0.9530041244121897"/>
            <fprob>0.0</fprob>
        </actor>
        <actor name="D0N13">
            <wcet number="0">90</wcet>
            <wcet number="1">170</wcet>
            <maxpow number="0.45199556485561465"/>
            <maxpow number="0.45199556485561465"/>
            <fprob>0.0</fprob>
        </actor>
        <actor name="D0N23">
            <wcet number="0">40</wcet>
            <wcet number="1">270</wcet>
            <maxpow number="0.6223046133711934"/>
            <maxpow number="0.6223046133711934"/>
            <fprob>0.0</fprob>
        </actor>
        <actor name="D0N48">
            <wcet number="0">50</wcet>
            <wcet number="1">110</wcet>
            <maxpow number="0.7346379184582823"/>
            <maxpow number="0.7346379184582823"/>
            <fprob>0.0</fprob>
        </actor>
        <actor name="D0N47">
            <wcet number="0">100</wcet>
            <wcet number="1">190</wcet>
            <maxpow number="0.5000952567104223"/>
            <maxpow number="0.5000952567104223"/>
            <fprob>0.0</fprob>
        </actor>
        <actor name="D0N3">
            <wcet number="0">10</wcet>
            <wcet number="1">20</wcet>
            <maxpow number="0.4828501595749462"/>
            <maxpow number="0.4828501595749462"/>
            <fprob>0.0</fprob>
        </actor>
        <actor name="D0N5">
            <wcet number="0">30</wcet>
            <wcet number="1">80</wcet>
            <maxpow number="0.2699901440386035"/>
            <maxpow number="0.2699901440386035"/>
            <fprob>0.0</fprob>
        </actor>
        <actor name="D0N15">
            <wcet number="0">30</wcet>
            <wcet number="1">30</wcet>
            <maxpow number="0.5773412679996328"/>
            <maxpow number="0.5773412679996328"/>
            <fprob>0.0</fprob>
        </actor>
        <actor name="D0N37">
            <wcet number="0">150</wcet>
            <wcet number="1">370</wcet>
            <maxpow number="0.45819837582489986"/>
            <maxpow number="0.45819837582489986"/>
            <fprob>0.0</fprob>
        </actor>
        <actor name="D0N44">
            <wcet number="0">30</wcet>
            <wcet number="1">90</wcet>
            <maxpow number="0.49908251920594104"/>
            <maxpow number="0.49908251920594104"/>
            <fprob>0.0</fprob>
        </actor>
        <actor name="D0N34">
            <wcet number="0">80</wcet>
            <wcet number="1">200</wcet>
            <maxpow number="0.6176944738971855"/>
            <maxpow number="0.6176944738971855"/>
            <fprob>0.0</fprob>
        </actor>
        <actor name="D0N12">
            <wcet number="0">30</wcet>
            <wcet number="1">40</wcet>
            <maxpow number="0.6868144863785722"/>
            <maxpow number="0.6868144863785722"/>
            <fprob>0.0</fprob>
        </actor>
        <ports>
            <port dstActor="D0N20" name="p0" srcActor="D0N0"/>
            <port dstActor="D0N25" name="p1" srcActor="D0N0"/>
            <port dstActor="D0N37" name="p2" srcActor="D0N0"/>
            <port dstActor="D0N17" name="p3" srcActor="D0N0"/>
            <port dstActor="D0N45" name="p4" srcActor="D0N0"/>
            <port dstActor="D0N26" name="p5" srcActor="D0N0"/>
            <port dstActor="D0N31" name="p6" srcActor="D0N8"/>
            <port dstActor="D0N27" name="p7" srcActor="D0N8"/>
            <port dstActor="D0N14" name="p8" srcActor="D0N11"/>
            <port dstActor="D0N23" name="p9" srcActor="D0N11"/>
            <port dstActor="D0N31" name="p10" srcActor="D0N11"/>
            <port dstActor="D0N29" name="p11" srcActor="D0N19"/>
            <port dstActor="D0N37" name="p12" srcActor="D0N19"/>
            <port dstActor="D0N45" name="p13" srcActor="D0N10"/>
            <port dstActor="D0N29" name="p14" srcActor="D0N10"/>
            <port dstActor="D0N19" name="p15" srcActor="D0N10"/>
            <port dstActor="D0N12" name="p16" srcActor="D0N10"/>
            <port dstActor="D0N40" name="p17" srcActor="D0N10"/>
            <port dstActor="D0N46" name="p18" srcActor="D0N10"/>
            <port dstActor="D0N25" name="p19" srcActor="D0N10"/>
            <port dstActor="D0N17" name="p20" srcActor="D0N10"/>
            <port dstActor="D0N23" name="p21" srcActor="D0N10"/>
            <port dstActor="D0N49" name="p22" srcActor="D0N33"/>
            <port dstActor="D0N43" name="p23" srcActor="D0N33"/>
            <port dstActor="D0N48" name="p24" srcActor="D0N20"/>
            <port dstActor="D0N43" name="p25" srcActor="D0N28"/>
            <port dstActor="D0N37" name="p26" srcActor="D0N28"/>
            <port dstActor="D0N31" name="p27" srcActor="D0N14"/>
            <port dstActor="D0N27" name="p28" srcActor="D0N14"/>
            <port dstActor="D0N4" name="p29" srcActor="D0N2"/>
            <port dstActor="D0N38" name="p30" srcActor="D0N2"/>
            <port dstActor="D0N23" name="p31" srcActor="D0N2"/>
            <port dstActor="D0N42" name="p32" srcActor="D0N2"/>
            <port dstActor="D0N36" name="p33" srcActor="D0N2"/>
            <port dstActor="D0N9" name="p34" srcActor="D0N2"/>
            <port dstActor="D0N48" name="p35" srcActor="D0N2"/>
            <port dstActor="D0N44" name="p36" srcActor="D0N2"/>
            <port dstActor="D0N25" name="p37" srcActor="D0N1"/>
            <port dstActor="D0N49" name="p38" srcActor="D0N1"/>
            <port dstActor="D0N33" name="p39" srcActor="D0N1"/>
            <port dstActor="D0N3" name="p40" srcActor="D0N1"/>
            <port dstActor="D0N2" name="p41" srcActor="D0N1"/>
            <port dstActor="D0N21" name="p42" srcActor="D0N18"/>
            <port dstActor="D0N31" name="p43" srcActor="D0N18"/>
            <port dstActor="D0N44" name="p44" srcActor="D0N18"/>
            <port dstActor="D0N42" name="p45" srcActor="D0N18"/>
            <port dstActor="D0N36" name="p46" srcActor="D0N18"/>
            <port dstActor="D0N39" name="p47" srcActor="D0N26"/>
            <port dstActor="D0N36" name="p48" srcActor="D0N26"/>
            <port dstActor="D0N43" name="p49" srcActor="D0N26"/>
            <port dstActor="D0N36" name="p50" srcActor="D0N4"/>
            <port dstActor="D0N32" name="p51" srcActor="D0N4"/>
            <port dstActor="D0N23" name="p52" srcActor="D0N22"/>
            <port dstActor="D0N23" name="p53" srcActor="D0N16"/>
            <port dstActor="D0N47" name="p54" srcActor="D0N16"/>
            <port dstActor="D0N48" name="p55" srcActor="D0N16"/>
            <port dstActor="D0N43" name="p56" srcActor="D0N32"/>
            <port dstActor="D0N45" name="p57" srcActor="D0N32"/>
            <port dstActor="D0N46" name="p58" srcActor="D0N32"/>
            <port dstActor="D0N44" name="p59" srcActor="D0N32"/>
            <port dstActor="D0N39" name="p60" srcActor="D0N35"/>
            <port dstActor="D0N41" name="p61" srcActor="D0N35"/>
            <port dstActor="D0N30" name="p62" srcActor="D0N24"/>
            <port dstActor="D0N34" name="p63" srcActor="D0N24"/>
            <port dstActor="D0N41" name="p64" srcActor="D0N24"/>
            <port dstActor="D0N49" name="p65" srcActor="D0N24"/>
            <port dstActor="D0N17" name="p66" srcActor="D0N9"/>
            <port dstActor="D0N40" name="p67" srcActor="D0N9"/>
            <port dstActor="D0N43" name="p68" srcActor="D0N9"/>
            <port dstActor="D0N32" name="p69" srcActor="D0N9"/>
            <port dstActor="D0N42" name="p70" srcActor="D0N9"/>
            <port dstActor="D0N46" name="p71" srcActor="D0N41"/>
            <port dstActor="D0N48" name="p72" srcActor="D0N41"/>
            <port dstActor="D0N22" name="p73" srcActor="D0N6"/>
            <port dstActor="D0N41" name="p74" srcActor="D0N6"/>
            <port dstActor="D0N19" name="p75" srcActor="D0N6"/>
            <port dstActor="D0N34" name="p76" srcActor="D0N6"/>
            <port dstActor="D0N27" name="p77" srcActor="D0N6"/>
            <port dstActor="D0N18" name="p78" srcActor="D0N7"/>
            <port dstActor="D0N37" name="p79" srcActor="D0N7"/>
            <port dstActor="D0N16" name="p80" srcActor="D0N7"/>
            <port dstActor="D0N39" name="p81" srcActor="D0N27"/>
            <port dstActor="D0N48" name="p82" srcActor="D0N27"/>
            <port dstActor="D0N40" name="p83" srcActor="D0N27"/>
            <port dstActor="D0N42" name="p84" srcActor="D0N27"/>
            <port dstActor="D0N32" name="p85" srcActor="D0N27"/>
            <port dstActor="D0N47" name="p86" srcActor="D0N27"/>
            <port dstActor="D0N34" name="p87" srcActor="D0N27"/>
            <port dstActor="D0N46" name="p88" srcActor="D0N21"/>
            <port dstActor="D0N47" name="p89" srcActor="D0N21"/>
            <port dstActor="D0N22" name="p90" srcActor="D0N21"/>
            <port dstActor="D0N36" name="p91" srcActor="D0N17"/>
            <port dstActor="D0N28" name="p92" srcActor="D0N17"/>
            <port dstActor="D0N26" name="p93" srcActor="D0N17"/>
            <port dstActor="D0N48" name="p94" srcActor="D0N25"/>
            <port dstActor="D0N30" name="p95" srcActor="D0N25"/>
            <port dstActor="D0N23" name="p96" srcActor="D0N13"/>
            <port dstActor="D0N47" name="p97" srcActor="D0N13"/>
            <port dstActor="D0N26" name="p98" srcActor="D0N13"/>
            <port dstActor="D0N14" name="p99" srcActor="D0N13"/>
            <port dstActor="D0N33" name="p100" srcActor="D0N13"/>
            <port dstActor="D0N16" name="p101" srcActor="D0N13"/>
            <port dstActor="D0N21" name="p102" srcActor="D0N13"/>
            <port dstActor="D0N28" name="p103" srcActor="D0N13"/>
            <port dstActor="D0N39" name="p104" srcActor="D0N23"/>
            <port dstActor="D0N27" name="p105" srcActor="D0N23"/>
            <port dstActor="D0N42" name="p106" srcActor="D0N3"/>
            <port dstActor="D0N39" name="p107" srcActor="D0N3"/>
            <port dstActor="D0N12" name="p108" srcActor="D0N5"/>
            <port dstActor="D0N44" name="p109" srcActor="D0N5"/>
            <port dstActor="D0N46" name="p110" srcActor="D0N5"/>
            <port dstActor="D0N36" name="p111" srcActor="D0N5"/>
            <port dstActor="D0N20" name="p112" srcActor="D0N15"/>
            <port dstActor="D0N39" name="p113" srcActor="D0N15"/>
            <port dstActor="D0N39" name="p114" srcActor="D0N37"/>
            <port dstActor="D0N41" name="p115" srcActor="D0N37"/>
            <port dstActor="D0N49" name="p116" srcActor="D0N37"/>
            <port dstActor="D0N45" name="p117" srcActor="D0N34"/>
            <port dstActor="D0N42" name="p118" srcActor="D0N34"/>
            <port dstActor="D0N41" name="p119" srcActor="D0N12"/>
            <port dstActor="D0N24" name="p120" srcActor="D0N12"/>
            <port dstActor="D0N15" name="p121" srcActor="D0N12"/>
        </ports>
    </mcdag>
    <cores number="3"/>
    <levels number="2"/>
</mcsystem>
