<?xml version="1.0" encoding="UTF-8" standalone="no"?>
<mcsystem>
    <mcdag deadline="5000" name="genned-0-ed-10.0-0">
        <actor name="D0N11">
            <wcet number="0">120</wcet>
            <wcet number="1">300</wcet>
            <maxpow number="0.340245890952184"/>
            <maxpow number="0.340245890952184"/>
            <fprob>0.0</fprob>
        </actor>
        <actor name="D0N22">
            <wcet number="0">300</wcet>
            <wcet number="1">670</wcet>
            <maxpow number="0.4506179184931189"/>
            <maxpow number="0.4506179184931189"/>
            <fprob>0.0</fprob>
        </actor>
        <actor name="D0N13">
            <wcet number="0">70</wcet>
            <wcet number="1">180</wcet>
            <maxpow number="0.292522188098585"/>
            <maxpow number="0.292522188098585"/>
            <fprob>0.0</fprob>
        </actor>
        <actor name="D0N10">
            <wcet number="0">110</wcet>
            <wcet number="1">110</wcet>
            <maxpow number="0.382886778752424"/>
            <maxpow number="0.382886778752424"/>
            <fprob>0.0</fprob>
        </actor>
        <actor name="D0N14">
            <wcet number="0">40</wcet>
            <wcet number="1">370</wcet>
            <maxpow number="0.6847509493969445"/>
            <maxpow number="0.6847509493969445"/>
            <fprob>0.0</fprob>
        </actor>
        <actor name="D0N42">
            <wcet number="0">10</wcet>
            <wcet number="1">20</wcet>
            <maxpow number="0.4367361695187624"/>
            <maxpow number="0.4367361695187624"/>
            <fprob>0.0</fprob>
        </actor>
        <actor name="D0N32">
            <wcet number="0">130</wcet>
            <wcet number="1">160</wcet>
            <maxpow number="0.542139196724198"/>
            <maxpow number="0.542139196724198"/>
            <fprob>0.0</fprob>
        </actor>
        <actor name="D0N41">
            <wcet number="0">80</wcet>
            <wcet number="1">120</wcet>
            <maxpow number="0.4977390767510656"/>
            <maxpow number="0.4977390767510656"/>
            <fprob>0.0</fprob>
        </actor>
        <actor name="D0N46">
            <wcet number="0">10</wcet>
            <wcet number="1">20</wcet>
            <maxpow number="0.6270665780204521"/>
            <maxpow number="0.6270665780204521"/>
            <fprob>0.0</fprob>
        </actor>
        <actor name="D0N5">
            <wcet number="0">40</wcet>
            <wcet number="1">710</wcet>
            <maxpow number="0.49869031023061094"/>
            <maxpow number="0.49869031023061094"/>
            <fprob>0.0</fprob>
        </actor>
        <actor name="D0N15">
            <wcet number="0">120</wcet>
            <wcet number="1">230</wcet>
            <maxpow number="0.6789767813697705"/>
            <maxpow number="0.6789767813697705"/>
            <fprob>0.0</fprob>
        </actor>
        <actor name="D0N33">
            <wcet number="0">40</wcet>
            <wcet number="1">240</wcet>
            <maxpow number="0.7486976607167416"/>
            <maxpow number="0.7486976607167416"/>
            <fprob>0.0</fprob>
        </actor>
        <actor name="D0N45">
            <wcet number="0">820</wcet>
            <wcet number="1">930</wcet>
            <maxpow number="0.808766805306496"/>
            <maxpow number="0.808766805306496"/>
            <fprob>0.0</fprob>
        </actor>
        <actor name="D0N31">
            <wcet number="0">30</wcet>
            <wcet number="1">30</wcet>
            <maxpow number="0.17224842885723912"/>
            <maxpow number="0.17224842885723912"/>
            <fprob>0.0</fprob>
        </actor>
        <actor name="D0N40">
            <wcet number="0">60</wcet>
            <wcet number="1">120</wcet>
            <maxpow number="0.38650492022825644"/>
            <maxpow number="0.38650492022825644"/>
            <fprob>0.0</fprob>
        </actor>
        <actor name="D0N19">
            <wcet number="0">20</wcet>
            <wcet number="1">40</wcet>
            <maxpow number="0.6542809152460038"/>
            <maxpow number="0.6542809152460038"/>
            <fprob>0.0</fprob>
        </actor>
        <actor name="D0N4">
            <wcet number="0">10</wcet>
            <wcet number="1">190</wcet>
            <maxpow number="0.5451693068371868"/>
            <maxpow number="0.5451693068371868"/>
            <fprob>0.0</fprob>
        </actor>
        <actor name="D0N1">
            <wcet number="0">100</wcet>
            <wcet number="1">150</wcet>
            <maxpow number="0.7235784130418716"/>
            <maxpow number="0.7235784130418716"/>
            <fprob>0.0</fprob>
        </actor>
        <actor name="D0N49">
            <wcet number="0">30</wcet>
            <wcet number="1">30</wcet>
            <maxpow number="0.6767338431183928"/>
            <maxpow number="0.6767338431183928"/>
            <fprob>0.0</fprob>
        </actor>
        <actor name="D0N3">
            <wcet number="0">10</wcet>
            <wcet number="1">50</wcet>
            <maxpow number="0.4583581063572916"/>
            <maxpow number="0.4583581063572916"/>
            <fprob>0.0</fprob>
        </actor>
        <actor name="D0N44">
            <wcet number="0">80</wcet>
            <wcet number="1">100</wcet>
            <maxpow number="0.8720194610504035"/>
            <maxpow number="0.8720194610504035"/>
            <fprob>0.0</fprob>
        </actor>
        <actor name="D0N6">
            <wcet number="0">170</wcet>
            <wcet number="1">180</wcet>
            <maxpow number="0.302161819642845"/>
            <maxpow number="0.302161819642845"/>
            <fprob>0.0</fprob>
        </actor>
        <actor name="D0N25">
            <wcet number="0">350</wcet>
            <wcet number="1">400</wcet>
            <maxpow number="0.24216030009653428"/>
            <maxpow number="0.24216030009653428"/>
            <fprob>0.0</fprob>
        </actor>
        <actor name="D0N8">
            <wcet number="0">20</wcet>
            <wcet number="1">20</wcet>
            <maxpow number="0.2565919573848973"/>
            <maxpow number="0.2565919573848973"/>
            <fprob>0.0</fprob>
        </actor>
        <actor name="D0N0">
            <wcet number="0">10</wcet>
            <wcet number="1">210</wcet>
            <maxpow number="0.7790132272082239"/>
            <maxpow number="0.7790132272082239"/>
            <fprob>0.0</fprob>
        </actor>
        <actor name="D0N17">
            <wcet number="0">70</wcet>
            <wcet number="1">180</wcet>
            <maxpow number="0.578624206910716"/>
            <maxpow number="0.578624206910716"/>
            <fprob>0.0</fprob>
        </actor>
        <actor name="D0N29">
            <wcet number="0">40</wcet>
            <wcet number="1">170</wcet>
            <maxpow number="0.7634463343703752"/>
            <maxpow number="0.7634463343703752"/>
            <fprob>0.0</fprob>
        </actor>
        <actor name="D0N7">
            <wcet number="0">190</wcet>
            <wcet number="1">270</wcet>
            <maxpow number="0.42811534409619056"/>
            <maxpow number="0.42811534409619056"/>
            <fprob>0.0</fprob>
        </actor>
        <actor name="D0N9">
            <wcet number="0">210</wcet>
            <wcet number="1">610</wcet>
            <maxpow number="0.7210740284642962"/>
            <maxpow number="0.7210740284642962"/>
            <fprob>0.0</fprob>
        </actor>
        <actor name="D0N38">
            <wcet number="0">90</wcet>
            <wcet number="1">350</wcet>
            <maxpow number="0.5751686102534816"/>
            <maxpow number="0.5751686102534816"/>
            <fprob>0.0</fprob>
        </actor>
        <actor name="D0N34">
            <wcet number="0">670</wcet>
            <wcet number="1">770</wcet>
            <maxpow number="0.5639822471697107"/>
            <maxpow number="0.5639822471697107"/>
            <fprob>0.0</fprob>
        </actor>
        <actor name="D0N39">
            <wcet number="0">10</wcet>
            <wcet number="1">30</wcet>
            <maxpow number="0.5034938421577936"/>
            <maxpow number="0.5034938421577936"/>
            <fprob>0.0</fprob>
        </actor>
        <actor name="D0N43">
            <wcet number="0">70</wcet>
            <wcet number="1">70</wcet>
            <maxpow number="0.3524006310035468"/>
            <maxpow number="0.3524006310035468"/>
            <fprob>0.0</fprob>
        </actor>
        <actor name="D0N21">
            <wcet number="0">50</wcet>
            <wcet number="1">60</wcet>
            <maxpow number="0.7055834159271619"/>
            <maxpow number="0.7055834159271619"/>
            <fprob>0.0</fprob>
        </actor>
        <actor name="D0N48">
            <wcet number="0">20</wcet>
            <wcet number="1">20</wcet>
            <maxpow number="0.6908223702357654"/>
            <maxpow number="0.6908223702357654"/>
            <fprob>0.0</fprob>
        </actor>
        <actor name="D0N23">
            <wcet number="0">10</wcet>
            <wcet number="1">10</wcet>
            <maxpow number="0.7653419402188185"/>
            <maxpow number="0.7653419402188185"/>
            <fprob>0.0</fprob>
        </actor>
        <actor name="D0N30">
            <wcet number="0">40</wcet>
            <wcet number="1">310</wcet>
            <maxpow number="0.46610893416001287"/>
            <maxpow number="0.46610893416001287"/>
            <fprob>0.0</fprob>
        </actor>
        <actor name="D0N28">
            <wcet number="0">20</wcet>
            <wcet number="1">90</wcet>
            <maxpow number="0.6062079563073778"/>
            <maxpow number="0.6062079563073778"/>
            <fprob>0.0</fprob>
        </actor>
        <actor name="D0N12">
            <wcet number="0">60</wcet>
            <wcet number="1">80</wcet>
            <maxpow number="0.5813163592051014"/>
            <maxpow number="0.5813163592051014"/>
            <fprob>0.0</fprob>
        </actor>
        <actor name="D0N37">
            <wcet number="0">40</wcet>
            <wcet number="1">40</wcet>
            <maxpow number="0.7165396445127156"/>
            <maxpow number="0.7165396445127156"/>
            <fprob>0.0</fprob>
        </actor>
        <actor name="D0N24">
            <wcet number="0">130</wcet>
            <wcet number="1">160</wcet>
            <maxpow number="0.6148502913489847"/>
            <maxpow number="0.6148502913489847"/>
            <fprob>0.0</fprob>
        </actor>
        <actor name="D0N35">
            <wcet number="0">10</wcet>
            <wcet number="1">10</wcet>
            <maxpow number="0.5105269127365235"/>
            <maxpow number="0.5105269127365235"/>
            <fprob>0.0</fprob>
        </actor>
        <actor name="D0N36">
            <wcet number="0">240</wcet>
            <wcet number="1">240</wcet>
            <maxpow number="0.5227564679541998"/>
            <maxpow number="0.5227564679541998"/>
            <fprob>0.0</fprob>
        </actor>
        <actor name="D0N16">
            <wcet number="0">50</wcet>
            <wcet number="1">140</wcet>
            <maxpow number="0.3856711420297442"/>
            <maxpow number="0.3856711420297442"/>
            <fprob>0.0</fprob>
        </actor>
        <actor name="D0N26">
            <wcet number="0">20</wcet>
            <wcet number="1">50</wcet>
            <maxpow number="0.8808939840719151"/>
            <maxpow number="0.8808939840719151"/>
            <fprob>0.0</fprob>
        </actor>
        <actor name="D0N18">
            <wcet number="0">10</wcet>
            <wcet number="1">70</wcet>
            <maxpow number="0.8048217402923366"/>
            <maxpow number="0.8048217402923366"/>
            <fprob>0.0</fprob>
        </actor>
        <actor name="D0N20">
            <wcet number="0">280</wcet>
            <wcet number="1">350</wcet>
            <maxpow number="0.33526460443091677"/>
            <maxpow number="0.33526460443091677"/>
            <fprob>0.0</fprob>
        </actor>
        <actor name="D0N47">
            <wcet number="0">10</wcet>
            <wcet number="1">30</wcet>
            <maxpow number="0.3041858786332339"/>
            <maxpow number="0.3041858786332339"/>
            <fprob>0.0</fprob>
        </actor>
        <actor name="D0N27">
            <wcet number="0">130</wcet>
            <wcet number="1">170</wcet>
            <maxpow number="0.4321514872467978"/>
            <maxpow number="0.4321514872467978"/>
            <fprob>0.0</fprob>
        </actor>
        <actor name="D0N2">
            <wcet number="0">120</wcet>
            <wcet number="1">140</wcet>
            <maxpow number="0.5008581430999135"/>
            <maxpow number="0.5008581430999135"/>
            <fprob>0.0</fprob>
        </actor>
        <ports>
            <port dstActor="D0N13" name="p0" srcActor="D0N11"/>
            <port dstActor="D0N33" name="p1" srcActor="D0N11"/>
            <port dstActor="D0N42" name="p2" srcActor="D0N11"/>
            <port dstActor="D0N12" name="p3" srcActor="D0N11"/>
            <port dstActor="D0N36" name="p4" srcActor="D0N22"/>
            <port dstActor="D0N37" name="p5" srcActor="D0N22"/>
            <port dstActor="D0N23" name="p6" srcActor="D0N13"/>
            <port dstActor="D0N21" name="p7" srcActor="D0N13"/>
            <port dstActor="D0N39" name="p8" srcActor="D0N13"/>
            <port dstActor="D0N15" name="p9" srcActor="D0N13"/>
            <port dstActor="D0N42" name="p10" srcActor="D0N13"/>
            <port dstActor="D0N43" name="p11" srcActor="D0N13"/>
            <port dstActor="D0N33" name="p12" srcActor="D0N10"/>
            <port dstActor="D0N34" name="p13" srcActor="D0N10"/>
            <port dstActor="D0N27" name="p14" srcActor="D0N14"/>
            <port dstActor="D0N25" name="p15" srcActor="D0N14"/>
            <port dstActor="D0N48" name="p16" srcActor="D0N14"/>
            <port dstActor="D0N40" name="p17" srcActor="D0N14"/>
            <port dstActor="D0N45" name="p18" srcActor="D0N14"/>
            <port dstActor="D0N45" name="p19" srcActor="D0N32"/>
            <port dstActor="D0N43" name="p20" srcActor="D0N41"/>
            <port dstActor="D0N10" name="p21" srcActor="D0N5"/>
            <port dstActor="D0N38" name="p22" srcActor="D0N5"/>
            <port dstActor="D0N29" name="p23" srcActor="D0N5"/>
            <port dstActor="D0N25" name="p24" srcActor="D0N15"/>
            <port dstActor="D0N37" name="p25" srcActor="D0N15"/>
            <port dstActor="D0N28" name="p26" srcActor="D0N15"/>
            <port dstActor="D0N44" name="p27" srcActor="D0N15"/>
            <port dstActor="D0N36" name="p28" srcActor="D0N15"/>
            <port dstActor="D0N23" name="p29" srcActor="D0N15"/>
            <port dstActor="D0N35" name="p30" srcActor="D0N31"/>
            <port dstActor="D0N45" name="p31" srcActor="D0N40"/>
            <port dstActor="D0N47" name="p32" srcActor="D0N40"/>
            <port dstActor="D0N24" name="p33" srcActor="D0N19"/>
            <port dstActor="D0N40" name="p34" srcActor="D0N19"/>
            <port dstActor="D0N42" name="p35" srcActor="D0N19"/>
            <port dstActor="D0N28" name="p36" srcActor="D0N19"/>
            <port dstActor="D0N45" name="p37" srcActor="D0N4"/>
            <port dstActor="D0N24" name="p38" srcActor="D0N4"/>
            <port dstActor="D0N7" name="p39" srcActor="D0N4"/>
            <port dstActor="D0N19" name="p40" srcActor="D0N4"/>
            <port dstActor="D0N9" name="p41" srcActor="D0N1"/>
            <port dstActor="D0N22" name="p42" srcActor="D0N3"/>
            <port dstActor="D0N46" name="p43" srcActor="D0N3"/>
            <port dstActor="D0N44" name="p44" srcActor="D0N3"/>
            <port dstActor="D0N15" name="p45" srcActor="D0N3"/>
            <port dstActor="D0N15" name="p46" srcActor="D0N6"/>
            <port dstActor="D0N45" name="p47" srcActor="D0N25"/>
            <port dstActor="D0N43" name="p48" srcActor="D0N25"/>
            <port dstActor="D0N46" name="p49" srcActor="D0N25"/>
            <port dstActor="D0N46" name="p50" srcActor="D0N8"/>
            <port dstActor="D0N9" name="p51" srcActor="D0N8"/>
            <port dstActor="D0N17" name="p52" srcActor="D0N8"/>
            <port dstActor="D0N41" name="p53" srcActor="D0N8"/>
            <port dstActor="D0N29" name="p54" srcActor="D0N8"/>
            <port dstActor="D0N25" name="p55" srcActor="D0N0"/>
            <port dstActor="D0N24" name="p56" srcActor="D0N0"/>
            <port dstActor="D0N14" name="p57" srcActor="D0N0"/>
            <port dstActor="D0N19" name="p58" srcActor="D0N0"/>
            <port dstActor="D0N45" name="p59" srcActor="D0N0"/>
            <port dstActor="D0N31" name="p60" srcActor="D0N17"/>
            <port dstActor="D0N29" name="p61" srcActor="D0N17"/>
            <port dstActor="D0N18" name="p62" srcActor="D0N17"/>
            <port dstActor="D0N28" name="p63" srcActor="D0N17"/>
            <port dstActor="D0N47" name="p64" srcActor="D0N7"/>
            <port dstActor="D0N46" name="p65" srcActor="D0N7"/>
            <port dstActor="D0N18" name="p66" srcActor="D0N7"/>
            <port dstActor="D0N11" name="p67" srcActor="D0N7"/>
            <port dstActor="D0N26" name="p68" srcActor="D0N9"/>
            <port dstActor="D0N29" name="p69" srcActor="D0N9"/>
            <port dstActor="D0N28" name="p70" srcActor="D0N9"/>
            <port dstActor="D0N46" name="p71" srcActor="D0N38"/>
            <port dstActor="D0N44" name="p72" srcActor="D0N34"/>
            <port dstActor="D0N40" name="p73" srcActor="D0N21"/>
            <port dstActor="D0N35" name="p74" srcActor="D0N23"/>
            <port dstActor="D0N37" name="p75" srcActor="D0N30"/>
            <port dstActor="D0N41" name="p76" srcActor="D0N30"/>
            <port dstActor="D0N46" name="p77" srcActor="D0N30"/>
            <port dstActor="D0N43" name="p78" srcActor="D0N28"/>
            <port dstActor="D0N33" name="p79" srcActor="D0N28"/>
            <port dstActor="D0N16" name="p80" srcActor="D0N12"/>
            <port dstActor="D0N45" name="p81" srcActor="D0N12"/>
            <port dstActor="D0N19" name="p82" srcActor="D0N12"/>
            <port dstActor="D0N22" name="p83" srcActor="D0N12"/>
            <port dstActor="D0N43" name="p84" srcActor="D0N12"/>
            <port dstActor="D0N41" name="p85" srcActor="D0N12"/>
            <port dstActor="D0N42" name="p86" srcActor="D0N37"/>
            <port dstActor="D0N40" name="p87" srcActor="D0N24"/>
            <port dstActor="D0N41" name="p88" srcActor="D0N24"/>
            <port dstActor="D0N26" name="p89" srcActor="D0N24"/>
            <port dstActor="D0N46" name="p90" srcActor="D0N35"/>
            <port dstActor="D0N47" name="p91" srcActor="D0N36"/>
            <port dstActor="D0N38" name="p92" srcActor="D0N16"/>
            <port dstActor="D0N41" name="p93" srcActor="D0N16"/>
            <port dstActor="D0N40" name="p94" srcActor="D0N26"/>
            <port dstActor="D0N38" name="p95" srcActor="D0N26"/>
            <port dstActor="D0N34" name="p96" srcActor="D0N26"/>
            <port dstActor="D0N47" name="p97" srcActor="D0N20"/>
            <port dstActor="D0N41" name="p98" srcActor="D0N20"/>
            <port dstActor="D0N45" name="p99" srcActor="D0N20"/>
            <port dstActor="D0N23" name="p100" srcActor="D0N20"/>
            <port dstActor="D0N30" name="p101" srcActor="D0N27"/>
            <port dstActor="D0N45" name="p102" srcActor="D0N27"/>
            <port dstActor="D0N29" name="p103" srcActor="D0N2"/>
            <port dstActor="D0N26" name="p104" srcActor="D0N2"/>
            <port dstActor="D0N36" name="p105" srcActor="D0N2"/>
            <port dstActor="D0N46" name="p106" srcActor="D0N2"/>
            <port dstActor="D0N30" name="p107" srcActor="D0N2"/>
            <port dstActor="D0N15" name="p108" srcActor="D0N2"/>
            <port dstActor="D0N19" name="p109" srcActor="D0N2"/>
            <port dstActor="D0N22" name="p110" srcActor="D0N2"/>
        </ports>
    </mcdag>
    <cores number="2"/>
    <levels number="2"/>
</mcsystem>
