<?xml version="1.0" encoding="UTF-8" standalone="no"?>
<mcsystem>
    <mcdag deadline="3000" name="genned-0-ed-10.0-0">
        <actor name="D0N9">
            <wcet number="0">10</wcet>
            <wcet number="1">90</wcet>
            <maxpow number="0.6541515725730811"/>
            <maxpow number="0.6541515725730811"/>
            <fprob>0.0</fprob>
        </actor>
        <actor name="D0N26">
            <wcet number="0">60</wcet>
            <wcet number="1">80</wcet>
            <maxpow number="0.6388295732186768"/>
            <maxpow number="0.6388295732186768"/>
            <fprob>0.0</fprob>
        </actor>
        <actor name="D0N48">
            <wcet number="0">20</wcet>
            <wcet number="1">110</wcet>
            <maxpow number="0.45100637978945324"/>
            <maxpow number="0.45100637978945324"/>
            <fprob>0.0</fprob>
        </actor>
        <actor name="D0N23">
            <wcet number="0">60</wcet>
            <wcet number="1">80</wcet>
            <maxpow number="0.7130576904367151"/>
            <maxpow number="0.7130576904367151"/>
            <fprob>0.0</fprob>
        </actor>
        <actor name="D0N41">
            <wcet number="0">40</wcet>
            <wcet number="1">60</wcet>
            <maxpow number="0.17324031703029968"/>
            <maxpow number="0.17324031703029968"/>
            <fprob>0.0</fprob>
        </actor>
        <actor name="D0N21">
            <wcet number="0">20</wcet>
            <wcet number="1">60</wcet>
            <maxpow number="0.41363800575508847"/>
            <maxpow number="0.41363800575508847"/>
            <fprob>0.0</fprob>
        </actor>
        <actor name="D0N13">
            <wcet number="0">280</wcet>
            <wcet number="1">350</wcet>
            <maxpow number="0.4417993771442535"/>
            <maxpow number="0.4417993771442535"/>
            <fprob>0.0</fprob>
        </actor>
        <actor name="D0N7">
            <wcet number="0">30</wcet>
            <wcet number="1">50</wcet>
            <maxpow number="0.7388523146069459"/>
            <maxpow number="0.7388523146069459"/>
            <fprob>0.0</fprob>
        </actor>
        <actor name="D0N0">
            <wcet number="0">10</wcet>
            <wcet number="1">100</wcet>
            <maxpow number="0.5104034409651226"/>
            <maxpow number="0.5104034409651226"/>
            <fprob>0.0</fprob>
        </actor>
        <actor name="D0N16">
            <wcet number="0">10</wcet>
            <wcet number="1">10</wcet>
            <maxpow number="0.3109094580083384"/>
            <maxpow number="0.3109094580083384"/>
            <fprob>0.0</fprob>
        </actor>
        <actor name="D0N24">
            <wcet number="0">20</wcet>
            <wcet number="1">30</wcet>
            <maxpow number="0.43049455992700647"/>
            <maxpow number="0.43049455992700647"/>
            <fprob>0.0</fprob>
        </actor>
        <actor name="D0N32">
            <wcet number="0">30</wcet>
            <wcet number="1">60</wcet>
            <maxpow number="0.20696631458962467"/>
            <maxpow number="0.20696631458962467"/>
            <fprob>0.0</fprob>
        </actor>
        <actor name="D0N11">
            <wcet number="0">210</wcet>
            <wcet number="1">250</wcet>
            <maxpow number="0.6794068766534986"/>
            <maxpow number="0.6794068766534986"/>
            <fprob>0.0</fprob>
        </actor>
        <actor name="D0N4">
            <wcet number="0">40</wcet>
            <wcet number="1">50</wcet>
            <maxpow number="0.7176296292753757"/>
            <maxpow number="0.7176296292753757"/>
            <fprob>0.0</fprob>
        </actor>
        <actor name="D0N25">
            <wcet number="0">150</wcet>
            <wcet number="1">200</wcet>
            <maxpow number="0.6655296800125887"/>
            <maxpow number="0.6655296800125887"/>
            <fprob>0.0</fprob>
        </actor>
        <actor name="D0N22">
            <wcet number="0">40</wcet>
            <wcet number="1">700</wcet>
            <maxpow number="0.8722499640079965"/>
            <maxpow number="0.8722499640079965"/>
            <fprob>0.0</fprob>
        </actor>
        <actor name="D0N47">
            <wcet number="0">310</wcet>
            <wcet number="1">370</wcet>
            <maxpow number="0.4964808329237903"/>
            <maxpow number="0.4964808329237903"/>
            <fprob>0.0</fprob>
        </actor>
        <actor name="D0N36">
            <wcet number="0">50</wcet>
            <wcet number="1">60</wcet>
            <maxpow number="0.38329846450675437"/>
            <maxpow number="0.38329846450675437"/>
            <fprob>0.0</fprob>
        </actor>
        <actor name="D0N42">
            <wcet number="0">290</wcet>
            <wcet number="1">550</wcet>
            <maxpow number="0.634298826911367"/>
            <maxpow number="0.634298826911367"/>
            <fprob>0.0</fprob>
        </actor>
        <actor name="D0N37">
            <wcet number="0">100</wcet>
            <wcet number="1">120</wcet>
            <maxpow number="0.5123929970169829"/>
            <maxpow number="0.5123929970169829"/>
            <fprob>0.0</fprob>
        </actor>
        <actor name="D0N29">
            <wcet number="0">30</wcet>
            <wcet number="1">60</wcet>
            <maxpow number="0.695890923519397"/>
            <maxpow number="0.695890923519397"/>
            <fprob>0.0</fprob>
        </actor>
        <actor name="D0N17">
            <wcet number="0">370</wcet>
            <wcet number="1">470</wcet>
            <maxpow number="0.6293008020368271"/>
            <maxpow number="0.6293008020368271"/>
            <fprob>0.0</fprob>
        </actor>
        <actor name="D0N35">
            <wcet number="0">90</wcet>
            <wcet number="1">200</wcet>
            <maxpow number="0.5053574013949528"/>
            <maxpow number="0.5053574013949528"/>
            <fprob>0.0</fprob>
        </actor>
        <actor name="D0N43">
            <wcet number="0">40</wcet>
            <wcet number="1">40</wcet>
            <maxpow number="0.21265901415162602"/>
            <maxpow number="0.21265901415162602"/>
            <fprob>0.0</fprob>
        </actor>
        <actor name="D0N30">
            <wcet number="0">80</wcet>
            <wcet number="1">80</wcet>
            <maxpow number="0.6566433346720068"/>
            <maxpow number="0.6566433346720068"/>
            <fprob>0.0</fprob>
        </actor>
        <actor name="D0N10">
            <wcet number="0">10</wcet>
            <wcet number="1">40</wcet>
            <maxpow number="0.7433265009628245"/>
            <maxpow number="0.7433265009628245"/>
            <fprob>0.0</fprob>
        </actor>
        <actor name="D0N12">
            <wcet number="0">20</wcet>
            <wcet number="1">20</wcet>
            <maxpow number="0.40312945828214564"/>
            <maxpow number="0.40312945828214564"/>
            <fprob>0.0</fprob>
        </actor>
        <actor name="D0N18">
            <wcet number="0">200</wcet>
            <wcet number="1">320</wcet>
            <maxpow number="0.3382575917660682"/>
            <maxpow number="0.3382575917660682"/>
            <fprob>0.0</fprob>
        </actor>
        <actor name="D0N6">
            <wcet number="0">30</wcet>
            <wcet number="1">70</wcet>
            <maxpow number="0.5512902475378071"/>
            <maxpow number="0.5512902475378071"/>
            <fprob>0.0</fprob>
        </actor>
        <actor name="D0N15">
            <wcet number="0">10</wcet>
            <wcet number="1">10</wcet>
            <maxpow number="0.4669932555372708"/>
            <maxpow number="0.4669932555372708"/>
            <fprob>0.0</fprob>
        </actor>
        <actor name="D0N27">
            <wcet number="0">10</wcet>
            <wcet number="1">20</wcet>
            <maxpow number="0.6265325249030761"/>
            <maxpow number="0.6265325249030761"/>
            <fprob>0.0</fprob>
        </actor>
        <actor name="D0N8">
            <wcet number="0">30</wcet>
            <wcet number="1">60</wcet>
            <maxpow number="0.45378460910323276"/>
            <maxpow number="0.45378460910323276"/>
            <fprob>0.0</fprob>
        </actor>
        <actor name="D0N46">
            <wcet number="0">40</wcet>
            <wcet number="1">110</wcet>
            <maxpow number="0.3958610332845379"/>
            <maxpow number="0.3958610332845379"/>
            <fprob>0.0</fprob>
        </actor>
        <actor name="D0N34">
            <wcet number="0">10</wcet>
            <wcet number="1">10</wcet>
            <maxpow number="0.651261629573805"/>
            <maxpow number="0.651261629573805"/>
            <fprob>0.0</fprob>
        </actor>
        <actor name="D0N38">
            <wcet number="0">40</wcet>
            <wcet number="1">70</wcet>
            <maxpow number="0.604896167293649"/>
            <maxpow number="0.604896167293649"/>
            <fprob>0.0</fprob>
        </actor>
        <actor name="D0N40">
            <wcet number="0">10</wcet>
            <wcet number="1">10</wcet>
            <maxpow number="0.7855874175370914"/>
            <maxpow number="0.7855874175370914"/>
            <fprob>0.0</fprob>
        </actor>
        <actor name="D0N45">
            <wcet number="0">180</wcet>
            <wcet number="1">180</wcet>
            <maxpow number="0.4562248670232697"/>
            <maxpow number="0.4562248670232697"/>
            <fprob>0.0</fprob>
        </actor>
        <actor name="D0N31">
            <wcet number="0">60</wcet>
            <wcet number="1">80</wcet>
            <maxpow number="0.8737978539765672"/>
            <maxpow number="0.8737978539765672"/>
            <fprob>0.0</fprob>
        </actor>
        <actor name="D0N19">
            <wcet number="0">100</wcet>
            <wcet number="1">120</wcet>
            <maxpow number="0.7235737791270552"/>
            <maxpow number="0.7235737791270552"/>
            <fprob>0.0</fprob>
        </actor>
        <actor name="D0N2">
            <wcet number="0">180</wcet>
            <wcet number="1">250</wcet>
            <maxpow number="0.6403026278480328"/>
            <maxpow number="0.6403026278480328"/>
            <fprob>0.0</fprob>
        </actor>
        <actor name="D0N5">
            <wcet number="0">30</wcet>
            <wcet number="1">30</wcet>
            <maxpow number="0.48934408198872414"/>
            <maxpow number="0.48934408198872414"/>
            <fprob>0.0</fprob>
        </actor>
        <actor name="D0N20">
            <wcet number="0">80</wcet>
            <wcet number="1">80</wcet>
            <maxpow number="0.5520130099403405"/>
            <maxpow number="0.5520130099403405"/>
            <fprob>0.0</fprob>
        </actor>
        <actor name="D0N44">
            <wcet number="0">160</wcet>
            <wcet number="1">260</wcet>
            <maxpow number="0.6548691055909054"/>
            <maxpow number="0.6548691055909054"/>
            <fprob>0.0</fprob>
        </actor>
        <actor name="D0N39">
            <wcet number="0">40</wcet>
            <wcet number="1">40</wcet>
            <maxpow number="1.0095718718322777"/>
            <maxpow number="1.0095718718322777"/>
            <fprob>0.0</fprob>
        </actor>
        <actor name="D0N49">
            <wcet number="0">40</wcet>
            <wcet number="1">40</wcet>
            <maxpow number="0.4603718879397576"/>
            <maxpow number="0.4603718879397576"/>
            <fprob>0.0</fprob>
        </actor>
        <actor name="D0N14">
            <wcet number="0">150</wcet>
            <wcet number="1">220</wcet>
            <maxpow number="0.6998154271294728"/>
            <maxpow number="0.6998154271294728"/>
            <fprob>0.0</fprob>
        </actor>
        <actor name="D0N1">
            <wcet number="0">40</wcet>
            <wcet number="1">140</wcet>
            <maxpow number="0.40449350200633416"/>
            <maxpow number="0.40449350200633416"/>
            <fprob>0.0</fprob>
        </actor>
        <actor name="D0N3">
            <wcet number="0">10</wcet>
            <wcet number="1">10</wcet>
            <maxpow number="0.5453889119644219"/>
            <maxpow number="0.5453889119644219"/>
            <fprob>0.0</fprob>
        </actor>
        <actor name="D0N28">
            <wcet number="0">50</wcet>
            <wcet number="1">80</wcet>
            <maxpow number="0.36906778822334085"/>
            <maxpow number="0.36906778822334085"/>
            <fprob>0.0</fprob>
        </actor>
        <actor name="D0N33">
            <wcet number="0">60</wcet>
            <wcet number="1">100</wcet>
            <maxpow number="0.6023877315736592"/>
            <maxpow number="0.6023877315736592"/>
            <fprob>0.0</fprob>
        </actor>
        <ports>
            <port dstActor="D0N43" name="p0" srcActor="D0N9"/>
            <port dstActor="D0N39" name="p1" srcActor="D0N9"/>
            <port dstActor="D0N38" name="p2" srcActor="D0N9"/>
            <port dstActor="D0N44" name="p3" srcActor="D0N26"/>
            <port dstActor="D0N34" name="p4" srcActor="D0N23"/>
            <port dstActor="D0N31" name="p5" srcActor="D0N23"/>
            <port dstActor="D0N45" name="p6" srcActor="D0N23"/>
            <port dstActor="D0N41" name="p7" srcActor="D0N23"/>
            <port dstActor="D0N23" name="p8" srcActor="D0N21"/>
            <port dstActor="D0N28" name="p9" srcActor="D0N21"/>
            <port dstActor="D0N32" name="p10" srcActor="D0N21"/>
            <port dstActor="D0N45" name="p11" srcActor="D0N21"/>
            <port dstActor="D0N38" name="p12" srcActor="D0N21"/>
            <port dstActor="D0N28" name="p13" srcActor="D0N13"/>
            <port dstActor="D0N23" name="p14" srcActor="D0N13"/>
            <port dstActor="D0N24" name="p15" srcActor="D0N13"/>
            <port dstActor="D0N16" name="p16" srcActor="D0N13"/>
            <port dstActor="D0N17" name="p17" srcActor="D0N13"/>
            <port dstActor="D0N43" name="p18" srcActor="D0N7"/>
            <port dstActor="D0N17" name="p19" srcActor="D0N7"/>
            <port dstActor="D0N33" name="p20" srcActor="D0N7"/>
            <port dstActor="D0N27" name="p21" srcActor="D0N7"/>
            <port dstActor="D0N29" name="p22" srcActor="D0N0"/>
            <port dstActor="D0N7" name="p23" srcActor="D0N0"/>
            <port dstActor="D0N40" name="p24" srcActor="D0N0"/>
            <port dstActor="D0N5" name="p25" srcActor="D0N0"/>
            <port dstActor="D0N38" name="p26" srcActor="D0N0"/>
            <port dstActor="D0N41" name="p27" srcActor="D0N16"/>
            <port dstActor="D0N42" name="p28" srcActor="D0N16"/>
            <port dstActor="D0N38" name="p29" srcActor="D0N16"/>
            <port dstActor="D0N17" name="p30" srcActor="D0N16"/>
            <port dstActor="D0N46" name="p31" srcActor="D0N16"/>
            <port dstActor="D0N25" name="p32" srcActor="D0N24"/>
            <port dstActor="D0N39" name="p33" srcActor="D0N32"/>
            <port dstActor="D0N48" name="p34" srcActor="D0N32"/>
            <port dstActor="D0N42" name="p35" srcActor="D0N32"/>
            <port dstActor="D0N40" name="p36" srcActor="D0N32"/>
            <port dstActor="D0N39" name="p37" srcActor="D0N11"/>
            <port dstActor="D0N18" name="p38" srcActor="D0N11"/>
            <port dstActor="D0N27" name="p39" srcActor="D0N11"/>
            <port dstActor="D0N15" name="p40" srcActor="D0N11"/>
            <port dstActor="D0N16" name="p41" srcActor="D0N4"/>
            <port dstActor="D0N37" name="p42" srcActor="D0N4"/>
            <port dstActor="D0N36" name="p43" srcActor="D0N4"/>
            <port dstActor="D0N6" name="p44" srcActor="D0N4"/>
            <port dstActor="D0N32" name="p45" srcActor="D0N4"/>
            <port dstActor="D0N30" name="p46" srcActor="D0N25"/>
            <port dstActor="D0N27" name="p47" srcActor="D0N22"/>
            <port dstActor="D0N48" name="p48" srcActor="D0N22"/>
            <port dstActor="D0N42" name="p49" srcActor="D0N36"/>
            <port dstActor="D0N32" name="p50" srcActor="D0N17"/>
            <port dstActor="D0N24" name="p51" srcActor="D0N17"/>
            <port dstActor="D0N27" name="p52" srcActor="D0N17"/>
            <port dstActor="D0N38" name="p53" srcActor="D0N17"/>
            <port dstActor="D0N40" name="p54" srcActor="D0N35"/>
            <port dstActor="D0N14" name="p55" srcActor="D0N10"/>
            <port dstActor="D0N47" name="p56" srcActor="D0N10"/>
            <port dstActor="D0N17" name="p57" srcActor="D0N10"/>
            <port dstActor="D0N35" name="p58" srcActor="D0N10"/>
            <port dstActor="D0N28" name="p59" srcActor="D0N12"/>
            <port dstActor="D0N19" name="p60" srcActor="D0N18"/>
            <port dstActor="D0N36" name="p61" srcActor="D0N6"/>
            <port dstActor="D0N28" name="p62" srcActor="D0N6"/>
            <port dstActor="D0N10" name="p63" srcActor="D0N6"/>
            <port dstActor="D0N47" name="p64" srcActor="D0N6"/>
            <port dstActor="D0N24" name="p65" srcActor="D0N15"/>
            <port dstActor="D0N35" name="p66" srcActor="D0N27"/>
            <port dstActor="D0N28" name="p67" srcActor="D0N8"/>
            <port dstActor="D0N24" name="p68" srcActor="D0N8"/>
            <port dstActor="D0N49" name="p69" srcActor="D0N34"/>
            <port dstActor="D0N35" name="p70" srcActor="D0N34"/>
            <port dstActor="D0N45" name="p71" srcActor="D0N34"/>
            <port dstActor="D0N36" name="p72" srcActor="D0N34"/>
            <port dstActor="D0N44" name="p73" srcActor="D0N34"/>
            <port dstActor="D0N46" name="p74" srcActor="D0N45"/>
            <port dstActor="D0N44" name="p75" srcActor="D0N31"/>
            <port dstActor="D0N43" name="p76" srcActor="D0N31"/>
            <port dstActor="D0N41" name="p77" srcActor="D0N19"/>
            <port dstActor="D0N11" name="p78" srcActor="D0N2"/>
            <port dstActor="D0N35" name="p79" srcActor="D0N2"/>
            <port dstActor="D0N40" name="p80" srcActor="D0N2"/>
            <port dstActor="D0N7" name="p81" srcActor="D0N5"/>
            <port dstActor="D0N35" name="p82" srcActor="D0N5"/>
            <port dstActor="D0N29" name="p83" srcActor="D0N5"/>
            <port dstActor="D0N34" name="p84" srcActor="D0N20"/>
            <port dstActor="D0N27" name="p85" srcActor="D0N20"/>
            <port dstActor="D0N18" name="p86" srcActor="D0N14"/>
            <port dstActor="D0N44" name="p87" srcActor="D0N14"/>
            <port dstActor="D0N43" name="p88" srcActor="D0N14"/>
            <port dstActor="D0N46" name="p89" srcActor="D0N14"/>
            <port dstActor="D0N22" name="p90" srcActor="D0N1"/>
            <port dstActor="D0N49" name="p91" srcActor="D0N1"/>
            <port dstActor="D0N17" name="p92" srcActor="D0N1"/>
            <port dstActor="D0N28" name="p93" srcActor="D0N1"/>
            <port dstActor="D0N17" name="p94" srcActor="D0N3"/>
            <port dstActor="D0N8" name="p95" srcActor="D0N3"/>
            <port dstActor="D0N41" name="p96" srcActor="D0N3"/>
            <port dstActor="D0N28" name="p97" srcActor="D0N3"/>
            <port dstActor="D0N35" name="p98" srcActor="D0N3"/>
            <port dstActor="D0N30" name="p99" srcActor="D0N28"/>
            <port dstActor="D0N48" name="p100" srcActor="D0N28"/>
            <port dstActor="D0N39" name="p101" srcActor="D0N33"/>
            <port dstActor="D0N46" name="p102" srcActor="D0N33"/>
        </ports>
    </mcdag>
    <cores number="3"/>
    <levels number="2"/>
</mcsystem>
