<?xml version="1.0" encoding="UTF-8" standalone="no"?>
<mcsystem>
    <mcdag deadline="4000" name="genned-0-ed-10.0-0">
        <actor name="D0N34">
            <wcet number="0">70</wcet>
            <wcet number="1">200</wcet>
            <maxpow number="0.7149864856981939"/>
            <maxpow number="0.7149864856981939"/>
            <fprob>0.0</fprob>
        </actor>
        <actor name="D0N44">
            <wcet number="0">50</wcet>
            <wcet number="1">50</wcet>
            <maxpow number="0.5899752271350966"/>
            <maxpow number="0.5899752271350966"/>
            <fprob>0.0</fprob>
        </actor>
        <actor name="D0N18">
            <wcet number="0">20</wcet>
            <wcet number="1">20</wcet>
            <maxpow number="0.5232866614547431"/>
            <maxpow number="0.5232866614547431"/>
            <fprob>0.0</fprob>
        </actor>
        <actor name="D0N22">
            <wcet number="0">30</wcet>
            <wcet number="1">30</wcet>
            <maxpow number="0.6712335119266825"/>
            <maxpow number="0.6712335119266825"/>
            <fprob>0.0</fprob>
        </actor>
        <actor name="D0N10">
            <wcet number="0">90</wcet>
            <wcet number="1">140</wcet>
            <maxpow number="0.6173819306993016"/>
            <maxpow number="0.6173819306993016"/>
            <fprob>0.0</fprob>
        </actor>
        <actor name="D0N46">
            <wcet number="0">70</wcet>
            <wcet number="1">420</wcet>
            <maxpow number="0.44932923915766"/>
            <maxpow number="0.44932923915766"/>
            <fprob>0.0</fprob>
        </actor>
        <actor name="D0N30">
            <wcet number="0">170</wcet>
            <wcet number="1">230</wcet>
            <maxpow number="0.3766404615191845"/>
            <maxpow number="0.3766404615191845"/>
            <fprob>0.0</fprob>
        </actor>
        <actor name="D0N23">
            <wcet number="0">50</wcet>
            <wcet number="1">60</wcet>
            <maxpow number="0.8397592498320661"/>
            <maxpow number="0.8397592498320661"/>
            <fprob>0.0</fprob>
        </actor>
        <actor name="D0N39">
            <wcet number="0">20</wcet>
            <wcet number="1">60</wcet>
            <maxpow number="0.2494528192678807"/>
            <maxpow number="0.2494528192678807"/>
            <fprob>0.0</fprob>
        </actor>
        <actor name="D0N45">
            <wcet number="0">130</wcet>
            <wcet number="1">130</wcet>
            <maxpow number="0.15878622078524118"/>
            <maxpow number="0.15878622078524118"/>
            <fprob>0.0</fprob>
        </actor>
        <actor name="D0N41">
            <wcet number="0">120</wcet>
            <wcet number="1">350</wcet>
            <maxpow number="0.4401629564791617"/>
            <maxpow number="0.4401629564791617"/>
            <fprob>0.0</fprob>
        </actor>
        <actor name="D0N3">
            <wcet number="0">40</wcet>
            <wcet number="1">530</wcet>
            <maxpow number="0.556412653166801"/>
            <maxpow number="0.556412653166801"/>
            <fprob>0.0</fprob>
        </actor>
        <actor name="D0N1">
            <wcet number="0">250</wcet>
            <wcet number="1">340</wcet>
            <maxpow number="0.22260424627748382"/>
            <maxpow number="0.22260424627748382"/>
            <fprob>0.0</fprob>
        </actor>
        <actor name="D0N36">
            <wcet number="0">10</wcet>
            <wcet number="1">20</wcet>
            <maxpow number="0.7490959134637263"/>
            <maxpow number="0.7490959134637263"/>
            <fprob>0.0</fprob>
        </actor>
        <actor name="D0N27">
            <wcet number="0">110</wcet>
            <wcet number="1">390</wcet>
            <maxpow number="0.5123499144527821"/>
            <maxpow number="0.5123499144527821"/>
            <fprob>0.0</fprob>
        </actor>
        <actor name="D0N9">
            <wcet number="0">10</wcet>
            <wcet number="1">120</wcet>
            <maxpow number="0.7037743962236744"/>
            <maxpow number="0.7037743962236744"/>
            <fprob>0.0</fprob>
        </actor>
        <actor name="D0N38">
            <wcet number="0">40</wcet>
            <wcet number="1">40</wcet>
            <maxpow number="0.6132995324914915"/>
            <maxpow number="0.6132995324914915"/>
            <fprob>0.0</fprob>
        </actor>
        <actor name="D0N19">
            <wcet number="0">190</wcet>
            <wcet number="1">440</wcet>
            <maxpow number="0.36310113274961786"/>
            <maxpow number="0.36310113274961786"/>
            <fprob>0.0</fprob>
        </actor>
        <actor name="D0N17">
            <wcet number="0">60</wcet>
            <wcet number="1">60</wcet>
            <maxpow number="0.5945847346709916"/>
            <maxpow number="0.5945847346709916"/>
            <fprob>0.0</fprob>
        </actor>
        <actor name="D0N33">
            <wcet number="0">10</wcet>
            <wcet number="1">10</wcet>
            <maxpow number="0.7762378498688247"/>
            <maxpow number="0.7762378498688247"/>
            <fprob>0.0</fprob>
        </actor>
        <actor name="D0N7">
            <wcet number="0">50</wcet>
            <wcet number="1">250</wcet>
            <maxpow number="0.876100573040588"/>
            <maxpow number="0.876100573040588"/>
            <fprob>0.0</fprob>
        </actor>
        <actor name="D0N48">
            <wcet number="0">140</wcet>
            <wcet number="1">580</wcet>
            <maxpow number="0.7887505992525969"/>
            <maxpow number="0.7887505992525969"/>
            <fprob>0.0</fprob>
        </actor>
        <actor name="D0N31">
            <wcet number="0">170</wcet>
            <wcet number="1">180</wcet>
            <maxpow number="0.4850254552169099"/>
            <maxpow number="0.4850254552169099"/>
            <fprob>0.0</fprob>
        </actor>
        <actor name="D0N5">
            <wcet number="0">320</wcet>
            <wcet number="1">400</wcet>
            <maxpow number="0.35552225653722735"/>
            <maxpow number="0.35552225653722735"/>
            <fprob>0.0</fprob>
        </actor>
        <actor name="D0N8">
            <wcet number="0">20</wcet>
            <wcet number="1">70</wcet>
            <maxpow number="0.593003360241097"/>
            <maxpow number="0.593003360241097"/>
            <fprob>0.0</fprob>
        </actor>
        <actor name="D0N0">
            <wcet number="0">50</wcet>
            <wcet number="1">120</wcet>
            <maxpow number="0.47091445109079044"/>
            <maxpow number="0.47091445109079044"/>
            <fprob>0.0</fprob>
        </actor>
        <actor name="D0N14">
            <wcet number="0">220</wcet>
            <wcet number="1">310</wcet>
            <maxpow number="0.7522355757614383"/>
            <maxpow number="0.7522355757614383"/>
            <fprob>0.0</fprob>
        </actor>
        <actor name="D0N11">
            <wcet number="0">10</wcet>
            <wcet number="1">30</wcet>
            <maxpow number="0.2674354082921449"/>
            <maxpow number="0.2674354082921449"/>
            <fprob>0.0</fprob>
        </actor>
        <actor name="D0N2">
            <wcet number="0">10</wcet>
            <wcet number="1">120</wcet>
            <maxpow number="0.661102530779068"/>
            <maxpow number="0.661102530779068"/>
            <fprob>0.0</fprob>
        </actor>
        <actor name="D0N26">
            <wcet number="0">90</wcet>
            <wcet number="1">220</wcet>
            <maxpow number="0.8195956686499767"/>
            <maxpow number="0.8195956686499767"/>
            <fprob>0.0</fprob>
        </actor>
        <actor name="D0N37">
            <wcet number="0">60</wcet>
            <wcet number="1">130</wcet>
            <maxpow number="0.23268887691701196"/>
            <maxpow number="0.23268887691701196"/>
            <fprob>0.0</fprob>
        </actor>
        <actor name="D0N12">
            <wcet number="0">320</wcet>
            <wcet number="1">410</wcet>
            <maxpow number="0.764366433803204"/>
            <maxpow number="0.764366433803204"/>
            <fprob>0.0</fprob>
        </actor>
        <actor name="D0N15">
            <wcet number="0">100</wcet>
            <wcet number="1">650</wcet>
            <maxpow number="0.5831053840588165"/>
            <maxpow number="0.5831053840588165"/>
            <fprob>0.0</fprob>
        </actor>
        <actor name="D0N49">
            <wcet number="0">80</wcet>
            <wcet number="1">170</wcet>
            <maxpow number="0.4930944746428807"/>
            <maxpow number="0.4930944746428807"/>
            <fprob>0.0</fprob>
        </actor>
        <actor name="D0N42">
            <wcet number="0">110</wcet>
            <wcet number="1">230</wcet>
            <maxpow number="0.4934609257234989"/>
            <maxpow number="0.4934609257234989"/>
            <fprob>0.0</fprob>
        </actor>
        <actor name="D0N47">
            <wcet number="0">30</wcet>
            <wcet number="1">70</wcet>
            <maxpow number="0.5812667322748054"/>
            <maxpow number="0.5812667322748054"/>
            <fprob>0.0</fprob>
        </actor>
        <actor name="D0N28">
            <wcet number="0">30</wcet>
            <wcet number="1">80</wcet>
            <maxpow number="0.41910778855539266"/>
            <maxpow number="0.41910778855539266"/>
            <fprob>0.0</fprob>
        </actor>
        <actor name="D0N32">
            <wcet number="0">10</wcet>
            <wcet number="1">10</wcet>
            <maxpow number="0.5310845475271743"/>
            <maxpow number="0.5310845475271743"/>
            <fprob>0.0</fprob>
        </actor>
        <actor name="D0N4">
            <wcet number="0">10</wcet>
            <wcet number="1">20</wcet>
            <maxpow number="0.4833631911020214"/>
            <maxpow number="0.4833631911020214"/>
            <fprob>0.0</fprob>
        </actor>
        <actor name="D0N43">
            <wcet number="0">30</wcet>
            <wcet number="1">40</wcet>
            <maxpow number="0.3887152353445016"/>
            <maxpow number="0.3887152353445016"/>
            <fprob>0.0</fprob>
        </actor>
        <actor name="D0N13">
            <wcet number="0">90</wcet>
            <wcet number="1">230</wcet>
            <maxpow number="0.6406603605874404"/>
            <maxpow number="0.6406603605874404"/>
            <fprob>0.0</fprob>
        </actor>
        <actor name="D0N24">
            <wcet number="0">10</wcet>
            <wcet number="1">10</wcet>
            <maxpow number="0.4038088401363129"/>
            <maxpow number="0.4038088401363129"/>
            <fprob>0.0</fprob>
        </actor>
        <actor name="D0N40">
            <wcet number="0">180</wcet>
            <wcet number="1">280</wcet>
            <maxpow number="0.7800373422137623"/>
            <maxpow number="0.7800373422137623"/>
            <fprob>0.0</fprob>
        </actor>
        <actor name="D0N16">
            <wcet number="0">280</wcet>
            <wcet number="1">310</wcet>
            <maxpow number="0.7083025541511723"/>
            <maxpow number="0.7083025541511723"/>
            <fprob>0.0</fprob>
        </actor>
        <actor name="D0N20">
            <wcet number="0">240</wcet>
            <wcet number="1">420</wcet>
            <maxpow number="0.2910266252040785"/>
            <maxpow number="0.2910266252040785"/>
            <fprob>0.0</fprob>
        </actor>
        <actor name="D0N6">
            <wcet number="0">30</wcet>
            <wcet number="1">30</wcet>
            <maxpow number="0.5806846327538365"/>
            <maxpow number="0.5806846327538365"/>
            <fprob>0.0</fprob>
        </actor>
        <actor name="D0N29">
            <wcet number="0">160</wcet>
            <wcet number="1">230</wcet>
            <maxpow number="0.4276791057161668"/>
            <maxpow number="0.4276791057161668"/>
            <fprob>0.0</fprob>
        </actor>
        <actor name="D0N21">
            <wcet number="0">20</wcet>
            <wcet number="1">40</wcet>
            <maxpow number="0.32004544022876225"/>
            <maxpow number="0.32004544022876225"/>
            <fprob>0.0</fprob>
        </actor>
        <actor name="D0N25">
            <wcet number="0">10</wcet>
            <wcet number="1">20</wcet>
            <maxpow number="0.3646223467394015"/>
            <maxpow number="0.3646223467394015"/>
            <fprob>0.0</fprob>
        </actor>
        <actor name="D0N35">
            <wcet number="0">10</wcet>
            <wcet number="1">300</wcet>
            <maxpow number="0.31710464631985735"/>
            <maxpow number="0.31710464631985735"/>
            <fprob>0.0</fprob>
        </actor>
        <ports>
            <port dstActor="D0N19" name="p0" srcActor="D0N18"/>
            <port dstActor="D0N31" name="p1" srcActor="D0N22"/>
            <port dstActor="D0N24" name="p2" srcActor="D0N10"/>
            <port dstActor="D0N43" name="p3" srcActor="D0N10"/>
            <port dstActor="D0N48" name="p4" srcActor="D0N46"/>
            <port dstActor="D0N39" name="p5" srcActor="D0N30"/>
            <port dstActor="D0N36" name="p6" srcActor="D0N30"/>
            <port dstActor="D0N46" name="p7" srcActor="D0N23"/>
            <port dstActor="D0N33" name="p8" srcActor="D0N23"/>
            <port dstActor="D0N29" name="p9" srcActor="D0N23"/>
            <port dstActor="D0N26" name="p10" srcActor="D0N23"/>
            <port dstActor="D0N39" name="p11" srcActor="D0N23"/>
            <port dstActor="D0N44" name="p12" srcActor="D0N39"/>
            <port dstActor="D0N48" name="p13" srcActor="D0N39"/>
            <port dstActor="D0N46" name="p14" srcActor="D0N41"/>
            <port dstActor="D0N21" name="p15" srcActor="D0N3"/>
            <port dstActor="D0N12" name="p16" srcActor="D0N3"/>
            <port dstActor="D0N22" name="p17" srcActor="D0N3"/>
            <port dstActor="D0N16" name="p18" srcActor="D0N3"/>
            <port dstActor="D0N5" name="p19" srcActor="D0N3"/>
            <port dstActor="D0N30" name="p20" srcActor="D0N1"/>
            <port dstActor="D0N21" name="p21" srcActor="D0N1"/>
            <port dstActor="D0N39" name="p22" srcActor="D0N27"/>
            <port dstActor="D0N32" name="p23" srcActor="D0N27"/>
            <port dstActor="D0N44" name="p24" srcActor="D0N9"/>
            <port dstActor="D0N27" name="p25" srcActor="D0N9"/>
            <port dstActor="D0N28" name="p26" srcActor="D0N9"/>
            <port dstActor="D0N44" name="p27" srcActor="D0N17"/>
            <port dstActor="D0N32" name="p28" srcActor="D0N17"/>
            <port dstActor="D0N19" name="p29" srcActor="D0N17"/>
            <port dstActor="D0N36" name="p30" srcActor="D0N17"/>
            <port dstActor="D0N43" name="p31" srcActor="D0N33"/>
            <port dstActor="D0N39" name="p32" srcActor="D0N33"/>
            <port dstActor="D0N48" name="p33" srcActor="D0N33"/>
            <port dstActor="D0N9" name="p34" srcActor="D0N7"/>
            <port dstActor="D0N36" name="p35" srcActor="D0N7"/>
            <port dstActor="D0N13" name="p36" srcActor="D0N7"/>
            <port dstActor="D0N42" name="p37" srcActor="D0N7"/>
            <port dstActor="D0N25" name="p38" srcActor="D0N7"/>
            <port dstActor="D0N14" name="p39" srcActor="D0N7"/>
            <port dstActor="D0N45" name="p40" srcActor="D0N7"/>
            <port dstActor="D0N11" name="p41" srcActor="D0N5"/>
            <port dstActor="D0N6" name="p42" srcActor="D0N5"/>
            <port dstActor="D0N16" name="p43" srcActor="D0N5"/>
            <port dstActor="D0N42" name="p44" srcActor="D0N8"/>
            <port dstActor="D0N35" name="p45" srcActor="D0N8"/>
            <port dstActor="D0N41" name="p46" srcActor="D0N8"/>
            <port dstActor="D0N17" name="p47" srcActor="D0N8"/>
            <port dstActor="D0N46" name="p48" srcActor="D0N0"/>
            <port dstActor="D0N31" name="p49" srcActor="D0N0"/>
            <port dstActor="D0N20" name="p50" srcActor="D0N0"/>
            <port dstActor="D0N9" name="p51" srcActor="D0N0"/>
            <port dstActor="D0N24" name="p52" srcActor="D0N0"/>
            <port dstActor="D0N26" name="p53" srcActor="D0N0"/>
            <port dstActor="D0N18" name="p54" srcActor="D0N0"/>
            <port dstActor="D0N31" name="p55" srcActor="D0N14"/>
            <port dstActor="D0N44" name="p56" srcActor="D0N14"/>
            <port dstActor="D0N15" name="p57" srcActor="D0N14"/>
            <port dstActor="D0N45" name="p58" srcActor="D0N14"/>
            <port dstActor="D0N47" name="p59" srcActor="D0N11"/>
            <port dstActor="D0N18" name="p60" srcActor="D0N11"/>
            <port dstActor="D0N23" name="p61" srcActor="D0N11"/>
            <port dstActor="D0N32" name="p62" srcActor="D0N11"/>
            <port dstActor="D0N34" name="p63" srcActor="D0N11"/>
            <port dstActor="D0N16" name="p64" srcActor="D0N2"/>
            <port dstActor="D0N13" name="p65" srcActor="D0N2"/>
            <port dstActor="D0N18" name="p66" srcActor="D0N12"/>
            <port dstActor="D0N34" name="p67" srcActor="D0N12"/>
            <port dstActor="D0N27" name="p68" srcActor="D0N12"/>
            <port dstActor="D0N20" name="p69" srcActor="D0N12"/>
            <port dstActor="D0N21" name="p70" srcActor="D0N15"/>
            <port dstActor="D0N31" name="p71" srcActor="D0N15"/>
            <port dstActor="D0N45" name="p72" srcActor="D0N42"/>
            <port dstActor="D0N48" name="p73" srcActor="D0N47"/>
            <port dstActor="D0N37" name="p74" srcActor="D0N28"/>
            <port dstActor="D0N45" name="p75" srcActor="D0N28"/>
            <port dstActor="D0N29" name="p76" srcActor="D0N4"/>
            <port dstActor="D0N22" name="p77" srcActor="D0N4"/>
            <port dstActor="D0N9" name="p78" srcActor="D0N4"/>
            <port dstActor="D0N36" name="p79" srcActor="D0N4"/>
            <port dstActor="D0N44" name="p80" srcActor="D0N43"/>
            <port dstActor="D0N49" name="p81" srcActor="D0N43"/>
            <port dstActor="D0N25" name="p82" srcActor="D0N13"/>
            <port dstActor="D0N17" name="p83" srcActor="D0N13"/>
            <port dstActor="D0N29" name="p84" srcActor="D0N13"/>
            <port dstActor="D0N33" name="p85" srcActor="D0N13"/>
            <port dstActor="D0N44" name="p86" srcActor="D0N24"/>
            <port dstActor="D0N46" name="p87" srcActor="D0N24"/>
            <port dstActor="D0N45" name="p88" srcActor="D0N24"/>
            <port dstActor="D0N43" name="p89" srcActor="D0N40"/>
            <port dstActor="D0N28" name="p90" srcActor="D0N16"/>
            <port dstActor="D0N29" name="p91" srcActor="D0N16"/>
            <port dstActor="D0N19" name="p92" srcActor="D0N16"/>
            <port dstActor="D0N20" name="p93" srcActor="D0N16"/>
            <port dstActor="D0N37" name="p94" srcActor="D0N16"/>
            <port dstActor="D0N31" name="p95" srcActor="D0N16"/>
            <port dstActor="D0N49" name="p96" srcActor="D0N20"/>
            <port dstActor="D0N11" name="p97" srcActor="D0N6"/>
            <port dstActor="D0N12" name="p98" srcActor="D0N6"/>
            <port dstActor="D0N15" name="p99" srcActor="D0N6"/>
            <port dstActor="D0N34" name="p100" srcActor="D0N6"/>
            <port dstActor="D0N16" name="p101" srcActor="D0N6"/>
            <port dstActor="D0N46" name="p102" srcActor="D0N6"/>
            <port dstActor="D0N42" name="p103" srcActor="D0N6"/>
            <port dstActor="D0N34" name="p104" srcActor="D0N29"/>
            <port dstActor="D0N43" name="p105" srcActor="D0N29"/>
            <port dstActor="D0N46" name="p106" srcActor="D0N29"/>
            <port dstActor="D0N41" name="p107" srcActor="D0N21"/>
            <port dstActor="D0N34" name="p108" srcActor="D0N21"/>
            <port dstActor="D0N38" name="p109" srcActor="D0N25"/>
            <port dstActor="D0N28" name="p110" srcActor="D0N25"/>
            <port dstActor="D0N39" name="p111" srcActor="D0N35"/>
        </ports>
    </mcdag>
    <cores number="3"/>
    <levels number="2"/>
</mcsystem>
