<?xml version="1.0" encoding="UTF-8" standalone="no"?>
<mcsystem>
    <mcdag deadline="2000" name="genned-0-ed-10.0-0">
        <actor name="D0N1">
            <wcet number="0">60</wcet>
            <wcet number="1">60</wcet>
            <maxpow number="0.5606621292537277"/>
            <maxpow number="0.5606621292537277"/>
            <fprob>0.0</fprob>
        </actor>
        <actor name="D0N15">
            <wcet number="0">20</wcet>
            <wcet number="1">140</wcet>
            <maxpow number="0.4656202482092231"/>
            <maxpow number="0.4656202482092231"/>
            <fprob>0.0</fprob>
        </actor>
        <actor name="D0N20">
            <wcet number="0">140</wcet>
            <wcet number="1">180</wcet>
            <maxpow number="0.8202172178786814"/>
            <maxpow number="0.8202172178786814"/>
            <fprob>0.0</fprob>
        </actor>
        <actor name="D0N3">
            <wcet number="0">100</wcet>
            <wcet number="1">110</wcet>
            <maxpow number="0.6323130715657417"/>
            <maxpow number="0.6323130715657417"/>
            <fprob>0.0</fprob>
        </actor>
        <actor name="D0N42">
            <wcet number="0">230</wcet>
            <wcet number="1">580</wcet>
            <maxpow number="0.4338616281694671"/>
            <maxpow number="0.4338616281694671"/>
            <fprob>0.0</fprob>
        </actor>
        <actor name="D0N49">
            <wcet number="0">30</wcet>
            <wcet number="1">60</wcet>
            <maxpow number="0.5320669622125466"/>
            <maxpow number="0.5320669622125466"/>
            <fprob>0.0</fprob>
        </actor>
        <actor name="D0N46">
            <wcet number="0">100</wcet>
            <wcet number="1">120</wcet>
            <maxpow number="0.8665514093259842"/>
            <maxpow number="0.8665514093259842"/>
            <fprob>0.0</fprob>
        </actor>
        <actor name="D0N40">
            <wcet number="0">20</wcet>
            <wcet number="1">40</wcet>
            <maxpow number="0.3692069619231783"/>
            <maxpow number="0.3692069619231783"/>
            <fprob>0.0</fprob>
        </actor>
        <actor name="D0N24">
            <wcet number="0">20</wcet>
            <wcet number="1">20</wcet>
            <maxpow number="0.5236987174629022"/>
            <maxpow number="0.5236987174629022"/>
            <fprob>0.0</fprob>
        </actor>
        <actor name="D0N4">
            <wcet number="0">30</wcet>
            <wcet number="1">90</wcet>
            <maxpow number="0.34448757827814647"/>
            <maxpow number="0.34448757827814647"/>
            <fprob>0.0</fprob>
        </actor>
        <actor name="D0N43">
            <wcet number="0">30</wcet>
            <wcet number="1">30</wcet>
            <maxpow number="0.8654675320380831"/>
            <maxpow number="0.8654675320380831"/>
            <fprob>0.0</fprob>
        </actor>
        <actor name="D0N8">
            <wcet number="0">20</wcet>
            <wcet number="1">30</wcet>
            <maxpow number="0.6438880594288552"/>
            <maxpow number="0.6438880594288552"/>
            <fprob>0.0</fprob>
        </actor>
        <actor name="D0N44">
            <wcet number="0">60</wcet>
            <wcet number="1">80</wcet>
            <maxpow number="0.5246893963133428"/>
            <maxpow number="0.5246893963133428"/>
            <fprob>0.0</fprob>
        </actor>
        <actor name="D0N13">
            <wcet number="0">20</wcet>
            <wcet number="1">100</wcet>
            <maxpow number="0.3448494123794873"/>
            <maxpow number="0.3448494123794873"/>
            <fprob>0.0</fprob>
        </actor>
        <actor name="D0N6">
            <wcet number="0">30</wcet>
            <wcet number="1">50</wcet>
            <maxpow number="0.7211419992280657"/>
            <maxpow number="0.7211419992280657"/>
            <fprob>0.0</fprob>
        </actor>
        <actor name="D0N26">
            <wcet number="0">20</wcet>
            <wcet number="1">30</wcet>
            <maxpow number="0.5086602564994388"/>
            <maxpow number="0.5086602564994388"/>
            <fprob>0.0</fprob>
        </actor>
        <actor name="D0N35">
            <wcet number="0">120</wcet>
            <wcet number="1">340</wcet>
            <maxpow number="0.5465605894993366"/>
            <maxpow number="0.5465605894993366"/>
            <fprob>0.0</fprob>
        </actor>
        <actor name="D0N29">
            <wcet number="0">10</wcet>
            <wcet number="1">10</wcet>
            <maxpow number="0.6359125342356196"/>
            <maxpow number="0.6359125342356196"/>
            <fprob>0.0</fprob>
        </actor>
        <actor name="D0N48">
            <wcet number="0">60</wcet>
            <wcet number="1">260</wcet>
            <maxpow number="0.8110974162417279"/>
            <maxpow number="0.8110974162417279"/>
            <fprob>0.0</fprob>
        </actor>
        <actor name="D0N32">
            <wcet number="0">360</wcet>
            <wcet number="1">360</wcet>
            <maxpow number="0.2615082240569764"/>
            <maxpow number="0.2615082240569764"/>
            <fprob>0.0</fprob>
        </actor>
        <actor name="D0N37">
            <wcet number="0">90</wcet>
            <wcet number="1">290</wcet>
            <maxpow number="0.6412125698886649"/>
            <maxpow number="0.6412125698886649"/>
            <fprob>0.0</fprob>
        </actor>
        <actor name="D0N25">
            <wcet number="0">10</wcet>
            <wcet number="1">20</wcet>
            <maxpow number="0.3282110459761842"/>
            <maxpow number="0.3282110459761842"/>
            <fprob>0.0</fprob>
        </actor>
        <actor name="D0N31">
            <wcet number="0">20</wcet>
            <wcet number="1">20</wcet>
            <maxpow number="0.6161279338677766"/>
            <maxpow number="0.6161279338677766"/>
            <fprob>0.0</fprob>
        </actor>
        <actor name="D0N21">
            <wcet number="0">50</wcet>
            <wcet number="1">110</wcet>
            <maxpow number="0.3815021910433"/>
            <maxpow number="0.3815021910433"/>
            <fprob>0.0</fprob>
        </actor>
        <actor name="D0N33">
            <wcet number="0">30</wcet>
            <wcet number="1">30</wcet>
            <maxpow number="0.5805451752754102"/>
            <maxpow number="0.5805451752754102"/>
            <fprob>0.0</fprob>
        </actor>
        <actor name="D0N41">
            <wcet number="0">30</wcet>
            <wcet number="1">60</wcet>
            <maxpow number="0.5801467431258119"/>
            <maxpow number="0.5801467431258119"/>
            <fprob>0.0</fprob>
        </actor>
        <actor name="D0N10">
            <wcet number="0">160</wcet>
            <wcet number="1">180</wcet>
            <maxpow number="0.45268594126626327"/>
            <maxpow number="0.45268594126626327"/>
            <fprob>0.0</fprob>
        </actor>
        <actor name="D0N19">
            <wcet number="0">100</wcet>
            <wcet number="1">110</wcet>
            <maxpow number="0.6298092133603979"/>
            <maxpow number="0.6298092133603979"/>
            <fprob>0.0</fprob>
        </actor>
        <actor name="D0N18">
            <wcet number="0">40</wcet>
            <wcet number="1">90</wcet>
            <maxpow number="0.7057126795378156"/>
            <maxpow number="0.7057126795378156"/>
            <fprob>0.0</fprob>
        </actor>
        <actor name="D0N22">
            <wcet number="0">30</wcet>
            <wcet number="1">260</wcet>
            <maxpow number="0.5197829651989254"/>
            <maxpow number="0.5197829651989254"/>
            <fprob>0.0</fprob>
        </actor>
        <actor name="D0N34">
            <wcet number="0">10</wcet>
            <wcet number="1">30</wcet>
            <maxpow number="0.28144587356148376"/>
            <maxpow number="0.28144587356148376"/>
            <fprob>0.0</fprob>
        </actor>
        <actor name="D0N28">
            <wcet number="0">10</wcet>
            <wcet number="1">10</wcet>
            <maxpow number="0.47344773148312885"/>
            <maxpow number="0.47344773148312885"/>
            <fprob>0.0</fprob>
        </actor>
        <actor name="D0N9">
            <wcet number="0">30</wcet>
            <wcet number="1">60</wcet>
            <maxpow number="0.7012763302611"/>
            <maxpow number="0.7012763302611"/>
            <fprob>0.0</fprob>
        </actor>
        <actor name="D0N17">
            <wcet number="0">30</wcet>
            <wcet number="1">30</wcet>
            <maxpow number="0.6186805280020827"/>
            <maxpow number="0.6186805280020827"/>
            <fprob>0.0</fprob>
        </actor>
        <actor name="D0N30">
            <wcet number="0">70</wcet>
            <wcet number="1">150</wcet>
            <maxpow number="0.46114853789649113"/>
            <maxpow number="0.46114853789649113"/>
            <fprob>0.0</fprob>
        </actor>
        <actor name="D0N12">
            <wcet number="0">70</wcet>
            <wcet number="1">80</wcet>
            <maxpow number="0.4717838718753139"/>
            <maxpow number="0.4717838718753139"/>
            <fprob>0.0</fprob>
        </actor>
        <actor name="D0N39">
            <wcet number="0">10</wcet>
            <wcet number="1">50</wcet>
            <maxpow number="0.48351702619807413"/>
            <maxpow number="0.48351702619807413"/>
            <fprob>0.0</fprob>
        </actor>
        <actor name="D0N7">
            <wcet number="0">110</wcet>
            <wcet number="1">240</wcet>
            <maxpow number="0.3058766788741404"/>
            <maxpow number="0.3058766788741404"/>
            <fprob>0.0</fprob>
        </actor>
        <actor name="D0N47">
            <wcet number="0">10</wcet>
            <wcet number="1">20</wcet>
            <maxpow number="0.4906892409941564"/>
            <maxpow number="0.4906892409941564"/>
            <fprob>0.0</fprob>
        </actor>
        <actor name="D0N27">
            <wcet number="0">20</wcet>
            <wcet number="1">100</wcet>
            <maxpow number="0.6580334648711516"/>
            <maxpow number="0.6580334648711516"/>
            <fprob>0.0</fprob>
        </actor>
        <actor name="D0N14">
            <wcet number="0">80</wcet>
            <wcet number="1">80</wcet>
            <maxpow number="0.41551656094405276"/>
            <maxpow number="0.41551656094405276"/>
            <fprob>0.0</fprob>
        </actor>
        <actor name="D0N5">
            <wcet number="0">10</wcet>
            <wcet number="1">20</wcet>
            <maxpow number="0.7636760952638546"/>
            <maxpow number="0.7636760952638546"/>
            <fprob>0.0</fprob>
        </actor>
        <actor name="D0N2">
            <wcet number="0">110</wcet>
            <wcet number="1">150</wcet>
            <maxpow number="0.7125040026668406"/>
            <maxpow number="0.7125040026668406"/>
            <fprob>0.0</fprob>
        </actor>
        <actor name="D0N11">
            <wcet number="0">10</wcet>
            <wcet number="1">10</wcet>
            <maxpow number="0.4111411918560998"/>
            <maxpow number="0.4111411918560998"/>
            <fprob>0.0</fprob>
        </actor>
        <actor name="D0N36">
            <wcet number="0">20</wcet>
            <wcet number="1">30</wcet>
            <maxpow number="0.7114207814725346"/>
            <maxpow number="0.7114207814725346"/>
            <fprob>0.0</fprob>
        </actor>
        <actor name="D0N38">
            <wcet number="0">10</wcet>
            <wcet number="1">20</wcet>
            <maxpow number="0.292410040360409"/>
            <maxpow number="0.292410040360409"/>
            <fprob>0.0</fprob>
        </actor>
        <actor name="D0N0">
            <wcet number="0">30</wcet>
            <wcet number="1">30</wcet>
            <maxpow number="0.5615247346648322"/>
            <maxpow number="0.5615247346648322"/>
            <fprob>0.0</fprob>
        </actor>
        <actor name="D0N23">
            <wcet number="0">320</wcet>
            <wcet number="1">320</wcet>
            <maxpow number="0.7455561239553197"/>
            <maxpow number="0.7455561239553197"/>
            <fprob>0.0</fprob>
        </actor>
        <actor name="D0N16">
            <wcet number="0">110</wcet>
            <wcet number="1">380</wcet>
            <maxpow number="0.6586577966661215"/>
            <maxpow number="0.6586577966661215"/>
            <fprob>0.0</fprob>
        </actor>
        <actor name="D0N45">
            <wcet number="0">60</wcet>
            <wcet number="1">130</wcet>
            <maxpow number="0.5365852782267329"/>
            <maxpow number="0.5365852782267329"/>
            <fprob>0.0</fprob>
        </actor>
        <ports>
            <port dstActor="D0N17" name="p0" srcActor="D0N1"/>
            <port dstActor="D0N45" name="p1" srcActor="D0N1"/>
            <port dstActor="D0N25" name="p2" srcActor="D0N1"/>
            <port dstActor="D0N22" name="p3" srcActor="D0N15"/>
            <port dstActor="D0N49" name="p4" srcActor="D0N15"/>
            <port dstActor="D0N33" name="p5" srcActor="D0N15"/>
            <port dstActor="D0N33" name="p6" srcActor="D0N20"/>
            <port dstActor="D0N36" name="p7" srcActor="D0N20"/>
            <port dstActor="D0N18" name="p8" srcActor="D0N3"/>
            <port dstActor="D0N46" name="p9" srcActor="D0N3"/>
            <port dstActor="D0N47" name="p10" srcActor="D0N42"/>
            <port dstActor="D0N38" name="p11" srcActor="D0N24"/>
            <port dstActor="D0N47" name="p12" srcActor="D0N24"/>
            <port dstActor="D0N30" name="p13" srcActor="D0N24"/>
            <port dstActor="D0N31" name="p14" srcActor="D0N4"/>
            <port dstActor="D0N47" name="p15" srcActor="D0N4"/>
            <port dstActor="D0N44" name="p16" srcActor="D0N8"/>
            <port dstActor="D0N26" name="p17" srcActor="D0N8"/>
            <port dstActor="D0N33" name="p18" srcActor="D0N13"/>
            <port dstActor="D0N9" name="p19" srcActor="D0N6"/>
            <port dstActor="D0N15" name="p20" srcActor="D0N6"/>
            <port dstActor="D0N24" name="p21" srcActor="D0N6"/>
            <port dstActor="D0N43" name="p22" srcActor="D0N26"/>
            <port dstActor="D0N41" name="p23" srcActor="D0N35"/>
            <port dstActor="D0N43" name="p24" srcActor="D0N35"/>
            <port dstActor="D0N34" name="p25" srcActor="D0N29"/>
            <port dstActor="D0N40" name="p26" srcActor="D0N29"/>
            <port dstActor="D0N37" name="p27" srcActor="D0N29"/>
            <port dstActor="D0N41" name="p28" srcActor="D0N37"/>
            <port dstActor="D0N42" name="p29" srcActor="D0N37"/>
            <port dstActor="D0N48" name="p30" srcActor="D0N37"/>
            <port dstActor="D0N40" name="p31" srcActor="D0N25"/>
            <port dstActor="D0N41" name="p32" srcActor="D0N21"/>
            <port dstActor="D0N44" name="p33" srcActor="D0N21"/>
            <port dstActor="D0N37" name="p34" srcActor="D0N33"/>
            <port dstActor="D0N39" name="p35" srcActor="D0N33"/>
            <port dstActor="D0N34" name="p36" srcActor="D0N33"/>
            <port dstActor="D0N45" name="p37" srcActor="D0N41"/>
            <port dstActor="D0N21" name="p38" srcActor="D0N10"/>
            <port dstActor="D0N28" name="p39" srcActor="D0N10"/>
            <port dstActor="D0N14" name="p40" srcActor="D0N10"/>
            <port dstActor="D0N35" name="p41" srcActor="D0N10"/>
            <port dstActor="D0N36" name="p42" srcActor="D0N10"/>
            <port dstActor="D0N39" name="p43" srcActor="D0N19"/>
            <port dstActor="D0N33" name="p44" srcActor="D0N19"/>
            <port dstActor="D0N20" name="p45" srcActor="D0N19"/>
            <port dstActor="D0N43" name="p46" srcActor="D0N18"/>
            <port dstActor="D0N40" name="p47" srcActor="D0N18"/>
            <port dstActor="D0N44" name="p48" srcActor="D0N22"/>
            <port dstActor="D0N26" name="p49" srcActor="D0N22"/>
            <port dstActor="D0N27" name="p50" srcActor="D0N22"/>
            <port dstActor="D0N39" name="p51" srcActor="D0N34"/>
            <port dstActor="D0N32" name="p52" srcActor="D0N28"/>
            <port dstActor="D0N31" name="p53" srcActor="D0N28"/>
            <port dstActor="D0N35" name="p54" srcActor="D0N9"/>
            <port dstActor="D0N26" name="p55" srcActor="D0N17"/>
            <port dstActor="D0N24" name="p56" srcActor="D0N17"/>
            <port dstActor="D0N44" name="p57" srcActor="D0N30"/>
            <port dstActor="D0N18" name="p58" srcActor="D0N12"/>
            <port dstActor="D0N14" name="p59" srcActor="D0N12"/>
            <port dstActor="D0N39" name="p60" srcActor="D0N12"/>
            <port dstActor="D0N32" name="p61" srcActor="D0N7"/>
            <port dstActor="D0N40" name="p62" srcActor="D0N7"/>
            <port dstActor="D0N23" name="p63" srcActor="D0N7"/>
            <port dstActor="D0N29" name="p64" srcActor="D0N27"/>
            <port dstActor="D0N37" name="p65" srcActor="D0N27"/>
            <port dstActor="D0N41" name="p66" srcActor="D0N27"/>
            <port dstActor="D0N39" name="p67" srcActor="D0N27"/>
            <port dstActor="D0N16" name="p68" srcActor="D0N14"/>
            <port dstActor="D0N37" name="p69" srcActor="D0N14"/>
            <port dstActor="D0N47" name="p70" srcActor="D0N14"/>
            <port dstActor="D0N40" name="p71" srcActor="D0N5"/>
            <port dstActor="D0N39" name="p72" srcActor="D0N5"/>
            <port dstActor="D0N32" name="p73" srcActor="D0N5"/>
            <port dstActor="D0N42" name="p74" srcActor="D0N5"/>
            <port dstActor="D0N28" name="p75" srcActor="D0N5"/>
            <port dstActor="D0N38" name="p76" srcActor="D0N5"/>
            <port dstActor="D0N10" name="p77" srcActor="D0N2"/>
            <port dstActor="D0N17" name="p78" srcActor="D0N2"/>
            <port dstActor="D0N25" name="p79" srcActor="D0N2"/>
            <port dstActor="D0N39" name="p80" srcActor="D0N2"/>
            <port dstActor="D0N20" name="p81" srcActor="D0N2"/>
            <port dstActor="D0N38" name="p82" srcActor="D0N2"/>
            <port dstActor="D0N15" name="p83" srcActor="D0N2"/>
            <port dstActor="D0N24" name="p84" srcActor="D0N11"/>
            <port dstActor="D0N45" name="p85" srcActor="D0N11"/>
            <port dstActor="D0N13" name="p86" srcActor="D0N11"/>
            <port dstActor="D0N20" name="p87" srcActor="D0N11"/>
            <port dstActor="D0N16" name="p88" srcActor="D0N11"/>
            <port dstActor="D0N44" name="p89" srcActor="D0N36"/>
            <port dstActor="D0N42" name="p90" srcActor="D0N36"/>
            <port dstActor="D0N40" name="p91" srcActor="D0N38"/>
            <port dstActor="D0N34" name="p92" srcActor="D0N0"/>
            <port dstActor="D0N9" name="p93" srcActor="D0N0"/>
            <port dstActor="D0N8" name="p94" srcActor="D0N0"/>
            <port dstActor="D0N42" name="p95" srcActor="D0N0"/>
            <port dstActor="D0N30" name="p96" srcActor="D0N23"/>
            <port dstActor="D0N48" name="p97" srcActor="D0N23"/>
            <port dstActor="D0N46" name="p98" srcActor="D0N23"/>
            <port dstActor="D0N24" name="p99" srcActor="D0N23"/>
            <port dstActor="D0N31" name="p100" srcActor="D0N23"/>
            <port dstActor="D0N35" name="p101" srcActor="D0N16"/>
            <port dstActor="D0N30" name="p102" srcActor="D0N16"/>
            <port dstActor="D0N23" name="p103" srcActor="D0N16"/>
            <port dstActor="D0N18" name="p104" srcActor="D0N16"/>
            <port dstActor="D0N49" name="p105" srcActor="D0N45"/>
        </ports>
    </mcdag>
    <cores number="3"/>
    <levels number="2"/>
</mcsystem>
