<?xml version="1.0" encoding="UTF-8" standalone="no"?>
<mcsystem>
    <mcdag deadline="5000" name="genned-0-ed-10.0-0">
        <actor name="D0N5">
            <wcet number="0">20</wcet>
            <wcet number="1">110</wcet>
            <maxpow number="0.39740850232917624"/>
            <maxpow number="0.39740850232917624"/>
            <fprob>0.0</fprob>
        </actor>
        <actor name="D0N31">
            <wcet number="0">50</wcet>
            <wcet number="1">80</wcet>
            <maxpow number="0.36013955386427254"/>
            <maxpow number="0.36013955386427254"/>
            <fprob>0.0</fprob>
        </actor>
        <actor name="D0N42">
            <wcet number="0">20</wcet>
            <wcet number="1">20</wcet>
            <maxpow number="0.5404221092668251"/>
            <maxpow number="0.5404221092668251"/>
            <fprob>0.0</fprob>
        </actor>
        <actor name="D0N33">
            <wcet number="0">380</wcet>
            <wcet number="1">560</wcet>
            <maxpow number="0.777107828079398"/>
            <maxpow number="0.777107828079398"/>
            <fprob>0.0</fprob>
        </actor>
        <actor name="D0N43">
            <wcet number="0">50</wcet>
            <wcet number="1">90</wcet>
            <maxpow number="0.8024639973363624"/>
            <maxpow number="0.8024639973363624"/>
            <fprob>0.0</fprob>
        </actor>
        <actor name="D0N8">
            <wcet number="0">160</wcet>
            <wcet number="1">220</wcet>
            <maxpow number="0.4408596457793718"/>
            <maxpow number="0.4408596457793718"/>
            <fprob>0.0</fprob>
        </actor>
        <actor name="D0N14">
            <wcet number="0">10</wcet>
            <wcet number="1">20</wcet>
            <maxpow number="0.2848144600533171"/>
            <maxpow number="0.2848144600533171"/>
            <fprob>0.0</fprob>
        </actor>
        <actor name="D0N22">
            <wcet number="0">250</wcet>
            <wcet number="1">490</wcet>
            <maxpow number="0.8632062702543144"/>
            <maxpow number="0.8632062702543144"/>
            <fprob>0.0</fprob>
        </actor>
        <actor name="D0N40">
            <wcet number="0">10</wcet>
            <wcet number="1">160</wcet>
            <maxpow number="0.49641985016211054"/>
            <maxpow number="0.49641985016211054"/>
            <fprob>0.0</fprob>
        </actor>
        <actor name="D0N49">
            <wcet number="0">140</wcet>
            <wcet number="1">410</wcet>
            <maxpow number="0.7661825272251498"/>
            <maxpow number="0.7661825272251498"/>
            <fprob>0.0</fprob>
        </actor>
        <actor name="D0N17">
            <wcet number="0">140</wcet>
            <wcet number="1">480</wcet>
            <maxpow number="0.43302478641732683"/>
            <maxpow number="0.43302478641732683"/>
            <fprob>0.0</fprob>
        </actor>
        <actor name="D0N35">
            <wcet number="0">550</wcet>
            <wcet number="1">620</wcet>
            <maxpow number="0.5471510228990276"/>
            <maxpow number="0.5471510228990276"/>
            <fprob>0.0</fprob>
        </actor>
        <actor name="D0N47">
            <wcet number="0">320</wcet>
            <wcet number="1">520</wcet>
            <maxpow number="0.43688332664015056"/>
            <maxpow number="0.43688332664015056"/>
            <fprob>0.0</fprob>
        </actor>
        <actor name="D0N48">
            <wcet number="0">170</wcet>
            <wcet number="1">750</wcet>
            <maxpow number="0.7810688313039702"/>
            <maxpow number="0.7810688313039702"/>
            <fprob>0.0</fprob>
        </actor>
        <actor name="D0N2">
            <wcet number="0">170</wcet>
            <wcet number="1">180</wcet>
            <maxpow number="0.5657423199982685"/>
            <maxpow number="0.5657423199982685"/>
            <fprob>0.0</fprob>
        </actor>
        <actor name="D0N28">
            <wcet number="0">10</wcet>
            <wcet number="1">190</wcet>
            <maxpow number="0.6188744615387851"/>
            <maxpow number="0.6188744615387851"/>
            <fprob>0.0</fprob>
        </actor>
        <actor name="D0N46">
            <wcet number="0">10</wcet>
            <wcet number="1">10</wcet>
            <maxpow number="0.5297087077107583"/>
            <maxpow number="0.5297087077107583"/>
            <fprob>0.0</fprob>
        </actor>
        <actor name="D0N18">
            <wcet number="0">110</wcet>
            <wcet number="1">510</wcet>
            <maxpow number="0.410889521628447"/>
            <maxpow number="0.410889521628447"/>
            <fprob>0.0</fprob>
        </actor>
        <actor name="D0N13">
            <wcet number="0">20</wcet>
            <wcet number="1">40</wcet>
            <maxpow number="0.4325305259640712"/>
            <maxpow number="0.4325305259640712"/>
            <fprob>0.0</fprob>
        </actor>
        <actor name="D0N7">
            <wcet number="0">180</wcet>
            <wcet number="1">420</wcet>
            <maxpow number="0.6797947841571617"/>
            <maxpow number="0.6797947841571617"/>
            <fprob>0.0</fprob>
        </actor>
        <actor name="D0N37">
            <wcet number="0">260</wcet>
            <wcet number="1">330</wcet>
            <maxpow number="0.6789277435917664"/>
            <maxpow number="0.6789277435917664"/>
            <fprob>0.0</fprob>
        </actor>
        <actor name="D0N10">
            <wcet number="0">380</wcet>
            <wcet number="1">420</wcet>
            <maxpow number="0.3512270222091971"/>
            <maxpow number="0.3512270222091971"/>
            <fprob>0.0</fprob>
        </actor>
        <actor name="D0N19">
            <wcet number="0">40</wcet>
            <wcet number="1">60</wcet>
            <maxpow number="0.39189299640328745"/>
            <maxpow number="0.39189299640328745"/>
            <fprob>0.0</fprob>
        </actor>
        <actor name="D0N36">
            <wcet number="0">180</wcet>
            <wcet number="1">180</wcet>
            <maxpow number="0.5025611886486467"/>
            <maxpow number="0.5025611886486467"/>
            <fprob>0.0</fprob>
        </actor>
        <actor name="D0N21">
            <wcet number="0">40</wcet>
            <wcet number="1">90</wcet>
            <maxpow number="0.710865666492562"/>
            <maxpow number="0.710865666492562"/>
            <fprob>0.0</fprob>
        </actor>
        <actor name="D0N12">
            <wcet number="0">30</wcet>
            <wcet number="1">40</wcet>
            <maxpow number="0.40431139446126707"/>
            <maxpow number="0.40431139446126707"/>
            <fprob>0.0</fprob>
        </actor>
        <actor name="D0N4">
            <wcet number="0">20</wcet>
            <wcet number="1">60</wcet>
            <maxpow number="0.6056504353496895"/>
            <maxpow number="0.6056504353496895"/>
            <fprob>0.0</fprob>
        </actor>
        <actor name="D0N44">
            <wcet number="0">20</wcet>
            <wcet number="1">30</wcet>
            <maxpow number="0.39443710228021334"/>
            <maxpow number="0.39443710228021334"/>
            <fprob>0.0</fprob>
        </actor>
        <actor name="D0N23">
            <wcet number="0">30</wcet>
            <wcet number="1">30</wcet>
            <maxpow number="0.42903300009254186"/>
            <maxpow number="0.42903300009254186"/>
            <fprob>0.0</fprob>
        </actor>
        <actor name="D0N25">
            <wcet number="0">90</wcet>
            <wcet number="1">140</wcet>
            <maxpow number="0.8007158961344716"/>
            <maxpow number="0.8007158961344716"/>
            <fprob>0.0</fprob>
        </actor>
        <actor name="D0N16">
            <wcet number="0">80</wcet>
            <wcet number="1">230</wcet>
            <maxpow number="0.46097318134981535"/>
            <maxpow number="0.46097318134981535"/>
            <fprob>0.0</fprob>
        </actor>
        <actor name="D0N11">
            <wcet number="0">10</wcet>
            <wcet number="1">20</wcet>
            <maxpow number="0.4690046393065951"/>
            <maxpow number="0.4690046393065951"/>
            <fprob>0.0</fprob>
        </actor>
        <actor name="D0N30">
            <wcet number="0">20</wcet>
            <wcet number="1">20</wcet>
            <maxpow number="0.35162626278610265"/>
            <maxpow number="0.35162626278610265"/>
            <fprob>0.0</fprob>
        </actor>
        <actor name="D0N6">
            <wcet number="0">120</wcet>
            <wcet number="1">130</wcet>
            <maxpow number="0.3416510841641211"/>
            <maxpow number="0.3416510841641211"/>
            <fprob>0.0</fprob>
        </actor>
        <actor name="D0N0">
            <wcet number="0">70</wcet>
            <wcet number="1">80</wcet>
            <maxpow number="0.7034302244661623"/>
            <maxpow number="0.7034302244661623"/>
            <fprob>0.0</fprob>
        </actor>
        <actor name="D0N32">
            <wcet number="0">140</wcet>
            <wcet number="1">200</wcet>
            <maxpow number="0.4420568912668332"/>
            <maxpow number="0.4420568912668332"/>
            <fprob>0.0</fprob>
        </actor>
        <actor name="D0N45">
            <wcet number="0">160</wcet>
            <wcet number="1">250</wcet>
            <maxpow number="0.8036640056791774"/>
            <maxpow number="0.8036640056791774"/>
            <fprob>0.0</fprob>
        </actor>
        <actor name="D0N26">
            <wcet number="0">30</wcet>
            <wcet number="1">80</wcet>
            <maxpow number="0.6597673158635571"/>
            <maxpow number="0.6597673158635571"/>
            <fprob>0.0</fprob>
        </actor>
        <actor name="D0N29">
            <wcet number="0">310</wcet>
            <wcet number="1">310</wcet>
            <maxpow number="0.46877049505744894"/>
            <maxpow number="0.46877049505744894"/>
            <fprob>0.0</fprob>
        </actor>
        <actor name="D0N1">
            <wcet number="0">30</wcet>
            <wcet number="1">70</wcet>
            <maxpow number="0.5477246588002365"/>
            <maxpow number="0.5477246588002365"/>
            <fprob>0.0</fprob>
        </actor>
        <actor name="D0N3">
            <wcet number="0">90</wcet>
            <wcet number="1">590</wcet>
            <maxpow number="0.4581358876814913"/>
            <maxpow number="0.4581358876814913"/>
            <fprob>0.0</fprob>
        </actor>
        <actor name="D0N41">
            <wcet number="0">10</wcet>
            <wcet number="1">240</wcet>
            <maxpow number="0.4396705571156741"/>
            <maxpow number="0.4396705571156741"/>
            <fprob>0.0</fprob>
        </actor>
        <actor name="D0N9">
            <wcet number="0">40</wcet>
            <wcet number="1">40</wcet>
            <maxpow number="0.614556157324491"/>
            <maxpow number="0.614556157324491"/>
            <fprob>0.0</fprob>
        </actor>
        <actor name="D0N15">
            <wcet number="0">160</wcet>
            <wcet number="1">330</wcet>
            <maxpow number="0.43228490284889143"/>
            <maxpow number="0.43228490284889143"/>
            <fprob>0.0</fprob>
        </actor>
        <actor name="D0N38">
            <wcet number="0">10</wcet>
            <wcet number="1">130</wcet>
            <maxpow number="0.8220259134826642"/>
            <maxpow number="0.8220259134826642"/>
            <fprob>0.0</fprob>
        </actor>
        <actor name="D0N39">
            <wcet number="0">300</wcet>
            <wcet number="1">300</wcet>
            <maxpow number="0.7839869725009496"/>
            <maxpow number="0.7839869725009496"/>
            <fprob>0.0</fprob>
        </actor>
        <actor name="D0N24">
            <wcet number="0">50</wcet>
            <wcet number="1">90</wcet>
            <maxpow number="0.6397182089194988"/>
            <maxpow number="0.6397182089194988"/>
            <fprob>0.0</fprob>
        </actor>
        <actor name="D0N34">
            <wcet number="0">70</wcet>
            <wcet number="1">80</wcet>
            <maxpow number="0.7341233855222685"/>
            <maxpow number="0.7341233855222685"/>
            <fprob>0.0</fprob>
        </actor>
        <actor name="D0N20">
            <wcet number="0">140</wcet>
            <wcet number="1">320</wcet>
            <maxpow number="0.18689357349015545"/>
            <maxpow number="0.18689357349015545"/>
            <fprob>0.0</fprob>
        </actor>
        <actor name="D0N27">
            <wcet number="0">160</wcet>
            <wcet number="1">230</wcet>
            <maxpow number="0.9278767417531437"/>
            <maxpow number="0.9278767417531437"/>
            <fprob>0.0</fprob>
        </actor>
        <ports>
            <port dstActor="D0N15" name="p0" srcActor="D0N5"/>
            <port dstActor="D0N25" name="p1" srcActor="D0N5"/>
            <port dstActor="D0N31" name="p2" srcActor="D0N5"/>
            <port dstActor="D0N8" name="p3" srcActor="D0N5"/>
            <port dstActor="D0N41" name="p4" srcActor="D0N5"/>
            <port dstActor="D0N28" name="p5" srcActor="D0N5"/>
            <port dstActor="D0N33" name="p6" srcActor="D0N31"/>
            <port dstActor="D0N45" name="p7" srcActor="D0N42"/>
            <port dstActor="D0N48" name="p8" srcActor="D0N33"/>
            <port dstActor="D0N36" name="p9" srcActor="D0N33"/>
            <port dstActor="D0N49" name="p10" srcActor="D0N43"/>
            <port dstActor="D0N23" name="p11" srcActor="D0N8"/>
            <port dstActor="D0N16" name="p12" srcActor="D0N8"/>
            <port dstActor="D0N36" name="p13" srcActor="D0N8"/>
            <port dstActor="D0N39" name="p14" srcActor="D0N8"/>
            <port dstActor="D0N14" name="p15" srcActor="D0N8"/>
            <port dstActor="D0N26" name="p16" srcActor="D0N14"/>
            <port dstActor="D0N40" name="p17" srcActor="D0N22"/>
            <port dstActor="D0N49" name="p18" srcActor="D0N40"/>
            <port dstActor="D0N21" name="p19" srcActor="D0N17"/>
            <port dstActor="D0N47" name="p20" srcActor="D0N17"/>
            <port dstActor="D0N44" name="p21" srcActor="D0N17"/>
            <port dstActor="D0N46" name="p22" srcActor="D0N35"/>
            <port dstActor="D0N28" name="p23" srcActor="D0N2"/>
            <port dstActor="D0N37" name="p24" srcActor="D0N2"/>
            <port dstActor="D0N38" name="p25" srcActor="D0N2"/>
            <port dstActor="D0N7" name="p26" srcActor="D0N2"/>
            <port dstActor="D0N19" name="p27" srcActor="D0N2"/>
            <port dstActor="D0N30" name="p28" srcActor="D0N2"/>
            <port dstActor="D0N6" name="p29" srcActor="D0N2"/>
            <port dstActor="D0N36" name="p30" srcActor="D0N28"/>
            <port dstActor="D0N38" name="p31" srcActor="D0N28"/>
            <port dstActor="D0N22" name="p32" srcActor="D0N18"/>
            <port dstActor="D0N30" name="p33" srcActor="D0N18"/>
            <port dstActor="D0N37" name="p34" srcActor="D0N18"/>
            <port dstActor="D0N31" name="p35" srcActor="D0N13"/>
            <port dstActor="D0N34" name="p36" srcActor="D0N13"/>
            <port dstActor="D0N33" name="p37" srcActor="D0N13"/>
            <port dstActor="D0N15" name="p38" srcActor="D0N7"/>
            <port dstActor="D0N12" name="p39" srcActor="D0N7"/>
            <port dstActor="D0N9" name="p40" srcActor="D0N7"/>
            <port dstActor="D0N23" name="p41" srcActor="D0N7"/>
            <port dstActor="D0N42" name="p42" srcActor="D0N37"/>
            <port dstActor="D0N40" name="p43" srcActor="D0N37"/>
            <port dstActor="D0N38" name="p44" srcActor="D0N37"/>
            <port dstActor="D0N31" name="p45" srcActor="D0N10"/>
            <port dstActor="D0N43" name="p46" srcActor="D0N10"/>
            <port dstActor="D0N33" name="p47" srcActor="D0N10"/>
            <port dstActor="D0N31" name="p48" srcActor="D0N19"/>
            <port dstActor="D0N41" name="p49" srcActor="D0N36"/>
            <port dstActor="D0N43" name="p50" srcActor="D0N36"/>
            <port dstActor="D0N27" name="p51" srcActor="D0N21"/>
            <port dstActor="D0N22" name="p52" srcActor="D0N21"/>
            <port dstActor="D0N49" name="p53" srcActor="D0N21"/>
            <port dstActor="D0N26" name="p54" srcActor="D0N12"/>
            <port dstActor="D0N17" name="p55" srcActor="D0N12"/>
            <port dstActor="D0N49" name="p56" srcActor="D0N12"/>
            <port dstActor="D0N38" name="p57" srcActor="D0N4"/>
            <port dstActor="D0N13" name="p58" srcActor="D0N4"/>
            <port dstActor="D0N29" name="p59" srcActor="D0N23"/>
            <port dstActor="D0N43" name="p60" srcActor="D0N23"/>
            <port dstActor="D0N37" name="p61" srcActor="D0N23"/>
            <port dstActor="D0N48" name="p62" srcActor="D0N23"/>
            <port dstActor="D0N40" name="p63" srcActor="D0N23"/>
            <port dstActor="D0N46" name="p64" srcActor="D0N23"/>
            <port dstActor="D0N29" name="p65" srcActor="D0N25"/>
            <port dstActor="D0N34" name="p66" srcActor="D0N25"/>
            <port dstActor="D0N36" name="p67" srcActor="D0N25"/>
            <port dstActor="D0N42" name="p68" srcActor="D0N25"/>
            <port dstActor="D0N42" name="p69" srcActor="D0N16"/>
            <port dstActor="D0N41" name="p70" srcActor="D0N16"/>
            <port dstActor="D0N45" name="p71" srcActor="D0N16"/>
            <port dstActor="D0N20" name="p72" srcActor="D0N16"/>
            <port dstActor="D0N14" name="p73" srcActor="D0N11"/>
            <port dstActor="D0N30" name="p74" srcActor="D0N11"/>
            <port dstActor="D0N31" name="p75" srcActor="D0N11"/>
            <port dstActor="D0N35" name="p76" srcActor="D0N30"/>
            <port dstActor="D0N46" name="p77" srcActor="D0N30"/>
            <port dstActor="D0N9" name="p78" srcActor="D0N6"/>
            <port dstActor="D0N29" name="p79" srcActor="D0N6"/>
            <port dstActor="D0N39" name="p80" srcActor="D0N0"/>
            <port dstActor="D0N15" name="p81" srcActor="D0N0"/>
            <port dstActor="D0N16" name="p82" srcActor="D0N0"/>
            <port dstActor="D0N31" name="p83" srcActor="D0N0"/>
            <port dstActor="D0N42" name="p84" srcActor="D0N32"/>
            <port dstActor="D0N47" name="p85" srcActor="D0N32"/>
            <port dstActor="D0N38" name="p86" srcActor="D0N32"/>
            <port dstActor="D0N43" name="p87" srcActor="D0N26"/>
            <port dstActor="D0N36" name="p88" srcActor="D0N26"/>
            <port dstActor="D0N34" name="p89" srcActor="D0N26"/>
            <port dstActor="D0N48" name="p90" srcActor="D0N26"/>
            <port dstActor="D0N42" name="p91" srcActor="D0N29"/>
            <port dstActor="D0N44" name="p92" srcActor="D0N29"/>
            <port dstActor="D0N34" name="p93" srcActor="D0N29"/>
            <port dstActor="D0N18" name="p94" srcActor="D0N1"/>
            <port dstActor="D0N24" name="p95" srcActor="D0N1"/>
            <port dstActor="D0N21" name="p96" srcActor="D0N1"/>
            <port dstActor="D0N23" name="p97" srcActor="D0N1"/>
            <port dstActor="D0N39" name="p98" srcActor="D0N1"/>
            <port dstActor="D0N33" name="p99" srcActor="D0N1"/>
            <port dstActor="D0N12" name="p100" srcActor="D0N3"/>
            <port dstActor="D0N8" name="p101" srcActor="D0N3"/>
            <port dstActor="D0N35" name="p102" srcActor="D0N3"/>
            <port dstActor="D0N39" name="p103" srcActor="D0N3"/>
            <port dstActor="D0N28" name="p104" srcActor="D0N3"/>
            <port dstActor="D0N48" name="p105" srcActor="D0N3"/>
            <port dstActor="D0N48" name="p106" srcActor="D0N41"/>
            <port dstActor="D0N49" name="p107" srcActor="D0N41"/>
            <port dstActor="D0N26" name="p108" srcActor="D0N9"/>
            <port dstActor="D0N34" name="p109" srcActor="D0N9"/>
            <port dstActor="D0N12" name="p110" srcActor="D0N9"/>
            <port dstActor="D0N27" name="p111" srcActor="D0N9"/>
            <port dstActor="D0N47" name="p112" srcActor="D0N9"/>
            <port dstActor="D0N36" name="p113" srcActor="D0N9"/>
            <port dstActor="D0N16" name="p114" srcActor="D0N9"/>
            <port dstActor="D0N46" name="p115" srcActor="D0N15"/>
            <port dstActor="D0N48" name="p116" srcActor="D0N15"/>
            <port dstActor="D0N41" name="p117" srcActor="D0N15"/>
            <port dstActor="D0N37" name="p118" srcActor="D0N15"/>
            <port dstActor="D0N39" name="p119" srcActor="D0N38"/>
            <port dstActor="D0N46" name="p120" srcActor="D0N38"/>
            <port dstActor="D0N28" name="p121" srcActor="D0N24"/>
            <port dstActor="D0N46" name="p122" srcActor="D0N24"/>
            <port dstActor="D0N26" name="p123" srcActor="D0N24"/>
            <port dstActor="D0N44" name="p124" srcActor="D0N24"/>
            <port dstActor="D0N48" name="p125" srcActor="D0N34"/>
            <port dstActor="D0N36" name="p126" srcActor="D0N34"/>
            <port dstActor="D0N38" name="p127" srcActor="D0N20"/>
            <port dstActor="D0N45" name="p128" srcActor="D0N20"/>
            <port dstActor="D0N35" name="p129" srcActor="D0N20"/>
            <port dstActor="D0N36" name="p130" srcActor="D0N27"/>
        </ports>
    </mcdag>
    <cores number="3"/>
    <levels number="2"/>
</mcsystem>
