<?xml version="1.0" encoding="UTF-8" standalone="no"?>
<mcsystem>
    <mcdag deadline="2200" name="genned-0-ed-10.0-0">
        <actor name="D0N15">
            <wcet number="0">190</wcet>
            <wcet number="1">260</wcet>
            <maxpow number="0.26235708204960023"/>
            <maxpow number="0.26235708204960023"/>
            <fprob>0.0</fprob>
        </actor>
        <actor name="D0N1">
            <wcet number="0">30</wcet>
            <wcet number="1">80</wcet>
            <maxpow number="0.51596436417099"/>
            <maxpow number="0.51596436417099"/>
            <fprob>0.0</fprob>
        </actor>
        <actor name="D0N6">
            <wcet number="0">80</wcet>
            <wcet number="1">110</wcet>
            <maxpow number="0.7949186760833286"/>
            <maxpow number="0.7949186760833286"/>
            <fprob>0.0</fprob>
        </actor>
        <actor name="D0N3">
            <wcet number="0">20</wcet>
            <wcet number="1">50</wcet>
            <maxpow number="0.6149641279610588"/>
            <maxpow number="0.6149641279610588"/>
            <fprob>0.0</fprob>
        </actor>
        <actor name="D0N25">
            <wcet number="0">110</wcet>
            <wcet number="1">150</wcet>
            <maxpow number="0.39551939216868653"/>
            <maxpow number="0.39551939216868653"/>
            <fprob>0.0</fprob>
        </actor>
        <actor name="D0N30">
            <wcet number="0">20</wcet>
            <wcet number="1">70</wcet>
            <maxpow number="0.47527910775199955"/>
            <maxpow number="0.47527910775199955"/>
            <fprob>0.0</fprob>
        </actor>
        <actor name="D0N39">
            <wcet number="0">160</wcet>
            <wcet number="1">170</wcet>
            <maxpow number="0.9023956105955149"/>
            <maxpow number="0.9023956105955149"/>
            <fprob>0.0</fprob>
        </actor>
        <actor name="D0N40">
            <wcet number="0">10</wcet>
            <wcet number="1">80</wcet>
            <maxpow number="0.532945582616321"/>
            <maxpow number="0.532945582616321"/>
            <fprob>0.0</fprob>
        </actor>
        <actor name="D0N21">
            <wcet number="0">10</wcet>
            <wcet number="1">40</wcet>
            <maxpow number="0.6092548708659359"/>
            <maxpow number="0.6092548708659359"/>
            <fprob>0.0</fprob>
        </actor>
        <actor name="D0N34">
            <wcet number="0">20</wcet>
            <wcet number="1">20</wcet>
            <maxpow number="0.43263629667645237"/>
            <maxpow number="0.43263629667645237"/>
            <fprob>0.0</fprob>
        </actor>
        <actor name="D0N14">
            <wcet number="0">10</wcet>
            <wcet number="1">80</wcet>
            <maxpow number="0.581603379215675"/>
            <maxpow number="0.581603379215675"/>
            <fprob>0.0</fprob>
        </actor>
        <actor name="D0N27">
            <wcet number="0">20</wcet>
            <wcet number="1">60</wcet>
            <maxpow number="0.7180134371878379"/>
            <maxpow number="0.7180134371878379"/>
            <fprob>0.0</fprob>
        </actor>
        <actor name="D0N31">
            <wcet number="0">50</wcet>
            <wcet number="1">130</wcet>
            <maxpow number="0.7359717782928512"/>
            <maxpow number="0.7359717782928512"/>
            <fprob>0.0</fprob>
        </actor>
        <actor name="D0N43">
            <wcet number="0">130</wcet>
            <wcet number="1">160</wcet>
            <maxpow number="0.6613561013951147"/>
            <maxpow number="0.6613561013951147"/>
            <fprob>0.0</fprob>
        </actor>
        <actor name="D0N11">
            <wcet number="0">10</wcet>
            <wcet number="1">40</wcet>
            <maxpow number="0.4051171541525169"/>
            <maxpow number="0.4051171541525169"/>
            <fprob>0.0</fprob>
        </actor>
        <actor name="D0N10">
            <wcet number="0">20</wcet>
            <wcet number="1">20</wcet>
            <maxpow number="0.33848021228442376"/>
            <maxpow number="0.33848021228442376"/>
            <fprob>0.0</fprob>
        </actor>
        <actor name="D0N16">
            <wcet number="0">10</wcet>
            <wcet number="1">10</wcet>
            <maxpow number="0.6498099216938292"/>
            <maxpow number="0.6498099216938292"/>
            <fprob>0.0</fprob>
        </actor>
        <actor name="D0N22">
            <wcet number="0">10</wcet>
            <wcet number="1">10</wcet>
            <maxpow number="0.734885583339157"/>
            <maxpow number="0.734885583339157"/>
            <fprob>0.0</fprob>
        </actor>
        <actor name="D0N44">
            <wcet number="0">20</wcet>
            <wcet number="1">20</wcet>
            <maxpow number="0.4923411277362252"/>
            <maxpow number="0.4923411277362252"/>
            <fprob>0.0</fprob>
        </actor>
        <actor name="D0N7">
            <wcet number="0">150</wcet>
            <wcet number="1">220</wcet>
            <maxpow number="0.7610129431961411"/>
            <maxpow number="0.7610129431961411"/>
            <fprob>0.0</fprob>
        </actor>
        <actor name="D0N37">
            <wcet number="0">40</wcet>
            <wcet number="1">260</wcet>
            <maxpow number="0.7891057485671148"/>
            <maxpow number="0.7891057485671148"/>
            <fprob>0.0</fprob>
        </actor>
        <actor name="D0N20">
            <wcet number="0">70</wcet>
            <wcet number="1">130</wcet>
            <maxpow number="0.4979471681201204"/>
            <maxpow number="0.4979471681201204"/>
            <fprob>0.0</fprob>
        </actor>
        <actor name="D0N41">
            <wcet number="0">20</wcet>
            <wcet number="1">100</wcet>
            <maxpow number="0.601063121681874"/>
            <maxpow number="0.601063121681874"/>
            <fprob>0.0</fprob>
        </actor>
        <actor name="D0N5">
            <wcet number="0">80</wcet>
            <wcet number="1">110</wcet>
            <maxpow number="0.4716592616576642"/>
            <maxpow number="0.4716592616576642"/>
            <fprob>0.0</fprob>
        </actor>
        <actor name="D0N4">
            <wcet number="0">50</wcet>
            <wcet number="1">60</wcet>
            <maxpow number="0.43774056232951875"/>
            <maxpow number="0.43774056232951875"/>
            <fprob>0.0</fprob>
        </actor>
        <actor name="D0N42">
            <wcet number="0">10</wcet>
            <wcet number="1">20</wcet>
            <maxpow number="0.49810161681550147"/>
            <maxpow number="0.49810161681550147"/>
            <fprob>0.0</fprob>
        </actor>
        <actor name="D0N32">
            <wcet number="0">180</wcet>
            <wcet number="1">210</wcet>
            <maxpow number="0.3406837271079207"/>
            <maxpow number="0.3406837271079207"/>
            <fprob>0.0</fprob>
        </actor>
        <actor name="D0N29">
            <wcet number="0">30</wcet>
            <wcet number="1">30</wcet>
            <maxpow number="0.4635946187544507"/>
            <maxpow number="0.4635946187544507"/>
            <fprob>0.0</fprob>
        </actor>
        <actor name="D0N35">
            <wcet number="0">10</wcet>
            <wcet number="1">10</wcet>
            <maxpow number="0.7385899599554567"/>
            <maxpow number="0.7385899599554567"/>
            <fprob>0.0</fprob>
        </actor>
        <actor name="D0N36">
            <wcet number="0">260</wcet>
            <wcet number="1">280</wcet>
            <maxpow number="0.44725349823541793"/>
            <maxpow number="0.44725349823541793"/>
            <fprob>0.0</fprob>
        </actor>
        <actor name="D0N33">
            <wcet number="0">40</wcet>
            <wcet number="1">100</wcet>
            <maxpow number="0.5039823177966472"/>
            <maxpow number="0.5039823177966472"/>
            <fprob>0.0</fprob>
        </actor>
        <actor name="D0N23">
            <wcet number="0">20</wcet>
            <wcet number="1">40</wcet>
            <maxpow number="0.6191635714618042"/>
            <maxpow number="0.6191635714618042"/>
            <fprob>0.0</fprob>
        </actor>
        <actor name="D0N19">
            <wcet number="0">10</wcet>
            <wcet number="1">10</wcet>
            <maxpow number="0.28198567126432617"/>
            <maxpow number="0.28198567126432617"/>
            <fprob>0.0</fprob>
        </actor>
        <actor name="D0N12">
            <wcet number="0">10</wcet>
            <wcet number="1">30</wcet>
            <maxpow number="0.8434327283917686"/>
            <maxpow number="0.8434327283917686"/>
            <fprob>0.0</fprob>
        </actor>
        <actor name="D0N18">
            <wcet number="0">60</wcet>
            <wcet number="1">120</wcet>
            <maxpow number="0.48425444897454295"/>
            <maxpow number="0.48425444897454295"/>
            <fprob>0.0</fprob>
        </actor>
        <actor name="D0N45">
            <wcet number="0">10</wcet>
            <wcet number="1">20</wcet>
            <maxpow number="0.6539127268442488"/>
            <maxpow number="0.6539127268442488"/>
            <fprob>0.0</fprob>
        </actor>
        <actor name="D0N8">
            <wcet number="0">10</wcet>
            <wcet number="1">10</wcet>
            <maxpow number="0.36134891073261166"/>
            <maxpow number="0.36134891073261166"/>
            <fprob>0.0</fprob>
        </actor>
        <actor name="D0N28">
            <wcet number="0">10</wcet>
            <wcet number="1">20</wcet>
            <maxpow number="0.669762251662698"/>
            <maxpow number="0.669762251662698"/>
            <fprob>0.0</fprob>
        </actor>
        <actor name="D0N26">
            <wcet number="0">20</wcet>
            <wcet number="1">30</wcet>
            <maxpow number="0.18283802925043463"/>
            <maxpow number="0.18283802925043463"/>
            <fprob>0.0</fprob>
        </actor>
        <actor name="D0N17">
            <wcet number="0">20</wcet>
            <wcet number="1">140</wcet>
            <maxpow number="0.5884991468689525"/>
            <maxpow number="0.5884991468689525"/>
            <fprob>0.0</fprob>
        </actor>
        <actor name="D0N2">
            <wcet number="0">30</wcet>
            <wcet number="1">40</wcet>
            <maxpow number="0.8223872703757451"/>
            <maxpow number="0.8223872703757451"/>
            <fprob>0.0</fprob>
        </actor>
        <actor name="D0N38">
            <wcet number="0">20</wcet>
            <wcet number="1">30</wcet>
            <maxpow number="0.6412204592629605"/>
            <maxpow number="0.6412204592629605"/>
            <fprob>0.0</fprob>
        </actor>
        <actor name="D0N24">
            <wcet number="0">100</wcet>
            <wcet number="1">160</wcet>
            <maxpow number="0.7387425995336709"/>
            <maxpow number="0.7387425995336709"/>
            <fprob>0.0</fprob>
        </actor>
        <actor name="D0N46">
            <wcet number="0">10</wcet>
            <wcet number="1">320</wcet>
            <maxpow number="0.5852769446060614"/>
            <maxpow number="0.5852769446060614"/>
            <fprob>0.0</fprob>
        </actor>
        <actor name="D0N9">
            <wcet number="0">20</wcet>
            <wcet number="1">70</wcet>
            <maxpow number="0.5585579592222073"/>
            <maxpow number="0.5585579592222073"/>
            <fprob>0.0</fprob>
        </actor>
        <actor name="D0N0">
            <wcet number="0">100</wcet>
            <wcet number="1">200</wcet>
            <maxpow number="0.7966650299523017"/>
            <maxpow number="0.7966650299523017"/>
            <fprob>0.0</fprob>
        </actor>
        <actor name="D0N13">
            <wcet number="0">70</wcet>
            <wcet number="1">70</wcet>
            <maxpow number="-0.07974615083298975"/>
            <maxpow number="-0.07974615083298975"/>
            <fprob>0.0</fprob>
        </actor>
        <ports>
            <port dstActor="D0N46" name="p0" srcActor="D0N15"/>
            <port dstActor="D0N33" name="p1" srcActor="D0N1"/>
            <port dstActor="D0N7" name="p2" srcActor="D0N1"/>
            <port dstActor="D0N20" name="p3" srcActor="D0N1"/>
            <port dstActor="D0N29" name="p4" srcActor="D0N1"/>
            <port dstActor="D0N37" name="p5" srcActor="D0N1"/>
            <port dstActor="D0N40" name="p6" srcActor="D0N1"/>
            <port dstActor="D0N15" name="p7" srcActor="D0N6"/>
            <port dstActor="D0N40" name="p8" srcActor="D0N6"/>
            <port dstActor="D0N33" name="p9" srcActor="D0N6"/>
            <port dstActor="D0N31" name="p10" srcActor="D0N6"/>
            <port dstActor="D0N45" name="p11" srcActor="D0N6"/>
            <port dstActor="D0N44" name="p12" srcActor="D0N6"/>
            <port dstActor="D0N46" name="p13" srcActor="D0N3"/>
            <port dstActor="D0N8" name="p14" srcActor="D0N3"/>
            <port dstActor="D0N46" name="p15" srcActor="D0N25"/>
            <port dstActor="D0N32" name="p16" srcActor="D0N30"/>
            <port dstActor="D0N39" name="p17" srcActor="D0N30"/>
            <port dstActor="D0N45" name="p18" srcActor="D0N39"/>
            <port dstActor="D0N43" name="p19" srcActor="D0N40"/>
            <port dstActor="D0N27" name="p20" srcActor="D0N21"/>
            <port dstActor="D0N31" name="p21" srcActor="D0N21"/>
            <port dstActor="D0N41" name="p22" srcActor="D0N34"/>
            <port dstActor="D0N30" name="p23" srcActor="D0N14"/>
            <port dstActor="D0N38" name="p24" srcActor="D0N27"/>
            <port dstActor="D0N29" name="p25" srcActor="D0N27"/>
            <port dstActor="D0N32" name="p26" srcActor="D0N31"/>
            <port dstActor="D0N39" name="p27" srcActor="D0N31"/>
            <port dstActor="D0N20" name="p28" srcActor="D0N11"/>
            <port dstActor="D0N31" name="p29" srcActor="D0N11"/>
            <port dstActor="D0N22" name="p30" srcActor="D0N10"/>
            <port dstActor="D0N25" name="p31" srcActor="D0N10"/>
            <port dstActor="D0N27" name="p32" srcActor="D0N10"/>
            <port dstActor="D0N26" name="p33" srcActor="D0N10"/>
            <port dstActor="D0N24" name="p34" srcActor="D0N16"/>
            <port dstActor="D0N22" name="p35" srcActor="D0N16"/>
            <port dstActor="D0N44" name="p36" srcActor="D0N16"/>
            <port dstActor="D0N28" name="p37" srcActor="D0N16"/>
            <port dstActor="D0N36" name="p38" srcActor="D0N22"/>
            <port dstActor="D0N31" name="p39" srcActor="D0N22"/>
            <port dstActor="D0N33" name="p40" srcActor="D0N22"/>
            <port dstActor="D0N26" name="p41" srcActor="D0N22"/>
            <port dstActor="D0N12" name="p42" srcActor="D0N7"/>
            <port dstActor="D0N43" name="p43" srcActor="D0N7"/>
            <port dstActor="D0N46" name="p44" srcActor="D0N37"/>
            <port dstActor="D0N37" name="p45" srcActor="D0N20"/>
            <port dstActor="D0N29" name="p46" srcActor="D0N20"/>
            <port dstActor="D0N42" name="p47" srcActor="D0N41"/>
            <port dstActor="D0N45" name="p48" srcActor="D0N41"/>
            <port dstActor="D0N6" name="p49" srcActor="D0N5"/>
            <port dstActor="D0N15" name="p50" srcActor="D0N5"/>
            <port dstActor="D0N30" name="p51" srcActor="D0N4"/>
            <port dstActor="D0N11" name="p52" srcActor="D0N4"/>
            <port dstActor="D0N16" name="p53" srcActor="D0N4"/>
            <port dstActor="D0N30" name="p54" srcActor="D0N29"/>
            <port dstActor="D0N40" name="p55" srcActor="D0N29"/>
            <port dstActor="D0N40" name="p56" srcActor="D0N33"/>
            <port dstActor="D0N41" name="p57" srcActor="D0N33"/>
            <port dstActor="D0N42" name="p58" srcActor="D0N23"/>
            <port dstActor="D0N20" name="p59" srcActor="D0N19"/>
            <port dstActor="D0N46" name="p60" srcActor="D0N19"/>
            <port dstActor="D0N42" name="p61" srcActor="D0N19"/>
            <port dstActor="D0N33" name="p62" srcActor="D0N12"/>
            <port dstActor="D0N14" name="p63" srcActor="D0N12"/>
            <port dstActor="D0N43" name="p64" srcActor="D0N12"/>
            <port dstActor="D0N19" name="p65" srcActor="D0N12"/>
            <port dstActor="D0N23" name="p66" srcActor="D0N12"/>
            <port dstActor="D0N43" name="p67" srcActor="D0N18"/>
            <port dstActor="D0N39" name="p68" srcActor="D0N8"/>
            <port dstActor="D0N23" name="p69" srcActor="D0N8"/>
            <port dstActor="D0N42" name="p70" srcActor="D0N28"/>
            <port dstActor="D0N30" name="p71" srcActor="D0N28"/>
            <port dstActor="D0N39" name="p72" srcActor="D0N28"/>
            <port dstActor="D0N45" name="p73" srcActor="D0N26"/>
            <port dstActor="D0N26" name="p74" srcActor="D0N17"/>
            <port dstActor="D0N30" name="p75" srcActor="D0N17"/>
            <port dstActor="D0N4" name="p76" srcActor="D0N2"/>
            <port dstActor="D0N40" name="p77" srcActor="D0N2"/>
            <port dstActor="D0N44" name="p78" srcActor="D0N2"/>
            <port dstActor="D0N39" name="p79" srcActor="D0N2"/>
            <port dstActor="D0N44" name="p80" srcActor="D0N38"/>
            <port dstActor="D0N36" name="p81" srcActor="D0N24"/>
            <port dstActor="D0N26" name="p82" srcActor="D0N24"/>
            <port dstActor="D0N28" name="p83" srcActor="D0N24"/>
            <port dstActor="D0N13" name="p84" srcActor="D0N9"/>
            <port dstActor="D0N19" name="p85" srcActor="D0N9"/>
            <port dstActor="D0N29" name="p86" srcActor="D0N9"/>
            <port dstActor="D0N17" name="p87" srcActor="D0N0"/>
            <port dstActor="D0N34" name="p88" srcActor="D0N0"/>
            <port dstActor="D0N44" name="p89" srcActor="D0N13"/>
            <port dstActor="D0N37" name="p90" srcActor="D0N13"/>
            <port dstActor="D0N31" name="p91" srcActor="D0N13"/>
            <port dstActor="D0N42" name="p92" srcActor="D0N13"/>
        </ports>
    </mcdag>
    <cores number="2"/>
    <levels number="2"/>
</mcsystem>
