<?xml version="1.0" encoding="UTF-8" standalone="no"?>
<mcsystem>
    <mcdag deadline="1000" name="genned-0-ed-10.0-0">
        <actor name="D0N26">
            <wcet number="0">110</wcet>
            <wcet number="1">120</wcet>
            <maxpow number="0.3409210905610528"/>
            <maxpow number="0.3409210905610528"/>
            <fprob>0.0</fprob>
        </actor>
        <actor name="D0N47">
            <wcet number="0">90</wcet>
            <wcet number="1">150</wcet>
            <maxpow number="0.8044824792923715"/>
            <maxpow number="0.8044824792923715"/>
            <fprob>0.0</fprob>
        </actor>
        <actor name="D0N5">
            <wcet number="0">50</wcet>
            <wcet number="1">50</wcet>
            <maxpow number="0.5727296018079571"/>
            <maxpow number="0.5727296018079571"/>
            <fprob>0.0</fprob>
        </actor>
        <actor name="D0N32">
            <wcet number="0">70</wcet>
            <wcet number="1">110</wcet>
            <maxpow number="0.3422708299819783"/>
            <maxpow number="0.3422708299819783"/>
            <fprob>0.0</fprob>
        </actor>
        <actor name="D0N6">
            <wcet number="0">10</wcet>
            <wcet number="1">50</wcet>
            <maxpow number="0.7899163378257705"/>
            <maxpow number="0.7899163378257705"/>
            <fprob>0.0</fprob>
        </actor>
        <actor name="D0N31">
            <wcet number="0">30</wcet>
            <wcet number="1">50</wcet>
            <maxpow number="0.05811476750343558"/>
            <maxpow number="0.05811476750343558"/>
            <fprob>0.0</fprob>
        </actor>
        <actor name="D0N34">
            <wcet number="0">30</wcet>
            <wcet number="1">50</wcet>
            <maxpow number="0.6283921515448051"/>
            <maxpow number="0.6283921515448051"/>
            <fprob>0.0</fprob>
        </actor>
        <actor name="D0N37">
            <wcet number="0">20</wcet>
            <wcet number="1">60</wcet>
            <maxpow number="0.38865574075874915"/>
            <maxpow number="0.38865574075874915"/>
            <fprob>0.0</fprob>
        </actor>
        <actor name="D0N0">
            <wcet number="0">20</wcet>
            <wcet number="1">30</wcet>
            <maxpow number="0.6742028330528835"/>
            <maxpow number="0.6742028330528835"/>
            <fprob>0.0</fprob>
        </actor>
        <actor name="D0N28">
            <wcet number="0">20</wcet>
            <wcet number="1">30</wcet>
            <maxpow number="0.4870166282534028"/>
            <maxpow number="0.4870166282534028"/>
            <fprob>0.0</fprob>
        </actor>
        <actor name="D0N42">
            <wcet number="0">90</wcet>
            <wcet number="1">200</wcet>
            <maxpow number="0.8806358815415509"/>
            <maxpow number="0.8806358815415509"/>
            <fprob>0.0</fprob>
        </actor>
        <actor name="D0N3">
            <wcet number="0">10</wcet>
            <wcet number="1">40</wcet>
            <maxpow number="0.4601371340668388"/>
            <maxpow number="0.4601371340668388"/>
            <fprob>0.0</fprob>
        </actor>
        <actor name="D0N17">
            <wcet number="0">70</wcet>
            <wcet number="1">70</wcet>
            <maxpow number="0.853352740975311"/>
            <maxpow number="0.853352740975311"/>
            <fprob>0.0</fprob>
        </actor>
        <actor name="D0N21">
            <wcet number="0">20</wcet>
            <wcet number="1">30</wcet>
            <maxpow number="0.8170506179072664"/>
            <maxpow number="0.8170506179072664"/>
            <fprob>0.0</fprob>
        </actor>
        <actor name="D0N29">
            <wcet number="0">100</wcet>
            <wcet number="1">160</wcet>
            <maxpow number="0.6130194612872147"/>
            <maxpow number="0.6130194612872147"/>
            <fprob>0.0</fprob>
        </actor>
        <actor name="D0N43">
            <wcet number="0">60</wcet>
            <wcet number="1">70</wcet>
            <maxpow number="0.6980016434936931"/>
            <maxpow number="0.6980016434936931"/>
            <fprob>0.0</fprob>
        </actor>
        <actor name="D0N11">
            <wcet number="0">10</wcet>
            <wcet number="1">50</wcet>
            <maxpow number="0.6032522478759399"/>
            <maxpow number="0.6032522478759399"/>
            <fprob>0.0</fprob>
        </actor>
        <actor name="D0N19">
            <wcet number="0">10</wcet>
            <wcet number="1">10</wcet>
            <maxpow number="0.5533615724658366"/>
            <maxpow number="0.5533615724658366"/>
            <fprob>0.0</fprob>
        </actor>
        <actor name="D0N13">
            <wcet number="0">70</wcet>
            <wcet number="1">70</wcet>
            <maxpow number="0.991623209099041"/>
            <maxpow number="0.991623209099041"/>
            <fprob>0.0</fprob>
        </actor>
        <actor name="D0N35">
            <wcet number="0">10</wcet>
            <wcet number="1">10</wcet>
            <maxpow number="0.7153141864059195"/>
            <maxpow number="0.7153141864059195"/>
            <fprob>0.0</fprob>
        </actor>
        <actor name="D0N30">
            <wcet number="0">10</wcet>
            <wcet number="1">30</wcet>
            <maxpow number="0.4780400391579954"/>
            <maxpow number="0.4780400391579954"/>
            <fprob>0.0</fprob>
        </actor>
        <actor name="D0N46">
            <wcet number="0">20</wcet>
            <wcet number="1">20</wcet>
            <maxpow number="0.6424856768910133"/>
            <maxpow number="0.6424856768910133"/>
            <fprob>0.0</fprob>
        </actor>
        <actor name="D0N14">
            <wcet number="0">10</wcet>
            <wcet number="1">80</wcet>
            <maxpow number="0.3639111101974304"/>
            <maxpow number="0.3639111101974304"/>
            <fprob>0.0</fprob>
        </actor>
        <actor name="D0N38">
            <wcet number="0">40</wcet>
            <wcet number="1">50</wcet>
            <maxpow number="0.762206369229464"/>
            <maxpow number="0.762206369229464"/>
            <fprob>0.0</fprob>
        </actor>
        <actor name="D0N27">
            <wcet number="0">20</wcet>
            <wcet number="1">30</wcet>
            <maxpow number="0.4234954817499411"/>
            <maxpow number="0.4234954817499411"/>
            <fprob>0.0</fprob>
        </actor>
        <actor name="D0N18">
            <wcet number="0">200</wcet>
            <wcet number="1">240</wcet>
            <maxpow number="0.6537512337051086"/>
            <maxpow number="0.6537512337051086"/>
            <fprob>0.0</fprob>
        </actor>
        <actor name="D0N24">
            <wcet number="0">10</wcet>
            <wcet number="1">30</wcet>
            <maxpow number="0.6031785187404861"/>
            <maxpow number="0.6031785187404861"/>
            <fprob>0.0</fprob>
        </actor>
        <actor name="D0N15">
            <wcet number="0">60</wcet>
            <wcet number="1">90</wcet>
            <maxpow number="0.5188661080185941"/>
            <maxpow number="0.5188661080185941"/>
            <fprob>0.0</fprob>
        </actor>
        <actor name="D0N23">
            <wcet number="0">20</wcet>
            <wcet number="1">20</wcet>
            <maxpow number="0.49980313378645536"/>
            <maxpow number="0.49980313378645536"/>
            <fprob>0.0</fprob>
        </actor>
        <actor name="D0N10">
            <wcet number="0">50</wcet>
            <wcet number="1">50</wcet>
            <maxpow number="0.7188585300129392"/>
            <maxpow number="0.7188585300129392"/>
            <fprob>0.0</fprob>
        </actor>
        <actor name="D0N25">
            <wcet number="0">30</wcet>
            <wcet number="1">80</wcet>
            <maxpow number="0.5148898004549296"/>
            <maxpow number="0.5148898004549296"/>
            <fprob>0.0</fprob>
        </actor>
        <actor name="D0N36">
            <wcet number="0">10</wcet>
            <wcet number="1">10</wcet>
            <maxpow number="0.5758404847922745"/>
            <maxpow number="0.5758404847922745"/>
            <fprob>0.0</fprob>
        </actor>
        <actor name="D0N41">
            <wcet number="0">20</wcet>
            <wcet number="1">30</wcet>
            <maxpow number="0.5771778146194481"/>
            <maxpow number="0.5771778146194481"/>
            <fprob>0.0</fprob>
        </actor>
        <actor name="D0N2">
            <wcet number="0">90</wcet>
            <wcet number="1">120</wcet>
            <maxpow number="0.608787079972793"/>
            <maxpow number="0.608787079972793"/>
            <fprob>0.0</fprob>
        </actor>
        <actor name="D0N12">
            <wcet number="0">10</wcet>
            <wcet number="1">10</wcet>
            <maxpow number="0.3411429124372808"/>
            <maxpow number="0.3411429124372808"/>
            <fprob>0.0</fprob>
        </actor>
        <actor name="D0N22">
            <wcet number="0">20</wcet>
            <wcet number="1">30</wcet>
            <maxpow number="0.47301527804055243"/>
            <maxpow number="0.47301527804055243"/>
            <fprob>0.0</fprob>
        </actor>
        <actor name="D0N16">
            <wcet number="0">50</wcet>
            <wcet number="1">50</wcet>
            <maxpow number="0.5467883368218637"/>
            <maxpow number="0.5467883368218637"/>
            <fprob>0.0</fprob>
        </actor>
        <actor name="D0N1">
            <wcet number="0">10</wcet>
            <wcet number="1">10</wcet>
            <maxpow number="0.5137589462353906"/>
            <maxpow number="0.5137589462353906"/>
            <fprob>0.0</fprob>
        </actor>
        <actor name="D0N7">
            <wcet number="0">10</wcet>
            <wcet number="1">10</wcet>
            <maxpow number="0.868931504889149"/>
            <maxpow number="0.868931504889149"/>
            <fprob>0.0</fprob>
        </actor>
        <actor name="D0N44">
            <wcet number="0">20</wcet>
            <wcet number="1">20</wcet>
            <maxpow number="0.3404015925483921"/>
            <maxpow number="0.3404015925483921"/>
            <fprob>0.0</fprob>
        </actor>
        <actor name="D0N33">
            <wcet number="0">120</wcet>
            <wcet number="1">140</wcet>
            <maxpow number="0.5805498183432942"/>
            <maxpow number="0.5805498183432942"/>
            <fprob>0.0</fprob>
        </actor>
        <actor name="D0N40">
            <wcet number="0">30</wcet>
            <wcet number="1">60</wcet>
            <maxpow number="0.6435170221218"/>
            <maxpow number="0.6435170221218"/>
            <fprob>0.0</fprob>
        </actor>
        <actor name="D0N45">
            <wcet number="0">20</wcet>
            <wcet number="1">30</wcet>
            <maxpow number="0.8035577637425226"/>
            <maxpow number="0.8035577637425226"/>
            <fprob>0.0</fprob>
        </actor>
        <actor name="D0N4">
            <wcet number="0">10</wcet>
            <wcet number="1">30</wcet>
            <maxpow number="0.38751137751494136"/>
            <maxpow number="0.38751137751494136"/>
            <fprob>0.0</fprob>
        </actor>
        <actor name="D0N8">
            <wcet number="0">30</wcet>
            <wcet number="1">80</wcet>
            <maxpow number="0.5529634796108513"/>
            <maxpow number="0.5529634796108513"/>
            <fprob>0.0</fprob>
        </actor>
        <actor name="D0N39">
            <wcet number="0">50</wcet>
            <wcet number="1">70</wcet>
            <maxpow number="0.8986949842496759"/>
            <maxpow number="0.8986949842496759"/>
            <fprob>0.0</fprob>
        </actor>
        <actor name="D0N9">
            <wcet number="0">10</wcet>
            <wcet number="1">10</wcet>
            <maxpow number="0.5046025350638469"/>
            <maxpow number="0.5046025350638469"/>
            <fprob>0.0</fprob>
        </actor>
        <actor name="D0N20">
            <wcet number="0">40</wcet>
            <wcet number="1">60</wcet>
            <maxpow number="0.4231223694965576"/>
            <maxpow number="0.4231223694965576"/>
            <fprob>0.0</fprob>
        </actor>
        <ports>
            <port dstActor="D0N34" name="p0" srcActor="D0N26"/>
            <port dstActor="D0N45" name="p1" srcActor="D0N26"/>
            <port dstActor="D0N36" name="p2" srcActor="D0N26"/>
            <port dstActor="D0N14" name="p3" srcActor="D0N5"/>
            <port dstActor="D0N41" name="p4" srcActor="D0N5"/>
            <port dstActor="D0N41" name="p5" srcActor="D0N32"/>
            <port dstActor="D0N47" name="p6" srcActor="D0N32"/>
            <port dstActor="D0N11" name="p7" srcActor="D0N6"/>
            <port dstActor="D0N38" name="p8" srcActor="D0N6"/>
            <port dstActor="D0N26" name="p9" srcActor="D0N6"/>
            <port dstActor="D0N18" name="p10" srcActor="D0N6"/>
            <port dstActor="D0N43" name="p11" srcActor="D0N31"/>
            <port dstActor="D0N38" name="p12" srcActor="D0N34"/>
            <port dstActor="D0N37" name="p13" srcActor="D0N34"/>
            <port dstActor="D0N44" name="p14" srcActor="D0N34"/>
            <port dstActor="D0N41" name="p15" srcActor="D0N37"/>
            <port dstActor="D0N7" name="p16" srcActor="D0N0"/>
            <port dstActor="D0N5" name="p17" srcActor="D0N0"/>
            <port dstActor="D0N2" name="p18" srcActor="D0N0"/>
            <port dstActor="D0N35" name="p19" srcActor="D0N0"/>
            <port dstActor="D0N33" name="p20" srcActor="D0N28"/>
            <port dstActor="D0N38" name="p21" srcActor="D0N28"/>
            <port dstActor="D0N42" name="p22" srcActor="D0N28"/>
            <port dstActor="D0N46" name="p23" srcActor="D0N28"/>
            <port dstActor="D0N16" name="p24" srcActor="D0N3"/>
            <port dstActor="D0N45" name="p25" srcActor="D0N3"/>
            <port dstActor="D0N35" name="p26" srcActor="D0N3"/>
            <port dstActor="D0N25" name="p27" srcActor="D0N3"/>
            <port dstActor="D0N36" name="p28" srcActor="D0N3"/>
            <port dstActor="D0N19" name="p29" srcActor="D0N17"/>
            <port dstActor="D0N45" name="p30" srcActor="D0N17"/>
            <port dstActor="D0N30" name="p31" srcActor="D0N17"/>
            <port dstActor="D0N18" name="p32" srcActor="D0N17"/>
            <port dstActor="D0N45" name="p33" srcActor="D0N21"/>
            <port dstActor="D0N39" name="p34" srcActor="D0N21"/>
            <port dstActor="D0N44" name="p35" srcActor="D0N21"/>
            <port dstActor="D0N38" name="p36" srcActor="D0N11"/>
            <port dstActor="D0N17" name="p37" srcActor="D0N11"/>
            <port dstActor="D0N36" name="p38" srcActor="D0N11"/>
            <port dstActor="D0N19" name="p39" srcActor="D0N11"/>
            <port dstActor="D0N36" name="p40" srcActor="D0N19"/>
            <port dstActor="D0N31" name="p41" srcActor="D0N13"/>
            <port dstActor="D0N42" name="p42" srcActor="D0N13"/>
            <port dstActor="D0N20" name="p43" srcActor="D0N13"/>
            <port dstActor="D0N26" name="p44" srcActor="D0N13"/>
            <port dstActor="D0N46" name="p45" srcActor="D0N13"/>
            <port dstActor="D0N34" name="p46" srcActor="D0N13"/>
            <port dstActor="D0N44" name="p47" srcActor="D0N35"/>
            <port dstActor="D0N43" name="p48" srcActor="D0N35"/>
            <port dstActor="D0N32" name="p49" srcActor="D0N30"/>
            <port dstActor="D0N37" name="p50" srcActor="D0N30"/>
            <port dstActor="D0N42" name="p51" srcActor="D0N14"/>
            <port dstActor="D0N24" name="p52" srcActor="D0N14"/>
            <port dstActor="D0N35" name="p53" srcActor="D0N14"/>
            <port dstActor="D0N39" name="p54" srcActor="D0N14"/>
            <port dstActor="D0N39" name="p55" srcActor="D0N38"/>
            <port dstActor="D0N45" name="p56" srcActor="D0N38"/>
            <port dstActor="D0N45" name="p57" srcActor="D0N27"/>
            <port dstActor="D0N27" name="p58" srcActor="D0N18"/>
            <port dstActor="D0N35" name="p59" srcActor="D0N18"/>
            <port dstActor="D0N34" name="p60" srcActor="D0N24"/>
            <port dstActor="D0N44" name="p61" srcActor="D0N24"/>
            <port dstActor="D0N35" name="p62" srcActor="D0N15"/>
            <port dstActor="D0N29" name="p63" srcActor="D0N15"/>
            <port dstActor="D0N37" name="p64" srcActor="D0N15"/>
            <port dstActor="D0N45" name="p65" srcActor="D0N15"/>
            <port dstActor="D0N36" name="p66" srcActor="D0N15"/>
            <port dstActor="D0N20" name="p67" srcActor="D0N15"/>
            <port dstActor="D0N47" name="p68" srcActor="D0N23"/>
            <port dstActor="D0N15" name="p69" srcActor="D0N10"/>
            <port dstActor="D0N43" name="p70" srcActor="D0N10"/>
            <port dstActor="D0N38" name="p71" srcActor="D0N10"/>
            <port dstActor="D0N44" name="p72" srcActor="D0N25"/>
            <port dstActor="D0N45" name="p73" srcActor="D0N25"/>
            <port dstActor="D0N35" name="p74" srcActor="D0N25"/>
            <port dstActor="D0N38" name="p75" srcActor="D0N25"/>
            <port dstActor="D0N28" name="p76" srcActor="D0N25"/>
            <port dstActor="D0N32" name="p77" srcActor="D0N25"/>
            <port dstActor="D0N8" name="p78" srcActor="D0N2"/>
            <port dstActor="D0N43" name="p79" srcActor="D0N2"/>
            <port dstActor="D0N23" name="p80" srcActor="D0N2"/>
            <port dstActor="D0N38" name="p81" srcActor="D0N2"/>
            <port dstActor="D0N36" name="p82" srcActor="D0N2"/>
            <port dstActor="D0N24" name="p83" srcActor="D0N2"/>
            <port dstActor="D0N26" name="p84" srcActor="D0N12"/>
            <port dstActor="D0N28" name="p85" srcActor="D0N12"/>
            <port dstActor="D0N36" name="p86" srcActor="D0N12"/>
            <port dstActor="D0N46" name="p87" srcActor="D0N12"/>
            <port dstActor="D0N20" name="p88" srcActor="D0N12"/>
            <port dstActor="D0N47" name="p89" srcActor="D0N22"/>
            <port dstActor="D0N22" name="p90" srcActor="D0N16"/>
            <port dstActor="D0N41" name="p91" srcActor="D0N16"/>
            <port dstActor="D0N27" name="p92" srcActor="D0N16"/>
            <port dstActor="D0N30" name="p93" srcActor="D0N16"/>
            <port dstActor="D0N15" name="p94" srcActor="D0N1"/>
            <port dstActor="D0N29" name="p95" srcActor="D0N1"/>
            <port dstActor="D0N23" name="p96" srcActor="D0N1"/>
            <port dstActor="D0N13" name="p97" srcActor="D0N1"/>
            <port dstActor="D0N12" name="p98" srcActor="D0N1"/>
            <port dstActor="D0N25" name="p99" srcActor="D0N1"/>
            <port dstActor="D0N35" name="p100" srcActor="D0N7"/>
            <port dstActor="D0N40" name="p101" srcActor="D0N7"/>
            <port dstActor="D0N20" name="p102" srcActor="D0N7"/>
            <port dstActor="D0N38" name="p103" srcActor="D0N33"/>
            <port dstActor="D0N36" name="p104" srcActor="D0N33"/>
            <port dstActor="D0N45" name="p105" srcActor="D0N40"/>
            <port dstActor="D0N22" name="p106" srcActor="D0N4"/>
            <port dstActor="D0N14" name="p107" srcActor="D0N4"/>
            <port dstActor="D0N36" name="p108" srcActor="D0N4"/>
            <port dstActor="D0N27" name="p109" srcActor="D0N4"/>
            <port dstActor="D0N31" name="p110" srcActor="D0N4"/>
            <port dstActor="D0N47" name="p111" srcActor="D0N8"/>
            <port dstActor="D0N16" name="p112" srcActor="D0N8"/>
            <port dstActor="D0N17" name="p113" srcActor="D0N8"/>
            <port dstActor="D0N31" name="p114" srcActor="D0N8"/>
            <port dstActor="D0N10" name="p115" srcActor="D0N9"/>
            <port dstActor="D0N27" name="p116" srcActor="D0N9"/>
            <port dstActor="D0N31" name="p117" srcActor="D0N9"/>
            <port dstActor="D0N29" name="p118" srcActor="D0N9"/>
            <port dstActor="D0N23" name="p119" srcActor="D0N20"/>
            <port dstActor="D0N37" name="p120" srcActor="D0N20"/>
            <port dstActor="D0N27" name="p121" srcActor="D0N20"/>
        </ports>
    </mcdag>
    <cores number="3"/>
    <levels number="2"/>
</mcsystem>
