<?xml version="1.0" encoding="UTF-8" standalone="no"?>
<mcsystem>
    <mcdag deadline="1800" name="genned-0-ed-10.0-0">
        <actor name="D0N16">
            <wcet number="0">30</wcet>
            <wcet number="1">30</wcet>
            <maxpow number="0.24215718950921916"/>
            <maxpow number="0.24215718950921916"/>
            <fprob>0.0</fprob>
        </actor>
        <actor name="D0N31">
            <wcet number="0">110</wcet>
            <wcet number="1">130</wcet>
            <maxpow number="0.2528594359711581"/>
            <maxpow number="0.2528594359711581"/>
            <fprob>0.0</fprob>
        </actor>
        <actor name="D0N5">
            <wcet number="0">40</wcet>
            <wcet number="1">70</wcet>
            <maxpow number="0.46552194768696525"/>
            <maxpow number="0.46552194768696525"/>
            <fprob>0.0</fprob>
        </actor>
        <actor name="D0N33">
            <wcet number="0">80</wcet>
            <wcet number="1">110</wcet>
            <maxpow number="0.5401878286670663"/>
            <maxpow number="0.5401878286670663"/>
            <fprob>0.0</fprob>
        </actor>
        <actor name="D0N3">
            <wcet number="0">40</wcet>
            <wcet number="1">40</wcet>
            <maxpow number="0.4705062023431672"/>
            <maxpow number="0.4705062023431672"/>
            <fprob>0.0</fprob>
        </actor>
        <actor name="D0N19">
            <wcet number="0">170</wcet>
            <wcet number="1">270</wcet>
            <maxpow number="0.3987156839078212"/>
            <maxpow number="0.3987156839078212"/>
            <fprob>0.0</fprob>
        </actor>
        <actor name="D0N42">
            <wcet number="0">10</wcet>
            <wcet number="1">10</wcet>
            <maxpow number="0.7032373726961164"/>
            <maxpow number="0.7032373726961164"/>
            <fprob>0.0</fprob>
        </actor>
        <actor name="D0N15">
            <wcet number="0">30</wcet>
            <wcet number="1">30</wcet>
            <maxpow number="0.7375134999704073"/>
            <maxpow number="0.7375134999704073"/>
            <fprob>0.0</fprob>
        </actor>
        <actor name="D0N21">
            <wcet number="0">40</wcet>
            <wcet number="1">80</wcet>
            <maxpow number="0.48746863665052115"/>
            <maxpow number="0.48746863665052115"/>
            <fprob>0.0</fprob>
        </actor>
        <actor name="D0N29">
            <wcet number="0">10</wcet>
            <wcet number="1">20</wcet>
            <maxpow number="0.6715524569103286"/>
            <maxpow number="0.6715524569103286"/>
            <fprob>0.0</fprob>
        </actor>
        <actor name="D0N40">
            <wcet number="0">10</wcet>
            <wcet number="1">10</wcet>
            <maxpow number="0.5007353809347037"/>
            <maxpow number="0.5007353809347037"/>
            <fprob>0.0</fprob>
        </actor>
        <actor name="D0N8">
            <wcet number="0">60</wcet>
            <wcet number="1">140</wcet>
            <maxpow number="0.40431752783405395"/>
            <maxpow number="0.40431752783405395"/>
            <fprob>0.0</fprob>
        </actor>
        <actor name="D0N22">
            <wcet number="0">130</wcet>
            <wcet number="1">170</wcet>
            <maxpow number="0.6123943346475988"/>
            <maxpow number="0.6123943346475988"/>
            <fprob>0.0</fprob>
        </actor>
        <actor name="D0N0">
            <wcet number="0">30</wcet>
            <wcet number="1">170</wcet>
            <maxpow number="0.5772534350847572"/>
            <maxpow number="0.5772534350847572"/>
            <fprob>0.0</fprob>
        </actor>
        <actor name="D0N38">
            <wcet number="0">70</wcet>
            <wcet number="1">190</wcet>
            <maxpow number="0.6723536086980907"/>
            <maxpow number="0.6723536086980907"/>
            <fprob>0.0</fprob>
        </actor>
        <actor name="D0N30">
            <wcet number="0">60</wcet>
            <wcet number="1">60</wcet>
            <maxpow number="0.5670069980319076"/>
            <maxpow number="0.5670069980319076"/>
            <fprob>0.0</fprob>
        </actor>
        <actor name="D0N6">
            <wcet number="0">10</wcet>
            <wcet number="1">20</wcet>
            <maxpow number="0.7822650142087979"/>
            <maxpow number="0.7822650142087979"/>
            <fprob>0.0</fprob>
        </actor>
        <actor name="D0N1">
            <wcet number="0">40</wcet>
            <wcet number="1">240</wcet>
            <maxpow number="0.489506686515546"/>
            <maxpow number="0.489506686515546"/>
            <fprob>0.0</fprob>
        </actor>
        <actor name="D0N43">
            <wcet number="0">10</wcet>
            <wcet number="1">30</wcet>
            <maxpow number="0.550944313659512"/>
            <maxpow number="0.550944313659512"/>
            <fprob>0.0</fprob>
        </actor>
        <actor name="D0N47">
            <wcet number="0">90</wcet>
            <wcet number="1">100</wcet>
            <maxpow number="0.4355181934656794"/>
            <maxpow number="0.4355181934656794"/>
            <fprob>0.0</fprob>
        </actor>
        <actor name="D0N10">
            <wcet number="0">30</wcet>
            <wcet number="1">40</wcet>
            <maxpow number="0.4476272017724977"/>
            <maxpow number="0.4476272017724977"/>
            <fprob>0.0</fprob>
        </actor>
        <actor name="D0N9">
            <wcet number="0">30</wcet>
            <wcet number="1">100</wcet>
            <maxpow number="0.43816396293076737"/>
            <maxpow number="0.43816396293076737"/>
            <fprob>0.0</fprob>
        </actor>
        <actor name="D0N34">
            <wcet number="0">20</wcet>
            <wcet number="1">210</wcet>
            <maxpow number="0.503609588990122"/>
            <maxpow number="0.503609588990122"/>
            <fprob>0.0</fprob>
        </actor>
        <actor name="D0N7">
            <wcet number="0">20</wcet>
            <wcet number="1">50</wcet>
            <maxpow number="0.3841845529979204"/>
            <maxpow number="0.3841845529979204"/>
            <fprob>0.0</fprob>
        </actor>
        <actor name="D0N45">
            <wcet number="0">70</wcet>
            <wcet number="1">130</wcet>
            <maxpow number="0.5389705849979802"/>
            <maxpow number="0.5389705849979802"/>
            <fprob>0.0</fprob>
        </actor>
        <actor name="D0N41">
            <wcet number="0">30</wcet>
            <wcet number="1">240</wcet>
            <maxpow number="0.504653752816784"/>
            <maxpow number="0.504653752816784"/>
            <fprob>0.0</fprob>
        </actor>
        <actor name="D0N36">
            <wcet number="0">20</wcet>
            <wcet number="1">20</wcet>
            <maxpow number="0.39034570027647075"/>
            <maxpow number="0.39034570027647075"/>
            <fprob>0.0</fprob>
        </actor>
        <actor name="D0N39">
            <wcet number="0">40</wcet>
            <wcet number="1">40</wcet>
            <maxpow number="0.4762699748211167"/>
            <maxpow number="0.4762699748211167"/>
            <fprob>0.0</fprob>
        </actor>
        <actor name="D0N44">
            <wcet number="0">10</wcet>
            <wcet number="1">20</wcet>
            <maxpow number="0.518593291922567"/>
            <maxpow number="0.518593291922567"/>
            <fprob>0.0</fprob>
        </actor>
        <actor name="D0N25">
            <wcet number="0">10</wcet>
            <wcet number="1">10</wcet>
            <maxpow number="0.42215891926505494"/>
            <maxpow number="0.42215891926505494"/>
            <fprob>0.0</fprob>
        </actor>
        <actor name="D0N24">
            <wcet number="0">20</wcet>
            <wcet number="1">50</wcet>
            <maxpow number="0.5681340346908477"/>
            <maxpow number="0.5681340346908477"/>
            <fprob>0.0</fprob>
        </actor>
        <actor name="D0N12">
            <wcet number="0">20</wcet>
            <wcet number="1">20</wcet>
            <maxpow number="0.3534489626313093"/>
            <maxpow number="0.3534489626313093"/>
            <fprob>0.0</fprob>
        </actor>
        <actor name="D0N32">
            <wcet number="0">10</wcet>
            <wcet number="1">40</wcet>
            <maxpow number="0.5330902205464519"/>
            <maxpow number="0.5330902205464519"/>
            <fprob>0.0</fprob>
        </actor>
        <actor name="D0N4">
            <wcet number="0">80</wcet>
            <wcet number="1">90</wcet>
            <maxpow number="0.07853541569970968"/>
            <maxpow number="0.07853541569970968"/>
            <fprob>0.0</fprob>
        </actor>
        <actor name="D0N46">
            <wcet number="0">350</wcet>
            <wcet number="1">380</wcet>
            <maxpow number="0.27484858473670126"/>
            <maxpow number="0.27484858473670126"/>
            <fprob>0.0</fprob>
        </actor>
        <actor name="D0N2">
            <wcet number="0">10</wcet>
            <wcet number="1">100</wcet>
            <maxpow number="0.4384584236862409"/>
            <maxpow number="0.4384584236862409"/>
            <fprob>0.0</fprob>
        </actor>
        <actor name="D0N27">
            <wcet number="0">10</wcet>
            <wcet number="1">10</wcet>
            <maxpow number="0.6146213794842759"/>
            <maxpow number="0.6146213794842759"/>
            <fprob>0.0</fprob>
        </actor>
        <actor name="D0N17">
            <wcet number="0">110</wcet>
            <wcet number="1">120</wcet>
            <maxpow number="0.4540151835865459"/>
            <maxpow number="0.4540151835865459"/>
            <fprob>0.0</fprob>
        </actor>
        <actor name="D0N14">
            <wcet number="0">160</wcet>
            <wcet number="1">350</wcet>
            <maxpow number="0.46117595866215416"/>
            <maxpow number="0.46117595866215416"/>
            <fprob>0.0</fprob>
        </actor>
        <actor name="D0N37">
            <wcet number="0">100</wcet>
            <wcet number="1">120</wcet>
            <maxpow number="0.8629223685681534"/>
            <maxpow number="0.8629223685681534"/>
            <fprob>0.0</fprob>
        </actor>
        <actor name="D0N23">
            <wcet number="0">30</wcet>
            <wcet number="1">120</wcet>
            <maxpow number="0.17901732801733145"/>
            <maxpow number="0.17901732801733145"/>
            <fprob>0.0</fprob>
        </actor>
        <actor name="D0N48">
            <wcet number="0">10</wcet>
            <wcet number="1">30</wcet>
            <maxpow number="0.7628844688431319"/>
            <maxpow number="0.7628844688431319"/>
            <fprob>0.0</fprob>
        </actor>
        <actor name="D0N11">
            <wcet number="0">10</wcet>
            <wcet number="1">80</wcet>
            <maxpow number="0.37522869488226596"/>
            <maxpow number="0.37522869488226596"/>
            <fprob>0.0</fprob>
        </actor>
        <actor name="D0N28">
            <wcet number="0">10</wcet>
            <wcet number="1">140</wcet>
            <maxpow number="0.4539623930732389"/>
            <maxpow number="0.4539623930732389"/>
            <fprob>0.0</fprob>
        </actor>
        <actor name="D0N20">
            <wcet number="0">70</wcet>
            <wcet number="1">170</wcet>
            <maxpow number="0.3597139777228864"/>
            <maxpow number="0.3597139777228864"/>
            <fprob>0.0</fprob>
        </actor>
        <actor name="D0N26">
            <wcet number="0">20</wcet>
            <wcet number="1">30</wcet>
            <maxpow number="0.7419915266346386"/>
            <maxpow number="0.7419915266346386"/>
            <fprob>0.0</fprob>
        </actor>
        <actor name="D0N13">
            <wcet number="0">20</wcet>
            <wcet number="1">30</wcet>
            <maxpow number="0.6475621777387612"/>
            <maxpow number="0.6475621777387612"/>
            <fprob>0.0</fprob>
        </actor>
        <actor name="D0N18">
            <wcet number="0">370</wcet>
            <wcet number="1">450</wcet>
            <maxpow number="0.638444129852876"/>
            <maxpow number="0.638444129852876"/>
            <fprob>0.0</fprob>
        </actor>
        <actor name="D0N35">
            <wcet number="0">50</wcet>
            <wcet number="1">110</wcet>
            <maxpow number="0.6178254336830088"/>
            <maxpow number="0.6178254336830088"/>
            <fprob>0.0</fprob>
        </actor>
        <ports>
            <port dstActor="D0N39" name="p0" srcActor="D0N16"/>
            <port dstActor="D0N47" name="p1" srcActor="D0N31"/>
            <port dstActor="D0N39" name="p2" srcActor="D0N31"/>
            <port dstActor="D0N8" name="p3" srcActor="D0N5"/>
            <port dstActor="D0N33" name="p4" srcActor="D0N5"/>
            <port dstActor="D0N20" name="p5" srcActor="D0N5"/>
            <port dstActor="D0N27" name="p6" srcActor="D0N5"/>
            <port dstActor="D0N36" name="p7" srcActor="D0N33"/>
            <port dstActor="D0N44" name="p8" srcActor="D0N33"/>
            <port dstActor="D0N42" name="p9" srcActor="D0N33"/>
            <port dstActor="D0N23" name="p10" srcActor="D0N3"/>
            <port dstActor="D0N45" name="p11" srcActor="D0N3"/>
            <port dstActor="D0N7" name="p12" srcActor="D0N3"/>
            <port dstActor="D0N25" name="p13" srcActor="D0N3"/>
            <port dstActor="D0N30" name="p14" srcActor="D0N3"/>
            <port dstActor="D0N11" name="p15" srcActor="D0N3"/>
            <port dstActor="D0N23" name="p16" srcActor="D0N19"/>
            <port dstActor="D0N27" name="p17" srcActor="D0N19"/>
            <port dstActor="D0N42" name="p18" srcActor="D0N19"/>
            <port dstActor="D0N46" name="p19" srcActor="D0N19"/>
            <port dstActor="D0N48" name="p20" srcActor="D0N42"/>
            <port dstActor="D0N36" name="p21" srcActor="D0N15"/>
            <port dstActor="D0N26" name="p22" srcActor="D0N21"/>
            <port dstActor="D0N28" name="p23" srcActor="D0N21"/>
            <port dstActor="D0N30" name="p24" srcActor="D0N29"/>
            <port dstActor="D0N31" name="p25" srcActor="D0N29"/>
            <port dstActor="D0N42" name="p26" srcActor="D0N29"/>
            <port dstActor="D0N31" name="p27" srcActor="D0N8"/>
            <port dstActor="D0N47" name="p28" srcActor="D0N8"/>
            <port dstActor="D0N23" name="p29" srcActor="D0N8"/>
            <port dstActor="D0N9" name="p30" srcActor="D0N8"/>
            <port dstActor="D0N34" name="p31" srcActor="D0N22"/>
            <port dstActor="D0N9" name="p32" srcActor="D0N0"/>
            <port dstActor="D0N29" name="p33" srcActor="D0N0"/>
            <port dstActor="D0N1" name="p34" srcActor="D0N0"/>
            <port dstActor="D0N45" name="p35" srcActor="D0N0"/>
            <port dstActor="D0N43" name="p36" srcActor="D0N30"/>
            <port dstActor="D0N35" name="p37" srcActor="D0N6"/>
            <port dstActor="D0N30" name="p38" srcActor="D0N6"/>
            <port dstActor="D0N16" name="p39" srcActor="D0N6"/>
            <port dstActor="D0N27" name="p40" srcActor="D0N6"/>
            <port dstActor="D0N28" name="p41" srcActor="D0N1"/>
            <port dstActor="D0N9" name="p42" srcActor="D0N1"/>
            <port dstActor="D0N21" name="p43" srcActor="D0N1"/>
            <port dstActor="D0N10" name="p44" srcActor="D0N1"/>
            <port dstActor="D0N29" name="p45" srcActor="D0N1"/>
            <port dstActor="D0N38" name="p46" srcActor="D0N1"/>
            <port dstActor="D0N4" name="p47" srcActor="D0N1"/>
            <port dstActor="D0N3" name="p48" srcActor="D0N1"/>
            <port dstActor="D0N44" name="p49" srcActor="D0N43"/>
            <port dstActor="D0N37" name="p50" srcActor="D0N10"/>
            <port dstActor="D0N41" name="p51" srcActor="D0N10"/>
            <port dstActor="D0N22" name="p52" srcActor="D0N10"/>
            <port dstActor="D0N16" name="p53" srcActor="D0N10"/>
            <port dstActor="D0N29" name="p54" srcActor="D0N10"/>
            <port dstActor="D0N13" name="p55" srcActor="D0N9"/>
            <port dstActor="D0N46" name="p56" srcActor="D0N9"/>
            <port dstActor="D0N30" name="p57" srcActor="D0N9"/>
            <port dstActor="D0N20" name="p58" srcActor="D0N9"/>
            <port dstActor="D0N42" name="p59" srcActor="D0N34"/>
            <port dstActor="D0N20" name="p60" srcActor="D0N7"/>
            <port dstActor="D0N25" name="p61" srcActor="D0N7"/>
            <port dstActor="D0N46" name="p62" srcActor="D0N41"/>
            <port dstActor="D0N39" name="p63" srcActor="D0N36"/>
            <port dstActor="D0N43" name="p64" srcActor="D0N25"/>
            <port dstActor="D0N46" name="p65" srcActor="D0N24"/>
            <port dstActor="D0N25" name="p66" srcActor="D0N24"/>
            <port dstActor="D0N42" name="p67" srcActor="D0N24"/>
            <port dstActor="D0N34" name="p68" srcActor="D0N12"/>
            <port dstActor="D0N17" name="p69" srcActor="D0N12"/>
            <port dstActor="D0N32" name="p70" srcActor="D0N12"/>
            <port dstActor="D0N18" name="p71" srcActor="D0N12"/>
            <port dstActor="D0N48" name="p72" srcActor="D0N32"/>
            <port dstActor="D0N43" name="p73" srcActor="D0N4"/>
            <port dstActor="D0N47" name="p74" srcActor="D0N4"/>
            <port dstActor="D0N48" name="p75" srcActor="D0N46"/>
            <port dstActor="D0N3" name="p76" srcActor="D0N2"/>
            <port dstActor="D0N47" name="p77" srcActor="D0N2"/>
            <port dstActor="D0N9" name="p78" srcActor="D0N2"/>
            <port dstActor="D0N34" name="p79" srcActor="D0N27"/>
            <port dstActor="D0N41" name="p80" srcActor="D0N27"/>
            <port dstActor="D0N33" name="p81" srcActor="D0N27"/>
            <port dstActor="D0N39" name="p82" srcActor="D0N27"/>
            <port dstActor="D0N43" name="p83" srcActor="D0N27"/>
            <port dstActor="D0N33" name="p84" srcActor="D0N17"/>
            <port dstActor="D0N28" name="p85" srcActor="D0N17"/>
            <port dstActor="D0N35" name="p86" srcActor="D0N17"/>
            <port dstActor="D0N41" name="p87" srcActor="D0N17"/>
            <port dstActor="D0N21" name="p88" srcActor="D0N14"/>
            <port dstActor="D0N33" name="p89" srcActor="D0N14"/>
            <port dstActor="D0N47" name="p90" srcActor="D0N14"/>
            <port dstActor="D0N27" name="p91" srcActor="D0N14"/>
            <port dstActor="D0N20" name="p92" srcActor="D0N14"/>
            <port dstActor="D0N40" name="p93" srcActor="D0N37"/>
            <port dstActor="D0N29" name="p94" srcActor="D0N23"/>
            <port dstActor="D0N30" name="p95" srcActor="D0N11"/>
            <port dstActor="D0N35" name="p96" srcActor="D0N11"/>
            <port dstActor="D0N28" name="p97" srcActor="D0N11"/>
            <port dstActor="D0N22" name="p98" srcActor="D0N11"/>
            <port dstActor="D0N44" name="p99" srcActor="D0N11"/>
            <port dstActor="D0N43" name="p100" srcActor="D0N28"/>
            <port dstActor="D0N33" name="p101" srcActor="D0N20"/>
            <port dstActor="D0N32" name="p102" srcActor="D0N20"/>
            <port dstActor="D0N37" name="p103" srcActor="D0N20"/>
            <port dstActor="D0N37" name="p104" srcActor="D0N26"/>
            <port dstActor="D0N44" name="p105" srcActor="D0N13"/>
            <port dstActor="D0N43" name="p106" srcActor="D0N13"/>
            <port dstActor="D0N28" name="p107" srcActor="D0N13"/>
            <port dstActor="D0N27" name="p108" srcActor="D0N13"/>
            <port dstActor="D0N25" name="p109" srcActor="D0N18"/>
            <port dstActor="D0N27" name="p110" srcActor="D0N18"/>
            <port dstActor="D0N39" name="p111" srcActor="D0N18"/>
            <port dstActor="D0N30" name="p112" srcActor="D0N18"/>
            <port dstActor="D0N45" name="p113" srcActor="D0N18"/>
            <port dstActor="D0N31" name="p114" srcActor="D0N18"/>
            <port dstActor="D0N37" name="p115" srcActor="D0N18"/>
            <port dstActor="D0N40" name="p116" srcActor="D0N35"/>
        </ports>
    </mcdag>
    <cores number="3"/>
    <levels number="2"/>
</mcsystem>
