<?xml version="1.0" encoding="UTF-8" standalone="no"?>
<mcsystem>
    <mcdag deadline="1800" name="genned-0-ed-10.0-0">
        <actor name="D0N30">
            <wcet number="0">50</wcet>
            <wcet number="1">70</wcet>
            <maxpow number="0.3651939375637343"/>
            <maxpow number="0.3651939375637343"/>
            <fprob>0.0</fprob>
        </actor>
        <actor name="D0N11">
            <wcet number="0">20</wcet>
            <wcet number="1">50</wcet>
            <maxpow number="0.7027391535342056"/>
            <maxpow number="0.7027391535342056"/>
            <fprob>0.0</fprob>
        </actor>
        <actor name="D0N24">
            <wcet number="0">10</wcet>
            <wcet number="1">20</wcet>
            <maxpow number="0.38099890210428144"/>
            <maxpow number="0.38099890210428144"/>
            <fprob>0.0</fprob>
        </actor>
        <actor name="D0N43">
            <wcet number="0">160</wcet>
            <wcet number="1">180</wcet>
            <maxpow number="0.48855832538958593"/>
            <maxpow number="0.48855832538958593"/>
            <fprob>0.0</fprob>
        </actor>
        <actor name="D0N12">
            <wcet number="0">10</wcet>
            <wcet number="1">10</wcet>
            <maxpow number="0.39739238739567906"/>
            <maxpow number="0.39739238739567906"/>
            <fprob>0.0</fprob>
        </actor>
        <actor name="D0N35">
            <wcet number="0">30</wcet>
            <wcet number="1">60</wcet>
            <maxpow number="0.5614235307381741"/>
            <maxpow number="0.5614235307381741"/>
            <fprob>0.0</fprob>
        </actor>
        <actor name="D0N2">
            <wcet number="0">150</wcet>
            <wcet number="1">150</wcet>
            <maxpow number="0.8111199943202476"/>
            <maxpow number="0.8111199943202476"/>
            <fprob>0.0</fprob>
        </actor>
        <actor name="D0N16">
            <wcet number="0">70</wcet>
            <wcet number="1">70</wcet>
            <maxpow number="0.34667911381725935"/>
            <maxpow number="0.34667911381725935"/>
            <fprob>0.0</fprob>
        </actor>
        <actor name="D0N31">
            <wcet number="0">40</wcet>
            <wcet number="1">40</wcet>
            <maxpow number="0.7913590179578818"/>
            <maxpow number="0.7913590179578818"/>
            <fprob>0.0</fprob>
        </actor>
        <actor name="D0N45">
            <wcet number="0">40</wcet>
            <wcet number="1">50</wcet>
            <maxpow number="0.42719586842674256"/>
            <maxpow number="0.42719586842674256"/>
            <fprob>0.0</fprob>
        </actor>
        <actor name="D0N27">
            <wcet number="0">150</wcet>
            <wcet number="1">150</wcet>
            <maxpow number="0.5544518253133908"/>
            <maxpow number="0.5544518253133908"/>
            <fprob>0.0</fprob>
        </actor>
        <actor name="D0N42">
            <wcet number="0">10</wcet>
            <wcet number="1">10</wcet>
            <maxpow number="0.5091840768743932"/>
            <maxpow number="0.5091840768743932"/>
            <fprob>0.0</fprob>
        </actor>
        <actor name="D0N37">
            <wcet number="0">120</wcet>
            <wcet number="1">230</wcet>
            <maxpow number="0.7418255608691362"/>
            <maxpow number="0.7418255608691362"/>
            <fprob>0.0</fprob>
        </actor>
        <actor name="D0N44">
            <wcet number="0">160</wcet>
            <wcet number="1">210</wcet>
            <maxpow number="0.6457804391270252"/>
            <maxpow number="0.6457804391270252"/>
            <fprob>0.0</fprob>
        </actor>
        <actor name="D0N19">
            <wcet number="0">190</wcet>
            <wcet number="1">200</wcet>
            <maxpow number="0.5861679836832574"/>
            <maxpow number="0.5861679836832574"/>
            <fprob>0.0</fprob>
        </actor>
        <actor name="D0N22">
            <wcet number="0">240</wcet>
            <wcet number="1">240</wcet>
            <maxpow number="0.9340461491172957"/>
            <maxpow number="0.9340461491172957"/>
            <fprob>0.0</fprob>
        </actor>
        <actor name="D0N4">
            <wcet number="0">10</wcet>
            <wcet number="1">10</wcet>
            <maxpow number="0.16266883907002067"/>
            <maxpow number="0.16266883907002067"/>
            <fprob>0.0</fprob>
        </actor>
        <actor name="D0N14">
            <wcet number="0">120</wcet>
            <wcet number="1">140</wcet>
            <maxpow number="0.4366881405343679"/>
            <maxpow number="0.4366881405343679"/>
            <fprob>0.0</fprob>
        </actor>
        <actor name="D0N33">
            <wcet number="0">20</wcet>
            <wcet number="1">20</wcet>
            <maxpow number="0.5429624336989288"/>
            <maxpow number="0.5429624336989288"/>
            <fprob>0.0</fprob>
        </actor>
        <actor name="D0N32">
            <wcet number="0">10</wcet>
            <wcet number="1">10</wcet>
            <maxpow number="0.7566625776242211"/>
            <maxpow number="0.7566625776242211"/>
            <fprob>0.0</fprob>
        </actor>
        <actor name="D0N34">
            <wcet number="0">70</wcet>
            <wcet number="1">90</wcet>
            <maxpow number="0.574913841271821"/>
            <maxpow number="0.574913841271821"/>
            <fprob>0.0</fprob>
        </actor>
        <actor name="D0N18">
            <wcet number="0">160</wcet>
            <wcet number="1">260</wcet>
            <maxpow number="0.25959577787197224"/>
            <maxpow number="0.25959577787197224"/>
            <fprob>0.0</fprob>
        </actor>
        <actor name="D0N28">
            <wcet number="0">20</wcet>
            <wcet number="1">20</wcet>
            <maxpow number="0.5041612303998618"/>
            <maxpow number="0.5041612303998618"/>
            <fprob>0.0</fprob>
        </actor>
        <actor name="D0N5">
            <wcet number="0">50</wcet>
            <wcet number="1">90</wcet>
            <maxpow number="0.4513755508387378"/>
            <maxpow number="0.4513755508387378"/>
            <fprob>0.0</fprob>
        </actor>
        <actor name="D0N6">
            <wcet number="0">10</wcet>
            <wcet number="1">10</wcet>
            <maxpow number="0.6554793550942652"/>
            <maxpow number="0.6554793550942652"/>
            <fprob>0.0</fprob>
        </actor>
        <actor name="D0N20">
            <wcet number="0">20</wcet>
            <wcet number="1">60</wcet>
            <maxpow number="0.8115503093443215"/>
            <maxpow number="0.8115503093443215"/>
            <fprob>0.0</fprob>
        </actor>
        <actor name="D0N15">
            <wcet number="0">50</wcet>
            <wcet number="1">50</wcet>
            <maxpow number="0.4053091019054841"/>
            <maxpow number="0.4053091019054841"/>
            <fprob>0.0</fprob>
        </actor>
        <actor name="D0N9">
            <wcet number="0">30</wcet>
            <wcet number="1">30</wcet>
            <maxpow number="0.46873227488092994"/>
            <maxpow number="0.46873227488092994"/>
            <fprob>0.0</fprob>
        </actor>
        <actor name="D0N38">
            <wcet number="0">10</wcet>
            <wcet number="1">30</wcet>
            <maxpow number="0.7086903636244762"/>
            <maxpow number="0.7086903636244762"/>
            <fprob>0.0</fprob>
        </actor>
        <actor name="D0N26">
            <wcet number="0">30</wcet>
            <wcet number="1">50</wcet>
            <maxpow number="0.4985944255035722"/>
            <maxpow number="0.4985944255035722"/>
            <fprob>0.0</fprob>
        </actor>
        <actor name="D0N3">
            <wcet number="0">10</wcet>
            <wcet number="1">20</wcet>
            <maxpow number="0.6805455319223194"/>
            <maxpow number="0.6805455319223194"/>
            <fprob>0.0</fprob>
        </actor>
        <actor name="D0N21">
            <wcet number="0">10</wcet>
            <wcet number="1">50</wcet>
            <maxpow number="0.7386777413977748"/>
            <maxpow number="0.7386777413977748"/>
            <fprob>0.0</fprob>
        </actor>
        <actor name="D0N7">
            <wcet number="0">20</wcet>
            <wcet number="1">20</wcet>
            <maxpow number="0.4279665709424434"/>
            <maxpow number="0.4279665709424434"/>
            <fprob>0.0</fprob>
        </actor>
        <actor name="D0N39">
            <wcet number="0">60</wcet>
            <wcet number="1">110</wcet>
            <maxpow number="0.31325077777197713"/>
            <maxpow number="0.31325077777197713"/>
            <fprob>0.0</fprob>
        </actor>
        <actor name="D0N0">
            <wcet number="0">50</wcet>
            <wcet number="1">60</wcet>
            <maxpow number="0.5223919309432326"/>
            <maxpow number="0.5223919309432326"/>
            <fprob>0.0</fprob>
        </actor>
        <actor name="D0N29">
            <wcet number="0">20</wcet>
            <wcet number="1">20</wcet>
            <maxpow number="0.7785952586576266"/>
            <maxpow number="0.7785952586576266"/>
            <fprob>0.0</fprob>
        </actor>
        <actor name="D0N25">
            <wcet number="0">40</wcet>
            <wcet number="1">40</wcet>
            <maxpow number="0.41088307191221507"/>
            <maxpow number="0.41088307191221507"/>
            <fprob>0.0</fprob>
        </actor>
        <actor name="D0N1">
            <wcet number="0">30</wcet>
            <wcet number="1">40</wcet>
            <maxpow number="0.5644812210059043"/>
            <maxpow number="0.5644812210059043"/>
            <fprob>0.0</fprob>
        </actor>
        <actor name="D0N36">
            <wcet number="0">30</wcet>
            <wcet number="1">40</wcet>
            <maxpow number="0.666972006223684"/>
            <maxpow number="0.666972006223684"/>
            <fprob>0.0</fprob>
        </actor>
        <actor name="D0N41">
            <wcet number="0">30</wcet>
            <wcet number="1">30</wcet>
            <maxpow number="0.39771257155168305"/>
            <maxpow number="0.39771257155168305"/>
            <fprob>0.0</fprob>
        </actor>
        <actor name="D0N40">
            <wcet number="0">100</wcet>
            <wcet number="1">170</wcet>
            <maxpow number="0.5686695451139032"/>
            <maxpow number="0.5686695451139032"/>
            <fprob>0.0</fprob>
        </actor>
        <actor name="D0N8">
            <wcet number="0">30</wcet>
            <wcet number="1">60</wcet>
            <maxpow number="0.30144793551589266"/>
            <maxpow number="0.30144793551589266"/>
            <fprob>0.0</fprob>
        </actor>
        <actor name="D0N23">
            <wcet number="0">10</wcet>
            <wcet number="1">50</wcet>
            <maxpow number="0.33957806608988095"/>
            <maxpow number="0.33957806608988095"/>
            <fprob>0.0</fprob>
        </actor>
        <actor name="D0N17">
            <wcet number="0">100</wcet>
            <wcet number="1">180</wcet>
            <maxpow number="0.6246419419132729"/>
            <maxpow number="0.6246419419132729"/>
            <fprob>0.0</fprob>
        </actor>
        <actor name="D0N10">
            <wcet number="0">30</wcet>
            <wcet number="1">40</wcet>
            <maxpow number="0.5114696143777766"/>
            <maxpow number="0.5114696143777766"/>
            <fprob>0.0</fprob>
        </actor>
        <actor name="D0N13">
            <wcet number="0">60</wcet>
            <wcet number="1">60</wcet>
            <maxpow number="0.39160786247092993"/>
            <maxpow number="0.39160786247092993"/>
            <fprob>0.0</fprob>
        </actor>
        <ports>
            <port dstActor="D0N44" name="p0" srcActor="D0N30"/>
            <port dstActor="D0N29" name="p1" srcActor="D0N11"/>
            <port dstActor="D0N24" name="p2" srcActor="D0N11"/>
            <port dstActor="D0N45" name="p3" srcActor="D0N11"/>
            <port dstActor="D0N39" name="p4" srcActor="D0N11"/>
            <port dstActor="D0N32" name="p5" srcActor="D0N12"/>
            <port dstActor="D0N21" name="p6" srcActor="D0N12"/>
            <port dstActor="D0N30" name="p7" srcActor="D0N12"/>
            <port dstActor="D0N23" name="p8" srcActor="D0N12"/>
            <port dstActor="D0N24" name="p9" srcActor="D0N12"/>
            <port dstActor="D0N9" name="p10" srcActor="D0N2"/>
            <port dstActor="D0N6" name="p11" srcActor="D0N2"/>
            <port dstActor="D0N43" name="p12" srcActor="D0N2"/>
            <port dstActor="D0N25" name="p13" srcActor="D0N16"/>
            <port dstActor="D0N19" name="p14" srcActor="D0N16"/>
            <port dstActor="D0N18" name="p15" srcActor="D0N16"/>
            <port dstActor="D0N20" name="p16" srcActor="D0N16"/>
            <port dstActor="D0N34" name="p17" srcActor="D0N16"/>
            <port dstActor="D0N44" name="p18" srcActor="D0N16"/>
            <port dstActor="D0N24" name="p19" srcActor="D0N16"/>
            <port dstActor="D0N31" name="p20" srcActor="D0N27"/>
            <port dstActor="D0N28" name="p21" srcActor="D0N27"/>
            <port dstActor="D0N30" name="p22" srcActor="D0N27"/>
            <port dstActor="D0N41" name="p23" srcActor="D0N37"/>
            <port dstActor="D0N43" name="p24" srcActor="D0N37"/>
            <port dstActor="D0N28" name="p25" srcActor="D0N19"/>
            <port dstActor="D0N37" name="p26" srcActor="D0N19"/>
            <port dstActor="D0N43" name="p27" srcActor="D0N22"/>
            <port dstActor="D0N41" name="p28" srcActor="D0N22"/>
            <port dstActor="D0N31" name="p29" srcActor="D0N22"/>
            <port dstActor="D0N33" name="p30" srcActor="D0N4"/>
            <port dstActor="D0N13" name="p31" srcActor="D0N4"/>
            <port dstActor="D0N40" name="p32" srcActor="D0N4"/>
            <port dstActor="D0N6" name="p33" srcActor="D0N4"/>
            <port dstActor="D0N5" name="p34" srcActor="D0N4"/>
            <port dstActor="D0N35" name="p35" srcActor="D0N4"/>
            <port dstActor="D0N42" name="p36" srcActor="D0N14"/>
            <port dstActor="D0N41" name="p37" srcActor="D0N14"/>
            <port dstActor="D0N43" name="p38" srcActor="D0N14"/>
            <port dstActor="D0N44" name="p39" srcActor="D0N14"/>
            <port dstActor="D0N36" name="p40" srcActor="D0N33"/>
            <port dstActor="D0N38" name="p41" srcActor="D0N33"/>
            <port dstActor="D0N34" name="p42" srcActor="D0N32"/>
            <port dstActor="D0N37" name="p43" srcActor="D0N34"/>
            <port dstActor="D0N38" name="p44" srcActor="D0N34"/>
            <port dstActor="D0N44" name="p45" srcActor="D0N34"/>
            <port dstActor="D0N31" name="p46" srcActor="D0N18"/>
            <port dstActor="D0N37" name="p47" srcActor="D0N28"/>
            <port dstActor="D0N42" name="p48" srcActor="D0N28"/>
            <port dstActor="D0N12" name="p49" srcActor="D0N5"/>
            <port dstActor="D0N11" name="p50" srcActor="D0N5"/>
            <port dstActor="D0N21" name="p51" srcActor="D0N5"/>
            <port dstActor="D0N26" name="p52" srcActor="D0N5"/>
            <port dstActor="D0N45" name="p53" srcActor="D0N5"/>
            <port dstActor="D0N24" name="p54" srcActor="D0N6"/>
            <port dstActor="D0N20" name="p55" srcActor="D0N6"/>
            <port dstActor="D0N21" name="p56" srcActor="D0N6"/>
            <port dstActor="D0N11" name="p57" srcActor="D0N6"/>
            <port dstActor="D0N35" name="p58" srcActor="D0N6"/>
            <port dstActor="D0N21" name="p59" srcActor="D0N15"/>
            <port dstActor="D0N40" name="p60" srcActor="D0N15"/>
            <port dstActor="D0N14" name="p61" srcActor="D0N9"/>
            <port dstActor="D0N37" name="p62" srcActor="D0N9"/>
            <port dstActor="D0N29" name="p63" srcActor="D0N9"/>
            <port dstActor="D0N25" name="p64" srcActor="D0N9"/>
            <port dstActor="D0N22" name="p65" srcActor="D0N9"/>
            <port dstActor="D0N34" name="p66" srcActor="D0N9"/>
            <port dstActor="D0N36" name="p67" srcActor="D0N9"/>
            <port dstActor="D0N45" name="p68" srcActor="D0N26"/>
            <port dstActor="D0N29" name="p69" srcActor="D0N26"/>
            <port dstActor="D0N33" name="p70" srcActor="D0N26"/>
            <port dstActor="D0N25" name="p71" srcActor="D0N3"/>
            <port dstActor="D0N35" name="p72" srcActor="D0N21"/>
            <port dstActor="D0N30" name="p73" srcActor="D0N21"/>
            <port dstActor="D0N26" name="p74" srcActor="D0N21"/>
            <port dstActor="D0N20" name="p75" srcActor="D0N7"/>
            <port dstActor="D0N30" name="p76" srcActor="D0N7"/>
            <port dstActor="D0N33" name="p77" srcActor="D0N7"/>
            <port dstActor="D0N41" name="p78" srcActor="D0N7"/>
            <port dstActor="D0N9" name="p79" srcActor="D0N7"/>
            <port dstActor="D0N31" name="p80" srcActor="D0N0"/>
            <port dstActor="D0N1" name="p81" srcActor="D0N0"/>
            <port dstActor="D0N3" name="p82" srcActor="D0N0"/>
            <port dstActor="D0N12" name="p83" srcActor="D0N0"/>
            <port dstActor="D0N14" name="p84" srcActor="D0N0"/>
            <port dstActor="D0N27" name="p85" srcActor="D0N0"/>
            <port dstActor="D0N32" name="p86" srcActor="D0N29"/>
            <port dstActor="D0N42" name="p87" srcActor="D0N29"/>
            <port dstActor="D0N31" name="p88" srcActor="D0N25"/>
            <port dstActor="D0N26" name="p89" srcActor="D0N25"/>
            <port dstActor="D0N33" name="p90" srcActor="D0N25"/>
            <port dstActor="D0N16" name="p91" srcActor="D0N1"/>
            <port dstActor="D0N2" name="p92" srcActor="D0N1"/>
            <port dstActor="D0N13" name="p93" srcActor="D0N1"/>
            <port dstActor="D0N41" name="p94" srcActor="D0N40"/>
            <port dstActor="D0N33" name="p95" srcActor="D0N8"/>
            <port dstActor="D0N36" name="p96" srcActor="D0N23"/>
            <port dstActor="D0N15" name="p97" srcActor="D0N10"/>
            <port dstActor="D0N20" name="p98" srcActor="D0N10"/>
            <port dstActor="D0N38" name="p99" srcActor="D0N13"/>
            <port dstActor="D0N30" name="p100" srcActor="D0N13"/>
            <port dstActor="D0N45" name="p101" srcActor="D0N13"/>
        </ports>
    </mcdag>
    <cores number="2"/>
    <levels number="2"/>
</mcsystem>
