<?xml version="1.0" encoding="UTF-8" standalone="no"?>
<mcsystem>
    <mcdag deadline="1800" name="genned-0-ed-10.0-0">
        <actor name="D0N33">
            <wcet number="0">140</wcet>
            <wcet number="1">160</wcet>
            <maxpow number="0.46956784719395933"/>
            <maxpow number="0.46956784719395933"/>
            <fprob>0.0</fprob>
        </actor>
        <actor name="D0N21">
            <wcet number="0">10</wcet>
            <wcet number="1">70</wcet>
            <maxpow number="0.5498323595301982"/>
            <maxpow number="0.5498323595301982"/>
            <fprob>0.0</fprob>
        </actor>
        <actor name="D0N4">
            <wcet number="0">10</wcet>
            <wcet number="1">20</wcet>
            <maxpow number="0.21054666105936304"/>
            <maxpow number="0.21054666105936304"/>
            <fprob>0.0</fprob>
        </actor>
        <actor name="D0N5">
            <wcet number="0">10</wcet>
            <wcet number="1">10</wcet>
            <maxpow number="0.7343834036876838"/>
            <maxpow number="0.7343834036876838"/>
            <fprob>0.0</fprob>
        </actor>
        <actor name="D0N40">
            <wcet number="0">100</wcet>
            <wcet number="1">150</wcet>
            <maxpow number="0.6255618213692118"/>
            <maxpow number="0.6255618213692118"/>
            <fprob>0.0</fprob>
        </actor>
        <actor name="D0N36">
            <wcet number="0">20</wcet>
            <wcet number="1">170</wcet>
            <maxpow number="0.7692147985147241"/>
            <maxpow number="0.7692147985147241"/>
            <fprob>0.0</fprob>
        </actor>
        <actor name="D0N44">
            <wcet number="0">40</wcet>
            <wcet number="1">40</wcet>
            <maxpow number="0.6139027800201391"/>
            <maxpow number="0.6139027800201391"/>
            <fprob>0.0</fprob>
        </actor>
        <actor name="D0N7">
            <wcet number="0">20</wcet>
            <wcet number="1">30</wcet>
            <maxpow number="0.3141786542309878"/>
            <maxpow number="0.3141786542309878"/>
            <fprob>0.0</fprob>
        </actor>
        <actor name="D0N31">
            <wcet number="0">30</wcet>
            <wcet number="1">40</wcet>
            <maxpow number="0.5207988611722957"/>
            <maxpow number="0.5207988611722957"/>
            <fprob>0.0</fprob>
        </actor>
        <actor name="D0N46">
            <wcet number="0">70</wcet>
            <wcet number="1">140</wcet>
            <maxpow number="0.6343736410665906"/>
            <maxpow number="0.6343736410665906"/>
            <fprob>0.0</fprob>
        </actor>
        <actor name="D0N29">
            <wcet number="0">10</wcet>
            <wcet number="1">10</wcet>
            <maxpow number="0.6202184888968925"/>
            <maxpow number="0.6202184888968925"/>
            <fprob>0.0</fprob>
        </actor>
        <actor name="D0N38">
            <wcet number="0">10</wcet>
            <wcet number="1">20</wcet>
            <maxpow number="0.6201879742724025"/>
            <maxpow number="0.6201879742724025"/>
            <fprob>0.0</fprob>
        </actor>
        <actor name="D0N13">
            <wcet number="0">190</wcet>
            <wcet number="1">250</wcet>
            <maxpow number="0.5984433411253685"/>
            <maxpow number="0.5984433411253685"/>
            <fprob>0.0</fprob>
        </actor>
        <actor name="D0N42">
            <wcet number="0">120</wcet>
            <wcet number="1">170</wcet>
            <maxpow number="0.7012303137007776"/>
            <maxpow number="0.7012303137007776"/>
            <fprob>0.0</fprob>
        </actor>
        <actor name="D0N30">
            <wcet number="0">10</wcet>
            <wcet number="1">10</wcet>
            <maxpow number="0.5433196828710004"/>
            <maxpow number="0.5433196828710004"/>
            <fprob>0.0</fprob>
        </actor>
        <actor name="D0N16">
            <wcet number="0">110</wcet>
            <wcet number="1">170</wcet>
            <maxpow number="0.39715601044829896"/>
            <maxpow number="0.39715601044829896"/>
            <fprob>0.0</fprob>
        </actor>
        <actor name="D0N10">
            <wcet number="0">20</wcet>
            <wcet number="1">30</wcet>
            <maxpow number="0.5001913495911434"/>
            <maxpow number="0.5001913495911434"/>
            <fprob>0.0</fprob>
        </actor>
        <actor name="D0N0">
            <wcet number="0">130</wcet>
            <wcet number="1">170</wcet>
            <maxpow number="0.5931968928678195"/>
            <maxpow number="0.5931968928678195"/>
            <fprob>0.0</fprob>
        </actor>
        <actor name="D0N17">
            <wcet number="0">60</wcet>
            <wcet number="1">70</wcet>
            <maxpow number="0.5431629035509979"/>
            <maxpow number="0.5431629035509979"/>
            <fprob>0.0</fprob>
        </actor>
        <actor name="D0N6">
            <wcet number="0">30</wcet>
            <wcet number="1">60</wcet>
            <maxpow number="0.605784588413083"/>
            <maxpow number="0.605784588413083"/>
            <fprob>0.0</fprob>
        </actor>
        <actor name="D0N37">
            <wcet number="0">40</wcet>
            <wcet number="1">70</wcet>
            <maxpow number="0.62670610753256"/>
            <maxpow number="0.62670610753256"/>
            <fprob>0.0</fprob>
        </actor>
        <actor name="D0N22">
            <wcet number="0">220</wcet>
            <wcet number="1">280</wcet>
            <maxpow number="0.5992380494655245"/>
            <maxpow number="0.5992380494655245"/>
            <fprob>0.0</fprob>
        </actor>
        <actor name="D0N18">
            <wcet number="0">100</wcet>
            <wcet number="1">120</wcet>
            <maxpow number="0.5577508345662698"/>
            <maxpow number="0.5577508345662698"/>
            <fprob>0.0</fprob>
        </actor>
        <actor name="D0N8">
            <wcet number="0">60</wcet>
            <wcet number="1">60</wcet>
            <maxpow number="0.458762977967118"/>
            <maxpow number="0.458762977967118"/>
            <fprob>0.0</fprob>
        </actor>
        <actor name="D0N20">
            <wcet number="0">50</wcet>
            <wcet number="1">70</wcet>
            <maxpow number="0.5808566029765494"/>
            <maxpow number="0.5808566029765494"/>
            <fprob>0.0</fprob>
        </actor>
        <actor name="D0N45">
            <wcet number="0">180</wcet>
            <wcet number="1">210</wcet>
            <maxpow number="0.7512386309618003"/>
            <maxpow number="0.7512386309618003"/>
            <fprob>0.0</fprob>
        </actor>
        <actor name="D0N1">
            <wcet number="0">20</wcet>
            <wcet number="1">160</wcet>
            <maxpow number="0.5542331700517859"/>
            <maxpow number="0.5542331700517859"/>
            <fprob>0.0</fprob>
        </actor>
        <actor name="D0N9">
            <wcet number="0">20</wcet>
            <wcet number="1">20</wcet>
            <maxpow number="0.6540383773722738"/>
            <maxpow number="0.6540383773722738"/>
            <fprob>0.0</fprob>
        </actor>
        <actor name="D0N28">
            <wcet number="0">10</wcet>
            <wcet number="1">30</wcet>
            <maxpow number="0.6479203326335159"/>
            <maxpow number="0.6479203326335159"/>
            <fprob>0.0</fprob>
        </actor>
        <actor name="D0N43">
            <wcet number="0">20</wcet>
            <wcet number="1">40</wcet>
            <maxpow number="0.48733119095631344"/>
            <maxpow number="0.48733119095631344"/>
            <fprob>0.0</fprob>
        </actor>
        <actor name="D0N35">
            <wcet number="0">100</wcet>
            <wcet number="1">310</wcet>
            <maxpow number="0.7025757292013646"/>
            <maxpow number="0.7025757292013646"/>
            <fprob>0.0</fprob>
        </actor>
        <actor name="D0N3">
            <wcet number="0">70</wcet>
            <wcet number="1">90</wcet>
            <maxpow number="0.7973594191929279"/>
            <maxpow number="0.7973594191929279"/>
            <fprob>0.0</fprob>
        </actor>
        <actor name="D0N41">
            <wcet number="0">70</wcet>
            <wcet number="1">90</wcet>
            <maxpow number="0.5643113347092011"/>
            <maxpow number="0.5643113347092011"/>
            <fprob>0.0</fprob>
        </actor>
        <actor name="D0N24">
            <wcet number="0">160</wcet>
            <wcet number="1">160</wcet>
            <maxpow number="0.4291251070297484"/>
            <maxpow number="0.4291251070297484"/>
            <fprob>0.0</fprob>
        </actor>
        <actor name="D0N34">
            <wcet number="0">270</wcet>
            <wcet number="1">270</wcet>
            <maxpow number="0.7965689251784633"/>
            <maxpow number="0.7965689251784633"/>
            <fprob>0.0</fprob>
        </actor>
        <actor name="D0N12">
            <wcet number="0">20</wcet>
            <wcet number="1">170</wcet>
            <maxpow number="0.32409716791082754"/>
            <maxpow number="0.32409716791082754"/>
            <fprob>0.0</fprob>
        </actor>
        <actor name="D0N2">
            <wcet number="0">10</wcet>
            <wcet number="1">20</wcet>
            <maxpow number="0.35843676571354105"/>
            <maxpow number="0.35843676571354105"/>
            <fprob>0.0</fprob>
        </actor>
        <actor name="D0N23">
            <wcet number="0">60</wcet>
            <wcet number="1">170</wcet>
            <maxpow number="0.21184074452873497"/>
            <maxpow number="0.21184074452873497"/>
            <fprob>0.0</fprob>
        </actor>
        <actor name="D0N15">
            <wcet number="0">20</wcet>
            <wcet number="1">60</wcet>
            <maxpow number="0.4142389297655491"/>
            <maxpow number="0.4142389297655491"/>
            <fprob>0.0</fprob>
        </actor>
        <actor name="D0N25">
            <wcet number="0">10</wcet>
            <wcet number="1">20</wcet>
            <maxpow number="0.8425025106728088"/>
            <maxpow number="0.8425025106728088"/>
            <fprob>0.0</fprob>
        </actor>
        <actor name="D0N39">
            <wcet number="0">130</wcet>
            <wcet number="1">140</wcet>
            <maxpow number="0.3722245821470679"/>
            <maxpow number="0.3722245821470679"/>
            <fprob>0.0</fprob>
        </actor>
        <actor name="D0N11">
            <wcet number="0">20</wcet>
            <wcet number="1">30</wcet>
            <maxpow number="0.8205226786124485"/>
            <maxpow number="0.8205226786124485"/>
            <fprob>0.0</fprob>
        </actor>
        <actor name="D0N27">
            <wcet number="0">20</wcet>
            <wcet number="1">100</wcet>
            <maxpow number="0.6478630520284554"/>
            <maxpow number="0.6478630520284554"/>
            <fprob>0.0</fprob>
        </actor>
        <actor name="D0N32">
            <wcet number="0">40</wcet>
            <wcet number="1">70</wcet>
            <maxpow number="0.5603156281020134"/>
            <maxpow number="0.5603156281020134"/>
            <fprob>0.0</fprob>
        </actor>
        <actor name="D0N14">
            <wcet number="0">270</wcet>
            <wcet number="1">350</wcet>
            <maxpow number="0.3883368485886993"/>
            <maxpow number="0.3883368485886993"/>
            <fprob>0.0</fprob>
        </actor>
        <actor name="D0N19">
            <wcet number="0">50</wcet>
            <wcet number="1">80</wcet>
            <maxpow number="0.34897749854956717"/>
            <maxpow number="0.34897749854956717"/>
            <fprob>0.0</fprob>
        </actor>
        <actor name="D0N26">
            <wcet number="0">10</wcet>
            <wcet number="1">60</wcet>
            <maxpow number="0.7338278605806183"/>
            <maxpow number="0.7338278605806183"/>
            <fprob>0.0</fprob>
        </actor>
        <ports>
            <port dstActor="D0N42" name="p0" srcActor="D0N33"/>
            <port dstActor="D0N44" name="p1" srcActor="D0N33"/>
            <port dstActor="D0N40" name="p2" srcActor="D0N21"/>
            <port dstActor="D0N24" name="p3" srcActor="D0N21"/>
            <port dstActor="D0N45" name="p4" srcActor="D0N21"/>
            <port dstActor="D0N26" name="p5" srcActor="D0N4"/>
            <port dstActor="D0N16" name="p6" srcActor="D0N4"/>
            <port dstActor="D0N42" name="p7" srcActor="D0N4"/>
            <port dstActor="D0N24" name="p8" srcActor="D0N5"/>
            <port dstActor="D0N39" name="p9" srcActor="D0N5"/>
            <port dstActor="D0N43" name="p10" srcActor="D0N5"/>
            <port dstActor="D0N34" name="p11" srcActor="D0N5"/>
            <port dstActor="D0N38" name="p12" srcActor="D0N5"/>
            <port dstActor="D0N29" name="p13" srcActor="D0N5"/>
            <port dstActor="D0N42" name="p14" srcActor="D0N5"/>
            <port dstActor="D0N40" name="p15" srcActor="D0N5"/>
            <port dstActor="D0N21" name="p16" srcActor="D0N5"/>
            <port dstActor="D0N43" name="p17" srcActor="D0N36"/>
            <port dstActor="D0N41" name="p18" srcActor="D0N36"/>
            <port dstActor="D0N46" name="p19" srcActor="D0N44"/>
            <port dstActor="D0N26" name="p20" srcActor="D0N7"/>
            <port dstActor="D0N21" name="p21" srcActor="D0N7"/>
            <port dstActor="D0N42" name="p22" srcActor="D0N7"/>
            <port dstActor="D0N18" name="p23" srcActor="D0N7"/>
            <port dstActor="D0N36" name="p24" srcActor="D0N7"/>
            <port dstActor="D0N46" name="p25" srcActor="D0N31"/>
            <port dstActor="D0N37" name="p26" srcActor="D0N31"/>
            <port dstActor="D0N31" name="p27" srcActor="D0N13"/>
            <port dstActor="D0N44" name="p28" srcActor="D0N42"/>
            <port dstActor="D0N45" name="p29" srcActor="D0N16"/>
            <port dstActor="D0N13" name="p30" srcActor="D0N10"/>
            <port dstActor="D0N37" name="p31" srcActor="D0N10"/>
            <port dstActor="D0N46" name="p32" srcActor="D0N10"/>
            <port dstActor="D0N11" name="p33" srcActor="D0N10"/>
            <port dstActor="D0N3" name="p34" srcActor="D0N0"/>
            <port dstActor="D0N6" name="p35" srcActor="D0N0"/>
            <port dstActor="D0N23" name="p36" srcActor="D0N0"/>
            <port dstActor="D0N23" name="p37" srcActor="D0N17"/>
            <port dstActor="D0N42" name="p38" srcActor="D0N17"/>
            <port dstActor="D0N19" name="p39" srcActor="D0N17"/>
            <port dstActor="D0N28" name="p40" srcActor="D0N17"/>
            <port dstActor="D0N41" name="p41" srcActor="D0N6"/>
            <port dstActor="D0N20" name="p42" srcActor="D0N6"/>
            <port dstActor="D0N40" name="p43" srcActor="D0N37"/>
            <port dstActor="D0N23" name="p44" srcActor="D0N22"/>
            <port dstActor="D0N27" name="p45" srcActor="D0N22"/>
            <port dstActor="D0N43" name="p46" srcActor="D0N22"/>
            <port dstActor="D0N26" name="p47" srcActor="D0N22"/>
            <port dstActor="D0N41" name="p48" srcActor="D0N22"/>
            <port dstActor="D0N30" name="p49" srcActor="D0N18"/>
            <port dstActor="D0N37" name="p50" srcActor="D0N18"/>
            <port dstActor="D0N27" name="p51" srcActor="D0N18"/>
            <port dstActor="D0N39" name="p52" srcActor="D0N18"/>
            <port dstActor="D0N28" name="p53" srcActor="D0N8"/>
            <port dstActor="D0N21" name="p54" srcActor="D0N8"/>
            <port dstActor="D0N37" name="p55" srcActor="D0N8"/>
            <port dstActor="D0N29" name="p56" srcActor="D0N8"/>
            <port dstActor="D0N33" name="p57" srcActor="D0N8"/>
            <port dstActor="D0N10" name="p58" srcActor="D0N8"/>
            <port dstActor="D0N43" name="p59" srcActor="D0N20"/>
            <port dstActor="D0N22" name="p60" srcActor="D0N20"/>
            <port dstActor="D0N31" name="p61" srcActor="D0N20"/>
            <port dstActor="D0N33" name="p62" srcActor="D0N1"/>
            <port dstActor="D0N20" name="p63" srcActor="D0N1"/>
            <port dstActor="D0N34" name="p64" srcActor="D0N9"/>
            <port dstActor="D0N12" name="p65" srcActor="D0N9"/>
            <port dstActor="D0N32" name="p66" srcActor="D0N9"/>
            <port dstActor="D0N18" name="p67" srcActor="D0N9"/>
            <port dstActor="D0N27" name="p68" srcActor="D0N9"/>
            <port dstActor="D0N16" name="p69" srcActor="D0N9"/>
            <port dstActor="D0N34" name="p70" srcActor="D0N28"/>
            <port dstActor="D0N41" name="p71" srcActor="D0N35"/>
            <port dstActor="D0N42" name="p72" srcActor="D0N35"/>
            <port dstActor="D0N27" name="p73" srcActor="D0N3"/>
            <port dstActor="D0N25" name="p74" srcActor="D0N3"/>
            <port dstActor="D0N7" name="p75" srcActor="D0N3"/>
            <port dstActor="D0N23" name="p76" srcActor="D0N3"/>
            <port dstActor="D0N5" name="p77" srcActor="D0N3"/>
            <port dstActor="D0N40" name="p78" srcActor="D0N24"/>
            <port dstActor="D0N46" name="p79" srcActor="D0N24"/>
            <port dstActor="D0N29" name="p80" srcActor="D0N24"/>
            <port dstActor="D0N36" name="p81" srcActor="D0N34"/>
            <port dstActor="D0N42" name="p82" srcActor="D0N34"/>
            <port dstActor="D0N16" name="p83" srcActor="D0N12"/>
            <port dstActor="D0N45" name="p84" srcActor="D0N2"/>
            <port dstActor="D0N43" name="p85" srcActor="D0N2"/>
            <port dstActor="D0N45" name="p86" srcActor="D0N23"/>
            <port dstActor="D0N46" name="p87" srcActor="D0N23"/>
            <port dstActor="D0N20" name="p88" srcActor="D0N15"/>
            <port dstActor="D0N41" name="p89" srcActor="D0N15"/>
            <port dstActor="D0N17" name="p90" srcActor="D0N15"/>
            <port dstActor="D0N30" name="p91" srcActor="D0N15"/>
            <port dstActor="D0N45" name="p92" srcActor="D0N15"/>
            <port dstActor="D0N31" name="p93" srcActor="D0N25"/>
            <port dstActor="D0N45" name="p94" srcActor="D0N25"/>
            <port dstActor="D0N30" name="p95" srcActor="D0N11"/>
            <port dstActor="D0N23" name="p96" srcActor="D0N11"/>
            <port dstActor="D0N33" name="p97" srcActor="D0N11"/>
            <port dstActor="D0N33" name="p98" srcActor="D0N27"/>
            <port dstActor="D0N42" name="p99" srcActor="D0N32"/>
            <port dstActor="D0N41" name="p100" srcActor="D0N32"/>
            <port dstActor="D0N36" name="p101" srcActor="D0N32"/>
            <port dstActor="D0N24" name="p102" srcActor="D0N14"/>
            <port dstActor="D0N25" name="p103" srcActor="D0N14"/>
            <port dstActor="D0N28" name="p104" srcActor="D0N14"/>
            <port dstActor="D0N38" name="p105" srcActor="D0N14"/>
            <port dstActor="D0N22" name="p106" srcActor="D0N14"/>
            <port dstActor="D0N45" name="p107" srcActor="D0N19"/>
            <port dstActor="D0N39" name="p108" srcActor="D0N19"/>
            <port dstActor="D0N32" name="p109" srcActor="D0N19"/>
            <port dstActor="D0N36" name="p110" srcActor="D0N26"/>
            <port dstActor="D0N31" name="p111" srcActor="D0N26"/>
        </ports>
    </mcdag>
    <cores number="3"/>
    <levels number="2"/>
</mcsystem>
