<?xml version="1.0" encoding="UTF-8" standalone="no"?>
<mcsystem>
    <mcdag deadline="2500" name="genned-0-ed-10.0-0">
        <actor name="D0N43">
            <wcet number="0">300</wcet>
            <wcet number="1">330</wcet>
            <maxpow number="0.5876818445706435"/>
            <maxpow number="0.5876818445706435"/>
            <fprob>0.0</fprob>
        </actor>
        <actor name="D0N32">
            <wcet number="0">30</wcet>
            <wcet number="1">120</wcet>
            <maxpow number="0.3126419771307408"/>
            <maxpow number="0.3126419771307408"/>
            <fprob>0.0</fprob>
        </actor>
        <actor name="D0N14">
            <wcet number="0">80</wcet>
            <wcet number="1">130</wcet>
            <maxpow number="0.6428202300945439"/>
            <maxpow number="0.6428202300945439"/>
            <fprob>0.0</fprob>
        </actor>
        <actor name="D0N20">
            <wcet number="0">20</wcet>
            <wcet number="1">60</wcet>
            <maxpow number="0.7218122206154847"/>
            <maxpow number="0.7218122206154847"/>
            <fprob>0.0</fprob>
        </actor>
        <actor name="D0N24">
            <wcet number="0">130</wcet>
            <wcet number="1">160</wcet>
            <maxpow number="0.5903893110858651"/>
            <maxpow number="0.5903893110858651"/>
            <fprob>0.0</fprob>
        </actor>
        <actor name="D0N41">
            <wcet number="0">40</wcet>
            <wcet number="1">80</wcet>
            <maxpow number="0.6115382685463602"/>
            <maxpow number="0.6115382685463602"/>
            <fprob>0.0</fprob>
        </actor>
        <actor name="D0N31">
            <wcet number="0">60</wcet>
            <wcet number="1">60</wcet>
            <maxpow number="0.6998921945203651"/>
            <maxpow number="0.6998921945203651"/>
            <fprob>0.0</fprob>
        </actor>
        <actor name="D0N12">
            <wcet number="0">130</wcet>
            <wcet number="1">150</wcet>
            <maxpow number="0.3360505487989984"/>
            <maxpow number="0.3360505487989984"/>
            <fprob>0.0</fprob>
        </actor>
        <actor name="D0N16">
            <wcet number="0">40</wcet>
            <wcet number="1">160</wcet>
            <maxpow number="0.572701078297897"/>
            <maxpow number="0.572701078297897"/>
            <fprob>0.0</fprob>
        </actor>
        <actor name="D0N34">
            <wcet number="0">10</wcet>
            <wcet number="1">30</wcet>
            <maxpow number="0.6590843127201631"/>
            <maxpow number="0.6590843127201631"/>
            <fprob>0.0</fprob>
        </actor>
        <actor name="D0N42">
            <wcet number="0">80</wcet>
            <wcet number="1">150</wcet>
            <maxpow number="0.8471832381874951"/>
            <maxpow number="0.8471832381874951"/>
            <fprob>0.0</fprob>
        </actor>
        <actor name="D0N28">
            <wcet number="0">30</wcet>
            <wcet number="1">30</wcet>
            <maxpow number="0.7412584005255971"/>
            <maxpow number="0.7412584005255971"/>
            <fprob>0.0</fprob>
        </actor>
        <actor name="D0N26">
            <wcet number="0">10</wcet>
            <wcet number="1">10</wcet>
            <maxpow number="0.4425706838058653"/>
            <maxpow number="0.4425706838058653"/>
            <fprob>0.0</fprob>
        </actor>
        <actor name="D0N2">
            <wcet number="0">20</wcet>
            <wcet number="1">30</wcet>
            <maxpow number="0.6126937595488949"/>
            <maxpow number="0.6126937595488949"/>
            <fprob>0.0</fprob>
        </actor>
        <actor name="D0N19">
            <wcet number="0">50</wcet>
            <wcet number="1">70</wcet>
            <maxpow number="0.13219581451932627"/>
            <maxpow number="0.13219581451932627"/>
            <fprob>0.0</fprob>
        </actor>
        <actor name="D0N3">
            <wcet number="0">20</wcet>
            <wcet number="1">110</wcet>
            <maxpow number="0.4127861515511426"/>
            <maxpow number="0.4127861515511426"/>
            <fprob>0.0</fprob>
        </actor>
        <actor name="D0N17">
            <wcet number="0">50</wcet>
            <wcet number="1">70</wcet>
            <maxpow number="0.4116558691774965"/>
            <maxpow number="0.4116558691774965"/>
            <fprob>0.0</fprob>
        </actor>
        <actor name="D0N40">
            <wcet number="0">90</wcet>
            <wcet number="1">130</wcet>
            <maxpow number="0.32187452602034017"/>
            <maxpow number="0.32187452602034017"/>
            <fprob>0.0</fprob>
        </actor>
        <actor name="D0N21">
            <wcet number="0">150</wcet>
            <wcet number="1">160</wcet>
            <maxpow number="0.6983691450622936"/>
            <maxpow number="0.6983691450622936"/>
            <fprob>0.0</fprob>
        </actor>
        <actor name="D0N10">
            <wcet number="0">50</wcet>
            <wcet number="1">260</wcet>
            <maxpow number="0.5373403927864459"/>
            <maxpow number="0.5373403927864459"/>
            <fprob>0.0</fprob>
        </actor>
        <actor name="D0N4">
            <wcet number="0">10</wcet>
            <wcet number="1">80</wcet>
            <maxpow number="0.1963284337949765"/>
            <maxpow number="0.1963284337949765"/>
            <fprob>0.0</fprob>
        </actor>
        <actor name="D0N48">
            <wcet number="0">30</wcet>
            <wcet number="1">30</wcet>
            <maxpow number="0.6996009799087461"/>
            <maxpow number="0.6996009799087461"/>
            <fprob>0.0</fprob>
        </actor>
        <actor name="D0N38">
            <wcet number="0">40</wcet>
            <wcet number="1">170</wcet>
            <maxpow number="0.44672985074732263"/>
            <maxpow number="0.44672985074732263"/>
            <fprob>0.0</fprob>
        </actor>
        <actor name="D0N23">
            <wcet number="0">80</wcet>
            <wcet number="1">80</wcet>
            <maxpow number="0.4593822625154421"/>
            <maxpow number="0.4593822625154421"/>
            <fprob>0.0</fprob>
        </actor>
        <actor name="D0N25">
            <wcet number="0">20</wcet>
            <wcet number="1">170</wcet>
            <maxpow number="0.29743438351967594"/>
            <maxpow number="0.29743438351967594"/>
            <fprob>0.0</fprob>
        </actor>
        <actor name="D0N45">
            <wcet number="0">40</wcet>
            <wcet number="1">160</wcet>
            <maxpow number="0.7647364881960362"/>
            <maxpow number="0.7647364881960362"/>
            <fprob>0.0</fprob>
        </actor>
        <actor name="D0N7">
            <wcet number="0">240</wcet>
            <wcet number="1">250</wcet>
            <maxpow number="0.6415606405564366"/>
            <maxpow number="0.6415606405564366"/>
            <fprob>0.0</fprob>
        </actor>
        <actor name="D0N0">
            <wcet number="0">10</wcet>
            <wcet number="1">10</wcet>
            <maxpow number="0.653065593425375"/>
            <maxpow number="0.653065593425375"/>
            <fprob>0.0</fprob>
        </actor>
        <actor name="D0N29">
            <wcet number="0">30</wcet>
            <wcet number="1">50</wcet>
            <maxpow number="0.4598215734016866"/>
            <maxpow number="0.4598215734016866"/>
            <fprob>0.0</fprob>
        </actor>
        <actor name="D0N35">
            <wcet number="0">20</wcet>
            <wcet number="1">30</wcet>
            <maxpow number="0.7003859326654199"/>
            <maxpow number="0.7003859326654199"/>
            <fprob>0.0</fprob>
        </actor>
        <actor name="D0N5">
            <wcet number="0">100</wcet>
            <wcet number="1">300</wcet>
            <maxpow number="0.42551220283862257"/>
            <maxpow number="0.42551220283862257"/>
            <fprob>0.0</fprob>
        </actor>
        <actor name="D0N37">
            <wcet number="0">70</wcet>
            <wcet number="1">140</wcet>
            <maxpow number="0.4527690392426872"/>
            <maxpow number="0.4527690392426872"/>
            <fprob>0.0</fprob>
        </actor>
        <actor name="D0N39">
            <wcet number="0">10</wcet>
            <wcet number="1">10</wcet>
            <maxpow number="0.6758728594567454"/>
            <maxpow number="0.6758728594567454"/>
            <fprob>0.0</fprob>
        </actor>
        <actor name="D0N8">
            <wcet number="0">10</wcet>
            <wcet number="1">30</wcet>
            <maxpow number="0.8772834119457492"/>
            <maxpow number="0.8772834119457492"/>
            <fprob>0.0</fprob>
        </actor>
        <actor name="D0N44">
            <wcet number="0">10</wcet>
            <wcet number="1">30</wcet>
            <maxpow number="0.8229221095322374"/>
            <maxpow number="0.8229221095322374"/>
            <fprob>0.0</fprob>
        </actor>
        <actor name="D0N1">
            <wcet number="0">10</wcet>
            <wcet number="1">10</wcet>
            <maxpow number="0.7976921091370913"/>
            <maxpow number="0.7976921091370913"/>
            <fprob>0.0</fprob>
        </actor>
        <actor name="D0N18">
            <wcet number="0">140</wcet>
            <wcet number="1">160</wcet>
            <maxpow number="0.7901234175575141"/>
            <maxpow number="0.7901234175575141"/>
            <fprob>0.0</fprob>
        </actor>
        <actor name="D0N27">
            <wcet number="0">10</wcet>
            <wcet number="1">90</wcet>
            <maxpow number="0.33317718117305506"/>
            <maxpow number="0.33317718117305506"/>
            <fprob>0.0</fprob>
        </actor>
        <actor name="D0N11">
            <wcet number="0">10</wcet>
            <wcet number="1">10</wcet>
            <maxpow number="0.5003941282820775"/>
            <maxpow number="0.5003941282820775"/>
            <fprob>0.0</fprob>
        </actor>
        <actor name="D0N22">
            <wcet number="0">180</wcet>
            <wcet number="1">300</wcet>
            <maxpow number="0.40103909176135144"/>
            <maxpow number="0.40103909176135144"/>
            <fprob>0.0</fprob>
        </actor>
        <actor name="D0N30">
            <wcet number="0">40</wcet>
            <wcet number="1">210</wcet>
            <maxpow number="0.43846701313654196"/>
            <maxpow number="0.43846701313654196"/>
            <fprob>0.0</fprob>
        </actor>
        <actor name="D0N47">
            <wcet number="0">20</wcet>
            <wcet number="1">310</wcet>
            <maxpow number="0.5250710380135731"/>
            <maxpow number="0.5250710380135731"/>
            <fprob>0.0</fprob>
        </actor>
        <actor name="D0N36">
            <wcet number="0">20</wcet>
            <wcet number="1">20</wcet>
            <maxpow number="0.5850546835823999"/>
            <maxpow number="0.5850546835823999"/>
            <fprob>0.0</fprob>
        </actor>
        <actor name="D0N15">
            <wcet number="0">130</wcet>
            <wcet number="1">260</wcet>
            <maxpow number="0.4992767170859889"/>
            <maxpow number="0.4992767170859889"/>
            <fprob>0.0</fprob>
        </actor>
        <actor name="D0N33">
            <wcet number="0">20</wcet>
            <wcet number="1">20</wcet>
            <maxpow number="0.36292756557439826"/>
            <maxpow number="0.36292756557439826"/>
            <fprob>0.0</fprob>
        </actor>
        <actor name="D0N46">
            <wcet number="0">50</wcet>
            <wcet number="1">70</wcet>
            <maxpow number="0.7248864877652672"/>
            <maxpow number="0.7248864877652672"/>
            <fprob>0.0</fprob>
        </actor>
        <actor name="D0N13">
            <wcet number="0">10</wcet>
            <wcet number="1">10</wcet>
            <maxpow number="0.2677556406355058"/>
            <maxpow number="0.2677556406355058"/>
            <fprob>0.0</fprob>
        </actor>
        <actor name="D0N6">
            <wcet number="0">110</wcet>
            <wcet number="1">130</wcet>
            <maxpow number="0.5437110576172535"/>
            <maxpow number="0.5437110576172535"/>
            <fprob>0.0</fprob>
        </actor>
        <actor name="D0N9">
            <wcet number="0">50</wcet>
            <wcet number="1">60</wcet>
            <maxpow number="0.5797892536482792"/>
            <maxpow number="0.5797892536482792"/>
            <fprob>0.0</fprob>
        </actor>
        <ports>
            <port dstActor="D0N34" name="p0" srcActor="D0N32"/>
            <port dstActor="D0N38" name="p1" srcActor="D0N32"/>
            <port dstActor="D0N20" name="p2" srcActor="D0N14"/>
            <port dstActor="D0N15" name="p3" srcActor="D0N14"/>
            <port dstActor="D0N30" name="p4" srcActor="D0N20"/>
            <port dstActor="D0N33" name="p5" srcActor="D0N20"/>
            <port dstActor="D0N34" name="p6" srcActor="D0N20"/>
            <port dstActor="D0N29" name="p7" srcActor="D0N20"/>
            <port dstActor="D0N45" name="p8" srcActor="D0N20"/>
            <port dstActor="D0N45" name="p9" srcActor="D0N24"/>
            <port dstActor="D0N40" name="p10" srcActor="D0N24"/>
            <port dstActor="D0N42" name="p11" srcActor="D0N24"/>
            <port dstActor="D0N48" name="p12" srcActor="D0N41"/>
            <port dstActor="D0N44" name="p13" srcActor="D0N31"/>
            <port dstActor="D0N37" name="p14" srcActor="D0N31"/>
            <port dstActor="D0N14" name="p15" srcActor="D0N12"/>
            <port dstActor="D0N28" name="p16" srcActor="D0N12"/>
            <port dstActor="D0N15" name="p17" srcActor="D0N12"/>
            <port dstActor="D0N43" name="p18" srcActor="D0N16"/>
            <port dstActor="D0N40" name="p19" srcActor="D0N16"/>
            <port dstActor="D0N43" name="p20" srcActor="D0N34"/>
            <port dstActor="D0N45" name="p21" srcActor="D0N42"/>
            <port dstActor="D0N44" name="p22" srcActor="D0N28"/>
            <port dstActor="D0N40" name="p23" srcActor="D0N28"/>
            <port dstActor="D0N47" name="p24" srcActor="D0N28"/>
            <port dstActor="D0N27" name="p25" srcActor="D0N26"/>
            <port dstActor="D0N48" name="p26" srcActor="D0N26"/>
            <port dstActor="D0N11" name="p27" srcActor="D0N2"/>
            <port dstActor="D0N32" name="p28" srcActor="D0N2"/>
            <port dstActor="D0N37" name="p29" srcActor="D0N2"/>
            <port dstActor="D0N43" name="p30" srcActor="D0N2"/>
            <port dstActor="D0N30" name="p31" srcActor="D0N19"/>
            <port dstActor="D0N14" name="p32" srcActor="D0N3"/>
            <port dstActor="D0N11" name="p33" srcActor="D0N3"/>
            <port dstActor="D0N9" name="p34" srcActor="D0N3"/>
            <port dstActor="D0N40" name="p35" srcActor="D0N3"/>
            <port dstActor="D0N22" name="p36" srcActor="D0N3"/>
            <port dstActor="D0N28" name="p37" srcActor="D0N17"/>
            <port dstActor="D0N31" name="p38" srcActor="D0N17"/>
            <port dstActor="D0N21" name="p39" srcActor="D0N17"/>
            <port dstActor="D0N27" name="p40" srcActor="D0N17"/>
            <port dstActor="D0N22" name="p41" srcActor="D0N21"/>
            <port dstActor="D0N33" name="p42" srcActor="D0N21"/>
            <port dstActor="D0N47" name="p43" srcActor="D0N21"/>
            <port dstActor="D0N39" name="p44" srcActor="D0N21"/>
            <port dstActor="D0N15" name="p45" srcActor="D0N10"/>
            <port dstActor="D0N46" name="p46" srcActor="D0N10"/>
            <port dstActor="D0N43" name="p47" srcActor="D0N10"/>
            <port dstActor="D0N48" name="p48" srcActor="D0N10"/>
            <port dstActor="D0N33" name="p49" srcActor="D0N4"/>
            <port dstActor="D0N45" name="p50" srcActor="D0N4"/>
            <port dstActor="D0N11" name="p51" srcActor="D0N4"/>
            <port dstActor="D0N43" name="p52" srcActor="D0N38"/>
            <port dstActor="D0N35" name="p53" srcActor="D0N23"/>
            <port dstActor="D0N38" name="p54" srcActor="D0N23"/>
            <port dstActor="D0N43" name="p55" srcActor="D0N23"/>
            <port dstActor="D0N36" name="p56" srcActor="D0N23"/>
            <port dstActor="D0N33" name="p57" srcActor="D0N23"/>
            <port dstActor="D0N33" name="p58" srcActor="D0N25"/>
            <port dstActor="D0N35" name="p59" srcActor="D0N25"/>
            <port dstActor="D0N48" name="p60" srcActor="D0N25"/>
            <port dstActor="D0N18" name="p61" srcActor="D0N7"/>
            <port dstActor="D0N8" name="p62" srcActor="D0N7"/>
            <port dstActor="D0N46" name="p63" srcActor="D0N0"/>
            <port dstActor="D0N25" name="p64" srcActor="D0N0"/>
            <port dstActor="D0N8" name="p65" srcActor="D0N0"/>
            <port dstActor="D0N12" name="p66" srcActor="D0N0"/>
            <port dstActor="D0N38" name="p67" srcActor="D0N0"/>
            <port dstActor="D0N31" name="p68" srcActor="D0N29"/>
            <port dstActor="D0N35" name="p69" srcActor="D0N29"/>
            <port dstActor="D0N18" name="p70" srcActor="D0N5"/>
            <port dstActor="D0N41" name="p71" srcActor="D0N39"/>
            <port dstActor="D0N42" name="p72" srcActor="D0N39"/>
            <port dstActor="D0N43" name="p73" srcActor="D0N39"/>
            <port dstActor="D0N41" name="p74" srcActor="D0N8"/>
            <port dstActor="D0N26" name="p75" srcActor="D0N8"/>
            <port dstActor="D0N44" name="p76" srcActor="D0N8"/>
            <port dstActor="D0N48" name="p77" srcActor="D0N44"/>
            <port dstActor="D0N46" name="p78" srcActor="D0N1"/>
            <port dstActor="D0N32" name="p79" srcActor="D0N1"/>
            <port dstActor="D0N43" name="p80" srcActor="D0N1"/>
            <port dstActor="D0N38" name="p81" srcActor="D0N18"/>
            <port dstActor="D0N41" name="p82" srcActor="D0N18"/>
            <port dstActor="D0N40" name="p83" srcActor="D0N18"/>
            <port dstActor="D0N39" name="p84" srcActor="D0N18"/>
            <port dstActor="D0N46" name="p85" srcActor="D0N27"/>
            <port dstActor="D0N18" name="p86" srcActor="D0N11"/>
            <port dstActor="D0N26" name="p87" srcActor="D0N11"/>
            <port dstActor="D0N28" name="p88" srcActor="D0N11"/>
            <port dstActor="D0N42" name="p89" srcActor="D0N11"/>
            <port dstActor="D0N40" name="p90" srcActor="D0N11"/>
            <port dstActor="D0N15" name="p91" srcActor="D0N11"/>
            <port dstActor="D0N26" name="p92" srcActor="D0N22"/>
            <port dstActor="D0N40" name="p93" srcActor="D0N30"/>
            <port dstActor="D0N48" name="p94" srcActor="D0N30"/>
            <port dstActor="D0N45" name="p95" srcActor="D0N30"/>
            <port dstActor="D0N31" name="p96" srcActor="D0N30"/>
            <port dstActor="D0N41" name="p97" srcActor="D0N36"/>
            <port dstActor="D0N30" name="p98" srcActor="D0N15"/>
            <port dstActor="D0N34" name="p99" srcActor="D0N15"/>
            <port dstActor="D0N45" name="p100" srcActor="D0N15"/>
            <port dstActor="D0N21" name="p101" srcActor="D0N15"/>
            <port dstActor="D0N29" name="p102" srcActor="D0N15"/>
            <port dstActor="D0N39" name="p103" srcActor="D0N33"/>
            <port dstActor="D0N36" name="p104" srcActor="D0N13"/>
            <port dstActor="D0N16" name="p105" srcActor="D0N13"/>
            <port dstActor="D0N26" name="p106" srcActor="D0N13"/>
            <port dstActor="D0N10" name="p107" srcActor="D0N6"/>
            <port dstActor="D0N47" name="p108" srcActor="D0N6"/>
            <port dstActor="D0N35" name="p109" srcActor="D0N6"/>
            <port dstActor="D0N38" name="p110" srcActor="D0N6"/>
            <port dstActor="D0N15" name="p111" srcActor="D0N6"/>
            <port dstActor="D0N31" name="p112" srcActor="D0N6"/>
            <port dstActor="D0N37" name="p113" srcActor="D0N6"/>
            <port dstActor="D0N12" name="p114" srcActor="D0N9"/>
            <port dstActor="D0N20" name="p115" srcActor="D0N9"/>
            <port dstActor="D0N47" name="p116" srcActor="D0N9"/>
            <port dstActor="D0N10" name="p117" srcActor="D0N9"/>
        </ports>
    </mcdag>
    <cores number="3"/>
    <levels number="2"/>
</mcsystem>
