<?xml version="1.0" encoding="UTF-8" standalone="no"?>
<mcsystem>
    <mcdag deadline="1200" name="genned-0-ed-10.0-0">
        <actor name="D0N22">
            <wcet number="0">40</wcet>
            <wcet number="1">50</wcet>
            <maxpow number="0.3369892897603608"/>
            <maxpow number="0.3369892897603608"/>
            <fprob>0.0</fprob>
        </actor>
        <actor name="D0N9">
            <wcet number="0">40</wcet>
            <wcet number="1">40</wcet>
            <maxpow number="0.6265186890961134"/>
            <maxpow number="0.6265186890961134"/>
            <fprob>0.0</fprob>
        </actor>
        <actor name="D0N10">
            <wcet number="0">40</wcet>
            <wcet number="1">50</wcet>
            <maxpow number="0.5148048884408475"/>
            <maxpow number="0.5148048884408475"/>
            <fprob>0.0</fprob>
        </actor>
        <actor name="D0N39">
            <wcet number="0">20</wcet>
            <wcet number="1">20</wcet>
            <maxpow number="0.5887779374121829"/>
            <maxpow number="0.5887779374121829"/>
            <fprob>0.0</fprob>
        </actor>
        <actor name="D0N36">
            <wcet number="0">20</wcet>
            <wcet number="1">50</wcet>
            <maxpow number="0.636695107240609"/>
            <maxpow number="0.636695107240609"/>
            <fprob>0.0</fprob>
        </actor>
        <actor name="D0N30">
            <wcet number="0">10</wcet>
            <wcet number="1">10</wcet>
            <maxpow number="0.5409651696822216"/>
            <maxpow number="0.5409651696822216"/>
            <fprob>0.0</fprob>
        </actor>
        <actor name="D0N21">
            <wcet number="0">40</wcet>
            <wcet number="1">90</wcet>
            <maxpow number="0.5190179437554706"/>
            <maxpow number="0.5190179437554706"/>
            <fprob>0.0</fprob>
        </actor>
        <actor name="D0N5">
            <wcet number="0">20</wcet>
            <wcet number="1">70</wcet>
            <maxpow number="0.4719632089015915"/>
            <maxpow number="0.4719632089015915"/>
            <fprob>0.0</fprob>
        </actor>
        <actor name="D0N17">
            <wcet number="0">110</wcet>
            <wcet number="1">130</wcet>
            <maxpow number="0.5966978405116471"/>
            <maxpow number="0.5966978405116471"/>
            <fprob>0.0</fprob>
        </actor>
        <actor name="D0N14">
            <wcet number="0">90</wcet>
            <wcet number="1">120</wcet>
            <maxpow number="-0.004215291248467867"/>
            <maxpow number="-0.004215291248467867"/>
            <fprob>0.0</fprob>
        </actor>
        <actor name="D0N11">
            <wcet number="0">10</wcet>
            <wcet number="1">10</wcet>
            <maxpow number="0.8845740323127922"/>
            <maxpow number="0.8845740323127922"/>
            <fprob>0.0</fprob>
        </actor>
        <actor name="D0N15">
            <wcet number="0">10</wcet>
            <wcet number="1">20</wcet>
            <maxpow number="0.6542410546377776"/>
            <maxpow number="0.6542410546377776"/>
            <fprob>0.0</fprob>
        </actor>
        <actor name="D0N37">
            <wcet number="0">10</wcet>
            <wcet number="1">60</wcet>
            <maxpow number="0.7373596186746829"/>
            <maxpow number="0.7373596186746829"/>
            <fprob>0.0</fprob>
        </actor>
        <actor name="D0N7">
            <wcet number="0">60</wcet>
            <wcet number="1">60</wcet>
            <maxpow number="0.36437338599335073"/>
            <maxpow number="0.36437338599335073"/>
            <fprob>0.0</fprob>
        </actor>
        <actor name="D0N4">
            <wcet number="0">40</wcet>
            <wcet number="1">40</wcet>
            <maxpow number="0.33246654331631964"/>
            <maxpow number="0.33246654331631964"/>
            <fprob>0.0</fprob>
        </actor>
        <actor name="D0N6">
            <wcet number="0">10</wcet>
            <wcet number="1">10</wcet>
            <maxpow number="0.5157557321687513"/>
            <maxpow number="0.5157557321687513"/>
            <fprob>0.0</fprob>
        </actor>
        <actor name="D0N20">
            <wcet number="0">50</wcet>
            <wcet number="1">50</wcet>
            <maxpow number="0.5317300310641981"/>
            <maxpow number="0.5317300310641981"/>
            <fprob>0.0</fprob>
        </actor>
        <actor name="D0N16">
            <wcet number="0">30</wcet>
            <wcet number="1">50</wcet>
            <maxpow number="0.5088361071530175"/>
            <maxpow number="0.5088361071530175"/>
            <fprob>0.0</fprob>
        </actor>
        <actor name="D0N34">
            <wcet number="0">20</wcet>
            <wcet number="1">30</wcet>
            <maxpow number="0.5571235139608365"/>
            <maxpow number="0.5571235139608365"/>
            <fprob>0.0</fprob>
        </actor>
        <actor name="D0N18">
            <wcet number="0">10</wcet>
            <wcet number="1">10</wcet>
            <maxpow number="0.6104175962821551"/>
            <maxpow number="0.6104175962821551"/>
            <fprob>0.0</fprob>
        </actor>
        <actor name="D0N3">
            <wcet number="0">10</wcet>
            <wcet number="1">50</wcet>
            <maxpow number="0.31238442587762255"/>
            <maxpow number="0.31238442587762255"/>
            <fprob>0.0</fprob>
        </actor>
        <actor name="D0N19">
            <wcet number="0">100</wcet>
            <wcet number="1">170</wcet>
            <maxpow number="0.3620632853875729"/>
            <maxpow number="0.3620632853875729"/>
            <fprob>0.0</fprob>
        </actor>
        <actor name="D0N28">
            <wcet number="0">60</wcet>
            <wcet number="1">70</wcet>
            <maxpow number="0.638563923179454"/>
            <maxpow number="0.638563923179454"/>
            <fprob>0.0</fprob>
        </actor>
        <actor name="D0N2">
            <wcet number="0">10</wcet>
            <wcet number="1">10</wcet>
            <maxpow number="0.463684088654366"/>
            <maxpow number="0.463684088654366"/>
            <fprob>0.0</fprob>
        </actor>
        <actor name="D0N43">
            <wcet number="0">20</wcet>
            <wcet number="1">50</wcet>
            <maxpow number="0.5285164278456672"/>
            <maxpow number="0.5285164278456672"/>
            <fprob>0.0</fprob>
        </actor>
        <actor name="D0N12">
            <wcet number="0">10</wcet>
            <wcet number="1">10</wcet>
            <maxpow number="0.5751835305068095"/>
            <maxpow number="0.5751835305068095"/>
            <fprob>0.0</fprob>
        </actor>
        <actor name="D0N33">
            <wcet number="0">40</wcet>
            <wcet number="1">100</wcet>
            <maxpow number="0.3970464083550203"/>
            <maxpow number="0.3970464083550203"/>
            <fprob>0.0</fprob>
        </actor>
        <actor name="D0N42">
            <wcet number="0">50</wcet>
            <wcet number="1">190</wcet>
            <maxpow number="0.3569675289238521"/>
            <maxpow number="0.3569675289238521"/>
            <fprob>0.0</fprob>
        </actor>
        <actor name="D0N13">
            <wcet number="0">20</wcet>
            <wcet number="1">30</wcet>
            <maxpow number="0.5546756188147657"/>
            <maxpow number="0.5546756188147657"/>
            <fprob>0.0</fprob>
        </actor>
        <actor name="D0N32">
            <wcet number="0">10</wcet>
            <wcet number="1">50</wcet>
            <maxpow number="0.756717000400156"/>
            <maxpow number="0.756717000400156"/>
            <fprob>0.0</fprob>
        </actor>
        <actor name="D0N35">
            <wcet number="0">20</wcet>
            <wcet number="1">20</wcet>
            <maxpow number="0.3110488872183135"/>
            <maxpow number="0.3110488872183135"/>
            <fprob>0.0</fprob>
        </actor>
        <actor name="D0N1">
            <wcet number="0">60</wcet>
            <wcet number="1">110</wcet>
            <maxpow number="0.6337618368672784"/>
            <maxpow number="0.6337618368672784"/>
            <fprob>0.0</fprob>
        </actor>
        <actor name="D0N25">
            <wcet number="0">10</wcet>
            <wcet number="1">60</wcet>
            <maxpow number="0.4160196936135827"/>
            <maxpow number="0.4160196936135827"/>
            <fprob>0.0</fprob>
        </actor>
        <actor name="D0N40">
            <wcet number="0">60</wcet>
            <wcet number="1">160</wcet>
            <maxpow number="0.44325959562534484"/>
            <maxpow number="0.44325959562534484"/>
            <fprob>0.0</fprob>
        </actor>
        <actor name="D0N0">
            <wcet number="0">20</wcet>
            <wcet number="1">40</wcet>
            <maxpow number="0.7752217161424104"/>
            <maxpow number="0.7752217161424104"/>
            <fprob>0.0</fprob>
        </actor>
        <actor name="D0N29">
            <wcet number="0">60</wcet>
            <wcet number="1">80</wcet>
            <maxpow number="0.2819117581299679"/>
            <maxpow number="0.2819117581299679"/>
            <fprob>0.0</fprob>
        </actor>
        <actor name="D0N8">
            <wcet number="0">60</wcet>
            <wcet number="1">80</wcet>
            <maxpow number="0.7728530901612637"/>
            <maxpow number="0.7728530901612637"/>
            <fprob>0.0</fprob>
        </actor>
        <actor name="D0N31">
            <wcet number="0">100</wcet>
            <wcet number="1">120</wcet>
            <maxpow number="0.8826571749899966"/>
            <maxpow number="0.8826571749899966"/>
            <fprob>0.0</fprob>
        </actor>
        <actor name="D0N38">
            <wcet number="0">10</wcet>
            <wcet number="1">10</wcet>
            <maxpow number="0.650016545951352"/>
            <maxpow number="0.650016545951352"/>
            <fprob>0.0</fprob>
        </actor>
        <actor name="D0N27">
            <wcet number="0">30</wcet>
            <wcet number="1">30</wcet>
            <maxpow number="0.5838588181206095"/>
            <maxpow number="0.5838588181206095"/>
            <fprob>0.0</fprob>
        </actor>
        <actor name="D0N24">
            <wcet number="0">20</wcet>
            <wcet number="1">60</wcet>
            <maxpow number="0.45870526973374226"/>
            <maxpow number="0.45870526973374226"/>
            <fprob>0.0</fprob>
        </actor>
        <actor name="D0N23">
            <wcet number="0">40</wcet>
            <wcet number="1">120</wcet>
            <maxpow number="0.5364990048147853"/>
            <maxpow number="0.5364990048147853"/>
            <fprob>0.0</fprob>
        </actor>
        <actor name="D0N41">
            <wcet number="0">20</wcet>
            <wcet number="1">50</wcet>
            <maxpow number="0.5433272525912989"/>
            <maxpow number="0.5433272525912989"/>
            <fprob>0.0</fprob>
        </actor>
        <actor name="D0N26">
            <wcet number="0">90</wcet>
            <wcet number="1">120</wcet>
            <maxpow number="0.6287425388102192"/>
            <maxpow number="0.6287425388102192"/>
            <fprob>0.0</fprob>
        </actor>
        <ports>
            <port dstActor="D0N43" name="p0" srcActor="D0N22"/>
            <port dstActor="D0N43" name="p1" srcActor="D0N9"/>
            <port dstActor="D0N30" name="p2" srcActor="D0N9"/>
            <port dstActor="D0N38" name="p3" srcActor="D0N9"/>
            <port dstActor="D0N31" name="p4" srcActor="D0N10"/>
            <port dstActor="D0N41" name="p5" srcActor="D0N10"/>
            <port dstActor="D0N35" name="p6" srcActor="D0N10"/>
            <port dstActor="D0N20" name="p7" srcActor="D0N10"/>
            <port dstActor="D0N18" name="p8" srcActor="D0N10"/>
            <port dstActor="D0N22" name="p9" srcActor="D0N10"/>
            <port dstActor="D0N43" name="p10" srcActor="D0N36"/>
            <port dstActor="D0N34" name="p11" srcActor="D0N30"/>
            <port dstActor="D0N30" name="p12" srcActor="D0N21"/>
            <port dstActor="D0N32" name="p13" srcActor="D0N21"/>
            <port dstActor="D0N7" name="p14" srcActor="D0N5"/>
            <port dstActor="D0N25" name="p15" srcActor="D0N5"/>
            <port dstActor="D0N27" name="p16" srcActor="D0N5"/>
            <port dstActor="D0N28" name="p17" srcActor="D0N14"/>
            <port dstActor="D0N30" name="p18" srcActor="D0N14"/>
            <port dstActor="D0N12" name="p19" srcActor="D0N11"/>
            <port dstActor="D0N32" name="p20" srcActor="D0N11"/>
            <port dstActor="D0N27" name="p21" srcActor="D0N11"/>
            <port dstActor="D0N37" name="p22" srcActor="D0N11"/>
            <port dstActor="D0N28" name="p23" srcActor="D0N15"/>
            <port dstActor="D0N20" name="p24" srcActor="D0N15"/>
            <port dstActor="D0N11" name="p25" srcActor="D0N7"/>
            <port dstActor="D0N18" name="p26" srcActor="D0N7"/>
            <port dstActor="D0N24" name="p27" srcActor="D0N7"/>
            <port dstActor="D0N39" name="p28" srcActor="D0N4"/>
            <port dstActor="D0N37" name="p29" srcActor="D0N4"/>
            <port dstActor="D0N21" name="p30" srcActor="D0N4"/>
            <port dstActor="D0N25" name="p31" srcActor="D0N4"/>
            <port dstActor="D0N12" name="p32" srcActor="D0N6"/>
            <port dstActor="D0N29" name="p33" srcActor="D0N6"/>
            <port dstActor="D0N8" name="p34" srcActor="D0N6"/>
            <port dstActor="D0N22" name="p35" srcActor="D0N6"/>
            <port dstActor="D0N32" name="p36" srcActor="D0N6"/>
            <port dstActor="D0N30" name="p37" srcActor="D0N20"/>
            <port dstActor="D0N24" name="p38" srcActor="D0N20"/>
            <port dstActor="D0N38" name="p39" srcActor="D0N16"/>
            <port dstActor="D0N17" name="p40" srcActor="D0N16"/>
            <port dstActor="D0N24" name="p41" srcActor="D0N16"/>
            <port dstActor="D0N35" name="p42" srcActor="D0N34"/>
            <port dstActor="D0N36" name="p43" srcActor="D0N34"/>
            <port dstActor="D0N37" name="p44" srcActor="D0N18"/>
            <port dstActor="D0N43" name="p45" srcActor="D0N3"/>
            <port dstActor="D0N10" name="p46" srcActor="D0N3"/>
            <port dstActor="D0N21" name="p47" srcActor="D0N3"/>
            <port dstActor="D0N27" name="p48" srcActor="D0N3"/>
            <port dstActor="D0N35" name="p49" srcActor="D0N3"/>
            <port dstActor="D0N29" name="p50" srcActor="D0N3"/>
            <port dstActor="D0N20" name="p51" srcActor="D0N19"/>
            <port dstActor="D0N33" name="p52" srcActor="D0N19"/>
            <port dstActor="D0N42" name="p53" srcActor="D0N28"/>
            <port dstActor="D0N29" name="p54" srcActor="D0N28"/>
            <port dstActor="D0N30" name="p55" srcActor="D0N28"/>
            <port dstActor="D0N35" name="p56" srcActor="D0N28"/>
            <port dstActor="D0N22" name="p57" srcActor="D0N2"/>
            <port dstActor="D0N23" name="p58" srcActor="D0N2"/>
            <port dstActor="D0N16" name="p59" srcActor="D0N2"/>
            <port dstActor="D0N39" name="p60" srcActor="D0N12"/>
            <port dstActor="D0N27" name="p61" srcActor="D0N12"/>
            <port dstActor="D0N34" name="p62" srcActor="D0N12"/>
            <port dstActor="D0N40" name="p63" srcActor="D0N33"/>
            <port dstActor="D0N22" name="p64" srcActor="D0N13"/>
            <port dstActor="D0N26" name="p65" srcActor="D0N13"/>
            <port dstActor="D0N17" name="p66" srcActor="D0N13"/>
            <port dstActor="D0N42" name="p67" srcActor="D0N13"/>
            <port dstActor="D0N29" name="p68" srcActor="D0N13"/>
            <port dstActor="D0N36" name="p69" srcActor="D0N32"/>
            <port dstActor="D0N41" name="p70" srcActor="D0N35"/>
            <port dstActor="D0N37" name="p71" srcActor="D0N35"/>
            <port dstActor="D0N16" name="p72" srcActor="D0N1"/>
            <port dstActor="D0N41" name="p73" srcActor="D0N1"/>
            <port dstActor="D0N12" name="p74" srcActor="D0N1"/>
            <port dstActor="D0N42" name="p75" srcActor="D0N40"/>
            <port dstActor="D0N41" name="p76" srcActor="D0N0"/>
            <port dstActor="D0N1" name="p77" srcActor="D0N0"/>
            <port dstActor="D0N5" name="p78" srcActor="D0N0"/>
            <port dstActor="D0N30" name="p79" srcActor="D0N29"/>
            <port dstActor="D0N37" name="p80" srcActor="D0N29"/>
            <port dstActor="D0N32" name="p81" srcActor="D0N29"/>
            <port dstActor="D0N33" name="p82" srcActor="D0N29"/>
            <port dstActor="D0N43" name="p83" srcActor="D0N29"/>
            <port dstActor="D0N42" name="p84" srcActor="D0N8"/>
            <port dstActor="D0N19" name="p85" srcActor="D0N8"/>
            <port dstActor="D0N39" name="p86" srcActor="D0N31"/>
            <port dstActor="D0N34" name="p87" srcActor="D0N27"/>
            <port dstActor="D0N43" name="p88" srcActor="D0N23"/>
            <port dstActor="D0N37" name="p89" srcActor="D0N23"/>
            <port dstActor="D0N35" name="p90" srcActor="D0N23"/>
        </ports>
    </mcdag>
    <cores number="3"/>
    <levels number="2"/>
</mcsystem>
