<?xml version="1.0" encoding="UTF-8" standalone="no"?>
<mcsystem>
    <mcdag deadline="2500" name="genned-0-ed-10.0-0">
        <actor name="D0N26">
            <wcet number="0">160</wcet>
            <wcet number="1">160</wcet>
            <maxpow number="0.37026444094676514"/>
            <maxpow number="0.37026444094676514"/>
            <fprob>0.0</fprob>
        </actor>
        <actor name="D0N37">
            <wcet number="0">20</wcet>
            <wcet number="1">30</wcet>
            <maxpow number="0.5822817267631577"/>
            <maxpow number="0.5822817267631577"/>
            <fprob>0.0</fprob>
        </actor>
        <actor name="D0N42">
            <wcet number="0">10</wcet>
            <wcet number="1">10</wcet>
            <maxpow number="0.5875198970984519"/>
            <maxpow number="0.5875198970984519"/>
            <fprob>0.0</fprob>
        </actor>
        <actor name="D0N20">
            <wcet number="0">100</wcet>
            <wcet number="1">120</wcet>
            <maxpow number="0.17989646393784314"/>
            <maxpow number="0.17989646393784314"/>
            <fprob>0.0</fprob>
        </actor>
        <actor name="D0N7">
            <wcet number="0">140</wcet>
            <wcet number="1">150</wcet>
            <maxpow number="0.376964176379178"/>
            <maxpow number="0.376964176379178"/>
            <fprob>0.0</fprob>
        </actor>
        <actor name="D0N18">
            <wcet number="0">40</wcet>
            <wcet number="1">70</wcet>
            <maxpow number="0.5484107275250082"/>
            <maxpow number="0.5484107275250082"/>
            <fprob>0.0</fprob>
        </actor>
        <actor name="D0N24">
            <wcet number="0">200</wcet>
            <wcet number="1">260</wcet>
            <maxpow number="0.6469663136231301"/>
            <maxpow number="0.6469663136231301"/>
            <fprob>0.0</fprob>
        </actor>
        <actor name="D0N15">
            <wcet number="0">20</wcet>
            <wcet number="1">70</wcet>
            <maxpow number="0.7067796202120948"/>
            <maxpow number="0.7067796202120948"/>
            <fprob>0.0</fprob>
        </actor>
        <actor name="D0N4">
            <wcet number="0">220</wcet>
            <wcet number="1">290</wcet>
            <maxpow number="0.528963889465046"/>
            <maxpow number="0.528963889465046"/>
            <fprob>0.0</fprob>
        </actor>
        <actor name="D0N22">
            <wcet number="0">80</wcet>
            <wcet number="1">370</wcet>
            <maxpow number="0.710405979989623"/>
            <maxpow number="0.710405979989623"/>
            <fprob>0.0</fprob>
        </actor>
        <actor name="D0N33">
            <wcet number="0">110</wcet>
            <wcet number="1">110</wcet>
            <maxpow number="0.2763865256116277"/>
            <maxpow number="0.2763865256116277"/>
            <fprob>0.0</fprob>
        </actor>
        <actor name="D0N14">
            <wcet number="0">50</wcet>
            <wcet number="1">50</wcet>
            <maxpow number="0.5387152368803166"/>
            <maxpow number="0.5387152368803166"/>
            <fprob>0.0</fprob>
        </actor>
        <actor name="D0N35">
            <wcet number="0">160</wcet>
            <wcet number="1">160</wcet>
            <maxpow number="0.31587650253446187"/>
            <maxpow number="0.31587650253446187"/>
            <fprob>0.0</fprob>
        </actor>
        <actor name="D0N38">
            <wcet number="0">40</wcet>
            <wcet number="1">120</wcet>
            <maxpow number="0.5184605077602579"/>
            <maxpow number="0.5184605077602579"/>
            <fprob>0.0</fprob>
        </actor>
        <actor name="D0N2">
            <wcet number="0">100</wcet>
            <wcet number="1">180</wcet>
            <maxpow number="0.7319824100683632"/>
            <maxpow number="0.7319824100683632"/>
            <fprob>0.0</fprob>
        </actor>
        <actor name="D0N13">
            <wcet number="0">30</wcet>
            <wcet number="1">30</wcet>
            <maxpow number="0.4145760309739348"/>
            <maxpow number="0.4145760309739348"/>
            <fprob>0.0</fprob>
        </actor>
        <actor name="D0N16">
            <wcet number="0">20</wcet>
            <wcet number="1">20</wcet>
            <maxpow number="0.41738445714431965"/>
            <maxpow number="0.41738445714431965"/>
            <fprob>0.0</fprob>
        </actor>
        <actor name="D0N28">
            <wcet number="0">30</wcet>
            <wcet number="1">30</wcet>
            <maxpow number="0.6032721057620698"/>
            <maxpow number="0.6032721057620698"/>
            <fprob>0.0</fprob>
        </actor>
        <actor name="D0N34">
            <wcet number="0">20</wcet>
            <wcet number="1">30</wcet>
            <maxpow number="0.7292476018321838"/>
            <maxpow number="0.7292476018321838"/>
            <fprob>0.0</fprob>
        </actor>
        <actor name="D0N0">
            <wcet number="0">70</wcet>
            <wcet number="1">120</wcet>
            <maxpow number="0.31013071678250703"/>
            <maxpow number="0.31013071678250703"/>
            <fprob>0.0</fprob>
        </actor>
        <actor name="D0N29">
            <wcet number="0">30</wcet>
            <wcet number="1">60</wcet>
            <maxpow number="0.41758519022081775"/>
            <maxpow number="0.41758519022081775"/>
            <fprob>0.0</fprob>
        </actor>
        <actor name="D0N30">
            <wcet number="0">10</wcet>
            <wcet number="1">370</wcet>
            <maxpow number="0.34979166611150536"/>
            <maxpow number="0.34979166611150536"/>
            <fprob>0.0</fprob>
        </actor>
        <actor name="D0N43">
            <wcet number="0">30</wcet>
            <wcet number="1">30</wcet>
            <maxpow number="0.6029740911551892"/>
            <maxpow number="0.6029740911551892"/>
            <fprob>0.0</fprob>
        </actor>
        <actor name="D0N44">
            <wcet number="0">20</wcet>
            <wcet number="1">30</wcet>
            <maxpow number="0.47099355771758095"/>
            <maxpow number="0.47099355771758095"/>
            <fprob>0.0</fprob>
        </actor>
        <actor name="D0N19">
            <wcet number="0">10</wcet>
            <wcet number="1">30</wcet>
            <maxpow number="0.7600358919483516"/>
            <maxpow number="0.7600358919483516"/>
            <fprob>0.0</fprob>
        </actor>
        <actor name="D0N31">
            <wcet number="0">30</wcet>
            <wcet number="1">210</wcet>
            <maxpow number="0.5086547416161351"/>
            <maxpow number="0.5086547416161351"/>
            <fprob>0.0</fprob>
        </actor>
        <actor name="D0N9">
            <wcet number="0">20</wcet>
            <wcet number="1">190</wcet>
            <maxpow number="0.4198050312733926"/>
            <maxpow number="0.4198050312733926"/>
            <fprob>0.0</fprob>
        </actor>
        <actor name="D0N10">
            <wcet number="0">20</wcet>
            <wcet number="1">80</wcet>
            <maxpow number="0.5612099157941101"/>
            <maxpow number="0.5612099157941101"/>
            <fprob>0.0</fprob>
        </actor>
        <actor name="D0N1">
            <wcet number="0">30</wcet>
            <wcet number="1">30</wcet>
            <maxpow number="0.715760828671543"/>
            <maxpow number="0.715760828671543"/>
            <fprob>0.0</fprob>
        </actor>
        <actor name="D0N12">
            <wcet number="0">50</wcet>
            <wcet number="1">50</wcet>
            <maxpow number="0.6210434318448382"/>
            <maxpow number="0.6210434318448382"/>
            <fprob>0.0</fprob>
        </actor>
        <actor name="D0N40">
            <wcet number="0">10</wcet>
            <wcet number="1">10</wcet>
            <maxpow number="0.9018121164354143"/>
            <maxpow number="0.9018121164354143"/>
            <fprob>0.0</fprob>
        </actor>
        <actor name="D0N3">
            <wcet number="0">70</wcet>
            <wcet number="1">70</wcet>
            <maxpow number="0.4167223794974154"/>
            <maxpow number="0.4167223794974154"/>
            <fprob>0.0</fprob>
        </actor>
        <actor name="D0N36">
            <wcet number="0">50</wcet>
            <wcet number="1">100</wcet>
            <maxpow number="0.504054156537138"/>
            <maxpow number="0.504054156537138"/>
            <fprob>0.0</fprob>
        </actor>
        <actor name="D0N32">
            <wcet number="0">20</wcet>
            <wcet number="1">140</wcet>
            <maxpow number="0.6637676005321149"/>
            <maxpow number="0.6637676005321149"/>
            <fprob>0.0</fprob>
        </actor>
        <actor name="D0N41">
            <wcet number="0">40</wcet>
            <wcet number="1">50</wcet>
            <maxpow number="0.6471741333469967"/>
            <maxpow number="0.6471741333469967"/>
            <fprob>0.0</fprob>
        </actor>
        <actor name="D0N25">
            <wcet number="0">120</wcet>
            <wcet number="1">130</wcet>
            <maxpow number="0.5485869501567999"/>
            <maxpow number="0.5485869501567999"/>
            <fprob>0.0</fprob>
        </actor>
        <actor name="D0N11">
            <wcet number="0">20</wcet>
            <wcet number="1">30</wcet>
            <maxpow number="0.5759554756400554"/>
            <maxpow number="0.5759554756400554"/>
            <fprob>0.0</fprob>
        </actor>
        <actor name="D0N8">
            <wcet number="0">100</wcet>
            <wcet number="1">130</wcet>
            <maxpow number="0.573530216732841"/>
            <maxpow number="0.573530216732841"/>
            <fprob>0.0</fprob>
        </actor>
        <actor name="D0N21">
            <wcet number="0">70</wcet>
            <wcet number="1">100</wcet>
            <maxpow number="0.5066123129185269"/>
            <maxpow number="0.5066123129185269"/>
            <fprob>0.0</fprob>
        </actor>
        <actor name="D0N5">
            <wcet number="0">40</wcet>
            <wcet number="1">60</wcet>
            <maxpow number="0.8401897168188672"/>
            <maxpow number="0.8401897168188672"/>
            <fprob>0.0</fprob>
        </actor>
        <actor name="D0N39">
            <wcet number="0">20</wcet>
            <wcet number="1">120</wcet>
            <maxpow number="0.3454712957881333"/>
            <maxpow number="0.3454712957881333"/>
            <fprob>0.0</fprob>
        </actor>
        <actor name="D0N23">
            <wcet number="0">70</wcet>
            <wcet number="1">70</wcet>
            <maxpow number="0.48093777037283914"/>
            <maxpow number="0.48093777037283914"/>
            <fprob>0.0</fprob>
        </actor>
        <actor name="D0N27">
            <wcet number="0">40</wcet>
            <wcet number="1">140</wcet>
            <maxpow number="0.6500047457290453"/>
            <maxpow number="0.6500047457290453"/>
            <fprob>0.0</fprob>
        </actor>
        <actor name="D0N6">
            <wcet number="0">40</wcet>
            <wcet number="1">70</wcet>
            <maxpow number="0.5211669847851442"/>
            <maxpow number="0.5211669847851442"/>
            <fprob>0.0</fprob>
        </actor>
        <actor name="D0N17">
            <wcet number="0">50</wcet>
            <wcet number="1">320</wcet>
            <maxpow number="0.7385861498748947"/>
            <maxpow number="0.7385861498748947"/>
            <fprob>0.0</fprob>
        </actor>
        <ports>
            <port dstActor="D0N30" name="p0" srcActor="D0N26"/>
            <port dstActor="D0N36" name="p1" srcActor="D0N20"/>
            <port dstActor="D0N43" name="p2" srcActor="D0N20"/>
            <port dstActor="D0N37" name="p3" srcActor="D0N20"/>
            <port dstActor="D0N30" name="p4" srcActor="D0N20"/>
            <port dstActor="D0N43" name="p5" srcActor="D0N7"/>
            <port dstActor="D0N27" name="p6" srcActor="D0N7"/>
            <port dstActor="D0N25" name="p7" srcActor="D0N7"/>
            <port dstActor="D0N37" name="p8" srcActor="D0N7"/>
            <port dstActor="D0N10" name="p9" srcActor="D0N7"/>
            <port dstActor="D0N22" name="p10" srcActor="D0N7"/>
            <port dstActor="D0N29" name="p11" srcActor="D0N18"/>
            <port dstActor="D0N38" name="p12" srcActor="D0N18"/>
            <port dstActor="D0N22" name="p13" srcActor="D0N18"/>
            <port dstActor="D0N33" name="p14" srcActor="D0N24"/>
            <port dstActor="D0N23" name="p15" srcActor="D0N15"/>
            <port dstActor="D0N24" name="p16" srcActor="D0N15"/>
            <port dstActor="D0N26" name="p17" srcActor="D0N15"/>
            <port dstActor="D0N16" name="p18" srcActor="D0N15"/>
            <port dstActor="D0N33" name="p19" srcActor="D0N22"/>
            <port dstActor="D0N25" name="p20" srcActor="D0N22"/>
            <port dstActor="D0N30" name="p21" srcActor="D0N22"/>
            <port dstActor="D0N35" name="p22" srcActor="D0N33"/>
            <port dstActor="D0N41" name="p23" srcActor="D0N33"/>
            <port dstActor="D0N44" name="p24" srcActor="D0N14"/>
            <port dstActor="D0N16" name="p25" srcActor="D0N14"/>
            <port dstActor="D0N30" name="p26" srcActor="D0N14"/>
            <port dstActor="D0N27" name="p27" srcActor="D0N2"/>
            <port dstActor="D0N4" name="p28" srcActor="D0N2"/>
            <port dstActor="D0N31" name="p29" srcActor="D0N13"/>
            <port dstActor="D0N26" name="p30" srcActor="D0N13"/>
            <port dstActor="D0N14" name="p31" srcActor="D0N13"/>
            <port dstActor="D0N37" name="p32" srcActor="D0N16"/>
            <port dstActor="D0N18" name="p33" srcActor="D0N16"/>
            <port dstActor="D0N44" name="p34" srcActor="D0N16"/>
            <port dstActor="D0N33" name="p35" srcActor="D0N28"/>
            <port dstActor="D0N36" name="p36" srcActor="D0N34"/>
            <port dstActor="D0N43" name="p37" srcActor="D0N34"/>
            <port dstActor="D0N14" name="p38" srcActor="D0N0"/>
            <port dstActor="D0N7" name="p39" srcActor="D0N0"/>
            <port dstActor="D0N31" name="p40" srcActor="D0N0"/>
            <port dstActor="D0N43" name="p41" srcActor="D0N0"/>
            <port dstActor="D0N21" name="p42" srcActor="D0N0"/>
            <port dstActor="D0N17" name="p43" srcActor="D0N0"/>
            <port dstActor="D0N42" name="p44" srcActor="D0N29"/>
            <port dstActor="D0N32" name="p45" srcActor="D0N29"/>
            <port dstActor="D0N43" name="p46" srcActor="D0N29"/>
            <port dstActor="D0N43" name="p47" srcActor="D0N30"/>
            <port dstActor="D0N44" name="p48" srcActor="D0N30"/>
            <port dstActor="D0N34" name="p49" srcActor="D0N30"/>
            <port dstActor="D0N38" name="p50" srcActor="D0N19"/>
            <port dstActor="D0N44" name="p51" srcActor="D0N19"/>
            <port dstActor="D0N41" name="p52" srcActor="D0N31"/>
            <port dstActor="D0N18" name="p53" srcActor="D0N9"/>
            <port dstActor="D0N13" name="p54" srcActor="D0N10"/>
            <port dstActor="D0N20" name="p55" srcActor="D0N10"/>
            <port dstActor="D0N31" name="p56" srcActor="D0N10"/>
            <port dstActor="D0N18" name="p57" srcActor="D0N10"/>
            <port dstActor="D0N39" name="p58" srcActor="D0N1"/>
            <port dstActor="D0N40" name="p59" srcActor="D0N1"/>
            <port dstActor="D0N37" name="p60" srcActor="D0N1"/>
            <port dstActor="D0N15" name="p61" srcActor="D0N1"/>
            <port dstActor="D0N7" name="p62" srcActor="D0N1"/>
            <port dstActor="D0N24" name="p63" srcActor="D0N1"/>
            <port dstActor="D0N24" name="p64" srcActor="D0N12"/>
            <port dstActor="D0N36" name="p65" srcActor="D0N12"/>
            <port dstActor="D0N25" name="p66" srcActor="D0N12"/>
            <port dstActor="D0N42" name="p67" srcActor="D0N40"/>
            <port dstActor="D0N27" name="p68" srcActor="D0N3"/>
            <port dstActor="D0N32" name="p69" srcActor="D0N3"/>
            <port dstActor="D0N24" name="p70" srcActor="D0N3"/>
            <port dstActor="D0N13" name="p71" srcActor="D0N3"/>
            <port dstActor="D0N38" name="p72" srcActor="D0N3"/>
            <port dstActor="D0N6" name="p73" srcActor="D0N3"/>
            <port dstActor="D0N38" name="p74" srcActor="D0N36"/>
            <port dstActor="D0N34" name="p75" srcActor="D0N32"/>
            <port dstActor="D0N37" name="p76" srcActor="D0N25"/>
            <port dstActor="D0N20" name="p77" srcActor="D0N11"/>
            <port dstActor="D0N27" name="p78" srcActor="D0N11"/>
            <port dstActor="D0N26" name="p79" srcActor="D0N8"/>
            <port dstActor="D0N23" name="p80" srcActor="D0N8"/>
            <port dstActor="D0N44" name="p81" srcActor="D0N8"/>
            <port dstActor="D0N35" name="p82" srcActor="D0N21"/>
            <port dstActor="D0N25" name="p83" srcActor="D0N21"/>
            <port dstActor="D0N26" name="p84" srcActor="D0N21"/>
            <port dstActor="D0N23" name="p85" srcActor="D0N21"/>
            <port dstActor="D0N28" name="p86" srcActor="D0N21"/>
            <port dstActor="D0N40" name="p87" srcActor="D0N21"/>
            <port dstActor="D0N36" name="p88" srcActor="D0N21"/>
            <port dstActor="D0N37" name="p89" srcActor="D0N5"/>
            <port dstActor="D0N43" name="p90" srcActor="D0N5"/>
            <port dstActor="D0N18" name="p91" srcActor="D0N5"/>
            <port dstActor="D0N38" name="p92" srcActor="D0N5"/>
            <port dstActor="D0N17" name="p93" srcActor="D0N5"/>
            <port dstActor="D0N16" name="p94" srcActor="D0N5"/>
            <port dstActor="D0N43" name="p95" srcActor="D0N39"/>
            <port dstActor="D0N32" name="p96" srcActor="D0N23"/>
            <port dstActor="D0N29" name="p97" srcActor="D0N17"/>
        </ports>
    </mcdag>
    <cores number="2"/>
    <levels number="2"/>
</mcsystem>
