<?xml version="1.0" encoding="UTF-8" standalone="no"?>
<mcsystem>
    <mcdag deadline="2500" name="genned-0-ed-10.0-0">
        <actor name="D0N6">
            <wcet number="0">10</wcet>
            <wcet number="1">50</wcet>
            <maxpow number="0.5406971221622173"/>
            <maxpow number="0.5406971221622173"/>
            <fprob>0.0</fprob>
        </actor>
        <actor name="D0N19">
            <wcet number="0">170</wcet>
            <wcet number="1">170</wcet>
            <maxpow number="1.0765886326697902"/>
            <maxpow number="1.0765886326697902"/>
            <fprob>0.0</fprob>
        </actor>
        <actor name="D0N18">
            <wcet number="0">70</wcet>
            <wcet number="1">80</wcet>
            <maxpow number="0.4821035816069404"/>
            <maxpow number="0.4821035816069404"/>
            <fprob>0.0</fprob>
        </actor>
        <actor name="D0N21">
            <wcet number="0">60</wcet>
            <wcet number="1">130</wcet>
            <maxpow number="0.38778797707573076"/>
            <maxpow number="0.38778797707573076"/>
            <fprob>0.0</fprob>
        </actor>
        <actor name="D0N11">
            <wcet number="0">100</wcet>
            <wcet number="1">210</wcet>
            <maxpow number="0.5034019887247625"/>
            <maxpow number="0.5034019887247625"/>
            <fprob>0.0</fprob>
        </actor>
        <actor name="D0N10">
            <wcet number="0">20</wcet>
            <wcet number="1">20</wcet>
            <maxpow number="0.17263544281125953"/>
            <maxpow number="0.17263544281125953"/>
            <fprob>0.0</fprob>
        </actor>
        <actor name="D0N5">
            <wcet number="0">100</wcet>
            <wcet number="1">190</wcet>
            <maxpow number="0.5464326971435451"/>
            <maxpow number="0.5464326971435451"/>
            <fprob>0.0</fprob>
        </actor>
        <actor name="D0N12">
            <wcet number="0">40</wcet>
            <wcet number="1">130</wcet>
            <maxpow number="0.40127085014377784"/>
            <maxpow number="0.40127085014377784"/>
            <fprob>0.0</fprob>
        </actor>
        <actor name="D0N30">
            <wcet number="0">90</wcet>
            <wcet number="1">150</wcet>
            <maxpow number="0.714706764906353"/>
            <maxpow number="0.714706764906353"/>
            <fprob>0.0</fprob>
        </actor>
        <actor name="D0N13">
            <wcet number="0">30</wcet>
            <wcet number="1">40</wcet>
            <maxpow number="0.860515865416837"/>
            <maxpow number="0.860515865416837"/>
            <fprob>0.0</fprob>
        </actor>
        <actor name="D0N48">
            <wcet number="0">20</wcet>
            <wcet number="1">20</wcet>
            <maxpow number="0.492052268261198"/>
            <maxpow number="0.492052268261198"/>
            <fprob>0.0</fprob>
        </actor>
        <actor name="D0N17">
            <wcet number="0">100</wcet>
            <wcet number="1">140</wcet>
            <maxpow number="0.4889710444134075"/>
            <maxpow number="0.4889710444134075"/>
            <fprob>0.0</fprob>
        </actor>
        <actor name="D0N28">
            <wcet number="0">80</wcet>
            <wcet number="1">110</wcet>
            <maxpow number="0.39619143765691955"/>
            <maxpow number="0.39619143765691955"/>
            <fprob>0.0</fprob>
        </actor>
        <actor name="D0N15">
            <wcet number="0">70</wcet>
            <wcet number="1">80</wcet>
            <maxpow number="0.7777720155010251"/>
            <maxpow number="0.7777720155010251"/>
            <fprob>0.0</fprob>
        </actor>
        <actor name="D0N2">
            <wcet number="0">80</wcet>
            <wcet number="1">150</wcet>
            <maxpow number="0.4714647371841557"/>
            <maxpow number="0.4714647371841557"/>
            <fprob>0.0</fprob>
        </actor>
        <actor name="D0N32">
            <wcet number="0">120</wcet>
            <wcet number="1">300</wcet>
            <maxpow number="0.7518804813021147"/>
            <maxpow number="0.7518804813021147"/>
            <fprob>0.0</fprob>
        </actor>
        <actor name="D0N9">
            <wcet number="0">10</wcet>
            <wcet number="1">10</wcet>
            <maxpow number="0.49300504402832857"/>
            <maxpow number="0.49300504402832857"/>
            <fprob>0.0</fprob>
        </actor>
        <actor name="D0N29">
            <wcet number="0">160</wcet>
            <wcet number="1">260</wcet>
            <maxpow number="0.4349631340705912"/>
            <maxpow number="0.4349631340705912"/>
            <fprob>0.0</fprob>
        </actor>
        <actor name="D0N3">
            <wcet number="0">50</wcet>
            <wcet number="1">100</wcet>
            <maxpow number="0.5472854271973399"/>
            <maxpow number="0.5472854271973399"/>
            <fprob>0.0</fprob>
        </actor>
        <actor name="D0N14">
            <wcet number="0">130</wcet>
            <wcet number="1">200</wcet>
            <maxpow number="0.568815578582717"/>
            <maxpow number="0.568815578582717"/>
            <fprob>0.0</fprob>
        </actor>
        <actor name="D0N7">
            <wcet number="0">20</wcet>
            <wcet number="1">140</wcet>
            <maxpow number="0.7076641617652198"/>
            <maxpow number="0.7076641617652198"/>
            <fprob>0.0</fprob>
        </actor>
        <actor name="D0N36">
            <wcet number="0">90</wcet>
            <wcet number="1">140</wcet>
            <maxpow number="0.6973170174823723"/>
            <maxpow number="0.6973170174823723"/>
            <fprob>0.0</fprob>
        </actor>
        <actor name="D0N22">
            <wcet number="0">30</wcet>
            <wcet number="1">140</wcet>
            <maxpow number="0.44010290816133063"/>
            <maxpow number="0.44010290816133063"/>
            <fprob>0.0</fprob>
        </actor>
        <actor name="D0N42">
            <wcet number="0">20</wcet>
            <wcet number="1">310</wcet>
            <maxpow number="0.8979872306900596"/>
            <maxpow number="0.8979872306900596"/>
            <fprob>0.0</fprob>
        </actor>
        <actor name="D0N44">
            <wcet number="0">150</wcet>
            <wcet number="1">390</wcet>
            <maxpow number="0.4401162724882042"/>
            <maxpow number="0.4401162724882042"/>
            <fprob>0.0</fprob>
        </actor>
        <actor name="D0N26">
            <wcet number="0">40</wcet>
            <wcet number="1">120</wcet>
            <maxpow number="0.47739214785614914"/>
            <maxpow number="0.47739214785614914"/>
            <fprob>0.0</fprob>
        </actor>
        <actor name="D0N33">
            <wcet number="0">10</wcet>
            <wcet number="1">10</wcet>
            <maxpow number="0.8124336083733598"/>
            <maxpow number="0.8124336083733598"/>
            <fprob>0.0</fprob>
        </actor>
        <actor name="D0N4">
            <wcet number="0">60</wcet>
            <wcet number="1">110</wcet>
            <maxpow number="0.6804390732854131"/>
            <maxpow number="0.6804390732854131"/>
            <fprob>0.0</fprob>
        </actor>
        <actor name="D0N49">
            <wcet number="0">100</wcet>
            <wcet number="1">130</wcet>
            <maxpow number="0.6278135665512488"/>
            <maxpow number="0.6278135665512488"/>
            <fprob>0.0</fprob>
        </actor>
        <actor name="D0N8">
            <wcet number="0">170</wcet>
            <wcet number="1">220</wcet>
            <maxpow number="0.6842788507404854"/>
            <maxpow number="0.6842788507404854"/>
            <fprob>0.0</fprob>
        </actor>
        <actor name="D0N39">
            <wcet number="0">10</wcet>
            <wcet number="1">180</wcet>
            <maxpow number="0.4378253646348109"/>
            <maxpow number="0.4378253646348109"/>
            <fprob>0.0</fprob>
        </actor>
        <actor name="D0N31">
            <wcet number="0">30</wcet>
            <wcet number="1">70</wcet>
            <maxpow number="0.6890423208978533"/>
            <maxpow number="0.6890423208978533"/>
            <fprob>0.0</fprob>
        </actor>
        <actor name="D0N0">
            <wcet number="0">50</wcet>
            <wcet number="1">190</wcet>
            <maxpow number="0.5292622588651068"/>
            <maxpow number="0.5292622588651068"/>
            <fprob>0.0</fprob>
        </actor>
        <actor name="D0N1">
            <wcet number="0">190</wcet>
            <wcet number="1">220</wcet>
            <maxpow number="0.7305957225158277"/>
            <maxpow number="0.7305957225158277"/>
            <fprob>0.0</fprob>
        </actor>
        <actor name="D0N20">
            <wcet number="0">60</wcet>
            <wcet number="1">90</wcet>
            <maxpow number="0.2825520067032609"/>
            <maxpow number="0.2825520067032609"/>
            <fprob>0.0</fprob>
        </actor>
        <actor name="D0N41">
            <wcet number="0">10</wcet>
            <wcet number="1">20</wcet>
            <maxpow number="0.557454165481788"/>
            <maxpow number="0.557454165481788"/>
            <fprob>0.0</fprob>
        </actor>
        <actor name="D0N27">
            <wcet number="0">20</wcet>
            <wcet number="1">20</wcet>
            <maxpow number="0.6919430141856208"/>
            <maxpow number="0.6919430141856208"/>
            <fprob>0.0</fprob>
        </actor>
        <actor name="D0N45">
            <wcet number="0">10</wcet>
            <wcet number="1">10</wcet>
            <maxpow number="0.781285167658521"/>
            <maxpow number="0.781285167658521"/>
            <fprob>0.0</fprob>
        </actor>
        <actor name="D0N23">
            <wcet number="0">40</wcet>
            <wcet number="1">230</wcet>
            <maxpow number="0.6252144686859937"/>
            <maxpow number="0.6252144686859937"/>
            <fprob>0.0</fprob>
        </actor>
        <actor name="D0N47">
            <wcet number="0">100</wcet>
            <wcet number="1">130</wcet>
            <maxpow number="1.0486373303038867"/>
            <maxpow number="1.0486373303038867"/>
            <fprob>0.0</fprob>
        </actor>
        <actor name="D0N35">
            <wcet number="0">370</wcet>
            <wcet number="1">450</wcet>
            <maxpow number="0.43222177930212385"/>
            <maxpow number="0.43222177930212385"/>
            <fprob>0.0</fprob>
        </actor>
        <actor name="D0N24">
            <wcet number="0">20</wcet>
            <wcet number="1">50</wcet>
            <maxpow number="0.48058082071398794"/>
            <maxpow number="0.48058082071398794"/>
            <fprob>0.0</fprob>
        </actor>
        <actor name="D0N38">
            <wcet number="0">10</wcet>
            <wcet number="1">110</wcet>
            <maxpow number="0.772041998706098"/>
            <maxpow number="0.772041998706098"/>
            <fprob>0.0</fprob>
        </actor>
        <actor name="D0N25">
            <wcet number="0">10</wcet>
            <wcet number="1">20</wcet>
            <maxpow number="0.2901336340726865"/>
            <maxpow number="0.2901336340726865"/>
            <fprob>0.0</fprob>
        </actor>
        <actor name="D0N46">
            <wcet number="0">20</wcet>
            <wcet number="1">20</wcet>
            <maxpow number="0.7087417818205362"/>
            <maxpow number="0.7087417818205362"/>
            <fprob>0.0</fprob>
        </actor>
        <actor name="D0N43">
            <wcet number="0">90</wcet>
            <wcet number="1">100</wcet>
            <maxpow number="0.4002182592820233"/>
            <maxpow number="0.4002182592820233"/>
            <fprob>0.0</fprob>
        </actor>
        <actor name="D0N37">
            <wcet number="0">90</wcet>
            <wcet number="1">160</wcet>
            <maxpow number="0.6388717837214777"/>
            <maxpow number="0.6388717837214777"/>
            <fprob>0.0</fprob>
        </actor>
        <actor name="D0N16">
            <wcet number="0">20</wcet>
            <wcet number="1">20</wcet>
            <maxpow number="0.6775714999657575"/>
            <maxpow number="0.6775714999657575"/>
            <fprob>0.0</fprob>
        </actor>
        <actor name="D0N40">
            <wcet number="0">320</wcet>
            <wcet number="1">350</wcet>
            <maxpow number="0.6007659294502884"/>
            <maxpow number="0.6007659294502884"/>
            <fprob>0.0</fprob>
        </actor>
        <actor name="D0N34">
            <wcet number="0">50</wcet>
            <wcet number="1">60</wcet>
            <maxpow number="0.8601916410881061"/>
            <maxpow number="0.8601916410881061"/>
            <fprob>0.0</fprob>
        </actor>
        <ports>
            <port dstActor="D0N26" name="p0" srcActor="D0N6"/>
            <port dstActor="D0N7" name="p1" srcActor="D0N6"/>
            <port dstActor="D0N25" name="p2" srcActor="D0N6"/>
            <port dstActor="D0N8" name="p3" srcActor="D0N6"/>
            <port dstActor="D0N12" name="p4" srcActor="D0N6"/>
            <port dstActor="D0N31" name="p5" srcActor="D0N6"/>
            <port dstActor="D0N36" name="p6" srcActor="D0N19"/>
            <port dstActor="D0N24" name="p7" srcActor="D0N19"/>
            <port dstActor="D0N37" name="p8" srcActor="D0N19"/>
            <port dstActor="D0N27" name="p9" srcActor="D0N19"/>
            <port dstActor="D0N48" name="p10" srcActor="D0N18"/>
            <port dstActor="D0N36" name="p11" srcActor="D0N18"/>
            <port dstActor="D0N30" name="p12" srcActor="D0N18"/>
            <port dstActor="D0N21" name="p13" srcActor="D0N11"/>
            <port dstActor="D0N39" name="p14" srcActor="D0N11"/>
            <port dstActor="D0N13" name="p15" srcActor="D0N11"/>
            <port dstActor="D0N48" name="p16" srcActor="D0N11"/>
            <port dstActor="D0N41" name="p17" srcActor="D0N11"/>
            <port dstActor="D0N46" name="p18" srcActor="D0N11"/>
            <port dstActor="D0N33" name="p19" srcActor="D0N11"/>
            <port dstActor="D0N32" name="p20" srcActor="D0N11"/>
            <port dstActor="D0N31" name="p21" srcActor="D0N10"/>
            <port dstActor="D0N28" name="p22" srcActor="D0N10"/>
            <port dstActor="D0N48" name="p23" srcActor="D0N5"/>
            <port dstActor="D0N36" name="p24" srcActor="D0N5"/>
            <port dstActor="D0N28" name="p25" srcActor="D0N5"/>
            <port dstActor="D0N30" name="p26" srcActor="D0N5"/>
            <port dstActor="D0N15" name="p27" srcActor="D0N5"/>
            <port dstActor="D0N17" name="p28" srcActor="D0N5"/>
            <port dstActor="D0N24" name="p29" srcActor="D0N5"/>
            <port dstActor="D0N19" name="p30" srcActor="D0N12"/>
            <port dstActor="D0N45" name="p31" srcActor="D0N12"/>
            <port dstActor="D0N26" name="p32" srcActor="D0N12"/>
            <port dstActor="D0N48" name="p33" srcActor="D0N12"/>
            <port dstActor="D0N42" name="p34" srcActor="D0N30"/>
            <port dstActor="D0N47" name="p35" srcActor="D0N30"/>
            <port dstActor="D0N24" name="p36" srcActor="D0N13"/>
            <port dstActor="D0N18" name="p37" srcActor="D0N13"/>
            <port dstActor="D0N28" name="p38" srcActor="D0N13"/>
            <port dstActor="D0N49" name="p39" srcActor="D0N13"/>
            <port dstActor="D0N14" name="p40" srcActor="D0N13"/>
            <port dstActor="D0N23" name="p41" srcActor="D0N17"/>
            <port dstActor="D0N44" name="p42" srcActor="D0N28"/>
            <port dstActor="D0N29" name="p43" srcActor="D0N28"/>
            <port dstActor="D0N17" name="p44" srcActor="D0N15"/>
            <port dstActor="D0N27" name="p45" srcActor="D0N15"/>
            <port dstActor="D0N21" name="p46" srcActor="D0N15"/>
            <port dstActor="D0N37" name="p47" srcActor="D0N15"/>
            <port dstActor="D0N3" name="p48" srcActor="D0N2"/>
            <port dstActor="D0N39" name="p49" srcActor="D0N2"/>
            <port dstActor="D0N17" name="p50" srcActor="D0N2"/>
            <port dstActor="D0N4" name="p51" srcActor="D0N2"/>
            <port dstActor="D0N11" name="p52" srcActor="D0N2"/>
            <port dstActor="D0N46" name="p53" srcActor="D0N2"/>
            <port dstActor="D0N7" name="p54" srcActor="D0N2"/>
            <port dstActor="D0N37" name="p55" srcActor="D0N2"/>
            <port dstActor="D0N10" name="p56" srcActor="D0N2"/>
            <port dstActor="D0N28" name="p57" srcActor="D0N2"/>
            <port dstActor="D0N18" name="p58" srcActor="D0N2"/>
            <port dstActor="D0N33" name="p59" srcActor="D0N32"/>
            <port dstActor="D0N49" name="p60" srcActor="D0N32"/>
            <port dstActor="D0N25" name="p61" srcActor="D0N9"/>
            <port dstActor="D0N30" name="p62" srcActor="D0N9"/>
            <port dstActor="D0N33" name="p63" srcActor="D0N29"/>
            <port dstActor="D0N37" name="p64" srcActor="D0N29"/>
            <port dstActor="D0N16" name="p65" srcActor="D0N3"/>
            <port dstActor="D0N15" name="p66" srcActor="D0N3"/>
            <port dstActor="D0N45" name="p67" srcActor="D0N3"/>
            <port dstActor="D0N4" name="p68" srcActor="D0N3"/>
            <port dstActor="D0N39" name="p69" srcActor="D0N14"/>
            <port dstActor="D0N43" name="p70" srcActor="D0N14"/>
            <port dstActor="D0N34" name="p71" srcActor="D0N7"/>
            <port dstActor="D0N47" name="p72" srcActor="D0N7"/>
            <port dstActor="D0N14" name="p73" srcActor="D0N7"/>
            <port dstActor="D0N44" name="p74" srcActor="D0N7"/>
            <port dstActor="D0N42" name="p75" srcActor="D0N7"/>
            <port dstActor="D0N47" name="p76" srcActor="D0N36"/>
            <port dstActor="D0N33" name="p77" srcActor="D0N22"/>
            <port dstActor="D0N41" name="p78" srcActor="D0N22"/>
            <port dstActor="D0N29" name="p79" srcActor="D0N26"/>
            <port dstActor="D0N47" name="p80" srcActor="D0N26"/>
            <port dstActor="D0N37" name="p81" srcActor="D0N33"/>
            <port dstActor="D0N38" name="p82" srcActor="D0N33"/>
            <port dstActor="D0N43" name="p83" srcActor="D0N33"/>
            <port dstActor="D0N44" name="p84" srcActor="D0N33"/>
            <port dstActor="D0N24" name="p85" srcActor="D0N4"/>
            <port dstActor="D0N42" name="p86" srcActor="D0N4"/>
            <port dstActor="D0N10" name="p87" srcActor="D0N4"/>
            <port dstActor="D0N6" name="p88" srcActor="D0N4"/>
            <port dstActor="D0N47" name="p89" srcActor="D0N8"/>
            <port dstActor="D0N13" name="p90" srcActor="D0N0"/>
            <port dstActor="D0N5" name="p91" srcActor="D0N0"/>
            <port dstActor="D0N49" name="p92" srcActor="D0N0"/>
            <port dstActor="D0N24" name="p93" srcActor="D0N0"/>
            <port dstActor="D0N8" name="p94" srcActor="D0N0"/>
            <port dstActor="D0N36" name="p95" srcActor="D0N0"/>
            <port dstActor="D0N33" name="p96" srcActor="D0N0"/>
            <port dstActor="D0N33" name="p97" srcActor="D0N1"/>
            <port dstActor="D0N19" name="p98" srcActor="D0N1"/>
            <port dstActor="D0N9" name="p99" srcActor="D0N1"/>
            <port dstActor="D0N41" name="p100" srcActor="D0N20"/>
            <port dstActor="D0N40" name="p101" srcActor="D0N20"/>
            <port dstActor="D0N28" name="p102" srcActor="D0N20"/>
            <port dstActor="D0N43" name="p103" srcActor="D0N20"/>
            <port dstActor="D0N42" name="p104" srcActor="D0N27"/>
            <port dstActor="D0N43" name="p105" srcActor="D0N27"/>
            <port dstActor="D0N36" name="p106" srcActor="D0N35"/>
            <port dstActor="D0N31" name="p107" srcActor="D0N24"/>
            <port dstActor="D0N41" name="p108" srcActor="D0N38"/>
            <port dstActor="D0N42" name="p109" srcActor="D0N25"/>
            <port dstActor="D0N35" name="p110" srcActor="D0N25"/>
            <port dstActor="D0N47" name="p111" srcActor="D0N46"/>
            <port dstActor="D0N20" name="p112" srcActor="D0N16"/>
            <port dstActor="D0N32" name="p113" srcActor="D0N16"/>
            <port dstActor="D0N34" name="p114" srcActor="D0N16"/>
            <port dstActor="D0N19" name="p115" srcActor="D0N16"/>
            <port dstActor="D0N22" name="p116" srcActor="D0N16"/>
            <port dstActor="D0N41" name="p117" srcActor="D0N40"/>
            <port dstActor="D0N49" name="p118" srcActor="D0N40"/>
            <port dstActor="D0N42" name="p119" srcActor="D0N34"/>
            <port dstActor="D0N44" name="p120" srcActor="D0N34"/>
        </ports>
    </mcdag>
    <cores number="3"/>
    <levels number="2"/>
</mcsystem>
