<?xml version="1.0" encoding="UTF-8" standalone="no"?>
<mcsystem>
    <mcdag deadline="2500" name="genned-0-ed-10.0-0">
        <actor name="D0N34">
            <wcet number="0">50</wcet>
            <wcet number="1">60</wcet>
            <maxpow number="0.8576186506454908"/>
            <maxpow number="0.8576186506454908"/>
            <fprob>0.0</fprob>
        </actor>
        <actor name="D0N47">
            <wcet number="0">80</wcet>
            <wcet number="1">130</wcet>
            <maxpow number="0.453495044229714"/>
            <maxpow number="0.453495044229714"/>
            <fprob>0.0</fprob>
        </actor>
        <actor name="D0N48">
            <wcet number="0">100</wcet>
            <wcet number="1">170</wcet>
            <maxpow number="0.7362943443095207"/>
            <maxpow number="0.7362943443095207"/>
            <fprob>0.0</fprob>
        </actor>
        <actor name="D0N42">
            <wcet number="0">50</wcet>
            <wcet number="1">170</wcet>
            <maxpow number="0.7413845266463004"/>
            <maxpow number="0.7413845266463004"/>
            <fprob>0.0</fprob>
        </actor>
        <actor name="D0N29">
            <wcet number="0">70</wcet>
            <wcet number="1">100</wcet>
            <maxpow number="0.4897604977183407"/>
            <maxpow number="0.4897604977183407"/>
            <fprob>0.0</fprob>
        </actor>
        <actor name="D0N33">
            <wcet number="0">30</wcet>
            <wcet number="1">30</wcet>
            <maxpow number="0.4842030822598504"/>
            <maxpow number="0.4842030822598504"/>
            <fprob>0.0</fprob>
        </actor>
        <actor name="D0N5">
            <wcet number="0">160</wcet>
            <wcet number="1">240</wcet>
            <maxpow number="0.7360774772099019"/>
            <maxpow number="0.7360774772099019"/>
            <fprob>0.0</fprob>
        </actor>
        <actor name="D0N45">
            <wcet number="0">50</wcet>
            <wcet number="1">140</wcet>
            <maxpow number="0.8310092077163584"/>
            <maxpow number="0.8310092077163584"/>
            <fprob>0.0</fprob>
        </actor>
        <actor name="D0N8">
            <wcet number="0">40</wcet>
            <wcet number="1">120</wcet>
            <maxpow number="0.6647544749285837"/>
            <maxpow number="0.6647544749285837"/>
            <fprob>0.0</fprob>
        </actor>
        <actor name="D0N11">
            <wcet number="0">110</wcet>
            <wcet number="1">210</wcet>
            <maxpow number="0.3938112041954536"/>
            <maxpow number="0.3938112041954536"/>
            <fprob>0.0</fprob>
        </actor>
        <actor name="D0N38">
            <wcet number="0">10</wcet>
            <wcet number="1">150</wcet>
            <maxpow number="0.30008838996171194"/>
            <maxpow number="0.30008838996171194"/>
            <fprob>0.0</fprob>
        </actor>
        <actor name="D0N0">
            <wcet number="0">30</wcet>
            <wcet number="1">30</wcet>
            <maxpow number="0.6040746847069406"/>
            <maxpow number="0.6040746847069406"/>
            <fprob>0.0</fprob>
        </actor>
        <actor name="D0N28">
            <wcet number="0">70</wcet>
            <wcet number="1">70</wcet>
            <maxpow number="0.37176803825035454"/>
            <maxpow number="0.37176803825035454"/>
            <fprob>0.0</fprob>
        </actor>
        <actor name="D0N16">
            <wcet number="0">20</wcet>
            <wcet number="1">80</wcet>
            <maxpow number="0.651166283442777"/>
            <maxpow number="0.651166283442777"/>
            <fprob>0.0</fprob>
        </actor>
        <actor name="D0N41">
            <wcet number="0">110</wcet>
            <wcet number="1">140</wcet>
            <maxpow number="0.7730183807403916"/>
            <maxpow number="0.7730183807403916"/>
            <fprob>0.0</fprob>
        </actor>
        <actor name="D0N26">
            <wcet number="0">40</wcet>
            <wcet number="1">40</wcet>
            <maxpow number="0.6676299323494919"/>
            <maxpow number="0.6676299323494919"/>
            <fprob>0.0</fprob>
        </actor>
        <actor name="D0N20">
            <wcet number="0">10</wcet>
            <wcet number="1">50</wcet>
            <maxpow number="0.7919996959275222"/>
            <maxpow number="0.7919996959275222"/>
            <fprob>0.0</fprob>
        </actor>
        <actor name="D0N22">
            <wcet number="0">80</wcet>
            <wcet number="1">210</wcet>
            <maxpow number="0.3011659150370386"/>
            <maxpow number="0.3011659150370386"/>
            <fprob>0.0</fprob>
        </actor>
        <actor name="D0N31">
            <wcet number="0">140</wcet>
            <wcet number="1">430</wcet>
            <maxpow number="0.6173128765690357"/>
            <maxpow number="0.6173128765690357"/>
            <fprob>0.0</fprob>
        </actor>
        <actor name="D0N2">
            <wcet number="0">80</wcet>
            <wcet number="1">90</wcet>
            <maxpow number="0.4388594805568973"/>
            <maxpow number="0.4388594805568973"/>
            <fprob>0.0</fprob>
        </actor>
        <actor name="D0N6">
            <wcet number="0">190</wcet>
            <wcet number="1">210</wcet>
            <maxpow number="0.7712580929381574"/>
            <maxpow number="0.7712580929381574"/>
            <fprob>0.0</fprob>
        </actor>
        <actor name="D0N14">
            <wcet number="0">30</wcet>
            <wcet number="1">30</wcet>
            <maxpow number="0.41884337425313156"/>
            <maxpow number="0.41884337425313156"/>
            <fprob>0.0</fprob>
        </actor>
        <actor name="D0N40">
            <wcet number="0">30</wcet>
            <wcet number="1">40</wcet>
            <maxpow number="0.3974631257900805"/>
            <maxpow number="0.3974631257900805"/>
            <fprob>0.0</fprob>
        </actor>
        <actor name="D0N3">
            <wcet number="0">20</wcet>
            <wcet number="1">20</wcet>
            <maxpow number="0.5118976942268251"/>
            <maxpow number="0.5118976942268251"/>
            <fprob>0.0</fprob>
        </actor>
        <actor name="D0N44">
            <wcet number="0">50</wcet>
            <wcet number="1">240</wcet>
            <maxpow number="0.6336649217936787"/>
            <maxpow number="0.6336649217936787"/>
            <fprob>0.0</fprob>
        </actor>
        <actor name="D0N37">
            <wcet number="0">80</wcet>
            <wcet number="1">80</wcet>
            <maxpow number="0.44258889491262443"/>
            <maxpow number="0.44258889491262443"/>
            <fprob>0.0</fprob>
        </actor>
        <actor name="D0N43">
            <wcet number="0">10</wcet>
            <wcet number="1">10</wcet>
            <maxpow number="0.5870620343677528"/>
            <maxpow number="0.5870620343677528"/>
            <fprob>0.0</fprob>
        </actor>
        <actor name="D0N10">
            <wcet number="0">10</wcet>
            <wcet number="1">50</wcet>
            <maxpow number="0.44287374380232913"/>
            <maxpow number="0.44287374380232913"/>
            <fprob>0.0</fprob>
        </actor>
        <actor name="D0N39">
            <wcet number="0">40</wcet>
            <wcet number="1">40</wcet>
            <maxpow number="0.7062749665474489"/>
            <maxpow number="0.7062749665474489"/>
            <fprob>0.0</fprob>
        </actor>
        <actor name="D0N30">
            <wcet number="0">350</wcet>
            <wcet number="1">500</wcet>
            <maxpow number="0.6924940222835139"/>
            <maxpow number="0.6924940222835139"/>
            <fprob>0.0</fprob>
        </actor>
        <actor name="D0N17">
            <wcet number="0">30</wcet>
            <wcet number="1">30</wcet>
            <maxpow number="0.6538262316896651"/>
            <maxpow number="0.6538262316896651"/>
            <fprob>0.0</fprob>
        </actor>
        <actor name="D0N15">
            <wcet number="0">10</wcet>
            <wcet number="1">50</wcet>
            <maxpow number="0.35283719586850887"/>
            <maxpow number="0.35283719586850887"/>
            <fprob>0.0</fprob>
        </actor>
        <actor name="D0N1">
            <wcet number="0">30</wcet>
            <wcet number="1">30</wcet>
            <maxpow number="0.8204028764343215"/>
            <maxpow number="0.8204028764343215"/>
            <fprob>0.0</fprob>
        </actor>
        <actor name="D0N18">
            <wcet number="0">60</wcet>
            <wcet number="1">60</wcet>
            <maxpow number="0.4790969896526005"/>
            <maxpow number="0.4790969896526005"/>
            <fprob>0.0</fprob>
        </actor>
        <actor name="D0N32">
            <wcet number="0">110</wcet>
            <wcet number="1">150</wcet>
            <maxpow number="0.5956849915745154"/>
            <maxpow number="0.5956849915745154"/>
            <fprob>0.0</fprob>
        </actor>
        <actor name="D0N21">
            <wcet number="0">10</wcet>
            <wcet number="1">10</wcet>
            <maxpow number="0.6359277449100853"/>
            <maxpow number="0.6359277449100853"/>
            <fprob>0.0</fprob>
        </actor>
        <actor name="D0N19">
            <wcet number="0">50</wcet>
            <wcet number="1">100</wcet>
            <maxpow number="0.4922547724307634"/>
            <maxpow number="0.4922547724307634"/>
            <fprob>0.0</fprob>
        </actor>
        <actor name="D0N13">
            <wcet number="0">70</wcet>
            <wcet number="1">110</wcet>
            <maxpow number="0.42835782152170815"/>
            <maxpow number="0.42835782152170815"/>
            <fprob>0.0</fprob>
        </actor>
        <actor name="D0N35">
            <wcet number="0">70</wcet>
            <wcet number="1">90</wcet>
            <maxpow number="0.7410650290828487"/>
            <maxpow number="0.7410650290828487"/>
            <fprob>0.0</fprob>
        </actor>
        <actor name="D0N46">
            <wcet number="0">10</wcet>
            <wcet number="1">10</wcet>
            <maxpow number="0.46091091590435584"/>
            <maxpow number="0.46091091590435584"/>
            <fprob>0.0</fprob>
        </actor>
        <actor name="D0N23">
            <wcet number="0">100</wcet>
            <wcet number="1">150</wcet>
            <maxpow number="0.4363821887277599"/>
            <maxpow number="0.4363821887277599"/>
            <fprob>0.0</fprob>
        </actor>
        <actor name="D0N25">
            <wcet number="0">30</wcet>
            <wcet number="1">30</wcet>
            <maxpow number="0.35796069634444766"/>
            <maxpow number="0.35796069634444766"/>
            <fprob>0.0</fprob>
        </actor>
        <actor name="D0N36">
            <wcet number="0">20</wcet>
            <wcet number="1">30</wcet>
            <maxpow number="0.496015373002104"/>
            <maxpow number="0.496015373002104"/>
            <fprob>0.0</fprob>
        </actor>
        <actor name="D0N9">
            <wcet number="0">30</wcet>
            <wcet number="1">150</wcet>
            <maxpow number="0.7319290712585326"/>
            <maxpow number="0.7319290712585326"/>
            <fprob>0.0</fprob>
        </actor>
        <actor name="D0N4">
            <wcet number="0">180</wcet>
            <wcet number="1">220</wcet>
            <maxpow number="0.5309707901145619"/>
            <maxpow number="0.5309707901145619"/>
            <fprob>0.0</fprob>
        </actor>
        <actor name="D0N7">
            <wcet number="0">90</wcet>
            <wcet number="1">110</wcet>
            <maxpow number="0.48930968050594975"/>
            <maxpow number="0.48930968050594975"/>
            <fprob>0.0</fprob>
        </actor>
        <actor name="D0N24">
            <wcet number="0">80</wcet>
            <wcet number="1">110</wcet>
            <maxpow number="0.3724547776279605"/>
            <maxpow number="0.3724547776279605"/>
            <fprob>0.0</fprob>
        </actor>
        <actor name="D0N27">
            <wcet number="0">30</wcet>
            <wcet number="1">140</wcet>
            <maxpow number="0.8048664771379277"/>
            <maxpow number="0.8048664771379277"/>
            <fprob>0.0</fprob>
        </actor>
        <actor name="D0N12">
            <wcet number="0">40</wcet>
            <wcet number="1">40</wcet>
            <maxpow number="0.4199807817090434"/>
            <maxpow number="0.4199807817090434"/>
            <fprob>0.0</fprob>
        </actor>
        <ports>
            <port dstActor="D0N39" name="p0" srcActor="D0N34"/>
            <port dstActor="D0N47" name="p1" srcActor="D0N33"/>
            <port dstActor="D0N13" name="p2" srcActor="D0N5"/>
            <port dstActor="D0N12" name="p3" srcActor="D0N5"/>
            <port dstActor="D0N14" name="p4" srcActor="D0N5"/>
            <port dstActor="D0N17" name="p5" srcActor="D0N5"/>
            <port dstActor="D0N24" name="p6" srcActor="D0N5"/>
            <port dstActor="D0N7" name="p7" srcActor="D0N5"/>
            <port dstActor="D0N11" name="p8" srcActor="D0N5"/>
            <port dstActor="D0N42" name="p9" srcActor="D0N8"/>
            <port dstActor="D0N32" name="p10" srcActor="D0N8"/>
            <port dstActor="D0N10" name="p11" srcActor="D0N8"/>
            <port dstActor="D0N30" name="p12" srcActor="D0N8"/>
            <port dstActor="D0N44" name="p13" srcActor="D0N11"/>
            <port dstActor="D0N33" name="p14" srcActor="D0N11"/>
            <port dstActor="D0N26" name="p15" srcActor="D0N11"/>
            <port dstActor="D0N31" name="p16" srcActor="D0N11"/>
            <port dstActor="D0N41" name="p17" srcActor="D0N38"/>
            <port dstActor="D0N22" name="p18" srcActor="D0N0"/>
            <port dstActor="D0N41" name="p19" srcActor="D0N0"/>
            <port dstActor="D0N37" name="p20" srcActor="D0N0"/>
            <port dstActor="D0N24" name="p21" srcActor="D0N0"/>
            <port dstActor="D0N43" name="p22" srcActor="D0N28"/>
            <port dstActor="D0N46" name="p23" srcActor="D0N16"/>
            <port dstActor="D0N40" name="p24" srcActor="D0N26"/>
            <port dstActor="D0N36" name="p25" srcActor="D0N26"/>
            <port dstActor="D0N48" name="p26" srcActor="D0N26"/>
            <port dstActor="D0N47" name="p27" srcActor="D0N20"/>
            <port dstActor="D0N45" name="p28" srcActor="D0N20"/>
            <port dstActor="D0N32" name="p29" srcActor="D0N20"/>
            <port dstActor="D0N28" name="p30" srcActor="D0N20"/>
            <port dstActor="D0N48" name="p31" srcActor="D0N22"/>
            <port dstActor="D0N48" name="p32" srcActor="D0N31"/>
            <port dstActor="D0N46" name="p33" srcActor="D0N31"/>
            <port dstActor="D0N35" name="p34" srcActor="D0N31"/>
            <port dstActor="D0N41" name="p35" srcActor="D0N2"/>
            <port dstActor="D0N38" name="p36" srcActor="D0N2"/>
            <port dstActor="D0N35" name="p37" srcActor="D0N2"/>
            <port dstActor="D0N42" name="p38" srcActor="D0N2"/>
            <port dstActor="D0N33" name="p39" srcActor="D0N2"/>
            <port dstActor="D0N40" name="p40" srcActor="D0N6"/>
            <port dstActor="D0N36" name="p41" srcActor="D0N14"/>
            <port dstActor="D0N29" name="p42" srcActor="D0N14"/>
            <port dstActor="D0N43" name="p43" srcActor="D0N14"/>
            <port dstActor="D0N46" name="p44" srcActor="D0N40"/>
            <port dstActor="D0N12" name="p45" srcActor="D0N3"/>
            <port dstActor="D0N22" name="p46" srcActor="D0N3"/>
            <port dstActor="D0N18" name="p47" srcActor="D0N3"/>
            <port dstActor="D0N39" name="p48" srcActor="D0N37"/>
            <port dstActor="D0N40" name="p49" srcActor="D0N37"/>
            <port dstActor="D0N13" name="p50" srcActor="D0N10"/>
            <port dstActor="D0N24" name="p51" srcActor="D0N10"/>
            <port dstActor="D0N42" name="p52" srcActor="D0N10"/>
            <port dstActor="D0N18" name="p53" srcActor="D0N10"/>
            <port dstActor="D0N41" name="p54" srcActor="D0N39"/>
            <port dstActor="D0N34" name="p55" srcActor="D0N30"/>
            <port dstActor="D0N36" name="p56" srcActor="D0N30"/>
            <port dstActor="D0N37" name="p57" srcActor="D0N30"/>
            <port dstActor="D0N48" name="p58" srcActor="D0N30"/>
            <port dstActor="D0N23" name="p59" srcActor="D0N17"/>
            <port dstActor="D0N43" name="p60" srcActor="D0N17"/>
            <port dstActor="D0N22" name="p61" srcActor="D0N17"/>
            <port dstActor="D0N42" name="p62" srcActor="D0N15"/>
            <port dstActor="D0N47" name="p63" srcActor="D0N15"/>
            <port dstActor="D0N28" name="p64" srcActor="D0N15"/>
            <port dstActor="D0N24" name="p65" srcActor="D0N15"/>
            <port dstActor="D0N35" name="p66" srcActor="D0N1"/>
            <port dstActor="D0N11" name="p67" srcActor="D0N1"/>
            <port dstActor="D0N24" name="p68" srcActor="D0N1"/>
            <port dstActor="D0N44" name="p69" srcActor="D0N1"/>
            <port dstActor="D0N46" name="p70" srcActor="D0N1"/>
            <port dstActor="D0N39" name="p71" srcActor="D0N1"/>
            <port dstActor="D0N43" name="p72" srcActor="D0N32"/>
            <port dstActor="D0N46" name="p73" srcActor="D0N32"/>
            <port dstActor="D0N34" name="p74" srcActor="D0N32"/>
            <port dstActor="D0N47" name="p75" srcActor="D0N32"/>
            <port dstActor="D0N33" name="p76" srcActor="D0N21"/>
            <port dstActor="D0N35" name="p77" srcActor="D0N21"/>
            <port dstActor="D0N40" name="p78" srcActor="D0N21"/>
            <port dstActor="D0N46" name="p79" srcActor="D0N21"/>
            <port dstActor="D0N31" name="p80" srcActor="D0N19"/>
            <port dstActor="D0N24" name="p81" srcActor="D0N19"/>
            <port dstActor="D0N28" name="p82" srcActor="D0N19"/>
            <port dstActor="D0N39" name="p83" srcActor="D0N19"/>
            <port dstActor="D0N25" name="p84" srcActor="D0N13"/>
            <port dstActor="D0N34" name="p85" srcActor="D0N13"/>
            <port dstActor="D0N41" name="p86" srcActor="D0N35"/>
            <port dstActor="D0N25" name="p87" srcActor="D0N23"/>
            <port dstActor="D0N42" name="p88" srcActor="D0N23"/>
            <port dstActor="D0N26" name="p89" srcActor="D0N25"/>
            <port dstActor="D0N35" name="p90" srcActor="D0N25"/>
            <port dstActor="D0N39" name="p91" srcActor="D0N36"/>
            <port dstActor="D0N12" name="p92" srcActor="D0N9"/>
            <port dstActor="D0N39" name="p93" srcActor="D0N9"/>
            <port dstActor="D0N37" name="p94" srcActor="D0N9"/>
            <port dstActor="D0N48" name="p95" srcActor="D0N9"/>
            <port dstActor="D0N37" name="p96" srcActor="D0N4"/>
            <port dstActor="D0N11" name="p97" srcActor="D0N4"/>
            <port dstActor="D0N20" name="p98" srcActor="D0N4"/>
            <port dstActor="D0N5" name="p99" srcActor="D0N4"/>
            <port dstActor="D0N22" name="p100" srcActor="D0N4"/>
            <port dstActor="D0N8" name="p101" srcActor="D0N7"/>
            <port dstActor="D0N19" name="p102" srcActor="D0N7"/>
            <port dstActor="D0N20" name="p103" srcActor="D0N7"/>
            <port dstActor="D0N37" name="p104" srcActor="D0N7"/>
            <port dstActor="D0N33" name="p105" srcActor="D0N24"/>
            <port dstActor="D0N40" name="p106" srcActor="D0N27"/>
            <port dstActor="D0N45" name="p107" srcActor="D0N27"/>
            <port dstActor="D0N33" name="p108" srcActor="D0N27"/>
            <port dstActor="D0N19" name="p109" srcActor="D0N12"/>
            <port dstActor="D0N26" name="p110" srcActor="D0N12"/>
            <port dstActor="D0N46" name="p111" srcActor="D0N12"/>
            <port dstActor="D0N45" name="p112" srcActor="D0N12"/>
        </ports>
    </mcdag>
    <cores number="3"/>
    <levels number="2"/>
</mcsystem>
