<?xml version="1.0" encoding="UTF-8" standalone="no"?>
<mcsystem>
    <mcdag deadline="1200" name="genned-0-ed-10.0-0">
        <actor name="D0N17">
            <wcet number="0">10</wcet>
            <wcet number="1">20</wcet>
            <maxpow number="0.5833918813387408"/>
            <maxpow number="0.5833918813387408"/>
            <fprob>0.0</fprob>
        </actor>
        <actor name="D0N30">
            <wcet number="0">10</wcet>
            <wcet number="1">30</wcet>
            <maxpow number="0.15945391993147356"/>
            <maxpow number="0.15945391993147356"/>
            <fprob>0.0</fprob>
        </actor>
        <actor name="D0N6">
            <wcet number="0">20</wcet>
            <wcet number="1">20</wcet>
            <maxpow number="0.4422822741492123"/>
            <maxpow number="0.4422822741492123"/>
            <fprob>0.0</fprob>
        </actor>
        <actor name="D0N7">
            <wcet number="0">10</wcet>
            <wcet number="1">30</wcet>
            <maxpow number="0.3860347237822528"/>
            <maxpow number="0.3860347237822528"/>
            <fprob>0.0</fprob>
        </actor>
        <actor name="D0N44">
            <wcet number="0">10</wcet>
            <wcet number="1">10</wcet>
            <maxpow number="0.5020701505293914"/>
            <maxpow number="0.5020701505293914"/>
            <fprob>0.0</fprob>
        </actor>
        <actor name="D0N20">
            <wcet number="0">120</wcet>
            <wcet number="1">330</wcet>
            <maxpow number="0.6995144775418123"/>
            <maxpow number="0.6995144775418123"/>
            <fprob>0.0</fprob>
        </actor>
        <actor name="D0N27">
            <wcet number="0">10</wcet>
            <wcet number="1">10</wcet>
            <maxpow number="0.48560685444131757"/>
            <maxpow number="0.48560685444131757"/>
            <fprob>0.0</fprob>
        </actor>
        <actor name="D0N37">
            <wcet number="0">20</wcet>
            <wcet number="1">20</wcet>
            <maxpow number="0.7662002168951358"/>
            <maxpow number="0.7662002168951358"/>
            <fprob>0.0</fprob>
        </actor>
        <actor name="D0N8">
            <wcet number="0">50</wcet>
            <wcet number="1">50</wcet>
            <maxpow number="0.4403111075565214"/>
            <maxpow number="0.4403111075565214"/>
            <fprob>0.0</fprob>
        </actor>
        <actor name="D0N40">
            <wcet number="0">30</wcet>
            <wcet number="1">50</wcet>
            <maxpow number="0.33170527431008995"/>
            <maxpow number="0.33170527431008995"/>
            <fprob>0.0</fprob>
        </actor>
        <actor name="D0N9">
            <wcet number="0">10</wcet>
            <wcet number="1">10</wcet>
            <maxpow number="0.3704881633839896"/>
            <maxpow number="0.3704881633839896"/>
            <fprob>0.0</fprob>
        </actor>
        <actor name="D0N24">
            <wcet number="0">20</wcet>
            <wcet number="1">20</wcet>
            <maxpow number="0.4722297169112956"/>
            <maxpow number="0.4722297169112956"/>
            <fprob>0.0</fprob>
        </actor>
        <actor name="D0N33">
            <wcet number="0">140</wcet>
            <wcet number="1">210</wcet>
            <maxpow number="0.2883342493649022"/>
            <maxpow number="0.2883342493649022"/>
            <fprob>0.0</fprob>
        </actor>
        <actor name="D0N5">
            <wcet number="0">10</wcet>
            <wcet number="1">20</wcet>
            <maxpow number="0.7277990869798332"/>
            <maxpow number="0.7277990869798332"/>
            <fprob>0.0</fprob>
        </actor>
        <actor name="D0N25">
            <wcet number="0">60</wcet>
            <wcet number="1">120</wcet>
            <maxpow number="0.5073196180287148"/>
            <maxpow number="0.5073196180287148"/>
            <fprob>0.0</fprob>
        </actor>
        <actor name="D0N16">
            <wcet number="0">40</wcet>
            <wcet number="1">40</wcet>
            <maxpow number="0.329854754389566"/>
            <maxpow number="0.329854754389566"/>
            <fprob>0.0</fprob>
        </actor>
        <actor name="D0N23">
            <wcet number="0">20</wcet>
            <wcet number="1">40</wcet>
            <maxpow number="0.576687442088411"/>
            <maxpow number="0.576687442088411"/>
            <fprob>0.0</fprob>
        </actor>
        <actor name="D0N10">
            <wcet number="0">20</wcet>
            <wcet number="1">40</wcet>
            <maxpow number="0.34655040838618106"/>
            <maxpow number="0.34655040838618106"/>
            <fprob>0.0</fprob>
        </actor>
        <actor name="D0N2">
            <wcet number="0">30</wcet>
            <wcet number="1">30</wcet>
            <maxpow number="0.5486396870789639"/>
            <maxpow number="0.5486396870789639"/>
            <fprob>0.0</fprob>
        </actor>
        <actor name="D0N3">
            <wcet number="0">20</wcet>
            <wcet number="1">60</wcet>
            <maxpow number="0.7593488625165853"/>
            <maxpow number="0.7593488625165853"/>
            <fprob>0.0</fprob>
        </actor>
        <actor name="D0N32">
            <wcet number="0">10</wcet>
            <wcet number="1">20</wcet>
            <maxpow number="0.5253259032744735"/>
            <maxpow number="0.5253259032744735"/>
            <fprob>0.0</fprob>
        </actor>
        <actor name="D0N15">
            <wcet number="0">40</wcet>
            <wcet number="1">60</wcet>
            <maxpow number="0.4679359437096844"/>
            <maxpow number="0.4679359437096844"/>
            <fprob>0.0</fprob>
        </actor>
        <actor name="D0N1">
            <wcet number="0">40</wcet>
            <wcet number="1">50</wcet>
            <maxpow number="0.4556586468554743"/>
            <maxpow number="0.4556586468554743"/>
            <fprob>0.0</fprob>
        </actor>
        <actor name="D0N47">
            <wcet number="0">20</wcet>
            <wcet number="1">40</wcet>
            <maxpow number="0.3519161746981357"/>
            <maxpow number="0.3519161746981357"/>
            <fprob>0.0</fprob>
        </actor>
        <actor name="D0N14">
            <wcet number="0">10</wcet>
            <wcet number="1">10</wcet>
            <maxpow number="0.5156255599296745"/>
            <maxpow number="0.5156255599296745"/>
            <fprob>0.0</fprob>
        </actor>
        <actor name="D0N48">
            <wcet number="0">20</wcet>
            <wcet number="1">60</wcet>
            <maxpow number="0.41321038277584476"/>
            <maxpow number="0.41321038277584476"/>
            <fprob>0.0</fprob>
        </actor>
        <actor name="D0N43">
            <wcet number="0">20</wcet>
            <wcet number="1">50</wcet>
            <maxpow number="0.7042672630304506"/>
            <maxpow number="0.7042672630304506"/>
            <fprob>0.0</fprob>
        </actor>
        <actor name="D0N45">
            <wcet number="0">10</wcet>
            <wcet number="1">10</wcet>
            <maxpow number="0.8333890931813593"/>
            <maxpow number="0.8333890931813593"/>
            <fprob>0.0</fprob>
        </actor>
        <actor name="D0N12">
            <wcet number="0">20</wcet>
            <wcet number="1">20</wcet>
            <maxpow number="0.5977999645744038"/>
            <maxpow number="0.5977999645744038"/>
            <fprob>0.0</fprob>
        </actor>
        <actor name="D0N39">
            <wcet number="0">40</wcet>
            <wcet number="1">70</wcet>
            <maxpow number="0.34082554903043283"/>
            <maxpow number="0.34082554903043283"/>
            <fprob>0.0</fprob>
        </actor>
        <actor name="D0N28">
            <wcet number="0">20</wcet>
            <wcet number="1">50</wcet>
            <maxpow number="0.40311413216025427"/>
            <maxpow number="0.40311413216025427"/>
            <fprob>0.0</fprob>
        </actor>
        <actor name="D0N11">
            <wcet number="0">30</wcet>
            <wcet number="1">60</wcet>
            <maxpow number="0.4923395978622427"/>
            <maxpow number="0.4923395978622427"/>
            <fprob>0.0</fprob>
        </actor>
        <actor name="D0N41">
            <wcet number="0">20</wcet>
            <wcet number="1">20</wcet>
            <maxpow number="0.7426610877911145"/>
            <maxpow number="0.7426610877911145"/>
            <fprob>0.0</fprob>
        </actor>
        <actor name="D0N4">
            <wcet number="0">30</wcet>
            <wcet number="1">40</wcet>
            <maxpow number="0.5312574258820567"/>
            <maxpow number="0.5312574258820567"/>
            <fprob>0.0</fprob>
        </actor>
        <actor name="D0N21">
            <wcet number="0">40</wcet>
            <wcet number="1">110</wcet>
            <maxpow number="0.7267763107505154"/>
            <maxpow number="0.7267763107505154"/>
            <fprob>0.0</fprob>
        </actor>
        <actor name="D0N29">
            <wcet number="0">20</wcet>
            <wcet number="1">20</wcet>
            <maxpow number="0.38443319813973875"/>
            <maxpow number="0.38443319813973875"/>
            <fprob>0.0</fprob>
        </actor>
        <actor name="D0N34">
            <wcet number="0">10</wcet>
            <wcet number="1">30</wcet>
            <maxpow number="0.5543095168718046"/>
            <maxpow number="0.5543095168718046"/>
            <fprob>0.0</fprob>
        </actor>
        <actor name="D0N19">
            <wcet number="0">60</wcet>
            <wcet number="1">120</wcet>
            <maxpow number="0.5194140538516719"/>
            <maxpow number="0.5194140538516719"/>
            <fprob>0.0</fprob>
        </actor>
        <actor name="D0N13">
            <wcet number="0">140</wcet>
            <wcet number="1">220</wcet>
            <maxpow number="0.3756060372569176"/>
            <maxpow number="0.3756060372569176"/>
            <fprob>0.0</fprob>
        </actor>
        <actor name="D0N26">
            <wcet number="0">40</wcet>
            <wcet number="1">50</wcet>
            <maxpow number="0.15035640505411374"/>
            <maxpow number="0.15035640505411374"/>
            <fprob>0.0</fprob>
        </actor>
        <actor name="D0N18">
            <wcet number="0">10</wcet>
            <wcet number="1">30</wcet>
            <maxpow number="0.6021953782456063"/>
            <maxpow number="0.6021953782456063"/>
            <fprob>0.0</fprob>
        </actor>
        <actor name="D0N36">
            <wcet number="0">60</wcet>
            <wcet number="1">80</wcet>
            <maxpow number="0.7156710766805062"/>
            <maxpow number="0.7156710766805062"/>
            <fprob>0.0</fprob>
        </actor>
        <actor name="D0N42">
            <wcet number="0">10</wcet>
            <wcet number="1">10</wcet>
            <maxpow number="0.6884898757523314"/>
            <maxpow number="0.6884898757523314"/>
            <fprob>0.0</fprob>
        </actor>
        <actor name="D0N38">
            <wcet number="0">30</wcet>
            <wcet number="1">70</wcet>
            <maxpow number="0.44730064514531875"/>
            <maxpow number="0.44730064514531875"/>
            <fprob>0.0</fprob>
        </actor>
        <actor name="D0N22">
            <wcet number="0">10</wcet>
            <wcet number="1">10</wcet>
            <maxpow number="0.24980683993591202"/>
            <maxpow number="0.24980683993591202"/>
            <fprob>0.0</fprob>
        </actor>
        <actor name="D0N35">
            <wcet number="0">20</wcet>
            <wcet number="1">30</wcet>
            <maxpow number="0.4881040673476254"/>
            <maxpow number="0.4881040673476254"/>
            <fprob>0.0</fprob>
        </actor>
        <actor name="D0N46">
            <wcet number="0">20</wcet>
            <wcet number="1">40</wcet>
            <maxpow number="0.9427677391687614"/>
            <maxpow number="0.9427677391687614"/>
            <fprob>0.0</fprob>
        </actor>
        <actor name="D0N31">
            <wcet number="0">10</wcet>
            <wcet number="1">10</wcet>
            <maxpow number="0.715254646734288"/>
            <maxpow number="0.715254646734288"/>
            <fprob>0.0</fprob>
        </actor>
        <actor name="D0N0">
            <wcet number="0">50</wcet>
            <wcet number="1">90</wcet>
            <maxpow number="0.11546539706006786"/>
            <maxpow number="0.11546539706006786"/>
            <fprob>0.0</fprob>
        </actor>
        <ports>
            <port dstActor="D0N27" name="p0" srcActor="D0N17"/>
            <port dstActor="D0N33" name="p1" srcActor="D0N17"/>
            <port dstActor="D0N37" name="p2" srcActor="D0N17"/>
            <port dstActor="D0N36" name="p3" srcActor="D0N30"/>
            <port dstActor="D0N9" name="p4" srcActor="D0N6"/>
            <port dstActor="D0N42" name="p5" srcActor="D0N6"/>
            <port dstActor="D0N34" name="p6" srcActor="D0N6"/>
            <port dstActor="D0N20" name="p7" srcActor="D0N6"/>
            <port dstActor="D0N40" name="p8" srcActor="D0N6"/>
            <port dstActor="D0N26" name="p9" srcActor="D0N7"/>
            <port dstActor="D0N8" name="p10" srcActor="D0N7"/>
            <port dstActor="D0N47" name="p11" srcActor="D0N7"/>
            <port dstActor="D0N18" name="p12" srcActor="D0N7"/>
            <port dstActor="D0N11" name="p13" srcActor="D0N7"/>
            <port dstActor="D0N29" name="p14" srcActor="D0N20"/>
            <port dstActor="D0N31" name="p15" srcActor="D0N20"/>
            <port dstActor="D0N46" name="p16" srcActor="D0N20"/>
            <port dstActor="D0N44" name="p17" srcActor="D0N27"/>
            <port dstActor="D0N33" name="p18" srcActor="D0N27"/>
            <port dstActor="D0N47" name="p19" srcActor="D0N37"/>
            <port dstActor="D0N15" name="p20" srcActor="D0N8"/>
            <port dstActor="D0N24" name="p21" srcActor="D0N8"/>
            <port dstActor="D0N43" name="p22" srcActor="D0N8"/>
            <port dstActor="D0N44" name="p23" srcActor="D0N8"/>
            <port dstActor="D0N34" name="p24" srcActor="D0N8"/>
            <port dstActor="D0N41" name="p25" srcActor="D0N8"/>
            <port dstActor="D0N46" name="p26" srcActor="D0N40"/>
            <port dstActor="D0N17" name="p27" srcActor="D0N9"/>
            <port dstActor="D0N32" name="p28" srcActor="D0N9"/>
            <port dstActor="D0N11" name="p29" srcActor="D0N9"/>
            <port dstActor="D0N33" name="p30" srcActor="D0N24"/>
            <port dstActor="D0N46" name="p31" srcActor="D0N24"/>
            <port dstActor="D0N34" name="p32" srcActor="D0N33"/>
            <port dstActor="D0N42" name="p33" srcActor="D0N5"/>
            <port dstActor="D0N23" name="p34" srcActor="D0N5"/>
            <port dstActor="D0N15" name="p35" srcActor="D0N5"/>
            <port dstActor="D0N26" name="p36" srcActor="D0N5"/>
            <port dstActor="D0N29" name="p37" srcActor="D0N5"/>
            <port dstActor="D0N21" name="p38" srcActor="D0N5"/>
            <port dstActor="D0N39" name="p39" srcActor="D0N25"/>
            <port dstActor="D0N43" name="p40" srcActor="D0N25"/>
            <port dstActor="D0N34" name="p41" srcActor="D0N25"/>
            <port dstActor="D0N46" name="p42" srcActor="D0N25"/>
            <port dstActor="D0N44" name="p43" srcActor="D0N16"/>
            <port dstActor="D0N32" name="p44" srcActor="D0N10"/>
            <port dstActor="D0N28" name="p45" srcActor="D0N10"/>
            <port dstActor="D0N43" name="p46" srcActor="D0N10"/>
            <port dstActor="D0N12" name="p47" srcActor="D0N2"/>
            <port dstActor="D0N16" name="p48" srcActor="D0N2"/>
            <port dstActor="D0N35" name="p49" srcActor="D0N2"/>
            <port dstActor="D0N21" name="p50" srcActor="D0N2"/>
            <port dstActor="D0N5" name="p51" srcActor="D0N2"/>
            <port dstActor="D0N45" name="p52" srcActor="D0N3"/>
            <port dstActor="D0N15" name="p53" srcActor="D0N3"/>
            <port dstActor="D0N12" name="p54" srcActor="D0N3"/>
            <port dstActor="D0N24" name="p55" srcActor="D0N15"/>
            <port dstActor="D0N19" name="p56" srcActor="D0N15"/>
            <port dstActor="D0N39" name="p57" srcActor="D0N15"/>
            <port dstActor="D0N44" name="p58" srcActor="D0N15"/>
            <port dstActor="D0N46" name="p59" srcActor="D0N15"/>
            <port dstActor="D0N43" name="p60" srcActor="D0N15"/>
            <port dstActor="D0N28" name="p61" srcActor="D0N1"/>
            <port dstActor="D0N19" name="p62" srcActor="D0N14"/>
            <port dstActor="D0N47" name="p63" srcActor="D0N43"/>
            <port dstActor="D0N44" name="p64" srcActor="D0N12"/>
            <port dstActor="D0N15" name="p65" srcActor="D0N12"/>
            <port dstActor="D0N47" name="p66" srcActor="D0N12"/>
            <port dstActor="D0N45" name="p67" srcActor="D0N28"/>
            <port dstActor="D0N43" name="p68" srcActor="D0N28"/>
            <port dstActor="D0N43" name="p69" srcActor="D0N11"/>
            <port dstActor="D0N24" name="p70" srcActor="D0N11"/>
            <port dstActor="D0N48" name="p71" srcActor="D0N11"/>
            <port dstActor="D0N41" name="p72" srcActor="D0N11"/>
            <port dstActor="D0N12" name="p73" srcActor="D0N11"/>
            <port dstActor="D0N19" name="p74" srcActor="D0N11"/>
            <port dstActor="D0N28" name="p75" srcActor="D0N11"/>
            <port dstActor="D0N43" name="p76" srcActor="D0N41"/>
            <port dstActor="D0N42" name="p77" srcActor="D0N41"/>
            <port dstActor="D0N36" name="p78" srcActor="D0N4"/>
            <port dstActor="D0N18" name="p79" srcActor="D0N4"/>
            <port dstActor="D0N9" name="p80" srcActor="D0N4"/>
            <port dstActor="D0N39" name="p81" srcActor="D0N21"/>
            <port dstActor="D0N36" name="p82" srcActor="D0N21"/>
            <port dstActor="D0N30" name="p83" srcActor="D0N29"/>
            <port dstActor="D0N32" name="p84" srcActor="D0N29"/>
            <port dstActor="D0N37" name="p85" srcActor="D0N34"/>
            <port dstActor="D0N46" name="p86" srcActor="D0N34"/>
            <port dstActor="D0N47" name="p87" srcActor="D0N19"/>
            <port dstActor="D0N26" name="p88" srcActor="D0N19"/>
            <port dstActor="D0N41" name="p89" srcActor="D0N13"/>
            <port dstActor="D0N28" name="p90" srcActor="D0N13"/>
            <port dstActor="D0N35" name="p91" srcActor="D0N13"/>
            <port dstActor="D0N47" name="p92" srcActor="D0N13"/>
            <port dstActor="D0N44" name="p93" srcActor="D0N13"/>
            <port dstActor="D0N47" name="p94" srcActor="D0N26"/>
            <port dstActor="D0N45" name="p95" srcActor="D0N26"/>
            <port dstActor="D0N29" name="p96" srcActor="D0N26"/>
            <port dstActor="D0N44" name="p97" srcActor="D0N26"/>
            <port dstActor="D0N32" name="p98" srcActor="D0N26"/>
            <port dstActor="D0N22" name="p99" srcActor="D0N18"/>
            <port dstActor="D0N28" name="p100" srcActor="D0N18"/>
            <port dstActor="D0N45" name="p101" srcActor="D0N36"/>
            <port dstActor="D0N46" name="p102" srcActor="D0N38"/>
            <port dstActor="D0N42" name="p103" srcActor="D0N38"/>
            <port dstActor="D0N27" name="p104" srcActor="D0N22"/>
            <port dstActor="D0N44" name="p105" srcActor="D0N22"/>
            <port dstActor="D0N29" name="p106" srcActor="D0N22"/>
            <port dstActor="D0N45" name="p107" srcActor="D0N35"/>
            <port dstActor="D0N38" name="p108" srcActor="D0N31"/>
            <port dstActor="D0N39" name="p109" srcActor="D0N31"/>
            <port dstActor="D0N42" name="p110" srcActor="D0N31"/>
            <port dstActor="D0N33" name="p111" srcActor="D0N31"/>
            <port dstActor="D0N24" name="p112" srcActor="D0N0"/>
            <port dstActor="D0N40" name="p113" srcActor="D0N0"/>
            <port dstActor="D0N21" name="p114" srcActor="D0N0"/>
            <port dstActor="D0N31" name="p115" srcActor="D0N0"/>
            <port dstActor="D0N15" name="p116" srcActor="D0N0"/>
            <port dstActor="D0N41" name="p117" srcActor="D0N0"/>
        </ports>
    </mcdag>
    <cores number="3"/>
    <levels number="2"/>
</mcsystem>
