<?xml version="1.0" encoding="UTF-8" standalone="no"?>
<mcsystem>
    <mcdag deadline="2200" name="genned-0-ed-10.0-0">
        <actor name="D0N26">
            <wcet number="0">30</wcet>
            <wcet number="1">40</wcet>
            <maxpow number="0.5537770070155948"/>
            <maxpow number="0.5537770070155948"/>
            <fprob>0.0</fprob>
        </actor>
        <actor name="D0N1">
            <wcet number="0">10</wcet>
            <wcet number="1">50</wcet>
            <maxpow number="0.7511396155121299"/>
            <maxpow number="0.7511396155121299"/>
            <fprob>0.0</fprob>
        </actor>
        <actor name="D0N25">
            <wcet number="0">10</wcet>
            <wcet number="1">30</wcet>
            <maxpow number="0.396391261154569"/>
            <maxpow number="0.396391261154569"/>
            <fprob>0.0</fprob>
        </actor>
        <actor name="D0N37">
            <wcet number="0">20</wcet>
            <wcet number="1">20</wcet>
            <maxpow number="0.4470492531972682"/>
            <maxpow number="0.4470492531972682"/>
            <fprob>0.0</fprob>
        </actor>
        <actor name="D0N31">
            <wcet number="0">100</wcet>
            <wcet number="1">120</wcet>
            <maxpow number="0.4375919944336498"/>
            <maxpow number="0.4375919944336498"/>
            <fprob>0.0</fprob>
        </actor>
        <actor name="D0N38">
            <wcet number="0">10</wcet>
            <wcet number="1">10</wcet>
            <maxpow number="0.6053893746371284"/>
            <maxpow number="0.6053893746371284"/>
            <fprob>0.0</fprob>
        </actor>
        <actor name="D0N35">
            <wcet number="0">80</wcet>
            <wcet number="1">80</wcet>
            <maxpow number="0.468699919816374"/>
            <maxpow number="0.468699919816374"/>
            <fprob>0.0</fprob>
        </actor>
        <actor name="D0N36">
            <wcet number="0">10</wcet>
            <wcet number="1">30</wcet>
            <maxpow number="0.9009384668019513"/>
            <maxpow number="0.9009384668019513"/>
            <fprob>0.0</fprob>
        </actor>
        <actor name="D0N33">
            <wcet number="0">10</wcet>
            <wcet number="1">40</wcet>
            <maxpow number="0.580106086793357"/>
            <maxpow number="0.580106086793357"/>
            <fprob>0.0</fprob>
        </actor>
        <actor name="D0N34">
            <wcet number="0">20</wcet>
            <wcet number="1">50</wcet>
            <maxpow number="0.33218430234829444"/>
            <maxpow number="0.33218430234829444"/>
            <fprob>0.0</fprob>
        </actor>
        <actor name="D0N7">
            <wcet number="0">60</wcet>
            <wcet number="1">250</wcet>
            <maxpow number="0.7271241035832391"/>
            <maxpow number="0.7271241035832391"/>
            <fprob>0.0</fprob>
        </actor>
        <actor name="D0N28">
            <wcet number="0">120</wcet>
            <wcet number="1">120</wcet>
            <maxpow number="0.3539419770151535"/>
            <maxpow number="0.3539419770151535"/>
            <fprob>0.0</fprob>
        </actor>
        <actor name="D0N32">
            <wcet number="0">10</wcet>
            <wcet number="1">110</wcet>
            <maxpow number="0.8475169541143436"/>
            <maxpow number="0.8475169541143436"/>
            <fprob>0.0</fprob>
        </actor>
        <actor name="D0N0">
            <wcet number="0">400</wcet>
            <wcet number="1">550</wcet>
            <maxpow number="0.8664106503558955"/>
            <maxpow number="0.8664106503558955"/>
            <fprob>0.0</fprob>
        </actor>
        <actor name="D0N2">
            <wcet number="0">10</wcet>
            <wcet number="1">200</wcet>
            <maxpow number="0.5001563265564621"/>
            <maxpow number="0.5001563265564621"/>
            <fprob>0.0</fprob>
        </actor>
        <actor name="D0N24">
            <wcet number="0">40</wcet>
            <wcet number="1">40</wcet>
            <maxpow number="0.6740630649023146"/>
            <maxpow number="0.6740630649023146"/>
            <fprob>0.0</fprob>
        </actor>
        <actor name="D0N43">
            <wcet number="0">50</wcet>
            <wcet number="1">140</wcet>
            <maxpow number="0.7976148006575108"/>
            <maxpow number="0.7976148006575108"/>
            <fprob>0.0</fprob>
        </actor>
        <actor name="D0N30">
            <wcet number="0">20</wcet>
            <wcet number="1">60</wcet>
            <maxpow number="0.5856827467249112"/>
            <maxpow number="0.5856827467249112"/>
            <fprob>0.0</fprob>
        </actor>
        <actor name="D0N11">
            <wcet number="0">30</wcet>
            <wcet number="1">130</wcet>
            <maxpow number="0.6014639119059502"/>
            <maxpow number="0.6014639119059502"/>
            <fprob>0.0</fprob>
        </actor>
        <actor name="D0N3">
            <wcet number="0">70</wcet>
            <wcet number="1">140</wcet>
            <maxpow number="0.517975506079097"/>
            <maxpow number="0.517975506079097"/>
            <fprob>0.0</fprob>
        </actor>
        <actor name="D0N44">
            <wcet number="0">10</wcet>
            <wcet number="1">80</wcet>
            <maxpow number="0.43638552611490544"/>
            <maxpow number="0.43638552611490544"/>
            <fprob>0.0</fprob>
        </actor>
        <actor name="D0N40">
            <wcet number="0">580</wcet>
            <wcet number="1">750</wcet>
            <maxpow number="0.45326161190717124"/>
            <maxpow number="0.45326161190717124"/>
            <fprob>0.0</fprob>
        </actor>
        <actor name="D0N14">
            <wcet number="0">180</wcet>
            <wcet number="1">220</wcet>
            <maxpow number="0.7427373837715037"/>
            <maxpow number="0.7427373837715037"/>
            <fprob>0.0</fprob>
        </actor>
        <actor name="D0N18">
            <wcet number="0">40</wcet>
            <wcet number="1">70</wcet>
            <maxpow number="0.5390753121053957"/>
            <maxpow number="0.5390753121053957"/>
            <fprob>0.0</fprob>
        </actor>
        <actor name="D0N19">
            <wcet number="0">60</wcet>
            <wcet number="1">110</wcet>
            <maxpow number="0.8525593955311146"/>
            <maxpow number="0.8525593955311146"/>
            <fprob>0.0</fprob>
        </actor>
        <actor name="D0N4">
            <wcet number="0">10</wcet>
            <wcet number="1">10</wcet>
            <maxpow number="0.5277398243802824"/>
            <maxpow number="0.5277398243802824"/>
            <fprob>0.0</fprob>
        </actor>
        <actor name="D0N47">
            <wcet number="0">30</wcet>
            <wcet number="1">50</wcet>
            <maxpow number="0.25547620157608736"/>
            <maxpow number="0.25547620157608736"/>
            <fprob>0.0</fprob>
        </actor>
        <actor name="D0N12">
            <wcet number="0">70</wcet>
            <wcet number="1">70</wcet>
            <maxpow number="0.33822508451060085"/>
            <maxpow number="0.33822508451060085"/>
            <fprob>0.0</fprob>
        </actor>
        <actor name="D0N39">
            <wcet number="0">50</wcet>
            <wcet number="1">60</wcet>
            <maxpow number="0.1623738071982836"/>
            <maxpow number="0.1623738071982836"/>
            <fprob>0.0</fprob>
        </actor>
        <actor name="D0N15">
            <wcet number="0">330</wcet>
            <wcet number="1">400</wcet>
            <maxpow number="0.5379302779924333"/>
            <maxpow number="0.5379302779924333"/>
            <fprob>0.0</fprob>
        </actor>
        <actor name="D0N21">
            <wcet number="0">30</wcet>
            <wcet number="1">40</wcet>
            <maxpow number="0.47303533669902736"/>
            <maxpow number="0.47303533669902736"/>
            <fprob>0.0</fprob>
        </actor>
        <actor name="D0N46">
            <wcet number="0">60</wcet>
            <wcet number="1">110</wcet>
            <maxpow number="0.5976192140518825"/>
            <maxpow number="0.5976192140518825"/>
            <fprob>0.0</fprob>
        </actor>
        <actor name="D0N8">
            <wcet number="0">10</wcet>
            <wcet number="1">10</wcet>
            <maxpow number="0.4981891609282748"/>
            <maxpow number="0.4981891609282748"/>
            <fprob>0.0</fprob>
        </actor>
        <actor name="D0N17">
            <wcet number="0">150</wcet>
            <wcet number="1">160</wcet>
            <maxpow number="0.40437607606436876"/>
            <maxpow number="0.40437607606436876"/>
            <fprob>0.0</fprob>
        </actor>
        <actor name="D0N13">
            <wcet number="0">200</wcet>
            <wcet number="1">240</wcet>
            <maxpow number="0.3649381602347933"/>
            <maxpow number="0.3649381602347933"/>
            <fprob>0.0</fprob>
        </actor>
        <actor name="D0N22">
            <wcet number="0">30</wcet>
            <wcet number="1">40</wcet>
            <maxpow number="0.5307444272400899"/>
            <maxpow number="0.5307444272400899"/>
            <fprob>0.0</fprob>
        </actor>
        <actor name="D0N41">
            <wcet number="0">50</wcet>
            <wcet number="1">290</wcet>
            <maxpow number="0.5697025740844142"/>
            <maxpow number="0.5697025740844142"/>
            <fprob>0.0</fprob>
        </actor>
        <actor name="D0N16">
            <wcet number="0">170</wcet>
            <wcet number="1">170</wcet>
            <maxpow number="0.5098729364375183"/>
            <maxpow number="0.5098729364375183"/>
            <fprob>0.0</fprob>
        </actor>
        <actor name="D0N6">
            <wcet number="0">10</wcet>
            <wcet number="1">20</wcet>
            <maxpow number="0.6204553601086129"/>
            <maxpow number="0.6204553601086129"/>
            <fprob>0.0</fprob>
        </actor>
        <actor name="D0N9">
            <wcet number="0">200</wcet>
            <wcet number="1">330</wcet>
            <maxpow number="0.7124241676245435"/>
            <maxpow number="0.7124241676245435"/>
            <fprob>0.0</fprob>
        </actor>
        <actor name="D0N20">
            <wcet number="0">20</wcet>
            <wcet number="1">60</wcet>
            <maxpow number="0.7783372592219377"/>
            <maxpow number="0.7783372592219377"/>
            <fprob>0.0</fprob>
        </actor>
        <actor name="D0N23">
            <wcet number="0">30</wcet>
            <wcet number="1">50</wcet>
            <maxpow number="0.7156639994940484"/>
            <maxpow number="0.7156639994940484"/>
            <fprob>0.0</fprob>
        </actor>
        <actor name="D0N10">
            <wcet number="0">90</wcet>
            <wcet number="1">110</wcet>
            <maxpow number="0.7347080612366541"/>
            <maxpow number="0.7347080612366541"/>
            <fprob>0.0</fprob>
        </actor>
        <actor name="D0N29">
            <wcet number="0">40</wcet>
            <wcet number="1">40</wcet>
            <maxpow number="0.6044182041529875"/>
            <maxpow number="0.6044182041529875"/>
            <fprob>0.0</fprob>
        </actor>
        <actor name="D0N45">
            <wcet number="0">10</wcet>
            <wcet number="1">60</wcet>
            <maxpow number="0.7279074740498822"/>
            <maxpow number="0.7279074740498822"/>
            <fprob>0.0</fprob>
        </actor>
        <actor name="D0N48">
            <wcet number="0">80</wcet>
            <wcet number="1">160</wcet>
            <maxpow number="0.618851188048332"/>
            <maxpow number="0.618851188048332"/>
            <fprob>0.0</fprob>
        </actor>
        <actor name="D0N42">
            <wcet number="0">150</wcet>
            <wcet number="1">200</wcet>
            <maxpow number="0.6220117627641386"/>
            <maxpow number="0.6220117627641386"/>
            <fprob>0.0</fprob>
        </actor>
        <actor name="D0N27">
            <wcet number="0">10</wcet>
            <wcet number="1">30</wcet>
            <maxpow number="0.7586649211260589"/>
            <maxpow number="0.7586649211260589"/>
            <fprob>0.0</fprob>
        </actor>
        <actor name="D0N5">
            <wcet number="0">10</wcet>
            <wcet number="1">10</wcet>
            <maxpow number="0.60260083604622"/>
            <maxpow number="0.60260083604622"/>
            <fprob>0.0</fprob>
        </actor>
        <ports>
            <port dstActor="D0N30" name="p0" srcActor="D0N26"/>
            <port dstActor="D0N31" name="p1" srcActor="D0N26"/>
            <port dstActor="D0N37" name="p2" srcActor="D0N1"/>
            <port dstActor="D0N41" name="p3" srcActor="D0N1"/>
            <port dstActor="D0N23" name="p4" srcActor="D0N1"/>
            <port dstActor="D0N46" name="p5" srcActor="D0N1"/>
            <port dstActor="D0N45" name="p6" srcActor="D0N1"/>
            <port dstActor="D0N35" name="p7" srcActor="D0N25"/>
            <port dstActor="D0N26" name="p8" srcActor="D0N25"/>
            <port dstActor="D0N42" name="p9" srcActor="D0N25"/>
            <port dstActor="D0N39" name="p10" srcActor="D0N37"/>
            <port dstActor="D0N33" name="p11" srcActor="D0N31"/>
            <port dstActor="D0N32" name="p12" srcActor="D0N31"/>
            <port dstActor="D0N46" name="p13" srcActor="D0N38"/>
            <port dstActor="D0N45" name="p14" srcActor="D0N35"/>
            <port dstActor="D0N45" name="p15" srcActor="D0N36"/>
            <port dstActor="D0N39" name="p16" srcActor="D0N36"/>
            <port dstActor="D0N39" name="p17" srcActor="D0N33"/>
            <port dstActor="D0N45" name="p18" srcActor="D0N33"/>
            <port dstActor="D0N40" name="p19" srcActor="D0N34"/>
            <port dstActor="D0N45" name="p20" srcActor="D0N34"/>
            <port dstActor="D0N48" name="p21" srcActor="D0N34"/>
            <port dstActor="D0N44" name="p22" srcActor="D0N34"/>
            <port dstActor="D0N42" name="p23" srcActor="D0N34"/>
            <port dstActor="D0N26" name="p24" srcActor="D0N7"/>
            <port dstActor="D0N10" name="p25" srcActor="D0N7"/>
            <port dstActor="D0N45" name="p26" srcActor="D0N7"/>
            <port dstActor="D0N31" name="p27" srcActor="D0N7"/>
            <port dstActor="D0N29" name="p28" srcActor="D0N28"/>
            <port dstActor="D0N46" name="p29" srcActor="D0N28"/>
            <port dstActor="D0N37" name="p30" srcActor="D0N32"/>
            <port dstActor="D0N15" name="p31" srcActor="D0N0"/>
            <port dstActor="D0N25" name="p32" srcActor="D0N0"/>
            <port dstActor="D0N19" name="p33" srcActor="D0N0"/>
            <port dstActor="D0N31" name="p34" srcActor="D0N2"/>
            <port dstActor="D0N28" name="p35" srcActor="D0N2"/>
            <port dstActor="D0N3" name="p36" srcActor="D0N2"/>
            <port dstActor="D0N36" name="p37" srcActor="D0N2"/>
            <port dstActor="D0N31" name="p38" srcActor="D0N24"/>
            <port dstActor="D0N47" name="p39" srcActor="D0N43"/>
            <port dstActor="D0N44" name="p40" srcActor="D0N43"/>
            <port dstActor="D0N47" name="p41" srcActor="D0N30"/>
            <port dstActor="D0N21" name="p42" srcActor="D0N11"/>
            <port dstActor="D0N33" name="p43" srcActor="D0N3"/>
            <port dstActor="D0N35" name="p44" srcActor="D0N3"/>
            <port dstActor="D0N20" name="p45" srcActor="D0N3"/>
            <port dstActor="D0N47" name="p46" srcActor="D0N40"/>
            <port dstActor="D0N26" name="p47" srcActor="D0N14"/>
            <port dstActor="D0N45" name="p48" srcActor="D0N14"/>
            <port dstActor="D0N48" name="p49" srcActor="D0N18"/>
            <port dstActor="D0N22" name="p50" srcActor="D0N18"/>
            <port dstActor="D0N31" name="p51" srcActor="D0N18"/>
            <port dstActor="D0N22" name="p52" srcActor="D0N19"/>
            <port dstActor="D0N23" name="p53" srcActor="D0N19"/>
            <port dstActor="D0N17" name="p54" srcActor="D0N4"/>
            <port dstActor="D0N22" name="p55" srcActor="D0N4"/>
            <port dstActor="D0N31" name="p56" srcActor="D0N4"/>
            <port dstActor="D0N26" name="p57" srcActor="D0N4"/>
            <port dstActor="D0N13" name="p58" srcActor="D0N12"/>
            <port dstActor="D0N44" name="p59" srcActor="D0N12"/>
            <port dstActor="D0N24" name="p60" srcActor="D0N12"/>
            <port dstActor="D0N27" name="p61" srcActor="D0N12"/>
            <port dstActor="D0N45" name="p62" srcActor="D0N12"/>
            <port dstActor="D0N21" name="p63" srcActor="D0N15"/>
            <port dstActor="D0N31" name="p64" srcActor="D0N15"/>
            <port dstActor="D0N26" name="p65" srcActor="D0N15"/>
            <port dstActor="D0N45" name="p66" srcActor="D0N15"/>
            <port dstActor="D0N31" name="p67" srcActor="D0N21"/>
            <port dstActor="D0N22" name="p68" srcActor="D0N8"/>
            <port dstActor="D0N9" name="p69" srcActor="D0N8"/>
            <port dstActor="D0N16" name="p70" srcActor="D0N8"/>
            <port dstActor="D0N47" name="p71" srcActor="D0N8"/>
            <port dstActor="D0N31" name="p72" srcActor="D0N8"/>
            <port dstActor="D0N24" name="p73" srcActor="D0N17"/>
            <port dstActor="D0N40" name="p74" srcActor="D0N17"/>
            <port dstActor="D0N19" name="p75" srcActor="D0N17"/>
            <port dstActor="D0N29" name="p76" srcActor="D0N17"/>
            <port dstActor="D0N44" name="p77" srcActor="D0N17"/>
            <port dstActor="D0N26" name="p78" srcActor="D0N13"/>
            <port dstActor="D0N35" name="p79" srcActor="D0N13"/>
            <port dstActor="D0N38" name="p80" srcActor="D0N22"/>
            <port dstActor="D0N32" name="p81" srcActor="D0N22"/>
            <port dstActor="D0N43" name="p82" srcActor="D0N16"/>
            <port dstActor="D0N25" name="p83" srcActor="D0N16"/>
            <port dstActor="D0N12" name="p84" srcActor="D0N6"/>
            <port dstActor="D0N40" name="p85" srcActor="D0N6"/>
            <port dstActor="D0N37" name="p86" srcActor="D0N9"/>
            <port dstActor="D0N29" name="p87" srcActor="D0N9"/>
            <port dstActor="D0N46" name="p88" srcActor="D0N20"/>
            <port dstActor="D0N28" name="p89" srcActor="D0N20"/>
            <port dstActor="D0N44" name="p90" srcActor="D0N20"/>
            <port dstActor="D0N31" name="p91" srcActor="D0N20"/>
            <port dstActor="D0N37" name="p92" srcActor="D0N10"/>
            <port dstActor="D0N32" name="p93" srcActor="D0N10"/>
            <port dstActor="D0N40" name="p94" srcActor="D0N29"/>
            <port dstActor="D0N46" name="p95" srcActor="D0N45"/>
            <port dstActor="D0N46" name="p96" srcActor="D0N42"/>
            <port dstActor="D0N47" name="p97" srcActor="D0N27"/>
            <port dstActor="D0N30" name="p98" srcActor="D0N27"/>
            <port dstActor="D0N34" name="p99" srcActor="D0N27"/>
            <port dstActor="D0N39" name="p100" srcActor="D0N27"/>
            <port dstActor="D0N13" name="p101" srcActor="D0N5"/>
            <port dstActor="D0N40" name="p102" srcActor="D0N5"/>
            <port dstActor="D0N26" name="p103" srcActor="D0N5"/>
            <port dstActor="D0N6" name="p104" srcActor="D0N5"/>
            <port dstActor="D0N8" name="p105" srcActor="D0N5"/>
        </ports>
    </mcdag>
    <cores number="3"/>
    <levels number="2"/>
</mcsystem>
