<?xml version="1.0" encoding="UTF-8" standalone="no"?>
<mcsystem>
    <mcdag deadline="1200" name="genned-0-ed-10.0-0">
        <actor name="D0N41">
            <wcet number="0">20</wcet>
            <wcet number="1">20</wcet>
            <maxpow number="0.5141096779523656"/>
            <maxpow number="0.5141096779523656"/>
            <fprob>0.0</fprob>
        </actor>
        <actor name="D0N22">
            <wcet number="0">50</wcet>
            <wcet number="1">50</wcet>
            <maxpow number="0.6529906784770108"/>
            <maxpow number="0.6529906784770108"/>
            <fprob>0.0</fprob>
        </actor>
        <actor name="D0N4">
            <wcet number="0">30</wcet>
            <wcet number="1">70</wcet>
            <maxpow number="0.5378905463648068"/>
            <maxpow number="0.5378905463648068"/>
            <fprob>0.0</fprob>
        </actor>
        <actor name="D0N8">
            <wcet number="0">10</wcet>
            <wcet number="1">10</wcet>
            <maxpow number="0.8660305170084823"/>
            <maxpow number="0.8660305170084823"/>
            <fprob>0.0</fprob>
        </actor>
        <actor name="D0N34">
            <wcet number="0">10</wcet>
            <wcet number="1">10</wcet>
            <maxpow number="0.5457315465476691"/>
            <maxpow number="0.5457315465476691"/>
            <fprob>0.0</fprob>
        </actor>
        <actor name="D0N39">
            <wcet number="0">100</wcet>
            <wcet number="1">120</wcet>
            <maxpow number="0.6027100523901481"/>
            <maxpow number="0.6027100523901481"/>
            <fprob>0.0</fprob>
        </actor>
        <actor name="D0N37">
            <wcet number="0">10</wcet>
            <wcet number="1">70</wcet>
            <maxpow number="0.5160105003639119"/>
            <maxpow number="0.5160105003639119"/>
            <fprob>0.0</fprob>
        </actor>
        <actor name="D0N5">
            <wcet number="0">10</wcet>
            <wcet number="1">10</wcet>
            <maxpow number="0.3920960306475557"/>
            <maxpow number="0.3920960306475557"/>
            <fprob>0.0</fprob>
        </actor>
        <actor name="D0N42">
            <wcet number="0">30</wcet>
            <wcet number="1">30</wcet>
            <maxpow number="0.41167347871740356"/>
            <maxpow number="0.41167347871740356"/>
            <fprob>0.0</fprob>
        </actor>
        <actor name="D0N31">
            <wcet number="0">140</wcet>
            <wcet number="1">340</wcet>
            <maxpow number="0.47772482175042963"/>
            <maxpow number="0.47772482175042963"/>
            <fprob>0.0</fprob>
        </actor>
        <actor name="D0N10">
            <wcet number="0">30</wcet>
            <wcet number="1">70</wcet>
            <maxpow number="0.5169672492553053"/>
            <maxpow number="0.5169672492553053"/>
            <fprob>0.0</fprob>
        </actor>
        <actor name="D0N14">
            <wcet number="0">20</wcet>
            <wcet number="1">30</wcet>
            <maxpow number="0.7843752391018961"/>
            <maxpow number="0.7843752391018961"/>
            <fprob>0.0</fprob>
        </actor>
        <actor name="D0N1">
            <wcet number="0">10</wcet>
            <wcet number="1">10</wcet>
            <maxpow number="0.42433965140255736"/>
            <maxpow number="0.42433965140255736"/>
            <fprob>0.0</fprob>
        </actor>
        <actor name="D0N20">
            <wcet number="0">10</wcet>
            <wcet number="1">50</wcet>
            <maxpow number="0.623074613329168"/>
            <maxpow number="0.623074613329168"/>
            <fprob>0.0</fprob>
        </actor>
        <actor name="D0N36">
            <wcet number="0">10</wcet>
            <wcet number="1">10</wcet>
            <maxpow number="0.4845091051327718"/>
            <maxpow number="0.4845091051327718"/>
            <fprob>0.0</fprob>
        </actor>
        <actor name="D0N12">
            <wcet number="0">10</wcet>
            <wcet number="1">30</wcet>
            <maxpow number="0.4301721160030737"/>
            <maxpow number="0.4301721160030737"/>
            <fprob>0.0</fprob>
        </actor>
        <actor name="D0N17">
            <wcet number="0">60</wcet>
            <wcet number="1">70</wcet>
            <maxpow number="0.46951385443812543"/>
            <maxpow number="0.46951385443812543"/>
            <fprob>0.0</fprob>
        </actor>
        <actor name="D0N43">
            <wcet number="0">50</wcet>
            <wcet number="1">50</wcet>
            <maxpow number="0.4909995678429748"/>
            <maxpow number="0.4909995678429748"/>
            <fprob>0.0</fprob>
        </actor>
        <actor name="D0N33">
            <wcet number="0">20</wcet>
            <wcet number="1">20</wcet>
            <maxpow number="0.9117739118207435"/>
            <maxpow number="0.9117739118207435"/>
            <fprob>0.0</fprob>
        </actor>
        <actor name="D0N19">
            <wcet number="0">90</wcet>
            <wcet number="1">120</wcet>
            <maxpow number="0.3489871810548051"/>
            <maxpow number="0.3489871810548051"/>
            <fprob>0.0</fprob>
        </actor>
        <actor name="D0N30">
            <wcet number="0">50</wcet>
            <wcet number="1">90</wcet>
            <maxpow number="0.4375500252676581"/>
            <maxpow number="0.4375500252676581"/>
            <fprob>0.0</fprob>
        </actor>
        <actor name="D0N2">
            <wcet number="0">10</wcet>
            <wcet number="1">70</wcet>
            <maxpow number="0.7121942243110166"/>
            <maxpow number="0.7121942243110166"/>
            <fprob>0.0</fprob>
        </actor>
        <actor name="D0N0">
            <wcet number="0">50</wcet>
            <wcet number="1">80</wcet>
            <maxpow number="0.7203809990259076"/>
            <maxpow number="0.7203809990259076"/>
            <fprob>0.0</fprob>
        </actor>
        <actor name="D0N26">
            <wcet number="0">10</wcet>
            <wcet number="1">10</wcet>
            <maxpow number="0.3764576273254982"/>
            <maxpow number="0.3764576273254982"/>
            <fprob>0.0</fprob>
        </actor>
        <actor name="D0N35">
            <wcet number="0">40</wcet>
            <wcet number="1">70</wcet>
            <maxpow number="0.9827560121594373"/>
            <maxpow number="0.9827560121594373"/>
            <fprob>0.0</fprob>
        </actor>
        <actor name="D0N18">
            <wcet number="0">30</wcet>
            <wcet number="1">60</wcet>
            <maxpow number="0.6035764409433867"/>
            <maxpow number="0.6035764409433867"/>
            <fprob>0.0</fprob>
        </actor>
        <actor name="D0N27">
            <wcet number="0">80</wcet>
            <wcet number="1">160</wcet>
            <maxpow number="0.9874807375470651"/>
            <maxpow number="0.9874807375470651"/>
            <fprob>0.0</fprob>
        </actor>
        <actor name="D0N23">
            <wcet number="0">10</wcet>
            <wcet number="1">20</wcet>
            <maxpow number="0.525571635307707"/>
            <maxpow number="0.525571635307707"/>
            <fprob>0.0</fprob>
        </actor>
        <actor name="D0N40">
            <wcet number="0">30</wcet>
            <wcet number="1">140</wcet>
            <maxpow number="0.14157462549556488"/>
            <maxpow number="0.14157462549556488"/>
            <fprob>0.0</fprob>
        </actor>
        <actor name="D0N9">
            <wcet number="0">20</wcet>
            <wcet number="1">30</wcet>
            <maxpow number="0.5114776466101656"/>
            <maxpow number="0.5114776466101656"/>
            <fprob>0.0</fprob>
        </actor>
        <actor name="D0N21">
            <wcet number="0">20</wcet>
            <wcet number="1">20</wcet>
            <maxpow number="0.6962165054619025"/>
            <maxpow number="0.6962165054619025"/>
            <fprob>0.0</fprob>
        </actor>
        <actor name="D0N11">
            <wcet number="0">10</wcet>
            <wcet number="1">10</wcet>
            <maxpow number="0.5731765964962222"/>
            <maxpow number="0.5731765964962222"/>
            <fprob>0.0</fprob>
        </actor>
        <actor name="D0N13">
            <wcet number="0">40</wcet>
            <wcet number="1">60</wcet>
            <maxpow number="0.6943443670786464"/>
            <maxpow number="0.6943443670786464"/>
            <fprob>0.0</fprob>
        </actor>
        <actor name="D0N28">
            <wcet number="0">50</wcet>
            <wcet number="1">160</wcet>
            <maxpow number="0.4055180213530174"/>
            <maxpow number="0.4055180213530174"/>
            <fprob>0.0</fprob>
        </actor>
        <actor name="D0N3">
            <wcet number="0">10</wcet>
            <wcet number="1">10</wcet>
            <maxpow number="0.3259674579971096"/>
            <maxpow number="0.3259674579971096"/>
            <fprob>0.0</fprob>
        </actor>
        <actor name="D0N15">
            <wcet number="0">50</wcet>
            <wcet number="1">50</wcet>
            <maxpow number="0.39448919359756074"/>
            <maxpow number="0.39448919359756074"/>
            <fprob>0.0</fprob>
        </actor>
        <actor name="D0N32">
            <wcet number="0">30</wcet>
            <wcet number="1">60</wcet>
            <maxpow number="0.2210163116029722"/>
            <maxpow number="0.2210163116029722"/>
            <fprob>0.0</fprob>
        </actor>
        <actor name="D0N6">
            <wcet number="0">30</wcet>
            <wcet number="1">40</wcet>
            <maxpow number="0.2429759699799351"/>
            <maxpow number="0.2429759699799351"/>
            <fprob>0.0</fprob>
        </actor>
        <actor name="D0N7">
            <wcet number="0">80</wcet>
            <wcet number="1">80</wcet>
            <maxpow number="0.4305450773477456"/>
            <maxpow number="0.4305450773477456"/>
            <fprob>0.0</fprob>
        </actor>
        <actor name="D0N29">
            <wcet number="0">10</wcet>
            <wcet number="1">10</wcet>
            <maxpow number="0.20453699746773157"/>
            <maxpow number="0.20453699746773157"/>
            <fprob>0.0</fprob>
        </actor>
        <actor name="D0N24">
            <wcet number="0">20</wcet>
            <wcet number="1">90</wcet>
            <maxpow number="0.4554175971400896"/>
            <maxpow number="0.4554175971400896"/>
            <fprob>0.0</fprob>
        </actor>
        <actor name="D0N25">
            <wcet number="0">10</wcet>
            <wcet number="1">10</wcet>
            <maxpow number="0.6813072568687331"/>
            <maxpow number="0.6813072568687331"/>
            <fprob>0.0</fprob>
        </actor>
        <actor name="D0N38">
            <wcet number="0">110</wcet>
            <wcet number="1">110</wcet>
            <maxpow number="0.6872551135638248"/>
            <maxpow number="0.6872551135638248"/>
            <fprob>0.0</fprob>
        </actor>
        <actor name="D0N16">
            <wcet number="0">10</wcet>
            <wcet number="1">10</wcet>
            <maxpow number="0.3308452532401567"/>
            <maxpow number="0.3308452532401567"/>
            <fprob>0.0</fprob>
        </actor>
        <ports>
            <port dstActor="D0N42" name="p0" srcActor="D0N41"/>
            <port dstActor="D0N34" name="p1" srcActor="D0N22"/>
            <port dstActor="D0N35" name="p2" srcActor="D0N22"/>
            <port dstActor="D0N35" name="p3" srcActor="D0N4"/>
            <port dstActor="D0N15" name="p4" srcActor="D0N4"/>
            <port dstActor="D0N29" name="p5" srcActor="D0N4"/>
            <port dstActor="D0N31" name="p6" srcActor="D0N4"/>
            <port dstActor="D0N38" name="p7" srcActor="D0N4"/>
            <port dstActor="D0N24" name="p8" srcActor="D0N4"/>
            <port dstActor="D0N28" name="p9" srcActor="D0N4"/>
            <port dstActor="D0N13" name="p10" srcActor="D0N4"/>
            <port dstActor="D0N41" name="p11" srcActor="D0N8"/>
            <port dstActor="D0N32" name="p12" srcActor="D0N8"/>
            <port dstActor="D0N16" name="p13" srcActor="D0N8"/>
            <port dstActor="D0N35" name="p14" srcActor="D0N8"/>
            <port dstActor="D0N43" name="p15" srcActor="D0N8"/>
            <port dstActor="D0N13" name="p16" srcActor="D0N8"/>
            <port dstActor="D0N40" name="p17" srcActor="D0N34"/>
            <port dstActor="D0N40" name="p18" srcActor="D0N5"/>
            <port dstActor="D0N28" name="p19" srcActor="D0N5"/>
            <port dstActor="D0N42" name="p20" srcActor="D0N5"/>
            <port dstActor="D0N24" name="p21" srcActor="D0N5"/>
            <port dstActor="D0N26" name="p22" srcActor="D0N5"/>
            <port dstActor="D0N41" name="p23" srcActor="D0N5"/>
            <port dstActor="D0N39" name="p24" srcActor="D0N31"/>
            <port dstActor="D0N13" name="p25" srcActor="D0N10"/>
            <port dstActor="D0N25" name="p26" srcActor="D0N10"/>
            <port dstActor="D0N17" name="p27" srcActor="D0N10"/>
            <port dstActor="D0N38" name="p28" srcActor="D0N14"/>
            <port dstActor="D0N35" name="p29" srcActor="D0N14"/>
            <port dstActor="D0N37" name="p30" srcActor="D0N14"/>
            <port dstActor="D0N6" name="p31" srcActor="D0N1"/>
            <port dstActor="D0N28" name="p32" srcActor="D0N1"/>
            <port dstActor="D0N30" name="p33" srcActor="D0N1"/>
            <port dstActor="D0N39" name="p34" srcActor="D0N1"/>
            <port dstActor="D0N3" name="p35" srcActor="D0N1"/>
            <port dstActor="D0N36" name="p36" srcActor="D0N1"/>
            <port dstActor="D0N22" name="p37" srcActor="D0N20"/>
            <port dstActor="D0N38" name="p38" srcActor="D0N20"/>
            <port dstActor="D0N37" name="p39" srcActor="D0N36"/>
            <port dstActor="D0N42" name="p40" srcActor="D0N36"/>
            <port dstActor="D0N18" name="p41" srcActor="D0N12"/>
            <port dstActor="D0N42" name="p42" srcActor="D0N12"/>
            <port dstActor="D0N28" name="p43" srcActor="D0N12"/>
            <port dstActor="D0N36" name="p44" srcActor="D0N17"/>
            <port dstActor="D0N22" name="p45" srcActor="D0N17"/>
            <port dstActor="D0N34" name="p46" srcActor="D0N17"/>
            <port dstActor="D0N42" name="p47" srcActor="D0N19"/>
            <port dstActor="D0N40" name="p48" srcActor="D0N30"/>
            <port dstActor="D0N33" name="p49" srcActor="D0N30"/>
            <port dstActor="D0N38" name="p50" srcActor="D0N30"/>
            <port dstActor="D0N14" name="p51" srcActor="D0N2"/>
            <port dstActor="D0N4" name="p52" srcActor="D0N2"/>
            <port dstActor="D0N32" name="p53" srcActor="D0N2"/>
            <port dstActor="D0N34" name="p54" srcActor="D0N0"/>
            <port dstActor="D0N41" name="p55" srcActor="D0N0"/>
            <port dstActor="D0N5" name="p56" srcActor="D0N0"/>
            <port dstActor="D0N10" name="p57" srcActor="D0N0"/>
            <port dstActor="D0N39" name="p58" srcActor="D0N26"/>
            <port dstActor="D0N39" name="p59" srcActor="D0N23"/>
            <port dstActor="D0N31" name="p60" srcActor="D0N23"/>
            <port dstActor="D0N32" name="p61" srcActor="D0N9"/>
            <port dstActor="D0N28" name="p62" srcActor="D0N9"/>
            <port dstActor="D0N10" name="p63" srcActor="D0N9"/>
            <port dstActor="D0N22" name="p64" srcActor="D0N9"/>
            <port dstActor="D0N39" name="p65" srcActor="D0N21"/>
            <port dstActor="D0N37" name="p66" srcActor="D0N21"/>
            <port dstActor="D0N41" name="p67" srcActor="D0N21"/>
            <port dstActor="D0N15" name="p68" srcActor="D0N11"/>
            <port dstActor="D0N35" name="p69" srcActor="D0N11"/>
            <port dstActor="D0N42" name="p70" srcActor="D0N11"/>
            <port dstActor="D0N30" name="p71" srcActor="D0N11"/>
            <port dstActor="D0N38" name="p72" srcActor="D0N13"/>
            <port dstActor="D0N40" name="p73" srcActor="D0N13"/>
            <port dstActor="D0N42" name="p74" srcActor="D0N28"/>
            <port dstActor="D0N26" name="p75" srcActor="D0N3"/>
            <port dstActor="D0N32" name="p76" srcActor="D0N3"/>
            <port dstActor="D0N22" name="p77" srcActor="D0N3"/>
            <port dstActor="D0N39" name="p78" srcActor="D0N3"/>
            <port dstActor="D0N21" name="p79" srcActor="D0N15"/>
            <port dstActor="D0N39" name="p80" srcActor="D0N6"/>
            <port dstActor="D0N18" name="p81" srcActor="D0N7"/>
            <port dstActor="D0N10" name="p82" srcActor="D0N7"/>
            <port dstActor="D0N29" name="p83" srcActor="D0N7"/>
            <port dstActor="D0N16" name="p84" srcActor="D0N7"/>
            <port dstActor="D0N31" name="p85" srcActor="D0N29"/>
            <port dstActor="D0N35" name="p86" srcActor="D0N29"/>
            <port dstActor="D0N32" name="p87" srcActor="D0N24"/>
            <port dstActor="D0N27" name="p88" srcActor="D0N25"/>
            <port dstActor="D0N40" name="p89" srcActor="D0N25"/>
            <port dstActor="D0N43" name="p90" srcActor="D0N38"/>
            <port dstActor="D0N34" name="p91" srcActor="D0N16"/>
            <port dstActor="D0N36" name="p92" srcActor="D0N16"/>
            <port dstActor="D0N38" name="p93" srcActor="D0N16"/>
            <port dstActor="D0N35" name="p94" srcActor="D0N16"/>
            <port dstActor="D0N21" name="p95" srcActor="D0N16"/>
        </ports>
    </mcdag>
    <cores number="3"/>
    <levels number="2"/>
</mcsystem>
