<?xml version="1.0" encoding="UTF-8" standalone="no"?>
<mcsystem>
    <mcdag deadline="1500" name="genned-0-ed-10.0-0">
        <actor name="D0N24">
            <wcet number="0">40</wcet>
            <wcet number="1">40</wcet>
            <maxpow number="0.3391380797806605"/>
            <maxpow number="0.3391380797806605"/>
            <fprob>0.0</fprob>
        </actor>
        <actor name="D0N12">
            <wcet number="0">30</wcet>
            <wcet number="1">120</wcet>
            <maxpow number="0.5837137063385256"/>
            <maxpow number="0.5837137063385256"/>
            <fprob>0.0</fprob>
        </actor>
        <actor name="D0N45">
            <wcet number="0">10</wcet>
            <wcet number="1">30</wcet>
            <maxpow number="0.30748874301260665"/>
            <maxpow number="0.30748874301260665"/>
            <fprob>0.0</fprob>
        </actor>
        <actor name="D0N23">
            <wcet number="0">40</wcet>
            <wcet number="1">40</wcet>
            <maxpow number="0.8596804718251303"/>
            <maxpow number="0.8596804718251303"/>
            <fprob>0.0</fprob>
        </actor>
        <actor name="D0N28">
            <wcet number="0">10</wcet>
            <wcet number="1">30</wcet>
            <maxpow number="0.5297676815672675"/>
            <maxpow number="0.5297676815672675"/>
            <fprob>0.0</fprob>
        </actor>
        <actor name="D0N18">
            <wcet number="0">40</wcet>
            <wcet number="1">40</wcet>
            <maxpow number="0.4043884887017837"/>
            <maxpow number="0.4043884887017837"/>
            <fprob>0.0</fprob>
        </actor>
        <actor name="D0N17">
            <wcet number="0">10</wcet>
            <wcet number="1">60</wcet>
            <maxpow number="0.4640825015812607"/>
            <maxpow number="0.4640825015812607"/>
            <fprob>0.0</fprob>
        </actor>
        <actor name="D0N22">
            <wcet number="0">70</wcet>
            <wcet number="1">100</wcet>
            <maxpow number="0.6964322870191554"/>
            <maxpow number="0.6964322870191554"/>
            <fprob>0.0</fprob>
        </actor>
        <actor name="D0N21">
            <wcet number="0">70</wcet>
            <wcet number="1">90</wcet>
            <maxpow number="0.4147246836030781"/>
            <maxpow number="0.4147246836030781"/>
            <fprob>0.0</fprob>
        </actor>
        <actor name="D0N26">
            <wcet number="0">50</wcet>
            <wcet number="1">60</wcet>
            <maxpow number="0.5535225884038762"/>
            <maxpow number="0.5535225884038762"/>
            <fprob>0.0</fprob>
        </actor>
        <actor name="D0N8">
            <wcet number="0">250</wcet>
            <wcet number="1">330</wcet>
            <maxpow number="0.7820853898564726"/>
            <maxpow number="0.7820853898564726"/>
            <fprob>0.0</fprob>
        </actor>
        <actor name="D0N13">
            <wcet number="0">10</wcet>
            <wcet number="1">20</wcet>
            <maxpow number="0.49619175680890554"/>
            <maxpow number="0.49619175680890554"/>
            <fprob>0.0</fprob>
        </actor>
        <actor name="D0N19">
            <wcet number="0">10</wcet>
            <wcet number="1">10</wcet>
            <maxpow number="0.8038890027558869"/>
            <maxpow number="0.8038890027558869"/>
            <fprob>0.0</fprob>
        </actor>
        <actor name="D0N27">
            <wcet number="0">20</wcet>
            <wcet number="1">80</wcet>
            <maxpow number="0.2624190498558522"/>
            <maxpow number="0.2624190498558522"/>
            <fprob>0.0</fprob>
        </actor>
        <actor name="D0N16">
            <wcet number="0">80</wcet>
            <wcet number="1">90</wcet>
            <maxpow number="0.7706638994034701"/>
            <maxpow number="0.7706638994034701"/>
            <fprob>0.0</fprob>
        </actor>
        <actor name="D0N0">
            <wcet number="0">20</wcet>
            <wcet number="1">20</wcet>
            <maxpow number="0.4792733064407565"/>
            <maxpow number="0.4792733064407565"/>
            <fprob>0.0</fprob>
        </actor>
        <actor name="D0N48">
            <wcet number="0">30</wcet>
            <wcet number="1">40</wcet>
            <maxpow number="0.6708939766518562"/>
            <maxpow number="0.6708939766518562"/>
            <fprob>0.0</fprob>
        </actor>
        <actor name="D0N47">
            <wcet number="0">40</wcet>
            <wcet number="1">50</wcet>
            <maxpow number="0.45153622245971153"/>
            <maxpow number="0.45153622245971153"/>
            <fprob>0.0</fprob>
        </actor>
        <actor name="D0N31">
            <wcet number="0">50</wcet>
            <wcet number="1">50</wcet>
            <maxpow number="0.5292732585694596"/>
            <maxpow number="0.5292732585694596"/>
            <fprob>0.0</fprob>
        </actor>
        <actor name="D0N14">
            <wcet number="0">20</wcet>
            <wcet number="1">80</wcet>
            <maxpow number="0.7926151604553427"/>
            <maxpow number="0.7926151604553427"/>
            <fprob>0.0</fprob>
        </actor>
        <actor name="D0N38">
            <wcet number="0">30</wcet>
            <wcet number="1">90</wcet>
            <maxpow number="0.6045737978328923"/>
            <maxpow number="0.6045737978328923"/>
            <fprob>0.0</fprob>
        </actor>
        <actor name="D0N46">
            <wcet number="0">10</wcet>
            <wcet number="1">10</wcet>
            <maxpow number="0.6576461056763401"/>
            <maxpow number="0.6576461056763401"/>
            <fprob>0.0</fprob>
        </actor>
        <actor name="D0N37">
            <wcet number="0">10</wcet>
            <wcet number="1">10</wcet>
            <maxpow number="0.7081840181654641"/>
            <maxpow number="0.7081840181654641"/>
            <fprob>0.0</fprob>
        </actor>
        <actor name="D0N41">
            <wcet number="0">10</wcet>
            <wcet number="1">10</wcet>
            <maxpow number="0.6469972397688608"/>
            <maxpow number="0.6469972397688608"/>
            <fprob>0.0</fprob>
        </actor>
        <actor name="D0N1">
            <wcet number="0">30</wcet>
            <wcet number="1">60</wcet>
            <maxpow number="0.5592498265498261"/>
            <maxpow number="0.5592498265498261"/>
            <fprob>0.0</fprob>
        </actor>
        <actor name="D0N29">
            <wcet number="0">10</wcet>
            <wcet number="1">70</wcet>
            <maxpow number="0.7806545247426175"/>
            <maxpow number="0.7806545247426175"/>
            <fprob>0.0</fprob>
        </actor>
        <actor name="D0N42">
            <wcet number="0">230</wcet>
            <wcet number="1">340</wcet>
            <maxpow number="0.4350214222252572"/>
            <maxpow number="0.4350214222252572"/>
            <fprob>0.0</fprob>
        </actor>
        <actor name="D0N36">
            <wcet number="0">10</wcet>
            <wcet number="1">90</wcet>
            <maxpow number="0.3876872709029451"/>
            <maxpow number="0.3876872709029451"/>
            <fprob>0.0</fprob>
        </actor>
        <actor name="D0N30">
            <wcet number="0">150</wcet>
            <wcet number="1">170</wcet>
            <maxpow number="0.4802496913090831"/>
            <maxpow number="0.4802496913090831"/>
            <fprob>0.0</fprob>
        </actor>
        <actor name="D0N25">
            <wcet number="0">120</wcet>
            <wcet number="1">190</wcet>
            <maxpow number="0.7416448144729619"/>
            <maxpow number="0.7416448144729619"/>
            <fprob>0.0</fprob>
        </actor>
        <actor name="D0N39">
            <wcet number="0">140</wcet>
            <wcet number="1">180</wcet>
            <maxpow number="0.5219171587215312"/>
            <maxpow number="0.5219171587215312"/>
            <fprob>0.0</fprob>
        </actor>
        <actor name="D0N43">
            <wcet number="0">80</wcet>
            <wcet number="1">80</wcet>
            <maxpow number="0.4668652157191349"/>
            <maxpow number="0.4668652157191349"/>
            <fprob>0.0</fprob>
        </actor>
        <actor name="D0N34">
            <wcet number="0">100</wcet>
            <wcet number="1">100</wcet>
            <maxpow number="0.5029581043109719"/>
            <maxpow number="0.5029581043109719"/>
            <fprob>0.0</fprob>
        </actor>
        <actor name="D0N7">
            <wcet number="0">10</wcet>
            <wcet number="1">100</wcet>
            <maxpow number="0.6283195482949872"/>
            <maxpow number="0.6283195482949872"/>
            <fprob>0.0</fprob>
        </actor>
        <actor name="D0N35">
            <wcet number="0">40</wcet>
            <wcet number="1">80</wcet>
            <maxpow number="0.35137167917029133"/>
            <maxpow number="0.35137167917029133"/>
            <fprob>0.0</fprob>
        </actor>
        <actor name="D0N32">
            <wcet number="0">60</wcet>
            <wcet number="1">60</wcet>
            <maxpow number="0.6512685727678091"/>
            <maxpow number="0.6512685727678091"/>
            <fprob>0.0</fprob>
        </actor>
        <actor name="D0N44">
            <wcet number="0">60</wcet>
            <wcet number="1">240</wcet>
            <maxpow number="0.40699087182897165"/>
            <maxpow number="0.40699087182897165"/>
            <fprob>0.0</fprob>
        </actor>
        <actor name="D0N6">
            <wcet number="0">30</wcet>
            <wcet number="1">40</wcet>
            <maxpow number="0.4299251657713648"/>
            <maxpow number="0.4299251657713648"/>
            <fprob>0.0</fprob>
        </actor>
        <actor name="D0N11">
            <wcet number="0">40</wcet>
            <wcet number="1">60</wcet>
            <maxpow number="0.6271286821383226"/>
            <maxpow number="0.6271286821383226"/>
            <fprob>0.0</fprob>
        </actor>
        <actor name="D0N9">
            <wcet number="0">20</wcet>
            <wcet number="1">20</wcet>
            <maxpow number="0.09830537797474759"/>
            <maxpow number="0.09830537797474759"/>
            <fprob>0.0</fprob>
        </actor>
        <actor name="D0N40">
            <wcet number="0">40</wcet>
            <wcet number="1">280</wcet>
            <maxpow number="0.6168764254326556"/>
            <maxpow number="0.6168764254326556"/>
            <fprob>0.0</fprob>
        </actor>
        <actor name="D0N15">
            <wcet number="0">90</wcet>
            <wcet number="1">130</wcet>
            <maxpow number="0.4637321478699261"/>
            <maxpow number="0.4637321478699261"/>
            <fprob>0.0</fprob>
        </actor>
        <actor name="D0N4">
            <wcet number="0">180</wcet>
            <wcet number="1">200</wcet>
            <maxpow number="0.40280660115972633"/>
            <maxpow number="0.40280660115972633"/>
            <fprob>0.0</fprob>
        </actor>
        <actor name="D0N5">
            <wcet number="0">10</wcet>
            <wcet number="1">30</wcet>
            <maxpow number="0.5151315257937811"/>
            <maxpow number="0.5151315257937811"/>
            <fprob>0.0</fprob>
        </actor>
        <actor name="D0N10">
            <wcet number="0">50</wcet>
            <wcet number="1">140</wcet>
            <maxpow number="0.5332240611000612"/>
            <maxpow number="0.5332240611000612"/>
            <fprob>0.0</fprob>
        </actor>
        <actor name="D0N20">
            <wcet number="0">20</wcet>
            <wcet number="1">40</wcet>
            <maxpow number="0.5501847803092673"/>
            <maxpow number="0.5501847803092673"/>
            <fprob>0.0</fprob>
        </actor>
        <actor name="D0N2">
            <wcet number="0">10</wcet>
            <wcet number="1">10</wcet>
            <maxpow number="0.6320144635148102"/>
            <maxpow number="0.6320144635148102"/>
            <fprob>0.0</fprob>
        </actor>
        <actor name="D0N3">
            <wcet number="0">50</wcet>
            <wcet number="1">80</wcet>
            <maxpow number="0.9754055821013403"/>
            <maxpow number="0.9754055821013403"/>
            <fprob>0.0</fprob>
        </actor>
        <actor name="D0N33">
            <wcet number="0">50</wcet>
            <wcet number="1">60</wcet>
            <maxpow number="0.6996587101987486"/>
            <maxpow number="0.6996587101987486"/>
            <fprob>0.0</fprob>
        </actor>
        <ports>
            <port dstActor="D0N34" name="p0" srcActor="D0N24"/>
            <port dstActor="D0N44" name="p1" srcActor="D0N24"/>
            <port dstActor="D0N36" name="p2" srcActor="D0N24"/>
            <port dstActor="D0N22" name="p3" srcActor="D0N12"/>
            <port dstActor="D0N37" name="p4" srcActor="D0N12"/>
            <port dstActor="D0N31" name="p5" srcActor="D0N12"/>
            <port dstActor="D0N21" name="p6" srcActor="D0N12"/>
            <port dstActor="D0N35" name="p7" srcActor="D0N12"/>
            <port dstActor="D0N27" name="p8" srcActor="D0N12"/>
            <port dstActor="D0N41" name="p9" srcActor="D0N23"/>
            <port dstActor="D0N38" name="p10" srcActor="D0N23"/>
            <port dstActor="D0N24" name="p11" srcActor="D0N23"/>
            <port dstActor="D0N47" name="p12" srcActor="D0N18"/>
            <port dstActor="D0N33" name="p13" srcActor="D0N17"/>
            <port dstActor="D0N35" name="p14" srcActor="D0N17"/>
            <port dstActor="D0N23" name="p15" srcActor="D0N17"/>
            <port dstActor="D0N47" name="p16" srcActor="D0N17"/>
            <port dstActor="D0N29" name="p17" srcActor="D0N17"/>
            <port dstActor="D0N44" name="p18" srcActor="D0N22"/>
            <port dstActor="D0N29" name="p19" srcActor="D0N22"/>
            <port dstActor="D0N35" name="p20" srcActor="D0N22"/>
            <port dstActor="D0N43" name="p21" srcActor="D0N21"/>
            <port dstActor="D0N30" name="p22" srcActor="D0N26"/>
            <port dstActor="D0N47" name="p23" srcActor="D0N26"/>
            <port dstActor="D0N48" name="p24" srcActor="D0N8"/>
            <port dstActor="D0N12" name="p25" srcActor="D0N8"/>
            <port dstActor="D0N9" name="p26" srcActor="D0N8"/>
            <port dstActor="D0N10" name="p27" srcActor="D0N8"/>
            <port dstActor="D0N29" name="p28" srcActor="D0N13"/>
            <port dstActor="D0N47" name="p29" srcActor="D0N13"/>
            <port dstActor="D0N35" name="p30" srcActor="D0N13"/>
            <port dstActor="D0N45" name="p31" srcActor="D0N13"/>
            <port dstActor="D0N48" name="p32" srcActor="D0N13"/>
            <port dstActor="D0N24" name="p33" srcActor="D0N19"/>
            <port dstActor="D0N37" name="p34" srcActor="D0N27"/>
            <port dstActor="D0N43" name="p35" srcActor="D0N27"/>
            <port dstActor="D0N32" name="p36" srcActor="D0N27"/>
            <port dstActor="D0N27" name="p37" srcActor="D0N16"/>
            <port dstActor="D0N48" name="p38" srcActor="D0N16"/>
            <port dstActor="D0N6" name="p39" srcActor="D0N0"/>
            <port dstActor="D0N31" name="p40" srcActor="D0N0"/>
            <port dstActor="D0N17" name="p41" srcActor="D0N0"/>
            <port dstActor="D0N23" name="p42" srcActor="D0N0"/>
            <port dstActor="D0N34" name="p43" srcActor="D0N0"/>
            <port dstActor="D0N48" name="p44" srcActor="D0N47"/>
            <port dstActor="D0N34" name="p45" srcActor="D0N31"/>
            <port dstActor="D0N46" name="p46" srcActor="D0N31"/>
            <port dstActor="D0N48" name="p47" srcActor="D0N31"/>
            <port dstActor="D0N43" name="p48" srcActor="D0N14"/>
            <port dstActor="D0N46" name="p49" srcActor="D0N14"/>
            <port dstActor="D0N21" name="p50" srcActor="D0N14"/>
            <port dstActor="D0N44" name="p51" srcActor="D0N37"/>
            <port dstActor="D0N46" name="p52" srcActor="D0N37"/>
            <port dstActor="D0N45" name="p53" srcActor="D0N41"/>
            <port dstActor="D0N40" name="p54" srcActor="D0N1"/>
            <port dstActor="D0N45" name="p55" srcActor="D0N1"/>
            <port dstActor="D0N37" name="p56" srcActor="D0N1"/>
            <port dstActor="D0N46" name="p57" srcActor="D0N1"/>
            <port dstActor="D0N21" name="p58" srcActor="D0N1"/>
            <port dstActor="D0N26" name="p59" srcActor="D0N1"/>
            <port dstActor="D0N42" name="p60" srcActor="D0N29"/>
            <port dstActor="D0N46" name="p61" srcActor="D0N29"/>
            <port dstActor="D0N31" name="p62" srcActor="D0N29"/>
            <port dstActor="D0N43" name="p63" srcActor="D0N29"/>
            <port dstActor="D0N45" name="p64" srcActor="D0N42"/>
            <port dstActor="D0N44" name="p65" srcActor="D0N42"/>
            <port dstActor="D0N48" name="p66" srcActor="D0N42"/>
            <port dstActor="D0N48" name="p67" srcActor="D0N30"/>
            <port dstActor="D0N37" name="p68" srcActor="D0N30"/>
            <port dstActor="D0N46" name="p69" srcActor="D0N30"/>
            <port dstActor="D0N29" name="p70" srcActor="D0N25"/>
            <port dstActor="D0N36" name="p71" srcActor="D0N25"/>
            <port dstActor="D0N42" name="p72" srcActor="D0N25"/>
            <port dstActor="D0N30" name="p73" srcActor="D0N25"/>
            <port dstActor="D0N45" name="p74" srcActor="D0N43"/>
            <port dstActor="D0N46" name="p75" srcActor="D0N34"/>
            <port dstActor="D0N43" name="p76" srcActor="D0N7"/>
            <port dstActor="D0N30" name="p77" srcActor="D0N7"/>
            <port dstActor="D0N38" name="p78" srcActor="D0N7"/>
            <port dstActor="D0N28" name="p79" srcActor="D0N7"/>
            <port dstActor="D0N34" name="p80" srcActor="D0N7"/>
            <port dstActor="D0N40" name="p81" srcActor="D0N7"/>
            <port dstActor="D0N23" name="p82" srcActor="D0N7"/>
            <port dstActor="D0N44" name="p83" srcActor="D0N35"/>
            <port dstActor="D0N40" name="p84" srcActor="D0N35"/>
            <port dstActor="D0N48" name="p85" srcActor="D0N35"/>
            <port dstActor="D0N47" name="p86" srcActor="D0N32"/>
            <port dstActor="D0N34" name="p87" srcActor="D0N32"/>
            <port dstActor="D0N42" name="p88" srcActor="D0N32"/>
            <port dstActor="D0N7" name="p89" srcActor="D0N6"/>
            <port dstActor="D0N28" name="p90" srcActor="D0N6"/>
            <port dstActor="D0N8" name="p91" srcActor="D0N6"/>
            <port dstActor="D0N21" name="p92" srcActor="D0N11"/>
            <port dstActor="D0N28" name="p93" srcActor="D0N11"/>
            <port dstActor="D0N47" name="p94" srcActor="D0N11"/>
            <port dstActor="D0N20" name="p95" srcActor="D0N9"/>
            <port dstActor="D0N36" name="p96" srcActor="D0N9"/>
            <port dstActor="D0N30" name="p97" srcActor="D0N9"/>
            <port dstActor="D0N16" name="p98" srcActor="D0N9"/>
            <port dstActor="D0N19" name="p99" srcActor="D0N9"/>
            <port dstActor="D0N21" name="p100" srcActor="D0N9"/>
            <port dstActor="D0N47" name="p101" srcActor="D0N40"/>
            <port dstActor="D0N25" name="p102" srcActor="D0N15"/>
            <port dstActor="D0N48" name="p103" srcActor="D0N15"/>
            <port dstActor="D0N17" name="p104" srcActor="D0N4"/>
            <port dstActor="D0N14" name="p105" srcActor="D0N4"/>
            <port dstActor="D0N47" name="p106" srcActor="D0N4"/>
            <port dstActor="D0N12" name="p107" srcActor="D0N4"/>
            <port dstActor="D0N9" name="p108" srcActor="D0N4"/>
            <port dstActor="D0N19" name="p109" srcActor="D0N5"/>
            <port dstActor="D0N47" name="p110" srcActor="D0N5"/>
            <port dstActor="D0N23" name="p111" srcActor="D0N10"/>
            <port dstActor="D0N42" name="p112" srcActor="D0N10"/>
            <port dstActor="D0N44" name="p113" srcActor="D0N10"/>
            <port dstActor="D0N34" name="p114" srcActor="D0N10"/>
            <port dstActor="D0N40" name="p115" srcActor="D0N20"/>
            <port dstActor="D0N26" name="p116" srcActor="D0N2"/>
            <port dstActor="D0N29" name="p117" srcActor="D0N2"/>
            <port dstActor="D0N35" name="p118" srcActor="D0N2"/>
            <port dstActor="D0N7" name="p119" srcActor="D0N2"/>
            <port dstActor="D0N20" name="p120" srcActor="D0N2"/>
            <port dstActor="D0N12" name="p121" srcActor="D0N3"/>
            <port dstActor="D0N24" name="p122" srcActor="D0N3"/>
            <port dstActor="D0N4" name="p123" srcActor="D0N3"/>
            <port dstActor="D0N38" name="p124" srcActor="D0N3"/>
            <port dstActor="D0N14" name="p125" srcActor="D0N3"/>
            <port dstActor="D0N47" name="p126" srcActor="D0N3"/>
            <port dstActor="D0N18" name="p127" srcActor="D0N3"/>
            <port dstActor="D0N45" name="p128" srcActor="D0N33"/>
            <port dstActor="D0N39" name="p129" srcActor="D0N33"/>
        </ports>
    </mcdag>
    <cores number="3"/>
    <levels number="2"/>
</mcsystem>
