<?xml version="1.0" encoding="UTF-8" standalone="no"?>
<mcsystem>
    <mcdag deadline="2000" name="genned-0-ed-10.0-0">
        <actor name="D0N8">
            <wcet number="0">10</wcet>
            <wcet number="1">80</wcet>
            <maxpow number="0.11691270961377925"/>
            <maxpow number="0.11691270961377925"/>
            <fprob>0.0</fprob>
        </actor>
        <actor name="D0N47">
            <wcet number="0">20</wcet>
            <wcet number="1">30</wcet>
            <maxpow number="0.5124410331716097"/>
            <maxpow number="0.5124410331716097"/>
            <fprob>0.0</fprob>
        </actor>
        <actor name="D0N44">
            <wcet number="0">160</wcet>
            <wcet number="1">250</wcet>
            <maxpow number="0.44436624919735607"/>
            <maxpow number="0.44436624919735607"/>
            <fprob>0.0</fprob>
        </actor>
        <actor name="D0N29">
            <wcet number="0">90</wcet>
            <wcet number="1">150</wcet>
            <maxpow number="0.6581438173907402"/>
            <maxpow number="0.6581438173907402"/>
            <fprob>0.0</fprob>
        </actor>
        <actor name="D0N42">
            <wcet number="0">210</wcet>
            <wcet number="1">210</wcet>
            <maxpow number="0.44249994696457295"/>
            <maxpow number="0.44249994696457295"/>
            <fprob>0.0</fprob>
        </actor>
        <actor name="D0N0">
            <wcet number="0">30</wcet>
            <wcet number="1">40</wcet>
            <maxpow number="0.49793765012245467"/>
            <maxpow number="0.49793765012245467"/>
            <fprob>0.0</fprob>
        </actor>
        <actor name="D0N18">
            <wcet number="0">20</wcet>
            <wcet number="1">70</wcet>
            <maxpow number="0.17590323804468533"/>
            <maxpow number="0.17590323804468533"/>
            <fprob>0.0</fprob>
        </actor>
        <actor name="D0N39">
            <wcet number="0">10</wcet>
            <wcet number="1">60</wcet>
            <maxpow number="0.6157543278554961"/>
            <maxpow number="0.6157543278554961"/>
            <fprob>0.0</fprob>
        </actor>
        <actor name="D0N12">
            <wcet number="0">30</wcet>
            <wcet number="1">80</wcet>
            <maxpow number="0.5462360575888241"/>
            <maxpow number="0.5462360575888241"/>
            <fprob>0.0</fprob>
        </actor>
        <actor name="D0N32">
            <wcet number="0">10</wcet>
            <wcet number="1">10</wcet>
            <maxpow number="0.31732299763267513"/>
            <maxpow number="0.31732299763267513"/>
            <fprob>0.0</fprob>
        </actor>
        <actor name="D0N2">
            <wcet number="0">30</wcet>
            <wcet number="1">40</wcet>
            <maxpow number="0.226591207872885"/>
            <maxpow number="0.226591207872885"/>
            <fprob>0.0</fprob>
        </actor>
        <actor name="D0N23">
            <wcet number="0">10</wcet>
            <wcet number="1">10</wcet>
            <maxpow number="0.5147242597492567"/>
            <maxpow number="0.5147242597492567"/>
            <fprob>0.0</fprob>
        </actor>
        <actor name="D0N40">
            <wcet number="0">20</wcet>
            <wcet number="1">50</wcet>
            <maxpow number="0.4060386167764111"/>
            <maxpow number="0.4060386167764111"/>
            <fprob>0.0</fprob>
        </actor>
        <actor name="D0N10">
            <wcet number="0">10</wcet>
            <wcet number="1">40</wcet>
            <maxpow number="0.34738975649816983"/>
            <maxpow number="0.34738975649816983"/>
            <fprob>0.0</fprob>
        </actor>
        <actor name="D0N17">
            <wcet number="0">70</wcet>
            <wcet number="1">70</wcet>
            <maxpow number="0.5742489650215649"/>
            <maxpow number="0.5742489650215649"/>
            <fprob>0.0</fprob>
        </actor>
        <actor name="D0N7">
            <wcet number="0">100</wcet>
            <wcet number="1">100</wcet>
            <maxpow number="0.6361340580652177"/>
            <maxpow number="0.6361340580652177"/>
            <fprob>0.0</fprob>
        </actor>
        <actor name="D0N26">
            <wcet number="0">110</wcet>
            <wcet number="1">110</wcet>
            <maxpow number="0.7776565250583137"/>
            <maxpow number="0.7776565250583137"/>
            <fprob>0.0</fprob>
        </actor>
        <actor name="D0N9">
            <wcet number="0">70</wcet>
            <wcet number="1">100</wcet>
            <maxpow number="0.6483562061382149"/>
            <maxpow number="0.6483562061382149"/>
            <fprob>0.0</fprob>
        </actor>
        <actor name="D0N35">
            <wcet number="0">20</wcet>
            <wcet number="1">20</wcet>
            <maxpow number="0.619789084307701"/>
            <maxpow number="0.619789084307701"/>
            <fprob>0.0</fprob>
        </actor>
        <actor name="D0N38">
            <wcet number="0">40</wcet>
            <wcet number="1">270</wcet>
            <maxpow number="0.6091270168913172"/>
            <maxpow number="0.6091270168913172"/>
            <fprob>0.0</fprob>
        </actor>
        <actor name="D0N22">
            <wcet number="0">20</wcet>
            <wcet number="1">30</wcet>
            <maxpow number="0.9308535580034318"/>
            <maxpow number="0.9308535580034318"/>
            <fprob>0.0</fprob>
        </actor>
        <actor name="D0N16">
            <wcet number="0">50</wcet>
            <wcet number="1">70</wcet>
            <maxpow number="0.4775603249754078"/>
            <maxpow number="0.4775603249754078"/>
            <fprob>0.0</fprob>
        </actor>
        <actor name="D0N11">
            <wcet number="0">40</wcet>
            <wcet number="1">50</wcet>
            <maxpow number="0.32832117426201124"/>
            <maxpow number="0.32832117426201124"/>
            <fprob>0.0</fprob>
        </actor>
        <actor name="D0N6">
            <wcet number="0">40</wcet>
            <wcet number="1">310</wcet>
            <maxpow number="0.30924178690605253"/>
            <maxpow number="0.30924178690605253"/>
            <fprob>0.0</fprob>
        </actor>
        <actor name="D0N41">
            <wcet number="0">70</wcet>
            <wcet number="1">150</wcet>
            <maxpow number="0.7044466703806695"/>
            <maxpow number="0.7044466703806695"/>
            <fprob>0.0</fprob>
        </actor>
        <actor name="D0N30">
            <wcet number="0">20</wcet>
            <wcet number="1">180</wcet>
            <maxpow number="0.6612066492894064"/>
            <maxpow number="0.6612066492894064"/>
            <fprob>0.0</fprob>
        </actor>
        <actor name="D0N45">
            <wcet number="0">80</wcet>
            <wcet number="1">110</wcet>
            <maxpow number="0.8691006599944306"/>
            <maxpow number="0.8691006599944306"/>
            <fprob>0.0</fprob>
        </actor>
        <actor name="D0N27">
            <wcet number="0">60</wcet>
            <wcet number="1">70</wcet>
            <maxpow number="0.7360218949665112"/>
            <maxpow number="0.7360218949665112"/>
            <fprob>0.0</fprob>
        </actor>
        <actor name="D0N33">
            <wcet number="0">40</wcet>
            <wcet number="1">40</wcet>
            <maxpow number="0.6436983458085681"/>
            <maxpow number="0.6436983458085681"/>
            <fprob>0.0</fprob>
        </actor>
        <actor name="D0N19">
            <wcet number="0">10</wcet>
            <wcet number="1">10</wcet>
            <maxpow number="0.37183121570675004"/>
            <maxpow number="0.37183121570675004"/>
            <fprob>0.0</fprob>
        </actor>
        <actor name="D0N20">
            <wcet number="0">160</wcet>
            <wcet number="1">160</wcet>
            <maxpow number="0.401548499036797"/>
            <maxpow number="0.401548499036797"/>
            <fprob>0.0</fprob>
        </actor>
        <actor name="D0N5">
            <wcet number="0">10</wcet>
            <wcet number="1">90</wcet>
            <maxpow number="0.5996082942937102"/>
            <maxpow number="0.5996082942937102"/>
            <fprob>0.0</fprob>
        </actor>
        <actor name="D0N15">
            <wcet number="0">30</wcet>
            <wcet number="1">30</wcet>
            <maxpow number="0.4815180247994159"/>
            <maxpow number="0.4815180247994159"/>
            <fprob>0.0</fprob>
        </actor>
        <actor name="D0N37">
            <wcet number="0">60</wcet>
            <wcet number="1">110</wcet>
            <maxpow number="0.34149109643516273"/>
            <maxpow number="0.34149109643516273"/>
            <fprob>0.0</fprob>
        </actor>
        <actor name="D0N46">
            <wcet number="0">100</wcet>
            <wcet number="1">110</wcet>
            <maxpow number="0.40586066982693936"/>
            <maxpow number="0.40586066982693936"/>
            <fprob>0.0</fprob>
        </actor>
        <actor name="D0N14">
            <wcet number="0">30</wcet>
            <wcet number="1">230</wcet>
            <maxpow number="0.43869302118464787"/>
            <maxpow number="0.43869302118464787"/>
            <fprob>0.0</fprob>
        </actor>
        <actor name="D0N43">
            <wcet number="0">30</wcet>
            <wcet number="1">70</wcet>
            <maxpow number="0.30235409921427425"/>
            <maxpow number="0.30235409921427425"/>
            <fprob>0.0</fprob>
        </actor>
        <actor name="D0N36">
            <wcet number="0">20</wcet>
            <wcet number="1">20</wcet>
            <maxpow number="0.40055210926416007"/>
            <maxpow number="0.40055210926416007"/>
            <fprob>0.0</fprob>
        </actor>
        <actor name="D0N21">
            <wcet number="0">160</wcet>
            <wcet number="1">200</wcet>
            <maxpow number="0.4111642790407961"/>
            <maxpow number="0.4111642790407961"/>
            <fprob>0.0</fprob>
        </actor>
        <actor name="D0N3">
            <wcet number="0">50</wcet>
            <wcet number="1">50</wcet>
            <maxpow number="0.7030677596688211"/>
            <maxpow number="0.7030677596688211"/>
            <fprob>0.0</fprob>
        </actor>
        <actor name="D0N1">
            <wcet number="0">40</wcet>
            <wcet number="1">70</wcet>
            <maxpow number="0.6351910802611922"/>
            <maxpow number="0.6351910802611922"/>
            <fprob>0.0</fprob>
        </actor>
        <actor name="D0N13">
            <wcet number="0">60</wcet>
            <wcet number="1">250</wcet>
            <maxpow number="0.09118457120818174"/>
            <maxpow number="0.09118457120818174"/>
            <fprob>0.0</fprob>
        </actor>
        <actor name="D0N31">
            <wcet number="0">30</wcet>
            <wcet number="1">30</wcet>
            <maxpow number="0.6062906366365918"/>
            <maxpow number="0.6062906366365918"/>
            <fprob>0.0</fprob>
        </actor>
        <actor name="D0N34">
            <wcet number="0">30</wcet>
            <wcet number="1">170</wcet>
            <maxpow number="0.6882900569863776"/>
            <maxpow number="0.6882900569863776"/>
            <fprob>0.0</fprob>
        </actor>
        <actor name="D0N28">
            <wcet number="0">10</wcet>
            <wcet number="1">80</wcet>
            <maxpow number="0.2578407769824653"/>
            <maxpow number="0.2578407769824653"/>
            <fprob>0.0</fprob>
        </actor>
        <actor name="D0N25">
            <wcet number="0">20</wcet>
            <wcet number="1">30</wcet>
            <maxpow number="0.4140980320758998"/>
            <maxpow number="0.4140980320758998"/>
            <fprob>0.0</fprob>
        </actor>
        <actor name="D0N4">
            <wcet number="0">10</wcet>
            <wcet number="1">40</wcet>
            <maxpow number="0.5773128579497665"/>
            <maxpow number="0.5773128579497665"/>
            <fprob>0.0</fprob>
        </actor>
        <actor name="D0N24">
            <wcet number="0">40</wcet>
            <wcet number="1">50</wcet>
            <maxpow number="1.1090621897322148"/>
            <maxpow number="1.1090621897322148"/>
            <fprob>0.0</fprob>
        </actor>
        <ports>
            <port dstActor="D0N25" name="p0" srcActor="D0N8"/>
            <port dstActor="D0N14" name="p1" srcActor="D0N8"/>
            <port dstActor="D0N41" name="p2" srcActor="D0N8"/>
            <port dstActor="D0N35" name="p3" srcActor="D0N8"/>
            <port dstActor="D0N47" name="p4" srcActor="D0N8"/>
            <port dstActor="D0N41" name="p5" srcActor="D0N29"/>
            <port dstActor="D0N46" name="p6" srcActor="D0N0"/>
            <port dstActor="D0N38" name="p7" srcActor="D0N0"/>
            <port dstActor="D0N21" name="p8" srcActor="D0N0"/>
            <port dstActor="D0N24" name="p9" srcActor="D0N0"/>
            <port dstActor="D0N29" name="p10" srcActor="D0N0"/>
            <port dstActor="D0N39" name="p11" srcActor="D0N18"/>
            <port dstActor="D0N22" name="p12" srcActor="D0N18"/>
            <port dstActor="D0N35" name="p13" srcActor="D0N18"/>
            <port dstActor="D0N31" name="p14" srcActor="D0N18"/>
            <port dstActor="D0N23" name="p15" srcActor="D0N18"/>
            <port dstActor="D0N30" name="p16" srcActor="D0N12"/>
            <port dstActor="D0N17" name="p17" srcActor="D0N12"/>
            <port dstActor="D0N32" name="p18" srcActor="D0N12"/>
            <port dstActor="D0N15" name="p19" srcActor="D0N12"/>
            <port dstActor="D0N33" name="p20" srcActor="D0N32"/>
            <port dstActor="D0N4" name="p21" srcActor="D0N2"/>
            <port dstActor="D0N20" name="p22" srcActor="D0N2"/>
            <port dstActor="D0N41" name="p23" srcActor="D0N2"/>
            <port dstActor="D0N43" name="p24" srcActor="D0N2"/>
            <port dstActor="D0N47" name="p25" srcActor="D0N2"/>
            <port dstActor="D0N27" name="p26" srcActor="D0N2"/>
            <port dstActor="D0N40" name="p27" srcActor="D0N2"/>
            <port dstActor="D0N34" name="p28" srcActor="D0N23"/>
            <port dstActor="D0N41" name="p29" srcActor="D0N23"/>
            <port dstActor="D0N30" name="p30" srcActor="D0N23"/>
            <port dstActor="D0N35" name="p31" srcActor="D0N23"/>
            <port dstActor="D0N45" name="p32" srcActor="D0N23"/>
            <port dstActor="D0N40" name="p33" srcActor="D0N10"/>
            <port dstActor="D0N22" name="p34" srcActor="D0N10"/>
            <port dstActor="D0N21" name="p35" srcActor="D0N10"/>
            <port dstActor="D0N27" name="p36" srcActor="D0N17"/>
            <port dstActor="D0N43" name="p37" srcActor="D0N17"/>
            <port dstActor="D0N36" name="p38" srcActor="D0N7"/>
            <port dstActor="D0N22" name="p39" srcActor="D0N7"/>
            <port dstActor="D0N32" name="p40" srcActor="D0N7"/>
            <port dstActor="D0N43" name="p41" srcActor="D0N7"/>
            <port dstActor="D0N20" name="p42" srcActor="D0N7"/>
            <port dstActor="D0N12" name="p43" srcActor="D0N7"/>
            <port dstActor="D0N31" name="p44" srcActor="D0N7"/>
            <port dstActor="D0N35" name="p45" srcActor="D0N26"/>
            <port dstActor="D0N33" name="p46" srcActor="D0N26"/>
            <port dstActor="D0N47" name="p47" srcActor="D0N26"/>
            <port dstActor="D0N23" name="p48" srcActor="D0N9"/>
            <port dstActor="D0N43" name="p49" srcActor="D0N22"/>
            <port dstActor="D0N26" name="p50" srcActor="D0N22"/>
            <port dstActor="D0N25" name="p51" srcActor="D0N16"/>
            <port dstActor="D0N21" name="p52" srcActor="D0N16"/>
            <port dstActor="D0N18" name="p53" srcActor="D0N16"/>
            <port dstActor="D0N27" name="p54" srcActor="D0N16"/>
            <port dstActor="D0N39" name="p55" srcActor="D0N11"/>
            <port dstActor="D0N33" name="p56" srcActor="D0N11"/>
            <port dstActor="D0N42" name="p57" srcActor="D0N11"/>
            <port dstActor="D0N47" name="p58" srcActor="D0N11"/>
            <port dstActor="D0N26" name="p59" srcActor="D0N6"/>
            <port dstActor="D0N36" name="p60" srcActor="D0N6"/>
            <port dstActor="D0N28" name="p61" srcActor="D0N6"/>
            <port dstActor="D0N33" name="p62" srcActor="D0N6"/>
            <port dstActor="D0N31" name="p63" srcActor="D0N30"/>
            <port dstActor="D0N34" name="p64" srcActor="D0N30"/>
            <port dstActor="D0N36" name="p65" srcActor="D0N30"/>
            <port dstActor="D0N34" name="p66" srcActor="D0N27"/>
            <port dstActor="D0N37" name="p67" srcActor="D0N33"/>
            <port dstActor="D0N40" name="p68" srcActor="D0N33"/>
            <port dstActor="D0N41" name="p69" srcActor="D0N33"/>
            <port dstActor="D0N32" name="p70" srcActor="D0N19"/>
            <port dstActor="D0N31" name="p71" srcActor="D0N19"/>
            <port dstActor="D0N24" name="p72" srcActor="D0N20"/>
            <port dstActor="D0N14" name="p73" srcActor="D0N5"/>
            <port dstActor="D0N11" name="p74" srcActor="D0N5"/>
            <port dstActor="D0N30" name="p75" srcActor="D0N5"/>
            <port dstActor="D0N37" name="p76" srcActor="D0N5"/>
            <port dstActor="D0N41" name="p77" srcActor="D0N5"/>
            <port dstActor="D0N44" name="p78" srcActor="D0N15"/>
            <port dstActor="D0N43" name="p79" srcActor="D0N15"/>
            <port dstActor="D0N36" name="p80" srcActor="D0N15"/>
            <port dstActor="D0N47" name="p81" srcActor="D0N46"/>
            <port dstActor="D0N39" name="p82" srcActor="D0N14"/>
            <port dstActor="D0N45" name="p83" srcActor="D0N14"/>
            <port dstActor="D0N21" name="p84" srcActor="D0N14"/>
            <port dstActor="D0N37" name="p85" srcActor="D0N36"/>
            <port dstActor="D0N39" name="p86" srcActor="D0N36"/>
            <port dstActor="D0N24" name="p87" srcActor="D0N21"/>
            <port dstActor="D0N42" name="p88" srcActor="D0N21"/>
            <port dstActor="D0N46" name="p89" srcActor="D0N21"/>
            <port dstActor="D0N11" name="p90" srcActor="D0N3"/>
            <port dstActor="D0N28" name="p91" srcActor="D0N3"/>
            <port dstActor="D0N37" name="p92" srcActor="D0N3"/>
            <port dstActor="D0N20" name="p93" srcActor="D0N3"/>
            <port dstActor="D0N10" name="p94" srcActor="D0N3"/>
            <port dstActor="D0N22" name="p95" srcActor="D0N3"/>
            <port dstActor="D0N6" name="p96" srcActor="D0N1"/>
            <port dstActor="D0N16" name="p97" srcActor="D0N1"/>
            <port dstActor="D0N20" name="p98" srcActor="D0N1"/>
            <port dstActor="D0N45" name="p99" srcActor="D0N13"/>
            <port dstActor="D0N40" name="p100" srcActor="D0N13"/>
            <port dstActor="D0N23" name="p101" srcActor="D0N13"/>
            <port dstActor="D0N46" name="p102" srcActor="D0N13"/>
            <port dstActor="D0N39" name="p103" srcActor="D0N31"/>
            <port dstActor="D0N47" name="p104" srcActor="D0N31"/>
            <port dstActor="D0N40" name="p105" srcActor="D0N34"/>
            <port dstActor="D0N35" name="p106" srcActor="D0N34"/>
            <port dstActor="D0N41" name="p107" srcActor="D0N34"/>
            <port dstActor="D0N37" name="p108" srcActor="D0N34"/>
            <port dstActor="D0N29" name="p109" srcActor="D0N28"/>
            <port dstActor="D0N31" name="p110" srcActor="D0N25"/>
            <port dstActor="D0N42" name="p111" srcActor="D0N25"/>
            <port dstActor="D0N36" name="p112" srcActor="D0N25"/>
            <port dstActor="D0N34" name="p113" srcActor="D0N25"/>
            <port dstActor="D0N37" name="p114" srcActor="D0N25"/>
            <port dstActor="D0N17" name="p115" srcActor="D0N4"/>
            <port dstActor="D0N14" name="p116" srcActor="D0N4"/>
            <port dstActor="D0N28" name="p117" srcActor="D0N4"/>
            <port dstActor="D0N46" name="p118" srcActor="D0N4"/>
            <port dstActor="D0N38" name="p119" srcActor="D0N4"/>
            <port dstActor="D0N28" name="p120" srcActor="D0N24"/>
            <port dstActor="D0N26" name="p121" srcActor="D0N24"/>
            <port dstActor="D0N35" name="p122" srcActor="D0N24"/>
            <port dstActor="D0N40" name="p123" srcActor="D0N24"/>
        </ports>
    </mcdag>
    <cores number="3"/>
    <levels number="2"/>
</mcsystem>
