<?xml version="1.0" encoding="UTF-8" standalone="no"?>
<mcsystem>
    <mcdag deadline="2500" name="genned-0-ed-10.0-0">
        <actor name="D0N2">
            <wcet number="0">170</wcet>
            <wcet number="1">310</wcet>
            <maxpow number="0.46631654301344516"/>
            <maxpow number="0.46631654301344516"/>
            <fprob>0.0</fprob>
        </actor>
        <actor name="D0N6">
            <wcet number="0">120</wcet>
            <wcet number="1">130</wcet>
            <maxpow number="0.5277023037333212"/>
            <maxpow number="0.5277023037333212"/>
            <fprob>0.0</fprob>
        </actor>
        <actor name="D0N1">
            <wcet number="0">30</wcet>
            <wcet number="1">40</wcet>
            <maxpow number="0.2434259042351139"/>
            <maxpow number="0.2434259042351139"/>
            <fprob>0.0</fprob>
        </actor>
        <actor name="D0N26">
            <wcet number="0">70</wcet>
            <wcet number="1">90</wcet>
            <maxpow number="0.6847895977583289"/>
            <maxpow number="0.6847895977583289"/>
            <fprob>0.0</fprob>
        </actor>
        <actor name="D0N0">
            <wcet number="0">300</wcet>
            <wcet number="1">360</wcet>
            <maxpow number="0.8868966443222266"/>
            <maxpow number="0.8868966443222266"/>
            <fprob>0.0</fprob>
        </actor>
        <actor name="D0N22">
            <wcet number="0">10</wcet>
            <wcet number="1">20</wcet>
            <maxpow number="0.8563825488596402"/>
            <maxpow number="0.8563825488596402"/>
            <fprob>0.0</fprob>
        </actor>
        <actor name="D0N17">
            <wcet number="0">20</wcet>
            <wcet number="1">80</wcet>
            <maxpow number="0.4090748811620276"/>
            <maxpow number="0.4090748811620276"/>
            <fprob>0.0</fprob>
        </actor>
        <actor name="D0N11">
            <wcet number="0">10</wcet>
            <wcet number="1">20</wcet>
            <maxpow number="0.7417770083136885"/>
            <maxpow number="0.7417770083136885"/>
            <fprob>0.0</fprob>
        </actor>
        <actor name="D0N31">
            <wcet number="0">90</wcet>
            <wcet number="1">90</wcet>
            <maxpow number="0.7668486374908832"/>
            <maxpow number="0.7668486374908832"/>
            <fprob>0.0</fprob>
        </actor>
        <actor name="D0N30">
            <wcet number="0">20</wcet>
            <wcet number="1">20</wcet>
            <maxpow number="0.7919363535406805"/>
            <maxpow number="0.7919363535406805"/>
            <fprob>0.0</fprob>
        </actor>
        <actor name="D0N8">
            <wcet number="0">10</wcet>
            <wcet number="1">10</wcet>
            <maxpow number="0.4436886354654264"/>
            <maxpow number="0.4436886354654264"/>
            <fprob>0.0</fprob>
        </actor>
        <actor name="D0N29">
            <wcet number="0">10</wcet>
            <wcet number="1">10</wcet>
            <maxpow number="0.4913151150291702"/>
            <maxpow number="0.4913151150291702"/>
            <fprob>0.0</fprob>
        </actor>
        <actor name="D0N40">
            <wcet number="0">40</wcet>
            <wcet number="1">60</wcet>
            <maxpow number="0.6207602009299416"/>
            <maxpow number="0.6207602009299416"/>
            <fprob>0.0</fprob>
        </actor>
        <actor name="D0N38">
            <wcet number="0">40</wcet>
            <wcet number="1">40</wcet>
            <maxpow number="0.5421608135593773"/>
            <maxpow number="0.5421608135593773"/>
            <fprob>0.0</fprob>
        </actor>
        <actor name="D0N3">
            <wcet number="0">50</wcet>
            <wcet number="1">60</wcet>
            <maxpow number="0.22296081913072302"/>
            <maxpow number="0.22296081913072302"/>
            <fprob>0.0</fprob>
        </actor>
        <actor name="D0N47">
            <wcet number="0">40</wcet>
            <wcet number="1">160</wcet>
            <maxpow number="0.4613592396404665"/>
            <maxpow number="0.4613592396404665"/>
            <fprob>0.0</fprob>
        </actor>
        <actor name="D0N7">
            <wcet number="0">200</wcet>
            <wcet number="1">230</wcet>
            <maxpow number="0.5344057757645617"/>
            <maxpow number="0.5344057757645617"/>
            <fprob>0.0</fprob>
        </actor>
        <actor name="D0N28">
            <wcet number="0">100</wcet>
            <wcet number="1">130</wcet>
            <maxpow number="0.7502032782957201"/>
            <maxpow number="0.7502032782957201"/>
            <fprob>0.0</fprob>
        </actor>
        <actor name="D0N19">
            <wcet number="0">40</wcet>
            <wcet number="1">60</wcet>
            <maxpow number="0.4546848991762968"/>
            <maxpow number="0.4546848991762968"/>
            <fprob>0.0</fprob>
        </actor>
        <actor name="D0N13">
            <wcet number="0">20</wcet>
            <wcet number="1">20</wcet>
            <maxpow number="0.6439583624284736"/>
            <maxpow number="0.6439583624284736"/>
            <fprob>0.0</fprob>
        </actor>
        <actor name="D0N12">
            <wcet number="0">150</wcet>
            <wcet number="1">150</wcet>
            <maxpow number="0.16694564356862623"/>
            <maxpow number="0.16694564356862623"/>
            <fprob>0.0</fprob>
        </actor>
        <actor name="D0N4">
            <wcet number="0">130</wcet>
            <wcet number="1">130</wcet>
            <maxpow number="0.5302817272641481"/>
            <maxpow number="0.5302817272641481"/>
            <fprob>0.0</fprob>
        </actor>
        <actor name="D0N42">
            <wcet number="0">20</wcet>
            <wcet number="1">20</wcet>
            <maxpow number="0.6695843020360117"/>
            <maxpow number="0.6695843020360117"/>
            <fprob>0.0</fprob>
        </actor>
        <actor name="D0N20">
            <wcet number="0">310</wcet>
            <wcet number="1">340</wcet>
            <maxpow number="0.48259841145180765"/>
            <maxpow number="0.48259841145180765"/>
            <fprob>0.0</fprob>
        </actor>
        <actor name="D0N43">
            <wcet number="0">80</wcet>
            <wcet number="1">90</wcet>
            <maxpow number="0.7618461225010555"/>
            <maxpow number="0.7618461225010555"/>
            <fprob>0.0</fprob>
        </actor>
        <actor name="D0N33">
            <wcet number="0">10</wcet>
            <wcet number="1">30</wcet>
            <maxpow number="0.33187074930612726"/>
            <maxpow number="0.33187074930612726"/>
            <fprob>0.0</fprob>
        </actor>
        <actor name="D0N44">
            <wcet number="0">20</wcet>
            <wcet number="1">160</wcet>
            <maxpow number="0.2848815724960126"/>
            <maxpow number="0.2848815724960126"/>
            <fprob>0.0</fprob>
        </actor>
        <actor name="D0N14">
            <wcet number="0">70</wcet>
            <wcet number="1">90</wcet>
            <maxpow number="0.6848526162799562"/>
            <maxpow number="0.6848526162799562"/>
            <fprob>0.0</fprob>
        </actor>
        <actor name="D0N32">
            <wcet number="0">40</wcet>
            <wcet number="1">70</wcet>
            <maxpow number="0.5246442466804002"/>
            <maxpow number="0.5246442466804002"/>
            <fprob>0.0</fprob>
        </actor>
        <actor name="D0N46">
            <wcet number="0">350</wcet>
            <wcet number="1">430</wcet>
            <maxpow number="0.6222545892581294"/>
            <maxpow number="0.6222545892581294"/>
            <fprob>0.0</fprob>
        </actor>
        <actor name="D0N25">
            <wcet number="0">40</wcet>
            <wcet number="1">60</wcet>
            <maxpow number="0.4229721345860793"/>
            <maxpow number="0.4229721345860793"/>
            <fprob>0.0</fprob>
        </actor>
        <actor name="D0N39">
            <wcet number="0">40</wcet>
            <wcet number="1">300</wcet>
            <maxpow number="0.6822377474432603"/>
            <maxpow number="0.6822377474432603"/>
            <fprob>0.0</fprob>
        </actor>
        <actor name="D0N24">
            <wcet number="0">140</wcet>
            <wcet number="1">140</wcet>
            <maxpow number="0.5523815165663818"/>
            <maxpow number="0.5523815165663818"/>
            <fprob>0.0</fprob>
        </actor>
        <actor name="D0N45">
            <wcet number="0">30</wcet>
            <wcet number="1">30</wcet>
            <maxpow number="0.6129441837434364"/>
            <maxpow number="0.6129441837434364"/>
            <fprob>0.0</fprob>
        </actor>
        <actor name="D0N41">
            <wcet number="0">50</wcet>
            <wcet number="1">100</wcet>
            <maxpow number="0.3645222816950372"/>
            <maxpow number="0.3645222816950372"/>
            <fprob>0.0</fprob>
        </actor>
        <actor name="D0N9">
            <wcet number="0">30</wcet>
            <wcet number="1">30</wcet>
            <maxpow number="0.6287886061550424"/>
            <maxpow number="0.6287886061550424"/>
            <fprob>0.0</fprob>
        </actor>
        <actor name="D0N34">
            <wcet number="0">10</wcet>
            <wcet number="1">60</wcet>
            <maxpow number="0.41786382745784756"/>
            <maxpow number="0.41786382745784756"/>
            <fprob>0.0</fprob>
        </actor>
        <actor name="D0N10">
            <wcet number="0">30</wcet>
            <wcet number="1">30</wcet>
            <maxpow number="0.5626587621222735"/>
            <maxpow number="0.5626587621222735"/>
            <fprob>0.0</fprob>
        </actor>
        <actor name="D0N15">
            <wcet number="0">20</wcet>
            <wcet number="1">20</wcet>
            <maxpow number="0.7321888107530535"/>
            <maxpow number="0.7321888107530535"/>
            <fprob>0.0</fprob>
        </actor>
        <actor name="D0N5">
            <wcet number="0">30</wcet>
            <wcet number="1">90</wcet>
            <maxpow number="0.32701844425649734"/>
            <maxpow number="0.32701844425649734"/>
            <fprob>0.0</fprob>
        </actor>
        <actor name="D0N23">
            <wcet number="0">10</wcet>
            <wcet number="1">10</wcet>
            <maxpow number="0.5934292654358574"/>
            <maxpow number="0.5934292654358574"/>
            <fprob>0.0</fprob>
        </actor>
        <actor name="D0N36">
            <wcet number="0">100</wcet>
            <wcet number="1">120</wcet>
            <maxpow number="0.6918179270806"/>
            <maxpow number="0.6918179270806"/>
            <fprob>0.0</fprob>
        </actor>
        <actor name="D0N37">
            <wcet number="0">20</wcet>
            <wcet number="1">130</wcet>
            <maxpow number="0.487816443325239"/>
            <maxpow number="0.487816443325239"/>
            <fprob>0.0</fprob>
        </actor>
        <actor name="D0N16">
            <wcet number="0">50</wcet>
            <wcet number="1">150</wcet>
            <maxpow number="0.7490112659786123"/>
            <maxpow number="0.7490112659786123"/>
            <fprob>0.0</fprob>
        </actor>
        <actor name="D0N18">
            <wcet number="0">30</wcet>
            <wcet number="1">120</wcet>
            <maxpow number="0.3577688764155639"/>
            <maxpow number="0.3577688764155639"/>
            <fprob>0.0</fprob>
        </actor>
        <actor name="D0N35">
            <wcet number="0">170</wcet>
            <wcet number="1">220</wcet>
            <maxpow number="0.763479754093623"/>
            <maxpow number="0.763479754093623"/>
            <fprob>0.0</fprob>
        </actor>
        <actor name="D0N27">
            <wcet number="0">130</wcet>
            <wcet number="1">160</wcet>
            <maxpow number="0.6585122813975014"/>
            <maxpow number="0.6585122813975014"/>
            <fprob>0.0</fprob>
        </actor>
        <actor name="D0N21">
            <wcet number="0">20</wcet>
            <wcet number="1">30</wcet>
            <maxpow number="0.6138545828486388"/>
            <maxpow number="0.6138545828486388"/>
            <fprob>0.0</fprob>
        </actor>
        <ports>
            <port dstActor="D0N42" name="p0" srcActor="D0N2"/>
            <port dstActor="D0N23" name="p1" srcActor="D0N6"/>
            <port dstActor="D0N43" name="p2" srcActor="D0N6"/>
            <port dstActor="D0N10" name="p3" srcActor="D0N6"/>
            <port dstActor="D0N14" name="p4" srcActor="D0N6"/>
            <port dstActor="D0N24" name="p5" srcActor="D0N6"/>
            <port dstActor="D0N2" name="p6" srcActor="D0N1"/>
            <port dstActor="D0N7" name="p7" srcActor="D0N1"/>
            <port dstActor="D0N27" name="p8" srcActor="D0N1"/>
            <port dstActor="D0N10" name="p9" srcActor="D0N1"/>
            <port dstActor="D0N32" name="p10" srcActor="D0N1"/>
            <port dstActor="D0N11" name="p11" srcActor="D0N1"/>
            <port dstActor="D0N38" name="p12" srcActor="D0N26"/>
            <port dstActor="D0N29" name="p13" srcActor="D0N0"/>
            <port dstActor="D0N15" name="p14" srcActor="D0N0"/>
            <port dstActor="D0N42" name="p15" srcActor="D0N0"/>
            <port dstActor="D0N23" name="p16" srcActor="D0N22"/>
            <port dstActor="D0N29" name="p17" srcActor="D0N22"/>
            <port dstActor="D0N46" name="p18" srcActor="D0N22"/>
            <port dstActor="D0N47" name="p19" srcActor="D0N17"/>
            <port dstActor="D0N40" name="p20" srcActor="D0N17"/>
            <port dstActor="D0N43" name="p21" srcActor="D0N17"/>
            <port dstActor="D0N41" name="p22" srcActor="D0N11"/>
            <port dstActor="D0N25" name="p23" srcActor="D0N11"/>
            <port dstActor="D0N33" name="p24" srcActor="D0N11"/>
            <port dstActor="D0N36" name="p25" srcActor="D0N11"/>
            <port dstActor="D0N47" name="p26" srcActor="D0N31"/>
            <port dstActor="D0N35" name="p27" srcActor="D0N30"/>
            <port dstActor="D0N31" name="p28" srcActor="D0N8"/>
            <port dstActor="D0N40" name="p29" srcActor="D0N8"/>
            <port dstActor="D0N34" name="p30" srcActor="D0N8"/>
            <port dstActor="D0N36" name="p31" srcActor="D0N8"/>
            <port dstActor="D0N29" name="p32" srcActor="D0N8"/>
            <port dstActor="D0N42" name="p33" srcActor="D0N38"/>
            <port dstActor="D0N4" name="p34" srcActor="D0N3"/>
            <port dstActor="D0N14" name="p35" srcActor="D0N3"/>
            <port dstActor="D0N37" name="p36" srcActor="D0N3"/>
            <port dstActor="D0N40" name="p37" srcActor="D0N3"/>
            <port dstActor="D0N46" name="p38" srcActor="D0N3"/>
            <port dstActor="D0N36" name="p39" srcActor="D0N3"/>
            <port dstActor="D0N44" name="p40" srcActor="D0N7"/>
            <port dstActor="D0N38" name="p41" srcActor="D0N7"/>
            <port dstActor="D0N23" name="p42" srcActor="D0N7"/>
            <port dstActor="D0N39" name="p43" srcActor="D0N7"/>
            <port dstActor="D0N37" name="p44" srcActor="D0N28"/>
            <port dstActor="D0N21" name="p45" srcActor="D0N19"/>
            <port dstActor="D0N44" name="p46" srcActor="D0N19"/>
            <port dstActor="D0N45" name="p47" srcActor="D0N19"/>
            <port dstActor="D0N42" name="p48" srcActor="D0N19"/>
            <port dstActor="D0N44" name="p49" srcActor="D0N13"/>
            <port dstActor="D0N36" name="p50" srcActor="D0N13"/>
            <port dstActor="D0N16" name="p51" srcActor="D0N13"/>
            <port dstActor="D0N20" name="p52" srcActor="D0N13"/>
            <port dstActor="D0N31" name="p53" srcActor="D0N12"/>
            <port dstActor="D0N22" name="p54" srcActor="D0N12"/>
            <port dstActor="D0N27" name="p55" srcActor="D0N12"/>
            <port dstActor="D0N39" name="p56" srcActor="D0N12"/>
            <port dstActor="D0N28" name="p57" srcActor="D0N4"/>
            <port dstActor="D0N37" name="p58" srcActor="D0N4"/>
            <port dstActor="D0N44" name="p59" srcActor="D0N20"/>
            <port dstActor="D0N35" name="p60" srcActor="D0N33"/>
            <port dstActor="D0N44" name="p61" srcActor="D0N33"/>
            <port dstActor="D0N17" name="p62" srcActor="D0N14"/>
            <port dstActor="D0N42" name="p63" srcActor="D0N14"/>
            <port dstActor="D0N35" name="p64" srcActor="D0N32"/>
            <port dstActor="D0N39" name="p65" srcActor="D0N32"/>
            <port dstActor="D0N41" name="p66" srcActor="D0N32"/>
            <port dstActor="D0N40" name="p67" srcActor="D0N25"/>
            <port dstActor="D0N35" name="p68" srcActor="D0N25"/>
            <port dstActor="D0N41" name="p69" srcActor="D0N24"/>
            <port dstActor="D0N37" name="p70" srcActor="D0N24"/>
            <port dstActor="D0N47" name="p71" srcActor="D0N24"/>
            <port dstActor="D0N12" name="p72" srcActor="D0N9"/>
            <port dstActor="D0N10" name="p73" srcActor="D0N9"/>
            <port dstActor="D0N24" name="p74" srcActor="D0N9"/>
            <port dstActor="D0N15" name="p75" srcActor="D0N10"/>
            <port dstActor="D0N21" name="p76" srcActor="D0N10"/>
            <port dstActor="D0N43" name="p77" srcActor="D0N10"/>
            <port dstActor="D0N16" name="p78" srcActor="D0N10"/>
            <port dstActor="D0N17" name="p79" srcActor="D0N10"/>
            <port dstActor="D0N14" name="p80" srcActor="D0N10"/>
            <port dstActor="D0N32" name="p81" srcActor="D0N15"/>
            <port dstActor="D0N22" name="p82" srcActor="D0N15"/>
            <port dstActor="D0N19" name="p83" srcActor="D0N5"/>
            <port dstActor="D0N40" name="p84" srcActor="D0N5"/>
            <port dstActor="D0N32" name="p85" srcActor="D0N5"/>
            <port dstActor="D0N42" name="p86" srcActor="D0N5"/>
            <port dstActor="D0N46" name="p87" srcActor="D0N23"/>
            <port dstActor="D0N24" name="p88" srcActor="D0N23"/>
            <port dstActor="D0N39" name="p89" srcActor="D0N36"/>
            <port dstActor="D0N40" name="p90" srcActor="D0N36"/>
            <port dstActor="D0N17" name="p91" srcActor="D0N16"/>
            <port dstActor="D0N42" name="p92" srcActor="D0N16"/>
            <port dstActor="D0N38" name="p93" srcActor="D0N16"/>
            <port dstActor="D0N35" name="p94" srcActor="D0N18"/>
            <port dstActor="D0N24" name="p95" srcActor="D0N18"/>
            <port dstActor="D0N43" name="p96" srcActor="D0N18"/>
            <port dstActor="D0N29" name="p97" srcActor="D0N18"/>
            <port dstActor="D0N47" name="p98" srcActor="D0N35"/>
            <port dstActor="D0N38" name="p99" srcActor="D0N35"/>
            <port dstActor="D0N41" name="p100" srcActor="D0N27"/>
            <port dstActor="D0N39" name="p101" srcActor="D0N27"/>
            <port dstActor="D0N36" name="p102" srcActor="D0N27"/>
            <port dstActor="D0N43" name="p103" srcActor="D0N21"/>
            <port dstActor="D0N35" name="p104" srcActor="D0N21"/>
            <port dstActor="D0N37" name="p105" srcActor="D0N21"/>
        </ports>
    </mcdag>
    <cores number="3"/>
    <levels number="2"/>
</mcsystem>
