<?xml version="1.0" encoding="UTF-8" standalone="no"?>
<mcsystem>
    <mcdag deadline="2500" name="genned-0-ed-10.0-0">
        <actor name="D0N14">
            <wcet number="0">10</wcet>
            <wcet number="1">30</wcet>
            <maxpow number="0.45365493223766673"/>
            <maxpow number="0.45365493223766673"/>
            <fprob>0.0</fprob>
        </actor>
        <actor name="D0N45">
            <wcet number="0">70</wcet>
            <wcet number="1">170</wcet>
            <maxpow number="0.44263162011609003"/>
            <maxpow number="0.44263162011609003"/>
            <fprob>0.0</fprob>
        </actor>
        <actor name="D0N18">
            <wcet number="0">10</wcet>
            <wcet number="1">10</wcet>
            <maxpow number="0.5916164041623375"/>
            <maxpow number="0.5916164041623375"/>
            <fprob>0.0</fprob>
        </actor>
        <actor name="D0N23">
            <wcet number="0">10</wcet>
            <wcet number="1">10</wcet>
            <maxpow number="0.638381251836604"/>
            <maxpow number="0.638381251836604"/>
            <fprob>0.0</fprob>
        </actor>
        <actor name="D0N27">
            <wcet number="0">260</wcet>
            <wcet number="1">300</wcet>
            <maxpow number="0.6115652748088761"/>
            <maxpow number="0.6115652748088761"/>
            <fprob>0.0</fprob>
        </actor>
        <actor name="D0N28">
            <wcet number="0">10</wcet>
            <wcet number="1">40</wcet>
            <maxpow number="0.40599191027380777"/>
            <maxpow number="0.40599191027380777"/>
            <fprob>0.0</fprob>
        </actor>
        <actor name="D0N26">
            <wcet number="0">20</wcet>
            <wcet number="1">50</wcet>
            <maxpow number="0.6508468951529004"/>
            <maxpow number="0.6508468951529004"/>
            <fprob>0.0</fprob>
        </actor>
        <actor name="D0N11">
            <wcet number="0">160</wcet>
            <wcet number="1">280</wcet>
            <maxpow number="0.3614428663686957"/>
            <maxpow number="0.3614428663686957"/>
            <fprob>0.0</fprob>
        </actor>
        <actor name="D0N10">
            <wcet number="0">100</wcet>
            <wcet number="1">310</wcet>
            <maxpow number="0.6320468067921488"/>
            <maxpow number="0.6320468067921488"/>
            <fprob>0.0</fprob>
        </actor>
        <actor name="D0N8">
            <wcet number="0">60</wcet>
            <wcet number="1">70</wcet>
            <maxpow number="0.9933367594349425"/>
            <maxpow number="0.9933367594349425"/>
            <fprob>0.0</fprob>
        </actor>
        <actor name="D0N21">
            <wcet number="0">10</wcet>
            <wcet number="1">10</wcet>
            <maxpow number="0.6477698809402286"/>
            <maxpow number="0.6477698809402286"/>
            <fprob>0.0</fprob>
        </actor>
        <actor name="D0N3">
            <wcet number="0">350</wcet>
            <wcet number="1">370</wcet>
            <maxpow number="0.5948877474922413"/>
            <maxpow number="0.5948877474922413"/>
            <fprob>0.0</fprob>
        </actor>
        <actor name="D0N4">
            <wcet number="0">140</wcet>
            <wcet number="1">150</wcet>
            <maxpow number="0.6509950071724506"/>
            <maxpow number="0.6509950071724506"/>
            <fprob>0.0</fprob>
        </actor>
        <actor name="D0N19">
            <wcet number="0">90</wcet>
            <wcet number="1">270</wcet>
            <maxpow number="0.3544192615015733"/>
            <maxpow number="0.3544192615015733"/>
            <fprob>0.0</fprob>
        </actor>
        <actor name="D0N16">
            <wcet number="0">20</wcet>
            <wcet number="1">30</wcet>
            <maxpow number="0.8493382983158158"/>
            <maxpow number="0.8493382983158158"/>
            <fprob>0.0</fprob>
        </actor>
        <actor name="D0N33">
            <wcet number="0">210</wcet>
            <wcet number="1">230</wcet>
            <maxpow number="0.4961029937523319"/>
            <maxpow number="0.4961029937523319"/>
            <fprob>0.0</fprob>
        </actor>
        <actor name="D0N13">
            <wcet number="0">40</wcet>
            <wcet number="1">40</wcet>
            <maxpow number="0.2839512376010205"/>
            <maxpow number="0.2839512376010205"/>
            <fprob>0.0</fprob>
        </actor>
        <actor name="D0N47">
            <wcet number="0">10</wcet>
            <wcet number="1">10</wcet>
            <maxpow number="0.696733084441326"/>
            <maxpow number="0.696733084441326"/>
            <fprob>0.0</fprob>
        </actor>
        <actor name="D0N17">
            <wcet number="0">270</wcet>
            <wcet number="1">330</wcet>
            <maxpow number="0.6061317484327393"/>
            <maxpow number="0.6061317484327393"/>
            <fprob>0.0</fprob>
        </actor>
        <actor name="D0N32">
            <wcet number="0">10</wcet>
            <wcet number="1">20</wcet>
            <maxpow number="0.5147711039691649"/>
            <maxpow number="0.5147711039691649"/>
            <fprob>0.0</fprob>
        </actor>
        <actor name="D0N25">
            <wcet number="0">100</wcet>
            <wcet number="1">110</wcet>
            <maxpow number="0.2827781606019798"/>
            <maxpow number="0.2827781606019798"/>
            <fprob>0.0</fprob>
        </actor>
        <actor name="D0N48">
            <wcet number="0">20</wcet>
            <wcet number="1">20</wcet>
            <maxpow number="0.4974899586256536"/>
            <maxpow number="0.4974899586256536"/>
            <fprob>0.0</fprob>
        </actor>
        <actor name="D0N15">
            <wcet number="0">20</wcet>
            <wcet number="1">110</wcet>
            <maxpow number="0.6778977326769549"/>
            <maxpow number="0.6778977326769549"/>
            <fprob>0.0</fprob>
        </actor>
        <actor name="D0N31">
            <wcet number="0">20</wcet>
            <wcet number="1">40</wcet>
            <maxpow number="0.5906401859734829"/>
            <maxpow number="0.5906401859734829"/>
            <fprob>0.0</fprob>
        </actor>
        <actor name="D0N1">
            <wcet number="0">30</wcet>
            <wcet number="1">120</wcet>
            <maxpow number="0.793999337761984"/>
            <maxpow number="0.793999337761984"/>
            <fprob>0.0</fprob>
        </actor>
        <actor name="D0N2">
            <wcet number="0">40</wcet>
            <wcet number="1">350</wcet>
            <maxpow number="0.5017560774298022"/>
            <maxpow number="0.5017560774298022"/>
            <fprob>0.0</fprob>
        </actor>
        <actor name="D0N24">
            <wcet number="0">20</wcet>
            <wcet number="1">60</wcet>
            <maxpow number="0.7947610558170632"/>
            <maxpow number="0.7947610558170632"/>
            <fprob>0.0</fprob>
        </actor>
        <actor name="D0N42">
            <wcet number="0">180</wcet>
            <wcet number="1">220</wcet>
            <maxpow number="0.440818959417774"/>
            <maxpow number="0.440818959417774"/>
            <fprob>0.0</fprob>
        </actor>
        <actor name="D0N7">
            <wcet number="0">20</wcet>
            <wcet number="1">120</wcet>
            <maxpow number="0.7547317952839396"/>
            <maxpow number="0.7547317952839396"/>
            <fprob>0.0</fprob>
        </actor>
        <actor name="D0N35">
            <wcet number="0">70</wcet>
            <wcet number="1">300</wcet>
            <maxpow number="0.3605086596583178"/>
            <maxpow number="0.3605086596583178"/>
            <fprob>0.0</fprob>
        </actor>
        <actor name="D0N36">
            <wcet number="0">50</wcet>
            <wcet number="1">140</wcet>
            <maxpow number="0.6018407511415821"/>
            <maxpow number="0.6018407511415821"/>
            <fprob>0.0</fprob>
        </actor>
        <actor name="D0N29">
            <wcet number="0">50</wcet>
            <wcet number="1">200</wcet>
            <maxpow number="0.41671815348690266"/>
            <maxpow number="0.41671815348690266"/>
            <fprob>0.0</fprob>
        </actor>
        <actor name="D0N40">
            <wcet number="0">10</wcet>
            <wcet number="1">30</wcet>
            <maxpow number="0.48514403797743033"/>
            <maxpow number="0.48514403797743033"/>
            <fprob>0.0</fprob>
        </actor>
        <actor name="D0N37">
            <wcet number="0">30</wcet>
            <wcet number="1">130</wcet>
            <maxpow number="0.47428302248613435"/>
            <maxpow number="0.47428302248613435"/>
            <fprob>0.0</fprob>
        </actor>
        <actor name="D0N20">
            <wcet number="0">30</wcet>
            <wcet number="1">60</wcet>
            <maxpow number="0.6932154399991757"/>
            <maxpow number="0.6932154399991757"/>
            <fprob>0.0</fprob>
        </actor>
        <actor name="D0N5">
            <wcet number="0">110</wcet>
            <wcet number="1">250</wcet>
            <maxpow number="0.4662946245629817"/>
            <maxpow number="0.4662946245629817"/>
            <fprob>0.0</fprob>
        </actor>
        <actor name="D0N34">
            <wcet number="0">50</wcet>
            <wcet number="1">60</wcet>
            <maxpow number="0.2741933713132991"/>
            <maxpow number="0.2741933713132991"/>
            <fprob>0.0</fprob>
        </actor>
        <actor name="D0N12">
            <wcet number="0">40</wcet>
            <wcet number="1">70</wcet>
            <maxpow number="0.4472092028059221"/>
            <maxpow number="0.4472092028059221"/>
            <fprob>0.0</fprob>
        </actor>
        <actor name="D0N43">
            <wcet number="0">30</wcet>
            <wcet number="1">100</wcet>
            <maxpow number="0.6260689288493007"/>
            <maxpow number="0.6260689288493007"/>
            <fprob>0.0</fprob>
        </actor>
        <actor name="D0N41">
            <wcet number="0">160</wcet>
            <wcet number="1">170</wcet>
            <maxpow number="0.4203979601176843"/>
            <maxpow number="0.4203979601176843"/>
            <fprob>0.0</fprob>
        </actor>
        <actor name="D0N46">
            <wcet number="0">70</wcet>
            <wcet number="1">100</wcet>
            <maxpow number="0.3295623359497535"/>
            <maxpow number="0.3295623359497535"/>
            <fprob>0.0</fprob>
        </actor>
        <actor name="D0N6">
            <wcet number="0">90</wcet>
            <wcet number="1">90</wcet>
            <maxpow number="0.7628892868139219"/>
            <maxpow number="0.7628892868139219"/>
            <fprob>0.0</fprob>
        </actor>
        <actor name="D0N9">
            <wcet number="0">300</wcet>
            <wcet number="1">510</wcet>
            <maxpow number="0.625334921825732"/>
            <maxpow number="0.625334921825732"/>
            <fprob>0.0</fprob>
        </actor>
        <actor name="D0N22">
            <wcet number="0">210</wcet>
            <wcet number="1">410</wcet>
            <maxpow number="0.4988114926435543"/>
            <maxpow number="0.4988114926435543"/>
            <fprob>0.0</fprob>
        </actor>
        <actor name="D0N44">
            <wcet number="0">60</wcet>
            <wcet number="1">210</wcet>
            <maxpow number="0.6254820273561508"/>
            <maxpow number="0.6254820273561508"/>
            <fprob>0.0</fprob>
        </actor>
        <actor name="D0N30">
            <wcet number="0">10</wcet>
            <wcet number="1">10</wcet>
            <maxpow number="0.38038333358397924"/>
            <maxpow number="0.38038333358397924"/>
            <fprob>0.0</fprob>
        </actor>
        <actor name="D0N39">
            <wcet number="0">180</wcet>
            <wcet number="1">180</wcet>
            <maxpow number="0.4983498149856055"/>
            <maxpow number="0.4983498149856055"/>
            <fprob>0.0</fprob>
        </actor>
        <actor name="D0N0">
            <wcet number="0">30</wcet>
            <wcet number="1">70</wcet>
            <maxpow number="0.67953595545337"/>
            <maxpow number="0.67953595545337"/>
            <fprob>0.0</fprob>
        </actor>
        <actor name="D0N38">
            <wcet number="0">20</wcet>
            <wcet number="1">30</wcet>
            <maxpow number="0.7017103304014718"/>
            <maxpow number="0.7017103304014718"/>
            <fprob>0.0</fprob>
        </actor>
        <ports>
            <port dstActor="D0N30" name="p0" srcActor="D0N14"/>
            <port dstActor="D0N45" name="p1" srcActor="D0N14"/>
            <port dstActor="D0N47" name="p2" srcActor="D0N14"/>
            <port dstActor="D0N48" name="p3" srcActor="D0N14"/>
            <port dstActor="D0N35" name="p4" srcActor="D0N14"/>
            <port dstActor="D0N40" name="p5" srcActor="D0N18"/>
            <port dstActor="D0N24" name="p6" srcActor="D0N18"/>
            <port dstActor="D0N19" name="p7" srcActor="D0N18"/>
            <port dstActor="D0N24" name="p8" srcActor="D0N23"/>
            <port dstActor="D0N31" name="p9" srcActor="D0N23"/>
            <port dstActor="D0N33" name="p10" srcActor="D0N27"/>
            <port dstActor="D0N40" name="p11" srcActor="D0N27"/>
            <port dstActor="D0N38" name="p12" srcActor="D0N26"/>
            <port dstActor="D0N27" name="p13" srcActor="D0N26"/>
            <port dstActor="D0N40" name="p14" srcActor="D0N11"/>
            <port dstActor="D0N46" name="p15" srcActor="D0N11"/>
            <port dstActor="D0N25" name="p16" srcActor="D0N11"/>
            <port dstActor="D0N19" name="p17" srcActor="D0N10"/>
            <port dstActor="D0N29" name="p18" srcActor="D0N10"/>
            <port dstActor="D0N27" name="p19" srcActor="D0N10"/>
            <port dstActor="D0N22" name="p20" srcActor="D0N10"/>
            <port dstActor="D0N11" name="p21" srcActor="D0N10"/>
            <port dstActor="D0N14" name="p22" srcActor="D0N10"/>
            <port dstActor="D0N27" name="p23" srcActor="D0N8"/>
            <port dstActor="D0N37" name="p24" srcActor="D0N8"/>
            <port dstActor="D0N15" name="p25" srcActor="D0N8"/>
            <port dstActor="D0N19" name="p26" srcActor="D0N8"/>
            <port dstActor="D0N42" name="p27" srcActor="D0N8"/>
            <port dstActor="D0N22" name="p28" srcActor="D0N8"/>
            <port dstActor="D0N40" name="p29" srcActor="D0N8"/>
            <port dstActor="D0N24" name="p30" srcActor="D0N21"/>
            <port dstActor="D0N32" name="p31" srcActor="D0N21"/>
            <port dstActor="D0N23" name="p32" srcActor="D0N21"/>
            <port dstActor="D0N29" name="p33" srcActor="D0N3"/>
            <port dstActor="D0N42" name="p34" srcActor="D0N3"/>
            <port dstActor="D0N36" name="p35" srcActor="D0N3"/>
            <port dstActor="D0N22" name="p36" srcActor="D0N3"/>
            <port dstActor="D0N19" name="p37" srcActor="D0N3"/>
            <port dstActor="D0N46" name="p38" srcActor="D0N3"/>
            <port dstActor="D0N24" name="p39" srcActor="D0N3"/>
            <port dstActor="D0N27" name="p40" srcActor="D0N4"/>
            <port dstActor="D0N43" name="p41" srcActor="D0N4"/>
            <port dstActor="D0N18" name="p42" srcActor="D0N4"/>
            <port dstActor="D0N38" name="p43" srcActor="D0N19"/>
            <port dstActor="D0N31" name="p44" srcActor="D0N19"/>
            <port dstActor="D0N34" name="p45" srcActor="D0N19"/>
            <port dstActor="D0N24" name="p46" srcActor="D0N16"/>
            <port dstActor="D0N38" name="p47" srcActor="D0N16"/>
            <port dstActor="D0N32" name="p48" srcActor="D0N16"/>
            <port dstActor="D0N38" name="p49" srcActor="D0N33"/>
            <port dstActor="D0N43" name="p50" srcActor="D0N33"/>
            <port dstActor="D0N44" name="p51" srcActor="D0N33"/>
            <port dstActor="D0N46" name="p52" srcActor="D0N13"/>
            <port dstActor="D0N23" name="p53" srcActor="D0N17"/>
            <port dstActor="D0N46" name="p54" srcActor="D0N17"/>
            <port dstActor="D0N48" name="p55" srcActor="D0N17"/>
            <port dstActor="D0N19" name="p56" srcActor="D0N17"/>
            <port dstActor="D0N18" name="p57" srcActor="D0N17"/>
            <port dstActor="D0N33" name="p58" srcActor="D0N17"/>
            <port dstActor="D0N36" name="p59" srcActor="D0N17"/>
            <port dstActor="D0N42" name="p60" srcActor="D0N32"/>
            <port dstActor="D0N45" name="p61" srcActor="D0N25"/>
            <port dstActor="D0N34" name="p62" srcActor="D0N25"/>
            <port dstActor="D0N40" name="p63" srcActor="D0N25"/>
            <port dstActor="D0N30" name="p64" srcActor="D0N15"/>
            <port dstActor="D0N39" name="p65" srcActor="D0N15"/>
            <port dstActor="D0N24" name="p66" srcActor="D0N15"/>
            <port dstActor="D0N26" name="p67" srcActor="D0N15"/>
            <port dstActor="D0N32" name="p68" srcActor="D0N15"/>
            <port dstActor="D0N45" name="p69" srcActor="D0N31"/>
            <port dstActor="D0N41" name="p70" srcActor="D0N31"/>
            <port dstActor="D0N44" name="p71" srcActor="D0N31"/>
            <port dstActor="D0N46" name="p72" srcActor="D0N31"/>
            <port dstActor="D0N34" name="p73" srcActor="D0N31"/>
            <port dstActor="D0N32" name="p74" srcActor="D0N31"/>
            <port dstActor="D0N15" name="p75" srcActor="D0N1"/>
            <port dstActor="D0N18" name="p76" srcActor="D0N1"/>
            <port dstActor="D0N28" name="p77" srcActor="D0N1"/>
            <port dstActor="D0N10" name="p78" srcActor="D0N1"/>
            <port dstActor="D0N24" name="p79" srcActor="D0N1"/>
            <port dstActor="D0N16" name="p80" srcActor="D0N1"/>
            <port dstActor="D0N7" name="p81" srcActor="D0N2"/>
            <port dstActor="D0N12" name="p82" srcActor="D0N2"/>
            <port dstActor="D0N31" name="p83" srcActor="D0N2"/>
            <port dstActor="D0N29" name="p84" srcActor="D0N2"/>
            <port dstActor="D0N30" name="p85" srcActor="D0N2"/>
            <port dstActor="D0N26" name="p86" srcActor="D0N2"/>
            <port dstActor="D0N25" name="p87" srcActor="D0N2"/>
            <port dstActor="D0N38" name="p88" srcActor="D0N2"/>
            <port dstActor="D0N25" name="p89" srcActor="D0N24"/>
            <port dstActor="D0N44" name="p90" srcActor="D0N42"/>
            <port dstActor="D0N28" name="p91" srcActor="D0N7"/>
            <port dstActor="D0N46" name="p92" srcActor="D0N7"/>
            <port dstActor="D0N32" name="p93" srcActor="D0N29"/>
            <port dstActor="D0N47" name="p94" srcActor="D0N29"/>
            <port dstActor="D0N35" name="p95" srcActor="D0N29"/>
            <port dstActor="D0N43" name="p96" srcActor="D0N29"/>
            <port dstActor="D0N48" name="p97" srcActor="D0N37"/>
            <port dstActor="D0N39" name="p98" srcActor="D0N37"/>
            <port dstActor="D0N32" name="p99" srcActor="D0N20"/>
            <port dstActor="D0N37" name="p100" srcActor="D0N20"/>
            <port dstActor="D0N30" name="p101" srcActor="D0N20"/>
            <port dstActor="D0N26" name="p102" srcActor="D0N20"/>
            <port dstActor="D0N15" name="p103" srcActor="D0N5"/>
            <port dstActor="D0N16" name="p104" srcActor="D0N5"/>
            <port dstActor="D0N46" name="p105" srcActor="D0N5"/>
            <port dstActor="D0N22" name="p106" srcActor="D0N5"/>
            <port dstActor="D0N40" name="p107" srcActor="D0N5"/>
            <port dstActor="D0N14" name="p108" srcActor="D0N5"/>
            <port dstActor="D0N24" name="p109" srcActor="D0N5"/>
            <port dstActor="D0N9" name="p110" srcActor="D0N5"/>
            <port dstActor="D0N38" name="p111" srcActor="D0N34"/>
            <port dstActor="D0N40" name="p112" srcActor="D0N34"/>
            <port dstActor="D0N35" name="p113" srcActor="D0N12"/>
            <port dstActor="D0N16" name="p114" srcActor="D0N12"/>
            <port dstActor="D0N28" name="p115" srcActor="D0N12"/>
            <port dstActor="D0N25" name="p116" srcActor="D0N6"/>
            <port dstActor="D0N28" name="p117" srcActor="D0N6"/>
            <port dstActor="D0N21" name="p118" srcActor="D0N6"/>
            <port dstActor="D0N33" name="p119" srcActor="D0N6"/>
            <port dstActor="D0N45" name="p120" srcActor="D0N6"/>
            <port dstActor="D0N23" name="p121" srcActor="D0N9"/>
            <port dstActor="D0N22" name="p122" srcActor="D0N9"/>
            <port dstActor="D0N45" name="p123" srcActor="D0N9"/>
            <port dstActor="D0N13" name="p124" srcActor="D0N9"/>
            <port dstActor="D0N34" name="p125" srcActor="D0N22"/>
            <port dstActor="D0N33" name="p126" srcActor="D0N22"/>
            <port dstActor="D0N25" name="p127" srcActor="D0N22"/>
            <port dstActor="D0N46" name="p128" srcActor="D0N44"/>
            <port dstActor="D0N38" name="p129" srcActor="D0N30"/>
            <port dstActor="D0N35" name="p130" srcActor="D0N30"/>
            <port dstActor="D0N41" name="p131" srcActor="D0N39"/>
            <port dstActor="D0N43" name="p132" srcActor="D0N0"/>
            <port dstActor="D0N2" name="p133" srcActor="D0N0"/>
            <port dstActor="D0N12" name="p134" srcActor="D0N0"/>
            <port dstActor="D0N14" name="p135" srcActor="D0N0"/>
            <port dstActor="D0N29" name="p136" srcActor="D0N0"/>
        </ports>
    </mcdag>
    <cores number="3"/>
    <levels number="2"/>
</mcsystem>
