<?xml version="1.0" encoding="UTF-8" standalone="no"?>
<mcsystem>
    <mcdag deadline="2200" name="genned-0-ed-10.0-0">
        <actor name="D0N18">
            <wcet number="0">60</wcet>
            <wcet number="1">290</wcet>
            <maxpow number="0.9790297915179708"/>
            <maxpow number="0.9790297915179708"/>
            <fprob>0.0</fprob>
        </actor>
        <actor name="D0N43">
            <wcet number="0">10</wcet>
            <wcet number="1">10</wcet>
            <maxpow number="0.6495170639622606"/>
            <maxpow number="0.6495170639622606"/>
            <fprob>0.0</fprob>
        </actor>
        <actor name="D0N4">
            <wcet number="0">30</wcet>
            <wcet number="1">40</wcet>
            <maxpow number="0.4437508968507079"/>
            <maxpow number="0.4437508968507079"/>
            <fprob>0.0</fprob>
        </actor>
        <actor name="D0N31">
            <wcet number="0">40</wcet>
            <wcet number="1">200</wcet>
            <maxpow number="0.6648810789864236"/>
            <maxpow number="0.6648810789864236"/>
            <fprob>0.0</fprob>
        </actor>
        <actor name="D0N39">
            <wcet number="0">10</wcet>
            <wcet number="1">40</wcet>
            <maxpow number="0.5041446745017193"/>
            <maxpow number="0.5041446745017193"/>
            <fprob>0.0</fprob>
        </actor>
        <actor name="D0N40">
            <wcet number="0">20</wcet>
            <wcet number="1">20</wcet>
            <maxpow number="0.6434448038795799"/>
            <maxpow number="0.6434448038795799"/>
            <fprob>0.0</fprob>
        </actor>
        <actor name="D0N33">
            <wcet number="0">90</wcet>
            <wcet number="1">100</wcet>
            <maxpow number="0.6884769935729423"/>
            <maxpow number="0.6884769935729423"/>
            <fprob>0.0</fprob>
        </actor>
        <actor name="D0N19">
            <wcet number="0">30</wcet>
            <wcet number="1">50</wcet>
            <maxpow number="0.2547247347358778"/>
            <maxpow number="0.2547247347358778"/>
            <fprob>0.0</fprob>
        </actor>
        <actor name="D0N14">
            <wcet number="0">10</wcet>
            <wcet number="1">70</wcet>
            <maxpow number="0.2911929656857094"/>
            <maxpow number="0.2911929656857094"/>
            <fprob>0.0</fprob>
        </actor>
        <actor name="D0N41">
            <wcet number="0">80</wcet>
            <wcet number="1">110</wcet>
            <maxpow number="0.2605799221448973"/>
            <maxpow number="0.2605799221448973"/>
            <fprob>0.0</fprob>
        </actor>
        <actor name="D0N2">
            <wcet number="0">10</wcet>
            <wcet number="1">10</wcet>
            <maxpow number="0.6742721722388412"/>
            <maxpow number="0.6742721722388412"/>
            <fprob>0.0</fprob>
        </actor>
        <actor name="D0N22">
            <wcet number="0">90</wcet>
            <wcet number="1">90</wcet>
            <maxpow number="0.732413504184042"/>
            <maxpow number="0.732413504184042"/>
            <fprob>0.0</fprob>
        </actor>
        <actor name="D0N1">
            <wcet number="0">10</wcet>
            <wcet number="1">10</wcet>
            <maxpow number="0.6308152144350817"/>
            <maxpow number="0.6308152144350817"/>
            <fprob>0.0</fprob>
        </actor>
        <actor name="D0N7">
            <wcet number="0">10</wcet>
            <wcet number="1">10</wcet>
            <maxpow number="0.2901117997051886"/>
            <maxpow number="0.2901117997051886"/>
            <fprob>0.0</fprob>
        </actor>
        <actor name="D0N28">
            <wcet number="0">10</wcet>
            <wcet number="1">20</wcet>
            <maxpow number="0.4197516987486695"/>
            <maxpow number="0.4197516987486695"/>
            <fprob>0.0</fprob>
        </actor>
        <actor name="D0N16">
            <wcet number="0">90</wcet>
            <wcet number="1">90</wcet>
            <maxpow number="0.5104844030353501"/>
            <maxpow number="0.5104844030353501"/>
            <fprob>0.0</fprob>
        </actor>
        <actor name="D0N23">
            <wcet number="0">100</wcet>
            <wcet number="1">130</wcet>
            <maxpow number="0.8290498045692845"/>
            <maxpow number="0.8290498045692845"/>
            <fprob>0.0</fprob>
        </actor>
        <actor name="D0N15">
            <wcet number="0">80</wcet>
            <wcet number="1">110</wcet>
            <maxpow number="0.5504375378255756"/>
            <maxpow number="0.5504375378255756"/>
            <fprob>0.0</fprob>
        </actor>
        <actor name="D0N30">
            <wcet number="0">40</wcet>
            <wcet number="1">80</wcet>
            <maxpow number="0.5716897437408841"/>
            <maxpow number="0.5716897437408841"/>
            <fprob>0.0</fprob>
        </actor>
        <actor name="D0N32">
            <wcet number="0">30</wcet>
            <wcet number="1">30</wcet>
            <maxpow number="0.682971838321706"/>
            <maxpow number="0.682971838321706"/>
            <fprob>0.0</fprob>
        </actor>
        <actor name="D0N37">
            <wcet number="0">80</wcet>
            <wcet number="1">230</wcet>
            <maxpow number="0.7076860787848473"/>
            <maxpow number="0.7076860787848473"/>
            <fprob>0.0</fprob>
        </actor>
        <actor name="D0N10">
            <wcet number="0">20</wcet>
            <wcet number="1">20</wcet>
            <maxpow number="0.3440582108334536"/>
            <maxpow number="0.3440582108334536"/>
            <fprob>0.0</fprob>
        </actor>
        <actor name="D0N38">
            <wcet number="0">20</wcet>
            <wcet number="1">90</wcet>
            <maxpow number="0.39942266197852055"/>
            <maxpow number="0.39942266197852055"/>
            <fprob>0.0</fprob>
        </actor>
        <actor name="D0N24">
            <wcet number="0">10</wcet>
            <wcet number="1">10</wcet>
            <maxpow number="0.49566336393856614"/>
            <maxpow number="0.49566336393856614"/>
            <fprob>0.0</fprob>
        </actor>
        <actor name="D0N6">
            <wcet number="0">50</wcet>
            <wcet number="1">80</wcet>
            <maxpow number="0.2951457128403615"/>
            <maxpow number="0.2951457128403615"/>
            <fprob>0.0</fprob>
        </actor>
        <actor name="D0N34">
            <wcet number="0">30</wcet>
            <wcet number="1">120</wcet>
            <maxpow number="0.6463652054787259"/>
            <maxpow number="0.6463652054787259"/>
            <fprob>0.0</fprob>
        </actor>
        <actor name="D0N11">
            <wcet number="0">40</wcet>
            <wcet number="1">220</wcet>
            <maxpow number="0.8533765613226505"/>
            <maxpow number="0.8533765613226505"/>
            <fprob>0.0</fprob>
        </actor>
        <actor name="D0N26">
            <wcet number="0">100</wcet>
            <wcet number="1">140</wcet>
            <maxpow number="0.5124188842085972"/>
            <maxpow number="0.5124188842085972"/>
            <fprob>0.0</fprob>
        </actor>
        <actor name="D0N25">
            <wcet number="0">10</wcet>
            <wcet number="1">10</wcet>
            <maxpow number="0.9218374405750391"/>
            <maxpow number="0.9218374405750391"/>
            <fprob>0.0</fprob>
        </actor>
        <actor name="D0N27">
            <wcet number="0">190</wcet>
            <wcet number="1">230</wcet>
            <maxpow number="0.4516439114244142"/>
            <maxpow number="0.4516439114244142"/>
            <fprob>0.0</fprob>
        </actor>
        <actor name="D0N0">
            <wcet number="0">30</wcet>
            <wcet number="1">80</wcet>
            <maxpow number="0.7087190457312689"/>
            <maxpow number="0.7087190457312689"/>
            <fprob>0.0</fprob>
        </actor>
        <actor name="D0N36">
            <wcet number="0">20</wcet>
            <wcet number="1">200</wcet>
            <maxpow number="0.6665052050416918"/>
            <maxpow number="0.6665052050416918"/>
            <fprob>0.0</fprob>
        </actor>
        <actor name="D0N47">
            <wcet number="0">180</wcet>
            <wcet number="1">260</wcet>
            <maxpow number="0.9084345290587168"/>
            <maxpow number="0.9084345290587168"/>
            <fprob>0.0</fprob>
        </actor>
        <actor name="D0N13">
            <wcet number="0">300</wcet>
            <wcet number="1">310</wcet>
            <maxpow number="0.500654534436316"/>
            <maxpow number="0.500654534436316"/>
            <fprob>0.0</fprob>
        </actor>
        <actor name="D0N20">
            <wcet number="0">30</wcet>
            <wcet number="1">60</wcet>
            <maxpow number="0.6944904059663803"/>
            <maxpow number="0.6944904059663803"/>
            <fprob>0.0</fprob>
        </actor>
        <actor name="D0N44">
            <wcet number="0">50</wcet>
            <wcet number="1">60</wcet>
            <maxpow number="0.8061323439153194"/>
            <maxpow number="0.8061323439153194"/>
            <fprob>0.0</fprob>
        </actor>
        <actor name="D0N12">
            <wcet number="0">50</wcet>
            <wcet number="1">50</wcet>
            <maxpow number="0.3729563995826461"/>
            <maxpow number="0.3729563995826461"/>
            <fprob>0.0</fprob>
        </actor>
        <actor name="D0N17">
            <wcet number="0">10</wcet>
            <wcet number="1">100</wcet>
            <maxpow number="0.8699531470157058"/>
            <maxpow number="0.8699531470157058"/>
            <fprob>0.0</fprob>
        </actor>
        <actor name="D0N45">
            <wcet number="0">30</wcet>
            <wcet number="1">50</wcet>
            <maxpow number="0.5910688308670858"/>
            <maxpow number="0.5910688308670858"/>
            <fprob>0.0</fprob>
        </actor>
        <actor name="D0N35">
            <wcet number="0">20</wcet>
            <wcet number="1">60</wcet>
            <maxpow number="0.545578953945627"/>
            <maxpow number="0.545578953945627"/>
            <fprob>0.0</fprob>
        </actor>
        <actor name="D0N46">
            <wcet number="0">120</wcet>
            <wcet number="1">130</wcet>
            <maxpow number="0.4914231359826804"/>
            <maxpow number="0.4914231359826804"/>
            <fprob>0.0</fprob>
        </actor>
        <actor name="D0N21">
            <wcet number="0">20</wcet>
            <wcet number="1">30</wcet>
            <maxpow number="0.826391046363022"/>
            <maxpow number="0.826391046363022"/>
            <fprob>0.0</fprob>
        </actor>
        <actor name="D0N29">
            <wcet number="0">60</wcet>
            <wcet number="1">70</wcet>
            <maxpow number="0.39318017112687864"/>
            <maxpow number="0.39318017112687864"/>
            <fprob>0.0</fprob>
        </actor>
        <actor name="D0N5">
            <wcet number="0">20</wcet>
            <wcet number="1">110</wcet>
            <maxpow number="0.6460342862833469"/>
            <maxpow number="0.6460342862833469"/>
            <fprob>0.0</fprob>
        </actor>
        <actor name="D0N9">
            <wcet number="0">50</wcet>
            <wcet number="1">50</wcet>
            <maxpow number="0.351950300695307"/>
            <maxpow number="0.351950300695307"/>
            <fprob>0.0</fprob>
        </actor>
        <actor name="D0N42">
            <wcet number="0">10</wcet>
            <wcet number="1">90</wcet>
            <maxpow number="0.47925804195158933"/>
            <maxpow number="0.47925804195158933"/>
            <fprob>0.0</fprob>
        </actor>
        <actor name="D0N8">
            <wcet number="0">10</wcet>
            <wcet number="1">140</wcet>
            <maxpow number="0.614978118154259"/>
            <maxpow number="0.614978118154259"/>
            <fprob>0.0</fprob>
        </actor>
        <actor name="D0N3">
            <wcet number="0">50</wcet>
            <wcet number="1">110</wcet>
            <maxpow number="0.612421701938768"/>
            <maxpow number="0.612421701938768"/>
            <fprob>0.0</fprob>
        </actor>
        <ports>
            <port dstActor="D0N47" name="p0" srcActor="D0N43"/>
            <port dstActor="D0N39" name="p1" srcActor="D0N4"/>
            <port dstActor="D0N37" name="p2" srcActor="D0N31"/>
            <port dstActor="D0N36" name="p3" srcActor="D0N31"/>
            <port dstActor="D0N42" name="p4" srcActor="D0N39"/>
            <port dstActor="D0N42" name="p5" srcActor="D0N33"/>
            <port dstActor="D0N40" name="p6" srcActor="D0N19"/>
            <port dstActor="D0N33" name="p7" srcActor="D0N14"/>
            <port dstActor="D0N45" name="p8" srcActor="D0N41"/>
            <port dstActor="D0N35" name="p9" srcActor="D0N2"/>
            <port dstActor="D0N4" name="p10" srcActor="D0N2"/>
            <port dstActor="D0N35" name="p11" srcActor="D0N22"/>
            <port dstActor="D0N43" name="p12" srcActor="D0N22"/>
            <port dstActor="D0N27" name="p13" srcActor="D0N1"/>
            <port dstActor="D0N2" name="p14" srcActor="D0N1"/>
            <port dstActor="D0N47" name="p15" srcActor="D0N1"/>
            <port dstActor="D0N5" name="p16" srcActor="D0N1"/>
            <port dstActor="D0N44" name="p17" srcActor="D0N1"/>
            <port dstActor="D0N29" name="p18" srcActor="D0N7"/>
            <port dstActor="D0N34" name="p19" srcActor="D0N7"/>
            <port dstActor="D0N46" name="p20" srcActor="D0N7"/>
            <port dstActor="D0N17" name="p21" srcActor="D0N7"/>
            <port dstActor="D0N23" name="p22" srcActor="D0N7"/>
            <port dstActor="D0N30" name="p23" srcActor="D0N28"/>
            <port dstActor="D0N31" name="p24" srcActor="D0N16"/>
            <port dstActor="D0N40" name="p25" srcActor="D0N16"/>
            <port dstActor="D0N46" name="p26" srcActor="D0N16"/>
            <port dstActor="D0N35" name="p27" srcActor="D0N16"/>
            <port dstActor="D0N33" name="p28" srcActor="D0N23"/>
            <port dstActor="D0N28" name="p29" srcActor="D0N23"/>
            <port dstActor="D0N42" name="p30" srcActor="D0N23"/>
            <port dstActor="D0N37" name="p31" srcActor="D0N23"/>
            <port dstActor="D0N42" name="p32" srcActor="D0N15"/>
            <port dstActor="D0N19" name="p33" srcActor="D0N15"/>
            <port dstActor="D0N41" name="p34" srcActor="D0N37"/>
            <port dstActor="D0N18" name="p35" srcActor="D0N10"/>
            <port dstActor="D0N32" name="p36" srcActor="D0N10"/>
            <port dstActor="D0N17" name="p37" srcActor="D0N10"/>
            <port dstActor="D0N43" name="p38" srcActor="D0N38"/>
            <port dstActor="D0N31" name="p39" srcActor="D0N24"/>
            <port dstActor="D0N41" name="p40" srcActor="D0N24"/>
            <port dstActor="D0N23" name="p41" srcActor="D0N6"/>
            <port dstActor="D0N46" name="p42" srcActor="D0N34"/>
            <port dstActor="D0N37" name="p43" srcActor="D0N34"/>
            <port dstActor="D0N39" name="p44" srcActor="D0N34"/>
            <port dstActor="D0N24" name="p45" srcActor="D0N11"/>
            <port dstActor="D0N46" name="p46" srcActor="D0N11"/>
            <port dstActor="D0N37" name="p47" srcActor="D0N11"/>
            <port dstActor="D0N46" name="p48" srcActor="D0N26"/>
            <port dstActor="D0N38" name="p49" srcActor="D0N25"/>
            <port dstActor="D0N29" name="p50" srcActor="D0N27"/>
            <port dstActor="D0N42" name="p51" srcActor="D0N27"/>
            <port dstActor="D0N11" name="p52" srcActor="D0N0"/>
            <port dstActor="D0N21" name="p53" srcActor="D0N0"/>
            <port dstActor="D0N39" name="p54" srcActor="D0N0"/>
            <port dstActor="D0N34" name="p55" srcActor="D0N0"/>
            <port dstActor="D0N28" name="p56" srcActor="D0N0"/>
            <port dstActor="D0N7" name="p57" srcActor="D0N0"/>
            <port dstActor="D0N13" name="p58" srcActor="D0N0"/>
            <port dstActor="D0N29" name="p59" srcActor="D0N0"/>
            <port dstActor="D0N20" name="p60" srcActor="D0N0"/>
            <port dstActor="D0N38" name="p61" srcActor="D0N36"/>
            <port dstActor="D0N39" name="p62" srcActor="D0N36"/>
            <port dstActor="D0N29" name="p63" srcActor="D0N13"/>
            <port dstActor="D0N44" name="p64" srcActor="D0N13"/>
            <port dstActor="D0N47" name="p65" srcActor="D0N13"/>
            <port dstActor="D0N30" name="p66" srcActor="D0N13"/>
            <port dstActor="D0N40" name="p67" srcActor="D0N13"/>
            <port dstActor="D0N39" name="p68" srcActor="D0N20"/>
            <port dstActor="D0N45" name="p69" srcActor="D0N20"/>
            <port dstActor="D0N40" name="p70" srcActor="D0N12"/>
            <port dstActor="D0N17" name="p71" srcActor="D0N12"/>
            <port dstActor="D0N27" name="p72" srcActor="D0N12"/>
            <port dstActor="D0N46" name="p73" srcActor="D0N12"/>
            <port dstActor="D0N18" name="p74" srcActor="D0N12"/>
            <port dstActor="D0N34" name="p75" srcActor="D0N12"/>
            <port dstActor="D0N43" name="p76" srcActor="D0N17"/>
            <port dstActor="D0N40" name="p77" srcActor="D0N17"/>
            <port dstActor="D0N46" name="p78" srcActor="D0N17"/>
            <port dstActor="D0N23" name="p79" srcActor="D0N17"/>
            <port dstActor="D0N29" name="p80" srcActor="D0N17"/>
            <port dstActor="D0N21" name="p81" srcActor="D0N17"/>
            <port dstActor="D0N28" name="p82" srcActor="D0N17"/>
            <port dstActor="D0N44" name="p83" srcActor="D0N35"/>
            <port dstActor="D0N41" name="p84" srcActor="D0N35"/>
            <port dstActor="D0N37" name="p85" srcActor="D0N35"/>
            <port dstActor="D0N47" name="p86" srcActor="D0N46"/>
            <port dstActor="D0N41" name="p87" srcActor="D0N21"/>
            <port dstActor="D0N37" name="p88" srcActor="D0N21"/>
            <port dstActor="D0N26" name="p89" srcActor="D0N5"/>
            <port dstActor="D0N35" name="p90" srcActor="D0N5"/>
            <port dstActor="D0N47" name="p91" srcActor="D0N5"/>
            <port dstActor="D0N12" name="p92" srcActor="D0N9"/>
            <port dstActor="D0N44" name="p93" srcActor="D0N42"/>
            <port dstActor="D0N31" name="p94" srcActor="D0N8"/>
            <port dstActor="D0N25" name="p95" srcActor="D0N8"/>
            <port dstActor="D0N37" name="p96" srcActor="D0N3"/>
            <port dstActor="D0N22" name="p97" srcActor="D0N3"/>
            <port dstActor="D0N29" name="p98" srcActor="D0N3"/>
            <port dstActor="D0N7" name="p99" srcActor="D0N3"/>
            <port dstActor="D0N45" name="p100" srcActor="D0N3"/>
        </ports>
    </mcdag>
    <cores number="3"/>
    <levels number="2"/>
</mcsystem>
