<?xml version="1.0" encoding="UTF-8" standalone="no"?>
<mcsystem>
    <mcdag deadline="2000" name="genned-0-ed-10.0-0">
        <actor name="D0N31">
            <wcet number="0">110</wcet>
            <wcet number="1">290</wcet>
            <maxpow number="0.76089233173925"/>
            <maxpow number="0.76089233173925"/>
            <fprob>0.0</fprob>
        </actor>
        <actor name="D0N3">
            <wcet number="0">10</wcet>
            <wcet number="1">20</wcet>
            <maxpow number="0.6378324602236041"/>
            <maxpow number="0.6378324602236041"/>
            <fprob>0.0</fprob>
        </actor>
        <actor name="D0N34">
            <wcet number="0">30</wcet>
            <wcet number="1">30</wcet>
            <maxpow number="0.4149764137396734"/>
            <maxpow number="0.4149764137396734"/>
            <fprob>0.0</fprob>
        </actor>
        <actor name="D0N5">
            <wcet number="0">100</wcet>
            <wcet number="1">100</wcet>
            <maxpow number="0.434068852688809"/>
            <maxpow number="0.434068852688809"/>
            <fprob>0.0</fprob>
        </actor>
        <actor name="D0N13">
            <wcet number="0">200</wcet>
            <wcet number="1">220</wcet>
            <maxpow number="0.23678218371933035"/>
            <maxpow number="0.23678218371933035"/>
            <fprob>0.0</fprob>
        </actor>
        <actor name="D0N29">
            <wcet number="0">40</wcet>
            <wcet number="1">90</wcet>
            <maxpow number="0.5438388479175679"/>
            <maxpow number="0.5438388479175679"/>
            <fprob>0.0</fprob>
        </actor>
        <actor name="D0N2">
            <wcet number="0">20</wcet>
            <wcet number="1">20</wcet>
            <maxpow number="0.5068999354766716"/>
            <maxpow number="0.5068999354766716"/>
            <fprob>0.0</fprob>
        </actor>
        <actor name="D0N4">
            <wcet number="0">90</wcet>
            <wcet number="1">110</wcet>
            <maxpow number="0.8633770615678253"/>
            <maxpow number="0.8633770615678253"/>
            <fprob>0.0</fprob>
        </actor>
        <actor name="D0N20">
            <wcet number="0">10</wcet>
            <wcet number="1">30</wcet>
            <maxpow number="0.5376200898126806"/>
            <maxpow number="0.5376200898126806"/>
            <fprob>0.0</fprob>
        </actor>
        <actor name="D0N37">
            <wcet number="0">20</wcet>
            <wcet number="1">110</wcet>
            <maxpow number="0.43125533795386434"/>
            <maxpow number="0.43125533795386434"/>
            <fprob>0.0</fprob>
        </actor>
        <actor name="D0N41">
            <wcet number="0">80</wcet>
            <wcet number="1">80</wcet>
            <maxpow number="0.3782968000762499"/>
            <maxpow number="0.3782968000762499"/>
            <fprob>0.0</fprob>
        </actor>
        <actor name="D0N38">
            <wcet number="0">40</wcet>
            <wcet number="1">50</wcet>
            <maxpow number="0.4823911728262388"/>
            <maxpow number="0.4823911728262388"/>
            <fprob>0.0</fprob>
        </actor>
        <actor name="D0N8">
            <wcet number="0">40</wcet>
            <wcet number="1">180</wcet>
            <maxpow number="0.5009363841249314"/>
            <maxpow number="0.5009363841249314"/>
            <fprob>0.0</fprob>
        </actor>
        <actor name="D0N18">
            <wcet number="0">50</wcet>
            <wcet number="1">90</wcet>
            <maxpow number="0.8388969144175719"/>
            <maxpow number="0.8388969144175719"/>
            <fprob>0.0</fprob>
        </actor>
        <actor name="D0N19">
            <wcet number="0">280</wcet>
            <wcet number="1">360</wcet>
            <maxpow number="0.5278000293092421"/>
            <maxpow number="0.5278000293092421"/>
            <fprob>0.0</fprob>
        </actor>
        <actor name="D0N32">
            <wcet number="0">10</wcet>
            <wcet number="1">20</wcet>
            <maxpow number="0.4203002458762424"/>
            <maxpow number="0.4203002458762424"/>
            <fprob>0.0</fprob>
        </actor>
        <actor name="D0N33">
            <wcet number="0">40</wcet>
            <wcet number="1">60</wcet>
            <maxpow number="0.6791266736300666"/>
            <maxpow number="0.6791266736300666"/>
            <fprob>0.0</fprob>
        </actor>
        <actor name="D0N1">
            <wcet number="0">20</wcet>
            <wcet number="1">20</wcet>
            <maxpow number="0.35843601703203665"/>
            <maxpow number="0.35843601703203665"/>
            <fprob>0.0</fprob>
        </actor>
        <actor name="D0N12">
            <wcet number="0">70</wcet>
            <wcet number="1">190</wcet>
            <maxpow number="0.6548789235583541"/>
            <maxpow number="0.6548789235583541"/>
            <fprob>0.0</fprob>
        </actor>
        <actor name="D0N39">
            <wcet number="0">20</wcet>
            <wcet number="1">20</wcet>
            <maxpow number="0.4156964183624269"/>
            <maxpow number="0.4156964183624269"/>
            <fprob>0.0</fprob>
        </actor>
        <actor name="D0N28">
            <wcet number="0">20</wcet>
            <wcet number="1">40</wcet>
            <maxpow number="0.4446631918050476"/>
            <maxpow number="0.4446631918050476"/>
            <fprob>0.0</fprob>
        </actor>
        <actor name="D0N25">
            <wcet number="0">10</wcet>
            <wcet number="1">40</wcet>
            <maxpow number="0.45127869391662684"/>
            <maxpow number="0.45127869391662684"/>
            <fprob>0.0</fprob>
        </actor>
        <actor name="D0N43">
            <wcet number="0">50</wcet>
            <wcet number="1">190</wcet>
            <maxpow number="0.1956390408829189"/>
            <maxpow number="0.1956390408829189"/>
            <fprob>0.0</fprob>
        </actor>
        <actor name="D0N45">
            <wcet number="0">10</wcet>
            <wcet number="1">10</wcet>
            <maxpow number="0.6122285885837907"/>
            <maxpow number="0.6122285885837907"/>
            <fprob>0.0</fprob>
        </actor>
        <actor name="D0N46">
            <wcet number="0">20</wcet>
            <wcet number="1">40</wcet>
            <maxpow number="0.8583307476926154"/>
            <maxpow number="0.8583307476926154"/>
            <fprob>0.0</fprob>
        </actor>
        <actor name="D0N44">
            <wcet number="0">20</wcet>
            <wcet number="1">130</wcet>
            <maxpow number="0.3900779640907592"/>
            <maxpow number="0.3900779640907592"/>
            <fprob>0.0</fprob>
        </actor>
        <actor name="D0N10">
            <wcet number="0">10</wcet>
            <wcet number="1">10</wcet>
            <maxpow number="0.7328742795673193"/>
            <maxpow number="0.7328742795673193"/>
            <fprob>0.0</fprob>
        </actor>
        <actor name="D0N16">
            <wcet number="0">140</wcet>
            <wcet number="1">350</wcet>
            <maxpow number="0.7364204639733694"/>
            <maxpow number="0.7364204639733694"/>
            <fprob>0.0</fprob>
        </actor>
        <actor name="D0N30">
            <wcet number="0">20</wcet>
            <wcet number="1">90</wcet>
            <maxpow number="0.6067641417980904"/>
            <maxpow number="0.6067641417980904"/>
            <fprob>0.0</fprob>
        </actor>
        <actor name="D0N21">
            <wcet number="0">20</wcet>
            <wcet number="1">20</wcet>
            <maxpow number="0.6293574108630822"/>
            <maxpow number="0.6293574108630822"/>
            <fprob>0.0</fprob>
        </actor>
        <actor name="D0N24">
            <wcet number="0">30</wcet>
            <wcet number="1">50</wcet>
            <maxpow number="0.5099260958458918"/>
            <maxpow number="0.5099260958458918"/>
            <fprob>0.0</fprob>
        </actor>
        <actor name="D0N40">
            <wcet number="0">20</wcet>
            <wcet number="1">40</wcet>
            <maxpow number="0.6641816549621926"/>
            <maxpow number="0.6641816549621926"/>
            <fprob>0.0</fprob>
        </actor>
        <actor name="D0N26">
            <wcet number="0">70</wcet>
            <wcet number="1">80</wcet>
            <maxpow number="0.4338009172723363"/>
            <maxpow number="0.4338009172723363"/>
            <fprob>0.0</fprob>
        </actor>
        <actor name="D0N6">
            <wcet number="0">10</wcet>
            <wcet number="1">10</wcet>
            <maxpow number="0.1239269109015439"/>
            <maxpow number="0.1239269109015439"/>
            <fprob>0.0</fprob>
        </actor>
        <actor name="D0N42">
            <wcet number="0">20</wcet>
            <wcet number="1">50</wcet>
            <maxpow number="0.6101271071723283"/>
            <maxpow number="0.6101271071723283"/>
            <fprob>0.0</fprob>
        </actor>
        <actor name="D0N17">
            <wcet number="0">60</wcet>
            <wcet number="1">100</wcet>
            <maxpow number="0.7058082580021746"/>
            <maxpow number="0.7058082580021746"/>
            <fprob>0.0</fprob>
        </actor>
        <actor name="D0N11">
            <wcet number="0">30</wcet>
            <wcet number="1">90</wcet>
            <maxpow number="0.6350679359529475"/>
            <maxpow number="0.6350679359529475"/>
            <fprob>0.0</fprob>
        </actor>
        <actor name="D0N9">
            <wcet number="0">40</wcet>
            <wcet number="1">90</wcet>
            <maxpow number="0.8862655848764858"/>
            <maxpow number="0.8862655848764858"/>
            <fprob>0.0</fprob>
        </actor>
        <actor name="D0N7">
            <wcet number="0">10</wcet>
            <wcet number="1">30</wcet>
            <maxpow number="0.5343197782724318"/>
            <maxpow number="0.5343197782724318"/>
            <fprob>0.0</fprob>
        </actor>
        <actor name="D0N0">
            <wcet number="0">50</wcet>
            <wcet number="1">70</wcet>
            <maxpow number="0.3096926883732497"/>
            <maxpow number="0.3096926883732497"/>
            <fprob>0.0</fprob>
        </actor>
        <actor name="D0N15">
            <wcet number="0">20</wcet>
            <wcet number="1">30</wcet>
            <maxpow number="0.731209229222718"/>
            <maxpow number="0.731209229222718"/>
            <fprob>0.0</fprob>
        </actor>
        <actor name="D0N35">
            <wcet number="0">20</wcet>
            <wcet number="1">70</wcet>
            <maxpow number="0.1758184043938379"/>
            <maxpow number="0.1758184043938379"/>
            <fprob>0.0</fprob>
        </actor>
        <actor name="D0N27">
            <wcet number="0">40</wcet>
            <wcet number="1">70</wcet>
            <maxpow number="0.6656166766466676"/>
            <maxpow number="0.6656166766466676"/>
            <fprob>0.0</fprob>
        </actor>
        <actor name="D0N36">
            <wcet number="0">80</wcet>
            <wcet number="1">80</wcet>
            <maxpow number="0.29469953036646335"/>
            <maxpow number="0.29469953036646335"/>
            <fprob>0.0</fprob>
        </actor>
        <actor name="D0N14">
            <wcet number="0">120</wcet>
            <wcet number="1">160</wcet>
            <maxpow number="0.6015939735680106"/>
            <maxpow number="0.6015939735680106"/>
            <fprob>0.0</fprob>
        </actor>
        <actor name="D0N23">
            <wcet number="0">30</wcet>
            <wcet number="1">40</wcet>
            <maxpow number="0.9006525052425856"/>
            <maxpow number="0.9006525052425856"/>
            <fprob>0.0</fprob>
        </actor>
        <actor name="D0N22">
            <wcet number="0">20</wcet>
            <wcet number="1">30</wcet>
            <maxpow number="0.7376778175345956"/>
            <maxpow number="0.7376778175345956"/>
            <fprob>0.0</fprob>
        </actor>
        <actor name="D0N47">
            <wcet number="0">20</wcet>
            <wcet number="1">100</wcet>
            <maxpow number="0.2238567767584747"/>
            <maxpow number="0.2238567767584747"/>
            <fprob>0.0</fprob>
        </actor>
        <ports>
            <port dstActor="D0N44" name="p0" srcActor="D0N31"/>
            <port dstActor="D0N34" name="p1" srcActor="D0N31"/>
            <port dstActor="D0N10" name="p2" srcActor="D0N3"/>
            <port dstActor="D0N12" name="p3" srcActor="D0N3"/>
            <port dstActor="D0N6" name="p4" srcActor="D0N3"/>
            <port dstActor="D0N37" name="p5" srcActor="D0N3"/>
            <port dstActor="D0N30" name="p6" srcActor="D0N5"/>
            <port dstActor="D0N15" name="p7" srcActor="D0N5"/>
            <port dstActor="D0N32" name="p8" srcActor="D0N5"/>
            <port dstActor="D0N34" name="p9" srcActor="D0N5"/>
            <port dstActor="D0N41" name="p10" srcActor="D0N5"/>
            <port dstActor="D0N20" name="p11" srcActor="D0N5"/>
            <port dstActor="D0N34" name="p12" srcActor="D0N13"/>
            <port dstActor="D0N36" name="p13" srcActor="D0N13"/>
            <port dstActor="D0N20" name="p14" srcActor="D0N13"/>
            <port dstActor="D0N22" name="p15" srcActor="D0N13"/>
            <port dstActor="D0N47" name="p16" srcActor="D0N29"/>
            <port dstActor="D0N38" name="p17" srcActor="D0N2"/>
            <port dstActor="D0N41" name="p18" srcActor="D0N2"/>
            <port dstActor="D0N5" name="p19" srcActor="D0N2"/>
            <port dstActor="D0N15" name="p20" srcActor="D0N2"/>
            <port dstActor="D0N39" name="p21" srcActor="D0N4"/>
            <port dstActor="D0N17" name="p22" srcActor="D0N4"/>
            <port dstActor="D0N20" name="p23" srcActor="D0N4"/>
            <port dstActor="D0N10" name="p24" srcActor="D0N4"/>
            <port dstActor="D0N9" name="p25" srcActor="D0N4"/>
            <port dstActor="D0N44" name="p26" srcActor="D0N4"/>
            <port dstActor="D0N28" name="p27" srcActor="D0N4"/>
            <port dstActor="D0N45" name="p28" srcActor="D0N4"/>
            <port dstActor="D0N45" name="p29" srcActor="D0N20"/>
            <port dstActor="D0N42" name="p30" srcActor="D0N37"/>
            <port dstActor="D0N45" name="p31" srcActor="D0N41"/>
            <port dstActor="D0N44" name="p32" srcActor="D0N38"/>
            <port dstActor="D0N20" name="p33" srcActor="D0N8"/>
            <port dstActor="D0N19" name="p34" srcActor="D0N8"/>
            <port dstActor="D0N27" name="p35" srcActor="D0N8"/>
            <port dstActor="D0N29" name="p36" srcActor="D0N8"/>
            <port dstActor="D0N31" name="p37" srcActor="D0N8"/>
            <port dstActor="D0N22" name="p38" srcActor="D0N18"/>
            <port dstActor="D0N47" name="p39" srcActor="D0N18"/>
            <port dstActor="D0N32" name="p40" srcActor="D0N19"/>
            <port dstActor="D0N29" name="p41" srcActor="D0N19"/>
            <port dstActor="D0N22" name="p42" srcActor="D0N19"/>
            <port dstActor="D0N26" name="p43" srcActor="D0N19"/>
            <port dstActor="D0N29" name="p44" srcActor="D0N1"/>
            <port dstActor="D0N31" name="p45" srcActor="D0N1"/>
            <port dstActor="D0N45" name="p46" srcActor="D0N1"/>
            <port dstActor="D0N24" name="p47" srcActor="D0N1"/>
            <port dstActor="D0N32" name="p48" srcActor="D0N1"/>
            <port dstActor="D0N33" name="p49" srcActor="D0N1"/>
            <port dstActor="D0N22" name="p50" srcActor="D0N12"/>
            <port dstActor="D0N32" name="p51" srcActor="D0N12"/>
            <port dstActor="D0N17" name="p52" srcActor="D0N12"/>
            <port dstActor="D0N42" name="p53" srcActor="D0N28"/>
            <port dstActor="D0N47" name="p54" srcActor="D0N25"/>
            <port dstActor="D0N47" name="p55" srcActor="D0N45"/>
            <port dstActor="D0N16" name="p56" srcActor="D0N10"/>
            <port dstActor="D0N15" name="p57" srcActor="D0N10"/>
            <port dstActor="D0N37" name="p58" srcActor="D0N10"/>
            <port dstActor="D0N20" name="p59" srcActor="D0N16"/>
            <port dstActor="D0N31" name="p60" srcActor="D0N16"/>
            <port dstActor="D0N34" name="p61" srcActor="D0N16"/>
            <port dstActor="D0N47" name="p62" srcActor="D0N21"/>
            <port dstActor="D0N32" name="p63" srcActor="D0N21"/>
            <port dstActor="D0N26" name="p64" srcActor="D0N21"/>
            <port dstActor="D0N40" name="p65" srcActor="D0N21"/>
            <port dstActor="D0N34" name="p66" srcActor="D0N21"/>
            <port dstActor="D0N43" name="p67" srcActor="D0N21"/>
            <port dstActor="D0N31" name="p68" srcActor="D0N24"/>
            <port dstActor="D0N46" name="p69" srcActor="D0N24"/>
            <port dstActor="D0N44" name="p70" srcActor="D0N40"/>
            <port dstActor="D0N45" name="p71" srcActor="D0N40"/>
            <port dstActor="D0N36" name="p72" srcActor="D0N26"/>
            <port dstActor="D0N47" name="p73" srcActor="D0N26"/>
            <port dstActor="D0N31" name="p74" srcActor="D0N26"/>
            <port dstActor="D0N33" name="p75" srcActor="D0N26"/>
            <port dstActor="D0N40" name="p76" srcActor="D0N26"/>
            <port dstActor="D0N35" name="p77" srcActor="D0N6"/>
            <port dstActor="D0N26" name="p78" srcActor="D0N6"/>
            <port dstActor="D0N34" name="p79" srcActor="D0N6"/>
            <port dstActor="D0N27" name="p80" srcActor="D0N17"/>
            <port dstActor="D0N29" name="p81" srcActor="D0N11"/>
            <port dstActor="D0N37" name="p82" srcActor="D0N11"/>
            <port dstActor="D0N46" name="p83" srcActor="D0N11"/>
            <port dstActor="D0N47" name="p84" srcActor="D0N11"/>
            <port dstActor="D0N12" name="p85" srcActor="D0N9"/>
            <port dstActor="D0N42" name="p86" srcActor="D0N9"/>
            <port dstActor="D0N44" name="p87" srcActor="D0N9"/>
            <port dstActor="D0N14" name="p88" srcActor="D0N7"/>
            <port dstActor="D0N35" name="p89" srcActor="D0N7"/>
            <port dstActor="D0N36" name="p90" srcActor="D0N7"/>
            <port dstActor="D0N29" name="p91" srcActor="D0N7"/>
            <port dstActor="D0N42" name="p92" srcActor="D0N0"/>
            <port dstActor="D0N17" name="p93" srcActor="D0N0"/>
            <port dstActor="D0N27" name="p94" srcActor="D0N0"/>
            <port dstActor="D0N24" name="p95" srcActor="D0N15"/>
            <port dstActor="D0N27" name="p96" srcActor="D0N15"/>
            <port dstActor="D0N37" name="p97" srcActor="D0N15"/>
            <port dstActor="D0N44" name="p98" srcActor="D0N27"/>
            <port dstActor="D0N47" name="p99" srcActor="D0N36"/>
            <port dstActor="D0N46" name="p100" srcActor="D0N36"/>
            <port dstActor="D0N26" name="p101" srcActor="D0N14"/>
            <port dstActor="D0N19" name="p102" srcActor="D0N14"/>
            <port dstActor="D0N36" name="p103" srcActor="D0N14"/>
            <port dstActor="D0N47" name="p104" srcActor="D0N14"/>
            <port dstActor="D0N43" name="p105" srcActor="D0N23"/>
            <port dstActor="D0N42" name="p106" srcActor="D0N23"/>
            <port dstActor="D0N29" name="p107" srcActor="D0N23"/>
        </ports>
    </mcdag>
    <cores number="3"/>
    <levels number="2"/>
</mcsystem>
