<?xml version="1.0" encoding="UTF-8" standalone="no"?>
<mcsystem>
    <mcdag deadline="5000" name="genned-0-ed-10.0-0">
        <actor name="D0N9">
            <wcet number="0">40</wcet>
            <wcet number="1">60</wcet>
            <maxpow number="0.5301611454648611"/>
            <maxpow number="0.5301611454648611"/>
            <fprob>0.0</fprob>
        </actor>
        <actor name="D0N45">
            <wcet number="0">20</wcet>
            <wcet number="1">50</wcet>
            <maxpow number="0.6772502520867829"/>
            <maxpow number="0.6772502520867829"/>
            <fprob>0.0</fprob>
        </actor>
        <actor name="D0N0">
            <wcet number="0">20</wcet>
            <wcet number="1">20</wcet>
            <maxpow number="0.5289044569305187"/>
            <maxpow number="0.5289044569305187"/>
            <fprob>0.0</fprob>
        </actor>
        <actor name="D0N11">
            <wcet number="0">10</wcet>
            <wcet number="1">30</wcet>
            <maxpow number="0.5541664619536837"/>
            <maxpow number="0.5541664619536837"/>
            <fprob>0.0</fprob>
        </actor>
        <actor name="D0N29">
            <wcet number="0">60</wcet>
            <wcet number="1">60</wcet>
            <maxpow number="0.3520812866700672"/>
            <maxpow number="0.3520812866700672"/>
            <fprob>0.0</fprob>
        </actor>
        <actor name="D0N30">
            <wcet number="0">10</wcet>
            <wcet number="1">10</wcet>
            <maxpow number="0.5680109884395138"/>
            <maxpow number="0.5680109884395138"/>
            <fprob>0.0</fprob>
        </actor>
        <actor name="D0N37">
            <wcet number="0">200</wcet>
            <wcet number="1">360</wcet>
            <maxpow number="0.43805805930076075"/>
            <maxpow number="0.43805805930076075"/>
            <fprob>0.0</fprob>
        </actor>
        <actor name="D0N47">
            <wcet number="0">140</wcet>
            <wcet number="1">160</wcet>
            <maxpow number="0.6153104342914035"/>
            <maxpow number="0.6153104342914035"/>
            <fprob>0.0</fprob>
        </actor>
        <actor name="D0N46">
            <wcet number="0">130</wcet>
            <wcet number="1">190</wcet>
            <maxpow number="0.2748549241482214"/>
            <maxpow number="0.2748549241482214"/>
            <fprob>0.0</fprob>
        </actor>
        <actor name="D0N43">
            <wcet number="0">130</wcet>
            <wcet number="1">150</wcet>
            <maxpow number="0.4689717870349744"/>
            <maxpow number="0.4689717870349744"/>
            <fprob>0.0</fprob>
        </actor>
        <actor name="D0N3">
            <wcet number="0">90</wcet>
            <wcet number="1">120</wcet>
            <maxpow number="0.36885385927770953"/>
            <maxpow number="0.36885385927770953"/>
            <fprob>0.0</fprob>
        </actor>
        <actor name="D0N17">
            <wcet number="0">450</wcet>
            <wcet number="1">520</wcet>
            <maxpow number="0.6682039878634083"/>
            <maxpow number="0.6682039878634083"/>
            <fprob>0.0</fprob>
        </actor>
        <actor name="D0N34">
            <wcet number="0">70</wcet>
            <wcet number="1">80</wcet>
            <maxpow number="0.4007907127720275"/>
            <maxpow number="0.4007907127720275"/>
            <fprob>0.0</fprob>
        </actor>
        <actor name="D0N26">
            <wcet number="0">110</wcet>
            <wcet number="1">260</wcet>
            <maxpow number="0.6224152809503043"/>
            <maxpow number="0.6224152809503043"/>
            <fprob>0.0</fprob>
        </actor>
        <actor name="D0N48">
            <wcet number="0">150</wcet>
            <wcet number="1">550</wcet>
            <maxpow number="0.8099462099998167"/>
            <maxpow number="0.8099462099998167"/>
            <fprob>0.0</fprob>
        </actor>
        <actor name="D0N42">
            <wcet number="0">150</wcet>
            <wcet number="1">260</wcet>
            <maxpow number="0.5833202840113118"/>
            <maxpow number="0.5833202840113118"/>
            <fprob>0.0</fprob>
        </actor>
        <actor name="D0N27">
            <wcet number="0">50</wcet>
            <wcet number="1">100</wcet>
            <maxpow number="0.8098670412476794"/>
            <maxpow number="0.8098670412476794"/>
            <fprob>0.0</fprob>
        </actor>
        <actor name="D0N8">
            <wcet number="0">240</wcet>
            <wcet number="1">260</wcet>
            <maxpow number="0.7347669097516863"/>
            <maxpow number="0.7347669097516863"/>
            <fprob>0.0</fprob>
        </actor>
        <actor name="D0N21">
            <wcet number="0">110</wcet>
            <wcet number="1">110</wcet>
            <maxpow number="0.30637727092860007"/>
            <maxpow number="0.30637727092860007"/>
            <fprob>0.0</fprob>
        </actor>
        <actor name="D0N25">
            <wcet number="0">380</wcet>
            <wcet number="1">420</wcet>
            <maxpow number="0.7233315631398758"/>
            <maxpow number="0.7233315631398758"/>
            <fprob>0.0</fprob>
        </actor>
        <actor name="D0N16">
            <wcet number="0">110</wcet>
            <wcet number="1">120</wcet>
            <maxpow number="0.5209339033963423"/>
            <maxpow number="0.5209339033963423"/>
            <fprob>0.0</fprob>
        </actor>
        <actor name="D0N12">
            <wcet number="0">40</wcet>
            <wcet number="1">280</wcet>
            <maxpow number="0.2369161867058458"/>
            <maxpow number="0.2369161867058458"/>
            <fprob>0.0</fprob>
        </actor>
        <actor name="D0N40">
            <wcet number="0">40</wcet>
            <wcet number="1">60</wcet>
            <maxpow number="0.5221419207191904"/>
            <maxpow number="0.5221419207191904"/>
            <fprob>0.0</fprob>
        </actor>
        <actor name="D0N13">
            <wcet number="0">20</wcet>
            <wcet number="1">40</wcet>
            <maxpow number="0.596858179769648"/>
            <maxpow number="0.596858179769648"/>
            <fprob>0.0</fprob>
        </actor>
        <actor name="D0N6">
            <wcet number="0">260</wcet>
            <wcet number="1">610</wcet>
            <maxpow number="0.47413336713694815"/>
            <maxpow number="0.47413336713694815"/>
            <fprob>0.0</fprob>
        </actor>
        <actor name="D0N35">
            <wcet number="0">10</wcet>
            <wcet number="1">170</wcet>
            <maxpow number="0.7176770463891262"/>
            <maxpow number="0.7176770463891262"/>
            <fprob>0.0</fprob>
        </actor>
        <actor name="D0N39">
            <wcet number="0">50</wcet>
            <wcet number="1">390</wcet>
            <maxpow number="0.9029853522231001"/>
            <maxpow number="0.9029853522231001"/>
            <fprob>0.0</fprob>
        </actor>
        <actor name="D0N41">
            <wcet number="0">250</wcet>
            <wcet number="1">310</wcet>
            <maxpow number="0.6633284626766828"/>
            <maxpow number="0.6633284626766828"/>
            <fprob>0.0</fprob>
        </actor>
        <actor name="D0N14">
            <wcet number="0">130</wcet>
            <wcet number="1">270</wcet>
            <maxpow number="0.5655190722839339"/>
            <maxpow number="0.5655190722839339"/>
            <fprob>0.0</fprob>
        </actor>
        <actor name="D0N28">
            <wcet number="0">140</wcet>
            <wcet number="1">590</wcet>
            <maxpow number="0.26485036894328895"/>
            <maxpow number="0.26485036894328895"/>
            <fprob>0.0</fprob>
        </actor>
        <actor name="D0N24">
            <wcet number="0">10</wcet>
            <wcet number="1">30</wcet>
            <maxpow number="0.3722848816145844"/>
            <maxpow number="0.3722848816145844"/>
            <fprob>0.0</fprob>
        </actor>
        <actor name="D0N4">
            <wcet number="0">30</wcet>
            <wcet number="1">40</wcet>
            <maxpow number="0.6922873892116886"/>
            <maxpow number="0.6922873892116886"/>
            <fprob>0.0</fprob>
        </actor>
        <actor name="D0N19">
            <wcet number="0">40</wcet>
            <wcet number="1">140</wcet>
            <maxpow number="0.5733422228398887"/>
            <maxpow number="0.5733422228398887"/>
            <fprob>0.0</fprob>
        </actor>
        <actor name="D0N20">
            <wcet number="0">40</wcet>
            <wcet number="1">150</wcet>
            <maxpow number="0.4636844998284598"/>
            <maxpow number="0.4636844998284598"/>
            <fprob>0.0</fprob>
        </actor>
        <actor name="D0N32">
            <wcet number="0">150</wcet>
            <wcet number="1">240</wcet>
            <maxpow number="0.26110866013788464"/>
            <maxpow number="0.26110866013788464"/>
            <fprob>0.0</fprob>
        </actor>
        <actor name="D0N49">
            <wcet number="0">460</wcet>
            <wcet number="1">460</wcet>
            <maxpow number="0.5527599916056801"/>
            <maxpow number="0.5527599916056801"/>
            <fprob>0.0</fprob>
        </actor>
        <actor name="D0N2">
            <wcet number="0">70</wcet>
            <wcet number="1">150</wcet>
            <maxpow number="0.31002924894325856"/>
            <maxpow number="0.31002924894325856"/>
            <fprob>0.0</fprob>
        </actor>
        <actor name="D0N7">
            <wcet number="0">590</wcet>
            <wcet number="1">600</wcet>
            <maxpow number="0.8826626265305648"/>
            <maxpow number="0.8826626265305648"/>
            <fprob>0.0</fprob>
        </actor>
        <actor name="D0N31">
            <wcet number="0">110</wcet>
            <wcet number="1">120</wcet>
            <maxpow number="0.5734938773108145"/>
            <maxpow number="0.5734938773108145"/>
            <fprob>0.0</fprob>
        </actor>
        <actor name="D0N23">
            <wcet number="0">70</wcet>
            <wcet number="1">110</wcet>
            <maxpow number="0.45532651366794163"/>
            <maxpow number="0.45532651366794163"/>
            <fprob>0.0</fprob>
        </actor>
        <actor name="D0N33">
            <wcet number="0">220</wcet>
            <wcet number="1">590</wcet>
            <maxpow number="0.5802447992996433"/>
            <maxpow number="0.5802447992996433"/>
            <fprob>0.0</fprob>
        </actor>
        <actor name="D0N1">
            <wcet number="0">20</wcet>
            <wcet number="1">100</wcet>
            <maxpow number="0.48141879853167285"/>
            <maxpow number="0.48141879853167285"/>
            <fprob>0.0</fprob>
        </actor>
        <actor name="D0N18">
            <wcet number="0">40</wcet>
            <wcet number="1">220</wcet>
            <maxpow number="0.2563843518995289"/>
            <maxpow number="0.2563843518995289"/>
            <fprob>0.0</fprob>
        </actor>
        <actor name="D0N15">
            <wcet number="0">70</wcet>
            <wcet number="1">120</wcet>
            <maxpow number="0.5049484720899902"/>
            <maxpow number="0.5049484720899902"/>
            <fprob>0.0</fprob>
        </actor>
        <actor name="D0N5">
            <wcet number="0">100</wcet>
            <wcet number="1">420</wcet>
            <maxpow number="0.32164553055062456"/>
            <maxpow number="0.32164553055062456"/>
            <fprob>0.0</fprob>
        </actor>
        <actor name="D0N22">
            <wcet number="0">250</wcet>
            <wcet number="1">260</wcet>
            <maxpow number="0.728098432737988"/>
            <maxpow number="0.728098432737988"/>
            <fprob>0.0</fprob>
        </actor>
        <actor name="D0N36">
            <wcet number="0">20</wcet>
            <wcet number="1">70</wcet>
            <maxpow number="0.6753344170046569"/>
            <maxpow number="0.6753344170046569"/>
            <fprob>0.0</fprob>
        </actor>
        <actor name="D0N38">
            <wcet number="0">20</wcet>
            <wcet number="1">80</wcet>
            <maxpow number="0.5913040186733195"/>
            <maxpow number="0.5913040186733195"/>
            <fprob>0.0</fprob>
        </actor>
        <actor name="D0N10">
            <wcet number="0">10</wcet>
            <wcet number="1">70</wcet>
            <maxpow number="0.5433778347639189"/>
            <maxpow number="0.5433778347639189"/>
            <fprob>0.0</fprob>
        </actor>
        <actor name="D0N44">
            <wcet number="0">230</wcet>
            <wcet number="1">420</wcet>
            <maxpow number="0.6582735845503183"/>
            <maxpow number="0.6582735845503183"/>
            <fprob>0.0</fprob>
        </actor>
        <ports>
            <port dstActor="D0N38" name="p0" srcActor="D0N9"/>
            <port dstActor="D0N48" name="p1" srcActor="D0N9"/>
            <port dstActor="D0N30" name="p2" srcActor="D0N9"/>
            <port dstActor="D0N47" name="p3" srcActor="D0N9"/>
            <port dstActor="D0N21" name="p4" srcActor="D0N9"/>
            <port dstActor="D0N36" name="p5" srcActor="D0N0"/>
            <port dstActor="D0N10" name="p6" srcActor="D0N0"/>
            <port dstActor="D0N8" name="p7" srcActor="D0N0"/>
            <port dstActor="D0N14" name="p8" srcActor="D0N0"/>
            <port dstActor="D0N12" name="p9" srcActor="D0N0"/>
            <port dstActor="D0N48" name="p10" srcActor="D0N0"/>
            <port dstActor="D0N13" name="p11" srcActor="D0N0"/>
            <port dstActor="D0N29" name="p12" srcActor="D0N0"/>
            <port dstActor="D0N18" name="p13" srcActor="D0N11"/>
            <port dstActor="D0N24" name="p14" srcActor="D0N11"/>
            <port dstActor="D0N46" name="p15" srcActor="D0N29"/>
            <port dstActor="D0N33" name="p16" srcActor="D0N29"/>
            <port dstActor="D0N39" name="p17" srcActor="D0N30"/>
            <port dstActor="D0N44" name="p18" srcActor="D0N37"/>
            <port dstActor="D0N47" name="p19" srcActor="D0N37"/>
            <port dstActor="D0N44" name="p20" srcActor="D0N43"/>
            <port dstActor="D0N9" name="p21" srcActor="D0N3"/>
            <port dstActor="D0N49" name="p22" srcActor="D0N3"/>
            <port dstActor="D0N8" name="p23" srcActor="D0N3"/>
            <port dstActor="D0N20" name="p24" srcActor="D0N3"/>
            <port dstActor="D0N22" name="p25" srcActor="D0N3"/>
            <port dstActor="D0N11" name="p26" srcActor="D0N3"/>
            <port dstActor="D0N34" name="p27" srcActor="D0N17"/>
            <port dstActor="D0N22" name="p28" srcActor="D0N17"/>
            <port dstActor="D0N35" name="p29" srcActor="D0N17"/>
            <port dstActor="D0N47" name="p30" srcActor="D0N34"/>
            <port dstActor="D0N36" name="p31" srcActor="D0N26"/>
            <port dstActor="D0N46" name="p32" srcActor="D0N26"/>
            <port dstActor="D0N33" name="p33" srcActor="D0N26"/>
            <port dstActor="D0N47" name="p34" srcActor="D0N42"/>
            <port dstActor="D0N30" name="p35" srcActor="D0N27"/>
            <port dstActor="D0N39" name="p36" srcActor="D0N27"/>
            <port dstActor="D0N29" name="p37" srcActor="D0N8"/>
            <port dstActor="D0N12" name="p38" srcActor="D0N8"/>
            <port dstActor="D0N31" name="p39" srcActor="D0N21"/>
            <port dstActor="D0N49" name="p40" srcActor="D0N21"/>
            <port dstActor="D0N26" name="p41" srcActor="D0N21"/>
            <port dstActor="D0N46" name="p42" srcActor="D0N21"/>
            <port dstActor="D0N29" name="p43" srcActor="D0N21"/>
            <port dstActor="D0N45" name="p44" srcActor="D0N16"/>
            <port dstActor="D0N44" name="p45" srcActor="D0N16"/>
            <port dstActor="D0N22" name="p46" srcActor="D0N16"/>
            <port dstActor="D0N38" name="p47" srcActor="D0N12"/>
            <port dstActor="D0N41" name="p48" srcActor="D0N12"/>
            <port dstActor="D0N27" name="p49" srcActor="D0N12"/>
            <port dstActor="D0N14" name="p50" srcActor="D0N13"/>
            <port dstActor="D0N42" name="p51" srcActor="D0N13"/>
            <port dstActor="D0N30" name="p52" srcActor="D0N13"/>
            <port dstActor="D0N38" name="p53" srcActor="D0N13"/>
            <port dstActor="D0N49" name="p54" srcActor="D0N13"/>
            <port dstActor="D0N44" name="p55" srcActor="D0N13"/>
            <port dstActor="D0N29" name="p56" srcActor="D0N13"/>
            <port dstActor="D0N24" name="p57" srcActor="D0N6"/>
            <port dstActor="D0N35" name="p58" srcActor="D0N6"/>
            <port dstActor="D0N12" name="p59" srcActor="D0N6"/>
            <port dstActor="D0N43" name="p60" srcActor="D0N35"/>
            <port dstActor="D0N37" name="p61" srcActor="D0N35"/>
            <port dstActor="D0N44" name="p62" srcActor="D0N35"/>
            <port dstActor="D0N44" name="p63" srcActor="D0N39"/>
            <port dstActor="D0N47" name="p64" srcActor="D0N41"/>
            <port dstActor="D0N38" name="p65" srcActor="D0N14"/>
            <port dstActor="D0N36" name="p66" srcActor="D0N14"/>
            <port dstActor="D0N34" name="p67" srcActor="D0N14"/>
            <port dstActor="D0N45" name="p68" srcActor="D0N14"/>
            <port dstActor="D0N40" name="p69" srcActor="D0N28"/>
            <port dstActor="D0N30" name="p70" srcActor="D0N28"/>
            <port dstActor="D0N29" name="p71" srcActor="D0N28"/>
            <port dstActor="D0N42" name="p72" srcActor="D0N24"/>
            <port dstActor="D0N47" name="p73" srcActor="D0N24"/>
            <port dstActor="D0N30" name="p74" srcActor="D0N24"/>
            <port dstActor="D0N45" name="p75" srcActor="D0N24"/>
            <port dstActor="D0N31" name="p76" srcActor="D0N4"/>
            <port dstActor="D0N14" name="p77" srcActor="D0N4"/>
            <port dstActor="D0N16" name="p78" srcActor="D0N4"/>
            <port dstActor="D0N8" name="p79" srcActor="D0N4"/>
            <port dstActor="D0N49" name="p80" srcActor="D0N4"/>
            <port dstActor="D0N6" name="p81" srcActor="D0N4"/>
            <port dstActor="D0N15" name="p82" srcActor="D0N4"/>
            <port dstActor="D0N20" name="p83" srcActor="D0N4"/>
            <port dstActor="D0N45" name="p84" srcActor="D0N19"/>
            <port dstActor="D0N31" name="p85" srcActor="D0N20"/>
            <port dstActor="D0N26" name="p86" srcActor="D0N20"/>
            <port dstActor="D0N48" name="p87" srcActor="D0N20"/>
            <port dstActor="D0N33" name="p88" srcActor="D0N32"/>
            <port dstActor="D0N27" name="p89" srcActor="D0N2"/>
            <port dstActor="D0N15" name="p90" srcActor="D0N2"/>
            <port dstActor="D0N10" name="p91" srcActor="D0N2"/>
            <port dstActor="D0N12" name="p92" srcActor="D0N7"/>
            <port dstActor="D0N40" name="p93" srcActor="D0N7"/>
            <port dstActor="D0N10" name="p94" srcActor="D0N7"/>
            <port dstActor="D0N37" name="p95" srcActor="D0N7"/>
            <port dstActor="D0N39" name="p96" srcActor="D0N7"/>
            <port dstActor="D0N30" name="p97" srcActor="D0N23"/>
            <port dstActor="D0N42" name="p98" srcActor="D0N23"/>
            <port dstActor="D0N29" name="p99" srcActor="D0N23"/>
            <port dstActor="D0N4" name="p100" srcActor="D0N1"/>
            <port dstActor="D0N28" name="p101" srcActor="D0N1"/>
            <port dstActor="D0N45" name="p102" srcActor="D0N1"/>
            <port dstActor="D0N31" name="p103" srcActor="D0N1"/>
            <port dstActor="D0N39" name="p104" srcActor="D0N1"/>
            <port dstActor="D0N14" name="p105" srcActor="D0N1"/>
            <port dstActor="D0N26" name="p106" srcActor="D0N1"/>
            <port dstActor="D0N32" name="p107" srcActor="D0N18"/>
            <port dstActor="D0N45" name="p108" srcActor="D0N18"/>
            <port dstActor="D0N49" name="p109" srcActor="D0N18"/>
            <port dstActor="D0N21" name="p110" srcActor="D0N18"/>
            <port dstActor="D0N43" name="p111" srcActor="D0N15"/>
            <port dstActor="D0N31" name="p112" srcActor="D0N15"/>
            <port dstActor="D0N33" name="p113" srcActor="D0N15"/>
            <port dstActor="D0N21" name="p114" srcActor="D0N15"/>
            <port dstActor="D0N29" name="p115" srcActor="D0N15"/>
            <port dstActor="D0N15" name="p116" srcActor="D0N5"/>
            <port dstActor="D0N6" name="p117" srcActor="D0N5"/>
            <port dstActor="D0N40" name="p118" srcActor="D0N5"/>
            <port dstActor="D0N17" name="p119" srcActor="D0N5"/>
            <port dstActor="D0N31" name="p120" srcActor="D0N5"/>
            <port dstActor="D0N38" name="p121" srcActor="D0N5"/>
            <port dstActor="D0N34" name="p122" srcActor="D0N22"/>
            <port dstActor="D0N46" name="p123" srcActor="D0N22"/>
            <port dstActor="D0N29" name="p124" srcActor="D0N22"/>
            <port dstActor="D0N45" name="p125" srcActor="D0N22"/>
            <port dstActor="D0N12" name="p126" srcActor="D0N10"/>
            <port dstActor="D0N46" name="p127" srcActor="D0N10"/>
            <port dstActor="D0N21" name="p128" srcActor="D0N10"/>
        </ports>
    </mcdag>
    <cores number="3"/>
    <levels number="2"/>
</mcsystem>
