<?xml version="1.0" encoding="UTF-8" standalone="no"?>
<mcsystem>
    <mcdag deadline="2000" name="genned-0-ed-10.0-0">
        <actor name="D0N33">
            <wcet number="0">40</wcet>
            <wcet number="1">70</wcet>
            <maxpow number="0.3703361009572642"/>
            <maxpow number="0.3703361009572642"/>
            <fprob>0.0</fprob>
        </actor>
        <actor name="D0N6">
            <wcet number="0">20</wcet>
            <wcet number="1">50</wcet>
            <maxpow number="0.7035582716999391"/>
            <maxpow number="0.7035582716999391"/>
            <fprob>0.0</fprob>
        </actor>
        <actor name="D0N13">
            <wcet number="0">90</wcet>
            <wcet number="1">90</wcet>
            <maxpow number="0.3047261644440412"/>
            <maxpow number="0.3047261644440412"/>
            <fprob>0.0</fprob>
        </actor>
        <actor name="D0N24">
            <wcet number="0">40</wcet>
            <wcet number="1">80</wcet>
            <maxpow number="0.2686544133044077"/>
            <maxpow number="0.2686544133044077"/>
            <fprob>0.0</fprob>
        </actor>
        <actor name="D0N10">
            <wcet number="0">10</wcet>
            <wcet number="1">30</wcet>
            <maxpow number="0.4405438947140244"/>
            <maxpow number="0.4405438947140244"/>
            <fprob>0.0</fprob>
        </actor>
        <actor name="D0N12">
            <wcet number="0">150</wcet>
            <wcet number="1">430</wcet>
            <maxpow number="0.614661490096144"/>
            <maxpow number="0.614661490096144"/>
            <fprob>0.0</fprob>
        </actor>
        <actor name="D0N30">
            <wcet number="0">30</wcet>
            <wcet number="1">30</wcet>
            <maxpow number="0.2092947516267888"/>
            <maxpow number="0.2092947516267888"/>
            <fprob>0.0</fprob>
        </actor>
        <actor name="D0N16">
            <wcet number="0">10</wcet>
            <wcet number="1">10</wcet>
            <maxpow number="0.48062422600876875"/>
            <maxpow number="0.48062422600876875"/>
            <fprob>0.0</fprob>
        </actor>
        <actor name="D0N37">
            <wcet number="0">30</wcet>
            <wcet number="1">30</wcet>
            <maxpow number="0.17326488065988455"/>
            <maxpow number="0.17326488065988455"/>
            <fprob>0.0</fprob>
        </actor>
        <actor name="D0N45">
            <wcet number="0">20</wcet>
            <wcet number="1">30</wcet>
            <maxpow number="0.22960923938402705"/>
            <maxpow number="0.22960923938402705"/>
            <fprob>0.0</fprob>
        </actor>
        <actor name="D0N2">
            <wcet number="0">10</wcet>
            <wcet number="1">40</wcet>
            <maxpow number="0.45989781479592096"/>
            <maxpow number="0.45989781479592096"/>
            <fprob>0.0</fprob>
        </actor>
        <actor name="D0N43">
            <wcet number="0">10</wcet>
            <wcet number="1">10</wcet>
            <maxpow number="0.27805509446808746"/>
            <maxpow number="0.27805509446808746"/>
            <fprob>0.0</fprob>
        </actor>
        <actor name="D0N3">
            <wcet number="0">10</wcet>
            <wcet number="1">10</wcet>
            <maxpow number="0.6636698664545988"/>
            <maxpow number="0.6636698664545988"/>
            <fprob>0.0</fprob>
        </actor>
        <actor name="D0N29">
            <wcet number="0">110</wcet>
            <wcet number="1">140</wcet>
            <maxpow number="0.6610212296398271"/>
            <maxpow number="0.6610212296398271"/>
            <fprob>0.0</fprob>
        </actor>
        <actor name="D0N38">
            <wcet number="0">10</wcet>
            <wcet number="1">140</wcet>
            <maxpow number="0.5609224011973806"/>
            <maxpow number="0.5609224011973806"/>
            <fprob>0.0</fprob>
        </actor>
        <actor name="D0N15">
            <wcet number="0">140</wcet>
            <wcet number="1">150</wcet>
            <maxpow number="0.22477141742170725"/>
            <maxpow number="0.22477141742170725"/>
            <fprob>0.0</fprob>
        </actor>
        <actor name="D0N23">
            <wcet number="0">40</wcet>
            <wcet number="1">360</wcet>
            <maxpow number="0.7968920932405893"/>
            <maxpow number="0.7968920932405893"/>
            <fprob>0.0</fprob>
        </actor>
        <actor name="D0N17">
            <wcet number="0">10</wcet>
            <wcet number="1">40</wcet>
            <maxpow number="0.5081759826196004"/>
            <maxpow number="0.5081759826196004"/>
            <fprob>0.0</fprob>
        </actor>
        <actor name="D0N25">
            <wcet number="0">140</wcet>
            <wcet number="1">150</wcet>
            <maxpow number="0.695794363752006"/>
            <maxpow number="0.695794363752006"/>
            <fprob>0.0</fprob>
        </actor>
        <actor name="D0N5">
            <wcet number="0">150</wcet>
            <wcet number="1">170</wcet>
            <maxpow number="0.5103339707085325"/>
            <maxpow number="0.5103339707085325"/>
            <fprob>0.0</fprob>
        </actor>
        <actor name="D0N4">
            <wcet number="0">10</wcet>
            <wcet number="1">20</wcet>
            <maxpow number="0.5752386338505724"/>
            <maxpow number="0.5752386338505724"/>
            <fprob>0.0</fprob>
        </actor>
        <actor name="D0N1">
            <wcet number="0">70</wcet>
            <wcet number="1">70</wcet>
            <maxpow number="0.7483882276117151"/>
            <maxpow number="0.7483882276117151"/>
            <fprob>0.0</fprob>
        </actor>
        <actor name="D0N7">
            <wcet number="0">20</wcet>
            <wcet number="1">70</wcet>
            <maxpow number="0.1907789613208316"/>
            <maxpow number="0.1907789613208316"/>
            <fprob>0.0</fprob>
        </actor>
        <actor name="D0N0">
            <wcet number="0">10</wcet>
            <wcet number="1">60</wcet>
            <maxpow number="0.40672824598171614"/>
            <maxpow number="0.40672824598171614"/>
            <fprob>0.0</fprob>
        </actor>
        <actor name="D0N9">
            <wcet number="0">120</wcet>
            <wcet number="1">160</wcet>
            <maxpow number="0.5237044569619347"/>
            <maxpow number="0.5237044569619347"/>
            <fprob>0.0</fprob>
        </actor>
        <actor name="D0N14">
            <wcet number="0">80</wcet>
            <wcet number="1">80</wcet>
            <maxpow number="0.5613943801672006"/>
            <maxpow number="0.5613943801672006"/>
            <fprob>0.0</fprob>
        </actor>
        <actor name="D0N39">
            <wcet number="0">90</wcet>
            <wcet number="1">110</wcet>
            <maxpow number="0.7672677126359638"/>
            <maxpow number="0.7672677126359638"/>
            <fprob>0.0</fprob>
        </actor>
        <actor name="D0N34">
            <wcet number="0">40</wcet>
            <wcet number="1">60</wcet>
            <maxpow number="0.7247263742541488"/>
            <maxpow number="0.7247263742541488"/>
            <fprob>0.0</fprob>
        </actor>
        <actor name="D0N27">
            <wcet number="0">60</wcet>
            <wcet number="1">80</wcet>
            <maxpow number="0.9019904489210446"/>
            <maxpow number="0.9019904489210446"/>
            <fprob>0.0</fprob>
        </actor>
        <actor name="D0N8">
            <wcet number="0">260</wcet>
            <wcet number="1">280</wcet>
            <maxpow number="0.6652793239089753"/>
            <maxpow number="0.6652793239089753"/>
            <fprob>0.0</fprob>
        </actor>
        <actor name="D0N11">
            <wcet number="0">220</wcet>
            <wcet number="1">260</wcet>
            <maxpow number="0.598250290078208"/>
            <maxpow number="0.598250290078208"/>
            <fprob>0.0</fprob>
        </actor>
        <actor name="D0N31">
            <wcet number="0">110</wcet>
            <wcet number="1">110</wcet>
            <maxpow number="0.467455742741677"/>
            <maxpow number="0.467455742741677"/>
            <fprob>0.0</fprob>
        </actor>
        <actor name="D0N32">
            <wcet number="0">50</wcet>
            <wcet number="1">50</wcet>
            <maxpow number="0.4451204339026622"/>
            <maxpow number="0.4451204339026622"/>
            <fprob>0.0</fprob>
        </actor>
        <actor name="D0N36">
            <wcet number="0">40</wcet>
            <wcet number="1">60</wcet>
            <maxpow number="0.42511664352633355"/>
            <maxpow number="0.42511664352633355"/>
            <fprob>0.0</fprob>
        </actor>
        <actor name="D0N22">
            <wcet number="0">70</wcet>
            <wcet number="1">80</wcet>
            <maxpow number="0.7186392263770628"/>
            <maxpow number="0.7186392263770628"/>
            <fprob>0.0</fprob>
        </actor>
        <actor name="D0N19">
            <wcet number="0">20</wcet>
            <wcet number="1">60</wcet>
            <maxpow number="0.49441793984811255"/>
            <maxpow number="0.49441793984811255"/>
            <fprob>0.0</fprob>
        </actor>
        <actor name="D0N26">
            <wcet number="0">40</wcet>
            <wcet number="1">110</wcet>
            <maxpow number="0.6963762314553986"/>
            <maxpow number="0.6963762314553986"/>
            <fprob>0.0</fprob>
        </actor>
        <actor name="D0N44">
            <wcet number="0">20</wcet>
            <wcet number="1">20</wcet>
            <maxpow number="0.6746695566417774"/>
            <maxpow number="0.6746695566417774"/>
            <fprob>0.0</fprob>
        </actor>
        <actor name="D0N18">
            <wcet number="0">120</wcet>
            <wcet number="1">180</wcet>
            <maxpow number="0.5635305331508337"/>
            <maxpow number="0.5635305331508337"/>
            <fprob>0.0</fprob>
        </actor>
        <actor name="D0N40">
            <wcet number="0">20</wcet>
            <wcet number="1">20</wcet>
            <maxpow number="0.6870413981972782"/>
            <maxpow number="0.6870413981972782"/>
            <fprob>0.0</fprob>
        </actor>
        <actor name="D0N28">
            <wcet number="0">30</wcet>
            <wcet number="1">30</wcet>
            <maxpow number="0.296651904948305"/>
            <maxpow number="0.296651904948305"/>
            <fprob>0.0</fprob>
        </actor>
        <actor name="D0N35">
            <wcet number="0">50</wcet>
            <wcet number="1">70</wcet>
            <maxpow number="0.5284818145222249"/>
            <maxpow number="0.5284818145222249"/>
            <fprob>0.0</fprob>
        </actor>
        <actor name="D0N42">
            <wcet number="0">20</wcet>
            <wcet number="1">40</wcet>
            <maxpow number="0.6095106506065464"/>
            <maxpow number="0.6095106506065464"/>
            <fprob>0.0</fprob>
        </actor>
        <actor name="D0N20">
            <wcet number="0">20</wcet>
            <wcet number="1">20</wcet>
            <maxpow number="0.6980651109573485"/>
            <maxpow number="0.6980651109573485"/>
            <fprob>0.0</fprob>
        </actor>
        <actor name="D0N21">
            <wcet number="0">10</wcet>
            <wcet number="1">20</wcet>
            <maxpow number="0.36323400215666846"/>
            <maxpow number="0.36323400215666846"/>
            <fprob>0.0</fprob>
        </actor>
        <actor name="D0N41">
            <wcet number="0">20</wcet>
            <wcet number="1">20</wcet>
            <maxpow number="0.5423768547065438"/>
            <maxpow number="0.5423768547065438"/>
            <fprob>0.0</fprob>
        </actor>
        <ports>
            <port dstActor="D0N38" name="p0" srcActor="D0N33"/>
            <port dstActor="D0N10" name="p1" srcActor="D0N6"/>
            <port dstActor="D0N39" name="p2" srcActor="D0N6"/>
            <port dstActor="D0N9" name="p3" srcActor="D0N6"/>
            <port dstActor="D0N8" name="p4" srcActor="D0N6"/>
            <port dstActor="D0N37" name="p5" srcActor="D0N13"/>
            <port dstActor="D0N42" name="p6" srcActor="D0N13"/>
            <port dstActor="D0N24" name="p7" srcActor="D0N13"/>
            <port dstActor="D0N20" name="p8" srcActor="D0N13"/>
            <port dstActor="D0N23" name="p9" srcActor="D0N13"/>
            <port dstActor="D0N25" name="p10" srcActor="D0N13"/>
            <port dstActor="D0N43" name="p11" srcActor="D0N24"/>
            <port dstActor="D0N28" name="p12" srcActor="D0N10"/>
            <port dstActor="D0N21" name="p13" srcActor="D0N10"/>
            <port dstActor="D0N23" name="p14" srcActor="D0N12"/>
            <port dstActor="D0N35" name="p15" srcActor="D0N12"/>
            <port dstActor="D0N44" name="p16" srcActor="D0N12"/>
            <port dstActor="D0N25" name="p17" srcActor="D0N12"/>
            <port dstActor="D0N38" name="p18" srcActor="D0N12"/>
            <port dstActor="D0N24" name="p19" srcActor="D0N12"/>
            <port dstActor="D0N39" name="p20" srcActor="D0N16"/>
            <port dstActor="D0N36" name="p21" srcActor="D0N16"/>
            <port dstActor="D0N19" name="p22" srcActor="D0N16"/>
            <port dstActor="D0N22" name="p23" srcActor="D0N2"/>
            <port dstActor="D0N26" name="p24" srcActor="D0N2"/>
            <port dstActor="D0N16" name="p25" srcActor="D0N3"/>
            <port dstActor="D0N35" name="p26" srcActor="D0N3"/>
            <port dstActor="D0N6" name="p27" srcActor="D0N3"/>
            <port dstActor="D0N41" name="p28" srcActor="D0N3"/>
            <port dstActor="D0N11" name="p29" srcActor="D0N3"/>
            <port dstActor="D0N33" name="p30" srcActor="D0N29"/>
            <port dstActor="D0N42" name="p31" srcActor="D0N38"/>
            <port dstActor="D0N44" name="p32" srcActor="D0N38"/>
            <port dstActor="D0N24" name="p33" srcActor="D0N15"/>
            <port dstActor="D0N31" name="p34" srcActor="D0N15"/>
            <port dstActor="D0N42" name="p35" srcActor="D0N23"/>
            <port dstActor="D0N35" name="p36" srcActor="D0N23"/>
            <port dstActor="D0N39" name="p37" srcActor="D0N17"/>
            <port dstActor="D0N28" name="p38" srcActor="D0N17"/>
            <port dstActor="D0N19" name="p39" srcActor="D0N17"/>
            <port dstActor="D0N32" name="p40" srcActor="D0N25"/>
            <port dstActor="D0N41" name="p41" srcActor="D0N25"/>
            <port dstActor="D0N39" name="p42" srcActor="D0N25"/>
            <port dstActor="D0N30" name="p43" srcActor="D0N25"/>
            <port dstActor="D0N44" name="p44" srcActor="D0N5"/>
            <port dstActor="D0N20" name="p45" srcActor="D0N5"/>
            <port dstActor="D0N43" name="p46" srcActor="D0N5"/>
            <port dstActor="D0N31" name="p47" srcActor="D0N5"/>
            <port dstActor="D0N12" name="p48" srcActor="D0N5"/>
            <port dstActor="D0N14" name="p49" srcActor="D0N5"/>
            <port dstActor="D0N19" name="p50" srcActor="D0N5"/>
            <port dstActor="D0N44" name="p51" srcActor="D0N4"/>
            <port dstActor="D0N24" name="p52" srcActor="D0N4"/>
            <port dstActor="D0N12" name="p53" srcActor="D0N4"/>
            <port dstActor="D0N26" name="p54" srcActor="D0N4"/>
            <port dstActor="D0N7" name="p55" srcActor="D0N1"/>
            <port dstActor="D0N41" name="p56" srcActor="D0N1"/>
            <port dstActor="D0N10" name="p57" srcActor="D0N1"/>
            <port dstActor="D0N30" name="p58" srcActor="D0N7"/>
            <port dstActor="D0N12" name="p59" srcActor="D0N7"/>
            <port dstActor="D0N22" name="p60" srcActor="D0N0"/>
            <port dstActor="D0N2" name="p61" srcActor="D0N0"/>
            <port dstActor="D0N5" name="p62" srcActor="D0N0"/>
            <port dstActor="D0N1" name="p63" srcActor="D0N0"/>
            <port dstActor="D0N37" name="p64" srcActor="D0N0"/>
            <port dstActor="D0N43" name="p65" srcActor="D0N0"/>
            <port dstActor="D0N8" name="p66" srcActor="D0N0"/>
            <port dstActor="D0N13" name="p67" srcActor="D0N0"/>
            <port dstActor="D0N45" name="p68" srcActor="D0N0"/>
            <port dstActor="D0N42" name="p69" srcActor="D0N14"/>
            <port dstActor="D0N41" name="p70" srcActor="D0N39"/>
            <port dstActor="D0N28" name="p71" srcActor="D0N27"/>
            <port dstActor="D0N40" name="p72" srcActor="D0N27"/>
            <port dstActor="D0N27" name="p73" srcActor="D0N11"/>
            <port dstActor="D0N42" name="p74" srcActor="D0N11"/>
            <port dstActor="D0N22" name="p75" srcActor="D0N11"/>
            <port dstActor="D0N43" name="p76" srcActor="D0N11"/>
            <port dstActor="D0N44" name="p77" srcActor="D0N11"/>
            <port dstActor="D0N36" name="p78" srcActor="D0N22"/>
            <port dstActor="D0N38" name="p79" srcActor="D0N22"/>
            <port dstActor="D0N33" name="p80" srcActor="D0N22"/>
            <port dstActor="D0N26" name="p81" srcActor="D0N19"/>
            <port dstActor="D0N27" name="p82" srcActor="D0N19"/>
            <port dstActor="D0N27" name="p83" srcActor="D0N26"/>
            <port dstActor="D0N37" name="p84" srcActor="D0N26"/>
            <port dstActor="D0N44" name="p85" srcActor="D0N18"/>
            <port dstActor="D0N35" name="p86" srcActor="D0N18"/>
            <port dstActor="D0N27" name="p87" srcActor="D0N18"/>
            <port dstActor="D0N24" name="p88" srcActor="D0N18"/>
            <port dstActor="D0N43" name="p89" srcActor="D0N35"/>
            <port dstActor="D0N36" name="p90" srcActor="D0N35"/>
            <port dstActor="D0N31" name="p91" srcActor="D0N21"/>
            <port dstActor="D0N30" name="p92" srcActor="D0N21"/>
            <port dstActor="D0N32" name="p93" srcActor="D0N21"/>
            <port dstActor="D0N36" name="p94" srcActor="D0N21"/>
            <port dstActor="D0N43" name="p95" srcActor="D0N21"/>
        </ports>
    </mcdag>
    <cores number="3"/>
    <levels number="2"/>
</mcsystem>
