<?xml version="1.0" encoding="UTF-8" standalone="no"?>
<mcsystem>
    <mcdag deadline="3000" name="genned-0-ed-10.0-0">
        <actor name="D0N18">
            <wcet number="0">30</wcet>
            <wcet number="1">30</wcet>
            <maxpow number="0.6346217931669322"/>
            <maxpow number="0.6346217931669322"/>
            <fprob>0.0</fprob>
        </actor>
        <actor name="D0N28">
            <wcet number="0">310</wcet>
            <wcet number="1">340</wcet>
            <maxpow number="0.8772602284254025"/>
            <maxpow number="0.8772602284254025"/>
            <fprob>0.0</fprob>
        </actor>
        <actor name="D0N17">
            <wcet number="0">150</wcet>
            <wcet number="1">340</wcet>
            <maxpow number="0.4551453374386622"/>
            <maxpow number="0.4551453374386622"/>
            <fprob>0.0</fprob>
        </actor>
        <actor name="D0N20">
            <wcet number="0">70</wcet>
            <wcet number="1">100</wcet>
            <maxpow number="0.5812946686243985"/>
            <maxpow number="0.5812946686243985"/>
            <fprob>0.0</fprob>
        </actor>
        <actor name="D0N31">
            <wcet number="0">20</wcet>
            <wcet number="1">20</wcet>
            <maxpow number="0.5253154192817934"/>
            <maxpow number="0.5253154192817934"/>
            <fprob>0.0</fprob>
        </actor>
        <actor name="D0N19">
            <wcet number="0">20</wcet>
            <wcet number="1">90</wcet>
            <maxpow number="0.6523460886094157"/>
            <maxpow number="0.6523460886094157"/>
            <fprob>0.0</fprob>
        </actor>
        <actor name="D0N46">
            <wcet number="0">20</wcet>
            <wcet number="1">70</wcet>
            <maxpow number="0.38221119087225985"/>
            <maxpow number="0.38221119087225985"/>
            <fprob>0.0</fprob>
        </actor>
        <actor name="D0N45">
            <wcet number="0">10</wcet>
            <wcet number="1">50</wcet>
            <maxpow number="0.6390124728425324"/>
            <maxpow number="0.6390124728425324"/>
            <fprob>0.0</fprob>
        </actor>
        <actor name="D0N48">
            <wcet number="0">30</wcet>
            <wcet number="1">120</wcet>
            <maxpow number="0.5801871731363186"/>
            <maxpow number="0.5801871731363186"/>
            <fprob>0.0</fprob>
        </actor>
        <actor name="D0N14">
            <wcet number="0">110</wcet>
            <wcet number="1">170</wcet>
            <maxpow number="0.7491446049535991"/>
            <maxpow number="0.7491446049535991"/>
            <fprob>0.0</fprob>
        </actor>
        <actor name="D0N29">
            <wcet number="0">30</wcet>
            <wcet number="1">40</wcet>
            <maxpow number="0.6612807687455154"/>
            <maxpow number="0.6612807687455154"/>
            <fprob>0.0</fprob>
        </actor>
        <actor name="D0N26">
            <wcet number="0">30</wcet>
            <wcet number="1">40</wcet>
            <maxpow number="0.3870638016742573"/>
            <maxpow number="0.3870638016742573"/>
            <fprob>0.0</fprob>
        </actor>
        <actor name="D0N42">
            <wcet number="0">80</wcet>
            <wcet number="1">240</wcet>
            <maxpow number="0.6646243620024895"/>
            <maxpow number="0.6646243620024895"/>
            <fprob>0.0</fprob>
        </actor>
        <actor name="D0N23">
            <wcet number="0">430</wcet>
            <wcet number="1">460</wcet>
            <maxpow number="0.702200992963373"/>
            <maxpow number="0.702200992963373"/>
            <fprob>0.0</fprob>
        </actor>
        <actor name="D0N37">
            <wcet number="0">10</wcet>
            <wcet number="1">380</wcet>
            <maxpow number="0.3990709048105222"/>
            <maxpow number="0.3990709048105222"/>
            <fprob>0.0</fprob>
        </actor>
        <actor name="D0N16">
            <wcet number="0">60</wcet>
            <wcet number="1">130</wcet>
            <maxpow number="0.46081750977051367"/>
            <maxpow number="0.46081750977051367"/>
            <fprob>0.0</fprob>
        </actor>
        <actor name="D0N30">
            <wcet number="0">10</wcet>
            <wcet number="1">90</wcet>
            <maxpow number="0.5434517066507634"/>
            <maxpow number="0.5434517066507634"/>
            <fprob>0.0</fprob>
        </actor>
        <actor name="D0N22">
            <wcet number="0">60</wcet>
            <wcet number="1">140</wcet>
            <maxpow number="0.8804019481865191"/>
            <maxpow number="0.8804019481865191"/>
            <fprob>0.0</fprob>
        </actor>
        <actor name="D0N5">
            <wcet number="0">130</wcet>
            <wcet number="1">150</wcet>
            <maxpow number="0.5604387902417685"/>
            <maxpow number="0.5604387902417685"/>
            <fprob>0.0</fprob>
        </actor>
        <actor name="D0N15">
            <wcet number="0">10</wcet>
            <wcet number="1">100</wcet>
            <maxpow number="0.6334071896655008"/>
            <maxpow number="0.6334071896655008"/>
            <fprob>0.0</fprob>
        </actor>
        <actor name="D0N43">
            <wcet number="0">10</wcet>
            <wcet number="1">20</wcet>
            <maxpow number="0.6406089722145465"/>
            <maxpow number="0.6406089722145465"/>
            <fprob>0.0</fprob>
        </actor>
        <actor name="D0N9">
            <wcet number="0">70</wcet>
            <wcet number="1">130</wcet>
            <maxpow number="0.3361737708152236"/>
            <maxpow number="0.3361737708152236"/>
            <fprob>0.0</fprob>
        </actor>
        <actor name="D0N25">
            <wcet number="0">60</wcet>
            <wcet number="1">110</wcet>
            <maxpow number="0.6101039836379316"/>
            <maxpow number="0.6101039836379316"/>
            <fprob>0.0</fprob>
        </actor>
        <actor name="D0N44">
            <wcet number="0">500</wcet>
            <wcet number="1">890</wcet>
            <maxpow number="0.441702915263296"/>
            <maxpow number="0.441702915263296"/>
            <fprob>0.0</fprob>
        </actor>
        <actor name="D0N41">
            <wcet number="0">30</wcet>
            <wcet number="1">30</wcet>
            <maxpow number="0.4434758547458456"/>
            <maxpow number="0.4434758547458456"/>
            <fprob>0.0</fprob>
        </actor>
        <actor name="D0N7">
            <wcet number="0">20</wcet>
            <wcet number="1">30</wcet>
            <maxpow number="0.20213134206438887"/>
            <maxpow number="0.20213134206438887"/>
            <fprob>0.0</fprob>
        </actor>
        <actor name="D0N6">
            <wcet number="0">20</wcet>
            <wcet number="1">60</wcet>
            <maxpow number="0.6414281052039533"/>
            <maxpow number="0.6414281052039533"/>
            <fprob>0.0</fprob>
        </actor>
        <actor name="D0N10">
            <wcet number="0">20</wcet>
            <wcet number="1">40</wcet>
            <maxpow number="0.4049282031124485"/>
            <maxpow number="0.4049282031124485"/>
            <fprob>0.0</fprob>
        </actor>
        <actor name="D0N40">
            <wcet number="0">90</wcet>
            <wcet number="1">410</wcet>
            <maxpow number="0.5667795395641392"/>
            <maxpow number="0.5667795395641392"/>
            <fprob>0.0</fprob>
        </actor>
        <actor name="D0N21">
            <wcet number="0">100</wcet>
            <wcet number="1">140</wcet>
            <maxpow number="0.32229482418048916"/>
            <maxpow number="0.32229482418048916"/>
            <fprob>0.0</fprob>
        </actor>
        <actor name="D0N47">
            <wcet number="0">20</wcet>
            <wcet number="1">40</wcet>
            <maxpow number="0.5831750354009224"/>
            <maxpow number="0.5831750354009224"/>
            <fprob>0.0</fprob>
        </actor>
        <actor name="D0N36">
            <wcet number="0">100</wcet>
            <wcet number="1">130</wcet>
            <maxpow number="0.7190094667941688"/>
            <maxpow number="0.7190094667941688"/>
            <fprob>0.0</fprob>
        </actor>
        <actor name="D0N3">
            <wcet number="0">10</wcet>
            <wcet number="1">70</wcet>
            <maxpow number="0.37516045435271494"/>
            <maxpow number="0.37516045435271494"/>
            <fprob>0.0</fprob>
        </actor>
        <actor name="D0N33">
            <wcet number="0">20</wcet>
            <wcet number="1">30</wcet>
            <maxpow number="0.4372733206528425"/>
            <maxpow number="0.4372733206528425"/>
            <fprob>0.0</fprob>
        </actor>
        <actor name="D0N2">
            <wcet number="0">30</wcet>
            <wcet number="1">40</wcet>
            <maxpow number="0.6629301964287128"/>
            <maxpow number="0.6629301964287128"/>
            <fprob>0.0</fprob>
        </actor>
        <actor name="D0N1">
            <wcet number="0">10</wcet>
            <wcet number="1">80</wcet>
            <maxpow number="0.2213258407190889"/>
            <maxpow number="0.2213258407190889"/>
            <fprob>0.0</fprob>
        </actor>
        <actor name="D0N8">
            <wcet number="0">20</wcet>
            <wcet number="1">50</wcet>
            <maxpow number="0.458928882914346"/>
            <maxpow number="0.458928882914346"/>
            <fprob>0.0</fprob>
        </actor>
        <actor name="D0N0">
            <wcet number="0">10</wcet>
            <wcet number="1">20</wcet>
            <maxpow number="0.7517239921076401"/>
            <maxpow number="0.7517239921076401"/>
            <fprob>0.0</fprob>
        </actor>
        <actor name="D0N38">
            <wcet number="0">70</wcet>
            <wcet number="1">90</wcet>
            <maxpow number="0.42318358491484354"/>
            <maxpow number="0.42318358491484354"/>
            <fprob>0.0</fprob>
        </actor>
        <actor name="D0N13">
            <wcet number="0">10</wcet>
            <wcet number="1">40</wcet>
            <maxpow number="0.8473188727848181"/>
            <maxpow number="0.8473188727848181"/>
            <fprob>0.0</fprob>
        </actor>
        <actor name="D0N35">
            <wcet number="0">150</wcet>
            <wcet number="1">250</wcet>
            <maxpow number="0.6732258187585064"/>
            <maxpow number="0.6732258187585064"/>
            <fprob>0.0</fprob>
        </actor>
        <actor name="D0N24">
            <wcet number="0">10</wcet>
            <wcet number="1">10</wcet>
            <maxpow number="0.5552769110503808"/>
            <maxpow number="0.5552769110503808"/>
            <fprob>0.0</fprob>
        </actor>
        <actor name="D0N27">
            <wcet number="0">40</wcet>
            <wcet number="1">70</wcet>
            <maxpow number="0.34793284764131804"/>
            <maxpow number="0.34793284764131804"/>
            <fprob>0.0</fprob>
        </actor>
        <actor name="D0N34">
            <wcet number="0">220</wcet>
            <wcet number="1">280</wcet>
            <maxpow number="0.601546200410952"/>
            <maxpow number="0.601546200410952"/>
            <fprob>0.0</fprob>
        </actor>
        <actor name="D0N39">
            <wcet number="0">100</wcet>
            <wcet number="1">120</wcet>
            <maxpow number="0.7170379073398124"/>
            <maxpow number="0.7170379073398124"/>
            <fprob>0.0</fprob>
        </actor>
        <actor name="D0N4">
            <wcet number="0">30</wcet>
            <wcet number="1">40</wcet>
            <maxpow number="0.6473080893377451"/>
            <maxpow number="0.6473080893377451"/>
            <fprob>0.0</fprob>
        </actor>
        <actor name="D0N11">
            <wcet number="0">10</wcet>
            <wcet number="1">20</wcet>
            <maxpow number="0.5239758007581595"/>
            <maxpow number="0.5239758007581595"/>
            <fprob>0.0</fprob>
        </actor>
        <actor name="D0N32">
            <wcet number="0">110</wcet>
            <wcet number="1">160</wcet>
            <maxpow number="0.7819540164811175"/>
            <maxpow number="0.7819540164811175"/>
            <fprob>0.0</fprob>
        </actor>
        <actor name="D0N12">
            <wcet number="0">100</wcet>
            <wcet number="1">100</wcet>
            <maxpow number="0.6463017420495639"/>
            <maxpow number="0.6463017420495639"/>
            <fprob>0.0</fprob>
        </actor>
        <ports>
            <port dstActor="D0N34" name="p0" srcActor="D0N18"/>
            <port dstActor="D0N30" name="p1" srcActor="D0N18"/>
            <port dstActor="D0N38" name="p2" srcActor="D0N18"/>
            <port dstActor="D0N25" name="p3" srcActor="D0N18"/>
            <port dstActor="D0N33" name="p4" srcActor="D0N28"/>
            <port dstActor="D0N46" name="p5" srcActor="D0N28"/>
            <port dstActor="D0N32" name="p6" srcActor="D0N28"/>
            <port dstActor="D0N48" name="p7" srcActor="D0N28"/>
            <port dstActor="D0N32" name="p8" srcActor="D0N17"/>
            <port dstActor="D0N33" name="p9" srcActor="D0N17"/>
            <port dstActor="D0N40" name="p10" srcActor="D0N17"/>
            <port dstActor="D0N48" name="p11" srcActor="D0N17"/>
            <port dstActor="D0N40" name="p12" srcActor="D0N20"/>
            <port dstActor="D0N22" name="p13" srcActor="D0N20"/>
            <port dstActor="D0N42" name="p14" srcActor="D0N20"/>
            <port dstActor="D0N48" name="p15" srcActor="D0N31"/>
            <port dstActor="D0N47" name="p16" srcActor="D0N14"/>
            <port dstActor="D0N18" name="p17" srcActor="D0N14"/>
            <port dstActor="D0N39" name="p18" srcActor="D0N14"/>
            <port dstActor="D0N38" name="p19" srcActor="D0N14"/>
            <port dstActor="D0N30" name="p20" srcActor="D0N14"/>
            <port dstActor="D0N39" name="p21" srcActor="D0N29"/>
            <port dstActor="D0N37" name="p22" srcActor="D0N29"/>
            <port dstActor="D0N38" name="p23" srcActor="D0N26"/>
            <port dstActor="D0N46" name="p24" srcActor="D0N42"/>
            <port dstActor="D0N34" name="p25" srcActor="D0N23"/>
            <port dstActor="D0N40" name="p26" srcActor="D0N23"/>
            <port dstActor="D0N48" name="p27" srcActor="D0N23"/>
            <port dstActor="D0N48" name="p28" srcActor="D0N37"/>
            <port dstActor="D0N17" name="p29" srcActor="D0N16"/>
            <port dstActor="D0N23" name="p30" srcActor="D0N16"/>
            <port dstActor="D0N26" name="p31" srcActor="D0N16"/>
            <port dstActor="D0N36" name="p32" srcActor="D0N16"/>
            <port dstActor="D0N36" name="p33" srcActor="D0N30"/>
            <port dstActor="D0N48" name="p34" srcActor="D0N30"/>
            <port dstActor="D0N33" name="p35" srcActor="D0N30"/>
            <port dstActor="D0N44" name="p36" srcActor="D0N22"/>
            <port dstActor="D0N43" name="p37" srcActor="D0N22"/>
            <port dstActor="D0N6" name="p38" srcActor="D0N5"/>
            <port dstActor="D0N32" name="p39" srcActor="D0N5"/>
            <port dstActor="D0N48" name="p40" srcActor="D0N5"/>
            <port dstActor="D0N16" name="p41" srcActor="D0N5"/>
            <port dstActor="D0N22" name="p42" srcActor="D0N5"/>
            <port dstActor="D0N25" name="p43" srcActor="D0N5"/>
            <port dstActor="D0N9" name="p44" srcActor="D0N5"/>
            <port dstActor="D0N19" name="p45" srcActor="D0N15"/>
            <port dstActor="D0N20" name="p46" srcActor="D0N15"/>
            <port dstActor="D0N42" name="p47" srcActor="D0N15"/>
            <port dstActor="D0N33" name="p48" srcActor="D0N15"/>
            <port dstActor="D0N43" name="p49" srcActor="D0N9"/>
            <port dstActor="D0N30" name="p50" srcActor="D0N9"/>
            <port dstActor="D0N37" name="p51" srcActor="D0N9"/>
            <port dstActor="D0N23" name="p52" srcActor="D0N9"/>
            <port dstActor="D0N28" name="p53" srcActor="D0N9"/>
            <port dstActor="D0N31" name="p54" srcActor="D0N9"/>
            <port dstActor="D0N14" name="p55" srcActor="D0N9"/>
            <port dstActor="D0N31" name="p56" srcActor="D0N25"/>
            <port dstActor="D0N18" name="p57" srcActor="D0N7"/>
            <port dstActor="D0N8" name="p58" srcActor="D0N7"/>
            <port dstActor="D0N39" name="p59" srcActor="D0N7"/>
            <port dstActor="D0N12" name="p60" srcActor="D0N7"/>
            <port dstActor="D0N10" name="p61" srcActor="D0N7"/>
            <port dstActor="D0N24" name="p62" srcActor="D0N7"/>
            <port dstActor="D0N26" name="p63" srcActor="D0N7"/>
            <port dstActor="D0N29" name="p64" srcActor="D0N7"/>
            <port dstActor="D0N21" name="p65" srcActor="D0N7"/>
            <port dstActor="D0N9" name="p66" srcActor="D0N6"/>
            <port dstActor="D0N17" name="p67" srcActor="D0N6"/>
            <port dstActor="D0N11" name="p68" srcActor="D0N6"/>
            <port dstActor="D0N13" name="p69" srcActor="D0N6"/>
            <port dstActor="D0N19" name="p70" srcActor="D0N6"/>
            <port dstActor="D0N46" name="p71" srcActor="D0N10"/>
            <port dstActor="D0N35" name="p72" srcActor="D0N10"/>
            <port dstActor="D0N32" name="p73" srcActor="D0N10"/>
            <port dstActor="D0N21" name="p74" srcActor="D0N10"/>
            <port dstActor="D0N44" name="p75" srcActor="D0N10"/>
            <port dstActor="D0N42" name="p76" srcActor="D0N40"/>
            <port dstActor="D0N27" name="p77" srcActor="D0N21"/>
            <port dstActor="D0N36" name="p78" srcActor="D0N21"/>
            <port dstActor="D0N48" name="p79" srcActor="D0N47"/>
            <port dstActor="D0N43" name="p80" srcActor="D0N36"/>
            <port dstActor="D0N30" name="p81" srcActor="D0N3"/>
            <port dstActor="D0N47" name="p82" srcActor="D0N3"/>
            <port dstActor="D0N38" name="p83" srcActor="D0N3"/>
            <port dstActor="D0N31" name="p84" srcActor="D0N3"/>
            <port dstActor="D0N29" name="p85" srcActor="D0N3"/>
            <port dstActor="D0N37" name="p86" srcActor="D0N33"/>
            <port dstActor="D0N40" name="p87" srcActor="D0N33"/>
            <port dstActor="D0N3" name="p88" srcActor="D0N2"/>
            <port dstActor="D0N47" name="p89" srcActor="D0N2"/>
            <port dstActor="D0N30" name="p90" srcActor="D0N2"/>
            <port dstActor="D0N9" name="p91" srcActor="D0N2"/>
            <port dstActor="D0N23" name="p92" srcActor="D0N2"/>
            <port dstActor="D0N35" name="p93" srcActor="D0N1"/>
            <port dstActor="D0N42" name="p94" srcActor="D0N1"/>
            <port dstActor="D0N39" name="p95" srcActor="D0N1"/>
            <port dstActor="D0N37" name="p96" srcActor="D0N1"/>
            <port dstActor="D0N22" name="p97" srcActor="D0N8"/>
            <port dstActor="D0N27" name="p98" srcActor="D0N8"/>
            <port dstActor="D0N15" name="p99" srcActor="D0N0"/>
            <port dstActor="D0N38" name="p100" srcActor="D0N0"/>
            <port dstActor="D0N48" name="p101" srcActor="D0N0"/>
            <port dstActor="D0N39" name="p102" srcActor="D0N38"/>
            <port dstActor="D0N44" name="p103" srcActor="D0N38"/>
            <port dstActor="D0N47" name="p104" srcActor="D0N38"/>
            <port dstActor="D0N33" name="p105" srcActor="D0N13"/>
            <port dstActor="D0N42" name="p106" srcActor="D0N13"/>
            <port dstActor="D0N38" name="p107" srcActor="D0N13"/>
            <port dstActor="D0N38" name="p108" srcActor="D0N35"/>
            <port dstActor="D0N36" name="p109" srcActor="D0N24"/>
            <port dstActor="D0N37" name="p110" srcActor="D0N27"/>
            <port dstActor="D0N47" name="p111" srcActor="D0N39"/>
            <port dstActor="D0N30" name="p112" srcActor="D0N4"/>
            <port dstActor="D0N21" name="p113" srcActor="D0N4"/>
            <port dstActor="D0N36" name="p114" srcActor="D0N11"/>
            <port dstActor="D0N47" name="p115" srcActor="D0N11"/>
            <port dstActor="D0N22" name="p116" srcActor="D0N12"/>
        </ports>
    </mcdag>
    <cores number="3"/>
    <levels number="2"/>
</mcsystem>
