<?xml version="1.0" encoding="UTF-8" standalone="no"?>
<mcsystem>
    <mcdag deadline="1000" name="genned-0-ed-10.0-0">
        <actor name="D0N1">
            <wcet number="0">50</wcet>
            <wcet number="1">60</wcet>
            <maxpow number="0.5036556976449835"/>
            <maxpow number="0.5036556976449835"/>
            <fprob>0.0</fprob>
        </actor>
        <actor name="D0N42">
            <wcet number="0">180</wcet>
            <wcet number="1">200</wcet>
            <maxpow number="0.3208039621252571"/>
            <maxpow number="0.3208039621252571"/>
            <fprob>0.0</fprob>
        </actor>
        <actor name="D0N3">
            <wcet number="0">20</wcet>
            <wcet number="1">20</wcet>
            <maxpow number="0.5201193036547418"/>
            <maxpow number="0.5201193036547418"/>
            <fprob>0.0</fprob>
        </actor>
        <actor name="D0N17">
            <wcet number="0">40</wcet>
            <wcet number="1">50</wcet>
            <maxpow number="0.779039285388418"/>
            <maxpow number="0.779039285388418"/>
            <fprob>0.0</fprob>
        </actor>
        <actor name="D0N25">
            <wcet number="0">30</wcet>
            <wcet number="1">60</wcet>
            <maxpow number="0.2943274922359122"/>
            <maxpow number="0.2943274922359122"/>
            <fprob>0.0</fprob>
        </actor>
        <actor name="D0N40">
            <wcet number="0">20</wcet>
            <wcet number="1">20</wcet>
            <maxpow number="0.9976953589552491"/>
            <maxpow number="0.9976953589552491"/>
            <fprob>0.0</fprob>
        </actor>
        <actor name="D0N12">
            <wcet number="0">10</wcet>
            <wcet number="1">20</wcet>
            <maxpow number="0.7235529164694361"/>
            <maxpow number="0.7235529164694361"/>
            <fprob>0.0</fprob>
        </actor>
        <actor name="D0N44">
            <wcet number="0">20</wcet>
            <wcet number="1">90</wcet>
            <maxpow number="0.41454666669833695"/>
            <maxpow number="0.41454666669833695"/>
            <fprob>0.0</fprob>
        </actor>
        <actor name="D0N45">
            <wcet number="0">20</wcet>
            <wcet number="1">30</wcet>
            <maxpow number="0.7828400196274579"/>
            <maxpow number="0.7828400196274579"/>
            <fprob>0.0</fprob>
        </actor>
        <actor name="D0N35">
            <wcet number="0">30</wcet>
            <wcet number="1">90</wcet>
            <maxpow number="0.4977909630825362"/>
            <maxpow number="0.4977909630825362"/>
            <fprob>0.0</fprob>
        </actor>
        <actor name="D0N2">
            <wcet number="0">110</wcet>
            <wcet number="1">110</wcet>
            <maxpow number="0.5815370940970365"/>
            <maxpow number="0.5815370940970365"/>
            <fprob>0.0</fprob>
        </actor>
        <actor name="D0N6">
            <wcet number="0">10</wcet>
            <wcet number="1">30</wcet>
            <maxpow number="0.39047939328003173"/>
            <maxpow number="0.39047939328003173"/>
            <fprob>0.0</fprob>
        </actor>
        <actor name="D0N19">
            <wcet number="0">40</wcet>
            <wcet number="1">100</wcet>
            <maxpow number="0.7496202391353546"/>
            <maxpow number="0.7496202391353546"/>
            <fprob>0.0</fprob>
        </actor>
        <actor name="D0N28">
            <wcet number="0">20</wcet>
            <wcet number="1">60</wcet>
            <maxpow number="0.3763525202426296"/>
            <maxpow number="0.3763525202426296"/>
            <fprob>0.0</fprob>
        </actor>
        <actor name="D0N31">
            <wcet number="0">90</wcet>
            <wcet number="1">150</wcet>
            <maxpow number="0.4560455135885841"/>
            <maxpow number="0.4560455135885841"/>
            <fprob>0.0</fprob>
        </actor>
        <actor name="D0N33">
            <wcet number="0">30</wcet>
            <wcet number="1">50</wcet>
            <maxpow number="0.5911357618251243"/>
            <maxpow number="0.5911357618251243"/>
            <fprob>0.0</fprob>
        </actor>
        <actor name="D0N0">
            <wcet number="0">10</wcet>
            <wcet number="1">30</wcet>
            <maxpow number="0.5256224100094379"/>
            <maxpow number="0.5256224100094379"/>
            <fprob>0.0</fprob>
        </actor>
        <actor name="D0N32">
            <wcet number="0">150</wcet>
            <wcet number="1">150</wcet>
            <maxpow number="0.5000573079381315"/>
            <maxpow number="0.5000573079381315"/>
            <fprob>0.0</fprob>
        </actor>
        <actor name="D0N18">
            <wcet number="0">40</wcet>
            <wcet number="1">40</wcet>
            <maxpow number="0.7128950603581873"/>
            <maxpow number="0.7128950603581873"/>
            <fprob>0.0</fprob>
        </actor>
        <actor name="D0N11">
            <wcet number="0">10</wcet>
            <wcet number="1">30</wcet>
            <maxpow number="0.5797059838585129"/>
            <maxpow number="0.5797059838585129"/>
            <fprob>0.0</fprob>
        </actor>
        <actor name="D0N14">
            <wcet number="0">10</wcet>
            <wcet number="1">10</wcet>
            <maxpow number="0.6420285955351309"/>
            <maxpow number="0.6420285955351309"/>
            <fprob>0.0</fprob>
        </actor>
        <actor name="D0N48">
            <wcet number="0">50</wcet>
            <wcet number="1">50</wcet>
            <maxpow number="0.5384003985832878"/>
            <maxpow number="0.5384003985832878"/>
            <fprob>0.0</fprob>
        </actor>
        <actor name="D0N41">
            <wcet number="0">10</wcet>
            <wcet number="1">10</wcet>
            <maxpow number="0.5344937352650727"/>
            <maxpow number="0.5344937352650727"/>
            <fprob>0.0</fprob>
        </actor>
        <actor name="D0N9">
            <wcet number="0">10</wcet>
            <wcet number="1">10</wcet>
            <maxpow number="0.5634757447527612"/>
            <maxpow number="0.5634757447527612"/>
            <fprob>0.0</fprob>
        </actor>
        <actor name="D0N4">
            <wcet number="0">20</wcet>
            <wcet number="1">40</wcet>
            <maxpow number="0.5519196991714225"/>
            <maxpow number="0.5519196991714225"/>
            <fprob>0.0</fprob>
        </actor>
        <actor name="D0N26">
            <wcet number="0">90</wcet>
            <wcet number="1">90</wcet>
            <maxpow number="0.515922037420719"/>
            <maxpow number="0.515922037420719"/>
            <fprob>0.0</fprob>
        </actor>
        <actor name="D0N47">
            <wcet number="0">20</wcet>
            <wcet number="1">20</wcet>
            <maxpow number="0.19540012353526431"/>
            <maxpow number="0.19540012353526431"/>
            <fprob>0.0</fprob>
        </actor>
        <actor name="D0N21">
            <wcet number="0">20</wcet>
            <wcet number="1">70</wcet>
            <maxpow number="0.6791221024100871"/>
            <maxpow number="0.6791221024100871"/>
            <fprob>0.0</fprob>
        </actor>
        <actor name="D0N29">
            <wcet number="0">10</wcet>
            <wcet number="1">10</wcet>
            <maxpow number="0.692508402944292"/>
            <maxpow number="0.692508402944292"/>
            <fprob>0.0</fprob>
        </actor>
        <actor name="D0N30">
            <wcet number="0">20</wcet>
            <wcet number="1">20</wcet>
            <maxpow number="0.2917709049077861"/>
            <maxpow number="0.2917709049077861"/>
            <fprob>0.0</fprob>
        </actor>
        <actor name="D0N8">
            <wcet number="0">20</wcet>
            <wcet number="1">20</wcet>
            <maxpow number="0.3753318843919898"/>
            <maxpow number="0.3753318843919898"/>
            <fprob>0.0</fprob>
        </actor>
        <actor name="D0N24">
            <wcet number="0">10</wcet>
            <wcet number="1">10</wcet>
            <maxpow number="0.4199619828241312"/>
            <maxpow number="0.4199619828241312"/>
            <fprob>0.0</fprob>
        </actor>
        <actor name="D0N46">
            <wcet number="0">20</wcet>
            <wcet number="1">20</wcet>
            <maxpow number="0.5296475493786927"/>
            <maxpow number="0.5296475493786927"/>
            <fprob>0.0</fprob>
        </actor>
        <actor name="D0N16">
            <wcet number="0">70</wcet>
            <wcet number="1">110</wcet>
            <maxpow number="-0.10524564488812405"/>
            <maxpow number="-0.10524564488812405"/>
            <fprob>0.0</fprob>
        </actor>
        <actor name="D0N10">
            <wcet number="0">40</wcet>
            <wcet number="1">50</wcet>
            <maxpow number="0.5550270482400815"/>
            <maxpow number="0.5550270482400815"/>
            <fprob>0.0</fprob>
        </actor>
        <actor name="D0N39">
            <wcet number="0">10</wcet>
            <wcet number="1">80</wcet>
            <maxpow number="0.3525278513873287"/>
            <maxpow number="0.3525278513873287"/>
            <fprob>0.0</fprob>
        </actor>
        <actor name="D0N22">
            <wcet number="0">10</wcet>
            <wcet number="1">10</wcet>
            <maxpow number="0.5144463193112112"/>
            <maxpow number="0.5144463193112112"/>
            <fprob>0.0</fprob>
        </actor>
        <actor name="D0N5">
            <wcet number="0">10</wcet>
            <wcet number="1">20</wcet>
            <maxpow number="0.6737983206878063"/>
            <maxpow number="0.6737983206878063"/>
            <fprob>0.0</fprob>
        </actor>
        <actor name="D0N36">
            <wcet number="0">40</wcet>
            <wcet number="1">40</wcet>
            <maxpow number="0.515293224775193"/>
            <maxpow number="0.515293224775193"/>
            <fprob>0.0</fprob>
        </actor>
        <actor name="D0N34">
            <wcet number="0">80</wcet>
            <wcet number="1">100</wcet>
            <maxpow number="0.6112587448449189"/>
            <maxpow number="0.6112587448449189"/>
            <fprob>0.0</fprob>
        </actor>
        <actor name="D0N7">
            <wcet number="0">40</wcet>
            <wcet number="1">60</wcet>
            <maxpow number="0.8867282297160486"/>
            <maxpow number="0.8867282297160486"/>
            <fprob>0.0</fprob>
        </actor>
        <actor name="D0N23">
            <wcet number="0">10</wcet>
            <wcet number="1">80</wcet>
            <maxpow number="0.31447671689513335"/>
            <maxpow number="0.31447671689513335"/>
            <fprob>0.0</fprob>
        </actor>
        <actor name="D0N13">
            <wcet number="0">10</wcet>
            <wcet number="1">30</wcet>
            <maxpow number="0.21589963161925202"/>
            <maxpow number="0.21589963161925202"/>
            <fprob>0.0</fprob>
        </actor>
        <actor name="D0N43">
            <wcet number="0">10</wcet>
            <wcet number="1">10</wcet>
            <maxpow number="0.7003361211801915"/>
            <maxpow number="0.7003361211801915"/>
            <fprob>0.0</fprob>
        </actor>
        <actor name="D0N38">
            <wcet number="0">50</wcet>
            <wcet number="1">90</wcet>
            <maxpow number="0.5034743742692624"/>
            <maxpow number="0.5034743742692624"/>
            <fprob>0.0</fprob>
        </actor>
        <actor name="D0N20">
            <wcet number="0">10</wcet>
            <wcet number="1">20</wcet>
            <maxpow number="0.7999313091228376"/>
            <maxpow number="0.7999313091228376"/>
            <fprob>0.0</fprob>
        </actor>
        <actor name="D0N27">
            <wcet number="0">10</wcet>
            <wcet number="1">10</wcet>
            <maxpow number="0.5428577837231241"/>
            <maxpow number="0.5428577837231241"/>
            <fprob>0.0</fprob>
        </actor>
        <actor name="D0N15">
            <wcet number="0">30</wcet>
            <wcet number="1">50</wcet>
            <maxpow number="0.8397411909964143"/>
            <maxpow number="0.8397411909964143"/>
            <fprob>0.0</fprob>
        </actor>
        <actor name="D0N37">
            <wcet number="0">60</wcet>
            <wcet number="1">70</wcet>
            <maxpow number="0.4677336082697847"/>
            <maxpow number="0.4677336082697847"/>
            <fprob>0.0</fprob>
        </actor>
        <ports>
            <port dstActor="D0N32" name="p0" srcActor="D0N1"/>
            <port dstActor="D0N20" name="p1" srcActor="D0N1"/>
            <port dstActor="D0N4" name="p2" srcActor="D0N1"/>
            <port dstActor="D0N35" name="p3" srcActor="D0N1"/>
            <port dstActor="D0N45" name="p4" srcActor="D0N42"/>
            <port dstActor="D0N27" name="p5" srcActor="D0N3"/>
            <port dstActor="D0N10" name="p6" srcActor="D0N3"/>
            <port dstActor="D0N47" name="p7" srcActor="D0N17"/>
            <port dstActor="D0N28" name="p8" srcActor="D0N17"/>
            <port dstActor="D0N24" name="p9" srcActor="D0N17"/>
            <port dstActor="D0N39" name="p10" srcActor="D0N17"/>
            <port dstActor="D0N35" name="p11" srcActor="D0N17"/>
            <port dstActor="D0N34" name="p12" srcActor="D0N17"/>
            <port dstActor="D0N48" name="p13" srcActor="D0N25"/>
            <port dstActor="D0N42" name="p14" srcActor="D0N25"/>
            <port dstActor="D0N44" name="p15" srcActor="D0N25"/>
            <port dstActor="D0N46" name="p16" srcActor="D0N25"/>
            <port dstActor="D0N26" name="p17" srcActor="D0N25"/>
            <port dstActor="D0N35" name="p18" srcActor="D0N25"/>
            <port dstActor="D0N45" name="p19" srcActor="D0N40"/>
            <port dstActor="D0N28" name="p20" srcActor="D0N12"/>
            <port dstActor="D0N47" name="p21" srcActor="D0N12"/>
            <port dstActor="D0N37" name="p22" srcActor="D0N12"/>
            <port dstActor="D0N14" name="p23" srcActor="D0N12"/>
            <port dstActor="D0N35" name="p24" srcActor="D0N12"/>
            <port dstActor="D0N30" name="p25" srcActor="D0N12"/>
            <port dstActor="D0N5" name="p26" srcActor="D0N2"/>
            <port dstActor="D0N30" name="p27" srcActor="D0N2"/>
            <port dstActor="D0N8" name="p28" srcActor="D0N2"/>
            <port dstActor="D0N46" name="p29" srcActor="D0N2"/>
            <port dstActor="D0N38" name="p30" srcActor="D0N2"/>
            <port dstActor="D0N22" name="p31" srcActor="D0N2"/>
            <port dstActor="D0N35" name="p32" srcActor="D0N6"/>
            <port dstActor="D0N8" name="p33" srcActor="D0N6"/>
            <port dstActor="D0N17" name="p34" srcActor="D0N6"/>
            <port dstActor="D0N26" name="p35" srcActor="D0N6"/>
            <port dstActor="D0N36" name="p36" srcActor="D0N19"/>
            <port dstActor="D0N37" name="p37" srcActor="D0N19"/>
            <port dstActor="D0N35" name="p38" srcActor="D0N19"/>
            <port dstActor="D0N23" name="p39" srcActor="D0N19"/>
            <port dstActor="D0N46" name="p40" srcActor="D0N19"/>
            <port dstActor="D0N45" name="p41" srcActor="D0N19"/>
            <port dstActor="D0N33" name="p42" srcActor="D0N28"/>
            <port dstActor="D0N46" name="p43" srcActor="D0N31"/>
            <port dstActor="D0N37" name="p44" srcActor="D0N31"/>
            <port dstActor="D0N32" name="p45" srcActor="D0N31"/>
            <port dstActor="D0N33" name="p46" srcActor="D0N31"/>
            <port dstActor="D0N27" name="p47" srcActor="D0N0"/>
            <port dstActor="D0N40" name="p48" srcActor="D0N32"/>
            <port dstActor="D0N46" name="p49" srcActor="D0N32"/>
            <port dstActor="D0N38" name="p50" srcActor="D0N32"/>
            <port dstActor="D0N28" name="p51" srcActor="D0N18"/>
            <port dstActor="D0N44" name="p52" srcActor="D0N18"/>
            <port dstActor="D0N22" name="p53" srcActor="D0N11"/>
            <port dstActor="D0N12" name="p54" srcActor="D0N11"/>
            <port dstActor="D0N23" name="p55" srcActor="D0N11"/>
            <port dstActor="D0N32" name="p56" srcActor="D0N11"/>
            <port dstActor="D0N46" name="p57" srcActor="D0N11"/>
            <port dstActor="D0N48" name="p58" srcActor="D0N11"/>
            <port dstActor="D0N30" name="p59" srcActor="D0N11"/>
            <port dstActor="D0N34" name="p60" srcActor="D0N14"/>
            <port dstActor="D0N43" name="p61" srcActor="D0N14"/>
            <port dstActor="D0N31" name="p62" srcActor="D0N14"/>
            <port dstActor="D0N33" name="p63" srcActor="D0N14"/>
            <port dstActor="D0N44" name="p64" srcActor="D0N41"/>
            <port dstActor="D0N37" name="p65" srcActor="D0N9"/>
            <port dstActor="D0N39" name="p66" srcActor="D0N9"/>
            <port dstActor="D0N42" name="p67" srcActor="D0N9"/>
            <port dstActor="D0N16" name="p68" srcActor="D0N9"/>
            <port dstActor="D0N8" name="p69" srcActor="D0N4"/>
            <port dstActor="D0N44" name="p70" srcActor="D0N4"/>
            <port dstActor="D0N24" name="p71" srcActor="D0N4"/>
            <port dstActor="D0N20" name="p72" srcActor="D0N4"/>
            <port dstActor="D0N44" name="p73" srcActor="D0N26"/>
            <port dstActor="D0N47" name="p74" srcActor="D0N26"/>
            <port dstActor="D0N43" name="p75" srcActor="D0N26"/>
            <port dstActor="D0N28" name="p76" srcActor="D0N26"/>
            <port dstActor="D0N27" name="p77" srcActor="D0N21"/>
            <port dstActor="D0N30" name="p78" srcActor="D0N21"/>
            <port dstActor="D0N34" name="p79" srcActor="D0N29"/>
            <port dstActor="D0N47" name="p80" srcActor="D0N30"/>
            <port dstActor="D0N46" name="p81" srcActor="D0N8"/>
            <port dstActor="D0N33" name="p82" srcActor="D0N8"/>
            <port dstActor="D0N29" name="p83" srcActor="D0N8"/>
            <port dstActor="D0N16" name="p84" srcActor="D0N8"/>
            <port dstActor="D0N48" name="p85" srcActor="D0N8"/>
            <port dstActor="D0N42" name="p86" srcActor="D0N8"/>
            <port dstActor="D0N23" name="p87" srcActor="D0N8"/>
            <port dstActor="D0N26" name="p88" srcActor="D0N8"/>
            <port dstActor="D0N41" name="p89" srcActor="D0N24"/>
            <port dstActor="D0N44" name="p90" srcActor="D0N24"/>
            <port dstActor="D0N31" name="p91" srcActor="D0N16"/>
            <port dstActor="D0N22" name="p92" srcActor="D0N16"/>
            <port dstActor="D0N47" name="p93" srcActor="D0N16"/>
            <port dstActor="D0N15" name="p94" srcActor="D0N10"/>
            <port dstActor="D0N29" name="p95" srcActor="D0N10"/>
            <port dstActor="D0N30" name="p96" srcActor="D0N10"/>
            <port dstActor="D0N14" name="p97" srcActor="D0N10"/>
            <port dstActor="D0N46" name="p98" srcActor="D0N39"/>
            <port dstActor="D0N25" name="p99" srcActor="D0N5"/>
            <port dstActor="D0N45" name="p100" srcActor="D0N5"/>
            <port dstActor="D0N8" name="p101" srcActor="D0N5"/>
            <port dstActor="D0N42" name="p102" srcActor="D0N5"/>
            <port dstActor="D0N48" name="p103" srcActor="D0N5"/>
            <port dstActor="D0N15" name="p104" srcActor="D0N5"/>
            <port dstActor="D0N46" name="p105" srcActor="D0N5"/>
            <port dstActor="D0N29" name="p106" srcActor="D0N5"/>
            <port dstActor="D0N36" name="p107" srcActor="D0N34"/>
            <port dstActor="D0N35" name="p108" srcActor="D0N34"/>
            <port dstActor="D0N30" name="p109" srcActor="D0N7"/>
            <port dstActor="D0N16" name="p110" srcActor="D0N7"/>
            <port dstActor="D0N48" name="p111" srcActor="D0N7"/>
            <port dstActor="D0N26" name="p112" srcActor="D0N23"/>
            <port dstActor="D0N47" name="p113" srcActor="D0N13"/>
            <port dstActor="D0N30" name="p114" srcActor="D0N13"/>
            <port dstActor="D0N35" name="p115" srcActor="D0N13"/>
            <port dstActor="D0N48" name="p116" srcActor="D0N43"/>
            <port dstActor="D0N44" name="p117" srcActor="D0N38"/>
            <port dstActor="D0N47" name="p118" srcActor="D0N20"/>
            <port dstActor="D0N46" name="p119" srcActor="D0N20"/>
            <port dstActor="D0N30" name="p120" srcActor="D0N20"/>
            <port dstActor="D0N29" name="p121" srcActor="D0N20"/>
            <port dstActor="D0N35" name="p122" srcActor="D0N20"/>
            <port dstActor="D0N48" name="p123" srcActor="D0N20"/>
            <port dstActor="D0N43" name="p124" srcActor="D0N27"/>
            <port dstActor="D0N38" name="p125" srcActor="D0N27"/>
            <port dstActor="D0N48" name="p126" srcActor="D0N15"/>
            <port dstActor="D0N19" name="p127" srcActor="D0N15"/>
            <port dstActor="D0N42" name="p128" srcActor="D0N15"/>
            <port dstActor="D0N17" name="p129" srcActor="D0N15"/>
            <port dstActor="D0N32" name="p130" srcActor="D0N15"/>
            <port dstActor="D0N45" name="p131" srcActor="D0N37"/>
        </ports>
    </mcdag>
    <cores number="3"/>
    <levels number="2"/>
</mcsystem>
