<?xml version="1.0" encoding="UTF-8" standalone="no"?>
<mcsystem>
    <mcdag deadline="1500" name="genned-0-ed-10.0-0">
        <actor name="D0N17">
            <wcet number="0">30</wcet>
            <wcet number="1">60</wcet>
            <maxpow number="0.5969542881288478"/>
            <maxpow number="0.5969542881288478"/>
            <fprob>0.0</fprob>
        </actor>
        <actor name="D0N6">
            <wcet number="0">20</wcet>
            <wcet number="1">20</wcet>
            <maxpow number="0.8643281002176821"/>
            <maxpow number="0.8643281002176821"/>
            <fprob>0.0</fprob>
        </actor>
        <actor name="D0N20">
            <wcet number="0">20</wcet>
            <wcet number="1">20</wcet>
            <maxpow number="0.6556249784302793"/>
            <maxpow number="0.6556249784302793"/>
            <fprob>0.0</fprob>
        </actor>
        <actor name="D0N22">
            <wcet number="0">70</wcet>
            <wcet number="1">140</wcet>
            <maxpow number="0.6650143413599316"/>
            <maxpow number="0.6650143413599316"/>
            <fprob>0.0</fprob>
        </actor>
        <actor name="D0N14">
            <wcet number="0">50</wcet>
            <wcet number="1">110</wcet>
            <maxpow number="0.7167135595483931"/>
            <maxpow number="0.7167135595483931"/>
            <fprob>0.0</fprob>
        </actor>
        <actor name="D0N24">
            <wcet number="0">40</wcet>
            <wcet number="1">170</wcet>
            <maxpow number="0.6403786974405183"/>
            <maxpow number="0.6403786974405183"/>
            <fprob>0.0</fprob>
        </actor>
        <actor name="D0N41">
            <wcet number="0">140</wcet>
            <wcet number="1">230</wcet>
            <maxpow number="0.6624757732912498"/>
            <maxpow number="0.6624757732912498"/>
            <fprob>0.0</fprob>
        </actor>
        <actor name="D0N19">
            <wcet number="0">50</wcet>
            <wcet number="1">80</wcet>
            <maxpow number="0.7426509835451437"/>
            <maxpow number="0.7426509835451437"/>
            <fprob>0.0</fprob>
        </actor>
        <actor name="D0N40">
            <wcet number="0">40</wcet>
            <wcet number="1">40</wcet>
            <maxpow number="0.7933595117949437"/>
            <maxpow number="0.7933595117949437"/>
            <fprob>0.0</fprob>
        </actor>
        <actor name="D0N2">
            <wcet number="0">10</wcet>
            <wcet number="1">120</wcet>
            <maxpow number="0.4806367853430159"/>
            <maxpow number="0.4806367853430159"/>
            <fprob>0.0</fprob>
        </actor>
        <actor name="D0N15">
            <wcet number="0">30</wcet>
            <wcet number="1">30</wcet>
            <maxpow number="0.6929598375009146"/>
            <maxpow number="0.6929598375009146"/>
            <fprob>0.0</fprob>
        </actor>
        <actor name="D0N31">
            <wcet number="0">20</wcet>
            <wcet number="1">50</wcet>
            <maxpow number="0.810838564945527"/>
            <maxpow number="0.810838564945527"/>
            <fprob>0.0</fprob>
        </actor>
        <actor name="D0N0">
            <wcet number="0">30</wcet>
            <wcet number="1">80</wcet>
            <maxpow number="0.4030429111090395"/>
            <maxpow number="0.4030429111090395"/>
            <fprob>0.0</fprob>
        </actor>
        <actor name="D0N46">
            <wcet number="0">10</wcet>
            <wcet number="1">20</wcet>
            <maxpow number="0.24684252890549024"/>
            <maxpow number="0.24684252890549024"/>
            <fprob>0.0</fprob>
        </actor>
        <actor name="D0N38">
            <wcet number="0">10</wcet>
            <wcet number="1">10</wcet>
            <maxpow number="0.9396350919439728"/>
            <maxpow number="0.9396350919439728"/>
            <fprob>0.0</fprob>
        </actor>
        <actor name="D0N9">
            <wcet number="0">30</wcet>
            <wcet number="1">120</wcet>
            <maxpow number="0.5869201753695061"/>
            <maxpow number="0.5869201753695061"/>
            <fprob>0.0</fprob>
        </actor>
        <actor name="D0N23">
            <wcet number="0">20</wcet>
            <wcet number="1">50</wcet>
            <maxpow number="0.7890346655116593"/>
            <maxpow number="0.7890346655116593"/>
            <fprob>0.0</fprob>
        </actor>
        <actor name="D0N29">
            <wcet number="0">80</wcet>
            <wcet number="1">90</wcet>
            <maxpow number="0.5585976836071915"/>
            <maxpow number="0.5585976836071915"/>
            <fprob>0.0</fprob>
        </actor>
        <actor name="D0N44">
            <wcet number="0">20</wcet>
            <wcet number="1">30</wcet>
            <maxpow number="0.3825672466526764"/>
            <maxpow number="0.3825672466526764"/>
            <fprob>0.0</fprob>
        </actor>
        <actor name="D0N34">
            <wcet number="0">10</wcet>
            <wcet number="1">140</wcet>
            <maxpow number="0.7506770788865211"/>
            <maxpow number="0.7506770788865211"/>
            <fprob>0.0</fprob>
        </actor>
        <actor name="D0N16">
            <wcet number="0">10</wcet>
            <wcet number="1">30</wcet>
            <maxpow number="0.6781427555462253"/>
            <maxpow number="0.6781427555462253"/>
            <fprob>0.0</fprob>
        </actor>
        <actor name="D0N8">
            <wcet number="0">10</wcet>
            <wcet number="1">10</wcet>
            <maxpow number="0.6232983616657255"/>
            <maxpow number="0.6232983616657255"/>
            <fprob>0.0</fprob>
        </actor>
        <actor name="D0N4">
            <wcet number="0">20</wcet>
            <wcet number="1">60</wcet>
            <maxpow number="0.6946210176106897"/>
            <maxpow number="0.6946210176106897"/>
            <fprob>0.0</fprob>
        </actor>
        <actor name="D0N42">
            <wcet number="0">20</wcet>
            <wcet number="1">70</wcet>
            <maxpow number="0.32860677479530853"/>
            <maxpow number="0.32860677479530853"/>
            <fprob>0.0</fprob>
        </actor>
        <actor name="D0N21">
            <wcet number="0">70</wcet>
            <wcet number="1">90</wcet>
            <maxpow number="0.5975273506648766"/>
            <maxpow number="0.5975273506648766"/>
            <fprob>0.0</fprob>
        </actor>
        <actor name="D0N48">
            <wcet number="0">10</wcet>
            <wcet number="1">10</wcet>
            <maxpow number="0.4950430248227215"/>
            <maxpow number="0.4950430248227215"/>
            <fprob>0.0</fprob>
        </actor>
        <actor name="D0N26">
            <wcet number="0">10</wcet>
            <wcet number="1">100</wcet>
            <maxpow number="0.2967201088121364"/>
            <maxpow number="0.2967201088121364"/>
            <fprob>0.0</fprob>
        </actor>
        <actor name="D0N36">
            <wcet number="0">10</wcet>
            <wcet number="1">20</wcet>
            <maxpow number="0.4859651011744611"/>
            <maxpow number="0.4859651011744611"/>
            <fprob>0.0</fprob>
        </actor>
        <actor name="D0N39">
            <wcet number="0">30</wcet>
            <wcet number="1">90</wcet>
            <maxpow number="0.6664259569349389"/>
            <maxpow number="0.6664259569349389"/>
            <fprob>0.0</fprob>
        </actor>
        <actor name="D0N12">
            <wcet number="0">30</wcet>
            <wcet number="1">30</wcet>
            <maxpow number="0.4467211559289554"/>
            <maxpow number="0.4467211559289554"/>
            <fprob>0.0</fprob>
        </actor>
        <actor name="D0N18">
            <wcet number="0">140</wcet>
            <wcet number="1">210</wcet>
            <maxpow number="0.45429855462241003"/>
            <maxpow number="0.45429855462241003"/>
            <fprob>0.0</fprob>
        </actor>
        <actor name="D0N27">
            <wcet number="0">20</wcet>
            <wcet number="1">90</wcet>
            <maxpow number="0.41085931832806744"/>
            <maxpow number="0.41085931832806744"/>
            <fprob>0.0</fprob>
        </actor>
        <actor name="D0N43">
            <wcet number="0">30</wcet>
            <wcet number="1">60</wcet>
            <maxpow number="0.3906634689345724"/>
            <maxpow number="0.3906634689345724"/>
            <fprob>0.0</fprob>
        </actor>
        <actor name="D0N30">
            <wcet number="0">70</wcet>
            <wcet number="1">90</wcet>
            <maxpow number="0.5867985738677507"/>
            <maxpow number="0.5867985738677507"/>
            <fprob>0.0</fprob>
        </actor>
        <actor name="D0N47">
            <wcet number="0">10</wcet>
            <wcet number="1">60</wcet>
            <maxpow number="0.8182027431437486"/>
            <maxpow number="0.8182027431437486"/>
            <fprob>0.0</fprob>
        </actor>
        <actor name="D0N35">
            <wcet number="0">140</wcet>
            <wcet number="1">200</wcet>
            <maxpow number="0.4372380164710006"/>
            <maxpow number="0.4372380164710006"/>
            <fprob>0.0</fprob>
        </actor>
        <actor name="D0N7">
            <wcet number="0">30</wcet>
            <wcet number="1">30</wcet>
            <maxpow number="0.5994642654459548"/>
            <maxpow number="0.5994642654459548"/>
            <fprob>0.0</fprob>
        </actor>
        <actor name="D0N13">
            <wcet number="0">10</wcet>
            <wcet number="1">10</wcet>
            <maxpow number="0.9552652792565417"/>
            <maxpow number="0.9552652792565417"/>
            <fprob>0.0</fprob>
        </actor>
        <actor name="D0N32">
            <wcet number="0">20</wcet>
            <wcet number="1">40</wcet>
            <maxpow number="0.7561467047184285"/>
            <maxpow number="0.7561467047184285"/>
            <fprob>0.0</fprob>
        </actor>
        <actor name="D0N28">
            <wcet number="0">10</wcet>
            <wcet number="1">10</wcet>
            <maxpow number="0.5172410022012857"/>
            <maxpow number="0.5172410022012857"/>
            <fprob>0.0</fprob>
        </actor>
        <actor name="D0N3">
            <wcet number="0">10</wcet>
            <wcet number="1">10</wcet>
            <maxpow number="0.6062069306432414"/>
            <maxpow number="0.6062069306432414"/>
            <fprob>0.0</fprob>
        </actor>
        <actor name="D0N33">
            <wcet number="0">60</wcet>
            <wcet number="1">100</wcet>
            <maxpow number="0.4573669435475148"/>
            <maxpow number="0.4573669435475148"/>
            <fprob>0.0</fprob>
        </actor>
        <actor name="D0N1">
            <wcet number="0">50</wcet>
            <wcet number="1">80</wcet>
            <maxpow number="0.5826061256717066"/>
            <maxpow number="0.5826061256717066"/>
            <fprob>0.0</fprob>
        </actor>
        <actor name="D0N5">
            <wcet number="0">40</wcet>
            <wcet number="1">120</wcet>
            <maxpow number="0.43365135825218687"/>
            <maxpow number="0.43365135825218687"/>
            <fprob>0.0</fprob>
        </actor>
        <actor name="D0N37">
            <wcet number="0">50</wcet>
            <wcet number="1">50</wcet>
            <maxpow number="0.621485356776403"/>
            <maxpow number="0.621485356776403"/>
            <fprob>0.0</fprob>
        </actor>
        <actor name="D0N10">
            <wcet number="0">20</wcet>
            <wcet number="1">20</wcet>
            <maxpow number="0.711603676057688"/>
            <maxpow number="0.711603676057688"/>
            <fprob>0.0</fprob>
        </actor>
        <actor name="D0N25">
            <wcet number="0">10</wcet>
            <wcet number="1">50</wcet>
            <maxpow number="0.5975253489564529"/>
            <maxpow number="0.5975253489564529"/>
            <fprob>0.0</fprob>
        </actor>
        <actor name="D0N11">
            <wcet number="0">40</wcet>
            <wcet number="1">40</wcet>
            <maxpow number="0.49334460209333325"/>
            <maxpow number="0.49334460209333325"/>
            <fprob>0.0</fprob>
        </actor>
        <actor name="D0N45">
            <wcet number="0">350</wcet>
            <wcet number="1">360</wcet>
            <maxpow number="0.637657687878488"/>
            <maxpow number="0.637657687878488"/>
            <fprob>0.0</fprob>
        </actor>
        <ports>
            <port dstActor="D0N25" name="p0" srcActor="D0N17"/>
            <port dstActor="D0N37" name="p1" srcActor="D0N17"/>
            <port dstActor="D0N27" name="p2" srcActor="D0N17"/>
            <port dstActor="D0N24" name="p3" srcActor="D0N6"/>
            <port dstActor="D0N21" name="p4" srcActor="D0N6"/>
            <port dstActor="D0N46" name="p5" srcActor="D0N6"/>
            <port dstActor="D0N20" name="p6" srcActor="D0N6"/>
            <port dstActor="D0N48" name="p7" srcActor="D0N6"/>
            <port dstActor="D0N36" name="p8" srcActor="D0N6"/>
            <port dstActor="D0N29" name="p9" srcActor="D0N6"/>
            <port dstActor="D0N26" name="p10" srcActor="D0N20"/>
            <port dstActor="D0N42" name="p11" srcActor="D0N20"/>
            <port dstActor="D0N42" name="p12" srcActor="D0N22"/>
            <port dstActor="D0N48" name="p13" srcActor="D0N22"/>
            <port dstActor="D0N39" name="p14" srcActor="D0N22"/>
            <port dstActor="D0N43" name="p15" srcActor="D0N14"/>
            <port dstActor="D0N40" name="p16" srcActor="D0N14"/>
            <port dstActor="D0N20" name="p17" srcActor="D0N14"/>
            <port dstActor="D0N32" name="p18" srcActor="D0N24"/>
            <port dstActor="D0N31" name="p19" srcActor="D0N24"/>
            <port dstActor="D0N26" name="p20" srcActor="D0N24"/>
            <port dstActor="D0N44" name="p21" srcActor="D0N41"/>
            <port dstActor="D0N30" name="p22" srcActor="D0N19"/>
            <port dstActor="D0N32" name="p23" srcActor="D0N19"/>
            <port dstActor="D0N47" name="p24" srcActor="D0N40"/>
            <port dstActor="D0N41" name="p25" srcActor="D0N40"/>
            <port dstActor="D0N39" name="p26" srcActor="D0N2"/>
            <port dstActor="D0N6" name="p27" srcActor="D0N2"/>
            <port dstActor="D0N20" name="p28" srcActor="D0N2"/>
            <port dstActor="D0N11" name="p29" srcActor="D0N2"/>
            <port dstActor="D0N32" name="p30" srcActor="D0N2"/>
            <port dstActor="D0N42" name="p31" srcActor="D0N15"/>
            <port dstActor="D0N45" name="p32" srcActor="D0N15"/>
            <port dstActor="D0N21" name="p33" srcActor="D0N15"/>
            <port dstActor="D0N38" name="p34" srcActor="D0N0"/>
            <port dstActor="D0N10" name="p35" srcActor="D0N0"/>
            <port dstActor="D0N48" name="p36" srcActor="D0N38"/>
            <port dstActor="D0N31" name="p37" srcActor="D0N9"/>
            <port dstActor="D0N48" name="p38" srcActor="D0N23"/>
            <port dstActor="D0N24" name="p39" srcActor="D0N23"/>
            <port dstActor="D0N33" name="p40" srcActor="D0N23"/>
            <port dstActor="D0N47" name="p41" srcActor="D0N29"/>
            <port dstActor="D0N45" name="p42" srcActor="D0N29"/>
            <port dstActor="D0N45" name="p43" srcActor="D0N44"/>
            <port dstActor="D0N47" name="p44" srcActor="D0N34"/>
            <port dstActor="D0N26" name="p45" srcActor="D0N16"/>
            <port dstActor="D0N44" name="p46" srcActor="D0N16"/>
            <port dstActor="D0N40" name="p47" srcActor="D0N8"/>
            <port dstActor="D0N11" name="p48" srcActor="D0N8"/>
            <port dstActor="D0N20" name="p49" srcActor="D0N8"/>
            <port dstActor="D0N36" name="p50" srcActor="D0N8"/>
            <port dstActor="D0N37" name="p51" srcActor="D0N4"/>
            <port dstActor="D0N41" name="p52" srcActor="D0N4"/>
            <port dstActor="D0N23" name="p53" srcActor="D0N4"/>
            <port dstActor="D0N44" name="p54" srcActor="D0N4"/>
            <port dstActor="D0N7" name="p55" srcActor="D0N4"/>
            <port dstActor="D0N16" name="p56" srcActor="D0N4"/>
            <port dstActor="D0N6" name="p57" srcActor="D0N4"/>
            <port dstActor="D0N30" name="p58" srcActor="D0N4"/>
            <port dstActor="D0N31" name="p59" srcActor="D0N21"/>
            <port dstActor="D0N23" name="p60" srcActor="D0N21"/>
            <port dstActor="D0N37" name="p61" srcActor="D0N26"/>
            <port dstActor="D0N41" name="p62" srcActor="D0N26"/>
            <port dstActor="D0N48" name="p63" srcActor="D0N26"/>
            <port dstActor="D0N39" name="p64" srcActor="D0N36"/>
            <port dstActor="D0N31" name="p65" srcActor="D0N12"/>
            <port dstActor="D0N45" name="p66" srcActor="D0N27"/>
            <port dstActor="D0N45" name="p67" srcActor="D0N43"/>
            <port dstActor="D0N35" name="p68" srcActor="D0N30"/>
            <port dstActor="D0N14" name="p69" srcActor="D0N7"/>
            <port dstActor="D0N15" name="p70" srcActor="D0N7"/>
            <port dstActor="D0N19" name="p71" srcActor="D0N7"/>
            <port dstActor="D0N27" name="p72" srcActor="D0N7"/>
            <port dstActor="D0N45" name="p73" srcActor="D0N7"/>
            <port dstActor="D0N10" name="p74" srcActor="D0N7"/>
            <port dstActor="D0N27" name="p75" srcActor="D0N13"/>
            <port dstActor="D0N31" name="p76" srcActor="D0N13"/>
            <port dstActor="D0N48" name="p77" srcActor="D0N32"/>
            <port dstActor="D0N44" name="p78" srcActor="D0N32"/>
            <port dstActor="D0N42" name="p79" srcActor="D0N28"/>
            <port dstActor="D0N46" name="p80" srcActor="D0N28"/>
            <port dstActor="D0N35" name="p81" srcActor="D0N28"/>
            <port dstActor="D0N44" name="p82" srcActor="D0N3"/>
            <port dstActor="D0N39" name="p83" srcActor="D0N3"/>
            <port dstActor="D0N18" name="p84" srcActor="D0N3"/>
            <port dstActor="D0N8" name="p85" srcActor="D0N3"/>
            <port dstActor="D0N47" name="p86" srcActor="D0N33"/>
            <port dstActor="D0N37" name="p87" srcActor="D0N33"/>
            <port dstActor="D0N37" name="p88" srcActor="D0N1"/>
            <port dstActor="D0N38" name="p89" srcActor="D0N1"/>
            <port dstActor="D0N22" name="p90" srcActor="D0N1"/>
            <port dstActor="D0N39" name="p91" srcActor="D0N1"/>
            <port dstActor="D0N34" name="p92" srcActor="D0N1"/>
            <port dstActor="D0N32" name="p93" srcActor="D0N1"/>
            <port dstActor="D0N7" name="p94" srcActor="D0N5"/>
            <port dstActor="D0N21" name="p95" srcActor="D0N5"/>
            <port dstActor="D0N18" name="p96" srcActor="D0N5"/>
            <port dstActor="D0N46" name="p97" srcActor="D0N37"/>
            <port dstActor="D0N43" name="p98" srcActor="D0N37"/>
            <port dstActor="D0N45" name="p99" srcActor="D0N10"/>
            <port dstActor="D0N46" name="p100" srcActor="D0N10"/>
            <port dstActor="D0N16" name="p101" srcActor="D0N10"/>
            <port dstActor="D0N36" name="p102" srcActor="D0N10"/>
            <port dstActor="D0N28" name="p103" srcActor="D0N10"/>
            <port dstActor="D0N11" name="p104" srcActor="D0N10"/>
            <port dstActor="D0N39" name="p105" srcActor="D0N25"/>
            <port dstActor="D0N19" name="p106" srcActor="D0N11"/>
            <port dstActor="D0N35" name="p107" srcActor="D0N11"/>
            <port dstActor="D0N34" name="p108" srcActor="D0N11"/>
            <port dstActor="D0N20" name="p109" srcActor="D0N11"/>
        </ports>
    </mcdag>
    <cores number="3"/>
    <levels number="2"/>
</mcsystem>
