<?xml version="1.0" encoding="UTF-8" standalone="no"?>
<mcsystem>
    <mcdag deadline="2500" name="genned-0-ed-10.0-0">
        <actor name="D0N5">
            <wcet number="0">10</wcet>
            <wcet number="1">20</wcet>
            <maxpow number="0.6620025101338012"/>
            <maxpow number="0.6620025101338012"/>
            <fprob>0.0</fprob>
        </actor>
        <actor name="D0N40">
            <wcet number="0">10</wcet>
            <wcet number="1">10</wcet>
            <maxpow number="0.3290967953869224"/>
            <maxpow number="0.3290967953869224"/>
            <fprob>0.0</fprob>
        </actor>
        <actor name="D0N29">
            <wcet number="0">30</wcet>
            <wcet number="1">350</wcet>
            <maxpow number="0.5690936868107188"/>
            <maxpow number="0.5690936868107188"/>
            <fprob>0.0</fprob>
        </actor>
        <actor name="D0N12">
            <wcet number="0">10</wcet>
            <wcet number="1">70</wcet>
            <maxpow number="0.49555668031077205"/>
            <maxpow number="0.49555668031077205"/>
            <fprob>0.0</fprob>
        </actor>
        <actor name="D0N31">
            <wcet number="0">190</wcet>
            <wcet number="1">190</wcet>
            <maxpow number="0.36169700332099525"/>
            <maxpow number="0.36169700332099525"/>
            <fprob>0.0</fprob>
        </actor>
        <actor name="D0N37">
            <wcet number="0">130</wcet>
            <wcet number="1">130</wcet>
            <maxpow number="0.5598101324488669"/>
            <maxpow number="0.5598101324488669"/>
            <fprob>0.0</fprob>
        </actor>
        <actor name="D0N9">
            <wcet number="0">100</wcet>
            <wcet number="1">100</wcet>
            <maxpow number="0.2990722527736288"/>
            <maxpow number="0.2990722527736288"/>
            <fprob>0.0</fprob>
        </actor>
        <actor name="D0N6">
            <wcet number="0">200</wcet>
            <wcet number="1">250</wcet>
            <maxpow number="0.7054808927111198"/>
            <maxpow number="0.7054808927111198"/>
            <fprob>0.0</fprob>
        </actor>
        <actor name="D0N46">
            <wcet number="0">430</wcet>
            <wcet number="1">480</wcet>
            <maxpow number="0.7927579719906613"/>
            <maxpow number="0.7927579719906613"/>
            <fprob>0.0</fprob>
        </actor>
        <actor name="D0N4">
            <wcet number="0">90</wcet>
            <wcet number="1">100</wcet>
            <maxpow number="0.5149070704164628"/>
            <maxpow number="0.5149070704164628"/>
            <fprob>0.0</fprob>
        </actor>
        <actor name="D0N7">
            <wcet number="0">40</wcet>
            <wcet number="1">220</wcet>
            <maxpow number="0.5378510817414673"/>
            <maxpow number="0.5378510817414673"/>
            <fprob>0.0</fprob>
        </actor>
        <actor name="D0N28">
            <wcet number="0">50</wcet>
            <wcet number="1">90</wcet>
            <maxpow number="0.5650125962691024"/>
            <maxpow number="0.5650125962691024"/>
            <fprob>0.0</fprob>
        </actor>
        <actor name="D0N1">
            <wcet number="0">20</wcet>
            <wcet number="1">20</wcet>
            <maxpow number="0.35853825518378357"/>
            <maxpow number="0.35853825518378357"/>
            <fprob>0.0</fprob>
        </actor>
        <actor name="D0N3">
            <wcet number="0">40</wcet>
            <wcet number="1">50</wcet>
            <maxpow number="0.4019253582150233"/>
            <maxpow number="0.4019253582150233"/>
            <fprob>0.0</fprob>
        </actor>
        <actor name="D0N43">
            <wcet number="0">20</wcet>
            <wcet number="1">30</wcet>
            <maxpow number="0.5788484543710974"/>
            <maxpow number="0.5788484543710974"/>
            <fprob>0.0</fprob>
        </actor>
        <actor name="D0N41">
            <wcet number="0">50</wcet>
            <wcet number="1">260</wcet>
            <maxpow number="0.26621957489573345"/>
            <maxpow number="0.26621957489573345"/>
            <fprob>0.0</fprob>
        </actor>
        <actor name="D0N18">
            <wcet number="0">10</wcet>
            <wcet number="1">60</wcet>
            <maxpow number="0.5495406650426521"/>
            <maxpow number="0.5495406650426521"/>
            <fprob>0.0</fprob>
        </actor>
        <actor name="D0N25">
            <wcet number="0">100</wcet>
            <wcet number="1">230</wcet>
            <maxpow number="0.7660617745142742"/>
            <maxpow number="0.7660617745142742"/>
            <fprob>0.0</fprob>
        </actor>
        <actor name="D0N10">
            <wcet number="0">40</wcet>
            <wcet number="1">50</wcet>
            <maxpow number="0.6530768123841608"/>
            <maxpow number="0.6530768123841608"/>
            <fprob>0.0</fprob>
        </actor>
        <actor name="D0N24">
            <wcet number="0">80</wcet>
            <wcet number="1">200</wcet>
            <maxpow number="0.34298578082611597"/>
            <maxpow number="0.34298578082611597"/>
            <fprob>0.0</fprob>
        </actor>
        <actor name="D0N27">
            <wcet number="0">50</wcet>
            <wcet number="1">100</wcet>
            <maxpow number="0.16205895406729243"/>
            <maxpow number="0.16205895406729243"/>
            <fprob>0.0</fprob>
        </actor>
        <actor name="D0N47">
            <wcet number="0">90</wcet>
            <wcet number="1">120</wcet>
            <maxpow number="0.6553220316396039"/>
            <maxpow number="0.6553220316396039"/>
            <fprob>0.0</fprob>
        </actor>
        <actor name="D0N23">
            <wcet number="0">10</wcet>
            <wcet number="1">70</wcet>
            <maxpow number="0.5153581156131787"/>
            <maxpow number="0.5153581156131787"/>
            <fprob>0.0</fprob>
        </actor>
        <actor name="D0N16">
            <wcet number="0">10</wcet>
            <wcet number="1">60</wcet>
            <maxpow number="0.8239781636142224"/>
            <maxpow number="0.8239781636142224"/>
            <fprob>0.0</fprob>
        </actor>
        <actor name="D0N2">
            <wcet number="0">30</wcet>
            <wcet number="1">80</wcet>
            <maxpow number="0.42482877220574955"/>
            <maxpow number="0.42482877220574955"/>
            <fprob>0.0</fprob>
        </actor>
        <actor name="D0N15">
            <wcet number="0">80</wcet>
            <wcet number="1">90</wcet>
            <maxpow number="0.6617710597725162"/>
            <maxpow number="0.6617710597725162"/>
            <fprob>0.0</fprob>
        </actor>
        <actor name="D0N0">
            <wcet number="0">20</wcet>
            <wcet number="1">20</wcet>
            <maxpow number="0.46184022822220705"/>
            <maxpow number="0.46184022822220705"/>
            <fprob>0.0</fprob>
        </actor>
        <actor name="D0N33">
            <wcet number="0">410</wcet>
            <wcet number="1">480</wcet>
            <maxpow number="0.5865629729019614"/>
            <maxpow number="0.5865629729019614"/>
            <fprob>0.0</fprob>
        </actor>
        <actor name="D0N21">
            <wcet number="0">30</wcet>
            <wcet number="1">150</wcet>
            <maxpow number="0.7963553360487401"/>
            <maxpow number="0.7963553360487401"/>
            <fprob>0.0</fprob>
        </actor>
        <actor name="D0N11">
            <wcet number="0">20</wcet>
            <wcet number="1">30</wcet>
            <maxpow number="0.40283268315179555"/>
            <maxpow number="0.40283268315179555"/>
            <fprob>0.0</fprob>
        </actor>
        <actor name="D0N45">
            <wcet number="0">40</wcet>
            <wcet number="1">110</wcet>
            <maxpow number="0.630928995909301"/>
            <maxpow number="0.630928995909301"/>
            <fprob>0.0</fprob>
        </actor>
        <actor name="D0N42">
            <wcet number="0">20</wcet>
            <wcet number="1">300</wcet>
            <maxpow number="0.522342558541363"/>
            <maxpow number="0.522342558541363"/>
            <fprob>0.0</fprob>
        </actor>
        <actor name="D0N19">
            <wcet number="0">80</wcet>
            <wcet number="1">80</wcet>
            <maxpow number="0.5734914322242297"/>
            <maxpow number="0.5734914322242297"/>
            <fprob>0.0</fprob>
        </actor>
        <actor name="D0N44">
            <wcet number="0">60</wcet>
            <wcet number="1">70</wcet>
            <maxpow number="0.471430121819024"/>
            <maxpow number="0.471430121819024"/>
            <fprob>0.0</fprob>
        </actor>
        <actor name="D0N17">
            <wcet number="0">50</wcet>
            <wcet number="1">60</wcet>
            <maxpow number="0.570575487348102"/>
            <maxpow number="0.570575487348102"/>
            <fprob>0.0</fprob>
        </actor>
        <actor name="D0N38">
            <wcet number="0">10</wcet>
            <wcet number="1">20</wcet>
            <maxpow number="0.6752089773195562"/>
            <maxpow number="0.6752089773195562"/>
            <fprob>0.0</fprob>
        </actor>
        <actor name="D0N34">
            <wcet number="0">30</wcet>
            <wcet number="1">30</wcet>
            <maxpow number="0.703515737515219"/>
            <maxpow number="0.703515737515219"/>
            <fprob>0.0</fprob>
        </actor>
        <actor name="D0N32">
            <wcet number="0">10</wcet>
            <wcet number="1">50</wcet>
            <maxpow number="0.6312525196430229"/>
            <maxpow number="0.6312525196430229"/>
            <fprob>0.0</fprob>
        </actor>
        <actor name="D0N8">
            <wcet number="0">40</wcet>
            <wcet number="1">100</wcet>
            <maxpow number="0.7811207191191847"/>
            <maxpow number="0.7811207191191847"/>
            <fprob>0.0</fprob>
        </actor>
        <actor name="D0N22">
            <wcet number="0">10</wcet>
            <wcet number="1">80</wcet>
            <maxpow number="0.3690889291492808"/>
            <maxpow number="0.3690889291492808"/>
            <fprob>0.0</fprob>
        </actor>
        <actor name="D0N35">
            <wcet number="0">180</wcet>
            <wcet number="1">200</wcet>
            <maxpow number="0.18055682759428243"/>
            <maxpow number="0.18055682759428243"/>
            <fprob>0.0</fprob>
        </actor>
        <actor name="D0N14">
            <wcet number="0">100</wcet>
            <wcet number="1">100</wcet>
            <maxpow number="0.471654968001418"/>
            <maxpow number="0.471654968001418"/>
            <fprob>0.0</fprob>
        </actor>
        <actor name="D0N30">
            <wcet number="0">20</wcet>
            <wcet number="1">150</wcet>
            <maxpow number="0.5404857157973046"/>
            <maxpow number="0.5404857157973046"/>
            <fprob>0.0</fprob>
        </actor>
        <actor name="D0N36">
            <wcet number="0">20</wcet>
            <wcet number="1">30</wcet>
            <maxpow number="0.7169841165422848"/>
            <maxpow number="0.7169841165422848"/>
            <fprob>0.0</fprob>
        </actor>
        <actor name="D0N13">
            <wcet number="0">40</wcet>
            <wcet number="1">50</wcet>
            <maxpow number="0.5315357966453133"/>
            <maxpow number="0.5315357966453133"/>
            <fprob>0.0</fprob>
        </actor>
        <actor name="D0N26">
            <wcet number="0">70</wcet>
            <wcet number="1">70</wcet>
            <maxpow number="0.6482615072128569"/>
            <maxpow number="0.6482615072128569"/>
            <fprob>0.0</fprob>
        </actor>
        <actor name="D0N20">
            <wcet number="0">100</wcet>
            <wcet number="1">140</wcet>
            <maxpow number="0.48932272658089504"/>
            <maxpow number="0.48932272658089504"/>
            <fprob>0.0</fprob>
        </actor>
        <actor name="D0N39">
            <wcet number="0">290</wcet>
            <wcet number="1">500</wcet>
            <maxpow number="0.5068205025313666"/>
            <maxpow number="0.5068205025313666"/>
            <fprob>0.0</fprob>
        </actor>
        <ports>
            <port dstActor="D0N6" name="p0" srcActor="D0N5"/>
            <port dstActor="D0N11" name="p1" srcActor="D0N5"/>
            <port dstActor="D0N8" name="p2" srcActor="D0N5"/>
            <port dstActor="D0N42" name="p3" srcActor="D0N40"/>
            <port dstActor="D0N44" name="p4" srcActor="D0N40"/>
            <port dstActor="D0N30" name="p5" srcActor="D0N29"/>
            <port dstActor="D0N38" name="p6" srcActor="D0N29"/>
            <port dstActor="D0N40" name="p7" srcActor="D0N12"/>
            <port dstActor="D0N29" name="p8" srcActor="D0N12"/>
            <port dstActor="D0N14" name="p9" srcActor="D0N12"/>
            <port dstActor="D0N25" name="p10" srcActor="D0N12"/>
            <port dstActor="D0N42" name="p11" srcActor="D0N12"/>
            <port dstActor="D0N46" name="p12" srcActor="D0N31"/>
            <port dstActor="D0N39" name="p13" srcActor="D0N37"/>
            <port dstActor="D0N32" name="p14" srcActor="D0N9"/>
            <port dstActor="D0N26" name="p15" srcActor="D0N9"/>
            <port dstActor="D0N37" name="p16" srcActor="D0N6"/>
            <port dstActor="D0N45" name="p17" srcActor="D0N6"/>
            <port dstActor="D0N45" name="p18" srcActor="D0N4"/>
            <port dstActor="D0N22" name="p19" srcActor="D0N4"/>
            <port dstActor="D0N36" name="p20" srcActor="D0N7"/>
            <port dstActor="D0N41" name="p21" srcActor="D0N7"/>
            <port dstActor="D0N30" name="p22" srcActor="D0N7"/>
            <port dstActor="D0N45" name="p23" srcActor="D0N7"/>
            <port dstActor="D0N41" name="p24" srcActor="D0N28"/>
            <port dstActor="D0N35" name="p25" srcActor="D0N28"/>
            <port dstActor="D0N47" name="p26" srcActor="D0N28"/>
            <port dstActor="D0N18" name="p27" srcActor="D0N1"/>
            <port dstActor="D0N17" name="p28" srcActor="D0N1"/>
            <port dstActor="D0N10" name="p29" srcActor="D0N1"/>
            <port dstActor="D0N23" name="p30" srcActor="D0N1"/>
            <port dstActor="D0N13" name="p31" srcActor="D0N3"/>
            <port dstActor="D0N10" name="p32" srcActor="D0N3"/>
            <port dstActor="D0N39" name="p33" srcActor="D0N3"/>
            <port dstActor="D0N24" name="p34" srcActor="D0N3"/>
            <port dstActor="D0N44" name="p35" srcActor="D0N3"/>
            <port dstActor="D0N27" name="p36" srcActor="D0N18"/>
            <port dstActor="D0N38" name="p37" srcActor="D0N18"/>
            <port dstActor="D0N21" name="p38" srcActor="D0N18"/>
            <port dstActor="D0N33" name="p39" srcActor="D0N25"/>
            <port dstActor="D0N42" name="p40" srcActor="D0N25"/>
            <port dstActor="D0N34" name="p41" srcActor="D0N25"/>
            <port dstActor="D0N25" name="p42" srcActor="D0N24"/>
            <port dstActor="D0N27" name="p43" srcActor="D0N24"/>
            <port dstActor="D0N40" name="p44" srcActor="D0N24"/>
            <port dstActor="D0N30" name="p45" srcActor="D0N24"/>
            <port dstActor="D0N38" name="p46" srcActor="D0N27"/>
            <port dstActor="D0N47" name="p47" srcActor="D0N23"/>
            <port dstActor="D0N34" name="p48" srcActor="D0N23"/>
            <port dstActor="D0N25" name="p49" srcActor="D0N16"/>
            <port dstActor="D0N17" name="p50" srcActor="D0N16"/>
            <port dstActor="D0N23" name="p51" srcActor="D0N16"/>
            <port dstActor="D0N40" name="p52" srcActor="D0N16"/>
            <port dstActor="D0N7" name="p53" srcActor="D0N2"/>
            <port dstActor="D0N31" name="p54" srcActor="D0N2"/>
            <port dstActor="D0N36" name="p55" srcActor="D0N2"/>
            <port dstActor="D0N6" name="p56" srcActor="D0N2"/>
            <port dstActor="D0N42" name="p57" srcActor="D0N2"/>
            <port dstActor="D0N45" name="p58" srcActor="D0N15"/>
            <port dstActor="D0N28" name="p59" srcActor="D0N15"/>
            <port dstActor="D0N32" name="p60" srcActor="D0N15"/>
            <port dstActor="D0N30" name="p61" srcActor="D0N15"/>
            <port dstActor="D0N18" name="p62" srcActor="D0N15"/>
            <port dstActor="D0N28" name="p63" srcActor="D0N0"/>
            <port dstActor="D0N37" name="p64" srcActor="D0N0"/>
            <port dstActor="D0N42" name="p65" srcActor="D0N33"/>
            <port dstActor="D0N40" name="p66" srcActor="D0N21"/>
            <port dstActor="D0N28" name="p67" srcActor="D0N21"/>
            <port dstActor="D0N30" name="p68" srcActor="D0N21"/>
            <port dstActor="D0N26" name="p69" srcActor="D0N11"/>
            <port dstActor="D0N21" name="p70" srcActor="D0N11"/>
            <port dstActor="D0N46" name="p71" srcActor="D0N11"/>
            <port dstActor="D0N29" name="p72" srcActor="D0N11"/>
            <port dstActor="D0N36" name="p73" srcActor="D0N19"/>
            <port dstActor="D0N47" name="p74" srcActor="D0N19"/>
            <port dstActor="D0N34" name="p75" srcActor="D0N19"/>
            <port dstActor="D0N45" name="p76" srcActor="D0N17"/>
            <port dstActor="D0N21" name="p77" srcActor="D0N17"/>
            <port dstActor="D0N12" name="p78" srcActor="D0N8"/>
            <port dstActor="D0N43" name="p79" srcActor="D0N8"/>
            <port dstActor="D0N20" name="p80" srcActor="D0N8"/>
            <port dstActor="D0N31" name="p81" srcActor="D0N22"/>
            <port dstActor="D0N29" name="p82" srcActor="D0N22"/>
            <port dstActor="D0N39" name="p83" srcActor="D0N22"/>
            <port dstActor="D0N38" name="p84" srcActor="D0N22"/>
            <port dstActor="D0N36" name="p85" srcActor="D0N22"/>
            <port dstActor="D0N46" name="p86" srcActor="D0N14"/>
            <port dstActor="D0N24" name="p87" srcActor="D0N14"/>
            <port dstActor="D0N21" name="p88" srcActor="D0N14"/>
            <port dstActor="D0N44" name="p89" srcActor="D0N14"/>
            <port dstActor="D0N38" name="p90" srcActor="D0N14"/>
            <port dstActor="D0N25" name="p91" srcActor="D0N14"/>
            <port dstActor="D0N32" name="p92" srcActor="D0N30"/>
            <port dstActor="D0N40" name="p93" srcActor="D0N30"/>
            <port dstActor="D0N45" name="p94" srcActor="D0N30"/>
            <port dstActor="D0N40" name="p95" srcActor="D0N36"/>
            <port dstActor="D0N26" name="p96" srcActor="D0N13"/>
            <port dstActor="D0N43" name="p97" srcActor="D0N26"/>
            <port dstActor="D0N32" name="p98" srcActor="D0N26"/>
            <port dstActor="D0N46" name="p99" srcActor="D0N26"/>
            <port dstActor="D0N44" name="p100" srcActor="D0N26"/>
            <port dstActor="D0N38" name="p101" srcActor="D0N20"/>
            <port dstActor="D0N42" name="p102" srcActor="D0N20"/>
            <port dstActor="D0N31" name="p103" srcActor="D0N20"/>
        </ports>
    </mcdag>
    <cores number="3"/>
    <levels number="2"/>
</mcsystem>
