<?xml version="1.0" encoding="UTF-8" standalone="no"?>
<mcsystem>
    <mcdag deadline="5000" name="genned-0-ed-10.0-0">
        <actor name="D0N38">
            <wcet number="0">70</wcet>
            <wcet number="1">100</wcet>
            <maxpow number="0.6074689903043922"/>
            <maxpow number="0.6074689903043922"/>
            <fprob>0.0</fprob>
        </actor>
        <actor name="D0N20">
            <wcet number="0">120</wcet>
            <wcet number="1">170</wcet>
            <maxpow number="0.33823737267323895"/>
            <maxpow number="0.33823737267323895"/>
            <fprob>0.0</fprob>
        </actor>
        <actor name="D0N19">
            <wcet number="0">730</wcet>
            <wcet number="1">960</wcet>
            <maxpow number="0.426398678180173"/>
            <maxpow number="0.426398678180173"/>
            <fprob>0.0</fprob>
        </actor>
        <actor name="D0N3">
            <wcet number="0">30</wcet>
            <wcet number="1">100</wcet>
            <maxpow number="0.21116947901394684"/>
            <maxpow number="0.21116947901394684"/>
            <fprob>0.0</fprob>
        </actor>
        <actor name="D0N17">
            <wcet number="0">300</wcet>
            <wcet number="1">300</wcet>
            <maxpow number="0.4285035413524359"/>
            <maxpow number="0.4285035413524359"/>
            <fprob>0.0</fprob>
        </actor>
        <actor name="D0N26">
            <wcet number="0">10</wcet>
            <wcet number="1">10</wcet>
            <maxpow number="0.5585320475775445"/>
            <maxpow number="0.5585320475775445"/>
            <fprob>0.0</fprob>
        </actor>
        <actor name="D0N44">
            <wcet number="0">300</wcet>
            <wcet number="1">540</wcet>
            <maxpow number="0.30498435033354243"/>
            <maxpow number="0.30498435033354243"/>
            <fprob>0.0</fprob>
        </actor>
        <actor name="D0N6">
            <wcet number="0">770</wcet>
            <wcet number="1">1140</wcet>
            <maxpow number="0.331430056334842"/>
            <maxpow number="0.331430056334842"/>
            <fprob>0.0</fprob>
        </actor>
        <actor name="D0N33">
            <wcet number="0">40</wcet>
            <wcet number="1">50</wcet>
            <maxpow number="0.45430890048682804"/>
            <maxpow number="0.45430890048682804"/>
            <fprob>0.0</fprob>
        </actor>
        <actor name="D0N42">
            <wcet number="0">560</wcet>
            <wcet number="1">570</wcet>
            <maxpow number="0.5321416720847385"/>
            <maxpow number="0.5321416720847385"/>
            <fprob>0.0</fprob>
        </actor>
        <actor name="D0N15">
            <wcet number="0">170</wcet>
            <wcet number="1">890</wcet>
            <maxpow number="0.6539996276650175"/>
            <maxpow number="0.6539996276650175"/>
            <fprob>0.0</fprob>
        </actor>
        <actor name="D0N39">
            <wcet number="0">510</wcet>
            <wcet number="1">780</wcet>
            <maxpow number="1.0676283199527128"/>
            <maxpow number="1.0676283199527128"/>
            <fprob>0.0</fprob>
        </actor>
        <actor name="D0N45">
            <wcet number="0">230</wcet>
            <wcet number="1">270</wcet>
            <maxpow number="0.37521332185421996"/>
            <maxpow number="0.37521332185421996"/>
            <fprob>0.0</fprob>
        </actor>
        <actor name="D0N22">
            <wcet number="0">190</wcet>
            <wcet number="1">220</wcet>
            <maxpow number="0.6285518809633523"/>
            <maxpow number="0.6285518809633523"/>
            <fprob>0.0</fprob>
        </actor>
        <actor name="D0N5">
            <wcet number="0">110</wcet>
            <wcet number="1">190</wcet>
            <maxpow number="0.7952974208753416"/>
            <maxpow number="0.7952974208753416"/>
            <fprob>0.0</fprob>
        </actor>
        <actor name="D0N8">
            <wcet number="0">80</wcet>
            <wcet number="1">80</wcet>
            <maxpow number="0.8725359328280556"/>
            <maxpow number="0.8725359328280556"/>
            <fprob>0.0</fprob>
        </actor>
        <actor name="D0N13">
            <wcet number="0">10</wcet>
            <wcet number="1">10</wcet>
            <maxpow number="0.5484856287912349"/>
            <maxpow number="0.5484856287912349"/>
            <fprob>0.0</fprob>
        </actor>
        <actor name="D0N28">
            <wcet number="0">30</wcet>
            <wcet number="1">40</wcet>
            <maxpow number="0.4062517738471101"/>
            <maxpow number="0.4062517738471101"/>
            <fprob>0.0</fprob>
        </actor>
        <actor name="D0N23">
            <wcet number="0">350</wcet>
            <wcet number="1">400</wcet>
            <maxpow number="0.4641835837725255"/>
            <maxpow number="0.4641835837725255"/>
            <fprob>0.0</fprob>
        </actor>
        <actor name="D0N2">
            <wcet number="0">60</wcet>
            <wcet number="1">60</wcet>
            <maxpow number="0.6511987434589538"/>
            <maxpow number="0.6511987434589538"/>
            <fprob>0.0</fprob>
        </actor>
        <actor name="D0N40">
            <wcet number="0">20</wcet>
            <wcet number="1">20</wcet>
            <maxpow number="0.44621528035740987"/>
            <maxpow number="0.44621528035740987"/>
            <fprob>0.0</fprob>
        </actor>
        <actor name="D0N31">
            <wcet number="0">10</wcet>
            <wcet number="1">260</wcet>
            <maxpow number="0.5819745404808626"/>
            <maxpow number="0.5819745404808626"/>
            <fprob>0.0</fprob>
        </actor>
        <actor name="D0N25">
            <wcet number="0">40</wcet>
            <wcet number="1">170</wcet>
            <maxpow number="0.5113966966267909"/>
            <maxpow number="0.5113966966267909"/>
            <fprob>0.0</fprob>
        </actor>
        <actor name="D0N47">
            <wcet number="0">50</wcet>
            <wcet number="1">760</wcet>
            <maxpow number="0.3027042559466142"/>
            <maxpow number="0.3027042559466142"/>
            <fprob>0.0</fprob>
        </actor>
        <actor name="D0N0">
            <wcet number="0">30</wcet>
            <wcet number="1">50</wcet>
            <maxpow number="0.5611851930096228"/>
            <maxpow number="0.5611851930096228"/>
            <fprob>0.0</fprob>
        </actor>
        <actor name="D0N18">
            <wcet number="0">140</wcet>
            <wcet number="1">200</wcet>
            <maxpow number="0.7481340589535039"/>
            <maxpow number="0.7481340589535039"/>
            <fprob>0.0</fprob>
        </actor>
        <actor name="D0N34">
            <wcet number="0">30</wcet>
            <wcet number="1">120</wcet>
            <maxpow number="0.43959888388863316"/>
            <maxpow number="0.43959888388863316"/>
            <fprob>0.0</fprob>
        </actor>
        <actor name="D0N21">
            <wcet number="0">320</wcet>
            <wcet number="1">670</wcet>
            <maxpow number="0.6327102275305395"/>
            <maxpow number="0.6327102275305395"/>
            <fprob>0.0</fprob>
        </actor>
        <actor name="D0N48">
            <wcet number="0">10</wcet>
            <wcet number="1">10</wcet>
            <maxpow number="0.38561377711662237"/>
            <maxpow number="0.38561377711662237"/>
            <fprob>0.0</fprob>
        </actor>
        <actor name="D0N24">
            <wcet number="0">50</wcet>
            <wcet number="1">50</wcet>
            <maxpow number="0.3924864122517036"/>
            <maxpow number="0.3924864122517036"/>
            <fprob>0.0</fprob>
        </actor>
        <actor name="D0N14">
            <wcet number="0">30</wcet>
            <wcet number="1">40</wcet>
            <maxpow number="0.5613095983814876"/>
            <maxpow number="0.5613095983814876"/>
            <fprob>0.0</fprob>
        </actor>
        <actor name="D0N36">
            <wcet number="0">370</wcet>
            <wcet number="1">1210</wcet>
            <maxpow number="0.8296717525822113"/>
            <maxpow number="0.8296717525822113"/>
            <fprob>0.0</fprob>
        </actor>
        <actor name="D0N37">
            <wcet number="0">70</wcet>
            <wcet number="1">120</wcet>
            <maxpow number="0.49089662293242753"/>
            <maxpow number="0.49089662293242753"/>
            <fprob>0.0</fprob>
        </actor>
        <actor name="D0N29">
            <wcet number="0">90</wcet>
            <wcet number="1">120</wcet>
            <maxpow number="0.38576121719085243"/>
            <maxpow number="0.38576121719085243"/>
            <fprob>0.0</fprob>
        </actor>
        <actor name="D0N16">
            <wcet number="0">10</wcet>
            <wcet number="1">40</wcet>
            <maxpow number="0.4306470259807916"/>
            <maxpow number="0.4306470259807916"/>
            <fprob>0.0</fprob>
        </actor>
        <actor name="D0N7">
            <wcet number="0">70</wcet>
            <wcet number="1">70</wcet>
            <maxpow number="0.616164082108964"/>
            <maxpow number="0.616164082108964"/>
            <fprob>0.0</fprob>
        </actor>
        <actor name="D0N9">
            <wcet number="0">570</wcet>
            <wcet number="1">710</wcet>
            <maxpow number="0.4983743529120341"/>
            <maxpow number="0.4983743529120341"/>
            <fprob>0.0</fprob>
        </actor>
        <actor name="D0N11">
            <wcet number="0">50</wcet>
            <wcet number="1">190</wcet>
            <maxpow number="0.7564452010332925"/>
            <maxpow number="0.7564452010332925"/>
            <fprob>0.0</fprob>
        </actor>
        <actor name="D0N12">
            <wcet number="0">80</wcet>
            <wcet number="1">180</wcet>
            <maxpow number="0.6797857478581308"/>
            <maxpow number="0.6797857478581308"/>
            <fprob>0.0</fprob>
        </actor>
        <actor name="D0N4">
            <wcet number="0">170</wcet>
            <wcet number="1">200</wcet>
            <maxpow number="0.4484088309818469"/>
            <maxpow number="0.4484088309818469"/>
            <fprob>0.0</fprob>
        </actor>
        <actor name="D0N43">
            <wcet number="0">20</wcet>
            <wcet number="1">20</wcet>
            <maxpow number="0.5621333568137482"/>
            <maxpow number="0.5621333568137482"/>
            <fprob>0.0</fprob>
        </actor>
        <actor name="D0N41">
            <wcet number="0">80</wcet>
            <wcet number="1">130</wcet>
            <maxpow number="0.53697600520697"/>
            <maxpow number="0.53697600520697"/>
            <fprob>0.0</fprob>
        </actor>
        <actor name="D0N32">
            <wcet number="0">180</wcet>
            <wcet number="1">210</wcet>
            <maxpow number="0.5374882581702168"/>
            <maxpow number="0.5374882581702168"/>
            <fprob>0.0</fprob>
        </actor>
        <actor name="D0N30">
            <wcet number="0">80</wcet>
            <wcet number="1">140</wcet>
            <maxpow number="0.556962111150259"/>
            <maxpow number="0.556962111150259"/>
            <fprob>0.0</fprob>
        </actor>
        <actor name="D0N1">
            <wcet number="0">100</wcet>
            <wcet number="1">480</wcet>
            <maxpow number="0.20275111568172227"/>
            <maxpow number="0.20275111568172227"/>
            <fprob>0.0</fprob>
        </actor>
        <actor name="D0N10">
            <wcet number="0">20</wcet>
            <wcet number="1">60</wcet>
            <maxpow number="0.34723411269701665"/>
            <maxpow number="0.34723411269701665"/>
            <fprob>0.0</fprob>
        </actor>
        <actor name="D0N46">
            <wcet number="0">220</wcet>
            <wcet number="1">250</wcet>
            <maxpow number="0.8119350872202457"/>
            <maxpow number="0.8119350872202457"/>
            <fprob>0.0</fprob>
        </actor>
        <actor name="D0N35">
            <wcet number="0">130</wcet>
            <wcet number="1">200</wcet>
            <maxpow number="0.31714631415837546"/>
            <maxpow number="0.31714631415837546"/>
            <fprob>0.0</fprob>
        </actor>
        <actor name="D0N27">
            <wcet number="0">340</wcet>
            <wcet number="1">440</wcet>
            <maxpow number="0.7712367741556789"/>
            <maxpow number="0.7712367741556789"/>
            <fprob>0.0</fprob>
        </actor>
        <ports>
            <port dstActor="D0N40" name="p0" srcActor="D0N38"/>
            <port dstActor="D0N47" name="p1" srcActor="D0N20"/>
            <port dstActor="D0N40" name="p2" srcActor="D0N20"/>
            <port dstActor="D0N31" name="p3" srcActor="D0N19"/>
            <port dstActor="D0N47" name="p4" srcActor="D0N3"/>
            <port dstActor="D0N13" name="p5" srcActor="D0N3"/>
            <port dstActor="D0N20" name="p6" srcActor="D0N3"/>
            <port dstActor="D0N23" name="p7" srcActor="D0N3"/>
            <port dstActor="D0N19" name="p8" srcActor="D0N17"/>
            <port dstActor="D0N46" name="p9" srcActor="D0N17"/>
            <port dstActor="D0N27" name="p10" srcActor="D0N17"/>
            <port dstActor="D0N43" name="p11" srcActor="D0N17"/>
            <port dstActor="D0N38" name="p12" srcActor="D0N17"/>
            <port dstActor="D0N35" name="p13" srcActor="D0N26"/>
            <port dstActor="D0N45" name="p14" srcActor="D0N26"/>
            <port dstActor="D0N40" name="p15" srcActor="D0N26"/>
            <port dstActor="D0N28" name="p16" srcActor="D0N26"/>
            <port dstActor="D0N26" name="p17" srcActor="D0N6"/>
            <port dstActor="D0N35" name="p18" srcActor="D0N6"/>
            <port dstActor="D0N38" name="p19" srcActor="D0N6"/>
            <port dstActor="D0N45" name="p20" srcActor="D0N33"/>
            <port dstActor="D0N42" name="p21" srcActor="D0N33"/>
            <port dstActor="D0N47" name="p22" srcActor="D0N33"/>
            <port dstActor="D0N47" name="p23" srcActor="D0N42"/>
            <port dstActor="D0N43" name="p24" srcActor="D0N15"/>
            <port dstActor="D0N29" name="p25" srcActor="D0N15"/>
            <port dstActor="D0N18" name="p26" srcActor="D0N15"/>
            <port dstActor="D0N44" name="p27" srcActor="D0N39"/>
            <port dstActor="D0N14" name="p28" srcActor="D0N5"/>
            <port dstActor="D0N46" name="p29" srcActor="D0N5"/>
            <port dstActor="D0N26" name="p30" srcActor="D0N5"/>
            <port dstActor="D0N34" name="p31" srcActor="D0N5"/>
            <port dstActor="D0N48" name="p32" srcActor="D0N8"/>
            <port dstActor="D0N33" name="p33" srcActor="D0N8"/>
            <port dstActor="D0N47" name="p34" srcActor="D0N8"/>
            <port dstActor="D0N26" name="p35" srcActor="D0N8"/>
            <port dstActor="D0N43" name="p36" srcActor="D0N8"/>
            <port dstActor="D0N23" name="p37" srcActor="D0N13"/>
            <port dstActor="D0N35" name="p38" srcActor="D0N13"/>
            <port dstActor="D0N18" name="p39" srcActor="D0N13"/>
            <port dstActor="D0N29" name="p40" srcActor="D0N13"/>
            <port dstActor="D0N43" name="p41" srcActor="D0N28"/>
            <port dstActor="D0N37" name="p42" srcActor="D0N23"/>
            <port dstActor="D0N35" name="p43" srcActor="D0N23"/>
            <port dstActor="D0N35" name="p44" srcActor="D0N2"/>
            <port dstActor="D0N16" name="p45" srcActor="D0N2"/>
            <port dstActor="D0N11" name="p46" srcActor="D0N2"/>
            <port dstActor="D0N23" name="p47" srcActor="D0N2"/>
            <port dstActor="D0N5" name="p48" srcActor="D0N2"/>
            <port dstActor="D0N45" name="p49" srcActor="D0N40"/>
            <port dstActor="D0N48" name="p50" srcActor="D0N40"/>
            <port dstActor="D0N37" name="p51" srcActor="D0N31"/>
            <port dstActor="D0N28" name="p52" srcActor="D0N25"/>
            <port dstActor="D0N44" name="p53" srcActor="D0N25"/>
            <port dstActor="D0N10" name="p54" srcActor="D0N0"/>
            <port dstActor="D0N1" name="p55" srcActor="D0N0"/>
            <port dstActor="D0N21" name="p56" srcActor="D0N0"/>
            <port dstActor="D0N22" name="p57" srcActor="D0N18"/>
            <port dstActor="D0N37" name="p58" srcActor="D0N21"/>
            <port dstActor="D0N33" name="p59" srcActor="D0N21"/>
            <port dstActor="D0N41" name="p60" srcActor="D0N21"/>
            <port dstActor="D0N45" name="p61" srcActor="D0N21"/>
            <port dstActor="D0N42" name="p62" srcActor="D0N24"/>
            <port dstActor="D0N31" name="p63" srcActor="D0N24"/>
            <port dstActor="D0N45" name="p64" srcActor="D0N14"/>
            <port dstActor="D0N17" name="p65" srcActor="D0N14"/>
            <port dstActor="D0N16" name="p66" srcActor="D0N14"/>
            <port dstActor="D0N41" name="p67" srcActor="D0N14"/>
            <port dstActor="D0N46" name="p68" srcActor="D0N36"/>
            <port dstActor="D0N47" name="p69" srcActor="D0N37"/>
            <port dstActor="D0N45" name="p70" srcActor="D0N37"/>
            <port dstActor="D0N39" name="p71" srcActor="D0N29"/>
            <port dstActor="D0N34" name="p72" srcActor="D0N29"/>
            <port dstActor="D0N48" name="p73" srcActor="D0N29"/>
            <port dstActor="D0N42" name="p74" srcActor="D0N16"/>
            <port dstActor="D0N43" name="p75" srcActor="D0N16"/>
            <port dstActor="D0N22" name="p76" srcActor="D0N16"/>
            <port dstActor="D0N19" name="p77" srcActor="D0N7"/>
            <port dstActor="D0N17" name="p78" srcActor="D0N7"/>
            <port dstActor="D0N35" name="p79" srcActor="D0N7"/>
            <port dstActor="D0N12" name="p80" srcActor="D0N7"/>
            <port dstActor="D0N18" name="p81" srcActor="D0N7"/>
            <port dstActor="D0N31" name="p82" srcActor="D0N7"/>
            <port dstActor="D0N11" name="p83" srcActor="D0N7"/>
            <port dstActor="D0N31" name="p84" srcActor="D0N9"/>
            <port dstActor="D0N46" name="p85" srcActor="D0N9"/>
            <port dstActor="D0N20" name="p86" srcActor="D0N9"/>
            <port dstActor="D0N41" name="p87" srcActor="D0N11"/>
            <port dstActor="D0N20" name="p88" srcActor="D0N11"/>
            <port dstActor="D0N46" name="p89" srcActor="D0N11"/>
            <port dstActor="D0N29" name="p90" srcActor="D0N12"/>
            <port dstActor="D0N42" name="p91" srcActor="D0N12"/>
            <port dstActor="D0N44" name="p92" srcActor="D0N12"/>
            <port dstActor="D0N19" name="p93" srcActor="D0N4"/>
            <port dstActor="D0N15" name="p94" srcActor="D0N4"/>
            <port dstActor="D0N25" name="p95" srcActor="D0N4"/>
            <port dstActor="D0N47" name="p96" srcActor="D0N4"/>
            <port dstActor="D0N17" name="p97" srcActor="D0N4"/>
            <port dstActor="D0N23" name="p98" srcActor="D0N4"/>
            <port dstActor="D0N24" name="p99" srcActor="D0N4"/>
            <port dstActor="D0N48" name="p100" srcActor="D0N43"/>
            <port dstActor="D0N46" name="p101" srcActor="D0N41"/>
            <port dstActor="D0N39" name="p102" srcActor="D0N32"/>
            <port dstActor="D0N34" name="p103" srcActor="D0N30"/>
            <port dstActor="D0N31" name="p104" srcActor="D0N30"/>
            <port dstActor="D0N31" name="p105" srcActor="D0N1"/>
            <port dstActor="D0N42" name="p106" srcActor="D0N1"/>
            <port dstActor="D0N8" name="p107" srcActor="D0N1"/>
            <port dstActor="D0N16" name="p108" srcActor="D0N1"/>
            <port dstActor="D0N13" name="p109" srcActor="D0N10"/>
            <port dstActor="D0N26" name="p110" srcActor="D0N10"/>
            <port dstActor="D0N42" name="p111" srcActor="D0N35"/>
            <port dstActor="D0N45" name="p112" srcActor="D0N27"/>
            <port dstActor="D0N39" name="p113" srcActor="D0N27"/>
            <port dstActor="D0N33" name="p114" srcActor="D0N27"/>
        </ports>
    </mcdag>
    <cores number="3"/>
    <levels number="2"/>
</mcsystem>
