<?xml version="1.0" encoding="UTF-8" standalone="no"?>
<mcsystem>
    <mcdag deadline="1200" name="genned-0-ed-10.0-0">
        <actor name="D0N7">
            <wcet number="0">20</wcet>
            <wcet number="1">30</wcet>
            <maxpow number="0.6132985293049821"/>
            <maxpow number="0.6132985293049821"/>
            <fprob>0.0</fprob>
        </actor>
        <actor name="D0N4">
            <wcet number="0">10</wcet>
            <wcet number="1">30</wcet>
            <maxpow number="0.7100657401696697"/>
            <maxpow number="0.7100657401696697"/>
            <fprob>0.0</fprob>
        </actor>
        <actor name="D0N19">
            <wcet number="0">10</wcet>
            <wcet number="1">20</wcet>
            <maxpow number="0.6452255289907819"/>
            <maxpow number="0.6452255289907819"/>
            <fprob>0.0</fprob>
        </actor>
        <actor name="D0N33">
            <wcet number="0">50</wcet>
            <wcet number="1">110</wcet>
            <maxpow number="0.4961041522007333"/>
            <maxpow number="0.4961041522007333"/>
            <fprob>0.0</fprob>
        </actor>
        <actor name="D0N31">
            <wcet number="0">390</wcet>
            <wcet number="1">480</wcet>
            <maxpow number="0.6015974913908994"/>
            <maxpow number="0.6015974913908994"/>
            <fprob>0.0</fprob>
        </actor>
        <actor name="D0N29">
            <wcet number="0">20</wcet>
            <wcet number="1">60</wcet>
            <maxpow number="0.8852136437559164"/>
            <maxpow number="0.8852136437559164"/>
            <fprob>0.0</fprob>
        </actor>
        <actor name="D0N0">
            <wcet number="0">20</wcet>
            <wcet number="1">30</wcet>
            <maxpow number="0.28750918098638245"/>
            <maxpow number="0.28750918098638245"/>
            <fprob>0.0</fprob>
        </actor>
        <actor name="D0N11">
            <wcet number="0">10</wcet>
            <wcet number="1">10</wcet>
            <maxpow number="0.5844350297379229"/>
            <maxpow number="0.5844350297379229"/>
            <fprob>0.0</fprob>
        </actor>
        <actor name="D0N2">
            <wcet number="0">10</wcet>
            <wcet number="1">40</wcet>
            <maxpow number="0.3572879679244583"/>
            <maxpow number="0.3572879679244583"/>
            <fprob>0.0</fprob>
        </actor>
        <actor name="D0N39">
            <wcet number="0">10</wcet>
            <wcet number="1">10</wcet>
            <maxpow number="0.4946430084137748"/>
            <maxpow number="0.4946430084137748"/>
            <fprob>0.0</fprob>
        </actor>
        <actor name="D0N32">
            <wcet number="0">50</wcet>
            <wcet number="1">90</wcet>
            <maxpow number="0.5324613754750389"/>
            <maxpow number="0.5324613754750389"/>
            <fprob>0.0</fprob>
        </actor>
        <actor name="D0N23">
            <wcet number="0">20</wcet>
            <wcet number="1">20</wcet>
            <maxpow number="0.672647217126777"/>
            <maxpow number="0.672647217126777"/>
            <fprob>0.0</fprob>
        </actor>
        <actor name="D0N46">
            <wcet number="0">20</wcet>
            <wcet number="1">20</wcet>
            <maxpow number="0.5444414531433737"/>
            <maxpow number="0.5444414531433737"/>
            <fprob>0.0</fprob>
        </actor>
        <actor name="D0N13">
            <wcet number="0">10</wcet>
            <wcet number="1">10</wcet>
            <maxpow number="0.755129571140651"/>
            <maxpow number="0.755129571140651"/>
            <fprob>0.0</fprob>
        </actor>
        <actor name="D0N36">
            <wcet number="0">40</wcet>
            <wcet number="1">50</wcet>
            <maxpow number="0.8559491448579916"/>
            <maxpow number="0.8559491448579916"/>
            <fprob>0.0</fprob>
        </actor>
        <actor name="D0N34">
            <wcet number="0">170</wcet>
            <wcet number="1">260</wcet>
            <maxpow number="0.3160293720571842"/>
            <maxpow number="0.3160293720571842"/>
            <fprob>0.0</fprob>
        </actor>
        <actor name="D0N16">
            <wcet number="0">60</wcet>
            <wcet number="1">60</wcet>
            <maxpow number="0.6816265224350601"/>
            <maxpow number="0.6816265224350601"/>
            <fprob>0.0</fprob>
        </actor>
        <actor name="D0N9">
            <wcet number="0">10</wcet>
            <wcet number="1">10</wcet>
            <maxpow number="0.66782897697755"/>
            <maxpow number="0.66782897697755"/>
            <fprob>0.0</fprob>
        </actor>
        <actor name="D0N38">
            <wcet number="0">30</wcet>
            <wcet number="1">80</wcet>
            <maxpow number="0.2776891299660729"/>
            <maxpow number="0.2776891299660729"/>
            <fprob>0.0</fprob>
        </actor>
        <actor name="D0N22">
            <wcet number="0">10</wcet>
            <wcet number="1">60</wcet>
            <maxpow number="0.4560268318055194"/>
            <maxpow number="0.4560268318055194"/>
            <fprob>0.0</fprob>
        </actor>
        <actor name="D0N14">
            <wcet number="0">10</wcet>
            <wcet number="1">140</wcet>
            <maxpow number="0.48543837986325783"/>
            <maxpow number="0.48543837986325783"/>
            <fprob>0.0</fprob>
        </actor>
        <actor name="D0N12">
            <wcet number="0">50</wcet>
            <wcet number="1">50</wcet>
            <maxpow number="0.5045499986959261"/>
            <maxpow number="0.5045499986959261"/>
            <fprob>0.0</fprob>
        </actor>
        <actor name="D0N41">
            <wcet number="0">30</wcet>
            <wcet number="1">200</wcet>
            <maxpow number="0.45943810012124947"/>
            <maxpow number="0.45943810012124947"/>
            <fprob>0.0</fprob>
        </actor>
        <actor name="D0N45">
            <wcet number="0">40</wcet>
            <wcet number="1">60</wcet>
            <maxpow number="0.339345147901151"/>
            <maxpow number="0.339345147901151"/>
            <fprob>0.0</fprob>
        </actor>
        <actor name="D0N10">
            <wcet number="0">50</wcet>
            <wcet number="1">100</wcet>
            <maxpow number="0.557143271891748"/>
            <maxpow number="0.557143271891748"/>
            <fprob>0.0</fprob>
        </actor>
        <actor name="D0N8">
            <wcet number="0">10</wcet>
            <wcet number="1">20</wcet>
            <maxpow number="0.4461007119592848"/>
            <maxpow number="0.4461007119592848"/>
            <fprob>0.0</fprob>
        </actor>
        <actor name="D0N28">
            <wcet number="0">90</wcet>
            <wcet number="1">180</wcet>
            <maxpow number="0.47968563504865885"/>
            <maxpow number="0.47968563504865885"/>
            <fprob>0.0</fprob>
        </actor>
        <actor name="D0N27">
            <wcet number="0">80</wcet>
            <wcet number="1">120</wcet>
            <maxpow number="0.14652871965161868"/>
            <maxpow number="0.14652871965161868"/>
            <fprob>0.0</fprob>
        </actor>
        <actor name="D0N20">
            <wcet number="0">20</wcet>
            <wcet number="1">50</wcet>
            <maxpow number="0.5095414823904909"/>
            <maxpow number="0.5095414823904909"/>
            <fprob>0.0</fprob>
        </actor>
        <actor name="D0N17">
            <wcet number="0">210</wcet>
            <wcet number="1">240</wcet>
            <maxpow number="0.392086886805014"/>
            <maxpow number="0.392086886805014"/>
            <fprob>0.0</fprob>
        </actor>
        <actor name="D0N30">
            <wcet number="0">30</wcet>
            <wcet number="1">30</wcet>
            <maxpow number="0.6372776192008758"/>
            <maxpow number="0.6372776192008758"/>
            <fprob>0.0</fprob>
        </actor>
        <actor name="D0N6">
            <wcet number="0">100</wcet>
            <wcet number="1">130</wcet>
            <maxpow number="0.7794751566507009"/>
            <maxpow number="0.7794751566507009"/>
            <fprob>0.0</fprob>
        </actor>
        <actor name="D0N15">
            <wcet number="0">40</wcet>
            <wcet number="1">40</wcet>
            <maxpow number="0.2279574849674189"/>
            <maxpow number="0.2279574849674189"/>
            <fprob>0.0</fprob>
        </actor>
        <actor name="D0N40">
            <wcet number="0">20</wcet>
            <wcet number="1">60</wcet>
            <maxpow number="0.4102296362912511"/>
            <maxpow number="0.4102296362912511"/>
            <fprob>0.0</fprob>
        </actor>
        <actor name="D0N37">
            <wcet number="0">10</wcet>
            <wcet number="1">60</wcet>
            <maxpow number="0.5678148870207312"/>
            <maxpow number="0.5678148870207312"/>
            <fprob>0.0</fprob>
        </actor>
        <actor name="D0N35">
            <wcet number="0">40</wcet>
            <wcet number="1">50</wcet>
            <maxpow number="0.5106986671941294"/>
            <maxpow number="0.5106986671941294"/>
            <fprob>0.0</fprob>
        </actor>
        <actor name="D0N42">
            <wcet number="0">10</wcet>
            <wcet number="1">10</wcet>
            <maxpow number="0.520029674764783"/>
            <maxpow number="0.520029674764783"/>
            <fprob>0.0</fprob>
        </actor>
        <actor name="D0N43">
            <wcet number="0">10</wcet>
            <wcet number="1">10</wcet>
            <maxpow number="0.42865433225911065"/>
            <maxpow number="0.42865433225911065"/>
            <fprob>0.0</fprob>
        </actor>
        <actor name="D0N3">
            <wcet number="0">50</wcet>
            <wcet number="1">50</wcet>
            <maxpow number="0.4083552353849338"/>
            <maxpow number="0.4083552353849338"/>
            <fprob>0.0</fprob>
        </actor>
        <actor name="D0N44">
            <wcet number="0">20</wcet>
            <wcet number="1">40</wcet>
            <maxpow number="0.5156587543015889"/>
            <maxpow number="0.5156587543015889"/>
            <fprob>0.0</fprob>
        </actor>
        <actor name="D0N1">
            <wcet number="0">10</wcet>
            <wcet number="1">10</wcet>
            <maxpow number="0.7891596040667237"/>
            <maxpow number="0.7891596040667237"/>
            <fprob>0.0</fprob>
        </actor>
        <actor name="D0N21">
            <wcet number="0">20</wcet>
            <wcet number="1">40</wcet>
            <maxpow number="0.6817200956095425"/>
            <maxpow number="0.6817200956095425"/>
            <fprob>0.0</fprob>
        </actor>
        <actor name="D0N26">
            <wcet number="0">60</wcet>
            <wcet number="1">60</wcet>
            <maxpow number="0.6833340918270541"/>
            <maxpow number="0.6833340918270541"/>
            <fprob>0.0</fprob>
        </actor>
        <actor name="D0N25">
            <wcet number="0">30</wcet>
            <wcet number="1">80</wcet>
            <maxpow number="1.0879419515358095"/>
            <maxpow number="1.0879419515358095"/>
            <fprob>0.0</fprob>
        </actor>
        <actor name="D0N5">
            <wcet number="0">30</wcet>
            <wcet number="1">30</wcet>
            <maxpow number="0.5066318022161866"/>
            <maxpow number="0.5066318022161866"/>
            <fprob>0.0</fprob>
        </actor>
        <actor name="D0N18">
            <wcet number="0">10</wcet>
            <wcet number="1">10</wcet>
            <maxpow number="0.7666144875337988"/>
            <maxpow number="0.7666144875337988"/>
            <fprob>0.0</fprob>
        </actor>
        <actor name="D0N24">
            <wcet number="0">80</wcet>
            <wcet number="1">130</wcet>
            <maxpow number="0.5857049951247221"/>
            <maxpow number="0.5857049951247221"/>
            <fprob>0.0</fprob>
        </actor>
        <ports>
            <port dstActor="D0N29" name="p0" srcActor="D0N7"/>
            <port dstActor="D0N39" name="p1" srcActor="D0N4"/>
            <port dstActor="D0N42" name="p2" srcActor="D0N4"/>
            <port dstActor="D0N28" name="p3" srcActor="D0N4"/>
            <port dstActor="D0N10" name="p4" srcActor="D0N4"/>
            <port dstActor="D0N34" name="p5" srcActor="D0N19"/>
            <port dstActor="D0N36" name="p6" srcActor="D0N19"/>
            <port dstActor="D0N38" name="p7" srcActor="D0N19"/>
            <port dstActor="D0N40" name="p8" srcActor="D0N19"/>
            <port dstActor="D0N35" name="p9" srcActor="D0N33"/>
            <port dstActor="D0N46" name="p10" srcActor="D0N33"/>
            <port dstActor="D0N34" name="p11" srcActor="D0N29"/>
            <port dstActor="D0N16" name="p12" srcActor="D0N0"/>
            <port dstActor="D0N20" name="p13" srcActor="D0N0"/>
            <port dstActor="D0N37" name="p14" srcActor="D0N0"/>
            <port dstActor="D0N31" name="p15" srcActor="D0N0"/>
            <port dstActor="D0N14" name="p16" srcActor="D0N11"/>
            <port dstActor="D0N21" name="p17" srcActor="D0N11"/>
            <port dstActor="D0N19" name="p18" srcActor="D0N11"/>
            <port dstActor="D0N31" name="p19" srcActor="D0N11"/>
            <port dstActor="D0N23" name="p20" srcActor="D0N11"/>
            <port dstActor="D0N31" name="p21" srcActor="D0N2"/>
            <port dstActor="D0N10" name="p22" srcActor="D0N2"/>
            <port dstActor="D0N23" name="p23" srcActor="D0N2"/>
            <port dstActor="D0N45" name="p24" srcActor="D0N39"/>
            <port dstActor="D0N26" name="p25" srcActor="D0N23"/>
            <port dstActor="D0N39" name="p26" srcActor="D0N23"/>
            <port dstActor="D0N24" name="p27" srcActor="D0N23"/>
            <port dstActor="D0N28" name="p28" srcActor="D0N23"/>
            <port dstActor="D0N23" name="p29" srcActor="D0N13"/>
            <port dstActor="D0N19" name="p30" srcActor="D0N13"/>
            <port dstActor="D0N42" name="p31" srcActor="D0N13"/>
            <port dstActor="D0N38" name="p32" srcActor="D0N36"/>
            <port dstActor="D0N45" name="p33" srcActor="D0N34"/>
            <port dstActor="D0N42" name="p34" srcActor="D0N34"/>
            <port dstActor="D0N41" name="p35" srcActor="D0N34"/>
            <port dstActor="D0N17" name="p36" srcActor="D0N16"/>
            <port dstActor="D0N26" name="p37" srcActor="D0N16"/>
            <port dstActor="D0N29" name="p38" srcActor="D0N16"/>
            <port dstActor="D0N18" name="p39" srcActor="D0N16"/>
            <port dstActor="D0N30" name="p40" srcActor="D0N16"/>
            <port dstActor="D0N42" name="p41" srcActor="D0N9"/>
            <port dstActor="D0N12" name="p42" srcActor="D0N9"/>
            <port dstActor="D0N11" name="p43" srcActor="D0N9"/>
            <port dstActor="D0N45" name="p44" srcActor="D0N38"/>
            <port dstActor="D0N41" name="p45" srcActor="D0N38"/>
            <port dstActor="D0N40" name="p46" srcActor="D0N22"/>
            <port dstActor="D0N46" name="p47" srcActor="D0N22"/>
            <port dstActor="D0N39" name="p48" srcActor="D0N22"/>
            <port dstActor="D0N35" name="p49" srcActor="D0N22"/>
            <port dstActor="D0N26" name="p50" srcActor="D0N14"/>
            <port dstActor="D0N34" name="p51" srcActor="D0N14"/>
            <port dstActor="D0N39" name="p52" srcActor="D0N14"/>
            <port dstActor="D0N44" name="p53" srcActor="D0N14"/>
            <port dstActor="D0N24" name="p54" srcActor="D0N12"/>
            <port dstActor="D0N42" name="p55" srcActor="D0N12"/>
            <port dstActor="D0N18" name="p56" srcActor="D0N12"/>
            <port dstActor="D0N38" name="p57" srcActor="D0N12"/>
            <port dstActor="D0N44" name="p58" srcActor="D0N41"/>
            <port dstActor="D0N42" name="p59" srcActor="D0N41"/>
            <port dstActor="D0N46" name="p60" srcActor="D0N41"/>
            <port dstActor="D0N12" name="p61" srcActor="D0N10"/>
            <port dstActor="D0N32" name="p62" srcActor="D0N10"/>
            <port dstActor="D0N46" name="p63" srcActor="D0N10"/>
            <port dstActor="D0N37" name="p64" srcActor="D0N10"/>
            <port dstActor="D0N13" name="p65" srcActor="D0N10"/>
            <port dstActor="D0N45" name="p66" srcActor="D0N10"/>
            <port dstActor="D0N9" name="p67" srcActor="D0N8"/>
            <port dstActor="D0N10" name="p68" srcActor="D0N8"/>
            <port dstActor="D0N39" name="p69" srcActor="D0N8"/>
            <port dstActor="D0N21" name="p70" srcActor="D0N8"/>
            <port dstActor="D0N37" name="p71" srcActor="D0N28"/>
            <port dstActor="D0N31" name="p72" srcActor="D0N28"/>
            <port dstActor="D0N37" name="p73" srcActor="D0N20"/>
            <port dstActor="D0N28" name="p74" srcActor="D0N20"/>
            <port dstActor="D0N30" name="p75" srcActor="D0N20"/>
            <port dstActor="D0N36" name="p76" srcActor="D0N20"/>
            <port dstActor="D0N41" name="p77" srcActor="D0N20"/>
            <port dstActor="D0N34" name="p78" srcActor="D0N20"/>
            <port dstActor="D0N30" name="p79" srcActor="D0N17"/>
            <port dstActor="D0N34" name="p80" srcActor="D0N17"/>
            <port dstActor="D0N32" name="p81" srcActor="D0N30"/>
            <port dstActor="D0N40" name="p82" srcActor="D0N30"/>
            <port dstActor="D0N38" name="p83" srcActor="D0N30"/>
            <port dstActor="D0N25" name="p84" srcActor="D0N6"/>
            <port dstActor="D0N30" name="p85" srcActor="D0N6"/>
            <port dstActor="D0N42" name="p86" srcActor="D0N6"/>
            <port dstActor="D0N21" name="p87" srcActor="D0N6"/>
            <port dstActor="D0N27" name="p88" srcActor="D0N6"/>
            <port dstActor="D0N43" name="p89" srcActor="D0N6"/>
            <port dstActor="D0N10" name="p90" srcActor="D0N6"/>
            <port dstActor="D0N25" name="p91" srcActor="D0N15"/>
            <port dstActor="D0N36" name="p92" srcActor="D0N15"/>
            <port dstActor="D0N26" name="p93" srcActor="D0N15"/>
            <port dstActor="D0N34" name="p94" srcActor="D0N15"/>
            <port dstActor="D0N27" name="p95" srcActor="D0N15"/>
            <port dstActor="D0N41" name="p96" srcActor="D0N40"/>
            <port dstActor="D0N42" name="p97" srcActor="D0N37"/>
            <port dstActor="D0N43" name="p98" srcActor="D0N42"/>
            <port dstActor="D0N44" name="p99" srcActor="D0N43"/>
            <port dstActor="D0N38" name="p100" srcActor="D0N3"/>
            <port dstActor="D0N32" name="p101" srcActor="D0N3"/>
            <port dstActor="D0N24" name="p102" srcActor="D0N3"/>
            <port dstActor="D0N35" name="p103" srcActor="D0N3"/>
            <port dstActor="D0N31" name="p104" srcActor="D0N3"/>
            <port dstActor="D0N17" name="p105" srcActor="D0N3"/>
            <port dstActor="D0N21" name="p106" srcActor="D0N1"/>
            <port dstActor="D0N14" name="p107" srcActor="D0N1"/>
            <port dstActor="D0N44" name="p108" srcActor="D0N1"/>
            <port dstActor="D0N12" name="p109" srcActor="D0N1"/>
            <port dstActor="D0N42" name="p110" srcActor="D0N21"/>
            <port dstActor="D0N40" name="p111" srcActor="D0N21"/>
            <port dstActor="D0N31" name="p112" srcActor="D0N21"/>
            <port dstActor="D0N29" name="p113" srcActor="D0N26"/>
            <port dstActor="D0N33" name="p114" srcActor="D0N26"/>
            <port dstActor="D0N34" name="p115" srcActor="D0N25"/>
            <port dstActor="D0N9" name="p116" srcActor="D0N5"/>
            <port dstActor="D0N41" name="p117" srcActor="D0N5"/>
            <port dstActor="D0N39" name="p118" srcActor="D0N18"/>
            <port dstActor="D0N19" name="p119" srcActor="D0N18"/>
            <port dstActor="D0N32" name="p120" srcActor="D0N18"/>
            <port dstActor="D0N32" name="p121" srcActor="D0N24"/>
        </ports>
    </mcdag>
    <cores number="3"/>
    <levels number="2"/>
</mcsystem>
