<?xml version="1.0" encoding="UTF-8" standalone="no"?>
<mcsystem>
    <mcdag deadline="1800" name="genned-0-ed-10.0-0">
        <actor name="D0N6">
            <wcet number="0">100</wcet>
            <wcet number="1">120</wcet>
            <maxpow number="0.4981737444042642"/>
            <maxpow number="0.4981737444042642"/>
            <fprob>0.0</fprob>
        </actor>
        <actor name="D0N41">
            <wcet number="0">10</wcet>
            <wcet number="1">20</wcet>
            <maxpow number="0.36996212632302783"/>
            <maxpow number="0.36996212632302783"/>
            <fprob>0.0</fprob>
        </actor>
        <actor name="D0N10">
            <wcet number="0">10</wcet>
            <wcet number="1">20</wcet>
            <maxpow number="0.5658465382189269"/>
            <maxpow number="0.5658465382189269"/>
            <fprob>0.0</fprob>
        </actor>
        <actor name="D0N32">
            <wcet number="0">150</wcet>
            <wcet number="1">150</wcet>
            <maxpow number="0.6718262079979223"/>
            <maxpow number="0.6718262079979223"/>
            <fprob>0.0</fprob>
        </actor>
        <actor name="D0N4">
            <wcet number="0">10</wcet>
            <wcet number="1">20</wcet>
            <maxpow number="0.60257515765623"/>
            <maxpow number="0.60257515765623"/>
            <fprob>0.0</fprob>
        </actor>
        <actor name="D0N26">
            <wcet number="0">20</wcet>
            <wcet number="1">30</wcet>
            <maxpow number="0.4899722308455808"/>
            <maxpow number="0.4899722308455808"/>
            <fprob>0.0</fprob>
        </actor>
        <actor name="D0N40">
            <wcet number="0">10</wcet>
            <wcet number="1">60</wcet>
            <maxpow number="0.6413531794207911"/>
            <maxpow number="0.6413531794207911"/>
            <fprob>0.0</fprob>
        </actor>
        <actor name="D0N38">
            <wcet number="0">70</wcet>
            <wcet number="1">120</wcet>
            <maxpow number="0.5463580254771955"/>
            <maxpow number="0.5463580254771955"/>
            <fprob>0.0</fprob>
        </actor>
        <actor name="D0N5">
            <wcet number="0">150</wcet>
            <wcet number="1">150</wcet>
            <maxpow number="0.6123647037251554"/>
            <maxpow number="0.6123647037251554"/>
            <fprob>0.0</fprob>
        </actor>
        <actor name="D0N44">
            <wcet number="0">90</wcet>
            <wcet number="1">110</wcet>
            <maxpow number="0.26876582850217356"/>
            <maxpow number="0.26876582850217356"/>
            <fprob>0.0</fprob>
        </actor>
        <actor name="D0N25">
            <wcet number="0">60</wcet>
            <wcet number="1">80</wcet>
            <maxpow number="0.5265952065771091"/>
            <maxpow number="0.5265952065771091"/>
            <fprob>0.0</fprob>
        </actor>
        <actor name="D0N33">
            <wcet number="0">10</wcet>
            <wcet number="1">20</wcet>
            <maxpow number="0.30441019828876276"/>
            <maxpow number="0.30441019828876276"/>
            <fprob>0.0</fprob>
        </actor>
        <actor name="D0N11">
            <wcet number="0">80</wcet>
            <wcet number="1">130</wcet>
            <maxpow number="0.47150115302655765"/>
            <maxpow number="0.47150115302655765"/>
            <fprob>0.0</fprob>
        </actor>
        <actor name="D0N37">
            <wcet number="0">10</wcet>
            <wcet number="1">10</wcet>
            <maxpow number="0.48731966892369605"/>
            <maxpow number="0.48731966892369605"/>
            <fprob>0.0</fprob>
        </actor>
        <actor name="D0N30">
            <wcet number="0">30</wcet>
            <wcet number="1">70</wcet>
            <maxpow number="0.39738978116352935"/>
            <maxpow number="0.39738978116352935"/>
            <fprob>0.0</fprob>
        </actor>
        <actor name="D0N28">
            <wcet number="0">30</wcet>
            <wcet number="1">80</wcet>
            <maxpow number="0.6420447252067801"/>
            <maxpow number="0.6420447252067801"/>
            <fprob>0.0</fprob>
        </actor>
        <actor name="D0N47">
            <wcet number="0">130</wcet>
            <wcet number="1">180</wcet>
            <maxpow number="0.3506343104455175"/>
            <maxpow number="0.3506343104455175"/>
            <fprob>0.0</fprob>
        </actor>
        <actor name="D0N0">
            <wcet number="0">50</wcet>
            <wcet number="1">60</wcet>
            <maxpow number="0.22668551078927468"/>
            <maxpow number="0.22668551078927468"/>
            <fprob>0.0</fprob>
        </actor>
        <actor name="D0N49">
            <wcet number="0">10</wcet>
            <wcet number="1">30</wcet>
            <maxpow number="0.7435375383128928"/>
            <maxpow number="0.7435375383128928"/>
            <fprob>0.0</fprob>
        </actor>
        <actor name="D0N7">
            <wcet number="0">20</wcet>
            <wcet number="1">40</wcet>
            <maxpow number="0.2772897090047641"/>
            <maxpow number="0.2772897090047641"/>
            <fprob>0.0</fprob>
        </actor>
        <actor name="D0N39">
            <wcet number="0">40</wcet>
            <wcet number="1">50</wcet>
            <maxpow number="0.5897233048115684"/>
            <maxpow number="0.5897233048115684"/>
            <fprob>0.0</fprob>
        </actor>
        <actor name="D0N2">
            <wcet number="0">20</wcet>
            <wcet number="1">50</wcet>
            <maxpow number="0.49945456614151545"/>
            <maxpow number="0.49945456614151545"/>
            <fprob>0.0</fprob>
        </actor>
        <actor name="D0N20">
            <wcet number="0">130</wcet>
            <wcet number="1">160</wcet>
            <maxpow number="0.5550272786084465"/>
            <maxpow number="0.5550272786084465"/>
            <fprob>0.0</fprob>
        </actor>
        <actor name="D0N8">
            <wcet number="0">20</wcet>
            <wcet number="1">60</wcet>
            <maxpow number="0.7613624200482314"/>
            <maxpow number="0.7613624200482314"/>
            <fprob>0.0</fprob>
        </actor>
        <actor name="D0N14">
            <wcet number="0">20</wcet>
            <wcet number="1">30</wcet>
            <maxpow number="0.4402297316587701"/>
            <maxpow number="0.4402297316587701"/>
            <fprob>0.0</fprob>
        </actor>
        <actor name="D0N1">
            <wcet number="0">20</wcet>
            <wcet number="1">100</wcet>
            <maxpow number="0.5847337598401846"/>
            <maxpow number="0.5847337598401846"/>
            <fprob>0.0</fprob>
        </actor>
        <actor name="D0N16">
            <wcet number="0">30</wcet>
            <wcet number="1">40</wcet>
            <maxpow number="0.5679667097354458"/>
            <maxpow number="0.5679667097354458"/>
            <fprob>0.0</fprob>
        </actor>
        <actor name="D0N36">
            <wcet number="0">10</wcet>
            <wcet number="1">10</wcet>
            <maxpow number="0.6593770919749752"/>
            <maxpow number="0.6593770919749752"/>
            <fprob>0.0</fprob>
        </actor>
        <actor name="D0N3">
            <wcet number="0">30</wcet>
            <wcet number="1">130</wcet>
            <maxpow number="0.7622539027211114"/>
            <maxpow number="0.7622539027211114"/>
            <fprob>0.0</fprob>
        </actor>
        <actor name="D0N24">
            <wcet number="0">40</wcet>
            <wcet number="1">40</wcet>
            <maxpow number="0.5882352455232771"/>
            <maxpow number="0.5882352455232771"/>
            <fprob>0.0</fprob>
        </actor>
        <actor name="D0N34">
            <wcet number="0">30</wcet>
            <wcet number="1">70</wcet>
            <maxpow number="0.5252222843749874"/>
            <maxpow number="0.5252222843749874"/>
            <fprob>0.0</fprob>
        </actor>
        <actor name="D0N18">
            <wcet number="0">30</wcet>
            <wcet number="1">50</wcet>
            <maxpow number="0.3061002477123965"/>
            <maxpow number="0.3061002477123965"/>
            <fprob>0.0</fprob>
        </actor>
        <actor name="D0N21">
            <wcet number="0">80</wcet>
            <wcet number="1">120</wcet>
            <maxpow number="0.551287010561175"/>
            <maxpow number="0.551287010561175"/>
            <fprob>0.0</fprob>
        </actor>
        <actor name="D0N22">
            <wcet number="0">30</wcet>
            <wcet number="1">30</wcet>
            <maxpow number="0.45324005261781275"/>
            <maxpow number="0.45324005261781275"/>
            <fprob>0.0</fprob>
        </actor>
        <actor name="D0N19">
            <wcet number="0">30</wcet>
            <wcet number="1">150</wcet>
            <maxpow number="0.8207815751372696"/>
            <maxpow number="0.8207815751372696"/>
            <fprob>0.0</fprob>
        </actor>
        <actor name="D0N48">
            <wcet number="0">140</wcet>
            <wcet number="1">340</wcet>
            <maxpow number="0.601960112221775"/>
            <maxpow number="0.601960112221775"/>
            <fprob>0.0</fprob>
        </actor>
        <actor name="D0N23">
            <wcet number="0">120</wcet>
            <wcet number="1">140</wcet>
            <maxpow number="0.614855167108048"/>
            <maxpow number="0.614855167108048"/>
            <fprob>0.0</fprob>
        </actor>
        <actor name="D0N13">
            <wcet number="0">40</wcet>
            <wcet number="1">130</wcet>
            <maxpow number="0.9240457955876404"/>
            <maxpow number="0.9240457955876404"/>
            <fprob>0.0</fprob>
        </actor>
        <actor name="D0N46">
            <wcet number="0">50</wcet>
            <wcet number="1">180</wcet>
            <maxpow number="0.14088083437309828"/>
            <maxpow number="0.14088083437309828"/>
            <fprob>0.0</fprob>
        </actor>
        <actor name="D0N17">
            <wcet number="0">20</wcet>
            <wcet number="1">290</wcet>
            <maxpow number="0.4276518465733639"/>
            <maxpow number="0.4276518465733639"/>
            <fprob>0.0</fprob>
        </actor>
        <actor name="D0N12">
            <wcet number="0">50</wcet>
            <wcet number="1">100</wcet>
            <maxpow number="0.7179827168270443"/>
            <maxpow number="0.7179827168270443"/>
            <fprob>0.0</fprob>
        </actor>
        <actor name="D0N43">
            <wcet number="0">30</wcet>
            <wcet number="1">50</wcet>
            <maxpow number="0.6065778247200885"/>
            <maxpow number="0.6065778247200885"/>
            <fprob>0.0</fprob>
        </actor>
        <actor name="D0N35">
            <wcet number="0">190</wcet>
            <wcet number="1">230</wcet>
            <maxpow number="0.7739776874547734"/>
            <maxpow number="0.7739776874547734"/>
            <fprob>0.0</fprob>
        </actor>
        <actor name="D0N42">
            <wcet number="0">90</wcet>
            <wcet number="1">90</wcet>
            <maxpow number="0.6057565203908616"/>
            <maxpow number="0.6057565203908616"/>
            <fprob>0.0</fprob>
        </actor>
        <actor name="D0N31">
            <wcet number="0">10</wcet>
            <wcet number="1">10</wcet>
            <maxpow number="0.678115507071587"/>
            <maxpow number="0.678115507071587"/>
            <fprob>0.0</fprob>
        </actor>
        <actor name="D0N15">
            <wcet number="0">40</wcet>
            <wcet number="1">120</wcet>
            <maxpow number="0.565913329206642"/>
            <maxpow number="0.565913329206642"/>
            <fprob>0.0</fprob>
        </actor>
        <actor name="D0N27">
            <wcet number="0">40</wcet>
            <wcet number="1">60</wcet>
            <maxpow number="0.34456212820208393"/>
            <maxpow number="0.34456212820208393"/>
            <fprob>0.0</fprob>
        </actor>
        <actor name="D0N9">
            <wcet number="0">20</wcet>
            <wcet number="1">20</wcet>
            <maxpow number="0.4590604083755036"/>
            <maxpow number="0.4590604083755036"/>
            <fprob>0.0</fprob>
        </actor>
        <actor name="D0N45">
            <wcet number="0">60</wcet>
            <wcet number="1">70</wcet>
            <maxpow number="0.42614889208848605"/>
            <maxpow number="0.42614889208848605"/>
            <fprob>0.0</fprob>
        </actor>
        <actor name="D0N29">
            <wcet number="0">70</wcet>
            <wcet number="1">80</wcet>
            <maxpow number="0.569383680223802"/>
            <maxpow number="0.569383680223802"/>
            <fprob>0.0</fprob>
        </actor>
        <ports>
            <port dstActor="D0N19" name="p0" srcActor="D0N6"/>
            <port dstActor="D0N22" name="p1" srcActor="D0N6"/>
            <port dstActor="D0N28" name="p2" srcActor="D0N6"/>
            <port dstActor="D0N47" name="p3" srcActor="D0N6"/>
            <port dstActor="D0N42" name="p4" srcActor="D0N6"/>
            <port dstActor="D0N48" name="p5" srcActor="D0N41"/>
            <port dstActor="D0N30" name="p6" srcActor="D0N10"/>
            <port dstActor="D0N46" name="p7" srcActor="D0N32"/>
            <port dstActor="D0N44" name="p8" srcActor="D0N32"/>
            <port dstActor="D0N29" name="p9" srcActor="D0N4"/>
            <port dstActor="D0N19" name="p10" srcActor="D0N4"/>
            <port dstActor="D0N42" name="p11" srcActor="D0N4"/>
            <port dstActor="D0N41" name="p12" srcActor="D0N4"/>
            <port dstActor="D0N40" name="p13" srcActor="D0N4"/>
            <port dstActor="D0N23" name="p14" srcActor="D0N4"/>
            <port dstActor="D0N43" name="p15" srcActor="D0N26"/>
            <port dstActor="D0N33" name="p16" srcActor="D0N26"/>
            <port dstActor="D0N46" name="p17" srcActor="D0N40"/>
            <port dstActor="D0N24" name="p18" srcActor="D0N5"/>
            <port dstActor="D0N47" name="p19" srcActor="D0N5"/>
            <port dstActor="D0N47" name="p20" srcActor="D0N44"/>
            <port dstActor="D0N41" name="p21" srcActor="D0N25"/>
            <port dstActor="D0N31" name="p22" srcActor="D0N25"/>
            <port dstActor="D0N29" name="p23" srcActor="D0N25"/>
            <port dstActor="D0N34" name="p24" srcActor="D0N25"/>
            <port dstActor="D0N26" name="p25" srcActor="D0N25"/>
            <port dstActor="D0N43" name="p26" srcActor="D0N25"/>
            <port dstActor="D0N42" name="p27" srcActor="D0N33"/>
            <port dstActor="D0N39" name="p28" srcActor="D0N37"/>
            <port dstActor="D0N43" name="p29" srcActor="D0N37"/>
            <port dstActor="D0N42" name="p30" srcActor="D0N28"/>
            <port dstActor="D0N31" name="p31" srcActor="D0N28"/>
            <port dstActor="D0N38" name="p32" srcActor="D0N28"/>
            <port dstActor="D0N27" name="p33" srcActor="D0N0"/>
            <port dstActor="D0N35" name="p34" srcActor="D0N0"/>
            <port dstActor="D0N43" name="p35" srcActor="D0N0"/>
            <port dstActor="D0N33" name="p36" srcActor="D0N0"/>
            <port dstActor="D0N40" name="p37" srcActor="D0N7"/>
            <port dstActor="D0N26" name="p38" srcActor="D0N7"/>
            <port dstActor="D0N15" name="p39" srcActor="D0N7"/>
            <port dstActor="D0N28" name="p40" srcActor="D0N7"/>
            <port dstActor="D0N39" name="p41" srcActor="D0N7"/>
            <port dstActor="D0N31" name="p42" srcActor="D0N7"/>
            <port dstActor="D0N25" name="p43" srcActor="D0N2"/>
            <port dstActor="D0N8" name="p44" srcActor="D0N2"/>
            <port dstActor="D0N47" name="p45" srcActor="D0N2"/>
            <port dstActor="D0N43" name="p46" srcActor="D0N2"/>
            <port dstActor="D0N23" name="p47" srcActor="D0N20"/>
            <port dstActor="D0N11" name="p48" srcActor="D0N8"/>
            <port dstActor="D0N12" name="p49" srcActor="D0N8"/>
            <port dstActor="D0N10" name="p50" srcActor="D0N8"/>
            <port dstActor="D0N19" name="p51" srcActor="D0N14"/>
            <port dstActor="D0N27" name="p52" srcActor="D0N14"/>
            <port dstActor="D0N30" name="p53" srcActor="D0N14"/>
            <port dstActor="D0N35" name="p54" srcActor="D0N1"/>
            <port dstActor="D0N6" name="p55" srcActor="D0N1"/>
            <port dstActor="D0N21" name="p56" srcActor="D0N1"/>
            <port dstActor="D0N32" name="p57" srcActor="D0N1"/>
            <port dstActor="D0N14" name="p58" srcActor="D0N1"/>
            <port dstActor="D0N16" name="p59" srcActor="D0N1"/>
            <port dstActor="D0N24" name="p60" srcActor="D0N1"/>
            <port dstActor="D0N32" name="p61" srcActor="D0N16"/>
            <port dstActor="D0N18" name="p62" srcActor="D0N16"/>
            <port dstActor="D0N21" name="p63" srcActor="D0N16"/>
            <port dstActor="D0N29" name="p64" srcActor="D0N16"/>
            <port dstActor="D0N42" name="p65" srcActor="D0N36"/>
            <port dstActor="D0N5" name="p66" srcActor="D0N3"/>
            <port dstActor="D0N35" name="p67" srcActor="D0N3"/>
            <port dstActor="D0N15" name="p68" srcActor="D0N3"/>
            <port dstActor="D0N18" name="p69" srcActor="D0N3"/>
            <port dstActor="D0N22" name="p70" srcActor="D0N3"/>
            <port dstActor="D0N31" name="p71" srcActor="D0N24"/>
            <port dstActor="D0N34" name="p72" srcActor="D0N24"/>
            <port dstActor="D0N39" name="p73" srcActor="D0N24"/>
            <port dstActor="D0N37" name="p74" srcActor="D0N24"/>
            <port dstActor="D0N29" name="p75" srcActor="D0N24"/>
            <port dstActor="D0N41" name="p76" srcActor="D0N34"/>
            <port dstActor="D0N23" name="p77" srcActor="D0N18"/>
            <port dstActor="D0N46" name="p78" srcActor="D0N18"/>
            <port dstActor="D0N43" name="p79" srcActor="D0N18"/>
            <port dstActor="D0N24" name="p80" srcActor="D0N21"/>
            <port dstActor="D0N46" name="p81" srcActor="D0N21"/>
            <port dstActor="D0N34" name="p82" srcActor="D0N21"/>
            <port dstActor="D0N24" name="p83" srcActor="D0N22"/>
            <port dstActor="D0N29" name="p84" srcActor="D0N22"/>
            <port dstActor="D0N43" name="p85" srcActor="D0N19"/>
            <port dstActor="D0N48" name="p86" srcActor="D0N19"/>
            <port dstActor="D0N24" name="p87" srcActor="D0N19"/>
            <port dstActor="D0N49" name="p88" srcActor="D0N19"/>
            <port dstActor="D0N27" name="p89" srcActor="D0N19"/>
            <port dstActor="D0N23" name="p90" srcActor="D0N19"/>
            <port dstActor="D0N31" name="p91" srcActor="D0N23"/>
            <port dstActor="D0N44" name="p92" srcActor="D0N13"/>
            <port dstActor="D0N15" name="p93" srcActor="D0N13"/>
            <port dstActor="D0N18" name="p94" srcActor="D0N13"/>
            <port dstActor="D0N28" name="p95" srcActor="D0N13"/>
            <port dstActor="D0N37" name="p96" srcActor="D0N13"/>
            <port dstActor="D0N40" name="p97" srcActor="D0N13"/>
            <port dstActor="D0N49" name="p98" srcActor="D0N46"/>
            <port dstActor="D0N27" name="p99" srcActor="D0N17"/>
            <port dstActor="D0N43" name="p100" srcActor="D0N17"/>
            <port dstActor="D0N38" name="p101" srcActor="D0N12"/>
            <port dstActor="D0N45" name="p102" srcActor="D0N12"/>
            <port dstActor="D0N28" name="p103" srcActor="D0N12"/>
            <port dstActor="D0N20" name="p104" srcActor="D0N12"/>
            <port dstActor="D0N49" name="p105" srcActor="D0N43"/>
            <port dstActor="D0N46" name="p106" srcActor="D0N35"/>
            <port dstActor="D0N42" name="p107" srcActor="D0N35"/>
            <port dstActor="D0N43" name="p108" srcActor="D0N35"/>
            <port dstActor="D0N49" name="p109" srcActor="D0N42"/>
            <port dstActor="D0N45" name="p110" srcActor="D0N31"/>
            <port dstActor="D0N26" name="p111" srcActor="D0N15"/>
            <port dstActor="D0N33" name="p112" srcActor="D0N15"/>
            <port dstActor="D0N48" name="p113" srcActor="D0N15"/>
            <port dstActor="D0N39" name="p114" srcActor="D0N15"/>
            <port dstActor="D0N42" name="p115" srcActor="D0N15"/>
            <port dstActor="D0N45" name="p116" srcActor="D0N27"/>
            <port dstActor="D0N38" name="p117" srcActor="D0N27"/>
            <port dstActor="D0N15" name="p118" srcActor="D0N9"/>
            <port dstActor="D0N17" name="p119" srcActor="D0N9"/>
            <port dstActor="D0N13" name="p120" srcActor="D0N9"/>
            <port dstActor="D0N37" name="p121" srcActor="D0N9"/>
            <port dstActor="D0N48" name="p122" srcActor="D0N45"/>
            <port dstActor="D0N40" name="p123" srcActor="D0N29"/>
            <port dstActor="D0N37" name="p124" srcActor="D0N29"/>
        </ports>
    </mcdag>
    <cores number="3"/>
    <levels number="2"/>
</mcsystem>
