<?xml version="1.0" encoding="UTF-8" standalone="no"?>
<mcsystem>
    <mcdag deadline="2200" name="genned-0-ed-10.0-0">
        <actor name="D0N34">
            <wcet number="0">20</wcet>
            <wcet number="1">60</wcet>
            <maxpow number="0.4457447370580391"/>
            <maxpow number="0.4457447370580391"/>
            <fprob>0.0</fprob>
        </actor>
        <actor name="D0N1">
            <wcet number="0">160</wcet>
            <wcet number="1">280</wcet>
            <maxpow number="0.4428352568549333"/>
            <maxpow number="0.4428352568549333"/>
            <fprob>0.0</fprob>
        </actor>
        <actor name="D0N3">
            <wcet number="0">90</wcet>
            <wcet number="1">110</wcet>
            <maxpow number="0.6086496274564922"/>
            <maxpow number="0.6086496274564922"/>
            <fprob>0.0</fprob>
        </actor>
        <actor name="D0N38">
            <wcet number="0">30</wcet>
            <wcet number="1">80</wcet>
            <maxpow number="0.3433422848801428"/>
            <maxpow number="0.3433422848801428"/>
            <fprob>0.0</fprob>
        </actor>
        <actor name="D0N30">
            <wcet number="0">30</wcet>
            <wcet number="1">50</wcet>
            <maxpow number="0.5028792971344599"/>
            <maxpow number="0.5028792971344599"/>
            <fprob>0.0</fprob>
        </actor>
        <actor name="D0N12">
            <wcet number="0">60</wcet>
            <wcet number="1">60</wcet>
            <maxpow number="0.794337051326665"/>
            <maxpow number="0.794337051326665"/>
            <fprob>0.0</fprob>
        </actor>
        <actor name="D0N29">
            <wcet number="0">10</wcet>
            <wcet number="1">50</wcet>
            <maxpow number="0.5126841475377832"/>
            <maxpow number="0.5126841475377832"/>
            <fprob>0.0</fprob>
        </actor>
        <actor name="D0N8">
            <wcet number="0">10</wcet>
            <wcet number="1">10</wcet>
            <maxpow number="0.5173103414608711"/>
            <maxpow number="0.5173103414608711"/>
            <fprob>0.0</fprob>
        </actor>
        <actor name="D0N45">
            <wcet number="0">40</wcet>
            <wcet number="1">50</wcet>
            <maxpow number="0.48824312806890147"/>
            <maxpow number="0.48824312806890147"/>
            <fprob>0.0</fprob>
        </actor>
        <actor name="D0N31">
            <wcet number="0">20</wcet>
            <wcet number="1">310</wcet>
            <maxpow number="0.4621881077308438"/>
            <maxpow number="0.4621881077308438"/>
            <fprob>0.0</fprob>
        </actor>
        <actor name="D0N6">
            <wcet number="0">20</wcet>
            <wcet number="1">80</wcet>
            <maxpow number="0.9849995988456888"/>
            <maxpow number="0.9849995988456888"/>
            <fprob>0.0</fprob>
        </actor>
        <actor name="D0N39">
            <wcet number="0">200</wcet>
            <wcet number="1">230</wcet>
            <maxpow number="0.504167066509119"/>
            <maxpow number="0.504167066509119"/>
            <fprob>0.0</fprob>
        </actor>
        <actor name="D0N25">
            <wcet number="0">200</wcet>
            <wcet number="1">290</wcet>
            <maxpow number="0.7772450002149537"/>
            <maxpow number="0.7772450002149537"/>
            <fprob>0.0</fprob>
        </actor>
        <actor name="D0N4">
            <wcet number="0">20</wcet>
            <wcet number="1">50</wcet>
            <maxpow number="0.5815416475561669"/>
            <maxpow number="0.5815416475561669"/>
            <fprob>0.0</fprob>
        </actor>
        <actor name="D0N27">
            <wcet number="0">40</wcet>
            <wcet number="1">190</wcet>
            <maxpow number="0.33414444370078755"/>
            <maxpow number="0.33414444370078755"/>
            <fprob>0.0</fprob>
        </actor>
        <actor name="D0N35">
            <wcet number="0">10</wcet>
            <wcet number="1">50</wcet>
            <maxpow number="0.6846442808290033"/>
            <maxpow number="0.6846442808290033"/>
            <fprob>0.0</fprob>
        </actor>
        <actor name="D0N41">
            <wcet number="0">190</wcet>
            <wcet number="1">240</wcet>
            <maxpow number="0.5559406219493963"/>
            <maxpow number="0.5559406219493963"/>
            <fprob>0.0</fprob>
        </actor>
        <actor name="D0N0">
            <wcet number="0">20</wcet>
            <wcet number="1">150</wcet>
            <maxpow number="0.639837607724455"/>
            <maxpow number="0.639837607724455"/>
            <fprob>0.0</fprob>
        </actor>
        <actor name="D0N16">
            <wcet number="0">90</wcet>
            <wcet number="1">160</wcet>
            <maxpow number="0.30981374590098143"/>
            <maxpow number="0.30981374590098143"/>
            <fprob>0.0</fprob>
        </actor>
        <actor name="D0N17">
            <wcet number="0">20</wcet>
            <wcet number="1">30</wcet>
            <maxpow number="0.7222199798311628"/>
            <maxpow number="0.7222199798311628"/>
            <fprob>0.0</fprob>
        </actor>
        <actor name="D0N23">
            <wcet number="0">70</wcet>
            <wcet number="1">120</wcet>
            <maxpow number="0.5768908470673628"/>
            <maxpow number="0.5768908470673628"/>
            <fprob>0.0</fprob>
        </actor>
        <actor name="D0N22">
            <wcet number="0">30</wcet>
            <wcet number="1">120</wcet>
            <maxpow number="0.6693940327779414"/>
            <maxpow number="0.6693940327779414"/>
            <fprob>0.0</fprob>
        </actor>
        <actor name="D0N2">
            <wcet number="0">10</wcet>
            <wcet number="1">60</wcet>
            <maxpow number="0.743327129173982"/>
            <maxpow number="0.743327129173982"/>
            <fprob>0.0</fprob>
        </actor>
        <actor name="D0N18">
            <wcet number="0">60</wcet>
            <wcet number="1">150</wcet>
            <maxpow number="0.613511970633986"/>
            <maxpow number="0.613511970633986"/>
            <fprob>0.0</fprob>
        </actor>
        <actor name="D0N21">
            <wcet number="0">10</wcet>
            <wcet number="1">70</wcet>
            <maxpow number="0.5594807072022661"/>
            <maxpow number="0.5594807072022661"/>
            <fprob>0.0</fprob>
        </actor>
        <actor name="D0N43">
            <wcet number="0">10</wcet>
            <wcet number="1">10</wcet>
            <maxpow number="0.21582841957803406"/>
            <maxpow number="0.21582841957803406"/>
            <fprob>0.0</fprob>
        </actor>
        <actor name="D0N10">
            <wcet number="0">60</wcet>
            <wcet number="1">70</wcet>
            <maxpow number="0.3947327026669769"/>
            <maxpow number="0.3947327026669769"/>
            <fprob>0.0</fprob>
        </actor>
        <actor name="D0N24">
            <wcet number="0">20</wcet>
            <wcet number="1">120</wcet>
            <maxpow number="0.30612503696989685"/>
            <maxpow number="0.30612503696989685"/>
            <fprob>0.0</fprob>
        </actor>
        <actor name="D0N20">
            <wcet number="0">20</wcet>
            <wcet number="1">20</wcet>
            <maxpow number="0.010856641997744276"/>
            <maxpow number="0.010856641997744276"/>
            <fprob>0.0</fprob>
        </actor>
        <actor name="D0N13">
            <wcet number="0">10</wcet>
            <wcet number="1">30</wcet>
            <maxpow number="0.6317986119641632"/>
            <maxpow number="0.6317986119641632"/>
            <fprob>0.0</fprob>
        </actor>
        <actor name="D0N47">
            <wcet number="0">430</wcet>
            <wcet number="1">460</wcet>
            <maxpow number="0.7541172140114625"/>
            <maxpow number="0.7541172140114625"/>
            <fprob>0.0</fprob>
        </actor>
        <actor name="D0N36">
            <wcet number="0">10</wcet>
            <wcet number="1">20</wcet>
            <maxpow number="0.5864417554481621"/>
            <maxpow number="0.5864417554481621"/>
            <fprob>0.0</fprob>
        </actor>
        <actor name="D0N15">
            <wcet number="0">10</wcet>
            <wcet number="1">10</wcet>
            <maxpow number="0.507881381813154"/>
            <maxpow number="0.507881381813154"/>
            <fprob>0.0</fprob>
        </actor>
        <actor name="D0N11">
            <wcet number="0">10</wcet>
            <wcet number="1">20</wcet>
            <maxpow number="0.9858700949384728"/>
            <maxpow number="0.9858700949384728"/>
            <fprob>0.0</fprob>
        </actor>
        <actor name="D0N46">
            <wcet number="0">40</wcet>
            <wcet number="1">60</wcet>
            <maxpow number="0.6363358921998014"/>
            <maxpow number="0.6363358921998014"/>
            <fprob>0.0</fprob>
        </actor>
        <actor name="D0N9">
            <wcet number="0">280</wcet>
            <wcet number="1">430</wcet>
            <maxpow number="0.46789911150858293"/>
            <maxpow number="0.46789911150858293"/>
            <fprob>0.0</fprob>
        </actor>
        <actor name="D0N40">
            <wcet number="0">40</wcet>
            <wcet number="1">40</wcet>
            <maxpow number="0.3035843128787955"/>
            <maxpow number="0.3035843128787955"/>
            <fprob>0.0</fprob>
        </actor>
        <actor name="D0N7">
            <wcet number="0">20</wcet>
            <wcet number="1">20</wcet>
            <maxpow number="0.64689742131999"/>
            <maxpow number="0.64689742131999"/>
            <fprob>0.0</fprob>
        </actor>
        <actor name="D0N42">
            <wcet number="0">20</wcet>
            <wcet number="1">60</wcet>
            <maxpow number="0.3841786986938853"/>
            <maxpow number="0.3841786986938853"/>
            <fprob>0.0</fprob>
        </actor>
        <actor name="D0N19">
            <wcet number="0">80</wcet>
            <wcet number="1">140</wcet>
            <maxpow number="0.5618450899746837"/>
            <maxpow number="0.5618450899746837"/>
            <fprob>0.0</fprob>
        </actor>
        <actor name="D0N14">
            <wcet number="0">20</wcet>
            <wcet number="1">140</wcet>
            <maxpow number="0.4734396839813969"/>
            <maxpow number="0.4734396839813969"/>
            <fprob>0.0</fprob>
        </actor>
        <actor name="D0N28">
            <wcet number="0">60</wcet>
            <wcet number="1">390</wcet>
            <maxpow number="0.20675118459753716"/>
            <maxpow number="0.20675118459753716"/>
            <fprob>0.0</fprob>
        </actor>
        <actor name="D0N44">
            <wcet number="0">30</wcet>
            <wcet number="1">30</wcet>
            <maxpow number="0.23700293366910918"/>
            <maxpow number="0.23700293366910918"/>
            <fprob>0.0</fprob>
        </actor>
        <actor name="D0N33">
            <wcet number="0">380</wcet>
            <wcet number="1">510</wcet>
            <maxpow number="0.5552411651358417"/>
            <maxpow number="0.5552411651358417"/>
            <fprob>0.0</fprob>
        </actor>
        <actor name="D0N32">
            <wcet number="0">10</wcet>
            <wcet number="1">50</wcet>
            <maxpow number="0.43784133004298154"/>
            <maxpow number="0.43784133004298154"/>
            <fprob>0.0</fprob>
        </actor>
        <actor name="D0N26">
            <wcet number="0">260</wcet>
            <wcet number="1">430</wcet>
            <maxpow number="0.4504504292646951"/>
            <maxpow number="0.4504504292646951"/>
            <fprob>0.0</fprob>
        </actor>
        <actor name="D0N37">
            <wcet number="0">10</wcet>
            <wcet number="1">40</wcet>
            <maxpow number="0.694068603044343"/>
            <maxpow number="0.694068603044343"/>
            <fprob>0.0</fprob>
        </actor>
        <actor name="D0N5">
            <wcet number="0">10</wcet>
            <wcet number="1">10</wcet>
            <maxpow number="0.5680907798004557"/>
            <maxpow number="0.5680907798004557"/>
            <fprob>0.0</fprob>
        </actor>
        <ports>
            <port dstActor="D0N29" name="p0" srcActor="D0N1"/>
            <port dstActor="D0N33" name="p1" srcActor="D0N1"/>
            <port dstActor="D0N21" name="p2" srcActor="D0N1"/>
            <port dstActor="D0N13" name="p3" srcActor="D0N1"/>
            <port dstActor="D0N26" name="p4" srcActor="D0N1"/>
            <port dstActor="D0N17" name="p5" srcActor="D0N3"/>
            <port dstActor="D0N31" name="p6" srcActor="D0N3"/>
            <port dstActor="D0N31" name="p7" srcActor="D0N30"/>
            <port dstActor="D0N20" name="p8" srcActor="D0N12"/>
            <port dstActor="D0N41" name="p9" srcActor="D0N12"/>
            <port dstActor="D0N42" name="p10" srcActor="D0N12"/>
            <port dstActor="D0N22" name="p11" srcActor="D0N12"/>
            <port dstActor="D0N14" name="p12" srcActor="D0N12"/>
            <port dstActor="D0N45" name="p13" srcActor="D0N12"/>
            <port dstActor="D0N39" name="p14" srcActor="D0N29"/>
            <port dstActor="D0N33" name="p15" srcActor="D0N29"/>
            <port dstActor="D0N40" name="p16" srcActor="D0N29"/>
            <port dstActor="D0N25" name="p17" srcActor="D0N8"/>
            <port dstActor="D0N35" name="p18" srcActor="D0N8"/>
            <port dstActor="D0N47" name="p19" srcActor="D0N45"/>
            <port dstActor="D0N33" name="p20" srcActor="D0N31"/>
            <port dstActor="D0N35" name="p21" srcActor="D0N31"/>
            <port dstActor="D0N43" name="p22" srcActor="D0N31"/>
            <port dstActor="D0N38" name="p23" srcActor="D0N6"/>
            <port dstActor="D0N15" name="p24" srcActor="D0N4"/>
            <port dstActor="D0N30" name="p25" srcActor="D0N4"/>
            <port dstActor="D0N12" name="p26" srcActor="D0N4"/>
            <port dstActor="D0N31" name="p27" srcActor="D0N4"/>
            <port dstActor="D0N42" name="p28" srcActor="D0N4"/>
            <port dstActor="D0N44" name="p29" srcActor="D0N4"/>
            <port dstActor="D0N28" name="p30" srcActor="D0N4"/>
            <port dstActor="D0N17" name="p31" srcActor="D0N4"/>
            <port dstActor="D0N45" name="p32" srcActor="D0N4"/>
            <port dstActor="D0N30" name="p33" srcActor="D0N27"/>
            <port dstActor="D0N39" name="p34" srcActor="D0N27"/>
            <port dstActor="D0N46" name="p35" srcActor="D0N35"/>
            <port dstActor="D0N45" name="p36" srcActor="D0N41"/>
            <port dstActor="D0N39" name="p37" srcActor="D0N0"/>
            <port dstActor="D0N47" name="p38" srcActor="D0N0"/>
            <port dstActor="D0N36" name="p39" srcActor="D0N0"/>
            <port dstActor="D0N43" name="p40" srcActor="D0N0"/>
            <port dstActor="D0N20" name="p41" srcActor="D0N16"/>
            <port dstActor="D0N23" name="p42" srcActor="D0N16"/>
            <port dstActor="D0N31" name="p43" srcActor="D0N17"/>
            <port dstActor="D0N29" name="p44" srcActor="D0N17"/>
            <port dstActor="D0N47" name="p45" srcActor="D0N23"/>
            <port dstActor="D0N44" name="p46" srcActor="D0N22"/>
            <port dstActor="D0N34" name="p47" srcActor="D0N22"/>
            <port dstActor="D0N18" name="p48" srcActor="D0N2"/>
            <port dstActor="D0N30" name="p49" srcActor="D0N2"/>
            <port dstActor="D0N42" name="p50" srcActor="D0N2"/>
            <port dstActor="D0N36" name="p51" srcActor="D0N18"/>
            <port dstActor="D0N35" name="p52" srcActor="D0N18"/>
            <port dstActor="D0N27" name="p53" srcActor="D0N18"/>
            <port dstActor="D0N25" name="p54" srcActor="D0N21"/>
            <port dstActor="D0N37" name="p55" srcActor="D0N21"/>
            <port dstActor="D0N42" name="p56" srcActor="D0N21"/>
            <port dstActor="D0N47" name="p57" srcActor="D0N21"/>
            <port dstActor="D0N26" name="p58" srcActor="D0N21"/>
            <port dstActor="D0N29" name="p59" srcActor="D0N21"/>
            <port dstActor="D0N28" name="p60" srcActor="D0N10"/>
            <port dstActor="D0N35" name="p61" srcActor="D0N10"/>
            <port dstActor="D0N40" name="p62" srcActor="D0N10"/>
            <port dstActor="D0N27" name="p63" srcActor="D0N10"/>
            <port dstActor="D0N31" name="p64" srcActor="D0N24"/>
            <port dstActor="D0N34" name="p65" srcActor="D0N24"/>
            <port dstActor="D0N35" name="p66" srcActor="D0N24"/>
            <port dstActor="D0N47" name="p67" srcActor="D0N20"/>
            <port dstActor="D0N23" name="p68" srcActor="D0N13"/>
            <port dstActor="D0N27" name="p69" srcActor="D0N13"/>
            <port dstActor="D0N32" name="p70" srcActor="D0N13"/>
            <port dstActor="D0N14" name="p71" srcActor="D0N13"/>
            <port dstActor="D0N37" name="p72" srcActor="D0N36"/>
            <port dstActor="D0N18" name="p73" srcActor="D0N15"/>
            <port dstActor="D0N18" name="p74" srcActor="D0N11"/>
            <port dstActor="D0N38" name="p75" srcActor="D0N11"/>
            <port dstActor="D0N41" name="p76" srcActor="D0N11"/>
            <port dstActor="D0N17" name="p77" srcActor="D0N11"/>
            <port dstActor="D0N43" name="p78" srcActor="D0N9"/>
            <port dstActor="D0N39" name="p79" srcActor="D0N9"/>
            <port dstActor="D0N41" name="p80" srcActor="D0N40"/>
            <port dstActor="D0N43" name="p81" srcActor="D0N40"/>
            <port dstActor="D0N23" name="p82" srcActor="D0N7"/>
            <port dstActor="D0N44" name="p83" srcActor="D0N7"/>
            <port dstActor="D0N13" name="p84" srcActor="D0N7"/>
            <port dstActor="D0N29" name="p85" srcActor="D0N7"/>
            <port dstActor="D0N38" name="p86" srcActor="D0N7"/>
            <port dstActor="D0N43" name="p87" srcActor="D0N42"/>
            <port dstActor="D0N44" name="p88" srcActor="D0N42"/>
            <port dstActor="D0N26" name="p89" srcActor="D0N14"/>
            <port dstActor="D0N18" name="p90" srcActor="D0N14"/>
            <port dstActor="D0N16" name="p91" srcActor="D0N14"/>
            <port dstActor="D0N41" name="p92" srcActor="D0N28"/>
            <port dstActor="D0N32" name="p93" srcActor="D0N28"/>
            <port dstActor="D0N35" name="p94" srcActor="D0N28"/>
            <port dstActor="D0N46" name="p95" srcActor="D0N44"/>
            <port dstActor="D0N36" name="p96" srcActor="D0N32"/>
            <port dstActor="D0N44" name="p97" srcActor="D0N32"/>
            <port dstActor="D0N41" name="p98" srcActor="D0N32"/>
            <port dstActor="D0N31" name="p99" srcActor="D0N26"/>
            <port dstActor="D0N42" name="p100" srcActor="D0N37"/>
            <port dstActor="D0N10" name="p101" srcActor="D0N5"/>
            <port dstActor="D0N9" name="p102" srcActor="D0N5"/>
        </ports>
    </mcdag>
    <cores number="3"/>
    <levels number="2"/>
</mcsystem>
