<?xml version="1.0" encoding="UTF-8" standalone="no"?>
<mcsystem>
    <mcdag deadline="2200" name="genned-0-ed-10.0-0">
        <actor name="D0N32">
            <wcet number="0">40</wcet>
            <wcet number="1">50</wcet>
            <maxpow number="0.9108460148054458"/>
            <maxpow number="0.9108460148054458"/>
            <fprob>0.0</fprob>
        </actor>
        <actor name="D0N16">
            <wcet number="0">40</wcet>
            <wcet number="1">100</wcet>
            <maxpow number="0.5319131990134178"/>
            <maxpow number="0.5319131990134178"/>
            <fprob>0.0</fprob>
        </actor>
        <actor name="D0N13">
            <wcet number="0">10</wcet>
            <wcet number="1">10</wcet>
            <maxpow number="0.4874799494748076"/>
            <maxpow number="0.4874799494748076"/>
            <fprob>0.0</fprob>
        </actor>
        <actor name="D0N33">
            <wcet number="0">10</wcet>
            <wcet number="1">40</wcet>
            <maxpow number="0.6933488310053968"/>
            <maxpow number="0.6933488310053968"/>
            <fprob>0.0</fprob>
        </actor>
        <actor name="D0N24">
            <wcet number="0">20</wcet>
            <wcet number="1">20</wcet>
            <maxpow number="0.6230356220206514"/>
            <maxpow number="0.6230356220206514"/>
            <fprob>0.0</fprob>
        </actor>
        <actor name="D0N6">
            <wcet number="0">10</wcet>
            <wcet number="1">40</wcet>
            <maxpow number="0.5270710389865848"/>
            <maxpow number="0.5270710389865848"/>
            <fprob>0.0</fprob>
        </actor>
        <actor name="D0N21">
            <wcet number="0">30</wcet>
            <wcet number="1">100</wcet>
            <maxpow number="0.43161164405470004"/>
            <maxpow number="0.43161164405470004"/>
            <fprob>0.0</fprob>
        </actor>
        <actor name="D0N3">
            <wcet number="0">30</wcet>
            <wcet number="1">200</wcet>
            <maxpow number="0.7696471125646267"/>
            <maxpow number="0.7696471125646267"/>
            <fprob>0.0</fprob>
        </actor>
        <actor name="D0N25">
            <wcet number="0">10</wcet>
            <wcet number="1">10</wcet>
            <maxpow number="0.5619859976065164"/>
            <maxpow number="0.5619859976065164"/>
            <fprob>0.0</fprob>
        </actor>
        <actor name="D0N11">
            <wcet number="0">10</wcet>
            <wcet number="1">30</wcet>
            <maxpow number="0.49612221310119986"/>
            <maxpow number="0.49612221310119986"/>
            <fprob>0.0</fprob>
        </actor>
        <actor name="D0N39">
            <wcet number="0">30</wcet>
            <wcet number="1">50</wcet>
            <maxpow number="0.4554819650446804"/>
            <maxpow number="0.4554819650446804"/>
            <fprob>0.0</fprob>
        </actor>
        <actor name="D0N8">
            <wcet number="0">60</wcet>
            <wcet number="1">80</wcet>
            <maxpow number="0.6376789753893056"/>
            <maxpow number="0.6376789753893056"/>
            <fprob>0.0</fprob>
        </actor>
        <actor name="D0N22">
            <wcet number="0">10</wcet>
            <wcet number="1">20</wcet>
            <maxpow number="0.4612710546886676"/>
            <maxpow number="0.4612710546886676"/>
            <fprob>0.0</fprob>
        </actor>
        <actor name="D0N20">
            <wcet number="0">70</wcet>
            <wcet number="1">100</wcet>
            <maxpow number="0.09861896152689631"/>
            <maxpow number="0.09861896152689631"/>
            <fprob>0.0</fprob>
        </actor>
        <actor name="D0N7">
            <wcet number="0">30</wcet>
            <wcet number="1">50</wcet>
            <maxpow number="0.4233838823481231"/>
            <maxpow number="0.4233838823481231"/>
            <fprob>0.0</fprob>
        </actor>
        <actor name="D0N9">
            <wcet number="0">40</wcet>
            <wcet number="1">80</wcet>
            <maxpow number="0.8262564689987437"/>
            <maxpow number="0.8262564689987437"/>
            <fprob>0.0</fprob>
        </actor>
        <actor name="D0N12">
            <wcet number="0">60</wcet>
            <wcet number="1">100</wcet>
            <maxpow number="0.46149091430166156"/>
            <maxpow number="0.46149091430166156"/>
            <fprob>0.0</fprob>
        </actor>
        <actor name="D0N5">
            <wcet number="0">30</wcet>
            <wcet number="1">40</wcet>
            <maxpow number="0.4043402853814029"/>
            <maxpow number="0.4043402853814029"/>
            <fprob>0.0</fprob>
        </actor>
        <actor name="D0N10">
            <wcet number="0">10</wcet>
            <wcet number="1">10</wcet>
            <maxpow number="0.6516615765088348"/>
            <maxpow number="0.6516615765088348"/>
            <fprob>0.0</fprob>
        </actor>
        <actor name="D0N26">
            <wcet number="0">50</wcet>
            <wcet number="1">60</wcet>
            <maxpow number="0.4981395486221859"/>
            <maxpow number="0.4981395486221859"/>
            <fprob>0.0</fprob>
        </actor>
        <actor name="D0N1">
            <wcet number="0">80</wcet>
            <wcet number="1">80</wcet>
            <maxpow number="0.5725247643669603"/>
            <maxpow number="0.5725247643669603"/>
            <fprob>0.0</fprob>
        </actor>
        <actor name="D0N46">
            <wcet number="0">70</wcet>
            <wcet number="1">90</wcet>
            <maxpow number="0.5555534788941227"/>
            <maxpow number="0.5555534788941227"/>
            <fprob>0.0</fprob>
        </actor>
        <actor name="D0N35">
            <wcet number="0">70</wcet>
            <wcet number="1">140</wcet>
            <maxpow number="0.5985311126026641"/>
            <maxpow number="0.5985311126026641"/>
            <fprob>0.0</fprob>
        </actor>
        <actor name="D0N29">
            <wcet number="0">20</wcet>
            <wcet number="1">20</wcet>
            <maxpow number="0.6268041585961711"/>
            <maxpow number="0.6268041585961711"/>
            <fprob>0.0</fprob>
        </actor>
        <actor name="D0N0">
            <wcet number="0">440</wcet>
            <wcet number="1">560</wcet>
            <maxpow number="0.6559023493355761"/>
            <maxpow number="0.6559023493355761"/>
            <fprob>0.0</fprob>
        </actor>
        <actor name="D0N34">
            <wcet number="0">300</wcet>
            <wcet number="1">510</wcet>
            <maxpow number="0.6711565024102353"/>
            <maxpow number="0.6711565024102353"/>
            <fprob>0.0</fprob>
        </actor>
        <actor name="D0N40">
            <wcet number="0">10</wcet>
            <wcet number="1">10</wcet>
            <maxpow number="0.44736581014544213"/>
            <maxpow number="0.44736581014544213"/>
            <fprob>0.0</fprob>
        </actor>
        <actor name="D0N41">
            <wcet number="0">40</wcet>
            <wcet number="1">290</wcet>
            <maxpow number="0.777464119811123"/>
            <maxpow number="0.777464119811123"/>
            <fprob>0.0</fprob>
        </actor>
        <actor name="D0N2">
            <wcet number="0">50</wcet>
            <wcet number="1">110</wcet>
            <maxpow number="0.5568502419983785"/>
            <maxpow number="0.5568502419983785"/>
            <fprob>0.0</fprob>
        </actor>
        <actor name="D0N14">
            <wcet number="0">40</wcet>
            <wcet number="1">70</wcet>
            <maxpow number="0.5410629285446193"/>
            <maxpow number="0.5410629285446193"/>
            <fprob>0.0</fprob>
        </actor>
        <actor name="D0N15">
            <wcet number="0">10</wcet>
            <wcet number="1">80</wcet>
            <maxpow number="0.4465958162942125"/>
            <maxpow number="0.4465958162942125"/>
            <fprob>0.0</fprob>
        </actor>
        <actor name="D0N31">
            <wcet number="0">10</wcet>
            <wcet number="1">20</wcet>
            <maxpow number="0.3631751648518292"/>
            <maxpow number="0.3631751648518292"/>
            <fprob>0.0</fprob>
        </actor>
        <actor name="D0N28">
            <wcet number="0">40</wcet>
            <wcet number="1">60</wcet>
            <maxpow number="0.7515335610122422"/>
            <maxpow number="0.7515335610122422"/>
            <fprob>0.0</fprob>
        </actor>
        <actor name="D0N27">
            <wcet number="0">90</wcet>
            <wcet number="1">110</wcet>
            <maxpow number="0.6062769182436424"/>
            <maxpow number="0.6062769182436424"/>
            <fprob>0.0</fprob>
        </actor>
        <actor name="D0N37">
            <wcet number="0">420</wcet>
            <wcet number="1">460</wcet>
            <maxpow number="0.27404895217033987"/>
            <maxpow number="0.27404895217033987"/>
            <fprob>0.0</fprob>
        </actor>
        <actor name="D0N18">
            <wcet number="0">40</wcet>
            <wcet number="1">50</wcet>
            <maxpow number="0.4179505099599831"/>
            <maxpow number="0.4179505099599831"/>
            <fprob>0.0</fprob>
        </actor>
        <actor name="D0N43">
            <wcet number="0">30</wcet>
            <wcet number="1">60</wcet>
            <maxpow number="0.42352040469276214"/>
            <maxpow number="0.42352040469276214"/>
            <fprob>0.0</fprob>
        </actor>
        <actor name="D0N42">
            <wcet number="0">30</wcet>
            <wcet number="1">40</wcet>
            <maxpow number="0.9367518871111324"/>
            <maxpow number="0.9367518871111324"/>
            <fprob>0.0</fprob>
        </actor>
        <actor name="D0N23">
            <wcet number="0">40</wcet>
            <wcet number="1">60</wcet>
            <maxpow number="0.6337702329041262"/>
            <maxpow number="0.6337702329041262"/>
            <fprob>0.0</fprob>
        </actor>
        <actor name="D0N38">
            <wcet number="0">110</wcet>
            <wcet number="1">120</wcet>
            <maxpow number="0.5268474594530954"/>
            <maxpow number="0.5268474594530954"/>
            <fprob>0.0</fprob>
        </actor>
        <actor name="D0N44">
            <wcet number="0">10</wcet>
            <wcet number="1">30</wcet>
            <maxpow number="0.7652821584300838"/>
            <maxpow number="0.7652821584300838"/>
            <fprob>0.0</fprob>
        </actor>
        <actor name="D0N36">
            <wcet number="0">150</wcet>
            <wcet number="1">160</wcet>
            <maxpow number="0.7457720779351734"/>
            <maxpow number="0.7457720779351734"/>
            <fprob>0.0</fprob>
        </actor>
        <actor name="D0N19">
            <wcet number="0">10</wcet>
            <wcet number="1">10</wcet>
            <maxpow number="0.052437533771242606"/>
            <maxpow number="0.052437533771242606"/>
            <fprob>0.0</fprob>
        </actor>
        <actor name="D0N30">
            <wcet number="0">10</wcet>
            <wcet number="1">10</wcet>
            <maxpow number="0.8386554069609546"/>
            <maxpow number="0.8386554069609546"/>
            <fprob>0.0</fprob>
        </actor>
        <actor name="D0N45">
            <wcet number="0">10</wcet>
            <wcet number="1">30</wcet>
            <maxpow number="0.4591340210711807"/>
            <maxpow number="0.4591340210711807"/>
            <fprob>0.0</fprob>
        </actor>
        <actor name="D0N4">
            <wcet number="0">80</wcet>
            <wcet number="1">110</wcet>
            <maxpow number="0.5865712745307736"/>
            <maxpow number="0.5865712745307736"/>
            <fprob>0.0</fprob>
        </actor>
        <actor name="D0N17">
            <wcet number="0">20</wcet>
            <wcet number="1">140</wcet>
            <maxpow number="0.6076204693508145"/>
            <maxpow number="0.6076204693508145"/>
            <fprob>0.0</fprob>
        </actor>
        <ports>
            <port dstActor="D0N37" name="p0" srcActor="D0N32"/>
            <port dstActor="D0N33" name="p1" srcActor="D0N32"/>
            <port dstActor="D0N37" name="p2" srcActor="D0N16"/>
            <port dstActor="D0N19" name="p3" srcActor="D0N13"/>
            <port dstActor="D0N28" name="p4" srcActor="D0N13"/>
            <port dstActor="D0N40" name="p5" srcActor="D0N13"/>
            <port dstActor="D0N39" name="p6" srcActor="D0N33"/>
            <port dstActor="D0N26" name="p7" srcActor="D0N24"/>
            <port dstActor="D0N28" name="p8" srcActor="D0N24"/>
            <port dstActor="D0N13" name="p9" srcActor="D0N6"/>
            <port dstActor="D0N32" name="p10" srcActor="D0N21"/>
            <port dstActor="D0N26" name="p11" srcActor="D0N21"/>
            <port dstActor="D0N15" name="p12" srcActor="D0N3"/>
            <port dstActor="D0N20" name="p13" srcActor="D0N3"/>
            <port dstActor="D0N28" name="p14" srcActor="D0N3"/>
            <port dstActor="D0N41" name="p15" srcActor="D0N3"/>
            <port dstActor="D0N12" name="p16" srcActor="D0N3"/>
            <port dstActor="D0N46" name="p17" srcActor="D0N25"/>
            <port dstActor="D0N33" name="p18" srcActor="D0N25"/>
            <port dstActor="D0N26" name="p19" srcActor="D0N11"/>
            <port dstActor="D0N10" name="p20" srcActor="D0N8"/>
            <port dstActor="D0N23" name="p21" srcActor="D0N8"/>
            <port dstActor="D0N29" name="p22" srcActor="D0N8"/>
            <port dstActor="D0N43" name="p23" srcActor="D0N22"/>
            <port dstActor="D0N40" name="p24" srcActor="D0N22"/>
            <port dstActor="D0N31" name="p25" srcActor="D0N20"/>
            <port dstActor="D0N42" name="p26" srcActor="D0N20"/>
            <port dstActor="D0N31" name="p27" srcActor="D0N7"/>
            <port dstActor="D0N44" name="p28" srcActor="D0N7"/>
            <port dstActor="D0N35" name="p29" srcActor="D0N7"/>
            <port dstActor="D0N14" name="p30" srcActor="D0N7"/>
            <port dstActor="D0N8" name="p31" srcActor="D0N7"/>
            <port dstActor="D0N32" name="p32" srcActor="D0N9"/>
            <port dstActor="D0N17" name="p33" srcActor="D0N9"/>
            <port dstActor="D0N41" name="p34" srcActor="D0N9"/>
            <port dstActor="D0N34" name="p35" srcActor="D0N9"/>
            <port dstActor="D0N13" name="p36" srcActor="D0N12"/>
            <port dstActor="D0N14" name="p37" srcActor="D0N12"/>
            <port dstActor="D0N34" name="p38" srcActor="D0N12"/>
            <port dstActor="D0N37" name="p39" srcActor="D0N5"/>
            <port dstActor="D0N12" name="p40" srcActor="D0N5"/>
            <port dstActor="D0N14" name="p41" srcActor="D0N5"/>
            <port dstActor="D0N33" name="p42" srcActor="D0N5"/>
            <port dstActor="D0N12" name="p43" srcActor="D0N10"/>
            <port dstActor="D0N13" name="p44" srcActor="D0N10"/>
            <port dstActor="D0N46" name="p45" srcActor="D0N26"/>
            <port dstActor="D0N4" name="p46" srcActor="D0N1"/>
            <port dstActor="D0N24" name="p47" srcActor="D0N1"/>
            <port dstActor="D0N28" name="p48" srcActor="D0N1"/>
            <port dstActor="D0N45" name="p49" srcActor="D0N1"/>
            <port dstActor="D0N30" name="p50" srcActor="D0N1"/>
            <port dstActor="D0N39" name="p51" srcActor="D0N35"/>
            <port dstActor="D0N37" name="p52" srcActor="D0N29"/>
            <port dstActor="D0N36" name="p53" srcActor="D0N0"/>
            <port dstActor="D0N46" name="p54" srcActor="D0N2"/>
            <port dstActor="D0N24" name="p55" srcActor="D0N2"/>
            <port dstActor="D0N21" name="p56" srcActor="D0N2"/>
            <port dstActor="D0N32" name="p57" srcActor="D0N2"/>
            <port dstActor="D0N21" name="p58" srcActor="D0N14"/>
            <port dstActor="D0N26" name="p59" srcActor="D0N14"/>
            <port dstActor="D0N41" name="p60" srcActor="D0N14"/>
            <port dstActor="D0N42" name="p61" srcActor="D0N14"/>
            <port dstActor="D0N24" name="p62" srcActor="D0N14"/>
            <port dstActor="D0N32" name="p63" srcActor="D0N14"/>
            <port dstActor="D0N35" name="p64" srcActor="D0N14"/>
            <port dstActor="D0N26" name="p65" srcActor="D0N15"/>
            <port dstActor="D0N45" name="p66" srcActor="D0N15"/>
            <port dstActor="D0N28" name="p67" srcActor="D0N27"/>
            <port dstActor="D0N38" name="p68" srcActor="D0N37"/>
            <port dstActor="D0N27" name="p69" srcActor="D0N18"/>
            <port dstActor="D0N32" name="p70" srcActor="D0N23"/>
            <port dstActor="D0N41" name="p71" srcActor="D0N38"/>
            <port dstActor="D0N46" name="p72" srcActor="D0N38"/>
            <port dstActor="D0N25" name="p73" srcActor="D0N19"/>
            <port dstActor="D0N46" name="p74" srcActor="D0N45"/>
            <port dstActor="D0N26" name="p75" srcActor="D0N4"/>
            <port dstActor="D0N10" name="p76" srcActor="D0N4"/>
            <port dstActor="D0N20" name="p77" srcActor="D0N4"/>
            <port dstActor="D0N6" name="p78" srcActor="D0N4"/>
            <port dstActor="D0N27" name="p79" srcActor="D0N4"/>
            <port dstActor="D0N35" name="p80" srcActor="D0N4"/>
            <port dstActor="D0N46" name="p81" srcActor="D0N4"/>
            <port dstActor="D0N38" name="p82" srcActor="D0N17"/>
        </ports>
    </mcdag>
    <cores number="3"/>
    <levels number="2"/>
</mcsystem>
