<?xml version="1.0" encoding="UTF-8" standalone="no"?>
<mcsystem>
    <mcdag deadline="1000" name="genned-0-ed-10.0-0">
        <actor name="D0N3">
            <wcet number="0">10</wcet>
            <wcet number="1">10</wcet>
            <maxpow number="0.5401816462948902"/>
            <maxpow number="0.5401816462948902"/>
            <fprob>0.0</fprob>
        </actor>
        <actor name="D0N40">
            <wcet number="0">80</wcet>
            <wcet number="1">170</wcet>
            <maxpow number="0.44492176746670054"/>
            <maxpow number="0.44492176746670054"/>
            <fprob>0.0</fprob>
        </actor>
        <actor name="D0N1">
            <wcet number="0">20</wcet>
            <wcet number="1">80</wcet>
            <maxpow number="0.5707330874774855"/>
            <maxpow number="0.5707330874774855"/>
            <fprob>0.0</fprob>
        </actor>
        <actor name="D0N0">
            <wcet number="0">40</wcet>
            <wcet number="1">40</wcet>
            <maxpow number="0.549420510261024"/>
            <maxpow number="0.549420510261024"/>
            <fprob>0.0</fprob>
        </actor>
        <actor name="D0N6">
            <wcet number="0">10</wcet>
            <wcet number="1">20</wcet>
            <maxpow number="0.6187213159106408"/>
            <maxpow number="0.6187213159106408"/>
            <fprob>0.0</fprob>
        </actor>
        <actor name="D0N27">
            <wcet number="0">10</wcet>
            <wcet number="1">10</wcet>
            <maxpow number="0.6891232045687482"/>
            <maxpow number="0.6891232045687482"/>
            <fprob>0.0</fprob>
        </actor>
        <actor name="D0N41">
            <wcet number="0">10</wcet>
            <wcet number="1">20</wcet>
            <maxpow number="0.61356482884557"/>
            <maxpow number="0.61356482884557"/>
            <fprob>0.0</fprob>
        </actor>
        <actor name="D0N36">
            <wcet number="0">140</wcet>
            <wcet number="1">150</wcet>
            <maxpow number="0.5808798652745567"/>
            <maxpow number="0.5808798652745567"/>
            <fprob>0.0</fprob>
        </actor>
        <actor name="D0N2">
            <wcet number="0">50</wcet>
            <wcet number="1">130</wcet>
            <maxpow number="0.6076322798075388"/>
            <maxpow number="0.6076322798075388"/>
            <fprob>0.0</fprob>
        </actor>
        <actor name="D0N17">
            <wcet number="0">50</wcet>
            <wcet number="1">70</wcet>
            <maxpow number="0.46930476092932716"/>
            <maxpow number="0.46930476092932716"/>
            <fprob>0.0</fprob>
        </actor>
        <actor name="D0N10">
            <wcet number="0">10</wcet>
            <wcet number="1">30</wcet>
            <maxpow number="0.7278901515929284"/>
            <maxpow number="0.7278901515929284"/>
            <fprob>0.0</fprob>
        </actor>
        <actor name="D0N22">
            <wcet number="0">10</wcet>
            <wcet number="1">20</wcet>
            <maxpow number="0.406535244367933"/>
            <maxpow number="0.406535244367933"/>
            <fprob>0.0</fprob>
        </actor>
        <actor name="D0N25">
            <wcet number="0">10</wcet>
            <wcet number="1">10</wcet>
            <maxpow number="0.38319870863925504"/>
            <maxpow number="0.38319870863925504"/>
            <fprob>0.0</fprob>
        </actor>
        <actor name="D0N19">
            <wcet number="0">30</wcet>
            <wcet number="1">50</wcet>
            <maxpow number="0.7785566907158308"/>
            <maxpow number="0.7785566907158308"/>
            <fprob>0.0</fprob>
        </actor>
        <actor name="D0N31">
            <wcet number="0">10</wcet>
            <wcet number="1">10</wcet>
            <maxpow number="0.2892631799563176"/>
            <maxpow number="0.2892631799563176"/>
            <fprob>0.0</fprob>
        </actor>
        <actor name="D0N18">
            <wcet number="0">20</wcet>
            <wcet number="1">30</wcet>
            <maxpow number="0.7638800281337923"/>
            <maxpow number="0.7638800281337923"/>
            <fprob>0.0</fprob>
        </actor>
        <actor name="D0N32">
            <wcet number="0">10</wcet>
            <wcet number="1">60</wcet>
            <maxpow number="0.40253769590634525"/>
            <maxpow number="0.40253769590634525"/>
            <fprob>0.0</fprob>
        </actor>
        <actor name="D0N21">
            <wcet number="0">10</wcet>
            <wcet number="1">10</wcet>
            <maxpow number="0.570991737318194"/>
            <maxpow number="0.570991737318194"/>
            <fprob>0.0</fprob>
        </actor>
        <actor name="D0N11">
            <wcet number="0">10</wcet>
            <wcet number="1">10</wcet>
            <maxpow number="0.7407398025879126"/>
            <maxpow number="0.7407398025879126"/>
            <fprob>0.0</fprob>
        </actor>
        <actor name="D0N23">
            <wcet number="0">60</wcet>
            <wcet number="1">80</wcet>
            <maxpow number="0.42953707013076137"/>
            <maxpow number="0.42953707013076137"/>
            <fprob>0.0</fprob>
        </actor>
        <actor name="D0N30">
            <wcet number="0">20</wcet>
            <wcet number="1">20</wcet>
            <maxpow number="0.8605638133019144"/>
            <maxpow number="0.8605638133019144"/>
            <fprob>0.0</fprob>
        </actor>
        <actor name="D0N7">
            <wcet number="0">50</wcet>
            <wcet number="1">50</wcet>
            <maxpow number="0.5624406171688652"/>
            <maxpow number="0.5624406171688652"/>
            <fprob>0.0</fprob>
        </actor>
        <actor name="D0N38">
            <wcet number="0">80</wcet>
            <wcet number="1">100</wcet>
            <maxpow number="0.35057455308171487"/>
            <maxpow number="0.35057455308171487"/>
            <fprob>0.0</fprob>
        </actor>
        <actor name="D0N35">
            <wcet number="0">10</wcet>
            <wcet number="1">10</wcet>
            <maxpow number="0.6534143846294836"/>
            <maxpow number="0.6534143846294836"/>
            <fprob>0.0</fprob>
        </actor>
        <actor name="D0N14">
            <wcet number="0">40</wcet>
            <wcet number="1">60</wcet>
            <maxpow number="0.7065138895817077"/>
            <maxpow number="0.7065138895817077"/>
            <fprob>0.0</fprob>
        </actor>
        <actor name="D0N4">
            <wcet number="0">10</wcet>
            <wcet number="1">180</wcet>
            <maxpow number="0.6453511636627757"/>
            <maxpow number="0.6453511636627757"/>
            <fprob>0.0</fprob>
        </actor>
        <actor name="D0N13">
            <wcet number="0">10</wcet>
            <wcet number="1">20</wcet>
            <maxpow number="0.7584138189723328"/>
            <maxpow number="0.7584138189723328"/>
            <fprob>0.0</fprob>
        </actor>
        <actor name="D0N26">
            <wcet number="0">10</wcet>
            <wcet number="1">30</wcet>
            <maxpow number="0.9732848013305084"/>
            <maxpow number="0.9732848013305084"/>
            <fprob>0.0</fprob>
        </actor>
        <actor name="D0N39">
            <wcet number="0">60</wcet>
            <wcet number="1">60</wcet>
            <maxpow number="0.6849350726867824"/>
            <maxpow number="0.6849350726867824"/>
            <fprob>0.0</fprob>
        </actor>
        <actor name="D0N15">
            <wcet number="0">20</wcet>
            <wcet number="1">20</wcet>
            <maxpow number="0.5622727071597103"/>
            <maxpow number="0.5622727071597103"/>
            <fprob>0.0</fprob>
        </actor>
        <actor name="D0N28">
            <wcet number="0">30</wcet>
            <wcet number="1">60</wcet>
            <maxpow number="0.7082515524306199"/>
            <maxpow number="0.7082515524306199"/>
            <fprob>0.0</fprob>
        </actor>
        <actor name="D0N29">
            <wcet number="0">20</wcet>
            <wcet number="1">20</wcet>
            <maxpow number="0.49692632400637854"/>
            <maxpow number="0.49692632400637854"/>
            <fprob>0.0</fprob>
        </actor>
        <actor name="D0N24">
            <wcet number="0">10</wcet>
            <wcet number="1">40</wcet>
            <maxpow number="0.5479271928167034"/>
            <maxpow number="0.5479271928167034"/>
            <fprob>0.0</fprob>
        </actor>
        <actor name="D0N37">
            <wcet number="0">40</wcet>
            <wcet number="1">40</wcet>
            <maxpow number="0.5531313610213844"/>
            <maxpow number="0.5531313610213844"/>
            <fprob>0.0</fprob>
        </actor>
        <actor name="D0N33">
            <wcet number="0">20</wcet>
            <wcet number="1">150</wcet>
            <maxpow number="0.5613332115893209"/>
            <maxpow number="0.5613332115893209"/>
            <fprob>0.0</fprob>
        </actor>
        <actor name="D0N42">
            <wcet number="0">10</wcet>
            <wcet number="1">60</wcet>
            <maxpow number="0.7642248681578012"/>
            <maxpow number="0.7642248681578012"/>
            <fprob>0.0</fprob>
        </actor>
        <actor name="D0N8">
            <wcet number="0">70</wcet>
            <wcet number="1">90</wcet>
            <maxpow number="0.25736833822757804"/>
            <maxpow number="0.25736833822757804"/>
            <fprob>0.0</fprob>
        </actor>
        <actor name="D0N20">
            <wcet number="0">10</wcet>
            <wcet number="1">30</wcet>
            <maxpow number="0.68202666540668"/>
            <maxpow number="0.68202666540668"/>
            <fprob>0.0</fprob>
        </actor>
        <actor name="D0N12">
            <wcet number="0">10</wcet>
            <wcet number="1">20</wcet>
            <maxpow number="0.3658377930079334"/>
            <maxpow number="0.3658377930079334"/>
            <fprob>0.0</fprob>
        </actor>
        <actor name="D0N5">
            <wcet number="0">40</wcet>
            <wcet number="1">50</wcet>
            <maxpow number="0.3997250086058819"/>
            <maxpow number="0.3997250086058819"/>
            <fprob>0.0</fprob>
        </actor>
        <actor name="D0N34">
            <wcet number="0">10</wcet>
            <wcet number="1">10</wcet>
            <maxpow number="0.6141017924456454"/>
            <maxpow number="0.6141017924456454"/>
            <fprob>0.0</fprob>
        </actor>
        <actor name="D0N16">
            <wcet number="0">60</wcet>
            <wcet number="1">60</wcet>
            <maxpow number="0.6218743231792454"/>
            <maxpow number="0.6218743231792454"/>
            <fprob>0.0</fprob>
        </actor>
        <actor name="D0N9">
            <wcet number="0">30</wcet>
            <wcet number="1">110</wcet>
            <maxpow number="0.4429336649966783"/>
            <maxpow number="0.4429336649966783"/>
            <fprob>0.0</fprob>
        </actor>
        <ports>
            <port dstActor="D0N10" name="p0" srcActor="D0N3"/>
            <port dstActor="D0N40" name="p1" srcActor="D0N3"/>
            <port dstActor="D0N11" name="p2" srcActor="D0N3"/>
            <port dstActor="D0N33" name="p3" srcActor="D0N1"/>
            <port dstActor="D0N17" name="p4" srcActor="D0N1"/>
            <port dstActor="D0N23" name="p5" srcActor="D0N1"/>
            <port dstActor="D0N5" name="p6" srcActor="D0N1"/>
            <port dstActor="D0N6" name="p7" srcActor="D0N0"/>
            <port dstActor="D0N35" name="p8" srcActor="D0N0"/>
            <port dstActor="D0N38" name="p9" srcActor="D0N0"/>
            <port dstActor="D0N4" name="p10" srcActor="D0N0"/>
            <port dstActor="D0N12" name="p11" srcActor="D0N0"/>
            <port dstActor="D0N32" name="p12" srcActor="D0N6"/>
            <port dstActor="D0N35" name="p13" srcActor="D0N6"/>
            <port dstActor="D0N8" name="p14" srcActor="D0N6"/>
            <port dstActor="D0N7" name="p15" srcActor="D0N6"/>
            <port dstActor="D0N29" name="p16" srcActor="D0N6"/>
            <port dstActor="D0N29" name="p17" srcActor="D0N27"/>
            <port dstActor="D0N42" name="p18" srcActor="D0N41"/>
            <port dstActor="D0N39" name="p19" srcActor="D0N36"/>
            <port dstActor="D0N42" name="p20" srcActor="D0N36"/>
            <port dstActor="D0N41" name="p21" srcActor="D0N36"/>
            <port dstActor="D0N37" name="p22" srcActor="D0N2"/>
            <port dstActor="D0N41" name="p23" srcActor="D0N2"/>
            <port dstActor="D0N13" name="p24" srcActor="D0N2"/>
            <port dstActor="D0N28" name="p25" srcActor="D0N2"/>
            <port dstActor="D0N16" name="p26" srcActor="D0N2"/>
            <port dstActor="D0N38" name="p27" srcActor="D0N2"/>
            <port dstActor="D0N27" name="p28" srcActor="D0N17"/>
            <port dstActor="D0N40" name="p29" srcActor="D0N17"/>
            <port dstActor="D0N37" name="p30" srcActor="D0N17"/>
            <port dstActor="D0N38" name="p31" srcActor="D0N10"/>
            <port dstActor="D0N14" name="p32" srcActor="D0N10"/>
            <port dstActor="D0N13" name="p33" srcActor="D0N10"/>
            <port dstActor="D0N38" name="p34" srcActor="D0N22"/>
            <port dstActor="D0N42" name="p35" srcActor="D0N25"/>
            <port dstActor="D0N22" name="p36" srcActor="D0N19"/>
            <port dstActor="D0N39" name="p37" srcActor="D0N19"/>
            <port dstActor="D0N37" name="p38" srcActor="D0N31"/>
            <port dstActor="D0N33" name="p39" srcActor="D0N31"/>
            <port dstActor="D0N42" name="p40" srcActor="D0N18"/>
            <port dstActor="D0N21" name="p41" srcActor="D0N18"/>
            <port dstActor="D0N22" name="p42" srcActor="D0N18"/>
            <port dstActor="D0N34" name="p43" srcActor="D0N18"/>
            <port dstActor="D0N38" name="p44" srcActor="D0N32"/>
            <port dstActor="D0N22" name="p45" srcActor="D0N21"/>
            <port dstActor="D0N41" name="p46" srcActor="D0N21"/>
            <port dstActor="D0N37" name="p47" srcActor="D0N21"/>
            <port dstActor="D0N42" name="p48" srcActor="D0N21"/>
            <port dstActor="D0N14" name="p49" srcActor="D0N11"/>
            <port dstActor="D0N39" name="p50" srcActor="D0N11"/>
            <port dstActor="D0N31" name="p51" srcActor="D0N11"/>
            <port dstActor="D0N12" name="p52" srcActor="D0N11"/>
            <port dstActor="D0N42" name="p53" srcActor="D0N23"/>
            <port dstActor="D0N25" name="p54" srcActor="D0N23"/>
            <port dstActor="D0N27" name="p55" srcActor="D0N23"/>
            <port dstActor="D0N8" name="p56" srcActor="D0N7"/>
            <port dstActor="D0N10" name="p57" srcActor="D0N7"/>
            <port dstActor="D0N24" name="p58" srcActor="D0N7"/>
            <port dstActor="D0N27" name="p59" srcActor="D0N7"/>
            <port dstActor="D0N41" name="p60" srcActor="D0N35"/>
            <port dstActor="D0N21" name="p61" srcActor="D0N14"/>
            <port dstActor="D0N38" name="p62" srcActor="D0N14"/>
            <port dstActor="D0N5" name="p63" srcActor="D0N4"/>
            <port dstActor="D0N19" name="p64" srcActor="D0N4"/>
            <port dstActor="D0N33" name="p65" srcActor="D0N26"/>
            <port dstActor="D0N39" name="p66" srcActor="D0N26"/>
            <port dstActor="D0N24" name="p67" srcActor="D0N15"/>
            <port dstActor="D0N29" name="p68" srcActor="D0N15"/>
            <port dstActor="D0N39" name="p69" srcActor="D0N15"/>
            <port dstActor="D0N16" name="p70" srcActor="D0N15"/>
            <port dstActor="D0N20" name="p71" srcActor="D0N15"/>
            <port dstActor="D0N41" name="p72" srcActor="D0N15"/>
            <port dstActor="D0N21" name="p73" srcActor="D0N15"/>
            <port dstActor="D0N34" name="p74" srcActor="D0N28"/>
            <port dstActor="D0N42" name="p75" srcActor="D0N28"/>
            <port dstActor="D0N35" name="p76" srcActor="D0N28"/>
            <port dstActor="D0N41" name="p77" srcActor="D0N29"/>
            <port dstActor="D0N38" name="p78" srcActor="D0N24"/>
            <port dstActor="D0N21" name="p79" srcActor="D0N8"/>
            <port dstActor="D0N14" name="p80" srcActor="D0N8"/>
            <port dstActor="D0N28" name="p81" srcActor="D0N20"/>
            <port dstActor="D0N40" name="p82" srcActor="D0N20"/>
            <port dstActor="D0N37" name="p83" srcActor="D0N12"/>
            <port dstActor="D0N34" name="p84" srcActor="D0N12"/>
            <port dstActor="D0N34" name="p85" srcActor="D0N5"/>
            <port dstActor="D0N11" name="p86" srcActor="D0N5"/>
            <port dstActor="D0N23" name="p87" srcActor="D0N5"/>
            <port dstActor="D0N33" name="p88" srcActor="D0N5"/>
            <port dstActor="D0N38" name="p89" srcActor="D0N9"/>
            <port dstActor="D0N42" name="p90" srcActor="D0N9"/>
            <port dstActor="D0N20" name="p91" srcActor="D0N9"/>
            <port dstActor="D0N22" name="p92" srcActor="D0N9"/>
        </ports>
    </mcdag>
    <cores number="3"/>
    <levels number="2"/>
</mcsystem>
