<?xml version="1.0" encoding="UTF-8" standalone="no"?>
<mcsystem>
    <mcdag deadline="3000" name="genned-0-ed-10.0-0">
        <actor name="D0N32">
            <wcet number="0">200</wcet>
            <wcet number="1">210</wcet>
            <maxpow number="0.4017016410234747"/>
            <maxpow number="0.4017016410234747"/>
            <fprob>0.0</fprob>
        </actor>
        <actor name="D0N4">
            <wcet number="0">230</wcet>
            <wcet number="1">330</wcet>
            <maxpow number="0.48625332999893495"/>
            <maxpow number="0.48625332999893495"/>
            <fprob>0.0</fprob>
        </actor>
        <actor name="D0N12">
            <wcet number="0">300</wcet>
            <wcet number="1">330</wcet>
            <maxpow number="0.42326966581200115"/>
            <maxpow number="0.42326966581200115"/>
            <fprob>0.0</fprob>
        </actor>
        <actor name="D0N44">
            <wcet number="0">40</wcet>
            <wcet number="1">250</wcet>
            <maxpow number="0.829825163195034"/>
            <maxpow number="0.829825163195034"/>
            <fprob>0.0</fprob>
        </actor>
        <actor name="D0N15">
            <wcet number="0">10</wcet>
            <wcet number="1">10</wcet>
            <maxpow number="0.4329830187180563"/>
            <maxpow number="0.4329830187180563"/>
            <fprob>0.0</fprob>
        </actor>
        <actor name="D0N39">
            <wcet number="0">280</wcet>
            <wcet number="1">290</wcet>
            <maxpow number="0.29439391491157973"/>
            <maxpow number="0.29439391491157973"/>
            <fprob>0.0</fprob>
        </actor>
        <actor name="D0N29">
            <wcet number="0">10</wcet>
            <wcet number="1">20</wcet>
            <maxpow number="0.45054498986494546"/>
            <maxpow number="0.45054498986494546"/>
            <fprob>0.0</fprob>
        </actor>
        <actor name="D0N8">
            <wcet number="0">20</wcet>
            <wcet number="1">150</wcet>
            <maxpow number="0.47981491040579"/>
            <maxpow number="0.47981491040579"/>
            <fprob>0.0</fprob>
        </actor>
        <actor name="D0N17">
            <wcet number="0">20</wcet>
            <wcet number="1">60</wcet>
            <maxpow number="0.4295704737880499"/>
            <maxpow number="0.4295704737880499"/>
            <fprob>0.0</fprob>
        </actor>
        <actor name="D0N19">
            <wcet number="0">10</wcet>
            <wcet number="1">270</wcet>
            <maxpow number="0.7394145767710882"/>
            <maxpow number="0.7394145767710882"/>
            <fprob>0.0</fprob>
        </actor>
        <actor name="D0N45">
            <wcet number="0">10</wcet>
            <wcet number="1">130</wcet>
            <maxpow number="0.5123682856014616"/>
            <maxpow number="0.5123682856014616"/>
            <fprob>0.0</fprob>
        </actor>
        <actor name="D0N6">
            <wcet number="0">10</wcet>
            <wcet number="1">10</wcet>
            <maxpow number="0.38318299696777347"/>
            <maxpow number="0.38318299696777347"/>
            <fprob>0.0</fprob>
        </actor>
        <actor name="D0N48">
            <wcet number="0">60</wcet>
            <wcet number="1">70</wcet>
            <maxpow number="0.5612980331069758"/>
            <maxpow number="0.5612980331069758"/>
            <fprob>0.0</fprob>
        </actor>
        <actor name="D0N10">
            <wcet number="0">20</wcet>
            <wcet number="1">60</wcet>
            <maxpow number="0.6485402800439305"/>
            <maxpow number="0.6485402800439305"/>
            <fprob>0.0</fprob>
        </actor>
        <actor name="D0N21">
            <wcet number="0">10</wcet>
            <wcet number="1">10</wcet>
            <maxpow number="0.557296928082894"/>
            <maxpow number="0.557296928082894"/>
            <fprob>0.0</fprob>
        </actor>
        <actor name="D0N28">
            <wcet number="0">290</wcet>
            <wcet number="1">400</wcet>
            <maxpow number="0.521102160618881"/>
            <maxpow number="0.521102160618881"/>
            <fprob>0.0</fprob>
        </actor>
        <actor name="D0N30">
            <wcet number="0">30</wcet>
            <wcet number="1">70</wcet>
            <maxpow number="0.34327987430702145"/>
            <maxpow number="0.34327987430702145"/>
            <fprob>0.0</fprob>
        </actor>
        <actor name="D0N41">
            <wcet number="0">40</wcet>
            <wcet number="1">60</wcet>
            <maxpow number="0.4611691108967054"/>
            <maxpow number="0.4611691108967054"/>
            <fprob>0.0</fprob>
        </actor>
        <actor name="D0N31">
            <wcet number="0">220</wcet>
            <wcet number="1">220</wcet>
            <maxpow number="0.5038339953505366"/>
            <maxpow number="0.5038339953505366"/>
            <fprob>0.0</fprob>
        </actor>
        <actor name="D0N35">
            <wcet number="0">50</wcet>
            <wcet number="1">50</wcet>
            <maxpow number="0.8167092371478226"/>
            <maxpow number="0.8167092371478226"/>
            <fprob>0.0</fprob>
        </actor>
        <actor name="D0N42">
            <wcet number="0">10</wcet>
            <wcet number="1">160</wcet>
            <maxpow number="0.8743557456926222"/>
            <maxpow number="0.8743557456926222"/>
            <fprob>0.0</fprob>
        </actor>
        <actor name="D0N2">
            <wcet number="0">70</wcet>
            <wcet number="1">150</wcet>
            <maxpow number="0.6105844182571855"/>
            <maxpow number="0.6105844182571855"/>
            <fprob>0.0</fprob>
        </actor>
        <actor name="D0N7">
            <wcet number="0">200</wcet>
            <wcet number="1">320</wcet>
            <maxpow number="0.47834693043463583"/>
            <maxpow number="0.47834693043463583"/>
            <fprob>0.0</fprob>
        </actor>
        <actor name="D0N25">
            <wcet number="0">130</wcet>
            <wcet number="1">250</wcet>
            <maxpow number="0.6078224564118042"/>
            <maxpow number="0.6078224564118042"/>
            <fprob>0.0</fprob>
        </actor>
        <actor name="D0N37">
            <wcet number="0">110</wcet>
            <wcet number="1">110</wcet>
            <maxpow number="0.6230874193144736"/>
            <maxpow number="0.6230874193144736"/>
            <fprob>0.0</fprob>
        </actor>
        <actor name="D0N38">
            <wcet number="0">30</wcet>
            <wcet number="1">40</wcet>
            <maxpow number="0.7588621027141734"/>
            <maxpow number="0.7588621027141734"/>
            <fprob>0.0</fprob>
        </actor>
        <actor name="D0N5">
            <wcet number="0">10</wcet>
            <wcet number="1">30</wcet>
            <maxpow number="0.7914297132550777"/>
            <maxpow number="0.7914297132550777"/>
            <fprob>0.0</fprob>
        </actor>
        <actor name="D0N13">
            <wcet number="0">90</wcet>
            <wcet number="1">140</wcet>
            <maxpow number="0.6533921017605836"/>
            <maxpow number="0.6533921017605836"/>
            <fprob>0.0</fprob>
        </actor>
        <actor name="D0N0">
            <wcet number="0">30</wcet>
            <wcet number="1">310</wcet>
            <maxpow number="0.7662366440613941"/>
            <maxpow number="0.7662366440613941"/>
            <fprob>0.0</fprob>
        </actor>
        <actor name="D0N18">
            <wcet number="0">60</wcet>
            <wcet number="1">80</wcet>
            <maxpow number="0.5211560360150255"/>
            <maxpow number="0.5211560360150255"/>
            <fprob>0.0</fprob>
        </actor>
        <actor name="D0N16">
            <wcet number="0">10</wcet>
            <wcet number="1">100</wcet>
            <maxpow number="0.754061207565202"/>
            <maxpow number="0.754061207565202"/>
            <fprob>0.0</fprob>
        </actor>
        <actor name="D0N27">
            <wcet number="0">20</wcet>
            <wcet number="1">70</wcet>
            <maxpow number="0.4782614463000535"/>
            <maxpow number="0.4782614463000535"/>
            <fprob>0.0</fprob>
        </actor>
        <actor name="D0N22">
            <wcet number="0">70</wcet>
            <wcet number="1">160</wcet>
            <maxpow number="0.45674915854391096"/>
            <maxpow number="0.45674915854391096"/>
            <fprob>0.0</fprob>
        </actor>
        <actor name="D0N11">
            <wcet number="0">30</wcet>
            <wcet number="1">40</wcet>
            <maxpow number="0.6155712510694477"/>
            <maxpow number="0.6155712510694477"/>
            <fprob>0.0</fprob>
        </actor>
        <actor name="D0N47">
            <wcet number="0">10</wcet>
            <wcet number="1">10</wcet>
            <maxpow number="-0.022384307952105886"/>
            <maxpow number="-0.022384307952105886"/>
            <fprob>0.0</fprob>
        </actor>
        <actor name="D0N34">
            <wcet number="0">10</wcet>
            <wcet number="1">10</wcet>
            <maxpow number="0.2799299789076772"/>
            <maxpow number="0.2799299789076772"/>
            <fprob>0.0</fprob>
        </actor>
        <actor name="D0N23">
            <wcet number="0">50</wcet>
            <wcet number="1">70</wcet>
            <maxpow number="0.42548261141042826"/>
            <maxpow number="0.42548261141042826"/>
            <fprob>0.0</fprob>
        </actor>
        <actor name="D0N26">
            <wcet number="0">10</wcet>
            <wcet number="1">10</wcet>
            <maxpow number="0.5610560245810138"/>
            <maxpow number="0.5610560245810138"/>
            <fprob>0.0</fprob>
        </actor>
        <actor name="D0N43">
            <wcet number="0">130</wcet>
            <wcet number="1">180</wcet>
            <maxpow number="0.6149419077686116"/>
            <maxpow number="0.6149419077686116"/>
            <fprob>0.0</fprob>
        </actor>
        <actor name="D0N1">
            <wcet number="0">210</wcet>
            <wcet number="1">320</wcet>
            <maxpow number="0.6475652274005083"/>
            <maxpow number="0.6475652274005083"/>
            <fprob>0.0</fprob>
        </actor>
        <actor name="D0N33">
            <wcet number="0">10</wcet>
            <wcet number="1">50</wcet>
            <maxpow number="0.3455101184806123"/>
            <maxpow number="0.3455101184806123"/>
            <fprob>0.0</fprob>
        </actor>
        <actor name="D0N20">
            <wcet number="0">10</wcet>
            <wcet number="1">10</wcet>
            <maxpow number="0.4001298826307651"/>
            <maxpow number="0.4001298826307651"/>
            <fprob>0.0</fprob>
        </actor>
        <actor name="D0N40">
            <wcet number="0">10</wcet>
            <wcet number="1">20</wcet>
            <maxpow number="0.41206267001491426"/>
            <maxpow number="0.41206267001491426"/>
            <fprob>0.0</fprob>
        </actor>
        <actor name="D0N24">
            <wcet number="0">60</wcet>
            <wcet number="1">110</wcet>
            <maxpow number="0.4428957376411343"/>
            <maxpow number="0.4428957376411343"/>
            <fprob>0.0</fprob>
        </actor>
        <actor name="D0N14">
            <wcet number="0">130</wcet>
            <wcet number="1">210</wcet>
            <maxpow number="0.31079314070938224"/>
            <maxpow number="0.31079314070938224"/>
            <fprob>0.0</fprob>
        </actor>
        <actor name="D0N36">
            <wcet number="0">30</wcet>
            <wcet number="1">90</wcet>
            <maxpow number="0.3447047745630654"/>
            <maxpow number="0.3447047745630654"/>
            <fprob>0.0</fprob>
        </actor>
        <actor name="D0N46">
            <wcet number="0">250</wcet>
            <wcet number="1">480</wcet>
            <maxpow number="0.5184347416383597"/>
            <maxpow number="0.5184347416383597"/>
            <fprob>0.0</fprob>
        </actor>
        <actor name="D0N49">
            <wcet number="0">100</wcet>
            <wcet number="1">100</wcet>
            <maxpow number="0.6443018831025688"/>
            <maxpow number="0.6443018831025688"/>
            <fprob>0.0</fprob>
        </actor>
        <actor name="D0N3">
            <wcet number="0">50</wcet>
            <wcet number="1">120</wcet>
            <maxpow number="0.5694407130397395"/>
            <maxpow number="0.5694407130397395"/>
            <fprob>0.0</fprob>
        </actor>
        <actor name="D0N9">
            <wcet number="0">60</wcet>
            <wcet number="1">150</wcet>
            <maxpow number="0.33011396642630353"/>
            <maxpow number="0.33011396642630353"/>
            <fprob>0.0</fprob>
        </actor>
        <ports>
            <port dstActor="D0N39" name="p0" srcActor="D0N32"/>
            <port dstActor="D0N47" name="p1" srcActor="D0N4"/>
            <port dstActor="D0N22" name="p2" srcActor="D0N4"/>
            <port dstActor="D0N44" name="p3" srcActor="D0N4"/>
            <port dstActor="D0N36" name="p4" srcActor="D0N12"/>
            <port dstActor="D0N41" name="p5" srcActor="D0N12"/>
            <port dstActor="D0N46" name="p6" srcActor="D0N15"/>
            <port dstActor="D0N18" name="p7" srcActor="D0N15"/>
            <port dstActor="D0N19" name="p8" srcActor="D0N15"/>
            <port dstActor="D0N40" name="p9" srcActor="D0N15"/>
            <port dstActor="D0N35" name="p10" srcActor="D0N15"/>
            <port dstActor="D0N42" name="p11" srcActor="D0N39"/>
            <port dstActor="D0N48" name="p12" srcActor="D0N29"/>
            <port dstActor="D0N44" name="p13" srcActor="D0N29"/>
            <port dstActor="D0N49" name="p14" srcActor="D0N29"/>
            <port dstActor="D0N47" name="p15" srcActor="D0N8"/>
            <port dstActor="D0N49" name="p16" srcActor="D0N8"/>
            <port dstActor="D0N32" name="p17" srcActor="D0N17"/>
            <port dstActor="D0N30" name="p18" srcActor="D0N17"/>
            <port dstActor="D0N22" name="p19" srcActor="D0N17"/>
            <port dstActor="D0N33" name="p20" srcActor="D0N19"/>
            <port dstActor="D0N28" name="p21" srcActor="D0N19"/>
            <port dstActor="D0N31" name="p22" srcActor="D0N19"/>
            <port dstActor="D0N40" name="p23" srcActor="D0N19"/>
            <port dstActor="D0N49" name="p24" srcActor="D0N19"/>
            <port dstActor="D0N47" name="p25" srcActor="D0N45"/>
            <port dstActor="D0N21" name="p26" srcActor="D0N6"/>
            <port dstActor="D0N30" name="p27" srcActor="D0N6"/>
            <port dstActor="D0N8" name="p28" srcActor="D0N6"/>
            <port dstActor="D0N17" name="p29" srcActor="D0N6"/>
            <port dstActor="D0N48" name="p30" srcActor="D0N6"/>
            <port dstActor="D0N49" name="p31" srcActor="D0N6"/>
            <port dstActor="D0N49" name="p32" srcActor="D0N48"/>
            <port dstActor="D0N13" name="p33" srcActor="D0N10"/>
            <port dstActor="D0N49" name="p34" srcActor="D0N10"/>
            <port dstActor="D0N37" name="p35" srcActor="D0N10"/>
            <port dstActor="D0N22" name="p36" srcActor="D0N10"/>
            <port dstActor="D0N43" name="p37" srcActor="D0N10"/>
            <port dstActor="D0N18" name="p38" srcActor="D0N10"/>
            <port dstActor="D0N41" name="p39" srcActor="D0N21"/>
            <port dstActor="D0N34" name="p40" srcActor="D0N21"/>
            <port dstActor="D0N33" name="p41" srcActor="D0N21"/>
            <port dstActor="D0N42" name="p42" srcActor="D0N28"/>
            <port dstActor="D0N33" name="p43" srcActor="D0N28"/>
            <port dstActor="D0N48" name="p44" srcActor="D0N28"/>
            <port dstActor="D0N42" name="p45" srcActor="D0N30"/>
            <port dstActor="D0N37" name="p46" srcActor="D0N30"/>
            <port dstActor="D0N39" name="p47" srcActor="D0N30"/>
            <port dstActor="D0N44" name="p48" srcActor="D0N41"/>
            <port dstActor="D0N36" name="p49" srcActor="D0N31"/>
            <port dstActor="D0N43" name="p50" srcActor="D0N31"/>
            <port dstActor="D0N32" name="p51" srcActor="D0N31"/>
            <port dstActor="D0N43" name="p52" srcActor="D0N35"/>
            <port dstActor="D0N39" name="p53" srcActor="D0N35"/>
            <port dstActor="D0N46" name="p54" srcActor="D0N35"/>
            <port dstActor="D0N43" name="p55" srcActor="D0N42"/>
            <port dstActor="D0N18" name="p56" srcActor="D0N2"/>
            <port dstActor="D0N33" name="p57" srcActor="D0N2"/>
            <port dstActor="D0N49" name="p58" srcActor="D0N2"/>
            <port dstActor="D0N8" name="p59" srcActor="D0N2"/>
            <port dstActor="D0N12" name="p60" srcActor="D0N2"/>
            <port dstActor="D0N32" name="p61" srcActor="D0N2"/>
            <port dstActor="D0N22" name="p62" srcActor="D0N2"/>
            <port dstActor="D0N30" name="p63" srcActor="D0N7"/>
            <port dstActor="D0N31" name="p64" srcActor="D0N7"/>
            <port dstActor="D0N21" name="p65" srcActor="D0N7"/>
            <port dstActor="D0N12" name="p66" srcActor="D0N7"/>
            <port dstActor="D0N20" name="p67" srcActor="D0N7"/>
            <port dstActor="D0N11" name="p68" srcActor="D0N7"/>
            <port dstActor="D0N41" name="p69" srcActor="D0N7"/>
            <port dstActor="D0N40" name="p70" srcActor="D0N25"/>
            <port dstActor="D0N43" name="p71" srcActor="D0N25"/>
            <port dstActor="D0N32" name="p72" srcActor="D0N25"/>
            <port dstActor="D0N42" name="p73" srcActor="D0N37"/>
            <port dstActor="D0N38" name="p74" srcActor="D0N37"/>
            <port dstActor="D0N48" name="p75" srcActor="D0N38"/>
            <port dstActor="D0N12" name="p76" srcActor="D0N5"/>
            <port dstActor="D0N47" name="p77" srcActor="D0N5"/>
            <port dstActor="D0N17" name="p78" srcActor="D0N5"/>
            <port dstActor="D0N34" name="p79" srcActor="D0N13"/>
            <port dstActor="D0N15" name="p80" srcActor="D0N13"/>
            <port dstActor="D0N42" name="p81" srcActor="D0N13"/>
            <port dstActor="D0N36" name="p82" srcActor="D0N0"/>
            <port dstActor="D0N38" name="p83" srcActor="D0N0"/>
            <port dstActor="D0N23" name="p84" srcActor="D0N0"/>
            <port dstActor="D0N46" name="p85" srcActor="D0N0"/>
            <port dstActor="D0N40" name="p86" srcActor="D0N0"/>
            <port dstActor="D0N9" name="p87" srcActor="D0N0"/>
            <port dstActor="D0N33" name="p88" srcActor="D0N18"/>
            <port dstActor="D0N37" name="p89" srcActor="D0N18"/>
            <port dstActor="D0N39" name="p90" srcActor="D0N18"/>
            <port dstActor="D0N40" name="p91" srcActor="D0N18"/>
            <port dstActor="D0N38" name="p92" srcActor="D0N16"/>
            <port dstActor="D0N39" name="p93" srcActor="D0N16"/>
            <port dstActor="D0N18" name="p94" srcActor="D0N16"/>
            <port dstActor="D0N43" name="p95" srcActor="D0N27"/>
            <port dstActor="D0N49" name="p96" srcActor="D0N22"/>
            <port dstActor="D0N36" name="p97" srcActor="D0N22"/>
            <port dstActor="D0N31" name="p98" srcActor="D0N22"/>
            <port dstActor="D0N35" name="p99" srcActor="D0N22"/>
            <port dstActor="D0N44" name="p100" srcActor="D0N22"/>
            <port dstActor="D0N28" name="p101" srcActor="D0N11"/>
            <port dstActor="D0N46" name="p102" srcActor="D0N11"/>
            <port dstActor="D0N34" name="p103" srcActor="D0N11"/>
            <port dstActor="D0N40" name="p104" srcActor="D0N11"/>
            <port dstActor="D0N31" name="p105" srcActor="D0N11"/>
            <port dstActor="D0N37" name="p106" srcActor="D0N11"/>
            <port dstActor="D0N38" name="p107" srcActor="D0N34"/>
            <port dstActor="D0N37" name="p108" srcActor="D0N34"/>
            <port dstActor="D0N46" name="p109" srcActor="D0N34"/>
            <port dstActor="D0N28" name="p110" srcActor="D0N23"/>
            <port dstActor="D0N38" name="p111" srcActor="D0N23"/>
            <port dstActor="D0N36" name="p112" srcActor="D0N23"/>
            <port dstActor="D0N34" name="p113" srcActor="D0N23"/>
            <port dstActor="D0N42" name="p114" srcActor="D0N26"/>
            <port dstActor="D0N33" name="p115" srcActor="D0N26"/>
            <port dstActor="D0N29" name="p116" srcActor="D0N26"/>
            <port dstActor="D0N44" name="p117" srcActor="D0N26"/>
            <port dstActor="D0N48" name="p118" srcActor="D0N43"/>
            <port dstActor="D0N2" name="p119" srcActor="D0N1"/>
            <port dstActor="D0N8" name="p120" srcActor="D0N1"/>
            <port dstActor="D0N42" name="p121" srcActor="D0N1"/>
            <port dstActor="D0N32" name="p122" srcActor="D0N1"/>
            <port dstActor="D0N31" name="p123" srcActor="D0N1"/>
            <port dstActor="D0N3" name="p124" srcActor="D0N1"/>
            <port dstActor="D0N42" name="p125" srcActor="D0N20"/>
            <port dstActor="D0N26" name="p126" srcActor="D0N20"/>
            <port dstActor="D0N28" name="p127" srcActor="D0N20"/>
            <port dstActor="D0N42" name="p128" srcActor="D0N40"/>
            <port dstActor="D0N34" name="p129" srcActor="D0N24"/>
            <port dstActor="D0N49" name="p130" srcActor="D0N14"/>
            <port dstActor="D0N37" name="p131" srcActor="D0N36"/>
            <port dstActor="D0N42" name="p132" srcActor="D0N36"/>
            <port dstActor="D0N23" name="p133" srcActor="D0N3"/>
            <port dstActor="D0N6" name="p134" srcActor="D0N3"/>
            <port dstActor="D0N19" name="p135" srcActor="D0N3"/>
            <port dstActor="D0N17" name="p136" srcActor="D0N3"/>
            <port dstActor="D0N4" name="p137" srcActor="D0N3"/>
            <port dstActor="D0N15" name="p138" srcActor="D0N3"/>
            <port dstActor="D0N22" name="p139" srcActor="D0N3"/>
            <port dstActor="D0N25" name="p140" srcActor="D0N3"/>
            <port dstActor="D0N39" name="p141" srcActor="D0N3"/>
            <port dstActor="D0N40" name="p142" srcActor="D0N3"/>
            <port dstActor="D0N37" name="p143" srcActor="D0N3"/>
            <port dstActor="D0N41" name="p144" srcActor="D0N3"/>
            <port dstActor="D0N28" name="p145" srcActor="D0N9"/>
            <port dstActor="D0N37" name="p146" srcActor="D0N9"/>
            <port dstActor="D0N19" name="p147" srcActor="D0N9"/>
        </ports>
    </mcdag>
    <cores number="3"/>
    <levels number="2"/>
</mcsystem>
