<?xml version="1.0" encoding="UTF-8" standalone="no"?>
<mcsystem>
    <mcdag deadline="1800" name="genned-0-ed-10.0-0">
        <actor name="D0N40">
            <wcet number="0">40</wcet>
            <wcet number="1">50</wcet>
            <maxpow number="0.7272815032974596"/>
            <maxpow number="0.7272815032974596"/>
            <fprob>0.0</fprob>
        </actor>
        <actor name="D0N28">
            <wcet number="0">10</wcet>
            <wcet number="1">20</wcet>
            <maxpow number="0.6842120664107146"/>
            <maxpow number="0.6842120664107146"/>
            <fprob>0.0</fprob>
        </actor>
        <actor name="D0N17">
            <wcet number="0">40</wcet>
            <wcet number="1">140</wcet>
            <maxpow number="0.46818743620712755"/>
            <maxpow number="0.46818743620712755"/>
            <fprob>0.0</fprob>
        </actor>
        <actor name="D0N7">
            <wcet number="0">40</wcet>
            <wcet number="1">60</wcet>
            <maxpow number="0.24048549044641032"/>
            <maxpow number="0.24048549044641032"/>
            <fprob>0.0</fprob>
        </actor>
        <actor name="D0N37">
            <wcet number="0">10</wcet>
            <wcet number="1">70</wcet>
            <maxpow number="0.4090358365299256"/>
            <maxpow number="0.4090358365299256"/>
            <fprob>0.0</fprob>
        </actor>
        <actor name="D0N35">
            <wcet number="0">10</wcet>
            <wcet number="1">10</wcet>
            <maxpow number="0.6442551979812325"/>
            <maxpow number="0.6442551979812325"/>
            <fprob>0.0</fprob>
        </actor>
        <actor name="D0N33">
            <wcet number="0">50</wcet>
            <wcet number="1">60</wcet>
            <maxpow number="0.6027832838581594"/>
            <maxpow number="0.6027832838581594"/>
            <fprob>0.0</fprob>
        </actor>
        <actor name="D0N16">
            <wcet number="0">60</wcet>
            <wcet number="1">160</wcet>
            <maxpow number="0.5126576366325121"/>
            <maxpow number="0.5126576366325121"/>
            <fprob>0.0</fprob>
        </actor>
        <actor name="D0N20">
            <wcet number="0">110</wcet>
            <wcet number="1">230</wcet>
            <maxpow number="0.5521579908317358"/>
            <maxpow number="0.5521579908317358"/>
            <fprob>0.0</fprob>
        </actor>
        <actor name="D0N23">
            <wcet number="0">30</wcet>
            <wcet number="1">110</wcet>
            <maxpow number="0.5223645881339105"/>
            <maxpow number="0.5223645881339105"/>
            <fprob>0.0</fprob>
        </actor>
        <actor name="D0N36">
            <wcet number="0">40</wcet>
            <wcet number="1">130</wcet>
            <maxpow number="0.3529499205648541"/>
            <maxpow number="0.3529499205648541"/>
            <fprob>0.0</fprob>
        </actor>
        <actor name="D0N9">
            <wcet number="0">140</wcet>
            <wcet number="1">160</wcet>
            <maxpow number="0.4503905391535586"/>
            <maxpow number="0.4503905391535586"/>
            <fprob>0.0</fprob>
        </actor>
        <actor name="D0N21">
            <wcet number="0">70</wcet>
            <wcet number="1">70</wcet>
            <maxpow number="0.36183969992479686"/>
            <maxpow number="0.36183969992479686"/>
            <fprob>0.0</fprob>
        </actor>
        <actor name="D0N0">
            <wcet number="0">20</wcet>
            <wcet number="1">20</wcet>
            <maxpow number="0.6542328614293482"/>
            <maxpow number="0.6542328614293482"/>
            <fprob>0.0</fprob>
        </actor>
        <actor name="D0N4">
            <wcet number="0">100</wcet>
            <wcet number="1">100</wcet>
            <maxpow number="0.4596240455104018"/>
            <maxpow number="0.4596240455104018"/>
            <fprob>0.0</fprob>
        </actor>
        <actor name="D0N11">
            <wcet number="0">70</wcet>
            <wcet number="1">90</wcet>
            <maxpow number="0.8112098495157394"/>
            <maxpow number="0.8112098495157394"/>
            <fprob>0.0</fprob>
        </actor>
        <actor name="D0N19">
            <wcet number="0">20</wcet>
            <wcet number="1">20</wcet>
            <maxpow number="0.2803371869876702"/>
            <maxpow number="0.2803371869876702"/>
            <fprob>0.0</fprob>
        </actor>
        <actor name="D0N8">
            <wcet number="0">60</wcet>
            <wcet number="1">190</wcet>
            <maxpow number="0.501310226308151"/>
            <maxpow number="0.501310226308151"/>
            <fprob>0.0</fprob>
        </actor>
        <actor name="D0N38">
            <wcet number="0">20</wcet>
            <wcet number="1">40</wcet>
            <maxpow number="0.7248028857261839"/>
            <maxpow number="0.7248028857261839"/>
            <fprob>0.0</fprob>
        </actor>
        <actor name="D0N2">
            <wcet number="0">10</wcet>
            <wcet number="1">120</wcet>
            <maxpow number="0.3927655772270745"/>
            <maxpow number="0.3927655772270745"/>
            <fprob>0.0</fprob>
        </actor>
        <actor name="D0N42">
            <wcet number="0">40</wcet>
            <wcet number="1">170</wcet>
            <maxpow number="0.8623579033342192"/>
            <maxpow number="0.8623579033342192"/>
            <fprob>0.0</fprob>
        </actor>
        <actor name="D0N47">
            <wcet number="0">30</wcet>
            <wcet number="1">80</wcet>
            <maxpow number="0.655606610781437"/>
            <maxpow number="0.655606610781437"/>
            <fprob>0.0</fprob>
        </actor>
        <actor name="D0N41">
            <wcet number="0">50</wcet>
            <wcet number="1">80</wcet>
            <maxpow number="0.8049431893020831"/>
            <maxpow number="0.8049431893020831"/>
            <fprob>0.0</fprob>
        </actor>
        <actor name="D0N14">
            <wcet number="0">110</wcet>
            <wcet number="1">180</wcet>
            <maxpow number="0.5273473002146578"/>
            <maxpow number="0.5273473002146578"/>
            <fprob>0.0</fprob>
        </actor>
        <actor name="D0N12">
            <wcet number="0">10</wcet>
            <wcet number="1">50</wcet>
            <maxpow number="0.7072406518315768"/>
            <maxpow number="0.7072406518315768"/>
            <fprob>0.0</fprob>
        </actor>
        <actor name="D0N6">
            <wcet number="0">100</wcet>
            <wcet number="1">110</wcet>
            <maxpow number="0.38503367069482497"/>
            <maxpow number="0.38503367069482497"/>
            <fprob>0.0</fprob>
        </actor>
        <actor name="D0N39">
            <wcet number="0">10</wcet>
            <wcet number="1">60</wcet>
            <maxpow number="0.7650752822765422"/>
            <maxpow number="0.7650752822765422"/>
            <fprob>0.0</fprob>
        </actor>
        <actor name="D0N5">
            <wcet number="0">70</wcet>
            <wcet number="1">140</wcet>
            <maxpow number="0.5344542039775034"/>
            <maxpow number="0.5344542039775034"/>
            <fprob>0.0</fprob>
        </actor>
        <actor name="D0N43">
            <wcet number="0">20</wcet>
            <wcet number="1">40</wcet>
            <maxpow number="0.43565055863898217"/>
            <maxpow number="0.43565055863898217"/>
            <fprob>0.0</fprob>
        </actor>
        <actor name="D0N24">
            <wcet number="0">80</wcet>
            <wcet number="1">150</wcet>
            <maxpow number="0.26641041113293135"/>
            <maxpow number="0.26641041113293135"/>
            <fprob>0.0</fprob>
        </actor>
        <actor name="D0N45">
            <wcet number="0">30</wcet>
            <wcet number="1">90</wcet>
            <maxpow number="0.38325416806193013"/>
            <maxpow number="0.38325416806193013"/>
            <fprob>0.0</fprob>
        </actor>
        <actor name="D0N15">
            <wcet number="0">70</wcet>
            <wcet number="1">80</wcet>
            <maxpow number="0.5934193480687613"/>
            <maxpow number="0.5934193480687613"/>
            <fprob>0.0</fprob>
        </actor>
        <actor name="D0N29">
            <wcet number="0">10</wcet>
            <wcet number="1">10</wcet>
            <maxpow number="0.6067539973065469"/>
            <maxpow number="0.6067539973065469"/>
            <fprob>0.0</fprob>
        </actor>
        <actor name="D0N31">
            <wcet number="0">40</wcet>
            <wcet number="1">120</wcet>
            <maxpow number="0.8307228214815296"/>
            <maxpow number="0.8307228214815296"/>
            <fprob>0.0</fprob>
        </actor>
        <actor name="D0N3">
            <wcet number="0">20</wcet>
            <wcet number="1">20</wcet>
            <maxpow number="0.4249604876236336"/>
            <maxpow number="0.4249604876236336"/>
            <fprob>0.0</fprob>
        </actor>
        <actor name="D0N30">
            <wcet number="0">10</wcet>
            <wcet number="1">40</wcet>
            <maxpow number="0.45999511862201925"/>
            <maxpow number="0.45999511862201925"/>
            <fprob>0.0</fprob>
        </actor>
        <actor name="D0N46">
            <wcet number="0">10</wcet>
            <wcet number="1">110</wcet>
            <maxpow number="0.5083054497696873"/>
            <maxpow number="0.5083054497696873"/>
            <fprob>0.0</fprob>
        </actor>
        <actor name="D0N1">
            <wcet number="0">20</wcet>
            <wcet number="1">70</wcet>
            <maxpow number="0.6049643439936997"/>
            <maxpow number="0.6049643439936997"/>
            <fprob>0.0</fprob>
        </actor>
        <actor name="D0N27">
            <wcet number="0">360</wcet>
            <wcet number="1">450</wcet>
            <maxpow number="0.5624604715136009"/>
            <maxpow number="0.5624604715136009"/>
            <fprob>0.0</fprob>
        </actor>
        <actor name="D0N44">
            <wcet number="0">30</wcet>
            <wcet number="1">360</wcet>
            <maxpow number="0.4127008810999194"/>
            <maxpow number="0.4127008810999194"/>
            <fprob>0.0</fprob>
        </actor>
        <actor name="D0N26">
            <wcet number="0">30</wcet>
            <wcet number="1">30</wcet>
            <maxpow number="0.900231503939439"/>
            <maxpow number="0.900231503939439"/>
            <fprob>0.0</fprob>
        </actor>
        <actor name="D0N32">
            <wcet number="0">20</wcet>
            <wcet number="1">40</wcet>
            <maxpow number="0.5691003890082341"/>
            <maxpow number="0.5691003890082341"/>
            <fprob>0.0</fprob>
        </actor>
        <actor name="D0N22">
            <wcet number="0">30</wcet>
            <wcet number="1">30</wcet>
            <maxpow number="0.31376028576551246"/>
            <maxpow number="0.31376028576551246"/>
            <fprob>0.0</fprob>
        </actor>
        <actor name="D0N13">
            <wcet number="0">30</wcet>
            <wcet number="1">160</wcet>
            <maxpow number="0.49001755986108625"/>
            <maxpow number="0.49001755986108625"/>
            <fprob>0.0</fprob>
        </actor>
        <actor name="D0N10">
            <wcet number="0">280</wcet>
            <wcet number="1">320</wcet>
            <maxpow number="0.4351320208357015"/>
            <maxpow number="0.4351320208357015"/>
            <fprob>0.0</fprob>
        </actor>
        <actor name="D0N34">
            <wcet number="0">130</wcet>
            <wcet number="1">130</wcet>
            <maxpow number="0.7520355435117119"/>
            <maxpow number="0.7520355435117119"/>
            <fprob>0.0</fprob>
        </actor>
        <actor name="D0N25">
            <wcet number="0">40</wcet>
            <wcet number="1">50</wcet>
            <maxpow number="0.5196615821963457"/>
            <maxpow number="0.5196615821963457"/>
            <fprob>0.0</fprob>
        </actor>
        <actor name="D0N18">
            <wcet number="0">20</wcet>
            <wcet number="1">20</wcet>
            <maxpow number="0.36148459199083305"/>
            <maxpow number="0.36148459199083305"/>
            <fprob>0.0</fprob>
        </actor>
        <ports>
            <port dstActor="D0N47" name="p0" srcActor="D0N40"/>
            <port dstActor="D0N41" name="p1" srcActor="D0N40"/>
            <port dstActor="D0N33" name="p2" srcActor="D0N28"/>
            <port dstActor="D0N39" name="p3" srcActor="D0N28"/>
            <port dstActor="D0N30" name="p4" srcActor="D0N28"/>
            <port dstActor="D0N31" name="p5" srcActor="D0N17"/>
            <port dstActor="D0N24" name="p6" srcActor="D0N17"/>
            <port dstActor="D0N19" name="p7" srcActor="D0N17"/>
            <port dstActor="D0N20" name="p8" srcActor="D0N7"/>
            <port dstActor="D0N47" name="p9" srcActor="D0N7"/>
            <port dstActor="D0N16" name="p10" srcActor="D0N7"/>
            <port dstActor="D0N40" name="p11" srcActor="D0N7"/>
            <port dstActor="D0N38" name="p12" srcActor="D0N7"/>
            <port dstActor="D0N19" name="p13" srcActor="D0N7"/>
            <port dstActor="D0N15" name="p14" srcActor="D0N7"/>
            <port dstActor="D0N45" name="p15" srcActor="D0N7"/>
            <port dstActor="D0N45" name="p16" srcActor="D0N35"/>
            <port dstActor="D0N36" name="p17" srcActor="D0N35"/>
            <port dstActor="D0N41" name="p18" srcActor="D0N35"/>
            <port dstActor="D0N40" name="p19" srcActor="D0N33"/>
            <port dstActor="D0N37" name="p20" srcActor="D0N33"/>
            <port dstActor="D0N26" name="p21" srcActor="D0N16"/>
            <port dstActor="D0N41" name="p22" srcActor="D0N16"/>
            <port dstActor="D0N42" name="p23" srcActor="D0N16"/>
            <port dstActor="D0N32" name="p24" srcActor="D0N16"/>
            <port dstActor="D0N33" name="p25" srcActor="D0N16"/>
            <port dstActor="D0N44" name="p26" srcActor="D0N20"/>
            <port dstActor="D0N34" name="p27" srcActor="D0N20"/>
            <port dstActor="D0N28" name="p28" srcActor="D0N23"/>
            <port dstActor="D0N40" name="p29" srcActor="D0N36"/>
            <port dstActor="D0N37" name="p30" srcActor="D0N36"/>
            <port dstActor="D0N38" name="p31" srcActor="D0N36"/>
            <port dstActor="D0N42" name="p32" srcActor="D0N36"/>
            <port dstActor="D0N24" name="p33" srcActor="D0N9"/>
            <port dstActor="D0N36" name="p34" srcActor="D0N9"/>
            <port dstActor="D0N39" name="p35" srcActor="D0N9"/>
            <port dstActor="D0N27" name="p36" srcActor="D0N9"/>
            <port dstActor="D0N23" name="p37" srcActor="D0N9"/>
            <port dstActor="D0N30" name="p38" srcActor="D0N21"/>
            <port dstActor="D0N37" name="p39" srcActor="D0N21"/>
            <port dstActor="D0N29" name="p40" srcActor="D0N21"/>
            <port dstActor="D0N34" name="p41" srcActor="D0N21"/>
            <port dstActor="D0N10" name="p42" srcActor="D0N0"/>
            <port dstActor="D0N29" name="p43" srcActor="D0N0"/>
            <port dstActor="D0N25" name="p44" srcActor="D0N4"/>
            <port dstActor="D0N39" name="p45" srcActor="D0N4"/>
            <port dstActor="D0N18" name="p46" srcActor="D0N4"/>
            <port dstActor="D0N42" name="p47" srcActor="D0N4"/>
            <port dstActor="D0N43" name="p48" srcActor="D0N4"/>
            <port dstActor="D0N20" name="p49" srcActor="D0N4"/>
            <port dstActor="D0N45" name="p50" srcActor="D0N4"/>
            <port dstActor="D0N35" name="p51" srcActor="D0N11"/>
            <port dstActor="D0N39" name="p52" srcActor="D0N11"/>
            <port dstActor="D0N37" name="p53" srcActor="D0N19"/>
            <port dstActor="D0N39" name="p54" srcActor="D0N19"/>
            <port dstActor="D0N22" name="p55" srcActor="D0N8"/>
            <port dstActor="D0N38" name="p56" srcActor="D0N8"/>
            <port dstActor="D0N17" name="p57" srcActor="D0N8"/>
            <port dstActor="D0N29" name="p58" srcActor="D0N8"/>
            <port dstActor="D0N37" name="p59" srcActor="D0N8"/>
            <port dstActor="D0N26" name="p60" srcActor="D0N8"/>
            <port dstActor="D0N11" name="p61" srcActor="D0N8"/>
            <port dstActor="D0N40" name="p62" srcActor="D0N38"/>
            <port dstActor="D0N44" name="p63" srcActor="D0N38"/>
            <port dstActor="D0N34" name="p64" srcActor="D0N2"/>
            <port dstActor="D0N21" name="p65" srcActor="D0N2"/>
            <port dstActor="D0N39" name="p66" srcActor="D0N2"/>
            <port dstActor="D0N47" name="p67" srcActor="D0N2"/>
            <port dstActor="D0N35" name="p68" srcActor="D0N2"/>
            <port dstActor="D0N43" name="p69" srcActor="D0N14"/>
            <port dstActor="D0N37" name="p70" srcActor="D0N14"/>
            <port dstActor="D0N20" name="p71" srcActor="D0N14"/>
            <port dstActor="D0N42" name="p72" srcActor="D0N14"/>
            <port dstActor="D0N19" name="p73" srcActor="D0N14"/>
            <port dstActor="D0N38" name="p74" srcActor="D0N14"/>
            <port dstActor="D0N23" name="p75" srcActor="D0N14"/>
            <port dstActor="D0N46" name="p76" srcActor="D0N14"/>
            <port dstActor="D0N18" name="p77" srcActor="D0N12"/>
            <port dstActor="D0N32" name="p78" srcActor="D0N12"/>
            <port dstActor="D0N19" name="p79" srcActor="D0N12"/>
            <port dstActor="D0N40" name="p80" srcActor="D0N12"/>
            <port dstActor="D0N21" name="p81" srcActor="D0N6"/>
            <port dstActor="D0N24" name="p82" srcActor="D0N6"/>
            <port dstActor="D0N18" name="p83" srcActor="D0N6"/>
            <port dstActor="D0N44" name="p84" srcActor="D0N39"/>
            <port dstActor="D0N42" name="p85" srcActor="D0N39"/>
            <port dstActor="D0N7" name="p86" srcActor="D0N5"/>
            <port dstActor="D0N31" name="p87" srcActor="D0N5"/>
            <port dstActor="D0N16" name="p88" srcActor="D0N5"/>
            <port dstActor="D0N46" name="p89" srcActor="D0N5"/>
            <port dstActor="D0N9" name="p90" srcActor="D0N5"/>
            <port dstActor="D0N46" name="p91" srcActor="D0N24"/>
            <port dstActor="D0N29" name="p92" srcActor="D0N15"/>
            <port dstActor="D0N36" name="p93" srcActor="D0N15"/>
            <port dstActor="D0N45" name="p94" srcActor="D0N15"/>
            <port dstActor="D0N46" name="p95" srcActor="D0N15"/>
            <port dstActor="D0N16" name="p96" srcActor="D0N15"/>
            <port dstActor="D0N45" name="p97" srcActor="D0N29"/>
            <port dstActor="D0N9" name="p98" srcActor="D0N3"/>
            <port dstActor="D0N35" name="p99" srcActor="D0N30"/>
            <port dstActor="D0N40" name="p100" srcActor="D0N30"/>
            <port dstActor="D0N38" name="p101" srcActor="D0N30"/>
            <port dstActor="D0N9" name="p102" srcActor="D0N1"/>
            <port dstActor="D0N22" name="p103" srcActor="D0N1"/>
            <port dstActor="D0N47" name="p104" srcActor="D0N1"/>
            <port dstActor="D0N6" name="p105" srcActor="D0N1"/>
            <port dstActor="D0N39" name="p106" srcActor="D0N27"/>
            <port dstActor="D0N26" name="p107" srcActor="D0N22"/>
            <port dstActor="D0N35" name="p108" srcActor="D0N22"/>
            <port dstActor="D0N30" name="p109" srcActor="D0N22"/>
            <port dstActor="D0N42" name="p110" srcActor="D0N13"/>
            <port dstActor="D0N38" name="p111" srcActor="D0N13"/>
            <port dstActor="D0N33" name="p112" srcActor="D0N13"/>
            <port dstActor="D0N39" name="p113" srcActor="D0N13"/>
            <port dstActor="D0N17" name="p114" srcActor="D0N13"/>
            <port dstActor="D0N22" name="p115" srcActor="D0N10"/>
            <port dstActor="D0N43" name="p116" srcActor="D0N10"/>
            <port dstActor="D0N38" name="p117" srcActor="D0N10"/>
            <port dstActor="D0N15" name="p118" srcActor="D0N10"/>
            <port dstActor="D0N41" name="p119" srcActor="D0N34"/>
            <port dstActor="D0N36" name="p120" srcActor="D0N25"/>
            <port dstActor="D0N39" name="p121" srcActor="D0N25"/>
            <port dstActor="D0N47" name="p122" srcActor="D0N25"/>
            <port dstActor="D0N26" name="p123" srcActor="D0N25"/>
            <port dstActor="D0N31" name="p124" srcActor="D0N18"/>
            <port dstActor="D0N35" name="p125" srcActor="D0N18"/>
        </ports>
    </mcdag>
    <cores number="3"/>
    <levels number="2"/>
</mcsystem>
