<?xml version="1.0" encoding="UTF-8" standalone="no"?>
<mcsystem>
    <mcdag deadline="2200" name="genned-0-ed-10.0-0">
        <actor name="D0N20">
            <wcet number="0">20</wcet>
            <wcet number="1">30</wcet>
            <maxpow number="0.3870930140751176"/>
            <maxpow number="0.3870930140751176"/>
            <fprob>0.0</fprob>
        </actor>
        <actor name="D0N19">
            <wcet number="0">340</wcet>
            <wcet number="1">410</wcet>
            <maxpow number="0.4193815593918127"/>
            <maxpow number="0.4193815593918127"/>
            <fprob>0.0</fprob>
        </actor>
        <actor name="D0N11">
            <wcet number="0">100</wcet>
            <wcet number="1">160</wcet>
            <maxpow number="0.7647096122188786"/>
            <maxpow number="0.7647096122188786"/>
            <fprob>0.0</fprob>
        </actor>
        <actor name="D0N14">
            <wcet number="0">80</wcet>
            <wcet number="1">100</wcet>
            <maxpow number="0.6824554919277102"/>
            <maxpow number="0.6824554919277102"/>
            <fprob>0.0</fprob>
        </actor>
        <actor name="D0N15">
            <wcet number="0">10</wcet>
            <wcet number="1">10</wcet>
            <maxpow number="0.6226062962177643"/>
            <maxpow number="0.6226062962177643"/>
            <fprob>0.0</fprob>
        </actor>
        <actor name="D0N47">
            <wcet number="0">70</wcet>
            <wcet number="1">100</wcet>
            <maxpow number="0.22480347896333497"/>
            <maxpow number="0.22480347896333497"/>
            <fprob>0.0</fprob>
        </actor>
        <actor name="D0N12">
            <wcet number="0">40</wcet>
            <wcet number="1">120</wcet>
            <maxpow number="0.6173205468273345"/>
            <maxpow number="0.6173205468273345"/>
            <fprob>0.0</fprob>
        </actor>
        <actor name="D0N25">
            <wcet number="0">10</wcet>
            <wcet number="1">10</wcet>
            <maxpow number="0.9393435507773259"/>
            <maxpow number="0.9393435507773259"/>
            <fprob>0.0</fprob>
        </actor>
        <actor name="D0N28">
            <wcet number="0">10</wcet>
            <wcet number="1">10</wcet>
            <maxpow number="0.5321189526684605"/>
            <maxpow number="0.5321189526684605"/>
            <fprob>0.0</fprob>
        </actor>
        <actor name="D0N2">
            <wcet number="0">50</wcet>
            <wcet number="1">210</wcet>
            <maxpow number="0.5732532035446076"/>
            <maxpow number="0.5732532035446076"/>
            <fprob>0.0</fprob>
        </actor>
        <actor name="D0N36">
            <wcet number="0">20</wcet>
            <wcet number="1">250</wcet>
            <maxpow number="0.425543596246441"/>
            <maxpow number="0.425543596246441"/>
            <fprob>0.0</fprob>
        </actor>
        <actor name="D0N0">
            <wcet number="0">10</wcet>
            <wcet number="1">40</wcet>
            <maxpow number="0.19878689105864056"/>
            <maxpow number="0.19878689105864056"/>
            <fprob>0.0</fprob>
        </actor>
        <actor name="D0N18">
            <wcet number="0">10</wcet>
            <wcet number="1">20</wcet>
            <maxpow number="0.6731863590948656"/>
            <maxpow number="0.6731863590948656"/>
            <fprob>0.0</fprob>
        </actor>
        <actor name="D0N23">
            <wcet number="0">30</wcet>
            <wcet number="1">30</wcet>
            <maxpow number="0.6884710024740438"/>
            <maxpow number="0.6884710024740438"/>
            <fprob>0.0</fprob>
        </actor>
        <actor name="D0N6">
            <wcet number="0">20</wcet>
            <wcet number="1">50</wcet>
            <maxpow number="0.6108615729563133"/>
            <maxpow number="0.6108615729563133"/>
            <fprob>0.0</fprob>
        </actor>
        <actor name="D0N27">
            <wcet number="0">20</wcet>
            <wcet number="1">20</wcet>
            <maxpow number="0.6644171858408369"/>
            <maxpow number="0.6644171858408369"/>
            <fprob>0.0</fprob>
        </actor>
        <actor name="D0N24">
            <wcet number="0">30</wcet>
            <wcet number="1">30</wcet>
            <maxpow number="0.39858971185018277"/>
            <maxpow number="0.39858971185018277"/>
            <fprob>0.0</fprob>
        </actor>
        <actor name="D0N16">
            <wcet number="0">20</wcet>
            <wcet number="1">120</wcet>
            <maxpow number="0.8521192076180282"/>
            <maxpow number="0.8521192076180282"/>
            <fprob>0.0</fprob>
        </actor>
        <actor name="D0N34">
            <wcet number="0">40</wcet>
            <wcet number="1">130</wcet>
            <maxpow number="0.34376912743316945"/>
            <maxpow number="0.34376912743316945"/>
            <fprob>0.0</fprob>
        </actor>
        <actor name="D0N37">
            <wcet number="0">120</wcet>
            <wcet number="1">140</wcet>
            <maxpow number="0.20643216493932792"/>
            <maxpow number="0.20643216493932792"/>
            <fprob>0.0</fprob>
        </actor>
        <actor name="D0N45">
            <wcet number="0">100</wcet>
            <wcet number="1">120</wcet>
            <maxpow number="0.6117273485132145"/>
            <maxpow number="0.6117273485132145"/>
            <fprob>0.0</fprob>
        </actor>
        <actor name="D0N42">
            <wcet number="0">10</wcet>
            <wcet number="1">20</wcet>
            <maxpow number="0.3594702476891662"/>
            <maxpow number="0.3594702476891662"/>
            <fprob>0.0</fprob>
        </actor>
        <actor name="D0N43">
            <wcet number="0">10</wcet>
            <wcet number="1">110</wcet>
            <maxpow number="0.40466911780732007"/>
            <maxpow number="0.40466911780732007"/>
            <fprob>0.0</fprob>
        </actor>
        <actor name="D0N5">
            <wcet number="0">10</wcet>
            <wcet number="1">10</wcet>
            <maxpow number="0.3595649977320493"/>
            <maxpow number="0.3595649977320493"/>
            <fprob>0.0</fprob>
        </actor>
        <actor name="D0N1">
            <wcet number="0">30</wcet>
            <wcet number="1">30</wcet>
            <maxpow number="0.636947312524213"/>
            <maxpow number="0.636947312524213"/>
            <fprob>0.0</fprob>
        </actor>
        <actor name="D0N3">
            <wcet number="0">100</wcet>
            <wcet number="1">200</wcet>
            <maxpow number="0.3992625384919697"/>
            <maxpow number="0.3992625384919697"/>
            <fprob>0.0</fprob>
        </actor>
        <actor name="D0N21">
            <wcet number="0">360</wcet>
            <wcet number="1">420</wcet>
            <maxpow number="0.7241110813158105"/>
            <maxpow number="0.7241110813158105"/>
            <fprob>0.0</fprob>
        </actor>
        <actor name="D0N32">
            <wcet number="0">20</wcet>
            <wcet number="1">20</wcet>
            <maxpow number="0.5797490079039228"/>
            <maxpow number="0.5797490079039228"/>
            <fprob>0.0</fprob>
        </actor>
        <actor name="D0N10">
            <wcet number="0">110</wcet>
            <wcet number="1">130</wcet>
            <maxpow number="0.4457096486693186"/>
            <maxpow number="0.4457096486693186"/>
            <fprob>0.0</fprob>
        </actor>
        <actor name="D0N44">
            <wcet number="0">160</wcet>
            <wcet number="1">320</wcet>
            <maxpow number="0.2895769415554265"/>
            <maxpow number="0.2895769415554265"/>
            <fprob>0.0</fprob>
        </actor>
        <actor name="D0N31">
            <wcet number="0">30</wcet>
            <wcet number="1">180</wcet>
            <maxpow number="0.4762218790471928"/>
            <maxpow number="0.4762218790471928"/>
            <fprob>0.0</fprob>
        </actor>
        <actor name="D0N26">
            <wcet number="0">10</wcet>
            <wcet number="1">10</wcet>
            <maxpow number="0.6780062144228751"/>
            <maxpow number="0.6780062144228751"/>
            <fprob>0.0</fprob>
        </actor>
        <actor name="D0N38">
            <wcet number="0">30</wcet>
            <wcet number="1">140</wcet>
            <maxpow number="0.9011187309340031"/>
            <maxpow number="0.9011187309340031"/>
            <fprob>0.0</fprob>
        </actor>
        <actor name="D0N41">
            <wcet number="0">20</wcet>
            <wcet number="1">20</wcet>
            <maxpow number="0.48131004131867694"/>
            <maxpow number="0.48131004131867694"/>
            <fprob>0.0</fprob>
        </actor>
        <actor name="D0N30">
            <wcet number="0">100</wcet>
            <wcet number="1">360</wcet>
            <maxpow number="0.28363181998499026"/>
            <maxpow number="0.28363181998499026"/>
            <fprob>0.0</fprob>
        </actor>
        <actor name="D0N35">
            <wcet number="0">200</wcet>
            <wcet number="1">290</wcet>
            <maxpow number="0.422779968068128"/>
            <maxpow number="0.422779968068128"/>
            <fprob>0.0</fprob>
        </actor>
        <actor name="D0N17">
            <wcet number="0">20</wcet>
            <wcet number="1">20</wcet>
            <maxpow number="0.5544147201667662"/>
            <maxpow number="0.5544147201667662"/>
            <fprob>0.0</fprob>
        </actor>
        <actor name="D0N8">
            <wcet number="0">70</wcet>
            <wcet number="1">260</wcet>
            <maxpow number="0.16887731421575464"/>
            <maxpow number="0.16887731421575464"/>
            <fprob>0.0</fprob>
        </actor>
        <actor name="D0N29">
            <wcet number="0">20</wcet>
            <wcet number="1">50</wcet>
            <maxpow number="0.2326284139464161"/>
            <maxpow number="0.2326284139464161"/>
            <fprob>0.0</fprob>
        </actor>
        <actor name="D0N7">
            <wcet number="0">190</wcet>
            <wcet number="1">320</wcet>
            <maxpow number="0.7017196555457086"/>
            <maxpow number="0.7017196555457086"/>
            <fprob>0.0</fprob>
        </actor>
        <actor name="D0N13">
            <wcet number="0">100</wcet>
            <wcet number="1">150</wcet>
            <maxpow number="0.5125205644373889"/>
            <maxpow number="0.5125205644373889"/>
            <fprob>0.0</fprob>
        </actor>
        <actor name="D0N39">
            <wcet number="0">40</wcet>
            <wcet number="1">80</wcet>
            <maxpow number="0.4052620856138104"/>
            <maxpow number="0.4052620856138104"/>
            <fprob>0.0</fprob>
        </actor>
        <actor name="D0N40">
            <wcet number="0">10</wcet>
            <wcet number="1">10</wcet>
            <maxpow number="0.29027561695335746"/>
            <maxpow number="0.29027561695335746"/>
            <fprob>0.0</fprob>
        </actor>
        <actor name="D0N9">
            <wcet number="0">140</wcet>
            <wcet number="1">180</wcet>
            <maxpow number="0.5093611684263738"/>
            <maxpow number="0.5093611684263738"/>
            <fprob>0.0</fprob>
        </actor>
        <actor name="D0N46">
            <wcet number="0">30</wcet>
            <wcet number="1">60</wcet>
            <maxpow number="0.7780772573426635"/>
            <maxpow number="0.7780772573426635"/>
            <fprob>0.0</fprob>
        </actor>
        <actor name="D0N22">
            <wcet number="0">10</wcet>
            <wcet number="1">10</wcet>
            <maxpow number="0.19394107210700118"/>
            <maxpow number="0.19394107210700118"/>
            <fprob>0.0</fprob>
        </actor>
        <actor name="D0N33">
            <wcet number="0">30</wcet>
            <wcet number="1">50</wcet>
            <maxpow number="0.7093456163168266"/>
            <maxpow number="0.7093456163168266"/>
            <fprob>0.0</fprob>
        </actor>
        <actor name="D0N4">
            <wcet number="0">10</wcet>
            <wcet number="1">160</wcet>
            <maxpow number="0.583300401960611"/>
            <maxpow number="0.583300401960611"/>
            <fprob>0.0</fprob>
        </actor>
        <ports>
            <port dstActor="D0N25" name="p0" srcActor="D0N20"/>
            <port dstActor="D0N44" name="p1" srcActor="D0N20"/>
            <port dstActor="D0N27" name="p2" srcActor="D0N20"/>
            <port dstActor="D0N21" name="p3" srcActor="D0N20"/>
            <port dstActor="D0N27" name="p4" srcActor="D0N19"/>
            <port dstActor="D0N31" name="p5" srcActor="D0N11"/>
            <port dstActor="D0N20" name="p6" srcActor="D0N14"/>
            <port dstActor="D0N31" name="p7" srcActor="D0N14"/>
            <port dstActor="D0N36" name="p8" srcActor="D0N14"/>
            <port dstActor="D0N39" name="p9" srcActor="D0N15"/>
            <port dstActor="D0N30" name="p10" srcActor="D0N12"/>
            <port dstActor="D0N23" name="p11" srcActor="D0N12"/>
            <port dstActor="D0N26" name="p12" srcActor="D0N12"/>
            <port dstActor="D0N33" name="p13" srcActor="D0N12"/>
            <port dstActor="D0N45" name="p14" srcActor="D0N25"/>
            <port dstActor="D0N34" name="p15" srcActor="D0N25"/>
            <port dstActor="D0N28" name="p16" srcActor="D0N25"/>
            <port dstActor="D0N36" name="p17" srcActor="D0N28"/>
            <port dstActor="D0N40" name="p18" srcActor="D0N28"/>
            <port dstActor="D0N30" name="p19" srcActor="D0N28"/>
            <port dstActor="D0N45" name="p20" srcActor="D0N28"/>
            <port dstActor="D0N39" name="p21" srcActor="D0N2"/>
            <port dstActor="D0N30" name="p22" srcActor="D0N2"/>
            <port dstActor="D0N28" name="p23" srcActor="D0N2"/>
            <port dstActor="D0N44" name="p24" srcActor="D0N0"/>
            <port dstActor="D0N5" name="p25" srcActor="D0N0"/>
            <port dstActor="D0N40" name="p26" srcActor="D0N0"/>
            <port dstActor="D0N26" name="p27" srcActor="D0N0"/>
            <port dstActor="D0N45" name="p28" srcActor="D0N18"/>
            <port dstActor="D0N45" name="p29" srcActor="D0N23"/>
            <port dstActor="D0N21" name="p30" srcActor="D0N6"/>
            <port dstActor="D0N11" name="p31" srcActor="D0N6"/>
            <port dstActor="D0N35" name="p32" srcActor="D0N6"/>
            <port dstActor="D0N41" name="p33" srcActor="D0N6"/>
            <port dstActor="D0N16" name="p34" srcActor="D0N6"/>
            <port dstActor="D0N28" name="p35" srcActor="D0N27"/>
            <port dstActor="D0N43" name="p36" srcActor="D0N24"/>
            <port dstActor="D0N40" name="p37" srcActor="D0N24"/>
            <port dstActor="D0N46" name="p38" srcActor="D0N24"/>
            <port dstActor="D0N35" name="p39" srcActor="D0N24"/>
            <port dstActor="D0N21" name="p40" srcActor="D0N16"/>
            <port dstActor="D0N30" name="p41" srcActor="D0N16"/>
            <port dstActor="D0N17" name="p42" srcActor="D0N16"/>
            <port dstActor="D0N40" name="p43" srcActor="D0N34"/>
            <port dstActor="D0N46" name="p44" srcActor="D0N34"/>
            <port dstActor="D0N46" name="p45" srcActor="D0N43"/>
            <port dstActor="D0N45" name="p46" srcActor="D0N43"/>
            <port dstActor="D0N40" name="p47" srcActor="D0N5"/>
            <port dstActor="D0N44" name="p48" srcActor="D0N5"/>
            <port dstActor="D0N8" name="p49" srcActor="D0N5"/>
            <port dstActor="D0N14" name="p50" srcActor="D0N5"/>
            <port dstActor="D0N18" name="p51" srcActor="D0N5"/>
            <port dstActor="D0N43" name="p52" srcActor="D0N5"/>
            <port dstActor="D0N22" name="p53" srcActor="D0N5"/>
            <port dstActor="D0N16" name="p54" srcActor="D0N5"/>
            <port dstActor="D0N11" name="p55" srcActor="D0N5"/>
            <port dstActor="D0N16" name="p56" srcActor="D0N1"/>
            <port dstActor="D0N43" name="p57" srcActor="D0N1"/>
            <port dstActor="D0N45" name="p58" srcActor="D0N3"/>
            <port dstActor="D0N30" name="p59" srcActor="D0N3"/>
            <port dstActor="D0N44" name="p60" srcActor="D0N3"/>
            <port dstActor="D0N25" name="p61" srcActor="D0N21"/>
            <port dstActor="D0N24" name="p62" srcActor="D0N21"/>
            <port dstActor="D0N35" name="p63" srcActor="D0N10"/>
            <port dstActor="D0N21" name="p64" srcActor="D0N10"/>
            <port dstActor="D0N39" name="p65" srcActor="D0N10"/>
            <port dstActor="D0N16" name="p66" srcActor="D0N10"/>
            <port dstActor="D0N46" name="p67" srcActor="D0N10"/>
            <port dstActor="D0N15" name="p68" srcActor="D0N10"/>
            <port dstActor="D0N46" name="p69" srcActor="D0N44"/>
            <port dstActor="D0N41" name="p70" srcActor="D0N31"/>
            <port dstActor="D0N43" name="p71" srcActor="D0N26"/>
            <port dstActor="D0N30" name="p72" srcActor="D0N26"/>
            <port dstActor="D0N47" name="p73" srcActor="D0N26"/>
            <port dstActor="D0N35" name="p74" srcActor="D0N26"/>
            <port dstActor="D0N32" name="p75" srcActor="D0N26"/>
            <port dstActor="D0N45" name="p76" srcActor="D0N30"/>
            <port dstActor="D0N44" name="p77" srcActor="D0N35"/>
            <port dstActor="D0N19" name="p78" srcActor="D0N17"/>
            <port dstActor="D0N24" name="p79" srcActor="D0N17"/>
            <port dstActor="D0N39" name="p80" srcActor="D0N17"/>
            <port dstActor="D0N33" name="p81" srcActor="D0N8"/>
            <port dstActor="D0N18" name="p82" srcActor="D0N8"/>
            <port dstActor="D0N31" name="p83" srcActor="D0N29"/>
            <port dstActor="D0N46" name="p84" srcActor="D0N29"/>
            <port dstActor="D0N41" name="p85" srcActor="D0N29"/>
            <port dstActor="D0N17" name="p86" srcActor="D0N7"/>
            <port dstActor="D0N37" name="p87" srcActor="D0N7"/>
            <port dstActor="D0N33" name="p88" srcActor="D0N7"/>
            <port dstActor="D0N44" name="p89" srcActor="D0N13"/>
            <port dstActor="D0N40" name="p90" srcActor="D0N13"/>
            <port dstActor="D0N47" name="p91" srcActor="D0N13"/>
            <port dstActor="D0N17" name="p92" srcActor="D0N13"/>
            <port dstActor="D0N36" name="p93" srcActor="D0N13"/>
            <port dstActor="D0N34" name="p94" srcActor="D0N13"/>
            <port dstActor="D0N30" name="p95" srcActor="D0N13"/>
            <port dstActor="D0N18" name="p96" srcActor="D0N9"/>
            <port dstActor="D0N23" name="p97" srcActor="D0N22"/>
            <port dstActor="D0N27" name="p98" srcActor="D0N22"/>
            <port dstActor="D0N44" name="p99" srcActor="D0N22"/>
            <port dstActor="D0N47" name="p100" srcActor="D0N33"/>
            <port dstActor="D0N25" name="p101" srcActor="D0N4"/>
            <port dstActor="D0N18" name="p102" srcActor="D0N4"/>
            <port dstActor="D0N15" name="p103" srcActor="D0N4"/>
            <port dstActor="D0N13" name="p104" srcActor="D0N4"/>
            <port dstActor="D0N17" name="p105" srcActor="D0N4"/>
        </ports>
    </mcdag>
    <cores number="3"/>
    <levels number="2"/>
</mcsystem>
