<?xml version="1.0" encoding="UTF-8" standalone="no"?>
<mcsystem>
    <mcdag deadline="1000" name="genned-0-ed-10.0-0">
        <actor name="D0N12">
            <wcet number="0">10</wcet>
            <wcet number="1">70</wcet>
            <maxpow number="0.5581601944439766"/>
            <maxpow number="0.5581601944439766"/>
            <fprob>0.0</fprob>
        </actor>
        <actor name="D0N26">
            <wcet number="0">10</wcet>
            <wcet number="1">20</wcet>
            <maxpow number="0.6710871453133814"/>
            <maxpow number="0.6710871453133814"/>
            <fprob>0.0</fprob>
        </actor>
        <actor name="D0N2">
            <wcet number="0">10</wcet>
            <wcet number="1">40</wcet>
            <maxpow number="0.4276023657490141"/>
            <maxpow number="0.4276023657490141"/>
            <fprob>0.0</fprob>
        </actor>
        <actor name="D0N14">
            <wcet number="0">120</wcet>
            <wcet number="1">120</wcet>
            <maxpow number="0.5228484563453609"/>
            <maxpow number="0.5228484563453609"/>
            <fprob>0.0</fprob>
        </actor>
        <actor name="D0N17">
            <wcet number="0">130</wcet>
            <wcet number="1">130</wcet>
            <maxpow number="0.6387978044413651"/>
            <maxpow number="0.6387978044413651"/>
            <fprob>0.0</fprob>
        </actor>
        <actor name="D0N24">
            <wcet number="0">20</wcet>
            <wcet number="1">30</wcet>
            <maxpow number="0.629167141477854"/>
            <maxpow number="0.629167141477854"/>
            <fprob>0.0</fprob>
        </actor>
        <actor name="D0N19">
            <wcet number="0">10</wcet>
            <wcet number="1">10</wcet>
            <maxpow number="0.5423228756086375"/>
            <maxpow number="0.5423228756086375"/>
            <fprob>0.0</fprob>
        </actor>
        <actor name="D0N23">
            <wcet number="0">10</wcet>
            <wcet number="1">10</wcet>
            <maxpow number="0.6582275888380175"/>
            <maxpow number="0.6582275888380175"/>
            <fprob>0.0</fprob>
        </actor>
        <actor name="D0N42">
            <wcet number="0">30</wcet>
            <wcet number="1">210</wcet>
            <maxpow number="0.36059191578917704"/>
            <maxpow number="0.36059191578917704"/>
            <fprob>0.0</fprob>
        </actor>
        <actor name="D0N36">
            <wcet number="0">10</wcet>
            <wcet number="1">10</wcet>
            <maxpow number="0.3877194213757148"/>
            <maxpow number="0.3877194213757148"/>
            <fprob>0.0</fprob>
        </actor>
        <actor name="D0N40">
            <wcet number="0">20</wcet>
            <wcet number="1">30</wcet>
            <maxpow number="0.953934472563266"/>
            <maxpow number="0.953934472563266"/>
            <fprob>0.0</fprob>
        </actor>
        <actor name="D0N21">
            <wcet number="0">10</wcet>
            <wcet number="1">40</wcet>
            <maxpow number="0.6430507415044507"/>
            <maxpow number="0.6430507415044507"/>
            <fprob>0.0</fprob>
        </actor>
        <actor name="D0N39">
            <wcet number="0">50</wcet>
            <wcet number="1">50</wcet>
            <maxpow number="0.4497342245780983"/>
            <maxpow number="0.4497342245780983"/>
            <fprob>0.0</fprob>
        </actor>
        <actor name="D0N28">
            <wcet number="0">10</wcet>
            <wcet number="1">10</wcet>
            <maxpow number="0.5746284618359676"/>
            <maxpow number="0.5746284618359676"/>
            <fprob>0.0</fprob>
        </actor>
        <actor name="D0N25">
            <wcet number="0">80</wcet>
            <wcet number="1">90</wcet>
            <maxpow number="0.4963070147966468"/>
            <maxpow number="0.4963070147966468"/>
            <fprob>0.0</fprob>
        </actor>
        <actor name="D0N33">
            <wcet number="0">20</wcet>
            <wcet number="1">20</wcet>
            <maxpow number="0.8010493452485643"/>
            <maxpow number="0.8010493452485643"/>
            <fprob>0.0</fprob>
        </actor>
        <actor name="D0N10">
            <wcet number="0">50</wcet>
            <wcet number="1">60</wcet>
            <maxpow number="0.607457664970354"/>
            <maxpow number="0.607457664970354"/>
            <fprob>0.0</fprob>
        </actor>
        <actor name="D0N37">
            <wcet number="0">40</wcet>
            <wcet number="1">60</wcet>
            <maxpow number="0.532576730970791"/>
            <maxpow number="0.532576730970791"/>
            <fprob>0.0</fprob>
        </actor>
        <actor name="D0N30">
            <wcet number="0">20</wcet>
            <wcet number="1">30</wcet>
            <maxpow number="0.7508414164932753"/>
            <maxpow number="0.7508414164932753"/>
            <fprob>0.0</fprob>
        </actor>
        <actor name="D0N34">
            <wcet number="0">30</wcet>
            <wcet number="1">30</wcet>
            <maxpow number="0.760124923837687"/>
            <maxpow number="0.760124923837687"/>
            <fprob>0.0</fprob>
        </actor>
        <actor name="D0N9">
            <wcet number="0">40</wcet>
            <wcet number="1">180</wcet>
            <maxpow number="0.46322738550298204"/>
            <maxpow number="0.46322738550298204"/>
            <fprob>0.0</fprob>
        </actor>
        <actor name="D0N27">
            <wcet number="0">130</wcet>
            <wcet number="1">190</wcet>
            <maxpow number="0.6433774965438454"/>
            <maxpow number="0.6433774965438454"/>
            <fprob>0.0</fprob>
        </actor>
        <actor name="D0N22">
            <wcet number="0">10</wcet>
            <wcet number="1">20</wcet>
            <maxpow number="0.7643712692848832"/>
            <maxpow number="0.7643712692848832"/>
            <fprob>0.0</fprob>
        </actor>
        <actor name="D0N32">
            <wcet number="0">40</wcet>
            <wcet number="1">140</wcet>
            <maxpow number="0.5554998363607095"/>
            <maxpow number="0.5554998363607095"/>
            <fprob>0.0</fprob>
        </actor>
        <actor name="D0N38">
            <wcet number="0">10</wcet>
            <wcet number="1">30</wcet>
            <maxpow number="0.4683923607134377"/>
            <maxpow number="0.4683923607134377"/>
            <fprob>0.0</fprob>
        </actor>
        <actor name="D0N8">
            <wcet number="0">20</wcet>
            <wcet number="1">20</wcet>
            <maxpow number="0.261923640275296"/>
            <maxpow number="0.261923640275296"/>
            <fprob>0.0</fprob>
        </actor>
        <actor name="D0N7">
            <wcet number="0">10</wcet>
            <wcet number="1">10</wcet>
            <maxpow number="0.2475348717138509"/>
            <maxpow number="0.2475348717138509"/>
            <fprob>0.0</fprob>
        </actor>
        <actor name="D0N13">
            <wcet number="0">10</wcet>
            <wcet number="1">30</wcet>
            <maxpow number="0.5136473961087504"/>
            <maxpow number="0.5136473961087504"/>
            <fprob>0.0</fprob>
        </actor>
        <actor name="D0N4">
            <wcet number="0">10</wcet>
            <wcet number="1">10</wcet>
            <maxpow number="0.47119171539721777"/>
            <maxpow number="0.47119171539721777"/>
            <fprob>0.0</fprob>
        </actor>
        <actor name="D0N18">
            <wcet number="0">10</wcet>
            <wcet number="1">70</wcet>
            <maxpow number="0.3322047916871661"/>
            <maxpow number="0.3322047916871661"/>
            <fprob>0.0</fprob>
        </actor>
        <actor name="D0N11">
            <wcet number="0">100</wcet>
            <wcet number="1">110</wcet>
            <maxpow number="0.6755578894698211"/>
            <maxpow number="0.6755578894698211"/>
            <fprob>0.0</fprob>
        </actor>
        <actor name="D0N41">
            <wcet number="0">70</wcet>
            <wcet number="1">90</wcet>
            <maxpow number="0.7559270272964999"/>
            <maxpow number="0.7559270272964999"/>
            <fprob>0.0</fprob>
        </actor>
        <actor name="D0N0">
            <wcet number="0">30</wcet>
            <wcet number="1">50</wcet>
            <maxpow number="0.5312531233597853"/>
            <maxpow number="0.5312531233597853"/>
            <fprob>0.0</fprob>
        </actor>
        <actor name="D0N15">
            <wcet number="0">70</wcet>
            <wcet number="1">90</wcet>
            <maxpow number="0.4527655640315588"/>
            <maxpow number="0.4527655640315588"/>
            <fprob>0.0</fprob>
        </actor>
        <actor name="D0N35">
            <wcet number="0">40</wcet>
            <wcet number="1">40</wcet>
            <maxpow number="0.5657529741347472"/>
            <maxpow number="0.5657529741347472"/>
            <fprob>0.0</fprob>
        </actor>
        <actor name="D0N1">
            <wcet number="0">10</wcet>
            <wcet number="1">160</wcet>
            <maxpow number="0.5839545876923502"/>
            <maxpow number="0.5839545876923502"/>
            <fprob>0.0</fprob>
        </actor>
        <actor name="D0N3">
            <wcet number="0">40</wcet>
            <wcet number="1">60</wcet>
            <maxpow number="0.3708692444936388"/>
            <maxpow number="0.3708692444936388"/>
            <fprob>0.0</fprob>
        </actor>
        <actor name="D0N6">
            <wcet number="0">20</wcet>
            <wcet number="1">120</wcet>
            <maxpow number="0.3035304956968181"/>
            <maxpow number="0.3035304956968181"/>
            <fprob>0.0</fprob>
        </actor>
        <actor name="D0N5">
            <wcet number="0">10</wcet>
            <wcet number="1">10</wcet>
            <maxpow number="0.46505214201034356"/>
            <maxpow number="0.46505214201034356"/>
            <fprob>0.0</fprob>
        </actor>
        <actor name="D0N31">
            <wcet number="0">80</wcet>
            <wcet number="1">120</wcet>
            <maxpow number="0.6079203002336397"/>
            <maxpow number="0.6079203002336397"/>
            <fprob>0.0</fprob>
        </actor>
        <actor name="D0N29">
            <wcet number="0">20</wcet>
            <wcet number="1">20</wcet>
            <maxpow number="0.7866443366329308"/>
            <maxpow number="0.7866443366329308"/>
            <fprob>0.0</fprob>
        </actor>
        <actor name="D0N20">
            <wcet number="0">20</wcet>
            <wcet number="1">30</wcet>
            <maxpow number="0.7481924748129728"/>
            <maxpow number="0.7481924748129728"/>
            <fprob>0.0</fprob>
        </actor>
        <actor name="D0N16">
            <wcet number="0">20</wcet>
            <wcet number="1">30</wcet>
            <maxpow number="0.46731264543422835"/>
            <maxpow number="0.46731264543422835"/>
            <fprob>0.0</fprob>
        </actor>
        <ports>
            <port dstActor="D0N22" name="p0" srcActor="D0N12"/>
            <port dstActor="D0N14" name="p1" srcActor="D0N12"/>
            <port dstActor="D0N24" name="p2" srcActor="D0N12"/>
            <port dstActor="D0N23" name="p3" srcActor="D0N2"/>
            <port dstActor="D0N36" name="p4" srcActor="D0N2"/>
            <port dstActor="D0N20" name="p5" srcActor="D0N2"/>
            <port dstActor="D0N24" name="p6" srcActor="D0N14"/>
            <port dstActor="D0N36" name="p7" srcActor="D0N17"/>
            <port dstActor="D0N21" name="p8" srcActor="D0N19"/>
            <port dstActor="D0N23" name="p9" srcActor="D0N19"/>
            <port dstActor="D0N34" name="p10" srcActor="D0N19"/>
            <port dstActor="D0N42" name="p11" srcActor="D0N23"/>
            <port dstActor="D0N27" name="p12" srcActor="D0N23"/>
            <port dstActor="D0N29" name="p13" srcActor="D0N23"/>
            <port dstActor="D0N41" name="p14" srcActor="D0N36"/>
            <port dstActor="D0N42" name="p15" srcActor="D0N40"/>
            <port dstActor="D0N28" name="p16" srcActor="D0N21"/>
            <port dstActor="D0N30" name="p17" srcActor="D0N21"/>
            <port dstActor="D0N41" name="p18" srcActor="D0N21"/>
            <port dstActor="D0N24" name="p19" srcActor="D0N21"/>
            <port dstActor="D0N42" name="p20" srcActor="D0N39"/>
            <port dstActor="D0N42" name="p21" srcActor="D0N25"/>
            <port dstActor="D0N31" name="p22" srcActor="D0N25"/>
            <port dstActor="D0N12" name="p23" srcActor="D0N10"/>
            <port dstActor="D0N37" name="p24" srcActor="D0N10"/>
            <port dstActor="D0N26" name="p25" srcActor="D0N10"/>
            <port dstActor="D0N11" name="p26" srcActor="D0N10"/>
            <port dstActor="D0N24" name="p27" srcActor="D0N10"/>
            <port dstActor="D0N38" name="p28" srcActor="D0N30"/>
            <port dstActor="D0N34" name="p29" srcActor="D0N30"/>
            <port dstActor="D0N36" name="p30" srcActor="D0N30"/>
            <port dstActor="D0N34" name="p31" srcActor="D0N9"/>
            <port dstActor="D0N16" name="p32" srcActor="D0N9"/>
            <port dstActor="D0N24" name="p33" srcActor="D0N9"/>
            <port dstActor="D0N22" name="p34" srcActor="D0N9"/>
            <port dstActor="D0N33" name="p35" srcActor="D0N22"/>
            <port dstActor="D0N38" name="p36" srcActor="D0N32"/>
            <port dstActor="D0N34" name="p37" srcActor="D0N32"/>
            <port dstActor="D0N29" name="p38" srcActor="D0N8"/>
            <port dstActor="D0N17" name="p39" srcActor="D0N8"/>
            <port dstActor="D0N27" name="p40" srcActor="D0N7"/>
            <port dstActor="D0N26" name="p41" srcActor="D0N7"/>
            <port dstActor="D0N11" name="p42" srcActor="D0N7"/>
            <port dstActor="D0N16" name="p43" srcActor="D0N7"/>
            <port dstActor="D0N22" name="p44" srcActor="D0N13"/>
            <port dstActor="D0N42" name="p45" srcActor="D0N18"/>
            <port dstActor="D0N28" name="p46" srcActor="D0N11"/>
            <port dstActor="D0N18" name="p47" srcActor="D0N11"/>
            <port dstActor="D0N36" name="p48" srcActor="D0N11"/>
            <port dstActor="D0N42" name="p49" srcActor="D0N11"/>
            <port dstActor="D0N37" name="p50" srcActor="D0N11"/>
            <port dstActor="D0N1" name="p51" srcActor="D0N0"/>
            <port dstActor="D0N39" name="p52" srcActor="D0N35"/>
            <port dstActor="D0N32" name="p53" srcActor="D0N1"/>
            <port dstActor="D0N16" name="p54" srcActor="D0N1"/>
            <port dstActor="D0N40" name="p55" srcActor="D0N1"/>
            <port dstActor="D0N35" name="p56" srcActor="D0N1"/>
            <port dstActor="D0N16" name="p57" srcActor="D0N3"/>
            <port dstActor="D0N11" name="p58" srcActor="D0N3"/>
            <port dstActor="D0N17" name="p59" srcActor="D0N3"/>
            <port dstActor="D0N20" name="p60" srcActor="D0N3"/>
            <port dstActor="D0N17" name="p61" srcActor="D0N6"/>
            <port dstActor="D0N20" name="p62" srcActor="D0N6"/>
            <port dstActor="D0N37" name="p63" srcActor="D0N5"/>
            <port dstActor="D0N21" name="p64" srcActor="D0N5"/>
            <port dstActor="D0N14" name="p65" srcActor="D0N5"/>
            <port dstActor="D0N36" name="p66" srcActor="D0N5"/>
            <port dstActor="D0N38" name="p67" srcActor="D0N31"/>
            <port dstActor="D0N34" name="p68" srcActor="D0N29"/>
            <port dstActor="D0N40" name="p69" srcActor="D0N29"/>
            <port dstActor="D0N32" name="p70" srcActor="D0N20"/>
            <port dstActor="D0N38" name="p71" srcActor="D0N20"/>
            <port dstActor="D0N33" name="p72" srcActor="D0N20"/>
            <port dstActor="D0N42" name="p73" srcActor="D0N20"/>
            <port dstActor="D0N40" name="p74" srcActor="D0N20"/>
            <port dstActor="D0N25" name="p75" srcActor="D0N16"/>
            <port dstActor="D0N35" name="p76" srcActor="D0N16"/>
        </ports>
    </mcdag>
    <cores number="3"/>
    <levels number="2"/>
</mcsystem>
