<?xml version="1.0" encoding="UTF-8" standalone="no"?>
<mcsystem>
    <mcdag deadline="2500" name="genned-0-ed-10.0-0">
        <actor name="D0N37">
            <wcet number="0">20</wcet>
            <wcet number="1">30</wcet>
            <maxpow number="0.19634121638870322"/>
            <maxpow number="0.19634121638870322"/>
            <fprob>0.0</fprob>
        </actor>
        <actor name="D0N35">
            <wcet number="0">80</wcet>
            <wcet number="1">90</wcet>
            <maxpow number="0.8169875093795286"/>
            <maxpow number="0.8169875093795286"/>
            <fprob>0.0</fprob>
        </actor>
        <actor name="D0N44">
            <wcet number="0">30</wcet>
            <wcet number="1">40</wcet>
            <maxpow number="0.4592054575528386"/>
            <maxpow number="0.4592054575528386"/>
            <fprob>0.0</fprob>
        </actor>
        <actor name="D0N2">
            <wcet number="0">10</wcet>
            <wcet number="1">30</wcet>
            <maxpow number="0.14625212788417402"/>
            <maxpow number="0.14625212788417402"/>
            <fprob>0.0</fprob>
        </actor>
        <actor name="D0N30">
            <wcet number="0">60</wcet>
            <wcet number="1">80</wcet>
            <maxpow number="0.4360077142033171"/>
            <maxpow number="0.4360077142033171"/>
            <fprob>0.0</fprob>
        </actor>
        <actor name="D0N9">
            <wcet number="0">40</wcet>
            <wcet number="1">60</wcet>
            <maxpow number="0.470195255928775"/>
            <maxpow number="0.470195255928775"/>
            <fprob>0.0</fprob>
        </actor>
        <actor name="D0N12">
            <wcet number="0">10</wcet>
            <wcet number="1">70</wcet>
            <maxpow number="0.5013234047468575"/>
            <maxpow number="0.5013234047468575"/>
            <fprob>0.0</fprob>
        </actor>
        <actor name="D0N8">
            <wcet number="0">40</wcet>
            <wcet number="1">40</wcet>
            <maxpow number="0.5713387349301874"/>
            <maxpow number="0.5713387349301874"/>
            <fprob>0.0</fprob>
        </actor>
        <actor name="D0N24">
            <wcet number="0">10</wcet>
            <wcet number="1">30</wcet>
            <maxpow number="0.406000424925922"/>
            <maxpow number="0.406000424925922"/>
            <fprob>0.0</fprob>
        </actor>
        <actor name="D0N29">
            <wcet number="0">20</wcet>
            <wcet number="1">150</wcet>
            <maxpow number="0.7422777176996216"/>
            <maxpow number="0.7422777176996216"/>
            <fprob>0.0</fprob>
        </actor>
        <actor name="D0N40">
            <wcet number="0">300</wcet>
            <wcet number="1">350</wcet>
            <maxpow number="0.6448461701733305"/>
            <maxpow number="0.6448461701733305"/>
            <fprob>0.0</fprob>
        </actor>
        <actor name="D0N33">
            <wcet number="0">70</wcet>
            <wcet number="1">230</wcet>
            <maxpow number="0.6747657752302534"/>
            <maxpow number="0.6747657752302534"/>
            <fprob>0.0</fprob>
        </actor>
        <actor name="D0N11">
            <wcet number="0">10</wcet>
            <wcet number="1">40</wcet>
            <maxpow number="0.5663618935525182"/>
            <maxpow number="0.5663618935525182"/>
            <fprob>0.0</fprob>
        </actor>
        <actor name="D0N38">
            <wcet number="0">210</wcet>
            <wcet number="1">240</wcet>
            <maxpow number="0.5471139191388116"/>
            <maxpow number="0.5471139191388116"/>
            <fprob>0.0</fprob>
        </actor>
        <actor name="D0N4">
            <wcet number="0">100</wcet>
            <wcet number="1">180</wcet>
            <maxpow number="0.7380344076471232"/>
            <maxpow number="0.7380344076471232"/>
            <fprob>0.0</fprob>
        </actor>
        <actor name="D0N10">
            <wcet number="0">110</wcet>
            <wcet number="1">260</wcet>
            <maxpow number="0.5272879024866911"/>
            <maxpow number="0.5272879024866911"/>
            <fprob>0.0</fprob>
        </actor>
        <actor name="D0N14">
            <wcet number="0">300</wcet>
            <wcet number="1">350</wcet>
            <maxpow number="0.4468514396326116"/>
            <maxpow number="0.4468514396326116"/>
            <fprob>0.0</fprob>
        </actor>
        <actor name="D0N20">
            <wcet number="0">50</wcet>
            <wcet number="1">170</wcet>
            <maxpow number="0.4123675453159664"/>
            <maxpow number="0.4123675453159664"/>
            <fprob>0.0</fprob>
        </actor>
        <actor name="D0N3">
            <wcet number="0">20</wcet>
            <wcet number="1">20</wcet>
            <maxpow number="0.49363461290483124"/>
            <maxpow number="0.49363461290483124"/>
            <fprob>0.0</fprob>
        </actor>
        <actor name="D0N19">
            <wcet number="0">70</wcet>
            <wcet number="1">100</wcet>
            <maxpow number="0.5674445793398705"/>
            <maxpow number="0.5674445793398705"/>
            <fprob>0.0</fprob>
        </actor>
        <actor name="D0N26">
            <wcet number="0">40</wcet>
            <wcet number="1">40</wcet>
            <maxpow number="0.8212042734932925"/>
            <maxpow number="0.8212042734932925"/>
            <fprob>0.0</fprob>
        </actor>
        <actor name="D0N27">
            <wcet number="0">10</wcet>
            <wcet number="1">10</wcet>
            <maxpow number="0.6945747825242548"/>
            <maxpow number="0.6945747825242548"/>
            <fprob>0.0</fprob>
        </actor>
        <actor name="D0N15">
            <wcet number="0">10</wcet>
            <wcet number="1">10</wcet>
            <maxpow number="0.5330674421631739"/>
            <maxpow number="0.5330674421631739"/>
            <fprob>0.0</fprob>
        </actor>
        <actor name="D0N28">
            <wcet number="0">10</wcet>
            <wcet number="1">10</wcet>
            <maxpow number="0.6530034796938805"/>
            <maxpow number="0.6530034796938805"/>
            <fprob>0.0</fprob>
        </actor>
        <actor name="D0N23">
            <wcet number="0">50</wcet>
            <wcet number="1">50</wcet>
            <maxpow number="0.6472227643189339"/>
            <maxpow number="0.6472227643189339"/>
            <fprob>0.0</fprob>
        </actor>
        <actor name="D0N45">
            <wcet number="0">10</wcet>
            <wcet number="1">440</wcet>
            <maxpow number="0.2353383813886572"/>
            <maxpow number="0.2353383813886572"/>
            <fprob>0.0</fprob>
        </actor>
        <actor name="D0N1">
            <wcet number="0">30</wcet>
            <wcet number="1">50</wcet>
            <maxpow number="0.4358589506847739"/>
            <maxpow number="0.4358589506847739"/>
            <fprob>0.0</fprob>
        </actor>
        <actor name="D0N0">
            <wcet number="0">100</wcet>
            <wcet number="1">180</wcet>
            <maxpow number="0.3355230251456096"/>
            <maxpow number="0.3355230251456096"/>
            <fprob>0.0</fprob>
        </actor>
        <actor name="D0N32">
            <wcet number="0">10</wcet>
            <wcet number="1">100</wcet>
            <maxpow number="0.42952443225330467"/>
            <maxpow number="0.42952443225330467"/>
            <fprob>0.0</fprob>
        </actor>
        <actor name="D0N18">
            <wcet number="0">80</wcet>
            <wcet number="1">90</wcet>
            <maxpow number="0.7296960205550848"/>
            <maxpow number="0.7296960205550848"/>
            <fprob>0.0</fprob>
        </actor>
        <actor name="D0N42">
            <wcet number="0">80</wcet>
            <wcet number="1">80</wcet>
            <maxpow number="0.6623124580204284"/>
            <maxpow number="0.6623124580204284"/>
            <fprob>0.0</fprob>
        </actor>
        <actor name="D0N36">
            <wcet number="0">10</wcet>
            <wcet number="1">20</wcet>
            <maxpow number="0.6581593692342419"/>
            <maxpow number="0.6581593692342419"/>
            <fprob>0.0</fprob>
        </actor>
        <actor name="D0N21">
            <wcet number="0">10</wcet>
            <wcet number="1">20</wcet>
            <maxpow number="0.5266008513850041"/>
            <maxpow number="0.5266008513850041"/>
            <fprob>0.0</fprob>
        </actor>
        <actor name="D0N6">
            <wcet number="0">30</wcet>
            <wcet number="1">50</wcet>
            <maxpow number="0.7868998677098392"/>
            <maxpow number="0.7868998677098392"/>
            <fprob>0.0</fprob>
        </actor>
        <actor name="D0N7">
            <wcet number="0">80</wcet>
            <wcet number="1">110</wcet>
            <maxpow number="0.07000174516412944"/>
            <maxpow number="0.07000174516412944"/>
            <fprob>0.0</fprob>
        </actor>
        <actor name="D0N16">
            <wcet number="0">130</wcet>
            <wcet number="1">140</wcet>
            <maxpow number="0.776114943017206"/>
            <maxpow number="0.776114943017206"/>
            <fprob>0.0</fprob>
        </actor>
        <actor name="D0N31">
            <wcet number="0">10</wcet>
            <wcet number="1">70</wcet>
            <maxpow number="0.33163160530890057"/>
            <maxpow number="0.33163160530890057"/>
            <fprob>0.0</fprob>
        </actor>
        <actor name="D0N34">
            <wcet number="0">150</wcet>
            <wcet number="1">240</wcet>
            <maxpow number="0.5852010645015971"/>
            <maxpow number="0.5852010645015971"/>
            <fprob>0.0</fprob>
        </actor>
        <actor name="D0N5">
            <wcet number="0">20</wcet>
            <wcet number="1">40</wcet>
            <maxpow number="0.6749070538494321"/>
            <maxpow number="0.6749070538494321"/>
            <fprob>0.0</fprob>
        </actor>
        <actor name="D0N22">
            <wcet number="0">170</wcet>
            <wcet number="1">300</wcet>
            <maxpow number="0.37127019496672226"/>
            <maxpow number="0.37127019496672226"/>
            <fprob>0.0</fprob>
        </actor>
        <actor name="D0N17">
            <wcet number="0">20</wcet>
            <wcet number="1">50</wcet>
            <maxpow number="0.6195435460254597"/>
            <maxpow number="0.6195435460254597"/>
            <fprob>0.0</fprob>
        </actor>
        <actor name="D0N46">
            <wcet number="0">250</wcet>
            <wcet number="1">330</wcet>
            <maxpow number="0.6393777060087044"/>
            <maxpow number="0.6393777060087044"/>
            <fprob>0.0</fprob>
        </actor>
        <actor name="D0N13">
            <wcet number="0">10</wcet>
            <wcet number="1">50</wcet>
            <maxpow number="0.6822155527378393"/>
            <maxpow number="0.6822155527378393"/>
            <fprob>0.0</fprob>
        </actor>
        <actor name="D0N39">
            <wcet number="0">50</wcet>
            <wcet number="1">80</wcet>
            <maxpow number="0.6767166862995394"/>
            <maxpow number="0.6767166862995394"/>
            <fprob>0.0</fprob>
        </actor>
        <actor name="D0N43">
            <wcet number="0">100</wcet>
            <wcet number="1">100</wcet>
            <maxpow number="0.8013166129066966"/>
            <maxpow number="0.8013166129066966"/>
            <fprob>0.0</fprob>
        </actor>
        <actor name="D0N25">
            <wcet number="0">150</wcet>
            <wcet number="1">170</wcet>
            <maxpow number="0.513914879021097"/>
            <maxpow number="0.513914879021097"/>
            <fprob>0.0</fprob>
        </actor>
        <actor name="D0N41">
            <wcet number="0">90</wcet>
            <wcet number="1">110</wcet>
            <maxpow number="0.5065507109966898"/>
            <maxpow number="0.5065507109966898"/>
            <fprob>0.0</fprob>
        </actor>
        <ports>
            <port dstActor="D0N40" name="p0" srcActor="D0N37"/>
            <port dstActor="D0N42" name="p1" srcActor="D0N37"/>
            <port dstActor="D0N36" name="p2" srcActor="D0N35"/>
            <port dstActor="D0N23" name="p3" srcActor="D0N2"/>
            <port dstActor="D0N27" name="p4" srcActor="D0N2"/>
            <port dstActor="D0N9" name="p5" srcActor="D0N2"/>
            <port dstActor="D0N31" name="p6" srcActor="D0N2"/>
            <port dstActor="D0N11" name="p7" srcActor="D0N2"/>
            <port dstActor="D0N16" name="p8" srcActor="D0N2"/>
            <port dstActor="D0N34" name="p9" srcActor="D0N2"/>
            <port dstActor="D0N36" name="p10" srcActor="D0N30"/>
            <port dstActor="D0N40" name="p11" srcActor="D0N30"/>
            <port dstActor="D0N22" name="p12" srcActor="D0N9"/>
            <port dstActor="D0N20" name="p13" srcActor="D0N9"/>
            <port dstActor="D0N30" name="p14" srcActor="D0N9"/>
            <port dstActor="D0N42" name="p15" srcActor="D0N9"/>
            <port dstActor="D0N46" name="p16" srcActor="D0N9"/>
            <port dstActor="D0N43" name="p17" srcActor="D0N12"/>
            <port dstActor="D0N13" name="p18" srcActor="D0N8"/>
            <port dstActor="D0N22" name="p19" srcActor="D0N8"/>
            <port dstActor="D0N27" name="p20" srcActor="D0N8"/>
            <port dstActor="D0N42" name="p21" srcActor="D0N8"/>
            <port dstActor="D0N43" name="p22" srcActor="D0N8"/>
            <port dstActor="D0N38" name="p23" srcActor="D0N8"/>
            <port dstActor="D0N33" name="p24" srcActor="D0N24"/>
            <port dstActor="D0N28" name="p25" srcActor="D0N24"/>
            <port dstActor="D0N41" name="p26" srcActor="D0N33"/>
            <port dstActor="D0N34" name="p27" srcActor="D0N33"/>
            <port dstActor="D0N32" name="p28" srcActor="D0N11"/>
            <port dstActor="D0N16" name="p29" srcActor="D0N11"/>
            <port dstActor="D0N37" name="p30" srcActor="D0N11"/>
            <port dstActor="D0N41" name="p31" srcActor="D0N38"/>
            <port dstActor="D0N35" name="p32" srcActor="D0N4"/>
            <port dstActor="D0N22" name="p33" srcActor="D0N4"/>
            <port dstActor="D0N9" name="p34" srcActor="D0N4"/>
            <port dstActor="D0N40" name="p35" srcActor="D0N4"/>
            <port dstActor="D0N15" name="p36" srcActor="D0N4"/>
            <port dstActor="D0N14" name="p37" srcActor="D0N4"/>
            <port dstActor="D0N39" name="p38" srcActor="D0N4"/>
            <port dstActor="D0N32" name="p39" srcActor="D0N10"/>
            <port dstActor="D0N27" name="p40" srcActor="D0N14"/>
            <port dstActor="D0N32" name="p41" srcActor="D0N14"/>
            <port dstActor="D0N46" name="p42" srcActor="D0N14"/>
            <port dstActor="D0N31" name="p43" srcActor="D0N14"/>
            <port dstActor="D0N22" name="p44" srcActor="D0N14"/>
            <port dstActor="D0N30" name="p45" srcActor="D0N14"/>
            <port dstActor="D0N29" name="p46" srcActor="D0N20"/>
            <port dstActor="D0N33" name="p47" srcActor="D0N20"/>
            <port dstActor="D0N22" name="p48" srcActor="D0N20"/>
            <port dstActor="D0N21" name="p49" srcActor="D0N20"/>
            <port dstActor="D0N4" name="p50" srcActor="D0N3"/>
            <port dstActor="D0N12" name="p51" srcActor="D0N3"/>
            <port dstActor="D0N42" name="p52" srcActor="D0N3"/>
            <port dstActor="D0N43" name="p53" srcActor="D0N3"/>
            <port dstActor="D0N44" name="p54" srcActor="D0N3"/>
            <port dstActor="D0N40" name="p55" srcActor="D0N3"/>
            <port dstActor="D0N46" name="p56" srcActor="D0N19"/>
            <port dstActor="D0N24" name="p57" srcActor="D0N19"/>
            <port dstActor="D0N23" name="p58" srcActor="D0N19"/>
            <port dstActor="D0N26" name="p59" srcActor="D0N19"/>
            <port dstActor="D0N34" name="p60" srcActor="D0N26"/>
            <port dstActor="D0N32" name="p61" srcActor="D0N26"/>
            <port dstActor="D0N35" name="p62" srcActor="D0N26"/>
            <port dstActor="D0N35" name="p63" srcActor="D0N27"/>
            <port dstActor="D0N31" name="p64" srcActor="D0N27"/>
            <port dstActor="D0N42" name="p65" srcActor="D0N27"/>
            <port dstActor="D0N30" name="p66" srcActor="D0N15"/>
            <port dstActor="D0N44" name="p67" srcActor="D0N28"/>
            <port dstActor="D0N38" name="p68" srcActor="D0N28"/>
            <port dstActor="D0N45" name="p69" srcActor="D0N28"/>
            <port dstActor="D0N34" name="p70" srcActor="D0N28"/>
            <port dstActor="D0N28" name="p71" srcActor="D0N1"/>
            <port dstActor="D0N12" name="p72" srcActor="D0N1"/>
            <port dstActor="D0N11" name="p73" srcActor="D0N1"/>
            <port dstActor="D0N3" name="p74" srcActor="D0N1"/>
            <port dstActor="D0N2" name="p75" srcActor="D0N1"/>
            <port dstActor="D0N8" name="p76" srcActor="D0N1"/>
            <port dstActor="D0N26" name="p77" srcActor="D0N0"/>
            <port dstActor="D0N39" name="p78" srcActor="D0N0"/>
            <port dstActor="D0N32" name="p79" srcActor="D0N0"/>
            <port dstActor="D0N31" name="p80" srcActor="D0N0"/>
            <port dstActor="D0N35" name="p81" srcActor="D0N32"/>
            <port dstActor="D0N39" name="p82" srcActor="D0N18"/>
            <port dstActor="D0N22" name="p83" srcActor="D0N18"/>
            <port dstActor="D0N38" name="p84" srcActor="D0N36"/>
            <port dstActor="D0N43" name="p85" srcActor="D0N21"/>
            <port dstActor="D0N40" name="p86" srcActor="D0N21"/>
            <port dstActor="D0N36" name="p87" srcActor="D0N21"/>
            <port dstActor="D0N16" name="p88" srcActor="D0N6"/>
            <port dstActor="D0N23" name="p89" srcActor="D0N6"/>
            <port dstActor="D0N32" name="p90" srcActor="D0N6"/>
            <port dstActor="D0N19" name="p91" srcActor="D0N6"/>
            <port dstActor="D0N32" name="p92" srcActor="D0N7"/>
            <port dstActor="D0N28" name="p93" srcActor="D0N7"/>
            <port dstActor="D0N46" name="p94" srcActor="D0N7"/>
            <port dstActor="D0N33" name="p95" srcActor="D0N7"/>
            <port dstActor="D0N27" name="p96" srcActor="D0N7"/>
            <port dstActor="D0N8" name="p97" srcActor="D0N7"/>
            <port dstActor="D0N26" name="p98" srcActor="D0N16"/>
            <port dstActor="D0N20" name="p99" srcActor="D0N16"/>
            <port dstActor="D0N43" name="p100" srcActor="D0N34"/>
            <port dstActor="D0N30" name="p101" srcActor="D0N5"/>
            <port dstActor="D0N39" name="p102" srcActor="D0N5"/>
            <port dstActor="D0N18" name="p103" srcActor="D0N5"/>
            <port dstActor="D0N25" name="p104" srcActor="D0N22"/>
            <port dstActor="D0N32" name="p105" srcActor="D0N22"/>
            <port dstActor="D0N41" name="p106" srcActor="D0N22"/>
            <port dstActor="D0N33" name="p107" srcActor="D0N17"/>
            <port dstActor="D0N30" name="p108" srcActor="D0N17"/>
            <port dstActor="D0N19" name="p109" srcActor="D0N13"/>
            <port dstActor="D0N32" name="p110" srcActor="D0N13"/>
            <port dstActor="D0N36" name="p111" srcActor="D0N13"/>
            <port dstActor="D0N39" name="p112" srcActor="D0N25"/>
            <port dstActor="D0N29" name="p113" srcActor="D0N25"/>
            <port dstActor="D0N45" name="p114" srcActor="D0N25"/>
            <port dstActor="D0N31" name="p115" srcActor="D0N25"/>
        </ports>
    </mcdag>
    <cores number="3"/>
    <levels number="2"/>
</mcsystem>
