<?xml version="1.0" encoding="UTF-8" standalone="no"?>
<mcsystem>
    <mcdag deadline="2000" name="genned-0-ed-10.0-0">
        <actor name="D0N11">
            <wcet number="0">50</wcet>
            <wcet number="1">50</wcet>
            <maxpow number="0.6466044286761119"/>
            <maxpow number="0.6466044286761119"/>
            <fprob>0.0</fprob>
        </actor>
        <actor name="D0N22">
            <wcet number="0">20</wcet>
            <wcet number="1">70</wcet>
            <maxpow number="0.5444000613005842"/>
            <maxpow number="0.5444000613005842"/>
            <fprob>0.0</fprob>
        </actor>
        <actor name="D0N25">
            <wcet number="0">20</wcet>
            <wcet number="1">50</wcet>
            <maxpow number="0.7036893858212518"/>
            <maxpow number="0.7036893858212518"/>
            <fprob>0.0</fprob>
        </actor>
        <actor name="D0N45">
            <wcet number="0">10</wcet>
            <wcet number="1">20</wcet>
            <maxpow number="0.5169117312766897"/>
            <maxpow number="0.5169117312766897"/>
            <fprob>0.0</fprob>
        </actor>
        <actor name="D0N6">
            <wcet number="0">40</wcet>
            <wcet number="1">160</wcet>
            <maxpow number="0.375542901499055"/>
            <maxpow number="0.375542901499055"/>
            <fprob>0.0</fprob>
        </actor>
        <actor name="D0N36">
            <wcet number="0">10</wcet>
            <wcet number="1">30</wcet>
            <maxpow number="0.37193855168272183"/>
            <maxpow number="0.37193855168272183"/>
            <fprob>0.0</fprob>
        </actor>
        <actor name="D0N37">
            <wcet number="0">180</wcet>
            <wcet number="1">220</wcet>
            <maxpow number="0.23887081774836172"/>
            <maxpow number="0.23887081774836172"/>
            <fprob>0.0</fprob>
        </actor>
        <actor name="D0N46">
            <wcet number="0">20</wcet>
            <wcet number="1">270</wcet>
            <maxpow number="0.7116054190940386"/>
            <maxpow number="0.7116054190940386"/>
            <fprob>0.0</fprob>
        </actor>
        <actor name="D0N31">
            <wcet number="0">70</wcet>
            <wcet number="1">250</wcet>
            <maxpow number="0.6795281944946272"/>
            <maxpow number="0.6795281944946272"/>
            <fprob>0.0</fprob>
        </actor>
        <actor name="D0N20">
            <wcet number="0">10</wcet>
            <wcet number="1">10</wcet>
            <maxpow number="0.3736007822603907"/>
            <maxpow number="0.3736007822603907"/>
            <fprob>0.0</fprob>
        </actor>
        <actor name="D0N39">
            <wcet number="0">10</wcet>
            <wcet number="1">20</wcet>
            <maxpow number="0.8259726790411461"/>
            <maxpow number="0.8259726790411461"/>
            <fprob>0.0</fprob>
        </actor>
        <actor name="D0N47">
            <wcet number="0">30</wcet>
            <wcet number="1">40</wcet>
            <maxpow number="0.9774865232094407"/>
            <maxpow number="0.9774865232094407"/>
            <fprob>0.0</fprob>
        </actor>
        <actor name="D0N13">
            <wcet number="0">30</wcet>
            <wcet number="1">30</wcet>
            <maxpow number="0.6886114117261217"/>
            <maxpow number="0.6886114117261217"/>
            <fprob>0.0</fprob>
        </actor>
        <actor name="D0N32">
            <wcet number="0">30</wcet>
            <wcet number="1">50</wcet>
            <maxpow number="0.3705336812456357"/>
            <maxpow number="0.3705336812456357"/>
            <fprob>0.0</fprob>
        </actor>
        <actor name="D0N4">
            <wcet number="0">80</wcet>
            <wcet number="1">80</wcet>
            <maxpow number="0.5636609110191685"/>
            <maxpow number="0.5636609110191685"/>
            <fprob>0.0</fprob>
        </actor>
        <actor name="D0N41">
            <wcet number="0">10</wcet>
            <wcet number="1">10</wcet>
            <maxpow number="0.4084772925495454"/>
            <maxpow number="0.4084772925495454"/>
            <fprob>0.0</fprob>
        </actor>
        <actor name="D0N29">
            <wcet number="0">50</wcet>
            <wcet number="1">60</wcet>
            <maxpow number="0.7317891926484775"/>
            <maxpow number="0.7317891926484775"/>
            <fprob>0.0</fprob>
        </actor>
        <actor name="D0N9">
            <wcet number="0">10</wcet>
            <wcet number="1">80</wcet>
            <maxpow number="0.6661322079663753"/>
            <maxpow number="0.6661322079663753"/>
            <fprob>0.0</fprob>
        </actor>
        <actor name="D0N5">
            <wcet number="0">60</wcet>
            <wcet number="1">70</wcet>
            <maxpow number="0.802107178968921"/>
            <maxpow number="0.802107178968921"/>
            <fprob>0.0</fprob>
        </actor>
        <actor name="D0N12">
            <wcet number="0">20</wcet>
            <wcet number="1">20</wcet>
            <maxpow number="0.29928564921982237"/>
            <maxpow number="0.29928564921982237"/>
            <fprob>0.0</fprob>
        </actor>
        <actor name="D0N15">
            <wcet number="0">20</wcet>
            <wcet number="1">20</wcet>
            <maxpow number="0.27397388522233757"/>
            <maxpow number="0.27397388522233757"/>
            <fprob>0.0</fprob>
        </actor>
        <actor name="D0N16">
            <wcet number="0">70</wcet>
            <wcet number="1">90</wcet>
            <maxpow number="0.7541809938625725"/>
            <maxpow number="0.7541809938625725"/>
            <fprob>0.0</fprob>
        </actor>
        <actor name="D0N8">
            <wcet number="0">10</wcet>
            <wcet number="1">20</wcet>
            <maxpow number="0.5036313227797121"/>
            <maxpow number="0.5036313227797121"/>
            <fprob>0.0</fprob>
        </actor>
        <actor name="D0N44">
            <wcet number="0">10</wcet>
            <wcet number="1">10</wcet>
            <maxpow number="0.4645033908347617"/>
            <maxpow number="0.4645033908347617"/>
            <fprob>0.0</fprob>
        </actor>
        <actor name="D0N33">
            <wcet number="0">20</wcet>
            <wcet number="1">40</wcet>
            <maxpow number="0.579962956544994"/>
            <maxpow number="0.579962956544994"/>
            <fprob>0.0</fprob>
        </actor>
        <actor name="D0N1">
            <wcet number="0">100</wcet>
            <wcet number="1">290</wcet>
            <maxpow number="0.6730690396479065"/>
            <maxpow number="0.6730690396479065"/>
            <fprob>0.0</fprob>
        </actor>
        <actor name="D0N27">
            <wcet number="0">20</wcet>
            <wcet number="1">20</wcet>
            <maxpow number="0.6840019200150157"/>
            <maxpow number="0.6840019200150157"/>
            <fprob>0.0</fprob>
        </actor>
        <actor name="D0N3">
            <wcet number="0">10</wcet>
            <wcet number="1">40</wcet>
            <maxpow number="1.071358325794256"/>
            <maxpow number="1.071358325794256"/>
            <fprob>0.0</fprob>
        </actor>
        <actor name="D0N28">
            <wcet number="0">10</wcet>
            <wcet number="1">10</wcet>
            <maxpow number="0.3795092727163626"/>
            <maxpow number="0.3795092727163626"/>
            <fprob>0.0</fprob>
        </actor>
        <actor name="D0N40">
            <wcet number="0">10</wcet>
            <wcet number="1">10</wcet>
            <maxpow number="0.531229495935674"/>
            <maxpow number="0.531229495935674"/>
            <fprob>0.0</fprob>
        </actor>
        <actor name="D0N21">
            <wcet number="0">10</wcet>
            <wcet number="1">10</wcet>
            <maxpow number="0.3053691716942213"/>
            <maxpow number="0.3053691716942213"/>
            <fprob>0.0</fprob>
        </actor>
        <actor name="D0N43">
            <wcet number="0">30</wcet>
            <wcet number="1">220</wcet>
            <maxpow number="0.5112674405153612"/>
            <maxpow number="0.5112674405153612"/>
            <fprob>0.0</fprob>
        </actor>
        <actor name="D0N2">
            <wcet number="0">40</wcet>
            <wcet number="1">60</wcet>
            <maxpow number="0.5413391794241897"/>
            <maxpow number="0.5413391794241897"/>
            <fprob>0.0</fprob>
        </actor>
        <actor name="D0N18">
            <wcet number="0">40</wcet>
            <wcet number="1">110</wcet>
            <maxpow number="0.5687329408297177"/>
            <maxpow number="0.5687329408297177"/>
            <fprob>0.0</fprob>
        </actor>
        <actor name="D0N19">
            <wcet number="0">10</wcet>
            <wcet number="1">10</wcet>
            <maxpow number="0.5829190672143296"/>
            <maxpow number="0.5829190672143296"/>
            <fprob>0.0</fprob>
        </actor>
        <actor name="D0N23">
            <wcet number="0">20</wcet>
            <wcet number="1">20</wcet>
            <maxpow number="0.6529133273166277"/>
            <maxpow number="0.6529133273166277"/>
            <fprob>0.0</fprob>
        </actor>
        <actor name="D0N0">
            <wcet number="0">80</wcet>
            <wcet number="1">180</wcet>
            <maxpow number="0.22037196835906625"/>
            <maxpow number="0.22037196835906625"/>
            <fprob>0.0</fprob>
        </actor>
        <actor name="D0N14">
            <wcet number="0">50</wcet>
            <wcet number="1">70</wcet>
            <maxpow number="0.4356612402674864"/>
            <maxpow number="0.4356612402674864"/>
            <fprob>0.0</fprob>
        </actor>
        <actor name="D0N30">
            <wcet number="0">10</wcet>
            <wcet number="1">10</wcet>
            <maxpow number="0.5253084148345425"/>
            <maxpow number="0.5253084148345425"/>
            <fprob>0.0</fprob>
        </actor>
        <actor name="D0N42">
            <wcet number="0">20</wcet>
            <wcet number="1">30</wcet>
            <maxpow number="0.3942694835018682"/>
            <maxpow number="0.3942694835018682"/>
            <fprob>0.0</fprob>
        </actor>
        <actor name="D0N10">
            <wcet number="0">90</wcet>
            <wcet number="1">90</wcet>
            <maxpow number="0.8138922509517716"/>
            <maxpow number="0.8138922509517716"/>
            <fprob>0.0</fprob>
        </actor>
        <actor name="D0N35">
            <wcet number="0">130</wcet>
            <wcet number="1">330</wcet>
            <maxpow number="0.5558136835693361"/>
            <maxpow number="0.5558136835693361"/>
            <fprob>0.0</fprob>
        </actor>
        <actor name="D0N7">
            <wcet number="0">150</wcet>
            <wcet number="1">160</wcet>
            <maxpow number="0.226016952011105"/>
            <maxpow number="0.226016952011105"/>
            <fprob>0.0</fprob>
        </actor>
        <actor name="D0N26">
            <wcet number="0">20</wcet>
            <wcet number="1">40</wcet>
            <maxpow number="0.520740982270292"/>
            <maxpow number="0.520740982270292"/>
            <fprob>0.0</fprob>
        </actor>
        <actor name="D0N24">
            <wcet number="0">170</wcet>
            <wcet number="1">340</wcet>
            <maxpow number="0.3731216165794766"/>
            <maxpow number="0.3731216165794766"/>
            <fprob>0.0</fprob>
        </actor>
        <actor name="D0N38">
            <wcet number="0">40</wcet>
            <wcet number="1">120</wcet>
            <maxpow number="0.7306199101462997"/>
            <maxpow number="0.7306199101462997"/>
            <fprob>0.0</fprob>
        </actor>
        <actor name="D0N34">
            <wcet number="0">20</wcet>
            <wcet number="1">170</wcet>
            <maxpow number="0.46618992488553856"/>
            <maxpow number="0.46618992488553856"/>
            <fprob>0.0</fprob>
        </actor>
        <actor name="D0N17">
            <wcet number="0">90</wcet>
            <wcet number="1">90</wcet>
            <maxpow number="0.6552642148755176"/>
            <maxpow number="0.6552642148755176"/>
            <fprob>0.0</fprob>
        </actor>
        <ports>
            <port dstActor="D0N33" name="p0" srcActor="D0N11"/>
            <port dstActor="D0N41" name="p1" srcActor="D0N11"/>
            <port dstActor="D0N13" name="p2" srcActor="D0N11"/>
            <port dstActor="D0N15" name="p3" srcActor="D0N11"/>
            <port dstActor="D0N28" name="p4" srcActor="D0N11"/>
            <port dstActor="D0N24" name="p5" srcActor="D0N22"/>
            <port dstActor="D0N39" name="p6" srcActor="D0N25"/>
            <port dstActor="D0N26" name="p7" srcActor="D0N25"/>
            <port dstActor="D0N38" name="p8" srcActor="D0N25"/>
            <port dstActor="D0N36" name="p9" srcActor="D0N6"/>
            <port dstActor="D0N7" name="p10" srcActor="D0N6"/>
            <port dstActor="D0N45" name="p11" srcActor="D0N6"/>
            <port dstActor="D0N21" name="p12" srcActor="D0N6"/>
            <port dstActor="D0N47" name="p13" srcActor="D0N6"/>
            <port dstActor="D0N39" name="p14" srcActor="D0N31"/>
            <port dstActor="D0N32" name="p15" srcActor="D0N31"/>
            <port dstActor="D0N45" name="p16" srcActor="D0N31"/>
            <port dstActor="D0N45" name="p17" srcActor="D0N20"/>
            <port dstActor="D0N40" name="p18" srcActor="D0N20"/>
            <port dstActor="D0N21" name="p19" srcActor="D0N20"/>
            <port dstActor="D0N33" name="p20" srcActor="D0N13"/>
            <port dstActor="D0N36" name="p21" srcActor="D0N13"/>
            <port dstActor="D0N42" name="p22" srcActor="D0N13"/>
            <port dstActor="D0N22" name="p23" srcActor="D0N13"/>
            <port dstActor="D0N46" name="p24" srcActor="D0N13"/>
            <port dstActor="D0N31" name="p25" srcActor="D0N13"/>
            <port dstActor="D0N47" name="p26" srcActor="D0N32"/>
            <port dstActor="D0N33" name="p27" srcActor="D0N32"/>
            <port dstActor="D0N37" name="p28" srcActor="D0N32"/>
            <port dstActor="D0N32" name="p29" srcActor="D0N4"/>
            <port dstActor="D0N41" name="p30" srcActor="D0N4"/>
            <port dstActor="D0N33" name="p31" srcActor="D0N4"/>
            <port dstActor="D0N37" name="p32" srcActor="D0N4"/>
            <port dstActor="D0N45" name="p33" srcActor="D0N4"/>
            <port dstActor="D0N33" name="p34" srcActor="D0N29"/>
            <port dstActor="D0N10" name="p35" srcActor="D0N9"/>
            <port dstActor="D0N14" name="p36" srcActor="D0N9"/>
            <port dstActor="D0N36" name="p37" srcActor="D0N9"/>
            <port dstActor="D0N18" name="p38" srcActor="D0N9"/>
            <port dstActor="D0N33" name="p39" srcActor="D0N5"/>
            <port dstActor="D0N14" name="p40" srcActor="D0N12"/>
            <port dstActor="D0N21" name="p41" srcActor="D0N12"/>
            <port dstActor="D0N31" name="p42" srcActor="D0N12"/>
            <port dstActor="D0N41" name="p43" srcActor="D0N12"/>
            <port dstActor="D0N42" name="p44" srcActor="D0N12"/>
            <port dstActor="D0N47" name="p45" srcActor="D0N15"/>
            <port dstActor="D0N29" name="p46" srcActor="D0N15"/>
            <port dstActor="D0N22" name="p47" srcActor="D0N16"/>
            <port dstActor="D0N34" name="p48" srcActor="D0N16"/>
            <port dstActor="D0N30" name="p49" srcActor="D0N16"/>
            <port dstActor="D0N30" name="p50" srcActor="D0N8"/>
            <port dstActor="D0N37" name="p51" srcActor="D0N8"/>
            <port dstActor="D0N31" name="p52" srcActor="D0N8"/>
            <port dstActor="D0N45" name="p53" srcActor="D0N44"/>
            <port dstActor="D0N34" name="p54" srcActor="D0N33"/>
            <port dstActor="D0N13" name="p55" srcActor="D0N1"/>
            <port dstActor="D0N15" name="p56" srcActor="D0N1"/>
            <port dstActor="D0N47" name="p57" srcActor="D0N1"/>
            <port dstActor="D0N42" name="p58" srcActor="D0N1"/>
            <port dstActor="D0N12" name="p59" srcActor="D0N1"/>
            <port dstActor="D0N30" name="p60" srcActor="D0N27"/>
            <port dstActor="D0N46" name="p61" srcActor="D0N27"/>
            <port dstActor="D0N28" name="p62" srcActor="D0N27"/>
            <port dstActor="D0N43" name="p63" srcActor="D0N27"/>
            <port dstActor="D0N39" name="p64" srcActor="D0N3"/>
            <port dstActor="D0N27" name="p65" srcActor="D0N3"/>
            <port dstActor="D0N20" name="p66" srcActor="D0N3"/>
            <port dstActor="D0N32" name="p67" srcActor="D0N3"/>
            <port dstActor="D0N29" name="p68" srcActor="D0N28"/>
            <port dstActor="D0N34" name="p69" srcActor="D0N28"/>
            <port dstActor="D0N32" name="p70" srcActor="D0N28"/>
            <port dstActor="D0N30" name="p71" srcActor="D0N21"/>
            <port dstActor="D0N37" name="p72" srcActor="D0N21"/>
            <port dstActor="D0N28" name="p73" srcActor="D0N21"/>
            <port dstActor="D0N44" name="p74" srcActor="D0N21"/>
            <port dstActor="D0N46" name="p75" srcActor="D0N43"/>
            <port dstActor="D0N28" name="p76" srcActor="D0N2"/>
            <port dstActor="D0N4" name="p77" srcActor="D0N2"/>
            <port dstActor="D0N37" name="p78" srcActor="D0N2"/>
            <port dstActor="D0N10" name="p79" srcActor="D0N2"/>
            <port dstActor="D0N39" name="p80" srcActor="D0N2"/>
            <port dstActor="D0N24" name="p81" srcActor="D0N2"/>
            <port dstActor="D0N22" name="p82" srcActor="D0N18"/>
            <port dstActor="D0N26" name="p83" srcActor="D0N18"/>
            <port dstActor="D0N26" name="p84" srcActor="D0N19"/>
            <port dstActor="D0N20" name="p85" srcActor="D0N19"/>
            <port dstActor="D0N41" name="p86" srcActor="D0N23"/>
            <port dstActor="D0N26" name="p87" srcActor="D0N23"/>
            <port dstActor="D0N46" name="p88" srcActor="D0N23"/>
            <port dstActor="D0N27" name="p89" srcActor="D0N0"/>
            <port dstActor="D0N5" name="p90" srcActor="D0N0"/>
            <port dstActor="D0N37" name="p91" srcActor="D0N0"/>
            <port dstActor="D0N13" name="p92" srcActor="D0N0"/>
            <port dstActor="D0N20" name="p93" srcActor="D0N0"/>
            <port dstActor="D0N26" name="p94" srcActor="D0N14"/>
            <port dstActor="D0N22" name="p95" srcActor="D0N14"/>
            <port dstActor="D0N47" name="p96" srcActor="D0N30"/>
            <port dstActor="D0N45" name="p97" srcActor="D0N30"/>
            <port dstActor="D0N35" name="p98" srcActor="D0N30"/>
            <port dstActor="D0N37" name="p99" srcActor="D0N30"/>
            <port dstActor="D0N30" name="p100" srcActor="D0N10"/>
            <port dstActor="D0N42" name="p101" srcActor="D0N10"/>
            <port dstActor="D0N46" name="p102" srcActor="D0N35"/>
            <port dstActor="D0N33" name="p103" srcActor="D0N26"/>
            <port dstActor="D0N45" name="p104" srcActor="D0N24"/>
            <port dstActor="D0N45" name="p105" srcActor="D0N17"/>
            <port dstActor="D0N42" name="p106" srcActor="D0N17"/>
            <port dstActor="D0N44" name="p107" srcActor="D0N17"/>
        </ports>
    </mcdag>
    <cores number="3"/>
    <levels number="2"/>
</mcsystem>
