<?xml version="1.0" encoding="UTF-8" standalone="no"?>
<mcsystem>
    <mcdag deadline="1500" name="genned-0-ed-10.0-0">
        <actor name="D0N26">
            <wcet number="0">10</wcet>
            <wcet number="1">20</wcet>
            <maxpow number="0.6936179883855407"/>
            <maxpow number="0.6936179883855407"/>
            <fprob>0.0</fprob>
        </actor>
        <actor name="D0N3">
            <wcet number="0">10</wcet>
            <wcet number="1">10</wcet>
            <maxpow number="0.6057538497857416"/>
            <maxpow number="0.6057538497857416"/>
            <fprob>0.0</fprob>
        </actor>
        <actor name="D0N22">
            <wcet number="0">190</wcet>
            <wcet number="1">200</wcet>
            <maxpow number="0.7247217183178067"/>
            <maxpow number="0.7247217183178067"/>
            <fprob>0.0</fprob>
        </actor>
        <actor name="D0N10">
            <wcet number="0">10</wcet>
            <wcet number="1">20</wcet>
            <maxpow number="0.48535568755864966"/>
            <maxpow number="0.48535568755864966"/>
            <fprob>0.0</fprob>
        </actor>
        <actor name="D0N12">
            <wcet number="0">130</wcet>
            <wcet number="1">150</wcet>
            <maxpow number="0.5696073748627034"/>
            <maxpow number="0.5696073748627034"/>
            <fprob>0.0</fprob>
        </actor>
        <actor name="D0N30">
            <wcet number="0">20</wcet>
            <wcet number="1">20</wcet>
            <maxpow number="0.6420363158171155"/>
            <maxpow number="0.6420363158171155"/>
            <fprob>0.0</fprob>
        </actor>
        <actor name="D0N20">
            <wcet number="0">10</wcet>
            <wcet number="1">40</wcet>
            <maxpow number="0.3541285931384607"/>
            <maxpow number="0.3541285931384607"/>
            <fprob>0.0</fprob>
        </actor>
        <actor name="D0N40">
            <wcet number="0">60</wcet>
            <wcet number="1">70</wcet>
            <maxpow number="0.404200687501152"/>
            <maxpow number="0.404200687501152"/>
            <fprob>0.0</fprob>
        </actor>
        <actor name="D0N36">
            <wcet number="0">20</wcet>
            <wcet number="1">20</wcet>
            <maxpow number="0.6006622299261206"/>
            <maxpow number="0.6006622299261206"/>
            <fprob>0.0</fprob>
        </actor>
        <actor name="D0N15">
            <wcet number="0">10</wcet>
            <wcet number="1">50</wcet>
            <maxpow number="0.299251173248934"/>
            <maxpow number="0.299251173248934"/>
            <fprob>0.0</fprob>
        </actor>
        <actor name="D0N9">
            <wcet number="0">30</wcet>
            <wcet number="1">30</wcet>
            <maxpow number="0.6431232036974723"/>
            <maxpow number="0.6431232036974723"/>
            <fprob>0.0</fprob>
        </actor>
        <actor name="D0N19">
            <wcet number="0">20</wcet>
            <wcet number="1">120</wcet>
            <maxpow number="0.49457364755537125"/>
            <maxpow number="0.49457364755537125"/>
            <fprob>0.0</fprob>
        </actor>
        <actor name="D0N18">
            <wcet number="0">80</wcet>
            <wcet number="1">180</wcet>
            <maxpow number="0.6701309291713332"/>
            <maxpow number="0.6701309291713332"/>
            <fprob>0.0</fprob>
        </actor>
        <actor name="D0N11">
            <wcet number="0">10</wcet>
            <wcet number="1">50</wcet>
            <maxpow number="0.38533906571181364"/>
            <maxpow number="0.38533906571181364"/>
            <fprob>0.0</fprob>
        </actor>
        <actor name="D0N27">
            <wcet number="0">10</wcet>
            <wcet number="1">10</wcet>
            <maxpow number="0.7788479166853"/>
            <maxpow number="0.7788479166853"/>
            <fprob>0.0</fprob>
        </actor>
        <actor name="D0N31">
            <wcet number="0">130</wcet>
            <wcet number="1">190</wcet>
            <maxpow number="0.8148065527809649"/>
            <maxpow number="0.8148065527809649"/>
            <fprob>0.0</fprob>
        </actor>
        <actor name="D0N8">
            <wcet number="0">10</wcet>
            <wcet number="1">110</wcet>
            <maxpow number="0.6078061715141148"/>
            <maxpow number="0.6078061715141148"/>
            <fprob>0.0</fprob>
        </actor>
        <actor name="D0N5">
            <wcet number="0">10</wcet>
            <wcet number="1">10</wcet>
            <maxpow number="0.5006806077163901"/>
            <maxpow number="0.5006806077163901"/>
            <fprob>0.0</fprob>
        </actor>
        <actor name="D0N43">
            <wcet number="0">30</wcet>
            <wcet number="1">30</wcet>
            <maxpow number="0.05055597030381509"/>
            <maxpow number="0.05055597030381509"/>
            <fprob>0.0</fprob>
        </actor>
        <actor name="D0N21">
            <wcet number="0">50</wcet>
            <wcet number="1">60</wcet>
            <maxpow number="0.6491055257693313"/>
            <maxpow number="0.6491055257693313"/>
            <fprob>0.0</fprob>
        </actor>
        <actor name="D0N32">
            <wcet number="0">80</wcet>
            <wcet number="1">120</wcet>
            <maxpow number="0.6435141084877353"/>
            <maxpow number="0.6435141084877353"/>
            <fprob>0.0</fprob>
        </actor>
        <actor name="D0N24">
            <wcet number="0">70</wcet>
            <wcet number="1">160</wcet>
            <maxpow number="0.5585328522012831"/>
            <maxpow number="0.5585328522012831"/>
            <fprob>0.0</fprob>
        </actor>
        <actor name="D0N35">
            <wcet number="0">10</wcet>
            <wcet number="1">10</wcet>
            <maxpow number="0.43860573186549634"/>
            <maxpow number="0.43860573186549634"/>
            <fprob>0.0</fprob>
        </actor>
        <actor name="D0N44">
            <wcet number="0">10</wcet>
            <wcet number="1">50</wcet>
            <maxpow number="0.8549402122498229"/>
            <maxpow number="0.8549402122498229"/>
            <fprob>0.0</fprob>
        </actor>
        <actor name="D0N13">
            <wcet number="0">30</wcet>
            <wcet number="1">40</wcet>
            <maxpow number="0.802905274398395"/>
            <maxpow number="0.802905274398395"/>
            <fprob>0.0</fprob>
        </actor>
        <actor name="D0N6">
            <wcet number="0">10</wcet>
            <wcet number="1">10</wcet>
            <maxpow number="0.48632684874040777"/>
            <maxpow number="0.48632684874040777"/>
            <fprob>0.0</fprob>
        </actor>
        <actor name="D0N0">
            <wcet number="0">30</wcet>
            <wcet number="1">60</wcet>
            <maxpow number="0.3602515221694256"/>
            <maxpow number="0.3602515221694256"/>
            <fprob>0.0</fprob>
        </actor>
        <actor name="D0N28">
            <wcet number="0">70</wcet>
            <wcet number="1">90</wcet>
            <maxpow number="0.5343610310859986"/>
            <maxpow number="0.5343610310859986"/>
            <fprob>0.0</fprob>
        </actor>
        <actor name="D0N17">
            <wcet number="0">30</wcet>
            <wcet number="1">130</wcet>
            <maxpow number="0.5963013045592443"/>
            <maxpow number="0.5963013045592443"/>
            <fprob>0.0</fprob>
        </actor>
        <actor name="D0N1">
            <wcet number="0">90</wcet>
            <wcet number="1">140</wcet>
            <maxpow number="0.264733215150872"/>
            <maxpow number="0.264733215150872"/>
            <fprob>0.0</fprob>
        </actor>
        <actor name="D0N45">
            <wcet number="0">40</wcet>
            <wcet number="1">40</wcet>
            <maxpow number="0.45922633867738033"/>
            <maxpow number="0.45922633867738033"/>
            <fprob>0.0</fprob>
        </actor>
        <actor name="D0N38">
            <wcet number="0">20</wcet>
            <wcet number="1">140</wcet>
            <maxpow number="0.32220530198203357"/>
            <maxpow number="0.32220530198203357"/>
            <fprob>0.0</fprob>
        </actor>
        <actor name="D0N29">
            <wcet number="0">20</wcet>
            <wcet number="1">150</wcet>
            <maxpow number="0.5210913876606844"/>
            <maxpow number="0.5210913876606844"/>
            <fprob>0.0</fprob>
        </actor>
        <actor name="D0N48">
            <wcet number="0">40</wcet>
            <wcet number="1">60</wcet>
            <maxpow number="0.40173684427247014"/>
            <maxpow number="0.40173684427247014"/>
            <fprob>0.0</fprob>
        </actor>
        <actor name="D0N14">
            <wcet number="0">70</wcet>
            <wcet number="1">70</wcet>
            <maxpow number="0.44812573912523274"/>
            <maxpow number="0.44812573912523274"/>
            <fprob>0.0</fprob>
        </actor>
        <actor name="D0N47">
            <wcet number="0">10</wcet>
            <wcet number="1">20</wcet>
            <maxpow number="0.8501229899536118"/>
            <maxpow number="0.8501229899536118"/>
            <fprob>0.0</fprob>
        </actor>
        <actor name="D0N33">
            <wcet number="0">10</wcet>
            <wcet number="1">10</wcet>
            <maxpow number="0.7280266657114817"/>
            <maxpow number="0.7280266657114817"/>
            <fprob>0.0</fprob>
        </actor>
        <actor name="D0N46">
            <wcet number="0">20</wcet>
            <wcet number="1">30</wcet>
            <maxpow number="0.27327581514690236"/>
            <maxpow number="0.27327581514690236"/>
            <fprob>0.0</fprob>
        </actor>
        <actor name="D0N42">
            <wcet number="0">50</wcet>
            <wcet number="1">60</wcet>
            <maxpow number="0.7263280708036826"/>
            <maxpow number="0.7263280708036826"/>
            <fprob>0.0</fprob>
        </actor>
        <actor name="D0N41">
            <wcet number="0">50</wcet>
            <wcet number="1">70</wcet>
            <maxpow number="0.5325720425847229"/>
            <maxpow number="0.5325720425847229"/>
            <fprob>0.0</fprob>
        </actor>
        <actor name="D0N49">
            <wcet number="0">20</wcet>
            <wcet number="1">60</wcet>
            <maxpow number="0.5186584600668865"/>
            <maxpow number="0.5186584600668865"/>
            <fprob>0.0</fprob>
        </actor>
        <actor name="D0N16">
            <wcet number="0">20</wcet>
            <wcet number="1">50</wcet>
            <maxpow number="0.2877963809581059"/>
            <maxpow number="0.2877963809581059"/>
            <fprob>0.0</fprob>
        </actor>
        <actor name="D0N23">
            <wcet number="0">20</wcet>
            <wcet number="1">20</wcet>
            <maxpow number="0.46210479791929165"/>
            <maxpow number="0.46210479791929165"/>
            <fprob>0.0</fprob>
        </actor>
        <actor name="D0N25">
            <wcet number="0">10</wcet>
            <wcet number="1">20</wcet>
            <maxpow number="0.661131560679466"/>
            <maxpow number="0.661131560679466"/>
            <fprob>0.0</fprob>
        </actor>
        <actor name="D0N39">
            <wcet number="0">20</wcet>
            <wcet number="1">40</wcet>
            <maxpow number="0.526075109096919"/>
            <maxpow number="0.526075109096919"/>
            <fprob>0.0</fprob>
        </actor>
        <actor name="D0N4">
            <wcet number="0">10</wcet>
            <wcet number="1">30</wcet>
            <maxpow number="0.6762399595159935"/>
            <maxpow number="0.6762399595159935"/>
            <fprob>0.0</fprob>
        </actor>
        <actor name="D0N34">
            <wcet number="0">10</wcet>
            <wcet number="1">10</wcet>
            <maxpow number="0.5787874151612734"/>
            <maxpow number="0.5787874151612734"/>
            <fprob>0.0</fprob>
        </actor>
        <actor name="D0N2">
            <wcet number="0">50</wcet>
            <wcet number="1">50</wcet>
            <maxpow number="0.6480978073664583"/>
            <maxpow number="0.6480978073664583"/>
            <fprob>0.0</fprob>
        </actor>
        <actor name="D0N7">
            <wcet number="0">90</wcet>
            <wcet number="1">90</wcet>
            <maxpow number="0.8266941956079537"/>
            <maxpow number="0.8266941956079537"/>
            <fprob>0.0</fprob>
        </actor>
        <actor name="D0N37">
            <wcet number="0">40</wcet>
            <wcet number="1">80</wcet>
            <maxpow number="0.4986341263749005"/>
            <maxpow number="0.4986341263749005"/>
            <fprob>0.0</fprob>
        </actor>
        <ports>
            <port dstActor="D0N48" name="p0" srcActor="D0N26"/>
            <port dstActor="D0N7" name="p1" srcActor="D0N3"/>
            <port dstActor="D0N43" name="p2" srcActor="D0N3"/>
            <port dstActor="D0N40" name="p3" srcActor="D0N3"/>
            <port dstActor="D0N23" name="p4" srcActor="D0N3"/>
            <port dstActor="D0N21" name="p5" srcActor="D0N3"/>
            <port dstActor="D0N24" name="p6" srcActor="D0N3"/>
            <port dstActor="D0N34" name="p7" srcActor="D0N22"/>
            <port dstActor="D0N29" name="p8" srcActor="D0N22"/>
            <port dstActor="D0N35" name="p9" srcActor="D0N22"/>
            <port dstActor="D0N27" name="p10" srcActor="D0N10"/>
            <port dstActor="D0N17" name="p11" srcActor="D0N12"/>
            <port dstActor="D0N43" name="p12" srcActor="D0N12"/>
            <port dstActor="D0N19" name="p13" srcActor="D0N12"/>
            <port dstActor="D0N22" name="p14" srcActor="D0N20"/>
            <port dstActor="D0N33" name="p15" srcActor="D0N20"/>
            <port dstActor="D0N43" name="p16" srcActor="D0N40"/>
            <port dstActor="D0N45" name="p17" srcActor="D0N15"/>
            <port dstActor="D0N27" name="p18" srcActor="D0N15"/>
            <port dstActor="D0N28" name="p19" srcActor="D0N15"/>
            <port dstActor="D0N24" name="p20" srcActor="D0N15"/>
            <port dstActor="D0N49" name="p21" srcActor="D0N9"/>
            <port dstActor="D0N32" name="p22" srcActor="D0N9"/>
            <port dstActor="D0N37" name="p23" srcActor="D0N9"/>
            <port dstActor="D0N39" name="p24" srcActor="D0N9"/>
            <port dstActor="D0N20" name="p25" srcActor="D0N19"/>
            <port dstActor="D0N24" name="p26" srcActor="D0N19"/>
            <port dstActor="D0N35" name="p27" srcActor="D0N19"/>
            <port dstActor="D0N45" name="p28" srcActor="D0N18"/>
            <port dstActor="D0N43" name="p29" srcActor="D0N18"/>
            <port dstActor="D0N44" name="p30" srcActor="D0N18"/>
            <port dstActor="D0N34" name="p31" srcActor="D0N18"/>
            <port dstActor="D0N21" name="p32" srcActor="D0N11"/>
            <port dstActor="D0N14" name="p33" srcActor="D0N11"/>
            <port dstActor="D0N34" name="p34" srcActor="D0N11"/>
            <port dstActor="D0N31" name="p35" srcActor="D0N11"/>
            <port dstActor="D0N48" name="p36" srcActor="D0N27"/>
            <port dstActor="D0N46" name="p37" srcActor="D0N31"/>
            <port dstActor="D0N32" name="p38" srcActor="D0N8"/>
            <port dstActor="D0N37" name="p39" srcActor="D0N8"/>
            <port dstActor="D0N44" name="p40" srcActor="D0N8"/>
            <port dstActor="D0N20" name="p41" srcActor="D0N8"/>
            <port dstActor="D0N46" name="p42" srcActor="D0N8"/>
            <port dstActor="D0N36" name="p43" srcActor="D0N8"/>
            <port dstActor="D0N22" name="p44" srcActor="D0N5"/>
            <port dstActor="D0N31" name="p45" srcActor="D0N5"/>
            <port dstActor="D0N26" name="p46" srcActor="D0N5"/>
            <port dstActor="D0N35" name="p47" srcActor="D0N5"/>
            <port dstActor="D0N19" name="p48" srcActor="D0N5"/>
            <port dstActor="D0N49" name="p49" srcActor="D0N43"/>
            <port dstActor="D0N39" name="p50" srcActor="D0N21"/>
            <port dstActor="D0N43" name="p51" srcActor="D0N21"/>
            <port dstActor="D0N49" name="p52" srcActor="D0N32"/>
            <port dstActor="D0N35" name="p53" srcActor="D0N32"/>
            <port dstActor="D0N46" name="p54" srcActor="D0N32"/>
            <port dstActor="D0N45" name="p55" srcActor="D0N32"/>
            <port dstActor="D0N47" name="p56" srcActor="D0N24"/>
            <port dstActor="D0N42" name="p57" srcActor="D0N35"/>
            <port dstActor="D0N46" name="p58" srcActor="D0N35"/>
            <port dstActor="D0N28" name="p59" srcActor="D0N13"/>
            <port dstActor="D0N44" name="p60" srcActor="D0N13"/>
            <port dstActor="D0N9" name="p61" srcActor="D0N6"/>
            <port dstActor="D0N29" name="p62" srcActor="D0N6"/>
            <port dstActor="D0N44" name="p63" srcActor="D0N6"/>
            <port dstActor="D0N45" name="p64" srcActor="D0N6"/>
            <port dstActor="D0N14" name="p65" srcActor="D0N0"/>
            <port dstActor="D0N26" name="p66" srcActor="D0N0"/>
            <port dstActor="D0N5" name="p67" srcActor="D0N0"/>
            <port dstActor="D0N22" name="p68" srcActor="D0N0"/>
            <port dstActor="D0N48" name="p69" srcActor="D0N28"/>
            <port dstActor="D0N38" name="p70" srcActor="D0N28"/>
            <port dstActor="D0N41" name="p71" srcActor="D0N17"/>
            <port dstActor="D0N48" name="p72" srcActor="D0N17"/>
            <port dstActor="D0N31" name="p73" srcActor="D0N17"/>
            <port dstActor="D0N44" name="p74" srcActor="D0N17"/>
            <port dstActor="D0N37" name="p75" srcActor="D0N1"/>
            <port dstActor="D0N44" name="p76" srcActor="D0N1"/>
            <port dstActor="D0N23" name="p77" srcActor="D0N1"/>
            <port dstActor="D0N40" name="p78" srcActor="D0N29"/>
            <port dstActor="D0N39" name="p79" srcActor="D0N14"/>
            <port dstActor="D0N46" name="p80" srcActor="D0N14"/>
            <port dstActor="D0N23" name="p81" srcActor="D0N14"/>
            <port dstActor="D0N30" name="p82" srcActor="D0N14"/>
            <port dstActor="D0N35" name="p83" srcActor="D0N14"/>
            <port dstActor="D0N37" name="p84" srcActor="D0N33"/>
            <port dstActor="D0N49" name="p85" srcActor="D0N46"/>
            <port dstActor="D0N46" name="p86" srcActor="D0N16"/>
            <port dstActor="D0N39" name="p87" srcActor="D0N16"/>
            <port dstActor="D0N31" name="p88" srcActor="D0N16"/>
            <port dstActor="D0N36" name="p89" srcActor="D0N23"/>
            <port dstActor="D0N49" name="p90" srcActor="D0N23"/>
            <port dstActor="D0N32" name="p91" srcActor="D0N25"/>
            <port dstActor="D0N42" name="p92" srcActor="D0N25"/>
            <port dstActor="D0N46" name="p93" srcActor="D0N4"/>
            <port dstActor="D0N36" name="p94" srcActor="D0N4"/>
            <port dstActor="D0N8" name="p95" srcActor="D0N4"/>
            <port dstActor="D0N39" name="p96" srcActor="D0N34"/>
            <port dstActor="D0N19" name="p97" srcActor="D0N2"/>
            <port dstActor="D0N10" name="p98" srcActor="D0N2"/>
            <port dstActor="D0N16" name="p99" srcActor="D0N7"/>
            <port dstActor="D0N12" name="p100" srcActor="D0N7"/>
            <port dstActor="D0N14" name="p101" srcActor="D0N7"/>
            <port dstActor="D0N21" name="p102" srcActor="D0N7"/>
            <port dstActor="D0N40" name="p103" srcActor="D0N7"/>
            <port dstActor="D0N30" name="p104" srcActor="D0N7"/>
            <port dstActor="D0N44" name="p105" srcActor="D0N37"/>
        </ports>
    </mcdag>
    <cores number="3"/>
    <levels number="2"/>
</mcsystem>
