<?xml version="1.0" encoding="UTF-8" standalone="no"?>
<mcsystem>
    <mcdag deadline="1800" name="genned-0-ed-10.0-0">
        <actor name="D0N3">
            <wcet number="0">60</wcet>
            <wcet number="1">200</wcet>
            <maxpow number="0.5470956730196261"/>
            <maxpow number="0.5470956730196261"/>
            <fprob>0.0</fprob>
        </actor>
        <actor name="D0N25">
            <wcet number="0">80</wcet>
            <wcet number="1">290</wcet>
            <maxpow number="0.35986581028034825"/>
            <maxpow number="0.35986581028034825"/>
            <fprob>0.0</fprob>
        </actor>
        <actor name="D0N16">
            <wcet number="0">20</wcet>
            <wcet number="1">110</wcet>
            <maxpow number="0.5216152839361018"/>
            <maxpow number="0.5216152839361018"/>
            <fprob>0.0</fprob>
        </actor>
        <actor name="D0N32">
            <wcet number="0">50</wcet>
            <wcet number="1">80</wcet>
            <maxpow number="0.6144007244870444"/>
            <maxpow number="0.6144007244870444"/>
            <fprob>0.0</fprob>
        </actor>
        <actor name="D0N41">
            <wcet number="0">10</wcet>
            <wcet number="1">20</wcet>
            <maxpow number="0.6770760580333074"/>
            <maxpow number="0.6770760580333074"/>
            <fprob>0.0</fprob>
        </actor>
        <actor name="D0N31">
            <wcet number="0">20</wcet>
            <wcet number="1">50</wcet>
            <maxpow number="0.7984005915636309"/>
            <maxpow number="0.7984005915636309"/>
            <fprob>0.0</fprob>
        </actor>
        <actor name="D0N20">
            <wcet number="0">30</wcet>
            <wcet number="1">80</wcet>
            <maxpow number="0.33618677924479656"/>
            <maxpow number="0.33618677924479656"/>
            <fprob>0.0</fprob>
        </actor>
        <actor name="D0N37">
            <wcet number="0">140</wcet>
            <wcet number="1">150</wcet>
            <maxpow number="0.656353021016252"/>
            <maxpow number="0.656353021016252"/>
            <fprob>0.0</fprob>
        </actor>
        <actor name="D0N15">
            <wcet number="0">60</wcet>
            <wcet number="1">60</wcet>
            <maxpow number="0.4851041326427787"/>
            <maxpow number="0.4851041326427787"/>
            <fprob>0.0</fprob>
        </actor>
        <actor name="D0N24">
            <wcet number="0">10</wcet>
            <wcet number="1">30</wcet>
            <maxpow number="0.3571330416916947"/>
            <maxpow number="0.3571330416916947"/>
            <fprob>0.0</fprob>
        </actor>
        <actor name="D0N22">
            <wcet number="0">30</wcet>
            <wcet number="1">30</wcet>
            <maxpow number="0.4992845181828802"/>
            <maxpow number="0.4992845181828802"/>
            <fprob>0.0</fprob>
        </actor>
        <actor name="D0N12">
            <wcet number="0">10</wcet>
            <wcet number="1">30</wcet>
            <maxpow number="0.3740889858212484"/>
            <maxpow number="0.3740889858212484"/>
            <fprob>0.0</fprob>
        </actor>
        <actor name="D0N33">
            <wcet number="0">10</wcet>
            <wcet number="1">30</wcet>
            <maxpow number="0.26985668560510967"/>
            <maxpow number="0.26985668560510967"/>
            <fprob>0.0</fprob>
        </actor>
        <actor name="D0N18">
            <wcet number="0">10</wcet>
            <wcet number="1">10</wcet>
            <maxpow number="0.4417705279731137"/>
            <maxpow number="0.4417705279731137"/>
            <fprob>0.0</fprob>
        </actor>
        <actor name="D0N43">
            <wcet number="0">140</wcet>
            <wcet number="1">210</wcet>
            <maxpow number="0.6850566637684732"/>
            <maxpow number="0.6850566637684732"/>
            <fprob>0.0</fprob>
        </actor>
        <actor name="D0N28">
            <wcet number="0">30</wcet>
            <wcet number="1">100</wcet>
            <maxpow number="0.6397732772848929"/>
            <maxpow number="0.6397732772848929"/>
            <fprob>0.0</fprob>
        </actor>
        <actor name="D0N47">
            <wcet number="0">40</wcet>
            <wcet number="1">50</wcet>
            <maxpow number="0.48901130603889"/>
            <maxpow number="0.48901130603889"/>
            <fprob>0.0</fprob>
        </actor>
        <actor name="D0N7">
            <wcet number="0">20</wcet>
            <wcet number="1">90</wcet>
            <maxpow number="0.7619648984299081"/>
            <maxpow number="0.7619648984299081"/>
            <fprob>0.0</fprob>
        </actor>
        <actor name="D0N10">
            <wcet number="0">20</wcet>
            <wcet number="1">120</wcet>
            <maxpow number="0.6464175240596756"/>
            <maxpow number="0.6464175240596756"/>
            <fprob>0.0</fprob>
        </actor>
        <actor name="D0N19">
            <wcet number="0">20</wcet>
            <wcet number="1">20</wcet>
            <maxpow number="0.4196197600031296"/>
            <maxpow number="0.4196197600031296"/>
            <fprob>0.0</fprob>
        </actor>
        <actor name="D0N1">
            <wcet number="0">40</wcet>
            <wcet number="1">60</wcet>
            <maxpow number="0.5431476268989086"/>
            <maxpow number="0.5431476268989086"/>
            <fprob>0.0</fprob>
        </actor>
        <actor name="D0N44">
            <wcet number="0">50</wcet>
            <wcet number="1">120</wcet>
            <maxpow number="0.4942990667171985"/>
            <maxpow number="0.4942990667171985"/>
            <fprob>0.0</fprob>
        </actor>
        <actor name="D0N9">
            <wcet number="0">90</wcet>
            <wcet number="1">120</wcet>
            <maxpow number="0.5731115088175993"/>
            <maxpow number="0.5731115088175993"/>
            <fprob>0.0</fprob>
        </actor>
        <actor name="D0N36">
            <wcet number="0">220</wcet>
            <wcet number="1">220</wcet>
            <maxpow number="0.5010608260939258"/>
            <maxpow number="0.5010608260939258"/>
            <fprob>0.0</fprob>
        </actor>
        <actor name="D0N39">
            <wcet number="0">90</wcet>
            <wcet number="1">150</wcet>
            <maxpow number="0.58339883054982"/>
            <maxpow number="0.58339883054982"/>
            <fprob>0.0</fprob>
        </actor>
        <actor name="D0N30">
            <wcet number="0">10</wcet>
            <wcet number="1">40</wcet>
            <maxpow number="0.5039800979097506"/>
            <maxpow number="0.5039800979097506"/>
            <fprob>0.0</fprob>
        </actor>
        <actor name="D0N29">
            <wcet number="0">40</wcet>
            <wcet number="1">70</wcet>
            <maxpow number="0.9610137222844524"/>
            <maxpow number="0.9610137222844524"/>
            <fprob>0.0</fprob>
        </actor>
        <actor name="D0N40">
            <wcet number="0">70</wcet>
            <wcet number="1">80</wcet>
            <maxpow number="0.6276076826093193"/>
            <maxpow number="0.6276076826093193"/>
            <fprob>0.0</fprob>
        </actor>
        <actor name="D0N26">
            <wcet number="0">10</wcet>
            <wcet number="1">40</wcet>
            <maxpow number="0.47351362597612895"/>
            <maxpow number="0.47351362597612895"/>
            <fprob>0.0</fprob>
        </actor>
        <actor name="D0N13">
            <wcet number="0">20</wcet>
            <wcet number="1">40</wcet>
            <maxpow number="0.4684326775439299"/>
            <maxpow number="0.4684326775439299"/>
            <fprob>0.0</fprob>
        </actor>
        <actor name="D0N42">
            <wcet number="0">10</wcet>
            <wcet number="1">70</wcet>
            <maxpow number="0.3552868827388711"/>
            <maxpow number="0.3552868827388711"/>
            <fprob>0.0</fprob>
        </actor>
        <actor name="D0N14">
            <wcet number="0">50</wcet>
            <wcet number="1">50</wcet>
            <maxpow number="0.48507459197370695"/>
            <maxpow number="0.48507459197370695"/>
            <fprob>0.0</fprob>
        </actor>
        <actor name="D0N46">
            <wcet number="0">50</wcet>
            <wcet number="1">70</wcet>
            <maxpow number="0.5296802571426352"/>
            <maxpow number="0.5296802571426352"/>
            <fprob>0.0</fprob>
        </actor>
        <actor name="D0N8">
            <wcet number="0">20</wcet>
            <wcet number="1">20</wcet>
            <maxpow number="0.4392414380361744"/>
            <maxpow number="0.4392414380361744"/>
            <fprob>0.0</fprob>
        </actor>
        <actor name="D0N4">
            <wcet number="0">10</wcet>
            <wcet number="1">10</wcet>
            <maxpow number="0.5084956973580829"/>
            <maxpow number="0.5084956973580829"/>
            <fprob>0.0</fprob>
        </actor>
        <actor name="D0N48">
            <wcet number="0">60</wcet>
            <wcet number="1">60</wcet>
            <maxpow number="0.2829466887258193"/>
            <maxpow number="0.2829466887258193"/>
            <fprob>0.0</fprob>
        </actor>
        <actor name="D0N38">
            <wcet number="0">10</wcet>
            <wcet number="1">10</wcet>
            <maxpow number="0.7053850755329599"/>
            <maxpow number="0.7053850755329599"/>
            <fprob>0.0</fprob>
        </actor>
        <actor name="D0N21">
            <wcet number="0">90</wcet>
            <wcet number="1">90</wcet>
            <maxpow number="0.7160712639496174"/>
            <maxpow number="0.7160712639496174"/>
            <fprob>0.0</fprob>
        </actor>
        <actor name="D0N5">
            <wcet number="0">30</wcet>
            <wcet number="1">140</wcet>
            <maxpow number="0.31592671412641093"/>
            <maxpow number="0.31592671412641093"/>
            <fprob>0.0</fprob>
        </actor>
        <actor name="D0N17">
            <wcet number="0">30</wcet>
            <wcet number="1">30</wcet>
            <maxpow number="0.4970369336255779"/>
            <maxpow number="0.4970369336255779"/>
            <fprob>0.0</fprob>
        </actor>
        <actor name="D0N23">
            <wcet number="0">110</wcet>
            <wcet number="1">140</wcet>
            <maxpow number="0.795972075561594"/>
            <maxpow number="0.795972075561594"/>
            <fprob>0.0</fprob>
        </actor>
        <actor name="D0N27">
            <wcet number="0">10</wcet>
            <wcet number="1">10</wcet>
            <maxpow number="0.24830445471923918"/>
            <maxpow number="0.24830445471923918"/>
            <fprob>0.0</fprob>
        </actor>
        <actor name="D0N2">
            <wcet number="0">220</wcet>
            <wcet number="1">360</wcet>
            <maxpow number="1.0028116495244197"/>
            <maxpow number="1.0028116495244197"/>
            <fprob>0.0</fprob>
        </actor>
        <actor name="D0N11">
            <wcet number="0">80</wcet>
            <wcet number="1">80</wcet>
            <maxpow number="0.5585358314164708"/>
            <maxpow number="0.5585358314164708"/>
            <fprob>0.0</fprob>
        </actor>
        <actor name="D0N6">
            <wcet number="0">130</wcet>
            <wcet number="1">130</wcet>
            <maxpow number="0.656717609425919"/>
            <maxpow number="0.656717609425919"/>
            <fprob>0.0</fprob>
        </actor>
        <actor name="D0N45">
            <wcet number="0">10</wcet>
            <wcet number="1">50</wcet>
            <maxpow number="0.49409149211197884"/>
            <maxpow number="0.49409149211197884"/>
            <fprob>0.0</fprob>
        </actor>
        <actor name="D0N35">
            <wcet number="0">10</wcet>
            <wcet number="1">10</wcet>
            <maxpow number="0.13053089907113363"/>
            <maxpow number="0.13053089907113363"/>
            <fprob>0.0</fprob>
        </actor>
        <actor name="D0N0">
            <wcet number="0">60</wcet>
            <wcet number="1">90</wcet>
            <maxpow number="0.28759883226296046"/>
            <maxpow number="0.28759883226296046"/>
            <fprob>0.0</fprob>
        </actor>
        <actor name="D0N34">
            <wcet number="0">10</wcet>
            <wcet number="1">20</wcet>
            <maxpow number="0.5759176539486228"/>
            <maxpow number="0.5759176539486228"/>
            <fprob>0.0</fprob>
        </actor>
        <ports>
            <port dstActor="D0N33" name="p0" srcActor="D0N3"/>
            <port dstActor="D0N37" name="p1" srcActor="D0N3"/>
            <port dstActor="D0N17" name="p2" srcActor="D0N3"/>
            <port dstActor="D0N4" name="p3" srcActor="D0N3"/>
            <port dstActor="D0N39" name="p4" srcActor="D0N25"/>
            <port dstActor="D0N35" name="p5" srcActor="D0N25"/>
            <port dstActor="D0N32" name="p6" srcActor="D0N16"/>
            <port dstActor="D0N38" name="p7" srcActor="D0N16"/>
            <port dstActor="D0N25" name="p8" srcActor="D0N16"/>
            <port dstActor="D0N42" name="p9" srcActor="D0N32"/>
            <port dstActor="D0N46" name="p10" srcActor="D0N32"/>
            <port dstActor="D0N46" name="p11" srcActor="D0N41"/>
            <port dstActor="D0N44" name="p12" srcActor="D0N31"/>
            <port dstActor="D0N43" name="p13" srcActor="D0N31"/>
            <port dstActor="D0N24" name="p14" srcActor="D0N20"/>
            <port dstActor="D0N29" name="p15" srcActor="D0N20"/>
            <port dstActor="D0N28" name="p16" srcActor="D0N15"/>
            <port dstActor="D0N17" name="p17" srcActor="D0N15"/>
            <port dstActor="D0N20" name="p18" srcActor="D0N15"/>
            <port dstActor="D0N39" name="p19" srcActor="D0N24"/>
            <port dstActor="D0N46" name="p20" srcActor="D0N24"/>
            <port dstActor="D0N27" name="p21" srcActor="D0N24"/>
            <port dstActor="D0N39" name="p22" srcActor="D0N22"/>
            <port dstActor="D0N30" name="p23" srcActor="D0N22"/>
            <port dstActor="D0N23" name="p24" srcActor="D0N22"/>
            <port dstActor="D0N19" name="p25" srcActor="D0N12"/>
            <port dstActor="D0N17" name="p26" srcActor="D0N12"/>
            <port dstActor="D0N45" name="p27" srcActor="D0N12"/>
            <port dstActor="D0N48" name="p28" srcActor="D0N33"/>
            <port dstActor="D0N35" name="p29" srcActor="D0N33"/>
            <port dstActor="D0N25" name="p30" srcActor="D0N18"/>
            <port dstActor="D0N21" name="p31" srcActor="D0N18"/>
            <port dstActor="D0N37" name="p32" srcActor="D0N28"/>
            <port dstActor="D0N29" name="p33" srcActor="D0N28"/>
            <port dstActor="D0N35" name="p34" srcActor="D0N28"/>
            <port dstActor="D0N48" name="p35" srcActor="D0N47"/>
            <port dstActor="D0N20" name="p36" srcActor="D0N7"/>
            <port dstActor="D0N13" name="p37" srcActor="D0N7"/>
            <port dstActor="D0N46" name="p38" srcActor="D0N7"/>
            <port dstActor="D0N11" name="p39" srcActor="D0N7"/>
            <port dstActor="D0N41" name="p40" srcActor="D0N7"/>
            <port dstActor="D0N21" name="p41" srcActor="D0N7"/>
            <port dstActor="D0N26" name="p42" srcActor="D0N7"/>
            <port dstActor="D0N25" name="p43" srcActor="D0N7"/>
            <port dstActor="D0N36" name="p44" srcActor="D0N10"/>
            <port dstActor="D0N22" name="p45" srcActor="D0N10"/>
            <port dstActor="D0N33" name="p46" srcActor="D0N10"/>
            <port dstActor="D0N38" name="p47" srcActor="D0N10"/>
            <port dstActor="D0N47" name="p48" srcActor="D0N10"/>
            <port dstActor="D0N13" name="p49" srcActor="D0N10"/>
            <port dstActor="D0N24" name="p50" srcActor="D0N19"/>
            <port dstActor="D0N37" name="p51" srcActor="D0N19"/>
            <port dstActor="D0N22" name="p52" srcActor="D0N19"/>
            <port dstActor="D0N48" name="p53" srcActor="D0N19"/>
            <port dstActor="D0N8" name="p54" srcActor="D0N1"/>
            <port dstActor="D0N9" name="p55" srcActor="D0N1"/>
            <port dstActor="D0N31" name="p56" srcActor="D0N1"/>
            <port dstActor="D0N37" name="p57" srcActor="D0N1"/>
            <port dstActor="D0N29" name="p58" srcActor="D0N1"/>
            <port dstActor="D0N32" name="p59" srcActor="D0N9"/>
            <port dstActor="D0N39" name="p60" srcActor="D0N9"/>
            <port dstActor="D0N46" name="p61" srcActor="D0N9"/>
            <port dstActor="D0N45" name="p62" srcActor="D0N36"/>
            <port dstActor="D0N48" name="p63" srcActor="D0N39"/>
            <port dstActor="D0N31" name="p64" srcActor="D0N30"/>
            <port dstActor="D0N37" name="p65" srcActor="D0N30"/>
            <port dstActor="D0N47" name="p66" srcActor="D0N40"/>
            <port dstActor="D0N43" name="p67" srcActor="D0N26"/>
            <port dstActor="D0N41" name="p68" srcActor="D0N26"/>
            <port dstActor="D0N48" name="p69" srcActor="D0N26"/>
            <port dstActor="D0N22" name="p70" srcActor="D0N13"/>
            <port dstActor="D0N23" name="p71" srcActor="D0N13"/>
            <port dstActor="D0N15" name="p72" srcActor="D0N13"/>
            <port dstActor="D0N15" name="p73" srcActor="D0N14"/>
            <port dstActor="D0N37" name="p74" srcActor="D0N14"/>
            <port dstActor="D0N45" name="p75" srcActor="D0N14"/>
            <port dstActor="D0N43" name="p76" srcActor="D0N14"/>
            <port dstActor="D0N24" name="p77" srcActor="D0N8"/>
            <port dstActor="D0N42" name="p78" srcActor="D0N8"/>
            <port dstActor="D0N27" name="p79" srcActor="D0N8"/>
            <port dstActor="D0N30" name="p80" srcActor="D0N8"/>
            <port dstActor="D0N22" name="p81" srcActor="D0N8"/>
            <port dstActor="D0N40" name="p82" srcActor="D0N8"/>
            <port dstActor="D0N12" name="p83" srcActor="D0N4"/>
            <port dstActor="D0N17" name="p84" srcActor="D0N4"/>
            <port dstActor="D0N45" name="p85" srcActor="D0N38"/>
            <port dstActor="D0N44" name="p86" srcActor="D0N21"/>
            <port dstActor="D0N26" name="p87" srcActor="D0N5"/>
            <port dstActor="D0N21" name="p88" srcActor="D0N5"/>
            <port dstActor="D0N20" name="p89" srcActor="D0N17"/>
            <port dstActor="D0N27" name="p90" srcActor="D0N17"/>
            <port dstActor="D0N28" name="p91" srcActor="D0N17"/>
            <port dstActor="D0N30" name="p92" srcActor="D0N17"/>
            <port dstActor="D0N46" name="p93" srcActor="D0N23"/>
            <port dstActor="D0N36" name="p94" srcActor="D0N27"/>
            <port dstActor="D0N32" name="p95" srcActor="D0N27"/>
            <port dstActor="D0N41" name="p96" srcActor="D0N2"/>
            <port dstActor="D0N27" name="p97" srcActor="D0N2"/>
            <port dstActor="D0N3" name="p98" srcActor="D0N2"/>
            <port dstActor="D0N20" name="p99" srcActor="D0N2"/>
            <port dstActor="D0N12" name="p100" srcActor="D0N11"/>
            <port dstActor="D0N36" name="p101" srcActor="D0N11"/>
            <port dstActor="D0N24" name="p102" srcActor="D0N11"/>
            <port dstActor="D0N30" name="p103" srcActor="D0N11"/>
            <port dstActor="D0N48" name="p104" srcActor="D0N11"/>
            <port dstActor="D0N22" name="p105" srcActor="D0N6"/>
            <port dstActor="D0N14" name="p106" srcActor="D0N6"/>
            <port dstActor="D0N36" name="p107" srcActor="D0N6"/>
            <port dstActor="D0N31" name="p108" srcActor="D0N6"/>
            <port dstActor="D0N12" name="p109" srcActor="D0N6"/>
            <port dstActor="D0N39" name="p110" srcActor="D0N6"/>
            <port dstActor="D0N40" name="p111" srcActor="D0N35"/>
            <port dstActor="D0N10" name="p112" srcActor="D0N0"/>
            <port dstActor="D0N2" name="p113" srcActor="D0N0"/>
            <port dstActor="D0N22" name="p114" srcActor="D0N0"/>
            <port dstActor="D0N11" name="p115" srcActor="D0N0"/>
        </ports>
    </mcdag>
    <cores number="3"/>
    <levels number="2"/>
</mcsystem>
