<?xml version="1.0" encoding="UTF-8" standalone="no"?>
<mcsystem>
    <mcdag deadline="1500" name="genned-0-ed-10.0-0">
        <actor name="D0N39">
            <wcet number="0">40</wcet>
            <wcet number="1">90</wcet>
            <maxpow number="0.36148409675905674"/>
            <maxpow number="0.36148409675905674"/>
            <fprob>0.0</fprob>
        </actor>
        <actor name="D0N2">
            <wcet number="0">10</wcet>
            <wcet number="1">100</wcet>
            <maxpow number="0.511726144505121"/>
            <maxpow number="0.511726144505121"/>
            <fprob>0.0</fprob>
        </actor>
        <actor name="D0N11">
            <wcet number="0">40</wcet>
            <wcet number="1">110</wcet>
            <maxpow number="0.5563939438867285"/>
            <maxpow number="0.5563939438867285"/>
            <fprob>0.0</fprob>
        </actor>
        <actor name="D0N0">
            <wcet number="0">10</wcet>
            <wcet number="1">10</wcet>
            <maxpow number="0.8049235053914101"/>
            <maxpow number="0.8049235053914101"/>
            <fprob>0.0</fprob>
        </actor>
        <actor name="D0N31">
            <wcet number="0">10</wcet>
            <wcet number="1">20</wcet>
            <maxpow number="0.34911049909005953"/>
            <maxpow number="0.34911049909005953"/>
            <fprob>0.0</fprob>
        </actor>
        <actor name="D0N12">
            <wcet number="0">10</wcet>
            <wcet number="1">30</wcet>
            <maxpow number="0.5211692743560283"/>
            <maxpow number="0.5211692743560283"/>
            <fprob>0.0</fprob>
        </actor>
        <actor name="D0N45">
            <wcet number="0">20</wcet>
            <wcet number="1">20</wcet>
            <maxpow number="0.4534748542570214"/>
            <maxpow number="0.4534748542570214"/>
            <fprob>0.0</fprob>
        </actor>
        <actor name="D0N38">
            <wcet number="0">40</wcet>
            <wcet number="1">50</wcet>
            <maxpow number="0.7862246472128103"/>
            <maxpow number="0.7862246472128103"/>
            <fprob>0.0</fprob>
        </actor>
        <actor name="D0N13">
            <wcet number="0">40</wcet>
            <wcet number="1">40</wcet>
            <maxpow number="0.4202236343408075"/>
            <maxpow number="0.4202236343408075"/>
            <fprob>0.0</fprob>
        </actor>
        <actor name="D0N43">
            <wcet number="0">10</wcet>
            <wcet number="1">20</wcet>
            <maxpow number="0.4987409203289779"/>
            <maxpow number="0.4987409203289779"/>
            <fprob>0.0</fprob>
        </actor>
        <actor name="D0N9">
            <wcet number="0">10</wcet>
            <wcet number="1">10</wcet>
            <maxpow number="0.8440597667924095"/>
            <maxpow number="0.8440597667924095"/>
            <fprob>0.0</fprob>
        </actor>
        <actor name="D0N22">
            <wcet number="0">10</wcet>
            <wcet number="1">20</wcet>
            <maxpow number="0.5899214770375187"/>
            <maxpow number="0.5899214770375187"/>
            <fprob>0.0</fprob>
        </actor>
        <actor name="D0N33">
            <wcet number="0">100</wcet>
            <wcet number="1">150</wcet>
            <maxpow number="0.665823418595711"/>
            <maxpow number="0.665823418595711"/>
            <fprob>0.0</fprob>
        </actor>
        <actor name="D0N29">
            <wcet number="0">10</wcet>
            <wcet number="1">10</wcet>
            <maxpow number="0.8259019422617992"/>
            <maxpow number="0.8259019422617992"/>
            <fprob>0.0</fprob>
        </actor>
        <actor name="D0N36">
            <wcet number="0">10</wcet>
            <wcet number="1">10</wcet>
            <maxpow number="0.10852479568435414"/>
            <maxpow number="0.10852479568435414"/>
            <fprob>0.0</fprob>
        </actor>
        <actor name="D0N28">
            <wcet number="0">50</wcet>
            <wcet number="1">70</wcet>
            <maxpow number="0.2859640751546057"/>
            <maxpow number="0.2859640751546057"/>
            <fprob>0.0</fprob>
        </actor>
        <actor name="D0N34">
            <wcet number="0">20</wcet>
            <wcet number="1">20</wcet>
            <maxpow number="0.5602861619210605"/>
            <maxpow number="0.5602861619210605"/>
            <fprob>0.0</fprob>
        </actor>
        <actor name="D0N27">
            <wcet number="0">40</wcet>
            <wcet number="1">50</wcet>
            <maxpow number="0.35858665495515607"/>
            <maxpow number="0.35858665495515607"/>
            <fprob>0.0</fprob>
        </actor>
        <actor name="D0N25">
            <wcet number="0">10</wcet>
            <wcet number="1">20</wcet>
            <maxpow number="0.43915377307816833"/>
            <maxpow number="0.43915377307816833"/>
            <fprob>0.0</fprob>
        </actor>
        <actor name="D0N35">
            <wcet number="0">10</wcet>
            <wcet number="1">40</wcet>
            <maxpow number="0.7709986301297642"/>
            <maxpow number="0.7709986301297642"/>
            <fprob>0.0</fprob>
        </actor>
        <actor name="D0N30">
            <wcet number="0">40</wcet>
            <wcet number="1">40</wcet>
            <maxpow number="0.4589217311677865"/>
            <maxpow number="0.4589217311677865"/>
            <fprob>0.0</fprob>
        </actor>
        <actor name="D0N37">
            <wcet number="0">50</wcet>
            <wcet number="1">60</wcet>
            <maxpow number="0.5429836486821967"/>
            <maxpow number="0.5429836486821967"/>
            <fprob>0.0</fprob>
        </actor>
        <actor name="D0N6">
            <wcet number="0">10</wcet>
            <wcet number="1">10</wcet>
            <maxpow number="0.4837574326483024"/>
            <maxpow number="0.4837574326483024"/>
            <fprob>0.0</fprob>
        </actor>
        <actor name="D0N5">
            <wcet number="0">190</wcet>
            <wcet number="1">230</wcet>
            <maxpow number="0.6307682218618019"/>
            <maxpow number="0.6307682218618019"/>
            <fprob>0.0</fprob>
        </actor>
        <actor name="D0N40">
            <wcet number="0">20</wcet>
            <wcet number="1">50</wcet>
            <maxpow number="0.385848735090466"/>
            <maxpow number="0.385848735090466"/>
            <fprob>0.0</fprob>
        </actor>
        <actor name="D0N21">
            <wcet number="0">50</wcet>
            <wcet number="1">100</wcet>
            <maxpow number="0.25389437426305117"/>
            <maxpow number="0.25389437426305117"/>
            <fprob>0.0</fprob>
        </actor>
        <actor name="D0N16">
            <wcet number="0">50</wcet>
            <wcet number="1">60</wcet>
            <maxpow number="0.4029004433880862"/>
            <maxpow number="0.4029004433880862"/>
            <fprob>0.0</fprob>
        </actor>
        <actor name="D0N42">
            <wcet number="0">30</wcet>
            <wcet number="1">70</wcet>
            <maxpow number="0.7172193536842024"/>
            <maxpow number="0.7172193536842024"/>
            <fprob>0.0</fprob>
        </actor>
        <actor name="D0N46">
            <wcet number="0">10</wcet>
            <wcet number="1">30</wcet>
            <maxpow number="0.66526158640442"/>
            <maxpow number="0.66526158640442"/>
            <fprob>0.0</fprob>
        </actor>
        <actor name="D0N19">
            <wcet number="0">80</wcet>
            <wcet number="1">110</wcet>
            <maxpow number="0.6861516713935609"/>
            <maxpow number="0.6861516713935609"/>
            <fprob>0.0</fprob>
        </actor>
        <actor name="D0N44">
            <wcet number="0">10</wcet>
            <wcet number="1">10</wcet>
            <maxpow number="0.43223290425431643"/>
            <maxpow number="0.43223290425431643"/>
            <fprob>0.0</fprob>
        </actor>
        <actor name="D0N8">
            <wcet number="0">20</wcet>
            <wcet number="1">40</wcet>
            <maxpow number="0.5697446416271824"/>
            <maxpow number="0.5697446416271824"/>
            <fprob>0.0</fprob>
        </actor>
        <actor name="D0N10">
            <wcet number="0">10</wcet>
            <wcet number="1">60</wcet>
            <maxpow number="0.6600601443813908"/>
            <maxpow number="0.6600601443813908"/>
            <fprob>0.0</fprob>
        </actor>
        <actor name="D0N3">
            <wcet number="0">10</wcet>
            <wcet number="1">30</wcet>
            <maxpow number="0.6555541984618204"/>
            <maxpow number="0.6555541984618204"/>
            <fprob>0.0</fprob>
        </actor>
        <actor name="D0N41">
            <wcet number="0">30</wcet>
            <wcet number="1">70</wcet>
            <maxpow number="0.678965489152234"/>
            <maxpow number="0.678965489152234"/>
            <fprob>0.0</fprob>
        </actor>
        <actor name="D0N1">
            <wcet number="0">50</wcet>
            <wcet number="1">140</wcet>
            <maxpow number="0.8978932310705272"/>
            <maxpow number="0.8978932310705272"/>
            <fprob>0.0</fprob>
        </actor>
        <actor name="D0N20">
            <wcet number="0">20</wcet>
            <wcet number="1">20</wcet>
            <maxpow number="0.31359026604828066"/>
            <maxpow number="0.31359026604828066"/>
            <fprob>0.0</fprob>
        </actor>
        <actor name="D0N26">
            <wcet number="0">30</wcet>
            <wcet number="1">60</wcet>
            <maxpow number="0.49492066160824383"/>
            <maxpow number="0.49492066160824383"/>
            <fprob>0.0</fprob>
        </actor>
        <actor name="D0N32">
            <wcet number="0">20</wcet>
            <wcet number="1">20</wcet>
            <maxpow number="0.5431111413973388"/>
            <maxpow number="0.5431111413973388"/>
            <fprob>0.0</fprob>
        </actor>
        <actor name="D0N23">
            <wcet number="0">10</wcet>
            <wcet number="1">150</wcet>
            <maxpow number="0.7994931115782543"/>
            <maxpow number="0.7994931115782543"/>
            <fprob>0.0</fprob>
        </actor>
        <actor name="D0N24">
            <wcet number="0">10</wcet>
            <wcet number="1">80</wcet>
            <maxpow number="0.21444898848256788"/>
            <maxpow number="0.21444898848256788"/>
            <fprob>0.0</fprob>
        </actor>
        <actor name="D0N14">
            <wcet number="0">250</wcet>
            <wcet number="1">400</wcet>
            <maxpow number="0.36692605842781556"/>
            <maxpow number="0.36692605842781556"/>
            <fprob>0.0</fprob>
        </actor>
        <actor name="D0N4">
            <wcet number="0">40</wcet>
            <wcet number="1">110</wcet>
            <maxpow number="0.3365214557518309"/>
            <maxpow number="0.3365214557518309"/>
            <fprob>0.0</fprob>
        </actor>
        <actor name="D0N17">
            <wcet number="0">110</wcet>
            <wcet number="1">120</wcet>
            <maxpow number="0.36638683469331573"/>
            <maxpow number="0.36638683469331573"/>
            <fprob>0.0</fprob>
        </actor>
        <actor name="D0N15">
            <wcet number="0">20</wcet>
            <wcet number="1">20</wcet>
            <maxpow number="0.9330727335438667"/>
            <maxpow number="0.9330727335438667"/>
            <fprob>0.0</fprob>
        </actor>
        <actor name="D0N18">
            <wcet number="0">20</wcet>
            <wcet number="1">90</wcet>
            <maxpow number="0.5042903160711749"/>
            <maxpow number="0.5042903160711749"/>
            <fprob>0.0</fprob>
        </actor>
        <actor name="D0N7">
            <wcet number="0">20</wcet>
            <wcet number="1">80</wcet>
            <maxpow number="0.6267960659686068"/>
            <maxpow number="0.6267960659686068"/>
            <fprob>0.0</fprob>
        </actor>
        <ports>
            <port dstActor="D0N14" name="p0" srcActor="D0N2"/>
            <port dstActor="D0N42" name="p1" srcActor="D0N2"/>
            <port dstActor="D0N32" name="p2" srcActor="D0N2"/>
            <port dstActor="D0N38" name="p3" srcActor="D0N2"/>
            <port dstActor="D0N24" name="p4" srcActor="D0N11"/>
            <port dstActor="D0N18" name="p5" srcActor="D0N0"/>
            <port dstActor="D0N12" name="p6" srcActor="D0N0"/>
            <port dstActor="D0N44" name="p7" srcActor="D0N0"/>
            <port dstActor="D0N4" name="p8" srcActor="D0N0"/>
            <port dstActor="D0N41" name="p9" srcActor="D0N0"/>
            <port dstActor="D0N8" name="p10" srcActor="D0N0"/>
            <port dstActor="D0N26" name="p11" srcActor="D0N0"/>
            <port dstActor="D0N41" name="p12" srcActor="D0N12"/>
            <port dstActor="D0N29" name="p13" srcActor="D0N12"/>
            <port dstActor="D0N45" name="p14" srcActor="D0N12"/>
            <port dstActor="D0N39" name="p15" srcActor="D0N12"/>
            <port dstActor="D0N42" name="p16" srcActor="D0N12"/>
            <port dstActor="D0N18" name="p17" srcActor="D0N12"/>
            <port dstActor="D0N46" name="p18" srcActor="D0N45"/>
            <port dstActor="D0N42" name="p19" srcActor="D0N38"/>
            <port dstActor="D0N45" name="p20" srcActor="D0N38"/>
            <port dstActor="D0N45" name="p21" srcActor="D0N13"/>
            <port dstActor="D0N36" name="p22" srcActor="D0N13"/>
            <port dstActor="D0N44" name="p23" srcActor="D0N43"/>
            <port dstActor="D0N35" name="p24" srcActor="D0N9"/>
            <port dstActor="D0N29" name="p25" srcActor="D0N9"/>
            <port dstActor="D0N25" name="p26" srcActor="D0N9"/>
            <port dstActor="D0N46" name="p27" srcActor="D0N9"/>
            <port dstActor="D0N16" name="p28" srcActor="D0N9"/>
            <port dstActor="D0N41" name="p29" srcActor="D0N9"/>
            <port dstActor="D0N30" name="p30" srcActor="D0N9"/>
            <port dstActor="D0N18" name="p31" srcActor="D0N9"/>
            <port dstActor="D0N29" name="p32" srcActor="D0N22"/>
            <port dstActor="D0N36" name="p33" srcActor="D0N22"/>
            <port dstActor="D0N43" name="p34" srcActor="D0N33"/>
            <port dstActor="D0N35" name="p35" srcActor="D0N33"/>
            <port dstActor="D0N42" name="p36" srcActor="D0N33"/>
            <port dstActor="D0N45" name="p37" srcActor="D0N36"/>
            <port dstActor="D0N45" name="p38" srcActor="D0N28"/>
            <port dstActor="D0N31" name="p39" srcActor="D0N28"/>
            <port dstActor="D0N39" name="p40" srcActor="D0N28"/>
            <port dstActor="D0N41" name="p41" srcActor="D0N28"/>
            <port dstActor="D0N39" name="p42" srcActor="D0N34"/>
            <port dstActor="D0N37" name="p43" srcActor="D0N27"/>
            <port dstActor="D0N33" name="p44" srcActor="D0N25"/>
            <port dstActor="D0N37" name="p45" srcActor="D0N25"/>
            <port dstActor="D0N26" name="p46" srcActor="D0N25"/>
            <port dstActor="D0N37" name="p47" srcActor="D0N30"/>
            <port dstActor="D0N33" name="p48" srcActor="D0N30"/>
            <port dstActor="D0N42" name="p49" srcActor="D0N30"/>
            <port dstActor="D0N45" name="p50" srcActor="D0N37"/>
            <port dstActor="D0N46" name="p51" srcActor="D0N37"/>
            <port dstActor="D0N43" name="p52" srcActor="D0N6"/>
            <port dstActor="D0N35" name="p53" srcActor="D0N5"/>
            <port dstActor="D0N11" name="p54" srcActor="D0N5"/>
            <port dstActor="D0N21" name="p55" srcActor="D0N5"/>
            <port dstActor="D0N32" name="p56" srcActor="D0N5"/>
            <port dstActor="D0N41" name="p57" srcActor="D0N5"/>
            <port dstActor="D0N22" name="p58" srcActor="D0N21"/>
            <port dstActor="D0N24" name="p59" srcActor="D0N16"/>
            <port dstActor="D0N43" name="p60" srcActor="D0N16"/>
            <port dstActor="D0N38" name="p61" srcActor="D0N16"/>
            <port dstActor="D0N29" name="p62" srcActor="D0N16"/>
            <port dstActor="D0N39" name="p63" srcActor="D0N16"/>
            <port dstActor="D0N44" name="p64" srcActor="D0N16"/>
            <port dstActor="D0N44" name="p65" srcActor="D0N42"/>
            <port dstActor="D0N35" name="p66" srcActor="D0N19"/>
            <port dstActor="D0N29" name="p67" srcActor="D0N19"/>
            <port dstActor="D0N41" name="p68" srcActor="D0N8"/>
            <port dstActor="D0N26" name="p69" srcActor="D0N8"/>
            <port dstActor="D0N10" name="p70" srcActor="D0N8"/>
            <port dstActor="D0N24" name="p71" srcActor="D0N8"/>
            <port dstActor="D0N31" name="p72" srcActor="D0N8"/>
            <port dstActor="D0N38" name="p73" srcActor="D0N8"/>
            <port dstActor="D0N28" name="p74" srcActor="D0N8"/>
            <port dstActor="D0N13" name="p75" srcActor="D0N10"/>
            <port dstActor="D0N14" name="p76" srcActor="D0N10"/>
            <port dstActor="D0N24" name="p77" srcActor="D0N10"/>
            <port dstActor="D0N33" name="p78" srcActor="D0N10"/>
            <port dstActor="D0N38" name="p79" srcActor="D0N10"/>
            <port dstActor="D0N28" name="p80" srcActor="D0N10"/>
            <port dstActor="D0N29" name="p81" srcActor="D0N10"/>
            <port dstActor="D0N4" name="p82" srcActor="D0N3"/>
            <port dstActor="D0N9" name="p83" srcActor="D0N3"/>
            <port dstActor="D0N24" name="p84" srcActor="D0N3"/>
            <port dstActor="D0N40" name="p85" srcActor="D0N3"/>
            <port dstActor="D0N28" name="p86" srcActor="D0N1"/>
            <port dstActor="D0N25" name="p87" srcActor="D0N1"/>
            <port dstActor="D0N11" name="p88" srcActor="D0N1"/>
            <port dstActor="D0N38" name="p89" srcActor="D0N1"/>
            <port dstActor="D0N19" name="p90" srcActor="D0N1"/>
            <port dstActor="D0N29" name="p91" srcActor="D0N1"/>
            <port dstActor="D0N43" name="p92" srcActor="D0N20"/>
            <port dstActor="D0N46" name="p93" srcActor="D0N20"/>
            <port dstActor="D0N32" name="p94" srcActor="D0N20"/>
            <port dstActor="D0N32" name="p95" srcActor="D0N26"/>
            <port dstActor="D0N33" name="p96" srcActor="D0N26"/>
            <port dstActor="D0N34" name="p97" srcActor="D0N26"/>
            <port dstActor="D0N44" name="p98" srcActor="D0N23"/>
            <port dstActor="D0N28" name="p99" srcActor="D0N24"/>
            <port dstActor="D0N41" name="p100" srcActor="D0N24"/>
            <port dstActor="D0N31" name="p101" srcActor="D0N24"/>
            <port dstActor="D0N31" name="p102" srcActor="D0N14"/>
            <port dstActor="D0N40" name="p103" srcActor="D0N14"/>
            <port dstActor="D0N21" name="p104" srcActor="D0N4"/>
            <port dstActor="D0N36" name="p105" srcActor="D0N4"/>
            <port dstActor="D0N18" name="p106" srcActor="D0N4"/>
            <port dstActor="D0N41" name="p107" srcActor="D0N4"/>
            <port dstActor="D0N42" name="p108" srcActor="D0N4"/>
            <port dstActor="D0N15" name="p109" srcActor="D0N4"/>
            <port dstActor="D0N18" name="p110" srcActor="D0N17"/>
            <port dstActor="D0N19" name="p111" srcActor="D0N17"/>
            <port dstActor="D0N45" name="p112" srcActor="D0N17"/>
            <port dstActor="D0N22" name="p113" srcActor="D0N15"/>
            <port dstActor="D0N32" name="p114" srcActor="D0N15"/>
            <port dstActor="D0N36" name="p115" srcActor="D0N18"/>
            <port dstActor="D0N29" name="p116" srcActor="D0N18"/>
            <port dstActor="D0N33" name="p117" srcActor="D0N18"/>
            <port dstActor="D0N34" name="p118" srcActor="D0N18"/>
            <port dstActor="D0N19" name="p119" srcActor="D0N18"/>
            <port dstActor="D0N46" name="p120" srcActor="D0N18"/>
            <port dstActor="D0N29" name="p121" srcActor="D0N7"/>
            <port dstActor="D0N8" name="p122" srcActor="D0N7"/>
            <port dstActor="D0N9" name="p123" srcActor="D0N7"/>
            <port dstActor="D0N26" name="p124" srcActor="D0N7"/>
        </ports>
    </mcdag>
    <cores number="3"/>
    <levels number="2"/>
</mcsystem>
