<?xml version="1.0" encoding="UTF-8" standalone="no"?>
<mcsystem>
    <mcdag deadline="1500" name="genned-0-ed-10.0-0">
        <actor name="D0N42">
            <wcet number="0">10</wcet>
            <wcet number="1">10</wcet>
            <maxpow number="0.43527661891347713"/>
            <maxpow number="0.43527661891347713"/>
            <fprob>0.0</fprob>
        </actor>
        <actor name="D0N31">
            <wcet number="0">60</wcet>
            <wcet number="1">80</wcet>
            <maxpow number="0.6368083334361544"/>
            <maxpow number="0.6368083334361544"/>
            <fprob>0.0</fprob>
        </actor>
        <actor name="D0N5">
            <wcet number="0">40</wcet>
            <wcet number="1">50</wcet>
            <maxpow number="0.2749472511602931"/>
            <maxpow number="0.2749472511602931"/>
            <fprob>0.0</fprob>
        </actor>
        <actor name="D0N32">
            <wcet number="0">50</wcet>
            <wcet number="1">120</wcet>
            <maxpow number="0.3886110078305002"/>
            <maxpow number="0.3886110078305002"/>
            <fprob>0.0</fprob>
        </actor>
        <actor name="D0N10">
            <wcet number="0">30</wcet>
            <wcet number="1">150</wcet>
            <maxpow number="0.5864770708024181"/>
            <maxpow number="0.5864770708024181"/>
            <fprob>0.0</fprob>
        </actor>
        <actor name="D0N16">
            <wcet number="0">40</wcet>
            <wcet number="1">40</wcet>
            <maxpow number="0.7281418175311918"/>
            <maxpow number="0.7281418175311918"/>
            <fprob>0.0</fprob>
        </actor>
        <actor name="D0N18">
            <wcet number="0">40</wcet>
            <wcet number="1">60</wcet>
            <maxpow number="0.504729192186907"/>
            <maxpow number="0.504729192186907"/>
            <fprob>0.0</fprob>
        </actor>
        <actor name="D0N38">
            <wcet number="0">20</wcet>
            <wcet number="1">20</wcet>
            <maxpow number="0.326095659056891"/>
            <maxpow number="0.326095659056891"/>
            <fprob>0.0</fprob>
        </actor>
        <actor name="D0N13">
            <wcet number="0">80</wcet>
            <wcet number="1">130</wcet>
            <maxpow number="0.6901856104320849"/>
            <maxpow number="0.6901856104320849"/>
            <fprob>0.0</fprob>
        </actor>
        <actor name="D0N15">
            <wcet number="0">10</wcet>
            <wcet number="1">10</wcet>
            <maxpow number="0.6849892486328143"/>
            <maxpow number="0.6849892486328143"/>
            <fprob>0.0</fprob>
        </actor>
        <actor name="D0N4">
            <wcet number="0">10</wcet>
            <wcet number="1">10</wcet>
            <maxpow number="0.28236190294887636"/>
            <maxpow number="0.28236190294887636"/>
            <fprob>0.0</fprob>
        </actor>
        <actor name="D0N48">
            <wcet number="0">50</wcet>
            <wcet number="1">100</wcet>
            <maxpow number="0.7294049377795413"/>
            <maxpow number="0.7294049377795413"/>
            <fprob>0.0</fprob>
        </actor>
        <actor name="D0N29">
            <wcet number="0">70</wcet>
            <wcet number="1">120</wcet>
            <maxpow number="0.6829017770348439"/>
            <maxpow number="0.6829017770348439"/>
            <fprob>0.0</fprob>
        </actor>
        <actor name="D0N23">
            <wcet number="0">50</wcet>
            <wcet number="1">60</wcet>
            <maxpow number="0.485669577880175"/>
            <maxpow number="0.485669577880175"/>
            <fprob>0.0</fprob>
        </actor>
        <actor name="D0N45">
            <wcet number="0">20</wcet>
            <wcet number="1">100</wcet>
            <maxpow number="0.34093231502506655"/>
            <maxpow number="0.34093231502506655"/>
            <fprob>0.0</fprob>
        </actor>
        <actor name="D0N34">
            <wcet number="0">60</wcet>
            <wcet number="1">60</wcet>
            <maxpow number="0.6868619493101477"/>
            <maxpow number="0.6868619493101477"/>
            <fprob>0.0</fprob>
        </actor>
        <actor name="D0N30">
            <wcet number="0">10</wcet>
            <wcet number="1">20</wcet>
            <maxpow number="0.641161569265849"/>
            <maxpow number="0.641161569265849"/>
            <fprob>0.0</fprob>
        </actor>
        <actor name="D0N28">
            <wcet number="0">60</wcet>
            <wcet number="1">60</wcet>
            <maxpow number="0.9141031906007444"/>
            <maxpow number="0.9141031906007444"/>
            <fprob>0.0</fprob>
        </actor>
        <actor name="D0N35">
            <wcet number="0">10</wcet>
            <wcet number="1">80</wcet>
            <maxpow number="0.36322441287256024"/>
            <maxpow number="0.36322441287256024"/>
            <fprob>0.0</fprob>
        </actor>
        <actor name="D0N40">
            <wcet number="0">160</wcet>
            <wcet number="1">160</wcet>
            <maxpow number="0.47587462888597337"/>
            <maxpow number="0.47587462888597337"/>
            <fprob>0.0</fprob>
        </actor>
        <actor name="D0N2">
            <wcet number="0">90</wcet>
            <wcet number="1">130</wcet>
            <maxpow number="0.47778003991802415"/>
            <maxpow number="0.47778003991802415"/>
            <fprob>0.0</fprob>
        </actor>
        <actor name="D0N37">
            <wcet number="0">20</wcet>
            <wcet number="1">20</wcet>
            <maxpow number="0.818579264482597"/>
            <maxpow number="0.818579264482597"/>
            <fprob>0.0</fprob>
        </actor>
        <actor name="D0N22">
            <wcet number="0">10</wcet>
            <wcet number="1">10</wcet>
            <maxpow number="0.3350518594401488"/>
            <maxpow number="0.3350518594401488"/>
            <fprob>0.0</fprob>
        </actor>
        <actor name="D0N41">
            <wcet number="0">10</wcet>
            <wcet number="1">30</wcet>
            <maxpow number="0.7710518813706774"/>
            <maxpow number="0.7710518813706774"/>
            <fprob>0.0</fprob>
        </actor>
        <actor name="D0N0">
            <wcet number="0">90</wcet>
            <wcet number="1">130</wcet>
            <maxpow number="0.4232254947907468"/>
            <maxpow number="0.4232254947907468"/>
            <fprob>0.0</fprob>
        </actor>
        <actor name="D0N6">
            <wcet number="0">50</wcet>
            <wcet number="1">60</wcet>
            <maxpow number="0.5095258473121894"/>
            <maxpow number="0.5095258473121894"/>
            <fprob>0.0</fprob>
        </actor>
        <actor name="D0N21">
            <wcet number="0">60</wcet>
            <wcet number="1">140</wcet>
            <maxpow number="0.5922951905014066"/>
            <maxpow number="0.5922951905014066"/>
            <fprob>0.0</fprob>
        </actor>
        <actor name="D0N26">
            <wcet number="0">20</wcet>
            <wcet number="1">30</wcet>
            <maxpow number="0.5950511121045046"/>
            <maxpow number="0.5950511121045046"/>
            <fprob>0.0</fprob>
        </actor>
        <actor name="D0N47">
            <wcet number="0">30</wcet>
            <wcet number="1">80</wcet>
            <maxpow number="0.7200348941795527"/>
            <maxpow number="0.7200348941795527"/>
            <fprob>0.0</fprob>
        </actor>
        <actor name="D0N14">
            <wcet number="0">50</wcet>
            <wcet number="1">60</wcet>
            <maxpow number="0.41010063802741015"/>
            <maxpow number="0.41010063802741015"/>
            <fprob>0.0</fprob>
        </actor>
        <actor name="D0N24">
            <wcet number="0">10</wcet>
            <wcet number="1">10</wcet>
            <maxpow number="0.21366713940184245"/>
            <maxpow number="0.21366713940184245"/>
            <fprob>0.0</fprob>
        </actor>
        <actor name="D0N43">
            <wcet number="0">80</wcet>
            <wcet number="1">150</wcet>
            <maxpow number="0.32320854869532534"/>
            <maxpow number="0.32320854869532534"/>
            <fprob>0.0</fprob>
        </actor>
        <actor name="D0N8">
            <wcet number="0">10</wcet>
            <wcet number="1">20</wcet>
            <maxpow number="0.5576394161285109"/>
            <maxpow number="0.5576394161285109"/>
            <fprob>0.0</fprob>
        </actor>
        <actor name="D0N17">
            <wcet number="0">20</wcet>
            <wcet number="1">20</wcet>
            <maxpow number="0.33453632497386876"/>
            <maxpow number="0.33453632497386876"/>
            <fprob>0.0</fprob>
        </actor>
        <actor name="D0N11">
            <wcet number="0">100</wcet>
            <wcet number="1">100</wcet>
            <maxpow number="0.5824905641491795"/>
            <maxpow number="0.5824905641491795"/>
            <fprob>0.0</fprob>
        </actor>
        <actor name="D0N20">
            <wcet number="0">20</wcet>
            <wcet number="1">70</wcet>
            <maxpow number="0.15013145112247478"/>
            <maxpow number="0.15013145112247478"/>
            <fprob>0.0</fprob>
        </actor>
        <actor name="D0N25">
            <wcet number="0">10</wcet>
            <wcet number="1">20</wcet>
            <maxpow number="0.5897804922869524"/>
            <maxpow number="0.5897804922869524"/>
            <fprob>0.0</fprob>
        </actor>
        <actor name="D0N33">
            <wcet number="0">120</wcet>
            <wcet number="1">120</wcet>
            <maxpow number="0.5295982761914575"/>
            <maxpow number="0.5295982761914575"/>
            <fprob>0.0</fprob>
        </actor>
        <actor name="D0N39">
            <wcet number="0">30</wcet>
            <wcet number="1">40</wcet>
            <maxpow number="0.45729819539708993"/>
            <maxpow number="0.45729819539708993"/>
            <fprob>0.0</fprob>
        </actor>
        <actor name="D0N1">
            <wcet number="0">10</wcet>
            <wcet number="1">30</wcet>
            <maxpow number="0.899111320086549"/>
            <maxpow number="0.899111320086549"/>
            <fprob>0.0</fprob>
        </actor>
        <actor name="D0N36">
            <wcet number="0">70</wcet>
            <wcet number="1">150</wcet>
            <maxpow number="0.4212401713496544"/>
            <maxpow number="0.4212401713496544"/>
            <fprob>0.0</fprob>
        </actor>
        <actor name="D0N12">
            <wcet number="0">50</wcet>
            <wcet number="1">50</wcet>
            <maxpow number="0.662374989786811"/>
            <maxpow number="0.662374989786811"/>
            <fprob>0.0</fprob>
        </actor>
        <actor name="D0N19">
            <wcet number="0">10</wcet>
            <wcet number="1">10</wcet>
            <maxpow number="0.6734415327518647"/>
            <maxpow number="0.6734415327518647"/>
            <fprob>0.0</fprob>
        </actor>
        <actor name="D0N3">
            <wcet number="0">10</wcet>
            <wcet number="1">10</wcet>
            <maxpow number="0.36583052968727037"/>
            <maxpow number="0.36583052968727037"/>
            <fprob>0.0</fprob>
        </actor>
        <actor name="D0N7">
            <wcet number="0">110</wcet>
            <wcet number="1">110</wcet>
            <maxpow number="0.38990025106561765"/>
            <maxpow number="0.38990025106561765"/>
            <fprob>0.0</fprob>
        </actor>
        <actor name="D0N44">
            <wcet number="0">70</wcet>
            <wcet number="1">70</wcet>
            <maxpow number="0.8707306892874964"/>
            <maxpow number="0.8707306892874964"/>
            <fprob>0.0</fprob>
        </actor>
        <actor name="D0N9">
            <wcet number="0">40</wcet>
            <wcet number="1">130</wcet>
            <maxpow number="0.5193828780967176"/>
            <maxpow number="0.5193828780967176"/>
            <fprob>0.0</fprob>
        </actor>
        <actor name="D0N27">
            <wcet number="0">10</wcet>
            <wcet number="1">10</wcet>
            <maxpow number="0.466150542289695"/>
            <maxpow number="0.466150542289695"/>
            <fprob>0.0</fprob>
        </actor>
        <actor name="D0N46">
            <wcet number="0">50</wcet>
            <wcet number="1">200</wcet>
            <maxpow number="0.15406478706459809"/>
            <maxpow number="0.15406478706459809"/>
            <fprob>0.0</fprob>
        </actor>
        <ports>
            <port dstActor="D0N48" name="p0" srcActor="D0N42"/>
            <port dstActor="D0N43" name="p1" srcActor="D0N42"/>
            <port dstActor="D0N37" name="p2" srcActor="D0N31"/>
            <port dstActor="D0N39" name="p3" srcActor="D0N31"/>
            <port dstActor="D0N17" name="p4" srcActor="D0N5"/>
            <port dstActor="D0N45" name="p5" srcActor="D0N5"/>
            <port dstActor="D0N11" name="p6" srcActor="D0N5"/>
            <port dstActor="D0N43" name="p7" srcActor="D0N5"/>
            <port dstActor="D0N22" name="p8" srcActor="D0N10"/>
            <port dstActor="D0N35" name="p9" srcActor="D0N10"/>
            <port dstActor="D0N48" name="p10" srcActor="D0N10"/>
            <port dstActor="D0N12" name="p11" srcActor="D0N10"/>
            <port dstActor="D0N16" name="p12" srcActor="D0N10"/>
            <port dstActor="D0N21" name="p13" srcActor="D0N10"/>
            <port dstActor="D0N15" name="p14" srcActor="D0N10"/>
            <port dstActor="D0N17" name="p15" srcActor="D0N16"/>
            <port dstActor="D0N46" name="p16" srcActor="D0N16"/>
            <port dstActor="D0N22" name="p17" srcActor="D0N16"/>
            <port dstActor="D0N36" name="p18" srcActor="D0N18"/>
            <port dstActor="D0N41" name="p19" srcActor="D0N38"/>
            <port dstActor="D0N47" name="p20" srcActor="D0N13"/>
            <port dstActor="D0N19" name="p21" srcActor="D0N13"/>
            <port dstActor="D0N35" name="p22" srcActor="D0N13"/>
            <port dstActor="D0N42" name="p23" srcActor="D0N13"/>
            <port dstActor="D0N26" name="p24" srcActor="D0N15"/>
            <port dstActor="D0N6" name="p25" srcActor="D0N4"/>
            <port dstActor="D0N27" name="p26" srcActor="D0N4"/>
            <port dstActor="D0N8" name="p27" srcActor="D0N4"/>
            <port dstActor="D0N41" name="p28" srcActor="D0N4"/>
            <port dstActor="D0N34" name="p29" srcActor="D0N23"/>
            <port dstActor="D0N47" name="p30" srcActor="D0N45"/>
            <port dstActor="D0N42" name="p31" srcActor="D0N34"/>
            <port dstActor="D0N43" name="p32" srcActor="D0N30"/>
            <port dstActor="D0N30" name="p33" srcActor="D0N28"/>
            <port dstActor="D0N38" name="p34" srcActor="D0N28"/>
            <port dstActor="D0N47" name="p35" srcActor="D0N28"/>
            <port dstActor="D0N42" name="p36" srcActor="D0N35"/>
            <port dstActor="D0N45" name="p37" srcActor="D0N35"/>
            <port dstActor="D0N25" name="p38" srcActor="D0N2"/>
            <port dstActor="D0N29" name="p39" srcActor="D0N2"/>
            <port dstActor="D0N30" name="p40" srcActor="D0N2"/>
            <port dstActor="D0N35" name="p41" srcActor="D0N2"/>
            <port dstActor="D0N4" name="p42" srcActor="D0N2"/>
            <port dstActor="D0N42" name="p43" srcActor="D0N37"/>
            <port dstActor="D0N38" name="p44" srcActor="D0N37"/>
            <port dstActor="D0N45" name="p45" srcActor="D0N37"/>
            <port dstActor="D0N44" name="p46" srcActor="D0N22"/>
            <port dstActor="D0N30" name="p47" srcActor="D0N22"/>
            <port dstActor="D0N39" name="p48" srcActor="D0N22"/>
            <port dstActor="D0N40" name="p49" srcActor="D0N22"/>
            <port dstActor="D0N48" name="p50" srcActor="D0N41"/>
            <port dstActor="D0N44" name="p51" srcActor="D0N0"/>
            <port dstActor="D0N18" name="p52" srcActor="D0N0"/>
            <port dstActor="D0N16" name="p53" srcActor="D0N0"/>
            <port dstActor="D0N26" name="p54" srcActor="D0N0"/>
            <port dstActor="D0N10" name="p55" srcActor="D0N0"/>
            <port dstActor="D0N23" name="p56" srcActor="D0N0"/>
            <port dstActor="D0N14" name="p57" srcActor="D0N6"/>
            <port dstActor="D0N20" name="p58" srcActor="D0N6"/>
            <port dstActor="D0N18" name="p59" srcActor="D0N6"/>
            <port dstActor="D0N22" name="p60" srcActor="D0N6"/>
            <port dstActor="D0N24" name="p61" srcActor="D0N6"/>
            <port dstActor="D0N40" name="p62" srcActor="D0N6"/>
            <port dstActor="D0N22" name="p63" srcActor="D0N21"/>
            <port dstActor="D0N48" name="p64" srcActor="D0N21"/>
            <port dstActor="D0N47" name="p65" srcActor="D0N21"/>
            <port dstActor="D0N35" name="p66" srcActor="D0N21"/>
            <port dstActor="D0N43" name="p67" srcActor="D0N21"/>
            <port dstActor="D0N27" name="p68" srcActor="D0N26"/>
            <port dstActor="D0N28" name="p69" srcActor="D0N26"/>
            <port dstActor="D0N29" name="p70" srcActor="D0N26"/>
            <port dstActor="D0N38" name="p71" srcActor="D0N26"/>
            <port dstActor="D0N36" name="p72" srcActor="D0N14"/>
            <port dstActor="D0N40" name="p73" srcActor="D0N14"/>
            <port dstActor="D0N48" name="p74" srcActor="D0N24"/>
            <port dstActor="D0N47" name="p75" srcActor="D0N43"/>
            <port dstActor="D0N30" name="p76" srcActor="D0N8"/>
            <port dstActor="D0N26" name="p77" srcActor="D0N17"/>
            <port dstActor="D0N22" name="p78" srcActor="D0N17"/>
            <port dstActor="D0N23" name="p79" srcActor="D0N11"/>
            <port dstActor="D0N42" name="p80" srcActor="D0N11"/>
            <port dstActor="D0N37" name="p81" srcActor="D0N11"/>
            <port dstActor="D0N22" name="p82" srcActor="D0N11"/>
            <port dstActor="D0N24" name="p83" srcActor="D0N11"/>
            <port dstActor="D0N27" name="p84" srcActor="D0N20"/>
            <port dstActor="D0N29" name="p85" srcActor="D0N20"/>
            <port dstActor="D0N36" name="p86" srcActor="D0N20"/>
            <port dstActor="D0N39" name="p87" srcActor="D0N33"/>
            <port dstActor="D0N35" name="p88" srcActor="D0N33"/>
            <port dstActor="D0N44" name="p89" srcActor="D0N39"/>
            <port dstActor="D0N17" name="p90" srcActor="D0N1"/>
            <port dstActor="D0N14" name="p91" srcActor="D0N1"/>
            <port dstActor="D0N6" name="p92" srcActor="D0N1"/>
            <port dstActor="D0N39" name="p93" srcActor="D0N1"/>
            <port dstActor="D0N3" name="p94" srcActor="D0N1"/>
            <port dstActor="D0N20" name="p95" srcActor="D0N12"/>
            <port dstActor="D0N23" name="p96" srcActor="D0N12"/>
            <port dstActor="D0N22" name="p97" srcActor="D0N12"/>
            <port dstActor="D0N26" name="p98" srcActor="D0N19"/>
            <port dstActor="D0N27" name="p99" srcActor="D0N19"/>
            <port dstActor="D0N8" name="p100" srcActor="D0N3"/>
            <port dstActor="D0N18" name="p101" srcActor="D0N3"/>
            <port dstActor="D0N22" name="p102" srcActor="D0N3"/>
            <port dstActor="D0N5" name="p103" srcActor="D0N3"/>
            <port dstActor="D0N15" name="p104" srcActor="D0N7"/>
            <port dstActor="D0N38" name="p105" srcActor="D0N7"/>
            <port dstActor="D0N32" name="p106" srcActor="D0N7"/>
            <port dstActor="D0N46" name="p107" srcActor="D0N44"/>
            <port dstActor="D0N19" name="p108" srcActor="D0N9"/>
            <port dstActor="D0N38" name="p109" srcActor="D0N9"/>
            <port dstActor="D0N22" name="p110" srcActor="D0N9"/>
            <port dstActor="D0N11" name="p111" srcActor="D0N9"/>
            <port dstActor="D0N34" name="p112" srcActor="D0N27"/>
            <port dstActor="D0N47" name="p113" srcActor="D0N46"/>
        </ports>
    </mcdag>
    <cores number="3"/>
    <levels number="2"/>
</mcsystem>
