<?xml version="1.0" encoding="UTF-8" standalone="no"?>
<mcsystem>
    <mcdag deadline="1800" name="genned-0-ed-10.0-0">
        <actor name="D0N38">
            <wcet number="0">50</wcet>
            <wcet number="1">60</wcet>
            <maxpow number="0.29722341076237146"/>
            <maxpow number="0.29722341076237146"/>
            <fprob>0.0</fprob>
        </actor>
        <actor name="D0N11">
            <wcet number="0">10</wcet>
            <wcet number="1">10</wcet>
            <maxpow number="0.6594660717391264"/>
            <maxpow number="0.6594660717391264"/>
            <fprob>0.0</fprob>
        </actor>
        <actor name="D0N29">
            <wcet number="0">10</wcet>
            <wcet number="1">20</wcet>
            <maxpow number="0.45695804706053855"/>
            <maxpow number="0.45695804706053855"/>
            <fprob>0.0</fprob>
        </actor>
        <actor name="D0N21">
            <wcet number="0">10</wcet>
            <wcet number="1">50</wcet>
            <maxpow number="0.46419992028428764"/>
            <maxpow number="0.46419992028428764"/>
            <fprob>0.0</fprob>
        </actor>
        <actor name="D0N6">
            <wcet number="0">10</wcet>
            <wcet number="1">10</wcet>
            <maxpow number="0.3789407812620267"/>
            <maxpow number="0.3789407812620267"/>
            <fprob>0.0</fprob>
        </actor>
        <actor name="D0N16">
            <wcet number="0">10</wcet>
            <wcet number="1">30</wcet>
            <maxpow number="0.3463596405620113"/>
            <maxpow number="0.3463596405620113"/>
            <fprob>0.0</fprob>
        </actor>
        <actor name="D0N22">
            <wcet number="0">120</wcet>
            <wcet number="1">150</wcet>
            <maxpow number="0.5104238212826967"/>
            <maxpow number="0.5104238212826967"/>
            <fprob>0.0</fprob>
        </actor>
        <actor name="D0N36">
            <wcet number="0">40</wcet>
            <wcet number="1">110</wcet>
            <maxpow number="0.5747832417865132"/>
            <maxpow number="0.5747832417865132"/>
            <fprob>0.0</fprob>
        </actor>
        <actor name="D0N31">
            <wcet number="0">20</wcet>
            <wcet number="1">20</wcet>
            <maxpow number="0.6458175288517026"/>
            <maxpow number="0.6458175288517026"/>
            <fprob>0.0</fprob>
        </actor>
        <actor name="D0N33">
            <wcet number="0">30</wcet>
            <wcet number="1">60</wcet>
            <maxpow number="0.4944471592378667"/>
            <maxpow number="0.4944471592378667"/>
            <fprob>0.0</fprob>
        </actor>
        <actor name="D0N28">
            <wcet number="0">70</wcet>
            <wcet number="1">70</wcet>
            <maxpow number="0.37098715601332427"/>
            <maxpow number="0.37098715601332427"/>
            <fprob>0.0</fprob>
        </actor>
        <actor name="D0N15">
            <wcet number="0">30</wcet>
            <wcet number="1">90</wcet>
            <maxpow number="0.3791036280328385"/>
            <maxpow number="0.3791036280328385"/>
            <fprob>0.0</fprob>
        </actor>
        <actor name="D0N39">
            <wcet number="0">20</wcet>
            <wcet number="1">20</wcet>
            <maxpow number="0.43832342795879575"/>
            <maxpow number="0.43832342795879575"/>
            <fprob>0.0</fprob>
        </actor>
        <actor name="D0N43">
            <wcet number="0">170</wcet>
            <wcet number="1">290</wcet>
            <maxpow number="0.5491053112815829"/>
            <maxpow number="0.5491053112815829"/>
            <fprob>0.0</fprob>
        </actor>
        <actor name="D0N23">
            <wcet number="0">10</wcet>
            <wcet number="1">50</wcet>
            <maxpow number="0.5915024407075542"/>
            <maxpow number="0.5915024407075542"/>
            <fprob>0.0</fprob>
        </actor>
        <actor name="D0N9">
            <wcet number="0">20</wcet>
            <wcet number="1">30</wcet>
            <maxpow number="0.3899379853792281"/>
            <maxpow number="0.3899379853792281"/>
            <fprob>0.0</fprob>
        </actor>
        <actor name="D0N42">
            <wcet number="0">30</wcet>
            <wcet number="1">30</wcet>
            <maxpow number="0.549533619849611"/>
            <maxpow number="0.549533619849611"/>
            <fprob>0.0</fprob>
        </actor>
        <actor name="D0N4">
            <wcet number="0">10</wcet>
            <wcet number="1">10</wcet>
            <maxpow number="0.38512490033899716"/>
            <maxpow number="0.38512490033899716"/>
            <fprob>0.0</fprob>
        </actor>
        <actor name="D0N10">
            <wcet number="0">30</wcet>
            <wcet number="1">110</wcet>
            <maxpow number="0.6111479216105309"/>
            <maxpow number="0.6111479216105309"/>
            <fprob>0.0</fprob>
        </actor>
        <actor name="D0N37">
            <wcet number="0">30</wcet>
            <wcet number="1">60</wcet>
            <maxpow number="0.3213491025284183"/>
            <maxpow number="0.3213491025284183"/>
            <fprob>0.0</fprob>
        </actor>
        <actor name="D0N0">
            <wcet number="0">30</wcet>
            <wcet number="1">40</wcet>
            <maxpow number="0.6014060221922788"/>
            <maxpow number="0.6014060221922788"/>
            <fprob>0.0</fprob>
        </actor>
        <actor name="D0N8">
            <wcet number="0">30</wcet>
            <wcet number="1">30</wcet>
            <maxpow number="0.5643903611460201"/>
            <maxpow number="0.5643903611460201"/>
            <fprob>0.0</fprob>
        </actor>
        <actor name="D0N17">
            <wcet number="0">10</wcet>
            <wcet number="1">20</wcet>
            <maxpow number="0.40055303092523503"/>
            <maxpow number="0.40055303092523503"/>
            <fprob>0.0</fprob>
        </actor>
        <actor name="D0N19">
            <wcet number="0">110</wcet>
            <wcet number="1">120</wcet>
            <maxpow number="0.482918780179106"/>
            <maxpow number="0.482918780179106"/>
            <fprob>0.0</fprob>
        </actor>
        <actor name="D0N20">
            <wcet number="0">30</wcet>
            <wcet number="1">60</wcet>
            <maxpow number="0.8069769006472054"/>
            <maxpow number="0.8069769006472054"/>
            <fprob>0.0</fprob>
        </actor>
        <actor name="D0N27">
            <wcet number="0">30</wcet>
            <wcet number="1">110</wcet>
            <maxpow number="0.6308839343376115"/>
            <maxpow number="0.6308839343376115"/>
            <fprob>0.0</fprob>
        </actor>
        <actor name="D0N32">
            <wcet number="0">20</wcet>
            <wcet number="1">30</wcet>
            <maxpow number="0.2891512961342778"/>
            <maxpow number="0.2891512961342778"/>
            <fprob>0.0</fprob>
        </actor>
        <actor name="D0N35">
            <wcet number="0">20</wcet>
            <wcet number="1">70</wcet>
            <maxpow number="0.6120170137410265"/>
            <maxpow number="0.6120170137410265"/>
            <fprob>0.0</fprob>
        </actor>
        <actor name="D0N41">
            <wcet number="0">50</wcet>
            <wcet number="1">50</wcet>
            <maxpow number="0.677677334738381"/>
            <maxpow number="0.677677334738381"/>
            <fprob>0.0</fprob>
        </actor>
        <actor name="D0N2">
            <wcet number="0">80</wcet>
            <wcet number="1">90</wcet>
            <maxpow number="0.5746884294201062"/>
            <maxpow number="0.5746884294201062"/>
            <fprob>0.0</fprob>
        </actor>
        <actor name="D0N40">
            <wcet number="0">70</wcet>
            <wcet number="1">130</wcet>
            <maxpow number="0.37160403566915057"/>
            <maxpow number="0.37160403566915057"/>
            <fprob>0.0</fprob>
        </actor>
        <actor name="D0N30">
            <wcet number="0">60</wcet>
            <wcet number="1">130</wcet>
            <maxpow number="0.7614315584019474"/>
            <maxpow number="0.7614315584019474"/>
            <fprob>0.0</fprob>
        </actor>
        <actor name="D0N46">
            <wcet number="0">10</wcet>
            <wcet number="1">10</wcet>
            <maxpow number="0.4252660586637222"/>
            <maxpow number="0.4252660586637222"/>
            <fprob>0.0</fprob>
        </actor>
        <actor name="D0N1">
            <wcet number="0">100</wcet>
            <wcet number="1">100</wcet>
            <maxpow number="0.45316037453502755"/>
            <maxpow number="0.45316037453502755"/>
            <fprob>0.0</fprob>
        </actor>
        <actor name="D0N26">
            <wcet number="0">170</wcet>
            <wcet number="1">180</wcet>
            <maxpow number="0.3944159218329641"/>
            <maxpow number="0.3944159218329641"/>
            <fprob>0.0</fprob>
        </actor>
        <actor name="D0N5">
            <wcet number="0">10</wcet>
            <wcet number="1">10</wcet>
            <maxpow number="0.612849875278646"/>
            <maxpow number="0.612849875278646"/>
            <fprob>0.0</fprob>
        </actor>
        <actor name="D0N45">
            <wcet number="0">10</wcet>
            <wcet number="1">10</wcet>
            <maxpow number="0.29552205875329124"/>
            <maxpow number="0.29552205875329124"/>
            <fprob>0.0</fprob>
        </actor>
        <actor name="D0N44">
            <wcet number="0">10</wcet>
            <wcet number="1">10</wcet>
            <maxpow number="0.6246095135217121"/>
            <maxpow number="0.6246095135217121"/>
            <fprob>0.0</fprob>
        </actor>
        <actor name="D0N3">
            <wcet number="0">210</wcet>
            <wcet number="1">360</wcet>
            <maxpow number="1.0016397169926095"/>
            <maxpow number="1.0016397169926095"/>
            <fprob>0.0</fprob>
        </actor>
        <actor name="D0N18">
            <wcet number="0">50</wcet>
            <wcet number="1">240</wcet>
            <maxpow number="0.7726211780989455"/>
            <maxpow number="0.7726211780989455"/>
            <fprob>0.0</fprob>
        </actor>
        <actor name="D0N7">
            <wcet number="0">50</wcet>
            <wcet number="1">240</wcet>
            <maxpow number="0.6048981111470572"/>
            <maxpow number="0.6048981111470572"/>
            <fprob>0.0</fprob>
        </actor>
        <actor name="D0N13">
            <wcet number="0">50</wcet>
            <wcet number="1">120</wcet>
            <maxpow number="0.650408522168632"/>
            <maxpow number="0.650408522168632"/>
            <fprob>0.0</fprob>
        </actor>
        <actor name="D0N14">
            <wcet number="0">100</wcet>
            <wcet number="1">110</wcet>
            <maxpow number="0.8266241067056361"/>
            <maxpow number="0.8266241067056361"/>
            <fprob>0.0</fprob>
        </actor>
        <actor name="D0N12">
            <wcet number="0">20</wcet>
            <wcet number="1">20</wcet>
            <maxpow number="0.48187945455225256"/>
            <maxpow number="0.48187945455225256"/>
            <fprob>0.0</fprob>
        </actor>
        <actor name="D0N25">
            <wcet number="0">160</wcet>
            <wcet number="1">160</wcet>
            <maxpow number="0.6326806639599507"/>
            <maxpow number="0.6326806639599507"/>
            <fprob>0.0</fprob>
        </actor>
        <actor name="D0N24">
            <wcet number="0">20</wcet>
            <wcet number="1">20</wcet>
            <maxpow number="0.9328017536960571"/>
            <maxpow number="0.9328017536960571"/>
            <fprob>0.0</fprob>
        </actor>
        <actor name="D0N34">
            <wcet number="0">20</wcet>
            <wcet number="1">30</wcet>
            <maxpow number="0.4397246336411095"/>
            <maxpow number="0.4397246336411095"/>
            <fprob>0.0</fprob>
        </actor>
        <ports>
            <port dstActor="D0N43" name="p0" srcActor="D0N38"/>
            <port dstActor="D0N26" name="p1" srcActor="D0N11"/>
            <port dstActor="D0N35" name="p2" srcActor="D0N11"/>
            <port dstActor="D0N43" name="p3" srcActor="D0N11"/>
            <port dstActor="D0N38" name="p4" srcActor="D0N29"/>
            <port dstActor="D0N43" name="p5" srcActor="D0N29"/>
            <port dstActor="D0N40" name="p6" srcActor="D0N29"/>
            <port dstActor="D0N41" name="p7" srcActor="D0N29"/>
            <port dstActor="D0N46" name="p8" srcActor="D0N29"/>
            <port dstActor="D0N32" name="p9" srcActor="D0N21"/>
            <port dstActor="D0N41" name="p10" srcActor="D0N21"/>
            <port dstActor="D0N13" name="p11" srcActor="D0N6"/>
            <port dstActor="D0N41" name="p12" srcActor="D0N6"/>
            <port dstActor="D0N26" name="p13" srcActor="D0N6"/>
            <port dstActor="D0N21" name="p14" srcActor="D0N6"/>
            <port dstActor="D0N32" name="p15" srcActor="D0N6"/>
            <port dstActor="D0N40" name="p16" srcActor="D0N6"/>
            <port dstActor="D0N27" name="p17" srcActor="D0N16"/>
            <port dstActor="D0N21" name="p18" srcActor="D0N16"/>
            <port dstActor="D0N24" name="p19" srcActor="D0N16"/>
            <port dstActor="D0N38" name="p20" srcActor="D0N16"/>
            <port dstActor="D0N41" name="p21" srcActor="D0N22"/>
            <port dstActor="D0N44" name="p22" srcActor="D0N22"/>
            <port dstActor="D0N33" name="p23" srcActor="D0N22"/>
            <port dstActor="D0N38" name="p24" srcActor="D0N31"/>
            <port dstActor="D0N36" name="p25" srcActor="D0N31"/>
            <port dstActor="D0N46" name="p26" srcActor="D0N33"/>
            <port dstActor="D0N36" name="p27" srcActor="D0N33"/>
            <port dstActor="D0N44" name="p28" srcActor="D0N33"/>
            <port dstActor="D0N37" name="p29" srcActor="D0N15"/>
            <port dstActor="D0N21" name="p30" srcActor="D0N15"/>
            <port dstActor="D0N43" name="p31" srcActor="D0N39"/>
            <port dstActor="D0N28" name="p32" srcActor="D0N23"/>
            <port dstActor="D0N29" name="p33" srcActor="D0N23"/>
            <port dstActor="D0N28" name="p34" srcActor="D0N9"/>
            <port dstActor="D0N15" name="p35" srcActor="D0N9"/>
            <port dstActor="D0N12" name="p36" srcActor="D0N9"/>
            <port dstActor="D0N46" name="p37" srcActor="D0N9"/>
            <port dstActor="D0N23" name="p38" srcActor="D0N9"/>
            <port dstActor="D0N33" name="p39" srcActor="D0N9"/>
            <port dstActor="D0N6" name="p40" srcActor="D0N4"/>
            <port dstActor="D0N31" name="p41" srcActor="D0N4"/>
            <port dstActor="D0N8" name="p42" srcActor="D0N4"/>
            <port dstActor="D0N9" name="p43" srcActor="D0N4"/>
            <port dstActor="D0N25" name="p44" srcActor="D0N4"/>
            <port dstActor="D0N19" name="p45" srcActor="D0N4"/>
            <port dstActor="D0N46" name="p46" srcActor="D0N10"/>
            <port dstActor="D0N27" name="p47" srcActor="D0N10"/>
            <port dstActor="D0N45" name="p48" srcActor="D0N10"/>
            <port dstActor="D0N18" name="p49" srcActor="D0N10"/>
            <port dstActor="D0N44" name="p50" srcActor="D0N37"/>
            <port dstActor="D0N2" name="p51" srcActor="D0N0"/>
            <port dstActor="D0N19" name="p52" srcActor="D0N0"/>
            <port dstActor="D0N3" name="p53" srcActor="D0N0"/>
            <port dstActor="D0N39" name="p54" srcActor="D0N0"/>
            <port dstActor="D0N22" name="p55" srcActor="D0N8"/>
            <port dstActor="D0N27" name="p56" srcActor="D0N8"/>
            <port dstActor="D0N26" name="p57" srcActor="D0N8"/>
            <port dstActor="D0N43" name="p58" srcActor="D0N17"/>
            <port dstActor="D0N33" name="p59" srcActor="D0N17"/>
            <port dstActor="D0N37" name="p60" srcActor="D0N17"/>
            <port dstActor="D0N42" name="p61" srcActor="D0N17"/>
            <port dstActor="D0N32" name="p62" srcActor="D0N19"/>
            <port dstActor="D0N38" name="p63" srcActor="D0N19"/>
            <port dstActor="D0N28" name="p64" srcActor="D0N19"/>
            <port dstActor="D0N42" name="p65" srcActor="D0N20"/>
            <port dstActor="D0N35" name="p66" srcActor="D0N27"/>
            <port dstActor="D0N42" name="p67" srcActor="D0N27"/>
            <port dstActor="D0N38" name="p68" srcActor="D0N32"/>
            <port dstActor="D0N46" name="p69" srcActor="D0N32"/>
            <port dstActor="D0N40" name="p70" srcActor="D0N35"/>
            <port dstActor="D0N3" name="p71" srcActor="D0N2"/>
            <port dstActor="D0N39" name="p72" srcActor="D0N2"/>
            <port dstActor="D0N28" name="p73" srcActor="D0N2"/>
            <port dstActor="D0N23" name="p74" srcActor="D0N2"/>
            <port dstActor="D0N24" name="p75" srcActor="D0N1"/>
            <port dstActor="D0N39" name="p76" srcActor="D0N1"/>
            <port dstActor="D0N40" name="p77" srcActor="D0N1"/>
            <port dstActor="D0N34" name="p78" srcActor="D0N26"/>
            <port dstActor="D0N7" name="p79" srcActor="D0N5"/>
            <port dstActor="D0N10" name="p80" srcActor="D0N5"/>
            <port dstActor="D0N30" name="p81" srcActor="D0N5"/>
            <port dstActor="D0N25" name="p82" srcActor="D0N5"/>
            <port dstActor="D0N29" name="p83" srcActor="D0N3"/>
            <port dstActor="D0N34" name="p84" srcActor="D0N18"/>
            <port dstActor="D0N33" name="p85" srcActor="D0N18"/>
            <port dstActor="D0N23" name="p86" srcActor="D0N18"/>
            <port dstActor="D0N41" name="p87" srcActor="D0N7"/>
            <port dstActor="D0N33" name="p88" srcActor="D0N7"/>
            <port dstActor="D0N40" name="p89" srcActor="D0N7"/>
            <port dstActor="D0N29" name="p90" srcActor="D0N7"/>
            <port dstActor="D0N9" name="p91" srcActor="D0N7"/>
            <port dstActor="D0N20" name="p92" srcActor="D0N7"/>
            <port dstActor="D0N23" name="p93" srcActor="D0N13"/>
            <port dstActor="D0N24" name="p94" srcActor="D0N13"/>
            <port dstActor="D0N17" name="p95" srcActor="D0N13"/>
            <port dstActor="D0N35" name="p96" srcActor="D0N13"/>
            <port dstActor="D0N45" name="p97" srcActor="D0N13"/>
            <port dstActor="D0N33" name="p98" srcActor="D0N14"/>
            <port dstActor="D0N45" name="p99" srcActor="D0N14"/>
            <port dstActor="D0N31" name="p100" srcActor="D0N14"/>
            <port dstActor="D0N44" name="p101" srcActor="D0N14"/>
            <port dstActor="D0N18" name="p102" srcActor="D0N14"/>
            <port dstActor="D0N24" name="p103" srcActor="D0N14"/>
            <port dstActor="D0N39" name="p104" srcActor="D0N12"/>
            <port dstActor="D0N42" name="p105" srcActor="D0N12"/>
            <port dstActor="D0N46" name="p106" srcActor="D0N25"/>
            <port dstActor="D0N26" name="p107" srcActor="D0N25"/>
            <port dstActor="D0N46" name="p108" srcActor="D0N24"/>
        </ports>
    </mcdag>
    <cores number="3"/>
    <levels number="2"/>
</mcsystem>
