<?xml version="1.0" encoding="UTF-8" standalone="no"?>
<mcsystem>
    <mcdag deadline="1200" name="genned-0-ed-10.0-0">
        <actor name="D0N6">
            <wcet number="0">40</wcet>
            <wcet number="1">100</wcet>
            <maxpow number="0.5800323495265739"/>
            <maxpow number="0.5800323495265739"/>
            <fprob>0.0</fprob>
        </actor>
        <actor name="D0N32">
            <wcet number="0">30</wcet>
            <wcet number="1">30</wcet>
            <maxpow number="0.4866249483617746"/>
            <maxpow number="0.4866249483617746"/>
            <fprob>0.0</fprob>
        </actor>
        <actor name="D0N29">
            <wcet number="0">80</wcet>
            <wcet number="1">80</wcet>
            <maxpow number="0.5333109311014287"/>
            <maxpow number="0.5333109311014287"/>
            <fprob>0.0</fprob>
        </actor>
        <actor name="D0N41">
            <wcet number="0">40</wcet>
            <wcet number="1">60</wcet>
            <maxpow number="0.4988619184682225"/>
            <maxpow number="0.4988619184682225"/>
            <fprob>0.0</fprob>
        </actor>
        <actor name="D0N14">
            <wcet number="0">10</wcet>
            <wcet number="1">30</wcet>
            <maxpow number="0.5220942182612346"/>
            <maxpow number="0.5220942182612346"/>
            <fprob>0.0</fprob>
        </actor>
        <actor name="D0N25">
            <wcet number="0">80</wcet>
            <wcet number="1">100</wcet>
            <maxpow number="0.4638569236394733"/>
            <maxpow number="0.4638569236394733"/>
            <fprob>0.0</fprob>
        </actor>
        <actor name="D0N4">
            <wcet number="0">10</wcet>
            <wcet number="1">40</wcet>
            <maxpow number="0.5073738128000694"/>
            <maxpow number="0.5073738128000694"/>
            <fprob>0.0</fprob>
        </actor>
        <actor name="D0N26">
            <wcet number="0">10</wcet>
            <wcet number="1">10</wcet>
            <maxpow number="0.6691257787101306"/>
            <maxpow number="0.6691257787101306"/>
            <fprob>0.0</fprob>
        </actor>
        <actor name="D0N7">
            <wcet number="0">180</wcet>
            <wcet number="1">180</wcet>
            <maxpow number="0.3897064361194633"/>
            <maxpow number="0.3897064361194633"/>
            <fprob>0.0</fprob>
        </actor>
        <actor name="D0N18">
            <wcet number="0">10</wcet>
            <wcet number="1">30</wcet>
            <maxpow number="0.59290763302842"/>
            <maxpow number="0.59290763302842"/>
            <fprob>0.0</fprob>
        </actor>
        <actor name="D0N43">
            <wcet number="0">20</wcet>
            <wcet number="1">110</wcet>
            <maxpow number="0.5639655536964329"/>
            <maxpow number="0.5639655536964329"/>
            <fprob>0.0</fprob>
        </actor>
        <actor name="D0N47">
            <wcet number="0">10</wcet>
            <wcet number="1">10</wcet>
            <maxpow number="0.5043334924322058"/>
            <maxpow number="0.5043334924322058"/>
            <fprob>0.0</fprob>
        </actor>
        <actor name="D0N46">
            <wcet number="0">10</wcet>
            <wcet number="1">10</wcet>
            <maxpow number="0.8247268244420043"/>
            <maxpow number="0.8247268244420043"/>
            <fprob>0.0</fprob>
        </actor>
        <actor name="D0N8">
            <wcet number="0">40</wcet>
            <wcet number="1">40</wcet>
            <maxpow number="0.46283469112370734"/>
            <maxpow number="0.46283469112370734"/>
            <fprob>0.0</fprob>
        </actor>
        <actor name="D0N23">
            <wcet number="0">50</wcet>
            <wcet number="1">50</wcet>
            <maxpow number="0.5766026492490111"/>
            <maxpow number="0.5766026492490111"/>
            <fprob>0.0</fprob>
        </actor>
        <actor name="D0N38">
            <wcet number="0">180</wcet>
            <wcet number="1">180</wcet>
            <maxpow number="0.18158555820148448"/>
            <maxpow number="0.18158555820148448"/>
            <fprob>0.0</fprob>
        </actor>
        <actor name="D0N3">
            <wcet number="0">10</wcet>
            <wcet number="1">10</wcet>
            <maxpow number="0.19871929231384944"/>
            <maxpow number="0.19871929231384944"/>
            <fprob>0.0</fprob>
        </actor>
        <actor name="D0N11">
            <wcet number="0">10</wcet>
            <wcet number="1">20</wcet>
            <maxpow number="0.43726381273777915"/>
            <maxpow number="0.43726381273777915"/>
            <fprob>0.0</fprob>
        </actor>
        <actor name="D0N44">
            <wcet number="0">10</wcet>
            <wcet number="1">20</wcet>
            <maxpow number="0.5249766882588692"/>
            <maxpow number="0.5249766882588692"/>
            <fprob>0.0</fprob>
        </actor>
        <actor name="D0N40">
            <wcet number="0">30</wcet>
            <wcet number="1">40</wcet>
            <maxpow number="0.5873633419894733"/>
            <maxpow number="0.5873633419894733"/>
            <fprob>0.0</fprob>
        </actor>
        <actor name="D0N36">
            <wcet number="0">10</wcet>
            <wcet number="1">50</wcet>
            <maxpow number="0.7089037644949554"/>
            <maxpow number="0.7089037644949554"/>
            <fprob>0.0</fprob>
        </actor>
        <actor name="D0N12">
            <wcet number="0">20</wcet>
            <wcet number="1">20</wcet>
            <maxpow number="0.5534524983068345"/>
            <maxpow number="0.5534524983068345"/>
            <fprob>0.0</fprob>
        </actor>
        <actor name="D0N20">
            <wcet number="0">20</wcet>
            <wcet number="1">20</wcet>
            <maxpow number="0.5726138628859215"/>
            <maxpow number="0.5726138628859215"/>
            <fprob>0.0</fprob>
        </actor>
        <actor name="D0N9">
            <wcet number="0">30</wcet>
            <wcet number="1">110</wcet>
            <maxpow number="0.8258227585993905"/>
            <maxpow number="0.8258227585993905"/>
            <fprob>0.0</fprob>
        </actor>
        <actor name="D0N19">
            <wcet number="0">30</wcet>
            <wcet number="1">30</wcet>
            <maxpow number="0.2644416032756886"/>
            <maxpow number="0.2644416032756886"/>
            <fprob>0.0</fprob>
        </actor>
        <actor name="D0N35">
            <wcet number="0">10</wcet>
            <wcet number="1">10</wcet>
            <maxpow number="0.7333602811946522"/>
            <maxpow number="0.7333602811946522"/>
            <fprob>0.0</fprob>
        </actor>
        <actor name="D0N37">
            <wcet number="0">50</wcet>
            <wcet number="1">60</wcet>
            <maxpow number="0.21642845052348608"/>
            <maxpow number="0.21642845052348608"/>
            <fprob>0.0</fprob>
        </actor>
        <actor name="D0N24">
            <wcet number="0">20</wcet>
            <wcet number="1">30</wcet>
            <maxpow number="0.43302457472015476"/>
            <maxpow number="0.43302457472015476"/>
            <fprob>0.0</fprob>
        </actor>
        <actor name="D0N1">
            <wcet number="0">30</wcet>
            <wcet number="1">30</wcet>
            <maxpow number="0.6085989144858471"/>
            <maxpow number="0.6085989144858471"/>
            <fprob>0.0</fprob>
        </actor>
        <actor name="D0N22">
            <wcet number="0">20</wcet>
            <wcet number="1">70</wcet>
            <maxpow number="0.06598847757641219"/>
            <maxpow number="0.06598847757641219"/>
            <fprob>0.0</fprob>
        </actor>
        <actor name="D0N27">
            <wcet number="0">10</wcet>
            <wcet number="1">120</wcet>
            <maxpow number="0.7523707258045353"/>
            <maxpow number="0.7523707258045353"/>
            <fprob>0.0</fprob>
        </actor>
        <actor name="D0N45">
            <wcet number="0">10</wcet>
            <wcet number="1">10</wcet>
            <maxpow number="0.37494728412553424"/>
            <maxpow number="0.37494728412553424"/>
            <fprob>0.0</fprob>
        </actor>
        <actor name="D0N30">
            <wcet number="0">90</wcet>
            <wcet number="1">100</wcet>
            <maxpow number="0.49433825099731243"/>
            <maxpow number="0.49433825099731243"/>
            <fprob>0.0</fprob>
        </actor>
        <actor name="D0N33">
            <wcet number="0">120</wcet>
            <wcet number="1">220</wcet>
            <maxpow number="0.6133448221559252"/>
            <maxpow number="0.6133448221559252"/>
            <fprob>0.0</fprob>
        </actor>
        <actor name="D0N31">
            <wcet number="0">10</wcet>
            <wcet number="1">20</wcet>
            <maxpow number="0.7628020799815285"/>
            <maxpow number="0.7628020799815285"/>
            <fprob>0.0</fprob>
        </actor>
        <actor name="D0N39">
            <wcet number="0">20</wcet>
            <wcet number="1">20</wcet>
            <maxpow number="0.5859073369654025"/>
            <maxpow number="0.5859073369654025"/>
            <fprob>0.0</fprob>
        </actor>
        <actor name="D0N2">
            <wcet number="0">40</wcet>
            <wcet number="1">60</wcet>
            <maxpow number="0.8221687435467371"/>
            <maxpow number="0.8221687435467371"/>
            <fprob>0.0</fprob>
        </actor>
        <actor name="D0N16">
            <wcet number="0">110</wcet>
            <wcet number="1">150</wcet>
            <maxpow number="0.3453158546837769"/>
            <maxpow number="0.3453158546837769"/>
            <fprob>0.0</fprob>
        </actor>
        <actor name="D0N28">
            <wcet number="0">60</wcet>
            <wcet number="1">60</wcet>
            <maxpow number="0.6533506424253982"/>
            <maxpow number="0.6533506424253982"/>
            <fprob>0.0</fprob>
        </actor>
        <actor name="D0N34">
            <wcet number="0">20</wcet>
            <wcet number="1">50</wcet>
            <maxpow number="0.7175339027502069"/>
            <maxpow number="0.7175339027502069"/>
            <fprob>0.0</fprob>
        </actor>
        <actor name="D0N42">
            <wcet number="0">10</wcet>
            <wcet number="1">20</wcet>
            <maxpow number="0.4528788857977606"/>
            <maxpow number="0.4528788857977606"/>
            <fprob>0.0</fprob>
        </actor>
        <actor name="D0N13">
            <wcet number="0">10</wcet>
            <wcet number="1">10</wcet>
            <maxpow number="0.8118603495707117"/>
            <maxpow number="0.8118603495707117"/>
            <fprob>0.0</fprob>
        </actor>
        <actor name="D0N15">
            <wcet number="0">40</wcet>
            <wcet number="1">40</wcet>
            <maxpow number="0.45631633889330564"/>
            <maxpow number="0.45631633889330564"/>
            <fprob>0.0</fprob>
        </actor>
        <actor name="D0N0">
            <wcet number="0">10</wcet>
            <wcet number="1">10</wcet>
            <maxpow number="0.5523293064570568"/>
            <maxpow number="0.5523293064570568"/>
            <fprob>0.0</fprob>
        </actor>
        <actor name="D0N10">
            <wcet number="0">20</wcet>
            <wcet number="1">20</wcet>
            <maxpow number="0.4555612967543108"/>
            <maxpow number="0.4555612967543108"/>
            <fprob>0.0</fprob>
        </actor>
        <actor name="D0N21">
            <wcet number="0">50</wcet>
            <wcet number="1">60</wcet>
            <maxpow number="0.7486389734245498"/>
            <maxpow number="0.7486389734245498"/>
            <fprob>0.0</fprob>
        </actor>
        <actor name="D0N17">
            <wcet number="0">70</wcet>
            <wcet number="1">70</wcet>
            <maxpow number="0.6979838275532334"/>
            <maxpow number="0.6979838275532334"/>
            <fprob>0.0</fprob>
        </actor>
        <actor name="D0N5">
            <wcet number="0">20</wcet>
            <wcet number="1">20</wcet>
            <maxpow number="0.3515115186072397"/>
            <maxpow number="0.3515115186072397"/>
            <fprob>0.0</fprob>
        </actor>
        <ports>
            <port dstActor="D0N38" name="p0" srcActor="D0N6"/>
            <port dstActor="D0N19" name="p1" srcActor="D0N6"/>
            <port dstActor="D0N37" name="p2" srcActor="D0N6"/>
            <port dstActor="D0N39" name="p3" srcActor="D0N6"/>
            <port dstActor="D0N28" name="p4" srcActor="D0N6"/>
            <port dstActor="D0N8" name="p5" srcActor="D0N6"/>
            <port dstActor="D0N40" name="p6" srcActor="D0N6"/>
            <port dstActor="D0N35" name="p7" srcActor="D0N29"/>
            <port dstActor="D0N33" name="p8" srcActor="D0N29"/>
            <port dstActor="D0N37" name="p9" srcActor="D0N29"/>
            <port dstActor="D0N39" name="p10" srcActor="D0N29"/>
            <port dstActor="D0N46" name="p11" srcActor="D0N14"/>
            <port dstActor="D0N39" name="p12" srcActor="D0N14"/>
            <port dstActor="D0N47" name="p13" srcActor="D0N14"/>
            <port dstActor="D0N20" name="p14" srcActor="D0N14"/>
            <port dstActor="D0N41" name="p15" srcActor="D0N14"/>
            <port dstActor="D0N28" name="p16" srcActor="D0N25"/>
            <port dstActor="D0N45" name="p17" srcActor="D0N25"/>
            <port dstActor="D0N10" name="p18" srcActor="D0N4"/>
            <port dstActor="D0N23" name="p19" srcActor="D0N4"/>
            <port dstActor="D0N26" name="p20" srcActor="D0N4"/>
            <port dstActor="D0N32" name="p21" srcActor="D0N4"/>
            <port dstActor="D0N27" name="p22" srcActor="D0N26"/>
            <port dstActor="D0N33" name="p23" srcActor="D0N26"/>
            <port dstActor="D0N11" name="p24" srcActor="D0N7"/>
            <port dstActor="D0N40" name="p25" srcActor="D0N7"/>
            <port dstActor="D0N36" name="p26" srcActor="D0N18"/>
            <port dstActor="D0N33" name="p27" srcActor="D0N18"/>
            <port dstActor="D0N28" name="p28" srcActor="D0N18"/>
            <port dstActor="D0N23" name="p29" srcActor="D0N18"/>
            <port dstActor="D0N13" name="p30" srcActor="D0N8"/>
            <port dstActor="D0N38" name="p31" srcActor="D0N8"/>
            <port dstActor="D0N10" name="p32" srcActor="D0N8"/>
            <port dstActor="D0N28" name="p33" srcActor="D0N8"/>
            <port dstActor="D0N27" name="p34" srcActor="D0N23"/>
            <port dstActor="D0N34" name="p35" srcActor="D0N23"/>
            <port dstActor="D0N42" name="p36" srcActor="D0N38"/>
            <port dstActor="D0N16" name="p37" srcActor="D0N3"/>
            <port dstActor="D0N5" name="p38" srcActor="D0N3"/>
            <port dstActor="D0N41" name="p39" srcActor="D0N3"/>
            <port dstActor="D0N37" name="p40" srcActor="D0N3"/>
            <port dstActor="D0N34" name="p41" srcActor="D0N11"/>
            <port dstActor="D0N26" name="p42" srcActor="D0N11"/>
            <port dstActor="D0N22" name="p43" srcActor="D0N11"/>
            <port dstActor="D0N40" name="p44" srcActor="D0N11"/>
            <port dstActor="D0N44" name="p45" srcActor="D0N40"/>
            <port dstActor="D0N27" name="p46" srcActor="D0N12"/>
            <port dstActor="D0N32" name="p47" srcActor="D0N12"/>
            <port dstActor="D0N30" name="p48" srcActor="D0N12"/>
            <port dstActor="D0N23" name="p49" srcActor="D0N12"/>
            <port dstActor="D0N41" name="p50" srcActor="D0N20"/>
            <port dstActor="D0N29" name="p51" srcActor="D0N20"/>
            <port dstActor="D0N30" name="p52" srcActor="D0N20"/>
            <port dstActor="D0N10" name="p53" srcActor="D0N9"/>
            <port dstActor="D0N31" name="p54" srcActor="D0N9"/>
            <port dstActor="D0N41" name="p55" srcActor="D0N9"/>
            <port dstActor="D0N30" name="p56" srcActor="D0N19"/>
            <port dstActor="D0N37" name="p57" srcActor="D0N19"/>
            <port dstActor="D0N32" name="p58" srcActor="D0N19"/>
            <port dstActor="D0N42" name="p59" srcActor="D0N19"/>
            <port dstActor="D0N36" name="p60" srcActor="D0N19"/>
            <port dstActor="D0N37" name="p61" srcActor="D0N35"/>
            <port dstActor="D0N42" name="p62" srcActor="D0N37"/>
            <port dstActor="D0N42" name="p63" srcActor="D0N24"/>
            <port dstActor="D0N45" name="p64" srcActor="D0N24"/>
            <port dstActor="D0N47" name="p65" srcActor="D0N1"/>
            <port dstActor="D0N37" name="p66" srcActor="D0N1"/>
            <port dstActor="D0N35" name="p67" srcActor="D0N1"/>
            <port dstActor="D0N23" name="p68" srcActor="D0N1"/>
            <port dstActor="D0N27" name="p69" srcActor="D0N22"/>
            <port dstActor="D0N36" name="p70" srcActor="D0N22"/>
            <port dstActor="D0N35" name="p71" srcActor="D0N27"/>
            <port dstActor="D0N41" name="p72" srcActor="D0N27"/>
            <port dstActor="D0N47" name="p73" srcActor="D0N27"/>
            <port dstActor="D0N34" name="p74" srcActor="D0N33"/>
            <port dstActor="D0N38" name="p75" srcActor="D0N33"/>
            <port dstActor="D0N42" name="p76" srcActor="D0N33"/>
            <port dstActor="D0N35" name="p77" srcActor="D0N33"/>
            <port dstActor="D0N44" name="p78" srcActor="D0N33"/>
            <port dstActor="D0N46" name="p79" srcActor="D0N39"/>
            <port dstActor="D0N38" name="p80" srcActor="D0N2"/>
            <port dstActor="D0N20" name="p81" srcActor="D0N2"/>
            <port dstActor="D0N4" name="p82" srcActor="D0N2"/>
            <port dstActor="D0N14" name="p83" srcActor="D0N2"/>
            <port dstActor="D0N24" name="p84" srcActor="D0N2"/>
            <port dstActor="D0N47" name="p85" srcActor="D0N2"/>
            <port dstActor="D0N47" name="p86" srcActor="D0N16"/>
            <port dstActor="D0N43" name="p87" srcActor="D0N16"/>
            <port dstActor="D0N42" name="p88" srcActor="D0N16"/>
            <port dstActor="D0N23" name="p89" srcActor="D0N16"/>
            <port dstActor="D0N39" name="p90" srcActor="D0N28"/>
            <port dstActor="D0N42" name="p91" srcActor="D0N28"/>
            <port dstActor="D0N43" name="p92" srcActor="D0N34"/>
            <port dstActor="D0N46" name="p93" srcActor="D0N34"/>
            <port dstActor="D0N39" name="p94" srcActor="D0N34"/>
            <port dstActor="D0N46" name="p95" srcActor="D0N42"/>
            <port dstActor="D0N15" name="p96" srcActor="D0N13"/>
            <port dstActor="D0N22" name="p97" srcActor="D0N13"/>
            <port dstActor="D0N31" name="p98" srcActor="D0N13"/>
            <port dstActor="D0N46" name="p99" srcActor="D0N15"/>
            <port dstActor="D0N38" name="p100" srcActor="D0N15"/>
            <port dstActor="D0N28" name="p101" srcActor="D0N15"/>
            <port dstActor="D0N17" name="p102" srcActor="D0N15"/>
            <port dstActor="D0N23" name="p103" srcActor="D0N15"/>
            <port dstActor="D0N45" name="p104" srcActor="D0N15"/>
            <port dstActor="D0N4" name="p105" srcActor="D0N0"/>
            <port dstActor="D0N13" name="p106" srcActor="D0N0"/>
            <port dstActor="D0N43" name="p107" srcActor="D0N0"/>
            <port dstActor="D0N42" name="p108" srcActor="D0N0"/>
            <port dstActor="D0N11" name="p109" srcActor="D0N0"/>
            <port dstActor="D0N22" name="p110" srcActor="D0N10"/>
            <port dstActor="D0N25" name="p111" srcActor="D0N10"/>
            <port dstActor="D0N31" name="p112" srcActor="D0N10"/>
            <port dstActor="D0N28" name="p113" srcActor="D0N10"/>
            <port dstActor="D0N35" name="p114" srcActor="D0N10"/>
            <port dstActor="D0N42" name="p115" srcActor="D0N21"/>
            <port dstActor="D0N46" name="p116" srcActor="D0N21"/>
            <port dstActor="D0N22" name="p117" srcActor="D0N21"/>
            <port dstActor="D0N46" name="p118" srcActor="D0N5"/>
            <port dstActor="D0N21" name="p119" srcActor="D0N5"/>
        </ports>
    </mcdag>
    <cores number="3"/>
    <levels number="2"/>
</mcsystem>
