<?xml version="1.0" encoding="UTF-8" standalone="no"?>
<mcsystem>
    <mcdag deadline="4000" name="genned-0-ed-10.0-0">
        <actor name="D0N38">
            <wcet number="0">150</wcet>
            <wcet number="1">250</wcet>
            <maxpow number="0.9370452299647276"/>
            <maxpow number="0.9370452299647276"/>
            <fprob>0.0</fprob>
        </actor>
        <actor name="D0N12">
            <wcet number="0">20</wcet>
            <wcet number="1">40</wcet>
            <maxpow number="0.5497964058855129"/>
            <maxpow number="0.5497964058855129"/>
            <fprob>0.0</fprob>
        </actor>
        <actor name="D0N41">
            <wcet number="0">200</wcet>
            <wcet number="1">250</wcet>
            <maxpow number="0.3848236241931947"/>
            <maxpow number="0.3848236241931947"/>
            <fprob>0.0</fprob>
        </actor>
        <actor name="D0N26">
            <wcet number="0">10</wcet>
            <wcet number="1">140</wcet>
            <maxpow number="0.5560647330758226"/>
            <maxpow number="0.5560647330758226"/>
            <fprob>0.0</fprob>
        </actor>
        <actor name="D0N24">
            <wcet number="0">10</wcet>
            <wcet number="1">20</wcet>
            <maxpow number="0.8478846248425791"/>
            <maxpow number="0.8478846248425791"/>
            <fprob>0.0</fprob>
        </actor>
        <actor name="D0N45">
            <wcet number="0">140</wcet>
            <wcet number="1">170</wcet>
            <maxpow number="0.5773174199085082"/>
            <maxpow number="0.5773174199085082"/>
            <fprob>0.0</fprob>
        </actor>
        <actor name="D0N21">
            <wcet number="0">10</wcet>
            <wcet number="1">20</wcet>
            <maxpow number="0.5643995211957301"/>
            <maxpow number="0.5643995211957301"/>
            <fprob>0.0</fprob>
        </actor>
        <actor name="D0N9">
            <wcet number="0">130</wcet>
            <wcet number="1">150</wcet>
            <maxpow number="0.4389180670071056"/>
            <maxpow number="0.4389180670071056"/>
            <fprob>0.0</fprob>
        </actor>
        <actor name="D0N4">
            <wcet number="0">40</wcet>
            <wcet number="1">240</wcet>
            <maxpow number="0.6060739852277087"/>
            <maxpow number="0.6060739852277087"/>
            <fprob>0.0</fprob>
        </actor>
        <actor name="D0N13">
            <wcet number="0">420</wcet>
            <wcet number="1">440</wcet>
            <maxpow number="0.5062882735204245"/>
            <maxpow number="0.5062882735204245"/>
            <fprob>0.0</fprob>
        </actor>
        <actor name="D0N25">
            <wcet number="0">40</wcet>
            <wcet number="1">90</wcet>
            <maxpow number="0.41547063004256873"/>
            <maxpow number="0.41547063004256873"/>
            <fprob>0.0</fprob>
        </actor>
        <actor name="D0N7">
            <wcet number="0">380</wcet>
            <wcet number="1">430</wcet>
            <maxpow number="0.6349846749645647"/>
            <maxpow number="0.6349846749645647"/>
            <fprob>0.0</fprob>
        </actor>
        <actor name="D0N19">
            <wcet number="0">80</wcet>
            <wcet number="1">80</wcet>
            <maxpow number="0.6069550444659537"/>
            <maxpow number="0.6069550444659537"/>
            <fprob>0.0</fprob>
        </actor>
        <actor name="D0N11">
            <wcet number="0">30</wcet>
            <wcet number="1">100</wcet>
            <maxpow number="0.40799307121704986"/>
            <maxpow number="0.40799307121704986"/>
            <fprob>0.0</fprob>
        </actor>
        <actor name="D0N6">
            <wcet number="0">290</wcet>
            <wcet number="1">730</wcet>
            <maxpow number="0.2611447972501799"/>
            <maxpow number="0.2611447972501799"/>
            <fprob>0.0</fprob>
        </actor>
        <actor name="D0N31">
            <wcet number="0">80</wcet>
            <wcet number="1">220</wcet>
            <maxpow number="0.708960310408477"/>
            <maxpow number="0.708960310408477"/>
            <fprob>0.0</fprob>
        </actor>
        <actor name="D0N18">
            <wcet number="0">20</wcet>
            <wcet number="1">30</wcet>
            <maxpow number="0.6617251094936172"/>
            <maxpow number="0.6617251094936172"/>
            <fprob>0.0</fprob>
        </actor>
        <actor name="D0N15">
            <wcet number="0">130</wcet>
            <wcet number="1">200</wcet>
            <maxpow number="0.5771188350607704"/>
            <maxpow number="0.5771188350607704"/>
            <fprob>0.0</fprob>
        </actor>
        <actor name="D0N2">
            <wcet number="0">30</wcet>
            <wcet number="1">30</wcet>
            <maxpow number="0.7745049719634542"/>
            <maxpow number="0.7745049719634542"/>
            <fprob>0.0</fprob>
        </actor>
        <actor name="D0N30">
            <wcet number="0">20</wcet>
            <wcet number="1">80</wcet>
            <maxpow number="0.4076837198668881"/>
            <maxpow number="0.4076837198668881"/>
            <fprob>0.0</fprob>
        </actor>
        <actor name="D0N44">
            <wcet number="0">90</wcet>
            <wcet number="1">420</wcet>
            <maxpow number="0.20689103903169714"/>
            <maxpow number="0.20689103903169714"/>
            <fprob>0.0</fprob>
        </actor>
        <actor name="D0N48">
            <wcet number="0">410</wcet>
            <wcet number="1">510</wcet>
            <maxpow number="0.4349908788703494"/>
            <maxpow number="0.4349908788703494"/>
            <fprob>0.0</fprob>
        </actor>
        <actor name="D0N40">
            <wcet number="0">30</wcet>
            <wcet number="1">120</wcet>
            <maxpow number="0.660637585994938"/>
            <maxpow number="0.660637585994938"/>
            <fprob>0.0</fprob>
        </actor>
        <actor name="D0N17">
            <wcet number="0">20</wcet>
            <wcet number="1">150</wcet>
            <maxpow number="0.26777224022007173"/>
            <maxpow number="0.26777224022007173"/>
            <fprob>0.0</fprob>
        </actor>
        <actor name="D0N32">
            <wcet number="0">30</wcet>
            <wcet number="1">50</wcet>
            <maxpow number="0.5422586774859657"/>
            <maxpow number="0.5422586774859657"/>
            <fprob>0.0</fprob>
        </actor>
        <actor name="D0N35">
            <wcet number="0">10</wcet>
            <wcet number="1">10</wcet>
            <maxpow number="0.5060445061261395"/>
            <maxpow number="0.5060445061261395"/>
            <fprob>0.0</fprob>
        </actor>
        <actor name="D0N34">
            <wcet number="0">80</wcet>
            <wcet number="1">110</wcet>
            <maxpow number="0.763481535099451"/>
            <maxpow number="0.763481535099451"/>
            <fprob>0.0</fprob>
        </actor>
        <actor name="D0N20">
            <wcet number="0">10</wcet>
            <wcet number="1">170</wcet>
            <maxpow number="0.3055375658584342"/>
            <maxpow number="0.3055375658584342"/>
            <fprob>0.0</fprob>
        </actor>
        <actor name="D0N36">
            <wcet number="0">90</wcet>
            <wcet number="1">440</wcet>
            <maxpow number="0.6954236367370719"/>
            <maxpow number="0.6954236367370719"/>
            <fprob>0.0</fprob>
        </actor>
        <actor name="D0N3">
            <wcet number="0">20</wcet>
            <wcet number="1">20</wcet>
            <maxpow number="0.7289882054514856"/>
            <maxpow number="0.7289882054514856"/>
            <fprob>0.0</fprob>
        </actor>
        <actor name="D0N1">
            <wcet number="0">30</wcet>
            <wcet number="1">60</wcet>
            <maxpow number="0.6246908755742671"/>
            <maxpow number="0.6246908755742671"/>
            <fprob>0.0</fprob>
        </actor>
        <actor name="D0N43">
            <wcet number="0">150</wcet>
            <wcet number="1">150</wcet>
            <maxpow number="0.43198131971035786"/>
            <maxpow number="0.43198131971035786"/>
            <fprob>0.0</fprob>
        </actor>
        <actor name="D0N5">
            <wcet number="0">10</wcet>
            <wcet number="1">20</wcet>
            <maxpow number="0.7133909260857539"/>
            <maxpow number="0.7133909260857539"/>
            <fprob>0.0</fprob>
        </actor>
        <actor name="D0N14">
            <wcet number="0">240</wcet>
            <wcet number="1">300</wcet>
            <maxpow number="0.7300763481541666"/>
            <maxpow number="0.7300763481541666"/>
            <fprob>0.0</fprob>
        </actor>
        <actor name="D0N49">
            <wcet number="0">100</wcet>
            <wcet number="1">100</wcet>
            <maxpow number="0.6359712996973717"/>
            <maxpow number="0.6359712996973717"/>
            <fprob>0.0</fprob>
        </actor>
        <actor name="D0N23">
            <wcet number="0">140</wcet>
            <wcet number="1">190</wcet>
            <maxpow number="0.6458059685839599"/>
            <maxpow number="0.6458059685839599"/>
            <fprob>0.0</fprob>
        </actor>
        <actor name="D0N8">
            <wcet number="0">20</wcet>
            <wcet number="1">20</wcet>
            <maxpow number="0.6214635783023915"/>
            <maxpow number="0.6214635783023915"/>
            <fprob>0.0</fprob>
        </actor>
        <actor name="D0N47">
            <wcet number="0">10</wcet>
            <wcet number="1">90</wcet>
            <maxpow number="0.6874803996675185"/>
            <maxpow number="0.6874803996675185"/>
            <fprob>0.0</fprob>
        </actor>
        <actor name="D0N46">
            <wcet number="0">30</wcet>
            <wcet number="1">140</wcet>
            <maxpow number="0.49311307315218045"/>
            <maxpow number="0.49311307315218045"/>
            <fprob>0.0</fprob>
        </actor>
        <actor name="D0N42">
            <wcet number="0">20</wcet>
            <wcet number="1">280</wcet>
            <maxpow number="0.7069922654373286"/>
            <maxpow number="0.7069922654373286"/>
            <fprob>0.0</fprob>
        </actor>
        <actor name="D0N37">
            <wcet number="0">50</wcet>
            <wcet number="1">100</wcet>
            <maxpow number="0.33734656638276206"/>
            <maxpow number="0.33734656638276206"/>
            <fprob>0.0</fprob>
        </actor>
        <actor name="D0N10">
            <wcet number="0">50</wcet>
            <wcet number="1">300</wcet>
            <maxpow number="0.538305472582708"/>
            <maxpow number="0.538305472582708"/>
            <fprob>0.0</fprob>
        </actor>
        <actor name="D0N28">
            <wcet number="0">110</wcet>
            <wcet number="1">140</wcet>
            <maxpow number="0.6095751666682963"/>
            <maxpow number="0.6095751666682963"/>
            <fprob>0.0</fprob>
        </actor>
        <actor name="D0N29">
            <wcet number="0">10</wcet>
            <wcet number="1">20</wcet>
            <maxpow number="0.2818008615899719"/>
            <maxpow number="0.2818008615899719"/>
            <fprob>0.0</fprob>
        </actor>
        <actor name="D0N39">
            <wcet number="0">20</wcet>
            <wcet number="1">40</wcet>
            <maxpow number="0.3980692801044865"/>
            <maxpow number="0.3980692801044865"/>
            <fprob>0.0</fprob>
        </actor>
        <actor name="D0N27">
            <wcet number="0">220</wcet>
            <wcet number="1">310</wcet>
            <maxpow number="0.3830235124944335"/>
            <maxpow number="0.3830235124944335"/>
            <fprob>0.0</fprob>
        </actor>
        <actor name="D0N33">
            <wcet number="0">990</wcet>
            <wcet number="1">1210</wcet>
            <maxpow number="0.8223104235108485"/>
            <maxpow number="0.8223104235108485"/>
            <fprob>0.0</fprob>
        </actor>
        <actor name="D0N0">
            <wcet number="0">90</wcet>
            <wcet number="1">230</wcet>
            <maxpow number="0.3853854252401311"/>
            <maxpow number="0.3853854252401311"/>
            <fprob>0.0</fprob>
        </actor>
        <actor name="D0N16">
            <wcet number="0">20</wcet>
            <wcet number="1">50</wcet>
            <maxpow number="0.38947412515028235"/>
            <maxpow number="0.38947412515028235"/>
            <fprob>0.0</fprob>
        </actor>
        <actor name="D0N22">
            <wcet number="0">110</wcet>
            <wcet number="1">140</wcet>
            <maxpow number="0.19653705867587556"/>
            <maxpow number="0.19653705867587556"/>
            <fprob>0.0</fprob>
        </actor>
        <ports>
            <port dstActor="D0N20" name="p0" srcActor="D0N12"/>
            <port dstActor="D0N25" name="p1" srcActor="D0N12"/>
            <port dstActor="D0N49" name="p2" srcActor="D0N12"/>
            <port dstActor="D0N39" name="p3" srcActor="D0N12"/>
            <port dstActor="D0N26" name="p4" srcActor="D0N12"/>
            <port dstActor="D0N45" name="p5" srcActor="D0N41"/>
            <port dstActor="D0N31" name="p6" srcActor="D0N26"/>
            <port dstActor="D0N32" name="p7" srcActor="D0N26"/>
            <port dstActor="D0N34" name="p8" srcActor="D0N26"/>
            <port dstActor="D0N36" name="p9" srcActor="D0N26"/>
            <port dstActor="D0N45" name="p10" srcActor="D0N24"/>
            <port dstActor="D0N39" name="p11" srcActor="D0N24"/>
            <port dstActor="D0N40" name="p12" srcActor="D0N24"/>
            <port dstActor="D0N46" name="p13" srcActor="D0N45"/>
            <port dstActor="D0N38" name="p14" srcActor="D0N21"/>
            <port dstActor="D0N44" name="p15" srcActor="D0N21"/>
            <port dstActor="D0N22" name="p16" srcActor="D0N21"/>
            <port dstActor="D0N29" name="p17" srcActor="D0N21"/>
            <port dstActor="D0N49" name="p18" srcActor="D0N9"/>
            <port dstActor="D0N21" name="p19" srcActor="D0N9"/>
            <port dstActor="D0N31" name="p20" srcActor="D0N9"/>
            <port dstActor="D0N35" name="p21" srcActor="D0N9"/>
            <port dstActor="D0N5" name="p22" srcActor="D0N4"/>
            <port dstActor="D0N22" name="p23" srcActor="D0N4"/>
            <port dstActor="D0N10" name="p24" srcActor="D0N4"/>
            <port dstActor="D0N49" name="p25" srcActor="D0N4"/>
            <port dstActor="D0N47" name="p26" srcActor="D0N4"/>
            <port dstActor="D0N21" name="p27" srcActor="D0N4"/>
            <port dstActor="D0N35" name="p28" srcActor="D0N13"/>
            <port dstActor="D0N37" name="p29" srcActor="D0N13"/>
            <port dstActor="D0N47" name="p30" srcActor="D0N13"/>
            <port dstActor="D0N39" name="p31" srcActor="D0N13"/>
            <port dstActor="D0N41" name="p32" srcActor="D0N13"/>
            <port dstActor="D0N35" name="p33" srcActor="D0N25"/>
            <port dstActor="D0N34" name="p34" srcActor="D0N25"/>
            <port dstActor="D0N45" name="p35" srcActor="D0N25"/>
            <port dstActor="D0N46" name="p36" srcActor="D0N7"/>
            <port dstActor="D0N31" name="p37" srcActor="D0N7"/>
            <port dstActor="D0N43" name="p38" srcActor="D0N7"/>
            <port dstActor="D0N30" name="p39" srcActor="D0N7"/>
            <port dstActor="D0N37" name="p40" srcActor="D0N19"/>
            <port dstActor="D0N41" name="p41" srcActor="D0N19"/>
            <port dstActor="D0N43" name="p42" srcActor="D0N19"/>
            <port dstActor="D0N22" name="p43" srcActor="D0N11"/>
            <port dstActor="D0N37" name="p44" srcActor="D0N6"/>
            <port dstActor="D0N36" name="p45" srcActor="D0N6"/>
            <port dstActor="D0N43" name="p46" srcActor="D0N31"/>
            <port dstActor="D0N44" name="p47" srcActor="D0N31"/>
            <port dstActor="D0N40" name="p48" srcActor="D0N18"/>
            <port dstActor="D0N27" name="p49" srcActor="D0N18"/>
            <port dstActor="D0N25" name="p50" srcActor="D0N18"/>
            <port dstActor="D0N22" name="p51" srcActor="D0N2"/>
            <port dstActor="D0N49" name="p52" srcActor="D0N2"/>
            <port dstActor="D0N46" name="p53" srcActor="D0N2"/>
            <port dstActor="D0N23" name="p54" srcActor="D0N2"/>
            <port dstActor="D0N39" name="p55" srcActor="D0N2"/>
            <port dstActor="D0N47" name="p56" srcActor="D0N2"/>
            <port dstActor="D0N4" name="p57" srcActor="D0N2"/>
            <port dstActor="D0N46" name="p58" srcActor="D0N30"/>
            <port dstActor="D0N42" name="p59" srcActor="D0N30"/>
            <port dstActor="D0N27" name="p60" srcActor="D0N17"/>
            <port dstActor="D0N47" name="p61" srcActor="D0N17"/>
            <port dstActor="D0N47" name="p62" srcActor="D0N32"/>
            <port dstActor="D0N43" name="p63" srcActor="D0N34"/>
            <port dstActor="D0N37" name="p64" srcActor="D0N34"/>
            <port dstActor="D0N33" name="p65" srcActor="D0N20"/>
            <port dstActor="D0N42" name="p66" srcActor="D0N20"/>
            <port dstActor="D0N45" name="p67" srcActor="D0N36"/>
            <port dstActor="D0N12" name="p68" srcActor="D0N3"/>
            <port dstActor="D0N35" name="p69" srcActor="D0N3"/>
            <port dstActor="D0N13" name="p70" srcActor="D0N3"/>
            <port dstActor="D0N47" name="p71" srcActor="D0N3"/>
            <port dstActor="D0N45" name="p72" srcActor="D0N3"/>
            <port dstActor="D0N40" name="p73" srcActor="D0N3"/>
            <port dstActor="D0N20" name="p74" srcActor="D0N3"/>
            <port dstActor="D0N43" name="p75" srcActor="D0N3"/>
            <port dstActor="D0N17" name="p76" srcActor="D0N3"/>
            <port dstActor="D0N41" name="p77" srcActor="D0N1"/>
            <port dstActor="D0N34" name="p78" srcActor="D0N1"/>
            <port dstActor="D0N8" name="p79" srcActor="D0N1"/>
            <port dstActor="D0N36" name="p80" srcActor="D0N5"/>
            <port dstActor="D0N25" name="p81" srcActor="D0N5"/>
            <port dstActor="D0N26" name="p82" srcActor="D0N14"/>
            <port dstActor="D0N34" name="p83" srcActor="D0N14"/>
            <port dstActor="D0N24" name="p84" srcActor="D0N14"/>
            <port dstActor="D0N39" name="p85" srcActor="D0N23"/>
            <port dstActor="D0N45" name="p86" srcActor="D0N23"/>
            <port dstActor="D0N33" name="p87" srcActor="D0N23"/>
            <port dstActor="D0N9" name="p88" srcActor="D0N8"/>
            <port dstActor="D0N12" name="p89" srcActor="D0N8"/>
            <port dstActor="D0N37" name="p90" srcActor="D0N8"/>
            <port dstActor="D0N24" name="p91" srcActor="D0N8"/>
            <port dstActor="D0N47" name="p92" srcActor="D0N46"/>
            <port dstActor="D0N45" name="p93" srcActor="D0N37"/>
            <port dstActor="D0N47" name="p94" srcActor="D0N37"/>
            <port dstActor="D0N42" name="p95" srcActor="D0N37"/>
            <port dstActor="D0N20" name="p96" srcActor="D0N10"/>
            <port dstActor="D0N39" name="p97" srcActor="D0N10"/>
            <port dstActor="D0N34" name="p98" srcActor="D0N29"/>
            <port dstActor="D0N49" name="p99" srcActor="D0N29"/>
            <port dstActor="D0N40" name="p100" srcActor="D0N29"/>
            <port dstActor="D0N43" name="p101" srcActor="D0N29"/>
            <port dstActor="D0N42" name="p102" srcActor="D0N39"/>
            <port dstActor="D0N46" name="p103" srcActor="D0N27"/>
            <port dstActor="D0N29" name="p104" srcActor="D0N27"/>
            <port dstActor="D0N36" name="p105" srcActor="D0N27"/>
            <port dstActor="D0N41" name="p106" srcActor="D0N33"/>
            <port dstActor="D0N35" name="p107" srcActor="D0N0"/>
            <port dstActor="D0N47" name="p108" srcActor="D0N0"/>
            <port dstActor="D0N13" name="p109" srcActor="D0N0"/>
            <port dstActor="D0N14" name="p110" srcActor="D0N0"/>
            <port dstActor="D0N29" name="p111" srcActor="D0N16"/>
            <port dstActor="D0N26" name="p112" srcActor="D0N16"/>
            <port dstActor="D0N48" name="p113" srcActor="D0N16"/>
            <port dstActor="D0N42" name="p114" srcActor="D0N16"/>
            <port dstActor="D0N34" name="p115" srcActor="D0N22"/>
        </ports>
    </mcdag>
    <cores number="3"/>
    <levels number="2"/>
</mcsystem>
