<?xml version="1.0" encoding="UTF-8" standalone="no"?>
<mcsystem>
    <mcdag deadline="2000" name="genned-0-ed-10.0-0">
        <actor name="D0N48">
            <wcet number="0">40</wcet>
            <wcet number="1">40</wcet>
            <maxpow number="0.5223268991775097"/>
            <maxpow number="0.5223268991775097"/>
            <fprob>0.0</fprob>
        </actor>
        <actor name="D0N26">
            <wcet number="0">70</wcet>
            <wcet number="1">100</wcet>
            <maxpow number="0.5565150717273074"/>
            <maxpow number="0.5565150717273074"/>
            <fprob>0.0</fprob>
        </actor>
        <actor name="D0N21">
            <wcet number="0">90</wcet>
            <wcet number="1">120</wcet>
            <maxpow number="0.5184946692674312"/>
            <maxpow number="0.5184946692674312"/>
            <fprob>0.0</fprob>
        </actor>
        <actor name="D0N27">
            <wcet number="0">50</wcet>
            <wcet number="1">60</wcet>
            <maxpow number="0.5853900283232942"/>
            <maxpow number="0.5853900283232942"/>
            <fprob>0.0</fprob>
        </actor>
        <actor name="D0N36">
            <wcet number="0">10</wcet>
            <wcet number="1">20</wcet>
            <maxpow number="0.7093338567766782"/>
            <maxpow number="0.7093338567766782"/>
            <fprob>0.0</fprob>
        </actor>
        <actor name="D0N34">
            <wcet number="0">20</wcet>
            <wcet number="1">20</wcet>
            <maxpow number="0.5953546037472189"/>
            <maxpow number="0.5953546037472189"/>
            <fprob>0.0</fprob>
        </actor>
        <actor name="D0N30">
            <wcet number="0">20</wcet>
            <wcet number="1">30</wcet>
            <maxpow number="0.6686049203150645"/>
            <maxpow number="0.6686049203150645"/>
            <fprob>0.0</fprob>
        </actor>
        <actor name="D0N47">
            <wcet number="0">60</wcet>
            <wcet number="1">100</wcet>
            <maxpow number="0.4224502546292804"/>
            <maxpow number="0.4224502546292804"/>
            <fprob>0.0</fprob>
        </actor>
        <actor name="D0N41">
            <wcet number="0">90</wcet>
            <wcet number="1">460</wcet>
            <maxpow number="0.46813676621459666"/>
            <maxpow number="0.46813676621459666"/>
            <fprob>0.0</fprob>
        </actor>
        <actor name="D0N22">
            <wcet number="0">90</wcet>
            <wcet number="1">170</wcet>
            <maxpow number="0.6293409355672486"/>
            <maxpow number="0.6293409355672486"/>
            <fprob>0.0</fprob>
        </actor>
        <actor name="D0N31">
            <wcet number="0">90</wcet>
            <wcet number="1">220</wcet>
            <maxpow number="0.37548765719979516"/>
            <maxpow number="0.37548765719979516"/>
            <fprob>0.0</fprob>
        </actor>
        <actor name="D0N20">
            <wcet number="0">40</wcet>
            <wcet number="1">60</wcet>
            <maxpow number="0.583365919372735"/>
            <maxpow number="0.583365919372735"/>
            <fprob>0.0</fprob>
        </actor>
        <actor name="D0N11">
            <wcet number="0">20</wcet>
            <wcet number="1">20</wcet>
            <maxpow number="0.47720359443058863"/>
            <maxpow number="0.47720359443058863"/>
            <fprob>0.0</fprob>
        </actor>
        <actor name="D0N18">
            <wcet number="0">140</wcet>
            <wcet number="1">200</wcet>
            <maxpow number="0.5568958702842097"/>
            <maxpow number="0.5568958702842097"/>
            <fprob>0.0</fprob>
        </actor>
        <actor name="D0N25">
            <wcet number="0">20</wcet>
            <wcet number="1">20</wcet>
            <maxpow number="0.7837533451190514"/>
            <maxpow number="0.7837533451190514"/>
            <fprob>0.0</fprob>
        </actor>
        <actor name="D0N35">
            <wcet number="0">60</wcet>
            <wcet number="1">150</wcet>
            <maxpow number="0.47419628689524157"/>
            <maxpow number="0.47419628689524157"/>
            <fprob>0.0</fprob>
        </actor>
        <actor name="D0N42">
            <wcet number="0">30</wcet>
            <wcet number="1">30</wcet>
            <maxpow number="0.6664087529489204"/>
            <maxpow number="0.6664087529489204"/>
            <fprob>0.0</fprob>
        </actor>
        <actor name="D0N16">
            <wcet number="0">30</wcet>
            <wcet number="1">80</wcet>
            <maxpow number="0.7347920930032487"/>
            <maxpow number="0.7347920930032487"/>
            <fprob>0.0</fprob>
        </actor>
        <actor name="D0N28">
            <wcet number="0">30</wcet>
            <wcet number="1">120</wcet>
            <maxpow number="0.3629059888630954"/>
            <maxpow number="0.3629059888630954"/>
            <fprob>0.0</fprob>
        </actor>
        <actor name="D0N8">
            <wcet number="0">20</wcet>
            <wcet number="1">20</wcet>
            <maxpow number="0.8331717753875867"/>
            <maxpow number="0.8331717753875867"/>
            <fprob>0.0</fprob>
        </actor>
        <actor name="D0N44">
            <wcet number="0">100</wcet>
            <wcet number="1">120</wcet>
            <maxpow number="0.8681043239535253"/>
            <maxpow number="0.8681043239535253"/>
            <fprob>0.0</fprob>
        </actor>
        <actor name="D0N15">
            <wcet number="0">20</wcet>
            <wcet number="1">20</wcet>
            <maxpow number="0.47381907623044517"/>
            <maxpow number="0.47381907623044517"/>
            <fprob>0.0</fprob>
        </actor>
        <actor name="D0N24">
            <wcet number="0">10</wcet>
            <wcet number="1">370</wcet>
            <maxpow number="0.908335387504852"/>
            <maxpow number="0.908335387504852"/>
            <fprob>0.0</fprob>
        </actor>
        <actor name="D0N23">
            <wcet number="0">50</wcet>
            <wcet number="1">130</wcet>
            <maxpow number="0.7637689683623443"/>
            <maxpow number="0.7637689683623443"/>
            <fprob>0.0</fprob>
        </actor>
        <actor name="D0N45">
            <wcet number="0">110</wcet>
            <wcet number="1">140</wcet>
            <maxpow number="0.49211429897815384"/>
            <maxpow number="0.49211429897815384"/>
            <fprob>0.0</fprob>
        </actor>
        <actor name="D0N17">
            <wcet number="0">510</wcet>
            <wcet number="1">650</wcet>
            <maxpow number="0.598642450160112"/>
            <maxpow number="0.598642450160112"/>
            <fprob>0.0</fprob>
        </actor>
        <actor name="D0N46">
            <wcet number="0">10</wcet>
            <wcet number="1">10</wcet>
            <maxpow number="0.7403287462399204"/>
            <maxpow number="0.7403287462399204"/>
            <fprob>0.0</fprob>
        </actor>
        <actor name="D0N5">
            <wcet number="0">130</wcet>
            <wcet number="1">290</wcet>
            <maxpow number="0.08951785323133266"/>
            <maxpow number="0.08951785323133266"/>
            <fprob>0.0</fprob>
        </actor>
        <actor name="D0N1">
            <wcet number="0">20</wcet>
            <wcet number="1">40</wcet>
            <maxpow number="0.5588472684993497"/>
            <maxpow number="0.5588472684993497"/>
            <fprob>0.0</fprob>
        </actor>
        <actor name="D0N38">
            <wcet number="0">60</wcet>
            <wcet number="1">70</wcet>
            <maxpow number="0.5011872918170566"/>
            <maxpow number="0.5011872918170566"/>
            <fprob>0.0</fprob>
        </actor>
        <actor name="D0N10">
            <wcet number="0">10</wcet>
            <wcet number="1">30</wcet>
            <maxpow number="0.43233135604681067"/>
            <maxpow number="0.43233135604681067"/>
            <fprob>0.0</fprob>
        </actor>
        <actor name="D0N14">
            <wcet number="0">10</wcet>
            <wcet number="1">10</wcet>
            <maxpow number="0.3874633918449234"/>
            <maxpow number="0.3874633918449234"/>
            <fprob>0.0</fprob>
        </actor>
        <actor name="D0N29">
            <wcet number="0">30</wcet>
            <wcet number="1">30</wcet>
            <maxpow number="0.41166767507673163"/>
            <maxpow number="0.41166767507673163"/>
            <fprob>0.0</fprob>
        </actor>
        <actor name="D0N0">
            <wcet number="0">10</wcet>
            <wcet number="1">40</wcet>
            <maxpow number="0.5130963151179763"/>
            <maxpow number="0.5130963151179763"/>
            <fprob>0.0</fprob>
        </actor>
        <actor name="D0N3">
            <wcet number="0">60</wcet>
            <wcet number="1">80</wcet>
            <maxpow number="0.23873635321050124"/>
            <maxpow number="0.23873635321050124"/>
            <fprob>0.0</fprob>
        </actor>
        <actor name="D0N39">
            <wcet number="0">60</wcet>
            <wcet number="1">160</wcet>
            <maxpow number="0.458118277642818"/>
            <maxpow number="0.458118277642818"/>
            <fprob>0.0</fprob>
        </actor>
        <actor name="D0N32">
            <wcet number="0">130</wcet>
            <wcet number="1">150</wcet>
            <maxpow number="0.9228523252702049"/>
            <maxpow number="0.9228523252702049"/>
            <fprob>0.0</fprob>
        </actor>
        <actor name="D0N2">
            <wcet number="0">10</wcet>
            <wcet number="1">130</wcet>
            <maxpow number="0.7081665504653523"/>
            <maxpow number="0.7081665504653523"/>
            <fprob>0.0</fprob>
        </actor>
        <actor name="D0N6">
            <wcet number="0">20</wcet>
            <wcet number="1">20</wcet>
            <maxpow number="0.5479838252263403"/>
            <maxpow number="0.5479838252263403"/>
            <fprob>0.0</fprob>
        </actor>
        <actor name="D0N9">
            <wcet number="0">10</wcet>
            <wcet number="1">20</wcet>
            <maxpow number="0.47911086144626475"/>
            <maxpow number="0.47911086144626475"/>
            <fprob>0.0</fprob>
        </actor>
        <actor name="D0N37">
            <wcet number="0">10</wcet>
            <wcet number="1">30</wcet>
            <maxpow number="0.7110965970039553"/>
            <maxpow number="0.7110965970039553"/>
            <fprob>0.0</fprob>
        </actor>
        <actor name="D0N7">
            <wcet number="0">60</wcet>
            <wcet number="1">110</wcet>
            <maxpow number="0.5745708578522748"/>
            <maxpow number="0.5745708578522748"/>
            <fprob>0.0</fprob>
        </actor>
        <actor name="D0N43">
            <wcet number="0">100</wcet>
            <wcet number="1">120</wcet>
            <maxpow number="0.7010447814942258"/>
            <maxpow number="0.7010447814942258"/>
            <fprob>0.0</fprob>
        </actor>
        <actor name="D0N40">
            <wcet number="0">70</wcet>
            <wcet number="1">70</wcet>
            <maxpow number="0.45414096291692974"/>
            <maxpow number="0.45414096291692974"/>
            <fprob>0.0</fprob>
        </actor>
        <actor name="D0N13">
            <wcet number="0">30</wcet>
            <wcet number="1">30</wcet>
            <maxpow number="0.464744065874405"/>
            <maxpow number="0.464744065874405"/>
            <fprob>0.0</fprob>
        </actor>
        <actor name="D0N19">
            <wcet number="0">10</wcet>
            <wcet number="1">20</wcet>
            <maxpow number="0.5793577370160642"/>
            <maxpow number="0.5793577370160642"/>
            <fprob>0.0</fprob>
        </actor>
        <actor name="D0N12">
            <wcet number="0">80</wcet>
            <wcet number="1">160</wcet>
            <maxpow number="0.22133860879129752"/>
            <maxpow number="0.22133860879129752"/>
            <fprob>0.0</fprob>
        </actor>
        <actor name="D0N4">
            <wcet number="0">30</wcet>
            <wcet number="1">60</wcet>
            <maxpow number="0.4092683352552994"/>
            <maxpow number="0.4092683352552994"/>
            <fprob>0.0</fprob>
        </actor>
        <actor name="D0N33">
            <wcet number="0">50</wcet>
            <wcet number="1">50</wcet>
            <maxpow number="0.29297302960784033"/>
            <maxpow number="0.29297302960784033"/>
            <fprob>0.0</fprob>
        </actor>
        <ports>
            <port dstActor="D0N25" name="p0" srcActor="D0N21"/>
            <port dstActor="D0N29" name="p1" srcActor="D0N21"/>
            <port dstActor="D0N22" name="p2" srcActor="D0N21"/>
            <port dstActor="D0N27" name="p3" srcActor="D0N21"/>
            <port dstActor="D0N44" name="p4" srcActor="D0N27"/>
            <port dstActor="D0N38" name="p5" srcActor="D0N27"/>
            <port dstActor="D0N46" name="p6" srcActor="D0N34"/>
            <port dstActor="D0N31" name="p7" srcActor="D0N30"/>
            <port dstActor="D0N42" name="p8" srcActor="D0N30"/>
            <port dstActor="D0N43" name="p9" srcActor="D0N22"/>
            <port dstActor="D0N48" name="p10" srcActor="D0N31"/>
            <port dstActor="D0N34" name="p11" srcActor="D0N31"/>
            <port dstActor="D0N39" name="p12" srcActor="D0N31"/>
            <port dstActor="D0N35" name="p13" srcActor="D0N20"/>
            <port dstActor="D0N22" name="p14" srcActor="D0N11"/>
            <port dstActor="D0N17" name="p15" srcActor="D0N11"/>
            <port dstActor="D0N43" name="p16" srcActor="D0N18"/>
            <port dstActor="D0N22" name="p17" srcActor="D0N18"/>
            <port dstActor="D0N24" name="p18" srcActor="D0N18"/>
            <port dstActor="D0N47" name="p19" srcActor="D0N25"/>
            <port dstActor="D0N44" name="p20" srcActor="D0N25"/>
            <port dstActor="D0N32" name="p21" srcActor="D0N25"/>
            <port dstActor="D0N39" name="p22" srcActor="D0N25"/>
            <port dstActor="D0N31" name="p23" srcActor="D0N25"/>
            <port dstActor="D0N44" name="p24" srcActor="D0N16"/>
            <port dstActor="D0N40" name="p25" srcActor="D0N16"/>
            <port dstActor="D0N47" name="p26" srcActor="D0N16"/>
            <port dstActor="D0N37" name="p27" srcActor="D0N28"/>
            <port dstActor="D0N39" name="p28" srcActor="D0N28"/>
            <port dstActor="D0N36" name="p29" srcActor="D0N28"/>
            <port dstActor="D0N41" name="p30" srcActor="D0N28"/>
            <port dstActor="D0N34" name="p31" srcActor="D0N28"/>
            <port dstActor="D0N26" name="p32" srcActor="D0N8"/>
            <port dstActor="D0N14" name="p33" srcActor="D0N8"/>
            <port dstActor="D0N25" name="p34" srcActor="D0N8"/>
            <port dstActor="D0N41" name="p35" srcActor="D0N15"/>
            <port dstActor="D0N23" name="p36" srcActor="D0N15"/>
            <port dstActor="D0N38" name="p37" srcActor="D0N24"/>
            <port dstActor="D0N38" name="p38" srcActor="D0N23"/>
            <port dstActor="D0N24" name="p39" srcActor="D0N17"/>
            <port dstActor="D0N44" name="p40" srcActor="D0N17"/>
            <port dstActor="D0N31" name="p41" srcActor="D0N17"/>
            <port dstActor="D0N31" name="p42" srcActor="D0N5"/>
            <port dstActor="D0N17" name="p43" srcActor="D0N5"/>
            <port dstActor="D0N48" name="p44" srcActor="D0N5"/>
            <port dstActor="D0N22" name="p45" srcActor="D0N5"/>
            <port dstActor="D0N46" name="p46" srcActor="D0N5"/>
            <port dstActor="D0N19" name="p47" srcActor="D0N5"/>
            <port dstActor="D0N44" name="p48" srcActor="D0N5"/>
            <port dstActor="D0N24" name="p49" srcActor="D0N5"/>
            <port dstActor="D0N31" name="p50" srcActor="D0N1"/>
            <port dstActor="D0N41" name="p51" srcActor="D0N1"/>
            <port dstActor="D0N12" name="p52" srcActor="D0N1"/>
            <port dstActor="D0N36" name="p53" srcActor="D0N1"/>
            <port dstActor="D0N7" name="p54" srcActor="D0N1"/>
            <port dstActor="D0N10" name="p55" srcActor="D0N1"/>
            <port dstActor="D0N32" name="p56" srcActor="D0N1"/>
            <port dstActor="D0N44" name="p57" srcActor="D0N38"/>
            <port dstActor="D0N25" name="p58" srcActor="D0N10"/>
            <port dstActor="D0N27" name="p59" srcActor="D0N10"/>
            <port dstActor="D0N31" name="p60" srcActor="D0N10"/>
            <port dstActor="D0N13" name="p61" srcActor="D0N10"/>
            <port dstActor="D0N44" name="p62" srcActor="D0N14"/>
            <port dstActor="D0N37" name="p63" srcActor="D0N14"/>
            <port dstActor="D0N31" name="p64" srcActor="D0N14"/>
            <port dstActor="D0N1" name="p65" srcActor="D0N0"/>
            <port dstActor="D0N2" name="p66" srcActor="D0N0"/>
            <port dstActor="D0N25" name="p67" srcActor="D0N0"/>
            <port dstActor="D0N21" name="p68" srcActor="D0N0"/>
            <port dstActor="D0N35" name="p69" srcActor="D0N0"/>
            <port dstActor="D0N27" name="p70" srcActor="D0N0"/>
            <port dstActor="D0N13" name="p71" srcActor="D0N3"/>
            <port dstActor="D0N36" name="p72" srcActor="D0N3"/>
            <port dstActor="D0N34" name="p73" srcActor="D0N3"/>
            <port dstActor="D0N35" name="p74" srcActor="D0N3"/>
            <port dstActor="D0N48" name="p75" srcActor="D0N3"/>
            <port dstActor="D0N15" name="p76" srcActor="D0N3"/>
            <port dstActor="D0N16" name="p77" srcActor="D0N3"/>
            <port dstActor="D0N41" name="p78" srcActor="D0N39"/>
            <port dstActor="D0N40" name="p79" srcActor="D0N32"/>
            <port dstActor="D0N44" name="p80" srcActor="D0N32"/>
            <port dstActor="D0N39" name="p81" srcActor="D0N2"/>
            <port dstActor="D0N37" name="p82" srcActor="D0N2"/>
            <port dstActor="D0N11" name="p83" srcActor="D0N2"/>
            <port dstActor="D0N27" name="p84" srcActor="D0N2"/>
            <port dstActor="D0N35" name="p85" srcActor="D0N6"/>
            <port dstActor="D0N44" name="p86" srcActor="D0N6"/>
            <port dstActor="D0N18" name="p87" srcActor="D0N6"/>
            <port dstActor="D0N26" name="p88" srcActor="D0N9"/>
            <port dstActor="D0N40" name="p89" srcActor="D0N37"/>
            <port dstActor="D0N43" name="p90" srcActor="D0N37"/>
            <port dstActor="D0N46" name="p91" srcActor="D0N37"/>
            <port dstActor="D0N47" name="p92" srcActor="D0N7"/>
            <port dstActor="D0N20" name="p93" srcActor="D0N7"/>
            <port dstActor="D0N32" name="p94" srcActor="D0N7"/>
            <port dstActor="D0N11" name="p95" srcActor="D0N7"/>
            <port dstActor="D0N9" name="p96" srcActor="D0N7"/>
            <port dstActor="D0N16" name="p97" srcActor="D0N7"/>
            <port dstActor="D0N34" name="p98" srcActor="D0N7"/>
            <port dstActor="D0N48" name="p99" srcActor="D0N7"/>
            <port dstActor="D0N43" name="p100" srcActor="D0N40"/>
            <port dstActor="D0N42" name="p101" srcActor="D0N40"/>
            <port dstActor="D0N48" name="p102" srcActor="D0N40"/>
            <port dstActor="D0N47" name="p103" srcActor="D0N13"/>
            <port dstActor="D0N20" name="p104" srcActor="D0N13"/>
            <port dstActor="D0N41" name="p105" srcActor="D0N13"/>
            <port dstActor="D0N30" name="p106" srcActor="D0N13"/>
            <port dstActor="D0N35" name="p107" srcActor="D0N13"/>
            <port dstActor="D0N44" name="p108" srcActor="D0N13"/>
            <port dstActor="D0N25" name="p109" srcActor="D0N13"/>
            <port dstActor="D0N28" name="p110" srcActor="D0N19"/>
            <port dstActor="D0N23" name="p111" srcActor="D0N19"/>
            <port dstActor="D0N17" name="p112" srcActor="D0N12"/>
            <port dstActor="D0N45" name="p113" srcActor="D0N12"/>
            <port dstActor="D0N20" name="p114" srcActor="D0N12"/>
            <port dstActor="D0N38" name="p115" srcActor="D0N12"/>
            <port dstActor="D0N47" name="p116" srcActor="D0N12"/>
            <port dstActor="D0N26" name="p117" srcActor="D0N12"/>
            <port dstActor="D0N37" name="p118" srcActor="D0N12"/>
            <port dstActor="D0N34" name="p119" srcActor="D0N12"/>
            <port dstActor="D0N35" name="p120" srcActor="D0N4"/>
            <port dstActor="D0N10" name="p121" srcActor="D0N4"/>
        </ports>
    </mcdag>
    <cores number="3"/>
    <levels number="2"/>
</mcsystem>
