<?xml version="1.0" encoding="UTF-8" standalone="no"?>
<mcsystem>
    <mcdag deadline="5000" name="genned-0-ed-10.0-0">
        <actor name="D0N19">
            <wcet number="0">130</wcet>
            <wcet number="1">190</wcet>
            <maxpow number="0.4884533100295798"/>
            <maxpow number="0.4884533100295798"/>
            <fprob>0.0</fprob>
        </actor>
        <actor name="D0N42">
            <wcet number="0">10</wcet>
            <wcet number="1">40</wcet>
            <maxpow number="0.6910239865815722"/>
            <maxpow number="0.6910239865815722"/>
            <fprob>0.0</fprob>
        </actor>
        <actor name="D0N21">
            <wcet number="0">220</wcet>
            <wcet number="1">260</wcet>
            <maxpow number="0.5691885079377024"/>
            <maxpow number="0.5691885079377024"/>
            <fprob>0.0</fprob>
        </actor>
        <actor name="D0N12">
            <wcet number="0">60</wcet>
            <wcet number="1">60</wcet>
            <maxpow number="0.7002054667941559"/>
            <maxpow number="0.7002054667941559"/>
            <fprob>0.0</fprob>
        </actor>
        <actor name="D0N1">
            <wcet number="0">140</wcet>
            <wcet number="1">190</wcet>
            <maxpow number="0.7714359497029599"/>
            <maxpow number="0.7714359497029599"/>
            <fprob>0.0</fprob>
        </actor>
        <actor name="D0N36">
            <wcet number="0">20</wcet>
            <wcet number="1">80</wcet>
            <maxpow number="0.742075606742914"/>
            <maxpow number="0.742075606742914"/>
            <fprob>0.0</fprob>
        </actor>
        <actor name="D0N39">
            <wcet number="0">110</wcet>
            <wcet number="1">120</wcet>
            <maxpow number="0.507114933993597"/>
            <maxpow number="0.507114933993597"/>
            <fprob>0.0</fprob>
        </actor>
        <actor name="D0N32">
            <wcet number="0">150</wcet>
            <wcet number="1">420</wcet>
            <maxpow number="0.6494788148801938"/>
            <maxpow number="0.6494788148801938"/>
            <fprob>0.0</fprob>
        </actor>
        <actor name="D0N34">
            <wcet number="0">90</wcet>
            <wcet number="1">200</wcet>
            <maxpow number="0.4565480103987469"/>
            <maxpow number="0.4565480103987469"/>
            <fprob>0.0</fprob>
        </actor>
        <actor name="D0N16">
            <wcet number="0">210</wcet>
            <wcet number="1">270</wcet>
            <maxpow number="0.4476371963167482"/>
            <maxpow number="0.4476371963167482"/>
            <fprob>0.0</fprob>
        </actor>
        <actor name="D0N27">
            <wcet number="0">10</wcet>
            <wcet number="1">20</wcet>
            <maxpow number="0.47199531436622305"/>
            <maxpow number="0.47199531436622305"/>
            <fprob>0.0</fprob>
        </actor>
        <actor name="D0N20">
            <wcet number="0">20</wcet>
            <wcet number="1">20</wcet>
            <maxpow number="0.38203416616013663"/>
            <maxpow number="0.38203416616013663"/>
            <fprob>0.0</fprob>
        </actor>
        <actor name="D0N30">
            <wcet number="0">70</wcet>
            <wcet number="1">190</wcet>
            <maxpow number="0.5622287383888249"/>
            <maxpow number="0.5622287383888249"/>
            <fprob>0.0</fprob>
        </actor>
        <actor name="D0N3">
            <wcet number="0">170</wcet>
            <wcet number="1">190</wcet>
            <maxpow number="0.5409636200820438"/>
            <maxpow number="0.5409636200820438"/>
            <fprob>0.0</fprob>
        </actor>
        <actor name="D0N9">
            <wcet number="0">340</wcet>
            <wcet number="1">800</wcet>
            <maxpow number="0.6598909583582185"/>
            <maxpow number="0.6598909583582185"/>
            <fprob>0.0</fprob>
        </actor>
        <actor name="D0N28">
            <wcet number="0">50</wcet>
            <wcet number="1">140</wcet>
            <maxpow number="0.7432145589369283"/>
            <maxpow number="0.7432145589369283"/>
            <fprob>0.0</fprob>
        </actor>
        <actor name="D0N14">
            <wcet number="0">10</wcet>
            <wcet number="1">90</wcet>
            <maxpow number="0.3407127696405355"/>
            <maxpow number="0.3407127696405355"/>
            <fprob>0.0</fprob>
        </actor>
        <actor name="D0N38">
            <wcet number="0">10</wcet>
            <wcet number="1">50</wcet>
            <maxpow number="0.5607578282784702"/>
            <maxpow number="0.5607578282784702"/>
            <fprob>0.0</fprob>
        </actor>
        <actor name="D0N23">
            <wcet number="0">80</wcet>
            <wcet number="1">260</wcet>
            <maxpow number="0.6090067197081901"/>
            <maxpow number="0.6090067197081901"/>
            <fprob>0.0</fprob>
        </actor>
        <actor name="D0N22">
            <wcet number="0">80</wcet>
            <wcet number="1">170</wcet>
            <maxpow number="0.22430297495032908"/>
            <maxpow number="0.22430297495032908"/>
            <fprob>0.0</fprob>
        </actor>
        <actor name="D0N11">
            <wcet number="0">70</wcet>
            <wcet number="1">790</wcet>
            <maxpow number="0.6925893988608028"/>
            <maxpow number="0.6925893988608028"/>
            <fprob>0.0</fprob>
        </actor>
        <actor name="D0N5">
            <wcet number="0">30</wcet>
            <wcet number="1">60</wcet>
            <maxpow number="0.7306224968461388"/>
            <maxpow number="0.7306224968461388"/>
            <fprob>0.0</fprob>
        </actor>
        <actor name="D0N2">
            <wcet number="0">300</wcet>
            <wcet number="1">330</wcet>
            <maxpow number="0.7493874977278028"/>
            <maxpow number="0.7493874977278028"/>
            <fprob>0.0</fprob>
        </actor>
        <actor name="D0N4">
            <wcet number="0">10</wcet>
            <wcet number="1">40</wcet>
            <maxpow number="0.4582944724964755"/>
            <maxpow number="0.4582944724964755"/>
            <fprob>0.0</fprob>
        </actor>
        <actor name="D0N15">
            <wcet number="0">170</wcet>
            <wcet number="1">260</wcet>
            <maxpow number="0.4944476836240585"/>
            <maxpow number="0.4944476836240585"/>
            <fprob>0.0</fprob>
        </actor>
        <actor name="D0N40">
            <wcet number="0">200</wcet>
            <wcet number="1">480</wcet>
            <maxpow number="0.5893315302539082"/>
            <maxpow number="0.5893315302539082"/>
            <fprob>0.0</fprob>
        </actor>
        <actor name="D0N18">
            <wcet number="0">190</wcet>
            <wcet number="1">310</wcet>
            <maxpow number="0.6082683406419145"/>
            <maxpow number="0.6082683406419145"/>
            <fprob>0.0</fprob>
        </actor>
        <actor name="D0N46">
            <wcet number="0">200</wcet>
            <wcet number="1">260</wcet>
            <maxpow number="0.3024316008735552"/>
            <maxpow number="0.3024316008735552"/>
            <fprob>0.0</fprob>
        </actor>
        <actor name="D0N37">
            <wcet number="0">460</wcet>
            <wcet number="1">680</wcet>
            <maxpow number="0.6362749143150445"/>
            <maxpow number="0.6362749143150445"/>
            <fprob>0.0</fprob>
        </actor>
        <actor name="D0N10">
            <wcet number="0">260</wcet>
            <wcet number="1">360</wcet>
            <maxpow number="0.5296963957234303"/>
            <maxpow number="0.5296963957234303"/>
            <fprob>0.0</fprob>
        </actor>
        <actor name="D0N35">
            <wcet number="0">150</wcet>
            <wcet number="1">210</wcet>
            <maxpow number="0.47690767956667796"/>
            <maxpow number="0.47690767956667796"/>
            <fprob>0.0</fprob>
        </actor>
        <actor name="D0N6">
            <wcet number="0">370</wcet>
            <wcet number="1">810</wcet>
            <maxpow number="0.6090475476519455"/>
            <maxpow number="0.6090475476519455"/>
            <fprob>0.0</fprob>
        </actor>
        <actor name="D0N29">
            <wcet number="0">10</wcet>
            <wcet number="1">40</wcet>
            <maxpow number="0.7523418811158085"/>
            <maxpow number="0.7523418811158085"/>
            <fprob>0.0</fprob>
        </actor>
        <actor name="D0N13">
            <wcet number="0">30</wcet>
            <wcet number="1">30</wcet>
            <maxpow number="0.5517386485035907"/>
            <maxpow number="0.5517386485035907"/>
            <fprob>0.0</fprob>
        </actor>
        <actor name="D0N24">
            <wcet number="0">130</wcet>
            <wcet number="1">200</wcet>
            <maxpow number="0.45168874594849684"/>
            <maxpow number="0.45168874594849684"/>
            <fprob>0.0</fprob>
        </actor>
        <actor name="D0N41">
            <wcet number="0">20</wcet>
            <wcet number="1">140</wcet>
            <maxpow number="0.6773431401704878"/>
            <maxpow number="0.6773431401704878"/>
            <fprob>0.0</fprob>
        </actor>
        <actor name="D0N26">
            <wcet number="0">70</wcet>
            <wcet number="1">120</wcet>
            <maxpow number="0.9437764226609591"/>
            <maxpow number="0.9437764226609591"/>
            <fprob>0.0</fprob>
        </actor>
        <actor name="D0N7">
            <wcet number="0">90</wcet>
            <wcet number="1">90</wcet>
            <maxpow number="0.42782853001641674"/>
            <maxpow number="0.42782853001641674"/>
            <fprob>0.0</fprob>
        </actor>
        <actor name="D0N25">
            <wcet number="0">210</wcet>
            <wcet number="1">450</wcet>
            <maxpow number="0.5720742523663631"/>
            <maxpow number="0.5720742523663631"/>
            <fprob>0.0</fprob>
        </actor>
        <actor name="D0N31">
            <wcet number="0">100</wcet>
            <wcet number="1">220</wcet>
            <maxpow number="0.7388795814865292"/>
            <maxpow number="0.7388795814865292"/>
            <fprob>0.0</fprob>
        </actor>
        <actor name="D0N33">
            <wcet number="0">10</wcet>
            <wcet number="1">60</wcet>
            <maxpow number="0.705502778768244"/>
            <maxpow number="0.705502778768244"/>
            <fprob>0.0</fprob>
        </actor>
        <actor name="D0N0">
            <wcet number="0">200</wcet>
            <wcet number="1">440</wcet>
            <maxpow number="0.4898631053102528"/>
            <maxpow number="0.4898631053102528"/>
            <fprob>0.0</fprob>
        </actor>
        <actor name="D0N17">
            <wcet number="0">10</wcet>
            <wcet number="1">270</wcet>
            <maxpow number="0.4035466718057775"/>
            <maxpow number="0.4035466718057775"/>
            <fprob>0.0</fprob>
        </actor>
        <actor name="D0N44">
            <wcet number="0">100</wcet>
            <wcet number="1">120</wcet>
            <maxpow number="0.36406812805556"/>
            <maxpow number="0.36406812805556"/>
            <fprob>0.0</fprob>
        </actor>
        <actor name="D0N45">
            <wcet number="0">50</wcet>
            <wcet number="1">100</wcet>
            <maxpow number="0.5829257438083643"/>
            <maxpow number="0.5829257438083643"/>
            <fprob>0.0</fprob>
        </actor>
        <actor name="D0N43">
            <wcet number="0">60</wcet>
            <wcet number="1">70</wcet>
            <maxpow number="0.6147877644776348"/>
            <maxpow number="0.6147877644776348"/>
            <fprob>0.0</fprob>
        </actor>
        <actor name="D0N8">
            <wcet number="0">210</wcet>
            <wcet number="1">300</wcet>
            <maxpow number="0.42047763886886247"/>
            <maxpow number="0.42047763886886247"/>
            <fprob>0.0</fprob>
        </actor>
        <ports>
            <port dstActor="D0N29" name="p0" srcActor="D0N19"/>
            <port dstActor="D0N41" name="p1" srcActor="D0N19"/>
            <port dstActor="D0N25" name="p2" srcActor="D0N12"/>
            <port dstActor="D0N19" name="p3" srcActor="D0N12"/>
            <port dstActor="D0N18" name="p4" srcActor="D0N12"/>
            <port dstActor="D0N22" name="p5" srcActor="D0N12"/>
            <port dstActor="D0N33" name="p6" srcActor="D0N12"/>
            <port dstActor="D0N37" name="p7" srcActor="D0N1"/>
            <port dstActor="D0N3" name="p8" srcActor="D0N1"/>
            <port dstActor="D0N8" name="p9" srcActor="D0N1"/>
            <port dstActor="D0N26" name="p10" srcActor="D0N1"/>
            <port dstActor="D0N44" name="p11" srcActor="D0N36"/>
            <port dstActor="D0N43" name="p12" srcActor="D0N36"/>
            <port dstActor="D0N27" name="p13" srcActor="D0N16"/>
            <port dstActor="D0N44" name="p14" srcActor="D0N16"/>
            <port dstActor="D0N24" name="p15" srcActor="D0N16"/>
            <port dstActor="D0N32" name="p16" srcActor="D0N27"/>
            <port dstActor="D0N26" name="p17" srcActor="D0N20"/>
            <port dstActor="D0N39" name="p18" srcActor="D0N20"/>
            <port dstActor="D0N28" name="p19" srcActor="D0N20"/>
            <port dstActor="D0N46" name="p20" srcActor="D0N20"/>
            <port dstActor="D0N40" name="p21" srcActor="D0N30"/>
            <port dstActor="D0N32" name="p22" srcActor="D0N30"/>
            <port dstActor="D0N41" name="p23" srcActor="D0N30"/>
            <port dstActor="D0N11" name="p24" srcActor="D0N3"/>
            <port dstActor="D0N13" name="p25" srcActor="D0N3"/>
            <port dstActor="D0N24" name="p26" srcActor="D0N3"/>
            <port dstActor="D0N10" name="p27" srcActor="D0N3"/>
            <port dstActor="D0N13" name="p28" srcActor="D0N9"/>
            <port dstActor="D0N11" name="p29" srcActor="D0N9"/>
            <port dstActor="D0N41" name="p30" srcActor="D0N9"/>
            <port dstActor="D0N36" name="p31" srcActor="D0N28"/>
            <port dstActor="D0N43" name="p32" srcActor="D0N28"/>
            <port dstActor="D0N37" name="p33" srcActor="D0N28"/>
            <port dstActor="D0N24" name="p34" srcActor="D0N14"/>
            <port dstActor="D0N38" name="p35" srcActor="D0N14"/>
            <port dstActor="D0N41" name="p36" srcActor="D0N14"/>
            <port dstActor="D0N45" name="p37" srcActor="D0N38"/>
            <port dstActor="D0N42" name="p38" srcActor="D0N23"/>
            <port dstActor="D0N24" name="p39" srcActor="D0N23"/>
            <port dstActor="D0N42" name="p40" srcActor="D0N22"/>
            <port dstActor="D0N31" name="p41" srcActor="D0N22"/>
            <port dstActor="D0N25" name="p42" srcActor="D0N11"/>
            <port dstActor="D0N19" name="p43" srcActor="D0N11"/>
            <port dstActor="D0N22" name="p44" srcActor="D0N11"/>
            <port dstActor="D0N10" name="p45" srcActor="D0N5"/>
            <port dstActor="D0N38" name="p46" srcActor="D0N5"/>
            <port dstActor="D0N40" name="p47" srcActor="D0N5"/>
            <port dstActor="D0N14" name="p48" srcActor="D0N5"/>
            <port dstActor="D0N26" name="p49" srcActor="D0N5"/>
            <port dstActor="D0N31" name="p50" srcActor="D0N2"/>
            <port dstActor="D0N13" name="p51" srcActor="D0N2"/>
            <port dstActor="D0N23" name="p52" srcActor="D0N2"/>
            <port dstActor="D0N29" name="p53" srcActor="D0N4"/>
            <port dstActor="D0N23" name="p54" srcActor="D0N4"/>
            <port dstActor="D0N18" name="p55" srcActor="D0N4"/>
            <port dstActor="D0N22" name="p56" srcActor="D0N4"/>
            <port dstActor="D0N18" name="p57" srcActor="D0N15"/>
            <port dstActor="D0N37" name="p58" srcActor="D0N15"/>
            <port dstActor="D0N22" name="p59" srcActor="D0N15"/>
            <port dstActor="D0N42" name="p60" srcActor="D0N15"/>
            <port dstActor="D0N32" name="p61" srcActor="D0N15"/>
            <port dstActor="D0N34" name="p62" srcActor="D0N15"/>
            <port dstActor="D0N28" name="p63" srcActor="D0N18"/>
            <port dstActor="D0N24" name="p64" srcActor="D0N18"/>
            <port dstActor="D0N40" name="p65" srcActor="D0N18"/>
            <port dstActor="D0N19" name="p66" srcActor="D0N10"/>
            <port dstActor="D0N12" name="p67" srcActor="D0N10"/>
            <port dstActor="D0N46" name="p68" srcActor="D0N10"/>
            <port dstActor="D0N26" name="p69" srcActor="D0N10"/>
            <port dstActor="D0N45" name="p70" srcActor="D0N10"/>
            <port dstActor="D0N12" name="p71" srcActor="D0N6"/>
            <port dstActor="D0N20" name="p72" srcActor="D0N6"/>
            <port dstActor="D0N11" name="p73" srcActor="D0N6"/>
            <port dstActor="D0N30" name="p74" srcActor="D0N6"/>
            <port dstActor="D0N10" name="p75" srcActor="D0N6"/>
            <port dstActor="D0N35" name="p76" srcActor="D0N29"/>
            <port dstActor="D0N46" name="p77" srcActor="D0N29"/>
            <port dstActor="D0N36" name="p78" srcActor="D0N29"/>
            <port dstActor="D0N20" name="p79" srcActor="D0N13"/>
            <port dstActor="D0N35" name="p80" srcActor="D0N13"/>
            <port dstActor="D0N37" name="p81" srcActor="D0N13"/>
            <port dstActor="D0N42" name="p82" srcActor="D0N13"/>
            <port dstActor="D0N24" name="p83" srcActor="D0N13"/>
            <port dstActor="D0N34" name="p84" srcActor="D0N24"/>
            <port dstActor="D0N42" name="p85" srcActor="D0N24"/>
            <port dstActor="D0N43" name="p86" srcActor="D0N26"/>
            <port dstActor="D0N44" name="p87" srcActor="D0N26"/>
            <port dstActor="D0N33" name="p88" srcActor="D0N7"/>
            <port dstActor="D0N40" name="p89" srcActor="D0N7"/>
            <port dstActor="D0N35" name="p90" srcActor="D0N7"/>
            <port dstActor="D0N37" name="p91" srcActor="D0N7"/>
            <port dstActor="D0N33" name="p92" srcActor="D0N25"/>
            <port dstActor="D0N28" name="p93" srcActor="D0N25"/>
            <port dstActor="D0N26" name="p94" srcActor="D0N25"/>
            <port dstActor="D0N37" name="p95" srcActor="D0N25"/>
            <port dstActor="D0N45" name="p96" srcActor="D0N25"/>
            <port dstActor="D0N31" name="p97" srcActor="D0N25"/>
            <port dstActor="D0N46" name="p98" srcActor="D0N31"/>
            <port dstActor="D0N33" name="p99" srcActor="D0N31"/>
            <port dstActor="D0N40" name="p100" srcActor="D0N31"/>
            <port dstActor="D0N39" name="p101" srcActor="D0N0"/>
            <port dstActor="D0N44" name="p102" srcActor="D0N0"/>
            <port dstActor="D0N43" name="p103" srcActor="D0N0"/>
            <port dstActor="D0N27" name="p104" srcActor="D0N0"/>
            <port dstActor="D0N30" name="p105" srcActor="D0N0"/>
            <port dstActor="D0N4" name="p106" srcActor="D0N0"/>
            <port dstActor="D0N20" name="p107" srcActor="D0N0"/>
            <port dstActor="D0N27" name="p108" srcActor="D0N17"/>
            <port dstActor="D0N46" name="p109" srcActor="D0N43"/>
            <port dstActor="D0N14" name="p110" srcActor="D0N8"/>
            <port dstActor="D0N42" name="p111" srcActor="D0N8"/>
            <port dstActor="D0N43" name="p112" srcActor="D0N8"/>
            <port dstActor="D0N22" name="p113" srcActor="D0N8"/>
        </ports>
    </mcdag>
    <cores number="3"/>
    <levels number="2"/>
</mcsystem>
