<?xml version="1.0" encoding="UTF-8" standalone="no"?>
<mcsystem>
    <mcdag deadline="1500" name="genned-0-ed-10.0-0">
        <actor name="D0N19">
            <wcet number="0">10</wcet>
            <wcet number="1">10</wcet>
            <maxpow number="0.4921675389775296"/>
            <maxpow number="0.4921675389775296"/>
            <fprob>0.0</fprob>
        </actor>
        <actor name="D0N33">
            <wcet number="0">100</wcet>
            <wcet number="1">150</wcet>
            <maxpow number="0.5897510976005736"/>
            <maxpow number="0.5897510976005736"/>
            <fprob>0.0</fprob>
        </actor>
        <actor name="D0N22">
            <wcet number="0">10</wcet>
            <wcet number="1">10</wcet>
            <maxpow number="0.45776960317677"/>
            <maxpow number="0.45776960317677"/>
            <fprob>0.0</fprob>
        </actor>
        <actor name="D0N49">
            <wcet number="0">10</wcet>
            <wcet number="1">170</wcet>
            <maxpow number="0.6924513760152375"/>
            <maxpow number="0.6924513760152375"/>
            <fprob>0.0</fprob>
        </actor>
        <actor name="D0N11">
            <wcet number="0">110</wcet>
            <wcet number="1">130</wcet>
            <maxpow number="0.5205070916397692"/>
            <maxpow number="0.5205070916397692"/>
            <fprob>0.0</fprob>
        </actor>
        <actor name="D0N23">
            <wcet number="0">20</wcet>
            <wcet number="1">30</wcet>
            <maxpow number="0.6899824654887915"/>
            <maxpow number="0.6899824654887915"/>
            <fprob>0.0</fprob>
        </actor>
        <actor name="D0N34">
            <wcet number="0">20</wcet>
            <wcet number="1">80</wcet>
            <maxpow number="0.6686173889017938"/>
            <maxpow number="0.6686173889017938"/>
            <fprob>0.0</fprob>
        </actor>
        <actor name="D0N13">
            <wcet number="0">20</wcet>
            <wcet number="1">40</wcet>
            <maxpow number="0.3435342383963209"/>
            <maxpow number="0.3435342383963209"/>
            <fprob>0.0</fprob>
        </actor>
        <actor name="D0N5">
            <wcet number="0">90</wcet>
            <wcet number="1">100</wcet>
            <maxpow number="0.8725175284866453"/>
            <maxpow number="0.8725175284866453"/>
            <fprob>0.0</fprob>
        </actor>
        <actor name="D0N36">
            <wcet number="0">20</wcet>
            <wcet number="1">150</wcet>
            <maxpow number="0.7432655373545543"/>
            <maxpow number="0.7432655373545543"/>
            <fprob>0.0</fprob>
        </actor>
        <actor name="D0N24">
            <wcet number="0">10</wcet>
            <wcet number="1">10</wcet>
            <maxpow number="0.48218516339429096"/>
            <maxpow number="0.48218516339429096"/>
            <fprob>0.0</fprob>
        </actor>
        <actor name="D0N1">
            <wcet number="0">60</wcet>
            <wcet number="1">100</wcet>
            <maxpow number="0.25923964716233955"/>
            <maxpow number="0.25923964716233955"/>
            <fprob>0.0</fprob>
        </actor>
        <actor name="D0N35">
            <wcet number="0">20</wcet>
            <wcet number="1">40</wcet>
            <maxpow number="0.34818213792067254"/>
            <maxpow number="0.34818213792067254"/>
            <fprob>0.0</fprob>
        </actor>
        <actor name="D0N3">
            <wcet number="0">50</wcet>
            <wcet number="1">90</wcet>
            <maxpow number="0.709985252860778"/>
            <maxpow number="0.709985252860778"/>
            <fprob>0.0</fprob>
        </actor>
        <actor name="D0N40">
            <wcet number="0">20</wcet>
            <wcet number="1">20</wcet>
            <maxpow number="0.7853095533875787"/>
            <maxpow number="0.7853095533875787"/>
            <fprob>0.0</fprob>
        </actor>
        <actor name="D0N44">
            <wcet number="0">10</wcet>
            <wcet number="1">30</wcet>
            <maxpow number="0.6527054472632126"/>
            <maxpow number="0.6527054472632126"/>
            <fprob>0.0</fprob>
        </actor>
        <actor name="D0N17">
            <wcet number="0">40</wcet>
            <wcet number="1">40</wcet>
            <maxpow number="0.6396115852580386"/>
            <maxpow number="0.6396115852580386"/>
            <fprob>0.0</fprob>
        </actor>
        <actor name="D0N15">
            <wcet number="0">110</wcet>
            <wcet number="1">120</wcet>
            <maxpow number="0.5724921034742343"/>
            <maxpow number="0.5724921034742343"/>
            <fprob>0.0</fprob>
        </actor>
        <actor name="D0N41">
            <wcet number="0">10</wcet>
            <wcet number="1">70</wcet>
            <maxpow number="0.7649665543734832"/>
            <maxpow number="0.7649665543734832"/>
            <fprob>0.0</fprob>
        </actor>
        <actor name="D0N6">
            <wcet number="0">50</wcet>
            <wcet number="1">100</wcet>
            <maxpow number="0.4857466117082206"/>
            <maxpow number="0.4857466117082206"/>
            <fprob>0.0</fprob>
        </actor>
        <actor name="D0N31">
            <wcet number="0">70</wcet>
            <wcet number="1">100</wcet>
            <maxpow number="0.3712095625403683"/>
            <maxpow number="0.3712095625403683"/>
            <fprob>0.0</fprob>
        </actor>
        <actor name="D0N43">
            <wcet number="0">10</wcet>
            <wcet number="1">70</wcet>
            <maxpow number="0.2794572727091892"/>
            <maxpow number="0.2794572727091892"/>
            <fprob>0.0</fprob>
        </actor>
        <actor name="D0N14">
            <wcet number="0">10</wcet>
            <wcet number="1">60</wcet>
            <maxpow number="0.6486221875473186"/>
            <maxpow number="0.6486221875473186"/>
            <fprob>0.0</fprob>
        </actor>
        <actor name="D0N21">
            <wcet number="0">90</wcet>
            <wcet number="1">200</wcet>
            <maxpow number="0.5123813623774757"/>
            <maxpow number="0.5123813623774757"/>
            <fprob>0.0</fprob>
        </actor>
        <actor name="D0N30">
            <wcet number="0">100</wcet>
            <wcet number="1">330</wcet>
            <maxpow number="0.6658902653570469"/>
            <maxpow number="0.6658902653570469"/>
            <fprob>0.0</fprob>
        </actor>
        <actor name="D0N39">
            <wcet number="0">10</wcet>
            <wcet number="1">10</wcet>
            <maxpow number="0.7050341060553755"/>
            <maxpow number="0.7050341060553755"/>
            <fprob>0.0</fprob>
        </actor>
        <actor name="D0N25">
            <wcet number="0">60</wcet>
            <wcet number="1">350</wcet>
            <maxpow number="0.44660823704393304"/>
            <maxpow number="0.44660823704393304"/>
            <fprob>0.0</fprob>
        </actor>
        <actor name="D0N28">
            <wcet number="0">30</wcet>
            <wcet number="1">30</wcet>
            <maxpow number="0.6235431583666069"/>
            <maxpow number="0.6235431583666069"/>
            <fprob>0.0</fprob>
        </actor>
        <actor name="D0N38">
            <wcet number="0">50</wcet>
            <wcet number="1">120</wcet>
            <maxpow number="0.18084208842802746"/>
            <maxpow number="0.18084208842802746"/>
            <fprob>0.0</fprob>
        </actor>
        <actor name="D0N10">
            <wcet number="0">20</wcet>
            <wcet number="1">20</wcet>
            <maxpow number="0.5262232246337641"/>
            <maxpow number="0.5262232246337641"/>
            <fprob>0.0</fprob>
        </actor>
        <actor name="D0N48">
            <wcet number="0">120</wcet>
            <wcet number="1">120</wcet>
            <maxpow number="0.6439360355837466"/>
            <maxpow number="0.6439360355837466"/>
            <fprob>0.0</fprob>
        </actor>
        <actor name="D0N47">
            <wcet number="0">10</wcet>
            <wcet number="1">160</wcet>
            <maxpow number="0.6534323539645159"/>
            <maxpow number="0.6534323539645159"/>
            <fprob>0.0</fprob>
        </actor>
        <actor name="D0N26">
            <wcet number="0">20</wcet>
            <wcet number="1">20</wcet>
            <maxpow number="0.6061909769795202"/>
            <maxpow number="0.6061909769795202"/>
            <fprob>0.0</fprob>
        </actor>
        <actor name="D0N12">
            <wcet number="0">40</wcet>
            <wcet number="1">60</wcet>
            <maxpow number="0.3968540469009406"/>
            <maxpow number="0.3968540469009406"/>
            <fprob>0.0</fprob>
        </actor>
        <actor name="D0N45">
            <wcet number="0">20</wcet>
            <wcet number="1">30</wcet>
            <maxpow number="0.6308169070385765"/>
            <maxpow number="0.6308169070385765"/>
            <fprob>0.0</fprob>
        </actor>
        <actor name="D0N29">
            <wcet number="0">10</wcet>
            <wcet number="1">10</wcet>
            <maxpow number="0.37838430919786503"/>
            <maxpow number="0.37838430919786503"/>
            <fprob>0.0</fprob>
        </actor>
        <actor name="D0N7">
            <wcet number="0">50</wcet>
            <wcet number="1">110</wcet>
            <maxpow number="0.6788899968323534"/>
            <maxpow number="0.6788899968323534"/>
            <fprob>0.0</fprob>
        </actor>
        <actor name="D0N32">
            <wcet number="0">20</wcet>
            <wcet number="1">30</wcet>
            <maxpow number="0.9985754963199912"/>
            <maxpow number="0.9985754963199912"/>
            <fprob>0.0</fprob>
        </actor>
        <actor name="D0N46">
            <wcet number="0">20</wcet>
            <wcet number="1">30</wcet>
            <maxpow number="0.35808020365252424"/>
            <maxpow number="0.35808020365252424"/>
            <fprob>0.0</fprob>
        </actor>
        <actor name="D0N27">
            <wcet number="0">20</wcet>
            <wcet number="1">50</wcet>
            <maxpow number="0.5250896007805244"/>
            <maxpow number="0.5250896007805244"/>
            <fprob>0.0</fprob>
        </actor>
        <actor name="D0N42">
            <wcet number="0">20</wcet>
            <wcet number="1">70</wcet>
            <maxpow number="0.5850567984764472"/>
            <maxpow number="0.5850567984764472"/>
            <fprob>0.0</fprob>
        </actor>
        <actor name="D0N37">
            <wcet number="0">20</wcet>
            <wcet number="1">60</wcet>
            <maxpow number="0.7000625019291883"/>
            <maxpow number="0.7000625019291883"/>
            <fprob>0.0</fprob>
        </actor>
        <actor name="D0N9">
            <wcet number="0">20</wcet>
            <wcet number="1">20</wcet>
            <maxpow number="0.7765495676985656"/>
            <maxpow number="0.7765495676985656"/>
            <fprob>0.0</fprob>
        </actor>
        <actor name="D0N4">
            <wcet number="0">20</wcet>
            <wcet number="1">20</wcet>
            <maxpow number="0.1843901035967842"/>
            <maxpow number="0.1843901035967842"/>
            <fprob>0.0</fprob>
        </actor>
        <actor name="D0N16">
            <wcet number="0">120</wcet>
            <wcet number="1">120</wcet>
            <maxpow number="0.34243127939090734"/>
            <maxpow number="0.34243127939090734"/>
            <fprob>0.0</fprob>
        </actor>
        <actor name="D0N18">
            <wcet number="0">30</wcet>
            <wcet number="1">50</wcet>
            <maxpow number="0.3746744984923973"/>
            <maxpow number="0.3746744984923973"/>
            <fprob>0.0</fprob>
        </actor>
        <actor name="D0N20">
            <wcet number="0">20</wcet>
            <wcet number="1">40</wcet>
            <maxpow number="0.3740852483154583"/>
            <maxpow number="0.3740852483154583"/>
            <fprob>0.0</fprob>
        </actor>
        <actor name="D0N2">
            <wcet number="0">90</wcet>
            <wcet number="1">110</wcet>
            <maxpow number="0.4872564468721637"/>
            <maxpow number="0.4872564468721637"/>
            <fprob>0.0</fprob>
        </actor>
        <actor name="D0N8">
            <wcet number="0">10</wcet>
            <wcet number="1">10</wcet>
            <maxpow number="0.5617302221405418"/>
            <maxpow number="0.5617302221405418"/>
            <fprob>0.0</fprob>
        </actor>
        <actor name="D0N0">
            <wcet number="0">110</wcet>
            <wcet number="1">150</wcet>
            <maxpow number="0.43038806886209413"/>
            <maxpow number="0.43038806886209413"/>
            <fprob>0.0</fprob>
        </actor>
        <ports>
            <port dstActor="D0N31" name="p0" srcActor="D0N19"/>
            <port dstActor="D0N45" name="p1" srcActor="D0N19"/>
            <port dstActor="D0N35" name="p2" srcActor="D0N19"/>
            <port dstActor="D0N25" name="p3" srcActor="D0N11"/>
            <port dstActor="D0N27" name="p4" srcActor="D0N23"/>
            <port dstActor="D0N45" name="p5" srcActor="D0N23"/>
            <port dstActor="D0N36" name="p6" srcActor="D0N34"/>
            <port dstActor="D0N23" name="p7" srcActor="D0N13"/>
            <port dstActor="D0N22" name="p8" srcActor="D0N13"/>
            <port dstActor="D0N18" name="p9" srcActor="D0N13"/>
            <port dstActor="D0N17" name="p10" srcActor="D0N5"/>
            <port dstActor="D0N21" name="p11" srcActor="D0N5"/>
            <port dstActor="D0N45" name="p12" srcActor="D0N5"/>
            <port dstActor="D0N47" name="p13" srcActor="D0N24"/>
            <port dstActor="D0N27" name="p14" srcActor="D0N24"/>
            <port dstActor="D0N38" name="p15" srcActor="D0N1"/>
            <port dstActor="D0N47" name="p16" srcActor="D0N35"/>
            <port dstActor="D0N43" name="p17" srcActor="D0N35"/>
            <port dstActor="D0N38" name="p18" srcActor="D0N3"/>
            <port dstActor="D0N47" name="p19" srcActor="D0N3"/>
            <port dstActor="D0N45" name="p20" srcActor="D0N40"/>
            <port dstActor="D0N48" name="p21" srcActor="D0N40"/>
            <port dstActor="D0N29" name="p22" srcActor="D0N17"/>
            <port dstActor="D0N23" name="p23" srcActor="D0N17"/>
            <port dstActor="D0N31" name="p24" srcActor="D0N17"/>
            <port dstActor="D0N35" name="p25" srcActor="D0N17"/>
            <port dstActor="D0N19" name="p26" srcActor="D0N17"/>
            <port dstActor="D0N37" name="p27" srcActor="D0N15"/>
            <port dstActor="D0N21" name="p28" srcActor="D0N15"/>
            <port dstActor="D0N26" name="p29" srcActor="D0N15"/>
            <port dstActor="D0N44" name="p30" srcActor="D0N41"/>
            <port dstActor="D0N47" name="p31" srcActor="D0N41"/>
            <port dstActor="D0N42" name="p32" srcActor="D0N41"/>
            <port dstActor="D0N43" name="p33" srcActor="D0N6"/>
            <port dstActor="D0N32" name="p34" srcActor="D0N6"/>
            <port dstActor="D0N38" name="p35" srcActor="D0N31"/>
            <port dstActor="D0N37" name="p36" srcActor="D0N14"/>
            <port dstActor="D0N38" name="p37" srcActor="D0N14"/>
            <port dstActor="D0N23" name="p38" srcActor="D0N14"/>
            <port dstActor="D0N35" name="p39" srcActor="D0N21"/>
            <port dstActor="D0N45" name="p40" srcActor="D0N21"/>
            <port dstActor="D0N33" name="p41" srcActor="D0N21"/>
            <port dstActor="D0N46" name="p42" srcActor="D0N21"/>
            <port dstActor="D0N47" name="p43" srcActor="D0N30"/>
            <port dstActor="D0N39" name="p44" srcActor="D0N30"/>
            <port dstActor="D0N42" name="p45" srcActor="D0N30"/>
            <port dstActor="D0N40" name="p46" srcActor="D0N30"/>
            <port dstActor="D0N49" name="p47" srcActor="D0N39"/>
            <port dstActor="D0N30" name="p48" srcActor="D0N25"/>
            <port dstActor="D0N40" name="p49" srcActor="D0N28"/>
            <port dstActor="D0N48" name="p50" srcActor="D0N28"/>
            <port dstActor="D0N26" name="p51" srcActor="D0N10"/>
            <port dstActor="D0N29" name="p52" srcActor="D0N10"/>
            <port dstActor="D0N20" name="p53" srcActor="D0N10"/>
            <port dstActor="D0N35" name="p54" srcActor="D0N10"/>
            <port dstActor="D0N41" name="p55" srcActor="D0N10"/>
            <port dstActor="D0N44" name="p56" srcActor="D0N10"/>
            <port dstActor="D0N17" name="p57" srcActor="D0N10"/>
            <port dstActor="D0N46" name="p58" srcActor="D0N26"/>
            <port dstActor="D0N27" name="p59" srcActor="D0N26"/>
            <port dstActor="D0N32" name="p60" srcActor="D0N26"/>
            <port dstActor="D0N27" name="p61" srcActor="D0N12"/>
            <port dstActor="D0N43" name="p62" srcActor="D0N12"/>
            <port dstActor="D0N32" name="p63" srcActor="D0N12"/>
            <port dstActor="D0N34" name="p64" srcActor="D0N29"/>
            <port dstActor="D0N49" name="p65" srcActor="D0N29"/>
            <port dstActor="D0N37" name="p66" srcActor="D0N29"/>
            <port dstActor="D0N43" name="p67" srcActor="D0N29"/>
            <port dstActor="D0N34" name="p68" srcActor="D0N7"/>
            <port dstActor="D0N41" name="p69" srcActor="D0N7"/>
            <port dstActor="D0N45" name="p70" srcActor="D0N7"/>
            <port dstActor="D0N46" name="p71" srcActor="D0N32"/>
            <port dstActor="D0N41" name="p72" srcActor="D0N27"/>
            <port dstActor="D0N45" name="p73" srcActor="D0N37"/>
            <port dstActor="D0N38" name="p74" srcActor="D0N37"/>
            <port dstActor="D0N39" name="p75" srcActor="D0N9"/>
            <port dstActor="D0N22" name="p76" srcActor="D0N9"/>
            <port dstActor="D0N47" name="p77" srcActor="D0N9"/>
            <port dstActor="D0N17" name="p78" srcActor="D0N9"/>
            <port dstActor="D0N48" name="p79" srcActor="D0N9"/>
            <port dstActor="D0N14" name="p80" srcActor="D0N9"/>
            <port dstActor="D0N42" name="p81" srcActor="D0N4"/>
            <port dstActor="D0N33" name="p82" srcActor="D0N4"/>
            <port dstActor="D0N26" name="p83" srcActor="D0N4"/>
            <port dstActor="D0N43" name="p84" srcActor="D0N16"/>
            <port dstActor="D0N40" name="p85" srcActor="D0N18"/>
            <port dstActor="D0N26" name="p86" srcActor="D0N18"/>
            <port dstActor="D0N41" name="p87" srcActor="D0N18"/>
            <port dstActor="D0N46" name="p88" srcActor="D0N18"/>
            <port dstActor="D0N26" name="p89" srcActor="D0N20"/>
            <port dstActor="D0N45" name="p90" srcActor="D0N20"/>
            <port dstActor="D0N42" name="p91" srcActor="D0N20"/>
            <port dstActor="D0N11" name="p92" srcActor="D0N2"/>
            <port dstActor="D0N14" name="p93" srcActor="D0N2"/>
            <port dstActor="D0N23" name="p94" srcActor="D0N2"/>
            <port dstActor="D0N33" name="p95" srcActor="D0N2"/>
            <port dstActor="D0N42" name="p96" srcActor="D0N2"/>
            <port dstActor="D0N48" name="p97" srcActor="D0N2"/>
            <port dstActor="D0N32" name="p98" srcActor="D0N8"/>
            <port dstActor="D0N29" name="p99" srcActor="D0N8"/>
            <port dstActor="D0N42" name="p100" srcActor="D0N0"/>
            <port dstActor="D0N7" name="p101" srcActor="D0N0"/>
        </ports>
    </mcdag>
    <cores number="3"/>
    <levels number="2"/>
</mcsystem>
