<?xml version="1.0" encoding="UTF-8" standalone="no"?>
<mcsystem>
    <mcdag deadline="4000" name="genned-0-ed-10.0-0">
        <actor name="D0N29">
            <wcet number="0">50</wcet>
            <wcet number="1">50</wcet>
            <maxpow number="0.5316638934935993"/>
            <maxpow number="0.5316638934935993"/>
            <fprob>0.0</fprob>
        </actor>
        <actor name="D0N21">
            <wcet number="0">150</wcet>
            <wcet number="1">250</wcet>
            <maxpow number="0.6448468544765864"/>
            <maxpow number="0.6448468544765864"/>
            <fprob>0.0</fprob>
        </actor>
        <actor name="D0N0">
            <wcet number="0">10</wcet>
            <wcet number="1">80</wcet>
            <maxpow number="0.5789877998690188"/>
            <maxpow number="0.5789877998690188"/>
            <fprob>0.0</fprob>
        </actor>
        <actor name="D0N42">
            <wcet number="0">20</wcet>
            <wcet number="1">190</wcet>
            <maxpow number="0.5413232266095589"/>
            <maxpow number="0.5413232266095589"/>
            <fprob>0.0</fprob>
        </actor>
        <actor name="D0N48">
            <wcet number="0">80</wcet>
            <wcet number="1">90</wcet>
            <maxpow number="0.5737008900950086"/>
            <maxpow number="0.5737008900950086"/>
            <fprob>0.0</fprob>
        </actor>
        <actor name="D0N13">
            <wcet number="0">60</wcet>
            <wcet number="1">70</wcet>
            <maxpow number="0.24909279434848053"/>
            <maxpow number="0.24909279434848053"/>
            <fprob>0.0</fprob>
        </actor>
        <actor name="D0N11">
            <wcet number="0">40</wcet>
            <wcet number="1">50</wcet>
            <maxpow number="0.5808436628181529"/>
            <maxpow number="0.5808436628181529"/>
            <fprob>0.0</fprob>
        </actor>
        <actor name="D0N41">
            <wcet number="0">170</wcet>
            <wcet number="1">760</wcet>
            <maxpow number="0.5317108374850094"/>
            <maxpow number="0.5317108374850094"/>
            <fprob>0.0</fprob>
        </actor>
        <actor name="D0N43">
            <wcet number="0">230</wcet>
            <wcet number="1">260</wcet>
            <maxpow number="0.7437256998772696"/>
            <maxpow number="0.7437256998772696"/>
            <fprob>0.0</fprob>
        </actor>
        <actor name="D0N8">
            <wcet number="0">160</wcet>
            <wcet number="1">180</wcet>
            <maxpow number="0.32386834003299525"/>
            <maxpow number="0.32386834003299525"/>
            <fprob>0.0</fprob>
        </actor>
        <actor name="D0N45">
            <wcet number="0">150</wcet>
            <wcet number="1">150</wcet>
            <maxpow number="0.5673964161622447"/>
            <maxpow number="0.5673964161622447"/>
            <fprob>0.0</fprob>
        </actor>
        <actor name="D0N36">
            <wcet number="0">340</wcet>
            <wcet number="1">380</wcet>
            <maxpow number="0.5440043624771802"/>
            <maxpow number="0.5440043624771802"/>
            <fprob>0.0</fprob>
        </actor>
        <actor name="D0N40">
            <wcet number="0">10</wcet>
            <wcet number="1">20</wcet>
            <maxpow number="0.5205009626782416"/>
            <maxpow number="0.5205009626782416"/>
            <fprob>0.0</fprob>
        </actor>
        <actor name="D0N46">
            <wcet number="0">80</wcet>
            <wcet number="1">180</wcet>
            <maxpow number="0.7838199212508781"/>
            <maxpow number="0.7838199212508781"/>
            <fprob>0.0</fprob>
        </actor>
        <actor name="D0N47">
            <wcet number="0">60</wcet>
            <wcet number="1">70</wcet>
            <maxpow number="0.39637016205500586"/>
            <maxpow number="0.39637016205500586"/>
            <fprob>0.0</fprob>
        </actor>
        <actor name="D0N14">
            <wcet number="0">10</wcet>
            <wcet number="1">40</wcet>
            <maxpow number="0.8922966611349459"/>
            <maxpow number="0.8922966611349459"/>
            <fprob>0.0</fprob>
        </actor>
        <actor name="D0N22">
            <wcet number="0">110</wcet>
            <wcet number="1">120</wcet>
            <maxpow number="0.6036281763960615"/>
            <maxpow number="0.6036281763960615"/>
            <fprob>0.0</fprob>
        </actor>
        <actor name="D0N30">
            <wcet number="0">120</wcet>
            <wcet number="1">180</wcet>
            <maxpow number="0.7781434304692683"/>
            <maxpow number="0.7781434304692683"/>
            <fprob>0.0</fprob>
        </actor>
        <actor name="D0N37">
            <wcet number="0">100</wcet>
            <wcet number="1">280</wcet>
            <maxpow number="0.6424772952287379"/>
            <maxpow number="0.6424772952287379"/>
            <fprob>0.0</fprob>
        </actor>
        <actor name="D0N4">
            <wcet number="0">80</wcet>
            <wcet number="1">100</wcet>
            <maxpow number="0.5552934198309873"/>
            <maxpow number="0.5552934198309873"/>
            <fprob>0.0</fprob>
        </actor>
        <actor name="D0N17">
            <wcet number="0">10</wcet>
            <wcet number="1">40</wcet>
            <maxpow number="0.5232971388120758"/>
            <maxpow number="0.5232971388120758"/>
            <fprob>0.0</fprob>
        </actor>
        <actor name="D0N39">
            <wcet number="0">330</wcet>
            <wcet number="1">610</wcet>
            <maxpow number="0.6299380891878005"/>
            <maxpow number="0.6299380891878005"/>
            <fprob>0.0</fprob>
        </actor>
        <actor name="D0N27">
            <wcet number="0">50</wcet>
            <wcet number="1">160</wcet>
            <maxpow number="0.6940313267858405"/>
            <maxpow number="0.6940313267858405"/>
            <fprob>0.0</fprob>
        </actor>
        <actor name="D0N31">
            <wcet number="0">10</wcet>
            <wcet number="1">10</wcet>
            <maxpow number="0.8189469231880948"/>
            <maxpow number="0.8189469231880948"/>
            <fprob>0.0</fprob>
        </actor>
        <actor name="D0N34">
            <wcet number="0">100</wcet>
            <wcet number="1">220</wcet>
            <maxpow number="0.39115039191048107"/>
            <maxpow number="0.39115039191048107"/>
            <fprob>0.0</fprob>
        </actor>
        <actor name="D0N2">
            <wcet number="0">30</wcet>
            <wcet number="1">60</wcet>
            <maxpow number="0.43000466786831815"/>
            <maxpow number="0.43000466786831815"/>
            <fprob>0.0</fprob>
        </actor>
        <actor name="D0N35">
            <wcet number="0">60</wcet>
            <wcet number="1">70</wcet>
            <maxpow number="0.6610571028838722"/>
            <maxpow number="0.6610571028838722"/>
            <fprob>0.0</fprob>
        </actor>
        <actor name="D0N5">
            <wcet number="0">40</wcet>
            <wcet number="1">130</wcet>
            <maxpow number="0.5125354350326453"/>
            <maxpow number="0.5125354350326453"/>
            <fprob>0.0</fprob>
        </actor>
        <actor name="D0N32">
            <wcet number="0">130</wcet>
            <wcet number="1">210</wcet>
            <maxpow number="0.7240367125449045"/>
            <maxpow number="0.7240367125449045"/>
            <fprob>0.0</fprob>
        </actor>
        <actor name="D0N38">
            <wcet number="0">10</wcet>
            <wcet number="1">120</wcet>
            <maxpow number="0.650294632077468"/>
            <maxpow number="0.650294632077468"/>
            <fprob>0.0</fprob>
        </actor>
        <actor name="D0N6">
            <wcet number="0">10</wcet>
            <wcet number="1">10</wcet>
            <maxpow number="0.43405925645149895"/>
            <maxpow number="0.43405925645149895"/>
            <fprob>0.0</fprob>
        </actor>
        <actor name="D0N16">
            <wcet number="0">60</wcet>
            <wcet number="1">60</wcet>
            <maxpow number="0.5700687807009197"/>
            <maxpow number="0.5700687807009197"/>
            <fprob>0.0</fprob>
        </actor>
        <actor name="D0N20">
            <wcet number="0">20</wcet>
            <wcet number="1">410</wcet>
            <maxpow number="0.4984093177247949"/>
            <maxpow number="0.4984093177247949"/>
            <fprob>0.0</fprob>
        </actor>
        <actor name="D0N26">
            <wcet number="0">10</wcet>
            <wcet number="1">10</wcet>
            <maxpow number="0.46786566758765913"/>
            <maxpow number="0.46786566758765913"/>
            <fprob>0.0</fprob>
        </actor>
        <actor name="D0N23">
            <wcet number="0">10</wcet>
            <wcet number="1">20</wcet>
            <maxpow number="0.6839995803873747"/>
            <maxpow number="0.6839995803873747"/>
            <fprob>0.0</fprob>
        </actor>
        <actor name="D0N33">
            <wcet number="0">20</wcet>
            <wcet number="1">150</wcet>
            <maxpow number="0.6496327631523875"/>
            <maxpow number="0.6496327631523875"/>
            <fprob>0.0</fprob>
        </actor>
        <actor name="D0N7">
            <wcet number="0">160</wcet>
            <wcet number="1">200</wcet>
            <maxpow number="0.5678467916458176"/>
            <maxpow number="0.5678467916458176"/>
            <fprob>0.0</fprob>
        </actor>
        <actor name="D0N24">
            <wcet number="0">50</wcet>
            <wcet number="1">60</wcet>
            <maxpow number="0.551704511894181"/>
            <maxpow number="0.551704511894181"/>
            <fprob>0.0</fprob>
        </actor>
        <actor name="D0N44">
            <wcet number="0">320</wcet>
            <wcet number="1">360</wcet>
            <maxpow number="0.33937777116487666"/>
            <maxpow number="0.33937777116487666"/>
            <fprob>0.0</fprob>
        </actor>
        <actor name="D0N12">
            <wcet number="0">470</wcet>
            <wcet number="1">640</wcet>
            <maxpow number="0.6951883642580394"/>
            <maxpow number="0.6951883642580394"/>
            <fprob>0.0</fprob>
        </actor>
        <actor name="D0N15">
            <wcet number="0">30</wcet>
            <wcet number="1">50</wcet>
            <maxpow number="0.6767190563937805"/>
            <maxpow number="0.6767190563937805"/>
            <fprob>0.0</fprob>
        </actor>
        <actor name="D0N10">
            <wcet number="0">180</wcet>
            <wcet number="1">180</wcet>
            <maxpow number="0.6813274437076512"/>
            <maxpow number="0.6813274437076512"/>
            <fprob>0.0</fprob>
        </actor>
        <actor name="D0N18">
            <wcet number="0">10</wcet>
            <wcet number="1">20</wcet>
            <maxpow number="0.47293200378550965"/>
            <maxpow number="0.47293200378550965"/>
            <fprob>0.0</fprob>
        </actor>
        <actor name="D0N9">
            <wcet number="0">30</wcet>
            <wcet number="1">180</wcet>
            <maxpow number="0.40404356364014177"/>
            <maxpow number="0.40404356364014177"/>
            <fprob>0.0</fprob>
        </actor>
        <actor name="D0N28">
            <wcet number="0">90</wcet>
            <wcet number="1">100</wcet>
            <maxpow number="0.7116458793760626"/>
            <maxpow number="0.7116458793760626"/>
            <fprob>0.0</fprob>
        </actor>
        <actor name="D0N3">
            <wcet number="0">10</wcet>
            <wcet number="1">10</wcet>
            <maxpow number="0.6864502053911257"/>
            <maxpow number="0.6864502053911257"/>
            <fprob>0.0</fprob>
        </actor>
        <actor name="D0N19">
            <wcet number="0">40</wcet>
            <wcet number="1">100</wcet>
            <maxpow number="0.3114431815761275"/>
            <maxpow number="0.3114431815761275"/>
            <fprob>0.0</fprob>
        </actor>
        <actor name="D0N1">
            <wcet number="0">160</wcet>
            <wcet number="1">690</wcet>
            <maxpow number="0.7885164487892244"/>
            <maxpow number="0.7885164487892244"/>
            <fprob>0.0</fprob>
        </actor>
        <actor name="D0N25">
            <wcet number="0">10</wcet>
            <wcet number="1">20</wcet>
            <maxpow number="0.6883485529973792"/>
            <maxpow number="0.6883485529973792"/>
            <fprob>0.0</fprob>
        </actor>
        <ports>
            <port dstActor="D0N36" name="p0" srcActor="D0N21"/>
            <port dstActor="D0N34" name="p1" srcActor="D0N21"/>
            <port dstActor="D0N33" name="p2" srcActor="D0N21"/>
            <port dstActor="D0N26" name="p3" srcActor="D0N0"/>
            <port dstActor="D0N21" name="p4" srcActor="D0N0"/>
            <port dstActor="D0N22" name="p5" srcActor="D0N0"/>
            <port dstActor="D0N12" name="p6" srcActor="D0N0"/>
            <port dstActor="D0N42" name="p7" srcActor="D0N0"/>
            <port dstActor="D0N10" name="p8" srcActor="D0N0"/>
            <port dstActor="D0N29" name="p9" srcActor="D0N0"/>
            <port dstActor="D0N43" name="p10" srcActor="D0N0"/>
            <port dstActor="D0N23" name="p11" srcActor="D0N0"/>
            <port dstActor="D0N44" name="p12" srcActor="D0N0"/>
            <port dstActor="D0N16" name="p13" srcActor="D0N0"/>
            <port dstActor="D0N21" name="p14" srcActor="D0N13"/>
            <port dstActor="D0N18" name="p15" srcActor="D0N13"/>
            <port dstActor="D0N22" name="p16" srcActor="D0N13"/>
            <port dstActor="D0N35" name="p17" srcActor="D0N13"/>
            <port dstActor="D0N16" name="p18" srcActor="D0N11"/>
            <port dstActor="D0N13" name="p19" srcActor="D0N11"/>
            <port dstActor="D0N25" name="p20" srcActor="D0N11"/>
            <port dstActor="D0N40" name="p21" srcActor="D0N11"/>
            <port dstActor="D0N46" name="p22" srcActor="D0N43"/>
            <port dstActor="D0N44" name="p23" srcActor="D0N8"/>
            <port dstActor="D0N40" name="p24" srcActor="D0N8"/>
            <port dstActor="D0N38" name="p25" srcActor="D0N8"/>
            <port dstActor="D0N46" name="p26" srcActor="D0N45"/>
            <port dstActor="D0N39" name="p27" srcActor="D0N36"/>
            <port dstActor="D0N36" name="p28" srcActor="D0N14"/>
            <port dstActor="D0N21" name="p29" srcActor="D0N14"/>
            <port dstActor="D0N16" name="p30" srcActor="D0N14"/>
            <port dstActor="D0N33" name="p31" srcActor="D0N22"/>
            <port dstActor="D0N34" name="p32" srcActor="D0N22"/>
            <port dstActor="D0N42" name="p33" srcActor="D0N30"/>
            <port dstActor="D0N48" name="p34" srcActor="D0N30"/>
            <port dstActor="D0N9" name="p35" srcActor="D0N4"/>
            <port dstActor="D0N17" name="p36" srcActor="D0N4"/>
            <port dstActor="D0N27" name="p37" srcActor="D0N17"/>
            <port dstActor="D0N29" name="p38" srcActor="D0N17"/>
            <port dstActor="D0N44" name="p39" srcActor="D0N17"/>
            <port dstActor="D0N44" name="p40" srcActor="D0N39"/>
            <port dstActor="D0N38" name="p41" srcActor="D0N31"/>
            <port dstActor="D0N43" name="p42" srcActor="D0N34"/>
            <port dstActor="D0N35" name="p43" srcActor="D0N34"/>
            <port dstActor="D0N44" name="p44" srcActor="D0N34"/>
            <port dstActor="D0N6" name="p45" srcActor="D0N2"/>
            <port dstActor="D0N43" name="p46" srcActor="D0N2"/>
            <port dstActor="D0N20" name="p47" srcActor="D0N2"/>
            <port dstActor="D0N8" name="p48" srcActor="D0N2"/>
            <port dstActor="D0N26" name="p49" srcActor="D0N2"/>
            <port dstActor="D0N47" name="p50" srcActor="D0N35"/>
            <port dstActor="D0N45" name="p51" srcActor="D0N5"/>
            <port dstActor="D0N8" name="p52" srcActor="D0N5"/>
            <port dstActor="D0N42" name="p53" srcActor="D0N5"/>
            <port dstActor="D0N25" name="p54" srcActor="D0N5"/>
            <port dstActor="D0N26" name="p55" srcActor="D0N5"/>
            <port dstActor="D0N43" name="p56" srcActor="D0N38"/>
            <port dstActor="D0N30" name="p57" srcActor="D0N6"/>
            <port dstActor="D0N23" name="p58" srcActor="D0N6"/>
            <port dstActor="D0N13" name="p59" srcActor="D0N6"/>
            <port dstActor="D0N36" name="p60" srcActor="D0N16"/>
            <port dstActor="D0N18" name="p61" srcActor="D0N16"/>
            <port dstActor="D0N40" name="p62" srcActor="D0N16"/>
            <port dstActor="D0N39" name="p63" srcActor="D0N16"/>
            <port dstActor="D0N33" name="p64" srcActor="D0N16"/>
            <port dstActor="D0N35" name="p65" srcActor="D0N20"/>
            <port dstActor="D0N38" name="p66" srcActor="D0N20"/>
            <port dstActor="D0N44" name="p67" srcActor="D0N20"/>
            <port dstActor="D0N29" name="p68" srcActor="D0N26"/>
            <port dstActor="D0N46" name="p69" srcActor="D0N26"/>
            <port dstActor="D0N36" name="p70" srcActor="D0N26"/>
            <port dstActor="D0N48" name="p71" srcActor="D0N26"/>
            <port dstActor="D0N37" name="p72" srcActor="D0N23"/>
            <port dstActor="D0N34" name="p73" srcActor="D0N23"/>
            <port dstActor="D0N43" name="p74" srcActor="D0N33"/>
            <port dstActor="D0N42" name="p75" srcActor="D0N33"/>
            <port dstActor="D0N41" name="p76" srcActor="D0N33"/>
            <port dstActor="D0N11" name="p77" srcActor="D0N7"/>
            <port dstActor="D0N17" name="p78" srcActor="D0N7"/>
            <port dstActor="D0N47" name="p79" srcActor="D0N7"/>
            <port dstActor="D0N39" name="p80" srcActor="D0N24"/>
            <port dstActor="D0N45" name="p81" srcActor="D0N24"/>
            <port dstActor="D0N28" name="p82" srcActor="D0N24"/>
            <port dstActor="D0N40" name="p83" srcActor="D0N24"/>
            <port dstActor="D0N46" name="p84" srcActor="D0N44"/>
            <port dstActor="D0N18" name="p85" srcActor="D0N12"/>
            <port dstActor="D0N28" name="p86" srcActor="D0N12"/>
            <port dstActor="D0N38" name="p87" srcActor="D0N12"/>
            <port dstActor="D0N14" name="p88" srcActor="D0N12"/>
            <port dstActor="D0N21" name="p89" srcActor="D0N12"/>
            <port dstActor="D0N30" name="p90" srcActor="D0N15"/>
            <port dstActor="D0N34" name="p91" srcActor="D0N15"/>
            <port dstActor="D0N33" name="p92" srcActor="D0N15"/>
            <port dstActor="D0N28" name="p93" srcActor="D0N15"/>
            <port dstActor="D0N22" name="p94" srcActor="D0N10"/>
            <port dstActor="D0N43" name="p95" srcActor="D0N10"/>
            <port dstActor="D0N29" name="p96" srcActor="D0N10"/>
            <port dstActor="D0N48" name="p97" srcActor="D0N10"/>
            <port dstActor="D0N19" name="p98" srcActor="D0N18"/>
            <port dstActor="D0N36" name="p99" srcActor="D0N9"/>
            <port dstActor="D0N11" name="p100" srcActor="D0N9"/>
            <port dstActor="D0N27" name="p101" srcActor="D0N9"/>
            <port dstActor="D0N38" name="p102" srcActor="D0N9"/>
            <port dstActor="D0N48" name="p103" srcActor="D0N9"/>
            <port dstActor="D0N43" name="p104" srcActor="D0N28"/>
            <port dstActor="D0N32" name="p105" srcActor="D0N28"/>
            <port dstActor="D0N39" name="p106" srcActor="D0N28"/>
            <port dstActor="D0N14" name="p107" srcActor="D0N3"/>
            <port dstActor="D0N41" name="p108" srcActor="D0N3"/>
            <port dstActor="D0N19" name="p109" srcActor="D0N3"/>
            <port dstActor="D0N27" name="p110" srcActor="D0N3"/>
            <port dstActor="D0N43" name="p111" srcActor="D0N1"/>
            <port dstActor="D0N11" name="p112" srcActor="D0N1"/>
            <port dstActor="D0N34" name="p113" srcActor="D0N1"/>
            <port dstActor="D0N8" name="p114" srcActor="D0N1"/>
            <port dstActor="D0N23" name="p115" srcActor="D0N1"/>
            <port dstActor="D0N30" name="p116" srcActor="D0N25"/>
            <port dstActor="D0N40" name="p117" srcActor="D0N25"/>
            <port dstActor="D0N27" name="p118" srcActor="D0N25"/>
        </ports>
    </mcdag>
    <cores number="3"/>
    <levels number="2"/>
</mcsystem>
