<?xml version="1.0" encoding="UTF-8" standalone="no"?>
<mcsystem>
    <mcdag deadline="2200" name="genned-0-ed-10.0-0">
        <actor name="D0N34">
            <wcet number="0">140</wcet>
            <wcet number="1">210</wcet>
            <maxpow number="0.2775205563253801"/>
            <maxpow number="0.2775205563253801"/>
            <fprob>0.0</fprob>
        </actor>
        <actor name="D0N14">
            <wcet number="0">100</wcet>
            <wcet number="1">130</wcet>
            <maxpow number="0.5706311178873111"/>
            <maxpow number="0.5706311178873111"/>
            <fprob>0.0</fprob>
        </actor>
        <actor name="D0N4">
            <wcet number="0">10</wcet>
            <wcet number="1">20</wcet>
            <maxpow number="0.6058380042987189"/>
            <maxpow number="0.6058380042987189"/>
            <fprob>0.0</fprob>
        </actor>
        <actor name="D0N10">
            <wcet number="0">90</wcet>
            <wcet number="1">130</wcet>
            <maxpow number="0.4363485270184757"/>
            <maxpow number="0.4363485270184757"/>
            <fprob>0.0</fprob>
        </actor>
        <actor name="D0N26">
            <wcet number="0">30</wcet>
            <wcet number="1">30</wcet>
            <maxpow number="0.6990311564067195"/>
            <maxpow number="0.6990311564067195"/>
            <fprob>0.0</fprob>
        </actor>
        <actor name="D0N25">
            <wcet number="0">10</wcet>
            <wcet number="1">110</wcet>
            <maxpow number="0.3604103389845218"/>
            <maxpow number="0.3604103389845218"/>
            <fprob>0.0</fprob>
        </actor>
        <actor name="D0N29">
            <wcet number="0">70</wcet>
            <wcet number="1">340</wcet>
            <maxpow number="0.6756559184058758"/>
            <maxpow number="0.6756559184058758"/>
            <fprob>0.0</fprob>
        </actor>
        <actor name="D0N21">
            <wcet number="0">50</wcet>
            <wcet number="1">50</wcet>
            <maxpow number="0.7480630961306526"/>
            <maxpow number="0.7480630961306526"/>
            <fprob>0.0</fprob>
        </actor>
        <actor name="D0N24">
            <wcet number="0">230</wcet>
            <wcet number="1">310</wcet>
            <maxpow number="0.4332206941058156"/>
            <maxpow number="0.4332206941058156"/>
            <fprob>0.0</fprob>
        </actor>
        <actor name="D0N33">
            <wcet number="0">60</wcet>
            <wcet number="1">190</wcet>
            <maxpow number="0.7411152393696228"/>
            <maxpow number="0.7411152393696228"/>
            <fprob>0.0</fprob>
        </actor>
        <actor name="D0N30">
            <wcet number="0">40</wcet>
            <wcet number="1">50</wcet>
            <maxpow number="0.6363876444006364"/>
            <maxpow number="0.6363876444006364"/>
            <fprob>0.0</fprob>
        </actor>
        <actor name="D0N8">
            <wcet number="0">10</wcet>
            <wcet number="1">10</wcet>
            <maxpow number="0.53755142002313"/>
            <maxpow number="0.53755142002313"/>
            <fprob>0.0</fprob>
        </actor>
        <actor name="D0N42">
            <wcet number="0">10</wcet>
            <wcet number="1">20</wcet>
            <maxpow number="0.7183893171383369"/>
            <maxpow number="0.7183893171383369"/>
            <fprob>0.0</fprob>
        </actor>
        <actor name="D0N47">
            <wcet number="0">10</wcet>
            <wcet number="1">140</wcet>
            <maxpow number="0.609861330536915"/>
            <maxpow number="0.609861330536915"/>
            <fprob>0.0</fprob>
        </actor>
        <actor name="D0N27">
            <wcet number="0">20</wcet>
            <wcet number="1">30</wcet>
            <maxpow number="0.46418573960237747"/>
            <maxpow number="0.46418573960237747"/>
            <fprob>0.0</fprob>
        </actor>
        <actor name="D0N13">
            <wcet number="0">100</wcet>
            <wcet number="1">100</wcet>
            <maxpow number="0.12739788796033125"/>
            <maxpow number="0.12739788796033125"/>
            <fprob>0.0</fprob>
        </actor>
        <actor name="D0N36">
            <wcet number="0">20</wcet>
            <wcet number="1">30</wcet>
            <maxpow number="0.5228846327452807"/>
            <maxpow number="0.5228846327452807"/>
            <fprob>0.0</fprob>
        </actor>
        <actor name="D0N2">
            <wcet number="0">80</wcet>
            <wcet number="1">90</wcet>
            <maxpow number="0.8379720681452156"/>
            <maxpow number="0.8379720681452156"/>
            <fprob>0.0</fprob>
        </actor>
        <actor name="D0N46">
            <wcet number="0">10</wcet>
            <wcet number="1">20</wcet>
            <maxpow number="0.5508518521534992"/>
            <maxpow number="0.5508518521534992"/>
            <fprob>0.0</fprob>
        </actor>
        <actor name="D0N9">
            <wcet number="0">10</wcet>
            <wcet number="1">10</wcet>
            <maxpow number="0.08362584511305354"/>
            <maxpow number="0.08362584511305354"/>
            <fprob>0.0</fprob>
        </actor>
        <actor name="D0N41">
            <wcet number="0">20</wcet>
            <wcet number="1">130</wcet>
            <maxpow number="0.12580770869257324"/>
            <maxpow number="0.12580770869257324"/>
            <fprob>0.0</fprob>
        </actor>
        <actor name="D0N49">
            <wcet number="0">10</wcet>
            <wcet number="1">60</wcet>
            <maxpow number="0.6605993630074575"/>
            <maxpow number="0.6605993630074575"/>
            <fprob>0.0</fprob>
        </actor>
        <actor name="D0N39">
            <wcet number="0">20</wcet>
            <wcet number="1">80</wcet>
            <maxpow number="0.8117830051997911"/>
            <maxpow number="0.8117830051997911"/>
            <fprob>0.0</fprob>
        </actor>
        <actor name="D0N11">
            <wcet number="0">100</wcet>
            <wcet number="1">260</wcet>
            <maxpow number="0.5889646146552866"/>
            <maxpow number="0.5889646146552866"/>
            <fprob>0.0</fprob>
        </actor>
        <actor name="D0N44">
            <wcet number="0">120</wcet>
            <wcet number="1">180</wcet>
            <maxpow number="0.3856542974461253"/>
            <maxpow number="0.3856542974461253"/>
            <fprob>0.0</fprob>
        </actor>
        <actor name="D0N12">
            <wcet number="0">120</wcet>
            <wcet number="1">150</wcet>
            <maxpow number="0.39025343839040566"/>
            <maxpow number="0.39025343839040566"/>
            <fprob>0.0</fprob>
        </actor>
        <actor name="D0N5">
            <wcet number="0">50</wcet>
            <wcet number="1">210</wcet>
            <maxpow number="0.14042123598698053"/>
            <maxpow number="0.14042123598698053"/>
            <fprob>0.0</fprob>
        </actor>
        <actor name="D0N22">
            <wcet number="0">100</wcet>
            <wcet number="1">130</wcet>
            <maxpow number="0.9412615887873805"/>
            <maxpow number="0.9412615887873805"/>
            <fprob>0.0</fprob>
        </actor>
        <actor name="D0N18">
            <wcet number="0">130</wcet>
            <wcet number="1">170</wcet>
            <maxpow number="0.7681500124545301"/>
            <maxpow number="0.7681500124545301"/>
            <fprob>0.0</fprob>
        </actor>
        <actor name="D0N15">
            <wcet number="0">10</wcet>
            <wcet number="1">130</wcet>
            <maxpow number="0.6096390348382953"/>
            <maxpow number="0.6096390348382953"/>
            <fprob>0.0</fprob>
        </actor>
        <actor name="D0N16">
            <wcet number="0">60</wcet>
            <wcet number="1">100</wcet>
            <maxpow number="0.21097597098286003"/>
            <maxpow number="0.21097597098286003"/>
            <fprob>0.0</fprob>
        </actor>
        <actor name="D0N20">
            <wcet number="0">60</wcet>
            <wcet number="1">60</wcet>
            <maxpow number="0.7504206464598487"/>
            <maxpow number="0.7504206464598487"/>
            <fprob>0.0</fprob>
        </actor>
        <actor name="D0N43">
            <wcet number="0">50</wcet>
            <wcet number="1">60</wcet>
            <maxpow number="0.3414484469140955"/>
            <maxpow number="0.3414484469140955"/>
            <fprob>0.0</fprob>
        </actor>
        <actor name="D0N7">
            <wcet number="0">10</wcet>
            <wcet number="1">40</wcet>
            <maxpow number="0.6512047530658889"/>
            <maxpow number="0.6512047530658889"/>
            <fprob>0.0</fprob>
        </actor>
        <actor name="D0N23">
            <wcet number="0">130</wcet>
            <wcet number="1">130</wcet>
            <maxpow number="0.2761145620184486"/>
            <maxpow number="0.2761145620184486"/>
            <fprob>0.0</fprob>
        </actor>
        <actor name="D0N17">
            <wcet number="0">20</wcet>
            <wcet number="1">30</wcet>
            <maxpow number="0.713071694145414"/>
            <maxpow number="0.713071694145414"/>
            <fprob>0.0</fprob>
        </actor>
        <actor name="D0N31">
            <wcet number="0">100</wcet>
            <wcet number="1">120</wcet>
            <maxpow number="0.2730228869457297"/>
            <maxpow number="0.2730228869457297"/>
            <fprob>0.0</fprob>
        </actor>
        <actor name="D0N19">
            <wcet number="0">20</wcet>
            <wcet number="1">60</wcet>
            <maxpow number="0.6446846090755658"/>
            <maxpow number="0.6446846090755658"/>
            <fprob>0.0</fprob>
        </actor>
        <actor name="D0N28">
            <wcet number="0">30</wcet>
            <wcet number="1">110</wcet>
            <maxpow number="0.41389486718121826"/>
            <maxpow number="0.41389486718121826"/>
            <fprob>0.0</fprob>
        </actor>
        <actor name="D0N45">
            <wcet number="0">20</wcet>
            <wcet number="1">30</wcet>
            <maxpow number="0.6432688498544258"/>
            <maxpow number="0.6432688498544258"/>
            <fprob>0.0</fprob>
        </actor>
        <actor name="D0N6">
            <wcet number="0">90</wcet>
            <wcet number="1">210</wcet>
            <maxpow number="0.8924033576561268"/>
            <maxpow number="0.8924033576561268"/>
            <fprob>0.0</fprob>
        </actor>
        <actor name="D0N0">
            <wcet number="0">100</wcet>
            <wcet number="1">100</wcet>
            <maxpow number="0.803358496601668"/>
            <maxpow number="0.803358496601668"/>
            <fprob>0.0</fprob>
        </actor>
        <actor name="D0N35">
            <wcet number="0">70</wcet>
            <wcet number="1">90</wcet>
            <maxpow number="0.7064703386821558"/>
            <maxpow number="0.7064703386821558"/>
            <fprob>0.0</fprob>
        </actor>
        <actor name="D0N48">
            <wcet number="0">60</wcet>
            <wcet number="1">60</wcet>
            <maxpow number="0.6916356191441717"/>
            <maxpow number="0.6916356191441717"/>
            <fprob>0.0</fprob>
        </actor>
        <actor name="D0N37">
            <wcet number="0">10</wcet>
            <wcet number="1">60</wcet>
            <maxpow number="0.5799273862897193"/>
            <maxpow number="0.5799273862897193"/>
            <fprob>0.0</fprob>
        </actor>
        <actor name="D0N38">
            <wcet number="0">40</wcet>
            <wcet number="1">90</wcet>
            <maxpow number="0.6294136438069324"/>
            <maxpow number="0.6294136438069324"/>
            <fprob>0.0</fprob>
        </actor>
        <actor name="D0N1">
            <wcet number="0">30</wcet>
            <wcet number="1">50</wcet>
            <maxpow number="0.4265137001635373"/>
            <maxpow number="0.4265137001635373"/>
            <fprob>0.0</fprob>
        </actor>
        <actor name="D0N32">
            <wcet number="0">120</wcet>
            <wcet number="1">120</wcet>
            <maxpow number="0.32656004244741044"/>
            <maxpow number="0.32656004244741044"/>
            <fprob>0.0</fprob>
        </actor>
        <actor name="D0N40">
            <wcet number="0">10</wcet>
            <wcet number="1">110</wcet>
            <maxpow number="0.8744410005779346"/>
            <maxpow number="0.8744410005779346"/>
            <fprob>0.0</fprob>
        </actor>
        <actor name="D0N3">
            <wcet number="0">340</wcet>
            <wcet number="1">570</wcet>
            <maxpow number="0.8416740839964738"/>
            <maxpow number="0.8416740839964738"/>
            <fprob>0.0</fprob>
        </actor>
        <ports>
            <port dstActor="D0N44" name="p0" srcActor="D0N14"/>
            <port dstActor="D0N43" name="p1" srcActor="D0N14"/>
            <port dstActor="D0N42" name="p2" srcActor="D0N14"/>
            <port dstActor="D0N37" name="p3" srcActor="D0N14"/>
            <port dstActor="D0N38" name="p4" srcActor="D0N4"/>
            <port dstActor="D0N48" name="p5" srcActor="D0N4"/>
            <port dstActor="D0N40" name="p6" srcActor="D0N4"/>
            <port dstActor="D0N27" name="p7" srcActor="D0N10"/>
            <port dstActor="D0N37" name="p8" srcActor="D0N10"/>
            <port dstActor="D0N38" name="p9" srcActor="D0N10"/>
            <port dstActor="D0N43" name="p10" srcActor="D0N26"/>
            <port dstActor="D0N37" name="p11" srcActor="D0N26"/>
            <port dstActor="D0N28" name="p12" srcActor="D0N25"/>
            <port dstActor="D0N48" name="p13" srcActor="D0N25"/>
            <port dstActor="D0N42" name="p14" srcActor="D0N29"/>
            <port dstActor="D0N31" name="p15" srcActor="D0N29"/>
            <port dstActor="D0N45" name="p16" srcActor="D0N29"/>
            <port dstActor="D0N34" name="p17" srcActor="D0N29"/>
            <port dstActor="D0N46" name="p18" srcActor="D0N29"/>
            <port dstActor="D0N46" name="p19" srcActor="D0N21"/>
            <port dstActor="D0N41" name="p20" srcActor="D0N21"/>
            <port dstActor="D0N35" name="p21" srcActor="D0N21"/>
            <port dstActor="D0N30" name="p22" srcActor="D0N21"/>
            <port dstActor="D0N25" name="p23" srcActor="D0N24"/>
            <port dstActor="D0N40" name="p24" srcActor="D0N24"/>
            <port dstActor="D0N26" name="p25" srcActor="D0N24"/>
            <port dstActor="D0N49" name="p26" srcActor="D0N24"/>
            <port dstActor="D0N38" name="p27" srcActor="D0N33"/>
            <port dstActor="D0N41" name="p28" srcActor="D0N30"/>
            <port dstActor="D0N23" name="p29" srcActor="D0N8"/>
            <port dstActor="D0N36" name="p30" srcActor="D0N8"/>
            <port dstActor="D0N49" name="p31" srcActor="D0N8"/>
            <port dstActor="D0N34" name="p32" srcActor="D0N8"/>
            <port dstActor="D0N32" name="p33" srcActor="D0N27"/>
            <port dstActor="D0N36" name="p34" srcActor="D0N13"/>
            <port dstActor="D0N41" name="p35" srcActor="D0N13"/>
            <port dstActor="D0N20" name="p36" srcActor="D0N13"/>
            <port dstActor="D0N31" name="p37" srcActor="D0N2"/>
            <port dstActor="D0N9" name="p38" srcActor="D0N2"/>
            <port dstActor="D0N35" name="p39" srcActor="D0N2"/>
            <port dstActor="D0N7" name="p40" srcActor="D0N2"/>
            <port dstActor="D0N16" name="p41" srcActor="D0N9"/>
            <port dstActor="D0N14" name="p42" srcActor="D0N9"/>
            <port dstActor="D0N41" name="p43" srcActor="D0N9"/>
            <port dstActor="D0N13" name="p44" srcActor="D0N11"/>
            <port dstActor="D0N34" name="p45" srcActor="D0N11"/>
            <port dstActor="D0N33" name="p46" srcActor="D0N11"/>
            <port dstActor="D0N32" name="p47" srcActor="D0N11"/>
            <port dstActor="D0N21" name="p48" srcActor="D0N11"/>
            <port dstActor="D0N26" name="p49" srcActor="D0N11"/>
            <port dstActor="D0N15" name="p50" srcActor="D0N11"/>
            <port dstActor="D0N22" name="p51" srcActor="D0N11"/>
            <port dstActor="D0N28" name="p52" srcActor="D0N12"/>
            <port dstActor="D0N33" name="p53" srcActor="D0N12"/>
            <port dstActor="D0N22" name="p54" srcActor="D0N12"/>
            <port dstActor="D0N45" name="p55" srcActor="D0N12"/>
            <port dstActor="D0N13" name="p56" srcActor="D0N5"/>
            <port dstActor="D0N32" name="p57" srcActor="D0N5"/>
            <port dstActor="D0N35" name="p58" srcActor="D0N5"/>
            <port dstActor="D0N39" name="p59" srcActor="D0N5"/>
            <port dstActor="D0N45" name="p60" srcActor="D0N5"/>
            <port dstActor="D0N37" name="p61" srcActor="D0N22"/>
            <port dstActor="D0N20" name="p62" srcActor="D0N18"/>
            <port dstActor="D0N23" name="p63" srcActor="D0N18"/>
            <port dstActor="D0N16" name="p64" srcActor="D0N15"/>
            <port dstActor="D0N45" name="p65" srcActor="D0N15"/>
            <port dstActor="D0N33" name="p66" srcActor="D0N15"/>
            <port dstActor="D0N38" name="p67" srcActor="D0N15"/>
            <port dstActor="D0N23" name="p68" srcActor="D0N15"/>
            <port dstActor="D0N28" name="p69" srcActor="D0N16"/>
            <port dstActor="D0N29" name="p70" srcActor="D0N16"/>
            <port dstActor="D0N33" name="p71" srcActor="D0N16"/>
            <port dstActor="D0N49" name="p72" srcActor="D0N16"/>
            <port dstActor="D0N28" name="p73" srcActor="D0N20"/>
            <port dstActor="D0N20" name="p74" srcActor="D0N7"/>
            <port dstActor="D0N49" name="p75" srcActor="D0N7"/>
            <port dstActor="D0N36" name="p76" srcActor="D0N7"/>
            <port dstActor="D0N33" name="p77" srcActor="D0N23"/>
            <port dstActor="D0N24" name="p78" srcActor="D0N23"/>
            <port dstActor="D0N44" name="p79" srcActor="D0N23"/>
            <port dstActor="D0N40" name="p80" srcActor="D0N17"/>
            <port dstActor="D0N42" name="p81" srcActor="D0N17"/>
            <port dstActor="D0N28" name="p82" srcActor="D0N17"/>
            <port dstActor="D0N30" name="p83" srcActor="D0N17"/>
            <port dstActor="D0N49" name="p84" srcActor="D0N31"/>
            <port dstActor="D0N45" name="p85" srcActor="D0N31"/>
            <port dstActor="D0N40" name="p86" srcActor="D0N31"/>
            <port dstActor="D0N42" name="p87" srcActor="D0N31"/>
            <port dstActor="D0N46" name="p88" srcActor="D0N31"/>
            <port dstActor="D0N20" name="p89" srcActor="D0N19"/>
            <port dstActor="D0N39" name="p90" srcActor="D0N19"/>
            <port dstActor="D0N47" name="p91" srcActor="D0N19"/>
            <port dstActor="D0N49" name="p92" srcActor="D0N28"/>
            <port dstActor="D0N12" name="p93" srcActor="D0N6"/>
            <port dstActor="D0N17" name="p94" srcActor="D0N6"/>
            <port dstActor="D0N46" name="p95" srcActor="D0N6"/>
            <port dstActor="D0N42" name="p96" srcActor="D0N6"/>
            <port dstActor="D0N43" name="p97" srcActor="D0N6"/>
            <port dstActor="D0N8" name="p98" srcActor="D0N6"/>
            <port dstActor="D0N40" name="p99" srcActor="D0N6"/>
            <port dstActor="D0N32" name="p100" srcActor="D0N0"/>
            <port dstActor="D0N35" name="p101" srcActor="D0N0"/>
            <port dstActor="D0N11" name="p102" srcActor="D0N0"/>
            <port dstActor="D0N33" name="p103" srcActor="D0N0"/>
            <port dstActor="D0N21" name="p104" srcActor="D0N0"/>
            <port dstActor="D0N48" name="p105" srcActor="D0N0"/>
            <port dstActor="D0N9" name="p106" srcActor="D0N0"/>
            <port dstActor="D0N48" name="p107" srcActor="D0N35"/>
            <port dstActor="D0N46" name="p108" srcActor="D0N37"/>
            <port dstActor="D0N41" name="p109" srcActor="D0N38"/>
            <port dstActor="D0N42" name="p110" srcActor="D0N38"/>
            <port dstActor="D0N46" name="p111" srcActor="D0N38"/>
            <port dstActor="D0N32" name="p112" srcActor="D0N1"/>
            <port dstActor="D0N38" name="p113" srcActor="D0N1"/>
            <port dstActor="D0N13" name="p114" srcActor="D0N1"/>
            <port dstActor="D0N39" name="p115" srcActor="D0N1"/>
            <port dstActor="D0N49" name="p116" srcActor="D0N32"/>
            <port dstActor="D0N48" name="p117" srcActor="D0N32"/>
            <port dstActor="D0N45" name="p118" srcActor="D0N32"/>
            <port dstActor="D0N8" name="p119" srcActor="D0N3"/>
            <port dstActor="D0N48" name="p120" srcActor="D0N3"/>
            <port dstActor="D0N16" name="p121" srcActor="D0N3"/>
            <port dstActor="D0N9" name="p122" srcActor="D0N3"/>
        </ports>
    </mcdag>
    <cores number="3"/>
    <levels number="2"/>
</mcsystem>
