<?xml version="1.0" encoding="UTF-8" standalone="no"?>
<mcsystem>
    <mcdag deadline="1000" name="genned-0-ed-10.0-0">
        <actor name="D0N16">
            <wcet number="0">10</wcet>
            <wcet number="1">10</wcet>
            <maxpow number="0.4798669871663509"/>
            <maxpow number="0.4798669871663509"/>
            <fprob>0.0</fprob>
        </actor>
        <actor name="D0N7">
            <wcet number="0">10</wcet>
            <wcet number="1">10</wcet>
            <maxpow number="0.5259119451847643"/>
            <maxpow number="0.5259119451847643"/>
            <fprob>0.0</fprob>
        </actor>
        <actor name="D0N10">
            <wcet number="0">30</wcet>
            <wcet number="1">40</wcet>
            <maxpow number="0.6018896236016333"/>
            <maxpow number="0.6018896236016333"/>
            <fprob>0.0</fprob>
        </actor>
        <actor name="D0N33">
            <wcet number="0">10</wcet>
            <wcet number="1">10</wcet>
            <maxpow number="0.467661822737865"/>
            <maxpow number="0.467661822737865"/>
            <fprob>0.0</fprob>
        </actor>
        <actor name="D0N42">
            <wcet number="0">30</wcet>
            <wcet number="1">110</wcet>
            <maxpow number="0.2589992285098707"/>
            <maxpow number="0.2589992285098707"/>
            <fprob>0.0</fprob>
        </actor>
        <actor name="D0N23">
            <wcet number="0">20</wcet>
            <wcet number="1">20</wcet>
            <maxpow number="0.5882090922884979"/>
            <maxpow number="0.5882090922884979"/>
            <fprob>0.0</fprob>
        </actor>
        <actor name="D0N4">
            <wcet number="0">10</wcet>
            <wcet number="1">10</wcet>
            <maxpow number="0.7017278157794967"/>
            <maxpow number="0.7017278157794967"/>
            <fprob>0.0</fprob>
        </actor>
        <actor name="D0N38">
            <wcet number="0">20</wcet>
            <wcet number="1">30</wcet>
            <maxpow number="0.44941040634398877"/>
            <maxpow number="0.44941040634398877"/>
            <fprob>0.0</fprob>
        </actor>
        <actor name="D0N26">
            <wcet number="0">10</wcet>
            <wcet number="1">10</wcet>
            <maxpow number="0.3107444746476024"/>
            <maxpow number="0.3107444746476024"/>
            <fprob>0.0</fprob>
        </actor>
        <actor name="D0N17">
            <wcet number="0">30</wcet>
            <wcet number="1">60</wcet>
            <maxpow number="0.41757850089971604"/>
            <maxpow number="0.41757850089971604"/>
            <fprob>0.0</fprob>
        </actor>
        <actor name="D0N29">
            <wcet number="0">10</wcet>
            <wcet number="1">100</wcet>
            <maxpow number="0.390924863860113"/>
            <maxpow number="0.390924863860113"/>
            <fprob>0.0</fprob>
        </actor>
        <actor name="D0N13">
            <wcet number="0">10</wcet>
            <wcet number="1">90</wcet>
            <maxpow number="0.5261509607687113"/>
            <maxpow number="0.5261509607687113"/>
            <fprob>0.0</fprob>
        </actor>
        <actor name="D0N25">
            <wcet number="0">10</wcet>
            <wcet number="1">10</wcet>
            <maxpow number="0.6620019118227951"/>
            <maxpow number="0.6620019118227951"/>
            <fprob>0.0</fprob>
        </actor>
        <actor name="D0N19">
            <wcet number="0">10</wcet>
            <wcet number="1">50</wcet>
            <maxpow number="0.5512311684189162"/>
            <maxpow number="0.5512311684189162"/>
            <fprob>0.0</fprob>
        </actor>
        <actor name="D0N27">
            <wcet number="0">60</wcet>
            <wcet number="1">70</wcet>
            <maxpow number="0.5386530028151607"/>
            <maxpow number="0.5386530028151607"/>
            <fprob>0.0</fprob>
        </actor>
        <actor name="D0N40">
            <wcet number="0">10</wcet>
            <wcet number="1">10</wcet>
            <maxpow number="0.4727412768312624"/>
            <maxpow number="0.4727412768312624"/>
            <fprob>0.0</fprob>
        </actor>
        <actor name="D0N6">
            <wcet number="0">50</wcet>
            <wcet number="1">50</wcet>
            <maxpow number="0.6654031210496116"/>
            <maxpow number="0.6654031210496116"/>
            <fprob>0.0</fprob>
        </actor>
        <actor name="D0N12">
            <wcet number="0">10</wcet>
            <wcet number="1">20</wcet>
            <maxpow number="0.5871581304413337"/>
            <maxpow number="0.5871581304413337"/>
            <fprob>0.0</fprob>
        </actor>
        <actor name="D0N8">
            <wcet number="0">10</wcet>
            <wcet number="1">50</wcet>
            <maxpow number="0.3486359668158445"/>
            <maxpow number="0.3486359668158445"/>
            <fprob>0.0</fprob>
        </actor>
        <actor name="D0N18">
            <wcet number="0">20</wcet>
            <wcet number="1">20</wcet>
            <maxpow number="0.567961253484272"/>
            <maxpow number="0.567961253484272"/>
            <fprob>0.0</fprob>
        </actor>
        <actor name="D0N9">
            <wcet number="0">50</wcet>
            <wcet number="1">70</wcet>
            <maxpow number="0.7802557806482823"/>
            <maxpow number="0.7802557806482823"/>
            <fprob>0.0</fprob>
        </actor>
        <actor name="D0N5">
            <wcet number="0">100</wcet>
            <wcet number="1">100</wcet>
            <maxpow number="0.6532858840840468"/>
            <maxpow number="0.6532858840840468"/>
            <fprob>0.0</fprob>
        </actor>
        <actor name="D0N39">
            <wcet number="0">30</wcet>
            <wcet number="1">30</wcet>
            <maxpow number="0.7048543468484065"/>
            <maxpow number="0.7048543468484065"/>
            <fprob>0.0</fprob>
        </actor>
        <actor name="D0N0">
            <wcet number="0">80</wcet>
            <wcet number="1">80</wcet>
            <maxpow number="0.40344363505640596"/>
            <maxpow number="0.40344363505640596"/>
            <fprob>0.0</fprob>
        </actor>
        <actor name="D0N20">
            <wcet number="0">20</wcet>
            <wcet number="1">20</wcet>
            <maxpow number="0.5011748549967968"/>
            <maxpow number="0.5011748549967968"/>
            <fprob>0.0</fprob>
        </actor>
        <actor name="D0N36">
            <wcet number="0">10</wcet>
            <wcet number="1">20</wcet>
            <maxpow number="0.5953690766976469"/>
            <maxpow number="0.5953690766976469"/>
            <fprob>0.0</fprob>
        </actor>
        <actor name="D0N2">
            <wcet number="0">30</wcet>
            <wcet number="1">50</wcet>
            <maxpow number="0.5945399874283787"/>
            <maxpow number="0.5945399874283787"/>
            <fprob>0.0</fprob>
        </actor>
        <actor name="D0N31">
            <wcet number="0">10</wcet>
            <wcet number="1">10</wcet>
            <maxpow number="0.6706765731802214"/>
            <maxpow number="0.6706765731802214"/>
            <fprob>0.0</fprob>
        </actor>
        <actor name="D0N22">
            <wcet number="0">20</wcet>
            <wcet number="1">30</wcet>
            <maxpow number="0.6930228929515057"/>
            <maxpow number="0.6930228929515057"/>
            <fprob>0.0</fprob>
        </actor>
        <actor name="D0N37">
            <wcet number="0">30</wcet>
            <wcet number="1">30</wcet>
            <maxpow number="0.45495584133324124"/>
            <maxpow number="0.45495584133324124"/>
            <fprob>0.0</fprob>
        </actor>
        <actor name="D0N11">
            <wcet number="0">100</wcet>
            <wcet number="1">100</wcet>
            <maxpow number="0.46845992261363656"/>
            <maxpow number="0.46845992261363656"/>
            <fprob>0.0</fprob>
        </actor>
        <actor name="D0N43">
            <wcet number="0">20</wcet>
            <wcet number="1">90</wcet>
            <maxpow number="0.3523225031863627"/>
            <maxpow number="0.3523225031863627"/>
            <fprob>0.0</fprob>
        </actor>
        <actor name="D0N14">
            <wcet number="0">10</wcet>
            <wcet number="1">10</wcet>
            <maxpow number="0.532300914571057"/>
            <maxpow number="0.532300914571057"/>
            <fprob>0.0</fprob>
        </actor>
        <actor name="D0N21">
            <wcet number="0">10</wcet>
            <wcet number="1">70</wcet>
            <maxpow number="0.6312661491313554"/>
            <maxpow number="0.6312661491313554"/>
            <fprob>0.0</fprob>
        </actor>
        <actor name="D0N34">
            <wcet number="0">10</wcet>
            <wcet number="1">20</wcet>
            <maxpow number="0.4735560099465768"/>
            <maxpow number="0.4735560099465768"/>
            <fprob>0.0</fprob>
        </actor>
        <actor name="D0N28">
            <wcet number="0">10</wcet>
            <wcet number="1">10</wcet>
            <maxpow number="0.4697897261312805"/>
            <maxpow number="0.4697897261312805"/>
            <fprob>0.0</fprob>
        </actor>
        <actor name="D0N30">
            <wcet number="0">10</wcet>
            <wcet number="1">10</wcet>
            <maxpow number="0.3696901871799477"/>
            <maxpow number="0.3696901871799477"/>
            <fprob>0.0</fprob>
        </actor>
        <actor name="D0N35">
            <wcet number="0">20</wcet>
            <wcet number="1">50</wcet>
            <maxpow number="0.558763665101688"/>
            <maxpow number="0.558763665101688"/>
            <fprob>0.0</fprob>
        </actor>
        <actor name="D0N1">
            <wcet number="0">10</wcet>
            <wcet number="1">20</wcet>
            <maxpow number="0.5521358310163212"/>
            <maxpow number="0.5521358310163212"/>
            <fprob>0.0</fprob>
        </actor>
        <actor name="D0N24">
            <wcet number="0">10</wcet>
            <wcet number="1">10</wcet>
            <maxpow number="0.4004998697177601"/>
            <maxpow number="0.4004998697177601"/>
            <fprob>0.0</fprob>
        </actor>
        <actor name="D0N3">
            <wcet number="0">10</wcet>
            <wcet number="1">10</wcet>
            <maxpow number="0.5907459851080121"/>
            <maxpow number="0.5907459851080121"/>
            <fprob>0.0</fprob>
        </actor>
        <actor name="D0N44">
            <wcet number="0">10</wcet>
            <wcet number="1">10</wcet>
            <maxpow number="0.6012400275895396"/>
            <maxpow number="0.6012400275895396"/>
            <fprob>0.0</fprob>
        </actor>
        <actor name="D0N15">
            <wcet number="0">10</wcet>
            <wcet number="1">10</wcet>
            <maxpow number="0.5336791437688904"/>
            <maxpow number="0.5336791437688904"/>
            <fprob>0.0</fprob>
        </actor>
        <actor name="D0N32">
            <wcet number="0">400</wcet>
            <wcet number="1">400</wcet>
            <maxpow number="0.632615267515039"/>
            <maxpow number="0.632615267515039"/>
            <fprob>0.0</fprob>
        </actor>
        <actor name="D0N41">
            <wcet number="0">50</wcet>
            <wcet number="1">60</wcet>
            <maxpow number="0.5185480533779686"/>
            <maxpow number="0.5185480533779686"/>
            <fprob>0.0</fprob>
        </actor>
        <ports>
            <port dstActor="D0N42" name="p0" srcActor="D0N16"/>
            <port dstActor="D0N44" name="p1" srcActor="D0N16"/>
            <port dstActor="D0N34" name="p2" srcActor="D0N16"/>
            <port dstActor="D0N39" name="p3" srcActor="D0N16"/>
            <port dstActor="D0N24" name="p4" srcActor="D0N7"/>
            <port dstActor="D0N27" name="p5" srcActor="D0N7"/>
            <port dstActor="D0N44" name="p6" srcActor="D0N7"/>
            <port dstActor="D0N25" name="p7" srcActor="D0N7"/>
            <port dstActor="D0N41" name="p8" srcActor="D0N10"/>
            <port dstActor="D0N26" name="p9" srcActor="D0N10"/>
            <port dstActor="D0N15" name="p10" srcActor="D0N10"/>
            <port dstActor="D0N43" name="p11" srcActor="D0N10"/>
            <port dstActor="D0N29" name="p12" srcActor="D0N10"/>
            <port dstActor="D0N40" name="p13" srcActor="D0N33"/>
            <port dstActor="D0N35" name="p14" srcActor="D0N23"/>
            <port dstActor="D0N31" name="p15" srcActor="D0N23"/>
            <port dstActor="D0N40" name="p16" srcActor="D0N23"/>
            <port dstActor="D0N6" name="p17" srcActor="D0N4"/>
            <port dstActor="D0N37" name="p18" srcActor="D0N4"/>
            <port dstActor="D0N20" name="p19" srcActor="D0N4"/>
            <port dstActor="D0N10" name="p20" srcActor="D0N4"/>
            <port dstActor="D0N19" name="p21" srcActor="D0N4"/>
            <port dstActor="D0N42" name="p22" srcActor="D0N38"/>
            <port dstActor="D0N29" name="p23" srcActor="D0N26"/>
            <port dstActor="D0N39" name="p24" srcActor="D0N26"/>
            <port dstActor="D0N33" name="p25" srcActor="D0N26"/>
            <port dstActor="D0N40" name="p26" srcActor="D0N17"/>
            <port dstActor="D0N31" name="p27" srcActor="D0N17"/>
            <port dstActor="D0N42" name="p28" srcActor="D0N17"/>
            <port dstActor="D0N23" name="p29" srcActor="D0N17"/>
            <port dstActor="D0N38" name="p30" srcActor="D0N17"/>
            <port dstActor="D0N27" name="p31" srcActor="D0N17"/>
            <port dstActor="D0N21" name="p32" srcActor="D0N17"/>
            <port dstActor="D0N40" name="p33" srcActor="D0N29"/>
            <port dstActor="D0N42" name="p34" srcActor="D0N29"/>
            <port dstActor="D0N44" name="p35" srcActor="D0N13"/>
            <port dstActor="D0N30" name="p36" srcActor="D0N13"/>
            <port dstActor="D0N22" name="p37" srcActor="D0N13"/>
            <port dstActor="D0N37" name="p38" srcActor="D0N25"/>
            <port dstActor="D0N39" name="p39" srcActor="D0N25"/>
            <port dstActor="D0N36" name="p40" srcActor="D0N25"/>
            <port dstActor="D0N33" name="p41" srcActor="D0N19"/>
            <port dstActor="D0N30" name="p42" srcActor="D0N19"/>
            <port dstActor="D0N40" name="p43" srcActor="D0N19"/>
            <port dstActor="D0N35" name="p44" srcActor="D0N27"/>
            <port dstActor="D0N30" name="p45" srcActor="D0N6"/>
            <port dstActor="D0N15" name="p46" srcActor="D0N6"/>
            <port dstActor="D0N44" name="p47" srcActor="D0N6"/>
            <port dstActor="D0N14" name="p48" srcActor="D0N12"/>
            <port dstActor="D0N37" name="p49" srcActor="D0N12"/>
            <port dstActor="D0N13" name="p50" srcActor="D0N12"/>
            <port dstActor="D0N26" name="p51" srcActor="D0N12"/>
            <port dstActor="D0N17" name="p52" srcActor="D0N8"/>
            <port dstActor="D0N31" name="p53" srcActor="D0N8"/>
            <port dstActor="D0N44" name="p54" srcActor="D0N8"/>
            <port dstActor="D0N24" name="p55" srcActor="D0N8"/>
            <port dstActor="D0N22" name="p56" srcActor="D0N9"/>
            <port dstActor="D0N40" name="p57" srcActor="D0N9"/>
            <port dstActor="D0N12" name="p58" srcActor="D0N9"/>
            <port dstActor="D0N12" name="p59" srcActor="D0N5"/>
            <port dstActor="D0N23" name="p60" srcActor="D0N5"/>
            <port dstActor="D0N25" name="p61" srcActor="D0N5"/>
            <port dstActor="D0N15" name="p62" srcActor="D0N5"/>
            <port dstActor="D0N11" name="p63" srcActor="D0N5"/>
            <port dstActor="D0N11" name="p64" srcActor="D0N0"/>
            <port dstActor="D0N4" name="p65" srcActor="D0N0"/>
            <port dstActor="D0N8" name="p66" srcActor="D0N0"/>
            <port dstActor="D0N34" name="p67" srcActor="D0N20"/>
            <port dstActor="D0N33" name="p68" srcActor="D0N20"/>
            <port dstActor="D0N44" name="p69" srcActor="D0N36"/>
            <port dstActor="D0N31" name="p70" srcActor="D0N2"/>
            <port dstActor="D0N33" name="p71" srcActor="D0N2"/>
            <port dstActor="D0N18" name="p72" srcActor="D0N2"/>
            <port dstActor="D0N4" name="p73" srcActor="D0N2"/>
            <port dstActor="D0N44" name="p74" srcActor="D0N2"/>
            <port dstActor="D0N38" name="p75" srcActor="D0N2"/>
            <port dstActor="D0N31" name="p76" srcActor="D0N22"/>
            <port dstActor="D0N13" name="p77" srcActor="D0N11"/>
            <port dstActor="D0N29" name="p78" srcActor="D0N11"/>
            <port dstActor="D0N27" name="p79" srcActor="D0N11"/>
            <port dstActor="D0N21" name="p80" srcActor="D0N11"/>
            <port dstActor="D0N22" name="p81" srcActor="D0N11"/>
            <port dstActor="D0N38" name="p82" srcActor="D0N14"/>
            <port dstActor="D0N41" name="p83" srcActor="D0N14"/>
            <port dstActor="D0N24" name="p84" srcActor="D0N14"/>
            <port dstActor="D0N43" name="p85" srcActor="D0N14"/>
            <port dstActor="D0N33" name="p86" srcActor="D0N21"/>
            <port dstActor="D0N22" name="p87" srcActor="D0N21"/>
            <port dstActor="D0N37" name="p88" srcActor="D0N34"/>
            <port dstActor="D0N44" name="p89" srcActor="D0N28"/>
            <port dstActor="D0N31" name="p90" srcActor="D0N30"/>
            <port dstActor="D0N32" name="p91" srcActor="D0N30"/>
            <port dstActor="D0N37" name="p92" srcActor="D0N1"/>
            <port dstActor="D0N39" name="p93" srcActor="D0N1"/>
            <port dstActor="D0N36" name="p94" srcActor="D0N1"/>
            <port dstActor="D0N26" name="p95" srcActor="D0N24"/>
            <port dstActor="D0N38" name="p96" srcActor="D0N24"/>
            <port dstActor="D0N39" name="p97" srcActor="D0N24"/>
            <port dstActor="D0N43" name="p98" srcActor="D0N3"/>
            <port dstActor="D0N4" name="p99" srcActor="D0N3"/>
            <port dstActor="D0N41" name="p100" srcActor="D0N3"/>
            <port dstActor="D0N27" name="p101" srcActor="D0N3"/>
            <port dstActor="D0N36" name="p102" srcActor="D0N15"/>
            <port dstActor="D0N31" name="p103" srcActor="D0N15"/>
            <port dstActor="D0N40" name="p104" srcActor="D0N15"/>
            <port dstActor="D0N33" name="p105" srcActor="D0N15"/>
            <port dstActor="D0N42" name="p106" srcActor="D0N32"/>
        </ports>
    </mcdag>
    <cores number="3"/>
    <levels number="2"/>
</mcsystem>
