<?xml version="1.0" encoding="UTF-8" standalone="no"?>
<mcsystem>
    <mcdag deadline="4000" name="genned-0-ed-10.0-0">
        <actor name="D0N25">
            <wcet number="0">70</wcet>
            <wcet number="1">200</wcet>
            <maxpow number="0.5671417320530796"/>
            <maxpow number="0.5671417320530796"/>
            <fprob>0.0</fprob>
        </actor>
        <actor name="D0N28">
            <wcet number="0">170</wcet>
            <wcet number="1">270</wcet>
            <maxpow number="0.43689333928854607"/>
            <maxpow number="0.43689333928854607"/>
            <fprob>0.0</fprob>
        </actor>
        <actor name="D0N44">
            <wcet number="0">20</wcet>
            <wcet number="1">40</wcet>
            <maxpow number="0.7135022520084136"/>
            <maxpow number="0.7135022520084136"/>
            <fprob>0.0</fprob>
        </actor>
        <actor name="D0N29">
            <wcet number="0">70</wcet>
            <wcet number="1">120</wcet>
            <maxpow number="0.36213111273943355"/>
            <maxpow number="0.36213111273943355"/>
            <fprob>0.0</fprob>
        </actor>
        <actor name="D0N7">
            <wcet number="0">170</wcet>
            <wcet number="1">210</wcet>
            <maxpow number="0.2389530072491366"/>
            <maxpow number="0.2389530072491366"/>
            <fprob>0.0</fprob>
        </actor>
        <actor name="D0N36">
            <wcet number="0">200</wcet>
            <wcet number="1">270</wcet>
            <maxpow number="0.6963669455067566"/>
            <maxpow number="0.6963669455067566"/>
            <fprob>0.0</fprob>
        </actor>
        <actor name="D0N24">
            <wcet number="0">100</wcet>
            <wcet number="1">340</wcet>
            <maxpow number="0.675834055057355"/>
            <maxpow number="0.675834055057355"/>
            <fprob>0.0</fprob>
        </actor>
        <actor name="D0N37">
            <wcet number="0">100</wcet>
            <wcet number="1">420</wcet>
            <maxpow number="0.6289228202146965"/>
            <maxpow number="0.6289228202146965"/>
            <fprob>0.0</fprob>
        </actor>
        <actor name="D0N9">
            <wcet number="0">30</wcet>
            <wcet number="1">170</wcet>
            <maxpow number="0.5857017344100282"/>
            <maxpow number="0.5857017344100282"/>
            <fprob>0.0</fprob>
        </actor>
        <actor name="D0N40">
            <wcet number="0">40</wcet>
            <wcet number="1">130</wcet>
            <maxpow number="0.5222545649030209"/>
            <maxpow number="0.5222545649030209"/>
            <fprob>0.0</fprob>
        </actor>
        <actor name="D0N12">
            <wcet number="0">10</wcet>
            <wcet number="1">50</wcet>
            <maxpow number="0.6365277673448454"/>
            <maxpow number="0.6365277673448454"/>
            <fprob>0.0</fprob>
        </actor>
        <actor name="D0N46">
            <wcet number="0">80</wcet>
            <wcet number="1">200</wcet>
            <maxpow number="0.42195035582763185"/>
            <maxpow number="0.42195035582763185"/>
            <fprob>0.0</fprob>
        </actor>
        <actor name="D0N41">
            <wcet number="0">10</wcet>
            <wcet number="1">100</wcet>
            <maxpow number="0.7782853891481532"/>
            <maxpow number="0.7782853891481532"/>
            <fprob>0.0</fprob>
        </actor>
        <actor name="D0N23">
            <wcet number="0">30</wcet>
            <wcet number="1">50</wcet>
            <maxpow number="0.6089036847339545"/>
            <maxpow number="0.6089036847339545"/>
            <fprob>0.0</fprob>
        </actor>
        <actor name="D0N20">
            <wcet number="0">220</wcet>
            <wcet number="1">330</wcet>
            <maxpow number="0.7039585890080702"/>
            <maxpow number="0.7039585890080702"/>
            <fprob>0.0</fprob>
        </actor>
        <actor name="D0N42">
            <wcet number="0">10</wcet>
            <wcet number="1">510</wcet>
            <maxpow number="0.3142741746276107"/>
            <maxpow number="0.3142741746276107"/>
            <fprob>0.0</fprob>
        </actor>
        <actor name="D0N15">
            <wcet number="0">140</wcet>
            <wcet number="1">170</wcet>
            <maxpow number="0.4754793936196229"/>
            <maxpow number="0.4754793936196229"/>
            <fprob>0.0</fprob>
        </actor>
        <actor name="D0N17">
            <wcet number="0">160</wcet>
            <wcet number="1">950</wcet>
            <maxpow number="0.49144700146181086"/>
            <maxpow number="0.49144700146181086"/>
            <fprob>0.0</fprob>
        </actor>
        <actor name="D0N35">
            <wcet number="0">30</wcet>
            <wcet number="1">50</wcet>
            <maxpow number="0.4558015359837716"/>
            <maxpow number="0.4558015359837716"/>
            <fprob>0.0</fprob>
        </actor>
        <actor name="D0N19">
            <wcet number="0">150</wcet>
            <wcet number="1">260</wcet>
            <maxpow number="0.7452903360188097"/>
            <maxpow number="0.7452903360188097"/>
            <fprob>0.0</fprob>
        </actor>
        <actor name="D0N11">
            <wcet number="0">10</wcet>
            <wcet number="1">10</wcet>
            <maxpow number="0.08088556532996877"/>
            <maxpow number="0.08088556532996877"/>
            <fprob>0.0</fprob>
        </actor>
        <actor name="D0N13">
            <wcet number="0">80</wcet>
            <wcet number="1">100</wcet>
            <maxpow number="0.5285477837356437"/>
            <maxpow number="0.5285477837356437"/>
            <fprob>0.0</fprob>
        </actor>
        <actor name="D0N47">
            <wcet number="0">20</wcet>
            <wcet number="1">130</wcet>
            <maxpow number="0.6111712424339822"/>
            <maxpow number="0.6111712424339822"/>
            <fprob>0.0</fprob>
        </actor>
        <actor name="D0N8">
            <wcet number="0">10</wcet>
            <wcet number="1">120</wcet>
            <maxpow number="0.635128798385165"/>
            <maxpow number="0.635128798385165"/>
            <fprob>0.0</fprob>
        </actor>
        <actor name="D0N48">
            <wcet number="0">20</wcet>
            <wcet number="1">20</wcet>
            <maxpow number="0.6044624109527102"/>
            <maxpow number="0.6044624109527102"/>
            <fprob>0.0</fprob>
        </actor>
        <actor name="D0N10">
            <wcet number="0">70</wcet>
            <wcet number="1">80</wcet>
            <maxpow number="0.749965507705161"/>
            <maxpow number="0.749965507705161"/>
            <fprob>0.0</fprob>
        </actor>
        <actor name="D0N21">
            <wcet number="0">500</wcet>
            <wcet number="1">550</wcet>
            <maxpow number="0.3797925738061041"/>
            <maxpow number="0.3797925738061041"/>
            <fprob>0.0</fprob>
        </actor>
        <actor name="D0N22">
            <wcet number="0">80</wcet>
            <wcet number="1">160</wcet>
            <maxpow number="0.5737192512048666"/>
            <maxpow number="0.5737192512048666"/>
            <fprob>0.0</fprob>
        </actor>
        <actor name="D0N6">
            <wcet number="0">320</wcet>
            <wcet number="1">440</wcet>
            <maxpow number="0.3988961594081163"/>
            <maxpow number="0.3988961594081163"/>
            <fprob>0.0</fprob>
        </actor>
        <actor name="D0N39">
            <wcet number="0">10</wcet>
            <wcet number="1">20</wcet>
            <maxpow number="0.9350773885600678"/>
            <maxpow number="0.9350773885600678"/>
            <fprob>0.0</fprob>
        </actor>
        <actor name="D0N30">
            <wcet number="0">200</wcet>
            <wcet number="1">230</wcet>
            <maxpow number="0.6403820971215214"/>
            <maxpow number="0.6403820971215214"/>
            <fprob>0.0</fprob>
        </actor>
        <actor name="D0N3">
            <wcet number="0">60</wcet>
            <wcet number="1">180</wcet>
            <maxpow number="0.7574021306932861"/>
            <maxpow number="0.7574021306932861"/>
            <fprob>0.0</fprob>
        </actor>
        <actor name="D0N49">
            <wcet number="0">30</wcet>
            <wcet number="1">110</wcet>
            <maxpow number="0.4684603241168129"/>
            <maxpow number="0.4684603241168129"/>
            <fprob>0.0</fprob>
        </actor>
        <actor name="D0N5">
            <wcet number="0">590</wcet>
            <wcet number="1">630</wcet>
            <maxpow number="0.3305380938020874"/>
            <maxpow number="0.3305380938020874"/>
            <fprob>0.0</fprob>
        </actor>
        <actor name="D0N32">
            <wcet number="0">80</wcet>
            <wcet number="1">150</wcet>
            <maxpow number="0.5952625253124159"/>
            <maxpow number="0.5952625253124159"/>
            <fprob>0.0</fprob>
        </actor>
        <actor name="D0N14">
            <wcet number="0">30</wcet>
            <wcet number="1">130</wcet>
            <maxpow number="0.5858033194709396"/>
            <maxpow number="0.5858033194709396"/>
            <fprob>0.0</fprob>
        </actor>
        <actor name="D0N16">
            <wcet number="0">40</wcet>
            <wcet number="1">50</wcet>
            <maxpow number="0.3752638632243252"/>
            <maxpow number="0.3752638632243252"/>
            <fprob>0.0</fprob>
        </actor>
        <actor name="D0N38">
            <wcet number="0">30</wcet>
            <wcet number="1">40</wcet>
            <maxpow number="0.5966123811532171"/>
            <maxpow number="0.5966123811532171"/>
            <fprob>0.0</fprob>
        </actor>
        <actor name="D0N1">
            <wcet number="0">290</wcet>
            <wcet number="1">420</wcet>
            <maxpow number="0.5119396216410403"/>
            <maxpow number="0.5119396216410403"/>
            <fprob>0.0</fprob>
        </actor>
        <actor name="D0N26">
            <wcet number="0">180</wcet>
            <wcet number="1">200</wcet>
            <maxpow number="0.9538675485659118"/>
            <maxpow number="0.9538675485659118"/>
            <fprob>0.0</fprob>
        </actor>
        <actor name="D0N34">
            <wcet number="0">10</wcet>
            <wcet number="1">160</wcet>
            <maxpow number="0.35433457954011316"/>
            <maxpow number="0.35433457954011316"/>
            <fprob>0.0</fprob>
        </actor>
        <actor name="D0N2">
            <wcet number="0">290</wcet>
            <wcet number="1">660</wcet>
            <maxpow number="0.5164448518962981"/>
            <maxpow number="0.5164448518962981"/>
            <fprob>0.0</fprob>
        </actor>
        <actor name="D0N45">
            <wcet number="0">190</wcet>
            <wcet number="1">340</wcet>
            <maxpow number="0.7796167231550213"/>
            <maxpow number="0.7796167231550213"/>
            <fprob>0.0</fprob>
        </actor>
        <actor name="D0N4">
            <wcet number="0">30</wcet>
            <wcet number="1">60</wcet>
            <maxpow number="0.43000459400824315"/>
            <maxpow number="0.43000459400824315"/>
            <fprob>0.0</fprob>
        </actor>
        <actor name="D0N0">
            <wcet number="0">30</wcet>
            <wcet number="1">30</wcet>
            <maxpow number="0.2999498074458584"/>
            <maxpow number="0.2999498074458584"/>
            <fprob>0.0</fprob>
        </actor>
        <actor name="D0N33">
            <wcet number="0">10</wcet>
            <wcet number="1">190</wcet>
            <maxpow number="0.5149533704612413"/>
            <maxpow number="0.5149533704612413"/>
            <fprob>0.0</fprob>
        </actor>
        <actor name="D0N43">
            <wcet number="0">20</wcet>
            <wcet number="1">40</wcet>
            <maxpow number="0.5760157506421312"/>
            <maxpow number="0.5760157506421312"/>
            <fprob>0.0</fprob>
        </actor>
        <actor name="D0N31">
            <wcet number="0">70</wcet>
            <wcet number="1">200</wcet>
            <maxpow number="0.49141050181490364"/>
            <maxpow number="0.49141050181490364"/>
            <fprob>0.0</fprob>
        </actor>
        <actor name="D0N18">
            <wcet number="0">30</wcet>
            <wcet number="1">130</wcet>
            <maxpow number="0.4568321882885509"/>
            <maxpow number="0.4568321882885509"/>
            <fprob>0.0</fprob>
        </actor>
        <actor name="D0N27">
            <wcet number="0">330</wcet>
            <wcet number="1">380</wcet>
            <maxpow number="0.6292358799521282"/>
            <maxpow number="0.6292358799521282"/>
            <fprob>0.0</fprob>
        </actor>
        <ports>
            <port dstActor="D0N46" name="p0" srcActor="D0N25"/>
            <port dstActor="D0N32" name="p1" srcActor="D0N25"/>
            <port dstActor="D0N47" name="p2" srcActor="D0N29"/>
            <port dstActor="D0N43" name="p3" srcActor="D0N29"/>
            <port dstActor="D0N37" name="p4" srcActor="D0N29"/>
            <port dstActor="D0N25" name="p5" srcActor="D0N7"/>
            <port dstActor="D0N36" name="p6" srcActor="D0N7"/>
            <port dstActor="D0N38" name="p7" srcActor="D0N7"/>
            <port dstActor="D0N38" name="p8" srcActor="D0N36"/>
            <port dstActor="D0N42" name="p9" srcActor="D0N24"/>
            <port dstActor="D0N43" name="p10" srcActor="D0N24"/>
            <port dstActor="D0N38" name="p11" srcActor="D0N37"/>
            <port dstActor="D0N28" name="p12" srcActor="D0N9"/>
            <port dstActor="D0N48" name="p13" srcActor="D0N40"/>
            <port dstActor="D0N37" name="p14" srcActor="D0N12"/>
            <port dstActor="D0N48" name="p15" srcActor="D0N12"/>
            <port dstActor="D0N47" name="p16" srcActor="D0N12"/>
            <port dstActor="D0N31" name="p17" srcActor="D0N12"/>
            <port dstActor="D0N43" name="p18" srcActor="D0N41"/>
            <port dstActor="D0N44" name="p19" srcActor="D0N41"/>
            <port dstActor="D0N43" name="p20" srcActor="D0N23"/>
            <port dstActor="D0N25" name="p21" srcActor="D0N23"/>
            <port dstActor="D0N28" name="p22" srcActor="D0N23"/>
            <port dstActor="D0N42" name="p23" srcActor="D0N23"/>
            <port dstActor="D0N36" name="p24" srcActor="D0N20"/>
            <port dstActor="D0N47" name="p25" srcActor="D0N20"/>
            <port dstActor="D0N43" name="p26" srcActor="D0N42"/>
            <port dstActor="D0N22" name="p27" srcActor="D0N15"/>
            <port dstActor="D0N24" name="p28" srcActor="D0N15"/>
            <port dstActor="D0N31" name="p29" srcActor="D0N15"/>
            <port dstActor="D0N47" name="p30" srcActor="D0N17"/>
            <port dstActor="D0N31" name="p31" srcActor="D0N17"/>
            <port dstActor="D0N30" name="p32" srcActor="D0N17"/>
            <port dstActor="D0N32" name="p33" srcActor="D0N17"/>
            <port dstActor="D0N36" name="p34" srcActor="D0N35"/>
            <port dstActor="D0N20" name="p35" srcActor="D0N19"/>
            <port dstActor="D0N46" name="p36" srcActor="D0N19"/>
            <port dstActor="D0N43" name="p37" srcActor="D0N11"/>
            <port dstActor="D0N49" name="p38" srcActor="D0N13"/>
            <port dstActor="D0N44" name="p39" srcActor="D0N13"/>
            <port dstActor="D0N19" name="p40" srcActor="D0N13"/>
            <port dstActor="D0N27" name="p41" srcActor="D0N8"/>
            <port dstActor="D0N12" name="p42" srcActor="D0N8"/>
            <port dstActor="D0N15" name="p43" srcActor="D0N8"/>
            <port dstActor="D0N39" name="p44" srcActor="D0N8"/>
            <port dstActor="D0N11" name="p45" srcActor="D0N8"/>
            <port dstActor="D0N15" name="p46" srcActor="D0N10"/>
            <port dstActor="D0N26" name="p47" srcActor="D0N10"/>
            <port dstActor="D0N22" name="p48" srcActor="D0N10"/>
            <port dstActor="D0N24" name="p49" srcActor="D0N10"/>
            <port dstActor="D0N47" name="p50" srcActor="D0N10"/>
            <port dstActor="D0N34" name="p51" srcActor="D0N10"/>
            <port dstActor="D0N14" name="p52" srcActor="D0N10"/>
            <port dstActor="D0N41" name="p53" srcActor="D0N10"/>
            <port dstActor="D0N35" name="p54" srcActor="D0N21"/>
            <port dstActor="D0N44" name="p55" srcActor="D0N21"/>
            <port dstActor="D0N44" name="p56" srcActor="D0N22"/>
            <port dstActor="D0N47" name="p57" srcActor="D0N22"/>
            <port dstActor="D0N46" name="p58" srcActor="D0N22"/>
            <port dstActor="D0N34" name="p59" srcActor="D0N6"/>
            <port dstActor="D0N7" name="p60" srcActor="D0N6"/>
            <port dstActor="D0N47" name="p61" srcActor="D0N39"/>
            <port dstActor="D0N7" name="p62" srcActor="D0N3"/>
            <port dstActor="D0N30" name="p63" srcActor="D0N3"/>
            <port dstActor="D0N15" name="p64" srcActor="D0N3"/>
            <port dstActor="D0N46" name="p65" srcActor="D0N3"/>
            <port dstActor="D0N12" name="p66" srcActor="D0N3"/>
            <port dstActor="D0N34" name="p67" srcActor="D0N3"/>
            <port dstActor="D0N39" name="p68" srcActor="D0N3"/>
            <port dstActor="D0N42" name="p69" srcActor="D0N3"/>
            <port dstActor="D0N27" name="p70" srcActor="D0N5"/>
            <port dstActor="D0N17" name="p71" srcActor="D0N5"/>
            <port dstActor="D0N40" name="p72" srcActor="D0N5"/>
            <port dstActor="D0N14" name="p73" srcActor="D0N5"/>
            <port dstActor="D0N38" name="p74" srcActor="D0N32"/>
            <port dstActor="D0N36" name="p75" srcActor="D0N32"/>
            <port dstActor="D0N35" name="p76" srcActor="D0N32"/>
            <port dstActor="D0N37" name="p77" srcActor="D0N32"/>
            <port dstActor="D0N44" name="p78" srcActor="D0N14"/>
            <port dstActor="D0N37" name="p79" srcActor="D0N14"/>
            <port dstActor="D0N39" name="p80" srcActor="D0N14"/>
            <port dstActor="D0N20" name="p81" srcActor="D0N16"/>
            <port dstActor="D0N29" name="p82" srcActor="D0N16"/>
            <port dstActor="D0N49" name="p83" srcActor="D0N38"/>
            <port dstActor="D0N41" name="p84" srcActor="D0N38"/>
            <port dstActor="D0N46" name="p85" srcActor="D0N38"/>
            <port dstActor="D0N35" name="p86" srcActor="D0N1"/>
            <port dstActor="D0N2" name="p87" srcActor="D0N1"/>
            <port dstActor="D0N3" name="p88" srcActor="D0N1"/>
            <port dstActor="D0N20" name="p89" srcActor="D0N1"/>
            <port dstActor="D0N46" name="p90" srcActor="D0N26"/>
            <port dstActor="D0N32" name="p91" srcActor="D0N26"/>
            <port dstActor="D0N37" name="p92" srcActor="D0N26"/>
            <port dstActor="D0N46" name="p93" srcActor="D0N34"/>
            <port dstActor="D0N35" name="p94" srcActor="D0N34"/>
            <port dstActor="D0N39" name="p95" srcActor="D0N34"/>
            <port dstActor="D0N43" name="p96" srcActor="D0N34"/>
            <port dstActor="D0N44" name="p97" srcActor="D0N2"/>
            <port dstActor="D0N47" name="p98" srcActor="D0N2"/>
            <port dstActor="D0N49" name="p99" srcActor="D0N2"/>
            <port dstActor="D0N18" name="p100" srcActor="D0N2"/>
            <port dstActor="D0N35" name="p101" srcActor="D0N2"/>
            <port dstActor="D0N23" name="p102" srcActor="D0N2"/>
            <port dstActor="D0N49" name="p103" srcActor="D0N45"/>
            <port dstActor="D0N11" name="p104" srcActor="D0N4"/>
            <port dstActor="D0N48" name="p105" srcActor="D0N4"/>
            <port dstActor="D0N22" name="p106" srcActor="D0N4"/>
            <port dstActor="D0N25" name="p107" srcActor="D0N4"/>
            <port dstActor="D0N36" name="p108" srcActor="D0N4"/>
            <port dstActor="D0N17" name="p109" srcActor="D0N4"/>
            <port dstActor="D0N30" name="p110" srcActor="D0N0"/>
            <port dstActor="D0N39" name="p111" srcActor="D0N0"/>
            <port dstActor="D0N5" name="p112" srcActor="D0N0"/>
            <port dstActor="D0N43" name="p113" srcActor="D0N0"/>
            <port dstActor="D0N4" name="p114" srcActor="D0N0"/>
            <port dstActor="D0N26" name="p115" srcActor="D0N0"/>
            <port dstActor="D0N32" name="p116" srcActor="D0N0"/>
            <port dstActor="D0N48" name="p117" srcActor="D0N33"/>
            <port dstActor="D0N40" name="p118" srcActor="D0N33"/>
            <port dstActor="D0N43" name="p119" srcActor="D0N33"/>
            <port dstActor="D0N44" name="p120" srcActor="D0N31"/>
            <port dstActor="D0N21" name="p121" srcActor="D0N18"/>
            <port dstActor="D0N49" name="p122" srcActor="D0N18"/>
            <port dstActor="D0N43" name="p123" srcActor="D0N27"/>
            <port dstActor="D0N33" name="p124" srcActor="D0N27"/>
        </ports>
    </mcdag>
    <cores number="3"/>
    <levels number="2"/>
</mcsystem>
