<?xml version="1.0" encoding="UTF-8" standalone="no"?>
<mcsystem>
    <mcdag deadline="4000" name="genned-0-ed-10.0-0">
        <actor name="D0N0">
            <wcet number="0">100</wcet>
            <wcet number="1">160</wcet>
            <maxpow number="0.7514039307237509"/>
            <maxpow number="0.7514039307237509"/>
            <fprob>0.0</fprob>
        </actor>
        <actor name="D0N42">
            <wcet number="0">10</wcet>
            <wcet number="1">20</wcet>
            <maxpow number="0.6588574874452648"/>
            <maxpow number="0.6588574874452648"/>
            <fprob>0.0</fprob>
        </actor>
        <actor name="D0N40">
            <wcet number="0">150</wcet>
            <wcet number="1">170</wcet>
            <maxpow number="0.1555810469657824"/>
            <maxpow number="0.1555810469657824"/>
            <fprob>0.0</fprob>
        </actor>
        <actor name="D0N17">
            <wcet number="0">180</wcet>
            <wcet number="1">220</wcet>
            <maxpow number="0.49789315772617343"/>
            <maxpow number="0.49789315772617343"/>
            <fprob>0.0</fprob>
        </actor>
        <actor name="D0N30">
            <wcet number="0">50</wcet>
            <wcet number="1">210</wcet>
            <maxpow number="0.37691061006466176"/>
            <maxpow number="0.37691061006466176"/>
            <fprob>0.0</fprob>
        </actor>
        <actor name="D0N27">
            <wcet number="0">70</wcet>
            <wcet number="1">290</wcet>
            <maxpow number="0.5174773042248141"/>
            <maxpow number="0.5174773042248141"/>
            <fprob>0.0</fprob>
        </actor>
        <actor name="D0N26">
            <wcet number="0">70</wcet>
            <wcet number="1">100</wcet>
            <maxpow number="0.6910158012375018"/>
            <maxpow number="0.6910158012375018"/>
            <fprob>0.0</fprob>
        </actor>
        <actor name="D0N48">
            <wcet number="0">100</wcet>
            <wcet number="1">260</wcet>
            <maxpow number="0.7800727089425005"/>
            <maxpow number="0.7800727089425005"/>
            <fprob>0.0</fprob>
        </actor>
        <actor name="D0N47">
            <wcet number="0">40</wcet>
            <wcet number="1">120</wcet>
            <maxpow number="0.38922536571130684"/>
            <maxpow number="0.38922536571130684"/>
            <fprob>0.0</fprob>
        </actor>
        <actor name="D0N49">
            <wcet number="0">210</wcet>
            <wcet number="1">230</wcet>
            <maxpow number="0.29829889537667054"/>
            <maxpow number="0.29829889537667054"/>
            <fprob>0.0</fprob>
        </actor>
        <actor name="D0N18">
            <wcet number="0">20</wcet>
            <wcet number="1">90</wcet>
            <maxpow number="0.6332165535907851"/>
            <maxpow number="0.6332165535907851"/>
            <fprob>0.0</fprob>
        </actor>
        <actor name="D0N45">
            <wcet number="0">100</wcet>
            <wcet number="1">100</wcet>
            <maxpow number="0.4644221929039331"/>
            <maxpow number="0.4644221929039331"/>
            <fprob>0.0</fprob>
        </actor>
        <actor name="D0N31">
            <wcet number="0">10</wcet>
            <wcet number="1">520</wcet>
            <maxpow number="0.8503518611536739"/>
            <maxpow number="0.8503518611536739"/>
            <fprob>0.0</fprob>
        </actor>
        <actor name="D0N29">
            <wcet number="0">10</wcet>
            <wcet number="1">10</wcet>
            <maxpow number="0.3231590113217243"/>
            <maxpow number="0.3231590113217243"/>
            <fprob>0.0</fprob>
        </actor>
        <actor name="D0N25">
            <wcet number="0">160</wcet>
            <wcet number="1">210</wcet>
            <maxpow number="0.1615116647749884"/>
            <maxpow number="0.1615116647749884"/>
            <fprob>0.0</fprob>
        </actor>
        <actor name="D0N24">
            <wcet number="0">60</wcet>
            <wcet number="1">280</wcet>
            <maxpow number="0.577672799010911"/>
            <maxpow number="0.577672799010911"/>
            <fprob>0.0</fprob>
        </actor>
        <actor name="D0N43">
            <wcet number="0">10</wcet>
            <wcet number="1">10</wcet>
            <maxpow number="0.40539884349754246"/>
            <maxpow number="0.40539884349754246"/>
            <fprob>0.0</fprob>
        </actor>
        <actor name="D0N8">
            <wcet number="0">110</wcet>
            <wcet number="1">180</wcet>
            <maxpow number="0.46079885470058174"/>
            <maxpow number="0.46079885470058174"/>
            <fprob>0.0</fprob>
        </actor>
        <actor name="D0N19">
            <wcet number="0">80</wcet>
            <wcet number="1">80</wcet>
            <maxpow number="0.1417771343419943"/>
            <maxpow number="0.1417771343419943"/>
            <fprob>0.0</fprob>
        </actor>
        <actor name="D0N9">
            <wcet number="0">130</wcet>
            <wcet number="1">140</wcet>
            <maxpow number="0.35209623115733674"/>
            <maxpow number="0.35209623115733674"/>
            <fprob>0.0</fprob>
        </actor>
        <actor name="D0N13">
            <wcet number="0">190</wcet>
            <wcet number="1">520</wcet>
            <maxpow number="0.5475410124121641"/>
            <maxpow number="0.5475410124121641"/>
            <fprob>0.0</fprob>
        </actor>
        <actor name="D0N4">
            <wcet number="0">10</wcet>
            <wcet number="1">190</wcet>
            <maxpow number="0.39956794021099323"/>
            <maxpow number="0.39956794021099323"/>
            <fprob>0.0</fprob>
        </actor>
        <actor name="D0N46">
            <wcet number="0">30</wcet>
            <wcet number="1">130</wcet>
            <maxpow number="0.3900065760935293"/>
            <maxpow number="0.3900065760935293"/>
            <fprob>0.0</fprob>
        </actor>
        <actor name="D0N28">
            <wcet number="0">10</wcet>
            <wcet number="1">10</wcet>
            <maxpow number="0.6428863823734464"/>
            <maxpow number="0.6428863823734464"/>
            <fprob>0.0</fprob>
        </actor>
        <actor name="D0N35">
            <wcet number="0">20</wcet>
            <wcet number="1">20</wcet>
            <maxpow number="0.4169715844829441"/>
            <maxpow number="0.4169715844829441"/>
            <fprob>0.0</fprob>
        </actor>
        <actor name="D0N41">
            <wcet number="0">10</wcet>
            <wcet number="1">310</wcet>
            <maxpow number="0.5820744378694039"/>
            <maxpow number="0.5820744378694039"/>
            <fprob>0.0</fprob>
        </actor>
        <actor name="D0N44">
            <wcet number="0">90</wcet>
            <wcet number="1">300</wcet>
            <maxpow number="0.6639813686815051"/>
            <maxpow number="0.6639813686815051"/>
            <fprob>0.0</fprob>
        </actor>
        <actor name="D0N15">
            <wcet number="0">190</wcet>
            <wcet number="1">220</wcet>
            <maxpow number="0.6800507660518355"/>
            <maxpow number="0.6800507660518355"/>
            <fprob>0.0</fprob>
        </actor>
        <actor name="D0N7">
            <wcet number="0">40</wcet>
            <wcet number="1">170</wcet>
            <maxpow number="0.574971502338646"/>
            <maxpow number="0.574971502338646"/>
            <fprob>0.0</fprob>
        </actor>
        <actor name="D0N12">
            <wcet number="0">110</wcet>
            <wcet number="1">130</wcet>
            <maxpow number="0.7197753741060304"/>
            <maxpow number="0.7197753741060304"/>
            <fprob>0.0</fprob>
        </actor>
        <actor name="D0N20">
            <wcet number="0">70</wcet>
            <wcet number="1">190</wcet>
            <maxpow number="0.9141746903137202"/>
            <maxpow number="0.9141746903137202"/>
            <fprob>0.0</fprob>
        </actor>
        <actor name="D0N16">
            <wcet number="0">220</wcet>
            <wcet number="1">240</wcet>
            <maxpow number="0.6566867952280013"/>
            <maxpow number="0.6566867952280013"/>
            <fprob>0.0</fprob>
        </actor>
        <actor name="D0N1">
            <wcet number="0">10</wcet>
            <wcet number="1">10</wcet>
            <maxpow number="0.6083866880633342"/>
            <maxpow number="0.6083866880633342"/>
            <fprob>0.0</fprob>
        </actor>
        <actor name="D0N14">
            <wcet number="0">100</wcet>
            <wcet number="1">110</wcet>
            <maxpow number="0.735718132649851"/>
            <maxpow number="0.735718132649851"/>
            <fprob>0.0</fprob>
        </actor>
        <actor name="D0N11">
            <wcet number="0">330</wcet>
            <wcet number="1">410</wcet>
            <maxpow number="0.48768558697126185"/>
            <maxpow number="0.48768558697126185"/>
            <fprob>0.0</fprob>
        </actor>
        <actor name="D0N33">
            <wcet number="0">60</wcet>
            <wcet number="1">110</wcet>
            <maxpow number="0.8295523704206937"/>
            <maxpow number="0.8295523704206937"/>
            <fprob>0.0</fprob>
        </actor>
        <actor name="D0N3">
            <wcet number="0">50</wcet>
            <wcet number="1">60</wcet>
            <maxpow number="0.5880578000457102"/>
            <maxpow number="0.5880578000457102"/>
            <fprob>0.0</fprob>
        </actor>
        <actor name="D0N6">
            <wcet number="0">70</wcet>
            <wcet number="1">130</wcet>
            <maxpow number="0.46758946344925123"/>
            <maxpow number="0.46758946344925123"/>
            <fprob>0.0</fprob>
        </actor>
        <actor name="D0N32">
            <wcet number="0">30</wcet>
            <wcet number="1">30</wcet>
            <maxpow number="0.46521777597213193"/>
            <maxpow number="0.46521777597213193"/>
            <fprob>0.0</fprob>
        </actor>
        <actor name="D0N5">
            <wcet number="0">50</wcet>
            <wcet number="1">60</wcet>
            <maxpow number="0.5388974948352584"/>
            <maxpow number="0.5388974948352584"/>
            <fprob>0.0</fprob>
        </actor>
        <actor name="D0N22">
            <wcet number="0">30</wcet>
            <wcet number="1">90</wcet>
            <maxpow number="0.5299307863402529"/>
            <maxpow number="0.5299307863402529"/>
            <fprob>0.0</fprob>
        </actor>
        <actor name="D0N37">
            <wcet number="0">20</wcet>
            <wcet number="1">70</wcet>
            <maxpow number="0.36548090885766515"/>
            <maxpow number="0.36548090885766515"/>
            <fprob>0.0</fprob>
        </actor>
        <actor name="D0N38">
            <wcet number="0">50</wcet>
            <wcet number="1">60</wcet>
            <maxpow number="0.6183540780906258"/>
            <maxpow number="0.6183540780906258"/>
            <fprob>0.0</fprob>
        </actor>
        <actor name="D0N10">
            <wcet number="0">60</wcet>
            <wcet number="1">80</wcet>
            <maxpow number="0.43132723680425666"/>
            <maxpow number="0.43132723680425666"/>
            <fprob>0.0</fprob>
        </actor>
        <actor name="D0N21">
            <wcet number="0">60</wcet>
            <wcet number="1">60</wcet>
            <maxpow number="0.3755103825494289"/>
            <maxpow number="0.3755103825494289"/>
            <fprob>0.0</fprob>
        </actor>
        <actor name="D0N34">
            <wcet number="0">70</wcet>
            <wcet number="1">90</wcet>
            <maxpow number="0.7245992647534387"/>
            <maxpow number="0.7245992647534387"/>
            <fprob>0.0</fprob>
        </actor>
        <actor name="D0N23">
            <wcet number="0">30</wcet>
            <wcet number="1">410</wcet>
            <maxpow number="0.3839949273026132"/>
            <maxpow number="0.3839949273026132"/>
            <fprob>0.0</fprob>
        </actor>
        <actor name="D0N36">
            <wcet number="0">200</wcet>
            <wcet number="1">220</wcet>
            <maxpow number="0.6852205393387472"/>
            <maxpow number="0.6852205393387472"/>
            <fprob>0.0</fprob>
        </actor>
        <actor name="D0N39">
            <wcet number="0">30</wcet>
            <wcet number="1">50</wcet>
            <maxpow number="0.46521084720754763"/>
            <maxpow number="0.46521084720754763"/>
            <fprob>0.0</fprob>
        </actor>
        <actor name="D0N2">
            <wcet number="0">10</wcet>
            <wcet number="1">120</wcet>
            <maxpow number="0.18975413119348006"/>
            <maxpow number="0.18975413119348006"/>
            <fprob>0.0</fprob>
        </actor>
        <ports>
            <port dstActor="D0N19" name="p0" srcActor="D0N0"/>
            <port dstActor="D0N24" name="p1" srcActor="D0N0"/>
            <port dstActor="D0N3" name="p2" srcActor="D0N0"/>
            <port dstActor="D0N15" name="p3" srcActor="D0N0"/>
            <port dstActor="D0N31" name="p4" srcActor="D0N0"/>
            <port dstActor="D0N7" name="p5" srcActor="D0N0"/>
            <port dstActor="D0N33" name="p6" srcActor="D0N0"/>
            <port dstActor="D0N5" name="p7" srcActor="D0N0"/>
            <port dstActor="D0N26" name="p8" srcActor="D0N0"/>
            <port dstActor="D0N45" name="p9" srcActor="D0N42"/>
            <port dstActor="D0N46" name="p10" srcActor="D0N42"/>
            <port dstActor="D0N29" name="p11" srcActor="D0N17"/>
            <port dstActor="D0N40" name="p12" srcActor="D0N17"/>
            <port dstActor="D0N31" name="p13" srcActor="D0N30"/>
            <port dstActor="D0N28" name="p14" srcActor="D0N27"/>
            <port dstActor="D0N35" name="p15" srcActor="D0N26"/>
            <port dstActor="D0N33" name="p16" srcActor="D0N26"/>
            <port dstActor="D0N49" name="p17" srcActor="D0N26"/>
            <port dstActor="D0N47" name="p18" srcActor="D0N26"/>
            <port dstActor="D0N26" name="p19" srcActor="D0N18"/>
            <port dstActor="D0N27" name="p20" srcActor="D0N18"/>
            <port dstActor="D0N44" name="p21" srcActor="D0N31"/>
            <port dstActor="D0N39" name="p22" srcActor="D0N29"/>
            <port dstActor="D0N45" name="p23" srcActor="D0N29"/>
            <port dstActor="D0N36" name="p24" srcActor="D0N29"/>
            <port dstActor="D0N31" name="p25" srcActor="D0N29"/>
            <port dstActor="D0N27" name="p26" srcActor="D0N25"/>
            <port dstActor="D0N42" name="p27" srcActor="D0N24"/>
            <port dstActor="D0N43" name="p28" srcActor="D0N24"/>
            <port dstActor="D0N16" name="p29" srcActor="D0N8"/>
            <port dstActor="D0N49" name="p30" srcActor="D0N8"/>
            <port dstActor="D0N19" name="p31" srcActor="D0N8"/>
            <port dstActor="D0N40" name="p32" srcActor="D0N8"/>
            <port dstActor="D0N49" name="p33" srcActor="D0N19"/>
            <port dstActor="D0N26" name="p34" srcActor="D0N19"/>
            <port dstActor="D0N30" name="p35" srcActor="D0N19"/>
            <port dstActor="D0N42" name="p36" srcActor="D0N9"/>
            <port dstActor="D0N32" name="p37" srcActor="D0N9"/>
            <port dstActor="D0N24" name="p38" srcActor="D0N13"/>
            <port dstActor="D0N30" name="p39" srcActor="D0N13"/>
            <port dstActor="D0N19" name="p40" srcActor="D0N13"/>
            <port dstActor="D0N26" name="p41" srcActor="D0N13"/>
            <port dstActor="D0N45" name="p42" srcActor="D0N13"/>
            <port dstActor="D0N46" name="p43" srcActor="D0N4"/>
            <port dstActor="D0N43" name="p44" srcActor="D0N4"/>
            <port dstActor="D0N16" name="p45" srcActor="D0N4"/>
            <port dstActor="D0N31" name="p46" srcActor="D0N4"/>
            <port dstActor="D0N33" name="p47" srcActor="D0N28"/>
            <port dstActor="D0N44" name="p48" srcActor="D0N28"/>
            <port dstActor="D0N45" name="p49" srcActor="D0N28"/>
            <port dstActor="D0N38" name="p50" srcActor="D0N35"/>
            <port dstActor="D0N43" name="p51" srcActor="D0N35"/>
            <port dstActor="D0N49" name="p52" srcActor="D0N35"/>
            <port dstActor="D0N48" name="p53" srcActor="D0N41"/>
            <port dstActor="D0N42" name="p54" srcActor="D0N41"/>
            <port dstActor="D0N49" name="p55" srcActor="D0N44"/>
            <port dstActor="D0N47" name="p56" srcActor="D0N15"/>
            <port dstActor="D0N17" name="p57" srcActor="D0N15"/>
            <port dstActor="D0N45" name="p58" srcActor="D0N7"/>
            <port dstActor="D0N17" name="p59" srcActor="D0N7"/>
            <port dstActor="D0N27" name="p60" srcActor="D0N7"/>
            <port dstActor="D0N35" name="p61" srcActor="D0N7"/>
            <port dstActor="D0N32" name="p62" srcActor="D0N7"/>
            <port dstActor="D0N26" name="p63" srcActor="D0N12"/>
            <port dstActor="D0N45" name="p64" srcActor="D0N12"/>
            <port dstActor="D0N14" name="p65" srcActor="D0N12"/>
            <port dstActor="D0N19" name="p66" srcActor="D0N12"/>
            <port dstActor="D0N17" name="p67" srcActor="D0N12"/>
            <port dstActor="D0N41" name="p68" srcActor="D0N12"/>
            <port dstActor="D0N33" name="p69" srcActor="D0N20"/>
            <port dstActor="D0N29" name="p70" srcActor="D0N20"/>
            <port dstActor="D0N42" name="p71" srcActor="D0N16"/>
            <port dstActor="D0N19" name="p72" srcActor="D0N16"/>
            <port dstActor="D0N11" name="p73" srcActor="D0N1"/>
            <port dstActor="D0N40" name="p74" srcActor="D0N1"/>
            <port dstActor="D0N19" name="p75" srcActor="D0N1"/>
            <port dstActor="D0N4" name="p76" srcActor="D0N1"/>
            <port dstActor="D0N47" name="p77" srcActor="D0N14"/>
            <port dstActor="D0N23" name="p78" srcActor="D0N14"/>
            <port dstActor="D0N40" name="p79" srcActor="D0N11"/>
            <port dstActor="D0N26" name="p80" srcActor="D0N11"/>
            <port dstActor="D0N44" name="p81" srcActor="D0N11"/>
            <port dstActor="D0N20" name="p82" srcActor="D0N11"/>
            <port dstActor="D0N33" name="p83" srcActor="D0N11"/>
            <port dstActor="D0N37" name="p84" srcActor="D0N33"/>
            <port dstActor="D0N21" name="p85" srcActor="D0N3"/>
            <port dstActor="D0N5" name="p86" srcActor="D0N3"/>
            <port dstActor="D0N43" name="p87" srcActor="D0N3"/>
            <port dstActor="D0N7" name="p88" srcActor="D0N3"/>
            <port dstActor="D0N26" name="p89" srcActor="D0N6"/>
            <port dstActor="D0N15" name="p90" srcActor="D0N6"/>
            <port dstActor="D0N29" name="p91" srcActor="D0N6"/>
            <port dstActor="D0N35" name="p92" srcActor="D0N6"/>
            <port dstActor="D0N41" name="p93" srcActor="D0N6"/>
            <port dstActor="D0N48" name="p94" srcActor="D0N6"/>
            <port dstActor="D0N33" name="p95" srcActor="D0N32"/>
            <port dstActor="D0N43" name="p96" srcActor="D0N32"/>
            <port dstActor="D0N37" name="p97" srcActor="D0N32"/>
            <port dstActor="D0N48" name="p98" srcActor="D0N32"/>
            <port dstActor="D0N9" name="p99" srcActor="D0N5"/>
            <port dstActor="D0N26" name="p100" srcActor="D0N5"/>
            <port dstActor="D0N35" name="p101" srcActor="D0N5"/>
            <port dstActor="D0N44" name="p102" srcActor="D0N5"/>
            <port dstActor="D0N37" name="p103" srcActor="D0N22"/>
            <port dstActor="D0N49" name="p104" srcActor="D0N22"/>
            <port dstActor="D0N39" name="p105" srcActor="D0N37"/>
            <port dstActor="D0N41" name="p106" srcActor="D0N37"/>
            <port dstActor="D0N46" name="p107" srcActor="D0N37"/>
            <port dstActor="D0N36" name="p108" srcActor="D0N10"/>
            <port dstActor="D0N12" name="p109" srcActor="D0N10"/>
            <port dstActor="D0N18" name="p110" srcActor="D0N10"/>
            <port dstActor="D0N37" name="p111" srcActor="D0N10"/>
            <port dstActor="D0N33" name="p112" srcActor="D0N10"/>
            <port dstActor="D0N36" name="p113" srcActor="D0N21"/>
            <port dstActor="D0N38" name="p114" srcActor="D0N21"/>
            <port dstActor="D0N45" name="p115" srcActor="D0N21"/>
            <port dstActor="D0N47" name="p116" srcActor="D0N34"/>
            <port dstActor="D0N38" name="p117" srcActor="D0N34"/>
            <port dstActor="D0N39" name="p118" srcActor="D0N34"/>
            <port dstActor="D0N36" name="p119" srcActor="D0N23"/>
            <port dstActor="D0N44" name="p120" srcActor="D0N23"/>
            <port dstActor="D0N49" name="p121" srcActor="D0N36"/>
            <port dstActor="D0N44" name="p122" srcActor="D0N36"/>
            <port dstActor="D0N47" name="p123" srcActor="D0N39"/>
            <port dstActor="D0N5" name="p124" srcActor="D0N2"/>
            <port dstActor="D0N38" name="p125" srcActor="D0N2"/>
            <port dstActor="D0N26" name="p126" srcActor="D0N2"/>
            <port dstActor="D0N42" name="p127" srcActor="D0N2"/>
            <port dstActor="D0N47" name="p128" srcActor="D0N2"/>
        </ports>
    </mcdag>
    <cores number="2"/>
    <levels number="2"/>
</mcsystem>
