<?xml version="1.0" encoding="UTF-8" standalone="no"?>
<mcsystem>
    <mcdag deadline="4000" name="genned-0-ed-10.0-0">
        <actor name="D0N0">
            <wcet number="0">20</wcet>
            <wcet number="1">20</wcet>
            <maxpow number="0.3694477627491863"/>
            <maxpow number="0.3694477627491863"/>
            <fprob>0.0</fprob>
        </actor>
        <actor name="D0N37">
            <wcet number="0">30</wcet>
            <wcet number="1">60</wcet>
            <maxpow number="0.47089765021285246"/>
            <maxpow number="0.47089765021285246"/>
            <fprob>0.0</fprob>
        </actor>
        <actor name="D0N48">
            <wcet number="0">210</wcet>
            <wcet number="1">450</wcet>
            <maxpow number="0.24947735031767176"/>
            <maxpow number="0.24947735031767176"/>
            <fprob>0.0</fprob>
        </actor>
        <actor name="D0N34">
            <wcet number="0">180</wcet>
            <wcet number="1">670</wcet>
            <maxpow number="0.5331365139779144"/>
            <maxpow number="0.5331365139779144"/>
            <fprob>0.0</fprob>
        </actor>
        <actor name="D0N8">
            <wcet number="0">20</wcet>
            <wcet number="1">50</wcet>
            <maxpow number="0.8782875385383908"/>
            <maxpow number="0.8782875385383908"/>
            <fprob>0.0</fprob>
        </actor>
        <actor name="D0N4">
            <wcet number="0">180</wcet>
            <wcet number="1">550</wcet>
            <maxpow number="0.6657075895244403"/>
            <maxpow number="0.6657075895244403"/>
            <fprob>0.0</fprob>
        </actor>
        <actor name="D0N35">
            <wcet number="0">10</wcet>
            <wcet number="1">250</wcet>
            <maxpow number="0.41625289460591863"/>
            <maxpow number="0.41625289460591863"/>
            <fprob>0.0</fprob>
        </actor>
        <actor name="D0N13">
            <wcet number="0">20</wcet>
            <wcet number="1">50</wcet>
            <maxpow number="0.45578570776485805"/>
            <maxpow number="0.45578570776485805"/>
            <fprob>0.0</fprob>
        </actor>
        <actor name="D0N12">
            <wcet number="0">290</wcet>
            <wcet number="1">430</wcet>
            <maxpow number="0.3017428915569219"/>
            <maxpow number="0.3017428915569219"/>
            <fprob>0.0</fprob>
        </actor>
        <actor name="D0N42">
            <wcet number="0">90</wcet>
            <wcet number="1">320</wcet>
            <maxpow number="0.486751526092153"/>
            <maxpow number="0.486751526092153"/>
            <fprob>0.0</fprob>
        </actor>
        <actor name="D0N5">
            <wcet number="0">210</wcet>
            <wcet number="1">320</wcet>
            <maxpow number="0.5360487203500222"/>
            <maxpow number="0.5360487203500222"/>
            <fprob>0.0</fprob>
        </actor>
        <actor name="D0N44">
            <wcet number="0">210</wcet>
            <wcet number="1">280</wcet>
            <maxpow number="0.8526551539748596"/>
            <maxpow number="0.8526551539748596"/>
            <fprob>0.0</fprob>
        </actor>
        <actor name="D0N29">
            <wcet number="0">40</wcet>
            <wcet number="1">220</wcet>
            <maxpow number="0.4123408101582948"/>
            <maxpow number="0.4123408101582948"/>
            <fprob>0.0</fprob>
        </actor>
        <actor name="D0N47">
            <wcet number="0">20</wcet>
            <wcet number="1">160</wcet>
            <maxpow number="0.5086838005092953"/>
            <maxpow number="0.5086838005092953"/>
            <fprob>0.0</fprob>
        </actor>
        <actor name="D0N15">
            <wcet number="0">10</wcet>
            <wcet number="1">50</wcet>
            <maxpow number="0.26185308967830173"/>
            <maxpow number="0.26185308967830173"/>
            <fprob>0.0</fprob>
        </actor>
        <actor name="D0N31">
            <wcet number="0">180</wcet>
            <wcet number="1">180</wcet>
            <maxpow number="0.39932335549884523"/>
            <maxpow number="0.39932335549884523"/>
            <fprob>0.0</fprob>
        </actor>
        <actor name="D0N30">
            <wcet number="0">40</wcet>
            <wcet number="1">100</wcet>
            <maxpow number="0.46915058865901604"/>
            <maxpow number="0.46915058865901604"/>
            <fprob>0.0</fprob>
        </actor>
        <actor name="D0N16">
            <wcet number="0">60</wcet>
            <wcet number="1">80</wcet>
            <maxpow number="0.652596088072242"/>
            <maxpow number="0.652596088072242"/>
            <fprob>0.0</fprob>
        </actor>
        <actor name="D0N23">
            <wcet number="0">440</wcet>
            <wcet number="1">650</wcet>
            <maxpow number="0.2514729645986452"/>
            <maxpow number="0.2514729645986452"/>
            <fprob>0.0</fprob>
        </actor>
        <actor name="D0N17">
            <wcet number="0">50</wcet>
            <wcet number="1">50</wcet>
            <maxpow number="0.9550713083574848"/>
            <maxpow number="0.9550713083574848"/>
            <fprob>0.0</fprob>
        </actor>
        <actor name="D0N7">
            <wcet number="0">60</wcet>
            <wcet number="1">60</wcet>
            <maxpow number="0.7490742710002752"/>
            <maxpow number="0.7490742710002752"/>
            <fprob>0.0</fprob>
        </actor>
        <actor name="D0N36">
            <wcet number="0">30</wcet>
            <wcet number="1">70</wcet>
            <maxpow number="0.44945374497864377"/>
            <maxpow number="0.44945374497864377"/>
            <fprob>0.0</fprob>
        </actor>
        <actor name="D0N43">
            <wcet number="0">20</wcet>
            <wcet number="1">70</wcet>
            <maxpow number="0.6924573624641676"/>
            <maxpow number="0.6924573624641676"/>
            <fprob>0.0</fprob>
        </actor>
        <actor name="D0N2">
            <wcet number="0">170</wcet>
            <wcet number="1">470</wcet>
            <maxpow number="0.5629577734112088"/>
            <maxpow number="0.5629577734112088"/>
            <fprob>0.0</fprob>
        </actor>
        <actor name="D0N3">
            <wcet number="0">160</wcet>
            <wcet number="1">240</wcet>
            <maxpow number="0.5627891758634486"/>
            <maxpow number="0.5627891758634486"/>
            <fprob>0.0</fprob>
        </actor>
        <actor name="D0N1">
            <wcet number="0">60</wcet>
            <wcet number="1">150</wcet>
            <maxpow number="0.47885647919797625"/>
            <maxpow number="0.47885647919797625"/>
            <fprob>0.0</fprob>
        </actor>
        <actor name="D0N14">
            <wcet number="0">30</wcet>
            <wcet number="1">150</wcet>
            <maxpow number="0.5625120699790693"/>
            <maxpow number="0.5625120699790693"/>
            <fprob>0.0</fprob>
        </actor>
        <actor name="D0N18">
            <wcet number="0">330</wcet>
            <wcet number="1">360</wcet>
            <maxpow number="0.15010815804525957"/>
            <maxpow number="0.15010815804525957"/>
            <fprob>0.0</fprob>
        </actor>
        <actor name="D0N27">
            <wcet number="0">570</wcet>
            <wcet number="1">650</wcet>
            <maxpow number="0.6135032908896461"/>
            <maxpow number="0.6135032908896461"/>
            <fprob>0.0</fprob>
        </actor>
        <actor name="D0N45">
            <wcet number="0">120</wcet>
            <wcet number="1">140</wcet>
            <maxpow number="0.7563930390072852"/>
            <maxpow number="0.7563930390072852"/>
            <fprob>0.0</fprob>
        </actor>
        <actor name="D0N33">
            <wcet number="0">40</wcet>
            <wcet number="1">140</wcet>
            <maxpow number="0.5015393474778862"/>
            <maxpow number="0.5015393474778862"/>
            <fprob>0.0</fprob>
        </actor>
        <actor name="D0N20">
            <wcet number="0">40</wcet>
            <wcet number="1">60</wcet>
            <maxpow number="0.4292276642245234"/>
            <maxpow number="0.4292276642245234"/>
            <fprob>0.0</fprob>
        </actor>
        <actor name="D0N41">
            <wcet number="0">310</wcet>
            <wcet number="1">340</wcet>
            <maxpow number="0.5267042410220859"/>
            <maxpow number="0.5267042410220859"/>
            <fprob>0.0</fprob>
        </actor>
        <actor name="D0N32">
            <wcet number="0">270</wcet>
            <wcet number="1">330</wcet>
            <maxpow number="0.8126034688952107"/>
            <maxpow number="0.8126034688952107"/>
            <fprob>0.0</fprob>
        </actor>
        <actor name="D0N46">
            <wcet number="0">60</wcet>
            <wcet number="1">520</wcet>
            <maxpow number="0.5360279361205778"/>
            <maxpow number="0.5360279361205778"/>
            <fprob>0.0</fprob>
        </actor>
        <actor name="D0N25">
            <wcet number="0">70</wcet>
            <wcet number="1">120</wcet>
            <maxpow number="0.5354609484995992"/>
            <maxpow number="0.5354609484995992"/>
            <fprob>0.0</fprob>
        </actor>
        <actor name="D0N24">
            <wcet number="0">70</wcet>
            <wcet number="1">90</wcet>
            <maxpow number="0.5263441190271301"/>
            <maxpow number="0.5263441190271301"/>
            <fprob>0.0</fprob>
        </actor>
        <actor name="D0N28">
            <wcet number="0">40</wcet>
            <wcet number="1">60</wcet>
            <maxpow number="0.44986373728352247"/>
            <maxpow number="0.44986373728352247"/>
            <fprob>0.0</fprob>
        </actor>
        <actor name="D0N9">
            <wcet number="0">90</wcet>
            <wcet number="1">190</wcet>
            <maxpow number="0.9628697752019115"/>
            <maxpow number="0.9628697752019115"/>
            <fprob>0.0</fprob>
        </actor>
        <actor name="D0N21">
            <wcet number="0">80</wcet>
            <wcet number="1">100</wcet>
            <maxpow number="0.7693906884777436"/>
            <maxpow number="0.7693906884777436"/>
            <fprob>0.0</fprob>
        </actor>
        <actor name="D0N11">
            <wcet number="0">20</wcet>
            <wcet number="1">80</wcet>
            <maxpow number="0.23283486900986672"/>
            <maxpow number="0.23283486900986672"/>
            <fprob>0.0</fprob>
        </actor>
        <actor name="D0N38">
            <wcet number="0">60</wcet>
            <wcet number="1">160</wcet>
            <maxpow number="0.3247725544774466"/>
            <maxpow number="0.3247725544774466"/>
            <fprob>0.0</fprob>
        </actor>
        <actor name="D0N40">
            <wcet number="0">70</wcet>
            <wcet number="1">100</wcet>
            <maxpow number="0.27433885484699155"/>
            <maxpow number="0.27433885484699155"/>
            <fprob>0.0</fprob>
        </actor>
        <actor name="D0N6">
            <wcet number="0">10</wcet>
            <wcet number="1">70</wcet>
            <maxpow number="0.599559998861933"/>
            <maxpow number="0.599559998861933"/>
            <fprob>0.0</fprob>
        </actor>
        <actor name="D0N39">
            <wcet number="0">10</wcet>
            <wcet number="1">20</wcet>
            <maxpow number="0.6419718429714916"/>
            <maxpow number="0.6419718429714916"/>
            <fprob>0.0</fprob>
        </actor>
        <actor name="D0N10">
            <wcet number="0">170</wcet>
            <wcet number="1">490</wcet>
            <maxpow number="0.562097770836292"/>
            <maxpow number="0.562097770836292"/>
            <fprob>0.0</fprob>
        </actor>
        <actor name="D0N22">
            <wcet number="0">370</wcet>
            <wcet number="1">410</wcet>
            <maxpow number="0.6739407886855807"/>
            <maxpow number="0.6739407886855807"/>
            <fprob>0.0</fprob>
        </actor>
        <actor name="D0N19">
            <wcet number="0">40</wcet>
            <wcet number="1">50</wcet>
            <maxpow number="0.7227001110843732"/>
            <maxpow number="0.7227001110843732"/>
            <fprob>0.0</fprob>
        </actor>
        <actor name="D0N26">
            <wcet number="0">170</wcet>
            <wcet number="1">170</wcet>
            <maxpow number="0.8708505887081854"/>
            <maxpow number="0.8708505887081854"/>
            <fprob>0.0</fprob>
        </actor>
        <ports>
            <port dstActor="D0N28" name="p0" srcActor="D0N0"/>
            <port dstActor="D0N32" name="p1" srcActor="D0N0"/>
            <port dstActor="D0N46" name="p2" srcActor="D0N37"/>
            <port dstActor="D0N44" name="p3" srcActor="D0N37"/>
            <port dstActor="D0N14" name="p4" srcActor="D0N8"/>
            <port dstActor="D0N38" name="p5" srcActor="D0N8"/>
            <port dstActor="D0N16" name="p6" srcActor="D0N8"/>
            <port dstActor="D0N29" name="p7" srcActor="D0N8"/>
            <port dstActor="D0N37" name="p8" srcActor="D0N4"/>
            <port dstActor="D0N27" name="p9" srcActor="D0N4"/>
            <port dstActor="D0N31" name="p10" srcActor="D0N4"/>
            <port dstActor="D0N8" name="p11" srcActor="D0N4"/>
            <port dstActor="D0N48" name="p12" srcActor="D0N4"/>
            <port dstActor="D0N43" name="p13" srcActor="D0N35"/>
            <port dstActor="D0N42" name="p14" srcActor="D0N35"/>
            <port dstActor="D0N33" name="p15" srcActor="D0N13"/>
            <port dstActor="D0N21" name="p16" srcActor="D0N13"/>
            <port dstActor="D0N29" name="p17" srcActor="D0N12"/>
            <port dstActor="D0N44" name="p18" srcActor="D0N5"/>
            <port dstActor="D0N36" name="p19" srcActor="D0N5"/>
            <port dstActor="D0N39" name="p20" srcActor="D0N5"/>
            <port dstActor="D0N12" name="p21" srcActor="D0N5"/>
            <port dstActor="D0N23" name="p22" srcActor="D0N5"/>
            <port dstActor="D0N33" name="p23" srcActor="D0N29"/>
            <port dstActor="D0N40" name="p24" srcActor="D0N15"/>
            <port dstActor="D0N24" name="p25" srcActor="D0N15"/>
            <port dstActor="D0N17" name="p26" srcActor="D0N15"/>
            <port dstActor="D0N48" name="p27" srcActor="D0N31"/>
            <port dstActor="D0N41" name="p28" srcActor="D0N31"/>
            <port dstActor="D0N44" name="p29" srcActor="D0N31"/>
            <port dstActor="D0N43" name="p30" srcActor="D0N31"/>
            <port dstActor="D0N36" name="p31" srcActor="D0N30"/>
            <port dstActor="D0N21" name="p32" srcActor="D0N16"/>
            <port dstActor="D0N37" name="p33" srcActor="D0N16"/>
            <port dstActor="D0N23" name="p34" srcActor="D0N16"/>
            <port dstActor="D0N24" name="p35" srcActor="D0N16"/>
            <port dstActor="D0N46" name="p36" srcActor="D0N23"/>
            <port dstActor="D0N43" name="p37" srcActor="D0N23"/>
            <port dstActor="D0N24" name="p38" srcActor="D0N23"/>
            <port dstActor="D0N39" name="p39" srcActor="D0N23"/>
            <port dstActor="D0N30" name="p40" srcActor="D0N17"/>
            <port dstActor="D0N23" name="p41" srcActor="D0N7"/>
            <port dstActor="D0N11" name="p42" srcActor="D0N7"/>
            <port dstActor="D0N38" name="p43" srcActor="D0N7"/>
            <port dstActor="D0N39" name="p44" srcActor="D0N7"/>
            <port dstActor="D0N22" name="p45" srcActor="D0N7"/>
            <port dstActor="D0N47" name="p46" srcActor="D0N36"/>
            <port dstActor="D0N43" name="p47" srcActor="D0N36"/>
            <port dstActor="D0N18" name="p48" srcActor="D0N2"/>
            <port dstActor="D0N41" name="p49" srcActor="D0N2"/>
            <port dstActor="D0N15" name="p50" srcActor="D0N2"/>
            <port dstActor="D0N32" name="p51" srcActor="D0N3"/>
            <port dstActor="D0N7" name="p52" srcActor="D0N3"/>
            <port dstActor="D0N26" name="p53" srcActor="D0N3"/>
            <port dstActor="D0N37" name="p54" srcActor="D0N3"/>
            <port dstActor="D0N20" name="p55" srcActor="D0N3"/>
            <port dstActor="D0N18" name="p56" srcActor="D0N3"/>
            <port dstActor="D0N43" name="p57" srcActor="D0N1"/>
            <port dstActor="D0N12" name="p58" srcActor="D0N1"/>
            <port dstActor="D0N48" name="p59" srcActor="D0N1"/>
            <port dstActor="D0N39" name="p60" srcActor="D0N1"/>
            <port dstActor="D0N37" name="p61" srcActor="D0N1"/>
            <port dstActor="D0N47" name="p62" srcActor="D0N1"/>
            <port dstActor="D0N6" name="p63" srcActor="D0N1"/>
            <port dstActor="D0N29" name="p64" srcActor="D0N1"/>
            <port dstActor="D0N17" name="p65" srcActor="D0N14"/>
            <port dstActor="D0N29" name="p66" srcActor="D0N14"/>
            <port dstActor="D0N20" name="p67" srcActor="D0N14"/>
            <port dstActor="D0N32" name="p68" srcActor="D0N14"/>
            <port dstActor="D0N29" name="p69" srcActor="D0N18"/>
            <port dstActor="D0N42" name="p70" srcActor="D0N18"/>
            <port dstActor="D0N46" name="p71" srcActor="D0N18"/>
            <port dstActor="D0N40" name="p72" srcActor="D0N18"/>
            <port dstActor="D0N39" name="p73" srcActor="D0N18"/>
            <port dstActor="D0N47" name="p74" srcActor="D0N45"/>
            <port dstActor="D0N47" name="p75" srcActor="D0N33"/>
            <port dstActor="D0N38" name="p76" srcActor="D0N33"/>
            <port dstActor="D0N29" name="p77" srcActor="D0N20"/>
            <port dstActor="D0N32" name="p78" srcActor="D0N20"/>
            <port dstActor="D0N48" name="p79" srcActor="D0N32"/>
            <port dstActor="D0N26" name="p80" srcActor="D0N25"/>
            <port dstActor="D0N38" name="p81" srcActor="D0N25"/>
            <port dstActor="D0N28" name="p82" srcActor="D0N24"/>
            <port dstActor="D0N41" name="p83" srcActor="D0N28"/>
            <port dstActor="D0N31" name="p84" srcActor="D0N9"/>
            <port dstActor="D0N12" name="p85" srcActor="D0N9"/>
            <port dstActor="D0N48" name="p86" srcActor="D0N9"/>
            <port dstActor="D0N41" name="p87" srcActor="D0N21"/>
            <port dstActor="D0N23" name="p88" srcActor="D0N21"/>
            <port dstActor="D0N28" name="p89" srcActor="D0N21"/>
            <port dstActor="D0N40" name="p90" srcActor="D0N11"/>
            <port dstActor="D0N25" name="p91" srcActor="D0N11"/>
            <port dstActor="D0N36" name="p92" srcActor="D0N11"/>
            <port dstActor="D0N16" name="p93" srcActor="D0N11"/>
            <port dstActor="D0N46" name="p94" srcActor="D0N11"/>
            <port dstActor="D0N47" name="p95" srcActor="D0N38"/>
            <port dstActor="D0N42" name="p96" srcActor="D0N38"/>
            <port dstActor="D0N44" name="p97" srcActor="D0N38"/>
            <port dstActor="D0N42" name="p98" srcActor="D0N40"/>
            <port dstActor="D0N23" name="p99" srcActor="D0N6"/>
            <port dstActor="D0N12" name="p100" srcActor="D0N6"/>
            <port dstActor="D0N24" name="p101" srcActor="D0N6"/>
            <port dstActor="D0N30" name="p102" srcActor="D0N6"/>
            <port dstActor="D0N18" name="p103" srcActor="D0N6"/>
            <port dstActor="D0N34" name="p104" srcActor="D0N6"/>
            <port dstActor="D0N39" name="p105" srcActor="D0N10"/>
            <port dstActor="D0N36" name="p106" srcActor="D0N10"/>
            <port dstActor="D0N26" name="p107" srcActor="D0N22"/>
            <port dstActor="D0N43" name="p108" srcActor="D0N19"/>
            <port dstActor="D0N42" name="p109" srcActor="D0N19"/>
            <port dstActor="D0N31" name="p110" srcActor="D0N19"/>
            <port dstActor="D0N41" name="p111" srcActor="D0N26"/>
        </ports>
    </mcdag>
    <cores number="3"/>
    <levels number="2"/>
</mcsystem>
