<?xml version="1.0" encoding="UTF-8" standalone="no"?>
<mcsystem>
    <mcdag deadline="2200" name="genned-0-ed-10.0-0">
        <actor name="D0N9">
            <wcet number="0">80</wcet>
            <wcet number="1">80</wcet>
            <maxpow number="0.4774459035021574"/>
            <maxpow number="0.4774459035021574"/>
            <fprob>0.0</fprob>
        </actor>
        <actor name="D0N12">
            <wcet number="0">20</wcet>
            <wcet number="1">40</wcet>
            <maxpow number="0.5110878141151659"/>
            <maxpow number="0.5110878141151659"/>
            <fprob>0.0</fprob>
        </actor>
        <actor name="D0N28">
            <wcet number="0">40</wcet>
            <wcet number="1">50</wcet>
            <maxpow number="0.362728980550893"/>
            <maxpow number="0.362728980550893"/>
            <fprob>0.0</fprob>
        </actor>
        <actor name="D0N14">
            <wcet number="0">40</wcet>
            <wcet number="1">40</wcet>
            <maxpow number="0.6613867765231555"/>
            <maxpow number="0.6613867765231555"/>
            <fprob>0.0</fprob>
        </actor>
        <actor name="D0N38">
            <wcet number="0">20</wcet>
            <wcet number="1">30</wcet>
            <maxpow number="0.5337916939037304"/>
            <maxpow number="0.5337916939037304"/>
            <fprob>0.0</fprob>
        </actor>
        <actor name="D0N32">
            <wcet number="0">80</wcet>
            <wcet number="1">150</wcet>
            <maxpow number="0.4286403150804523"/>
            <maxpow number="0.4286403150804523"/>
            <fprob>0.0</fprob>
        </actor>
        <actor name="D0N29">
            <wcet number="0">40</wcet>
            <wcet number="1">60</wcet>
            <maxpow number="0.5203747889716261"/>
            <maxpow number="0.5203747889716261"/>
            <fprob>0.0</fprob>
        </actor>
        <actor name="D0N13">
            <wcet number="0">20</wcet>
            <wcet number="1">80</wcet>
            <maxpow number="0.17282597445464515"/>
            <maxpow number="0.17282597445464515"/>
            <fprob>0.0</fprob>
        </actor>
        <actor name="D0N27">
            <wcet number="0">30</wcet>
            <wcet number="1">40</wcet>
            <maxpow number="0.43333444601857785"/>
            <maxpow number="0.43333444601857785"/>
            <fprob>0.0</fprob>
        </actor>
        <actor name="D0N24">
            <wcet number="0">80</wcet>
            <wcet number="1">90</wcet>
            <maxpow number="0.6043228957304265"/>
            <maxpow number="0.6043228957304265"/>
            <fprob>0.0</fprob>
        </actor>
        <actor name="D0N47">
            <wcet number="0">170</wcet>
            <wcet number="1">210</wcet>
            <maxpow number="0.31634466034551917"/>
            <maxpow number="0.31634466034551917"/>
            <fprob>0.0</fprob>
        </actor>
        <actor name="D0N17">
            <wcet number="0">60</wcet>
            <wcet number="1">70</wcet>
            <maxpow number="0.6198557251435216"/>
            <maxpow number="0.6198557251435216"/>
            <fprob>0.0</fprob>
        </actor>
        <actor name="D0N6">
            <wcet number="0">10</wcet>
            <wcet number="1">30</wcet>
            <maxpow number="0.7381073059695455"/>
            <maxpow number="0.7381073059695455"/>
            <fprob>0.0</fprob>
        </actor>
        <actor name="D0N1">
            <wcet number="0">150</wcet>
            <wcet number="1">190</wcet>
            <maxpow number="0.29106791024304945"/>
            <maxpow number="0.29106791024304945"/>
            <fprob>0.0</fprob>
        </actor>
        <actor name="D0N45">
            <wcet number="0">30</wcet>
            <wcet number="1">90</wcet>
            <maxpow number="0.18494856806029525"/>
            <maxpow number="0.18494856806029525"/>
            <fprob>0.0</fprob>
        </actor>
        <actor name="D0N5">
            <wcet number="0">140</wcet>
            <wcet number="1">160</wcet>
            <maxpow number="0.5736939565032338"/>
            <maxpow number="0.5736939565032338"/>
            <fprob>0.0</fprob>
        </actor>
        <actor name="D0N31">
            <wcet number="0">20</wcet>
            <wcet number="1">30</wcet>
            <maxpow number="0.7574408257727272"/>
            <maxpow number="0.7574408257727272"/>
            <fprob>0.0</fprob>
        </actor>
        <actor name="D0N44">
            <wcet number="0">120</wcet>
            <wcet number="1">190</wcet>
            <maxpow number="0.5166991349102382"/>
            <maxpow number="0.5166991349102382"/>
            <fprob>0.0</fprob>
        </actor>
        <actor name="D0N36">
            <wcet number="0">10</wcet>
            <wcet number="1">10</wcet>
            <maxpow number="0.5339666001989131"/>
            <maxpow number="0.5339666001989131"/>
            <fprob>0.0</fprob>
        </actor>
        <actor name="D0N10">
            <wcet number="0">20</wcet>
            <wcet number="1">50</wcet>
            <maxpow number="0.4504421386193476"/>
            <maxpow number="0.4504421386193476"/>
            <fprob>0.0</fprob>
        </actor>
        <actor name="D0N41">
            <wcet number="0">50</wcet>
            <wcet number="1">70</wcet>
            <maxpow number="0.508296263506356"/>
            <maxpow number="0.508296263506356"/>
            <fprob>0.0</fprob>
        </actor>
        <actor name="D0N8">
            <wcet number="0">40</wcet>
            <wcet number="1">70</wcet>
            <maxpow number="0.44751429848181806"/>
            <maxpow number="0.44751429848181806"/>
            <fprob>0.0</fprob>
        </actor>
        <actor name="D0N18">
            <wcet number="0">210</wcet>
            <wcet number="1">210</wcet>
            <maxpow number="0.7416301340168705"/>
            <maxpow number="0.7416301340168705"/>
            <fprob>0.0</fprob>
        </actor>
        <actor name="D0N3">
            <wcet number="0">10</wcet>
            <wcet number="1">90</wcet>
            <maxpow number="0.5868859581612469"/>
            <maxpow number="0.5868859581612469"/>
            <fprob>0.0</fprob>
        </actor>
        <actor name="D0N21">
            <wcet number="0">10</wcet>
            <wcet number="1">20</wcet>
            <maxpow number="0.2074147319077631"/>
            <maxpow number="0.2074147319077631"/>
            <fprob>0.0</fprob>
        </actor>
        <actor name="D0N30">
            <wcet number="0">30</wcet>
            <wcet number="1">30</wcet>
            <maxpow number="0.704787589359906"/>
            <maxpow number="0.704787589359906"/>
            <fprob>0.0</fprob>
        </actor>
        <actor name="D0N37">
            <wcet number="0">50</wcet>
            <wcet number="1">50</wcet>
            <maxpow number="0.5974446479147499"/>
            <maxpow number="0.5974446479147499"/>
            <fprob>0.0</fprob>
        </actor>
        <actor name="D0N22">
            <wcet number="0">90</wcet>
            <wcet number="1">100</wcet>
            <maxpow number="0.1822610662026558"/>
            <maxpow number="0.1822610662026558"/>
            <fprob>0.0</fprob>
        </actor>
        <actor name="D0N4">
            <wcet number="0">10</wcet>
            <wcet number="1">10</wcet>
            <maxpow number="0.8658788819249099"/>
            <maxpow number="0.8658788819249099"/>
            <fprob>0.0</fprob>
        </actor>
        <actor name="D0N26">
            <wcet number="0">60</wcet>
            <wcet number="1">100</wcet>
            <maxpow number="0.5456753761518859"/>
            <maxpow number="0.5456753761518859"/>
            <fprob>0.0</fprob>
        </actor>
        <actor name="D0N11">
            <wcet number="0">30</wcet>
            <wcet number="1">110</wcet>
            <maxpow number="0.5344464907958781"/>
            <maxpow number="0.5344464907958781"/>
            <fprob>0.0</fprob>
        </actor>
        <actor name="D0N43">
            <wcet number="0">150</wcet>
            <wcet number="1">150</wcet>
            <maxpow number="0.6927831069073265"/>
            <maxpow number="0.6927831069073265"/>
            <fprob>0.0</fprob>
        </actor>
        <actor name="D0N35">
            <wcet number="0">10</wcet>
            <wcet number="1">110</wcet>
            <maxpow number="0.5666476429597294"/>
            <maxpow number="0.5666476429597294"/>
            <fprob>0.0</fprob>
        </actor>
        <actor name="D0N15">
            <wcet number="0">40</wcet>
            <wcet number="1">100</wcet>
            <maxpow number="0.5595555730912012"/>
            <maxpow number="0.5595555730912012"/>
            <fprob>0.0</fprob>
        </actor>
        <actor name="D0N39">
            <wcet number="0">30</wcet>
            <wcet number="1">130</wcet>
            <maxpow number="0.6695631196528111"/>
            <maxpow number="0.6695631196528111"/>
            <fprob>0.0</fprob>
        </actor>
        <actor name="D0N16">
            <wcet number="0">90</wcet>
            <wcet number="1">250</wcet>
            <maxpow number="0.753747014798416"/>
            <maxpow number="0.753747014798416"/>
            <fprob>0.0</fprob>
        </actor>
        <actor name="D0N46">
            <wcet number="0">200</wcet>
            <wcet number="1">640</wcet>
            <maxpow number="0.5790488803377157"/>
            <maxpow number="0.5790488803377157"/>
            <fprob>0.0</fprob>
        </actor>
        <actor name="D0N25">
            <wcet number="0">120</wcet>
            <wcet number="1">270</wcet>
            <maxpow number="0.6936109625139054"/>
            <maxpow number="0.6936109625139054"/>
            <fprob>0.0</fprob>
        </actor>
        <actor name="D0N34">
            <wcet number="0">40</wcet>
            <wcet number="1">50</wcet>
            <maxpow number="0.5620153978254904"/>
            <maxpow number="0.5620153978254904"/>
            <fprob>0.0</fprob>
        </actor>
        <actor name="D0N23">
            <wcet number="0">160</wcet>
            <wcet number="1">290</wcet>
            <maxpow number="0.1943088779490259"/>
            <maxpow number="0.1943088779490259"/>
            <fprob>0.0</fprob>
        </actor>
        <actor name="D0N40">
            <wcet number="0">190</wcet>
            <wcet number="1">280</wcet>
            <maxpow number="0.4490922539295574"/>
            <maxpow number="0.4490922539295574"/>
            <fprob>0.0</fprob>
        </actor>
        <actor name="D0N2">
            <wcet number="0">230</wcet>
            <wcet number="1">570</wcet>
            <maxpow number="0.6481438956382382"/>
            <maxpow number="0.6481438956382382"/>
            <fprob>0.0</fprob>
        </actor>
        <actor name="D0N20">
            <wcet number="0">60</wcet>
            <wcet number="1">140</wcet>
            <maxpow number="0.7736473457982431"/>
            <maxpow number="0.7736473457982431"/>
            <fprob>0.0</fprob>
        </actor>
        <actor name="D0N42">
            <wcet number="0">50</wcet>
            <wcet number="1">70</wcet>
            <maxpow number="0.5518955938025285"/>
            <maxpow number="0.5518955938025285"/>
            <fprob>0.0</fprob>
        </actor>
        <actor name="D0N19">
            <wcet number="0">30</wcet>
            <wcet number="1">120</wcet>
            <maxpow number="0.6140832401676167"/>
            <maxpow number="0.6140832401676167"/>
            <fprob>0.0</fprob>
        </actor>
        <actor name="D0N33">
            <wcet number="0">140</wcet>
            <wcet number="1">170</wcet>
            <maxpow number="0.7400829797598573"/>
            <maxpow number="0.7400829797598573"/>
            <fprob>0.0</fprob>
        </actor>
        <actor name="D0N0">
            <wcet number="0">270</wcet>
            <wcet number="1">300</wcet>
            <maxpow number="0.4478182070961751"/>
            <maxpow number="0.4478182070961751"/>
            <fprob>0.0</fprob>
        </actor>
        <actor name="D0N7">
            <wcet number="0">170</wcet>
            <wcet number="1">190</wcet>
            <maxpow number="0.6438815701335978"/>
            <maxpow number="0.6438815701335978"/>
            <fprob>0.0</fprob>
        </actor>
        <ports>
            <port dstActor="D0N44" name="p0" srcActor="D0N9"/>
            <port dstActor="D0N37" name="p1" srcActor="D0N9"/>
            <port dstActor="D0N42" name="p2" srcActor="D0N9"/>
            <port dstActor="D0N34" name="p3" srcActor="D0N9"/>
            <port dstActor="D0N27" name="p4" srcActor="D0N9"/>
            <port dstActor="D0N23" name="p5" srcActor="D0N12"/>
            <port dstActor="D0N39" name="p6" srcActor="D0N12"/>
            <port dstActor="D0N30" name="p7" srcActor="D0N28"/>
            <port dstActor="D0N38" name="p8" srcActor="D0N28"/>
            <port dstActor="D0N33" name="p9" srcActor="D0N14"/>
            <port dstActor="D0N28" name="p10" srcActor="D0N14"/>
            <port dstActor="D0N42" name="p11" srcActor="D0N38"/>
            <port dstActor="D0N31" name="p12" srcActor="D0N29"/>
            <port dstActor="D0N33" name="p13" srcActor="D0N29"/>
            <port dstActor="D0N40" name="p14" srcActor="D0N13"/>
            <port dstActor="D0N31" name="p15" srcActor="D0N13"/>
            <port dstActor="D0N22" name="p16" srcActor="D0N13"/>
            <port dstActor="D0N27" name="p17" srcActor="D0N13"/>
            <port dstActor="D0N20" name="p18" srcActor="D0N13"/>
            <port dstActor="D0N44" name="p19" srcActor="D0N27"/>
            <port dstActor="D0N45" name="p20" srcActor="D0N27"/>
            <port dstActor="D0N32" name="p21" srcActor="D0N24"/>
            <port dstActor="D0N25" name="p22" srcActor="D0N17"/>
            <port dstActor="D0N42" name="p23" srcActor="D0N17"/>
            <port dstActor="D0N15" name="p24" srcActor="D0N6"/>
            <port dstActor="D0N40" name="p25" srcActor="D0N6"/>
            <port dstActor="D0N18" name="p26" srcActor="D0N6"/>
            <port dstActor="D0N23" name="p27" srcActor="D0N6"/>
            <port dstActor="D0N30" name="p28" srcActor="D0N5"/>
            <port dstActor="D0N14" name="p29" srcActor="D0N5"/>
            <port dstActor="D0N6" name="p30" srcActor="D0N5"/>
            <port dstActor="D0N34" name="p31" srcActor="D0N31"/>
            <port dstActor="D0N46" name="p32" srcActor="D0N44"/>
            <port dstActor="D0N31" name="p33" srcActor="D0N10"/>
            <port dstActor="D0N34" name="p34" srcActor="D0N10"/>
            <port dstActor="D0N44" name="p35" srcActor="D0N10"/>
            <port dstActor="D0N29" name="p36" srcActor="D0N10"/>
            <port dstActor="D0N13" name="p37" srcActor="D0N8"/>
            <port dstActor="D0N33" name="p38" srcActor="D0N8"/>
            <port dstActor="D0N26" name="p39" srcActor="D0N8"/>
            <port dstActor="D0N42" name="p40" srcActor="D0N8"/>
            <port dstActor="D0N23" name="p41" srcActor="D0N18"/>
            <port dstActor="D0N25" name="p42" srcActor="D0N18"/>
            <port dstActor="D0N35" name="p43" srcActor="D0N18"/>
            <port dstActor="D0N27" name="p44" srcActor="D0N3"/>
            <port dstActor="D0N4" name="p45" srcActor="D0N3"/>
            <port dstActor="D0N12" name="p46" srcActor="D0N3"/>
            <port dstActor="D0N11" name="p47" srcActor="D0N3"/>
            <port dstActor="D0N36" name="p48" srcActor="D0N3"/>
            <port dstActor="D0N20" name="p49" srcActor="D0N3"/>
            <port dstActor="D0N26" name="p50" srcActor="D0N21"/>
            <port dstActor="D0N37" name="p51" srcActor="D0N21"/>
            <port dstActor="D0N28" name="p52" srcActor="D0N21"/>
            <port dstActor="D0N33" name="p53" srcActor="D0N30"/>
            <port dstActor="D0N38" name="p54" srcActor="D0N37"/>
            <port dstActor="D0N39" name="p55" srcActor="D0N22"/>
            <port dstActor="D0N46" name="p56" srcActor="D0N22"/>
            <port dstActor="D0N41" name="p57" srcActor="D0N4"/>
            <port dstActor="D0N9" name="p58" srcActor="D0N4"/>
            <port dstActor="D0N10" name="p59" srcActor="D0N4"/>
            <port dstActor="D0N42" name="p60" srcActor="D0N26"/>
            <port dstActor="D0N46" name="p61" srcActor="D0N26"/>
            <port dstActor="D0N29" name="p62" srcActor="D0N11"/>
            <port dstActor="D0N46" name="p63" srcActor="D0N11"/>
            <port dstActor="D0N44" name="p64" srcActor="D0N43"/>
            <port dstActor="D0N47" name="p65" srcActor="D0N15"/>
            <port dstActor="D0N20" name="p66" srcActor="D0N15"/>
            <port dstActor="D0N37" name="p67" srcActor="D0N15"/>
            <port dstActor="D0N45" name="p68" srcActor="D0N15"/>
            <port dstActor="D0N18" name="p69" srcActor="D0N15"/>
            <port dstActor="D0N38" name="p70" srcActor="D0N15"/>
            <port dstActor="D0N22" name="p71" srcActor="D0N15"/>
            <port dstActor="D0N40" name="p72" srcActor="D0N16"/>
            <port dstActor="D0N42" name="p73" srcActor="D0N16"/>
            <port dstActor="D0N24" name="p74" srcActor="D0N16"/>
            <port dstActor="D0N35" name="p75" srcActor="D0N16"/>
            <port dstActor="D0N22" name="p76" srcActor="D0N16"/>
            <port dstActor="D0N46" name="p77" srcActor="D0N34"/>
            <port dstActor="D0N45" name="p78" srcActor="D0N34"/>
            <port dstActor="D0N24" name="p79" srcActor="D0N23"/>
            <port dstActor="D0N43" name="p80" srcActor="D0N23"/>
            <port dstActor="D0N36" name="p81" srcActor="D0N23"/>
            <port dstActor="D0N44" name="p82" srcActor="D0N40"/>
            <port dstActor="D0N46" name="p83" srcActor="D0N2"/>
            <port dstActor="D0N8" name="p84" srcActor="D0N2"/>
            <port dstActor="D0N23" name="p85" srcActor="D0N20"/>
            <port dstActor="D0N47" name="p86" srcActor="D0N42"/>
            <port dstActor="D0N37" name="p87" srcActor="D0N19"/>
            <port dstActor="D0N42" name="p88" srcActor="D0N33"/>
            <port dstActor="D0N45" name="p89" srcActor="D0N33"/>
            <port dstActor="D0N25" name="p90" srcActor="D0N0"/>
            <port dstActor="D0N7" name="p91" srcActor="D0N0"/>
            <port dstActor="D0N3" name="p92" srcActor="D0N0"/>
            <port dstActor="D0N5" name="p93" srcActor="D0N0"/>
            <port dstActor="D0N24" name="p94" srcActor="D0N0"/>
            <port dstActor="D0N22" name="p95" srcActor="D0N7"/>
        </ports>
    </mcdag>
    <cores number="3"/>
    <levels number="2"/>
</mcsystem>
