<?xml version="1.0" encoding="UTF-8" standalone="no"?>
<mcsystem>
    <mcdag deadline="2200" name="genned-0-ed-10.0-0">
        <actor name="D0N7">
            <wcet number="0">50</wcet>
            <wcet number="1">80</wcet>
            <maxpow number="0.3228395056074863"/>
            <maxpow number="0.3228395056074863"/>
            <fprob>0.0</fprob>
        </actor>
        <actor name="D0N26">
            <wcet number="0">20</wcet>
            <wcet number="1">50</wcet>
            <maxpow number="0.630376137547597"/>
            <maxpow number="0.630376137547597"/>
            <fprob>0.0</fprob>
        </actor>
        <actor name="D0N15">
            <wcet number="0">20</wcet>
            <wcet number="1">30</wcet>
            <maxpow number="0.7992746618199196"/>
            <maxpow number="0.7992746618199196"/>
            <fprob>0.0</fprob>
        </actor>
        <actor name="D0N16">
            <wcet number="0">140</wcet>
            <wcet number="1">190</wcet>
            <maxpow number="0.32551903791080583"/>
            <maxpow number="0.32551903791080583"/>
            <fprob>0.0</fprob>
        </actor>
        <actor name="D0N31">
            <wcet number="0">10</wcet>
            <wcet number="1">10</wcet>
            <maxpow number="0.2830033682599317"/>
            <maxpow number="0.2830033682599317"/>
            <fprob>0.0</fprob>
        </actor>
        <actor name="D0N17">
            <wcet number="0">50</wcet>
            <wcet number="1">260</wcet>
            <maxpow number="0.28857617862035984"/>
            <maxpow number="0.28857617862035984"/>
            <fprob>0.0</fprob>
        </actor>
        <actor name="D0N20">
            <wcet number="0">170</wcet>
            <wcet number="1">190</wcet>
            <maxpow number="0.6230452519497808"/>
            <maxpow number="0.6230452519497808"/>
            <fprob>0.0</fprob>
        </actor>
        <actor name="D0N21">
            <wcet number="0">10</wcet>
            <wcet number="1">30</wcet>
            <maxpow number="0.5308149589390472"/>
            <maxpow number="0.5308149589390472"/>
            <fprob>0.0</fprob>
        </actor>
        <actor name="D0N19">
            <wcet number="0">150</wcet>
            <wcet number="1">230</wcet>
            <maxpow number="0.5826259061437623"/>
            <maxpow number="0.5826259061437623"/>
            <fprob>0.0</fprob>
        </actor>
        <actor name="D0N45">
            <wcet number="0">50</wcet>
            <wcet number="1">360</wcet>
            <maxpow number="0.6004141346899445"/>
            <maxpow number="0.6004141346899445"/>
            <fprob>0.0</fprob>
        </actor>
        <actor name="D0N4">
            <wcet number="0">60</wcet>
            <wcet number="1">110</wcet>
            <maxpow number="0.734362117635974"/>
            <maxpow number="0.734362117635974"/>
            <fprob>0.0</fprob>
        </actor>
        <actor name="D0N9">
            <wcet number="0">10</wcet>
            <wcet number="1">10</wcet>
            <maxpow number="0.5962526891882612"/>
            <maxpow number="0.5962526891882612"/>
            <fprob>0.0</fprob>
        </actor>
        <actor name="D0N14">
            <wcet number="0">100</wcet>
            <wcet number="1">150</wcet>
            <maxpow number="0.3487933820430552"/>
            <maxpow number="0.3487933820430552"/>
            <fprob>0.0</fprob>
        </actor>
        <actor name="D0N33">
            <wcet number="0">20</wcet>
            <wcet number="1">20</wcet>
            <maxpow number="0.5484848471219876"/>
            <maxpow number="0.5484848471219876"/>
            <fprob>0.0</fprob>
        </actor>
        <actor name="D0N38">
            <wcet number="0">40</wcet>
            <wcet number="1">140</wcet>
            <maxpow number="0.5780680324085343"/>
            <maxpow number="0.5780680324085343"/>
            <fprob>0.0</fprob>
        </actor>
        <actor name="D0N18">
            <wcet number="0">30</wcet>
            <wcet number="1">40</wcet>
            <maxpow number="0.31562872014032484"/>
            <maxpow number="0.31562872014032484"/>
            <fprob>0.0</fprob>
        </actor>
        <actor name="D0N40">
            <wcet number="0">90</wcet>
            <wcet number="1">230</wcet>
            <maxpow number="0.264897654800893"/>
            <maxpow number="0.264897654800893"/>
            <fprob>0.0</fprob>
        </actor>
        <actor name="D0N24">
            <wcet number="0">100</wcet>
            <wcet number="1">150</wcet>
            <maxpow number="0.8579829798218457"/>
            <maxpow number="0.8579829798218457"/>
            <fprob>0.0</fprob>
        </actor>
        <actor name="D0N27">
            <wcet number="0">330</wcet>
            <wcet number="1">370</wcet>
            <maxpow number="0.6414217496488087"/>
            <maxpow number="0.6414217496488087"/>
            <fprob>0.0</fprob>
        </actor>
        <actor name="D0N6">
            <wcet number="0">290</wcet>
            <wcet number="1">400</wcet>
            <maxpow number="0.7060341915432945"/>
            <maxpow number="0.7060341915432945"/>
            <fprob>0.0</fprob>
        </actor>
        <actor name="D0N37">
            <wcet number="0">100</wcet>
            <wcet number="1">100</wcet>
            <maxpow number="0.6296183995551132"/>
            <maxpow number="0.6296183995551132"/>
            <fprob>0.0</fprob>
        </actor>
        <actor name="D0N5">
            <wcet number="0">20</wcet>
            <wcet number="1">80</wcet>
            <maxpow number="0.6837307172352447"/>
            <maxpow number="0.6837307172352447"/>
            <fprob>0.0</fprob>
        </actor>
        <actor name="D0N2">
            <wcet number="0">120</wcet>
            <wcet number="1">180</wcet>
            <maxpow number="0.5700378813647548"/>
            <maxpow number="0.5700378813647548"/>
            <fprob>0.0</fprob>
        </actor>
        <actor name="D0N32">
            <wcet number="0">20</wcet>
            <wcet number="1">90</wcet>
            <maxpow number="0.6293560352152964"/>
            <maxpow number="0.6293560352152964"/>
            <fprob>0.0</fprob>
        </actor>
        <actor name="D0N0">
            <wcet number="0">40</wcet>
            <wcet number="1">60</wcet>
            <maxpow number="0.1591661863715214"/>
            <maxpow number="0.1591661863715214"/>
            <fprob>0.0</fprob>
        </actor>
        <actor name="D0N11">
            <wcet number="0">10</wcet>
            <wcet number="1">30</wcet>
            <maxpow number="0.31032030233728186"/>
            <maxpow number="0.31032030233728186"/>
            <fprob>0.0</fprob>
        </actor>
        <actor name="D0N39">
            <wcet number="0">40</wcet>
            <wcet number="1">90</wcet>
            <maxpow number="0.4874223935622036"/>
            <maxpow number="0.4874223935622036"/>
            <fprob>0.0</fprob>
        </actor>
        <actor name="D0N12">
            <wcet number="0">30</wcet>
            <wcet number="1">200</wcet>
            <maxpow number="0.3546440470348976"/>
            <maxpow number="0.3546440470348976"/>
            <fprob>0.0</fprob>
        </actor>
        <actor name="D0N29">
            <wcet number="0">480</wcet>
            <wcet number="1">530</wcet>
            <maxpow number="0.5395656377361945"/>
            <maxpow number="0.5395656377361945"/>
            <fprob>0.0</fprob>
        </actor>
        <actor name="D0N23">
            <wcet number="0">140</wcet>
            <wcet number="1">190</wcet>
            <maxpow number="0.33902760575051205"/>
            <maxpow number="0.33902760575051205"/>
            <fprob>0.0</fprob>
        </actor>
        <actor name="D0N10">
            <wcet number="0">90</wcet>
            <wcet number="1">100</wcet>
            <maxpow number="0.6349695271903775"/>
            <maxpow number="0.6349695271903775"/>
            <fprob>0.0</fprob>
        </actor>
        <actor name="D0N8">
            <wcet number="0">10</wcet>
            <wcet number="1">40</wcet>
            <maxpow number="0.49025136398076985"/>
            <maxpow number="0.49025136398076985"/>
            <fprob>0.0</fprob>
        </actor>
        <actor name="D0N41">
            <wcet number="0">10</wcet>
            <wcet number="1">10</wcet>
            <maxpow number="0.5031943010264273"/>
            <maxpow number="0.5031943010264273"/>
            <fprob>0.0</fprob>
        </actor>
        <actor name="D0N47">
            <wcet number="0">10</wcet>
            <wcet number="1">10</wcet>
            <maxpow number="0.6299679736421037"/>
            <maxpow number="0.6299679736421037"/>
            <fprob>0.0</fprob>
        </actor>
        <actor name="D0N36">
            <wcet number="0">70</wcet>
            <wcet number="1">70</wcet>
            <maxpow number="0.5241455142790776"/>
            <maxpow number="0.5241455142790776"/>
            <fprob>0.0</fprob>
        </actor>
        <actor name="D0N3">
            <wcet number="0">40</wcet>
            <wcet number="1">60</wcet>
            <maxpow number="0.3642885465489658"/>
            <maxpow number="0.3642885465489658"/>
            <fprob>0.0</fprob>
        </actor>
        <actor name="D0N1">
            <wcet number="0">20</wcet>
            <wcet number="1">20</wcet>
            <maxpow number="0.5751969281309279"/>
            <maxpow number="0.5751969281309279"/>
            <fprob>0.0</fprob>
        </actor>
        <actor name="D0N22">
            <wcet number="0">190</wcet>
            <wcet number="1">460</wcet>
            <maxpow number="0.5155847671462016"/>
            <maxpow number="0.5155847671462016"/>
            <fprob>0.0</fprob>
        </actor>
        <actor name="D0N35">
            <wcet number="0">20</wcet>
            <wcet number="1">130</wcet>
            <maxpow number="0.7084387181199411"/>
            <maxpow number="0.7084387181199411"/>
            <fprob>0.0</fprob>
        </actor>
        <actor name="D0N30">
            <wcet number="0">10</wcet>
            <wcet number="1">20</wcet>
            <maxpow number="0.5577907664910191"/>
            <maxpow number="0.5577907664910191"/>
            <fprob>0.0</fprob>
        </actor>
        <actor name="D0N34">
            <wcet number="0">30</wcet>
            <wcet number="1">90</wcet>
            <maxpow number="0.7978102352785347"/>
            <maxpow number="0.7978102352785347"/>
            <fprob>0.0</fprob>
        </actor>
        <actor name="D0N28">
            <wcet number="0">110</wcet>
            <wcet number="1">290</wcet>
            <maxpow number="0.3493992437113874"/>
            <maxpow number="0.3493992437113874"/>
            <fprob>0.0</fprob>
        </actor>
        <actor name="D0N25">
            <wcet number="0">10</wcet>
            <wcet number="1">220</wcet>
            <maxpow number="0.3905544265684784"/>
            <maxpow number="0.3905544265684784"/>
            <fprob>0.0</fprob>
        </actor>
        <actor name="D0N42">
            <wcet number="0">10</wcet>
            <wcet number="1">40</wcet>
            <maxpow number="0.6097557819275642"/>
            <maxpow number="0.6097557819275642"/>
            <fprob>0.0</fprob>
        </actor>
        <actor name="D0N44">
            <wcet number="0">20</wcet>
            <wcet number="1">50</wcet>
            <maxpow number="0.8520812058847218"/>
            <maxpow number="0.8520812058847218"/>
            <fprob>0.0</fprob>
        </actor>
        <actor name="D0N46">
            <wcet number="0">100</wcet>
            <wcet number="1">100</wcet>
            <maxpow number="0.8749623638578313"/>
            <maxpow number="0.8749623638578313"/>
            <fprob>0.0</fprob>
        </actor>
        <actor name="D0N13">
            <wcet number="0">30</wcet>
            <wcet number="1">30</wcet>
            <maxpow number="0.4914109337320811"/>
            <maxpow number="0.4914109337320811"/>
            <fprob>0.0</fprob>
        </actor>
        <actor name="D0N43">
            <wcet number="0">30</wcet>
            <wcet number="1">40</wcet>
            <maxpow number="0.37355987658785844"/>
            <maxpow number="0.37355987658785844"/>
            <fprob>0.0</fprob>
        </actor>
        <ports>
            <port dstActor="D0N24" name="p0" srcActor="D0N7"/>
            <port dstActor="D0N43" name="p1" srcActor="D0N7"/>
            <port dstActor="D0N30" name="p2" srcActor="D0N7"/>
            <port dstActor="D0N10" name="p3" srcActor="D0N7"/>
            <port dstActor="D0N46" name="p4" srcActor="D0N26"/>
            <port dstActor="D0N22" name="p5" srcActor="D0N15"/>
            <port dstActor="D0N23" name="p6" srcActor="D0N15"/>
            <port dstActor="D0N35" name="p7" srcActor="D0N16"/>
            <port dstActor="D0N22" name="p8" srcActor="D0N16"/>
            <port dstActor="D0N37" name="p9" srcActor="D0N31"/>
            <port dstActor="D0N35" name="p10" srcActor="D0N17"/>
            <port dstActor="D0N44" name="p11" srcActor="D0N17"/>
            <port dstActor="D0N22" name="p12" srcActor="D0N17"/>
            <port dstActor="D0N34" name="p13" srcActor="D0N17"/>
            <port dstActor="D0N40" name="p14" srcActor="D0N17"/>
            <port dstActor="D0N24" name="p15" srcActor="D0N20"/>
            <port dstActor="D0N28" name="p16" srcActor="D0N20"/>
            <port dstActor="D0N40" name="p17" srcActor="D0N20"/>
            <port dstActor="D0N46" name="p18" srcActor="D0N20"/>
            <port dstActor="D0N24" name="p19" srcActor="D0N21"/>
            <port dstActor="D0N33" name="p20" srcActor="D0N21"/>
            <port dstActor="D0N36" name="p21" srcActor="D0N19"/>
            <port dstActor="D0N37" name="p22" srcActor="D0N19"/>
            <port dstActor="D0N47" name="p23" srcActor="D0N19"/>
            <port dstActor="D0N26" name="p24" srcActor="D0N19"/>
            <port dstActor="D0N34" name="p25" srcActor="D0N19"/>
            <port dstActor="D0N19" name="p26" srcActor="D0N4"/>
            <port dstActor="D0N35" name="p27" srcActor="D0N4"/>
            <port dstActor="D0N22" name="p28" srcActor="D0N4"/>
            <port dstActor="D0N9" name="p29" srcActor="D0N4"/>
            <port dstActor="D0N37" name="p30" srcActor="D0N4"/>
            <port dstActor="D0N46" name="p31" srcActor="D0N9"/>
            <port dstActor="D0N42" name="p32" srcActor="D0N9"/>
            <port dstActor="D0N16" name="p33" srcActor="D0N9"/>
            <port dstActor="D0N39" name="p34" srcActor="D0N9"/>
            <port dstActor="D0N29" name="p35" srcActor="D0N9"/>
            <port dstActor="D0N30" name="p36" srcActor="D0N14"/>
            <port dstActor="D0N20" name="p37" srcActor="D0N14"/>
            <port dstActor="D0N38" name="p38" srcActor="D0N14"/>
            <port dstActor="D0N39" name="p39" srcActor="D0N33"/>
            <port dstActor="D0N47" name="p40" srcActor="D0N38"/>
            <port dstActor="D0N32" name="p41" srcActor="D0N18"/>
            <port dstActor="D0N43" name="p42" srcActor="D0N18"/>
            <port dstActor="D0N47" name="p43" srcActor="D0N18"/>
            <port dstActor="D0N41" name="p44" srcActor="D0N27"/>
            <port dstActor="D0N14" name="p45" srcActor="D0N6"/>
            <port dstActor="D0N37" name="p46" srcActor="D0N6"/>
            <port dstActor="D0N45" name="p47" srcActor="D0N37"/>
            <port dstActor="D0N17" name="p48" srcActor="D0N5"/>
            <port dstActor="D0N28" name="p49" srcActor="D0N5"/>
            <port dstActor="D0N31" name="p50" srcActor="D0N5"/>
            <port dstActor="D0N33" name="p51" srcActor="D0N2"/>
            <port dstActor="D0N43" name="p52" srcActor="D0N2"/>
            <port dstActor="D0N7" name="p53" srcActor="D0N2"/>
            <port dstActor="D0N38" name="p54" srcActor="D0N2"/>
            <port dstActor="D0N47" name="p55" srcActor="D0N2"/>
            <port dstActor="D0N36" name="p56" srcActor="D0N32"/>
            <port dstActor="D0N37" name="p57" srcActor="D0N32"/>
            <port dstActor="D0N33" name="p58" srcActor="D0N32"/>
            <port dstActor="D0N26" name="p59" srcActor="D0N0"/>
            <port dstActor="D0N6" name="p60" srcActor="D0N0"/>
            <port dstActor="D0N32" name="p61" srcActor="D0N0"/>
            <port dstActor="D0N29" name="p62" srcActor="D0N0"/>
            <port dstActor="D0N20" name="p63" srcActor="D0N11"/>
            <port dstActor="D0N45" name="p64" srcActor="D0N11"/>
            <port dstActor="D0N46" name="p65" srcActor="D0N11"/>
            <port dstActor="D0N46" name="p66" srcActor="D0N39"/>
            <port dstActor="D0N44" name="p67" srcActor="D0N12"/>
            <port dstActor="D0N15" name="p68" srcActor="D0N12"/>
            <port dstActor="D0N35" name="p69" srcActor="D0N29"/>
            <port dstActor="D0N40" name="p70" srcActor="D0N29"/>
            <port dstActor="D0N28" name="p71" srcActor="D0N23"/>
            <port dstActor="D0N43" name="p72" srcActor="D0N23"/>
            <port dstActor="D0N44" name="p73" srcActor="D0N23"/>
            <port dstActor="D0N24" name="p74" srcActor="D0N10"/>
            <port dstActor="D0N27" name="p75" srcActor="D0N10"/>
            <port dstActor="D0N16" name="p76" srcActor="D0N10"/>
            <port dstActor="D0N25" name="p77" srcActor="D0N10"/>
            <port dstActor="D0N20" name="p78" srcActor="D0N8"/>
            <port dstActor="D0N23" name="p79" srcActor="D0N8"/>
            <port dstActor="D0N41" name="p80" srcActor="D0N8"/>
            <port dstActor="D0N42" name="p81" srcActor="D0N41"/>
            <port dstActor="D0N39" name="p82" srcActor="D0N36"/>
            <port dstActor="D0N42" name="p83" srcActor="D0N3"/>
            <port dstActor="D0N44" name="p84" srcActor="D0N3"/>
            <port dstActor="D0N30" name="p85" srcActor="D0N3"/>
            <port dstActor="D0N45" name="p86" srcActor="D0N3"/>
            <port dstActor="D0N27" name="p87" srcActor="D0N3"/>
            <port dstActor="D0N43" name="p88" srcActor="D0N3"/>
            <port dstActor="D0N4" name="p89" srcActor="D0N3"/>
            <port dstActor="D0N10" name="p90" srcActor="D0N1"/>
            <port dstActor="D0N17" name="p91" srcActor="D0N1"/>
            <port dstActor="D0N29" name="p92" srcActor="D0N1"/>
            <port dstActor="D0N42" name="p93" srcActor="D0N1"/>
            <port dstActor="D0N43" name="p94" srcActor="D0N1"/>
            <port dstActor="D0N40" name="p95" srcActor="D0N1"/>
            <port dstActor="D0N28" name="p96" srcActor="D0N22"/>
            <port dstActor="D0N32" name="p97" srcActor="D0N22"/>
            <port dstActor="D0N46" name="p98" srcActor="D0N35"/>
            <port dstActor="D0N36" name="p99" srcActor="D0N35"/>
            <port dstActor="D0N37" name="p100" srcActor="D0N30"/>
            <port dstActor="D0N37" name="p101" srcActor="D0N34"/>
            <port dstActor="D0N42" name="p102" srcActor="D0N34"/>
            <port dstActor="D0N46" name="p103" srcActor="D0N28"/>
            <port dstActor="D0N39" name="p104" srcActor="D0N25"/>
            <port dstActor="D0N37" name="p105" srcActor="D0N25"/>
            <port dstActor="D0N44" name="p106" srcActor="D0N25"/>
            <port dstActor="D0N45" name="p107" srcActor="D0N44"/>
            <port dstActor="D0N40" name="p108" srcActor="D0N13"/>
            <port dstActor="D0N25" name="p109" srcActor="D0N13"/>
            <port dstActor="D0N18" name="p110" srcActor="D0N13"/>
            <port dstActor="D0N45" name="p111" srcActor="D0N43"/>
        </ports>
    </mcdag>
    <cores number="3"/>
    <levels number="2"/>
</mcsystem>
