<?xml version="1.0" encoding="UTF-8" standalone="no"?>
<mcsystem>
    <mcdag deadline="1200" name="genned-0-ed-10.0-0">
        <actor name="D0N2">
            <wcet number="0">100</wcet>
            <wcet number="1">170</wcet>
            <maxpow number="0.5715647651162563"/>
            <maxpow number="0.5715647651162563"/>
            <fprob>0.0</fprob>
        </actor>
        <actor name="D0N42">
            <wcet number="0">50</wcet>
            <wcet number="1">50</wcet>
            <maxpow number="0.30441671431720363"/>
            <maxpow number="0.30441671431720363"/>
            <fprob>0.0</fprob>
        </actor>
        <actor name="D0N38">
            <wcet number="0">10</wcet>
            <wcet number="1">30</wcet>
            <maxpow number="0.7745621183581017"/>
            <maxpow number="0.7745621183581017"/>
            <fprob>0.0</fprob>
        </actor>
        <actor name="D0N0">
            <wcet number="0">10</wcet>
            <wcet number="1">20</wcet>
            <maxpow number="0.4623223446334358"/>
            <maxpow number="0.4623223446334358"/>
            <fprob>0.0</fprob>
        </actor>
        <actor name="D0N43">
            <wcet number="0">10</wcet>
            <wcet number="1">10</wcet>
            <maxpow number="0.697474001963575"/>
            <maxpow number="0.697474001963575"/>
            <fprob>0.0</fprob>
        </actor>
        <actor name="D0N31">
            <wcet number="0">60</wcet>
            <wcet number="1">60</wcet>
            <maxpow number="0.7363056693941674"/>
            <maxpow number="0.7363056693941674"/>
            <fprob>0.0</fprob>
        </actor>
        <actor name="D0N36">
            <wcet number="0">10</wcet>
            <wcet number="1">10</wcet>
            <maxpow number="0.5360847791004181"/>
            <maxpow number="0.5360847791004181"/>
            <fprob>0.0</fprob>
        </actor>
        <actor name="D0N7">
            <wcet number="0">70</wcet>
            <wcet number="1">160</wcet>
            <maxpow number="0.8776376875530889"/>
            <maxpow number="0.8776376875530889"/>
            <fprob>0.0</fprob>
        </actor>
        <actor name="D0N3">
            <wcet number="0">130</wcet>
            <wcet number="1">240</wcet>
            <maxpow number="0.6667369313478593"/>
            <maxpow number="0.6667369313478593"/>
            <fprob>0.0</fprob>
        </actor>
        <actor name="D0N9">
            <wcet number="0">20</wcet>
            <wcet number="1">40</wcet>
            <maxpow number="0.5915809105828717"/>
            <maxpow number="0.5915809105828717"/>
            <fprob>0.0</fprob>
        </actor>
        <actor name="D0N14">
            <wcet number="0">20</wcet>
            <wcet number="1">30</wcet>
            <maxpow number="0.4767150095743464"/>
            <maxpow number="0.4767150095743464"/>
            <fprob>0.0</fprob>
        </actor>
        <actor name="D0N29">
            <wcet number="0">10</wcet>
            <wcet number="1">40</wcet>
            <maxpow number="0.6126920739830077"/>
            <maxpow number="0.6126920739830077"/>
            <fprob>0.0</fprob>
        </actor>
        <actor name="D0N35">
            <wcet number="0">20</wcet>
            <wcet number="1">70</wcet>
            <maxpow number="0.4573378126515116"/>
            <maxpow number="0.4573378126515116"/>
            <fprob>0.0</fprob>
        </actor>
        <actor name="D0N6">
            <wcet number="0">10</wcet>
            <wcet number="1">110</wcet>
            <maxpow number="0.8914868573498197"/>
            <maxpow number="0.8914868573498197"/>
            <fprob>0.0</fprob>
        </actor>
        <actor name="D0N21">
            <wcet number="0">60</wcet>
            <wcet number="1">80</wcet>
            <maxpow number="0.5238407707224869"/>
            <maxpow number="0.5238407707224869"/>
            <fprob>0.0</fprob>
        </actor>
        <actor name="D0N34">
            <wcet number="0">10</wcet>
            <wcet number="1">50</wcet>
            <maxpow number="0.5794800656533466"/>
            <maxpow number="0.5794800656533466"/>
            <fprob>0.0</fprob>
        </actor>
        <actor name="D0N12">
            <wcet number="0">20</wcet>
            <wcet number="1">140</wcet>
            <maxpow number="0.6756043869430253"/>
            <maxpow number="0.6756043869430253"/>
            <fprob>0.0</fprob>
        </actor>
        <actor name="D0N25">
            <wcet number="0">20</wcet>
            <wcet number="1">20</wcet>
            <maxpow number="0.7671942185048244"/>
            <maxpow number="0.7671942185048244"/>
            <fprob>0.0</fprob>
        </actor>
        <actor name="D0N15">
            <wcet number="0">20</wcet>
            <wcet number="1">30</wcet>
            <maxpow number="0.3429679157519334"/>
            <maxpow number="0.3429679157519334"/>
            <fprob>0.0</fprob>
        </actor>
        <actor name="D0N40">
            <wcet number="0">10</wcet>
            <wcet number="1">60</wcet>
            <maxpow number="0.7548920274332405"/>
            <maxpow number="0.7548920274332405"/>
            <fprob>0.0</fprob>
        </actor>
        <actor name="D0N24">
            <wcet number="0">50</wcet>
            <wcet number="1">50</wcet>
            <maxpow number="0.5280333744808596"/>
            <maxpow number="0.5280333744808596"/>
            <fprob>0.0</fprob>
        </actor>
        <actor name="D0N8">
            <wcet number="0">30</wcet>
            <wcet number="1">50</wcet>
            <maxpow number="0.7085578764102024"/>
            <maxpow number="0.7085578764102024"/>
            <fprob>0.0</fprob>
        </actor>
        <actor name="D0N13">
            <wcet number="0">60</wcet>
            <wcet number="1">110</wcet>
            <maxpow number="0.18022966169838273"/>
            <maxpow number="0.18022966169838273"/>
            <fprob>0.0</fprob>
        </actor>
        <actor name="D0N1">
            <wcet number="0">10</wcet>
            <wcet number="1">20</wcet>
            <maxpow number="0.3428706233016934"/>
            <maxpow number="0.3428706233016934"/>
            <fprob>0.0</fprob>
        </actor>
        <actor name="D0N32">
            <wcet number="0">10</wcet>
            <wcet number="1">10</wcet>
            <maxpow number="0.35108972104032177"/>
            <maxpow number="0.35108972104032177"/>
            <fprob>0.0</fprob>
        </actor>
        <actor name="D0N22">
            <wcet number="0">320</wcet>
            <wcet number="1">350</wcet>
            <maxpow number="0.5094189111935064"/>
            <maxpow number="0.5094189111935064"/>
            <fprob>0.0</fprob>
        </actor>
        <actor name="D0N23">
            <wcet number="0">170</wcet>
            <wcet number="1">220</wcet>
            <maxpow number="0.7323582651136895"/>
            <maxpow number="0.7323582651136895"/>
            <fprob>0.0</fprob>
        </actor>
        <actor name="D0N4">
            <wcet number="0">20</wcet>
            <wcet number="1">20</wcet>
            <maxpow number="0.7376377569542429"/>
            <maxpow number="0.7376377569542429"/>
            <fprob>0.0</fprob>
        </actor>
        <actor name="D0N41">
            <wcet number="0">120</wcet>
            <wcet number="1">120</wcet>
            <maxpow number="0.5088039007877087"/>
            <maxpow number="0.5088039007877087"/>
            <fprob>0.0</fprob>
        </actor>
        <actor name="D0N26">
            <wcet number="0">30</wcet>
            <wcet number="1">90</wcet>
            <maxpow number="0.722501469207918"/>
            <maxpow number="0.722501469207918"/>
            <fprob>0.0</fprob>
        </actor>
        <actor name="D0N20">
            <wcet number="0">10</wcet>
            <wcet number="1">10</wcet>
            <maxpow number="0.5425170546245444"/>
            <maxpow number="0.5425170546245444"/>
            <fprob>0.0</fprob>
        </actor>
        <actor name="D0N18">
            <wcet number="0">10</wcet>
            <wcet number="1">10</wcet>
            <maxpow number="0.8273250949652937"/>
            <maxpow number="0.8273250949652937"/>
            <fprob>0.0</fprob>
        </actor>
        <actor name="D0N27">
            <wcet number="0">150</wcet>
            <wcet number="1">180</wcet>
            <maxpow number="0.34337280917922797"/>
            <maxpow number="0.34337280917922797"/>
            <fprob>0.0</fprob>
        </actor>
        <actor name="D0N5">
            <wcet number="0">30</wcet>
            <wcet number="1">30</wcet>
            <maxpow number="0.5963020850523321"/>
            <maxpow number="0.5963020850523321"/>
            <fprob>0.0</fprob>
        </actor>
        <actor name="D0N17">
            <wcet number="0">50</wcet>
            <wcet number="1">50</wcet>
            <maxpow number="0.3472590931750562"/>
            <maxpow number="0.3472590931750562"/>
            <fprob>0.0</fprob>
        </actor>
        <actor name="D0N11">
            <wcet number="0">10</wcet>
            <wcet number="1">140</wcet>
            <maxpow number="0.3747439070948188"/>
            <maxpow number="0.3747439070948188"/>
            <fprob>0.0</fprob>
        </actor>
        <actor name="D0N19">
            <wcet number="0">60</wcet>
            <wcet number="1">70</wcet>
            <maxpow number="0.6595331553998303"/>
            <maxpow number="0.6595331553998303"/>
            <fprob>0.0</fprob>
        </actor>
        <actor name="D0N16">
            <wcet number="0">80</wcet>
            <wcet number="1">110</wcet>
            <maxpow number="0.6347281929178848"/>
            <maxpow number="0.6347281929178848"/>
            <fprob>0.0</fprob>
        </actor>
        <actor name="D0N37">
            <wcet number="0">10</wcet>
            <wcet number="1">10</wcet>
            <maxpow number="0.14641000271327514"/>
            <maxpow number="0.14641000271327514"/>
            <fprob>0.0</fprob>
        </actor>
        <actor name="D0N28">
            <wcet number="0">10</wcet>
            <wcet number="1">10</wcet>
            <maxpow number="0.5602232665145429"/>
            <maxpow number="0.5602232665145429"/>
            <fprob>0.0</fprob>
        </actor>
        <actor name="D0N30">
            <wcet number="0">10</wcet>
            <wcet number="1">20</wcet>
            <maxpow number="0.33498331267592285"/>
            <maxpow number="0.33498331267592285"/>
            <fprob>0.0</fprob>
        </actor>
        <actor name="D0N39">
            <wcet number="0">10</wcet>
            <wcet number="1">50</wcet>
            <maxpow number="0.3415453125880178"/>
            <maxpow number="0.3415453125880178"/>
            <fprob>0.0</fprob>
        </actor>
        <actor name="D0N10">
            <wcet number="0">20</wcet>
            <wcet number="1">50</wcet>
            <maxpow number="0.5184670543692229"/>
            <maxpow number="0.5184670543692229"/>
            <fprob>0.0</fprob>
        </actor>
        <actor name="D0N33">
            <wcet number="0">30</wcet>
            <wcet number="1">40</wcet>
            <maxpow number="0.7021578909801143"/>
            <maxpow number="0.7021578909801143"/>
            <fprob>0.0</fprob>
        </actor>
        <ports>
            <port dstActor="D0N3" name="p0" srcActor="D0N2"/>
            <port dstActor="D0N8" name="p1" srcActor="D0N2"/>
            <port dstActor="D0N36" name="p2" srcActor="D0N0"/>
            <port dstActor="D0N8" name="p3" srcActor="D0N0"/>
            <port dstActor="D0N38" name="p4" srcActor="D0N0"/>
            <port dstActor="D0N39" name="p5" srcActor="D0N36"/>
            <port dstActor="D0N17" name="p6" srcActor="D0N7"/>
            <port dstActor="D0N40" name="p7" srcActor="D0N7"/>
            <port dstActor="D0N19" name="p8" srcActor="D0N3"/>
            <port dstActor="D0N32" name="p9" srcActor="D0N3"/>
            <port dstActor="D0N18" name="p10" srcActor="D0N3"/>
            <port dstActor="D0N31" name="p11" srcActor="D0N3"/>
            <port dstActor="D0N14" name="p12" srcActor="D0N9"/>
            <port dstActor="D0N38" name="p13" srcActor="D0N9"/>
            <port dstActor="D0N31" name="p14" srcActor="D0N9"/>
            <port dstActor="D0N41" name="p15" srcActor="D0N14"/>
            <port dstActor="D0N18" name="p16" srcActor="D0N14"/>
            <port dstActor="D0N24" name="p17" srcActor="D0N14"/>
            <port dstActor="D0N32" name="p18" srcActor="D0N29"/>
            <port dstActor="D0N43" name="p19" srcActor="D0N29"/>
            <port dstActor="D0N25" name="p20" srcActor="D0N6"/>
            <port dstActor="D0N16" name="p21" srcActor="D0N6"/>
            <port dstActor="D0N32" name="p22" srcActor="D0N21"/>
            <port dstActor="D0N41" name="p23" srcActor="D0N21"/>
            <port dstActor="D0N42" name="p24" srcActor="D0N34"/>
            <port dstActor="D0N24" name="p25" srcActor="D0N12"/>
            <port dstActor="D0N39" name="p26" srcActor="D0N12"/>
            <port dstActor="D0N36" name="p27" srcActor="D0N12"/>
            <port dstActor="D0N41" name="p28" srcActor="D0N12"/>
            <port dstActor="D0N30" name="p29" srcActor="D0N12"/>
            <port dstActor="D0N33" name="p30" srcActor="D0N12"/>
            <port dstActor="D0N37" name="p31" srcActor="D0N12"/>
            <port dstActor="D0N27" name="p32" srcActor="D0N25"/>
            <port dstActor="D0N22" name="p33" srcActor="D0N15"/>
            <port dstActor="D0N43" name="p34" srcActor="D0N15"/>
            <port dstActor="D0N40" name="p35" srcActor="D0N15"/>
            <port dstActor="D0N19" name="p36" srcActor="D0N15"/>
            <port dstActor="D0N42" name="p37" srcActor="D0N40"/>
            <port dstActor="D0N29" name="p38" srcActor="D0N24"/>
            <port dstActor="D0N12" name="p39" srcActor="D0N8"/>
            <port dstActor="D0N43" name="p40" srcActor="D0N8"/>
            <port dstActor="D0N24" name="p41" srcActor="D0N8"/>
            <port dstActor="D0N14" name="p42" srcActor="D0N13"/>
            <port dstActor="D0N30" name="p43" srcActor="D0N13"/>
            <port dstActor="D0N36" name="p44" srcActor="D0N13"/>
            <port dstActor="D0N10" name="p45" srcActor="D0N1"/>
            <port dstActor="D0N7" name="p46" srcActor="D0N1"/>
            <port dstActor="D0N25" name="p47" srcActor="D0N1"/>
            <port dstActor="D0N31" name="p48" srcActor="D0N1"/>
            <port dstActor="D0N26" name="p49" srcActor="D0N1"/>
            <port dstActor="D0N26" name="p50" srcActor="D0N22"/>
            <port dstActor="D0N34" name="p51" srcActor="D0N22"/>
            <port dstActor="D0N24" name="p52" srcActor="D0N23"/>
            <port dstActor="D0N43" name="p53" srcActor="D0N23"/>
            <port dstActor="D0N40" name="p54" srcActor="D0N23"/>
            <port dstActor="D0N41" name="p55" srcActor="D0N23"/>
            <port dstActor="D0N13" name="p56" srcActor="D0N4"/>
            <port dstActor="D0N38" name="p57" srcActor="D0N26"/>
            <port dstActor="D0N40" name="p58" srcActor="D0N26"/>
            <port dstActor="D0N43" name="p59" srcActor="D0N20"/>
            <port dstActor="D0N37" name="p60" srcActor="D0N20"/>
            <port dstActor="D0N36" name="p61" srcActor="D0N18"/>
            <port dstActor="D0N31" name="p62" srcActor="D0N18"/>
            <port dstActor="D0N21" name="p63" srcActor="D0N18"/>
            <port dstActor="D0N40" name="p64" srcActor="D0N18"/>
            <port dstActor="D0N36" name="p65" srcActor="D0N27"/>
            <port dstActor="D0N28" name="p66" srcActor="D0N27"/>
            <port dstActor="D0N29" name="p67" srcActor="D0N27"/>
            <port dstActor="D0N30" name="p68" srcActor="D0N5"/>
            <port dstActor="D0N25" name="p69" srcActor="D0N5"/>
            <port dstActor="D0N41" name="p70" srcActor="D0N5"/>
            <port dstActor="D0N25" name="p71" srcActor="D0N17"/>
            <port dstActor="D0N24" name="p72" srcActor="D0N17"/>
            <port dstActor="D0N40" name="p73" srcActor="D0N17"/>
            <port dstActor="D0N28" name="p74" srcActor="D0N11"/>
            <port dstActor="D0N25" name="p75" srcActor="D0N11"/>
            <port dstActor="D0N41" name="p76" srcActor="D0N11"/>
            <port dstActor="D0N33" name="p77" srcActor="D0N11"/>
            <port dstActor="D0N33" name="p78" srcActor="D0N19"/>
            <port dstActor="D0N17" name="p79" srcActor="D0N16"/>
            <port dstActor="D0N29" name="p80" srcActor="D0N16"/>
            <port dstActor="D0N22" name="p81" srcActor="D0N16"/>
            <port dstActor="D0N26" name="p82" srcActor="D0N16"/>
            <port dstActor="D0N18" name="p83" srcActor="D0N16"/>
            <port dstActor="D0N40" name="p84" srcActor="D0N37"/>
            <port dstActor="D0N39" name="p85" srcActor="D0N37"/>
            <port dstActor="D0N39" name="p86" srcActor="D0N28"/>
            <port dstActor="D0N38" name="p87" srcActor="D0N28"/>
            <port dstActor="D0N41" name="p88" srcActor="D0N28"/>
            <port dstActor="D0N37" name="p89" srcActor="D0N28"/>
            <port dstActor="D0N32" name="p90" srcActor="D0N28"/>
            <port dstActor="D0N41" name="p91" srcActor="D0N30"/>
            <port dstActor="D0N21" name="p92" srcActor="D0N10"/>
            <port dstActor="D0N22" name="p93" srcActor="D0N10"/>
            <port dstActor="D0N37" name="p94" srcActor="D0N10"/>
            <port dstActor="D0N36" name="p95" srcActor="D0N10"/>
        </ports>
    </mcdag>
    <cores number="3"/>
    <levels number="2"/>
</mcsystem>
