<?xml version="1.0" encoding="UTF-8" standalone="no"?>
<mcsystem>
    <mcdag deadline="3000" name="genned-0-ed-10.0-0">
        <actor name="D0N4">
            <wcet number="0">10</wcet>
            <wcet number="1">30</wcet>
            <maxpow number="0.5396485320251448"/>
            <maxpow number="0.5396485320251448"/>
            <fprob>0.0</fprob>
        </actor>
        <actor name="D0N34">
            <wcet number="0">210</wcet>
            <wcet number="1">290</wcet>
            <maxpow number="0.6794673361382934"/>
            <maxpow number="0.6794673361382934"/>
            <fprob>0.0</fprob>
        </actor>
        <actor name="D0N43">
            <wcet number="0">50</wcet>
            <wcet number="1">70</wcet>
            <maxpow number="0.867308658329917"/>
            <maxpow number="0.867308658329917"/>
            <fprob>0.0</fprob>
        </actor>
        <actor name="D0N17">
            <wcet number="0">150</wcet>
            <wcet number="1">310</wcet>
            <maxpow number="0.48845651506171045"/>
            <maxpow number="0.48845651506171045"/>
            <fprob>0.0</fprob>
        </actor>
        <actor name="D0N8">
            <wcet number="0">190</wcet>
            <wcet number="1">200</wcet>
            <maxpow number="0.3855357171950661"/>
            <maxpow number="0.3855357171950661"/>
            <fprob>0.0</fprob>
        </actor>
        <actor name="D0N18">
            <wcet number="0">80</wcet>
            <wcet number="1">90</wcet>
            <maxpow number="0.6684237910769517"/>
            <maxpow number="0.6684237910769517"/>
            <fprob>0.0</fprob>
        </actor>
        <actor name="D0N36">
            <wcet number="0">60</wcet>
            <wcet number="1">60</wcet>
            <maxpow number="0.677304822548545"/>
            <maxpow number="0.677304822548545"/>
            <fprob>0.0</fprob>
        </actor>
        <actor name="D0N24">
            <wcet number="0">110</wcet>
            <wcet number="1">120</wcet>
            <maxpow number="0.6426764875189962"/>
            <maxpow number="0.6426764875189962"/>
            <fprob>0.0</fprob>
        </actor>
        <actor name="D0N42">
            <wcet number="0">90</wcet>
            <wcet number="1">160</wcet>
            <maxpow number="0.9050987830365393"/>
            <maxpow number="0.9050987830365393"/>
            <fprob>0.0</fprob>
        </actor>
        <actor name="D0N37">
            <wcet number="0">30</wcet>
            <wcet number="1">40</wcet>
            <maxpow number="0.7437983924901113"/>
            <maxpow number="0.7437983924901113"/>
            <fprob>0.0</fprob>
        </actor>
        <actor name="D0N46">
            <wcet number="0">20</wcet>
            <wcet number="1">20</wcet>
            <maxpow number="0.4785828943608432"/>
            <maxpow number="0.4785828943608432"/>
            <fprob>0.0</fprob>
        </actor>
        <actor name="D0N30">
            <wcet number="0">170</wcet>
            <wcet number="1">170</wcet>
            <maxpow number="0.27607867971958305"/>
            <maxpow number="0.27607867971958305"/>
            <fprob>0.0</fprob>
        </actor>
        <actor name="D0N2">
            <wcet number="0">20</wcet>
            <wcet number="1">80</wcet>
            <maxpow number="0.3728144756757372"/>
            <maxpow number="0.3728144756757372"/>
            <fprob>0.0</fprob>
        </actor>
        <actor name="D0N12">
            <wcet number="0">60</wcet>
            <wcet number="1">140</wcet>
            <maxpow number="0.5196346049331926"/>
            <maxpow number="0.5196346049331926"/>
            <fprob>0.0</fprob>
        </actor>
        <actor name="D0N25">
            <wcet number="0">10</wcet>
            <wcet number="1">50</wcet>
            <maxpow number="0.5626186678933736"/>
            <maxpow number="0.5626186678933736"/>
            <fprob>0.0</fprob>
        </actor>
        <actor name="D0N23">
            <wcet number="0">60</wcet>
            <wcet number="1">270</wcet>
            <maxpow number="0.5688185803666435"/>
            <maxpow number="0.5688185803666435"/>
            <fprob>0.0</fprob>
        </actor>
        <actor name="D0N21">
            <wcet number="0">230</wcet>
            <wcet number="1">480</wcet>
            <maxpow number="0.7892988720921424"/>
            <maxpow number="0.7892988720921424"/>
            <fprob>0.0</fprob>
        </actor>
        <actor name="D0N26">
            <wcet number="0">160</wcet>
            <wcet number="1">450</wcet>
            <maxpow number="0.33603867212543903"/>
            <maxpow number="0.33603867212543903"/>
            <fprob>0.0</fprob>
        </actor>
        <actor name="D0N40">
            <wcet number="0">30</wcet>
            <wcet number="1">130</wcet>
            <maxpow number="0.725901980364874"/>
            <maxpow number="0.725901980364874"/>
            <fprob>0.0</fprob>
        </actor>
        <actor name="D0N44">
            <wcet number="0">60</wcet>
            <wcet number="1">90</wcet>
            <maxpow number="0.5272197453963992"/>
            <maxpow number="0.5272197453963992"/>
            <fprob>0.0</fprob>
        </actor>
        <actor name="D0N27">
            <wcet number="0">110</wcet>
            <wcet number="1">650</wcet>
            <maxpow number="0.7124199845347676"/>
            <maxpow number="0.7124199845347676"/>
            <fprob>0.0</fprob>
        </actor>
        <actor name="D0N41">
            <wcet number="0">20</wcet>
            <wcet number="1">40</wcet>
            <maxpow number="0.38353416973636945"/>
            <maxpow number="0.38353416973636945"/>
            <fprob>0.0</fprob>
        </actor>
        <actor name="D0N29">
            <wcet number="0">270</wcet>
            <wcet number="1">340</wcet>
            <maxpow number="0.36721758815617056"/>
            <maxpow number="0.36721758815617056"/>
            <fprob>0.0</fprob>
        </actor>
        <actor name="D0N20">
            <wcet number="0">50</wcet>
            <wcet number="1">100</wcet>
            <maxpow number="0.7177974629746269"/>
            <maxpow number="0.7177974629746269"/>
            <fprob>0.0</fprob>
        </actor>
        <actor name="D0N45">
            <wcet number="0">40</wcet>
            <wcet number="1">90</wcet>
            <maxpow number="0.5261997595119172"/>
            <maxpow number="0.5261997595119172"/>
            <fprob>0.0</fprob>
        </actor>
        <actor name="D0N10">
            <wcet number="0">10</wcet>
            <wcet number="1">50</wcet>
            <maxpow number="0.6420745903419606"/>
            <maxpow number="0.6420745903419606"/>
            <fprob>0.0</fprob>
        </actor>
        <actor name="D0N5">
            <wcet number="0">10</wcet>
            <wcet number="1">40</wcet>
            <maxpow number="0.7476045359773794"/>
            <maxpow number="0.7476045359773794"/>
            <fprob>0.0</fprob>
        </actor>
        <actor name="D0N38">
            <wcet number="0">20</wcet>
            <wcet number="1">80</wcet>
            <maxpow number="0.47157702417773795"/>
            <maxpow number="0.47157702417773795"/>
            <fprob>0.0</fprob>
        </actor>
        <actor name="D0N9">
            <wcet number="0">20</wcet>
            <wcet number="1">90</wcet>
            <maxpow number="0.6157806718260999"/>
            <maxpow number="0.6157806718260999"/>
            <fprob>0.0</fprob>
        </actor>
        <actor name="D0N6">
            <wcet number="0">220</wcet>
            <wcet number="1">220</wcet>
            <maxpow number="0.5368701468520101"/>
            <maxpow number="0.5368701468520101"/>
            <fprob>0.0</fprob>
        </actor>
        <actor name="D0N32">
            <wcet number="0">20</wcet>
            <wcet number="1">60</wcet>
            <maxpow number="0.7099750662872925"/>
            <maxpow number="0.7099750662872925"/>
            <fprob>0.0</fprob>
        </actor>
        <actor name="D0N15">
            <wcet number="0">30</wcet>
            <wcet number="1">130</wcet>
            <maxpow number="0.4091912723783329"/>
            <maxpow number="0.4091912723783329"/>
            <fprob>0.0</fprob>
        </actor>
        <actor name="D0N22">
            <wcet number="0">120</wcet>
            <wcet number="1">260</wcet>
            <maxpow number="0.7757088137264668"/>
            <maxpow number="0.7757088137264668"/>
            <fprob>0.0</fprob>
        </actor>
        <actor name="D0N7">
            <wcet number="0">10</wcet>
            <wcet number="1">30</wcet>
            <maxpow number="0.23675194421188395"/>
            <maxpow number="0.23675194421188395"/>
            <fprob>0.0</fprob>
        </actor>
        <actor name="D0N31">
            <wcet number="0">200</wcet>
            <wcet number="1">210</wcet>
            <maxpow number="0.371912362126115"/>
            <maxpow number="0.371912362126115"/>
            <fprob>0.0</fprob>
        </actor>
        <actor name="D0N35">
            <wcet number="0">290</wcet>
            <wcet number="1">350</wcet>
            <maxpow number="0.6219459513853169"/>
            <maxpow number="0.6219459513853169"/>
            <fprob>0.0</fprob>
        </actor>
        <actor name="D0N1">
            <wcet number="0">10</wcet>
            <wcet number="1">50</wcet>
            <maxpow number="0.3950722434701067"/>
            <maxpow number="0.3950722434701067"/>
            <fprob>0.0</fprob>
        </actor>
        <actor name="D0N3">
            <wcet number="0">40</wcet>
            <wcet number="1">70</wcet>
            <maxpow number="0.354389496663302"/>
            <maxpow number="0.354389496663302"/>
            <fprob>0.0</fprob>
        </actor>
        <actor name="D0N47">
            <wcet number="0">30</wcet>
            <wcet number="1">220</wcet>
            <maxpow number="0.47694229677508304"/>
            <maxpow number="0.47694229677508304"/>
            <fprob>0.0</fprob>
        </actor>
        <actor name="D0N11">
            <wcet number="0">20</wcet>
            <wcet number="1">20</wcet>
            <maxpow number="0.9325261926129997"/>
            <maxpow number="0.9325261926129997"/>
            <fprob>0.0</fprob>
        </actor>
        <actor name="D0N0">
            <wcet number="0">140</wcet>
            <wcet number="1">190</wcet>
            <maxpow number="0.27705561854570626"/>
            <maxpow number="0.27705561854570626"/>
            <fprob>0.0</fprob>
        </actor>
        <actor name="D0N28">
            <wcet number="0">10</wcet>
            <wcet number="1">10</wcet>
            <maxpow number="0.41383448687849184"/>
            <maxpow number="0.41383448687849184"/>
            <fprob>0.0</fprob>
        </actor>
        <actor name="D0N39">
            <wcet number="0">100</wcet>
            <wcet number="1">240</wcet>
            <maxpow number="0.671055259412985"/>
            <maxpow number="0.671055259412985"/>
            <fprob>0.0</fprob>
        </actor>
        <actor name="D0N14">
            <wcet number="0">100</wcet>
            <wcet number="1">220</wcet>
            <maxpow number="0.6378462792510259"/>
            <maxpow number="0.6378462792510259"/>
            <fprob>0.0</fprob>
        </actor>
        <actor name="D0N16">
            <wcet number="0">240</wcet>
            <wcet number="1">340</wcet>
            <maxpow number="0.564931747487194"/>
            <maxpow number="0.564931747487194"/>
            <fprob>0.0</fprob>
        </actor>
        <actor name="D0N33">
            <wcet number="0">10</wcet>
            <wcet number="1">40</wcet>
            <maxpow number="0.42457316324399086"/>
            <maxpow number="0.42457316324399086"/>
            <fprob>0.0</fprob>
        </actor>
        <actor name="D0N19">
            <wcet number="0">20</wcet>
            <wcet number="1">20</wcet>
            <maxpow number="0.6055066484830406"/>
            <maxpow number="0.6055066484830406"/>
            <fprob>0.0</fprob>
        </actor>
        <actor name="D0N13">
            <wcet number="0">10</wcet>
            <wcet number="1">390</wcet>
            <maxpow number="0.5878828403168853"/>
            <maxpow number="0.5878828403168853"/>
            <fprob>0.0</fprob>
        </actor>
        <ports>
            <port dstActor="D0N22" name="p0" srcActor="D0N4"/>
            <port dstActor="D0N11" name="p1" srcActor="D0N4"/>
            <port dstActor="D0N39" name="p2" srcActor="D0N34"/>
            <port dstActor="D0N44" name="p3" srcActor="D0N34"/>
            <port dstActor="D0N41" name="p4" srcActor="D0N34"/>
            <port dstActor="D0N47" name="p5" srcActor="D0N34"/>
            <port dstActor="D0N45" name="p6" srcActor="D0N43"/>
            <port dstActor="D0N46" name="p7" srcActor="D0N43"/>
            <port dstActor="D0N34" name="p8" srcActor="D0N17"/>
            <port dstActor="D0N22" name="p9" srcActor="D0N17"/>
            <port dstActor="D0N38" name="p10" srcActor="D0N17"/>
            <port dstActor="D0N41" name="p11" srcActor="D0N17"/>
            <port dstActor="D0N34" name="p12" srcActor="D0N8"/>
            <port dstActor="D0N15" name="p13" srcActor="D0N8"/>
            <port dstActor="D0N20" name="p14" srcActor="D0N8"/>
            <port dstActor="D0N28" name="p15" srcActor="D0N8"/>
            <port dstActor="D0N47" name="p16" srcActor="D0N8"/>
            <port dstActor="D0N17" name="p17" srcActor="D0N8"/>
            <port dstActor="D0N26" name="p18" srcActor="D0N18"/>
            <port dstActor="D0N27" name="p19" srcActor="D0N18"/>
            <port dstActor="D0N36" name="p20" srcActor="D0N18"/>
            <port dstActor="D0N26" name="p21" srcActor="D0N24"/>
            <port dstActor="D0N38" name="p22" srcActor="D0N24"/>
            <port dstActor="D0N28" name="p23" srcActor="D0N24"/>
            <port dstActor="D0N45" name="p24" srcActor="D0N37"/>
            <port dstActor="D0N47" name="p25" srcActor="D0N30"/>
            <port dstActor="D0N36" name="p26" srcActor="D0N30"/>
            <port dstActor="D0N6" name="p27" srcActor="D0N2"/>
            <port dstActor="D0N42" name="p28" srcActor="D0N2"/>
            <port dstActor="D0N11" name="p29" srcActor="D0N2"/>
            <port dstActor="D0N13" name="p30" srcActor="D0N2"/>
            <port dstActor="D0N39" name="p31" srcActor="D0N2"/>
            <port dstActor="D0N22" name="p32" srcActor="D0N2"/>
            <port dstActor="D0N40" name="p33" srcActor="D0N2"/>
            <port dstActor="D0N43" name="p34" srcActor="D0N2"/>
            <port dstActor="D0N36" name="p35" srcActor="D0N2"/>
            <port dstActor="D0N26" name="p36" srcActor="D0N12"/>
            <port dstActor="D0N36" name="p37" srcActor="D0N25"/>
            <port dstActor="D0N47" name="p38" srcActor="D0N25"/>
            <port dstActor="D0N41" name="p39" srcActor="D0N25"/>
            <port dstActor="D0N28" name="p40" srcActor="D0N23"/>
            <port dstActor="D0N37" name="p41" srcActor="D0N23"/>
            <port dstActor="D0N39" name="p42" srcActor="D0N23"/>
            <port dstActor="D0N42" name="p43" srcActor="D0N21"/>
            <port dstActor="D0N30" name="p44" srcActor="D0N21"/>
            <port dstActor="D0N33" name="p45" srcActor="D0N27"/>
            <port dstActor="D0N39" name="p46" srcActor="D0N27"/>
            <port dstActor="D0N31" name="p47" srcActor="D0N27"/>
            <port dstActor="D0N45" name="p48" srcActor="D0N29"/>
            <port dstActor="D0N25" name="p49" srcActor="D0N20"/>
            <port dstActor="D0N37" name="p50" srcActor="D0N20"/>
            <port dstActor="D0N40" name="p51" srcActor="D0N20"/>
            <port dstActor="D0N32" name="p52" srcActor="D0N20"/>
            <port dstActor="D0N30" name="p53" srcActor="D0N10"/>
            <port dstActor="D0N42" name="p54" srcActor="D0N10"/>
            <port dstActor="D0N17" name="p55" srcActor="D0N10"/>
            <port dstActor="D0N29" name="p56" srcActor="D0N5"/>
            <port dstActor="D0N25" name="p57" srcActor="D0N5"/>
            <port dstActor="D0N38" name="p58" srcActor="D0N5"/>
            <port dstActor="D0N47" name="p59" srcActor="D0N5"/>
            <port dstActor="D0N8" name="p60" srcActor="D0N5"/>
            <port dstActor="D0N17" name="p61" srcActor="D0N9"/>
            <port dstActor="D0N27" name="p62" srcActor="D0N9"/>
            <port dstActor="D0N10" name="p63" srcActor="D0N9"/>
            <port dstActor="D0N16" name="p64" srcActor="D0N9"/>
            <port dstActor="D0N38" name="p65" srcActor="D0N6"/>
            <port dstActor="D0N18" name="p66" srcActor="D0N6"/>
            <port dstActor="D0N42" name="p67" srcActor="D0N32"/>
            <port dstActor="D0N34" name="p68" srcActor="D0N32"/>
            <port dstActor="D0N37" name="p69" srcActor="D0N32"/>
            <port dstActor="D0N39" name="p70" srcActor="D0N15"/>
            <port dstActor="D0N44" name="p71" srcActor="D0N15"/>
            <port dstActor="D0N20" name="p72" srcActor="D0N15"/>
            <port dstActor="D0N46" name="p73" srcActor="D0N15"/>
            <port dstActor="D0N24" name="p74" srcActor="D0N15"/>
            <port dstActor="D0N34" name="p75" srcActor="D0N15"/>
            <port dstActor="D0N36" name="p76" srcActor="D0N22"/>
            <port dstActor="D0N40" name="p77" srcActor="D0N22"/>
            <port dstActor="D0N46" name="p78" srcActor="D0N22"/>
            <port dstActor="D0N33" name="p79" srcActor="D0N22"/>
            <port dstActor="D0N45" name="p80" srcActor="D0N22"/>
            <port dstActor="D0N23" name="p81" srcActor="D0N7"/>
            <port dstActor="D0N22" name="p82" srcActor="D0N7"/>
            <port dstActor="D0N16" name="p83" srcActor="D0N7"/>
            <port dstActor="D0N45" name="p84" srcActor="D0N31"/>
            <port dstActor="D0N36" name="p85" srcActor="D0N31"/>
            <port dstActor="D0N10" name="p86" srcActor="D0N1"/>
            <port dstActor="D0N17" name="p87" srcActor="D0N1"/>
            <port dstActor="D0N22" name="p88" srcActor="D0N1"/>
            <port dstActor="D0N29" name="p89" srcActor="D0N1"/>
            <port dstActor="D0N14" name="p90" srcActor="D0N1"/>
            <port dstActor="D0N25" name="p91" srcActor="D0N1"/>
            <port dstActor="D0N26" name="p92" srcActor="D0N1"/>
            <port dstActor="D0N40" name="p93" srcActor="D0N3"/>
            <port dstActor="D0N24" name="p94" srcActor="D0N3"/>
            <port dstActor="D0N7" name="p95" srcActor="D0N3"/>
            <port dstActor="D0N9" name="p96" srcActor="D0N3"/>
            <port dstActor="D0N23" name="p97" srcActor="D0N3"/>
            <port dstActor="D0N46" name="p98" srcActor="D0N3"/>
            <port dstActor="D0N8" name="p99" srcActor="D0N3"/>
            <port dstActor="D0N13" name="p100" srcActor="D0N11"/>
            <port dstActor="D0N31" name="p101" srcActor="D0N11"/>
            <port dstActor="D0N20" name="p102" srcActor="D0N11"/>
            <port dstActor="D0N32" name="p103" srcActor="D0N0"/>
            <port dstActor="D0N47" name="p104" srcActor="D0N0"/>
            <port dstActor="D0N22" name="p105" srcActor="D0N0"/>
            <port dstActor="D0N20" name="p106" srcActor="D0N14"/>
            <port dstActor="D0N24" name="p107" srcActor="D0N14"/>
            <port dstActor="D0N21" name="p108" srcActor="D0N16"/>
            <port dstActor="D0N46" name="p109" srcActor="D0N16"/>
            <port dstActor="D0N35" name="p110" srcActor="D0N16"/>
            <port dstActor="D0N27" name="p111" srcActor="D0N16"/>
            <port dstActor="D0N37" name="p112" srcActor="D0N16"/>
            <port dstActor="D0N46" name="p113" srcActor="D0N33"/>
            <port dstActor="D0N40" name="p114" srcActor="D0N33"/>
            <port dstActor="D0N35" name="p115" srcActor="D0N19"/>
            <port dstActor="D0N20" name="p116" srcActor="D0N19"/>
            <port dstActor="D0N34" name="p117" srcActor="D0N13"/>
            <port dstActor="D0N23" name="p118" srcActor="D0N13"/>
            <port dstActor="D0N31" name="p119" srcActor="D0N13"/>
            <port dstActor="D0N28" name="p120" srcActor="D0N13"/>
            <port dstActor="D0N29" name="p121" srcActor="D0N13"/>
        </ports>
    </mcdag>
    <cores number="3"/>
    <levels number="2"/>
</mcsystem>
