<?xml version="1.0" encoding="UTF-8" standalone="no"?>
<mcsystem>
    <mcdag deadline="2200" name="genned-0-ed-10.0-0">
        <actor name="D0N17">
            <wcet number="0">120</wcet>
            <wcet number="1">120</wcet>
            <maxpow number="0.5628674757662007"/>
            <maxpow number="0.5628674757662007"/>
            <fprob>0.0</fprob>
        </actor>
        <actor name="D0N12">
            <wcet number="0">20</wcet>
            <wcet number="1">20</wcet>
            <maxpow number="0.7624672165631854"/>
            <maxpow number="0.7624672165631854"/>
            <fprob>0.0</fprob>
        </actor>
        <actor name="D0N26">
            <wcet number="0">100</wcet>
            <wcet number="1">120</wcet>
            <maxpow number="0.6310944092912042"/>
            <maxpow number="0.6310944092912042"/>
            <fprob>0.0</fprob>
        </actor>
        <actor name="D0N41">
            <wcet number="0">60</wcet>
            <wcet number="1">190</wcet>
            <maxpow number="0.7740327525368759"/>
            <maxpow number="0.7740327525368759"/>
            <fprob>0.0</fprob>
        </actor>
        <actor name="D0N28">
            <wcet number="0">30</wcet>
            <wcet number="1">40</wcet>
            <maxpow number="0.3464295796438746"/>
            <maxpow number="0.3464295796438746"/>
            <fprob>0.0</fprob>
        </actor>
        <actor name="D0N37">
            <wcet number="0">10</wcet>
            <wcet number="1">20</wcet>
            <maxpow number="0.5811897684288919"/>
            <maxpow number="0.5811897684288919"/>
            <fprob>0.0</fprob>
        </actor>
        <actor name="D0N23">
            <wcet number="0">40</wcet>
            <wcet number="1">110</wcet>
            <maxpow number="0.4655844608563276"/>
            <maxpow number="0.4655844608563276"/>
            <fprob>0.0</fprob>
        </actor>
        <actor name="D0N10">
            <wcet number="0">180</wcet>
            <wcet number="1">210</wcet>
            <maxpow number="1.0569300559343668"/>
            <maxpow number="1.0569300559343668"/>
            <fprob>0.0</fprob>
        </actor>
        <actor name="D0N36">
            <wcet number="0">10</wcet>
            <wcet number="1">10</wcet>
            <maxpow number="1.1689727216903614"/>
            <maxpow number="1.1689727216903614"/>
            <fprob>0.0</fprob>
        </actor>
        <actor name="D0N46">
            <wcet number="0">10</wcet>
            <wcet number="1">20</wcet>
            <maxpow number="0.7666130196538586"/>
            <maxpow number="0.7666130196538586"/>
            <fprob>0.0</fprob>
        </actor>
        <actor name="D0N8">
            <wcet number="0">20</wcet>
            <wcet number="1">40</wcet>
            <maxpow number="0.6632147657948233"/>
            <maxpow number="0.6632147657948233"/>
            <fprob>0.0</fprob>
        </actor>
        <actor name="D0N1">
            <wcet number="0">50</wcet>
            <wcet number="1">60</wcet>
            <maxpow number="0.39412411053993524"/>
            <maxpow number="0.39412411053993524"/>
            <fprob>0.0</fprob>
        </actor>
        <actor name="D0N33">
            <wcet number="0">140</wcet>
            <wcet number="1">190</wcet>
            <maxpow number="0.9038732341545417"/>
            <maxpow number="0.9038732341545417"/>
            <fprob>0.0</fprob>
        </actor>
        <actor name="D0N34">
            <wcet number="0">10</wcet>
            <wcet number="1">30</wcet>
            <maxpow number="0.8920609417404122"/>
            <maxpow number="0.8920609417404122"/>
            <fprob>0.0</fprob>
        </actor>
        <actor name="D0N14">
            <wcet number="0">160</wcet>
            <wcet number="1">230</wcet>
            <maxpow number="0.48867113446351845"/>
            <maxpow number="0.48867113446351845"/>
            <fprob>0.0</fprob>
        </actor>
        <actor name="D0N3">
            <wcet number="0">10</wcet>
            <wcet number="1">50</wcet>
            <maxpow number="0.5009217076548542"/>
            <maxpow number="0.5009217076548542"/>
            <fprob>0.0</fprob>
        </actor>
        <actor name="D0N48">
            <wcet number="0">40</wcet>
            <wcet number="1">90</wcet>
            <maxpow number="0.6026701139717435"/>
            <maxpow number="0.6026701139717435"/>
            <fprob>0.0</fprob>
        </actor>
        <actor name="D0N32">
            <wcet number="0">80</wcet>
            <wcet number="1">200</wcet>
            <maxpow number="0.520807830581905"/>
            <maxpow number="0.520807830581905"/>
            <fprob>0.0</fprob>
        </actor>
        <actor name="D0N15">
            <wcet number="0">70</wcet>
            <wcet number="1">80</wcet>
            <maxpow number="0.6483163564284999"/>
            <maxpow number="0.6483163564284999"/>
            <fprob>0.0</fprob>
        </actor>
        <actor name="D0N31">
            <wcet number="0">20</wcet>
            <wcet number="1">320</wcet>
            <maxpow number="0.3784139417879021"/>
            <maxpow number="0.3784139417879021"/>
            <fprob>0.0</fprob>
        </actor>
        <actor name="D0N42">
            <wcet number="0">50</wcet>
            <wcet number="1">90</wcet>
            <maxpow number="0.46275775521165124"/>
            <maxpow number="0.46275775521165124"/>
            <fprob>0.0</fprob>
        </actor>
        <actor name="D0N30">
            <wcet number="0">260</wcet>
            <wcet number="1">280</wcet>
            <maxpow number="0.4327287905198794"/>
            <maxpow number="0.4327287905198794"/>
            <fprob>0.0</fprob>
        </actor>
        <actor name="D0N35">
            <wcet number="0">50</wcet>
            <wcet number="1">50</wcet>
            <maxpow number="0.5084014099401472"/>
            <maxpow number="0.5084014099401472"/>
            <fprob>0.0</fprob>
        </actor>
        <actor name="D0N20">
            <wcet number="0">20</wcet>
            <wcet number="1">20</wcet>
            <maxpow number="0.5698126857272525"/>
            <maxpow number="0.5698126857272525"/>
            <fprob>0.0</fprob>
        </actor>
        <actor name="D0N39">
            <wcet number="0">10</wcet>
            <wcet number="1">70</wcet>
            <maxpow number="0.4386585043411028"/>
            <maxpow number="0.4386585043411028"/>
            <fprob>0.0</fprob>
        </actor>
        <actor name="D0N40">
            <wcet number="0">10</wcet>
            <wcet number="1">50</wcet>
            <maxpow number="0.6072759632743691"/>
            <maxpow number="0.6072759632743691"/>
            <fprob>0.0</fprob>
        </actor>
        <actor name="D0N21">
            <wcet number="0">70</wcet>
            <wcet number="1">70</wcet>
            <maxpow number="0.7448730351419853"/>
            <maxpow number="0.7448730351419853"/>
            <fprob>0.0</fprob>
        </actor>
        <actor name="D0N22">
            <wcet number="0">10</wcet>
            <wcet number="1">10</wcet>
            <maxpow number="0.8019702109627909"/>
            <maxpow number="0.8019702109627909"/>
            <fprob>0.0</fprob>
        </actor>
        <actor name="D0N16">
            <wcet number="0">10</wcet>
            <wcet number="1">10</wcet>
            <maxpow number="0.647472090640761"/>
            <maxpow number="0.647472090640761"/>
            <fprob>0.0</fprob>
        </actor>
        <actor name="D0N19">
            <wcet number="0">10</wcet>
            <wcet number="1">60</wcet>
            <maxpow number="0.835918934699474"/>
            <maxpow number="0.835918934699474"/>
            <fprob>0.0</fprob>
        </actor>
        <actor name="D0N38">
            <wcet number="0">10</wcet>
            <wcet number="1">30</wcet>
            <maxpow number="0.7326010244764916"/>
            <maxpow number="0.7326010244764916"/>
            <fprob>0.0</fprob>
        </actor>
        <actor name="D0N44">
            <wcet number="0">10</wcet>
            <wcet number="1">30</wcet>
            <maxpow number="0.6152651399894573"/>
            <maxpow number="0.6152651399894573"/>
            <fprob>0.0</fprob>
        </actor>
        <actor name="D0N0">
            <wcet number="0">150</wcet>
            <wcet number="1">180</wcet>
            <maxpow number="0.41353550175396003"/>
            <maxpow number="0.41353550175396003"/>
            <fprob>0.0</fprob>
        </actor>
        <actor name="D0N43">
            <wcet number="0">10</wcet>
            <wcet number="1">30</wcet>
            <maxpow number="0.5215350445776937"/>
            <maxpow number="0.5215350445776937"/>
            <fprob>0.0</fprob>
        </actor>
        <actor name="D0N47">
            <wcet number="0">50</wcet>
            <wcet number="1">100</wcet>
            <maxpow number="0.42629357785168287"/>
            <maxpow number="0.42629357785168287"/>
            <fprob>0.0</fprob>
        </actor>
        <actor name="D0N27">
            <wcet number="0">30</wcet>
            <wcet number="1">60</wcet>
            <maxpow number="0.23242797606291116"/>
            <maxpow number="0.23242797606291116"/>
            <fprob>0.0</fprob>
        </actor>
        <actor name="D0N5">
            <wcet number="0">50</wcet>
            <wcet number="1">60</wcet>
            <maxpow number="0.4267858684307256"/>
            <maxpow number="0.4267858684307256"/>
            <fprob>0.0</fprob>
        </actor>
        <actor name="D0N2">
            <wcet number="0">40</wcet>
            <wcet number="1">70</wcet>
            <maxpow number="0.5148027882285091"/>
            <maxpow number="0.5148027882285091"/>
            <fprob>0.0</fprob>
        </actor>
        <actor name="D0N45">
            <wcet number="0">70</wcet>
            <wcet number="1">130</wcet>
            <maxpow number="0.8261821816873345"/>
            <maxpow number="0.8261821816873345"/>
            <fprob>0.0</fprob>
        </actor>
        <actor name="D0N29">
            <wcet number="0">50</wcet>
            <wcet number="1">130</wcet>
            <maxpow number="0.8459913561433503"/>
            <maxpow number="0.8459913561433503"/>
            <fprob>0.0</fprob>
        </actor>
        <actor name="D0N11">
            <wcet number="0">90</wcet>
            <wcet number="1">150</wcet>
            <maxpow number="0.683104087978686"/>
            <maxpow number="0.683104087978686"/>
            <fprob>0.0</fprob>
        </actor>
        <actor name="D0N9">
            <wcet number="0">290</wcet>
            <wcet number="1">330</wcet>
            <maxpow number="0.39702974513212347"/>
            <maxpow number="0.39702974513212347"/>
            <fprob>0.0</fprob>
        </actor>
        <actor name="D0N13">
            <wcet number="0">10</wcet>
            <wcet number="1">70</wcet>
            <maxpow number="0.42445093791667377"/>
            <maxpow number="0.42445093791667377"/>
            <fprob>0.0</fprob>
        </actor>
        <actor name="D0N25">
            <wcet number="0">140</wcet>
            <wcet number="1">190</wcet>
            <maxpow number="0.8063691122890972"/>
            <maxpow number="0.8063691122890972"/>
            <fprob>0.0</fprob>
        </actor>
        <actor name="D0N6">
            <wcet number="0">110</wcet>
            <wcet number="1">140</wcet>
            <maxpow number="0.6810557883378513"/>
            <maxpow number="0.6810557883378513"/>
            <fprob>0.0</fprob>
        </actor>
        <actor name="D0N18">
            <wcet number="0">30</wcet>
            <wcet number="1">70</wcet>
            <maxpow number="0.23855363234147275"/>
            <maxpow number="0.23855363234147275"/>
            <fprob>0.0</fprob>
        </actor>
        <actor name="D0N4">
            <wcet number="0">50</wcet>
            <wcet number="1">60</wcet>
            <maxpow number="0.542464796121091"/>
            <maxpow number="0.542464796121091"/>
            <fprob>0.0</fprob>
        </actor>
        <actor name="D0N24">
            <wcet number="0">180</wcet>
            <wcet number="1">560</wcet>
            <maxpow number="0.47434191585028707"/>
            <maxpow number="0.47434191585028707"/>
            <fprob>0.0</fprob>
        </actor>
        <actor name="D0N7">
            <wcet number="0">30</wcet>
            <wcet number="1">30</wcet>
            <maxpow number="0.9550008751892433"/>
            <maxpow number="0.9550008751892433"/>
            <fprob>0.0</fprob>
        </actor>
        <ports>
            <port dstActor="D0N42" name="p0" srcActor="D0N17"/>
            <port dstActor="D0N47" name="p1" srcActor="D0N12"/>
            <port dstActor="D0N45" name="p2" srcActor="D0N12"/>
            <port dstActor="D0N42" name="p3" srcActor="D0N26"/>
            <port dstActor="D0N32" name="p4" srcActor="D0N26"/>
            <port dstActor="D0N36" name="p5" srcActor="D0N26"/>
            <port dstActor="D0N44" name="p6" srcActor="D0N41"/>
            <port dstActor="D0N42" name="p7" srcActor="D0N41"/>
            <port dstActor="D0N40" name="p8" srcActor="D0N37"/>
            <port dstActor="D0N41" name="p9" srcActor="D0N37"/>
            <port dstActor="D0N47" name="p10" srcActor="D0N37"/>
            <port dstActor="D0N31" name="p11" srcActor="D0N23"/>
            <port dstActor="D0N47" name="p12" srcActor="D0N23"/>
            <port dstActor="D0N38" name="p13" srcActor="D0N10"/>
            <port dstActor="D0N41" name="p14" srcActor="D0N10"/>
            <port dstActor="D0N25" name="p15" srcActor="D0N10"/>
            <port dstActor="D0N37" name="p16" srcActor="D0N10"/>
            <port dstActor="D0N48" name="p17" srcActor="D0N10"/>
            <port dstActor="D0N44" name="p18" srcActor="D0N36"/>
            <port dstActor="D0N41" name="p19" srcActor="D0N36"/>
            <port dstActor="D0N43" name="p20" srcActor="D0N36"/>
            <port dstActor="D0N30" name="p21" srcActor="D0N8"/>
            <port dstActor="D0N39" name="p22" srcActor="D0N8"/>
            <port dstActor="D0N38" name="p23" srcActor="D0N8"/>
            <port dstActor="D0N42" name="p24" srcActor="D0N8"/>
            <port dstActor="D0N19" name="p25" srcActor="D0N1"/>
            <port dstActor="D0N36" name="p26" srcActor="D0N1"/>
            <port dstActor="D0N34" name="p27" srcActor="D0N33"/>
            <port dstActor="D0N46" name="p28" srcActor="D0N33"/>
            <port dstActor="D0N38" name="p29" srcActor="D0N34"/>
            <port dstActor="D0N20" name="p30" srcActor="D0N14"/>
            <port dstActor="D0N32" name="p31" srcActor="D0N14"/>
            <port dstActor="D0N26" name="p32" srcActor="D0N3"/>
            <port dstActor="D0N39" name="p33" srcActor="D0N3"/>
            <port dstActor="D0N39" name="p34" srcActor="D0N32"/>
            <port dstActor="D0N38" name="p35" srcActor="D0N32"/>
            <port dstActor="D0N44" name="p36" srcActor="D0N32"/>
            <port dstActor="D0N22" name="p37" srcActor="D0N15"/>
            <port dstActor="D0N29" name="p38" srcActor="D0N15"/>
            <port dstActor="D0N28" name="p39" srcActor="D0N15"/>
            <port dstActor="D0N25" name="p40" srcActor="D0N15"/>
            <port dstActor="D0N36" name="p41" srcActor="D0N15"/>
            <port dstActor="D0N39" name="p42" srcActor="D0N31"/>
            <port dstActor="D0N41" name="p43" srcActor="D0N31"/>
            <port dstActor="D0N42" name="p44" srcActor="D0N30"/>
            <port dstActor="D0N48" name="p45" srcActor="D0N35"/>
            <port dstActor="D0N45" name="p46" srcActor="D0N35"/>
            <port dstActor="D0N44" name="p47" srcActor="D0N35"/>
            <port dstActor="D0N23" name="p48" srcActor="D0N20"/>
            <port dstActor="D0N33" name="p49" srcActor="D0N20"/>
            <port dstActor="D0N48" name="p50" srcActor="D0N39"/>
            <port dstActor="D0N31" name="p51" srcActor="D0N22"/>
            <port dstActor="D0N44" name="p52" srcActor="D0N22"/>
            <port dstActor="D0N41" name="p53" srcActor="D0N22"/>
            <port dstActor="D0N25" name="p54" srcActor="D0N19"/>
            <port dstActor="D0N35" name="p55" srcActor="D0N19"/>
            <port dstActor="D0N31" name="p56" srcActor="D0N19"/>
            <port dstActor="D0N48" name="p57" srcActor="D0N38"/>
            <port dstActor="D0N45" name="p58" srcActor="D0N38"/>
            <port dstActor="D0N45" name="p59" srcActor="D0N44"/>
            <port dstActor="D0N28" name="p60" srcActor="D0N0"/>
            <port dstActor="D0N39" name="p61" srcActor="D0N0"/>
            <port dstActor="D0N25" name="p62" srcActor="D0N0"/>
            <port dstActor="D0N34" name="p63" srcActor="D0N0"/>
            <port dstActor="D0N30" name="p64" srcActor="D0N0"/>
            <port dstActor="D0N39" name="p65" srcActor="D0N27"/>
            <port dstActor="D0N30" name="p66" srcActor="D0N5"/>
            <port dstActor="D0N31" name="p67" srcActor="D0N5"/>
            <port dstActor="D0N14" name="p68" srcActor="D0N5"/>
            <port dstActor="D0N29" name="p69" srcActor="D0N5"/>
            <port dstActor="D0N36" name="p70" srcActor="D0N2"/>
            <port dstActor="D0N46" name="p71" srcActor="D0N45"/>
            <port dstActor="D0N38" name="p72" srcActor="D0N11"/>
            <port dstActor="D0N18" name="p73" srcActor="D0N11"/>
            <port dstActor="D0N39" name="p74" srcActor="D0N11"/>
            <port dstActor="D0N31" name="p75" srcActor="D0N9"/>
            <port dstActor="D0N12" name="p76" srcActor="D0N9"/>
            <port dstActor="D0N22" name="p77" srcActor="D0N9"/>
            <port dstActor="D0N17" name="p78" srcActor="D0N9"/>
            <port dstActor="D0N37" name="p79" srcActor="D0N9"/>
            <port dstActor="D0N40" name="p80" srcActor="D0N9"/>
            <port dstActor="D0N43" name="p81" srcActor="D0N9"/>
            <port dstActor="D0N21" name="p82" srcActor="D0N13"/>
            <port dstActor="D0N32" name="p83" srcActor="D0N25"/>
            <port dstActor="D0N26" name="p84" srcActor="D0N25"/>
            <port dstActor="D0N15" name="p85" srcActor="D0N6"/>
            <port dstActor="D0N48" name="p86" srcActor="D0N6"/>
            <port dstActor="D0N37" name="p87" srcActor="D0N18"/>
            <port dstActor="D0N35" name="p88" srcActor="D0N18"/>
            <port dstActor="D0N21" name="p89" srcActor="D0N4"/>
            <port dstActor="D0N37" name="p90" srcActor="D0N4"/>
            <port dstActor="D0N13" name="p91" srcActor="D0N4"/>
            <port dstActor="D0N47" name="p92" srcActor="D0N4"/>
            <port dstActor="D0N42" name="p93" srcActor="D0N24"/>
            <port dstActor="D0N31" name="p94" srcActor="D0N24"/>
            <port dstActor="D0N33" name="p95" srcActor="D0N24"/>
            <port dstActor="D0N39" name="p96" srcActor="D0N24"/>
            <port dstActor="D0N9" name="p97" srcActor="D0N7"/>
            <port dstActor="D0N21" name="p98" srcActor="D0N7"/>
            <port dstActor="D0N42" name="p99" srcActor="D0N7"/>
        </ports>
    </mcdag>
    <cores number="3"/>
    <levels number="2"/>
</mcsystem>
