<?xml version="1.0" encoding="UTF-8" standalone="no"?>
<mcsystem>
    <mcdag deadline="1800" name="genned-0-ed-10.0-0">
        <actor name="D0N29">
            <wcet number="0">10</wcet>
            <wcet number="1">40</wcet>
            <maxpow number="0.525520055751516"/>
            <maxpow number="0.525520055751516"/>
            <fprob>0.0</fprob>
        </actor>
        <actor name="D0N37">
            <wcet number="0">10</wcet>
            <wcet number="1">90</wcet>
            <maxpow number="0.575408118904522"/>
            <maxpow number="0.575408118904522"/>
            <fprob>0.0</fprob>
        </actor>
        <actor name="D0N17">
            <wcet number="0">80</wcet>
            <wcet number="1">80</wcet>
            <maxpow number="0.3794321566146609"/>
            <maxpow number="0.3794321566146609"/>
            <fprob>0.0</fprob>
        </actor>
        <actor name="D0N32">
            <wcet number="0">10</wcet>
            <wcet number="1">10</wcet>
            <maxpow number="0.4602992660509596"/>
            <maxpow number="0.4602992660509596"/>
            <fprob>0.0</fprob>
        </actor>
        <actor name="D0N38">
            <wcet number="0">70</wcet>
            <wcet number="1">120</wcet>
            <maxpow number="0.4751769213938597"/>
            <maxpow number="0.4751769213938597"/>
            <fprob>0.0</fprob>
        </actor>
        <actor name="D0N34">
            <wcet number="0">60</wcet>
            <wcet number="1">70</wcet>
            <maxpow number="0.5226811943033918"/>
            <maxpow number="0.5226811943033918"/>
            <fprob>0.0</fprob>
        </actor>
        <actor name="D0N41">
            <wcet number="0">40</wcet>
            <wcet number="1">320</wcet>
            <maxpow number="0.7757234843276077"/>
            <maxpow number="0.7757234843276077"/>
            <fprob>0.0</fprob>
        </actor>
        <actor name="D0N11">
            <wcet number="0">60</wcet>
            <wcet number="1">110</wcet>
            <maxpow number="0.2311136961452524"/>
            <maxpow number="0.2311136961452524"/>
            <fprob>0.0</fprob>
        </actor>
        <actor name="D0N43">
            <wcet number="0">10</wcet>
            <wcet number="1">20</wcet>
            <maxpow number="0.7874995696337668"/>
            <maxpow number="0.7874995696337668"/>
            <fprob>0.0</fprob>
        </actor>
        <actor name="D0N33">
            <wcet number="0">20</wcet>
            <wcet number="1">80</wcet>
            <maxpow number="0.33772590813694303"/>
            <maxpow number="0.33772590813694303"/>
            <fprob>0.0</fprob>
        </actor>
        <actor name="D0N1">
            <wcet number="0">20</wcet>
            <wcet number="1">70</wcet>
            <maxpow number="0.4921907197646296"/>
            <maxpow number="0.4921907197646296"/>
            <fprob>0.0</fprob>
        </actor>
        <actor name="D0N18">
            <wcet number="0">50</wcet>
            <wcet number="1">50</wcet>
            <maxpow number="0.5606697187288258"/>
            <maxpow number="0.5606697187288258"/>
            <fprob>0.0</fprob>
        </actor>
        <actor name="D0N12">
            <wcet number="0">10</wcet>
            <wcet number="1">10</wcet>
            <maxpow number="0.8621852283959412"/>
            <maxpow number="0.8621852283959412"/>
            <fprob>0.0</fprob>
        </actor>
        <actor name="D0N46">
            <wcet number="0">10</wcet>
            <wcet number="1">30</wcet>
            <maxpow number="0.7772164372372625"/>
            <maxpow number="0.7772164372372625"/>
            <fprob>0.0</fprob>
        </actor>
        <actor name="D0N19">
            <wcet number="0">200</wcet>
            <wcet number="1">240</wcet>
            <maxpow number="0.34482717111001926"/>
            <maxpow number="0.34482717111001926"/>
            <fprob>0.0</fprob>
        </actor>
        <actor name="D0N24">
            <wcet number="0">30</wcet>
            <wcet number="1">40</wcet>
            <maxpow number="0.21539311578009052"/>
            <maxpow number="0.21539311578009052"/>
            <fprob>0.0</fprob>
        </actor>
        <actor name="D0N44">
            <wcet number="0">60</wcet>
            <wcet number="1">80</wcet>
            <maxpow number="0.576274382206611"/>
            <maxpow number="0.576274382206611"/>
            <fprob>0.0</fprob>
        </actor>
        <actor name="D0N15">
            <wcet number="0">30</wcet>
            <wcet number="1">40</wcet>
            <maxpow number="0.6844441744428289"/>
            <maxpow number="0.6844441744428289"/>
            <fprob>0.0</fprob>
        </actor>
        <actor name="D0N16">
            <wcet number="0">20</wcet>
            <wcet number="1">20</wcet>
            <maxpow number="0.26115147800080113"/>
            <maxpow number="0.26115147800080113"/>
            <fprob>0.0</fprob>
        </actor>
        <actor name="D0N45">
            <wcet number="0">10</wcet>
            <wcet number="1">20</wcet>
            <maxpow number="0.3214404194346324"/>
            <maxpow number="0.3214404194346324"/>
            <fprob>0.0</fprob>
        </actor>
        <actor name="D0N28">
            <wcet number="0">150</wcet>
            <wcet number="1">150</wcet>
            <maxpow number="0.559876111999683"/>
            <maxpow number="0.559876111999683"/>
            <fprob>0.0</fprob>
        </actor>
        <actor name="D0N47">
            <wcet number="0">40</wcet>
            <wcet number="1">60</wcet>
            <maxpow number="0.6482165792345123"/>
            <maxpow number="0.6482165792345123"/>
            <fprob>0.0</fprob>
        </actor>
        <actor name="D0N7">
            <wcet number="0">60</wcet>
            <wcet number="1">60</wcet>
            <maxpow number="0.5373778732171441"/>
            <maxpow number="0.5373778732171441"/>
            <fprob>0.0</fprob>
        </actor>
        <actor name="D0N36">
            <wcet number="0">50</wcet>
            <wcet number="1">50</wcet>
            <maxpow number="0.28505723300360936"/>
            <maxpow number="0.28505723300360936"/>
            <fprob>0.0</fprob>
        </actor>
        <actor name="D0N22">
            <wcet number="0">50</wcet>
            <wcet number="1">50</wcet>
            <maxpow number="0.26204667990989433"/>
            <maxpow number="0.26204667990989433"/>
            <fprob>0.0</fprob>
        </actor>
        <actor name="D0N9">
            <wcet number="0">40</wcet>
            <wcet number="1">50</wcet>
            <maxpow number="0.7947113763078342"/>
            <maxpow number="0.7947113763078342"/>
            <fprob>0.0</fprob>
        </actor>
        <actor name="D0N6">
            <wcet number="0">50</wcet>
            <wcet number="1">60</wcet>
            <maxpow number="0.6694996223688977"/>
            <maxpow number="0.6694996223688977"/>
            <fprob>0.0</fprob>
        </actor>
        <actor name="D0N20">
            <wcet number="0">10</wcet>
            <wcet number="1">10</wcet>
            <maxpow number="0.3655994452922199"/>
            <maxpow number="0.3655994452922199"/>
            <fprob>0.0</fprob>
        </actor>
        <actor name="D0N2">
            <wcet number="0">120</wcet>
            <wcet number="1">120</wcet>
            <maxpow number="0.6151232078872749"/>
            <maxpow number="0.6151232078872749"/>
            <fprob>0.0</fprob>
        </actor>
        <actor name="D0N31">
            <wcet number="0">30</wcet>
            <wcet number="1">100</wcet>
            <maxpow number="0.48150929814641524"/>
            <maxpow number="0.48150929814641524"/>
            <fprob>0.0</fprob>
        </actor>
        <actor name="D0N10">
            <wcet number="0">30</wcet>
            <wcet number="1">40</wcet>
            <maxpow number="0.6538516267508943"/>
            <maxpow number="0.6538516267508943"/>
            <fprob>0.0</fprob>
        </actor>
        <actor name="D0N14">
            <wcet number="0">130</wcet>
            <wcet number="1">140</wcet>
            <maxpow number="0.4065041625483895"/>
            <maxpow number="0.4065041625483895"/>
            <fprob>0.0</fprob>
        </actor>
        <actor name="D0N0">
            <wcet number="0">10</wcet>
            <wcet number="1">10</wcet>
            <maxpow number="0.8396117755787523"/>
            <maxpow number="0.8396117755787523"/>
            <fprob>0.0</fprob>
        </actor>
        <actor name="D0N26">
            <wcet number="0">20</wcet>
            <wcet number="1">50</wcet>
            <maxpow number="0.8826623802184277"/>
            <maxpow number="0.8826623802184277"/>
            <fprob>0.0</fprob>
        </actor>
        <actor name="D0N4">
            <wcet number="0">40</wcet>
            <wcet number="1">70</wcet>
            <maxpow number="0.4965578690037452"/>
            <maxpow number="0.4965578690037452"/>
            <fprob>0.0</fprob>
        </actor>
        <actor name="D0N3">
            <wcet number="0">80</wcet>
            <wcet number="1">90</wcet>
            <maxpow number="0.7263815183854214"/>
            <maxpow number="0.7263815183854214"/>
            <fprob>0.0</fprob>
        </actor>
        <actor name="D0N8">
            <wcet number="0">30</wcet>
            <wcet number="1">30</wcet>
            <maxpow number="0.4610094226100492"/>
            <maxpow number="0.4610094226100492"/>
            <fprob>0.0</fprob>
        </actor>
        <actor name="D0N25">
            <wcet number="0">20</wcet>
            <wcet number="1">40</wcet>
            <maxpow number="0.5931409197298065"/>
            <maxpow number="0.5931409197298065"/>
            <fprob>0.0</fprob>
        </actor>
        <actor name="D0N35">
            <wcet number="0">10</wcet>
            <wcet number="1">10</wcet>
            <maxpow number="0.4520944966973094"/>
            <maxpow number="0.4520944966973094"/>
            <fprob>0.0</fprob>
        </actor>
        <actor name="D0N40">
            <wcet number="0">20</wcet>
            <wcet number="1">250</wcet>
            <maxpow number="0.15187657357590528"/>
            <maxpow number="0.15187657357590528"/>
            <fprob>0.0</fprob>
        </actor>
        <actor name="D0N42">
            <wcet number="0">90</wcet>
            <wcet number="1">200</wcet>
            <maxpow number="0.37885898988961964"/>
            <maxpow number="0.37885898988961964"/>
            <fprob>0.0</fprob>
        </actor>
        <actor name="D0N27">
            <wcet number="0">10</wcet>
            <wcet number="1">40</wcet>
            <maxpow number="0.4291895148329409"/>
            <maxpow number="0.4291895148329409"/>
            <fprob>0.0</fprob>
        </actor>
        <actor name="D0N13">
            <wcet number="0">30</wcet>
            <wcet number="1">60</wcet>
            <maxpow number="0.5680066789075654"/>
            <maxpow number="0.5680066789075654"/>
            <fprob>0.0</fprob>
        </actor>
        <actor name="D0N30">
            <wcet number="0">20</wcet>
            <wcet number="1">80</wcet>
            <maxpow number="0.37536514578452185"/>
            <maxpow number="0.37536514578452185"/>
            <fprob>0.0</fprob>
        </actor>
        <actor name="D0N39">
            <wcet number="0">70</wcet>
            <wcet number="1">110</wcet>
            <maxpow number="0.6006968755265322"/>
            <maxpow number="0.6006968755265322"/>
            <fprob>0.0</fprob>
        </actor>
        <actor name="D0N5">
            <wcet number="0">10</wcet>
            <wcet number="1">40</wcet>
            <maxpow number="0.43761740117763115"/>
            <maxpow number="0.43761740117763115"/>
            <fprob>0.0</fprob>
        </actor>
        <actor name="D0N21">
            <wcet number="0">110</wcet>
            <wcet number="1">110</wcet>
            <maxpow number="0.5197897424216192"/>
            <maxpow number="0.5197897424216192"/>
            <fprob>0.0</fprob>
        </actor>
        <actor name="D0N23">
            <wcet number="0">30</wcet>
            <wcet number="1">160</wcet>
            <maxpow number="0.6291220300613712"/>
            <maxpow number="0.6291220300613712"/>
            <fprob>0.0</fprob>
        </actor>
        <ports>
            <port dstActor="D0N47" name="p0" srcActor="D0N29"/>
            <port dstActor="D0N30" name="p1" srcActor="D0N29"/>
            <port dstActor="D0N42" name="p2" srcActor="D0N37"/>
            <port dstActor="D0N46" name="p3" srcActor="D0N37"/>
            <port dstActor="D0N38" name="p4" srcActor="D0N32"/>
            <port dstActor="D0N43" name="p5" srcActor="D0N34"/>
            <port dstActor="D0N44" name="p6" srcActor="D0N34"/>
            <port dstActor="D0N46" name="p7" srcActor="D0N41"/>
            <port dstActor="D0N30" name="p8" srcActor="D0N11"/>
            <port dstActor="D0N37" name="p9" srcActor="D0N11"/>
            <port dstActor="D0N18" name="p10" srcActor="D0N11"/>
            <port dstActor="D0N20" name="p11" srcActor="D0N11"/>
            <port dstActor="D0N24" name="p12" srcActor="D0N11"/>
            <port dstActor="D0N33" name="p13" srcActor="D0N11"/>
            <port dstActor="D0N46" name="p14" srcActor="D0N11"/>
            <port dstActor="D0N21" name="p15" srcActor="D0N11"/>
            <port dstActor="D0N40" name="p16" srcActor="D0N33"/>
            <port dstActor="D0N34" name="p17" srcActor="D0N33"/>
            <port dstActor="D0N44" name="p18" srcActor="D0N33"/>
            <port dstActor="D0N45" name="p19" srcActor="D0N1"/>
            <port dstActor="D0N3" name="p20" srcActor="D0N1"/>
            <port dstActor="D0N18" name="p21" srcActor="D0N1"/>
            <port dstActor="D0N8" name="p22" srcActor="D0N1"/>
            <port dstActor="D0N26" name="p23" srcActor="D0N1"/>
            <port dstActor="D0N35" name="p24" srcActor="D0N1"/>
            <port dstActor="D0N30" name="p25" srcActor="D0N18"/>
            <port dstActor="D0N45" name="p26" srcActor="D0N18"/>
            <port dstActor="D0N20" name="p27" srcActor="D0N18"/>
            <port dstActor="D0N27" name="p28" srcActor="D0N18"/>
            <port dstActor="D0N29" name="p29" srcActor="D0N12"/>
            <port dstActor="D0N23" name="p30" srcActor="D0N19"/>
            <port dstActor="D0N28" name="p31" srcActor="D0N19"/>
            <port dstActor="D0N32" name="p32" srcActor="D0N19"/>
            <port dstActor="D0N27" name="p33" srcActor="D0N24"/>
            <port dstActor="D0N26" name="p34" srcActor="D0N24"/>
            <port dstActor="D0N30" name="p35" srcActor="D0N24"/>
            <port dstActor="D0N43" name="p36" srcActor="D0N24"/>
            <port dstActor="D0N42" name="p37" srcActor="D0N15"/>
            <port dstActor="D0N19" name="p38" srcActor="D0N15"/>
            <port dstActor="D0N29" name="p39" srcActor="D0N15"/>
            <port dstActor="D0N18" name="p40" srcActor="D0N15"/>
            <port dstActor="D0N46" name="p41" srcActor="D0N16"/>
            <port dstActor="D0N45" name="p42" srcActor="D0N16"/>
            <port dstActor="D0N40" name="p43" srcActor="D0N28"/>
            <port dstActor="D0N44" name="p44" srcActor="D0N7"/>
            <port dstActor="D0N19" name="p45" srcActor="D0N7"/>
            <port dstActor="D0N13" name="p46" srcActor="D0N7"/>
            <port dstActor="D0N14" name="p47" srcActor="D0N7"/>
            <port dstActor="D0N41" name="p48" srcActor="D0N36"/>
            <port dstActor="D0N43" name="p49" srcActor="D0N36"/>
            <port dstActor="D0N38" name="p50" srcActor="D0N36"/>
            <port dstActor="D0N45" name="p51" srcActor="D0N36"/>
            <port dstActor="D0N24" name="p52" srcActor="D0N22"/>
            <port dstActor="D0N27" name="p53" srcActor="D0N9"/>
            <port dstActor="D0N32" name="p54" srcActor="D0N9"/>
            <port dstActor="D0N8" name="p55" srcActor="D0N6"/>
            <port dstActor="D0N39" name="p56" srcActor="D0N20"/>
            <port dstActor="D0N30" name="p57" srcActor="D0N20"/>
            <port dstActor="D0N36" name="p58" srcActor="D0N20"/>
            <port dstActor="D0N46" name="p59" srcActor="D0N2"/>
            <port dstActor="D0N39" name="p60" srcActor="D0N2"/>
            <port dstActor="D0N7" name="p61" srcActor="D0N2"/>
            <port dstActor="D0N23" name="p62" srcActor="D0N2"/>
            <port dstActor="D0N10" name="p63" srcActor="D0N2"/>
            <port dstActor="D0N14" name="p64" srcActor="D0N10"/>
            <port dstActor="D0N43" name="p65" srcActor="D0N10"/>
            <port dstActor="D0N18" name="p66" srcActor="D0N10"/>
            <port dstActor="D0N40" name="p67" srcActor="D0N10"/>
            <port dstActor="D0N16" name="p68" srcActor="D0N10"/>
            <port dstActor="D0N31" name="p69" srcActor="D0N14"/>
            <port dstActor="D0N35" name="p70" srcActor="D0N14"/>
            <port dstActor="D0N40" name="p71" srcActor="D0N0"/>
            <port dstActor="D0N40" name="p72" srcActor="D0N26"/>
            <port dstActor="D0N8" name="p73" srcActor="D0N4"/>
            <port dstActor="D0N28" name="p74" srcActor="D0N4"/>
            <port dstActor="D0N15" name="p75" srcActor="D0N4"/>
            <port dstActor="D0N17" name="p76" srcActor="D0N3"/>
            <port dstActor="D0N40" name="p77" srcActor="D0N3"/>
            <port dstActor="D0N11" name="p78" srcActor="D0N3"/>
            <port dstActor="D0N13" name="p79" srcActor="D0N8"/>
            <port dstActor="D0N17" name="p80" srcActor="D0N8"/>
            <port dstActor="D0N14" name="p81" srcActor="D0N8"/>
            <port dstActor="D0N15" name="p82" srcActor="D0N8"/>
            <port dstActor="D0N44" name="p83" srcActor="D0N8"/>
            <port dstActor="D0N38" name="p84" srcActor="D0N8"/>
            <port dstActor="D0N27" name="p85" srcActor="D0N25"/>
            <port dstActor="D0N43" name="p86" srcActor="D0N25"/>
            <port dstActor="D0N36" name="p87" srcActor="D0N35"/>
            <port dstActor="D0N18" name="p88" srcActor="D0N13"/>
            <port dstActor="D0N26" name="p89" srcActor="D0N13"/>
            <port dstActor="D0N17" name="p90" srcActor="D0N13"/>
            <port dstActor="D0N41" name="p91" srcActor="D0N13"/>
            <port dstActor="D0N46" name="p92" srcActor="D0N30"/>
            <port dstActor="D0N32" name="p93" srcActor="D0N30"/>
            <port dstActor="D0N31" name="p94" srcActor="D0N30"/>
            <port dstActor="D0N18" name="p95" srcActor="D0N5"/>
            <port dstActor="D0N37" name="p96" srcActor="D0N5"/>
            <port dstActor="D0N24" name="p97" srcActor="D0N5"/>
            <port dstActor="D0N17" name="p98" srcActor="D0N5"/>
            <port dstActor="D0N31" name="p99" srcActor="D0N21"/>
            <port dstActor="D0N26" name="p100" srcActor="D0N21"/>
            <port dstActor="D0N24" name="p101" srcActor="D0N23"/>
            <port dstActor="D0N37" name="p102" srcActor="D0N23"/>
            <port dstActor="D0N34" name="p103" srcActor="D0N23"/>
            <port dstActor="D0N31" name="p104" srcActor="D0N23"/>
        </ports>
    </mcdag>
    <cores number="3"/>
    <levels number="2"/>
</mcsystem>
