<?xml version="1.0" encoding="UTF-8" standalone="no"?>
<mcsystem>
    <mcdag deadline="3000" name="genned-0-ed-10.0-0">
        <actor name="D0N41">
            <wcet number="0">10</wcet>
            <wcet number="1">10</wcet>
            <maxpow number="0.32120703202123124"/>
            <maxpow number="0.32120703202123124"/>
            <fprob>0.0</fprob>
        </actor>
        <actor name="D0N6">
            <wcet number="0">120</wcet>
            <wcet number="1">140</wcet>
            <maxpow number="0.5365020061343145"/>
            <maxpow number="0.5365020061343145"/>
            <fprob>0.0</fprob>
        </actor>
        <actor name="D0N22">
            <wcet number="0">90</wcet>
            <wcet number="1">90</wcet>
            <maxpow number="0.46803927448347615"/>
            <maxpow number="0.46803927448347615"/>
            <fprob>0.0</fprob>
        </actor>
        <actor name="D0N16">
            <wcet number="0">50</wcet>
            <wcet number="1">60</wcet>
            <maxpow number="0.45940275930451474"/>
            <maxpow number="0.45940275930451474"/>
            <fprob>0.0</fprob>
        </actor>
        <actor name="D0N4">
            <wcet number="0">120</wcet>
            <wcet number="1">170</wcet>
            <maxpow number="0.7474895819900815"/>
            <maxpow number="0.7474895819900815"/>
            <fprob>0.0</fprob>
        </actor>
        <actor name="D0N3">
            <wcet number="0">50</wcet>
            <wcet number="1">190</wcet>
            <maxpow number="0.7187085984225485"/>
            <maxpow number="0.7187085984225485"/>
            <fprob>0.0</fprob>
        </actor>
        <actor name="D0N24">
            <wcet number="0">10</wcet>
            <wcet number="1">10</wcet>
            <maxpow number="0.6295531259273536"/>
            <maxpow number="0.6295531259273536"/>
            <fprob>0.0</fprob>
        </actor>
        <actor name="D0N21">
            <wcet number="0">20</wcet>
            <wcet number="1">120</wcet>
            <maxpow number="0.615163598346242"/>
            <maxpow number="0.615163598346242"/>
            <fprob>0.0</fprob>
        </actor>
        <actor name="D0N31">
            <wcet number="0">50</wcet>
            <wcet number="1">190</wcet>
            <maxpow number="0.6298739604342355"/>
            <maxpow number="0.6298739604342355"/>
            <fprob>0.0</fprob>
        </actor>
        <actor name="D0N15">
            <wcet number="0">10</wcet>
            <wcet number="1">30</wcet>
            <maxpow number="0.6186806806830208"/>
            <maxpow number="0.6186806806830208"/>
            <fprob>0.0</fprob>
        </actor>
        <actor name="D0N36">
            <wcet number="0">80</wcet>
            <wcet number="1">90</wcet>
            <maxpow number="0.628133326092907"/>
            <maxpow number="0.628133326092907"/>
            <fprob>0.0</fprob>
        </actor>
        <actor name="D0N8">
            <wcet number="0">80</wcet>
            <wcet number="1">140</wcet>
            <maxpow number="0.4304359683197375"/>
            <maxpow number="0.4304359683197375"/>
            <fprob>0.0</fprob>
        </actor>
        <actor name="D0N25">
            <wcet number="0">110</wcet>
            <wcet number="1">150</wcet>
            <maxpow number="0.1883012791204851"/>
            <maxpow number="0.1883012791204851"/>
            <fprob>0.0</fprob>
        </actor>
        <actor name="D0N17">
            <wcet number="0">10</wcet>
            <wcet number="1">60</wcet>
            <maxpow number="0.7257387364318423"/>
            <maxpow number="0.7257387364318423"/>
            <fprob>0.0</fprob>
        </actor>
        <actor name="D0N7">
            <wcet number="0">40</wcet>
            <wcet number="1">60</wcet>
            <maxpow number="0.6756608532740225"/>
            <maxpow number="0.6756608532740225"/>
            <fprob>0.0</fprob>
        </actor>
        <actor name="D0N26">
            <wcet number="0">170</wcet>
            <wcet number="1">280</wcet>
            <maxpow number="0.4749677033148764"/>
            <maxpow number="0.4749677033148764"/>
            <fprob>0.0</fprob>
        </actor>
        <actor name="D0N30">
            <wcet number="0">60</wcet>
            <wcet number="1">60</wcet>
            <maxpow number="0.5168217954627613"/>
            <maxpow number="0.5168217954627613"/>
            <fprob>0.0</fprob>
        </actor>
        <actor name="D0N11">
            <wcet number="0">30</wcet>
            <wcet number="1">80</wcet>
            <maxpow number="0.7822134226101358"/>
            <maxpow number="0.7822134226101358"/>
            <fprob>0.0</fprob>
        </actor>
        <actor name="D0N13">
            <wcet number="0">30</wcet>
            <wcet number="1">40</wcet>
            <maxpow number="0.47760415980025456"/>
            <maxpow number="0.47760415980025456"/>
            <fprob>0.0</fprob>
        </actor>
        <actor name="D0N38">
            <wcet number="0">10</wcet>
            <wcet number="1">20</wcet>
            <maxpow number="0.8859468437481666"/>
            <maxpow number="0.8859468437481666"/>
            <fprob>0.0</fprob>
        </actor>
        <actor name="D0N42">
            <wcet number="0">490</wcet>
            <wcet number="1">530</wcet>
            <maxpow number="0.6031291695837738"/>
            <maxpow number="0.6031291695837738"/>
            <fprob>0.0</fprob>
        </actor>
        <actor name="D0N20">
            <wcet number="0">120</wcet>
            <wcet number="1">150</wcet>
            <maxpow number="0.5350664173334653"/>
            <maxpow number="0.5350664173334653"/>
            <fprob>0.0</fprob>
        </actor>
        <actor name="D0N1">
            <wcet number="0">60</wcet>
            <wcet number="1">70</wcet>
            <maxpow number="0.5333905416864498"/>
            <maxpow number="0.5333905416864498"/>
            <fprob>0.0</fprob>
        </actor>
        <actor name="D0N5">
            <wcet number="0">50</wcet>
            <wcet number="1">60</wcet>
            <maxpow number="0.4446134550195142"/>
            <maxpow number="0.4446134550195142"/>
            <fprob>0.0</fprob>
        </actor>
        <actor name="D0N10">
            <wcet number="0">50</wcet>
            <wcet number="1">170</wcet>
            <maxpow number="0.7797722247213135"/>
            <maxpow number="0.7797722247213135"/>
            <fprob>0.0</fprob>
        </actor>
        <actor name="D0N39">
            <wcet number="0">10</wcet>
            <wcet number="1">10</wcet>
            <maxpow number="0.4782757106602485"/>
            <maxpow number="0.4782757106602485"/>
            <fprob>0.0</fprob>
        </actor>
        <actor name="D0N33">
            <wcet number="0">10</wcet>
            <wcet number="1">10</wcet>
            <maxpow number="0.6009630614821813"/>
            <maxpow number="0.6009630614821813"/>
            <fprob>0.0</fprob>
        </actor>
        <actor name="D0N37">
            <wcet number="0">40</wcet>
            <wcet number="1">70</wcet>
            <maxpow number="0.6696026276006553"/>
            <maxpow number="0.6696026276006553"/>
            <fprob>0.0</fprob>
        </actor>
        <actor name="D0N18">
            <wcet number="0">40</wcet>
            <wcet number="1">50</wcet>
            <maxpow number="0.6503243791188035"/>
            <maxpow number="0.6503243791188035"/>
            <fprob>0.0</fprob>
        </actor>
        <actor name="D0N27">
            <wcet number="0">140</wcet>
            <wcet number="1">290</wcet>
            <maxpow number="0.6735984368885839"/>
            <maxpow number="0.6735984368885839"/>
            <fprob>0.0</fprob>
        </actor>
        <actor name="D0N47">
            <wcet number="0">20</wcet>
            <wcet number="1">20</wcet>
            <maxpow number="0.3177135147644159"/>
            <maxpow number="0.3177135147644159"/>
            <fprob>0.0</fprob>
        </actor>
        <actor name="D0N43">
            <wcet number="0">10</wcet>
            <wcet number="1">30</wcet>
            <maxpow number="0.514454016260124"/>
            <maxpow number="0.514454016260124"/>
            <fprob>0.0</fprob>
        </actor>
        <actor name="D0N2">
            <wcet number="0">240</wcet>
            <wcet number="1">390</wcet>
            <maxpow number="0.8041287146209836"/>
            <maxpow number="0.8041287146209836"/>
            <fprob>0.0</fprob>
        </actor>
        <actor name="D0N19">
            <wcet number="0">130</wcet>
            <wcet number="1">180</wcet>
            <maxpow number="0.27828570955376053"/>
            <maxpow number="0.27828570955376053"/>
            <fprob>0.0</fprob>
        </actor>
        <actor name="D0N45">
            <wcet number="0">10</wcet>
            <wcet number="1">10</wcet>
            <maxpow number="0.7475423595790849"/>
            <maxpow number="0.7475423595790849"/>
            <fprob>0.0</fprob>
        </actor>
        <actor name="D0N9">
            <wcet number="0">50</wcet>
            <wcet number="1">50</wcet>
            <maxpow number="0.7865676633924209"/>
            <maxpow number="0.7865676633924209"/>
            <fprob>0.0</fprob>
        </actor>
        <actor name="D0N44">
            <wcet number="0">10</wcet>
            <wcet number="1">30</wcet>
            <maxpow number="0.8804560646803314"/>
            <maxpow number="0.8804560646803314"/>
            <fprob>0.0</fprob>
        </actor>
        <actor name="D0N14">
            <wcet number="0">30</wcet>
            <wcet number="1">70</wcet>
            <maxpow number="0.42152297577827036"/>
            <maxpow number="0.42152297577827036"/>
            <fprob>0.0</fprob>
        </actor>
        <actor name="D0N28">
            <wcet number="0">170</wcet>
            <wcet number="1">340</wcet>
            <maxpow number="0.7647209862429929"/>
            <maxpow number="0.7647209862429929"/>
            <fprob>0.0</fprob>
        </actor>
        <actor name="D0N34">
            <wcet number="0">80</wcet>
            <wcet number="1">100</wcet>
            <maxpow number="0.594634039924811"/>
            <maxpow number="0.594634039924811"/>
            <fprob>0.0</fprob>
        </actor>
        <actor name="D0N35">
            <wcet number="0">10</wcet>
            <wcet number="1">20</wcet>
            <maxpow number="0.5200748646650722"/>
            <maxpow number="0.5200748646650722"/>
            <fprob>0.0</fprob>
        </actor>
        <actor name="D0N12">
            <wcet number="0">120</wcet>
            <wcet number="1">430</wcet>
            <maxpow number="0.7962792544187867"/>
            <maxpow number="0.7962792544187867"/>
            <fprob>0.0</fprob>
        </actor>
        <actor name="D0N40">
            <wcet number="0">30</wcet>
            <wcet number="1">280</wcet>
            <maxpow number="0.8046660378073827"/>
            <maxpow number="0.8046660378073827"/>
            <fprob>0.0</fprob>
        </actor>
        <actor name="D0N0">
            <wcet number="0">60</wcet>
            <wcet number="1">140</wcet>
            <maxpow number="0.4767896614996161"/>
            <maxpow number="0.4767896614996161"/>
            <fprob>0.0</fprob>
        </actor>
        <actor name="D0N46">
            <wcet number="0">10</wcet>
            <wcet number="1">20</wcet>
            <maxpow number="0.8029062385402181"/>
            <maxpow number="0.8029062385402181"/>
            <fprob>0.0</fprob>
        </actor>
        <actor name="D0N29">
            <wcet number="0">20</wcet>
            <wcet number="1">20</wcet>
            <maxpow number="0.9109681303620267"/>
            <maxpow number="0.9109681303620267"/>
            <fprob>0.0</fprob>
        </actor>
        <actor name="D0N32">
            <wcet number="0">120</wcet>
            <wcet number="1">190</wcet>
            <maxpow number="0.4751917520003085"/>
            <maxpow number="0.4751917520003085"/>
            <fprob>0.0</fprob>
        </actor>
        <actor name="D0N23">
            <wcet number="0">280</wcet>
            <wcet number="1">280</wcet>
            <maxpow number="0.6304778999348842"/>
            <maxpow number="0.6304778999348842"/>
            <fprob>0.0</fprob>
        </actor>
        <ports>
            <port dstActor="D0N45" name="p0" srcActor="D0N41"/>
            <port dstActor="D0N9" name="p1" srcActor="D0N6"/>
            <port dstActor="D0N14" name="p2" srcActor="D0N6"/>
            <port dstActor="D0N19" name="p3" srcActor="D0N6"/>
            <port dstActor="D0N17" name="p4" srcActor="D0N6"/>
            <port dstActor="D0N34" name="p5" srcActor="D0N6"/>
            <port dstActor="D0N30" name="p6" srcActor="D0N6"/>
            <port dstActor="D0N8" name="p7" srcActor="D0N6"/>
            <port dstActor="D0N24" name="p8" srcActor="D0N6"/>
            <port dstActor="D0N28" name="p9" srcActor="D0N22"/>
            <port dstActor="D0N23" name="p10" srcActor="D0N22"/>
            <port dstActor="D0N41" name="p11" srcActor="D0N22"/>
            <port dstActor="D0N31" name="p12" srcActor="D0N22"/>
            <port dstActor="D0N36" name="p13" srcActor="D0N22"/>
            <port dstActor="D0N40" name="p14" srcActor="D0N22"/>
            <port dstActor="D0N43" name="p15" srcActor="D0N16"/>
            <port dstActor="D0N10" name="p16" srcActor="D0N4"/>
            <port dstActor="D0N44" name="p17" srcActor="D0N4"/>
            <port dstActor="D0N42" name="p18" srcActor="D0N4"/>
            <port dstActor="D0N37" name="p19" srcActor="D0N4"/>
            <port dstActor="D0N23" name="p20" srcActor="D0N4"/>
            <port dstActor="D0N42" name="p21" srcActor="D0N3"/>
            <port dstActor="D0N37" name="p22" srcActor="D0N3"/>
            <port dstActor="D0N21" name="p23" srcActor="D0N3"/>
            <port dstActor="D0N37" name="p24" srcActor="D0N24"/>
            <port dstActor="D0N32" name="p25" srcActor="D0N24"/>
            <port dstActor="D0N27" name="p26" srcActor="D0N24"/>
            <port dstActor="D0N42" name="p27" srcActor="D0N24"/>
            <port dstActor="D0N34" name="p28" srcActor="D0N24"/>
            <port dstActor="D0N47" name="p29" srcActor="D0N24"/>
            <port dstActor="D0N35" name="p30" srcActor="D0N21"/>
            <port dstActor="D0N29" name="p31" srcActor="D0N21"/>
            <port dstActor="D0N31" name="p32" srcActor="D0N21"/>
            <port dstActor="D0N22" name="p33" srcActor="D0N21"/>
            <port dstActor="D0N25" name="p34" srcActor="D0N21"/>
            <port dstActor="D0N35" name="p35" srcActor="D0N31"/>
            <port dstActor="D0N41" name="p36" srcActor="D0N31"/>
            <port dstActor="D0N37" name="p37" srcActor="D0N31"/>
            <port dstActor="D0N33" name="p38" srcActor="D0N31"/>
            <port dstActor="D0N45" name="p39" srcActor="D0N15"/>
            <port dstActor="D0N38" name="p40" srcActor="D0N36"/>
            <port dstActor="D0N9" name="p41" srcActor="D0N8"/>
            <port dstActor="D0N32" name="p42" srcActor="D0N8"/>
            <port dstActor="D0N35" name="p43" srcActor="D0N8"/>
            <port dstActor="D0N17" name="p44" srcActor="D0N8"/>
            <port dstActor="D0N29" name="p45" srcActor="D0N25"/>
            <port dstActor="D0N39" name="p46" srcActor="D0N25"/>
            <port dstActor="D0N20" name="p47" srcActor="D0N17"/>
            <port dstActor="D0N27" name="p48" srcActor="D0N17"/>
            <port dstActor="D0N31" name="p49" srcActor="D0N17"/>
            <port dstActor="D0N11" name="p50" srcActor="D0N7"/>
            <port dstActor="D0N44" name="p51" srcActor="D0N26"/>
            <port dstActor="D0N37" name="p52" srcActor="D0N26"/>
            <port dstActor="D0N42" name="p53" srcActor="D0N11"/>
            <port dstActor="D0N39" name="p54" srcActor="D0N11"/>
            <port dstActor="D0N20" name="p55" srcActor="D0N11"/>
            <port dstActor="D0N28" name="p56" srcActor="D0N11"/>
            <port dstActor="D0N17" name="p57" srcActor="D0N13"/>
            <port dstActor="D0N41" name="p58" srcActor="D0N38"/>
            <port dstActor="D0N46" name="p59" srcActor="D0N42"/>
            <port dstActor="D0N33" name="p60" srcActor="D0N20"/>
            <port dstActor="D0N37" name="p61" srcActor="D0N20"/>
            <port dstActor="D0N23" name="p62" srcActor="D0N1"/>
            <port dstActor="D0N27" name="p63" srcActor="D0N5"/>
            <port dstActor="D0N12" name="p64" srcActor="D0N5"/>
            <port dstActor="D0N47" name="p65" srcActor="D0N5"/>
            <port dstActor="D0N37" name="p66" srcActor="D0N10"/>
            <port dstActor="D0N42" name="p67" srcActor="D0N10"/>
            <port dstActor="D0N46" name="p68" srcActor="D0N10"/>
            <port dstActor="D0N34" name="p69" srcActor="D0N10"/>
            <port dstActor="D0N27" name="p70" srcActor="D0N10"/>
            <port dstActor="D0N41" name="p71" srcActor="D0N10"/>
            <port dstActor="D0N40" name="p72" srcActor="D0N33"/>
            <port dstActor="D0N39" name="p73" srcActor="D0N33"/>
            <port dstActor="D0N44" name="p74" srcActor="D0N33"/>
            <port dstActor="D0N42" name="p75" srcActor="D0N33"/>
            <port dstActor="D0N21" name="p76" srcActor="D0N18"/>
            <port dstActor="D0N26" name="p77" srcActor="D0N18"/>
            <port dstActor="D0N31" name="p78" srcActor="D0N18"/>
            <port dstActor="D0N34" name="p79" srcActor="D0N18"/>
            <port dstActor="D0N45" name="p80" srcActor="D0N27"/>
            <port dstActor="D0N35" name="p81" srcActor="D0N27"/>
            <port dstActor="D0N37" name="p82" srcActor="D0N27"/>
            <port dstActor="D0N44" name="p83" srcActor="D0N43"/>
            <port dstActor="D0N17" name="p84" srcActor="D0N2"/>
            <port dstActor="D0N29" name="p85" srcActor="D0N2"/>
            <port dstActor="D0N15" name="p86" srcActor="D0N2"/>
            <port dstActor="D0N31" name="p87" srcActor="D0N2"/>
            <port dstActor="D0N34" name="p88" srcActor="D0N2"/>
            <port dstActor="D0N6" name="p89" srcActor="D0N2"/>
            <port dstActor="D0N43" name="p90" srcActor="D0N2"/>
            <port dstActor="D0N4" name="p91" srcActor="D0N2"/>
            <port dstActor="D0N47" name="p92" srcActor="D0N19"/>
            <port dstActor="D0N42" name="p93" srcActor="D0N19"/>
            <port dstActor="D0N43" name="p94" srcActor="D0N19"/>
            <port dstActor="D0N17" name="p95" srcActor="D0N9"/>
            <port dstActor="D0N38" name="p96" srcActor="D0N9"/>
            <port dstActor="D0N31" name="p97" srcActor="D0N14"/>
            <port dstActor="D0N26" name="p98" srcActor="D0N14"/>
            <port dstActor="D0N35" name="p99" srcActor="D0N34"/>
            <port dstActor="D0N40" name="p100" srcActor="D0N35"/>
            <port dstActor="D0N46" name="p101" srcActor="D0N12"/>
            <port dstActor="D0N16" name="p102" srcActor="D0N12"/>
            <port dstActor="D0N27" name="p103" srcActor="D0N12"/>
            <port dstActor="D0N30" name="p104" srcActor="D0N0"/>
            <port dstActor="D0N7" name="p105" srcActor="D0N0"/>
            <port dstActor="D0N45" name="p106" srcActor="D0N0"/>
            <port dstActor="D0N27" name="p107" srcActor="D0N0"/>
            <port dstActor="D0N47" name="p108" srcActor="D0N29"/>
            <port dstActor="D0N30" name="p109" srcActor="D0N29"/>
            <port dstActor="D0N35" name="p110" srcActor="D0N32"/>
            <port dstActor="D0N40" name="p111" srcActor="D0N23"/>
            <port dstActor="D0N46" name="p112" srcActor="D0N23"/>
            <port dstActor="D0N35" name="p113" srcActor="D0N23"/>
            <port dstActor="D0N41" name="p114" srcActor="D0N23"/>
        </ports>
    </mcdag>
    <cores number="2"/>
    <levels number="2"/>
</mcsystem>
