<?xml version="1.0" encoding="UTF-8" standalone="no"?>
<mcsystem>
    <mcdag deadline="1200" name="genned-0-ed-10.0-0">
        <actor name="D0N4">
            <wcet number="0">20</wcet>
            <wcet number="1">20</wcet>
            <maxpow number="0.24664213055729545"/>
            <maxpow number="0.24664213055729545"/>
            <fprob>0.0</fprob>
        </actor>
        <actor name="D0N14">
            <wcet number="0">70</wcet>
            <wcet number="1">130</wcet>
            <maxpow number="0.7642206149997386"/>
            <maxpow number="0.7642206149997386"/>
            <fprob>0.0</fprob>
        </actor>
        <actor name="D0N6">
            <wcet number="0">20</wcet>
            <wcet number="1">60</wcet>
            <maxpow number="0.4566009000641124"/>
            <maxpow number="0.4566009000641124"/>
            <fprob>0.0</fprob>
        </actor>
        <actor name="D0N23">
            <wcet number="0">40</wcet>
            <wcet number="1">100</wcet>
            <maxpow number="0.6504096800787962"/>
            <maxpow number="0.6504096800787962"/>
            <fprob>0.0</fprob>
        </actor>
        <actor name="D0N44">
            <wcet number="0">30</wcet>
            <wcet number="1">50</wcet>
            <maxpow number="0.6735618045920211"/>
            <maxpow number="0.6735618045920211"/>
            <fprob>0.0</fprob>
        </actor>
        <actor name="D0N45">
            <wcet number="0">80</wcet>
            <wcet number="1">80</wcet>
            <maxpow number="0.39257871980381653"/>
            <maxpow number="0.39257871980381653"/>
            <fprob>0.0</fprob>
        </actor>
        <actor name="D0N10">
            <wcet number="0">10</wcet>
            <wcet number="1">40</wcet>
            <maxpow number="0.6157545269871442"/>
            <maxpow number="0.6157545269871442"/>
            <fprob>0.0</fprob>
        </actor>
        <actor name="D0N0">
            <wcet number="0">30</wcet>
            <wcet number="1">40</wcet>
            <maxpow number="0.630219917191738"/>
            <maxpow number="0.630219917191738"/>
            <fprob>0.0</fprob>
        </actor>
        <actor name="D0N8">
            <wcet number="0">20</wcet>
            <wcet number="1">40</wcet>
            <maxpow number="0.518329655267816"/>
            <maxpow number="0.518329655267816"/>
            <fprob>0.0</fprob>
        </actor>
        <actor name="D0N34">
            <wcet number="0">10</wcet>
            <wcet number="1">180</wcet>
            <maxpow number="0.7257851550952135"/>
            <maxpow number="0.7257851550952135"/>
            <fprob>0.0</fprob>
        </actor>
        <actor name="D0N2">
            <wcet number="0">30</wcet>
            <wcet number="1">30</wcet>
            <maxpow number="0.6378747418035718"/>
            <maxpow number="0.6378747418035718"/>
            <fprob>0.0</fprob>
        </actor>
        <actor name="D0N24">
            <wcet number="0">10</wcet>
            <wcet number="1">10</wcet>
            <maxpow number="0.4732161246418827"/>
            <maxpow number="0.4732161246418827"/>
            <fprob>0.0</fprob>
        </actor>
        <actor name="D0N25">
            <wcet number="0">30</wcet>
            <wcet number="1">50</wcet>
            <maxpow number="0.7754988370659281"/>
            <maxpow number="0.7754988370659281"/>
            <fprob>0.0</fprob>
        </actor>
        <actor name="D0N16">
            <wcet number="0">90</wcet>
            <wcet number="1">90</wcet>
            <maxpow number="0.7078966654983337"/>
            <maxpow number="0.7078966654983337"/>
            <fprob>0.0</fprob>
        </actor>
        <actor name="D0N5">
            <wcet number="0">30</wcet>
            <wcet number="1">30</wcet>
            <maxpow number="0.8948432592954223"/>
            <maxpow number="0.8948432592954223"/>
            <fprob>0.0</fprob>
        </actor>
        <actor name="D0N7">
            <wcet number="0">30</wcet>
            <wcet number="1">40</wcet>
            <maxpow number="0.3926396875722734"/>
            <maxpow number="0.3926396875722734"/>
            <fprob>0.0</fprob>
        </actor>
        <actor name="D0N35">
            <wcet number="0">20</wcet>
            <wcet number="1">30</wcet>
            <maxpow number="0.2952648928348345"/>
            <maxpow number="0.2952648928348345"/>
            <fprob>0.0</fprob>
        </actor>
        <actor name="D0N47">
            <wcet number="0">20</wcet>
            <wcet number="1">20</wcet>
            <maxpow number="0.7542931090866348"/>
            <maxpow number="0.7542931090866348"/>
            <fprob>0.0</fprob>
        </actor>
        <actor name="D0N36">
            <wcet number="0">40</wcet>
            <wcet number="1">60</wcet>
            <maxpow number="0.6144761437128705"/>
            <maxpow number="0.6144761437128705"/>
            <fprob>0.0</fprob>
        </actor>
        <actor name="D0N27">
            <wcet number="0">110</wcet>
            <wcet number="1">140</wcet>
            <maxpow number="0.47139217751131657"/>
            <maxpow number="0.47139217751131657"/>
            <fprob>0.0</fprob>
        </actor>
        <actor name="D0N19">
            <wcet number="0">10</wcet>
            <wcet number="1">20</wcet>
            <maxpow number="0.5407952062042144"/>
            <maxpow number="0.5407952062042144"/>
            <fprob>0.0</fprob>
        </actor>
        <actor name="D0N11">
            <wcet number="0">50</wcet>
            <wcet number="1">150</wcet>
            <maxpow number="0.6970040834645886"/>
            <maxpow number="0.6970040834645886"/>
            <fprob>0.0</fprob>
        </actor>
        <actor name="D0N21">
            <wcet number="0">20</wcet>
            <wcet number="1">20</wcet>
            <maxpow number="0.4417880606209322"/>
            <maxpow number="0.4417880606209322"/>
            <fprob>0.0</fprob>
        </actor>
        <actor name="D0N43">
            <wcet number="0">10</wcet>
            <wcet number="1">10</wcet>
            <maxpow number="0.4264158422599325"/>
            <maxpow number="0.4264158422599325"/>
            <fprob>0.0</fprob>
        </actor>
        <actor name="D0N40">
            <wcet number="0">20</wcet>
            <wcet number="1">20</wcet>
            <maxpow number="0.6032609780424206"/>
            <maxpow number="0.6032609780424206"/>
            <fprob>0.0</fprob>
        </actor>
        <actor name="D0N18">
            <wcet number="0">40</wcet>
            <wcet number="1">60</wcet>
            <maxpow number="0.7386478306400015"/>
            <maxpow number="0.7386478306400015"/>
            <fprob>0.0</fprob>
        </actor>
        <actor name="D0N38">
            <wcet number="0">60</wcet>
            <wcet number="1">140</wcet>
            <maxpow number="0.6792009743809883"/>
            <maxpow number="0.6792009743809883"/>
            <fprob>0.0</fprob>
        </actor>
        <actor name="D0N13">
            <wcet number="0">10</wcet>
            <wcet number="1">10</wcet>
            <maxpow number="0.03261934998484006"/>
            <maxpow number="0.03261934998484006"/>
            <fprob>0.0</fprob>
        </actor>
        <actor name="D0N15">
            <wcet number="0">20</wcet>
            <wcet number="1">20</wcet>
            <maxpow number="0.8133731291368538"/>
            <maxpow number="0.8133731291368538"/>
            <fprob>0.0</fprob>
        </actor>
        <actor name="D0N39">
            <wcet number="0">30</wcet>
            <wcet number="1">50</wcet>
            <maxpow number="0.5374198856387437"/>
            <maxpow number="0.5374198856387437"/>
            <fprob>0.0</fprob>
        </actor>
        <actor name="D0N31">
            <wcet number="0">10</wcet>
            <wcet number="1">30</wcet>
            <maxpow number="0.5981701433301782"/>
            <maxpow number="0.5981701433301782"/>
            <fprob>0.0</fprob>
        </actor>
        <actor name="D0N46">
            <wcet number="0">10</wcet>
            <wcet number="1">140</wcet>
            <maxpow number="0.6108537269468937"/>
            <maxpow number="0.6108537269468937"/>
            <fprob>0.0</fprob>
        </actor>
        <actor name="D0N26">
            <wcet number="0">50</wcet>
            <wcet number="1">60</wcet>
            <maxpow number="0.5731542948027994"/>
            <maxpow number="0.5731542948027994"/>
            <fprob>0.0</fprob>
        </actor>
        <actor name="D0N30">
            <wcet number="0">10</wcet>
            <wcet number="1">10</wcet>
            <maxpow number="0.7734599031385162"/>
            <maxpow number="0.7734599031385162"/>
            <fprob>0.0</fprob>
        </actor>
        <actor name="D0N28">
            <wcet number="0">70</wcet>
            <wcet number="1">70</wcet>
            <maxpow number="0.5369285356167419"/>
            <maxpow number="0.5369285356167419"/>
            <fprob>0.0</fprob>
        </actor>
        <actor name="D0N17">
            <wcet number="0">30</wcet>
            <wcet number="1">90</wcet>
            <maxpow number="0.9180737105576557"/>
            <maxpow number="0.9180737105576557"/>
            <fprob>0.0</fprob>
        </actor>
        <actor name="D0N33">
            <wcet number="0">100</wcet>
            <wcet number="1">110</wcet>
            <maxpow number="0.6930602513012794"/>
            <maxpow number="0.6930602513012794"/>
            <fprob>0.0</fprob>
        </actor>
        <actor name="D0N3">
            <wcet number="0">20</wcet>
            <wcet number="1">20</wcet>
            <maxpow number="0.6385074445319596"/>
            <maxpow number="0.6385074445319596"/>
            <fprob>0.0</fprob>
        </actor>
        <actor name="D0N29">
            <wcet number="0">30</wcet>
            <wcet number="1">140</wcet>
            <maxpow number="0.4896480670361633"/>
            <maxpow number="0.4896480670361633"/>
            <fprob>0.0</fprob>
        </actor>
        <actor name="D0N1">
            <wcet number="0">30</wcet>
            <wcet number="1">30</wcet>
            <maxpow number="0.6363468861017062"/>
            <maxpow number="0.6363468861017062"/>
            <fprob>0.0</fprob>
        </actor>
        <actor name="D0N41">
            <wcet number="0">20</wcet>
            <wcet number="1">220</wcet>
            <maxpow number="0.3274729939734793"/>
            <maxpow number="0.3274729939734793"/>
            <fprob>0.0</fprob>
        </actor>
        <actor name="D0N9">
            <wcet number="0">60</wcet>
            <wcet number="1">120</wcet>
            <maxpow number="0.6316101629701488"/>
            <maxpow number="0.6316101629701488"/>
            <fprob>0.0</fprob>
        </actor>
        <actor name="D0N20">
            <wcet number="0">30</wcet>
            <wcet number="1">50</wcet>
            <maxpow number="0.347984449223662"/>
            <maxpow number="0.347984449223662"/>
            <fprob>0.0</fprob>
        </actor>
        <actor name="D0N37">
            <wcet number="0">40</wcet>
            <wcet number="1">50</wcet>
            <maxpow number="0.5533546650295023"/>
            <maxpow number="0.5533546650295023"/>
            <fprob>0.0</fprob>
        </actor>
        <actor name="D0N42">
            <wcet number="0">80</wcet>
            <wcet number="1">120</wcet>
            <maxpow number="0.6470989965450927"/>
            <maxpow number="0.6470989965450927"/>
            <fprob>0.0</fprob>
        </actor>
        <actor name="D0N32">
            <wcet number="0">160</wcet>
            <wcet number="1">170</wcet>
            <maxpow number="0.6638747142361981"/>
            <maxpow number="0.6638747142361981"/>
            <fprob>0.0</fprob>
        </actor>
        <actor name="D0N12">
            <wcet number="0">20</wcet>
            <wcet number="1">40</wcet>
            <maxpow number="0.5203075469639209"/>
            <maxpow number="0.5203075469639209"/>
            <fprob>0.0</fprob>
        </actor>
        <actor name="D0N22">
            <wcet number="0">10</wcet>
            <wcet number="1">30</wcet>
            <maxpow number="0.8273396904535522"/>
            <maxpow number="0.8273396904535522"/>
            <fprob>0.0</fprob>
        </actor>
        <ports>
            <port dstActor="D0N22" name="p0" srcActor="D0N4"/>
            <port dstActor="D0N28" name="p1" srcActor="D0N4"/>
            <port dstActor="D0N17" name="p2" srcActor="D0N4"/>
            <port dstActor="D0N21" name="p3" srcActor="D0N4"/>
            <port dstActor="D0N39" name="p4" srcActor="D0N14"/>
            <port dstActor="D0N28" name="p5" srcActor="D0N14"/>
            <port dstActor="D0N26" name="p6" srcActor="D0N14"/>
            <port dstActor="D0N25" name="p7" srcActor="D0N14"/>
            <port dstActor="D0N17" name="p8" srcActor="D0N14"/>
            <port dstActor="D0N46" name="p9" srcActor="D0N14"/>
            <port dstActor="D0N15" name="p10" srcActor="D0N14"/>
            <port dstActor="D0N29" name="p11" srcActor="D0N14"/>
            <port dstActor="D0N19" name="p12" srcActor="D0N6"/>
            <port dstActor="D0N35" name="p13" srcActor="D0N6"/>
            <port dstActor="D0N9" name="p14" srcActor="D0N6"/>
            <port dstActor="D0N10" name="p15" srcActor="D0N6"/>
            <port dstActor="D0N17" name="p16" srcActor="D0N6"/>
            <port dstActor="D0N40" name="p17" srcActor="D0N6"/>
            <port dstActor="D0N31" name="p18" srcActor="D0N23"/>
            <port dstActor="D0N39" name="p19" srcActor="D0N23"/>
            <port dstActor="D0N37" name="p20" srcActor="D0N23"/>
            <port dstActor="D0N26" name="p21" srcActor="D0N23"/>
            <port dstActor="D0N47" name="p22" srcActor="D0N44"/>
            <port dstActor="D0N45" name="p23" srcActor="D0N44"/>
            <port dstActor="D0N46" name="p24" srcActor="D0N45"/>
            <port dstActor="D0N24" name="p25" srcActor="D0N10"/>
            <port dstActor="D0N18" name="p26" srcActor="D0N10"/>
            <port dstActor="D0N36" name="p27" srcActor="D0N10"/>
            <port dstActor="D0N37" name="p28" srcActor="D0N10"/>
            <port dstActor="D0N31" name="p29" srcActor="D0N10"/>
            <port dstActor="D0N40" name="p30" srcActor="D0N10"/>
            <port dstActor="D0N35" name="p31" srcActor="D0N10"/>
            <port dstActor="D0N32" name="p32" srcActor="D0N0"/>
            <port dstActor="D0N15" name="p33" srcActor="D0N0"/>
            <port dstActor="D0N30" name="p34" srcActor="D0N8"/>
            <port dstActor="D0N27" name="p35" srcActor="D0N8"/>
            <port dstActor="D0N10" name="p36" srcActor="D0N2"/>
            <port dstActor="D0N31" name="p37" srcActor="D0N2"/>
            <port dstActor="D0N20" name="p38" srcActor="D0N2"/>
            <port dstActor="D0N37" name="p39" srcActor="D0N24"/>
            <port dstActor="D0N40" name="p40" srcActor="D0N16"/>
            <port dstActor="D0N35" name="p41" srcActor="D0N16"/>
            <port dstActor="D0N34" name="p42" srcActor="D0N16"/>
            <port dstActor="D0N8" name="p43" srcActor="D0N5"/>
            <port dstActor="D0N26" name="p44" srcActor="D0N5"/>
            <port dstActor="D0N35" name="p45" srcActor="D0N5"/>
            <port dstActor="D0N38" name="p46" srcActor="D0N5"/>
            <port dstActor="D0N6" name="p47" srcActor="D0N5"/>
            <port dstActor="D0N42" name="p48" srcActor="D0N5"/>
            <port dstActor="D0N31" name="p49" srcActor="D0N5"/>
            <port dstActor="D0N41" name="p50" srcActor="D0N5"/>
            <port dstActor="D0N19" name="p51" srcActor="D0N7"/>
            <port dstActor="D0N22" name="p52" srcActor="D0N7"/>
            <port dstActor="D0N43" name="p53" srcActor="D0N35"/>
            <port dstActor="D0N47" name="p54" srcActor="D0N36"/>
            <port dstActor="D0N43" name="p55" srcActor="D0N36"/>
            <port dstActor="D0N29" name="p56" srcActor="D0N27"/>
            <port dstActor="D0N37" name="p57" srcActor="D0N27"/>
            <port dstActor="D0N33" name="p58" srcActor="D0N27"/>
            <port dstActor="D0N32" name="p59" srcActor="D0N27"/>
            <port dstActor="D0N23" name="p60" srcActor="D0N19"/>
            <port dstActor="D0N44" name="p61" srcActor="D0N19"/>
            <port dstActor="D0N19" name="p62" srcActor="D0N11"/>
            <port dstActor="D0N23" name="p63" srcActor="D0N11"/>
            <port dstActor="D0N39" name="p64" srcActor="D0N11"/>
            <port dstActor="D0N34" name="p65" srcActor="D0N21"/>
            <port dstActor="D0N27" name="p66" srcActor="D0N21"/>
            <port dstActor="D0N44" name="p67" srcActor="D0N43"/>
            <port dstActor="D0N47" name="p68" srcActor="D0N40"/>
            <port dstActor="D0N22" name="p69" srcActor="D0N18"/>
            <port dstActor="D0N40" name="p70" srcActor="D0N18"/>
            <port dstActor="D0N36" name="p71" srcActor="D0N18"/>
            <port dstActor="D0N41" name="p72" srcActor="D0N38"/>
            <port dstActor="D0N46" name="p73" srcActor="D0N38"/>
            <port dstActor="D0N22" name="p74" srcActor="D0N13"/>
            <port dstActor="D0N42" name="p75" srcActor="D0N13"/>
            <port dstActor="D0N19" name="p76" srcActor="D0N13"/>
            <port dstActor="D0N37" name="p77" srcActor="D0N13"/>
            <port dstActor="D0N47" name="p78" srcActor="D0N13"/>
            <port dstActor="D0N16" name="p79" srcActor="D0N15"/>
            <port dstActor="D0N24" name="p80" srcActor="D0N15"/>
            <port dstActor="D0N43" name="p81" srcActor="D0N15"/>
            <port dstActor="D0N47" name="p82" srcActor="D0N39"/>
            <port dstActor="D0N42" name="p83" srcActor="D0N31"/>
            <port dstActor="D0N42" name="p84" srcActor="D0N26"/>
            <port dstActor="D0N35" name="p85" srcActor="D0N26"/>
            <port dstActor="D0N32" name="p86" srcActor="D0N30"/>
            <port dstActor="D0N42" name="p87" srcActor="D0N30"/>
            <port dstActor="D0N46" name="p88" srcActor="D0N28"/>
            <port dstActor="D0N45" name="p89" srcActor="D0N28"/>
            <port dstActor="D0N44" name="p90" srcActor="D0N28"/>
            <port dstActor="D0N36" name="p91" srcActor="D0N17"/>
            <port dstActor="D0N24" name="p92" srcActor="D0N17"/>
            <port dstActor="D0N40" name="p93" srcActor="D0N17"/>
            <port dstActor="D0N22" name="p94" srcActor="D0N17"/>
            <port dstActor="D0N36" name="p95" srcActor="D0N33"/>
            <port dstActor="D0N45" name="p96" srcActor="D0N33"/>
            <port dstActor="D0N44" name="p97" srcActor="D0N33"/>
            <port dstActor="D0N45" name="p98" srcActor="D0N3"/>
            <port dstActor="D0N19" name="p99" srcActor="D0N3"/>
            <port dstActor="D0N47" name="p100" srcActor="D0N3"/>
            <port dstActor="D0N29" name="p101" srcActor="D0N3"/>
            <port dstActor="D0N36" name="p102" srcActor="D0N3"/>
            <port dstActor="D0N31" name="p103" srcActor="D0N3"/>
            <port dstActor="D0N34" name="p104" srcActor="D0N29"/>
            <port dstActor="D0N39" name="p105" srcActor="D0N29"/>
            <port dstActor="D0N43" name="p106" srcActor="D0N29"/>
            <port dstActor="D0N45" name="p107" srcActor="D0N29"/>
            <port dstActor="D0N47" name="p108" srcActor="D0N1"/>
            <port dstActor="D0N16" name="p109" srcActor="D0N1"/>
            <port dstActor="D0N37" name="p110" srcActor="D0N9"/>
            <port dstActor="D0N12" name="p111" srcActor="D0N9"/>
            <port dstActor="D0N39" name="p112" srcActor="D0N9"/>
            <port dstActor="D0N45" name="p113" srcActor="D0N42"/>
            <port dstActor="D0N46" name="p114" srcActor="D0N32"/>
            <port dstActor="D0N38" name="p115" srcActor="D0N32"/>
            <port dstActor="D0N41" name="p116" srcActor="D0N12"/>
            <port dstActor="D0N20" name="p117" srcActor="D0N12"/>
            <port dstActor="D0N39" name="p118" srcActor="D0N12"/>
            <port dstActor="D0N15" name="p119" srcActor="D0N12"/>
            <port dstActor="D0N27" name="p120" srcActor="D0N22"/>
        </ports>
    </mcdag>
    <cores number="3"/>
    <levels number="2"/>
</mcsystem>
