<?xml version="1.0" encoding="UTF-8" standalone="no"?>
<mcsystem>
    <mcdag deadline="2200" name="genned-0-ed-10.0-0">
        <actor name="D0N12">
            <wcet number="0">50</wcet>
            <wcet number="1">50</wcet>
            <maxpow number="0.5573497723963122"/>
            <maxpow number="0.5573497723963122"/>
            <fprob>0.0</fprob>
        </actor>
        <actor name="D0N23">
            <wcet number="0">30</wcet>
            <wcet number="1">30</wcet>
            <maxpow number="0.6841956130336568"/>
            <maxpow number="0.6841956130336568"/>
            <fprob>0.0</fprob>
        </actor>
        <actor name="D0N4">
            <wcet number="0">10</wcet>
            <wcet number="1">210</wcet>
            <maxpow number="0.6106102097795811"/>
            <maxpow number="0.6106102097795811"/>
            <fprob>0.0</fprob>
        </actor>
        <actor name="D0N29">
            <wcet number="0">10</wcet>
            <wcet number="1">120</wcet>
            <maxpow number="0.8457152003974189"/>
            <maxpow number="0.8457152003974189"/>
            <fprob>0.0</fprob>
        </actor>
        <actor name="D0N21">
            <wcet number="0">10</wcet>
            <wcet number="1">30</wcet>
            <maxpow number="0.5917434007810537"/>
            <maxpow number="0.5917434007810537"/>
            <fprob>0.0</fprob>
        </actor>
        <actor name="D0N8">
            <wcet number="0">100</wcet>
            <wcet number="1">210</wcet>
            <maxpow number="0.4285098240311414"/>
            <maxpow number="0.4285098240311414"/>
            <fprob>0.0</fprob>
        </actor>
        <actor name="D0N35">
            <wcet number="0">10</wcet>
            <wcet number="1">10</wcet>
            <maxpow number="0.4679438834751666"/>
            <maxpow number="0.4679438834751666"/>
            <fprob>0.0</fprob>
        </actor>
        <actor name="D0N40">
            <wcet number="0">20</wcet>
            <wcet number="1">50</wcet>
            <maxpow number="0.7043979186622424"/>
            <maxpow number="0.7043979186622424"/>
            <fprob>0.0</fprob>
        </actor>
        <actor name="D0N22">
            <wcet number="0">100</wcet>
            <wcet number="1">140</wcet>
            <maxpow number="0.29568431151849994"/>
            <maxpow number="0.29568431151849994"/>
            <fprob>0.0</fprob>
        </actor>
        <actor name="D0N41">
            <wcet number="0">40</wcet>
            <wcet number="1">50</wcet>
            <maxpow number="0.7919267923923982"/>
            <maxpow number="0.7919267923923982"/>
            <fprob>0.0</fprob>
        </actor>
        <actor name="D0N5">
            <wcet number="0">30</wcet>
            <wcet number="1">30</wcet>
            <maxpow number="0.33589508685487257"/>
            <maxpow number="0.33589508685487257"/>
            <fprob>0.0</fprob>
        </actor>
        <actor name="D0N27">
            <wcet number="0">60</wcet>
            <wcet number="1">70</wcet>
            <maxpow number="0.30399830729218114"/>
            <maxpow number="0.30399830729218114"/>
            <fprob>0.0</fprob>
        </actor>
        <actor name="D0N32">
            <wcet number="0">10</wcet>
            <wcet number="1">10</wcet>
            <maxpow number="0.5955011478985284"/>
            <maxpow number="0.5955011478985284"/>
            <fprob>0.0</fprob>
        </actor>
        <actor name="D0N43">
            <wcet number="0">10</wcet>
            <wcet number="1">90</wcet>
            <maxpow number="0.9198438891568328"/>
            <maxpow number="0.9198438891568328"/>
            <fprob>0.0</fprob>
        </actor>
        <actor name="D0N17">
            <wcet number="0">40</wcet>
            <wcet number="1">40</wcet>
            <maxpow number="0.8779702428499987"/>
            <maxpow number="0.8779702428499987"/>
            <fprob>0.0</fprob>
        </actor>
        <actor name="D0N34">
            <wcet number="0">90</wcet>
            <wcet number="1">230</wcet>
            <maxpow number="0.4520611041780738"/>
            <maxpow number="0.4520611041780738"/>
            <fprob>0.0</fprob>
        </actor>
        <actor name="D0N26">
            <wcet number="0">190</wcet>
            <wcet number="1">290</wcet>
            <maxpow number="0.3498185787236383"/>
            <maxpow number="0.3498185787236383"/>
            <fprob>0.0</fprob>
        </actor>
        <actor name="D0N1">
            <wcet number="0">10</wcet>
            <wcet number="1">10</wcet>
            <maxpow number="0.39753646179728697"/>
            <maxpow number="0.39753646179728697"/>
            <fprob>0.0</fprob>
        </actor>
        <actor name="D0N3">
            <wcet number="0">70</wcet>
            <wcet number="1">130</wcet>
            <maxpow number="0.5279420829221088"/>
            <maxpow number="0.5279420829221088"/>
            <fprob>0.0</fprob>
        </actor>
        <actor name="D0N46">
            <wcet number="0">20</wcet>
            <wcet number="1">50</wcet>
            <maxpow number="0.49104750267153674"/>
            <maxpow number="0.49104750267153674"/>
            <fprob>0.0</fprob>
        </actor>
        <actor name="D0N0">
            <wcet number="0">40</wcet>
            <wcet number="1">40</wcet>
            <maxpow number="0.593753227026359"/>
            <maxpow number="0.593753227026359"/>
            <fprob>0.0</fprob>
        </actor>
        <actor name="D0N10">
            <wcet number="0">130</wcet>
            <wcet number="1">210</wcet>
            <maxpow number="0.48556195861131923"/>
            <maxpow number="0.48556195861131923"/>
            <fprob>0.0</fprob>
        </actor>
        <actor name="D0N44">
            <wcet number="0">130</wcet>
            <wcet number="1">140</wcet>
            <maxpow number="0.6580419224772331"/>
            <maxpow number="0.6580419224772331"/>
            <fprob>0.0</fprob>
        </actor>
        <actor name="D0N13">
            <wcet number="0">20</wcet>
            <wcet number="1">70</wcet>
            <maxpow number="0.4130361686049643"/>
            <maxpow number="0.4130361686049643"/>
            <fprob>0.0</fprob>
        </actor>
        <actor name="D0N11">
            <wcet number="0">10</wcet>
            <wcet number="1">20</wcet>
            <maxpow number="0.7159461374047581"/>
            <maxpow number="0.7159461374047581"/>
            <fprob>0.0</fprob>
        </actor>
        <actor name="D0N24">
            <wcet number="0">50</wcet>
            <wcet number="1">70</wcet>
            <maxpow number="0.5324202712326358"/>
            <maxpow number="0.5324202712326358"/>
            <fprob>0.0</fprob>
        </actor>
        <actor name="D0N31">
            <wcet number="0">250</wcet>
            <wcet number="1">470</wcet>
            <maxpow number="0.5801362116478163"/>
            <maxpow number="0.5801362116478163"/>
            <fprob>0.0</fprob>
        </actor>
        <actor name="D0N25">
            <wcet number="0">20</wcet>
            <wcet number="1">70</wcet>
            <maxpow number="0.7790872211150309"/>
            <maxpow number="0.7790872211150309"/>
            <fprob>0.0</fprob>
        </actor>
        <actor name="D0N14">
            <wcet number="0">190</wcet>
            <wcet number="1">220</wcet>
            <maxpow number="0.7279172046738597"/>
            <maxpow number="0.7279172046738597"/>
            <fprob>0.0</fprob>
        </actor>
        <actor name="D0N45">
            <wcet number="0">80</wcet>
            <wcet number="1">110</wcet>
            <maxpow number="0.7519941832525756"/>
            <maxpow number="0.7519941832525756"/>
            <fprob>0.0</fprob>
        </actor>
        <actor name="D0N18">
            <wcet number="0">110</wcet>
            <wcet number="1">230</wcet>
            <maxpow number="0.6222429365022005"/>
            <maxpow number="0.6222429365022005"/>
            <fprob>0.0</fprob>
        </actor>
        <actor name="D0N37">
            <wcet number="0">220</wcet>
            <wcet number="1">380</wcet>
            <maxpow number="0.5058307393504118"/>
            <maxpow number="0.5058307393504118"/>
            <fprob>0.0</fprob>
        </actor>
        <actor name="D0N9">
            <wcet number="0">30</wcet>
            <wcet number="1">30</wcet>
            <maxpow number="0.46912968514066733"/>
            <maxpow number="0.46912968514066733"/>
            <fprob>0.0</fprob>
        </actor>
        <actor name="D0N33">
            <wcet number="0">30</wcet>
            <wcet number="1">30</wcet>
            <maxpow number="0.46755796634971103"/>
            <maxpow number="0.46755796634971103"/>
            <fprob>0.0</fprob>
        </actor>
        <actor name="D0N6">
            <wcet number="0">110</wcet>
            <wcet number="1">150</wcet>
            <maxpow number="0.39538063606615226"/>
            <maxpow number="0.39538063606615226"/>
            <fprob>0.0</fprob>
        </actor>
        <actor name="D0N36">
            <wcet number="0">10</wcet>
            <wcet number="1">20</wcet>
            <maxpow number="0.32972235731374433"/>
            <maxpow number="0.32972235731374433"/>
            <fprob>0.0</fprob>
        </actor>
        <actor name="D0N16">
            <wcet number="0">60</wcet>
            <wcet number="1">370</wcet>
            <maxpow number="0.7280426385206975"/>
            <maxpow number="0.7280426385206975"/>
            <fprob>0.0</fprob>
        </actor>
        <actor name="D0N42">
            <wcet number="0">30</wcet>
            <wcet number="1">70</wcet>
            <maxpow number="0.4817019714539354"/>
            <maxpow number="0.4817019714539354"/>
            <fprob>0.0</fprob>
        </actor>
        <actor name="D0N28">
            <wcet number="0">200</wcet>
            <wcet number="1">370</wcet>
            <maxpow number="0.4210920918849371"/>
            <maxpow number="0.4210920918849371"/>
            <fprob>0.0</fprob>
        </actor>
        <actor name="D0N19">
            <wcet number="0">10</wcet>
            <wcet number="1">80</wcet>
            <maxpow number="0.5946490573664268"/>
            <maxpow number="0.5946490573664268"/>
            <fprob>0.0</fprob>
        </actor>
        <actor name="D0N38">
            <wcet number="0">10</wcet>
            <wcet number="1">10</wcet>
            <maxpow number="0.508664081166146"/>
            <maxpow number="0.508664081166146"/>
            <fprob>0.0</fprob>
        </actor>
        <actor name="D0N2">
            <wcet number="0">130</wcet>
            <wcet number="1">160</wcet>
            <maxpow number="0.6352235644764584"/>
            <maxpow number="0.6352235644764584"/>
            <fprob>0.0</fprob>
        </actor>
        <actor name="D0N30">
            <wcet number="0">10</wcet>
            <wcet number="1">20</wcet>
            <maxpow number="0.38244080849830325"/>
            <maxpow number="0.38244080849830325"/>
            <fprob>0.0</fprob>
        </actor>
        <actor name="D0N39">
            <wcet number="0">30</wcet>
            <wcet number="1">260</wcet>
            <maxpow number="0.8157284074319061"/>
            <maxpow number="0.8157284074319061"/>
            <fprob>0.0</fprob>
        </actor>
        <actor name="D0N7">
            <wcet number="0">10</wcet>
            <wcet number="1">20</wcet>
            <maxpow number="0.6322896145846976"/>
            <maxpow number="0.6322896145846976"/>
            <fprob>0.0</fprob>
        </actor>
        <actor name="D0N20">
            <wcet number="0">10</wcet>
            <wcet number="1">20</wcet>
            <maxpow number="0.34031704761900095"/>
            <maxpow number="0.34031704761900095"/>
            <fprob>0.0</fprob>
        </actor>
        <actor name="D0N15">
            <wcet number="0">10</wcet>
            <wcet number="1">10</wcet>
            <maxpow number="0.3633411907947286"/>
            <maxpow number="0.3633411907947286"/>
            <fprob>0.0</fprob>
        </actor>
        <ports>
            <port dstActor="D0N20" name="p0" srcActor="D0N12"/>
            <port dstActor="D0N35" name="p1" srcActor="D0N12"/>
            <port dstActor="D0N25" name="p2" srcActor="D0N12"/>
            <port dstActor="D0N16" name="p3" srcActor="D0N12"/>
            <port dstActor="D0N21" name="p4" srcActor="D0N12"/>
            <port dstActor="D0N40" name="p5" srcActor="D0N23"/>
            <port dstActor="D0N32" name="p6" srcActor="D0N23"/>
            <port dstActor="D0N37" name="p7" srcActor="D0N4"/>
            <port dstActor="D0N19" name="p8" srcActor="D0N4"/>
            <port dstActor="D0N6" name="p9" srcActor="D0N4"/>
            <port dstActor="D0N41" name="p10" srcActor="D0N29"/>
            <port dstActor="D0N37" name="p11" srcActor="D0N21"/>
            <port dstActor="D0N46" name="p12" srcActor="D0N21"/>
            <port dstActor="D0N25" name="p13" srcActor="D0N8"/>
            <port dstActor="D0N9" name="p14" srcActor="D0N8"/>
            <port dstActor="D0N42" name="p15" srcActor="D0N35"/>
            <port dstActor="D0N46" name="p16" srcActor="D0N40"/>
            <port dstActor="D0N38" name="p17" srcActor="D0N22"/>
            <port dstActor="D0N24" name="p18" srcActor="D0N22"/>
            <port dstActor="D0N40" name="p19" srcActor="D0N22"/>
            <port dstActor="D0N42" name="p20" srcActor="D0N41"/>
            <port dstActor="D0N37" name="p21" srcActor="D0N5"/>
            <port dstActor="D0N11" name="p22" srcActor="D0N5"/>
            <port dstActor="D0N26" name="p23" srcActor="D0N5"/>
            <port dstActor="D0N40" name="p24" srcActor="D0N27"/>
            <port dstActor="D0N44" name="p25" srcActor="D0N27"/>
            <port dstActor="D0N38" name="p26" srcActor="D0N32"/>
            <port dstActor="D0N38" name="p27" srcActor="D0N17"/>
            <port dstActor="D0N43" name="p28" srcActor="D0N17"/>
            <port dstActor="D0N45" name="p29" srcActor="D0N34"/>
            <port dstActor="D0N37" name="p30" srcActor="D0N34"/>
            <port dstActor="D0N41" name="p31" srcActor="D0N34"/>
            <port dstActor="D0N42" name="p32" srcActor="D0N26"/>
            <port dstActor="D0N41" name="p33" srcActor="D0N1"/>
            <port dstActor="D0N44" name="p34" srcActor="D0N1"/>
            <port dstActor="D0N11" name="p35" srcActor="D0N1"/>
            <port dstActor="D0N18" name="p36" srcActor="D0N1"/>
            <port dstActor="D0N30" name="p37" srcActor="D0N1"/>
            <port dstActor="D0N7" name="p38" srcActor="D0N1"/>
            <port dstActor="D0N45" name="p39" srcActor="D0N3"/>
            <port dstActor="D0N8" name="p40" srcActor="D0N3"/>
            <port dstActor="D0N40" name="p41" srcActor="D0N3"/>
            <port dstActor="D0N31" name="p42" srcActor="D0N0"/>
            <port dstActor="D0N34" name="p43" srcActor="D0N10"/>
            <port dstActor="D0N29" name="p44" srcActor="D0N10"/>
            <port dstActor="D0N26" name="p45" srcActor="D0N10"/>
            <port dstActor="D0N45" name="p46" srcActor="D0N10"/>
            <port dstActor="D0N38" name="p47" srcActor="D0N13"/>
            <port dstActor="D0N33" name="p48" srcActor="D0N13"/>
            <port dstActor="D0N25" name="p49" srcActor="D0N13"/>
            <port dstActor="D0N20" name="p50" srcActor="D0N13"/>
            <port dstActor="D0N19" name="p51" srcActor="D0N13"/>
            <port dstActor="D0N46" name="p52" srcActor="D0N13"/>
            <port dstActor="D0N40" name="p53" srcActor="D0N11"/>
            <port dstActor="D0N22" name="p54" srcActor="D0N11"/>
            <port dstActor="D0N46" name="p55" srcActor="D0N11"/>
            <port dstActor="D0N13" name="p56" srcActor="D0N11"/>
            <port dstActor="D0N38" name="p57" srcActor="D0N24"/>
            <port dstActor="D0N44" name="p58" srcActor="D0N24"/>
            <port dstActor="D0N32" name="p59" srcActor="D0N24"/>
            <port dstActor="D0N29" name="p60" srcActor="D0N24"/>
            <port dstActor="D0N35" name="p61" srcActor="D0N31"/>
            <port dstActor="D0N38" name="p62" srcActor="D0N25"/>
            <port dstActor="D0N40" name="p63" srcActor="D0N25"/>
            <port dstActor="D0N43" name="p64" srcActor="D0N25"/>
            <port dstActor="D0N36" name="p65" srcActor="D0N25"/>
            <port dstActor="D0N37" name="p66" srcActor="D0N25"/>
            <port dstActor="D0N46" name="p67" srcActor="D0N14"/>
            <port dstActor="D0N10" name="p68" srcActor="D0N9"/>
            <port dstActor="D0N36" name="p69" srcActor="D0N9"/>
            <port dstActor="D0N30" name="p70" srcActor="D0N9"/>
            <port dstActor="D0N27" name="p71" srcActor="D0N9"/>
            <port dstActor="D0N25" name="p72" srcActor="D0N9"/>
            <port dstActor="D0N38" name="p73" srcActor="D0N33"/>
            <port dstActor="D0N23" name="p74" srcActor="D0N6"/>
            <port dstActor="D0N26" name="p75" srcActor="D0N6"/>
            <port dstActor="D0N16" name="p76" srcActor="D0N6"/>
            <port dstActor="D0N31" name="p77" srcActor="D0N6"/>
            <port dstActor="D0N42" name="p78" srcActor="D0N36"/>
            <port dstActor="D0N46" name="p79" srcActor="D0N28"/>
            <port dstActor="D0N25" name="p80" srcActor="D0N19"/>
            <port dstActor="D0N45" name="p81" srcActor="D0N19"/>
            <port dstActor="D0N32" name="p82" srcActor="D0N19"/>
            <port dstActor="D0N41" name="p83" srcActor="D0N38"/>
            <port dstActor="D0N46" name="p84" srcActor="D0N38"/>
            <port dstActor="D0N38" name="p85" srcActor="D0N2"/>
            <port dstActor="D0N29" name="p86" srcActor="D0N2"/>
            <port dstActor="D0N5" name="p87" srcActor="D0N2"/>
            <port dstActor="D0N45" name="p88" srcActor="D0N30"/>
            <port dstActor="D0N43" name="p89" srcActor="D0N39"/>
            <port dstActor="D0N45" name="p90" srcActor="D0N39"/>
            <port dstActor="D0N45" name="p91" srcActor="D0N7"/>
            <port dstActor="D0N32" name="p92" srcActor="D0N7"/>
            <port dstActor="D0N23" name="p93" srcActor="D0N20"/>
            <port dstActor="D0N42" name="p94" srcActor="D0N20"/>
            <port dstActor="D0N36" name="p95" srcActor="D0N15"/>
            <port dstActor="D0N45" name="p96" srcActor="D0N15"/>
        </ports>
    </mcdag>
    <cores number="3"/>
    <levels number="2"/>
</mcsystem>
