<?xml version="1.0" encoding="UTF-8" standalone="no"?>
<mcsystem>
    <mcdag deadline="4000" name="genned-0-ed-10.0-0">
        <actor name="D0N42">
            <wcet number="0">50</wcet>
            <wcet number="1">80</wcet>
            <maxpow number="0.6663683413441737"/>
            <maxpow number="0.6663683413441737"/>
            <fprob>0.0</fprob>
        </actor>
        <actor name="D0N9">
            <wcet number="0">60</wcet>
            <wcet number="1">70</wcet>
            <maxpow number="0.5892624867596473"/>
            <maxpow number="0.5892624867596473"/>
            <fprob>0.0</fprob>
        </actor>
        <actor name="D0N3">
            <wcet number="0">10</wcet>
            <wcet number="1">60</wcet>
            <maxpow number="0.4489720712854426"/>
            <maxpow number="0.4489720712854426"/>
            <fprob>0.0</fprob>
        </actor>
        <actor name="D0N1">
            <wcet number="0">120</wcet>
            <wcet number="1">130</wcet>
            <maxpow number="0.7053149914993675"/>
            <maxpow number="0.7053149914993675"/>
            <fprob>0.0</fprob>
        </actor>
        <actor name="D0N34">
            <wcet number="0">30</wcet>
            <wcet number="1">100</wcet>
            <maxpow number="0.8529947233189009"/>
            <maxpow number="0.8529947233189009"/>
            <fprob>0.0</fprob>
        </actor>
        <actor name="D0N35">
            <wcet number="0">110</wcet>
            <wcet number="1">340</wcet>
            <maxpow number="0.5755208949159881"/>
            <maxpow number="0.5755208949159881"/>
            <fprob>0.0</fprob>
        </actor>
        <actor name="D0N21">
            <wcet number="0">60</wcet>
            <wcet number="1">370</wcet>
            <maxpow number="0.6221447577674049"/>
            <maxpow number="0.6221447577674049"/>
            <fprob>0.0</fprob>
        </actor>
        <actor name="D0N49">
            <wcet number="0">10</wcet>
            <wcet number="1">10</wcet>
            <maxpow number="0.6920990373670006"/>
            <maxpow number="0.6920990373670006"/>
            <fprob>0.0</fprob>
        </actor>
        <actor name="D0N43">
            <wcet number="0">160</wcet>
            <wcet number="1">220</wcet>
            <maxpow number="0.44832427198471847"/>
            <maxpow number="0.44832427198471847"/>
            <fprob>0.0</fprob>
        </actor>
        <actor name="D0N8">
            <wcet number="0">240</wcet>
            <wcet number="1">280</wcet>
            <maxpow number="0.5508970586731908"/>
            <maxpow number="0.5508970586731908"/>
            <fprob>0.0</fprob>
        </actor>
        <actor name="D0N18">
            <wcet number="0">10</wcet>
            <wcet number="1">220</wcet>
            <maxpow number="0.5739635513761732"/>
            <maxpow number="0.5739635513761732"/>
            <fprob>0.0</fprob>
        </actor>
        <actor name="D0N5">
            <wcet number="0">80</wcet>
            <wcet number="1">100</wcet>
            <maxpow number="0.5359940528290501"/>
            <maxpow number="0.5359940528290501"/>
            <fprob>0.0</fprob>
        </actor>
        <actor name="D0N46">
            <wcet number="0">450</wcet>
            <wcet number="1">680</wcet>
            <maxpow number="0.8772747450830631"/>
            <maxpow number="0.8772747450830631"/>
            <fprob>0.0</fprob>
        </actor>
        <actor name="D0N31">
            <wcet number="0">50</wcet>
            <wcet number="1">100</wcet>
            <maxpow number="0.48840186253164775"/>
            <maxpow number="0.48840186253164775"/>
            <fprob>0.0</fprob>
        </actor>
        <actor name="D0N6">
            <wcet number="0">20</wcet>
            <wcet number="1">60</wcet>
            <maxpow number="0.30242830928913406"/>
            <maxpow number="0.30242830928913406"/>
            <fprob>0.0</fprob>
        </actor>
        <actor name="D0N15">
            <wcet number="0">50</wcet>
            <wcet number="1">120</wcet>
            <maxpow number="0.40851302903364844"/>
            <maxpow number="0.40851302903364844"/>
            <fprob>0.0</fprob>
        </actor>
        <actor name="D0N2">
            <wcet number="0">60</wcet>
            <wcet number="1">160</wcet>
            <maxpow number="0.33588583186929055"/>
            <maxpow number="0.33588583186929055"/>
            <fprob>0.0</fprob>
        </actor>
        <actor name="D0N13">
            <wcet number="0">90</wcet>
            <wcet number="1">100</wcet>
            <maxpow number="0.2901742072029473"/>
            <maxpow number="0.2901742072029473"/>
            <fprob>0.0</fprob>
        </actor>
        <actor name="D0N40">
            <wcet number="0">50</wcet>
            <wcet number="1">320</wcet>
            <maxpow number="0.47660036996047794"/>
            <maxpow number="0.47660036996047794"/>
            <fprob>0.0</fprob>
        </actor>
        <actor name="D0N44">
            <wcet number="0">350</wcet>
            <wcet number="1">370</wcet>
            <maxpow number="0.583069682462708"/>
            <maxpow number="0.583069682462708"/>
            <fprob>0.0</fprob>
        </actor>
        <actor name="D0N37">
            <wcet number="0">70</wcet>
            <wcet number="1">350</wcet>
            <maxpow number="0.3668535694009606"/>
            <maxpow number="0.3668535694009606"/>
            <fprob>0.0</fprob>
        </actor>
        <actor name="D0N10">
            <wcet number="0">20</wcet>
            <wcet number="1">40</wcet>
            <maxpow number="0.33740738930205894"/>
            <maxpow number="0.33740738930205894"/>
            <fprob>0.0</fprob>
        </actor>
        <actor name="D0N36">
            <wcet number="0">180</wcet>
            <wcet number="1">230</wcet>
            <maxpow number="0.3432656223598658"/>
            <maxpow number="0.3432656223598658"/>
            <fprob>0.0</fprob>
        </actor>
        <actor name="D0N24">
            <wcet number="0">30</wcet>
            <wcet number="1">110</wcet>
            <maxpow number="0.34212083708826224"/>
            <maxpow number="0.34212083708826224"/>
            <fprob>0.0</fprob>
        </actor>
        <actor name="D0N20">
            <wcet number="0">130</wcet>
            <wcet number="1">880</wcet>
            <maxpow number="0.8467571660237356"/>
            <maxpow number="0.8467571660237356"/>
            <fprob>0.0</fprob>
        </actor>
        <actor name="D0N17">
            <wcet number="0">570</wcet>
            <wcet number="1">580</wcet>
            <maxpow number="0.7243720835302776"/>
            <maxpow number="0.7243720835302776"/>
            <fprob>0.0</fprob>
        </actor>
        <actor name="D0N26">
            <wcet number="0">210</wcet>
            <wcet number="1">330</wcet>
            <maxpow number="0.7318622587790105"/>
            <maxpow number="0.7318622587790105"/>
            <fprob>0.0</fprob>
        </actor>
        <actor name="D0N33">
            <wcet number="0">60</wcet>
            <wcet number="1">110</wcet>
            <maxpow number="0.413588181877101"/>
            <maxpow number="0.413588181877101"/>
            <fprob>0.0</fprob>
        </actor>
        <actor name="D0N12">
            <wcet number="0">10</wcet>
            <wcet number="1">10</wcet>
            <maxpow number="0.8358328179405916"/>
            <maxpow number="0.8358328179405916"/>
            <fprob>0.0</fprob>
        </actor>
        <actor name="D0N41">
            <wcet number="0">230</wcet>
            <wcet number="1">420</wcet>
            <maxpow number="0.7185829550876943"/>
            <maxpow number="0.7185829550876943"/>
            <fprob>0.0</fprob>
        </actor>
        <actor name="D0N25">
            <wcet number="0">10</wcet>
            <wcet number="1">10</wcet>
            <maxpow number="0.39155454660569877"/>
            <maxpow number="0.39155454660569877"/>
            <fprob>0.0</fprob>
        </actor>
        <actor name="D0N48">
            <wcet number="0">10</wcet>
            <wcet number="1">20</wcet>
            <maxpow number="0.4599655425141651"/>
            <maxpow number="0.4599655425141651"/>
            <fprob>0.0</fprob>
        </actor>
        <actor name="D0N39">
            <wcet number="0">830</wcet>
            <wcet number="1">870</wcet>
            <maxpow number="0.6473814317275243"/>
            <maxpow number="0.6473814317275243"/>
            <fprob>0.0</fprob>
        </actor>
        <actor name="D0N47">
            <wcet number="0">10</wcet>
            <wcet number="1">150</wcet>
            <maxpow number="0.7519915474946437"/>
            <maxpow number="0.7519915474946437"/>
            <fprob>0.0</fprob>
        </actor>
        <actor name="D0N16">
            <wcet number="0">30</wcet>
            <wcet number="1">80</wcet>
            <maxpow number="0.624335070688686"/>
            <maxpow number="0.624335070688686"/>
            <fprob>0.0</fprob>
        </actor>
        <actor name="D0N27">
            <wcet number="0">110</wcet>
            <wcet number="1">110</wcet>
            <maxpow number="0.590765143358735"/>
            <maxpow number="0.590765143358735"/>
            <fprob>0.0</fprob>
        </actor>
        <actor name="D0N4">
            <wcet number="0">10</wcet>
            <wcet number="1">160</wcet>
            <maxpow number="0.38919426958468095"/>
            <maxpow number="0.38919426958468095"/>
            <fprob>0.0</fprob>
        </actor>
        <actor name="D0N23">
            <wcet number="0">10</wcet>
            <wcet number="1">70</wcet>
            <maxpow number="0.7289119793272498"/>
            <maxpow number="0.7289119793272498"/>
            <fprob>0.0</fprob>
        </actor>
        <actor name="D0N22">
            <wcet number="0">10</wcet>
            <wcet number="1">110</wcet>
            <maxpow number="0.857688027238059"/>
            <maxpow number="0.857688027238059"/>
            <fprob>0.0</fprob>
        </actor>
        <actor name="D0N7">
            <wcet number="0">30</wcet>
            <wcet number="1">40</wcet>
            <maxpow number="0.6325912813614979"/>
            <maxpow number="0.6325912813614979"/>
            <fprob>0.0</fprob>
        </actor>
        <actor name="D0N11">
            <wcet number="0">80</wcet>
            <wcet number="1">170</wcet>
            <maxpow number="0.40039662987329866"/>
            <maxpow number="0.40039662987329866"/>
            <fprob>0.0</fprob>
        </actor>
        <actor name="D0N28">
            <wcet number="0">50</wcet>
            <wcet number="1">60</wcet>
            <maxpow number="0.42455398530336713"/>
            <maxpow number="0.42455398530336713"/>
            <fprob>0.0</fprob>
        </actor>
        <actor name="D0N29">
            <wcet number="0">100</wcet>
            <wcet number="1">200</wcet>
            <maxpow number="0.48447465640309606"/>
            <maxpow number="0.48447465640309606"/>
            <fprob>0.0</fprob>
        </actor>
        <actor name="D0N38">
            <wcet number="0">60</wcet>
            <wcet number="1">170</wcet>
            <maxpow number="0.2395147230734299"/>
            <maxpow number="0.2395147230734299"/>
            <fprob>0.0</fprob>
        </actor>
        <actor name="D0N45">
            <wcet number="0">30</wcet>
            <wcet number="1">50</wcet>
            <maxpow number="0.37780114231251527"/>
            <maxpow number="0.37780114231251527"/>
            <fprob>0.0</fprob>
        </actor>
        <actor name="D0N14">
            <wcet number="0">20</wcet>
            <wcet number="1">260</wcet>
            <maxpow number="0.5407313349831975"/>
            <maxpow number="0.5407313349831975"/>
            <fprob>0.0</fprob>
        </actor>
        <actor name="D0N32">
            <wcet number="0">10</wcet>
            <wcet number="1">20</wcet>
            <maxpow number="0.25668659196439414"/>
            <maxpow number="0.25668659196439414"/>
            <fprob>0.0</fprob>
        </actor>
        <actor name="D0N30">
            <wcet number="0">30</wcet>
            <wcet number="1">290</wcet>
            <maxpow number="0.9553203809073827"/>
            <maxpow number="0.9553203809073827"/>
            <fprob>0.0</fprob>
        </actor>
        <actor name="D0N19">
            <wcet number="0">70</wcet>
            <wcet number="1">80</wcet>
            <maxpow number="0.682012908619583"/>
            <maxpow number="0.682012908619583"/>
            <fprob>0.0</fprob>
        </actor>
        <actor name="D0N0">
            <wcet number="0">160</wcet>
            <wcet number="1">530</wcet>
            <maxpow number="0.4242406218260857"/>
            <maxpow number="0.4242406218260857"/>
            <fprob>0.0</fprob>
        </actor>
        <ports>
            <port dstActor="D0N45" name="p0" srcActor="D0N42"/>
            <port dstActor="D0N10" name="p1" srcActor="D0N9"/>
            <port dstActor="D0N24" name="p2" srcActor="D0N9"/>
            <port dstActor="D0N31" name="p3" srcActor="D0N9"/>
            <port dstActor="D0N48" name="p4" srcActor="D0N3"/>
            <port dstActor="D0N30" name="p5" srcActor="D0N3"/>
            <port dstActor="D0N7" name="p6" srcActor="D0N3"/>
            <port dstActor="D0N17" name="p7" srcActor="D0N3"/>
            <port dstActor="D0N33" name="p8" srcActor="D0N3"/>
            <port dstActor="D0N39" name="p9" srcActor="D0N3"/>
            <port dstActor="D0N10" name="p10" srcActor="D0N1"/>
            <port dstActor="D0N26" name="p11" srcActor="D0N1"/>
            <port dstActor="D0N33" name="p12" srcActor="D0N1"/>
            <port dstActor="D0N17" name="p13" srcActor="D0N1"/>
            <port dstActor="D0N47" name="p14" srcActor="D0N34"/>
            <port dstActor="D0N38" name="p15" srcActor="D0N35"/>
            <port dstActor="D0N39" name="p16" srcActor="D0N21"/>
            <port dstActor="D0N41" name="p17" srcActor="D0N21"/>
            <port dstActor="D0N46" name="p18" srcActor="D0N43"/>
            <port dstActor="D0N31" name="p19" srcActor="D0N8"/>
            <port dstActor="D0N14" name="p20" srcActor="D0N8"/>
            <port dstActor="D0N45" name="p21" srcActor="D0N18"/>
            <port dstActor="D0N37" name="p22" srcActor="D0N18"/>
            <port dstActor="D0N29" name="p23" srcActor="D0N18"/>
            <port dstActor="D0N40" name="p24" srcActor="D0N5"/>
            <port dstActor="D0N32" name="p25" srcActor="D0N5"/>
            <port dstActor="D0N19" name="p26" srcActor="D0N5"/>
            <port dstActor="D0N38" name="p27" srcActor="D0N31"/>
            <port dstActor="D0N43" name="p28" srcActor="D0N6"/>
            <port dstActor="D0N44" name="p29" srcActor="D0N6"/>
            <port dstActor="D0N40" name="p30" srcActor="D0N6"/>
            <port dstActor="D0N31" name="p31" srcActor="D0N6"/>
            <port dstActor="D0N38" name="p32" srcActor="D0N6"/>
            <port dstActor="D0N10" name="p33" srcActor="D0N2"/>
            <port dstActor="D0N8" name="p34" srcActor="D0N2"/>
            <port dstActor="D0N31" name="p35" srcActor="D0N2"/>
            <port dstActor="D0N21" name="p36" srcActor="D0N2"/>
            <port dstActor="D0N48" name="p37" srcActor="D0N13"/>
            <port dstActor="D0N21" name="p38" srcActor="D0N13"/>
            <port dstActor="D0N43" name="p39" srcActor="D0N40"/>
            <port dstActor="D0N45" name="p40" srcActor="D0N40"/>
            <port dstActor="D0N39" name="p41" srcActor="D0N37"/>
            <port dstActor="D0N41" name="p42" srcActor="D0N37"/>
            <port dstActor="D0N38" name="p43" srcActor="D0N37"/>
            <port dstActor="D0N49" name="p44" srcActor="D0N10"/>
            <port dstActor="D0N27" name="p45" srcActor="D0N10"/>
            <port dstActor="D0N11" name="p46" srcActor="D0N10"/>
            <port dstActor="D0N44" name="p47" srcActor="D0N10"/>
            <port dstActor="D0N43" name="p48" srcActor="D0N36"/>
            <port dstActor="D0N34" name="p49" srcActor="D0N24"/>
            <port dstActor="D0N41" name="p50" srcActor="D0N24"/>
            <port dstActor="D0N49" name="p51" srcActor="D0N20"/>
            <port dstActor="D0N40" name="p52" srcActor="D0N20"/>
            <port dstActor="D0N39" name="p53" srcActor="D0N17"/>
            <port dstActor="D0N43" name="p54" srcActor="D0N17"/>
            <port dstActor="D0N46" name="p55" srcActor="D0N17"/>
            <port dstActor="D0N32" name="p56" srcActor="D0N17"/>
            <port dstActor="D0N38" name="p57" srcActor="D0N17"/>
            <port dstActor="D0N34" name="p58" srcActor="D0N17"/>
            <port dstActor="D0N47" name="p59" srcActor="D0N26"/>
            <port dstActor="D0N36" name="p60" srcActor="D0N26"/>
            <port dstActor="D0N44" name="p61" srcActor="D0N26"/>
            <port dstActor="D0N32" name="p62" srcActor="D0N26"/>
            <port dstActor="D0N34" name="p63" srcActor="D0N33"/>
            <port dstActor="D0N41" name="p64" srcActor="D0N12"/>
            <port dstActor="D0N43" name="p65" srcActor="D0N12"/>
            <port dstActor="D0N25" name="p66" srcActor="D0N12"/>
            <port dstActor="D0N26" name="p67" srcActor="D0N12"/>
            <port dstActor="D0N32" name="p68" srcActor="D0N12"/>
            <port dstActor="D0N24" name="p69" srcActor="D0N12"/>
            <port dstActor="D0N21" name="p70" srcActor="D0N12"/>
            <port dstActor="D0N16" name="p71" srcActor="D0N12"/>
            <port dstActor="D0N42" name="p72" srcActor="D0N41"/>
            <port dstActor="D0N30" name="p73" srcActor="D0N25"/>
            <port dstActor="D0N33" name="p74" srcActor="D0N25"/>
            <port dstActor="D0N38" name="p75" srcActor="D0N25"/>
            <port dstActor="D0N42" name="p76" srcActor="D0N25"/>
            <port dstActor="D0N41" name="p77" srcActor="D0N39"/>
            <port dstActor="D0N24" name="p78" srcActor="D0N16"/>
            <port dstActor="D0N19" name="p79" srcActor="D0N16"/>
            <port dstActor="D0N45" name="p80" srcActor="D0N16"/>
            <port dstActor="D0N21" name="p81" srcActor="D0N16"/>
            <port dstActor="D0N28" name="p82" srcActor="D0N4"/>
            <port dstActor="D0N8" name="p83" srcActor="D0N4"/>
            <port dstActor="D0N6" name="p84" srcActor="D0N4"/>
            <port dstActor="D0N13" name="p85" srcActor="D0N4"/>
            <port dstActor="D0N36" name="p86" srcActor="D0N23"/>
            <port dstActor="D0N41" name="p87" srcActor="D0N22"/>
            <port dstActor="D0N24" name="p88" srcActor="D0N22"/>
            <port dstActor="D0N47" name="p89" srcActor="D0N22"/>
            <port dstActor="D0N44" name="p90" srcActor="D0N22"/>
            <port dstActor="D0N29" name="p91" srcActor="D0N7"/>
            <port dstActor="D0N18" name="p92" srcActor="D0N7"/>
            <port dstActor="D0N30" name="p93" srcActor="D0N7"/>
            <port dstActor="D0N35" name="p94" srcActor="D0N7"/>
            <port dstActor="D0N40" name="p95" srcActor="D0N7"/>
            <port dstActor="D0N44" name="p96" srcActor="D0N7"/>
            <port dstActor="D0N45" name="p97" srcActor="D0N11"/>
            <port dstActor="D0N40" name="p98" srcActor="D0N11"/>
            <port dstActor="D0N31" name="p99" srcActor="D0N11"/>
            <port dstActor="D0N28" name="p100" srcActor="D0N11"/>
            <port dstActor="D0N13" name="p101" srcActor="D0N11"/>
            <port dstActor="D0N49" name="p102" srcActor="D0N28"/>
            <port dstActor="D0N40" name="p103" srcActor="D0N29"/>
            <port dstActor="D0N32" name="p104" srcActor="D0N29"/>
            <port dstActor="D0N44" name="p105" srcActor="D0N38"/>
            <port dstActor="D0N46" name="p106" srcActor="D0N38"/>
            <port dstActor="D0N48" name="p107" srcActor="D0N45"/>
            <port dstActor="D0N32" name="p108" srcActor="D0N14"/>
            <port dstActor="D0N42" name="p109" srcActor="D0N14"/>
            <port dstActor="D0N38" name="p110" srcActor="D0N14"/>
            <port dstActor="D0N41" name="p111" srcActor="D0N32"/>
            <port dstActor="D0N43" name="p112" srcActor="D0N30"/>
            <port dstActor="D0N38" name="p113" srcActor="D0N30"/>
            <port dstActor="D0N45" name="p114" srcActor="D0N19"/>
            <port dstActor="D0N20" name="p115" srcActor="D0N19"/>
            <port dstActor="D0N33" name="p116" srcActor="D0N19"/>
            <port dstActor="D0N24" name="p117" srcActor="D0N19"/>
            <port dstActor="D0N38" name="p118" srcActor="D0N19"/>
            <port dstActor="D0N8" name="p119" srcActor="D0N0"/>
            <port dstActor="D0N48" name="p120" srcActor="D0N0"/>
            <port dstActor="D0N44" name="p121" srcActor="D0N0"/>
            <port dstActor="D0N34" name="p122" srcActor="D0N0"/>
            <port dstActor="D0N29" name="p123" srcActor="D0N0"/>
        </ports>
    </mcdag>
    <cores number="3"/>
    <levels number="2"/>
</mcsystem>
