<?xml version="1.0" encoding="UTF-8" standalone="no"?>
<mcsystem>
    <mcdag deadline="2500" name="genned-0-ed-10.0-0">
        <actor name="D0N45">
            <wcet number="0">20</wcet>
            <wcet number="1">130</wcet>
            <maxpow number="0.7995025832317919"/>
            <maxpow number="0.7995025832317919"/>
            <fprob>0.0</fprob>
        </actor>
        <actor name="D0N18">
            <wcet number="0">130</wcet>
            <wcet number="1">220</wcet>
            <maxpow number="0.6745286620193556"/>
            <maxpow number="0.6745286620193556"/>
            <fprob>0.0</fprob>
        </actor>
        <actor name="D0N20">
            <wcet number="0">120</wcet>
            <wcet number="1">150</wcet>
            <maxpow number="0.648091023597275"/>
            <maxpow number="0.648091023597275"/>
            <fprob>0.0</fprob>
        </actor>
        <actor name="D0N16">
            <wcet number="0">40</wcet>
            <wcet number="1">50</wcet>
            <maxpow number="0.5190099665584632"/>
            <maxpow number="0.5190099665584632"/>
            <fprob>0.0</fprob>
        </actor>
        <actor name="D0N36">
            <wcet number="0">30</wcet>
            <wcet number="1">80</wcet>
            <maxpow number="0.5232867992888233"/>
            <maxpow number="0.5232867992888233"/>
            <fprob>0.0</fprob>
        </actor>
        <actor name="D0N40">
            <wcet number="0">70</wcet>
            <wcet number="1">70</wcet>
            <maxpow number="0.6472529088813135"/>
            <maxpow number="0.6472529088813135"/>
            <fprob>0.0</fprob>
        </actor>
        <actor name="D0N9">
            <wcet number="0">140</wcet>
            <wcet number="1">150</wcet>
            <maxpow number="0.6996490203769865"/>
            <maxpow number="0.6996490203769865"/>
            <fprob>0.0</fprob>
        </actor>
        <actor name="D0N25">
            <wcet number="0">10</wcet>
            <wcet number="1">10</wcet>
            <maxpow number="0.15191825347668647"/>
            <maxpow number="0.15191825347668647"/>
            <fprob>0.0</fprob>
        </actor>
        <actor name="D0N7">
            <wcet number="0">340</wcet>
            <wcet number="1">400</wcet>
            <maxpow number="0.8068857336833256"/>
            <maxpow number="0.8068857336833256"/>
            <fprob>0.0</fprob>
        </actor>
        <actor name="D0N24">
            <wcet number="0">40</wcet>
            <wcet number="1">590</wcet>
            <maxpow number="0.5876239770536796"/>
            <maxpow number="0.5876239770536796"/>
            <fprob>0.0</fprob>
        </actor>
        <actor name="D0N27">
            <wcet number="0">70</wcet>
            <wcet number="1">130</wcet>
            <maxpow number="0.7286246456598353"/>
            <maxpow number="0.7286246456598353"/>
            <fprob>0.0</fprob>
        </actor>
        <actor name="D0N41">
            <wcet number="0">20</wcet>
            <wcet number="1">100</wcet>
            <maxpow number="0.511479001501271"/>
            <maxpow number="0.511479001501271"/>
            <fprob>0.0</fprob>
        </actor>
        <actor name="D0N11">
            <wcet number="0">380</wcet>
            <wcet number="1">530</wcet>
            <maxpow number="0.5511490118960438"/>
            <maxpow number="0.5511490118960438"/>
            <fprob>0.0</fprob>
        </actor>
        <actor name="D0N39">
            <wcet number="0">80</wcet>
            <wcet number="1">140</wcet>
            <maxpow number="0.6604042074878064"/>
            <maxpow number="0.6604042074878064"/>
            <fprob>0.0</fprob>
        </actor>
        <actor name="D0N28">
            <wcet number="0">210</wcet>
            <wcet number="1">230</wcet>
            <maxpow number="0.7768928244941344"/>
            <maxpow number="0.7768928244941344"/>
            <fprob>0.0</fprob>
        </actor>
        <actor name="D0N42">
            <wcet number="0">40</wcet>
            <wcet number="1">150</wcet>
            <maxpow number="0.578187020445115"/>
            <maxpow number="0.578187020445115"/>
            <fprob>0.0</fprob>
        </actor>
        <actor name="D0N19">
            <wcet number="0">170</wcet>
            <wcet number="1">210</wcet>
            <maxpow number="0.6802765160591262"/>
            <maxpow number="0.6802765160591262"/>
            <fprob>0.0</fprob>
        </actor>
        <actor name="D0N33">
            <wcet number="0">270</wcet>
            <wcet number="1">280</wcet>
            <maxpow number="0.5764185439981994"/>
            <maxpow number="0.5764185439981994"/>
            <fprob>0.0</fprob>
        </actor>
        <actor name="D0N14">
            <wcet number="0">10</wcet>
            <wcet number="1">60</wcet>
            <maxpow number="0.7126301788374353"/>
            <maxpow number="0.7126301788374353"/>
            <fprob>0.0</fprob>
        </actor>
        <actor name="D0N46">
            <wcet number="0">10</wcet>
            <wcet number="1">20</wcet>
            <maxpow number="0.4564218942590994"/>
            <maxpow number="0.4564218942590994"/>
            <fprob>0.0</fprob>
        </actor>
        <actor name="D0N37">
            <wcet number="0">10</wcet>
            <wcet number="1">30</wcet>
            <maxpow number="0.46698300013810756"/>
            <maxpow number="0.46698300013810756"/>
            <fprob>0.0</fprob>
        </actor>
        <actor name="D0N35">
            <wcet number="0">140</wcet>
            <wcet number="1">140</wcet>
            <maxpow number="0.5546588846061675"/>
            <maxpow number="0.5546588846061675"/>
            <fprob>0.0</fprob>
        </actor>
        <actor name="D0N8">
            <wcet number="0">10</wcet>
            <wcet number="1">70</wcet>
            <maxpow number="0.7294512044117369"/>
            <maxpow number="0.7294512044117369"/>
            <fprob>0.0</fprob>
        </actor>
        <actor name="D0N12">
            <wcet number="0">30</wcet>
            <wcet number="1">80</wcet>
            <maxpow number="0.5213177172543618"/>
            <maxpow number="0.5213177172543618"/>
            <fprob>0.0</fprob>
        </actor>
        <actor name="D0N21">
            <wcet number="0">20</wcet>
            <wcet number="1">20</wcet>
            <maxpow number="0.6937131333787455"/>
            <maxpow number="0.6937131333787455"/>
            <fprob>0.0</fprob>
        </actor>
        <actor name="D0N32">
            <wcet number="0">310</wcet>
            <wcet number="1">530</wcet>
            <maxpow number="0.7827571892477623"/>
            <maxpow number="0.7827571892477623"/>
            <fprob>0.0</fprob>
        </actor>
        <actor name="D0N22">
            <wcet number="0">100</wcet>
            <wcet number="1">100</wcet>
            <maxpow number="0.43913791331475305"/>
            <maxpow number="0.43913791331475305"/>
            <fprob>0.0</fprob>
        </actor>
        <actor name="D0N23">
            <wcet number="0">20</wcet>
            <wcet number="1">110</wcet>
            <maxpow number="0.7105542131425646"/>
            <maxpow number="0.7105542131425646"/>
            <fprob>0.0</fprob>
        </actor>
        <actor name="D0N48">
            <wcet number="0">10</wcet>
            <wcet number="1">120</wcet>
            <maxpow number="0.1802713529088661"/>
            <maxpow number="0.1802713529088661"/>
            <fprob>0.0</fprob>
        </actor>
        <actor name="D0N30">
            <wcet number="0">190</wcet>
            <wcet number="1">430</wcet>
            <maxpow number="0.525970480321392"/>
            <maxpow number="0.525970480321392"/>
            <fprob>0.0</fprob>
        </actor>
        <actor name="D0N0">
            <wcet number="0">190</wcet>
            <wcet number="1">190</wcet>
            <maxpow number="0.6845250241690682"/>
            <maxpow number="0.6845250241690682"/>
            <fprob>0.0</fprob>
        </actor>
        <actor name="D0N1">
            <wcet number="0">20</wcet>
            <wcet number="1">30</wcet>
            <maxpow number="0.4171643370111819"/>
            <maxpow number="0.4171643370111819"/>
            <fprob>0.0</fprob>
        </actor>
        <actor name="D0N34">
            <wcet number="0">30</wcet>
            <wcet number="1">160</wcet>
            <maxpow number="0.6427263152197188"/>
            <maxpow number="0.6427263152197188"/>
            <fprob>0.0</fprob>
        </actor>
        <actor name="D0N3">
            <wcet number="0">30</wcet>
            <wcet number="1">90</wcet>
            <maxpow number="0.876457461110971"/>
            <maxpow number="0.876457461110971"/>
            <fprob>0.0</fprob>
        </actor>
        <actor name="D0N38">
            <wcet number="0">50</wcet>
            <wcet number="1">100</wcet>
            <maxpow number="0.46835337107310165"/>
            <maxpow number="0.46835337107310165"/>
            <fprob>0.0</fprob>
        </actor>
        <actor name="D0N13">
            <wcet number="0">50</wcet>
            <wcet number="1">130</wcet>
            <maxpow number="0.5726594437855028"/>
            <maxpow number="0.5726594437855028"/>
            <fprob>0.0</fprob>
        </actor>
        <actor name="D0N2">
            <wcet number="0">10</wcet>
            <wcet number="1">20</wcet>
            <maxpow number="0.5758959734491484"/>
            <maxpow number="0.5758959734491484"/>
            <fprob>0.0</fprob>
        </actor>
        <actor name="D0N15">
            <wcet number="0">20</wcet>
            <wcet number="1">60</wcet>
            <maxpow number="0.7043312055873211"/>
            <maxpow number="0.7043312055873211"/>
            <fprob>0.0</fprob>
        </actor>
        <actor name="D0N5">
            <wcet number="0">60</wcet>
            <wcet number="1">90</wcet>
            <maxpow number="0.8919354942333455"/>
            <maxpow number="0.8919354942333455"/>
            <fprob>0.0</fprob>
        </actor>
        <actor name="D0N26">
            <wcet number="0">50</wcet>
            <wcet number="1">50</wcet>
            <maxpow number="0.744039149684508"/>
            <maxpow number="0.744039149684508"/>
            <fprob>0.0</fprob>
        </actor>
        <actor name="D0N17">
            <wcet number="0">240</wcet>
            <wcet number="1">310</wcet>
            <maxpow number="0.6511961851432037"/>
            <maxpow number="0.6511961851432037"/>
            <fprob>0.0</fprob>
        </actor>
        <actor name="D0N6">
            <wcet number="0">30</wcet>
            <wcet number="1">50</wcet>
            <maxpow number="0.7245423370513241"/>
            <maxpow number="0.7245423370513241"/>
            <fprob>0.0</fprob>
        </actor>
        <actor name="D0N29">
            <wcet number="0">110</wcet>
            <wcet number="1">130</wcet>
            <maxpow number="0.8954798011172307"/>
            <maxpow number="0.8954798011172307"/>
            <fprob>0.0</fprob>
        </actor>
        <actor name="D0N31">
            <wcet number="0">120</wcet>
            <wcet number="1">140</wcet>
            <maxpow number="0.6659990505144358"/>
            <maxpow number="0.6659990505144358"/>
            <fprob>0.0</fprob>
        </actor>
        <actor name="D0N10">
            <wcet number="0">30</wcet>
            <wcet number="1">80</wcet>
            <maxpow number="0.8071461184991563"/>
            <maxpow number="0.8071461184991563"/>
            <fprob>0.0</fprob>
        </actor>
        <actor name="D0N47">
            <wcet number="0">40</wcet>
            <wcet number="1">50</wcet>
            <maxpow number="0.5482290535993862"/>
            <maxpow number="0.5482290535993862"/>
            <fprob>0.0</fprob>
        </actor>
        <actor name="D0N43">
            <wcet number="0">20</wcet>
            <wcet number="1">100</wcet>
            <maxpow number="0.7685516360054222"/>
            <maxpow number="0.7685516360054222"/>
            <fprob>0.0</fprob>
        </actor>
        <actor name="D0N4">
            <wcet number="0">10</wcet>
            <wcet number="1">10</wcet>
            <maxpow number="0.37060857515970613"/>
            <maxpow number="0.37060857515970613"/>
            <fprob>0.0</fprob>
        </actor>
        <actor name="D0N44">
            <wcet number="0">80</wcet>
            <wcet number="1">130</wcet>
            <maxpow number="0.6344662955931565"/>
            <maxpow number="0.6344662955931565"/>
            <fprob>0.0</fprob>
        </actor>
        <ports>
            <port dstActor="D0N46" name="p0" srcActor="D0N45"/>
            <port dstActor="D0N23" name="p1" srcActor="D0N18"/>
            <port dstActor="D0N48" name="p2" srcActor="D0N18"/>
            <port dstActor="D0N36" name="p3" srcActor="D0N18"/>
            <port dstActor="D0N26" name="p4" srcActor="D0N20"/>
            <port dstActor="D0N22" name="p5" srcActor="D0N20"/>
            <port dstActor="D0N40" name="p6" srcActor="D0N16"/>
            <port dstActor="D0N26" name="p7" srcActor="D0N16"/>
            <port dstActor="D0N44" name="p8" srcActor="D0N36"/>
            <port dstActor="D0N20" name="p9" srcActor="D0N9"/>
            <port dstActor="D0N45" name="p10" srcActor="D0N25"/>
            <port dstActor="D0N42" name="p11" srcActor="D0N25"/>
            <port dstActor="D0N44" name="p12" srcActor="D0N7"/>
            <port dstActor="D0N27" name="p13" srcActor="D0N24"/>
            <port dstActor="D0N42" name="p14" srcActor="D0N27"/>
            <port dstActor="D0N33" name="p15" srcActor="D0N27"/>
            <port dstActor="D0N30" name="p16" srcActor="D0N27"/>
            <port dstActor="D0N48" name="p17" srcActor="D0N27"/>
            <port dstActor="D0N36" name="p18" srcActor="D0N27"/>
            <port dstActor="D0N29" name="p19" srcActor="D0N27"/>
            <port dstActor="D0N35" name="p20" srcActor="D0N27"/>
            <port dstActor="D0N43" name="p21" srcActor="D0N41"/>
            <port dstActor="D0N40" name="p22" srcActor="D0N11"/>
            <port dstActor="D0N22" name="p23" srcActor="D0N11"/>
            <port dstActor="D0N32" name="p24" srcActor="D0N11"/>
            <port dstActor="D0N38" name="p25" srcActor="D0N19"/>
            <port dstActor="D0N42" name="p26" srcActor="D0N19"/>
            <port dstActor="D0N46" name="p27" srcActor="D0N19"/>
            <port dstActor="D0N36" name="p28" srcActor="D0N33"/>
            <port dstActor="D0N40" name="p29" srcActor="D0N33"/>
            <port dstActor="D0N37" name="p30" srcActor="D0N35"/>
            <port dstActor="D0N41" name="p31" srcActor="D0N35"/>
            <port dstActor="D0N31" name="p32" srcActor="D0N8"/>
            <port dstActor="D0N17" name="p33" srcActor="D0N8"/>
            <port dstActor="D0N42" name="p34" srcActor="D0N8"/>
            <port dstActor="D0N35" name="p35" srcActor="D0N12"/>
            <port dstActor="D0N25" name="p36" srcActor="D0N12"/>
            <port dstActor="D0N42" name="p37" srcActor="D0N12"/>
            <port dstActor="D0N41" name="p38" srcActor="D0N12"/>
            <port dstActor="D0N27" name="p39" srcActor="D0N12"/>
            <port dstActor="D0N36" name="p40" srcActor="D0N32"/>
            <port dstActor="D0N41" name="p41" srcActor="D0N32"/>
            <port dstActor="D0N27" name="p42" srcActor="D0N22"/>
            <port dstActor="D0N24" name="p43" srcActor="D0N23"/>
            <port dstActor="D0N29" name="p44" srcActor="D0N23"/>
            <port dstActor="D0N46" name="p45" srcActor="D0N30"/>
            <port dstActor="D0N43" name="p46" srcActor="D0N30"/>
            <port dstActor="D0N36" name="p47" srcActor="D0N30"/>
            <port dstActor="D0N6" name="p48" srcActor="D0N0"/>
            <port dstActor="D0N26" name="p49" srcActor="D0N0"/>
            <port dstActor="D0N44" name="p50" srcActor="D0N0"/>
            <port dstActor="D0N11" name="p51" srcActor="D0N0"/>
            <port dstActor="D0N47" name="p52" srcActor="D0N1"/>
            <port dstActor="D0N23" name="p53" srcActor="D0N1"/>
            <port dstActor="D0N45" name="p54" srcActor="D0N1"/>
            <port dstActor="D0N29" name="p55" srcActor="D0N1"/>
            <port dstActor="D0N27" name="p56" srcActor="D0N1"/>
            <port dstActor="D0N18" name="p57" srcActor="D0N1"/>
            <port dstActor="D0N15" name="p58" srcActor="D0N1"/>
            <port dstActor="D0N16" name="p59" srcActor="D0N1"/>
            <port dstActor="D0N46" name="p60" srcActor="D0N1"/>
            <port dstActor="D0N17" name="p61" srcActor="D0N3"/>
            <port dstActor="D0N47" name="p62" srcActor="D0N13"/>
            <port dstActor="D0N35" name="p63" srcActor="D0N13"/>
            <port dstActor="D0N17" name="p64" srcActor="D0N13"/>
            <port dstActor="D0N25" name="p65" srcActor="D0N13"/>
            <port dstActor="D0N12" name="p66" srcActor="D0N2"/>
            <port dstActor="D0N29" name="p67" srcActor="D0N2"/>
            <port dstActor="D0N44" name="p68" srcActor="D0N2"/>
            <port dstActor="D0N48" name="p69" srcActor="D0N2"/>
            <port dstActor="D0N37" name="p70" srcActor="D0N2"/>
            <port dstActor="D0N45" name="p71" srcActor="D0N15"/>
            <port dstActor="D0N38" name="p72" srcActor="D0N15"/>
            <port dstActor="D0N23" name="p73" srcActor="D0N15"/>
            <port dstActor="D0N18" name="p74" srcActor="D0N15"/>
            <port dstActor="D0N32" name="p75" srcActor="D0N15"/>
            <port dstActor="D0N25" name="p76" srcActor="D0N15"/>
            <port dstActor="D0N34" name="p77" srcActor="D0N15"/>
            <port dstActor="D0N42" name="p78" srcActor="D0N5"/>
            <port dstActor="D0N29" name="p79" srcActor="D0N5"/>
            <port dstActor="D0N36" name="p80" srcActor="D0N5"/>
            <port dstActor="D0N45" name="p81" srcActor="D0N5"/>
            <port dstActor="D0N21" name="p82" srcActor="D0N5"/>
            <port dstActor="D0N8" name="p83" srcActor="D0N5"/>
            <port dstActor="D0N23" name="p84" srcActor="D0N5"/>
            <port dstActor="D0N33" name="p85" srcActor="D0N26"/>
            <port dstActor="D0N26" name="p86" srcActor="D0N17"/>
            <port dstActor="D0N43" name="p87" srcActor="D0N17"/>
            <port dstActor="D0N46" name="p88" srcActor="D0N17"/>
            <port dstActor="D0N24" name="p89" srcActor="D0N17"/>
            <port dstActor="D0N10" name="p90" srcActor="D0N6"/>
            <port dstActor="D0N47" name="p91" srcActor="D0N6"/>
            <port dstActor="D0N13" name="p92" srcActor="D0N6"/>
            <port dstActor="D0N45" name="p93" srcActor="D0N29"/>
            <port dstActor="D0N42" name="p94" srcActor="D0N29"/>
            <port dstActor="D0N30" name="p95" srcActor="D0N10"/>
            <port dstActor="D0N32" name="p96" srcActor="D0N10"/>
            <port dstActor="D0N27" name="p97" srcActor="D0N10"/>
            <port dstActor="D0N13" name="p98" srcActor="D0N10"/>
            <port dstActor="D0N14" name="p99" srcActor="D0N10"/>
            <port dstActor="D0N18" name="p100" srcActor="D0N4"/>
            <port dstActor="D0N20" name="p101" srcActor="D0N4"/>
            <port dstActor="D0N35" name="p102" srcActor="D0N4"/>
            <port dstActor="D0N13" name="p103" srcActor="D0N4"/>
            <port dstActor="D0N12" name="p104" srcActor="D0N4"/>
        </ports>
    </mcdag>
    <cores number="3"/>
    <levels number="2"/>
</mcsystem>
