<?xml version="1.0" encoding="UTF-8" standalone="no"?>
<mcsystem>
    <mcdag deadline="1800" name="genned-0-ed-10.0-0">
        <actor name="D0N24">
            <wcet number="0">30</wcet>
            <wcet number="1">80</wcet>
            <maxpow number="0.7824942113267935"/>
            <maxpow number="0.7824942113267935"/>
            <fprob>0.0</fprob>
        </actor>
        <actor name="D0N46">
            <wcet number="0">30</wcet>
            <wcet number="1">40</wcet>
            <maxpow number="0.4743010111293818"/>
            <maxpow number="0.4743010111293818"/>
            <fprob>0.0</fprob>
        </actor>
        <actor name="D0N17">
            <wcet number="0">120</wcet>
            <wcet number="1">130</wcet>
            <maxpow number="0.5774319931097436"/>
            <maxpow number="0.5774319931097436"/>
            <fprob>0.0</fprob>
        </actor>
        <actor name="D0N38">
            <wcet number="0">10</wcet>
            <wcet number="1">20</wcet>
            <maxpow number="0.41725641109881134"/>
            <maxpow number="0.41725641109881134"/>
            <fprob>0.0</fprob>
        </actor>
        <actor name="D0N22">
            <wcet number="0">60</wcet>
            <wcet number="1">90</wcet>
            <maxpow number="0.5858204945476774"/>
            <maxpow number="0.5858204945476774"/>
            <fprob>0.0</fprob>
        </actor>
        <actor name="D0N14">
            <wcet number="0">110</wcet>
            <wcet number="1">120</wcet>
            <maxpow number="0.6941733497789813"/>
            <maxpow number="0.6941733497789813"/>
            <fprob>0.0</fprob>
        </actor>
        <actor name="D0N1">
            <wcet number="0">20</wcet>
            <wcet number="1">20</wcet>
            <maxpow number="0.47240732207082214"/>
            <maxpow number="0.47240732207082214"/>
            <fprob>0.0</fprob>
        </actor>
        <actor name="D0N0">
            <wcet number="0">30</wcet>
            <wcet number="1">50</wcet>
            <maxpow number="0.8151278606977386"/>
            <maxpow number="0.8151278606977386"/>
            <fprob>0.0</fprob>
        </actor>
        <actor name="D0N21">
            <wcet number="0">10</wcet>
            <wcet number="1">30</wcet>
            <maxpow number="0.38254725198510586"/>
            <maxpow number="0.38254725198510586"/>
            <fprob>0.0</fprob>
        </actor>
        <actor name="D0N3">
            <wcet number="0">120</wcet>
            <wcet number="1">220</wcet>
            <maxpow number="0.44511819873469205"/>
            <maxpow number="0.44511819873469205"/>
            <fprob>0.0</fprob>
        </actor>
        <actor name="D0N13">
            <wcet number="0">140</wcet>
            <wcet number="1">160</wcet>
            <maxpow number="0.7392423009896225"/>
            <maxpow number="0.7392423009896225"/>
            <fprob>0.0</fprob>
        </actor>
        <actor name="D0N2">
            <wcet number="0">100</wcet>
            <wcet number="1">130</wcet>
            <maxpow number="0.7078665221896879"/>
            <maxpow number="0.7078665221896879"/>
            <fprob>0.0</fprob>
        </actor>
        <actor name="D0N45">
            <wcet number="0">10</wcet>
            <wcet number="1">30</wcet>
            <maxpow number="0.5226625820953705"/>
            <maxpow number="0.5226625820953705"/>
            <fprob>0.0</fprob>
        </actor>
        <actor name="D0N25">
            <wcet number="0">310</wcet>
            <wcet number="1">390</wcet>
            <maxpow number="0.8221910631704747"/>
            <maxpow number="0.8221910631704747"/>
            <fprob>0.0</fprob>
        </actor>
        <actor name="D0N16">
            <wcet number="0">20</wcet>
            <wcet number="1">40</wcet>
            <maxpow number="0.6200108842733579"/>
            <maxpow number="0.6200108842733579"/>
            <fprob>0.0</fprob>
        </actor>
        <actor name="D0N35">
            <wcet number="0">10</wcet>
            <wcet number="1">10</wcet>
            <maxpow number="0.47872576158276214"/>
            <maxpow number="0.47872576158276214"/>
            <fprob>0.0</fprob>
        </actor>
        <actor name="D0N27">
            <wcet number="0">50</wcet>
            <wcet number="1">70</wcet>
            <maxpow number="0.4518971459868557"/>
            <maxpow number="0.4518971459868557"/>
            <fprob>0.0</fprob>
        </actor>
        <actor name="D0N30">
            <wcet number="0">20</wcet>
            <wcet number="1">100</wcet>
            <maxpow number="0.4783007402804942"/>
            <maxpow number="0.4783007402804942"/>
            <fprob>0.0</fprob>
        </actor>
        <actor name="D0N18">
            <wcet number="0">10</wcet>
            <wcet number="1">30</wcet>
            <maxpow number="0.459149956961869"/>
            <maxpow number="0.459149956961869"/>
            <fprob>0.0</fprob>
        </actor>
        <actor name="D0N39">
            <wcet number="0">10</wcet>
            <wcet number="1">30</wcet>
            <maxpow number="0.4027961221922335"/>
            <maxpow number="0.4027961221922335"/>
            <fprob>0.0</fprob>
        </actor>
        <actor name="D0N12">
            <wcet number="0">10</wcet>
            <wcet number="1">30</wcet>
            <maxpow number="0.37169547417825266"/>
            <maxpow number="0.37169547417825266"/>
            <fprob>0.0</fprob>
        </actor>
        <actor name="D0N32">
            <wcet number="0">20</wcet>
            <wcet number="1">20</wcet>
            <maxpow number="0.3602845297771785"/>
            <maxpow number="0.3602845297771785"/>
            <fprob>0.0</fprob>
        </actor>
        <actor name="D0N31">
            <wcet number="0">10</wcet>
            <wcet number="1">10</wcet>
            <maxpow number="0.6975097661167933"/>
            <maxpow number="0.6975097661167933"/>
            <fprob>0.0</fprob>
        </actor>
        <actor name="D0N7">
            <wcet number="0">10</wcet>
            <wcet number="1">40</wcet>
            <maxpow number="0.8932822033407519"/>
            <maxpow number="0.8932822033407519"/>
            <fprob>0.0</fprob>
        </actor>
        <actor name="D0N43">
            <wcet number="0">20</wcet>
            <wcet number="1">30</wcet>
            <maxpow number="0.29560248309705756"/>
            <maxpow number="0.29560248309705756"/>
            <fprob>0.0</fprob>
        </actor>
        <actor name="D0N33">
            <wcet number="0">20</wcet>
            <wcet number="1">30</wcet>
            <maxpow number="0.5984018823430779"/>
            <maxpow number="0.5984018823430779"/>
            <fprob>0.0</fprob>
        </actor>
        <actor name="D0N8">
            <wcet number="0">160</wcet>
            <wcet number="1">170</wcet>
            <maxpow number="0.5970383502765645"/>
            <maxpow number="0.5970383502765645"/>
            <fprob>0.0</fprob>
        </actor>
        <actor name="D0N47">
            <wcet number="0">50</wcet>
            <wcet number="1">120</wcet>
            <maxpow number="0.9252581603720318"/>
            <maxpow number="0.9252581603720318"/>
            <fprob>0.0</fprob>
        </actor>
        <actor name="D0N11">
            <wcet number="0">50</wcet>
            <wcet number="1">150</wcet>
            <maxpow number="0.7459151179777507"/>
            <maxpow number="0.7459151179777507"/>
            <fprob>0.0</fprob>
        </actor>
        <actor name="D0N20">
            <wcet number="0">10</wcet>
            <wcet number="1">10</wcet>
            <maxpow number="0.3500354716807909"/>
            <maxpow number="0.3500354716807909"/>
            <fprob>0.0</fprob>
        </actor>
        <actor name="D0N40">
            <wcet number="0">50</wcet>
            <wcet number="1">90</wcet>
            <maxpow number="0.5996146931097711"/>
            <maxpow number="0.5996146931097711"/>
            <fprob>0.0</fprob>
        </actor>
        <actor name="D0N34">
            <wcet number="0">40</wcet>
            <wcet number="1">60</wcet>
            <maxpow number="0.15732538532258877"/>
            <maxpow number="0.15732538532258877"/>
            <fprob>0.0</fprob>
        </actor>
        <actor name="D0N4">
            <wcet number="0">80</wcet>
            <wcet number="1">130</wcet>
            <maxpow number="0.5610576647043072"/>
            <maxpow number="0.5610576647043072"/>
            <fprob>0.0</fprob>
        </actor>
        <actor name="D0N10">
            <wcet number="0">60</wcet>
            <wcet number="1">250</wcet>
            <maxpow number="0.4393236099709674"/>
            <maxpow number="0.4393236099709674"/>
            <fprob>0.0</fprob>
        </actor>
        <actor name="D0N37">
            <wcet number="0">20</wcet>
            <wcet number="1">110</wcet>
            <maxpow number="0.7800472826611555"/>
            <maxpow number="0.7800472826611555"/>
            <fprob>0.0</fprob>
        </actor>
        <actor name="D0N23">
            <wcet number="0">80</wcet>
            <wcet number="1">80</wcet>
            <maxpow number="0.8520784573215523"/>
            <maxpow number="0.8520784573215523"/>
            <fprob>0.0</fprob>
        </actor>
        <actor name="D0N19">
            <wcet number="0">110</wcet>
            <wcet number="1">200</wcet>
            <maxpow number="0.6399734627607444"/>
            <maxpow number="0.6399734627607444"/>
            <fprob>0.0</fprob>
        </actor>
        <actor name="D0N42">
            <wcet number="0">40</wcet>
            <wcet number="1">40</wcet>
            <maxpow number="0.09993413935795425"/>
            <maxpow number="0.09993413935795425"/>
            <fprob>0.0</fprob>
        </actor>
        <actor name="D0N6">
            <wcet number="0">100</wcet>
            <wcet number="1">100</wcet>
            <maxpow number="0.3537521844904088"/>
            <maxpow number="0.3537521844904088"/>
            <fprob>0.0</fprob>
        </actor>
        <actor name="D0N15">
            <wcet number="0">20</wcet>
            <wcet number="1">60</wcet>
            <maxpow number="0.6214235807364685"/>
            <maxpow number="0.6214235807364685"/>
            <fprob>0.0</fprob>
        </actor>
        <actor name="D0N44">
            <wcet number="0">90</wcet>
            <wcet number="1">140</wcet>
            <maxpow number="0.45890660735197064"/>
            <maxpow number="0.45890660735197064"/>
            <fprob>0.0</fprob>
        </actor>
        <actor name="D0N28">
            <wcet number="0">30</wcet>
            <wcet number="1">260</wcet>
            <maxpow number="0.4621317305815703"/>
            <maxpow number="0.4621317305815703"/>
            <fprob>0.0</fprob>
        </actor>
        <actor name="D0N29">
            <wcet number="0">20</wcet>
            <wcet number="1">30</wcet>
            <maxpow number="0.8548264838928861"/>
            <maxpow number="0.8548264838928861"/>
            <fprob>0.0</fprob>
        </actor>
        <actor name="D0N36">
            <wcet number="0">110</wcet>
            <wcet number="1">150</wcet>
            <maxpow number="0.6115176915274807"/>
            <maxpow number="0.6115176915274807"/>
            <fprob>0.0</fprob>
        </actor>
        <actor name="D0N5">
            <wcet number="0">10</wcet>
            <wcet number="1">10</wcet>
            <maxpow number="0.5263660373562011"/>
            <maxpow number="0.5263660373562011"/>
            <fprob>0.0</fprob>
        </actor>
        <actor name="D0N41">
            <wcet number="0">10</wcet>
            <wcet number="1">110</wcet>
            <maxpow number="0.7343490597683975"/>
            <maxpow number="0.7343490597683975"/>
            <fprob>0.0</fprob>
        </actor>
        <actor name="D0N26">
            <wcet number="0">220</wcet>
            <wcet number="1">250</wcet>
            <maxpow number="0.4964085741863986"/>
            <maxpow number="0.4964085741863986"/>
            <fprob>0.0</fprob>
        </actor>
        <actor name="D0N9">
            <wcet number="0">20</wcet>
            <wcet number="1">30</wcet>
            <maxpow number="0.40326861587808976"/>
            <maxpow number="0.40326861587808976"/>
            <fprob>0.0</fprob>
        </actor>
        <ports>
            <port dstActor="D0N44" name="p0" srcActor="D0N24"/>
            <port dstActor="D0N46" name="p1" srcActor="D0N24"/>
            <port dstActor="D0N38" name="p2" srcActor="D0N22"/>
            <port dstActor="D0N45" name="p3" srcActor="D0N22"/>
            <port dstActor="D0N26" name="p4" srcActor="D0N14"/>
            <port dstActor="D0N23" name="p5" srcActor="D0N14"/>
            <port dstActor="D0N38" name="p6" srcActor="D0N14"/>
            <port dstActor="D0N3" name="p7" srcActor="D0N1"/>
            <port dstActor="D0N42" name="p8" srcActor="D0N1"/>
            <port dstActor="D0N47" name="p9" srcActor="D0N1"/>
            <port dstActor="D0N33" name="p10" srcActor="D0N1"/>
            <port dstActor="D0N16" name="p11" srcActor="D0N1"/>
            <port dstActor="D0N4" name="p12" srcActor="D0N1"/>
            <port dstActor="D0N25" name="p13" srcActor="D0N1"/>
            <port dstActor="D0N5" name="p14" srcActor="D0N0"/>
            <port dstActor="D0N23" name="p15" srcActor="D0N0"/>
            <port dstActor="D0N12" name="p16" srcActor="D0N0"/>
            <port dstActor="D0N24" name="p17" srcActor="D0N0"/>
            <port dstActor="D0N13" name="p18" srcActor="D0N0"/>
            <port dstActor="D0N40" name="p19" srcActor="D0N0"/>
            <port dstActor="D0N37" name="p20" srcActor="D0N21"/>
            <port dstActor="D0N45" name="p21" srcActor="D0N21"/>
            <port dstActor="D0N46" name="p22" srcActor="D0N21"/>
            <port dstActor="D0N23" name="p23" srcActor="D0N21"/>
            <port dstActor="D0N41" name="p24" srcActor="D0N21"/>
            <port dstActor="D0N11" name="p25" srcActor="D0N3"/>
            <port dstActor="D0N26" name="p26" srcActor="D0N3"/>
            <port dstActor="D0N36" name="p27" srcActor="D0N3"/>
            <port dstActor="D0N4" name="p28" srcActor="D0N3"/>
            <port dstActor="D0N41" name="p29" srcActor="D0N3"/>
            <port dstActor="D0N14" name="p30" srcActor="D0N3"/>
            <port dstActor="D0N30" name="p31" srcActor="D0N3"/>
            <port dstActor="D0N40" name="p32" srcActor="D0N2"/>
            <port dstActor="D0N19" name="p33" srcActor="D0N2"/>
            <port dstActor="D0N46" name="p34" srcActor="D0N45"/>
            <port dstActor="D0N45" name="p35" srcActor="D0N25"/>
            <port dstActor="D0N39" name="p36" srcActor="D0N25"/>
            <port dstActor="D0N44" name="p37" srcActor="D0N16"/>
            <port dstActor="D0N45" name="p38" srcActor="D0N16"/>
            <port dstActor="D0N35" name="p39" srcActor="D0N16"/>
            <port dstActor="D0N23" name="p40" srcActor="D0N16"/>
            <port dstActor="D0N24" name="p41" srcActor="D0N16"/>
            <port dstActor="D0N44" name="p42" srcActor="D0N35"/>
            <port dstActor="D0N37" name="p43" srcActor="D0N27"/>
            <port dstActor="D0N43" name="p44" srcActor="D0N30"/>
            <port dstActor="D0N33" name="p45" srcActor="D0N30"/>
            <port dstActor="D0N35" name="p46" srcActor="D0N30"/>
            <port dstActor="D0N21" name="p47" srcActor="D0N18"/>
            <port dstActor="D0N23" name="p48" srcActor="D0N18"/>
            <port dstActor="D0N43" name="p49" srcActor="D0N39"/>
            <port dstActor="D0N28" name="p50" srcActor="D0N12"/>
            <port dstActor="D0N15" name="p51" srcActor="D0N12"/>
            <port dstActor="D0N37" name="p52" srcActor="D0N12"/>
            <port dstActor="D0N19" name="p53" srcActor="D0N12"/>
            <port dstActor="D0N30" name="p54" srcActor="D0N12"/>
            <port dstActor="D0N45" name="p55" srcActor="D0N12"/>
            <port dstActor="D0N13" name="p56" srcActor="D0N12"/>
            <port dstActor="D0N35" name="p57" srcActor="D0N32"/>
            <port dstActor="D0N47" name="p58" srcActor="D0N32"/>
            <port dstActor="D0N39" name="p59" srcActor="D0N7"/>
            <port dstActor="D0N43" name="p60" srcActor="D0N7"/>
            <port dstActor="D0N9" name="p61" srcActor="D0N7"/>
            <port dstActor="D0N38" name="p62" srcActor="D0N7"/>
            <port dstActor="D0N33" name="p63" srcActor="D0N7"/>
            <port dstActor="D0N25" name="p64" srcActor="D0N7"/>
            <port dstActor="D0N46" name="p65" srcActor="D0N43"/>
            <port dstActor="D0N42" name="p66" srcActor="D0N33"/>
            <port dstActor="D0N16" name="p67" srcActor="D0N8"/>
            <port dstActor="D0N46" name="p68" srcActor="D0N8"/>
            <port dstActor="D0N41" name="p69" srcActor="D0N8"/>
            <port dstActor="D0N11" name="p70" srcActor="D0N8"/>
            <port dstActor="D0N20" name="p71" srcActor="D0N8"/>
            <port dstActor="D0N40" name="p72" srcActor="D0N8"/>
            <port dstActor="D0N14" name="p73" srcActor="D0N8"/>
            <port dstActor="D0N43" name="p74" srcActor="D0N8"/>
            <port dstActor="D0N9" name="p75" srcActor="D0N8"/>
            <port dstActor="D0N29" name="p76" srcActor="D0N8"/>
            <port dstActor="D0N20" name="p77" srcActor="D0N11"/>
            <port dstActor="D0N19" name="p78" srcActor="D0N11"/>
            <port dstActor="D0N36" name="p79" srcActor="D0N11"/>
            <port dstActor="D0N38" name="p80" srcActor="D0N11"/>
            <port dstActor="D0N27" name="p81" srcActor="D0N11"/>
            <port dstActor="D0N44" name="p82" srcActor="D0N20"/>
            <port dstActor="D0N25" name="p83" srcActor="D0N20"/>
            <port dstActor="D0N41" name="p84" srcActor="D0N34"/>
            <port dstActor="D0N18" name="p85" srcActor="D0N4"/>
            <port dstActor="D0N39" name="p86" srcActor="D0N4"/>
            <port dstActor="D0N28" name="p87" srcActor="D0N10"/>
            <port dstActor="D0N29" name="p88" srcActor="D0N10"/>
            <port dstActor="D0N25" name="p89" srcActor="D0N10"/>
            <port dstActor="D0N43" name="p90" srcActor="D0N10"/>
            <port dstActor="D0N21" name="p91" srcActor="D0N10"/>
            <port dstActor="D0N38" name="p92" srcActor="D0N10"/>
            <port dstActor="D0N22" name="p93" srcActor="D0N10"/>
            <port dstActor="D0N20" name="p94" srcActor="D0N10"/>
            <port dstActor="D0N47" name="p95" srcActor="D0N37"/>
            <port dstActor="D0N33" name="p96" srcActor="D0N23"/>
            <port dstActor="D0N43" name="p97" srcActor="D0N23"/>
            <port dstActor="D0N46" name="p98" srcActor="D0N23"/>
            <port dstActor="D0N26" name="p99" srcActor="D0N23"/>
            <port dstActor="D0N28" name="p100" srcActor="D0N19"/>
            <port dstActor="D0N47" name="p101" srcActor="D0N19"/>
            <port dstActor="D0N34" name="p102" srcActor="D0N19"/>
            <port dstActor="D0N47" name="p103" srcActor="D0N42"/>
            <port dstActor="D0N39" name="p104" srcActor="D0N6"/>
            <port dstActor="D0N28" name="p105" srcActor="D0N6"/>
            <port dstActor="D0N17" name="p106" srcActor="D0N6"/>
            <port dstActor="D0N22" name="p107" srcActor="D0N15"/>
            <port dstActor="D0N42" name="p108" srcActor="D0N15"/>
            <port dstActor="D0N32" name="p109" srcActor="D0N15"/>
            <port dstActor="D0N36" name="p110" srcActor="D0N15"/>
            <port dstActor="D0N27" name="p111" srcActor="D0N15"/>
            <port dstActor="D0N38" name="p112" srcActor="D0N28"/>
            <port dstActor="D0N40" name="p113" srcActor="D0N5"/>
            <port dstActor="D0N6" name="p114" srcActor="D0N5"/>
            <port dstActor="D0N13" name="p115" srcActor="D0N5"/>
            <port dstActor="D0N19" name="p116" srcActor="D0N5"/>
            <port dstActor="D0N31" name="p117" srcActor="D0N5"/>
            <port dstActor="D0N45" name="p118" srcActor="D0N41"/>
            <port dstActor="D0N42" name="p119" srcActor="D0N41"/>
            <port dstActor="D0N34" name="p120" srcActor="D0N9"/>
            <port dstActor="D0N44" name="p121" srcActor="D0N9"/>
            <port dstActor="D0N16" name="p122" srcActor="D0N9"/>
            <port dstActor="D0N46" name="p123" srcActor="D0N9"/>
            <port dstActor="D0N21" name="p124" srcActor="D0N9"/>
            <port dstActor="D0N27" name="p125" srcActor="D0N9"/>
        </ports>
    </mcdag>
    <cores number="3"/>
    <levels number="2"/>
</mcsystem>
