<?xml version="1.0" encoding="UTF-8" standalone="no"?>
<mcsystem>
    <mcdag deadline="1500" name="genned-0-ed-10.0-0">
        <actor name="D0N11">
            <wcet number="0">30</wcet>
            <wcet number="1">90</wcet>
            <maxpow number="0.5238578373102668"/>
            <maxpow number="0.5238578373102668"/>
            <fprob>0.0</fprob>
        </actor>
        <actor name="D0N19">
            <wcet number="0">70</wcet>
            <wcet number="1">110</wcet>
            <maxpow number="0.617456707793766"/>
            <maxpow number="0.617456707793766"/>
            <fprob>0.0</fprob>
        </actor>
        <actor name="D0N35">
            <wcet number="0">110</wcet>
            <wcet number="1">140</wcet>
            <maxpow number="0.3647799828432973"/>
            <maxpow number="0.3647799828432973"/>
            <fprob>0.0</fprob>
        </actor>
        <actor name="D0N28">
            <wcet number="0">30</wcet>
            <wcet number="1">50</wcet>
            <maxpow number="0.6782781272356773"/>
            <maxpow number="0.6782781272356773"/>
            <fprob>0.0</fprob>
        </actor>
        <actor name="D0N37">
            <wcet number="0">90</wcet>
            <wcet number="1">160</wcet>
            <maxpow number="0.2575820803325656"/>
            <maxpow number="0.2575820803325656"/>
            <fprob>0.0</fprob>
        </actor>
        <actor name="D0N39">
            <wcet number="0">10</wcet>
            <wcet number="1">10</wcet>
            <maxpow number="0.39002225081853237"/>
            <maxpow number="0.39002225081853237"/>
            <fprob>0.0</fprob>
        </actor>
        <actor name="D0N0">
            <wcet number="0">50</wcet>
            <wcet number="1">100</wcet>
            <maxpow number="0.5785502210569058"/>
            <maxpow number="0.5785502210569058"/>
            <fprob>0.0</fprob>
        </actor>
        <actor name="D0N6">
            <wcet number="0">80</wcet>
            <wcet number="1">170</wcet>
            <maxpow number="0.7694229764133574"/>
            <maxpow number="0.7694229764133574"/>
            <fprob>0.0</fprob>
        </actor>
        <actor name="D0N16">
            <wcet number="0">40</wcet>
            <wcet number="1">70</wcet>
            <maxpow number="0.6532399905955999"/>
            <maxpow number="0.6532399905955999"/>
            <fprob>0.0</fprob>
        </actor>
        <actor name="D0N2">
            <wcet number="0">40</wcet>
            <wcet number="1">40</wcet>
            <maxpow number="0.48370039202248033"/>
            <maxpow number="0.48370039202248033"/>
            <fprob>0.0</fprob>
        </actor>
        <actor name="D0N8">
            <wcet number="0">10</wcet>
            <wcet number="1">10</wcet>
            <maxpow number="0.8385610919435514"/>
            <maxpow number="0.8385610919435514"/>
            <fprob>0.0</fprob>
        </actor>
        <actor name="D0N41">
            <wcet number="0">20</wcet>
            <wcet number="1">20</wcet>
            <maxpow number="0.7306146100538411"/>
            <maxpow number="0.7306146100538411"/>
            <fprob>0.0</fprob>
        </actor>
        <actor name="D0N9">
            <wcet number="0">190</wcet>
            <wcet number="1">190</wcet>
            <maxpow number="0.649691883238035"/>
            <maxpow number="0.649691883238035"/>
            <fprob>0.0</fprob>
        </actor>
        <actor name="D0N13">
            <wcet number="0">130</wcet>
            <wcet number="1">250</wcet>
            <maxpow number="0.5993754075392866"/>
            <maxpow number="0.5993754075392866"/>
            <fprob>0.0</fprob>
        </actor>
        <actor name="D0N36">
            <wcet number="0">10</wcet>
            <wcet number="1">30</wcet>
            <maxpow number="0.6271752546833257"/>
            <maxpow number="0.6271752546833257"/>
            <fprob>0.0</fprob>
        </actor>
        <actor name="D0N45">
            <wcet number="0">10</wcet>
            <wcet number="1">10</wcet>
            <maxpow number="0.6829093589196957"/>
            <maxpow number="0.6829093589196957"/>
            <fprob>0.0</fprob>
        </actor>
        <actor name="D0N7">
            <wcet number="0">10</wcet>
            <wcet number="1">40</wcet>
            <maxpow number="0.5540233827898555"/>
            <maxpow number="0.5540233827898555"/>
            <fprob>0.0</fprob>
        </actor>
        <actor name="D0N31">
            <wcet number="0">20</wcet>
            <wcet number="1">20</wcet>
            <maxpow number="0.5192377624822777"/>
            <maxpow number="0.5192377624822777"/>
            <fprob>0.0</fprob>
        </actor>
        <actor name="D0N14">
            <wcet number="0">20</wcet>
            <wcet number="1">20</wcet>
            <maxpow number="0.1901446624298344"/>
            <maxpow number="0.1901446624298344"/>
            <fprob>0.0</fprob>
        </actor>
        <actor name="D0N47">
            <wcet number="0">10</wcet>
            <wcet number="1">60</wcet>
            <maxpow number="0.30423646031633617"/>
            <maxpow number="0.30423646031633617"/>
            <fprob>0.0</fprob>
        </actor>
        <actor name="D0N30">
            <wcet number="0">30</wcet>
            <wcet number="1">30</wcet>
            <maxpow number="0.6741742952206236"/>
            <maxpow number="0.6741742952206236"/>
            <fprob>0.0</fprob>
        </actor>
        <actor name="D0N17">
            <wcet number="0">10</wcet>
            <wcet number="1">40</wcet>
            <maxpow number="0.6486978634577198"/>
            <maxpow number="0.6486978634577198"/>
            <fprob>0.0</fprob>
        </actor>
        <actor name="D0N25">
            <wcet number="0">30</wcet>
            <wcet number="1">30</wcet>
            <maxpow number="0.6591023058876291"/>
            <maxpow number="0.6591023058876291"/>
            <fprob>0.0</fprob>
        </actor>
        <actor name="D0N38">
            <wcet number="0">20</wcet>
            <wcet number="1">30</wcet>
            <maxpow number="0.524016173567078"/>
            <maxpow number="0.524016173567078"/>
            <fprob>0.0</fprob>
        </actor>
        <actor name="D0N3">
            <wcet number="0">80</wcet>
            <wcet number="1">240</wcet>
            <maxpow number="0.42999463475697736"/>
            <maxpow number="0.42999463475697736"/>
            <fprob>0.0</fprob>
        </actor>
        <actor name="D0N22">
            <wcet number="0">30</wcet>
            <wcet number="1">130</wcet>
            <maxpow number="0.9368625231504111"/>
            <maxpow number="0.9368625231504111"/>
            <fprob>0.0</fprob>
        </actor>
        <actor name="D0N27">
            <wcet number="0">10</wcet>
            <wcet number="1">40</wcet>
            <maxpow number="0.3642651279516008"/>
            <maxpow number="0.3642651279516008"/>
            <fprob>0.0</fprob>
        </actor>
        <actor name="D0N32">
            <wcet number="0">10</wcet>
            <wcet number="1">110</wcet>
            <maxpow number="0.8271710994357482"/>
            <maxpow number="0.8271710994357482"/>
            <fprob>0.0</fprob>
        </actor>
        <actor name="D0N33">
            <wcet number="0">30</wcet>
            <wcet number="1">50</wcet>
            <maxpow number="0.6045398865859115"/>
            <maxpow number="0.6045398865859115"/>
            <fprob>0.0</fprob>
        </actor>
        <actor name="D0N34">
            <wcet number="0">10</wcet>
            <wcet number="1">20</wcet>
            <maxpow number="0.5299950330816594"/>
            <maxpow number="0.5299950330816594"/>
            <fprob>0.0</fprob>
        </actor>
        <actor name="D0N1">
            <wcet number="0">10</wcet>
            <wcet number="1">30</wcet>
            <maxpow number="0.5032712727799988"/>
            <maxpow number="0.5032712727799988"/>
            <fprob>0.0</fprob>
        </actor>
        <actor name="D0N43">
            <wcet number="0">10</wcet>
            <wcet number="1">30</wcet>
            <maxpow number="0.6671281267535791"/>
            <maxpow number="0.6671281267535791"/>
            <fprob>0.0</fprob>
        </actor>
        <actor name="D0N15">
            <wcet number="0">60</wcet>
            <wcet number="1">60</wcet>
            <maxpow number="0.41738708901072996"/>
            <maxpow number="0.41738708901072996"/>
            <fprob>0.0</fprob>
        </actor>
        <actor name="D0N46">
            <wcet number="0">10</wcet>
            <wcet number="1">10</wcet>
            <maxpow number="0.5520492708489203"/>
            <maxpow number="0.5520492708489203"/>
            <fprob>0.0</fprob>
        </actor>
        <actor name="D0N20">
            <wcet number="0">20</wcet>
            <wcet number="1">30</wcet>
            <maxpow number="0.5494689238671849"/>
            <maxpow number="0.5494689238671849"/>
            <fprob>0.0</fprob>
        </actor>
        <actor name="D0N24">
            <wcet number="0">20</wcet>
            <wcet number="1">50</wcet>
            <maxpow number="0.6218109186637821"/>
            <maxpow number="0.6218109186637821"/>
            <fprob>0.0</fprob>
        </actor>
        <actor name="D0N26">
            <wcet number="0">80</wcet>
            <wcet number="1">80</wcet>
            <maxpow number="0.5773406386291388"/>
            <maxpow number="0.5773406386291388"/>
            <fprob>0.0</fprob>
        </actor>
        <actor name="D0N42">
            <wcet number="0">30</wcet>
            <wcet number="1">30</wcet>
            <maxpow number="0.6670165512271925"/>
            <maxpow number="0.6670165512271925"/>
            <fprob>0.0</fprob>
        </actor>
        <actor name="D0N18">
            <wcet number="0">20</wcet>
            <wcet number="1">30</wcet>
            <maxpow number="0.7566751065376845"/>
            <maxpow number="0.7566751065376845"/>
            <fprob>0.0</fprob>
        </actor>
        <actor name="D0N44">
            <wcet number="0">10</wcet>
            <wcet number="1">70</wcet>
            <maxpow number="0.5618177568003156"/>
            <maxpow number="0.5618177568003156"/>
            <fprob>0.0</fprob>
        </actor>
        <actor name="D0N4">
            <wcet number="0">40</wcet>
            <wcet number="1">60</wcet>
            <maxpow number="0.5788326334769678"/>
            <maxpow number="0.5788326334769678"/>
            <fprob>0.0</fprob>
        </actor>
        <actor name="D0N40">
            <wcet number="0">10</wcet>
            <wcet number="1">10</wcet>
            <maxpow number="0.3561000092537373"/>
            <maxpow number="0.3561000092537373"/>
            <fprob>0.0</fprob>
        </actor>
        <actor name="D0N29">
            <wcet number="0">10</wcet>
            <wcet number="1">30</wcet>
            <maxpow number="0.3610133467412825"/>
            <maxpow number="0.3610133467412825"/>
            <fprob>0.0</fprob>
        </actor>
        <actor name="D0N21">
            <wcet number="0">10</wcet>
            <wcet number="1">20</wcet>
            <maxpow number="0.5154186393624631"/>
            <maxpow number="0.5154186393624631"/>
            <fprob>0.0</fprob>
        </actor>
        <actor name="D0N5">
            <wcet number="0">50</wcet>
            <wcet number="1">90</wcet>
            <maxpow number="0.6912817709780815"/>
            <maxpow number="0.6912817709780815"/>
            <fprob>0.0</fprob>
        </actor>
        <actor name="D0N23">
            <wcet number="0">20</wcet>
            <wcet number="1">30</wcet>
            <maxpow number="0.4297605841936645"/>
            <maxpow number="0.4297605841936645"/>
            <fprob>0.0</fprob>
        </actor>
        <actor name="D0N10">
            <wcet number="0">10</wcet>
            <wcet number="1">10</wcet>
            <maxpow number="0.7170575414591321"/>
            <maxpow number="0.7170575414591321"/>
            <fprob>0.0</fprob>
        </actor>
        <actor name="D0N12">
            <wcet number="0">10</wcet>
            <wcet number="1">20</wcet>
            <maxpow number="0.3932608023750981"/>
            <maxpow number="0.3932608023750981"/>
            <fprob>0.0</fprob>
        </actor>
        <ports>
            <port dstActor="D0N25" name="p0" srcActor="D0N11"/>
            <port dstActor="D0N21" name="p1" srcActor="D0N19"/>
            <port dstActor="D0N30" name="p2" srcActor="D0N19"/>
            <port dstActor="D0N41" name="p3" srcActor="D0N19"/>
            <port dstActor="D0N33" name="p4" srcActor="D0N19"/>
            <port dstActor="D0N30" name="p5" srcActor="D0N28"/>
            <port dstActor="D0N43" name="p6" srcActor="D0N37"/>
            <port dstActor="D0N45" name="p7" srcActor="D0N39"/>
            <port dstActor="D0N42" name="p8" srcActor="D0N0"/>
            <port dstActor="D0N27" name="p9" srcActor="D0N0"/>
            <port dstActor="D0N13" name="p10" srcActor="D0N0"/>
            <port dstActor="D0N7" name="p11" srcActor="D0N6"/>
            <port dstActor="D0N33" name="p12" srcActor="D0N6"/>
            <port dstActor="D0N22" name="p13" srcActor="D0N6"/>
            <port dstActor="D0N18" name="p14" srcActor="D0N16"/>
            <port dstActor="D0N46" name="p15" srcActor="D0N16"/>
            <port dstActor="D0N17" name="p16" srcActor="D0N2"/>
            <port dstActor="D0N35" name="p17" srcActor="D0N2"/>
            <port dstActor="D0N43" name="p18" srcActor="D0N2"/>
            <port dstActor="D0N16" name="p19" srcActor="D0N2"/>
            <port dstActor="D0N32" name="p20" srcActor="D0N2"/>
            <port dstActor="D0N13" name="p21" srcActor="D0N8"/>
            <port dstActor="D0N12" name="p22" srcActor="D0N9"/>
            <port dstActor="D0N24" name="p23" srcActor="D0N9"/>
            <port dstActor="D0N20" name="p24" srcActor="D0N9"/>
            <port dstActor="D0N42" name="p25" srcActor="D0N9"/>
            <port dstActor="D0N35" name="p26" srcActor="D0N9"/>
            <port dstActor="D0N33" name="p27" srcActor="D0N9"/>
            <port dstActor="D0N40" name="p28" srcActor="D0N9"/>
            <port dstActor="D0N15" name="p29" srcActor="D0N13"/>
            <port dstActor="D0N37" name="p30" srcActor="D0N13"/>
            <port dstActor="D0N46" name="p31" srcActor="D0N36"/>
            <port dstActor="D0N41" name="p32" srcActor="D0N36"/>
            <port dstActor="D0N25" name="p33" srcActor="D0N7"/>
            <port dstActor="D0N30" name="p34" srcActor="D0N7"/>
            <port dstActor="D0N37" name="p35" srcActor="D0N7"/>
            <port dstActor="D0N13" name="p36" srcActor="D0N7"/>
            <port dstActor="D0N11" name="p37" srcActor="D0N7"/>
            <port dstActor="D0N21" name="p38" srcActor="D0N7"/>
            <port dstActor="D0N20" name="p39" srcActor="D0N7"/>
            <port dstActor="D0N9" name="p40" srcActor="D0N7"/>
            <port dstActor="D0N39" name="p41" srcActor="D0N31"/>
            <port dstActor="D0N32" name="p42" srcActor="D0N31"/>
            <port dstActor="D0N38" name="p43" srcActor="D0N14"/>
            <port dstActor="D0N24" name="p44" srcActor="D0N14"/>
            <port dstActor="D0N25" name="p45" srcActor="D0N14"/>
            <port dstActor="D0N35" name="p46" srcActor="D0N14"/>
            <port dstActor="D0N31" name="p47" srcActor="D0N30"/>
            <port dstActor="D0N42" name="p48" srcActor="D0N25"/>
            <port dstActor="D0N45" name="p49" srcActor="D0N25"/>
            <port dstActor="D0N46" name="p50" srcActor="D0N38"/>
            <port dstActor="D0N40" name="p51" srcActor="D0N3"/>
            <port dstActor="D0N6" name="p52" srcActor="D0N3"/>
            <port dstActor="D0N34" name="p53" srcActor="D0N3"/>
            <port dstActor="D0N18" name="p54" srcActor="D0N3"/>
            <port dstActor="D0N47" name="p55" srcActor="D0N3"/>
            <port dstActor="D0N13" name="p56" srcActor="D0N3"/>
            <port dstActor="D0N33" name="p57" srcActor="D0N3"/>
            <port dstActor="D0N4" name="p58" srcActor="D0N3"/>
            <port dstActor="D0N34" name="p59" srcActor="D0N22"/>
            <port dstActor="D0N26" name="p60" srcActor="D0N22"/>
            <port dstActor="D0N31" name="p61" srcActor="D0N27"/>
            <port dstActor="D0N40" name="p62" srcActor="D0N27"/>
            <port dstActor="D0N36" name="p63" srcActor="D0N34"/>
            <port dstActor="D0N47" name="p64" srcActor="D0N1"/>
            <port dstActor="D0N30" name="p65" srcActor="D0N1"/>
            <port dstActor="D0N35" name="p66" srcActor="D0N1"/>
            <port dstActor="D0N23" name="p67" srcActor="D0N20"/>
            <port dstActor="D0N42" name="p68" srcActor="D0N20"/>
            <port dstActor="D0N43" name="p69" srcActor="D0N20"/>
            <port dstActor="D0N37" name="p70" srcActor="D0N20"/>
            <port dstActor="D0N22" name="p71" srcActor="D0N20"/>
            <port dstActor="D0N44" name="p72" srcActor="D0N24"/>
            <port dstActor="D0N41" name="p73" srcActor="D0N24"/>
            <port dstActor="D0N23" name="p74" srcActor="D0N18"/>
            <port dstActor="D0N25" name="p75" srcActor="D0N18"/>
            <port dstActor="D0N46" name="p76" srcActor="D0N4"/>
            <port dstActor="D0N18" name="p77" srcActor="D0N4"/>
            <port dstActor="D0N21" name="p78" srcActor="D0N4"/>
            <port dstActor="D0N40" name="p79" srcActor="D0N29"/>
            <port dstActor="D0N40" name="p80" srcActor="D0N21"/>
            <port dstActor="D0N31" name="p81" srcActor="D0N21"/>
            <port dstActor="D0N22" name="p82" srcActor="D0N21"/>
            <port dstActor="D0N31" name="p83" srcActor="D0N5"/>
            <port dstActor="D0N24" name="p84" srcActor="D0N5"/>
            <port dstActor="D0N42" name="p85" srcActor="D0N23"/>
            <port dstActor="D0N24" name="p86" srcActor="D0N23"/>
            <port dstActor="D0N25" name="p87" srcActor="D0N23"/>
            <port dstActor="D0N18" name="p88" srcActor="D0N10"/>
            <port dstActor="D0N19" name="p89" srcActor="D0N10"/>
            <port dstActor="D0N23" name="p90" srcActor="D0N10"/>
            <port dstActor="D0N20" name="p91" srcActor="D0N10"/>
            <port dstActor="D0N40" name="p92" srcActor="D0N12"/>
            <port dstActor="D0N30" name="p93" srcActor="D0N12"/>
            <port dstActor="D0N13" name="p94" srcActor="D0N12"/>
            <port dstActor="D0N20" name="p95" srcActor="D0N12"/>
        </ports>
    </mcdag>
    <cores number="2"/>
    <levels number="2"/>
</mcsystem>
