<?xml version="1.0" encoding="UTF-8" standalone="no"?>
<mcsystem>
    <mcdag deadline="2200" name="genned-0-ed-10.0-0">
        <actor name="D0N1">
            <wcet number="0">30</wcet>
            <wcet number="1">30</wcet>
            <maxpow number="0.3708485879599081"/>
            <maxpow number="0.3708485879599081"/>
            <fprob>0.0</fprob>
        </actor>
        <actor name="D0N3">
            <wcet number="0">70</wcet>
            <wcet number="1">200</wcet>
            <maxpow number="0.5509208884731681"/>
            <maxpow number="0.5509208884731681"/>
            <fprob>0.0</fprob>
        </actor>
        <actor name="D0N19">
            <wcet number="0">70</wcet>
            <wcet number="1">70</wcet>
            <maxpow number="0.3655777365283979"/>
            <maxpow number="0.3655777365283979"/>
            <fprob>0.0</fprob>
        </actor>
        <actor name="D0N37">
            <wcet number="0">30</wcet>
            <wcet number="1">130</wcet>
            <maxpow number="0.4163917460002001"/>
            <maxpow number="0.4163917460002001"/>
            <fprob>0.0</fprob>
        </actor>
        <actor name="D0N8">
            <wcet number="0">10</wcet>
            <wcet number="1">20</wcet>
            <maxpow number="0.9714147044848727"/>
            <maxpow number="0.9714147044848727"/>
            <fprob>0.0</fprob>
        </actor>
        <actor name="D0N26">
            <wcet number="0">10</wcet>
            <wcet number="1">10</wcet>
            <maxpow number="0.5393645687241568"/>
            <maxpow number="0.5393645687241568"/>
            <fprob>0.0</fprob>
        </actor>
        <actor name="D0N4">
            <wcet number="0">20</wcet>
            <wcet number="1">20</wcet>
            <maxpow number="0.4917916698434008"/>
            <maxpow number="0.4917916698434008"/>
            <fprob>0.0</fprob>
        </actor>
        <actor name="D0N25">
            <wcet number="0">10</wcet>
            <wcet number="1">10</wcet>
            <maxpow number="0.5320492400941623"/>
            <maxpow number="0.5320492400941623"/>
            <fprob>0.0</fprob>
        </actor>
        <actor name="D0N9">
            <wcet number="0">10</wcet>
            <wcet number="1">30</wcet>
            <maxpow number="0.5926768143506875"/>
            <maxpow number="0.5926768143506875"/>
            <fprob>0.0</fprob>
        </actor>
        <actor name="D0N40">
            <wcet number="0">20</wcet>
            <wcet number="1">30</wcet>
            <maxpow number="0.5280810354700334"/>
            <maxpow number="0.5280810354700334"/>
            <fprob>0.0</fprob>
        </actor>
        <actor name="D0N6">
            <wcet number="0">70</wcet>
            <wcet number="1">80</wcet>
            <maxpow number="0.3892007567005299"/>
            <maxpow number="0.3892007567005299"/>
            <fprob>0.0</fprob>
        </actor>
        <actor name="D0N35">
            <wcet number="0">10</wcet>
            <wcet number="1">10</wcet>
            <maxpow number="0.5646842726528943"/>
            <maxpow number="0.5646842726528943"/>
            <fprob>0.0</fprob>
        </actor>
        <actor name="D0N28">
            <wcet number="0">60</wcet>
            <wcet number="1">160</wcet>
            <maxpow number="0.45186199748223094"/>
            <maxpow number="0.45186199748223094"/>
            <fprob>0.0</fprob>
        </actor>
        <actor name="D0N32">
            <wcet number="0">120</wcet>
            <wcet number="1">160</wcet>
            <maxpow number="0.5672139390649621"/>
            <maxpow number="0.5672139390649621"/>
            <fprob>0.0</fprob>
        </actor>
        <actor name="D0N15">
            <wcet number="0">30</wcet>
            <wcet number="1">40</wcet>
            <maxpow number="0.7802984592592009"/>
            <maxpow number="0.7802984592592009"/>
            <fprob>0.0</fprob>
        </actor>
        <actor name="D0N22">
            <wcet number="0">10</wcet>
            <wcet number="1">40</wcet>
            <maxpow number="0.6159583493473656"/>
            <maxpow number="0.6159583493473656"/>
            <fprob>0.0</fprob>
        </actor>
        <actor name="D0N12">
            <wcet number="0">30</wcet>
            <wcet number="1">60</wcet>
            <maxpow number="0.555741916248475"/>
            <maxpow number="0.555741916248475"/>
            <fprob>0.0</fprob>
        </actor>
        <actor name="D0N20">
            <wcet number="0">60</wcet>
            <wcet number="1">130</wcet>
            <maxpow number="0.4945753910205908"/>
            <maxpow number="0.4945753910205908"/>
            <fprob>0.0</fprob>
        </actor>
        <actor name="D0N23">
            <wcet number="0">10</wcet>
            <wcet number="1">10</wcet>
            <maxpow number="0.35571857987578515"/>
            <maxpow number="0.35571857987578515"/>
            <fprob>0.0</fprob>
        </actor>
        <actor name="D0N34">
            <wcet number="0">100</wcet>
            <wcet number="1">130</wcet>
            <maxpow number="0.45050972066756334"/>
            <maxpow number="0.45050972066756334"/>
            <fprob>0.0</fprob>
        </actor>
        <actor name="D0N31">
            <wcet number="0">10</wcet>
            <wcet number="1">10</wcet>
            <maxpow number="0.5888733572363781"/>
            <maxpow number="0.5888733572363781"/>
            <fprob>0.0</fprob>
        </actor>
        <actor name="D0N18">
            <wcet number="0">170</wcet>
            <wcet number="1">410</wcet>
            <maxpow number="0.4022970741491462"/>
            <maxpow number="0.4022970741491462"/>
            <fprob>0.0</fprob>
        </actor>
        <actor name="D0N48">
            <wcet number="0">100</wcet>
            <wcet number="1">270</wcet>
            <maxpow number="0.6944495700571499"/>
            <maxpow number="0.6944495700571499"/>
            <fprob>0.0</fprob>
        </actor>
        <actor name="D0N7">
            <wcet number="0">20</wcet>
            <wcet number="1">30</wcet>
            <maxpow number="0.518093020914286"/>
            <maxpow number="0.518093020914286"/>
            <fprob>0.0</fprob>
        </actor>
        <actor name="D0N49">
            <wcet number="0">10</wcet>
            <wcet number="1">10</wcet>
            <maxpow number="0.7580468902413571"/>
            <maxpow number="0.7580468902413571"/>
            <fprob>0.0</fprob>
        </actor>
        <actor name="D0N44">
            <wcet number="0">90</wcet>
            <wcet number="1">140</wcet>
            <maxpow number="0.603093816991317"/>
            <maxpow number="0.603093816991317"/>
            <fprob>0.0</fprob>
        </actor>
        <actor name="D0N42">
            <wcet number="0">110</wcet>
            <wcet number="1">130</wcet>
            <maxpow number="0.6003194602452874"/>
            <maxpow number="0.6003194602452874"/>
            <fprob>0.0</fprob>
        </actor>
        <actor name="D0N5">
            <wcet number="0">40</wcet>
            <wcet number="1">40</wcet>
            <maxpow number="0.5687365353347087"/>
            <maxpow number="0.5687365353347087"/>
            <fprob>0.0</fprob>
        </actor>
        <actor name="D0N47">
            <wcet number="0">20</wcet>
            <wcet number="1">40</wcet>
            <maxpow number="0.5311456630877776"/>
            <maxpow number="0.5311456630877776"/>
            <fprob>0.0</fprob>
        </actor>
        <actor name="D0N0">
            <wcet number="0">40</wcet>
            <wcet number="1">50</wcet>
            <maxpow number="0.6164974929638305"/>
            <maxpow number="0.6164974929638305"/>
            <fprob>0.0</fprob>
        </actor>
        <actor name="D0N24">
            <wcet number="0">60</wcet>
            <wcet number="1">170</wcet>
            <maxpow number="0.7070094609270661"/>
            <maxpow number="0.7070094609270661"/>
            <fprob>0.0</fprob>
        </actor>
        <actor name="D0N38">
            <wcet number="0">10</wcet>
            <wcet number="1">110</wcet>
            <maxpow number="0.45315163726132596"/>
            <maxpow number="0.45315163726132596"/>
            <fprob>0.0</fprob>
        </actor>
        <actor name="D0N16">
            <wcet number="0">30</wcet>
            <wcet number="1">30</wcet>
            <maxpow number="0.6750654972342274"/>
            <maxpow number="0.6750654972342274"/>
            <fprob>0.0</fprob>
        </actor>
        <actor name="D0N39">
            <wcet number="0">10</wcet>
            <wcet number="1">10</wcet>
            <maxpow number="0.5756512932179519"/>
            <maxpow number="0.5756512932179519"/>
            <fprob>0.0</fprob>
        </actor>
        <actor name="D0N10">
            <wcet number="0">50</wcet>
            <wcet number="1">80</wcet>
            <maxpow number="0.6213979837634942"/>
            <maxpow number="0.6213979837634942"/>
            <fprob>0.0</fprob>
        </actor>
        <actor name="D0N30">
            <wcet number="0">20</wcet>
            <wcet number="1">20</wcet>
            <maxpow number="0.6831012461700823"/>
            <maxpow number="0.6831012461700823"/>
            <fprob>0.0</fprob>
        </actor>
        <actor name="D0N46">
            <wcet number="0">20</wcet>
            <wcet number="1">30</wcet>
            <maxpow number="0.5262261666758837"/>
            <maxpow number="0.5262261666758837"/>
            <fprob>0.0</fprob>
        </actor>
        <actor name="D0N14">
            <wcet number="0">30</wcet>
            <wcet number="1">50</wcet>
            <maxpow number="0.8486642075463177"/>
            <maxpow number="0.8486642075463177"/>
            <fprob>0.0</fprob>
        </actor>
        <actor name="D0N27">
            <wcet number="0">40</wcet>
            <wcet number="1">140</wcet>
            <maxpow number="0.4578352112713517"/>
            <maxpow number="0.4578352112713517"/>
            <fprob>0.0</fprob>
        </actor>
        <actor name="D0N33">
            <wcet number="0">10</wcet>
            <wcet number="1">30</wcet>
            <maxpow number="0.7457896071304235"/>
            <maxpow number="0.7457896071304235"/>
            <fprob>0.0</fprob>
        </actor>
        <actor name="D0N36">
            <wcet number="0">80</wcet>
            <wcet number="1">150</wcet>
            <maxpow number="0.688458051482892"/>
            <maxpow number="0.688458051482892"/>
            <fprob>0.0</fprob>
        </actor>
        <actor name="D0N21">
            <wcet number="0">220</wcet>
            <wcet number="1">360</wcet>
            <maxpow number="0.9189053786016697"/>
            <maxpow number="0.9189053786016697"/>
            <fprob>0.0</fprob>
        </actor>
        <actor name="D0N11">
            <wcet number="0">150</wcet>
            <wcet number="1">270</wcet>
            <maxpow number="0.37405747979582105"/>
            <maxpow number="0.37405747979582105"/>
            <fprob>0.0</fprob>
        </actor>
        <actor name="D0N45">
            <wcet number="0">20</wcet>
            <wcet number="1">40</wcet>
            <maxpow number="0.7536986698944019"/>
            <maxpow number="0.7536986698944019"/>
            <fprob>0.0</fprob>
        </actor>
        <actor name="D0N13">
            <wcet number="0">20</wcet>
            <wcet number="1">190</wcet>
            <maxpow number="0.6346315727982895"/>
            <maxpow number="0.6346315727982895"/>
            <fprob>0.0</fprob>
        </actor>
        <actor name="D0N41">
            <wcet number="0">70</wcet>
            <wcet number="1">110</wcet>
            <maxpow number="0.3791433912640348"/>
            <maxpow number="0.3791433912640348"/>
            <fprob>0.0</fprob>
        </actor>
        <actor name="D0N43">
            <wcet number="0">80</wcet>
            <wcet number="1">180</wcet>
            <maxpow number="0.307301557011851"/>
            <maxpow number="0.307301557011851"/>
            <fprob>0.0</fprob>
        </actor>
        <actor name="D0N2">
            <wcet number="0">20</wcet>
            <wcet number="1">70</wcet>
            <maxpow number="0.36659424631285664"/>
            <maxpow number="0.36659424631285664"/>
            <fprob>0.0</fprob>
        </actor>
        <actor name="D0N29">
            <wcet number="0">140</wcet>
            <wcet number="1">250</wcet>
            <maxpow number="0.7349788845210594"/>
            <maxpow number="0.7349788845210594"/>
            <fprob>0.0</fprob>
        </actor>
        <actor name="D0N17">
            <wcet number="0">210</wcet>
            <wcet number="1">270</wcet>
            <maxpow number="0.5645297721762614"/>
            <maxpow number="0.5645297721762614"/>
            <fprob>0.0</fprob>
        </actor>
        <ports>
            <port dstActor="D0N15" name="p0" srcActor="D0N1"/>
            <port dstActor="D0N18" name="p1" srcActor="D0N1"/>
            <port dstActor="D0N49" name="p2" srcActor="D0N1"/>
            <port dstActor="D0N26" name="p3" srcActor="D0N1"/>
            <port dstActor="D0N22" name="p4" srcActor="D0N3"/>
            <port dstActor="D0N38" name="p5" srcActor="D0N3"/>
            <port dstActor="D0N31" name="p6" srcActor="D0N3"/>
            <port dstActor="D0N49" name="p7" srcActor="D0N3"/>
            <port dstActor="D0N32" name="p8" srcActor="D0N3"/>
            <port dstActor="D0N45" name="p9" srcActor="D0N19"/>
            <port dstActor="D0N22" name="p10" srcActor="D0N19"/>
            <port dstActor="D0N40" name="p11" srcActor="D0N37"/>
            <port dstActor="D0N49" name="p12" srcActor="D0N37"/>
            <port dstActor="D0N48" name="p13" srcActor="D0N8"/>
            <port dstActor="D0N39" name="p14" srcActor="D0N8"/>
            <port dstActor="D0N46" name="p15" srcActor="D0N8"/>
            <port dstActor="D0N14" name="p16" srcActor="D0N8"/>
            <port dstActor="D0N35" name="p17" srcActor="D0N8"/>
            <port dstActor="D0N13" name="p18" srcActor="D0N8"/>
            <port dstActor="D0N38" name="p19" srcActor="D0N26"/>
            <port dstActor="D0N47" name="p20" srcActor="D0N26"/>
            <port dstActor="D0N37" name="p21" srcActor="D0N26"/>
            <port dstActor="D0N34" name="p22" srcActor="D0N4"/>
            <port dstActor="D0N29" name="p23" srcActor="D0N4"/>
            <port dstActor="D0N45" name="p24" srcActor="D0N4"/>
            <port dstActor="D0N35" name="p25" srcActor="D0N4"/>
            <port dstActor="D0N40" name="p26" srcActor="D0N4"/>
            <port dstActor="D0N48" name="p27" srcActor="D0N4"/>
            <port dstActor="D0N25" name="p28" srcActor="D0N4"/>
            <port dstActor="D0N38" name="p29" srcActor="D0N25"/>
            <port dstActor="D0N44" name="p30" srcActor="D0N25"/>
            <port dstActor="D0N32" name="p31" srcActor="D0N25"/>
            <port dstActor="D0N43" name="p32" srcActor="D0N25"/>
            <port dstActor="D0N42" name="p33" srcActor="D0N25"/>
            <port dstActor="D0N15" name="p34" srcActor="D0N9"/>
            <port dstActor="D0N14" name="p35" srcActor="D0N9"/>
            <port dstActor="D0N45" name="p36" srcActor="D0N40"/>
            <port dstActor="D0N43" name="p37" srcActor="D0N6"/>
            <port dstActor="D0N29" name="p38" srcActor="D0N6"/>
            <port dstActor="D0N28" name="p39" srcActor="D0N6"/>
            <port dstActor="D0N26" name="p40" srcActor="D0N6"/>
            <port dstActor="D0N39" name="p41" srcActor="D0N6"/>
            <port dstActor="D0N41" name="p42" srcActor="D0N35"/>
            <port dstActor="D0N43" name="p43" srcActor="D0N28"/>
            <port dstActor="D0N29" name="p44" srcActor="D0N28"/>
            <port dstActor="D0N44" name="p45" srcActor="D0N28"/>
            <port dstActor="D0N49" name="p46" srcActor="D0N28"/>
            <port dstActor="D0N35" name="p47" srcActor="D0N32"/>
            <port dstActor="D0N34" name="p48" srcActor="D0N32"/>
            <port dstActor="D0N19" name="p49" srcActor="D0N15"/>
            <port dstActor="D0N23" name="p50" srcActor="D0N15"/>
            <port dstActor="D0N17" name="p51" srcActor="D0N15"/>
            <port dstActor="D0N42" name="p52" srcActor="D0N15"/>
            <port dstActor="D0N48" name="p53" srcActor="D0N15"/>
            <port dstActor="D0N30" name="p54" srcActor="D0N22"/>
            <port dstActor="D0N33" name="p55" srcActor="D0N22"/>
            <port dstActor="D0N19" name="p56" srcActor="D0N12"/>
            <port dstActor="D0N45" name="p57" srcActor="D0N12"/>
            <port dstActor="D0N49" name="p58" srcActor="D0N12"/>
            <port dstActor="D0N47" name="p59" srcActor="D0N12"/>
            <port dstActor="D0N33" name="p60" srcActor="D0N20"/>
            <port dstActor="D0N36" name="p61" srcActor="D0N20"/>
            <port dstActor="D0N42" name="p62" srcActor="D0N20"/>
            <port dstActor="D0N28" name="p63" srcActor="D0N20"/>
            <port dstActor="D0N35" name="p64" srcActor="D0N20"/>
            <port dstActor="D0N28" name="p65" srcActor="D0N23"/>
            <port dstActor="D0N45" name="p66" srcActor="D0N34"/>
            <port dstActor="D0N39" name="p67" srcActor="D0N34"/>
            <port dstActor="D0N43" name="p68" srcActor="D0N34"/>
            <port dstActor="D0N46" name="p69" srcActor="D0N34"/>
            <port dstActor="D0N44" name="p70" srcActor="D0N31"/>
            <port dstActor="D0N45" name="p71" srcActor="D0N18"/>
            <port dstActor="D0N47" name="p72" srcActor="D0N18"/>
            <port dstActor="D0N24" name="p73" srcActor="D0N18"/>
            <port dstActor="D0N32" name="p74" srcActor="D0N18"/>
            <port dstActor="D0N33" name="p75" srcActor="D0N7"/>
            <port dstActor="D0N43" name="p76" srcActor="D0N7"/>
            <port dstActor="D0N47" name="p77" srcActor="D0N44"/>
            <port dstActor="D0N44" name="p78" srcActor="D0N42"/>
            <port dstActor="D0N12" name="p79" srcActor="D0N5"/>
            <port dstActor="D0N35" name="p80" srcActor="D0N5"/>
            <port dstActor="D0N22" name="p81" srcActor="D0N5"/>
            <port dstActor="D0N49" name="p82" srcActor="D0N5"/>
            <port dstActor="D0N47" name="p83" srcActor="D0N0"/>
            <port dstActor="D0N42" name="p84" srcActor="D0N0"/>
            <port dstActor="D0N22" name="p85" srcActor="D0N0"/>
            <port dstActor="D0N24" name="p86" srcActor="D0N0"/>
            <port dstActor="D0N36" name="p87" srcActor="D0N0"/>
            <port dstActor="D0N11" name="p88" srcActor="D0N0"/>
            <port dstActor="D0N46" name="p89" srcActor="D0N38"/>
            <port dstActor="D0N43" name="p90" srcActor="D0N16"/>
            <port dstActor="D0N47" name="p91" srcActor="D0N16"/>
            <port dstActor="D0N28" name="p92" srcActor="D0N16"/>
            <port dstActor="D0N18" name="p93" srcActor="D0N10"/>
            <port dstActor="D0N21" name="p94" srcActor="D0N10"/>
            <port dstActor="D0N31" name="p95" srcActor="D0N10"/>
            <port dstActor="D0N43" name="p96" srcActor="D0N10"/>
            <port dstActor="D0N43" name="p97" srcActor="D0N30"/>
            <port dstActor="D0N37" name="p98" srcActor="D0N27"/>
            <port dstActor="D0N31" name="p99" srcActor="D0N27"/>
            <port dstActor="D0N42" name="p100" srcActor="D0N33"/>
            <port dstActor="D0N48" name="p101" srcActor="D0N21"/>
            <port dstActor="D0N36" name="p102" srcActor="D0N11"/>
            <port dstActor="D0N33" name="p103" srcActor="D0N11"/>
            <port dstActor="D0N17" name="p104" srcActor="D0N11"/>
            <port dstActor="D0N46" name="p105" srcActor="D0N45"/>
            <port dstActor="D0N47" name="p106" srcActor="D0N13"/>
            <port dstActor="D0N30" name="p107" srcActor="D0N13"/>
            <port dstActor="D0N29" name="p108" srcActor="D0N2"/>
            <port dstActor="D0N16" name="p109" srcActor="D0N2"/>
            <port dstActor="D0N45" name="p110" srcActor="D0N2"/>
            <port dstActor="D0N32" name="p111" srcActor="D0N29"/>
            <port dstActor="D0N34" name="p112" srcActor="D0N29"/>
            <port dstActor="D0N37" name="p113" srcActor="D0N29"/>
            <port dstActor="D0N39" name="p114" srcActor="D0N29"/>
            <port dstActor="D0N29" name="p115" srcActor="D0N17"/>
            <port dstActor="D0N45" name="p116" srcActor="D0N17"/>
            <port dstActor="D0N27" name="p117" srcActor="D0N17"/>
            <port dstActor="D0N32" name="p118" srcActor="D0N17"/>
        </ports>
    </mcdag>
    <cores number="3"/>
    <levels number="2"/>
</mcsystem>
