<?xml version="1.0" encoding="UTF-8" standalone="no"?>
<mcsystem>
    <mcdag deadline="1500" name="genned-0-ed-10.0-0">
        <actor name="D0N3">
            <wcet number="0">30</wcet>
            <wcet number="1">120</wcet>
            <maxpow number="0.42353519894404434"/>
            <maxpow number="0.42353519894404434"/>
            <fprob>0.0</fprob>
        </actor>
        <actor name="D0N12">
            <wcet number="0">90</wcet>
            <wcet number="1">110</wcet>
            <maxpow number="0.3070048016373533"/>
            <maxpow number="0.3070048016373533"/>
            <fprob>0.0</fprob>
        </actor>
        <actor name="D0N42">
            <wcet number="0">70</wcet>
            <wcet number="1">70</wcet>
            <maxpow number="0.6271211212789747"/>
            <maxpow number="0.6271211212789747"/>
            <fprob>0.0</fprob>
        </actor>
        <actor name="D0N21">
            <wcet number="0">100</wcet>
            <wcet number="1">190</wcet>
            <maxpow number="0.9116499388884574"/>
            <maxpow number="0.9116499388884574"/>
            <fprob>0.0</fprob>
        </actor>
        <actor name="D0N31">
            <wcet number="0">90</wcet>
            <wcet number="1">180</wcet>
            <maxpow number="0.7075940537763102"/>
            <maxpow number="0.7075940537763102"/>
            <fprob>0.0</fprob>
        </actor>
        <actor name="D0N20">
            <wcet number="0">140</wcet>
            <wcet number="1">230</wcet>
            <maxpow number="0.4449351476597453"/>
            <maxpow number="0.4449351476597453"/>
            <fprob>0.0</fprob>
        </actor>
        <actor name="D0N30">
            <wcet number="0">20</wcet>
            <wcet number="1">150</wcet>
            <maxpow number="0.889707146049971"/>
            <maxpow number="0.889707146049971"/>
            <fprob>0.0</fprob>
        </actor>
        <actor name="D0N10">
            <wcet number="0">20</wcet>
            <wcet number="1">50</wcet>
            <maxpow number="0.43689179267473566"/>
            <maxpow number="0.43689179267473566"/>
            <fprob>0.0</fprob>
        </actor>
        <actor name="D0N7">
            <wcet number="0">70</wcet>
            <wcet number="1">110</wcet>
            <maxpow number="0.5694118184134562"/>
            <maxpow number="0.5694118184134562"/>
            <fprob>0.0</fprob>
        </actor>
        <actor name="D0N37">
            <wcet number="0">50</wcet>
            <wcet number="1">80</wcet>
            <maxpow number="0.5627974551269084"/>
            <maxpow number="0.5627974551269084"/>
            <fprob>0.0</fprob>
        </actor>
        <actor name="D0N25">
            <wcet number="0">90</wcet>
            <wcet number="1">140</wcet>
            <maxpow number="0.3054107290567716"/>
            <maxpow number="0.3054107290567716"/>
            <fprob>0.0</fprob>
        </actor>
        <actor name="D0N33">
            <wcet number="0">10</wcet>
            <wcet number="1">30</wcet>
            <maxpow number="0.2648391314775626"/>
            <maxpow number="0.2648391314775626"/>
            <fprob>0.0</fprob>
        </actor>
        <actor name="D0N4">
            <wcet number="0">20</wcet>
            <wcet number="1">80</wcet>
            <maxpow number="0.5023424335139207"/>
            <maxpow number="0.5023424335139207"/>
            <fprob>0.0</fprob>
        </actor>
        <actor name="D0N13">
            <wcet number="0">110</wcet>
            <wcet number="1">120</wcet>
            <maxpow number="0.7435207268110856"/>
            <maxpow number="0.7435207268110856"/>
            <fprob>0.0</fprob>
        </actor>
        <actor name="D0N34">
            <wcet number="0">10</wcet>
            <wcet number="1">10</wcet>
            <maxpow number="0.5623172880925913"/>
            <maxpow number="0.5623172880925913"/>
            <fprob>0.0</fprob>
        </actor>
        <actor name="D0N39">
            <wcet number="0">30</wcet>
            <wcet number="1">30</wcet>
            <maxpow number="0.9325529510789139"/>
            <maxpow number="0.9325529510789139"/>
            <fprob>0.0</fprob>
        </actor>
        <actor name="D0N15">
            <wcet number="0">40</wcet>
            <wcet number="1">40</wcet>
            <maxpow number="0.484838025294305"/>
            <maxpow number="0.484838025294305"/>
            <fprob>0.0</fprob>
        </actor>
        <actor name="D0N41">
            <wcet number="0">80</wcet>
            <wcet number="1">80</wcet>
            <maxpow number="0.4037719970028216"/>
            <maxpow number="0.4037719970028216"/>
            <fprob>0.0</fprob>
        </actor>
        <actor name="D0N45">
            <wcet number="0">50</wcet>
            <wcet number="1">50</wcet>
            <maxpow number="0.3706426116051913"/>
            <maxpow number="0.3706426116051913"/>
            <fprob>0.0</fprob>
        </actor>
        <actor name="D0N5">
            <wcet number="0">50</wcet>
            <wcet number="1">50</wcet>
            <maxpow number="0.5838442688155767"/>
            <maxpow number="0.5838442688155767"/>
            <fprob>0.0</fprob>
        </actor>
        <actor name="D0N19">
            <wcet number="0">10</wcet>
            <wcet number="1">10</wcet>
            <maxpow number="0.444444579663734"/>
            <maxpow number="0.444444579663734"/>
            <fprob>0.0</fprob>
        </actor>
        <actor name="D0N35">
            <wcet number="0">20</wcet>
            <wcet number="1">20</wcet>
            <maxpow number="0.7991568453187948"/>
            <maxpow number="0.7991568453187948"/>
            <fprob>0.0</fprob>
        </actor>
        <actor name="D0N23">
            <wcet number="0">10</wcet>
            <wcet number="1">40</wcet>
            <maxpow number="0.6182266227293257"/>
            <maxpow number="0.6182266227293257"/>
            <fprob>0.0</fprob>
        </actor>
        <actor name="D0N11">
            <wcet number="0">10</wcet>
            <wcet number="1">10</wcet>
            <maxpow number="0.8182142689125853"/>
            <maxpow number="0.8182142689125853"/>
            <fprob>0.0</fprob>
        </actor>
        <actor name="D0N8">
            <wcet number="0">10</wcet>
            <wcet number="1">10</wcet>
            <maxpow number="0.4076250802734746"/>
            <maxpow number="0.4076250802734746"/>
            <fprob>0.0</fprob>
        </actor>
        <actor name="D0N40">
            <wcet number="0">160</wcet>
            <wcet number="1">280</wcet>
            <maxpow number="0.3015107381376486"/>
            <maxpow number="0.3015107381376486"/>
            <fprob>0.0</fprob>
        </actor>
        <actor name="D0N6">
            <wcet number="0">40</wcet>
            <wcet number="1">40</wcet>
            <maxpow number="0.36349823418359817"/>
            <maxpow number="0.36349823418359817"/>
            <fprob>0.0</fprob>
        </actor>
        <actor name="D0N46">
            <wcet number="0">20</wcet>
            <wcet number="1">80</wcet>
            <maxpow number="0.5844260495801616"/>
            <maxpow number="0.5844260495801616"/>
            <fprob>0.0</fprob>
        </actor>
        <actor name="D0N38">
            <wcet number="0">20</wcet>
            <wcet number="1">50</wcet>
            <maxpow number="0.5979039936083528"/>
            <maxpow number="0.5979039936083528"/>
            <fprob>0.0</fprob>
        </actor>
        <actor name="D0N44">
            <wcet number="0">20</wcet>
            <wcet number="1">20</wcet>
            <maxpow number="0.6784379045744477"/>
            <maxpow number="0.6784379045744477"/>
            <fprob>0.0</fprob>
        </actor>
        <actor name="D0N16">
            <wcet number="0">20</wcet>
            <wcet number="1">130</wcet>
            <maxpow number="0.4660757598691173"/>
            <maxpow number="0.4660757598691173"/>
            <fprob>0.0</fprob>
        </actor>
        <actor name="D0N2">
            <wcet number="0">20</wcet>
            <wcet number="1">30</wcet>
            <maxpow number="0.37287565857354993"/>
            <maxpow number="0.37287565857354993"/>
            <fprob>0.0</fprob>
        </actor>
        <actor name="D0N1">
            <wcet number="0">10</wcet>
            <wcet number="1">30</wcet>
            <maxpow number="0.5485930405046093"/>
            <maxpow number="0.5485930405046093"/>
            <fprob>0.0</fprob>
        </actor>
        <actor name="D0N22">
            <wcet number="0">10</wcet>
            <wcet number="1">30</wcet>
            <maxpow number="0.6736307415567258"/>
            <maxpow number="0.6736307415567258"/>
            <fprob>0.0</fprob>
        </actor>
        <actor name="D0N47">
            <wcet number="0">10</wcet>
            <wcet number="1">30</wcet>
            <maxpow number="0.37971112153009645"/>
            <maxpow number="0.37971112153009645"/>
            <fprob>0.0</fprob>
        </actor>
        <actor name="D0N14">
            <wcet number="0">10</wcet>
            <wcet number="1">10</wcet>
            <maxpow number="0.73367309278874"/>
            <maxpow number="0.73367309278874"/>
            <fprob>0.0</fprob>
        </actor>
        <actor name="D0N0">
            <wcet number="0">30</wcet>
            <wcet number="1">60</wcet>
            <maxpow number="0.8321275950932554"/>
            <maxpow number="0.8321275950932554"/>
            <fprob>0.0</fprob>
        </actor>
        <actor name="D0N27">
            <wcet number="0">10</wcet>
            <wcet number="1">10</wcet>
            <maxpow number="0.818540608454559"/>
            <maxpow number="0.818540608454559"/>
            <fprob>0.0</fprob>
        </actor>
        <actor name="D0N28">
            <wcet number="0">40</wcet>
            <wcet number="1">80</wcet>
            <maxpow number="0.3485770049538729"/>
            <maxpow number="0.3485770049538729"/>
            <fprob>0.0</fprob>
        </actor>
        <actor name="D0N26">
            <wcet number="0">50</wcet>
            <wcet number="1">60</wcet>
            <maxpow number="0.6812263929052427"/>
            <maxpow number="0.6812263929052427"/>
            <fprob>0.0</fprob>
        </actor>
        <actor name="D0N32">
            <wcet number="0">30</wcet>
            <wcet number="1">70</wcet>
            <maxpow number="0.5668588757631944"/>
            <maxpow number="0.5668588757631944"/>
            <fprob>0.0</fprob>
        </actor>
        <actor name="D0N17">
            <wcet number="0">50</wcet>
            <wcet number="1">70</wcet>
            <maxpow number="0.49179855814273166"/>
            <maxpow number="0.49179855814273166"/>
            <fprob>0.0</fprob>
        </actor>
        <actor name="D0N24">
            <wcet number="0">20</wcet>
            <wcet number="1">90</wcet>
            <maxpow number="0.7523430596334832"/>
            <maxpow number="0.7523430596334832"/>
            <fprob>0.0</fprob>
        </actor>
        <actor name="D0N43">
            <wcet number="0">50</wcet>
            <wcet number="1">80</wcet>
            <maxpow number="0.6313014829338057"/>
            <maxpow number="0.6313014829338057"/>
            <fprob>0.0</fprob>
        </actor>
        <actor name="D0N18">
            <wcet number="0">10</wcet>
            <wcet number="1">20</wcet>
            <maxpow number="0.5537313429861299"/>
            <maxpow number="0.5537313429861299"/>
            <fprob>0.0</fprob>
        </actor>
        <actor name="D0N36">
            <wcet number="0">20</wcet>
            <wcet number="1">20</wcet>
            <maxpow number="0.3724934012034169"/>
            <maxpow number="0.3724934012034169"/>
            <fprob>0.0</fprob>
        </actor>
        <actor name="D0N29">
            <wcet number="0">20</wcet>
            <wcet number="1">20</wcet>
            <maxpow number="0.5448459881628919"/>
            <maxpow number="0.5448459881628919"/>
            <fprob>0.0</fprob>
        </actor>
        <actor name="D0N9">
            <wcet number="0">100</wcet>
            <wcet number="1">130</wcet>
            <maxpow number="0.6403611844972601"/>
            <maxpow number="0.6403611844972601"/>
            <fprob>0.0</fprob>
        </actor>
        <ports>
            <port dstActor="D0N43" name="p0" srcActor="D0N3"/>
            <port dstActor="D0N40" name="p1" srcActor="D0N12"/>
            <port dstActor="D0N15" name="p2" srcActor="D0N12"/>
            <port dstActor="D0N13" name="p3" srcActor="D0N12"/>
            <port dstActor="D0N45" name="p4" srcActor="D0N42"/>
            <port dstActor="D0N46" name="p5" srcActor="D0N42"/>
            <port dstActor="D0N44" name="p6" srcActor="D0N42"/>
            <port dstActor="D0N24" name="p7" srcActor="D0N21"/>
            <port dstActor="D0N44" name="p8" srcActor="D0N21"/>
            <port dstActor="D0N40" name="p9" srcActor="D0N31"/>
            <port dstActor="D0N42" name="p10" srcActor="D0N31"/>
            <port dstActor="D0N34" name="p11" srcActor="D0N31"/>
            <port dstActor="D0N41" name="p12" srcActor="D0N31"/>
            <port dstActor="D0N31" name="p13" srcActor="D0N20"/>
            <port dstActor="D0N34" name="p14" srcActor="D0N20"/>
            <port dstActor="D0N44" name="p15" srcActor="D0N20"/>
            <port dstActor="D0N42" name="p16" srcActor="D0N20"/>
            <port dstActor="D0N31" name="p17" srcActor="D0N30"/>
            <port dstActor="D0N34" name="p18" srcActor="D0N30"/>
            <port dstActor="D0N45" name="p19" srcActor="D0N30"/>
            <port dstActor="D0N28" name="p20" srcActor="D0N10"/>
            <port dstActor="D0N31" name="p21" srcActor="D0N10"/>
            <port dstActor="D0N20" name="p22" srcActor="D0N7"/>
            <port dstActor="D0N24" name="p23" srcActor="D0N7"/>
            <port dstActor="D0N32" name="p24" srcActor="D0N7"/>
            <port dstActor="D0N36" name="p25" srcActor="D0N33"/>
            <port dstActor="D0N40" name="p26" srcActor="D0N4"/>
            <port dstActor="D0N20" name="p27" srcActor="D0N4"/>
            <port dstActor="D0N21" name="p28" srcActor="D0N13"/>
            <port dstActor="D0N43" name="p29" srcActor="D0N13"/>
            <port dstActor="D0N36" name="p30" srcActor="D0N13"/>
            <port dstActor="D0N23" name="p31" srcActor="D0N13"/>
            <port dstActor="D0N28" name="p32" srcActor="D0N13"/>
            <port dstActor="D0N38" name="p33" srcActor="D0N34"/>
            <port dstActor="D0N26" name="p34" srcActor="D0N15"/>
            <port dstActor="D0N45" name="p35" srcActor="D0N15"/>
            <port dstActor="D0N18" name="p36" srcActor="D0N15"/>
            <port dstActor="D0N47" name="p37" srcActor="D0N15"/>
            <port dstActor="D0N44" name="p38" srcActor="D0N41"/>
            <port dstActor="D0N47" name="p39" srcActor="D0N41"/>
            <port dstActor="D0N46" name="p40" srcActor="D0N5"/>
            <port dstActor="D0N35" name="p41" srcActor="D0N5"/>
            <port dstActor="D0N22" name="p42" srcActor="D0N19"/>
            <port dstActor="D0N32" name="p43" srcActor="D0N19"/>
            <port dstActor="D0N47" name="p44" srcActor="D0N35"/>
            <port dstActor="D0N40" name="p45" srcActor="D0N35"/>
            <port dstActor="D0N37" name="p46" srcActor="D0N23"/>
            <port dstActor="D0N17" name="p47" srcActor="D0N11"/>
            <port dstActor="D0N34" name="p48" srcActor="D0N11"/>
            <port dstActor="D0N19" name="p49" srcActor="D0N11"/>
            <port dstActor="D0N12" name="p50" srcActor="D0N8"/>
            <port dstActor="D0N23" name="p51" srcActor="D0N8"/>
            <port dstActor="D0N35" name="p52" srcActor="D0N8"/>
            <port dstActor="D0N31" name="p53" srcActor="D0N8"/>
            <port dstActor="D0N44" name="p54" srcActor="D0N8"/>
            <port dstActor="D0N46" name="p55" srcActor="D0N8"/>
            <port dstActor="D0N46" name="p56" srcActor="D0N40"/>
            <port dstActor="D0N8" name="p57" srcActor="D0N6"/>
            <port dstActor="D0N12" name="p58" srcActor="D0N6"/>
            <port dstActor="D0N33" name="p59" srcActor="D0N6"/>
            <port dstActor="D0N46" name="p60" srcActor="D0N38"/>
            <port dstActor="D0N42" name="p61" srcActor="D0N38"/>
            <port dstActor="D0N47" name="p62" srcActor="D0N38"/>
            <port dstActor="D0N28" name="p63" srcActor="D0N16"/>
            <port dstActor="D0N37" name="p64" srcActor="D0N16"/>
            <port dstActor="D0N35" name="p65" srcActor="D0N16"/>
            <port dstActor="D0N43" name="p66" srcActor="D0N16"/>
            <port dstActor="D0N36" name="p67" srcActor="D0N2"/>
            <port dstActor="D0N41" name="p68" srcActor="D0N1"/>
            <port dstActor="D0N16" name="p69" srcActor="D0N1"/>
            <port dstActor="D0N3" name="p70" srcActor="D0N1"/>
            <port dstActor="D0N14" name="p71" srcActor="D0N1"/>
            <port dstActor="D0N42" name="p72" srcActor="D0N1"/>
            <port dstActor="D0N45" name="p73" srcActor="D0N1"/>
            <port dstActor="D0N45" name="p74" srcActor="D0N22"/>
            <port dstActor="D0N24" name="p75" srcActor="D0N22"/>
            <port dstActor="D0N19" name="p76" srcActor="D0N14"/>
            <port dstActor="D0N22" name="p77" srcActor="D0N14"/>
            <port dstActor="D0N15" name="p78" srcActor="D0N14"/>
            <port dstActor="D0N31" name="p79" srcActor="D0N14"/>
            <port dstActor="D0N32" name="p80" srcActor="D0N14"/>
            <port dstActor="D0N5" name="p81" srcActor="D0N0"/>
            <port dstActor="D0N9" name="p82" srcActor="D0N0"/>
            <port dstActor="D0N43" name="p83" srcActor="D0N27"/>
            <port dstActor="D0N38" name="p84" srcActor="D0N28"/>
            <port dstActor="D0N38" name="p85" srcActor="D0N26"/>
            <port dstActor="D0N33" name="p86" srcActor="D0N26"/>
            <port dstActor="D0N30" name="p87" srcActor="D0N26"/>
            <port dstActor="D0N37" name="p88" srcActor="D0N32"/>
            <port dstActor="D0N44" name="p89" srcActor="D0N32"/>
            <port dstActor="D0N32" name="p90" srcActor="D0N17"/>
            <port dstActor="D0N44" name="p91" srcActor="D0N24"/>
            <port dstActor="D0N28" name="p92" srcActor="D0N24"/>
            <port dstActor="D0N39" name="p93" srcActor="D0N24"/>
            <port dstActor="D0N42" name="p94" srcActor="D0N18"/>
            <port dstActor="D0N45" name="p95" srcActor="D0N29"/>
            <port dstActor="D0N34" name="p96" srcActor="D0N29"/>
            <port dstActor="D0N39" name="p97" srcActor="D0N29"/>
            <port dstActor="D0N32" name="p98" srcActor="D0N9"/>
            <port dstActor="D0N13" name="p99" srcActor="D0N9"/>
            <port dstActor="D0N26" name="p100" srcActor="D0N9"/>
        </ports>
    </mcdag>
    <cores number="3"/>
    <levels number="2"/>
</mcsystem>
