<?xml version="1.0" encoding="UTF-8" standalone="no"?>
<mcsystem>
    <mcdag deadline="2500" name="genned-0-ed-10.0-0">
        <actor name="D0N15">
            <wcet number="0">680</wcet>
            <wcet number="1">890</wcet>
            <maxpow number="0.49361953960514704"/>
            <maxpow number="0.49361953960514704"/>
            <fprob>0.0</fprob>
        </actor>
        <actor name="D0N25">
            <wcet number="0">60</wcet>
            <wcet number="1">120</wcet>
            <maxpow number="1.0038151995279814"/>
            <maxpow number="1.0038151995279814"/>
            <fprob>0.0</fprob>
        </actor>
        <actor name="D0N21">
            <wcet number="0">40</wcet>
            <wcet number="1">50</wcet>
            <maxpow number="0.4891004610680891"/>
            <maxpow number="0.4891004610680891"/>
            <fprob>0.0</fprob>
        </actor>
        <actor name="D0N18">
            <wcet number="0">10</wcet>
            <wcet number="1">50</wcet>
            <maxpow number="0.6160061172280191"/>
            <maxpow number="0.6160061172280191"/>
            <fprob>0.0</fprob>
        </actor>
        <actor name="D0N12">
            <wcet number="0">10</wcet>
            <wcet number="1">30</wcet>
            <maxpow number="0.5893426102410413"/>
            <maxpow number="0.5893426102410413"/>
            <fprob>0.0</fprob>
        </actor>
        <actor name="D0N14">
            <wcet number="0">30</wcet>
            <wcet number="1">80</wcet>
            <maxpow number="0.4912062796078659"/>
            <maxpow number="0.4912062796078659"/>
            <fprob>0.0</fprob>
        </actor>
        <actor name="D0N20">
            <wcet number="0">30</wcet>
            <wcet number="1">50</wcet>
            <maxpow number="0.4079886156802047"/>
            <maxpow number="0.4079886156802047"/>
            <fprob>0.0</fprob>
        </actor>
        <actor name="D0N33">
            <wcet number="0">10</wcet>
            <wcet number="1">60</wcet>
            <maxpow number="0.6051546842440267"/>
            <maxpow number="0.6051546842440267"/>
            <fprob>0.0</fprob>
        </actor>
        <actor name="D0N4">
            <wcet number="0">110</wcet>
            <wcet number="1">360</wcet>
            <maxpow number="0.49810399243283776"/>
            <maxpow number="0.49810399243283776"/>
            <fprob>0.0</fprob>
        </actor>
        <actor name="D0N9">
            <wcet number="0">250</wcet>
            <wcet number="1">260</wcet>
            <maxpow number="0.5792756849767274"/>
            <maxpow number="0.5792756849767274"/>
            <fprob>0.0</fprob>
        </actor>
        <actor name="D0N1">
            <wcet number="0">10</wcet>
            <wcet number="1">30</wcet>
            <maxpow number="0.6464712325215282"/>
            <maxpow number="0.6464712325215282"/>
            <fprob>0.0</fprob>
        </actor>
        <actor name="D0N11">
            <wcet number="0">270</wcet>
            <wcet number="1">330</wcet>
            <maxpow number="0.16704810481394156"/>
            <maxpow number="0.16704810481394156"/>
            <fprob>0.0</fprob>
        </actor>
        <actor name="D0N0">
            <wcet number="0">80</wcet>
            <wcet number="1">120</wcet>
            <maxpow number="1.1215109251960507"/>
            <maxpow number="1.1215109251960507"/>
            <fprob>0.0</fprob>
        </actor>
        <actor name="D0N23">
            <wcet number="0">20</wcet>
            <wcet number="1">310</wcet>
            <maxpow number="0.6728744844545329"/>
            <maxpow number="0.6728744844545329"/>
            <fprob>0.0</fprob>
        </actor>
        <actor name="D0N31">
            <wcet number="0">120</wcet>
            <wcet number="1">180</wcet>
            <maxpow number="0.6363269426825098"/>
            <maxpow number="0.6363269426825098"/>
            <fprob>0.0</fprob>
        </actor>
        <actor name="D0N2">
            <wcet number="0">20</wcet>
            <wcet number="1">70</wcet>
            <maxpow number="0.571184621002092"/>
            <maxpow number="0.571184621002092"/>
            <fprob>0.0</fprob>
        </actor>
        <actor name="D0N44">
            <wcet number="0">120</wcet>
            <wcet number="1">130</wcet>
            <maxpow number="0.703579810450313"/>
            <maxpow number="0.703579810450313"/>
            <fprob>0.0</fprob>
        </actor>
        <actor name="D0N47">
            <wcet number="0">90</wcet>
            <wcet number="1">100</wcet>
            <maxpow number="0.5182379851983796"/>
            <maxpow number="0.5182379851983796"/>
            <fprob>0.0</fprob>
        </actor>
        <actor name="D0N8">
            <wcet number="0">50</wcet>
            <wcet number="1">80</wcet>
            <maxpow number="0.23476400462940866"/>
            <maxpow number="0.23476400462940866"/>
            <fprob>0.0</fprob>
        </actor>
        <actor name="D0N30">
            <wcet number="0">20</wcet>
            <wcet number="1">30</wcet>
            <maxpow number="0.6677695197112677"/>
            <maxpow number="0.6677695197112677"/>
            <fprob>0.0</fprob>
        </actor>
        <actor name="D0N27">
            <wcet number="0">50</wcet>
            <wcet number="1">50</wcet>
            <maxpow number="0.710783981737701"/>
            <maxpow number="0.710783981737701"/>
            <fprob>0.0</fprob>
        </actor>
        <actor name="D0N10">
            <wcet number="0">40</wcet>
            <wcet number="1">230</wcet>
            <maxpow number="0.764859349417627"/>
            <maxpow number="0.764859349417627"/>
            <fprob>0.0</fprob>
        </actor>
        <actor name="D0N17">
            <wcet number="0">100</wcet>
            <wcet number="1">130</wcet>
            <maxpow number="0.40574618908018356"/>
            <maxpow number="0.40574618908018356"/>
            <fprob>0.0</fprob>
        </actor>
        <actor name="D0N39">
            <wcet number="0">220</wcet>
            <wcet number="1">380</wcet>
            <maxpow number="0.5936403282984544"/>
            <maxpow number="0.5936403282984544"/>
            <fprob>0.0</fprob>
        </actor>
        <actor name="D0N16">
            <wcet number="0">260</wcet>
            <wcet number="1">300</wcet>
            <maxpow number="0.8346941716160176"/>
            <maxpow number="0.8346941716160176"/>
            <fprob>0.0</fprob>
        </actor>
        <actor name="D0N36">
            <wcet number="0">10</wcet>
            <wcet number="1">10</wcet>
            <maxpow number="0.45370905169676035"/>
            <maxpow number="0.45370905169676035"/>
            <fprob>0.0</fprob>
        </actor>
        <actor name="D0N40">
            <wcet number="0">60</wcet>
            <wcet number="1">190</wcet>
            <maxpow number="0.4660459064577793"/>
            <maxpow number="0.4660459064577793"/>
            <fprob>0.0</fprob>
        </actor>
        <actor name="D0N35">
            <wcet number="0">10</wcet>
            <wcet number="1">10</wcet>
            <maxpow number="0.5411173226440729"/>
            <maxpow number="0.5411173226440729"/>
            <fprob>0.0</fprob>
        </actor>
        <actor name="D0N37">
            <wcet number="0">60</wcet>
            <wcet number="1">60</wcet>
            <maxpow number="0.5132562618575536"/>
            <maxpow number="0.5132562618575536"/>
            <fprob>0.0</fprob>
        </actor>
        <actor name="D0N41">
            <wcet number="0">30</wcet>
            <wcet number="1">100</wcet>
            <maxpow number="0.8752425322912666"/>
            <maxpow number="0.8752425322912666"/>
            <fprob>0.0</fprob>
        </actor>
        <actor name="D0N3">
            <wcet number="0">10</wcet>
            <wcet number="1">30</wcet>
            <maxpow number="0.37793813212013166"/>
            <maxpow number="0.37793813212013166"/>
            <fprob>0.0</fprob>
        </actor>
        <actor name="D0N7">
            <wcet number="0">10</wcet>
            <wcet number="1">20</wcet>
            <maxpow number="0.3029269095313247"/>
            <maxpow number="0.3029269095313247"/>
            <fprob>0.0</fprob>
        </actor>
        <actor name="D0N46">
            <wcet number="0">40</wcet>
            <wcet number="1">90</wcet>
            <maxpow number="0.6879109729695616"/>
            <maxpow number="0.6879109729695616"/>
            <fprob>0.0</fprob>
        </actor>
        <actor name="D0N28">
            <wcet number="0">60</wcet>
            <wcet number="1">110</wcet>
            <maxpow number="0.269933096455112"/>
            <maxpow number="0.269933096455112"/>
            <fprob>0.0</fprob>
        </actor>
        <actor name="D0N42">
            <wcet number="0">10</wcet>
            <wcet number="1">20</wcet>
            <maxpow number="0.39222709074501405"/>
            <maxpow number="0.39222709074501405"/>
            <fprob>0.0</fprob>
        </actor>
        <actor name="D0N45">
            <wcet number="0">170</wcet>
            <wcet number="1">180</wcet>
            <maxpow number="0.8476435052493814"/>
            <maxpow number="0.8476435052493814"/>
            <fprob>0.0</fprob>
        </actor>
        <actor name="D0N26">
            <wcet number="0">20</wcet>
            <wcet number="1">20</wcet>
            <maxpow number="0.6998287068471185"/>
            <maxpow number="0.6998287068471185"/>
            <fprob>0.0</fprob>
        </actor>
        <actor name="D0N19">
            <wcet number="0">20</wcet>
            <wcet number="1">80</wcet>
            <maxpow number="0.6493902193069012"/>
            <maxpow number="0.6493902193069012"/>
            <fprob>0.0</fprob>
        </actor>
        <actor name="D0N38">
            <wcet number="0">60</wcet>
            <wcet number="1">200</wcet>
            <maxpow number="0.5974501993088794"/>
            <maxpow number="0.5974501993088794"/>
            <fprob>0.0</fprob>
        </actor>
        <actor name="D0N29">
            <wcet number="0">50</wcet>
            <wcet number="1">50</wcet>
            <maxpow number="0.29829388736355117"/>
            <maxpow number="0.29829388736355117"/>
            <fprob>0.0</fprob>
        </actor>
        <actor name="D0N13">
            <wcet number="0">20</wcet>
            <wcet number="1">30</wcet>
            <maxpow number="0.6828630484004429"/>
            <maxpow number="0.6828630484004429"/>
            <fprob>0.0</fprob>
        </actor>
        <actor name="D0N32">
            <wcet number="0">10</wcet>
            <wcet number="1">10</wcet>
            <maxpow number="0.2963681914839834"/>
            <maxpow number="0.2963681914839834"/>
            <fprob>0.0</fprob>
        </actor>
        <actor name="D0N24">
            <wcet number="0">50</wcet>
            <wcet number="1">120</wcet>
            <maxpow number="0.22714683876800867"/>
            <maxpow number="0.22714683876800867"/>
            <fprob>0.0</fprob>
        </actor>
        <actor name="D0N22">
            <wcet number="0">10</wcet>
            <wcet number="1">20</wcet>
            <maxpow number="0.39761552759863616"/>
            <maxpow number="0.39761552759863616"/>
            <fprob>0.0</fprob>
        </actor>
        <actor name="D0N5">
            <wcet number="0">200</wcet>
            <wcet number="1">290</wcet>
            <maxpow number="0.5831576261542872"/>
            <maxpow number="0.5831576261542872"/>
            <fprob>0.0</fprob>
        </actor>
        <actor name="D0N6">
            <wcet number="0">20</wcet>
            <wcet number="1">30</wcet>
            <maxpow number="0.7150438968410409"/>
            <maxpow number="0.7150438968410409"/>
            <fprob>0.0</fprob>
        </actor>
        <actor name="D0N34">
            <wcet number="0">40</wcet>
            <wcet number="1">40</wcet>
            <maxpow number="0.7675691491627669"/>
            <maxpow number="0.7675691491627669"/>
            <fprob>0.0</fprob>
        </actor>
        <actor name="D0N43">
            <wcet number="0">110</wcet>
            <wcet number="1">120</wcet>
            <maxpow number="0.4501619371477042"/>
            <maxpow number="0.4501619371477042"/>
            <fprob>0.0</fprob>
        </actor>
        <ports>
            <port dstActor="D0N33" name="p0" srcActor="D0N15"/>
            <port dstActor="D0N47" name="p1" srcActor="D0N15"/>
            <port dstActor="D0N42" name="p2" srcActor="D0N25"/>
            <port dstActor="D0N27" name="p3" srcActor="D0N25"/>
            <port dstActor="D0N32" name="p4" srcActor="D0N21"/>
            <port dstActor="D0N33" name="p5" srcActor="D0N21"/>
            <port dstActor="D0N45" name="p6" srcActor="D0N21"/>
            <port dstActor="D0N19" name="p7" srcActor="D0N18"/>
            <port dstActor="D0N40" name="p8" srcActor="D0N18"/>
            <port dstActor="D0N20" name="p9" srcActor="D0N18"/>
            <port dstActor="D0N39" name="p10" srcActor="D0N12"/>
            <port dstActor="D0N38" name="p11" srcActor="D0N12"/>
            <port dstActor="D0N14" name="p12" srcActor="D0N12"/>
            <port dstActor="D0N39" name="p13" srcActor="D0N14"/>
            <port dstActor="D0N44" name="p14" srcActor="D0N14"/>
            <port dstActor="D0N23" name="p15" srcActor="D0N14"/>
            <port dstActor="D0N30" name="p16" srcActor="D0N14"/>
            <port dstActor="D0N45" name="p17" srcActor="D0N20"/>
            <port dstActor="D0N25" name="p18" srcActor="D0N20"/>
            <port dstActor="D0N26" name="p19" srcActor="D0N4"/>
            <port dstActor="D0N30" name="p20" srcActor="D0N4"/>
            <port dstActor="D0N39" name="p21" srcActor="D0N4"/>
            <port dstActor="D0N42" name="p22" srcActor="D0N4"/>
            <port dstActor="D0N9" name="p23" srcActor="D0N4"/>
            <port dstActor="D0N16" name="p24" srcActor="D0N4"/>
            <port dstActor="D0N32" name="p25" srcActor="D0N4"/>
            <port dstActor="D0N34" name="p26" srcActor="D0N4"/>
            <port dstActor="D0N20" name="p27" srcActor="D0N4"/>
            <port dstActor="D0N45" name="p28" srcActor="D0N4"/>
            <port dstActor="D0N15" name="p29" srcActor="D0N9"/>
            <port dstActor="D0N24" name="p30" srcActor="D0N9"/>
            <port dstActor="D0N41" name="p31" srcActor="D0N9"/>
            <port dstActor="D0N37" name="p32" srcActor="D0N9"/>
            <port dstActor="D0N33" name="p33" srcActor="D0N9"/>
            <port dstActor="D0N43" name="p34" srcActor="D0N9"/>
            <port dstActor="D0N29" name="p35" srcActor="D0N9"/>
            <port dstActor="D0N6" name="p36" srcActor="D0N1"/>
            <port dstActor="D0N29" name="p37" srcActor="D0N1"/>
            <port dstActor="D0N5" name="p38" srcActor="D0N1"/>
            <port dstActor="D0N15" name="p39" srcActor="D0N11"/>
            <port dstActor="D0N47" name="p40" srcActor="D0N11"/>
            <port dstActor="D0N17" name="p41" srcActor="D0N11"/>
            <port dstActor="D0N21" name="p42" srcActor="D0N11"/>
            <port dstActor="D0N17" name="p43" srcActor="D0N0"/>
            <port dstActor="D0N37" name="p44" srcActor="D0N23"/>
            <port dstActor="D0N27" name="p45" srcActor="D0N23"/>
            <port dstActor="D0N32" name="p46" srcActor="D0N31"/>
            <port dstActor="D0N40" name="p47" srcActor="D0N31"/>
            <port dstActor="D0N43" name="p48" srcActor="D0N31"/>
            <port dstActor="D0N24" name="p49" srcActor="D0N2"/>
            <port dstActor="D0N19" name="p50" srcActor="D0N2"/>
            <port dstActor="D0N25" name="p51" srcActor="D0N2"/>
            <port dstActor="D0N23" name="p52" srcActor="D0N2"/>
            <port dstActor="D0N40" name="p53" srcActor="D0N2"/>
            <port dstActor="D0N39" name="p54" srcActor="D0N8"/>
            <port dstActor="D0N36" name="p55" srcActor="D0N8"/>
            <port dstActor="D0N28" name="p56" srcActor="D0N8"/>
            <port dstActor="D0N35" name="p57" srcActor="D0N8"/>
            <port dstActor="D0N15" name="p58" srcActor="D0N10"/>
            <port dstActor="D0N45" name="p59" srcActor="D0N10"/>
            <port dstActor="D0N13" name="p60" srcActor="D0N10"/>
            <port dstActor="D0N26" name="p61" srcActor="D0N10"/>
            <port dstActor="D0N25" name="p62" srcActor="D0N10"/>
            <port dstActor="D0N11" name="p63" srcActor="D0N10"/>
            <port dstActor="D0N18" name="p64" srcActor="D0N10"/>
            <port dstActor="D0N16" name="p65" srcActor="D0N10"/>
            <port dstActor="D0N22" name="p66" srcActor="D0N10"/>
            <port dstActor="D0N32" name="p67" srcActor="D0N10"/>
            <port dstActor="D0N44" name="p68" srcActor="D0N10"/>
            <port dstActor="D0N33" name="p69" srcActor="D0N17"/>
            <port dstActor="D0N30" name="p70" srcActor="D0N17"/>
            <port dstActor="D0N39" name="p71" srcActor="D0N16"/>
            <port dstActor="D0N40" name="p72" srcActor="D0N16"/>
            <port dstActor="D0N33" name="p73" srcActor="D0N16"/>
            <port dstActor="D0N46" name="p74" srcActor="D0N36"/>
            <port dstActor="D0N41" name="p75" srcActor="D0N36"/>
            <port dstActor="D0N37" name="p76" srcActor="D0N35"/>
            <port dstActor="D0N43" name="p77" srcActor="D0N35"/>
            <port dstActor="D0N44" name="p78" srcActor="D0N37"/>
            <port dstActor="D0N41" name="p79" srcActor="D0N37"/>
            <port dstActor="D0N35" name="p80" srcActor="D0N3"/>
            <port dstActor="D0N12" name="p81" srcActor="D0N3"/>
            <port dstActor="D0N23" name="p82" srcActor="D0N3"/>
            <port dstActor="D0N45" name="p83" srcActor="D0N7"/>
            <port dstActor="D0N9" name="p84" srcActor="D0N7"/>
            <port dstActor="D0N35" name="p85" srcActor="D0N28"/>
            <port dstActor="D0N30" name="p86" srcActor="D0N26"/>
            <port dstActor="D0N39" name="p87" srcActor="D0N26"/>
            <port dstActor="D0N36" name="p88" srcActor="D0N26"/>
            <port dstActor="D0N45" name="p89" srcActor="D0N19"/>
            <port dstActor="D0N47" name="p90" srcActor="D0N19"/>
            <port dstActor="D0N42" name="p91" srcActor="D0N19"/>
            <port dstActor="D0N44" name="p92" srcActor="D0N19"/>
            <port dstActor="D0N24" name="p93" srcActor="D0N19"/>
            <port dstActor="D0N25" name="p94" srcActor="D0N19"/>
            <port dstActor="D0N42" name="p95" srcActor="D0N38"/>
            <port dstActor="D0N41" name="p96" srcActor="D0N38"/>
            <port dstActor="D0N31" name="p97" srcActor="D0N29"/>
            <port dstActor="D0N15" name="p98" srcActor="D0N13"/>
            <port dstActor="D0N17" name="p99" srcActor="D0N13"/>
            <port dstActor="D0N34" name="p100" srcActor="D0N13"/>
            <port dstActor="D0N21" name="p101" srcActor="D0N13"/>
            <port dstActor="D0N43" name="p102" srcActor="D0N13"/>
            <port dstActor="D0N39" name="p103" srcActor="D0N13"/>
            <port dstActor="D0N45" name="p104" srcActor="D0N13"/>
            <port dstActor="D0N42" name="p105" srcActor="D0N32"/>
            <port dstActor="D0N40" name="p106" srcActor="D0N32"/>
            <port dstActor="D0N45" name="p107" srcActor="D0N32"/>
            <port dstActor="D0N26" name="p108" srcActor="D0N24"/>
            <port dstActor="D0N43" name="p109" srcActor="D0N24"/>
            <port dstActor="D0N36" name="p110" srcActor="D0N24"/>
            <port dstActor="D0N32" name="p111" srcActor="D0N24"/>
            <port dstActor="D0N27" name="p112" srcActor="D0N24"/>
            <port dstActor="D0N45" name="p113" srcActor="D0N24"/>
            <port dstActor="D0N31" name="p114" srcActor="D0N22"/>
            <port dstActor="D0N37" name="p115" srcActor="D0N22"/>
            <port dstActor="D0N9" name="p116" srcActor="D0N5"/>
            <port dstActor="D0N45" name="p117" srcActor="D0N5"/>
            <port dstActor="D0N21" name="p118" srcActor="D0N5"/>
            <port dstActor="D0N7" name="p119" srcActor="D0N5"/>
            <port dstActor="D0N31" name="p120" srcActor="D0N5"/>
            <port dstActor="D0N40" name="p121" srcActor="D0N5"/>
            <port dstActor="D0N16" name="p122" srcActor="D0N5"/>
            <port dstActor="D0N43" name="p123" srcActor="D0N6"/>
            <port dstActor="D0N38" name="p124" srcActor="D0N34"/>
            <port dstActor="D0N47" name="p125" srcActor="D0N34"/>
        </ports>
    </mcdag>
    <cores number="3"/>
    <levels number="2"/>
</mcsystem>
