<?xml version="1.0" encoding="UTF-8" standalone="no"?>
<mcsystem>
    <mcdag deadline="5000" name="genned-0-ed-10.0-0">
        <actor name="D0N28">
            <wcet number="0">10</wcet>
            <wcet number="1">10</wcet>
            <maxpow number="0.550737352155249"/>
            <maxpow number="0.550737352155249"/>
            <fprob>0.0</fprob>
        </actor>
        <actor name="D0N22">
            <wcet number="0">30</wcet>
            <wcet number="1">300</wcet>
            <maxpow number="0.5608428853378816"/>
            <maxpow number="0.5608428853378816"/>
            <fprob>0.0</fprob>
        </actor>
        <actor name="D0N32">
            <wcet number="0">660</wcet>
            <wcet number="1">1350</wcet>
            <maxpow number="0.6719893456853604"/>
            <maxpow number="0.6719893456853604"/>
            <fprob>0.0</fprob>
        </actor>
        <actor name="D0N42">
            <wcet number="0">50</wcet>
            <wcet number="1">100</wcet>
            <maxpow number="0.7912327468101374"/>
            <maxpow number="0.7912327468101374"/>
            <fprob>0.0</fprob>
        </actor>
        <actor name="D0N34">
            <wcet number="0">10</wcet>
            <wcet number="1">50</wcet>
            <maxpow number="0.7669998616352527"/>
            <maxpow number="0.7669998616352527"/>
            <fprob>0.0</fprob>
        </actor>
        <actor name="D0N3">
            <wcet number="0">110</wcet>
            <wcet number="1">180</wcet>
            <maxpow number="0.4350973680997644"/>
            <maxpow number="0.4350973680997644"/>
            <fprob>0.0</fprob>
        </actor>
        <actor name="D0N33">
            <wcet number="0">70</wcet>
            <wcet number="1">660</wcet>
            <maxpow number="0.584791472640712"/>
            <maxpow number="0.584791472640712"/>
            <fprob>0.0</fprob>
        </actor>
        <actor name="D0N31">
            <wcet number="0">50</wcet>
            <wcet number="1">250</wcet>
            <maxpow number="0.42359549955716896"/>
            <maxpow number="0.42359549955716896"/>
            <fprob>0.0</fprob>
        </actor>
        <actor name="D0N16">
            <wcet number="0">70</wcet>
            <wcet number="1">80</wcet>
            <maxpow number="0.3606674356002324"/>
            <maxpow number="0.3606674356002324"/>
            <fprob>0.0</fprob>
        </actor>
        <actor name="D0N19">
            <wcet number="0">110</wcet>
            <wcet number="1">180</wcet>
            <maxpow number="0.3497775002593861"/>
            <maxpow number="0.3497775002593861"/>
            <fprob>0.0</fprob>
        </actor>
        <actor name="D0N40">
            <wcet number="0">100</wcet>
            <wcet number="1">110</wcet>
            <maxpow number="0.3451397291419416"/>
            <maxpow number="0.3451397291419416"/>
            <fprob>0.0</fprob>
        </actor>
        <actor name="D0N1">
            <wcet number="0">50</wcet>
            <wcet number="1">80</wcet>
            <maxpow number="0.8397107616791375"/>
            <maxpow number="0.8397107616791375"/>
            <fprob>0.0</fprob>
        </actor>
        <actor name="D0N17">
            <wcet number="0">60</wcet>
            <wcet number="1">70</wcet>
            <maxpow number="0.45503701679797093"/>
            <maxpow number="0.45503701679797093"/>
            <fprob>0.0</fprob>
        </actor>
        <actor name="D0N37">
            <wcet number="0">80</wcet>
            <wcet number="1">180</wcet>
            <maxpow number="0.7592568354963958"/>
            <maxpow number="0.7592568354963958"/>
            <fprob>0.0</fprob>
        </actor>
        <actor name="D0N7">
            <wcet number="0">50</wcet>
            <wcet number="1">140</wcet>
            <maxpow number="0.556295822467411"/>
            <maxpow number="0.556295822467411"/>
            <fprob>0.0</fprob>
        </actor>
        <actor name="D0N23">
            <wcet number="0">110</wcet>
            <wcet number="1">110</wcet>
            <maxpow number="0.6386479732553586"/>
            <maxpow number="0.6386479732553586"/>
            <fprob>0.0</fprob>
        </actor>
        <actor name="D0N45">
            <wcet number="0">130</wcet>
            <wcet number="1">420</wcet>
            <maxpow number="0.43459473984371827"/>
            <maxpow number="0.43459473984371827"/>
            <fprob>0.0</fprob>
        </actor>
        <actor name="D0N36">
            <wcet number="0">20</wcet>
            <wcet number="1">40</wcet>
            <maxpow number="0.3593798979663265"/>
            <maxpow number="0.3593798979663265"/>
            <fprob>0.0</fprob>
        </actor>
        <actor name="D0N8">
            <wcet number="0">100</wcet>
            <wcet number="1">400</wcet>
            <maxpow number="0.9443443406315092"/>
            <maxpow number="0.9443443406315092"/>
            <fprob>0.0</fprob>
        </actor>
        <actor name="D0N5">
            <wcet number="0">30</wcet>
            <wcet number="1">250</wcet>
            <maxpow number="0.4810690145393747"/>
            <maxpow number="0.4810690145393747"/>
            <fprob>0.0</fprob>
        </actor>
        <actor name="D0N24">
            <wcet number="0">40</wcet>
            <wcet number="1">70</wcet>
            <maxpow number="0.29163244185242837"/>
            <maxpow number="0.29163244185242837"/>
            <fprob>0.0</fprob>
        </actor>
        <actor name="D0N11">
            <wcet number="0">60</wcet>
            <wcet number="1">80</wcet>
            <maxpow number="0.7153546707777847"/>
            <maxpow number="0.7153546707777847"/>
            <fprob>0.0</fprob>
        </actor>
        <actor name="D0N0">
            <wcet number="0">20</wcet>
            <wcet number="1">50</wcet>
            <maxpow number="0.6290358460023313"/>
            <maxpow number="0.6290358460023313"/>
            <fprob>0.0</fprob>
        </actor>
        <actor name="D0N48">
            <wcet number="0">1120</wcet>
            <wcet number="1">1280</wcet>
            <maxpow number="0.817660889691397"/>
            <maxpow number="0.817660889691397"/>
            <fprob>0.0</fprob>
        </actor>
        <actor name="D0N29">
            <wcet number="0">120</wcet>
            <wcet number="1">820</wcet>
            <maxpow number="0.3589949822809967"/>
            <maxpow number="0.3589949822809967"/>
            <fprob>0.0</fprob>
        </actor>
        <actor name="D0N47">
            <wcet number="0">20</wcet>
            <wcet number="1">90</wcet>
            <maxpow number="0.6302194464176125"/>
            <maxpow number="0.6302194464176125"/>
            <fprob>0.0</fprob>
        </actor>
        <actor name="D0N6">
            <wcet number="0">210</wcet>
            <wcet number="1">260</wcet>
            <maxpow number="0.32197083016068506"/>
            <maxpow number="0.32197083016068506"/>
            <fprob>0.0</fprob>
        </actor>
        <actor name="D0N30">
            <wcet number="0">10</wcet>
            <wcet number="1">20</wcet>
            <maxpow number="0.4019416597799855"/>
            <maxpow number="0.4019416597799855"/>
            <fprob>0.0</fprob>
        </actor>
        <actor name="D0N21">
            <wcet number="0">20</wcet>
            <wcet number="1">90</wcet>
            <maxpow number="0.38870236244895595"/>
            <maxpow number="0.38870236244895595"/>
            <fprob>0.0</fprob>
        </actor>
        <actor name="D0N44">
            <wcet number="0">10</wcet>
            <wcet number="1">50</wcet>
            <maxpow number="0.928975606602064"/>
            <maxpow number="0.928975606602064"/>
            <fprob>0.0</fprob>
        </actor>
        <actor name="D0N4">
            <wcet number="0">40</wcet>
            <wcet number="1">430</wcet>
            <maxpow number="0.3001723247940814"/>
            <maxpow number="0.3001723247940814"/>
            <fprob>0.0</fprob>
        </actor>
        <actor name="D0N38">
            <wcet number="0">30</wcet>
            <wcet number="1">30</wcet>
            <maxpow number="0.6838454683476151"/>
            <maxpow number="0.6838454683476151"/>
            <fprob>0.0</fprob>
        </actor>
        <actor name="D0N41">
            <wcet number="0">80</wcet>
            <wcet number="1">760</wcet>
            <maxpow number="0.7636519814976538"/>
            <maxpow number="0.7636519814976538"/>
            <fprob>0.0</fprob>
        </actor>
        <actor name="D0N15">
            <wcet number="0">50</wcet>
            <wcet number="1">70</wcet>
            <maxpow number="0.6589030443419853"/>
            <maxpow number="0.6589030443419853"/>
            <fprob>0.0</fprob>
        </actor>
        <actor name="D0N43">
            <wcet number="0">10</wcet>
            <wcet number="1">10</wcet>
            <maxpow number="0.6971915618495844"/>
            <maxpow number="0.6971915618495844"/>
            <fprob>0.0</fprob>
        </actor>
        <actor name="D0N18">
            <wcet number="0">130</wcet>
            <wcet number="1">570</wcet>
            <maxpow number="0.5680450000364375"/>
            <maxpow number="0.5680450000364375"/>
            <fprob>0.0</fprob>
        </actor>
        <actor name="D0N27">
            <wcet number="0">40</wcet>
            <wcet number="1">170</wcet>
            <maxpow number="0.41531799738691116"/>
            <maxpow number="0.41531799738691116"/>
            <fprob>0.0</fprob>
        </actor>
        <actor name="D0N14">
            <wcet number="0">150</wcet>
            <wcet number="1">160</wcet>
            <maxpow number="0.7109745580237252"/>
            <maxpow number="0.7109745580237252"/>
            <fprob>0.0</fprob>
        </actor>
        <actor name="D0N20">
            <wcet number="0">300</wcet>
            <wcet number="1">330</wcet>
            <maxpow number="0.5985942206951343"/>
            <maxpow number="0.5985942206951343"/>
            <fprob>0.0</fprob>
        </actor>
        <actor name="D0N25">
            <wcet number="0">40</wcet>
            <wcet number="1">120</wcet>
            <maxpow number="0.94962932883938"/>
            <maxpow number="0.94962932883938"/>
            <fprob>0.0</fprob>
        </actor>
        <actor name="D0N12">
            <wcet number="0">10</wcet>
            <wcet number="1">60</wcet>
            <maxpow number="0.8793116003396266"/>
            <maxpow number="0.8793116003396266"/>
            <fprob>0.0</fprob>
        </actor>
        <actor name="D0N46">
            <wcet number="0">200</wcet>
            <wcet number="1">260</wcet>
            <maxpow number="0.25690233848384836"/>
            <maxpow number="0.25690233848384836"/>
            <fprob>0.0</fprob>
        </actor>
        <actor name="D0N2">
            <wcet number="0">20</wcet>
            <wcet number="1">20</wcet>
            <maxpow number="0.7103139545235756"/>
            <maxpow number="0.7103139545235756"/>
            <fprob>0.0</fprob>
        </actor>
        <actor name="D0N35">
            <wcet number="0">140</wcet>
            <wcet number="1">220</wcet>
            <maxpow number="0.666964785458648"/>
            <maxpow number="0.666964785458648"/>
            <fprob>0.0</fprob>
        </actor>
        <actor name="D0N9">
            <wcet number="0">240</wcet>
            <wcet number="1">320</wcet>
            <maxpow number="0.37198504360820844"/>
            <maxpow number="0.37198504360820844"/>
            <fprob>0.0</fprob>
        </actor>
        <actor name="D0N26">
            <wcet number="0">70</wcet>
            <wcet number="1">260</wcet>
            <maxpow number="0.2681186110378685"/>
            <maxpow number="0.2681186110378685"/>
            <fprob>0.0</fprob>
        </actor>
        <actor name="D0N10">
            <wcet number="0">170</wcet>
            <wcet number="1">340</wcet>
            <maxpow number="0.742960778538903"/>
            <maxpow number="0.742960778538903"/>
            <fprob>0.0</fprob>
        </actor>
        <actor name="D0N13">
            <wcet number="0">280</wcet>
            <wcet number="1">550</wcet>
            <maxpow number="0.7021517755547598"/>
            <maxpow number="0.7021517755547598"/>
            <fprob>0.0</fprob>
        </actor>
        <actor name="D0N39">
            <wcet number="0">10</wcet>
            <wcet number="1">50</wcet>
            <maxpow number="0.38671864405493683"/>
            <maxpow number="0.38671864405493683"/>
            <fprob>0.0</fprob>
        </actor>
        <ports>
            <port dstActor="D0N48" name="p0" srcActor="D0N28"/>
            <port dstActor="D0N37" name="p1" srcActor="D0N28"/>
            <port dstActor="D0N30" name="p2" srcActor="D0N28"/>
            <port dstActor="D0N29" name="p3" srcActor="D0N28"/>
            <port dstActor="D0N29" name="p4" srcActor="D0N22"/>
            <port dstActor="D0N30" name="p5" srcActor="D0N22"/>
            <port dstActor="D0N41" name="p6" srcActor="D0N32"/>
            <port dstActor="D0N41" name="p7" srcActor="D0N34"/>
            <port dstActor="D0N45" name="p8" srcActor="D0N34"/>
            <port dstActor="D0N41" name="p9" srcActor="D0N3"/>
            <port dstActor="D0N21" name="p10" srcActor="D0N3"/>
            <port dstActor="D0N17" name="p11" srcActor="D0N3"/>
            <port dstActor="D0N33" name="p12" srcActor="D0N3"/>
            <port dstActor="D0N41" name="p13" srcActor="D0N33"/>
            <port dstActor="D0N39" name="p14" srcActor="D0N33"/>
            <port dstActor="D0N42" name="p15" srcActor="D0N31"/>
            <port dstActor="D0N20" name="p16" srcActor="D0N16"/>
            <port dstActor="D0N19" name="p17" srcActor="D0N16"/>
            <port dstActor="D0N34" name="p18" srcActor="D0N16"/>
            <port dstActor="D0N43" name="p19" srcActor="D0N19"/>
            <port dstActor="D0N40" name="p20" srcActor="D0N19"/>
            <port dstActor="D0N30" name="p21" srcActor="D0N19"/>
            <port dstActor="D0N47" name="p22" srcActor="D0N19"/>
            <port dstActor="D0N43" name="p23" srcActor="D0N40"/>
            <port dstActor="D0N3" name="p24" srcActor="D0N1"/>
            <port dstActor="D0N41" name="p25" srcActor="D0N1"/>
            <port dstActor="D0N40" name="p26" srcActor="D0N1"/>
            <port dstActor="D0N20" name="p27" srcActor="D0N1"/>
            <port dstActor="D0N26" name="p28" srcActor="D0N17"/>
            <port dstActor="D0N31" name="p29" srcActor="D0N17"/>
            <port dstActor="D0N41" name="p30" srcActor="D0N17"/>
            <port dstActor="D0N48" name="p31" srcActor="D0N17"/>
            <port dstActor="D0N42" name="p32" srcActor="D0N37"/>
            <port dstActor="D0N31" name="p33" srcActor="D0N7"/>
            <port dstActor="D0N35" name="p34" srcActor="D0N7"/>
            <port dstActor="D0N36" name="p35" srcActor="D0N7"/>
            <port dstActor="D0N18" name="p36" srcActor="D0N7"/>
            <port dstActor="D0N47" name="p37" srcActor="D0N45"/>
            <port dstActor="D0N46" name="p38" srcActor="D0N45"/>
            <port dstActor="D0N42" name="p39" srcActor="D0N36"/>
            <port dstActor="D0N43" name="p40" srcActor="D0N36"/>
            <port dstActor="D0N30" name="p41" srcActor="D0N8"/>
            <port dstActor="D0N35" name="p42" srcActor="D0N8"/>
            <port dstActor="D0N45" name="p43" srcActor="D0N8"/>
            <port dstActor="D0N24" name="p44" srcActor="D0N8"/>
            <port dstActor="D0N42" name="p45" srcActor="D0N8"/>
            <port dstActor="D0N37" name="p46" srcActor="D0N8"/>
            <port dstActor="D0N31" name="p47" srcActor="D0N5"/>
            <port dstActor="D0N36" name="p48" srcActor="D0N24"/>
            <port dstActor="D0N43" name="p49" srcActor="D0N24"/>
            <port dstActor="D0N45" name="p50" srcActor="D0N24"/>
            <port dstActor="D0N36" name="p51" srcActor="D0N0"/>
            <port dstActor="D0N16" name="p52" srcActor="D0N0"/>
            <port dstActor="D0N42" name="p53" srcActor="D0N0"/>
            <port dstActor="D0N3" name="p54" srcActor="D0N0"/>
            <port dstActor="D0N7" name="p55" srcActor="D0N0"/>
            <port dstActor="D0N43" name="p56" srcActor="D0N0"/>
            <port dstActor="D0N43" name="p57" srcActor="D0N29"/>
            <port dstActor="D0N36" name="p58" srcActor="D0N29"/>
            <port dstActor="D0N47" name="p59" srcActor="D0N29"/>
            <port dstActor="D0N40" name="p60" srcActor="D0N30"/>
            <port dstActor="D0N26" name="p61" srcActor="D0N21"/>
            <port dstActor="D0N38" name="p62" srcActor="D0N21"/>
            <port dstActor="D0N45" name="p63" srcActor="D0N21"/>
            <port dstActor="D0N45" name="p64" srcActor="D0N44"/>
            <port dstActor="D0N33" name="p65" srcActor="D0N4"/>
            <port dstActor="D0N29" name="p66" srcActor="D0N4"/>
            <port dstActor="D0N46" name="p67" srcActor="D0N4"/>
            <port dstActor="D0N11" name="p68" srcActor="D0N4"/>
            <port dstActor="D0N24" name="p69" srcActor="D0N4"/>
            <port dstActor="D0N41" name="p70" srcActor="D0N38"/>
            <port dstActor="D0N46" name="p71" srcActor="D0N41"/>
            <port dstActor="D0N48" name="p72" srcActor="D0N41"/>
            <port dstActor="D0N27" name="p73" srcActor="D0N15"/>
            <port dstActor="D0N30" name="p74" srcActor="D0N15"/>
            <port dstActor="D0N24" name="p75" srcActor="D0N15"/>
            <port dstActor="D0N39" name="p76" srcActor="D0N15"/>
            <port dstActor="D0N36" name="p77" srcActor="D0N15"/>
            <port dstActor="D0N37" name="p78" srcActor="D0N18"/>
            <port dstActor="D0N47" name="p79" srcActor="D0N18"/>
            <port dstActor="D0N45" name="p80" srcActor="D0N18"/>
            <port dstActor="D0N26" name="p81" srcActor="D0N14"/>
            <port dstActor="D0N21" name="p82" srcActor="D0N14"/>
            <port dstActor="D0N35" name="p83" srcActor="D0N14"/>
            <port dstActor="D0N44" name="p84" srcActor="D0N20"/>
            <port dstActor="D0N24" name="p85" srcActor="D0N20"/>
            <port dstActor="D0N29" name="p86" srcActor="D0N20"/>
            <port dstActor="D0N35" name="p87" srcActor="D0N20"/>
            <port dstActor="D0N31" name="p88" srcActor="D0N25"/>
            <port dstActor="D0N28" name="p89" srcActor="D0N25"/>
            <port dstActor="D0N16" name="p90" srcActor="D0N12"/>
            <port dstActor="D0N27" name="p91" srcActor="D0N12"/>
            <port dstActor="D0N28" name="p92" srcActor="D0N12"/>
            <port dstActor="D0N48" name="p93" srcActor="D0N12"/>
            <port dstActor="D0N22" name="p94" srcActor="D0N12"/>
            <port dstActor="D0N33" name="p95" srcActor="D0N12"/>
            <port dstActor="D0N18" name="p96" srcActor="D0N2"/>
            <port dstActor="D0N25" name="p97" srcActor="D0N2"/>
            <port dstActor="D0N7" name="p98" srcActor="D0N2"/>
            <port dstActor="D0N47" name="p99" srcActor="D0N2"/>
            <port dstActor="D0N10" name="p100" srcActor="D0N2"/>
            <port dstActor="D0N38" name="p101" srcActor="D0N35"/>
            <port dstActor="D0N43" name="p102" srcActor="D0N35"/>
            <port dstActor="D0N15" name="p103" srcActor="D0N9"/>
            <port dstActor="D0N38" name="p104" srcActor="D0N9"/>
            <port dstActor="D0N48" name="p105" srcActor="D0N9"/>
            <port dstActor="D0N18" name="p106" srcActor="D0N9"/>
            <port dstActor="D0N28" name="p107" srcActor="D0N9"/>
            <port dstActor="D0N27" name="p108" srcActor="D0N9"/>
            <port dstActor="D0N44" name="p109" srcActor="D0N26"/>
            <port dstActor="D0N39" name="p110" srcActor="D0N26"/>
            <port dstActor="D0N31" name="p111" srcActor="D0N26"/>
            <port dstActor="D0N24" name="p112" srcActor="D0N10"/>
            <port dstActor="D0N45" name="p113" srcActor="D0N10"/>
            <port dstActor="D0N23" name="p114" srcActor="D0N10"/>
            <port dstActor="D0N26" name="p115" srcActor="D0N10"/>
            <port dstActor="D0N47" name="p116" srcActor="D0N13"/>
        </ports>
    </mcdag>
    <cores number="3"/>
    <levels number="2"/>
</mcsystem>
