<?xml version="1.0" encoding="UTF-8" standalone="no"?>
<mcsystem>
    <mcdag deadline="5000" name="genned-0-ed-10.0-0">
        <actor name="D0N16">
            <wcet number="0">10</wcet>
            <wcet number="1">20</wcet>
            <maxpow number="0.02681379291589725"/>
            <maxpow number="0.02681379291589725"/>
            <fprob>0.0</fprob>
        </actor>
        <actor name="D0N22">
            <wcet number="0">10</wcet>
            <wcet number="1">110</wcet>
            <maxpow number="0.5228669886400685"/>
            <maxpow number="0.5228669886400685"/>
            <fprob>0.0</fprob>
        </actor>
        <actor name="D0N33">
            <wcet number="0">100</wcet>
            <wcet number="1">160</wcet>
            <maxpow number="0.6521888772706121"/>
            <maxpow number="0.6521888772706121"/>
            <fprob>0.0</fprob>
        </actor>
        <actor name="D0N8">
            <wcet number="0">50</wcet>
            <wcet number="1">220</wcet>
            <maxpow number="0.7437250247438267"/>
            <maxpow number="0.7437250247438267"/>
            <fprob>0.0</fprob>
        </actor>
        <actor name="D0N17">
            <wcet number="0">250</wcet>
            <wcet number="1">400</wcet>
            <maxpow number="0.6201510944245671"/>
            <maxpow number="0.6201510944245671"/>
            <fprob>0.0</fprob>
        </actor>
        <actor name="D0N5">
            <wcet number="0">20</wcet>
            <wcet number="1">20</wcet>
            <maxpow number="0.8445201899517027"/>
            <maxpow number="0.8445201899517027"/>
            <fprob>0.0</fprob>
        </actor>
        <actor name="D0N4">
            <wcet number="0">20</wcet>
            <wcet number="1">40</wcet>
            <maxpow number="0.3963126293101025"/>
            <maxpow number="0.3963126293101025"/>
            <fprob>0.0</fprob>
        </actor>
        <actor name="D0N24">
            <wcet number="0">70</wcet>
            <wcet number="1">110</wcet>
            <maxpow number="0.8616533167495107"/>
            <maxpow number="0.8616533167495107"/>
            <fprob>0.0</fprob>
        </actor>
        <actor name="D0N21">
            <wcet number="0">330</wcet>
            <wcet number="1">1230</wcet>
            <maxpow number="0.8389083347077271"/>
            <maxpow number="0.8389083347077271"/>
            <fprob>0.0</fprob>
        </actor>
        <actor name="D0N28">
            <wcet number="0">10</wcet>
            <wcet number="1">20</wcet>
            <maxpow number="0.4687508800956826"/>
            <maxpow number="0.4687508800956826"/>
            <fprob>0.0</fprob>
        </actor>
        <actor name="D0N7">
            <wcet number="0">50</wcet>
            <wcet number="1">150</wcet>
            <maxpow number="0.34758281869379914"/>
            <maxpow number="0.34758281869379914"/>
            <fprob>0.0</fprob>
        </actor>
        <actor name="D0N47">
            <wcet number="0">10</wcet>
            <wcet number="1">20</wcet>
            <maxpow number="0.6484155401502052"/>
            <maxpow number="0.6484155401502052"/>
            <fprob>0.0</fprob>
        </actor>
        <actor name="D0N48">
            <wcet number="0">250</wcet>
            <wcet number="1">400</wcet>
            <maxpow number="0.5363605951083953"/>
            <maxpow number="0.5363605951083953"/>
            <fprob>0.0</fprob>
        </actor>
        <actor name="D0N26">
            <wcet number="0">160</wcet>
            <wcet number="1">280</wcet>
            <maxpow number="0.5846524866774148"/>
            <maxpow number="0.5846524866774148"/>
            <fprob>0.0</fprob>
        </actor>
        <actor name="D0N10">
            <wcet number="0">160</wcet>
            <wcet number="1">190</wcet>
            <maxpow number="0.4511418312062454"/>
            <maxpow number="0.4511418312062454"/>
            <fprob>0.0</fprob>
        </actor>
        <actor name="D0N44">
            <wcet number="0">1160</wcet>
            <wcet number="1">1530</wcet>
            <maxpow number="0.61055280691762"/>
            <maxpow number="0.61055280691762"/>
            <fprob>0.0</fprob>
        </actor>
        <actor name="D0N14">
            <wcet number="0">120</wcet>
            <wcet number="1">530</wcet>
            <maxpow number="0.43452549034641974"/>
            <maxpow number="0.43452549034641974"/>
            <fprob>0.0</fprob>
        </actor>
        <actor name="D0N36">
            <wcet number="0">210</wcet>
            <wcet number="1">230</wcet>
            <maxpow number="0.26344112790264573"/>
            <maxpow number="0.26344112790264573"/>
            <fprob>0.0</fprob>
        </actor>
        <actor name="D0N9">
            <wcet number="0">20</wcet>
            <wcet number="1">50</wcet>
            <maxpow number="0.36294192496264166"/>
            <maxpow number="0.36294192496264166"/>
            <fprob>0.0</fprob>
        </actor>
        <actor name="D0N13">
            <wcet number="0">540</wcet>
            <wcet number="1">620</wcet>
            <maxpow number="0.7122176419007584"/>
            <maxpow number="0.7122176419007584"/>
            <fprob>0.0</fprob>
        </actor>
        <actor name="D0N40">
            <wcet number="0">30</wcet>
            <wcet number="1">110</wcet>
            <maxpow number="0.563721078373358"/>
            <maxpow number="0.563721078373358"/>
            <fprob>0.0</fprob>
        </actor>
        <actor name="D0N23">
            <wcet number="0">40</wcet>
            <wcet number="1">40</wcet>
            <maxpow number="0.7770513403993162"/>
            <maxpow number="0.7770513403993162"/>
            <fprob>0.0</fprob>
        </actor>
        <actor name="D0N32">
            <wcet number="0">300</wcet>
            <wcet number="1">610</wcet>
            <maxpow number="0.4378611476207519"/>
            <maxpow number="0.4378611476207519"/>
            <fprob>0.0</fprob>
        </actor>
        <actor name="D0N20">
            <wcet number="0">40</wcet>
            <wcet number="1">90</wcet>
            <maxpow number="0.43929621854428197"/>
            <maxpow number="0.43929621854428197"/>
            <fprob>0.0</fprob>
        </actor>
        <actor name="D0N0">
            <wcet number="0">30</wcet>
            <wcet number="1">160</wcet>
            <maxpow number="0.38900229727400965"/>
            <maxpow number="0.38900229727400965"/>
            <fprob>0.0</fprob>
        </actor>
        <actor name="D0N29">
            <wcet number="0">20</wcet>
            <wcet number="1">50</wcet>
            <maxpow number="0.6018043263774907"/>
            <maxpow number="0.6018043263774907"/>
            <fprob>0.0</fprob>
        </actor>
        <actor name="D0N35">
            <wcet number="0">60</wcet>
            <wcet number="1">120</wcet>
            <maxpow number="0.5075753983350129"/>
            <maxpow number="0.5075753983350129"/>
            <fprob>0.0</fprob>
        </actor>
        <actor name="D0N2">
            <wcet number="0">30</wcet>
            <wcet number="1">80</wcet>
            <maxpow number="0.8940645618436494"/>
            <maxpow number="0.8940645618436494"/>
            <fprob>0.0</fprob>
        </actor>
        <actor name="D0N11">
            <wcet number="0">20</wcet>
            <wcet number="1">90</wcet>
            <maxpow number="0.6168522305043145"/>
            <maxpow number="0.6168522305043145"/>
            <fprob>0.0</fprob>
        </actor>
        <actor name="D0N43">
            <wcet number="0">480</wcet>
            <wcet number="1">630</wcet>
            <maxpow number="0.47014683869644514"/>
            <maxpow number="0.47014683869644514"/>
            <fprob>0.0</fprob>
        </actor>
        <actor name="D0N39">
            <wcet number="0">40</wcet>
            <wcet number="1">60</wcet>
            <maxpow number="0.49919562196952705"/>
            <maxpow number="0.49919562196952705"/>
            <fprob>0.0</fprob>
        </actor>
        <actor name="D0N6">
            <wcet number="0">30</wcet>
            <wcet number="1">40</wcet>
            <maxpow number="0.6168718320240394"/>
            <maxpow number="0.6168718320240394"/>
            <fprob>0.0</fprob>
        </actor>
        <actor name="D0N34">
            <wcet number="0">250</wcet>
            <wcet number="1">380</wcet>
            <maxpow number="0.33011229239493844"/>
            <maxpow number="0.33011229239493844"/>
            <fprob>0.0</fprob>
        </actor>
        <actor name="D0N27">
            <wcet number="0">10</wcet>
            <wcet number="1">10</wcet>
            <maxpow number="0.8919933554462106"/>
            <maxpow number="0.8919933554462106"/>
            <fprob>0.0</fprob>
        </actor>
        <actor name="D0N19">
            <wcet number="0">270</wcet>
            <wcet number="1">610</wcet>
            <maxpow number="0.6271126298133638"/>
            <maxpow number="0.6271126298133638"/>
            <fprob>0.0</fprob>
        </actor>
        <actor name="D0N37">
            <wcet number="0">200</wcet>
            <wcet number="1">300</wcet>
            <maxpow number="0.5862655622055029"/>
            <maxpow number="0.5862655622055029"/>
            <fprob>0.0</fprob>
        </actor>
        <actor name="D0N18">
            <wcet number="0">10</wcet>
            <wcet number="1">10</wcet>
            <maxpow number="0.8602350328915787"/>
            <maxpow number="0.8602350328915787"/>
            <fprob>0.0</fprob>
        </actor>
        <actor name="D0N38">
            <wcet number="0">1060</wcet>
            <wcet number="1">1430</wcet>
            <maxpow number="0.46491405151240184"/>
            <maxpow number="0.46491405151240184"/>
            <fprob>0.0</fprob>
        </actor>
        <actor name="D0N1">
            <wcet number="0">70</wcet>
            <wcet number="1">150</wcet>
            <maxpow number="0.2793275731870374"/>
            <maxpow number="0.2793275731870374"/>
            <fprob>0.0</fprob>
        </actor>
        <actor name="D0N25">
            <wcet number="0">190</wcet>
            <wcet number="1">440</wcet>
            <maxpow number="0.5383992861208745"/>
            <maxpow number="0.5383992861208745"/>
            <fprob>0.0</fprob>
        </actor>
        <actor name="D0N30">
            <wcet number="0">20</wcet>
            <wcet number="1">70</wcet>
            <maxpow number="0.9574702476164929"/>
            <maxpow number="0.9574702476164929"/>
            <fprob>0.0</fprob>
        </actor>
        <actor name="D0N3">
            <wcet number="0">90</wcet>
            <wcet number="1">210</wcet>
            <maxpow number="0.41490753390242024"/>
            <maxpow number="0.41490753390242024"/>
            <fprob>0.0</fprob>
        </actor>
        <actor name="D0N42">
            <wcet number="0">20</wcet>
            <wcet number="1">20</wcet>
            <maxpow number="0.649060754158374"/>
            <maxpow number="0.649060754158374"/>
            <fprob>0.0</fprob>
        </actor>
        <actor name="D0N46">
            <wcet number="0">40</wcet>
            <wcet number="1">40</wcet>
            <maxpow number="0.5935498945271883"/>
            <maxpow number="0.5935498945271883"/>
            <fprob>0.0</fprob>
        </actor>
        <actor name="D0N15">
            <wcet number="0">80</wcet>
            <wcet number="1">160</wcet>
            <maxpow number="0.5627558736925156"/>
            <maxpow number="0.5627558736925156"/>
            <fprob>0.0</fprob>
        </actor>
        <actor name="D0N31">
            <wcet number="0">10</wcet>
            <wcet number="1">30</wcet>
            <maxpow number="0.3308398766550713"/>
            <maxpow number="0.3308398766550713"/>
            <fprob>0.0</fprob>
        </actor>
        <actor name="D0N41">
            <wcet number="0">110</wcet>
            <wcet number="1">170</wcet>
            <maxpow number="0.41046114242437276"/>
            <maxpow number="0.41046114242437276"/>
            <fprob>0.0</fprob>
        </actor>
        <actor name="D0N12">
            <wcet number="0">100</wcet>
            <wcet number="1">130</wcet>
            <maxpow number="0.3568738186137587"/>
            <maxpow number="0.3568738186137587"/>
            <fprob>0.0</fprob>
        </actor>
        <actor name="D0N45">
            <wcet number="0">280</wcet>
            <wcet number="1">430</wcet>
            <maxpow number="0.164778788944142"/>
            <maxpow number="0.164778788944142"/>
            <fprob>0.0</fprob>
        </actor>
        <ports>
            <port dstActor="D0N23" name="p0" srcActor="D0N16"/>
            <port dstActor="D0N35" name="p1" srcActor="D0N16"/>
            <port dstActor="D0N40" name="p2" srcActor="D0N16"/>
            <port dstActor="D0N31" name="p3" srcActor="D0N16"/>
            <port dstActor="D0N26" name="p4" srcActor="D0N16"/>
            <port dstActor="D0N29" name="p5" srcActor="D0N16"/>
            <port dstActor="D0N27" name="p6" srcActor="D0N16"/>
            <port dstActor="D0N36" name="p7" srcActor="D0N22"/>
            <port dstActor="D0N47" name="p8" srcActor="D0N33"/>
            <port dstActor="D0N44" name="p9" srcActor="D0N8"/>
            <port dstActor="D0N26" name="p10" srcActor="D0N8"/>
            <port dstActor="D0N35" name="p11" srcActor="D0N8"/>
            <port dstActor="D0N33" name="p12" srcActor="D0N17"/>
            <port dstActor="D0N22" name="p13" srcActor="D0N17"/>
            <port dstActor="D0N23" name="p14" srcActor="D0N17"/>
            <port dstActor="D0N44" name="p15" srcActor="D0N5"/>
            <port dstActor="D0N39" name="p16" srcActor="D0N5"/>
            <port dstActor="D0N22" name="p17" srcActor="D0N5"/>
            <port dstActor="D0N15" name="p18" srcActor="D0N5"/>
            <port dstActor="D0N41" name="p19" srcActor="D0N4"/>
            <port dstActor="D0N47" name="p20" srcActor="D0N4"/>
            <port dstActor="D0N8" name="p21" srcActor="D0N4"/>
            <port dstActor="D0N10" name="p22" srcActor="D0N4"/>
            <port dstActor="D0N37" name="p23" srcActor="D0N24"/>
            <port dstActor="D0N23" name="p24" srcActor="D0N21"/>
            <port dstActor="D0N24" name="p25" srcActor="D0N21"/>
            <port dstActor="D0N47" name="p26" srcActor="D0N21"/>
            <port dstActor="D0N28" name="p27" srcActor="D0N21"/>
            <port dstActor="D0N47" name="p28" srcActor="D0N28"/>
            <port dstActor="D0N14" name="p29" srcActor="D0N7"/>
            <port dstActor="D0N33" name="p30" srcActor="D0N7"/>
            <port dstActor="D0N10" name="p31" srcActor="D0N7"/>
            <port dstActor="D0N40" name="p32" srcActor="D0N7"/>
            <port dstActor="D0N47" name="p33" srcActor="D0N7"/>
            <port dstActor="D0N29" name="p34" srcActor="D0N26"/>
            <port dstActor="D0N41" name="p35" srcActor="D0N26"/>
            <port dstActor="D0N29" name="p36" srcActor="D0N10"/>
            <port dstActor="D0N14" name="p37" srcActor="D0N10"/>
            <port dstActor="D0N37" name="p38" srcActor="D0N10"/>
            <port dstActor="D0N18" name="p39" srcActor="D0N10"/>
            <port dstActor="D0N24" name="p40" srcActor="D0N10"/>
            <port dstActor="D0N29" name="p41" srcActor="D0N14"/>
            <port dstActor="D0N35" name="p42" srcActor="D0N14"/>
            <port dstActor="D0N13" name="p43" srcActor="D0N9"/>
            <port dstActor="D0N12" name="p44" srcActor="D0N9"/>
            <port dstActor="D0N36" name="p45" srcActor="D0N9"/>
            <port dstActor="D0N18" name="p46" srcActor="D0N9"/>
            <port dstActor="D0N46" name="p47" srcActor="D0N9"/>
            <port dstActor="D0N34" name="p48" srcActor="D0N13"/>
            <port dstActor="D0N36" name="p49" srcActor="D0N13"/>
            <port dstActor="D0N47" name="p50" srcActor="D0N40"/>
            <port dstActor="D0N48" name="p51" srcActor="D0N40"/>
            <port dstActor="D0N42" name="p52" srcActor="D0N40"/>
            <port dstActor="D0N29" name="p53" srcActor="D0N23"/>
            <port dstActor="D0N36" name="p54" srcActor="D0N32"/>
            <port dstActor="D0N35" name="p55" srcActor="D0N20"/>
            <port dstActor="D0N28" name="p56" srcActor="D0N20"/>
            <port dstActor="D0N46" name="p57" srcActor="D0N20"/>
            <port dstActor="D0N41" name="p58" srcActor="D0N0"/>
            <port dstActor="D0N36" name="p59" srcActor="D0N0"/>
            <port dstActor="D0N32" name="p60" srcActor="D0N0"/>
            <port dstActor="D0N23" name="p61" srcActor="D0N0"/>
            <port dstActor="D0N43" name="p62" srcActor="D0N29"/>
            <port dstActor="D0N35" name="p63" srcActor="D0N29"/>
            <port dstActor="D0N37" name="p64" srcActor="D0N35"/>
            <port dstActor="D0N9" name="p65" srcActor="D0N2"/>
            <port dstActor="D0N24" name="p66" srcActor="D0N2"/>
            <port dstActor="D0N12" name="p67" srcActor="D0N2"/>
            <port dstActor="D0N6" name="p68" srcActor="D0N2"/>
            <port dstActor="D0N43" name="p69" srcActor="D0N2"/>
            <port dstActor="D0N18" name="p70" srcActor="D0N11"/>
            <port dstActor="D0N24" name="p71" srcActor="D0N11"/>
            <port dstActor="D0N36" name="p72" srcActor="D0N11"/>
            <port dstActor="D0N19" name="p73" srcActor="D0N11"/>
            <port dstActor="D0N30" name="p74" srcActor="D0N11"/>
            <port dstActor="D0N23" name="p75" srcActor="D0N11"/>
            <port dstActor="D0N48" name="p76" srcActor="D0N39"/>
            <port dstActor="D0N47" name="p77" srcActor="D0N39"/>
            <port dstActor="D0N24" name="p78" srcActor="D0N6"/>
            <port dstActor="D0N36" name="p79" srcActor="D0N6"/>
            <port dstActor="D0N11" name="p80" srcActor="D0N6"/>
            <port dstActor="D0N40" name="p81" srcActor="D0N34"/>
            <port dstActor="D0N42" name="p82" srcActor="D0N27"/>
            <port dstActor="D0N29" name="p83" srcActor="D0N27"/>
            <port dstActor="D0N38" name="p84" srcActor="D0N27"/>
            <port dstActor="D0N39" name="p85" srcActor="D0N27"/>
            <port dstActor="D0N34" name="p86" srcActor="D0N19"/>
            <port dstActor="D0N39" name="p87" srcActor="D0N19"/>
            <port dstActor="D0N26" name="p88" srcActor="D0N19"/>
            <port dstActor="D0N31" name="p89" srcActor="D0N19"/>
            <port dstActor="D0N43" name="p90" srcActor="D0N19"/>
            <port dstActor="D0N44" name="p91" srcActor="D0N37"/>
            <port dstActor="D0N41" name="p92" srcActor="D0N37"/>
            <port dstActor="D0N30" name="p93" srcActor="D0N18"/>
            <port dstActor="D0N37" name="p94" srcActor="D0N18"/>
            <port dstActor="D0N31" name="p95" srcActor="D0N1"/>
            <port dstActor="D0N29" name="p96" srcActor="D0N25"/>
            <port dstActor="D0N33" name="p97" srcActor="D0N25"/>
            <port dstActor="D0N42" name="p98" srcActor="D0N30"/>
            <port dstActor="D0N42" name="p99" srcActor="D0N3"/>
            <port dstActor="D0N27" name="p100" srcActor="D0N3"/>
            <port dstActor="D0N32" name="p101" srcActor="D0N3"/>
            <port dstActor="D0N20" name="p102" srcActor="D0N3"/>
            <port dstActor="D0N5" name="p103" srcActor="D0N3"/>
            <port dstActor="D0N24" name="p104" srcActor="D0N3"/>
            <port dstActor="D0N4" name="p105" srcActor="D0N3"/>
            <port dstActor="D0N12" name="p106" srcActor="D0N3"/>
            <port dstActor="D0N45" name="p107" srcActor="D0N42"/>
            <port dstActor="D0N24" name="p108" srcActor="D0N15"/>
            <port dstActor="D0N43" name="p109" srcActor="D0N31"/>
            <port dstActor="D0N35" name="p110" srcActor="D0N31"/>
            <port dstActor="D0N37" name="p111" srcActor="D0N31"/>
            <port dstActor="D0N13" name="p112" srcActor="D0N12"/>
            <port dstActor="D0N23" name="p113" srcActor="D0N12"/>
        </ports>
    </mcdag>
    <cores number="3"/>
    <levels number="2"/>
</mcsystem>
