<?xml version="1.0" encoding="UTF-8" standalone="no"?>
<mcsystem>
    <mcdag deadline="4000" name="genned-0-ed-10.0-0">
        <actor name="D0N23">
            <wcet number="0">20</wcet>
            <wcet number="1">70</wcet>
            <maxpow number="0.5280356871142593"/>
            <maxpow number="0.5280356871142593"/>
            <fprob>0.0</fprob>
        </actor>
        <actor name="D0N27">
            <wcet number="0">200</wcet>
            <wcet number="1">520</wcet>
            <maxpow number="0.6169874652481656"/>
            <maxpow number="0.6169874652481656"/>
            <fprob>0.0</fprob>
        </actor>
        <actor name="D0N19">
            <wcet number="0">70</wcet>
            <wcet number="1">70</wcet>
            <maxpow number="0.7934998597202105"/>
            <maxpow number="0.7934998597202105"/>
            <fprob>0.0</fprob>
        </actor>
        <actor name="D0N31">
            <wcet number="0">20</wcet>
            <wcet number="1">200</wcet>
            <maxpow number="0.8225071784202991"/>
            <maxpow number="0.8225071784202991"/>
            <fprob>0.0</fprob>
        </actor>
        <actor name="D0N4">
            <wcet number="0">10</wcet>
            <wcet number="1">20</wcet>
            <maxpow number="0.4912441672455929"/>
            <maxpow number="0.4912441672455929"/>
            <fprob>0.0</fprob>
        </actor>
        <actor name="D0N33">
            <wcet number="0">70</wcet>
            <wcet number="1">130</wcet>
            <maxpow number="0.6835332536495493"/>
            <maxpow number="0.6835332536495493"/>
            <fprob>0.0</fprob>
        </actor>
        <actor name="D0N29">
            <wcet number="0">530</wcet>
            <wcet number="1">540</wcet>
            <maxpow number="0.665905958446568"/>
            <maxpow number="0.665905958446568"/>
            <fprob>0.0</fprob>
        </actor>
        <actor name="D0N46">
            <wcet number="0">90</wcet>
            <wcet number="1">300</wcet>
            <maxpow number="0.42194559665763076"/>
            <maxpow number="0.42194559665763076"/>
            <fprob>0.0</fprob>
        </actor>
        <actor name="D0N37">
            <wcet number="0">290</wcet>
            <wcet number="1">390</wcet>
            <maxpow number="0.7120565282137965"/>
            <maxpow number="0.7120565282137965"/>
            <fprob>0.0</fprob>
        </actor>
        <actor name="D0N14">
            <wcet number="0">10</wcet>
            <wcet number="1">70</wcet>
            <maxpow number="0.859150486312682"/>
            <maxpow number="0.859150486312682"/>
            <fprob>0.0</fprob>
        </actor>
        <actor name="D0N2">
            <wcet number="0">20</wcet>
            <wcet number="1">30</wcet>
            <maxpow number="0.38933470681156224"/>
            <maxpow number="0.38933470681156224"/>
            <fprob>0.0</fprob>
        </actor>
        <actor name="D0N12">
            <wcet number="0">10</wcet>
            <wcet number="1">10</wcet>
            <maxpow number="0.6657792628221827"/>
            <maxpow number="0.6657792628221827"/>
            <fprob>0.0</fprob>
        </actor>
        <actor name="D0N17">
            <wcet number="0">180</wcet>
            <wcet number="1">270</wcet>
            <maxpow number="0.6413560596359076"/>
            <maxpow number="0.6413560596359076"/>
            <fprob>0.0</fprob>
        </actor>
        <actor name="D0N22">
            <wcet number="0">260</wcet>
            <wcet number="1">310</wcet>
            <maxpow number="0.9922755997289001"/>
            <maxpow number="0.9922755997289001"/>
            <fprob>0.0</fprob>
        </actor>
        <actor name="D0N6">
            <wcet number="0">30</wcet>
            <wcet number="1">90</wcet>
            <maxpow number="0.5050192767915515"/>
            <maxpow number="0.5050192767915515"/>
            <fprob>0.0</fprob>
        </actor>
        <actor name="D0N10">
            <wcet number="0">190</wcet>
            <wcet number="1">370</wcet>
            <maxpow number="0.40175313077071967"/>
            <maxpow number="0.40175313077071967"/>
            <fprob>0.0</fprob>
        </actor>
        <actor name="D0N18">
            <wcet number="0">30</wcet>
            <wcet number="1">310</wcet>
            <maxpow number="0.5608963527804065"/>
            <maxpow number="0.5608963527804065"/>
            <fprob>0.0</fprob>
        </actor>
        <actor name="D0N45">
            <wcet number="0">20</wcet>
            <wcet number="1">20</wcet>
            <maxpow number="0.6233272706925485"/>
            <maxpow number="0.6233272706925485"/>
            <fprob>0.0</fprob>
        </actor>
        <actor name="D0N1">
            <wcet number="0">100</wcet>
            <wcet number="1">410</wcet>
            <maxpow number="0.5136820610000882"/>
            <maxpow number="0.5136820610000882"/>
            <fprob>0.0</fprob>
        </actor>
        <actor name="D0N47">
            <wcet number="0">30</wcet>
            <wcet number="1">70</wcet>
            <maxpow number="0.37999171569745216"/>
            <maxpow number="0.37999171569745216"/>
            <fprob>0.0</fprob>
        </actor>
        <actor name="D0N44">
            <wcet number="0">160</wcet>
            <wcet number="1">160</wcet>
            <maxpow number="0.4445970490747614"/>
            <maxpow number="0.4445970490747614"/>
            <fprob>0.0</fprob>
        </actor>
        <actor name="D0N3">
            <wcet number="0">100</wcet>
            <wcet number="1">100</wcet>
            <maxpow number="0.45854706456030436"/>
            <maxpow number="0.45854706456030436"/>
            <fprob>0.0</fprob>
        </actor>
        <actor name="D0N41">
            <wcet number="0">120</wcet>
            <wcet number="1">130</wcet>
            <maxpow number="0.7917401920444778"/>
            <maxpow number="0.7917401920444778"/>
            <fprob>0.0</fprob>
        </actor>
        <actor name="D0N25">
            <wcet number="0">50</wcet>
            <wcet number="1">160</wcet>
            <maxpow number="0.5665534086791862"/>
            <maxpow number="0.5665534086791862"/>
            <fprob>0.0</fprob>
        </actor>
        <actor name="D0N26">
            <wcet number="0">20</wcet>
            <wcet number="1">80</wcet>
            <maxpow number="0.642640905070889"/>
            <maxpow number="0.642640905070889"/>
            <fprob>0.0</fprob>
        </actor>
        <actor name="D0N13">
            <wcet number="0">50</wcet>
            <wcet number="1">50</wcet>
            <maxpow number="-0.026725660499766435"/>
            <maxpow number="-0.026725660499766435"/>
            <fprob>0.0</fprob>
        </actor>
        <actor name="D0N16">
            <wcet number="0">640</wcet>
            <wcet number="1">840</wcet>
            <maxpow number="0.7367217157439083"/>
            <maxpow number="0.7367217157439083"/>
            <fprob>0.0</fprob>
        </actor>
        <actor name="D0N32">
            <wcet number="0">80</wcet>
            <wcet number="1">150</wcet>
            <maxpow number="0.6599353478006801"/>
            <maxpow number="0.6599353478006801"/>
            <fprob>0.0</fprob>
        </actor>
        <actor name="D0N42">
            <wcet number="0">30</wcet>
            <wcet number="1">70</wcet>
            <maxpow number="0.2859490410058309"/>
            <maxpow number="0.2859490410058309"/>
            <fprob>0.0</fprob>
        </actor>
        <actor name="D0N40">
            <wcet number="0">50</wcet>
            <wcet number="1">90</wcet>
            <maxpow number="0.9268529694162437"/>
            <maxpow number="0.9268529694162437"/>
            <fprob>0.0</fprob>
        </actor>
        <actor name="D0N20">
            <wcet number="0">210</wcet>
            <wcet number="1">210</wcet>
            <maxpow number="0.6409253584208937"/>
            <maxpow number="0.6409253584208937"/>
            <fprob>0.0</fprob>
        </actor>
        <actor name="D0N38">
            <wcet number="0">130</wcet>
            <wcet number="1">310</wcet>
            <maxpow number="0.6153367222955315"/>
            <maxpow number="0.6153367222955315"/>
            <fprob>0.0</fprob>
        </actor>
        <actor name="D0N8">
            <wcet number="0">20</wcet>
            <wcet number="1">120</wcet>
            <maxpow number="0.5686919482056318"/>
            <maxpow number="0.5686919482056318"/>
            <fprob>0.0</fprob>
        </actor>
        <actor name="D0N28">
            <wcet number="0">20</wcet>
            <wcet number="1">100</wcet>
            <maxpow number="0.41421349089801185"/>
            <maxpow number="0.41421349089801185"/>
            <fprob>0.0</fprob>
        </actor>
        <actor name="D0N24">
            <wcet number="0">20</wcet>
            <wcet number="1">30</wcet>
            <maxpow number="0.612249367475082"/>
            <maxpow number="0.612249367475082"/>
            <fprob>0.0</fprob>
        </actor>
        <actor name="D0N30">
            <wcet number="0">90</wcet>
            <wcet number="1">150</wcet>
            <maxpow number="0.6962025878553766"/>
            <maxpow number="0.6962025878553766"/>
            <fprob>0.0</fprob>
        </actor>
        <actor name="D0N43">
            <wcet number="0">170</wcet>
            <wcet number="1">390</wcet>
            <maxpow number="0.44156883423698784"/>
            <maxpow number="0.44156883423698784"/>
            <fprob>0.0</fprob>
        </actor>
        <actor name="D0N34">
            <wcet number="0">140</wcet>
            <wcet number="1">190</wcet>
            <maxpow number="0.46222145597530934"/>
            <maxpow number="0.46222145597530934"/>
            <fprob>0.0</fprob>
        </actor>
        <actor name="D0N39">
            <wcet number="0">120</wcet>
            <wcet number="1">130</wcet>
            <maxpow number="0.32117307500513725"/>
            <maxpow number="0.32117307500513725"/>
            <fprob>0.0</fprob>
        </actor>
        <actor name="D0N7">
            <wcet number="0">60</wcet>
            <wcet number="1">70</wcet>
            <maxpow number="0.6633724645903304"/>
            <maxpow number="0.6633724645903304"/>
            <fprob>0.0</fprob>
        </actor>
        <actor name="D0N36">
            <wcet number="0">680</wcet>
            <wcet number="1">690</wcet>
            <maxpow number="0.8259314132302669"/>
            <maxpow number="0.8259314132302669"/>
            <fprob>0.0</fprob>
        </actor>
        <actor name="D0N48">
            <wcet number="0">210</wcet>
            <wcet number="1">360</wcet>
            <maxpow number="0.42129251785329846"/>
            <maxpow number="0.42129251785329846"/>
            <fprob>0.0</fprob>
        </actor>
        <actor name="D0N0">
            <wcet number="0">30</wcet>
            <wcet number="1">40</wcet>
            <maxpow number="0.3825765224028117"/>
            <maxpow number="0.3825765224028117"/>
            <fprob>0.0</fprob>
        </actor>
        <actor name="D0N35">
            <wcet number="0">140</wcet>
            <wcet number="1">210</wcet>
            <maxpow number="0.7309176226666054"/>
            <maxpow number="0.7309176226666054"/>
            <fprob>0.0</fprob>
        </actor>
        <actor name="D0N11">
            <wcet number="0">220</wcet>
            <wcet number="1">350</wcet>
            <maxpow number="0.8023354786854712"/>
            <maxpow number="0.8023354786854712"/>
            <fprob>0.0</fprob>
        </actor>
        <actor name="D0N9">
            <wcet number="0">30</wcet>
            <wcet number="1">200</wcet>
            <maxpow number="0.40056388270570537"/>
            <maxpow number="0.40056388270570537"/>
            <fprob>0.0</fprob>
        </actor>
        <actor name="D0N21">
            <wcet number="0">80</wcet>
            <wcet number="1">240</wcet>
            <maxpow number="0.6028838725659316"/>
            <maxpow number="0.6028838725659316"/>
            <fprob>0.0</fprob>
        </actor>
        <actor name="D0N5">
            <wcet number="0">20</wcet>
            <wcet number="1">40</wcet>
            <maxpow number="0.6505338928690451"/>
            <maxpow number="0.6505338928690451"/>
            <fprob>0.0</fprob>
        </actor>
        <actor name="D0N15">
            <wcet number="0">240</wcet>
            <wcet number="1">510</wcet>
            <maxpow number="0.23518797981354483"/>
            <maxpow number="0.23518797981354483"/>
            <fprob>0.0</fprob>
        </actor>
        <actor name="D0N49">
            <wcet number="0">20</wcet>
            <wcet number="1">30</wcet>
            <maxpow number="0.7147022617205354"/>
            <maxpow number="0.7147022617205354"/>
            <fprob>0.0</fprob>
        </actor>
        <ports>
            <port dstActor="D0N36" name="p0" srcActor="D0N23"/>
            <port dstActor="D0N44" name="p1" srcActor="D0N23"/>
            <port dstActor="D0N31" name="p2" srcActor="D0N27"/>
            <port dstActor="D0N44" name="p3" srcActor="D0N19"/>
            <port dstActor="D0N43" name="p4" srcActor="D0N19"/>
            <port dstActor="D0N22" name="p5" srcActor="D0N19"/>
            <port dstActor="D0N23" name="p6" srcActor="D0N19"/>
            <port dstActor="D0N37" name="p7" srcActor="D0N31"/>
            <port dstActor="D0N32" name="p8" srcActor="D0N31"/>
            <port dstActor="D0N33" name="p9" srcActor="D0N31"/>
            <port dstActor="D0N36" name="p10" srcActor="D0N31"/>
            <port dstActor="D0N41" name="p11" srcActor="D0N31"/>
            <port dstActor="D0N36" name="p12" srcActor="D0N4"/>
            <port dstActor="D0N39" name="p13" srcActor="D0N4"/>
            <port dstActor="D0N43" name="p14" srcActor="D0N4"/>
            <port dstActor="D0N12" name="p15" srcActor="D0N4"/>
            <port dstActor="D0N18" name="p16" srcActor="D0N4"/>
            <port dstActor="D0N44" name="p17" srcActor="D0N29"/>
            <port dstActor="D0N45" name="p18" srcActor="D0N29"/>
            <port dstActor="D0N34" name="p19" srcActor="D0N29"/>
            <port dstActor="D0N45" name="p20" srcActor="D0N37"/>
            <port dstActor="D0N48" name="p21" srcActor="D0N37"/>
            <port dstActor="D0N43" name="p22" srcActor="D0N14"/>
            <port dstActor="D0N36" name="p23" srcActor="D0N2"/>
            <port dstActor="D0N19" name="p24" srcActor="D0N2"/>
            <port dstActor="D0N49" name="p25" srcActor="D0N2"/>
            <port dstActor="D0N33" name="p26" srcActor="D0N2"/>
            <port dstActor="D0N7" name="p27" srcActor="D0N2"/>
            <port dstActor="D0N30" name="p28" srcActor="D0N2"/>
            <port dstActor="D0N4" name="p29" srcActor="D0N2"/>
            <port dstActor="D0N18" name="p30" srcActor="D0N2"/>
            <port dstActor="D0N34" name="p31" srcActor="D0N2"/>
            <port dstActor="D0N47" name="p32" srcActor="D0N17"/>
            <port dstActor="D0N32" name="p33" srcActor="D0N17"/>
            <port dstActor="D0N23" name="p34" srcActor="D0N17"/>
            <port dstActor="D0N29" name="p35" srcActor="D0N22"/>
            <port dstActor="D0N33" name="p36" srcActor="D0N22"/>
            <port dstActor="D0N42" name="p37" srcActor="D0N22"/>
            <port dstActor="D0N24" name="p38" srcActor="D0N22"/>
            <port dstActor="D0N31" name="p39" srcActor="D0N6"/>
            <port dstActor="D0N15" name="p40" srcActor="D0N6"/>
            <port dstActor="D0N7" name="p41" srcActor="D0N6"/>
            <port dstActor="D0N41" name="p42" srcActor="D0N6"/>
            <port dstActor="D0N19" name="p43" srcActor="D0N6"/>
            <port dstActor="D0N14" name="p44" srcActor="D0N10"/>
            <port dstActor="D0N38" name="p45" srcActor="D0N10"/>
            <port dstActor="D0N25" name="p46" srcActor="D0N10"/>
            <port dstActor="D0N17" name="p47" srcActor="D0N10"/>
            <port dstActor="D0N23" name="p48" srcActor="D0N10"/>
            <port dstActor="D0N47" name="p49" srcActor="D0N10"/>
            <port dstActor="D0N28" name="p50" srcActor="D0N10"/>
            <port dstActor="D0N19" name="p51" srcActor="D0N10"/>
            <port dstActor="D0N18" name="p52" srcActor="D0N10"/>
            <port dstActor="D0N12" name="p53" srcActor="D0N10"/>
            <port dstActor="D0N32" name="p54" srcActor="D0N18"/>
            <port dstActor="D0N31" name="p55" srcActor="D0N18"/>
            <port dstActor="D0N39" name="p56" srcActor="D0N1"/>
            <port dstActor="D0N41" name="p57" srcActor="D0N1"/>
            <port dstActor="D0N24" name="p58" srcActor="D0N1"/>
            <port dstActor="D0N21" name="p59" srcActor="D0N1"/>
            <port dstActor="D0N44" name="p60" srcActor="D0N1"/>
            <port dstActor="D0N10" name="p61" srcActor="D0N3"/>
            <port dstActor="D0N30" name="p62" srcActor="D0N25"/>
            <port dstActor="D0N40" name="p63" srcActor="D0N25"/>
            <port dstActor="D0N42" name="p64" srcActor="D0N25"/>
            <port dstActor="D0N32" name="p65" srcActor="D0N25"/>
            <port dstActor="D0N27" name="p66" srcActor="D0N26"/>
            <port dstActor="D0N35" name="p67" srcActor="D0N26"/>
            <port dstActor="D0N28" name="p68" srcActor="D0N26"/>
            <port dstActor="D0N47" name="p69" srcActor="D0N13"/>
            <port dstActor="D0N33" name="p70" srcActor="D0N13"/>
            <port dstActor="D0N41" name="p71" srcActor="D0N13"/>
            <port dstActor="D0N36" name="p72" srcActor="D0N13"/>
            <port dstActor="D0N27" name="p73" srcActor="D0N13"/>
            <port dstActor="D0N19" name="p74" srcActor="D0N16"/>
            <port dstActor="D0N35" name="p75" srcActor="D0N16"/>
            <port dstActor="D0N21" name="p76" srcActor="D0N16"/>
            <port dstActor="D0N43" name="p77" srcActor="D0N32"/>
            <port dstActor="D0N46" name="p78" srcActor="D0N40"/>
            <port dstActor="D0N47" name="p79" srcActor="D0N20"/>
            <port dstActor="D0N42" name="p80" srcActor="D0N20"/>
            <port dstActor="D0N35" name="p81" srcActor="D0N20"/>
            <port dstActor="D0N48" name="p82" srcActor="D0N38"/>
            <port dstActor="D0N45" name="p83" srcActor="D0N38"/>
            <port dstActor="D0N35" name="p84" srcActor="D0N8"/>
            <port dstActor="D0N28" name="p85" srcActor="D0N8"/>
            <port dstActor="D0N36" name="p86" srcActor="D0N8"/>
            <port dstActor="D0N44" name="p87" srcActor="D0N8"/>
            <port dstActor="D0N19" name="p88" srcActor="D0N8"/>
            <port dstActor="D0N42" name="p89" srcActor="D0N8"/>
            <port dstActor="D0N34" name="p90" srcActor="D0N28"/>
            <port dstActor="D0N27" name="p91" srcActor="D0N24"/>
            <port dstActor="D0N49" name="p92" srcActor="D0N24"/>
            <port dstActor="D0N31" name="p93" srcActor="D0N24"/>
            <port dstActor="D0N48" name="p94" srcActor="D0N24"/>
            <port dstActor="D0N47" name="p95" srcActor="D0N34"/>
            <port dstActor="D0N44" name="p96" srcActor="D0N34"/>
            <port dstActor="D0N46" name="p97" srcActor="D0N7"/>
            <port dstActor="D0N39" name="p98" srcActor="D0N7"/>
            <port dstActor="D0N23" name="p99" srcActor="D0N7"/>
            <port dstActor="D0N12" name="p100" srcActor="D0N7"/>
            <port dstActor="D0N25" name="p101" srcActor="D0N7"/>
            <port dstActor="D0N20" name="p102" srcActor="D0N7"/>
            <port dstActor="D0N48" name="p103" srcActor="D0N7"/>
            <port dstActor="D0N49" name="p104" srcActor="D0N36"/>
            <port dstActor="D0N44" name="p105" srcActor="D0N36"/>
            <port dstActor="D0N38" name="p106" srcActor="D0N36"/>
            <port dstActor="D0N49" name="p107" srcActor="D0N48"/>
            <port dstActor="D0N41" name="p108" srcActor="D0N0"/>
            <port dstActor="D0N22" name="p109" srcActor="D0N0"/>
            <port dstActor="D0N49" name="p110" srcActor="D0N0"/>
            <port dstActor="D0N30" name="p111" srcActor="D0N0"/>
            <port dstActor="D0N35" name="p112" srcActor="D0N11"/>
            <port dstActor="D0N15" name="p113" srcActor="D0N9"/>
            <port dstActor="D0N11" name="p114" srcActor="D0N9"/>
            <port dstActor="D0N40" name="p115" srcActor="D0N9"/>
            <port dstActor="D0N43" name="p116" srcActor="D0N9"/>
            <port dstActor="D0N39" name="p117" srcActor="D0N21"/>
            <port dstActor="D0N41" name="p118" srcActor="D0N21"/>
            <port dstActor="D0N33" name="p119" srcActor="D0N21"/>
            <port dstActor="D0N30" name="p120" srcActor="D0N21"/>
            <port dstActor="D0N45" name="p121" srcActor="D0N21"/>
            <port dstActor="D0N22" name="p122" srcActor="D0N5"/>
            <port dstActor="D0N22" name="p123" srcActor="D0N15"/>
            <port dstActor="D0N43" name="p124" srcActor="D0N15"/>
        </ports>
    </mcdag>
    <cores number="3"/>
    <levels number="2"/>
</mcsystem>
