<?xml version="1.0" encoding="UTF-8" standalone="no"?>
<mcsystem>
    <mcdag deadline="1800" name="genned-0-ed-10.0-0">
        <actor name="D0N5">
            <wcet number="0">60</wcet>
            <wcet number="1">160</wcet>
            <maxpow number="0.49558750429971876"/>
            <maxpow number="0.49558750429971876"/>
            <fprob>0.0</fprob>
        </actor>
        <actor name="D0N10">
            <wcet number="0">20</wcet>
            <wcet number="1">40</wcet>
            <maxpow number="0.6370758993561172"/>
            <maxpow number="0.6370758993561172"/>
            <fprob>0.0</fprob>
        </actor>
        <actor name="D0N14">
            <wcet number="0">50</wcet>
            <wcet number="1">70</wcet>
            <maxpow number="0.6802420002172478"/>
            <maxpow number="0.6802420002172478"/>
            <fprob>0.0</fprob>
        </actor>
        <actor name="D0N9">
            <wcet number="0">150</wcet>
            <wcet number="1">200</wcet>
            <maxpow number="0.9703814172268743"/>
            <maxpow number="0.9703814172268743"/>
            <fprob>0.0</fprob>
        </actor>
        <actor name="D0N21">
            <wcet number="0">60</wcet>
            <wcet number="1">100</wcet>
            <maxpow number="0.4129368995342278"/>
            <maxpow number="0.4129368995342278"/>
            <fprob>0.0</fprob>
        </actor>
        <actor name="D0N42">
            <wcet number="0">10</wcet>
            <wcet number="1">10</wcet>
            <maxpow number="0.8389023023728169"/>
            <maxpow number="0.8389023023728169"/>
            <fprob>0.0</fprob>
        </actor>
        <actor name="D0N32">
            <wcet number="0">30</wcet>
            <wcet number="1">40</wcet>
            <maxpow number="0.8862469952275436"/>
            <maxpow number="0.8862469952275436"/>
            <fprob>0.0</fprob>
        </actor>
        <actor name="D0N41">
            <wcet number="0">10</wcet>
            <wcet number="1">10</wcet>
            <maxpow number="0.8870254381017858"/>
            <maxpow number="0.8870254381017858"/>
            <fprob>0.0</fprob>
        </actor>
        <actor name="D0N25">
            <wcet number="0">130</wcet>
            <wcet number="1">270</wcet>
            <maxpow number="0.5612079042452127"/>
            <maxpow number="0.5612079042452127"/>
            <fprob>0.0</fprob>
        </actor>
        <actor name="D0N35">
            <wcet number="0">30</wcet>
            <wcet number="1">80</wcet>
            <maxpow number="0.2828661385240059"/>
            <maxpow number="0.2828661385240059"/>
            <fprob>0.0</fprob>
        </actor>
        <actor name="D0N37">
            <wcet number="0">10</wcet>
            <wcet number="1">10</wcet>
            <maxpow number="0.37327406053202666"/>
            <maxpow number="0.37327406053202666"/>
            <fprob>0.0</fprob>
        </actor>
        <actor name="D0N0">
            <wcet number="0">20</wcet>
            <wcet number="1">40</wcet>
            <maxpow number="0.623519118053826"/>
            <maxpow number="0.623519118053826"/>
            <fprob>0.0</fprob>
        </actor>
        <actor name="D0N13">
            <wcet number="0">20</wcet>
            <wcet number="1">20</wcet>
            <maxpow number="0.45680807795619843"/>
            <maxpow number="0.45680807795619843"/>
            <fprob>0.0</fprob>
        </actor>
        <actor name="D0N24">
            <wcet number="0">120</wcet>
            <wcet number="1">170</wcet>
            <maxpow number="0.40958630713269495"/>
            <maxpow number="0.40958630713269495"/>
            <fprob>0.0</fprob>
        </actor>
        <actor name="D0N36">
            <wcet number="0">30</wcet>
            <wcet number="1">70</wcet>
            <maxpow number="0.47139959090216726"/>
            <maxpow number="0.47139959090216726"/>
            <fprob>0.0</fprob>
        </actor>
        <actor name="D0N43">
            <wcet number="0">350</wcet>
            <wcet number="1">470</wcet>
            <maxpow number="0.37620060062106786"/>
            <maxpow number="0.37620060062106786"/>
            <fprob>0.0</fprob>
        </actor>
        <actor name="D0N1">
            <wcet number="0">50</wcet>
            <wcet number="1">50</wcet>
            <maxpow number="0.27007794873629465"/>
            <maxpow number="0.27007794873629465"/>
            <fprob>0.0</fprob>
        </actor>
        <actor name="D0N30">
            <wcet number="0">10</wcet>
            <wcet number="1">10</wcet>
            <maxpow number="0.5946594249124632"/>
            <maxpow number="0.5946594249124632"/>
            <fprob>0.0</fprob>
        </actor>
        <actor name="D0N6">
            <wcet number="0">20</wcet>
            <wcet number="1">20</wcet>
            <maxpow number="0.6965818454330066"/>
            <maxpow number="0.6965818454330066"/>
            <fprob>0.0</fprob>
        </actor>
        <actor name="D0N19">
            <wcet number="0">30</wcet>
            <wcet number="1">40</wcet>
            <maxpow number="0.6920242465695591"/>
            <maxpow number="0.6920242465695591"/>
            <fprob>0.0</fprob>
        </actor>
        <actor name="D0N4">
            <wcet number="0">10</wcet>
            <wcet number="1">170</wcet>
            <maxpow number="0.6167650452746019"/>
            <maxpow number="0.6167650452746019"/>
            <fprob>0.0</fprob>
        </actor>
        <actor name="D0N20">
            <wcet number="0">90</wcet>
            <wcet number="1">120</wcet>
            <maxpow number="0.39224851376881686"/>
            <maxpow number="0.39224851376881686"/>
            <fprob>0.0</fprob>
        </actor>
        <actor name="D0N26">
            <wcet number="0">50</wcet>
            <wcet number="1">60</wcet>
            <maxpow number="0.6066299316816658"/>
            <maxpow number="0.6066299316816658"/>
            <fprob>0.0</fprob>
        </actor>
        <actor name="D0N31">
            <wcet number="0">20</wcet>
            <wcet number="1">20</wcet>
            <maxpow number="0.8634534964368195"/>
            <maxpow number="0.8634534964368195"/>
            <fprob>0.0</fprob>
        </actor>
        <actor name="D0N17">
            <wcet number="0">50</wcet>
            <wcet number="1">140</wcet>
            <maxpow number="0.44518189046097917"/>
            <maxpow number="0.44518189046097917"/>
            <fprob>0.0</fprob>
        </actor>
        <actor name="D0N44">
            <wcet number="0">50</wcet>
            <wcet number="1">70</wcet>
            <maxpow number="0.4294708054493657"/>
            <maxpow number="0.4294708054493657"/>
            <fprob>0.0</fprob>
        </actor>
        <actor name="D0N15">
            <wcet number="0">40</wcet>
            <wcet number="1">60</wcet>
            <maxpow number="0.649487688710718"/>
            <maxpow number="0.649487688710718"/>
            <fprob>0.0</fprob>
        </actor>
        <actor name="D0N27">
            <wcet number="0">10</wcet>
            <wcet number="1">150</wcet>
            <maxpow number="0.9031158240274748"/>
            <maxpow number="0.9031158240274748"/>
            <fprob>0.0</fprob>
        </actor>
        <actor name="D0N3">
            <wcet number="0">50</wcet>
            <wcet number="1">100</wcet>
            <maxpow number="0.5099075130540899"/>
            <maxpow number="0.5099075130540899"/>
            <fprob>0.0</fprob>
        </actor>
        <actor name="D0N23">
            <wcet number="0">40</wcet>
            <wcet number="1">40</wcet>
            <maxpow number="0.6542430075595604"/>
            <maxpow number="0.6542430075595604"/>
            <fprob>0.0</fprob>
        </actor>
        <actor name="D0N38">
            <wcet number="0">10</wcet>
            <wcet number="1">20</wcet>
            <maxpow number="0.6467428361121266"/>
            <maxpow number="0.6467428361121266"/>
            <fprob>0.0</fprob>
        </actor>
        <actor name="D0N11">
            <wcet number="0">20</wcet>
            <wcet number="1">30</wcet>
            <maxpow number="0.7862905375056418"/>
            <maxpow number="0.7862905375056418"/>
            <fprob>0.0</fprob>
        </actor>
        <actor name="D0N16">
            <wcet number="0">140</wcet>
            <wcet number="1">140</wcet>
            <maxpow number="0.3883327665855666"/>
            <maxpow number="0.3883327665855666"/>
            <fprob>0.0</fprob>
        </actor>
        <actor name="D0N46">
            <wcet number="0">40</wcet>
            <wcet number="1">140</wcet>
            <maxpow number="0.4670469694863841"/>
            <maxpow number="0.4670469694863841"/>
            <fprob>0.0</fprob>
        </actor>
        <actor name="D0N8">
            <wcet number="0">40</wcet>
            <wcet number="1">50</wcet>
            <maxpow number="0.5136995785245619"/>
            <maxpow number="0.5136995785245619"/>
            <fprob>0.0</fprob>
        </actor>
        <actor name="D0N7">
            <wcet number="0">60</wcet>
            <wcet number="1">90</wcet>
            <maxpow number="0.42720268603920364"/>
            <maxpow number="0.42720268603920364"/>
            <fprob>0.0</fprob>
        </actor>
        <actor name="D0N22">
            <wcet number="0">220</wcet>
            <wcet number="1">330</wcet>
            <maxpow number="0.6446219437466415"/>
            <maxpow number="0.6446219437466415"/>
            <fprob>0.0</fprob>
        </actor>
        <actor name="D0N18">
            <wcet number="0">30</wcet>
            <wcet number="1">40</wcet>
            <maxpow number="0.4282356188456655"/>
            <maxpow number="0.4282356188456655"/>
            <fprob>0.0</fprob>
        </actor>
        <actor name="D0N40">
            <wcet number="0">10</wcet>
            <wcet number="1">40</wcet>
            <maxpow number="0.24533720569312206"/>
            <maxpow number="0.24533720569312206"/>
            <fprob>0.0</fprob>
        </actor>
        <actor name="D0N2">
            <wcet number="0">160</wcet>
            <wcet number="1">190</wcet>
            <maxpow number="0.6132833601674381"/>
            <maxpow number="0.6132833601674381"/>
            <fprob>0.0</fprob>
        </actor>
        <actor name="D0N33">
            <wcet number="0">80</wcet>
            <wcet number="1">90</wcet>
            <maxpow number="0.7361445454735198"/>
            <maxpow number="0.7361445454735198"/>
            <fprob>0.0</fprob>
        </actor>
        <actor name="D0N34">
            <wcet number="0">80</wcet>
            <wcet number="1">90</wcet>
            <maxpow number="0.5112339100904442"/>
            <maxpow number="0.5112339100904442"/>
            <fprob>0.0</fprob>
        </actor>
        <actor name="D0N39">
            <wcet number="0">70</wcet>
            <wcet number="1">80</wcet>
            <maxpow number="0.29814096398888357"/>
            <maxpow number="0.29814096398888357"/>
            <fprob>0.0</fprob>
        </actor>
        <actor name="D0N45">
            <wcet number="0">100</wcet>
            <wcet number="1">220</wcet>
            <maxpow number="0.4953740670264885"/>
            <maxpow number="0.4953740670264885"/>
            <fprob>0.0</fprob>
        </actor>
        <actor name="D0N29">
            <wcet number="0">20</wcet>
            <wcet number="1">20</wcet>
            <maxpow number="0.6724310661307276"/>
            <maxpow number="0.6724310661307276"/>
            <fprob>0.0</fprob>
        </actor>
        <actor name="D0N28">
            <wcet number="0">30</wcet>
            <wcet number="1">90</wcet>
            <maxpow number="0.6451009216983425"/>
            <maxpow number="0.6451009216983425"/>
            <fprob>0.0</fprob>
        </actor>
        <actor name="D0N12">
            <wcet number="0">20</wcet>
            <wcet number="1">30</wcet>
            <maxpow number="0.49485976792268227"/>
            <maxpow number="0.49485976792268227"/>
            <fprob>0.0</fprob>
        </actor>
        <ports>
            <port dstActor="D0N20" name="p0" srcActor="D0N5"/>
            <port dstActor="D0N11" name="p1" srcActor="D0N10"/>
            <port dstActor="D0N13" name="p2" srcActor="D0N10"/>
            <port dstActor="D0N40" name="p3" srcActor="D0N10"/>
            <port dstActor="D0N28" name="p4" srcActor="D0N10"/>
            <port dstActor="D0N14" name="p5" srcActor="D0N9"/>
            <port dstActor="D0N34" name="p6" srcActor="D0N9"/>
            <port dstActor="D0N22" name="p7" srcActor="D0N9"/>
            <port dstActor="D0N16" name="p8" srcActor="D0N9"/>
            <port dstActor="D0N35" name="p9" srcActor="D0N21"/>
            <port dstActor="D0N27" name="p10" srcActor="D0N21"/>
            <port dstActor="D0N23" name="p11" srcActor="D0N21"/>
            <port dstActor="D0N42" name="p12" srcActor="D0N21"/>
            <port dstActor="D0N33" name="p13" srcActor="D0N32"/>
            <port dstActor="D0N45" name="p14" srcActor="D0N41"/>
            <port dstActor="D0N42" name="p15" srcActor="D0N25"/>
            <port dstActor="D0N31" name="p16" srcActor="D0N25"/>
            <port dstActor="D0N36" name="p17" srcActor="D0N35"/>
            <port dstActor="D0N46" name="p18" srcActor="D0N35"/>
            <port dstActor="D0N14" name="p19" srcActor="D0N0"/>
            <port dstActor="D0N38" name="p20" srcActor="D0N0"/>
            <port dstActor="D0N41" name="p21" srcActor="D0N0"/>
            <port dstActor="D0N1" name="p22" srcActor="D0N0"/>
            <port dstActor="D0N6" name="p23" srcActor="D0N0"/>
            <port dstActor="D0N37" name="p24" srcActor="D0N0"/>
            <port dstActor="D0N22" name="p25" srcActor="D0N0"/>
            <port dstActor="D0N4" name="p26" srcActor="D0N0"/>
            <port dstActor="D0N15" name="p27" srcActor="D0N0"/>
            <port dstActor="D0N8" name="p28" srcActor="D0N0"/>
            <port dstActor="D0N25" name="p29" srcActor="D0N13"/>
            <port dstActor="D0N34" name="p30" srcActor="D0N24"/>
            <port dstActor="D0N44" name="p31" srcActor="D0N43"/>
            <port dstActor="D0N24" name="p32" srcActor="D0N1"/>
            <port dstActor="D0N23" name="p33" srcActor="D0N1"/>
            <port dstActor="D0N25" name="p34" srcActor="D0N1"/>
            <port dstActor="D0N46" name="p35" srcActor="D0N1"/>
            <port dstActor="D0N45" name="p36" srcActor="D0N30"/>
            <port dstActor="D0N19" name="p37" srcActor="D0N6"/>
            <port dstActor="D0N25" name="p38" srcActor="D0N6"/>
            <port dstActor="D0N42" name="p39" srcActor="D0N6"/>
            <port dstActor="D0N39" name="p40" srcActor="D0N6"/>
            <port dstActor="D0N16" name="p41" srcActor="D0N6"/>
            <port dstActor="D0N41" name="p42" srcActor="D0N19"/>
            <port dstActor="D0N30" name="p43" srcActor="D0N19"/>
            <port dstActor="D0N24" name="p44" srcActor="D0N4"/>
            <port dstActor="D0N11" name="p45" srcActor="D0N4"/>
            <port dstActor="D0N15" name="p46" srcActor="D0N4"/>
            <port dstActor="D0N35" name="p47" srcActor="D0N20"/>
            <port dstActor="D0N23" name="p48" srcActor="D0N20"/>
            <port dstActor="D0N30" name="p49" srcActor="D0N20"/>
            <port dstActor="D0N34" name="p50" srcActor="D0N20"/>
            <port dstActor="D0N29" name="p51" srcActor="D0N26"/>
            <port dstActor="D0N38" name="p52" srcActor="D0N26"/>
            <port dstActor="D0N36" name="p53" srcActor="D0N17"/>
            <port dstActor="D0N28" name="p54" srcActor="D0N17"/>
            <port dstActor="D0N41" name="p55" srcActor="D0N17"/>
            <port dstActor="D0N26" name="p56" srcActor="D0N15"/>
            <port dstActor="D0N28" name="p57" srcActor="D0N15"/>
            <port dstActor="D0N16" name="p58" srcActor="D0N15"/>
            <port dstActor="D0N29" name="p59" srcActor="D0N27"/>
            <port dstActor="D0N26" name="p60" srcActor="D0N3"/>
            <port dstActor="D0N41" name="p61" srcActor="D0N23"/>
            <port dstActor="D0N28" name="p62" srcActor="D0N23"/>
            <port dstActor="D0N39" name="p63" srcActor="D0N38"/>
            <port dstActor="D0N45" name="p64" srcActor="D0N38"/>
            <port dstActor="D0N13" name="p65" srcActor="D0N11"/>
            <port dstActor="D0N27" name="p66" srcActor="D0N11"/>
            <port dstActor="D0N38" name="p67" srcActor="D0N11"/>
            <port dstActor="D0N24" name="p68" srcActor="D0N16"/>
            <port dstActor="D0N37" name="p69" srcActor="D0N16"/>
            <port dstActor="D0N23" name="p70" srcActor="D0N16"/>
            <port dstActor="D0N25" name="p71" srcActor="D0N16"/>
            <port dstActor="D0N37" name="p72" srcActor="D0N8"/>
            <port dstActor="D0N24" name="p73" srcActor="D0N8"/>
            <port dstActor="D0N25" name="p74" srcActor="D0N8"/>
            <port dstActor="D0N35" name="p75" srcActor="D0N8"/>
            <port dstActor="D0N15" name="p76" srcActor="D0N8"/>
            <port dstActor="D0N34" name="p77" srcActor="D0N8"/>
            <port dstActor="D0N17" name="p78" srcActor="D0N7"/>
            <port dstActor="D0N35" name="p79" srcActor="D0N22"/>
            <port dstActor="D0N33" name="p80" srcActor="D0N22"/>
            <port dstActor="D0N37" name="p81" srcActor="D0N22"/>
            <port dstActor="D0N26" name="p82" srcActor="D0N22"/>
            <port dstActor="D0N42" name="p83" srcActor="D0N22"/>
            <port dstActor="D0N21" name="p84" srcActor="D0N18"/>
            <port dstActor="D0N46" name="p85" srcActor="D0N18"/>
            <port dstActor="D0N31" name="p86" srcActor="D0N18"/>
            <port dstActor="D0N22" name="p87" srcActor="D0N18"/>
            <port dstActor="D0N29" name="p88" srcActor="D0N18"/>
            <port dstActor="D0N35" name="p89" srcActor="D0N18"/>
            <port dstActor="D0N8" name="p90" srcActor="D0N2"/>
            <port dstActor="D0N37" name="p91" srcActor="D0N2"/>
            <port dstActor="D0N13" name="p92" srcActor="D0N2"/>
            <port dstActor="D0N23" name="p93" srcActor="D0N2"/>
            <port dstActor="D0N39" name="p94" srcActor="D0N34"/>
            <port dstActor="D0N45" name="p95" srcActor="D0N39"/>
            <port dstActor="D0N45" name="p96" srcActor="D0N29"/>
            <port dstActor="D0N37" name="p97" srcActor="D0N29"/>
            <port dstActor="D0N33" name="p98" srcActor="D0N29"/>
            <port dstActor="D0N39" name="p99" srcActor="D0N28"/>
            <port dstActor="D0N27" name="p100" srcActor="D0N12"/>
            <port dstActor="D0N18" name="p101" srcActor="D0N12"/>
        </ports>
    </mcdag>
    <cores number="3"/>
    <levels number="2"/>
</mcsystem>
