<?xml version="1.0" encoding="UTF-8" standalone="no"?>
<mcsystem>
    <mcdag deadline="2200" name="genned-0-ed-10.0-0">
        <actor name="D0N42">
            <wcet number="0">90</wcet>
            <wcet number="1">120</wcet>
            <maxpow number="0.7510440019547306"/>
            <maxpow number="0.7510440019547306"/>
            <fprob>0.0</fprob>
        </actor>
        <actor name="D0N44">
            <wcet number="0">220</wcet>
            <wcet number="1">340</wcet>
            <maxpow number="0.6813237278022457"/>
            <maxpow number="0.6813237278022457"/>
            <fprob>0.0</fprob>
        </actor>
        <actor name="D0N4">
            <wcet number="0">30</wcet>
            <wcet number="1">60</wcet>
            <maxpow number="0.541832689003211"/>
            <maxpow number="0.541832689003211"/>
            <fprob>0.0</fprob>
        </actor>
        <actor name="D0N25">
            <wcet number="0">40</wcet>
            <wcet number="1">50</wcet>
            <maxpow number="0.3486944452897737"/>
            <maxpow number="0.3486944452897737"/>
            <fprob>0.0</fprob>
        </actor>
        <actor name="D0N39">
            <wcet number="0">10</wcet>
            <wcet number="1">80</wcet>
            <maxpow number="0.7167734226423144"/>
            <maxpow number="0.7167734226423144"/>
            <fprob>0.0</fprob>
        </actor>
        <actor name="D0N12">
            <wcet number="0">100</wcet>
            <wcet number="1">100</wcet>
            <maxpow number="0.28514059948031384"/>
            <maxpow number="0.28514059948031384"/>
            <fprob>0.0</fprob>
        </actor>
        <actor name="D0N23">
            <wcet number="0">150</wcet>
            <wcet number="1">400</wcet>
            <maxpow number="0.520746481951898"/>
            <maxpow number="0.520746481951898"/>
            <fprob>0.0</fprob>
        </actor>
        <actor name="D0N18">
            <wcet number="0">120</wcet>
            <wcet number="1">170</wcet>
            <maxpow number="0.4377593725674954"/>
            <maxpow number="0.4377593725674954"/>
            <fprob>0.0</fprob>
        </actor>
        <actor name="D0N35">
            <wcet number="0">150</wcet>
            <wcet number="1">270</wcet>
            <maxpow number="0.5312835425106371"/>
            <maxpow number="0.5312835425106371"/>
            <fprob>0.0</fprob>
        </actor>
        <actor name="D0N17">
            <wcet number="0">70</wcet>
            <wcet number="1">320</wcet>
            <maxpow number="0.6338861885873682"/>
            <maxpow number="0.6338861885873682"/>
            <fprob>0.0</fprob>
        </actor>
        <actor name="D0N45">
            <wcet number="0">10</wcet>
            <wcet number="1">60</wcet>
            <maxpow number="0.6394530241887926"/>
            <maxpow number="0.6394530241887926"/>
            <fprob>0.0</fprob>
        </actor>
        <actor name="D0N8">
            <wcet number="0">220</wcet>
            <wcet number="1">260</wcet>
            <maxpow number="0.6818510903289258"/>
            <maxpow number="0.6818510903289258"/>
            <fprob>0.0</fprob>
        </actor>
        <actor name="D0N30">
            <wcet number="0">20</wcet>
            <wcet number="1">40</wcet>
            <maxpow number="0.6803200368408162"/>
            <maxpow number="0.6803200368408162"/>
            <fprob>0.0</fprob>
        </actor>
        <actor name="D0N38">
            <wcet number="0">110</wcet>
            <wcet number="1">120</wcet>
            <maxpow number="0.41961731232679733"/>
            <maxpow number="0.41961731232679733"/>
            <fprob>0.0</fprob>
        </actor>
        <actor name="D0N28">
            <wcet number="0">10</wcet>
            <wcet number="1">20</wcet>
            <maxpow number="0.7166028034232945"/>
            <maxpow number="0.7166028034232945"/>
            <fprob>0.0</fprob>
        </actor>
        <actor name="D0N21">
            <wcet number="0">80</wcet>
            <wcet number="1">120</wcet>
            <maxpow number="0.4730073082951303"/>
            <maxpow number="0.4730073082951303"/>
            <fprob>0.0</fprob>
        </actor>
        <actor name="D0N3">
            <wcet number="0">20</wcet>
            <wcet number="1">30</wcet>
            <maxpow number="0.28006035833025583"/>
            <maxpow number="0.28006035833025583"/>
            <fprob>0.0</fprob>
        </actor>
        <actor name="D0N7">
            <wcet number="0">20</wcet>
            <wcet number="1">90</wcet>
            <maxpow number="0.6141047098991682"/>
            <maxpow number="0.6141047098991682"/>
            <fprob>0.0</fprob>
        </actor>
        <actor name="D0N43">
            <wcet number="0">10</wcet>
            <wcet number="1">10</wcet>
            <maxpow number="0.32218785696382946"/>
            <maxpow number="0.32218785696382946"/>
            <fprob>0.0</fprob>
        </actor>
        <actor name="D0N5">
            <wcet number="0">60</wcet>
            <wcet number="1">60</wcet>
            <maxpow number="0.34917537747250293"/>
            <maxpow number="0.34917537747250293"/>
            <fprob>0.0</fprob>
        </actor>
        <actor name="D0N14">
            <wcet number="0">10</wcet>
            <wcet number="1">280</wcet>
            <maxpow number="0.5224066884878784"/>
            <maxpow number="0.5224066884878784"/>
            <fprob>0.0</fprob>
        </actor>
        <actor name="D0N0">
            <wcet number="0">50</wcet>
            <wcet number="1">50</wcet>
            <maxpow number="0.5495774103558083"/>
            <maxpow number="0.5495774103558083"/>
            <fprob>0.0</fprob>
        </actor>
        <actor name="D0N6">
            <wcet number="0">10</wcet>
            <wcet number="1">20</wcet>
            <maxpow number="0.553912247986452"/>
            <maxpow number="0.553912247986452"/>
            <fprob>0.0</fprob>
        </actor>
        <actor name="D0N15">
            <wcet number="0">30</wcet>
            <wcet number="1">30</wcet>
            <maxpow number="0.5950892832347651"/>
            <maxpow number="0.5950892832347651"/>
            <fprob>0.0</fprob>
        </actor>
        <actor name="D0N32">
            <wcet number="0">70</wcet>
            <wcet number="1">90</wcet>
            <maxpow number="0.5038700722907244"/>
            <maxpow number="0.5038700722907244"/>
            <fprob>0.0</fprob>
        </actor>
        <actor name="D0N31">
            <wcet number="0">20</wcet>
            <wcet number="1">20</wcet>
            <maxpow number="0.49764215311608717"/>
            <maxpow number="0.49764215311608717"/>
            <fprob>0.0</fprob>
        </actor>
        <actor name="D0N9">
            <wcet number="0">50</wcet>
            <wcet number="1">50</wcet>
            <maxpow number="0.6396622414196173"/>
            <maxpow number="0.6396622414196173"/>
            <fprob>0.0</fprob>
        </actor>
        <actor name="D0N2">
            <wcet number="0">40</wcet>
            <wcet number="1">40</wcet>
            <maxpow number="0.5929543512416697"/>
            <maxpow number="0.5929543512416697"/>
            <fprob>0.0</fprob>
        </actor>
        <actor name="D0N16">
            <wcet number="0">20</wcet>
            <wcet number="1">80</wcet>
            <maxpow number="0.481313781294542"/>
            <maxpow number="0.481313781294542"/>
            <fprob>0.0</fprob>
        </actor>
        <actor name="D0N36">
            <wcet number="0">50</wcet>
            <wcet number="1">80</wcet>
            <maxpow number="0.5191287015392201"/>
            <maxpow number="0.5191287015392201"/>
            <fprob>0.0</fprob>
        </actor>
        <actor name="D0N10">
            <wcet number="0">10</wcet>
            <wcet number="1">10</wcet>
            <maxpow number="0.4094656777449115"/>
            <maxpow number="0.4094656777449115"/>
            <fprob>0.0</fprob>
        </actor>
        <actor name="D0N33">
            <wcet number="0">60</wcet>
            <wcet number="1">200</wcet>
            <maxpow number="0.46864700516198504"/>
            <maxpow number="0.46864700516198504"/>
            <fprob>0.0</fprob>
        </actor>
        <actor name="D0N27">
            <wcet number="0">10</wcet>
            <wcet number="1">10</wcet>
            <maxpow number="0.5183943166238226"/>
            <maxpow number="0.5183943166238226"/>
            <fprob>0.0</fprob>
        </actor>
        <actor name="D0N20">
            <wcet number="0">40</wcet>
            <wcet number="1">70</wcet>
            <maxpow number="0.7419667224872692"/>
            <maxpow number="0.7419667224872692"/>
            <fprob>0.0</fprob>
        </actor>
        <actor name="D0N29">
            <wcet number="0">10</wcet>
            <wcet number="1">10</wcet>
            <maxpow number="0.7399435053644599"/>
            <maxpow number="0.7399435053644599"/>
            <fprob>0.0</fprob>
        </actor>
        <actor name="D0N40">
            <wcet number="0">110</wcet>
            <wcet number="1">130</wcet>
            <maxpow number="0.6983625341280102"/>
            <maxpow number="0.6983625341280102"/>
            <fprob>0.0</fprob>
        </actor>
        <actor name="D0N19">
            <wcet number="0">20</wcet>
            <wcet number="1">90</wcet>
            <maxpow number="0.5728831617374432"/>
            <maxpow number="0.5728831617374432"/>
            <fprob>0.0</fprob>
        </actor>
        <actor name="D0N34">
            <wcet number="0">10</wcet>
            <wcet number="1">20</wcet>
            <maxpow number="0.48130284503964826"/>
            <maxpow number="0.48130284503964826"/>
            <fprob>0.0</fprob>
        </actor>
        <actor name="D0N47">
            <wcet number="0">70</wcet>
            <wcet number="1">70</wcet>
            <maxpow number="0.5548634564171894"/>
            <maxpow number="0.5548634564171894"/>
            <fprob>0.0</fprob>
        </actor>
        <actor name="D0N22">
            <wcet number="0">50</wcet>
            <wcet number="1">120</wcet>
            <maxpow number="0.3587114191609473"/>
            <maxpow number="0.3587114191609473"/>
            <fprob>0.0</fprob>
        </actor>
        <actor name="D0N24">
            <wcet number="0">360</wcet>
            <wcet number="1">360</wcet>
            <maxpow number="0.4805060979094536"/>
            <maxpow number="0.4805060979094536"/>
            <fprob>0.0</fprob>
        </actor>
        <actor name="D0N37">
            <wcet number="0">50</wcet>
            <wcet number="1">320</wcet>
            <maxpow number="0.3166318531933149"/>
            <maxpow number="0.3166318531933149"/>
            <fprob>0.0</fprob>
        </actor>
        <actor name="D0N1">
            <wcet number="0">10</wcet>
            <wcet number="1">20</wcet>
            <maxpow number="0.6560753737806104"/>
            <maxpow number="0.6560753737806104"/>
            <fprob>0.0</fprob>
        </actor>
        <actor name="D0N11">
            <wcet number="0">70</wcet>
            <wcet number="1">220</wcet>
            <maxpow number="0.42194938613225813"/>
            <maxpow number="0.42194938613225813"/>
            <fprob>0.0</fprob>
        </actor>
        <actor name="D0N26">
            <wcet number="0">70</wcet>
            <wcet number="1">70</wcet>
            <maxpow number="0.4995309553899794"/>
            <maxpow number="0.4995309553899794"/>
            <fprob>0.0</fprob>
        </actor>
        <actor name="D0N48">
            <wcet number="0">270</wcet>
            <wcet number="1">320</wcet>
            <maxpow number="0.6152184421869806"/>
            <maxpow number="0.6152184421869806"/>
            <fprob>0.0</fprob>
        </actor>
        <actor name="D0N13">
            <wcet number="0">140</wcet>
            <wcet number="1">170</wcet>
            <maxpow number="0.6913364659378258"/>
            <maxpow number="0.6913364659378258"/>
            <fprob>0.0</fprob>
        </actor>
        <actor name="D0N46">
            <wcet number="0">20</wcet>
            <wcet number="1">40</wcet>
            <maxpow number="0.7932691793211508"/>
            <maxpow number="0.7932691793211508"/>
            <fprob>0.0</fprob>
        </actor>
        <actor name="D0N41">
            <wcet number="0">10</wcet>
            <wcet number="1">230</wcet>
            <maxpow number="0.559161003233942"/>
            <maxpow number="0.559161003233942"/>
            <fprob>0.0</fprob>
        </actor>
        <ports>
            <port dstActor="D0N47" name="p0" srcActor="D0N42"/>
            <port dstActor="D0N48" name="p1" srcActor="D0N42"/>
            <port dstActor="D0N27" name="p2" srcActor="D0N4"/>
            <port dstActor="D0N43" name="p3" srcActor="D0N4"/>
            <port dstActor="D0N36" name="p4" srcActor="D0N25"/>
            <port dstActor="D0N48" name="p5" srcActor="D0N25"/>
            <port dstActor="D0N41" name="p6" srcActor="D0N25"/>
            <port dstActor="D0N46" name="p7" srcActor="D0N25"/>
            <port dstActor="D0N40" name="p8" srcActor="D0N12"/>
            <port dstActor="D0N24" name="p9" srcActor="D0N12"/>
            <port dstActor="D0N30" name="p10" srcActor="D0N12"/>
            <port dstActor="D0N36" name="p11" srcActor="D0N23"/>
            <port dstActor="D0N25" name="p12" srcActor="D0N23"/>
            <port dstActor="D0N40" name="p13" srcActor="D0N18"/>
            <port dstActor="D0N44" name="p14" srcActor="D0N18"/>
            <port dstActor="D0N32" name="p15" srcActor="D0N18"/>
            <port dstActor="D0N19" name="p16" srcActor="D0N18"/>
            <port dstActor="D0N42" name="p17" srcActor="D0N18"/>
            <port dstActor="D0N48" name="p18" srcActor="D0N18"/>
            <port dstActor="D0N35" name="p19" srcActor="D0N18"/>
            <port dstActor="D0N29" name="p20" srcActor="D0N17"/>
            <port dstActor="D0N42" name="p21" srcActor="D0N17"/>
            <port dstActor="D0N28" name="p22" srcActor="D0N17"/>
            <port dstActor="D0N23" name="p23" srcActor="D0N8"/>
            <port dstActor="D0N30" name="p24" srcActor="D0N8"/>
            <port dstActor="D0N34" name="p25" srcActor="D0N8"/>
            <port dstActor="D0N27" name="p26" srcActor="D0N8"/>
            <port dstActor="D0N13" name="p27" srcActor="D0N8"/>
            <port dstActor="D0N38" name="p28" srcActor="D0N8"/>
            <port dstActor="D0N44" name="p29" srcActor="D0N30"/>
            <port dstActor="D0N48" name="p30" srcActor="D0N38"/>
            <port dstActor="D0N43" name="p31" srcActor="D0N38"/>
            <port dstActor="D0N47" name="p32" srcActor="D0N21"/>
            <port dstActor="D0N30" name="p33" srcActor="D0N21"/>
            <port dstActor="D0N24" name="p34" srcActor="D0N21"/>
            <port dstActor="D0N6" name="p35" srcActor="D0N3"/>
            <port dstActor="D0N36" name="p36" srcActor="D0N3"/>
            <port dstActor="D0N34" name="p37" srcActor="D0N3"/>
            <port dstActor="D0N7" name="p38" srcActor="D0N3"/>
            <port dstActor="D0N43" name="p39" srcActor="D0N3"/>
            <port dstActor="D0N48" name="p40" srcActor="D0N7"/>
            <port dstActor="D0N46" name="p41" srcActor="D0N7"/>
            <port dstActor="D0N14" name="p42" srcActor="D0N7"/>
            <port dstActor="D0N17" name="p43" srcActor="D0N7"/>
            <port dstActor="D0N47" name="p44" srcActor="D0N7"/>
            <port dstActor="D0N12" name="p45" srcActor="D0N5"/>
            <port dstActor="D0N19" name="p46" srcActor="D0N5"/>
            <port dstActor="D0N46" name="p47" srcActor="D0N5"/>
            <port dstActor="D0N47" name="p48" srcActor="D0N5"/>
            <port dstActor="D0N35" name="p49" srcActor="D0N5"/>
            <port dstActor="D0N32" name="p50" srcActor="D0N14"/>
            <port dstActor="D0N24" name="p51" srcActor="D0N14"/>
            <port dstActor="D0N35" name="p52" srcActor="D0N14"/>
            <port dstActor="D0N8" name="p53" srcActor="D0N0"/>
            <port dstActor="D0N17" name="p54" srcActor="D0N0"/>
            <port dstActor="D0N45" name="p55" srcActor="D0N0"/>
            <port dstActor="D0N4" name="p56" srcActor="D0N0"/>
            <port dstActor="D0N11" name="p57" srcActor="D0N0"/>
            <port dstActor="D0N14" name="p58" srcActor="D0N0"/>
            <port dstActor="D0N28" name="p59" srcActor="D0N0"/>
            <port dstActor="D0N32" name="p60" srcActor="D0N0"/>
            <port dstActor="D0N20" name="p61" srcActor="D0N6"/>
            <port dstActor="D0N38" name="p62" srcActor="D0N6"/>
            <port dstActor="D0N33" name="p63" srcActor="D0N6"/>
            <port dstActor="D0N11" name="p64" srcActor="D0N6"/>
            <port dstActor="D0N14" name="p65" srcActor="D0N6"/>
            <port dstActor="D0N48" name="p66" srcActor="D0N15"/>
            <port dstActor="D0N32" name="p67" srcActor="D0N15"/>
            <port dstActor="D0N40" name="p68" srcActor="D0N15"/>
            <port dstActor="D0N21" name="p69" srcActor="D0N15"/>
            <port dstActor="D0N22" name="p70" srcActor="D0N15"/>
            <port dstActor="D0N37" name="p71" srcActor="D0N15"/>
            <port dstActor="D0N43" name="p72" srcActor="D0N32"/>
            <port dstActor="D0N41" name="p73" srcActor="D0N32"/>
            <port dstActor="D0N48" name="p74" srcActor="D0N32"/>
            <port dstActor="D0N36" name="p75" srcActor="D0N31"/>
            <port dstActor="D0N42" name="p76" srcActor="D0N31"/>
            <port dstActor="D0N34" name="p77" srcActor="D0N31"/>
            <port dstActor="D0N29" name="p78" srcActor="D0N9"/>
            <port dstActor="D0N32" name="p79" srcActor="D0N9"/>
            <port dstActor="D0N36" name="p80" srcActor="D0N9"/>
            <port dstActor="D0N11" name="p81" srcActor="D0N9"/>
            <port dstActor="D0N17" name="p82" srcActor="D0N9"/>
            <port dstActor="D0N42" name="p83" srcActor="D0N9"/>
            <port dstActor="D0N13" name="p84" srcActor="D0N9"/>
            <port dstActor="D0N24" name="p85" srcActor="D0N2"/>
            <port dstActor="D0N21" name="p86" srcActor="D0N2"/>
            <port dstActor="D0N5" name="p87" srcActor="D0N2"/>
            <port dstActor="D0N30" name="p88" srcActor="D0N2"/>
            <port dstActor="D0N41" name="p89" srcActor="D0N2"/>
            <port dstActor="D0N17" name="p90" srcActor="D0N2"/>
            <port dstActor="D0N42" name="p91" srcActor="D0N2"/>
            <port dstActor="D0N8" name="p92" srcActor="D0N2"/>
            <port dstActor="D0N36" name="p93" srcActor="D0N2"/>
            <port dstActor="D0N48" name="p94" srcActor="D0N2"/>
            <port dstActor="D0N24" name="p95" srcActor="D0N16"/>
            <port dstActor="D0N31" name="p96" srcActor="D0N16"/>
            <port dstActor="D0N42" name="p97" srcActor="D0N36"/>
            <port dstActor="D0N43" name="p98" srcActor="D0N36"/>
            <port dstActor="D0N13" name="p99" srcActor="D0N10"/>
            <port dstActor="D0N22" name="p100" srcActor="D0N10"/>
            <port dstActor="D0N47" name="p101" srcActor="D0N10"/>
            <port dstActor="D0N35" name="p102" srcActor="D0N33"/>
            <port dstActor="D0N43" name="p103" srcActor="D0N33"/>
            <port dstActor="D0N47" name="p104" srcActor="D0N33"/>
            <port dstActor="D0N37" name="p105" srcActor="D0N33"/>
            <port dstActor="D0N28" name="p106" srcActor="D0N27"/>
            <port dstActor="D0N35" name="p107" srcActor="D0N20"/>
            <port dstActor="D0N48" name="p108" srcActor="D0N20"/>
            <port dstActor="D0N25" name="p109" srcActor="D0N20"/>
            <port dstActor="D0N44" name="p110" srcActor="D0N29"/>
            <port dstActor="D0N39" name="p111" srcActor="D0N29"/>
            <port dstActor="D0N48" name="p112" srcActor="D0N40"/>
            <port dstActor="D0N20" name="p113" srcActor="D0N19"/>
            <port dstActor="D0N22" name="p114" srcActor="D0N19"/>
            <port dstActor="D0N36" name="p115" srcActor="D0N19"/>
            <port dstActor="D0N29" name="p116" srcActor="D0N19"/>
            <port dstActor="D0N33" name="p117" srcActor="D0N19"/>
            <port dstActor="D0N44" name="p118" srcActor="D0N34"/>
            <port dstActor="D0N31" name="p119" srcActor="D0N22"/>
            <port dstActor="D0N41" name="p120" srcActor="D0N22"/>
            <port dstActor="D0N27" name="p121" srcActor="D0N22"/>
            <port dstActor="D0N40" name="p122" srcActor="D0N24"/>
            <port dstActor="D0N43" name="p123" srcActor="D0N24"/>
            <port dstActor="D0N47" name="p124" srcActor="D0N24"/>
            <port dstActor="D0N9" name="p125" srcActor="D0N1"/>
            <port dstActor="D0N46" name="p126" srcActor="D0N1"/>
            <port dstActor="D0N25" name="p127" srcActor="D0N1"/>
            <port dstActor="D0N26" name="p128" srcActor="D0N1"/>
            <port dstActor="D0N29" name="p129" srcActor="D0N1"/>
            <port dstActor="D0N22" name="p130" srcActor="D0N1"/>
            <port dstActor="D0N13" name="p131" srcActor="D0N1"/>
            <port dstActor="D0N33" name="p132" srcActor="D0N11"/>
            <port dstActor="D0N39" name="p133" srcActor="D0N11"/>
            <port dstActor="D0N42" name="p134" srcActor="D0N26"/>
            <port dstActor="D0N45" name="p135" srcActor="D0N13"/>
            <port dstActor="D0N31" name="p136" srcActor="D0N13"/>
            <port dstActor="D0N21" name="p137" srcActor="D0N13"/>
            <port dstActor="D0N24" name="p138" srcActor="D0N13"/>
            <port dstActor="D0N46" name="p139" srcActor="D0N13"/>
            <port dstActor="D0N47" name="p140" srcActor="D0N46"/>
            <port dstActor="D0N47" name="p141" srcActor="D0N41"/>
            <port dstActor="D0N44" name="p142" srcActor="D0N41"/>
        </ports>
    </mcdag>
    <cores number="3"/>
    <levels number="2"/>
</mcsystem>
