<?xml version="1.0" encoding="UTF-8" standalone="no"?>
<mcsystem>
    <mcdag deadline="1000" name="genned-0-ed-10.0-0">
        <actor name="D0N25">
            <wcet number="0">20</wcet>
            <wcet number="1">60</wcet>
            <maxpow number="0.5938622868842407"/>
            <maxpow number="0.5938622868842407"/>
            <fprob>0.0</fprob>
        </actor>
        <actor name="D0N28">
            <wcet number="0">60</wcet>
            <wcet number="1">90</wcet>
            <maxpow number="0.6640413774799913"/>
            <maxpow number="0.6640413774799913"/>
            <fprob>0.0</fprob>
        </actor>
        <actor name="D0N21">
            <wcet number="0">10</wcet>
            <wcet number="1">10</wcet>
            <maxpow number="0.5128788873259562"/>
            <maxpow number="0.5128788873259562"/>
            <fprob>0.0</fprob>
        </actor>
        <actor name="D0N24">
            <wcet number="0">10</wcet>
            <wcet number="1">20</wcet>
            <maxpow number="0.5233592547756842"/>
            <maxpow number="0.5233592547756842"/>
            <fprob>0.0</fprob>
        </actor>
        <actor name="D0N16">
            <wcet number="0">10</wcet>
            <wcet number="1">30</wcet>
            <maxpow number="0.5050277702027653"/>
            <maxpow number="0.5050277702027653"/>
            <fprob>0.0</fprob>
        </actor>
        <actor name="D0N45">
            <wcet number="0">20</wcet>
            <wcet number="1">30</wcet>
            <maxpow number="0.7016443177881408"/>
            <maxpow number="0.7016443177881408"/>
            <fprob>0.0</fprob>
        </actor>
        <actor name="D0N32">
            <wcet number="0">10</wcet>
            <wcet number="1">50</wcet>
            <maxpow number="0.8426438358185233"/>
            <maxpow number="0.8426438358185233"/>
            <fprob>0.0</fprob>
        </actor>
        <actor name="D0N15">
            <wcet number="0">50</wcet>
            <wcet number="1">100</wcet>
            <maxpow number="0.8157934536893044"/>
            <maxpow number="0.8157934536893044"/>
            <fprob>0.0</fprob>
        </actor>
        <actor name="D0N6">
            <wcet number="0">10</wcet>
            <wcet number="1">10</wcet>
            <maxpow number="0.4565756875346281"/>
            <maxpow number="0.4565756875346281"/>
            <fprob>0.0</fprob>
        </actor>
        <actor name="D0N26">
            <wcet number="0">10</wcet>
            <wcet number="1">10</wcet>
            <maxpow number="0.42491780956438385"/>
            <maxpow number="0.42491780956438385"/>
            <fprob>0.0</fprob>
        </actor>
        <actor name="D0N8">
            <wcet number="0">60</wcet>
            <wcet number="1">100</wcet>
            <maxpow number="0.7343680065563426"/>
            <maxpow number="0.7343680065563426"/>
            <fprob>0.0</fprob>
        </actor>
        <actor name="D0N13">
            <wcet number="0">30</wcet>
            <wcet number="1">30</wcet>
            <maxpow number="0.7249508288445083"/>
            <maxpow number="0.7249508288445083"/>
            <fprob>0.0</fprob>
        </actor>
        <actor name="D0N14">
            <wcet number="0">20</wcet>
            <wcet number="1">50</wcet>
            <maxpow number="0.6319589793803623"/>
            <maxpow number="0.6319589793803623"/>
            <fprob>0.0</fprob>
        </actor>
        <actor name="D0N20">
            <wcet number="0">100</wcet>
            <wcet number="1">130</wcet>
            <maxpow number="0.49180345134789305"/>
            <maxpow number="0.49180345134789305"/>
            <fprob>0.0</fprob>
        </actor>
        <actor name="D0N9">
            <wcet number="0">10</wcet>
            <wcet number="1">20</wcet>
            <maxpow number="0.7444745918993714"/>
            <maxpow number="0.7444745918993714"/>
            <fprob>0.0</fprob>
        </actor>
        <actor name="D0N38">
            <wcet number="0">50</wcet>
            <wcet number="1">180</wcet>
            <maxpow number="0.875650731943068"/>
            <maxpow number="0.875650731943068"/>
            <fprob>0.0</fprob>
        </actor>
        <actor name="D0N22">
            <wcet number="0">50</wcet>
            <wcet number="1">50</wcet>
            <maxpow number="0.6043000508531515"/>
            <maxpow number="0.6043000508531515"/>
            <fprob>0.0</fprob>
        </actor>
        <actor name="D0N12">
            <wcet number="0">10</wcet>
            <wcet number="1">10</wcet>
            <maxpow number="0.5049485928792098"/>
            <maxpow number="0.5049485928792098"/>
            <fprob>0.0</fprob>
        </actor>
        <actor name="D0N18">
            <wcet number="0">30</wcet>
            <wcet number="1">60</wcet>
            <maxpow number="0.633970767469309"/>
            <maxpow number="0.633970767469309"/>
            <fprob>0.0</fprob>
        </actor>
        <actor name="D0N27">
            <wcet number="0">20</wcet>
            <wcet number="1">20</wcet>
            <maxpow number="0.6115110479121724"/>
            <maxpow number="0.6115110479121724"/>
            <fprob>0.0</fprob>
        </actor>
        <actor name="D0N3">
            <wcet number="0">30</wcet>
            <wcet number="1">30</wcet>
            <maxpow number="0.6620777459725645"/>
            <maxpow number="0.6620777459725645"/>
            <fprob>0.0</fprob>
        </actor>
        <actor name="D0N36">
            <wcet number="0">30</wcet>
            <wcet number="1">100</wcet>
            <maxpow number="0.48168131876646514"/>
            <maxpow number="0.48168131876646514"/>
            <fprob>0.0</fprob>
        </actor>
        <actor name="D0N0">
            <wcet number="0">70</wcet>
            <wcet number="1">100</wcet>
            <maxpow number="0.6574616297413091"/>
            <maxpow number="0.6574616297413091"/>
            <fprob>0.0</fprob>
        </actor>
        <actor name="D0N34">
            <wcet number="0">50</wcet>
            <wcet number="1">90</wcet>
            <maxpow number="0.4317067194584708"/>
            <maxpow number="0.4317067194584708"/>
            <fprob>0.0</fprob>
        </actor>
        <actor name="D0N43">
            <wcet number="0">40</wcet>
            <wcet number="1">40</wcet>
            <maxpow number="0.4764747351180598"/>
            <maxpow number="0.4764747351180598"/>
            <fprob>0.0</fprob>
        </actor>
        <actor name="D0N1">
            <wcet number="0">20</wcet>
            <wcet number="1">30</wcet>
            <maxpow number="0.3070230349158357"/>
            <maxpow number="0.3070230349158357"/>
            <fprob>0.0</fprob>
        </actor>
        <actor name="D0N39">
            <wcet number="0">20</wcet>
            <wcet number="1">50</wcet>
            <maxpow number="0.5477884163998031"/>
            <maxpow number="0.5477884163998031"/>
            <fprob>0.0</fprob>
        </actor>
        <actor name="D0N2">
            <wcet number="0">20</wcet>
            <wcet number="1">30</wcet>
            <maxpow number="0.623572416149914"/>
            <maxpow number="0.623572416149914"/>
            <fprob>0.0</fprob>
        </actor>
        <actor name="D0N7">
            <wcet number="0">30</wcet>
            <wcet number="1">40</wcet>
            <maxpow number="0.6847409622987664"/>
            <maxpow number="0.6847409622987664"/>
            <fprob>0.0</fprob>
        </actor>
        <actor name="D0N17">
            <wcet number="0">90</wcet>
            <wcet number="1">100</wcet>
            <maxpow number="0.6100646391764035"/>
            <maxpow number="0.6100646391764035"/>
            <fprob>0.0</fprob>
        </actor>
        <actor name="D0N29">
            <wcet number="0">10</wcet>
            <wcet number="1">30</wcet>
            <maxpow number="0.5834588753121085"/>
            <maxpow number="0.5834588753121085"/>
            <fprob>0.0</fprob>
        </actor>
        <actor name="D0N31">
            <wcet number="0">40</wcet>
            <wcet number="1">40</wcet>
            <maxpow number="0.9039890359092176"/>
            <maxpow number="0.9039890359092176"/>
            <fprob>0.0</fprob>
        </actor>
        <actor name="D0N30">
            <wcet number="0">110</wcet>
            <wcet number="1">170</wcet>
            <maxpow number="0.6594475814014835"/>
            <maxpow number="0.6594475814014835"/>
            <fprob>0.0</fprob>
        </actor>
        <actor name="D0N44">
            <wcet number="0">10</wcet>
            <wcet number="1">40</wcet>
            <maxpow number="0.8064324871353089"/>
            <maxpow number="0.8064324871353089"/>
            <fprob>0.0</fprob>
        </actor>
        <actor name="D0N4">
            <wcet number="0">30</wcet>
            <wcet number="1">30</wcet>
            <maxpow number="0.49093737160786294"/>
            <maxpow number="0.49093737160786294"/>
            <fprob>0.0</fprob>
        </actor>
        <actor name="D0N23">
            <wcet number="0">40</wcet>
            <wcet number="1">60</wcet>
            <maxpow number="0.2714213867372076"/>
            <maxpow number="0.2714213867372076"/>
            <fprob>0.0</fprob>
        </actor>
        <actor name="D0N40">
            <wcet number="0">20</wcet>
            <wcet number="1">50</wcet>
            <maxpow number="0.40494828455397325"/>
            <maxpow number="0.40494828455397325"/>
            <fprob>0.0</fprob>
        </actor>
        <actor name="D0N37">
            <wcet number="0">80</wcet>
            <wcet number="1">80</wcet>
            <maxpow number="0.521833954783393"/>
            <maxpow number="0.521833954783393"/>
            <fprob>0.0</fprob>
        </actor>
        <actor name="D0N5">
            <wcet number="0">20</wcet>
            <wcet number="1">130</wcet>
            <maxpow number="0.6801746816076952"/>
            <maxpow number="0.6801746816076952"/>
            <fprob>0.0</fprob>
        </actor>
        <actor name="D0N11">
            <wcet number="0">10</wcet>
            <wcet number="1">20</wcet>
            <maxpow number="0.6374585626155461"/>
            <maxpow number="0.6374585626155461"/>
            <fprob>0.0</fprob>
        </actor>
        <actor name="D0N35">
            <wcet number="0">30</wcet>
            <wcet number="1">30</wcet>
            <maxpow number="0.625886620860655"/>
            <maxpow number="0.625886620860655"/>
            <fprob>0.0</fprob>
        </actor>
        <actor name="D0N19">
            <wcet number="0">10</wcet>
            <wcet number="1">10</wcet>
            <maxpow number="0.6271308751651967"/>
            <maxpow number="0.6271308751651967"/>
            <fprob>0.0</fprob>
        </actor>
        <actor name="D0N33">
            <wcet number="0">40</wcet>
            <wcet number="1">80</wcet>
            <maxpow number="0.2876905416023041"/>
            <maxpow number="0.2876905416023041"/>
            <fprob>0.0</fprob>
        </actor>
        <actor name="D0N41">
            <wcet number="0">20</wcet>
            <wcet number="1">30</wcet>
            <maxpow number="0.611202359269224"/>
            <maxpow number="0.611202359269224"/>
            <fprob>0.0</fprob>
        </actor>
        <actor name="D0N42">
            <wcet number="0">10</wcet>
            <wcet number="1">10</wcet>
            <maxpow number="0.7109554568915908"/>
            <maxpow number="0.7109554568915908"/>
            <fprob>0.0</fprob>
        </actor>
        <actor name="D0N10">
            <wcet number="0">10</wcet>
            <wcet number="1">20</wcet>
            <maxpow number="0.4621801707857355"/>
            <maxpow number="0.4621801707857355"/>
            <fprob>0.0</fprob>
        </actor>
        <ports>
            <port dstActor="D0N43" name="p0" srcActor="D0N25"/>
            <port dstActor="D0N44" name="p1" srcActor="D0N25"/>
            <port dstActor="D0N30" name="p2" srcActor="D0N28"/>
            <port dstActor="D0N45" name="p3" srcActor="D0N28"/>
            <port dstActor="D0N31" name="p4" srcActor="D0N21"/>
            <port dstActor="D0N36" name="p5" srcActor="D0N21"/>
            <port dstActor="D0N26" name="p6" srcActor="D0N24"/>
            <port dstActor="D0N33" name="p7" srcActor="D0N24"/>
            <port dstActor="D0N37" name="p8" srcActor="D0N24"/>
            <port dstActor="D0N35" name="p9" srcActor="D0N16"/>
            <port dstActor="D0N20" name="p10" srcActor="D0N16"/>
            <port dstActor="D0N19" name="p11" srcActor="D0N16"/>
            <port dstActor="D0N21" name="p12" srcActor="D0N16"/>
            <port dstActor="D0N33" name="p13" srcActor="D0N16"/>
            <port dstActor="D0N25" name="p14" srcActor="D0N16"/>
            <port dstActor="D0N43" name="p15" srcActor="D0N16"/>
            <port dstActor="D0N34" name="p16" srcActor="D0N32"/>
            <port dstActor="D0N24" name="p17" srcActor="D0N15"/>
            <port dstActor="D0N25" name="p18" srcActor="D0N6"/>
            <port dstActor="D0N23" name="p19" srcActor="D0N6"/>
            <port dstActor="D0N7" name="p20" srcActor="D0N6"/>
            <port dstActor="D0N14" name="p21" srcActor="D0N6"/>
            <port dstActor="D0N45" name="p22" srcActor="D0N8"/>
            <port dstActor="D0N22" name="p23" srcActor="D0N8"/>
            <port dstActor="D0N10" name="p24" srcActor="D0N8"/>
            <port dstActor="D0N15" name="p25" srcActor="D0N8"/>
            <port dstActor="D0N30" name="p26" srcActor="D0N13"/>
            <port dstActor="D0N34" name="p27" srcActor="D0N13"/>
            <port dstActor="D0N45" name="p28" srcActor="D0N13"/>
            <port dstActor="D0N40" name="p29" srcActor="D0N14"/>
            <port dstActor="D0N18" name="p30" srcActor="D0N14"/>
            <port dstActor="D0N25" name="p31" srcActor="D0N14"/>
            <port dstActor="D0N42" name="p32" srcActor="D0N14"/>
            <port dstActor="D0N29" name="p33" srcActor="D0N20"/>
            <port dstActor="D0N22" name="p34" srcActor="D0N20"/>
            <port dstActor="D0N36" name="p35" srcActor="D0N20"/>
            <port dstActor="D0N32" name="p36" srcActor="D0N20"/>
            <port dstActor="D0N43" name="p37" srcActor="D0N20"/>
            <port dstActor="D0N25" name="p38" srcActor="D0N9"/>
            <port dstActor="D0N26" name="p39" srcActor="D0N9"/>
            <port dstActor="D0N23" name="p40" srcActor="D0N9"/>
            <port dstActor="D0N17" name="p41" srcActor="D0N9"/>
            <port dstActor="D0N44" name="p42" srcActor="D0N9"/>
            <port dstActor="D0N25" name="p43" srcActor="D0N12"/>
            <port dstActor="D0N34" name="p44" srcActor="D0N12"/>
            <port dstActor="D0N44" name="p45" srcActor="D0N12"/>
            <port dstActor="D0N21" name="p46" srcActor="D0N18"/>
            <port dstActor="D0N34" name="p47" srcActor="D0N27"/>
            <port dstActor="D0N42" name="p48" srcActor="D0N3"/>
            <port dstActor="D0N23" name="p49" srcActor="D0N3"/>
            <port dstActor="D0N40" name="p50" srcActor="D0N3"/>
            <port dstActor="D0N26" name="p51" srcActor="D0N3"/>
            <port dstActor="D0N25" name="p52" srcActor="D0N3"/>
            <port dstActor="D0N8" name="p53" srcActor="D0N0"/>
            <port dstActor="D0N20" name="p54" srcActor="D0N0"/>
            <port dstActor="D0N40" name="p55" srcActor="D0N0"/>
            <port dstActor="D0N17" name="p56" srcActor="D0N0"/>
            <port dstActor="D0N36" name="p57" srcActor="D0N34"/>
            <port dstActor="D0N45" name="p58" srcActor="D0N43"/>
            <port dstActor="D0N14" name="p59" srcActor="D0N1"/>
            <port dstActor="D0N41" name="p60" srcActor="D0N1"/>
            <port dstActor="D0N34" name="p61" srcActor="D0N1"/>
            <port dstActor="D0N43" name="p62" srcActor="D0N1"/>
            <port dstActor="D0N29" name="p63" srcActor="D0N1"/>
            <port dstActor="D0N36" name="p64" srcActor="D0N1"/>
            <port dstActor="D0N6" name="p65" srcActor="D0N1"/>
            <port dstActor="D0N43" name="p66" srcActor="D0N39"/>
            <port dstActor="D0N7" name="p67" srcActor="D0N2"/>
            <port dstActor="D0N26" name="p68" srcActor="D0N2"/>
            <port dstActor="D0N18" name="p69" srcActor="D0N7"/>
            <port dstActor="D0N34" name="p70" srcActor="D0N7"/>
            <port dstActor="D0N13" name="p71" srcActor="D0N7"/>
            <port dstActor="D0N37" name="p72" srcActor="D0N17"/>
            <port dstActor="D0N39" name="p73" srcActor="D0N29"/>
            <port dstActor="D0N37" name="p74" srcActor="D0N31"/>
            <port dstActor="D0N40" name="p75" srcActor="D0N30"/>
            <port dstActor="D0N44" name="p76" srcActor="D0N30"/>
            <port dstActor="D0N33" name="p77" srcActor="D0N30"/>
            <port dstActor="D0N31" name="p78" srcActor="D0N4"/>
            <port dstActor="D0N36" name="p79" srcActor="D0N4"/>
            <port dstActor="D0N41" name="p80" srcActor="D0N4"/>
            <port dstActor="D0N33" name="p81" srcActor="D0N23"/>
            <port dstActor="D0N45" name="p82" srcActor="D0N23"/>
            <port dstActor="D0N41" name="p83" srcActor="D0N40"/>
            <port dstActor="D0N45" name="p84" srcActor="D0N40"/>
            <port dstActor="D0N43" name="p85" srcActor="D0N37"/>
            <port dstActor="D0N29" name="p86" srcActor="D0N5"/>
            <port dstActor="D0N33" name="p87" srcActor="D0N5"/>
            <port dstActor="D0N27" name="p88" srcActor="D0N5"/>
            <port dstActor="D0N35" name="p89" srcActor="D0N5"/>
            <port dstActor="D0N15" name="p90" srcActor="D0N5"/>
            <port dstActor="D0N16" name="p91" srcActor="D0N11"/>
            <port dstActor="D0N27" name="p92" srcActor="D0N11"/>
            <port dstActor="D0N44" name="p93" srcActor="D0N11"/>
            <port dstActor="D0N28" name="p94" srcActor="D0N11"/>
            <port dstActor="D0N42" name="p95" srcActor="D0N11"/>
            <port dstActor="D0N40" name="p96" srcActor="D0N35"/>
            <port dstActor="D0N42" name="p97" srcActor="D0N35"/>
            <port dstActor="D0N20" name="p98" srcActor="D0N19"/>
            <port dstActor="D0N38" name="p99" srcActor="D0N19"/>
            <port dstActor="D0N45" name="p100" srcActor="D0N19"/>
            <port dstActor="D0N42" name="p101" srcActor="D0N33"/>
            <port dstActor="D0N42" name="p102" srcActor="D0N41"/>
            <port dstActor="D0N12" name="p103" srcActor="D0N10"/>
            <port dstActor="D0N31" name="p104" srcActor="D0N10"/>
            <port dstActor="D0N19" name="p105" srcActor="D0N10"/>
            <port dstActor="D0N33" name="p106" srcActor="D0N10"/>
        </ports>
    </mcdag>
    <cores number="3"/>
    <levels number="2"/>
</mcsystem>
