<?xml version="1.0" encoding="UTF-8" standalone="no"?>
<mcsystem>
    <mcdag deadline="1800" name="genned-0-ed-10.0-0">
        <actor name="D0N12">
            <wcet number="0">10</wcet>
            <wcet number="1">10</wcet>
            <maxpow number="0.45233399088954873"/>
            <maxpow number="0.45233399088954873"/>
            <fprob>0.0</fprob>
        </actor>
        <actor name="D0N13">
            <wcet number="0">10</wcet>
            <wcet number="1">60</wcet>
            <maxpow number="0.6816203519447579"/>
            <maxpow number="0.6816203519447579"/>
            <fprob>0.0</fprob>
        </actor>
        <actor name="D0N39">
            <wcet number="0">60</wcet>
            <wcet number="1">80</wcet>
            <maxpow number="0.8075770454046871"/>
            <maxpow number="0.8075770454046871"/>
            <fprob>0.0</fprob>
        </actor>
        <actor name="D0N23">
            <wcet number="0">20</wcet>
            <wcet number="1">20</wcet>
            <maxpow number="0.43138575345688074"/>
            <maxpow number="0.43138575345688074"/>
            <fprob>0.0</fprob>
        </actor>
        <actor name="D0N0">
            <wcet number="0">400</wcet>
            <wcet number="1">580</wcet>
            <maxpow number="0.6659750040173008"/>
            <maxpow number="0.6659750040173008"/>
            <fprob>0.0</fprob>
        </actor>
        <actor name="D0N11">
            <wcet number="0">20</wcet>
            <wcet number="1">70</wcet>
            <maxpow number="0.40081841884662484"/>
            <maxpow number="0.40081841884662484"/>
            <fprob>0.0</fprob>
        </actor>
        <actor name="D0N22">
            <wcet number="0">20</wcet>
            <wcet number="1">20</wcet>
            <maxpow number="0.6444842304937961"/>
            <maxpow number="0.6444842304937961"/>
            <fprob>0.0</fprob>
        </actor>
        <actor name="D0N25">
            <wcet number="0">10</wcet>
            <wcet number="1">10</wcet>
            <maxpow number="0.4693624186226499"/>
            <maxpow number="0.4693624186226499"/>
            <fprob>0.0</fprob>
        </actor>
        <actor name="D0N40">
            <wcet number="0">20</wcet>
            <wcet number="1">210</wcet>
            <maxpow number="0.4045167156306313"/>
            <maxpow number="0.4045167156306313"/>
            <fprob>0.0</fprob>
        </actor>
        <actor name="D0N29">
            <wcet number="0">90</wcet>
            <wcet number="1">90</wcet>
            <maxpow number="0.6941187845076755"/>
            <maxpow number="0.6941187845076755"/>
            <fprob>0.0</fprob>
        </actor>
        <actor name="D0N35">
            <wcet number="0">80</wcet>
            <wcet number="1">140</wcet>
            <maxpow number="0.7343086334641825"/>
            <maxpow number="0.7343086334641825"/>
            <fprob>0.0</fprob>
        </actor>
        <actor name="D0N18">
            <wcet number="0">60</wcet>
            <wcet number="1">410</wcet>
            <maxpow number="0.44444753279683347"/>
            <maxpow number="0.44444753279683347"/>
            <fprob>0.0</fprob>
        </actor>
        <actor name="D0N3">
            <wcet number="0">20</wcet>
            <wcet number="1">30</wcet>
            <maxpow number="0.4900573336335292"/>
            <maxpow number="0.4900573336335292"/>
            <fprob>0.0</fprob>
        </actor>
        <actor name="D0N30">
            <wcet number="0">10</wcet>
            <wcet number="1">40</wcet>
            <maxpow number="0.5514201777398304"/>
            <maxpow number="0.5514201777398304"/>
            <fprob>0.0</fprob>
        </actor>
        <actor name="D0N6">
            <wcet number="0">20</wcet>
            <wcet number="1">70</wcet>
            <maxpow number="0.7141069228342509"/>
            <maxpow number="0.7141069228342509"/>
            <fprob>0.0</fprob>
        </actor>
        <actor name="D0N17">
            <wcet number="0">40</wcet>
            <wcet number="1">40</wcet>
            <maxpow number="0.4031690003256"/>
            <maxpow number="0.4031690003256"/>
            <fprob>0.0</fprob>
        </actor>
        <actor name="D0N4">
            <wcet number="0">40</wcet>
            <wcet number="1">60</wcet>
            <maxpow number="0.5424320991155834"/>
            <maxpow number="0.5424320991155834"/>
            <fprob>0.0</fprob>
        </actor>
        <actor name="D0N47">
            <wcet number="0">20</wcet>
            <wcet number="1">30</wcet>
            <maxpow number="0.5794909051150696"/>
            <maxpow number="0.5794909051150696"/>
            <fprob>0.0</fprob>
        </actor>
        <actor name="D0N38">
            <wcet number="0">200</wcet>
            <wcet number="1">290</wcet>
            <maxpow number="0.44463243700847693"/>
            <maxpow number="0.44463243700847693"/>
            <fprob>0.0</fprob>
        </actor>
        <actor name="D0N44">
            <wcet number="0">20</wcet>
            <wcet number="1">20</wcet>
            <maxpow number="0.7144122464104329"/>
            <maxpow number="0.7144122464104329"/>
            <fprob>0.0</fprob>
        </actor>
        <actor name="D0N36">
            <wcet number="0">40</wcet>
            <wcet number="1">290</wcet>
            <maxpow number="0.4859143550497939"/>
            <maxpow number="0.4859143550497939"/>
            <fprob>0.0</fprob>
        </actor>
        <actor name="D0N31">
            <wcet number="0">110</wcet>
            <wcet number="1">160</wcet>
            <maxpow number="0.3519501084456962"/>
            <maxpow number="0.3519501084456962"/>
            <fprob>0.0</fprob>
        </actor>
        <actor name="D0N21">
            <wcet number="0">20</wcet>
            <wcet number="1">20</wcet>
            <maxpow number="0.9279082496341383"/>
            <maxpow number="0.9279082496341383"/>
            <fprob>0.0</fprob>
        </actor>
        <actor name="D0N5">
            <wcet number="0">10</wcet>
            <wcet number="1">10</wcet>
            <maxpow number="0.1976187601048237"/>
            <maxpow number="0.1976187601048237"/>
            <fprob>0.0</fprob>
        </actor>
        <actor name="D0N37">
            <wcet number="0">20</wcet>
            <wcet number="1">20</wcet>
            <maxpow number="0.612195859044783"/>
            <maxpow number="0.612195859044783"/>
            <fprob>0.0</fprob>
        </actor>
        <actor name="D0N43">
            <wcet number="0">10</wcet>
            <wcet number="1">10</wcet>
            <maxpow number="0.41255790384673335"/>
            <maxpow number="0.41255790384673335"/>
            <fprob>0.0</fprob>
        </actor>
        <actor name="D0N8">
            <wcet number="0">130</wcet>
            <wcet number="1">310</wcet>
            <maxpow number="0.6675397837274174"/>
            <maxpow number="0.6675397837274174"/>
            <fprob>0.0</fprob>
        </actor>
        <actor name="D0N33">
            <wcet number="0">40</wcet>
            <wcet number="1">40</wcet>
            <maxpow number="0.15498630196592172"/>
            <maxpow number="0.15498630196592172"/>
            <fprob>0.0</fprob>
        </actor>
        <actor name="D0N9">
            <wcet number="0">30</wcet>
            <wcet number="1">30</wcet>
            <maxpow number="0.6276623507670791"/>
            <maxpow number="0.6276623507670791"/>
            <fprob>0.0</fprob>
        </actor>
        <actor name="D0N19">
            <wcet number="0">30</wcet>
            <wcet number="1">50</wcet>
            <maxpow number="0.4243574149624054"/>
            <maxpow number="0.4243574149624054"/>
            <fprob>0.0</fprob>
        </actor>
        <actor name="D0N7">
            <wcet number="0">150</wcet>
            <wcet number="1">240</wcet>
            <maxpow number="0.5796098644027081"/>
            <maxpow number="0.5796098644027081"/>
            <fprob>0.0</fprob>
        </actor>
        <actor name="D0N15">
            <wcet number="0">70</wcet>
            <wcet number="1">90</wcet>
            <maxpow number="0.47488963101642157"/>
            <maxpow number="0.47488963101642157"/>
            <fprob>0.0</fprob>
        </actor>
        <actor name="D0N2">
            <wcet number="0">220</wcet>
            <wcet number="1">220</wcet>
            <maxpow number="0.45340910162160253"/>
            <maxpow number="0.45340910162160253"/>
            <fprob>0.0</fprob>
        </actor>
        <actor name="D0N20">
            <wcet number="0">20</wcet>
            <wcet number="1">20</wcet>
            <maxpow number="0.39219245803759295"/>
            <maxpow number="0.39219245803759295"/>
            <fprob>0.0</fprob>
        </actor>
        <actor name="D0N1">
            <wcet number="0">10</wcet>
            <wcet number="1">10</wcet>
            <maxpow number="0.587472823954262"/>
            <maxpow number="0.587472823954262"/>
            <fprob>0.0</fprob>
        </actor>
        <actor name="D0N10">
            <wcet number="0">20</wcet>
            <wcet number="1">40</wcet>
            <maxpow number="0.5270170876736963"/>
            <maxpow number="0.5270170876736963"/>
            <fprob>0.0</fprob>
        </actor>
        <actor name="D0N24">
            <wcet number="0">70</wcet>
            <wcet number="1">370</wcet>
            <maxpow number="0.4136124449227824"/>
            <maxpow number="0.4136124449227824"/>
            <fprob>0.0</fprob>
        </actor>
        <actor name="D0N14">
            <wcet number="0">10</wcet>
            <wcet number="1">10</wcet>
            <maxpow number="0.48543910079998165"/>
            <maxpow number="0.48543910079998165"/>
            <fprob>0.0</fprob>
        </actor>
        <actor name="D0N26">
            <wcet number="0">30</wcet>
            <wcet number="1">40</wcet>
            <maxpow number="0.36698280002427364"/>
            <maxpow number="0.36698280002427364"/>
            <fprob>0.0</fprob>
        </actor>
        <actor name="D0N27">
            <wcet number="0">10</wcet>
            <wcet number="1">20</wcet>
            <maxpow number="0.638051931726518"/>
            <maxpow number="0.638051931726518"/>
            <fprob>0.0</fprob>
        </actor>
        <actor name="D0N16">
            <wcet number="0">10</wcet>
            <wcet number="1">10</wcet>
            <maxpow number="0.9728828548311343"/>
            <maxpow number="0.9728828548311343"/>
            <fprob>0.0</fprob>
        </actor>
        <actor name="D0N28">
            <wcet number="0">60</wcet>
            <wcet number="1">70</wcet>
            <maxpow number="0.6309544082563515"/>
            <maxpow number="0.6309544082563515"/>
            <fprob>0.0</fprob>
        </actor>
        <actor name="D0N34">
            <wcet number="0">40</wcet>
            <wcet number="1">130</wcet>
            <maxpow number="0.5873801601433363"/>
            <maxpow number="0.5873801601433363"/>
            <fprob>0.0</fprob>
        </actor>
        <actor name="D0N32">
            <wcet number="0">10</wcet>
            <wcet number="1">60</wcet>
            <maxpow number="0.15451165524446508"/>
            <maxpow number="0.15451165524446508"/>
            <fprob>0.0</fprob>
        </actor>
        <actor name="D0N45">
            <wcet number="0">20</wcet>
            <wcet number="1">30</wcet>
            <maxpow number="0.4729374895386374"/>
            <maxpow number="0.4729374895386374"/>
            <fprob>0.0</fprob>
        </actor>
        <actor name="D0N46">
            <wcet number="0">10</wcet>
            <wcet number="1">10</wcet>
            <maxpow number="0.2173710799478576"/>
            <maxpow number="0.2173710799478576"/>
            <fprob>0.0</fprob>
        </actor>
        <actor name="D0N42">
            <wcet number="0">110</wcet>
            <wcet number="1">290</wcet>
            <maxpow number="0.49103445706922355"/>
            <maxpow number="0.49103445706922355"/>
            <fprob>0.0</fprob>
        </actor>
        <actor name="D0N41">
            <wcet number="0">40</wcet>
            <wcet number="1">160</wcet>
            <maxpow number="0.6442626336187034"/>
            <maxpow number="0.6442626336187034"/>
            <fprob>0.0</fprob>
        </actor>
        <ports>
            <port dstActor="D0N24" name="p0" srcActor="D0N12"/>
            <port dstActor="D0N29" name="p1" srcActor="D0N12"/>
            <port dstActor="D0N47" name="p2" srcActor="D0N12"/>
            <port dstActor="D0N35" name="p3" srcActor="D0N12"/>
            <port dstActor="D0N41" name="p4" srcActor="D0N12"/>
            <port dstActor="D0N44" name="p5" srcActor="D0N12"/>
            <port dstActor="D0N14" name="p6" srcActor="D0N12"/>
            <port dstActor="D0N27" name="p7" srcActor="D0N12"/>
            <port dstActor="D0N34" name="p8" srcActor="D0N13"/>
            <port dstActor="D0N33" name="p9" srcActor="D0N13"/>
            <port dstActor="D0N36" name="p10" srcActor="D0N13"/>
            <port dstActor="D0N27" name="p11" srcActor="D0N13"/>
            <port dstActor="D0N14" name="p12" srcActor="D0N13"/>
            <port dstActor="D0N47" name="p13" srcActor="D0N39"/>
            <port dstActor="D0N37" name="p14" srcActor="D0N23"/>
            <port dstActor="D0N5" name="p15" srcActor="D0N0"/>
            <port dstActor="D0N21" name="p16" srcActor="D0N0"/>
            <port dstActor="D0N7" name="p17" srcActor="D0N0"/>
            <port dstActor="D0N25" name="p18" srcActor="D0N0"/>
            <port dstActor="D0N33" name="p19" srcActor="D0N0"/>
            <port dstActor="D0N12" name="p20" srcActor="D0N0"/>
            <port dstActor="D0N29" name="p21" srcActor="D0N0"/>
            <port dstActor="D0N3" name="p22" srcActor="D0N0"/>
            <port dstActor="D0N19" name="p23" srcActor="D0N0"/>
            <port dstActor="D0N2" name="p24" srcActor="D0N0"/>
            <port dstActor="D0N31" name="p25" srcActor="D0N11"/>
            <port dstActor="D0N20" name="p26" srcActor="D0N11"/>
            <port dstActor="D0N44" name="p27" srcActor="D0N11"/>
            <port dstActor="D0N18" name="p28" srcActor="D0N11"/>
            <port dstActor="D0N43" name="p29" srcActor="D0N22"/>
            <port dstActor="D0N43" name="p30" srcActor="D0N25"/>
            <port dstActor="D0N47" name="p31" srcActor="D0N25"/>
            <port dstActor="D0N32" name="p32" srcActor="D0N25"/>
            <port dstActor="D0N38" name="p33" srcActor="D0N25"/>
            <port dstActor="D0N41" name="p34" srcActor="D0N25"/>
            <port dstActor="D0N42" name="p35" srcActor="D0N29"/>
            <port dstActor="D0N45" name="p36" srcActor="D0N29"/>
            <port dstActor="D0N36" name="p37" srcActor="D0N29"/>
            <port dstActor="D0N45" name="p38" srcActor="D0N35"/>
            <port dstActor="D0N44" name="p39" srcActor="D0N35"/>
            <port dstActor="D0N22" name="p40" srcActor="D0N3"/>
            <port dstActor="D0N32" name="p41" srcActor="D0N3"/>
            <port dstActor="D0N25" name="p42" srcActor="D0N6"/>
            <port dstActor="D0N39" name="p43" srcActor="D0N6"/>
            <port dstActor="D0N23" name="p44" srcActor="D0N6"/>
            <port dstActor="D0N38" name="p45" srcActor="D0N6"/>
            <port dstActor="D0N27" name="p46" srcActor="D0N6"/>
            <port dstActor="D0N14" name="p47" srcActor="D0N6"/>
            <port dstActor="D0N24" name="p48" srcActor="D0N17"/>
            <port dstActor="D0N38" name="p49" srcActor="D0N17"/>
            <port dstActor="D0N47" name="p50" srcActor="D0N17"/>
            <port dstActor="D0N45" name="p51" srcActor="D0N17"/>
            <port dstActor="D0N18" name="p52" srcActor="D0N4"/>
            <port dstActor="D0N34" name="p53" srcActor="D0N4"/>
            <port dstActor="D0N20" name="p54" srcActor="D0N4"/>
            <port dstActor="D0N44" name="p55" srcActor="D0N36"/>
            <port dstActor="D0N47" name="p56" srcActor="D0N36"/>
            <port dstActor="D0N46" name="p57" srcActor="D0N31"/>
            <port dstActor="D0N47" name="p58" srcActor="D0N31"/>
            <port dstActor="D0N34" name="p59" srcActor="D0N31"/>
            <port dstActor="D0N39" name="p60" srcActor="D0N31"/>
            <port dstActor="D0N32" name="p61" srcActor="D0N31"/>
            <port dstActor="D0N45" name="p62" srcActor="D0N31"/>
            <port dstActor="D0N42" name="p63" srcActor="D0N31"/>
            <port dstActor="D0N34" name="p64" srcActor="D0N21"/>
            <port dstActor="D0N26" name="p65" srcActor="D0N21"/>
            <port dstActor="D0N43" name="p66" srcActor="D0N21"/>
            <port dstActor="D0N9" name="p67" srcActor="D0N5"/>
            <port dstActor="D0N27" name="p68" srcActor="D0N5"/>
            <port dstActor="D0N28" name="p69" srcActor="D0N5"/>
            <port dstActor="D0N11" name="p70" srcActor="D0N5"/>
            <port dstActor="D0N23" name="p71" srcActor="D0N5"/>
            <port dstActor="D0N34" name="p72" srcActor="D0N5"/>
            <port dstActor="D0N39" name="p73" srcActor="D0N37"/>
            <port dstActor="D0N27" name="p74" srcActor="D0N8"/>
            <port dstActor="D0N9" name="p75" srcActor="D0N8"/>
            <port dstActor="D0N10" name="p76" srcActor="D0N8"/>
            <port dstActor="D0N14" name="p77" srcActor="D0N8"/>
            <port dstActor="D0N23" name="p78" srcActor="D0N8"/>
            <port dstActor="D0N24" name="p79" srcActor="D0N8"/>
            <port dstActor="D0N43" name="p80" srcActor="D0N33"/>
            <port dstActor="D0N18" name="p81" srcActor="D0N9"/>
            <port dstActor="D0N46" name="p82" srcActor="D0N9"/>
            <port dstActor="D0N33" name="p83" srcActor="D0N19"/>
            <port dstActor="D0N40" name="p84" srcActor="D0N19"/>
            <port dstActor="D0N28" name="p85" srcActor="D0N19"/>
            <port dstActor="D0N15" name="p86" srcActor="D0N7"/>
            <port dstActor="D0N21" name="p87" srcActor="D0N7"/>
            <port dstActor="D0N9" name="p88" srcActor="D0N7"/>
            <port dstActor="D0N10" name="p89" srcActor="D0N7"/>
            <port dstActor="D0N16" name="p90" srcActor="D0N7"/>
            <port dstActor="D0N21" name="p91" srcActor="D0N15"/>
            <port dstActor="D0N45" name="p92" srcActor="D0N15"/>
            <port dstActor="D0N16" name="p93" srcActor="D0N2"/>
            <port dstActor="D0N34" name="p94" srcActor="D0N2"/>
            <port dstActor="D0N11" name="p95" srcActor="D0N2"/>
            <port dstActor="D0N39" name="p96" srcActor="D0N2"/>
            <port dstActor="D0N7" name="p97" srcActor="D0N2"/>
            <port dstActor="D0N27" name="p98" srcActor="D0N2"/>
            <port dstActor="D0N18" name="p99" srcActor="D0N2"/>
            <port dstActor="D0N44" name="p100" srcActor="D0N20"/>
            <port dstActor="D0N43" name="p101" srcActor="D0N1"/>
            <port dstActor="D0N39" name="p102" srcActor="D0N1"/>
            <port dstActor="D0N20" name="p103" srcActor="D0N1"/>
            <port dstActor="D0N15" name="p104" srcActor="D0N1"/>
            <port dstActor="D0N16" name="p105" srcActor="D0N1"/>
            <port dstActor="D0N13" name="p106" srcActor="D0N10"/>
            <port dstActor="D0N21" name="p107" srcActor="D0N10"/>
            <port dstActor="D0N40" name="p108" srcActor="D0N24"/>
            <port dstActor="D0N42" name="p109" srcActor="D0N24"/>
            <port dstActor="D0N36" name="p110" srcActor="D0N24"/>
            <port dstActor="D0N41" name="p111" srcActor="D0N14"/>
            <port dstActor="D0N31" name="p112" srcActor="D0N26"/>
            <port dstActor="D0N32" name="p113" srcActor="D0N27"/>
            <port dstActor="D0N18" name="p114" srcActor="D0N16"/>
            <port dstActor="D0N44" name="p115" srcActor="D0N16"/>
            <port dstActor="D0N30" name="p116" srcActor="D0N28"/>
            <port dstActor="D0N39" name="p117" srcActor="D0N28"/>
            <port dstActor="D0N37" name="p118" srcActor="D0N28"/>
            <port dstActor="D0N33" name="p119" srcActor="D0N32"/>
            <port dstActor="D0N39" name="p120" srcActor="D0N32"/>
            <port dstActor="D0N36" name="p121" srcActor="D0N32"/>
            <port dstActor="D0N34" name="p122" srcActor="D0N32"/>
            <port dstActor="D0N47" name="p123" srcActor="D0N45"/>
            <port dstActor="D0N42" name="p124" srcActor="D0N41"/>
            <port dstActor="D0N44" name="p125" srcActor="D0N41"/>
        </ports>
    </mcdag>
    <cores number="3"/>
    <levels number="2"/>
</mcsystem>
