<?xml version="1.0" encoding="UTF-8" standalone="no"?>
<mcsystem>
    <mcdag deadline="2000" name="genned-0-ed-10.0-0">
        <actor name="D0N29">
            <wcet number="0">270</wcet>
            <wcet number="1">480</wcet>
            <maxpow number="0.6935625652465947"/>
            <maxpow number="0.6935625652465947"/>
            <fprob>0.0</fprob>
        </actor>
        <actor name="D0N26">
            <wcet number="0">100</wcet>
            <wcet number="1">100</wcet>
            <maxpow number="0.6058703118669783"/>
            <maxpow number="0.6058703118669783"/>
            <fprob>0.0</fprob>
        </actor>
        <actor name="D0N41">
            <wcet number="0">30</wcet>
            <wcet number="1">30</wcet>
            <maxpow number="0.17525537664532215"/>
            <maxpow number="0.17525537664532215"/>
            <fprob>0.0</fprob>
        </actor>
        <actor name="D0N6">
            <wcet number="0">50</wcet>
            <wcet number="1">90</wcet>
            <maxpow number="0.43351151071592176"/>
            <maxpow number="0.43351151071592176"/>
            <fprob>0.0</fprob>
        </actor>
        <actor name="D0N40">
            <wcet number="0">40</wcet>
            <wcet number="1">40</wcet>
            <maxpow number="0.654304172384333"/>
            <maxpow number="0.654304172384333"/>
            <fprob>0.0</fprob>
        </actor>
        <actor name="D0N27">
            <wcet number="0">140</wcet>
            <wcet number="1">190</wcet>
            <maxpow number="0.4944194006594937"/>
            <maxpow number="0.4944194006594937"/>
            <fprob>0.0</fprob>
        </actor>
        <actor name="D0N31">
            <wcet number="0">20</wcet>
            <wcet number="1">30</wcet>
            <maxpow number="0.47664896131718476"/>
            <maxpow number="0.47664896131718476"/>
            <fprob>0.0</fprob>
        </actor>
        <actor name="D0N32">
            <wcet number="0">20</wcet>
            <wcet number="1">20</wcet>
            <maxpow number="0.6564258093557527"/>
            <maxpow number="0.6564258093557527"/>
            <fprob>0.0</fprob>
        </actor>
        <actor name="D0N45">
            <wcet number="0">130</wcet>
            <wcet number="1">130</wcet>
            <maxpow number="0.7381317128417315"/>
            <maxpow number="0.7381317128417315"/>
            <fprob>0.0</fprob>
        </actor>
        <actor name="D0N46">
            <wcet number="0">20</wcet>
            <wcet number="1">80</wcet>
            <maxpow number="0.3543067488603523"/>
            <maxpow number="0.3543067488603523"/>
            <fprob>0.0</fprob>
        </actor>
        <actor name="D0N33">
            <wcet number="0">220</wcet>
            <wcet number="1">350</wcet>
            <maxpow number="0.48926220219553107"/>
            <maxpow number="0.48926220219553107"/>
            <fprob>0.0</fprob>
        </actor>
        <actor name="D0N22">
            <wcet number="0">10</wcet>
            <wcet number="1">30</wcet>
            <maxpow number="0.4781451103049829"/>
            <maxpow number="0.4781451103049829"/>
            <fprob>0.0</fprob>
        </actor>
        <actor name="D0N0">
            <wcet number="0">20</wcet>
            <wcet number="1">50</wcet>
            <maxpow number="0.5920991636360162"/>
            <maxpow number="0.5920991636360162"/>
            <fprob>0.0</fprob>
        </actor>
        <actor name="D0N37">
            <wcet number="0">10</wcet>
            <wcet number="1">20</wcet>
            <maxpow number="0.49238169313845576"/>
            <maxpow number="0.49238169313845576"/>
            <fprob>0.0</fprob>
        </actor>
        <actor name="D0N34">
            <wcet number="0">210</wcet>
            <wcet number="1">330</wcet>
            <maxpow number="0.23620172694348512"/>
            <maxpow number="0.23620172694348512"/>
            <fprob>0.0</fprob>
        </actor>
        <actor name="D0N47">
            <wcet number="0">170</wcet>
            <wcet number="1">170</wcet>
            <maxpow number="0.492617547091169"/>
            <maxpow number="0.492617547091169"/>
            <fprob>0.0</fprob>
        </actor>
        <actor name="D0N14">
            <wcet number="0">80</wcet>
            <wcet number="1">100</wcet>
            <maxpow number="0.6916310857889292"/>
            <maxpow number="0.6916310857889292"/>
            <fprob>0.0</fprob>
        </actor>
        <actor name="D0N8">
            <wcet number="0">10</wcet>
            <wcet number="1">20</wcet>
            <maxpow number="0.4507710871771535"/>
            <maxpow number="0.4507710871771535"/>
            <fprob>0.0</fprob>
        </actor>
        <actor name="D0N9">
            <wcet number="0">50</wcet>
            <wcet number="1">90</wcet>
            <maxpow number="0.4947786193340758"/>
            <maxpow number="0.4947786193340758"/>
            <fprob>0.0</fprob>
        </actor>
        <actor name="D0N39">
            <wcet number="0">20</wcet>
            <wcet number="1">20</wcet>
            <maxpow number="0.7819640272201013"/>
            <maxpow number="0.7819640272201013"/>
            <fprob>0.0</fprob>
        </actor>
        <actor name="D0N36">
            <wcet number="0">30</wcet>
            <wcet number="1">30</wcet>
            <maxpow number="0.6914043909956282"/>
            <maxpow number="0.6914043909956282"/>
            <fprob>0.0</fprob>
        </actor>
        <actor name="D0N48">
            <wcet number="0">20</wcet>
            <wcet number="1">20</wcet>
            <maxpow number="0.6613170754080177"/>
            <maxpow number="0.6613170754080177"/>
            <fprob>0.0</fprob>
        </actor>
        <actor name="D0N18">
            <wcet number="0">120</wcet>
            <wcet number="1">130</wcet>
            <maxpow number="0.36636553239158676"/>
            <maxpow number="0.36636553239158676"/>
            <fprob>0.0</fprob>
        </actor>
        <actor name="D0N20">
            <wcet number="0">90</wcet>
            <wcet number="1">160</wcet>
            <maxpow number="0.6048016751863612"/>
            <maxpow number="0.6048016751863612"/>
            <fprob>0.0</fprob>
        </actor>
        <actor name="D0N1">
            <wcet number="0">100</wcet>
            <wcet number="1">190</wcet>
            <maxpow number="0.5688213283088618"/>
            <maxpow number="0.5688213283088618"/>
            <fprob>0.0</fprob>
        </actor>
        <actor name="D0N25">
            <wcet number="0">10</wcet>
            <wcet number="1">20</wcet>
            <maxpow number="0.8881668501303225"/>
            <maxpow number="0.8881668501303225"/>
            <fprob>0.0</fprob>
        </actor>
        <actor name="D0N42">
            <wcet number="0">10</wcet>
            <wcet number="1">30</wcet>
            <maxpow number="0.47984380771309487"/>
            <maxpow number="0.47984380771309487"/>
            <fprob>0.0</fprob>
        </actor>
        <actor name="D0N15">
            <wcet number="0">10</wcet>
            <wcet number="1">80</wcet>
            <maxpow number="0.28420844258608624"/>
            <maxpow number="0.28420844258608624"/>
            <fprob>0.0</fprob>
        </actor>
        <actor name="D0N5">
            <wcet number="0">200</wcet>
            <wcet number="1">240</wcet>
            <maxpow number="0.7428907238853717"/>
            <maxpow number="0.7428907238853717"/>
            <fprob>0.0</fprob>
        </actor>
        <actor name="D0N49">
            <wcet number="0">10</wcet>
            <wcet number="1">20</wcet>
            <maxpow number="0.7055927941516168"/>
            <maxpow number="0.7055927941516168"/>
            <fprob>0.0</fprob>
        </actor>
        <actor name="D0N17">
            <wcet number="0">20</wcet>
            <wcet number="1">40</wcet>
            <maxpow number="0.5846469778489358"/>
            <maxpow number="0.5846469778489358"/>
            <fprob>0.0</fprob>
        </actor>
        <actor name="D0N10">
            <wcet number="0">20</wcet>
            <wcet number="1">60</wcet>
            <maxpow number="0.4356065920183497"/>
            <maxpow number="0.4356065920183497"/>
            <fprob>0.0</fprob>
        </actor>
        <actor name="D0N28">
            <wcet number="0">50</wcet>
            <wcet number="1">50</wcet>
            <maxpow number="0.5990350180536943"/>
            <maxpow number="0.5990350180536943"/>
            <fprob>0.0</fprob>
        </actor>
        <actor name="D0N24">
            <wcet number="0">20</wcet>
            <wcet number="1">220</wcet>
            <maxpow number="0.4080978806329394"/>
            <maxpow number="0.4080978806329394"/>
            <fprob>0.0</fprob>
        </actor>
        <actor name="D0N2">
            <wcet number="0">130</wcet>
            <wcet number="1">160</wcet>
            <maxpow number="0.46665445321013765"/>
            <maxpow number="0.46665445321013765"/>
            <fprob>0.0</fprob>
        </actor>
        <actor name="D0N43">
            <wcet number="0">10</wcet>
            <wcet number="1">40</wcet>
            <maxpow number="0.5461328508677918"/>
            <maxpow number="0.5461328508677918"/>
            <fprob>0.0</fprob>
        </actor>
        <actor name="D0N3">
            <wcet number="0">10</wcet>
            <wcet number="1">90</wcet>
            <maxpow number="0.4935578135948646"/>
            <maxpow number="0.4935578135948646"/>
            <fprob>0.0</fprob>
        </actor>
        <actor name="D0N38">
            <wcet number="0">80</wcet>
            <wcet number="1">150</wcet>
            <maxpow number="0.14928208384591568"/>
            <maxpow number="0.14928208384591568"/>
            <fprob>0.0</fprob>
        </actor>
        <actor name="D0N7">
            <wcet number="0">60</wcet>
            <wcet number="1">70</wcet>
            <maxpow number="0.5247516814772443"/>
            <maxpow number="0.5247516814772443"/>
            <fprob>0.0</fprob>
        </actor>
        <actor name="D0N11">
            <wcet number="0">10</wcet>
            <wcet number="1">10</wcet>
            <maxpow number="0.202084768369457"/>
            <maxpow number="0.202084768369457"/>
            <fprob>0.0</fprob>
        </actor>
        <actor name="D0N4">
            <wcet number="0">10</wcet>
            <wcet number="1">20</wcet>
            <maxpow number="0.6393666543448682"/>
            <maxpow number="0.6393666543448682"/>
            <fprob>0.0</fprob>
        </actor>
        <actor name="D0N21">
            <wcet number="0">20</wcet>
            <wcet number="1">20</wcet>
            <maxpow number="0.46514083013006075"/>
            <maxpow number="0.46514083013006075"/>
            <fprob>0.0</fprob>
        </actor>
        <actor name="D0N44">
            <wcet number="0">20</wcet>
            <wcet number="1">20</wcet>
            <maxpow number="0.5240721812183335"/>
            <maxpow number="0.5240721812183335"/>
            <fprob>0.0</fprob>
        </actor>
        <actor name="D0N30">
            <wcet number="0">20</wcet>
            <wcet number="1">90</wcet>
            <maxpow number="0.321834332088362"/>
            <maxpow number="0.321834332088362"/>
            <fprob>0.0</fprob>
        </actor>
        <actor name="D0N35">
            <wcet number="0">130</wcet>
            <wcet number="1">240</wcet>
            <maxpow number="0.13156506462470707"/>
            <maxpow number="0.13156506462470707"/>
            <fprob>0.0</fprob>
        </actor>
        <actor name="D0N12">
            <wcet number="0">170</wcet>
            <wcet number="1">260</wcet>
            <maxpow number="0.4631087796438817"/>
            <maxpow number="0.4631087796438817"/>
            <fprob>0.0</fprob>
        </actor>
        <actor name="D0N16">
            <wcet number="0">20</wcet>
            <wcet number="1">200</wcet>
            <maxpow number="0.8585749033333762"/>
            <maxpow number="0.8585749033333762"/>
            <fprob>0.0</fprob>
        </actor>
        <actor name="D0N13">
            <wcet number="0">200</wcet>
            <wcet number="1">240</wcet>
            <maxpow number="0.21419933606535752"/>
            <maxpow number="0.21419933606535752"/>
            <fprob>0.0</fprob>
        </actor>
        <actor name="D0N19">
            <wcet number="0">60</wcet>
            <wcet number="1">80</wcet>
            <maxpow number="0.5481953997870368"/>
            <maxpow number="0.5481953997870368"/>
            <fprob>0.0</fprob>
        </actor>
        <actor name="D0N23">
            <wcet number="0">20</wcet>
            <wcet number="1">250</wcet>
            <maxpow number="0.6974933562596979"/>
            <maxpow number="0.6974933562596979"/>
            <fprob>0.0</fprob>
        </actor>
        <ports>
            <port dstActor="D0N28" name="p0" srcActor="D0N26"/>
            <port dstActor="D0N26" name="p1" srcActor="D0N6"/>
            <port dstActor="D0N28" name="p2" srcActor="D0N6"/>
            <port dstActor="D0N39" name="p3" srcActor="D0N6"/>
            <port dstActor="D0N10" name="p4" srcActor="D0N6"/>
            <port dstActor="D0N46" name="p5" srcActor="D0N6"/>
            <port dstActor="D0N24" name="p6" srcActor="D0N6"/>
            <port dstActor="D0N47" name="p7" srcActor="D0N40"/>
            <port dstActor="D0N29" name="p8" srcActor="D0N27"/>
            <port dstActor="D0N47" name="p9" srcActor="D0N27"/>
            <port dstActor="D0N37" name="p10" srcActor="D0N31"/>
            <port dstActor="D0N40" name="p11" srcActor="D0N31"/>
            <port dstActor="D0N41" name="p12" srcActor="D0N31"/>
            <port dstActor="D0N36" name="p13" srcActor="D0N32"/>
            <port dstActor="D0N41" name="p14" srcActor="D0N33"/>
            <port dstActor="D0N46" name="p15" srcActor="D0N33"/>
            <port dstActor="D0N41" name="p16" srcActor="D0N22"/>
            <port dstActor="D0N28" name="p17" srcActor="D0N22"/>
            <port dstActor="D0N32" name="p18" srcActor="D0N22"/>
            <port dstActor="D0N45" name="p19" srcActor="D0N22"/>
            <port dstActor="D0N35" name="p20" srcActor="D0N22"/>
            <port dstActor="D0N40" name="p21" srcActor="D0N22"/>
            <port dstActor="D0N42" name="p22" srcActor="D0N22"/>
            <port dstActor="D0N14" name="p23" srcActor="D0N0"/>
            <port dstActor="D0N9" name="p24" srcActor="D0N0"/>
            <port dstActor="D0N23" name="p25" srcActor="D0N0"/>
            <port dstActor="D0N32" name="p26" srcActor="D0N0"/>
            <port dstActor="D0N21" name="p27" srcActor="D0N0"/>
            <port dstActor="D0N46" name="p28" srcActor="D0N0"/>
            <port dstActor="D0N4" name="p29" srcActor="D0N0"/>
            <port dstActor="D0N5" name="p30" srcActor="D0N0"/>
            <port dstActor="D0N10" name="p31" srcActor="D0N0"/>
            <port dstActor="D0N42" name="p32" srcActor="D0N0"/>
            <port dstActor="D0N33" name="p33" srcActor="D0N0"/>
            <port dstActor="D0N12" name="p34" srcActor="D0N0"/>
            <port dstActor="D0N43" name="p35" srcActor="D0N34"/>
            <port dstActor="D0N44" name="p36" srcActor="D0N34"/>
            <port dstActor="D0N48" name="p37" srcActor="D0N47"/>
            <port dstActor="D0N43" name="p38" srcActor="D0N14"/>
            <port dstActor="D0N21" name="p39" srcActor="D0N14"/>
            <port dstActor="D0N17" name="p40" srcActor="D0N14"/>
            <port dstActor="D0N22" name="p41" srcActor="D0N14"/>
            <port dstActor="D0N49" name="p42" srcActor="D0N8"/>
            <port dstActor="D0N44" name="p43" srcActor="D0N8"/>
            <port dstActor="D0N15" name="p44" srcActor="D0N8"/>
            <port dstActor="D0N24" name="p45" srcActor="D0N8"/>
            <port dstActor="D0N30" name="p46" srcActor="D0N8"/>
            <port dstActor="D0N17" name="p47" srcActor="D0N8"/>
            <port dstActor="D0N33" name="p48" srcActor="D0N9"/>
            <port dstActor="D0N28" name="p49" srcActor="D0N9"/>
            <port dstActor="D0N48" name="p50" srcActor="D0N9"/>
            <port dstActor="D0N43" name="p51" srcActor="D0N39"/>
            <port dstActor="D0N46" name="p52" srcActor="D0N36"/>
            <port dstActor="D0N30" name="p53" srcActor="D0N18"/>
            <port dstActor="D0N27" name="p54" srcActor="D0N18"/>
            <port dstActor="D0N39" name="p55" srcActor="D0N1"/>
            <port dstActor="D0N9" name="p56" srcActor="D0N1"/>
            <port dstActor="D0N18" name="p57" srcActor="D0N1"/>
            <port dstActor="D0N32" name="p58" srcActor="D0N1"/>
            <port dstActor="D0N44" name="p59" srcActor="D0N25"/>
            <port dstActor="D0N49" name="p60" srcActor="D0N25"/>
            <port dstActor="D0N41" name="p61" srcActor="D0N15"/>
            <port dstActor="D0N48" name="p62" srcActor="D0N5"/>
            <port dstActor="D0N20" name="p63" srcActor="D0N17"/>
            <port dstActor="D0N31" name="p64" srcActor="D0N17"/>
            <port dstActor="D0N47" name="p65" srcActor="D0N10"/>
            <port dstActor="D0N26" name="p66" srcActor="D0N10"/>
            <port dstActor="D0N48" name="p67" srcActor="D0N28"/>
            <port dstActor="D0N49" name="p68" srcActor="D0N24"/>
            <port dstActor="D0N40" name="p69" srcActor="D0N24"/>
            <port dstActor="D0N38" name="p70" srcActor="D0N24"/>
            <port dstActor="D0N30" name="p71" srcActor="D0N24"/>
            <port dstActor="D0N36" name="p72" srcActor="D0N24"/>
            <port dstActor="D0N33" name="p73" srcActor="D0N2"/>
            <port dstActor="D0N13" name="p74" srcActor="D0N2"/>
            <port dstActor="D0N15" name="p75" srcActor="D0N2"/>
            <port dstActor="D0N29" name="p76" srcActor="D0N2"/>
            <port dstActor="D0N8" name="p77" srcActor="D0N2"/>
            <port dstActor="D0N3" name="p78" srcActor="D0N2"/>
            <port dstActor="D0N27" name="p79" srcActor="D0N2"/>
            <port dstActor="D0N28" name="p80" srcActor="D0N2"/>
            <port dstActor="D0N22" name="p81" srcActor="D0N2"/>
            <port dstActor="D0N48" name="p82" srcActor="D0N43"/>
            <port dstActor="D0N24" name="p83" srcActor="D0N3"/>
            <port dstActor="D0N19" name="p84" srcActor="D0N3"/>
            <port dstActor="D0N25" name="p85" srcActor="D0N3"/>
            <port dstActor="D0N40" name="p86" srcActor="D0N3"/>
            <port dstActor="D0N41" name="p87" srcActor="D0N3"/>
            <port dstActor="D0N40" name="p88" srcActor="D0N38"/>
            <port dstActor="D0N15" name="p89" srcActor="D0N7"/>
            <port dstActor="D0N44" name="p90" srcActor="D0N7"/>
            <port dstActor="D0N46" name="p91" srcActor="D0N7"/>
            <port dstActor="D0N24" name="p92" srcActor="D0N7"/>
            <port dstActor="D0N9" name="p93" srcActor="D0N7"/>
            <port dstActor="D0N26" name="p94" srcActor="D0N7"/>
            <port dstActor="D0N20" name="p95" srcActor="D0N7"/>
            <port dstActor="D0N8" name="p96" srcActor="D0N7"/>
            <port dstActor="D0N26" name="p97" srcActor="D0N11"/>
            <port dstActor="D0N14" name="p98" srcActor="D0N11"/>
            <port dstActor="D0N18" name="p99" srcActor="D0N11"/>
            <port dstActor="D0N27" name="p100" srcActor="D0N11"/>
            <port dstActor="D0N32" name="p101" srcActor="D0N11"/>
            <port dstActor="D0N13" name="p102" srcActor="D0N11"/>
            <port dstActor="D0N24" name="p103" srcActor="D0N4"/>
            <port dstActor="D0N41" name="p104" srcActor="D0N4"/>
            <port dstActor="D0N43" name="p105" srcActor="D0N4"/>
            <port dstActor="D0N10" name="p106" srcActor="D0N4"/>
            <port dstActor="D0N37" name="p107" srcActor="D0N21"/>
            <port dstActor="D0N32" name="p108" srcActor="D0N21"/>
            <port dstActor="D0N25" name="p109" srcActor="D0N21"/>
            <port dstActor="D0N41" name="p110" srcActor="D0N21"/>
            <port dstActor="D0N48" name="p111" srcActor="D0N44"/>
            <port dstActor="D0N36" name="p112" srcActor="D0N35"/>
            <port dstActor="D0N38" name="p113" srcActor="D0N35"/>
            <port dstActor="D0N33" name="p114" srcActor="D0N12"/>
            <port dstActor="D0N15" name="p115" srcActor="D0N12"/>
            <port dstActor="D0N25" name="p116" srcActor="D0N12"/>
            <port dstActor="D0N29" name="p117" srcActor="D0N16"/>
            <port dstActor="D0N32" name="p118" srcActor="D0N16"/>
            <port dstActor="D0N38" name="p119" srcActor="D0N16"/>
            <port dstActor="D0N41" name="p120" srcActor="D0N16"/>
            <port dstActor="D0N18" name="p121" srcActor="D0N13"/>
            <port dstActor="D0N19" name="p122" srcActor="D0N13"/>
            <port dstActor="D0N31" name="p123" srcActor="D0N13"/>
            <port dstActor="D0N38" name="p124" srcActor="D0N13"/>
            <port dstActor="D0N37" name="p125" srcActor="D0N13"/>
            <port dstActor="D0N48" name="p126" srcActor="D0N19"/>
            <port dstActor="D0N40" name="p127" srcActor="D0N19"/>
            <port dstActor="D0N32" name="p128" srcActor="D0N23"/>
            <port dstActor="D0N37" name="p129" srcActor="D0N23"/>
            <port dstActor="D0N43" name="p130" srcActor="D0N23"/>
            <port dstActor="D0N34" name="p131" srcActor="D0N23"/>
        </ports>
    </mcdag>
    <cores number="3"/>
    <levels number="2"/>
</mcsystem>
