<?xml version="1.0" encoding="UTF-8" standalone="no"?>
<mcsystem>
    <mcdag deadline="1500" name="genned-0-ed-10.0-0">
        <actor name="D0N23">
            <wcet number="0">30</wcet>
            <wcet number="1">40</wcet>
            <maxpow number="0.6777472093849719"/>
            <maxpow number="0.6777472093849719"/>
            <fprob>0.0</fprob>
        </actor>
        <actor name="D0N3">
            <wcet number="0">20</wcet>
            <wcet number="1">30</wcet>
            <maxpow number="0.8655876828022774"/>
            <maxpow number="0.8655876828022774"/>
            <fprob>0.0</fprob>
        </actor>
        <actor name="D0N36">
            <wcet number="0">120</wcet>
            <wcet number="1">140</wcet>
            <maxpow number="0.24926438817800606"/>
            <maxpow number="0.24926438817800606"/>
            <fprob>0.0</fprob>
        </actor>
        <actor name="D0N20">
            <wcet number="0">30</wcet>
            <wcet number="1">50</wcet>
            <maxpow number="0.6371258273257974"/>
            <maxpow number="0.6371258273257974"/>
            <fprob>0.0</fprob>
        </actor>
        <actor name="D0N13">
            <wcet number="0">20</wcet>
            <wcet number="1">30</wcet>
            <maxpow number="0.8900190330540779"/>
            <maxpow number="0.8900190330540779"/>
            <fprob>0.0</fprob>
        </actor>
        <actor name="D0N22">
            <wcet number="0">20</wcet>
            <wcet number="1">50</wcet>
            <maxpow number="0.41645046501981886"/>
            <maxpow number="0.41645046501981886"/>
            <fprob>0.0</fprob>
        </actor>
        <actor name="D0N19">
            <wcet number="0">10</wcet>
            <wcet number="1">160</wcet>
            <maxpow number="0.34726816148435863"/>
            <maxpow number="0.34726816148435863"/>
            <fprob>0.0</fprob>
        </actor>
        <actor name="D0N34">
            <wcet number="0">30</wcet>
            <wcet number="1">30</wcet>
            <maxpow number="0.5194499021836282"/>
            <maxpow number="0.5194499021836282"/>
            <fprob>0.0</fprob>
        </actor>
        <actor name="D0N46">
            <wcet number="0">10</wcet>
            <wcet number="1">10</wcet>
            <maxpow number="0.5097366709048674"/>
            <maxpow number="0.5097366709048674"/>
            <fprob>0.0</fprob>
        </actor>
        <actor name="D0N17">
            <wcet number="0">50</wcet>
            <wcet number="1">140</wcet>
            <maxpow number="0.1708991294486184"/>
            <maxpow number="0.1708991294486184"/>
            <fprob>0.0</fprob>
        </actor>
        <actor name="D0N9">
            <wcet number="0">20</wcet>
            <wcet number="1">30</wcet>
            <maxpow number="0.05664136092989647"/>
            <maxpow number="0.05664136092989647"/>
            <fprob>0.0</fprob>
        </actor>
        <actor name="D0N38">
            <wcet number="0">60</wcet>
            <wcet number="1">110</wcet>
            <maxpow number="0.5638475133549294"/>
            <maxpow number="0.5638475133549294"/>
            <fprob>0.0</fprob>
        </actor>
        <actor name="D0N33">
            <wcet number="0">10</wcet>
            <wcet number="1">10</wcet>
            <maxpow number="0.6168772434042017"/>
            <maxpow number="0.6168772434042017"/>
            <fprob>0.0</fprob>
        </actor>
        <actor name="D0N43">
            <wcet number="0">30</wcet>
            <wcet number="1">40</wcet>
            <maxpow number="0.1689192640777435"/>
            <maxpow number="0.1689192640777435"/>
            <fprob>0.0</fprob>
        </actor>
        <actor name="D0N5">
            <wcet number="0">10</wcet>
            <wcet number="1">20</wcet>
            <maxpow number="0.4973834534947245"/>
            <maxpow number="0.4973834534947245"/>
            <fprob>0.0</fprob>
        </actor>
        <actor name="D0N45">
            <wcet number="0">10</wcet>
            <wcet number="1">10</wcet>
            <maxpow number="0.4938673016687735"/>
            <maxpow number="0.4938673016687735"/>
            <fprob>0.0</fprob>
        </actor>
        <actor name="D0N21">
            <wcet number="0">10</wcet>
            <wcet number="1">10</wcet>
            <maxpow number="0.21930960912963138"/>
            <maxpow number="0.21930960912963138"/>
            <fprob>0.0</fprob>
        </actor>
        <actor name="D0N15">
            <wcet number="0">10</wcet>
            <wcet number="1">10</wcet>
            <maxpow number="0.5579621084091352"/>
            <maxpow number="0.5579621084091352"/>
            <fprob>0.0</fprob>
        </actor>
        <actor name="D0N42">
            <wcet number="0">10</wcet>
            <wcet number="1">20</wcet>
            <maxpow number="0.47248671087412014"/>
            <maxpow number="0.47248671087412014"/>
            <fprob>0.0</fprob>
        </actor>
        <actor name="D0N16">
            <wcet number="0">70</wcet>
            <wcet number="1">70</wcet>
            <maxpow number="0.5662071383233143"/>
            <maxpow number="0.5662071383233143"/>
            <fprob>0.0</fprob>
        </actor>
        <actor name="D0N24">
            <wcet number="0">20</wcet>
            <wcet number="1">40</wcet>
            <maxpow number="0.479546231104295"/>
            <maxpow number="0.479546231104295"/>
            <fprob>0.0</fprob>
        </actor>
        <actor name="D0N6">
            <wcet number="0">10</wcet>
            <wcet number="1">20</wcet>
            <maxpow number="0.5581403421235743"/>
            <maxpow number="0.5581403421235743"/>
            <fprob>0.0</fprob>
        </actor>
        <actor name="D0N28">
            <wcet number="0">20</wcet>
            <wcet number="1">30</wcet>
            <maxpow number="0.5424604027397695"/>
            <maxpow number="0.5424604027397695"/>
            <fprob>0.0</fprob>
        </actor>
        <actor name="D0N35">
            <wcet number="0">40</wcet>
            <wcet number="1">120</wcet>
            <maxpow number="0.4556357687866807"/>
            <maxpow number="0.4556357687866807"/>
            <fprob>0.0</fprob>
        </actor>
        <actor name="D0N30">
            <wcet number="0">140</wcet>
            <wcet number="1">150</wcet>
            <maxpow number="0.6236494995352198"/>
            <maxpow number="0.6236494995352198"/>
            <fprob>0.0</fprob>
        </actor>
        <actor name="D0N4">
            <wcet number="0">30</wcet>
            <wcet number="1">60</wcet>
            <maxpow number="0.4560824658081514"/>
            <maxpow number="0.4560824658081514"/>
            <fprob>0.0</fprob>
        </actor>
        <actor name="D0N40">
            <wcet number="0">20</wcet>
            <wcet number="1">50</wcet>
            <maxpow number="0.7118218354246352"/>
            <maxpow number="0.7118218354246352"/>
            <fprob>0.0</fprob>
        </actor>
        <actor name="D0N25">
            <wcet number="0">110</wcet>
            <wcet number="1">180</wcet>
            <maxpow number="0.6438646389240438"/>
            <maxpow number="0.6438646389240438"/>
            <fprob>0.0</fprob>
        </actor>
        <actor name="D0N37">
            <wcet number="0">50</wcet>
            <wcet number="1">50</wcet>
            <maxpow number="0.5542834089716648"/>
            <maxpow number="0.5542834089716648"/>
            <fprob>0.0</fprob>
        </actor>
        <actor name="D0N1">
            <wcet number="0">280</wcet>
            <wcet number="1">280</wcet>
            <maxpow number="0.45247774881142533"/>
            <maxpow number="0.45247774881142533"/>
            <fprob>0.0</fprob>
        </actor>
        <actor name="D0N14">
            <wcet number="0">20</wcet>
            <wcet number="1">110</wcet>
            <maxpow number="0.660058040519182"/>
            <maxpow number="0.660058040519182"/>
            <fprob>0.0</fprob>
        </actor>
        <actor name="D0N0">
            <wcet number="0">20</wcet>
            <wcet number="1">50</wcet>
            <maxpow number="0.30443991209679383"/>
            <maxpow number="0.30443991209679383"/>
            <fprob>0.0</fprob>
        </actor>
        <actor name="D0N18">
            <wcet number="0">80</wcet>
            <wcet number="1">110</wcet>
            <maxpow number="0.38303353996005474"/>
            <maxpow number="0.38303353996005474"/>
            <fprob>0.0</fprob>
        </actor>
        <actor name="D0N11">
            <wcet number="0">160</wcet>
            <wcet number="1">160</wcet>
            <maxpow number="0.6208897988748601"/>
            <maxpow number="0.6208897988748601"/>
            <fprob>0.0</fprob>
        </actor>
        <actor name="D0N26">
            <wcet number="0">10</wcet>
            <wcet number="1">10</wcet>
            <maxpow number="0.8186035814278803"/>
            <maxpow number="0.8186035814278803"/>
            <fprob>0.0</fprob>
        </actor>
        <actor name="D0N41">
            <wcet number="0">40</wcet>
            <wcet number="1">40</wcet>
            <maxpow number="0.3819988969821352"/>
            <maxpow number="0.3819988969821352"/>
            <fprob>0.0</fprob>
        </actor>
        <actor name="D0N2">
            <wcet number="0">10</wcet>
            <wcet number="1">30</wcet>
            <maxpow number="0.5698605436461839"/>
            <maxpow number="0.5698605436461839"/>
            <fprob>0.0</fprob>
        </actor>
        <actor name="D0N27">
            <wcet number="0">20</wcet>
            <wcet number="1">30</wcet>
            <maxpow number="1.0441955140183723"/>
            <maxpow number="1.0441955140183723"/>
            <fprob>0.0</fprob>
        </actor>
        <actor name="D0N8">
            <wcet number="0">40</wcet>
            <wcet number="1">240</wcet>
            <maxpow number="0.614411445135391"/>
            <maxpow number="0.614411445135391"/>
            <fprob>0.0</fprob>
        </actor>
        <actor name="D0N39">
            <wcet number="0">10</wcet>
            <wcet number="1">10</wcet>
            <maxpow number="0.5892141666624443"/>
            <maxpow number="0.5892141666624443"/>
            <fprob>0.0</fprob>
        </actor>
        <actor name="D0N44">
            <wcet number="0">40</wcet>
            <wcet number="1">60</wcet>
            <maxpow number="0.5081506606474124"/>
            <maxpow number="0.5081506606474124"/>
            <fprob>0.0</fprob>
        </actor>
        <actor name="D0N32">
            <wcet number="0">60</wcet>
            <wcet number="1">90</wcet>
            <maxpow number="0.6341770859438476"/>
            <maxpow number="0.6341770859438476"/>
            <fprob>0.0</fprob>
        </actor>
        <actor name="D0N7">
            <wcet number="0">70</wcet>
            <wcet number="1">340</wcet>
            <maxpow number="0.5002773036450344"/>
            <maxpow number="0.5002773036450344"/>
            <fprob>0.0</fprob>
        </actor>
        <actor name="D0N12">
            <wcet number="0">10</wcet>
            <wcet number="1">80</wcet>
            <maxpow number="0.563755377228578"/>
            <maxpow number="0.563755377228578"/>
            <fprob>0.0</fprob>
        </actor>
        <actor name="D0N10">
            <wcet number="0">30</wcet>
            <wcet number="1">40</wcet>
            <maxpow number="0.6315547192033167"/>
            <maxpow number="0.6315547192033167"/>
            <fprob>0.0</fprob>
        </actor>
        <actor name="D0N31">
            <wcet number="0">10</wcet>
            <wcet number="1">70</wcet>
            <maxpow number="0.4715690010133061"/>
            <maxpow number="0.4715690010133061"/>
            <fprob>0.0</fprob>
        </actor>
        <actor name="D0N29">
            <wcet number="0">50</wcet>
            <wcet number="1">50</wcet>
            <maxpow number="0.2500633867232461"/>
            <maxpow number="0.2500633867232461"/>
            <fprob>0.0</fprob>
        </actor>
        <actor name="D0N47">
            <wcet number="0">90</wcet>
            <wcet number="1">90</wcet>
            <maxpow number="0.6724280954647531"/>
            <maxpow number="0.6724280954647531"/>
            <fprob>0.0</fprob>
        </actor>
        <ports>
            <port dstActor="D0N26" name="p0" srcActor="D0N23"/>
            <port dstActor="D0N25" name="p1" srcActor="D0N23"/>
            <port dstActor="D0N44" name="p2" srcActor="D0N23"/>
            <port dstActor="D0N37" name="p3" srcActor="D0N3"/>
            <port dstActor="D0N40" name="p4" srcActor="D0N3"/>
            <port dstActor="D0N34" name="p5" srcActor="D0N20"/>
            <port dstActor="D0N46" name="p6" srcActor="D0N20"/>
            <port dstActor="D0N47" name="p7" srcActor="D0N20"/>
            <port dstActor="D0N27" name="p8" srcActor="D0N13"/>
            <port dstActor="D0N33" name="p9" srcActor="D0N13"/>
            <port dstActor="D0N35" name="p10" srcActor="D0N13"/>
            <port dstActor="D0N39" name="p11" srcActor="D0N13"/>
            <port dstActor="D0N30" name="p12" srcActor="D0N13"/>
            <port dstActor="D0N46" name="p13" srcActor="D0N13"/>
            <port dstActor="D0N36" name="p14" srcActor="D0N22"/>
            <port dstActor="D0N28" name="p15" srcActor="D0N19"/>
            <port dstActor="D0N35" name="p16" srcActor="D0N17"/>
            <port dstActor="D0N25" name="p17" srcActor="D0N17"/>
            <port dstActor="D0N22" name="p18" srcActor="D0N17"/>
            <port dstActor="D0N38" name="p19" srcActor="D0N17"/>
            <port dstActor="D0N39" name="p20" srcActor="D0N17"/>
            <port dstActor="D0N35" name="p21" srcActor="D0N9"/>
            <port dstActor="D0N36" name="p22" srcActor="D0N9"/>
            <port dstActor="D0N43" name="p23" srcActor="D0N38"/>
            <port dstActor="D0N47" name="p24" srcActor="D0N33"/>
            <port dstActor="D0N46" name="p25" srcActor="D0N43"/>
            <port dstActor="D0N35" name="p26" srcActor="D0N5"/>
            <port dstActor="D0N23" name="p27" srcActor="D0N5"/>
            <port dstActor="D0N47" name="p28" srcActor="D0N5"/>
            <port dstActor="D0N6" name="p29" srcActor="D0N5"/>
            <port dstActor="D0N25" name="p30" srcActor="D0N5"/>
            <port dstActor="D0N37" name="p31" srcActor="D0N21"/>
            <port dstActor="D0N47" name="p32" srcActor="D0N15"/>
            <port dstActor="D0N36" name="p33" srcActor="D0N15"/>
            <port dstActor="D0N19" name="p34" srcActor="D0N16"/>
            <port dstActor="D0N39" name="p35" srcActor="D0N16"/>
            <port dstActor="D0N40" name="p36" srcActor="D0N16"/>
            <port dstActor="D0N44" name="p37" srcActor="D0N24"/>
            <port dstActor="D0N35" name="p38" srcActor="D0N24"/>
            <port dstActor="D0N27" name="p39" srcActor="D0N24"/>
            <port dstActor="D0N39" name="p40" srcActor="D0N24"/>
            <port dstActor="D0N46" name="p41" srcActor="D0N24"/>
            <port dstActor="D0N38" name="p42" srcActor="D0N24"/>
            <port dstActor="D0N44" name="p43" srcActor="D0N6"/>
            <port dstActor="D0N33" name="p44" srcActor="D0N6"/>
            <port dstActor="D0N30" name="p45" srcActor="D0N6"/>
            <port dstActor="D0N35" name="p46" srcActor="D0N28"/>
            <port dstActor="D0N47" name="p47" srcActor="D0N28"/>
            <port dstActor="D0N46" name="p48" srcActor="D0N35"/>
            <port dstActor="D0N38" name="p49" srcActor="D0N35"/>
            <port dstActor="D0N39" name="p50" srcActor="D0N35"/>
            <port dstActor="D0N43" name="p51" srcActor="D0N4"/>
            <port dstActor="D0N46" name="p52" srcActor="D0N40"/>
            <port dstActor="D0N37" name="p53" srcActor="D0N25"/>
            <port dstActor="D0N43" name="p54" srcActor="D0N25"/>
            <port dstActor="D0N38" name="p55" srcActor="D0N37"/>
            <port dstActor="D0N47" name="p56" srcActor="D0N37"/>
            <port dstActor="D0N14" name="p57" srcActor="D0N1"/>
            <port dstActor="D0N27" name="p58" srcActor="D0N1"/>
            <port dstActor="D0N31" name="p59" srcActor="D0N1"/>
            <port dstActor="D0N15" name="p60" srcActor="D0N1"/>
            <port dstActor="D0N3" name="p61" srcActor="D0N1"/>
            <port dstActor="D0N17" name="p62" srcActor="D0N1"/>
            <port dstActor="D0N45" name="p63" srcActor="D0N14"/>
            <port dstActor="D0N24" name="p64" srcActor="D0N14"/>
            <port dstActor="D0N43" name="p65" srcActor="D0N14"/>
            <port dstActor="D0N17" name="p66" srcActor="D0N14"/>
            <port dstActor="D0N37" name="p67" srcActor="D0N14"/>
            <port dstActor="D0N38" name="p68" srcActor="D0N14"/>
            <port dstActor="D0N5" name="p69" srcActor="D0N0"/>
            <port dstActor="D0N24" name="p70" srcActor="D0N0"/>
            <port dstActor="D0N29" name="p71" srcActor="D0N0"/>
            <port dstActor="D0N11" name="p72" srcActor="D0N0"/>
            <port dstActor="D0N15" name="p73" srcActor="D0N0"/>
            <port dstActor="D0N33" name="p74" srcActor="D0N0"/>
            <port dstActor="D0N47" name="p75" srcActor="D0N18"/>
            <port dstActor="D0N26" name="p76" srcActor="D0N18"/>
            <port dstActor="D0N40" name="p77" srcActor="D0N11"/>
            <port dstActor="D0N21" name="p78" srcActor="D0N11"/>
            <port dstActor="D0N29" name="p79" srcActor="D0N11"/>
            <port dstActor="D0N30" name="p80" srcActor="D0N11"/>
            <port dstActor="D0N45" name="p81" srcActor="D0N11"/>
            <port dstActor="D0N15" name="p82" srcActor="D0N11"/>
            <port dstActor="D0N43" name="p83" srcActor="D0N11"/>
            <port dstActor="D0N44" name="p84" srcActor="D0N11"/>
            <port dstActor="D0N36" name="p85" srcActor="D0N26"/>
            <port dstActor="D0N40" name="p86" srcActor="D0N26"/>
            <port dstActor="D0N30" name="p87" srcActor="D0N26"/>
            <port dstActor="D0N44" name="p88" srcActor="D0N41"/>
            <port dstActor="D0N23" name="p89" srcActor="D0N2"/>
            <port dstActor="D0N30" name="p90" srcActor="D0N2"/>
            <port dstActor="D0N32" name="p91" srcActor="D0N2"/>
            <port dstActor="D0N20" name="p92" srcActor="D0N2"/>
            <port dstActor="D0N15" name="p93" srcActor="D0N2"/>
            <port dstActor="D0N37" name="p94" srcActor="D0N27"/>
            <port dstActor="D0N46" name="p95" srcActor="D0N27"/>
            <port dstActor="D0N47" name="p96" srcActor="D0N27"/>
            <port dstActor="D0N45" name="p97" srcActor="D0N27"/>
            <port dstActor="D0N33" name="p98" srcActor="D0N8"/>
            <port dstActor="D0N18" name="p99" srcActor="D0N8"/>
            <port dstActor="D0N11" name="p100" srcActor="D0N8"/>
            <port dstActor="D0N29" name="p101" srcActor="D0N8"/>
            <port dstActor="D0N21" name="p102" srcActor="D0N8"/>
            <port dstActor="D0N44" name="p103" srcActor="D0N39"/>
            <port dstActor="D0N37" name="p104" srcActor="D0N7"/>
            <port dstActor="D0N27" name="p105" srcActor="D0N7"/>
            <port dstActor="D0N27" name="p106" srcActor="D0N12"/>
            <port dstActor="D0N25" name="p107" srcActor="D0N12"/>
            <port dstActor="D0N45" name="p108" srcActor="D0N10"/>
            <port dstActor="D0N14" name="p109" srcActor="D0N10"/>
            <port dstActor="D0N24" name="p110" srcActor="D0N10"/>
            <port dstActor="D0N25" name="p111" srcActor="D0N10"/>
            <port dstActor="D0N18" name="p112" srcActor="D0N10"/>
            <port dstActor="D0N26" name="p113" srcActor="D0N10"/>
            <port dstActor="D0N35" name="p114" srcActor="D0N31"/>
            <port dstActor="D0N46" name="p115" srcActor="D0N29"/>
        </ports>
    </mcdag>
    <cores number="3"/>
    <levels number="2"/>
</mcsystem>
