<?xml version="1.0" encoding="UTF-8" standalone="no"?>
<mcsystem>
    <mcdag deadline="1800" name="genned-0-ed-10.0-0">
        <actor name="D0N47">
            <wcet number="0">10</wcet>
            <wcet number="1">80</wcet>
            <maxpow number="0.5006544390807447"/>
            <maxpow number="0.5006544390807447"/>
            <fprob>0.0</fprob>
        </actor>
        <actor name="D0N29">
            <wcet number="0">20</wcet>
            <wcet number="1">80</wcet>
            <maxpow number="0.6042223867392071"/>
            <maxpow number="0.6042223867392071"/>
            <fprob>0.0</fprob>
        </actor>
        <actor name="D0N34">
            <wcet number="0">120</wcet>
            <wcet number="1">190</wcet>
            <maxpow number="0.7649705936442048"/>
            <maxpow number="0.7649705936442048"/>
            <fprob>0.0</fprob>
        </actor>
        <actor name="D0N28">
            <wcet number="0">40</wcet>
            <wcet number="1">70</wcet>
            <maxpow number="0.5750841700449341"/>
            <maxpow number="0.5750841700449341"/>
            <fprob>0.0</fprob>
        </actor>
        <actor name="D0N32">
            <wcet number="0">10</wcet>
            <wcet number="1">10</wcet>
            <maxpow number="0.5182107198249465"/>
            <maxpow number="0.5182107198249465"/>
            <fprob>0.0</fprob>
        </actor>
        <actor name="D0N8">
            <wcet number="0">50</wcet>
            <wcet number="1">50</wcet>
            <maxpow number="0.5891332448484188"/>
            <maxpow number="0.5891332448484188"/>
            <fprob>0.0</fprob>
        </actor>
        <actor name="D0N13">
            <wcet number="0">10</wcet>
            <wcet number="1">10</wcet>
            <maxpow number="0.6715487607109646"/>
            <maxpow number="0.6715487607109646"/>
            <fprob>0.0</fprob>
        </actor>
        <actor name="D0N18">
            <wcet number="0">10</wcet>
            <wcet number="1">50</wcet>
            <maxpow number="0.8595737250804625"/>
            <maxpow number="0.8595737250804625"/>
            <fprob>0.0</fprob>
        </actor>
        <actor name="D0N11">
            <wcet number="0">80</wcet>
            <wcet number="1">220</wcet>
            <maxpow number="0.563284517728304"/>
            <maxpow number="0.563284517728304"/>
            <fprob>0.0</fprob>
        </actor>
        <actor name="D0N43">
            <wcet number="0">10</wcet>
            <wcet number="1">10</wcet>
            <maxpow number="0.5039060269037523"/>
            <maxpow number="0.5039060269037523"/>
            <fprob>0.0</fprob>
        </actor>
        <actor name="D0N9">
            <wcet number="0">70</wcet>
            <wcet number="1">110</wcet>
            <maxpow number="0.22931656320519683"/>
            <maxpow number="0.22931656320519683"/>
            <fprob>0.0</fprob>
        </actor>
        <actor name="D0N45">
            <wcet number="0">30</wcet>
            <wcet number="1">160</wcet>
            <maxpow number="0.4798260439969425"/>
            <maxpow number="0.4798260439969425"/>
            <fprob>0.0</fprob>
        </actor>
        <actor name="D0N30">
            <wcet number="0">20</wcet>
            <wcet number="1">60</wcet>
            <maxpow number="0.7456130046546007"/>
            <maxpow number="0.7456130046546007"/>
            <fprob>0.0</fprob>
        </actor>
        <actor name="D0N38">
            <wcet number="0">140</wcet>
            <wcet number="1">150</wcet>
            <maxpow number="0.44103112455532467"/>
            <maxpow number="0.44103112455532467"/>
            <fprob>0.0</fprob>
        </actor>
        <actor name="D0N41">
            <wcet number="0">60</wcet>
            <wcet number="1">60</wcet>
            <maxpow number="0.4325292352514911"/>
            <maxpow number="0.4325292352514911"/>
            <fprob>0.0</fprob>
        </actor>
        <actor name="D0N26">
            <wcet number="0">40</wcet>
            <wcet number="1">170</wcet>
            <maxpow number="-0.13206924403283193"/>
            <maxpow number="-0.13206924403283193"/>
            <fprob>0.0</fprob>
        </actor>
        <actor name="D0N4">
            <wcet number="0">10</wcet>
            <wcet number="1">40</wcet>
            <maxpow number="0.46877441804561926"/>
            <maxpow number="0.46877441804561926"/>
            <fprob>0.0</fprob>
        </actor>
        <actor name="D0N14">
            <wcet number="0">10</wcet>
            <wcet number="1">90</wcet>
            <maxpow number="0.5495773737351836"/>
            <maxpow number="0.5495773737351836"/>
            <fprob>0.0</fprob>
        </actor>
        <actor name="D0N22">
            <wcet number="0">70</wcet>
            <wcet number="1">70</wcet>
            <maxpow number="0.5897865084379926"/>
            <maxpow number="0.5897865084379926"/>
            <fprob>0.0</fprob>
        </actor>
        <actor name="D0N37">
            <wcet number="0">150</wcet>
            <wcet number="1">270</wcet>
            <maxpow number="0.2196744357211488"/>
            <maxpow number="0.2196744357211488"/>
            <fprob>0.0</fprob>
        </actor>
        <actor name="D0N6">
            <wcet number="0">20</wcet>
            <wcet number="1">20</wcet>
            <maxpow number="0.6218656076718377"/>
            <maxpow number="0.6218656076718377"/>
            <fprob>0.0</fprob>
        </actor>
        <actor name="D0N7">
            <wcet number="0">10</wcet>
            <wcet number="1">10</wcet>
            <maxpow number="0.4298819710910552"/>
            <maxpow number="0.4298819710910552"/>
            <fprob>0.0</fprob>
        </actor>
        <actor name="D0N42">
            <wcet number="0">160</wcet>
            <wcet number="1">180</wcet>
            <maxpow number="0.8704115139554016"/>
            <maxpow number="0.8704115139554016"/>
            <fprob>0.0</fprob>
        </actor>
        <actor name="D0N21">
            <wcet number="0">280</wcet>
            <wcet number="1">300</wcet>
            <maxpow number="0.26897179392328424"/>
            <maxpow number="0.26897179392328424"/>
            <fprob>0.0</fprob>
        </actor>
        <actor name="D0N36">
            <wcet number="0">40</wcet>
            <wcet number="1">40</wcet>
            <maxpow number="0.4351567934660504"/>
            <maxpow number="0.4351567934660504"/>
            <fprob>0.0</fprob>
        </actor>
        <actor name="D0N39">
            <wcet number="0">90</wcet>
            <wcet number="1">230</wcet>
            <maxpow number="0.24453442335817216"/>
            <maxpow number="0.24453442335817216"/>
            <fprob>0.0</fprob>
        </actor>
        <actor name="D0N24">
            <wcet number="0">60</wcet>
            <wcet number="1">390</wcet>
            <maxpow number="0.7155611070946892"/>
            <maxpow number="0.7155611070946892"/>
            <fprob>0.0</fprob>
        </actor>
        <actor name="D0N40">
            <wcet number="0">10</wcet>
            <wcet number="1">40</wcet>
            <maxpow number="0.6309522890289851"/>
            <maxpow number="0.6309522890289851"/>
            <fprob>0.0</fprob>
        </actor>
        <actor name="D0N27">
            <wcet number="0">10</wcet>
            <wcet number="1">40</wcet>
            <maxpow number="0.351109451032818"/>
            <maxpow number="0.351109451032818"/>
            <fprob>0.0</fprob>
        </actor>
        <actor name="D0N46">
            <wcet number="0">40</wcet>
            <wcet number="1">40</wcet>
            <maxpow number="0.7658463306595701"/>
            <maxpow number="0.7658463306595701"/>
            <fprob>0.0</fprob>
        </actor>
        <actor name="D0N1">
            <wcet number="0">260</wcet>
            <wcet number="1">260</wcet>
            <maxpow number="0.6831335909127505"/>
            <maxpow number="0.6831335909127505"/>
            <fprob>0.0</fprob>
        </actor>
        <actor name="D0N19">
            <wcet number="0">10</wcet>
            <wcet number="1">50</wcet>
            <maxpow number="0.651839500468941"/>
            <maxpow number="0.651839500468941"/>
            <fprob>0.0</fprob>
        </actor>
        <actor name="D0N3">
            <wcet number="0">10</wcet>
            <wcet number="1">30</wcet>
            <maxpow number="0.4282244813309154"/>
            <maxpow number="0.4282244813309154"/>
            <fprob>0.0</fprob>
        </actor>
        <actor name="D0N35">
            <wcet number="0">10</wcet>
            <wcet number="1">60</wcet>
            <maxpow number="0.29617316083209"/>
            <maxpow number="0.29617316083209"/>
            <fprob>0.0</fprob>
        </actor>
        <actor name="D0N48">
            <wcet number="0">10</wcet>
            <wcet number="1">10</wcet>
            <maxpow number="0.5888552591599261"/>
            <maxpow number="0.5888552591599261"/>
            <fprob>0.0</fprob>
        </actor>
        <actor name="D0N31">
            <wcet number="0">20</wcet>
            <wcet number="1">70</wcet>
            <maxpow number="0.46855873667162073"/>
            <maxpow number="0.46855873667162073"/>
            <fprob>0.0</fprob>
        </actor>
        <actor name="D0N33">
            <wcet number="0">30</wcet>
            <wcet number="1">30</wcet>
            <maxpow number="0.33494232333876284"/>
            <maxpow number="0.33494232333876284"/>
            <fprob>0.0</fprob>
        </actor>
        <actor name="D0N20">
            <wcet number="0">190</wcet>
            <wcet number="1">190</wcet>
            <maxpow number="0.41005029483040745"/>
            <maxpow number="0.41005029483040745"/>
            <fprob>0.0</fprob>
        </actor>
        <actor name="D0N5">
            <wcet number="0">10</wcet>
            <wcet number="1">280</wcet>
            <maxpow number="0.36604664277353827"/>
            <maxpow number="0.36604664277353827"/>
            <fprob>0.0</fprob>
        </actor>
        <actor name="D0N15">
            <wcet number="0">10</wcet>
            <wcet number="1">20</wcet>
            <maxpow number="0.7284349248123092"/>
            <maxpow number="0.7284349248123092"/>
            <fprob>0.0</fprob>
        </actor>
        <actor name="D0N17">
            <wcet number="0">20</wcet>
            <wcet number="1">110</wcet>
            <maxpow number="0.5648757079082052"/>
            <maxpow number="0.5648757079082052"/>
            <fprob>0.0</fprob>
        </actor>
        <actor name="D0N23">
            <wcet number="0">20</wcet>
            <wcet number="1">70</wcet>
            <maxpow number="0.45787941173834756"/>
            <maxpow number="0.45787941173834756"/>
            <fprob>0.0</fprob>
        </actor>
        <actor name="D0N44">
            <wcet number="0">10</wcet>
            <wcet number="1">10</wcet>
            <maxpow number="0.6016683588798708"/>
            <maxpow number="0.6016683588798708"/>
            <fprob>0.0</fprob>
        </actor>
        <actor name="D0N0">
            <wcet number="0">120</wcet>
            <wcet number="1">120</wcet>
            <maxpow number="0.6773879420285878"/>
            <maxpow number="0.6773879420285878"/>
            <fprob>0.0</fprob>
        </actor>
        <actor name="D0N12">
            <wcet number="0">10</wcet>
            <wcet number="1">20</wcet>
            <maxpow number="0.4471883817279433"/>
            <maxpow number="0.4471883817279433"/>
            <fprob>0.0</fprob>
        </actor>
        <actor name="D0N25">
            <wcet number="0">140</wcet>
            <wcet number="1">150</wcet>
            <maxpow number="0.7938281981540483"/>
            <maxpow number="0.7938281981540483"/>
            <fprob>0.0</fprob>
        </actor>
        <actor name="D0N16">
            <wcet number="0">50</wcet>
            <wcet number="1">170</wcet>
            <maxpow number="0.3004685733940634"/>
            <maxpow number="0.3004685733940634"/>
            <fprob>0.0</fprob>
        </actor>
        <actor name="D0N2">
            <wcet number="0">70</wcet>
            <wcet number="1">70</wcet>
            <maxpow number="0.9349441718725935"/>
            <maxpow number="0.9349441718725935"/>
            <fprob>0.0</fprob>
        </actor>
        <actor name="D0N10">
            <wcet number="0">30</wcet>
            <wcet number="1">80</wcet>
            <maxpow number="0.6025801327740482"/>
            <maxpow number="0.6025801327740482"/>
            <fprob>0.0</fprob>
        </actor>
        <ports>
            <port dstActor="D0N35" name="p0" srcActor="D0N29"/>
            <port dstActor="D0N46" name="p1" srcActor="D0N29"/>
            <port dstActor="D0N38" name="p2" srcActor="D0N34"/>
            <port dstActor="D0N31" name="p3" srcActor="D0N28"/>
            <port dstActor="D0N36" name="p4" srcActor="D0N28"/>
            <port dstActor="D0N48" name="p5" srcActor="D0N28"/>
            <port dstActor="D0N40" name="p6" srcActor="D0N32"/>
            <port dstActor="D0N38" name="p7" srcActor="D0N32"/>
            <port dstActor="D0N39" name="p8" srcActor="D0N32"/>
            <port dstActor="D0N10" name="p9" srcActor="D0N8"/>
            <port dstActor="D0N47" name="p10" srcActor="D0N8"/>
            <port dstActor="D0N45" name="p11" srcActor="D0N8"/>
            <port dstActor="D0N36" name="p12" srcActor="D0N8"/>
            <port dstActor="D0N28" name="p13" srcActor="D0N8"/>
            <port dstActor="D0N44" name="p14" srcActor="D0N8"/>
            <port dstActor="D0N20" name="p15" srcActor="D0N13"/>
            <port dstActor="D0N19" name="p16" srcActor="D0N13"/>
            <port dstActor="D0N34" name="p17" srcActor="D0N13"/>
            <port dstActor="D0N23" name="p18" srcActor="D0N18"/>
            <port dstActor="D0N48" name="p19" srcActor="D0N18"/>
            <port dstActor="D0N12" name="p20" srcActor="D0N11"/>
            <port dstActor="D0N15" name="p21" srcActor="D0N9"/>
            <port dstActor="D0N11" name="p22" srcActor="D0N9"/>
            <port dstActor="D0N32" name="p23" srcActor="D0N9"/>
            <port dstActor="D0N28" name="p24" srcActor="D0N9"/>
            <port dstActor="D0N10" name="p25" srcActor="D0N9"/>
            <port dstActor="D0N48" name="p26" srcActor="D0N45"/>
            <port dstActor="D0N31" name="p27" srcActor="D0N30"/>
            <port dstActor="D0N39" name="p28" srcActor="D0N30"/>
            <port dstActor="D0N33" name="p29" srcActor="D0N26"/>
            <port dstActor="D0N35" name="p30" srcActor="D0N26"/>
            <port dstActor="D0N46" name="p31" srcActor="D0N26"/>
            <port dstActor="D0N37" name="p32" srcActor="D0N26"/>
            <port dstActor="D0N25" name="p33" srcActor="D0N4"/>
            <port dstActor="D0N31" name="p34" srcActor="D0N4"/>
            <port dstActor="D0N35" name="p35" srcActor="D0N4"/>
            <port dstActor="D0N38" name="p36" srcActor="D0N4"/>
            <port dstActor="D0N20" name="p37" srcActor="D0N4"/>
            <port dstActor="D0N35" name="p38" srcActor="D0N14"/>
            <port dstActor="D0N16" name="p39" srcActor="D0N14"/>
            <port dstActor="D0N36" name="p40" srcActor="D0N14"/>
            <port dstActor="D0N32" name="p41" srcActor="D0N14"/>
            <port dstActor="D0N33" name="p42" srcActor="D0N22"/>
            <port dstActor="D0N40" name="p43" srcActor="D0N37"/>
            <port dstActor="D0N46" name="p44" srcActor="D0N37"/>
            <port dstActor="D0N18" name="p45" srcActor="D0N6"/>
            <port dstActor="D0N19" name="p46" srcActor="D0N6"/>
            <port dstActor="D0N34" name="p47" srcActor="D0N6"/>
            <port dstActor="D0N17" name="p48" srcActor="D0N6"/>
            <port dstActor="D0N38" name="p49" srcActor="D0N6"/>
            <port dstActor="D0N42" name="p50" srcActor="D0N6"/>
            <port dstActor="D0N44" name="p51" srcActor="D0N7"/>
            <port dstActor="D0N23" name="p52" srcActor="D0N7"/>
            <port dstActor="D0N12" name="p53" srcActor="D0N7"/>
            <port dstActor="D0N13" name="p54" srcActor="D0N7"/>
            <port dstActor="D0N18" name="p55" srcActor="D0N7"/>
            <port dstActor="D0N45" name="p56" srcActor="D0N21"/>
            <port dstActor="D0N23" name="p57" srcActor="D0N21"/>
            <port dstActor="D0N40" name="p58" srcActor="D0N36"/>
            <port dstActor="D0N37" name="p59" srcActor="D0N36"/>
            <port dstActor="D0N44" name="p60" srcActor="D0N39"/>
            <port dstActor="D0N42" name="p61" srcActor="D0N39"/>
            <port dstActor="D0N43" name="p62" srcActor="D0N40"/>
            <port dstActor="D0N35" name="p63" srcActor="D0N27"/>
            <port dstActor="D0N47" name="p64" srcActor="D0N1"/>
            <port dstActor="D0N19" name="p65" srcActor="D0N1"/>
            <port dstActor="D0N24" name="p66" srcActor="D0N1"/>
            <port dstActor="D0N28" name="p67" srcActor="D0N1"/>
            <port dstActor="D0N23" name="p68" srcActor="D0N19"/>
            <port dstActor="D0N24" name="p69" srcActor="D0N19"/>
            <port dstActor="D0N21" name="p70" srcActor="D0N19"/>
            <port dstActor="D0N22" name="p71" srcActor="D0N3"/>
            <port dstActor="D0N40" name="p72" srcActor="D0N3"/>
            <port dstActor="D0N27" name="p73" srcActor="D0N3"/>
            <port dstActor="D0N42" name="p74" srcActor="D0N35"/>
            <port dstActor="D0N45" name="p75" srcActor="D0N35"/>
            <port dstActor="D0N41" name="p76" srcActor="D0N35"/>
            <port dstActor="D0N41" name="p77" srcActor="D0N31"/>
            <port dstActor="D0N39" name="p78" srcActor="D0N31"/>
            <port dstActor="D0N35" name="p79" srcActor="D0N33"/>
            <port dstActor="D0N48" name="p80" srcActor="D0N33"/>
            <port dstActor="D0N34" name="p81" srcActor="D0N33"/>
            <port dstActor="D0N45" name="p82" srcActor="D0N20"/>
            <port dstActor="D0N33" name="p83" srcActor="D0N20"/>
            <port dstActor="D0N12" name="p84" srcActor="D0N5"/>
            <port dstActor="D0N19" name="p85" srcActor="D0N5"/>
            <port dstActor="D0N43" name="p86" srcActor="D0N5"/>
            <port dstActor="D0N31" name="p87" srcActor="D0N5"/>
            <port dstActor="D0N28" name="p88" srcActor="D0N5"/>
            <port dstActor="D0N47" name="p89" srcActor="D0N5"/>
            <port dstActor="D0N36" name="p90" srcActor="D0N5"/>
            <port dstActor="D0N44" name="p91" srcActor="D0N15"/>
            <port dstActor="D0N45" name="p92" srcActor="D0N15"/>
            <port dstActor="D0N28" name="p93" srcActor="D0N15"/>
            <port dstActor="D0N29" name="p94" srcActor="D0N15"/>
            <port dstActor="D0N21" name="p95" srcActor="D0N15"/>
            <port dstActor="D0N41" name="p96" srcActor="D0N17"/>
            <port dstActor="D0N37" name="p97" srcActor="D0N17"/>
            <port dstActor="D0N44" name="p98" srcActor="D0N17"/>
            <port dstActor="D0N18" name="p99" srcActor="D0N17"/>
            <port dstActor="D0N47" name="p100" srcActor="D0N17"/>
            <port dstActor="D0N26" name="p101" srcActor="D0N17"/>
            <port dstActor="D0N41" name="p102" srcActor="D0N23"/>
            <port dstActor="D0N44" name="p103" srcActor="D0N23"/>
            <port dstActor="D0N9" name="p104" srcActor="D0N0"/>
            <port dstActor="D0N41" name="p105" srcActor="D0N0"/>
            <port dstActor="D0N12" name="p106" srcActor="D0N0"/>
            <port dstActor="D0N44" name="p107" srcActor="D0N0"/>
            <port dstActor="D0N17" name="p108" srcActor="D0N0"/>
            <port dstActor="D0N29" name="p109" srcActor="D0N0"/>
            <port dstActor="D0N7" name="p110" srcActor="D0N0"/>
            <port dstActor="D0N4" name="p111" srcActor="D0N0"/>
            <port dstActor="D0N25" name="p112" srcActor="D0N12"/>
            <port dstActor="D0N47" name="p113" srcActor="D0N12"/>
            <port dstActor="D0N41" name="p114" srcActor="D0N12"/>
            <port dstActor="D0N43" name="p115" srcActor="D0N12"/>
            <port dstActor="D0N28" name="p116" srcActor="D0N25"/>
            <port dstActor="D0N30" name="p117" srcActor="D0N16"/>
            <port dstActor="D0N44" name="p118" srcActor="D0N2"/>
            <port dstActor="D0N8" name="p119" srcActor="D0N2"/>
            <port dstActor="D0N7" name="p120" srcActor="D0N2"/>
            <port dstActor="D0N39" name="p121" srcActor="D0N2"/>
            <port dstActor="D0N42" name="p122" srcActor="D0N2"/>
            <port dstActor="D0N40" name="p123" srcActor="D0N2"/>
            <port dstActor="D0N44" name="p124" srcActor="D0N10"/>
            <port dstActor="D0N19" name="p125" srcActor="D0N10"/>
            <port dstActor="D0N21" name="p126" srcActor="D0N10"/>
            <port dstActor="D0N35" name="p127" srcActor="D0N10"/>
            <port dstActor="D0N33" name="p128" srcActor="D0N10"/>
            <port dstActor="D0N28" name="p129" srcActor="D0N10"/>
        </ports>
    </mcdag>
    <cores number="3"/>
    <levels number="2"/>
</mcsystem>
