<?xml version="1.0" encoding="UTF-8" standalone="no"?>
<mcsystem>
    <mcdag deadline="2000" name="genned-0-ed-10.0-0">
        <actor name="D0N7">
            <wcet number="0">20</wcet>
            <wcet number="1">190</wcet>
            <maxpow number="0.5744205200043241"/>
            <maxpow number="0.5744205200043241"/>
            <fprob>0.0</fprob>
        </actor>
        <actor name="D0N32">
            <wcet number="0">40</wcet>
            <wcet number="1">130</wcet>
            <maxpow number="0.7006311915707324"/>
            <maxpow number="0.7006311915707324"/>
            <fprob>0.0</fprob>
        </actor>
        <actor name="D0N8">
            <wcet number="0">10</wcet>
            <wcet number="1">100</wcet>
            <maxpow number="0.6931010212743169"/>
            <maxpow number="0.6931010212743169"/>
            <fprob>0.0</fprob>
        </actor>
        <actor name="D0N22">
            <wcet number="0">10</wcet>
            <wcet number="1">10</wcet>
            <maxpow number="0.3678714177536796"/>
            <maxpow number="0.3678714177536796"/>
            <fprob>0.0</fprob>
        </actor>
        <actor name="D0N18">
            <wcet number="0">120</wcet>
            <wcet number="1">120</wcet>
            <maxpow number="0.694758528090634"/>
            <maxpow number="0.694758528090634"/>
            <fprob>0.0</fprob>
        </actor>
        <actor name="D0N39">
            <wcet number="0">80</wcet>
            <wcet number="1">230</wcet>
            <maxpow number="0.7805082850336893"/>
            <maxpow number="0.7805082850336893"/>
            <fprob>0.0</fprob>
        </actor>
        <actor name="D0N4">
            <wcet number="0">10</wcet>
            <wcet number="1">30</wcet>
            <maxpow number="0.6305547429362552"/>
            <maxpow number="0.6305547429362552"/>
            <fprob>0.0</fprob>
        </actor>
        <actor name="D0N28">
            <wcet number="0">30</wcet>
            <wcet number="1">40</wcet>
            <maxpow number="0.6313961800132643"/>
            <maxpow number="0.6313961800132643"/>
            <fprob>0.0</fprob>
        </actor>
        <actor name="D0N6">
            <wcet number="0">30</wcet>
            <wcet number="1">70</wcet>
            <maxpow number="0.4271961078818183"/>
            <maxpow number="0.4271961078818183"/>
            <fprob>0.0</fprob>
        </actor>
        <actor name="D0N9">
            <wcet number="0">60</wcet>
            <wcet number="1">80</wcet>
            <maxpow number="0.48578259083660347"/>
            <maxpow number="0.48578259083660347"/>
            <fprob>0.0</fprob>
        </actor>
        <actor name="D0N27">
            <wcet number="0">230</wcet>
            <wcet number="1">270</wcet>
            <maxpow number="0.1120178895232728"/>
            <maxpow number="0.1120178895232728"/>
            <fprob>0.0</fprob>
        </actor>
        <actor name="D0N33">
            <wcet number="0">10</wcet>
            <wcet number="1">40</wcet>
            <maxpow number="0.5027544896840695"/>
            <maxpow number="0.5027544896840695"/>
            <fprob>0.0</fprob>
        </actor>
        <actor name="D0N17">
            <wcet number="0">20</wcet>
            <wcet number="1">30</wcet>
            <maxpow number="0.5110036839104548"/>
            <maxpow number="0.5110036839104548"/>
            <fprob>0.0</fprob>
        </actor>
        <actor name="D0N15">
            <wcet number="0">40</wcet>
            <wcet number="1">70</wcet>
            <maxpow number="0.7867362359423853"/>
            <maxpow number="0.7867362359423853"/>
            <fprob>0.0</fprob>
        </actor>
        <actor name="D0N40">
            <wcet number="0">70</wcet>
            <wcet number="1">160</wcet>
            <maxpow number="0.5783543568379315"/>
            <maxpow number="0.5783543568379315"/>
            <fprob>0.0</fprob>
        </actor>
        <actor name="D0N12">
            <wcet number="0">100</wcet>
            <wcet number="1">170</wcet>
            <maxpow number="0.4267057017757855"/>
            <maxpow number="0.4267057017757855"/>
            <fprob>0.0</fprob>
        </actor>
        <actor name="D0N11">
            <wcet number="0">10</wcet>
            <wcet number="1">10</wcet>
            <maxpow number="0.6807449290653625"/>
            <maxpow number="0.6807449290653625"/>
            <fprob>0.0</fprob>
        </actor>
        <actor name="D0N24">
            <wcet number="0">110</wcet>
            <wcet number="1">130</wcet>
            <maxpow number="0.8972776892636668"/>
            <maxpow number="0.8972776892636668"/>
            <fprob>0.0</fprob>
        </actor>
        <actor name="D0N42">
            <wcet number="0">50</wcet>
            <wcet number="1">100</wcet>
            <maxpow number="0.2612972271092412"/>
            <maxpow number="0.2612972271092412"/>
            <fprob>0.0</fprob>
        </actor>
        <actor name="D0N10">
            <wcet number="0">60</wcet>
            <wcet number="1">100</wcet>
            <maxpow number="0.5280176457711455"/>
            <maxpow number="0.5280176457711455"/>
            <fprob>0.0</fprob>
        </actor>
        <actor name="D0N34">
            <wcet number="0">40</wcet>
            <wcet number="1">80</wcet>
            <maxpow number="0.9072623833793921"/>
            <maxpow number="0.9072623833793921"/>
            <fprob>0.0</fprob>
        </actor>
        <actor name="D0N14">
            <wcet number="0">60</wcet>
            <wcet number="1">70</wcet>
            <maxpow number="0.662565536122682"/>
            <maxpow number="0.662565536122682"/>
            <fprob>0.0</fprob>
        </actor>
        <actor name="D0N20">
            <wcet number="0">10</wcet>
            <wcet number="1">20</wcet>
            <maxpow number="0.5667077500639424"/>
            <maxpow number="0.5667077500639424"/>
            <fprob>0.0</fprob>
        </actor>
        <actor name="D0N45">
            <wcet number="0">10</wcet>
            <wcet number="1">50</wcet>
            <maxpow number="0.6382355014716784"/>
            <maxpow number="0.6382355014716784"/>
            <fprob>0.0</fprob>
        </actor>
        <actor name="D0N16">
            <wcet number="0">20</wcet>
            <wcet number="1">90</wcet>
            <maxpow number="0.5013789204672301"/>
            <maxpow number="0.5013789204672301"/>
            <fprob>0.0</fprob>
        </actor>
        <actor name="D0N37">
            <wcet number="0">40</wcet>
            <wcet number="1">50</wcet>
            <maxpow number="0.5959445054580599"/>
            <maxpow number="0.5959445054580599"/>
            <fprob>0.0</fprob>
        </actor>
        <actor name="D0N41">
            <wcet number="0">30</wcet>
            <wcet number="1">50</wcet>
            <maxpow number="0.6285716966325999"/>
            <maxpow number="0.6285716966325999"/>
            <fprob>0.0</fprob>
        </actor>
        <actor name="D0N35">
            <wcet number="0">20</wcet>
            <wcet number="1">20</wcet>
            <maxpow number="0.5941152689361516"/>
            <maxpow number="0.5941152689361516"/>
            <fprob>0.0</fprob>
        </actor>
        <actor name="D0N38">
            <wcet number="0">260</wcet>
            <wcet number="1">270</wcet>
            <maxpow number="0.7439808446670547"/>
            <maxpow number="0.7439808446670547"/>
            <fprob>0.0</fprob>
        </actor>
        <actor name="D0N3">
            <wcet number="0">120</wcet>
            <wcet number="1">120</wcet>
            <maxpow number="0.4270434560426983"/>
            <maxpow number="0.4270434560426983"/>
            <fprob>0.0</fprob>
        </actor>
        <actor name="D0N47">
            <wcet number="0">10</wcet>
            <wcet number="1">30</wcet>
            <maxpow number="0.19726967041218874"/>
            <maxpow number="0.19726967041218874"/>
            <fprob>0.0</fprob>
        </actor>
        <actor name="D0N23">
            <wcet number="0">10</wcet>
            <wcet number="1">10</wcet>
            <maxpow number="0.7146680907275101"/>
            <maxpow number="0.7146680907275101"/>
            <fprob>0.0</fprob>
        </actor>
        <actor name="D0N46">
            <wcet number="0">20</wcet>
            <wcet number="1">50</wcet>
            <maxpow number="0.5040000519698671"/>
            <maxpow number="0.5040000519698671"/>
            <fprob>0.0</fprob>
        </actor>
        <actor name="D0N43">
            <wcet number="0">40</wcet>
            <wcet number="1">150</wcet>
            <maxpow number="1.0143873739958686"/>
            <maxpow number="1.0143873739958686"/>
            <fprob>0.0</fprob>
        </actor>
        <actor name="D0N2">
            <wcet number="0">80</wcet>
            <wcet number="1">130</wcet>
            <maxpow number="0.36693822817402716"/>
            <maxpow number="0.36693822817402716"/>
            <fprob>0.0</fprob>
        </actor>
        <actor name="D0N25">
            <wcet number="0">10</wcet>
            <wcet number="1">10</wcet>
            <maxpow number="0.4320449369460118"/>
            <maxpow number="0.4320449369460118"/>
            <fprob>0.0</fprob>
        </actor>
        <actor name="D0N21">
            <wcet number="0">70</wcet>
            <wcet number="1">90</wcet>
            <maxpow number="0.5066166493269755"/>
            <maxpow number="0.5066166493269755"/>
            <fprob>0.0</fprob>
        </actor>
        <actor name="D0N0">
            <wcet number="0">220</wcet>
            <wcet number="1">320</wcet>
            <maxpow number="0.47074154677057817"/>
            <maxpow number="0.47074154677057817"/>
            <fprob>0.0</fprob>
        </actor>
        <actor name="D0N26">
            <wcet number="0">80</wcet>
            <wcet number="1">140</wcet>
            <maxpow number="0.6542811805430984"/>
            <maxpow number="0.6542811805430984"/>
            <fprob>0.0</fprob>
        </actor>
        <actor name="D0N29">
            <wcet number="0">20</wcet>
            <wcet number="1">30</wcet>
            <maxpow number="0.7531755224652954"/>
            <maxpow number="0.7531755224652954"/>
            <fprob>0.0</fprob>
        </actor>
        <actor name="D0N13">
            <wcet number="0">180</wcet>
            <wcet number="1">190</wcet>
            <maxpow number="0.6917257083294233"/>
            <maxpow number="0.6917257083294233"/>
            <fprob>0.0</fprob>
        </actor>
        <actor name="D0N36">
            <wcet number="0">10</wcet>
            <wcet number="1">10</wcet>
            <maxpow number="0.20413873283102552"/>
            <maxpow number="0.20413873283102552"/>
            <fprob>0.0</fprob>
        </actor>
        <actor name="D0N5">
            <wcet number="0">20</wcet>
            <wcet number="1">50</wcet>
            <maxpow number="0.937539895587804"/>
            <maxpow number="0.937539895587804"/>
            <fprob>0.0</fprob>
        </actor>
        <actor name="D0N44">
            <wcet number="0">60</wcet>
            <wcet number="1">210</wcet>
            <maxpow number="0.7680806805603215"/>
            <maxpow number="0.7680806805603215"/>
            <fprob>0.0</fprob>
        </actor>
        <actor name="D0N30">
            <wcet number="0">30</wcet>
            <wcet number="1">70</wcet>
            <maxpow number="0.6344487026037663"/>
            <maxpow number="0.6344487026037663"/>
            <fprob>0.0</fprob>
        </actor>
        <actor name="D0N19">
            <wcet number="0">10</wcet>
            <wcet number="1">20</wcet>
            <maxpow number="0.25365500218845405"/>
            <maxpow number="0.25365500218845405"/>
            <fprob>0.0</fprob>
        </actor>
        <actor name="D0N31">
            <wcet number="0">50</wcet>
            <wcet number="1">80</wcet>
            <maxpow number="0.7151086167971731"/>
            <maxpow number="0.7151086167971731"/>
            <fprob>0.0</fprob>
        </actor>
        <actor name="D0N1">
            <wcet number="0">50</wcet>
            <wcet number="1">110</wcet>
            <maxpow number="0.42854398123456616"/>
            <maxpow number="0.42854398123456616"/>
            <fprob>0.0</fprob>
        </actor>
        <ports>
            <port dstActor="D0N22" name="p0" srcActor="D0N7"/>
            <port dstActor="D0N19" name="p1" srcActor="D0N7"/>
            <port dstActor="D0N12" name="p2" srcActor="D0N8"/>
            <port dstActor="D0N39" name="p3" srcActor="D0N8"/>
            <port dstActor="D0N31" name="p4" srcActor="D0N8"/>
            <port dstActor="D0N40" name="p5" srcActor="D0N8"/>
            <port dstActor="D0N35" name="p6" srcActor="D0N22"/>
            <port dstActor="D0N46" name="p7" srcActor="D0N22"/>
            <port dstActor="D0N36" name="p8" srcActor="D0N18"/>
            <port dstActor="D0N10" name="p9" srcActor="D0N4"/>
            <port dstActor="D0N18" name="p10" srcActor="D0N4"/>
            <port dstActor="D0N35" name="p11" srcActor="D0N4"/>
            <port dstActor="D0N7" name="p12" srcActor="D0N4"/>
            <port dstActor="D0N14" name="p13" srcActor="D0N4"/>
            <port dstActor="D0N41" name="p14" srcActor="D0N4"/>
            <port dstActor="D0N42" name="p15" srcActor="D0N28"/>
            <port dstActor="D0N35" name="p16" srcActor="D0N28"/>
            <port dstActor="D0N39" name="p17" srcActor="D0N6"/>
            <port dstActor="D0N44" name="p18" srcActor="D0N6"/>
            <port dstActor="D0N47" name="p19" srcActor="D0N9"/>
            <port dstActor="D0N32" name="p20" srcActor="D0N9"/>
            <port dstActor="D0N29" name="p21" srcActor="D0N9"/>
            <port dstActor="D0N35" name="p22" srcActor="D0N9"/>
            <port dstActor="D0N23" name="p23" srcActor="D0N9"/>
            <port dstActor="D0N28" name="p24" srcActor="D0N9"/>
            <port dstActor="D0N29" name="p25" srcActor="D0N27"/>
            <port dstActor="D0N39" name="p26" srcActor="D0N27"/>
            <port dstActor="D0N28" name="p27" srcActor="D0N27"/>
            <port dstActor="D0N31" name="p28" srcActor="D0N17"/>
            <port dstActor="D0N41" name="p29" srcActor="D0N17"/>
            <port dstActor="D0N39" name="p30" srcActor="D0N15"/>
            <port dstActor="D0N43" name="p31" srcActor="D0N40"/>
            <port dstActor="D0N36" name="p32" srcActor="D0N12"/>
            <port dstActor="D0N31" name="p33" srcActor="D0N12"/>
            <port dstActor="D0N23" name="p34" srcActor="D0N12"/>
            <port dstActor="D0N17" name="p35" srcActor="D0N12"/>
            <port dstActor="D0N42" name="p36" srcActor="D0N11"/>
            <port dstActor="D0N20" name="p37" srcActor="D0N11"/>
            <port dstActor="D0N47" name="p38" srcActor="D0N11"/>
            <port dstActor="D0N25" name="p39" srcActor="D0N11"/>
            <port dstActor="D0N47" name="p40" srcActor="D0N42"/>
            <port dstActor="D0N16" name="p41" srcActor="D0N10"/>
            <port dstActor="D0N31" name="p42" srcActor="D0N10"/>
            <port dstActor="D0N34" name="p43" srcActor="D0N10"/>
            <port dstActor="D0N33" name="p44" srcActor="D0N10"/>
            <port dstActor="D0N23" name="p45" srcActor="D0N10"/>
            <port dstActor="D0N45" name="p46" srcActor="D0N34"/>
            <port dstActor="D0N42" name="p47" srcActor="D0N34"/>
            <port dstActor="D0N46" name="p48" srcActor="D0N34"/>
            <port dstActor="D0N38" name="p49" srcActor="D0N14"/>
            <port dstActor="D0N22" name="p50" srcActor="D0N20"/>
            <port dstActor="D0N31" name="p51" srcActor="D0N20"/>
            <port dstActor="D0N26" name="p52" srcActor="D0N20"/>
            <port dstActor="D0N24" name="p53" srcActor="D0N20"/>
            <port dstActor="D0N23" name="p54" srcActor="D0N20"/>
            <port dstActor="D0N43" name="p55" srcActor="D0N16"/>
            <port dstActor="D0N31" name="p56" srcActor="D0N16"/>
            <port dstActor="D0N17" name="p57" srcActor="D0N16"/>
            <port dstActor="D0N45" name="p58" srcActor="D0N37"/>
            <port dstActor="D0N40" name="p59" srcActor="D0N37"/>
            <port dstActor="D0N46" name="p60" srcActor="D0N37"/>
            <port dstActor="D0N36" name="p61" srcActor="D0N35"/>
            <port dstActor="D0N40" name="p62" srcActor="D0N35"/>
            <port dstActor="D0N21" name="p63" srcActor="D0N3"/>
            <port dstActor="D0N11" name="p64" srcActor="D0N3"/>
            <port dstActor="D0N10" name="p65" srcActor="D0N3"/>
            <port dstActor="D0N26" name="p66" srcActor="D0N3"/>
            <port dstActor="D0N39" name="p67" srcActor="D0N3"/>
            <port dstActor="D0N32" name="p68" srcActor="D0N23"/>
            <port dstActor="D0N34" name="p69" srcActor="D0N23"/>
            <port dstActor="D0N25" name="p70" srcActor="D0N23"/>
            <port dstActor="D0N46" name="p71" srcActor="D0N23"/>
            <port dstActor="D0N37" name="p72" srcActor="D0N23"/>
            <port dstActor="D0N29" name="p73" srcActor="D0N2"/>
            <port dstActor="D0N22" name="p74" srcActor="D0N2"/>
            <port dstActor="D0N47" name="p75" srcActor="D0N2"/>
            <port dstActor="D0N34" name="p76" srcActor="D0N25"/>
            <port dstActor="D0N36" name="p77" srcActor="D0N25"/>
            <port dstActor="D0N31" name="p78" srcActor="D0N21"/>
            <port dstActor="D0N37" name="p79" srcActor="D0N21"/>
            <port dstActor="D0N30" name="p80" srcActor="D0N21"/>
            <port dstActor="D0N25" name="p81" srcActor="D0N21"/>
            <port dstActor="D0N18" name="p82" srcActor="D0N0"/>
            <port dstActor="D0N25" name="p83" srcActor="D0N0"/>
            <port dstActor="D0N47" name="p84" srcActor="D0N26"/>
            <port dstActor="D0N29" name="p85" srcActor="D0N26"/>
            <port dstActor="D0N46" name="p86" srcActor="D0N26"/>
            <port dstActor="D0N30" name="p87" srcActor="D0N29"/>
            <port dstActor="D0N47" name="p88" srcActor="D0N29"/>
            <port dstActor="D0N31" name="p89" srcActor="D0N13"/>
            <port dstActor="D0N42" name="p90" srcActor="D0N13"/>
            <port dstActor="D0N39" name="p91" srcActor="D0N13"/>
            <port dstActor="D0N46" name="p92" srcActor="D0N36"/>
            <port dstActor="D0N43" name="p93" srcActor="D0N36"/>
            <port dstActor="D0N30" name="p94" srcActor="D0N5"/>
            <port dstActor="D0N19" name="p95" srcActor="D0N5"/>
            <port dstActor="D0N13" name="p96" srcActor="D0N5"/>
            <port dstActor="D0N12" name="p97" srcActor="D0N5"/>
            <port dstActor="D0N27" name="p98" srcActor="D0N5"/>
            <port dstActor="D0N43" name="p99" srcActor="D0N5"/>
            <port dstActor="D0N20" name="p100" srcActor="D0N5"/>
            <port dstActor="D0N46" name="p101" srcActor="D0N44"/>
            <port dstActor="D0N35" name="p102" srcActor="D0N30"/>
            <port dstActor="D0N21" name="p103" srcActor="D0N19"/>
            <port dstActor="D0N39" name="p104" srcActor="D0N19"/>
            <port dstActor="D0N28" name="p105" srcActor="D0N19"/>
            <port dstActor="D0N40" name="p106" srcActor="D0N31"/>
            <port dstActor="D0N43" name="p107" srcActor="D0N31"/>
            <port dstActor="D0N39" name="p108" srcActor="D0N31"/>
            <port dstActor="D0N7" name="p109" srcActor="D0N1"/>
            <port dstActor="D0N3" name="p110" srcActor="D0N1"/>
            <port dstActor="D0N43" name="p111" srcActor="D0N1"/>
            <port dstActor="D0N35" name="p112" srcActor="D0N1"/>
        </ports>
    </mcdag>
    <cores number="3"/>
    <levels number="2"/>
</mcsystem>
