<?xml version="1.0" encoding="UTF-8" standalone="no"?>
<mcsystem>
    <mcdag deadline="2500" name="genned-0-ed-10.0-0">
        <actor name="D0N27">
            <wcet number="0">390</wcet>
            <wcet number="1">410</wcet>
            <maxpow number="0.49936646586818967"/>
            <maxpow number="0.49936646586818967"/>
            <fprob>0.0</fprob>
        </actor>
        <actor name="D0N8">
            <wcet number="0">10</wcet>
            <wcet number="1">20</wcet>
            <maxpow number="0.42956502648714356"/>
            <maxpow number="0.42956502648714356"/>
            <fprob>0.0</fprob>
        </actor>
        <actor name="D0N46">
            <wcet number="0">40</wcet>
            <wcet number="1">120</wcet>
            <maxpow number="0.5836897463612416"/>
            <maxpow number="0.5836897463612416"/>
            <fprob>0.0</fprob>
        </actor>
        <actor name="D0N21">
            <wcet number="0">190</wcet>
            <wcet number="1">340</wcet>
            <maxpow number="0.5200513452432188"/>
            <maxpow number="0.5200513452432188"/>
            <fprob>0.0</fprob>
        </actor>
        <actor name="D0N26">
            <wcet number="0">10</wcet>
            <wcet number="1">10</wcet>
            <maxpow number="0.7288458960056677"/>
            <maxpow number="0.7288458960056677"/>
            <fprob>0.0</fprob>
        </actor>
        <actor name="D0N14">
            <wcet number="0">10</wcet>
            <wcet number="1">50</wcet>
            <maxpow number="0.6146131163175528"/>
            <maxpow number="0.6146131163175528"/>
            <fprob>0.0</fprob>
        </actor>
        <actor name="D0N28">
            <wcet number="0">200</wcet>
            <wcet number="1">280</wcet>
            <maxpow number="0.4142866449808531"/>
            <maxpow number="0.4142866449808531"/>
            <fprob>0.0</fprob>
        </actor>
        <actor name="D0N13">
            <wcet number="0">150</wcet>
            <wcet number="1">200</wcet>
            <maxpow number="0.04272934291902475"/>
            <maxpow number="0.04272934291902475"/>
            <fprob>0.0</fprob>
        </actor>
        <actor name="D0N16">
            <wcet number="0">10</wcet>
            <wcet number="1">20</wcet>
            <maxpow number="0.5970134053095231"/>
            <maxpow number="0.5970134053095231"/>
            <fprob>0.0</fprob>
        </actor>
        <actor name="D0N7">
            <wcet number="0">160</wcet>
            <wcet number="1">200</wcet>
            <maxpow number="0.43027389175683345"/>
            <maxpow number="0.43027389175683345"/>
            <fprob>0.0</fprob>
        </actor>
        <actor name="D0N36">
            <wcet number="0">130</wcet>
            <wcet number="1">140</wcet>
            <maxpow number="0.8165593732983921"/>
            <maxpow number="0.8165593732983921"/>
            <fprob>0.0</fprob>
        </actor>
        <actor name="D0N15">
            <wcet number="0">10</wcet>
            <wcet number="1">20</wcet>
            <maxpow number="0.5706264380137533"/>
            <maxpow number="0.5706264380137533"/>
            <fprob>0.0</fprob>
        </actor>
        <actor name="D0N17">
            <wcet number="0">20</wcet>
            <wcet number="1">290</wcet>
            <maxpow number="0.4837509077264048"/>
            <maxpow number="0.4837509077264048"/>
            <fprob>0.0</fprob>
        </actor>
        <actor name="D0N10">
            <wcet number="0">30</wcet>
            <wcet number="1">70</wcet>
            <maxpow number="0.5618953211674244"/>
            <maxpow number="0.5618953211674244"/>
            <fprob>0.0</fprob>
        </actor>
        <actor name="D0N24">
            <wcet number="0">190</wcet>
            <wcet number="1">270</wcet>
            <maxpow number="0.23687167357578492"/>
            <maxpow number="0.23687167357578492"/>
            <fprob>0.0</fprob>
        </actor>
        <actor name="D0N30">
            <wcet number="0">30</wcet>
            <wcet number="1">30</wcet>
            <maxpow number="0.7617988012699594"/>
            <maxpow number="0.7617988012699594"/>
            <fprob>0.0</fprob>
        </actor>
        <actor name="D0N22">
            <wcet number="0">20</wcet>
            <wcet number="1">30</wcet>
            <maxpow number="0.3604998357830881"/>
            <maxpow number="0.3604998357830881"/>
            <fprob>0.0</fprob>
        </actor>
        <actor name="D0N6">
            <wcet number="0">20</wcet>
            <wcet number="1">90</wcet>
            <maxpow number="0.7243802991767958"/>
            <maxpow number="0.7243802991767958"/>
            <fprob>0.0</fprob>
        </actor>
        <actor name="D0N35">
            <wcet number="0">200</wcet>
            <wcet number="1">280</wcet>
            <maxpow number="0.6313126064127148"/>
            <maxpow number="0.6313126064127148"/>
            <fprob>0.0</fprob>
        </actor>
        <actor name="D0N41">
            <wcet number="0">20</wcet>
            <wcet number="1">60</wcet>
            <maxpow number="0.40606371305620936"/>
            <maxpow number="0.40606371305620936"/>
            <fprob>0.0</fprob>
        </actor>
        <actor name="D0N20">
            <wcet number="0">30</wcet>
            <wcet number="1">170</wcet>
            <maxpow number="0.8408180917493095"/>
            <maxpow number="0.8408180917493095"/>
            <fprob>0.0</fprob>
        </actor>
        <actor name="D0N43">
            <wcet number="0">10</wcet>
            <wcet number="1">10</wcet>
            <maxpow number="0.6054990801368397"/>
            <maxpow number="0.6054990801368397"/>
            <fprob>0.0</fprob>
        </actor>
        <actor name="D0N44">
            <wcet number="0">30</wcet>
            <wcet number="1">50</wcet>
            <maxpow number="0.7007732913344182"/>
            <maxpow number="0.7007732913344182"/>
            <fprob>0.0</fprob>
        </actor>
        <actor name="D0N19">
            <wcet number="0">30</wcet>
            <wcet number="1">40</wcet>
            <maxpow number="0.5005264036573658"/>
            <maxpow number="0.5005264036573658"/>
            <fprob>0.0</fprob>
        </actor>
        <actor name="D0N29">
            <wcet number="0">70</wcet>
            <wcet number="1">90</wcet>
            <maxpow number="0.6769040900095082"/>
            <maxpow number="0.6769040900095082"/>
            <fprob>0.0</fprob>
        </actor>
        <actor name="D0N4">
            <wcet number="0">10</wcet>
            <wcet number="1">30</wcet>
            <maxpow number="0.5699946823258131"/>
            <maxpow number="0.5699946823258131"/>
            <fprob>0.0</fprob>
        </actor>
        <actor name="D0N33">
            <wcet number="0">10</wcet>
            <wcet number="1">30</wcet>
            <maxpow number="0.41383888686446885"/>
            <maxpow number="0.41383888686446885"/>
            <fprob>0.0</fprob>
        </actor>
        <actor name="D0N9">
            <wcet number="0">30</wcet>
            <wcet number="1">40</wcet>
            <maxpow number="0.30885590534498786"/>
            <maxpow number="0.30885590534498786"/>
            <fprob>0.0</fprob>
        </actor>
        <actor name="D0N3">
            <wcet number="0">20</wcet>
            <wcet number="1">290</wcet>
            <maxpow number="0.9746750945376521"/>
            <maxpow number="0.9746750945376521"/>
            <fprob>0.0</fprob>
        </actor>
        <actor name="D0N2">
            <wcet number="0">80</wcet>
            <wcet number="1">100</wcet>
            <maxpow number="0.5439007763039329"/>
            <maxpow number="0.5439007763039329"/>
            <fprob>0.0</fprob>
        </actor>
        <actor name="D0N1">
            <wcet number="0">50</wcet>
            <wcet number="1">120</wcet>
            <maxpow number="0.6052246876044574"/>
            <maxpow number="0.6052246876044574"/>
            <fprob>0.0</fprob>
        </actor>
        <actor name="D0N37">
            <wcet number="0">170</wcet>
            <wcet number="1">250</wcet>
            <maxpow number="0.4804576906626622"/>
            <maxpow number="0.4804576906626622"/>
            <fprob>0.0</fprob>
        </actor>
        <actor name="D0N0">
            <wcet number="0">370</wcet>
            <wcet number="1">420</wcet>
            <maxpow number="0.6839307727762516"/>
            <maxpow number="0.6839307727762516"/>
            <fprob>0.0</fprob>
        </actor>
        <actor name="D0N39">
            <wcet number="0">80</wcet>
            <wcet number="1">130</wcet>
            <maxpow number="0.49623544832446276"/>
            <maxpow number="0.49623544832446276"/>
            <fprob>0.0</fprob>
        </actor>
        <actor name="D0N34">
            <wcet number="0">70</wcet>
            <wcet number="1">160</wcet>
            <maxpow number="0.6329224070977159"/>
            <maxpow number="0.6329224070977159"/>
            <fprob>0.0</fprob>
        </actor>
        <actor name="D0N18">
            <wcet number="0">10</wcet>
            <wcet number="1">10</wcet>
            <maxpow number="0.4953993019236489"/>
            <maxpow number="0.4953993019236489"/>
            <fprob>0.0</fprob>
        </actor>
        <actor name="D0N23">
            <wcet number="0">10</wcet>
            <wcet number="1">10</wcet>
            <maxpow number="0.34737518883250523"/>
            <maxpow number="0.34737518883250523"/>
            <fprob>0.0</fprob>
        </actor>
        <actor name="D0N42">
            <wcet number="0">10</wcet>
            <wcet number="1">80</wcet>
            <maxpow number="0.4331734087470982"/>
            <maxpow number="0.4331734087470982"/>
            <fprob>0.0</fprob>
        </actor>
        <actor name="D0N25">
            <wcet number="0">50</wcet>
            <wcet number="1">240</wcet>
            <maxpow number="0.5574081750571085"/>
            <maxpow number="0.5574081750571085"/>
            <fprob>0.0</fprob>
        </actor>
        <actor name="D0N31">
            <wcet number="0">190</wcet>
            <wcet number="1">210</wcet>
            <maxpow number="0.5257763617566392"/>
            <maxpow number="0.5257763617566392"/>
            <fprob>0.0</fprob>
        </actor>
        <actor name="D0N5">
            <wcet number="0">200</wcet>
            <wcet number="1">240</wcet>
            <maxpow number="0.4224387798704902"/>
            <maxpow number="0.4224387798704902"/>
            <fprob>0.0</fprob>
        </actor>
        <actor name="D0N45">
            <wcet number="0">60</wcet>
            <wcet number="1">60</wcet>
            <maxpow number="0.8411984690882534"/>
            <maxpow number="0.8411984690882534"/>
            <fprob>0.0</fprob>
        </actor>
        <actor name="D0N40">
            <wcet number="0">230</wcet>
            <wcet number="1">230</wcet>
            <maxpow number="0.7086632945111523"/>
            <maxpow number="0.7086632945111523"/>
            <fprob>0.0</fprob>
        </actor>
        <actor name="D0N11">
            <wcet number="0">10</wcet>
            <wcet number="1">30</wcet>
            <maxpow number="0.6651740690245436"/>
            <maxpow number="0.6651740690245436"/>
            <fprob>0.0</fprob>
        </actor>
        <actor name="D0N38">
            <wcet number="0">90</wcet>
            <wcet number="1">190</wcet>
            <maxpow number="0.6399058988091568"/>
            <maxpow number="0.6399058988091568"/>
            <fprob>0.0</fprob>
        </actor>
        <actor name="D0N32">
            <wcet number="0">10</wcet>
            <wcet number="1">40</wcet>
            <maxpow number="0.5740929735158149"/>
            <maxpow number="0.5740929735158149"/>
            <fprob>0.0</fprob>
        </actor>
        <actor name="D0N12">
            <wcet number="0">30</wcet>
            <wcet number="1">50</wcet>
            <maxpow number="0.5343418032671248"/>
            <maxpow number="0.5343418032671248"/>
            <fprob>0.0</fprob>
        </actor>
        <ports>
            <port dstActor="D0N33" name="p0" srcActor="D0N27"/>
            <port dstActor="D0N34" name="p1" srcActor="D0N27"/>
            <port dstActor="D0N38" name="p2" srcActor="D0N27"/>
            <port dstActor="D0N40" name="p3" srcActor="D0N27"/>
            <port dstActor="D0N46" name="p4" srcActor="D0N27"/>
            <port dstActor="D0N36" name="p5" srcActor="D0N8"/>
            <port dstActor="D0N31" name="p6" srcActor="D0N8"/>
            <port dstActor="D0N23" name="p7" srcActor="D0N21"/>
            <port dstActor="D0N27" name="p8" srcActor="D0N21"/>
            <port dstActor="D0N41" name="p9" srcActor="D0N26"/>
            <port dstActor="D0N26" name="p10" srcActor="D0N14"/>
            <port dstActor="D0N15" name="p11" srcActor="D0N14"/>
            <port dstActor="D0N44" name="p12" srcActor="D0N14"/>
            <port dstActor="D0N33" name="p13" srcActor="D0N13"/>
            <port dstActor="D0N45" name="p14" srcActor="D0N13"/>
            <port dstActor="D0N34" name="p15" srcActor="D0N13"/>
            <port dstActor="D0N22" name="p16" srcActor="D0N16"/>
            <port dstActor="D0N42" name="p17" srcActor="D0N16"/>
            <port dstActor="D0N30" name="p18" srcActor="D0N16"/>
            <port dstActor="D0N29" name="p19" srcActor="D0N7"/>
            <port dstActor="D0N20" name="p20" srcActor="D0N7"/>
            <port dstActor="D0N34" name="p21" srcActor="D0N7"/>
            <port dstActor="D0N42" name="p22" srcActor="D0N7"/>
            <port dstActor="D0N38" name="p23" srcActor="D0N36"/>
            <port dstActor="D0N21" name="p24" srcActor="D0N15"/>
            <port dstActor="D0N18" name="p25" srcActor="D0N15"/>
            <port dstActor="D0N30" name="p26" srcActor="D0N17"/>
            <port dstActor="D0N40" name="p27" srcActor="D0N17"/>
            <port dstActor="D0N39" name="p28" srcActor="D0N17"/>
            <port dstActor="D0N33" name="p29" srcActor="D0N17"/>
            <port dstActor="D0N23" name="p30" srcActor="D0N10"/>
            <port dstActor="D0N46" name="p31" srcActor="D0N10"/>
            <port dstActor="D0N20" name="p32" srcActor="D0N10"/>
            <port dstActor="D0N40" name="p33" srcActor="D0N24"/>
            <port dstActor="D0N40" name="p34" srcActor="D0N30"/>
            <port dstActor="D0N31" name="p35" srcActor="D0N30"/>
            <port dstActor="D0N34" name="p36" srcActor="D0N22"/>
            <port dstActor="D0N37" name="p37" srcActor="D0N22"/>
            <port dstActor="D0N34" name="p38" srcActor="D0N6"/>
            <port dstActor="D0N17" name="p39" srcActor="D0N6"/>
            <port dstActor="D0N28" name="p40" srcActor="D0N6"/>
            <port dstActor="D0N21" name="p41" srcActor="D0N6"/>
            <port dstActor="D0N42" name="p42" srcActor="D0N41"/>
            <port dstActor="D0N45" name="p43" srcActor="D0N41"/>
            <port dstActor="D0N46" name="p44" srcActor="D0N20"/>
            <port dstActor="D0N44" name="p45" srcActor="D0N20"/>
            <port dstActor="D0N33" name="p46" srcActor="D0N20"/>
            <port dstActor="D0N23" name="p47" srcActor="D0N20"/>
            <port dstActor="D0N45" name="p48" srcActor="D0N43"/>
            <port dstActor="D0N20" name="p49" srcActor="D0N19"/>
            <port dstActor="D0N31" name="p50" srcActor="D0N19"/>
            <port dstActor="D0N37" name="p51" srcActor="D0N19"/>
            <port dstActor="D0N35" name="p52" srcActor="D0N19"/>
            <port dstActor="D0N36" name="p53" srcActor="D0N29"/>
            <port dstActor="D0N30" name="p54" srcActor="D0N29"/>
            <port dstActor="D0N20" name="p55" srcActor="D0N4"/>
            <port dstActor="D0N41" name="p56" srcActor="D0N4"/>
            <port dstActor="D0N10" name="p57" srcActor="D0N4"/>
            <port dstActor="D0N16" name="p58" srcActor="D0N4"/>
            <port dstActor="D0N43" name="p59" srcActor="D0N4"/>
            <port dstActor="D0N18" name="p60" srcActor="D0N9"/>
            <port dstActor="D0N23" name="p61" srcActor="D0N9"/>
            <port dstActor="D0N22" name="p62" srcActor="D0N9"/>
            <port dstActor="D0N19" name="p63" srcActor="D0N3"/>
            <port dstActor="D0N35" name="p64" srcActor="D0N3"/>
            <port dstActor="D0N8" name="p65" srcActor="D0N3"/>
            <port dstActor="D0N10" name="p66" srcActor="D0N3"/>
            <port dstActor="D0N36" name="p67" srcActor="D0N3"/>
            <port dstActor="D0N36" name="p68" srcActor="D0N2"/>
            <port dstActor="D0N12" name="p69" srcActor="D0N2"/>
            <port dstActor="D0N43" name="p70" srcActor="D0N2"/>
            <port dstActor="D0N6" name="p71" srcActor="D0N2"/>
            <port dstActor="D0N40" name="p72" srcActor="D0N1"/>
            <port dstActor="D0N13" name="p73" srcActor="D0N1"/>
            <port dstActor="D0N46" name="p74" srcActor="D0N37"/>
            <port dstActor="D0N41" name="p75" srcActor="D0N37"/>
            <port dstActor="D0N11" name="p76" srcActor="D0N0"/>
            <port dstActor="D0N31" name="p77" srcActor="D0N0"/>
            <port dstActor="D0N38" name="p78" srcActor="D0N0"/>
            <port dstActor="D0N24" name="p79" srcActor="D0N0"/>
            <port dstActor="D0N26" name="p80" srcActor="D0N0"/>
            <port dstActor="D0N37" name="p81" srcActor="D0N34"/>
            <port dstActor="D0N43" name="p82" srcActor="D0N34"/>
            <port dstActor="D0N22" name="p83" srcActor="D0N18"/>
            <port dstActor="D0N27" name="p84" srcActor="D0N18"/>
            <port dstActor="D0N44" name="p85" srcActor="D0N18"/>
            <port dstActor="D0N21" name="p86" srcActor="D0N18"/>
            <port dstActor="D0N29" name="p87" srcActor="D0N18"/>
            <port dstActor="D0N28" name="p88" srcActor="D0N25"/>
            <port dstActor="D0N43" name="p89" srcActor="D0N31"/>
            <port dstActor="D0N7" name="p90" srcActor="D0N5"/>
            <port dstActor="D0N6" name="p91" srcActor="D0N5"/>
            <port dstActor="D0N29" name="p92" srcActor="D0N5"/>
            <port dstActor="D0N36" name="p93" srcActor="D0N5"/>
            <port dstActor="D0N12" name="p94" srcActor="D0N5"/>
            <port dstActor="D0N30" name="p95" srcActor="D0N11"/>
            <port dstActor="D0N39" name="p96" srcActor="D0N38"/>
            <port dstActor="D0N40" name="p97" srcActor="D0N38"/>
            <port dstActor="D0N34" name="p98" srcActor="D0N32"/>
            <port dstActor="D0N46" name="p99" srcActor="D0N32"/>
            <port dstActor="D0N31" name="p100" srcActor="D0N12"/>
            <port dstActor="D0N42" name="p101" srcActor="D0N12"/>
            <port dstActor="D0N24" name="p102" srcActor="D0N12"/>
            <port dstActor="D0N26" name="p103" srcActor="D0N12"/>
            <port dstActor="D0N20" name="p104" srcActor="D0N12"/>
            <port dstActor="D0N13" name="p105" srcActor="D0N12"/>
        </ports>
    </mcdag>
    <cores number="3"/>
    <levels number="2"/>
</mcsystem>
