<?xml version="1.0" encoding="UTF-8" standalone="no"?>
<mcsystem>
    <mcdag deadline="1200" name="genned-0-ed-10.0-0">
        <actor name="D0N14">
            <wcet number="0">30</wcet>
            <wcet number="1">70</wcet>
            <maxpow number="0.4593050152549847"/>
            <maxpow number="0.4593050152549847"/>
            <fprob>0.0</fprob>
        </actor>
        <actor name="D0N16">
            <wcet number="0">220</wcet>
            <wcet number="1">260</wcet>
            <maxpow number="0.45334425544148926"/>
            <maxpow number="0.45334425544148926"/>
            <fprob>0.0</fprob>
        </actor>
        <actor name="D0N28">
            <wcet number="0">50</wcet>
            <wcet number="1">60</wcet>
            <maxpow number="0.7971129745324301"/>
            <maxpow number="0.7971129745324301"/>
            <fprob>0.0</fprob>
        </actor>
        <actor name="D0N8">
            <wcet number="0">50</wcet>
            <wcet number="1">50</wcet>
            <maxpow number="0.4084707899031528"/>
            <maxpow number="0.4084707899031528"/>
            <fprob>0.0</fprob>
        </actor>
        <actor name="D0N22">
            <wcet number="0">120</wcet>
            <wcet number="1">240</wcet>
            <maxpow number="0.5262504242744531"/>
            <maxpow number="0.5262504242744531"/>
            <fprob>0.0</fprob>
        </actor>
        <actor name="D0N41">
            <wcet number="0">40</wcet>
            <wcet number="1">50</wcet>
            <maxpow number="0.6329779309178466"/>
            <maxpow number="0.6329779309178466"/>
            <fprob>0.0</fprob>
        </actor>
        <actor name="D0N40">
            <wcet number="0">10</wcet>
            <wcet number="1">30</wcet>
            <maxpow number="0.428054693467607"/>
            <maxpow number="0.428054693467607"/>
            <fprob>0.0</fprob>
        </actor>
        <actor name="D0N33">
            <wcet number="0">20</wcet>
            <wcet number="1">70</wcet>
            <maxpow number="0.6700454741897613"/>
            <maxpow number="0.6700454741897613"/>
            <fprob>0.0</fprob>
        </actor>
        <actor name="D0N36">
            <wcet number="0">10</wcet>
            <wcet number="1">50</wcet>
            <maxpow number="0.7194622389416425"/>
            <maxpow number="0.7194622389416425"/>
            <fprob>0.0</fprob>
        </actor>
        <actor name="D0N4">
            <wcet number="0">20</wcet>
            <wcet number="1">30</wcet>
            <maxpow number="0.8615511834417267"/>
            <maxpow number="0.8615511834417267"/>
            <fprob>0.0</fprob>
        </actor>
        <actor name="D0N11">
            <wcet number="0">140</wcet>
            <wcet number="1">190</wcet>
            <maxpow number="0.46080177718778703"/>
            <maxpow number="0.46080177718778703"/>
            <fprob>0.0</fprob>
        </actor>
        <actor name="D0N24">
            <wcet number="0">80</wcet>
            <wcet number="1">100</wcet>
            <maxpow number="0.37469103744113613"/>
            <maxpow number="0.37469103744113613"/>
            <fprob>0.0</fprob>
        </actor>
        <actor name="D0N37">
            <wcet number="0">10</wcet>
            <wcet number="1">10</wcet>
            <maxpow number="0.36584153196476854"/>
            <maxpow number="0.36584153196476854"/>
            <fprob>0.0</fprob>
        </actor>
        <actor name="D0N15">
            <wcet number="0">80</wcet>
            <wcet number="1">80</wcet>
            <maxpow number="0.7284696734831426"/>
            <maxpow number="0.7284696734831426"/>
            <fprob>0.0</fprob>
        </actor>
        <actor name="D0N29">
            <wcet number="0">70</wcet>
            <wcet number="1">80</wcet>
            <maxpow number="0.5413075620905458"/>
            <maxpow number="0.5413075620905458"/>
            <fprob>0.0</fprob>
        </actor>
        <actor name="D0N19">
            <wcet number="0">70</wcet>
            <wcet number="1">140</wcet>
            <maxpow number="0.39552298017350523"/>
            <maxpow number="0.39552298017350523"/>
            <fprob>0.0</fprob>
        </actor>
        <actor name="D0N1">
            <wcet number="0">10</wcet>
            <wcet number="1">10</wcet>
            <maxpow number="0.761165649765661"/>
            <maxpow number="0.761165649765661"/>
            <fprob>0.0</fprob>
        </actor>
        <actor name="D0N21">
            <wcet number="0">10</wcet>
            <wcet number="1">50</wcet>
            <maxpow number="0.45507037447231957"/>
            <maxpow number="0.45507037447231957"/>
            <fprob>0.0</fprob>
        </actor>
        <actor name="D0N3">
            <wcet number="0">10</wcet>
            <wcet number="1">20</wcet>
            <maxpow number="0.767233729841877"/>
            <maxpow number="0.767233729841877"/>
            <fprob>0.0</fprob>
        </actor>
        <actor name="D0N42">
            <wcet number="0">70</wcet>
            <wcet number="1">120</wcet>
            <maxpow number="0.1981545907185005"/>
            <maxpow number="0.1981545907185005"/>
            <fprob>0.0</fprob>
        </actor>
        <actor name="D0N44">
            <wcet number="0">140</wcet>
            <wcet number="1">160</wcet>
            <maxpow number="0.41080584649299984"/>
            <maxpow number="0.41080584649299984"/>
            <fprob>0.0</fprob>
        </actor>
        <actor name="D0N18">
            <wcet number="0">10</wcet>
            <wcet number="1">10</wcet>
            <maxpow number="0.6503431476303189"/>
            <maxpow number="0.6503431476303189"/>
            <fprob>0.0</fprob>
        </actor>
        <actor name="D0N38">
            <wcet number="0">30</wcet>
            <wcet number="1">30</wcet>
            <maxpow number="0.5843579319903944"/>
            <maxpow number="0.5843579319903944"/>
            <fprob>0.0</fprob>
        </actor>
        <actor name="D0N6">
            <wcet number="0">20</wcet>
            <wcet number="1">20</wcet>
            <maxpow number="0.5493763385127785"/>
            <maxpow number="0.5493763385127785"/>
            <fprob>0.0</fprob>
        </actor>
        <actor name="D0N23">
            <wcet number="0">10</wcet>
            <wcet number="1">20</wcet>
            <maxpow number="0.4825292270990199"/>
            <maxpow number="0.4825292270990199"/>
            <fprob>0.0</fprob>
        </actor>
        <actor name="D0N26">
            <wcet number="0">20</wcet>
            <wcet number="1">50</wcet>
            <maxpow number="0.6027128941047493"/>
            <maxpow number="0.6027128941047493"/>
            <fprob>0.0</fprob>
        </actor>
        <actor name="D0N30">
            <wcet number="0">10</wcet>
            <wcet number="1">30</wcet>
            <maxpow number="0.8179468715282951"/>
            <maxpow number="0.8179468715282951"/>
            <fprob>0.0</fprob>
        </actor>
        <actor name="D0N43">
            <wcet number="0">50</wcet>
            <wcet number="1">80</wcet>
            <maxpow number="0.3692836501459282"/>
            <maxpow number="0.3692836501459282"/>
            <fprob>0.0</fprob>
        </actor>
        <actor name="D0N32">
            <wcet number="0">20</wcet>
            <wcet number="1">40</wcet>
            <maxpow number="0.60211661853595"/>
            <maxpow number="0.60211661853595"/>
            <fprob>0.0</fprob>
        </actor>
        <actor name="D0N0">
            <wcet number="0">10</wcet>
            <wcet number="1">40</wcet>
            <maxpow number="0.5506951231911835"/>
            <maxpow number="0.5506951231911835"/>
            <fprob>0.0</fprob>
        </actor>
        <actor name="D0N31">
            <wcet number="0">10</wcet>
            <wcet number="1">30</wcet>
            <maxpow number="0.18072875121180987"/>
            <maxpow number="0.18072875121180987"/>
            <fprob>0.0</fprob>
        </actor>
        <actor name="D0N10">
            <wcet number="0">90</wcet>
            <wcet number="1">90</wcet>
            <maxpow number="0.5854392581329356"/>
            <maxpow number="0.5854392581329356"/>
            <fprob>0.0</fprob>
        </actor>
        <actor name="D0N9">
            <wcet number="0">20</wcet>
            <wcet number="1">20</wcet>
            <maxpow number="0.7418688405663669"/>
            <maxpow number="0.7418688405663669"/>
            <fprob>0.0</fprob>
        </actor>
        <actor name="D0N5">
            <wcet number="0">20</wcet>
            <wcet number="1">20</wcet>
            <maxpow number="0.6514890298646537"/>
            <maxpow number="0.6514890298646537"/>
            <fprob>0.0</fprob>
        </actor>
        <actor name="D0N7">
            <wcet number="0">10</wcet>
            <wcet number="1">20</wcet>
            <maxpow number="0.4618719142634146"/>
            <maxpow number="0.4618719142634146"/>
            <fprob>0.0</fprob>
        </actor>
        <actor name="D0N13">
            <wcet number="0">250</wcet>
            <wcet number="1">260</wcet>
            <maxpow number="0.8343016967522658"/>
            <maxpow number="0.8343016967522658"/>
            <fprob>0.0</fprob>
        </actor>
        <actor name="D0N2">
            <wcet number="0">30</wcet>
            <wcet number="1">50</wcet>
            <maxpow number="0.6272576290293502"/>
            <maxpow number="0.6272576290293502"/>
            <fprob>0.0</fprob>
        </actor>
        <actor name="D0N39">
            <wcet number="0">10</wcet>
            <wcet number="1">10</wcet>
            <maxpow number="0.5328668199994903"/>
            <maxpow number="0.5328668199994903"/>
            <fprob>0.0</fprob>
        </actor>
        <actor name="D0N34">
            <wcet number="0">40</wcet>
            <wcet number="1">50</wcet>
            <maxpow number="0.6384145856725646"/>
            <maxpow number="0.6384145856725646"/>
            <fprob>0.0</fprob>
        </actor>
        <actor name="D0N25">
            <wcet number="0">60</wcet>
            <wcet number="1">140</wcet>
            <maxpow number="0.4456643924018255"/>
            <maxpow number="0.4456643924018255"/>
            <fprob>0.0</fprob>
        </actor>
        <actor name="D0N17">
            <wcet number="0">30</wcet>
            <wcet number="1">30</wcet>
            <maxpow number="0.6358983759815459"/>
            <maxpow number="0.6358983759815459"/>
            <fprob>0.0</fprob>
        </actor>
        <actor name="D0N45">
            <wcet number="0">40</wcet>
            <wcet number="1">40</wcet>
            <maxpow number="0.3059854274126477"/>
            <maxpow number="0.3059854274126477"/>
            <fprob>0.0</fprob>
        </actor>
        <actor name="D0N27">
            <wcet number="0">40</wcet>
            <wcet number="1">90</wcet>
            <maxpow number="0.5171588272760609"/>
            <maxpow number="0.5171588272760609"/>
            <fprob>0.0</fprob>
        </actor>
        <actor name="D0N46">
            <wcet number="0">10</wcet>
            <wcet number="1">20</wcet>
            <maxpow number="0.4565890099821715"/>
            <maxpow number="0.4565890099821715"/>
            <fprob>0.0</fprob>
        </actor>
        <actor name="D0N20">
            <wcet number="0">30</wcet>
            <wcet number="1">30</wcet>
            <maxpow number="0.4477166051120942"/>
            <maxpow number="0.4477166051120942"/>
            <fprob>0.0</fprob>
        </actor>
        <actor name="D0N35">
            <wcet number="0">10</wcet>
            <wcet number="1">10</wcet>
            <maxpow number="0.504407311287389"/>
            <maxpow number="0.504407311287389"/>
            <fprob>0.0</fprob>
        </actor>
        <actor name="D0N12">
            <wcet number="0">20</wcet>
            <wcet number="1">20</wcet>
            <maxpow number="0.5527079170613903"/>
            <maxpow number="0.5527079170613903"/>
            <fprob>0.0</fprob>
        </actor>
        <ports>
            <port dstActor="D0N22" name="p0" srcActor="D0N14"/>
            <port dstActor="D0N35" name="p1" srcActor="D0N16"/>
            <port dstActor="D0N23" name="p2" srcActor="D0N16"/>
            <port dstActor="D0N24" name="p3" srcActor="D0N16"/>
            <port dstActor="D0N17" name="p4" srcActor="D0N8"/>
            <port dstActor="D0N27" name="p5" srcActor="D0N8"/>
            <port dstActor="D0N39" name="p6" srcActor="D0N8"/>
            <port dstActor="D0N23" name="p7" srcActor="D0N8"/>
            <port dstActor="D0N42" name="p8" srcActor="D0N22"/>
            <port dstActor="D0N43" name="p9" srcActor="D0N22"/>
            <port dstActor="D0N44" name="p10" srcActor="D0N33"/>
            <port dstActor="D0N45" name="p11" srcActor="D0N33"/>
            <port dstActor="D0N40" name="p12" srcActor="D0N36"/>
            <port dstActor="D0N40" name="p13" srcActor="D0N4"/>
            <port dstActor="D0N42" name="p14" srcActor="D0N4"/>
            <port dstActor="D0N7" name="p15" srcActor="D0N4"/>
            <port dstActor="D0N21" name="p16" srcActor="D0N4"/>
            <port dstActor="D0N26" name="p17" srcActor="D0N4"/>
            <port dstActor="D0N22" name="p18" srcActor="D0N4"/>
            <port dstActor="D0N38" name="p19" srcActor="D0N4"/>
            <port dstActor="D0N5" name="p20" srcActor="D0N4"/>
            <port dstActor="D0N14" name="p21" srcActor="D0N4"/>
            <port dstActor="D0N44" name="p22" srcActor="D0N11"/>
            <port dstActor="D0N40" name="p23" srcActor="D0N11"/>
            <port dstActor="D0N42" name="p24" srcActor="D0N11"/>
            <port dstActor="D0N24" name="p25" srcActor="D0N11"/>
            <port dstActor="D0N31" name="p26" srcActor="D0N11"/>
            <port dstActor="D0N45" name="p27" srcActor="D0N11"/>
            <port dstActor="D0N27" name="p28" srcActor="D0N11"/>
            <port dstActor="D0N46" name="p29" srcActor="D0N11"/>
            <port dstActor="D0N17" name="p30" srcActor="D0N15"/>
            <port dstActor="D0N42" name="p31" srcActor="D0N19"/>
            <port dstActor="D0N38" name="p32" srcActor="D0N19"/>
            <port dstActor="D0N46" name="p33" srcActor="D0N19"/>
            <port dstActor="D0N20" name="p34" srcActor="D0N19"/>
            <port dstActor="D0N28" name="p35" srcActor="D0N1"/>
            <port dstActor="D0N35" name="p36" srcActor="D0N1"/>
            <port dstActor="D0N38" name="p37" srcActor="D0N1"/>
            <port dstActor="D0N30" name="p38" srcActor="D0N1"/>
            <port dstActor="D0N25" name="p39" srcActor="D0N1"/>
            <port dstActor="D0N20" name="p40" srcActor="D0N1"/>
            <port dstActor="D0N28" name="p41" srcActor="D0N21"/>
            <port dstActor="D0N28" name="p42" srcActor="D0N3"/>
            <port dstActor="D0N39" name="p43" srcActor="D0N3"/>
            <port dstActor="D0N15" name="p44" srcActor="D0N3"/>
            <port dstActor="D0N46" name="p45" srcActor="D0N42"/>
            <port dstActor="D0N37" name="p46" srcActor="D0N18"/>
            <port dstActor="D0N40" name="p47" srcActor="D0N18"/>
            <port dstActor="D0N25" name="p48" srcActor="D0N18"/>
            <port dstActor="D0N39" name="p49" srcActor="D0N18"/>
            <port dstActor="D0N46" name="p50" srcActor="D0N38"/>
            <port dstActor="D0N45" name="p51" srcActor="D0N6"/>
            <port dstActor="D0N10" name="p52" srcActor="D0N6"/>
            <port dstActor="D0N7" name="p53" srcActor="D0N6"/>
            <port dstActor="D0N15" name="p54" srcActor="D0N6"/>
            <port dstActor="D0N41" name="p55" srcActor="D0N6"/>
            <port dstActor="D0N34" name="p56" srcActor="D0N23"/>
            <port dstActor="D0N34" name="p57" srcActor="D0N26"/>
            <port dstActor="D0N45" name="p58" srcActor="D0N26"/>
            <port dstActor="D0N36" name="p59" srcActor="D0N26"/>
            <port dstActor="D0N33" name="p60" srcActor="D0N30"/>
            <port dstActor="D0N35" name="p61" srcActor="D0N30"/>
            <port dstActor="D0N40" name="p62" srcActor="D0N32"/>
            <port dstActor="D0N35" name="p63" srcActor="D0N32"/>
            <port dstActor="D0N37" name="p64" srcActor="D0N32"/>
            <port dstActor="D0N34" name="p65" srcActor="D0N0"/>
            <port dstActor="D0N33" name="p66" srcActor="D0N0"/>
            <port dstActor="D0N44" name="p67" srcActor="D0N0"/>
            <port dstActor="D0N31" name="p68" srcActor="D0N0"/>
            <port dstActor="D0N16" name="p69" srcActor="D0N0"/>
            <port dstActor="D0N37" name="p70" srcActor="D0N0"/>
            <port dstActor="D0N44" name="p71" srcActor="D0N31"/>
            <port dstActor="D0N33" name="p72" srcActor="D0N31"/>
            <port dstActor="D0N36" name="p73" srcActor="D0N31"/>
            <port dstActor="D0N14" name="p74" srcActor="D0N10"/>
            <port dstActor="D0N17" name="p75" srcActor="D0N10"/>
            <port dstActor="D0N41" name="p76" srcActor="D0N10"/>
            <port dstActor="D0N26" name="p77" srcActor="D0N9"/>
            <port dstActor="D0N38" name="p78" srcActor="D0N9"/>
            <port dstActor="D0N20" name="p79" srcActor="D0N9"/>
            <port dstActor="D0N28" name="p80" srcActor="D0N9"/>
            <port dstActor="D0N32" name="p81" srcActor="D0N9"/>
            <port dstActor="D0N22" name="p82" srcActor="D0N5"/>
            <port dstActor="D0N28" name="p83" srcActor="D0N5"/>
            <port dstActor="D0N15" name="p84" srcActor="D0N5"/>
            <port dstActor="D0N46" name="p85" srcActor="D0N5"/>
            <port dstActor="D0N8" name="p86" srcActor="D0N5"/>
            <port dstActor="D0N25" name="p87" srcActor="D0N5"/>
            <port dstActor="D0N9" name="p88" srcActor="D0N7"/>
            <port dstActor="D0N42" name="p89" srcActor="D0N7"/>
            <port dstActor="D0N44" name="p90" srcActor="D0N7"/>
            <port dstActor="D0N34" name="p91" srcActor="D0N7"/>
            <port dstActor="D0N29" name="p92" srcActor="D0N7"/>
            <port dstActor="D0N43" name="p93" srcActor="D0N13"/>
            <port dstActor="D0N35" name="p94" srcActor="D0N13"/>
            <port dstActor="D0N5" name="p95" srcActor="D0N2"/>
            <port dstActor="D0N40" name="p96" srcActor="D0N2"/>
            <port dstActor="D0N18" name="p97" srcActor="D0N2"/>
            <port dstActor="D0N31" name="p98" srcActor="D0N2"/>
            <port dstActor="D0N43" name="p99" srcActor="D0N2"/>
            <port dstActor="D0N24" name="p100" srcActor="D0N2"/>
            <port dstActor="D0N38" name="p101" srcActor="D0N25"/>
            <port dstActor="D0N34" name="p102" srcActor="D0N27"/>
            <port dstActor="D0N36" name="p103" srcActor="D0N27"/>
            <port dstActor="D0N46" name="p104" srcActor="D0N27"/>
            <port dstActor="D0N24" name="p105" srcActor="D0N20"/>
            <port dstActor="D0N34" name="p106" srcActor="D0N20"/>
            <port dstActor="D0N38" name="p107" srcActor="D0N20"/>
            <port dstActor="D0N43" name="p108" srcActor="D0N12"/>
        </ports>
    </mcdag>
    <cores number="3"/>
    <levels number="2"/>
</mcsystem>
