<?xml version="1.0" encoding="UTF-8" standalone="no"?>
<mcsystem>
    <mcdag deadline="1500" name="genned-0-ed-10.0-0">
        <actor name="D0N7">
            <wcet number="0">20</wcet>
            <wcet number="1">70</wcet>
            <maxpow number="0.19753849493369635"/>
            <maxpow number="0.19753849493369635"/>
            <fprob>0.0</fprob>
        </actor>
        <actor name="D0N39">
            <wcet number="0">100</wcet>
            <wcet number="1">100</wcet>
            <maxpow number="0.3312035797364069"/>
            <maxpow number="0.3312035797364069"/>
            <fprob>0.0</fprob>
        </actor>
        <actor name="D0N44">
            <wcet number="0">200</wcet>
            <wcet number="1">360</wcet>
            <maxpow number="0.6461505359634109"/>
            <maxpow number="0.6461505359634109"/>
            <fprob>0.0</fprob>
        </actor>
        <actor name="D0N37">
            <wcet number="0">10</wcet>
            <wcet number="1">40</wcet>
            <maxpow number="0.6650995309626957"/>
            <maxpow number="0.6650995309626957"/>
            <fprob>0.0</fprob>
        </actor>
        <actor name="D0N19">
            <wcet number="0">20</wcet>
            <wcet number="1">60</wcet>
            <maxpow number="0.5549958249382494"/>
            <maxpow number="0.5549958249382494"/>
            <fprob>0.0</fprob>
        </actor>
        <actor name="D0N30">
            <wcet number="0">90</wcet>
            <wcet number="1">120</wcet>
            <maxpow number="0.33337110195178876"/>
            <maxpow number="0.33337110195178876"/>
            <fprob>0.0</fprob>
        </actor>
        <actor name="D0N23">
            <wcet number="0">170</wcet>
            <wcet number="1">440</wcet>
            <maxpow number="0.18225422528253143"/>
            <maxpow number="0.18225422528253143"/>
            <fprob>0.0</fprob>
        </actor>
        <actor name="D0N21">
            <wcet number="0">10</wcet>
            <wcet number="1">60</wcet>
            <maxpow number="0.48977181190007346"/>
            <maxpow number="0.48977181190007346"/>
            <fprob>0.0</fprob>
        </actor>
        <actor name="D0N14">
            <wcet number="0">10</wcet>
            <wcet number="1">10</wcet>
            <maxpow number="0.6292797096359165"/>
            <maxpow number="0.6292797096359165"/>
            <fprob>0.0</fprob>
        </actor>
        <actor name="D0N29">
            <wcet number="0">90</wcet>
            <wcet number="1">120</wcet>
            <maxpow number="0.5300969768794217"/>
            <maxpow number="0.5300969768794217"/>
            <fprob>0.0</fprob>
        </actor>
        <actor name="D0N40">
            <wcet number="0">90</wcet>
            <wcet number="1">100</wcet>
            <maxpow number="0.5660731091199782"/>
            <maxpow number="0.5660731091199782"/>
            <fprob>0.0</fprob>
        </actor>
        <actor name="D0N15">
            <wcet number="0">50</wcet>
            <wcet number="1">100</wcet>
            <maxpow number="0.7379311564265449"/>
            <maxpow number="0.7379311564265449"/>
            <fprob>0.0</fprob>
        </actor>
        <actor name="D0N10">
            <wcet number="0">50</wcet>
            <wcet number="1">60</wcet>
            <maxpow number="0.5578887566457"/>
            <maxpow number="0.5578887566457"/>
            <fprob>0.0</fprob>
        </actor>
        <actor name="D0N47">
            <wcet number="0">100</wcet>
            <wcet number="1">240</wcet>
            <maxpow number="0.4225586048198909"/>
            <maxpow number="0.4225586048198909"/>
            <fprob>0.0</fprob>
        </actor>
        <actor name="D0N1">
            <wcet number="0">10</wcet>
            <wcet number="1">30</wcet>
            <maxpow number="0.7953984095172235"/>
            <maxpow number="0.7953984095172235"/>
            <fprob>0.0</fprob>
        </actor>
        <actor name="D0N42">
            <wcet number="0">70</wcet>
            <wcet number="1">80</wcet>
            <maxpow number="0.8126712550981217"/>
            <maxpow number="0.8126712550981217"/>
            <fprob>0.0</fprob>
        </actor>
        <actor name="D0N24">
            <wcet number="0">60</wcet>
            <wcet number="1">110</wcet>
            <maxpow number="0.5300944898578661"/>
            <maxpow number="0.5300944898578661"/>
            <fprob>0.0</fprob>
        </actor>
        <actor name="D0N3">
            <wcet number="0">20</wcet>
            <wcet number="1">40</wcet>
            <maxpow number="0.4166758652053525"/>
            <maxpow number="0.4166758652053525"/>
            <fprob>0.0</fprob>
        </actor>
        <actor name="D0N8">
            <wcet number="0">130</wcet>
            <wcet number="1">160</wcet>
            <maxpow number="0.679693424436389"/>
            <maxpow number="0.679693424436389"/>
            <fprob>0.0</fprob>
        </actor>
        <actor name="D0N4">
            <wcet number="0">20</wcet>
            <wcet number="1">40</wcet>
            <maxpow number="0.9048438024655066"/>
            <maxpow number="0.9048438024655066"/>
            <fprob>0.0</fprob>
        </actor>
        <actor name="D0N35">
            <wcet number="0">30</wcet>
            <wcet number="1">230</wcet>
            <maxpow number="0.583642600883038"/>
            <maxpow number="0.583642600883038"/>
            <fprob>0.0</fprob>
        </actor>
        <actor name="D0N26">
            <wcet number="0">40</wcet>
            <wcet number="1">40</wcet>
            <maxpow number="0.5235368796822266"/>
            <maxpow number="0.5235368796822266"/>
            <fprob>0.0</fprob>
        </actor>
        <actor name="D0N5">
            <wcet number="0">60</wcet>
            <wcet number="1">60</wcet>
            <maxpow number="0.3331466029459401"/>
            <maxpow number="0.3331466029459401"/>
            <fprob>0.0</fprob>
        </actor>
        <actor name="D0N36">
            <wcet number="0">110</wcet>
            <wcet number="1">140</wcet>
            <maxpow number="0.3324342213990392"/>
            <maxpow number="0.3324342213990392"/>
            <fprob>0.0</fprob>
        </actor>
        <actor name="D0N46">
            <wcet number="0">40</wcet>
            <wcet number="1">50</wcet>
            <maxpow number="0.47218930021026717"/>
            <maxpow number="0.47218930021026717"/>
            <fprob>0.0</fprob>
        </actor>
        <actor name="D0N9">
            <wcet number="0">10</wcet>
            <wcet number="1">30</wcet>
            <maxpow number="0.3707221314144966"/>
            <maxpow number="0.3707221314144966"/>
            <fprob>0.0</fprob>
        </actor>
        <actor name="D0N38">
            <wcet number="0">10</wcet>
            <wcet number="1">10</wcet>
            <maxpow number="0.41574480759268956"/>
            <maxpow number="0.41574480759268956"/>
            <fprob>0.0</fprob>
        </actor>
        <actor name="D0N17">
            <wcet number="0">10</wcet>
            <wcet number="1">10</wcet>
            <maxpow number="0.33980669906356836"/>
            <maxpow number="0.33980669906356836"/>
            <fprob>0.0</fprob>
        </actor>
        <actor name="D0N43">
            <wcet number="0">120</wcet>
            <wcet number="1">270</wcet>
            <maxpow number="0.33762576554474427"/>
            <maxpow number="0.33762576554474427"/>
            <fprob>0.0</fprob>
        </actor>
        <actor name="D0N18">
            <wcet number="0">10</wcet>
            <wcet number="1">70</wcet>
            <maxpow number="0.4413573913118195"/>
            <maxpow number="0.4413573913118195"/>
            <fprob>0.0</fprob>
        </actor>
        <actor name="D0N34">
            <wcet number="0">70</wcet>
            <wcet number="1">110</wcet>
            <maxpow number="0.5772549335785139"/>
            <maxpow number="0.5772549335785139"/>
            <fprob>0.0</fprob>
        </actor>
        <actor name="D0N6">
            <wcet number="0">10</wcet>
            <wcet number="1">10</wcet>
            <maxpow number="0.3258541587560493"/>
            <maxpow number="0.3258541587560493"/>
            <fprob>0.0</fprob>
        </actor>
        <actor name="D0N45">
            <wcet number="0">20</wcet>
            <wcet number="1">40</wcet>
            <maxpow number="0.6580303782148373"/>
            <maxpow number="0.6580303782148373"/>
            <fprob>0.0</fprob>
        </actor>
        <actor name="D0N16">
            <wcet number="0">60</wcet>
            <wcet number="1">80</wcet>
            <maxpow number="0.2566411433434172"/>
            <maxpow number="0.2566411433434172"/>
            <fprob>0.0</fprob>
        </actor>
        <actor name="D0N20">
            <wcet number="0">10</wcet>
            <wcet number="1">90</wcet>
            <maxpow number="0.7664598627069055"/>
            <maxpow number="0.7664598627069055"/>
            <fprob>0.0</fprob>
        </actor>
        <actor name="D0N25">
            <wcet number="0">70</wcet>
            <wcet number="1">130</wcet>
            <maxpow number="0.5726558187353369"/>
            <maxpow number="0.5726558187353369"/>
            <fprob>0.0</fprob>
        </actor>
        <actor name="D0N0">
            <wcet number="0">30</wcet>
            <wcet number="1">30</wcet>
            <maxpow number="0.3885315458565977"/>
            <maxpow number="0.3885315458565977"/>
            <fprob>0.0</fprob>
        </actor>
        <actor name="D0N32">
            <wcet number="0">10</wcet>
            <wcet number="1">20</wcet>
            <maxpow number="0.6826867943663113"/>
            <maxpow number="0.6826867943663113"/>
            <fprob>0.0</fprob>
        </actor>
        <actor name="D0N12">
            <wcet number="0">10</wcet>
            <wcet number="1">20</wcet>
            <maxpow number="0.35983666014038207"/>
            <maxpow number="0.35983666014038207"/>
            <fprob>0.0</fprob>
        </actor>
        <actor name="D0N2">
            <wcet number="0">30</wcet>
            <wcet number="1">40</wcet>
            <maxpow number="0.4996279129832193"/>
            <maxpow number="0.4996279129832193"/>
            <fprob>0.0</fprob>
        </actor>
        <actor name="D0N41">
            <wcet number="0">10</wcet>
            <wcet number="1">10</wcet>
            <maxpow number="0.6920508046659777"/>
            <maxpow number="0.6920508046659777"/>
            <fprob>0.0</fprob>
        </actor>
        <actor name="D0N33">
            <wcet number="0">60</wcet>
            <wcet number="1">70</wcet>
            <maxpow number="0.8830262086973097"/>
            <maxpow number="0.8830262086973097"/>
            <fprob>0.0</fprob>
        </actor>
        <actor name="D0N13">
            <wcet number="0">50</wcet>
            <wcet number="1">90</wcet>
            <maxpow number="0.6968228608928366"/>
            <maxpow number="0.6968228608928366"/>
            <fprob>0.0</fprob>
        </actor>
        <actor name="D0N31">
            <wcet number="0">20</wcet>
            <wcet number="1">110</wcet>
            <maxpow number="0.4976965782455676"/>
            <maxpow number="0.4976965782455676"/>
            <fprob>0.0</fprob>
        </actor>
        <actor name="D0N22">
            <wcet number="0">20</wcet>
            <wcet number="1">30</wcet>
            <maxpow number="0.5707748770631426"/>
            <maxpow number="0.5707748770631426"/>
            <fprob>0.0</fprob>
        </actor>
        <actor name="D0N11">
            <wcet number="0">10</wcet>
            <wcet number="1">20</wcet>
            <maxpow number="0.6457328276164692"/>
            <maxpow number="0.6457328276164692"/>
            <fprob>0.0</fprob>
        </actor>
        <actor name="D0N27">
            <wcet number="0">20</wcet>
            <wcet number="1">20</wcet>
            <maxpow number="0.49748106586860813"/>
            <maxpow number="0.49748106586860813"/>
            <fprob>0.0</fprob>
        </actor>
        <actor name="D0N28">
            <wcet number="0">30</wcet>
            <wcet number="1">30</wcet>
            <maxpow number="0.5432686172046471"/>
            <maxpow number="0.5432686172046471"/>
            <fprob>0.0</fprob>
        </actor>
        <ports>
            <port dstActor="D0N31" name="p0" srcActor="D0N7"/>
            <port dstActor="D0N20" name="p1" srcActor="D0N7"/>
            <port dstActor="D0N36" name="p2" srcActor="D0N7"/>
            <port dstActor="D0N8" name="p3" srcActor="D0N7"/>
            <port dstActor="D0N40" name="p4" srcActor="D0N7"/>
            <port dstActor="D0N17" name="p5" srcActor="D0N7"/>
            <port dstActor="D0N38" name="p6" srcActor="D0N37"/>
            <port dstActor="D0N43" name="p7" srcActor="D0N37"/>
            <port dstActor="D0N32" name="p8" srcActor="D0N19"/>
            <port dstActor="D0N22" name="p9" srcActor="D0N19"/>
            <port dstActor="D0N28" name="p10" srcActor="D0N19"/>
            <port dstActor="D0N42" name="p11" srcActor="D0N19"/>
            <port dstActor="D0N36" name="p12" srcActor="D0N30"/>
            <port dstActor="D0N41" name="p13" srcActor="D0N30"/>
            <port dstActor="D0N39" name="p14" srcActor="D0N30"/>
            <port dstActor="D0N47" name="p15" srcActor="D0N30"/>
            <port dstActor="D0N47" name="p16" srcActor="D0N23"/>
            <port dstActor="D0N40" name="p17" srcActor="D0N23"/>
            <port dstActor="D0N24" name="p18" srcActor="D0N21"/>
            <port dstActor="D0N33" name="p19" srcActor="D0N21"/>
            <port dstActor="D0N43" name="p20" srcActor="D0N21"/>
            <port dstActor="D0N46" name="p21" srcActor="D0N14"/>
            <port dstActor="D0N22" name="p22" srcActor="D0N14"/>
            <port dstActor="D0N31" name="p23" srcActor="D0N14"/>
            <port dstActor="D0N35" name="p24" srcActor="D0N14"/>
            <port dstActor="D0N26" name="p25" srcActor="D0N14"/>
            <port dstActor="D0N38" name="p26" srcActor="D0N29"/>
            <port dstActor="D0N32" name="p27" srcActor="D0N29"/>
            <port dstActor="D0N39" name="p28" srcActor="D0N29"/>
            <port dstActor="D0N42" name="p29" srcActor="D0N40"/>
            <port dstActor="D0N40" name="p30" srcActor="D0N15"/>
            <port dstActor="D0N43" name="p31" srcActor="D0N15"/>
            <port dstActor="D0N39" name="p32" srcActor="D0N15"/>
            <port dstActor="D0N41" name="p33" srcActor="D0N15"/>
            <port dstActor="D0N46" name="p34" srcActor="D0N15"/>
            <port dstActor="D0N32" name="p35" srcActor="D0N10"/>
            <port dstActor="D0N42" name="p36" srcActor="D0N10"/>
            <port dstActor="D0N27" name="p37" srcActor="D0N10"/>
            <port dstActor="D0N28" name="p38" srcActor="D0N10"/>
            <port dstActor="D0N42" name="p39" srcActor="D0N1"/>
            <port dstActor="D0N13" name="p40" srcActor="D0N1"/>
            <port dstActor="D0N41" name="p41" srcActor="D0N1"/>
            <port dstActor="D0N29" name="p42" srcActor="D0N1"/>
            <port dstActor="D0N34" name="p43" srcActor="D0N1"/>
            <port dstActor="D0N20" name="p44" srcActor="D0N1"/>
            <port dstActor="D0N33" name="p45" srcActor="D0N1"/>
            <port dstActor="D0N37" name="p46" srcActor="D0N24"/>
            <port dstActor="D0N35" name="p47" srcActor="D0N24"/>
            <port dstActor="D0N27" name="p48" srcActor="D0N24"/>
            <port dstActor="D0N33" name="p49" srcActor="D0N3"/>
            <port dstActor="D0N42" name="p50" srcActor="D0N8"/>
            <port dstActor="D0N26" name="p51" srcActor="D0N8"/>
            <port dstActor="D0N37" name="p52" srcActor="D0N8"/>
            <port dstActor="D0N36" name="p53" srcActor="D0N8"/>
            <port dstActor="D0N8" name="p54" srcActor="D0N4"/>
            <port dstActor="D0N37" name="p55" srcActor="D0N4"/>
            <port dstActor="D0N29" name="p56" srcActor="D0N4"/>
            <port dstActor="D0N30" name="p57" srcActor="D0N4"/>
            <port dstActor="D0N45" name="p58" srcActor="D0N4"/>
            <port dstActor="D0N30" name="p59" srcActor="D0N26"/>
            <port dstActor="D0N41" name="p60" srcActor="D0N26"/>
            <port dstActor="D0N36" name="p61" srcActor="D0N26"/>
            <port dstActor="D0N11" name="p62" srcActor="D0N5"/>
            <port dstActor="D0N36" name="p63" srcActor="D0N5"/>
            <port dstActor="D0N38" name="p64" srcActor="D0N5"/>
            <port dstActor="D0N37" name="p65" srcActor="D0N36"/>
            <port dstActor="D0N12" name="p66" srcActor="D0N9"/>
            <port dstActor="D0N16" name="p67" srcActor="D0N9"/>
            <port dstActor="D0N26" name="p68" srcActor="D0N9"/>
            <port dstActor="D0N24" name="p69" srcActor="D0N9"/>
            <port dstActor="D0N38" name="p70" srcActor="D0N17"/>
            <port dstActor="D0N26" name="p71" srcActor="D0N17"/>
            <port dstActor="D0N44" name="p72" srcActor="D0N17"/>
            <port dstActor="D0N27" name="p73" srcActor="D0N17"/>
            <port dstActor="D0N45" name="p74" srcActor="D0N43"/>
            <port dstActor="D0N47" name="p75" srcActor="D0N43"/>
            <port dstActor="D0N47" name="p76" srcActor="D0N18"/>
            <port dstActor="D0N34" name="p77" srcActor="D0N18"/>
            <port dstActor="D0N39" name="p78" srcActor="D0N18"/>
            <port dstActor="D0N38" name="p79" srcActor="D0N34"/>
            <port dstActor="D0N44" name="p80" srcActor="D0N34"/>
            <port dstActor="D0N37" name="p81" srcActor="D0N34"/>
            <port dstActor="D0N24" name="p82" srcActor="D0N6"/>
            <port dstActor="D0N33" name="p83" srcActor="D0N6"/>
            <port dstActor="D0N13" name="p84" srcActor="D0N6"/>
            <port dstActor="D0N10" name="p85" srcActor="D0N6"/>
            <port dstActor="D0N31" name="p86" srcActor="D0N6"/>
            <port dstActor="D0N45" name="p87" srcActor="D0N6"/>
            <port dstActor="D0N17" name="p88" srcActor="D0N16"/>
            <port dstActor="D0N31" name="p89" srcActor="D0N20"/>
            <port dstActor="D0N47" name="p90" srcActor="D0N20"/>
            <port dstActor="D0N22" name="p91" srcActor="D0N20"/>
            <port dstActor="D0N45" name="p92" srcActor="D0N20"/>
            <port dstActor="D0N27" name="p93" srcActor="D0N25"/>
            <port dstActor="D0N47" name="p94" srcActor="D0N25"/>
            <port dstActor="D0N46" name="p95" srcActor="D0N0"/>
            <port dstActor="D0N34" name="p96" srcActor="D0N0"/>
            <port dstActor="D0N20" name="p97" srcActor="D0N0"/>
            <port dstActor="D0N6" name="p98" srcActor="D0N0"/>
            <port dstActor="D0N8" name="p99" srcActor="D0N0"/>
            <port dstActor="D0N37" name="p100" srcActor="D0N32"/>
            <port dstActor="D0N44" name="p101" srcActor="D0N32"/>
            <port dstActor="D0N26" name="p102" srcActor="D0N12"/>
            <port dstActor="D0N40" name="p103" srcActor="D0N2"/>
            <port dstActor="D0N45" name="p104" srcActor="D0N2"/>
            <port dstActor="D0N16" name="p105" srcActor="D0N2"/>
            <port dstActor="D0N47" name="p106" srcActor="D0N2"/>
            <port dstActor="D0N39" name="p107" srcActor="D0N33"/>
            <port dstActor="D0N34" name="p108" srcActor="D0N33"/>
            <port dstActor="D0N26" name="p109" srcActor="D0N13"/>
            <port dstActor="D0N40" name="p110" srcActor="D0N13"/>
            <port dstActor="D0N16" name="p111" srcActor="D0N13"/>
            <port dstActor="D0N30" name="p112" srcActor="D0N13"/>
            <port dstActor="D0N41" name="p113" srcActor="D0N31"/>
            <port dstActor="D0N34" name="p114" srcActor="D0N31"/>
            <port dstActor="D0N47" name="p115" srcActor="D0N31"/>
            <port dstActor="D0N26" name="p116" srcActor="D0N22"/>
            <port dstActor="D0N47" name="p117" srcActor="D0N22"/>
            <port dstActor="D0N33" name="p118" srcActor="D0N22"/>
            <port dstActor="D0N36" name="p119" srcActor="D0N11"/>
            <port dstActor="D0N16" name="p120" srcActor="D0N11"/>
            <port dstActor="D0N40" name="p121" srcActor="D0N11"/>
            <port dstActor="D0N39" name="p122" srcActor="D0N11"/>
            <port dstActor="D0N20" name="p123" srcActor="D0N11"/>
            <port dstActor="D0N34" name="p124" srcActor="D0N27"/>
            <port dstActor="D0N45" name="p125" srcActor="D0N28"/>
            <port dstActor="D0N41" name="p126" srcActor="D0N28"/>
        </ports>
    </mcdag>
    <cores number="3"/>
    <levels number="2"/>
</mcsystem>
