<?xml version="1.0" encoding="UTF-8" standalone="no"?>
<mcsystem>
    <mcdag deadline="2500" name="genned-0-ed-10.0-0">
        <actor name="D0N12">
            <wcet number="0">270</wcet>
            <wcet number="1">340</wcet>
            <maxpow number="0.4624005913280462"/>
            <maxpow number="0.4624005913280462"/>
            <fprob>0.0</fprob>
        </actor>
        <actor name="D0N8">
            <wcet number="0">10</wcet>
            <wcet number="1">10</wcet>
            <maxpow number="0.6097643322117914"/>
            <maxpow number="0.6097643322117914"/>
            <fprob>0.0</fprob>
        </actor>
        <actor name="D0N29">
            <wcet number="0">20</wcet>
            <wcet number="1">30</wcet>
            <maxpow number="0.3003371948577933"/>
            <maxpow number="0.3003371948577933"/>
            <fprob>0.0</fprob>
        </actor>
        <actor name="D0N41">
            <wcet number="0">110</wcet>
            <wcet number="1">150</wcet>
            <maxpow number="0.6868187321553572"/>
            <maxpow number="0.6868187321553572"/>
            <fprob>0.0</fprob>
        </actor>
        <actor name="D0N35">
            <wcet number="0">20</wcet>
            <wcet number="1">120</wcet>
            <maxpow number="0.6493750186382954"/>
            <maxpow number="0.6493750186382954"/>
            <fprob>0.0</fprob>
        </actor>
        <actor name="D0N46">
            <wcet number="0">10</wcet>
            <wcet number="1">10</wcet>
            <maxpow number="0.3734333828934039"/>
            <maxpow number="0.3734333828934039"/>
            <fprob>0.0</fprob>
        </actor>
        <actor name="D0N24">
            <wcet number="0">20</wcet>
            <wcet number="1">140</wcet>
            <maxpow number="0.44806375775938345"/>
            <maxpow number="0.44806375775938345"/>
            <fprob>0.0</fprob>
        </actor>
        <actor name="D0N2">
            <wcet number="0">10</wcet>
            <wcet number="1">10</wcet>
            <maxpow number="0.6031515412822473"/>
            <maxpow number="0.6031515412822473"/>
            <fprob>0.0</fprob>
        </actor>
        <actor name="D0N28">
            <wcet number="0">60</wcet>
            <wcet number="1">90</wcet>
            <maxpow number="0.33066062770537863"/>
            <maxpow number="0.33066062770537863"/>
            <fprob>0.0</fprob>
        </actor>
        <actor name="D0N30">
            <wcet number="0">20</wcet>
            <wcet number="1">30</wcet>
            <maxpow number="0.47388629724103615"/>
            <maxpow number="0.47388629724103615"/>
            <fprob>0.0</fprob>
        </actor>
        <actor name="D0N23">
            <wcet number="0">330</wcet>
            <wcet number="1">420</wcet>
            <maxpow number="0.25599663089103886"/>
            <maxpow number="0.25599663089103886"/>
            <fprob>0.0</fprob>
        </actor>
        <actor name="D0N16">
            <wcet number="0">120</wcet>
            <wcet number="1">270</wcet>
            <maxpow number="0.20521452315154398"/>
            <maxpow number="0.20521452315154398"/>
            <fprob>0.0</fprob>
        </actor>
        <actor name="D0N17">
            <wcet number="0">60</wcet>
            <wcet number="1">130</wcet>
            <maxpow number="0.7026897412278117"/>
            <maxpow number="0.7026897412278117"/>
            <fprob>0.0</fprob>
        </actor>
        <actor name="D0N33">
            <wcet number="0">30</wcet>
            <wcet number="1">80</wcet>
            <maxpow number="0.8445814659734164"/>
            <maxpow number="0.8445814659734164"/>
            <fprob>0.0</fprob>
        </actor>
        <actor name="D0N40">
            <wcet number="0">30</wcet>
            <wcet number="1">30</wcet>
            <maxpow number="0.7119770302319395"/>
            <maxpow number="0.7119770302319395"/>
            <fprob>0.0</fprob>
        </actor>
        <actor name="D0N5">
            <wcet number="0">70</wcet>
            <wcet number="1">110</wcet>
            <maxpow number="0.6851054565267096"/>
            <maxpow number="0.6851054565267096"/>
            <fprob>0.0</fprob>
        </actor>
        <actor name="D0N14">
            <wcet number="0">80</wcet>
            <wcet number="1">90</wcet>
            <maxpow number="0.5335871060537298"/>
            <maxpow number="0.5335871060537298"/>
            <fprob>0.0</fprob>
        </actor>
        <actor name="D0N11">
            <wcet number="0">50</wcet>
            <wcet number="1">190</wcet>
            <maxpow number="0.4669082794149156"/>
            <maxpow number="0.4669082794149156"/>
            <fprob>0.0</fprob>
        </actor>
        <actor name="D0N48">
            <wcet number="0">30</wcet>
            <wcet number="1">70</wcet>
            <maxpow number="0.3570444897659504"/>
            <maxpow number="0.3570444897659504"/>
            <fprob>0.0</fprob>
        </actor>
        <actor name="D0N1">
            <wcet number="0">10</wcet>
            <wcet number="1">130</wcet>
            <maxpow number="0.4148651119797575"/>
            <maxpow number="0.4148651119797575"/>
            <fprob>0.0</fprob>
        </actor>
        <actor name="D0N4">
            <wcet number="0">130</wcet>
            <wcet number="1">180</wcet>
            <maxpow number="0.8160087322911074"/>
            <maxpow number="0.8160087322911074"/>
            <fprob>0.0</fprob>
        </actor>
        <actor name="D0N39">
            <wcet number="0">10</wcet>
            <wcet number="1">10</wcet>
            <maxpow number="0.3156366177890497"/>
            <maxpow number="0.3156366177890497"/>
            <fprob>0.0</fprob>
        </actor>
        <actor name="D0N26">
            <wcet number="0">10</wcet>
            <wcet number="1">10</wcet>
            <maxpow number="0.5676265390848967"/>
            <maxpow number="0.5676265390848967"/>
            <fprob>0.0</fprob>
        </actor>
        <actor name="D0N45">
            <wcet number="0">20</wcet>
            <wcet number="1">80</wcet>
            <maxpow number="0.2726969835007317"/>
            <maxpow number="0.2726969835007317"/>
            <fprob>0.0</fprob>
        </actor>
        <actor name="D0N27">
            <wcet number="0">70</wcet>
            <wcet number="1">100</wcet>
            <maxpow number="0.42774231706226673"/>
            <maxpow number="0.42774231706226673"/>
            <fprob>0.0</fprob>
        </actor>
        <actor name="D0N37">
            <wcet number="0">10</wcet>
            <wcet number="1">10</wcet>
            <maxpow number="0.6439030234791134"/>
            <maxpow number="0.6439030234791134"/>
            <fprob>0.0</fprob>
        </actor>
        <actor name="D0N13">
            <wcet number="0">30</wcet>
            <wcet number="1">110</wcet>
            <maxpow number="0.7663189504140202"/>
            <maxpow number="0.7663189504140202"/>
            <fprob>0.0</fprob>
        </actor>
        <actor name="D0N31">
            <wcet number="0">20</wcet>
            <wcet number="1">20</wcet>
            <maxpow number="0.6867441706944019"/>
            <maxpow number="0.6867441706944019"/>
            <fprob>0.0</fprob>
        </actor>
        <actor name="D0N7">
            <wcet number="0">40</wcet>
            <wcet number="1">40</wcet>
            <maxpow number="0.2304010147489241"/>
            <maxpow number="0.2304010147489241"/>
            <fprob>0.0</fprob>
        </actor>
        <actor name="D0N3">
            <wcet number="0">20</wcet>
            <wcet number="1">80</wcet>
            <maxpow number="0.9043192562574767"/>
            <maxpow number="0.9043192562574767"/>
            <fprob>0.0</fprob>
        </actor>
        <actor name="D0N38">
            <wcet number="0">40</wcet>
            <wcet number="1">70</wcet>
            <maxpow number="0.5068389948328372"/>
            <maxpow number="0.5068389948328372"/>
            <fprob>0.0</fprob>
        </actor>
        <actor name="D0N20">
            <wcet number="0">10</wcet>
            <wcet number="1">30</wcet>
            <maxpow number="0.6221720168633728"/>
            <maxpow number="0.6221720168633728"/>
            <fprob>0.0</fprob>
        </actor>
        <actor name="D0N34">
            <wcet number="0">10</wcet>
            <wcet number="1">30</wcet>
            <maxpow number="0.4522926540655048"/>
            <maxpow number="0.4522926540655048"/>
            <fprob>0.0</fprob>
        </actor>
        <actor name="D0N43">
            <wcet number="0">100</wcet>
            <wcet number="1">160</wcet>
            <maxpow number="0.47054185743600274"/>
            <maxpow number="0.47054185743600274"/>
            <fprob>0.0</fprob>
        </actor>
        <actor name="D0N10">
            <wcet number="0">60</wcet>
            <wcet number="1">120</wcet>
            <maxpow number="0.7385155426175178"/>
            <maxpow number="0.7385155426175178"/>
            <fprob>0.0</fprob>
        </actor>
        <actor name="D0N19">
            <wcet number="0">70</wcet>
            <wcet number="1">120</wcet>
            <maxpow number="0.530208649820222"/>
            <maxpow number="0.530208649820222"/>
            <fprob>0.0</fprob>
        </actor>
        <actor name="D0N47">
            <wcet number="0">30</wcet>
            <wcet number="1">80</wcet>
            <maxpow number="0.3688539309709231"/>
            <maxpow number="0.3688539309709231"/>
            <fprob>0.0</fprob>
        </actor>
        <actor name="D0N6">
            <wcet number="0">320</wcet>
            <wcet number="1">390</wcet>
            <maxpow number="0.6628548550545245"/>
            <maxpow number="0.6628548550545245"/>
            <fprob>0.0</fprob>
        </actor>
        <actor name="D0N21">
            <wcet number="0">20</wcet>
            <wcet number="1">220</wcet>
            <maxpow number="0.6120746511592281"/>
            <maxpow number="0.6120746511592281"/>
            <fprob>0.0</fprob>
        </actor>
        <actor name="D0N42">
            <wcet number="0">80</wcet>
            <wcet number="1">130</wcet>
            <maxpow number="0.46595130067605306"/>
            <maxpow number="0.46595130067605306"/>
            <fprob>0.0</fprob>
        </actor>
        <actor name="D0N22">
            <wcet number="0">10</wcet>
            <wcet number="1">10</wcet>
            <maxpow number="0.43839817915077356"/>
            <maxpow number="0.43839817915077356"/>
            <fprob>0.0</fprob>
        </actor>
        <actor name="D0N9">
            <wcet number="0">10</wcet>
            <wcet number="1">40</wcet>
            <maxpow number="0.8056585673875825"/>
            <maxpow number="0.8056585673875825"/>
            <fprob>0.0</fprob>
        </actor>
        <actor name="D0N0">
            <wcet number="0">20</wcet>
            <wcet number="1">40</wcet>
            <maxpow number="0.6149588102613716"/>
            <maxpow number="0.6149588102613716"/>
            <fprob>0.0</fprob>
        </actor>
        <actor name="D0N44">
            <wcet number="0">30</wcet>
            <wcet number="1">120</wcet>
            <maxpow number="0.5722012856795293"/>
            <maxpow number="0.5722012856795293"/>
            <fprob>0.0</fprob>
        </actor>
        <actor name="D0N32">
            <wcet number="0">240</wcet>
            <wcet number="1">270</wcet>
            <maxpow number="0.4576709428515545"/>
            <maxpow number="0.4576709428515545"/>
            <fprob>0.0</fprob>
        </actor>
        <actor name="D0N25">
            <wcet number="0">200</wcet>
            <wcet number="1">210</wcet>
            <maxpow number="0.4231815950801753"/>
            <maxpow number="0.4231815950801753"/>
            <fprob>0.0</fprob>
        </actor>
        <actor name="D0N49">
            <wcet number="0">50</wcet>
            <wcet number="1">90</wcet>
            <maxpow number="0.5767557205529165"/>
            <maxpow number="0.5767557205529165"/>
            <fprob>0.0</fprob>
        </actor>
        <actor name="D0N36">
            <wcet number="0">30</wcet>
            <wcet number="1">30</wcet>
            <maxpow number="0.16753422313781058"/>
            <maxpow number="0.16753422313781058"/>
            <fprob>0.0</fprob>
        </actor>
        <actor name="D0N15">
            <wcet number="0">30</wcet>
            <wcet number="1">120</wcet>
            <maxpow number="0.8994943619602119"/>
            <maxpow number="0.8994943619602119"/>
            <fprob>0.0</fprob>
        </actor>
        <actor name="D0N18">
            <wcet number="0">50</wcet>
            <wcet number="1">130</wcet>
            <maxpow number="0.2813257470109469"/>
            <maxpow number="0.2813257470109469"/>
            <fprob>0.0</fprob>
        </actor>
        <ports>
            <port dstActor="D0N38" name="p0" srcActor="D0N12"/>
            <port dstActor="D0N35" name="p1" srcActor="D0N12"/>
            <port dstActor="D0N45" name="p2" srcActor="D0N12"/>
            <port dstActor="D0N26" name="p3" srcActor="D0N12"/>
            <port dstActor="D0N12" name="p4" srcActor="D0N8"/>
            <port dstActor="D0N36" name="p5" srcActor="D0N8"/>
            <port dstActor="D0N38" name="p6" srcActor="D0N29"/>
            <port dstActor="D0N35" name="p7" srcActor="D0N29"/>
            <port dstActor="D0N44" name="p8" srcActor="D0N35"/>
            <port dstActor="D0N42" name="p9" srcActor="D0N35"/>
            <port dstActor="D0N41" name="p10" srcActor="D0N35"/>
            <port dstActor="D0N25" name="p11" srcActor="D0N24"/>
            <port dstActor="D0N31" name="p12" srcActor="D0N24"/>
            <port dstActor="D0N10" name="p13" srcActor="D0N2"/>
            <port dstActor="D0N43" name="p14" srcActor="D0N2"/>
            <port dstActor="D0N6" name="p15" srcActor="D0N2"/>
            <port dstActor="D0N42" name="p16" srcActor="D0N2"/>
            <port dstActor="D0N39" name="p17" srcActor="D0N30"/>
            <port dstActor="D0N20" name="p18" srcActor="D0N16"/>
            <port dstActor="D0N35" name="p19" srcActor="D0N16"/>
            <port dstActor="D0N30" name="p20" srcActor="D0N16"/>
            <port dstActor="D0N49" name="p21" srcActor="D0N17"/>
            <port dstActor="D0N41" name="p22" srcActor="D0N17"/>
            <port dstActor="D0N48" name="p23" srcActor="D0N17"/>
            <port dstActor="D0N44" name="p24" srcActor="D0N33"/>
            <port dstActor="D0N38" name="p25" srcActor="D0N5"/>
            <port dstActor="D0N27" name="p26" srcActor="D0N5"/>
            <port dstActor="D0N31" name="p27" srcActor="D0N5"/>
            <port dstActor="D0N17" name="p28" srcActor="D0N5"/>
            <port dstActor="D0N18" name="p29" srcActor="D0N14"/>
            <port dstActor="D0N32" name="p30" srcActor="D0N11"/>
            <port dstActor="D0N47" name="p31" srcActor="D0N11"/>
            <port dstActor="D0N31" name="p32" srcActor="D0N11"/>
            <port dstActor="D0N22" name="p33" srcActor="D0N1"/>
            <port dstActor="D0N4" name="p34" srcActor="D0N1"/>
            <port dstActor="D0N34" name="p35" srcActor="D0N4"/>
            <port dstActor="D0N23" name="p36" srcActor="D0N4"/>
            <port dstActor="D0N30" name="p37" srcActor="D0N4"/>
            <port dstActor="D0N8" name="p38" srcActor="D0N4"/>
            <port dstActor="D0N32" name="p39" srcActor="D0N4"/>
            <port dstActor="D0N42" name="p40" srcActor="D0N4"/>
            <port dstActor="D0N35" name="p41" srcActor="D0N26"/>
            <port dstActor="D0N46" name="p42" srcActor="D0N26"/>
            <port dstActor="D0N33" name="p43" srcActor="D0N27"/>
            <port dstActor="D0N42" name="p44" srcActor="D0N27"/>
            <port dstActor="D0N27" name="p45" srcActor="D0N13"/>
            <port dstActor="D0N23" name="p46" srcActor="D0N13"/>
            <port dstActor="D0N45" name="p47" srcActor="D0N31"/>
            <port dstActor="D0N37" name="p48" srcActor="D0N31"/>
            <port dstActor="D0N41" name="p49" srcActor="D0N31"/>
            <port dstActor="D0N19" name="p50" srcActor="D0N7"/>
            <port dstActor="D0N47" name="p51" srcActor="D0N7"/>
            <port dstActor="D0N14" name="p52" srcActor="D0N7"/>
            <port dstActor="D0N13" name="p53" srcActor="D0N7"/>
            <port dstActor="D0N46" name="p54" srcActor="D0N7"/>
            <port dstActor="D0N26" name="p55" srcActor="D0N7"/>
            <port dstActor="D0N11" name="p56" srcActor="D0N3"/>
            <port dstActor="D0N18" name="p57" srcActor="D0N3"/>
            <port dstActor="D0N7" name="p58" srcActor="D0N3"/>
            <port dstActor="D0N23" name="p59" srcActor="D0N3"/>
            <port dstActor="D0N16" name="p60" srcActor="D0N3"/>
            <port dstActor="D0N42" name="p61" srcActor="D0N3"/>
            <port dstActor="D0N46" name="p62" srcActor="D0N38"/>
            <port dstActor="D0N41" name="p63" srcActor="D0N38"/>
            <port dstActor="D0N36" name="p64" srcActor="D0N20"/>
            <port dstActor="D0N41" name="p65" srcActor="D0N20"/>
            <port dstActor="D0N36" name="p66" srcActor="D0N34"/>
            <port dstActor="D0N40" name="p67" srcActor="D0N34"/>
            <port dstActor="D0N48" name="p68" srcActor="D0N43"/>
            <port dstActor="D0N28" name="p69" srcActor="D0N10"/>
            <port dstActor="D0N24" name="p70" srcActor="D0N10"/>
            <port dstActor="D0N35" name="p71" srcActor="D0N10"/>
            <port dstActor="D0N16" name="p72" srcActor="D0N10"/>
            <port dstActor="D0N13" name="p73" srcActor="D0N10"/>
            <port dstActor="D0N33" name="p74" srcActor="D0N10"/>
            <port dstActor="D0N46" name="p75" srcActor="D0N10"/>
            <port dstActor="D0N32" name="p76" srcActor="D0N10"/>
            <port dstActor="D0N28" name="p77" srcActor="D0N19"/>
            <port dstActor="D0N31" name="p78" srcActor="D0N19"/>
            <port dstActor="D0N38" name="p79" srcActor="D0N19"/>
            <port dstActor="D0N41" name="p80" srcActor="D0N19"/>
            <port dstActor="D0N49" name="p81" srcActor="D0N47"/>
            <port dstActor="D0N46" name="p82" srcActor="D0N6"/>
            <port dstActor="D0N32" name="p83" srcActor="D0N6"/>
            <port dstActor="D0N33" name="p84" srcActor="D0N21"/>
            <port dstActor="D0N44" name="p85" srcActor="D0N22"/>
            <port dstActor="D0N48" name="p86" srcActor="D0N22"/>
            <port dstActor="D0N40" name="p87" srcActor="D0N9"/>
            <port dstActor="D0N49" name="p88" srcActor="D0N9"/>
            <port dstActor="D0N17" name="p89" srcActor="D0N0"/>
            <port dstActor="D0N18" name="p90" srcActor="D0N0"/>
            <port dstActor="D0N36" name="p91" srcActor="D0N0"/>
            <port dstActor="D0N40" name="p92" srcActor="D0N0"/>
            <port dstActor="D0N6" name="p93" srcActor="D0N0"/>
            <port dstActor="D0N43" name="p94" srcActor="D0N32"/>
            <port dstActor="D0N38" name="p95" srcActor="D0N32"/>
            <port dstActor="D0N43" name="p96" srcActor="D0N25"/>
            <port dstActor="D0N31" name="p97" srcActor="D0N25"/>
            <port dstActor="D0N44" name="p98" srcActor="D0N36"/>
            <port dstActor="D0N37" name="p99" srcActor="D0N36"/>
            <port dstActor="D0N41" name="p100" srcActor="D0N15"/>
            <port dstActor="D0N21" name="p101" srcActor="D0N15"/>
            <port dstActor="D0N36" name="p102" srcActor="D0N15"/>
            <port dstActor="D0N32" name="p103" srcActor="D0N18"/>
            <port dstActor="D0N34" name="p104" srcActor="D0N18"/>
            <port dstActor="D0N44" name="p105" srcActor="D0N18"/>
            <port dstActor="D0N25" name="p106" srcActor="D0N18"/>
            <port dstActor="D0N29" name="p107" srcActor="D0N18"/>
        </ports>
    </mcdag>
    <cores number="3"/>
    <levels number="2"/>
</mcsystem>
