<?xml version="1.0" encoding="UTF-8" standalone="no"?>
<mcsystem>
    <mcdag deadline="2500" name="genned-0-ed-10.0-0">
        <actor name="D0N34">
            <wcet number="0">180</wcet>
            <wcet number="1">280</wcet>
            <maxpow number="0.6123720214721727"/>
            <maxpow number="0.6123720214721727"/>
            <fprob>0.0</fprob>
        </actor>
        <actor name="D0N47">
            <wcet number="0">20</wcet>
            <wcet number="1">120</wcet>
            <maxpow number="0.6948746185393315"/>
            <maxpow number="0.6948746185393315"/>
            <fprob>0.0</fprob>
        </actor>
        <actor name="D0N12">
            <wcet number="0">20</wcet>
            <wcet number="1">40</wcet>
            <maxpow number="0.6746542253632909"/>
            <maxpow number="0.6746542253632909"/>
            <fprob>0.0</fprob>
        </actor>
        <actor name="D0N38">
            <wcet number="0">90</wcet>
            <wcet number="1">140</wcet>
            <maxpow number="0.4909247059421533"/>
            <maxpow number="0.4909247059421533"/>
            <fprob>0.0</fprob>
        </actor>
        <actor name="D0N21">
            <wcet number="0">10</wcet>
            <wcet number="1">10</wcet>
            <maxpow number="0.16017648642977672"/>
            <maxpow number="0.16017648642977672"/>
            <fprob>0.0</fprob>
        </actor>
        <actor name="D0N42">
            <wcet number="0">10</wcet>
            <wcet number="1">20</wcet>
            <maxpow number="0.7478070488822883"/>
            <maxpow number="0.7478070488822883"/>
            <fprob>0.0</fprob>
        </actor>
        <actor name="D0N31">
            <wcet number="0">40</wcet>
            <wcet number="1">50</wcet>
            <maxpow number="0.4675604589121418"/>
            <maxpow number="0.4675604589121418"/>
            <fprob>0.0</fprob>
        </actor>
        <actor name="D0N2">
            <wcet number="0">10</wcet>
            <wcet number="1">50</wcet>
            <maxpow number="0.5493925545191196"/>
            <maxpow number="0.5493925545191196"/>
            <fprob>0.0</fprob>
        </actor>
        <actor name="D0N22">
            <wcet number="0">40</wcet>
            <wcet number="1">160</wcet>
            <maxpow number="0.698347475256322"/>
            <maxpow number="0.698347475256322"/>
            <fprob>0.0</fprob>
        </actor>
        <actor name="D0N20">
            <wcet number="0">60</wcet>
            <wcet number="1">60</wcet>
            <maxpow number="0.6828392507078596"/>
            <maxpow number="0.6828392507078596"/>
            <fprob>0.0</fprob>
        </actor>
        <actor name="D0N1">
            <wcet number="0">50</wcet>
            <wcet number="1">120</wcet>
            <maxpow number="0.6974089106970409"/>
            <maxpow number="0.6974089106970409"/>
            <fprob>0.0</fprob>
        </actor>
        <actor name="D0N32">
            <wcet number="0">170</wcet>
            <wcet number="1">190</wcet>
            <maxpow number="0.5467197584889653"/>
            <maxpow number="0.5467197584889653"/>
            <fprob>0.0</fprob>
        </actor>
        <actor name="D0N0">
            <wcet number="0">10</wcet>
            <wcet number="1">20</wcet>
            <maxpow number="0.7756823857220793"/>
            <maxpow number="0.7756823857220793"/>
            <fprob>0.0</fprob>
        </actor>
        <actor name="D0N3">
            <wcet number="0">30</wcet>
            <wcet number="1">60</wcet>
            <maxpow number="0.45633220802880664"/>
            <maxpow number="0.45633220802880664"/>
            <fprob>0.0</fprob>
        </actor>
        <actor name="D0N48">
            <wcet number="0">10</wcet>
            <wcet number="1">30</wcet>
            <maxpow number="0.49799248153966325"/>
            <maxpow number="0.49799248153966325"/>
            <fprob>0.0</fprob>
        </actor>
        <actor name="D0N37">
            <wcet number="0">50</wcet>
            <wcet number="1">200</wcet>
            <maxpow number="0.6270269272961995"/>
            <maxpow number="0.6270269272961995"/>
            <fprob>0.0</fprob>
        </actor>
        <actor name="D0N7">
            <wcet number="0">40</wcet>
            <wcet number="1">50</wcet>
            <maxpow number="0.42033554480892377"/>
            <maxpow number="0.42033554480892377"/>
            <fprob>0.0</fprob>
        </actor>
        <actor name="D0N23">
            <wcet number="0">10</wcet>
            <wcet number="1">10</wcet>
            <maxpow number="0.5675199500002646"/>
            <maxpow number="0.5675199500002646"/>
            <fprob>0.0</fprob>
        </actor>
        <actor name="D0N15">
            <wcet number="0">110</wcet>
            <wcet number="1">130</wcet>
            <maxpow number="0.5994456979304178"/>
            <maxpow number="0.5994456979304178"/>
            <fprob>0.0</fprob>
        </actor>
        <actor name="D0N18">
            <wcet number="0">70</wcet>
            <wcet number="1">230</wcet>
            <maxpow number="0.7335108924447217"/>
            <maxpow number="0.7335108924447217"/>
            <fprob>0.0</fprob>
        </actor>
        <actor name="D0N46">
            <wcet number="0">10</wcet>
            <wcet number="1">20</wcet>
            <maxpow number="0.675210677634934"/>
            <maxpow number="0.675210677634934"/>
            <fprob>0.0</fprob>
        </actor>
        <actor name="D0N14">
            <wcet number="0">30</wcet>
            <wcet number="1">110</wcet>
            <maxpow number="0.29536210289158876"/>
            <maxpow number="0.29536210289158876"/>
            <fprob>0.0</fprob>
        </actor>
        <actor name="D0N36">
            <wcet number="0">200</wcet>
            <wcet number="1">380</wcet>
            <maxpow number="0.46063057922320927"/>
            <maxpow number="0.46063057922320927"/>
            <fprob>0.0</fprob>
        </actor>
        <actor name="D0N4">
            <wcet number="0">20</wcet>
            <wcet number="1">70</wcet>
            <maxpow number="0.7900690437651129"/>
            <maxpow number="0.7900690437651129"/>
            <fprob>0.0</fprob>
        </actor>
        <actor name="D0N16">
            <wcet number="0">10</wcet>
            <wcet number="1">10</wcet>
            <maxpow number="0.9325779591683035"/>
            <maxpow number="0.9325779591683035"/>
            <fprob>0.0</fprob>
        </actor>
        <actor name="D0N11">
            <wcet number="0">30</wcet>
            <wcet number="1">180</wcet>
            <maxpow number="0.6600478832896142"/>
            <maxpow number="0.6600478832896142"/>
            <fprob>0.0</fprob>
        </actor>
        <actor name="D0N43">
            <wcet number="0">10</wcet>
            <wcet number="1">20</wcet>
            <maxpow number="0.5571847755985813"/>
            <maxpow number="0.5571847755985813"/>
            <fprob>0.0</fprob>
        </actor>
        <actor name="D0N40">
            <wcet number="0">20</wcet>
            <wcet number="1">20</wcet>
            <maxpow number="0.6347754113516855"/>
            <maxpow number="0.6347754113516855"/>
            <fprob>0.0</fprob>
        </actor>
        <actor name="D0N8">
            <wcet number="0">10</wcet>
            <wcet number="1">50</wcet>
            <maxpow number="0.7053373742889655"/>
            <maxpow number="0.7053373742889655"/>
            <fprob>0.0</fprob>
        </actor>
        <actor name="D0N10">
            <wcet number="0">40</wcet>
            <wcet number="1">60</wcet>
            <maxpow number="0.7975431298859028"/>
            <maxpow number="0.7975431298859028"/>
            <fprob>0.0</fprob>
        </actor>
        <actor name="D0N13">
            <wcet number="0">10</wcet>
            <wcet number="1">10</wcet>
            <maxpow number="0.6337912873628825"/>
            <maxpow number="0.6337912873628825"/>
            <fprob>0.0</fprob>
        </actor>
        <actor name="D0N19">
            <wcet number="0">40</wcet>
            <wcet number="1">60</wcet>
            <maxpow number="0.49606554528369895"/>
            <maxpow number="0.49606554528369895"/>
            <fprob>0.0</fprob>
        </actor>
        <actor name="D0N28">
            <wcet number="0">10</wcet>
            <wcet number="1">230</wcet>
            <maxpow number="0.581576669467446"/>
            <maxpow number="0.581576669467446"/>
            <fprob>0.0</fprob>
        </actor>
        <actor name="D0N27">
            <wcet number="0">50</wcet>
            <wcet number="1">50</wcet>
            <maxpow number="0.46705806051530996"/>
            <maxpow number="0.46705806051530996"/>
            <fprob>0.0</fprob>
        </actor>
        <actor name="D0N45">
            <wcet number="0">80</wcet>
            <wcet number="1">90</wcet>
            <maxpow number="0.47083618919568904"/>
            <maxpow number="0.47083618919568904"/>
            <fprob>0.0</fprob>
        </actor>
        <actor name="D0N5">
            <wcet number="0">10</wcet>
            <wcet number="1">80</wcet>
            <maxpow number="0.6938288451881267"/>
            <maxpow number="0.6938288451881267"/>
            <fprob>0.0</fprob>
        </actor>
        <actor name="D0N33">
            <wcet number="0">60</wcet>
            <wcet number="1">60</wcet>
            <maxpow number="0.45733518531024386"/>
            <maxpow number="0.45733518531024386"/>
            <fprob>0.0</fprob>
        </actor>
        <actor name="D0N26">
            <wcet number="0">300</wcet>
            <wcet number="1">370</wcet>
            <maxpow number="0.48673870494584204"/>
            <maxpow number="0.48673870494584204"/>
            <fprob>0.0</fprob>
        </actor>
        <actor name="D0N35">
            <wcet number="0">50</wcet>
            <wcet number="1">110</wcet>
            <maxpow number="0.7722232449452484"/>
            <maxpow number="0.7722232449452484"/>
            <fprob>0.0</fprob>
        </actor>
        <actor name="D0N41">
            <wcet number="0">40</wcet>
            <wcet number="1">70</wcet>
            <maxpow number="0.5853721776442763"/>
            <maxpow number="0.5853721776442763"/>
            <fprob>0.0</fprob>
        </actor>
        <actor name="D0N17">
            <wcet number="0">50</wcet>
            <wcet number="1">210</wcet>
            <maxpow number="0.5415305048544293"/>
            <maxpow number="0.5415305048544293"/>
            <fprob>0.0</fprob>
        </actor>
        <actor name="D0N30">
            <wcet number="0">120</wcet>
            <wcet number="1">140</wcet>
            <maxpow number="0.777436737639743"/>
            <maxpow number="0.777436737639743"/>
            <fprob>0.0</fprob>
        </actor>
        <actor name="D0N25">
            <wcet number="0">60</wcet>
            <wcet number="1">120</wcet>
            <maxpow number="0.8858891681756091"/>
            <maxpow number="0.8858891681756091"/>
            <fprob>0.0</fprob>
        </actor>
        <actor name="D0N39">
            <wcet number="0">10</wcet>
            <wcet number="1">20</wcet>
            <maxpow number="0.37001168098505655"/>
            <maxpow number="0.37001168098505655"/>
            <fprob>0.0</fprob>
        </actor>
        <actor name="D0N29">
            <wcet number="0">40</wcet>
            <wcet number="1">50</wcet>
            <maxpow number="0.3902912495436809"/>
            <maxpow number="0.3902912495436809"/>
            <fprob>0.0</fprob>
        </actor>
        <actor name="D0N9">
            <wcet number="0">220</wcet>
            <wcet number="1">320</wcet>
            <maxpow number="0.34379601303370577"/>
            <maxpow number="0.34379601303370577"/>
            <fprob>0.0</fprob>
        </actor>
        <actor name="D0N24">
            <wcet number="0">40</wcet>
            <wcet number="1">140</wcet>
            <maxpow number="0.35992256664853883"/>
            <maxpow number="0.35992256664853883"/>
            <fprob>0.0</fprob>
        </actor>
        <actor name="D0N44">
            <wcet number="0">90</wcet>
            <wcet number="1">110</wcet>
            <maxpow number="0.5715424190793247"/>
            <maxpow number="0.5715424190793247"/>
            <fprob>0.0</fprob>
        </actor>
        <actor name="D0N6">
            <wcet number="0">10</wcet>
            <wcet number="1">120</wcet>
            <maxpow number="0.6942058321249037"/>
            <maxpow number="0.6942058321249037"/>
            <fprob>0.0</fprob>
        </actor>
        <ports>
            <port dstActor="D0N48" name="p0" srcActor="D0N34"/>
            <port dstActor="D0N36" name="p1" srcActor="D0N34"/>
            <port dstActor="D0N28" name="p2" srcActor="D0N12"/>
            <port dstActor="D0N25" name="p3" srcActor="D0N12"/>
            <port dstActor="D0N48" name="p4" srcActor="D0N12"/>
            <port dstActor="D0N41" name="p5" srcActor="D0N12"/>
            <port dstActor="D0N22" name="p6" srcActor="D0N21"/>
            <port dstActor="D0N40" name="p7" srcActor="D0N21"/>
            <port dstActor="D0N32" name="p8" srcActor="D0N21"/>
            <port dstActor="D0N38" name="p9" srcActor="D0N21"/>
            <port dstActor="D0N16" name="p10" srcActor="D0N2"/>
            <port dstActor="D0N22" name="p11" srcActor="D0N2"/>
            <port dstActor="D0N44" name="p12" srcActor="D0N2"/>
            <port dstActor="D0N9" name="p13" srcActor="D0N2"/>
            <port dstActor="D0N11" name="p14" srcActor="D0N2"/>
            <port dstActor="D0N29" name="p15" srcActor="D0N22"/>
            <port dstActor="D0N44" name="p16" srcActor="D0N22"/>
            <port dstActor="D0N41" name="p17" srcActor="D0N20"/>
            <port dstActor="D0N38" name="p18" srcActor="D0N20"/>
            <port dstActor="D0N32" name="p19" srcActor="D0N1"/>
            <port dstActor="D0N22" name="p20" srcActor="D0N1"/>
            <port dstActor="D0N23" name="p21" srcActor="D0N1"/>
            <port dstActor="D0N9" name="p22" srcActor="D0N1"/>
            <port dstActor="D0N24" name="p23" srcActor="D0N1"/>
            <port dstActor="D0N18" name="p24" srcActor="D0N1"/>
            <port dstActor="D0N48" name="p25" srcActor="D0N0"/>
            <port dstActor="D0N14" name="p26" srcActor="D0N0"/>
            <port dstActor="D0N25" name="p27" srcActor="D0N0"/>
            <port dstActor="D0N6" name="p28" srcActor="D0N0"/>
            <port dstActor="D0N7" name="p29" srcActor="D0N3"/>
            <port dstActor="D0N24" name="p30" srcActor="D0N3"/>
            <port dstActor="D0N25" name="p31" srcActor="D0N3"/>
            <port dstActor="D0N38" name="p32" srcActor="D0N3"/>
            <port dstActor="D0N43" name="p33" srcActor="D0N3"/>
            <port dstActor="D0N20" name="p34" srcActor="D0N3"/>
            <port dstActor="D0N34" name="p35" srcActor="D0N3"/>
            <port dstActor="D0N9" name="p36" srcActor="D0N3"/>
            <port dstActor="D0N42" name="p37" srcActor="D0N3"/>
            <port dstActor="D0N38" name="p38" srcActor="D0N37"/>
            <port dstActor="D0N35" name="p39" srcActor="D0N7"/>
            <port dstActor="D0N42" name="p40" srcActor="D0N7"/>
            <port dstActor="D0N45" name="p41" srcActor="D0N23"/>
            <port dstActor="D0N39" name="p42" srcActor="D0N23"/>
            <port dstActor="D0N26" name="p43" srcActor="D0N23"/>
            <port dstActor="D0N18" name="p44" srcActor="D0N15"/>
            <port dstActor="D0N22" name="p45" srcActor="D0N15"/>
            <port dstActor="D0N26" name="p46" srcActor="D0N15"/>
            <port dstActor="D0N37" name="p47" srcActor="D0N15"/>
            <port dstActor="D0N40" name="p48" srcActor="D0N18"/>
            <port dstActor="D0N47" name="p49" srcActor="D0N18"/>
            <port dstActor="D0N30" name="p50" srcActor="D0N18"/>
            <port dstActor="D0N19" name="p51" srcActor="D0N18"/>
            <port dstActor="D0N36" name="p52" srcActor="D0N18"/>
            <port dstActor="D0N25" name="p53" srcActor="D0N14"/>
            <port dstActor="D0N35" name="p54" srcActor="D0N14"/>
            <port dstActor="D0N41" name="p55" srcActor="D0N36"/>
            <port dstActor="D0N42" name="p56" srcActor="D0N36"/>
            <port dstActor="D0N33" name="p57" srcActor="D0N4"/>
            <port dstActor="D0N41" name="p58" srcActor="D0N4"/>
            <port dstActor="D0N36" name="p59" srcActor="D0N4"/>
            <port dstActor="D0N19" name="p60" srcActor="D0N16"/>
            <port dstActor="D0N24" name="p61" srcActor="D0N16"/>
            <port dstActor="D0N33" name="p62" srcActor="D0N16"/>
            <port dstActor="D0N23" name="p63" srcActor="D0N11"/>
            <port dstActor="D0N17" name="p64" srcActor="D0N11"/>
            <port dstActor="D0N12" name="p65" srcActor="D0N11"/>
            <port dstActor="D0N47" name="p66" srcActor="D0N40"/>
            <port dstActor="D0N20" name="p67" srcActor="D0N8"/>
            <port dstActor="D0N15" name="p68" srcActor="D0N8"/>
            <port dstActor="D0N25" name="p69" srcActor="D0N8"/>
            <port dstActor="D0N17" name="p70" srcActor="D0N10"/>
            <port dstActor="D0N47" name="p71" srcActor="D0N10"/>
            <port dstActor="D0N23" name="p72" srcActor="D0N10"/>
            <port dstActor="D0N48" name="p73" srcActor="D0N10"/>
            <port dstActor="D0N32" name="p74" srcActor="D0N13"/>
            <port dstActor="D0N25" name="p75" srcActor="D0N13"/>
            <port dstActor="D0N24" name="p76" srcActor="D0N13"/>
            <port dstActor="D0N37" name="p77" srcActor="D0N19"/>
            <port dstActor="D0N26" name="p78" srcActor="D0N19"/>
            <port dstActor="D0N38" name="p79" srcActor="D0N19"/>
            <port dstActor="D0N48" name="p80" srcActor="D0N27"/>
            <port dstActor="D0N34" name="p81" srcActor="D0N27"/>
            <port dstActor="D0N29" name="p82" srcActor="D0N27"/>
            <port dstActor="D0N13" name="p83" srcActor="D0N5"/>
            <port dstActor="D0N28" name="p84" srcActor="D0N5"/>
            <port dstActor="D0N9" name="p85" srcActor="D0N5"/>
            <port dstActor="D0N16" name="p86" srcActor="D0N5"/>
            <port dstActor="D0N24" name="p87" srcActor="D0N5"/>
            <port dstActor="D0N15" name="p88" srcActor="D0N5"/>
            <port dstActor="D0N45" name="p89" srcActor="D0N5"/>
            <port dstActor="D0N40" name="p90" srcActor="D0N26"/>
            <port dstActor="D0N42" name="p91" srcActor="D0N26"/>
            <port dstActor="D0N32" name="p92" srcActor="D0N17"/>
            <port dstActor="D0N19" name="p93" srcActor="D0N17"/>
            <port dstActor="D0N26" name="p94" srcActor="D0N17"/>
            <port dstActor="D0N46" name="p95" srcActor="D0N30"/>
            <port dstActor="D0N33" name="p96" srcActor="D0N30"/>
            <port dstActor="D0N35" name="p97" srcActor="D0N30"/>
            <port dstActor="D0N44" name="p98" srcActor="D0N25"/>
            <port dstActor="D0N36" name="p99" srcActor="D0N25"/>
            <port dstActor="D0N26" name="p100" srcActor="D0N25"/>
            <port dstActor="D0N45" name="p101" srcActor="D0N29"/>
            <port dstActor="D0N41" name="p102" srcActor="D0N29"/>
            <port dstActor="D0N42" name="p103" srcActor="D0N29"/>
            <port dstActor="D0N12" name="p104" srcActor="D0N9"/>
            <port dstActor="D0N26" name="p105" srcActor="D0N9"/>
            <port dstActor="D0N42" name="p106" srcActor="D0N9"/>
            <port dstActor="D0N40" name="p107" srcActor="D0N9"/>
            <port dstActor="D0N41" name="p108" srcActor="D0N9"/>
            <port dstActor="D0N46" name="p109" srcActor="D0N24"/>
            <port dstActor="D0N32" name="p110" srcActor="D0N24"/>
            <port dstActor="D0N27" name="p111" srcActor="D0N24"/>
            <port dstActor="D0N38" name="p112" srcActor="D0N6"/>
            <port dstActor="D0N17" name="p113" srcActor="D0N6"/>
            <port dstActor="D0N27" name="p114" srcActor="D0N6"/>
            <port dstActor="D0N29" name="p115" srcActor="D0N6"/>
        </ports>
    </mcdag>
    <cores number="3"/>
    <levels number="2"/>
</mcsystem>
