<?xml version="1.0" encoding="UTF-8" standalone="no"?>
<mcsystem>
    <mcdag deadline="4000" name="genned-0-ed-10.0-0">
        <actor name="D0N7">
            <wcet number="0">10</wcet>
            <wcet number="1">40</wcet>
            <maxpow number="0.7750793659416431"/>
            <maxpow number="0.7750793659416431"/>
            <fprob>0.0</fprob>
        </actor>
        <actor name="D0N10">
            <wcet number="0">30</wcet>
            <wcet number="1">80</wcet>
            <maxpow number="0.49640516031359966"/>
            <maxpow number="0.49640516031359966"/>
            <fprob>0.0</fprob>
        </actor>
        <actor name="D0N4">
            <wcet number="0">130</wcet>
            <wcet number="1">140</wcet>
            <maxpow number="0.36652239124005576"/>
            <maxpow number="0.36652239124005576"/>
            <fprob>0.0</fprob>
        </actor>
        <actor name="D0N27">
            <wcet number="0">90</wcet>
            <wcet number="1">170</wcet>
            <maxpow number="0.5046650528873627"/>
            <maxpow number="0.5046650528873627"/>
            <fprob>0.0</fprob>
        </actor>
        <actor name="D0N5">
            <wcet number="0">10</wcet>
            <wcet number="1">20</wcet>
            <maxpow number="0.7558013049448861"/>
            <maxpow number="0.7558013049448861"/>
            <fprob>0.0</fprob>
        </actor>
        <actor name="D0N45">
            <wcet number="0">80</wcet>
            <wcet number="1">80</wcet>
            <maxpow number="0.40710969391070084"/>
            <maxpow number="0.40710969391070084"/>
            <fprob>0.0</fprob>
        </actor>
        <actor name="D0N6">
            <wcet number="0">110</wcet>
            <wcet number="1">130</wcet>
            <maxpow number="0.7547017158239565"/>
            <maxpow number="0.7547017158239565"/>
            <fprob>0.0</fprob>
        </actor>
        <actor name="D0N14">
            <wcet number="0">60</wcet>
            <wcet number="1">330</wcet>
            <maxpow number="0.4733757833688272"/>
            <maxpow number="0.4733757833688272"/>
            <fprob>0.0</fprob>
        </actor>
        <actor name="D0N40">
            <wcet number="0">120</wcet>
            <wcet number="1">760</wcet>
            <maxpow number="0.8445023850941279"/>
            <maxpow number="0.8445023850941279"/>
            <fprob>0.0</fprob>
        </actor>
        <actor name="D0N8">
            <wcet number="0">190</wcet>
            <wcet number="1">200</wcet>
            <maxpow number="0.48958949798901025"/>
            <maxpow number="0.48958949798901025"/>
            <fprob>0.0</fprob>
        </actor>
        <actor name="D0N2">
            <wcet number="0">260</wcet>
            <wcet number="1">540</wcet>
            <maxpow number="0.8010110579488801"/>
            <maxpow number="0.8010110579488801"/>
            <fprob>0.0</fprob>
        </actor>
        <actor name="D0N22">
            <wcet number="0">20</wcet>
            <wcet number="1">30</wcet>
            <maxpow number="0.9474244892818434"/>
            <maxpow number="0.9474244892818434"/>
            <fprob>0.0</fprob>
        </actor>
        <actor name="D0N9">
            <wcet number="0">80</wcet>
            <wcet number="1">110</wcet>
            <maxpow number="0.569116896535272"/>
            <maxpow number="0.569116896535272"/>
            <fprob>0.0</fprob>
        </actor>
        <actor name="D0N1">
            <wcet number="0">10</wcet>
            <wcet number="1">10</wcet>
            <maxpow number="0.5417931165764439"/>
            <maxpow number="0.5417931165764439"/>
            <fprob>0.0</fprob>
        </actor>
        <actor name="D0N46">
            <wcet number="0">210</wcet>
            <wcet number="1">230</wcet>
            <maxpow number="0.669861260705431"/>
            <maxpow number="0.669861260705431"/>
            <fprob>0.0</fprob>
        </actor>
        <actor name="D0N3">
            <wcet number="0">10</wcet>
            <wcet number="1">860</wcet>
            <maxpow number="0.37565660868611367"/>
            <maxpow number="0.37565660868611367"/>
            <fprob>0.0</fprob>
        </actor>
        <actor name="D0N18">
            <wcet number="0">140</wcet>
            <wcet number="1">630</wcet>
            <maxpow number="0.4762075487157089"/>
            <maxpow number="0.4762075487157089"/>
            <fprob>0.0</fprob>
        </actor>
        <actor name="D0N28">
            <wcet number="0">30</wcet>
            <wcet number="1">130</wcet>
            <maxpow number="0.5172578709395881"/>
            <maxpow number="0.5172578709395881"/>
            <fprob>0.0</fprob>
        </actor>
        <actor name="D0N25">
            <wcet number="0">20</wcet>
            <wcet number="1">20</wcet>
            <maxpow number="0.5747736721927915"/>
            <maxpow number="0.5747736721927915"/>
            <fprob>0.0</fprob>
        </actor>
        <actor name="D0N21">
            <wcet number="0">30</wcet>
            <wcet number="1">60</wcet>
            <maxpow number="0.893995385934276"/>
            <maxpow number="0.893995385934276"/>
            <fprob>0.0</fprob>
        </actor>
        <actor name="D0N41">
            <wcet number="0">30</wcet>
            <wcet number="1">80</wcet>
            <maxpow number="0.6180565873099017"/>
            <maxpow number="0.6180565873099017"/>
            <fprob>0.0</fprob>
        </actor>
        <actor name="D0N32">
            <wcet number="0">40</wcet>
            <wcet number="1">300</wcet>
            <maxpow number="0.6568707941017243"/>
            <maxpow number="0.6568707941017243"/>
            <fprob>0.0</fprob>
        </actor>
        <actor name="D0N15">
            <wcet number="0">70</wcet>
            <wcet number="1">260</wcet>
            <maxpow number="0.44072786587304846"/>
            <maxpow number="0.44072786587304846"/>
            <fprob>0.0</fprob>
        </actor>
        <actor name="D0N19">
            <wcet number="0">20</wcet>
            <wcet number="1">30</wcet>
            <maxpow number="0.28817704538975075"/>
            <maxpow number="0.28817704538975075"/>
            <fprob>0.0</fprob>
        </actor>
        <actor name="D0N12">
            <wcet number="0">140</wcet>
            <wcet number="1">190</wcet>
            <maxpow number="0.5301750367469257"/>
            <maxpow number="0.5301750367469257"/>
            <fprob>0.0</fprob>
        </actor>
        <actor name="D0N49">
            <wcet number="0">10</wcet>
            <wcet number="1">20</wcet>
            <maxpow number="0.4610817720307376"/>
            <maxpow number="0.4610817720307376"/>
            <fprob>0.0</fprob>
        </actor>
        <actor name="D0N33">
            <wcet number="0">60</wcet>
            <wcet number="1">500</wcet>
            <maxpow number="0.6237565776580851"/>
            <maxpow number="0.6237565776580851"/>
            <fprob>0.0</fprob>
        </actor>
        <actor name="D0N29">
            <wcet number="0">290</wcet>
            <wcet number="1">310</wcet>
            <maxpow number="0.7866488600037339"/>
            <maxpow number="0.7866488600037339"/>
            <fprob>0.0</fprob>
        </actor>
        <actor name="D0N31">
            <wcet number="0">20</wcet>
            <wcet number="1">50</wcet>
            <maxpow number="0.36897130910890497"/>
            <maxpow number="0.36897130910890497"/>
            <fprob>0.0</fprob>
        </actor>
        <actor name="D0N34">
            <wcet number="0">20</wcet>
            <wcet number="1">150</wcet>
            <maxpow number="0.4925240645007918"/>
            <maxpow number="0.4925240645007918"/>
            <fprob>0.0</fprob>
        </actor>
        <actor name="D0N43">
            <wcet number="0">720</wcet>
            <wcet number="1">860</wcet>
            <maxpow number="0.5715965364462192"/>
            <maxpow number="0.5715965364462192"/>
            <fprob>0.0</fprob>
        </actor>
        <actor name="D0N48">
            <wcet number="0">160</wcet>
            <wcet number="1">330</wcet>
            <maxpow number="0.49947935635073515"/>
            <maxpow number="0.49947935635073515"/>
            <fprob>0.0</fprob>
        </actor>
        <actor name="D0N35">
            <wcet number="0">180</wcet>
            <wcet number="1">330</wcet>
            <maxpow number="0.3937334117753033"/>
            <maxpow number="0.3937334117753033"/>
            <fprob>0.0</fprob>
        </actor>
        <actor name="D0N36">
            <wcet number="0">540</wcet>
            <wcet number="1">540</wcet>
            <maxpow number="0.5687205264124086"/>
            <maxpow number="0.5687205264124086"/>
            <fprob>0.0</fprob>
        </actor>
        <actor name="D0N13">
            <wcet number="0">160</wcet>
            <wcet number="1">260</wcet>
            <maxpow number="0.6852150590625291"/>
            <maxpow number="0.6852150590625291"/>
            <fprob>0.0</fprob>
        </actor>
        <actor name="D0N17">
            <wcet number="0">60</wcet>
            <wcet number="1">250</wcet>
            <maxpow number="0.4533958661029096"/>
            <maxpow number="0.4533958661029096"/>
            <fprob>0.0</fprob>
        </actor>
        <actor name="D0N44">
            <wcet number="0">70</wcet>
            <wcet number="1">80</wcet>
            <maxpow number="0.290562439283538"/>
            <maxpow number="0.290562439283538"/>
            <fprob>0.0</fprob>
        </actor>
        <actor name="D0N11">
            <wcet number="0">60</wcet>
            <wcet number="1">80</wcet>
            <maxpow number="0.5041623165747894"/>
            <maxpow number="0.5041623165747894"/>
            <fprob>0.0</fprob>
        </actor>
        <actor name="D0N38">
            <wcet number="0">150</wcet>
            <wcet number="1">150</wcet>
            <maxpow number="0.4654724944990582"/>
            <maxpow number="0.4654724944990582"/>
            <fprob>0.0</fprob>
        </actor>
        <actor name="D0N30">
            <wcet number="0">250</wcet>
            <wcet number="1">480</wcet>
            <maxpow number="0.4589451365418627"/>
            <maxpow number="0.4589451365418627"/>
            <fprob>0.0</fprob>
        </actor>
        <actor name="D0N0">
            <wcet number="0">40</wcet>
            <wcet number="1">40</wcet>
            <maxpow number="0.4651342850895651"/>
            <maxpow number="0.4651342850895651"/>
            <fprob>0.0</fprob>
        </actor>
        <actor name="D0N20">
            <wcet number="0">10</wcet>
            <wcet number="1">40</wcet>
            <maxpow number="0.4417949682525659"/>
            <maxpow number="0.4417949682525659"/>
            <fprob>0.0</fprob>
        </actor>
        <actor name="D0N24">
            <wcet number="0">30</wcet>
            <wcet number="1">40</wcet>
            <maxpow number="0.5193325088443532"/>
            <maxpow number="0.5193325088443532"/>
            <fprob>0.0</fprob>
        </actor>
        <actor name="D0N39">
            <wcet number="0">110</wcet>
            <wcet number="1">250</wcet>
            <maxpow number="0.4465860916094518"/>
            <maxpow number="0.4465860916094518"/>
            <fprob>0.0</fprob>
        </actor>
        <actor name="D0N26">
            <wcet number="0">290</wcet>
            <wcet number="1">850</wcet>
            <maxpow number="0.3970304846156141"/>
            <maxpow number="0.3970304846156141"/>
            <fprob>0.0</fprob>
        </actor>
        <actor name="D0N42">
            <wcet number="0">80</wcet>
            <wcet number="1">190</wcet>
            <maxpow number="0.7992778380634804"/>
            <maxpow number="0.7992778380634804"/>
            <fprob>0.0</fprob>
        </actor>
        <actor name="D0N23">
            <wcet number="0">60</wcet>
            <wcet number="1">80</wcet>
            <maxpow number="0.4425049442508144"/>
            <maxpow number="0.4425049442508144"/>
            <fprob>0.0</fprob>
        </actor>
        <actor name="D0N16">
            <wcet number="0">50</wcet>
            <wcet number="1">230</wcet>
            <maxpow number="0.3452563063908691"/>
            <maxpow number="0.3452563063908691"/>
            <fprob>0.0</fprob>
        </actor>
        <actor name="D0N47">
            <wcet number="0">50</wcet>
            <wcet number="1">50</wcet>
            <maxpow number="0.47327944938937877"/>
            <maxpow number="0.47327944938937877"/>
            <fprob>0.0</fprob>
        </actor>
        <actor name="D0N37">
            <wcet number="0">10</wcet>
            <wcet number="1">10</wcet>
            <maxpow number="0.35066257172402393"/>
            <maxpow number="0.35066257172402393"/>
            <fprob>0.0</fprob>
        </actor>
        <ports>
            <port dstActor="D0N19" name="p0" srcActor="D0N7"/>
            <port dstActor="D0N29" name="p1" srcActor="D0N7"/>
            <port dstActor="D0N31" name="p2" srcActor="D0N7"/>
            <port dstActor="D0N10" name="p3" srcActor="D0N7"/>
            <port dstActor="D0N18" name="p4" srcActor="D0N7"/>
            <port dstActor="D0N28" name="p5" srcActor="D0N7"/>
            <port dstActor="D0N19" name="p6" srcActor="D0N10"/>
            <port dstActor="D0N29" name="p7" srcActor="D0N10"/>
            <port dstActor="D0N40" name="p8" srcActor="D0N10"/>
            <port dstActor="D0N38" name="p9" srcActor="D0N10"/>
            <port dstActor="D0N38" name="p10" srcActor="D0N4"/>
            <port dstActor="D0N39" name="p11" srcActor="D0N4"/>
            <port dstActor="D0N9" name="p12" srcActor="D0N4"/>
            <port dstActor="D0N20" name="p13" srcActor="D0N4"/>
            <port dstActor="D0N36" name="p14" srcActor="D0N4"/>
            <port dstActor="D0N42" name="p15" srcActor="D0N27"/>
            <port dstActor="D0N28" name="p16" srcActor="D0N27"/>
            <port dstActor="D0N18" name="p17" srcActor="D0N5"/>
            <port dstActor="D0N11" name="p18" srcActor="D0N5"/>
            <port dstActor="D0N26" name="p19" srcActor="D0N5"/>
            <port dstActor="D0N21" name="p20" srcActor="D0N5"/>
            <port dstActor="D0N48" name="p21" srcActor="D0N5"/>
            <port dstActor="D0N42" name="p22" srcActor="D0N5"/>
            <port dstActor="D0N12" name="p23" srcActor="D0N6"/>
            <port dstActor="D0N49" name="p24" srcActor="D0N6"/>
            <port dstActor="D0N13" name="p25" srcActor="D0N6"/>
            <port dstActor="D0N44" name="p26" srcActor="D0N6"/>
            <port dstActor="D0N32" name="p27" srcActor="D0N6"/>
            <port dstActor="D0N33" name="p28" srcActor="D0N6"/>
            <port dstActor="D0N31" name="p29" srcActor="D0N6"/>
            <port dstActor="D0N40" name="p30" srcActor="D0N14"/>
            <port dstActor="D0N46" name="p31" srcActor="D0N14"/>
            <port dstActor="D0N23" name="p32" srcActor="D0N14"/>
            <port dstActor="D0N46" name="p33" srcActor="D0N8"/>
            <port dstActor="D0N23" name="p34" srcActor="D0N8"/>
            <port dstActor="D0N22" name="p35" srcActor="D0N8"/>
            <port dstActor="D0N38" name="p36" srcActor="D0N2"/>
            <port dstActor="D0N37" name="p37" srcActor="D0N2"/>
            <port dstActor="D0N27" name="p38" srcActor="D0N2"/>
            <port dstActor="D0N21" name="p39" srcActor="D0N2"/>
            <port dstActor="D0N46" name="p40" srcActor="D0N2"/>
            <port dstActor="D0N10" name="p41" srcActor="D0N2"/>
            <port dstActor="D0N37" name="p42" srcActor="D0N22"/>
            <port dstActor="D0N38" name="p43" srcActor="D0N22"/>
            <port dstActor="D0N42" name="p44" srcActor="D0N22"/>
            <port dstActor="D0N41" name="p45" srcActor="D0N22"/>
            <port dstActor="D0N15" name="p46" srcActor="D0N9"/>
            <port dstActor="D0N13" name="p47" srcActor="D0N9"/>
            <port dstActor="D0N17" name="p48" srcActor="D0N9"/>
            <port dstActor="D0N33" name="p49" srcActor="D0N9"/>
            <port dstActor="D0N39" name="p50" srcActor="D0N9"/>
            <port dstActor="D0N24" name="p51" srcActor="D0N9"/>
            <port dstActor="D0N47" name="p52" srcActor="D0N3"/>
            <port dstActor="D0N29" name="p53" srcActor="D0N3"/>
            <port dstActor="D0N32" name="p54" srcActor="D0N3"/>
            <port dstActor="D0N12" name="p55" srcActor="D0N3"/>
            <port dstActor="D0N32" name="p56" srcActor="D0N18"/>
            <port dstActor="D0N35" name="p57" srcActor="D0N18"/>
            <port dstActor="D0N34" name="p58" srcActor="D0N28"/>
            <port dstActor="D0N37" name="p59" srcActor="D0N28"/>
            <port dstActor="D0N45" name="p60" srcActor="D0N28"/>
            <port dstActor="D0N27" name="p61" srcActor="D0N25"/>
            <port dstActor="D0N43" name="p62" srcActor="D0N25"/>
            <port dstActor="D0N42" name="p63" srcActor="D0N25"/>
            <port dstActor="D0N42" name="p64" srcActor="D0N21"/>
            <port dstActor="D0N42" name="p65" srcActor="D0N32"/>
            <port dstActor="D0N39" name="p66" srcActor="D0N32"/>
            <port dstActor="D0N41" name="p67" srcActor="D0N32"/>
            <port dstActor="D0N47" name="p68" srcActor="D0N32"/>
            <port dstActor="D0N36" name="p69" srcActor="D0N15"/>
            <port dstActor="D0N29" name="p70" srcActor="D0N15"/>
            <port dstActor="D0N28" name="p71" srcActor="D0N15"/>
            <port dstActor="D0N35" name="p72" srcActor="D0N15"/>
            <port dstActor="D0N37" name="p73" srcActor="D0N19"/>
            <port dstActor="D0N14" name="p74" srcActor="D0N12"/>
            <port dstActor="D0N48" name="p75" srcActor="D0N12"/>
            <port dstActor="D0N29" name="p76" srcActor="D0N12"/>
            <port dstActor="D0N13" name="p77" srcActor="D0N12"/>
            <port dstActor="D0N38" name="p78" srcActor="D0N33"/>
            <port dstActor="D0N45" name="p79" srcActor="D0N33"/>
            <port dstActor="D0N32" name="p80" srcActor="D0N29"/>
            <port dstActor="D0N42" name="p81" srcActor="D0N29"/>
            <port dstActor="D0N40" name="p82" srcActor="D0N29"/>
            <port dstActor="D0N48" name="p83" srcActor="D0N29"/>
            <port dstActor="D0N47" name="p84" srcActor="D0N31"/>
            <port dstActor="D0N33" name="p85" srcActor="D0N31"/>
            <port dstActor="D0N48" name="p86" srcActor="D0N34"/>
            <port dstActor="D0N45" name="p87" srcActor="D0N34"/>
            <port dstActor="D0N44" name="p88" srcActor="D0N43"/>
            <port dstActor="D0N25" name="p89" srcActor="D0N13"/>
            <port dstActor="D0N30" name="p90" srcActor="D0N13"/>
            <port dstActor="D0N34" name="p91" srcActor="D0N13"/>
            <port dstActor="D0N35" name="p92" srcActor="D0N13"/>
            <port dstActor="D0N33" name="p93" srcActor="D0N13"/>
            <port dstActor="D0N49" name="p94" srcActor="D0N17"/>
            <port dstActor="D0N25" name="p95" srcActor="D0N17"/>
            <port dstActor="D0N45" name="p96" srcActor="D0N17"/>
            <port dstActor="D0N46" name="p97" srcActor="D0N44"/>
            <port dstActor="D0N43" name="p98" srcActor="D0N11"/>
            <port dstActor="D0N13" name="p99" srcActor="D0N11"/>
            <port dstActor="D0N12" name="p100" srcActor="D0N11"/>
            <port dstActor="D0N5" name="p101" srcActor="D0N0"/>
            <port dstActor="D0N39" name="p102" srcActor="D0N0"/>
            <port dstActor="D0N14" name="p103" srcActor="D0N0"/>
            <port dstActor="D0N21" name="p104" srcActor="D0N0"/>
            <port dstActor="D0N21" name="p105" srcActor="D0N20"/>
            <port dstActor="D0N43" name="p106" srcActor="D0N20"/>
            <port dstActor="D0N39" name="p107" srcActor="D0N24"/>
            <port dstActor="D0N36" name="p108" srcActor="D0N26"/>
            <port dstActor="D0N45" name="p109" srcActor="D0N26"/>
            <port dstActor="D0N41" name="p110" srcActor="D0N23"/>
            <port dstActor="D0N30" name="p111" srcActor="D0N23"/>
            <port dstActor="D0N27" name="p112" srcActor="D0N23"/>
            <port dstActor="D0N29" name="p113" srcActor="D0N16"/>
            <port dstActor="D0N27" name="p114" srcActor="D0N16"/>
            <port dstActor="D0N17" name="p115" srcActor="D0N16"/>
            <port dstActor="D0N43" name="p116" srcActor="D0N16"/>
            <port dstActor="D0N49" name="p117" srcActor="D0N37"/>
        </ports>
    </mcdag>
    <cores number="3"/>
    <levels number="2"/>
</mcsystem>
