<?xml version="1.0" encoding="UTF-8" standalone="no"?>
<mcsystem>
    <mcdag deadline="2000" name="genned-0-ed-10.0-0">
        <actor name="D0N14">
            <wcet number="0">90</wcet>
            <wcet number="1">110</wcet>
            <maxpow number="0.40679489197017626"/>
            <maxpow number="0.40679489197017626"/>
            <fprob>0.0</fprob>
        </actor>
        <actor name="D0N38">
            <wcet number="0">20</wcet>
            <wcet number="1">30</wcet>
            <maxpow number="0.7053507176328927"/>
            <maxpow number="0.7053507176328927"/>
            <fprob>0.0</fprob>
        </actor>
        <actor name="D0N26">
            <wcet number="0">30</wcet>
            <wcet number="1">140</wcet>
            <maxpow number="0.6004823606297247"/>
            <maxpow number="0.6004823606297247"/>
            <fprob>0.0</fprob>
        </actor>
        <actor name="D0N44">
            <wcet number="0">120</wcet>
            <wcet number="1">230</wcet>
            <maxpow number="0.5455868934914193"/>
            <maxpow number="0.5455868934914193"/>
            <fprob>0.0</fprob>
        </actor>
        <actor name="D0N5">
            <wcet number="0">10</wcet>
            <wcet number="1">90</wcet>
            <maxpow number="0.2863991724733735"/>
            <maxpow number="0.2863991724733735"/>
            <fprob>0.0</fprob>
        </actor>
        <actor name="D0N35">
            <wcet number="0">100</wcet>
            <wcet number="1">100</wcet>
            <maxpow number="0.39685094322602976"/>
            <maxpow number="0.39685094322602976"/>
            <fprob>0.0</fprob>
        </actor>
        <actor name="D0N34">
            <wcet number="0">10</wcet>
            <wcet number="1">10</wcet>
            <maxpow number="0.6907814886222208"/>
            <maxpow number="0.6907814886222208"/>
            <fprob>0.0</fprob>
        </actor>
        <actor name="D0N20">
            <wcet number="0">20</wcet>
            <wcet number="1">110</wcet>
            <maxpow number="0.7416319444890439"/>
            <maxpow number="0.7416319444890439"/>
            <fprob>0.0</fprob>
        </actor>
        <actor name="D0N36">
            <wcet number="0">200</wcet>
            <wcet number="1">240</wcet>
            <maxpow number="0.40985906848852827"/>
            <maxpow number="0.40985906848852827"/>
            <fprob>0.0</fprob>
        </actor>
        <actor name="D0N41">
            <wcet number="0">10</wcet>
            <wcet number="1">40</wcet>
            <maxpow number="0.6250352605917772"/>
            <maxpow number="0.6250352605917772"/>
            <fprob>0.0</fprob>
        </actor>
        <actor name="D0N22">
            <wcet number="0">10</wcet>
            <wcet number="1">30</wcet>
            <maxpow number="0.9531504183972281"/>
            <maxpow number="0.9531504183972281"/>
            <fprob>0.0</fprob>
        </actor>
        <actor name="D0N0">
            <wcet number="0">10</wcet>
            <wcet number="1">20</wcet>
            <maxpow number="0.30641957335283454"/>
            <maxpow number="0.30641957335283454"/>
            <fprob>0.0</fprob>
        </actor>
        <actor name="D0N3">
            <wcet number="0">480</wcet>
            <wcet number="1">500</wcet>
            <maxpow number="0.8840977618409291"/>
            <maxpow number="0.8840977618409291"/>
            <fprob>0.0</fprob>
        </actor>
        <actor name="D0N39">
            <wcet number="0">40</wcet>
            <wcet number="1">50</wcet>
            <maxpow number="0.5268901704126925"/>
            <maxpow number="0.5268901704126925"/>
            <fprob>0.0</fprob>
        </actor>
        <actor name="D0N7">
            <wcet number="0">30</wcet>
            <wcet number="1">90</wcet>
            <maxpow number="0.5912772674994028"/>
            <maxpow number="0.5912772674994028"/>
            <fprob>0.0</fprob>
        </actor>
        <actor name="D0N40">
            <wcet number="0">360</wcet>
            <wcet number="1">410</wcet>
            <maxpow number="0.6246196351896125"/>
            <maxpow number="0.6246196351896125"/>
            <fprob>0.0</fprob>
        </actor>
        <actor name="D0N2">
            <wcet number="0">30</wcet>
            <wcet number="1">30</wcet>
            <maxpow number="0.406904394310762"/>
            <maxpow number="0.406904394310762"/>
            <fprob>0.0</fprob>
        </actor>
        <actor name="D0N46">
            <wcet number="0">50</wcet>
            <wcet number="1">270</wcet>
            <maxpow number="0.6394949710744765"/>
            <maxpow number="0.6394949710744765"/>
            <fprob>0.0</fprob>
        </actor>
        <actor name="D0N25">
            <wcet number="0">100</wcet>
            <wcet number="1">100</wcet>
            <maxpow number="0.46123707891922006"/>
            <maxpow number="0.46123707891922006"/>
            <fprob>0.0</fprob>
        </actor>
        <actor name="D0N45">
            <wcet number="0">90</wcet>
            <wcet number="1">150</wcet>
            <maxpow number="0.3418774371659239"/>
            <maxpow number="0.3418774371659239"/>
            <fprob>0.0</fprob>
        </actor>
        <actor name="D0N23">
            <wcet number="0">10</wcet>
            <wcet number="1">20</wcet>
            <maxpow number="0.5361934438405711"/>
            <maxpow number="0.5361934438405711"/>
            <fprob>0.0</fprob>
        </actor>
        <actor name="D0N4">
            <wcet number="0">80</wcet>
            <wcet number="1">110</wcet>
            <maxpow number="0.7005343875316139"/>
            <maxpow number="0.7005343875316139"/>
            <fprob>0.0</fprob>
        </actor>
        <actor name="D0N9">
            <wcet number="0">70</wcet>
            <wcet number="1">90</wcet>
            <maxpow number="0.6986177565098378"/>
            <maxpow number="0.6986177565098378"/>
            <fprob>0.0</fprob>
        </actor>
        <actor name="D0N18">
            <wcet number="0">40</wcet>
            <wcet number="1">40</wcet>
            <maxpow number="0.5702899697690939"/>
            <maxpow number="0.5702899697690939"/>
            <fprob>0.0</fprob>
        </actor>
        <actor name="D0N42">
            <wcet number="0">30</wcet>
            <wcet number="1">30</wcet>
            <maxpow number="0.761416566017111"/>
            <maxpow number="0.761416566017111"/>
            <fprob>0.0</fprob>
        </actor>
        <actor name="D0N33">
            <wcet number="0">60</wcet>
            <wcet number="1">360</wcet>
            <maxpow number="0.3723848791812793"/>
            <maxpow number="0.3723848791812793"/>
            <fprob>0.0</fprob>
        </actor>
        <actor name="D0N30">
            <wcet number="0">30</wcet>
            <wcet number="1">90</wcet>
            <maxpow number="0.45064477462530206"/>
            <maxpow number="0.45064477462530206"/>
            <fprob>0.0</fprob>
        </actor>
        <actor name="D0N6">
            <wcet number="0">10</wcet>
            <wcet number="1">10</wcet>
            <maxpow number="0.4901838812235581"/>
            <maxpow number="0.4901838812235581"/>
            <fprob>0.0</fprob>
        </actor>
        <actor name="D0N28">
            <wcet number="0">20</wcet>
            <wcet number="1">20</wcet>
            <maxpow number="0.2836209424220489"/>
            <maxpow number="0.2836209424220489"/>
            <fprob>0.0</fprob>
        </actor>
        <actor name="D0N31">
            <wcet number="0">30</wcet>
            <wcet number="1">100</wcet>
            <maxpow number="0.45924349823271055"/>
            <maxpow number="0.45924349823271055"/>
            <fprob>0.0</fprob>
        </actor>
        <actor name="D0N29">
            <wcet number="0">20</wcet>
            <wcet number="1">20</wcet>
            <maxpow number="0.4822331206449061"/>
            <maxpow number="0.4822331206449061"/>
            <fprob>0.0</fprob>
        </actor>
        <actor name="D0N10">
            <wcet number="0">10</wcet>
            <wcet number="1">40</wcet>
            <maxpow number="0.5527929934037402"/>
            <maxpow number="0.5527929934037402"/>
            <fprob>0.0</fprob>
        </actor>
        <actor name="D0N1">
            <wcet number="0">40</wcet>
            <wcet number="1">100</wcet>
            <maxpow number="0.7082686718077066"/>
            <maxpow number="0.7082686718077066"/>
            <fprob>0.0</fprob>
        </actor>
        <actor name="D0N32">
            <wcet number="0">10</wcet>
            <wcet number="1">10</wcet>
            <maxpow number="0.49403139513347266"/>
            <maxpow number="0.49403139513347266"/>
            <fprob>0.0</fprob>
        </actor>
        <actor name="D0N19">
            <wcet number="0">20</wcet>
            <wcet number="1">60</wcet>
            <maxpow number="0.5978337161929203"/>
            <maxpow number="0.5978337161929203"/>
            <fprob>0.0</fprob>
        </actor>
        <actor name="D0N47">
            <wcet number="0">210</wcet>
            <wcet number="1">240</wcet>
            <maxpow number="0.5214986042848943"/>
            <maxpow number="0.5214986042848943"/>
            <fprob>0.0</fprob>
        </actor>
        <actor name="D0N16">
            <wcet number="0">40</wcet>
            <wcet number="1">40</wcet>
            <maxpow number="0.45812335265744847"/>
            <maxpow number="0.45812335265744847"/>
            <fprob>0.0</fprob>
        </actor>
        <actor name="D0N21">
            <wcet number="0">150</wcet>
            <wcet number="1">150</wcet>
            <maxpow number="0.7457504523594156"/>
            <maxpow number="0.7457504523594156"/>
            <fprob>0.0</fprob>
        </actor>
        <actor name="D0N13">
            <wcet number="0">50</wcet>
            <wcet number="1">50</wcet>
            <maxpow number="0.473093488370891"/>
            <maxpow number="0.473093488370891"/>
            <fprob>0.0</fprob>
        </actor>
        <actor name="D0N27">
            <wcet number="0">90</wcet>
            <wcet number="1">190</wcet>
            <maxpow number="0.8203521508786626"/>
            <maxpow number="0.8203521508786626"/>
            <fprob>0.0</fprob>
        </actor>
        <actor name="D0N12">
            <wcet number="0">40</wcet>
            <wcet number="1">60</wcet>
            <maxpow number="0.7064932632875678"/>
            <maxpow number="0.7064932632875678"/>
            <fprob>0.0</fprob>
        </actor>
        <actor name="D0N15">
            <wcet number="0">10</wcet>
            <wcet number="1">90</wcet>
            <maxpow number="0.4815985652651364"/>
            <maxpow number="0.4815985652651364"/>
            <fprob>0.0</fprob>
        </actor>
        <actor name="D0N17">
            <wcet number="0">10</wcet>
            <wcet number="1">10</wcet>
            <maxpow number="0.5270068400687845"/>
            <maxpow number="0.5270068400687845"/>
            <fprob>0.0</fprob>
        </actor>
        <actor name="D0N24">
            <wcet number="0">40</wcet>
            <wcet number="1">60</wcet>
            <maxpow number="0.6046267697590626"/>
            <maxpow number="0.6046267697590626"/>
            <fprob>0.0</fprob>
        </actor>
        <actor name="D0N43">
            <wcet number="0">50</wcet>
            <wcet number="1">60</wcet>
            <maxpow number="0.7006757400865562"/>
            <maxpow number="0.7006757400865562"/>
            <fprob>0.0</fprob>
        </actor>
        <actor name="D0N8">
            <wcet number="0">40</wcet>
            <wcet number="1">50</wcet>
            <maxpow number="0.3571134368268198"/>
            <maxpow number="0.3571134368268198"/>
            <fprob>0.0</fprob>
        </actor>
        <actor name="D0N37">
            <wcet number="0">250</wcet>
            <wcet number="1">330</wcet>
            <maxpow number="0.7618108483612566"/>
            <maxpow number="0.7618108483612566"/>
            <fprob>0.0</fprob>
        </actor>
        <actor name="D0N11">
            <wcet number="0">10</wcet>
            <wcet number="1">20</wcet>
            <maxpow number="0.6387540153197614"/>
            <maxpow number="0.6387540153197614"/>
            <fprob>0.0</fprob>
        </actor>
        <ports>
            <port dstActor="D0N24" name="p0" srcActor="D0N14"/>
            <port dstActor="D0N45" name="p1" srcActor="D0N26"/>
            <port dstActor="D0N41" name="p2" srcActor="D0N26"/>
            <port dstActor="D0N34" name="p3" srcActor="D0N26"/>
            <port dstActor="D0N46" name="p4" srcActor="D0N26"/>
            <port dstActor="D0N37" name="p5" srcActor="D0N5"/>
            <port dstActor="D0N14" name="p6" srcActor="D0N5"/>
            <port dstActor="D0N45" name="p7" srcActor="D0N35"/>
            <port dstActor="D0N42" name="p8" srcActor="D0N34"/>
            <port dstActor="D0N45" name="p9" srcActor="D0N20"/>
            <port dstActor="D0N22" name="p10" srcActor="D0N20"/>
            <port dstActor="D0N24" name="p11" srcActor="D0N20"/>
            <port dstActor="D0N45" name="p12" srcActor="D0N41"/>
            <port dstActor="D0N34" name="p13" srcActor="D0N0"/>
            <port dstActor="D0N15" name="p14" srcActor="D0N0"/>
            <port dstActor="D0N47" name="p15" srcActor="D0N3"/>
            <port dstActor="D0N32" name="p16" srcActor="D0N3"/>
            <port dstActor="D0N15" name="p17" srcActor="D0N3"/>
            <port dstActor="D0N16" name="p18" srcActor="D0N3"/>
            <port dstActor="D0N7" name="p19" srcActor="D0N3"/>
            <port dstActor="D0N46" name="p20" srcActor="D0N3"/>
            <port dstActor="D0N38" name="p21" srcActor="D0N3"/>
            <port dstActor="D0N19" name="p22" srcActor="D0N3"/>
            <port dstActor="D0N25" name="p23" srcActor="D0N3"/>
            <port dstActor="D0N18" name="p24" srcActor="D0N3"/>
            <port dstActor="D0N43" name="p25" srcActor="D0N39"/>
            <port dstActor="D0N10" name="p26" srcActor="D0N7"/>
            <port dstActor="D0N30" name="p27" srcActor="D0N7"/>
            <port dstActor="D0N13" name="p28" srcActor="D0N7"/>
            <port dstActor="D0N15" name="p29" srcActor="D0N7"/>
            <port dstActor="D0N20" name="p30" srcActor="D0N7"/>
            <port dstActor="D0N46" name="p31" srcActor="D0N40"/>
            <port dstActor="D0N18" name="p32" srcActor="D0N2"/>
            <port dstActor="D0N41" name="p33" srcActor="D0N2"/>
            <port dstActor="D0N21" name="p34" srcActor="D0N2"/>
            <port dstActor="D0N26" name="p35" srcActor="D0N25"/>
            <port dstActor="D0N39" name="p36" srcActor="D0N25"/>
            <port dstActor="D0N34" name="p37" srcActor="D0N23"/>
            <port dstActor="D0N47" name="p38" srcActor="D0N23"/>
            <port dstActor="D0N25" name="p39" srcActor="D0N23"/>
            <port dstActor="D0N42" name="p40" srcActor="D0N23"/>
            <port dstActor="D0N29" name="p41" srcActor="D0N4"/>
            <port dstActor="D0N21" name="p42" srcActor="D0N4"/>
            <port dstActor="D0N12" name="p43" srcActor="D0N4"/>
            <port dstActor="D0N43" name="p44" srcActor="D0N4"/>
            <port dstActor="D0N15" name="p45" srcActor="D0N4"/>
            <port dstActor="D0N28" name="p46" srcActor="D0N4"/>
            <port dstActor="D0N40" name="p47" srcActor="D0N4"/>
            <port dstActor="D0N10" name="p48" srcActor="D0N9"/>
            <port dstActor="D0N40" name="p49" srcActor="D0N9"/>
            <port dstActor="D0N27" name="p50" srcActor="D0N9"/>
            <port dstActor="D0N39" name="p51" srcActor="D0N9"/>
            <port dstActor="D0N18" name="p52" srcActor="D0N9"/>
            <port dstActor="D0N13" name="p53" srcActor="D0N9"/>
            <port dstActor="D0N36" name="p54" srcActor="D0N18"/>
            <port dstActor="D0N19" name="p55" srcActor="D0N18"/>
            <port dstActor="D0N44" name="p56" srcActor="D0N42"/>
            <port dstActor="D0N47" name="p57" srcActor="D0N42"/>
            <port dstActor="D0N38" name="p58" srcActor="D0N33"/>
            <port dstActor="D0N41" name="p59" srcActor="D0N33"/>
            <port dstActor="D0N33" name="p60" srcActor="D0N30"/>
            <port dstActor="D0N39" name="p61" srcActor="D0N30"/>
            <port dstActor="D0N40" name="p62" srcActor="D0N6"/>
            <port dstActor="D0N43" name="p63" srcActor="D0N28"/>
            <port dstActor="D0N32" name="p64" srcActor="D0N28"/>
            <port dstActor="D0N35" name="p65" srcActor="D0N28"/>
            <port dstActor="D0N46" name="p66" srcActor="D0N31"/>
            <port dstActor="D0N35" name="p67" srcActor="D0N29"/>
            <port dstActor="D0N43" name="p68" srcActor="D0N29"/>
            <port dstActor="D0N21" name="p69" srcActor="D0N10"/>
            <port dstActor="D0N47" name="p70" srcActor="D0N10"/>
            <port dstActor="D0N44" name="p71" srcActor="D0N10"/>
            <port dstActor="D0N37" name="p72" srcActor="D0N10"/>
            <port dstActor="D0N33" name="p73" srcActor="D0N10"/>
            <port dstActor="D0N46" name="p74" srcActor="D0N10"/>
            <port dstActor="D0N32" name="p75" srcActor="D0N10"/>
            <port dstActor="D0N29" name="p76" srcActor="D0N1"/>
            <port dstActor="D0N3" name="p77" srcActor="D0N1"/>
            <port dstActor="D0N6" name="p78" srcActor="D0N1"/>
            <port dstActor="D0N19" name="p79" srcActor="D0N1"/>
            <port dstActor="D0N47" name="p80" srcActor="D0N32"/>
            <port dstActor="D0N41" name="p81" srcActor="D0N32"/>
            <port dstActor="D0N22" name="p82" srcActor="D0N19"/>
            <port dstActor="D0N26" name="p83" srcActor="D0N16"/>
            <port dstActor="D0N33" name="p84" srcActor="D0N16"/>
            <port dstActor="D0N24" name="p85" srcActor="D0N16"/>
            <port dstActor="D0N25" name="p86" srcActor="D0N21"/>
            <port dstActor="D0N26" name="p87" srcActor="D0N21"/>
            <port dstActor="D0N39" name="p88" srcActor="D0N21"/>
            <port dstActor="D0N38" name="p89" srcActor="D0N13"/>
            <port dstActor="D0N34" name="p90" srcActor="D0N27"/>
            <port dstActor="D0N21" name="p91" srcActor="D0N12"/>
            <port dstActor="D0N26" name="p92" srcActor="D0N12"/>
            <port dstActor="D0N27" name="p93" srcActor="D0N15"/>
            <port dstActor="D0N32" name="p94" srcActor="D0N15"/>
            <port dstActor="D0N36" name="p95" srcActor="D0N15"/>
            <port dstActor="D0N30" name="p96" srcActor="D0N17"/>
            <port dstActor="D0N25" name="p97" srcActor="D0N24"/>
            <port dstActor="D0N11" name="p98" srcActor="D0N8"/>
            <port dstActor="D0N16" name="p99" srcActor="D0N8"/>
            <port dstActor="D0N21" name="p100" srcActor="D0N8"/>
            <port dstActor="D0N29" name="p101" srcActor="D0N8"/>
            <port dstActor="D0N46" name="p102" srcActor="D0N37"/>
            <port dstActor="D0N47" name="p103" srcActor="D0N37"/>
            <port dstActor="D0N45" name="p104" srcActor="D0N37"/>
            <port dstActor="D0N38" name="p105" srcActor="D0N37"/>
            <port dstActor="D0N21" name="p106" srcActor="D0N11"/>
            <port dstActor="D0N47" name="p107" srcActor="D0N11"/>
            <port dstActor="D0N12" name="p108" srcActor="D0N11"/>
        </ports>
    </mcdag>
    <cores number="3"/>
    <levels number="2"/>
</mcsystem>
