<?xml version="1.0" encoding="UTF-8" standalone="no"?>
<mcsystem>
    <mcdag deadline="1000" name="genned-0-ed-10.0-0">
        <actor name="D0N15">
            <wcet number="0">50</wcet>
            <wcet number="1">50</wcet>
            <maxpow number="0.6510622773660942"/>
            <maxpow number="0.6510622773660942"/>
            <fprob>0.0</fprob>
        </actor>
        <actor name="D0N28">
            <wcet number="0">30</wcet>
            <wcet number="1">40</wcet>
            <maxpow number="0.4070344121880928"/>
            <maxpow number="0.4070344121880928"/>
            <fprob>0.0</fprob>
        </actor>
        <actor name="D0N23">
            <wcet number="0">30</wcet>
            <wcet number="1">30</wcet>
            <maxpow number="0.6015972028653375"/>
            <maxpow number="0.6015972028653375"/>
            <fprob>0.0</fprob>
        </actor>
        <actor name="D0N43">
            <wcet number="0">90</wcet>
            <wcet number="1">100</wcet>
            <maxpow number="0.33254705596803813"/>
            <maxpow number="0.33254705596803813"/>
            <fprob>0.0</fprob>
        </actor>
        <actor name="D0N19">
            <wcet number="0">30</wcet>
            <wcet number="1">30</wcet>
            <maxpow number="0.896257216767244"/>
            <maxpow number="0.896257216767244"/>
            <fprob>0.0</fprob>
        </actor>
        <actor name="D0N20">
            <wcet number="0">30</wcet>
            <wcet number="1">100</wcet>
            <maxpow number="0.5071823156290918"/>
            <maxpow number="0.5071823156290918"/>
            <fprob>0.0</fprob>
        </actor>
        <actor name="D0N3">
            <wcet number="0">40</wcet>
            <wcet number="1">110</wcet>
            <maxpow number="0.542765466244187"/>
            <maxpow number="0.542765466244187"/>
            <fprob>0.0</fprob>
        </actor>
        <actor name="D0N31">
            <wcet number="0">10</wcet>
            <wcet number="1">10</wcet>
            <maxpow number="0.45646253997104497"/>
            <maxpow number="0.45646253997104497"/>
            <fprob>0.0</fprob>
        </actor>
        <actor name="D0N35">
            <wcet number="0">30</wcet>
            <wcet number="1">50</wcet>
            <maxpow number="0.6612198135799467"/>
            <maxpow number="0.6612198135799467"/>
            <fprob>0.0</fprob>
        </actor>
        <actor name="D0N10">
            <wcet number="0">10</wcet>
            <wcet number="1">10</wcet>
            <maxpow number="0.7787772009698166"/>
            <maxpow number="0.7787772009698166"/>
            <fprob>0.0</fprob>
        </actor>
        <actor name="D0N42">
            <wcet number="0">20</wcet>
            <wcet number="1">30</wcet>
            <maxpow number="0.7625643828170495"/>
            <maxpow number="0.7625643828170495"/>
            <fprob>0.0</fprob>
        </actor>
        <actor name="D0N30">
            <wcet number="0">150</wcet>
            <wcet number="1">160</wcet>
            <maxpow number="0.4640654985745943"/>
            <maxpow number="0.4640654985745943"/>
            <fprob>0.0</fprob>
        </actor>
        <actor name="D0N44">
            <wcet number="0">10</wcet>
            <wcet number="1">120</wcet>
            <maxpow number="0.3533065038991962"/>
            <maxpow number="0.3533065038991962"/>
            <fprob>0.0</fprob>
        </actor>
        <actor name="D0N38">
            <wcet number="0">10</wcet>
            <wcet number="1">20</wcet>
            <maxpow number="0.4738684814151264"/>
            <maxpow number="0.4738684814151264"/>
            <fprob>0.0</fprob>
        </actor>
        <actor name="D0N13">
            <wcet number="0">30</wcet>
            <wcet number="1">30</wcet>
            <maxpow number="0.5279409709570998"/>
            <maxpow number="0.5279409709570998"/>
            <fprob>0.0</fprob>
        </actor>
        <actor name="D0N11">
            <wcet number="0">10</wcet>
            <wcet number="1">10</wcet>
            <maxpow number="0.598314445039129"/>
            <maxpow number="0.598314445039129"/>
            <fprob>0.0</fprob>
        </actor>
        <actor name="D0N4">
            <wcet number="0">20</wcet>
            <wcet number="1">20</wcet>
            <maxpow number="0.5552183077073829"/>
            <maxpow number="0.5552183077073829"/>
            <fprob>0.0</fprob>
        </actor>
        <actor name="D0N21">
            <wcet number="0">10</wcet>
            <wcet number="1">70</wcet>
            <maxpow number="0.45360857617090533"/>
            <maxpow number="0.45360857617090533"/>
            <fprob>0.0</fprob>
        </actor>
        <actor name="D0N24">
            <wcet number="0">20</wcet>
            <wcet number="1">20</wcet>
            <maxpow number="0.2687491131800989"/>
            <maxpow number="0.2687491131800989"/>
            <fprob>0.0</fprob>
        </actor>
        <actor name="D0N36">
            <wcet number="0">30</wcet>
            <wcet number="1">30</wcet>
            <maxpow number="0.38186110630795145"/>
            <maxpow number="0.38186110630795145"/>
            <fprob>0.0</fprob>
        </actor>
        <actor name="D0N33">
            <wcet number="0">80</wcet>
            <wcet number="1">110</wcet>
            <maxpow number="0.7991395519422454"/>
            <maxpow number="0.7991395519422454"/>
            <fprob>0.0</fprob>
        </actor>
        <actor name="D0N40">
            <wcet number="0">40</wcet>
            <wcet number="1">80</wcet>
            <maxpow number="0.47606286055544794"/>
            <maxpow number="0.47606286055544794"/>
            <fprob>0.0</fprob>
        </actor>
        <actor name="D0N17">
            <wcet number="0">10</wcet>
            <wcet number="1">10</wcet>
            <maxpow number="0.35103397435718436"/>
            <maxpow number="0.35103397435718436"/>
            <fprob>0.0</fprob>
        </actor>
        <actor name="D0N27">
            <wcet number="0">10</wcet>
            <wcet number="1">10</wcet>
            <maxpow number="0.8432881210454952"/>
            <maxpow number="0.8432881210454952"/>
            <fprob>0.0</fprob>
        </actor>
        <actor name="D0N29">
            <wcet number="0">60</wcet>
            <wcet number="1">60</wcet>
            <maxpow number="0.6816873783445386"/>
            <maxpow number="0.6816873783445386"/>
            <fprob>0.0</fprob>
        </actor>
        <actor name="D0N34">
            <wcet number="0">10</wcet>
            <wcet number="1">50</wcet>
            <maxpow number="0.4509069142051404"/>
            <maxpow number="0.4509069142051404"/>
            <fprob>0.0</fprob>
        </actor>
        <actor name="D0N22">
            <wcet number="0">30</wcet>
            <wcet number="1">90</wcet>
            <maxpow number="0.6486867478678754"/>
            <maxpow number="0.6486867478678754"/>
            <fprob>0.0</fprob>
        </actor>
        <actor name="D0N8">
            <wcet number="0">20</wcet>
            <wcet number="1">20</wcet>
            <maxpow number="0.7136989424611951"/>
            <maxpow number="0.7136989424611951"/>
            <fprob>0.0</fprob>
        </actor>
        <actor name="D0N9">
            <wcet number="0">10</wcet>
            <wcet number="1">10</wcet>
            <maxpow number="0.5257777909176855"/>
            <maxpow number="0.5257777909176855"/>
            <fprob>0.0</fprob>
        </actor>
        <actor name="D0N6">
            <wcet number="0">30</wcet>
            <wcet number="1">40</wcet>
            <maxpow number="0.9013549149754738"/>
            <maxpow number="0.9013549149754738"/>
            <fprob>0.0</fprob>
        </actor>
        <actor name="D0N18">
            <wcet number="0">50</wcet>
            <wcet number="1">50</wcet>
            <maxpow number="0.43745949282521684"/>
            <maxpow number="0.43745949282521684"/>
            <fprob>0.0</fprob>
        </actor>
        <actor name="D0N32">
            <wcet number="0">140</wcet>
            <wcet number="1">180</wcet>
            <maxpow number="0.4117165094431294"/>
            <maxpow number="0.4117165094431294"/>
            <fprob>0.0</fprob>
        </actor>
        <actor name="D0N41">
            <wcet number="0">20</wcet>
            <wcet number="1">20</wcet>
            <maxpow number="0.4787315562431971"/>
            <maxpow number="0.4787315562431971"/>
            <fprob>0.0</fprob>
        </actor>
        <actor name="D0N7">
            <wcet number="0">40</wcet>
            <wcet number="1">40</wcet>
            <maxpow number="0.7314648609558393"/>
            <maxpow number="0.7314648609558393"/>
            <fprob>0.0</fprob>
        </actor>
        <actor name="D0N26">
            <wcet number="0">10</wcet>
            <wcet number="1">10</wcet>
            <maxpow number="0.4376722795801706"/>
            <maxpow number="0.4376722795801706"/>
            <fprob>0.0</fprob>
        </actor>
        <actor name="D0N2">
            <wcet number="0">10</wcet>
            <wcet number="1">80</wcet>
            <maxpow number="0.5178985233477138"/>
            <maxpow number="0.5178985233477138"/>
            <fprob>0.0</fprob>
        </actor>
        <actor name="D0N12">
            <wcet number="0">10</wcet>
            <wcet number="1">10</wcet>
            <maxpow number="0.6373772573603941"/>
            <maxpow number="0.6373772573603941"/>
            <fprob>0.0</fprob>
        </actor>
        <actor name="D0N14">
            <wcet number="0">20</wcet>
            <wcet number="1">20</wcet>
            <maxpow number="0.6117231595560053"/>
            <maxpow number="0.6117231595560053"/>
            <fprob>0.0</fprob>
        </actor>
        <actor name="D0N16">
            <wcet number="0">50</wcet>
            <wcet number="1">60</wcet>
            <maxpow number="0.1462064729569304"/>
            <maxpow number="0.1462064729569304"/>
            <fprob>0.0</fprob>
        </actor>
        <actor name="D0N1">
            <wcet number="0">10</wcet>
            <wcet number="1">10</wcet>
            <maxpow number="0.482879521826937"/>
            <maxpow number="0.482879521826937"/>
            <fprob>0.0</fprob>
        </actor>
        <actor name="D0N39">
            <wcet number="0">10</wcet>
            <wcet number="1">10</wcet>
            <maxpow number="0.9259532561650211"/>
            <maxpow number="0.9259532561650211"/>
            <fprob>0.0</fprob>
        </actor>
        <actor name="D0N25">
            <wcet number="0">20</wcet>
            <wcet number="1">150</wcet>
            <maxpow number="0.47153433522621385"/>
            <maxpow number="0.47153433522621385"/>
            <fprob>0.0</fprob>
        </actor>
        <actor name="D0N37">
            <wcet number="0">30</wcet>
            <wcet number="1">30</wcet>
            <maxpow number="0.32099468335058323"/>
            <maxpow number="0.32099468335058323"/>
            <fprob>0.0</fprob>
        </actor>
        <actor name="D0N0">
            <wcet number="0">10</wcet>
            <wcet number="1">20</wcet>
            <maxpow number="0.2917639281281651"/>
            <maxpow number="0.2917639281281651"/>
            <fprob>0.0</fprob>
        </actor>
        <actor name="D0N5">
            <wcet number="0">90</wcet>
            <wcet number="1">90</wcet>
            <maxpow number="0.60040069226432"/>
            <maxpow number="0.60040069226432"/>
            <fprob>0.0</fprob>
        </actor>
        <ports>
            <port dstActor="D0N18" name="p0" srcActor="D0N15"/>
            <port dstActor="D0N20" name="p1" srcActor="D0N15"/>
            <port dstActor="D0N33" name="p2" srcActor="D0N15"/>
            <port dstActor="D0N27" name="p3" srcActor="D0N15"/>
            <port dstActor="D0N31" name="p4" srcActor="D0N28"/>
            <port dstActor="D0N32" name="p5" srcActor="D0N28"/>
            <port dstActor="D0N39" name="p6" srcActor="D0N28"/>
            <port dstActor="D0N29" name="p7" srcActor="D0N23"/>
            <port dstActor="D0N41" name="p8" srcActor="D0N23"/>
            <port dstActor="D0N44" name="p9" srcActor="D0N43"/>
            <port dstActor="D0N41" name="p10" srcActor="D0N19"/>
            <port dstActor="D0N33" name="p11" srcActor="D0N19"/>
            <port dstActor="D0N41" name="p12" srcActor="D0N20"/>
            <port dstActor="D0N43" name="p13" srcActor="D0N20"/>
            <port dstActor="D0N26" name="p14" srcActor="D0N20"/>
            <port dstActor="D0N23" name="p15" srcActor="D0N3"/>
            <port dstActor="D0N20" name="p16" srcActor="D0N3"/>
            <port dstActor="D0N16" name="p17" srcActor="D0N3"/>
            <port dstActor="D0N41" name="p18" srcActor="D0N31"/>
            <port dstActor="D0N44" name="p19" srcActor="D0N10"/>
            <port dstActor="D0N22" name="p20" srcActor="D0N10"/>
            <port dstActor="D0N42" name="p21" srcActor="D0N10"/>
            <port dstActor="D0N11" name="p22" srcActor="D0N10"/>
            <port dstActor="D0N43" name="p23" srcActor="D0N38"/>
            <port dstActor="D0N27" name="p24" srcActor="D0N13"/>
            <port dstActor="D0N21" name="p25" srcActor="D0N13"/>
            <port dstActor="D0N37" name="p26" srcActor="D0N13"/>
            <port dstActor="D0N39" name="p27" srcActor="D0N13"/>
            <port dstActor="D0N29" name="p28" srcActor="D0N11"/>
            <port dstActor="D0N18" name="p29" srcActor="D0N11"/>
            <port dstActor="D0N39" name="p30" srcActor="D0N11"/>
            <port dstActor="D0N41" name="p31" srcActor="D0N11"/>
            <port dstActor="D0N18" name="p32" srcActor="D0N4"/>
            <port dstActor="D0N42" name="p33" srcActor="D0N4"/>
            <port dstActor="D0N29" name="p34" srcActor="D0N4"/>
            <port dstActor="D0N39" name="p35" srcActor="D0N24"/>
            <port dstActor="D0N36" name="p36" srcActor="D0N24"/>
            <port dstActor="D0N44" name="p37" srcActor="D0N36"/>
            <port dstActor="D0N40" name="p38" srcActor="D0N33"/>
            <port dstActor="D0N41" name="p39" srcActor="D0N40"/>
            <port dstActor="D0N22" name="p40" srcActor="D0N17"/>
            <port dstActor="D0N20" name="p41" srcActor="D0N17"/>
            <port dstActor="D0N39" name="p42" srcActor="D0N17"/>
            <port dstActor="D0N25" name="p43" srcActor="D0N17"/>
            <port dstActor="D0N35" name="p44" srcActor="D0N27"/>
            <port dstActor="D0N34" name="p45" srcActor="D0N22"/>
            <port dstActor="D0N18" name="p46" srcActor="D0N8"/>
            <port dstActor="D0N34" name="p47" srcActor="D0N9"/>
            <port dstActor="D0N17" name="p48" srcActor="D0N9"/>
            <port dstActor="D0N22" name="p49" srcActor="D0N9"/>
            <port dstActor="D0N43" name="p50" srcActor="D0N9"/>
            <port dstActor="D0N13" name="p51" srcActor="D0N9"/>
            <port dstActor="D0N44" name="p52" srcActor="D0N6"/>
            <port dstActor="D0N13" name="p53" srcActor="D0N6"/>
            <port dstActor="D0N30" name="p54" srcActor="D0N6"/>
            <port dstActor="D0N38" name="p55" srcActor="D0N6"/>
            <port dstActor="D0N20" name="p56" srcActor="D0N18"/>
            <port dstActor="D0N24" name="p57" srcActor="D0N18"/>
            <port dstActor="D0N42" name="p58" srcActor="D0N7"/>
            <port dstActor="D0N13" name="p59" srcActor="D0N7"/>
            <port dstActor="D0N33" name="p60" srcActor="D0N26"/>
            <port dstActor="D0N43" name="p61" srcActor="D0N26"/>
            <port dstActor="D0N9" name="p62" srcActor="D0N2"/>
            <port dstActor="D0N14" name="p63" srcActor="D0N2"/>
            <port dstActor="D0N10" name="p64" srcActor="D0N2"/>
            <port dstActor="D0N38" name="p65" srcActor="D0N2"/>
            <port dstActor="D0N22" name="p66" srcActor="D0N2"/>
            <port dstActor="D0N17" name="p67" srcActor="D0N2"/>
            <port dstActor="D0N24" name="p68" srcActor="D0N2"/>
            <port dstActor="D0N23" name="p69" srcActor="D0N12"/>
            <port dstActor="D0N21" name="p70" srcActor="D0N12"/>
            <port dstActor="D0N29" name="p71" srcActor="D0N12"/>
            <port dstActor="D0N18" name="p72" srcActor="D0N14"/>
            <port dstActor="D0N32" name="p73" srcActor="D0N14"/>
            <port dstActor="D0N38" name="p74" srcActor="D0N14"/>
            <port dstActor="D0N41" name="p75" srcActor="D0N14"/>
            <port dstActor="D0N23" name="p76" srcActor="D0N14"/>
            <port dstActor="D0N23" name="p77" srcActor="D0N16"/>
            <port dstActor="D0N24" name="p78" srcActor="D0N16"/>
            <port dstActor="D0N44" name="p79" srcActor="D0N16"/>
            <port dstActor="D0N33" name="p80" srcActor="D0N1"/>
            <port dstActor="D0N36" name="p81" srcActor="D0N1"/>
            <port dstActor="D0N15" name="p82" srcActor="D0N1"/>
            <port dstActor="D0N44" name="p83" srcActor="D0N39"/>
            <port dstActor="D0N34" name="p84" srcActor="D0N25"/>
            <port dstActor="D0N39" name="p85" srcActor="D0N25"/>
            <port dstActor="D0N39" name="p86" srcActor="D0N37"/>
            <port dstActor="D0N33" name="p87" srcActor="D0N0"/>
            <port dstActor="D0N42" name="p88" srcActor="D0N0"/>
            <port dstActor="D0N43" name="p89" srcActor="D0N0"/>
            <port dstActor="D0N30" name="p90" srcActor="D0N0"/>
            <port dstActor="D0N1" name="p91" srcActor="D0N0"/>
            <port dstActor="D0N7" name="p92" srcActor="D0N0"/>
            <port dstActor="D0N9" name="p93" srcActor="D0N0"/>
            <port dstActor="D0N40" name="p94" srcActor="D0N0"/>
            <port dstActor="D0N22" name="p95" srcActor="D0N0"/>
            <port dstActor="D0N2" name="p96" srcActor="D0N0"/>
            <port dstActor="D0N41" name="p97" srcActor="D0N5"/>
            <port dstActor="D0N22" name="p98" srcActor="D0N5"/>
            <port dstActor="D0N18" name="p99" srcActor="D0N5"/>
            <port dstActor="D0N27" name="p100" srcActor="D0N5"/>
            <port dstActor="D0N10" name="p101" srcActor="D0N5"/>
        </ports>
    </mcdag>
    <cores number="3"/>
    <levels number="2"/>
</mcsystem>
