<?xml version="1.0" encoding="UTF-8" standalone="no"?>
<mcsystem>
    <mcdag deadline="3000" name="genned-0-ed-10.0-0">
        <actor name="D0N16">
            <wcet number="0">100</wcet>
            <wcet number="1">150</wcet>
            <maxpow number="0.9663521996220801"/>
            <maxpow number="0.9663521996220801"/>
            <fprob>0.0</fprob>
        </actor>
        <actor name="D0N44">
            <wcet number="0">130</wcet>
            <wcet number="1">130</wcet>
            <maxpow number="-0.015986340078782968"/>
            <maxpow number="-0.015986340078782968"/>
            <fprob>0.0</fprob>
        </actor>
        <actor name="D0N15">
            <wcet number="0">10</wcet>
            <wcet number="1">110</wcet>
            <maxpow number="0.674218401117353"/>
            <maxpow number="0.674218401117353"/>
            <fprob>0.0</fprob>
        </actor>
        <actor name="D0N24">
            <wcet number="0">10</wcet>
            <wcet number="1">80</wcet>
            <maxpow number="0.5707050464434157"/>
            <maxpow number="0.5707050464434157"/>
            <fprob>0.0</fprob>
        </actor>
        <actor name="D0N17">
            <wcet number="0">40</wcet>
            <wcet number="1">40</wcet>
            <maxpow number="0.5083849572577586"/>
            <maxpow number="0.5083849572577586"/>
            <fprob>0.0</fprob>
        </actor>
        <actor name="D0N40">
            <wcet number="0">160</wcet>
            <wcet number="1">350</wcet>
            <maxpow number="0.3588611132258952"/>
            <maxpow number="0.3588611132258952"/>
            <fprob>0.0</fprob>
        </actor>
        <actor name="D0N49">
            <wcet number="0">10</wcet>
            <wcet number="1">40</wcet>
            <maxpow number="0.6798536350292005"/>
            <maxpow number="0.6798536350292005"/>
            <fprob>0.0</fprob>
        </actor>
        <actor name="D0N34">
            <wcet number="0">10</wcet>
            <wcet number="1">10</wcet>
            <maxpow number="0.35936626732498095"/>
            <maxpow number="0.35936626732498095"/>
            <fprob>0.0</fprob>
        </actor>
        <actor name="D0N28">
            <wcet number="0">170</wcet>
            <wcet number="1">180</wcet>
            <maxpow number="0.31465382458814944"/>
            <maxpow number="0.31465382458814944"/>
            <fprob>0.0</fprob>
        </actor>
        <actor name="D0N30">
            <wcet number="0">90</wcet>
            <wcet number="1">170</wcet>
            <maxpow number="0.5619935428077323"/>
            <maxpow number="0.5619935428077323"/>
            <fprob>0.0</fprob>
        </actor>
        <actor name="D0N46">
            <wcet number="0">680</wcet>
            <wcet number="1">740</wcet>
            <maxpow number="0.4918407856959469"/>
            <maxpow number="0.4918407856959469"/>
            <fprob>0.0</fprob>
        </actor>
        <actor name="D0N12">
            <wcet number="0">20</wcet>
            <wcet number="1">30</wcet>
            <maxpow number="0.3657749643576789"/>
            <maxpow number="0.3657749643576789"/>
            <fprob>0.0</fprob>
        </actor>
        <actor name="D0N18">
            <wcet number="0">60</wcet>
            <wcet number="1">250</wcet>
            <maxpow number="0.6874996295875201"/>
            <maxpow number="0.6874996295875201"/>
            <fprob>0.0</fprob>
        </actor>
        <actor name="D0N5">
            <wcet number="0">480</wcet>
            <wcet number="1">530</wcet>
            <maxpow number="0.7171971565669698"/>
            <maxpow number="0.7171971565669698"/>
            <fprob>0.0</fprob>
        </actor>
        <actor name="D0N9">
            <wcet number="0">80</wcet>
            <wcet number="1">160</wcet>
            <maxpow number="0.5506862155228691"/>
            <maxpow number="0.5506862155228691"/>
            <fprob>0.0</fprob>
        </actor>
        <actor name="D0N6">
            <wcet number="0">120</wcet>
            <wcet number="1">140</wcet>
            <maxpow number="0.7766429283963419"/>
            <maxpow number="0.7766429283963419"/>
            <fprob>0.0</fprob>
        </actor>
        <actor name="D0N35">
            <wcet number="0">10</wcet>
            <wcet number="1">10</wcet>
            <maxpow number="0.6849978836269721"/>
            <maxpow number="0.6849978836269721"/>
            <fprob>0.0</fprob>
        </actor>
        <actor name="D0N19">
            <wcet number="0">10</wcet>
            <wcet number="1">20</wcet>
            <maxpow number="0.6967802416008663"/>
            <maxpow number="0.6967802416008663"/>
            <fprob>0.0</fprob>
        </actor>
        <actor name="D0N29">
            <wcet number="0">40</wcet>
            <wcet number="1">130</wcet>
            <maxpow number="0.289519370748289"/>
            <maxpow number="0.289519370748289"/>
            <fprob>0.0</fprob>
        </actor>
        <actor name="D0N41">
            <wcet number="0">10</wcet>
            <wcet number="1">30</wcet>
            <maxpow number="0.44081861232741293"/>
            <maxpow number="0.44081861232741293"/>
            <fprob>0.0</fprob>
        </actor>
        <actor name="D0N2">
            <wcet number="0">20</wcet>
            <wcet number="1">90</wcet>
            <maxpow number="0.7297988196407649"/>
            <maxpow number="0.7297988196407649"/>
            <fprob>0.0</fprob>
        </actor>
        <actor name="D0N0">
            <wcet number="0">60</wcet>
            <wcet number="1">110</wcet>
            <maxpow number="0.3439905972369878"/>
            <maxpow number="0.3439905972369878"/>
            <fprob>0.0</fprob>
        </actor>
        <actor name="D0N23">
            <wcet number="0">30</wcet>
            <wcet number="1">160</wcet>
            <maxpow number="0.5097416068328993"/>
            <maxpow number="0.5097416068328993"/>
            <fprob>0.0</fprob>
        </actor>
        <actor name="D0N48">
            <wcet number="0">420</wcet>
            <wcet number="1">550</wcet>
            <maxpow number="0.7521824919107455"/>
            <maxpow number="0.7521824919107455"/>
            <fprob>0.0</fprob>
        </actor>
        <actor name="D0N43">
            <wcet number="0">30</wcet>
            <wcet number="1">130</wcet>
            <maxpow number="0.6779176186406711"/>
            <maxpow number="0.6779176186406711"/>
            <fprob>0.0</fprob>
        </actor>
        <actor name="D0N11">
            <wcet number="0">10</wcet>
            <wcet number="1">60</wcet>
            <maxpow number="0.5882352144526597"/>
            <maxpow number="0.5882352144526597"/>
            <fprob>0.0</fprob>
        </actor>
        <actor name="D0N3">
            <wcet number="0">50</wcet>
            <wcet number="1">110</wcet>
            <maxpow number="0.220461237102685"/>
            <maxpow number="0.220461237102685"/>
            <fprob>0.0</fprob>
        </actor>
        <actor name="D0N25">
            <wcet number="0">10</wcet>
            <wcet number="1">20</wcet>
            <maxpow number="0.4953832015101294"/>
            <maxpow number="0.4953832015101294"/>
            <fprob>0.0</fprob>
        </actor>
        <actor name="D0N37">
            <wcet number="0">10</wcet>
            <wcet number="1">90</wcet>
            <maxpow number="0.4043489264907392"/>
            <maxpow number="0.4043489264907392"/>
            <fprob>0.0</fprob>
        </actor>
        <actor name="D0N31">
            <wcet number="0">20</wcet>
            <wcet number="1">20</wcet>
            <maxpow number="0.4377707427512626"/>
            <maxpow number="0.4377707427512626"/>
            <fprob>0.0</fprob>
        </actor>
        <actor name="D0N4">
            <wcet number="0">10</wcet>
            <wcet number="1">10</wcet>
            <maxpow number="0.6183467690094148"/>
            <maxpow number="0.6183467690094148"/>
            <fprob>0.0</fprob>
        </actor>
        <actor name="D0N45">
            <wcet number="0">160</wcet>
            <wcet number="1">330</wcet>
            <maxpow number="0.46983438980172987"/>
            <maxpow number="0.46983438980172987"/>
            <fprob>0.0</fprob>
        </actor>
        <actor name="D0N47">
            <wcet number="0">30</wcet>
            <wcet number="1">280</wcet>
            <maxpow number="0.8479217205426791"/>
            <maxpow number="0.8479217205426791"/>
            <fprob>0.0</fprob>
        </actor>
        <actor name="D0N7">
            <wcet number="0">100</wcet>
            <wcet number="1">390</wcet>
            <maxpow number="0.6524095550398543"/>
            <maxpow number="0.6524095550398543"/>
            <fprob>0.0</fprob>
        </actor>
        <actor name="D0N14">
            <wcet number="0">90</wcet>
            <wcet number="1">240</wcet>
            <maxpow number="0.5443080780469208"/>
            <maxpow number="0.5443080780469208"/>
            <fprob>0.0</fprob>
        </actor>
        <actor name="D0N39">
            <wcet number="0">60</wcet>
            <wcet number="1">360</wcet>
            <maxpow number="0.5407029109224654"/>
            <maxpow number="0.5407029109224654"/>
            <fprob>0.0</fprob>
        </actor>
        <actor name="D0N1">
            <wcet number="0">10</wcet>
            <wcet number="1">150</wcet>
            <maxpow number="0.49718872440804557"/>
            <maxpow number="0.49718872440804557"/>
            <fprob>0.0</fprob>
        </actor>
        <actor name="D0N8">
            <wcet number="0">30</wcet>
            <wcet number="1">80</wcet>
            <maxpow number="0.7424700015438768"/>
            <maxpow number="0.7424700015438768"/>
            <fprob>0.0</fprob>
        </actor>
        <actor name="D0N38">
            <wcet number="0">40</wcet>
            <wcet number="1">110</wcet>
            <maxpow number="0.4805122634810918"/>
            <maxpow number="0.4805122634810918"/>
            <fprob>0.0</fprob>
        </actor>
        <actor name="D0N20">
            <wcet number="0">40</wcet>
            <wcet number="1">40</wcet>
            <maxpow number="0.3066545553191325"/>
            <maxpow number="0.3066545553191325"/>
            <fprob>0.0</fprob>
        </actor>
        <actor name="D0N13">
            <wcet number="0">60</wcet>
            <wcet number="1">60</wcet>
            <maxpow number="0.3673118802950036"/>
            <maxpow number="0.3673118802950036"/>
            <fprob>0.0</fprob>
        </actor>
        <actor name="D0N22">
            <wcet number="0">170</wcet>
            <wcet number="1">420</wcet>
            <maxpow number="0.49462916944916646"/>
            <maxpow number="0.49462916944916646"/>
            <fprob>0.0</fprob>
        </actor>
        <actor name="D0N42">
            <wcet number="0">10</wcet>
            <wcet number="1">50</wcet>
            <maxpow number="0.567926196153774"/>
            <maxpow number="0.567926196153774"/>
            <fprob>0.0</fprob>
        </actor>
        <actor name="D0N27">
            <wcet number="0">20</wcet>
            <wcet number="1">70</wcet>
            <maxpow number="0.5302370306562846"/>
            <maxpow number="0.5302370306562846"/>
            <fprob>0.0</fprob>
        </actor>
        <actor name="D0N21">
            <wcet number="0">110</wcet>
            <wcet number="1">320</wcet>
            <maxpow number="0.8058167877269586"/>
            <maxpow number="0.8058167877269586"/>
            <fprob>0.0</fprob>
        </actor>
        <actor name="D0N33">
            <wcet number="0">60</wcet>
            <wcet number="1">70</wcet>
            <maxpow number="0.5615766146259703"/>
            <maxpow number="0.5615766146259703"/>
            <fprob>0.0</fprob>
        </actor>
        <actor name="D0N32">
            <wcet number="0">40</wcet>
            <wcet number="1">80</wcet>
            <maxpow number="0.7038229743882258"/>
            <maxpow number="0.7038229743882258"/>
            <fprob>0.0</fprob>
        </actor>
        <actor name="D0N10">
            <wcet number="0">40</wcet>
            <wcet number="1">40</wcet>
            <maxpow number="0.6334068215220362"/>
            <maxpow number="0.6334068215220362"/>
            <fprob>0.0</fprob>
        </actor>
        <actor name="D0N26">
            <wcet number="0">20</wcet>
            <wcet number="1">50</wcet>
            <maxpow number="0.5184973786717608"/>
            <maxpow number="0.5184973786717608"/>
            <fprob>0.0</fprob>
        </actor>
        <actor name="D0N36">
            <wcet number="0">10</wcet>
            <wcet number="1">10</wcet>
            <maxpow number="0.36218713022874105"/>
            <maxpow number="0.36218713022874105"/>
            <fprob>0.0</fprob>
        </actor>
        <ports>
            <port dstActor="D0N39" name="p0" srcActor="D0N16"/>
            <port dstActor="D0N20" name="p1" srcActor="D0N16"/>
            <port dstActor="D0N21" name="p2" srcActor="D0N15"/>
            <port dstActor="D0N33" name="p3" srcActor="D0N24"/>
            <port dstActor="D0N43" name="p4" srcActor="D0N24"/>
            <port dstActor="D0N34" name="p5" srcActor="D0N24"/>
            <port dstActor="D0N38" name="p6" srcActor="D0N24"/>
            <port dstActor="D0N26" name="p7" srcActor="D0N17"/>
            <port dstActor="D0N23" name="p8" srcActor="D0N17"/>
            <port dstActor="D0N31" name="p9" srcActor="D0N17"/>
            <port dstActor="D0N22" name="p10" srcActor="D0N17"/>
            <port dstActor="D0N47" name="p11" srcActor="D0N40"/>
            <port dstActor="D0N49" name="p12" srcActor="D0N28"/>
            <port dstActor="D0N13" name="p13" srcActor="D0N12"/>
            <port dstActor="D0N25" name="p14" srcActor="D0N12"/>
            <port dstActor="D0N29" name="p15" srcActor="D0N12"/>
            <port dstActor="D0N46" name="p16" srcActor="D0N12"/>
            <port dstActor="D0N32" name="p17" srcActor="D0N18"/>
            <port dstActor="D0N24" name="p18" srcActor="D0N18"/>
            <port dstActor="D0N36" name="p19" srcActor="D0N5"/>
            <port dstActor="D0N19" name="p20" srcActor="D0N5"/>
            <port dstActor="D0N22" name="p21" srcActor="D0N5"/>
            <port dstActor="D0N16" name="p22" srcActor="D0N5"/>
            <port dstActor="D0N26" name="p23" srcActor="D0N5"/>
            <port dstActor="D0N38" name="p24" srcActor="D0N9"/>
            <port dstActor="D0N49" name="p25" srcActor="D0N9"/>
            <port dstActor="D0N15" name="p26" srcActor="D0N9"/>
            <port dstActor="D0N12" name="p27" srcActor="D0N9"/>
            <port dstActor="D0N22" name="p28" srcActor="D0N9"/>
            <port dstActor="D0N49" name="p29" srcActor="D0N6"/>
            <port dstActor="D0N41" name="p30" srcActor="D0N6"/>
            <port dstActor="D0N48" name="p31" srcActor="D0N6"/>
            <port dstActor="D0N19" name="p32" srcActor="D0N6"/>
            <port dstActor="D0N26" name="p33" srcActor="D0N19"/>
            <port dstActor="D0N28" name="p34" srcActor="D0N19"/>
            <port dstActor="D0N49" name="p35" srcActor="D0N29"/>
            <port dstActor="D0N22" name="p36" srcActor="D0N2"/>
            <port dstActor="D0N15" name="p37" srcActor="D0N2"/>
            <port dstActor="D0N11" name="p38" srcActor="D0N2"/>
            <port dstActor="D0N44" name="p39" srcActor="D0N2"/>
            <port dstActor="D0N4" name="p40" srcActor="D0N2"/>
            <port dstActor="D0N37" name="p41" srcActor="D0N0"/>
            <port dstActor="D0N28" name="p42" srcActor="D0N0"/>
            <port dstActor="D0N1" name="p43" srcActor="D0N0"/>
            <port dstActor="D0N19" name="p44" srcActor="D0N0"/>
            <port dstActor="D0N43" name="p45" srcActor="D0N23"/>
            <port dstActor="D0N31" name="p46" srcActor="D0N23"/>
            <port dstActor="D0N24" name="p47" srcActor="D0N23"/>
            <port dstActor="D0N41" name="p48" srcActor="D0N23"/>
            <port dstActor="D0N34" name="p49" srcActor="D0N23"/>
            <port dstActor="D0N40" name="p50" srcActor="D0N23"/>
            <port dstActor="D0N18" name="p51" srcActor="D0N11"/>
            <port dstActor="D0N17" name="p52" srcActor="D0N11"/>
            <port dstActor="D0N19" name="p53" srcActor="D0N11"/>
            <port dstActor="D0N26" name="p54" srcActor="D0N3"/>
            <port dstActor="D0N7" name="p55" srcActor="D0N3"/>
            <port dstActor="D0N44" name="p56" srcActor="D0N3"/>
            <port dstActor="D0N35" name="p57" srcActor="D0N3"/>
            <port dstActor="D0N34" name="p58" srcActor="D0N3"/>
            <port dstActor="D0N34" name="p59" srcActor="D0N25"/>
            <port dstActor="D0N43" name="p60" srcActor="D0N25"/>
            <port dstActor="D0N49" name="p61" srcActor="D0N25"/>
            <port dstActor="D0N40" name="p62" srcActor="D0N37"/>
            <port dstActor="D0N11" name="p63" srcActor="D0N4"/>
            <port dstActor="D0N7" name="p64" srcActor="D0N4"/>
            <port dstActor="D0N27" name="p65" srcActor="D0N4"/>
            <port dstActor="D0N38" name="p66" srcActor="D0N4"/>
            <port dstActor="D0N30" name="p67" srcActor="D0N4"/>
            <port dstActor="D0N39" name="p68" srcActor="D0N4"/>
            <port dstActor="D0N41" name="p69" srcActor="D0N4"/>
            <port dstActor="D0N15" name="p70" srcActor="D0N4"/>
            <port dstActor="D0N31" name="p71" srcActor="D0N4"/>
            <port dstActor="D0N36" name="p72" srcActor="D0N4"/>
            <port dstActor="D0N42" name="p73" srcActor="D0N4"/>
            <port dstActor="D0N49" name="p74" srcActor="D0N47"/>
            <port dstActor="D0N18" name="p75" srcActor="D0N7"/>
            <port dstActor="D0N49" name="p76" srcActor="D0N7"/>
            <port dstActor="D0N39" name="p77" srcActor="D0N7"/>
            <port dstActor="D0N9" name="p78" srcActor="D0N7"/>
            <port dstActor="D0N23" name="p79" srcActor="D0N14"/>
            <port dstActor="D0N34" name="p80" srcActor="D0N14"/>
            <port dstActor="D0N44" name="p81" srcActor="D0N39"/>
            <port dstActor="D0N16" name="p82" srcActor="D0N1"/>
            <port dstActor="D0N19" name="p83" srcActor="D0N1"/>
            <port dstActor="D0N9" name="p84" srcActor="D0N1"/>
            <port dstActor="D0N35" name="p85" srcActor="D0N1"/>
            <port dstActor="D0N27" name="p86" srcActor="D0N8"/>
            <port dstActor="D0N16" name="p87" srcActor="D0N8"/>
            <port dstActor="D0N17" name="p88" srcActor="D0N8"/>
            <port dstActor="D0N42" name="p89" srcActor="D0N38"/>
            <port dstActor="D0N44" name="p90" srcActor="D0N38"/>
            <port dstActor="D0N23" name="p91" srcActor="D0N20"/>
            <port dstActor="D0N27" name="p92" srcActor="D0N20"/>
            <port dstActor="D0N33" name="p93" srcActor="D0N13"/>
            <port dstActor="D0N43" name="p94" srcActor="D0N13"/>
            <port dstActor="D0N44" name="p95" srcActor="D0N13"/>
            <port dstActor="D0N29" name="p96" srcActor="D0N13"/>
            <port dstActor="D0N49" name="p97" srcActor="D0N42"/>
            <port dstActor="D0N43" name="p98" srcActor="D0N27"/>
            <port dstActor="D0N35" name="p99" srcActor="D0N21"/>
            <port dstActor="D0N36" name="p100" srcActor="D0N21"/>
            <port dstActor="D0N46" name="p101" srcActor="D0N21"/>
            <port dstActor="D0N23" name="p102" srcActor="D0N21"/>
            <port dstActor="D0N29" name="p103" srcActor="D0N21"/>
            <port dstActor="D0N26" name="p104" srcActor="D0N21"/>
            <port dstActor="D0N44" name="p105" srcActor="D0N33"/>
            <port dstActor="D0N35" name="p106" srcActor="D0N32"/>
            <port dstActor="D0N49" name="p107" srcActor="D0N32"/>
            <port dstActor="D0N37" name="p108" srcActor="D0N32"/>
            <port dstActor="D0N36" name="p109" srcActor="D0N32"/>
            <port dstActor="D0N43" name="p110" srcActor="D0N10"/>
            <port dstActor="D0N15" name="p111" srcActor="D0N10"/>
            <port dstActor="D0N30" name="p112" srcActor="D0N10"/>
            <port dstActor="D0N21" name="p113" srcActor="D0N10"/>
            <port dstActor="D0N35" name="p114" srcActor="D0N26"/>
            <port dstActor="D0N29" name="p115" srcActor="D0N26"/>
            <port dstActor="D0N45" name="p116" srcActor="D0N26"/>
        </ports>
    </mcdag>
    <cores number="3"/>
    <levels number="2"/>
</mcsystem>
