<?xml version="1.0" encoding="UTF-8" standalone="no"?>
<mcsystem>
    <mcdag deadline="3000" name="genned-0-ed-10.0-0">
        <actor name="D0N15">
            <wcet number="0">130</wcet>
            <wcet number="1">210</wcet>
            <maxpow number="0.4116578760871491"/>
            <maxpow number="0.4116578760871491"/>
            <fprob>0.0</fprob>
        </actor>
        <actor name="D0N23">
            <wcet number="0">10</wcet>
            <wcet number="1">20</wcet>
            <maxpow number="0.4223303585400421"/>
            <maxpow number="0.4223303585400421"/>
            <fprob>0.0</fprob>
        </actor>
        <actor name="D0N11">
            <wcet number="0">80</wcet>
            <wcet number="1">110</wcet>
            <maxpow number="0.506794427445552"/>
            <maxpow number="0.506794427445552"/>
            <fprob>0.0</fprob>
        </actor>
        <actor name="D0N45">
            <wcet number="0">50</wcet>
            <wcet number="1">70</wcet>
            <maxpow number="0.5141522608778283"/>
            <maxpow number="0.5141522608778283"/>
            <fprob>0.0</fprob>
        </actor>
        <actor name="D0N46">
            <wcet number="0">20</wcet>
            <wcet number="1">30</wcet>
            <maxpow number="0.7207684842161113"/>
            <maxpow number="0.7207684842161113"/>
            <fprob>0.0</fprob>
        </actor>
        <actor name="D0N8">
            <wcet number="0">110</wcet>
            <wcet number="1">130</wcet>
            <maxpow number="0.4473244727397928"/>
            <maxpow number="0.4473244727397928"/>
            <fprob>0.0</fprob>
        </actor>
        <actor name="D0N48">
            <wcet number="0">10</wcet>
            <wcet number="1">160</wcet>
            <maxpow number="0.38909972638139556"/>
            <maxpow number="0.38909972638139556"/>
            <fprob>0.0</fprob>
        </actor>
        <actor name="D0N38">
            <wcet number="0">140</wcet>
            <wcet number="1">230</wcet>
            <maxpow number="0.549340834893703"/>
            <maxpow number="0.549340834893703"/>
            <fprob>0.0</fprob>
        </actor>
        <actor name="D0N4">
            <wcet number="0">10</wcet>
            <wcet number="1">20</wcet>
            <maxpow number="0.8458023635309329"/>
            <maxpow number="0.8458023635309329"/>
            <fprob>0.0</fprob>
        </actor>
        <actor name="D0N13">
            <wcet number="0">20</wcet>
            <wcet number="1">30</wcet>
            <maxpow number="0.44588289260195446"/>
            <maxpow number="0.44588289260195446"/>
            <fprob>0.0</fprob>
        </actor>
        <actor name="D0N24">
            <wcet number="0">20</wcet>
            <wcet number="1">20</wcet>
            <maxpow number="0.769335029370704"/>
            <maxpow number="0.769335029370704"/>
            <fprob>0.0</fprob>
        </actor>
        <actor name="D0N9">
            <wcet number="0">30</wcet>
            <wcet number="1">50</wcet>
            <maxpow number="0.47354435220171487"/>
            <maxpow number="0.47354435220171487"/>
            <fprob>0.0</fprob>
        </actor>
        <actor name="D0N6">
            <wcet number="0">20</wcet>
            <wcet number="1">40</wcet>
            <maxpow number="0.5548943343328462"/>
            <maxpow number="0.5548943343328462"/>
            <fprob>0.0</fprob>
        </actor>
        <actor name="D0N40">
            <wcet number="0">20</wcet>
            <wcet number="1">30</wcet>
            <maxpow number="0.8503374243020394"/>
            <maxpow number="0.8503374243020394"/>
            <fprob>0.0</fprob>
        </actor>
        <actor name="D0N17">
            <wcet number="0">10</wcet>
            <wcet number="1">30</wcet>
            <maxpow number="0.4828364935783983"/>
            <maxpow number="0.4828364935783983"/>
            <fprob>0.0</fprob>
        </actor>
        <actor name="D0N10">
            <wcet number="0">160</wcet>
            <wcet number="1">340</wcet>
            <maxpow number="0.42901323322390794"/>
            <maxpow number="0.42901323322390794"/>
            <fprob>0.0</fprob>
        </actor>
        <actor name="D0N34">
            <wcet number="0">170</wcet>
            <wcet number="1">180</wcet>
            <maxpow number="0.5565613020889982"/>
            <maxpow number="0.5565613020889982"/>
            <fprob>0.0</fprob>
        </actor>
        <actor name="D0N43">
            <wcet number="0">10</wcet>
            <wcet number="1">60</wcet>
            <maxpow number="0.5306323205463832"/>
            <maxpow number="0.5306323205463832"/>
            <fprob>0.0</fprob>
        </actor>
        <actor name="D0N32">
            <wcet number="0">10</wcet>
            <wcet number="1">170</wcet>
            <maxpow number="0.7714172388462327"/>
            <maxpow number="0.7714172388462327"/>
            <fprob>0.0</fprob>
        </actor>
        <actor name="D0N47">
            <wcet number="0">10</wcet>
            <wcet number="1">10</wcet>
            <maxpow number="0.6480985244394629"/>
            <maxpow number="0.6480985244394629"/>
            <fprob>0.0</fprob>
        </actor>
        <actor name="D0N22">
            <wcet number="0">130</wcet>
            <wcet number="1">190</wcet>
            <maxpow number="-0.019633727251240685"/>
            <maxpow number="-0.019633727251240685"/>
            <fprob>0.0</fprob>
        </actor>
        <actor name="D0N28">
            <wcet number="0">40</wcet>
            <wcet number="1">40</wcet>
            <maxpow number="0.5272871214103013"/>
            <maxpow number="0.5272871214103013"/>
            <fprob>0.0</fprob>
        </actor>
        <actor name="D0N33">
            <wcet number="0">10</wcet>
            <wcet number="1">10</wcet>
            <maxpow number="0.8382108369304124"/>
            <maxpow number="0.8382108369304124"/>
            <fprob>0.0</fprob>
        </actor>
        <actor name="D0N18">
            <wcet number="0">270</wcet>
            <wcet number="1">500</wcet>
            <maxpow number="0.41034780021837935"/>
            <maxpow number="0.41034780021837935"/>
            <fprob>0.0</fprob>
        </actor>
        <actor name="D0N35">
            <wcet number="0">40</wcet>
            <wcet number="1">70</wcet>
            <maxpow number="0.3061742116248337"/>
            <maxpow number="0.3061742116248337"/>
            <fprob>0.0</fprob>
        </actor>
        <actor name="D0N41">
            <wcet number="0">30</wcet>
            <wcet number="1">30</wcet>
            <maxpow number="0.4195557963930545"/>
            <maxpow number="0.4195557963930545"/>
            <fprob>0.0</fprob>
        </actor>
        <actor name="D0N44">
            <wcet number="0">10</wcet>
            <wcet number="1">90</wcet>
            <maxpow number="0.9313456997146775"/>
            <maxpow number="0.9313456997146775"/>
            <fprob>0.0</fprob>
        </actor>
        <actor name="D0N27">
            <wcet number="0">10</wcet>
            <wcet number="1">20</wcet>
            <maxpow number="0.7046661399218825"/>
            <maxpow number="0.7046661399218825"/>
            <fprob>0.0</fprob>
        </actor>
        <actor name="D0N26">
            <wcet number="0">10</wcet>
            <wcet number="1">40</wcet>
            <maxpow number="0.720330955781709"/>
            <maxpow number="0.720330955781709"/>
            <fprob>0.0</fprob>
        </actor>
        <actor name="D0N14">
            <wcet number="0">30</wcet>
            <wcet number="1">100</wcet>
            <maxpow number="0.5093110419365527"/>
            <maxpow number="0.5093110419365527"/>
            <fprob>0.0</fprob>
        </actor>
        <actor name="D0N7">
            <wcet number="0">160</wcet>
            <wcet number="1">190</wcet>
            <maxpow number="0.5295083326084767"/>
            <maxpow number="0.5295083326084767"/>
            <fprob>0.0</fprob>
        </actor>
        <actor name="D0N29">
            <wcet number="0">20</wcet>
            <wcet number="1">110</wcet>
            <maxpow number="0.6519550203437314"/>
            <maxpow number="0.6519550203437314"/>
            <fprob>0.0</fprob>
        </actor>
        <actor name="D0N3">
            <wcet number="0">10</wcet>
            <wcet number="1">10</wcet>
            <maxpow number="0.44130844236655353"/>
            <maxpow number="0.44130844236655353"/>
            <fprob>0.0</fprob>
        </actor>
        <actor name="D0N12">
            <wcet number="0">200</wcet>
            <wcet number="1">260</wcet>
            <maxpow number="0.4601448733800285"/>
            <maxpow number="0.4601448733800285"/>
            <fprob>0.0</fprob>
        </actor>
        <actor name="D0N5">
            <wcet number="0">240</wcet>
            <wcet number="1">240</wcet>
            <maxpow number="0.08351108778893829"/>
            <maxpow number="0.08351108778893829"/>
            <fprob>0.0</fprob>
        </actor>
        <actor name="D0N25">
            <wcet number="0">20</wcet>
            <wcet number="1">20</wcet>
            <maxpow number="0.21675369801054045"/>
            <maxpow number="0.21675369801054045"/>
            <fprob>0.0</fprob>
        </actor>
        <actor name="D0N19">
            <wcet number="0">20</wcet>
            <wcet number="1">190</wcet>
            <maxpow number="0.662319147181253"/>
            <maxpow number="0.662319147181253"/>
            <fprob>0.0</fprob>
        </actor>
        <actor name="D0N31">
            <wcet number="0">30</wcet>
            <wcet number="1">30</wcet>
            <maxpow number="0.5357264523566484"/>
            <maxpow number="0.5357264523566484"/>
            <fprob>0.0</fprob>
        </actor>
        <actor name="D0N16">
            <wcet number="0">60</wcet>
            <wcet number="1">70</wcet>
            <maxpow number="0.4559155521753172"/>
            <maxpow number="0.4559155521753172"/>
            <fprob>0.0</fprob>
        </actor>
        <actor name="D0N30">
            <wcet number="0">200</wcet>
            <wcet number="1">210</wcet>
            <maxpow number="0.5492716432335041"/>
            <maxpow number="0.5492716432335041"/>
            <fprob>0.0</fprob>
        </actor>
        <actor name="D0N42">
            <wcet number="0">190</wcet>
            <wcet number="1">190</wcet>
            <maxpow number="0.7987242636170031"/>
            <maxpow number="0.7987242636170031"/>
            <fprob>0.0</fprob>
        </actor>
        <actor name="D0N2">
            <wcet number="0">50</wcet>
            <wcet number="1">110</wcet>
            <maxpow number="0.448534958360129"/>
            <maxpow number="0.448534958360129"/>
            <fprob>0.0</fprob>
        </actor>
        <actor name="D0N1">
            <wcet number="0">80</wcet>
            <wcet number="1">180</wcet>
            <maxpow number="0.38703163722169587"/>
            <maxpow number="0.38703163722169587"/>
            <fprob>0.0</fprob>
        </actor>
        <actor name="D0N39">
            <wcet number="0">140</wcet>
            <wcet number="1">860</wcet>
            <maxpow number="0.4134226113771482"/>
            <maxpow number="0.4134226113771482"/>
            <fprob>0.0</fprob>
        </actor>
        <actor name="D0N37">
            <wcet number="0">400</wcet>
            <wcet number="1">460</wcet>
            <maxpow number="0.7509682986839371"/>
            <maxpow number="0.7509682986839371"/>
            <fprob>0.0</fprob>
        </actor>
        <actor name="D0N20">
            <wcet number="0">430</wcet>
            <wcet number="1">570</wcet>
            <maxpow number="0.13792597892771374"/>
            <maxpow number="0.13792597892771374"/>
            <fprob>0.0</fprob>
        </actor>
        <actor name="D0N21">
            <wcet number="0">110</wcet>
            <wcet number="1">140</wcet>
            <maxpow number="0.3547384740984602"/>
            <maxpow number="0.3547384740984602"/>
            <fprob>0.0</fprob>
        </actor>
        <actor name="D0N36">
            <wcet number="0">80</wcet>
            <wcet number="1">140</wcet>
            <maxpow number="0.3243946060791665"/>
            <maxpow number="0.3243946060791665"/>
            <fprob>0.0</fprob>
        </actor>
        <actor name="D0N0">
            <wcet number="0">10</wcet>
            <wcet number="1">80</wcet>
            <maxpow number="0.4348870716834803"/>
            <maxpow number="0.4348870716834803"/>
            <fprob>0.0</fprob>
        </actor>
        <actor name="D0N49">
            <wcet number="0">30</wcet>
            <wcet number="1">110</wcet>
            <maxpow number="0.5435184905812317"/>
            <maxpow number="0.5435184905812317"/>
            <fprob>0.0</fprob>
        </actor>
        <ports>
            <port dstActor="D0N21" name="p0" srcActor="D0N15"/>
            <port dstActor="D0N45" name="p1" srcActor="D0N23"/>
            <port dstActor="D0N32" name="p2" srcActor="D0N23"/>
            <port dstActor="D0N36" name="p3" srcActor="D0N23"/>
            <port dstActor="D0N46" name="p4" srcActor="D0N23"/>
            <port dstActor="D0N48" name="p5" srcActor="D0N11"/>
            <port dstActor="D0N45" name="p6" srcActor="D0N11"/>
            <port dstActor="D0N13" name="p7" srcActor="D0N11"/>
            <port dstActor="D0N31" name="p8" srcActor="D0N11"/>
            <port dstActor="D0N15" name="p9" srcActor="D0N11"/>
            <port dstActor="D0N41" name="p10" srcActor="D0N11"/>
            <port dstActor="D0N49" name="p11" srcActor="D0N45"/>
            <port dstActor="D0N37" name="p12" srcActor="D0N8"/>
            <port dstActor="D0N13" name="p13" srcActor="D0N8"/>
            <port dstActor="D0N11" name="p14" srcActor="D0N8"/>
            <port dstActor="D0N26" name="p15" srcActor="D0N8"/>
            <port dstActor="D0N22" name="p16" srcActor="D0N8"/>
            <port dstActor="D0N40" name="p17" srcActor="D0N38"/>
            <port dstActor="D0N17" name="p18" srcActor="D0N4"/>
            <port dstActor="D0N29" name="p19" srcActor="D0N4"/>
            <port dstActor="D0N46" name="p20" srcActor="D0N4"/>
            <port dstActor="D0N32" name="p21" srcActor="D0N13"/>
            <port dstActor="D0N35" name="p22" srcActor="D0N13"/>
            <port dstActor="D0N48" name="p23" srcActor="D0N13"/>
            <port dstActor="D0N31" name="p24" srcActor="D0N24"/>
            <port dstActor="D0N26" name="p25" srcActor="D0N24"/>
            <port dstActor="D0N20" name="p26" srcActor="D0N9"/>
            <port dstActor="D0N31" name="p27" srcActor="D0N9"/>
            <port dstActor="D0N15" name="p28" srcActor="D0N9"/>
            <port dstActor="D0N13" name="p29" srcActor="D0N9"/>
            <port dstActor="D0N13" name="p30" srcActor="D0N6"/>
            <port dstActor="D0N49" name="p31" srcActor="D0N6"/>
            <port dstActor="D0N48" name="p32" srcActor="D0N40"/>
            <port dstActor="D0N47" name="p33" srcActor="D0N40"/>
            <port dstActor="D0N26" name="p34" srcActor="D0N17"/>
            <port dstActor="D0N32" name="p35" srcActor="D0N17"/>
            <port dstActor="D0N47" name="p36" srcActor="D0N17"/>
            <port dstActor="D0N20" name="p37" srcActor="D0N17"/>
            <port dstActor="D0N13" name="p38" srcActor="D0N10"/>
            <port dstActor="D0N24" name="p39" srcActor="D0N10"/>
            <port dstActor="D0N33" name="p40" srcActor="D0N10"/>
            <port dstActor="D0N49" name="p41" srcActor="D0N10"/>
            <port dstActor="D0N48" name="p42" srcActor="D0N43"/>
            <port dstActor="D0N42" name="p43" srcActor="D0N32"/>
            <port dstActor="D0N43" name="p44" srcActor="D0N22"/>
            <port dstActor="D0N38" name="p45" srcActor="D0N28"/>
            <port dstActor="D0N33" name="p46" srcActor="D0N28"/>
            <port dstActor="D0N37" name="p47" srcActor="D0N33"/>
            <port dstActor="D0N20" name="p48" srcActor="D0N18"/>
            <port dstActor="D0N34" name="p49" srcActor="D0N18"/>
            <port dstActor="D0N48" name="p50" srcActor="D0N35"/>
            <port dstActor="D0N47" name="p51" srcActor="D0N44"/>
            <port dstActor="D0N45" name="p52" srcActor="D0N44"/>
            <port dstActor="D0N38" name="p53" srcActor="D0N27"/>
            <port dstActor="D0N41" name="p54" srcActor="D0N27"/>
            <port dstActor="D0N49" name="p55" srcActor="D0N27"/>
            <port dstActor="D0N48" name="p56" srcActor="D0N27"/>
            <port dstActor="D0N44" name="p57" srcActor="D0N26"/>
            <port dstActor="D0N49" name="p58" srcActor="D0N26"/>
            <port dstActor="D0N26" name="p59" srcActor="D0N14"/>
            <port dstActor="D0N22" name="p60" srcActor="D0N14"/>
            <port dstActor="D0N42" name="p61" srcActor="D0N14"/>
            <port dstActor="D0N37" name="p62" srcActor="D0N14"/>
            <port dstActor="D0N24" name="p63" srcActor="D0N14"/>
            <port dstActor="D0N16" name="p64" srcActor="D0N7"/>
            <port dstActor="D0N17" name="p65" srcActor="D0N7"/>
            <port dstActor="D0N18" name="p66" srcActor="D0N7"/>
            <port dstActor="D0N30" name="p67" srcActor="D0N7"/>
            <port dstActor="D0N29" name="p68" srcActor="D0N7"/>
            <port dstActor="D0N34" name="p69" srcActor="D0N7"/>
            <port dstActor="D0N15" name="p70" srcActor="D0N7"/>
            <port dstActor="D0N42" name="p71" srcActor="D0N3"/>
            <port dstActor="D0N21" name="p72" srcActor="D0N3"/>
            <port dstActor="D0N18" name="p73" srcActor="D0N3"/>
            <port dstActor="D0N39" name="p74" srcActor="D0N3"/>
            <port dstActor="D0N43" name="p75" srcActor="D0N12"/>
            <port dstActor="D0N44" name="p76" srcActor="D0N12"/>
            <port dstActor="D0N49" name="p77" srcActor="D0N5"/>
            <port dstActor="D0N32" name="p78" srcActor="D0N5"/>
            <port dstActor="D0N10" name="p79" srcActor="D0N5"/>
            <port dstActor="D0N25" name="p80" srcActor="D0N5"/>
            <port dstActor="D0N42" name="p81" srcActor="D0N5"/>
            <port dstActor="D0N46" name="p82" srcActor="D0N5"/>
            <port dstActor="D0N31" name="p83" srcActor="D0N25"/>
            <port dstActor="D0N47" name="p84" srcActor="D0N25"/>
            <port dstActor="D0N35" name="p85" srcActor="D0N25"/>
            <port dstActor="D0N48" name="p86" srcActor="D0N19"/>
            <port dstActor="D0N34" name="p87" srcActor="D0N19"/>
            <port dstActor="D0N31" name="p88" srcActor="D0N19"/>
            <port dstActor="D0N21" name="p89" srcActor="D0N19"/>
            <port dstActor="D0N48" name="p90" srcActor="D0N31"/>
            <port dstActor="D0N35" name="p91" srcActor="D0N31"/>
            <port dstActor="D0N24" name="p92" srcActor="D0N16"/>
            <port dstActor="D0N33" name="p93" srcActor="D0N16"/>
            <port dstActor="D0N48" name="p94" srcActor="D0N16"/>
            <port dstActor="D0N40" name="p95" srcActor="D0N30"/>
            <port dstActor="D0N44" name="p96" srcActor="D0N30"/>
            <port dstActor="D0N47" name="p97" srcActor="D0N30"/>
            <port dstActor="D0N43" name="p98" srcActor="D0N42"/>
            <port dstActor="D0N18" name="p99" srcActor="D0N2"/>
            <port dstActor="D0N35" name="p100" srcActor="D0N2"/>
            <port dstActor="D0N47" name="p101" srcActor="D0N2"/>
            <port dstActor="D0N16" name="p102" srcActor="D0N2"/>
            <port dstActor="D0N2" name="p103" srcActor="D0N1"/>
            <port dstActor="D0N5" name="p104" srcActor="D0N1"/>
            <port dstActor="D0N6" name="p105" srcActor="D0N1"/>
            <port dstActor="D0N15" name="p106" srcActor="D0N1"/>
            <port dstActor="D0N33" name="p107" srcActor="D0N20"/>
            <port dstActor="D0N26" name="p108" srcActor="D0N20"/>
            <port dstActor="D0N37" name="p109" srcActor="D0N20"/>
            <port dstActor="D0N35" name="p110" srcActor="D0N21"/>
            <port dstActor="D0N40" name="p111" srcActor="D0N21"/>
            <port dstActor="D0N44" name="p112" srcActor="D0N21"/>
            <port dstActor="D0N49" name="p113" srcActor="D0N21"/>
            <port dstActor="D0N43" name="p114" srcActor="D0N21"/>
            <port dstActor="D0N39" name="p115" srcActor="D0N21"/>
            <port dstActor="D0N34" name="p116" srcActor="D0N21"/>
            <port dstActor="D0N49" name="p117" srcActor="D0N36"/>
            <port dstActor="D0N7" name="p118" srcActor="D0N0"/>
            <port dstActor="D0N17" name="p119" srcActor="D0N0"/>
            <port dstActor="D0N45" name="p120" srcActor="D0N0"/>
            <port dstActor="D0N46" name="p121" srcActor="D0N0"/>
            <port dstActor="D0N47" name="p122" srcActor="D0N0"/>
        </ports>
    </mcdag>
    <cores number="3"/>
    <levels number="2"/>
</mcsystem>
