<?xml version="1.0" encoding="UTF-8" standalone="no"?>
<mcsystem>
    <mcdag deadline="1500" name="genned-0-ed-10.0-0">
        <actor name="D0N36">
            <wcet number="0">10</wcet>
            <wcet number="1">10</wcet>
            <maxpow number="0.5345282301788423"/>
            <maxpow number="0.5345282301788423"/>
            <fprob>0.0</fprob>
        </actor>
        <actor name="D0N13">
            <wcet number="0">10</wcet>
            <wcet number="1">30</wcet>
            <maxpow number="0.3311923066255762"/>
            <maxpow number="0.3311923066255762"/>
            <fprob>0.0</fprob>
        </actor>
        <actor name="D0N23">
            <wcet number="0">20</wcet>
            <wcet number="1">20</wcet>
            <maxpow number="0.6646724278683813"/>
            <maxpow number="0.6646724278683813"/>
            <fprob>0.0</fprob>
        </actor>
        <actor name="D0N41">
            <wcet number="0">70</wcet>
            <wcet number="1">90</wcet>
            <maxpow number="0.5151493532686359"/>
            <maxpow number="0.5151493532686359"/>
            <fprob>0.0</fprob>
        </actor>
        <actor name="D0N4">
            <wcet number="0">10</wcet>
            <wcet number="1">20</wcet>
            <maxpow number="0.7493050622667914"/>
            <maxpow number="0.7493050622667914"/>
            <fprob>0.0</fprob>
        </actor>
        <actor name="D0N26">
            <wcet number="0">10</wcet>
            <wcet number="1">20</wcet>
            <maxpow number="0.6882773566402542"/>
            <maxpow number="0.6882773566402542"/>
            <fprob>0.0</fprob>
        </actor>
        <actor name="D0N8">
            <wcet number="0">60</wcet>
            <wcet number="1">100</wcet>
            <maxpow number="0.6877411511511673"/>
            <maxpow number="0.6877411511511673"/>
            <fprob>0.0</fprob>
        </actor>
        <actor name="D0N22">
            <wcet number="0">50</wcet>
            <wcet number="1">60</wcet>
            <maxpow number="0.4234985069011042"/>
            <maxpow number="0.4234985069011042"/>
            <fprob>0.0</fprob>
        </actor>
        <actor name="D0N34">
            <wcet number="0">70</wcet>
            <wcet number="1">90</wcet>
            <maxpow number="0.3756608831775847"/>
            <maxpow number="0.3756608831775847"/>
            <fprob>0.0</fprob>
        </actor>
        <actor name="D0N39">
            <wcet number="0">30</wcet>
            <wcet number="1">30</wcet>
            <maxpow number="0.73893522723998"/>
            <maxpow number="0.73893522723998"/>
            <fprob>0.0</fprob>
        </actor>
        <actor name="D0N24">
            <wcet number="0">10</wcet>
            <wcet number="1">10</wcet>
            <maxpow number="0.7590953703960397"/>
            <maxpow number="0.7590953703960397"/>
            <fprob>0.0</fprob>
        </actor>
        <actor name="D0N25">
            <wcet number="0">30</wcet>
            <wcet number="1">130</wcet>
            <maxpow number="0.5788574705486623"/>
            <maxpow number="0.5788574705486623"/>
            <fprob>0.0</fprob>
        </actor>
        <actor name="D0N15">
            <wcet number="0">40</wcet>
            <wcet number="1">50</wcet>
            <maxpow number="0.01597990851685327"/>
            <maxpow number="0.01597990851685327"/>
            <fprob>0.0</fprob>
        </actor>
        <actor name="D0N5">
            <wcet number="0">10</wcet>
            <wcet number="1">10</wcet>
            <maxpow number="0.6219991027129923"/>
            <maxpow number="0.6219991027129923"/>
            <fprob>0.0</fprob>
        </actor>
        <actor name="D0N47">
            <wcet number="0">10</wcet>
            <wcet number="1">90</wcet>
            <maxpow number="1.009644365405031"/>
            <maxpow number="1.009644365405031"/>
            <fprob>0.0</fprob>
        </actor>
        <actor name="D0N30">
            <wcet number="0">40</wcet>
            <wcet number="1">60</wcet>
            <maxpow number="0.6944176937807757"/>
            <maxpow number="0.6944176937807757"/>
            <fprob>0.0</fprob>
        </actor>
        <actor name="D0N38">
            <wcet number="0">40</wcet>
            <wcet number="1">50</wcet>
            <maxpow number="0.36421947629533646"/>
            <maxpow number="0.36421947629533646"/>
            <fprob>0.0</fprob>
        </actor>
        <actor name="D0N32">
            <wcet number="0">20</wcet>
            <wcet number="1">20</wcet>
            <maxpow number="0.36110641862888715"/>
            <maxpow number="0.36110641862888715"/>
            <fprob>0.0</fprob>
        </actor>
        <actor name="D0N28">
            <wcet number="0">20</wcet>
            <wcet number="1">50</wcet>
            <maxpow number="0.6079021365667739"/>
            <maxpow number="0.6079021365667739"/>
            <fprob>0.0</fprob>
        </actor>
        <actor name="D0N10">
            <wcet number="0">10</wcet>
            <wcet number="1">40</wcet>
            <maxpow number="0.8269015572279086"/>
            <maxpow number="0.8269015572279086"/>
            <fprob>0.0</fprob>
        </actor>
        <actor name="D0N12">
            <wcet number="0">20</wcet>
            <wcet number="1">60</wcet>
            <maxpow number="0.41454872649856933"/>
            <maxpow number="0.41454872649856933"/>
            <fprob>0.0</fprob>
        </actor>
        <actor name="D0N0">
            <wcet number="0">40</wcet>
            <wcet number="1">110</wcet>
            <maxpow number="0.5441508839367037"/>
            <maxpow number="0.5441508839367037"/>
            <fprob>0.0</fprob>
        </actor>
        <actor name="D0N19">
            <wcet number="0">20</wcet>
            <wcet number="1">40</wcet>
            <maxpow number="0.7098987431602797"/>
            <maxpow number="0.7098987431602797"/>
            <fprob>0.0</fprob>
        </actor>
        <actor name="D0N9">
            <wcet number="0">60</wcet>
            <wcet number="1">80</wcet>
            <maxpow number="0.38023594127058313"/>
            <maxpow number="0.38023594127058313"/>
            <fprob>0.0</fprob>
        </actor>
        <actor name="D0N35">
            <wcet number="0">80</wcet>
            <wcet number="1">130</wcet>
            <maxpow number="0.4410026585027757"/>
            <maxpow number="0.4410026585027757"/>
            <fprob>0.0</fprob>
        </actor>
        <actor name="D0N42">
            <wcet number="0">40</wcet>
            <wcet number="1">50</wcet>
            <maxpow number="0.5029128942489471"/>
            <maxpow number="0.5029128942489471"/>
            <fprob>0.0</fprob>
        </actor>
        <actor name="D0N2">
            <wcet number="0">60</wcet>
            <wcet number="1">70</wcet>
            <maxpow number="0.6455399404886248"/>
            <maxpow number="0.6455399404886248"/>
            <fprob>0.0</fprob>
        </actor>
        <actor name="D0N14">
            <wcet number="0">80</wcet>
            <wcet number="1">120</wcet>
            <maxpow number="0.4697655251330509"/>
            <maxpow number="0.4697655251330509"/>
            <fprob>0.0</fprob>
        </actor>
        <actor name="D0N3">
            <wcet number="0">20</wcet>
            <wcet number="1">20</wcet>
            <maxpow number="0.706050882892752"/>
            <maxpow number="0.706050882892752"/>
            <fprob>0.0</fprob>
        </actor>
        <actor name="D0N45">
            <wcet number="0">60</wcet>
            <wcet number="1">70</wcet>
            <maxpow number="0.4170457995798146"/>
            <maxpow number="0.4170457995798146"/>
            <fprob>0.0</fprob>
        </actor>
        <actor name="D0N20">
            <wcet number="0">50</wcet>
            <wcet number="1">50</wcet>
            <maxpow number="0.32120615454800117"/>
            <maxpow number="0.32120615454800117"/>
            <fprob>0.0</fprob>
        </actor>
        <actor name="D0N37">
            <wcet number="0">50</wcet>
            <wcet number="1">80</wcet>
            <maxpow number="0.3491606265897247"/>
            <maxpow number="0.3491606265897247"/>
            <fprob>0.0</fprob>
        </actor>
        <actor name="D0N1">
            <wcet number="0">20</wcet>
            <wcet number="1">50</wcet>
            <maxpow number="0.47767171668014596"/>
            <maxpow number="0.47767171668014596"/>
            <fprob>0.0</fprob>
        </actor>
        <actor name="D0N29">
            <wcet number="0">40</wcet>
            <wcet number="1">50</wcet>
            <maxpow number="0.4644636583737744"/>
            <maxpow number="0.4644636583737744"/>
            <fprob>0.0</fprob>
        </actor>
        <actor name="D0N27">
            <wcet number="0">30</wcet>
            <wcet number="1">80</wcet>
            <maxpow number="0.15849424134294504"/>
            <maxpow number="0.15849424134294504"/>
            <fprob>0.0</fprob>
        </actor>
        <actor name="D0N16">
            <wcet number="0">10</wcet>
            <wcet number="1">20</wcet>
            <maxpow number="0.7403910376005125"/>
            <maxpow number="0.7403910376005125"/>
            <fprob>0.0</fprob>
        </actor>
        <actor name="D0N31">
            <wcet number="0">130</wcet>
            <wcet number="1">280</wcet>
            <maxpow number="0.5694897783676441"/>
            <maxpow number="0.5694897783676441"/>
            <fprob>0.0</fprob>
        </actor>
        <actor name="D0N43">
            <wcet number="0">40</wcet>
            <wcet number="1">40</wcet>
            <maxpow number="0.35752166169905986"/>
            <maxpow number="0.35752166169905986"/>
            <fprob>0.0</fprob>
        </actor>
        <actor name="D0N17">
            <wcet number="0">40</wcet>
            <wcet number="1">60</wcet>
            <maxpow number="0.7195934964238389"/>
            <maxpow number="0.7195934964238389"/>
            <fprob>0.0</fprob>
        </actor>
        <actor name="D0N11">
            <wcet number="0">40</wcet>
            <wcet number="1">50</wcet>
            <maxpow number="0.3977016361844099"/>
            <maxpow number="0.3977016361844099"/>
            <fprob>0.0</fprob>
        </actor>
        <actor name="D0N18">
            <wcet number="0">10</wcet>
            <wcet number="1">10</wcet>
            <maxpow number="0.7127565464494048"/>
            <maxpow number="0.7127565464494048"/>
            <fprob>0.0</fprob>
        </actor>
        <actor name="D0N21">
            <wcet number="0">10</wcet>
            <wcet number="1">10</wcet>
            <maxpow number="0.36809254531251967"/>
            <maxpow number="0.36809254531251967"/>
            <fprob>0.0</fprob>
        </actor>
        <actor name="D0N33">
            <wcet number="0">120</wcet>
            <wcet number="1">120</wcet>
            <maxpow number="0.5938720677947209"/>
            <maxpow number="0.5938720677947209"/>
            <fprob>0.0</fprob>
        </actor>
        <actor name="D0N6">
            <wcet number="0">10</wcet>
            <wcet number="1">20</wcet>
            <maxpow number="0.28943792720538297"/>
            <maxpow number="0.28943792720538297"/>
            <fprob>0.0</fprob>
        </actor>
        <actor name="D0N46">
            <wcet number="0">30</wcet>
            <wcet number="1">60</wcet>
            <maxpow number="0.5982547586228012"/>
            <maxpow number="0.5982547586228012"/>
            <fprob>0.0</fprob>
        </actor>
        <actor name="D0N7">
            <wcet number="0">100</wcet>
            <wcet number="1">120</wcet>
            <maxpow number="0.329705856735828"/>
            <maxpow number="0.329705856735828"/>
            <fprob>0.0</fprob>
        </actor>
        <actor name="D0N40">
            <wcet number="0">40</wcet>
            <wcet number="1">90</wcet>
            <maxpow number="0.4779596572570051"/>
            <maxpow number="0.4779596572570051"/>
            <fprob>0.0</fprob>
        </actor>
        <actor name="D0N44">
            <wcet number="0">40</wcet>
            <wcet number="1">80</wcet>
            <maxpow number="0.43110304446871983"/>
            <maxpow number="0.43110304446871983"/>
            <fprob>0.0</fprob>
        </actor>
        <ports>
            <port dstActor="D0N47" name="p0" srcActor="D0N13"/>
            <port dstActor="D0N31" name="p1" srcActor="D0N13"/>
            <port dstActor="D0N37" name="p2" srcActor="D0N23"/>
            <port dstActor="D0N28" name="p3" srcActor="D0N23"/>
            <port dstActor="D0N25" name="p4" srcActor="D0N4"/>
            <port dstActor="D0N12" name="p5" srcActor="D0N4"/>
            <port dstActor="D0N40" name="p6" srcActor="D0N4"/>
            <port dstActor="D0N47" name="p7" srcActor="D0N4"/>
            <port dstActor="D0N41" name="p8" srcActor="D0N4"/>
            <port dstActor="D0N34" name="p9" srcActor="D0N4"/>
            <port dstActor="D0N37" name="p10" srcActor="D0N4"/>
            <port dstActor="D0N42" name="p11" srcActor="D0N26"/>
            <port dstActor="D0N28" name="p12" srcActor="D0N8"/>
            <port dstActor="D0N11" name="p13" srcActor="D0N8"/>
            <port dstActor="D0N25" name="p14" srcActor="D0N8"/>
            <port dstActor="D0N21" name="p15" srcActor="D0N8"/>
            <port dstActor="D0N31" name="p16" srcActor="D0N8"/>
            <port dstActor="D0N34" name="p17" srcActor="D0N8"/>
            <port dstActor="D0N34" name="p18" srcActor="D0N22"/>
            <port dstActor="D0N23" name="p19" srcActor="D0N22"/>
            <port dstActor="D0N25" name="p20" srcActor="D0N22"/>
            <port dstActor="D0N28" name="p21" srcActor="D0N22"/>
            <port dstActor="D0N38" name="p22" srcActor="D0N22"/>
            <port dstActor="D0N45" name="p23" srcActor="D0N39"/>
            <port dstActor="D0N47" name="p24" srcActor="D0N39"/>
            <port dstActor="D0N41" name="p25" srcActor="D0N39"/>
            <port dstActor="D0N40" name="p26" srcActor="D0N24"/>
            <port dstActor="D0N30" name="p27" srcActor="D0N24"/>
            <port dstActor="D0N32" name="p28" srcActor="D0N24"/>
            <port dstActor="D0N26" name="p29" srcActor="D0N24"/>
            <port dstActor="D0N36" name="p30" srcActor="D0N24"/>
            <port dstActor="D0N42" name="p31" srcActor="D0N24"/>
            <port dstActor="D0N47" name="p32" srcActor="D0N25"/>
            <port dstActor="D0N30" name="p33" srcActor="D0N25"/>
            <port dstActor="D0N34" name="p34" srcActor="D0N25"/>
            <port dstActor="D0N39" name="p35" srcActor="D0N25"/>
            <port dstActor="D0N34" name="p36" srcActor="D0N15"/>
            <port dstActor="D0N29" name="p37" srcActor="D0N15"/>
            <port dstActor="D0N19" name="p38" srcActor="D0N15"/>
            <port dstActor="D0N45" name="p39" srcActor="D0N15"/>
            <port dstActor="D0N45" name="p40" srcActor="D0N5"/>
            <port dstActor="D0N26" name="p41" srcActor="D0N5"/>
            <port dstActor="D0N42" name="p42" srcActor="D0N5"/>
            <port dstActor="D0N34" name="p43" srcActor="D0N5"/>
            <port dstActor="D0N16" name="p44" srcActor="D0N5"/>
            <port dstActor="D0N28" name="p45" srcActor="D0N5"/>
            <port dstActor="D0N18" name="p46" srcActor="D0N5"/>
            <port dstActor="D0N43" name="p47" srcActor="D0N30"/>
            <port dstActor="D0N39" name="p48" srcActor="D0N38"/>
            <port dstActor="D0N38" name="p49" srcActor="D0N32"/>
            <port dstActor="D0N46" name="p50" srcActor="D0N32"/>
            <port dstActor="D0N33" name="p51" srcActor="D0N32"/>
            <port dstActor="D0N30" name="p52" srcActor="D0N28"/>
            <port dstActor="D0N31" name="p53" srcActor="D0N28"/>
            <port dstActor="D0N40" name="p54" srcActor="D0N28"/>
            <port dstActor="D0N22" name="p55" srcActor="D0N10"/>
            <port dstActor="D0N30" name="p56" srcActor="D0N12"/>
            <port dstActor="D0N13" name="p57" srcActor="D0N12"/>
            <port dstActor="D0N14" name="p58" srcActor="D0N0"/>
            <port dstActor="D0N5" name="p59" srcActor="D0N0"/>
            <port dstActor="D0N36" name="p60" srcActor="D0N0"/>
            <port dstActor="D0N39" name="p61" srcActor="D0N19"/>
            <port dstActor="D0N20" name="p62" srcActor="D0N19"/>
            <port dstActor="D0N25" name="p63" srcActor="D0N9"/>
            <port dstActor="D0N11" name="p64" srcActor="D0N9"/>
            <port dstActor="D0N41" name="p65" srcActor="D0N9"/>
            <port dstActor="D0N31" name="p66" srcActor="D0N9"/>
            <port dstActor="D0N26" name="p67" srcActor="D0N9"/>
            <port dstActor="D0N36" name="p68" srcActor="D0N9"/>
            <port dstActor="D0N40" name="p69" srcActor="D0N9"/>
            <port dstActor="D0N44" name="p70" srcActor="D0N9"/>
            <port dstActor="D0N33" name="p71" srcActor="D0N9"/>
            <port dstActor="D0N39" name="p72" srcActor="D0N35"/>
            <port dstActor="D0N45" name="p73" srcActor="D0N42"/>
            <port dstActor="D0N4" name="p74" srcActor="D0N2"/>
            <port dstActor="D0N18" name="p75" srcActor="D0N2"/>
            <port dstActor="D0N44" name="p76" srcActor="D0N2"/>
            <port dstActor="D0N10" name="p77" srcActor="D0N2"/>
            <port dstActor="D0N17" name="p78" srcActor="D0N14"/>
            <port dstActor="D0N40" name="p79" srcActor="D0N14"/>
            <port dstActor="D0N33" name="p80" srcActor="D0N14"/>
            <port dstActor="D0N32" name="p81" srcActor="D0N14"/>
            <port dstActor="D0N14" name="p82" srcActor="D0N3"/>
            <port dstActor="D0N25" name="p83" srcActor="D0N3"/>
            <port dstActor="D0N34" name="p84" srcActor="D0N3"/>
            <port dstActor="D0N40" name="p85" srcActor="D0N3"/>
            <port dstActor="D0N39" name="p86" srcActor="D0N20"/>
            <port dstActor="D0N25" name="p87" srcActor="D0N20"/>
            <port dstActor="D0N19" name="p88" srcActor="D0N1"/>
            <port dstActor="D0N13" name="p89" srcActor="D0N1"/>
            <port dstActor="D0N9" name="p90" srcActor="D0N1"/>
            <port dstActor="D0N43" name="p91" srcActor="D0N29"/>
            <port dstActor="D0N31" name="p92" srcActor="D0N29"/>
            <port dstActor="D0N46" name="p93" srcActor="D0N29"/>
            <port dstActor="D0N22" name="p94" srcActor="D0N16"/>
            <port dstActor="D0N45" name="p95" srcActor="D0N16"/>
            <port dstActor="D0N41" name="p96" srcActor="D0N31"/>
            <port dstActor="D0N36" name="p97" srcActor="D0N17"/>
            <port dstActor="D0N44" name="p98" srcActor="D0N17"/>
            <port dstActor="D0N30" name="p99" srcActor="D0N11"/>
            <port dstActor="D0N35" name="p100" srcActor="D0N11"/>
            <port dstActor="D0N31" name="p101" srcActor="D0N11"/>
            <port dstActor="D0N23" name="p102" srcActor="D0N11"/>
            <port dstActor="D0N13" name="p103" srcActor="D0N11"/>
            <port dstActor="D0N28" name="p104" srcActor="D0N18"/>
            <port dstActor="D0N23" name="p105" srcActor="D0N18"/>
            <port dstActor="D0N24" name="p106" srcActor="D0N18"/>
            <port dstActor="D0N44" name="p107" srcActor="D0N21"/>
            <port dstActor="D0N45" name="p108" srcActor="D0N33"/>
            <port dstActor="D0N41" name="p109" srcActor="D0N33"/>
            <port dstActor="D0N42" name="p110" srcActor="D0N33"/>
            <port dstActor="D0N24" name="p111" srcActor="D0N6"/>
            <port dstActor="D0N12" name="p112" srcActor="D0N6"/>
            <port dstActor="D0N45" name="p113" srcActor="D0N6"/>
            <port dstActor="D0N22" name="p114" srcActor="D0N6"/>
            <port dstActor="D0N34" name="p115" srcActor="D0N6"/>
            <port dstActor="D0N13" name="p116" srcActor="D0N6"/>
            <port dstActor="D0N27" name="p117" srcActor="D0N6"/>
            <port dstActor="D0N46" name="p118" srcActor="D0N7"/>
            <port dstActor="D0N18" name="p119" srcActor="D0N7"/>
            <port dstActor="D0N43" name="p120" srcActor="D0N7"/>
        </ports>
    </mcdag>
    <cores number="2"/>
    <levels number="2"/>
</mcsystem>
