<?xml version="1.0" encoding="UTF-8" standalone="no"?>
<mcsystem>
    <mcdag deadline="1800" name="genned-0-ed-10.0-0">
        <actor name="D0N10">
            <wcet number="0">80</wcet>
            <wcet number="1">150</wcet>
            <maxpow number="0.6923807424212324"/>
            <maxpow number="0.6923807424212324"/>
            <fprob>0.0</fprob>
        </actor>
        <actor name="D0N28">
            <wcet number="0">30</wcet>
            <wcet number="1">50</wcet>
            <maxpow number="0.8460855630760682"/>
            <maxpow number="0.8460855630760682"/>
            <fprob>0.0</fprob>
        </actor>
        <actor name="D0N40">
            <wcet number="0">70</wcet>
            <wcet number="1">70</wcet>
            <maxpow number="0.3976512665327133"/>
            <maxpow number="0.3976512665327133"/>
            <fprob>0.0</fprob>
        </actor>
        <actor name="D0N29">
            <wcet number="0">10</wcet>
            <wcet number="1">40</wcet>
            <maxpow number="0.7304216538285282"/>
            <maxpow number="0.7304216538285282"/>
            <fprob>0.0</fprob>
        </actor>
        <actor name="D0N37">
            <wcet number="0">90</wcet>
            <wcet number="1">290</wcet>
            <maxpow number="0.4926116070992484"/>
            <maxpow number="0.4926116070992484"/>
            <fprob>0.0</fprob>
        </actor>
        <actor name="D0N19">
            <wcet number="0">200</wcet>
            <wcet number="1">240</wcet>
            <maxpow number="0.4318107267169786"/>
            <maxpow number="0.4318107267169786"/>
            <fprob>0.0</fprob>
        </actor>
        <actor name="D0N36">
            <wcet number="0">100</wcet>
            <wcet number="1">170</wcet>
            <maxpow number="0.31776840443941934"/>
            <maxpow number="0.31776840443941934"/>
            <fprob>0.0</fprob>
        </actor>
        <actor name="D0N20">
            <wcet number="0">10</wcet>
            <wcet number="1">10</wcet>
            <maxpow number="0.4310263005120055"/>
            <maxpow number="0.4310263005120055"/>
            <fprob>0.0</fprob>
        </actor>
        <actor name="D0N17">
            <wcet number="0">10</wcet>
            <wcet number="1">100</wcet>
            <maxpow number="0.5610333892711005"/>
            <maxpow number="0.5610333892711005"/>
            <fprob>0.0</fprob>
        </actor>
        <actor name="D0N0">
            <wcet number="0">40</wcet>
            <wcet number="1">90</wcet>
            <maxpow number="0.5702212582176602"/>
            <maxpow number="0.5702212582176602"/>
            <fprob>0.0</fprob>
        </actor>
        <actor name="D0N18">
            <wcet number="0">30</wcet>
            <wcet number="1">30</wcet>
            <maxpow number="0.3213625837363863"/>
            <maxpow number="0.3213625837363863"/>
            <fprob>0.0</fprob>
        </actor>
        <actor name="D0N44">
            <wcet number="0">90</wcet>
            <wcet number="1">200</wcet>
            <maxpow number="0.3137195347878503"/>
            <maxpow number="0.3137195347878503"/>
            <fprob>0.0</fprob>
        </actor>
        <actor name="D0N15">
            <wcet number="0">30</wcet>
            <wcet number="1">90</wcet>
            <maxpow number="0.8160624209996854"/>
            <maxpow number="0.8160624209996854"/>
            <fprob>0.0</fprob>
        </actor>
        <actor name="D0N24">
            <wcet number="0">60</wcet>
            <wcet number="1">60</wcet>
            <maxpow number="0.26390137492163573"/>
            <maxpow number="0.26390137492163573"/>
            <fprob>0.0</fprob>
        </actor>
        <actor name="D0N45">
            <wcet number="0">10</wcet>
            <wcet number="1">10</wcet>
            <maxpow number="0.393004420141289"/>
            <maxpow number="0.393004420141289"/>
            <fprob>0.0</fprob>
        </actor>
        <actor name="D0N47">
            <wcet number="0">60</wcet>
            <wcet number="1">80</wcet>
            <maxpow number="0.1801545077931746"/>
            <maxpow number="0.1801545077931746"/>
            <fprob>0.0</fprob>
        </actor>
        <actor name="D0N39">
            <wcet number="0">50</wcet>
            <wcet number="1">70</wcet>
            <maxpow number="0.37979014046369486"/>
            <maxpow number="0.37979014046369486"/>
            <fprob>0.0</fprob>
        </actor>
        <actor name="D0N41">
            <wcet number="0">30</wcet>
            <wcet number="1">50</wcet>
            <maxpow number="0.7061356265287528"/>
            <maxpow number="0.7061356265287528"/>
            <fprob>0.0</fprob>
        </actor>
        <actor name="D0N35">
            <wcet number="0">10</wcet>
            <wcet number="1">10</wcet>
            <maxpow number="0.454439383405702"/>
            <maxpow number="0.454439383405702"/>
            <fprob>0.0</fprob>
        </actor>
        <actor name="D0N33">
            <wcet number="0">20</wcet>
            <wcet number="1">20</wcet>
            <maxpow number="0.7867754686581904"/>
            <maxpow number="0.7867754686581904"/>
            <fprob>0.0</fprob>
        </actor>
        <actor name="D0N23">
            <wcet number="0">40</wcet>
            <wcet number="1">70</wcet>
            <maxpow number="0.5600659561650657"/>
            <maxpow number="0.5600659561650657"/>
            <fprob>0.0</fprob>
        </actor>
        <actor name="D0N22">
            <wcet number="0">200</wcet>
            <wcet number="1">220</wcet>
            <maxpow number="0.9179124568105552"/>
            <maxpow number="0.9179124568105552"/>
            <fprob>0.0</fprob>
        </actor>
        <actor name="D0N14">
            <wcet number="0">10</wcet>
            <wcet number="1">120</wcet>
            <maxpow number="0.5631044849628408"/>
            <maxpow number="0.5631044849628408"/>
            <fprob>0.0</fprob>
        </actor>
        <actor name="D0N30">
            <wcet number="0">10</wcet>
            <wcet number="1">160</wcet>
            <maxpow number="0.6556750027105775"/>
            <maxpow number="0.6556750027105775"/>
            <fprob>0.0</fprob>
        </actor>
        <actor name="D0N12">
            <wcet number="0">160</wcet>
            <wcet number="1">190</wcet>
            <maxpow number="0.6371826467331045"/>
            <maxpow number="0.6371826467331045"/>
            <fprob>0.0</fprob>
        </actor>
        <actor name="D0N1">
            <wcet number="0">30</wcet>
            <wcet number="1">60</wcet>
            <maxpow number="0.6935370362398464"/>
            <maxpow number="0.6935370362398464"/>
            <fprob>0.0</fprob>
        </actor>
        <actor name="D0N3">
            <wcet number="0">10</wcet>
            <wcet number="1">20</wcet>
            <maxpow number="0.20708510207902803"/>
            <maxpow number="0.20708510207902803"/>
            <fprob>0.0</fprob>
        </actor>
        <actor name="D0N27">
            <wcet number="0">20</wcet>
            <wcet number="1">100</wcet>
            <maxpow number="0.7461717664384216"/>
            <maxpow number="0.7461717664384216"/>
            <fprob>0.0</fprob>
        </actor>
        <actor name="D0N16">
            <wcet number="0">10</wcet>
            <wcet number="1">10</wcet>
            <maxpow number="0.4787227510687832"/>
            <maxpow number="0.4787227510687832"/>
            <fprob>0.0</fprob>
        </actor>
        <actor name="D0N21">
            <wcet number="0">90</wcet>
            <wcet number="1">170</wcet>
            <maxpow number="0.523112663475059"/>
            <maxpow number="0.523112663475059"/>
            <fprob>0.0</fprob>
        </actor>
        <actor name="D0N48">
            <wcet number="0">30</wcet>
            <wcet number="1">50</wcet>
            <maxpow number="0.5674632132055891"/>
            <maxpow number="0.5674632132055891"/>
            <fprob>0.0</fprob>
        </actor>
        <actor name="D0N26">
            <wcet number="0">10</wcet>
            <wcet number="1">50</wcet>
            <maxpow number="0.6120427201982981"/>
            <maxpow number="0.6120427201982981"/>
            <fprob>0.0</fprob>
        </actor>
        <actor name="D0N9">
            <wcet number="0">80</wcet>
            <wcet number="1">230</wcet>
            <maxpow number="0.431169281548467"/>
            <maxpow number="0.431169281548467"/>
            <fprob>0.0</fprob>
        </actor>
        <actor name="D0N34">
            <wcet number="0">90</wcet>
            <wcet number="1">100</wcet>
            <maxpow number="1.0146546007038402"/>
            <maxpow number="1.0146546007038402"/>
            <fprob>0.0</fprob>
        </actor>
        <actor name="D0N46">
            <wcet number="0">20</wcet>
            <wcet number="1">20</wcet>
            <maxpow number="0.7537087110723948"/>
            <maxpow number="0.7537087110723948"/>
            <fprob>0.0</fprob>
        </actor>
        <actor name="D0N2">
            <wcet number="0">10</wcet>
            <wcet number="1">20</wcet>
            <maxpow number="0.407038930246293"/>
            <maxpow number="0.407038930246293"/>
            <fprob>0.0</fprob>
        </actor>
        <actor name="D0N4">
            <wcet number="0">40</wcet>
            <wcet number="1">100</wcet>
            <maxpow number="0.5490097699506457"/>
            <maxpow number="0.5490097699506457"/>
            <fprob>0.0</fprob>
        </actor>
        <actor name="D0N38">
            <wcet number="0">10</wcet>
            <wcet number="1">100</wcet>
            <maxpow number="0.6373063629668939"/>
            <maxpow number="0.6373063629668939"/>
            <fprob>0.0</fprob>
        </actor>
        <actor name="D0N8">
            <wcet number="0">10</wcet>
            <wcet number="1">20</wcet>
            <maxpow number="0.5630965873992823"/>
            <maxpow number="0.5630965873992823"/>
            <fprob>0.0</fprob>
        </actor>
        <actor name="D0N7">
            <wcet number="0">30</wcet>
            <wcet number="1">120</wcet>
            <maxpow number="0.3769175067702458"/>
            <maxpow number="0.3769175067702458"/>
            <fprob>0.0</fprob>
        </actor>
        <actor name="D0N32">
            <wcet number="0">50</wcet>
            <wcet number="1">60</wcet>
            <maxpow number="0.748371022178862"/>
            <maxpow number="0.748371022178862"/>
            <fprob>0.0</fprob>
        </actor>
        <actor name="D0N43">
            <wcet number="0">20</wcet>
            <wcet number="1">90</wcet>
            <maxpow number="0.44690063093065935"/>
            <maxpow number="0.44690063093065935"/>
            <fprob>0.0</fprob>
        </actor>
        <actor name="D0N31">
            <wcet number="0">140</wcet>
            <wcet number="1">180</wcet>
            <maxpow number="0.4021790266445642"/>
            <maxpow number="0.4021790266445642"/>
            <fprob>0.0</fprob>
        </actor>
        <actor name="D0N25">
            <wcet number="0">40</wcet>
            <wcet number="1">40</wcet>
            <maxpow number="0.540348935451859"/>
            <maxpow number="0.540348935451859"/>
            <fprob>0.0</fprob>
        </actor>
        <actor name="D0N6">
            <wcet number="0">10</wcet>
            <wcet number="1">70</wcet>
            <maxpow number="0.6224690790586902"/>
            <maxpow number="0.6224690790586902"/>
            <fprob>0.0</fprob>
        </actor>
        <actor name="D0N42">
            <wcet number="0">30</wcet>
            <wcet number="1">80</wcet>
            <maxpow number="0.3156278962744448"/>
            <maxpow number="0.3156278962744448"/>
            <fprob>0.0</fprob>
        </actor>
        <actor name="D0N5">
            <wcet number="0">60</wcet>
            <wcet number="1">130</wcet>
            <maxpow number="0.7425776174364708"/>
            <maxpow number="0.7425776174364708"/>
            <fprob>0.0</fprob>
        </actor>
        <actor name="D0N11">
            <wcet number="0">20</wcet>
            <wcet number="1">20</wcet>
            <maxpow number="0.4547640201145865"/>
            <maxpow number="0.4547640201145865"/>
            <fprob>0.0</fprob>
        </actor>
        <actor name="D0N13">
            <wcet number="0">10</wcet>
            <wcet number="1">70</wcet>
            <maxpow number="0.5991735119732764"/>
            <maxpow number="0.5991735119732764"/>
            <fprob>0.0</fprob>
        </actor>
        <ports>
            <port dstActor="D0N16" name="p0" srcActor="D0N10"/>
            <port dstActor="D0N17" name="p1" srcActor="D0N10"/>
            <port dstActor="D0N24" name="p2" srcActor="D0N10"/>
            <port dstActor="D0N48" name="p3" srcActor="D0N10"/>
            <port dstActor="D0N18" name="p4" srcActor="D0N10"/>
            <port dstActor="D0N30" name="p5" srcActor="D0N10"/>
            <port dstActor="D0N33" name="p6" srcActor="D0N10"/>
            <port dstActor="D0N38" name="p7" srcActor="D0N28"/>
            <port dstActor="D0N40" name="p8" srcActor="D0N28"/>
            <port dstActor="D0N48" name="p9" srcActor="D0N40"/>
            <port dstActor="D0N47" name="p10" srcActor="D0N40"/>
            <port dstActor="D0N37" name="p11" srcActor="D0N29"/>
            <port dstActor="D0N31" name="p12" srcActor="D0N29"/>
            <port dstActor="D0N36" name="p13" srcActor="D0N29"/>
            <port dstActor="D0N45" name="p14" srcActor="D0N37"/>
            <port dstActor="D0N43" name="p15" srcActor="D0N37"/>
            <port dstActor="D0N28" name="p16" srcActor="D0N19"/>
            <port dstActor="D0N43" name="p17" srcActor="D0N19"/>
            <port dstActor="D0N44" name="p18" srcActor="D0N20"/>
            <port dstActor="D0N41" name="p19" srcActor="D0N17"/>
            <port dstActor="D0N22" name="p20" srcActor="D0N17"/>
            <port dstActor="D0N23" name="p21" srcActor="D0N17"/>
            <port dstActor="D0N14" name="p22" srcActor="D0N0"/>
            <port dstActor="D0N40" name="p23" srcActor="D0N0"/>
            <port dstActor="D0N45" name="p24" srcActor="D0N0"/>
            <port dstActor="D0N41" name="p25" srcActor="D0N0"/>
            <port dstActor="D0N45" name="p26" srcActor="D0N18"/>
            <port dstActor="D0N47" name="p27" srcActor="D0N18"/>
            <port dstActor="D0N29" name="p28" srcActor="D0N15"/>
            <port dstActor="D0N37" name="p29" srcActor="D0N35"/>
            <port dstActor="D0N38" name="p30" srcActor="D0N33"/>
            <port dstActor="D0N27" name="p31" srcActor="D0N22"/>
            <port dstActor="D0N45" name="p32" srcActor="D0N22"/>
            <port dstActor="D0N25" name="p33" srcActor="D0N14"/>
            <port dstActor="D0N17" name="p34" srcActor="D0N14"/>
            <port dstActor="D0N45" name="p35" srcActor="D0N14"/>
            <port dstActor="D0N34" name="p36" srcActor="D0N30"/>
            <port dstActor="D0N47" name="p37" srcActor="D0N30"/>
            <port dstActor="D0N27" name="p38" srcActor="D0N12"/>
            <port dstActor="D0N32" name="p39" srcActor="D0N12"/>
            <port dstActor="D0N20" name="p40" srcActor="D0N12"/>
            <port dstActor="D0N44" name="p41" srcActor="D0N12"/>
            <port dstActor="D0N34" name="p42" srcActor="D0N12"/>
            <port dstActor="D0N40" name="p43" srcActor="D0N12"/>
            <port dstActor="D0N48" name="p44" srcActor="D0N12"/>
            <port dstActor="D0N46" name="p45" srcActor="D0N12"/>
            <port dstActor="D0N45" name="p46" srcActor="D0N12"/>
            <port dstActor="D0N24" name="p47" srcActor="D0N12"/>
            <port dstActor="D0N24" name="p48" srcActor="D0N1"/>
            <port dstActor="D0N34" name="p49" srcActor="D0N1"/>
            <port dstActor="D0N11" name="p50" srcActor="D0N1"/>
            <port dstActor="D0N39" name="p51" srcActor="D0N1"/>
            <port dstActor="D0N9" name="p52" srcActor="D0N1"/>
            <port dstActor="D0N5" name="p53" srcActor="D0N1"/>
            <port dstActor="D0N4" name="p54" srcActor="D0N1"/>
            <port dstActor="D0N6" name="p55" srcActor="D0N1"/>
            <port dstActor="D0N32" name="p56" srcActor="D0N3"/>
            <port dstActor="D0N31" name="p57" srcActor="D0N3"/>
            <port dstActor="D0N38" name="p58" srcActor="D0N3"/>
            <port dstActor="D0N22" name="p59" srcActor="D0N3"/>
            <port dstActor="D0N25" name="p60" srcActor="D0N3"/>
            <port dstActor="D0N41" name="p61" srcActor="D0N27"/>
            <port dstActor="D0N34" name="p62" srcActor="D0N27"/>
            <port dstActor="D0N48" name="p63" srcActor="D0N27"/>
            <port dstActor="D0N36" name="p64" srcActor="D0N27"/>
            <port dstActor="D0N32" name="p65" srcActor="D0N16"/>
            <port dstActor="D0N42" name="p66" srcActor="D0N16"/>
            <port dstActor="D0N36" name="p67" srcActor="D0N16"/>
            <port dstActor="D0N36" name="p68" srcActor="D0N26"/>
            <port dstActor="D0N46" name="p69" srcActor="D0N26"/>
            <port dstActor="D0N43" name="p70" srcActor="D0N26"/>
            <port dstActor="D0N30" name="p71" srcActor="D0N26"/>
            <port dstActor="D0N23" name="p72" srcActor="D0N9"/>
            <port dstActor="D0N13" name="p73" srcActor="D0N9"/>
            <port dstActor="D0N34" name="p74" srcActor="D0N9"/>
            <port dstActor="D0N39" name="p75" srcActor="D0N9"/>
            <port dstActor="D0N48" name="p76" srcActor="D0N34"/>
            <port dstActor="D0N10" name="p77" srcActor="D0N2"/>
            <port dstActor="D0N43" name="p78" srcActor="D0N2"/>
            <port dstActor="D0N21" name="p79" srcActor="D0N2"/>
            <port dstActor="D0N27" name="p80" srcActor="D0N4"/>
            <port dstActor="D0N40" name="p81" srcActor="D0N4"/>
            <port dstActor="D0N41" name="p82" srcActor="D0N38"/>
            <port dstActor="D0N32" name="p83" srcActor="D0N8"/>
            <port dstActor="D0N35" name="p84" srcActor="D0N8"/>
            <port dstActor="D0N46" name="p85" srcActor="D0N8"/>
            <port dstActor="D0N14" name="p86" srcActor="D0N8"/>
            <port dstActor="D0N10" name="p87" srcActor="D0N7"/>
            <port dstActor="D0N8" name="p88" srcActor="D0N7"/>
            <port dstActor="D0N45" name="p89" srcActor="D0N43"/>
            <port dstActor="D0N47" name="p90" srcActor="D0N43"/>
            <port dstActor="D0N37" name="p91" srcActor="D0N31"/>
            <port dstActor="D0N41" name="p92" srcActor="D0N25"/>
            <port dstActor="D0N31" name="p93" srcActor="D0N25"/>
            <port dstActor="D0N41" name="p94" srcActor="D0N6"/>
            <port dstActor="D0N44" name="p95" srcActor="D0N6"/>
            <port dstActor="D0N20" name="p96" srcActor="D0N6"/>
            <port dstActor="D0N25" name="p97" srcActor="D0N6"/>
            <port dstActor="D0N35" name="p98" srcActor="D0N6"/>
            <port dstActor="D0N11" name="p99" srcActor="D0N6"/>
            <port dstActor="D0N46" name="p100" srcActor="D0N42"/>
            <port dstActor="D0N19" name="p101" srcActor="D0N5"/>
            <port dstActor="D0N39" name="p102" srcActor="D0N11"/>
            <port dstActor="D0N40" name="p103" srcActor="D0N11"/>
            <port dstActor="D0N21" name="p104" srcActor="D0N11"/>
            <port dstActor="D0N45" name="p105" srcActor="D0N11"/>
            <port dstActor="D0N24" name="p106" srcActor="D0N11"/>
            <port dstActor="D0N38" name="p107" srcActor="D0N11"/>
            <port dstActor="D0N31" name="p108" srcActor="D0N11"/>
            <port dstActor="D0N21" name="p109" srcActor="D0N13"/>
            <port dstActor="D0N22" name="p110" srcActor="D0N13"/>
        </ports>
    </mcdag>
    <cores number="3"/>
    <levels number="2"/>
</mcsystem>
