<?xml version="1.0" encoding="UTF-8" standalone="no"?>
<mcsystem>
    <mcdag deadline="3000" name="genned-0-ed-10.0-0">
        <actor name="D0N9">
            <wcet number="0">60</wcet>
            <wcet number="1">60</wcet>
            <maxpow number="0.07201454980661703"/>
            <maxpow number="0.07201454980661703"/>
            <fprob>0.0</fprob>
        </actor>
        <actor name="D0N10">
            <wcet number="0">110</wcet>
            <wcet number="1">190</wcet>
            <maxpow number="0.19126507103992912"/>
            <maxpow number="0.19126507103992912"/>
            <fprob>0.0</fprob>
        </actor>
        <actor name="D0N13">
            <wcet number="0">90</wcet>
            <wcet number="1">150</wcet>
            <maxpow number="0.49999241469231626"/>
            <maxpow number="0.49999241469231626"/>
            <fprob>0.0</fprob>
        </actor>
        <actor name="D0N29">
            <wcet number="0">10</wcet>
            <wcet number="1">10</wcet>
            <maxpow number="0.6712522155976679"/>
            <maxpow number="0.6712522155976679"/>
            <fprob>0.0</fprob>
        </actor>
        <actor name="D0N38">
            <wcet number="0">40</wcet>
            <wcet number="1">90</wcet>
            <maxpow number="0.47436549671401246"/>
            <maxpow number="0.47436549671401246"/>
            <fprob>0.0</fprob>
        </actor>
        <actor name="D0N34">
            <wcet number="0">10</wcet>
            <wcet number="1">80</wcet>
            <maxpow number="0.6361190935520465"/>
            <maxpow number="0.6361190935520465"/>
            <fprob>0.0</fprob>
        </actor>
        <actor name="D0N12">
            <wcet number="0">160</wcet>
            <wcet number="1">190</wcet>
            <maxpow number="0.46082796675186805"/>
            <maxpow number="0.46082796675186805"/>
            <fprob>0.0</fprob>
        </actor>
        <actor name="D0N2">
            <wcet number="0">30</wcet>
            <wcet number="1">40</wcet>
            <maxpow number="0.8142756358045949"/>
            <maxpow number="0.8142756358045949"/>
            <fprob>0.0</fprob>
        </actor>
        <actor name="D0N42">
            <wcet number="0">10</wcet>
            <wcet number="1">10</wcet>
            <maxpow number="0.4564881440647365"/>
            <maxpow number="0.4564881440647365"/>
            <fprob>0.0</fprob>
        </actor>
        <actor name="D0N31">
            <wcet number="0">10</wcet>
            <wcet number="1">20</wcet>
            <maxpow number="0.6062916936095432"/>
            <maxpow number="0.6062916936095432"/>
            <fprob>0.0</fprob>
        </actor>
        <actor name="D0N35">
            <wcet number="0">20</wcet>
            <wcet number="1">50</wcet>
            <maxpow number="0.7081353595047591"/>
            <maxpow number="0.7081353595047591"/>
            <fprob>0.0</fprob>
        </actor>
        <actor name="D0N25">
            <wcet number="0">80</wcet>
            <wcet number="1">140</wcet>
            <maxpow number="0.3908550537422976"/>
            <maxpow number="0.3908550537422976"/>
            <fprob>0.0</fprob>
        </actor>
        <actor name="D0N48">
            <wcet number="0">60</wcet>
            <wcet number="1">330</wcet>
            <maxpow number="0.22566872831896578"/>
            <maxpow number="0.22566872831896578"/>
            <fprob>0.0</fprob>
        </actor>
        <actor name="D0N0">
            <wcet number="0">40</wcet>
            <wcet number="1">160</wcet>
            <maxpow number="0.5432969630757045"/>
            <maxpow number="0.5432969630757045"/>
            <fprob>0.0</fprob>
        </actor>
        <actor name="D0N21">
            <wcet number="0">20</wcet>
            <wcet number="1">50</wcet>
            <maxpow number="0.4273468434640538"/>
            <maxpow number="0.4273468434640538"/>
            <fprob>0.0</fprob>
        </actor>
        <actor name="D0N4">
            <wcet number="0">110</wcet>
            <wcet number="1">110</wcet>
            <maxpow number="0.38655913016933363"/>
            <maxpow number="0.38655913016933363"/>
            <fprob>0.0</fprob>
        </actor>
        <actor name="D0N43">
            <wcet number="0">10</wcet>
            <wcet number="1">60</wcet>
            <maxpow number="0.5002585001351433"/>
            <maxpow number="0.5002585001351433"/>
            <fprob>0.0</fprob>
        </actor>
        <actor name="D0N44">
            <wcet number="0">140</wcet>
            <wcet number="1">250</wcet>
            <maxpow number="0.30129874164670495"/>
            <maxpow number="0.30129874164670495"/>
            <fprob>0.0</fprob>
        </actor>
        <actor name="D0N7">
            <wcet number="0">50</wcet>
            <wcet number="1">70</wcet>
            <maxpow number="0.5569608542811901"/>
            <maxpow number="0.5569608542811901"/>
            <fprob>0.0</fprob>
        </actor>
        <actor name="D0N46">
            <wcet number="0">120</wcet>
            <wcet number="1">130</wcet>
            <maxpow number="0.510796832761344"/>
            <maxpow number="0.510796832761344"/>
            <fprob>0.0</fprob>
        </actor>
        <actor name="D0N11">
            <wcet number="0">90</wcet>
            <wcet number="1">220</wcet>
            <maxpow number="0.921977071321342"/>
            <maxpow number="0.921977071321342"/>
            <fprob>0.0</fprob>
        </actor>
        <actor name="D0N36">
            <wcet number="0">100</wcet>
            <wcet number="1">110</wcet>
            <maxpow number="0.5637369604946292"/>
            <maxpow number="0.5637369604946292"/>
            <fprob>0.0</fprob>
        </actor>
        <actor name="D0N26">
            <wcet number="0">50</wcet>
            <wcet number="1">60</wcet>
            <maxpow number="0.40770924685968557"/>
            <maxpow number="0.40770924685968557"/>
            <fprob>0.0</fprob>
        </actor>
        <actor name="D0N45">
            <wcet number="0">130</wcet>
            <wcet number="1">140</wcet>
            <maxpow number="0.52658885944217"/>
            <maxpow number="0.52658885944217"/>
            <fprob>0.0</fprob>
        </actor>
        <actor name="D0N15">
            <wcet number="0">70</wcet>
            <wcet number="1">250</wcet>
            <maxpow number="0.43736393979024324"/>
            <maxpow number="0.43736393979024324"/>
            <fprob>0.0</fprob>
        </actor>
        <actor name="D0N16">
            <wcet number="0">90</wcet>
            <wcet number="1">220</wcet>
            <maxpow number="0.5374865049716854"/>
            <maxpow number="0.5374865049716854"/>
            <fprob>0.0</fprob>
        </actor>
        <actor name="D0N14">
            <wcet number="0">30</wcet>
            <wcet number="1">300</wcet>
            <maxpow number="0.6328609812910524"/>
            <maxpow number="0.6328609812910524"/>
            <fprob>0.0</fprob>
        </actor>
        <actor name="D0N28">
            <wcet number="0">70</wcet>
            <wcet number="1">80</wcet>
            <maxpow number="0.548666933948667"/>
            <maxpow number="0.548666933948667"/>
            <fprob>0.0</fprob>
        </actor>
        <actor name="D0N39">
            <wcet number="0">10</wcet>
            <wcet number="1">20</wcet>
            <maxpow number="0.2753358372756863"/>
            <maxpow number="0.2753358372756863"/>
            <fprob>0.0</fprob>
        </actor>
        <actor name="D0N1">
            <wcet number="0">100</wcet>
            <wcet number="1">210</wcet>
            <maxpow number="0.5535363547158253"/>
            <maxpow number="0.5535363547158253"/>
            <fprob>0.0</fprob>
        </actor>
        <actor name="D0N23">
            <wcet number="0">80</wcet>
            <wcet number="1">160</wcet>
            <maxpow number="0.7754798057407859"/>
            <maxpow number="0.7754798057407859"/>
            <fprob>0.0</fprob>
        </actor>
        <actor name="D0N18">
            <wcet number="0">10</wcet>
            <wcet number="1">30</wcet>
            <maxpow number="0.4322671357586004"/>
            <maxpow number="0.4322671357586004"/>
            <fprob>0.0</fprob>
        </actor>
        <actor name="D0N32">
            <wcet number="0">70</wcet>
            <wcet number="1">70</wcet>
            <maxpow number="0.4070503694924949"/>
            <maxpow number="0.4070503694924949"/>
            <fprob>0.0</fprob>
        </actor>
        <actor name="D0N3">
            <wcet number="0">20</wcet>
            <wcet number="1">30</wcet>
            <maxpow number="0.8465680725581963"/>
            <maxpow number="0.8465680725581963"/>
            <fprob>0.0</fprob>
        </actor>
        <actor name="D0N41">
            <wcet number="0">250</wcet>
            <wcet number="1">530</wcet>
            <maxpow number="0.4736286657359295"/>
            <maxpow number="0.4736286657359295"/>
            <fprob>0.0</fprob>
        </actor>
        <actor name="D0N27">
            <wcet number="0">410</wcet>
            <wcet number="1">610</wcet>
            <maxpow number="0.6645794514818479"/>
            <maxpow number="0.6645794514818479"/>
            <fprob>0.0</fprob>
        </actor>
        <actor name="D0N6">
            <wcet number="0">10</wcet>
            <wcet number="1">10</wcet>
            <maxpow number="0.39886520345821724"/>
            <maxpow number="0.39886520345821724"/>
            <fprob>0.0</fprob>
        </actor>
        <actor name="D0N37">
            <wcet number="0">40</wcet>
            <wcet number="1">70</wcet>
            <maxpow number="0.44341797226828245"/>
            <maxpow number="0.44341797226828245"/>
            <fprob>0.0</fprob>
        </actor>
        <actor name="D0N17">
            <wcet number="0">40</wcet>
            <wcet number="1">110</wcet>
            <maxpow number="0.7900371361693941"/>
            <maxpow number="0.7900371361693941"/>
            <fprob>0.0</fprob>
        </actor>
        <actor name="D0N47">
            <wcet number="0">70</wcet>
            <wcet number="1">170</wcet>
            <maxpow number="0.41608482447142275"/>
            <maxpow number="0.41608482447142275"/>
            <fprob>0.0</fprob>
        </actor>
        <actor name="D0N22">
            <wcet number="0">230</wcet>
            <wcet number="1">300</wcet>
            <maxpow number="0.5728850045639489"/>
            <maxpow number="0.5728850045639489"/>
            <fprob>0.0</fprob>
        </actor>
        <actor name="D0N40">
            <wcet number="0">50</wcet>
            <wcet number="1">120</wcet>
            <maxpow number="0.35061732669922524"/>
            <maxpow number="0.35061732669922524"/>
            <fprob>0.0</fprob>
        </actor>
        <actor name="D0N24">
            <wcet number="0">10</wcet>
            <wcet number="1">30</wcet>
            <maxpow number="0.7697373485253478"/>
            <maxpow number="0.7697373485253478"/>
            <fprob>0.0</fprob>
        </actor>
        <actor name="D0N33">
            <wcet number="0">50</wcet>
            <wcet number="1">60</wcet>
            <maxpow number="0.30498176308887265"/>
            <maxpow number="0.30498176308887265"/>
            <fprob>0.0</fprob>
        </actor>
        <actor name="D0N19">
            <wcet number="0">40</wcet>
            <wcet number="1">40</wcet>
            <maxpow number="0.46211789901668704"/>
            <maxpow number="0.46211789901668704"/>
            <fprob>0.0</fprob>
        </actor>
        <actor name="D0N30">
            <wcet number="0">270</wcet>
            <wcet number="1">310</wcet>
            <maxpow number="0.5201604006309135"/>
            <maxpow number="0.5201604006309135"/>
            <fprob>0.0</fprob>
        </actor>
        <actor name="D0N8">
            <wcet number="0">80</wcet>
            <wcet number="1">200</wcet>
            <maxpow number="0.6674956211065322"/>
            <maxpow number="0.6674956211065322"/>
            <fprob>0.0</fprob>
        </actor>
        <actor name="D0N5">
            <wcet number="0">140</wcet>
            <wcet number="1">230</wcet>
            <maxpow number="0.7110085875513262"/>
            <maxpow number="0.7110085875513262"/>
            <fprob>0.0</fprob>
        </actor>
        <actor name="D0N20">
            <wcet number="0">290</wcet>
            <wcet number="1">320</wcet>
            <maxpow number="0.3065714424565351"/>
            <maxpow number="0.3065714424565351"/>
            <fprob>0.0</fprob>
        </actor>
        <ports>
            <port dstActor="D0N29" name="p0" srcActor="D0N9"/>
            <port dstActor="D0N21" name="p1" srcActor="D0N9"/>
            <port dstActor="D0N34" name="p2" srcActor="D0N9"/>
            <port dstActor="D0N12" name="p3" srcActor="D0N9"/>
            <port dstActor="D0N25" name="p4" srcActor="D0N10"/>
            <port dstActor="D0N33" name="p5" srcActor="D0N10"/>
            <port dstActor="D0N36" name="p6" srcActor="D0N10"/>
            <port dstActor="D0N37" name="p7" srcActor="D0N10"/>
            <port dstActor="D0N36" name="p8" srcActor="D0N13"/>
            <port dstActor="D0N15" name="p9" srcActor="D0N13"/>
            <port dstActor="D0N46" name="p10" srcActor="D0N38"/>
            <port dstActor="D0N48" name="p11" srcActor="D0N34"/>
            <port dstActor="D0N23" name="p12" srcActor="D0N12"/>
            <port dstActor="D0N45" name="p13" srcActor="D0N12"/>
            <port dstActor="D0N42" name="p14" srcActor="D0N12"/>
            <port dstActor="D0N13" name="p15" srcActor="D0N2"/>
            <port dstActor="D0N47" name="p16" srcActor="D0N2"/>
            <port dstActor="D0N29" name="p17" srcActor="D0N2"/>
            <port dstActor="D0N40" name="p18" srcActor="D0N2"/>
            <port dstActor="D0N45" name="p19" srcActor="D0N42"/>
            <port dstActor="D0N32" name="p20" srcActor="D0N31"/>
            <port dstActor="D0N44" name="p21" srcActor="D0N31"/>
            <port dstActor="D0N32" name="p22" srcActor="D0N25"/>
            <port dstActor="D0N16" name="p23" srcActor="D0N0"/>
            <port dstActor="D0N24" name="p24" srcActor="D0N0"/>
            <port dstActor="D0N10" name="p25" srcActor="D0N0"/>
            <port dstActor="D0N45" name="p26" srcActor="D0N0"/>
            <port dstActor="D0N13" name="p27" srcActor="D0N0"/>
            <port dstActor="D0N15" name="p28" srcActor="D0N0"/>
            <port dstActor="D0N26" name="p29" srcActor="D0N21"/>
            <port dstActor="D0N44" name="p30" srcActor="D0N21"/>
            <port dstActor="D0N14" name="p31" srcActor="D0N4"/>
            <port dstActor="D0N22" name="p32" srcActor="D0N4"/>
            <port dstActor="D0N35" name="p33" srcActor="D0N4"/>
            <port dstActor="D0N10" name="p34" srcActor="D0N4"/>
            <port dstActor="D0N48" name="p35" srcActor="D0N43"/>
            <port dstActor="D0N46" name="p36" srcActor="D0N43"/>
            <port dstActor="D0N46" name="p37" srcActor="D0N44"/>
            <port dstActor="D0N25" name="p38" srcActor="D0N7"/>
            <port dstActor="D0N35" name="p39" srcActor="D0N7"/>
            <port dstActor="D0N17" name="p40" srcActor="D0N7"/>
            <port dstActor="D0N26" name="p41" srcActor="D0N11"/>
            <port dstActor="D0N14" name="p42" srcActor="D0N11"/>
            <port dstActor="D0N47" name="p43" srcActor="D0N11"/>
            <port dstActor="D0N40" name="p44" srcActor="D0N26"/>
            <port dstActor="D0N38" name="p45" srcActor="D0N26"/>
            <port dstActor="D0N19" name="p46" srcActor="D0N16"/>
            <port dstActor="D0N47" name="p47" srcActor="D0N16"/>
            <port dstActor="D0N24" name="p48" srcActor="D0N16"/>
            <port dstActor="D0N35" name="p49" srcActor="D0N14"/>
            <port dstActor="D0N15" name="p50" srcActor="D0N14"/>
            <port dstActor="D0N46" name="p51" srcActor="D0N14"/>
            <port dstActor="D0N44" name="p52" srcActor="D0N14"/>
            <port dstActor="D0N34" name="p53" srcActor="D0N28"/>
            <port dstActor="D0N45" name="p54" srcActor="D0N28"/>
            <port dstActor="D0N39" name="p55" srcActor="D0N28"/>
            <port dstActor="D0N44" name="p56" srcActor="D0N39"/>
            <port dstActor="D0N13" name="p57" srcActor="D0N1"/>
            <port dstActor="D0N10" name="p58" srcActor="D0N1"/>
            <port dstActor="D0N33" name="p59" srcActor="D0N23"/>
            <port dstActor="D0N20" name="p60" srcActor="D0N18"/>
            <port dstActor="D0N32" name="p61" srcActor="D0N18"/>
            <port dstActor="D0N47" name="p62" srcActor="D0N18"/>
            <port dstActor="D0N22" name="p63" srcActor="D0N18"/>
            <port dstActor="D0N39" name="p64" srcActor="D0N18"/>
            <port dstActor="D0N48" name="p65" srcActor="D0N18"/>
            <port dstActor="D0N47" name="p66" srcActor="D0N32"/>
            <port dstActor="D0N45" name="p67" srcActor="D0N32"/>
            <port dstActor="D0N42" name="p68" srcActor="D0N32"/>
            <port dstActor="D0N39" name="p69" srcActor="D0N3"/>
            <port dstActor="D0N48" name="p70" srcActor="D0N3"/>
            <port dstActor="D0N35" name="p71" srcActor="D0N3"/>
            <port dstActor="D0N20" name="p72" srcActor="D0N3"/>
            <port dstActor="D0N48" name="p73" srcActor="D0N41"/>
            <port dstActor="D0N46" name="p74" srcActor="D0N27"/>
            <port dstActor="D0N33" name="p75" srcActor="D0N27"/>
            <port dstActor="D0N41" name="p76" srcActor="D0N27"/>
            <port dstActor="D0N17" name="p77" srcActor="D0N6"/>
            <port dstActor="D0N48" name="p78" srcActor="D0N6"/>
            <port dstActor="D0N34" name="p79" srcActor="D0N6"/>
            <port dstActor="D0N30" name="p80" srcActor="D0N17"/>
            <port dstActor="D0N36" name="p81" srcActor="D0N17"/>
            <port dstActor="D0N31" name="p82" srcActor="D0N22"/>
            <port dstActor="D0N24" name="p83" srcActor="D0N22"/>
            <port dstActor="D0N45" name="p84" srcActor="D0N22"/>
            <port dstActor="D0N36" name="p85" srcActor="D0N24"/>
            <port dstActor="D0N33" name="p86" srcActor="D0N24"/>
            <port dstActor="D0N47" name="p87" srcActor="D0N24"/>
            <port dstActor="D0N40" name="p88" srcActor="D0N24"/>
            <port dstActor="D0N20" name="p89" srcActor="D0N19"/>
            <port dstActor="D0N33" name="p90" srcActor="D0N19"/>
            <port dstActor="D0N37" name="p91" srcActor="D0N19"/>
            <port dstActor="D0N42" name="p92" srcActor="D0N30"/>
            <port dstActor="D0N17" name="p93" srcActor="D0N8"/>
            <port dstActor="D0N13" name="p94" srcActor="D0N8"/>
            <port dstActor="D0N42" name="p95" srcActor="D0N8"/>
            <port dstActor="D0N10" name="p96" srcActor="D0N8"/>
            <port dstActor="D0N23" name="p97" srcActor="D0N5"/>
            <port dstActor="D0N21" name="p98" srcActor="D0N5"/>
            <port dstActor="D0N18" name="p99" srcActor="D0N5"/>
            <port dstActor="D0N20" name="p100" srcActor="D0N5"/>
            <port dstActor="D0N40" name="p101" srcActor="D0N20"/>
            <port dstActor="D0N22" name="p102" srcActor="D0N20"/>
            <port dstActor="D0N45" name="p103" srcActor="D0N20"/>
            <port dstActor="D0N24" name="p104" srcActor="D0N20"/>
        </ports>
    </mcdag>
    <cores number="3"/>
    <levels number="2"/>
</mcsystem>
