<?xml version="1.0" encoding="UTF-8" standalone="no"?>
<mcsystem>
    <mcdag deadline="4000" name="genned-0-ed-10.0-0">
        <actor name="D0N17">
            <wcet number="0">320</wcet>
            <wcet number="1">390</wcet>
            <maxpow number="0.6052287218360654"/>
            <maxpow number="0.6052287218360654"/>
            <fprob>0.0</fprob>
        </actor>
        <actor name="D0N27">
            <wcet number="0">70</wcet>
            <wcet number="1">130</wcet>
            <maxpow number="0.13108334617506828"/>
            <maxpow number="0.13108334617506828"/>
            <fprob>0.0</fprob>
        </actor>
        <actor name="D0N38">
            <wcet number="0">30</wcet>
            <wcet number="1">40</wcet>
            <maxpow number="0.5280961081675325"/>
            <maxpow number="0.5280961081675325"/>
            <fprob>0.0</fprob>
        </actor>
        <actor name="D0N2">
            <wcet number="0">170</wcet>
            <wcet number="1">210</wcet>
            <maxpow number="0.3911105749394068"/>
            <maxpow number="0.3911105749394068"/>
            <fprob>0.0</fprob>
        </actor>
        <actor name="D0N11">
            <wcet number="0">260</wcet>
            <wcet number="1">340</wcet>
            <maxpow number="0.7155102402953158"/>
            <maxpow number="0.7155102402953158"/>
            <fprob>0.0</fprob>
        </actor>
        <actor name="D0N39">
            <wcet number="0">10</wcet>
            <wcet number="1">30</wcet>
            <maxpow number="0.2784153943250553"/>
            <maxpow number="0.2784153943250553"/>
            <fprob>0.0</fprob>
        </actor>
        <actor name="D0N25">
            <wcet number="0">100</wcet>
            <wcet number="1">270</wcet>
            <maxpow number="0.5929682944635153"/>
            <maxpow number="0.5929682944635153"/>
            <fprob>0.0</fprob>
        </actor>
        <actor name="D0N40">
            <wcet number="0">470</wcet>
            <wcet number="1">590</wcet>
            <maxpow number="0.7272966752701174"/>
            <maxpow number="0.7272966752701174"/>
            <fprob>0.0</fprob>
        </actor>
        <actor name="D0N18">
            <wcet number="0">130</wcet>
            <wcet number="1">180</wcet>
            <maxpow number="0.5190477202406849"/>
            <maxpow number="0.5190477202406849"/>
            <fprob>0.0</fprob>
        </actor>
        <actor name="D0N16">
            <wcet number="0">150</wcet>
            <wcet number="1">160</wcet>
            <maxpow number="0.523517484817041"/>
            <maxpow number="0.523517484817041"/>
            <fprob>0.0</fprob>
        </actor>
        <actor name="D0N13">
            <wcet number="0">130</wcet>
            <wcet number="1">170</wcet>
            <maxpow number="0.7458365085461898"/>
            <maxpow number="0.7458365085461898"/>
            <fprob>0.0</fprob>
        </actor>
        <actor name="D0N20">
            <wcet number="0">100</wcet>
            <wcet number="1">310</wcet>
            <maxpow number="0.5275916990502872"/>
            <maxpow number="0.5275916990502872"/>
            <fprob>0.0</fprob>
        </actor>
        <actor name="D0N26">
            <wcet number="0">220</wcet>
            <wcet number="1">270</wcet>
            <maxpow number="0.1965743527319735"/>
            <maxpow number="0.1965743527319735"/>
            <fprob>0.0</fprob>
        </actor>
        <actor name="D0N19">
            <wcet number="0">320</wcet>
            <wcet number="1">390</wcet>
            <maxpow number="0.6003505367938826"/>
            <maxpow number="0.6003505367938826"/>
            <fprob>0.0</fprob>
        </actor>
        <actor name="D0N15">
            <wcet number="0">130</wcet>
            <wcet number="1">140</wcet>
            <maxpow number="0.744530408847929"/>
            <maxpow number="0.744530408847929"/>
            <fprob>0.0</fprob>
        </actor>
        <actor name="D0N47">
            <wcet number="0">240</wcet>
            <wcet number="1">350</wcet>
            <maxpow number="0.6311347744850293"/>
            <maxpow number="0.6311347744850293"/>
            <fprob>0.0</fprob>
        </actor>
        <actor name="D0N10">
            <wcet number="0">90</wcet>
            <wcet number="1">160</wcet>
            <maxpow number="0.1787160779371449"/>
            <maxpow number="0.1787160779371449"/>
            <fprob>0.0</fprob>
        </actor>
        <actor name="D0N4">
            <wcet number="0">180</wcet>
            <wcet number="1">400</wcet>
            <maxpow number="0.7278898954712179"/>
            <maxpow number="0.7278898954712179"/>
            <fprob>0.0</fprob>
        </actor>
        <actor name="D0N34">
            <wcet number="0">40</wcet>
            <wcet number="1">80</wcet>
            <maxpow number="0.7977834275488326"/>
            <maxpow number="0.7977834275488326"/>
            <fprob>0.0</fprob>
        </actor>
        <actor name="D0N14">
            <wcet number="0">30</wcet>
            <wcet number="1">280</wcet>
            <maxpow number="0.6476122529215468"/>
            <maxpow number="0.6476122529215468"/>
            <fprob>0.0</fprob>
        </actor>
        <actor name="D0N22">
            <wcet number="0">20</wcet>
            <wcet number="1">40</wcet>
            <maxpow number="0.30236273099288546"/>
            <maxpow number="0.30236273099288546"/>
            <fprob>0.0</fprob>
        </actor>
        <actor name="D0N32">
            <wcet number="0">10</wcet>
            <wcet number="1">20</wcet>
            <maxpow number="0.5065731497552445"/>
            <maxpow number="0.5065731497552445"/>
            <fprob>0.0</fprob>
        </actor>
        <actor name="D0N6">
            <wcet number="0">60</wcet>
            <wcet number="1">150</wcet>
            <maxpow number="0.47104608975129925"/>
            <maxpow number="0.47104608975129925"/>
            <fprob>0.0</fprob>
        </actor>
        <actor name="D0N9">
            <wcet number="0">260</wcet>
            <wcet number="1">310</wcet>
            <maxpow number="0.43994140082309496"/>
            <maxpow number="0.43994140082309496"/>
            <fprob>0.0</fprob>
        </actor>
        <actor name="D0N8">
            <wcet number="0">380</wcet>
            <wcet number="1">650</wcet>
            <maxpow number="0.3986043361352359"/>
            <maxpow number="0.3986043361352359"/>
            <fprob>0.0</fprob>
        </actor>
        <actor name="D0N42">
            <wcet number="0">60</wcet>
            <wcet number="1">100</wcet>
            <maxpow number="0.5819705863934097"/>
            <maxpow number="0.5819705863934097"/>
            <fprob>0.0</fprob>
        </actor>
        <actor name="D0N21">
            <wcet number="0">190</wcet>
            <wcet number="1">640</wcet>
            <maxpow number="0.6187081188651045"/>
            <maxpow number="0.6187081188651045"/>
            <fprob>0.0</fprob>
        </actor>
        <actor name="D0N41">
            <wcet number="0">20</wcet>
            <wcet number="1">20</wcet>
            <maxpow number="0.7525658357992068"/>
            <maxpow number="0.7525658357992068"/>
            <fprob>0.0</fprob>
        </actor>
        <actor name="D0N36">
            <wcet number="0">30</wcet>
            <wcet number="1">120</wcet>
            <maxpow number="0.4021233495106159"/>
            <maxpow number="0.4021233495106159"/>
            <fprob>0.0</fprob>
        </actor>
        <actor name="D0N28">
            <wcet number="0">370</wcet>
            <wcet number="1">450</wcet>
            <maxpow number="0.25565480562905857"/>
            <maxpow number="0.25565480562905857"/>
            <fprob>0.0</fprob>
        </actor>
        <actor name="D0N37">
            <wcet number="0">40</wcet>
            <wcet number="1">60</wcet>
            <maxpow number="0.47981740196134504"/>
            <maxpow number="0.47981740196134504"/>
            <fprob>0.0</fprob>
        </actor>
        <actor name="D0N0">
            <wcet number="0">70</wcet>
            <wcet number="1">130</wcet>
            <maxpow number="0.7132161125899528"/>
            <maxpow number="0.7132161125899528"/>
            <fprob>0.0</fprob>
        </actor>
        <actor name="D0N7">
            <wcet number="0">380</wcet>
            <wcet number="1">400</wcet>
            <maxpow number="0.2541644422185448"/>
            <maxpow number="0.2541644422185448"/>
            <fprob>0.0</fprob>
        </actor>
        <actor name="D0N23">
            <wcet number="0">60</wcet>
            <wcet number="1">100</wcet>
            <maxpow number="0.44880685991544034"/>
            <maxpow number="0.44880685991544034"/>
            <fprob>0.0</fprob>
        </actor>
        <actor name="D0N1">
            <wcet number="0">30</wcet>
            <wcet number="1">120</wcet>
            <maxpow number="0.443476317692776"/>
            <maxpow number="0.443476317692776"/>
            <fprob>0.0</fprob>
        </actor>
        <actor name="D0N46">
            <wcet number="0">120</wcet>
            <wcet number="1">420</wcet>
            <maxpow number="0.475748781049183"/>
            <maxpow number="0.475748781049183"/>
            <fprob>0.0</fprob>
        </actor>
        <actor name="D0N30">
            <wcet number="0">70</wcet>
            <wcet number="1">70</wcet>
            <maxpow number="0.5425439961652351"/>
            <maxpow number="0.5425439961652351"/>
            <fprob>0.0</fprob>
        </actor>
        <actor name="D0N3">
            <wcet number="0">190</wcet>
            <wcet number="1">310</wcet>
            <maxpow number="0.5702088830446554"/>
            <maxpow number="0.5702088830446554"/>
            <fprob>0.0</fprob>
        </actor>
        <actor name="D0N43">
            <wcet number="0">50</wcet>
            <wcet number="1">210</wcet>
            <maxpow number="0.6956972915924452"/>
            <maxpow number="0.6956972915924452"/>
            <fprob>0.0</fprob>
        </actor>
        <actor name="D0N24">
            <wcet number="0">50</wcet>
            <wcet number="1">100</wcet>
            <maxpow number="1.0076507984769498"/>
            <maxpow number="1.0076507984769498"/>
            <fprob>0.0</fprob>
        </actor>
        <actor name="D0N35">
            <wcet number="0">170</wcet>
            <wcet number="1">540</wcet>
            <maxpow number="0.45823692708782315"/>
            <maxpow number="0.45823692708782315"/>
            <fprob>0.0</fprob>
        </actor>
        <actor name="D0N31">
            <wcet number="0">20</wcet>
            <wcet number="1">150</wcet>
            <maxpow number="0.6405354472508099"/>
            <maxpow number="0.6405354472508099"/>
            <fprob>0.0</fprob>
        </actor>
        <actor name="D0N29">
            <wcet number="0">10</wcet>
            <wcet number="1">40</wcet>
            <maxpow number="0.7634071010673831"/>
            <maxpow number="0.7634071010673831"/>
            <fprob>0.0</fprob>
        </actor>
        <actor name="D0N5">
            <wcet number="0">20</wcet>
            <wcet number="1">40</wcet>
            <maxpow number="0.211236907962081"/>
            <maxpow number="0.211236907962081"/>
            <fprob>0.0</fprob>
        </actor>
        <actor name="D0N33">
            <wcet number="0">20</wcet>
            <wcet number="1">40</wcet>
            <maxpow number="0.24949261146343632"/>
            <maxpow number="0.24949261146343632"/>
            <fprob>0.0</fprob>
        </actor>
        <actor name="D0N44">
            <wcet number="0">220</wcet>
            <wcet number="1">400</wcet>
            <maxpow number="0.3715116118812709"/>
            <maxpow number="0.3715116118812709"/>
            <fprob>0.0</fprob>
        </actor>
        <actor name="D0N12">
            <wcet number="0">10</wcet>
            <wcet number="1">80</wcet>
            <maxpow number="0.9104121080724454"/>
            <maxpow number="0.9104121080724454"/>
            <fprob>0.0</fprob>
        </actor>
        <actor name="D0N45">
            <wcet number="0">40</wcet>
            <wcet number="1">200</wcet>
            <maxpow number="0.508344655284533"/>
            <maxpow number="0.508344655284533"/>
            <fprob>0.0</fprob>
        </actor>
        <ports>
            <port dstActor="D0N27" name="p0" srcActor="D0N17"/>
            <port dstActor="D0N36" name="p1" srcActor="D0N17"/>
            <port dstActor="D0N46" name="p2" srcActor="D0N27"/>
            <port dstActor="D0N30" name="p3" srcActor="D0N27"/>
            <port dstActor="D0N47" name="p4" srcActor="D0N38"/>
            <port dstActor="D0N31" name="p5" srcActor="D0N2"/>
            <port dstActor="D0N15" name="p6" srcActor="D0N2"/>
            <port dstActor="D0N25" name="p7" srcActor="D0N2"/>
            <port dstActor="D0N44" name="p8" srcActor="D0N2"/>
            <port dstActor="D0N21" name="p9" srcActor="D0N11"/>
            <port dstActor="D0N40" name="p10" srcActor="D0N11"/>
            <port dstActor="D0N29" name="p11" srcActor="D0N11"/>
            <port dstActor="D0N20" name="p12" srcActor="D0N11"/>
            <port dstActor="D0N38" name="p13" srcActor="D0N11"/>
            <port dstActor="D0N17" name="p14" srcActor="D0N11"/>
            <port dstActor="D0N40" name="p15" srcActor="D0N25"/>
            <port dstActor="D0N40" name="p16" srcActor="D0N18"/>
            <port dstActor="D0N24" name="p17" srcActor="D0N18"/>
            <port dstActor="D0N33" name="p18" srcActor="D0N18"/>
            <port dstActor="D0N37" name="p19" srcActor="D0N16"/>
            <port dstActor="D0N40" name="p20" srcActor="D0N16"/>
            <port dstActor="D0N44" name="p21" srcActor="D0N16"/>
            <port dstActor="D0N27" name="p22" srcActor="D0N16"/>
            <port dstActor="D0N21" name="p23" srcActor="D0N16"/>
            <port dstActor="D0N33" name="p24" srcActor="D0N13"/>
            <port dstActor="D0N30" name="p25" srcActor="D0N13"/>
            <port dstActor="D0N24" name="p26" srcActor="D0N13"/>
            <port dstActor="D0N29" name="p27" srcActor="D0N20"/>
            <port dstActor="D0N28" name="p28" srcActor="D0N20"/>
            <port dstActor="D0N29" name="p29" srcActor="D0N26"/>
            <port dstActor="D0N31" name="p30" srcActor="D0N26"/>
            <port dstActor="D0N47" name="p31" srcActor="D0N26"/>
            <port dstActor="D0N44" name="p32" srcActor="D0N19"/>
            <port dstActor="D0N41" name="p33" srcActor="D0N19"/>
            <port dstActor="D0N32" name="p34" srcActor="D0N15"/>
            <port dstActor="D0N26" name="p35" srcActor="D0N15"/>
            <port dstActor="D0N35" name="p36" srcActor="D0N10"/>
            <port dstActor="D0N16" name="p37" srcActor="D0N10"/>
            <port dstActor="D0N41" name="p38" srcActor="D0N10"/>
            <port dstActor="D0N28" name="p39" srcActor="D0N4"/>
            <port dstActor="D0N20" name="p40" srcActor="D0N14"/>
            <port dstActor="D0N36" name="p41" srcActor="D0N14"/>
            <port dstActor="D0N46" name="p42" srcActor="D0N14"/>
            <port dstActor="D0N43" name="p43" srcActor="D0N22"/>
            <port dstActor="D0N42" name="p44" srcActor="D0N22"/>
            <port dstActor="D0N27" name="p45" srcActor="D0N22"/>
            <port dstActor="D0N45" name="p46" srcActor="D0N22"/>
            <port dstActor="D0N39" name="p47" srcActor="D0N6"/>
            <port dstActor="D0N25" name="p48" srcActor="D0N6"/>
            <port dstActor="D0N38" name="p49" srcActor="D0N6"/>
            <port dstActor="D0N17" name="p50" srcActor="D0N6"/>
            <port dstActor="D0N31" name="p51" srcActor="D0N6"/>
            <port dstActor="D0N28" name="p52" srcActor="D0N6"/>
            <port dstActor="D0N47" name="p53" srcActor="D0N9"/>
            <port dstActor="D0N41" name="p54" srcActor="D0N9"/>
            <port dstActor="D0N10" name="p55" srcActor="D0N9"/>
            <port dstActor="D0N11" name="p56" srcActor="D0N9"/>
            <port dstActor="D0N46" name="p57" srcActor="D0N9"/>
            <port dstActor="D0N10" name="p58" srcActor="D0N8"/>
            <port dstActor="D0N40" name="p59" srcActor="D0N21"/>
            <port dstActor="D0N26" name="p60" srcActor="D0N21"/>
            <port dstActor="D0N45" name="p61" srcActor="D0N21"/>
            <port dstActor="D0N44" name="p62" srcActor="D0N21"/>
            <port dstActor="D0N37" name="p63" srcActor="D0N36"/>
            <port dstActor="D0N45" name="p64" srcActor="D0N28"/>
            <port dstActor="D0N32" name="p65" srcActor="D0N28"/>
            <port dstActor="D0N29" name="p66" srcActor="D0N28"/>
            <port dstActor="D0N45" name="p67" srcActor="D0N37"/>
            <port dstActor="D0N42" name="p68" srcActor="D0N37"/>
            <port dstActor="D0N47" name="p69" srcActor="D0N0"/>
            <port dstActor="D0N8" name="p70" srcActor="D0N0"/>
            <port dstActor="D0N12" name="p71" srcActor="D0N0"/>
            <port dstActor="D0N41" name="p72" srcActor="D0N0"/>
            <port dstActor="D0N17" name="p73" srcActor="D0N0"/>
            <port dstActor="D0N41" name="p74" srcActor="D0N7"/>
            <port dstActor="D0N20" name="p75" srcActor="D0N7"/>
            <port dstActor="D0N40" name="p76" srcActor="D0N7"/>
            <port dstActor="D0N25" name="p77" srcActor="D0N23"/>
            <port dstActor="D0N33" name="p78" srcActor="D0N23"/>
            <port dstActor="D0N37" name="p79" srcActor="D0N23"/>
            <port dstActor="D0N42" name="p80" srcActor="D0N1"/>
            <port dstActor="D0N15" name="p81" srcActor="D0N1"/>
            <port dstActor="D0N26" name="p82" srcActor="D0N1"/>
            <port dstActor="D0N34" name="p83" srcActor="D0N30"/>
            <port dstActor="D0N31" name="p84" srcActor="D0N30"/>
            <port dstActor="D0N4" name="p85" srcActor="D0N3"/>
            <port dstActor="D0N47" name="p86" srcActor="D0N3"/>
            <port dstActor="D0N5" name="p87" srcActor="D0N3"/>
            <port dstActor="D0N16" name="p88" srcActor="D0N3"/>
            <port dstActor="D0N36" name="p89" srcActor="D0N24"/>
            <port dstActor="D0N34" name="p90" srcActor="D0N24"/>
            <port dstActor="D0N46" name="p91" srcActor="D0N35"/>
            <port dstActor="D0N45" name="p92" srcActor="D0N31"/>
            <port dstActor="D0N44" name="p93" srcActor="D0N31"/>
            <port dstActor="D0N32" name="p94" srcActor="D0N31"/>
            <port dstActor="D0N33" name="p95" srcActor="D0N29"/>
            <port dstActor="D0N31" name="p96" srcActor="D0N5"/>
            <port dstActor="D0N24" name="p97" srcActor="D0N5"/>
            <port dstActor="D0N37" name="p98" srcActor="D0N5"/>
            <port dstActor="D0N26" name="p99" srcActor="D0N5"/>
            <port dstActor="D0N47" name="p100" srcActor="D0N12"/>
            <port dstActor="D0N33" name="p101" srcActor="D0N12"/>
            <port dstActor="D0N36" name="p102" srcActor="D0N12"/>
        </ports>
    </mcdag>
    <cores number="3"/>
    <levels number="2"/>
</mcsystem>
