<?xml version="1.0" encoding="UTF-8" standalone="no"?>
<mcsystem>
    <mcdag deadline="2500" name="genned-0-ed-10.0-0">
        <actor name="D0N30">
            <wcet number="0">10</wcet>
            <wcet number="1">20</wcet>
            <maxpow number="0.7973139863176658"/>
            <maxpow number="0.7973139863176658"/>
            <fprob>0.0</fprob>
        </actor>
        <actor name="D0N31">
            <wcet number="0">10</wcet>
            <wcet number="1">20</wcet>
            <maxpow number="0.48755645368863326"/>
            <maxpow number="0.48755645368863326"/>
            <fprob>0.0</fprob>
        </actor>
        <actor name="D0N14">
            <wcet number="0">20</wcet>
            <wcet number="1">20</wcet>
            <maxpow number="0.3780081656849801"/>
            <maxpow number="0.3780081656849801"/>
            <fprob>0.0</fprob>
        </actor>
        <actor name="D0N38">
            <wcet number="0">290</wcet>
            <wcet number="1">550</wcet>
            <maxpow number="0.7435562585360449"/>
            <maxpow number="0.7435562585360449"/>
            <fprob>0.0</fprob>
        </actor>
        <actor name="D0N11">
            <wcet number="0">20</wcet>
            <wcet number="1">20</wcet>
            <maxpow number="0.6463913085929012"/>
            <maxpow number="0.6463913085929012"/>
            <fprob>0.0</fprob>
        </actor>
        <actor name="D0N19">
            <wcet number="0">30</wcet>
            <wcet number="1">30</wcet>
            <maxpow number="0.8511523605153581"/>
            <maxpow number="0.8511523605153581"/>
            <fprob>0.0</fprob>
        </actor>
        <actor name="D0N33">
            <wcet number="0">10</wcet>
            <wcet number="1">20</wcet>
            <maxpow number="0.5642212748749406"/>
            <maxpow number="0.5642212748749406"/>
            <fprob>0.0</fprob>
        </actor>
        <actor name="D0N35">
            <wcet number="0">10</wcet>
            <wcet number="1">10</wcet>
            <maxpow number="0.025268306330895163"/>
            <maxpow number="0.025268306330895163"/>
            <fprob>0.0</fprob>
        </actor>
        <actor name="D0N37">
            <wcet number="0">30</wcet>
            <wcet number="1">100</wcet>
            <maxpow number="0.22014958696226677"/>
            <maxpow number="0.22014958696226677"/>
            <fprob>0.0</fprob>
        </actor>
        <actor name="D0N28">
            <wcet number="0">20</wcet>
            <wcet number="1">40</wcet>
            <maxpow number="0.30229010799378436"/>
            <maxpow number="0.30229010799378436"/>
            <fprob>0.0</fprob>
        </actor>
        <actor name="D0N39">
            <wcet number="0">30</wcet>
            <wcet number="1">120</wcet>
            <maxpow number="0.64312054394387"/>
            <maxpow number="0.64312054394387"/>
            <fprob>0.0</fprob>
        </actor>
        <actor name="D0N27">
            <wcet number="0">150</wcet>
            <wcet number="1">150</wcet>
            <maxpow number="0.29095232713809893"/>
            <maxpow number="0.29095232713809893"/>
            <fprob>0.0</fprob>
        </actor>
        <actor name="D0N47">
            <wcet number="0">10</wcet>
            <wcet number="1">60</wcet>
            <maxpow number="0.39212720566094406"/>
            <maxpow number="0.39212720566094406"/>
            <fprob>0.0</fprob>
        </actor>
        <actor name="D0N44">
            <wcet number="0">20</wcet>
            <wcet number="1">20</wcet>
            <maxpow number="0.4630913597280497"/>
            <maxpow number="0.4630913597280497"/>
            <fprob>0.0</fprob>
        </actor>
        <actor name="D0N9">
            <wcet number="0">90</wcet>
            <wcet number="1">140</wcet>
            <maxpow number="0.6388216630113803"/>
            <maxpow number="0.6388216630113803"/>
            <fprob>0.0</fprob>
        </actor>
        <actor name="D0N24">
            <wcet number="0">60</wcet>
            <wcet number="1">70</wcet>
            <maxpow number="0.7940997674527854"/>
            <maxpow number="0.7940997674527854"/>
            <fprob>0.0</fprob>
        </actor>
        <actor name="D0N29">
            <wcet number="0">140</wcet>
            <wcet number="1">170</wcet>
            <maxpow number="0.40738153328964"/>
            <maxpow number="0.40738153328964"/>
            <fprob>0.0</fprob>
        </actor>
        <actor name="D0N34">
            <wcet number="0">10</wcet>
            <wcet number="1">30</wcet>
            <maxpow number="0.3284395643586763"/>
            <maxpow number="0.3284395643586763"/>
            <fprob>0.0</fprob>
        </actor>
        <actor name="D0N1">
            <wcet number="0">50</wcet>
            <wcet number="1">120</wcet>
            <maxpow number="0.5325340539306387"/>
            <maxpow number="0.5325340539306387"/>
            <fprob>0.0</fprob>
        </actor>
        <actor name="D0N26">
            <wcet number="0">10</wcet>
            <wcet number="1">30</wcet>
            <maxpow number="0.4631414060077569"/>
            <maxpow number="0.4631414060077569"/>
            <fprob>0.0</fprob>
        </actor>
        <actor name="D0N3">
            <wcet number="0">90</wcet>
            <wcet number="1">240</wcet>
            <maxpow number="0.7751466387782922"/>
            <maxpow number="0.7751466387782922"/>
            <fprob>0.0</fprob>
        </actor>
        <actor name="D0N22">
            <wcet number="0">20</wcet>
            <wcet number="1">40</wcet>
            <maxpow number="0.40652619481934027"/>
            <maxpow number="0.40652619481934027"/>
            <fprob>0.0</fprob>
        </actor>
        <actor name="D0N45">
            <wcet number="0">210</wcet>
            <wcet number="1">240</wcet>
            <maxpow number="0.5647189560933015"/>
            <maxpow number="0.5647189560933015"/>
            <fprob>0.0</fprob>
        </actor>
        <actor name="D0N16">
            <wcet number="0">10</wcet>
            <wcet number="1">70</wcet>
            <maxpow number="0.7791743462975643"/>
            <maxpow number="0.7791743462975643"/>
            <fprob>0.0</fprob>
        </actor>
        <actor name="D0N17">
            <wcet number="0">130</wcet>
            <wcet number="1">140</wcet>
            <maxpow number="0.45063628258356386"/>
            <maxpow number="0.45063628258356386"/>
            <fprob>0.0</fprob>
        </actor>
        <actor name="D0N46">
            <wcet number="0">20</wcet>
            <wcet number="1">90</wcet>
            <maxpow number="0.5028891174212036"/>
            <maxpow number="0.5028891174212036"/>
            <fprob>0.0</fprob>
        </actor>
        <actor name="D0N21">
            <wcet number="0">10</wcet>
            <wcet number="1">10</wcet>
            <maxpow number="0.8868896830398239"/>
            <maxpow number="0.8868896830398239"/>
            <fprob>0.0</fprob>
        </actor>
        <actor name="D0N18">
            <wcet number="0">30</wcet>
            <wcet number="1">60</wcet>
            <maxpow number="0.4601200025738176"/>
            <maxpow number="0.4601200025738176"/>
            <fprob>0.0</fprob>
        </actor>
        <actor name="D0N2">
            <wcet number="0">20</wcet>
            <wcet number="1">20</wcet>
            <maxpow number="0.36965032447892654"/>
            <maxpow number="0.36965032447892654"/>
            <fprob>0.0</fprob>
        </actor>
        <actor name="D0N25">
            <wcet number="0">140</wcet>
            <wcet number="1">180</wcet>
            <maxpow number="0.6160845335568204"/>
            <maxpow number="0.6160845335568204"/>
            <fprob>0.0</fprob>
        </actor>
        <actor name="D0N41">
            <wcet number="0">10</wcet>
            <wcet number="1">30</wcet>
            <maxpow number="0.23497287871225309"/>
            <maxpow number="0.23497287871225309"/>
            <fprob>0.0</fprob>
        </actor>
        <actor name="D0N15">
            <wcet number="0">10</wcet>
            <wcet number="1">120</wcet>
            <maxpow number="0.5142822062686189"/>
            <maxpow number="0.5142822062686189"/>
            <fprob>0.0</fprob>
        </actor>
        <actor name="D0N20">
            <wcet number="0">190</wcet>
            <wcet number="1">260</wcet>
            <maxpow number="0.47103911838377416"/>
            <maxpow number="0.47103911838377416"/>
            <fprob>0.0</fprob>
        </actor>
        <actor name="D0N36">
            <wcet number="0">10</wcet>
            <wcet number="1">20</wcet>
            <maxpow number="0.6671532665057126"/>
            <maxpow number="0.6671532665057126"/>
            <fprob>0.0</fprob>
        </actor>
        <actor name="D0N0">
            <wcet number="0">10</wcet>
            <wcet number="1">220</wcet>
            <maxpow number="0.8347261193001152"/>
            <maxpow number="0.8347261193001152"/>
            <fprob>0.0</fprob>
        </actor>
        <actor name="D0N5">
            <wcet number="0">450</wcet>
            <wcet number="1">490</wcet>
            <maxpow number="0.4793013256136684"/>
            <maxpow number="0.4793013256136684"/>
            <fprob>0.0</fprob>
        </actor>
        <actor name="D0N4">
            <wcet number="0">100</wcet>
            <wcet number="1">390</wcet>
            <maxpow number="0.9533888810386344"/>
            <maxpow number="0.9533888810386344"/>
            <fprob>0.0</fprob>
        </actor>
        <actor name="D0N7">
            <wcet number="0">40</wcet>
            <wcet number="1">180</wcet>
            <maxpow number="0.4385340836125224"/>
            <maxpow number="0.4385340836125224"/>
            <fprob>0.0</fprob>
        </actor>
        <actor name="D0N48">
            <wcet number="0">50</wcet>
            <wcet number="1">160</wcet>
            <maxpow number="0.5160165257537157"/>
            <maxpow number="0.5160165257537157"/>
            <fprob>0.0</fprob>
        </actor>
        <actor name="D0N10">
            <wcet number="0">80</wcet>
            <wcet number="1">100</wcet>
            <maxpow number="0.5249397674732597"/>
            <maxpow number="0.5249397674732597"/>
            <fprob>0.0</fprob>
        </actor>
        <actor name="D0N32">
            <wcet number="0">50</wcet>
            <wcet number="1">80</wcet>
            <maxpow number="0.6317821710084516"/>
            <maxpow number="0.6317821710084516"/>
            <fprob>0.0</fprob>
        </actor>
        <actor name="D0N8">
            <wcet number="0">10</wcet>
            <wcet number="1">10</wcet>
            <maxpow number="0.6254839114368845"/>
            <maxpow number="0.6254839114368845"/>
            <fprob>0.0</fprob>
        </actor>
        <actor name="D0N42">
            <wcet number="0">270</wcet>
            <wcet number="1">290</wcet>
            <maxpow number="0.7807658286868251"/>
            <maxpow number="0.7807658286868251"/>
            <fprob>0.0</fprob>
        </actor>
        <actor name="D0N43">
            <wcet number="0">210</wcet>
            <wcet number="1">440</wcet>
            <maxpow number="0.6615895964902095"/>
            <maxpow number="0.6615895964902095"/>
            <fprob>0.0</fprob>
        </actor>
        <actor name="D0N13">
            <wcet number="0">60</wcet>
            <wcet number="1">70</wcet>
            <maxpow number="0.584729811071759"/>
            <maxpow number="0.584729811071759"/>
            <fprob>0.0</fprob>
        </actor>
        <actor name="D0N12">
            <wcet number="0">10</wcet>
            <wcet number="1">30</wcet>
            <maxpow number="0.7785057463308127"/>
            <maxpow number="0.7785057463308127"/>
            <fprob>0.0</fprob>
        </actor>
        <actor name="D0N6">
            <wcet number="0">20</wcet>
            <wcet number="1">50</wcet>
            <maxpow number="0.4942738079699384"/>
            <maxpow number="0.4942738079699384"/>
            <fprob>0.0</fprob>
        </actor>
        <actor name="D0N40">
            <wcet number="0">40</wcet>
            <wcet number="1">210</wcet>
            <maxpow number="0.425829515471657"/>
            <maxpow number="0.425829515471657"/>
            <fprob>0.0</fprob>
        </actor>
        <actor name="D0N23">
            <wcet number="0">10</wcet>
            <wcet number="1">20</wcet>
            <maxpow number="0.4785151781361487"/>
            <maxpow number="0.4785151781361487"/>
            <fprob>0.0</fprob>
        </actor>
        <ports>
            <port dstActor="D0N47" name="p0" srcActor="D0N30"/>
            <port dstActor="D0N43" name="p1" srcActor="D0N30"/>
            <port dstActor="D0N48" name="p2" srcActor="D0N31"/>
            <port dstActor="D0N35" name="p3" srcActor="D0N31"/>
            <port dstActor="D0N44" name="p4" srcActor="D0N14"/>
            <port dstActor="D0N48" name="p5" srcActor="D0N14"/>
            <port dstActor="D0N42" name="p6" srcActor="D0N14"/>
            <port dstActor="D0N37" name="p7" srcActor="D0N14"/>
            <port dstActor="D0N39" name="p8" srcActor="D0N14"/>
            <port dstActor="D0N12" name="p9" srcActor="D0N11"/>
            <port dstActor="D0N27" name="p10" srcActor="D0N11"/>
            <port dstActor="D0N35" name="p11" srcActor="D0N11"/>
            <port dstActor="D0N40" name="p12" srcActor="D0N19"/>
            <port dstActor="D0N35" name="p13" srcActor="D0N19"/>
            <port dstActor="D0N26" name="p14" srcActor="D0N19"/>
            <port dstActor="D0N42" name="p15" srcActor="D0N39"/>
            <port dstActor="D0N33" name="p16" srcActor="D0N27"/>
            <port dstActor="D0N46" name="p17" srcActor="D0N27"/>
            <port dstActor="D0N39" name="p18" srcActor="D0N27"/>
            <port dstActor="D0N19" name="p19" srcActor="D0N9"/>
            <port dstActor="D0N31" name="p20" srcActor="D0N9"/>
            <port dstActor="D0N44" name="p21" srcActor="D0N24"/>
            <port dstActor="D0N28" name="p22" srcActor="D0N24"/>
            <port dstActor="D0N30" name="p23" srcActor="D0N24"/>
            <port dstActor="D0N35" name="p24" srcActor="D0N29"/>
            <port dstActor="D0N44" name="p25" srcActor="D0N34"/>
            <port dstActor="D0N20" name="p26" srcActor="D0N1"/>
            <port dstActor="D0N38" name="p27" srcActor="D0N1"/>
            <port dstActor="D0N11" name="p28" srcActor="D0N1"/>
            <port dstActor="D0N28" name="p29" srcActor="D0N26"/>
            <port dstActor="D0N33" name="p30" srcActor="D0N26"/>
            <port dstActor="D0N36" name="p31" srcActor="D0N26"/>
            <port dstActor="D0N7" name="p32" srcActor="D0N3"/>
            <port dstActor="D0N16" name="p33" srcActor="D0N3"/>
            <port dstActor="D0N24" name="p34" srcActor="D0N22"/>
            <port dstActor="D0N45" name="p35" srcActor="D0N22"/>
            <port dstActor="D0N38" name="p36" srcActor="D0N22"/>
            <port dstActor="D0N38" name="p37" srcActor="D0N16"/>
            <port dstActor="D0N31" name="p38" srcActor="D0N16"/>
            <port dstActor="D0N36" name="p39" srcActor="D0N17"/>
            <port dstActor="D0N19" name="p40" srcActor="D0N17"/>
            <port dstActor="D0N39" name="p41" srcActor="D0N17"/>
            <port dstActor="D0N46" name="p42" srcActor="D0N17"/>
            <port dstActor="D0N25" name="p43" srcActor="D0N17"/>
            <port dstActor="D0N33" name="p44" srcActor="D0N17"/>
            <port dstActor="D0N35" name="p45" srcActor="D0N17"/>
            <port dstActor="D0N47" name="p46" srcActor="D0N46"/>
            <port dstActor="D0N44" name="p47" srcActor="D0N21"/>
            <port dstActor="D0N46" name="p48" srcActor="D0N21"/>
            <port dstActor="D0N34" name="p49" srcActor="D0N21"/>
            <port dstActor="D0N29" name="p50" srcActor="D0N18"/>
            <port dstActor="D0N48" name="p51" srcActor="D0N18"/>
            <port dstActor="D0N32" name="p52" srcActor="D0N18"/>
            <port dstActor="D0N40" name="p53" srcActor="D0N2"/>
            <port dstActor="D0N43" name="p54" srcActor="D0N2"/>
            <port dstActor="D0N16" name="p55" srcActor="D0N2"/>
            <port dstActor="D0N31" name="p56" srcActor="D0N2"/>
            <port dstActor="D0N21" name="p57" srcActor="D0N2"/>
            <port dstActor="D0N46" name="p58" srcActor="D0N25"/>
            <port dstActor="D0N30" name="p59" srcActor="D0N25"/>
            <port dstActor="D0N44" name="p60" srcActor="D0N25"/>
            <port dstActor="D0N26" name="p61" srcActor="D0N25"/>
            <port dstActor="D0N46" name="p62" srcActor="D0N41"/>
            <port dstActor="D0N31" name="p63" srcActor="D0N15"/>
            <port dstActor="D0N23" name="p64" srcActor="D0N15"/>
            <port dstActor="D0N36" name="p65" srcActor="D0N15"/>
            <port dstActor="D0N43" name="p66" srcActor="D0N20"/>
            <port dstActor="D0N22" name="p67" srcActor="D0N20"/>
            <port dstActor="D0N46" name="p68" srcActor="D0N36"/>
            <port dstActor="D0N40" name="p69" srcActor="D0N36"/>
            <port dstActor="D0N47" name="p70" srcActor="D0N36"/>
            <port dstActor="D0N37" name="p71" srcActor="D0N0"/>
            <port dstActor="D0N29" name="p72" srcActor="D0N0"/>
            <port dstActor="D0N38" name="p73" srcActor="D0N0"/>
            <port dstActor="D0N26" name="p74" srcActor="D0N0"/>
            <port dstActor="D0N11" name="p75" srcActor="D0N0"/>
            <port dstActor="D0N17" name="p76" srcActor="D0N0"/>
            <port dstActor="D0N41" name="p77" srcActor="D0N5"/>
            <port dstActor="D0N8" name="p78" srcActor="D0N5"/>
            <port dstActor="D0N25" name="p79" srcActor="D0N5"/>
            <port dstActor="D0N13" name="p80" srcActor="D0N4"/>
            <port dstActor="D0N23" name="p81" srcActor="D0N4"/>
            <port dstActor="D0N12" name="p82" srcActor="D0N4"/>
            <port dstActor="D0N45" name="p83" srcActor="D0N4"/>
            <port dstActor="D0N30" name="p84" srcActor="D0N4"/>
            <port dstActor="D0N36" name="p85" srcActor="D0N4"/>
            <port dstActor="D0N9" name="p86" srcActor="D0N7"/>
            <port dstActor="D0N38" name="p87" srcActor="D0N7"/>
            <port dstActor="D0N25" name="p88" srcActor="D0N7"/>
            <port dstActor="D0N11" name="p89" srcActor="D0N7"/>
            <port dstActor="D0N26" name="p90" srcActor="D0N10"/>
            <port dstActor="D0N43" name="p91" srcActor="D0N10"/>
            <port dstActor="D0N12" name="p92" srcActor="D0N10"/>
            <port dstActor="D0N36" name="p93" srcActor="D0N10"/>
            <port dstActor="D0N27" name="p94" srcActor="D0N10"/>
            <port dstActor="D0N22" name="p95" srcActor="D0N8"/>
            <port dstActor="D0N13" name="p96" srcActor="D0N8"/>
            <port dstActor="D0N19" name="p97" srcActor="D0N8"/>
            <port dstActor="D0N22" name="p98" srcActor="D0N13"/>
            <port dstActor="D0N24" name="p99" srcActor="D0N13"/>
            <port dstActor="D0N32" name="p100" srcActor="D0N12"/>
            <port dstActor="D0N43" name="p101" srcActor="D0N40"/>
            <port dstActor="D0N40" name="p102" srcActor="D0N23"/>
        </ports>
    </mcdag>
    <cores number="3"/>
    <levels number="2"/>
</mcsystem>
