<?xml version="1.0" encoding="UTF-8" standalone="no"?>
<mcsystem>
    <mcdag deadline="1200" name="genned-0-ed-10.0-0">
        <actor name="D0N23">
            <wcet number="0">10</wcet>
            <wcet number="1">10</wcet>
            <maxpow number="0.750014126880449"/>
            <maxpow number="0.750014126880449"/>
            <fprob>0.0</fprob>
        </actor>
        <actor name="D0N18">
            <wcet number="0">30</wcet>
            <wcet number="1">110</wcet>
            <maxpow number="0.5816229520496887"/>
            <maxpow number="0.5816229520496887"/>
            <fprob>0.0</fprob>
        </actor>
        <actor name="D0N15">
            <wcet number="0">20</wcet>
            <wcet number="1">20</wcet>
            <maxpow number="0.6029652217111331"/>
            <maxpow number="0.6029652217111331"/>
            <fprob>0.0</fprob>
        </actor>
        <actor name="D0N29">
            <wcet number="0">10</wcet>
            <wcet number="1">10</wcet>
            <maxpow number="0.5188613025406884"/>
            <maxpow number="0.5188613025406884"/>
            <fprob>0.0</fprob>
        </actor>
        <actor name="D0N45">
            <wcet number="0">30</wcet>
            <wcet number="1">40</wcet>
            <maxpow number="0.6113842413421132"/>
            <maxpow number="0.6113842413421132"/>
            <fprob>0.0</fprob>
        </actor>
        <actor name="D0N3">
            <wcet number="0">10</wcet>
            <wcet number="1">30</wcet>
            <maxpow number="0.9368508348557334"/>
            <maxpow number="0.9368508348557334"/>
            <fprob>0.0</fprob>
        </actor>
        <actor name="D0N9">
            <wcet number="0">30</wcet>
            <wcet number="1">70</wcet>
            <maxpow number="0.39313760796561226"/>
            <maxpow number="0.39313760796561226"/>
            <fprob>0.0</fprob>
        </actor>
        <actor name="D0N38">
            <wcet number="0">10</wcet>
            <wcet number="1">10</wcet>
            <maxpow number="0.590561117471794"/>
            <maxpow number="0.590561117471794"/>
            <fprob>0.0</fprob>
        </actor>
        <actor name="D0N1">
            <wcet number="0">20</wcet>
            <wcet number="1">100</wcet>
            <maxpow number="0.6263019988382602"/>
            <maxpow number="0.6263019988382602"/>
            <fprob>0.0</fprob>
        </actor>
        <actor name="D0N7">
            <wcet number="0">40</wcet>
            <wcet number="1">80</wcet>
            <maxpow number="0.6343099665258682"/>
            <maxpow number="0.6343099665258682"/>
            <fprob>0.0</fprob>
        </actor>
        <actor name="D0N28">
            <wcet number="0">10</wcet>
            <wcet number="1">20</wcet>
            <maxpow number="0.48226355564009005"/>
            <maxpow number="0.48226355564009005"/>
            <fprob>0.0</fprob>
        </actor>
        <actor name="D0N36">
            <wcet number="0">20</wcet>
            <wcet number="1">20</wcet>
            <maxpow number="0.7308187497312064"/>
            <maxpow number="0.7308187497312064"/>
            <fprob>0.0</fprob>
        </actor>
        <actor name="D0N32">
            <wcet number="0">20</wcet>
            <wcet number="1">20</wcet>
            <maxpow number="0.7051287041967627"/>
            <maxpow number="0.7051287041967627"/>
            <fprob>0.0</fprob>
        </actor>
        <actor name="D0N13">
            <wcet number="0">60</wcet>
            <wcet number="1">90</wcet>
            <maxpow number="0.56092927972668"/>
            <maxpow number="0.56092927972668"/>
            <fprob>0.0</fprob>
        </actor>
        <actor name="D0N42">
            <wcet number="0">20</wcet>
            <wcet number="1">20</wcet>
            <maxpow number="0.5625540891525328"/>
            <maxpow number="0.5625540891525328"/>
            <fprob>0.0</fprob>
        </actor>
        <actor name="D0N43">
            <wcet number="0">20</wcet>
            <wcet number="1">20</wcet>
            <maxpow number="0.45371788603214547"/>
            <maxpow number="0.45371788603214547"/>
            <fprob>0.0</fprob>
        </actor>
        <actor name="D0N34">
            <wcet number="0">80</wcet>
            <wcet number="1">80</wcet>
            <maxpow number="0.4325406521116988"/>
            <maxpow number="0.4325406521116988"/>
            <fprob>0.0</fprob>
        </actor>
        <actor name="D0N4">
            <wcet number="0">20</wcet>
            <wcet number="1">40</wcet>
            <maxpow number="0.6137279901704578"/>
            <maxpow number="0.6137279901704578"/>
            <fprob>0.0</fprob>
        </actor>
        <actor name="D0N48">
            <wcet number="0">80</wcet>
            <wcet number="1">100</wcet>
            <maxpow number="0.46982104713608963"/>
            <maxpow number="0.46982104713608963"/>
            <fprob>0.0</fprob>
        </actor>
        <actor name="D0N39">
            <wcet number="0">60</wcet>
            <wcet number="1">210</wcet>
            <maxpow number="0.5184086016817258"/>
            <maxpow number="0.5184086016817258"/>
            <fprob>0.0</fprob>
        </actor>
        <actor name="D0N26">
            <wcet number="0">90</wcet>
            <wcet number="1">110</wcet>
            <maxpow number="0.13821014257547592"/>
            <maxpow number="0.13821014257547592"/>
            <fprob>0.0</fprob>
        </actor>
        <actor name="D0N24">
            <wcet number="0">30</wcet>
            <wcet number="1">30</wcet>
            <maxpow number="0.4663691075044543"/>
            <maxpow number="0.4663691075044543"/>
            <fprob>0.0</fprob>
        </actor>
        <actor name="D0N11">
            <wcet number="0">160</wcet>
            <wcet number="1">230</wcet>
            <maxpow number="0.20968236398753803"/>
            <maxpow number="0.20968236398753803"/>
            <fprob>0.0</fprob>
        </actor>
        <actor name="D0N31">
            <wcet number="0">20</wcet>
            <wcet number="1">20</wcet>
            <maxpow number="0.4592635618643644"/>
            <maxpow number="0.4592635618643644"/>
            <fprob>0.0</fprob>
        </actor>
        <actor name="D0N40">
            <wcet number="0">40</wcet>
            <wcet number="1">40</wcet>
            <maxpow number="0.6815217206889195"/>
            <maxpow number="0.6815217206889195"/>
            <fprob>0.0</fprob>
        </actor>
        <actor name="D0N19">
            <wcet number="0">50</wcet>
            <wcet number="1">330</wcet>
            <maxpow number="0.42269423527619876"/>
            <maxpow number="0.42269423527619876"/>
            <fprob>0.0</fprob>
        </actor>
        <actor name="D0N5">
            <wcet number="0">10</wcet>
            <wcet number="1">50</wcet>
            <maxpow number="0.4937650229085783"/>
            <maxpow number="0.4937650229085783"/>
            <fprob>0.0</fprob>
        </actor>
        <actor name="D0N2">
            <wcet number="0">10</wcet>
            <wcet number="1">10</wcet>
            <maxpow number="0.08300480298803603"/>
            <maxpow number="0.08300480298803603"/>
            <fprob>0.0</fprob>
        </actor>
        <actor name="D0N8">
            <wcet number="0">80</wcet>
            <wcet number="1">120</wcet>
            <maxpow number="0.9658695463984341"/>
            <maxpow number="0.9658695463984341"/>
            <fprob>0.0</fprob>
        </actor>
        <actor name="D0N0">
            <wcet number="0">10</wcet>
            <wcet number="1">10</wcet>
            <maxpow number="0.5113947454131798"/>
            <maxpow number="0.5113947454131798"/>
            <fprob>0.0</fprob>
        </actor>
        <actor name="D0N46">
            <wcet number="0">50</wcet>
            <wcet number="1">80</wcet>
            <maxpow number="0.8084176583817585"/>
            <maxpow number="0.8084176583817585"/>
            <fprob>0.0</fprob>
        </actor>
        <actor name="D0N47">
            <wcet number="0">60</wcet>
            <wcet number="1">160</wcet>
            <maxpow number="0.7596527362201885"/>
            <maxpow number="0.7596527362201885"/>
            <fprob>0.0</fprob>
        </actor>
        <actor name="D0N41">
            <wcet number="0">20</wcet>
            <wcet number="1">90</wcet>
            <maxpow number="0.6679847866365269"/>
            <maxpow number="0.6679847866365269"/>
            <fprob>0.0</fprob>
        </actor>
        <actor name="D0N30">
            <wcet number="0">10</wcet>
            <wcet number="1">60</wcet>
            <maxpow number="0.6345409198489198"/>
            <maxpow number="0.6345409198489198"/>
            <fprob>0.0</fprob>
        </actor>
        <actor name="D0N10">
            <wcet number="0">70</wcet>
            <wcet number="1">110</wcet>
            <maxpow number="0.355093467963718"/>
            <maxpow number="0.355093467963718"/>
            <fprob>0.0</fprob>
        </actor>
        <actor name="D0N21">
            <wcet number="0">10</wcet>
            <wcet number="1">10</wcet>
            <maxpow number="0.7682162308170148"/>
            <maxpow number="0.7682162308170148"/>
            <fprob>0.0</fprob>
        </actor>
        <actor name="D0N35">
            <wcet number="0">70</wcet>
            <wcet number="1">130</wcet>
            <maxpow number="0.6109477558799911"/>
            <maxpow number="0.6109477558799911"/>
            <fprob>0.0</fprob>
        </actor>
        <actor name="D0N17">
            <wcet number="0">20</wcet>
            <wcet number="1">20</wcet>
            <maxpow number="0.6601868237467947"/>
            <maxpow number="0.6601868237467947"/>
            <fprob>0.0</fprob>
        </actor>
        <actor name="D0N20">
            <wcet number="0">20</wcet>
            <wcet number="1">60</wcet>
            <maxpow number="0.5756825971684623"/>
            <maxpow number="0.5756825971684623"/>
            <fprob>0.0</fprob>
        </actor>
        <actor name="D0N44">
            <wcet number="0">90</wcet>
            <wcet number="1">130</wcet>
            <maxpow number="0.41548326659118984"/>
            <maxpow number="0.41548326659118984"/>
            <fprob>0.0</fprob>
        </actor>
        <actor name="D0N6">
            <wcet number="0">20</wcet>
            <wcet number="1">30</wcet>
            <maxpow number="0.5482472908454166"/>
            <maxpow number="0.5482472908454166"/>
            <fprob>0.0</fprob>
        </actor>
        <actor name="D0N16">
            <wcet number="0">20</wcet>
            <wcet number="1">20</wcet>
            <maxpow number="0.8518904359435591"/>
            <maxpow number="0.8518904359435591"/>
            <fprob>0.0</fprob>
        </actor>
        <actor name="D0N25">
            <wcet number="0">40</wcet>
            <wcet number="1">120</wcet>
            <maxpow number="0.11454463307871965"/>
            <maxpow number="0.11454463307871965"/>
            <fprob>0.0</fprob>
        </actor>
        <actor name="D0N33">
            <wcet number="0">40</wcet>
            <wcet number="1">60</wcet>
            <maxpow number="0.6095296805453292"/>
            <maxpow number="0.6095296805453292"/>
            <fprob>0.0</fprob>
        </actor>
        <actor name="D0N37">
            <wcet number="0">90</wcet>
            <wcet number="1">140</wcet>
            <maxpow number="0.2739719789102372"/>
            <maxpow number="0.2739719789102372"/>
            <fprob>0.0</fprob>
        </actor>
        <actor name="D0N12">
            <wcet number="0">20</wcet>
            <wcet number="1">60</wcet>
            <maxpow number="0.49420478239540255"/>
            <maxpow number="0.49420478239540255"/>
            <fprob>0.0</fprob>
        </actor>
        <actor name="D0N27">
            <wcet number="0">10</wcet>
            <wcet number="1">10</wcet>
            <maxpow number="0.5798713287012013"/>
            <maxpow number="0.5798713287012013"/>
            <fprob>0.0</fprob>
        </actor>
        <actor name="D0N22">
            <wcet number="0">50</wcet>
            <wcet number="1">50</wcet>
            <maxpow number="0.4941766810360113"/>
            <maxpow number="0.4941766810360113"/>
            <fprob>0.0</fprob>
        </actor>
        <actor name="D0N14">
            <wcet number="0">70</wcet>
            <wcet number="1">90</wcet>
            <maxpow number="0.6773727870758101"/>
            <maxpow number="0.6773727870758101"/>
            <fprob>0.0</fprob>
        </actor>
        <ports>
            <port dstActor="D0N41" name="p0" srcActor="D0N23"/>
            <port dstActor="D0N25" name="p1" srcActor="D0N23"/>
            <port dstActor="D0N17" name="p2" srcActor="D0N15"/>
            <port dstActor="D0N37" name="p3" srcActor="D0N15"/>
            <port dstActor="D0N40" name="p4" srcActor="D0N15"/>
            <port dstActor="D0N30" name="p5" srcActor="D0N29"/>
            <port dstActor="D0N35" name="p6" srcActor="D0N29"/>
            <port dstActor="D0N46" name="p7" srcActor="D0N45"/>
            <port dstActor="D0N22" name="p8" srcActor="D0N3"/>
            <port dstActor="D0N14" name="p9" srcActor="D0N9"/>
            <port dstActor="D0N48" name="p10" srcActor="D0N9"/>
            <port dstActor="D0N11" name="p11" srcActor="D0N9"/>
            <port dstActor="D0N26" name="p12" srcActor="D0N9"/>
            <port dstActor="D0N43" name="p13" srcActor="D0N9"/>
            <port dstActor="D0N47" name="p14" srcActor="D0N1"/>
            <port dstActor="D0N4" name="p15" srcActor="D0N1"/>
            <port dstActor="D0N48" name="p16" srcActor="D0N1"/>
            <port dstActor="D0N43" name="p17" srcActor="D0N1"/>
            <port dstActor="D0N7" name="p18" srcActor="D0N1"/>
            <port dstActor="D0N21" name="p19" srcActor="D0N1"/>
            <port dstActor="D0N25" name="p20" srcActor="D0N1"/>
            <port dstActor="D0N24" name="p21" srcActor="D0N7"/>
            <port dstActor="D0N30" name="p22" srcActor="D0N7"/>
            <port dstActor="D0N32" name="p23" srcActor="D0N7"/>
            <port dstActor="D0N25" name="p24" srcActor="D0N7"/>
            <port dstActor="D0N41" name="p25" srcActor="D0N28"/>
            <port dstActor="D0N39" name="p26" srcActor="D0N28"/>
            <port dstActor="D0N35" name="p27" srcActor="D0N28"/>
            <port dstActor="D0N46" name="p28" srcActor="D0N36"/>
            <port dstActor="D0N40" name="p29" srcActor="D0N32"/>
            <port dstActor="D0N41" name="p30" srcActor="D0N13"/>
            <port dstActor="D0N45" name="p31" srcActor="D0N13"/>
            <port dstActor="D0N17" name="p32" srcActor="D0N13"/>
            <port dstActor="D0N33" name="p33" srcActor="D0N13"/>
            <port dstActor="D0N43" name="p34" srcActor="D0N13"/>
            <port dstActor="D0N44" name="p35" srcActor="D0N43"/>
            <port dstActor="D0N37" name="p36" srcActor="D0N34"/>
            <port dstActor="D0N40" name="p37" srcActor="D0N4"/>
            <port dstActor="D0N34" name="p38" srcActor="D0N4"/>
            <port dstActor="D0N20" name="p39" srcActor="D0N4"/>
            <port dstActor="D0N45" name="p40" srcActor="D0N39"/>
            <port dstActor="D0N47" name="p41" srcActor="D0N39"/>
            <port dstActor="D0N42" name="p42" srcActor="D0N39"/>
            <port dstActor="D0N28" name="p43" srcActor="D0N26"/>
            <port dstActor="D0N38" name="p44" srcActor="D0N26"/>
            <port dstActor="D0N31" name="p45" srcActor="D0N26"/>
            <port dstActor="D0N29" name="p46" srcActor="D0N26"/>
            <port dstActor="D0N32" name="p47" srcActor="D0N24"/>
            <port dstActor="D0N32" name="p48" srcActor="D0N11"/>
            <port dstActor="D0N18" name="p49" srcActor="D0N11"/>
            <port dstActor="D0N16" name="p50" srcActor="D0N11"/>
            <port dstActor="D0N19" name="p51" srcActor="D0N11"/>
            <port dstActor="D0N42" name="p52" srcActor="D0N31"/>
            <port dstActor="D0N35" name="p53" srcActor="D0N31"/>
            <port dstActor="D0N28" name="p54" srcActor="D0N19"/>
            <port dstActor="D0N31" name="p55" srcActor="D0N19"/>
            <port dstActor="D0N44" name="p56" srcActor="D0N19"/>
            <port dstActor="D0N29" name="p57" srcActor="D0N19"/>
            <port dstActor="D0N32" name="p58" srcActor="D0N19"/>
            <port dstActor="D0N28" name="p59" srcActor="D0N5"/>
            <port dstActor="D0N45" name="p60" srcActor="D0N5"/>
            <port dstActor="D0N48" name="p61" srcActor="D0N5"/>
            <port dstActor="D0N43" name="p62" srcActor="D0N2"/>
            <port dstActor="D0N39" name="p63" srcActor="D0N2"/>
            <port dstActor="D0N10" name="p64" srcActor="D0N8"/>
            <port dstActor="D0N41" name="p65" srcActor="D0N8"/>
            <port dstActor="D0N24" name="p66" srcActor="D0N8"/>
            <port dstActor="D0N32" name="p67" srcActor="D0N0"/>
            <port dstActor="D0N19" name="p68" srcActor="D0N0"/>
            <port dstActor="D0N28" name="p69" srcActor="D0N0"/>
            <port dstActor="D0N12" name="p70" srcActor="D0N0"/>
            <port dstActor="D0N47" name="p71" srcActor="D0N46"/>
            <port dstActor="D0N48" name="p72" srcActor="D0N41"/>
            <port dstActor="D0N32" name="p73" srcActor="D0N30"/>
            <port dstActor="D0N36" name="p74" srcActor="D0N30"/>
            <port dstActor="D0N44" name="p75" srcActor="D0N30"/>
            <port dstActor="D0N38" name="p76" srcActor="D0N10"/>
            <port dstActor="D0N24" name="p77" srcActor="D0N10"/>
            <port dstActor="D0N42" name="p78" srcActor="D0N10"/>
            <port dstActor="D0N22" name="p79" srcActor="D0N21"/>
            <port dstActor="D0N31" name="p80" srcActor="D0N21"/>
            <port dstActor="D0N33" name="p81" srcActor="D0N21"/>
            <port dstActor="D0N19" name="p82" srcActor="D0N17"/>
            <port dstActor="D0N28" name="p83" srcActor="D0N17"/>
            <port dstActor="D0N31" name="p84" srcActor="D0N17"/>
            <port dstActor="D0N20" name="p85" srcActor="D0N17"/>
            <port dstActor="D0N41" name="p86" srcActor="D0N17"/>
            <port dstActor="D0N37" name="p87" srcActor="D0N17"/>
            <port dstActor="D0N24" name="p88" srcActor="D0N17"/>
            <port dstActor="D0N28" name="p89" srcActor="D0N20"/>
            <port dstActor="D0N18" name="p90" srcActor="D0N6"/>
            <port dstActor="D0N38" name="p91" srcActor="D0N16"/>
            <port dstActor="D0N20" name="p92" srcActor="D0N16"/>
            <port dstActor="D0N39" name="p93" srcActor="D0N16"/>
            <port dstActor="D0N22" name="p94" srcActor="D0N16"/>
            <port dstActor="D0N19" name="p95" srcActor="D0N16"/>
            <port dstActor="D0N37" name="p96" srcActor="D0N25"/>
            <port dstActor="D0N35" name="p97" srcActor="D0N33"/>
            <port dstActor="D0N16" name="p98" srcActor="D0N12"/>
            <port dstActor="D0N30" name="p99" srcActor="D0N12"/>
            <port dstActor="D0N23" name="p100" srcActor="D0N12"/>
            <port dstActor="D0N41" name="p101" srcActor="D0N12"/>
            <port dstActor="D0N43" name="p102" srcActor="D0N27"/>
            <port dstActor="D0N42" name="p103" srcActor="D0N27"/>
            <port dstActor="D0N31" name="p104" srcActor="D0N27"/>
            <port dstActor="D0N33" name="p105" srcActor="D0N22"/>
            <port dstActor="D0N23" name="p106" srcActor="D0N22"/>
            <port dstActor="D0N30" name="p107" srcActor="D0N22"/>
            <port dstActor="D0N45" name="p108" srcActor="D0N22"/>
            <port dstActor="D0N38" name="p109" srcActor="D0N22"/>
            <port dstActor="D0N41" name="p110" srcActor="D0N14"/>
            <port dstActor="D0N17" name="p111" srcActor="D0N14"/>
            <port dstActor="D0N16" name="p112" srcActor="D0N14"/>
            <port dstActor="D0N46" name="p113" srcActor="D0N14"/>
        </ports>
    </mcdag>
    <cores number="3"/>
    <levels number="2"/>
</mcsystem>
