<?xml version="1.0" encoding="UTF-8" standalone="no"?>
<mcsystem>
    <mcdag deadline="2500" name="genned-0-ed-10.0-0">
        <actor name="D0N9">
            <wcet number="0">10</wcet>
            <wcet number="1">10</wcet>
            <maxpow number="0.8074372800242924"/>
            <maxpow number="0.8074372800242924"/>
            <fprob>0.0</fprob>
        </actor>
        <actor name="D0N21">
            <wcet number="0">230</wcet>
            <wcet number="1">320</wcet>
            <maxpow number="0.21461054513316952"/>
            <maxpow number="0.21461054513316952"/>
            <fprob>0.0</fprob>
        </actor>
        <actor name="D0N39">
            <wcet number="0">180</wcet>
            <wcet number="1">190</wcet>
            <maxpow number="0.301407900071467"/>
            <maxpow number="0.301407900071467"/>
            <fprob>0.0</fprob>
        </actor>
        <actor name="D0N25">
            <wcet number="0">20</wcet>
            <wcet number="1">80</wcet>
            <maxpow number="0.5628782051749788"/>
            <maxpow number="0.5628782051749788"/>
            <fprob>0.0</fprob>
        </actor>
        <actor name="D0N40">
            <wcet number="0">60</wcet>
            <wcet number="1">70</wcet>
            <maxpow number="0.8623350638591324"/>
            <maxpow number="0.8623350638591324"/>
            <fprob>0.0</fprob>
        </actor>
        <actor name="D0N27">
            <wcet number="0">10</wcet>
            <wcet number="1">70</wcet>
            <maxpow number="0.42543382449903344"/>
            <maxpow number="0.42543382449903344"/>
            <fprob>0.0</fprob>
        </actor>
        <actor name="D0N22">
            <wcet number="0">30</wcet>
            <wcet number="1">70</wcet>
            <maxpow number="0.6560308764434603"/>
            <maxpow number="0.6560308764434603"/>
            <fprob>0.0</fprob>
        </actor>
        <actor name="D0N5">
            <wcet number="0">90</wcet>
            <wcet number="1">150</wcet>
            <maxpow number="0.576079313986899"/>
            <maxpow number="0.576079313986899"/>
            <fprob>0.0</fprob>
        </actor>
        <actor name="D0N6">
            <wcet number="0">80</wcet>
            <wcet number="1">120</wcet>
            <maxpow number="0.22461952071973512"/>
            <maxpow number="0.22461952071973512"/>
            <fprob>0.0</fprob>
        </actor>
        <actor name="D0N23">
            <wcet number="0">50</wcet>
            <wcet number="1">180</wcet>
            <maxpow number="0.6590858349421098"/>
            <maxpow number="0.6590858349421098"/>
            <fprob>0.0</fprob>
        </actor>
        <actor name="D0N4">
            <wcet number="0">40</wcet>
            <wcet number="1">40</wcet>
            <maxpow number="0.5280209652899115"/>
            <maxpow number="0.5280209652899115"/>
            <fprob>0.0</fprob>
        </actor>
        <actor name="D0N0">
            <wcet number="0">140</wcet>
            <wcet number="1">520</wcet>
            <maxpow number="0.6094975869627592"/>
            <maxpow number="0.6094975869627592"/>
            <fprob>0.0</fprob>
        </actor>
        <actor name="D0N11">
            <wcet number="0">120</wcet>
            <wcet number="1">200</wcet>
            <maxpow number="0.49369376500472195"/>
            <maxpow number="0.49369376500472195"/>
            <fprob>0.0</fprob>
        </actor>
        <actor name="D0N31">
            <wcet number="0">20</wcet>
            <wcet number="1">80</wcet>
            <maxpow number="0.6829296174490865"/>
            <maxpow number="0.6829296174490865"/>
            <fprob>0.0</fprob>
        </actor>
        <actor name="D0N3">
            <wcet number="0">160</wcet>
            <wcet number="1">330</wcet>
            <maxpow number="0.5087811285812996"/>
            <maxpow number="0.5087811285812996"/>
            <fprob>0.0</fprob>
        </actor>
        <actor name="D0N2">
            <wcet number="0">20</wcet>
            <wcet number="1">80</wcet>
            <maxpow number="0.5578462432121896"/>
            <maxpow number="0.5578462432121896"/>
            <fprob>0.0</fprob>
        </actor>
        <actor name="D0N12">
            <wcet number="0">50</wcet>
            <wcet number="1">80</wcet>
            <maxpow number="0.7427474550734294"/>
            <maxpow number="0.7427474550734294"/>
            <fprob>0.0</fprob>
        </actor>
        <actor name="D0N35">
            <wcet number="0">10</wcet>
            <wcet number="1">10</wcet>
            <maxpow number="0.3938468620142387"/>
            <maxpow number="0.3938468620142387"/>
            <fprob>0.0</fprob>
        </actor>
        <actor name="D0N7">
            <wcet number="0">100</wcet>
            <wcet number="1">730</wcet>
            <maxpow number="0.4077905366274952"/>
            <maxpow number="0.4077905366274952"/>
            <fprob>0.0</fprob>
        </actor>
        <actor name="D0N36">
            <wcet number="0">10</wcet>
            <wcet number="1">40</wcet>
            <maxpow number="0.5062059782127512"/>
            <maxpow number="0.5062059782127512"/>
            <fprob>0.0</fprob>
        </actor>
        <actor name="D0N17">
            <wcet number="0">240</wcet>
            <wcet number="1">250</wcet>
            <maxpow number="0.5420796280199225"/>
            <maxpow number="0.5420796280199225"/>
            <fprob>0.0</fprob>
        </actor>
        <actor name="D0N32">
            <wcet number="0">30</wcet>
            <wcet number="1">30</wcet>
            <maxpow number="0.6578789071163141"/>
            <maxpow number="0.6578789071163141"/>
            <fprob>0.0</fprob>
        </actor>
        <actor name="D0N16">
            <wcet number="0">70</wcet>
            <wcet number="1">330</wcet>
            <maxpow number="0.5938043650595829"/>
            <maxpow number="0.5938043650595829"/>
            <fprob>0.0</fprob>
        </actor>
        <actor name="D0N34">
            <wcet number="0">40</wcet>
            <wcet number="1">80</wcet>
            <maxpow number="0.5891300578845781"/>
            <maxpow number="0.5891300578845781"/>
            <fprob>0.0</fprob>
        </actor>
        <actor name="D0N13">
            <wcet number="0">70</wcet>
            <wcet number="1">130</wcet>
            <maxpow number="0.39659464701105535"/>
            <maxpow number="0.39659464701105535"/>
            <fprob>0.0</fprob>
        </actor>
        <actor name="D0N30">
            <wcet number="0">40</wcet>
            <wcet number="1">40</wcet>
            <maxpow number="0.36820943938745354"/>
            <maxpow number="0.36820943938745354"/>
            <fprob>0.0</fprob>
        </actor>
        <actor name="D0N42">
            <wcet number="0">640</wcet>
            <wcet number="1">700</wcet>
            <maxpow number="0.5143272039520841"/>
            <maxpow number="0.5143272039520841"/>
            <fprob>0.0</fprob>
        </actor>
        <actor name="D0N26">
            <wcet number="0">20</wcet>
            <wcet number="1">60</wcet>
            <maxpow number="0.5692037708590325"/>
            <maxpow number="0.5692037708590325"/>
            <fprob>0.0</fprob>
        </actor>
        <actor name="D0N8">
            <wcet number="0">30</wcet>
            <wcet number="1">50</wcet>
            <maxpow number="0.7934862787483418"/>
            <maxpow number="0.7934862787483418"/>
            <fprob>0.0</fprob>
        </actor>
        <actor name="D0N14">
            <wcet number="0">60</wcet>
            <wcet number="1">100</wcet>
            <maxpow number="0.7763248190583354"/>
            <maxpow number="0.7763248190583354"/>
            <fprob>0.0</fprob>
        </actor>
        <actor name="D0N18">
            <wcet number="0">390</wcet>
            <wcet number="1">400</wcet>
            <maxpow number="0.22297596401564035"/>
            <maxpow number="0.22297596401564035"/>
            <fprob>0.0</fprob>
        </actor>
        <actor name="D0N41">
            <wcet number="0">10</wcet>
            <wcet number="1">10</wcet>
            <maxpow number="0.719466730811715"/>
            <maxpow number="0.719466730811715"/>
            <fprob>0.0</fprob>
        </actor>
        <actor name="D0N44">
            <wcet number="0">30</wcet>
            <wcet number="1">100</wcet>
            <maxpow number="0.6203630587176753"/>
            <maxpow number="0.6203630587176753"/>
            <fprob>0.0</fprob>
        </actor>
        <actor name="D0N19">
            <wcet number="0">20</wcet>
            <wcet number="1">20</wcet>
            <maxpow number="0.6580289437965952"/>
            <maxpow number="0.6580289437965952"/>
            <fprob>0.0</fprob>
        </actor>
        <actor name="D0N15">
            <wcet number="0">100</wcet>
            <wcet number="1">120</wcet>
            <maxpow number="0.47987991634892346"/>
            <maxpow number="0.47987991634892346"/>
            <fprob>0.0</fprob>
        </actor>
        <actor name="D0N29">
            <wcet number="0">20</wcet>
            <wcet number="1">30</wcet>
            <maxpow number="0.5267832987093399"/>
            <maxpow number="0.5267832987093399"/>
            <fprob>0.0</fprob>
        </actor>
        <actor name="D0N28">
            <wcet number="0">50</wcet>
            <wcet number="1">50</wcet>
            <maxpow number="0.5040827938767494"/>
            <maxpow number="0.5040827938767494"/>
            <fprob>0.0</fprob>
        </actor>
        <actor name="D0N33">
            <wcet number="0">50</wcet>
            <wcet number="1">70</wcet>
            <maxpow number="0.5430333269339283"/>
            <maxpow number="0.5430333269339283"/>
            <fprob>0.0</fprob>
        </actor>
        <actor name="D0N10">
            <wcet number="0">10</wcet>
            <wcet number="1">10</wcet>
            <maxpow number="0.6958088797380854"/>
            <maxpow number="0.6958088797380854"/>
            <fprob>0.0</fprob>
        </actor>
        <actor name="D0N24">
            <wcet number="0">10</wcet>
            <wcet number="1">10</wcet>
            <maxpow number="0.5930928137751683"/>
            <maxpow number="0.5930928137751683"/>
            <fprob>0.0</fprob>
        </actor>
        <actor name="D0N43">
            <wcet number="0">30</wcet>
            <wcet number="1">80</wcet>
            <maxpow number="0.25811030271650265"/>
            <maxpow number="0.25811030271650265"/>
            <fprob>0.0</fprob>
        </actor>
        <actor name="D0N20">
            <wcet number="0">10</wcet>
            <wcet number="1">50</wcet>
            <maxpow number="0.723210103588942"/>
            <maxpow number="0.723210103588942"/>
            <fprob>0.0</fprob>
        </actor>
        <actor name="D0N37">
            <wcet number="0">30</wcet>
            <wcet number="1">50</wcet>
            <maxpow number="0.27402516728914555"/>
            <maxpow number="0.27402516728914555"/>
            <fprob>0.0</fprob>
        </actor>
        <actor name="D0N1">
            <wcet number="0">130</wcet>
            <wcet number="1">200</wcet>
            <maxpow number="0.7192202816534774"/>
            <maxpow number="0.7192202816534774"/>
            <fprob>0.0</fprob>
        </actor>
        <actor name="D0N38">
            <wcet number="0">100</wcet>
            <wcet number="1">160</wcet>
            <maxpow number="0.2927403804208687"/>
            <maxpow number="0.2927403804208687"/>
            <fprob>0.0</fprob>
        </actor>
        <ports>
            <port dstActor="D0N19" name="p0" srcActor="D0N9"/>
            <port dstActor="D0N28" name="p1" srcActor="D0N9"/>
            <port dstActor="D0N41" name="p2" srcActor="D0N21"/>
            <port dstActor="D0N40" name="p3" srcActor="D0N21"/>
            <port dstActor="D0N38" name="p4" srcActor="D0N25"/>
            <port dstActor="D0N36" name="p5" srcActor="D0N27"/>
            <port dstActor="D0N39" name="p6" srcActor="D0N27"/>
            <port dstActor="D0N37" name="p7" srcActor="D0N27"/>
            <port dstActor="D0N36" name="p8" srcActor="D0N22"/>
            <port dstActor="D0N24" name="p9" srcActor="D0N22"/>
            <port dstActor="D0N31" name="p10" srcActor="D0N22"/>
            <port dstActor="D0N30" name="p11" srcActor="D0N22"/>
            <port dstActor="D0N35" name="p12" srcActor="D0N22"/>
            <port dstActor="D0N22" name="p13" srcActor="D0N5"/>
            <port dstActor="D0N12" name="p14" srcActor="D0N5"/>
            <port dstActor="D0N29" name="p15" srcActor="D0N5"/>
            <port dstActor="D0N31" name="p16" srcActor="D0N5"/>
            <port dstActor="D0N36" name="p17" srcActor="D0N5"/>
            <port dstActor="D0N17" name="p18" srcActor="D0N5"/>
            <port dstActor="D0N41" name="p19" srcActor="D0N5"/>
            <port dstActor="D0N8" name="p20" srcActor="D0N6"/>
            <port dstActor="D0N39" name="p21" srcActor="D0N6"/>
            <port dstActor="D0N11" name="p22" srcActor="D0N6"/>
            <port dstActor="D0N26" name="p23" srcActor="D0N6"/>
            <port dstActor="D0N33" name="p24" srcActor="D0N6"/>
            <port dstActor="D0N40" name="p25" srcActor="D0N6"/>
            <port dstActor="D0N29" name="p26" srcActor="D0N6"/>
            <port dstActor="D0N33" name="p27" srcActor="D0N23"/>
            <port dstActor="D0N26" name="p28" srcActor="D0N23"/>
            <port dstActor="D0N30" name="p29" srcActor="D0N23"/>
            <port dstActor="D0N22" name="p30" srcActor="D0N4"/>
            <port dstActor="D0N16" name="p31" srcActor="D0N0"/>
            <port dstActor="D0N15" name="p32" srcActor="D0N0"/>
            <port dstActor="D0N17" name="p33" srcActor="D0N0"/>
            <port dstActor="D0N3" name="p34" srcActor="D0N0"/>
            <port dstActor="D0N14" name="p35" srcActor="D0N0"/>
            <port dstActor="D0N33" name="p36" srcActor="D0N0"/>
            <port dstActor="D0N17" name="p37" srcActor="D0N11"/>
            <port dstActor="D0N27" name="p38" srcActor="D0N11"/>
            <port dstActor="D0N24" name="p39" srcActor="D0N11"/>
            <port dstActor="D0N26" name="p40" srcActor="D0N11"/>
            <port dstActor="D0N44" name="p41" srcActor="D0N31"/>
            <port dstActor="D0N34" name="p42" srcActor="D0N31"/>
            <port dstActor="D0N38" name="p43" srcActor="D0N3"/>
            <port dstActor="D0N21" name="p44" srcActor="D0N2"/>
            <port dstActor="D0N17" name="p45" srcActor="D0N2"/>
            <port dstActor="D0N28" name="p46" srcActor="D0N2"/>
            <port dstActor="D0N43" name="p47" srcActor="D0N2"/>
            <port dstActor="D0N24" name="p48" srcActor="D0N2"/>
            <port dstActor="D0N11" name="p49" srcActor="D0N7"/>
            <port dstActor="D0N22" name="p50" srcActor="D0N7"/>
            <port dstActor="D0N13" name="p51" srcActor="D0N7"/>
            <port dstActor="D0N29" name="p52" srcActor="D0N7"/>
            <port dstActor="D0N36" name="p53" srcActor="D0N7"/>
            <port dstActor="D0N38" name="p54" srcActor="D0N36"/>
            <port dstActor="D0N41" name="p55" srcActor="D0N36"/>
            <port dstActor="D0N43" name="p56" srcActor="D0N17"/>
            <port dstActor="D0N20" name="p57" srcActor="D0N17"/>
            <port dstActor="D0N36" name="p58" srcActor="D0N17"/>
            <port dstActor="D0N35" name="p59" srcActor="D0N17"/>
            <port dstActor="D0N33" name="p60" srcActor="D0N17"/>
            <port dstActor="D0N38" name="p61" srcActor="D0N32"/>
            <port dstActor="D0N38" name="p62" srcActor="D0N16"/>
            <port dstActor="D0N18" name="p63" srcActor="D0N16"/>
            <port dstActor="D0N38" name="p64" srcActor="D0N34"/>
            <port dstActor="D0N40" name="p65" srcActor="D0N34"/>
            <port dstActor="D0N42" name="p66" srcActor="D0N30"/>
            <port dstActor="D0N39" name="p67" srcActor="D0N30"/>
            <port dstActor="D0N27" name="p68" srcActor="D0N26"/>
            <port dstActor="D0N10" name="p69" srcActor="D0N8"/>
            <port dstActor="D0N31" name="p70" srcActor="D0N8"/>
            <port dstActor="D0N43" name="p71" srcActor="D0N8"/>
            <port dstActor="D0N19" name="p72" srcActor="D0N8"/>
            <port dstActor="D0N37" name="p73" srcActor="D0N8"/>
            <port dstActor="D0N31" name="p74" srcActor="D0N14"/>
            <port dstActor="D0N40" name="p75" srcActor="D0N14"/>
            <port dstActor="D0N34" name="p76" srcActor="D0N14"/>
            <port dstActor="D0N18" name="p77" srcActor="D0N14"/>
            <port dstActor="D0N21" name="p78" srcActor="D0N14"/>
            <port dstActor="D0N23" name="p79" srcActor="D0N18"/>
            <port dstActor="D0N40" name="p80" srcActor="D0N18"/>
            <port dstActor="D0N38" name="p81" srcActor="D0N19"/>
            <port dstActor="D0N30" name="p82" srcActor="D0N19"/>
            <port dstActor="D0N25" name="p83" srcActor="D0N19"/>
            <port dstActor="D0N40" name="p84" srcActor="D0N15"/>
            <port dstActor="D0N24" name="p85" srcActor="D0N15"/>
            <port dstActor="D0N40" name="p86" srcActor="D0N29"/>
            <port dstActor="D0N33" name="p87" srcActor="D0N29"/>
            <port dstActor="D0N41" name="p88" srcActor="D0N33"/>
            <port dstActor="D0N31" name="p89" srcActor="D0N24"/>
            <port dstActor="D0N35" name="p90" srcActor="D0N24"/>
            <port dstActor="D0N41" name="p91" srcActor="D0N24"/>
            <port dstActor="D0N29" name="p92" srcActor="D0N20"/>
            <port dstActor="D0N28" name="p93" srcActor="D0N20"/>
            <port dstActor="D0N22" name="p94" srcActor="D0N20"/>
            <port dstActor="D0N39" name="p95" srcActor="D0N37"/>
            <port dstActor="D0N16" name="p96" srcActor="D0N1"/>
            <port dstActor="D0N19" name="p97" srcActor="D0N1"/>
            <port dstActor="D0N44" name="p98" srcActor="D0N1"/>
            <port dstActor="D0N34" name="p99" srcActor="D0N1"/>
            <port dstActor="D0N18" name="p100" srcActor="D0N1"/>
            <port dstActor="D0N4" name="p101" srcActor="D0N1"/>
            <port dstActor="D0N26" name="p102" srcActor="D0N1"/>
            <port dstActor="D0N32" name="p103" srcActor="D0N1"/>
            <port dstActor="D0N44" name="p104" srcActor="D0N38"/>
        </ports>
    </mcdag>
    <cores number="3"/>
    <levels number="2"/>
</mcsystem>
