<?xml version="1.0" encoding="UTF-8" standalone="no"?>
<mcsystem>
    <mcdag deadline="2200" name="genned-0-ed-10.0-0">
        <actor name="D0N5">
            <wcet number="0">20</wcet>
            <wcet number="1">100</wcet>
            <maxpow number="0.9906141779791786"/>
            <maxpow number="0.9906141779791786"/>
            <fprob>0.0</fprob>
        </actor>
        <actor name="D0N14">
            <wcet number="0">30</wcet>
            <wcet number="1">30</wcet>
            <maxpow number="0.753916359270459"/>
            <maxpow number="0.753916359270459"/>
            <fprob>0.0</fprob>
        </actor>
        <actor name="D0N8">
            <wcet number="0">100</wcet>
            <wcet number="1">210</wcet>
            <maxpow number="0.8134540088290609"/>
            <maxpow number="0.8134540088290609"/>
            <fprob>0.0</fprob>
        </actor>
        <actor name="D0N20">
            <wcet number="0">20</wcet>
            <wcet number="1">90</wcet>
            <maxpow number="0.7197928174255933"/>
            <maxpow number="0.7197928174255933"/>
            <fprob>0.0</fprob>
        </actor>
        <actor name="D0N38">
            <wcet number="0">90</wcet>
            <wcet number="1">330</wcet>
            <maxpow number="0.5485112768676638"/>
            <maxpow number="0.5485112768676638"/>
            <fprob>0.0</fprob>
        </actor>
        <actor name="D0N45">
            <wcet number="0">50</wcet>
            <wcet number="1">130</wcet>
            <maxpow number="0.7225035850445026"/>
            <maxpow number="0.7225035850445026"/>
            <fprob>0.0</fprob>
        </actor>
        <actor name="D0N31">
            <wcet number="0">10</wcet>
            <wcet number="1">80</wcet>
            <maxpow number="0.5944992600658139"/>
            <maxpow number="0.5944992600658139"/>
            <fprob>0.0</fprob>
        </actor>
        <actor name="D0N37">
            <wcet number="0">10</wcet>
            <wcet number="1">20</wcet>
            <maxpow number="0.4208232786467283"/>
            <maxpow number="0.4208232786467283"/>
            <fprob>0.0</fprob>
        </actor>
        <actor name="D0N12">
            <wcet number="0">40</wcet>
            <wcet number="1">50</wcet>
            <maxpow number="0.5843960945606865"/>
            <maxpow number="0.5843960945606865"/>
            <fprob>0.0</fprob>
        </actor>
        <actor name="D0N29">
            <wcet number="0">120</wcet>
            <wcet number="1">190</wcet>
            <maxpow number="0.783839693433683"/>
            <maxpow number="0.783839693433683"/>
            <fprob>0.0</fprob>
        </actor>
        <actor name="D0N0">
            <wcet number="0">130</wcet>
            <wcet number="1">130</wcet>
            <maxpow number="0.9390840965026523"/>
            <maxpow number="0.9390840965026523"/>
            <fprob>0.0</fprob>
        </actor>
        <actor name="D0N44">
            <wcet number="0">40</wcet>
            <wcet number="1">220</wcet>
            <maxpow number="0.5668225369844949"/>
            <maxpow number="0.5668225369844949"/>
            <fprob>0.0</fprob>
        </actor>
        <actor name="D0N16">
            <wcet number="0">220</wcet>
            <wcet number="1">230</wcet>
            <maxpow number="0.15159839555727483"/>
            <maxpow number="0.15159839555727483"/>
            <fprob>0.0</fprob>
        </actor>
        <actor name="D0N2">
            <wcet number="0">40</wcet>
            <wcet number="1">90</wcet>
            <maxpow number="0.28751908039270524"/>
            <maxpow number="0.28751908039270524"/>
            <fprob>0.0</fprob>
        </actor>
        <actor name="D0N17">
            <wcet number="0">50</wcet>
            <wcet number="1">50</wcet>
            <maxpow number="0.5232517054033904"/>
            <maxpow number="0.5232517054033904"/>
            <fprob>0.0</fprob>
        </actor>
        <actor name="D0N24">
            <wcet number="0">10</wcet>
            <wcet number="1">10</wcet>
            <maxpow number="0.43863748393400875"/>
            <maxpow number="0.43863748393400875"/>
            <fprob>0.0</fprob>
        </actor>
        <actor name="D0N4">
            <wcet number="0">40</wcet>
            <wcet number="1">180</wcet>
            <maxpow number="0.13087633481652172"/>
            <maxpow number="0.13087633481652172"/>
            <fprob>0.0</fprob>
        </actor>
        <actor name="D0N6">
            <wcet number="0">50</wcet>
            <wcet number="1">150</wcet>
            <maxpow number="0.9339982336262882"/>
            <maxpow number="0.9339982336262882"/>
            <fprob>0.0</fprob>
        </actor>
        <actor name="D0N18">
            <wcet number="0">70</wcet>
            <wcet number="1">90</wcet>
            <maxpow number="0.7122033942621294"/>
            <maxpow number="0.7122033942621294"/>
            <fprob>0.0</fprob>
        </actor>
        <actor name="D0N19">
            <wcet number="0">30</wcet>
            <wcet number="1">310</wcet>
            <maxpow number="0.380796134815789"/>
            <maxpow number="0.380796134815789"/>
            <fprob>0.0</fprob>
        </actor>
        <actor name="D0N27">
            <wcet number="0">70</wcet>
            <wcet number="1">110</wcet>
            <maxpow number="0.6869212216059304"/>
            <maxpow number="0.6869212216059304"/>
            <fprob>0.0</fprob>
        </actor>
        <actor name="D0N39">
            <wcet number="0">30</wcet>
            <wcet number="1">50</wcet>
            <maxpow number="0.9422976106939276"/>
            <maxpow number="0.9422976106939276"/>
            <fprob>0.0</fprob>
        </actor>
        <actor name="D0N35">
            <wcet number="0">130</wcet>
            <wcet number="1">200</wcet>
            <maxpow number="0.2994785545998292"/>
            <maxpow number="0.2994785545998292"/>
            <fprob>0.0</fprob>
        </actor>
        <actor name="D0N3">
            <wcet number="0">10</wcet>
            <wcet number="1">10</wcet>
            <maxpow number="0.6893729731198268"/>
            <maxpow number="0.6893729731198268"/>
            <fprob>0.0</fprob>
        </actor>
        <actor name="D0N40">
            <wcet number="0">80</wcet>
            <wcet number="1">160</wcet>
            <maxpow number="0.30379705792428113"/>
            <maxpow number="0.30379705792428113"/>
            <fprob>0.0</fprob>
        </actor>
        <actor name="D0N10">
            <wcet number="0">40</wcet>
            <wcet number="1">50</wcet>
            <maxpow number="0.4335160960957094"/>
            <maxpow number="0.4335160960957094"/>
            <fprob>0.0</fprob>
        </actor>
        <actor name="D0N15">
            <wcet number="0">10</wcet>
            <wcet number="1">10</wcet>
            <maxpow number="0.1618306120699594"/>
            <maxpow number="0.1618306120699594"/>
            <fprob>0.0</fprob>
        </actor>
        <actor name="D0N13">
            <wcet number="0">10</wcet>
            <wcet number="1">10</wcet>
            <maxpow number="0.6161932413764369"/>
            <maxpow number="0.6161932413764369"/>
            <fprob>0.0</fprob>
        </actor>
        <actor name="D0N42">
            <wcet number="0">20</wcet>
            <wcet number="1">100</wcet>
            <maxpow number="0.5420082814056147"/>
            <maxpow number="0.5420082814056147"/>
            <fprob>0.0</fprob>
        </actor>
        <actor name="D0N22">
            <wcet number="0">10</wcet>
            <wcet number="1">10</wcet>
            <maxpow number="0.4449645771325259"/>
            <maxpow number="0.4449645771325259"/>
            <fprob>0.0</fprob>
        </actor>
        <actor name="D0N34">
            <wcet number="0">20</wcet>
            <wcet number="1">30</wcet>
            <maxpow number="0.39208989099568026"/>
            <maxpow number="0.39208989099568026"/>
            <fprob>0.0</fprob>
        </actor>
        <actor name="D0N41">
            <wcet number="0">10</wcet>
            <wcet number="1">50</wcet>
            <maxpow number="0.22627851204293858"/>
            <maxpow number="0.22627851204293858"/>
            <fprob>0.0</fprob>
        </actor>
        <actor name="D0N9">
            <wcet number="0">40</wcet>
            <wcet number="1">60</wcet>
            <maxpow number="0.7893609536923002"/>
            <maxpow number="0.7893609536923002"/>
            <fprob>0.0</fprob>
        </actor>
        <actor name="D0N21">
            <wcet number="0">20</wcet>
            <wcet number="1">50</wcet>
            <maxpow number="0.6337774420661852"/>
            <maxpow number="0.6337774420661852"/>
            <fprob>0.0</fprob>
        </actor>
        <actor name="D0N7">
            <wcet number="0">100</wcet>
            <wcet number="1">130</wcet>
            <maxpow number="0.3996747290505901"/>
            <maxpow number="0.3996747290505901"/>
            <fprob>0.0</fprob>
        </actor>
        <actor name="D0N32">
            <wcet number="0">20</wcet>
            <wcet number="1">30</wcet>
            <maxpow number="0.8730767911808166"/>
            <maxpow number="0.8730767911808166"/>
            <fprob>0.0</fprob>
        </actor>
        <actor name="D0N26">
            <wcet number="0">70</wcet>
            <wcet number="1">180</wcet>
            <maxpow number="0.5322435544429299"/>
            <maxpow number="0.5322435544429299"/>
            <fprob>0.0</fprob>
        </actor>
        <actor name="D0N25">
            <wcet number="0">10</wcet>
            <wcet number="1">10</wcet>
            <maxpow number="0.6696645399847142"/>
            <maxpow number="0.6696645399847142"/>
            <fprob>0.0</fprob>
        </actor>
        <actor name="D0N23">
            <wcet number="0">10</wcet>
            <wcet number="1">50</wcet>
            <maxpow number="0.494428622174384"/>
            <maxpow number="0.494428622174384"/>
            <fprob>0.0</fprob>
        </actor>
        <actor name="D0N1">
            <wcet number="0">90</wcet>
            <wcet number="1">90</wcet>
            <maxpow number="0.4232461991949098"/>
            <maxpow number="0.4232461991949098"/>
            <fprob>0.0</fprob>
        </actor>
        <actor name="D0N11">
            <wcet number="0">10</wcet>
            <wcet number="1">30</wcet>
            <maxpow number="0.4280677366372398"/>
            <maxpow number="0.4280677366372398"/>
            <fprob>0.0</fprob>
        </actor>
        <actor name="D0N36">
            <wcet number="0">260</wcet>
            <wcet number="1">290</wcet>
            <maxpow number="0.4595923738722987"/>
            <maxpow number="0.4595923738722987"/>
            <fprob>0.0</fprob>
        </actor>
        <actor name="D0N43">
            <wcet number="0">60</wcet>
            <wcet number="1">60</wcet>
            <maxpow number="0.24765061174083625"/>
            <maxpow number="0.24765061174083625"/>
            <fprob>0.0</fprob>
        </actor>
        <actor name="D0N28">
            <wcet number="0">20</wcet>
            <wcet number="1">30</wcet>
            <maxpow number="0.2811989122203842"/>
            <maxpow number="0.2811989122203842"/>
            <fprob>0.0</fprob>
        </actor>
        <actor name="D0N33">
            <wcet number="0">140</wcet>
            <wcet number="1">150</wcet>
            <maxpow number="0.5979336536103228"/>
            <maxpow number="0.5979336536103228"/>
            <fprob>0.0</fprob>
        </actor>
        <actor name="D0N46">
            <wcet number="0">80</wcet>
            <wcet number="1">110</wcet>
            <maxpow number="0.8209422220465036"/>
            <maxpow number="0.8209422220465036"/>
            <fprob>0.0</fprob>
        </actor>
        <actor name="D0N47">
            <wcet number="0">170</wcet>
            <wcet number="1">180</wcet>
            <maxpow number="0.5380949014503073"/>
            <maxpow number="0.5380949014503073"/>
            <fprob>0.0</fprob>
        </actor>
        <actor name="D0N30">
            <wcet number="0">40</wcet>
            <wcet number="1">130</wcet>
            <maxpow number="0.586071614129228"/>
            <maxpow number="0.586071614129228"/>
            <fprob>0.0</fprob>
        </actor>
        <ports>
            <port dstActor="D0N9" name="p0" srcActor="D0N5"/>
            <port dstActor="D0N37" name="p1" srcActor="D0N5"/>
            <port dstActor="D0N27" name="p2" srcActor="D0N5"/>
            <port dstActor="D0N24" name="p3" srcActor="D0N5"/>
            <port dstActor="D0N7" name="p4" srcActor="D0N5"/>
            <port dstActor="D0N30" name="p5" srcActor="D0N5"/>
            <port dstActor="D0N41" name="p6" srcActor="D0N14"/>
            <port dstActor="D0N28" name="p7" srcActor="D0N14"/>
            <port dstActor="D0N31" name="p8" srcActor="D0N8"/>
            <port dstActor="D0N46" name="p9" srcActor="D0N8"/>
            <port dstActor="D0N21" name="p10" srcActor="D0N8"/>
            <port dstActor="D0N42" name="p11" srcActor="D0N8"/>
            <port dstActor="D0N43" name="p12" srcActor="D0N8"/>
            <port dstActor="D0N37" name="p13" srcActor="D0N20"/>
            <port dstActor="D0N45" name="p14" srcActor="D0N38"/>
            <port dstActor="D0N41" name="p15" srcActor="D0N37"/>
            <port dstActor="D0N38" name="p16" srcActor="D0N37"/>
            <port dstActor="D0N46" name="p17" srcActor="D0N37"/>
            <port dstActor="D0N15" name="p18" srcActor="D0N12"/>
            <port dstActor="D0N22" name="p19" srcActor="D0N12"/>
            <port dstActor="D0N31" name="p20" srcActor="D0N29"/>
            <port dstActor="D0N7" name="p21" srcActor="D0N0"/>
            <port dstActor="D0N39" name="p22" srcActor="D0N0"/>
            <port dstActor="D0N43" name="p23" srcActor="D0N0"/>
            <port dstActor="D0N19" name="p24" srcActor="D0N0"/>
            <port dstActor="D0N22" name="p25" srcActor="D0N0"/>
            <port dstActor="D0N46" name="p26" srcActor="D0N16"/>
            <port dstActor="D0N42" name="p27" srcActor="D0N16"/>
            <port dstActor="D0N5" name="p28" srcActor="D0N2"/>
            <port dstActor="D0N19" name="p29" srcActor="D0N2"/>
            <port dstActor="D0N38" name="p30" srcActor="D0N2"/>
            <port dstActor="D0N18" name="p31" srcActor="D0N2"/>
            <port dstActor="D0N40" name="p32" srcActor="D0N2"/>
            <port dstActor="D0N27" name="p33" srcActor="D0N17"/>
            <port dstActor="D0N35" name="p34" srcActor="D0N17"/>
            <port dstActor="D0N37" name="p35" srcActor="D0N24"/>
            <port dstActor="D0N40" name="p36" srcActor="D0N24"/>
            <port dstActor="D0N20" name="p37" srcActor="D0N4"/>
            <port dstActor="D0N18" name="p38" srcActor="D0N4"/>
            <port dstActor="D0N6" name="p39" srcActor="D0N4"/>
            <port dstActor="D0N16" name="p40" srcActor="D0N4"/>
            <port dstActor="D0N8" name="p41" srcActor="D0N6"/>
            <port dstActor="D0N29" name="p42" srcActor="D0N6"/>
            <port dstActor="D0N21" name="p43" srcActor="D0N6"/>
            <port dstActor="D0N44" name="p44" srcActor="D0N6"/>
            <port dstActor="D0N35" name="p45" srcActor="D0N18"/>
            <port dstActor="D0N20" name="p46" srcActor="D0N19"/>
            <port dstActor="D0N40" name="p47" srcActor="D0N19"/>
            <port dstActor="D0N35" name="p48" srcActor="D0N19"/>
            <port dstActor="D0N42" name="p49" srcActor="D0N19"/>
            <port dstActor="D0N30" name="p50" srcActor="D0N19"/>
            <port dstActor="D0N33" name="p51" srcActor="D0N19"/>
            <port dstActor="D0N34" name="p52" srcActor="D0N27"/>
            <port dstActor="D0N43" name="p53" srcActor="D0N27"/>
            <port dstActor="D0N36" name="p54" srcActor="D0N35"/>
            <port dstActor="D0N44" name="p55" srcActor="D0N35"/>
            <port dstActor="D0N27" name="p56" srcActor="D0N3"/>
            <port dstActor="D0N9" name="p57" srcActor="D0N3"/>
            <port dstActor="D0N13" name="p58" srcActor="D0N3"/>
            <port dstActor="D0N24" name="p59" srcActor="D0N3"/>
            <port dstActor="D0N42" name="p60" srcActor="D0N3"/>
            <port dstActor="D0N21" name="p61" srcActor="D0N3"/>
            <port dstActor="D0N29" name="p62" srcActor="D0N3"/>
            <port dstActor="D0N43" name="p63" srcActor="D0N40"/>
            <port dstActor="D0N25" name="p64" srcActor="D0N10"/>
            <port dstActor="D0N13" name="p65" srcActor="D0N10"/>
            <port dstActor="D0N30" name="p66" srcActor="D0N10"/>
            <port dstActor="D0N39" name="p67" srcActor="D0N15"/>
            <port dstActor="D0N37" name="p68" srcActor="D0N15"/>
            <port dstActor="D0N29" name="p69" srcActor="D0N15"/>
            <port dstActor="D0N45" name="p70" srcActor="D0N13"/>
            <port dstActor="D0N25" name="p71" srcActor="D0N13"/>
            <port dstActor="D0N36" name="p72" srcActor="D0N13"/>
            <port dstActor="D0N43" name="p73" srcActor="D0N42"/>
            <port dstActor="D0N40" name="p74" srcActor="D0N22"/>
            <port dstActor="D0N41" name="p75" srcActor="D0N22"/>
            <port dstActor="D0N32" name="p76" srcActor="D0N22"/>
            <port dstActor="D0N44" name="p77" srcActor="D0N34"/>
            <port dstActor="D0N47" name="p78" srcActor="D0N41"/>
            <port dstActor="D0N25" name="p79" srcActor="D0N9"/>
            <port dstActor="D0N32" name="p80" srcActor="D0N9"/>
            <port dstActor="D0N18" name="p81" srcActor="D0N9"/>
            <port dstActor="D0N26" name="p82" srcActor="D0N9"/>
            <port dstActor="D0N24" name="p83" srcActor="D0N21"/>
            <port dstActor="D0N40" name="p84" srcActor="D0N21"/>
            <port dstActor="D0N31" name="p85" srcActor="D0N7"/>
            <port dstActor="D0N35" name="p86" srcActor="D0N7"/>
            <port dstActor="D0N45" name="p87" srcActor="D0N7"/>
            <port dstActor="D0N17" name="p88" srcActor="D0N7"/>
            <port dstActor="D0N47" name="p89" srcActor="D0N32"/>
            <port dstActor="D0N40" name="p90" srcActor="D0N32"/>
            <port dstActor="D0N40" name="p91" srcActor="D0N26"/>
            <port dstActor="D0N30" name="p92" srcActor="D0N26"/>
            <port dstActor="D0N34" name="p93" srcActor="D0N25"/>
            <port dstActor="D0N31" name="p94" srcActor="D0N25"/>
            <port dstActor="D0N43" name="p95" srcActor="D0N25"/>
            <port dstActor="D0N29" name="p96" srcActor="D0N25"/>
            <port dstActor="D0N37" name="p97" srcActor="D0N25"/>
            <port dstActor="D0N31" name="p98" srcActor="D0N23"/>
            <port dstActor="D0N26" name="p99" srcActor="D0N23"/>
            <port dstActor="D0N27" name="p100" srcActor="D0N23"/>
            <port dstActor="D0N34" name="p101" srcActor="D0N23"/>
            <port dstActor="D0N3" name="p102" srcActor="D0N1"/>
            <port dstActor="D0N14" name="p103" srcActor="D0N1"/>
            <port dstActor="D0N15" name="p104" srcActor="D0N1"/>
            <port dstActor="D0N11" name="p105" srcActor="D0N1"/>
            <port dstActor="D0N34" name="p106" srcActor="D0N11"/>
            <port dstActor="D0N43" name="p107" srcActor="D0N11"/>
            <port dstActor="D0N25" name="p108" srcActor="D0N11"/>
            <port dstActor="D0N42" name="p109" srcActor="D0N11"/>
            <port dstActor="D0N45" name="p110" srcActor="D0N11"/>
            <port dstActor="D0N20" name="p111" srcActor="D0N11"/>
            <port dstActor="D0N40" name="p112" srcActor="D0N36"/>
            <port dstActor="D0N31" name="p113" srcActor="D0N28"/>
            <port dstActor="D0N32" name="p114" srcActor="D0N28"/>
            <port dstActor="D0N43" name="p115" srcActor="D0N33"/>
            <port dstActor="D0N41" name="p116" srcActor="D0N33"/>
            <port dstActor="D0N31" name="p117" srcActor="D0N30"/>
        </ports>
    </mcdag>
    <cores number="3"/>
    <levels number="2"/>
</mcsystem>
