<?xml version="1.0" encoding="UTF-8" standalone="no"?>
<mcsystem>
    <mcdag deadline="2200" name="genned-0-ed-10.0-0">
        <actor name="D0N14">
            <wcet number="0">110</wcet>
            <wcet number="1">160</wcet>
            <maxpow number="0.4644241778784268"/>
            <maxpow number="0.4644241778784268"/>
            <fprob>0.0</fprob>
        </actor>
        <actor name="D0N17">
            <wcet number="0">50</wcet>
            <wcet number="1">60</wcet>
            <maxpow number="0.4352053996393785"/>
            <maxpow number="0.4352053996393785"/>
            <fprob>0.0</fprob>
        </actor>
        <actor name="D0N47">
            <wcet number="0">30</wcet>
            <wcet number="1">30</wcet>
            <maxpow number="0.3488186225018116"/>
            <maxpow number="0.3488186225018116"/>
            <fprob>0.0</fprob>
        </actor>
        <actor name="D0N29">
            <wcet number="0">30</wcet>
            <wcet number="1">90</wcet>
            <maxpow number="0.35682558819937554"/>
            <maxpow number="0.35682558819937554"/>
            <fprob>0.0</fprob>
        </actor>
        <actor name="D0N23">
            <wcet number="0">70</wcet>
            <wcet number="1">80</wcet>
            <maxpow number="0.6277226920412138"/>
            <maxpow number="0.6277226920412138"/>
            <fprob>0.0</fprob>
        </actor>
        <actor name="D0N7">
            <wcet number="0">250</wcet>
            <wcet number="1">370</wcet>
            <maxpow number="0.48939664577445385"/>
            <maxpow number="0.48939664577445385"/>
            <fprob>0.0</fprob>
        </actor>
        <actor name="D0N48">
            <wcet number="0">70</wcet>
            <wcet number="1">80</wcet>
            <maxpow number="0.5476533872130429"/>
            <maxpow number="0.5476533872130429"/>
            <fprob>0.0</fprob>
        </actor>
        <actor name="D0N6">
            <wcet number="0">90</wcet>
            <wcet number="1">90</wcet>
            <maxpow number="0.6115075725693648"/>
            <maxpow number="0.6115075725693648"/>
            <fprob>0.0</fprob>
        </actor>
        <actor name="D0N30">
            <wcet number="0">50</wcet>
            <wcet number="1">70</wcet>
            <maxpow number="0.5173085870993807"/>
            <maxpow number="0.5173085870993807"/>
            <fprob>0.0</fprob>
        </actor>
        <actor name="D0N10">
            <wcet number="0">20</wcet>
            <wcet number="1">30</wcet>
            <maxpow number="0.4021179650960063"/>
            <maxpow number="0.4021179650960063"/>
            <fprob>0.0</fprob>
        </actor>
        <actor name="D0N20">
            <wcet number="0">10</wcet>
            <wcet number="1">10</wcet>
            <maxpow number="0.7423067831413673"/>
            <maxpow number="0.7423067831413673"/>
            <fprob>0.0</fprob>
        </actor>
        <actor name="D0N38">
            <wcet number="0">30</wcet>
            <wcet number="1">40</wcet>
            <maxpow number="0.6795165603484545"/>
            <maxpow number="0.6795165603484545"/>
            <fprob>0.0</fprob>
        </actor>
        <actor name="D0N43">
            <wcet number="0">40</wcet>
            <wcet number="1">50</wcet>
            <maxpow number="0.1863029400567744"/>
            <maxpow number="0.1863029400567744"/>
            <fprob>0.0</fprob>
        </actor>
        <actor name="D0N32">
            <wcet number="0">30</wcet>
            <wcet number="1">30</wcet>
            <maxpow number="0.6160083160432628"/>
            <maxpow number="0.6160083160432628"/>
            <fprob>0.0</fprob>
        </actor>
        <actor name="D0N26">
            <wcet number="0">290</wcet>
            <wcet number="1">400</wcet>
            <maxpow number="0.6497336749727138"/>
            <maxpow number="0.6497336749727138"/>
            <fprob>0.0</fprob>
        </actor>
        <actor name="D0N45">
            <wcet number="0">40</wcet>
            <wcet number="1">50</wcet>
            <maxpow number="0.4031865475216617"/>
            <maxpow number="0.4031865475216617"/>
            <fprob>0.0</fprob>
        </actor>
        <actor name="D0N44">
            <wcet number="0">30</wcet>
            <wcet number="1">40</wcet>
            <maxpow number="0.48411714464320865"/>
            <maxpow number="0.48411714464320865"/>
            <fprob>0.0</fprob>
        </actor>
        <actor name="D0N24">
            <wcet number="0">130</wcet>
            <wcet number="1">340</wcet>
            <maxpow number="0.8719352091602925"/>
            <maxpow number="0.8719352091602925"/>
            <fprob>0.0</fprob>
        </actor>
        <actor name="D0N46">
            <wcet number="0">60</wcet>
            <wcet number="1">80</wcet>
            <maxpow number="0.4531511235424066"/>
            <maxpow number="0.4531511235424066"/>
            <fprob>0.0</fprob>
        </actor>
        <actor name="D0N28">
            <wcet number="0">30</wcet>
            <wcet number="1">50</wcet>
            <maxpow number="0.7502726696825193"/>
            <maxpow number="0.7502726696825193"/>
            <fprob>0.0</fprob>
        </actor>
        <actor name="D0N2">
            <wcet number="0">120</wcet>
            <wcet number="1">160</wcet>
            <maxpow number="0.8220924063381445"/>
            <maxpow number="0.8220924063381445"/>
            <fprob>0.0</fprob>
        </actor>
        <actor name="D0N40">
            <wcet number="0">80</wcet>
            <wcet number="1">210</wcet>
            <maxpow number="0.6181595804286475"/>
            <maxpow number="0.6181595804286475"/>
            <fprob>0.0</fprob>
        </actor>
        <actor name="D0N33">
            <wcet number="0">20</wcet>
            <wcet number="1">30</wcet>
            <maxpow number="0.6498234028633365"/>
            <maxpow number="0.6498234028633365"/>
            <fprob>0.0</fprob>
        </actor>
        <actor name="D0N0">
            <wcet number="0">30</wcet>
            <wcet number="1">210</wcet>
            <maxpow number="0.5726385835364575"/>
            <maxpow number="0.5726385835364575"/>
            <fprob>0.0</fprob>
        </actor>
        <actor name="D0N27">
            <wcet number="0">40</wcet>
            <wcet number="1">130</wcet>
            <maxpow number="0.3367791239389537"/>
            <maxpow number="0.3367791239389537"/>
            <fprob>0.0</fprob>
        </actor>
        <actor name="D0N36">
            <wcet number="0">130</wcet>
            <wcet number="1">250</wcet>
            <maxpow number="0.48462786271971053"/>
            <maxpow number="0.48462786271971053"/>
            <fprob>0.0</fprob>
        </actor>
        <actor name="D0N22">
            <wcet number="0">40</wcet>
            <wcet number="1">50</wcet>
            <maxpow number="0.566596845940423"/>
            <maxpow number="0.566596845940423"/>
            <fprob>0.0</fprob>
        </actor>
        <actor name="D0N42">
            <wcet number="0">160</wcet>
            <wcet number="1">190</wcet>
            <maxpow number="0.44514579870025295"/>
            <maxpow number="0.44514579870025295"/>
            <fprob>0.0</fprob>
        </actor>
        <actor name="D0N13">
            <wcet number="0">20</wcet>
            <wcet number="1">60</wcet>
            <maxpow number="0.2711021953677873"/>
            <maxpow number="0.2711021953677873"/>
            <fprob>0.0</fprob>
        </actor>
        <actor name="D0N5">
            <wcet number="0">30</wcet>
            <wcet number="1">30</wcet>
            <maxpow number="0.6886001575376877"/>
            <maxpow number="0.6886001575376877"/>
            <fprob>0.0</fprob>
        </actor>
        <actor name="D0N4">
            <wcet number="0">30</wcet>
            <wcet number="1">60</wcet>
            <maxpow number="0.7047629226399706"/>
            <maxpow number="0.7047629226399706"/>
            <fprob>0.0</fprob>
        </actor>
        <actor name="D0N16">
            <wcet number="0">10</wcet>
            <wcet number="1">50</wcet>
            <maxpow number="0.27688397303666096"/>
            <maxpow number="0.27688397303666096"/>
            <fprob>0.0</fprob>
        </actor>
        <actor name="D0N12">
            <wcet number="0">90</wcet>
            <wcet number="1">120</wcet>
            <maxpow number="0.43099546070570893"/>
            <maxpow number="0.43099546070570893"/>
            <fprob>0.0</fprob>
        </actor>
        <actor name="D0N9">
            <wcet number="0">20</wcet>
            <wcet number="1">50</wcet>
            <maxpow number="0.6633530150820629"/>
            <maxpow number="0.6633530150820629"/>
            <fprob>0.0</fprob>
        </actor>
        <actor name="D0N37">
            <wcet number="0">30</wcet>
            <wcet number="1">60</wcet>
            <maxpow number="0.6830904428593582"/>
            <maxpow number="0.6830904428593582"/>
            <fprob>0.0</fprob>
        </actor>
        <actor name="D0N35">
            <wcet number="0">10</wcet>
            <wcet number="1">320</wcet>
            <maxpow number="0.6726745392273746"/>
            <maxpow number="0.6726745392273746"/>
            <fprob>0.0</fprob>
        </actor>
        <actor name="D0N15">
            <wcet number="0">50</wcet>
            <wcet number="1">70</wcet>
            <maxpow number="0.6080257864986545"/>
            <maxpow number="0.6080257864986545"/>
            <fprob>0.0</fprob>
        </actor>
        <actor name="D0N11">
            <wcet number="0">50</wcet>
            <wcet number="1">70</wcet>
            <maxpow number="0.4789334487583288"/>
            <maxpow number="0.4789334487583288"/>
            <fprob>0.0</fprob>
        </actor>
        <actor name="D0N34">
            <wcet number="0">20</wcet>
            <wcet number="1">20</wcet>
            <maxpow number="0.45791748709898683"/>
            <maxpow number="0.45791748709898683"/>
            <fprob>0.0</fprob>
        </actor>
        <actor name="D0N25">
            <wcet number="0">30</wcet>
            <wcet number="1">100</wcet>
            <maxpow number="0.2872537194290028"/>
            <maxpow number="0.2872537194290028"/>
            <fprob>0.0</fprob>
        </actor>
        <actor name="D0N21">
            <wcet number="0">10</wcet>
            <wcet number="1">30</wcet>
            <maxpow number="0.24664413943573815"/>
            <maxpow number="0.24664413943573815"/>
            <fprob>0.0</fprob>
        </actor>
        <actor name="D0N18">
            <wcet number="0">20</wcet>
            <wcet number="1">120</wcet>
            <maxpow number="0.5883767139710553"/>
            <maxpow number="0.5883767139710553"/>
            <fprob>0.0</fprob>
        </actor>
        <actor name="D0N41">
            <wcet number="0">140</wcet>
            <wcet number="1">240</wcet>
            <maxpow number="0.22509436492480134"/>
            <maxpow number="0.22509436492480134"/>
            <fprob>0.0</fprob>
        </actor>
        <actor name="D0N1">
            <wcet number="0">30</wcet>
            <wcet number="1">60</wcet>
            <maxpow number="0.6641296490067701"/>
            <maxpow number="0.6641296490067701"/>
            <fprob>0.0</fprob>
        </actor>
        <actor name="D0N8">
            <wcet number="0">170</wcet>
            <wcet number="1">490</wcet>
            <maxpow number="0.6014369092480315"/>
            <maxpow number="0.6014369092480315"/>
            <fprob>0.0</fprob>
        </actor>
        <actor name="D0N3">
            <wcet number="0">40</wcet>
            <wcet number="1">80</wcet>
            <maxpow number="0.6557375152240756"/>
            <maxpow number="0.6557375152240756"/>
            <fprob>0.0</fprob>
        </actor>
        <actor name="D0N31">
            <wcet number="0">90</wcet>
            <wcet number="1">200</wcet>
            <maxpow number="0.41852396445254747"/>
            <maxpow number="0.41852396445254747"/>
            <fprob>0.0</fprob>
        </actor>
        <actor name="D0N19">
            <wcet number="0">80</wcet>
            <wcet number="1">230</wcet>
            <maxpow number="0.6013786505890242"/>
            <maxpow number="0.6013786505890242"/>
            <fprob>0.0</fprob>
        </actor>
        <actor name="D0N39">
            <wcet number="0">60</wcet>
            <wcet number="1">100</wcet>
            <maxpow number="0.5505761273622246"/>
            <maxpow number="0.5505761273622246"/>
            <fprob>0.0</fprob>
        </actor>
        <ports>
            <port dstActor="D0N24" name="p0" srcActor="D0N14"/>
            <port dstActor="D0N40" name="p1" srcActor="D0N14"/>
            <port dstActor="D0N24" name="p2" srcActor="D0N17"/>
            <port dstActor="D0N45" name="p3" srcActor="D0N17"/>
            <port dstActor="D0N39" name="p4" srcActor="D0N17"/>
            <port dstActor="D0N36" name="p5" srcActor="D0N17"/>
            <port dstActor="D0N30" name="p6" srcActor="D0N17"/>
            <port dstActor="D0N34" name="p7" srcActor="D0N17"/>
            <port dstActor="D0N36" name="p8" srcActor="D0N29"/>
            <port dstActor="D0N46" name="p9" srcActor="D0N23"/>
            <port dstActor="D0N45" name="p10" srcActor="D0N23"/>
            <port dstActor="D0N43" name="p11" srcActor="D0N23"/>
            <port dstActor="D0N38" name="p12" srcActor="D0N23"/>
            <port dstActor="D0N23" name="p13" srcActor="D0N7"/>
            <port dstActor="D0N31" name="p14" srcActor="D0N7"/>
            <port dstActor="D0N33" name="p15" srcActor="D0N7"/>
            <port dstActor="D0N8" name="p16" srcActor="D0N7"/>
            <port dstActor="D0N39" name="p17" srcActor="D0N7"/>
            <port dstActor="D0N46" name="p18" srcActor="D0N7"/>
            <port dstActor="D0N37" name="p19" srcActor="D0N7"/>
            <port dstActor="D0N20" name="p20" srcActor="D0N7"/>
            <port dstActor="D0N19" name="p21" srcActor="D0N6"/>
            <port dstActor="D0N48" name="p22" srcActor="D0N6"/>
            <port dstActor="D0N30" name="p23" srcActor="D0N6"/>
            <port dstActor="D0N35" name="p24" srcActor="D0N6"/>
            <port dstActor="D0N37" name="p25" srcActor="D0N6"/>
            <port dstActor="D0N43" name="p26" srcActor="D0N30"/>
            <port dstActor="D0N39" name="p27" srcActor="D0N30"/>
            <port dstActor="D0N41" name="p28" srcActor="D0N30"/>
            <port dstActor="D0N40" name="p29" srcActor="D0N30"/>
            <port dstActor="D0N26" name="p30" srcActor="D0N10"/>
            <port dstActor="D0N45" name="p31" srcActor="D0N10"/>
            <port dstActor="D0N35" name="p32" srcActor="D0N10"/>
            <port dstActor="D0N46" name="p33" srcActor="D0N10"/>
            <port dstActor="D0N36" name="p34" srcActor="D0N10"/>
            <port dstActor="D0N25" name="p35" srcActor="D0N10"/>
            <port dstActor="D0N14" name="p36" srcActor="D0N10"/>
            <port dstActor="D0N43" name="p37" srcActor="D0N10"/>
            <port dstActor="D0N24" name="p38" srcActor="D0N10"/>
            <port dstActor="D0N41" name="p39" srcActor="D0N20"/>
            <port dstActor="D0N45" name="p40" srcActor="D0N20"/>
            <port dstActor="D0N44" name="p41" srcActor="D0N20"/>
            <port dstActor="D0N36" name="p42" srcActor="D0N20"/>
            <port dstActor="D0N48" name="p43" srcActor="D0N32"/>
            <port dstActor="D0N35" name="p44" srcActor="D0N32"/>
            <port dstActor="D0N28" name="p45" srcActor="D0N26"/>
            <port dstActor="D0N41" name="p46" srcActor="D0N26"/>
            <port dstActor="D0N47" name="p47" srcActor="D0N26"/>
            <port dstActor="D0N39" name="p48" srcActor="D0N26"/>
            <port dstActor="D0N46" name="p49" srcActor="D0N28"/>
            <port dstActor="D0N17" name="p50" srcActor="D0N2"/>
            <port dstActor="D0N6" name="p51" srcActor="D0N2"/>
            <port dstActor="D0N18" name="p52" srcActor="D0N2"/>
            <port dstActor="D0N28" name="p53" srcActor="D0N2"/>
            <port dstActor="D0N23" name="p54" srcActor="D0N2"/>
            <port dstActor="D0N25" name="p55" srcActor="D0N2"/>
            <port dstActor="D0N44" name="p56" srcActor="D0N2"/>
            <port dstActor="D0N4" name="p57" srcActor="D0N2"/>
            <port dstActor="D0N24" name="p58" srcActor="D0N2"/>
            <port dstActor="D0N45" name="p59" srcActor="D0N40"/>
            <port dstActor="D0N47" name="p60" srcActor="D0N33"/>
            <port dstActor="D0N34" name="p61" srcActor="D0N33"/>
            <port dstActor="D0N37" name="p62" srcActor="D0N0"/>
            <port dstActor="D0N11" name="p63" srcActor="D0N0"/>
            <port dstActor="D0N31" name="p64" srcActor="D0N0"/>
            <port dstActor="D0N23" name="p65" srcActor="D0N0"/>
            <port dstActor="D0N25" name="p66" srcActor="D0N0"/>
            <port dstActor="D0N30" name="p67" srcActor="D0N27"/>
            <port dstActor="D0N33" name="p68" srcActor="D0N27"/>
            <port dstActor="D0N41" name="p69" srcActor="D0N36"/>
            <port dstActor="D0N40" name="p70" srcActor="D0N36"/>
            <port dstActor="D0N38" name="p71" srcActor="D0N22"/>
            <port dstActor="D0N47" name="p72" srcActor="D0N22"/>
            <port dstActor="D0N36" name="p73" srcActor="D0N22"/>
            <port dstActor="D0N44" name="p74" srcActor="D0N42"/>
            <port dstActor="D0N37" name="p75" srcActor="D0N13"/>
            <port dstActor="D0N24" name="p76" srcActor="D0N13"/>
            <port dstActor="D0N29" name="p77" srcActor="D0N13"/>
            <port dstActor="D0N23" name="p78" srcActor="D0N13"/>
            <port dstActor="D0N44" name="p79" srcActor="D0N4"/>
            <port dstActor="D0N10" name="p80" srcActor="D0N4"/>
            <port dstActor="D0N37" name="p81" srcActor="D0N4"/>
            <port dstActor="D0N43" name="p82" srcActor="D0N4"/>
            <port dstActor="D0N38" name="p83" srcActor="D0N16"/>
            <port dstActor="D0N20" name="p84" srcActor="D0N12"/>
            <port dstActor="D0N48" name="p85" srcActor="D0N12"/>
            <port dstActor="D0N43" name="p86" srcActor="D0N12"/>
            <port dstActor="D0N32" name="p87" srcActor="D0N9"/>
            <port dstActor="D0N11" name="p88" srcActor="D0N9"/>
            <port dstActor="D0N14" name="p89" srcActor="D0N9"/>
            <port dstActor="D0N13" name="p90" srcActor="D0N9"/>
            <port dstActor="D0N25" name="p91" srcActor="D0N9"/>
            <port dstActor="D0N43" name="p92" srcActor="D0N37"/>
            <port dstActor="D0N44" name="p93" srcActor="D0N37"/>
            <port dstActor="D0N24" name="p94" srcActor="D0N15"/>
            <port dstActor="D0N42" name="p95" srcActor="D0N15"/>
            <port dstActor="D0N31" name="p96" srcActor="D0N11"/>
            <port dstActor="D0N15" name="p97" srcActor="D0N11"/>
            <port dstActor="D0N41" name="p98" srcActor="D0N11"/>
            <port dstActor="D0N47" name="p99" srcActor="D0N11"/>
            <port dstActor="D0N35" name="p100" srcActor="D0N34"/>
            <port dstActor="D0N42" name="p101" srcActor="D0N34"/>
            <port dstActor="D0N43" name="p102" srcActor="D0N34"/>
            <port dstActor="D0N48" name="p103" srcActor="D0N34"/>
            <port dstActor="D0N42" name="p104" srcActor="D0N25"/>
            <port dstActor="D0N37" name="p105" srcActor="D0N25"/>
            <port dstActor="D0N40" name="p106" srcActor="D0N21"/>
            <port dstActor="D0N38" name="p107" srcActor="D0N21"/>
            <port dstActor="D0N48" name="p108" srcActor="D0N21"/>
            <port dstActor="D0N33" name="p109" srcActor="D0N18"/>
            <port dstActor="D0N34" name="p110" srcActor="D0N18"/>
            <port dstActor="D0N43" name="p111" srcActor="D0N18"/>
            <port dstActor="D0N41" name="p112" srcActor="D0N18"/>
            <port dstActor="D0N42" name="p113" srcActor="D0N18"/>
            <port dstActor="D0N46" name="p114" srcActor="D0N1"/>
            <port dstActor="D0N28" name="p115" srcActor="D0N1"/>
            <port dstActor="D0N29" name="p116" srcActor="D0N1"/>
            <port dstActor="D0N27" name="p117" srcActor="D0N1"/>
            <port dstActor="D0N22" name="p118" srcActor="D0N1"/>
            <port dstActor="D0N15" name="p119" srcActor="D0N8"/>
            <port dstActor="D0N47" name="p120" srcActor="D0N8"/>
            <port dstActor="D0N12" name="p121" srcActor="D0N8"/>
            <port dstActor="D0N13" name="p122" srcActor="D0N8"/>
            <port dstActor="D0N14" name="p123" srcActor="D0N8"/>
            <port dstActor="D0N23" name="p124" srcActor="D0N3"/>
            <port dstActor="D0N43" name="p125" srcActor="D0N31"/>
            <port dstActor="D0N33" name="p126" srcActor="D0N19"/>
            <port dstActor="D0N38" name="p127" srcActor="D0N19"/>
            <port dstActor="D0N24" name="p128" srcActor="D0N19"/>
            <port dstActor="D0N47" name="p129" srcActor="D0N39"/>
        </ports>
    </mcdag>
    <cores number="3"/>
    <levels number="2"/>
</mcsystem>
