<?xml version="1.0" encoding="UTF-8" standalone="no"?>
<mcsystem>
    <mcdag deadline="2200" name="genned-0-ed-10.0-0">
        <actor name="D0N18">
            <wcet number="0">10</wcet>
            <wcet number="1">10</wcet>
            <maxpow number="0.34817767612861855"/>
            <maxpow number="0.34817767612861855"/>
            <fprob>0.0</fprob>
        </actor>
        <actor name="D0N6">
            <wcet number="0">20</wcet>
            <wcet number="1">120</wcet>
            <maxpow number="0.6266930387912502"/>
            <maxpow number="0.6266930387912502"/>
            <fprob>0.0</fprob>
        </actor>
        <actor name="D0N7">
            <wcet number="0">50</wcet>
            <wcet number="1">130</wcet>
            <maxpow number="0.4243802411007748"/>
            <maxpow number="0.4243802411007748"/>
            <fprob>0.0</fprob>
        </actor>
        <actor name="D0N20">
            <wcet number="0">220</wcet>
            <wcet number="1">370</wcet>
            <maxpow number="0.7810901234875187"/>
            <maxpow number="0.7810901234875187"/>
            <fprob>0.0</fprob>
        </actor>
        <actor name="D0N43">
            <wcet number="0">110</wcet>
            <wcet number="1">180</wcet>
            <maxpow number="0.4558989434299244"/>
            <maxpow number="0.4558989434299244"/>
            <fprob>0.0</fprob>
        </actor>
        <actor name="D0N13">
            <wcet number="0">20</wcet>
            <wcet number="1">20</wcet>
            <maxpow number="0.7076230115060556"/>
            <maxpow number="0.7076230115060556"/>
            <fprob>0.0</fprob>
        </actor>
        <actor name="D0N39">
            <wcet number="0">50</wcet>
            <wcet number="1">360</wcet>
            <maxpow number="0.2924943025658069"/>
            <maxpow number="0.2924943025658069"/>
            <fprob>0.0</fprob>
        </actor>
        <actor name="D0N29">
            <wcet number="0">30</wcet>
            <wcet number="1">60</wcet>
            <maxpow number="0.36539650171713733"/>
            <maxpow number="0.36539650171713733"/>
            <fprob>0.0</fprob>
        </actor>
        <actor name="D0N48">
            <wcet number="0">10</wcet>
            <wcet number="1">10</wcet>
            <maxpow number="0.30475945344839994"/>
            <maxpow number="0.30475945344839994"/>
            <fprob>0.0</fprob>
        </actor>
        <actor name="D0N25">
            <wcet number="0">20</wcet>
            <wcet number="1">20</wcet>
            <maxpow number="0.6640619927024844"/>
            <maxpow number="0.6640619927024844"/>
            <fprob>0.0</fprob>
        </actor>
        <actor name="D0N38">
            <wcet number="0">20</wcet>
            <wcet number="1">40</wcet>
            <maxpow number="0.5730876015823181"/>
            <maxpow number="0.5730876015823181"/>
            <fprob>0.0</fprob>
        </actor>
        <actor name="D0N2">
            <wcet number="0">180</wcet>
            <wcet number="1">320</wcet>
            <maxpow number="0.661322148793637"/>
            <maxpow number="0.661322148793637"/>
            <fprob>0.0</fprob>
        </actor>
        <actor name="D0N32">
            <wcet number="0">20</wcet>
            <wcet number="1">120</wcet>
            <maxpow number="0.664108810596996"/>
            <maxpow number="0.664108810596996"/>
            <fprob>0.0</fprob>
        </actor>
        <actor name="D0N0">
            <wcet number="0">50</wcet>
            <wcet number="1">60</wcet>
            <maxpow number="0.40417496479542214"/>
            <maxpow number="0.40417496479542214"/>
            <fprob>0.0</fprob>
        </actor>
        <actor name="D0N27">
            <wcet number="0">10</wcet>
            <wcet number="1">10</wcet>
            <maxpow number="0.3842209827594512"/>
            <maxpow number="0.3842209827594512"/>
            <fprob>0.0</fprob>
        </actor>
        <actor name="D0N4">
            <wcet number="0">10</wcet>
            <wcet number="1">120</wcet>
            <maxpow number="0.40658496784394327"/>
            <maxpow number="0.40658496784394327"/>
            <fprob>0.0</fprob>
        </actor>
        <actor name="D0N22">
            <wcet number="0">10</wcet>
            <wcet number="1">10</wcet>
            <maxpow number="0.4931217474588211"/>
            <maxpow number="0.4931217474588211"/>
            <fprob>0.0</fprob>
        </actor>
        <actor name="D0N10">
            <wcet number="0">20</wcet>
            <wcet number="1">240</wcet>
            <maxpow number="0.8790703803398895"/>
            <maxpow number="0.8790703803398895"/>
            <fprob>0.0</fprob>
        </actor>
        <actor name="D0N21">
            <wcet number="0">80</wcet>
            <wcet number="1">110</wcet>
            <maxpow number="0.6941699781992203"/>
            <maxpow number="0.6941699781992203"/>
            <fprob>0.0</fprob>
        </actor>
        <actor name="D0N23">
            <wcet number="0">20</wcet>
            <wcet number="1">60</wcet>
            <maxpow number="0.7068382828661747"/>
            <maxpow number="0.7068382828661747"/>
            <fprob>0.0</fprob>
        </actor>
        <actor name="D0N14">
            <wcet number="0">70</wcet>
            <wcet number="1">390</wcet>
            <maxpow number="0.48477782530273605"/>
            <maxpow number="0.48477782530273605"/>
            <fprob>0.0</fprob>
        </actor>
        <actor name="D0N31">
            <wcet number="0">20</wcet>
            <wcet number="1">40</wcet>
            <maxpow number="0.828061560488973"/>
            <maxpow number="0.828061560488973"/>
            <fprob>0.0</fprob>
        </actor>
        <actor name="D0N5">
            <wcet number="0">70</wcet>
            <wcet number="1">310</wcet>
            <maxpow number="0.6607855572464124"/>
            <maxpow number="0.6607855572464124"/>
            <fprob>0.0</fprob>
        </actor>
        <actor name="D0N24">
            <wcet number="0">60</wcet>
            <wcet number="1">60</wcet>
            <maxpow number="0.33571484558634324"/>
            <maxpow number="0.33571484558634324"/>
            <fprob>0.0</fprob>
        </actor>
        <actor name="D0N17">
            <wcet number="0">60</wcet>
            <wcet number="1">110</wcet>
            <maxpow number="0.6704818274013397"/>
            <maxpow number="0.6704818274013397"/>
            <fprob>0.0</fprob>
        </actor>
        <actor name="D0N45">
            <wcet number="0">70</wcet>
            <wcet number="1">110</wcet>
            <maxpow number="0.5073439240553472"/>
            <maxpow number="0.5073439240553472"/>
            <fprob>0.0</fprob>
        </actor>
        <actor name="D0N9">
            <wcet number="0">10</wcet>
            <wcet number="1">10</wcet>
            <maxpow number="0.6191895659682206"/>
            <maxpow number="0.6191895659682206"/>
            <fprob>0.0</fprob>
        </actor>
        <actor name="D0N36">
            <wcet number="0">30</wcet>
            <wcet number="1">80</wcet>
            <maxpow number="0.4625360667216872"/>
            <maxpow number="0.4625360667216872"/>
            <fprob>0.0</fprob>
        </actor>
        <actor name="D0N11">
            <wcet number="0">30</wcet>
            <wcet number="1">40</wcet>
            <maxpow number="0.7027528463961756"/>
            <maxpow number="0.7027528463961756"/>
            <fprob>0.0</fprob>
        </actor>
        <actor name="D0N33">
            <wcet number="0">40</wcet>
            <wcet number="1">50</wcet>
            <maxpow number="0.31237784135080576"/>
            <maxpow number="0.31237784135080576"/>
            <fprob>0.0</fprob>
        </actor>
        <actor name="D0N26">
            <wcet number="0">30</wcet>
            <wcet number="1">30</wcet>
            <maxpow number="0.19092152962273345"/>
            <maxpow number="0.19092152962273345"/>
            <fprob>0.0</fprob>
        </actor>
        <actor name="D0N41">
            <wcet number="0">20</wcet>
            <wcet number="1">30</wcet>
            <maxpow number="0.5471745422345873"/>
            <maxpow number="0.5471745422345873"/>
            <fprob>0.0</fprob>
        </actor>
        <actor name="D0N12">
            <wcet number="0">50</wcet>
            <wcet number="1">50</wcet>
            <maxpow number="0.6918744528510783"/>
            <maxpow number="0.6918744528510783"/>
            <fprob>0.0</fprob>
        </actor>
        <actor name="D0N42">
            <wcet number="0">40</wcet>
            <wcet number="1">50</wcet>
            <maxpow number="0.5912728450099607"/>
            <maxpow number="0.5912728450099607"/>
            <fprob>0.0</fprob>
        </actor>
        <actor name="D0N47">
            <wcet number="0">140</wcet>
            <wcet number="1">170</wcet>
            <maxpow number="0.8517265662504174"/>
            <maxpow number="0.8517265662504174"/>
            <fprob>0.0</fprob>
        </actor>
        <actor name="D0N37">
            <wcet number="0">50</wcet>
            <wcet number="1">70</wcet>
            <maxpow number="0.287334666256755"/>
            <maxpow number="0.287334666256755"/>
            <fprob>0.0</fprob>
        </actor>
        <actor name="D0N46">
            <wcet number="0">60</wcet>
            <wcet number="1">90</wcet>
            <maxpow number="0.4691619748474012"/>
            <maxpow number="0.4691619748474012"/>
            <fprob>0.0</fprob>
        </actor>
        <actor name="D0N1">
            <wcet number="0">10</wcet>
            <wcet number="1">10</wcet>
            <maxpow number="0.7185269536633931"/>
            <maxpow number="0.7185269536633931"/>
            <fprob>0.0</fprob>
        </actor>
        <actor name="D0N8">
            <wcet number="0">10</wcet>
            <wcet number="1">60</wcet>
            <maxpow number="0.75928208494487"/>
            <maxpow number="0.75928208494487"/>
            <fprob>0.0</fprob>
        </actor>
        <actor name="D0N3">
            <wcet number="0">130</wcet>
            <wcet number="1">180</wcet>
            <maxpow number="0.6422901711878293"/>
            <maxpow number="0.6422901711878293"/>
            <fprob>0.0</fprob>
        </actor>
        <actor name="D0N30">
            <wcet number="0">30</wcet>
            <wcet number="1">40</wcet>
            <maxpow number="0.7261986219423993"/>
            <maxpow number="0.7261986219423993"/>
            <fprob>0.0</fprob>
        </actor>
        <actor name="D0N44">
            <wcet number="0">10</wcet>
            <wcet number="1">130</wcet>
            <maxpow number="0.6526901081062162"/>
            <maxpow number="0.6526901081062162"/>
            <fprob>0.0</fprob>
        </actor>
        <actor name="D0N40">
            <wcet number="0">100</wcet>
            <wcet number="1">150</wcet>
            <maxpow number="0.3585230202543817"/>
            <maxpow number="0.3585230202543817"/>
            <fprob>0.0</fprob>
        </actor>
        <actor name="D0N35">
            <wcet number="0">60</wcet>
            <wcet number="1">140</wcet>
            <maxpow number="0.8857242639475752"/>
            <maxpow number="0.8857242639475752"/>
            <fprob>0.0</fprob>
        </actor>
        <actor name="D0N19">
            <wcet number="0">30</wcet>
            <wcet number="1">30</wcet>
            <maxpow number="0.44473778984590856"/>
            <maxpow number="0.44473778984590856"/>
            <fprob>0.0</fprob>
        </actor>
        <actor name="D0N16">
            <wcet number="0">10</wcet>
            <wcet number="1">80</wcet>
            <maxpow number="0.5187980619667578"/>
            <maxpow number="0.5187980619667578"/>
            <fprob>0.0</fprob>
        </actor>
        <actor name="D0N28">
            <wcet number="0">10</wcet>
            <wcet number="1">10</wcet>
            <maxpow number="0.5454440314254364"/>
            <maxpow number="0.5454440314254364"/>
            <fprob>0.0</fprob>
        </actor>
        <actor name="D0N34">
            <wcet number="0">60</wcet>
            <wcet number="1">60</wcet>
            <maxpow number="0.3012239036634863"/>
            <maxpow number="0.3012239036634863"/>
            <fprob>0.0</fprob>
        </actor>
        <actor name="D0N15">
            <wcet number="0">60</wcet>
            <wcet number="1">110</wcet>
            <maxpow number="0.3698844589062107"/>
            <maxpow number="0.3698844589062107"/>
            <fprob>0.0</fprob>
        </actor>
        <ports>
            <port dstActor="D0N30" name="p0" srcActor="D0N18"/>
            <port dstActor="D0N47" name="p1" srcActor="D0N18"/>
            <port dstActor="D0N17" name="p2" srcActor="D0N6"/>
            <port dstActor="D0N48" name="p3" srcActor="D0N6"/>
            <port dstActor="D0N11" name="p4" srcActor="D0N6"/>
            <port dstActor="D0N13" name="p5" srcActor="D0N6"/>
            <port dstActor="D0N36" name="p6" srcActor="D0N6"/>
            <port dstActor="D0N19" name="p7" srcActor="D0N6"/>
            <port dstActor="D0N37" name="p8" srcActor="D0N6"/>
            <port dstActor="D0N25" name="p9" srcActor="D0N6"/>
            <port dstActor="D0N45" name="p10" srcActor="D0N7"/>
            <port dstActor="D0N28" name="p11" srcActor="D0N7"/>
            <port dstActor="D0N19" name="p12" srcActor="D0N7"/>
            <port dstActor="D0N44" name="p13" srcActor="D0N20"/>
            <port dstActor="D0N34" name="p14" srcActor="D0N20"/>
            <port dstActor="D0N31" name="p15" srcActor="D0N20"/>
            <port dstActor="D0N39" name="p16" srcActor="D0N20"/>
            <port dstActor="D0N48" name="p17" srcActor="D0N43"/>
            <port dstActor="D0N24" name="p18" srcActor="D0N13"/>
            <port dstActor="D0N45" name="p19" srcActor="D0N13"/>
            <port dstActor="D0N27" name="p20" srcActor="D0N13"/>
            <port dstActor="D0N29" name="p21" srcActor="D0N13"/>
            <port dstActor="D0N21" name="p22" srcActor="D0N13"/>
            <port dstActor="D0N33" name="p23" srcActor="D0N29"/>
            <port dstActor="D0N27" name="p24" srcActor="D0N25"/>
            <port dstActor="D0N28" name="p25" srcActor="D0N25"/>
            <port dstActor="D0N30" name="p26" srcActor="D0N25"/>
            <port dstActor="D0N39" name="p27" srcActor="D0N25"/>
            <port dstActor="D0N43" name="p28" srcActor="D0N38"/>
            <port dstActor="D0N8" name="p29" srcActor="D0N2"/>
            <port dstActor="D0N31" name="p30" srcActor="D0N2"/>
            <port dstActor="D0N27" name="p31" srcActor="D0N2"/>
            <port dstActor="D0N10" name="p32" srcActor="D0N2"/>
            <port dstActor="D0N20" name="p33" srcActor="D0N2"/>
            <port dstActor="D0N40" name="p34" srcActor="D0N32"/>
            <port dstActor="D0N48" name="p35" srcActor="D0N32"/>
            <port dstActor="D0N37" name="p36" srcActor="D0N32"/>
            <port dstActor="D0N42" name="p37" srcActor="D0N0"/>
            <port dstActor="D0N8" name="p38" srcActor="D0N0"/>
            <port dstActor="D0N22" name="p39" srcActor="D0N0"/>
            <port dstActor="D0N16" name="p40" srcActor="D0N0"/>
            <port dstActor="D0N37" name="p41" srcActor="D0N27"/>
            <port dstActor="D0N40" name="p42" srcActor="D0N27"/>
            <port dstActor="D0N42" name="p43" srcActor="D0N4"/>
            <port dstActor="D0N6" name="p44" srcActor="D0N4"/>
            <port dstActor="D0N28" name="p45" srcActor="D0N4"/>
            <port dstActor="D0N19" name="p46" srcActor="D0N4"/>
            <port dstActor="D0N13" name="p47" srcActor="D0N4"/>
            <port dstActor="D0N28" name="p48" srcActor="D0N22"/>
            <port dstActor="D0N37" name="p49" srcActor="D0N22"/>
            <port dstActor="D0N35" name="p50" srcActor="D0N10"/>
            <port dstActor="D0N41" name="p51" srcActor="D0N10"/>
            <port dstActor="D0N45" name="p52" srcActor="D0N10"/>
            <port dstActor="D0N26" name="p53" srcActor="D0N21"/>
            <port dstActor="D0N46" name="p54" srcActor="D0N23"/>
            <port dstActor="D0N41" name="p55" srcActor="D0N23"/>
            <port dstActor="D0N28" name="p56" srcActor="D0N14"/>
            <port dstActor="D0N41" name="p57" srcActor="D0N14"/>
            <port dstActor="D0N34" name="p58" srcActor="D0N14"/>
            <port dstActor="D0N30" name="p59" srcActor="D0N14"/>
            <port dstActor="D0N27" name="p60" srcActor="D0N14"/>
            <port dstActor="D0N20" name="p61" srcActor="D0N14"/>
            <port dstActor="D0N45" name="p62" srcActor="D0N31"/>
            <port dstActor="D0N40" name="p63" srcActor="D0N5"/>
            <port dstActor="D0N45" name="p64" srcActor="D0N5"/>
            <port dstActor="D0N23" name="p65" srcActor="D0N5"/>
            <port dstActor="D0N36" name="p66" srcActor="D0N5"/>
            <port dstActor="D0N22" name="p67" srcActor="D0N5"/>
            <port dstActor="D0N36" name="p68" srcActor="D0N24"/>
            <port dstActor="D0N21" name="p69" srcActor="D0N17"/>
            <port dstActor="D0N25" name="p70" srcActor="D0N17"/>
            <port dstActor="D0N30" name="p71" srcActor="D0N9"/>
            <port dstActor="D0N43" name="p72" srcActor="D0N9"/>
            <port dstActor="D0N46" name="p73" srcActor="D0N36"/>
            <port dstActor="D0N41" name="p74" srcActor="D0N36"/>
            <port dstActor="D0N45" name="p75" srcActor="D0N36"/>
            <port dstActor="D0N18" name="p76" srcActor="D0N11"/>
            <port dstActor="D0N30" name="p77" srcActor="D0N11"/>
            <port dstActor="D0N23" name="p78" srcActor="D0N11"/>
            <port dstActor="D0N33" name="p79" srcActor="D0N11"/>
            <port dstActor="D0N41" name="p80" srcActor="D0N33"/>
            <port dstActor="D0N42" name="p81" srcActor="D0N33"/>
            <port dstActor="D0N48" name="p82" srcActor="D0N33"/>
            <port dstActor="D0N37" name="p83" srcActor="D0N26"/>
            <port dstActor="D0N40" name="p84" srcActor="D0N26"/>
            <port dstActor="D0N48" name="p85" srcActor="D0N26"/>
            <port dstActor="D0N44" name="p86" srcActor="D0N41"/>
            <port dstActor="D0N45" name="p87" srcActor="D0N41"/>
            <port dstActor="D0N25" name="p88" srcActor="D0N12"/>
            <port dstActor="D0N48" name="p89" srcActor="D0N42"/>
            <port dstActor="D0N44" name="p90" srcActor="D0N37"/>
            <port dstActor="D0N45" name="p91" srcActor="D0N37"/>
            <port dstActor="D0N48" name="p92" srcActor="D0N46"/>
            <port dstActor="D0N45" name="p93" srcActor="D0N1"/>
            <port dstActor="D0N31" name="p94" srcActor="D0N1"/>
            <port dstActor="D0N47" name="p95" srcActor="D0N1"/>
            <port dstActor="D0N41" name="p96" srcActor="D0N1"/>
            <port dstActor="D0N39" name="p97" srcActor="D0N1"/>
            <port dstActor="D0N35" name="p98" srcActor="D0N1"/>
            <port dstActor="D0N17" name="p99" srcActor="D0N8"/>
            <port dstActor="D0N26" name="p100" srcActor="D0N8"/>
            <port dstActor="D0N32" name="p101" srcActor="D0N8"/>
            <port dstActor="D0N16" name="p102" srcActor="D0N8"/>
            <port dstActor="D0N42" name="p103" srcActor="D0N8"/>
            <port dstActor="D0N27" name="p104" srcActor="D0N3"/>
            <port dstActor="D0N10" name="p105" srcActor="D0N3"/>
            <port dstActor="D0N46" name="p106" srcActor="D0N3"/>
            <port dstActor="D0N43" name="p107" srcActor="D0N3"/>
            <port dstActor="D0N42" name="p108" srcActor="D0N3"/>
            <port dstActor="D0N41" name="p109" srcActor="D0N30"/>
            <port dstActor="D0N35" name="p110" srcActor="D0N30"/>
            <port dstActor="D0N33" name="p111" srcActor="D0N30"/>
            <port dstActor="D0N44" name="p112" srcActor="D0N40"/>
            <port dstActor="D0N23" name="p113" srcActor="D0N19"/>
            <port dstActor="D0N46" name="p114" srcActor="D0N19"/>
            <port dstActor="D0N31" name="p115" srcActor="D0N16"/>
            <port dstActor="D0N42" name="p116" srcActor="D0N16"/>
            <port dstActor="D0N29" name="p117" srcActor="D0N16"/>
            <port dstActor="D0N36" name="p118" srcActor="D0N28"/>
            <port dstActor="D0N37" name="p119" srcActor="D0N34"/>
            <port dstActor="D0N23" name="p120" srcActor="D0N15"/>
            <port dstActor="D0N16" name="p121" srcActor="D0N15"/>
            <port dstActor="D0N40" name="p122" srcActor="D0N15"/>
        </ports>
    </mcdag>
    <cores number="3"/>
    <levels number="2"/>
</mcsystem>
