<?xml version="1.0" encoding="UTF-8" standalone="no"?>
<mcsystem>
    <mcdag deadline="1500" name="genned-0-ed-10.0-0">
        <actor name="D0N40">
            <wcet number="0">120</wcet>
            <wcet number="1">130</wcet>
            <maxpow number="0.7156117860610401"/>
            <maxpow number="0.7156117860610401"/>
            <fprob>0.0</fprob>
        </actor>
        <actor name="D0N44">
            <wcet number="0">30</wcet>
            <wcet number="1">30</wcet>
            <maxpow number="0.8909917346609939"/>
            <maxpow number="0.8909917346609939"/>
            <fprob>0.0</fprob>
        </actor>
        <actor name="D0N28">
            <wcet number="0">30</wcet>
            <wcet number="1">60</wcet>
            <maxpow number="0.7824382233181227"/>
            <maxpow number="0.7824382233181227"/>
            <fprob>0.0</fprob>
        </actor>
        <actor name="D0N16">
            <wcet number="0">50</wcet>
            <wcet number="1">50</wcet>
            <maxpow number="0.3969628268706855"/>
            <maxpow number="0.3969628268706855"/>
            <fprob>0.0</fprob>
        </actor>
        <actor name="D0N37">
            <wcet number="0">10</wcet>
            <wcet number="1">10</wcet>
            <maxpow number="0.547174922868496"/>
            <maxpow number="0.547174922868496"/>
            <fprob>0.0</fprob>
        </actor>
        <actor name="D0N19">
            <wcet number="0">50</wcet>
            <wcet number="1">90</wcet>
            <maxpow number="0.27000503801965026"/>
            <maxpow number="0.27000503801965026"/>
            <fprob>0.0</fprob>
        </actor>
        <actor name="D0N45">
            <wcet number="0">210</wcet>
            <wcet number="1">210</wcet>
            <maxpow number="0.5241128371806001"/>
            <maxpow number="0.5241128371806001"/>
            <fprob>0.0</fprob>
        </actor>
        <actor name="D0N42">
            <wcet number="0">10</wcet>
            <wcet number="1">10</wcet>
            <maxpow number="0.6489163302867075"/>
            <maxpow number="0.6489163302867075"/>
            <fprob>0.0</fprob>
        </actor>
        <actor name="D0N3">
            <wcet number="0">30</wcet>
            <wcet number="1">50</wcet>
            <maxpow number="0.6781867410063047"/>
            <maxpow number="0.6781867410063047"/>
            <fprob>0.0</fprob>
        </actor>
        <actor name="D0N18">
            <wcet number="0">20</wcet>
            <wcet number="1">30</wcet>
            <maxpow number="0.6651359346788963"/>
            <maxpow number="0.6651359346788963"/>
            <fprob>0.0</fprob>
        </actor>
        <actor name="D0N32">
            <wcet number="0">110</wcet>
            <wcet number="1">160</wcet>
            <maxpow number="0.4550684116335232"/>
            <maxpow number="0.4550684116335232"/>
            <fprob>0.0</fprob>
        </actor>
        <actor name="D0N33">
            <wcet number="0">10</wcet>
            <wcet number="1">30</wcet>
            <maxpow number="0.8048474892445712"/>
            <maxpow number="0.8048474892445712"/>
            <fprob>0.0</fprob>
        </actor>
        <actor name="D0N43">
            <wcet number="0">110</wcet>
            <wcet number="1">120</wcet>
            <maxpow number="0.287678626120913"/>
            <maxpow number="0.287678626120913"/>
            <fprob>0.0</fprob>
        </actor>
        <actor name="D0N5">
            <wcet number="0">70</wcet>
            <wcet number="1">70</wcet>
            <maxpow number="0.4415806118256067"/>
            <maxpow number="0.4415806118256067"/>
            <fprob>0.0</fprob>
        </actor>
        <actor name="D0N8">
            <wcet number="0">20</wcet>
            <wcet number="1">20</wcet>
            <maxpow number="0.6945081929441558"/>
            <maxpow number="0.6945081929441558"/>
            <fprob>0.0</fprob>
        </actor>
        <actor name="D0N36">
            <wcet number="0">10</wcet>
            <wcet number="1">90</wcet>
            <maxpow number="0.7851301063914613"/>
            <maxpow number="0.7851301063914613"/>
            <fprob>0.0</fprob>
        </actor>
        <actor name="D0N30">
            <wcet number="0">110</wcet>
            <wcet number="1">120</wcet>
            <maxpow number="0.7038623295781006"/>
            <maxpow number="0.7038623295781006"/>
            <fprob>0.0</fprob>
        </actor>
        <actor name="D0N22">
            <wcet number="0">20</wcet>
            <wcet number="1">20</wcet>
            <maxpow number="0.4696047341587198"/>
            <maxpow number="0.4696047341587198"/>
            <fprob>0.0</fprob>
        </actor>
        <actor name="D0N24">
            <wcet number="0">60</wcet>
            <wcet number="1">60</wcet>
            <maxpow number="0.44272997461624686"/>
            <maxpow number="0.44272997461624686"/>
            <fprob>0.0</fprob>
        </actor>
        <actor name="D0N9">
            <wcet number="0">30</wcet>
            <wcet number="1">70</wcet>
            <maxpow number="0.44149808831346227"/>
            <maxpow number="0.44149808831346227"/>
            <fprob>0.0</fprob>
        </actor>
        <actor name="D0N4">
            <wcet number="0">20</wcet>
            <wcet number="1">50</wcet>
            <maxpow number="0.5876323419687558"/>
            <maxpow number="0.5876323419687558"/>
            <fprob>0.0</fprob>
        </actor>
        <actor name="D0N41">
            <wcet number="0">100</wcet>
            <wcet number="1">130</wcet>
            <maxpow number="0.5768461988273026"/>
            <maxpow number="0.5768461988273026"/>
            <fprob>0.0</fprob>
        </actor>
        <actor name="D0N23">
            <wcet number="0">10</wcet>
            <wcet number="1">10</wcet>
            <maxpow number="0.7220745379948735"/>
            <maxpow number="0.7220745379948735"/>
            <fprob>0.0</fprob>
        </actor>
        <actor name="D0N39">
            <wcet number="0">20</wcet>
            <wcet number="1">30</wcet>
            <maxpow number="0.42818117950928763"/>
            <maxpow number="0.42818117950928763"/>
            <fprob>0.0</fprob>
        </actor>
        <actor name="D0N10">
            <wcet number="0">30</wcet>
            <wcet number="1">30</wcet>
            <maxpow number="0.9241899623324491"/>
            <maxpow number="0.9241899623324491"/>
            <fprob>0.0</fprob>
        </actor>
        <actor name="D0N0">
            <wcet number="0">20</wcet>
            <wcet number="1">30</wcet>
            <maxpow number="0.2671791761969196"/>
            <maxpow number="0.2671791761969196"/>
            <fprob>0.0</fprob>
        </actor>
        <actor name="D0N27">
            <wcet number="0">50</wcet>
            <wcet number="1">100</wcet>
            <maxpow number="0.5088024131440643"/>
            <maxpow number="0.5088024131440643"/>
            <fprob>0.0</fprob>
        </actor>
        <actor name="D0N2">
            <wcet number="0">140</wcet>
            <wcet number="1">140</wcet>
            <maxpow number="0.5947183959169032"/>
            <maxpow number="0.5947183959169032"/>
            <fprob>0.0</fprob>
        </actor>
        <actor name="D0N31">
            <wcet number="0">40</wcet>
            <wcet number="1">40</wcet>
            <maxpow number="0.7263064340558852"/>
            <maxpow number="0.7263064340558852"/>
            <fprob>0.0</fprob>
        </actor>
        <actor name="D0N34">
            <wcet number="0">10</wcet>
            <wcet number="1">10</wcet>
            <maxpow number="-0.013710797401672692"/>
            <maxpow number="-0.013710797401672692"/>
            <fprob>0.0</fprob>
        </actor>
        <actor name="D0N7">
            <wcet number="0">10</wcet>
            <wcet number="1">20</wcet>
            <maxpow number="0.7270398334364269"/>
            <maxpow number="0.7270398334364269"/>
            <fprob>0.0</fprob>
        </actor>
        <actor name="D0N14">
            <wcet number="0">10</wcet>
            <wcet number="1">60</wcet>
            <maxpow number="0.4223577542256376"/>
            <maxpow number="0.4223577542256376"/>
            <fprob>0.0</fprob>
        </actor>
        <actor name="D0N13">
            <wcet number="0">70</wcet>
            <wcet number="1">70</wcet>
            <maxpow number="0.572758933093893"/>
            <maxpow number="0.572758933093893"/>
            <fprob>0.0</fprob>
        </actor>
        <actor name="D0N25">
            <wcet number="0">90</wcet>
            <wcet number="1">210</wcet>
            <maxpow number="0.47123529543295983"/>
            <maxpow number="0.47123529543295983"/>
            <fprob>0.0</fprob>
        </actor>
        <actor name="D0N11">
            <wcet number="0">10</wcet>
            <wcet number="1">10</wcet>
            <maxpow number="0.6426772849987429"/>
            <maxpow number="0.6426772849987429"/>
            <fprob>0.0</fprob>
        </actor>
        <actor name="D0N21">
            <wcet number="0">90</wcet>
            <wcet number="1">100</wcet>
            <maxpow number="0.5876386441232286"/>
            <maxpow number="0.5876386441232286"/>
            <fprob>0.0</fprob>
        </actor>
        <actor name="D0N20">
            <wcet number="0">10</wcet>
            <wcet number="1">20</wcet>
            <maxpow number="0.6097144725219573"/>
            <maxpow number="0.6097144725219573"/>
            <fprob>0.0</fprob>
        </actor>
        <actor name="D0N38">
            <wcet number="0">200</wcet>
            <wcet number="1">220</wcet>
            <maxpow number="0.2750816538687886"/>
            <maxpow number="0.2750816538687886"/>
            <fprob>0.0</fprob>
        </actor>
        <actor name="D0N35">
            <wcet number="0">30</wcet>
            <wcet number="1">110</wcet>
            <maxpow number="0.4224206004508815"/>
            <maxpow number="0.4224206004508815"/>
            <fprob>0.0</fprob>
        </actor>
        <actor name="D0N29">
            <wcet number="0">30</wcet>
            <wcet number="1">40</wcet>
            <maxpow number="0.520244622556365"/>
            <maxpow number="0.520244622556365"/>
            <fprob>0.0</fprob>
        </actor>
        <actor name="D0N6">
            <wcet number="0">10</wcet>
            <wcet number="1">30</wcet>
            <maxpow number="0.4507761572165542"/>
            <maxpow number="0.4507761572165542"/>
            <fprob>0.0</fprob>
        </actor>
        <actor name="D0N17">
            <wcet number="0">60</wcet>
            <wcet number="1">70</wcet>
            <maxpow number="0.8227583606164287"/>
            <maxpow number="0.8227583606164287"/>
            <fprob>0.0</fprob>
        </actor>
        <actor name="D0N15">
            <wcet number="0">80</wcet>
            <wcet number="1">110</wcet>
            <maxpow number="0.8578491615419052"/>
            <maxpow number="0.8578491615419052"/>
            <fprob>0.0</fprob>
        </actor>
        <actor name="D0N12">
            <wcet number="0">100</wcet>
            <wcet number="1">190</wcet>
            <maxpow number="0.5769303342921085"/>
            <maxpow number="0.5769303342921085"/>
            <fprob>0.0</fprob>
        </actor>
        <actor name="D0N26">
            <wcet number="0">10</wcet>
            <wcet number="1">20</wcet>
            <maxpow number="0.7968812855380865"/>
            <maxpow number="0.7968812855380865"/>
            <fprob>0.0</fprob>
        </actor>
        <actor name="D0N1">
            <wcet number="0">10</wcet>
            <wcet number="1">20</wcet>
            <maxpow number="0.34796567113104565"/>
            <maxpow number="0.34796567113104565"/>
            <fprob>0.0</fprob>
        </actor>
        <ports>
            <port dstActor="D0N43" name="p0" srcActor="D0N40"/>
            <port dstActor="D0N35" name="p1" srcActor="D0N28"/>
            <port dstActor="D0N40" name="p2" srcActor="D0N16"/>
            <port dstActor="D0N37" name="p3" srcActor="D0N16"/>
            <port dstActor="D0N32" name="p4" srcActor="D0N16"/>
            <port dstActor="D0N36" name="p5" srcActor="D0N16"/>
            <port dstActor="D0N42" name="p6" srcActor="D0N16"/>
            <port dstActor="D0N20" name="p7" srcActor="D0N16"/>
            <port dstActor="D0N42" name="p8" srcActor="D0N19"/>
            <port dstActor="D0N36" name="p9" srcActor="D0N19"/>
            <port dstActor="D0N24" name="p10" srcActor="D0N3"/>
            <port dstActor="D0N34" name="p11" srcActor="D0N3"/>
            <port dstActor="D0N13" name="p12" srcActor="D0N3"/>
            <port dstActor="D0N33" name="p13" srcActor="D0N3"/>
            <port dstActor="D0N42" name="p14" srcActor="D0N32"/>
            <port dstActor="D0N37" name="p15" srcActor="D0N32"/>
            <port dstActor="D0N41" name="p16" srcActor="D0N33"/>
            <port dstActor="D0N42" name="p17" srcActor="D0N33"/>
            <port dstActor="D0N33" name="p18" srcActor="D0N5"/>
            <port dstActor="D0N41" name="p19" srcActor="D0N5"/>
            <port dstActor="D0N29" name="p20" srcActor="D0N5"/>
            <port dstActor="D0N35" name="p21" srcActor="D0N5"/>
            <port dstActor="D0N9" name="p22" srcActor="D0N5"/>
            <port dstActor="D0N27" name="p23" srcActor="D0N5"/>
            <port dstActor="D0N6" name="p24" srcActor="D0N5"/>
            <port dstActor="D0N42" name="p25" srcActor="D0N8"/>
            <port dstActor="D0N30" name="p26" srcActor="D0N8"/>
            <port dstActor="D0N43" name="p27" srcActor="D0N36"/>
            <port dstActor="D0N39" name="p28" srcActor="D0N36"/>
            <port dstActor="D0N30" name="p29" srcActor="D0N22"/>
            <port dstActor="D0N38" name="p30" srcActor="D0N22"/>
            <port dstActor="D0N26" name="p31" srcActor="D0N22"/>
            <port dstActor="D0N28" name="p32" srcActor="D0N22"/>
            <port dstActor="D0N23" name="p33" srcActor="D0N22"/>
            <port dstActor="D0N42" name="p34" srcActor="D0N24"/>
            <port dstActor="D0N39" name="p35" srcActor="D0N24"/>
            <port dstActor="D0N27" name="p36" srcActor="D0N9"/>
            <port dstActor="D0N39" name="p37" srcActor="D0N9"/>
            <port dstActor="D0N13" name="p38" srcActor="D0N4"/>
            <port dstActor="D0N6" name="p39" srcActor="D0N4"/>
            <port dstActor="D0N45" name="p40" srcActor="D0N41"/>
            <port dstActor="D0N26" name="p41" srcActor="D0N23"/>
            <port dstActor="D0N27" name="p42" srcActor="D0N10"/>
            <port dstActor="D0N41" name="p43" srcActor="D0N10"/>
            <port dstActor="D0N17" name="p44" srcActor="D0N0"/>
            <port dstActor="D0N21" name="p45" srcActor="D0N0"/>
            <port dstActor="D0N23" name="p46" srcActor="D0N0"/>
            <port dstActor="D0N16" name="p47" srcActor="D0N0"/>
            <port dstActor="D0N15" name="p48" srcActor="D0N0"/>
            <port dstActor="D0N45" name="p49" srcActor="D0N27"/>
            <port dstActor="D0N39" name="p50" srcActor="D0N27"/>
            <port dstActor="D0N44" name="p51" srcActor="D0N27"/>
            <port dstActor="D0N26" name="p52" srcActor="D0N2"/>
            <port dstActor="D0N16" name="p53" srcActor="D0N2"/>
            <port dstActor="D0N7" name="p54" srcActor="D0N2"/>
            <port dstActor="D0N25" name="p55" srcActor="D0N2"/>
            <port dstActor="D0N37" name="p56" srcActor="D0N2"/>
            <port dstActor="D0N3" name="p57" srcActor="D0N2"/>
            <port dstActor="D0N28" name="p58" srcActor="D0N2"/>
            <port dstActor="D0N37" name="p59" srcActor="D0N34"/>
            <port dstActor="D0N36" name="p60" srcActor="D0N34"/>
            <port dstActor="D0N42" name="p61" srcActor="D0N7"/>
            <port dstActor="D0N20" name="p62" srcActor="D0N7"/>
            <port dstActor="D0N19" name="p63" srcActor="D0N7"/>
            <port dstActor="D0N29" name="p64" srcActor="D0N14"/>
            <port dstActor="D0N40" name="p65" srcActor="D0N14"/>
            <port dstActor="D0N15" name="p66" srcActor="D0N13"/>
            <port dstActor="D0N22" name="p67" srcActor="D0N13"/>
            <port dstActor="D0N31" name="p68" srcActor="D0N25"/>
            <port dstActor="D0N33" name="p69" srcActor="D0N11"/>
            <port dstActor="D0N33" name="p70" srcActor="D0N21"/>
            <port dstActor="D0N26" name="p71" srcActor="D0N21"/>
            <port dstActor="D0N43" name="p72" srcActor="D0N35"/>
            <port dstActor="D0N45" name="p73" srcActor="D0N35"/>
            <port dstActor="D0N45" name="p74" srcActor="D0N29"/>
            <port dstActor="D0N43" name="p75" srcActor="D0N6"/>
            <port dstActor="D0N41" name="p76" srcActor="D0N6"/>
            <port dstActor="D0N44" name="p77" srcActor="D0N6"/>
            <port dstActor="D0N45" name="p78" srcActor="D0N6"/>
            <port dstActor="D0N21" name="p79" srcActor="D0N6"/>
            <port dstActor="D0N27" name="p80" srcActor="D0N17"/>
            <port dstActor="D0N37" name="p81" srcActor="D0N17"/>
            <port dstActor="D0N34" name="p82" srcActor="D0N17"/>
            <port dstActor="D0N37" name="p83" srcActor="D0N15"/>
            <port dstActor="D0N40" name="p84" srcActor="D0N15"/>
            <port dstActor="D0N28" name="p85" srcActor="D0N15"/>
            <port dstActor="D0N42" name="p86" srcActor="D0N15"/>
            <port dstActor="D0N19" name="p87" srcActor="D0N15"/>
            <port dstActor="D0N39" name="p88" srcActor="D0N15"/>
            <port dstActor="D0N36" name="p89" srcActor="D0N12"/>
            <port dstActor="D0N31" name="p90" srcActor="D0N12"/>
            <port dstActor="D0N37" name="p91" srcActor="D0N12"/>
            <port dstActor="D0N29" name="p92" srcActor="D0N26"/>
            <port dstActor="D0N45" name="p93" srcActor="D0N1"/>
            <port dstActor="D0N25" name="p94" srcActor="D0N1"/>
            <port dstActor="D0N37" name="p95" srcActor="D0N1"/>
            <port dstActor="D0N7" name="p96" srcActor="D0N1"/>
            <port dstActor="D0N42" name="p97" srcActor="D0N1"/>
        </ports>
    </mcdag>
    <cores number="3"/>
    <levels number="2"/>
</mcsystem>
