<?xml version="1.0" encoding="UTF-8" standalone="no"?>
<mcsystem>
    <mcdag deadline="5000" name="genned-0-ed-10.0-0">
        <actor name="D0N24">
            <wcet number="0">80</wcet>
            <wcet number="1">120</wcet>
            <maxpow number="0.5723545553327523"/>
            <maxpow number="0.5723545553327523"/>
            <fprob>0.0</fprob>
        </actor>
        <actor name="D0N19">
            <wcet number="0">100</wcet>
            <wcet number="1">330</wcet>
            <maxpow number="0.5204059020889039"/>
            <maxpow number="0.5204059020889039"/>
            <fprob>0.0</fprob>
        </actor>
        <actor name="D0N40">
            <wcet number="0">20</wcet>
            <wcet number="1">40</wcet>
            <maxpow number="0.2981338277713336"/>
            <maxpow number="0.2981338277713336"/>
            <fprob>0.0</fprob>
        </actor>
        <actor name="D0N34">
            <wcet number="0">10</wcet>
            <wcet number="1">150</wcet>
            <maxpow number="0.6785886508757035"/>
            <maxpow number="0.6785886508757035"/>
            <fprob>0.0</fprob>
        </actor>
        <actor name="D0N37">
            <wcet number="0">150</wcet>
            <wcet number="1">970</wcet>
            <maxpow number="0.5607997156317686"/>
            <maxpow number="0.5607997156317686"/>
            <fprob>0.0</fprob>
        </actor>
        <actor name="D0N6">
            <wcet number="0">120</wcet>
            <wcet number="1">130</wcet>
            <maxpow number="1.0148936314267747"/>
            <maxpow number="1.0148936314267747"/>
            <fprob>0.0</fprob>
        </actor>
        <actor name="D0N10">
            <wcet number="0">20</wcet>
            <wcet number="1">90</wcet>
            <maxpow number="0.46793385115055175"/>
            <maxpow number="0.46793385115055175"/>
            <fprob>0.0</fprob>
        </actor>
        <actor name="D0N29">
            <wcet number="0">110</wcet>
            <wcet number="1">110</wcet>
            <maxpow number="0.643254275941087"/>
            <maxpow number="0.643254275941087"/>
            <fprob>0.0</fprob>
        </actor>
        <actor name="D0N36">
            <wcet number="0">150</wcet>
            <wcet number="1">320</wcet>
            <maxpow number="0.5217958594353038"/>
            <maxpow number="0.5217958594353038"/>
            <fprob>0.0</fprob>
        </actor>
        <actor name="D0N17">
            <wcet number="0">40</wcet>
            <wcet number="1">410</wcet>
            <maxpow number="0.5808641262014325"/>
            <maxpow number="0.5808641262014325"/>
            <fprob>0.0</fprob>
        </actor>
        <actor name="D0N11">
            <wcet number="0">40</wcet>
            <wcet number="1">150</wcet>
            <maxpow number="0.36193973906111776"/>
            <maxpow number="0.36193973906111776"/>
            <fprob>0.0</fprob>
        </actor>
        <actor name="D0N1">
            <wcet number="0">440</wcet>
            <wcet number="1">440</wcet>
            <maxpow number="0.38743496733919336"/>
            <maxpow number="0.38743496733919336"/>
            <fprob>0.0</fprob>
        </actor>
        <actor name="D0N18">
            <wcet number="0">110</wcet>
            <wcet number="1">110</wcet>
            <maxpow number="0.7035733111958308"/>
            <maxpow number="0.7035733111958308"/>
            <fprob>0.0</fprob>
        </actor>
        <actor name="D0N30">
            <wcet number="0">20</wcet>
            <wcet number="1">20</wcet>
            <maxpow number="0.3092752209920663"/>
            <maxpow number="0.3092752209920663"/>
            <fprob>0.0</fprob>
        </actor>
        <actor name="D0N20">
            <wcet number="0">50</wcet>
            <wcet number="1">80</wcet>
            <maxpow number="0.44207864652944634"/>
            <maxpow number="0.44207864652944634"/>
            <fprob>0.0</fprob>
        </actor>
        <actor name="D0N2">
            <wcet number="0">610</wcet>
            <wcet number="1">620</wcet>
            <maxpow number="0.19166764358712984"/>
            <maxpow number="0.19166764358712984"/>
            <fprob>0.0</fprob>
        </actor>
        <actor name="D0N13">
            <wcet number="0">10</wcet>
            <wcet number="1">10</wcet>
            <maxpow number="0.8815592279848296"/>
            <maxpow number="0.8815592279848296"/>
            <fprob>0.0</fprob>
        </actor>
        <actor name="D0N14">
            <wcet number="0">270</wcet>
            <wcet number="1">360</wcet>
            <maxpow number="0.49223688231050566"/>
            <maxpow number="0.49223688231050566"/>
            <fprob>0.0</fprob>
        </actor>
        <actor name="D0N8">
            <wcet number="0">120</wcet>
            <wcet number="1">180</wcet>
            <maxpow number="0.7329042724844607"/>
            <maxpow number="0.7329042724844607"/>
            <fprob>0.0</fprob>
        </actor>
        <actor name="D0N0">
            <wcet number="0">40</wcet>
            <wcet number="1">200</wcet>
            <maxpow number="0.42871426274034435"/>
            <maxpow number="0.42871426274034435"/>
            <fprob>0.0</fprob>
        </actor>
        <actor name="D0N21">
            <wcet number="0">890</wcet>
            <wcet number="1">1010</wcet>
            <maxpow number="0.648174454469769"/>
            <maxpow number="0.648174454469769"/>
            <fprob>0.0</fprob>
        </actor>
        <actor name="D0N23">
            <wcet number="0">10</wcet>
            <wcet number="1">130</wcet>
            <maxpow number="0.6423296401884278"/>
            <maxpow number="0.6423296401884278"/>
            <fprob>0.0</fprob>
        </actor>
        <actor name="D0N39">
            <wcet number="0">120</wcet>
            <wcet number="1">240</wcet>
            <maxpow number="0.2617824774593384"/>
            <maxpow number="0.2617824774593384"/>
            <fprob>0.0</fprob>
        </actor>
        <actor name="D0N7">
            <wcet number="0">40</wcet>
            <wcet number="1">80</wcet>
            <maxpow number="0.7170503995389959"/>
            <maxpow number="0.7170503995389959"/>
            <fprob>0.0</fprob>
        </actor>
        <actor name="D0N16">
            <wcet number="0">70</wcet>
            <wcet number="1">80</wcet>
            <maxpow number="0.642762664154075"/>
            <maxpow number="0.642762664154075"/>
            <fprob>0.0</fprob>
        </actor>
        <actor name="D0N35">
            <wcet number="0">10</wcet>
            <wcet number="1">90</wcet>
            <maxpow number="0.47993794918185606"/>
            <maxpow number="0.47993794918185606"/>
            <fprob>0.0</fprob>
        </actor>
        <actor name="D0N42">
            <wcet number="0">40</wcet>
            <wcet number="1">40</wcet>
            <maxpow number="0.7049155743995761"/>
            <maxpow number="0.7049155743995761"/>
            <fprob>0.0</fprob>
        </actor>
        <actor name="D0N38">
            <wcet number="0">30</wcet>
            <wcet number="1">30</wcet>
            <maxpow number="0.6995970318228911"/>
            <maxpow number="0.6995970318228911"/>
            <fprob>0.0</fprob>
        </actor>
        <actor name="D0N44">
            <wcet number="0">170</wcet>
            <wcet number="1">210</wcet>
            <maxpow number="0.5634753525336329"/>
            <maxpow number="0.5634753525336329"/>
            <fprob>0.0</fprob>
        </actor>
        <actor name="D0N43">
            <wcet number="0">110</wcet>
            <wcet number="1">150</wcet>
            <maxpow number="0.4528789762863875"/>
            <maxpow number="0.4528789762863875"/>
            <fprob>0.0</fprob>
        </actor>
        <actor name="D0N45">
            <wcet number="0">10</wcet>
            <wcet number="1">10</wcet>
            <maxpow number="0.5084847518630419"/>
            <maxpow number="0.5084847518630419"/>
            <fprob>0.0</fprob>
        </actor>
        <actor name="D0N15">
            <wcet number="0">60</wcet>
            <wcet number="1">130</wcet>
            <maxpow number="0.7167084616939327"/>
            <maxpow number="0.7167084616939327"/>
            <fprob>0.0</fprob>
        </actor>
        <actor name="D0N33">
            <wcet number="0">110</wcet>
            <wcet number="1">260</wcet>
            <maxpow number="0.3952396750330976"/>
            <maxpow number="0.3952396750330976"/>
            <fprob>0.0</fprob>
        </actor>
        <actor name="D0N46">
            <wcet number="0">40</wcet>
            <wcet number="1">270</wcet>
            <maxpow number="0.5478452486628068"/>
            <maxpow number="0.5478452486628068"/>
            <fprob>0.0</fprob>
        </actor>
        <actor name="D0N41">
            <wcet number="0">430</wcet>
            <wcet number="1">550</wcet>
            <maxpow number="0.7406483035148062"/>
            <maxpow number="0.7406483035148062"/>
            <fprob>0.0</fprob>
        </actor>
        <actor name="D0N5">
            <wcet number="0">240</wcet>
            <wcet number="1">260</wcet>
            <maxpow number="0.4565830173507091"/>
            <maxpow number="0.4565830173507091"/>
            <fprob>0.0</fprob>
        </actor>
        <actor name="D0N3">
            <wcet number="0">10</wcet>
            <wcet number="1">10</wcet>
            <maxpow number="0.6709222168611226"/>
            <maxpow number="0.6709222168611226"/>
            <fprob>0.0</fprob>
        </actor>
        <actor name="D0N22">
            <wcet number="0">10</wcet>
            <wcet number="1">60</wcet>
            <maxpow number="0.48985525606883434"/>
            <maxpow number="0.48985525606883434"/>
            <fprob>0.0</fprob>
        </actor>
        <actor name="D0N32">
            <wcet number="0">20</wcet>
            <wcet number="1">60</wcet>
            <maxpow number="0.579810791600592"/>
            <maxpow number="0.579810791600592"/>
            <fprob>0.0</fprob>
        </actor>
        <actor name="D0N26">
            <wcet number="0">150</wcet>
            <wcet number="1">150</wcet>
            <maxpow number="0.8101487348228393"/>
            <maxpow number="0.8101487348228393"/>
            <fprob>0.0</fprob>
        </actor>
        <actor name="D0N9">
            <wcet number="0">40</wcet>
            <wcet number="1">40</wcet>
            <maxpow number="0.5075269526794702"/>
            <maxpow number="0.5075269526794702"/>
            <fprob>0.0</fprob>
        </actor>
        <actor name="D0N28">
            <wcet number="0">80</wcet>
            <wcet number="1">310</wcet>
            <maxpow number="0.5378148910900897"/>
            <maxpow number="0.5378148910900897"/>
            <fprob>0.0</fprob>
        </actor>
        <actor name="D0N47">
            <wcet number="0">310</wcet>
            <wcet number="1">770</wcet>
            <maxpow number="0.47919218109563566"/>
            <maxpow number="0.47919218109563566"/>
            <fprob>0.0</fprob>
        </actor>
        <actor name="D0N31">
            <wcet number="0">20</wcet>
            <wcet number="1">30</wcet>
            <maxpow number="0.8083433829646992"/>
            <maxpow number="0.8083433829646992"/>
            <fprob>0.0</fprob>
        </actor>
        <actor name="D0N25">
            <wcet number="0">60</wcet>
            <wcet number="1">200</wcet>
            <maxpow number="0.5102010677337966"/>
            <maxpow number="0.5102010677337966"/>
            <fprob>0.0</fprob>
        </actor>
        <actor name="D0N4">
            <wcet number="0">100</wcet>
            <wcet number="1">440</wcet>
            <maxpow number="0.612731685084606"/>
            <maxpow number="0.612731685084606"/>
            <fprob>0.0</fprob>
        </actor>
        <actor name="D0N12">
            <wcet number="0">230</wcet>
            <wcet number="1">380</wcet>
            <maxpow number="0.5169064171766846"/>
            <maxpow number="0.5169064171766846"/>
            <fprob>0.0</fprob>
        </actor>
        <actor name="D0N27">
            <wcet number="0">520</wcet>
            <wcet number="1">670</wcet>
            <maxpow number="0.6783968742524286"/>
            <maxpow number="0.6783968742524286"/>
            <fprob>0.0</fprob>
        </actor>
        <ports>
            <port dstActor="D0N40" name="p0" srcActor="D0N24"/>
            <port dstActor="D0N45" name="p1" srcActor="D0N24"/>
            <port dstActor="D0N25" name="p2" srcActor="D0N19"/>
            <port dstActor="D0N21" name="p3" srcActor="D0N19"/>
            <port dstActor="D0N37" name="p4" srcActor="D0N19"/>
            <port dstActor="D0N43" name="p5" srcActor="D0N40"/>
            <port dstActor="D0N46" name="p6" srcActor="D0N34"/>
            <port dstActor="D0N47" name="p7" srcActor="D0N34"/>
            <port dstActor="D0N38" name="p8" srcActor="D0N37"/>
            <port dstActor="D0N41" name="p9" srcActor="D0N37"/>
            <port dstActor="D0N45" name="p10" srcActor="D0N6"/>
            <port dstActor="D0N38" name="p11" srcActor="D0N6"/>
            <port dstActor="D0N44" name="p12" srcActor="D0N6"/>
            <port dstActor="D0N40" name="p13" srcActor="D0N10"/>
            <port dstActor="D0N13" name="p14" srcActor="D0N10"/>
            <port dstActor="D0N25" name="p15" srcActor="D0N10"/>
            <port dstActor="D0N28" name="p16" srcActor="D0N10"/>
            <port dstActor="D0N35" name="p17" srcActor="D0N10"/>
            <port dstActor="D0N38" name="p18" srcActor="D0N29"/>
            <port dstActor="D0N47" name="p19" srcActor="D0N36"/>
            <port dstActor="D0N20" name="p20" srcActor="D0N17"/>
            <port dstActor="D0N37" name="p21" srcActor="D0N17"/>
            <port dstActor="D0N28" name="p22" srcActor="D0N17"/>
            <port dstActor="D0N21" name="p23" srcActor="D0N11"/>
            <port dstActor="D0N19" name="p24" srcActor="D0N1"/>
            <port dstActor="D0N30" name="p25" srcActor="D0N1"/>
            <port dstActor="D0N15" name="p26" srcActor="D0N1"/>
            <port dstActor="D0N3" name="p27" srcActor="D0N1"/>
            <port dstActor="D0N4" name="p28" srcActor="D0N1"/>
            <port dstActor="D0N19" name="p29" srcActor="D0N18"/>
            <port dstActor="D0N23" name="p30" srcActor="D0N18"/>
            <port dstActor="D0N43" name="p31" srcActor="D0N18"/>
            <port dstActor="D0N45" name="p32" srcActor="D0N18"/>
            <port dstActor="D0N32" name="p33" srcActor="D0N30"/>
            <port dstActor="D0N41" name="p34" srcActor="D0N20"/>
            <port dstActor="D0N24" name="p35" srcActor="D0N20"/>
            <port dstActor="D0N36" name="p36" srcActor="D0N20"/>
            <port dstActor="D0N39" name="p37" srcActor="D0N20"/>
            <port dstActor="D0N25" name="p38" srcActor="D0N20"/>
            <port dstActor="D0N45" name="p39" srcActor="D0N20"/>
            <port dstActor="D0N28" name="p40" srcActor="D0N20"/>
            <port dstActor="D0N9" name="p41" srcActor="D0N2"/>
            <port dstActor="D0N17" name="p42" srcActor="D0N2"/>
            <port dstActor="D0N34" name="p43" srcActor="D0N2"/>
            <port dstActor="D0N40" name="p44" srcActor="D0N2"/>
            <port dstActor="D0N29" name="p45" srcActor="D0N13"/>
            <port dstActor="D0N36" name="p46" srcActor="D0N13"/>
            <port dstActor="D0N41" name="p47" srcActor="D0N13"/>
            <port dstActor="D0N39" name="p48" srcActor="D0N14"/>
            <port dstActor="D0N23" name="p49" srcActor="D0N14"/>
            <port dstActor="D0N40" name="p50" srcActor="D0N8"/>
            <port dstActor="D0N17" name="p51" srcActor="D0N8"/>
            <port dstActor="D0N15" name="p52" srcActor="D0N8"/>
            <port dstActor="D0N14" name="p53" srcActor="D0N0"/>
            <port dstActor="D0N29" name="p54" srcActor="D0N0"/>
            <port dstActor="D0N46" name="p55" srcActor="D0N0"/>
            <port dstActor="D0N42" name="p56" srcActor="D0N0"/>
            <port dstActor="D0N38" name="p57" srcActor="D0N0"/>
            <port dstActor="D0N28" name="p58" srcActor="D0N0"/>
            <port dstActor="D0N27" name="p59" srcActor="D0N0"/>
            <port dstActor="D0N4" name="p60" srcActor="D0N0"/>
            <port dstActor="D0N31" name="p61" srcActor="D0N0"/>
            <port dstActor="D0N25" name="p62" srcActor="D0N21"/>
            <port dstActor="D0N46" name="p63" srcActor="D0N21"/>
            <port dstActor="D0N47" name="p64" srcActor="D0N23"/>
            <port dstActor="D0N38" name="p65" srcActor="D0N23"/>
            <port dstActor="D0N34" name="p66" srcActor="D0N23"/>
            <port dstActor="D0N46" name="p67" srcActor="D0N39"/>
            <port dstActor="D0N12" name="p68" srcActor="D0N7"/>
            <port dstActor="D0N9" name="p69" srcActor="D0N7"/>
            <port dstActor="D0N39" name="p70" srcActor="D0N16"/>
            <port dstActor="D0N46" name="p71" srcActor="D0N35"/>
            <port dstActor="D0N41" name="p72" srcActor="D0N35"/>
            <port dstActor="D0N46" name="p73" srcActor="D0N42"/>
            <port dstActor="D0N44" name="p74" srcActor="D0N38"/>
            <port dstActor="D0N47" name="p75" srcActor="D0N44"/>
            <port dstActor="D0N18" name="p76" srcActor="D0N15"/>
            <port dstActor="D0N37" name="p77" srcActor="D0N15"/>
            <port dstActor="D0N29" name="p78" srcActor="D0N15"/>
            <port dstActor="D0N47" name="p79" srcActor="D0N15"/>
            <port dstActor="D0N44" name="p80" srcActor="D0N33"/>
            <port dstActor="D0N20" name="p81" srcActor="D0N5"/>
            <port dstActor="D0N43" name="p82" srcActor="D0N5"/>
            <port dstActor="D0N45" name="p83" srcActor="D0N5"/>
            <port dstActor="D0N29" name="p84" srcActor="D0N5"/>
            <port dstActor="D0N11" name="p85" srcActor="D0N3"/>
            <port dstActor="D0N31" name="p86" srcActor="D0N3"/>
            <port dstActor="D0N30" name="p87" srcActor="D0N3"/>
            <port dstActor="D0N36" name="p88" srcActor="D0N3"/>
            <port dstActor="D0N36" name="p89" srcActor="D0N22"/>
            <port dstActor="D0N27" name="p90" srcActor="D0N22"/>
            <port dstActor="D0N43" name="p91" srcActor="D0N32"/>
            <port dstActor="D0N41" name="p92" srcActor="D0N32"/>
            <port dstActor="D0N38" name="p93" srcActor="D0N32"/>
            <port dstActor="D0N41" name="p94" srcActor="D0N26"/>
            <port dstActor="D0N19" name="p95" srcActor="D0N9"/>
            <port dstActor="D0N46" name="p96" srcActor="D0N9"/>
            <port dstActor="D0N46" name="p97" srcActor="D0N31"/>
            <port dstActor="D0N33" name="p98" srcActor="D0N25"/>
            <port dstActor="D0N31" name="p99" srcActor="D0N25"/>
            <port dstActor="D0N40" name="p100" srcActor="D0N25"/>
            <port dstActor="D0N34" name="p101" srcActor="D0N4"/>
            <port dstActor="D0N30" name="p102" srcActor="D0N4"/>
            <port dstActor="D0N47" name="p103" srcActor="D0N4"/>
            <port dstActor="D0N6" name="p104" srcActor="D0N4"/>
            <port dstActor="D0N38" name="p105" srcActor="D0N4"/>
            <port dstActor="D0N9" name="p106" srcActor="D0N4"/>
            <port dstActor="D0N12" name="p107" srcActor="D0N4"/>
            <port dstActor="D0N41" name="p108" srcActor="D0N4"/>
            <port dstActor="D0N33" name="p109" srcActor="D0N12"/>
            <port dstActor="D0N25" name="p110" srcActor="D0N12"/>
        </ports>
    </mcdag>
    <cores number="3"/>
    <levels number="2"/>
</mcsystem>
