<?xml version="1.0" encoding="UTF-8" standalone="no"?>
<mcsystem>
    <mcdag deadline="1500" name="genned-0-ed-10.0-0">
        <actor name="D0N22">
            <wcet number="0">30</wcet>
            <wcet number="1">30</wcet>
            <maxpow number="0.8051695470023874"/>
            <maxpow number="0.8051695470023874"/>
            <fprob>0.0</fprob>
        </actor>
        <actor name="D0N11">
            <wcet number="0">20</wcet>
            <wcet number="1">70</wcet>
            <maxpow number="1.0940633421875197"/>
            <maxpow number="1.0940633421875197"/>
            <fprob>0.0</fprob>
        </actor>
        <actor name="D0N31">
            <wcet number="0">250</wcet>
            <wcet number="1">330</wcet>
            <maxpow number="0.5377994706912624"/>
            <maxpow number="0.5377994706912624"/>
            <fprob>0.0</fprob>
        </actor>
        <actor name="D0N30">
            <wcet number="0">10</wcet>
            <wcet number="1">10</wcet>
            <maxpow number="0.5104718880063718"/>
            <maxpow number="0.5104718880063718"/>
            <fprob>0.0</fprob>
        </actor>
        <actor name="D0N28">
            <wcet number="0">10</wcet>
            <wcet number="1">10</wcet>
            <maxpow number="0.7547552751735727"/>
            <maxpow number="0.7547552751735727"/>
            <fprob>0.0</fprob>
        </actor>
        <actor name="D0N43">
            <wcet number="0">30</wcet>
            <wcet number="1">100</wcet>
            <maxpow number="0.39900435939013673"/>
            <maxpow number="0.39900435939013673"/>
            <fprob>0.0</fprob>
        </actor>
        <actor name="D0N41">
            <wcet number="0">60</wcet>
            <wcet number="1">100</wcet>
            <maxpow number="0.8515271306873817"/>
            <maxpow number="0.8515271306873817"/>
            <fprob>0.0</fprob>
        </actor>
        <actor name="D0N27">
            <wcet number="0">10</wcet>
            <wcet number="1">30</wcet>
            <maxpow number="0.5381191617072588"/>
            <maxpow number="0.5381191617072588"/>
            <fprob>0.0</fprob>
        </actor>
        <actor name="D0N29">
            <wcet number="0">20</wcet>
            <wcet number="1">40</wcet>
            <maxpow number="0.8521655421763032"/>
            <maxpow number="0.8521655421763032"/>
            <fprob>0.0</fprob>
        </actor>
        <actor name="D0N24">
            <wcet number="0">20</wcet>
            <wcet number="1">20</wcet>
            <maxpow number="0.40431875027370334"/>
            <maxpow number="0.40431875027370334"/>
            <fprob>0.0</fprob>
        </actor>
        <actor name="D0N9">
            <wcet number="0">10</wcet>
            <wcet number="1">100</wcet>
            <maxpow number="0.6054695595102096"/>
            <maxpow number="0.6054695595102096"/>
            <fprob>0.0</fprob>
        </actor>
        <actor name="D0N46">
            <wcet number="0">20</wcet>
            <wcet number="1">20</wcet>
            <maxpow number="0.47555259519564747"/>
            <maxpow number="0.47555259519564747"/>
            <fprob>0.0</fprob>
        </actor>
        <actor name="D0N37">
            <wcet number="0">60</wcet>
            <wcet number="1">80</wcet>
            <maxpow number="0.6580226120159596"/>
            <maxpow number="0.6580226120159596"/>
            <fprob>0.0</fprob>
        </actor>
        <actor name="D0N42">
            <wcet number="0">30</wcet>
            <wcet number="1">100</wcet>
            <maxpow number="0.6606944637793082"/>
            <maxpow number="0.6606944637793082"/>
            <fprob>0.0</fprob>
        </actor>
        <actor name="D0N19">
            <wcet number="0">30</wcet>
            <wcet number="1">220</wcet>
            <maxpow number="0.6019766898980368"/>
            <maxpow number="0.6019766898980368"/>
            <fprob>0.0</fprob>
        </actor>
        <actor name="D0N13">
            <wcet number="0">170</wcet>
            <wcet number="1">190</wcet>
            <maxpow number="0.7481290755254942"/>
            <maxpow number="0.7481290755254942"/>
            <fprob>0.0</fprob>
        </actor>
        <actor name="D0N5">
            <wcet number="0">20</wcet>
            <wcet number="1">20</wcet>
            <maxpow number="0.49721758308593134"/>
            <maxpow number="0.49721758308593134"/>
            <fprob>0.0</fprob>
        </actor>
        <actor name="D0N7">
            <wcet number="0">40</wcet>
            <wcet number="1">60</wcet>
            <maxpow number="0.694706723704517"/>
            <maxpow number="0.694706723704517"/>
            <fprob>0.0</fprob>
        </actor>
        <actor name="D0N34">
            <wcet number="0">10</wcet>
            <wcet number="1">10</wcet>
            <maxpow number="0.5283415445621282"/>
            <maxpow number="0.5283415445621282"/>
            <fprob>0.0</fprob>
        </actor>
        <actor name="D0N47">
            <wcet number="0">10</wcet>
            <wcet number="1">10</wcet>
            <maxpow number="0.9342252235262204"/>
            <maxpow number="0.9342252235262204"/>
            <fprob>0.0</fprob>
        </actor>
        <actor name="D0N21">
            <wcet number="0">150</wcet>
            <wcet number="1">300</wcet>
            <maxpow number="0.6028970008043487"/>
            <maxpow number="0.6028970008043487"/>
            <fprob>0.0</fprob>
        </actor>
        <actor name="D0N14">
            <wcet number="0">70</wcet>
            <wcet number="1">70</wcet>
            <maxpow number="0.6296461586181451"/>
            <maxpow number="0.6296461586181451"/>
            <fprob>0.0</fprob>
        </actor>
        <actor name="D0N4">
            <wcet number="0">20</wcet>
            <wcet number="1">70</wcet>
            <maxpow number="0.6203738566706355"/>
            <maxpow number="0.6203738566706355"/>
            <fprob>0.0</fprob>
        </actor>
        <actor name="D0N8">
            <wcet number="0">40</wcet>
            <wcet number="1">50</wcet>
            <maxpow number="0.76465556107584"/>
            <maxpow number="0.76465556107584"/>
            <fprob>0.0</fprob>
        </actor>
        <actor name="D0N16">
            <wcet number="0">10</wcet>
            <wcet number="1">10</wcet>
            <maxpow number="0.7483211449603384"/>
            <maxpow number="0.7483211449603384"/>
            <fprob>0.0</fprob>
        </actor>
        <actor name="D0N18">
            <wcet number="0">140</wcet>
            <wcet number="1">190</wcet>
            <maxpow number="0.3898664840314655"/>
            <maxpow number="0.3898664840314655"/>
            <fprob>0.0</fprob>
        </actor>
        <actor name="D0N25">
            <wcet number="0">10</wcet>
            <wcet number="1">30</wcet>
            <maxpow number="0.40050108346882624"/>
            <maxpow number="0.40050108346882624"/>
            <fprob>0.0</fprob>
        </actor>
        <actor name="D0N10">
            <wcet number="0">10</wcet>
            <wcet number="1">50</wcet>
            <maxpow number="0.44733118824135426"/>
            <maxpow number="0.44733118824135426"/>
            <fprob>0.0</fprob>
        </actor>
        <actor name="D0N32">
            <wcet number="0">30</wcet>
            <wcet number="1">50</wcet>
            <maxpow number="0.5227561376228614"/>
            <maxpow number="0.5227561376228614"/>
            <fprob>0.0</fprob>
        </actor>
        <actor name="D0N0">
            <wcet number="0">80</wcet>
            <wcet number="1">170</wcet>
            <maxpow number="0.5228258788028253"/>
            <maxpow number="0.5228258788028253"/>
            <fprob>0.0</fprob>
        </actor>
        <actor name="D0N12">
            <wcet number="0">70</wcet>
            <wcet number="1">160</wcet>
            <maxpow number="0.6110701157332371"/>
            <maxpow number="0.6110701157332371"/>
            <fprob>0.0</fprob>
        </actor>
        <actor name="D0N15">
            <wcet number="0">40</wcet>
            <wcet number="1">100</wcet>
            <maxpow number="0.5115289984043382"/>
            <maxpow number="0.5115289984043382"/>
            <fprob>0.0</fprob>
        </actor>
        <actor name="D0N2">
            <wcet number="0">50</wcet>
            <wcet number="1">60</wcet>
            <maxpow number="0.4884674488393037"/>
            <maxpow number="0.4884674488393037"/>
            <fprob>0.0</fprob>
        </actor>
        <actor name="D0N6">
            <wcet number="0">10</wcet>
            <wcet number="1">10</wcet>
            <maxpow number="0.7489937471051933"/>
            <maxpow number="0.7489937471051933"/>
            <fprob>0.0</fprob>
        </actor>
        <actor name="D0N35">
            <wcet number="0">10</wcet>
            <wcet number="1">10</wcet>
            <maxpow number="0.5244415081283401"/>
            <maxpow number="0.5244415081283401"/>
            <fprob>0.0</fprob>
        </actor>
        <actor name="D0N38">
            <wcet number="0">10</wcet>
            <wcet number="1">20</wcet>
            <maxpow number="0.5409979682609373"/>
            <maxpow number="0.5409979682609373"/>
            <fprob>0.0</fprob>
        </actor>
        <actor name="D0N23">
            <wcet number="0">30</wcet>
            <wcet number="1">30</wcet>
            <maxpow number="0.6428104454432907"/>
            <maxpow number="0.6428104454432907"/>
            <fprob>0.0</fprob>
        </actor>
        <actor name="D0N26">
            <wcet number="0">50</wcet>
            <wcet number="1">170</wcet>
            <maxpow number="0.5455631448372287"/>
            <maxpow number="0.5455631448372287"/>
            <fprob>0.0</fprob>
        </actor>
        <actor name="D0N33">
            <wcet number="0">20</wcet>
            <wcet number="1">20</wcet>
            <maxpow number="0.14543319004808902"/>
            <maxpow number="0.14543319004808902"/>
            <fprob>0.0</fprob>
        </actor>
        <actor name="D0N39">
            <wcet number="0">10</wcet>
            <wcet number="1">70</wcet>
            <maxpow number="0.302512538444011"/>
            <maxpow number="0.302512538444011"/>
            <fprob>0.0</fprob>
        </actor>
        <actor name="D0N3">
            <wcet number="0">280</wcet>
            <wcet number="1">290</wcet>
            <maxpow number="0.508372761956968"/>
            <maxpow number="0.508372761956968"/>
            <fprob>0.0</fprob>
        </actor>
        <actor name="D0N20">
            <wcet number="0">10</wcet>
            <wcet number="1">30</wcet>
            <maxpow number="0.42456406362029964"/>
            <maxpow number="0.42456406362029964"/>
            <fprob>0.0</fprob>
        </actor>
        <actor name="D0N36">
            <wcet number="0">20</wcet>
            <wcet number="1">40</wcet>
            <maxpow number="0.31029970304418497"/>
            <maxpow number="0.31029970304418497"/>
            <fprob>0.0</fprob>
        </actor>
        <actor name="D0N1">
            <wcet number="0">20</wcet>
            <wcet number="1">90</wcet>
            <maxpow number="0.5555278407564341"/>
            <maxpow number="0.5555278407564341"/>
            <fprob>0.0</fprob>
        </actor>
        <actor name="D0N44">
            <wcet number="0">50</wcet>
            <wcet number="1">280</wcet>
            <maxpow number="0.2710886171266161"/>
            <maxpow number="0.2710886171266161"/>
            <fprob>0.0</fprob>
        </actor>
        <actor name="D0N40">
            <wcet number="0">30</wcet>
            <wcet number="1">110</wcet>
            <maxpow number="0.47528752268843527"/>
            <maxpow number="0.47528752268843527"/>
            <fprob>0.0</fprob>
        </actor>
        <actor name="D0N17">
            <wcet number="0">10</wcet>
            <wcet number="1">10</wcet>
            <maxpow number="0.6666745104366911"/>
            <maxpow number="0.6666745104366911"/>
            <fprob>0.0</fprob>
        </actor>
        <actor name="D0N45">
            <wcet number="0">10</wcet>
            <wcet number="1">10</wcet>
            <maxpow number="0.37882147039661807"/>
            <maxpow number="0.37882147039661807"/>
            <fprob>0.0</fprob>
        </actor>
        <ports>
            <port dstActor="D0N26" name="p0" srcActor="D0N22"/>
            <port dstActor="D0N46" name="p1" srcActor="D0N22"/>
            <port dstActor="D0N47" name="p2" srcActor="D0N11"/>
            <port dstActor="D0N32" name="p3" srcActor="D0N31"/>
            <port dstActor="D0N38" name="p4" srcActor="D0N31"/>
            <port dstActor="D0N41" name="p5" srcActor="D0N31"/>
            <port dstActor="D0N32" name="p6" srcActor="D0N30"/>
            <port dstActor="D0N29" name="p7" srcActor="D0N28"/>
            <port dstActor="D0N31" name="p8" srcActor="D0N28"/>
            <port dstActor="D0N44" name="p9" srcActor="D0N43"/>
            <port dstActor="D0N42" name="p10" srcActor="D0N41"/>
            <port dstActor="D0N43" name="p11" srcActor="D0N41"/>
            <port dstActor="D0N47" name="p12" srcActor="D0N41"/>
            <port dstActor="D0N37" name="p13" srcActor="D0N27"/>
            <port dstActor="D0N32" name="p14" srcActor="D0N27"/>
            <port dstActor="D0N45" name="p15" srcActor="D0N29"/>
            <port dstActor="D0N29" name="p16" srcActor="D0N9"/>
            <port dstActor="D0N11" name="p17" srcActor="D0N9"/>
            <port dstActor="D0N31" name="p18" srcActor="D0N9"/>
            <port dstActor="D0N47" name="p19" srcActor="D0N9"/>
            <port dstActor="D0N45" name="p20" srcActor="D0N37"/>
            <port dstActor="D0N38" name="p21" srcActor="D0N37"/>
            <port dstActor="D0N35" name="p22" srcActor="D0N19"/>
            <port dstActor="D0N23" name="p23" srcActor="D0N19"/>
            <port dstActor="D0N25" name="p24" srcActor="D0N19"/>
            <port dstActor="D0N42" name="p25" srcActor="D0N19"/>
            <port dstActor="D0N39" name="p26" srcActor="D0N13"/>
            <port dstActor="D0N27" name="p27" srcActor="D0N13"/>
            <port dstActor="D0N18" name="p28" srcActor="D0N13"/>
            <port dstActor="D0N42" name="p29" srcActor="D0N5"/>
            <port dstActor="D0N30" name="p30" srcActor="D0N5"/>
            <port dstActor="D0N43" name="p31" srcActor="D0N5"/>
            <port dstActor="D0N14" name="p32" srcActor="D0N5"/>
            <port dstActor="D0N20" name="p33" srcActor="D0N7"/>
            <port dstActor="D0N10" name="p34" srcActor="D0N7"/>
            <port dstActor="D0N46" name="p35" srcActor="D0N7"/>
            <port dstActor="D0N17" name="p36" srcActor="D0N7"/>
            <port dstActor="D0N36" name="p37" srcActor="D0N7"/>
            <port dstActor="D0N23" name="p38" srcActor="D0N21"/>
            <port dstActor="D0N42" name="p39" srcActor="D0N21"/>
            <port dstActor="D0N43" name="p40" srcActor="D0N21"/>
            <port dstActor="D0N44" name="p41" srcActor="D0N14"/>
            <port dstActor="D0N42" name="p42" srcActor="D0N14"/>
            <port dstActor="D0N38" name="p43" srcActor="D0N14"/>
            <port dstActor="D0N46" name="p44" srcActor="D0N14"/>
            <port dstActor="D0N17" name="p45" srcActor="D0N14"/>
            <port dstActor="D0N26" name="p46" srcActor="D0N14"/>
            <port dstActor="D0N20" name="p47" srcActor="D0N4"/>
            <port dstActor="D0N38" name="p48" srcActor="D0N4"/>
            <port dstActor="D0N31" name="p49" srcActor="D0N4"/>
            <port dstActor="D0N47" name="p50" srcActor="D0N4"/>
            <port dstActor="D0N41" name="p51" srcActor="D0N4"/>
            <port dstActor="D0N36" name="p52" srcActor="D0N4"/>
            <port dstActor="D0N10" name="p53" srcActor="D0N8"/>
            <port dstActor="D0N20" name="p54" srcActor="D0N8"/>
            <port dstActor="D0N14" name="p55" srcActor="D0N8"/>
            <port dstActor="D0N34" name="p56" srcActor="D0N16"/>
            <port dstActor="D0N44" name="p57" srcActor="D0N16"/>
            <port dstActor="D0N24" name="p58" srcActor="D0N18"/>
            <port dstActor="D0N47" name="p59" srcActor="D0N18"/>
            <port dstActor="D0N22" name="p60" srcActor="D0N18"/>
            <port dstActor="D0N38" name="p61" srcActor="D0N25"/>
            <port dstActor="D0N30" name="p62" srcActor="D0N25"/>
            <port dstActor="D0N39" name="p63" srcActor="D0N25"/>
            <port dstActor="D0N39" name="p64" srcActor="D0N10"/>
            <port dstActor="D0N37" name="p65" srcActor="D0N10"/>
            <port dstActor="D0N16" name="p66" srcActor="D0N10"/>
            <port dstActor="D0N13" name="p67" srcActor="D0N10"/>
            <port dstActor="D0N28" name="p68" srcActor="D0N10"/>
            <port dstActor="D0N44" name="p69" srcActor="D0N10"/>
            <port dstActor="D0N33" name="p70" srcActor="D0N32"/>
            <port dstActor="D0N35" name="p71" srcActor="D0N32"/>
            <port dstActor="D0N42" name="p72" srcActor="D0N32"/>
            <port dstActor="D0N45" name="p73" srcActor="D0N32"/>
            <port dstActor="D0N10" name="p74" srcActor="D0N0"/>
            <port dstActor="D0N16" name="p75" srcActor="D0N0"/>
            <port dstActor="D0N32" name="p76" srcActor="D0N0"/>
            <port dstActor="D0N42" name="p77" srcActor="D0N0"/>
            <port dstActor="D0N16" name="p78" srcActor="D0N12"/>
            <port dstActor="D0N41" name="p79" srcActor="D0N12"/>
            <port dstActor="D0N19" name="p80" srcActor="D0N15"/>
            <port dstActor="D0N47" name="p81" srcActor="D0N15"/>
            <port dstActor="D0N46" name="p82" srcActor="D0N15"/>
            <port dstActor="D0N16" name="p83" srcActor="D0N2"/>
            <port dstActor="D0N46" name="p84" srcActor="D0N2"/>
            <port dstActor="D0N45" name="p85" srcActor="D0N2"/>
            <port dstActor="D0N44" name="p86" srcActor="D0N2"/>
            <port dstActor="D0N18" name="p87" srcActor="D0N2"/>
            <port dstActor="D0N28" name="p88" srcActor="D0N2"/>
            <port dstActor="D0N33" name="p89" srcActor="D0N6"/>
            <port dstActor="D0N24" name="p90" srcActor="D0N6"/>
            <port dstActor="D0N8" name="p91" srcActor="D0N6"/>
            <port dstActor="D0N44" name="p92" srcActor="D0N6"/>
            <port dstActor="D0N29" name="p93" srcActor="D0N6"/>
            <port dstActor="D0N47" name="p94" srcActor="D0N6"/>
            <port dstActor="D0N38" name="p95" srcActor="D0N35"/>
            <port dstActor="D0N47" name="p96" srcActor="D0N35"/>
            <port dstActor="D0N36" name="p97" srcActor="D0N23"/>
            <port dstActor="D0N45" name="p98" srcActor="D0N23"/>
            <port dstActor="D0N36" name="p99" srcActor="D0N26"/>
            <port dstActor="D0N30" name="p100" srcActor="D0N26"/>
            <port dstActor="D0N34" name="p101" srcActor="D0N33"/>
            <port dstActor="D0N47" name="p102" srcActor="D0N39"/>
            <port dstActor="D0N44" name="p103" srcActor="D0N39"/>
            <port dstActor="D0N4" name="p104" srcActor="D0N3"/>
            <port dstActor="D0N15" name="p105" srcActor="D0N3"/>
            <port dstActor="D0N13" name="p106" srcActor="D0N3"/>
            <port dstActor="D0N19" name="p107" srcActor="D0N3"/>
            <port dstActor="D0N17" name="p108" srcActor="D0N3"/>
            <port dstActor="D0N28" name="p109" srcActor="D0N3"/>
            <port dstActor="D0N11" name="p110" srcActor="D0N3"/>
            <port dstActor="D0N21" name="p111" srcActor="D0N3"/>
            <port dstActor="D0N38" name="p112" srcActor="D0N3"/>
            <port dstActor="D0N18" name="p113" srcActor="D0N3"/>
            <port dstActor="D0N27" name="p114" srcActor="D0N20"/>
            <port dstActor="D0N34" name="p115" srcActor="D0N20"/>
            <port dstActor="D0N29" name="p116" srcActor="D0N20"/>
            <port dstActor="D0N38" name="p117" srcActor="D0N36"/>
            <port dstActor="D0N20" name="p118" srcActor="D0N1"/>
            <port dstActor="D0N39" name="p119" srcActor="D0N1"/>
            <port dstActor="D0N34" name="p120" srcActor="D0N17"/>
            <port dstActor="D0N47" name="p121" srcActor="D0N17"/>
            <port dstActor="D0N19" name="p122" srcActor="D0N17"/>
            <port dstActor="D0N21" name="p123" srcActor="D0N17"/>
        </ports>
    </mcdag>
    <cores number="3"/>
    <levels number="2"/>
</mcsystem>
