<?xml version="1.0" encoding="UTF-8" standalone="no"?>
<mcsystem>
    <mcdag deadline="2000" name="genned-0-ed-10.0-0">
        <actor name="D0N8">
            <wcet number="0">70</wcet>
            <wcet number="1">100</wcet>
            <maxpow number="0.6037271691629255"/>
            <maxpow number="0.6037271691629255"/>
            <fprob>0.0</fprob>
        </actor>
        <actor name="D0N22">
            <wcet number="0">50</wcet>
            <wcet number="1">60</wcet>
            <maxpow number="0.7167363718979665"/>
            <maxpow number="0.7167363718979665"/>
            <fprob>0.0</fprob>
        </actor>
        <actor name="D0N28">
            <wcet number="0">390</wcet>
            <wcet number="1">390</wcet>
            <maxpow number="0.5929727588080806"/>
            <maxpow number="0.5929727588080806"/>
            <fprob>0.0</fprob>
        </actor>
        <actor name="D0N20">
            <wcet number="0">10</wcet>
            <wcet number="1">40</wcet>
            <maxpow number="0.40389610701977374"/>
            <maxpow number="0.40389610701977374"/>
            <fprob>0.0</fprob>
        </actor>
        <actor name="D0N15">
            <wcet number="0">10</wcet>
            <wcet number="1">10</wcet>
            <maxpow number="0.28979191083306655"/>
            <maxpow number="0.28979191083306655"/>
            <fprob>0.0</fprob>
        </actor>
        <actor name="D0N5">
            <wcet number="0">50</wcet>
            <wcet number="1">70</wcet>
            <maxpow number="0.19460455766126245"/>
            <maxpow number="0.19460455766126245"/>
            <fprob>0.0</fprob>
        </actor>
        <actor name="D0N13">
            <wcet number="0">80</wcet>
            <wcet number="1">150</wcet>
            <maxpow number="0.3523213770686603"/>
            <maxpow number="0.3523213770686603"/>
            <fprob>0.0</fprob>
        </actor>
        <actor name="D0N34">
            <wcet number="0">20</wcet>
            <wcet number="1">50</wcet>
            <maxpow number="0.6416735005780401"/>
            <maxpow number="0.6416735005780401"/>
            <fprob>0.0</fprob>
        </actor>
        <actor name="D0N33">
            <wcet number="0">60</wcet>
            <wcet number="1">60</wcet>
            <maxpow number="0.42443891195765243"/>
            <maxpow number="0.42443891195765243"/>
            <fprob>0.0</fprob>
        </actor>
        <actor name="D0N38">
            <wcet number="0">250</wcet>
            <wcet number="1">260</wcet>
            <maxpow number="0.3031968012629637"/>
            <maxpow number="0.3031968012629637"/>
            <fprob>0.0</fprob>
        </actor>
        <actor name="D0N35">
            <wcet number="0">20</wcet>
            <wcet number="1">40</wcet>
            <maxpow number="0.2484262456380502"/>
            <maxpow number="0.2484262456380502"/>
            <fprob>0.0</fprob>
        </actor>
        <actor name="D0N14">
            <wcet number="0">30</wcet>
            <wcet number="1">250</wcet>
            <maxpow number="0.5166307902981805"/>
            <maxpow number="0.5166307902981805"/>
            <fprob>0.0</fprob>
        </actor>
        <actor name="D0N19">
            <wcet number="0">10</wcet>
            <wcet number="1">20</wcet>
            <maxpow number="0.6383922902875141"/>
            <maxpow number="0.6383922902875141"/>
            <fprob>0.0</fprob>
        </actor>
        <actor name="D0N41">
            <wcet number="0">80</wcet>
            <wcet number="1">90</wcet>
            <maxpow number="0.6124151374201784"/>
            <maxpow number="0.6124151374201784"/>
            <fprob>0.0</fprob>
        </actor>
        <actor name="D0N27">
            <wcet number="0">10</wcet>
            <wcet number="1">80</wcet>
            <maxpow number="0.6794019440268017"/>
            <maxpow number="0.6794019440268017"/>
            <fprob>0.0</fprob>
        </actor>
        <actor name="D0N9">
            <wcet number="0">10</wcet>
            <wcet number="1">60</wcet>
            <maxpow number="0.24496613781630983"/>
            <maxpow number="0.24496613781630983"/>
            <fprob>0.0</fprob>
        </actor>
        <actor name="D0N32">
            <wcet number="0">200</wcet>
            <wcet number="1">410</wcet>
            <maxpow number="0.5349622799458454"/>
            <maxpow number="0.5349622799458454"/>
            <fprob>0.0</fprob>
        </actor>
        <actor name="D0N12">
            <wcet number="0">90</wcet>
            <wcet number="1">90</wcet>
            <maxpow number="0.719355933433673"/>
            <maxpow number="0.719355933433673"/>
            <fprob>0.0</fprob>
        </actor>
        <actor name="D0N24">
            <wcet number="0">170</wcet>
            <wcet number="1">270</wcet>
            <maxpow number="0.72243431878027"/>
            <maxpow number="0.72243431878027"/>
            <fprob>0.0</fprob>
        </actor>
        <actor name="D0N36">
            <wcet number="0">20</wcet>
            <wcet number="1">90</wcet>
            <maxpow number="0.6272936070785592"/>
            <maxpow number="0.6272936070785592"/>
            <fprob>0.0</fprob>
        </actor>
        <actor name="D0N10">
            <wcet number="0">110</wcet>
            <wcet number="1">170</wcet>
            <maxpow number="1.007966385596417"/>
            <maxpow number="1.007966385596417"/>
            <fprob>0.0</fprob>
        </actor>
        <actor name="D0N30">
            <wcet number="0">10</wcet>
            <wcet number="1">190</wcet>
            <maxpow number="0.23010248325746585"/>
            <maxpow number="0.23010248325746585"/>
            <fprob>0.0</fprob>
        </actor>
        <actor name="D0N21">
            <wcet number="0">10</wcet>
            <wcet number="1">10</wcet>
            <maxpow number="0.6479082003848493"/>
            <maxpow number="0.6479082003848493"/>
            <fprob>0.0</fprob>
        </actor>
        <actor name="D0N29">
            <wcet number="0">60</wcet>
            <wcet number="1">160</wcet>
            <maxpow number="0.4138955477068068"/>
            <maxpow number="0.4138955477068068"/>
            <fprob>0.0</fprob>
        </actor>
        <actor name="D0N31">
            <wcet number="0">10</wcet>
            <wcet number="1">60</wcet>
            <maxpow number="0.6335350884857291"/>
            <maxpow number="0.6335350884857291"/>
            <fprob>0.0</fprob>
        </actor>
        <actor name="D0N3">
            <wcet number="0">10</wcet>
            <wcet number="1">10</wcet>
            <maxpow number="0.7398834858371585"/>
            <maxpow number="0.7398834858371585"/>
            <fprob>0.0</fprob>
        </actor>
        <actor name="D0N39">
            <wcet number="0">10</wcet>
            <wcet number="1">30</wcet>
            <maxpow number="0.5098939463531399"/>
            <maxpow number="0.5098939463531399"/>
            <fprob>0.0</fprob>
        </actor>
        <actor name="D0N0">
            <wcet number="0">20</wcet>
            <wcet number="1">100</wcet>
            <maxpow number="0.1411902667975321"/>
            <maxpow number="0.1411902667975321"/>
            <fprob>0.0</fprob>
        </actor>
        <actor name="D0N18">
            <wcet number="0">10</wcet>
            <wcet number="1">60</wcet>
            <maxpow number="0.9075931459300852"/>
            <maxpow number="0.9075931459300852"/>
            <fprob>0.0</fprob>
        </actor>
        <actor name="D0N17">
            <wcet number="0">20</wcet>
            <wcet number="1">60</wcet>
            <maxpow number="0.4107050000540228"/>
            <maxpow number="0.4107050000540228"/>
            <fprob>0.0</fprob>
        </actor>
        <actor name="D0N1">
            <wcet number="0">180</wcet>
            <wcet number="1">180</wcet>
            <maxpow number="0.37501959955407804"/>
            <maxpow number="0.37501959955407804"/>
            <fprob>0.0</fprob>
        </actor>
        <actor name="D0N6">
            <wcet number="0">100</wcet>
            <wcet number="1">210</wcet>
            <maxpow number="0.5189697228200052"/>
            <maxpow number="0.5189697228200052"/>
            <fprob>0.0</fprob>
        </actor>
        <actor name="D0N23">
            <wcet number="0">60</wcet>
            <wcet number="1">220</wcet>
            <maxpow number="0.8070826597322175"/>
            <maxpow number="0.8070826597322175"/>
            <fprob>0.0</fprob>
        </actor>
        <actor name="D0N2">
            <wcet number="0">40</wcet>
            <wcet number="1">60</wcet>
            <maxpow number="0.4872402914936196"/>
            <maxpow number="0.4872402914936196"/>
            <fprob>0.0</fprob>
        </actor>
        <actor name="D0N42">
            <wcet number="0">10</wcet>
            <wcet number="1">10</wcet>
            <maxpow number="0.24446639135640125"/>
            <maxpow number="0.24446639135640125"/>
            <fprob>0.0</fprob>
        </actor>
        <actor name="D0N7">
            <wcet number="0">10</wcet>
            <wcet number="1">10</wcet>
            <maxpow number="0.7458323365784697"/>
            <maxpow number="0.7458323365784697"/>
            <fprob>0.0</fprob>
        </actor>
        <actor name="D0N11">
            <wcet number="0">40</wcet>
            <wcet number="1">50</wcet>
            <maxpow number="0.7322229209967549"/>
            <maxpow number="0.7322229209967549"/>
            <fprob>0.0</fprob>
        </actor>
        <actor name="D0N16">
            <wcet number="0">60</wcet>
            <wcet number="1">120</wcet>
            <maxpow number="0.3571842309510301"/>
            <maxpow number="0.3571842309510301"/>
            <fprob>0.0</fprob>
        </actor>
        <actor name="D0N25">
            <wcet number="0">40</wcet>
            <wcet number="1">40</wcet>
            <maxpow number="0.17766108991275142"/>
            <maxpow number="0.17766108991275142"/>
            <fprob>0.0</fprob>
        </actor>
        <actor name="D0N37">
            <wcet number="0">10</wcet>
            <wcet number="1">50</wcet>
            <maxpow number="0.6782017733748963"/>
            <maxpow number="0.6782017733748963"/>
            <fprob>0.0</fprob>
        </actor>
        <actor name="D0N4">
            <wcet number="0">30</wcet>
            <wcet number="1">80</wcet>
            <maxpow number="0.4599703036748434"/>
            <maxpow number="0.4599703036748434"/>
            <fprob>0.0</fprob>
        </actor>
        <actor name="D0N26">
            <wcet number="0">190</wcet>
            <wcet number="1">200</wcet>
            <maxpow number="0.6201768768623089"/>
            <maxpow number="0.6201768768623089"/>
            <fprob>0.0</fprob>
        </actor>
        <actor name="D0N40">
            <wcet number="0">50</wcet>
            <wcet number="1">130</wcet>
            <maxpow number="0.3059671351703812"/>
            <maxpow number="0.3059671351703812"/>
            <fprob>0.0</fprob>
        </actor>
        <ports>
            <port dstActor="D0N10" name="p0" srcActor="D0N8"/>
            <port dstActor="D0N33" name="p1" srcActor="D0N8"/>
            <port dstActor="D0N30" name="p2" srcActor="D0N22"/>
            <port dstActor="D0N31" name="p3" srcActor="D0N22"/>
            <port dstActor="D0N35" name="p4" srcActor="D0N22"/>
            <port dstActor="D0N25" name="p5" srcActor="D0N22"/>
            <port dstActor="D0N40" name="p6" srcActor="D0N22"/>
            <port dstActor="D0N32" name="p7" srcActor="D0N22"/>
            <port dstActor="D0N33" name="p8" srcActor="D0N22"/>
            <port dstActor="D0N35" name="p9" srcActor="D0N20"/>
            <port dstActor="D0N21" name="p10" srcActor="D0N20"/>
            <port dstActor="D0N30" name="p11" srcActor="D0N20"/>
            <port dstActor="D0N42" name="p12" srcActor="D0N20"/>
            <port dstActor="D0N20" name="p13" srcActor="D0N15"/>
            <port dstActor="D0N17" name="p14" srcActor="D0N15"/>
            <port dstActor="D0N42" name="p15" srcActor="D0N15"/>
            <port dstActor="D0N39" name="p16" srcActor="D0N15"/>
            <port dstActor="D0N28" name="p17" srcActor="D0N15"/>
            <port dstActor="D0N25" name="p18" srcActor="D0N5"/>
            <port dstActor="D0N42" name="p19" srcActor="D0N5"/>
            <port dstActor="D0N14" name="p20" srcActor="D0N5"/>
            <port dstActor="D0N26" name="p21" srcActor="D0N5"/>
            <port dstActor="D0N36" name="p22" srcActor="D0N13"/>
            <port dstActor="D0N37" name="p23" srcActor="D0N13"/>
            <port dstActor="D0N35" name="p24" srcActor="D0N34"/>
            <port dstActor="D0N42" name="p25" srcActor="D0N33"/>
            <port dstActor="D0N19" name="p26" srcActor="D0N14"/>
            <port dstActor="D0N23" name="p27" srcActor="D0N14"/>
            <port dstActor="D0N40" name="p28" srcActor="D0N14"/>
            <port dstActor="D0N15" name="p29" srcActor="D0N14"/>
            <port dstActor="D0N18" name="p30" srcActor="D0N14"/>
            <port dstActor="D0N17" name="p31" srcActor="D0N14"/>
            <port dstActor="D0N38" name="p32" srcActor="D0N19"/>
            <port dstActor="D0N39" name="p33" srcActor="D0N19"/>
            <port dstActor="D0N34" name="p34" srcActor="D0N19"/>
            <port dstActor="D0N42" name="p35" srcActor="D0N32"/>
            <port dstActor="D0N40" name="p36" srcActor="D0N32"/>
            <port dstActor="D0N19" name="p37" srcActor="D0N12"/>
            <port dstActor="D0N35" name="p38" srcActor="D0N24"/>
            <port dstActor="D0N32" name="p39" srcActor="D0N24"/>
            <port dstActor="D0N40" name="p40" srcActor="D0N36"/>
            <port dstActor="D0N38" name="p41" srcActor="D0N36"/>
            <port dstActor="D0N24" name="p42" srcActor="D0N10"/>
            <port dstActor="D0N29" name="p43" srcActor="D0N10"/>
            <port dstActor="D0N37" name="p44" srcActor="D0N30"/>
            <port dstActor="D0N38" name="p45" srcActor="D0N21"/>
            <port dstActor="D0N31" name="p46" srcActor="D0N21"/>
            <port dstActor="D0N25" name="p47" srcActor="D0N21"/>
            <port dstActor="D0N34" name="p48" srcActor="D0N21"/>
            <port dstActor="D0N37" name="p49" srcActor="D0N29"/>
            <port dstActor="D0N39" name="p50" srcActor="D0N29"/>
            <port dstActor="D0N32" name="p51" srcActor="D0N31"/>
            <port dstActor="D0N38" name="p52" srcActor="D0N31"/>
            <port dstActor="D0N39" name="p53" srcActor="D0N31"/>
            <port dstActor="D0N41" name="p54" srcActor="D0N31"/>
            <port dstActor="D0N42" name="p55" srcActor="D0N31"/>
            <port dstActor="D0N5" name="p56" srcActor="D0N3"/>
            <port dstActor="D0N16" name="p57" srcActor="D0N3"/>
            <port dstActor="D0N28" name="p58" srcActor="D0N3"/>
            <port dstActor="D0N42" name="p59" srcActor="D0N0"/>
            <port dstActor="D0N21" name="p60" srcActor="D0N0"/>
            <port dstActor="D0N39" name="p61" srcActor="D0N0"/>
            <port dstActor="D0N10" name="p62" srcActor="D0N0"/>
            <port dstActor="D0N25" name="p63" srcActor="D0N0"/>
            <port dstActor="D0N25" name="p64" srcActor="D0N18"/>
            <port dstActor="D0N32" name="p65" srcActor="D0N18"/>
            <port dstActor="D0N36" name="p66" srcActor="D0N18"/>
            <port dstActor="D0N29" name="p67" srcActor="D0N18"/>
            <port dstActor="D0N42" name="p68" srcActor="D0N18"/>
            <port dstActor="D0N24" name="p69" srcActor="D0N17"/>
            <port dstActor="D0N6" name="p70" srcActor="D0N1"/>
            <port dstActor="D0N10" name="p71" srcActor="D0N1"/>
            <port dstActor="D0N12" name="p72" srcActor="D0N1"/>
            <port dstActor="D0N25" name="p73" srcActor="D0N1"/>
            <port dstActor="D0N27" name="p74" srcActor="D0N6"/>
            <port dstActor="D0N31" name="p75" srcActor="D0N6"/>
            <port dstActor="D0N16" name="p76" srcActor="D0N6"/>
            <port dstActor="D0N12" name="p77" srcActor="D0N2"/>
            <port dstActor="D0N7" name="p78" srcActor="D0N2"/>
            <port dstActor="D0N17" name="p79" srcActor="D0N2"/>
            <port dstActor="D0N24" name="p80" srcActor="D0N2"/>
            <port dstActor="D0N19" name="p81" srcActor="D0N7"/>
            <port dstActor="D0N11" name="p82" srcActor="D0N7"/>
            <port dstActor="D0N17" name="p83" srcActor="D0N11"/>
            <port dstActor="D0N38" name="p84" srcActor="D0N11"/>
            <port dstActor="D0N25" name="p85" srcActor="D0N16"/>
            <port dstActor="D0N29" name="p86" srcActor="D0N16"/>
            <port dstActor="D0N29" name="p87" srcActor="D0N25"/>
            <port dstActor="D0N41" name="p88" srcActor="D0N37"/>
            <port dstActor="D0N27" name="p89" srcActor="D0N4"/>
            <port dstActor="D0N12" name="p90" srcActor="D0N4"/>
            <port dstActor="D0N10" name="p91" srcActor="D0N4"/>
            <port dstActor="D0N32" name="p92" srcActor="D0N4"/>
            <port dstActor="D0N36" name="p93" srcActor="D0N26"/>
        </ports>
    </mcdag>
    <cores number="3"/>
    <levels number="2"/>
</mcsystem>
