<?xml version="1.0" encoding="UTF-8" standalone="no"?>
<mcsystem>
    <mcdag deadline="1200" name="genned-0-ed-10.0-0">
        <actor name="D0N10">
            <wcet number="0">60</wcet>
            <wcet number="1">60</wcet>
            <maxpow number="0.3276239843988601"/>
            <maxpow number="0.3276239843988601"/>
            <fprob>0.0</fprob>
        </actor>
        <actor name="D0N6">
            <wcet number="0">30</wcet>
            <wcet number="1">150</wcet>
            <maxpow number="0.27567815500953"/>
            <maxpow number="0.27567815500953"/>
            <fprob>0.0</fprob>
        </actor>
        <actor name="D0N27">
            <wcet number="0">40</wcet>
            <wcet number="1">50</wcet>
            <maxpow number="0.5922504143486235"/>
            <maxpow number="0.5922504143486235"/>
            <fprob>0.0</fprob>
        </actor>
        <actor name="D0N14">
            <wcet number="0">10</wcet>
            <wcet number="1">50</wcet>
            <maxpow number="0.5773056074396594"/>
            <maxpow number="0.5773056074396594"/>
            <fprob>0.0</fprob>
        </actor>
        <actor name="D0N17">
            <wcet number="0">10</wcet>
            <wcet number="1">10</wcet>
            <maxpow number="0.5944825373077881"/>
            <maxpow number="0.5944825373077881"/>
            <fprob>0.0</fprob>
        </actor>
        <actor name="D0N19">
            <wcet number="0">80</wcet>
            <wcet number="1">240</wcet>
            <maxpow number="0.7884423427622709"/>
            <maxpow number="0.7884423427622709"/>
            <fprob>0.0</fprob>
        </actor>
        <actor name="D0N25">
            <wcet number="0">10</wcet>
            <wcet number="1">10</wcet>
            <maxpow number="0.8328740065109479"/>
            <maxpow number="0.8328740065109479"/>
            <fprob>0.0</fprob>
        </actor>
        <actor name="D0N47">
            <wcet number="0">80</wcet>
            <wcet number="1">80</wcet>
            <maxpow number="0.7104933292789939"/>
            <maxpow number="0.7104933292789939"/>
            <fprob>0.0</fprob>
        </actor>
        <actor name="D0N9">
            <wcet number="0">30</wcet>
            <wcet number="1">30</wcet>
            <maxpow number="0.39168801905970574"/>
            <maxpow number="0.39168801905970574"/>
            <fprob>0.0</fprob>
        </actor>
        <actor name="D0N3">
            <wcet number="0">120</wcet>
            <wcet number="1">170</wcet>
            <maxpow number="0.03434881303327786"/>
            <maxpow number="0.03434881303327786"/>
            <fprob>0.0</fprob>
        </actor>
        <actor name="D0N30">
            <wcet number="0">30</wcet>
            <wcet number="1">80</wcet>
            <maxpow number="0.5649978105573304"/>
            <maxpow number="0.5649978105573304"/>
            <fprob>0.0</fprob>
        </actor>
        <actor name="D0N0">
            <wcet number="0">40</wcet>
            <wcet number="1">50</wcet>
            <maxpow number="0.592681050622687"/>
            <maxpow number="0.592681050622687"/>
            <fprob>0.0</fprob>
        </actor>
        <actor name="D0N20">
            <wcet number="0">10</wcet>
            <wcet number="1">10</wcet>
            <maxpow number="0.5493901296522941"/>
            <maxpow number="0.5493901296522941"/>
            <fprob>0.0</fprob>
        </actor>
        <actor name="D0N24">
            <wcet number="0">10</wcet>
            <wcet number="1">10</wcet>
            <maxpow number="0.6619771376950113"/>
            <maxpow number="0.6619771376950113"/>
            <fprob>0.0</fprob>
        </actor>
        <actor name="D0N26">
            <wcet number="0">20</wcet>
            <wcet number="1">20</wcet>
            <maxpow number="0.39093034649012115"/>
            <maxpow number="0.39093034649012115"/>
            <fprob>0.0</fprob>
        </actor>
        <actor name="D0N41">
            <wcet number="0">10</wcet>
            <wcet number="1">10</wcet>
            <maxpow number="0.7710455987337118"/>
            <maxpow number="0.7710455987337118"/>
            <fprob>0.0</fprob>
        </actor>
        <actor name="D0N44">
            <wcet number="0">60</wcet>
            <wcet number="1">80</wcet>
            <maxpow number="0.31975369587328534"/>
            <maxpow number="0.31975369587328534"/>
            <fprob>0.0</fprob>
        </actor>
        <actor name="D0N31">
            <wcet number="0">60</wcet>
            <wcet number="1">80</wcet>
            <maxpow number="0.46841910386215735"/>
            <maxpow number="0.46841910386215735"/>
            <fprob>0.0</fprob>
        </actor>
        <actor name="D0N43">
            <wcet number="0">20</wcet>
            <wcet number="1">20</wcet>
            <maxpow number="0.5537104726289224"/>
            <maxpow number="0.5537104726289224"/>
            <fprob>0.0</fprob>
        </actor>
        <actor name="D0N7">
            <wcet number="0">10</wcet>
            <wcet number="1">10</wcet>
            <maxpow number="0.18022626847208717"/>
            <maxpow number="0.18022626847208717"/>
            <fprob>0.0</fprob>
        </actor>
        <actor name="D0N4">
            <wcet number="0">10</wcet>
            <wcet number="1">20</wcet>
            <maxpow number="0.3314385519494573"/>
            <maxpow number="0.3314385519494573"/>
            <fprob>0.0</fprob>
        </actor>
        <actor name="D0N2">
            <wcet number="0">10</wcet>
            <wcet number="1">10</wcet>
            <maxpow number="0.7757053412325551"/>
            <maxpow number="0.7757053412325551"/>
            <fprob>0.0</fprob>
        </actor>
        <actor name="D0N23">
            <wcet number="0">40</wcet>
            <wcet number="1">160</wcet>
            <maxpow number="0.7702515387055335"/>
            <maxpow number="0.7702515387055335"/>
            <fprob>0.0</fprob>
        </actor>
        <actor name="D0N37">
            <wcet number="0">20</wcet>
            <wcet number="1">30</wcet>
            <maxpow number="0.2795154866410057"/>
            <maxpow number="0.2795154866410057"/>
            <fprob>0.0</fprob>
        </actor>
        <actor name="D0N46">
            <wcet number="0">50</wcet>
            <wcet number="1">50</wcet>
            <maxpow number="0.6672436272768932"/>
            <maxpow number="0.6672436272768932"/>
            <fprob>0.0</fprob>
        </actor>
        <actor name="D0N36">
            <wcet number="0">10</wcet>
            <wcet number="1">10</wcet>
            <maxpow number="0.4134778363521456"/>
            <maxpow number="0.4134778363521456"/>
            <fprob>0.0</fprob>
        </actor>
        <actor name="D0N11">
            <wcet number="0">60</wcet>
            <wcet number="1">80</wcet>
            <maxpow number="0.7259395717564177"/>
            <maxpow number="0.7259395717564177"/>
            <fprob>0.0</fprob>
        </actor>
        <actor name="D0N28">
            <wcet number="0">40</wcet>
            <wcet number="1">70</wcet>
            <maxpow number="0.49767808030603355"/>
            <maxpow number="0.49767808030603355"/>
            <fprob>0.0</fprob>
        </actor>
        <actor name="D0N32">
            <wcet number="0">20</wcet>
            <wcet number="1">40</wcet>
            <maxpow number="0.742104793277498"/>
            <maxpow number="0.742104793277498"/>
            <fprob>0.0</fprob>
        </actor>
        <actor name="D0N15">
            <wcet number="0">30</wcet>
            <wcet number="1">90</wcet>
            <maxpow number="0.7298943887981163"/>
            <maxpow number="0.7298943887981163"/>
            <fprob>0.0</fprob>
        </actor>
        <actor name="D0N40">
            <wcet number="0">20</wcet>
            <wcet number="1">30</wcet>
            <maxpow number="0.6822011060057444"/>
            <maxpow number="0.6822011060057444"/>
            <fprob>0.0</fprob>
        </actor>
        <actor name="D0N42">
            <wcet number="0">40</wcet>
            <wcet number="1">50</wcet>
            <maxpow number="0.44143277184921953"/>
            <maxpow number="0.44143277184921953"/>
            <fprob>0.0</fprob>
        </actor>
        <actor name="D0N22">
            <wcet number="0">60</wcet>
            <wcet number="1">90</wcet>
            <maxpow number="0.5960233976951127"/>
            <maxpow number="0.5960233976951127"/>
            <fprob>0.0</fprob>
        </actor>
        <actor name="D0N45">
            <wcet number="0">30</wcet>
            <wcet number="1">100</wcet>
            <maxpow number="0.5567676881054437"/>
            <maxpow number="0.5567676881054437"/>
            <fprob>0.0</fprob>
        </actor>
        <actor name="D0N8">
            <wcet number="0">10</wcet>
            <wcet number="1">10</wcet>
            <maxpow number="0.3847521807691204"/>
            <maxpow number="0.3847521807691204"/>
            <fprob>0.0</fprob>
        </actor>
        <actor name="D0N1">
            <wcet number="0">70</wcet>
            <wcet number="1">130</wcet>
            <maxpow number="0.546054466100753"/>
            <maxpow number="0.546054466100753"/>
            <fprob>0.0</fprob>
        </actor>
        <actor name="D0N38">
            <wcet number="0">40</wcet>
            <wcet number="1">70</wcet>
            <maxpow number="0.8183733341949754"/>
            <maxpow number="0.8183733341949754"/>
            <fprob>0.0</fprob>
        </actor>
        <actor name="D0N12">
            <wcet number="0">40</wcet>
            <wcet number="1">50</wcet>
            <maxpow number="0.7093448074655714"/>
            <maxpow number="0.7093448074655714"/>
            <fprob>0.0</fprob>
        </actor>
        <actor name="D0N39">
            <wcet number="0">10</wcet>
            <wcet number="1">10</wcet>
            <maxpow number="0.38373454822469866"/>
            <maxpow number="0.38373454822469866"/>
            <fprob>0.0</fprob>
        </actor>
        <actor name="D0N16">
            <wcet number="0">140</wcet>
            <wcet number="1">140</wcet>
            <maxpow number="0.662728827715844"/>
            <maxpow number="0.662728827715844"/>
            <fprob>0.0</fprob>
        </actor>
        <actor name="D0N48">
            <wcet number="0">20</wcet>
            <wcet number="1">30</wcet>
            <maxpow number="0.2725842819520037"/>
            <maxpow number="0.2725842819520037"/>
            <fprob>0.0</fprob>
        </actor>
        <actor name="D0N13">
            <wcet number="0">120</wcet>
            <wcet number="1">220</wcet>
            <maxpow number="0.7755155234730797"/>
            <maxpow number="0.7755155234730797"/>
            <fprob>0.0</fprob>
        </actor>
        <actor name="D0N29">
            <wcet number="0">60</wcet>
            <wcet number="1">60</wcet>
            <maxpow number="0.4081988454675973"/>
            <maxpow number="0.4081988454675973"/>
            <fprob>0.0</fprob>
        </actor>
        <actor name="D0N35">
            <wcet number="0">10</wcet>
            <wcet number="1">40</wcet>
            <maxpow number="0.5339948930226688"/>
            <maxpow number="0.5339948930226688"/>
            <fprob>0.0</fprob>
        </actor>
        <actor name="D0N18">
            <wcet number="0">10</wcet>
            <wcet number="1">10</wcet>
            <maxpow number="0.42088819945693795"/>
            <maxpow number="0.42088819945693795"/>
            <fprob>0.0</fprob>
        </actor>
        <actor name="D0N33">
            <wcet number="0">150</wcet>
            <wcet number="1">210</wcet>
            <maxpow number="0.18769181330771956"/>
            <maxpow number="0.18769181330771956"/>
            <fprob>0.0</fprob>
        </actor>
        <actor name="D0N5">
            <wcet number="0">30</wcet>
            <wcet number="1">30</wcet>
            <maxpow number="0.22495073295348222"/>
            <maxpow number="0.22495073295348222"/>
            <fprob>0.0</fprob>
        </actor>
        <actor name="D0N21">
            <wcet number="0">40</wcet>
            <wcet number="1">40</wcet>
            <maxpow number="0.5886922736348387"/>
            <maxpow number="0.5886922736348387"/>
            <fprob>0.0</fprob>
        </actor>
        <actor name="D0N34">
            <wcet number="0">20</wcet>
            <wcet number="1">20</wcet>
            <maxpow number="0.5931343915975728"/>
            <maxpow number="0.5931343915975728"/>
            <fprob>0.0</fprob>
        </actor>
        <ports>
            <port dstActor="D0N30" name="p0" srcActor="D0N10"/>
            <port dstActor="D0N12" name="p1" srcActor="D0N10"/>
            <port dstActor="D0N24" name="p2" srcActor="D0N10"/>
            <port dstActor="D0N23" name="p3" srcActor="D0N10"/>
            <port dstActor="D0N26" name="p4" srcActor="D0N6"/>
            <port dstActor="D0N39" name="p5" srcActor="D0N6"/>
            <port dstActor="D0N11" name="p6" srcActor="D0N6"/>
            <port dstActor="D0N45" name="p7" srcActor="D0N27"/>
            <port dstActor="D0N40" name="p8" srcActor="D0N14"/>
            <port dstActor="D0N31" name="p9" srcActor="D0N14"/>
            <port dstActor="D0N35" name="p10" srcActor="D0N17"/>
            <port dstActor="D0N25" name="p11" srcActor="D0N19"/>
            <port dstActor="D0N45" name="p12" srcActor="D0N19"/>
            <port dstActor="D0N38" name="p13" srcActor="D0N19"/>
            <port dstActor="D0N32" name="p14" srcActor="D0N25"/>
            <port dstActor="D0N35" name="p15" srcActor="D0N25"/>
            <port dstActor="D0N32" name="p16" srcActor="D0N9"/>
            <port dstActor="D0N41" name="p17" srcActor="D0N9"/>
            <port dstActor="D0N36" name="p18" srcActor="D0N9"/>
            <port dstActor="D0N30" name="p19" srcActor="D0N9"/>
            <port dstActor="D0N21" name="p20" srcActor="D0N9"/>
            <port dstActor="D0N43" name="p21" srcActor="D0N9"/>
            <port dstActor="D0N4" name="p22" srcActor="D0N3"/>
            <port dstActor="D0N42" name="p23" srcActor="D0N3"/>
            <port dstActor="D0N22" name="p24" srcActor="D0N3"/>
            <port dstActor="D0N39" name="p25" srcActor="D0N3"/>
            <port dstActor="D0N41" name="p26" srcActor="D0N30"/>
            <port dstActor="D0N35" name="p27" srcActor="D0N0"/>
            <port dstActor="D0N10" name="p28" srcActor="D0N0"/>
            <port dstActor="D0N30" name="p29" srcActor="D0N20"/>
            <port dstActor="D0N41" name="p30" srcActor="D0N20"/>
            <port dstActor="D0N22" name="p31" srcActor="D0N20"/>
            <port dstActor="D0N40" name="p32" srcActor="D0N20"/>
            <port dstActor="D0N42" name="p33" srcActor="D0N20"/>
            <port dstActor="D0N27" name="p34" srcActor="D0N24"/>
            <port dstActor="D0N47" name="p35" srcActor="D0N24"/>
            <port dstActor="D0N34" name="p36" srcActor="D0N24"/>
            <port dstActor="D0N43" name="p37" srcActor="D0N26"/>
            <port dstActor="D0N27" name="p38" srcActor="D0N26"/>
            <port dstActor="D0N45" name="p39" srcActor="D0N44"/>
            <port dstActor="D0N46" name="p40" srcActor="D0N44"/>
            <port dstActor="D0N47" name="p41" srcActor="D0N44"/>
            <port dstActor="D0N40" name="p42" srcActor="D0N31"/>
            <port dstActor="D0N18" name="p43" srcActor="D0N7"/>
            <port dstActor="D0N27" name="p44" srcActor="D0N7"/>
            <port dstActor="D0N24" name="p45" srcActor="D0N7"/>
            <port dstActor="D0N46" name="p46" srcActor="D0N7"/>
            <port dstActor="D0N6" name="p47" srcActor="D0N4"/>
            <port dstActor="D0N38" name="p48" srcActor="D0N4"/>
            <port dstActor="D0N26" name="p49" srcActor="D0N4"/>
            <port dstActor="D0N38" name="p50" srcActor="D0N2"/>
            <port dstActor="D0N44" name="p51" srcActor="D0N2"/>
            <port dstActor="D0N35" name="p52" srcActor="D0N2"/>
            <port dstActor="D0N22" name="p53" srcActor="D0N2"/>
            <port dstActor="D0N11" name="p54" srcActor="D0N2"/>
            <port dstActor="D0N31" name="p55" srcActor="D0N2"/>
            <port dstActor="D0N7" name="p56" srcActor="D0N2"/>
            <port dstActor="D0N33" name="p57" srcActor="D0N23"/>
            <port dstActor="D0N29" name="p58" srcActor="D0N23"/>
            <port dstActor="D0N41" name="p59" srcActor="D0N36"/>
            <port dstActor="D0N42" name="p60" srcActor="D0N36"/>
            <port dstActor="D0N33" name="p61" srcActor="D0N11"/>
            <port dstActor="D0N32" name="p62" srcActor="D0N11"/>
            <port dstActor="D0N29" name="p63" srcActor="D0N11"/>
            <port dstActor="D0N40" name="p64" srcActor="D0N28"/>
            <port dstActor="D0N31" name="p65" srcActor="D0N28"/>
            <port dstActor="D0N45" name="p66" srcActor="D0N28"/>
            <port dstActor="D0N27" name="p67" srcActor="D0N15"/>
            <port dstActor="D0N46" name="p68" srcActor="D0N15"/>
            <port dstActor="D0N42" name="p69" srcActor="D0N40"/>
            <port dstActor="D0N40" name="p70" srcActor="D0N22"/>
            <port dstActor="D0N31" name="p71" srcActor="D0N22"/>
            <port dstActor="D0N35" name="p72" srcActor="D0N22"/>
            <port dstActor="D0N23" name="p73" srcActor="D0N8"/>
            <port dstActor="D0N9" name="p74" srcActor="D0N8"/>
            <port dstActor="D0N32" name="p75" srcActor="D0N8"/>
            <port dstActor="D0N28" name="p76" srcActor="D0N8"/>
            <port dstActor="D0N43" name="p77" srcActor="D0N8"/>
            <port dstActor="D0N32" name="p78" srcActor="D0N1"/>
            <port dstActor="D0N30" name="p79" srcActor="D0N1"/>
            <port dstActor="D0N6" name="p80" srcActor="D0N1"/>
            <port dstActor="D0N31" name="p81" srcActor="D0N1"/>
            <port dstActor="D0N8" name="p82" srcActor="D0N1"/>
            <port dstActor="D0N23" name="p83" srcActor="D0N1"/>
            <port dstActor="D0N47" name="p84" srcActor="D0N12"/>
            <port dstActor="D0N33" name="p85" srcActor="D0N12"/>
            <port dstActor="D0N32" name="p86" srcActor="D0N12"/>
            <port dstActor="D0N38" name="p87" srcActor="D0N12"/>
            <port dstActor="D0N37" name="p88" srcActor="D0N12"/>
            <port dstActor="D0N43" name="p89" srcActor="D0N12"/>
            <port dstActor="D0N33" name="p90" srcActor="D0N16"/>
            <port dstActor="D0N25" name="p91" srcActor="D0N16"/>
            <port dstActor="D0N21" name="p92" srcActor="D0N16"/>
            <port dstActor="D0N37" name="p93" srcActor="D0N13"/>
            <port dstActor="D0N16" name="p94" srcActor="D0N13"/>
            <port dstActor="D0N21" name="p95" srcActor="D0N13"/>
            <port dstActor="D0N17" name="p96" srcActor="D0N13"/>
            <port dstActor="D0N36" name="p97" srcActor="D0N29"/>
            <port dstActor="D0N47" name="p98" srcActor="D0N35"/>
            <port dstActor="D0N44" name="p99" srcActor="D0N35"/>
            <port dstActor="D0N35" name="p100" srcActor="D0N18"/>
            <port dstActor="D0N26" name="p101" srcActor="D0N18"/>
            <port dstActor="D0N40" name="p102" srcActor="D0N18"/>
            <port dstActor="D0N45" name="p103" srcActor="D0N33"/>
            <port dstActor="D0N42" name="p104" srcActor="D0N33"/>
            <port dstActor="D0N47" name="p105" srcActor="D0N33"/>
            <port dstActor="D0N42" name="p106" srcActor="D0N5"/>
            <port dstActor="D0N6" name="p107" srcActor="D0N5"/>
            <port dstActor="D0N44" name="p108" srcActor="D0N5"/>
            <port dstActor="D0N46" name="p109" srcActor="D0N21"/>
            <port dstActor="D0N43" name="p110" srcActor="D0N21"/>
        </ports>
    </mcdag>
    <cores number="3"/>
    <levels number="2"/>
</mcsystem>
