<?xml version="1.0" encoding="UTF-8" standalone="no"?>
<mcsystem>
    <mcdag deadline="1000" name="genned-0-ed-10.0-0">
        <actor name="D0N42">
            <wcet number="0">70</wcet>
            <wcet number="1">80</wcet>
            <maxpow number="0.6206751923824423"/>
            <maxpow number="0.6206751923824423"/>
            <fprob>0.0</fprob>
        </actor>
        <actor name="D0N44">
            <wcet number="0">10</wcet>
            <wcet number="1">20</wcet>
            <maxpow number="0.8709886806068198"/>
            <maxpow number="0.8709886806068198"/>
            <fprob>0.0</fprob>
        </actor>
        <actor name="D0N20">
            <wcet number="0">70</wcet>
            <wcet number="1">110</wcet>
            <maxpow number="0.39897801708792135"/>
            <maxpow number="0.39897801708792135"/>
            <fprob>0.0</fprob>
        </actor>
        <actor name="D0N41">
            <wcet number="0">110</wcet>
            <wcet number="1">160</wcet>
            <maxpow number="0.13463074418897508"/>
            <maxpow number="0.13463074418897508"/>
            <fprob>0.0</fprob>
        </actor>
        <actor name="D0N10">
            <wcet number="0">60</wcet>
            <wcet number="1">70</wcet>
            <maxpow number="0.6479671151870319"/>
            <maxpow number="0.6479671151870319"/>
            <fprob>0.0</fprob>
        </actor>
        <actor name="D0N15">
            <wcet number="0">40</wcet>
            <wcet number="1">130</wcet>
            <maxpow number="0.6278166588835238"/>
            <maxpow number="0.6278166588835238"/>
            <fprob>0.0</fprob>
        </actor>
        <actor name="D0N29">
            <wcet number="0">40</wcet>
            <wcet number="1">70</wcet>
            <maxpow number="0.4759485773837582"/>
            <maxpow number="0.4759485773837582"/>
            <fprob>0.0</fprob>
        </actor>
        <actor name="D0N39">
            <wcet number="0">30</wcet>
            <wcet number="1">110</wcet>
            <maxpow number="0.38335930964939735"/>
            <maxpow number="0.38335930964939735"/>
            <fprob>0.0</fprob>
        </actor>
        <actor name="D0N8">
            <wcet number="0">10</wcet>
            <wcet number="1">30</wcet>
            <maxpow number="0.17469625991957727"/>
            <maxpow number="0.17469625991957727"/>
            <fprob>0.0</fprob>
        </actor>
        <actor name="D0N32">
            <wcet number="0">40</wcet>
            <wcet number="1">50</wcet>
            <maxpow number="0.6507619199670892"/>
            <maxpow number="0.6507619199670892"/>
            <fprob>0.0</fprob>
        </actor>
        <actor name="D0N24">
            <wcet number="0">30</wcet>
            <wcet number="1">30</wcet>
            <maxpow number="0.7640754482347374"/>
            <maxpow number="0.7640754482347374"/>
            <fprob>0.0</fprob>
        </actor>
        <actor name="D0N4">
            <wcet number="0">10</wcet>
            <wcet number="1">10</wcet>
            <maxpow number="0.10141355817324638"/>
            <maxpow number="0.10141355817324638"/>
            <fprob>0.0</fprob>
        </actor>
        <actor name="D0N14">
            <wcet number="0">10</wcet>
            <wcet number="1">10</wcet>
            <maxpow number="0.42743041978007956"/>
            <maxpow number="0.42743041978007956"/>
            <fprob>0.0</fprob>
        </actor>
        <actor name="D0N1">
            <wcet number="0">20</wcet>
            <wcet number="1">20</wcet>
            <maxpow number="0.6811825109578147"/>
            <maxpow number="0.6811825109578147"/>
            <fprob>0.0</fprob>
        </actor>
        <actor name="D0N21">
            <wcet number="0">10</wcet>
            <wcet number="1">10</wcet>
            <maxpow number="0.48656852935703626"/>
            <maxpow number="0.48656852935703626"/>
            <fprob>0.0</fprob>
        </actor>
        <actor name="D0N19">
            <wcet number="0">10</wcet>
            <wcet number="1">10</wcet>
            <maxpow number="0.6697322593709454"/>
            <maxpow number="0.6697322593709454"/>
            <fprob>0.0</fprob>
        </actor>
        <actor name="D0N3">
            <wcet number="0">20</wcet>
            <wcet number="1">20</wcet>
            <maxpow number="0.5585422081970868"/>
            <maxpow number="0.5585422081970868"/>
            <fprob>0.0</fprob>
        </actor>
        <actor name="D0N6">
            <wcet number="0">10</wcet>
            <wcet number="1">10</wcet>
            <maxpow number="0.5487211049841556"/>
            <maxpow number="0.5487211049841556"/>
            <fprob>0.0</fprob>
        </actor>
        <actor name="D0N26">
            <wcet number="0">60</wcet>
            <wcet number="1">60</wcet>
            <maxpow number="0.5173394514008394"/>
            <maxpow number="0.5173394514008394"/>
            <fprob>0.0</fprob>
        </actor>
        <actor name="D0N30">
            <wcet number="0">30</wcet>
            <wcet number="1">50</wcet>
            <maxpow number="0.5754979543701835"/>
            <maxpow number="0.5754979543701835"/>
            <fprob>0.0</fprob>
        </actor>
        <actor name="D0N16">
            <wcet number="0">10</wcet>
            <wcet number="1">10</wcet>
            <maxpow number="0.45062660099847895"/>
            <maxpow number="0.45062660099847895"/>
            <fprob>0.0</fprob>
        </actor>
        <actor name="D0N27">
            <wcet number="0">30</wcet>
            <wcet number="1">70</wcet>
            <maxpow number="0.6251187748124324"/>
            <maxpow number="0.6251187748124324"/>
            <fprob>0.0</fprob>
        </actor>
        <actor name="D0N0">
            <wcet number="0">80</wcet>
            <wcet number="1">120</wcet>
            <maxpow number="0.5642592531200421"/>
            <maxpow number="0.5642592531200421"/>
            <fprob>0.0</fprob>
        </actor>
        <actor name="D0N11">
            <wcet number="0">20</wcet>
            <wcet number="1">60</wcet>
            <maxpow number="0.5938945119018625"/>
            <maxpow number="0.5938945119018625"/>
            <fprob>0.0</fprob>
        </actor>
        <actor name="D0N9">
            <wcet number="0">10</wcet>
            <wcet number="1">20</wcet>
            <maxpow number="0.42703078990484505"/>
            <maxpow number="0.42703078990484505"/>
            <fprob>0.0</fprob>
        </actor>
        <actor name="D0N12">
            <wcet number="0">30</wcet>
            <wcet number="1">30</wcet>
            <maxpow number="0.4627808637605269"/>
            <maxpow number="0.4627808637605269"/>
            <fprob>0.0</fprob>
        </actor>
        <actor name="D0N33">
            <wcet number="0">20</wcet>
            <wcet number="1">60</wcet>
            <maxpow number="0.5401738704828196"/>
            <maxpow number="0.5401738704828196"/>
            <fprob>0.0</fprob>
        </actor>
        <actor name="D0N5">
            <wcet number="0">30</wcet>
            <wcet number="1">70</wcet>
            <maxpow number="0.39635549984372154"/>
            <maxpow number="0.39635549984372154"/>
            <fprob>0.0</fprob>
        </actor>
        <actor name="D0N2">
            <wcet number="0">30</wcet>
            <wcet number="1">30</wcet>
            <maxpow number="0.46216655157785225"/>
            <maxpow number="0.46216655157785225"/>
            <fprob>0.0</fprob>
        </actor>
        <actor name="D0N13">
            <wcet number="0">10</wcet>
            <wcet number="1">30</wcet>
            <maxpow number="0.4272584300267357"/>
            <maxpow number="0.4272584300267357"/>
            <fprob>0.0</fprob>
        </actor>
        <actor name="D0N36">
            <wcet number="0">50</wcet>
            <wcet number="1">60</wcet>
            <maxpow number="0.8686546113969835"/>
            <maxpow number="0.8686546113969835"/>
            <fprob>0.0</fprob>
        </actor>
        <actor name="D0N17">
            <wcet number="0">30</wcet>
            <wcet number="1">30</wcet>
            <maxpow number="0.37927609112292815"/>
            <maxpow number="0.37927609112292815"/>
            <fprob>0.0</fprob>
        </actor>
        <actor name="D0N31">
            <wcet number="0">40</wcet>
            <wcet number="1">140</wcet>
            <maxpow number="0.6810767135219863"/>
            <maxpow number="0.6810767135219863"/>
            <fprob>0.0</fprob>
        </actor>
        <actor name="D0N34">
            <wcet number="0">10</wcet>
            <wcet number="1">20</wcet>
            <maxpow number="0.5604597896946079"/>
            <maxpow number="0.5604597896946079"/>
            <fprob>0.0</fprob>
        </actor>
        <actor name="D0N7">
            <wcet number="0">60</wcet>
            <wcet number="1">70</wcet>
            <maxpow number="0.6497347873543021"/>
            <maxpow number="0.6497347873543021"/>
            <fprob>0.0</fprob>
        </actor>
        <actor name="D0N38">
            <wcet number="0">20</wcet>
            <wcet number="1">40</wcet>
            <maxpow number="0.407129051158479"/>
            <maxpow number="0.407129051158479"/>
            <fprob>0.0</fprob>
        </actor>
        <actor name="D0N25">
            <wcet number="0">40</wcet>
            <wcet number="1">50</wcet>
            <maxpow number="0.34480616309686374"/>
            <maxpow number="0.34480616309686374"/>
            <fprob>0.0</fprob>
        </actor>
        <actor name="D0N18">
            <wcet number="0">10</wcet>
            <wcet number="1">60</wcet>
            <maxpow number="0.4727322710501411"/>
            <maxpow number="0.4727322710501411"/>
            <fprob>0.0</fprob>
        </actor>
        <actor name="D0N40">
            <wcet number="0">70</wcet>
            <wcet number="1">70</wcet>
            <maxpow number="0.43536584506393416"/>
            <maxpow number="0.43536584506393416"/>
            <fprob>0.0</fprob>
        </actor>
        <actor name="D0N22">
            <wcet number="0">10</wcet>
            <wcet number="1">10</wcet>
            <maxpow number="0.5633890229170416"/>
            <maxpow number="0.5633890229170416"/>
            <fprob>0.0</fprob>
        </actor>
        <actor name="D0N35">
            <wcet number="0">10</wcet>
            <wcet number="1">60</wcet>
            <maxpow number="0.38675464024503126"/>
            <maxpow number="0.38675464024503126"/>
            <fprob>0.0</fprob>
        </actor>
        <actor name="D0N45">
            <wcet number="0">10</wcet>
            <wcet number="1">10</wcet>
            <maxpow number="0.7486908341360043"/>
            <maxpow number="0.7486908341360043"/>
            <fprob>0.0</fprob>
        </actor>
        <actor name="D0N28">
            <wcet number="0">10</wcet>
            <wcet number="1">20</wcet>
            <maxpow number="0.6281933884546227"/>
            <maxpow number="0.6281933884546227"/>
            <fprob>0.0</fprob>
        </actor>
        <actor name="D0N37">
            <wcet number="0">10</wcet>
            <wcet number="1">10</wcet>
            <maxpow number="0.45815457560562006"/>
            <maxpow number="0.45815457560562006"/>
            <fprob>0.0</fprob>
        </actor>
        <actor name="D0N43">
            <wcet number="0">10</wcet>
            <wcet number="1">20</wcet>
            <maxpow number="0.5480552589693195"/>
            <maxpow number="0.5480552589693195"/>
            <fprob>0.0</fprob>
        </actor>
        <actor name="D0N23">
            <wcet number="0">70</wcet>
            <wcet number="1">70</wcet>
            <maxpow number="0.6224958926036197"/>
            <maxpow number="0.6224958926036197"/>
            <fprob>0.0</fprob>
        </actor>
        <ports>
            <port dstActor="D0N45" name="p0" srcActor="D0N44"/>
            <port dstActor="D0N40" name="p1" srcActor="D0N20"/>
            <port dstActor="D0N23" name="p2" srcActor="D0N10"/>
            <port dstActor="D0N36" name="p3" srcActor="D0N10"/>
            <port dstActor="D0N40" name="p4" srcActor="D0N10"/>
            <port dstActor="D0N38" name="p5" srcActor="D0N10"/>
            <port dstActor="D0N30" name="p6" srcActor="D0N10"/>
            <port dstActor="D0N33" name="p7" srcActor="D0N15"/>
            <port dstActor="D0N41" name="p8" srcActor="D0N15"/>
            <port dstActor="D0N18" name="p9" srcActor="D0N15"/>
            <port dstActor="D0N32" name="p10" srcActor="D0N29"/>
            <port dstActor="D0N40" name="p11" srcActor="D0N39"/>
            <port dstActor="D0N28" name="p12" srcActor="D0N8"/>
            <port dstActor="D0N9" name="p13" srcActor="D0N8"/>
            <port dstActor="D0N14" name="p14" srcActor="D0N8"/>
            <port dstActor="D0N39" name="p15" srcActor="D0N4"/>
            <port dstActor="D0N14" name="p16" srcActor="D0N4"/>
            <port dstActor="D0N5" name="p17" srcActor="D0N4"/>
            <port dstActor="D0N20" name="p18" srcActor="D0N14"/>
            <port dstActor="D0N37" name="p19" srcActor="D0N14"/>
            <port dstActor="D0N24" name="p20" srcActor="D0N1"/>
            <port dstActor="D0N8" name="p21" srcActor="D0N1"/>
            <port dstActor="D0N35" name="p22" srcActor="D0N1"/>
            <port dstActor="D0N16" name="p23" srcActor="D0N1"/>
            <port dstActor="D0N30" name="p24" srcActor="D0N1"/>
            <port dstActor="D0N38" name="p25" srcActor="D0N21"/>
            <port dstActor="D0N27" name="p26" srcActor="D0N19"/>
            <port dstActor="D0N26" name="p27" srcActor="D0N19"/>
            <port dstActor="D0N25" name="p28" srcActor="D0N3"/>
            <port dstActor="D0N29" name="p29" srcActor="D0N6"/>
            <port dstActor="D0N37" name="p30" srcActor="D0N6"/>
            <port dstActor="D0N42" name="p31" srcActor="D0N6"/>
            <port dstActor="D0N17" name="p32" srcActor="D0N6"/>
            <port dstActor="D0N39" name="p33" srcActor="D0N6"/>
            <port dstActor="D0N37" name="p34" srcActor="D0N26"/>
            <port dstActor="D0N35" name="p35" srcActor="D0N30"/>
            <port dstActor="D0N34" name="p36" srcActor="D0N30"/>
            <port dstActor="D0N38" name="p37" srcActor="D0N30"/>
            <port dstActor="D0N43" name="p38" srcActor="D0N30"/>
            <port dstActor="D0N39" name="p39" srcActor="D0N16"/>
            <port dstActor="D0N24" name="p40" srcActor="D0N16"/>
            <port dstActor="D0N43" name="p41" srcActor="D0N16"/>
            <port dstActor="D0N34" name="p42" srcActor="D0N27"/>
            <port dstActor="D0N14" name="p43" srcActor="D0N0"/>
            <port dstActor="D0N7" name="p44" srcActor="D0N0"/>
            <port dstActor="D0N12" name="p45" srcActor="D0N0"/>
            <port dstActor="D0N38" name="p46" srcActor="D0N0"/>
            <port dstActor="D0N18" name="p47" srcActor="D0N0"/>
            <port dstActor="D0N23" name="p48" srcActor="D0N0"/>
            <port dstActor="D0N28" name="p49" srcActor="D0N11"/>
            <port dstActor="D0N16" name="p50" srcActor="D0N9"/>
            <port dstActor="D0N44" name="p51" srcActor="D0N9"/>
            <port dstActor="D0N12" name="p52" srcActor="D0N9"/>
            <port dstActor="D0N24" name="p53" srcActor="D0N12"/>
            <port dstActor="D0N14" name="p54" srcActor="D0N12"/>
            <port dstActor="D0N27" name="p55" srcActor="D0N12"/>
            <port dstActor="D0N37" name="p56" srcActor="D0N33"/>
            <port dstActor="D0N18" name="p57" srcActor="D0N5"/>
            <port dstActor="D0N40" name="p58" srcActor="D0N5"/>
            <port dstActor="D0N38" name="p59" srcActor="D0N5"/>
            <port dstActor="D0N5" name="p60" srcActor="D0N2"/>
            <port dstActor="D0N45" name="p61" srcActor="D0N2"/>
            <port dstActor="D0N12" name="p62" srcActor="D0N2"/>
            <port dstActor="D0N27" name="p63" srcActor="D0N2"/>
            <port dstActor="D0N43" name="p64" srcActor="D0N13"/>
            <port dstActor="D0N45" name="p65" srcActor="D0N36"/>
            <port dstActor="D0N22" name="p66" srcActor="D0N17"/>
            <port dstActor="D0N18" name="p67" srcActor="D0N17"/>
            <port dstActor="D0N34" name="p68" srcActor="D0N31"/>
            <port dstActor="D0N45" name="p69" srcActor="D0N31"/>
            <port dstActor="D0N41" name="p70" srcActor="D0N31"/>
            <port dstActor="D0N35" name="p71" srcActor="D0N7"/>
            <port dstActor="D0N44" name="p72" srcActor="D0N7"/>
            <port dstActor="D0N8" name="p73" srcActor="D0N7"/>
            <port dstActor="D0N15" name="p74" srcActor="D0N7"/>
            <port dstActor="D0N43" name="p75" srcActor="D0N38"/>
            <port dstActor="D0N37" name="p76" srcActor="D0N25"/>
            <port dstActor="D0N45" name="p77" srcActor="D0N25"/>
            <port dstActor="D0N33" name="p78" srcActor="D0N25"/>
            <port dstActor="D0N43" name="p79" srcActor="D0N18"/>
            <port dstActor="D0N22" name="p80" srcActor="D0N18"/>
            <port dstActor="D0N19" name="p81" srcActor="D0N18"/>
            <port dstActor="D0N45" name="p82" srcActor="D0N40"/>
            <port dstActor="D0N26" name="p83" srcActor="D0N22"/>
            <port dstActor="D0N23" name="p84" srcActor="D0N22"/>
            <port dstActor="D0N39" name="p85" srcActor="D0N28"/>
            <port dstActor="D0N26" name="p86" srcActor="D0N23"/>
            <port dstActor="D0N30" name="p87" srcActor="D0N23"/>
            <port dstActor="D0N33" name="p88" srcActor="D0N23"/>
            <port dstActor="D0N41" name="p89" srcActor="D0N23"/>
        </ports>
    </mcdag>
    <cores number="3"/>
    <levels number="2"/>
</mcsystem>
