<?xml version="1.0" encoding="UTF-8" standalone="no"?>
<mcsystem>
    <mcdag deadline="3000" name="genned-0-ed-10.0-0">
        <actor name="D0N42">
            <wcet number="0">10</wcet>
            <wcet number="1">40</wcet>
            <maxpow number="0.7093767540699121"/>
            <maxpow number="0.7093767540699121"/>
            <fprob>0.0</fprob>
        </actor>
        <actor name="D0N48">
            <wcet number="0">10</wcet>
            <wcet number="1">20</wcet>
            <maxpow number="0.705825393528871"/>
            <maxpow number="0.705825393528871"/>
            <fprob>0.0</fprob>
        </actor>
        <actor name="D0N7">
            <wcet number="0">70</wcet>
            <wcet number="1">130</wcet>
            <maxpow number="0.5831996650894813"/>
            <maxpow number="0.5831996650894813"/>
            <fprob>0.0</fprob>
        </actor>
        <actor name="D0N17">
            <wcet number="0">110</wcet>
            <wcet number="1">180</wcet>
            <maxpow number="0.9250861931160251"/>
            <maxpow number="0.9250861931160251"/>
            <fprob>0.0</fprob>
        </actor>
        <actor name="D0N26">
            <wcet number="0">40</wcet>
            <wcet number="1">70</wcet>
            <maxpow number="0.2854797748024066"/>
            <maxpow number="0.2854797748024066"/>
            <fprob>0.0</fprob>
        </actor>
        <actor name="D0N18">
            <wcet number="0">40</wcet>
            <wcet number="1">110</wcet>
            <maxpow number="0.8532399161518892"/>
            <maxpow number="0.8532399161518892"/>
            <fprob>0.0</fprob>
        </actor>
        <actor name="D0N0">
            <wcet number="0">10</wcet>
            <wcet number="1">10</wcet>
            <maxpow number="0.5085121237460863"/>
            <maxpow number="0.5085121237460863"/>
            <fprob>0.0</fprob>
        </actor>
        <actor name="D0N15">
            <wcet number="0">10</wcet>
            <wcet number="1">10</wcet>
            <maxpow number="0.14246047396491895"/>
            <maxpow number="0.14246047396491895"/>
            <fprob>0.0</fprob>
        </actor>
        <actor name="D0N19">
            <wcet number="0">20</wcet>
            <wcet number="1">110</wcet>
            <maxpow number="0.8546899394111296"/>
            <maxpow number="0.8546899394111296"/>
            <fprob>0.0</fprob>
        </actor>
        <actor name="D0N16">
            <wcet number="0">40</wcet>
            <wcet number="1">40</wcet>
            <maxpow number="0.4348097673311565"/>
            <maxpow number="0.4348097673311565"/>
            <fprob>0.0</fprob>
        </actor>
        <actor name="D0N28">
            <wcet number="0">250</wcet>
            <wcet number="1">250</wcet>
            <maxpow number="0.5337476919611642"/>
            <maxpow number="0.5337476919611642"/>
            <fprob>0.0</fprob>
        </actor>
        <actor name="D0N45">
            <wcet number="0">20</wcet>
            <wcet number="1">20</wcet>
            <maxpow number="0.4837408235836169"/>
            <maxpow number="0.4837408235836169"/>
            <fprob>0.0</fprob>
        </actor>
        <actor name="D0N22">
            <wcet number="0">30</wcet>
            <wcet number="1">120</wcet>
            <maxpow number="0.552574837176276"/>
            <maxpow number="0.552574837176276"/>
            <fprob>0.0</fprob>
        </actor>
        <actor name="D0N30">
            <wcet number="0">20</wcet>
            <wcet number="1">140</wcet>
            <maxpow number="0.6837635715113237"/>
            <maxpow number="0.6837635715113237"/>
            <fprob>0.0</fprob>
        </actor>
        <actor name="D0N4">
            <wcet number="0">20</wcet>
            <wcet number="1">60</wcet>
            <maxpow number="0.4539402736246629"/>
            <maxpow number="0.4539402736246629"/>
            <fprob>0.0</fprob>
        </actor>
        <actor name="D0N39">
            <wcet number="0">20</wcet>
            <wcet number="1">230</wcet>
            <maxpow number="0.5856607780371159"/>
            <maxpow number="0.5856607780371159"/>
            <fprob>0.0</fprob>
        </actor>
        <actor name="D0N40">
            <wcet number="0">130</wcet>
            <wcet number="1">170</wcet>
            <maxpow number="0.5058943271062414"/>
            <maxpow number="0.5058943271062414"/>
            <fprob>0.0</fprob>
        </actor>
        <actor name="D0N14">
            <wcet number="0">20</wcet>
            <wcet number="1">20</wcet>
            <maxpow number="0.30444894615677"/>
            <maxpow number="0.30444894615677"/>
            <fprob>0.0</fprob>
        </actor>
        <actor name="D0N41">
            <wcet number="0">10</wcet>
            <wcet number="1">70</wcet>
            <maxpow number="0.5889077264586036"/>
            <maxpow number="0.5889077264586036"/>
            <fprob>0.0</fprob>
        </actor>
        <actor name="D0N44">
            <wcet number="0">80</wcet>
            <wcet number="1">130</wcet>
            <maxpow number="0.6210051532574014"/>
            <maxpow number="0.6210051532574014"/>
            <fprob>0.0</fprob>
        </actor>
        <actor name="D0N1">
            <wcet number="0">20</wcet>
            <wcet number="1">20</wcet>
            <maxpow number="0.5406667865168845"/>
            <maxpow number="0.5406667865168845"/>
            <fprob>0.0</fprob>
        </actor>
        <actor name="D0N13">
            <wcet number="0">110</wcet>
            <wcet number="1">180</wcet>
            <maxpow number="0.4817255499474086"/>
            <maxpow number="0.4817255499474086"/>
            <fprob>0.0</fprob>
        </actor>
        <actor name="D0N47">
            <wcet number="0">270</wcet>
            <wcet number="1">410</wcet>
            <maxpow number="0.7796037129795531"/>
            <maxpow number="0.7796037129795531"/>
            <fprob>0.0</fprob>
        </actor>
        <actor name="D0N35">
            <wcet number="0">10</wcet>
            <wcet number="1">110</wcet>
            <maxpow number="0.5179927215013744"/>
            <maxpow number="0.5179927215013744"/>
            <fprob>0.0</fprob>
        </actor>
        <actor name="D0N8">
            <wcet number="0">60</wcet>
            <wcet number="1">80</wcet>
            <maxpow number="0.13379837355594354"/>
            <maxpow number="0.13379837355594354"/>
            <fprob>0.0</fprob>
        </actor>
        <actor name="D0N31">
            <wcet number="0">30</wcet>
            <wcet number="1">80</wcet>
            <maxpow number="0.4037915716584848"/>
            <maxpow number="0.4037915716584848"/>
            <fprob>0.0</fprob>
        </actor>
        <actor name="D0N25">
            <wcet number="0">10</wcet>
            <wcet number="1">60</wcet>
            <maxpow number="0.6153463686474824"/>
            <maxpow number="0.6153463686474824"/>
            <fprob>0.0</fprob>
        </actor>
        <actor name="D0N37">
            <wcet number="0">60</wcet>
            <wcet number="1">360</wcet>
            <maxpow number="0.5703633499981632"/>
            <maxpow number="0.5703633499981632"/>
            <fprob>0.0</fprob>
        </actor>
        <actor name="D0N29">
            <wcet number="0">10</wcet>
            <wcet number="1">20</wcet>
            <maxpow number="0.20124050352635803"/>
            <maxpow number="0.20124050352635803"/>
            <fprob>0.0</fprob>
        </actor>
        <actor name="D0N33">
            <wcet number="0">170</wcet>
            <wcet number="1">170</wcet>
            <maxpow number="0.2968721539675688"/>
            <maxpow number="0.2968721539675688"/>
            <fprob>0.0</fprob>
        </actor>
        <actor name="D0N6">
            <wcet number="0">90</wcet>
            <wcet number="1">330</wcet>
            <maxpow number="0.7985192664215603"/>
            <maxpow number="0.7985192664215603"/>
            <fprob>0.0</fprob>
        </actor>
        <actor name="D0N12">
            <wcet number="0">260</wcet>
            <wcet number="1">390</wcet>
            <maxpow number="0.5056110543636455"/>
            <maxpow number="0.5056110543636455"/>
            <fprob>0.0</fprob>
        </actor>
        <actor name="D0N2">
            <wcet number="0">10</wcet>
            <wcet number="1">30</wcet>
            <maxpow number="0.6351616451786056"/>
            <maxpow number="0.6351616451786056"/>
            <fprob>0.0</fprob>
        </actor>
        <actor name="D0N11">
            <wcet number="0">50</wcet>
            <wcet number="1">70</wcet>
            <maxpow number="0.6086863909202935"/>
            <maxpow number="0.6086863909202935"/>
            <fprob>0.0</fprob>
        </actor>
        <actor name="D0N46">
            <wcet number="0">50</wcet>
            <wcet number="1">110</wcet>
            <maxpow number="0.6756257256999387"/>
            <maxpow number="0.6756257256999387"/>
            <fprob>0.0</fprob>
        </actor>
        <actor name="D0N21">
            <wcet number="0">80</wcet>
            <wcet number="1">310</wcet>
            <maxpow number="0.6081636139768613"/>
            <maxpow number="0.6081636139768613"/>
            <fprob>0.0</fprob>
        </actor>
        <actor name="D0N10">
            <wcet number="0">270</wcet>
            <wcet number="1">310</wcet>
            <maxpow number="0.7979090753639067"/>
            <maxpow number="0.7979090753639067"/>
            <fprob>0.0</fprob>
        </actor>
        <actor name="D0N32">
            <wcet number="0">50</wcet>
            <wcet number="1">60</wcet>
            <maxpow number="0.48468040979041116"/>
            <maxpow number="0.48468040979041116"/>
            <fprob>0.0</fprob>
        </actor>
        <actor name="D0N38">
            <wcet number="0">10</wcet>
            <wcet number="1">140</wcet>
            <maxpow number="0.7096666918146871"/>
            <maxpow number="0.7096666918146871"/>
            <fprob>0.0</fprob>
        </actor>
        <actor name="D0N9">
            <wcet number="0">110</wcet>
            <wcet number="1">180</wcet>
            <maxpow number="0.4507871032311642"/>
            <maxpow number="0.4507871032311642"/>
            <fprob>0.0</fprob>
        </actor>
        <actor name="D0N36">
            <wcet number="0">10</wcet>
            <wcet number="1">10</wcet>
            <maxpow number="0.5301338321545156"/>
            <maxpow number="0.5301338321545156"/>
            <fprob>0.0</fprob>
        </actor>
        <actor name="D0N20">
            <wcet number="0">80</wcet>
            <wcet number="1">450</wcet>
            <maxpow number="0.6531470244952575"/>
            <maxpow number="0.6531470244952575"/>
            <fprob>0.0</fprob>
        </actor>
        <actor name="D0N27">
            <wcet number="0">50</wcet>
            <wcet number="1">180</wcet>
            <maxpow number="0.5729161719876017"/>
            <maxpow number="0.5729161719876017"/>
            <fprob>0.0</fprob>
        </actor>
        <actor name="D0N43">
            <wcet number="0">80</wcet>
            <wcet number="1">90</wcet>
            <maxpow number="0.47433032037235534"/>
            <maxpow number="0.47433032037235534"/>
            <fprob>0.0</fprob>
        </actor>
        <actor name="D0N5">
            <wcet number="0">10</wcet>
            <wcet number="1">10</wcet>
            <maxpow number="0.24247864520119472"/>
            <maxpow number="0.24247864520119472"/>
            <fprob>0.0</fprob>
        </actor>
        <actor name="D0N34">
            <wcet number="0">40</wcet>
            <wcet number="1">120</wcet>
            <maxpow number="0.828335498295145"/>
            <maxpow number="0.828335498295145"/>
            <fprob>0.0</fprob>
        </actor>
        <actor name="D0N24">
            <wcet number="0">120</wcet>
            <wcet number="1">160</wcet>
            <maxpow number="0.35679865113491005"/>
            <maxpow number="0.35679865113491005"/>
            <fprob>0.0</fprob>
        </actor>
        <actor name="D0N3">
            <wcet number="0">70</wcet>
            <wcet number="1">130</wcet>
            <maxpow number="0.5222505903519142"/>
            <maxpow number="0.5222505903519142"/>
            <fprob>0.0</fprob>
        </actor>
        <actor name="D0N23">
            <wcet number="0">80</wcet>
            <wcet number="1">100</wcet>
            <maxpow number="0.5629564838891914"/>
            <maxpow number="0.5629564838891914"/>
            <fprob>0.0</fprob>
        </actor>
        <ports>
            <port dstActor="D0N48" name="p0" srcActor="D0N42"/>
            <port dstActor="D0N44" name="p1" srcActor="D0N42"/>
            <port dstActor="D0N48" name="p2" srcActor="D0N7"/>
            <port dstActor="D0N13" name="p3" srcActor="D0N7"/>
            <port dstActor="D0N16" name="p4" srcActor="D0N7"/>
            <port dstActor="D0N20" name="p5" srcActor="D0N7"/>
            <port dstActor="D0N45" name="p6" srcActor="D0N17"/>
            <port dstActor="D0N36" name="p7" srcActor="D0N26"/>
            <port dstActor="D0N34" name="p8" srcActor="D0N18"/>
            <port dstActor="D0N24" name="p9" srcActor="D0N18"/>
            <port dstActor="D0N44" name="p10" srcActor="D0N18"/>
            <port dstActor="D0N46" name="p11" srcActor="D0N18"/>
            <port dstActor="D0N45" name="p12" srcActor="D0N0"/>
            <port dstActor="D0N22" name="p13" srcActor="D0N15"/>
            <port dstActor="D0N37" name="p14" srcActor="D0N15"/>
            <port dstActor="D0N30" name="p15" srcActor="D0N15"/>
            <port dstActor="D0N28" name="p16" srcActor="D0N15"/>
            <port dstActor="D0N43" name="p17" srcActor="D0N15"/>
            <port dstActor="D0N46" name="p18" srcActor="D0N15"/>
            <port dstActor="D0N44" name="p19" srcActor="D0N19"/>
            <port dstActor="D0N46" name="p20" srcActor="D0N19"/>
            <port dstActor="D0N33" name="p21" srcActor="D0N16"/>
            <port dstActor="D0N21" name="p22" srcActor="D0N16"/>
            <port dstActor="D0N40" name="p23" srcActor="D0N16"/>
            <port dstActor="D0N24" name="p24" srcActor="D0N16"/>
            <port dstActor="D0N32" name="p25" srcActor="D0N16"/>
            <port dstActor="D0N26" name="p26" srcActor="D0N16"/>
            <port dstActor="D0N37" name="p27" srcActor="D0N16"/>
            <port dstActor="D0N46" name="p28" srcActor="D0N30"/>
            <port dstActor="D0N26" name="p29" srcActor="D0N4"/>
            <port dstActor="D0N44" name="p30" srcActor="D0N4"/>
            <port dstActor="D0N19" name="p31" srcActor="D0N4"/>
            <port dstActor="D0N42" name="p32" srcActor="D0N39"/>
            <port dstActor="D0N45" name="p33" srcActor="D0N39"/>
            <port dstActor="D0N43" name="p34" srcActor="D0N40"/>
            <port dstActor="D0N32" name="p35" srcActor="D0N14"/>
            <port dstActor="D0N41" name="p36" srcActor="D0N14"/>
            <port dstActor="D0N48" name="p37" srcActor="D0N14"/>
            <port dstActor="D0N37" name="p38" srcActor="D0N14"/>
            <port dstActor="D0N46" name="p39" srcActor="D0N41"/>
            <port dstActor="D0N47" name="p40" srcActor="D0N41"/>
            <port dstActor="D0N23" name="p41" srcActor="D0N1"/>
            <port dstActor="D0N45" name="p42" srcActor="D0N1"/>
            <port dstActor="D0N8" name="p43" srcActor="D0N1"/>
            <port dstActor="D0N10" name="p44" srcActor="D0N1"/>
            <port dstActor="D0N19" name="p45" srcActor="D0N13"/>
            <port dstActor="D0N45" name="p46" srcActor="D0N35"/>
            <port dstActor="D0N48" name="p47" srcActor="D0N35"/>
            <port dstActor="D0N15" name="p48" srcActor="D0N8"/>
            <port dstActor="D0N27" name="p49" srcActor="D0N8"/>
            <port dstActor="D0N30" name="p50" srcActor="D0N8"/>
            <port dstActor="D0N34" name="p51" srcActor="D0N31"/>
            <port dstActor="D0N43" name="p52" srcActor="D0N31"/>
            <port dstActor="D0N35" name="p53" srcActor="D0N25"/>
            <port dstActor="D0N44" name="p54" srcActor="D0N37"/>
            <port dstActor="D0N37" name="p55" srcActor="D0N29"/>
            <port dstActor="D0N34" name="p56" srcActor="D0N33"/>
            <port dstActor="D0N25" name="p57" srcActor="D0N6"/>
            <port dstActor="D0N34" name="p58" srcActor="D0N6"/>
            <port dstActor="D0N28" name="p59" srcActor="D0N6"/>
            <port dstActor="D0N39" name="p60" srcActor="D0N6"/>
            <port dstActor="D0N38" name="p61" srcActor="D0N6"/>
            <port dstActor="D0N35" name="p62" srcActor="D0N6"/>
            <port dstActor="D0N38" name="p63" srcActor="D0N12"/>
            <port dstActor="D0N43" name="p64" srcActor="D0N12"/>
            <port dstActor="D0N13" name="p65" srcActor="D0N12"/>
            <port dstActor="D0N15" name="p66" srcActor="D0N12"/>
            <port dstActor="D0N32" name="p67" srcActor="D0N12"/>
            <port dstActor="D0N42" name="p68" srcActor="D0N2"/>
            <port dstActor="D0N47" name="p69" srcActor="D0N2"/>
            <port dstActor="D0N4" name="p70" srcActor="D0N2"/>
            <port dstActor="D0N35" name="p71" srcActor="D0N11"/>
            <port dstActor="D0N12" name="p72" srcActor="D0N11"/>
            <port dstActor="D0N20" name="p73" srcActor="D0N11"/>
            <port dstActor="D0N25" name="p74" srcActor="D0N11"/>
            <port dstActor="D0N43" name="p75" srcActor="D0N11"/>
            <port dstActor="D0N38" name="p76" srcActor="D0N11"/>
            <port dstActor="D0N41" name="p77" srcActor="D0N21"/>
            <port dstActor="D0N45" name="p78" srcActor="D0N21"/>
            <port dstActor="D0N31" name="p79" srcActor="D0N10"/>
            <port dstActor="D0N40" name="p80" srcActor="D0N10"/>
            <port dstActor="D0N28" name="p81" srcActor="D0N10"/>
            <port dstActor="D0N39" name="p82" srcActor="D0N10"/>
            <port dstActor="D0N35" name="p83" srcActor="D0N32"/>
            <port dstActor="D0N34" name="p84" srcActor="D0N32"/>
            <port dstActor="D0N41" name="p85" srcActor="D0N38"/>
            <port dstActor="D0N14" name="p86" srcActor="D0N9"/>
            <port dstActor="D0N12" name="p87" srcActor="D0N9"/>
            <port dstActor="D0N46" name="p88" srcActor="D0N9"/>
            <port dstActor="D0N37" name="p89" srcActor="D0N36"/>
            <port dstActor="D0N41" name="p90" srcActor="D0N36"/>
            <port dstActor="D0N32" name="p91" srcActor="D0N20"/>
            <port dstActor="D0N27" name="p92" srcActor="D0N20"/>
            <port dstActor="D0N44" name="p93" srcActor="D0N20"/>
            <port dstActor="D0N34" name="p94" srcActor="D0N5"/>
            <port dstActor="D0N18" name="p95" srcActor="D0N5"/>
            <port dstActor="D0N35" name="p96" srcActor="D0N5"/>
            <port dstActor="D0N19" name="p97" srcActor="D0N5"/>
            <port dstActor="D0N44" name="p98" srcActor="D0N5"/>
            <port dstActor="D0N36" name="p99" srcActor="D0N5"/>
            <port dstActor="D0N48" name="p100" srcActor="D0N5"/>
            <port dstActor="D0N32" name="p101" srcActor="D0N24"/>
            <port dstActor="D0N8" name="p102" srcActor="D0N3"/>
            <port dstActor="D0N45" name="p103" srcActor="D0N3"/>
            <port dstActor="D0N39" name="p104" srcActor="D0N3"/>
            <port dstActor="D0N29" name="p105" srcActor="D0N3"/>
            <port dstActor="D0N35" name="p106" srcActor="D0N23"/>
            <port dstActor="D0N46" name="p107" srcActor="D0N23"/>
            <port dstActor="D0N47" name="p108" srcActor="D0N23"/>
            <port dstActor="D0N39" name="p109" srcActor="D0N23"/>
        </ports>
    </mcdag>
    <cores number="3"/>
    <levels number="2"/>
</mcsystem>
