<?xml version="1.0" encoding="UTF-8" standalone="no"?>
<mcsystem>
    <mcdag deadline="4000" name="genned-0-ed-10.0-0">
        <actor name="D0N3">
            <wcet number="0">10</wcet>
            <wcet number="1">40</wcet>
            <maxpow number="0.5730888098285067"/>
            <maxpow number="0.5730888098285067"/>
            <fprob>0.0</fprob>
        </actor>
        <actor name="D0N7">
            <wcet number="0">140</wcet>
            <wcet number="1">350</wcet>
            <maxpow number="0.6884230011996614"/>
            <maxpow number="0.6884230011996614"/>
            <fprob>0.0</fprob>
        </actor>
        <actor name="D0N30">
            <wcet number="0">70</wcet>
            <wcet number="1">70</wcet>
            <maxpow number="0.39052714004132455"/>
            <maxpow number="0.39052714004132455"/>
            <fprob>0.0</fprob>
        </actor>
        <actor name="D0N34">
            <wcet number="0">10</wcet>
            <wcet number="1">330</wcet>
            <maxpow number="0.4910963482271362"/>
            <maxpow number="0.4910963482271362"/>
            <fprob>0.0</fprob>
        </actor>
        <actor name="D0N46">
            <wcet number="0">140</wcet>
            <wcet number="1">330</wcet>
            <maxpow number="0.5411797016042771"/>
            <maxpow number="0.5411797016042771"/>
            <fprob>0.0</fprob>
        </actor>
        <actor name="D0N1">
            <wcet number="0">10</wcet>
            <wcet number="1">10</wcet>
            <maxpow number="0.3643183940536819"/>
            <maxpow number="0.3643183940536819"/>
            <fprob>0.0</fprob>
        </actor>
        <actor name="D0N14">
            <wcet number="0">10</wcet>
            <wcet number="1">100</wcet>
            <maxpow number="0.42365347639139944"/>
            <maxpow number="0.42365347639139944"/>
            <fprob>0.0</fprob>
        </actor>
        <actor name="D0N40">
            <wcet number="0">10</wcet>
            <wcet number="1">10</wcet>
            <maxpow number="0.763396219894545"/>
            <maxpow number="0.763396219894545"/>
            <fprob>0.0</fprob>
        </actor>
        <actor name="D0N13">
            <wcet number="0">10</wcet>
            <wcet number="1">10</wcet>
            <maxpow number="0.2758560288206335"/>
            <maxpow number="0.2758560288206335"/>
            <fprob>0.0</fprob>
        </actor>
        <actor name="D0N28">
            <wcet number="0">10</wcet>
            <wcet number="1">20</wcet>
            <maxpow number="0.624402644134153"/>
            <maxpow number="0.624402644134153"/>
            <fprob>0.0</fprob>
        </actor>
        <actor name="D0N5">
            <wcet number="0">40</wcet>
            <wcet number="1">100</wcet>
            <maxpow number="0.6079572359147613"/>
            <maxpow number="0.6079572359147613"/>
            <fprob>0.0</fprob>
        </actor>
        <actor name="D0N44">
            <wcet number="0">30</wcet>
            <wcet number="1">60</wcet>
            <maxpow number="0.372017040295045"/>
            <maxpow number="0.372017040295045"/>
            <fprob>0.0</fprob>
        </actor>
        <actor name="D0N17">
            <wcet number="0">10</wcet>
            <wcet number="1">10</wcet>
            <maxpow number="0.37944983369231344"/>
            <maxpow number="0.37944983369231344"/>
            <fprob>0.0</fprob>
        </actor>
        <actor name="D0N11">
            <wcet number="0">50</wcet>
            <wcet number="1">190</wcet>
            <maxpow number="0.26230386830353813"/>
            <maxpow number="0.26230386830353813"/>
            <fprob>0.0</fprob>
        </actor>
        <actor name="D0N48">
            <wcet number="0">70</wcet>
            <wcet number="1">240</wcet>
            <maxpow number="0.5089485842078242"/>
            <maxpow number="0.5089485842078242"/>
            <fprob>0.0</fprob>
        </actor>
        <actor name="D0N42">
            <wcet number="0">20</wcet>
            <wcet number="1">40</wcet>
            <maxpow number="0.6152719289468881"/>
            <maxpow number="0.6152719289468881"/>
            <fprob>0.0</fprob>
        </actor>
        <actor name="D0N24">
            <wcet number="0">90</wcet>
            <wcet number="1">110</wcet>
            <maxpow number="0.58592215137777"/>
            <maxpow number="0.58592215137777"/>
            <fprob>0.0</fprob>
        </actor>
        <actor name="D0N6">
            <wcet number="0">60</wcet>
            <wcet number="1">60</wcet>
            <maxpow number="0.5076252070932455"/>
            <maxpow number="0.5076252070932455"/>
            <fprob>0.0</fprob>
        </actor>
        <actor name="D0N22">
            <wcet number="0">180</wcet>
            <wcet number="1">180</wcet>
            <maxpow number="0.9006221131536425"/>
            <maxpow number="0.9006221131536425"/>
            <fprob>0.0</fprob>
        </actor>
        <actor name="D0N41">
            <wcet number="0">10</wcet>
            <wcet number="1">20</wcet>
            <maxpow number="0.5431418824423105"/>
            <maxpow number="0.5431418824423105"/>
            <fprob>0.0</fprob>
        </actor>
        <actor name="D0N33">
            <wcet number="0">70</wcet>
            <wcet number="1">130</wcet>
            <maxpow number="0.38455177390376266"/>
            <maxpow number="0.38455177390376266"/>
            <fprob>0.0</fprob>
        </actor>
        <actor name="D0N36">
            <wcet number="0">60</wcet>
            <wcet number="1">100</wcet>
            <maxpow number="0.4681347851881466"/>
            <maxpow number="0.4681347851881466"/>
            <fprob>0.0</fprob>
        </actor>
        <actor name="D0N49">
            <wcet number="0">380</wcet>
            <wcet number="1">520</wcet>
            <maxpow number="0.3883513168286018"/>
            <maxpow number="0.3883513168286018"/>
            <fprob>0.0</fprob>
        </actor>
        <actor name="D0N25">
            <wcet number="0">160</wcet>
            <wcet number="1">180</wcet>
            <maxpow number="0.4992646320229363"/>
            <maxpow number="0.4992646320229363"/>
            <fprob>0.0</fprob>
        </actor>
        <actor name="D0N45">
            <wcet number="0">90</wcet>
            <wcet number="1">250</wcet>
            <maxpow number="0.5205850252709122"/>
            <maxpow number="0.5205850252709122"/>
            <fprob>0.0</fprob>
        </actor>
        <actor name="D0N4">
            <wcet number="0">10</wcet>
            <wcet number="1">20</wcet>
            <maxpow number="0.459794525505524"/>
            <maxpow number="0.459794525505524"/>
            <fprob>0.0</fprob>
        </actor>
        <actor name="D0N43">
            <wcet number="0">30</wcet>
            <wcet number="1">170</wcet>
            <maxpow number="0.4109576508515764"/>
            <maxpow number="0.4109576508515764"/>
            <fprob>0.0</fprob>
        </actor>
        <actor name="D0N38">
            <wcet number="0">20</wcet>
            <wcet number="1">20</wcet>
            <maxpow number="0.5877448252169949"/>
            <maxpow number="0.5877448252169949"/>
            <fprob>0.0</fprob>
        </actor>
        <actor name="D0N9">
            <wcet number="0">60</wcet>
            <wcet number="1">90</wcet>
            <maxpow number="0.5678066652629186"/>
            <maxpow number="0.5678066652629186"/>
            <fprob>0.0</fprob>
        </actor>
        <actor name="D0N31">
            <wcet number="0">60</wcet>
            <wcet number="1">110</wcet>
            <maxpow number="0.6477941936279847"/>
            <maxpow number="0.6477941936279847"/>
            <fprob>0.0</fprob>
        </actor>
        <actor name="D0N10">
            <wcet number="0">80</wcet>
            <wcet number="1">140</wcet>
            <maxpow number="0.669130319884326"/>
            <maxpow number="0.669130319884326"/>
            <fprob>0.0</fprob>
        </actor>
        <actor name="D0N32">
            <wcet number="0">20</wcet>
            <wcet number="1">30</wcet>
            <maxpow number="0.8430360045983867"/>
            <maxpow number="0.8430360045983867"/>
            <fprob>0.0</fprob>
        </actor>
        <actor name="D0N27">
            <wcet number="0">70</wcet>
            <wcet number="1">120</wcet>
            <maxpow number="0.547025437602723"/>
            <maxpow number="0.547025437602723"/>
            <fprob>0.0</fprob>
        </actor>
        <actor name="D0N8">
            <wcet number="0">50</wcet>
            <wcet number="1">120</wcet>
            <maxpow number="0.6817409536525451"/>
            <maxpow number="0.6817409536525451"/>
            <fprob>0.0</fprob>
        </actor>
        <actor name="D0N39">
            <wcet number="0">70</wcet>
            <wcet number="1">430</wcet>
            <maxpow number="0.40862321901056353"/>
            <maxpow number="0.40862321901056353"/>
            <fprob>0.0</fprob>
        </actor>
        <actor name="D0N12">
            <wcet number="0">10</wcet>
            <wcet number="1">10</wcet>
            <maxpow number="0.624919635518332"/>
            <maxpow number="0.624919635518332"/>
            <fprob>0.0</fprob>
        </actor>
        <actor name="D0N37">
            <wcet number="0">20</wcet>
            <wcet number="1">100</wcet>
            <maxpow number="0.5372512977861581"/>
            <maxpow number="0.5372512977861581"/>
            <fprob>0.0</fprob>
        </actor>
        <actor name="D0N21">
            <wcet number="0">30</wcet>
            <wcet number="1">80</wcet>
            <maxpow number="0.49590212442177883"/>
            <maxpow number="0.49590212442177883"/>
            <fprob>0.0</fprob>
        </actor>
        <actor name="D0N35">
            <wcet number="0">40</wcet>
            <wcet number="1">80</wcet>
            <maxpow number="0.4829461766914834"/>
            <maxpow number="0.4829461766914834"/>
            <fprob>0.0</fprob>
        </actor>
        <actor name="D0N23">
            <wcet number="0">80</wcet>
            <wcet number="1">160</wcet>
            <maxpow number="0.6262790076220986"/>
            <maxpow number="0.6262790076220986"/>
            <fprob>0.0</fprob>
        </actor>
        <actor name="D0N15">
            <wcet number="0">90</wcet>
            <wcet number="1">180</wcet>
            <maxpow number="0.200870132425921"/>
            <maxpow number="0.200870132425921"/>
            <fprob>0.0</fprob>
        </actor>
        <actor name="D0N0">
            <wcet number="0">170</wcet>
            <wcet number="1">220</wcet>
            <maxpow number="0.5065611805342917"/>
            <maxpow number="0.5065611805342917"/>
            <fprob>0.0</fprob>
        </actor>
        <actor name="D0N26">
            <wcet number="0">10</wcet>
            <wcet number="1">10</wcet>
            <maxpow number="0.7746449499996275"/>
            <maxpow number="0.7746449499996275"/>
            <fprob>0.0</fprob>
        </actor>
        <actor name="D0N18">
            <wcet number="0">1040</wcet>
            <wcet number="1">1290</wcet>
            <maxpow number="0.7408743135003322"/>
            <maxpow number="0.7408743135003322"/>
            <fprob>0.0</fprob>
        </actor>
        <actor name="D0N19">
            <wcet number="0">50</wcet>
            <wcet number="1">100</wcet>
            <maxpow number="0.6359667478829851"/>
            <maxpow number="0.6359667478829851"/>
            <fprob>0.0</fprob>
        </actor>
        <actor name="D0N29">
            <wcet number="0">970</wcet>
            <wcet number="1">1010</wcet>
            <maxpow number="0.3092928962504883"/>
            <maxpow number="0.3092928962504883"/>
            <fprob>0.0</fprob>
        </actor>
        <actor name="D0N2">
            <wcet number="0">50</wcet>
            <wcet number="1">140</wcet>
            <maxpow number="0.4065622823285532"/>
            <maxpow number="0.4065622823285532"/>
            <fprob>0.0</fprob>
        </actor>
        <actor name="D0N20">
            <wcet number="0">50</wcet>
            <wcet number="1">50</wcet>
            <maxpow number="0.40566670630263835"/>
            <maxpow number="0.40566670630263835"/>
            <fprob>0.0</fprob>
        </actor>
        <actor name="D0N16">
            <wcet number="0">80</wcet>
            <wcet number="1">90</wcet>
            <maxpow number="0.6073413522510384"/>
            <maxpow number="0.6073413522510384"/>
            <fprob>0.0</fprob>
        </actor>
        <actor name="D0N47">
            <wcet number="0">80</wcet>
            <wcet number="1">170</wcet>
            <maxpow number="0.6677007019803379"/>
            <maxpow number="0.6677007019803379"/>
            <fprob>0.0</fprob>
        </actor>
        <ports>
            <port dstActor="D0N6" name="p0" srcActor="D0N3"/>
            <port dstActor="D0N28" name="p1" srcActor="D0N3"/>
            <port dstActor="D0N31" name="p2" srcActor="D0N3"/>
            <port dstActor="D0N12" name="p3" srcActor="D0N3"/>
            <port dstActor="D0N45" name="p4" srcActor="D0N7"/>
            <port dstActor="D0N21" name="p5" srcActor="D0N7"/>
            <port dstActor="D0N13" name="p6" srcActor="D0N7"/>
            <port dstActor="D0N33" name="p7" srcActor="D0N30"/>
            <port dstActor="D0N25" name="p8" srcActor="D0N14"/>
            <port dstActor="D0N15" name="p9" srcActor="D0N14"/>
            <port dstActor="D0N26" name="p10" srcActor="D0N14"/>
            <port dstActor="D0N30" name="p11" srcActor="D0N14"/>
            <port dstActor="D0N46" name="p12" srcActor="D0N40"/>
            <port dstActor="D0N30" name="p13" srcActor="D0N13"/>
            <port dstActor="D0N22" name="p14" srcActor="D0N13"/>
            <port dstActor="D0N46" name="p15" srcActor="D0N13"/>
            <port dstActor="D0N31" name="p16" srcActor="D0N28"/>
            <port dstActor="D0N48" name="p17" srcActor="D0N28"/>
            <port dstActor="D0N39" name="p18" srcActor="D0N5"/>
            <port dstActor="D0N18" name="p19" srcActor="D0N5"/>
            <port dstActor="D0N31" name="p20" srcActor="D0N17"/>
            <port dstActor="D0N24" name="p21" srcActor="D0N17"/>
            <port dstActor="D0N43" name="p22" srcActor="D0N17"/>
            <port dstActor="D0N41" name="p23" srcActor="D0N17"/>
            <port dstActor="D0N42" name="p24" srcActor="D0N17"/>
            <port dstActor="D0N32" name="p25" srcActor="D0N17"/>
            <port dstActor="D0N42" name="p26" srcActor="D0N11"/>
            <port dstActor="D0N31" name="p27" srcActor="D0N11"/>
            <port dstActor="D0N44" name="p28" srcActor="D0N42"/>
            <port dstActor="D0N48" name="p29" srcActor="D0N42"/>
            <port dstActor="D0N49" name="p30" srcActor="D0N42"/>
            <port dstActor="D0N27" name="p31" srcActor="D0N24"/>
            <port dstActor="D0N43" name="p32" srcActor="D0N24"/>
            <port dstActor="D0N46" name="p33" srcActor="D0N24"/>
            <port dstActor="D0N39" name="p34" srcActor="D0N24"/>
            <port dstActor="D0N29" name="p35" srcActor="D0N24"/>
            <port dstActor="D0N15" name="p36" srcActor="D0N6"/>
            <port dstActor="D0N36" name="p37" srcActor="D0N6"/>
            <port dstActor="D0N39" name="p38" srcActor="D0N6"/>
            <port dstActor="D0N16" name="p39" srcActor="D0N6"/>
            <port dstActor="D0N26" name="p40" srcActor="D0N22"/>
            <port dstActor="D0N23" name="p41" srcActor="D0N22"/>
            <port dstActor="D0N47" name="p42" srcActor="D0N33"/>
            <port dstActor="D0N46" name="p43" srcActor="D0N33"/>
            <port dstActor="D0N38" name="p44" srcActor="D0N36"/>
            <port dstActor="D0N46" name="p45" srcActor="D0N36"/>
            <port dstActor="D0N37" name="p46" srcActor="D0N36"/>
            <port dstActor="D0N41" name="p47" srcActor="D0N36"/>
            <port dstActor="D0N33" name="p48" srcActor="D0N25"/>
            <port dstActor="D0N36" name="p49" srcActor="D0N25"/>
            <port dstActor="D0N46" name="p50" srcActor="D0N25"/>
            <port dstActor="D0N28" name="p51" srcActor="D0N4"/>
            <port dstActor="D0N12" name="p52" srcActor="D0N4"/>
            <port dstActor="D0N21" name="p53" srcActor="D0N4"/>
            <port dstActor="D0N42" name="p54" srcActor="D0N38"/>
            <port dstActor="D0N42" name="p55" srcActor="D0N9"/>
            <port dstActor="D0N30" name="p56" srcActor="D0N9"/>
            <port dstActor="D0N35" name="p57" srcActor="D0N9"/>
            <port dstActor="D0N37" name="p58" srcActor="D0N9"/>
            <port dstActor="D0N45" name="p59" srcActor="D0N9"/>
            <port dstActor="D0N40" name="p60" srcActor="D0N9"/>
            <port dstActor="D0N45" name="p61" srcActor="D0N31"/>
            <port dstActor="D0N43" name="p62" srcActor="D0N10"/>
            <port dstActor="D0N48" name="p63" srcActor="D0N10"/>
            <port dstActor="D0N47" name="p64" srcActor="D0N10"/>
            <port dstActor="D0N46" name="p65" srcActor="D0N10"/>
            <port dstActor="D0N35" name="p66" srcActor="D0N27"/>
            <port dstActor="D0N43" name="p67" srcActor="D0N27"/>
            <port dstActor="D0N32" name="p68" srcActor="D0N8"/>
            <port dstActor="D0N29" name="p69" srcActor="D0N8"/>
            <port dstActor="D0N47" name="p70" srcActor="D0N39"/>
            <port dstActor="D0N42" name="p71" srcActor="D0N39"/>
            <port dstActor="D0N18" name="p72" srcActor="D0N12"/>
            <port dstActor="D0N37" name="p73" srcActor="D0N12"/>
            <port dstActor="D0N33" name="p74" srcActor="D0N12"/>
            <port dstActor="D0N30" name="p75" srcActor="D0N12"/>
            <port dstActor="D0N24" name="p76" srcActor="D0N21"/>
            <port dstActor="D0N47" name="p77" srcActor="D0N21"/>
            <port dstActor="D0N45" name="p78" srcActor="D0N21"/>
            <port dstActor="D0N49" name="p79" srcActor="D0N35"/>
            <port dstActor="D0N46" name="p80" srcActor="D0N35"/>
            <port dstActor="D0N38" name="p81" srcActor="D0N35"/>
            <port dstActor="D0N35" name="p82" srcActor="D0N23"/>
            <port dstActor="D0N47" name="p83" srcActor="D0N23"/>
            <port dstActor="D0N12" name="p84" srcActor="D0N0"/>
            <port dstActor="D0N49" name="p85" srcActor="D0N0"/>
            <port dstActor="D0N5" name="p86" srcActor="D0N0"/>
            <port dstActor="D0N34" name="p87" srcActor="D0N0"/>
            <port dstActor="D0N30" name="p88" srcActor="D0N0"/>
            <port dstActor="D0N31" name="p89" srcActor="D0N26"/>
            <port dstActor="D0N47" name="p90" srcActor="D0N26"/>
            <port dstActor="D0N36" name="p91" srcActor="D0N26"/>
            <port dstActor="D0N32" name="p92" srcActor="D0N18"/>
            <port dstActor="D0N27" name="p93" srcActor="D0N18"/>
            <port dstActor="D0N24" name="p94" srcActor="D0N18"/>
            <port dstActor="D0N26" name="p95" srcActor="D0N18"/>
            <port dstActor="D0N49" name="p96" srcActor="D0N29"/>
            <port dstActor="D0N32" name="p97" srcActor="D0N2"/>
            <port dstActor="D0N10" name="p98" srcActor="D0N2"/>
            <port dstActor="D0N48" name="p99" srcActor="D0N2"/>
            <port dstActor="D0N13" name="p100" srcActor="D0N2"/>
            <port dstActor="D0N42" name="p101" srcActor="D0N2"/>
            <port dstActor="D0N43" name="p102" srcActor="D0N2"/>
            <port dstActor="D0N40" name="p103" srcActor="D0N16"/>
            <port dstActor="D0N23" name="p104" srcActor="D0N16"/>
            <port dstActor="D0N28" name="p105" srcActor="D0N16"/>
            <port dstActor="D0N30" name="p106" srcActor="D0N16"/>
            <port dstActor="D0N36" name="p107" srcActor="D0N16"/>
            <port dstActor="D0N49" name="p108" srcActor="D0N16"/>
        </ports>
    </mcdag>
    <cores number="3"/>
    <levels number="2"/>
</mcsystem>
