<?xml version="1.0" encoding="UTF-8" standalone="no"?>
<mcsystem>
    <mcdag deadline="1800" name="genned-0-ed-10.0-0">
        <actor name="D0N26">
            <wcet number="0">30</wcet>
            <wcet number="1">30</wcet>
            <maxpow number="0.2890989030194104"/>
            <maxpow number="0.2890989030194104"/>
            <fprob>0.0</fprob>
        </actor>
        <actor name="D0N35">
            <wcet number="0">20</wcet>
            <wcet number="1">20</wcet>
            <maxpow number="0.5671356476144942"/>
            <maxpow number="0.5671356476144942"/>
            <fprob>0.0</fprob>
        </actor>
        <actor name="D0N39">
            <wcet number="0">60</wcet>
            <wcet number="1">160</wcet>
            <maxpow number="0.2887525999173123"/>
            <maxpow number="0.2887525999173123"/>
            <fprob>0.0</fprob>
        </actor>
        <actor name="D0N18">
            <wcet number="0">10</wcet>
            <wcet number="1">50</wcet>
            <maxpow number="0.4599885045749147"/>
            <maxpow number="0.4599885045749147"/>
            <fprob>0.0</fprob>
        </actor>
        <actor name="D0N8">
            <wcet number="0">30</wcet>
            <wcet number="1">30</wcet>
            <maxpow number="0.4883408156630167"/>
            <maxpow number="0.4883408156630167"/>
            <fprob>0.0</fprob>
        </actor>
        <actor name="D0N30">
            <wcet number="0">30</wcet>
            <wcet number="1">50</wcet>
            <maxpow number="0.5603936535535006"/>
            <maxpow number="0.5603936535535006"/>
            <fprob>0.0</fprob>
        </actor>
        <actor name="D0N34">
            <wcet number="0">100</wcet>
            <wcet number="1">150</wcet>
            <maxpow number="0.4799396702804768"/>
            <maxpow number="0.4799396702804768"/>
            <fprob>0.0</fprob>
        </actor>
        <actor name="D0N13">
            <wcet number="0">80</wcet>
            <wcet number="1">150</wcet>
            <maxpow number="0.3490694795153225"/>
            <maxpow number="0.3490694795153225"/>
            <fprob>0.0</fprob>
        </actor>
        <actor name="D0N38">
            <wcet number="0">10</wcet>
            <wcet number="1">10</wcet>
            <maxpow number="0.7563261120171073"/>
            <maxpow number="0.7563261120171073"/>
            <fprob>0.0</fprob>
        </actor>
        <actor name="D0N0">
            <wcet number="0">220</wcet>
            <wcet number="1">280</wcet>
            <maxpow number="0.4998590208328526"/>
            <maxpow number="0.4998590208328526"/>
            <fprob>0.0</fprob>
        </actor>
        <actor name="D0N6">
            <wcet number="0">10</wcet>
            <wcet number="1">20</wcet>
            <maxpow number="0.46684733473867374"/>
            <maxpow number="0.46684733473867374"/>
            <fprob>0.0</fprob>
        </actor>
        <actor name="D0N28">
            <wcet number="0">10</wcet>
            <wcet number="1">10</wcet>
            <maxpow number="0.4911124611556189"/>
            <maxpow number="0.4911124611556189"/>
            <fprob>0.0</fprob>
        </actor>
        <actor name="D0N23">
            <wcet number="0">30</wcet>
            <wcet number="1">40</wcet>
            <maxpow number="0.37764021907520917"/>
            <maxpow number="0.37764021907520917"/>
            <fprob>0.0</fprob>
        </actor>
        <actor name="D0N2">
            <wcet number="0">120</wcet>
            <wcet number="1">120</wcet>
            <maxpow number="0.7548903932971986"/>
            <maxpow number="0.7548903932971986"/>
            <fprob>0.0</fprob>
        </actor>
        <actor name="D0N4">
            <wcet number="0">10</wcet>
            <wcet number="1">90</wcet>
            <maxpow number="0.6047867315480141"/>
            <maxpow number="0.6047867315480141"/>
            <fprob>0.0</fprob>
        </actor>
        <actor name="D0N33">
            <wcet number="0">60</wcet>
            <wcet number="1">70</wcet>
            <maxpow number="0.5662891369521822"/>
            <maxpow number="0.5662891369521822"/>
            <fprob>0.0</fprob>
        </actor>
        <actor name="D0N41">
            <wcet number="0">10</wcet>
            <wcet number="1">10</wcet>
            <maxpow number="0.6971244834779322"/>
            <maxpow number="0.6971244834779322"/>
            <fprob>0.0</fprob>
        </actor>
        <actor name="D0N21">
            <wcet number="0">20</wcet>
            <wcet number="1">40</wcet>
            <maxpow number="0.3061973757780906"/>
            <maxpow number="0.3061973757780906"/>
            <fprob>0.0</fprob>
        </actor>
        <actor name="D0N44">
            <wcet number="0">30</wcet>
            <wcet number="1">60</wcet>
            <maxpow number="0.2402646938904262"/>
            <maxpow number="0.2402646938904262"/>
            <fprob>0.0</fprob>
        </actor>
        <actor name="D0N16">
            <wcet number="0">50</wcet>
            <wcet number="1">60</wcet>
            <maxpow number="0.5339628590816687"/>
            <maxpow number="0.5339628590816687"/>
            <fprob>0.0</fprob>
        </actor>
        <actor name="D0N22">
            <wcet number="0">20</wcet>
            <wcet number="1">30</wcet>
            <maxpow number="0.5357018219081584"/>
            <maxpow number="0.5357018219081584"/>
            <fprob>0.0</fprob>
        </actor>
        <actor name="D0N17">
            <wcet number="0">30</wcet>
            <wcet number="1">210</wcet>
            <maxpow number="0.19237358894540024"/>
            <maxpow number="0.19237358894540024"/>
            <fprob>0.0</fprob>
        </actor>
        <actor name="D0N10">
            <wcet number="0">130</wcet>
            <wcet number="1">140</wcet>
            <maxpow number="0.33515112237179134"/>
            <maxpow number="0.33515112237179134"/>
            <fprob>0.0</fprob>
        </actor>
        <actor name="D0N14">
            <wcet number="0">30</wcet>
            <wcet number="1">40</wcet>
            <maxpow number="0.24872819555741338"/>
            <maxpow number="0.24872819555741338"/>
            <fprob>0.0</fprob>
        </actor>
        <actor name="D0N19">
            <wcet number="0">220</wcet>
            <wcet number="1">230</wcet>
            <maxpow number="0.5213961365720453"/>
            <maxpow number="0.5213961365720453"/>
            <fprob>0.0</fprob>
        </actor>
        <actor name="D0N29">
            <wcet number="0">10</wcet>
            <wcet number="1">30</wcet>
            <maxpow number="0.3277982106428494"/>
            <maxpow number="0.3277982106428494"/>
            <fprob>0.0</fprob>
        </actor>
        <actor name="D0N3">
            <wcet number="0">20</wcet>
            <wcet number="1">30</wcet>
            <maxpow number="0.46872778291921546"/>
            <maxpow number="0.46872778291921546"/>
            <fprob>0.0</fprob>
        </actor>
        <actor name="D0N12">
            <wcet number="0">90</wcet>
            <wcet number="1">160</wcet>
            <maxpow number="0.6947499672785871"/>
            <maxpow number="0.6947499672785871"/>
            <fprob>0.0</fprob>
        </actor>
        <actor name="D0N32">
            <wcet number="0">70</wcet>
            <wcet number="1">110</wcet>
            <maxpow number="0.645887088668397"/>
            <maxpow number="0.645887088668397"/>
            <fprob>0.0</fprob>
        </actor>
        <actor name="D0N1">
            <wcet number="0">160</wcet>
            <wcet number="1">210</wcet>
            <maxpow number="0.4372853334606111"/>
            <maxpow number="0.4372853334606111"/>
            <fprob>0.0</fprob>
        </actor>
        <actor name="D0N45">
            <wcet number="0">20</wcet>
            <wcet number="1">20</wcet>
            <maxpow number="0.5438946655209604"/>
            <maxpow number="0.5438946655209604"/>
            <fprob>0.0</fprob>
        </actor>
        <actor name="D0N46">
            <wcet number="0">10</wcet>
            <wcet number="1">70</wcet>
            <maxpow number="0.5750644954434655"/>
            <maxpow number="0.5750644954434655"/>
            <fprob>0.0</fprob>
        </actor>
        <actor name="D0N15">
            <wcet number="0">20</wcet>
            <wcet number="1">20</wcet>
            <maxpow number="0.5628829523496948"/>
            <maxpow number="0.5628829523496948"/>
            <fprob>0.0</fprob>
        </actor>
        <actor name="D0N31">
            <wcet number="0">10</wcet>
            <wcet number="1">50</wcet>
            <maxpow number="0.4967434100531392"/>
            <maxpow number="0.4967434100531392"/>
            <fprob>0.0</fprob>
        </actor>
        <actor name="D0N20">
            <wcet number="0">20</wcet>
            <wcet number="1">20</wcet>
            <maxpow number="0.5148027228358157"/>
            <maxpow number="0.5148027228358157"/>
            <fprob>0.0</fprob>
        </actor>
        <actor name="D0N42">
            <wcet number="0">10</wcet>
            <wcet number="1">60</wcet>
            <maxpow number="0.4462841104211423"/>
            <maxpow number="0.4462841104211423"/>
            <fprob>0.0</fprob>
        </actor>
        <actor name="D0N5">
            <wcet number="0">40</wcet>
            <wcet number="1">90</wcet>
            <maxpow number="0.3941532418324435"/>
            <maxpow number="0.3941532418324435"/>
            <fprob>0.0</fprob>
        </actor>
        <actor name="D0N24">
            <wcet number="0">10</wcet>
            <wcet number="1">80</wcet>
            <maxpow number="0.5622066243240108"/>
            <maxpow number="0.5622066243240108"/>
            <fprob>0.0</fprob>
        </actor>
        <actor name="D0N7">
            <wcet number="0">20</wcet>
            <wcet number="1">30</wcet>
            <maxpow number="0.7120746075415786"/>
            <maxpow number="0.7120746075415786"/>
            <fprob>0.0</fprob>
        </actor>
        <actor name="D0N37">
            <wcet number="0">10</wcet>
            <wcet number="1">10</wcet>
            <maxpow number="0.24541464222393183"/>
            <maxpow number="0.24541464222393183"/>
            <fprob>0.0</fprob>
        </actor>
        <actor name="D0N27">
            <wcet number="0">10</wcet>
            <wcet number="1">60</wcet>
            <maxpow number="0.5063052412875199"/>
            <maxpow number="0.5063052412875199"/>
            <fprob>0.0</fprob>
        </actor>
        <actor name="D0N11">
            <wcet number="0">10</wcet>
            <wcet number="1">50</wcet>
            <maxpow number="0.3621392950743472"/>
            <maxpow number="0.3621392950743472"/>
            <fprob>0.0</fprob>
        </actor>
        <actor name="D0N25">
            <wcet number="0">30</wcet>
            <wcet number="1">70</wcet>
            <maxpow number="0.699154103093138"/>
            <maxpow number="0.699154103093138"/>
            <fprob>0.0</fprob>
        </actor>
        <actor name="D0N43">
            <wcet number="0">110</wcet>
            <wcet number="1">160</wcet>
            <maxpow number="0.6731200236063188"/>
            <maxpow number="0.6731200236063188"/>
            <fprob>0.0</fprob>
        </actor>
        <actor name="D0N40">
            <wcet number="0">10</wcet>
            <wcet number="1">30</wcet>
            <maxpow number="0.7064417070247044"/>
            <maxpow number="0.7064417070247044"/>
            <fprob>0.0</fprob>
        </actor>
        <actor name="D0N9">
            <wcet number="0">100</wcet>
            <wcet number="1">230</wcet>
            <maxpow number="0.60679224279389"/>
            <maxpow number="0.60679224279389"/>
            <fprob>0.0</fprob>
        </actor>
        <actor name="D0N36">
            <wcet number="0">70</wcet>
            <wcet number="1">90</wcet>
            <maxpow number="0.7401600937632707"/>
            <maxpow number="0.7401600937632707"/>
            <fprob>0.0</fprob>
        </actor>
        <ports>
            <port dstActor="D0N30" name="p0" srcActor="D0N26"/>
            <port dstActor="D0N42" name="p1" srcActor="D0N26"/>
            <port dstActor="D0N39" name="p2" srcActor="D0N26"/>
            <port dstActor="D0N37" name="p3" srcActor="D0N35"/>
            <port dstActor="D0N45" name="p4" srcActor="D0N35"/>
            <port dstActor="D0N41" name="p5" srcActor="D0N39"/>
            <port dstActor="D0N27" name="p6" srcActor="D0N18"/>
            <port dstActor="D0N19" name="p7" srcActor="D0N18"/>
            <port dstActor="D0N26" name="p8" srcActor="D0N18"/>
            <port dstActor="D0N29" name="p9" srcActor="D0N8"/>
            <port dstActor="D0N11" name="p10" srcActor="D0N8"/>
            <port dstActor="D0N41" name="p11" srcActor="D0N30"/>
            <port dstActor="D0N34" name="p12" srcActor="D0N30"/>
            <port dstActor="D0N36" name="p13" srcActor="D0N34"/>
            <port dstActor="D0N44" name="p14" srcActor="D0N34"/>
            <port dstActor="D0N29" name="p15" srcActor="D0N13"/>
            <port dstActor="D0N32" name="p16" srcActor="D0N13"/>
            <port dstActor="D0N22" name="p17" srcActor="D0N13"/>
            <port dstActor="D0N14" name="p18" srcActor="D0N0"/>
            <port dstActor="D0N27" name="p19" srcActor="D0N0"/>
            <port dstActor="D0N25" name="p20" srcActor="D0N0"/>
            <port dstActor="D0N37" name="p21" srcActor="D0N0"/>
            <port dstActor="D0N36" name="p22" srcActor="D0N0"/>
            <port dstActor="D0N4" name="p23" srcActor="D0N0"/>
            <port dstActor="D0N10" name="p24" srcActor="D0N6"/>
            <port dstActor="D0N25" name="p25" srcActor="D0N6"/>
            <port dstActor="D0N44" name="p26" srcActor="D0N6"/>
            <port dstActor="D0N19" name="p27" srcActor="D0N6"/>
            <port dstActor="D0N34" name="p28" srcActor="D0N23"/>
            <port dstActor="D0N31" name="p29" srcActor="D0N23"/>
            <port dstActor="D0N44" name="p30" srcActor="D0N2"/>
            <port dstActor="D0N25" name="p31" srcActor="D0N2"/>
            <port dstActor="D0N18" name="p32" srcActor="D0N2"/>
            <port dstActor="D0N15" name="p33" srcActor="D0N4"/>
            <port dstActor="D0N35" name="p34" srcActor="D0N4"/>
            <port dstActor="D0N24" name="p35" srcActor="D0N4"/>
            <port dstActor="D0N11" name="p36" srcActor="D0N4"/>
            <port dstActor="D0N7" name="p37" srcActor="D0N4"/>
            <port dstActor="D0N41" name="p38" srcActor="D0N33"/>
            <port dstActor="D0N38" name="p39" srcActor="D0N33"/>
            <port dstActor="D0N46" name="p40" srcActor="D0N41"/>
            <port dstActor="D0N36" name="p41" srcActor="D0N21"/>
            <port dstActor="D0N42" name="p42" srcActor="D0N21"/>
            <port dstActor="D0N35" name="p43" srcActor="D0N16"/>
            <port dstActor="D0N45" name="p44" srcActor="D0N16"/>
            <port dstActor="D0N28" name="p45" srcActor="D0N22"/>
            <port dstActor="D0N39" name="p46" srcActor="D0N22"/>
            <port dstActor="D0N27" name="p47" srcActor="D0N22"/>
            <port dstActor="D0N36" name="p48" srcActor="D0N22"/>
            <port dstActor="D0N44" name="p49" srcActor="D0N22"/>
            <port dstActor="D0N25" name="p50" srcActor="D0N17"/>
            <port dstActor="D0N45" name="p51" srcActor="D0N17"/>
            <port dstActor="D0N30" name="p52" srcActor="D0N17"/>
            <port dstActor="D0N32" name="p53" srcActor="D0N17"/>
            <port dstActor="D0N44" name="p54" srcActor="D0N17"/>
            <port dstActor="D0N17" name="p55" srcActor="D0N10"/>
            <port dstActor="D0N30" name="p56" srcActor="D0N10"/>
            <port dstActor="D0N20" name="p57" srcActor="D0N10"/>
            <port dstActor="D0N29" name="p58" srcActor="D0N10"/>
            <port dstActor="D0N37" name="p59" srcActor="D0N10"/>
            <port dstActor="D0N41" name="p60" srcActor="D0N10"/>
            <port dstActor="D0N31" name="p61" srcActor="D0N14"/>
            <port dstActor="D0N38" name="p62" srcActor="D0N14"/>
            <port dstActor="D0N21" name="p63" srcActor="D0N19"/>
            <port dstActor="D0N37" name="p64" srcActor="D0N19"/>
            <port dstActor="D0N16" name="p65" srcActor="D0N3"/>
            <port dstActor="D0N34" name="p66" srcActor="D0N3"/>
            <port dstActor="D0N28" name="p67" srcActor="D0N3"/>
            <port dstActor="D0N13" name="p68" srcActor="D0N3"/>
            <port dstActor="D0N40" name="p69" srcActor="D0N3"/>
            <port dstActor="D0N21" name="p70" srcActor="D0N12"/>
            <port dstActor="D0N32" name="p71" srcActor="D0N12"/>
            <port dstActor="D0N33" name="p72" srcActor="D0N12"/>
            <port dstActor="D0N15" name="p73" srcActor="D0N12"/>
            <port dstActor="D0N34" name="p74" srcActor="D0N12"/>
            <port dstActor="D0N43" name="p75" srcActor="D0N32"/>
            <port dstActor="D0N46" name="p76" srcActor="D0N1"/>
            <port dstActor="D0N16" name="p77" srcActor="D0N15"/>
            <port dstActor="D0N19" name="p78" srcActor="D0N15"/>
            <port dstActor="D0N33" name="p79" srcActor="D0N31"/>
            <port dstActor="D0N39" name="p80" srcActor="D0N31"/>
            <port dstActor="D0N33" name="p81" srcActor="D0N20"/>
            <port dstActor="D0N36" name="p82" srcActor="D0N5"/>
            <port dstActor="D0N8" name="p83" srcActor="D0N5"/>
            <port dstActor="D0N44" name="p84" srcActor="D0N5"/>
            <port dstActor="D0N31" name="p85" srcActor="D0N5"/>
            <port dstActor="D0N34" name="p86" srcActor="D0N5"/>
            <port dstActor="D0N28" name="p87" srcActor="D0N24"/>
            <port dstActor="D0N42" name="p88" srcActor="D0N24"/>
            <port dstActor="D0N26" name="p89" srcActor="D0N24"/>
            <port dstActor="D0N33" name="p90" srcActor="D0N7"/>
            <port dstActor="D0N28" name="p91" srcActor="D0N7"/>
            <port dstActor="D0N46" name="p92" srcActor="D0N37"/>
            <port dstActor="D0N24" name="p93" srcActor="D0N11"/>
            <port dstActor="D0N25" name="p94" srcActor="D0N11"/>
            <port dstActor="D0N30" name="p95" srcActor="D0N11"/>
            <port dstActor="D0N37" name="p96" srcActor="D0N25"/>
            <port dstActor="D0N45" name="p97" srcActor="D0N25"/>
            <port dstActor="D0N30" name="p98" srcActor="D0N25"/>
            <port dstActor="D0N39" name="p99" srcActor="D0N25"/>
            <port dstActor="D0N41" name="p100" srcActor="D0N40"/>
            <port dstActor="D0N10" name="p101" srcActor="D0N9"/>
            <port dstActor="D0N15" name="p102" srcActor="D0N9"/>
            <port dstActor="D0N28" name="p103" srcActor="D0N9"/>
            <port dstActor="D0N14" name="p104" srcActor="D0N9"/>
            <port dstActor="D0N38" name="p105" srcActor="D0N36"/>
            <port dstActor="D0N41" name="p106" srcActor="D0N36"/>
        </ports>
    </mcdag>
    <cores number="3"/>
    <levels number="2"/>
</mcsystem>
