<?xml version="1.0" encoding="UTF-8" standalone="no"?>
<mcsystem>
    <mcdag deadline="4000" name="genned-0-ed-10.0-0">
        <actor name="D0N43">
            <wcet number="0">60</wcet>
            <wcet number="1">60</wcet>
            <maxpow number="0.6561737769082302"/>
            <maxpow number="0.6561737769082302"/>
            <fprob>0.0</fprob>
        </actor>
        <actor name="D0N44">
            <wcet number="0">130</wcet>
            <wcet number="1">230</wcet>
            <maxpow number="0.3916872921351613"/>
            <maxpow number="0.3916872921351613"/>
            <fprob>0.0</fprob>
        </actor>
        <actor name="D0N42">
            <wcet number="0">20</wcet>
            <wcet number="1">60</wcet>
            <maxpow number="0.18393640164249836"/>
            <maxpow number="0.18393640164249836"/>
            <fprob>0.0</fprob>
        </actor>
        <actor name="D0N15">
            <wcet number="0">20</wcet>
            <wcet number="1">70</wcet>
            <maxpow number="0.6253140266186937"/>
            <maxpow number="0.6253140266186937"/>
            <fprob>0.0</fprob>
        </actor>
        <actor name="D0N41">
            <wcet number="0">90</wcet>
            <wcet number="1">390</wcet>
            <maxpow number="0.6190944476592621"/>
            <maxpow number="0.6190944476592621"/>
            <fprob>0.0</fprob>
        </actor>
        <actor name="D0N48">
            <wcet number="0">60</wcet>
            <wcet number="1">70</wcet>
            <maxpow number="0.6061844844930435"/>
            <maxpow number="0.6061844844930435"/>
            <fprob>0.0</fprob>
        </actor>
        <actor name="D0N7">
            <wcet number="0">10</wcet>
            <wcet number="1">10</wcet>
            <maxpow number="0.5790249886817926"/>
            <maxpow number="0.5790249886817926"/>
            <fprob>0.0</fprob>
        </actor>
        <actor name="D0N21">
            <wcet number="0">70</wcet>
            <wcet number="1">80</wcet>
            <maxpow number="0.690698302310307"/>
            <maxpow number="0.690698302310307"/>
            <fprob>0.0</fprob>
        </actor>
        <actor name="D0N13">
            <wcet number="0">10</wcet>
            <wcet number="1">160</wcet>
            <maxpow number="0.388501937312085"/>
            <maxpow number="0.388501937312085"/>
            <fprob>0.0</fprob>
        </actor>
        <actor name="D0N17">
            <wcet number="0">20</wcet>
            <wcet number="1">60</wcet>
            <maxpow number="0.5423155516694962"/>
            <maxpow number="0.5423155516694962"/>
            <fprob>0.0</fprob>
        </actor>
        <actor name="D0N22">
            <wcet number="0">160</wcet>
            <wcet number="1">430</wcet>
            <maxpow number="0.35582111712208764"/>
            <maxpow number="0.35582111712208764"/>
            <fprob>0.0</fprob>
        </actor>
        <actor name="D0N29">
            <wcet number="0">110</wcet>
            <wcet number="1">110</wcet>
            <maxpow number="0.6258885289571673"/>
            <maxpow number="0.6258885289571673"/>
            <fprob>0.0</fprob>
        </actor>
        <actor name="D0N31">
            <wcet number="0">80</wcet>
            <wcet number="1">100</wcet>
            <maxpow number="0.3804236085849737"/>
            <maxpow number="0.3804236085849737"/>
            <fprob>0.0</fprob>
        </actor>
        <actor name="D0N3">
            <wcet number="0">10</wcet>
            <wcet number="1">10</wcet>
            <maxpow number="0.7342939845942715"/>
            <maxpow number="0.7342939845942715"/>
            <fprob>0.0</fprob>
        </actor>
        <actor name="D0N0">
            <wcet number="0">20</wcet>
            <wcet number="1">110</wcet>
            <maxpow number="0.4338455955793149"/>
            <maxpow number="0.4338455955793149"/>
            <fprob>0.0</fprob>
        </actor>
        <actor name="D0N47">
            <wcet number="0">170</wcet>
            <wcet number="1">180</wcet>
            <maxpow number="0.6577683842207818"/>
            <maxpow number="0.6577683842207818"/>
            <fprob>0.0</fprob>
        </actor>
        <actor name="D0N19">
            <wcet number="0">70</wcet>
            <wcet number="1">160</wcet>
            <maxpow number="0.6827830617061039"/>
            <maxpow number="0.6827830617061039"/>
            <fprob>0.0</fprob>
        </actor>
        <actor name="D0N6">
            <wcet number="0">10</wcet>
            <wcet number="1">30</wcet>
            <maxpow number="0.33174889992927814"/>
            <maxpow number="0.33174889992927814"/>
            <fprob>0.0</fprob>
        </actor>
        <actor name="D0N40">
            <wcet number="0">100</wcet>
            <wcet number="1">120</wcet>
            <maxpow number="0.682150533280214"/>
            <maxpow number="0.682150533280214"/>
            <fprob>0.0</fprob>
        </actor>
        <actor name="D0N32">
            <wcet number="0">60</wcet>
            <wcet number="1">60</wcet>
            <maxpow number="0.179105803656041"/>
            <maxpow number="0.179105803656041"/>
            <fprob>0.0</fprob>
        </actor>
        <actor name="D0N8">
            <wcet number="0">140</wcet>
            <wcet number="1">320</wcet>
            <maxpow number="0.27748577534406826"/>
            <maxpow number="0.27748577534406826"/>
            <fprob>0.0</fprob>
        </actor>
        <actor name="D0N11">
            <wcet number="0">200</wcet>
            <wcet number="1">280</wcet>
            <maxpow number="0.6628140651515159"/>
            <maxpow number="0.6628140651515159"/>
            <fprob>0.0</fprob>
        </actor>
        <actor name="D0N37">
            <wcet number="0">100</wcet>
            <wcet number="1">120</wcet>
            <maxpow number="0.4184127001713406"/>
            <maxpow number="0.4184127001713406"/>
            <fprob>0.0</fprob>
        </actor>
        <actor name="D0N30">
            <wcet number="0">100</wcet>
            <wcet number="1">210</wcet>
            <maxpow number="0.4048485315835158"/>
            <maxpow number="0.4048485315835158"/>
            <fprob>0.0</fprob>
        </actor>
        <actor name="D0N9">
            <wcet number="0">10</wcet>
            <wcet number="1">70</wcet>
            <maxpow number="0.5239062874312596"/>
            <maxpow number="0.5239062874312596"/>
            <fprob>0.0</fprob>
        </actor>
        <actor name="D0N24">
            <wcet number="0">90</wcet>
            <wcet number="1">480</wcet>
            <maxpow number="0.7188018127758958"/>
            <maxpow number="0.7188018127758958"/>
            <fprob>0.0</fprob>
        </actor>
        <actor name="D0N26">
            <wcet number="0">20</wcet>
            <wcet number="1">30</wcet>
            <maxpow number="0.3037479347387674"/>
            <maxpow number="0.3037479347387674"/>
            <fprob>0.0</fprob>
        </actor>
        <actor name="D0N34">
            <wcet number="0">90</wcet>
            <wcet number="1">410</wcet>
            <maxpow number="0.48850551297355294"/>
            <maxpow number="0.48850551297355294"/>
            <fprob>0.0</fprob>
        </actor>
        <actor name="D0N14">
            <wcet number="0">20</wcet>
            <wcet number="1">20</wcet>
            <maxpow number="0.43610705419455514"/>
            <maxpow number="0.43610705419455514"/>
            <fprob>0.0</fprob>
        </actor>
        <actor name="D0N12">
            <wcet number="0">140</wcet>
            <wcet number="1">230</wcet>
            <maxpow number="0.737164692970778"/>
            <maxpow number="0.737164692970778"/>
            <fprob>0.0</fprob>
        </actor>
        <actor name="D0N5">
            <wcet number="0">30</wcet>
            <wcet number="1">50</wcet>
            <maxpow number="0.5312429607614487"/>
            <maxpow number="0.5312429607614487"/>
            <fprob>0.0</fprob>
        </actor>
        <actor name="D0N23">
            <wcet number="0">40</wcet>
            <wcet number="1">100</wcet>
            <maxpow number="0.6750811058124349"/>
            <maxpow number="0.6750811058124349"/>
            <fprob>0.0</fprob>
        </actor>
        <actor name="D0N2">
            <wcet number="0">60</wcet>
            <wcet number="1">90</wcet>
            <maxpow number="0.7507805628493598"/>
            <maxpow number="0.7507805628493598"/>
            <fprob>0.0</fprob>
        </actor>
        <actor name="D0N10">
            <wcet number="0">10</wcet>
            <wcet number="1">40</wcet>
            <maxpow number="0.3344567982788147"/>
            <maxpow number="0.3344567982788147"/>
            <fprob>0.0</fprob>
        </actor>
        <actor name="D0N46">
            <wcet number="0">240</wcet>
            <wcet number="1">390</wcet>
            <maxpow number="0.5026922542379023"/>
            <maxpow number="0.5026922542379023"/>
            <fprob>0.0</fprob>
        </actor>
        <actor name="D0N25">
            <wcet number="0">80</wcet>
            <wcet number="1">100</wcet>
            <maxpow number="0.8435916785624296"/>
            <maxpow number="0.8435916785624296"/>
            <fprob>0.0</fprob>
        </actor>
        <actor name="D0N16">
            <wcet number="0">450</wcet>
            <wcet number="1">460</wcet>
            <maxpow number="0.5874496306011773"/>
            <maxpow number="0.5874496306011773"/>
            <fprob>0.0</fprob>
        </actor>
        <actor name="D0N1">
            <wcet number="0">10</wcet>
            <wcet number="1">190</wcet>
            <maxpow number="0.45728844013855"/>
            <maxpow number="0.45728844013855"/>
            <fprob>0.0</fprob>
        </actor>
        <actor name="D0N4">
            <wcet number="0">20</wcet>
            <wcet number="1">20</wcet>
            <maxpow number="0.8092863537145054"/>
            <maxpow number="0.8092863537145054"/>
            <fprob>0.0</fprob>
        </actor>
        <actor name="D0N35">
            <wcet number="0">120</wcet>
            <wcet number="1">120</wcet>
            <maxpow number="0.5874885649759827"/>
            <maxpow number="0.5874885649759827"/>
            <fprob>0.0</fprob>
        </actor>
        <actor name="D0N27">
            <wcet number="0">110</wcet>
            <wcet number="1">300</wcet>
            <maxpow number="0.5640913970297431"/>
            <maxpow number="0.5640913970297431"/>
            <fprob>0.0</fprob>
        </actor>
        <actor name="D0N28">
            <wcet number="0">10</wcet>
            <wcet number="1">10</wcet>
            <maxpow number="0.6489647757466998"/>
            <maxpow number="0.6489647757466998"/>
            <fprob>0.0</fprob>
        </actor>
        <actor name="D0N18">
            <wcet number="0">60</wcet>
            <wcet number="1">150</wcet>
            <maxpow number="0.4153054110795873"/>
            <maxpow number="0.4153054110795873"/>
            <fprob>0.0</fprob>
        </actor>
        <actor name="D0N20">
            <wcet number="0">250</wcet>
            <wcet number="1">260</wcet>
            <maxpow number="0.7734509116564354"/>
            <maxpow number="0.7734509116564354"/>
            <fprob>0.0</fprob>
        </actor>
        <actor name="D0N36">
            <wcet number="0">40</wcet>
            <wcet number="1">80</wcet>
            <maxpow number="0.5372332017845819"/>
            <maxpow number="0.5372332017845819"/>
            <fprob>0.0</fprob>
        </actor>
        <actor name="D0N39">
            <wcet number="0">490</wcet>
            <wcet number="1">500</wcet>
            <maxpow number="0.49264312673356586"/>
            <maxpow number="0.49264312673356586"/>
            <fprob>0.0</fprob>
        </actor>
        <actor name="D0N38">
            <wcet number="0">120</wcet>
            <wcet number="1">300</wcet>
            <maxpow number="0.8852169198164379"/>
            <maxpow number="0.8852169198164379"/>
            <fprob>0.0</fprob>
        </actor>
        <actor name="D0N45">
            <wcet number="0">30</wcet>
            <wcet number="1">90</wcet>
            <maxpow number="0.2738259451337319"/>
            <maxpow number="0.2738259451337319"/>
            <fprob>0.0</fprob>
        </actor>
        <actor name="D0N33">
            <wcet number="0">60</wcet>
            <wcet number="1">80</wcet>
            <maxpow number="0.7573314659730861"/>
            <maxpow number="0.7573314659730861"/>
            <fprob>0.0</fprob>
        </actor>
        <ports>
            <port dstActor="D0N44" name="p0" srcActor="D0N43"/>
            <port dstActor="D0N44" name="p1" srcActor="D0N42"/>
            <port dstActor="D0N43" name="p2" srcActor="D0N15"/>
            <port dstActor="D0N33" name="p3" srcActor="D0N15"/>
            <port dstActor="D0N36" name="p4" srcActor="D0N15"/>
            <port dstActor="D0N14" name="p5" srcActor="D0N7"/>
            <port dstActor="D0N39" name="p6" srcActor="D0N7"/>
            <port dstActor="D0N24" name="p7" srcActor="D0N7"/>
            <port dstActor="D0N9" name="p8" srcActor="D0N7"/>
            <port dstActor="D0N15" name="p9" srcActor="D0N7"/>
            <port dstActor="D0N8" name="p10" srcActor="D0N7"/>
            <port dstActor="D0N41" name="p11" srcActor="D0N7"/>
            <port dstActor="D0N30" name="p12" srcActor="D0N7"/>
            <port dstActor="D0N35" name="p13" srcActor="D0N21"/>
            <port dstActor="D0N28" name="p14" srcActor="D0N21"/>
            <port dstActor="D0N31" name="p15" srcActor="D0N21"/>
            <port dstActor="D0N45" name="p16" srcActor="D0N21"/>
            <port dstActor="D0N29" name="p17" srcActor="D0N21"/>
            <port dstActor="D0N32" name="p18" srcActor="D0N13"/>
            <port dstActor="D0N15" name="p19" srcActor="D0N13"/>
            <port dstActor="D0N14" name="p20" srcActor="D0N13"/>
            <port dstActor="D0N27" name="p21" srcActor="D0N13"/>
            <port dstActor="D0N33" name="p22" srcActor="D0N13"/>
            <port dstActor="D0N22" name="p23" srcActor="D0N13"/>
            <port dstActor="D0N28" name="p24" srcActor="D0N13"/>
            <port dstActor="D0N39" name="p25" srcActor="D0N13"/>
            <port dstActor="D0N30" name="p26" srcActor="D0N17"/>
            <port dstActor="D0N44" name="p27" srcActor="D0N17"/>
            <port dstActor="D0N19" name="p28" srcActor="D0N17"/>
            <port dstActor="D0N33" name="p29" srcActor="D0N22"/>
            <port dstActor="D0N45" name="p30" srcActor="D0N29"/>
            <port dstActor="D0N39" name="p31" srcActor="D0N29"/>
            <port dstActor="D0N40" name="p32" srcActor="D0N29"/>
            <port dstActor="D0N48" name="p33" srcActor="D0N31"/>
            <port dstActor="D0N28" name="p34" srcActor="D0N3"/>
            <port dstActor="D0N34" name="p35" srcActor="D0N3"/>
            <port dstActor="D0N41" name="p36" srcActor="D0N3"/>
            <port dstActor="D0N33" name="p37" srcActor="D0N3"/>
            <port dstActor="D0N45" name="p38" srcActor="D0N3"/>
            <port dstActor="D0N6" name="p39" srcActor="D0N0"/>
            <port dstActor="D0N9" name="p40" srcActor="D0N0"/>
            <port dstActor="D0N1" name="p41" srcActor="D0N0"/>
            <port dstActor="D0N20" name="p42" srcActor="D0N0"/>
            <port dstActor="D0N48" name="p43" srcActor="D0N47"/>
            <port dstActor="D0N23" name="p44" srcActor="D0N19"/>
            <port dstActor="D0N43" name="p45" srcActor="D0N19"/>
            <port dstActor="D0N43" name="p46" srcActor="D0N6"/>
            <port dstActor="D0N36" name="p47" srcActor="D0N6"/>
            <port dstActor="D0N28" name="p48" srcActor="D0N6"/>
            <port dstActor="D0N9" name="p49" srcActor="D0N6"/>
            <port dstActor="D0N12" name="p50" srcActor="D0N6"/>
            <port dstActor="D0N37" name="p51" srcActor="D0N6"/>
            <port dstActor="D0N48" name="p52" srcActor="D0N6"/>
            <port dstActor="D0N42" name="p53" srcActor="D0N40"/>
            <port dstActor="D0N34" name="p54" srcActor="D0N32"/>
            <port dstActor="D0N37" name="p55" srcActor="D0N8"/>
            <port dstActor="D0N9" name="p56" srcActor="D0N8"/>
            <port dstActor="D0N44" name="p57" srcActor="D0N8"/>
            <port dstActor="D0N23" name="p58" srcActor="D0N11"/>
            <port dstActor="D0N31" name="p59" srcActor="D0N11"/>
            <port dstActor="D0N28" name="p60" srcActor="D0N11"/>
            <port dstActor="D0N24" name="p61" srcActor="D0N11"/>
            <port dstActor="D0N32" name="p62" srcActor="D0N11"/>
            <port dstActor="D0N43" name="p63" srcActor="D0N11"/>
            <port dstActor="D0N38" name="p64" srcActor="D0N11"/>
            <port dstActor="D0N39" name="p65" srcActor="D0N11"/>
            <port dstActor="D0N44" name="p66" srcActor="D0N37"/>
            <port dstActor="D0N42" name="p67" srcActor="D0N30"/>
            <port dstActor="D0N16" name="p68" srcActor="D0N9"/>
            <port dstActor="D0N35" name="p69" srcActor="D0N9"/>
            <port dstActor="D0N20" name="p70" srcActor="D0N9"/>
            <port dstActor="D0N38" name="p71" srcActor="D0N9"/>
            <port dstActor="D0N30" name="p72" srcActor="D0N24"/>
            <port dstActor="D0N34" name="p73" srcActor="D0N24"/>
            <port dstActor="D0N37" name="p74" srcActor="D0N24"/>
            <port dstActor="D0N38" name="p75" srcActor="D0N24"/>
            <port dstActor="D0N41" name="p76" srcActor="D0N24"/>
            <port dstActor="D0N30" name="p77" srcActor="D0N26"/>
            <port dstActor="D0N35" name="p78" srcActor="D0N34"/>
            <port dstActor="D0N45" name="p79" srcActor="D0N34"/>
            <port dstActor="D0N19" name="p80" srcActor="D0N14"/>
            <port dstActor="D0N37" name="p81" srcActor="D0N14"/>
            <port dstActor="D0N29" name="p82" srcActor="D0N14"/>
            <port dstActor="D0N35" name="p83" srcActor="D0N12"/>
            <port dstActor="D0N20" name="p84" srcActor="D0N12"/>
            <port dstActor="D0N13" name="p85" srcActor="D0N12"/>
            <port dstActor="D0N26" name="p86" srcActor="D0N5"/>
            <port dstActor="D0N27" name="p87" srcActor="D0N5"/>
            <port dstActor="D0N15" name="p88" srcActor="D0N5"/>
            <port dstActor="D0N42" name="p89" srcActor="D0N5"/>
            <port dstActor="D0N41" name="p90" srcActor="D0N5"/>
            <port dstActor="D0N42" name="p91" srcActor="D0N23"/>
            <port dstActor="D0N3" name="p92" srcActor="D0N2"/>
            <port dstActor="D0N31" name="p93" srcActor="D0N2"/>
            <port dstActor="D0N27" name="p94" srcActor="D0N2"/>
            <port dstActor="D0N15" name="p95" srcActor="D0N10"/>
            <port dstActor="D0N29" name="p96" srcActor="D0N10"/>
            <port dstActor="D0N31" name="p97" srcActor="D0N10"/>
            <port dstActor="D0N34" name="p98" srcActor="D0N16"/>
            <port dstActor="D0N31" name="p99" srcActor="D0N16"/>
            <port dstActor="D0N47" name="p100" srcActor="D0N16"/>
            <port dstActor="D0N4" name="p101" srcActor="D0N1"/>
            <port dstActor="D0N13" name="p102" srcActor="D0N1"/>
            <port dstActor="D0N35" name="p103" srcActor="D0N1"/>
            <port dstActor="D0N28" name="p104" srcActor="D0N1"/>
            <port dstActor="D0N36" name="p105" srcActor="D0N1"/>
            <port dstActor="D0N13" name="p106" srcActor="D0N4"/>
            <port dstActor="D0N35" name="p107" srcActor="D0N4"/>
            <port dstActor="D0N5" name="p108" srcActor="D0N4"/>
            <port dstActor="D0N21" name="p109" srcActor="D0N4"/>
            <port dstActor="D0N41" name="p110" srcActor="D0N4"/>
            <port dstActor="D0N38" name="p111" srcActor="D0N27"/>
            <port dstActor="D0N43" name="p112" srcActor="D0N27"/>
            <port dstActor="D0N46" name="p113" srcActor="D0N27"/>
            <port dstActor="D0N33" name="p114" srcActor="D0N27"/>
            <port dstActor="D0N30" name="p115" srcActor="D0N27"/>
            <port dstActor="D0N48" name="p116" srcActor="D0N28"/>
            <port dstActor="D0N47" name="p117" srcActor="D0N28"/>
            <port dstActor="D0N48" name="p118" srcActor="D0N18"/>
            <port dstActor="D0N43" name="p119" srcActor="D0N18"/>
            <port dstActor="D0N24" name="p120" srcActor="D0N18"/>
            <port dstActor="D0N22" name="p121" srcActor="D0N20"/>
            <port dstActor="D0N26" name="p122" srcActor="D0N20"/>
            <port dstActor="D0N41" name="p123" srcActor="D0N36"/>
            <port dstActor="D0N48" name="p124" srcActor="D0N39"/>
            <port dstActor="D0N47" name="p125" srcActor="D0N38"/>
            <port dstActor="D0N43" name="p126" srcActor="D0N33"/>
            <port dstActor="D0N38" name="p127" srcActor="D0N33"/>
        </ports>
    </mcdag>
    <cores number="2"/>
    <levels number="2"/>
</mcsystem>
