<?xml version="1.0" encoding="UTF-8" standalone="no"?>
<mcsystem>
    <mcdag deadline="1000" name="genned-0-ed-10.0-0">
        <actor name="D0N11">
            <wcet number="0">10</wcet>
            <wcet number="1">70</wcet>
            <maxpow number="0.5713895034106619"/>
            <maxpow number="0.5713895034106619"/>
            <fprob>0.0</fprob>
        </actor>
        <actor name="D0N31">
            <wcet number="0">70</wcet>
            <wcet number="1">70</wcet>
            <maxpow number="0.8032946840654744"/>
            <maxpow number="0.8032946840654744"/>
            <fprob>0.0</fprob>
        </actor>
        <actor name="D0N27">
            <wcet number="0">10</wcet>
            <wcet number="1">10</wcet>
            <maxpow number="0.4191658531980603"/>
            <maxpow number="0.4191658531980603"/>
            <fprob>0.0</fprob>
        </actor>
        <actor name="D0N13">
            <wcet number="0">10</wcet>
            <wcet number="1">30</wcet>
            <maxpow number="0.4452284065276734"/>
            <maxpow number="0.4452284065276734"/>
            <fprob>0.0</fprob>
        </actor>
        <actor name="D0N30">
            <wcet number="0">10</wcet>
            <wcet number="1">30</wcet>
            <maxpow number="0.5022179311913346"/>
            <maxpow number="0.5022179311913346"/>
            <fprob>0.0</fprob>
        </actor>
        <actor name="D0N33">
            <wcet number="0">10</wcet>
            <wcet number="1">10</wcet>
            <maxpow number="0.42445480577042694"/>
            <maxpow number="0.42445480577042694"/>
            <fprob>0.0</fprob>
        </actor>
        <actor name="D0N12">
            <wcet number="0">10</wcet>
            <wcet number="1">10</wcet>
            <maxpow number="0.5003242386821793"/>
            <maxpow number="0.5003242386821793"/>
            <fprob>0.0</fprob>
        </actor>
        <actor name="D0N21">
            <wcet number="0">10</wcet>
            <wcet number="1">30</wcet>
            <maxpow number="0.19016541715004898"/>
            <maxpow number="0.19016541715004898"/>
            <fprob>0.0</fprob>
        </actor>
        <actor name="D0N35">
            <wcet number="0">10</wcet>
            <wcet number="1">10</wcet>
            <maxpow number="0.8037957649094474"/>
            <maxpow number="0.8037957649094474"/>
            <fprob>0.0</fprob>
        </actor>
        <actor name="D0N41">
            <wcet number="0">20</wcet>
            <wcet number="1">20</wcet>
            <maxpow number="0.69321368389817"/>
            <maxpow number="0.69321368389817"/>
            <fprob>0.0</fprob>
        </actor>
        <actor name="D0N22">
            <wcet number="0">20</wcet>
            <wcet number="1">30</wcet>
            <maxpow number="0.5347496685730136"/>
            <maxpow number="0.5347496685730136"/>
            <fprob>0.0</fprob>
        </actor>
        <actor name="D0N3">
            <wcet number="0">70</wcet>
            <wcet number="1">70</wcet>
            <maxpow number="0.46969722333040054"/>
            <maxpow number="0.46969722333040054"/>
            <fprob>0.0</fprob>
        </actor>
        <actor name="D0N18">
            <wcet number="0">20</wcet>
            <wcet number="1">80</wcet>
            <maxpow number="0.5480425051259805"/>
            <maxpow number="0.5480425051259805"/>
            <fprob>0.0</fprob>
        </actor>
        <actor name="D0N17">
            <wcet number="0">30</wcet>
            <wcet number="1">110</wcet>
            <maxpow number="0.5400288613082181"/>
            <maxpow number="0.5400288613082181"/>
            <fprob>0.0</fprob>
        </actor>
        <actor name="D0N5">
            <wcet number="0">10</wcet>
            <wcet number="1">10</wcet>
            <maxpow number="0.9062106256809781"/>
            <maxpow number="0.9062106256809781"/>
            <fprob>0.0</fprob>
        </actor>
        <actor name="D0N24">
            <wcet number="0">10</wcet>
            <wcet number="1">10</wcet>
            <maxpow number="0.5264511861926042"/>
            <maxpow number="0.5264511861926042"/>
            <fprob>0.0</fprob>
        </actor>
        <actor name="D0N28">
            <wcet number="0">70</wcet>
            <wcet number="1">70</wcet>
            <maxpow number="0.0588785083900355"/>
            <maxpow number="0.0588785083900355"/>
            <fprob>0.0</fprob>
        </actor>
        <actor name="D0N10">
            <wcet number="0">100</wcet>
            <wcet number="1">140</wcet>
            <maxpow number="0.8105124902490202"/>
            <maxpow number="0.8105124902490202"/>
            <fprob>0.0</fprob>
        </actor>
        <actor name="D0N19">
            <wcet number="0">10</wcet>
            <wcet number="1">10</wcet>
            <maxpow number="0.518293352692809"/>
            <maxpow number="0.518293352692809"/>
            <fprob>0.0</fprob>
        </actor>
        <actor name="D0N38">
            <wcet number="0">10</wcet>
            <wcet number="1">20</wcet>
            <maxpow number="0.3557757126895027"/>
            <maxpow number="0.3557757126895027"/>
            <fprob>0.0</fprob>
        </actor>
        <actor name="D0N16">
            <wcet number="0">50</wcet>
            <wcet number="1">50</wcet>
            <maxpow number="0.5117897077392035"/>
            <maxpow number="0.5117897077392035"/>
            <fprob>0.0</fprob>
        </actor>
        <actor name="D0N14">
            <wcet number="0">20</wcet>
            <wcet number="1">40</wcet>
            <maxpow number="0.4772218693112331"/>
            <maxpow number="0.4772218693112331"/>
            <fprob>0.0</fprob>
        </actor>
        <actor name="D0N29">
            <wcet number="0">20</wcet>
            <wcet number="1">90</wcet>
            <maxpow number="0.6817457552300262"/>
            <maxpow number="0.6817457552300262"/>
            <fprob>0.0</fprob>
        </actor>
        <actor name="D0N7">
            <wcet number="0">20</wcet>
            <wcet number="1">20</wcet>
            <maxpow number="0.8369328506091054"/>
            <maxpow number="0.8369328506091054"/>
            <fprob>0.0</fprob>
        </actor>
        <actor name="D0N1">
            <wcet number="0">10</wcet>
            <wcet number="1">10</wcet>
            <maxpow number="0.6824591898291827"/>
            <maxpow number="0.6824591898291827"/>
            <fprob>0.0</fprob>
        </actor>
        <actor name="D0N2">
            <wcet number="0">10</wcet>
            <wcet number="1">40</wcet>
            <maxpow number="0.6065790755622974"/>
            <maxpow number="0.6065790755622974"/>
            <fprob>0.0</fprob>
        </actor>
        <actor name="D0N9">
            <wcet number="0">20</wcet>
            <wcet number="1">20</wcet>
            <maxpow number="0.35629898223114287"/>
            <maxpow number="0.35629898223114287"/>
            <fprob>0.0</fprob>
        </actor>
        <actor name="D0N37">
            <wcet number="0">20</wcet>
            <wcet number="1">20</wcet>
            <maxpow number="0.6946485942541571"/>
            <maxpow number="0.6946485942541571"/>
            <fprob>0.0</fprob>
        </actor>
        <actor name="D0N6">
            <wcet number="0">20</wcet>
            <wcet number="1">90</wcet>
            <maxpow number="0.24806650973964173"/>
            <maxpow number="0.24806650973964173"/>
            <fprob>0.0</fprob>
        </actor>
        <actor name="D0N42">
            <wcet number="0">10</wcet>
            <wcet number="1">10</wcet>
            <maxpow number="0.5642689953105661"/>
            <maxpow number="0.5642689953105661"/>
            <fprob>0.0</fprob>
        </actor>
        <actor name="D0N15">
            <wcet number="0">20</wcet>
            <wcet number="1">20</wcet>
            <maxpow number="0.6860332719041664"/>
            <maxpow number="0.6860332719041664"/>
            <fprob>0.0</fprob>
        </actor>
        <actor name="D0N34">
            <wcet number="0">30</wcet>
            <wcet number="1">50</wcet>
            <maxpow number="0.5618556825948002"/>
            <maxpow number="0.5618556825948002"/>
            <fprob>0.0</fprob>
        </actor>
        <actor name="D0N36">
            <wcet number="0">100</wcet>
            <wcet number="1">190</wcet>
            <maxpow number="0.4500582900839082"/>
            <maxpow number="0.4500582900839082"/>
            <fprob>0.0</fprob>
        </actor>
        <actor name="D0N25">
            <wcet number="0">30</wcet>
            <wcet number="1">30</wcet>
            <maxpow number="0.5701994726696846"/>
            <maxpow number="0.5701994726696846"/>
            <fprob>0.0</fprob>
        </actor>
        <actor name="D0N39">
            <wcet number="0">90</wcet>
            <wcet number="1">90</wcet>
            <maxpow number="0.7689521657441443"/>
            <maxpow number="0.7689521657441443"/>
            <fprob>0.0</fprob>
        </actor>
        <actor name="D0N43">
            <wcet number="0">60</wcet>
            <wcet number="1">90</wcet>
            <maxpow number="0.7522864196794907"/>
            <maxpow number="0.7522864196794907"/>
            <fprob>0.0</fprob>
        </actor>
        <actor name="D0N4">
            <wcet number="0">80</wcet>
            <wcet number="1">80</wcet>
            <maxpow number="0.4962157697937095"/>
            <maxpow number="0.4962157697937095"/>
            <fprob>0.0</fprob>
        </actor>
        <actor name="D0N8">
            <wcet number="0">20</wcet>
            <wcet number="1">120</wcet>
            <maxpow number="0.7389079375700562"/>
            <maxpow number="0.7389079375700562"/>
            <fprob>0.0</fprob>
        </actor>
        <actor name="D0N0">
            <wcet number="0">140</wcet>
            <wcet number="1">180</wcet>
            <maxpow number="0.5473941247613427"/>
            <maxpow number="0.5473941247613427"/>
            <fprob>0.0</fprob>
        </actor>
        <actor name="D0N32">
            <wcet number="0">50</wcet>
            <wcet number="1">70</wcet>
            <maxpow number="0.7076534036365291"/>
            <maxpow number="0.7076534036365291"/>
            <fprob>0.0</fprob>
        </actor>
        <actor name="D0N23">
            <wcet number="0">60</wcet>
            <wcet number="1">100</wcet>
            <maxpow number="0.6663196493632122"/>
            <maxpow number="0.6663196493632122"/>
            <fprob>0.0</fprob>
        </actor>
        <actor name="D0N20">
            <wcet number="0">80</wcet>
            <wcet number="1">90</wcet>
            <maxpow number="0.5816603887588618"/>
            <maxpow number="0.5816603887588618"/>
            <fprob>0.0</fprob>
        </actor>
        <actor name="D0N26">
            <wcet number="0">10</wcet>
            <wcet number="1">50</wcet>
            <maxpow number="0.4291855867151946"/>
            <maxpow number="0.4291855867151946"/>
            <fprob>0.0</fprob>
        </actor>
        <actor name="D0N40">
            <wcet number="0">10</wcet>
            <wcet number="1">10</wcet>
            <maxpow number="0.5849464349478345"/>
            <maxpow number="0.5849464349478345"/>
            <fprob>0.0</fprob>
        </actor>
        <ports>
            <port dstActor="D0N38" name="p0" srcActor="D0N11"/>
            <port dstActor="D0N31" name="p1" srcActor="D0N11"/>
            <port dstActor="D0N42" name="p2" srcActor="D0N11"/>
            <port dstActor="D0N37" name="p3" srcActor="D0N11"/>
            <port dstActor="D0N14" name="p4" srcActor="D0N11"/>
            <port dstActor="D0N43" name="p5" srcActor="D0N31"/>
            <port dstActor="D0N39" name="p6" srcActor="D0N31"/>
            <port dstActor="D0N29" name="p7" srcActor="D0N27"/>
            <port dstActor="D0N43" name="p8" srcActor="D0N13"/>
            <port dstActor="D0N40" name="p9" srcActor="D0N30"/>
            <port dstActor="D0N31" name="p10" srcActor="D0N30"/>
            <port dstActor="D0N43" name="p11" srcActor="D0N33"/>
            <port dstActor="D0N42" name="p12" srcActor="D0N33"/>
            <port dstActor="D0N33" name="p13" srcActor="D0N12"/>
            <port dstActor="D0N23" name="p14" srcActor="D0N21"/>
            <port dstActor="D0N40" name="p15" srcActor="D0N35"/>
            <port dstActor="D0N40" name="p16" srcActor="D0N22"/>
            <port dstActor="D0N24" name="p17" srcActor="D0N22"/>
            <port dstActor="D0N37" name="p18" srcActor="D0N22"/>
            <port dstActor="D0N23" name="p19" srcActor="D0N22"/>
            <port dstActor="D0N22" name="p20" srcActor="D0N3"/>
            <port dstActor="D0N41" name="p21" srcActor="D0N3"/>
            <port dstActor="D0N42" name="p22" srcActor="D0N3"/>
            <port dstActor="D0N28" name="p23" srcActor="D0N3"/>
            <port dstActor="D0N38" name="p24" srcActor="D0N18"/>
            <port dstActor="D0N25" name="p25" srcActor="D0N17"/>
            <port dstActor="D0N31" name="p26" srcActor="D0N17"/>
            <port dstActor="D0N41" name="p27" srcActor="D0N17"/>
            <port dstActor="D0N23" name="p28" srcActor="D0N5"/>
            <port dstActor="D0N28" name="p29" srcActor="D0N5"/>
            <port dstActor="D0N31" name="p30" srcActor="D0N5"/>
            <port dstActor="D0N42" name="p31" srcActor="D0N5"/>
            <port dstActor="D0N34" name="p32" srcActor="D0N5"/>
            <port dstActor="D0N41" name="p33" srcActor="D0N24"/>
            <port dstActor="D0N37" name="p34" srcActor="D0N24"/>
            <port dstActor="D0N35" name="p35" srcActor="D0N24"/>
            <port dstActor="D0N40" name="p36" srcActor="D0N28"/>
            <port dstActor="D0N38" name="p37" srcActor="D0N28"/>
            <port dstActor="D0N37" name="p38" srcActor="D0N10"/>
            <port dstActor="D0N21" name="p39" srcActor="D0N10"/>
            <port dstActor="D0N20" name="p40" srcActor="D0N10"/>
            <port dstActor="D0N34" name="p41" srcActor="D0N10"/>
            <port dstActor="D0N37" name="p42" srcActor="D0N19"/>
            <port dstActor="D0N27" name="p43" srcActor="D0N19"/>
            <port dstActor="D0N29" name="p44" srcActor="D0N19"/>
            <port dstActor="D0N43" name="p45" srcActor="D0N16"/>
            <port dstActor="D0N37" name="p46" srcActor="D0N16"/>
            <port dstActor="D0N34" name="p47" srcActor="D0N16"/>
            <port dstActor="D0N22" name="p48" srcActor="D0N14"/>
            <port dstActor="D0N31" name="p49" srcActor="D0N14"/>
            <port dstActor="D0N35" name="p50" srcActor="D0N14"/>
            <port dstActor="D0N16" name="p51" srcActor="D0N14"/>
            <port dstActor="D0N18" name="p52" srcActor="D0N14"/>
            <port dstActor="D0N39" name="p53" srcActor="D0N29"/>
            <port dstActor="D0N20" name="p54" srcActor="D0N7"/>
            <port dstActor="D0N27" name="p55" srcActor="D0N7"/>
            <port dstActor="D0N34" name="p56" srcActor="D0N7"/>
            <port dstActor="D0N35" name="p57" srcActor="D0N7"/>
            <port dstActor="D0N18" name="p58" srcActor="D0N7"/>
            <port dstActor="D0N20" name="p59" srcActor="D0N1"/>
            <port dstActor="D0N3" name="p60" srcActor="D0N1"/>
            <port dstActor="D0N35" name="p61" srcActor="D0N1"/>
            <port dstActor="D0N36" name="p62" srcActor="D0N1"/>
            <port dstActor="D0N23" name="p63" srcActor="D0N2"/>
            <port dstActor="D0N19" name="p64" srcActor="D0N2"/>
            <port dstActor="D0N36" name="p65" srcActor="D0N2"/>
            <port dstActor="D0N12" name="p66" srcActor="D0N2"/>
            <port dstActor="D0N14" name="p67" srcActor="D0N2"/>
            <port dstActor="D0N40" name="p68" srcActor="D0N2"/>
            <port dstActor="D0N24" name="p69" srcActor="D0N6"/>
            <port dstActor="D0N27" name="p70" srcActor="D0N6"/>
            <port dstActor="D0N10" name="p71" srcActor="D0N6"/>
            <port dstActor="D0N27" name="p72" srcActor="D0N15"/>
            <port dstActor="D0N43" name="p73" srcActor="D0N34"/>
            <port dstActor="D0N42" name="p74" srcActor="D0N36"/>
            <port dstActor="D0N39" name="p75" srcActor="D0N36"/>
            <port dstActor="D0N39" name="p76" srcActor="D0N25"/>
            <port dstActor="D0N24" name="p77" srcActor="D0N4"/>
            <port dstActor="D0N24" name="p78" srcActor="D0N8"/>
            <port dstActor="D0N33" name="p79" srcActor="D0N8"/>
            <port dstActor="D0N23" name="p80" srcActor="D0N8"/>
            <port dstActor="D0N12" name="p81" srcActor="D0N8"/>
            <port dstActor="D0N16" name="p82" srcActor="D0N8"/>
            <port dstActor="D0N29" name="p83" srcActor="D0N8"/>
            <port dstActor="D0N2" name="p84" srcActor="D0N0"/>
            <port dstActor="D0N38" name="p85" srcActor="D0N32"/>
            <port dstActor="D0N35" name="p86" srcActor="D0N23"/>
            <port dstActor="D0N32" name="p87" srcActor="D0N20"/>
        </ports>
    </mcdag>
    <cores number="3"/>
    <levels number="2"/>
</mcsystem>
