<?xml version="1.0" encoding="UTF-8" standalone="no"?>
<mcsystem>
    <mcdag deadline="1500" name="genned-0-ed-10.0-0">
        <actor name="D0N36">
            <wcet number="0">20</wcet>
            <wcet number="1">20</wcet>
            <maxpow number="0.5350964969960932"/>
            <maxpow number="0.5350964969960932"/>
            <fprob>0.0</fprob>
        </actor>
        <actor name="D0N32">
            <wcet number="0">40</wcet>
            <wcet number="1">40</wcet>
            <maxpow number="0.6291684025029582"/>
            <maxpow number="0.6291684025029582"/>
            <fprob>0.0</fprob>
        </actor>
        <actor name="D0N33">
            <wcet number="0">70</wcet>
            <wcet number="1">80</wcet>
            <maxpow number="0.5598098606834991"/>
            <maxpow number="0.5598098606834991"/>
            <fprob>0.0</fprob>
        </actor>
        <actor name="D0N9">
            <wcet number="0">60</wcet>
            <wcet number="1">60</wcet>
            <maxpow number="0.5654670959659872"/>
            <maxpow number="0.5654670959659872"/>
            <fprob>0.0</fprob>
        </actor>
        <actor name="D0N16">
            <wcet number="0">10</wcet>
            <wcet number="1">10</wcet>
            <maxpow number="0.5204771195253096"/>
            <maxpow number="0.5204771195253096"/>
            <fprob>0.0</fprob>
        </actor>
        <actor name="D0N25">
            <wcet number="0">30</wcet>
            <wcet number="1">40</wcet>
            <maxpow number="0.5293940262725731"/>
            <maxpow number="0.5293940262725731"/>
            <fprob>0.0</fprob>
        </actor>
        <actor name="D0N27">
            <wcet number="0">70</wcet>
            <wcet number="1">150</wcet>
            <maxpow number="0.29822396205005774"/>
            <maxpow number="0.29822396205005774"/>
            <fprob>0.0</fprob>
        </actor>
        <actor name="D0N19">
            <wcet number="0">100</wcet>
            <wcet number="1">110</wcet>
            <maxpow number="0.3501659376201993"/>
            <maxpow number="0.3501659376201993"/>
            <fprob>0.0</fprob>
        </actor>
        <actor name="D0N30">
            <wcet number="0">20</wcet>
            <wcet number="1">30</wcet>
            <maxpow number="0.4615852287252144"/>
            <maxpow number="0.4615852287252144"/>
            <fprob>0.0</fprob>
        </actor>
        <actor name="D0N10">
            <wcet number="0">50</wcet>
            <wcet number="1">90</wcet>
            <maxpow number="0.5320510985509888"/>
            <maxpow number="0.5320510985509888"/>
            <fprob>0.0</fprob>
        </actor>
        <actor name="D0N17">
            <wcet number="0">70</wcet>
            <wcet number="1">110</wcet>
            <maxpow number="0.8956191999664376"/>
            <maxpow number="0.8956191999664376"/>
            <fprob>0.0</fprob>
        </actor>
        <actor name="D0N38">
            <wcet number="0">20</wcet>
            <wcet number="1">140</wcet>
            <maxpow number="0.6718966953903454"/>
            <maxpow number="0.6718966953903454"/>
            <fprob>0.0</fprob>
        </actor>
        <actor name="D0N3">
            <wcet number="0">30</wcet>
            <wcet number="1">30</wcet>
            <maxpow number="0.7286856574001251"/>
            <maxpow number="0.7286856574001251"/>
            <fprob>0.0</fprob>
        </actor>
        <actor name="D0N15">
            <wcet number="0">20</wcet>
            <wcet number="1">20</wcet>
            <maxpow number="0.3188160218016098"/>
            <maxpow number="0.3188160218016098"/>
            <fprob>0.0</fprob>
        </actor>
        <actor name="D0N14">
            <wcet number="0">220</wcet>
            <wcet number="1">270</wcet>
            <maxpow number="0.4436432828107861"/>
            <maxpow number="0.4436432828107861"/>
            <fprob>0.0</fprob>
        </actor>
        <actor name="D0N43">
            <wcet number="0">20</wcet>
            <wcet number="1">20</wcet>
            <maxpow number="0.4198326158531803"/>
            <maxpow number="0.4198326158531803"/>
            <fprob>0.0</fprob>
        </actor>
        <actor name="D0N34">
            <wcet number="0">10</wcet>
            <wcet number="1">20</wcet>
            <maxpow number="0.8839656176718578"/>
            <maxpow number="0.8839656176718578"/>
            <fprob>0.0</fprob>
        </actor>
        <actor name="D0N29">
            <wcet number="0">20</wcet>
            <wcet number="1">20</wcet>
            <maxpow number="0.618104061230823"/>
            <maxpow number="0.618104061230823"/>
            <fprob>0.0</fprob>
        </actor>
        <actor name="D0N22">
            <wcet number="0">10</wcet>
            <wcet number="1">10</wcet>
            <maxpow number="0.8383008751483885"/>
            <maxpow number="0.8383008751483885"/>
            <fprob>0.0</fprob>
        </actor>
        <actor name="D0N26">
            <wcet number="0">30</wcet>
            <wcet number="1">50</wcet>
            <maxpow number="0.9197555574793617"/>
            <maxpow number="0.9197555574793617"/>
            <fprob>0.0</fprob>
        </actor>
        <actor name="D0N28">
            <wcet number="0">40</wcet>
            <wcet number="1">60</wcet>
            <maxpow number="0.4491330553249936"/>
            <maxpow number="0.4491330553249936"/>
            <fprob>0.0</fprob>
        </actor>
        <actor name="D0N8">
            <wcet number="0">30</wcet>
            <wcet number="1">70</wcet>
            <maxpow number="0.5329915170610009"/>
            <maxpow number="0.5329915170610009"/>
            <fprob>0.0</fprob>
        </actor>
        <actor name="D0N12">
            <wcet number="0">30</wcet>
            <wcet number="1">90</wcet>
            <maxpow number="0.5790252567510358"/>
            <maxpow number="0.5790252567510358"/>
            <fprob>0.0</fprob>
        </actor>
        <actor name="D0N11">
            <wcet number="0">10</wcet>
            <wcet number="1">10</wcet>
            <maxpow number="0.6514516031153184"/>
            <maxpow number="0.6514516031153184"/>
            <fprob>0.0</fprob>
        </actor>
        <actor name="D0N44">
            <wcet number="0">10</wcet>
            <wcet number="1">10</wcet>
            <maxpow number="0.3898557017561707"/>
            <maxpow number="0.3898557017561707"/>
            <fprob>0.0</fprob>
        </actor>
        <actor name="D0N6">
            <wcet number="0">100</wcet>
            <wcet number="1">120</wcet>
            <maxpow number="0.5244546256704892"/>
            <maxpow number="0.5244546256704892"/>
            <fprob>0.0</fprob>
        </actor>
        <actor name="D0N2">
            <wcet number="0">20</wcet>
            <wcet number="1">20</wcet>
            <maxpow number="0.7454039683035487"/>
            <maxpow number="0.7454039683035487"/>
            <fprob>0.0</fprob>
        </actor>
        <actor name="D0N7">
            <wcet number="0">10</wcet>
            <wcet number="1">10</wcet>
            <maxpow number="0.24471984773185462"/>
            <maxpow number="0.24471984773185462"/>
            <fprob>0.0</fprob>
        </actor>
        <actor name="D0N35">
            <wcet number="0">30</wcet>
            <wcet number="1">80</wcet>
            <maxpow number="0.353789414939858"/>
            <maxpow number="0.353789414939858"/>
            <fprob>0.0</fprob>
        </actor>
        <actor name="D0N5">
            <wcet number="0">40</wcet>
            <wcet number="1">40</wcet>
            <maxpow number="0.5711396688963916"/>
            <maxpow number="0.5711396688963916"/>
            <fprob>0.0</fprob>
        </actor>
        <actor name="D0N41">
            <wcet number="0">80</wcet>
            <wcet number="1">80</wcet>
            <maxpow number="0.6549119630929436"/>
            <maxpow number="0.6549119630929436"/>
            <fprob>0.0</fprob>
        </actor>
        <actor name="D0N40">
            <wcet number="0">50</wcet>
            <wcet number="1">80</wcet>
            <maxpow number="0.4824315877629784"/>
            <maxpow number="0.4824315877629784"/>
            <fprob>0.0</fprob>
        </actor>
        <actor name="D0N24">
            <wcet number="0">80</wcet>
            <wcet number="1">390</wcet>
            <maxpow number="0.46009269424716936"/>
            <maxpow number="0.46009269424716936"/>
            <fprob>0.0</fprob>
        </actor>
        <actor name="D0N31">
            <wcet number="0">10</wcet>
            <wcet number="1">140</wcet>
            <maxpow number="0.5194018665101647"/>
            <maxpow number="0.5194018665101647"/>
            <fprob>0.0</fprob>
        </actor>
        <actor name="D0N1">
            <wcet number="0">50</wcet>
            <wcet number="1">50</wcet>
            <maxpow number="0.8668003386018897"/>
            <maxpow number="0.8668003386018897"/>
            <fprob>0.0</fprob>
        </actor>
        <actor name="D0N37">
            <wcet number="0">40</wcet>
            <wcet number="1">70</wcet>
            <maxpow number="0.4323867607081775"/>
            <maxpow number="0.4323867607081775"/>
            <fprob>0.0</fprob>
        </actor>
        <actor name="D0N42">
            <wcet number="0">80</wcet>
            <wcet number="1">90</wcet>
            <maxpow number="0.8627860805930314"/>
            <maxpow number="0.8627860805930314"/>
            <fprob>0.0</fprob>
        </actor>
        <actor name="D0N4">
            <wcet number="0">30</wcet>
            <wcet number="1">30</wcet>
            <maxpow number="0.3508308178493069"/>
            <maxpow number="0.3508308178493069"/>
            <fprob>0.0</fprob>
        </actor>
        <actor name="D0N47">
            <wcet number="0">10</wcet>
            <wcet number="1">10</wcet>
            <maxpow number="0.2286293579882681"/>
            <maxpow number="0.2286293579882681"/>
            <fprob>0.0</fprob>
        </actor>
        <actor name="D0N13">
            <wcet number="0">30</wcet>
            <wcet number="1">30</wcet>
            <maxpow number="0.5117331255710942"/>
            <maxpow number="0.5117331255710942"/>
            <fprob>0.0</fprob>
        </actor>
        <actor name="D0N21">
            <wcet number="0">20</wcet>
            <wcet number="1">20</wcet>
            <maxpow number="0.21993572321489763"/>
            <maxpow number="0.21993572321489763"/>
            <fprob>0.0</fprob>
        </actor>
        <actor name="D0N0">
            <wcet number="0">80</wcet>
            <wcet number="1">80</wcet>
            <maxpow number="0.7088222683171502"/>
            <maxpow number="0.7088222683171502"/>
            <fprob>0.0</fprob>
        </actor>
        <actor name="D0N18">
            <wcet number="0">10</wcet>
            <wcet number="1">10</wcet>
            <maxpow number="0.5538466149130806"/>
            <maxpow number="0.5538466149130806"/>
            <fprob>0.0</fprob>
        </actor>
        <actor name="D0N45">
            <wcet number="0">10</wcet>
            <wcet number="1">30</wcet>
            <maxpow number="0.24741862021192385"/>
            <maxpow number="0.24741862021192385"/>
            <fprob>0.0</fprob>
        </actor>
        <actor name="D0N46">
            <wcet number="0">50</wcet>
            <wcet number="1">80</wcet>
            <maxpow number="0.5756568017211029"/>
            <maxpow number="0.5756568017211029"/>
            <fprob>0.0</fprob>
        </actor>
        <actor name="D0N20">
            <wcet number="0">40</wcet>
            <wcet number="1">70</wcet>
            <maxpow number="0.6131682419917669"/>
            <maxpow number="0.6131682419917669"/>
            <fprob>0.0</fprob>
        </actor>
        <actor name="D0N23">
            <wcet number="0">50</wcet>
            <wcet number="1">50</wcet>
            <maxpow number="0.9368318912805178"/>
            <maxpow number="0.9368318912805178"/>
            <fprob>0.0</fprob>
        </actor>
        <actor name="D0N39">
            <wcet number="0">10</wcet>
            <wcet number="1">10</wcet>
            <maxpow number="0.4370398764766466"/>
            <maxpow number="0.4370398764766466"/>
            <fprob>0.0</fprob>
        </actor>
        <ports>
            <port dstActor="D0N43" name="p0" srcActor="D0N36"/>
            <port dstActor="D0N37" name="p1" srcActor="D0N36"/>
            <port dstActor="D0N37" name="p2" srcActor="D0N32"/>
            <port dstActor="D0N40" name="p3" srcActor="D0N32"/>
            <port dstActor="D0N40" name="p4" srcActor="D0N33"/>
            <port dstActor="D0N34" name="p5" srcActor="D0N33"/>
            <port dstActor="D0N29" name="p6" srcActor="D0N9"/>
            <port dstActor="D0N20" name="p7" srcActor="D0N9"/>
            <port dstActor="D0N32" name="p8" srcActor="D0N9"/>
            <port dstActor="D0N14" name="p9" srcActor="D0N9"/>
            <port dstActor="D0N31" name="p10" srcActor="D0N16"/>
            <port dstActor="D0N17" name="p11" srcActor="D0N16"/>
            <port dstActor="D0N26" name="p12" srcActor="D0N16"/>
            <port dstActor="D0N28" name="p13" srcActor="D0N25"/>
            <port dstActor="D0N37" name="p14" srcActor="D0N25"/>
            <port dstActor="D0N34" name="p15" srcActor="D0N25"/>
            <port dstActor="D0N32" name="p16" srcActor="D0N25"/>
            <port dstActor="D0N28" name="p17" srcActor="D0N27"/>
            <port dstActor="D0N24" name="p18" srcActor="D0N19"/>
            <port dstActor="D0N47" name="p19" srcActor="D0N19"/>
            <port dstActor="D0N23" name="p20" srcActor="D0N19"/>
            <port dstActor="D0N22" name="p21" srcActor="D0N19"/>
            <port dstActor="D0N41" name="p22" srcActor="D0N30"/>
            <port dstActor="D0N46" name="p23" srcActor="D0N30"/>
            <port dstActor="D0N12" name="p24" srcActor="D0N10"/>
            <port dstActor="D0N44" name="p25" srcActor="D0N10"/>
            <port dstActor="D0N33" name="p26" srcActor="D0N10"/>
            <port dstActor="D0N42" name="p27" srcActor="D0N17"/>
            <port dstActor="D0N37" name="p28" srcActor="D0N17"/>
            <port dstActor="D0N28" name="p29" srcActor="D0N17"/>
            <port dstActor="D0N16" name="p30" srcActor="D0N3"/>
            <port dstActor="D0N23" name="p31" srcActor="D0N3"/>
            <port dstActor="D0N20" name="p32" srcActor="D0N3"/>
            <port dstActor="D0N15" name="p33" srcActor="D0N3"/>
            <port dstActor="D0N47" name="p34" srcActor="D0N15"/>
            <port dstActor="D0N27" name="p35" srcActor="D0N15"/>
            <port dstActor="D0N33" name="p36" srcActor="D0N29"/>
            <port dstActor="D0N37" name="p37" srcActor="D0N29"/>
            <port dstActor="D0N45" name="p38" srcActor="D0N29"/>
            <port dstActor="D0N26" name="p39" srcActor="D0N22"/>
            <port dstActor="D0N39" name="p40" srcActor="D0N26"/>
            <port dstActor="D0N28" name="p41" srcActor="D0N26"/>
            <port dstActor="D0N44" name="p42" srcActor="D0N26"/>
            <port dstActor="D0N40" name="p43" srcActor="D0N26"/>
            <port dstActor="D0N43" name="p44" srcActor="D0N26"/>
            <port dstActor="D0N29" name="p45" srcActor="D0N26"/>
            <port dstActor="D0N33" name="p46" srcActor="D0N28"/>
            <port dstActor="D0N42" name="p47" srcActor="D0N28"/>
            <port dstActor="D0N45" name="p48" srcActor="D0N28"/>
            <port dstActor="D0N40" name="p49" srcActor="D0N28"/>
            <port dstActor="D0N29" name="p50" srcActor="D0N28"/>
            <port dstActor="D0N36" name="p51" srcActor="D0N28"/>
            <port dstActor="D0N34" name="p52" srcActor="D0N8"/>
            <port dstActor="D0N14" name="p53" srcActor="D0N8"/>
            <port dstActor="D0N27" name="p54" srcActor="D0N8"/>
            <port dstActor="D0N14" name="p55" srcActor="D0N12"/>
            <port dstActor="D0N38" name="p56" srcActor="D0N12"/>
            <port dstActor="D0N40" name="p57" srcActor="D0N12"/>
            <port dstActor="D0N31" name="p58" srcActor="D0N12"/>
            <port dstActor="D0N16" name="p59" srcActor="D0N12"/>
            <port dstActor="D0N16" name="p60" srcActor="D0N11"/>
            <port dstActor="D0N42" name="p61" srcActor="D0N11"/>
            <port dstActor="D0N33" name="p62" srcActor="D0N11"/>
            <port dstActor="D0N28" name="p63" srcActor="D0N11"/>
            <port dstActor="D0N11" name="p64" srcActor="D0N6"/>
            <port dstActor="D0N21" name="p65" srcActor="D0N6"/>
            <port dstActor="D0N36" name="p66" srcActor="D0N6"/>
            <port dstActor="D0N34" name="p67" srcActor="D0N6"/>
            <port dstActor="D0N47" name="p68" srcActor="D0N6"/>
            <port dstActor="D0N44" name="p69" srcActor="D0N6"/>
            <port dstActor="D0N12" name="p70" srcActor="D0N6"/>
            <port dstActor="D0N22" name="p71" srcActor="D0N2"/>
            <port dstActor="D0N5" name="p72" srcActor="D0N2"/>
            <port dstActor="D0N46" name="p73" srcActor="D0N2"/>
            <port dstActor="D0N15" name="p74" srcActor="D0N2"/>
            <port dstActor="D0N10" name="p75" srcActor="D0N2"/>
            <port dstActor="D0N38" name="p76" srcActor="D0N2"/>
            <port dstActor="D0N40" name="p77" srcActor="D0N2"/>
            <port dstActor="D0N42" name="p78" srcActor="D0N7"/>
            <port dstActor="D0N17" name="p79" srcActor="D0N7"/>
            <port dstActor="D0N33" name="p80" srcActor="D0N7"/>
            <port dstActor="D0N12" name="p81" srcActor="D0N7"/>
            <port dstActor="D0N45" name="p82" srcActor="D0N35"/>
            <port dstActor="D0N43" name="p83" srcActor="D0N5"/>
            <port dstActor="D0N42" name="p84" srcActor="D0N5"/>
            <port dstActor="D0N17" name="p85" srcActor="D0N5"/>
            <port dstActor="D0N47" name="p86" srcActor="D0N5"/>
            <port dstActor="D0N7" name="p87" srcActor="D0N5"/>
            <port dstActor="D0N43" name="p88" srcActor="D0N41"/>
            <port dstActor="D0N44" name="p89" srcActor="D0N41"/>
            <port dstActor="D0N29" name="p90" srcActor="D0N24"/>
            <port dstActor="D0N46" name="p91" srcActor="D0N31"/>
            <port dstActor="D0N44" name="p92" srcActor="D0N31"/>
            <port dstActor="D0N33" name="p93" srcActor="D0N31"/>
            <port dstActor="D0N38" name="p94" srcActor="D0N31"/>
            <port dstActor="D0N9" name="p95" srcActor="D0N1"/>
            <port dstActor="D0N44" name="p96" srcActor="D0N1"/>
            <port dstActor="D0N3" name="p97" srcActor="D0N1"/>
            <port dstActor="D0N47" name="p98" srcActor="D0N1"/>
            <port dstActor="D0N31" name="p99" srcActor="D0N1"/>
            <port dstActor="D0N14" name="p100" srcActor="D0N1"/>
            <port dstActor="D0N46" name="p101" srcActor="D0N42"/>
            <port dstActor="D0N20" name="p102" srcActor="D0N4"/>
            <port dstActor="D0N47" name="p103" srcActor="D0N4"/>
            <port dstActor="D0N8" name="p104" srcActor="D0N4"/>
            <port dstActor="D0N43" name="p105" srcActor="D0N13"/>
            <port dstActor="D0N24" name="p106" srcActor="D0N13"/>
            <port dstActor="D0N45" name="p107" srcActor="D0N13"/>
            <port dstActor="D0N31" name="p108" srcActor="D0N13"/>
            <port dstActor="D0N37" name="p109" srcActor="D0N21"/>
            <port dstActor="D0N1" name="p110" srcActor="D0N0"/>
            <port dstActor="D0N24" name="p111" srcActor="D0N0"/>
            <port dstActor="D0N40" name="p112" srcActor="D0N20"/>
            <port dstActor="D0N28" name="p113" srcActor="D0N20"/>
            <port dstActor="D0N43" name="p114" srcActor="D0N20"/>
            <port dstActor="D0N47" name="p115" srcActor="D0N39"/>
        </ports>
    </mcdag>
    <cores number="3"/>
    <levels number="2"/>
</mcsystem>
