<?xml version="1.0" encoding="UTF-8" standalone="no"?>
<mcsystem>
    <mcdag deadline="1000" name="genned-0-ed-10.0-0">
        <actor name="D0N3">
            <wcet number="0">20</wcet>
            <wcet number="1">20</wcet>
            <maxpow number="0.36148792219661063"/>
            <maxpow number="0.36148792219661063"/>
            <fprob>0.0</fprob>
        </actor>
        <actor name="D0N33">
            <wcet number="0">20</wcet>
            <wcet number="1">30</wcet>
            <maxpow number="0.5517583287684811"/>
            <maxpow number="0.5517583287684811"/>
            <fprob>0.0</fprob>
        </actor>
        <actor name="D0N36">
            <wcet number="0">10</wcet>
            <wcet number="1">40</wcet>
            <maxpow number="0.6451827583183651"/>
            <maxpow number="0.6451827583183651"/>
            <fprob>0.0</fprob>
        </actor>
        <actor name="D0N4">
            <wcet number="0">10</wcet>
            <wcet number="1">20</wcet>
            <maxpow number="0.5395534120150586"/>
            <maxpow number="0.5395534120150586"/>
            <fprob>0.0</fprob>
        </actor>
        <actor name="D0N43">
            <wcet number="0">10</wcet>
            <wcet number="1">10</wcet>
            <maxpow number="0.5588736638478643"/>
            <maxpow number="0.5588736638478643"/>
            <fprob>0.0</fprob>
        </actor>
        <actor name="D0N9">
            <wcet number="0">20</wcet>
            <wcet number="1">90</wcet>
            <maxpow number="0.3581161874012591"/>
            <maxpow number="0.3581161874012591"/>
            <fprob>0.0</fprob>
        </actor>
        <actor name="D0N15">
            <wcet number="0">80</wcet>
            <wcet number="1">110</wcet>
            <maxpow number="0.2489133482464505"/>
            <maxpow number="0.2489133482464505"/>
            <fprob>0.0</fprob>
        </actor>
        <actor name="D0N10">
            <wcet number="0">20</wcet>
            <wcet number="1">30</wcet>
            <maxpow number="0.4513448818691222"/>
            <maxpow number="0.4513448818691222"/>
            <fprob>0.0</fprob>
        </actor>
        <actor name="D0N23">
            <wcet number="0">20</wcet>
            <wcet number="1">30</wcet>
            <maxpow number="0.4310198414029"/>
            <maxpow number="0.4310198414029"/>
            <fprob>0.0</fprob>
        </actor>
        <actor name="D0N27">
            <wcet number="0">20</wcet>
            <wcet number="1">20</wcet>
            <maxpow number="0.7805874436916648"/>
            <maxpow number="0.7805874436916648"/>
            <fprob>0.0</fprob>
        </actor>
        <actor name="D0N40">
            <wcet number="0">10</wcet>
            <wcet number="1">10</wcet>
            <maxpow number="0.5479433218224151"/>
            <maxpow number="0.5479433218224151"/>
            <fprob>0.0</fprob>
        </actor>
        <actor name="D0N18">
            <wcet number="0">10</wcet>
            <wcet number="1">20</wcet>
            <maxpow number="0.6778252930777722"/>
            <maxpow number="0.6778252930777722"/>
            <fprob>0.0</fprob>
        </actor>
        <actor name="D0N7">
            <wcet number="0">10</wcet>
            <wcet number="1">40</wcet>
            <maxpow number="0.3650844835822631"/>
            <maxpow number="0.3650844835822631"/>
            <fprob>0.0</fprob>
        </actor>
        <actor name="D0N20">
            <wcet number="0">10</wcet>
            <wcet number="1">40</wcet>
            <maxpow number="0.6322159174209313"/>
            <maxpow number="0.6322159174209313"/>
            <fprob>0.0</fprob>
        </actor>
        <actor name="D0N35">
            <wcet number="0">10</wcet>
            <wcet number="1">10</wcet>
            <maxpow number="0.5880204947122312"/>
            <maxpow number="0.5880204947122312"/>
            <fprob>0.0</fprob>
        </actor>
        <actor name="D0N38">
            <wcet number="0">20</wcet>
            <wcet number="1">20</wcet>
            <maxpow number="0.6396149275308539"/>
            <maxpow number="0.6396149275308539"/>
            <fprob>0.0</fprob>
        </actor>
        <actor name="D0N0">
            <wcet number="0">40</wcet>
            <wcet number="1">160</wcet>
            <maxpow number="0.6110066840557445"/>
            <maxpow number="0.6110066840557445"/>
            <fprob>0.0</fprob>
        </actor>
        <actor name="D0N16">
            <wcet number="0">10</wcet>
            <wcet number="1">10</wcet>
            <maxpow number="0.42081757034777323"/>
            <maxpow number="0.42081757034777323"/>
            <fprob>0.0</fprob>
        </actor>
        <actor name="D0N5">
            <wcet number="0">10</wcet>
            <wcet number="1">30</wcet>
            <maxpow number="0.573735351309695"/>
            <maxpow number="0.573735351309695"/>
            <fprob>0.0</fprob>
        </actor>
        <actor name="D0N32">
            <wcet number="0">10</wcet>
            <wcet number="1">10</wcet>
            <maxpow number="0.7523975397043208"/>
            <maxpow number="0.7523975397043208"/>
            <fprob>0.0</fprob>
        </actor>
        <actor name="D0N39">
            <wcet number="0">10</wcet>
            <wcet number="1">20</wcet>
            <maxpow number="0.6871316325030737"/>
            <maxpow number="0.6871316325030737"/>
            <fprob>0.0</fprob>
        </actor>
        <actor name="D0N37">
            <wcet number="0">60</wcet>
            <wcet number="1">90</wcet>
            <maxpow number="0.6734224977386345"/>
            <maxpow number="0.6734224977386345"/>
            <fprob>0.0</fprob>
        </actor>
        <actor name="D0N13">
            <wcet number="0">20</wcet>
            <wcet number="1">50</wcet>
            <maxpow number="0.77848813178899"/>
            <maxpow number="0.77848813178899"/>
            <fprob>0.0</fprob>
        </actor>
        <actor name="D0N30">
            <wcet number="0">10</wcet>
            <wcet number="1">40</wcet>
            <maxpow number="1.027919382028545"/>
            <maxpow number="1.027919382028545"/>
            <fprob>0.0</fprob>
        </actor>
        <actor name="D0N26">
            <wcet number="0">200</wcet>
            <wcet number="1">230</wcet>
            <maxpow number="0.865052366920458"/>
            <maxpow number="0.865052366920458"/>
            <fprob>0.0</fprob>
        </actor>
        <actor name="D0N28">
            <wcet number="0">90</wcet>
            <wcet number="1">100</wcet>
            <maxpow number="0.627585623077826"/>
            <maxpow number="0.627585623077826"/>
            <fprob>0.0</fprob>
        </actor>
        <actor name="D0N19">
            <wcet number="0">20</wcet>
            <wcet number="1">60</wcet>
            <maxpow number="0.30846254014607155"/>
            <maxpow number="0.30846254014607155"/>
            <fprob>0.0</fprob>
        </actor>
        <actor name="D0N1">
            <wcet number="0">10</wcet>
            <wcet number="1">10</wcet>
            <maxpow number="0.35481335952427395"/>
            <maxpow number="0.35481335952427395"/>
            <fprob>0.0</fprob>
        </actor>
        <actor name="D0N2">
            <wcet number="0">10</wcet>
            <wcet number="1">10</wcet>
            <maxpow number="0.8459041571807638"/>
            <maxpow number="0.8459041571807638"/>
            <fprob>0.0</fprob>
        </actor>
        <actor name="D0N41">
            <wcet number="0">10</wcet>
            <wcet number="1">50</wcet>
            <maxpow number="0.7106453790610197"/>
            <maxpow number="0.7106453790610197"/>
            <fprob>0.0</fprob>
        </actor>
        <actor name="D0N42">
            <wcet number="0">10</wcet>
            <wcet number="1">80</wcet>
            <maxpow number="0.41847046003506905"/>
            <maxpow number="0.41847046003506905"/>
            <fprob>0.0</fprob>
        </actor>
        <actor name="D0N11">
            <wcet number="0">20</wcet>
            <wcet number="1">40</wcet>
            <maxpow number="0.6350699826090505"/>
            <maxpow number="0.6350699826090505"/>
            <fprob>0.0</fprob>
        </actor>
        <actor name="D0N34">
            <wcet number="0">10</wcet>
            <wcet number="1">20</wcet>
            <maxpow number="0.6278390093319532"/>
            <maxpow number="0.6278390093319532"/>
            <fprob>0.0</fprob>
        </actor>
        <actor name="D0N6">
            <wcet number="0">10</wcet>
            <wcet number="1">10</wcet>
            <maxpow number="0.5798637294891023"/>
            <maxpow number="0.5798637294891023"/>
            <fprob>0.0</fprob>
        </actor>
        <actor name="D0N17">
            <wcet number="0">90</wcet>
            <wcet number="1">110</wcet>
            <maxpow number="0.6955134417823157"/>
            <maxpow number="0.6955134417823157"/>
            <fprob>0.0</fprob>
        </actor>
        <actor name="D0N12">
            <wcet number="0">20</wcet>
            <wcet number="1">20</wcet>
            <maxpow number="0.6523523338717433"/>
            <maxpow number="0.6523523338717433"/>
            <fprob>0.0</fprob>
        </actor>
        <actor name="D0N25">
            <wcet number="0">60</wcet>
            <wcet number="1">70</wcet>
            <maxpow number="0.6352183533317595"/>
            <maxpow number="0.6352183533317595"/>
            <fprob>0.0</fprob>
        </actor>
        <actor name="D0N31">
            <wcet number="0">150</wcet>
            <wcet number="1">160</wcet>
            <maxpow number="0.6243531793438615"/>
            <maxpow number="0.6243531793438615"/>
            <fprob>0.0</fprob>
        </actor>
        <actor name="D0N8">
            <wcet number="0">40</wcet>
            <wcet number="1">50</wcet>
            <maxpow number="0.8231543670836299"/>
            <maxpow number="0.8231543670836299"/>
            <fprob>0.0</fprob>
        </actor>
        <actor name="D0N14">
            <wcet number="0">30</wcet>
            <wcet number="1">40</wcet>
            <maxpow number="0.14038713171000866"/>
            <maxpow number="0.14038713171000866"/>
            <fprob>0.0</fprob>
        </actor>
        <actor name="D0N21">
            <wcet number="0">20</wcet>
            <wcet number="1">20</wcet>
            <maxpow number="0.7824314877314045"/>
            <maxpow number="0.7824314877314045"/>
            <fprob>0.0</fprob>
        </actor>
        <actor name="D0N24">
            <wcet number="0">10</wcet>
            <wcet number="1">20</wcet>
            <maxpow number="0.7139900375497757"/>
            <maxpow number="0.7139900375497757"/>
            <fprob>0.0</fprob>
        </actor>
        <actor name="D0N22">
            <wcet number="0">20</wcet>
            <wcet number="1">60</wcet>
            <maxpow number="0.7142588905060282"/>
            <maxpow number="0.7142588905060282"/>
            <fprob>0.0</fprob>
        </actor>
        <actor name="D0N29">
            <wcet number="0">90</wcet>
            <wcet number="1">190</wcet>
            <maxpow number="0.6915202049382501"/>
            <maxpow number="0.6915202049382501"/>
            <fprob>0.0</fprob>
        </actor>
        <ports>
            <port dstActor="D0N24" name="p0" srcActor="D0N3"/>
            <port dstActor="D0N26" name="p1" srcActor="D0N3"/>
            <port dstActor="D0N37" name="p2" srcActor="D0N3"/>
            <port dstActor="D0N14" name="p3" srcActor="D0N3"/>
            <port dstActor="D0N41" name="p4" srcActor="D0N33"/>
            <port dstActor="D0N40" name="p5" srcActor="D0N36"/>
            <port dstActor="D0N16" name="p6" srcActor="D0N4"/>
            <port dstActor="D0N31" name="p7" srcActor="D0N4"/>
            <port dstActor="D0N35" name="p8" srcActor="D0N4"/>
            <port dstActor="D0N29" name="p9" srcActor="D0N4"/>
            <port dstActor="D0N18" name="p10" srcActor="D0N4"/>
            <port dstActor="D0N22" name="p11" srcActor="D0N9"/>
            <port dstActor="D0N42" name="p12" srcActor="D0N15"/>
            <port dstActor="D0N22" name="p13" srcActor="D0N15"/>
            <port dstActor="D0N16" name="p14" srcActor="D0N15"/>
            <port dstActor="D0N41" name="p15" srcActor="D0N15"/>
            <port dstActor="D0N38" name="p16" srcActor="D0N10"/>
            <port dstActor="D0N22" name="p17" srcActor="D0N10"/>
            <port dstActor="D0N17" name="p18" srcActor="D0N10"/>
            <port dstActor="D0N43" name="p19" srcActor="D0N10"/>
            <port dstActor="D0N43" name="p20" srcActor="D0N23"/>
            <port dstActor="D0N36" name="p21" srcActor="D0N23"/>
            <port dstActor="D0N33" name="p22" srcActor="D0N27"/>
            <port dstActor="D0N34" name="p23" srcActor="D0N27"/>
            <port dstActor="D0N20" name="p24" srcActor="D0N18"/>
            <port dstActor="D0N36" name="p25" srcActor="D0N18"/>
            <port dstActor="D0N11" name="p26" srcActor="D0N7"/>
            <port dstActor="D0N25" name="p27" srcActor="D0N7"/>
            <port dstActor="D0N35" name="p28" srcActor="D0N7"/>
            <port dstActor="D0N24" name="p29" srcActor="D0N7"/>
            <port dstActor="D0N41" name="p30" srcActor="D0N7"/>
            <port dstActor="D0N27" name="p31" srcActor="D0N7"/>
            <port dstActor="D0N37" name="p32" srcActor="D0N35"/>
            <port dstActor="D0N41" name="p33" srcActor="D0N38"/>
            <port dstActor="D0N13" name="p34" srcActor="D0N0"/>
            <port dstActor="D0N2" name="p35" srcActor="D0N0"/>
            <port dstActor="D0N38" name="p36" srcActor="D0N0"/>
            <port dstActor="D0N5" name="p37" srcActor="D0N0"/>
            <port dstActor="D0N15" name="p38" srcActor="D0N0"/>
            <port dstActor="D0N24" name="p39" srcActor="D0N16"/>
            <port dstActor="D0N27" name="p40" srcActor="D0N16"/>
            <port dstActor="D0N23" name="p41" srcActor="D0N16"/>
            <port dstActor="D0N43" name="p42" srcActor="D0N5"/>
            <port dstActor="D0N34" name="p43" srcActor="D0N32"/>
            <port dstActor="D0N14" name="p44" srcActor="D0N13"/>
            <port dstActor="D0N40" name="p45" srcActor="D0N13"/>
            <port dstActor="D0N41" name="p46" srcActor="D0N13"/>
            <port dstActor="D0N20" name="p47" srcActor="D0N13"/>
            <port dstActor="D0N38" name="p48" srcActor="D0N13"/>
            <port dstActor="D0N31" name="p49" srcActor="D0N30"/>
            <port dstActor="D0N34" name="p50" srcActor="D0N30"/>
            <port dstActor="D0N33" name="p51" srcActor="D0N30"/>
            <port dstActor="D0N39" name="p52" srcActor="D0N30"/>
            <port dstActor="D0N27" name="p53" srcActor="D0N26"/>
            <port dstActor="D0N36" name="p54" srcActor="D0N26"/>
            <port dstActor="D0N40" name="p55" srcActor="D0N26"/>
            <port dstActor="D0N35" name="p56" srcActor="D0N26"/>
            <port dstActor="D0N33" name="p57" srcActor="D0N26"/>
            <port dstActor="D0N27" name="p58" srcActor="D0N19"/>
            <port dstActor="D0N28" name="p59" srcActor="D0N19"/>
            <port dstActor="D0N40" name="p60" srcActor="D0N19"/>
            <port dstActor="D0N24" name="p61" srcActor="D0N19"/>
            <port dstActor="D0N13" name="p62" srcActor="D0N1"/>
            <port dstActor="D0N3" name="p63" srcActor="D0N2"/>
            <port dstActor="D0N14" name="p64" srcActor="D0N2"/>
            <port dstActor="D0N23" name="p65" srcActor="D0N2"/>
            <port dstActor="D0N27" name="p66" srcActor="D0N2"/>
            <port dstActor="D0N32" name="p67" srcActor="D0N11"/>
            <port dstActor="D0N41" name="p68" srcActor="D0N11"/>
            <port dstActor="D0N20" name="p69" srcActor="D0N6"/>
            <port dstActor="D0N38" name="p70" srcActor="D0N6"/>
            <port dstActor="D0N30" name="p71" srcActor="D0N6"/>
            <port dstActor="D0N36" name="p72" srcActor="D0N17"/>
            <port dstActor="D0N13" name="p73" srcActor="D0N12"/>
            <port dstActor="D0N35" name="p74" srcActor="D0N12"/>
            <port dstActor="D0N18" name="p75" srcActor="D0N12"/>
            <port dstActor="D0N30" name="p76" srcActor="D0N12"/>
            <port dstActor="D0N28" name="p77" srcActor="D0N25"/>
            <port dstActor="D0N40" name="p78" srcActor="D0N25"/>
            <port dstActor="D0N38" name="p79" srcActor="D0N31"/>
            <port dstActor="D0N35" name="p80" srcActor="D0N31"/>
            <port dstActor="D0N39" name="p81" srcActor="D0N8"/>
            <port dstActor="D0N37" name="p82" srcActor="D0N8"/>
            <port dstActor="D0N25" name="p83" srcActor="D0N8"/>
            <port dstActor="D0N25" name="p84" srcActor="D0N14"/>
            <port dstActor="D0N24" name="p85" srcActor="D0N14"/>
            <port dstActor="D0N41" name="p86" srcActor="D0N14"/>
            <port dstActor="D0N28" name="p87" srcActor="D0N21"/>
            <port dstActor="D0N25" name="p88" srcActor="D0N21"/>
            <port dstActor="D0N29" name="p89" srcActor="D0N21"/>
            <port dstActor="D0N33" name="p90" srcActor="D0N21"/>
            <port dstActor="D0N31" name="p91" srcActor="D0N21"/>
            <port dstActor="D0N36" name="p92" srcActor="D0N21"/>
            <port dstActor="D0N22" name="p93" srcActor="D0N21"/>
            <port dstActor="D0N42" name="p94" srcActor="D0N24"/>
            <port dstActor="D0N27" name="p95" srcActor="D0N24"/>
            <port dstActor="D0N41" name="p96" srcActor="D0N24"/>
            <port dstActor="D0N31" name="p97" srcActor="D0N22"/>
            <port dstActor="D0N39" name="p98" srcActor="D0N29"/>
            <port dstActor="D0N41" name="p99" srcActor="D0N29"/>
        </ports>
    </mcdag>
    <cores number="3"/>
    <levels number="2"/>
</mcsystem>
