<?xml version="1.0" encoding="UTF-8" standalone="no"?>
<mcsystem>
    <mcdag deadline="2200" name="genned-0-ed-10.0-0">
        <actor name="D0N27">
            <wcet number="0">20</wcet>
            <wcet number="1">20</wcet>
            <maxpow number="0.5969828127906495"/>
            <maxpow number="0.5969828127906495"/>
            <fprob>0.0</fprob>
        </actor>
        <actor name="D0N34">
            <wcet number="0">90</wcet>
            <wcet number="1">100</wcet>
            <maxpow number="0.5695791393752883"/>
            <maxpow number="0.5695791393752883"/>
            <fprob>0.0</fprob>
        </actor>
        <actor name="D0N47">
            <wcet number="0">210</wcet>
            <wcet number="1">210</wcet>
            <maxpow number="0.5595388642810891"/>
            <maxpow number="0.5595388642810891"/>
            <fprob>0.0</fprob>
        </actor>
        <actor name="D0N2">
            <wcet number="0">90</wcet>
            <wcet number="1">120</wcet>
            <maxpow number="0.42823782027185525"/>
            <maxpow number="0.42823782027185525"/>
            <fprob>0.0</fprob>
        </actor>
        <actor name="D0N38">
            <wcet number="0">10</wcet>
            <wcet number="1">30</wcet>
            <maxpow number="0.624902065860693"/>
            <maxpow number="0.624902065860693"/>
            <fprob>0.0</fprob>
        </actor>
        <actor name="D0N46">
            <wcet number="0">40</wcet>
            <wcet number="1">140</wcet>
            <maxpow number="0.38268892208701244"/>
            <maxpow number="0.38268892208701244"/>
            <fprob>0.0</fprob>
        </actor>
        <actor name="D0N43">
            <wcet number="0">20</wcet>
            <wcet number="1">40</wcet>
            <maxpow number="0.7532409937813686"/>
            <maxpow number="0.7532409937813686"/>
            <fprob>0.0</fprob>
        </actor>
        <actor name="D0N28">
            <wcet number="0">110</wcet>
            <wcet number="1">190</wcet>
            <maxpow number="0.7377236870886197"/>
            <maxpow number="0.7377236870886197"/>
            <fprob>0.0</fprob>
        </actor>
        <actor name="D0N35">
            <wcet number="0">70</wcet>
            <wcet number="1">170</wcet>
            <maxpow number="0.4141655290741787"/>
            <maxpow number="0.4141655290741787"/>
            <fprob>0.0</fprob>
        </actor>
        <actor name="D0N12">
            <wcet number="0">10</wcet>
            <wcet number="1">10</wcet>
            <maxpow number="0.9220593903785506"/>
            <maxpow number="0.9220593903785506"/>
            <fprob>0.0</fprob>
        </actor>
        <actor name="D0N42">
            <wcet number="0">80</wcet>
            <wcet number="1">150</wcet>
            <maxpow number="0.4324843245532839"/>
            <maxpow number="0.4324843245532839"/>
            <fprob>0.0</fprob>
        </actor>
        <actor name="D0N11">
            <wcet number="0">90</wcet>
            <wcet number="1">180</wcet>
            <maxpow number="0.5792244348829935"/>
            <maxpow number="0.5792244348829935"/>
            <fprob>0.0</fprob>
        </actor>
        <actor name="D0N19">
            <wcet number="0">50</wcet>
            <wcet number="1">120</wcet>
            <maxpow number="0.8162360909408253"/>
            <maxpow number="0.8162360909408253"/>
            <fprob>0.0</fprob>
        </actor>
        <actor name="D0N4">
            <wcet number="0">350</wcet>
            <wcet number="1">390</wcet>
            <maxpow number="0.3666655019243999"/>
            <maxpow number="0.3666655019243999"/>
            <fprob>0.0</fprob>
        </actor>
        <actor name="D0N20">
            <wcet number="0">40</wcet>
            <wcet number="1">50</wcet>
            <maxpow number="0.7401819958993631"/>
            <maxpow number="0.7401819958993631"/>
            <fprob>0.0</fprob>
        </actor>
        <actor name="D0N5">
            <wcet number="0">170</wcet>
            <wcet number="1">190</wcet>
            <maxpow number="0.5415810310376"/>
            <maxpow number="0.5415810310376"/>
            <fprob>0.0</fprob>
        </actor>
        <actor name="D0N30">
            <wcet number="0">40</wcet>
            <wcet number="1">90</wcet>
            <maxpow number="0.6598943865284583"/>
            <maxpow number="0.6598943865284583"/>
            <fprob>0.0</fprob>
        </actor>
        <actor name="D0N18">
            <wcet number="0">110</wcet>
            <wcet number="1">190</wcet>
            <maxpow number="0.6026052447463431"/>
            <maxpow number="0.6026052447463431"/>
            <fprob>0.0</fprob>
        </actor>
        <actor name="D0N32">
            <wcet number="0">40</wcet>
            <wcet number="1">60</wcet>
            <maxpow number="0.7515248986254298"/>
            <maxpow number="0.7515248986254298"/>
            <fprob>0.0</fprob>
        </actor>
        <actor name="D0N22">
            <wcet number="0">50</wcet>
            <wcet number="1">130</wcet>
            <maxpow number="0.5535408105067698"/>
            <maxpow number="0.5535408105067698"/>
            <fprob>0.0</fprob>
        </actor>
        <actor name="D0N23">
            <wcet number="0">70</wcet>
            <wcet number="1">100</wcet>
            <maxpow number="0.390993502940323"/>
            <maxpow number="0.390993502940323"/>
            <fprob>0.0</fprob>
        </actor>
        <actor name="D0N16">
            <wcet number="0">20</wcet>
            <wcet number="1">50</wcet>
            <maxpow number="0.6605246214819293"/>
            <maxpow number="0.6605246214819293"/>
            <fprob>0.0</fprob>
        </actor>
        <actor name="D0N31">
            <wcet number="0">130</wcet>
            <wcet number="1">190</wcet>
            <maxpow number="0.6098890842809683"/>
            <maxpow number="0.6098890842809683"/>
            <fprob>0.0</fprob>
        </actor>
        <actor name="D0N3">
            <wcet number="0">70</wcet>
            <wcet number="1">70</wcet>
            <maxpow number="0.6060713683707706"/>
            <maxpow number="0.6060713683707706"/>
            <fprob>0.0</fprob>
        </actor>
        <actor name="D0N9">
            <wcet number="0">110</wcet>
            <wcet number="1">150</wcet>
            <maxpow number="0.4868409000382342"/>
            <maxpow number="0.4868409000382342"/>
            <fprob>0.0</fprob>
        </actor>
        <actor name="D0N21">
            <wcet number="0">30</wcet>
            <wcet number="1">30</wcet>
            <maxpow number="0.4623676470418745"/>
            <maxpow number="0.4623676470418745"/>
            <fprob>0.0</fprob>
        </actor>
        <actor name="D0N6">
            <wcet number="0">50</wcet>
            <wcet number="1">120</wcet>
            <maxpow number="0.4955338662679178"/>
            <maxpow number="0.4955338662679178"/>
            <fprob>0.0</fprob>
        </actor>
        <actor name="D0N24">
            <wcet number="0">150</wcet>
            <wcet number="1">300</wcet>
            <maxpow number="0.7632888740051756"/>
            <maxpow number="0.7632888740051756"/>
            <fprob>0.0</fprob>
        </actor>
        <actor name="D0N39">
            <wcet number="0">100</wcet>
            <wcet number="1">150</wcet>
            <maxpow number="0.7001800619996543"/>
            <maxpow number="0.7001800619996543"/>
            <fprob>0.0</fprob>
        </actor>
        <actor name="D0N44">
            <wcet number="0">260</wcet>
            <wcet number="1">370</wcet>
            <maxpow number="0.7262935906932604"/>
            <maxpow number="0.7262935906932604"/>
            <fprob>0.0</fprob>
        </actor>
        <actor name="D0N8">
            <wcet number="0">20</wcet>
            <wcet number="1">40</wcet>
            <maxpow number="0.3055635915434858"/>
            <maxpow number="0.3055635915434858"/>
            <fprob>0.0</fprob>
        </actor>
        <actor name="D0N40">
            <wcet number="0">30</wcet>
            <wcet number="1">30</wcet>
            <maxpow number="0.45556130352027935"/>
            <maxpow number="0.45556130352027935"/>
            <fprob>0.0</fprob>
        </actor>
        <actor name="D0N41">
            <wcet number="0">30</wcet>
            <wcet number="1">70</wcet>
            <maxpow number="0.3617059709839489"/>
            <maxpow number="0.3617059709839489"/>
            <fprob>0.0</fprob>
        </actor>
        <actor name="D0N14">
            <wcet number="0">510</wcet>
            <wcet number="1">560</wcet>
            <maxpow number="1.0844981474413822"/>
            <maxpow number="1.0844981474413822"/>
            <fprob>0.0</fprob>
        </actor>
        <actor name="D0N45">
            <wcet number="0">10</wcet>
            <wcet number="1">50</wcet>
            <maxpow number="0.3256598693944908"/>
            <maxpow number="0.3256598693944908"/>
            <fprob>0.0</fprob>
        </actor>
        <actor name="D0N36">
            <wcet number="0">10</wcet>
            <wcet number="1">90</wcet>
            <maxpow number="0.26045521560240675"/>
            <maxpow number="0.26045521560240675"/>
            <fprob>0.0</fprob>
        </actor>
        <actor name="D0N10">
            <wcet number="0">30</wcet>
            <wcet number="1">80</wcet>
            <maxpow number="0.23017861337233336"/>
            <maxpow number="0.23017861337233336"/>
            <fprob>0.0</fprob>
        </actor>
        <actor name="D0N33">
            <wcet number="0">30</wcet>
            <wcet number="1">30</wcet>
            <maxpow number="0.5563830265988566"/>
            <maxpow number="0.5563830265988566"/>
            <fprob>0.0</fprob>
        </actor>
        <actor name="D0N7">
            <wcet number="0">50</wcet>
            <wcet number="1">90</wcet>
            <maxpow number="0.8755668017920806"/>
            <maxpow number="0.8755668017920806"/>
            <fprob>0.0</fprob>
        </actor>
        <actor name="D0N26">
            <wcet number="0">60</wcet>
            <wcet number="1">250</wcet>
            <maxpow number="0.6542642329995706"/>
            <maxpow number="0.6542642329995706"/>
            <fprob>0.0</fprob>
        </actor>
        <actor name="D0N37">
            <wcet number="0">10</wcet>
            <wcet number="1">300</wcet>
            <maxpow number="0.7694415341652847"/>
            <maxpow number="0.7694415341652847"/>
            <fprob>0.0</fprob>
        </actor>
        <actor name="D0N15">
            <wcet number="0">50</wcet>
            <wcet number="1">90</wcet>
            <maxpow number="0.637688648213629"/>
            <maxpow number="0.637688648213629"/>
            <fprob>0.0</fprob>
        </actor>
        <actor name="D0N1">
            <wcet number="0">10</wcet>
            <wcet number="1">10</wcet>
            <maxpow number="0.39997211972712265"/>
            <maxpow number="0.39997211972712265"/>
            <fprob>0.0</fprob>
        </actor>
        <actor name="D0N17">
            <wcet number="0">10</wcet>
            <wcet number="1">10</wcet>
            <maxpow number="0.5000881736654249"/>
            <maxpow number="0.5000881736654249"/>
            <fprob>0.0</fprob>
        </actor>
        <actor name="D0N25">
            <wcet number="0">10</wcet>
            <wcet number="1">10</wcet>
            <maxpow number="0.5709309146663295"/>
            <maxpow number="0.5709309146663295"/>
            <fprob>0.0</fprob>
        </actor>
        <actor name="D0N0">
            <wcet number="0">40</wcet>
            <wcet number="1">70</wcet>
            <maxpow number="0.4948869136875435"/>
            <maxpow number="0.4948869136875435"/>
            <fprob>0.0</fprob>
        </actor>
        <actor name="D0N29">
            <wcet number="0">90</wcet>
            <wcet number="1">90</wcet>
            <maxpow number="0.6987385245364022"/>
            <maxpow number="0.6987385245364022"/>
            <fprob>0.0</fprob>
        </actor>
        <actor name="D0N13">
            <wcet number="0">120</wcet>
            <wcet number="1">180</wcet>
            <maxpow number="0.7402370199239255"/>
            <maxpow number="0.7402370199239255"/>
            <fprob>0.0</fprob>
        </actor>
        <ports>
            <port dstActor="D0N42" name="p0" srcActor="D0N27"/>
            <port dstActor="D0N45" name="p1" srcActor="D0N34"/>
            <port dstActor="D0N7" name="p2" srcActor="D0N2"/>
            <port dstActor="D0N14" name="p3" srcActor="D0N2"/>
            <port dstActor="D0N42" name="p4" srcActor="D0N2"/>
            <port dstActor="D0N17" name="p5" srcActor="D0N2"/>
            <port dstActor="D0N47" name="p6" srcActor="D0N38"/>
            <port dstActor="D0N42" name="p7" srcActor="D0N28"/>
            <port dstActor="D0N37" name="p8" srcActor="D0N28"/>
            <port dstActor="D0N43" name="p9" srcActor="D0N35"/>
            <port dstActor="D0N38" name="p10" srcActor="D0N35"/>
            <port dstActor="D0N35" name="p11" srcActor="D0N12"/>
            <port dstActor="D0N18" name="p12" srcActor="D0N12"/>
            <port dstActor="D0N47" name="p13" srcActor="D0N42"/>
            <port dstActor="D0N37" name="p14" srcActor="D0N11"/>
            <port dstActor="D0N21" name="p15" srcActor="D0N11"/>
            <port dstActor="D0N38" name="p16" srcActor="D0N11"/>
            <port dstActor="D0N20" name="p17" srcActor="D0N19"/>
            <port dstActor="D0N27" name="p18" srcActor="D0N19"/>
            <port dstActor="D0N21" name="p19" srcActor="D0N19"/>
            <port dstActor="D0N26" name="p20" srcActor="D0N19"/>
            <port dstActor="D0N35" name="p21" srcActor="D0N19"/>
            <port dstActor="D0N44" name="p22" srcActor="D0N4"/>
            <port dstActor="D0N25" name="p23" srcActor="D0N4"/>
            <port dstActor="D0N8" name="p24" srcActor="D0N4"/>
            <port dstActor="D0N29" name="p25" srcActor="D0N4"/>
            <port dstActor="D0N38" name="p26" srcActor="D0N4"/>
            <port dstActor="D0N23" name="p27" srcActor="D0N4"/>
            <port dstActor="D0N14" name="p28" srcActor="D0N4"/>
            <port dstActor="D0N33" name="p29" srcActor="D0N20"/>
            <port dstActor="D0N29" name="p30" srcActor="D0N20"/>
            <port dstActor="D0N43" name="p31" srcActor="D0N20"/>
            <port dstActor="D0N34" name="p32" srcActor="D0N20"/>
            <port dstActor="D0N41" name="p33" srcActor="D0N5"/>
            <port dstActor="D0N17" name="p34" srcActor="D0N5"/>
            <port dstActor="D0N36" name="p35" srcActor="D0N5"/>
            <port dstActor="D0N30" name="p36" srcActor="D0N5"/>
            <port dstActor="D0N39" name="p37" srcActor="D0N30"/>
            <port dstActor="D0N34" name="p38" srcActor="D0N30"/>
            <port dstActor="D0N43" name="p39" srcActor="D0N30"/>
            <port dstActor="D0N42" name="p40" srcActor="D0N30"/>
            <port dstActor="D0N30" name="p41" srcActor="D0N18"/>
            <port dstActor="D0N23" name="p42" srcActor="D0N18"/>
            <port dstActor="D0N29" name="p43" srcActor="D0N18"/>
            <port dstActor="D0N31" name="p44" srcActor="D0N18"/>
            <port dstActor="D0N47" name="p45" srcActor="D0N18"/>
            <port dstActor="D0N25" name="p46" srcActor="D0N18"/>
            <port dstActor="D0N41" name="p47" srcActor="D0N32"/>
            <port dstActor="D0N37" name="p48" srcActor="D0N32"/>
            <port dstActor="D0N44" name="p49" srcActor="D0N22"/>
            <port dstActor="D0N42" name="p50" srcActor="D0N22"/>
            <port dstActor="D0N25" name="p51" srcActor="D0N23"/>
            <port dstActor="D0N39" name="p52" srcActor="D0N23"/>
            <port dstActor="D0N34" name="p53" srcActor="D0N23"/>
            <port dstActor="D0N37" name="p54" srcActor="D0N23"/>
            <port dstActor="D0N29" name="p55" srcActor="D0N16"/>
            <port dstActor="D0N36" name="p56" srcActor="D0N16"/>
            <port dstActor="D0N44" name="p57" srcActor="D0N16"/>
            <port dstActor="D0N33" name="p58" srcActor="D0N16"/>
            <port dstActor="D0N42" name="p59" srcActor="D0N31"/>
            <port dstActor="D0N4" name="p60" srcActor="D0N3"/>
            <port dstActor="D0N29" name="p61" srcActor="D0N3"/>
            <port dstActor="D0N35" name="p62" srcActor="D0N3"/>
            <port dstActor="D0N46" name="p63" srcActor="D0N3"/>
            <port dstActor="D0N22" name="p64" srcActor="D0N3"/>
            <port dstActor="D0N43" name="p65" srcActor="D0N3"/>
            <port dstActor="D0N42" name="p66" srcActor="D0N9"/>
            <port dstActor="D0N36" name="p67" srcActor="D0N9"/>
            <port dstActor="D0N12" name="p68" srcActor="D0N9"/>
            <port dstActor="D0N33" name="p69" srcActor="D0N21"/>
            <port dstActor="D0N25" name="p70" srcActor="D0N21"/>
            <port dstActor="D0N39" name="p71" srcActor="D0N21"/>
            <port dstActor="D0N27" name="p72" srcActor="D0N6"/>
            <port dstActor="D0N8" name="p73" srcActor="D0N6"/>
            <port dstActor="D0N45" name="p74" srcActor="D0N6"/>
            <port dstActor="D0N16" name="p75" srcActor="D0N6"/>
            <port dstActor="D0N29" name="p76" srcActor="D0N6"/>
            <port dstActor="D0N36" name="p77" srcActor="D0N24"/>
            <port dstActor="D0N38" name="p78" srcActor="D0N24"/>
            <port dstActor="D0N47" name="p79" srcActor="D0N39"/>
            <port dstActor="D0N37" name="p80" srcActor="D0N8"/>
            <port dstActor="D0N45" name="p81" srcActor="D0N41"/>
            <port dstActor="D0N16" name="p82" srcActor="D0N14"/>
            <port dstActor="D0N45" name="p83" srcActor="D0N36"/>
            <port dstActor="D0N41" name="p84" srcActor="D0N10"/>
            <port dstActor="D0N12" name="p85" srcActor="D0N10"/>
            <port dstActor="D0N46" name="p86" srcActor="D0N33"/>
            <port dstActor="D0N20" name="p87" srcActor="D0N7"/>
            <port dstActor="D0N34" name="p88" srcActor="D0N26"/>
            <port dstActor="D0N45" name="p89" srcActor="D0N26"/>
            <port dstActor="D0N44" name="p90" srcActor="D0N15"/>
            <port dstActor="D0N46" name="p91" srcActor="D0N15"/>
            <port dstActor="D0N45" name="p92" srcActor="D0N15"/>
            <port dstActor="D0N40" name="p93" srcActor="D0N15"/>
            <port dstActor="D0N18" name="p94" srcActor="D0N15"/>
            <port dstActor="D0N39" name="p95" srcActor="D0N1"/>
            <port dstActor="D0N7" name="p96" srcActor="D0N1"/>
            <port dstActor="D0N5" name="p97" srcActor="D0N1"/>
            <port dstActor="D0N45" name="p98" srcActor="D0N1"/>
            <port dstActor="D0N19" name="p99" srcActor="D0N1"/>
            <port dstActor="D0N11" name="p100" srcActor="D0N1"/>
            <port dstActor="D0N32" name="p101" srcActor="D0N17"/>
            <port dstActor="D0N24" name="p102" srcActor="D0N17"/>
            <port dstActor="D0N19" name="p103" srcActor="D0N17"/>
            <port dstActor="D0N40" name="p104" srcActor="D0N17"/>
            <port dstActor="D0N37" name="p105" srcActor="D0N25"/>
            <port dstActor="D0N43" name="p106" srcActor="D0N25"/>
            <port dstActor="D0N46" name="p107" srcActor="D0N25"/>
            <port dstActor="D0N45" name="p108" srcActor="D0N0"/>
            <port dstActor="D0N32" name="p109" srcActor="D0N0"/>
            <port dstActor="D0N1" name="p110" srcActor="D0N0"/>
            <port dstActor="D0N22" name="p111" srcActor="D0N0"/>
            <port dstActor="D0N40" name="p112" srcActor="D0N29"/>
            <port dstActor="D0N36" name="p113" srcActor="D0N13"/>
            <port dstActor="D0N30" name="p114" srcActor="D0N13"/>
        </ports>
    </mcdag>
    <cores number="3"/>
    <levels number="2"/>
</mcsystem>
