<?xml version="1.0" encoding="UTF-8" standalone="no"?>
<mcsystem>
    <mcdag deadline="2000" name="genned-0-ed-10.0-0">
        <actor name="D0N23">
            <wcet number="0">200</wcet>
            <wcet number="1">300</wcet>
            <maxpow number="0.5831505034070871"/>
            <maxpow number="0.5831505034070871"/>
            <fprob>0.0</fprob>
        </actor>
        <actor name="D0N35">
            <wcet number="0">200</wcet>
            <wcet number="1">250</wcet>
            <maxpow number="0.6609456630438129"/>
            <maxpow number="0.6609456630438129"/>
            <fprob>0.0</fprob>
        </actor>
        <actor name="D0N36">
            <wcet number="0">20</wcet>
            <wcet number="1">50</wcet>
            <maxpow number="0.5356763646627488"/>
            <maxpow number="0.5356763646627488"/>
            <fprob>0.0</fprob>
        </actor>
        <actor name="D0N44">
            <wcet number="0">30</wcet>
            <wcet number="1">140</wcet>
            <maxpow number="0.176484645783604"/>
            <maxpow number="0.176484645783604"/>
            <fprob>0.0</fprob>
        </actor>
        <actor name="D0N42">
            <wcet number="0">160</wcet>
            <wcet number="1">200</wcet>
            <maxpow number="0.8543401213838004"/>
            <maxpow number="0.8543401213838004"/>
            <fprob>0.0</fprob>
        </actor>
        <actor name="D0N12">
            <wcet number="0">70</wcet>
            <wcet number="1">70</wcet>
            <maxpow number="0.4790110154572448"/>
            <maxpow number="0.4790110154572448"/>
            <fprob>0.0</fprob>
        </actor>
        <actor name="D0N31">
            <wcet number="0">50</wcet>
            <wcet number="1">140</wcet>
            <maxpow number="0.26016510466658654"/>
            <maxpow number="0.26016510466658654"/>
            <fprob>0.0</fprob>
        </actor>
        <actor name="D0N33">
            <wcet number="0">130</wcet>
            <wcet number="1">370</wcet>
            <maxpow number="0.3597172005152815"/>
            <maxpow number="0.3597172005152815"/>
            <fprob>0.0</fprob>
        </actor>
        <actor name="D0N10">
            <wcet number="0">270</wcet>
            <wcet number="1">270</wcet>
            <maxpow number="0.34728800409675586"/>
            <maxpow number="0.34728800409675586"/>
            <fprob>0.0</fprob>
        </actor>
        <actor name="D0N41">
            <wcet number="0">10</wcet>
            <wcet number="1">10</wcet>
            <maxpow number="0.7688348058218366"/>
            <maxpow number="0.7688348058218366"/>
            <fprob>0.0</fprob>
        </actor>
        <actor name="D0N6">
            <wcet number="0">90</wcet>
            <wcet number="1">170</wcet>
            <maxpow number="0.8218548838350341"/>
            <maxpow number="0.8218548838350341"/>
            <fprob>0.0</fprob>
        </actor>
        <actor name="D0N43">
            <wcet number="0">300</wcet>
            <wcet number="1">370</wcet>
            <maxpow number="0.5553023228956226"/>
            <maxpow number="0.5553023228956226"/>
            <fprob>0.0</fprob>
        </actor>
        <actor name="D0N17">
            <wcet number="0">60</wcet>
            <wcet number="1">70</wcet>
            <maxpow number="0.6705792575437243"/>
            <maxpow number="0.6705792575437243"/>
            <fprob>0.0</fprob>
        </actor>
        <actor name="D0N37">
            <wcet number="0">30</wcet>
            <wcet number="1">30</wcet>
            <maxpow number="0.5484087456952278"/>
            <maxpow number="0.5484087456952278"/>
            <fprob>0.0</fprob>
        </actor>
        <actor name="D0N26">
            <wcet number="0">20</wcet>
            <wcet number="1">40</wcet>
            <maxpow number="0.7449933240868065"/>
            <maxpow number="0.7449933240868065"/>
            <fprob>0.0</fprob>
        </actor>
        <actor name="D0N14">
            <wcet number="0">30</wcet>
            <wcet number="1">30</wcet>
            <maxpow number="0.4855342013850809"/>
            <maxpow number="0.4855342013850809"/>
            <fprob>0.0</fprob>
        </actor>
        <actor name="D0N11">
            <wcet number="0">10</wcet>
            <wcet number="1">10</wcet>
            <maxpow number="0.5504905969214227"/>
            <maxpow number="0.5504905969214227"/>
            <fprob>0.0</fprob>
        </actor>
        <actor name="D0N5">
            <wcet number="0">100</wcet>
            <wcet number="1">220</wcet>
            <maxpow number="0.39123813389134465"/>
            <maxpow number="0.39123813389134465"/>
            <fprob>0.0</fprob>
        </actor>
        <actor name="D0N39">
            <wcet number="0">20</wcet>
            <wcet number="1">20</wcet>
            <maxpow number="0.5398530977770362"/>
            <maxpow number="0.5398530977770362"/>
            <fprob>0.0</fprob>
        </actor>
        <actor name="D0N8">
            <wcet number="0">10</wcet>
            <wcet number="1">30</wcet>
            <maxpow number="0.6177070232309948"/>
            <maxpow number="0.6177070232309948"/>
            <fprob>0.0</fprob>
        </actor>
        <actor name="D0N20">
            <wcet number="0">10</wcet>
            <wcet number="1">70</wcet>
            <maxpow number="0.7374589519437982"/>
            <maxpow number="0.7374589519437982"/>
            <fprob>0.0</fprob>
        </actor>
        <actor name="D0N16">
            <wcet number="0">10</wcet>
            <wcet number="1">10</wcet>
            <maxpow number="0.7640781968861602"/>
            <maxpow number="0.7640781968861602"/>
            <fprob>0.0</fprob>
        </actor>
        <actor name="D0N34">
            <wcet number="0">80</wcet>
            <wcet number="1">90</wcet>
            <maxpow number="0.7235266722629803"/>
            <maxpow number="0.7235266722629803"/>
            <fprob>0.0</fprob>
        </actor>
        <actor name="D0N27">
            <wcet number="0">10</wcet>
            <wcet number="1">10</wcet>
            <maxpow number="0.3881213421112055"/>
            <maxpow number="0.3881213421112055"/>
            <fprob>0.0</fprob>
        </actor>
        <actor name="D0N4">
            <wcet number="0">40</wcet>
            <wcet number="1">70</wcet>
            <maxpow number="0.38721733453623297"/>
            <maxpow number="0.38721733453623297"/>
            <fprob>0.0</fprob>
        </actor>
        <actor name="D0N45">
            <wcet number="0">20</wcet>
            <wcet number="1">20</wcet>
            <maxpow number="0.6427011018151193"/>
            <maxpow number="0.6427011018151193"/>
            <fprob>0.0</fprob>
        </actor>
        <actor name="D0N28">
            <wcet number="0">10</wcet>
            <wcet number="1">30</wcet>
            <maxpow number="0.35370437373030245"/>
            <maxpow number="0.35370437373030245"/>
            <fprob>0.0</fprob>
        </actor>
        <actor name="D0N18">
            <wcet number="0">140</wcet>
            <wcet number="1">200</wcet>
            <maxpow number="0.3289943742968313"/>
            <maxpow number="0.3289943742968313"/>
            <fprob>0.0</fprob>
        </actor>
        <actor name="D0N9">
            <wcet number="0">20</wcet>
            <wcet number="1">110</wcet>
            <maxpow number="0.7295324198193299"/>
            <maxpow number="0.7295324198193299"/>
            <fprob>0.0</fprob>
        </actor>
        <actor name="D0N3">
            <wcet number="0">160</wcet>
            <wcet number="1">160</wcet>
            <maxpow number="0.8097172880445971"/>
            <maxpow number="0.8097172880445971"/>
            <fprob>0.0</fprob>
        </actor>
        <actor name="D0N21">
            <wcet number="0">20</wcet>
            <wcet number="1">20</wcet>
            <maxpow number="0.4958917299331922"/>
            <maxpow number="0.4958917299331922"/>
            <fprob>0.0</fprob>
        </actor>
        <actor name="D0N19">
            <wcet number="0">80</wcet>
            <wcet number="1">120</wcet>
            <maxpow number="0.6087275170279957"/>
            <maxpow number="0.6087275170279957"/>
            <fprob>0.0</fprob>
        </actor>
        <actor name="D0N24">
            <wcet number="0">70</wcet>
            <wcet number="1">100</wcet>
            <maxpow number="0.595832716510203"/>
            <maxpow number="0.595832716510203"/>
            <fprob>0.0</fprob>
        </actor>
        <actor name="D0N25">
            <wcet number="0">150</wcet>
            <wcet number="1">160</wcet>
            <maxpow number="0.5859368971555375"/>
            <maxpow number="0.5859368971555375"/>
            <fprob>0.0</fprob>
        </actor>
        <actor name="D0N40">
            <wcet number="0">60</wcet>
            <wcet number="1">70</wcet>
            <maxpow number="0.6537872587829354"/>
            <maxpow number="0.6537872587829354"/>
            <fprob>0.0</fprob>
        </actor>
        <actor name="D0N15">
            <wcet number="0">60</wcet>
            <wcet number="1">140</wcet>
            <maxpow number="0.49341456431248487"/>
            <maxpow number="0.49341456431248487"/>
            <fprob>0.0</fprob>
        </actor>
        <actor name="D0N1">
            <wcet number="0">20</wcet>
            <wcet number="1">40</wcet>
            <maxpow number="0.4747609417551317"/>
            <maxpow number="0.4747609417551317"/>
            <fprob>0.0</fprob>
        </actor>
        <actor name="D0N32">
            <wcet number="0">30</wcet>
            <wcet number="1">60</wcet>
            <maxpow number="0.34314586808125214"/>
            <maxpow number="0.34314586808125214"/>
            <fprob>0.0</fprob>
        </actor>
        <actor name="D0N13">
            <wcet number="0">140</wcet>
            <wcet number="1">140</wcet>
            <maxpow number="0.3876590022283567"/>
            <maxpow number="0.3876590022283567"/>
            <fprob>0.0</fprob>
        </actor>
        <actor name="D0N38">
            <wcet number="0">110</wcet>
            <wcet number="1">110</wcet>
            <maxpow number="0.6563345375181153"/>
            <maxpow number="0.6563345375181153"/>
            <fprob>0.0</fprob>
        </actor>
        <actor name="D0N0">
            <wcet number="0">100</wcet>
            <wcet number="1">140</wcet>
            <maxpow number="0.6068208595735244"/>
            <maxpow number="0.6068208595735244"/>
            <fprob>0.0</fprob>
        </actor>
        <actor name="D0N22">
            <wcet number="0">10</wcet>
            <wcet number="1">10</wcet>
            <maxpow number="0.5655166439994556"/>
            <maxpow number="0.5655166439994556"/>
            <fprob>0.0</fprob>
        </actor>
        <actor name="D0N30">
            <wcet number="0">40</wcet>
            <wcet number="1">140</wcet>
            <maxpow number="0.35071880873522876"/>
            <maxpow number="0.35071880873522876"/>
            <fprob>0.0</fprob>
        </actor>
        <actor name="D0N7">
            <wcet number="0">50</wcet>
            <wcet number="1">60</wcet>
            <maxpow number="0.3863254456616888"/>
            <maxpow number="0.3863254456616888"/>
            <fprob>0.0</fprob>
        </actor>
        <actor name="D0N29">
            <wcet number="0">100</wcet>
            <wcet number="1">160</wcet>
            <maxpow number="0.8553351792295062"/>
            <maxpow number="0.8553351792295062"/>
            <fprob>0.0</fprob>
        </actor>
        <actor name="D0N2">
            <wcet number="0">10</wcet>
            <wcet number="1">90</wcet>
            <maxpow number="0.442347257251953"/>
            <maxpow number="0.442347257251953"/>
            <fprob>0.0</fprob>
        </actor>
        <actor name="D0N46">
            <wcet number="0">20</wcet>
            <wcet number="1">80</wcet>
            <maxpow number="0.4725258283399881"/>
            <maxpow number="0.4725258283399881"/>
            <fprob>0.0</fprob>
        </actor>
        <ports>
            <port dstActor="D0N24" name="p0" srcActor="D0N23"/>
            <port dstActor="D0N46" name="p1" srcActor="D0N23"/>
            <port dstActor="D0N40" name="p2" srcActor="D0N23"/>
            <port dstActor="D0N30" name="p3" srcActor="D0N23"/>
            <port dstActor="D0N36" name="p4" srcActor="D0N35"/>
            <port dstActor="D0N45" name="p5" srcActor="D0N36"/>
            <port dstActor="D0N46" name="p6" srcActor="D0N44"/>
            <port dstActor="D0N46" name="p7" srcActor="D0N42"/>
            <port dstActor="D0N33" name="p8" srcActor="D0N12"/>
            <port dstActor="D0N38" name="p9" srcActor="D0N31"/>
            <port dstActor="D0N41" name="p10" srcActor="D0N33"/>
            <port dstActor="D0N43" name="p11" srcActor="D0N10"/>
            <port dstActor="D0N18" name="p12" srcActor="D0N10"/>
            <port dstActor="D0N46" name="p13" srcActor="D0N10"/>
            <port dstActor="D0N45" name="p14" srcActor="D0N41"/>
            <port dstActor="D0N14" name="p15" srcActor="D0N6"/>
            <port dstActor="D0N35" name="p16" srcActor="D0N6"/>
            <port dstActor="D0N20" name="p17" srcActor="D0N17"/>
            <port dstActor="D0N25" name="p18" srcActor="D0N17"/>
            <port dstActor="D0N38" name="p19" srcActor="D0N37"/>
            <port dstActor="D0N33" name="p20" srcActor="D0N26"/>
            <port dstActor="D0N40" name="p21" srcActor="D0N26"/>
            <port dstActor="D0N37" name="p22" srcActor="D0N26"/>
            <port dstActor="D0N45" name="p23" srcActor="D0N26"/>
            <port dstActor="D0N45" name="p24" srcActor="D0N14"/>
            <port dstActor="D0N37" name="p25" srcActor="D0N14"/>
            <port dstActor="D0N29" name="p26" srcActor="D0N14"/>
            <port dstActor="D0N23" name="p27" srcActor="D0N11"/>
            <port dstActor="D0N12" name="p28" srcActor="D0N11"/>
            <port dstActor="D0N33" name="p29" srcActor="D0N11"/>
            <port dstActor="D0N36" name="p30" srcActor="D0N11"/>
            <port dstActor="D0N34" name="p31" srcActor="D0N5"/>
            <port dstActor="D0N21" name="p32" srcActor="D0N8"/>
            <port dstActor="D0N31" name="p33" srcActor="D0N8"/>
            <port dstActor="D0N36" name="p34" srcActor="D0N8"/>
            <port dstActor="D0N39" name="p35" srcActor="D0N8"/>
            <port dstActor="D0N45" name="p36" srcActor="D0N20"/>
            <port dstActor="D0N30" name="p37" srcActor="D0N20"/>
            <port dstActor="D0N24" name="p38" srcActor="D0N20"/>
            <port dstActor="D0N32" name="p39" srcActor="D0N16"/>
            <port dstActor="D0N44" name="p40" srcActor="D0N16"/>
            <port dstActor="D0N34" name="p41" srcActor="D0N16"/>
            <port dstActor="D0N28" name="p42" srcActor="D0N16"/>
            <port dstActor="D0N38" name="p43" srcActor="D0N34"/>
            <port dstActor="D0N38" name="p44" srcActor="D0N27"/>
            <port dstActor="D0N44" name="p45" srcActor="D0N27"/>
            <port dstActor="D0N38" name="p46" srcActor="D0N4"/>
            <port dstActor="D0N40" name="p47" srcActor="D0N4"/>
            <port dstActor="D0N29" name="p48" srcActor="D0N18"/>
            <port dstActor="D0N34" name="p49" srcActor="D0N18"/>
            <port dstActor="D0N32" name="p50" srcActor="D0N18"/>
            <port dstActor="D0N43" name="p51" srcActor="D0N9"/>
            <port dstActor="D0N16" name="p52" srcActor="D0N9"/>
            <port dstActor="D0N18" name="p53" srcActor="D0N9"/>
            <port dstActor="D0N21" name="p54" srcActor="D0N9"/>
            <port dstActor="D0N35" name="p55" srcActor="D0N9"/>
            <port dstActor="D0N27" name="p56" srcActor="D0N9"/>
            <port dstActor="D0N18" name="p57" srcActor="D0N3"/>
            <port dstActor="D0N22" name="p58" srcActor="D0N3"/>
            <port dstActor="D0N12" name="p59" srcActor="D0N3"/>
            <port dstActor="D0N36" name="p60" srcActor="D0N21"/>
            <port dstActor="D0N42" name="p61" srcActor="D0N21"/>
            <port dstActor="D0N25" name="p62" srcActor="D0N19"/>
            <port dstActor="D0N46" name="p63" srcActor="D0N19"/>
            <port dstActor="D0N25" name="p64" srcActor="D0N24"/>
            <port dstActor="D0N35" name="p65" srcActor="D0N25"/>
            <port dstActor="D0N33" name="p66" srcActor="D0N15"/>
            <port dstActor="D0N20" name="p67" srcActor="D0N15"/>
            <port dstActor="D0N44" name="p68" srcActor="D0N15"/>
            <port dstActor="D0N27" name="p69" srcActor="D0N15"/>
            <port dstActor="D0N10" name="p70" srcActor="D0N1"/>
            <port dstActor="D0N22" name="p71" srcActor="D0N1"/>
            <port dstActor="D0N11" name="p72" srcActor="D0N1"/>
            <port dstActor="D0N41" name="p73" srcActor="D0N1"/>
            <port dstActor="D0N37" name="p74" srcActor="D0N13"/>
            <port dstActor="D0N39" name="p75" srcActor="D0N13"/>
            <port dstActor="D0N25" name="p76" srcActor="D0N13"/>
            <port dstActor="D0N34" name="p77" srcActor="D0N13"/>
            <port dstActor="D0N44" name="p78" srcActor="D0N13"/>
            <port dstActor="D0N41" name="p79" srcActor="D0N13"/>
            <port dstActor="D0N28" name="p80" srcActor="D0N13"/>
            <port dstActor="D0N45" name="p81" srcActor="D0N13"/>
            <port dstActor="D0N45" name="p82" srcActor="D0N38"/>
            <port dstActor="D0N43" name="p83" srcActor="D0N38"/>
            <port dstActor="D0N23" name="p84" srcActor="D0N0"/>
            <port dstActor="D0N16" name="p85" srcActor="D0N0"/>
            <port dstActor="D0N3" name="p86" srcActor="D0N0"/>
            <port dstActor="D0N24" name="p87" srcActor="D0N22"/>
            <port dstActor="D0N45" name="p88" srcActor="D0N30"/>
            <port dstActor="D0N36" name="p89" srcActor="D0N30"/>
            <port dstActor="D0N34" name="p90" srcActor="D0N30"/>
            <port dstActor="D0N41" name="p91" srcActor="D0N30"/>
            <port dstActor="D0N33" name="p92" srcActor="D0N30"/>
            <port dstActor="D0N8" name="p93" srcActor="D0N7"/>
            <port dstActor="D0N16" name="p94" srcActor="D0N7"/>
            <port dstActor="D0N17" name="p95" srcActor="D0N7"/>
            <port dstActor="D0N29" name="p96" srcActor="D0N7"/>
            <port dstActor="D0N45" name="p97" srcActor="D0N29"/>
            <port dstActor="D0N43" name="p98" srcActor="D0N29"/>
            <port dstActor="D0N45" name="p99" srcActor="D0N2"/>
            <port dstActor="D0N13" name="p100" srcActor="D0N2"/>
            <port dstActor="D0N8" name="p101" srcActor="D0N2"/>
            <port dstActor="D0N35" name="p102" srcActor="D0N2"/>
            <port dstActor="D0N24" name="p103" srcActor="D0N2"/>
            <port dstActor="D0N36" name="p104" srcActor="D0N2"/>
            <port dstActor="D0N29" name="p105" srcActor="D0N2"/>
        </ports>
    </mcdag>
    <cores number="3"/>
    <levels number="2"/>
</mcsystem>
