<?xml version="1.0" encoding="UTF-8" standalone="no"?>
<mcsystem>
    <mcdag deadline="1000" name="genned-0-ed-10.0-0">
        <actor name="D0N10">
            <wcet number="0">10</wcet>
            <wcet number="1">10</wcet>
            <maxpow number="0.43241732309688374"/>
            <maxpow number="0.43241732309688374"/>
            <fprob>0.0</fprob>
        </actor>
        <actor name="D0N26">
            <wcet number="0">40</wcet>
            <wcet number="1">60</wcet>
            <maxpow number="0.4559120349742173"/>
            <maxpow number="0.4559120349742173"/>
            <fprob>0.0</fprob>
        </actor>
        <actor name="D0N44">
            <wcet number="0">20</wcet>
            <wcet number="1">30</wcet>
            <maxpow number="0.6422080175717111"/>
            <maxpow number="0.6422080175717111"/>
            <fprob>0.0</fprob>
        </actor>
        <actor name="D0N18">
            <wcet number="0">20</wcet>
            <wcet number="1">40</wcet>
            <maxpow number="0.8560667276150282"/>
            <maxpow number="0.8560667276150282"/>
            <fprob>0.0</fprob>
        </actor>
        <actor name="D0N4">
            <wcet number="0">20</wcet>
            <wcet number="1">120</wcet>
            <maxpow number="0.37612670626021616"/>
            <maxpow number="0.37612670626021616"/>
            <fprob>0.0</fprob>
        </actor>
        <actor name="D0N9">
            <wcet number="0">10</wcet>
            <wcet number="1">10</wcet>
            <maxpow number="0.8339646153445972"/>
            <maxpow number="0.8339646153445972"/>
            <fprob>0.0</fprob>
        </actor>
        <actor name="D0N12">
            <wcet number="0">30</wcet>
            <wcet number="1">30</wcet>
            <maxpow number="0.496348868500687"/>
            <maxpow number="0.496348868500687"/>
            <fprob>0.0</fprob>
        </actor>
        <actor name="D0N24">
            <wcet number="0">10</wcet>
            <wcet number="1">30</wcet>
            <maxpow number="0.20534413631983311"/>
            <maxpow number="0.20534413631983311"/>
            <fprob>0.0</fprob>
        </actor>
        <actor name="D0N25">
            <wcet number="0">30</wcet>
            <wcet number="1">140</wcet>
            <maxpow number="0.44512135135601694"/>
            <maxpow number="0.44512135135601694"/>
            <fprob>0.0</fprob>
        </actor>
        <actor name="D0N16">
            <wcet number="0">10</wcet>
            <wcet number="1">10</wcet>
            <maxpow number="0.8371110569165712"/>
            <maxpow number="0.8371110569165712"/>
            <fprob>0.0</fprob>
        </actor>
        <actor name="D0N6">
            <wcet number="0">10</wcet>
            <wcet number="1">10</wcet>
            <maxpow number="0.4459833973420526"/>
            <maxpow number="0.4459833973420526"/>
            <fprob>0.0</fprob>
        </actor>
        <actor name="D0N41">
            <wcet number="0">30</wcet>
            <wcet number="1">70</wcet>
            <maxpow number="0.35102201882347395"/>
            <maxpow number="0.35102201882347395"/>
            <fprob>0.0</fprob>
        </actor>
        <actor name="D0N32">
            <wcet number="0">10</wcet>
            <wcet number="1">10</wcet>
            <maxpow number="1.017054967179063"/>
            <maxpow number="1.017054967179063"/>
            <fprob>0.0</fprob>
        </actor>
        <actor name="D0N8">
            <wcet number="0">20</wcet>
            <wcet number="1">20</wcet>
            <maxpow number="0.09708923938256536"/>
            <maxpow number="0.09708923938256536"/>
            <fprob>0.0</fprob>
        </actor>
        <actor name="D0N7">
            <wcet number="0">30</wcet>
            <wcet number="1">60</wcet>
            <maxpow number="0.4642762941469477"/>
            <maxpow number="0.4642762941469477"/>
            <fprob>0.0</fprob>
        </actor>
        <actor name="D0N39">
            <wcet number="0">10</wcet>
            <wcet number="1">10</wcet>
            <maxpow number="0.342586278207743"/>
            <maxpow number="0.342586278207743"/>
            <fprob>0.0</fprob>
        </actor>
        <actor name="D0N34">
            <wcet number="0">70</wcet>
            <wcet number="1">130</wcet>
            <maxpow number="0.7402859163399662"/>
            <maxpow number="0.7402859163399662"/>
            <fprob>0.0</fprob>
        </actor>
        <actor name="D0N17">
            <wcet number="0">10</wcet>
            <wcet number="1">10</wcet>
            <maxpow number="0.48502651301134814"/>
            <maxpow number="0.48502651301134814"/>
            <fprob>0.0</fprob>
        </actor>
        <actor name="D0N42">
            <wcet number="0">40</wcet>
            <wcet number="1">40</wcet>
            <maxpow number="0.5420445305181593"/>
            <maxpow number="0.5420445305181593"/>
            <fprob>0.0</fprob>
        </actor>
        <actor name="D0N43">
            <wcet number="0">10</wcet>
            <wcet number="1">10</wcet>
            <maxpow number="0.7446963538013205"/>
            <maxpow number="0.7446963538013205"/>
            <fprob>0.0</fprob>
        </actor>
        <actor name="D0N22">
            <wcet number="0">80</wcet>
            <wcet number="1">90</wcet>
            <maxpow number="0.5276773944231431"/>
            <maxpow number="0.5276773944231431"/>
            <fprob>0.0</fprob>
        </actor>
        <actor name="D0N11">
            <wcet number="0">10</wcet>
            <wcet number="1">10</wcet>
            <maxpow number="0.5624913084332687"/>
            <maxpow number="0.5624913084332687"/>
            <fprob>0.0</fprob>
        </actor>
        <actor name="D0N21">
            <wcet number="0">10</wcet>
            <wcet number="1">10</wcet>
            <maxpow number="0.3639415217586347"/>
            <maxpow number="0.3639415217586347"/>
            <fprob>0.0</fprob>
        </actor>
        <actor name="D0N46">
            <wcet number="0">20</wcet>
            <wcet number="1">50</wcet>
            <maxpow number="0.3048488383148804"/>
            <maxpow number="0.3048488383148804"/>
            <fprob>0.0</fprob>
        </actor>
        <actor name="D0N19">
            <wcet number="0">50</wcet>
            <wcet number="1">60</wcet>
            <maxpow number="0.60351248411875"/>
            <maxpow number="0.60351248411875"/>
            <fprob>0.0</fprob>
        </actor>
        <actor name="D0N37">
            <wcet number="0">10</wcet>
            <wcet number="1">10</wcet>
            <maxpow number="0.7366089642019799"/>
            <maxpow number="0.7366089642019799"/>
            <fprob>0.0</fprob>
        </actor>
        <actor name="D0N14">
            <wcet number="0">10</wcet>
            <wcet number="1">170</wcet>
            <maxpow number="0.5719386254128125"/>
            <maxpow number="0.5719386254128125"/>
            <fprob>0.0</fprob>
        </actor>
        <actor name="D0N23">
            <wcet number="0">10</wcet>
            <wcet number="1">10</wcet>
            <maxpow number="0.4897840989120606"/>
            <maxpow number="0.4897840989120606"/>
            <fprob>0.0</fprob>
        </actor>
        <actor name="D0N2">
            <wcet number="0">30</wcet>
            <wcet number="1">30</wcet>
            <maxpow number="0.4286898237539787"/>
            <maxpow number="0.4286898237539787"/>
            <fprob>0.0</fprob>
        </actor>
        <actor name="D0N5">
            <wcet number="0">10</wcet>
            <wcet number="1">30</wcet>
            <maxpow number="0.566644646663322"/>
            <maxpow number="0.566644646663322"/>
            <fprob>0.0</fprob>
        </actor>
        <actor name="D0N0">
            <wcet number="0">40</wcet>
            <wcet number="1">80</wcet>
            <maxpow number="0.3879561909132976"/>
            <maxpow number="0.3879561909132976"/>
            <fprob>0.0</fprob>
        </actor>
        <actor name="D0N27">
            <wcet number="0">10</wcet>
            <wcet number="1">30</wcet>
            <maxpow number="0.9240625715551678"/>
            <maxpow number="0.9240625715551678"/>
            <fprob>0.0</fprob>
        </actor>
        <actor name="D0N35">
            <wcet number="0">40</wcet>
            <wcet number="1">70</wcet>
            <maxpow number="0.5501632729895218"/>
            <maxpow number="0.5501632729895218"/>
            <fprob>0.0</fprob>
        </actor>
        <actor name="D0N45">
            <wcet number="0">50</wcet>
            <wcet number="1">90</wcet>
            <maxpow number="0.5228738641835268"/>
            <maxpow number="0.5228738641835268"/>
            <fprob>0.0</fprob>
        </actor>
        <actor name="D0N30">
            <wcet number="0">10</wcet>
            <wcet number="1">90</wcet>
            <maxpow number="0.7485806619375365"/>
            <maxpow number="0.7485806619375365"/>
            <fprob>0.0</fprob>
        </actor>
        <actor name="D0N33">
            <wcet number="0">30</wcet>
            <wcet number="1">30</wcet>
            <maxpow number="0.17238968780903358"/>
            <maxpow number="0.17238968780903358"/>
            <fprob>0.0</fprob>
        </actor>
        <actor name="D0N47">
            <wcet number="0">100</wcet>
            <wcet number="1">110</wcet>
            <maxpow number="0.6633733142253047"/>
            <maxpow number="0.6633733142253047"/>
            <fprob>0.0</fprob>
        </actor>
        <actor name="D0N31">
            <wcet number="0">20</wcet>
            <wcet number="1">50</wcet>
            <maxpow number="0.6627547350974473"/>
            <maxpow number="0.6627547350974473"/>
            <fprob>0.0</fprob>
        </actor>
        <actor name="D0N15">
            <wcet number="0">10</wcet>
            <wcet number="1">50</wcet>
            <maxpow number="0.3665022418562602"/>
            <maxpow number="0.3665022418562602"/>
            <fprob>0.0</fprob>
        </actor>
        <actor name="D0N20">
            <wcet number="0">20</wcet>
            <wcet number="1">40</wcet>
            <maxpow number="0.5568954679690538"/>
            <maxpow number="0.5568954679690538"/>
            <fprob>0.0</fprob>
        </actor>
        <actor name="D0N29">
            <wcet number="0">10</wcet>
            <wcet number="1">10</wcet>
            <maxpow number="0.5121486005667785"/>
            <maxpow number="0.5121486005667785"/>
            <fprob>0.0</fprob>
        </actor>
        <actor name="D0N28">
            <wcet number="0">140</wcet>
            <wcet number="1">160</wcet>
            <maxpow number="0.6303063462223875"/>
            <maxpow number="0.6303063462223875"/>
            <fprob>0.0</fprob>
        </actor>
        <actor name="D0N13">
            <wcet number="0">10</wcet>
            <wcet number="1">20</wcet>
            <maxpow number="0.6344091346625516"/>
            <maxpow number="0.6344091346625516"/>
            <fprob>0.0</fprob>
        </actor>
        <actor name="D0N36">
            <wcet number="0">120</wcet>
            <wcet number="1">120</wcet>
            <maxpow number="0.5342237547680383"/>
            <maxpow number="0.5342237547680383"/>
            <fprob>0.0</fprob>
        </actor>
        <actor name="D0N1">
            <wcet number="0">30</wcet>
            <wcet number="1">130</wcet>
            <maxpow number="0.36509185902100033"/>
            <maxpow number="0.36509185902100033"/>
            <fprob>0.0</fprob>
        </actor>
        <actor name="D0N38">
            <wcet number="0">40</wcet>
            <wcet number="1">130</wcet>
            <maxpow number="0.7064603141816574"/>
            <maxpow number="0.7064603141816574"/>
            <fprob>0.0</fprob>
        </actor>
        <actor name="D0N40">
            <wcet number="0">40</wcet>
            <wcet number="1">110</wcet>
            <maxpow number="0.977034417824538"/>
            <maxpow number="0.977034417824538"/>
            <fprob>0.0</fprob>
        </actor>
        <actor name="D0N3">
            <wcet number="0">60</wcet>
            <wcet number="1">160</wcet>
            <maxpow number="0.5305963743246297"/>
            <maxpow number="0.5305963743246297"/>
            <fprob>0.0</fprob>
        </actor>
        <ports>
            <port dstActor="D0N25" name="p0" srcActor="D0N10"/>
            <port dstActor="D0N29" name="p1" srcActor="D0N26"/>
            <port dstActor="D0N36" name="p2" srcActor="D0N26"/>
            <port dstActor="D0N27" name="p3" srcActor="D0N26"/>
            <port dstActor="D0N45" name="p4" srcActor="D0N44"/>
            <port dstActor="D0N27" name="p5" srcActor="D0N18"/>
            <port dstActor="D0N38" name="p6" srcActor="D0N18"/>
            <port dstActor="D0N34" name="p7" srcActor="D0N18"/>
            <port dstActor="D0N21" name="p8" srcActor="D0N4"/>
            <port dstActor="D0N31" name="p9" srcActor="D0N4"/>
            <port dstActor="D0N13" name="p10" srcActor="D0N9"/>
            <port dstActor="D0N16" name="p11" srcActor="D0N9"/>
            <port dstActor="D0N22" name="p12" srcActor="D0N9"/>
            <port dstActor="D0N41" name="p13" srcActor="D0N9"/>
            <port dstActor="D0N24" name="p14" srcActor="D0N12"/>
            <port dstActor="D0N35" name="p15" srcActor="D0N12"/>
            <port dstActor="D0N45" name="p16" srcActor="D0N12"/>
            <port dstActor="D0N15" name="p17" srcActor="D0N12"/>
            <port dstActor="D0N47" name="p18" srcActor="D0N12"/>
            <port dstActor="D0N17" name="p19" srcActor="D0N12"/>
            <port dstActor="D0N30" name="p20" srcActor="D0N24"/>
            <port dstActor="D0N34" name="p21" srcActor="D0N25"/>
            <port dstActor="D0N37" name="p22" srcActor="D0N25"/>
            <port dstActor="D0N40" name="p23" srcActor="D0N25"/>
            <port dstActor="D0N21" name="p24" srcActor="D0N16"/>
            <port dstActor="D0N45" name="p25" srcActor="D0N6"/>
            <port dstActor="D0N13" name="p26" srcActor="D0N6"/>
            <port dstActor="D0N15" name="p27" srcActor="D0N6"/>
            <port dstActor="D0N47" name="p28" srcActor="D0N41"/>
            <port dstActor="D0N42" name="p29" srcActor="D0N32"/>
            <port dstActor="D0N43" name="p30" srcActor="D0N32"/>
            <port dstActor="D0N47" name="p31" srcActor="D0N8"/>
            <port dstActor="D0N18" name="p32" srcActor="D0N8"/>
            <port dstActor="D0N12" name="p33" srcActor="D0N8"/>
            <port dstActor="D0N23" name="p34" srcActor="D0N7"/>
            <port dstActor="D0N28" name="p35" srcActor="D0N7"/>
            <port dstActor="D0N10" name="p36" srcActor="D0N7"/>
            <port dstActor="D0N32" name="p37" srcActor="D0N7"/>
            <port dstActor="D0N46" name="p38" srcActor="D0N7"/>
            <port dstActor="D0N47" name="p39" srcActor="D0N34"/>
            <port dstActor="D0N42" name="p40" srcActor="D0N34"/>
            <port dstActor="D0N25" name="p41" srcActor="D0N17"/>
            <port dstActor="D0N20" name="p42" srcActor="D0N17"/>
            <port dstActor="D0N38" name="p43" srcActor="D0N17"/>
            <port dstActor="D0N45" name="p44" srcActor="D0N42"/>
            <port dstActor="D0N43" name="p45" srcActor="D0N22"/>
            <port dstActor="D0N23" name="p46" srcActor="D0N22"/>
            <port dstActor="D0N14" name="p47" srcActor="D0N11"/>
            <port dstActor="D0N12" name="p48" srcActor="D0N11"/>
            <port dstActor="D0N25" name="p49" srcActor="D0N21"/>
            <port dstActor="D0N32" name="p50" srcActor="D0N21"/>
            <port dstActor="D0N34" name="p51" srcActor="D0N21"/>
            <port dstActor="D0N47" name="p52" srcActor="D0N46"/>
            <port dstActor="D0N26" name="p53" srcActor="D0N19"/>
            <port dstActor="D0N24" name="p54" srcActor="D0N19"/>
            <port dstActor="D0N22" name="p55" srcActor="D0N19"/>
            <port dstActor="D0N41" name="p56" srcActor="D0N19"/>
            <port dstActor="D0N38" name="p57" srcActor="D0N37"/>
            <port dstActor="D0N27" name="p58" srcActor="D0N14"/>
            <port dstActor="D0N28" name="p59" srcActor="D0N23"/>
            <port dstActor="D0N35" name="p60" srcActor="D0N23"/>
            <port dstActor="D0N13" name="p61" srcActor="D0N2"/>
            <port dstActor="D0N17" name="p62" srcActor="D0N2"/>
            <port dstActor="D0N38" name="p63" srcActor="D0N2"/>
            <port dstActor="D0N18" name="p64" srcActor="D0N2"/>
            <port dstActor="D0N20" name="p65" srcActor="D0N2"/>
            <port dstActor="D0N27" name="p66" srcActor="D0N2"/>
            <port dstActor="D0N5" name="p67" srcActor="D0N2"/>
            <port dstActor="D0N47" name="p68" srcActor="D0N2"/>
            <port dstActor="D0N20" name="p69" srcActor="D0N5"/>
            <port dstActor="D0N18" name="p70" srcActor="D0N0"/>
            <port dstActor="D0N45" name="p71" srcActor="D0N0"/>
            <port dstActor="D0N47" name="p72" srcActor="D0N27"/>
            <port dstActor="D0N34" name="p73" srcActor="D0N27"/>
            <port dstActor="D0N42" name="p74" srcActor="D0N27"/>
            <port dstActor="D0N43" name="p75" srcActor="D0N35"/>
            <port dstActor="D0N38" name="p76" srcActor="D0N30"/>
            <port dstActor="D0N47" name="p77" srcActor="D0N30"/>
            <port dstActor="D0N44" name="p78" srcActor="D0N33"/>
            <port dstActor="D0N38" name="p79" srcActor="D0N33"/>
            <port dstActor="D0N36" name="p80" srcActor="D0N31"/>
            <port dstActor="D0N25" name="p81" srcActor="D0N15"/>
            <port dstActor="D0N31" name="p82" srcActor="D0N15"/>
            <port dstActor="D0N29" name="p83" srcActor="D0N15"/>
            <port dstActor="D0N34" name="p84" srcActor="D0N15"/>
            <port dstActor="D0N22" name="p85" srcActor="D0N15"/>
            <port dstActor="D0N40" name="p86" srcActor="D0N20"/>
            <port dstActor="D0N25" name="p87" srcActor="D0N20"/>
            <port dstActor="D0N34" name="p88" srcActor="D0N20"/>
            <port dstActor="D0N38" name="p89" srcActor="D0N20"/>
            <port dstActor="D0N35" name="p90" srcActor="D0N20"/>
            <port dstActor="D0N38" name="p91" srcActor="D0N29"/>
            <port dstActor="D0N44" name="p92" srcActor="D0N28"/>
            <port dstActor="D0N28" name="p93" srcActor="D0N13"/>
            <port dstActor="D0N33" name="p94" srcActor="D0N13"/>
            <port dstActor="D0N27" name="p95" srcActor="D0N13"/>
            <port dstActor="D0N40" name="p96" srcActor="D0N36"/>
            <port dstActor="D0N42" name="p97" srcActor="D0N36"/>
            <port dstActor="D0N34" name="p98" srcActor="D0N1"/>
            <port dstActor="D0N21" name="p99" srcActor="D0N1"/>
            <port dstActor="D0N35" name="p100" srcActor="D0N1"/>
            <port dstActor="D0N43" name="p101" srcActor="D0N40"/>
            <port dstActor="D0N21" name="p102" srcActor="D0N3"/>
            <port dstActor="D0N28" name="p103" srcActor="D0N3"/>
            <port dstActor="D0N26" name="p104" srcActor="D0N3"/>
            <port dstActor="D0N17" name="p105" srcActor="D0N3"/>
            <port dstActor="D0N30" name="p106" srcActor="D0N3"/>
        </ports>
    </mcdag>
    <cores number="3"/>
    <levels number="2"/>
</mcsystem>
