<?xml version="1.0" encoding="UTF-8" standalone="no"?>
<mcsystem>
    <mcdag deadline="2000" name="genned-0-ed-10.0-0">
        <actor name="D0N7">
            <wcet number="0">10</wcet>
            <wcet number="1">10</wcet>
            <maxpow number="0.5620751531465634"/>
            <maxpow number="0.5620751531465634"/>
            <fprob>0.0</fprob>
        </actor>
        <actor name="D0N28">
            <wcet number="0">160</wcet>
            <wcet number="1">190</wcet>
            <maxpow number="0.9164470157368528"/>
            <maxpow number="0.9164470157368528"/>
            <fprob>0.0</fprob>
        </actor>
        <actor name="D0N8">
            <wcet number="0">20</wcet>
            <wcet number="1">60</wcet>
            <maxpow number="0.95989853818767"/>
            <maxpow number="0.95989853818767"/>
            <fprob>0.0</fprob>
        </actor>
        <actor name="D0N41">
            <wcet number="0">40</wcet>
            <wcet number="1">40</wcet>
            <maxpow number="0.15394834579517913"/>
            <maxpow number="0.15394834579517913"/>
            <fprob>0.0</fprob>
        </actor>
        <actor name="D0N42">
            <wcet number="0">60</wcet>
            <wcet number="1">150</wcet>
            <maxpow number="0.5377735586502891"/>
            <maxpow number="0.5377735586502891"/>
            <fprob>0.0</fprob>
        </actor>
        <actor name="D0N16">
            <wcet number="0">30</wcet>
            <wcet number="1">80</wcet>
            <maxpow number="0.7146173440435237"/>
            <maxpow number="0.7146173440435237"/>
            <fprob>0.0</fprob>
        </actor>
        <actor name="D0N18">
            <wcet number="0">110</wcet>
            <wcet number="1">150</wcet>
            <maxpow number="0.4127331020647556"/>
            <maxpow number="0.4127331020647556"/>
            <fprob>0.0</fprob>
        </actor>
        <actor name="D0N24">
            <wcet number="0">50</wcet>
            <wcet number="1">80</wcet>
            <maxpow number="0.7617938004703376"/>
            <maxpow number="0.7617938004703376"/>
            <fprob>0.0</fprob>
        </actor>
        <actor name="D0N26">
            <wcet number="0">60</wcet>
            <wcet number="1">100</wcet>
            <maxpow number="0.6405398245462781"/>
            <maxpow number="0.6405398245462781"/>
            <fprob>0.0</fprob>
        </actor>
        <actor name="D0N1">
            <wcet number="0">20</wcet>
            <wcet number="1">20</wcet>
            <maxpow number="0.7374533308836155"/>
            <maxpow number="0.7374533308836155"/>
            <fprob>0.0</fprob>
        </actor>
        <actor name="D0N44">
            <wcet number="0">40</wcet>
            <wcet number="1">230</wcet>
            <maxpow number="0.3890795156463954"/>
            <maxpow number="0.3890795156463954"/>
            <fprob>0.0</fprob>
        </actor>
        <actor name="D0N29">
            <wcet number="0">10</wcet>
            <wcet number="1">30</wcet>
            <maxpow number="0.48874927597624734"/>
            <maxpow number="0.48874927597624734"/>
            <fprob>0.0</fprob>
        </actor>
        <actor name="D0N3">
            <wcet number="0">180</wcet>
            <wcet number="1">390</wcet>
            <maxpow number="0.14064967523089167"/>
            <maxpow number="0.14064967523089167"/>
            <fprob>0.0</fprob>
        </actor>
        <actor name="D0N19">
            <wcet number="0">130</wcet>
            <wcet number="1">170</wcet>
            <maxpow number="0.6870930296352483"/>
            <maxpow number="0.6870930296352483"/>
            <fprob>0.0</fprob>
        </actor>
        <actor name="D0N30">
            <wcet number="0">10</wcet>
            <wcet number="1">60</wcet>
            <maxpow number="0.5947736851236589"/>
            <maxpow number="0.5947736851236589"/>
            <fprob>0.0</fprob>
        </actor>
        <actor name="D0N34">
            <wcet number="0">20</wcet>
            <wcet number="1">20</wcet>
            <maxpow number="0.39928211520335033"/>
            <maxpow number="0.39928211520335033"/>
            <fprob>0.0</fprob>
        </actor>
        <actor name="D0N11">
            <wcet number="0">30</wcet>
            <wcet number="1">50</wcet>
            <maxpow number="0.9191263441640372"/>
            <maxpow number="0.9191263441640372"/>
            <fprob>0.0</fprob>
        </actor>
        <actor name="D0N4">
            <wcet number="0">90</wcet>
            <wcet number="1">110</wcet>
            <maxpow number="0.4226996415884952"/>
            <maxpow number="0.4226996415884952"/>
            <fprob>0.0</fprob>
        </actor>
        <actor name="D0N31">
            <wcet number="0">150</wcet>
            <wcet number="1">250</wcet>
            <maxpow number="0.5605291179540952"/>
            <maxpow number="0.5605291179540952"/>
            <fprob>0.0</fprob>
        </actor>
        <actor name="D0N21">
            <wcet number="0">100</wcet>
            <wcet number="1">130</wcet>
            <maxpow number="0.8407283429311778"/>
            <maxpow number="0.8407283429311778"/>
            <fprob>0.0</fprob>
        </actor>
        <actor name="D0N9">
            <wcet number="0">10</wcet>
            <wcet number="1">20</wcet>
            <maxpow number="0.6241640191573559"/>
            <maxpow number="0.6241640191573559"/>
            <fprob>0.0</fprob>
        </actor>
        <actor name="D0N10">
            <wcet number="0">270</wcet>
            <wcet number="1">280</wcet>
            <maxpow number="0.8075933803684513"/>
            <maxpow number="0.8075933803684513"/>
            <fprob>0.0</fprob>
        </actor>
        <actor name="D0N23">
            <wcet number="0">40</wcet>
            <wcet number="1">50</wcet>
            <maxpow number="0.4427927122732816"/>
            <maxpow number="0.4427927122732816"/>
            <fprob>0.0</fprob>
        </actor>
        <actor name="D0N37">
            <wcet number="0">20</wcet>
            <wcet number="1">40</wcet>
            <maxpow number="0.5753855279661143"/>
            <maxpow number="0.5753855279661143"/>
            <fprob>0.0</fprob>
        </actor>
        <actor name="D0N22">
            <wcet number="0">110</wcet>
            <wcet number="1">120</wcet>
            <maxpow number="0.6045841058022066"/>
            <maxpow number="0.6045841058022066"/>
            <fprob>0.0</fprob>
        </actor>
        <actor name="D0N17">
            <wcet number="0">20</wcet>
            <wcet number="1">50</wcet>
            <maxpow number="0.5423452319805513"/>
            <maxpow number="0.5423452319805513"/>
            <fprob>0.0</fprob>
        </actor>
        <actor name="D0N6">
            <wcet number="0">30</wcet>
            <wcet number="1">30</wcet>
            <maxpow number="0.7287160416182179"/>
            <maxpow number="0.7287160416182179"/>
            <fprob>0.0</fprob>
        </actor>
        <actor name="D0N43">
            <wcet number="0">20</wcet>
            <wcet number="1">20</wcet>
            <maxpow number="0.49388173304027877"/>
            <maxpow number="0.49388173304027877"/>
            <fprob>0.0</fprob>
        </actor>
        <actor name="D0N38">
            <wcet number="0">10</wcet>
            <wcet number="1">30</wcet>
            <maxpow number="0.5506561468277547"/>
            <maxpow number="0.5506561468277547"/>
            <fprob>0.0</fprob>
        </actor>
        <actor name="D0N40">
            <wcet number="0">10</wcet>
            <wcet number="1">70</wcet>
            <maxpow number="0.4929876403421253"/>
            <maxpow number="0.4929876403421253"/>
            <fprob>0.0</fprob>
        </actor>
        <actor name="D0N14">
            <wcet number="0">10</wcet>
            <wcet number="1">50</wcet>
            <maxpow number="0.6121394998293377"/>
            <maxpow number="0.6121394998293377"/>
            <fprob>0.0</fprob>
        </actor>
        <actor name="D0N32">
            <wcet number="0">10</wcet>
            <wcet number="1">20</wcet>
            <maxpow number="0.6958985503267019"/>
            <maxpow number="0.6958985503267019"/>
            <fprob>0.0</fprob>
        </actor>
        <actor name="D0N27">
            <wcet number="0">60</wcet>
            <wcet number="1">120</wcet>
            <maxpow number="0.4795989723729274"/>
            <maxpow number="0.4795989723729274"/>
            <fprob>0.0</fprob>
        </actor>
        <actor name="D0N39">
            <wcet number="0">30</wcet>
            <wcet number="1">220</wcet>
            <maxpow number="0.4053394532819432"/>
            <maxpow number="0.4053394532819432"/>
            <fprob>0.0</fprob>
        </actor>
        <actor name="D0N15">
            <wcet number="0">120</wcet>
            <wcet number="1">130</wcet>
            <maxpow number="0.3047484653454626"/>
            <maxpow number="0.3047484653454626"/>
            <fprob>0.0</fprob>
        </actor>
        <actor name="D0N35">
            <wcet number="0">10</wcet>
            <wcet number="1">70</wcet>
            <maxpow number="0.5210645879077362"/>
            <maxpow number="0.5210645879077362"/>
            <fprob>0.0</fprob>
        </actor>
        <actor name="D0N20">
            <wcet number="0">20</wcet>
            <wcet number="1">70</wcet>
            <maxpow number="0.9741090302613604"/>
            <maxpow number="0.9741090302613604"/>
            <fprob>0.0</fprob>
        </actor>
        <actor name="D0N12">
            <wcet number="0">20</wcet>
            <wcet number="1">20</wcet>
            <maxpow number="0.6433763846374805"/>
            <maxpow number="0.6433763846374805"/>
            <fprob>0.0</fprob>
        </actor>
        <actor name="D0N13">
            <wcet number="0">60</wcet>
            <wcet number="1">80</wcet>
            <maxpow number="0.6054176044585194"/>
            <maxpow number="0.6054176044585194"/>
            <fprob>0.0</fprob>
        </actor>
        <actor name="D0N2">
            <wcet number="0">10</wcet>
            <wcet number="1">30</wcet>
            <maxpow number="0.815163843773699"/>
            <maxpow number="0.815163843773699"/>
            <fprob>0.0</fprob>
        </actor>
        <actor name="D0N33">
            <wcet number="0">50</wcet>
            <wcet number="1">120</wcet>
            <maxpow number="0.6613883004020846"/>
            <maxpow number="0.6613883004020846"/>
            <fprob>0.0</fprob>
        </actor>
        <actor name="D0N36">
            <wcet number="0">10</wcet>
            <wcet number="1">10</wcet>
            <maxpow number="0.6030907173097747"/>
            <maxpow number="0.6030907173097747"/>
            <fprob>0.0</fprob>
        </actor>
        <actor name="D0N25">
            <wcet number="0">20</wcet>
            <wcet number="1">60</wcet>
            <maxpow number="0.5365306624895841"/>
            <maxpow number="0.5365306624895841"/>
            <fprob>0.0</fprob>
        </actor>
        <actor name="D0N0">
            <wcet number="0">90</wcet>
            <wcet number="1">100</wcet>
            <maxpow number="0.582857040995704"/>
            <maxpow number="0.582857040995704"/>
            <fprob>0.0</fprob>
        </actor>
        <actor name="D0N5">
            <wcet number="0">60</wcet>
            <wcet number="1">70</wcet>
            <maxpow number="0.3768729522165446"/>
            <maxpow number="0.3768729522165446"/>
            <fprob>0.0</fprob>
        </actor>
        <ports>
            <port dstActor="D0N10" name="p0" srcActor="D0N7"/>
            <port dstActor="D0N43" name="p1" srcActor="D0N7"/>
            <port dstActor="D0N16" name="p2" srcActor="D0N7"/>
            <port dstActor="D0N31" name="p3" srcActor="D0N28"/>
            <port dstActor="D0N23" name="p4" srcActor="D0N8"/>
            <port dstActor="D0N25" name="p5" srcActor="D0N8"/>
            <port dstActor="D0N34" name="p6" srcActor="D0N8"/>
            <port dstActor="D0N9" name="p7" srcActor="D0N8"/>
            <port dstActor="D0N27" name="p8" srcActor="D0N8"/>
            <port dstActor="D0N43" name="p9" srcActor="D0N42"/>
            <port dstActor="D0N44" name="p10" srcActor="D0N16"/>
            <port dstActor="D0N20" name="p11" srcActor="D0N16"/>
            <port dstActor="D0N26" name="p12" srcActor="D0N16"/>
            <port dstActor="D0N42" name="p13" srcActor="D0N18"/>
            <port dstActor="D0N23" name="p14" srcActor="D0N18"/>
            <port dstActor="D0N41" name="p15" srcActor="D0N24"/>
            <port dstActor="D0N41" name="p16" srcActor="D0N26"/>
            <port dstActor="D0N27" name="p17" srcActor="D0N1"/>
            <port dstActor="D0N11" name="p18" srcActor="D0N1"/>
            <port dstActor="D0N30" name="p19" srcActor="D0N1"/>
            <port dstActor="D0N6" name="p20" srcActor="D0N1"/>
            <port dstActor="D0N34" name="p21" srcActor="D0N1"/>
            <port dstActor="D0N23" name="p22" srcActor="D0N3"/>
            <port dstActor="D0N6" name="p23" srcActor="D0N3"/>
            <port dstActor="D0N8" name="p24" srcActor="D0N3"/>
            <port dstActor="D0N15" name="p25" srcActor="D0N3"/>
            <port dstActor="D0N10" name="p26" srcActor="D0N3"/>
            <port dstActor="D0N34" name="p27" srcActor="D0N3"/>
            <port dstActor="D0N20" name="p28" srcActor="D0N19"/>
            <port dstActor="D0N37" name="p29" srcActor="D0N19"/>
            <port dstActor="D0N35" name="p30" srcActor="D0N19"/>
            <port dstActor="D0N41" name="p31" srcActor="D0N19"/>
            <port dstActor="D0N33" name="p32" srcActor="D0N30"/>
            <port dstActor="D0N39" name="p33" srcActor="D0N30"/>
            <port dstActor="D0N41" name="p34" srcActor="D0N34"/>
            <port dstActor="D0N43" name="p35" srcActor="D0N34"/>
            <port dstActor="D0N37" name="p36" srcActor="D0N11"/>
            <port dstActor="D0N43" name="p37" srcActor="D0N11"/>
            <port dstActor="D0N34" name="p38" srcActor="D0N11"/>
            <port dstActor="D0N14" name="p39" srcActor="D0N11"/>
            <port dstActor="D0N14" name="p40" srcActor="D0N4"/>
            <port dstActor="D0N7" name="p41" srcActor="D0N4"/>
            <port dstActor="D0N41" name="p42" srcActor="D0N4"/>
            <port dstActor="D0N10" name="p43" srcActor="D0N4"/>
            <port dstActor="D0N21" name="p44" srcActor="D0N4"/>
            <port dstActor="D0N25" name="p45" srcActor="D0N4"/>
            <port dstActor="D0N29" name="p46" srcActor="D0N4"/>
            <port dstActor="D0N9" name="p47" srcActor="D0N4"/>
            <port dstActor="D0N18" name="p48" srcActor="D0N4"/>
            <port dstActor="D0N36" name="p49" srcActor="D0N31"/>
            <port dstActor="D0N42" name="p50" srcActor="D0N31"/>
            <port dstActor="D0N40" name="p51" srcActor="D0N21"/>
            <port dstActor="D0N26" name="p52" srcActor="D0N21"/>
            <port dstActor="D0N38" name="p53" srcActor="D0N21"/>
            <port dstActor="D0N22" name="p54" srcActor="D0N21"/>
            <port dstActor="D0N34" name="p55" srcActor="D0N21"/>
            <port dstActor="D0N14" name="p56" srcActor="D0N9"/>
            <port dstActor="D0N22" name="p57" srcActor="D0N10"/>
            <port dstActor="D0N30" name="p58" srcActor="D0N23"/>
            <port dstActor="D0N32" name="p59" srcActor="D0N23"/>
            <port dstActor="D0N29" name="p60" srcActor="D0N22"/>
            <port dstActor="D0N37" name="p61" srcActor="D0N22"/>
            <port dstActor="D0N34" name="p62" srcActor="D0N22"/>
            <port dstActor="D0N19" name="p63" srcActor="D0N17"/>
            <port dstActor="D0N41" name="p64" srcActor="D0N6"/>
            <port dstActor="D0N31" name="p65" srcActor="D0N6"/>
            <port dstActor="D0N39" name="p66" srcActor="D0N6"/>
            <port dstActor="D0N26" name="p67" srcActor="D0N6"/>
            <port dstActor="D0N33" name="p68" srcActor="D0N14"/>
            <port dstActor="D0N44" name="p69" srcActor="D0N14"/>
            <port dstActor="D0N15" name="p70" srcActor="D0N14"/>
            <port dstActor="D0N28" name="p71" srcActor="D0N27"/>
            <port dstActor="D0N21" name="p72" srcActor="D0N15"/>
            <port dstActor="D0N35" name="p73" srcActor="D0N15"/>
            <port dstActor="D0N22" name="p74" srcActor="D0N20"/>
            <port dstActor="D0N32" name="p75" srcActor="D0N20"/>
            <port dstActor="D0N31" name="p76" srcActor="D0N20"/>
            <port dstActor="D0N23" name="p77" srcActor="D0N12"/>
            <port dstActor="D0N32" name="p78" srcActor="D0N12"/>
            <port dstActor="D0N16" name="p79" srcActor="D0N12"/>
            <port dstActor="D0N27" name="p80" srcActor="D0N12"/>
            <port dstActor="D0N17" name="p81" srcActor="D0N13"/>
            <port dstActor="D0N14" name="p82" srcActor="D0N13"/>
            <port dstActor="D0N33" name="p83" srcActor="D0N13"/>
            <port dstActor="D0N26" name="p84" srcActor="D0N13"/>
            <port dstActor="D0N43" name="p85" srcActor="D0N13"/>
            <port dstActor="D0N4" name="p86" srcActor="D0N2"/>
            <port dstActor="D0N32" name="p87" srcActor="D0N2"/>
            <port dstActor="D0N18" name="p88" srcActor="D0N2"/>
            <port dstActor="D0N24" name="p89" srcActor="D0N2"/>
            <port dstActor="D0N39" name="p90" srcActor="D0N33"/>
            <port dstActor="D0N44" name="p91" srcActor="D0N33"/>
            <port dstActor="D0N34" name="p92" srcActor="D0N33"/>
            <port dstActor="D0N36" name="p93" srcActor="D0N33"/>
            <port dstActor="D0N40" name="p94" srcActor="D0N36"/>
            <port dstActor="D0N37" name="p95" srcActor="D0N36"/>
            <port dstActor="D0N34" name="p96" srcActor="D0N25"/>
            <port dstActor="D0N44" name="p97" srcActor="D0N25"/>
            <port dstActor="D0N31" name="p98" srcActor="D0N25"/>
            <port dstActor="D0N38" name="p99" srcActor="D0N25"/>
            <port dstActor="D0N4" name="p100" srcActor="D0N0"/>
            <port dstActor="D0N33" name="p101" srcActor="D0N0"/>
            <port dstActor="D0N29" name="p102" srcActor="D0N0"/>
            <port dstActor="D0N23" name="p103" srcActor="D0N0"/>
            <port dstActor="D0N6" name="p104" srcActor="D0N0"/>
            <port dstActor="D0N21" name="p105" srcActor="D0N0"/>
            <port dstActor="D0N43" name="p106" srcActor="D0N0"/>
            <port dstActor="D0N19" name="p107" srcActor="D0N5"/>
            <port dstActor="D0N35" name="p108" srcActor="D0N5"/>
        </ports>
    </mcdag>
    <cores number="3"/>
    <levels number="2"/>
</mcsystem>
