<?xml version="1.0" encoding="UTF-8" standalone="no"?>
<mcsystem>
    <mcdag deadline="1000" name="genned-0-ed-10.0-0">
        <actor name="D0N12">
            <wcet number="0">30</wcet>
            <wcet number="1">60</wcet>
            <maxpow number="0.33285246099778165"/>
            <maxpow number="0.33285246099778165"/>
            <fprob>0.0</fprob>
        </actor>
        <actor name="D0N13">
            <wcet number="0">10</wcet>
            <wcet number="1">90</wcet>
            <maxpow number="0.7373361440535235"/>
            <maxpow number="0.7373361440535235"/>
            <fprob>0.0</fprob>
        </actor>
        <actor name="D0N4">
            <wcet number="0">10</wcet>
            <wcet number="1">10</wcet>
            <maxpow number="0.5191933810097537"/>
            <maxpow number="0.5191933810097537"/>
            <fprob>0.0</fprob>
        </actor>
        <actor name="D0N39">
            <wcet number="0">30</wcet>
            <wcet number="1">70</wcet>
            <maxpow number="0.39060605297490125"/>
            <maxpow number="0.39060605297490125"/>
            <fprob>0.0</fprob>
        </actor>
        <actor name="D0N10">
            <wcet number="0">20</wcet>
            <wcet number="1">20</wcet>
            <maxpow number="0.7439639866145116"/>
            <maxpow number="0.7439639866145116"/>
            <fprob>0.0</fprob>
        </actor>
        <actor name="D0N3">
            <wcet number="0">30</wcet>
            <wcet number="1">30</wcet>
            <maxpow number="0.6604688846708723"/>
            <maxpow number="0.6604688846708723"/>
            <fprob>0.0</fprob>
        </actor>
        <actor name="D0N41">
            <wcet number="0">10</wcet>
            <wcet number="1">70</wcet>
            <maxpow number="0.5094054820845704"/>
            <maxpow number="0.5094054820845704"/>
            <fprob>0.0</fprob>
        </actor>
        <actor name="D0N1">
            <wcet number="0">10</wcet>
            <wcet number="1">20</wcet>
            <maxpow number="0.5554932117418002"/>
            <maxpow number="0.5554932117418002"/>
            <fprob>0.0</fprob>
        </actor>
        <actor name="D0N2">
            <wcet number="0">10</wcet>
            <wcet number="1">10</wcet>
            <maxpow number="0.4270350987718541"/>
            <maxpow number="0.4270350987718541"/>
            <fprob>0.0</fprob>
        </actor>
        <actor name="D0N29">
            <wcet number="0">70</wcet>
            <wcet number="1">90</wcet>
            <maxpow number="0.3225256217293474"/>
            <maxpow number="0.3225256217293474"/>
            <fprob>0.0</fprob>
        </actor>
        <actor name="D0N20">
            <wcet number="0">10</wcet>
            <wcet number="1">100</wcet>
            <maxpow number="0.6118448751853782"/>
            <maxpow number="0.6118448751853782"/>
            <fprob>0.0</fprob>
        </actor>
        <actor name="D0N0">
            <wcet number="0">20</wcet>
            <wcet number="1">140</wcet>
            <maxpow number="0.5496525973474367"/>
            <maxpow number="0.5496525973474367"/>
            <fprob>0.0</fprob>
        </actor>
        <actor name="D0N8">
            <wcet number="0">120</wcet>
            <wcet number="1">170</wcet>
            <maxpow number="0.5965403796535645"/>
            <maxpow number="0.5965403796535645"/>
            <fprob>0.0</fprob>
        </actor>
        <actor name="D0N27">
            <wcet number="0">20</wcet>
            <wcet number="1">30</wcet>
            <maxpow number="0.4670568454790629"/>
            <maxpow number="0.4670568454790629"/>
            <fprob>0.0</fprob>
        </actor>
        <actor name="D0N43">
            <wcet number="0">50</wcet>
            <wcet number="1">80</wcet>
            <maxpow number="0.5110716860119606"/>
            <maxpow number="0.5110716860119606"/>
            <fprob>0.0</fprob>
        </actor>
        <actor name="D0N46">
            <wcet number="0">20</wcet>
            <wcet number="1">20</wcet>
            <maxpow number="0.49825035227499503"/>
            <maxpow number="0.49825035227499503"/>
            <fprob>0.0</fprob>
        </actor>
        <actor name="D0N34">
            <wcet number="0">30</wcet>
            <wcet number="1">60</wcet>
            <maxpow number="0.5142672601812723"/>
            <maxpow number="0.5142672601812723"/>
            <fprob>0.0</fprob>
        </actor>
        <actor name="D0N16">
            <wcet number="0">30</wcet>
            <wcet number="1">30</wcet>
            <maxpow number="0.6099094505872624"/>
            <maxpow number="0.6099094505872624"/>
            <fprob>0.0</fprob>
        </actor>
        <actor name="D0N19">
            <wcet number="0">50</wcet>
            <wcet number="1">70</wcet>
            <maxpow number="0.6406404312044073"/>
            <maxpow number="0.6406404312044073"/>
            <fprob>0.0</fprob>
        </actor>
        <actor name="D0N26">
            <wcet number="0">20</wcet>
            <wcet number="1">20</wcet>
            <maxpow number="0.6026841428768648"/>
            <maxpow number="0.6026841428768648"/>
            <fprob>0.0</fprob>
        </actor>
        <actor name="D0N24">
            <wcet number="0">20</wcet>
            <wcet number="1">20</wcet>
            <maxpow number="0.5852675320283327"/>
            <maxpow number="0.5852675320283327"/>
            <fprob>0.0</fprob>
        </actor>
        <actor name="D0N37">
            <wcet number="0">20</wcet>
            <wcet number="1">210</wcet>
            <maxpow number="0.7015777139633967"/>
            <maxpow number="0.7015777139633967"/>
            <fprob>0.0</fprob>
        </actor>
        <actor name="D0N22">
            <wcet number="0">10</wcet>
            <wcet number="1">10</wcet>
            <maxpow number="0.5564199986374643"/>
            <maxpow number="0.5564199986374643"/>
            <fprob>0.0</fprob>
        </actor>
        <actor name="D0N45">
            <wcet number="0">60</wcet>
            <wcet number="1">70</wcet>
            <maxpow number="0.601092470911836"/>
            <maxpow number="0.601092470911836"/>
            <fprob>0.0</fprob>
        </actor>
        <actor name="D0N9">
            <wcet number="0">10</wcet>
            <wcet number="1">10</wcet>
            <maxpow number="0.2740369151581886"/>
            <maxpow number="0.2740369151581886"/>
            <fprob>0.0</fprob>
        </actor>
        <actor name="D0N28">
            <wcet number="0">30</wcet>
            <wcet number="1">60</wcet>
            <maxpow number="0.628660820213062"/>
            <maxpow number="0.628660820213062"/>
            <fprob>0.0</fprob>
        </actor>
        <actor name="D0N31">
            <wcet number="0">20</wcet>
            <wcet number="1">70</wcet>
            <maxpow number="0.7023997011041619"/>
            <maxpow number="0.7023997011041619"/>
            <fprob>0.0</fprob>
        </actor>
        <actor name="D0N33">
            <wcet number="0">10</wcet>
            <wcet number="1">10</wcet>
            <maxpow number="0.6039099388695225"/>
            <maxpow number="0.6039099388695225"/>
            <fprob>0.0</fprob>
        </actor>
        <actor name="D0N42">
            <wcet number="0">10</wcet>
            <wcet number="1">20</wcet>
            <maxpow number="0.6933335708813779"/>
            <maxpow number="0.6933335708813779"/>
            <fprob>0.0</fprob>
        </actor>
        <actor name="D0N21">
            <wcet number="0">70</wcet>
            <wcet number="1">80</wcet>
            <maxpow number="0.6704373522837014"/>
            <maxpow number="0.6704373522837014"/>
            <fprob>0.0</fprob>
        </actor>
        <actor name="D0N38">
            <wcet number="0">10</wcet>
            <wcet number="1">20</wcet>
            <maxpow number="0.331833917748413"/>
            <maxpow number="0.331833917748413"/>
            <fprob>0.0</fprob>
        </actor>
        <actor name="D0N23">
            <wcet number="0">10</wcet>
            <wcet number="1">20</wcet>
            <maxpow number="0.40215312499207945"/>
            <maxpow number="0.40215312499207945"/>
            <fprob>0.0</fprob>
        </actor>
        <actor name="D0N47">
            <wcet number="0">70</wcet>
            <wcet number="1">90</wcet>
            <maxpow number="0.3031205938856665"/>
            <maxpow number="0.3031205938856665"/>
            <fprob>0.0</fprob>
        </actor>
        <actor name="D0N18">
            <wcet number="0">10</wcet>
            <wcet number="1">20</wcet>
            <maxpow number="0.31678992314806725"/>
            <maxpow number="0.31678992314806725"/>
            <fprob>0.0</fprob>
        </actor>
        <actor name="D0N44">
            <wcet number="0">30</wcet>
            <wcet number="1">40</wcet>
            <maxpow number="0.6865836138950033"/>
            <maxpow number="0.6865836138950033"/>
            <fprob>0.0</fprob>
        </actor>
        <actor name="D0N30">
            <wcet number="0">20</wcet>
            <wcet number="1">70</wcet>
            <maxpow number="0.7314637911664863"/>
            <maxpow number="0.7314637911664863"/>
            <fprob>0.0</fprob>
        </actor>
        <actor name="D0N5">
            <wcet number="0">10</wcet>
            <wcet number="1">10</wcet>
            <maxpow number="0.4446380127075438"/>
            <maxpow number="0.4446380127075438"/>
            <fprob>0.0</fprob>
        </actor>
        <actor name="D0N25">
            <wcet number="0">10</wcet>
            <wcet number="1">30</wcet>
            <maxpow number="0.2701711976956102"/>
            <maxpow number="0.2701711976956102"/>
            <fprob>0.0</fprob>
        </actor>
        <actor name="D0N6">
            <wcet number="0">20</wcet>
            <wcet number="1">50</wcet>
            <maxpow number="0.6138798135394177"/>
            <maxpow number="0.6138798135394177"/>
            <fprob>0.0</fprob>
        </actor>
        <actor name="D0N14">
            <wcet number="0">20</wcet>
            <wcet number="1">30</wcet>
            <maxpow number="0.5565763899080893"/>
            <maxpow number="0.5565763899080893"/>
            <fprob>0.0</fprob>
        </actor>
        <actor name="D0N15">
            <wcet number="0">50</wcet>
            <wcet number="1">50</wcet>
            <maxpow number="0.835014910776879"/>
            <maxpow number="0.835014910776879"/>
            <fprob>0.0</fprob>
        </actor>
        <actor name="D0N17">
            <wcet number="0">10</wcet>
            <wcet number="1">10</wcet>
            <maxpow number="0.5521989456819947"/>
            <maxpow number="0.5521989456819947"/>
            <fprob>0.0</fprob>
        </actor>
        <actor name="D0N35">
            <wcet number="0">130</wcet>
            <wcet number="1">140</wcet>
            <maxpow number="0.5143787047533438"/>
            <maxpow number="0.5143787047533438"/>
            <fprob>0.0</fprob>
        </actor>
        <actor name="D0N36">
            <wcet number="0">10</wcet>
            <wcet number="1">60</wcet>
            <maxpow number="0.6454731068785086"/>
            <maxpow number="0.6454731068785086"/>
            <fprob>0.0</fprob>
        </actor>
        <actor name="D0N32">
            <wcet number="0">20</wcet>
            <wcet number="1">40</wcet>
            <maxpow number="0.5275072955212108"/>
            <maxpow number="0.5275072955212108"/>
            <fprob>0.0</fprob>
        </actor>
        <actor name="D0N40">
            <wcet number="0">30</wcet>
            <wcet number="1">60</wcet>
            <maxpow number="0.5302044943627495"/>
            <maxpow number="0.5302044943627495"/>
            <fprob>0.0</fprob>
        </actor>
        <actor name="D0N11">
            <wcet number="0">10</wcet>
            <wcet number="1">10</wcet>
            <maxpow number="0.34826369405599367"/>
            <maxpow number="0.34826369405599367"/>
            <fprob>0.0</fprob>
        </actor>
        <actor name="D0N7">
            <wcet number="0">10</wcet>
            <wcet number="1">100</wcet>
            <maxpow number="0.5186060508285847"/>
            <maxpow number="0.5186060508285847"/>
            <fprob>0.0</fprob>
        </actor>
        <ports>
            <port dstActor="D0N47" name="p0" srcActor="D0N12"/>
            <port dstActor="D0N17" name="p1" srcActor="D0N12"/>
            <port dstActor="D0N34" name="p2" srcActor="D0N12"/>
            <port dstActor="D0N23" name="p3" srcActor="D0N12"/>
            <port dstActor="D0N36" name="p4" srcActor="D0N12"/>
            <port dstActor="D0N26" name="p5" srcActor="D0N13"/>
            <port dstActor="D0N33" name="p6" srcActor="D0N13"/>
            <port dstActor="D0N47" name="p7" srcActor="D0N13"/>
            <port dstActor="D0N22" name="p8" srcActor="D0N4"/>
            <port dstActor="D0N19" name="p9" srcActor="D0N4"/>
            <port dstActor="D0N34" name="p10" srcActor="D0N4"/>
            <port dstActor="D0N15" name="p11" srcActor="D0N4"/>
            <port dstActor="D0N28" name="p12" srcActor="D0N4"/>
            <port dstActor="D0N43" name="p13" srcActor="D0N39"/>
            <port dstActor="D0N45" name="p14" srcActor="D0N39"/>
            <port dstActor="D0N38" name="p15" srcActor="D0N10"/>
            <port dstActor="D0N10" name="p16" srcActor="D0N3"/>
            <port dstActor="D0N13" name="p17" srcActor="D0N3"/>
            <port dstActor="D0N26" name="p18" srcActor="D0N1"/>
            <port dstActor="D0N27" name="p19" srcActor="D0N1"/>
            <port dstActor="D0N33" name="p20" srcActor="D0N1"/>
            <port dstActor="D0N20" name="p21" srcActor="D0N1"/>
            <port dstActor="D0N45" name="p22" srcActor="D0N1"/>
            <port dstActor="D0N11" name="p23" srcActor="D0N1"/>
            <port dstActor="D0N32" name="p24" srcActor="D0N1"/>
            <port dstActor="D0N31" name="p25" srcActor="D0N1"/>
            <port dstActor="D0N8" name="p26" srcActor="D0N2"/>
            <port dstActor="D0N17" name="p27" srcActor="D0N2"/>
            <port dstActor="D0N27" name="p28" srcActor="D0N2"/>
            <port dstActor="D0N15" name="p29" srcActor="D0N2"/>
            <port dstActor="D0N47" name="p30" srcActor="D0N2"/>
            <port dstActor="D0N20" name="p31" srcActor="D0N2"/>
            <port dstActor="D0N44" name="p32" srcActor="D0N2"/>
            <port dstActor="D0N47" name="p33" srcActor="D0N20"/>
            <port dstActor="D0N43" name="p34" srcActor="D0N20"/>
            <port dstActor="D0N36" name="p35" srcActor="D0N20"/>
            <port dstActor="D0N27" name="p36" srcActor="D0N0"/>
            <port dstActor="D0N20" name="p37" srcActor="D0N0"/>
            <port dstActor="D0N41" name="p38" srcActor="D0N0"/>
            <port dstActor="D0N45" name="p39" srcActor="D0N0"/>
            <port dstActor="D0N19" name="p40" srcActor="D0N0"/>
            <port dstActor="D0N35" name="p41" srcActor="D0N0"/>
            <port dstActor="D0N8" name="p42" srcActor="D0N0"/>
            <port dstActor="D0N17" name="p43" srcActor="D0N0"/>
            <port dstActor="D0N32" name="p44" srcActor="D0N27"/>
            <port dstActor="D0N38" name="p45" srcActor="D0N27"/>
            <port dstActor="D0N46" name="p46" srcActor="D0N27"/>
            <port dstActor="D0N34" name="p47" srcActor="D0N27"/>
            <port dstActor="D0N36" name="p48" srcActor="D0N34"/>
            <port dstActor="D0N38" name="p49" srcActor="D0N34"/>
            <port dstActor="D0N22" name="p50" srcActor="D0N16"/>
            <port dstActor="D0N31" name="p51" srcActor="D0N16"/>
            <port dstActor="D0N18" name="p52" srcActor="D0N16"/>
            <port dstActor="D0N20" name="p53" srcActor="D0N19"/>
            <port dstActor="D0N21" name="p54" srcActor="D0N19"/>
            <port dstActor="D0N40" name="p55" srcActor="D0N19"/>
            <port dstActor="D0N38" name="p56" srcActor="D0N19"/>
            <port dstActor="D0N34" name="p57" srcActor="D0N19"/>
            <port dstActor="D0N38" name="p58" srcActor="D0N26"/>
            <port dstActor="D0N46" name="p59" srcActor="D0N26"/>
            <port dstActor="D0N47" name="p60" srcActor="D0N37"/>
            <port dstActor="D0N33" name="p61" srcActor="D0N22"/>
            <port dstActor="D0N38" name="p62" srcActor="D0N22"/>
            <port dstActor="D0N23" name="p63" srcActor="D0N22"/>
            <port dstActor="D0N17" name="p64" srcActor="D0N9"/>
            <port dstActor="D0N46" name="p65" srcActor="D0N9"/>
            <port dstActor="D0N32" name="p66" srcActor="D0N9"/>
            <port dstActor="D0N43" name="p67" srcActor="D0N9"/>
            <port dstActor="D0N42" name="p68" srcActor="D0N28"/>
            <port dstActor="D0N45" name="p69" srcActor="D0N28"/>
            <port dstActor="D0N44" name="p70" srcActor="D0N28"/>
            <port dstActor="D0N44" name="p71" srcActor="D0N31"/>
            <port dstActor="D0N41" name="p72" srcActor="D0N31"/>
            <port dstActor="D0N35" name="p73" srcActor="D0N31"/>
            <port dstActor="D0N38" name="p74" srcActor="D0N33"/>
            <port dstActor="D0N43" name="p75" srcActor="D0N33"/>
            <port dstActor="D0N47" name="p76" srcActor="D0N42"/>
            <port dstActor="D0N28" name="p77" srcActor="D0N21"/>
            <port dstActor="D0N42" name="p78" srcActor="D0N21"/>
            <port dstActor="D0N46" name="p79" srcActor="D0N38"/>
            <port dstActor="D0N34" name="p80" srcActor="D0N23"/>
            <port dstActor="D0N41" name="p81" srcActor="D0N23"/>
            <port dstActor="D0N44" name="p82" srcActor="D0N23"/>
            <port dstActor="D0N27" name="p83" srcActor="D0N23"/>
            <port dstActor="D0N23" name="p84" srcActor="D0N18"/>
            <port dstActor="D0N34" name="p85" srcActor="D0N18"/>
            <port dstActor="D0N46" name="p86" srcActor="D0N18"/>
            <port dstActor="D0N37" name="p87" srcActor="D0N18"/>
            <port dstActor="D0N45" name="p88" srcActor="D0N44"/>
            <port dstActor="D0N47" name="p89" srcActor="D0N44"/>
            <port dstActor="D0N47" name="p90" srcActor="D0N30"/>
            <port dstActor="D0N35" name="p91" srcActor="D0N30"/>
            <port dstActor="D0N41" name="p92" srcActor="D0N30"/>
            <port dstActor="D0N6" name="p93" srcActor="D0N5"/>
            <port dstActor="D0N17" name="p94" srcActor="D0N5"/>
            <port dstActor="D0N13" name="p95" srcActor="D0N5"/>
            <port dstActor="D0N28" name="p96" srcActor="D0N5"/>
            <port dstActor="D0N42" name="p97" srcActor="D0N5"/>
            <port dstActor="D0N33" name="p98" srcActor="D0N25"/>
            <port dstActor="D0N45" name="p99" srcActor="D0N25"/>
            <port dstActor="D0N32" name="p100" srcActor="D0N25"/>
            <port dstActor="D0N16" name="p101" srcActor="D0N6"/>
            <port dstActor="D0N18" name="p102" srcActor="D0N6"/>
            <port dstActor="D0N27" name="p103" srcActor="D0N6"/>
            <port dstActor="D0N30" name="p104" srcActor="D0N14"/>
            <port dstActor="D0N39" name="p105" srcActor="D0N14"/>
            <port dstActor="D0N21" name="p106" srcActor="D0N14"/>
            <port dstActor="D0N17" name="p107" srcActor="D0N14"/>
            <port dstActor="D0N28" name="p108" srcActor="D0N14"/>
            <port dstActor="D0N16" name="p109" srcActor="D0N15"/>
            <port dstActor="D0N35" name="p110" srcActor="D0N15"/>
            <port dstActor="D0N27" name="p111" srcActor="D0N15"/>
            <port dstActor="D0N37" name="p112" srcActor="D0N15"/>
            <port dstActor="D0N45" name="p113" srcActor="D0N15"/>
            <port dstActor="D0N29" name="p114" srcActor="D0N15"/>
            <port dstActor="D0N41" name="p115" srcActor="D0N17"/>
            <port dstActor="D0N30" name="p116" srcActor="D0N17"/>
            <port dstActor="D0N46" name="p117" srcActor="D0N35"/>
            <port dstActor="D0N47" name="p118" srcActor="D0N36"/>
            <port dstActor="D0N40" name="p119" srcActor="D0N36"/>
            <port dstActor="D0N33" name="p120" srcActor="D0N32"/>
            <port dstActor="D0N42" name="p121" srcActor="D0N11"/>
            <port dstActor="D0N16" name="p122" srcActor="D0N7"/>
            <port dstActor="D0N19" name="p123" srcActor="D0N7"/>
            <port dstActor="D0N27" name="p124" srcActor="D0N7"/>
            <port dstActor="D0N34" name="p125" srcActor="D0N7"/>
        </ports>
    </mcdag>
    <cores number="3"/>
    <levels number="2"/>
</mcsystem>
