<?xml version="1.0" encoding="UTF-8" standalone="no"?>
<mcsystem>
    <mcdag deadline="2200" name="genned-0-ed-10.0-0">
        <actor name="D0N26">
            <wcet number="0">250</wcet>
            <wcet number="1">380</wcet>
            <maxpow number="0.6698346884910862"/>
            <maxpow number="0.6698346884910862"/>
            <fprob>0.0</fprob>
        </actor>
        <actor name="D0N43">
            <wcet number="0">30</wcet>
            <wcet number="1">60</wcet>
            <maxpow number="0.4111674893892121"/>
            <maxpow number="0.4111674893892121"/>
            <fprob>0.0</fprob>
        </actor>
        <actor name="D0N42">
            <wcet number="0">10</wcet>
            <wcet number="1">60</wcet>
            <maxpow number="0.8941157133079952"/>
            <maxpow number="0.8941157133079952"/>
            <fprob>0.0</fprob>
        </actor>
        <actor name="D0N10">
            <wcet number="0">70</wcet>
            <wcet number="1">70</wcet>
            <maxpow number="0.2809700474086681"/>
            <maxpow number="0.2809700474086681"/>
            <fprob>0.0</fprob>
        </actor>
        <actor name="D0N3">
            <wcet number="0">10</wcet>
            <wcet number="1">130</wcet>
            <maxpow number="0.3549864396307086"/>
            <maxpow number="0.3549864396307086"/>
            <fprob>0.0</fprob>
        </actor>
        <actor name="D0N34">
            <wcet number="0">90</wcet>
            <wcet number="1">100</wcet>
            <maxpow number="0.5434720888458476"/>
            <maxpow number="0.5434720888458476"/>
            <fprob>0.0</fprob>
        </actor>
        <actor name="D0N38">
            <wcet number="0">10</wcet>
            <wcet number="1">10</wcet>
            <maxpow number="0.5797446158711538"/>
            <maxpow number="0.5797446158711538"/>
            <fprob>0.0</fprob>
        </actor>
        <actor name="D0N1">
            <wcet number="0">40</wcet>
            <wcet number="1">40</wcet>
            <maxpow number="0.8126928975122784"/>
            <maxpow number="0.8126928975122784"/>
            <fprob>0.0</fprob>
        </actor>
        <actor name="D0N22">
            <wcet number="0">70</wcet>
            <wcet number="1">100</wcet>
            <maxpow number="0.8315175839855862"/>
            <maxpow number="0.8315175839855862"/>
            <fprob>0.0</fprob>
        </actor>
        <actor name="D0N36">
            <wcet number="0">20</wcet>
            <wcet number="1">20</wcet>
            <maxpow number="0.508782873506119"/>
            <maxpow number="0.508782873506119"/>
            <fprob>0.0</fprob>
        </actor>
        <actor name="D0N13">
            <wcet number="0">10</wcet>
            <wcet number="1">10</wcet>
            <maxpow number="0.3320512150349979"/>
            <maxpow number="0.3320512150349979"/>
            <fprob>0.0</fprob>
        </actor>
        <actor name="D0N41">
            <wcet number="0">10</wcet>
            <wcet number="1">20</wcet>
            <maxpow number="0.5961506321149418"/>
            <maxpow number="0.5961506321149418"/>
            <fprob>0.0</fprob>
        </actor>
        <actor name="D0N12">
            <wcet number="0">120</wcet>
            <wcet number="1">140</wcet>
            <maxpow number="0.34706499629054566"/>
            <maxpow number="0.34706499629054566"/>
            <fprob>0.0</fprob>
        </actor>
        <actor name="D0N18">
            <wcet number="0">30</wcet>
            <wcet number="1">120</wcet>
            <maxpow number="0.7164180416461507"/>
            <maxpow number="0.7164180416461507"/>
            <fprob>0.0</fprob>
        </actor>
        <actor name="D0N16">
            <wcet number="0">30</wcet>
            <wcet number="1">50</wcet>
            <maxpow number="0.6763847945796855"/>
            <maxpow number="0.6763847945796855"/>
            <fprob>0.0</fprob>
        </actor>
        <actor name="D0N7">
            <wcet number="0">20</wcet>
            <wcet number="1">70</wcet>
            <maxpow number="0.506780968991304"/>
            <maxpow number="0.506780968991304"/>
            <fprob>0.0</fprob>
        </actor>
        <actor name="D0N17">
            <wcet number="0">20</wcet>
            <wcet number="1">30</wcet>
            <maxpow number="0.38906071629408373"/>
            <maxpow number="0.38906071629408373"/>
            <fprob>0.0</fprob>
        </actor>
        <actor name="D0N44">
            <wcet number="0">30</wcet>
            <wcet number="1">90</wcet>
            <maxpow number="0.5260623905545995"/>
            <maxpow number="0.5260623905545995"/>
            <fprob>0.0</fprob>
        </actor>
        <actor name="D0N21">
            <wcet number="0">100</wcet>
            <wcet number="1">320</wcet>
            <maxpow number="0.7861933753137478"/>
            <maxpow number="0.7861933753137478"/>
            <fprob>0.0</fprob>
        </actor>
        <actor name="D0N33">
            <wcet number="0">370</wcet>
            <wcet number="1">410</wcet>
            <maxpow number="0.4402305069815847"/>
            <maxpow number="0.4402305069815847"/>
            <fprob>0.0</fprob>
        </actor>
        <actor name="D0N47">
            <wcet number="0">90</wcet>
            <wcet number="1">100</wcet>
            <maxpow number="0.49070233336630126"/>
            <maxpow number="0.49070233336630126"/>
            <fprob>0.0</fprob>
        </actor>
        <actor name="D0N25">
            <wcet number="0">50</wcet>
            <wcet number="1">170</wcet>
            <maxpow number="0.16664893381823248"/>
            <maxpow number="0.16664893381823248"/>
            <fprob>0.0</fprob>
        </actor>
        <actor name="D0N4">
            <wcet number="0">70</wcet>
            <wcet number="1">200</wcet>
            <maxpow number="0.5042846069044756"/>
            <maxpow number="0.5042846069044756"/>
            <fprob>0.0</fprob>
        </actor>
        <actor name="D0N20">
            <wcet number="0">10</wcet>
            <wcet number="1">10</wcet>
            <maxpow number="0.4999265083104717"/>
            <maxpow number="0.4999265083104717"/>
            <fprob>0.0</fprob>
        </actor>
        <actor name="D0N37">
            <wcet number="0">20</wcet>
            <wcet number="1">20</wcet>
            <maxpow number="0.6103582974916336"/>
            <maxpow number="0.6103582974916336"/>
            <fprob>0.0</fprob>
        </actor>
        <actor name="D0N40">
            <wcet number="0">40</wcet>
            <wcet number="1">110</wcet>
            <maxpow number="0.4697779892654652"/>
            <maxpow number="0.4697779892654652"/>
            <fprob>0.0</fprob>
        </actor>
        <actor name="D0N30">
            <wcet number="0">40</wcet>
            <wcet number="1">40</wcet>
            <maxpow number="0.8111017487568306"/>
            <maxpow number="0.8111017487568306"/>
            <fprob>0.0</fprob>
        </actor>
        <actor name="D0N23">
            <wcet number="0">50</wcet>
            <wcet number="1">60</wcet>
            <maxpow number="0.5214412173664297"/>
            <maxpow number="0.5214412173664297"/>
            <fprob>0.0</fprob>
        </actor>
        <actor name="D0N27">
            <wcet number="0">20</wcet>
            <wcet number="1">50</wcet>
            <maxpow number="0.45208913398015926"/>
            <maxpow number="0.45208913398015926"/>
            <fprob>0.0</fprob>
        </actor>
        <actor name="D0N31">
            <wcet number="0">10</wcet>
            <wcet number="1">10</wcet>
            <maxpow number="0.32282168059713257"/>
            <maxpow number="0.32282168059713257"/>
            <fprob>0.0</fprob>
        </actor>
        <actor name="D0N8">
            <wcet number="0">30</wcet>
            <wcet number="1">60</wcet>
            <maxpow number="0.3979960369862217"/>
            <maxpow number="0.3979960369862217"/>
            <fprob>0.0</fprob>
        </actor>
        <actor name="D0N35">
            <wcet number="0">10</wcet>
            <wcet number="1">10</wcet>
            <maxpow number="1.0334463907785607"/>
            <maxpow number="1.0334463907785607"/>
            <fprob>0.0</fprob>
        </actor>
        <actor name="D0N15">
            <wcet number="0">60</wcet>
            <wcet number="1">100</wcet>
            <maxpow number="0.7205890628688452"/>
            <maxpow number="0.7205890628688452"/>
            <fprob>0.0</fprob>
        </actor>
        <actor name="D0N32">
            <wcet number="0">170</wcet>
            <wcet number="1">350</wcet>
            <maxpow number="0.3553005478675212"/>
            <maxpow number="0.3553005478675212"/>
            <fprob>0.0</fprob>
        </actor>
        <actor name="D0N5">
            <wcet number="0">10</wcet>
            <wcet number="1">30</wcet>
            <maxpow number="0.62724176041329"/>
            <maxpow number="0.62724176041329"/>
            <fprob>0.0</fprob>
        </actor>
        <actor name="D0N11">
            <wcet number="0">70</wcet>
            <wcet number="1">70</wcet>
            <maxpow number="0.34651475661092046"/>
            <maxpow number="0.34651475661092046"/>
            <fprob>0.0</fprob>
        </actor>
        <actor name="D0N46">
            <wcet number="0">10</wcet>
            <wcet number="1">10</wcet>
            <maxpow number="0.3557268485335681"/>
            <maxpow number="0.3557268485335681"/>
            <fprob>0.0</fprob>
        </actor>
        <actor name="D0N28">
            <wcet number="0">30</wcet>
            <wcet number="1">70</wcet>
            <maxpow number="0.5934331066590853"/>
            <maxpow number="0.5934331066590853"/>
            <fprob>0.0</fprob>
        </actor>
        <actor name="D0N39">
            <wcet number="0">30</wcet>
            <wcet number="1">60</wcet>
            <maxpow number="0.6673283690219638"/>
            <maxpow number="0.6673283690219638"/>
            <fprob>0.0</fprob>
        </actor>
        <actor name="D0N6">
            <wcet number="0">30</wcet>
            <wcet number="1">40</wcet>
            <maxpow number="0.8966367423588857"/>
            <maxpow number="0.8966367423588857"/>
            <fprob>0.0</fprob>
        </actor>
        <actor name="D0N24">
            <wcet number="0">20</wcet>
            <wcet number="1">40</wcet>
            <maxpow number="0.34794666329134893"/>
            <maxpow number="0.34794666329134893"/>
            <fprob>0.0</fprob>
        </actor>
        <actor name="D0N45">
            <wcet number="0">20</wcet>
            <wcet number="1">360</wcet>
            <maxpow number="0.7714930044014724"/>
            <maxpow number="0.7714930044014724"/>
            <fprob>0.0</fprob>
        </actor>
        <actor name="D0N9">
            <wcet number="0">60</wcet>
            <wcet number="1">60</wcet>
            <maxpow number="0.46648737630435233"/>
            <maxpow number="0.46648737630435233"/>
            <fprob>0.0</fprob>
        </actor>
        <actor name="D0N19">
            <wcet number="0">10</wcet>
            <wcet number="1">110</wcet>
            <maxpow number="0.6265063898426466"/>
            <maxpow number="0.6265063898426466"/>
            <fprob>0.0</fprob>
        </actor>
        <actor name="D0N2">
            <wcet number="0">70</wcet>
            <wcet number="1">240</wcet>
            <maxpow number="0.6140674466526004"/>
            <maxpow number="0.6140674466526004"/>
            <fprob>0.0</fprob>
        </actor>
        <actor name="D0N29">
            <wcet number="0">110</wcet>
            <wcet number="1">110</wcet>
            <maxpow number="0.5938106517576017"/>
            <maxpow number="0.5938106517576017"/>
            <fprob>0.0</fprob>
        </actor>
        <actor name="D0N0">
            <wcet number="0">90</wcet>
            <wcet number="1">290</wcet>
            <maxpow number="0.4218137247254412"/>
            <maxpow number="0.4218137247254412"/>
            <fprob>0.0</fprob>
        </actor>
        <actor name="D0N14">
            <wcet number="0">30</wcet>
            <wcet number="1">50</wcet>
            <maxpow number="0.3409904903552034"/>
            <maxpow number="0.3409904903552034"/>
            <fprob>0.0</fprob>
        </actor>
        <ports>
            <port dstActor="D0N35" name="p0" srcActor="D0N26"/>
            <port dstActor="D0N38" name="p1" srcActor="D0N26"/>
            <port dstActor="D0N46" name="p2" srcActor="D0N43"/>
            <port dstActor="D0N44" name="p3" srcActor="D0N42"/>
            <port dstActor="D0N20" name="p4" srcActor="D0N10"/>
            <port dstActor="D0N45" name="p5" srcActor="D0N10"/>
            <port dstActor="D0N44" name="p6" srcActor="D0N10"/>
            <port dstActor="D0N25" name="p7" srcActor="D0N10"/>
            <port dstActor="D0N24" name="p8" srcActor="D0N10"/>
            <port dstActor="D0N39" name="p9" srcActor="D0N3"/>
            <port dstActor="D0N34" name="p10" srcActor="D0N3"/>
            <port dstActor="D0N46" name="p11" srcActor="D0N3"/>
            <port dstActor="D0N41" name="p12" srcActor="D0N3"/>
            <port dstActor="D0N17" name="p13" srcActor="D0N3"/>
            <port dstActor="D0N26" name="p14" srcActor="D0N3"/>
            <port dstActor="D0N41" name="p15" srcActor="D0N34"/>
            <port dstActor="D0N38" name="p16" srcActor="D0N34"/>
            <port dstActor="D0N40" name="p17" srcActor="D0N38"/>
            <port dstActor="D0N39" name="p18" srcActor="D0N1"/>
            <port dstActor="D0N28" name="p19" srcActor="D0N1"/>
            <port dstActor="D0N41" name="p20" srcActor="D0N1"/>
            <port dstActor="D0N45" name="p21" srcActor="D0N1"/>
            <port dstActor="D0N25" name="p22" srcActor="D0N1"/>
            <port dstActor="D0N47" name="p23" srcActor="D0N1"/>
            <port dstActor="D0N40" name="p24" srcActor="D0N22"/>
            <port dstActor="D0N34" name="p25" srcActor="D0N22"/>
            <port dstActor="D0N46" name="p26" srcActor="D0N36"/>
            <port dstActor="D0N14" name="p27" srcActor="D0N13"/>
            <port dstActor="D0N24" name="p28" srcActor="D0N12"/>
            <port dstActor="D0N21" name="p29" srcActor="D0N12"/>
            <port dstActor="D0N40" name="p30" srcActor="D0N18"/>
            <port dstActor="D0N45" name="p31" srcActor="D0N18"/>
            <port dstActor="D0N42" name="p32" srcActor="D0N18"/>
            <port dstActor="D0N37" name="p33" srcActor="D0N16"/>
            <port dstActor="D0N41" name="p34" srcActor="D0N16"/>
            <port dstActor="D0N11" name="p35" srcActor="D0N7"/>
            <port dstActor="D0N27" name="p36" srcActor="D0N7"/>
            <port dstActor="D0N17" name="p37" srcActor="D0N7"/>
            <port dstActor="D0N18" name="p38" srcActor="D0N7"/>
            <port dstActor="D0N19" name="p39" srcActor="D0N7"/>
            <port dstActor="D0N15" name="p40" srcActor="D0N7"/>
            <port dstActor="D0N41" name="p41" srcActor="D0N17"/>
            <port dstActor="D0N26" name="p42" srcActor="D0N17"/>
            <port dstActor="D0N46" name="p43" srcActor="D0N21"/>
            <port dstActor="D0N41" name="p44" srcActor="D0N21"/>
            <port dstActor="D0N34" name="p45" srcActor="D0N21"/>
            <port dstActor="D0N42" name="p46" srcActor="D0N21"/>
            <port dstActor="D0N45" name="p47" srcActor="D0N33"/>
            <port dstActor="D0N35" name="p48" srcActor="D0N33"/>
            <port dstActor="D0N39" name="p49" srcActor="D0N25"/>
            <port dstActor="D0N37" name="p50" srcActor="D0N25"/>
            <port dstActor="D0N44" name="p51" srcActor="D0N25"/>
            <port dstActor="D0N8" name="p52" srcActor="D0N4"/>
            <port dstActor="D0N13" name="p53" srcActor="D0N4"/>
            <port dstActor="D0N29" name="p54" srcActor="D0N4"/>
            <port dstActor="D0N30" name="p55" srcActor="D0N4"/>
            <port dstActor="D0N23" name="p56" srcActor="D0N4"/>
            <port dstActor="D0N34" name="p57" srcActor="D0N4"/>
            <port dstActor="D0N6" name="p58" srcActor="D0N4"/>
            <port dstActor="D0N27" name="p59" srcActor="D0N4"/>
            <port dstActor="D0N47" name="p60" srcActor="D0N20"/>
            <port dstActor="D0N31" name="p61" srcActor="D0N20"/>
            <port dstActor="D0N41" name="p62" srcActor="D0N20"/>
            <port dstActor="D0N43" name="p63" srcActor="D0N40"/>
            <port dstActor="D0N47" name="p64" srcActor="D0N23"/>
            <port dstActor="D0N37" name="p65" srcActor="D0N27"/>
            <port dstActor="D0N40" name="p66" srcActor="D0N27"/>
            <port dstActor="D0N45" name="p67" srcActor="D0N27"/>
            <port dstActor="D0N29" name="p68" srcActor="D0N27"/>
            <port dstActor="D0N38" name="p69" srcActor="D0N27"/>
            <port dstActor="D0N37" name="p70" srcActor="D0N31"/>
            <port dstActor="D0N45" name="p71" srcActor="D0N31"/>
            <port dstActor="D0N28" name="p72" srcActor="D0N8"/>
            <port dstActor="D0N30" name="p73" srcActor="D0N8"/>
            <port dstActor="D0N35" name="p74" srcActor="D0N8"/>
            <port dstActor="D0N17" name="p75" srcActor="D0N8"/>
            <port dstActor="D0N37" name="p76" srcActor="D0N35"/>
            <port dstActor="D0N23" name="p77" srcActor="D0N15"/>
            <port dstActor="D0N18" name="p78" srcActor="D0N15"/>
            <port dstActor="D0N30" name="p79" srcActor="D0N15"/>
            <port dstActor="D0N19" name="p80" srcActor="D0N15"/>
            <port dstActor="D0N33" name="p81" srcActor="D0N32"/>
            <port dstActor="D0N26" name="p82" srcActor="D0N5"/>
            <port dstActor="D0N11" name="p83" srcActor="D0N5"/>
            <port dstActor="D0N35" name="p84" srcActor="D0N5"/>
            <port dstActor="D0N43" name="p85" srcActor="D0N5"/>
            <port dstActor="D0N46" name="p86" srcActor="D0N5"/>
            <port dstActor="D0N34" name="p87" srcActor="D0N11"/>
            <port dstActor="D0N23" name="p88" srcActor="D0N11"/>
            <port dstActor="D0N32" name="p89" srcActor="D0N28"/>
            <port dstActor="D0N30" name="p90" srcActor="D0N28"/>
            <port dstActor="D0N29" name="p91" srcActor="D0N28"/>
            <port dstActor="D0N40" name="p92" srcActor="D0N39"/>
            <port dstActor="D0N43" name="p93" srcActor="D0N39"/>
            <port dstActor="D0N43" name="p94" srcActor="D0N6"/>
            <port dstActor="D0N8" name="p95" srcActor="D0N6"/>
            <port dstActor="D0N13" name="p96" srcActor="D0N6"/>
            <port dstActor="D0N37" name="p97" srcActor="D0N6"/>
            <port dstActor="D0N46" name="p98" srcActor="D0N24"/>
            <port dstActor="D0N44" name="p99" srcActor="D0N24"/>
            <port dstActor="D0N38" name="p100" srcActor="D0N9"/>
            <port dstActor="D0N10" name="p101" srcActor="D0N9"/>
            <port dstActor="D0N33" name="p102" srcActor="D0N9"/>
            <port dstActor="D0N39" name="p103" srcActor="D0N19"/>
            <port dstActor="D0N38" name="p104" srcActor="D0N19"/>
            <port dstActor="D0N28" name="p105" srcActor="D0N2"/>
            <port dstActor="D0N16" name="p106" srcActor="D0N2"/>
            <port dstActor="D0N14" name="p107" srcActor="D0N2"/>
            <port dstActor="D0N21" name="p108" srcActor="D0N2"/>
            <port dstActor="D0N15" name="p109" srcActor="D0N0"/>
            <port dstActor="D0N45" name="p110" srcActor="D0N0"/>
            <port dstActor="D0N12" name="p111" srcActor="D0N0"/>
            <port dstActor="D0N16" name="p112" srcActor="D0N0"/>
            <port dstActor="D0N44" name="p113" srcActor="D0N0"/>
            <port dstActor="D0N19" name="p114" srcActor="D0N0"/>
            <port dstActor="D0N16" name="p115" srcActor="D0N14"/>
            <port dstActor="D0N39" name="p116" srcActor="D0N14"/>
        </ports>
    </mcdag>
    <cores number="3"/>
    <levels number="2"/>
</mcsystem>
