<?xml version="1.0" encoding="UTF-8" standalone="no"?>
<mcsystem>
    <mcdag deadline="3000" name="genned-0-ed-10.0-0">
        <actor name="D0N18">
            <wcet number="0">240</wcet>
            <wcet number="1">240</wcet>
            <maxpow number="0.43766646819721433"/>
            <maxpow number="0.43766646819721433"/>
            <fprob>0.0</fprob>
        </actor>
        <actor name="D0N19">
            <wcet number="0">140</wcet>
            <wcet number="1">160</wcet>
            <maxpow number="0.48565860618773493"/>
            <maxpow number="0.48565860618773493"/>
            <fprob>0.0</fprob>
        </actor>
        <actor name="D0N41">
            <wcet number="0">260</wcet>
            <wcet number="1">280</wcet>
            <maxpow number="0.732491122967161"/>
            <maxpow number="0.732491122967161"/>
            <fprob>0.0</fprob>
        </actor>
        <actor name="D0N5">
            <wcet number="0">100</wcet>
            <wcet number="1">140</wcet>
            <maxpow number="0.24586881114376274"/>
            <maxpow number="0.24586881114376274"/>
            <fprob>0.0</fprob>
        </actor>
        <actor name="D0N8">
            <wcet number="0">200</wcet>
            <wcet number="1">200</wcet>
            <maxpow number="0.7166695194574573"/>
            <maxpow number="0.7166695194574573"/>
            <fprob>0.0</fprob>
        </actor>
        <actor name="D0N38">
            <wcet number="0">210</wcet>
            <wcet number="1">260</wcet>
            <maxpow number="0.2822504391405289"/>
            <maxpow number="0.2822504391405289"/>
            <fprob>0.0</fprob>
        </actor>
        <actor name="D0N42">
            <wcet number="0">200</wcet>
            <wcet number="1">200</wcet>
            <maxpow number="0.6201011950176748"/>
            <maxpow number="0.6201011950176748"/>
            <fprob>0.0</fprob>
        </actor>
        <actor name="D0N28">
            <wcet number="0">30</wcet>
            <wcet number="1">80</wcet>
            <maxpow number="0.25132811015696466"/>
            <maxpow number="0.25132811015696466"/>
            <fprob>0.0</fprob>
        </actor>
        <actor name="D0N14">
            <wcet number="0">10</wcet>
            <wcet number="1">10</wcet>
            <maxpow number="0.45991637882937564"/>
            <maxpow number="0.45991637882937564"/>
            <fprob>0.0</fprob>
        </actor>
        <actor name="D0N13">
            <wcet number="0">70</wcet>
            <wcet number="1">120</wcet>
            <maxpow number="0.7277345114118802"/>
            <maxpow number="0.7277345114118802"/>
            <fprob>0.0</fprob>
        </actor>
        <actor name="D0N39">
            <wcet number="0">60</wcet>
            <wcet number="1">140</wcet>
            <maxpow number="0.5814556541231082"/>
            <maxpow number="0.5814556541231082"/>
            <fprob>0.0</fprob>
        </actor>
        <actor name="D0N15">
            <wcet number="0">40</wcet>
            <wcet number="1">40</wcet>
            <maxpow number="0.38925914631743036"/>
            <maxpow number="0.38925914631743036"/>
            <fprob>0.0</fprob>
        </actor>
        <actor name="D0N2">
            <wcet number="0">10</wcet>
            <wcet number="1">20</wcet>
            <maxpow number="0.33752691523642964"/>
            <maxpow number="0.33752691523642964"/>
            <fprob>0.0</fprob>
        </actor>
        <actor name="D0N11">
            <wcet number="0">10</wcet>
            <wcet number="1">10</wcet>
            <maxpow number="0.3892813213378667"/>
            <maxpow number="0.3892813213378667"/>
            <fprob>0.0</fprob>
        </actor>
        <actor name="D0N1">
            <wcet number="0">30</wcet>
            <wcet number="1">30</wcet>
            <maxpow number="0.5631512436596869"/>
            <maxpow number="0.5631512436596869"/>
            <fprob>0.0</fprob>
        </actor>
        <actor name="D0N4">
            <wcet number="0">30</wcet>
            <wcet number="1">40</wcet>
            <maxpow number="0.7019562897997148"/>
            <maxpow number="0.7019562897997148"/>
            <fprob>0.0</fprob>
        </actor>
        <actor name="D0N10">
            <wcet number="0">20</wcet>
            <wcet number="1">40</wcet>
            <maxpow number="0.24643745751537494"/>
            <maxpow number="0.24643745751537494"/>
            <fprob>0.0</fprob>
        </actor>
        <actor name="D0N29">
            <wcet number="0">30</wcet>
            <wcet number="1">130</wcet>
            <maxpow number="0.6133501682862669"/>
            <maxpow number="0.6133501682862669"/>
            <fprob>0.0</fprob>
        </actor>
        <actor name="D0N37">
            <wcet number="0">20</wcet>
            <wcet number="1">30</wcet>
            <maxpow number="0.3979404879251941"/>
            <maxpow number="0.3979404879251941"/>
            <fprob>0.0</fprob>
        </actor>
        <actor name="D0N40">
            <wcet number="0">80</wcet>
            <wcet number="1">100</wcet>
            <maxpow number="0.464693798437681"/>
            <maxpow number="0.464693798437681"/>
            <fprob>0.0</fprob>
        </actor>
        <actor name="D0N31">
            <wcet number="0">130</wcet>
            <wcet number="1">150</wcet>
            <maxpow number="0.3983114152422619"/>
            <maxpow number="0.3983114152422619"/>
            <fprob>0.0</fprob>
        </actor>
        <actor name="D0N20">
            <wcet number="0">100</wcet>
            <wcet number="1">200</wcet>
            <maxpow number="0.2551025285506032"/>
            <maxpow number="0.2551025285506032"/>
            <fprob>0.0</fprob>
        </actor>
        <actor name="D0N30">
            <wcet number="0">90</wcet>
            <wcet number="1">170</wcet>
            <maxpow number="0.6095655879766236"/>
            <maxpow number="0.6095655879766236"/>
            <fprob>0.0</fprob>
        </actor>
        <actor name="D0N0">
            <wcet number="0">10</wcet>
            <wcet number="1">10</wcet>
            <maxpow number="0.3589571773075133"/>
            <maxpow number="0.3589571773075133"/>
            <fprob>0.0</fprob>
        </actor>
        <actor name="D0N24">
            <wcet number="0">20</wcet>
            <wcet number="1">30</wcet>
            <maxpow number="0.6856562624830047"/>
            <maxpow number="0.6856562624830047"/>
            <fprob>0.0</fprob>
        </actor>
        <actor name="D0N45">
            <wcet number="0">30</wcet>
            <wcet number="1">60</wcet>
            <maxpow number="0.726797581547472"/>
            <maxpow number="0.726797581547472"/>
            <fprob>0.0</fprob>
        </actor>
        <actor name="D0N16">
            <wcet number="0">50</wcet>
            <wcet number="1">440</wcet>
            <maxpow number="0.7069589847836406"/>
            <maxpow number="0.7069589847836406"/>
            <fprob>0.0</fprob>
        </actor>
        <actor name="D0N25">
            <wcet number="0">220</wcet>
            <wcet number="1">230</wcet>
            <maxpow number="0.42558702235834894"/>
            <maxpow number="0.42558702235834894"/>
            <fprob>0.0</fprob>
        </actor>
        <actor name="D0N22">
            <wcet number="0">90</wcet>
            <wcet number="1">390</wcet>
            <maxpow number="0.46031913292241533"/>
            <maxpow number="0.46031913292241533"/>
            <fprob>0.0</fprob>
        </actor>
        <actor name="D0N6">
            <wcet number="0">150</wcet>
            <wcet number="1">160</wcet>
            <maxpow number="0.552782894265551"/>
            <maxpow number="0.552782894265551"/>
            <fprob>0.0</fprob>
        </actor>
        <actor name="D0N17">
            <wcet number="0">90</wcet>
            <wcet number="1">320</wcet>
            <maxpow number="0.651383467799659"/>
            <maxpow number="0.651383467799659"/>
            <fprob>0.0</fprob>
        </actor>
        <actor name="D0N47">
            <wcet number="0">60</wcet>
            <wcet number="1">60</wcet>
            <maxpow number="0.3605790940415099"/>
            <maxpow number="0.3605790940415099"/>
            <fprob>0.0</fprob>
        </actor>
        <actor name="D0N34">
            <wcet number="0">60</wcet>
            <wcet number="1">60</wcet>
            <maxpow number="0.6844483797739125"/>
            <maxpow number="0.6844483797739125"/>
            <fprob>0.0</fprob>
        </actor>
        <actor name="D0N12">
            <wcet number="0">50</wcet>
            <wcet number="1">60</wcet>
            <maxpow number="0.5106290638494252"/>
            <maxpow number="0.5106290638494252"/>
            <fprob>0.0</fprob>
        </actor>
        <actor name="D0N32">
            <wcet number="0">70</wcet>
            <wcet number="1">70</wcet>
            <maxpow number="0.31589122351242716"/>
            <maxpow number="0.31589122351242716"/>
            <fprob>0.0</fprob>
        </actor>
        <actor name="D0N27">
            <wcet number="0">10</wcet>
            <wcet number="1">20</wcet>
            <maxpow number="0.5277575120105318"/>
            <maxpow number="0.5277575120105318"/>
            <fprob>0.0</fprob>
        </actor>
        <actor name="D0N33">
            <wcet number="0">30</wcet>
            <wcet number="1">120</wcet>
            <maxpow number="0.5558894719025572"/>
            <maxpow number="0.5558894719025572"/>
            <fprob>0.0</fprob>
        </actor>
        <actor name="D0N3">
            <wcet number="0">110</wcet>
            <wcet number="1">130</wcet>
            <maxpow number="0.5764186855717074"/>
            <maxpow number="0.5764186855717074"/>
            <fprob>0.0</fprob>
        </actor>
        <actor name="D0N7">
            <wcet number="0">10</wcet>
            <wcet number="1">30</wcet>
            <maxpow number="0.43591966758573747"/>
            <maxpow number="0.43591966758573747"/>
            <fprob>0.0</fprob>
        </actor>
        <actor name="D0N44">
            <wcet number="0">70</wcet>
            <wcet number="1">110</wcet>
            <maxpow number="0.38919950782442353"/>
            <maxpow number="0.38919950782442353"/>
            <fprob>0.0</fprob>
        </actor>
        <actor name="D0N46">
            <wcet number="0">10</wcet>
            <wcet number="1">10</wcet>
            <maxpow number="0.8373471080073944"/>
            <maxpow number="0.8373471080073944"/>
            <fprob>0.0</fprob>
        </actor>
        <actor name="D0N26">
            <wcet number="0">10</wcet>
            <wcet number="1">320</wcet>
            <maxpow number="0.6026306582381029"/>
            <maxpow number="0.6026306582381029"/>
            <fprob>0.0</fprob>
        </actor>
        <actor name="D0N35">
            <wcet number="0">100</wcet>
            <wcet number="1">200</wcet>
            <maxpow number="0.5521434723513069"/>
            <maxpow number="0.5521434723513069"/>
            <fprob>0.0</fprob>
        </actor>
        <actor name="D0N36">
            <wcet number="0">20</wcet>
            <wcet number="1">20</wcet>
            <maxpow number="0.43580846023535713"/>
            <maxpow number="0.43580846023535713"/>
            <fprob>0.0</fprob>
        </actor>
        <actor name="D0N9">
            <wcet number="0">100</wcet>
            <wcet number="1">240</wcet>
            <maxpow number="0.15186793863603493"/>
            <maxpow number="0.15186793863603493"/>
            <fprob>0.0</fprob>
        </actor>
        <actor name="D0N21">
            <wcet number="0">10</wcet>
            <wcet number="1">100</wcet>
            <maxpow number="0.490594421663722"/>
            <maxpow number="0.490594421663722"/>
            <fprob>0.0</fprob>
        </actor>
        <actor name="D0N23">
            <wcet number="0">100</wcet>
            <wcet number="1">200</wcet>
            <maxpow number="0.665383087559553"/>
            <maxpow number="0.665383087559553"/>
            <fprob>0.0</fprob>
        </actor>
        <actor name="D0N43">
            <wcet number="0">110</wcet>
            <wcet number="1">120</wcet>
            <maxpow number="0.568185727306747"/>
            <maxpow number="0.568185727306747"/>
            <fprob>0.0</fprob>
        </actor>
        <ports>
            <port dstActor="D0N46" name="p0" srcActor="D0N18"/>
            <port dstActor="D0N19" name="p1" srcActor="D0N18"/>
            <port dstActor="D0N20" name="p2" srcActor="D0N19"/>
            <port dstActor="D0N38" name="p3" srcActor="D0N19"/>
            <port dstActor="D0N35" name="p4" srcActor="D0N19"/>
            <port dstActor="D0N44" name="p5" srcActor="D0N41"/>
            <port dstActor="D0N8" name="p6" srcActor="D0N5"/>
            <port dstActor="D0N28" name="p7" srcActor="D0N5"/>
            <port dstActor="D0N33" name="p8" srcActor="D0N5"/>
            <port dstActor="D0N9" name="p9" srcActor="D0N5"/>
            <port dstActor="D0N6" name="p10" srcActor="D0N5"/>
            <port dstActor="D0N10" name="p11" srcActor="D0N5"/>
            <port dstActor="D0N13" name="p12" srcActor="D0N8"/>
            <port dstActor="D0N39" name="p13" srcActor="D0N8"/>
            <port dstActor="D0N27" name="p14" srcActor="D0N8"/>
            <port dstActor="D0N15" name="p15" srcActor="D0N8"/>
            <port dstActor="D0N31" name="p16" srcActor="D0N8"/>
            <port dstActor="D0N10" name="p17" srcActor="D0N8"/>
            <port dstActor="D0N46" name="p18" srcActor="D0N38"/>
            <port dstActor="D0N45" name="p19" srcActor="D0N38"/>
            <port dstActor="D0N35" name="p20" srcActor="D0N28"/>
            <port dstActor="D0N37" name="p21" srcActor="D0N28"/>
            <port dstActor="D0N19" name="p22" srcActor="D0N14"/>
            <port dstActor="D0N14" name="p23" srcActor="D0N13"/>
            <port dstActor="D0N46" name="p24" srcActor="D0N13"/>
            <port dstActor="D0N36" name="p25" srcActor="D0N13"/>
            <port dstActor="D0N35" name="p26" srcActor="D0N13"/>
            <port dstActor="D0N17" name="p27" srcActor="D0N13"/>
            <port dstActor="D0N16" name="p28" srcActor="D0N15"/>
            <port dstActor="D0N42" name="p29" srcActor="D0N15"/>
            <port dstActor="D0N30" name="p30" srcActor="D0N15"/>
            <port dstActor="D0N47" name="p31" srcActor="D0N15"/>
            <port dstActor="D0N28" name="p32" srcActor="D0N15"/>
            <port dstActor="D0N44" name="p33" srcActor="D0N15"/>
            <port dstActor="D0N35" name="p34" srcActor="D0N2"/>
            <port dstActor="D0N47" name="p35" srcActor="D0N2"/>
            <port dstActor="D0N9" name="p36" srcActor="D0N2"/>
            <port dstActor="D0N14" name="p37" srcActor="D0N2"/>
            <port dstActor="D0N18" name="p38" srcActor="D0N2"/>
            <port dstActor="D0N6" name="p39" srcActor="D0N2"/>
            <port dstActor="D0N12" name="p40" srcActor="D0N11"/>
            <port dstActor="D0N15" name="p41" srcActor="D0N11"/>
            <port dstActor="D0N42" name="p42" srcActor="D0N11"/>
            <port dstActor="D0N19" name="p43" srcActor="D0N11"/>
            <port dstActor="D0N2" name="p44" srcActor="D0N1"/>
            <port dstActor="D0N15" name="p45" srcActor="D0N1"/>
            <port dstActor="D0N33" name="p46" srcActor="D0N1"/>
            <port dstActor="D0N35" name="p47" srcActor="D0N4"/>
            <port dstActor="D0N14" name="p48" srcActor="D0N4"/>
            <port dstActor="D0N25" name="p49" srcActor="D0N4"/>
            <port dstActor="D0N38" name="p50" srcActor="D0N4"/>
            <port dstActor="D0N39" name="p51" srcActor="D0N10"/>
            <port dstActor="D0N32" name="p52" srcActor="D0N10"/>
            <port dstActor="D0N37" name="p53" srcActor="D0N10"/>
            <port dstActor="D0N32" name="p54" srcActor="D0N29"/>
            <port dstActor="D0N36" name="p55" srcActor="D0N29"/>
            <port dstActor="D0N39" name="p56" srcActor="D0N37"/>
            <port dstActor="D0N45" name="p57" srcActor="D0N40"/>
            <port dstActor="D0N31" name="p58" srcActor="D0N20"/>
            <port dstActor="D0N35" name="p59" srcActor="D0N20"/>
            <port dstActor="D0N29" name="p60" srcActor="D0N20"/>
            <port dstActor="D0N45" name="p61" srcActor="D0N20"/>
            <port dstActor="D0N28" name="p62" srcActor="D0N20"/>
            <port dstActor="D0N39" name="p63" srcActor="D0N30"/>
            <port dstActor="D0N17" name="p64" srcActor="D0N0"/>
            <port dstActor="D0N37" name="p65" srcActor="D0N24"/>
            <port dstActor="D0N29" name="p66" srcActor="D0N24"/>
            <port dstActor="D0N34" name="p67" srcActor="D0N24"/>
            <port dstActor="D0N38" name="p68" srcActor="D0N16"/>
            <port dstActor="D0N47" name="p69" srcActor="D0N16"/>
            <port dstActor="D0N32" name="p70" srcActor="D0N16"/>
            <port dstActor="D0N28" name="p71" srcActor="D0N16"/>
            <port dstActor="D0N43" name="p72" srcActor="D0N16"/>
            <port dstActor="D0N24" name="p73" srcActor="D0N16"/>
            <port dstActor="D0N28" name="p74" srcActor="D0N25"/>
            <port dstActor="D0N25" name="p75" srcActor="D0N22"/>
            <port dstActor="D0N29" name="p76" srcActor="D0N22"/>
            <port dstActor="D0N43" name="p77" srcActor="D0N22"/>
            <port dstActor="D0N45" name="p78" srcActor="D0N6"/>
            <port dstActor="D0N35" name="p79" srcActor="D0N6"/>
            <port dstActor="D0N27" name="p80" srcActor="D0N17"/>
            <port dstActor="D0N36" name="p81" srcActor="D0N17"/>
            <port dstActor="D0N43" name="p82" srcActor="D0N17"/>
            <port dstActor="D0N36" name="p83" srcActor="D0N12"/>
            <port dstActor="D0N21" name="p84" srcActor="D0N12"/>
            <port dstActor="D0N26" name="p85" srcActor="D0N12"/>
            <port dstActor="D0N18" name="p86" srcActor="D0N12"/>
            <port dstActor="D0N46" name="p87" srcActor="D0N27"/>
            <port dstActor="D0N47" name="p88" srcActor="D0N3"/>
            <port dstActor="D0N39" name="p89" srcActor="D0N3"/>
            <port dstActor="D0N42" name="p90" srcActor="D0N3"/>
            <port dstActor="D0N45" name="p91" srcActor="D0N7"/>
            <port dstActor="D0N9" name="p92" srcActor="D0N7"/>
            <port dstActor="D0N12" name="p93" srcActor="D0N7"/>
            <port dstActor="D0N47" name="p94" srcActor="D0N46"/>
            <port dstActor="D0N34" name="p95" srcActor="D0N26"/>
            <port dstActor="D0N35" name="p96" srcActor="D0N26"/>
            <port dstActor="D0N47" name="p97" srcActor="D0N26"/>
            <port dstActor="D0N39" name="p98" srcActor="D0N35"/>
            <port dstActor="D0N46" name="p99" srcActor="D0N35"/>
            <port dstActor="D0N47" name="p100" srcActor="D0N36"/>
            <port dstActor="D0N34" name="p101" srcActor="D0N9"/>
            <port dstActor="D0N28" name="p102" srcActor="D0N9"/>
            <port dstActor="D0N42" name="p103" srcActor="D0N9"/>
            <port dstActor="D0N14" name="p104" srcActor="D0N9"/>
            <port dstActor="D0N36" name="p105" srcActor="D0N9"/>
            <port dstActor="D0N29" name="p106" srcActor="D0N21"/>
            <port dstActor="D0N31" name="p107" srcActor="D0N21"/>
            <port dstActor="D0N27" name="p108" srcActor="D0N21"/>
            <port dstActor="D0N40" name="p109" srcActor="D0N21"/>
            <port dstActor="D0N38" name="p110" srcActor="D0N21"/>
            <port dstActor="D0N38" name="p111" srcActor="D0N23"/>
            <port dstActor="D0N43" name="p112" srcActor="D0N23"/>
        </ports>
    </mcdag>
    <cores number="3"/>
    <levels number="2"/>
</mcsystem>
