<?xml version="1.0" encoding="UTF-8" standalone="no"?>
<mcsystem>
    <mcdag deadline="1000" name="genned-0-ed-10.0-0">
        <actor name="D0N24">
            <wcet number="0">20</wcet>
            <wcet number="1">30</wcet>
            <maxpow number="0.47115307432728104"/>
            <maxpow number="0.47115307432728104"/>
            <fprob>0.0</fprob>
        </actor>
        <actor name="D0N42">
            <wcet number="0">10</wcet>
            <wcet number="1">10</wcet>
            <maxpow number="0.6074338265416036"/>
            <maxpow number="0.6074338265416036"/>
            <fprob>0.0</fprob>
        </actor>
        <actor name="D0N19">
            <wcet number="0">50</wcet>
            <wcet number="1">50</wcet>
            <maxpow number="0.3710233054615273"/>
            <maxpow number="0.3710233054615273"/>
            <fprob>0.0</fprob>
        </actor>
        <actor name="D0N34">
            <wcet number="0">20</wcet>
            <wcet number="1">20</wcet>
            <maxpow number="0.37751796092750467"/>
            <maxpow number="0.37751796092750467"/>
            <fprob>0.0</fprob>
        </actor>
        <actor name="D0N23">
            <wcet number="0">30</wcet>
            <wcet number="1">40</wcet>
            <maxpow number="0.647310438772839"/>
            <maxpow number="0.647310438772839"/>
            <fprob>0.0</fprob>
        </actor>
        <actor name="D0N4">
            <wcet number="0">10</wcet>
            <wcet number="1">10</wcet>
            <maxpow number="0.6852934179429611"/>
            <maxpow number="0.6852934179429611"/>
            <fprob>0.0</fprob>
        </actor>
        <actor name="D0N25">
            <wcet number="0">30</wcet>
            <wcet number="1">60</wcet>
            <maxpow number="0.410120352964168"/>
            <maxpow number="0.410120352964168"/>
            <fprob>0.0</fprob>
        </actor>
        <actor name="D0N36">
            <wcet number="0">40</wcet>
            <wcet number="1">40</wcet>
            <maxpow number="0.5896643337358155"/>
            <maxpow number="0.5896643337358155"/>
            <fprob>0.0</fprob>
        </actor>
        <actor name="D0N16">
            <wcet number="0">20</wcet>
            <wcet number="1">50</wcet>
            <maxpow number="0.553886125692987"/>
            <maxpow number="0.553886125692987"/>
            <fprob>0.0</fprob>
        </actor>
        <actor name="D0N7">
            <wcet number="0">10</wcet>
            <wcet number="1">10</wcet>
            <maxpow number="0.5988682839544376"/>
            <maxpow number="0.5988682839544376"/>
            <fprob>0.0</fprob>
        </actor>
        <actor name="D0N0">
            <wcet number="0">10</wcet>
            <wcet number="1">50</wcet>
            <maxpow number="0.3385456830256903"/>
            <maxpow number="0.3385456830256903"/>
            <fprob>0.0</fprob>
        </actor>
        <actor name="D0N5">
            <wcet number="0">10</wcet>
            <wcet number="1">10</wcet>
            <maxpow number="0.7942433396075859"/>
            <maxpow number="0.7942433396075859"/>
            <fprob>0.0</fprob>
        </actor>
        <actor name="D0N28">
            <wcet number="0">10</wcet>
            <wcet number="1">10</wcet>
            <maxpow number="0.5464667875192326"/>
            <maxpow number="0.5464667875192326"/>
            <fprob>0.0</fprob>
        </actor>
        <actor name="D0N3">
            <wcet number="0">10</wcet>
            <wcet number="1">70</wcet>
            <maxpow number="0.2113667141252154"/>
            <maxpow number="0.2113667141252154"/>
            <fprob>0.0</fprob>
        </actor>
        <actor name="D0N17">
            <wcet number="0">40</wcet>
            <wcet number="1">50</wcet>
            <maxpow number="0.6478143230561373"/>
            <maxpow number="0.6478143230561373"/>
            <fprob>0.0</fprob>
        </actor>
        <actor name="D0N2">
            <wcet number="0">10</wcet>
            <wcet number="1">10</wcet>
            <maxpow number="0.6805307450764599"/>
            <maxpow number="0.6805307450764599"/>
            <fprob>0.0</fprob>
        </actor>
        <actor name="D0N30">
            <wcet number="0">10</wcet>
            <wcet number="1">20</wcet>
            <maxpow number="0.47379306505208874"/>
            <maxpow number="0.47379306505208874"/>
            <fprob>0.0</fprob>
        </actor>
        <actor name="D0N1">
            <wcet number="0">10</wcet>
            <wcet number="1">100</wcet>
            <maxpow number="0.633906265385454"/>
            <maxpow number="0.633906265385454"/>
            <fprob>0.0</fprob>
        </actor>
        <actor name="D0N12">
            <wcet number="0">20</wcet>
            <wcet number="1">50</wcet>
            <maxpow number="0.6632583771563987"/>
            <maxpow number="0.6632583771563987"/>
            <fprob>0.0</fprob>
        </actor>
        <actor name="D0N18">
            <wcet number="0">70</wcet>
            <wcet number="1">80</wcet>
            <maxpow number="0.626636366131742"/>
            <maxpow number="0.626636366131742"/>
            <fprob>0.0</fprob>
        </actor>
        <actor name="D0N33">
            <wcet number="0">10</wcet>
            <wcet number="1">70</wcet>
            <maxpow number="0.5302333022536926"/>
            <maxpow number="0.5302333022536926"/>
            <fprob>0.0</fprob>
        </actor>
        <actor name="D0N21">
            <wcet number="0">50</wcet>
            <wcet number="1">60</wcet>
            <maxpow number="0.43750967012336617"/>
            <maxpow number="0.43750967012336617"/>
            <fprob>0.0</fprob>
        </actor>
        <actor name="D0N8">
            <wcet number="0">30</wcet>
            <wcet number="1">200</wcet>
            <maxpow number="0.3290061441453609"/>
            <maxpow number="0.3290061441453609"/>
            <fprob>0.0</fprob>
        </actor>
        <actor name="D0N32">
            <wcet number="0">20</wcet>
            <wcet number="1">70</wcet>
            <maxpow number="0.7352541169066242"/>
            <maxpow number="0.7352541169066242"/>
            <fprob>0.0</fprob>
        </actor>
        <actor name="D0N38">
            <wcet number="0">10</wcet>
            <wcet number="1">60</wcet>
            <maxpow number="0.6438642701987999"/>
            <maxpow number="0.6438642701987999"/>
            <fprob>0.0</fprob>
        </actor>
        <actor name="D0N20">
            <wcet number="0">30</wcet>
            <wcet number="1">30</wcet>
            <maxpow number="0.4399223404697514"/>
            <maxpow number="0.4399223404697514"/>
            <fprob>0.0</fprob>
        </actor>
        <actor name="D0N40">
            <wcet number="0">50</wcet>
            <wcet number="1">70</wcet>
            <maxpow number="0.6846136485543557"/>
            <maxpow number="0.6846136485543557"/>
            <fprob>0.0</fprob>
        </actor>
        <actor name="D0N6">
            <wcet number="0">30</wcet>
            <wcet number="1">40</wcet>
            <maxpow number="0.8275225634737746"/>
            <maxpow number="0.8275225634737746"/>
            <fprob>0.0</fprob>
        </actor>
        <actor name="D0N11">
            <wcet number="0">30</wcet>
            <wcet number="1">100</wcet>
            <maxpow number="0.6753340759340773"/>
            <maxpow number="0.6753340759340773"/>
            <fprob>0.0</fprob>
        </actor>
        <actor name="D0N13">
            <wcet number="0">10</wcet>
            <wcet number="1">10</wcet>
            <maxpow number="0.19479349675581847"/>
            <maxpow number="0.19479349675581847"/>
            <fprob>0.0</fprob>
        </actor>
        <actor name="D0N35">
            <wcet number="0">20</wcet>
            <wcet number="1">20</wcet>
            <maxpow number="0.44438855370268726"/>
            <maxpow number="0.44438855370268726"/>
            <fprob>0.0</fprob>
        </actor>
        <actor name="D0N39">
            <wcet number="0">10</wcet>
            <wcet number="1">10</wcet>
            <maxpow number="0.41081982678452633"/>
            <maxpow number="0.41081982678452633"/>
            <fprob>0.0</fprob>
        </actor>
        <actor name="D0N15">
            <wcet number="0">80</wcet>
            <wcet number="1">90</wcet>
            <maxpow number="0.696624248015367"/>
            <maxpow number="0.696624248015367"/>
            <fprob>0.0</fprob>
        </actor>
        <actor name="D0N10">
            <wcet number="0">10</wcet>
            <wcet number="1">90</wcet>
            <maxpow number="0.5127865210607525"/>
            <maxpow number="0.5127865210607525"/>
            <fprob>0.0</fprob>
        </actor>
        <actor name="D0N9">
            <wcet number="0">10</wcet>
            <wcet number="1">10</wcet>
            <maxpow number="0.21880992366159158"/>
            <maxpow number="0.21880992366159158"/>
            <fprob>0.0</fprob>
        </actor>
        <actor name="D0N22">
            <wcet number="0">20</wcet>
            <wcet number="1">20</wcet>
            <maxpow number="0.39950758404097597"/>
            <maxpow number="0.39950758404097597"/>
            <fprob>0.0</fprob>
        </actor>
        <actor name="D0N26">
            <wcet number="0">20</wcet>
            <wcet number="1">20</wcet>
            <maxpow number="0.566756918538332"/>
            <maxpow number="0.566756918538332"/>
            <fprob>0.0</fprob>
        </actor>
        <actor name="D0N14">
            <wcet number="0">30</wcet>
            <wcet number="1">30</wcet>
            <maxpow number="0.27348126150170005"/>
            <maxpow number="0.27348126150170005"/>
            <fprob>0.0</fprob>
        </actor>
        <actor name="D0N41">
            <wcet number="0">10</wcet>
            <wcet number="1">10</wcet>
            <maxpow number="0.5375176132052445"/>
            <maxpow number="0.5375176132052445"/>
            <fprob>0.0</fprob>
        </actor>
        <actor name="D0N29">
            <wcet number="0">10</wcet>
            <wcet number="1">50</wcet>
            <maxpow number="0.7412263644207018"/>
            <maxpow number="0.7412263644207018"/>
            <fprob>0.0</fprob>
        </actor>
        <actor name="D0N31">
            <wcet number="0">60</wcet>
            <wcet number="1">100</wcet>
            <maxpow number="0.7358937480022869"/>
            <maxpow number="0.7358937480022869"/>
            <fprob>0.0</fprob>
        </actor>
        <actor name="D0N27">
            <wcet number="0">20</wcet>
            <wcet number="1">60</wcet>
            <maxpow number="0.28288758908398537"/>
            <maxpow number="0.28288758908398537"/>
            <fprob>0.0</fprob>
        </actor>
        <actor name="D0N37">
            <wcet number="0">40</wcet>
            <wcet number="1">110</wcet>
            <maxpow number="0.4302156627477887"/>
            <maxpow number="0.4302156627477887"/>
            <fprob>0.0</fprob>
        </actor>
        <ports>
            <port dstActor="D0N32" name="p0" srcActor="D0N24"/>
            <port dstActor="D0N25" name="p1" srcActor="D0N19"/>
            <port dstActor="D0N26" name="p2" srcActor="D0N19"/>
            <port dstActor="D0N34" name="p3" srcActor="D0N19"/>
            <port dstActor="D0N39" name="p4" srcActor="D0N34"/>
            <port dstActor="D0N37" name="p5" srcActor="D0N34"/>
            <port dstActor="D0N32" name="p6" srcActor="D0N23"/>
            <port dstActor="D0N25" name="p7" srcActor="D0N23"/>
            <port dstActor="D0N36" name="p8" srcActor="D0N23"/>
            <port dstActor="D0N33" name="p9" srcActor="D0N4"/>
            <port dstActor="D0N36" name="p10" srcActor="D0N4"/>
            <port dstActor="D0N12" name="p11" srcActor="D0N4"/>
            <port dstActor="D0N39" name="p12" srcActor="D0N25"/>
            <port dstActor="D0N36" name="p13" srcActor="D0N25"/>
            <port dstActor="D0N34" name="p14" srcActor="D0N16"/>
            <port dstActor="D0N37" name="p15" srcActor="D0N7"/>
            <port dstActor="D0N11" name="p16" srcActor="D0N7"/>
            <port dstActor="D0N16" name="p17" srcActor="D0N7"/>
            <port dstActor="D0N17" name="p18" srcActor="D0N7"/>
            <port dstActor="D0N24" name="p19" srcActor="D0N0"/>
            <port dstActor="D0N19" name="p20" srcActor="D0N0"/>
            <port dstActor="D0N33" name="p21" srcActor="D0N0"/>
            <port dstActor="D0N7" name="p22" srcActor="D0N5"/>
            <port dstActor="D0N36" name="p23" srcActor="D0N5"/>
            <port dstActor="D0N30" name="p24" srcActor="D0N5"/>
            <port dstActor="D0N26" name="p25" srcActor="D0N5"/>
            <port dstActor="D0N19" name="p26" srcActor="D0N5"/>
            <port dstActor="D0N39" name="p27" srcActor="D0N28"/>
            <port dstActor="D0N38" name="p28" srcActor="D0N28"/>
            <port dstActor="D0N14" name="p29" srcActor="D0N3"/>
            <port dstActor="D0N39" name="p30" srcActor="D0N3"/>
            <port dstActor="D0N18" name="p31" srcActor="D0N3"/>
            <port dstActor="D0N13" name="p32" srcActor="D0N3"/>
            <port dstActor="D0N27" name="p33" srcActor="D0N17"/>
            <port dstActor="D0N35" name="p34" srcActor="D0N17"/>
            <port dstActor="D0N22" name="p35" srcActor="D0N17"/>
            <port dstActor="D0N5" name="p36" srcActor="D0N2"/>
            <port dstActor="D0N32" name="p37" srcActor="D0N2"/>
            <port dstActor="D0N20" name="p38" srcActor="D0N2"/>
            <port dstActor="D0N37" name="p39" srcActor="D0N2"/>
            <port dstActor="D0N35" name="p40" srcActor="D0N30"/>
            <port dstActor="D0N39" name="p41" srcActor="D0N30"/>
            <port dstActor="D0N9" name="p42" srcActor="D0N1"/>
            <port dstActor="D0N19" name="p43" srcActor="D0N1"/>
            <port dstActor="D0N23" name="p44" srcActor="D0N1"/>
            <port dstActor="D0N25" name="p45" srcActor="D0N1"/>
            <port dstActor="D0N15" name="p46" srcActor="D0N1"/>
            <port dstActor="D0N21" name="p47" srcActor="D0N1"/>
            <port dstActor="D0N38" name="p48" srcActor="D0N12"/>
            <port dstActor="D0N23" name="p49" srcActor="D0N12"/>
            <port dstActor="D0N16" name="p50" srcActor="D0N12"/>
            <port dstActor="D0N36" name="p51" srcActor="D0N12"/>
            <port dstActor="D0N37" name="p52" srcActor="D0N18"/>
            <port dstActor="D0N42" name="p53" srcActor="D0N18"/>
            <port dstActor="D0N26" name="p54" srcActor="D0N18"/>
            <port dstActor="D0N32" name="p55" srcActor="D0N18"/>
            <port dstActor="D0N38" name="p56" srcActor="D0N18"/>
            <port dstActor="D0N39" name="p57" srcActor="D0N33"/>
            <port dstActor="D0N40" name="p58" srcActor="D0N21"/>
            <port dstActor="D0N40" name="p59" srcActor="D0N8"/>
            <port dstActor="D0N27" name="p60" srcActor="D0N8"/>
            <port dstActor="D0N9" name="p61" srcActor="D0N8"/>
            <port dstActor="D0N19" name="p62" srcActor="D0N8"/>
            <port dstActor="D0N42" name="p63" srcActor="D0N8"/>
            <port dstActor="D0N42" name="p64" srcActor="D0N38"/>
            <port dstActor="D0N33" name="p65" srcActor="D0N20"/>
            <port dstActor="D0N41" name="p66" srcActor="D0N20"/>
            <port dstActor="D0N35" name="p67" srcActor="D0N20"/>
            <port dstActor="D0N24" name="p68" srcActor="D0N20"/>
            <port dstActor="D0N28" name="p69" srcActor="D0N20"/>
            <port dstActor="D0N11" name="p70" srcActor="D0N6"/>
            <port dstActor="D0N23" name="p71" srcActor="D0N6"/>
            <port dstActor="D0N22" name="p72" srcActor="D0N6"/>
            <port dstActor="D0N21" name="p73" srcActor="D0N6"/>
            <port dstActor="D0N25" name="p74" srcActor="D0N11"/>
            <port dstActor="D0N22" name="p75" srcActor="D0N11"/>
            <port dstActor="D0N40" name="p76" srcActor="D0N11"/>
            <port dstActor="D0N14" name="p77" srcActor="D0N11"/>
            <port dstActor="D0N42" name="p78" srcActor="D0N13"/>
            <port dstActor="D0N32" name="p79" srcActor="D0N13"/>
            <port dstActor="D0N24" name="p80" srcActor="D0N15"/>
            <port dstActor="D0N29" name="p81" srcActor="D0N15"/>
            <port dstActor="D0N42" name="p82" srcActor="D0N15"/>
            <port dstActor="D0N35" name="p83" srcActor="D0N15"/>
            <port dstActor="D0N16" name="p84" srcActor="D0N10"/>
            <port dstActor="D0N11" name="p85" srcActor="D0N9"/>
            <port dstActor="D0N16" name="p86" srcActor="D0N9"/>
            <port dstActor="D0N20" name="p87" srcActor="D0N9"/>
            <port dstActor="D0N30" name="p88" srcActor="D0N9"/>
            <port dstActor="D0N32" name="p89" srcActor="D0N22"/>
            <port dstActor="D0N38" name="p90" srcActor="D0N26"/>
            <port dstActor="D0N42" name="p91" srcActor="D0N26"/>
            <port dstActor="D0N39" name="p92" srcActor="D0N26"/>
            <port dstActor="D0N27" name="p93" srcActor="D0N14"/>
            <port dstActor="D0N33" name="p94" srcActor="D0N14"/>
            <port dstActor="D0N37" name="p95" srcActor="D0N14"/>
            <port dstActor="D0N18" name="p96" srcActor="D0N14"/>
            <port dstActor="D0N22" name="p97" srcActor="D0N14"/>
            <port dstActor="D0N30" name="p98" srcActor="D0N29"/>
            <port dstActor="D0N33" name="p99" srcActor="D0N29"/>
            <port dstActor="D0N33" name="p100" srcActor="D0N27"/>
        </ports>
    </mcdag>
    <cores number="3"/>
    <levels number="2"/>
</mcsystem>
