<?xml version="1.0" encoding="UTF-8" standalone="no"?>
<mcsystem>
    <mcdag deadline="2200" name="genned-0-ed-10.0-0">
        <actor name="D0N13">
            <wcet number="0">50</wcet>
            <wcet number="1">150</wcet>
            <maxpow number="0.567222285382385"/>
            <maxpow number="0.567222285382385"/>
            <fprob>0.0</fprob>
        </actor>
        <actor name="D0N16">
            <wcet number="0">60</wcet>
            <wcet number="1">90</wcet>
            <maxpow number="0.4710976638732249"/>
            <maxpow number="0.4710976638732249"/>
            <fprob>0.0</fprob>
        </actor>
        <actor name="D0N10">
            <wcet number="0">10</wcet>
            <wcet number="1">30</wcet>
            <maxpow number="0.5755605889174653"/>
            <maxpow number="0.5755605889174653"/>
            <fprob>0.0</fprob>
        </actor>
        <actor name="D0N41">
            <wcet number="0">90</wcet>
            <wcet number="1">250</wcet>
            <maxpow number="0.5266402410562269"/>
            <maxpow number="0.5266402410562269"/>
            <fprob>0.0</fprob>
        </actor>
        <actor name="D0N44">
            <wcet number="0">20</wcet>
            <wcet number="1">60</wcet>
            <maxpow number="0.7797106549814687"/>
            <maxpow number="0.7797106549814687"/>
            <fprob>0.0</fprob>
        </actor>
        <actor name="D0N11">
            <wcet number="0">10</wcet>
            <wcet number="1">60</wcet>
            <maxpow number="0.6777738261554055"/>
            <maxpow number="0.6777738261554055"/>
            <fprob>0.0</fprob>
        </actor>
        <actor name="D0N37">
            <wcet number="0">20</wcet>
            <wcet number="1">20</wcet>
            <maxpow number="0.5410731965780177"/>
            <maxpow number="0.5410731965780177"/>
            <fprob>0.0</fprob>
        </actor>
        <actor name="D0N27">
            <wcet number="0">10</wcet>
            <wcet number="1">110</wcet>
            <maxpow number="0.655851296272441"/>
            <maxpow number="0.655851296272441"/>
            <fprob>0.0</fprob>
        </actor>
        <actor name="D0N17">
            <wcet number="0">70</wcet>
            <wcet number="1">80</wcet>
            <maxpow number="0.6306370303009969"/>
            <maxpow number="0.6306370303009969"/>
            <fprob>0.0</fprob>
        </actor>
        <actor name="D0N0">
            <wcet number="0">70</wcet>
            <wcet number="1">110</wcet>
            <maxpow number="0.6904928951211801"/>
            <maxpow number="0.6904928951211801"/>
            <fprob>0.0</fprob>
        </actor>
        <actor name="D0N31">
            <wcet number="0">60</wcet>
            <wcet number="1">110</wcet>
            <maxpow number="0.9264304147615274"/>
            <maxpow number="0.9264304147615274"/>
            <fprob>0.0</fprob>
        </actor>
        <actor name="D0N30">
            <wcet number="0">20</wcet>
            <wcet number="1">20</wcet>
            <maxpow number="0.5302544650086444"/>
            <maxpow number="0.5302544650086444"/>
            <fprob>0.0</fprob>
        </actor>
        <actor name="D0N48">
            <wcet number="0">300</wcet>
            <wcet number="1">320</wcet>
            <maxpow number="0.46086776068265944"/>
            <maxpow number="0.46086776068265944"/>
            <fprob>0.0</fprob>
        </actor>
        <actor name="D0N8">
            <wcet number="0">140</wcet>
            <wcet number="1">190</wcet>
            <maxpow number="0.2997088699666429"/>
            <maxpow number="0.2997088699666429"/>
            <fprob>0.0</fprob>
        </actor>
        <actor name="D0N20">
            <wcet number="0">60</wcet>
            <wcet number="1">70</wcet>
            <maxpow number="0.46794341014741997"/>
            <maxpow number="0.46794341014741997"/>
            <fprob>0.0</fprob>
        </actor>
        <actor name="D0N42">
            <wcet number="0">30</wcet>
            <wcet number="1">50</wcet>
            <maxpow number="0.7047142160750597"/>
            <maxpow number="0.7047142160750597"/>
            <fprob>0.0</fprob>
        </actor>
        <actor name="D0N19">
            <wcet number="0">70</wcet>
            <wcet number="1">210</wcet>
            <maxpow number="0.3836661933512755"/>
            <maxpow number="0.3836661933512755"/>
            <fprob>0.0</fprob>
        </actor>
        <actor name="D0N12">
            <wcet number="0">10</wcet>
            <wcet number="1">30</wcet>
            <maxpow number="0.71325722940466"/>
            <maxpow number="0.71325722940466"/>
            <fprob>0.0</fprob>
        </actor>
        <actor name="D0N33">
            <wcet number="0">60</wcet>
            <wcet number="1">90</wcet>
            <maxpow number="0.47385598498916626"/>
            <maxpow number="0.47385598498916626"/>
            <fprob>0.0</fprob>
        </actor>
        <actor name="D0N45">
            <wcet number="0">50</wcet>
            <wcet number="1">130</wcet>
            <maxpow number="0.459836262160253"/>
            <maxpow number="0.459836262160253"/>
            <fprob>0.0</fprob>
        </actor>
        <actor name="D0N34">
            <wcet number="0">20</wcet>
            <wcet number="1">20</wcet>
            <maxpow number="0.5436736864443548"/>
            <maxpow number="0.5436736864443548"/>
            <fprob>0.0</fprob>
        </actor>
        <actor name="D0N28">
            <wcet number="0">60</wcet>
            <wcet number="1">200</wcet>
            <maxpow number="0.5916176910158528"/>
            <maxpow number="0.5916176910158528"/>
            <fprob>0.0</fprob>
        </actor>
        <actor name="D0N39">
            <wcet number="0">120</wcet>
            <wcet number="1">210</wcet>
            <maxpow number="0.6450428971760587"/>
            <maxpow number="0.6450428971760587"/>
            <fprob>0.0</fprob>
        </actor>
        <actor name="D0N38">
            <wcet number="0">20</wcet>
            <wcet number="1">120</wcet>
            <maxpow number="0.4190629532146185"/>
            <maxpow number="0.4190629532146185"/>
            <fprob>0.0</fprob>
        </actor>
        <actor name="D0N36">
            <wcet number="0">40</wcet>
            <wcet number="1">180</wcet>
            <maxpow number="0.5020530879610813"/>
            <maxpow number="0.5020530879610813"/>
            <fprob>0.0</fprob>
        </actor>
        <actor name="D0N21">
            <wcet number="0">160</wcet>
            <wcet number="1">170</wcet>
            <maxpow number="0.5298673935393231"/>
            <maxpow number="0.5298673935393231"/>
            <fprob>0.0</fprob>
        </actor>
        <actor name="D0N22">
            <wcet number="0">180</wcet>
            <wcet number="1">210</wcet>
            <maxpow number="0.5893241107072825"/>
            <maxpow number="0.5893241107072825"/>
            <fprob>0.0</fprob>
        </actor>
        <actor name="D0N7">
            <wcet number="0">50</wcet>
            <wcet number="1">60</wcet>
            <maxpow number="0.37178536870879975"/>
            <maxpow number="0.37178536870879975"/>
            <fprob>0.0</fprob>
        </actor>
        <actor name="D0N26">
            <wcet number="0">20</wcet>
            <wcet number="1">20</wcet>
            <maxpow number="0.44584770746276625"/>
            <maxpow number="0.44584770746276625"/>
            <fprob>0.0</fprob>
        </actor>
        <actor name="D0N32">
            <wcet number="0">20</wcet>
            <wcet number="1">270</wcet>
            <maxpow number="0.5135638008179148"/>
            <maxpow number="0.5135638008179148"/>
            <fprob>0.0</fprob>
        </actor>
        <actor name="D0N35">
            <wcet number="0">10</wcet>
            <wcet number="1">30</wcet>
            <maxpow number="0.8567650945428675"/>
            <maxpow number="0.8567650945428675"/>
            <fprob>0.0</fprob>
        </actor>
        <actor name="D0N3">
            <wcet number="0">70</wcet>
            <wcet number="1">200</wcet>
            <maxpow number="0.4182194561010445"/>
            <maxpow number="0.4182194561010445"/>
            <fprob>0.0</fprob>
        </actor>
        <actor name="D0N25">
            <wcet number="0">60</wcet>
            <wcet number="1">110</wcet>
            <maxpow number="0.5383388499481355"/>
            <maxpow number="0.5383388499481355"/>
            <fprob>0.0</fprob>
        </actor>
        <actor name="D0N1">
            <wcet number="0">10</wcet>
            <wcet number="1">70</wcet>
            <maxpow number="0.6257508126865038"/>
            <maxpow number="0.6257508126865038"/>
            <fprob>0.0</fprob>
        </actor>
        <actor name="D0N46">
            <wcet number="0">10</wcet>
            <wcet number="1">40</wcet>
            <maxpow number="0.21323014443515498"/>
            <maxpow number="0.21323014443515498"/>
            <fprob>0.0</fprob>
        </actor>
        <actor name="D0N9">
            <wcet number="0">40</wcet>
            <wcet number="1">70</wcet>
            <maxpow number="0.5228236839189343"/>
            <maxpow number="0.5228236839189343"/>
            <fprob>0.0</fprob>
        </actor>
        <actor name="D0N4">
            <wcet number="0">30</wcet>
            <wcet number="1">90</wcet>
            <maxpow number="0.5288446773865503"/>
            <maxpow number="0.5288446773865503"/>
            <fprob>0.0</fprob>
        </actor>
        <actor name="D0N29">
            <wcet number="0">10</wcet>
            <wcet number="1">20</wcet>
            <maxpow number="0.6620806897174024"/>
            <maxpow number="0.6620806897174024"/>
            <fprob>0.0</fprob>
        </actor>
        <actor name="D0N43">
            <wcet number="0">10</wcet>
            <wcet number="1">20</wcet>
            <maxpow number="0.5611676474215627"/>
            <maxpow number="0.5611676474215627"/>
            <fprob>0.0</fprob>
        </actor>
        <actor name="D0N2">
            <wcet number="0">20</wcet>
            <wcet number="1">20</wcet>
            <maxpow number="0.6689668891879857"/>
            <maxpow number="0.6689668891879857"/>
            <fprob>0.0</fprob>
        </actor>
        <actor name="D0N14">
            <wcet number="0">340</wcet>
            <wcet number="1">350</wcet>
            <maxpow number="0.6797174535904325"/>
            <maxpow number="0.6797174535904325"/>
            <fprob>0.0</fprob>
        </actor>
        <actor name="D0N24">
            <wcet number="0">10</wcet>
            <wcet number="1">10</wcet>
            <maxpow number="0.6775306018903878"/>
            <maxpow number="0.6775306018903878"/>
            <fprob>0.0</fprob>
        </actor>
        <actor name="D0N18">
            <wcet number="0">30</wcet>
            <wcet number="1">50</wcet>
            <maxpow number="0.825401292000378"/>
            <maxpow number="0.825401292000378"/>
            <fprob>0.0</fprob>
        </actor>
        <actor name="D0N6">
            <wcet number="0">60</wcet>
            <wcet number="1">90</wcet>
            <maxpow number="0.470302764198906"/>
            <maxpow number="0.470302764198906"/>
            <fprob>0.0</fprob>
        </actor>
        <actor name="D0N15">
            <wcet number="0">20</wcet>
            <wcet number="1">20</wcet>
            <maxpow number="0.4450048723123031"/>
            <maxpow number="0.4450048723123031"/>
            <fprob>0.0</fprob>
        </actor>
        <actor name="D0N47">
            <wcet number="0">40</wcet>
            <wcet number="1">170</wcet>
            <maxpow number="0.8409438777497833"/>
            <maxpow number="0.8409438777497833"/>
            <fprob>0.0</fprob>
        </actor>
        <actor name="D0N40">
            <wcet number="0">10</wcet>
            <wcet number="1">180</wcet>
            <maxpow number="0.5521309423658909"/>
            <maxpow number="0.5521309423658909"/>
            <fprob>0.0</fprob>
        </actor>
        <actor name="D0N5">
            <wcet number="0">10</wcet>
            <wcet number="1">180</wcet>
            <maxpow number="0.5750699071214121"/>
            <maxpow number="0.5750699071214121"/>
            <fprob>0.0</fprob>
        </actor>
        <actor name="D0N23">
            <wcet number="0">100</wcet>
            <wcet number="1">140</wcet>
            <maxpow number="0.12721620433424508"/>
            <maxpow number="0.12721620433424508"/>
            <fprob>0.0</fprob>
        </actor>
        <ports>
            <port dstActor="D0N28" name="p0" srcActor="D0N13"/>
            <port dstActor="D0N26" name="p1" srcActor="D0N13"/>
            <port dstActor="D0N48" name="p2" srcActor="D0N13"/>
            <port dstActor="D0N41" name="p3" srcActor="D0N16"/>
            <port dstActor="D0N23" name="p4" srcActor="D0N16"/>
            <port dstActor="D0N20" name="p5" srcActor="D0N16"/>
            <port dstActor="D0N48" name="p6" srcActor="D0N10"/>
            <port dstActor="D0N43" name="p7" srcActor="D0N41"/>
            <port dstActor="D0N48" name="p8" srcActor="D0N44"/>
            <port dstActor="D0N46" name="p9" srcActor="D0N44"/>
            <port dstActor="D0N47" name="p10" srcActor="D0N44"/>
            <port dstActor="D0N36" name="p11" srcActor="D0N11"/>
            <port dstActor="D0N35" name="p12" srcActor="D0N11"/>
            <port dstActor="D0N16" name="p13" srcActor="D0N11"/>
            <port dstActor="D0N17" name="p14" srcActor="D0N11"/>
            <port dstActor="D0N42" name="p15" srcActor="D0N37"/>
            <port dstActor="D0N40" name="p16" srcActor="D0N37"/>
            <port dstActor="D0N44" name="p17" srcActor="D0N37"/>
            <port dstActor="D0N40" name="p18" srcActor="D0N27"/>
            <port dstActor="D0N31" name="p19" srcActor="D0N27"/>
            <port dstActor="D0N28" name="p20" srcActor="D0N27"/>
            <port dstActor="D0N43" name="p21" srcActor="D0N27"/>
            <port dstActor="D0N30" name="p22" srcActor="D0N27"/>
            <port dstActor="D0N18" name="p23" srcActor="D0N17"/>
            <port dstActor="D0N37" name="p24" srcActor="D0N17"/>
            <port dstActor="D0N35" name="p25" srcActor="D0N17"/>
            <port dstActor="D0N19" name="p26" srcActor="D0N0"/>
            <port dstActor="D0N45" name="p27" srcActor="D0N30"/>
            <port dstActor="D0N25" name="p28" srcActor="D0N8"/>
            <port dstActor="D0N37" name="p29" srcActor="D0N8"/>
            <port dstActor="D0N21" name="p30" srcActor="D0N8"/>
            <port dstActor="D0N40" name="p31" srcActor="D0N8"/>
            <port dstActor="D0N42" name="p32" srcActor="D0N20"/>
            <port dstActor="D0N34" name="p33" srcActor="D0N20"/>
            <port dstActor="D0N35" name="p34" srcActor="D0N19"/>
            <port dstActor="D0N46" name="p35" srcActor="D0N19"/>
            <port dstActor="D0N26" name="p36" srcActor="D0N19"/>
            <port dstActor="D0N41" name="p37" srcActor="D0N19"/>
            <port dstActor="D0N24" name="p38" srcActor="D0N12"/>
            <port dstActor="D0N40" name="p39" srcActor="D0N34"/>
            <port dstActor="D0N41" name="p40" srcActor="D0N28"/>
            <port dstActor="D0N39" name="p41" srcActor="D0N28"/>
            <port dstActor="D0N34" name="p42" srcActor="D0N28"/>
            <port dstActor="D0N43" name="p43" srcActor="D0N39"/>
            <port dstActor="D0N48" name="p44" srcActor="D0N39"/>
            <port dstActor="D0N41" name="p45" srcActor="D0N38"/>
            <port dstActor="D0N41" name="p46" srcActor="D0N36"/>
            <port dstActor="D0N40" name="p47" srcActor="D0N36"/>
            <port dstActor="D0N43" name="p48" srcActor="D0N21"/>
            <port dstActor="D0N26" name="p49" srcActor="D0N21"/>
            <port dstActor="D0N23" name="p50" srcActor="D0N21"/>
            <port dstActor="D0N35" name="p51" srcActor="D0N22"/>
            <port dstActor="D0N41" name="p52" srcActor="D0N22"/>
            <port dstActor="D0N25" name="p53" srcActor="D0N22"/>
            <port dstActor="D0N39" name="p54" srcActor="D0N22"/>
            <port dstActor="D0N26" name="p55" srcActor="D0N7"/>
            <port dstActor="D0N28" name="p56" srcActor="D0N7"/>
            <port dstActor="D0N44" name="p57" srcActor="D0N26"/>
            <port dstActor="D0N34" name="p58" srcActor="D0N26"/>
            <port dstActor="D0N31" name="p59" srcActor="D0N26"/>
            <port dstActor="D0N39" name="p60" srcActor="D0N26"/>
            <port dstActor="D0N28" name="p61" srcActor="D0N26"/>
            <port dstActor="D0N38" name="p62" srcActor="D0N35"/>
            <port dstActor="D0N18" name="p63" srcActor="D0N3"/>
            <port dstActor="D0N34" name="p64" srcActor="D0N3"/>
            <port dstActor="D0N6" name="p65" srcActor="D0N3"/>
            <port dstActor="D0N42" name="p66" srcActor="D0N3"/>
            <port dstActor="D0N19" name="p67" srcActor="D0N3"/>
            <port dstActor="D0N13" name="p68" srcActor="D0N3"/>
            <port dstActor="D0N26" name="p69" srcActor="D0N3"/>
            <port dstActor="D0N27" name="p70" srcActor="D0N3"/>
            <port dstActor="D0N11" name="p71" srcActor="D0N3"/>
            <port dstActor="D0N12" name="p72" srcActor="D0N3"/>
            <port dstActor="D0N36" name="p73" srcActor="D0N25"/>
            <port dstActor="D0N29" name="p74" srcActor="D0N25"/>
            <port dstActor="D0N38" name="p75" srcActor="D0N25"/>
            <port dstActor="D0N26" name="p76" srcActor="D0N1"/>
            <port dstActor="D0N12" name="p77" srcActor="D0N1"/>
            <port dstActor="D0N7" name="p78" srcActor="D0N1"/>
            <port dstActor="D0N4" name="p79" srcActor="D0N1"/>
            <port dstActor="D0N24" name="p80" srcActor="D0N1"/>
            <port dstActor="D0N21" name="p81" srcActor="D0N9"/>
            <port dstActor="D0N31" name="p82" srcActor="D0N9"/>
            <port dstActor="D0N41" name="p83" srcActor="D0N9"/>
            <port dstActor="D0N23" name="p84" srcActor="D0N9"/>
            <port dstActor="D0N45" name="p85" srcActor="D0N9"/>
            <port dstActor="D0N12" name="p86" srcActor="D0N9"/>
            <port dstActor="D0N44" name="p87" srcActor="D0N4"/>
            <port dstActor="D0N10" name="p88" srcActor="D0N4"/>
            <port dstActor="D0N31" name="p89" srcActor="D0N29"/>
            <port dstActor="D0N41" name="p90" srcActor="D0N2"/>
            <port dstActor="D0N43" name="p91" srcActor="D0N2"/>
            <port dstActor="D0N13" name="p92" srcActor="D0N2"/>
            <port dstActor="D0N5" name="p93" srcActor="D0N2"/>
            <port dstActor="D0N40" name="p94" srcActor="D0N2"/>
            <port dstActor="D0N24" name="p95" srcActor="D0N2"/>
            <port dstActor="D0N45" name="p96" srcActor="D0N14"/>
            <port dstActor="D0N30" name="p97" srcActor="D0N14"/>
            <port dstActor="D0N38" name="p98" srcActor="D0N14"/>
            <port dstActor="D0N18" name="p99" srcActor="D0N14"/>
            <port dstActor="D0N37" name="p100" srcActor="D0N24"/>
            <port dstActor="D0N35" name="p101" srcActor="D0N24"/>
            <port dstActor="D0N41" name="p102" srcActor="D0N6"/>
            <port dstActor="D0N45" name="p103" srcActor="D0N6"/>
            <port dstActor="D0N37" name="p104" srcActor="D0N6"/>
            <port dstActor="D0N21" name="p105" srcActor="D0N6"/>
            <port dstActor="D0N43" name="p106" srcActor="D0N6"/>
            <port dstActor="D0N47" name="p107" srcActor="D0N6"/>
            <port dstActor="D0N46" name="p108" srcActor="D0N15"/>
            <port dstActor="D0N38" name="p109" srcActor="D0N15"/>
            <port dstActor="D0N29" name="p110" srcActor="D0N15"/>
            <port dstActor="D0N44" name="p111" srcActor="D0N15"/>
            <port dstActor="D0N25" name="p112" srcActor="D0N15"/>
            <port dstActor="D0N7" name="p113" srcActor="D0N5"/>
            <port dstActor="D0N10" name="p114" srcActor="D0N5"/>
            <port dstActor="D0N39" name="p115" srcActor="D0N23"/>
        </ports>
    </mcdag>
    <cores number="3"/>
    <levels number="2"/>
</mcsystem>
