<?xml version="1.0" encoding="UTF-8" standalone="no"?>
<mcsystem>
    <mcdag deadline="4000" name="genned-0-ed-10.0-0">
        <actor name="D0N14">
            <wcet number="0">1000</wcet>
            <wcet number="1">1020</wcet>
            <maxpow number="0.5430517274346798"/>
            <maxpow number="0.5430517274346798"/>
            <fprob>0.0</fprob>
        </actor>
        <actor name="D0N42">
            <wcet number="0">20</wcet>
            <wcet number="1">50</wcet>
            <maxpow number="0.6744053455246763"/>
            <maxpow number="0.6744053455246763"/>
            <fprob>0.0</fprob>
        </actor>
        <actor name="D0N12">
            <wcet number="0">130</wcet>
            <wcet number="1">270</wcet>
            <maxpow number="0.5714366270270221"/>
            <maxpow number="0.5714366270270221"/>
            <fprob>0.0</fprob>
        </actor>
        <actor name="D0N11">
            <wcet number="0">60</wcet>
            <wcet number="1">60</wcet>
            <maxpow number="0.5501853015809268"/>
            <maxpow number="0.5501853015809268"/>
            <fprob>0.0</fprob>
        </actor>
        <actor name="D0N39">
            <wcet number="0">70</wcet>
            <wcet number="1">170</wcet>
            <maxpow number="0.5414110343160334"/>
            <maxpow number="0.5414110343160334"/>
            <fprob>0.0</fprob>
        </actor>
        <actor name="D0N34">
            <wcet number="0">10</wcet>
            <wcet number="1">40</wcet>
            <maxpow number="0.5800739286133153"/>
            <maxpow number="0.5800739286133153"/>
            <fprob>0.0</fprob>
        </actor>
        <actor name="D0N40">
            <wcet number="0">110</wcet>
            <wcet number="1">660</wcet>
            <maxpow number="0.46817793083923603"/>
            <maxpow number="0.46817793083923603"/>
            <fprob>0.0</fprob>
        </actor>
        <actor name="D0N47">
            <wcet number="0">20</wcet>
            <wcet number="1">100</wcet>
            <maxpow number="0.6334803312139349"/>
            <maxpow number="0.6334803312139349"/>
            <fprob>0.0</fprob>
        </actor>
        <actor name="D0N38">
            <wcet number="0">90</wcet>
            <wcet number="1">140</wcet>
            <maxpow number="0.7580829353247596"/>
            <maxpow number="0.7580829353247596"/>
            <fprob>0.0</fprob>
        </actor>
        <actor name="D0N44">
            <wcet number="0">40</wcet>
            <wcet number="1">210</wcet>
            <maxpow number="0.5420759872202556"/>
            <maxpow number="0.5420759872202556"/>
            <fprob>0.0</fprob>
        </actor>
        <actor name="D0N19">
            <wcet number="0">230</wcet>
            <wcet number="1">330</wcet>
            <maxpow number="0.4099311552448074"/>
            <maxpow number="0.4099311552448074"/>
            <fprob>0.0</fprob>
        </actor>
        <actor name="D0N7">
            <wcet number="0">200</wcet>
            <wcet number="1">240</wcet>
            <maxpow number="0.34982705584101614"/>
            <maxpow number="0.34982705584101614"/>
            <fprob>0.0</fprob>
        </actor>
        <actor name="D0N5">
            <wcet number="0">20</wcet>
            <wcet number="1">40</wcet>
            <maxpow number="0.6301568065894166"/>
            <maxpow number="0.6301568065894166"/>
            <fprob>0.0</fprob>
        </actor>
        <actor name="D0N36">
            <wcet number="0">50</wcet>
            <wcet number="1">370</wcet>
            <maxpow number="0.6593019412053018"/>
            <maxpow number="0.6593019412053018"/>
            <fprob>0.0</fprob>
        </actor>
        <actor name="D0N8">
            <wcet number="0">40</wcet>
            <wcet number="1">40</wcet>
            <maxpow number="0.451656008044502"/>
            <maxpow number="0.451656008044502"/>
            <fprob>0.0</fprob>
        </actor>
        <actor name="D0N32">
            <wcet number="0">30</wcet>
            <wcet number="1">30</wcet>
            <maxpow number="0.22554288409226209"/>
            <maxpow number="0.22554288409226209"/>
            <fprob>0.0</fprob>
        </actor>
        <actor name="D0N46">
            <wcet number="0">260</wcet>
            <wcet number="1">260</wcet>
            <maxpow number="0.8807628640606695"/>
            <maxpow number="0.8807628640606695"/>
            <fprob>0.0</fprob>
        </actor>
        <actor name="D0N6">
            <wcet number="0">210</wcet>
            <wcet number="1">310</wcet>
            <maxpow number="0.8587295989789288"/>
            <maxpow number="0.8587295989789288"/>
            <fprob>0.0</fprob>
        </actor>
        <actor name="D0N2">
            <wcet number="0">130</wcet>
            <wcet number="1">180</wcet>
            <maxpow number="0.7935095046935852"/>
            <maxpow number="0.7935095046935852"/>
            <fprob>0.0</fprob>
        </actor>
        <actor name="D0N18">
            <wcet number="0">230</wcet>
            <wcet number="1">350</wcet>
            <maxpow number="0.6981605715091446"/>
            <maxpow number="0.6981605715091446"/>
            <fprob>0.0</fprob>
        </actor>
        <actor name="D0N43">
            <wcet number="0">70</wcet>
            <wcet number="1">230</wcet>
            <maxpow number="0.3422440235670165"/>
            <maxpow number="0.3422440235670165"/>
            <fprob>0.0</fprob>
        </actor>
        <actor name="D0N10">
            <wcet number="0">30</wcet>
            <wcet number="1">110</wcet>
            <maxpow number="0.5066244622469972"/>
            <maxpow number="0.5066244622469972"/>
            <fprob>0.0</fprob>
        </actor>
        <actor name="D0N24">
            <wcet number="0">180</wcet>
            <wcet number="1">180</wcet>
            <maxpow number="0.5156800849702068"/>
            <maxpow number="0.5156800849702068"/>
            <fprob>0.0</fprob>
        </actor>
        <actor name="D0N48">
            <wcet number="0">30</wcet>
            <wcet number="1">80</wcet>
            <maxpow number="0.35739948868404053"/>
            <maxpow number="0.35739948868404053"/>
            <fprob>0.0</fprob>
        </actor>
        <actor name="D0N17">
            <wcet number="0">10</wcet>
            <wcet number="1">10</wcet>
            <maxpow number="0.46701333353987884"/>
            <maxpow number="0.46701333353987884"/>
            <fprob>0.0</fprob>
        </actor>
        <actor name="D0N23">
            <wcet number="0">110</wcet>
            <wcet number="1">140</wcet>
            <maxpow number="0.6211997473348523"/>
            <maxpow number="0.6211997473348523"/>
            <fprob>0.0</fprob>
        </actor>
        <actor name="D0N9">
            <wcet number="0">100</wcet>
            <wcet number="1">100</wcet>
            <maxpow number="0.836486714892382"/>
            <maxpow number="0.836486714892382"/>
            <fprob>0.0</fprob>
        </actor>
        <actor name="D0N4">
            <wcet number="0">70</wcet>
            <wcet number="1">150</wcet>
            <maxpow number="0.7411498675242834"/>
            <maxpow number="0.7411498675242834"/>
            <fprob>0.0</fprob>
        </actor>
        <actor name="D0N33">
            <wcet number="0">20</wcet>
            <wcet number="1">20</wcet>
            <maxpow number="0.7291441265708258"/>
            <maxpow number="0.7291441265708258"/>
            <fprob>0.0</fprob>
        </actor>
        <actor name="D0N20">
            <wcet number="0">70</wcet>
            <wcet number="1">100</wcet>
            <maxpow number="0.5568102910623283"/>
            <maxpow number="0.5568102910623283"/>
            <fprob>0.0</fprob>
        </actor>
        <actor name="D0N13">
            <wcet number="0">20</wcet>
            <wcet number="1">280</wcet>
            <maxpow number="0.5613592557826057"/>
            <maxpow number="0.5613592557826057"/>
            <fprob>0.0</fprob>
        </actor>
        <actor name="D0N26">
            <wcet number="0">100</wcet>
            <wcet number="1">260</wcet>
            <maxpow number="0.7428771278552437"/>
            <maxpow number="0.7428771278552437"/>
            <fprob>0.0</fprob>
        </actor>
        <actor name="D0N21">
            <wcet number="0">180</wcet>
            <wcet number="1">330</wcet>
            <maxpow number="0.7709245350297553"/>
            <maxpow number="0.7709245350297553"/>
            <fprob>0.0</fprob>
        </actor>
        <actor name="D0N30">
            <wcet number="0">50</wcet>
            <wcet number="1">130</wcet>
            <maxpow number="0.4100888750703525"/>
            <maxpow number="0.4100888750703525"/>
            <fprob>0.0</fprob>
        </actor>
        <actor name="D0N22">
            <wcet number="0">30</wcet>
            <wcet number="1">100</wcet>
            <maxpow number="0.4369484875398268"/>
            <maxpow number="0.4369484875398268"/>
            <fprob>0.0</fprob>
        </actor>
        <actor name="D0N15">
            <wcet number="0">30</wcet>
            <wcet number="1">60</wcet>
            <maxpow number="0.621054964823513"/>
            <maxpow number="0.621054964823513"/>
            <fprob>0.0</fprob>
        </actor>
        <actor name="D0N35">
            <wcet number="0">50</wcet>
            <wcet number="1">180</wcet>
            <maxpow number="0.8942565245206235"/>
            <maxpow number="0.8942565245206235"/>
            <fprob>0.0</fprob>
        </actor>
        <actor name="D0N28">
            <wcet number="0">250</wcet>
            <wcet number="1">300</wcet>
            <maxpow number="0.14734229835163887"/>
            <maxpow number="0.14734229835163887"/>
            <fprob>0.0</fprob>
        </actor>
        <actor name="D0N29">
            <wcet number="0">70</wcet>
            <wcet number="1">420</wcet>
            <maxpow number="0.6819061867948517"/>
            <maxpow number="0.6819061867948517"/>
            <fprob>0.0</fprob>
        </actor>
        <actor name="D0N3">
            <wcet number="0">10</wcet>
            <wcet number="1">310</wcet>
            <maxpow number="0.9940885876945228"/>
            <maxpow number="0.9940885876945228"/>
            <fprob>0.0</fprob>
        </actor>
        <actor name="D0N25">
            <wcet number="0">10</wcet>
            <wcet number="1">70</wcet>
            <maxpow number="0.32961018026616196"/>
            <maxpow number="0.32961018026616196"/>
            <fprob>0.0</fprob>
        </actor>
        <actor name="D0N1">
            <wcet number="0">220</wcet>
            <wcet number="1">520</wcet>
            <maxpow number="0.7116796091721753"/>
            <maxpow number="0.7116796091721753"/>
            <fprob>0.0</fprob>
        </actor>
        <actor name="D0N41">
            <wcet number="0">200</wcet>
            <wcet number="1">210</wcet>
            <maxpow number="0.4610059493633554"/>
            <maxpow number="0.4610059493633554"/>
            <fprob>0.0</fprob>
        </actor>
        <actor name="D0N27">
            <wcet number="0">20</wcet>
            <wcet number="1">80</wcet>
            <maxpow number="0.5918859009751389"/>
            <maxpow number="0.5918859009751389"/>
            <fprob>0.0</fprob>
        </actor>
        <actor name="D0N16">
            <wcet number="0">90</wcet>
            <wcet number="1">150</wcet>
            <maxpow number="0.35349611653266355"/>
            <maxpow number="0.35349611653266355"/>
            <fprob>0.0</fprob>
        </actor>
        <actor name="D0N31">
            <wcet number="0">30</wcet>
            <wcet number="1">60</wcet>
            <maxpow number="0.6056333270964169"/>
            <maxpow number="0.6056333270964169"/>
            <fprob>0.0</fprob>
        </actor>
        <actor name="D0N37">
            <wcet number="0">60</wcet>
            <wcet number="1">80</wcet>
            <maxpow number="0.5662159859989638"/>
            <maxpow number="0.5662159859989638"/>
            <fprob>0.0</fprob>
        </actor>
        <actor name="D0N0">
            <wcet number="0">120</wcet>
            <wcet number="1">130</wcet>
            <maxpow number="0.5900002221218954"/>
            <maxpow number="0.5900002221218954"/>
            <fprob>0.0</fprob>
        </actor>
        <actor name="D0N45">
            <wcet number="0">10</wcet>
            <wcet number="1">340</wcet>
            <maxpow number="0.4421081916705995"/>
            <maxpow number="0.4421081916705995"/>
            <fprob>0.0</fprob>
        </actor>
        <ports>
            <port dstActor="D0N48" name="p0" srcActor="D0N14"/>
            <port dstActor="D0N46" name="p1" srcActor="D0N14"/>
            <port dstActor="D0N17" name="p2" srcActor="D0N14"/>
            <port dstActor="D0N23" name="p3" srcActor="D0N14"/>
            <port dstActor="D0N47" name="p4" srcActor="D0N14"/>
            <port dstActor="D0N43" name="p5" srcActor="D0N14"/>
            <port dstActor="D0N43" name="p6" srcActor="D0N42"/>
            <port dstActor="D0N34" name="p7" srcActor="D0N12"/>
            <port dstActor="D0N39" name="p8" srcActor="D0N12"/>
            <port dstActor="D0N38" name="p9" srcActor="D0N12"/>
            <port dstActor="D0N42" name="p10" srcActor="D0N12"/>
            <port dstActor="D0N18" name="p11" srcActor="D0N11"/>
            <port dstActor="D0N24" name="p12" srcActor="D0N11"/>
            <port dstActor="D0N17" name="p13" srcActor="D0N11"/>
            <port dstActor="D0N12" name="p14" srcActor="D0N11"/>
            <port dstActor="D0N46" name="p15" srcActor="D0N11"/>
            <port dstActor="D0N46" name="p16" srcActor="D0N39"/>
            <port dstActor="D0N44" name="p17" srcActor="D0N40"/>
            <port dstActor="D0N28" name="p18" srcActor="D0N19"/>
            <port dstActor="D0N29" name="p19" srcActor="D0N19"/>
            <port dstActor="D0N22" name="p20" srcActor="D0N7"/>
            <port dstActor="D0N32" name="p21" srcActor="D0N5"/>
            <port dstActor="D0N11" name="p22" srcActor="D0N5"/>
            <port dstActor="D0N7" name="p23" srcActor="D0N5"/>
            <port dstActor="D0N41" name="p24" srcActor="D0N5"/>
            <port dstActor="D0N47" name="p25" srcActor="D0N5"/>
            <port dstActor="D0N24" name="p26" srcActor="D0N5"/>
            <port dstActor="D0N45" name="p27" srcActor="D0N36"/>
            <port dstActor="D0N39" name="p28" srcActor="D0N8"/>
            <port dstActor="D0N9" name="p29" srcActor="D0N8"/>
            <port dstActor="D0N46" name="p30" srcActor="D0N8"/>
            <port dstActor="D0N40" name="p31" srcActor="D0N32"/>
            <port dstActor="D0N46" name="p32" srcActor="D0N32"/>
            <port dstActor="D0N48" name="p33" srcActor="D0N32"/>
            <port dstActor="D0N28" name="p34" srcActor="D0N6"/>
            <port dstActor="D0N27" name="p35" srcActor="D0N6"/>
            <port dstActor="D0N30" name="p36" srcActor="D0N6"/>
            <port dstActor="D0N45" name="p37" srcActor="D0N6"/>
            <port dstActor="D0N18" name="p38" srcActor="D0N2"/>
            <port dstActor="D0N28" name="p39" srcActor="D0N2"/>
            <port dstActor="D0N46" name="p40" srcActor="D0N2"/>
            <port dstActor="D0N46" name="p41" srcActor="D0N18"/>
            <port dstActor="D0N27" name="p42" srcActor="D0N18"/>
            <port dstActor="D0N25" name="p43" srcActor="D0N10"/>
            <port dstActor="D0N41" name="p44" srcActor="D0N10"/>
            <port dstActor="D0N43" name="p45" srcActor="D0N10"/>
            <port dstActor="D0N30" name="p46" srcActor="D0N10"/>
            <port dstActor="D0N16" name="p47" srcActor="D0N10"/>
            <port dstActor="D0N48" name="p48" srcActor="D0N24"/>
            <port dstActor="D0N30" name="p49" srcActor="D0N24"/>
            <port dstActor="D0N31" name="p50" srcActor="D0N17"/>
            <port dstActor="D0N39" name="p51" srcActor="D0N17"/>
            <port dstActor="D0N21" name="p52" srcActor="D0N17"/>
            <port dstActor="D0N10" name="p53" srcActor="D0N9"/>
            <port dstActor="D0N16" name="p54" srcActor="D0N9"/>
            <port dstActor="D0N15" name="p55" srcActor="D0N9"/>
            <port dstActor="D0N14" name="p56" srcActor="D0N9"/>
            <port dstActor="D0N48" name="p57" srcActor="D0N9"/>
            <port dstActor="D0N34" name="p58" srcActor="D0N9"/>
            <port dstActor="D0N38" name="p59" srcActor="D0N9"/>
            <port dstActor="D0N41" name="p60" srcActor="D0N9"/>
            <port dstActor="D0N10" name="p61" srcActor="D0N4"/>
            <port dstActor="D0N20" name="p62" srcActor="D0N4"/>
            <port dstActor="D0N11" name="p63" srcActor="D0N4"/>
            <port dstActor="D0N48" name="p64" srcActor="D0N33"/>
            <port dstActor="D0N33" name="p65" srcActor="D0N20"/>
            <port dstActor="D0N22" name="p66" srcActor="D0N20"/>
            <port dstActor="D0N40" name="p67" srcActor="D0N20"/>
            <port dstActor="D0N30" name="p68" srcActor="D0N20"/>
            <port dstActor="D0N23" name="p69" srcActor="D0N20"/>
            <port dstActor="D0N24" name="p70" srcActor="D0N13"/>
            <port dstActor="D0N37" name="p71" srcActor="D0N13"/>
            <port dstActor="D0N25" name="p72" srcActor="D0N13"/>
            <port dstActor="D0N40" name="p73" srcActor="D0N13"/>
            <port dstActor="D0N38" name="p74" srcActor="D0N26"/>
            <port dstActor="D0N29" name="p75" srcActor="D0N26"/>
            <port dstActor="D0N35" name="p76" srcActor="D0N26"/>
            <port dstActor="D0N24" name="p77" srcActor="D0N21"/>
            <port dstActor="D0N23" name="p78" srcActor="D0N21"/>
            <port dstActor="D0N35" name="p79" srcActor="D0N21"/>
            <port dstActor="D0N48" name="p80" srcActor="D0N21"/>
            <port dstActor="D0N45" name="p81" srcActor="D0N21"/>
            <port dstActor="D0N43" name="p82" srcActor="D0N30"/>
            <port dstActor="D0N34" name="p83" srcActor="D0N30"/>
            <port dstActor="D0N40" name="p84" srcActor="D0N22"/>
            <port dstActor="D0N21" name="p85" srcActor="D0N15"/>
            <port dstActor="D0N40" name="p86" srcActor="D0N15"/>
            <port dstActor="D0N37" name="p87" srcActor="D0N15"/>
            <port dstActor="D0N48" name="p88" srcActor="D0N28"/>
            <port dstActor="D0N31" name="p89" srcActor="D0N28"/>
            <port dstActor="D0N39" name="p90" srcActor="D0N28"/>
            <port dstActor="D0N35" name="p91" srcActor="D0N28"/>
            <port dstActor="D0N45" name="p92" srcActor="D0N29"/>
            <port dstActor="D0N39" name="p93" srcActor="D0N29"/>
            <port dstActor="D0N30" name="p94" srcActor="D0N3"/>
            <port dstActor="D0N22" name="p95" srcActor="D0N3"/>
            <port dstActor="D0N13" name="p96" srcActor="D0N3"/>
            <port dstActor="D0N39" name="p97" srcActor="D0N3"/>
            <port dstActor="D0N28" name="p98" srcActor="D0N3"/>
            <port dstActor="D0N38" name="p99" srcActor="D0N1"/>
            <port dstActor="D0N15" name="p100" srcActor="D0N1"/>
            <port dstActor="D0N20" name="p101" srcActor="D0N1"/>
            <port dstActor="D0N22" name="p102" srcActor="D0N1"/>
            <port dstActor="D0N47" name="p103" srcActor="D0N41"/>
            <port dstActor="D0N46" name="p104" srcActor="D0N41"/>
            <port dstActor="D0N37" name="p105" srcActor="D0N27"/>
            <port dstActor="D0N33" name="p106" srcActor="D0N27"/>
            <port dstActor="D0N47" name="p107" srcActor="D0N27"/>
            <port dstActor="D0N45" name="p108" srcActor="D0N27"/>
            <port dstActor="D0N27" name="p109" srcActor="D0N16"/>
            <port dstActor="D0N30" name="p110" srcActor="D0N16"/>
            <port dstActor="D0N43" name="p111" srcActor="D0N16"/>
            <port dstActor="D0N35" name="p112" srcActor="D0N31"/>
            <port dstActor="D0N40" name="p113" srcActor="D0N31"/>
            <port dstActor="D0N36" name="p114" srcActor="D0N31"/>
            <port dstActor="D0N40" name="p115" srcActor="D0N0"/>
            <port dstActor="D0N38" name="p116" srcActor="D0N0"/>
            <port dstActor="D0N45" name="p117" srcActor="D0N0"/>
        </ports>
    </mcdag>
    <cores number="3"/>
    <levels number="2"/>
</mcsystem>
