<?xml version="1.0" encoding="UTF-8" standalone="no"?>
<mcsystem>
    <mcdag deadline="1800" name="genned-0-ed-10.0-0">
        <actor name="D0N8">
            <wcet number="0">10</wcet>
            <wcet number="1">40</wcet>
            <maxpow number="0.5707457755013193"/>
            <maxpow number="0.5707457755013193"/>
            <fprob>0.0</fprob>
        </actor>
        <actor name="D0N25">
            <wcet number="0">120</wcet>
            <wcet number="1">140</wcet>
            <maxpow number="0.7338210679813439"/>
            <maxpow number="0.7338210679813439"/>
            <fprob>0.0</fprob>
        </actor>
        <actor name="D0N0">
            <wcet number="0">10</wcet>
            <wcet number="1">50</wcet>
            <maxpow number="0.5654376357364338"/>
            <maxpow number="0.5654376357364338"/>
            <fprob>0.0</fprob>
        </actor>
        <actor name="D0N23">
            <wcet number="0">10</wcet>
            <wcet number="1">20</wcet>
            <maxpow number="0.16371084927582535"/>
            <maxpow number="0.16371084927582535"/>
            <fprob>0.0</fprob>
        </actor>
        <actor name="D0N40">
            <wcet number="0">80</wcet>
            <wcet number="1">80</wcet>
            <maxpow number="0.6155059500226208"/>
            <maxpow number="0.6155059500226208"/>
            <fprob>0.0</fprob>
        </actor>
        <actor name="D0N1">
            <wcet number="0">30</wcet>
            <wcet number="1">70</wcet>
            <maxpow number="0.5332503043684209"/>
            <maxpow number="0.5332503043684209"/>
            <fprob>0.0</fprob>
        </actor>
        <actor name="D0N39">
            <wcet number="0">80</wcet>
            <wcet number="1">90</wcet>
            <maxpow number="0.4683380372104172"/>
            <maxpow number="0.4683380372104172"/>
            <fprob>0.0</fprob>
        </actor>
        <actor name="D0N2">
            <wcet number="0">10</wcet>
            <wcet number="1">80</wcet>
            <maxpow number="0.35070743233933754"/>
            <maxpow number="0.35070743233933754"/>
            <fprob>0.0</fprob>
        </actor>
        <actor name="D0N5">
            <wcet number="0">10</wcet>
            <wcet number="1">30</wcet>
            <maxpow number="0.3212961683182848"/>
            <maxpow number="0.3212961683182848"/>
            <fprob>0.0</fprob>
        </actor>
        <actor name="D0N29">
            <wcet number="0">40</wcet>
            <wcet number="1">50</wcet>
            <maxpow number="0.6690513437694579"/>
            <maxpow number="0.6690513437694579"/>
            <fprob>0.0</fprob>
        </actor>
        <actor name="D0N30">
            <wcet number="0">50</wcet>
            <wcet number="1">60</wcet>
            <maxpow number="0.37460688309321344"/>
            <maxpow number="0.37460688309321344"/>
            <fprob>0.0</fprob>
        </actor>
        <actor name="D0N34">
            <wcet number="0">40</wcet>
            <wcet number="1">130</wcet>
            <maxpow number="0.6392481913178246"/>
            <maxpow number="0.6392481913178246"/>
            <fprob>0.0</fprob>
        </actor>
        <actor name="D0N17">
            <wcet number="0">10</wcet>
            <wcet number="1">30</wcet>
            <maxpow number="0.563713631724557"/>
            <maxpow number="0.563713631724557"/>
            <fprob>0.0</fprob>
        </actor>
        <actor name="D0N21">
            <wcet number="0">190</wcet>
            <wcet number="1">210</wcet>
            <maxpow number="0.508391130785928"/>
            <maxpow number="0.508391130785928"/>
            <fprob>0.0</fprob>
        </actor>
        <actor name="D0N32">
            <wcet number="0">90</wcet>
            <wcet number="1">140</wcet>
            <maxpow number="0.9359710120183531"/>
            <maxpow number="0.9359710120183531"/>
            <fprob>0.0</fprob>
        </actor>
        <actor name="D0N12">
            <wcet number="0">80</wcet>
            <wcet number="1">130</wcet>
            <maxpow number="0.7240709007969353"/>
            <maxpow number="0.7240709007969353"/>
            <fprob>0.0</fprob>
        </actor>
        <actor name="D0N4">
            <wcet number="0">40</wcet>
            <wcet number="1">50</wcet>
            <maxpow number="0.5669585193246252"/>
            <maxpow number="0.5669585193246252"/>
            <fprob>0.0</fprob>
        </actor>
        <actor name="D0N9">
            <wcet number="0">20</wcet>
            <wcet number="1">20</wcet>
            <maxpow number="0.5406695607015685"/>
            <maxpow number="0.5406695607015685"/>
            <fprob>0.0</fprob>
        </actor>
        <actor name="D0N43">
            <wcet number="0">20</wcet>
            <wcet number="1">30</wcet>
            <maxpow number="0.40942573672101523"/>
            <maxpow number="0.40942573672101523"/>
            <fprob>0.0</fprob>
        </actor>
        <actor name="D0N44">
            <wcet number="0">70</wcet>
            <wcet number="1">190</wcet>
            <maxpow number="0.6453405167482362"/>
            <maxpow number="0.6453405167482362"/>
            <fprob>0.0</fprob>
        </actor>
        <actor name="D0N20">
            <wcet number="0">40</wcet>
            <wcet number="1">130</wcet>
            <maxpow number="0.41486375025795486"/>
            <maxpow number="0.41486375025795486"/>
            <fprob>0.0</fprob>
        </actor>
        <actor name="D0N13">
            <wcet number="0">120</wcet>
            <wcet number="1">310</wcet>
            <maxpow number="0.5964811443801147"/>
            <maxpow number="0.5964811443801147"/>
            <fprob>0.0</fprob>
        </actor>
        <actor name="D0N16">
            <wcet number="0">70</wcet>
            <wcet number="1">70</wcet>
            <maxpow number="0.34308333254365203"/>
            <maxpow number="0.34308333254365203"/>
            <fprob>0.0</fprob>
        </actor>
        <actor name="D0N19">
            <wcet number="0">10</wcet>
            <wcet number="1">10</wcet>
            <maxpow number="0.4064762731666152"/>
            <maxpow number="0.4064762731666152"/>
            <fprob>0.0</fprob>
        </actor>
        <actor name="D0N11">
            <wcet number="0">10</wcet>
            <wcet number="1">50</wcet>
            <maxpow number="0.5108437553655714"/>
            <maxpow number="0.5108437553655714"/>
            <fprob>0.0</fprob>
        </actor>
        <actor name="D0N42">
            <wcet number="0">50</wcet>
            <wcet number="1">90</wcet>
            <maxpow number="0.8689868941781339"/>
            <maxpow number="0.8689868941781339"/>
            <fprob>0.0</fprob>
        </actor>
        <actor name="D0N3">
            <wcet number="0">70</wcet>
            <wcet number="1">70</wcet>
            <maxpow number="0.43460679857125695"/>
            <maxpow number="0.43460679857125695"/>
            <fprob>0.0</fprob>
        </actor>
        <actor name="D0N45">
            <wcet number="0">20</wcet>
            <wcet number="1">50</wcet>
            <maxpow number="0.70467345581898"/>
            <maxpow number="0.70467345581898"/>
            <fprob>0.0</fprob>
        </actor>
        <actor name="D0N28">
            <wcet number="0">170</wcet>
            <wcet number="1">280</wcet>
            <maxpow number="0.45525838560325677"/>
            <maxpow number="0.45525838560325677"/>
            <fprob>0.0</fprob>
        </actor>
        <actor name="D0N37">
            <wcet number="0">10</wcet>
            <wcet number="1">10</wcet>
            <maxpow number="0.7212411038859746"/>
            <maxpow number="0.7212411038859746"/>
            <fprob>0.0</fprob>
        </actor>
        <actor name="D0N31">
            <wcet number="0">60</wcet>
            <wcet number="1">120</wcet>
            <maxpow number="0.594708813385078"/>
            <maxpow number="0.594708813385078"/>
            <fprob>0.0</fprob>
        </actor>
        <actor name="D0N6">
            <wcet number="0">140</wcet>
            <wcet number="1">140</wcet>
            <maxpow number="0.6076257114471314"/>
            <maxpow number="0.6076257114471314"/>
            <fprob>0.0</fprob>
        </actor>
        <actor name="D0N26">
            <wcet number="0">10</wcet>
            <wcet number="1">70</wcet>
            <maxpow number="0.4148945068976009"/>
            <maxpow number="0.4148945068976009"/>
            <fprob>0.0</fprob>
        </actor>
        <actor name="D0N46">
            <wcet number="0">30</wcet>
            <wcet number="1">40</wcet>
            <maxpow number="0.5348712681027448"/>
            <maxpow number="0.5348712681027448"/>
            <fprob>0.0</fprob>
        </actor>
        <actor name="D0N7">
            <wcet number="0">70</wcet>
            <wcet number="1">80</wcet>
            <maxpow number="0.439027151599264"/>
            <maxpow number="0.439027151599264"/>
            <fprob>0.0</fprob>
        </actor>
        <actor name="D0N36">
            <wcet number="0">450</wcet>
            <wcet number="1">470</wcet>
            <maxpow number="0.43402191207629737"/>
            <maxpow number="0.43402191207629737"/>
            <fprob>0.0</fprob>
        </actor>
        <actor name="D0N41">
            <wcet number="0">70</wcet>
            <wcet number="1">80</wcet>
            <maxpow number="0.6298080950302148"/>
            <maxpow number="0.6298080950302148"/>
            <fprob>0.0</fprob>
        </actor>
        <actor name="D0N10">
            <wcet number="0">30</wcet>
            <wcet number="1">100</wcet>
            <maxpow number="0.7011458703647294"/>
            <maxpow number="0.7011458703647294"/>
            <fprob>0.0</fprob>
        </actor>
        <actor name="D0N14">
            <wcet number="0">100</wcet>
            <wcet number="1">130</wcet>
            <maxpow number="0.5417262258138844"/>
            <maxpow number="0.5417262258138844"/>
            <fprob>0.0</fprob>
        </actor>
        <actor name="D0N18">
            <wcet number="0">30</wcet>
            <wcet number="1">40</wcet>
            <maxpow number="0.6032270766491193"/>
            <maxpow number="0.6032270766491193"/>
            <fprob>0.0</fprob>
        </actor>
        <actor name="D0N35">
            <wcet number="0">30</wcet>
            <wcet number="1">150</wcet>
            <maxpow number="0.7624658666461958"/>
            <maxpow number="0.7624658666461958"/>
            <fprob>0.0</fprob>
        </actor>
        <actor name="D0N15">
            <wcet number="0">60</wcet>
            <wcet number="1">60</wcet>
            <maxpow number="0.37947281613583395"/>
            <maxpow number="0.37947281613583395"/>
            <fprob>0.0</fprob>
        </actor>
        <actor name="D0N38">
            <wcet number="0">40</wcet>
            <wcet number="1">40</wcet>
            <maxpow number="0.37219564546699296"/>
            <maxpow number="0.37219564546699296"/>
            <fprob>0.0</fprob>
        </actor>
        <actor name="D0N22">
            <wcet number="0">20</wcet>
            <wcet number="1">30</wcet>
            <maxpow number="0.25772641357009185"/>
            <maxpow number="0.25772641357009185"/>
            <fprob>0.0</fprob>
        </actor>
        <actor name="D0N27">
            <wcet number="0">30</wcet>
            <wcet number="1">30</wcet>
            <maxpow number="0.3437767151052415"/>
            <maxpow number="0.3437767151052415"/>
            <fprob>0.0</fprob>
        </actor>
        <actor name="D0N24">
            <wcet number="0">10</wcet>
            <wcet number="1">10</wcet>
            <maxpow number="0.5999419274730483"/>
            <maxpow number="0.5999419274730483"/>
            <fprob>0.0</fprob>
        </actor>
        <actor name="D0N33">
            <wcet number="0">100</wcet>
            <wcet number="1">200</wcet>
            <maxpow number="0.35135858205073645"/>
            <maxpow number="0.35135858205073645"/>
            <fprob>0.0</fprob>
        </actor>
        <ports>
            <port dstActor="D0N34" name="p0" srcActor="D0N8"/>
            <port dstActor="D0N37" name="p1" srcActor="D0N8"/>
            <port dstActor="D0N17" name="p2" srcActor="D0N8"/>
            <port dstActor="D0N20" name="p3" srcActor="D0N8"/>
            <port dstActor="D0N43" name="p4" srcActor="D0N25"/>
            <port dstActor="D0N19" name="p5" srcActor="D0N0"/>
            <port dstActor="D0N39" name="p6" srcActor="D0N0"/>
            <port dstActor="D0N20" name="p7" srcActor="D0N0"/>
            <port dstActor="D0N15" name="p8" srcActor="D0N0"/>
            <port dstActor="D0N6" name="p9" srcActor="D0N0"/>
            <port dstActor="D0N29" name="p10" srcActor="D0N23"/>
            <port dstActor="D0N43" name="p11" srcActor="D0N40"/>
            <port dstActor="D0N17" name="p12" srcActor="D0N1"/>
            <port dstActor="D0N26" name="p13" srcActor="D0N1"/>
            <port dstActor="D0N12" name="p14" srcActor="D0N1"/>
            <port dstActor="D0N14" name="p15" srcActor="D0N1"/>
            <port dstActor="D0N16" name="p16" srcActor="D0N1"/>
            <port dstActor="D0N45" name="p17" srcActor="D0N1"/>
            <port dstActor="D0N24" name="p18" srcActor="D0N1"/>
            <port dstActor="D0N44" name="p19" srcActor="D0N39"/>
            <port dstActor="D0N19" name="p20" srcActor="D0N2"/>
            <port dstActor="D0N3" name="p21" srcActor="D0N2"/>
            <port dstActor="D0N25" name="p22" srcActor="D0N2"/>
            <port dstActor="D0N31" name="p23" srcActor="D0N5"/>
            <port dstActor="D0N15" name="p24" srcActor="D0N5"/>
            <port dstActor="D0N42" name="p25" srcActor="D0N5"/>
            <port dstActor="D0N26" name="p26" srcActor="D0N5"/>
            <port dstActor="D0N33" name="p27" srcActor="D0N29"/>
            <port dstActor="D0N36" name="p28" srcActor="D0N30"/>
            <port dstActor="D0N43" name="p29" srcActor="D0N30"/>
            <port dstActor="D0N37" name="p30" srcActor="D0N34"/>
            <port dstActor="D0N40" name="p31" srcActor="D0N34"/>
            <port dstActor="D0N33" name="p32" srcActor="D0N17"/>
            <port dstActor="D0N22" name="p33" srcActor="D0N17"/>
            <port dstActor="D0N40" name="p34" srcActor="D0N17"/>
            <port dstActor="D0N33" name="p35" srcActor="D0N21"/>
            <port dstActor="D0N43" name="p36" srcActor="D0N21"/>
            <port dstActor="D0N38" name="p37" srcActor="D0N32"/>
            <port dstActor="D0N46" name="p38" srcActor="D0N32"/>
            <port dstActor="D0N37" name="p39" srcActor="D0N32"/>
            <port dstActor="D0N31" name="p40" srcActor="D0N12"/>
            <port dstActor="D0N24" name="p41" srcActor="D0N12"/>
            <port dstActor="D0N41" name="p42" srcActor="D0N12"/>
            <port dstActor="D0N23" name="p43" srcActor="D0N12"/>
            <port dstActor="D0N34" name="p44" srcActor="D0N12"/>
            <port dstActor="D0N25" name="p45" srcActor="D0N9"/>
            <port dstActor="D0N43" name="p46" srcActor="D0N20"/>
            <port dstActor="D0N27" name="p47" srcActor="D0N20"/>
            <port dstActor="D0N25" name="p48" srcActor="D0N13"/>
            <port dstActor="D0N19" name="p49" srcActor="D0N13"/>
            <port dstActor="D0N20" name="p50" srcActor="D0N13"/>
            <port dstActor="D0N32" name="p51" srcActor="D0N13"/>
            <port dstActor="D0N36" name="p52" srcActor="D0N13"/>
            <port dstActor="D0N27" name="p53" srcActor="D0N16"/>
            <port dstActor="D0N20" name="p54" srcActor="D0N16"/>
            <port dstActor="D0N32" name="p55" srcActor="D0N16"/>
            <port dstActor="D0N22" name="p56" srcActor="D0N16"/>
            <port dstActor="D0N28" name="p57" srcActor="D0N16"/>
            <port dstActor="D0N32" name="p58" srcActor="D0N19"/>
            <port dstActor="D0N40" name="p59" srcActor="D0N19"/>
            <port dstActor="D0N35" name="p60" srcActor="D0N19"/>
            <port dstActor="D0N46" name="p61" srcActor="D0N11"/>
            <port dstActor="D0N32" name="p62" srcActor="D0N11"/>
            <port dstActor="D0N46" name="p63" srcActor="D0N42"/>
            <port dstActor="D0N23" name="p64" srcActor="D0N3"/>
            <port dstActor="D0N15" name="p65" srcActor="D0N3"/>
            <port dstActor="D0N42" name="p66" srcActor="D0N3"/>
            <port dstActor="D0N35" name="p67" srcActor="D0N28"/>
            <port dstActor="D0N40" name="p68" srcActor="D0N37"/>
            <port dstActor="D0N34" name="p69" srcActor="D0N31"/>
            <port dstActor="D0N40" name="p70" srcActor="D0N31"/>
            <port dstActor="D0N8" name="p71" srcActor="D0N6"/>
            <port dstActor="D0N24" name="p72" srcActor="D0N6"/>
            <port dstActor="D0N33" name="p73" srcActor="D0N6"/>
            <port dstActor="D0N30" name="p74" srcActor="D0N6"/>
            <port dstActor="D0N22" name="p75" srcActor="D0N6"/>
            <port dstActor="D0N19" name="p76" srcActor="D0N6"/>
            <port dstActor="D0N27" name="p77" srcActor="D0N6"/>
            <port dstActor="D0N14" name="p78" srcActor="D0N6"/>
            <port dstActor="D0N35" name="p79" srcActor="D0N26"/>
            <port dstActor="D0N43" name="p80" srcActor="D0N26"/>
            <port dstActor="D0N38" name="p81" srcActor="D0N7"/>
            <port dstActor="D0N29" name="p82" srcActor="D0N7"/>
            <port dstActor="D0N8" name="p83" srcActor="D0N7"/>
            <port dstActor="D0N44" name="p84" srcActor="D0N36"/>
            <port dstActor="D0N46" name="p85" srcActor="D0N41"/>
            <port dstActor="D0N22" name="p86" srcActor="D0N10"/>
            <port dstActor="D0N14" name="p87" srcActor="D0N10"/>
            <port dstActor="D0N11" name="p88" srcActor="D0N10"/>
            <port dstActor="D0N29" name="p89" srcActor="D0N10"/>
            <port dstActor="D0N31" name="p90" srcActor="D0N10"/>
            <port dstActor="D0N23" name="p91" srcActor="D0N18"/>
            <port dstActor="D0N45" name="p92" srcActor="D0N18"/>
            <port dstActor="D0N22" name="p93" srcActor="D0N18"/>
            <port dstActor="D0N36" name="p94" srcActor="D0N18"/>
            <port dstActor="D0N40" name="p95" srcActor="D0N35"/>
            <port dstActor="D0N26" name="p96" srcActor="D0N15"/>
            <port dstActor="D0N43" name="p97" srcActor="D0N15"/>
            <port dstActor="D0N27" name="p98" srcActor="D0N15"/>
            <port dstActor="D0N46" name="p99" srcActor="D0N15"/>
            <port dstActor="D0N34" name="p100" srcActor="D0N15"/>
            <port dstActor="D0N39" name="p101" srcActor="D0N38"/>
            <port dstActor="D0N34" name="p102" srcActor="D0N22"/>
            <port dstActor="D0N39" name="p103" srcActor="D0N22"/>
            <port dstActor="D0N37" name="p104" srcActor="D0N27"/>
            <port dstActor="D0N31" name="p105" srcActor="D0N24"/>
        </ports>
    </mcdag>
    <cores number="3"/>
    <levels number="2"/>
</mcsystem>
