<?xml version="1.0" encoding="UTF-8" standalone="no"?>
<mcsystem>
    <mcdag deadline="4000" name="genned-0-ed-10.0-0">
        <actor name="D0N25">
            <wcet number="0">60</wcet>
            <wcet number="1">60</wcet>
            <maxpow number="0.7979244046579557"/>
            <maxpow number="0.7979244046579557"/>
            <fprob>0.0</fprob>
        </actor>
        <actor name="D0N2">
            <wcet number="0">50</wcet>
            <wcet number="1">50</wcet>
            <maxpow number="0.5820679535813312"/>
            <maxpow number="0.5820679535813312"/>
            <fprob>0.0</fprob>
        </actor>
        <actor name="D0N39">
            <wcet number="0">40</wcet>
            <wcet number="1">40</wcet>
            <maxpow number="0.5935690984639526"/>
            <maxpow number="0.5935690984639526"/>
            <fprob>0.0</fprob>
        </actor>
        <actor name="D0N32">
            <wcet number="0">200</wcet>
            <wcet number="1">240</wcet>
            <maxpow number="0.4986440847942109"/>
            <maxpow number="0.4986440847942109"/>
            <fprob>0.0</fprob>
        </actor>
        <actor name="D0N7">
            <wcet number="0">160</wcet>
            <wcet number="1">170</wcet>
            <maxpow number="0.6292465016863125"/>
            <maxpow number="0.6292465016863125"/>
            <fprob>0.0</fprob>
        </actor>
        <actor name="D0N31">
            <wcet number="0">150</wcet>
            <wcet number="1">250</wcet>
            <maxpow number="0.7186427813160716"/>
            <maxpow number="0.7186427813160716"/>
            <fprob>0.0</fprob>
        </actor>
        <actor name="D0N22">
            <wcet number="0">50</wcet>
            <wcet number="1">120</wcet>
            <maxpow number="0.42655349278890653"/>
            <maxpow number="0.42655349278890653"/>
            <fprob>0.0</fprob>
        </actor>
        <actor name="D0N16">
            <wcet number="0">160</wcet>
            <wcet number="1">160</wcet>
            <maxpow number="0.6608457435781911"/>
            <maxpow number="0.6608457435781911"/>
            <fprob>0.0</fprob>
        </actor>
        <actor name="D0N47">
            <wcet number="0">10</wcet>
            <wcet number="1">30</wcet>
            <maxpow number="0.4819001499163457"/>
            <maxpow number="0.4819001499163457"/>
            <fprob>0.0</fprob>
        </actor>
        <actor name="D0N26">
            <wcet number="0">30</wcet>
            <wcet number="1">480</wcet>
            <maxpow number="0.6130468224904543"/>
            <maxpow number="0.6130468224904543"/>
            <fprob>0.0</fprob>
        </actor>
        <actor name="D0N46">
            <wcet number="0">320</wcet>
            <wcet number="1">340</wcet>
            <maxpow number="0.21616430958342403"/>
            <maxpow number="0.21616430958342403"/>
            <fprob>0.0</fprob>
        </actor>
        <actor name="D0N41">
            <wcet number="0">50</wcet>
            <wcet number="1">170</wcet>
            <maxpow number="0.6237327413317193"/>
            <maxpow number="0.6237327413317193"/>
            <fprob>0.0</fprob>
        </actor>
        <actor name="D0N48">
            <wcet number="0">20</wcet>
            <wcet number="1">50</wcet>
            <maxpow number="0.47029138121331454"/>
            <maxpow number="0.47029138121331454"/>
            <fprob>0.0</fprob>
        </actor>
        <actor name="D0N21">
            <wcet number="0">30</wcet>
            <wcet number="1">40</wcet>
            <maxpow number="0.3913305564616548"/>
            <maxpow number="0.3913305564616548"/>
            <fprob>0.0</fprob>
        </actor>
        <actor name="D0N35">
            <wcet number="0">390</wcet>
            <wcet number="1">630</wcet>
            <maxpow number="0.44733096554612606"/>
            <maxpow number="0.44733096554612606"/>
            <fprob>0.0</fprob>
        </actor>
        <actor name="D0N12">
            <wcet number="0">30</wcet>
            <wcet number="1">50</wcet>
            <maxpow number="0.5376301172210775"/>
            <maxpow number="0.5376301172210775"/>
            <fprob>0.0</fprob>
        </actor>
        <actor name="D0N33">
            <wcet number="0">70</wcet>
            <wcet number="1">90</wcet>
            <maxpow number="0.5538684202160565"/>
            <maxpow number="0.5538684202160565"/>
            <fprob>0.0</fprob>
        </actor>
        <actor name="D0N6">
            <wcet number="0">30</wcet>
            <wcet number="1">40</wcet>
            <maxpow number="0.5923005049244279"/>
            <maxpow number="0.5923005049244279"/>
            <fprob>0.0</fprob>
        </actor>
        <actor name="D0N23">
            <wcet number="0">30</wcet>
            <wcet number="1">50</wcet>
            <maxpow number="0.7063657434048687"/>
            <maxpow number="0.7063657434048687"/>
            <fprob>0.0</fprob>
        </actor>
        <actor name="D0N19">
            <wcet number="0">30</wcet>
            <wcet number="1">70</wcet>
            <maxpow number="0.312868822108336"/>
            <maxpow number="0.312868822108336"/>
            <fprob>0.0</fprob>
        </actor>
        <actor name="D0N36">
            <wcet number="0">10</wcet>
            <wcet number="1">10</wcet>
            <maxpow number="0.5153246123320991"/>
            <maxpow number="0.5153246123320991"/>
            <fprob>0.0</fprob>
        </actor>
        <actor name="D0N30">
            <wcet number="0">120</wcet>
            <wcet number="1">130</wcet>
            <maxpow number="0.39487860541860853"/>
            <maxpow number="0.39487860541860853"/>
            <fprob>0.0</fprob>
        </actor>
        <actor name="D0N43">
            <wcet number="0">50</wcet>
            <wcet number="1">60</wcet>
            <maxpow number="0.5408885299999229"/>
            <maxpow number="0.5408885299999229"/>
            <fprob>0.0</fprob>
        </actor>
        <actor name="D0N20">
            <wcet number="0">210</wcet>
            <wcet number="1">830</wcet>
            <maxpow number="0.34234042691118227"/>
            <maxpow number="0.34234042691118227"/>
            <fprob>0.0</fprob>
        </actor>
        <actor name="D0N27">
            <wcet number="0">60</wcet>
            <wcet number="1">180</wcet>
            <maxpow number="0.4409673808411175"/>
            <maxpow number="0.4409673808411175"/>
            <fprob>0.0</fprob>
        </actor>
        <actor name="D0N14">
            <wcet number="0">290</wcet>
            <wcet number="1">430</wcet>
            <maxpow number="0.780730607591581"/>
            <maxpow number="0.780730607591581"/>
            <fprob>0.0</fprob>
        </actor>
        <actor name="D0N9">
            <wcet number="0">40</wcet>
            <wcet number="1">60</wcet>
            <maxpow number="0.382302821406025"/>
            <maxpow number="0.382302821406025"/>
            <fprob>0.0</fprob>
        </actor>
        <actor name="D0N18">
            <wcet number="0">310</wcet>
            <wcet number="1">710</wcet>
            <maxpow number="0.7470280474174761"/>
            <maxpow number="0.7470280474174761"/>
            <fprob>0.0</fprob>
        </actor>
        <actor name="D0N24">
            <wcet number="0">10</wcet>
            <wcet number="1">60</wcet>
            <maxpow number="0.64701926390261"/>
            <maxpow number="0.64701926390261"/>
            <fprob>0.0</fprob>
        </actor>
        <actor name="D0N0">
            <wcet number="0">180</wcet>
            <wcet number="1">190</wcet>
            <maxpow number="0.22785280351641984"/>
            <maxpow number="0.22785280351641984"/>
            <fprob>0.0</fprob>
        </actor>
        <actor name="D0N34">
            <wcet number="0">420</wcet>
            <wcet number="1">820</wcet>
            <maxpow number="0.36303828815447536"/>
            <maxpow number="0.36303828815447536"/>
            <fprob>0.0</fprob>
        </actor>
        <actor name="D0N29">
            <wcet number="0">10</wcet>
            <wcet number="1">10</wcet>
            <maxpow number="0.3149190345231401"/>
            <maxpow number="0.3149190345231401"/>
            <fprob>0.0</fprob>
        </actor>
        <actor name="D0N40">
            <wcet number="0">50</wcet>
            <wcet number="1">90</wcet>
            <maxpow number="0.5031790830998832"/>
            <maxpow number="0.5031790830998832"/>
            <fprob>0.0</fprob>
        </actor>
        <actor name="D0N15">
            <wcet number="0">60</wcet>
            <wcet number="1">80</wcet>
            <maxpow number="0.7815834633503222"/>
            <maxpow number="0.7815834633503222"/>
            <fprob>0.0</fprob>
        </actor>
        <actor name="D0N42">
            <wcet number="0">200</wcet>
            <wcet number="1">400</wcet>
            <maxpow number="0.5864551365379854"/>
            <maxpow number="0.5864551365379854"/>
            <fprob>0.0</fprob>
        </actor>
        <actor name="D0N28">
            <wcet number="0">10</wcet>
            <wcet number="1">20</wcet>
            <maxpow number="0.3189479531722943"/>
            <maxpow number="0.3189479531722943"/>
            <fprob>0.0</fprob>
        </actor>
        <actor name="D0N37">
            <wcet number="0">10</wcet>
            <wcet number="1">20</wcet>
            <maxpow number="0.7980968489493334"/>
            <maxpow number="0.7980968489493334"/>
            <fprob>0.0</fprob>
        </actor>
        <actor name="D0N8">
            <wcet number="0">10</wcet>
            <wcet number="1">10</wcet>
            <maxpow number="1.1685802988381475"/>
            <maxpow number="1.1685802988381475"/>
            <fprob>0.0</fprob>
        </actor>
        <actor name="D0N4">
            <wcet number="0">20</wcet>
            <wcet number="1">30</wcet>
            <maxpow number="0.41271970634625327"/>
            <maxpow number="0.41271970634625327"/>
            <fprob>0.0</fprob>
        </actor>
        <actor name="D0N10">
            <wcet number="0">50</wcet>
            <wcet number="1">140</wcet>
            <maxpow number="0.46880246485104937"/>
            <maxpow number="0.46880246485104937"/>
            <fprob>0.0</fprob>
        </actor>
        <actor name="D0N13">
            <wcet number="0">10</wcet>
            <wcet number="1">10</wcet>
            <maxpow number="0.6222986275456788"/>
            <maxpow number="0.6222986275456788"/>
            <fprob>0.0</fprob>
        </actor>
        <actor name="D0N38">
            <wcet number="0">90</wcet>
            <wcet number="1">100</wcet>
            <maxpow number="0.5220383853006731"/>
            <maxpow number="0.5220383853006731"/>
            <fprob>0.0</fprob>
        </actor>
        <actor name="D0N5">
            <wcet number="0">40</wcet>
            <wcet number="1">90</wcet>
            <maxpow number="0.3849344477579397"/>
            <maxpow number="0.3849344477579397"/>
            <fprob>0.0</fprob>
        </actor>
        <actor name="D0N3">
            <wcet number="0">140</wcet>
            <wcet number="1">270</wcet>
            <maxpow number="1.0290061971897715"/>
            <maxpow number="1.0290061971897715"/>
            <fprob>0.0</fprob>
        </actor>
        <actor name="D0N1">
            <wcet number="0">120</wcet>
            <wcet number="1">150</wcet>
            <maxpow number="0.7205226793443331"/>
            <maxpow number="0.7205226793443331"/>
            <fprob>0.0</fprob>
        </actor>
        <actor name="D0N49">
            <wcet number="0">440</wcet>
            <wcet number="1">670</wcet>
            <maxpow number="0.5308336991926558"/>
            <maxpow number="0.5308336991926558"/>
            <fprob>0.0</fprob>
        </actor>
        <actor name="D0N44">
            <wcet number="0">20</wcet>
            <wcet number="1">40</wcet>
            <maxpow number="0.34563713617694547"/>
            <maxpow number="0.34563713617694547"/>
            <fprob>0.0</fprob>
        </actor>
        <actor name="D0N45">
            <wcet number="0">40</wcet>
            <wcet number="1">140</wcet>
            <maxpow number="0.6227339555610755"/>
            <maxpow number="0.6227339555610755"/>
            <fprob>0.0</fprob>
        </actor>
        <actor name="D0N17">
            <wcet number="0">30</wcet>
            <wcet number="1">30</wcet>
            <maxpow number="0.39110459068486464"/>
            <maxpow number="0.39110459068486464"/>
            <fprob>0.0</fprob>
        </actor>
        <actor name="D0N11">
            <wcet number="0">260</wcet>
            <wcet number="1">290</wcet>
            <maxpow number="0.6008329673693401"/>
            <maxpow number="0.6008329673693401"/>
            <fprob>0.0</fprob>
        </actor>
        <ports>
            <port dstActor="D0N37" name="p0" srcActor="D0N25"/>
            <port dstActor="D0N31" name="p1" srcActor="D0N2"/>
            <port dstActor="D0N19" name="p2" srcActor="D0N2"/>
            <port dstActor="D0N47" name="p3" srcActor="D0N2"/>
            <port dstActor="D0N47" name="p4" srcActor="D0N32"/>
            <port dstActor="D0N36" name="p5" srcActor="D0N7"/>
            <port dstActor="D0N38" name="p6" srcActor="D0N7"/>
            <port dstActor="D0N17" name="p7" srcActor="D0N7"/>
            <port dstActor="D0N46" name="p8" srcActor="D0N31"/>
            <port dstActor="D0N33" name="p9" srcActor="D0N31"/>
            <port dstActor="D0N36" name="p10" srcActor="D0N22"/>
            <port dstActor="D0N31" name="p11" srcActor="D0N22"/>
            <port dstActor="D0N45" name="p12" srcActor="D0N22"/>
            <port dstActor="D0N24" name="p13" srcActor="D0N16"/>
            <port dstActor="D0N40" name="p14" srcActor="D0N16"/>
            <port dstActor="D0N44" name="p15" srcActor="D0N16"/>
            <port dstActor="D0N45" name="p16" srcActor="D0N16"/>
            <port dstActor="D0N34" name="p17" srcActor="D0N16"/>
            <port dstActor="D0N38" name="p18" srcActor="D0N16"/>
            <port dstActor="D0N48" name="p19" srcActor="D0N47"/>
            <port dstActor="D0N37" name="p20" srcActor="D0N26"/>
            <port dstActor="D0N42" name="p21" srcActor="D0N41"/>
            <port dstActor="D0N34" name="p22" srcActor="D0N21"/>
            <port dstActor="D0N37" name="p23" srcActor="D0N21"/>
            <port dstActor="D0N40" name="p24" srcActor="D0N21"/>
            <port dstActor="D0N24" name="p25" srcActor="D0N21"/>
            <port dstActor="D0N27" name="p26" srcActor="D0N21"/>
            <port dstActor="D0N46" name="p27" srcActor="D0N35"/>
            <port dstActor="D0N44" name="p28" srcActor="D0N35"/>
            <port dstActor="D0N48" name="p29" srcActor="D0N12"/>
            <port dstActor="D0N29" name="p30" srcActor="D0N12"/>
            <port dstActor="D0N32" name="p31" srcActor="D0N12"/>
            <port dstActor="D0N16" name="p32" srcActor="D0N12"/>
            <port dstActor="D0N15" name="p33" srcActor="D0N12"/>
            <port dstActor="D0N19" name="p34" srcActor="D0N12"/>
            <port dstActor="D0N48" name="p35" srcActor="D0N33"/>
            <port dstActor="D0N43" name="p36" srcActor="D0N33"/>
            <port dstActor="D0N14" name="p37" srcActor="D0N6"/>
            <port dstActor="D0N33" name="p38" srcActor="D0N6"/>
            <port dstActor="D0N34" name="p39" srcActor="D0N6"/>
            <port dstActor="D0N47" name="p40" srcActor="D0N23"/>
            <port dstActor="D0N42" name="p41" srcActor="D0N23"/>
            <port dstActor="D0N43" name="p42" srcActor="D0N19"/>
            <port dstActor="D0N46" name="p43" srcActor="D0N19"/>
            <port dstActor="D0N20" name="p44" srcActor="D0N19"/>
            <port dstActor="D0N25" name="p45" srcActor="D0N19"/>
            <port dstActor="D0N41" name="p46" srcActor="D0N36"/>
            <port dstActor="D0N45" name="p47" srcActor="D0N30"/>
            <port dstActor="D0N34" name="p48" srcActor="D0N20"/>
            <port dstActor="D0N49" name="p49" srcActor="D0N20"/>
            <port dstActor="D0N30" name="p50" srcActor="D0N20"/>
            <port dstActor="D0N39" name="p51" srcActor="D0N20"/>
            <port dstActor="D0N41" name="p52" srcActor="D0N20"/>
            <port dstActor="D0N22" name="p53" srcActor="D0N20"/>
            <port dstActor="D0N34" name="p54" srcActor="D0N27"/>
            <port dstActor="D0N28" name="p55" srcActor="D0N27"/>
            <port dstActor="D0N48" name="p56" srcActor="D0N27"/>
            <port dstActor="D0N22" name="p57" srcActor="D0N14"/>
            <port dstActor="D0N32" name="p58" srcActor="D0N14"/>
            <port dstActor="D0N35" name="p59" srcActor="D0N14"/>
            <port dstActor="D0N37" name="p60" srcActor="D0N14"/>
            <port dstActor="D0N39" name="p61" srcActor="D0N9"/>
            <port dstActor="D0N16" name="p62" srcActor="D0N9"/>
            <port dstActor="D0N36" name="p63" srcActor="D0N18"/>
            <port dstActor="D0N13" name="p64" srcActor="D0N0"/>
            <port dstActor="D0N42" name="p65" srcActor="D0N34"/>
            <port dstActor="D0N41" name="p66" srcActor="D0N34"/>
            <port dstActor="D0N49" name="p67" srcActor="D0N29"/>
            <port dstActor="D0N38" name="p68" srcActor="D0N29"/>
            <port dstActor="D0N39" name="p69" srcActor="D0N29"/>
            <port dstActor="D0N47" name="p70" srcActor="D0N15"/>
            <port dstActor="D0N45" name="p71" srcActor="D0N15"/>
            <port dstActor="D0N16" name="p72" srcActor="D0N15"/>
            <port dstActor="D0N40" name="p73" srcActor="D0N15"/>
            <port dstActor="D0N18" name="p74" srcActor="D0N15"/>
            <port dstActor="D0N36" name="p75" srcActor="D0N28"/>
            <port dstActor="D0N49" name="p76" srcActor="D0N28"/>
            <port dstActor="D0N42" name="p77" srcActor="D0N28"/>
            <port dstActor="D0N46" name="p78" srcActor="D0N28"/>
            <port dstActor="D0N49" name="p79" srcActor="D0N37"/>
            <port dstActor="D0N20" name="p80" srcActor="D0N8"/>
            <port dstActor="D0N39" name="p81" srcActor="D0N8"/>
            <port dstActor="D0N19" name="p82" srcActor="D0N8"/>
            <port dstActor="D0N34" name="p83" srcActor="D0N4"/>
            <port dstActor="D0N28" name="p84" srcActor="D0N4"/>
            <port dstActor="D0N48" name="p85" srcActor="D0N4"/>
            <port dstActor="D0N23" name="p86" srcActor="D0N4"/>
            <port dstActor="D0N6" name="p87" srcActor="D0N4"/>
            <port dstActor="D0N11" name="p88" srcActor="D0N10"/>
            <port dstActor="D0N31" name="p89" srcActor="D0N10"/>
            <port dstActor="D0N12" name="p90" srcActor="D0N10"/>
            <port dstActor="D0N21" name="p91" srcActor="D0N10"/>
            <port dstActor="D0N17" name="p92" srcActor="D0N10"/>
            <port dstActor="D0N43" name="p93" srcActor="D0N10"/>
            <port dstActor="D0N36" name="p94" srcActor="D0N13"/>
            <port dstActor="D0N23" name="p95" srcActor="D0N13"/>
            <port dstActor="D0N39" name="p96" srcActor="D0N13"/>
            <port dstActor="D0N43" name="p97" srcActor="D0N13"/>
            <port dstActor="D0N40" name="p98" srcActor="D0N13"/>
            <port dstActor="D0N35" name="p99" srcActor="D0N13"/>
            <port dstActor="D0N46" name="p100" srcActor="D0N13"/>
            <port dstActor="D0N48" name="p101" srcActor="D0N13"/>
            <port dstActor="D0N39" name="p102" srcActor="D0N38"/>
            <port dstActor="D0N46" name="p103" srcActor="D0N38"/>
            <port dstActor="D0N47" name="p104" srcActor="D0N38"/>
            <port dstActor="D0N49" name="p105" srcActor="D0N38"/>
            <port dstActor="D0N27" name="p106" srcActor="D0N5"/>
            <port dstActor="D0N34" name="p107" srcActor="D0N5"/>
            <port dstActor="D0N10" name="p108" srcActor="D0N3"/>
            <port dstActor="D0N41" name="p109" srcActor="D0N3"/>
            <port dstActor="D0N49" name="p110" srcActor="D0N3"/>
            <port dstActor="D0N35" name="p111" srcActor="D0N3"/>
            <port dstActor="D0N44" name="p112" srcActor="D0N3"/>
            <port dstActor="D0N17" name="p113" srcActor="D0N3"/>
            <port dstActor="D0N38" name="p114" srcActor="D0N1"/>
            <port dstActor="D0N6" name="p115" srcActor="D0N1"/>
            <port dstActor="D0N27" name="p116" srcActor="D0N1"/>
            <port dstActor="D0N5" name="p117" srcActor="D0N1"/>
            <port dstActor="D0N31" name="p118" srcActor="D0N1"/>
            <port dstActor="D0N11" name="p119" srcActor="D0N1"/>
            <port dstActor="D0N48" name="p120" srcActor="D0N17"/>
            <port dstActor="D0N24" name="p121" srcActor="D0N17"/>
            <port dstActor="D0N44" name="p122" srcActor="D0N17"/>
            <port dstActor="D0N34" name="p123" srcActor="D0N11"/>
            <port dstActor="D0N41" name="p124" srcActor="D0N11"/>
            <port dstActor="D0N30" name="p125" srcActor="D0N11"/>
            <port dstActor="D0N37" name="p126" srcActor="D0N11"/>
        </ports>
    </mcdag>
    <cores number="3"/>
    <levels number="2"/>
</mcsystem>
