<?xml version="1.0" encoding="UTF-8" standalone="no"?>
<mcsystem>
    <mcdag deadline="1500" name="genned-0-ed-10.0-0">
        <actor name="D0N31">
            <wcet number="0">70</wcet>
            <wcet number="1">140</wcet>
            <maxpow number="0.5339420572724513"/>
            <maxpow number="0.5339420572724513"/>
            <fprob>0.0</fprob>
        </actor>
        <actor name="D0N17">
            <wcet number="0">10</wcet>
            <wcet number="1">30</wcet>
            <maxpow number="0.47820576409707993"/>
            <maxpow number="0.47820576409707993"/>
            <fprob>0.0</fprob>
        </actor>
        <actor name="D0N30">
            <wcet number="0">30</wcet>
            <wcet number="1">40</wcet>
            <maxpow number="0.7821846826997642"/>
            <maxpow number="0.7821846826997642"/>
            <fprob>0.0</fprob>
        </actor>
        <actor name="D0N29">
            <wcet number="0">130</wcet>
            <wcet number="1">160</wcet>
            <maxpow number="0.2521785716721639"/>
            <maxpow number="0.2521785716721639"/>
            <fprob>0.0</fprob>
        </actor>
        <actor name="D0N5">
            <wcet number="0">30</wcet>
            <wcet number="1">70</wcet>
            <maxpow number="0.90780293629697"/>
            <maxpow number="0.90780293629697"/>
            <fprob>0.0</fprob>
        </actor>
        <actor name="D0N38">
            <wcet number="0">90</wcet>
            <wcet number="1">90</wcet>
            <maxpow number="0.49239253918863135"/>
            <maxpow number="0.49239253918863135"/>
            <fprob>0.0</fprob>
        </actor>
        <actor name="D0N45">
            <wcet number="0">10</wcet>
            <wcet number="1">90</wcet>
            <maxpow number="0.4087821552226213"/>
            <maxpow number="0.4087821552226213"/>
            <fprob>0.0</fprob>
        </actor>
        <actor name="D0N2">
            <wcet number="0">100</wcet>
            <wcet number="1">140</wcet>
            <maxpow number="0.28987914823606825"/>
            <maxpow number="0.28987914823606825"/>
            <fprob>0.0</fprob>
        </actor>
        <actor name="D0N7">
            <wcet number="0">30</wcet>
            <wcet number="1">110</wcet>
            <maxpow number="0.3553505810935639"/>
            <maxpow number="0.3553505810935639"/>
            <fprob>0.0</fprob>
        </actor>
        <actor name="D0N24">
            <wcet number="0">40</wcet>
            <wcet number="1">350</wcet>
            <maxpow number="0.6708511132483632"/>
            <maxpow number="0.6708511132483632"/>
            <fprob>0.0</fprob>
        </actor>
        <actor name="D0N0">
            <wcet number="0">70</wcet>
            <wcet number="1">130</wcet>
            <maxpow number="0.7550432700420436"/>
            <maxpow number="0.7550432700420436"/>
            <fprob>0.0</fprob>
        </actor>
        <actor name="D0N46">
            <wcet number="0">60</wcet>
            <wcet number="1">140</wcet>
            <maxpow number="0.5918720091122435"/>
            <maxpow number="0.5918720091122435"/>
            <fprob>0.0</fprob>
        </actor>
        <actor name="D0N43">
            <wcet number="0">30</wcet>
            <wcet number="1">30</wcet>
            <maxpow number="0.4662319464690668"/>
            <maxpow number="0.4662319464690668"/>
            <fprob>0.0</fprob>
        </actor>
        <actor name="D0N39">
            <wcet number="0">220</wcet>
            <wcet number="1">310</wcet>
            <maxpow number="0.40067187257363857"/>
            <maxpow number="0.40067187257363857"/>
            <fprob>0.0</fprob>
        </actor>
        <actor name="D0N10">
            <wcet number="0">10</wcet>
            <wcet number="1">10</wcet>
            <maxpow number="0.5892997794039141"/>
            <maxpow number="0.5892997794039141"/>
            <fprob>0.0</fprob>
        </actor>
        <actor name="D0N13">
            <wcet number="0">30</wcet>
            <wcet number="1">120</wcet>
            <maxpow number="0.6969061784367966"/>
            <maxpow number="0.6969061784367966"/>
            <fprob>0.0</fprob>
        </actor>
        <actor name="D0N36">
            <wcet number="0">10</wcet>
            <wcet number="1">20</wcet>
            <maxpow number="0.7891189849088063"/>
            <maxpow number="0.7891189849088063"/>
            <fprob>0.0</fprob>
        </actor>
        <actor name="D0N6">
            <wcet number="0">80</wcet>
            <wcet number="1">100</wcet>
            <maxpow number="0.16647273406213597"/>
            <maxpow number="0.16647273406213597"/>
            <fprob>0.0</fprob>
        </actor>
        <actor name="D0N23">
            <wcet number="0">90</wcet>
            <wcet number="1">100</wcet>
            <maxpow number="0.507065039534582"/>
            <maxpow number="0.507065039534582"/>
            <fprob>0.0</fprob>
        </actor>
        <actor name="D0N20">
            <wcet number="0">10</wcet>
            <wcet number="1">50</wcet>
            <maxpow number="0.6125739962617974"/>
            <maxpow number="0.6125739962617974"/>
            <fprob>0.0</fprob>
        </actor>
        <actor name="D0N11">
            <wcet number="0">20</wcet>
            <wcet number="1">40</wcet>
            <maxpow number="0.4187215554764016"/>
            <maxpow number="0.4187215554764016"/>
            <fprob>0.0</fprob>
        </actor>
        <actor name="D0N34">
            <wcet number="0">10</wcet>
            <wcet number="1">10</wcet>
            <maxpow number="0.6738300053511356"/>
            <maxpow number="0.6738300053511356"/>
            <fprob>0.0</fprob>
        </actor>
        <actor name="D0N9">
            <wcet number="0">50</wcet>
            <wcet number="1">150</wcet>
            <maxpow number="0.7148017937924547"/>
            <maxpow number="0.7148017937924547"/>
            <fprob>0.0</fprob>
        </actor>
        <actor name="D0N3">
            <wcet number="0">30</wcet>
            <wcet number="1">30</wcet>
            <maxpow number="0.44557580584598844"/>
            <maxpow number="0.44557580584598844"/>
            <fprob>0.0</fprob>
        </actor>
        <actor name="D0N16">
            <wcet number="0">10</wcet>
            <wcet number="1">50</wcet>
            <maxpow number="0.3266457817737309"/>
            <maxpow number="0.3266457817737309"/>
            <fprob>0.0</fprob>
        </actor>
        <actor name="D0N26">
            <wcet number="0">20</wcet>
            <wcet number="1">30</wcet>
            <maxpow number="0.2825585878634637"/>
            <maxpow number="0.2825585878634637"/>
            <fprob>0.0</fprob>
        </actor>
        <actor name="D0N27">
            <wcet number="0">10</wcet>
            <wcet number="1">20</wcet>
            <maxpow number="0.5180092042469018"/>
            <maxpow number="0.5180092042469018"/>
            <fprob>0.0</fprob>
        </actor>
        <actor name="D0N18">
            <wcet number="0">260</wcet>
            <wcet number="1">340</wcet>
            <maxpow number="0.6045141423746739"/>
            <maxpow number="0.6045141423746739"/>
            <fprob>0.0</fprob>
        </actor>
        <actor name="D0N44">
            <wcet number="0">20</wcet>
            <wcet number="1">140</wcet>
            <maxpow number="0.35510671869713967"/>
            <maxpow number="0.35510671869713967"/>
            <fprob>0.0</fprob>
        </actor>
        <actor name="D0N25">
            <wcet number="0">10</wcet>
            <wcet number="1">40</wcet>
            <maxpow number="0.4345177413456243"/>
            <maxpow number="0.4345177413456243"/>
            <fprob>0.0</fprob>
        </actor>
        <actor name="D0N40">
            <wcet number="0">10</wcet>
            <wcet number="1">60</wcet>
            <maxpow number="0.5953768888173391"/>
            <maxpow number="0.5953768888173391"/>
            <fprob>0.0</fprob>
        </actor>
        <actor name="D0N42">
            <wcet number="0">20</wcet>
            <wcet number="1">20</wcet>
            <maxpow number="0.8382643538033645"/>
            <maxpow number="0.8382643538033645"/>
            <fprob>0.0</fprob>
        </actor>
        <actor name="D0N41">
            <wcet number="0">30</wcet>
            <wcet number="1">30</wcet>
            <maxpow number="0.42762142148365745"/>
            <maxpow number="0.42762142148365745"/>
            <fprob>0.0</fprob>
        </actor>
        <actor name="D0N35">
            <wcet number="0">30</wcet>
            <wcet number="1">70</wcet>
            <maxpow number="0.298357044215121"/>
            <maxpow number="0.298357044215121"/>
            <fprob>0.0</fprob>
        </actor>
        <actor name="D0N8">
            <wcet number="0">130</wcet>
            <wcet number="1">130</wcet>
            <maxpow number="0.5344348178669338"/>
            <maxpow number="0.5344348178669338"/>
            <fprob>0.0</fprob>
        </actor>
        <actor name="D0N37">
            <wcet number="0">10</wcet>
            <wcet number="1">10</wcet>
            <maxpow number="0.33691257592731294"/>
            <maxpow number="0.33691257592731294"/>
            <fprob>0.0</fprob>
        </actor>
        <actor name="D0N15">
            <wcet number="0">20</wcet>
            <wcet number="1">60</wcet>
            <maxpow number="0.6498391025544145"/>
            <maxpow number="0.6498391025544145"/>
            <fprob>0.0</fprob>
        </actor>
        <actor name="D0N33">
            <wcet number="0">10</wcet>
            <wcet number="1">40</wcet>
            <maxpow number="0.3492273068566367"/>
            <maxpow number="0.3492273068566367"/>
            <fprob>0.0</fprob>
        </actor>
        <actor name="D0N1">
            <wcet number="0">50</wcet>
            <wcet number="1">90</wcet>
            <maxpow number="-0.05128299791263069"/>
            <maxpow number="-0.05128299791263069"/>
            <fprob>0.0</fprob>
        </actor>
        <actor name="D0N4">
            <wcet number="0">30</wcet>
            <wcet number="1">80</wcet>
            <maxpow number="0.7024386074323234"/>
            <maxpow number="0.7024386074323234"/>
            <fprob>0.0</fprob>
        </actor>
        <actor name="D0N19">
            <wcet number="0">90</wcet>
            <wcet number="1">110</wcet>
            <maxpow number="0.12019361492889641"/>
            <maxpow number="0.12019361492889641"/>
            <fprob>0.0</fprob>
        </actor>
        <actor name="D0N28">
            <wcet number="0">30</wcet>
            <wcet number="1">40</wcet>
            <maxpow number="0.4167482367651361"/>
            <maxpow number="0.4167482367651361"/>
            <fprob>0.0</fprob>
        </actor>
        <actor name="D0N32">
            <wcet number="0">20</wcet>
            <wcet number="1">40</wcet>
            <maxpow number="0.6129790588286255"/>
            <maxpow number="0.6129790588286255"/>
            <fprob>0.0</fprob>
        </actor>
        <actor name="D0N12">
            <wcet number="0">40</wcet>
            <wcet number="1">120</wcet>
            <maxpow number="0.4359175973161733"/>
            <maxpow number="0.4359175973161733"/>
            <fprob>0.0</fprob>
        </actor>
        <actor name="D0N14">
            <wcet number="0">10</wcet>
            <wcet number="1">40</wcet>
            <maxpow number="0.5195209583256588"/>
            <maxpow number="0.5195209583256588"/>
            <fprob>0.0</fprob>
        </actor>
        <actor name="D0N22">
            <wcet number="0">90</wcet>
            <wcet number="1">120</wcet>
            <maxpow number="0.14428104301332384"/>
            <maxpow number="0.14428104301332384"/>
            <fprob>0.0</fprob>
        </actor>
        <actor name="D0N21">
            <wcet number="0">30</wcet>
            <wcet number="1">60</wcet>
            <maxpow number="0.778994602250201"/>
            <maxpow number="0.778994602250201"/>
            <fprob>0.0</fprob>
        </actor>
        <actor name="D0N47">
            <wcet number="0">20</wcet>
            <wcet number="1">150</wcet>
            <maxpow number="0.4018188019401526"/>
            <maxpow number="0.4018188019401526"/>
            <fprob>0.0</fprob>
        </actor>
        <ports>
            <port dstActor="D0N40" name="p0" srcActor="D0N31"/>
            <port dstActor="D0N43" name="p1" srcActor="D0N31"/>
            <port dstActor="D0N41" name="p2" srcActor="D0N17"/>
            <port dstActor="D0N25" name="p3" srcActor="D0N17"/>
            <port dstActor="D0N37" name="p4" srcActor="D0N17"/>
            <port dstActor="D0N40" name="p5" srcActor="D0N17"/>
            <port dstActor="D0N32" name="p6" srcActor="D0N30"/>
            <port dstActor="D0N34" name="p7" srcActor="D0N29"/>
            <port dstActor="D0N37" name="p8" srcActor="D0N29"/>
            <port dstActor="D0N40" name="p9" srcActor="D0N5"/>
            <port dstActor="D0N22" name="p10" srcActor="D0N5"/>
            <port dstActor="D0N25" name="p11" srcActor="D0N5"/>
            <port dstActor="D0N33" name="p12" srcActor="D0N5"/>
            <port dstActor="D0N6" name="p13" srcActor="D0N5"/>
            <port dstActor="D0N17" name="p14" srcActor="D0N5"/>
            <port dstActor="D0N47" name="p15" srcActor="D0N38"/>
            <port dstActor="D0N44" name="p16" srcActor="D0N38"/>
            <port dstActor="D0N46" name="p17" srcActor="D0N38"/>
            <port dstActor="D0N45" name="p18" srcActor="D0N38"/>
            <port dstActor="D0N46" name="p19" srcActor="D0N45"/>
            <port dstActor="D0N3" name="p20" srcActor="D0N2"/>
            <port dstActor="D0N18" name="p21" srcActor="D0N2"/>
            <port dstActor="D0N44" name="p22" srcActor="D0N2"/>
            <port dstActor="D0N45" name="p23" srcActor="D0N7"/>
            <port dstActor="D0N39" name="p24" srcActor="D0N7"/>
            <port dstActor="D0N26" name="p25" srcActor="D0N7"/>
            <port dstActor="D0N38" name="p26" srcActor="D0N24"/>
            <port dstActor="D0N35" name="p27" srcActor="D0N24"/>
            <port dstActor="D0N6" name="p28" srcActor="D0N0"/>
            <port dstActor="D0N31" name="p29" srcActor="D0N0"/>
            <port dstActor="D0N18" name="p30" srcActor="D0N0"/>
            <port dstActor="D0N27" name="p31" srcActor="D0N0"/>
            <port dstActor="D0N15" name="p32" srcActor="D0N0"/>
            <port dstActor="D0N47" name="p33" srcActor="D0N43"/>
            <port dstActor="D0N45" name="p34" srcActor="D0N43"/>
            <port dstActor="D0N19" name="p35" srcActor="D0N10"/>
            <port dstActor="D0N24" name="p36" srcActor="D0N10"/>
            <port dstActor="D0N13" name="p37" srcActor="D0N10"/>
            <port dstActor="D0N27" name="p38" srcActor="D0N10"/>
            <port dstActor="D0N34" name="p39" srcActor="D0N10"/>
            <port dstActor="D0N15" name="p40" srcActor="D0N10"/>
            <port dstActor="D0N25" name="p41" srcActor="D0N13"/>
            <port dstActor="D0N27" name="p42" srcActor="D0N13"/>
            <port dstActor="D0N45" name="p43" srcActor="D0N13"/>
            <port dstActor="D0N33" name="p44" srcActor="D0N13"/>
            <port dstActor="D0N46" name="p45" srcActor="D0N36"/>
            <port dstActor="D0N27" name="p46" srcActor="D0N6"/>
            <port dstActor="D0N45" name="p47" srcActor="D0N6"/>
            <port dstActor="D0N41" name="p48" srcActor="D0N23"/>
            <port dstActor="D0N46" name="p49" srcActor="D0N23"/>
            <port dstActor="D0N45" name="p50" srcActor="D0N23"/>
            <port dstActor="D0N21" name="p51" srcActor="D0N20"/>
            <port dstActor="D0N38" name="p52" srcActor="D0N20"/>
            <port dstActor="D0N25" name="p53" srcActor="D0N11"/>
            <port dstActor="D0N26" name="p54" srcActor="D0N9"/>
            <port dstActor="D0N16" name="p55" srcActor="D0N9"/>
            <port dstActor="D0N31" name="p56" srcActor="D0N9"/>
            <port dstActor="D0N24" name="p57" srcActor="D0N3"/>
            <port dstActor="D0N17" name="p58" srcActor="D0N3"/>
            <port dstActor="D0N22" name="p59" srcActor="D0N3"/>
            <port dstActor="D0N45" name="p60" srcActor="D0N3"/>
            <port dstActor="D0N44" name="p61" srcActor="D0N16"/>
            <port dstActor="D0N29" name="p62" srcActor="D0N16"/>
            <port dstActor="D0N24" name="p63" srcActor="D0N16"/>
            <port dstActor="D0N20" name="p64" srcActor="D0N16"/>
            <port dstActor="D0N47" name="p65" srcActor="D0N16"/>
            <port dstActor="D0N41" name="p66" srcActor="D0N26"/>
            <port dstActor="D0N31" name="p67" srcActor="D0N26"/>
            <port dstActor="D0N34" name="p68" srcActor="D0N26"/>
            <port dstActor="D0N42" name="p69" srcActor="D0N26"/>
            <port dstActor="D0N30" name="p70" srcActor="D0N27"/>
            <port dstActor="D0N38" name="p71" srcActor="D0N27"/>
            <port dstActor="D0N28" name="p72" srcActor="D0N18"/>
            <port dstActor="D0N35" name="p73" srcActor="D0N18"/>
            <port dstActor="D0N26" name="p74" srcActor="D0N25"/>
            <port dstActor="D0N46" name="p75" srcActor="D0N25"/>
            <port dstActor="D0N47" name="p76" srcActor="D0N40"/>
            <port dstActor="D0N43" name="p77" srcActor="D0N40"/>
            <port dstActor="D0N44" name="p78" srcActor="D0N41"/>
            <port dstActor="D0N45" name="p79" srcActor="D0N41"/>
            <port dstActor="D0N46" name="p80" srcActor="D0N41"/>
            <port dstActor="D0N24" name="p81" srcActor="D0N8"/>
            <port dstActor="D0N22" name="p82" srcActor="D0N8"/>
            <port dstActor="D0N9" name="p83" srcActor="D0N8"/>
            <port dstActor="D0N36" name="p84" srcActor="D0N8"/>
            <port dstActor="D0N33" name="p85" srcActor="D0N15"/>
            <port dstActor="D0N42" name="p86" srcActor="D0N1"/>
            <port dstActor="D0N39" name="p87" srcActor="D0N1"/>
            <port dstActor="D0N12" name="p88" srcActor="D0N1"/>
            <port dstActor="D0N39" name="p89" srcActor="D0N4"/>
            <port dstActor="D0N43" name="p90" srcActor="D0N4"/>
            <port dstActor="D0N17" name="p91" srcActor="D0N4"/>
            <port dstActor="D0N43" name="p92" srcActor="D0N19"/>
            <port dstActor="D0N28" name="p93" srcActor="D0N19"/>
            <port dstActor="D0N45" name="p94" srcActor="D0N28"/>
            <port dstActor="D0N40" name="p95" srcActor="D0N32"/>
            <port dstActor="D0N47" name="p96" srcActor="D0N32"/>
            <port dstActor="D0N28" name="p97" srcActor="D0N12"/>
            <port dstActor="D0N47" name="p98" srcActor="D0N12"/>
            <port dstActor="D0N14" name="p99" srcActor="D0N12"/>
            <port dstActor="D0N17" name="p100" srcActor="D0N14"/>
            <port dstActor="D0N26" name="p101" srcActor="D0N22"/>
            <port dstActor="D0N46" name="p102" srcActor="D0N22"/>
            <port dstActor="D0N28" name="p103" srcActor="D0N22"/>
            <port dstActor="D0N45" name="p104" srcActor="D0N22"/>
            <port dstActor="D0N25" name="p105" srcActor="D0N21"/>
        </ports>
    </mcdag>
    <cores number="3"/>
    <levels number="2"/>
</mcsystem>
