<?xml version="1.0" encoding="UTF-8" standalone="no"?>
<mcsystem>
    <mcdag deadline="5000" name="genned-0-ed-10.0-0">
        <actor name="D0N21">
            <wcet number="0">30</wcet>
            <wcet number="1">80</wcet>
            <maxpow number="0.663002320723815"/>
            <maxpow number="0.663002320723815"/>
            <fprob>0.0</fprob>
        </actor>
        <actor name="D0N38">
            <wcet number="0">180</wcet>
            <wcet number="1">240</wcet>
            <maxpow number="0.6130425497374214"/>
            <maxpow number="0.6130425497374214"/>
            <fprob>0.0</fprob>
        </actor>
        <actor name="D0N5">
            <wcet number="0">40</wcet>
            <wcet number="1">40</wcet>
            <maxpow number="0.6388539487224218"/>
            <maxpow number="0.6388539487224218"/>
            <fprob>0.0</fprob>
        </actor>
        <actor name="D0N34">
            <wcet number="0">60</wcet>
            <wcet number="1">260</wcet>
            <maxpow number="0.30198379069634795"/>
            <maxpow number="0.30198379069634795"/>
            <fprob>0.0</fprob>
        </actor>
        <actor name="D0N18">
            <wcet number="0">20</wcet>
            <wcet number="1">30</wcet>
            <maxpow number="0.5669476613352347"/>
            <maxpow number="0.5669476613352347"/>
            <fprob>0.0</fprob>
        </actor>
        <actor name="D0N13">
            <wcet number="0">210</wcet>
            <wcet number="1">510</wcet>
            <maxpow number="0.6395506575081975"/>
            <maxpow number="0.6395506575081975"/>
            <fprob>0.0</fprob>
        </actor>
        <actor name="D0N44">
            <wcet number="0">60</wcet>
            <wcet number="1">200</wcet>
            <maxpow number="0.3764228953529418"/>
            <maxpow number="0.3764228953529418"/>
            <fprob>0.0</fprob>
        </actor>
        <actor name="D0N45">
            <wcet number="0">100</wcet>
            <wcet number="1">110</wcet>
            <maxpow number="0.45918416416041097"/>
            <maxpow number="0.45918416416041097"/>
            <fprob>0.0</fprob>
        </actor>
        <actor name="D0N40">
            <wcet number="0">120</wcet>
            <wcet number="1">400</wcet>
            <maxpow number="0.523893966907545"/>
            <maxpow number="0.523893966907545"/>
            <fprob>0.0</fprob>
        </actor>
        <actor name="D0N20">
            <wcet number="0">80</wcet>
            <wcet number="1">180</wcet>
            <maxpow number="0.5031198529741991"/>
            <maxpow number="0.5031198529741991"/>
            <fprob>0.0</fprob>
        </actor>
        <actor name="D0N0">
            <wcet number="0">60</wcet>
            <wcet number="1">490</wcet>
            <maxpow number="0.2123475720401775"/>
            <maxpow number="0.2123475720401775"/>
            <fprob>0.0</fprob>
        </actor>
        <actor name="D0N30">
            <wcet number="0">450</wcet>
            <wcet number="1">1080</wcet>
            <maxpow number="0.7335170866080921"/>
            <maxpow number="0.7335170866080921"/>
            <fprob>0.0</fprob>
        </actor>
        <actor name="D0N48">
            <wcet number="0">30</wcet>
            <wcet number="1">30</wcet>
            <maxpow number="0.06346087013642532"/>
            <maxpow number="0.06346087013642532"/>
            <fprob>0.0</fprob>
        </actor>
        <actor name="D0N28">
            <wcet number="0">50</wcet>
            <wcet number="1">150</wcet>
            <maxpow number="0.4146708973119577"/>
            <maxpow number="0.4146708973119577"/>
            <fprob>0.0</fprob>
        </actor>
        <actor name="D0N10">
            <wcet number="0">90</wcet>
            <wcet number="1">110</wcet>
            <maxpow number="0.5879011445373385"/>
            <maxpow number="0.5879011445373385"/>
            <fprob>0.0</fprob>
        </actor>
        <actor name="D0N22">
            <wcet number="0">200</wcet>
            <wcet number="1">220</wcet>
            <maxpow number="0.36353564885144796"/>
            <maxpow number="0.36353564885144796"/>
            <fprob>0.0</fprob>
        </actor>
        <actor name="D0N49">
            <wcet number="0">110</wcet>
            <wcet number="1">980</wcet>
            <maxpow number="0.5319440103878276"/>
            <maxpow number="0.5319440103878276"/>
            <fprob>0.0</fprob>
        </actor>
        <actor name="D0N14">
            <wcet number="0">70</wcet>
            <wcet number="1">190</wcet>
            <maxpow number="0.6619854015611178"/>
            <maxpow number="0.6619854015611178"/>
            <fprob>0.0</fprob>
        </actor>
        <actor name="D0N35">
            <wcet number="0">260</wcet>
            <wcet number="1">490</wcet>
            <maxpow number="0.7476942973165694"/>
            <maxpow number="0.7476942973165694"/>
            <fprob>0.0</fprob>
        </actor>
        <actor name="D0N8">
            <wcet number="0">160</wcet>
            <wcet number="1">230</wcet>
            <maxpow number="0.6426797373355543"/>
            <maxpow number="0.6426797373355543"/>
            <fprob>0.0</fprob>
        </actor>
        <actor name="D0N37">
            <wcet number="0">10</wcet>
            <wcet number="1">10</wcet>
            <maxpow number="0.4950492609457424"/>
            <maxpow number="0.4950492609457424"/>
            <fprob>0.0</fprob>
        </actor>
        <actor name="D0N31">
            <wcet number="0">20</wcet>
            <wcet number="1">130</wcet>
            <maxpow number="0.4937812617133694"/>
            <maxpow number="0.4937812617133694"/>
            <fprob>0.0</fprob>
        </actor>
        <actor name="D0N41">
            <wcet number="0">20</wcet>
            <wcet number="1">20</wcet>
            <maxpow number="0.7431221937737414"/>
            <maxpow number="0.7431221937737414"/>
            <fprob>0.0</fprob>
        </actor>
        <actor name="D0N23">
            <wcet number="0">50</wcet>
            <wcet number="1">300</wcet>
            <maxpow number="0.5201676792864849"/>
            <maxpow number="0.5201676792864849"/>
            <fprob>0.0</fprob>
        </actor>
        <actor name="D0N25">
            <wcet number="0">30</wcet>
            <wcet number="1">50</wcet>
            <maxpow number="0.6249154430220965"/>
            <maxpow number="0.6249154430220965"/>
            <fprob>0.0</fprob>
        </actor>
        <actor name="D0N9">
            <wcet number="0">10</wcet>
            <wcet number="1">20</wcet>
            <maxpow number="0.42357545941943187"/>
            <maxpow number="0.42357545941943187"/>
            <fprob>0.0</fprob>
        </actor>
        <actor name="D0N6">
            <wcet number="0">70</wcet>
            <wcet number="1">80</wcet>
            <maxpow number="0.6427464861802861"/>
            <maxpow number="0.6427464861802861"/>
            <fprob>0.0</fprob>
        </actor>
        <actor name="D0N33">
            <wcet number="0">40</wcet>
            <wcet number="1">50</wcet>
            <maxpow number="0.2910683587242196"/>
            <maxpow number="0.2910683587242196"/>
            <fprob>0.0</fprob>
        </actor>
        <actor name="D0N16">
            <wcet number="0">10</wcet>
            <wcet number="1">30</wcet>
            <maxpow number="0.3105744369486566"/>
            <maxpow number="0.3105744369486566"/>
            <fprob>0.0</fprob>
        </actor>
        <actor name="D0N36">
            <wcet number="0">60</wcet>
            <wcet number="1">140</wcet>
            <maxpow number="0.6191545790518824"/>
            <maxpow number="0.6191545790518824"/>
            <fprob>0.0</fprob>
        </actor>
        <actor name="D0N3">
            <wcet number="0">60</wcet>
            <wcet number="1">450</wcet>
            <maxpow number="1.1022104274111975"/>
            <maxpow number="1.1022104274111975"/>
            <fprob>0.0</fprob>
        </actor>
        <actor name="D0N39">
            <wcet number="0">460</wcet>
            <wcet number="1">520</wcet>
            <maxpow number="0.5945417972745444"/>
            <maxpow number="0.5945417972745444"/>
            <fprob>0.0</fprob>
        </actor>
        <actor name="D0N29">
            <wcet number="0">10</wcet>
            <wcet number="1">70</wcet>
            <maxpow number="0.6036292278183486"/>
            <maxpow number="0.6036292278183486"/>
            <fprob>0.0</fprob>
        </actor>
        <actor name="D0N1">
            <wcet number="0">200</wcet>
            <wcet number="1">280</wcet>
            <maxpow number="0.5775123141779509"/>
            <maxpow number="0.5775123141779509"/>
            <fprob>0.0</fprob>
        </actor>
        <actor name="D0N15">
            <wcet number="0">10</wcet>
            <wcet number="1">40</wcet>
            <maxpow number="0.7005181364400763"/>
            <maxpow number="0.7005181364400763"/>
            <fprob>0.0</fprob>
        </actor>
        <actor name="D0N11">
            <wcet number="0">290</wcet>
            <wcet number="1">350</wcet>
            <maxpow number="0.7579109492050082"/>
            <maxpow number="0.7579109492050082"/>
            <fprob>0.0</fprob>
        </actor>
        <actor name="D0N4">
            <wcet number="0">50</wcet>
            <wcet number="1">130</wcet>
            <maxpow number="0.5495320794811054"/>
            <maxpow number="0.5495320794811054"/>
            <fprob>0.0</fprob>
        </actor>
        <actor name="D0N43">
            <wcet number="0">110</wcet>
            <wcet number="1">220</wcet>
            <maxpow number="0.36868406193532144"/>
            <maxpow number="0.36868406193532144"/>
            <fprob>0.0</fprob>
        </actor>
        <actor name="D0N32">
            <wcet number="0">50</wcet>
            <wcet number="1">90</wcet>
            <maxpow number="0.49589469704621164"/>
            <maxpow number="0.49589469704621164"/>
            <fprob>0.0</fprob>
        </actor>
        <actor name="D0N2">
            <wcet number="0">90</wcet>
            <wcet number="1">180</wcet>
            <maxpow number="0.5311592001600965"/>
            <maxpow number="0.5311592001600965"/>
            <fprob>0.0</fprob>
        </actor>
        <actor name="D0N26">
            <wcet number="0">130</wcet>
            <wcet number="1">180</wcet>
            <maxpow number="0.46612045646220424"/>
            <maxpow number="0.46612045646220424"/>
            <fprob>0.0</fprob>
        </actor>
        <actor name="D0N27">
            <wcet number="0">350</wcet>
            <wcet number="1">780</wcet>
            <maxpow number="0.45735607259938366"/>
            <maxpow number="0.45735607259938366"/>
            <fprob>0.0</fprob>
        </actor>
        <actor name="D0N47">
            <wcet number="0">40</wcet>
            <wcet number="1">140</wcet>
            <maxpow number="0.6749562232772048"/>
            <maxpow number="0.6749562232772048"/>
            <fprob>0.0</fprob>
        </actor>
        <actor name="D0N7">
            <wcet number="0">10</wcet>
            <wcet number="1">270</wcet>
            <maxpow number="0.40337433966529423"/>
            <maxpow number="0.40337433966529423"/>
            <fprob>0.0</fprob>
        </actor>
        <actor name="D0N12">
            <wcet number="0">190</wcet>
            <wcet number="1">230</wcet>
            <maxpow number="0.6774307084558434"/>
            <maxpow number="0.6774307084558434"/>
            <fprob>0.0</fprob>
        </actor>
        <actor name="D0N46">
            <wcet number="0">710</wcet>
            <wcet number="1">710</wcet>
            <maxpow number="0.4018056910391443"/>
            <maxpow number="0.4018056910391443"/>
            <fprob>0.0</fprob>
        </actor>
        <actor name="D0N17">
            <wcet number="0">70</wcet>
            <wcet number="1">80</wcet>
            <maxpow number="0.5736406593771384"/>
            <maxpow number="0.5736406593771384"/>
            <fprob>0.0</fprob>
        </actor>
        <actor name="D0N42">
            <wcet number="0">120</wcet>
            <wcet number="1">210</wcet>
            <maxpow number="0.5734856301146691"/>
            <maxpow number="0.5734856301146691"/>
            <fprob>0.0</fprob>
        </actor>
        <actor name="D0N24">
            <wcet number="0">20</wcet>
            <wcet number="1">140</wcet>
            <maxpow number="0.2491813842546945"/>
            <maxpow number="0.2491813842546945"/>
            <fprob>0.0</fprob>
        </actor>
        <actor name="D0N19">
            <wcet number="0">80</wcet>
            <wcet number="1">80</wcet>
            <maxpow number="0.5115916161074634"/>
            <maxpow number="0.5115916161074634"/>
            <fprob>0.0</fprob>
        </actor>
        <ports>
            <port dstActor="D0N35" name="p0" srcActor="D0N21"/>
            <port dstActor="D0N46" name="p1" srcActor="D0N21"/>
            <port dstActor="D0N37" name="p2" srcActor="D0N5"/>
            <port dstActor="D0N26" name="p3" srcActor="D0N5"/>
            <port dstActor="D0N40" name="p4" srcActor="D0N5"/>
            <port dstActor="D0N27" name="p5" srcActor="D0N5"/>
            <port dstActor="D0N42" name="p6" srcActor="D0N5"/>
            <port dstActor="D0N14" name="p7" srcActor="D0N5"/>
            <port dstActor="D0N38" name="p8" srcActor="D0N34"/>
            <port dstActor="D0N37" name="p9" srcActor="D0N34"/>
            <port dstActor="D0N35" name="p10" srcActor="D0N34"/>
            <port dstActor="D0N49" name="p11" srcActor="D0N18"/>
            <port dstActor="D0N27" name="p12" srcActor="D0N18"/>
            <port dstActor="D0N29" name="p13" srcActor="D0N18"/>
            <port dstActor="D0N37" name="p14" srcActor="D0N18"/>
            <port dstActor="D0N42" name="p15" srcActor="D0N13"/>
            <port dstActor="D0N30" name="p16" srcActor="D0N13"/>
            <port dstActor="D0N23" name="p17" srcActor="D0N13"/>
            <port dstActor="D0N22" name="p18" srcActor="D0N13"/>
            <port dstActor="D0N47" name="p19" srcActor="D0N44"/>
            <port dstActor="D0N48" name="p20" srcActor="D0N45"/>
            <port dstActor="D0N47" name="p21" srcActor="D0N40"/>
            <port dstActor="D0N46" name="p22" srcActor="D0N20"/>
            <port dstActor="D0N43" name="p23" srcActor="D0N20"/>
            <port dstActor="D0N41" name="p24" srcActor="D0N30"/>
            <port dstActor="D0N35" name="p25" srcActor="D0N30"/>
            <port dstActor="D0N36" name="p26" srcActor="D0N30"/>
            <port dstActor="D0N49" name="p27" srcActor="D0N48"/>
            <port dstActor="D0N31" name="p28" srcActor="D0N28"/>
            <port dstActor="D0N43" name="p29" srcActor="D0N28"/>
            <port dstActor="D0N49" name="p30" srcActor="D0N28"/>
            <port dstActor="D0N17" name="p31" srcActor="D0N10"/>
            <port dstActor="D0N35" name="p32" srcActor="D0N10"/>
            <port dstActor="D0N37" name="p33" srcActor="D0N10"/>
            <port dstActor="D0N47" name="p34" srcActor="D0N10"/>
            <port dstActor="D0N21" name="p35" srcActor="D0N10"/>
            <port dstActor="D0N31" name="p36" srcActor="D0N10"/>
            <port dstActor="D0N47" name="p37" srcActor="D0N22"/>
            <port dstActor="D0N41" name="p38" srcActor="D0N14"/>
            <port dstActor="D0N47" name="p39" srcActor="D0N14"/>
            <port dstActor="D0N39" name="p40" srcActor="D0N14"/>
            <port dstActor="D0N41" name="p41" srcActor="D0N35"/>
            <port dstActor="D0N44" name="p42" srcActor="D0N35"/>
            <port dstActor="D0N30" name="p43" srcActor="D0N8"/>
            <port dstActor="D0N36" name="p44" srcActor="D0N8"/>
            <port dstActor="D0N38" name="p45" srcActor="D0N37"/>
            <port dstActor="D0N47" name="p46" srcActor="D0N41"/>
            <port dstActor="D0N46" name="p47" srcActor="D0N41"/>
            <port dstActor="D0N47" name="p48" srcActor="D0N25"/>
            <port dstActor="D0N45" name="p49" srcActor="D0N9"/>
            <port dstActor="D0N17" name="p50" srcActor="D0N9"/>
            <port dstActor="D0N30" name="p51" srcActor="D0N9"/>
            <port dstActor="D0N12" name="p52" srcActor="D0N9"/>
            <port dstActor="D0N44" name="p53" srcActor="D0N6"/>
            <port dstActor="D0N41" name="p54" srcActor="D0N6"/>
            <port dstActor="D0N43" name="p55" srcActor="D0N6"/>
            <port dstActor="D0N22" name="p56" srcActor="D0N6"/>
            <port dstActor="D0N27" name="p57" srcActor="D0N16"/>
            <port dstActor="D0N28" name="p58" srcActor="D0N16"/>
            <port dstActor="D0N24" name="p59" srcActor="D0N16"/>
            <port dstActor="D0N41" name="p60" srcActor="D0N36"/>
            <port dstActor="D0N38" name="p61" srcActor="D0N36"/>
            <port dstActor="D0N45" name="p62" srcActor="D0N3"/>
            <port dstActor="D0N4" name="p63" srcActor="D0N3"/>
            <port dstActor="D0N6" name="p64" srcActor="D0N3"/>
            <port dstActor="D0N18" name="p65" srcActor="D0N3"/>
            <port dstActor="D0N46" name="p66" srcActor="D0N3"/>
            <port dstActor="D0N47" name="p67" srcActor="D0N39"/>
            <port dstActor="D0N46" name="p68" srcActor="D0N39"/>
            <port dstActor="D0N41" name="p69" srcActor="D0N39"/>
            <port dstActor="D0N38" name="p70" srcActor="D0N29"/>
            <port dstActor="D0N42" name="p71" srcActor="D0N29"/>
            <port dstActor="D0N37" name="p72" srcActor="D0N29"/>
            <port dstActor="D0N46" name="p73" srcActor="D0N29"/>
            <port dstActor="D0N32" name="p74" srcActor="D0N1"/>
            <port dstActor="D0N42" name="p75" srcActor="D0N1"/>
            <port dstActor="D0N34" name="p76" srcActor="D0N1"/>
            <port dstActor="D0N40" name="p77" srcActor="D0N15"/>
            <port dstActor="D0N38" name="p78" srcActor="D0N11"/>
            <port dstActor="D0N27" name="p79" srcActor="D0N11"/>
            <port dstActor="D0N36" name="p80" srcActor="D0N11"/>
            <port dstActor="D0N14" name="p81" srcActor="D0N4"/>
            <port dstActor="D0N34" name="p82" srcActor="D0N4"/>
            <port dstActor="D0N13" name="p83" srcActor="D0N4"/>
            <port dstActor="D0N41" name="p84" srcActor="D0N4"/>
            <port dstActor="D0N25" name="p85" srcActor="D0N4"/>
            <port dstActor="D0N38" name="p86" srcActor="D0N4"/>
            <port dstActor="D0N12" name="p87" srcActor="D0N4"/>
            <port dstActor="D0N48" name="p88" srcActor="D0N43"/>
            <port dstActor="D0N43" name="p89" srcActor="D0N32"/>
            <port dstActor="D0N46" name="p90" srcActor="D0N32"/>
            <port dstActor="D0N9" name="p91" srcActor="D0N2"/>
            <port dstActor="D0N21" name="p92" srcActor="D0N2"/>
            <port dstActor="D0N12" name="p93" srcActor="D0N2"/>
            <port dstActor="D0N42" name="p94" srcActor="D0N26"/>
            <port dstActor="D0N48" name="p95" srcActor="D0N47"/>
            <port dstActor="D0N39" name="p96" srcActor="D0N7"/>
            <port dstActor="D0N27" name="p97" srcActor="D0N7"/>
            <port dstActor="D0N22" name="p98" srcActor="D0N12"/>
            <port dstActor="D0N42" name="p99" srcActor="D0N12"/>
            <port dstActor="D0N36" name="p100" srcActor="D0N12"/>
            <port dstActor="D0N44" name="p101" srcActor="D0N17"/>
            <port dstActor="D0N41" name="p102" srcActor="D0N17"/>
            <port dstActor="D0N32" name="p103" srcActor="D0N17"/>
            <port dstActor="D0N41" name="p104" srcActor="D0N19"/>
            <port dstActor="D0N48" name="p105" srcActor="D0N19"/>
            <port dstActor="D0N40" name="p106" srcActor="D0N19"/>
            <port dstActor="D0N49" name="p107" srcActor="D0N19"/>
            <port dstActor="D0N23" name="p108" srcActor="D0N19"/>
            <port dstActor="D0N31" name="p109" srcActor="D0N19"/>
            <port dstActor="D0N35" name="p110" srcActor="D0N19"/>
        </ports>
    </mcdag>
    <cores number="3"/>
    <levels number="2"/>
</mcsystem>
