<?xml version="1.0" encoding="UTF-8" standalone="no"?>
<mcsystem>
    <mcdag deadline="1200" name="genned-0-ed-10.0-0">
        <actor name="D0N2">
            <wcet number="0">30</wcet>
            <wcet number="1">30</wcet>
            <maxpow number="0.43272839286491427"/>
            <maxpow number="0.43272839286491427"/>
            <fprob>0.0</fprob>
        </actor>
        <actor name="D0N10">
            <wcet number="0">30</wcet>
            <wcet number="1">50</wcet>
            <maxpow number="0.006668275760974951"/>
            <maxpow number="0.006668275760974951"/>
            <fprob>0.0</fprob>
        </actor>
        <actor name="D0N9">
            <wcet number="0">10</wcet>
            <wcet number="1">40</wcet>
            <maxpow number="0.5620502449343954"/>
            <maxpow number="0.5620502449343954"/>
            <fprob>0.0</fprob>
        </actor>
        <actor name="D0N14">
            <wcet number="0">20</wcet>
            <wcet number="1">60</wcet>
            <maxpow number="0.7479841020245436"/>
            <maxpow number="0.7479841020245436"/>
            <fprob>0.0</fprob>
        </actor>
        <actor name="D0N26">
            <wcet number="0">10</wcet>
            <wcet number="1">10</wcet>
            <maxpow number="0.4847962480423709"/>
            <maxpow number="0.4847962480423709"/>
            <fprob>0.0</fprob>
        </actor>
        <actor name="D0N20">
            <wcet number="0">10</wcet>
            <wcet number="1">10</wcet>
            <maxpow number="0.5966795157622011"/>
            <maxpow number="0.5966795157622011"/>
            <fprob>0.0</fprob>
        </actor>
        <actor name="D0N28">
            <wcet number="0">10</wcet>
            <wcet number="1">110</wcet>
            <maxpow number="0.2838802823403852"/>
            <maxpow number="0.2838802823403852"/>
            <fprob>0.0</fprob>
        </actor>
        <actor name="D0N15">
            <wcet number="0">10</wcet>
            <wcet number="1">10</wcet>
            <maxpow number="0.43731810430311696"/>
            <maxpow number="0.43731810430311696"/>
            <fprob>0.0</fprob>
        </actor>
        <actor name="D0N17">
            <wcet number="0">30</wcet>
            <wcet number="1">40</wcet>
            <maxpow number="0.6396426532042658"/>
            <maxpow number="0.6396426532042658"/>
            <fprob>0.0</fprob>
        </actor>
        <actor name="D0N34">
            <wcet number="0">20</wcet>
            <wcet number="1">20</wcet>
            <maxpow number="0.581865038419136"/>
            <maxpow number="0.581865038419136"/>
            <fprob>0.0</fprob>
        </actor>
        <actor name="D0N30">
            <wcet number="0">10</wcet>
            <wcet number="1">10</wcet>
            <maxpow number="0.7773660354356055"/>
            <maxpow number="0.7773660354356055"/>
            <fprob>0.0</fprob>
        </actor>
        <actor name="D0N35">
            <wcet number="0">150</wcet>
            <wcet number="1">210</wcet>
            <maxpow number="0.3859399005975468"/>
            <maxpow number="0.3859399005975468"/>
            <fprob>0.0</fprob>
        </actor>
        <actor name="D0N36">
            <wcet number="0">20</wcet>
            <wcet number="1">20</wcet>
            <maxpow number="0.5947826029033748"/>
            <maxpow number="0.5947826029033748"/>
            <fprob>0.0</fprob>
        </actor>
        <actor name="D0N7">
            <wcet number="0">60</wcet>
            <wcet number="1">160</wcet>
            <maxpow number="0.35102482693551584"/>
            <maxpow number="0.35102482693551584"/>
            <fprob>0.0</fprob>
        </actor>
        <actor name="D0N6">
            <wcet number="0">10</wcet>
            <wcet number="1">30</wcet>
            <maxpow number="0.4291497254570309"/>
            <maxpow number="0.4291497254570309"/>
            <fprob>0.0</fprob>
        </actor>
        <actor name="D0N16">
            <wcet number="0">100</wcet>
            <wcet number="1">130</wcet>
            <maxpow number="0.4795551606663447"/>
            <maxpow number="0.4795551606663447"/>
            <fprob>0.0</fprob>
        </actor>
        <actor name="D0N18">
            <wcet number="0">20</wcet>
            <wcet number="1">100</wcet>
            <maxpow number="0.2787368097449365"/>
            <maxpow number="0.2787368097449365"/>
            <fprob>0.0</fprob>
        </actor>
        <actor name="D0N23">
            <wcet number="0">60</wcet>
            <wcet number="1">100</wcet>
            <maxpow number="0.5889776402201881"/>
            <maxpow number="0.5889776402201881"/>
            <fprob>0.0</fprob>
        </actor>
        <actor name="D0N37">
            <wcet number="0">30</wcet>
            <wcet number="1">160</wcet>
            <maxpow number="0.44758240423718354"/>
            <maxpow number="0.44758240423718354"/>
            <fprob>0.0</fprob>
        </actor>
        <actor name="D0N8">
            <wcet number="0">10</wcet>
            <wcet number="1">20</wcet>
            <maxpow number="0.5406646566848612"/>
            <maxpow number="0.5406646566848612"/>
            <fprob>0.0</fprob>
        </actor>
        <actor name="D0N13">
            <wcet number="0">80</wcet>
            <wcet number="1">90</wcet>
            <maxpow number="0.3299317190807081"/>
            <maxpow number="0.3299317190807081"/>
            <fprob>0.0</fprob>
        </actor>
        <actor name="D0N39">
            <wcet number="0">20</wcet>
            <wcet number="1">20</wcet>
            <maxpow number="0.4681505163641262"/>
            <maxpow number="0.4681505163641262"/>
            <fprob>0.0</fprob>
        </actor>
        <actor name="D0N22">
            <wcet number="0">10</wcet>
            <wcet number="1">40</wcet>
            <maxpow number="0.4920609757270577"/>
            <maxpow number="0.4920609757270577"/>
            <fprob>0.0</fprob>
        </actor>
        <actor name="D0N31">
            <wcet number="0">10</wcet>
            <wcet number="1">30</wcet>
            <maxpow number="0.6788177263400254"/>
            <maxpow number="0.6788177263400254"/>
            <fprob>0.0</fprob>
        </actor>
        <actor name="D0N44">
            <wcet number="0">40</wcet>
            <wcet number="1">50</wcet>
            <maxpow number="0.5518363051870901"/>
            <maxpow number="0.5518363051870901"/>
            <fprob>0.0</fprob>
        </actor>
        <actor name="D0N41">
            <wcet number="0">20</wcet>
            <wcet number="1">180</wcet>
            <maxpow number="0.3810559938461612"/>
            <maxpow number="0.3810559938461612"/>
            <fprob>0.0</fprob>
        </actor>
        <actor name="D0N42">
            <wcet number="0">10</wcet>
            <wcet number="1">10</wcet>
            <maxpow number="0.790285225081118"/>
            <maxpow number="0.790285225081118"/>
            <fprob>0.0</fprob>
        </actor>
        <actor name="D0N43">
            <wcet number="0">10</wcet>
            <wcet number="1">10</wcet>
            <maxpow number="0.7508755562715521"/>
            <maxpow number="0.7508755562715521"/>
            <fprob>0.0</fprob>
        </actor>
        <actor name="D0N1">
            <wcet number="0">20</wcet>
            <wcet number="1">30</wcet>
            <maxpow number="0.5734937478628317"/>
            <maxpow number="0.5734937478628317"/>
            <fprob>0.0</fprob>
        </actor>
        <actor name="D0N38">
            <wcet number="0">20</wcet>
            <wcet number="1">20</wcet>
            <maxpow number="0.4894723548611764"/>
            <maxpow number="0.4894723548611764"/>
            <fprob>0.0</fprob>
        </actor>
        <actor name="D0N0">
            <wcet number="0">10</wcet>
            <wcet number="1">10</wcet>
            <maxpow number="0.4926550807216473"/>
            <maxpow number="0.4926550807216473"/>
            <fprob>0.0</fprob>
        </actor>
        <actor name="D0N5">
            <wcet number="0">10</wcet>
            <wcet number="1">10</wcet>
            <maxpow number="0.4485127627317037"/>
            <maxpow number="0.4485127627317037"/>
            <fprob>0.0</fprob>
        </actor>
        <actor name="D0N29">
            <wcet number="0">10</wcet>
            <wcet number="1">20</wcet>
            <maxpow number="0.8032224802575445"/>
            <maxpow number="0.8032224802575445"/>
            <fprob>0.0</fprob>
        </actor>
        <actor name="D0N40">
            <wcet number="0">10</wcet>
            <wcet number="1">20</wcet>
            <maxpow number="0.5206797929394911"/>
            <maxpow number="0.5206797929394911"/>
            <fprob>0.0</fprob>
        </actor>
        <actor name="D0N3">
            <wcet number="0">200</wcet>
            <wcet number="1">260</wcet>
            <maxpow number="0.5193505866320334"/>
            <maxpow number="0.5193505866320334"/>
            <fprob>0.0</fprob>
        </actor>
        <actor name="D0N25">
            <wcet number="0">50</wcet>
            <wcet number="1">110</wcet>
            <maxpow number="0.39103330451089613"/>
            <maxpow number="0.39103330451089613"/>
            <fprob>0.0</fprob>
        </actor>
        <actor name="D0N11">
            <wcet number="0">20</wcet>
            <wcet number="1">50</wcet>
            <maxpow number="0.35905108072846326"/>
            <maxpow number="0.35905108072846326"/>
            <fprob>0.0</fprob>
        </actor>
        <actor name="D0N12">
            <wcet number="0">20</wcet>
            <wcet number="1">90</wcet>
            <maxpow number="0.4100371283582804"/>
            <maxpow number="0.4100371283582804"/>
            <fprob>0.0</fprob>
        </actor>
        <actor name="D0N19">
            <wcet number="0">160</wcet>
            <wcet number="1">180</wcet>
            <maxpow number="0.3291304901789818"/>
            <maxpow number="0.3291304901789818"/>
            <fprob>0.0</fprob>
        </actor>
        <actor name="D0N32">
            <wcet number="0">50</wcet>
            <wcet number="1">60</wcet>
            <maxpow number="0.2891657740097321"/>
            <maxpow number="0.2891657740097321"/>
            <fprob>0.0</fprob>
        </actor>
        <actor name="D0N33">
            <wcet number="0">30</wcet>
            <wcet number="1">190</wcet>
            <maxpow number="0.41896851533439916"/>
            <maxpow number="0.41896851533439916"/>
            <fprob>0.0</fprob>
        </actor>
        <actor name="D0N24">
            <wcet number="0">10</wcet>
            <wcet number="1">10</wcet>
            <maxpow number="0.6136401553425169"/>
            <maxpow number="0.6136401553425169"/>
            <fprob>0.0</fprob>
        </actor>
        <actor name="D0N21">
            <wcet number="0">10</wcet>
            <wcet number="1">20</wcet>
            <maxpow number="0.7076343654802074"/>
            <maxpow number="0.7076343654802074"/>
            <fprob>0.0</fprob>
        </actor>
        <actor name="D0N4">
            <wcet number="0">10</wcet>
            <wcet number="1">30</wcet>
            <maxpow number="0.44349399093699854"/>
            <maxpow number="0.44349399093699854"/>
            <fprob>0.0</fprob>
        </actor>
        <actor name="D0N27">
            <wcet number="0">10</wcet>
            <wcet number="1">20</wcet>
            <maxpow number="0.3381688240125051"/>
            <maxpow number="0.3381688240125051"/>
            <fprob>0.0</fprob>
        </actor>
        <ports>
            <port dstActor="D0N33" name="p0" srcActor="D0N2"/>
            <port dstActor="D0N38" name="p1" srcActor="D0N2"/>
            <port dstActor="D0N34" name="p2" srcActor="D0N2"/>
            <port dstActor="D0N6" name="p3" srcActor="D0N2"/>
            <port dstActor="D0N4" name="p4" srcActor="D0N2"/>
            <port dstActor="D0N12" name="p5" srcActor="D0N2"/>
            <port dstActor="D0N43" name="p6" srcActor="D0N2"/>
            <port dstActor="D0N29" name="p7" srcActor="D0N2"/>
            <port dstActor="D0N37" name="p8" srcActor="D0N2"/>
            <port dstActor="D0N39" name="p9" srcActor="D0N10"/>
            <port dstActor="D0N23" name="p10" srcActor="D0N10"/>
            <port dstActor="D0N43" name="p11" srcActor="D0N9"/>
            <port dstActor="D0N23" name="p12" srcActor="D0N9"/>
            <port dstActor="D0N37" name="p13" srcActor="D0N14"/>
            <port dstActor="D0N18" name="p14" srcActor="D0N14"/>
            <port dstActor="D0N21" name="p15" srcActor="D0N14"/>
            <port dstActor="D0N22" name="p16" srcActor="D0N20"/>
            <port dstActor="D0N40" name="p17" srcActor="D0N20"/>
            <port dstActor="D0N26" name="p18" srcActor="D0N20"/>
            <port dstActor="D0N40" name="p19" srcActor="D0N15"/>
            <port dstActor="D0N22" name="p20" srcActor="D0N15"/>
            <port dstActor="D0N31" name="p21" srcActor="D0N15"/>
            <port dstActor="D0N31" name="p22" srcActor="D0N17"/>
            <port dstActor="D0N32" name="p23" srcActor="D0N17"/>
            <port dstActor="D0N26" name="p24" srcActor="D0N17"/>
            <port dstActor="D0N36" name="p25" srcActor="D0N34"/>
            <port dstActor="D0N31" name="p26" srcActor="D0N30"/>
            <port dstActor="D0N44" name="p27" srcActor="D0N35"/>
            <port dstActor="D0N42" name="p28" srcActor="D0N36"/>
            <port dstActor="D0N24" name="p29" srcActor="D0N7"/>
            <port dstActor="D0N19" name="p30" srcActor="D0N7"/>
            <port dstActor="D0N43" name="p31" srcActor="D0N7"/>
            <port dstActor="D0N15" name="p32" srcActor="D0N7"/>
            <port dstActor="D0N42" name="p33" srcActor="D0N7"/>
            <port dstActor="D0N12" name="p34" srcActor="D0N7"/>
            <port dstActor="D0N40" name="p35" srcActor="D0N7"/>
            <port dstActor="D0N13" name="p36" srcActor="D0N6"/>
            <port dstActor="D0N28" name="p37" srcActor="D0N6"/>
            <port dstActor="D0N43" name="p38" srcActor="D0N6"/>
            <port dstActor="D0N17" name="p39" srcActor="D0N6"/>
            <port dstActor="D0N11" name="p40" srcActor="D0N6"/>
            <port dstActor="D0N20" name="p41" srcActor="D0N6"/>
            <port dstActor="D0N27" name="p42" srcActor="D0N6"/>
            <port dstActor="D0N31" name="p43" srcActor="D0N16"/>
            <port dstActor="D0N37" name="p44" srcActor="D0N16"/>
            <port dstActor="D0N40" name="p45" srcActor="D0N16"/>
            <port dstActor="D0N32" name="p46" srcActor="D0N18"/>
            <port dstActor="D0N34" name="p47" srcActor="D0N18"/>
            <port dstActor="D0N44" name="p48" srcActor="D0N23"/>
            <port dstActor="D0N27" name="p49" srcActor="D0N23"/>
            <port dstActor="D0N28" name="p50" srcActor="D0N23"/>
            <port dstActor="D0N39" name="p51" srcActor="D0N37"/>
            <port dstActor="D0N34" name="p52" srcActor="D0N8"/>
            <port dstActor="D0N32" name="p53" srcActor="D0N8"/>
            <port dstActor="D0N20" name="p54" srcActor="D0N8"/>
            <port dstActor="D0N24" name="p55" srcActor="D0N8"/>
            <port dstActor="D0N26" name="p56" srcActor="D0N8"/>
            <port dstActor="D0N32" name="p57" srcActor="D0N13"/>
            <port dstActor="D0N33" name="p58" srcActor="D0N13"/>
            <port dstActor="D0N19" name="p59" srcActor="D0N13"/>
            <port dstActor="D0N27" name="p60" srcActor="D0N13"/>
            <port dstActor="D0N43" name="p61" srcActor="D0N22"/>
            <port dstActor="D0N44" name="p62" srcActor="D0N22"/>
            <port dstActor="D0N38" name="p63" srcActor="D0N22"/>
            <port dstActor="D0N44" name="p64" srcActor="D0N31"/>
            <port dstActor="D0N42" name="p65" srcActor="D0N31"/>
            <port dstActor="D0N39" name="p66" srcActor="D0N31"/>
            <port dstActor="D0N43" name="p67" srcActor="D0N42"/>
            <port dstActor="D0N26" name="p68" srcActor="D0N1"/>
            <port dstActor="D0N29" name="p69" srcActor="D0N1"/>
            <port dstActor="D0N43" name="p70" srcActor="D0N1"/>
            <port dstActor="D0N15" name="p71" srcActor="D0N1"/>
            <port dstActor="D0N10" name="p72" srcActor="D0N1"/>
            <port dstActor="D0N9" name="p73" srcActor="D0N1"/>
            <port dstActor="D0N35" name="p74" srcActor="D0N1"/>
            <port dstActor="D0N22" name="p75" srcActor="D0N0"/>
            <port dstActor="D0N38" name="p76" srcActor="D0N0"/>
            <port dstActor="D0N23" name="p77" srcActor="D0N5"/>
            <port dstActor="D0N7" name="p78" srcActor="D0N5"/>
            <port dstActor="D0N10" name="p79" srcActor="D0N5"/>
            <port dstActor="D0N42" name="p80" srcActor="D0N5"/>
            <port dstActor="D0N8" name="p81" srcActor="D0N5"/>
            <port dstActor="D0N36" name="p82" srcActor="D0N29"/>
            <port dstActor="D0N30" name="p83" srcActor="D0N29"/>
            <port dstActor="D0N41" name="p84" srcActor="D0N3"/>
            <port dstActor="D0N43" name="p85" srcActor="D0N3"/>
            <port dstActor="D0N9" name="p86" srcActor="D0N3"/>
            <port dstActor="D0N42" name="p87" srcActor="D0N3"/>
            <port dstActor="D0N34" name="p88" srcActor="D0N25"/>
            <port dstActor="D0N30" name="p89" srcActor="D0N11"/>
            <port dstActor="D0N21" name="p90" srcActor="D0N11"/>
            <port dstActor="D0N19" name="p91" srcActor="D0N11"/>
            <port dstActor="D0N20" name="p92" srcActor="D0N11"/>
            <port dstActor="D0N17" name="p93" srcActor="D0N12"/>
            <port dstActor="D0N43" name="p94" srcActor="D0N12"/>
            <port dstActor="D0N40" name="p95" srcActor="D0N12"/>
            <port dstActor="D0N35" name="p96" srcActor="D0N12"/>
            <port dstActor="D0N37" name="p97" srcActor="D0N12"/>
            <port dstActor="D0N21" name="p98" srcActor="D0N19"/>
            <port dstActor="D0N26" name="p99" srcActor="D0N19"/>
            <port dstActor="D0N29" name="p100" srcActor="D0N19"/>
            <port dstActor="D0N38" name="p101" srcActor="D0N19"/>
            <port dstActor="D0N36" name="p102" srcActor="D0N32"/>
            <port dstActor="D0N34" name="p103" srcActor="D0N33"/>
            <port dstActor="D0N35" name="p104" srcActor="D0N24"/>
            <port dstActor="D0N42" name="p105" srcActor="D0N21"/>
            <port dstActor="D0N32" name="p106" srcActor="D0N21"/>
            <port dstActor="D0N39" name="p107" srcActor="D0N21"/>
            <port dstActor="D0N31" name="p108" srcActor="D0N4"/>
            <port dstActor="D0N35" name="p109" srcActor="D0N27"/>
            <port dstActor="D0N37" name="p110" srcActor="D0N27"/>
        </ports>
    </mcdag>
    <cores number="3"/>
    <levels number="2"/>
</mcsystem>
