<?xml version="1.0" encoding="UTF-8" standalone="no"?>
<mcsystem>
    <mcdag deadline="1000" name="genned-0-ed-10.0-0">
        <actor name="D0N41">
            <wcet number="0">20</wcet>
            <wcet number="1">20</wcet>
            <maxpow number="0.24415022500121852"/>
            <maxpow number="0.24415022500121852"/>
            <fprob>0.0</fprob>
        </actor>
        <actor name="D0N30">
            <wcet number="0">50</wcet>
            <wcet number="1">60</wcet>
            <maxpow number="0.27774703491718516"/>
            <maxpow number="0.27774703491718516"/>
            <fprob>0.0</fprob>
        </actor>
        <actor name="D0N9">
            <wcet number="0">10</wcet>
            <wcet number="1">30</wcet>
            <maxpow number="0.34237294569035"/>
            <maxpow number="0.34237294569035"/>
            <fprob>0.0</fprob>
        </actor>
        <actor name="D0N17">
            <wcet number="0">10</wcet>
            <wcet number="1">10</wcet>
            <maxpow number="0.6351110892784296"/>
            <maxpow number="0.6351110892784296"/>
            <fprob>0.0</fprob>
        </actor>
        <actor name="D0N25">
            <wcet number="0">60</wcet>
            <wcet number="1">80</wcet>
            <maxpow number="0.6051494471025042"/>
            <maxpow number="0.6051494471025042"/>
            <fprob>0.0</fprob>
        </actor>
        <actor name="D0N19">
            <wcet number="0">20</wcet>
            <wcet number="1">20</wcet>
            <maxpow number="0.7301229692922162"/>
            <maxpow number="0.7301229692922162"/>
            <fprob>0.0</fprob>
        </actor>
        <actor name="D0N20">
            <wcet number="0">20</wcet>
            <wcet number="1">30</wcet>
            <maxpow number="0.33565850038035194"/>
            <maxpow number="0.33565850038035194"/>
            <fprob>0.0</fprob>
        </actor>
        <actor name="D0N26">
            <wcet number="0">40</wcet>
            <wcet number="1">60</wcet>
            <maxpow number="0.5623031055397011"/>
            <maxpow number="0.5623031055397011"/>
            <fprob>0.0</fprob>
        </actor>
        <actor name="D0N29">
            <wcet number="0">60</wcet>
            <wcet number="1">120</wcet>
            <maxpow number="0.4324753588370475"/>
            <maxpow number="0.4324753588370475"/>
            <fprob>0.0</fprob>
        </actor>
        <actor name="D0N40">
            <wcet number="0">10</wcet>
            <wcet number="1">10</wcet>
            <maxpow number="0.5675474808283205"/>
            <maxpow number="0.5675474808283205"/>
            <fprob>0.0</fprob>
        </actor>
        <actor name="D0N14">
            <wcet number="0">20</wcet>
            <wcet number="1">180</wcet>
            <maxpow number="0.37998157434643737"/>
            <maxpow number="0.37998157434643737"/>
            <fprob>0.0</fprob>
        </actor>
        <actor name="D0N8">
            <wcet number="0">50</wcet>
            <wcet number="1">60</wcet>
            <maxpow number="0.6819811890345682"/>
            <maxpow number="0.6819811890345682"/>
            <fprob>0.0</fprob>
        </actor>
        <actor name="D0N24">
            <wcet number="0">10</wcet>
            <wcet number="1">10</wcet>
            <maxpow number="0.45656497113494116"/>
            <maxpow number="0.45656497113494116"/>
            <fprob>0.0</fprob>
        </actor>
        <actor name="D0N5">
            <wcet number="0">30</wcet>
            <wcet number="1">40</wcet>
            <maxpow number="0.5709068886231933"/>
            <maxpow number="0.5709068886231933"/>
            <fprob>0.0</fprob>
        </actor>
        <actor name="D0N6">
            <wcet number="0">10</wcet>
            <wcet number="1">40</wcet>
            <maxpow number="0.5385526600220168"/>
            <maxpow number="0.5385526600220168"/>
            <fprob>0.0</fprob>
        </actor>
        <actor name="D0N16">
            <wcet number="0">30</wcet>
            <wcet number="1">50</wcet>
            <maxpow number="0.43733173497128214"/>
            <maxpow number="0.43733173497128214"/>
            <fprob>0.0</fprob>
        </actor>
        <actor name="D0N28">
            <wcet number="0">30</wcet>
            <wcet number="1">30</wcet>
            <maxpow number="0.6376219078475671"/>
            <maxpow number="0.6376219078475671"/>
            <fprob>0.0</fprob>
        </actor>
        <actor name="D0N42">
            <wcet number="0">10</wcet>
            <wcet number="1">10</wcet>
            <maxpow number="0.5905690042453603"/>
            <maxpow number="0.5905690042453603"/>
            <fprob>0.0</fprob>
        </actor>
        <actor name="D0N7">
            <wcet number="0">10</wcet>
            <wcet number="1">10</wcet>
            <maxpow number="0.7596985830900567"/>
            <maxpow number="0.7596985830900567"/>
            <fprob>0.0</fprob>
        </actor>
        <actor name="D0N18">
            <wcet number="0">40</wcet>
            <wcet number="1">40</wcet>
            <maxpow number="0.7559669024139258"/>
            <maxpow number="0.7559669024139258"/>
            <fprob>0.0</fprob>
        </actor>
        <actor name="D0N23">
            <wcet number="0">40</wcet>
            <wcet number="1">150</wcet>
            <maxpow number="0.7017379671136883"/>
            <maxpow number="0.7017379671136883"/>
            <fprob>0.0</fprob>
        </actor>
        <actor name="D0N37">
            <wcet number="0">20</wcet>
            <wcet number="1">60</wcet>
            <maxpow number="0.9089910250037243"/>
            <maxpow number="0.9089910250037243"/>
            <fprob>0.0</fprob>
        </actor>
        <actor name="D0N22">
            <wcet number="0">60</wcet>
            <wcet number="1">100</wcet>
            <maxpow number="0.6833182395699502"/>
            <maxpow number="0.6833182395699502"/>
            <fprob>0.0</fprob>
        </actor>
        <actor name="D0N11">
            <wcet number="0">10</wcet>
            <wcet number="1">20</wcet>
            <maxpow number="0.35384992392571957"/>
            <maxpow number="0.35384992392571957"/>
            <fprob>0.0</fprob>
        </actor>
        <actor name="D0N21">
            <wcet number="0">10</wcet>
            <wcet number="1">10</wcet>
            <maxpow number="0.6916170980143881"/>
            <maxpow number="0.6916170980143881"/>
            <fprob>0.0</fprob>
        </actor>
        <actor name="D0N4">
            <wcet number="0">40</wcet>
            <wcet number="1">140</wcet>
            <maxpow number="0.7429199897874262"/>
            <maxpow number="0.7429199897874262"/>
            <fprob>0.0</fprob>
        </actor>
        <actor name="D0N10">
            <wcet number="0">20</wcet>
            <wcet number="1">20</wcet>
            <maxpow number="0.6847451603323694"/>
            <maxpow number="0.6847451603323694"/>
            <fprob>0.0</fprob>
        </actor>
        <actor name="D0N35">
            <wcet number="0">60</wcet>
            <wcet number="1">60</wcet>
            <maxpow number="0.3102882682815564"/>
            <maxpow number="0.3102882682815564"/>
            <fprob>0.0</fprob>
        </actor>
        <actor name="D0N3">
            <wcet number="0">10</wcet>
            <wcet number="1">10</wcet>
            <maxpow number="0.5739669299294462"/>
            <maxpow number="0.5739669299294462"/>
            <fprob>0.0</fprob>
        </actor>
        <actor name="D0N2">
            <wcet number="0">120</wcet>
            <wcet number="1">120</wcet>
            <maxpow number="0.8423175914060095"/>
            <maxpow number="0.8423175914060095"/>
            <fprob>0.0</fprob>
        </actor>
        <actor name="D0N1">
            <wcet number="0">20</wcet>
            <wcet number="1">20</wcet>
            <maxpow number="0.6418212087837654"/>
            <maxpow number="0.6418212087837654"/>
            <fprob>0.0</fprob>
        </actor>
        <actor name="D0N31">
            <wcet number="0">30</wcet>
            <wcet number="1">40</wcet>
            <maxpow number="0.4620152401079628"/>
            <maxpow number="0.4620152401079628"/>
            <fprob>0.0</fprob>
        </actor>
        <actor name="D0N33">
            <wcet number="0">60</wcet>
            <wcet number="1">140</wcet>
            <maxpow number="0.3931373300248382"/>
            <maxpow number="0.3931373300248382"/>
            <fprob>0.0</fprob>
        </actor>
        <actor name="D0N13">
            <wcet number="0">10</wcet>
            <wcet number="1">20</wcet>
            <maxpow number="0.38183154970501243"/>
            <maxpow number="0.38183154970501243"/>
            <fprob>0.0</fprob>
        </actor>
        <actor name="D0N0">
            <wcet number="0">40</wcet>
            <wcet number="1">50</wcet>
            <maxpow number="0.655952419743345"/>
            <maxpow number="0.655952419743345"/>
            <fprob>0.0</fprob>
        </actor>
        <actor name="D0N15">
            <wcet number="0">20</wcet>
            <wcet number="1">40</wcet>
            <maxpow number="0.48751410359508396"/>
            <maxpow number="0.48751410359508396"/>
            <fprob>0.0</fprob>
        </actor>
        <actor name="D0N43">
            <wcet number="0">10</wcet>
            <wcet number="1">10</wcet>
            <maxpow number="0.2558867205769319"/>
            <maxpow number="0.2558867205769319"/>
            <fprob>0.0</fprob>
        </actor>
        <actor name="D0N38">
            <wcet number="0">90</wcet>
            <wcet number="1">100</wcet>
            <maxpow number="0.35994373100197397"/>
            <maxpow number="0.35994373100197397"/>
            <fprob>0.0</fprob>
        </actor>
        <actor name="D0N36">
            <wcet number="0">10</wcet>
            <wcet number="1">10</wcet>
            <maxpow number="0.5017283330891014"/>
            <maxpow number="0.5017283330891014"/>
            <fprob>0.0</fprob>
        </actor>
        <actor name="D0N27">
            <wcet number="0">10</wcet>
            <wcet number="1">10</wcet>
            <maxpow number="0.5402472794782773"/>
            <maxpow number="0.5402472794782773"/>
            <fprob>0.0</fprob>
        </actor>
        <actor name="D0N32">
            <wcet number="0">10</wcet>
            <wcet number="1">20</wcet>
            <maxpow number="0.6847741695368579"/>
            <maxpow number="0.6847741695368579"/>
            <fprob>0.0</fprob>
        </actor>
        <actor name="D0N34">
            <wcet number="0">10</wcet>
            <wcet number="1">20</wcet>
            <maxpow number="0.13188093219121305"/>
            <maxpow number="0.13188093219121305"/>
            <fprob>0.0</fprob>
        </actor>
        <actor name="D0N12">
            <wcet number="0">10</wcet>
            <wcet number="1">10</wcet>
            <maxpow number="0.7289765618414016"/>
            <maxpow number="0.7289765618414016"/>
            <fprob>0.0</fprob>
        </actor>
        <actor name="D0N39">
            <wcet number="0">10</wcet>
            <wcet number="1">10</wcet>
            <maxpow number="0.7354260025642069"/>
            <maxpow number="0.7354260025642069"/>
            <fprob>0.0</fprob>
        </actor>
        <ports>
            <port dstActor="D0N35" name="p0" srcActor="D0N30"/>
            <port dstActor="D0N38" name="p1" srcActor="D0N9"/>
            <port dstActor="D0N29" name="p2" srcActor="D0N9"/>
            <port dstActor="D0N19" name="p3" srcActor="D0N9"/>
            <port dstActor="D0N12" name="p4" srcActor="D0N9"/>
            <port dstActor="D0N43" name="p5" srcActor="D0N9"/>
            <port dstActor="D0N13" name="p6" srcActor="D0N9"/>
            <port dstActor="D0N19" name="p7" srcActor="D0N17"/>
            <port dstActor="D0N42" name="p8" srcActor="D0N17"/>
            <port dstActor="D0N32" name="p9" srcActor="D0N17"/>
            <port dstActor="D0N21" name="p10" srcActor="D0N19"/>
            <port dstActor="D0N33" name="p11" srcActor="D0N20"/>
            <port dstActor="D0N39" name="p12" srcActor="D0N26"/>
            <port dstActor="D0N30" name="p13" srcActor="D0N26"/>
            <port dstActor="D0N35" name="p14" srcActor="D0N29"/>
            <port dstActor="D0N38" name="p15" srcActor="D0N29"/>
            <port dstActor="D0N34" name="p16" srcActor="D0N29"/>
            <port dstActor="D0N37" name="p17" srcActor="D0N29"/>
            <port dstActor="D0N29" name="p18" srcActor="D0N14"/>
            <port dstActor="D0N23" name="p19" srcActor="D0N14"/>
            <port dstActor="D0N34" name="p20" srcActor="D0N14"/>
            <port dstActor="D0N33" name="p21" srcActor="D0N14"/>
            <port dstActor="D0N24" name="p22" srcActor="D0N8"/>
            <port dstActor="D0N17" name="p23" srcActor="D0N8"/>
            <port dstActor="D0N27" name="p24" srcActor="D0N8"/>
            <port dstActor="D0N33" name="p25" srcActor="D0N8"/>
            <port dstActor="D0N37" name="p26" srcActor="D0N8"/>
            <port dstActor="D0N38" name="p27" srcActor="D0N24"/>
            <port dstActor="D0N41" name="p28" srcActor="D0N5"/>
            <port dstActor="D0N43" name="p29" srcActor="D0N5"/>
            <port dstActor="D0N17" name="p30" srcActor="D0N6"/>
            <port dstActor="D0N9" name="p31" srcActor="D0N6"/>
            <port dstActor="D0N29" name="p32" srcActor="D0N6"/>
            <port dstActor="D0N34" name="p33" srcActor="D0N16"/>
            <port dstActor="D0N40" name="p34" srcActor="D0N16"/>
            <port dstActor="D0N37" name="p35" srcActor="D0N28"/>
            <port dstActor="D0N39" name="p36" srcActor="D0N28"/>
            <port dstActor="D0N38" name="p37" srcActor="D0N28"/>
            <port dstActor="D0N13" name="p38" srcActor="D0N7"/>
            <port dstActor="D0N21" name="p39" srcActor="D0N7"/>
            <port dstActor="D0N41" name="p40" srcActor="D0N7"/>
            <port dstActor="D0N42" name="p41" srcActor="D0N18"/>
            <port dstActor="D0N39" name="p42" srcActor="D0N23"/>
            <port dstActor="D0N43" name="p43" srcActor="D0N11"/>
            <port dstActor="D0N12" name="p44" srcActor="D0N11"/>
            <port dstActor="D0N17" name="p45" srcActor="D0N11"/>
            <port dstActor="D0N15" name="p46" srcActor="D0N11"/>
            <port dstActor="D0N33" name="p47" srcActor="D0N11"/>
            <port dstActor="D0N41" name="p48" srcActor="D0N11"/>
            <port dstActor="D0N13" name="p49" srcActor="D0N11"/>
            <port dstActor="D0N37" name="p50" srcActor="D0N21"/>
            <port dstActor="D0N32" name="p51" srcActor="D0N21"/>
            <port dstActor="D0N35" name="p52" srcActor="D0N4"/>
            <port dstActor="D0N37" name="p53" srcActor="D0N4"/>
            <port dstActor="D0N7" name="p54" srcActor="D0N4"/>
            <port dstActor="D0N12" name="p55" srcActor="D0N4"/>
            <port dstActor="D0N32" name="p56" srcActor="D0N10"/>
            <port dstActor="D0N42" name="p57" srcActor="D0N10"/>
            <port dstActor="D0N36" name="p58" srcActor="D0N35"/>
            <port dstActor="D0N20" name="p59" srcActor="D0N3"/>
            <port dstActor="D0N28" name="p60" srcActor="D0N3"/>
            <port dstActor="D0N22" name="p61" srcActor="D0N3"/>
            <port dstActor="D0N16" name="p62" srcActor="D0N3"/>
            <port dstActor="D0N41" name="p63" srcActor="D0N2"/>
            <port dstActor="D0N42" name="p64" srcActor="D0N2"/>
            <port dstActor="D0N27" name="p65" srcActor="D0N1"/>
            <port dstActor="D0N35" name="p66" srcActor="D0N1"/>
            <port dstActor="D0N39" name="p67" srcActor="D0N1"/>
            <port dstActor="D0N19" name="p68" srcActor="D0N1"/>
            <port dstActor="D0N38" name="p69" srcActor="D0N31"/>
            <port dstActor="D0N34" name="p70" srcActor="D0N33"/>
            <port dstActor="D0N27" name="p71" srcActor="D0N0"/>
            <port dstActor="D0N5" name="p72" srcActor="D0N0"/>
            <port dstActor="D0N38" name="p73" srcActor="D0N0"/>
            <port dstActor="D0N35" name="p74" srcActor="D0N0"/>
            <port dstActor="D0N32" name="p75" srcActor="D0N15"/>
            <port dstActor="D0N25" name="p76" srcActor="D0N15"/>
            <port dstActor="D0N30" name="p77" srcActor="D0N15"/>
            <port dstActor="D0N43" name="p78" srcActor="D0N15"/>
            <port dstActor="D0N39" name="p79" srcActor="D0N15"/>
            <port dstActor="D0N29" name="p80" srcActor="D0N27"/>
            <port dstActor="D0N35" name="p81" srcActor="D0N27"/>
            <port dstActor="D0N33" name="p82" srcActor="D0N32"/>
            <port dstActor="D0N39" name="p83" srcActor="D0N34"/>
            <port dstActor="D0N42" name="p84" srcActor="D0N34"/>
            <port dstActor="D0N43" name="p85" srcActor="D0N12"/>
            <port dstActor="D0N36" name="p86" srcActor="D0N12"/>
            <port dstActor="D0N33" name="p87" srcActor="D0N12"/>
            <port dstActor="D0N21" name="p88" srcActor="D0N12"/>
            <port dstActor="D0N14" name="p89" srcActor="D0N12"/>
        </ports>
    </mcdag>
    <cores number="3"/>
    <levels number="2"/>
</mcsystem>
