<?xml version="1.0" encoding="UTF-8" standalone="no"?>
<mcsystem>
    <mcdag deadline="1000" name="genned-0-ed-10.0-0">
        <actor name="D0N9">
            <wcet number="0">30</wcet>
            <wcet number="1">90</wcet>
            <maxpow number="0.5741715707308502"/>
            <maxpow number="0.5741715707308502"/>
            <fprob>0.0</fprob>
        </actor>
        <actor name="D0N31">
            <wcet number="0">20</wcet>
            <wcet number="1">20</wcet>
            <maxpow number="0.37672026688629284"/>
            <maxpow number="0.37672026688629284"/>
            <fprob>0.0</fprob>
        </actor>
        <actor name="D0N17">
            <wcet number="0">30</wcet>
            <wcet number="1">60</wcet>
            <maxpow number="0.6647416023013202"/>
            <maxpow number="0.6647416023013202"/>
            <fprob>0.0</fprob>
        </actor>
        <actor name="D0N27">
            <wcet number="0">20</wcet>
            <wcet number="1">20</wcet>
            <maxpow number="0.7249724723512728"/>
            <maxpow number="0.7249724723512728"/>
            <fprob>0.0</fprob>
        </actor>
        <actor name="D0N6">
            <wcet number="0">10</wcet>
            <wcet number="1">40</wcet>
            <maxpow number="0.48608166316864204"/>
            <maxpow number="0.48608166316864204"/>
            <fprob>0.0</fprob>
        </actor>
        <actor name="D0N28">
            <wcet number="0">10</wcet>
            <wcet number="1">10</wcet>
            <maxpow number="0.5591819299038517"/>
            <maxpow number="0.5591819299038517"/>
            <fprob>0.0</fprob>
        </actor>
        <actor name="D0N45">
            <wcet number="0">10</wcet>
            <wcet number="1">20</wcet>
            <maxpow number="0.3739863037028755"/>
            <maxpow number="0.3739863037028755"/>
            <fprob>0.0</fprob>
        </actor>
        <actor name="D0N4">
            <wcet number="0">20</wcet>
            <wcet number="1">20</wcet>
            <maxpow number="0.6811955020773102"/>
            <maxpow number="0.6811955020773102"/>
            <fprob>0.0</fprob>
        </actor>
        <actor name="D0N29">
            <wcet number="0">10</wcet>
            <wcet number="1">10</wcet>
            <maxpow number="0.5433192657831233"/>
            <maxpow number="0.5433192657831233"/>
            <fprob>0.0</fprob>
        </actor>
        <actor name="D0N16">
            <wcet number="0">20</wcet>
            <wcet number="1">20</wcet>
            <maxpow number="0.4473189768935868"/>
            <maxpow number="0.4473189768935868"/>
            <fprob>0.0</fprob>
        </actor>
        <actor name="D0N18">
            <wcet number="0">10</wcet>
            <wcet number="1">20</wcet>
            <maxpow number="0.36896876205644236"/>
            <maxpow number="0.36896876205644236"/>
            <fprob>0.0</fprob>
        </actor>
        <actor name="D0N34">
            <wcet number="0">30</wcet>
            <wcet number="1">50</wcet>
            <maxpow number="0.5630641147817186"/>
            <maxpow number="0.5630641147817186"/>
            <fprob>0.0</fprob>
        </actor>
        <actor name="D0N7">
            <wcet number="0">10</wcet>
            <wcet number="1">50</wcet>
            <maxpow number="0.32700122333859694"/>
            <maxpow number="0.32700122333859694"/>
            <fprob>0.0</fprob>
        </actor>
        <actor name="D0N12">
            <wcet number="0">10</wcet>
            <wcet number="1">20</wcet>
            <maxpow number="0.5123407038361258"/>
            <maxpow number="0.5123407038361258"/>
            <fprob>0.0</fprob>
        </actor>
        <actor name="D0N35">
            <wcet number="0">40</wcet>
            <wcet number="1">40</wcet>
            <maxpow number="0.7007630588628885"/>
            <maxpow number="0.7007630588628885"/>
            <fprob>0.0</fprob>
        </actor>
        <actor name="D0N1">
            <wcet number="0">40</wcet>
            <wcet number="1">40</wcet>
            <maxpow number="0.7368140590331207"/>
            <maxpow number="0.7368140590331207"/>
            <fprob>0.0</fprob>
        </actor>
        <actor name="D0N47">
            <wcet number="0">30</wcet>
            <wcet number="1">50</wcet>
            <maxpow number="0.28504869074318545"/>
            <maxpow number="0.28504869074318545"/>
            <fprob>0.0</fprob>
        </actor>
        <actor name="D0N8">
            <wcet number="0">10</wcet>
            <wcet number="1">70</wcet>
            <maxpow number="0.5097306897305517"/>
            <maxpow number="0.5097306897305517"/>
            <fprob>0.0</fprob>
        </actor>
        <actor name="D0N20">
            <wcet number="0">20</wcet>
            <wcet number="1">20</wcet>
            <maxpow number="0.2775629620264569"/>
            <maxpow number="0.2775629620264569"/>
            <fprob>0.0</fprob>
        </actor>
        <actor name="D0N25">
            <wcet number="0">10</wcet>
            <wcet number="1">30</wcet>
            <maxpow number="0.30916126097368796"/>
            <maxpow number="0.30916126097368796"/>
            <fprob>0.0</fprob>
        </actor>
        <actor name="D0N39">
            <wcet number="0">10</wcet>
            <wcet number="1">10</wcet>
            <maxpow number="0.8996051927825774"/>
            <maxpow number="0.8996051927825774"/>
            <fprob>0.0</fprob>
        </actor>
        <actor name="D0N13">
            <wcet number="0">20</wcet>
            <wcet number="1">20</wcet>
            <maxpow number="0.6287907734426283"/>
            <maxpow number="0.6287907734426283"/>
            <fprob>0.0</fprob>
        </actor>
        <actor name="D0N22">
            <wcet number="0">10</wcet>
            <wcet number="1">10</wcet>
            <maxpow number="0.6879015368939194"/>
            <maxpow number="0.6879015368939194"/>
            <fprob>0.0</fprob>
        </actor>
        <actor name="D0N24">
            <wcet number="0">140</wcet>
            <wcet number="1">200</wcet>
            <maxpow number="0.3419243196206002"/>
            <maxpow number="0.3419243196206002"/>
            <fprob>0.0</fprob>
        </actor>
        <actor name="D0N23">
            <wcet number="0">40</wcet>
            <wcet number="1">70</wcet>
            <maxpow number="0.48210129624737946"/>
            <maxpow number="0.48210129624737946"/>
            <fprob>0.0</fprob>
        </actor>
        <actor name="D0N44">
            <wcet number="0">20</wcet>
            <wcet number="1">90</wcet>
            <maxpow number="0.5756816581035258"/>
            <maxpow number="0.5756816581035258"/>
            <fprob>0.0</fprob>
        </actor>
        <actor name="D0N10">
            <wcet number="0">50</wcet>
            <wcet number="1">100</wcet>
            <maxpow number="0.6857430727641527"/>
            <maxpow number="0.6857430727641527"/>
            <fprob>0.0</fprob>
        </actor>
        <actor name="D0N36">
            <wcet number="0">60</wcet>
            <wcet number="1">70</wcet>
            <maxpow number="0.7824232221543176"/>
            <maxpow number="0.7824232221543176"/>
            <fprob>0.0</fprob>
        </actor>
        <actor name="D0N30">
            <wcet number="0">30</wcet>
            <wcet number="1">70</wcet>
            <maxpow number="0.5732155954753868"/>
            <maxpow number="0.5732155954753868"/>
            <fprob>0.0</fprob>
        </actor>
        <actor name="D0N33">
            <wcet number="0">160</wcet>
            <wcet number="1">160</wcet>
            <maxpow number="0.7233105650446245"/>
            <maxpow number="0.7233105650446245"/>
            <fprob>0.0</fprob>
        </actor>
        <actor name="D0N41">
            <wcet number="0">60</wcet>
            <wcet number="1">100</wcet>
            <maxpow number="0.6590109678435304"/>
            <maxpow number="0.6590109678435304"/>
            <fprob>0.0</fprob>
        </actor>
        <actor name="D0N2">
            <wcet number="0">10</wcet>
            <wcet number="1">20</wcet>
            <maxpow number="0.5696150911824787"/>
            <maxpow number="0.5696150911824787"/>
            <fprob>0.0</fprob>
        </actor>
        <actor name="D0N11">
            <wcet number="0">20</wcet>
            <wcet number="1">70</wcet>
            <maxpow number="0.7539273843147365"/>
            <maxpow number="0.7539273843147365"/>
            <fprob>0.0</fprob>
        </actor>
        <actor name="D0N40">
            <wcet number="0">10</wcet>
            <wcet number="1">10</wcet>
            <maxpow number="0.43057930700424074"/>
            <maxpow number="0.43057930700424074"/>
            <fprob>0.0</fprob>
        </actor>
        <actor name="D0N37">
            <wcet number="0">40</wcet>
            <wcet number="1">170</wcet>
            <maxpow number="0.2744499554357862"/>
            <maxpow number="0.2744499554357862"/>
            <fprob>0.0</fprob>
        </actor>
        <actor name="D0N38">
            <wcet number="0">10</wcet>
            <wcet number="1">10</wcet>
            <maxpow number="0.32115820210834"/>
            <maxpow number="0.32115820210834"/>
            <fprob>0.0</fprob>
        </actor>
        <actor name="D0N43">
            <wcet number="0">10</wcet>
            <wcet number="1">10</wcet>
            <maxpow number="0.4816321995906627"/>
            <maxpow number="0.4816321995906627"/>
            <fprob>0.0</fprob>
        </actor>
        <actor name="D0N19">
            <wcet number="0">20</wcet>
            <wcet number="1">40</wcet>
            <maxpow number="0.35129981488636075"/>
            <maxpow number="0.35129981488636075"/>
            <fprob>0.0</fprob>
        </actor>
        <actor name="D0N14">
            <wcet number="0">10</wcet>
            <wcet number="1">10</wcet>
            <maxpow number="0.37374892389111153"/>
            <maxpow number="0.37374892389111153"/>
            <fprob>0.0</fprob>
        </actor>
        <actor name="D0N0">
            <wcet number="0">20</wcet>
            <wcet number="1">20</wcet>
            <maxpow number="0.7388847810764225"/>
            <maxpow number="0.7388847810764225"/>
            <fprob>0.0</fprob>
        </actor>
        <actor name="D0N15">
            <wcet number="0">40</wcet>
            <wcet number="1">50</wcet>
            <maxpow number="0.49168930452781695"/>
            <maxpow number="0.49168930452781695"/>
            <fprob>0.0</fprob>
        </actor>
        <actor name="D0N26">
            <wcet number="0">30</wcet>
            <wcet number="1">80</wcet>
            <maxpow number="0.7200013073779625"/>
            <maxpow number="0.7200013073779625"/>
            <fprob>0.0</fprob>
        </actor>
        <actor name="D0N46">
            <wcet number="0">100</wcet>
            <wcet number="1">110</wcet>
            <maxpow number="0.3937074434015456"/>
            <maxpow number="0.3937074434015456"/>
            <fprob>0.0</fprob>
        </actor>
        <actor name="D0N42">
            <wcet number="0">10</wcet>
            <wcet number="1">10</wcet>
            <maxpow number="0.5482430404832056"/>
            <maxpow number="0.5482430404832056"/>
            <fprob>0.0</fprob>
        </actor>
        <actor name="D0N32">
            <wcet number="0">130</wcet>
            <wcet number="1">130</wcet>
            <maxpow number="0.4620611695722404"/>
            <maxpow number="0.4620611695722404"/>
            <fprob>0.0</fprob>
        </actor>
        <actor name="D0N21">
            <wcet number="0">10</wcet>
            <wcet number="1">10</wcet>
            <maxpow number="0.4432205681016919"/>
            <maxpow number="0.4432205681016919"/>
            <fprob>0.0</fprob>
        </actor>
        <actor name="D0N5">
            <wcet number="0">20</wcet>
            <wcet number="1">40</wcet>
            <maxpow number="0.6414624470058469"/>
            <maxpow number="0.6414624470058469"/>
            <fprob>0.0</fprob>
        </actor>
        <actor name="D0N3">
            <wcet number="0">10</wcet>
            <wcet number="1">10</wcet>
            <maxpow number="0.4627179834469885"/>
            <maxpow number="0.4627179834469885"/>
            <fprob>0.0</fprob>
        </actor>
        <ports>
            <port dstActor="D0N35" name="p0" srcActor="D0N9"/>
            <port dstActor="D0N31" name="p1" srcActor="D0N9"/>
            <port dstActor="D0N43" name="p2" srcActor="D0N9"/>
            <port dstActor="D0N36" name="p3" srcActor="D0N9"/>
            <port dstActor="D0N40" name="p4" srcActor="D0N9"/>
            <port dstActor="D0N24" name="p5" srcActor="D0N9"/>
            <port dstActor="D0N21" name="p6" srcActor="D0N9"/>
            <port dstActor="D0N44" name="p7" srcActor="D0N9"/>
            <port dstActor="D0N35" name="p8" srcActor="D0N31"/>
            <port dstActor="D0N45" name="p9" srcActor="D0N31"/>
            <port dstActor="D0N33" name="p10" srcActor="D0N17"/>
            <port dstActor="D0N36" name="p11" srcActor="D0N17"/>
            <port dstActor="D0N42" name="p12" srcActor="D0N17"/>
            <port dstActor="D0N25" name="p13" srcActor="D0N17"/>
            <port dstActor="D0N27" name="p14" srcActor="D0N17"/>
            <port dstActor="D0N44" name="p15" srcActor="D0N27"/>
            <port dstActor="D0N40" name="p16" srcActor="D0N6"/>
            <port dstActor="D0N8" name="p17" srcActor="D0N6"/>
            <port dstActor="D0N9" name="p18" srcActor="D0N6"/>
            <port dstActor="D0N30" name="p19" srcActor="D0N6"/>
            <port dstActor="D0N15" name="p20" srcActor="D0N6"/>
            <port dstActor="D0N47" name="p21" srcActor="D0N6"/>
            <port dstActor="D0N26" name="p22" srcActor="D0N4"/>
            <port dstActor="D0N30" name="p23" srcActor="D0N4"/>
            <port dstActor="D0N18" name="p24" srcActor="D0N4"/>
            <port dstActor="D0N32" name="p25" srcActor="D0N4"/>
            <port dstActor="D0N12" name="p26" srcActor="D0N4"/>
            <port dstActor="D0N46" name="p27" srcActor="D0N4"/>
            <port dstActor="D0N15" name="p28" srcActor="D0N4"/>
            <port dstActor="D0N33" name="p29" srcActor="D0N29"/>
            <port dstActor="D0N35" name="p30" srcActor="D0N29"/>
            <port dstActor="D0N32" name="p31" srcActor="D0N16"/>
            <port dstActor="D0N47" name="p32" srcActor="D0N16"/>
            <port dstActor="D0N39" name="p33" srcActor="D0N16"/>
            <port dstActor="D0N41" name="p34" srcActor="D0N16"/>
            <port dstActor="D0N45" name="p35" srcActor="D0N16"/>
            <port dstActor="D0N37" name="p36" srcActor="D0N18"/>
            <port dstActor="D0N45" name="p37" srcActor="D0N18"/>
            <port dstActor="D0N21" name="p38" srcActor="D0N18"/>
            <port dstActor="D0N38" name="p39" srcActor="D0N34"/>
            <port dstActor="D0N39" name="p40" srcActor="D0N7"/>
            <port dstActor="D0N41" name="p41" srcActor="D0N7"/>
            <port dstActor="D0N18" name="p42" srcActor="D0N7"/>
            <port dstActor="D0N28" name="p43" srcActor="D0N7"/>
            <port dstActor="D0N45" name="p44" srcActor="D0N12"/>
            <port dstActor="D0N13" name="p45" srcActor="D0N12"/>
            <port dstActor="D0N33" name="p46" srcActor="D0N12"/>
            <port dstActor="D0N35" name="p47" srcActor="D0N12"/>
            <port dstActor="D0N42" name="p48" srcActor="D0N35"/>
            <port dstActor="D0N37" name="p49" srcActor="D0N35"/>
            <port dstActor="D0N33" name="p50" srcActor="D0N1"/>
            <port dstActor="D0N7" name="p51" srcActor="D0N1"/>
            <port dstActor="D0N12" name="p52" srcActor="D0N1"/>
            <port dstActor="D0N39" name="p53" srcActor="D0N1"/>
            <port dstActor="D0N10" name="p54" srcActor="D0N8"/>
            <port dstActor="D0N38" name="p55" srcActor="D0N8"/>
            <port dstActor="D0N25" name="p56" srcActor="D0N8"/>
            <port dstActor="D0N36" name="p57" srcActor="D0N20"/>
            <port dstActor="D0N26" name="p58" srcActor="D0N20"/>
            <port dstActor="D0N46" name="p59" srcActor="D0N20"/>
            <port dstActor="D0N26" name="p60" srcActor="D0N25"/>
            <port dstActor="D0N47" name="p61" srcActor="D0N39"/>
            <port dstActor="D0N28" name="p62" srcActor="D0N13"/>
            <port dstActor="D0N44" name="p63" srcActor="D0N13"/>
            <port dstActor="D0N43" name="p64" srcActor="D0N13"/>
            <port dstActor="D0N14" name="p65" srcActor="D0N13"/>
            <port dstActor="D0N40" name="p66" srcActor="D0N24"/>
            <port dstActor="D0N38" name="p67" srcActor="D0N23"/>
            <port dstActor="D0N28" name="p68" srcActor="D0N10"/>
            <port dstActor="D0N40" name="p69" srcActor="D0N10"/>
            <port dstActor="D0N11" name="p70" srcActor="D0N10"/>
            <port dstActor="D0N31" name="p71" srcActor="D0N10"/>
            <port dstActor="D0N19" name="p72" srcActor="D0N10"/>
            <port dstActor="D0N39" name="p73" srcActor="D0N36"/>
            <port dstActor="D0N10" name="p74" srcActor="D0N2"/>
            <port dstActor="D0N3" name="p75" srcActor="D0N2"/>
            <port dstActor="D0N47" name="p76" srcActor="D0N2"/>
            <port dstActor="D0N24" name="p77" srcActor="D0N2"/>
            <port dstActor="D0N36" name="p78" srcActor="D0N2"/>
            <port dstActor="D0N38" name="p79" srcActor="D0N11"/>
            <port dstActor="D0N33" name="p80" srcActor="D0N11"/>
            <port dstActor="D0N18" name="p81" srcActor="D0N11"/>
            <port dstActor="D0N21" name="p82" srcActor="D0N11"/>
            <port dstActor="D0N23" name="p83" srcActor="D0N11"/>
            <port dstActor="D0N42" name="p84" srcActor="D0N40"/>
            <port dstActor="D0N43" name="p85" srcActor="D0N40"/>
            <port dstActor="D0N46" name="p86" srcActor="D0N43"/>
            <port dstActor="D0N37" name="p87" srcActor="D0N19"/>
            <port dstActor="D0N30" name="p88" srcActor="D0N19"/>
            <port dstActor="D0N32" name="p89" srcActor="D0N19"/>
            <port dstActor="D0N23" name="p90" srcActor="D0N14"/>
            <port dstActor="D0N24" name="p91" srcActor="D0N14"/>
            <port dstActor="D0N33" name="p92" srcActor="D0N14"/>
            <port dstActor="D0N42" name="p93" srcActor="D0N14"/>
            <port dstActor="D0N33" name="p94" srcActor="D0N0"/>
            <port dstActor="D0N5" name="p95" srcActor="D0N0"/>
            <port dstActor="D0N26" name="p96" srcActor="D0N0"/>
            <port dstActor="D0N13" name="p97" srcActor="D0N0"/>
            <port dstActor="D0N47" name="p98" srcActor="D0N0"/>
            <port dstActor="D0N10" name="p99" srcActor="D0N0"/>
            <port dstActor="D0N21" name="p100" srcActor="D0N15"/>
            <port dstActor="D0N43" name="p101" srcActor="D0N15"/>
            <port dstActor="D0N47" name="p102" srcActor="D0N15"/>
            <port dstActor="D0N30" name="p103" srcActor="D0N26"/>
            <port dstActor="D0N32" name="p104" srcActor="D0N26"/>
            <port dstActor="D0N38" name="p105" srcActor="D0N26"/>
            <port dstActor="D0N36" name="p106" srcActor="D0N32"/>
            <port dstActor="D0N36" name="p107" srcActor="D0N21"/>
            <port dstActor="D0N28" name="p108" srcActor="D0N5"/>
            <port dstActor="D0N22" name="p109" srcActor="D0N5"/>
            <port dstActor="D0N23" name="p110" srcActor="D0N5"/>
            <port dstActor="D0N36" name="p111" srcActor="D0N5"/>
            <port dstActor="D0N27" name="p112" srcActor="D0N3"/>
            <port dstActor="D0N4" name="p113" srcActor="D0N3"/>
            <port dstActor="D0N16" name="p114" srcActor="D0N3"/>
            <port dstActor="D0N25" name="p115" srcActor="D0N3"/>
            <port dstActor="D0N28" name="p116" srcActor="D0N3"/>
        </ports>
    </mcdag>
    <cores number="3"/>
    <levels number="2"/>
</mcsystem>
