<?xml version="1.0" encoding="UTF-8" standalone="no"?>
<mcsystem>
    <mcdag deadline="3000" name="genned-0-ed-10.0-0">
        <actor name="D0N24">
            <wcet number="0">10</wcet>
            <wcet number="1">10</wcet>
            <maxpow number="0.49435167204672825"/>
            <maxpow number="0.49435167204672825"/>
            <fprob>0.0</fprob>
        </actor>
        <actor name="D0N7">
            <wcet number="0">10</wcet>
            <wcet number="1">10</wcet>
            <maxpow number="0.47023679386331685"/>
            <maxpow number="0.47023679386331685"/>
            <fprob>0.0</fprob>
        </actor>
        <actor name="D0N5">
            <wcet number="0">40</wcet>
            <wcet number="1">50</wcet>
            <maxpow number="0.34000372536952095"/>
            <maxpow number="0.34000372536952095"/>
            <fprob>0.0</fprob>
        </actor>
        <actor name="D0N8">
            <wcet number="0">10</wcet>
            <wcet number="1">280</wcet>
            <maxpow number="0.5341455133979893"/>
            <maxpow number="0.5341455133979893"/>
            <fprob>0.0</fprob>
        </actor>
        <actor name="D0N21">
            <wcet number="0">10</wcet>
            <wcet number="1">10</wcet>
            <maxpow number="0.5656150196651296"/>
            <maxpow number="0.5656150196651296"/>
            <fprob>0.0</fprob>
        </actor>
        <actor name="D0N26">
            <wcet number="0">10</wcet>
            <wcet number="1">60</wcet>
            <maxpow number="0.6074716255832231"/>
            <maxpow number="0.6074716255832231"/>
            <fprob>0.0</fprob>
        </actor>
        <actor name="D0N12">
            <wcet number="0">10</wcet>
            <wcet number="1">50</wcet>
            <maxpow number="0.3801343605209777"/>
            <maxpow number="0.3801343605209777"/>
            <fprob>0.0</fprob>
        </actor>
        <actor name="D0N37">
            <wcet number="0">20</wcet>
            <wcet number="1">110</wcet>
            <maxpow number="0.3323809527310494"/>
            <maxpow number="0.3323809527310494"/>
            <fprob>0.0</fprob>
        </actor>
        <actor name="D0N30">
            <wcet number="0">60</wcet>
            <wcet number="1">90</wcet>
            <maxpow number="0.4565076644844492"/>
            <maxpow number="0.4565076644844492"/>
            <fprob>0.0</fprob>
        </actor>
        <actor name="D0N11">
            <wcet number="0">10</wcet>
            <wcet number="1">40</wcet>
            <maxpow number="0.5693038981876768"/>
            <maxpow number="0.5693038981876768"/>
            <fprob>0.0</fprob>
        </actor>
        <actor name="D0N25">
            <wcet number="0">10</wcet>
            <wcet number="1">10</wcet>
            <maxpow number="0.5872151888072301"/>
            <maxpow number="0.5872151888072301"/>
            <fprob>0.0</fprob>
        </actor>
        <actor name="D0N44">
            <wcet number="0">20</wcet>
            <wcet number="1">40</wcet>
            <maxpow number="0.5067060047954381"/>
            <maxpow number="0.5067060047954381"/>
            <fprob>0.0</fprob>
        </actor>
        <actor name="D0N17">
            <wcet number="0">80</wcet>
            <wcet number="1">150</wcet>
            <maxpow number="0.6242571656744831"/>
            <maxpow number="0.6242571656744831"/>
            <fprob>0.0</fprob>
        </actor>
        <actor name="D0N27">
            <wcet number="0">10</wcet>
            <wcet number="1">60</wcet>
            <maxpow number="0.4983375542061129"/>
            <maxpow number="0.4983375542061129"/>
            <fprob>0.0</fprob>
        </actor>
        <actor name="D0N35">
            <wcet number="0">140</wcet>
            <wcet number="1">150</wcet>
            <maxpow number="0.8175295518603689"/>
            <maxpow number="0.8175295518603689"/>
            <fprob>0.0</fprob>
        </actor>
        <actor name="D0N19">
            <wcet number="0">90</wcet>
            <wcet number="1">100</wcet>
            <maxpow number="0.6473994216177998"/>
            <maxpow number="0.6473994216177998"/>
            <fprob>0.0</fprob>
        </actor>
        <actor name="D0N38">
            <wcet number="0">30</wcet>
            <wcet number="1">30</wcet>
            <maxpow number="0.2674584850821718"/>
            <maxpow number="0.2674584850821718"/>
            <fprob>0.0</fprob>
        </actor>
        <actor name="D0N9">
            <wcet number="0">30</wcet>
            <wcet number="1">40</wcet>
            <maxpow number="0.20868813875839615"/>
            <maxpow number="0.20868813875839615"/>
            <fprob>0.0</fprob>
        </actor>
        <actor name="D0N0">
            <wcet number="0">60</wcet>
            <wcet number="1">150</wcet>
            <maxpow number="0.12673492339229087"/>
            <maxpow number="0.12673492339229087"/>
            <fprob>0.0</fprob>
        </actor>
        <actor name="D0N28">
            <wcet number="0">100</wcet>
            <wcet number="1">190</wcet>
            <maxpow number="0.6831957128740898"/>
            <maxpow number="0.6831957128740898"/>
            <fprob>0.0</fprob>
        </actor>
        <actor name="D0N46">
            <wcet number="0">80</wcet>
            <wcet number="1">150</wcet>
            <maxpow number="0.4073854237801404"/>
            <maxpow number="0.4073854237801404"/>
            <fprob>0.0</fprob>
        </actor>
        <actor name="D0N4">
            <wcet number="0">10</wcet>
            <wcet number="1">10</wcet>
            <maxpow number="0.4454467981221135"/>
            <maxpow number="0.4454467981221135"/>
            <fprob>0.0</fprob>
        </actor>
        <actor name="D0N32">
            <wcet number="0">50</wcet>
            <wcet number="1">530</wcet>
            <maxpow number="0.5985545103568988"/>
            <maxpow number="0.5985545103568988"/>
            <fprob>0.0</fprob>
        </actor>
        <actor name="D0N45">
            <wcet number="0">80</wcet>
            <wcet number="1">110</wcet>
            <maxpow number="0.30335111292535333"/>
            <maxpow number="0.30335111292535333"/>
            <fprob>0.0</fprob>
        </actor>
        <actor name="D0N13">
            <wcet number="0">410</wcet>
            <wcet number="1">410</wcet>
            <maxpow number="0.3737586812114239"/>
            <maxpow number="0.3737586812114239"/>
            <fprob>0.0</fprob>
        </actor>
        <actor name="D0N3">
            <wcet number="0">60</wcet>
            <wcet number="1">80</wcet>
            <maxpow number="0.7502906364956144"/>
            <maxpow number="0.7502906364956144"/>
            <fprob>0.0</fprob>
        </actor>
        <actor name="D0N1">
            <wcet number="0">30</wcet>
            <wcet number="1">160</wcet>
            <maxpow number="0.39282620185060874"/>
            <maxpow number="0.39282620185060874"/>
            <fprob>0.0</fprob>
        </actor>
        <actor name="D0N29">
            <wcet number="0">90</wcet>
            <wcet number="1">100</wcet>
            <maxpow number="0.4535352006511507"/>
            <maxpow number="0.4535352006511507"/>
            <fprob>0.0</fprob>
        </actor>
        <actor name="D0N33">
            <wcet number="0">350</wcet>
            <wcet number="1">390</wcet>
            <maxpow number="0.8362342266123488"/>
            <maxpow number="0.8362342266123488"/>
            <fprob>0.0</fprob>
        </actor>
        <actor name="D0N43">
            <wcet number="0">10</wcet>
            <wcet number="1">30</wcet>
            <maxpow number="0.6414244584992997"/>
            <maxpow number="0.6414244584992997"/>
            <fprob>0.0</fprob>
        </actor>
        <actor name="D0N39">
            <wcet number="0">150</wcet>
            <wcet number="1">230</wcet>
            <maxpow number="0.7468477221547888"/>
            <maxpow number="0.7468477221547888"/>
            <fprob>0.0</fprob>
        </actor>
        <actor name="D0N31">
            <wcet number="0">20</wcet>
            <wcet number="1">30</wcet>
            <maxpow number="0.5065608531864088"/>
            <maxpow number="0.5065608531864088"/>
            <fprob>0.0</fprob>
        </actor>
        <actor name="D0N49">
            <wcet number="0">20</wcet>
            <wcet number="1">110</wcet>
            <maxpow number="0.5676438146906015"/>
            <maxpow number="0.5676438146906015"/>
            <fprob>0.0</fprob>
        </actor>
        <actor name="D0N41">
            <wcet number="0">730</wcet>
            <wcet number="1">900</wcet>
            <maxpow number="0.17979432575601956"/>
            <maxpow number="0.17979432575601956"/>
            <fprob>0.0</fprob>
        </actor>
        <actor name="D0N10">
            <wcet number="0">180</wcet>
            <wcet number="1">200</wcet>
            <maxpow number="0.48759037780355824"/>
            <maxpow number="0.48759037780355824"/>
            <fprob>0.0</fprob>
        </actor>
        <actor name="D0N15">
            <wcet number="0">60</wcet>
            <wcet number="1">170</wcet>
            <maxpow number="0.23103694234470717"/>
            <maxpow number="0.23103694234470717"/>
            <fprob>0.0</fprob>
        </actor>
        <actor name="D0N20">
            <wcet number="0">10</wcet>
            <wcet number="1">10</wcet>
            <maxpow number="0.5816876593666639"/>
            <maxpow number="0.5816876593666639"/>
            <fprob>0.0</fprob>
        </actor>
        <actor name="D0N16">
            <wcet number="0">160</wcet>
            <wcet number="1">210</wcet>
            <maxpow number="0.6596704204424131"/>
            <maxpow number="0.6596704204424131"/>
            <fprob>0.0</fprob>
        </actor>
        <actor name="D0N22">
            <wcet number="0">50</wcet>
            <wcet number="1">180</wcet>
            <maxpow number="0.24845895532195683"/>
            <maxpow number="0.24845895532195683"/>
            <fprob>0.0</fprob>
        </actor>
        <actor name="D0N42">
            <wcet number="0">20</wcet>
            <wcet number="1">20</wcet>
            <maxpow number="0.5697677930823256"/>
            <maxpow number="0.5697677930823256"/>
            <fprob>0.0</fprob>
        </actor>
        <actor name="D0N2">
            <wcet number="0">50</wcet>
            <wcet number="1">60</wcet>
            <maxpow number="0.267667460298997"/>
            <maxpow number="0.267667460298997"/>
            <fprob>0.0</fprob>
        </actor>
        <actor name="D0N48">
            <wcet number="0">30</wcet>
            <wcet number="1">40</wcet>
            <maxpow number="0.5910888128344534"/>
            <maxpow number="0.5910888128344534"/>
            <fprob>0.0</fprob>
        </actor>
        <actor name="D0N14">
            <wcet number="0">20</wcet>
            <wcet number="1">60</wcet>
            <maxpow number="0.6745411269759791"/>
            <maxpow number="0.6745411269759791"/>
            <fprob>0.0</fprob>
        </actor>
        <actor name="D0N40">
            <wcet number="0">10</wcet>
            <wcet number="1">120</wcet>
            <maxpow number="0.7140421680092197"/>
            <maxpow number="0.7140421680092197"/>
            <fprob>0.0</fprob>
        </actor>
        <actor name="D0N34">
            <wcet number="0">10</wcet>
            <wcet number="1">10</wcet>
            <maxpow number="0.8065025262429157"/>
            <maxpow number="0.8065025262429157"/>
            <fprob>0.0</fprob>
        </actor>
        <actor name="D0N6">
            <wcet number="0">30</wcet>
            <wcet number="1">210</wcet>
            <maxpow number="0.5176157417638413"/>
            <maxpow number="0.5176157417638413"/>
            <fprob>0.0</fprob>
        </actor>
        <actor name="D0N36">
            <wcet number="0">40</wcet>
            <wcet number="1">40</wcet>
            <maxpow number="0.4992226875324747"/>
            <maxpow number="0.4992226875324747"/>
            <fprob>0.0</fprob>
        </actor>
        <actor name="D0N23">
            <wcet number="0">190</wcet>
            <wcet number="1">250</wcet>
            <maxpow number="0.6749279164129208"/>
            <maxpow number="0.6749279164129208"/>
            <fprob>0.0</fprob>
        </actor>
        <actor name="D0N18">
            <wcet number="0">80</wcet>
            <wcet number="1">140</wcet>
            <maxpow number="0.5370910821235391"/>
            <maxpow number="0.5370910821235391"/>
            <fprob>0.0</fprob>
        </actor>
        <actor name="D0N47">
            <wcet number="0">10</wcet>
            <wcet number="1">10</wcet>
            <maxpow number="0.6918062154823115"/>
            <maxpow number="0.6918062154823115"/>
            <fprob>0.0</fprob>
        </actor>
        <ports>
            <port dstActor="D0N32" name="p0" srcActor="D0N24"/>
            <port dstActor="D0N41" name="p1" srcActor="D0N24"/>
            <port dstActor="D0N20" name="p2" srcActor="D0N7"/>
            <port dstActor="D0N24" name="p3" srcActor="D0N7"/>
            <port dstActor="D0N40" name="p4" srcActor="D0N7"/>
            <port dstActor="D0N45" name="p5" srcActor="D0N7"/>
            <port dstActor="D0N37" name="p6" srcActor="D0N7"/>
            <port dstActor="D0N9" name="p7" srcActor="D0N5"/>
            <port dstActor="D0N11" name="p8" srcActor="D0N5"/>
            <port dstActor="D0N25" name="p9" srcActor="D0N5"/>
            <port dstActor="D0N46" name="p10" srcActor="D0N5"/>
            <port dstActor="D0N26" name="p11" srcActor="D0N5"/>
            <port dstActor="D0N15" name="p12" srcActor="D0N8"/>
            <port dstActor="D0N18" name="p13" srcActor="D0N8"/>
            <port dstActor="D0N49" name="p14" srcActor="D0N8"/>
            <port dstActor="D0N48" name="p15" srcActor="D0N8"/>
            <port dstActor="D0N27" name="p16" srcActor="D0N8"/>
            <port dstActor="D0N43" name="p17" srcActor="D0N21"/>
            <port dstActor="D0N36" name="p18" srcActor="D0N21"/>
            <port dstActor="D0N15" name="p19" srcActor="D0N12"/>
            <port dstActor="D0N28" name="p20" srcActor="D0N12"/>
            <port dstActor="D0N36" name="p21" srcActor="D0N12"/>
            <port dstActor="D0N37" name="p22" srcActor="D0N30"/>
            <port dstActor="D0N46" name="p23" srcActor="D0N11"/>
            <port dstActor="D0N24" name="p24" srcActor="D0N11"/>
            <port dstActor="D0N21" name="p25" srcActor="D0N11"/>
            <port dstActor="D0N45" name="p26" srcActor="D0N11"/>
            <port dstActor="D0N40" name="p27" srcActor="D0N25"/>
            <port dstActor="D0N27" name="p28" srcActor="D0N17"/>
            <port dstActor="D0N36" name="p29" srcActor="D0N27"/>
            <port dstActor="D0N36" name="p30" srcActor="D0N35"/>
            <port dstActor="D0N49" name="p31" srcActor="D0N35"/>
            <port dstActor="D0N35" name="p32" srcActor="D0N19"/>
            <port dstActor="D0N33" name="p33" srcActor="D0N19"/>
            <port dstActor="D0N23" name="p34" srcActor="D0N19"/>
            <port dstActor="D0N22" name="p35" srcActor="D0N19"/>
            <port dstActor="D0N40" name="p36" srcActor="D0N38"/>
            <port dstActor="D0N49" name="p37" srcActor="D0N9"/>
            <port dstActor="D0N15" name="p38" srcActor="D0N9"/>
            <port dstActor="D0N37" name="p39" srcActor="D0N9"/>
            <port dstActor="D0N27" name="p40" srcActor="D0N9"/>
            <port dstActor="D0N4" name="p41" srcActor="D0N0"/>
            <port dstActor="D0N43" name="p42" srcActor="D0N0"/>
            <port dstActor="D0N12" name="p43" srcActor="D0N0"/>
            <port dstActor="D0N49" name="p44" srcActor="D0N0"/>
            <port dstActor="D0N8" name="p45" srcActor="D0N0"/>
            <port dstActor="D0N16" name="p46" srcActor="D0N0"/>
            <port dstActor="D0N46" name="p47" srcActor="D0N28"/>
            <port dstActor="D0N34" name="p48" srcActor="D0N28"/>
            <port dstActor="D0N40" name="p49" srcActor="D0N28"/>
            <port dstActor="D0N17" name="p50" srcActor="D0N4"/>
            <port dstActor="D0N46" name="p51" srcActor="D0N4"/>
            <port dstActor="D0N49" name="p52" srcActor="D0N4"/>
            <port dstActor="D0N40" name="p53" srcActor="D0N4"/>
            <port dstActor="D0N25" name="p54" srcActor="D0N4"/>
            <port dstActor="D0N27" name="p55" srcActor="D0N4"/>
            <port dstActor="D0N49" name="p56" srcActor="D0N32"/>
            <port dstActor="D0N48" name="p57" srcActor="D0N32"/>
            <port dstActor="D0N41" name="p58" srcActor="D0N32"/>
            <port dstActor="D0N46" name="p59" srcActor="D0N45"/>
            <port dstActor="D0N43" name="p60" srcActor="D0N13"/>
            <port dstActor="D0N28" name="p61" srcActor="D0N13"/>
            <port dstActor="D0N25" name="p62" srcActor="D0N13"/>
            <port dstActor="D0N41" name="p63" srcActor="D0N13"/>
            <port dstActor="D0N13" name="p64" srcActor="D0N3"/>
            <port dstActor="D0N26" name="p65" srcActor="D0N3"/>
            <port dstActor="D0N4" name="p66" srcActor="D0N3"/>
            <port dstActor="D0N41" name="p67" srcActor="D0N3"/>
            <port dstActor="D0N16" name="p68" srcActor="D0N3"/>
            <port dstActor="D0N24" name="p69" srcActor="D0N1"/>
            <port dstActor="D0N19" name="p70" srcActor="D0N1"/>
            <port dstActor="D0N33" name="p71" srcActor="D0N1"/>
            <port dstActor="D0N44" name="p72" srcActor="D0N1"/>
            <port dstActor="D0N20" name="p73" srcActor="D0N1"/>
            <port dstActor="D0N36" name="p74" srcActor="D0N29"/>
            <port dstActor="D0N37" name="p75" srcActor="D0N33"/>
            <port dstActor="D0N43" name="p76" srcActor="D0N39"/>
            <port dstActor="D0N42" name="p77" srcActor="D0N39"/>
            <port dstActor="D0N33" name="p78" srcActor="D0N31"/>
            <port dstActor="D0N34" name="p79" srcActor="D0N31"/>
            <port dstActor="D0N48" name="p80" srcActor="D0N41"/>
            <port dstActor="D0N47" name="p81" srcActor="D0N41"/>
            <port dstActor="D0N49" name="p82" srcActor="D0N15"/>
            <port dstActor="D0N16" name="p83" srcActor="D0N15"/>
            <port dstActor="D0N45" name="p84" srcActor="D0N15"/>
            <port dstActor="D0N43" name="p85" srcActor="D0N20"/>
            <port dstActor="D0N35" name="p86" srcActor="D0N16"/>
            <port dstActor="D0N26" name="p87" srcActor="D0N16"/>
            <port dstActor="D0N49" name="p88" srcActor="D0N22"/>
            <port dstActor="D0N42" name="p89" srcActor="D0N22"/>
            <port dstActor="D0N43" name="p90" srcActor="D0N42"/>
            <port dstActor="D0N46" name="p91" srcActor="D0N42"/>
            <port dstActor="D0N7" name="p92" srcActor="D0N2"/>
            <port dstActor="D0N32" name="p93" srcActor="D0N2"/>
            <port dstActor="D0N25" name="p94" srcActor="D0N2"/>
            <port dstActor="D0N17" name="p95" srcActor="D0N2"/>
            <port dstActor="D0N30" name="p96" srcActor="D0N14"/>
            <port dstActor="D0N20" name="p97" srcActor="D0N14"/>
            <port dstActor="D0N40" name="p98" srcActor="D0N14"/>
            <port dstActor="D0N41" name="p99" srcActor="D0N14"/>
            <port dstActor="D0N39" name="p100" srcActor="D0N14"/>
            <port dstActor="D0N37" name="p101" srcActor="D0N34"/>
            <port dstActor="D0N30" name="p102" srcActor="D0N6"/>
            <port dstActor="D0N20" name="p103" srcActor="D0N6"/>
            <port dstActor="D0N28" name="p104" srcActor="D0N6"/>
            <port dstActor="D0N15" name="p105" srcActor="D0N6"/>
            <port dstActor="D0N29" name="p106" srcActor="D0N6"/>
            <port dstActor="D0N40" name="p107" srcActor="D0N6"/>
            <port dstActor="D0N45" name="p108" srcActor="D0N36"/>
            <port dstActor="D0N23" name="p109" srcActor="D0N18"/>
            <port dstActor="D0N32" name="p110" srcActor="D0N18"/>
            <port dstActor="D0N45" name="p111" srcActor="D0N18"/>
        </ports>
    </mcdag>
    <cores number="3"/>
    <levels number="2"/>
</mcsystem>
