<?xml version="1.0" encoding="UTF-8" standalone="no"?>
<mcsystem>
    <mcdag deadline="1800" name="genned-0-ed-10.0-0">
        <actor name="D0N16">
            <wcet number="0">30</wcet>
            <wcet number="1">30</wcet>
            <maxpow number="0.46096084629967626"/>
            <maxpow number="0.46096084629967626"/>
            <fprob>0.0</fprob>
        </actor>
        <actor name="D0N2">
            <wcet number="0">150</wcet>
            <wcet number="1">150</wcet>
            <maxpow number="0.6021083903087082"/>
            <maxpow number="0.6021083903087082"/>
            <fprob>0.0</fprob>
        </actor>
        <actor name="D0N34">
            <wcet number="0">10</wcet>
            <wcet number="1">30</wcet>
            <maxpow number="0.7110469460571853"/>
            <maxpow number="0.7110469460571853"/>
            <fprob>0.0</fprob>
        </actor>
        <actor name="D0N43">
            <wcet number="0">40</wcet>
            <wcet number="1">170</wcet>
            <maxpow number="0.6476707532568398"/>
            <maxpow number="0.6476707532568398"/>
            <fprob>0.0</fprob>
        </actor>
        <actor name="D0N0">
            <wcet number="0">10</wcet>
            <wcet number="1">10</wcet>
            <maxpow number="0.2802661778922607"/>
            <maxpow number="0.2802661778922607"/>
            <fprob>0.0</fprob>
        </actor>
        <actor name="D0N36">
            <wcet number="0">30</wcet>
            <wcet number="1">90</wcet>
            <maxpow number="-0.040826477266024286"/>
            <maxpow number="-0.040826477266024286"/>
            <fprob>0.0</fprob>
        </actor>
        <actor name="D0N33">
            <wcet number="0">40</wcet>
            <wcet number="1">80</wcet>
            <maxpow number="0.5234621910664223"/>
            <maxpow number="0.5234621910664223"/>
            <fprob>0.0</fprob>
        </actor>
        <actor name="D0N29">
            <wcet number="0">20</wcet>
            <wcet number="1">40</wcet>
            <maxpow number="0.6276088392441124"/>
            <maxpow number="0.6276088392441124"/>
            <fprob>0.0</fprob>
        </actor>
        <actor name="D0N37">
            <wcet number="0">60</wcet>
            <wcet number="1">180</wcet>
            <maxpow number="0.33697484409896616"/>
            <maxpow number="0.33697484409896616"/>
            <fprob>0.0</fprob>
        </actor>
        <actor name="D0N7">
            <wcet number="0">30</wcet>
            <wcet number="1">40</wcet>
            <maxpow number="0.7565651635758492"/>
            <maxpow number="0.7565651635758492"/>
            <fprob>0.0</fprob>
        </actor>
        <actor name="D0N17">
            <wcet number="0">80</wcet>
            <wcet number="1">100</wcet>
            <maxpow number="0.6732819566570409"/>
            <maxpow number="0.6732819566570409"/>
            <fprob>0.0</fprob>
        </actor>
        <actor name="D0N39">
            <wcet number="0">10</wcet>
            <wcet number="1">10</wcet>
            <maxpow number="0.48683737036972036"/>
            <maxpow number="0.48683737036972036"/>
            <fprob>0.0</fprob>
        </actor>
        <actor name="D0N46">
            <wcet number="0">30</wcet>
            <wcet number="1">80</wcet>
            <maxpow number="0.46315951895728746"/>
            <maxpow number="0.46315951895728746"/>
            <fprob>0.0</fprob>
        </actor>
        <actor name="D0N32">
            <wcet number="0">30</wcet>
            <wcet number="1">30</wcet>
            <maxpow number="0.5206611107712618"/>
            <maxpow number="0.5206611107712618"/>
            <fprob>0.0</fprob>
        </actor>
        <actor name="D0N48">
            <wcet number="0">20</wcet>
            <wcet number="1">40</wcet>
            <maxpow number="0.49526006624251057"/>
            <maxpow number="0.49526006624251057"/>
            <fprob>0.0</fprob>
        </actor>
        <actor name="D0N15">
            <wcet number="0">210</wcet>
            <wcet number="1">300</wcet>
            <maxpow number="0.5563200056814592"/>
            <maxpow number="0.5563200056814592"/>
            <fprob>0.0</fprob>
        </actor>
        <actor name="D0N5">
            <wcet number="0">90</wcet>
            <wcet number="1">90</wcet>
            <maxpow number="0.5272855348479669"/>
            <maxpow number="0.5272855348479669"/>
            <fprob>0.0</fprob>
        </actor>
        <actor name="D0N6">
            <wcet number="0">10</wcet>
            <wcet number="1">40</wcet>
            <maxpow number="0.4562831394695977"/>
            <maxpow number="0.4562831394695977"/>
            <fprob>0.0</fprob>
        </actor>
        <actor name="D0N22">
            <wcet number="0">60</wcet>
            <wcet number="1">60</wcet>
            <maxpow number="0.5260060095336678"/>
            <maxpow number="0.5260060095336678"/>
            <fprob>0.0</fprob>
        </actor>
        <actor name="D0N42">
            <wcet number="0">50</wcet>
            <wcet number="1">110</wcet>
            <maxpow number="0.5569025620161825"/>
            <maxpow number="0.5569025620161825"/>
            <fprob>0.0</fprob>
        </actor>
        <actor name="D0N12">
            <wcet number="0">40</wcet>
            <wcet number="1">100</wcet>
            <maxpow number="0.4622820625367409"/>
            <maxpow number="0.4622820625367409"/>
            <fprob>0.0</fprob>
        </actor>
        <actor name="D0N14">
            <wcet number="0">130</wcet>
            <wcet number="1">130</wcet>
            <maxpow number="0.9267118403376688"/>
            <maxpow number="0.9267118403376688"/>
            <fprob>0.0</fprob>
        </actor>
        <actor name="D0N9">
            <wcet number="0">30</wcet>
            <wcet number="1">40</wcet>
            <maxpow number="0.45543053482340506"/>
            <maxpow number="0.45543053482340506"/>
            <fprob>0.0</fprob>
        </actor>
        <actor name="D0N1">
            <wcet number="0">20</wcet>
            <wcet number="1">30</wcet>
            <maxpow number="0.7380034725515419"/>
            <maxpow number="0.7380034725515419"/>
            <fprob>0.0</fprob>
        </actor>
        <actor name="D0N18">
            <wcet number="0">140</wcet>
            <wcet number="1">180</wcet>
            <maxpow number="0.6412036391782314"/>
            <maxpow number="0.6412036391782314"/>
            <fprob>0.0</fprob>
        </actor>
        <actor name="D0N23">
            <wcet number="0">10</wcet>
            <wcet number="1">10</wcet>
            <maxpow number="0.6903320626445659"/>
            <maxpow number="0.6903320626445659"/>
            <fprob>0.0</fprob>
        </actor>
        <actor name="D0N3">
            <wcet number="0">200</wcet>
            <wcet number="1">230</wcet>
            <maxpow number="0.7831033216135258"/>
            <maxpow number="0.7831033216135258"/>
            <fprob>0.0</fprob>
        </actor>
        <actor name="D0N49">
            <wcet number="0">170</wcet>
            <wcet number="1">270</wcet>
            <maxpow number="0.566189301096256"/>
            <maxpow number="0.566189301096256"/>
            <fprob>0.0</fprob>
        </actor>
        <actor name="D0N4">
            <wcet number="0">80</wcet>
            <wcet number="1">90</wcet>
            <maxpow number="0.6197852326609309"/>
            <maxpow number="0.6197852326609309"/>
            <fprob>0.0</fprob>
        </actor>
        <actor name="D0N8">
            <wcet number="0">10</wcet>
            <wcet number="1">20</wcet>
            <maxpow number="0.5904661036596549"/>
            <maxpow number="0.5904661036596549"/>
            <fprob>0.0</fprob>
        </actor>
        <actor name="D0N44">
            <wcet number="0">350</wcet>
            <wcet number="1">450</wcet>
            <maxpow number="0.3779084504814025"/>
            <maxpow number="0.3779084504814025"/>
            <fprob>0.0</fprob>
        </actor>
        <actor name="D0N27">
            <wcet number="0">20</wcet>
            <wcet number="1">60</wcet>
            <maxpow number="0.4692561134002056"/>
            <maxpow number="0.4692561134002056"/>
            <fprob>0.0</fprob>
        </actor>
        <actor name="D0N41">
            <wcet number="0">50</wcet>
            <wcet number="1">120</wcet>
            <maxpow number="0.381214570404226"/>
            <maxpow number="0.381214570404226"/>
            <fprob>0.0</fprob>
        </actor>
        <actor name="D0N45">
            <wcet number="0">10</wcet>
            <wcet number="1">10</wcet>
            <maxpow number="0.6858097373450074"/>
            <maxpow number="0.6858097373450074"/>
            <fprob>0.0</fprob>
        </actor>
        <actor name="D0N25">
            <wcet number="0">20</wcet>
            <wcet number="1">90</wcet>
            <maxpow number="0.685768082037135"/>
            <maxpow number="0.685768082037135"/>
            <fprob>0.0</fprob>
        </actor>
        <actor name="D0N13">
            <wcet number="0">160</wcet>
            <wcet number="1">170</wcet>
            <maxpow number="0.4271315316362384"/>
            <maxpow number="0.4271315316362384"/>
            <fprob>0.0</fprob>
        </actor>
        <actor name="D0N21">
            <wcet number="0">20</wcet>
            <wcet number="1">50</wcet>
            <maxpow number="0.4247596780927735"/>
            <maxpow number="0.4247596780927735"/>
            <fprob>0.0</fprob>
        </actor>
        <actor name="D0N30">
            <wcet number="0">40</wcet>
            <wcet number="1">50</wcet>
            <maxpow number="0.6477649494410601"/>
            <maxpow number="0.6477649494410601"/>
            <fprob>0.0</fprob>
        </actor>
        <actor name="D0N47">
            <wcet number="0">20</wcet>
            <wcet number="1">80</wcet>
            <maxpow number="0.6171943384573171"/>
            <maxpow number="0.6171943384573171"/>
            <fprob>0.0</fprob>
        </actor>
        <actor name="D0N11">
            <wcet number="0">10</wcet>
            <wcet number="1">30</wcet>
            <maxpow number="0.42208321944835436"/>
            <maxpow number="0.42208321944835436"/>
            <fprob>0.0</fprob>
        </actor>
        <actor name="D0N20">
            <wcet number="0">20</wcet>
            <wcet number="1">30</wcet>
            <maxpow number="0.6757182602668663"/>
            <maxpow number="0.6757182602668663"/>
            <fprob>0.0</fprob>
        </actor>
        <actor name="D0N10">
            <wcet number="0">10</wcet>
            <wcet number="1">30</wcet>
            <maxpow number="0.6121398590036796"/>
            <maxpow number="0.6121398590036796"/>
            <fprob>0.0</fprob>
        </actor>
        <actor name="D0N35">
            <wcet number="0">40</wcet>
            <wcet number="1">50</wcet>
            <maxpow number="0.35153629277217213"/>
            <maxpow number="0.35153629277217213"/>
            <fprob>0.0</fprob>
        </actor>
        <actor name="D0N38">
            <wcet number="0">50</wcet>
            <wcet number="1">180</wcet>
            <maxpow number="0.6404491663848323"/>
            <maxpow number="0.6404491663848323"/>
            <fprob>0.0</fprob>
        </actor>
        <actor name="D0N26">
            <wcet number="0">110</wcet>
            <wcet number="1">120</wcet>
            <maxpow number="0.6117687313129182"/>
            <maxpow number="0.6117687313129182"/>
            <fprob>0.0</fprob>
        </actor>
        <actor name="D0N31">
            <wcet number="0">10</wcet>
            <wcet number="1">20</wcet>
            <maxpow number="0.5041267714173268"/>
            <maxpow number="0.5041267714173268"/>
            <fprob>0.0</fprob>
        </actor>
        <actor name="D0N28">
            <wcet number="0">10</wcet>
            <wcet number="1">80</wcet>
            <maxpow number="0.2712620301789637"/>
            <maxpow number="0.2712620301789637"/>
            <fprob>0.0</fprob>
        </actor>
        <actor name="D0N24">
            <wcet number="0">70</wcet>
            <wcet number="1">230</wcet>
            <maxpow number="0.5935143214361187"/>
            <maxpow number="0.5935143214361187"/>
            <fprob>0.0</fprob>
        </actor>
        <actor name="D0N19">
            <wcet number="0">30</wcet>
            <wcet number="1">100</wcet>
            <maxpow number="0.756787724591547"/>
            <maxpow number="0.756787724591547"/>
            <fprob>0.0</fprob>
        </actor>
        <actor name="D0N40">
            <wcet number="0">240</wcet>
            <wcet number="1">310</wcet>
            <maxpow number="0.5652598665409286"/>
            <maxpow number="0.5652598665409286"/>
            <fprob>0.0</fprob>
        </actor>
        <ports>
            <port dstActor="D0N22" name="p0" srcActor="D0N16"/>
            <port dstActor="D0N32" name="p1" srcActor="D0N16"/>
            <port dstActor="D0N44" name="p2" srcActor="D0N16"/>
            <port dstActor="D0N33" name="p3" srcActor="D0N2"/>
            <port dstActor="D0N14" name="p4" srcActor="D0N2"/>
            <port dstActor="D0N13" name="p5" srcActor="D0N2"/>
            <port dstActor="D0N40" name="p6" srcActor="D0N2"/>
            <port dstActor="D0N42" name="p7" srcActor="D0N34"/>
            <port dstActor="D0N44" name="p8" srcActor="D0N43"/>
            <port dstActor="D0N32" name="p9" srcActor="D0N0"/>
            <port dstActor="D0N36" name="p10" srcActor="D0N0"/>
            <port dstActor="D0N4" name="p11" srcActor="D0N0"/>
            <port dstActor="D0N25" name="p12" srcActor="D0N0"/>
            <port dstActor="D0N5" name="p13" srcActor="D0N0"/>
            <port dstActor="D0N40" name="p14" srcActor="D0N29"/>
            <port dstActor="D0N30" name="p15" srcActor="D0N29"/>
            <port dstActor="D0N45" name="p16" srcActor="D0N37"/>
            <port dstActor="D0N41" name="p17" srcActor="D0N37"/>
            <port dstActor="D0N38" name="p18" srcActor="D0N37"/>
            <port dstActor="D0N48" name="p19" srcActor="D0N7"/>
            <port dstActor="D0N34" name="p20" srcActor="D0N7"/>
            <port dstActor="D0N13" name="p21" srcActor="D0N7"/>
            <port dstActor="D0N47" name="p22" srcActor="D0N7"/>
            <port dstActor="D0N22" name="p23" srcActor="D0N17"/>
            <port dstActor="D0N26" name="p24" srcActor="D0N17"/>
            <port dstActor="D0N32" name="p25" srcActor="D0N17"/>
            <port dstActor="D0N42" name="p26" srcActor="D0N32"/>
            <port dstActor="D0N43" name="p27" srcActor="D0N32"/>
            <port dstActor="D0N38" name="p28" srcActor="D0N32"/>
            <port dstActor="D0N45" name="p29" srcActor="D0N15"/>
            <port dstActor="D0N24" name="p30" srcActor="D0N15"/>
            <port dstActor="D0N28" name="p31" srcActor="D0N15"/>
            <port dstActor="D0N40" name="p32" srcActor="D0N15"/>
            <port dstActor="D0N40" name="p33" srcActor="D0N5"/>
            <port dstActor="D0N10" name="p34" srcActor="D0N5"/>
            <port dstActor="D0N26" name="p35" srcActor="D0N5"/>
            <port dstActor="D0N34" name="p36" srcActor="D0N5"/>
            <port dstActor="D0N35" name="p37" srcActor="D0N6"/>
            <port dstActor="D0N40" name="p38" srcActor="D0N22"/>
            <port dstActor="D0N46" name="p39" srcActor="D0N42"/>
            <port dstActor="D0N22" name="p40" srcActor="D0N12"/>
            <port dstActor="D0N29" name="p41" srcActor="D0N14"/>
            <port dstActor="D0N42" name="p42" srcActor="D0N14"/>
            <port dstActor="D0N46" name="p43" srcActor="D0N14"/>
            <port dstActor="D0N24" name="p44" srcActor="D0N14"/>
            <port dstActor="D0N29" name="p45" srcActor="D0N9"/>
            <port dstActor="D0N35" name="p46" srcActor="D0N9"/>
            <port dstActor="D0N15" name="p47" srcActor="D0N9"/>
            <port dstActor="D0N11" name="p48" srcActor="D0N9"/>
            <port dstActor="D0N14" name="p49" srcActor="D0N9"/>
            <port dstActor="D0N24" name="p50" srcActor="D0N9"/>
            <port dstActor="D0N47" name="p51" srcActor="D0N1"/>
            <port dstActor="D0N28" name="p52" srcActor="D0N1"/>
            <port dstActor="D0N26" name="p53" srcActor="D0N18"/>
            <port dstActor="D0N32" name="p54" srcActor="D0N23"/>
            <port dstActor="D0N49" name="p55" srcActor="D0N23"/>
            <port dstActor="D0N28" name="p56" srcActor="D0N23"/>
            <port dstActor="D0N46" name="p57" srcActor="D0N3"/>
            <port dstActor="D0N19" name="p58" srcActor="D0N3"/>
            <port dstActor="D0N36" name="p59" srcActor="D0N4"/>
            <port dstActor="D0N34" name="p60" srcActor="D0N4"/>
            <port dstActor="D0N8" name="p61" srcActor="D0N4"/>
            <port dstActor="D0N19" name="p62" srcActor="D0N4"/>
            <port dstActor="D0N17" name="p63" srcActor="D0N4"/>
            <port dstActor="D0N47" name="p64" srcActor="D0N8"/>
            <port dstActor="D0N40" name="p65" srcActor="D0N8"/>
            <port dstActor="D0N38" name="p66" srcActor="D0N8"/>
            <port dstActor="D0N47" name="p67" srcActor="D0N44"/>
            <port dstActor="D0N40" name="p68" srcActor="D0N27"/>
            <port dstActor="D0N42" name="p69" srcActor="D0N27"/>
            <port dstActor="D0N42" name="p70" srcActor="D0N41"/>
            <port dstActor="D0N46" name="p71" srcActor="D0N41"/>
            <port dstActor="D0N20" name="p72" srcActor="D0N13"/>
            <port dstActor="D0N32" name="p73" srcActor="D0N13"/>
            <port dstActor="D0N47" name="p74" srcActor="D0N13"/>
            <port dstActor="D0N43" name="p75" srcActor="D0N21"/>
            <port dstActor="D0N47" name="p76" srcActor="D0N21"/>
            <port dstActor="D0N43" name="p77" srcActor="D0N30"/>
            <port dstActor="D0N48" name="p78" srcActor="D0N30"/>
            <port dstActor="D0N23" name="p79" srcActor="D0N11"/>
            <port dstActor="D0N46" name="p80" srcActor="D0N11"/>
            <port dstActor="D0N15" name="p81" srcActor="D0N11"/>
            <port dstActor="D0N38" name="p82" srcActor="D0N11"/>
            <port dstActor="D0N29" name="p83" srcActor="D0N11"/>
            <port dstActor="D0N48" name="p84" srcActor="D0N11"/>
            <port dstActor="D0N24" name="p85" srcActor="D0N20"/>
            <port dstActor="D0N46" name="p86" srcActor="D0N20"/>
            <port dstActor="D0N22" name="p87" srcActor="D0N20"/>
            <port dstActor="D0N29" name="p88" srcActor="D0N20"/>
            <port dstActor="D0N12" name="p89" srcActor="D0N10"/>
            <port dstActor="D0N21" name="p90" srcActor="D0N10"/>
            <port dstActor="D0N25" name="p91" srcActor="D0N10"/>
            <port dstActor="D0N36" name="p92" srcActor="D0N10"/>
            <port dstActor="D0N41" name="p93" srcActor="D0N10"/>
            <port dstActor="D0N37" name="p94" srcActor="D0N10"/>
            <port dstActor="D0N45" name="p95" srcActor="D0N35"/>
            <port dstActor="D0N49" name="p96" srcActor="D0N38"/>
            <port dstActor="D0N29" name="p97" srcActor="D0N26"/>
            <port dstActor="D0N32" name="p98" srcActor="D0N26"/>
            <port dstActor="D0N48" name="p99" srcActor="D0N31"/>
            <port dstActor="D0N40" name="p100" srcActor="D0N28"/>
            <port dstActor="D0N30" name="p101" srcActor="D0N28"/>
            <port dstActor="D0N48" name="p102" srcActor="D0N28"/>
            <port dstActor="D0N25" name="p103" srcActor="D0N24"/>
            <port dstActor="D0N43" name="p104" srcActor="D0N24"/>
            <port dstActor="D0N28" name="p105" srcActor="D0N19"/>
            <port dstActor="D0N25" name="p106" srcActor="D0N19"/>
            <port dstActor="D0N27" name="p107" srcActor="D0N19"/>
        </ports>
    </mcdag>
    <cores number="3"/>
    <levels number="2"/>
</mcsystem>
