<?xml version="1.0" encoding="UTF-8" standalone="no"?>
<mcsystem>
    <mcdag deadline="4000" name="genned-0-ed-10.0-0">
        <actor name="D0N32">
            <wcet number="0">170</wcet>
            <wcet number="1">230</wcet>
            <maxpow number="0.7196975657032842"/>
            <maxpow number="0.7196975657032842"/>
            <fprob>0.0</fprob>
        </actor>
        <actor name="D0N40">
            <wcet number="0">40</wcet>
            <wcet number="1">70</wcet>
            <maxpow number="0.600619292917303"/>
            <maxpow number="0.600619292917303"/>
            <fprob>0.0</fprob>
        </actor>
        <actor name="D0N27">
            <wcet number="0">120</wcet>
            <wcet number="1">120</wcet>
            <maxpow number="0.45945927123811503"/>
            <maxpow number="0.45945927123811503"/>
            <fprob>0.0</fprob>
        </actor>
        <actor name="D0N34">
            <wcet number="0">40</wcet>
            <wcet number="1">60</wcet>
            <maxpow number="0.413226628955569"/>
            <maxpow number="0.413226628955569"/>
            <fprob>0.0</fprob>
        </actor>
        <actor name="D0N21">
            <wcet number="0">20</wcet>
            <wcet number="1">40</wcet>
            <maxpow number="0.29631410568362226"/>
            <maxpow number="0.29631410568362226"/>
            <fprob>0.0</fprob>
        </actor>
        <actor name="D0N26">
            <wcet number="0">60</wcet>
            <wcet number="1">290</wcet>
            <maxpow number="0.3506311905817408"/>
            <maxpow number="0.3506311905817408"/>
            <fprob>0.0</fprob>
        </actor>
        <actor name="D0N0">
            <wcet number="0">540</wcet>
            <wcet number="1">570</wcet>
            <maxpow number="0.445916422139762"/>
            <maxpow number="0.445916422139762"/>
            <fprob>0.0</fprob>
        </actor>
        <actor name="D0N15">
            <wcet number="0">70</wcet>
            <wcet number="1">210</wcet>
            <maxpow number="0.6099037077667738"/>
            <maxpow number="0.6099037077667738"/>
            <fprob>0.0</fprob>
        </actor>
        <actor name="D0N24">
            <wcet number="0">40</wcet>
            <wcet number="1">50</wcet>
            <maxpow number="0.5676856239823794"/>
            <maxpow number="0.5676856239823794"/>
            <fprob>0.0</fprob>
        </actor>
        <actor name="D0N38">
            <wcet number="0">70</wcet>
            <wcet number="1">220</wcet>
            <maxpow number="0.5766150628192892"/>
            <maxpow number="0.5766150628192892"/>
            <fprob>0.0</fprob>
        </actor>
        <actor name="D0N44">
            <wcet number="0">20</wcet>
            <wcet number="1">30</wcet>
            <maxpow number="0.5108586013705912"/>
            <maxpow number="0.5108586013705912"/>
            <fprob>0.0</fprob>
        </actor>
        <actor name="D0N2">
            <wcet number="0">10</wcet>
            <wcet number="1">30</wcet>
            <maxpow number="0.6196365560433923"/>
            <maxpow number="0.6196365560433923"/>
            <fprob>0.0</fprob>
        </actor>
        <actor name="D0N8">
            <wcet number="0">130</wcet>
            <wcet number="1">350</wcet>
            <maxpow number="0.6706234724148694"/>
            <maxpow number="0.6706234724148694"/>
            <fprob>0.0</fprob>
        </actor>
        <actor name="D0N28">
            <wcet number="0">50</wcet>
            <wcet number="1">50</wcet>
            <maxpow number="0.6447053923188139"/>
            <maxpow number="0.6447053923188139"/>
            <fprob>0.0</fprob>
        </actor>
        <actor name="D0N13">
            <wcet number="0">30</wcet>
            <wcet number="1">80</wcet>
            <maxpow number="0.6644479618336051"/>
            <maxpow number="0.6644479618336051"/>
            <fprob>0.0</fprob>
        </actor>
        <actor name="D0N6">
            <wcet number="0">40</wcet>
            <wcet number="1">70</wcet>
            <maxpow number="0.6371540137759604"/>
            <maxpow number="0.6371540137759604"/>
            <fprob>0.0</fprob>
        </actor>
        <actor name="D0N35">
            <wcet number="0">20</wcet>
            <wcet number="1">30</wcet>
            <maxpow number="0.3716413815327717"/>
            <maxpow number="0.3716413815327717"/>
            <fprob>0.0</fprob>
        </actor>
        <actor name="D0N30">
            <wcet number="0">260</wcet>
            <wcet number="1">270</wcet>
            <maxpow number="0.3372006803255338"/>
            <maxpow number="0.3372006803255338"/>
            <fprob>0.0</fprob>
        </actor>
        <actor name="D0N11">
            <wcet number="0">20</wcet>
            <wcet number="1">220</wcet>
            <maxpow number="0.8955426412477792"/>
            <maxpow number="0.8955426412477792"/>
            <fprob>0.0</fprob>
        </actor>
        <actor name="D0N9">
            <wcet number="0">340</wcet>
            <wcet number="1">400</wcet>
            <maxpow number="0.6560833666193729"/>
            <maxpow number="0.6560833666193729"/>
            <fprob>0.0</fprob>
        </actor>
        <actor name="D0N16">
            <wcet number="0">130</wcet>
            <wcet number="1">170</wcet>
            <maxpow number="0.510144417585029"/>
            <maxpow number="0.510144417585029"/>
            <fprob>0.0</fprob>
        </actor>
        <actor name="D0N22">
            <wcet number="0">50</wcet>
            <wcet number="1">70</wcet>
            <maxpow number="0.34919925964764664"/>
            <maxpow number="0.34919925964764664"/>
            <fprob>0.0</fprob>
        </actor>
        <actor name="D0N29">
            <wcet number="0">70</wcet>
            <wcet number="1">400</wcet>
            <maxpow number="0.5135335933666683"/>
            <maxpow number="0.5135335933666683"/>
            <fprob>0.0</fprob>
        </actor>
        <actor name="D0N17">
            <wcet number="0">10</wcet>
            <wcet number="1">30</wcet>
            <maxpow number="0.14389012509666854"/>
            <maxpow number="0.14389012509666854"/>
            <fprob>0.0</fprob>
        </actor>
        <actor name="D0N7">
            <wcet number="0">480</wcet>
            <wcet number="1">540</wcet>
            <maxpow number="0.8276259598283362"/>
            <maxpow number="0.8276259598283362"/>
            <fprob>0.0</fprob>
        </actor>
        <actor name="D0N20">
            <wcet number="0">50</wcet>
            <wcet number="1">50</wcet>
            <maxpow number="0.48507088149870514"/>
            <maxpow number="0.48507088149870514"/>
            <fprob>0.0</fprob>
        </actor>
        <actor name="D0N36">
            <wcet number="0">100</wcet>
            <wcet number="1">150</wcet>
            <maxpow number="0.5561363858104227"/>
            <maxpow number="0.5561363858104227"/>
            <fprob>0.0</fprob>
        </actor>
        <actor name="D0N3">
            <wcet number="0">90</wcet>
            <wcet number="1">150</wcet>
            <maxpow number="0.371871170418937"/>
            <maxpow number="0.371871170418937"/>
            <fprob>0.0</fprob>
        </actor>
        <actor name="D0N41">
            <wcet number="0">300</wcet>
            <wcet number="1">510</wcet>
            <maxpow number="0.7332644075180804"/>
            <maxpow number="0.7332644075180804"/>
            <fprob>0.0</fprob>
        </actor>
        <actor name="D0N18">
            <wcet number="0">20</wcet>
            <wcet number="1">30</wcet>
            <maxpow number="0.41307747870901357"/>
            <maxpow number="0.41307747870901357"/>
            <fprob>0.0</fprob>
        </actor>
        <actor name="D0N31">
            <wcet number="0">490</wcet>
            <wcet number="1">630</wcet>
            <maxpow number="0.5275450124209832"/>
            <maxpow number="0.5275450124209832"/>
            <fprob>0.0</fprob>
        </actor>
        <actor name="D0N33">
            <wcet number="0">80</wcet>
            <wcet number="1">230</wcet>
            <maxpow number="0.5205264245411424"/>
            <maxpow number="0.5205264245411424"/>
            <fprob>0.0</fprob>
        </actor>
        <actor name="D0N1">
            <wcet number="0">20</wcet>
            <wcet number="1">70</wcet>
            <maxpow number="0.430226430181887"/>
            <maxpow number="0.430226430181887"/>
            <fprob>0.0</fprob>
        </actor>
        <actor name="D0N48">
            <wcet number="0">20</wcet>
            <wcet number="1">20</wcet>
            <maxpow number="0.5970732254485628"/>
            <maxpow number="0.5970732254485628"/>
            <fprob>0.0</fprob>
        </actor>
        <actor name="D0N43">
            <wcet number="0">60</wcet>
            <wcet number="1">60</wcet>
            <maxpow number="0.7896930340529386"/>
            <maxpow number="0.7896930340529386"/>
            <fprob>0.0</fprob>
        </actor>
        <actor name="D0N14">
            <wcet number="0">50</wcet>
            <wcet number="1">70</wcet>
            <maxpow number="0.42046111987343227"/>
            <maxpow number="0.42046111987343227"/>
            <fprob>0.0</fprob>
        </actor>
        <actor name="D0N45">
            <wcet number="0">30</wcet>
            <wcet number="1">40</wcet>
            <maxpow number="0.7405307095204317"/>
            <maxpow number="0.7405307095204317"/>
            <fprob>0.0</fprob>
        </actor>
        <actor name="D0N25">
            <wcet number="0">60</wcet>
            <wcet number="1">170</wcet>
            <maxpow number="0.5863444850527816"/>
            <maxpow number="0.5863444850527816"/>
            <fprob>0.0</fprob>
        </actor>
        <actor name="D0N39">
            <wcet number="0">100</wcet>
            <wcet number="1">200</wcet>
            <maxpow number="0.7659196758379199"/>
            <maxpow number="0.7659196758379199"/>
            <fprob>0.0</fprob>
        </actor>
        <actor name="D0N4">
            <wcet number="0">10</wcet>
            <wcet number="1">10</wcet>
            <maxpow number="0.4427683529432692"/>
            <maxpow number="0.4427683529432692"/>
            <fprob>0.0</fprob>
        </actor>
        <actor name="D0N37">
            <wcet number="0">120</wcet>
            <wcet number="1">150</wcet>
            <maxpow number="0.5589554193175444"/>
            <maxpow number="0.5589554193175444"/>
            <fprob>0.0</fprob>
        </actor>
        <actor name="D0N46">
            <wcet number="0">70</wcet>
            <wcet number="1">70</wcet>
            <maxpow number="0.4021958600316816"/>
            <maxpow number="0.4021958600316816"/>
            <fprob>0.0</fprob>
        </actor>
        <actor name="D0N47">
            <wcet number="0">10</wcet>
            <wcet number="1">220</wcet>
            <maxpow number="0.3141200744527005"/>
            <maxpow number="0.3141200744527005"/>
            <fprob>0.0</fprob>
        </actor>
        <actor name="D0N19">
            <wcet number="0">10</wcet>
            <wcet number="1">10</wcet>
            <maxpow number="0.88696061862766"/>
            <maxpow number="0.88696061862766"/>
            <fprob>0.0</fprob>
        </actor>
        <actor name="D0N42">
            <wcet number="0">30</wcet>
            <wcet number="1">40</wcet>
            <maxpow number="0.41577496125021474"/>
            <maxpow number="0.41577496125021474"/>
            <fprob>0.0</fprob>
        </actor>
        <actor name="D0N12">
            <wcet number="0">460</wcet>
            <wcet number="1">640</wcet>
            <maxpow number="0.44620566953799395"/>
            <maxpow number="0.44620566953799395"/>
            <fprob>0.0</fprob>
        </actor>
        <actor name="D0N5">
            <wcet number="0">130</wcet>
            <wcet number="1">150</wcet>
            <maxpow number="0.5954948492717844"/>
            <maxpow number="0.5954948492717844"/>
            <fprob>0.0</fprob>
        </actor>
        <actor name="D0N23">
            <wcet number="0">20</wcet>
            <wcet number="1">40</wcet>
            <maxpow number="0.7420114011225452"/>
            <maxpow number="0.7420114011225452"/>
            <fprob>0.0</fprob>
        </actor>
        <actor name="D0N10">
            <wcet number="0">70</wcet>
            <wcet number="1">90</wcet>
            <maxpow number="0.7152534241258078"/>
            <maxpow number="0.7152534241258078"/>
            <fprob>0.0</fprob>
        </actor>
        <ports>
            <port dstActor="D0N35" name="p0" srcActor="D0N32"/>
            <port dstActor="D0N39" name="p1" srcActor="D0N32"/>
            <port dstActor="D0N48" name="p2" srcActor="D0N40"/>
            <port dstActor="D0N45" name="p3" srcActor="D0N27"/>
            <port dstActor="D0N43" name="p4" srcActor="D0N27"/>
            <port dstActor="D0N42" name="p5" srcActor="D0N27"/>
            <port dstActor="D0N28" name="p6" srcActor="D0N27"/>
            <port dstActor="D0N27" name="p7" srcActor="D0N21"/>
            <port dstActor="D0N47" name="p8" srcActor="D0N26"/>
            <port dstActor="D0N27" name="p9" srcActor="D0N26"/>
            <port dstActor="D0N34" name="p10" srcActor="D0N26"/>
            <port dstActor="D0N31" name="p11" srcActor="D0N26"/>
            <port dstActor="D0N17" name="p12" srcActor="D0N0"/>
            <port dstActor="D0N44" name="p13" srcActor="D0N0"/>
            <port dstActor="D0N43" name="p14" srcActor="D0N0"/>
            <port dstActor="D0N10" name="p15" srcActor="D0N0"/>
            <port dstActor="D0N4" name="p16" srcActor="D0N0"/>
            <port dstActor="D0N32" name="p17" srcActor="D0N0"/>
            <port dstActor="D0N41" name="p18" srcActor="D0N15"/>
            <port dstActor="D0N17" name="p19" srcActor="D0N15"/>
            <port dstActor="D0N42" name="p20" srcActor="D0N15"/>
            <port dstActor="D0N20" name="p21" srcActor="D0N15"/>
            <port dstActor="D0N27" name="p22" srcActor="D0N24"/>
            <port dstActor="D0N37" name="p23" srcActor="D0N24"/>
            <port dstActor="D0N40" name="p24" srcActor="D0N24"/>
            <port dstActor="D0N47" name="p25" srcActor="D0N38"/>
            <port dstActor="D0N10" name="p26" srcActor="D0N2"/>
            <port dstActor="D0N7" name="p27" srcActor="D0N2"/>
            <port dstActor="D0N37" name="p28" srcActor="D0N2"/>
            <port dstActor="D0N15" name="p29" srcActor="D0N2"/>
            <port dstActor="D0N19" name="p30" srcActor="D0N2"/>
            <port dstActor="D0N9" name="p31" srcActor="D0N2"/>
            <port dstActor="D0N28" name="p32" srcActor="D0N8"/>
            <port dstActor="D0N26" name="p33" srcActor="D0N8"/>
            <port dstActor="D0N13" name="p34" srcActor="D0N8"/>
            <port dstActor="D0N21" name="p35" srcActor="D0N8"/>
            <port dstActor="D0N48" name="p36" srcActor="D0N28"/>
            <port dstActor="D0N32" name="p37" srcActor="D0N28"/>
            <port dstActor="D0N35" name="p38" srcActor="D0N28"/>
            <port dstActor="D0N46" name="p39" srcActor="D0N28"/>
            <port dstActor="D0N38" name="p40" srcActor="D0N28"/>
            <port dstActor="D0N39" name="p41" srcActor="D0N28"/>
            <port dstActor="D0N36" name="p42" srcActor="D0N28"/>
            <port dstActor="D0N25" name="p43" srcActor="D0N13"/>
            <port dstActor="D0N37" name="p44" srcActor="D0N13"/>
            <port dstActor="D0N16" name="p45" srcActor="D0N13"/>
            <port dstActor="D0N38" name="p46" srcActor="D0N13"/>
            <port dstActor="D0N9" name="p47" srcActor="D0N6"/>
            <port dstActor="D0N38" name="p48" srcActor="D0N6"/>
            <port dstActor="D0N46" name="p49" srcActor="D0N35"/>
            <port dstActor="D0N14" name="p50" srcActor="D0N11"/>
            <port dstActor="D0N44" name="p51" srcActor="D0N11"/>
            <port dstActor="D0N25" name="p52" srcActor="D0N11"/>
            <port dstActor="D0N38" name="p53" srcActor="D0N11"/>
            <port dstActor="D0N22" name="p54" srcActor="D0N9"/>
            <port dstActor="D0N11" name="p55" srcActor="D0N9"/>
            <port dstActor="D0N12" name="p56" srcActor="D0N9"/>
            <port dstActor="D0N31" name="p57" srcActor="D0N9"/>
            <port dstActor="D0N35" name="p58" srcActor="D0N9"/>
            <port dstActor="D0N34" name="p59" srcActor="D0N16"/>
            <port dstActor="D0N17" name="p60" srcActor="D0N16"/>
            <port dstActor="D0N40" name="p61" srcActor="D0N16"/>
            <port dstActor="D0N40" name="p62" srcActor="D0N22"/>
            <port dstActor="D0N45" name="p63" srcActor="D0N29"/>
            <port dstActor="D0N39" name="p64" srcActor="D0N29"/>
            <port dstActor="D0N44" name="p65" srcActor="D0N29"/>
            <port dstActor="D0N34" name="p66" srcActor="D0N29"/>
            <port dstActor="D0N25" name="p67" srcActor="D0N17"/>
            <port dstActor="D0N30" name="p68" srcActor="D0N17"/>
            <port dstActor="D0N38" name="p69" srcActor="D0N17"/>
            <port dstActor="D0N26" name="p70" srcActor="D0N17"/>
            <port dstActor="D0N38" name="p71" srcActor="D0N7"/>
            <port dstActor="D0N23" name="p72" srcActor="D0N7"/>
            <port dstActor="D0N48" name="p73" srcActor="D0N7"/>
            <port dstActor="D0N9" name="p74" srcActor="D0N7"/>
            <port dstActor="D0N48" name="p75" srcActor="D0N20"/>
            <port dstActor="D0N42" name="p76" srcActor="D0N20"/>
            <port dstActor="D0N46" name="p77" srcActor="D0N20"/>
            <port dstActor="D0N40" name="p78" srcActor="D0N20"/>
            <port dstActor="D0N44" name="p79" srcActor="D0N20"/>
            <port dstActor="D0N42" name="p80" srcActor="D0N36"/>
            <port dstActor="D0N41" name="p81" srcActor="D0N3"/>
            <port dstActor="D0N16" name="p82" srcActor="D0N3"/>
            <port dstActor="D0N8" name="p83" srcActor="D0N3"/>
            <port dstActor="D0N45" name="p84" srcActor="D0N3"/>
            <port dstActor="D0N36" name="p85" srcActor="D0N3"/>
            <port dstActor="D0N43" name="p86" srcActor="D0N41"/>
            <port dstActor="D0N48" name="p87" srcActor="D0N41"/>
            <port dstActor="D0N47" name="p88" srcActor="D0N18"/>
            <port dstActor="D0N46" name="p89" srcActor="D0N18"/>
            <port dstActor="D0N42" name="p90" srcActor="D0N31"/>
            <port dstActor="D0N32" name="p91" srcActor="D0N31"/>
            <port dstActor="D0N35" name="p92" srcActor="D0N31"/>
            <port dstActor="D0N34" name="p93" srcActor="D0N31"/>
            <port dstActor="D0N39" name="p94" srcActor="D0N33"/>
            <port dstActor="D0N46" name="p95" srcActor="D0N33"/>
            <port dstActor="D0N37" name="p96" srcActor="D0N33"/>
            <port dstActor="D0N31" name="p97" srcActor="D0N1"/>
            <port dstActor="D0N44" name="p98" srcActor="D0N1"/>
            <port dstActor="D0N27" name="p99" srcActor="D0N1"/>
            <port dstActor="D0N33" name="p100" srcActor="D0N1"/>
            <port dstActor="D0N18" name="p101" srcActor="D0N1"/>
            <port dstActor="D0N29" name="p102" srcActor="D0N14"/>
            <port dstActor="D0N28" name="p103" srcActor="D0N14"/>
            <port dstActor="D0N35" name="p104" srcActor="D0N14"/>
            <port dstActor="D0N19" name="p105" srcActor="D0N14"/>
            <port dstActor="D0N32" name="p106" srcActor="D0N25"/>
            <port dstActor="D0N42" name="p107" srcActor="D0N39"/>
            <port dstActor="D0N14" name="p108" srcActor="D0N4"/>
            <port dstActor="D0N41" name="p109" srcActor="D0N37"/>
            <port dstActor="D0N43" name="p110" srcActor="D0N37"/>
            <port dstActor="D0N38" name="p111" srcActor="D0N19"/>
            <port dstActor="D0N48" name="p112" srcActor="D0N19"/>
            <port dstActor="D0N45" name="p113" srcActor="D0N42"/>
            <port dstActor="D0N16" name="p114" srcActor="D0N12"/>
            <port dstActor="D0N23" name="p115" srcActor="D0N12"/>
            <port dstActor="D0N25" name="p116" srcActor="D0N12"/>
            <port dstActor="D0N20" name="p117" srcActor="D0N12"/>
            <port dstActor="D0N34" name="p118" srcActor="D0N12"/>
            <port dstActor="D0N45" name="p119" srcActor="D0N5"/>
            <port dstActor="D0N18" name="p120" srcActor="D0N5"/>
            <port dstActor="D0N36" name="p121" srcActor="D0N5"/>
            <port dstActor="D0N27" name="p122" srcActor="D0N5"/>
            <port dstActor="D0N19" name="p123" srcActor="D0N5"/>
            <port dstActor="D0N38" name="p124" srcActor="D0N5"/>
            <port dstActor="D0N39" name="p125" srcActor="D0N23"/>
            <port dstActor="D0N40" name="p126" srcActor="D0N23"/>
            <port dstActor="D0N47" name="p127" srcActor="D0N23"/>
            <port dstActor="D0N31" name="p128" srcActor="D0N23"/>
            <port dstActor="D0N39" name="p129" srcActor="D0N10"/>
            <port dstActor="D0N32" name="p130" srcActor="D0N10"/>
            <port dstActor="D0N37" name="p131" srcActor="D0N10"/>
            <port dstActor="D0N29" name="p132" srcActor="D0N10"/>
            <port dstActor="D0N19" name="p133" srcActor="D0N10"/>
            <port dstActor="D0N30" name="p134" srcActor="D0N10"/>
            <port dstActor="D0N25" name="p135" srcActor="D0N10"/>
        </ports>
    </mcdag>
    <cores number="3"/>
    <levels number="2"/>
</mcsystem>
