<?xml version="1.0" encoding="UTF-8" standalone="no"?>
<mcsystem>
    <mcdag deadline="2000" name="genned-0-ed-10.0-0">
        <actor name="D0N27">
            <wcet number="0">100</wcet>
            <wcet number="1">400</wcet>
            <maxpow number="0.41342753830672296"/>
            <maxpow number="0.41342753830672296"/>
            <fprob>0.0</fprob>
        </actor>
        <actor name="D0N14">
            <wcet number="0">30</wcet>
            <wcet number="1">280</wcet>
            <maxpow number="0.6378943531919955"/>
            <maxpow number="0.6378943531919955"/>
            <fprob>0.0</fprob>
        </actor>
        <actor name="D0N35">
            <wcet number="0">10</wcet>
            <wcet number="1">20</wcet>
            <maxpow number="0.3513155899044491"/>
            <maxpow number="0.3513155899044491"/>
            <fprob>0.0</fprob>
        </actor>
        <actor name="D0N2">
            <wcet number="0">40</wcet>
            <wcet number="1">70</wcet>
            <maxpow number="0.7813032341325085"/>
            <maxpow number="0.7813032341325085"/>
            <fprob>0.0</fprob>
        </actor>
        <actor name="D0N13">
            <wcet number="0">30</wcet>
            <wcet number="1">30</wcet>
            <maxpow number="0.6637890903895658"/>
            <maxpow number="0.6637890903895658"/>
            <fprob>0.0</fprob>
        </actor>
        <actor name="D0N48">
            <wcet number="0">60</wcet>
            <wcet number="1">60</wcet>
            <maxpow number="0.6537555198060985"/>
            <maxpow number="0.6537555198060985"/>
            <fprob>0.0</fprob>
        </actor>
        <actor name="D0N8">
            <wcet number="0">290</wcet>
            <wcet number="1">320</wcet>
            <maxpow number="0.4190433283058608"/>
            <maxpow number="0.4190433283058608"/>
            <fprob>0.0</fprob>
        </actor>
        <actor name="D0N1">
            <wcet number="0">130</wcet>
            <wcet number="1">150</wcet>
            <maxpow number="0.31323312509636725"/>
            <maxpow number="0.31323312509636725"/>
            <fprob>0.0</fprob>
        </actor>
        <actor name="D0N11">
            <wcet number="0">60</wcet>
            <wcet number="1">80</wcet>
            <maxpow number="0.39992146075596513"/>
            <maxpow number="0.39992146075596513"/>
            <fprob>0.0</fprob>
        </actor>
        <actor name="D0N39">
            <wcet number="0">10</wcet>
            <wcet number="1">30</wcet>
            <maxpow number="0.8056365769620797"/>
            <maxpow number="0.8056365769620797"/>
            <fprob>0.0</fprob>
        </actor>
        <actor name="D0N29">
            <wcet number="0">40</wcet>
            <wcet number="1">40</wcet>
            <maxpow number="0.4093239721729732"/>
            <maxpow number="0.4093239721729732"/>
            <fprob>0.0</fprob>
        </actor>
        <actor name="D0N24">
            <wcet number="0">10</wcet>
            <wcet number="1">30</wcet>
            <maxpow number="0.6402847143710463"/>
            <maxpow number="0.6402847143710463"/>
            <fprob>0.0</fprob>
        </actor>
        <actor name="D0N47">
            <wcet number="0">100</wcet>
            <wcet number="1">110</wcet>
            <maxpow number="0.5825593693797138"/>
            <maxpow number="0.5825593693797138"/>
            <fprob>0.0</fprob>
        </actor>
        <actor name="D0N21">
            <wcet number="0">10</wcet>
            <wcet number="1">20</wcet>
            <maxpow number="0.7114818257068216"/>
            <maxpow number="0.7114818257068216"/>
            <fprob>0.0</fprob>
        </actor>
        <actor name="D0N20">
            <wcet number="0">80</wcet>
            <wcet number="1">130</wcet>
            <maxpow number="0.43206404742902055"/>
            <maxpow number="0.43206404742902055"/>
            <fprob>0.0</fprob>
        </actor>
        <actor name="D0N9">
            <wcet number="0">130</wcet>
            <wcet number="1">150</wcet>
            <maxpow number="0.5941521142699207"/>
            <maxpow number="0.5941521142699207"/>
            <fprob>0.0</fprob>
        </actor>
        <actor name="D0N38">
            <wcet number="0">50</wcet>
            <wcet number="1">80</wcet>
            <maxpow number="0.6768005358306411"/>
            <maxpow number="0.6768005358306411"/>
            <fprob>0.0</fprob>
        </actor>
        <actor name="D0N25">
            <wcet number="0">240</wcet>
            <wcet number="1">250</wcet>
            <maxpow number="0.5908453163537039"/>
            <maxpow number="0.5908453163537039"/>
            <fprob>0.0</fprob>
        </actor>
        <actor name="D0N5">
            <wcet number="0">250</wcet>
            <wcet number="1">270</wcet>
            <maxpow number="0.6063920005208032"/>
            <maxpow number="0.6063920005208032"/>
            <fprob>0.0</fprob>
        </actor>
        <actor name="D0N16">
            <wcet number="0">90</wcet>
            <wcet number="1">170</wcet>
            <maxpow number="0.5047589534084218"/>
            <maxpow number="0.5047589534084218"/>
            <fprob>0.0</fprob>
        </actor>
        <actor name="D0N10">
            <wcet number="0">10</wcet>
            <wcet number="1">40</wcet>
            <maxpow number="0.7194121381571789"/>
            <maxpow number="0.7194121381571789"/>
            <fprob>0.0</fprob>
        </actor>
        <actor name="D0N41">
            <wcet number="0">10</wcet>
            <wcet number="1">40</wcet>
            <maxpow number="0.5090761447519091"/>
            <maxpow number="0.5090761447519091"/>
            <fprob>0.0</fprob>
        </actor>
        <actor name="D0N23">
            <wcet number="0">10</wcet>
            <wcet number="1">10</wcet>
            <maxpow number="0.6249032210481068"/>
            <maxpow number="0.6249032210481068"/>
            <fprob>0.0</fprob>
        </actor>
        <actor name="D0N15">
            <wcet number="0">90</wcet>
            <wcet number="1">120</wcet>
            <maxpow number="0.6168265787461612"/>
            <maxpow number="0.6168265787461612"/>
            <fprob>0.0</fprob>
        </actor>
        <actor name="D0N36">
            <wcet number="0">50</wcet>
            <wcet number="1">80</wcet>
            <maxpow number="0.34880897029631336"/>
            <maxpow number="0.34880897029631336"/>
            <fprob>0.0</fprob>
        </actor>
        <actor name="D0N45">
            <wcet number="0">30</wcet>
            <wcet number="1">40</wcet>
            <maxpow number="0.41147016804310255"/>
            <maxpow number="0.41147016804310255"/>
            <fprob>0.0</fprob>
        </actor>
        <actor name="D0N34">
            <wcet number="0">100</wcet>
            <wcet number="1">110</wcet>
            <maxpow number="0.4582118322639136"/>
            <maxpow number="0.4582118322639136"/>
            <fprob>0.0</fprob>
        </actor>
        <actor name="D0N17">
            <wcet number="0">30</wcet>
            <wcet number="1">100</wcet>
            <maxpow number="0.4471554121245768"/>
            <maxpow number="0.4471554121245768"/>
            <fprob>0.0</fprob>
        </actor>
        <actor name="D0N33">
            <wcet number="0">40</wcet>
            <wcet number="1">50</wcet>
            <maxpow number="0.8459755448978095"/>
            <maxpow number="0.8459755448978095"/>
            <fprob>0.0</fprob>
        </actor>
        <actor name="D0N43">
            <wcet number="0">40</wcet>
            <wcet number="1">50</wcet>
            <maxpow number="0.5359469728127048"/>
            <maxpow number="0.5359469728127048"/>
            <fprob>0.0</fprob>
        </actor>
        <actor name="D0N31">
            <wcet number="0">30</wcet>
            <wcet number="1">30</wcet>
            <maxpow number="0.5420717436332909"/>
            <maxpow number="0.5420717436332909"/>
            <fprob>0.0</fprob>
        </actor>
        <actor name="D0N18">
            <wcet number="0">10</wcet>
            <wcet number="1">10</wcet>
            <maxpow number="0.737004342130238"/>
            <maxpow number="0.737004342130238"/>
            <fprob>0.0</fprob>
        </actor>
        <actor name="D0N26">
            <wcet number="0">20</wcet>
            <wcet number="1">40</wcet>
            <maxpow number="0.4112223832492812"/>
            <maxpow number="0.4112223832492812"/>
            <fprob>0.0</fprob>
        </actor>
        <actor name="D0N32">
            <wcet number="0">100</wcet>
            <wcet number="1">110</wcet>
            <maxpow number="0.3135728159692408"/>
            <maxpow number="0.3135728159692408"/>
            <fprob>0.0</fprob>
        </actor>
        <actor name="D0N46">
            <wcet number="0">30</wcet>
            <wcet number="1">60</wcet>
            <maxpow number="0.9495490751256865"/>
            <maxpow number="0.9495490751256865"/>
            <fprob>0.0</fprob>
        </actor>
        <actor name="D0N7">
            <wcet number="0">20</wcet>
            <wcet number="1">200</wcet>
            <maxpow number="0.5760531225928184"/>
            <maxpow number="0.5760531225928184"/>
            <fprob>0.0</fprob>
        </actor>
        <actor name="D0N3">
            <wcet number="0">20</wcet>
            <wcet number="1">20</wcet>
            <maxpow number="0.48410385908552706"/>
            <maxpow number="0.48410385908552706"/>
            <fprob>0.0</fprob>
        </actor>
        <actor name="D0N40">
            <wcet number="0">30</wcet>
            <wcet number="1">90</wcet>
            <maxpow number="0.6878491843220278"/>
            <maxpow number="0.6878491843220278"/>
            <fprob>0.0</fprob>
        </actor>
        <actor name="D0N6">
            <wcet number="0">20</wcet>
            <wcet number="1">30</wcet>
            <maxpow number="0.773273232787368"/>
            <maxpow number="0.773273232787368"/>
            <fprob>0.0</fprob>
        </actor>
        <actor name="D0N19">
            <wcet number="0">30</wcet>
            <wcet number="1">30</wcet>
            <maxpow number="0.578990873070703"/>
            <maxpow number="0.578990873070703"/>
            <fprob>0.0</fprob>
        </actor>
        <actor name="D0N37">
            <wcet number="0">90</wcet>
            <wcet number="1">180</wcet>
            <maxpow number="0.3743809380779227"/>
            <maxpow number="0.3743809380779227"/>
            <fprob>0.0</fprob>
        </actor>
        <actor name="D0N22">
            <wcet number="0">10</wcet>
            <wcet number="1">90</wcet>
            <maxpow number="0.6041103320705263"/>
            <maxpow number="0.6041103320705263"/>
            <fprob>0.0</fprob>
        </actor>
        <actor name="D0N0">
            <wcet number="0">40</wcet>
            <wcet number="1">70</wcet>
            <maxpow number="0.3600256370302051"/>
            <maxpow number="0.3600256370302051"/>
            <fprob>0.0</fprob>
        </actor>
        <actor name="D0N30">
            <wcet number="0">40</wcet>
            <wcet number="1">100</wcet>
            <maxpow number="0.44432717197668925"/>
            <maxpow number="0.44432717197668925"/>
            <fprob>0.0</fprob>
        </actor>
        <actor name="D0N44">
            <wcet number="0">230</wcet>
            <wcet number="1">250</wcet>
            <maxpow number="0.7694337234845512"/>
            <maxpow number="0.7694337234845512"/>
            <fprob>0.0</fprob>
        </actor>
        <actor name="D0N28">
            <wcet number="0">10</wcet>
            <wcet number="1">10</wcet>
            <maxpow number="0.6817073647638748"/>
            <maxpow number="0.6817073647638748"/>
            <fprob>0.0</fprob>
        </actor>
        <actor name="D0N42">
            <wcet number="0">220</wcet>
            <wcet number="1">360</wcet>
            <maxpow number="0.7448101628714212"/>
            <maxpow number="0.7448101628714212"/>
            <fprob>0.0</fprob>
        </actor>
        <actor name="D0N12">
            <wcet number="0">10</wcet>
            <wcet number="1">10</wcet>
            <maxpow number="0.5695056045173545"/>
            <maxpow number="0.5695056045173545"/>
            <fprob>0.0</fprob>
        </actor>
        <actor name="D0N4">
            <wcet number="0">20</wcet>
            <wcet number="1">60</wcet>
            <maxpow number="0.5261389473049101"/>
            <maxpow number="0.5261389473049101"/>
            <fprob>0.0</fprob>
        </actor>
        <actor name="D0N49">
            <wcet number="0">80</wcet>
            <wcet number="1">120</wcet>
            <maxpow number="0.44176908705554824"/>
            <maxpow number="0.44176908705554824"/>
            <fprob>0.0</fprob>
        </actor>
        <ports>
            <port dstActor="D0N44" name="p0" srcActor="D0N27"/>
            <port dstActor="D0N20" name="p1" srcActor="D0N14"/>
            <port dstActor="D0N47" name="p2" srcActor="D0N14"/>
            <port dstActor="D0N45" name="p3" srcActor="D0N14"/>
            <port dstActor="D0N39" name="p4" srcActor="D0N14"/>
            <port dstActor="D0N42" name="p5" srcActor="D0N35"/>
            <port dstActor="D0N38" name="p6" srcActor="D0N35"/>
            <port dstActor="D0N43" name="p7" srcActor="D0N35"/>
            <port dstActor="D0N11" name="p8" srcActor="D0N2"/>
            <port dstActor="D0N22" name="p9" srcActor="D0N2"/>
            <port dstActor="D0N43" name="p10" srcActor="D0N2"/>
            <port dstActor="D0N17" name="p11" srcActor="D0N2"/>
            <port dstActor="D0N42" name="p12" srcActor="D0N2"/>
            <port dstActor="D0N7" name="p13" srcActor="D0N2"/>
            <port dstActor="D0N22" name="p14" srcActor="D0N13"/>
            <port dstActor="D0N39" name="p15" srcActor="D0N13"/>
            <port dstActor="D0N27" name="p16" srcActor="D0N8"/>
            <port dstActor="D0N13" name="p17" srcActor="D0N8"/>
            <port dstActor="D0N3" name="p18" srcActor="D0N1"/>
            <port dstActor="D0N29" name="p19" srcActor="D0N1"/>
            <port dstActor="D0N42" name="p20" srcActor="D0N1"/>
            <port dstActor="D0N37" name="p21" srcActor="D0N1"/>
            <port dstActor="D0N17" name="p22" srcActor="D0N1"/>
            <port dstActor="D0N20" name="p23" srcActor="D0N11"/>
            <port dstActor="D0N22" name="p24" srcActor="D0N11"/>
            <port dstActor="D0N18" name="p25" srcActor="D0N11"/>
            <port dstActor="D0N34" name="p26" srcActor="D0N11"/>
            <port dstActor="D0N14" name="p27" srcActor="D0N11"/>
            <port dstActor="D0N27" name="p28" srcActor="D0N11"/>
            <port dstActor="D0N29" name="p29" srcActor="D0N11"/>
            <port dstActor="D0N13" name="p30" srcActor="D0N11"/>
            <port dstActor="D0N47" name="p31" srcActor="D0N29"/>
            <port dstActor="D0N48" name="p32" srcActor="D0N29"/>
            <port dstActor="D0N48" name="p33" srcActor="D0N24"/>
            <port dstActor="D0N47" name="p34" srcActor="D0N24"/>
            <port dstActor="D0N31" name="p35" srcActor="D0N21"/>
            <port dstActor="D0N26" name="p36" srcActor="D0N21"/>
            <port dstActor="D0N42" name="p37" srcActor="D0N21"/>
            <port dstActor="D0N37" name="p38" srcActor="D0N21"/>
            <port dstActor="D0N30" name="p39" srcActor="D0N21"/>
            <port dstActor="D0N29" name="p40" srcActor="D0N21"/>
            <port dstActor="D0N28" name="p41" srcActor="D0N21"/>
            <port dstActor="D0N40" name="p42" srcActor="D0N21"/>
            <port dstActor="D0N21" name="p43" srcActor="D0N20"/>
            <port dstActor="D0N34" name="p44" srcActor="D0N20"/>
            <port dstActor="D0N40" name="p45" srcActor="D0N20"/>
            <port dstActor="D0N24" name="p46" srcActor="D0N20"/>
            <port dstActor="D0N24" name="p47" srcActor="D0N9"/>
            <port dstActor="D0N26" name="p48" srcActor="D0N9"/>
            <port dstActor="D0N46" name="p49" srcActor="D0N9"/>
            <port dstActor="D0N33" name="p50" srcActor="D0N9"/>
            <port dstActor="D0N46" name="p51" srcActor="D0N38"/>
            <port dstActor="D0N47" name="p52" srcActor="D0N38"/>
            <port dstActor="D0N39" name="p53" srcActor="D0N25"/>
            <port dstActor="D0N39" name="p54" srcActor="D0N5"/>
            <port dstActor="D0N33" name="p55" srcActor="D0N5"/>
            <port dstActor="D0N38" name="p56" srcActor="D0N5"/>
            <port dstActor="D0N24" name="p57" srcActor="D0N5"/>
            <port dstActor="D0N7" name="p58" srcActor="D0N5"/>
            <port dstActor="D0N21" name="p59" srcActor="D0N5"/>
            <port dstActor="D0N41" name="p60" srcActor="D0N5"/>
            <port dstActor="D0N36" name="p61" srcActor="D0N16"/>
            <port dstActor="D0N32" name="p62" srcActor="D0N16"/>
            <port dstActor="D0N35" name="p63" srcActor="D0N16"/>
            <port dstActor="D0N45" name="p64" srcActor="D0N16"/>
            <port dstActor="D0N22" name="p65" srcActor="D0N10"/>
            <port dstActor="D0N35" name="p66" srcActor="D0N10"/>
            <port dstActor="D0N11" name="p67" srcActor="D0N10"/>
            <port dstActor="D0N27" name="p68" srcActor="D0N23"/>
            <port dstActor="D0N26" name="p69" srcActor="D0N23"/>
            <port dstActor="D0N43" name="p70" srcActor="D0N15"/>
            <port dstActor="D0N33" name="p71" srcActor="D0N15"/>
            <port dstActor="D0N25" name="p72" srcActor="D0N15"/>
            <port dstActor="D0N49" name="p73" srcActor="D0N15"/>
            <port dstActor="D0N42" name="p74" srcActor="D0N36"/>
            <port dstActor="D0N40" name="p75" srcActor="D0N36"/>
            <port dstActor="D0N49" name="p76" srcActor="D0N45"/>
            <port dstActor="D0N46" name="p77" srcActor="D0N45"/>
            <port dstActor="D0N24" name="p78" srcActor="D0N17"/>
            <port dstActor="D0N31" name="p79" srcActor="D0N17"/>
            <port dstActor="D0N27" name="p80" srcActor="D0N17"/>
            <port dstActor="D0N30" name="p81" srcActor="D0N17"/>
            <port dstActor="D0N48" name="p82" srcActor="D0N33"/>
            <port dstActor="D0N33" name="p83" srcActor="D0N31"/>
            <port dstActor="D0N33" name="p84" srcActor="D0N18"/>
            <port dstActor="D0N26" name="p85" srcActor="D0N18"/>
            <port dstActor="D0N34" name="p86" srcActor="D0N18"/>
            <port dstActor="D0N24" name="p87" srcActor="D0N18"/>
            <port dstActor="D0N46" name="p88" srcActor="D0N18"/>
            <port dstActor="D0N21" name="p89" srcActor="D0N18"/>
            <port dstActor="D0N31" name="p90" srcActor="D0N26"/>
            <port dstActor="D0N47" name="p91" srcActor="D0N26"/>
            <port dstActor="D0N44" name="p92" srcActor="D0N26"/>
            <port dstActor="D0N34" name="p93" srcActor="D0N32"/>
            <port dstActor="D0N48" name="p94" srcActor="D0N46"/>
            <port dstActor="D0N33" name="p95" srcActor="D0N7"/>
            <port dstActor="D0N32" name="p96" srcActor="D0N7"/>
            <port dstActor="D0N11" name="p97" srcActor="D0N7"/>
            <port dstActor="D0N19" name="p98" srcActor="D0N7"/>
            <port dstActor="D0N12" name="p99" srcActor="D0N3"/>
            <port dstActor="D0N39" name="p100" srcActor="D0N3"/>
            <port dstActor="D0N31" name="p101" srcActor="D0N3"/>
            <port dstActor="D0N47" name="p102" srcActor="D0N3"/>
            <port dstActor="D0N23" name="p103" srcActor="D0N3"/>
            <port dstActor="D0N25" name="p104" srcActor="D0N3"/>
            <port dstActor="D0N14" name="p105" srcActor="D0N3"/>
            <port dstActor="D0N13" name="p106" srcActor="D0N3"/>
            <port dstActor="D0N49" name="p107" srcActor="D0N3"/>
            <port dstActor="D0N8" name="p108" srcActor="D0N3"/>
            <port dstActor="D0N41" name="p109" srcActor="D0N6"/>
            <port dstActor="D0N45" name="p110" srcActor="D0N6"/>
            <port dstActor="D0N32" name="p111" srcActor="D0N6"/>
            <port dstActor="D0N16" name="p112" srcActor="D0N6"/>
            <port dstActor="D0N43" name="p113" srcActor="D0N6"/>
            <port dstActor="D0N36" name="p114" srcActor="D0N6"/>
            <port dstActor="D0N37" name="p115" srcActor="D0N19"/>
            <port dstActor="D0N25" name="p116" srcActor="D0N19"/>
            <port dstActor="D0N26" name="p117" srcActor="D0N22"/>
            <port dstActor="D0N27" name="p118" srcActor="D0N0"/>
            <port dstActor="D0N24" name="p119" srcActor="D0N0"/>
            <port dstActor="D0N5" name="p120" srcActor="D0N0"/>
            <port dstActor="D0N48" name="p121" srcActor="D0N0"/>
            <port dstActor="D0N1" name="p122" srcActor="D0N0"/>
            <port dstActor="D0N29" name="p123" srcActor="D0N0"/>
            <port dstActor="D0N44" name="p124" srcActor="D0N0"/>
            <port dstActor="D0N29" name="p125" srcActor="D0N28"/>
            <port dstActor="D0N43" name="p126" srcActor="D0N12"/>
            <port dstActor="D0N24" name="p127" srcActor="D0N12"/>
            <port dstActor="D0N14" name="p128" srcActor="D0N12"/>
            <port dstActor="D0N49" name="p129" srcActor="D0N12"/>
            <port dstActor="D0N28" name="p130" srcActor="D0N12"/>
            <port dstActor="D0N44" name="p131" srcActor="D0N4"/>
            <port dstActor="D0N22" name="p132" srcActor="D0N4"/>
            <port dstActor="D0N11" name="p133" srcActor="D0N4"/>
            <port dstActor="D0N19" name="p134" srcActor="D0N4"/>
            <port dstActor="D0N29" name="p135" srcActor="D0N4"/>
            <port dstActor="D0N49" name="p136" srcActor="D0N4"/>
            <port dstActor="D0N5" name="p137" srcActor="D0N4"/>
            <port dstActor="D0N8" name="p138" srcActor="D0N4"/>
        </ports>
    </mcdag>
    <cores number="3"/>
    <levels number="2"/>
</mcsystem>
