<?xml version="1.0" encoding="UTF-8" standalone="no"?>
<mcsystem>
    <mcdag deadline="1500" name="genned-0-ed-10.0-0">
        <actor name="D0N31">
            <wcet number="0">30</wcet>
            <wcet number="1">30</wcet>
            <maxpow number="0.5008046205563919"/>
            <maxpow number="0.5008046205563919"/>
            <fprob>0.0</fprob>
        </actor>
        <actor name="D0N30">
            <wcet number="0">20</wcet>
            <wcet number="1">20</wcet>
            <maxpow number="0.5160340645403633"/>
            <maxpow number="0.5160340645403633"/>
            <fprob>0.0</fprob>
        </actor>
        <actor name="D0N0">
            <wcet number="0">10</wcet>
            <wcet number="1">40</wcet>
            <maxpow number="0.43677491697649695"/>
            <maxpow number="0.43677491697649695"/>
            <fprob>0.0</fprob>
        </actor>
        <actor name="D0N8">
            <wcet number="0">70</wcet>
            <wcet number="1">90</wcet>
            <maxpow number="0.6387676748657386"/>
            <maxpow number="0.6387676748657386"/>
            <fprob>0.0</fprob>
        </actor>
        <actor name="D0N35">
            <wcet number="0">20</wcet>
            <wcet number="1">20</wcet>
            <maxpow number="0.2875046595779895"/>
            <maxpow number="0.2875046595779895"/>
            <fprob>0.0</fprob>
        </actor>
        <actor name="D0N3">
            <wcet number="0">10</wcet>
            <wcet number="1">80</wcet>
            <maxpow number="0.1323031479468722"/>
            <maxpow number="0.1323031479468722"/>
            <fprob>0.0</fprob>
        </actor>
        <actor name="D0N38">
            <wcet number="0">30</wcet>
            <wcet number="1">110</wcet>
            <maxpow number="0.5376265122651441"/>
            <maxpow number="0.5376265122651441"/>
            <fprob>0.0</fprob>
        </actor>
        <actor name="D0N9">
            <wcet number="0">20</wcet>
            <wcet number="1">20</wcet>
            <maxpow number="0.3534226509420586"/>
            <maxpow number="0.3534226509420586"/>
            <fprob>0.0</fprob>
        </actor>
        <actor name="D0N44">
            <wcet number="0">10</wcet>
            <wcet number="1">10</wcet>
            <maxpow number="0.4568133432521694"/>
            <maxpow number="0.4568133432521694"/>
            <fprob>0.0</fprob>
        </actor>
        <actor name="D0N2">
            <wcet number="0">160</wcet>
            <wcet number="1">160</wcet>
            <maxpow number="0.6827749350692252"/>
            <maxpow number="0.6827749350692252"/>
            <fprob>0.0</fprob>
        </actor>
        <actor name="D0N37">
            <wcet number="0">30</wcet>
            <wcet number="1">90</wcet>
            <maxpow number="0.5360552306722067"/>
            <maxpow number="0.5360552306722067"/>
            <fprob>0.0</fprob>
        </actor>
        <actor name="D0N41">
            <wcet number="0">180</wcet>
            <wcet number="1">180</wcet>
            <maxpow number="0.6194307240228638"/>
            <maxpow number="0.6194307240228638"/>
            <fprob>0.0</fprob>
        </actor>
        <actor name="D0N10">
            <wcet number="0">10</wcet>
            <wcet number="1">10</wcet>
            <maxpow number="0.3084064822146342"/>
            <maxpow number="0.3084064822146342"/>
            <fprob>0.0</fprob>
        </actor>
        <actor name="D0N20">
            <wcet number="0">10</wcet>
            <wcet number="1">10</wcet>
            <maxpow number="0.2604925119158696"/>
            <maxpow number="0.2604925119158696"/>
            <fprob>0.0</fprob>
        </actor>
        <actor name="D0N29">
            <wcet number="0">10</wcet>
            <wcet number="1">10</wcet>
            <maxpow number="0.8323468151355641"/>
            <maxpow number="0.8323468151355641"/>
            <fprob>0.0</fprob>
        </actor>
        <actor name="D0N33">
            <wcet number="0">10</wcet>
            <wcet number="1">40</wcet>
            <maxpow number="0.7749372990365118"/>
            <maxpow number="0.7749372990365118"/>
            <fprob>0.0</fprob>
        </actor>
        <actor name="D0N36">
            <wcet number="0">30</wcet>
            <wcet number="1">30</wcet>
            <maxpow number="0.6520575321922338"/>
            <maxpow number="0.6520575321922338"/>
            <fprob>0.0</fprob>
        </actor>
        <actor name="D0N14">
            <wcet number="0">40</wcet>
            <wcet number="1">60</wcet>
            <maxpow number="0.371753426567692"/>
            <maxpow number="0.371753426567692"/>
            <fprob>0.0</fprob>
        </actor>
        <actor name="D0N26">
            <wcet number="0">40</wcet>
            <wcet number="1">130</wcet>
            <maxpow number="0.587351117424053"/>
            <maxpow number="0.587351117424053"/>
            <fprob>0.0</fprob>
        </actor>
        <actor name="D0N6">
            <wcet number="0">40</wcet>
            <wcet number="1">40</wcet>
            <maxpow number="0.7759455536178832"/>
            <maxpow number="0.7759455536178832"/>
            <fprob>0.0</fprob>
        </actor>
        <actor name="D0N13">
            <wcet number="0">20</wcet>
            <wcet number="1">20</wcet>
            <maxpow number="0.46958993355170797"/>
            <maxpow number="0.46958993355170797"/>
            <fprob>0.0</fprob>
        </actor>
        <actor name="D0N18">
            <wcet number="0">10</wcet>
            <wcet number="1">60</wcet>
            <maxpow number="0.7060488639196696"/>
            <maxpow number="0.7060488639196696"/>
            <fprob>0.0</fprob>
        </actor>
        <actor name="D0N7">
            <wcet number="0">40</wcet>
            <wcet number="1">80</wcet>
            <maxpow number="0.6035312105875461"/>
            <maxpow number="0.6035312105875461"/>
            <fprob>0.0</fprob>
        </actor>
        <actor name="D0N42">
            <wcet number="0">10</wcet>
            <wcet number="1">10</wcet>
            <maxpow number="0.407474884189557"/>
            <maxpow number="0.407474884189557"/>
            <fprob>0.0</fprob>
        </actor>
        <actor name="D0N1">
            <wcet number="0">50</wcet>
            <wcet number="1">140</wcet>
            <maxpow number="0.6677159575582572"/>
            <maxpow number="0.6677159575582572"/>
            <fprob>0.0</fprob>
        </actor>
        <actor name="D0N12">
            <wcet number="0">10</wcet>
            <wcet number="1">20</wcet>
            <maxpow number="0.6003288300377415"/>
            <maxpow number="0.6003288300377415"/>
            <fprob>0.0</fprob>
        </actor>
        <actor name="D0N17">
            <wcet number="0">10</wcet>
            <wcet number="1">30</wcet>
            <maxpow number="0.6011874745096231"/>
            <maxpow number="0.6011874745096231"/>
            <fprob>0.0</fprob>
        </actor>
        <actor name="D0N47">
            <wcet number="0">40</wcet>
            <wcet number="1">120</wcet>
            <maxpow number="0.7114239675304936"/>
            <maxpow number="0.7114239675304936"/>
            <fprob>0.0</fprob>
        </actor>
        <actor name="D0N40">
            <wcet number="0">20</wcet>
            <wcet number="1">90</wcet>
            <maxpow number="0.36512823569575886"/>
            <maxpow number="0.36512823569575886"/>
            <fprob>0.0</fprob>
        </actor>
        <actor name="D0N46">
            <wcet number="0">70</wcet>
            <wcet number="1">160</wcet>
            <maxpow number="0.5322503204346916"/>
            <maxpow number="0.5322503204346916"/>
            <fprob>0.0</fprob>
        </actor>
        <actor name="D0N28">
            <wcet number="0">10</wcet>
            <wcet number="1">190</wcet>
            <maxpow number="0.5524347561283453"/>
            <maxpow number="0.5524347561283453"/>
            <fprob>0.0</fprob>
        </actor>
        <actor name="D0N25">
            <wcet number="0">10</wcet>
            <wcet number="1">50</wcet>
            <maxpow number="0.5043771590862567"/>
            <maxpow number="0.5043771590862567"/>
            <fprob>0.0</fprob>
        </actor>
        <actor name="D0N24">
            <wcet number="0">20</wcet>
            <wcet number="1">20</wcet>
            <maxpow number="0.6062861516517679"/>
            <maxpow number="0.6062861516517679"/>
            <fprob>0.0</fprob>
        </actor>
        <actor name="D0N16">
            <wcet number="0">90</wcet>
            <wcet number="1">260</wcet>
            <maxpow number="0.7250222452083877"/>
            <maxpow number="0.7250222452083877"/>
            <fprob>0.0</fprob>
        </actor>
        <actor name="D0N5">
            <wcet number="0">60</wcet>
            <wcet number="1">110</wcet>
            <maxpow number="0.723800331082131"/>
            <maxpow number="0.723800331082131"/>
            <fprob>0.0</fprob>
        </actor>
        <actor name="D0N11">
            <wcet number="0">20</wcet>
            <wcet number="1">30</wcet>
            <maxpow number="0.45866787711497153"/>
            <maxpow number="0.45866787711497153"/>
            <fprob>0.0</fprob>
        </actor>
        <actor name="D0N23">
            <wcet number="0">40</wcet>
            <wcet number="1">270</wcet>
            <maxpow number="0.7747034923272645"/>
            <maxpow number="0.7747034923272645"/>
            <fprob>0.0</fprob>
        </actor>
        <actor name="D0N22">
            <wcet number="0">10</wcet>
            <wcet number="1">40</wcet>
            <maxpow number="0.36182694031809903"/>
            <maxpow number="0.36182694031809903"/>
            <fprob>0.0</fprob>
        </actor>
        <actor name="D0N21">
            <wcet number="0">90</wcet>
            <wcet number="1">100</wcet>
            <maxpow number="0.545639074923941"/>
            <maxpow number="0.545639074923941"/>
            <fprob>0.0</fprob>
        </actor>
        <actor name="D0N15">
            <wcet number="0">40</wcet>
            <wcet number="1">130</wcet>
            <maxpow number="0.6474006211380923"/>
            <maxpow number="0.6474006211380923"/>
            <fprob>0.0</fprob>
        </actor>
        <actor name="D0N27">
            <wcet number="0">70</wcet>
            <wcet number="1">70</wcet>
            <maxpow number="0.26069387257208276"/>
            <maxpow number="0.26069387257208276"/>
            <fprob>0.0</fprob>
        </actor>
        <actor name="D0N4">
            <wcet number="0">10</wcet>
            <wcet number="1">10</wcet>
            <maxpow number="0.45709484245737514"/>
            <maxpow number="0.45709484245737514"/>
            <fprob>0.0</fprob>
        </actor>
        <actor name="D0N43">
            <wcet number="0">30</wcet>
            <wcet number="1">40</wcet>
            <maxpow number="0.6858169247344906"/>
            <maxpow number="0.6858169247344906"/>
            <fprob>0.0</fprob>
        </actor>
        <actor name="D0N19">
            <wcet number="0">210</wcet>
            <wcet number="1">210</wcet>
            <maxpow number="0.24685591672101242"/>
            <maxpow number="0.24685591672101242"/>
            <fprob>0.0</fprob>
        </actor>
        <actor name="D0N32">
            <wcet number="0">90</wcet>
            <wcet number="1">90</wcet>
            <maxpow number="0.42190948223641617"/>
            <maxpow number="0.42190948223641617"/>
            <fprob>0.0</fprob>
        </actor>
        <actor name="D0N45">
            <wcet number="0">90</wcet>
            <wcet number="1">110</wcet>
            <maxpow number="0.6978480325563476"/>
            <maxpow number="0.6978480325563476"/>
            <fprob>0.0</fprob>
        </actor>
        <actor name="D0N34">
            <wcet number="0">70</wcet>
            <wcet number="1">80</wcet>
            <maxpow number="0.7503105858960529"/>
            <maxpow number="0.7503105858960529"/>
            <fprob>0.0</fprob>
        </actor>
        <actor name="D0N39">
            <wcet number="0">20</wcet>
            <wcet number="1">30</wcet>
            <maxpow number="0.4606536842487488"/>
            <maxpow number="0.4606536842487488"/>
            <fprob>0.0</fprob>
        </actor>
        <ports>
            <port dstActor="D0N38" name="p0" srcActor="D0N31"/>
            <port dstActor="D0N40" name="p1" srcActor="D0N30"/>
            <port dstActor="D0N47" name="p2" srcActor="D0N30"/>
            <port dstActor="D0N5" name="p3" srcActor="D0N0"/>
            <port dstActor="D0N6" name="p4" srcActor="D0N0"/>
            <port dstActor="D0N21" name="p5" srcActor="D0N0"/>
            <port dstActor="D0N14" name="p6" srcActor="D0N0"/>
            <port dstActor="D0N16" name="p7" srcActor="D0N0"/>
            <port dstActor="D0N11" name="p8" srcActor="D0N8"/>
            <port dstActor="D0N46" name="p9" srcActor="D0N8"/>
            <port dstActor="D0N36" name="p10" srcActor="D0N8"/>
            <port dstActor="D0N40" name="p11" srcActor="D0N35"/>
            <port dstActor="D0N47" name="p12" srcActor="D0N35"/>
            <port dstActor="D0N15" name="p13" srcActor="D0N3"/>
            <port dstActor="D0N43" name="p14" srcActor="D0N3"/>
            <port dstActor="D0N27" name="p15" srcActor="D0N9"/>
            <port dstActor="D0N36" name="p16" srcActor="D0N2"/>
            <port dstActor="D0N19" name="p17" srcActor="D0N2"/>
            <port dstActor="D0N47" name="p18" srcActor="D0N2"/>
            <port dstActor="D0N10" name="p19" srcActor="D0N2"/>
            <port dstActor="D0N43" name="p20" srcActor="D0N2"/>
            <port dstActor="D0N41" name="p21" srcActor="D0N2"/>
            <port dstActor="D0N41" name="p22" srcActor="D0N37"/>
            <port dstActor="D0N45" name="p23" srcActor="D0N37"/>
            <port dstActor="D0N41" name="p24" srcActor="D0N10"/>
            <port dstActor="D0N30" name="p25" srcActor="D0N10"/>
            <port dstActor="D0N14" name="p26" srcActor="D0N10"/>
            <port dstActor="D0N34" name="p27" srcActor="D0N10"/>
            <port dstActor="D0N46" name="p28" srcActor="D0N20"/>
            <port dstActor="D0N33" name="p29" srcActor="D0N20"/>
            <port dstActor="D0N25" name="p30" srcActor="D0N20"/>
            <port dstActor="D0N32" name="p31" srcActor="D0N20"/>
            <port dstActor="D0N35" name="p32" srcActor="D0N29"/>
            <port dstActor="D0N44" name="p33" srcActor="D0N29"/>
            <port dstActor="D0N37" name="p34" srcActor="D0N36"/>
            <port dstActor="D0N30" name="p35" srcActor="D0N14"/>
            <port dstActor="D0N16" name="p36" srcActor="D0N14"/>
            <port dstActor="D0N47" name="p37" srcActor="D0N14"/>
            <port dstActor="D0N32" name="p38" srcActor="D0N14"/>
            <port dstActor="D0N27" name="p39" srcActor="D0N14"/>
            <port dstActor="D0N31" name="p40" srcActor="D0N26"/>
            <port dstActor="D0N43" name="p41" srcActor="D0N26"/>
            <port dstActor="D0N30" name="p42" srcActor="D0N26"/>
            <port dstActor="D0N47" name="p43" srcActor="D0N26"/>
            <port dstActor="D0N18" name="p44" srcActor="D0N6"/>
            <port dstActor="D0N29" name="p45" srcActor="D0N6"/>
            <port dstActor="D0N27" name="p46" srcActor="D0N6"/>
            <port dstActor="D0N23" name="p47" srcActor="D0N6"/>
            <port dstActor="D0N35" name="p48" srcActor="D0N6"/>
            <port dstActor="D0N41" name="p49" srcActor="D0N13"/>
            <port dstActor="D0N17" name="p50" srcActor="D0N13"/>
            <port dstActor="D0N23" name="p51" srcActor="D0N18"/>
            <port dstActor="D0N31" name="p52" srcActor="D0N18"/>
            <port dstActor="D0N20" name="p53" srcActor="D0N18"/>
            <port dstActor="D0N21" name="p54" srcActor="D0N7"/>
            <port dstActor="D0N29" name="p55" srcActor="D0N7"/>
            <port dstActor="D0N13" name="p56" srcActor="D0N7"/>
            <port dstActor="D0N29" name="p57" srcActor="D0N1"/>
            <port dstActor="D0N17" name="p58" srcActor="D0N1"/>
            <port dstActor="D0N35" name="p59" srcActor="D0N1"/>
            <port dstActor="D0N3" name="p60" srcActor="D0N1"/>
            <port dstActor="D0N10" name="p61" srcActor="D0N1"/>
            <port dstActor="D0N11" name="p62" srcActor="D0N1"/>
            <port dstActor="D0N27" name="p63" srcActor="D0N12"/>
            <port dstActor="D0N25" name="p64" srcActor="D0N17"/>
            <port dstActor="D0N33" name="p65" srcActor="D0N17"/>
            <port dstActor="D0N33" name="p66" srcActor="D0N28"/>
            <port dstActor="D0N47" name="p67" srcActor="D0N28"/>
            <port dstActor="D0N38" name="p68" srcActor="D0N25"/>
            <port dstActor="D0N40" name="p69" srcActor="D0N25"/>
            <port dstActor="D0N45" name="p70" srcActor="D0N25"/>
            <port dstActor="D0N31" name="p71" srcActor="D0N24"/>
            <port dstActor="D0N19" name="p72" srcActor="D0N16"/>
            <port dstActor="D0N34" name="p73" srcActor="D0N16"/>
            <port dstActor="D0N10" name="p74" srcActor="D0N5"/>
            <port dstActor="D0N28" name="p75" srcActor="D0N5"/>
            <port dstActor="D0N41" name="p76" srcActor="D0N11"/>
            <port dstActor="D0N35" name="p77" srcActor="D0N11"/>
            <port dstActor="D0N43" name="p78" srcActor="D0N11"/>
            <port dstActor="D0N29" name="p79" srcActor="D0N11"/>
            <port dstActor="D0N24" name="p80" srcActor="D0N23"/>
            <port dstActor="D0N26" name="p81" srcActor="D0N23"/>
            <port dstActor="D0N36" name="p82" srcActor="D0N23"/>
            <port dstActor="D0N32" name="p83" srcActor="D0N23"/>
            <port dstActor="D0N39" name="p84" srcActor="D0N22"/>
            <port dstActor="D0N37" name="p85" srcActor="D0N22"/>
            <port dstActor="D0N41" name="p86" srcActor="D0N22"/>
            <port dstActor="D0N40" name="p87" srcActor="D0N22"/>
            <port dstActor="D0N22" name="p88" srcActor="D0N21"/>
            <port dstActor="D0N44" name="p89" srcActor="D0N21"/>
            <port dstActor="D0N34" name="p90" srcActor="D0N21"/>
            <port dstActor="D0N25" name="p91" srcActor="D0N15"/>
            <port dstActor="D0N42" name="p92" srcActor="D0N15"/>
            <port dstActor="D0N21" name="p93" srcActor="D0N15"/>
            <port dstActor="D0N41" name="p94" srcActor="D0N15"/>
            <port dstActor="D0N38" name="p95" srcActor="D0N4"/>
            <port dstActor="D0N22" name="p96" srcActor="D0N4"/>
            <port dstActor="D0N21" name="p97" srcActor="D0N4"/>
            <port dstActor="D0N39" name="p98" srcActor="D0N4"/>
            <port dstActor="D0N41" name="p99" srcActor="D0N4"/>
            <port dstActor="D0N40" name="p100" srcActor="D0N19"/>
            <port dstActor="D0N46" name="p101" srcActor="D0N19"/>
            <port dstActor="D0N31" name="p102" srcActor="D0N19"/>
            <port dstActor="D0N41" name="p103" srcActor="D0N32"/>
            <port dstActor="D0N36" name="p104" srcActor="D0N32"/>
            <port dstActor="D0N37" name="p105" srcActor="D0N34"/>
            <port dstActor="D0N43" name="p106" srcActor="D0N39"/>
            <port dstActor="D0N47" name="p107" srcActor="D0N39"/>
        </ports>
    </mcdag>
    <cores number="3"/>
    <levels number="2"/>
</mcsystem>
