<?xml version="1.0" encoding="UTF-8" standalone="no"?>
<mcsystem>
    <mcdag deadline="1800" name="genned-0-ed-10.0-0">
        <actor name="D0N26">
            <wcet number="0">30</wcet>
            <wcet number="1">40</wcet>
            <maxpow number="0.6036292085318217"/>
            <maxpow number="0.6036292085318217"/>
            <fprob>0.0</fprob>
        </actor>
        <actor name="D0N1">
            <wcet number="0">80</wcet>
            <wcet number="1">120</wcet>
            <maxpow number="0.5122219831475684"/>
            <maxpow number="0.5122219831475684"/>
            <fprob>0.0</fprob>
        </actor>
        <actor name="D0N15">
            <wcet number="0">10</wcet>
            <wcet number="1">50</wcet>
            <maxpow number="0.6360054477446836"/>
            <maxpow number="0.6360054477446836"/>
            <fprob>0.0</fprob>
        </actor>
        <actor name="D0N2">
            <wcet number="0">40</wcet>
            <wcet number="1">140</wcet>
            <maxpow number="0.4032495720711439"/>
            <maxpow number="0.4032495720711439"/>
            <fprob>0.0</fprob>
        </actor>
        <actor name="D0N32">
            <wcet number="0">120</wcet>
            <wcet number="1">270</wcet>
            <maxpow number="0.5786443036918502"/>
            <maxpow number="0.5786443036918502"/>
            <fprob>0.0</fprob>
        </actor>
        <actor name="D0N13">
            <wcet number="0">20</wcet>
            <wcet number="1">30</wcet>
            <maxpow number="0.4293918396837821"/>
            <maxpow number="0.4293918396837821"/>
            <fprob>0.0</fprob>
        </actor>
        <actor name="D0N12">
            <wcet number="0">40</wcet>
            <wcet number="1">50</wcet>
            <maxpow number="0.33834976712066367"/>
            <maxpow number="0.33834976712066367"/>
            <fprob>0.0</fprob>
        </actor>
        <actor name="D0N10">
            <wcet number="0">10</wcet>
            <wcet number="1">30</wcet>
            <maxpow number="0.5618169102901086"/>
            <maxpow number="0.5618169102901086"/>
            <fprob>0.0</fprob>
        </actor>
        <actor name="D0N11">
            <wcet number="0">20</wcet>
            <wcet number="1">20</wcet>
            <maxpow number="0.7501131795783502"/>
            <maxpow number="0.7501131795783502"/>
            <fprob>0.0</fprob>
        </actor>
        <actor name="D0N0">
            <wcet number="0">40</wcet>
            <wcet number="1">50</wcet>
            <maxpow number="0.372086476865663"/>
            <maxpow number="0.372086476865663"/>
            <fprob>0.0</fprob>
        </actor>
        <actor name="D0N29">
            <wcet number="0">30</wcet>
            <wcet number="1">30</wcet>
            <maxpow number="0.5340102737202661"/>
            <maxpow number="0.5340102737202661"/>
            <fprob>0.0</fprob>
        </actor>
        <actor name="D0N43">
            <wcet number="0">40</wcet>
            <wcet number="1">40</wcet>
            <maxpow number="0.5167188177540698"/>
            <maxpow number="0.5167188177540698"/>
            <fprob>0.0</fprob>
        </actor>
        <actor name="D0N20">
            <wcet number="0">80</wcet>
            <wcet number="1">190</wcet>
            <maxpow number="0.6400010938141378"/>
            <maxpow number="0.6400010938141378"/>
            <fprob>0.0</fprob>
        </actor>
        <actor name="D0N35">
            <wcet number="0">10</wcet>
            <wcet number="1">60</wcet>
            <maxpow number="0.2620520706761539"/>
            <maxpow number="0.2620520706761539"/>
            <fprob>0.0</fprob>
        </actor>
        <actor name="D0N25">
            <wcet number="0">80</wcet>
            <wcet number="1">310</wcet>
            <maxpow number="0.3809754443548625"/>
            <maxpow number="0.3809754443548625"/>
            <fprob>0.0</fprob>
        </actor>
        <actor name="D0N34">
            <wcet number="0">10</wcet>
            <wcet number="1">70</wcet>
            <maxpow number="0.14639776960169593"/>
            <maxpow number="0.14639776960169593"/>
            <fprob>0.0</fprob>
        </actor>
        <actor name="D0N8">
            <wcet number="0">100</wcet>
            <wcet number="1">180</wcet>
            <maxpow number="0.5016277970354847"/>
            <maxpow number="0.5016277970354847"/>
            <fprob>0.0</fprob>
        </actor>
        <actor name="D0N27">
            <wcet number="0">30</wcet>
            <wcet number="1">60</wcet>
            <maxpow number="0.40268949640277596"/>
            <maxpow number="0.40268949640277596"/>
            <fprob>0.0</fprob>
        </actor>
        <actor name="D0N22">
            <wcet number="0">40</wcet>
            <wcet number="1">40</wcet>
            <maxpow number="0.7793004778577093"/>
            <maxpow number="0.7793004778577093"/>
            <fprob>0.0</fprob>
        </actor>
        <actor name="D0N40">
            <wcet number="0">10</wcet>
            <wcet number="1">10</wcet>
            <maxpow number="0.6208754680897709"/>
            <maxpow number="0.6208754680897709"/>
            <fprob>0.0</fprob>
        </actor>
        <actor name="D0N6">
            <wcet number="0">60</wcet>
            <wcet number="1">70</wcet>
            <maxpow number="0.6545962115914645"/>
            <maxpow number="0.6545962115914645"/>
            <fprob>0.0</fprob>
        </actor>
        <actor name="D0N41">
            <wcet number="0">40</wcet>
            <wcet number="1">40</wcet>
            <maxpow number="0.5671146387516146"/>
            <maxpow number="0.5671146387516146"/>
            <fprob>0.0</fprob>
        </actor>
        <actor name="D0N23">
            <wcet number="0">40</wcet>
            <wcet number="1">50</wcet>
            <maxpow number="0.7826282827471392"/>
            <maxpow number="0.7826282827471392"/>
            <fprob>0.0</fprob>
        </actor>
        <actor name="D0N42">
            <wcet number="0">80</wcet>
            <wcet number="1">90</wcet>
            <maxpow number="0.39241727298632134"/>
            <maxpow number="0.39241727298632134"/>
            <fprob>0.0</fprob>
        </actor>
        <actor name="D0N7">
            <wcet number="0">10</wcet>
            <wcet number="1">10</wcet>
            <maxpow number="0.39576763160052997"/>
            <maxpow number="0.39576763160052997"/>
            <fprob>0.0</fprob>
        </actor>
        <actor name="D0N39">
            <wcet number="0">80</wcet>
            <wcet number="1">80</wcet>
            <maxpow number="0.3296785426890772"/>
            <maxpow number="0.3296785426890772"/>
            <fprob>0.0</fprob>
        </actor>
        <actor name="D0N5">
            <wcet number="0">10</wcet>
            <wcet number="1">10</wcet>
            <maxpow number="0.6049173671671797"/>
            <maxpow number="0.6049173671671797"/>
            <fprob>0.0</fprob>
        </actor>
        <actor name="D0N24">
            <wcet number="0">10</wcet>
            <wcet number="1">10</wcet>
            <maxpow number="0.515424802086099"/>
            <maxpow number="0.515424802086099"/>
            <fprob>0.0</fprob>
        </actor>
        <actor name="D0N21">
            <wcet number="0">70</wcet>
            <wcet number="1">100</wcet>
            <maxpow number="0.37257362523643645"/>
            <maxpow number="0.37257362523643645"/>
            <fprob>0.0</fprob>
        </actor>
        <actor name="D0N14">
            <wcet number="0">30</wcet>
            <wcet number="1">130</wcet>
            <maxpow number="0.13378390111276178"/>
            <maxpow number="0.13378390111276178"/>
            <fprob>0.0</fprob>
        </actor>
        <actor name="D0N9">
            <wcet number="0">20</wcet>
            <wcet number="1">120</wcet>
            <maxpow number="0.4412704327995051"/>
            <maxpow number="0.4412704327995051"/>
            <fprob>0.0</fprob>
        </actor>
        <actor name="D0N31">
            <wcet number="0">90</wcet>
            <wcet number="1">90</wcet>
            <maxpow number="0.846552175834561"/>
            <maxpow number="0.846552175834561"/>
            <fprob>0.0</fprob>
        </actor>
        <actor name="D0N33">
            <wcet number="0">30</wcet>
            <wcet number="1">100</wcet>
            <maxpow number="0.6537710489826003"/>
            <maxpow number="0.6537710489826003"/>
            <fprob>0.0</fprob>
        </actor>
        <actor name="D0N36">
            <wcet number="0">40</wcet>
            <wcet number="1">50</wcet>
            <maxpow number="0.647029094123017"/>
            <maxpow number="0.647029094123017"/>
            <fprob>0.0</fprob>
        </actor>
        <actor name="D0N38">
            <wcet number="0">40</wcet>
            <wcet number="1">40</wcet>
            <maxpow number="0.3501818422446279"/>
            <maxpow number="0.3501818422446279"/>
            <fprob>0.0</fprob>
        </actor>
        <actor name="D0N19">
            <wcet number="0">30</wcet>
            <wcet number="1">50</wcet>
            <maxpow number="0.7669428154018398"/>
            <maxpow number="0.7669428154018398"/>
            <fprob>0.0</fprob>
        </actor>
        <actor name="D0N30">
            <wcet number="0">20</wcet>
            <wcet number="1">20</wcet>
            <maxpow number="0.6504548437554603"/>
            <maxpow number="0.6504548437554603"/>
            <fprob>0.0</fprob>
        </actor>
        <actor name="D0N37">
            <wcet number="0">10</wcet>
            <wcet number="1">10</wcet>
            <maxpow number="0.7701365970519092"/>
            <maxpow number="0.7701365970519092"/>
            <fprob>0.0</fprob>
        </actor>
        <actor name="D0N16">
            <wcet number="0">80</wcet>
            <wcet number="1">100</wcet>
            <maxpow number="0.6102768913472876"/>
            <maxpow number="0.6102768913472876"/>
            <fprob>0.0</fprob>
        </actor>
        <actor name="D0N4">
            <wcet number="0">10</wcet>
            <wcet number="1">10</wcet>
            <maxpow number="0.6068032018320875"/>
            <maxpow number="0.6068032018320875"/>
            <fprob>0.0</fprob>
        </actor>
        <actor name="D0N28">
            <wcet number="0">130</wcet>
            <wcet number="1">150</wcet>
            <maxpow number="0.6651744454388627"/>
            <maxpow number="0.6651744454388627"/>
            <fprob>0.0</fprob>
        </actor>
        <actor name="D0N18">
            <wcet number="0">20</wcet>
            <wcet number="1">290</wcet>
            <maxpow number="0.22909422387044015"/>
            <maxpow number="0.22909422387044015"/>
            <fprob>0.0</fprob>
        </actor>
        <actor name="D0N17">
            <wcet number="0">50</wcet>
            <wcet number="1">150</wcet>
            <maxpow number="0.6626639721869374"/>
            <maxpow number="0.6626639721869374"/>
            <fprob>0.0</fprob>
        </actor>
        <actor name="D0N3">
            <wcet number="0">20</wcet>
            <wcet number="1">40</wcet>
            <maxpow number="0.6498632609002586"/>
            <maxpow number="0.6498632609002586"/>
            <fprob>0.0</fprob>
        </actor>
        <ports>
            <port dstActor="D0N34" name="p0" srcActor="D0N26"/>
            <port dstActor="D0N36" name="p1" srcActor="D0N26"/>
            <port dstActor="D0N41" name="p2" srcActor="D0N26"/>
            <port dstActor="D0N42" name="p3" srcActor="D0N1"/>
            <port dstActor="D0N25" name="p4" srcActor="D0N1"/>
            <port dstActor="D0N29" name="p5" srcActor="D0N1"/>
            <port dstActor="D0N10" name="p6" srcActor="D0N1"/>
            <port dstActor="D0N32" name="p7" srcActor="D0N15"/>
            <port dstActor="D0N34" name="p8" srcActor="D0N15"/>
            <port dstActor="D0N35" name="p9" srcActor="D0N15"/>
            <port dstActor="D0N38" name="p10" srcActor="D0N15"/>
            <port dstActor="D0N16" name="p11" srcActor="D0N15"/>
            <port dstActor="D0N39" name="p12" srcActor="D0N15"/>
            <port dstActor="D0N36" name="p13" srcActor="D0N15"/>
            <port dstActor="D0N17" name="p14" srcActor="D0N15"/>
            <port dstActor="D0N18" name="p15" srcActor="D0N15"/>
            <port dstActor="D0N23" name="p16" srcActor="D0N15"/>
            <port dstActor="D0N41" name="p17" srcActor="D0N15"/>
            <port dstActor="D0N39" name="p18" srcActor="D0N2"/>
            <port dstActor="D0N20" name="p19" srcActor="D0N2"/>
            <port dstActor="D0N35" name="p20" srcActor="D0N2"/>
            <port dstActor="D0N6" name="p21" srcActor="D0N2"/>
            <port dstActor="D0N22" name="p22" srcActor="D0N2"/>
            <port dstActor="D0N39" name="p23" srcActor="D0N32"/>
            <port dstActor="D0N35" name="p24" srcActor="D0N13"/>
            <port dstActor="D0N40" name="p25" srcActor="D0N13"/>
            <port dstActor="D0N27" name="p26" srcActor="D0N13"/>
            <port dstActor="D0N32" name="p27" srcActor="D0N13"/>
            <port dstActor="D0N21" name="p28" srcActor="D0N12"/>
            <port dstActor="D0N22" name="p29" srcActor="D0N12"/>
            <port dstActor="D0N43" name="p30" srcActor="D0N12"/>
            <port dstActor="D0N15" name="p31" srcActor="D0N10"/>
            <port dstActor="D0N26" name="p32" srcActor="D0N10"/>
            <port dstActor="D0N30" name="p33" srcActor="D0N10"/>
            <port dstActor="D0N14" name="p34" srcActor="D0N11"/>
            <port dstActor="D0N20" name="p35" srcActor="D0N11"/>
            <port dstActor="D0N33" name="p36" srcActor="D0N11"/>
            <port dstActor="D0N22" name="p37" srcActor="D0N11"/>
            <port dstActor="D0N18" name="p38" srcActor="D0N11"/>
            <port dstActor="D0N23" name="p39" srcActor="D0N0"/>
            <port dstActor="D0N2" name="p40" srcActor="D0N0"/>
            <port dstActor="D0N31" name="p41" srcActor="D0N29"/>
            <port dstActor="D0N37" name="p42" srcActor="D0N29"/>
            <port dstActor="D0N21" name="p43" srcActor="D0N20"/>
            <port dstActor="D0N38" name="p44" srcActor="D0N20"/>
            <port dstActor="D0N28" name="p45" srcActor="D0N25"/>
            <port dstActor="D0N38" name="p46" srcActor="D0N34"/>
            <port dstActor="D0N35" name="p47" srcActor="D0N8"/>
            <port dstActor="D0N15" name="p48" srcActor="D0N8"/>
            <port dstActor="D0N34" name="p49" srcActor="D0N27"/>
            <port dstActor="D0N36" name="p50" srcActor="D0N27"/>
            <port dstActor="D0N24" name="p51" srcActor="D0N22"/>
            <port dstActor="D0N42" name="p52" srcActor="D0N40"/>
            <port dstActor="D0N30" name="p53" srcActor="D0N6"/>
            <port dstActor="D0N14" name="p54" srcActor="D0N6"/>
            <port dstActor="D0N34" name="p55" srcActor="D0N23"/>
            <port dstActor="D0N28" name="p56" srcActor="D0N23"/>
            <port dstActor="D0N43" name="p57" srcActor="D0N42"/>
            <port dstActor="D0N37" name="p58" srcActor="D0N7"/>
            <port dstActor="D0N42" name="p59" srcActor="D0N7"/>
            <port dstActor="D0N7" name="p60" srcActor="D0N5"/>
            <port dstActor="D0N8" name="p61" srcActor="D0N5"/>
            <port dstActor="D0N25" name="p62" srcActor="D0N5"/>
            <port dstActor="D0N16" name="p63" srcActor="D0N5"/>
            <port dstActor="D0N21" name="p64" srcActor="D0N5"/>
            <port dstActor="D0N19" name="p65" srcActor="D0N5"/>
            <port dstActor="D0N22" name="p66" srcActor="D0N21"/>
            <port dstActor="D0N32" name="p67" srcActor="D0N14"/>
            <port dstActor="D0N23" name="p68" srcActor="D0N9"/>
            <port dstActor="D0N10" name="p69" srcActor="D0N9"/>
            <port dstActor="D0N40" name="p70" srcActor="D0N31"/>
            <port dstActor="D0N38" name="p71" srcActor="D0N33"/>
            <port dstActor="D0N38" name="p72" srcActor="D0N19"/>
            <port dstActor="D0N34" name="p73" srcActor="D0N30"/>
            <port dstActor="D0N38" name="p74" srcActor="D0N37"/>
            <port dstActor="D0N18" name="p75" srcActor="D0N16"/>
            <port dstActor="D0N17" name="p76" srcActor="D0N16"/>
            <port dstActor="D0N33" name="p77" srcActor="D0N16"/>
            <port dstActor="D0N36" name="p78" srcActor="D0N16"/>
            <port dstActor="D0N16" name="p79" srcActor="D0N4"/>
            <port dstActor="D0N18" name="p80" srcActor="D0N4"/>
            <port dstActor="D0N26" name="p81" srcActor="D0N4"/>
            <port dstActor="D0N42" name="p82" srcActor="D0N4"/>
            <port dstActor="D0N14" name="p83" srcActor="D0N4"/>
            <port dstActor="D0N33" name="p84" srcActor="D0N28"/>
            <port dstActor="D0N29" name="p85" srcActor="D0N28"/>
            <port dstActor="D0N20" name="p86" srcActor="D0N18"/>
            <port dstActor="D0N24" name="p87" srcActor="D0N18"/>
            <port dstActor="D0N33" name="p88" srcActor="D0N18"/>
            <port dstActor="D0N28" name="p89" srcActor="D0N17"/>
            <port dstActor="D0N21" name="p90" srcActor="D0N17"/>
            <port dstActor="D0N43" name="p91" srcActor="D0N17"/>
            <port dstActor="D0N13" name="p92" srcActor="D0N3"/>
            <port dstActor="D0N20" name="p93" srcActor="D0N3"/>
            <port dstActor="D0N28" name="p94" srcActor="D0N3"/>
            <port dstActor="D0N7" name="p95" srcActor="D0N3"/>
            <port dstActor="D0N23" name="p96" srcActor="D0N3"/>
        </ports>
    </mcdag>
    <cores number="2"/>
    <levels number="2"/>
</mcsystem>
