<?xml version="1.0" encoding="UTF-8" standalone="no"?>
<mcsystem>
    <mcdag deadline="5000" name="genned-0-ed-10.0-0">
        <actor name="D0N44">
            <wcet number="0">80</wcet>
            <wcet number="1">440</wcet>
            <maxpow number="0.7367926338633969"/>
            <maxpow number="0.7367926338633969"/>
            <fprob>0.0</fprob>
        </actor>
        <actor name="D0N12">
            <wcet number="0">20</wcet>
            <wcet number="1">20</wcet>
            <maxpow number="0.6925199510231335"/>
            <maxpow number="0.6925199510231335"/>
            <fprob>0.0</fprob>
        </actor>
        <actor name="D0N20">
            <wcet number="0">160</wcet>
            <wcet number="1">350</wcet>
            <maxpow number="0.3501441788284015"/>
            <maxpow number="0.3501441788284015"/>
            <fprob>0.0</fprob>
        </actor>
        <actor name="D0N19">
            <wcet number="0">40</wcet>
            <wcet number="1">60</wcet>
            <maxpow number="0.3118522916364008"/>
            <maxpow number="0.3118522916364008"/>
            <fprob>0.0</fprob>
        </actor>
        <actor name="D0N17">
            <wcet number="0">130</wcet>
            <wcet number="1">310</wcet>
            <maxpow number="0.6158684719321578"/>
            <maxpow number="0.6158684719321578"/>
            <fprob>0.0</fprob>
        </actor>
        <actor name="D0N40">
            <wcet number="0">220</wcet>
            <wcet number="1">290</wcet>
            <maxpow number="0.4959242482897792"/>
            <maxpow number="0.4959242482897792"/>
            <fprob>0.0</fprob>
        </actor>
        <actor name="D0N3">
            <wcet number="0">40</wcet>
            <wcet number="1">80</wcet>
            <maxpow number="0.3994242198958241"/>
            <maxpow number="0.3994242198958241"/>
            <fprob>0.0</fprob>
        </actor>
        <actor name="D0N38">
            <wcet number="0">80</wcet>
            <wcet number="1">190</wcet>
            <maxpow number="0.19399808608125935"/>
            <maxpow number="0.19399808608125935"/>
            <fprob>0.0</fprob>
        </actor>
        <actor name="D0N26">
            <wcet number="0">40</wcet>
            <wcet number="1">90</wcet>
            <maxpow number="0.7042645383821906"/>
            <maxpow number="0.7042645383821906"/>
            <fprob>0.0</fprob>
        </actor>
        <actor name="D0N16">
            <wcet number="0">10</wcet>
            <wcet number="1">10</wcet>
            <maxpow number="0.7202412585593732"/>
            <maxpow number="0.7202412585593732"/>
            <fprob>0.0</fprob>
        </actor>
        <actor name="D0N18">
            <wcet number="0">10</wcet>
            <wcet number="1">170</wcet>
            <maxpow number="0.5294951424232406"/>
            <maxpow number="0.5294951424232406"/>
            <fprob>0.0</fprob>
        </actor>
        <actor name="D0N27">
            <wcet number="0">110</wcet>
            <wcet number="1">110</wcet>
            <maxpow number="0.6880861771695427"/>
            <maxpow number="0.6880861771695427"/>
            <fprob>0.0</fprob>
        </actor>
        <actor name="D0N6">
            <wcet number="0">120</wcet>
            <wcet number="1">140</wcet>
            <maxpow number="0.3904120798905496"/>
            <maxpow number="0.3904120798905496"/>
            <fprob>0.0</fprob>
        </actor>
        <actor name="D0N46">
            <wcet number="0">10</wcet>
            <wcet number="1">10</wcet>
            <maxpow number="0.807669663879828"/>
            <maxpow number="0.807669663879828"/>
            <fprob>0.0</fprob>
        </actor>
        <actor name="D0N4">
            <wcet number="0">170</wcet>
            <wcet number="1">390</wcet>
            <maxpow number="0.29365696033051314"/>
            <maxpow number="0.29365696033051314"/>
            <fprob>0.0</fprob>
        </actor>
        <actor name="D0N0">
            <wcet number="0">350</wcet>
            <wcet number="1">480</wcet>
            <maxpow number="0.782625432950764"/>
            <maxpow number="0.782625432950764"/>
            <fprob>0.0</fprob>
        </actor>
        <actor name="D0N31">
            <wcet number="0">340</wcet>
            <wcet number="1">560</wcet>
            <maxpow number="0.8005361602576632"/>
            <maxpow number="0.8005361602576632"/>
            <fprob>0.0</fprob>
        </actor>
        <actor name="D0N28">
            <wcet number="0">10</wcet>
            <wcet number="1">180</wcet>
            <maxpow number="0.4431953022699752"/>
            <maxpow number="0.4431953022699752"/>
            <fprob>0.0</fprob>
        </actor>
        <actor name="D0N34">
            <wcet number="0">10</wcet>
            <wcet number="1">30</wcet>
            <maxpow number="0.5814169603258046"/>
            <maxpow number="0.5814169603258046"/>
            <fprob>0.0</fprob>
        </actor>
        <actor name="D0N23">
            <wcet number="0">50</wcet>
            <wcet number="1">60</wcet>
            <maxpow number="0.3809427641004356"/>
            <maxpow number="0.3809427641004356"/>
            <fprob>0.0</fprob>
        </actor>
        <actor name="D0N42">
            <wcet number="0">80</wcet>
            <wcet number="1">200</wcet>
            <maxpow number="0.5866071380898543"/>
            <maxpow number="0.5866071380898543"/>
            <fprob>0.0</fprob>
        </actor>
        <actor name="D0N24">
            <wcet number="0">230</wcet>
            <wcet number="1">270</wcet>
            <maxpow number="0.436467612116943"/>
            <maxpow number="0.436467612116943"/>
            <fprob>0.0</fprob>
        </actor>
        <actor name="D0N8">
            <wcet number="0">180</wcet>
            <wcet number="1">340</wcet>
            <maxpow number="0.6893803690039746"/>
            <maxpow number="0.6893803690039746"/>
            <fprob>0.0</fprob>
        </actor>
        <actor name="D0N5">
            <wcet number="0">200</wcet>
            <wcet number="1">370</wcet>
            <maxpow number="0.1771450389357926"/>
            <maxpow number="0.1771450389357926"/>
            <fprob>0.0</fprob>
        </actor>
        <actor name="D0N15">
            <wcet number="0">30</wcet>
            <wcet number="1">40</wcet>
            <maxpow number="0.5786801401843464"/>
            <maxpow number="0.5786801401843464"/>
            <fprob>0.0</fprob>
        </actor>
        <actor name="D0N45">
            <wcet number="0">60</wcet>
            <wcet number="1">130</wcet>
            <maxpow number="0.4187872544635609"/>
            <maxpow number="0.4187872544635609"/>
            <fprob>0.0</fprob>
        </actor>
        <actor name="D0N14">
            <wcet number="0">30</wcet>
            <wcet number="1">30</wcet>
            <maxpow number="0.678637036820992"/>
            <maxpow number="0.678637036820992"/>
            <fprob>0.0</fprob>
        </actor>
        <actor name="D0N13">
            <wcet number="0">150</wcet>
            <wcet number="1">630</wcet>
            <maxpow number="0.523635813404188"/>
            <maxpow number="0.523635813404188"/>
            <fprob>0.0</fprob>
        </actor>
        <actor name="D0N37">
            <wcet number="0">290</wcet>
            <wcet number="1">380</wcet>
            <maxpow number="0.41016417341750583"/>
            <maxpow number="0.41016417341750583"/>
            <fprob>0.0</fprob>
        </actor>
        <actor name="D0N30">
            <wcet number="0">170</wcet>
            <wcet number="1">170</wcet>
            <maxpow number="0.8844153777545183"/>
            <maxpow number="0.8844153777545183"/>
            <fprob>0.0</fprob>
        </actor>
        <actor name="D0N25">
            <wcet number="0">90</wcet>
            <wcet number="1">430</wcet>
            <maxpow number="0.5515257121024235"/>
            <maxpow number="0.5515257121024235"/>
            <fprob>0.0</fprob>
        </actor>
        <actor name="D0N41">
            <wcet number="0">1000</wcet>
            <wcet number="1">1190</wcet>
            <maxpow number="0.5906852541465083"/>
            <maxpow number="0.5906852541465083"/>
            <fprob>0.0</fprob>
        </actor>
        <actor name="D0N47">
            <wcet number="0">40</wcet>
            <wcet number="1">150</wcet>
            <maxpow number="0.8629536494626191"/>
            <maxpow number="0.8629536494626191"/>
            <fprob>0.0</fprob>
        </actor>
        <actor name="D0N39">
            <wcet number="0">150</wcet>
            <wcet number="1">360</wcet>
            <maxpow number="0.5935842002719509"/>
            <maxpow number="0.5935842002719509"/>
            <fprob>0.0</fprob>
        </actor>
        <actor name="D0N2">
            <wcet number="0">290</wcet>
            <wcet number="1">630</wcet>
            <maxpow number="0.402310856817173"/>
            <maxpow number="0.402310856817173"/>
            <fprob>0.0</fprob>
        </actor>
        <actor name="D0N33">
            <wcet number="0">100</wcet>
            <wcet number="1">300</wcet>
            <maxpow number="0.5428585959900569"/>
            <maxpow number="0.5428585959900569"/>
            <fprob>0.0</fprob>
        </actor>
        <actor name="D0N29">
            <wcet number="0">30</wcet>
            <wcet number="1">80</wcet>
            <maxpow number="0.3938302188119528"/>
            <maxpow number="0.3938302188119528"/>
            <fprob>0.0</fprob>
        </actor>
        <actor name="D0N9">
            <wcet number="0">70</wcet>
            <wcet number="1">110</wcet>
            <maxpow number="0.4993068242130916"/>
            <maxpow number="0.4993068242130916"/>
            <fprob>0.0</fprob>
        </actor>
        <actor name="D0N11">
            <wcet number="0">230</wcet>
            <wcet number="1">320</wcet>
            <maxpow number="0.7018532494786189"/>
            <maxpow number="0.7018532494786189"/>
            <fprob>0.0</fprob>
        </actor>
        <actor name="D0N32">
            <wcet number="0">80</wcet>
            <wcet number="1">100</wcet>
            <maxpow number="0.3399991107849236"/>
            <maxpow number="0.3399991107849236"/>
            <fprob>0.0</fprob>
        </actor>
        <actor name="D0N36">
            <wcet number="0">740</wcet>
            <wcet number="1">790</wcet>
            <maxpow number="0.5811489472707471"/>
            <maxpow number="0.5811489472707471"/>
            <fprob>0.0</fprob>
        </actor>
        <actor name="D0N43">
            <wcet number="0">10</wcet>
            <wcet number="1">20</wcet>
            <maxpow number="0.9442954360295335"/>
            <maxpow number="0.9442954360295335"/>
            <fprob>0.0</fprob>
        </actor>
        <actor name="D0N48">
            <wcet number="0">150</wcet>
            <wcet number="1">260</wcet>
            <maxpow number="0.6329458216394741"/>
            <maxpow number="0.6329458216394741"/>
            <fprob>0.0</fprob>
        </actor>
        <actor name="D0N35">
            <wcet number="0">10</wcet>
            <wcet number="1">10</wcet>
            <maxpow number="0.5573819364426085"/>
            <maxpow number="0.5573819364426085"/>
            <fprob>0.0</fprob>
        </actor>
        <actor name="D0N1">
            <wcet number="0">50</wcet>
            <wcet number="1">100</wcet>
            <maxpow number="0.5485255035603821"/>
            <maxpow number="0.5485255035603821"/>
            <fprob>0.0</fprob>
        </actor>
        <actor name="D0N22">
            <wcet number="0">190</wcet>
            <wcet number="1">190</wcet>
            <maxpow number="0.612877417098868"/>
            <maxpow number="0.612877417098868"/>
            <fprob>0.0</fprob>
        </actor>
        <actor name="D0N49">
            <wcet number="0">40</wcet>
            <wcet number="1">40</wcet>
            <maxpow number="0.7985265496307552"/>
            <maxpow number="0.7985265496307552"/>
            <fprob>0.0</fprob>
        </actor>
        <actor name="D0N7">
            <wcet number="0">130</wcet>
            <wcet number="1">170</wcet>
            <maxpow number="0.45817152741955175"/>
            <maxpow number="0.45817152741955175"/>
            <fprob>0.0</fprob>
        </actor>
        <actor name="D0N21">
            <wcet number="0">220</wcet>
            <wcet number="1">230</wcet>
            <maxpow number="0.5982299325434296"/>
            <maxpow number="0.5982299325434296"/>
            <fprob>0.0</fprob>
        </actor>
        <actor name="D0N10">
            <wcet number="0">420</wcet>
            <wcet number="1">490</wcet>
            <maxpow number="0.6308197338090394"/>
            <maxpow number="0.6308197338090394"/>
            <fprob>0.0</fprob>
        </actor>
        <ports>
            <port dstActor="D0N19" name="p0" srcActor="D0N12"/>
            <port dstActor="D0N25" name="p1" srcActor="D0N12"/>
            <port dstActor="D0N44" name="p2" srcActor="D0N12"/>
            <port dstActor="D0N37" name="p3" srcActor="D0N12"/>
            <port dstActor="D0N21" name="p4" srcActor="D0N20"/>
            <port dstActor="D0N24" name="p5" srcActor="D0N20"/>
            <port dstActor="D0N31" name="p6" srcActor="D0N20"/>
            <port dstActor="D0N38" name="p7" srcActor="D0N19"/>
            <port dstActor="D0N25" name="p8" srcActor="D0N19"/>
            <port dstActor="D0N40" name="p9" srcActor="D0N19"/>
            <port dstActor="D0N35" name="p10" srcActor="D0N19"/>
            <port dstActor="D0N40" name="p11" srcActor="D0N17"/>
            <port dstActor="D0N49" name="p12" srcActor="D0N17"/>
            <port dstActor="D0N36" name="p13" srcActor="D0N17"/>
            <port dstActor="D0N30" name="p14" srcActor="D0N3"/>
            <port dstActor="D0N28" name="p15" srcActor="D0N3"/>
            <port dstActor="D0N36" name="p16" srcActor="D0N3"/>
            <port dstActor="D0N16" name="p17" srcActor="D0N3"/>
            <port dstActor="D0N41" name="p18" srcActor="D0N38"/>
            <port dstActor="D0N46" name="p19" srcActor="D0N38"/>
            <port dstActor="D0N48" name="p20" srcActor="D0N38"/>
            <port dstActor="D0N28" name="p21" srcActor="D0N26"/>
            <port dstActor="D0N27" name="p22" srcActor="D0N26"/>
            <port dstActor="D0N40" name="p23" srcActor="D0N16"/>
            <port dstActor="D0N47" name="p24" srcActor="D0N16"/>
            <port dstActor="D0N33" name="p25" srcActor="D0N18"/>
            <port dstActor="D0N25" name="p26" srcActor="D0N18"/>
            <port dstActor="D0N24" name="p27" srcActor="D0N18"/>
            <port dstActor="D0N45" name="p28" srcActor="D0N18"/>
            <port dstActor="D0N47" name="p29" srcActor="D0N18"/>
            <port dstActor="D0N49" name="p30" srcActor="D0N18"/>
            <port dstActor="D0N41" name="p31" srcActor="D0N27"/>
            <port dstActor="D0N45" name="p32" srcActor="D0N27"/>
            <port dstActor="D0N39" name="p33" srcActor="D0N6"/>
            <port dstActor="D0N49" name="p34" srcActor="D0N6"/>
            <port dstActor="D0N9" name="p35" srcActor="D0N6"/>
            <port dstActor="D0N37" name="p36" srcActor="D0N4"/>
            <port dstActor="D0N30" name="p37" srcActor="D0N4"/>
            <port dstActor="D0N10" name="p38" srcActor="D0N4"/>
            <port dstActor="D0N35" name="p39" srcActor="D0N0"/>
            <port dstActor="D0N37" name="p40" srcActor="D0N0"/>
            <port dstActor="D0N3" name="p41" srcActor="D0N0"/>
            <port dstActor="D0N20" name="p42" srcActor="D0N0"/>
            <port dstActor="D0N31" name="p43" srcActor="D0N0"/>
            <port dstActor="D0N9" name="p44" srcActor="D0N0"/>
            <port dstActor="D0N42" name="p45" srcActor="D0N31"/>
            <port dstActor="D0N45" name="p46" srcActor="D0N31"/>
            <port dstActor="D0N32" name="p47" srcActor="D0N28"/>
            <port dstActor="D0N44" name="p48" srcActor="D0N28"/>
            <port dstActor="D0N39" name="p49" srcActor="D0N28"/>
            <port dstActor="D0N29" name="p50" srcActor="D0N23"/>
            <port dstActor="D0N48" name="p51" srcActor="D0N42"/>
            <port dstActor="D0N39" name="p52" srcActor="D0N24"/>
            <port dstActor="D0N47" name="p53" srcActor="D0N24"/>
            <port dstActor="D0N36" name="p54" srcActor="D0N24"/>
            <port dstActor="D0N41" name="p55" srcActor="D0N24"/>
            <port dstActor="D0N31" name="p56" srcActor="D0N24"/>
            <port dstActor="D0N44" name="p57" srcActor="D0N24"/>
            <port dstActor="D0N27" name="p58" srcActor="D0N8"/>
            <port dstActor="D0N34" name="p59" srcActor="D0N8"/>
            <port dstActor="D0N11" name="p60" srcActor="D0N8"/>
            <port dstActor="D0N48" name="p61" srcActor="D0N8"/>
            <port dstActor="D0N13" name="p62" srcActor="D0N8"/>
            <port dstActor="D0N26" name="p63" srcActor="D0N8"/>
            <port dstActor="D0N49" name="p64" srcActor="D0N8"/>
            <port dstActor="D0N9" name="p65" srcActor="D0N5"/>
            <port dstActor="D0N46" name="p66" srcActor="D0N5"/>
            <port dstActor="D0N31" name="p67" srcActor="D0N5"/>
            <port dstActor="D0N37" name="p68" srcActor="D0N15"/>
            <port dstActor="D0N41" name="p69" srcActor="D0N15"/>
            <port dstActor="D0N28" name="p70" srcActor="D0N15"/>
            <port dstActor="D0N26" name="p71" srcActor="D0N14"/>
            <port dstActor="D0N40" name="p72" srcActor="D0N14"/>
            <port dstActor="D0N44" name="p73" srcActor="D0N14"/>
            <port dstActor="D0N38" name="p74" srcActor="D0N13"/>
            <port dstActor="D0N37" name="p75" srcActor="D0N13"/>
            <port dstActor="D0N43" name="p76" srcActor="D0N13"/>
            <port dstActor="D0N40" name="p77" srcActor="D0N13"/>
            <port dstActor="D0N30" name="p78" srcActor="D0N13"/>
            <port dstActor="D0N33" name="p79" srcActor="D0N13"/>
            <port dstActor="D0N20" name="p80" srcActor="D0N13"/>
            <port dstActor="D0N42" name="p81" srcActor="D0N37"/>
            <port dstActor="D0N46" name="p82" srcActor="D0N37"/>
            <port dstActor="D0N45" name="p83" srcActor="D0N37"/>
            <port dstActor="D0N45" name="p84" srcActor="D0N30"/>
            <port dstActor="D0N49" name="p85" srcActor="D0N30"/>
            <port dstActor="D0N30" name="p86" srcActor="D0N25"/>
            <port dstActor="D0N28" name="p87" srcActor="D0N25"/>
            <port dstActor="D0N49" name="p88" srcActor="D0N25"/>
            <port dstActor="D0N28" name="p89" srcActor="D0N2"/>
            <port dstActor="D0N4" name="p90" srcActor="D0N2"/>
            <port dstActor="D0N10" name="p91" srcActor="D0N9"/>
            <port dstActor="D0N27" name="p92" srcActor="D0N9"/>
            <port dstActor="D0N47" name="p93" srcActor="D0N9"/>
            <port dstActor="D0N19" name="p94" srcActor="D0N9"/>
            <port dstActor="D0N32" name="p95" srcActor="D0N9"/>
            <port dstActor="D0N15" name="p96" srcActor="D0N11"/>
            <port dstActor="D0N28" name="p97" srcActor="D0N11"/>
            <port dstActor="D0N41" name="p98" srcActor="D0N32"/>
            <port dstActor="D0N46" name="p99" srcActor="D0N32"/>
            <port dstActor="D0N34" name="p100" srcActor="D0N32"/>
            <port dstActor="D0N33" name="p101" srcActor="D0N1"/>
            <port dstActor="D0N9" name="p102" srcActor="D0N1"/>
            <port dstActor="D0N16" name="p103" srcActor="D0N1"/>
            <port dstActor="D0N31" name="p104" srcActor="D0N1"/>
            <port dstActor="D0N10" name="p105" srcActor="D0N1"/>
            <port dstActor="D0N11" name="p106" srcActor="D0N1"/>
            <port dstActor="D0N17" name="p107" srcActor="D0N7"/>
            <port dstActor="D0N31" name="p108" srcActor="D0N7"/>
            <port dstActor="D0N43" name="p109" srcActor="D0N7"/>
            <port dstActor="D0N49" name="p110" srcActor="D0N21"/>
            <port dstActor="D0N42" name="p111" srcActor="D0N21"/>
            <port dstActor="D0N47" name="p112" srcActor="D0N21"/>
            <port dstActor="D0N26" name="p113" srcActor="D0N10"/>
            <port dstActor="D0N32" name="p114" srcActor="D0N10"/>
            <port dstActor="D0N38" name="p115" srcActor="D0N10"/>
            <port dstActor="D0N40" name="p116" srcActor="D0N10"/>
            <port dstActor="D0N28" name="p117" srcActor="D0N10"/>
        </ports>
    </mcdag>
    <cores number="3"/>
    <levels number="2"/>
</mcsystem>
