<?xml version="1.0" encoding="UTF-8" standalone="no"?>
<mcsystem>
    <mcdag deadline="2000" name="genned-0-ed-10.0-0">
        <actor name="D0N9">
            <wcet number="0">30</wcet>
            <wcet number="1">80</wcet>
            <maxpow number="0.7077577397923888"/>
            <maxpow number="0.7077577397923888"/>
            <fprob>0.0</fprob>
        </actor>
        <actor name="D0N30">
            <wcet number="0">20</wcet>
            <wcet number="1">20</wcet>
            <maxpow number="0.3717932689857285"/>
            <maxpow number="0.3717932689857285"/>
            <fprob>0.0</fprob>
        </actor>
        <actor name="D0N20">
            <wcet number="0">10</wcet>
            <wcet number="1">10</wcet>
            <maxpow number="0.3885567910322618"/>
            <maxpow number="0.3885567910322618"/>
            <fprob>0.0</fprob>
        </actor>
        <actor name="D0N45">
            <wcet number="0">10</wcet>
            <wcet number="1">10</wcet>
            <maxpow number="0.32368298239658816"/>
            <maxpow number="0.32368298239658816"/>
            <fprob>0.0</fprob>
        </actor>
        <actor name="D0N32">
            <wcet number="0">110</wcet>
            <wcet number="1">120</wcet>
            <maxpow number="0.471607510851732"/>
            <maxpow number="0.471607510851732"/>
            <fprob>0.0</fprob>
        </actor>
        <actor name="D0N17">
            <wcet number="0">10</wcet>
            <wcet number="1">10</wcet>
            <maxpow number="0.8058991508014417"/>
            <maxpow number="0.8058991508014417"/>
            <fprob>0.0</fprob>
        </actor>
        <actor name="D0N4">
            <wcet number="0">110</wcet>
            <wcet number="1">150</wcet>
            <maxpow number="0.5963920835472101"/>
            <maxpow number="0.5963920835472101"/>
            <fprob>0.0</fprob>
        </actor>
        <actor name="D0N7">
            <wcet number="0">10</wcet>
            <wcet number="1">10</wcet>
            <maxpow number="0.44611845054494104"/>
            <maxpow number="0.44611845054494104"/>
            <fprob>0.0</fprob>
        </actor>
        <actor name="D0N19">
            <wcet number="0">60</wcet>
            <wcet number="1">60</wcet>
            <maxpow number="0.3611192861124426"/>
            <maxpow number="0.3611192861124426"/>
            <fprob>0.0</fprob>
        </actor>
        <actor name="D0N14">
            <wcet number="0">50</wcet>
            <wcet number="1">170</wcet>
            <maxpow number="0.4252030714460732"/>
            <maxpow number="0.4252030714460732"/>
            <fprob>0.0</fprob>
        </actor>
        <actor name="D0N15">
            <wcet number="0">150</wcet>
            <wcet number="1">170</wcet>
            <maxpow number="0.2710146368927239"/>
            <maxpow number="0.2710146368927239"/>
            <fprob>0.0</fprob>
        </actor>
        <actor name="D0N0">
            <wcet number="0">60</wcet>
            <wcet number="1">70</wcet>
            <maxpow number="0.5720161478211434"/>
            <maxpow number="0.5720161478211434"/>
            <fprob>0.0</fprob>
        </actor>
        <actor name="D0N18">
            <wcet number="0">40</wcet>
            <wcet number="1">60</wcet>
            <maxpow number="0.22327565241670178"/>
            <maxpow number="0.22327565241670178"/>
            <fprob>0.0</fprob>
        </actor>
        <actor name="D0N43">
            <wcet number="0">130</wcet>
            <wcet number="1">200</wcet>
            <maxpow number="0.7426386650765453"/>
            <maxpow number="0.7426386650765453"/>
            <fprob>0.0</fprob>
        </actor>
        <actor name="D0N35">
            <wcet number="0">50</wcet>
            <wcet number="1">110</wcet>
            <maxpow number="0.4906148968311228"/>
            <maxpow number="0.4906148968311228"/>
            <fprob>0.0</fprob>
        </actor>
        <actor name="D0N23">
            <wcet number="0">20</wcet>
            <wcet number="1">30</wcet>
            <maxpow number="0.7436047607687271"/>
            <maxpow number="0.7436047607687271"/>
            <fprob>0.0</fprob>
        </actor>
        <actor name="D0N34">
            <wcet number="0">60</wcet>
            <wcet number="1">70</wcet>
            <maxpow number="0.41693005676488193"/>
            <maxpow number="0.41693005676488193"/>
            <fprob>0.0</fprob>
        </actor>
        <actor name="D0N12">
            <wcet number="0">220</wcet>
            <wcet number="1">290</wcet>
            <maxpow number="0.556894466770848"/>
            <maxpow number="0.556894466770848"/>
            <fprob>0.0</fprob>
        </actor>
        <actor name="D0N26">
            <wcet number="0">30</wcet>
            <wcet number="1">40</wcet>
            <maxpow number="0.4857692143368464"/>
            <maxpow number="0.4857692143368464"/>
            <fprob>0.0</fprob>
        </actor>
        <actor name="D0N27">
            <wcet number="0">80</wcet>
            <wcet number="1">140</wcet>
            <maxpow number="0.6939450030517637"/>
            <maxpow number="0.6939450030517637"/>
            <fprob>0.0</fprob>
        </actor>
        <actor name="D0N25">
            <wcet number="0">130</wcet>
            <wcet number="1">250</wcet>
            <maxpow number="0.2802743122628886"/>
            <maxpow number="0.2802743122628886"/>
            <fprob>0.0</fprob>
        </actor>
        <actor name="D0N46">
            <wcet number="0">80</wcet>
            <wcet number="1">220</wcet>
            <maxpow number="0.4917286161004745"/>
            <maxpow number="0.4917286161004745"/>
            <fprob>0.0</fprob>
        </actor>
        <actor name="D0N39">
            <wcet number="0">20</wcet>
            <wcet number="1">30</wcet>
            <maxpow number="0.6888674902403993"/>
            <maxpow number="0.6888674902403993"/>
            <fprob>0.0</fprob>
        </actor>
        <actor name="D0N6">
            <wcet number="0">70</wcet>
            <wcet number="1">90</wcet>
            <maxpow number="0.5638470793135003"/>
            <maxpow number="0.5638470793135003"/>
            <fprob>0.0</fprob>
        </actor>
        <actor name="D0N37">
            <wcet number="0">10</wcet>
            <wcet number="1">10</wcet>
            <maxpow number="0.7828905995729818"/>
            <maxpow number="0.7828905995729818"/>
            <fprob>0.0</fprob>
        </actor>
        <actor name="D0N28">
            <wcet number="0">10</wcet>
            <wcet number="1">10</wcet>
            <maxpow number="0.5239999873360587"/>
            <maxpow number="0.5239999873360587"/>
            <fprob>0.0</fprob>
        </actor>
        <actor name="D0N21">
            <wcet number="0">20</wcet>
            <wcet number="1">60</wcet>
            <maxpow number="0.5110323712458756"/>
            <maxpow number="0.5110323712458756"/>
            <fprob>0.0</fprob>
        </actor>
        <actor name="D0N10">
            <wcet number="0">20</wcet>
            <wcet number="1">90</wcet>
            <maxpow number="0.8234568099305513"/>
            <maxpow number="0.8234568099305513"/>
            <fprob>0.0</fprob>
        </actor>
        <actor name="D0N13">
            <wcet number="0">200</wcet>
            <wcet number="1">240</wcet>
            <maxpow number="0.5671544728428599"/>
            <maxpow number="0.5671544728428599"/>
            <fprob>0.0</fprob>
        </actor>
        <actor name="D0N16">
            <wcet number="0">10</wcet>
            <wcet number="1">10</wcet>
            <maxpow number="0.7079963053217544"/>
            <maxpow number="0.7079963053217544"/>
            <fprob>0.0</fprob>
        </actor>
        <actor name="D0N8">
            <wcet number="0">20</wcet>
            <wcet number="1">70</wcet>
            <maxpow number="0.7251653870197151"/>
            <maxpow number="0.7251653870197151"/>
            <fprob>0.0</fprob>
        </actor>
        <actor name="D0N22">
            <wcet number="0">40</wcet>
            <wcet number="1">130</wcet>
            <maxpow number="1.082079662872378"/>
            <maxpow number="1.082079662872378"/>
            <fprob>0.0</fprob>
        </actor>
        <actor name="D0N40">
            <wcet number="0">140</wcet>
            <wcet number="1">160</wcet>
            <maxpow number="0.6015268394881577"/>
            <maxpow number="0.6015268394881577"/>
            <fprob>0.0</fprob>
        </actor>
        <actor name="D0N31">
            <wcet number="0">120</wcet>
            <wcet number="1">210</wcet>
            <maxpow number="0.09391413208974747"/>
            <maxpow number="0.09391413208974747"/>
            <fprob>0.0</fprob>
        </actor>
        <actor name="D0N47">
            <wcet number="0">20</wcet>
            <wcet number="1">20</wcet>
            <maxpow number="0.5394128077008323"/>
            <maxpow number="0.5394128077008323"/>
            <fprob>0.0</fprob>
        </actor>
        <actor name="D0N33">
            <wcet number="0">70</wcet>
            <wcet number="1">70</wcet>
            <maxpow number="0.5796197076639826"/>
            <maxpow number="0.5796197076639826"/>
            <fprob>0.0</fprob>
        </actor>
        <actor name="D0N41">
            <wcet number="0">10</wcet>
            <wcet number="1">60</wcet>
            <maxpow number="0.5115216202600227"/>
            <maxpow number="0.5115216202600227"/>
            <fprob>0.0</fprob>
        </actor>
        <actor name="D0N44">
            <wcet number="0">170</wcet>
            <wcet number="1">230</wcet>
            <maxpow number="0.6273774187240164"/>
            <maxpow number="0.6273774187240164"/>
            <fprob>0.0</fprob>
        </actor>
        <actor name="D0N2">
            <wcet number="0">30</wcet>
            <wcet number="1">30</wcet>
            <maxpow number="0.4435647931330895"/>
            <maxpow number="0.4435647931330895"/>
            <fprob>0.0</fprob>
        </actor>
        <actor name="D0N5">
            <wcet number="0">50</wcet>
            <wcet number="1">170</wcet>
            <maxpow number="0.5259462463644151"/>
            <maxpow number="0.5259462463644151"/>
            <fprob>0.0</fprob>
        </actor>
        <actor name="D0N36">
            <wcet number="0">80</wcet>
            <wcet number="1">350</wcet>
            <maxpow number="0.7140705942832973"/>
            <maxpow number="0.7140705942832973"/>
            <fprob>0.0</fprob>
        </actor>
        <actor name="D0N11">
            <wcet number="0">30</wcet>
            <wcet number="1">60</wcet>
            <maxpow number="0.6727616105691292"/>
            <maxpow number="0.6727616105691292"/>
            <fprob>0.0</fprob>
        </actor>
        <actor name="D0N1">
            <wcet number="0">50</wcet>
            <wcet number="1">70</wcet>
            <maxpow number="0.4201803168454643"/>
            <maxpow number="0.4201803168454643"/>
            <fprob>0.0</fprob>
        </actor>
        <actor name="D0N3">
            <wcet number="0">10</wcet>
            <wcet number="1">10</wcet>
            <maxpow number="0.33991545883823937"/>
            <maxpow number="0.33991545883823937"/>
            <fprob>0.0</fprob>
        </actor>
        <actor name="D0N29">
            <wcet number="0">50</wcet>
            <wcet number="1">110</wcet>
            <maxpow number="0.4433640322129811"/>
            <maxpow number="0.4433640322129811"/>
            <fprob>0.0</fprob>
        </actor>
        <actor name="D0N24">
            <wcet number="0">30</wcet>
            <wcet number="1">30</wcet>
            <maxpow number="0.4744528563338004"/>
            <maxpow number="0.4744528563338004"/>
            <fprob>0.0</fprob>
        </actor>
        <actor name="D0N42">
            <wcet number="0">50</wcet>
            <wcet number="1">110</wcet>
            <maxpow number="0.5132574230280289"/>
            <maxpow number="0.5132574230280289"/>
            <fprob>0.0</fprob>
        </actor>
        <actor name="D0N38">
            <wcet number="0">30</wcet>
            <wcet number="1">80</wcet>
            <maxpow number="1.1538571281890837"/>
            <maxpow number="1.1538571281890837"/>
            <fprob>0.0</fprob>
        </actor>
        <ports>
            <port dstActor="D0N21" name="p0" srcActor="D0N9"/>
            <port dstActor="D0N33" name="p1" srcActor="D0N9"/>
            <port dstActor="D0N33" name="p2" srcActor="D0N30"/>
            <port dstActor="D0N34" name="p3" srcActor="D0N30"/>
            <port dstActor="D0N43" name="p4" srcActor="D0N32"/>
            <port dstActor="D0N22" name="p5" srcActor="D0N17"/>
            <port dstActor="D0N30" name="p6" srcActor="D0N17"/>
            <port dstActor="D0N45" name="p7" srcActor="D0N17"/>
            <port dstActor="D0N23" name="p8" srcActor="D0N17"/>
            <port dstActor="D0N22" name="p9" srcActor="D0N4"/>
            <port dstActor="D0N40" name="p10" srcActor="D0N4"/>
            <port dstActor="D0N35" name="p11" srcActor="D0N7"/>
            <port dstActor="D0N46" name="p12" srcActor="D0N7"/>
            <port dstActor="D0N37" name="p13" srcActor="D0N7"/>
            <port dstActor="D0N43" name="p14" srcActor="D0N7"/>
            <port dstActor="D0N16" name="p15" srcActor="D0N14"/>
            <port dstActor="D0N23" name="p16" srcActor="D0N14"/>
            <port dstActor="D0N34" name="p17" srcActor="D0N14"/>
            <port dstActor="D0N46" name="p18" srcActor="D0N15"/>
            <port dstActor="D0N40" name="p19" srcActor="D0N15"/>
            <port dstActor="D0N31" name="p20" srcActor="D0N15"/>
            <port dstActor="D0N8" name="p21" srcActor="D0N0"/>
            <port dstActor="D0N46" name="p22" srcActor="D0N0"/>
            <port dstActor="D0N20" name="p23" srcActor="D0N0"/>
            <port dstActor="D0N35" name="p24" srcActor="D0N0"/>
            <port dstActor="D0N29" name="p25" srcActor="D0N18"/>
            <port dstActor="D0N21" name="p26" srcActor="D0N18"/>
            <port dstActor="D0N45" name="p27" srcActor="D0N35"/>
            <port dstActor="D0N30" name="p28" srcActor="D0N23"/>
            <port dstActor="D0N33" name="p29" srcActor="D0N23"/>
            <port dstActor="D0N26" name="p30" srcActor="D0N23"/>
            <port dstActor="D0N40" name="p31" srcActor="D0N34"/>
            <port dstActor="D0N28" name="p32" srcActor="D0N12"/>
            <port dstActor="D0N35" name="p33" srcActor="D0N12"/>
            <port dstActor="D0N38" name="p34" srcActor="D0N26"/>
            <port dstActor="D0N39" name="p35" srcActor="D0N27"/>
            <port dstActor="D0N38" name="p36" srcActor="D0N25"/>
            <port dstActor="D0N28" name="p37" srcActor="D0N25"/>
            <port dstActor="D0N8" name="p38" srcActor="D0N6"/>
            <port dstActor="D0N7" name="p39" srcActor="D0N6"/>
            <port dstActor="D0N23" name="p40" srcActor="D0N6"/>
            <port dstActor="D0N45" name="p41" srcActor="D0N37"/>
            <port dstActor="D0N44" name="p42" srcActor="D0N37"/>
            <port dstActor="D0N43" name="p43" srcActor="D0N28"/>
            <port dstActor="D0N28" name="p44" srcActor="D0N21"/>
            <port dstActor="D0N22" name="p45" srcActor="D0N21"/>
            <port dstActor="D0N32" name="p46" srcActor="D0N21"/>
            <port dstActor="D0N47" name="p47" srcActor="D0N13"/>
            <port dstActor="D0N27" name="p48" srcActor="D0N13"/>
            <port dstActor="D0N27" name="p49" srcActor="D0N16"/>
            <port dstActor="D0N24" name="p50" srcActor="D0N16"/>
            <port dstActor="D0N25" name="p51" srcActor="D0N16"/>
            <port dstActor="D0N37" name="p52" srcActor="D0N16"/>
            <port dstActor="D0N32" name="p53" srcActor="D0N16"/>
            <port dstActor="D0N41" name="p54" srcActor="D0N16"/>
            <port dstActor="D0N35" name="p55" srcActor="D0N8"/>
            <port dstActor="D0N22" name="p56" srcActor="D0N8"/>
            <port dstActor="D0N46" name="p57" srcActor="D0N31"/>
            <port dstActor="D0N34" name="p58" srcActor="D0N33"/>
            <port dstActor="D0N42" name="p59" srcActor="D0N41"/>
            <port dstActor="D0N43" name="p60" srcActor="D0N2"/>
            <port dstActor="D0N8" name="p61" srcActor="D0N2"/>
            <port dstActor="D0N34" name="p62" srcActor="D0N5"/>
            <port dstActor="D0N39" name="p63" srcActor="D0N5"/>
            <port dstActor="D0N33" name="p64" srcActor="D0N5"/>
            <port dstActor="D0N35" name="p65" srcActor="D0N5"/>
            <port dstActor="D0N18" name="p66" srcActor="D0N11"/>
            <port dstActor="D0N16" name="p67" srcActor="D0N11"/>
            <port dstActor="D0N28" name="p68" srcActor="D0N11"/>
            <port dstActor="D0N36" name="p69" srcActor="D0N11"/>
            <port dstActor="D0N37" name="p70" srcActor="D0N1"/>
            <port dstActor="D0N27" name="p71" srcActor="D0N1"/>
            <port dstActor="D0N24" name="p72" srcActor="D0N1"/>
            <port dstActor="D0N10" name="p73" srcActor="D0N1"/>
            <port dstActor="D0N4" name="p74" srcActor="D0N1"/>
            <port dstActor="D0N45" name="p75" srcActor="D0N3"/>
            <port dstActor="D0N30" name="p76" srcActor="D0N29"/>
            <port dstActor="D0N29" name="p77" srcActor="D0N24"/>
            <port dstActor="D0N43" name="p78" srcActor="D0N24"/>
            <port dstActor="D0N47" name="p79" srcActor="D0N38"/>
        </ports>
    </mcdag>
    <cores number="3"/>
    <levels number="2"/>
</mcsystem>
