<?xml version="1.0" encoding="UTF-8" standalone="no"?>
<mcsystem>
    <mcdag deadline="1500" name="genned-0-ed-10.0-0">
        <actor name="D0N3">
            <wcet number="0">20</wcet>
            <wcet number="1">40</wcet>
            <maxpow number="0.004179991627066282"/>
            <maxpow number="0.004179991627066282"/>
            <fprob>0.0</fprob>
        </actor>
        <actor name="D0N20">
            <wcet number="0">30</wcet>
            <wcet number="1">50</wcet>
            <maxpow number="0.6567061816040921"/>
            <maxpow number="0.6567061816040921"/>
            <fprob>0.0</fprob>
        </actor>
        <actor name="D0N26">
            <wcet number="0">10</wcet>
            <wcet number="1">40</wcet>
            <maxpow number="0.47691763656323327"/>
            <maxpow number="0.47691763656323327"/>
            <fprob>0.0</fprob>
        </actor>
        <actor name="D0N16">
            <wcet number="0">40</wcet>
            <wcet number="1">130</wcet>
            <maxpow number="0.26659643697964125"/>
            <maxpow number="0.26659643697964125"/>
            <fprob>0.0</fprob>
        </actor>
        <actor name="D0N41">
            <wcet number="0">30</wcet>
            <wcet number="1">260</wcet>
            <maxpow number="0.4966360790811046"/>
            <maxpow number="0.4966360790811046"/>
            <fprob>0.0</fprob>
        </actor>
        <actor name="D0N1">
            <wcet number="0">110</wcet>
            <wcet number="1">130</wcet>
            <maxpow number="0.44967087950734513"/>
            <maxpow number="0.44967087950734513"/>
            <fprob>0.0</fprob>
        </actor>
        <actor name="D0N38">
            <wcet number="0">10</wcet>
            <wcet number="1">10</wcet>
            <maxpow number="0.6918291475955355"/>
            <maxpow number="0.6918291475955355"/>
            <fprob>0.0</fprob>
        </actor>
        <actor name="D0N0">
            <wcet number="0">50</wcet>
            <wcet number="1">70</wcet>
            <maxpow number="0.521315673958969"/>
            <maxpow number="0.521315673958969"/>
            <fprob>0.0</fprob>
        </actor>
        <actor name="D0N9">
            <wcet number="0">60</wcet>
            <wcet number="1">80</wcet>
            <maxpow number="0.353171853531256"/>
            <maxpow number="0.353171853531256"/>
            <fprob>0.0</fprob>
        </actor>
        <actor name="D0N25">
            <wcet number="0">10</wcet>
            <wcet number="1">10</wcet>
            <maxpow number="0.5584975126396869"/>
            <maxpow number="0.5584975126396869"/>
            <fprob>0.0</fprob>
        </actor>
        <actor name="D0N29">
            <wcet number="0">70</wcet>
            <wcet number="1">90</wcet>
            <maxpow number="0.5374451610801919"/>
            <maxpow number="0.5374451610801919"/>
            <fprob>0.0</fprob>
        </actor>
        <actor name="D0N4">
            <wcet number="0">120</wcet>
            <wcet number="1">170</wcet>
            <maxpow number="0.7085005195009124"/>
            <maxpow number="0.7085005195009124"/>
            <fprob>0.0</fprob>
        </actor>
        <actor name="D0N35">
            <wcet number="0">80</wcet>
            <wcet number="1">120</wcet>
            <maxpow number="0.47381521485841344"/>
            <maxpow number="0.47381521485841344"/>
            <fprob>0.0</fprob>
        </actor>
        <actor name="D0N2">
            <wcet number="0">10</wcet>
            <wcet number="1">60</wcet>
            <maxpow number="0.6132395250097001"/>
            <maxpow number="0.6132395250097001"/>
            <fprob>0.0</fprob>
        </actor>
        <actor name="D0N43">
            <wcet number="0">10</wcet>
            <wcet number="1">10</wcet>
            <maxpow number="0.5971807844087741"/>
            <maxpow number="0.5971807844087741"/>
            <fprob>0.0</fprob>
        </actor>
        <actor name="D0N21">
            <wcet number="0">170</wcet>
            <wcet number="1">270</wcet>
            <maxpow number="0.6410531122767598"/>
            <maxpow number="0.6410531122767598"/>
            <fprob>0.0</fprob>
        </actor>
        <actor name="D0N13">
            <wcet number="0">20</wcet>
            <wcet number="1">60</wcet>
            <maxpow number="0.49117865466776844"/>
            <maxpow number="0.49117865466776844"/>
            <fprob>0.0</fprob>
        </actor>
        <actor name="D0N45">
            <wcet number="0">60</wcet>
            <wcet number="1">130</wcet>
            <maxpow number="0.33211564680431915"/>
            <maxpow number="0.33211564680431915"/>
            <fprob>0.0</fprob>
        </actor>
        <actor name="D0N40">
            <wcet number="0">20</wcet>
            <wcet number="1">70</wcet>
            <maxpow number="0.5209802058238863"/>
            <maxpow number="0.5209802058238863"/>
            <fprob>0.0</fprob>
        </actor>
        <actor name="D0N23">
            <wcet number="0">50</wcet>
            <wcet number="1">70</wcet>
            <maxpow number="0.6003682181736453"/>
            <maxpow number="0.6003682181736453"/>
            <fprob>0.0</fprob>
        </actor>
        <actor name="D0N37">
            <wcet number="0">120</wcet>
            <wcet number="1">150</wcet>
            <maxpow number="0.5024793996070737"/>
            <maxpow number="0.5024793996070737"/>
            <fprob>0.0</fprob>
        </actor>
        <actor name="D0N22">
            <wcet number="0">10</wcet>
            <wcet number="1">150</wcet>
            <maxpow number="0.732470636904399"/>
            <maxpow number="0.732470636904399"/>
            <fprob>0.0</fprob>
        </actor>
        <actor name="D0N31">
            <wcet number="0">10</wcet>
            <wcet number="1">10</wcet>
            <maxpow number="0.6090770973054385"/>
            <maxpow number="0.6090770973054385"/>
            <fprob>0.0</fprob>
        </actor>
        <actor name="D0N46">
            <wcet number="0">50</wcet>
            <wcet number="1">50</wcet>
            <maxpow number="0.3993387053518383"/>
            <maxpow number="0.3993387053518383"/>
            <fprob>0.0</fprob>
        </actor>
        <actor name="D0N17">
            <wcet number="0">30</wcet>
            <wcet number="1">70</wcet>
            <maxpow number="0.388228749019756"/>
            <maxpow number="0.388228749019756"/>
            <fprob>0.0</fprob>
        </actor>
        <actor name="D0N34">
            <wcet number="0">30</wcet>
            <wcet number="1">60</wcet>
            <maxpow number="0.4179802568584273"/>
            <maxpow number="0.4179802568584273"/>
            <fprob>0.0</fprob>
        </actor>
        <actor name="D0N10">
            <wcet number="0">170</wcet>
            <wcet number="1">170</wcet>
            <maxpow number="1.1957631611807251"/>
            <maxpow number="1.1957631611807251"/>
            <fprob>0.0</fprob>
        </actor>
        <actor name="D0N27">
            <wcet number="0">20</wcet>
            <wcet number="1">20</wcet>
            <maxpow number="0.6906578027038415"/>
            <maxpow number="0.6906578027038415"/>
            <fprob>0.0</fprob>
        </actor>
        <actor name="D0N19">
            <wcet number="0">10</wcet>
            <wcet number="1">10</wcet>
            <maxpow number="0.477414871546481"/>
            <maxpow number="0.477414871546481"/>
            <fprob>0.0</fprob>
        </actor>
        <actor name="D0N39">
            <wcet number="0">50</wcet>
            <wcet number="1">60</wcet>
            <maxpow number="0.26749224333498656"/>
            <maxpow number="0.26749224333498656"/>
            <fprob>0.0</fprob>
        </actor>
        <actor name="D0N5">
            <wcet number="0">140</wcet>
            <wcet number="1">180</wcet>
            <maxpow number="0.6765464177558835"/>
            <maxpow number="0.6765464177558835"/>
            <fprob>0.0</fprob>
        </actor>
        <actor name="D0N15">
            <wcet number="0">20</wcet>
            <wcet number="1">20</wcet>
            <maxpow number="0.5764047617414682"/>
            <maxpow number="0.5764047617414682"/>
            <fprob>0.0</fprob>
        </actor>
        <actor name="D0N47">
            <wcet number="0">10</wcet>
            <wcet number="1">10</wcet>
            <maxpow number="0.5312757428537205"/>
            <maxpow number="0.5312757428537205"/>
            <fprob>0.0</fprob>
        </actor>
        <actor name="D0N11">
            <wcet number="0">30</wcet>
            <wcet number="1">80</wcet>
            <maxpow number="0.6016833324235575"/>
            <maxpow number="0.6016833324235575"/>
            <fprob>0.0</fprob>
        </actor>
        <actor name="D0N14">
            <wcet number="0">20</wcet>
            <wcet number="1">20</wcet>
            <maxpow number="0.6100227824657621"/>
            <maxpow number="0.6100227824657621"/>
            <fprob>0.0</fprob>
        </actor>
        <actor name="D0N24">
            <wcet number="0">40</wcet>
            <wcet number="1">40</wcet>
            <maxpow number="0.5094810208677782"/>
            <maxpow number="0.5094810208677782"/>
            <fprob>0.0</fprob>
        </actor>
        <actor name="D0N7">
            <wcet number="0">100</wcet>
            <wcet number="1">110</wcet>
            <maxpow number="0.6295481224056669"/>
            <maxpow number="0.6295481224056669"/>
            <fprob>0.0</fprob>
        </actor>
        <actor name="D0N42">
            <wcet number="0">60</wcet>
            <wcet number="1">70</wcet>
            <maxpow number="0.5609425442585391"/>
            <maxpow number="0.5609425442585391"/>
            <fprob>0.0</fprob>
        </actor>
        <actor name="D0N44">
            <wcet number="0">30</wcet>
            <wcet number="1">30</wcet>
            <maxpow number="0.4265803475101352"/>
            <maxpow number="0.4265803475101352"/>
            <fprob>0.0</fprob>
        </actor>
        <actor name="D0N12">
            <wcet number="0">40</wcet>
            <wcet number="1">50</wcet>
            <maxpow number="0.4175159719683793"/>
            <maxpow number="0.4175159719683793"/>
            <fprob>0.0</fprob>
        </actor>
        <actor name="D0N6">
            <wcet number="0">20</wcet>
            <wcet number="1">30</wcet>
            <maxpow number="0.21044829791755065"/>
            <maxpow number="0.21044829791755065"/>
            <fprob>0.0</fprob>
        </actor>
        <actor name="D0N28">
            <wcet number="0">20</wcet>
            <wcet number="1">140</wcet>
            <maxpow number="0.7951851110246504"/>
            <maxpow number="0.7951851110246504"/>
            <fprob>0.0</fprob>
        </actor>
        <actor name="D0N18">
            <wcet number="0">10</wcet>
            <wcet number="1">40</wcet>
            <maxpow number="0.6364952058171995"/>
            <maxpow number="0.6364952058171995"/>
            <fprob>0.0</fprob>
        </actor>
        <actor name="D0N32">
            <wcet number="0">20</wcet>
            <wcet number="1">40</wcet>
            <maxpow number="0.6116665603919401"/>
            <maxpow number="0.6116665603919401"/>
            <fprob>0.0</fprob>
        </actor>
        <actor name="D0N36">
            <wcet number="0">20</wcet>
            <wcet number="1">20</wcet>
            <maxpow number="0.18617248333520553"/>
            <maxpow number="0.18617248333520553"/>
            <fprob>0.0</fprob>
        </actor>
        <actor name="D0N8">
            <wcet number="0">10</wcet>
            <wcet number="1">20</wcet>
            <maxpow number="0.41660478138081036"/>
            <maxpow number="0.41660478138081036"/>
            <fprob>0.0</fprob>
        </actor>
        <actor name="D0N30">
            <wcet number="0">30</wcet>
            <wcet number="1">40</wcet>
            <maxpow number="0.31829232319663847"/>
            <maxpow number="0.31829232319663847"/>
            <fprob>0.0</fprob>
        </actor>
        <actor name="D0N33">
            <wcet number="0">10</wcet>
            <wcet number="1">40</wcet>
            <maxpow number="0.34293853657888707"/>
            <maxpow number="0.34293853657888707"/>
            <fprob>0.0</fprob>
        </actor>
        <ports>
            <port dstActor="D0N33" name="p0" srcActor="D0N3"/>
            <port dstActor="D0N22" name="p1" srcActor="D0N3"/>
            <port dstActor="D0N25" name="p2" srcActor="D0N3"/>
            <port dstActor="D0N34" name="p3" srcActor="D0N3"/>
            <port dstActor="D0N25" name="p4" srcActor="D0N20"/>
            <port dstActor="D0N45" name="p5" srcActor="D0N20"/>
            <port dstActor="D0N40" name="p6" srcActor="D0N26"/>
            <port dstActor="D0N44" name="p7" srcActor="D0N26"/>
            <port dstActor="D0N43" name="p8" srcActor="D0N16"/>
            <port dstActor="D0N27" name="p9" srcActor="D0N16"/>
            <port dstActor="D0N47" name="p10" srcActor="D0N41"/>
            <port dstActor="D0N25" name="p11" srcActor="D0N1"/>
            <port dstActor="D0N45" name="p12" srcActor="D0N1"/>
            <port dstActor="D0N32" name="p13" srcActor="D0N1"/>
            <port dstActor="D0N44" name="p14" srcActor="D0N1"/>
            <port dstActor="D0N26" name="p15" srcActor="D0N1"/>
            <port dstActor="D0N39" name="p16" srcActor="D0N38"/>
            <port dstActor="D0N44" name="p17" srcActor="D0N38"/>
            <port dstActor="D0N39" name="p18" srcActor="D0N0"/>
            <port dstActor="D0N10" name="p19" srcActor="D0N0"/>
            <port dstActor="D0N13" name="p20" srcActor="D0N0"/>
            <port dstActor="D0N32" name="p21" srcActor="D0N9"/>
            <port dstActor="D0N41" name="p22" srcActor="D0N9"/>
            <port dstActor="D0N40" name="p23" srcActor="D0N9"/>
            <port dstActor="D0N39" name="p24" srcActor="D0N9"/>
            <port dstActor="D0N32" name="p25" srcActor="D0N29"/>
            <port dstActor="D0N33" name="p26" srcActor="D0N4"/>
            <port dstActor="D0N13" name="p27" srcActor="D0N4"/>
            <port dstActor="D0N42" name="p28" srcActor="D0N4"/>
            <port dstActor="D0N20" name="p29" srcActor="D0N4"/>
            <port dstActor="D0N38" name="p30" srcActor="D0N4"/>
            <port dstActor="D0N36" name="p31" srcActor="D0N2"/>
            <port dstActor="D0N44" name="p32" srcActor="D0N2"/>
            <port dstActor="D0N38" name="p33" srcActor="D0N2"/>
            <port dstActor="D0N47" name="p34" srcActor="D0N2"/>
            <port dstActor="D0N11" name="p35" srcActor="D0N2"/>
            <port dstActor="D0N30" name="p36" srcActor="D0N2"/>
            <port dstActor="D0N22" name="p37" srcActor="D0N21"/>
            <port dstActor="D0N30" name="p38" srcActor="D0N13"/>
            <port dstActor="D0N33" name="p39" srcActor="D0N13"/>
            <port dstActor="D0N19" name="p40" srcActor="D0N13"/>
            <port dstActor="D0N14" name="p41" srcActor="D0N13"/>
            <port dstActor="D0N45" name="p42" srcActor="D0N13"/>
            <port dstActor="D0N46" name="p43" srcActor="D0N40"/>
            <port dstActor="D0N38" name="p44" srcActor="D0N23"/>
            <port dstActor="D0N47" name="p45" srcActor="D0N37"/>
            <port dstActor="D0N45" name="p46" srcActor="D0N37"/>
            <port dstActor="D0N39" name="p47" srcActor="D0N37"/>
            <port dstActor="D0N29" name="p48" srcActor="D0N22"/>
            <port dstActor="D0N24" name="p49" srcActor="D0N22"/>
            <port dstActor="D0N41" name="p50" srcActor="D0N22"/>
            <port dstActor="D0N31" name="p51" srcActor="D0N22"/>
            <port dstActor="D0N36" name="p52" srcActor="D0N31"/>
            <port dstActor="D0N38" name="p53" srcActor="D0N31"/>
            <port dstActor="D0N32" name="p54" srcActor="D0N31"/>
            <port dstActor="D0N33" name="p55" srcActor="D0N31"/>
            <port dstActor="D0N35" name="p56" srcActor="D0N17"/>
            <port dstActor="D0N24" name="p57" srcActor="D0N17"/>
            <port dstActor="D0N31" name="p58" srcActor="D0N17"/>
            <port dstActor="D0N40" name="p59" srcActor="D0N34"/>
            <port dstActor="D0N38" name="p60" srcActor="D0N10"/>
            <port dstActor="D0N47" name="p61" srcActor="D0N10"/>
            <port dstActor="D0N28" name="p62" srcActor="D0N10"/>
            <port dstActor="D0N25" name="p63" srcActor="D0N10"/>
            <port dstActor="D0N16" name="p64" srcActor="D0N10"/>
            <port dstActor="D0N40" name="p65" srcActor="D0N27"/>
            <port dstActor="D0N28" name="p66" srcActor="D0N27"/>
            <port dstActor="D0N45" name="p67" srcActor="D0N19"/>
            <port dstActor="D0N47" name="p68" srcActor="D0N19"/>
            <port dstActor="D0N30" name="p69" srcActor="D0N19"/>
            <port dstActor="D0N42" name="p70" srcActor="D0N39"/>
            <port dstActor="D0N38" name="p71" srcActor="D0N5"/>
            <port dstActor="D0N13" name="p72" srcActor="D0N5"/>
            <port dstActor="D0N29" name="p73" srcActor="D0N5"/>
            <port dstActor="D0N16" name="p74" srcActor="D0N5"/>
            <port dstActor="D0N26" name="p75" srcActor="D0N11"/>
            <port dstActor="D0N30" name="p76" srcActor="D0N11"/>
            <port dstActor="D0N25" name="p77" srcActor="D0N11"/>
            <port dstActor="D0N44" name="p78" srcActor="D0N11"/>
            <port dstActor="D0N15" name="p79" srcActor="D0N11"/>
            <port dstActor="D0N37" name="p80" srcActor="D0N11"/>
            <port dstActor="D0N42" name="p81" srcActor="D0N14"/>
            <port dstActor="D0N36" name="p82" srcActor="D0N14"/>
            <port dstActor="D0N40" name="p83" srcActor="D0N14"/>
            <port dstActor="D0N34" name="p84" srcActor="D0N24"/>
            <port dstActor="D0N33" name="p85" srcActor="D0N24"/>
            <port dstActor="D0N27" name="p86" srcActor="D0N24"/>
            <port dstActor="D0N29" name="p87" srcActor="D0N24"/>
            <port dstActor="D0N29" name="p88" srcActor="D0N7"/>
            <port dstActor="D0N43" name="p89" srcActor="D0N7"/>
            <port dstActor="D0N38" name="p90" srcActor="D0N7"/>
            <port dstActor="D0N39" name="p91" srcActor="D0N7"/>
            <port dstActor="D0N16" name="p92" srcActor="D0N7"/>
            <port dstActor="D0N15" name="p93" srcActor="D0N12"/>
            <port dstActor="D0N31" name="p94" srcActor="D0N12"/>
            <port dstActor="D0N43" name="p95" srcActor="D0N12"/>
            <port dstActor="D0N16" name="p96" srcActor="D0N12"/>
            <port dstActor="D0N40" name="p97" srcActor="D0N6"/>
            <port dstActor="D0N8" name="p98" srcActor="D0N6"/>
            <port dstActor="D0N20" name="p99" srcActor="D0N6"/>
            <port dstActor="D0N45" name="p100" srcActor="D0N6"/>
            <port dstActor="D0N29" name="p101" srcActor="D0N6"/>
            <port dstActor="D0N47" name="p102" srcActor="D0N28"/>
            <port dstActor="D0N30" name="p103" srcActor="D0N18"/>
            <port dstActor="D0N38" name="p104" srcActor="D0N18"/>
            <port dstActor="D0N43" name="p105" srcActor="D0N18"/>
            <port dstActor="D0N36" name="p106" srcActor="D0N32"/>
            <port dstActor="D0N19" name="p107" srcActor="D0N8"/>
            <port dstActor="D0N33" name="p108" srcActor="D0N8"/>
            <port dstActor="D0N47" name="p109" srcActor="D0N8"/>
            <port dstActor="D0N25" name="p110" srcActor="D0N8"/>
            <port dstActor="D0N47" name="p111" srcActor="D0N30"/>
            <port dstActor="D0N38" name="p112" srcActor="D0N30"/>
            <port dstActor="D0N40" name="p113" srcActor="D0N30"/>
            <port dstActor="D0N39" name="p114" srcActor="D0N33"/>
            <port dstActor="D0N40" name="p115" srcActor="D0N33"/>
            <port dstActor="D0N41" name="p116" srcActor="D0N33"/>
            <port dstActor="D0N44" name="p117" srcActor="D0N33"/>
        </ports>
    </mcdag>
    <cores number="3"/>
    <levels number="2"/>
</mcsystem>
