<?xml version="1.0" encoding="UTF-8" standalone="no"?>
<mcsystem>
    <mcdag deadline="2500" name="genned-0-ed-10.0-0">
        <actor name="D0N28">
            <wcet number="0">10</wcet>
            <wcet number="1">10</wcet>
            <maxpow number="0.7260919515788429"/>
            <maxpow number="0.7260919515788429"/>
            <fprob>0.0</fprob>
        </actor>
        <actor name="D0N45">
            <wcet number="0">30</wcet>
            <wcet number="1">70</wcet>
            <maxpow number="0.3085856315246988"/>
            <maxpow number="0.3085856315246988"/>
            <fprob>0.0</fprob>
        </actor>
        <actor name="D0N37">
            <wcet number="0">70</wcet>
            <wcet number="1">70</wcet>
            <maxpow number="0.45852545090356744"/>
            <maxpow number="0.45852545090356744"/>
            <fprob>0.0</fprob>
        </actor>
        <actor name="D0N47">
            <wcet number="0">30</wcet>
            <wcet number="1">40</wcet>
            <maxpow number="0.6028657499959909"/>
            <maxpow number="0.6028657499959909"/>
            <fprob>0.0</fprob>
        </actor>
        <actor name="D0N5">
            <wcet number="0">10</wcet>
            <wcet number="1">40</wcet>
            <maxpow number="0.5665706859466776"/>
            <maxpow number="0.5665706859466776"/>
            <fprob>0.0</fprob>
        </actor>
        <actor name="D0N38">
            <wcet number="0">100</wcet>
            <wcet number="1">150</wcet>
            <maxpow number="0.6386187007045256"/>
            <maxpow number="0.6386187007045256"/>
            <fprob>0.0</fprob>
        </actor>
        <actor name="D0N17">
            <wcet number="0">20</wcet>
            <wcet number="1">20</wcet>
            <maxpow number="0.4593018707052757"/>
            <maxpow number="0.4593018707052757"/>
            <fprob>0.0</fprob>
        </actor>
        <actor name="D0N11">
            <wcet number="0">60</wcet>
            <wcet number="1">90</wcet>
            <maxpow number="0.6993089054811044"/>
            <maxpow number="0.6993089054811044"/>
            <fprob>0.0</fprob>
        </actor>
        <actor name="D0N34">
            <wcet number="0">30</wcet>
            <wcet number="1">80</wcet>
            <maxpow number="0.8175094241504102"/>
            <maxpow number="0.8175094241504102"/>
            <fprob>0.0</fprob>
        </actor>
        <actor name="D0N36">
            <wcet number="0">10</wcet>
            <wcet number="1">20</wcet>
            <maxpow number="0.5435950335818741"/>
            <maxpow number="0.5435950335818741"/>
            <fprob>0.0</fprob>
        </actor>
        <actor name="D0N42">
            <wcet number="0">110</wcet>
            <wcet number="1">120</wcet>
            <maxpow number="0.6043334295768673"/>
            <maxpow number="0.6043334295768673"/>
            <fprob>0.0</fprob>
        </actor>
        <actor name="D0N22">
            <wcet number="0">120</wcet>
            <wcet number="1">370</wcet>
            <maxpow number="0.4338430694094763"/>
            <maxpow number="0.4338430694094763"/>
            <fprob>0.0</fprob>
        </actor>
        <actor name="D0N16">
            <wcet number="0">200</wcet>
            <wcet number="1">270</wcet>
            <maxpow number="0.6501966132200234"/>
            <maxpow number="0.6501966132200234"/>
            <fprob>0.0</fprob>
        </actor>
        <actor name="D0N3">
            <wcet number="0">10</wcet>
            <wcet number="1">60</wcet>
            <maxpow number="0.6592250216970156"/>
            <maxpow number="0.6592250216970156"/>
            <fprob>0.0</fprob>
        </actor>
        <actor name="D0N41">
            <wcet number="0">10</wcet>
            <wcet number="1">40</wcet>
            <maxpow number="0.6539032840391186"/>
            <maxpow number="0.6539032840391186"/>
            <fprob>0.0</fprob>
        </actor>
        <actor name="D0N40">
            <wcet number="0">60</wcet>
            <wcet number="1">70</wcet>
            <maxpow number="0.2750714233408001"/>
            <maxpow number="0.2750714233408001"/>
            <fprob>0.0</fprob>
        </actor>
        <actor name="D0N48">
            <wcet number="0">20</wcet>
            <wcet number="1">20</wcet>
            <maxpow number="0.6467081596517517"/>
            <maxpow number="0.6467081596517517"/>
            <fprob>0.0</fprob>
        </actor>
        <actor name="D0N15">
            <wcet number="0">30</wcet>
            <wcet number="1">50</wcet>
            <maxpow number="0.4042263102532842"/>
            <maxpow number="0.4042263102532842"/>
            <fprob>0.0</fprob>
        </actor>
        <actor name="D0N2">
            <wcet number="0">10</wcet>
            <wcet number="1">10</wcet>
            <maxpow number="0.7430629072522515"/>
            <maxpow number="0.7430629072522515"/>
            <fprob>0.0</fprob>
        </actor>
        <actor name="D0N26">
            <wcet number="0">40</wcet>
            <wcet number="1">40</wcet>
            <maxpow number="0.5296095633472363"/>
            <maxpow number="0.5296095633472363"/>
            <fprob>0.0</fprob>
        </actor>
        <actor name="D0N33">
            <wcet number="0">20</wcet>
            <wcet number="1">50</wcet>
            <maxpow number="0.5264076270674087"/>
            <maxpow number="0.5264076270674087"/>
            <fprob>0.0</fprob>
        </actor>
        <actor name="D0N27">
            <wcet number="0">10</wcet>
            <wcet number="1">10</wcet>
            <maxpow number="0.44588219121623757"/>
            <maxpow number="0.44588219121623757"/>
            <fprob>0.0</fprob>
        </actor>
        <actor name="D0N43">
            <wcet number="0">20</wcet>
            <wcet number="1">20</wcet>
            <maxpow number="0.23927146270246769"/>
            <maxpow number="0.23927146270246769"/>
            <fprob>0.0</fprob>
        </actor>
        <actor name="D0N44">
            <wcet number="0">150</wcet>
            <wcet number="1">250</wcet>
            <maxpow number="0.5749610037156172"/>
            <maxpow number="0.5749610037156172"/>
            <fprob>0.0</fprob>
        </actor>
        <actor name="D0N25">
            <wcet number="0">240</wcet>
            <wcet number="1">270</wcet>
            <maxpow number="0.4016549855156225"/>
            <maxpow number="0.4016549855156225"/>
            <fprob>0.0</fprob>
        </actor>
        <actor name="D0N21">
            <wcet number="0">20</wcet>
            <wcet number="1">20</wcet>
            <maxpow number="0.7060247808034632"/>
            <maxpow number="0.7060247808034632"/>
            <fprob>0.0</fprob>
        </actor>
        <actor name="D0N9">
            <wcet number="0">130</wcet>
            <wcet number="1">360</wcet>
            <maxpow number="0.7087184304499272"/>
            <maxpow number="0.7087184304499272"/>
            <fprob>0.0</fprob>
        </actor>
        <actor name="D0N10">
            <wcet number="0">540</wcet>
            <wcet number="1">650</wcet>
            <maxpow number="0.4262854396523892"/>
            <maxpow number="0.4262854396523892"/>
            <fprob>0.0</fprob>
        </actor>
        <actor name="D0N6">
            <wcet number="0">20</wcet>
            <wcet number="1">100</wcet>
            <maxpow number="0.6259903686191337"/>
            <maxpow number="0.6259903686191337"/>
            <fprob>0.0</fprob>
        </actor>
        <actor name="D0N35">
            <wcet number="0">130</wcet>
            <wcet number="1">190</wcet>
            <maxpow number="0.9167937909453416"/>
            <maxpow number="0.9167937909453416"/>
            <fprob>0.0</fprob>
        </actor>
        <actor name="D0N18">
            <wcet number="0">70</wcet>
            <wcet number="1">120</wcet>
            <maxpow number="0.47006631507233554"/>
            <maxpow number="0.47006631507233554"/>
            <fprob>0.0</fprob>
        </actor>
        <actor name="D0N4">
            <wcet number="0">10</wcet>
            <wcet number="1">10</wcet>
            <maxpow number="0.683576756683207"/>
            <maxpow number="0.683576756683207"/>
            <fprob>0.0</fprob>
        </actor>
        <actor name="D0N7">
            <wcet number="0">10</wcet>
            <wcet number="1">70</wcet>
            <maxpow number="0.5589032202014397"/>
            <maxpow number="0.5589032202014397"/>
            <fprob>0.0</fprob>
        </actor>
        <actor name="D0N32">
            <wcet number="0">20</wcet>
            <wcet number="1">110</wcet>
            <maxpow number="0.3624764144514221"/>
            <maxpow number="0.3624764144514221"/>
            <fprob>0.0</fprob>
        </actor>
        <actor name="D0N12">
            <wcet number="0">10</wcet>
            <wcet number="1">20</wcet>
            <maxpow number="0.3996937345896154"/>
            <maxpow number="0.3996937345896154"/>
            <fprob>0.0</fprob>
        </actor>
        <actor name="D0N39">
            <wcet number="0">130</wcet>
            <wcet number="1">220</wcet>
            <maxpow number="0.2502951394547469"/>
            <maxpow number="0.2502951394547469"/>
            <fprob>0.0</fprob>
        </actor>
        <actor name="D0N1">
            <wcet number="0">10</wcet>
            <wcet number="1">10</wcet>
            <maxpow number="0.7699719980409243"/>
            <maxpow number="0.7699719980409243"/>
            <fprob>0.0</fprob>
        </actor>
        <actor name="D0N13">
            <wcet number="0">20</wcet>
            <wcet number="1">20</wcet>
            <maxpow number="0.6785103000224799"/>
            <maxpow number="0.6785103000224799"/>
            <fprob>0.0</fprob>
        </actor>
        <actor name="D0N46">
            <wcet number="0">30</wcet>
            <wcet number="1">80</wcet>
            <maxpow number="0.5629301121597154"/>
            <maxpow number="0.5629301121597154"/>
            <fprob>0.0</fprob>
        </actor>
        <actor name="D0N23">
            <wcet number="0">40</wcet>
            <wcet number="1">40</wcet>
            <maxpow number="0.5842375531947185"/>
            <maxpow number="0.5842375531947185"/>
            <fprob>0.0</fprob>
        </actor>
        <actor name="D0N19">
            <wcet number="0">20</wcet>
            <wcet number="1">20</wcet>
            <maxpow number="0.43460835461556613"/>
            <maxpow number="0.43460835461556613"/>
            <fprob>0.0</fprob>
        </actor>
        <actor name="D0N31">
            <wcet number="0">50</wcet>
            <wcet number="1">60</wcet>
            <maxpow number="0.3168703419926909"/>
            <maxpow number="0.3168703419926909"/>
            <fprob>0.0</fprob>
        </actor>
        <actor name="D0N0">
            <wcet number="0">40</wcet>
            <wcet number="1">100</wcet>
            <maxpow number="0.2753569072060474"/>
            <maxpow number="0.2753569072060474"/>
            <fprob>0.0</fprob>
        </actor>
        <actor name="D0N14">
            <wcet number="0">120</wcet>
            <wcet number="1">130</wcet>
            <maxpow number="0.34044479028257046"/>
            <maxpow number="0.34044479028257046"/>
            <fprob>0.0</fprob>
        </actor>
        <actor name="D0N30">
            <wcet number="0">60</wcet>
            <wcet number="1">120</wcet>
            <maxpow number="0.5259531102023355"/>
            <maxpow number="0.5259531102023355"/>
            <fprob>0.0</fprob>
        </actor>
        <actor name="D0N8">
            <wcet number="0">110</wcet>
            <wcet number="1">130</wcet>
            <maxpow number="0.35622333426157393"/>
            <maxpow number="0.35622333426157393"/>
            <fprob>0.0</fprob>
        </actor>
        <actor name="D0N24">
            <wcet number="0">80</wcet>
            <wcet number="1">110</wcet>
            <maxpow number="0.4673914066799941"/>
            <maxpow number="0.4673914066799941"/>
            <fprob>0.0</fprob>
        </actor>
        <actor name="D0N29">
            <wcet number="0">60</wcet>
            <wcet number="1">80</wcet>
            <maxpow number="0.6751468230739486"/>
            <maxpow number="0.6751468230739486"/>
            <fprob>0.0</fprob>
        </actor>
        <actor name="D0N20">
            <wcet number="0">140</wcet>
            <wcet number="1">240</wcet>
            <maxpow number="0.864201449585011"/>
            <maxpow number="0.864201449585011"/>
            <fprob>0.0</fprob>
        </actor>
        <ports>
            <port dstActor="D0N36" name="p0" srcActor="D0N28"/>
            <port dstActor="D0N39" name="p1" srcActor="D0N28"/>
            <port dstActor="D0N48" name="p2" srcActor="D0N45"/>
            <port dstActor="D0N44" name="p3" srcActor="D0N37"/>
            <port dstActor="D0N45" name="p4" srcActor="D0N37"/>
            <port dstActor="D0N20" name="p5" srcActor="D0N5"/>
            <port dstActor="D0N13" name="p6" srcActor="D0N5"/>
            <port dstActor="D0N14" name="p7" srcActor="D0N5"/>
            <port dstActor="D0N45" name="p8" srcActor="D0N5"/>
            <port dstActor="D0N26" name="p9" srcActor="D0N5"/>
            <port dstActor="D0N9" name="p10" srcActor="D0N5"/>
            <port dstActor="D0N39" name="p11" srcActor="D0N5"/>
            <port dstActor="D0N22" name="p12" srcActor="D0N5"/>
            <port dstActor="D0N29" name="p13" srcActor="D0N5"/>
            <port dstActor="D0N40" name="p14" srcActor="D0N38"/>
            <port dstActor="D0N26" name="p15" srcActor="D0N17"/>
            <port dstActor="D0N30" name="p16" srcActor="D0N17"/>
            <port dstActor="D0N32" name="p17" srcActor="D0N11"/>
            <port dstActor="D0N29" name="p18" srcActor="D0N11"/>
            <port dstActor="D0N16" name="p19" srcActor="D0N11"/>
            <port dstActor="D0N20" name="p20" srcActor="D0N11"/>
            <port dstActor="D0N37" name="p21" srcActor="D0N34"/>
            <port dstActor="D0N39" name="p22" srcActor="D0N34"/>
            <port dstActor="D0N41" name="p23" srcActor="D0N34"/>
            <port dstActor="D0N28" name="p24" srcActor="D0N16"/>
            <port dstActor="D0N36" name="p25" srcActor="D0N16"/>
            <port dstActor="D0N11" name="p26" srcActor="D0N3"/>
            <port dstActor="D0N20" name="p27" srcActor="D0N3"/>
            <port dstActor="D0N39" name="p28" srcActor="D0N3"/>
            <port dstActor="D0N14" name="p29" srcActor="D0N3"/>
            <port dstActor="D0N34" name="p30" srcActor="D0N3"/>
            <port dstActor="D0N47" name="p31" srcActor="D0N40"/>
            <port dstActor="D0N45" name="p32" srcActor="D0N15"/>
            <port dstActor="D0N18" name="p33" srcActor="D0N15"/>
            <port dstActor="D0N17" name="p34" srcActor="D0N15"/>
            <port dstActor="D0N9" name="p35" srcActor="D0N2"/>
            <port dstActor="D0N23" name="p36" srcActor="D0N2"/>
            <port dstActor="D0N38" name="p37" srcActor="D0N2"/>
            <port dstActor="D0N40" name="p38" srcActor="D0N2"/>
            <port dstActor="D0N22" name="p39" srcActor="D0N2"/>
            <port dstActor="D0N32" name="p40" srcActor="D0N26"/>
            <port dstActor="D0N36" name="p41" srcActor="D0N25"/>
            <port dstActor="D0N47" name="p42" srcActor="D0N21"/>
            <port dstActor="D0N38" name="p43" srcActor="D0N21"/>
            <port dstActor="D0N31" name="p44" srcActor="D0N21"/>
            <port dstActor="D0N28" name="p45" srcActor="D0N21"/>
            <port dstActor="D0N25" name="p46" srcActor="D0N21"/>
            <port dstActor="D0N15" name="p47" srcActor="D0N9"/>
            <port dstActor="D0N13" name="p48" srcActor="D0N9"/>
            <port dstActor="D0N24" name="p49" srcActor="D0N10"/>
            <port dstActor="D0N30" name="p50" srcActor="D0N10"/>
            <port dstActor="D0N48" name="p51" srcActor="D0N10"/>
            <port dstActor="D0N16" name="p52" srcActor="D0N6"/>
            <port dstActor="D0N41" name="p53" srcActor="D0N6"/>
            <port dstActor="D0N37" name="p54" srcActor="D0N6"/>
            <port dstActor="D0N9" name="p55" srcActor="D0N6"/>
            <port dstActor="D0N25" name="p56" srcActor="D0N6"/>
            <port dstActor="D0N24" name="p57" srcActor="D0N6"/>
            <port dstActor="D0N46" name="p58" srcActor="D0N35"/>
            <port dstActor="D0N28" name="p59" srcActor="D0N18"/>
            <port dstActor="D0N40" name="p60" srcActor="D0N18"/>
            <port dstActor="D0N24" name="p61" srcActor="D0N18"/>
            <port dstActor="D0N37" name="p62" srcActor="D0N18"/>
            <port dstActor="D0N26" name="p63" srcActor="D0N18"/>
            <port dstActor="D0N15" name="p64" srcActor="D0N4"/>
            <port dstActor="D0N28" name="p65" srcActor="D0N4"/>
            <port dstActor="D0N21" name="p66" srcActor="D0N4"/>
            <port dstActor="D0N34" name="p67" srcActor="D0N4"/>
            <port dstActor="D0N20" name="p68" srcActor="D0N4"/>
            <port dstActor="D0N45" name="p69" srcActor="D0N4"/>
            <port dstActor="D0N15" name="p70" srcActor="D0N7"/>
            <port dstActor="D0N35" name="p71" srcActor="D0N7"/>
            <port dstActor="D0N9" name="p72" srcActor="D0N7"/>
            <port dstActor="D0N13" name="p73" srcActor="D0N7"/>
            <port dstActor="D0N34" name="p74" srcActor="D0N7"/>
            <port dstActor="D0N31" name="p75" srcActor="D0N7"/>
            <port dstActor="D0N41" name="p76" srcActor="D0N32"/>
            <port dstActor="D0N39" name="p77" srcActor="D0N32"/>
            <port dstActor="D0N37" name="p78" srcActor="D0N32"/>
            <port dstActor="D0N30" name="p79" srcActor="D0N12"/>
            <port dstActor="D0N45" name="p80" srcActor="D0N12"/>
            <port dstActor="D0N41" name="p81" srcActor="D0N39"/>
            <port dstActor="D0N3" name="p82" srcActor="D0N1"/>
            <port dstActor="D0N28" name="p83" srcActor="D0N1"/>
            <port dstActor="D0N40" name="p84" srcActor="D0N1"/>
            <port dstActor="D0N36" name="p85" srcActor="D0N1"/>
            <port dstActor="D0N43" name="p86" srcActor="D0N13"/>
            <port dstActor="D0N28" name="p87" srcActor="D0N13"/>
            <port dstActor="D0N17" name="p88" srcActor="D0N13"/>
            <port dstActor="D0N16" name="p89" srcActor="D0N13"/>
            <port dstActor="D0N36" name="p90" srcActor="D0N13"/>
            <port dstActor="D0N48" name="p91" srcActor="D0N46"/>
            <port dstActor="D0N41" name="p92" srcActor="D0N19"/>
            <port dstActor="D0N48" name="p93" srcActor="D0N19"/>
            <port dstActor="D0N27" name="p94" srcActor="D0N19"/>
            <port dstActor="D0N42" name="p95" srcActor="D0N31"/>
            <port dstActor="D0N42" name="p96" srcActor="D0N0"/>
            <port dstActor="D0N29" name="p97" srcActor="D0N0"/>
            <port dstActor="D0N21" name="p98" srcActor="D0N14"/>
            <port dstActor="D0N20" name="p99" srcActor="D0N14"/>
            <port dstActor="D0N26" name="p100" srcActor="D0N14"/>
            <port dstActor="D0N47" name="p101" srcActor="D0N30"/>
            <port dstActor="D0N36" name="p102" srcActor="D0N30"/>
            <port dstActor="D0N19" name="p103" srcActor="D0N8"/>
            <port dstActor="D0N24" name="p104" srcActor="D0N8"/>
            <port dstActor="D0N41" name="p105" srcActor="D0N24"/>
            <port dstActor="D0N46" name="p106" srcActor="D0N24"/>
            <port dstActor="D0N25" name="p107" srcActor="D0N24"/>
            <port dstActor="D0N46" name="p108" srcActor="D0N29"/>
            <port dstActor="D0N40" name="p109" srcActor="D0N20"/>
            <port dstActor="D0N29" name="p110" srcActor="D0N20"/>
            <port dstActor="D0N37" name="p111" srcActor="D0N20"/>
        </ports>
    </mcdag>
    <cores number="3"/>
    <levels number="2"/>
</mcsystem>
