<?xml version="1.0" encoding="UTF-8" standalone="no"?>
<mcsystem>
    <mcdag deadline="1500" name="genned-0-ed-10.0-0">
        <actor name="D0N35">
            <wcet number="0">10</wcet>
            <wcet number="1">10</wcet>
            <maxpow number="0.5985463968322322"/>
            <maxpow number="0.5985463968322322"/>
            <fprob>0.0</fprob>
        </actor>
        <actor name="D0N23">
            <wcet number="0">10</wcet>
            <wcet number="1">20</wcet>
            <maxpow number="0.6867999930550115"/>
            <maxpow number="0.6867999930550115"/>
            <fprob>0.0</fprob>
        </actor>
        <actor name="D0N22">
            <wcet number="0">40</wcet>
            <wcet number="1">40</wcet>
            <maxpow number="0.6724578231687022"/>
            <maxpow number="0.6724578231687022"/>
            <fprob>0.0</fprob>
        </actor>
        <actor name="D0N26">
            <wcet number="0">20</wcet>
            <wcet number="1">20</wcet>
            <maxpow number="0.3579433469772806"/>
            <maxpow number="0.3579433469772806"/>
            <fprob>0.0</fprob>
        </actor>
        <actor name="D0N27">
            <wcet number="0">20</wcet>
            <wcet number="1">30</wcet>
            <maxpow number="0.6289568818980278"/>
            <maxpow number="0.6289568818980278"/>
            <fprob>0.0</fprob>
        </actor>
        <actor name="D0N38">
            <wcet number="0">10</wcet>
            <wcet number="1">10</wcet>
            <maxpow number="0.2618611087851609"/>
            <maxpow number="0.2618611087851609"/>
            <fprob>0.0</fprob>
        </actor>
        <actor name="D0N6">
            <wcet number="0">170</wcet>
            <wcet number="1">190</wcet>
            <maxpow number="0.5850841395491443"/>
            <maxpow number="0.5850841395491443"/>
            <fprob>0.0</fprob>
        </actor>
        <actor name="D0N41">
            <wcet number="0">10</wcet>
            <wcet number="1">10</wcet>
            <maxpow number="0.7875720838355543"/>
            <maxpow number="0.7875720838355543"/>
            <fprob>0.0</fprob>
        </actor>
        <actor name="D0N8">
            <wcet number="0">70</wcet>
            <wcet number="1">70</wcet>
            <maxpow number="0.2553415396326208"/>
            <maxpow number="0.2553415396326208"/>
            <fprob>0.0</fprob>
        </actor>
        <actor name="D0N37">
            <wcet number="0">150</wcet>
            <wcet number="1">230</wcet>
            <maxpow number="0.36918660358853106"/>
            <maxpow number="0.36918660358853106"/>
            <fprob>0.0</fprob>
        </actor>
        <actor name="D0N36">
            <wcet number="0">70</wcet>
            <wcet number="1">170</wcet>
            <maxpow number="0.7949773415263762"/>
            <maxpow number="0.7949773415263762"/>
            <fprob>0.0</fprob>
        </actor>
        <actor name="D0N12">
            <wcet number="0">10</wcet>
            <wcet number="1">10</wcet>
            <maxpow number="0.5408686435033438"/>
            <maxpow number="0.5408686435033438"/>
            <fprob>0.0</fprob>
        </actor>
        <actor name="D0N9">
            <wcet number="0">10</wcet>
            <wcet number="1">10</wcet>
            <maxpow number="0.361967554898245"/>
            <maxpow number="0.361967554898245"/>
            <fprob>0.0</fprob>
        </actor>
        <actor name="D0N15">
            <wcet number="0">100</wcet>
            <wcet number="1">150</wcet>
            <maxpow number="0.550414131559188"/>
            <maxpow number="0.550414131559188"/>
            <fprob>0.0</fprob>
        </actor>
        <actor name="D0N17">
            <wcet number="0">20</wcet>
            <wcet number="1">40</wcet>
            <maxpow number="0.28969548881954266"/>
            <maxpow number="0.28969548881954266"/>
            <fprob>0.0</fprob>
        </actor>
        <actor name="D0N4">
            <wcet number="0">70</wcet>
            <wcet number="1">140</wcet>
            <maxpow number="0.400618856650101"/>
            <maxpow number="0.400618856650101"/>
            <fprob>0.0</fprob>
        </actor>
        <actor name="D0N13">
            <wcet number="0">20</wcet>
            <wcet number="1">50</wcet>
            <maxpow number="0.4603072823803842"/>
            <maxpow number="0.4603072823803842"/>
            <fprob>0.0</fprob>
        </actor>
        <actor name="D0N1">
            <wcet number="0">20</wcet>
            <wcet number="1">20</wcet>
            <maxpow number="0.7201280518376815"/>
            <maxpow number="0.7201280518376815"/>
            <fprob>0.0</fprob>
        </actor>
        <actor name="D0N33">
            <wcet number="0">130</wcet>
            <wcet number="1">140</wcet>
            <maxpow number="0.8139532933711753"/>
            <maxpow number="0.8139532933711753"/>
            <fprob>0.0</fprob>
        </actor>
        <actor name="D0N11">
            <wcet number="0">10</wcet>
            <wcet number="1">10</wcet>
            <maxpow number="0.36449092831529073"/>
            <maxpow number="0.36449092831529073"/>
            <fprob>0.0</fprob>
        </actor>
        <actor name="D0N40">
            <wcet number="0">40</wcet>
            <wcet number="1">80</wcet>
            <maxpow number="0.6700019579888902"/>
            <maxpow number="0.6700019579888902"/>
            <fprob>0.0</fprob>
        </actor>
        <actor name="D0N29">
            <wcet number="0">30</wcet>
            <wcet number="1">40</wcet>
            <maxpow number="0.6388905507007312"/>
            <maxpow number="0.6388905507007312"/>
            <fprob>0.0</fprob>
        </actor>
        <actor name="D0N10">
            <wcet number="0">50</wcet>
            <wcet number="1">70</wcet>
            <maxpow number="0.4913675177953554"/>
            <maxpow number="0.4913675177953554"/>
            <fprob>0.0</fprob>
        </actor>
        <actor name="D0N32">
            <wcet number="0">110</wcet>
            <wcet number="1">140</wcet>
            <maxpow number="0.5372949038889677"/>
            <maxpow number="0.5372949038889677"/>
            <fprob>0.0</fprob>
        </actor>
        <actor name="D0N34">
            <wcet number="0">150</wcet>
            <wcet number="1">160</wcet>
            <maxpow number="0.5205056955513201"/>
            <maxpow number="0.5205056955513201"/>
            <fprob>0.0</fprob>
        </actor>
        <actor name="D0N3">
            <wcet number="0">10</wcet>
            <wcet number="1">100</wcet>
            <maxpow number="0.7183913522901654"/>
            <maxpow number="0.7183913522901654"/>
            <fprob>0.0</fprob>
        </actor>
        <actor name="D0N20">
            <wcet number="0">10</wcet>
            <wcet number="1">10</wcet>
            <maxpow number="0.1975068314725224"/>
            <maxpow number="0.1975068314725224"/>
            <fprob>0.0</fprob>
        </actor>
        <actor name="D0N42">
            <wcet number="0">50</wcet>
            <wcet number="1">70</wcet>
            <maxpow number="0.18320461321551557"/>
            <maxpow number="0.18320461321551557"/>
            <fprob>0.0</fprob>
        </actor>
        <actor name="D0N5">
            <wcet number="0">60</wcet>
            <wcet number="1">60</wcet>
            <maxpow number="0.23605823834589057"/>
            <maxpow number="0.23605823834589057"/>
            <fprob>0.0</fprob>
        </actor>
        <actor name="D0N14">
            <wcet number="0">20</wcet>
            <wcet number="1">30</wcet>
            <maxpow number="0.8081409184500211"/>
            <maxpow number="0.8081409184500211"/>
            <fprob>0.0</fprob>
        </actor>
        <actor name="D0N19">
            <wcet number="0">20</wcet>
            <wcet number="1">20</wcet>
            <maxpow number="0.4577096665762205"/>
            <maxpow number="0.4577096665762205"/>
            <fprob>0.0</fprob>
        </actor>
        <actor name="D0N0">
            <wcet number="0">10</wcet>
            <wcet number="1">20</wcet>
            <maxpow number="0.596518242739936"/>
            <maxpow number="0.596518242739936"/>
            <fprob>0.0</fprob>
        </actor>
        <actor name="D0N2">
            <wcet number="0">20</wcet>
            <wcet number="1">20</wcet>
            <maxpow number="0.697079711653103"/>
            <maxpow number="0.697079711653103"/>
            <fprob>0.0</fprob>
        </actor>
        <actor name="D0N21">
            <wcet number="0">30</wcet>
            <wcet number="1">70</wcet>
            <maxpow number="0.7373032207012366"/>
            <maxpow number="0.7373032207012366"/>
            <fprob>0.0</fprob>
        </actor>
        <actor name="D0N16">
            <wcet number="0">60</wcet>
            <wcet number="1">140</wcet>
            <maxpow number="0.5221784946058534"/>
            <maxpow number="0.5221784946058534"/>
            <fprob>0.0</fprob>
        </actor>
        <actor name="D0N28">
            <wcet number="0">160</wcet>
            <wcet number="1">230</wcet>
            <maxpow number="0.546396281544161"/>
            <maxpow number="0.546396281544161"/>
            <fprob>0.0</fprob>
        </actor>
        <actor name="D0N18">
            <wcet number="0">40</wcet>
            <wcet number="1">60</wcet>
            <maxpow number="0.4060988699079881"/>
            <maxpow number="0.4060988699079881"/>
            <fprob>0.0</fprob>
        </actor>
        <actor name="D0N24">
            <wcet number="0">70</wcet>
            <wcet number="1">210</wcet>
            <maxpow number="0.519884825367659"/>
            <maxpow number="0.519884825367659"/>
            <fprob>0.0</fprob>
        </actor>
        <actor name="D0N39">
            <wcet number="0">10</wcet>
            <wcet number="1">10</wcet>
            <maxpow number="0.375221036905002"/>
            <maxpow number="0.375221036905002"/>
            <fprob>0.0</fprob>
        </actor>
        <actor name="D0N30">
            <wcet number="0">80</wcet>
            <wcet number="1">90</wcet>
            <maxpow number="0.20613478471797603"/>
            <maxpow number="0.20613478471797603"/>
            <fprob>0.0</fprob>
        </actor>
        <actor name="D0N25">
            <wcet number="0">30</wcet>
            <wcet number="1">40</wcet>
            <maxpow number="0.6754976339009151"/>
            <maxpow number="0.6754976339009151"/>
            <fprob>0.0</fprob>
        </actor>
        <actor name="D0N7">
            <wcet number="0">10</wcet>
            <wcet number="1">10</wcet>
            <maxpow number="0.7210698356385898"/>
            <maxpow number="0.7210698356385898"/>
            <fprob>0.0</fprob>
        </actor>
        <actor name="D0N31">
            <wcet number="0">30</wcet>
            <wcet number="1">30</wcet>
            <maxpow number="0.1818052030305155"/>
            <maxpow number="0.1818052030305155"/>
            <fprob>0.0</fprob>
        </actor>
        <actor name="D0N43">
            <wcet number="0">20</wcet>
            <wcet number="1">70</wcet>
            <maxpow number="0.5891840660965711"/>
            <maxpow number="0.5891840660965711"/>
            <fprob>0.0</fprob>
        </actor>
        <ports>
            <port dstActor="D0N37" name="p0" srcActor="D0N35"/>
            <port dstActor="D0N31" name="p1" srcActor="D0N23"/>
            <port dstActor="D0N37" name="p2" srcActor="D0N23"/>
            <port dstActor="D0N43" name="p3" srcActor="D0N26"/>
            <port dstActor="D0N33" name="p4" srcActor="D0N26"/>
            <port dstActor="D0N39" name="p5" srcActor="D0N27"/>
            <port dstActor="D0N35" name="p6" srcActor="D0N27"/>
            <port dstActor="D0N12" name="p7" srcActor="D0N6"/>
            <port dstActor="D0N39" name="p8" srcActor="D0N6"/>
            <port dstActor="D0N25" name="p9" srcActor="D0N6"/>
            <port dstActor="D0N25" name="p10" srcActor="D0N8"/>
            <port dstActor="D0N40" name="p11" srcActor="D0N8"/>
            <port dstActor="D0N29" name="p12" srcActor="D0N8"/>
            <port dstActor="D0N20" name="p13" srcActor="D0N8"/>
            <port dstActor="D0N25" name="p14" srcActor="D0N12"/>
            <port dstActor="D0N19" name="p15" srcActor="D0N9"/>
            <port dstActor="D0N31" name="p16" srcActor="D0N9"/>
            <port dstActor="D0N39" name="p17" srcActor="D0N9"/>
            <port dstActor="D0N33" name="p18" srcActor="D0N9"/>
            <port dstActor="D0N23" name="p19" srcActor="D0N9"/>
            <port dstActor="D0N32" name="p20" srcActor="D0N9"/>
            <port dstActor="D0N21" name="p21" srcActor="D0N15"/>
            <port dstActor="D0N14" name="p22" srcActor="D0N4"/>
            <port dstActor="D0N35" name="p23" srcActor="D0N4"/>
            <port dstActor="D0N43" name="p24" srcActor="D0N4"/>
            <port dstActor="D0N32" name="p25" srcActor="D0N4"/>
            <port dstActor="D0N23" name="p26" srcActor="D0N13"/>
            <port dstActor="D0N21" name="p27" srcActor="D0N13"/>
            <port dstActor="D0N41" name="p28" srcActor="D0N13"/>
            <port dstActor="D0N18" name="p29" srcActor="D0N13"/>
            <port dstActor="D0N14" name="p30" srcActor="D0N1"/>
            <port dstActor="D0N30" name="p31" srcActor="D0N1"/>
            <port dstActor="D0N17" name="p32" srcActor="D0N1"/>
            <port dstActor="D0N40" name="p33" srcActor="D0N33"/>
            <port dstActor="D0N43" name="p34" srcActor="D0N33"/>
            <port dstActor="D0N36" name="p35" srcActor="D0N33"/>
            <port dstActor="D0N23" name="p36" srcActor="D0N11"/>
            <port dstActor="D0N40" name="p37" srcActor="D0N11"/>
            <port dstActor="D0N39" name="p38" srcActor="D0N29"/>
            <port dstActor="D0N33" name="p39" srcActor="D0N29"/>
            <port dstActor="D0N40" name="p40" srcActor="D0N29"/>
            <port dstActor="D0N22" name="p41" srcActor="D0N10"/>
            <port dstActor="D0N31" name="p42" srcActor="D0N10"/>
            <port dstActor="D0N34" name="p43" srcActor="D0N10"/>
            <port dstActor="D0N34" name="p44" srcActor="D0N32"/>
            <port dstActor="D0N38" name="p45" srcActor="D0N34"/>
            <port dstActor="D0N15" name="p46" srcActor="D0N3"/>
            <port dstActor="D0N6" name="p47" srcActor="D0N3"/>
            <port dstActor="D0N28" name="p48" srcActor="D0N3"/>
            <port dstActor="D0N5" name="p49" srcActor="D0N3"/>
            <port dstActor="D0N29" name="p50" srcActor="D0N20"/>
            <port dstActor="D0N34" name="p51" srcActor="D0N20"/>
            <port dstActor="D0N20" name="p52" srcActor="D0N5"/>
            <port dstActor="D0N6" name="p53" srcActor="D0N5"/>
            <port dstActor="D0N26" name="p54" srcActor="D0N5"/>
            <port dstActor="D0N30" name="p55" srcActor="D0N5"/>
            <port dstActor="D0N16" name="p56" srcActor="D0N5"/>
            <port dstActor="D0N15" name="p57" srcActor="D0N5"/>
            <port dstActor="D0N24" name="p58" srcActor="D0N5"/>
            <port dstActor="D0N34" name="p59" srcActor="D0N14"/>
            <port dstActor="D0N41" name="p60" srcActor="D0N19"/>
            <port dstActor="D0N21" name="p61" srcActor="D0N19"/>
            <port dstActor="D0N24" name="p62" srcActor="D0N0"/>
            <port dstActor="D0N29" name="p63" srcActor="D0N0"/>
            <port dstActor="D0N42" name="p64" srcActor="D0N0"/>
            <port dstActor="D0N15" name="p65" srcActor="D0N0"/>
            <port dstActor="D0N38" name="p66" srcActor="D0N0"/>
            <port dstActor="D0N5" name="p67" srcActor="D0N0"/>
            <port dstActor="D0N13" name="p68" srcActor="D0N2"/>
            <port dstActor="D0N40" name="p69" srcActor="D0N21"/>
            <port dstActor="D0N33" name="p70" srcActor="D0N21"/>
            <port dstActor="D0N43" name="p71" srcActor="D0N16"/>
            <port dstActor="D0N29" name="p72" srcActor="D0N16"/>
            <port dstActor="D0N29" name="p73" srcActor="D0N28"/>
            <port dstActor="D0N33" name="p74" srcActor="D0N28"/>
            <port dstActor="D0N38" name="p75" srcActor="D0N28"/>
            <port dstActor="D0N40" name="p76" srcActor="D0N18"/>
            <port dstActor="D0N29" name="p77" srcActor="D0N18"/>
            <port dstActor="D0N34" name="p78" srcActor="D0N24"/>
            <port dstActor="D0N38" name="p79" srcActor="D0N24"/>
            <port dstActor="D0N35" name="p80" srcActor="D0N24"/>
            <port dstActor="D0N43" name="p81" srcActor="D0N24"/>
            <port dstActor="D0N41" name="p82" srcActor="D0N39"/>
            <port dstActor="D0N38" name="p83" srcActor="D0N30"/>
            <port dstActor="D0N31" name="p84" srcActor="D0N25"/>
            <port dstActor="D0N33" name="p85" srcActor="D0N25"/>
            <port dstActor="D0N27" name="p86" srcActor="D0N25"/>
            <port dstActor="D0N28" name="p87" srcActor="D0N7"/>
            <port dstActor="D0N13" name="p88" srcActor="D0N7"/>
            <port dstActor="D0N31" name="p89" srcActor="D0N7"/>
            <port dstActor="D0N14" name="p90" srcActor="D0N7"/>
            <port dstActor="D0N40" name="p91" srcActor="D0N31"/>
        </ports>
    </mcdag>
    <cores number="3"/>
    <levels number="2"/>
</mcsystem>
