<?xml version="1.0" encoding="UTF-8" standalone="no"?>
<mcsystem>
    <mcdag deadline="5000" name="genned-0-ed-10.0-0">
        <actor name="D0N46">
            <wcet number="0">10</wcet>
            <wcet number="1">110</wcet>
            <maxpow number="0.47312203285629933"/>
            <maxpow number="0.47312203285629933"/>
            <fprob>0.0</fprob>
        </actor>
        <actor name="D0N25">
            <wcet number="0">30</wcet>
            <wcet number="1">40</wcet>
            <maxpow number="0.5900313899091255"/>
            <maxpow number="0.5900313899091255"/>
            <fprob>0.0</fprob>
        </actor>
        <actor name="D0N37">
            <wcet number="0">230</wcet>
            <wcet number="1">500</wcet>
            <maxpow number="0.4083626090752457"/>
            <maxpow number="0.4083626090752457"/>
            <fprob>0.0</fprob>
        </actor>
        <actor name="D0N40">
            <wcet number="0">50</wcet>
            <wcet number="1">130</wcet>
            <maxpow number="0.719484719029277"/>
            <maxpow number="0.719484719029277"/>
            <fprob>0.0</fprob>
        </actor>
        <actor name="D0N2">
            <wcet number="0">80</wcet>
            <wcet number="1">390</wcet>
            <maxpow number="0.4773396663189637"/>
            <maxpow number="0.4773396663189637"/>
            <fprob>0.0</fprob>
        </actor>
        <actor name="D0N29">
            <wcet number="0">30</wcet>
            <wcet number="1">400</wcet>
            <maxpow number="0.388730909998782"/>
            <maxpow number="0.388730909998782"/>
            <fprob>0.0</fprob>
        </actor>
        <actor name="D0N34">
            <wcet number="0">40</wcet>
            <wcet number="1">340</wcet>
            <maxpow number="0.5925531337442449"/>
            <maxpow number="0.5925531337442449"/>
            <fprob>0.0</fprob>
        </actor>
        <actor name="D0N15">
            <wcet number="0">40</wcet>
            <wcet number="1">140</wcet>
            <maxpow number="0.8069162514022165"/>
            <maxpow number="0.8069162514022165"/>
            <fprob>0.0</fprob>
        </actor>
        <actor name="D0N12">
            <wcet number="0">70</wcet>
            <wcet number="1">130</wcet>
            <maxpow number="0.6393791772087144"/>
            <maxpow number="0.6393791772087144"/>
            <fprob>0.0</fprob>
        </actor>
        <actor name="D0N27">
            <wcet number="0">120</wcet>
            <wcet number="1">320</wcet>
            <maxpow number="0.6229284066007881"/>
            <maxpow number="0.6229284066007881"/>
            <fprob>0.0</fprob>
        </actor>
        <actor name="D0N14">
            <wcet number="0">10</wcet>
            <wcet number="1">20</wcet>
            <maxpow number="0.5272599227989441"/>
            <maxpow number="0.5272599227989441"/>
            <fprob>0.0</fprob>
        </actor>
        <actor name="D0N4">
            <wcet number="0">20</wcet>
            <wcet number="1">520</wcet>
            <maxpow number="0.48419898807137507"/>
            <maxpow number="0.48419898807137507"/>
            <fprob>0.0</fprob>
        </actor>
        <actor name="D0N24">
            <wcet number="0">80</wcet>
            <wcet number="1">120</wcet>
            <maxpow number="0.38021239997272926"/>
            <maxpow number="0.38021239997272926"/>
            <fprob>0.0</fprob>
        </actor>
        <actor name="D0N13">
            <wcet number="0">10</wcet>
            <wcet number="1">10</wcet>
            <maxpow number="0.7103506387526144"/>
            <maxpow number="0.7103506387526144"/>
            <fprob>0.0</fprob>
        </actor>
        <actor name="D0N8">
            <wcet number="0">460</wcet>
            <wcet number="1">570</wcet>
            <maxpow number="0.19176379385730002"/>
            <maxpow number="0.19176379385730002"/>
            <fprob>0.0</fprob>
        </actor>
        <actor name="D0N20">
            <wcet number="0">140</wcet>
            <wcet number="1">380</wcet>
            <maxpow number="0.15297042149820111"/>
            <maxpow number="0.15297042149820111"/>
            <fprob>0.0</fprob>
        </actor>
        <actor name="D0N26">
            <wcet number="0">50</wcet>
            <wcet number="1">240</wcet>
            <maxpow number="0.6870809212432752"/>
            <maxpow number="0.6870809212432752"/>
            <fprob>0.0</fprob>
        </actor>
        <actor name="D0N32">
            <wcet number="0">10</wcet>
            <wcet number="1">60</wcet>
            <maxpow number="0.2158453434405519"/>
            <maxpow number="0.2158453434405519"/>
            <fprob>0.0</fprob>
        </actor>
        <actor name="D0N36">
            <wcet number="0">90</wcet>
            <wcet number="1">210</wcet>
            <maxpow number="0.3627279877424531"/>
            <maxpow number="0.3627279877424531"/>
            <fprob>0.0</fprob>
        </actor>
        <actor name="D0N41">
            <wcet number="0">160</wcet>
            <wcet number="1">160</wcet>
            <maxpow number="0.45206763850468445"/>
            <maxpow number="0.45206763850468445"/>
            <fprob>0.0</fprob>
        </actor>
        <actor name="D0N33">
            <wcet number="0">160</wcet>
            <wcet number="1">190</wcet>
            <maxpow number="0.7494792945339821"/>
            <maxpow number="0.7494792945339821"/>
            <fprob>0.0</fprob>
        </actor>
        <actor name="D0N38">
            <wcet number="0">10</wcet>
            <wcet number="1">20</wcet>
            <maxpow number="0.5794264311224595"/>
            <maxpow number="0.5794264311224595"/>
            <fprob>0.0</fprob>
        </actor>
        <actor name="D0N23">
            <wcet number="0">70</wcet>
            <wcet number="1">320</wcet>
            <maxpow number="0.3743140023645296"/>
            <maxpow number="0.3743140023645296"/>
            <fprob>0.0</fprob>
        </actor>
        <actor name="D0N35">
            <wcet number="0">40</wcet>
            <wcet number="1">150</wcet>
            <maxpow number="0.415472614077945"/>
            <maxpow number="0.415472614077945"/>
            <fprob>0.0</fprob>
        </actor>
        <actor name="D0N1">
            <wcet number="0">20</wcet>
            <wcet number="1">140</wcet>
            <maxpow number="0.4100868218356509"/>
            <maxpow number="0.4100868218356509"/>
            <fprob>0.0</fprob>
        </actor>
        <actor name="D0N31">
            <wcet number="0">70</wcet>
            <wcet number="1">100</wcet>
            <maxpow number="0.5484328442342591"/>
            <maxpow number="0.5484328442342591"/>
            <fprob>0.0</fprob>
        </actor>
        <actor name="D0N6">
            <wcet number="0">40</wcet>
            <wcet number="1">120</wcet>
            <maxpow number="0.7446213659785167"/>
            <maxpow number="0.7446213659785167"/>
            <fprob>0.0</fprob>
        </actor>
        <actor name="D0N21">
            <wcet number="0">290</wcet>
            <wcet number="1">480</wcet>
            <maxpow number="0.4517911104298835"/>
            <maxpow number="0.4517911104298835"/>
            <fprob>0.0</fprob>
        </actor>
        <actor name="D0N44">
            <wcet number="0">250</wcet>
            <wcet number="1">330</wcet>
            <maxpow number="0.3534821544105798"/>
            <maxpow number="0.3534821544105798"/>
            <fprob>0.0</fprob>
        </actor>
        <actor name="D0N47">
            <wcet number="0">50</wcet>
            <wcet number="1">120</wcet>
            <maxpow number="0.5670821615536821"/>
            <maxpow number="0.5670821615536821"/>
            <fprob>0.0</fprob>
        </actor>
        <actor name="D0N10">
            <wcet number="0">70</wcet>
            <wcet number="1">150</wcet>
            <maxpow number="0.8596432997374601"/>
            <maxpow number="0.8596432997374601"/>
            <fprob>0.0</fprob>
        </actor>
        <actor name="D0N17">
            <wcet number="0">60</wcet>
            <wcet number="1">200</wcet>
            <maxpow number="0.46634356665582294"/>
            <maxpow number="0.46634356665582294"/>
            <fprob>0.0</fprob>
        </actor>
        <actor name="D0N18">
            <wcet number="0">30</wcet>
            <wcet number="1">30</wcet>
            <maxpow number="0.39808160220163885"/>
            <maxpow number="0.39808160220163885"/>
            <fprob>0.0</fprob>
        </actor>
        <actor name="D0N7">
            <wcet number="0">160</wcet>
            <wcet number="1">210</wcet>
            <maxpow number="0.4544355731505233"/>
            <maxpow number="0.4544355731505233"/>
            <fprob>0.0</fprob>
        </actor>
        <actor name="D0N0">
            <wcet number="0">280</wcet>
            <wcet number="1">700</wcet>
            <maxpow number="0.4542166448479581"/>
            <maxpow number="0.4542166448479581"/>
            <fprob>0.0</fprob>
        </actor>
        <actor name="D0N43">
            <wcet number="0">110</wcet>
            <wcet number="1">130</wcet>
            <maxpow number="0.26917409806242626"/>
            <maxpow number="0.26917409806242626"/>
            <fprob>0.0</fprob>
        </actor>
        <actor name="D0N9">
            <wcet number="0">30</wcet>
            <wcet number="1">620</wcet>
            <maxpow number="0.3534178971703988"/>
            <maxpow number="0.3534178971703988"/>
            <fprob>0.0</fprob>
        </actor>
        <actor name="D0N42">
            <wcet number="0">100</wcet>
            <wcet number="1">110</wcet>
            <maxpow number="0.8579671730584312"/>
            <maxpow number="0.8579671730584312"/>
            <fprob>0.0</fprob>
        </actor>
        <actor name="D0N28">
            <wcet number="0">70</wcet>
            <wcet number="1">80</wcet>
            <maxpow number="0.776017202147226"/>
            <maxpow number="0.776017202147226"/>
            <fprob>0.0</fprob>
        </actor>
        <actor name="D0N30">
            <wcet number="0">20</wcet>
            <wcet number="1">120</wcet>
            <maxpow number="0.5917617095938283"/>
            <maxpow number="0.5917617095938283"/>
            <fprob>0.0</fprob>
        </actor>
        <actor name="D0N22">
            <wcet number="0">10</wcet>
            <wcet number="1">70</wcet>
            <maxpow number="0.4526160322425375"/>
            <maxpow number="0.4526160322425375"/>
            <fprob>0.0</fprob>
        </actor>
        <actor name="D0N48">
            <wcet number="0">160</wcet>
            <wcet number="1">260</wcet>
            <maxpow number="0.2652379017331924"/>
            <maxpow number="0.2652379017331924"/>
            <fprob>0.0</fprob>
        </actor>
        <actor name="D0N3">
            <wcet number="0">690</wcet>
            <wcet number="1">850</wcet>
            <maxpow number="0.28261432289493127"/>
            <maxpow number="0.28261432289493127"/>
            <fprob>0.0</fprob>
        </actor>
        <actor name="D0N39">
            <wcet number="0">140</wcet>
            <wcet number="1">190</wcet>
            <maxpow number="0.716057894371555"/>
            <maxpow number="0.716057894371555"/>
            <fprob>0.0</fprob>
        </actor>
        <actor name="D0N5">
            <wcet number="0">80</wcet>
            <wcet number="1">190</wcet>
            <maxpow number="0.5952341116652906"/>
            <maxpow number="0.5952341116652906"/>
            <fprob>0.0</fprob>
        </actor>
        <actor name="D0N16">
            <wcet number="0">80</wcet>
            <wcet number="1">170</wcet>
            <maxpow number="0.30472876487213285"/>
            <maxpow number="0.30472876487213285"/>
            <fprob>0.0</fprob>
        </actor>
        <actor name="D0N19">
            <wcet number="0">10</wcet>
            <wcet number="1">10</wcet>
            <maxpow number="0.5811889334256963"/>
            <maxpow number="0.5811889334256963"/>
            <fprob>0.0</fprob>
        </actor>
        <actor name="D0N11">
            <wcet number="0">60</wcet>
            <wcet number="1">120</wcet>
            <maxpow number="0.7332048022487968"/>
            <maxpow number="0.7332048022487968"/>
            <fprob>0.0</fprob>
        </actor>
        <actor name="D0N45">
            <wcet number="0">20</wcet>
            <wcet number="1">30</wcet>
            <maxpow number="0.7132413283627563"/>
            <maxpow number="0.7132413283627563"/>
            <fprob>0.0</fprob>
        </actor>
        <ports>
            <port dstActor="D0N48" name="p0" srcActor="D0N25"/>
            <port dstActor="D0N44" name="p1" srcActor="D0N37"/>
            <port dstActor="D0N45" name="p2" srcActor="D0N37"/>
            <port dstActor="D0N47" name="p3" srcActor="D0N37"/>
            <port dstActor="D0N33" name="p4" srcActor="D0N2"/>
            <port dstActor="D0N45" name="p5" srcActor="D0N2"/>
            <port dstActor="D0N10" name="p6" srcActor="D0N2"/>
            <port dstActor="D0N3" name="p7" srcActor="D0N2"/>
            <port dstActor="D0N9" name="p8" srcActor="D0N2"/>
            <port dstActor="D0N25" name="p9" srcActor="D0N2"/>
            <port dstActor="D0N11" name="p10" srcActor="D0N2"/>
            <port dstActor="D0N46" name="p11" srcActor="D0N29"/>
            <port dstActor="D0N34" name="p12" srcActor="D0N29"/>
            <port dstActor="D0N44" name="p13" srcActor="D0N29"/>
            <port dstActor="D0N38" name="p14" srcActor="D0N34"/>
            <port dstActor="D0N18" name="p15" srcActor="D0N15"/>
            <port dstActor="D0N21" name="p16" srcActor="D0N15"/>
            <port dstActor="D0N45" name="p17" srcActor="D0N15"/>
            <port dstActor="D0N39" name="p18" srcActor="D0N15"/>
            <port dstActor="D0N19" name="p19" srcActor="D0N12"/>
            <port dstActor="D0N41" name="p20" srcActor="D0N12"/>
            <port dstActor="D0N21" name="p21" srcActor="D0N12"/>
            <port dstActor="D0N27" name="p22" srcActor="D0N12"/>
            <port dstActor="D0N31" name="p23" srcActor="D0N27"/>
            <port dstActor="D0N48" name="p24" srcActor="D0N27"/>
            <port dstActor="D0N33" name="p25" srcActor="D0N27"/>
            <port dstActor="D0N41" name="p26" srcActor="D0N14"/>
            <port dstActor="D0N33" name="p27" srcActor="D0N14"/>
            <port dstActor="D0N15" name="p28" srcActor="D0N14"/>
            <port dstActor="D0N17" name="p29" srcActor="D0N4"/>
            <port dstActor="D0N5" name="p30" srcActor="D0N4"/>
            <port dstActor="D0N8" name="p31" srcActor="D0N4"/>
            <port dstActor="D0N34" name="p32" srcActor="D0N24"/>
            <port dstActor="D0N45" name="p33" srcActor="D0N24"/>
            <port dstActor="D0N25" name="p34" srcActor="D0N24"/>
            <port dstActor="D0N31" name="p35" srcActor="D0N24"/>
            <port dstActor="D0N41" name="p36" srcActor="D0N24"/>
            <port dstActor="D0N20" name="p37" srcActor="D0N13"/>
            <port dstActor="D0N38" name="p38" srcActor="D0N13"/>
            <port dstActor="D0N45" name="p39" srcActor="D0N13"/>
            <port dstActor="D0N26" name="p40" srcActor="D0N13"/>
            <port dstActor="D0N43" name="p41" srcActor="D0N13"/>
            <port dstActor="D0N40" name="p42" srcActor="D0N8"/>
            <port dstActor="D0N43" name="p43" srcActor="D0N8"/>
            <port dstActor="D0N18" name="p44" srcActor="D0N8"/>
            <port dstActor="D0N27" name="p45" srcActor="D0N8"/>
            <port dstActor="D0N24" name="p46" srcActor="D0N20"/>
            <port dstActor="D0N36" name="p47" srcActor="D0N20"/>
            <port dstActor="D0N39" name="p48" srcActor="D0N20"/>
            <port dstActor="D0N39" name="p49" srcActor="D0N32"/>
            <port dstActor="D0N39" name="p50" srcActor="D0N33"/>
            <port dstActor="D0N43" name="p51" srcActor="D0N35"/>
            <port dstActor="D0N29" name="p52" srcActor="D0N1"/>
            <port dstActor="D0N41" name="p53" srcActor="D0N1"/>
            <port dstActor="D0N22" name="p54" srcActor="D0N1"/>
            <port dstActor="D0N48" name="p55" srcActor="D0N31"/>
            <port dstActor="D0N33" name="p56" srcActor="D0N31"/>
            <port dstActor="D0N35" name="p57" srcActor="D0N31"/>
            <port dstActor="D0N25" name="p58" srcActor="D0N6"/>
            <port dstActor="D0N36" name="p59" srcActor="D0N6"/>
            <port dstActor="D0N28" name="p60" srcActor="D0N6"/>
            <port dstActor="D0N16" name="p61" srcActor="D0N6"/>
            <port dstActor="D0N21" name="p62" srcActor="D0N6"/>
            <port dstActor="D0N42" name="p63" srcActor="D0N6"/>
            <port dstActor="D0N14" name="p64" srcActor="D0N6"/>
            <port dstActor="D0N18" name="p65" srcActor="D0N6"/>
            <port dstActor="D0N22" name="p66" srcActor="D0N21"/>
            <port dstActor="D0N28" name="p67" srcActor="D0N21"/>
            <port dstActor="D0N35" name="p68" srcActor="D0N21"/>
            <port dstActor="D0N30" name="p69" srcActor="D0N10"/>
            <port dstActor="D0N42" name="p70" srcActor="D0N10"/>
            <port dstActor="D0N40" name="p71" srcActor="D0N10"/>
            <port dstActor="D0N15" name="p72" srcActor="D0N10"/>
            <port dstActor="D0N32" name="p73" srcActor="D0N10"/>
            <port dstActor="D0N41" name="p74" srcActor="D0N17"/>
            <port dstActor="D0N42" name="p75" srcActor="D0N17"/>
            <port dstActor="D0N21" name="p76" srcActor="D0N17"/>
            <port dstActor="D0N44" name="p77" srcActor="D0N17"/>
            <port dstActor="D0N47" name="p78" srcActor="D0N18"/>
            <port dstActor="D0N19" name="p79" srcActor="D0N18"/>
            <port dstActor="D0N31" name="p80" srcActor="D0N18"/>
            <port dstActor="D0N28" name="p81" srcActor="D0N18"/>
            <port dstActor="D0N32" name="p82" srcActor="D0N18"/>
            <port dstActor="D0N43" name="p83" srcActor="D0N7"/>
            <port dstActor="D0N19" name="p84" srcActor="D0N7"/>
            <port dstActor="D0N15" name="p85" srcActor="D0N7"/>
            <port dstActor="D0N28" name="p86" srcActor="D0N0"/>
            <port dstActor="D0N40" name="p87" srcActor="D0N0"/>
            <port dstActor="D0N18" name="p88" srcActor="D0N0"/>
            <port dstActor="D0N29" name="p89" srcActor="D0N0"/>
            <port dstActor="D0N6" name="p90" srcActor="D0N0"/>
            <port dstActor="D0N38" name="p91" srcActor="D0N0"/>
            <port dstActor="D0N11" name="p92" srcActor="D0N9"/>
            <port dstActor="D0N16" name="p93" srcActor="D0N9"/>
            <port dstActor="D0N20" name="p94" srcActor="D0N9"/>
            <port dstActor="D0N39" name="p95" srcActor="D0N9"/>
            <port dstActor="D0N40" name="p96" srcActor="D0N9"/>
            <port dstActor="D0N36" name="p97" srcActor="D0N28"/>
            <port dstActor="D0N43" name="p98" srcActor="D0N28"/>
            <port dstActor="D0N32" name="p99" srcActor="D0N30"/>
            <port dstActor="D0N45" name="p100" srcActor="D0N22"/>
            <port dstActor="D0N7" name="p101" srcActor="D0N3"/>
            <port dstActor="D0N10" name="p102" srcActor="D0N3"/>
            <port dstActor="D0N21" name="p103" srcActor="D0N3"/>
            <port dstActor="D0N6" name="p104" srcActor="D0N3"/>
            <port dstActor="D0N28" name="p105" srcActor="D0N3"/>
            <port dstActor="D0N17" name="p106" srcActor="D0N3"/>
            <port dstActor="D0N44" name="p107" srcActor="D0N3"/>
            <port dstActor="D0N40" name="p108" srcActor="D0N39"/>
            <port dstActor="D0N42" name="p109" srcActor="D0N5"/>
            <port dstActor="D0N12" name="p110" srcActor="D0N5"/>
            <port dstActor="D0N30" name="p111" srcActor="D0N5"/>
            <port dstActor="D0N33" name="p112" srcActor="D0N5"/>
            <port dstActor="D0N46" name="p113" srcActor="D0N5"/>
            <port dstActor="D0N14" name="p114" srcActor="D0N5"/>
            <port dstActor="D0N28" name="p115" srcActor="D0N16"/>
            <port dstActor="D0N37" name="p116" srcActor="D0N19"/>
            <port dstActor="D0N27" name="p117" srcActor="D0N19"/>
            <port dstActor="D0N23" name="p118" srcActor="D0N11"/>
            <port dstActor="D0N15" name="p119" srcActor="D0N11"/>
            <port dstActor="D0N19" name="p120" srcActor="D0N11"/>
            <port dstActor="D0N48" name="p121" srcActor="D0N45"/>
        </ports>
    </mcdag>
    <cores number="3"/>
    <levels number="2"/>
</mcsystem>
