<?xml version="1.0" encoding="UTF-8" standalone="no"?>
<mcsystem>
    <mcdag deadline="1000" name="genned-0-ed-10.0-0">
        <actor name="D0N3">
            <wcet number="0">70</wcet>
            <wcet number="1">120</wcet>
            <maxpow number="0.5944825395791455"/>
            <maxpow number="0.5944825395791455"/>
            <fprob>0.0</fprob>
        </actor>
        <actor name="D0N46">
            <wcet number="0">10</wcet>
            <wcet number="1">20</wcet>
            <maxpow number="0.1620618710842962"/>
            <maxpow number="0.1620618710842962"/>
            <fprob>0.0</fprob>
        </actor>
        <actor name="D0N1">
            <wcet number="0">60</wcet>
            <wcet number="1">70</wcet>
            <maxpow number="0.459285452335821"/>
            <maxpow number="0.459285452335821"/>
            <fprob>0.0</fprob>
        </actor>
        <actor name="D0N0">
            <wcet number="0">10</wcet>
            <wcet number="1">40</wcet>
            <maxpow number="0.53126778869369"/>
            <maxpow number="0.53126778869369"/>
            <fprob>0.0</fprob>
        </actor>
        <actor name="D0N8">
            <wcet number="0">30</wcet>
            <wcet number="1">90</wcet>
            <maxpow number="0.6697579677914267"/>
            <maxpow number="0.6697579677914267"/>
            <fprob>0.0</fprob>
        </actor>
        <actor name="D0N40">
            <wcet number="0">40</wcet>
            <wcet number="1">50</wcet>
            <maxpow number="0.2734922217862542"/>
            <maxpow number="0.2734922217862542"/>
            <fprob>0.0</fprob>
        </actor>
        <actor name="D0N33">
            <wcet number="0">10</wcet>
            <wcet number="1">30</wcet>
            <maxpow number="0.5394277726036053"/>
            <maxpow number="0.5394277726036053"/>
            <fprob>0.0</fprob>
        </actor>
        <actor name="D0N4">
            <wcet number="0">50</wcet>
            <wcet number="1">140</wcet>
            <maxpow number="0.34295842733918736"/>
            <maxpow number="0.34295842733918736"/>
            <fprob>0.0</fprob>
        </actor>
        <actor name="D0N2">
            <wcet number="0">40</wcet>
            <wcet number="1">40</wcet>
            <maxpow number="0.6561503462999276"/>
            <maxpow number="0.6561503462999276"/>
            <fprob>0.0</fprob>
        </actor>
        <actor name="D0N25">
            <wcet number="0">20</wcet>
            <wcet number="1">50</wcet>
            <maxpow number="0.5297913530192631"/>
            <maxpow number="0.5297913530192631"/>
            <fprob>0.0</fprob>
        </actor>
        <actor name="D0N27">
            <wcet number="0">10</wcet>
            <wcet number="1">90</wcet>
            <maxpow number="0.5903209848017859"/>
            <maxpow number="0.5903209848017859"/>
            <fprob>0.0</fprob>
        </actor>
        <actor name="D0N29">
            <wcet number="0">160</wcet>
            <wcet number="1">220</wcet>
            <maxpow number="0.8717489646379122"/>
            <maxpow number="0.8717489646379122"/>
            <fprob>0.0</fprob>
        </actor>
        <actor name="D0N22">
            <wcet number="0">10</wcet>
            <wcet number="1">10</wcet>
            <maxpow number="0.8442357780315868"/>
            <maxpow number="0.8442357780315868"/>
            <fprob>0.0</fprob>
        </actor>
        <actor name="D0N45">
            <wcet number="0">50</wcet>
            <wcet number="1">60</wcet>
            <maxpow number="0.24347264323948298"/>
            <maxpow number="0.24347264323948298"/>
            <fprob>0.0</fprob>
        </actor>
        <actor name="D0N20">
            <wcet number="0">30</wcet>
            <wcet number="1">30</wcet>
            <maxpow number="0.5368800657671701"/>
            <maxpow number="0.5368800657671701"/>
            <fprob>0.0</fprob>
        </actor>
        <actor name="D0N30">
            <wcet number="0">10</wcet>
            <wcet number="1">10</wcet>
            <maxpow number="0.21342874450878696"/>
            <maxpow number="0.21342874450878696"/>
            <fprob>0.0</fprob>
        </actor>
        <actor name="D0N28">
            <wcet number="0">50</wcet>
            <wcet number="1">130</wcet>
            <maxpow number="0.4683154754132164"/>
            <maxpow number="0.4683154754132164"/>
            <fprob>0.0</fprob>
        </actor>
        <actor name="D0N21">
            <wcet number="0">20</wcet>
            <wcet number="1">30</wcet>
            <maxpow number="0.5790278151363963"/>
            <maxpow number="0.5790278151363963"/>
            <fprob>0.0</fprob>
        </actor>
        <actor name="D0N35">
            <wcet number="0">10</wcet>
            <wcet number="1">20</wcet>
            <maxpow number="0.37898391727852465"/>
            <maxpow number="0.37898391727852465"/>
            <fprob>0.0</fprob>
        </actor>
        <actor name="D0N39">
            <wcet number="0">110</wcet>
            <wcet number="1">170</wcet>
            <maxpow number="0.6826709126507647"/>
            <maxpow number="0.6826709126507647"/>
            <fprob>0.0</fprob>
        </actor>
        <actor name="D0N18">
            <wcet number="0">10</wcet>
            <wcet number="1">10</wcet>
            <maxpow number="0.6223273621250694"/>
            <maxpow number="0.6223273621250694"/>
            <fprob>0.0</fprob>
        </actor>
        <actor name="D0N15">
            <wcet number="0">40</wcet>
            <wcet number="1">40</wcet>
            <maxpow number="0.7110902184518757"/>
            <maxpow number="0.7110902184518757"/>
            <fprob>0.0</fprob>
        </actor>
        <actor name="D0N26">
            <wcet number="0">20</wcet>
            <wcet number="1">20</wcet>
            <maxpow number="0.3698508649900976"/>
            <maxpow number="0.3698508649900976"/>
            <fprob>0.0</fprob>
        </actor>
        <actor name="D0N31">
            <wcet number="0">20</wcet>
            <wcet number="1">50</wcet>
            <maxpow number="0.633165396225751"/>
            <maxpow number="0.633165396225751"/>
            <fprob>0.0</fprob>
        </actor>
        <actor name="D0N19">
            <wcet number="0">30</wcet>
            <wcet number="1">40</wcet>
            <maxpow number="0.6997560224473929"/>
            <maxpow number="0.6997560224473929"/>
            <fprob>0.0</fprob>
        </actor>
        <actor name="D0N38">
            <wcet number="0">10</wcet>
            <wcet number="1">40</wcet>
            <maxpow number="0.45977111473267984"/>
            <maxpow number="0.45977111473267984"/>
            <fprob>0.0</fprob>
        </actor>
        <actor name="D0N5">
            <wcet number="0">10</wcet>
            <wcet number="1">30</wcet>
            <maxpow number="0.3216872405755933"/>
            <maxpow number="0.3216872405755933"/>
            <fprob>0.0</fprob>
        </actor>
        <actor name="D0N17">
            <wcet number="0">10</wcet>
            <wcet number="1">10</wcet>
            <maxpow number="0.29215847669277556"/>
            <maxpow number="0.29215847669277556"/>
            <fprob>0.0</fprob>
        </actor>
        <actor name="D0N9">
            <wcet number="0">20</wcet>
            <wcet number="1">20</wcet>
            <maxpow number="0.4656247359872123"/>
            <maxpow number="0.4656247359872123"/>
            <fprob>0.0</fprob>
        </actor>
        <actor name="D0N43">
            <wcet number="0">20</wcet>
            <wcet number="1">180</wcet>
            <maxpow number="0.778334096654398"/>
            <maxpow number="0.778334096654398"/>
            <fprob>0.0</fprob>
        </actor>
        <actor name="D0N24">
            <wcet number="0">200</wcet>
            <wcet number="1">260</wcet>
            <maxpow number="0.9062884621068331"/>
            <maxpow number="0.9062884621068331"/>
            <fprob>0.0</fprob>
        </actor>
        <actor name="D0N14">
            <wcet number="0">10</wcet>
            <wcet number="1">10</wcet>
            <maxpow number="0.25287089020008185"/>
            <maxpow number="0.25287089020008185"/>
            <fprob>0.0</fprob>
        </actor>
        <actor name="D0N10">
            <wcet number="0">30</wcet>
            <wcet number="1">60</wcet>
            <maxpow number="0.4211573022248177"/>
            <maxpow number="0.4211573022248177"/>
            <fprob>0.0</fprob>
        </actor>
        <actor name="D0N41">
            <wcet number="0">30</wcet>
            <wcet number="1">30</wcet>
            <maxpow number="0.3329200924258738"/>
            <maxpow number="0.3329200924258738"/>
            <fprob>0.0</fprob>
        </actor>
        <actor name="D0N34">
            <wcet number="0">10</wcet>
            <wcet number="1">20</wcet>
            <maxpow number="0.7363655289156579"/>
            <maxpow number="0.7363655289156579"/>
            <fprob>0.0</fprob>
        </actor>
        <actor name="D0N23">
            <wcet number="0">20</wcet>
            <wcet number="1">20</wcet>
            <maxpow number="0.39707868337466745"/>
            <maxpow number="0.39707868337466745"/>
            <fprob>0.0</fprob>
        </actor>
        <actor name="D0N42">
            <wcet number="0">20</wcet>
            <wcet number="1">80</wcet>
            <maxpow number="0.5254952251516262"/>
            <maxpow number="0.5254952251516262"/>
            <fprob>0.0</fprob>
        </actor>
        <actor name="D0N13">
            <wcet number="0">30</wcet>
            <wcet number="1">30</wcet>
            <maxpow number="0.5756713557491507"/>
            <maxpow number="0.5756713557491507"/>
            <fprob>0.0</fprob>
        </actor>
        <actor name="D0N37">
            <wcet number="0">30</wcet>
            <wcet number="1">40</wcet>
            <maxpow number="0.5390882229586268"/>
            <maxpow number="0.5390882229586268"/>
            <fprob>0.0</fprob>
        </actor>
        <actor name="D0N11">
            <wcet number="0">30</wcet>
            <wcet number="1">50</wcet>
            <maxpow number="0.5336490238976307"/>
            <maxpow number="0.5336490238976307"/>
            <fprob>0.0</fprob>
        </actor>
        <actor name="D0N6">
            <wcet number="0">110</wcet>
            <wcet number="1">130</wcet>
            <maxpow number="0.48222360306949197"/>
            <maxpow number="0.48222360306949197"/>
            <fprob>0.0</fprob>
        </actor>
        <actor name="D0N16">
            <wcet number="0">30</wcet>
            <wcet number="1">50</wcet>
            <maxpow number="0.4669779558545084"/>
            <maxpow number="0.4669779558545084"/>
            <fprob>0.0</fprob>
        </actor>
        <actor name="D0N44">
            <wcet number="0">30</wcet>
            <wcet number="1">30</wcet>
            <maxpow number="0.708404870474258"/>
            <maxpow number="0.708404870474258"/>
            <fprob>0.0</fprob>
        </actor>
        <actor name="D0N7">
            <wcet number="0">30</wcet>
            <wcet number="1">30</wcet>
            <maxpow number="0.3149357763020917"/>
            <maxpow number="0.3149357763020917"/>
            <fprob>0.0</fprob>
        </actor>
        <actor name="D0N36">
            <wcet number="0">10</wcet>
            <wcet number="1">10</wcet>
            <maxpow number="0.5697148410533929"/>
            <maxpow number="0.5697148410533929"/>
            <fprob>0.0</fprob>
        </actor>
        <actor name="D0N32">
            <wcet number="0">80</wcet>
            <wcet number="1">80</wcet>
            <maxpow number="0.7791278963742131"/>
            <maxpow number="0.7791278963742131"/>
            <fprob>0.0</fprob>
        </actor>
        <actor name="D0N12">
            <wcet number="0">10</wcet>
            <wcet number="1">10</wcet>
            <maxpow number="0.6275381788154711"/>
            <maxpow number="0.6275381788154711"/>
            <fprob>0.0</fprob>
        </actor>
        <ports>
            <port dstActor="D0N34" name="p0" srcActor="D0N3"/>
            <port dstActor="D0N22" name="p1" srcActor="D0N3"/>
            <port dstActor="D0N16" name="p2" srcActor="D0N3"/>
            <port dstActor="D0N44" name="p3" srcActor="D0N1"/>
            <port dstActor="D0N26" name="p4" srcActor="D0N1"/>
            <port dstActor="D0N25" name="p5" srcActor="D0N1"/>
            <port dstActor="D0N36" name="p6" srcActor="D0N1"/>
            <port dstActor="D0N31" name="p7" srcActor="D0N1"/>
            <port dstActor="D0N7" name="p8" srcActor="D0N0"/>
            <port dstActor="D0N20" name="p9" srcActor="D0N0"/>
            <port dstActor="D0N15" name="p10" srcActor="D0N0"/>
            <port dstActor="D0N8" name="p11" srcActor="D0N0"/>
            <port dstActor="D0N22" name="p12" srcActor="D0N0"/>
            <port dstActor="D0N9" name="p13" srcActor="D0N0"/>
            <port dstActor="D0N24" name="p14" srcActor="D0N8"/>
            <port dstActor="D0N31" name="p15" srcActor="D0N8"/>
            <port dstActor="D0N39" name="p16" srcActor="D0N8"/>
            <port dstActor="D0N44" name="p17" srcActor="D0N8"/>
            <port dstActor="D0N45" name="p18" srcActor="D0N8"/>
            <port dstActor="D0N17" name="p19" srcActor="D0N8"/>
            <port dstActor="D0N42" name="p20" srcActor="D0N40"/>
            <port dstActor="D0N44" name="p21" srcActor="D0N40"/>
            <port dstActor="D0N39" name="p22" srcActor="D0N33"/>
            <port dstActor="D0N14" name="p23" srcActor="D0N4"/>
            <port dstActor="D0N15" name="p24" srcActor="D0N4"/>
            <port dstActor="D0N42" name="p25" srcActor="D0N4"/>
            <port dstActor="D0N17" name="p26" srcActor="D0N4"/>
            <port dstActor="D0N38" name="p27" srcActor="D0N2"/>
            <port dstActor="D0N30" name="p28" srcActor="D0N25"/>
            <port dstActor="D0N26" name="p29" srcActor="D0N25"/>
            <port dstActor="D0N32" name="p30" srcActor="D0N27"/>
            <port dstActor="D0N42" name="p31" srcActor="D0N27"/>
            <port dstActor="D0N44" name="p32" srcActor="D0N29"/>
            <port dstActor="D0N27" name="p33" srcActor="D0N22"/>
            <port dstActor="D0N42" name="p34" srcActor="D0N20"/>
            <port dstActor="D0N38" name="p35" srcActor="D0N20"/>
            <port dstActor="D0N28" name="p36" srcActor="D0N20"/>
            <port dstActor="D0N31" name="p37" srcActor="D0N30"/>
            <port dstActor="D0N39" name="p38" srcActor="D0N30"/>
            <port dstActor="D0N32" name="p39" srcActor="D0N28"/>
            <port dstActor="D0N46" name="p40" srcActor="D0N28"/>
            <port dstActor="D0N40" name="p41" srcActor="D0N28"/>
            <port dstActor="D0N44" name="p42" srcActor="D0N28"/>
            <port dstActor="D0N34" name="p43" srcActor="D0N21"/>
            <port dstActor="D0N38" name="p44" srcActor="D0N21"/>
            <port dstActor="D0N45" name="p45" srcActor="D0N21"/>
            <port dstActor="D0N32" name="p46" srcActor="D0N21"/>
            <port dstActor="D0N29" name="p47" srcActor="D0N21"/>
            <port dstActor="D0N46" name="p48" srcActor="D0N35"/>
            <port dstActor="D0N45" name="p49" srcActor="D0N39"/>
            <port dstActor="D0N24" name="p50" srcActor="D0N18"/>
            <port dstActor="D0N32" name="p51" srcActor="D0N18"/>
            <port dstActor="D0N19" name="p52" srcActor="D0N18"/>
            <port dstActor="D0N31" name="p53" srcActor="D0N18"/>
            <port dstActor="D0N43" name="p54" srcActor="D0N18"/>
            <port dstActor="D0N27" name="p55" srcActor="D0N15"/>
            <port dstActor="D0N36" name="p56" srcActor="D0N15"/>
            <port dstActor="D0N34" name="p57" srcActor="D0N26"/>
            <port dstActor="D0N35" name="p58" srcActor="D0N26"/>
            <port dstActor="D0N21" name="p59" srcActor="D0N19"/>
            <port dstActor="D0N43" name="p60" srcActor="D0N19"/>
            <port dstActor="D0N24" name="p61" srcActor="D0N5"/>
            <port dstActor="D0N9" name="p62" srcActor="D0N5"/>
            <port dstActor="D0N30" name="p63" srcActor="D0N5"/>
            <port dstActor="D0N33" name="p64" srcActor="D0N17"/>
            <port dstActor="D0N32" name="p65" srcActor="D0N17"/>
            <port dstActor="D0N42" name="p66" srcActor="D0N17"/>
            <port dstActor="D0N30" name="p67" srcActor="D0N17"/>
            <port dstActor="D0N21" name="p68" srcActor="D0N9"/>
            <port dstActor="D0N33" name="p69" srcActor="D0N9"/>
            <port dstActor="D0N46" name="p70" srcActor="D0N24"/>
            <port dstActor="D0N37" name="p71" srcActor="D0N14"/>
            <port dstActor="D0N31" name="p72" srcActor="D0N14"/>
            <port dstActor="D0N33" name="p73" srcActor="D0N14"/>
            <port dstActor="D0N35" name="p74" srcActor="D0N14"/>
            <port dstActor="D0N42" name="p75" srcActor="D0N14"/>
            <port dstActor="D0N29" name="p76" srcActor="D0N14"/>
            <port dstActor="D0N14" name="p77" srcActor="D0N10"/>
            <port dstActor="D0N30" name="p78" srcActor="D0N10"/>
            <port dstActor="D0N44" name="p79" srcActor="D0N10"/>
            <port dstActor="D0N18" name="p80" srcActor="D0N10"/>
            <port dstActor="D0N25" name="p81" srcActor="D0N10"/>
            <port dstActor="D0N33" name="p82" srcActor="D0N10"/>
            <port dstActor="D0N26" name="p83" srcActor="D0N10"/>
            <port dstActor="D0N39" name="p84" srcActor="D0N10"/>
            <port dstActor="D0N44" name="p85" srcActor="D0N41"/>
            <port dstActor="D0N43" name="p86" srcActor="D0N41"/>
            <port dstActor="D0N38" name="p87" srcActor="D0N34"/>
            <port dstActor="D0N45" name="p88" srcActor="D0N23"/>
            <port dstActor="D0N37" name="p89" srcActor="D0N23"/>
            <port dstActor="D0N41" name="p90" srcActor="D0N23"/>
            <port dstActor="D0N29" name="p91" srcActor="D0N23"/>
            <port dstActor="D0N38" name="p92" srcActor="D0N23"/>
            <port dstActor="D0N33" name="p93" srcActor="D0N13"/>
            <port dstActor="D0N45" name="p94" srcActor="D0N13"/>
            <port dstActor="D0N43" name="p95" srcActor="D0N13"/>
            <port dstActor="D0N23" name="p96" srcActor="D0N13"/>
            <port dstActor="D0N30" name="p97" srcActor="D0N13"/>
            <port dstActor="D0N24" name="p98" srcActor="D0N11"/>
            <port dstActor="D0N43" name="p99" srcActor="D0N11"/>
            <port dstActor="D0N28" name="p100" srcActor="D0N6"/>
            <port dstActor="D0N46" name="p101" srcActor="D0N6"/>
            <port dstActor="D0N20" name="p102" srcActor="D0N6"/>
            <port dstActor="D0N41" name="p103" srcActor="D0N6"/>
            <port dstActor="D0N45" name="p104" srcActor="D0N6"/>
            <port dstActor="D0N23" name="p105" srcActor="D0N6"/>
            <port dstActor="D0N37" name="p106" srcActor="D0N16"/>
            <port dstActor="D0N46" name="p107" srcActor="D0N16"/>
            <port dstActor="D0N31" name="p108" srcActor="D0N16"/>
            <port dstActor="D0N45" name="p109" srcActor="D0N44"/>
            <port dstActor="D0N21" name="p110" srcActor="D0N7"/>
            <port dstActor="D0N44" name="p111" srcActor="D0N7"/>
            <port dstActor="D0N30" name="p112" srcActor="D0N7"/>
            <port dstActor="D0N39" name="p113" srcActor="D0N36"/>
            <port dstActor="D0N41" name="p114" srcActor="D0N36"/>
            <port dstActor="D0N35" name="p115" srcActor="D0N32"/>
            <port dstActor="D0N33" name="p116" srcActor="D0N32"/>
            <port dstActor="D0N27" name="p117" srcActor="D0N12"/>
            <port dstActor="D0N35" name="p118" srcActor="D0N12"/>
            <port dstActor="D0N25" name="p119" srcActor="D0N12"/>
        </ports>
    </mcdag>
    <cores number="3"/>
    <levels number="2"/>
</mcsystem>
