<?xml version="1.0" encoding="UTF-8" standalone="no"?>
<mcsystem>
    <mcdag deadline="3000" name="genned-0-ed-10.0-0">
        <actor name="D0N32">
            <wcet number="0">60</wcet>
            <wcet number="1">70</wcet>
            <maxpow number="0.5555315456948972"/>
            <maxpow number="0.5555315456948972"/>
            <fprob>0.0</fprob>
        </actor>
        <actor name="D0N48">
            <wcet number="0">30</wcet>
            <wcet number="1">70</wcet>
            <maxpow number="0.9102890269912749"/>
            <maxpow number="0.9102890269912749"/>
            <fprob>0.0</fprob>
        </actor>
        <actor name="D0N40">
            <wcet number="0">20</wcet>
            <wcet number="1">50</wcet>
            <maxpow number="0.8064420530398515"/>
            <maxpow number="0.8064420530398515"/>
            <fprob>0.0</fprob>
        </actor>
        <actor name="D0N37">
            <wcet number="0">10</wcet>
            <wcet number="1">50</wcet>
            <maxpow number="0.44040055143776075"/>
            <maxpow number="0.44040055143776075"/>
            <fprob>0.0</fprob>
        </actor>
        <actor name="D0N8">
            <wcet number="0">230</wcet>
            <wcet number="1">320</wcet>
            <maxpow number="0.5790668899769488"/>
            <maxpow number="0.5790668899769488"/>
            <fprob>0.0</fprob>
        </actor>
        <actor name="D0N13">
            <wcet number="0">20</wcet>
            <wcet number="1">20</wcet>
            <maxpow number="0.5816176752277465"/>
            <maxpow number="0.5816176752277465"/>
            <fprob>0.0</fprob>
        </actor>
        <actor name="D0N12">
            <wcet number="0">240</wcet>
            <wcet number="1">270</wcet>
            <maxpow number="0.722760983793579"/>
            <maxpow number="0.722760983793579"/>
            <fprob>0.0</fprob>
        </actor>
        <actor name="D0N42">
            <wcet number="0">80</wcet>
            <wcet number="1">120</wcet>
            <maxpow number="0.512605158775471"/>
            <maxpow number="0.512605158775471"/>
            <fprob>0.0</fprob>
        </actor>
        <actor name="D0N27">
            <wcet number="0">20</wcet>
            <wcet number="1">280</wcet>
            <maxpow number="0.42368699468064597"/>
            <maxpow number="0.42368699468064597"/>
            <fprob>0.0</fprob>
        </actor>
        <actor name="D0N6">
            <wcet number="0">80</wcet>
            <wcet number="1">90</wcet>
            <maxpow number="0.5244615299132637"/>
            <maxpow number="0.5244615299132637"/>
            <fprob>0.0</fprob>
        </actor>
        <actor name="D0N7">
            <wcet number="0">10</wcet>
            <wcet number="1">10</wcet>
            <maxpow number="0.6521274746902426"/>
            <maxpow number="0.6521274746902426"/>
            <fprob>0.0</fprob>
        </actor>
        <actor name="D0N4">
            <wcet number="0">60</wcet>
            <wcet number="1">80</wcet>
            <maxpow number="0.6916503569516781"/>
            <maxpow number="0.6916503569516781"/>
            <fprob>0.0</fprob>
        </actor>
        <actor name="D0N33">
            <wcet number="0">70</wcet>
            <wcet number="1">310</wcet>
            <maxpow number="0.6752990193285626"/>
            <maxpow number="0.6752990193285626"/>
            <fprob>0.0</fprob>
        </actor>
        <actor name="D0N19">
            <wcet number="0">40</wcet>
            <wcet number="1">80</wcet>
            <maxpow number="0.7097353491387914"/>
            <maxpow number="0.7097353491387914"/>
            <fprob>0.0</fprob>
        </actor>
        <actor name="D0N34">
            <wcet number="0">20</wcet>
            <wcet number="1">490</wcet>
            <maxpow number="0.5903859119468615"/>
            <maxpow number="0.5903859119468615"/>
            <fprob>0.0</fprob>
        </actor>
        <actor name="D0N17">
            <wcet number="0">440</wcet>
            <wcet number="1">540</wcet>
            <maxpow number="0.606889213392233"/>
            <maxpow number="0.606889213392233"/>
            <fprob>0.0</fprob>
        </actor>
        <actor name="D0N26">
            <wcet number="0">20</wcet>
            <wcet number="1">180</wcet>
            <maxpow number="0.565652958674028"/>
            <maxpow number="0.565652958674028"/>
            <fprob>0.0</fprob>
        </actor>
        <actor name="D0N15">
            <wcet number="0">210</wcet>
            <wcet number="1">270</wcet>
            <maxpow number="0.6739982281623967"/>
            <maxpow number="0.6739982281623967"/>
            <fprob>0.0</fprob>
        </actor>
        <actor name="D0N43">
            <wcet number="0">10</wcet>
            <wcet number="1">30</wcet>
            <maxpow number="0.3497715249949065"/>
            <maxpow number="0.3497715249949065"/>
            <fprob>0.0</fprob>
        </actor>
        <actor name="D0N25">
            <wcet number="0">10</wcet>
            <wcet number="1">10</wcet>
            <maxpow number="0.35400990427381884"/>
            <maxpow number="0.35400990427381884"/>
            <fprob>0.0</fprob>
        </actor>
        <actor name="D0N36">
            <wcet number="0">160</wcet>
            <wcet number="1">310</wcet>
            <maxpow number="0.5316516435189316"/>
            <maxpow number="0.5316516435189316"/>
            <fprob>0.0</fprob>
        </actor>
        <actor name="D0N39">
            <wcet number="0">50</wcet>
            <wcet number="1">140</wcet>
            <maxpow number="0.7518440071487745"/>
            <maxpow number="0.7518440071487745"/>
            <fprob>0.0</fprob>
        </actor>
        <actor name="D0N35">
            <wcet number="0">10</wcet>
            <wcet number="1">10</wcet>
            <maxpow number="0.5720313490792437"/>
            <maxpow number="0.5720313490792437"/>
            <fprob>0.0</fprob>
        </actor>
        <actor name="D0N11">
            <wcet number="0">140</wcet>
            <wcet number="1">180</wcet>
            <maxpow number="0.5111025506222481"/>
            <maxpow number="0.5111025506222481"/>
            <fprob>0.0</fprob>
        </actor>
        <actor name="D0N30">
            <wcet number="0">30</wcet>
            <wcet number="1">60</wcet>
            <maxpow number="0.7479114579024084"/>
            <maxpow number="0.7479114579024084"/>
            <fprob>0.0</fprob>
        </actor>
        <actor name="D0N47">
            <wcet number="0">60</wcet>
            <wcet number="1">80</wcet>
            <maxpow number="0.47906356363605185"/>
            <maxpow number="0.47906356363605185"/>
            <fprob>0.0</fprob>
        </actor>
        <actor name="D0N14">
            <wcet number="0">30</wcet>
            <wcet number="1">30</wcet>
            <maxpow number="0.8470709329058298"/>
            <maxpow number="0.8470709329058298"/>
            <fprob>0.0</fprob>
        </actor>
        <actor name="D0N41">
            <wcet number="0">60</wcet>
            <wcet number="1">220</wcet>
            <maxpow number="0.42459882224213985"/>
            <maxpow number="0.42459882224213985"/>
            <fprob>0.0</fprob>
        </actor>
        <actor name="D0N45">
            <wcet number="0">10</wcet>
            <wcet number="1">70</wcet>
            <maxpow number="0.4949878279726975"/>
            <maxpow number="0.4949878279726975"/>
            <fprob>0.0</fprob>
        </actor>
        <actor name="D0N0">
            <wcet number="0">50</wcet>
            <wcet number="1">70</wcet>
            <maxpow number="0.8253010636392837"/>
            <maxpow number="0.8253010636392837"/>
            <fprob>0.0</fprob>
        </actor>
        <actor name="D0N46">
            <wcet number="0">10</wcet>
            <wcet number="1">30</wcet>
            <maxpow number="0.5250634225840619"/>
            <maxpow number="0.5250634225840619"/>
            <fprob>0.0</fprob>
        </actor>
        <actor name="D0N16">
            <wcet number="0">10</wcet>
            <wcet number="1">150</wcet>
            <maxpow number="0.40500114660569997"/>
            <maxpow number="0.40500114660569997"/>
            <fprob>0.0</fprob>
        </actor>
        <actor name="D0N21">
            <wcet number="0">20</wcet>
            <wcet number="1">270</wcet>
            <maxpow number="0.5668122173362952"/>
            <maxpow number="0.5668122173362952"/>
            <fprob>0.0</fprob>
        </actor>
        <actor name="D0N31">
            <wcet number="0">30</wcet>
            <wcet number="1">90</wcet>
            <maxpow number="0.6236877575876785"/>
            <maxpow number="0.6236877575876785"/>
            <fprob>0.0</fprob>
        </actor>
        <actor name="D0N23">
            <wcet number="0">220</wcet>
            <wcet number="1">230</wcet>
            <maxpow number="0.7404723185304776"/>
            <maxpow number="0.7404723185304776"/>
            <fprob>0.0</fprob>
        </actor>
        <actor name="D0N28">
            <wcet number="0">10</wcet>
            <wcet number="1">50</wcet>
            <maxpow number="0.4202840737995237"/>
            <maxpow number="0.4202840737995237"/>
            <fprob>0.0</fprob>
        </actor>
        <actor name="D0N29">
            <wcet number="0">40</wcet>
            <wcet number="1">290</wcet>
            <maxpow number="0.7734240508487312"/>
            <maxpow number="0.7734240508487312"/>
            <fprob>0.0</fprob>
        </actor>
        <actor name="D0N20">
            <wcet number="0">60</wcet>
            <wcet number="1">210</wcet>
            <maxpow number="0.8627142349802945"/>
            <maxpow number="0.8627142349802945"/>
            <fprob>0.0</fprob>
        </actor>
        <actor name="D0N24">
            <wcet number="0">40</wcet>
            <wcet number="1">40</wcet>
            <maxpow number="0.6427624876369629"/>
            <maxpow number="0.6427624876369629"/>
            <fprob>0.0</fprob>
        </actor>
        <actor name="D0N2">
            <wcet number="0">160</wcet>
            <wcet number="1">320</wcet>
            <maxpow number="0.3097970942160593"/>
            <maxpow number="0.3097970942160593"/>
            <fprob>0.0</fprob>
        </actor>
        <actor name="D0N1">
            <wcet number="0">70</wcet>
            <wcet number="1">230</wcet>
            <maxpow number="0.7811027610566542"/>
            <maxpow number="0.7811027610566542"/>
            <fprob>0.0</fprob>
        </actor>
        <actor name="D0N22">
            <wcet number="0">10</wcet>
            <wcet number="1">40</wcet>
            <maxpow number="0.5812337646404201"/>
            <maxpow number="0.5812337646404201"/>
            <fprob>0.0</fprob>
        </actor>
        <actor name="D0N38">
            <wcet number="0">50</wcet>
            <wcet number="1">80</wcet>
            <maxpow number="0.29535670965664007"/>
            <maxpow number="0.29535670965664007"/>
            <fprob>0.0</fprob>
        </actor>
        <actor name="D0N10">
            <wcet number="0">50</wcet>
            <wcet number="1">90</wcet>
            <maxpow number="0.3150493261430334"/>
            <maxpow number="0.3150493261430334"/>
            <fprob>0.0</fprob>
        </actor>
        <actor name="D0N5">
            <wcet number="0">90</wcet>
            <wcet number="1">210</wcet>
            <maxpow number="0.7197708376079608"/>
            <maxpow number="0.7197708376079608"/>
            <fprob>0.0</fprob>
        </actor>
        <actor name="D0N3">
            <wcet number="0">100</wcet>
            <wcet number="1">100</wcet>
            <maxpow number="0.7134325089340541"/>
            <maxpow number="0.7134325089340541"/>
            <fprob>0.0</fprob>
        </actor>
        <actor name="D0N9">
            <wcet number="0">120</wcet>
            <wcet number="1">120</wcet>
            <maxpow number="0.6913673232981691"/>
            <maxpow number="0.6913673232981691"/>
            <fprob>0.0</fprob>
        </actor>
        <actor name="D0N18">
            <wcet number="0">10</wcet>
            <wcet number="1">20</wcet>
            <maxpow number="0.4856201385597021"/>
            <maxpow number="0.4856201385597021"/>
            <fprob>0.0</fprob>
        </actor>
        <actor name="D0N44">
            <wcet number="0">30</wcet>
            <wcet number="1">120</wcet>
            <maxpow number="0.8293147963893537"/>
            <maxpow number="0.8293147963893537"/>
            <fprob>0.0</fprob>
        </actor>
        <ports>
            <port dstActor="D0N44" name="p0" srcActor="D0N40"/>
            <port dstActor="D0N25" name="p1" srcActor="D0N8"/>
            <port dstActor="D0N12" name="p2" srcActor="D0N8"/>
            <port dstActor="D0N15" name="p3" srcActor="D0N8"/>
            <port dstActor="D0N23" name="p4" srcActor="D0N8"/>
            <port dstActor="D0N47" name="p5" srcActor="D0N8"/>
            <port dstActor="D0N31" name="p6" srcActor="D0N8"/>
            <port dstActor="D0N21" name="p7" srcActor="D0N13"/>
            <port dstActor="D0N35" name="p8" srcActor="D0N13"/>
            <port dstActor="D0N20" name="p9" srcActor="D0N12"/>
            <port dstActor="D0N24" name="p10" srcActor="D0N12"/>
            <port dstActor="D0N42" name="p11" srcActor="D0N12"/>
            <port dstActor="D0N35" name="p12" srcActor="D0N12"/>
            <port dstActor="D0N14" name="p13" srcActor="D0N12"/>
            <port dstActor="D0N47" name="p14" srcActor="D0N42"/>
            <port dstActor="D0N48" name="p15" srcActor="D0N27"/>
            <port dstActor="D0N35" name="p16" srcActor="D0N6"/>
            <port dstActor="D0N10" name="p17" srcActor="D0N6"/>
            <port dstActor="D0N28" name="p18" srcActor="D0N6"/>
            <port dstActor="D0N27" name="p19" srcActor="D0N6"/>
            <port dstActor="D0N9" name="p20" srcActor="D0N6"/>
            <port dstActor="D0N13" name="p21" srcActor="D0N7"/>
            <port dstActor="D0N18" name="p22" srcActor="D0N7"/>
            <port dstActor="D0N42" name="p23" srcActor="D0N7"/>
            <port dstActor="D0N44" name="p24" srcActor="D0N4"/>
            <port dstActor="D0N10" name="p25" srcActor="D0N4"/>
            <port dstActor="D0N30" name="p26" srcActor="D0N4"/>
            <port dstActor="D0N40" name="p27" srcActor="D0N4"/>
            <port dstActor="D0N38" name="p28" srcActor="D0N33"/>
            <port dstActor="D0N35" name="p29" srcActor="D0N33"/>
            <port dstActor="D0N43" name="p30" srcActor="D0N34"/>
            <port dstActor="D0N23" name="p31" srcActor="D0N17"/>
            <port dstActor="D0N45" name="p32" srcActor="D0N26"/>
            <port dstActor="D0N28" name="p33" srcActor="D0N26"/>
            <port dstActor="D0N44" name="p34" srcActor="D0N26"/>
            <port dstActor="D0N42" name="p35" srcActor="D0N26"/>
            <port dstActor="D0N24" name="p36" srcActor="D0N15"/>
            <port dstActor="D0N34" name="p37" srcActor="D0N15"/>
            <port dstActor="D0N28" name="p38" srcActor="D0N15"/>
            <port dstActor="D0N47" name="p39" srcActor="D0N43"/>
            <port dstActor="D0N43" name="p40" srcActor="D0N25"/>
            <port dstActor="D0N29" name="p41" srcActor="D0N25"/>
            <port dstActor="D0N27" name="p42" srcActor="D0N25"/>
            <port dstActor="D0N47" name="p43" srcActor="D0N25"/>
            <port dstActor="D0N39" name="p44" srcActor="D0N36"/>
            <port dstActor="D0N46" name="p45" srcActor="D0N35"/>
            <port dstActor="D0N38" name="p46" srcActor="D0N35"/>
            <port dstActor="D0N21" name="p47" srcActor="D0N11"/>
            <port dstActor="D0N15" name="p48" srcActor="D0N11"/>
            <port dstActor="D0N48" name="p49" srcActor="D0N11"/>
            <port dstActor="D0N36" name="p50" srcActor="D0N11"/>
            <port dstActor="D0N44" name="p51" srcActor="D0N30"/>
            <port dstActor="D0N33" name="p52" srcActor="D0N30"/>
            <port dstActor="D0N48" name="p53" srcActor="D0N47"/>
            <port dstActor="D0N38" name="p54" srcActor="D0N14"/>
            <port dstActor="D0N28" name="p55" srcActor="D0N14"/>
            <port dstActor="D0N33" name="p56" srcActor="D0N14"/>
            <port dstActor="D0N48" name="p57" srcActor="D0N45"/>
            <port dstActor="D0N30" name="p58" srcActor="D0N0"/>
            <port dstActor="D0N26" name="p59" srcActor="D0N0"/>
            <port dstActor="D0N42" name="p60" srcActor="D0N0"/>
            <port dstActor="D0N34" name="p61" srcActor="D0N16"/>
            <port dstActor="D0N25" name="p62" srcActor="D0N16"/>
            <port dstActor="D0N41" name="p63" srcActor="D0N16"/>
            <port dstActor="D0N42" name="p64" srcActor="D0N16"/>
            <port dstActor="D0N40" name="p65" srcActor="D0N16"/>
            <port dstActor="D0N25" name="p66" srcActor="D0N21"/>
            <port dstActor="D0N40" name="p67" srcActor="D0N31"/>
            <port dstActor="D0N32" name="p68" srcActor="D0N31"/>
            <port dstActor="D0N45" name="p69" srcActor="D0N23"/>
            <port dstActor="D0N34" name="p70" srcActor="D0N23"/>
            <port dstActor="D0N33" name="p71" srcActor="D0N28"/>
            <port dstActor="D0N33" name="p72" srcActor="D0N29"/>
            <port dstActor="D0N35" name="p73" srcActor="D0N20"/>
            <port dstActor="D0N40" name="p74" srcActor="D0N24"/>
            <port dstActor="D0N42" name="p75" srcActor="D0N24"/>
            <port dstActor="D0N32" name="p76" srcActor="D0N2"/>
            <port dstActor="D0N9" name="p77" srcActor="D0N2"/>
            <port dstActor="D0N27" name="p78" srcActor="D0N2"/>
            <port dstActor="D0N4" name="p79" srcActor="D0N2"/>
            <port dstActor="D0N16" name="p80" srcActor="D0N2"/>
            <port dstActor="D0N36" name="p81" srcActor="D0N2"/>
            <port dstActor="D0N14" name="p82" srcActor="D0N2"/>
            <port dstActor="D0N31" name="p83" srcActor="D0N2"/>
            <port dstActor="D0N40" name="p84" srcActor="D0N2"/>
            <port dstActor="D0N36" name="p85" srcActor="D0N1"/>
            <port dstActor="D0N2" name="p86" srcActor="D0N1"/>
            <port dstActor="D0N35" name="p87" srcActor="D0N1"/>
            <port dstActor="D0N31" name="p88" srcActor="D0N22"/>
            <port dstActor="D0N35" name="p89" srcActor="D0N22"/>
            <port dstActor="D0N40" name="p90" srcActor="D0N38"/>
            <port dstActor="D0N13" name="p91" srcActor="D0N10"/>
            <port dstActor="D0N36" name="p92" srcActor="D0N10"/>
            <port dstActor="D0N45" name="p93" srcActor="D0N10"/>
            <port dstActor="D0N18" name="p94" srcActor="D0N10"/>
            <port dstActor="D0N48" name="p95" srcActor="D0N10"/>
            <port dstActor="D0N32" name="p96" srcActor="D0N10"/>
            <port dstActor="D0N34" name="p97" srcActor="D0N10"/>
            <port dstActor="D0N27" name="p98" srcActor="D0N5"/>
            <port dstActor="D0N7" name="p99" srcActor="D0N5"/>
            <port dstActor="D0N26" name="p100" srcActor="D0N5"/>
            <port dstActor="D0N8" name="p101" srcActor="D0N5"/>
            <port dstActor="D0N19" name="p102" srcActor="D0N5"/>
            <port dstActor="D0N22" name="p103" srcActor="D0N3"/>
            <port dstActor="D0N17" name="p104" srcActor="D0N3"/>
            <port dstActor="D0N16" name="p105" srcActor="D0N9"/>
            <port dstActor="D0N41" name="p106" srcActor="D0N9"/>
            <port dstActor="D0N20" name="p107" srcActor="D0N9"/>
            <port dstActor="D0N33" name="p108" srcActor="D0N18"/>
            <port dstActor="D0N40" name="p109" srcActor="D0N18"/>
            <port dstActor="D0N42" name="p110" srcActor="D0N18"/>
        </ports>
    </mcdag>
    <cores number="3"/>
    <levels number="2"/>
</mcsystem>
