<?xml version="1.0" encoding="UTF-8" standalone="no"?>
<mcsystem>
    <mcdag deadline="2200" name="genned-0-ed-10.0-0">
        <actor name="D0N17">
            <wcet number="0">20</wcet>
            <wcet number="1">40</wcet>
            <maxpow number="0.24923568777222427"/>
            <maxpow number="0.24923568777222427"/>
            <fprob>0.0</fprob>
        </actor>
        <actor name="D0N19">
            <wcet number="0">10</wcet>
            <wcet number="1">70</wcet>
            <maxpow number="0.8066020022642769"/>
            <maxpow number="0.8066020022642769"/>
            <fprob>0.0</fprob>
        </actor>
        <actor name="D0N23">
            <wcet number="0">90</wcet>
            <wcet number="1">90</wcet>
            <maxpow number="0.5840703671758942"/>
            <maxpow number="0.5840703671758942"/>
            <fprob>0.0</fprob>
        </actor>
        <actor name="D0N6">
            <wcet number="0">10</wcet>
            <wcet number="1">30</wcet>
            <maxpow number="0.27200342153517076"/>
            <maxpow number="0.27200342153517076"/>
            <fprob>0.0</fprob>
        </actor>
        <actor name="D0N24">
            <wcet number="0">10</wcet>
            <wcet number="1">60</wcet>
            <maxpow number="0.6443334217864265"/>
            <maxpow number="0.6443334217864265"/>
            <fprob>0.0</fprob>
        </actor>
        <actor name="D0N44">
            <wcet number="0">70</wcet>
            <wcet number="1">90</wcet>
            <maxpow number="0.5312721604846734"/>
            <maxpow number="0.5312721604846734"/>
            <fprob>0.0</fprob>
        </actor>
        <actor name="D0N10">
            <wcet number="0">20</wcet>
            <wcet number="1">20</wcet>
            <maxpow number="0.7415530674488242"/>
            <maxpow number="0.7415530674488242"/>
            <fprob>0.0</fprob>
        </actor>
        <actor name="D0N9">
            <wcet number="0">20</wcet>
            <wcet number="1">70</wcet>
            <maxpow number="0.2157536718272287"/>
            <maxpow number="0.2157536718272287"/>
            <fprob>0.0</fprob>
        </actor>
        <actor name="D0N16">
            <wcet number="0">10</wcet>
            <wcet number="1">70</wcet>
            <maxpow number="0.5055416169364795"/>
            <maxpow number="0.5055416169364795"/>
            <fprob>0.0</fprob>
        </actor>
        <actor name="D0N47">
            <wcet number="0">70</wcet>
            <wcet number="1">80</wcet>
            <maxpow number="1.0394451912025042"/>
            <maxpow number="1.0394451912025042"/>
            <fprob>0.0</fprob>
        </actor>
        <actor name="D0N35">
            <wcet number="0">30</wcet>
            <wcet number="1">80</wcet>
            <maxpow number="0.40025521046890444"/>
            <maxpow number="0.40025521046890444"/>
            <fprob>0.0</fprob>
        </actor>
        <actor name="D0N7">
            <wcet number="0">40</wcet>
            <wcet number="1">120</wcet>
            <maxpow number="0.7217024154465408"/>
            <maxpow number="0.7217024154465408"/>
            <fprob>0.0</fprob>
        </actor>
        <actor name="D0N18">
            <wcet number="0">150</wcet>
            <wcet number="1">190</wcet>
            <maxpow number="0.6340853441736394"/>
            <maxpow number="0.6340853441736394"/>
            <fprob>0.0</fprob>
        </actor>
        <actor name="D0N8">
            <wcet number="0">30</wcet>
            <wcet number="1">90</wcet>
            <maxpow number="0.38296903743302313"/>
            <maxpow number="0.38296903743302313"/>
            <fprob>0.0</fprob>
        </actor>
        <actor name="D0N36">
            <wcet number="0">100</wcet>
            <wcet number="1">120</wcet>
            <maxpow number="0.476369972073525"/>
            <maxpow number="0.476369972073525"/>
            <fprob>0.0</fprob>
        </actor>
        <actor name="D0N2">
            <wcet number="0">10</wcet>
            <wcet number="1">70</wcet>
            <maxpow number="0.2663196726010107"/>
            <maxpow number="0.2663196726010107"/>
            <fprob>0.0</fprob>
        </actor>
        <actor name="D0N27">
            <wcet number="0">10</wcet>
            <wcet number="1">10</wcet>
            <maxpow number="0.8242165671037106"/>
            <maxpow number="0.8242165671037106"/>
            <fprob>0.0</fprob>
        </actor>
        <actor name="D0N28">
            <wcet number="0">40</wcet>
            <wcet number="1">70</wcet>
            <maxpow number="0.5404905750108412"/>
            <maxpow number="0.5404905750108412"/>
            <fprob>0.0</fprob>
        </actor>
        <actor name="D0N34">
            <wcet number="0">20</wcet>
            <wcet number="1">50</wcet>
            <maxpow number="0.7220038498478363"/>
            <maxpow number="0.7220038498478363"/>
            <fprob>0.0</fprob>
        </actor>
        <actor name="D0N20">
            <wcet number="0">10</wcet>
            <wcet number="1">70</wcet>
            <maxpow number="0.5775899235133106"/>
            <maxpow number="0.5775899235133106"/>
            <fprob>0.0</fprob>
        </actor>
        <actor name="D0N25">
            <wcet number="0">60</wcet>
            <wcet number="1">110</wcet>
            <maxpow number="0.35091695821718377"/>
            <maxpow number="0.35091695821718377"/>
            <fprob>0.0</fprob>
        </actor>
        <actor name="D0N0">
            <wcet number="0">90</wcet>
            <wcet number="1">220</wcet>
            <maxpow number="0.8023717014916744"/>
            <maxpow number="0.8023717014916744"/>
            <fprob>0.0</fprob>
        </actor>
        <actor name="D0N15">
            <wcet number="0">20</wcet>
            <wcet number="1">70</wcet>
            <maxpow number="0.3638841096697539"/>
            <maxpow number="0.3638841096697539"/>
            <fprob>0.0</fprob>
        </actor>
        <actor name="D0N13">
            <wcet number="0">170</wcet>
            <wcet number="1">180</wcet>
            <maxpow number="0.4653096548926566"/>
            <maxpow number="0.4653096548926566"/>
            <fprob>0.0</fprob>
        </actor>
        <actor name="D0N1">
            <wcet number="0">10</wcet>
            <wcet number="1">10</wcet>
            <maxpow number="0.6858835019267333"/>
            <maxpow number="0.6858835019267333"/>
            <fprob>0.0</fprob>
        </actor>
        <actor name="D0N5">
            <wcet number="0">50</wcet>
            <wcet number="1">90</wcet>
            <maxpow number="0.4227271737797269"/>
            <maxpow number="0.4227271737797269"/>
            <fprob>0.0</fprob>
        </actor>
        <actor name="D0N3">
            <wcet number="0">110</wcet>
            <wcet number="1">130</wcet>
            <maxpow number="0.8203703712751078"/>
            <maxpow number="0.8203703712751078"/>
            <fprob>0.0</fprob>
        </actor>
        <actor name="D0N41">
            <wcet number="0">30</wcet>
            <wcet number="1">30</wcet>
            <maxpow number="0.5894852843947458"/>
            <maxpow number="0.5894852843947458"/>
            <fprob>0.0</fprob>
        </actor>
        <actor name="D0N22">
            <wcet number="0">150</wcet>
            <wcet number="1">220</wcet>
            <maxpow number="0.5407271167957588"/>
            <maxpow number="0.5407271167957588"/>
            <fprob>0.0</fprob>
        </actor>
        <actor name="D0N45">
            <wcet number="0">10</wcet>
            <wcet number="1">30</wcet>
            <maxpow number="0.38429951539819573"/>
            <maxpow number="0.38429951539819573"/>
            <fprob>0.0</fprob>
        </actor>
        <actor name="D0N38">
            <wcet number="0">50</wcet>
            <wcet number="1">170</wcet>
            <maxpow number="0.3776254137726071"/>
            <maxpow number="0.3776254137726071"/>
            <fprob>0.0</fprob>
        </actor>
        <actor name="D0N12">
            <wcet number="0">110</wcet>
            <wcet number="1">110</wcet>
            <maxpow number="0.5168634241468165"/>
            <maxpow number="0.5168634241468165"/>
            <fprob>0.0</fprob>
        </actor>
        <actor name="D0N29">
            <wcet number="0">30</wcet>
            <wcet number="1">30</wcet>
            <maxpow number="0.3413759473205723"/>
            <maxpow number="0.3413759473205723"/>
            <fprob>0.0</fprob>
        </actor>
        <actor name="D0N21">
            <wcet number="0">20</wcet>
            <wcet number="1">50</wcet>
            <maxpow number="0.6882553305804884"/>
            <maxpow number="0.6882553305804884"/>
            <fprob>0.0</fprob>
        </actor>
        <actor name="D0N26">
            <wcet number="0">10</wcet>
            <wcet number="1">10</wcet>
            <maxpow number="0.48925096866331125"/>
            <maxpow number="0.48925096866331125"/>
            <fprob>0.0</fprob>
        </actor>
        <actor name="D0N39">
            <wcet number="0">100</wcet>
            <wcet number="1">100</wcet>
            <maxpow number="0.20066684663260925"/>
            <maxpow number="0.20066684663260925"/>
            <fprob>0.0</fprob>
        </actor>
        <actor name="D0N46">
            <wcet number="0">50</wcet>
            <wcet number="1">80</wcet>
            <maxpow number="0.3823372160444812"/>
            <maxpow number="0.3823372160444812"/>
            <fprob>0.0</fprob>
        </actor>
        <actor name="D0N4">
            <wcet number="0">20</wcet>
            <wcet number="1">90</wcet>
            <maxpow number="0.5646559306414425"/>
            <maxpow number="0.5646559306414425"/>
            <fprob>0.0</fprob>
        </actor>
        <actor name="D0N42">
            <wcet number="0">40</wcet>
            <wcet number="1">40</wcet>
            <maxpow number="0.5054581377650895"/>
            <maxpow number="0.5054581377650895"/>
            <fprob>0.0</fprob>
        </actor>
        <actor name="D0N43">
            <wcet number="0">10</wcet>
            <wcet number="1">10</wcet>
            <maxpow number="0.6035392110934542"/>
            <maxpow number="0.6035392110934542"/>
            <fprob>0.0</fprob>
        </actor>
        <actor name="D0N33">
            <wcet number="0">20</wcet>
            <wcet number="1">30</wcet>
            <maxpow number="0.44745865297883036"/>
            <maxpow number="0.44745865297883036"/>
            <fprob>0.0</fprob>
        </actor>
        <actor name="D0N40">
            <wcet number="0">260</wcet>
            <wcet number="1">340</wcet>
            <maxpow number="0.6441374902577591"/>
            <maxpow number="0.6441374902577591"/>
            <fprob>0.0</fprob>
        </actor>
        <actor name="D0N14">
            <wcet number="0">120</wcet>
            <wcet number="1">170</wcet>
            <maxpow number="0.22712105184123837"/>
            <maxpow number="0.22712105184123837"/>
            <fprob>0.0</fprob>
        </actor>
        <actor name="D0N11">
            <wcet number="0">50</wcet>
            <wcet number="1">280</wcet>
            <maxpow number="0.37037084960001354"/>
            <maxpow number="0.37037084960001354"/>
            <fprob>0.0</fprob>
        </actor>
        <actor name="D0N37">
            <wcet number="0">10</wcet>
            <wcet number="1">80</wcet>
            <maxpow number="0.20886913869708157"/>
            <maxpow number="0.20886913869708157"/>
            <fprob>0.0</fprob>
        </actor>
        <actor name="D0N31">
            <wcet number="0">10</wcet>
            <wcet number="1">10</wcet>
            <maxpow number="0.7088118413715471"/>
            <maxpow number="0.7088118413715471"/>
            <fprob>0.0</fprob>
        </actor>
        <actor name="D0N32">
            <wcet number="0">80</wcet>
            <wcet number="1">120</wcet>
            <maxpow number="0.9744533749366064"/>
            <maxpow number="0.9744533749366064"/>
            <fprob>0.0</fprob>
        </actor>
        <actor name="D0N30">
            <wcet number="0">100</wcet>
            <wcet number="1">100</wcet>
            <maxpow number="0.6236483332063582"/>
            <maxpow number="0.6236483332063582"/>
            <fprob>0.0</fprob>
        </actor>
        <ports>
            <port dstActor="D0N46" name="p0" srcActor="D0N17"/>
            <port dstActor="D0N23" name="p1" srcActor="D0N17"/>
            <port dstActor="D0N24" name="p2" srcActor="D0N17"/>
            <port dstActor="D0N36" name="p3" srcActor="D0N19"/>
            <port dstActor="D0N32" name="p4" srcActor="D0N19"/>
            <port dstActor="D0N47" name="p5" srcActor="D0N19"/>
            <port dstActor="D0N35" name="p6" srcActor="D0N23"/>
            <port dstActor="D0N33" name="p7" srcActor="D0N23"/>
            <port dstActor="D0N28" name="p8" srcActor="D0N6"/>
            <port dstActor="D0N17" name="p9" srcActor="D0N6"/>
            <port dstActor="D0N45" name="p10" srcActor="D0N24"/>
            <port dstActor="D0N35" name="p11" srcActor="D0N24"/>
            <port dstActor="D0N47" name="p12" srcActor="D0N44"/>
            <port dstActor="D0N33" name="p13" srcActor="D0N10"/>
            <port dstActor="D0N38" name="p14" srcActor="D0N10"/>
            <port dstActor="D0N44" name="p15" srcActor="D0N10"/>
            <port dstActor="D0N37" name="p16" srcActor="D0N10"/>
            <port dstActor="D0N36" name="p17" srcActor="D0N9"/>
            <port dstActor="D0N45" name="p18" srcActor="D0N9"/>
            <port dstActor="D0N32" name="p19" srcActor="D0N9"/>
            <port dstActor="D0N40" name="p20" srcActor="D0N9"/>
            <port dstActor="D0N12" name="p21" srcActor="D0N9"/>
            <port dstActor="D0N40" name="p22" srcActor="D0N16"/>
            <port dstActor="D0N30" name="p23" srcActor="D0N16"/>
            <port dstActor="D0N25" name="p24" srcActor="D0N16"/>
            <port dstActor="D0N35" name="p25" srcActor="D0N16"/>
            <port dstActor="D0N33" name="p26" srcActor="D0N16"/>
            <port dstActor="D0N36" name="p27" srcActor="D0N16"/>
            <port dstActor="D0N47" name="p28" srcActor="D0N16"/>
            <port dstActor="D0N38" name="p29" srcActor="D0N35"/>
            <port dstActor="D0N33" name="p30" srcActor="D0N7"/>
            <port dstActor="D0N22" name="p31" srcActor="D0N7"/>
            <port dstActor="D0N46" name="p32" srcActor="D0N7"/>
            <port dstActor="D0N46" name="p33" srcActor="D0N18"/>
            <port dstActor="D0N32" name="p34" srcActor="D0N18"/>
            <port dstActor="D0N30" name="p35" srcActor="D0N18"/>
            <port dstActor="D0N45" name="p36" srcActor="D0N18"/>
            <port dstActor="D0N27" name="p37" srcActor="D0N18"/>
            <port dstActor="D0N27" name="p38" srcActor="D0N8"/>
            <port dstActor="D0N22" name="p39" srcActor="D0N8"/>
            <port dstActor="D0N40" name="p40" srcActor="D0N8"/>
            <port dstActor="D0N43" name="p41" srcActor="D0N36"/>
            <port dstActor="D0N9" name="p42" srcActor="D0N2"/>
            <port dstActor="D0N30" name="p43" srcActor="D0N2"/>
            <port dstActor="D0N11" name="p44" srcActor="D0N2"/>
            <port dstActor="D0N40" name="p45" srcActor="D0N27"/>
            <port dstActor="D0N45" name="p46" srcActor="D0N27"/>
            <port dstActor="D0N47" name="p47" srcActor="D0N27"/>
            <port dstActor="D0N35" name="p48" srcActor="D0N27"/>
            <port dstActor="D0N31" name="p49" srcActor="D0N27"/>
            <port dstActor="D0N46" name="p50" srcActor="D0N27"/>
            <port dstActor="D0N43" name="p51" srcActor="D0N28"/>
            <port dstActor="D0N44" name="p52" srcActor="D0N34"/>
            <port dstActor="D0N10" name="p53" srcActor="D0N0"/>
            <port dstActor="D0N34" name="p54" srcActor="D0N0"/>
            <port dstActor="D0N16" name="p55" srcActor="D0N0"/>
            <port dstActor="D0N40" name="p56" srcActor="D0N0"/>
            <port dstActor="D0N38" name="p57" srcActor="D0N15"/>
            <port dstActor="D0N31" name="p58" srcActor="D0N15"/>
            <port dstActor="D0N43" name="p59" srcActor="D0N15"/>
            <port dstActor="D0N25" name="p60" srcActor="D0N13"/>
            <port dstActor="D0N26" name="p61" srcActor="D0N13"/>
            <port dstActor="D0N45" name="p62" srcActor="D0N1"/>
            <port dstActor="D0N40" name="p63" srcActor="D0N1"/>
            <port dstActor="D0N6" name="p64" srcActor="D0N1"/>
            <port dstActor="D0N46" name="p65" srcActor="D0N1"/>
            <port dstActor="D0N4" name="p66" srcActor="D0N1"/>
            <port dstActor="D0N18" name="p67" srcActor="D0N5"/>
            <port dstActor="D0N29" name="p68" srcActor="D0N5"/>
            <port dstActor="D0N42" name="p69" srcActor="D0N5"/>
            <port dstActor="D0N26" name="p70" srcActor="D0N5"/>
            <port dstActor="D0N32" name="p71" srcActor="D0N5"/>
            <port dstActor="D0N15" name="p72" srcActor="D0N5"/>
            <port dstActor="D0N25" name="p73" srcActor="D0N3"/>
            <port dstActor="D0N28" name="p74" srcActor="D0N3"/>
            <port dstActor="D0N37" name="p75" srcActor="D0N3"/>
            <port dstActor="D0N42" name="p76" srcActor="D0N3"/>
            <port dstActor="D0N35" name="p77" srcActor="D0N22"/>
            <port dstActor="D0N29" name="p78" srcActor="D0N22"/>
            <port dstActor="D0N14" name="p79" srcActor="D0N12"/>
            <port dstActor="D0N41" name="p80" srcActor="D0N21"/>
            <port dstActor="D0N44" name="p81" srcActor="D0N21"/>
            <port dstActor="D0N36" name="p82" srcActor="D0N21"/>
            <port dstActor="D0N32" name="p83" srcActor="D0N21"/>
            <port dstActor="D0N42" name="p84" srcActor="D0N26"/>
            <port dstActor="D0N27" name="p85" srcActor="D0N26"/>
            <port dstActor="D0N42" name="p86" srcActor="D0N39"/>
            <port dstActor="D0N6" name="p87" srcActor="D0N4"/>
            <port dstActor="D0N10" name="p88" srcActor="D0N4"/>
            <port dstActor="D0N27" name="p89" srcActor="D0N4"/>
            <port dstActor="D0N35" name="p90" srcActor="D0N4"/>
            <port dstActor="D0N9" name="p91" srcActor="D0N4"/>
            <port dstActor="D0N38" name="p92" srcActor="D0N4"/>
            <port dstActor="D0N46" name="p93" srcActor="D0N4"/>
            <port dstActor="D0N21" name="p94" srcActor="D0N4"/>
            <port dstActor="D0N35" name="p95" srcActor="D0N33"/>
            <port dstActor="D0N42" name="p96" srcActor="D0N33"/>
            <port dstActor="D0N45" name="p97" srcActor="D0N33"/>
            <port dstActor="D0N37" name="p98" srcActor="D0N33"/>
            <port dstActor="D0N46" name="p99" srcActor="D0N40"/>
            <port dstActor="D0N28" name="p100" srcActor="D0N14"/>
            <port dstActor="D0N22" name="p101" srcActor="D0N14"/>
            <port dstActor="D0N17" name="p102" srcActor="D0N14"/>
            <port dstActor="D0N14" name="p103" srcActor="D0N11"/>
            <port dstActor="D0N42" name="p104" srcActor="D0N11"/>
            <port dstActor="D0N47" name="p105" srcActor="D0N11"/>
            <port dstActor="D0N34" name="p106" srcActor="D0N11"/>
            <port dstActor="D0N40" name="p107" srcActor="D0N37"/>
            <port dstActor="D0N32" name="p108" srcActor="D0N31"/>
            <port dstActor="D0N35" name="p109" srcActor="D0N31"/>
            <port dstActor="D0N42" name="p110" srcActor="D0N32"/>
            <port dstActor="D0N34" name="p111" srcActor="D0N32"/>
            <port dstActor="D0N36" name="p112" srcActor="D0N30"/>
        </ports>
    </mcdag>
    <cores number="2"/>
    <levels number="2"/>
</mcsystem>
