<?xml version="1.0" encoding="UTF-8" standalone="no"?>
<mcsystem>
    <mcdag deadline="2000" name="genned-0-ed-10.0-0">
        <actor name="D0N17">
            <wcet number="0">30</wcet>
            <wcet number="1">180</wcet>
            <maxpow number="0.6730671026943856"/>
            <maxpow number="0.6730671026943856"/>
            <fprob>0.0</fprob>
        </actor>
        <actor name="D0N20">
            <wcet number="0">80</wcet>
            <wcet number="1">190</wcet>
            <maxpow number="0.6336799071965795"/>
            <maxpow number="0.6336799071965795"/>
            <fprob>0.0</fprob>
        </actor>
        <actor name="D0N46">
            <wcet number="0">40</wcet>
            <wcet number="1">130</wcet>
            <maxpow number="0.6325958941095909"/>
            <maxpow number="0.6325958941095909"/>
            <fprob>0.0</fprob>
        </actor>
        <actor name="D0N24">
            <wcet number="0">20</wcet>
            <wcet number="1">70</wcet>
            <maxpow number="0.37121668204877895"/>
            <maxpow number="0.37121668204877895"/>
            <fprob>0.0</fprob>
        </actor>
        <actor name="D0N45">
            <wcet number="0">240</wcet>
            <wcet number="1">390</wcet>
            <maxpow number="0.6545986575362547"/>
            <maxpow number="0.6545986575362547"/>
            <fprob>0.0</fprob>
        </actor>
        <actor name="D0N9">
            <wcet number="0">210</wcet>
            <wcet number="1">250</wcet>
            <maxpow number="0.6003342603789652"/>
            <maxpow number="0.6003342603789652"/>
            <fprob>0.0</fprob>
        </actor>
        <actor name="D0N34">
            <wcet number="0">90</wcet>
            <wcet number="1">120</wcet>
            <maxpow number="0.7896743664363812"/>
            <maxpow number="0.7896743664363812"/>
            <fprob>0.0</fprob>
        </actor>
        <actor name="D0N18">
            <wcet number="0">30</wcet>
            <wcet number="1">30</wcet>
            <maxpow number="0.7896368975562671"/>
            <maxpow number="0.7896368975562671"/>
            <fprob>0.0</fprob>
        </actor>
        <actor name="D0N15">
            <wcet number="0">10</wcet>
            <wcet number="1">10</wcet>
            <maxpow number="0.4421468332509404"/>
            <maxpow number="0.4421468332509404"/>
            <fprob>0.0</fprob>
        </actor>
        <actor name="D0N44">
            <wcet number="0">20</wcet>
            <wcet number="1">20</wcet>
            <maxpow number="0.5743806703237819"/>
            <maxpow number="0.5743806703237819"/>
            <fprob>0.0</fprob>
        </actor>
        <actor name="D0N6">
            <wcet number="0">30</wcet>
            <wcet number="1">80</wcet>
            <maxpow number="0.8710307129588075"/>
            <maxpow number="0.8710307129588075"/>
            <fprob>0.0</fprob>
        </actor>
        <actor name="D0N47">
            <wcet number="0">80</wcet>
            <wcet number="1">180</wcet>
            <maxpow number="0.6894178136099682"/>
            <maxpow number="0.6894178136099682"/>
            <fprob>0.0</fprob>
        </actor>
        <actor name="D0N12">
            <wcet number="0">30</wcet>
            <wcet number="1">40</wcet>
            <maxpow number="0.7568948050998705"/>
            <maxpow number="0.7568948050998705"/>
            <fprob>0.0</fprob>
        </actor>
        <actor name="D0N23">
            <wcet number="0">40</wcet>
            <wcet number="1">80</wcet>
            <maxpow number="0.4245820908724367"/>
            <maxpow number="0.4245820908724367"/>
            <fprob>0.0</fprob>
        </actor>
        <actor name="D0N26">
            <wcet number="0">60</wcet>
            <wcet number="1">210</wcet>
            <maxpow number="0.7668150032859669"/>
            <maxpow number="0.7668150032859669"/>
            <fprob>0.0</fprob>
        </actor>
        <actor name="D0N42">
            <wcet number="0">10</wcet>
            <wcet number="1">20</wcet>
            <maxpow number="0.617947014438637"/>
            <maxpow number="0.617947014438637"/>
            <fprob>0.0</fprob>
        </actor>
        <actor name="D0N16">
            <wcet number="0">50</wcet>
            <wcet number="1">70</wcet>
            <maxpow number="0.47820047297630824"/>
            <maxpow number="0.47820047297630824"/>
            <fprob>0.0</fprob>
        </actor>
        <actor name="D0N32">
            <wcet number="0">10</wcet>
            <wcet number="1">20</wcet>
            <maxpow number="0.7757942107611671"/>
            <maxpow number="0.7757942107611671"/>
            <fprob>0.0</fprob>
        </actor>
        <actor name="D0N4">
            <wcet number="0">150</wcet>
            <wcet number="1">200</wcet>
            <maxpow number="0.2839933911506958"/>
            <maxpow number="0.2839933911506958"/>
            <fprob>0.0</fprob>
        </actor>
        <actor name="D0N29">
            <wcet number="0">10</wcet>
            <wcet number="1">20</wcet>
            <maxpow number="0.49311833189395377"/>
            <maxpow number="0.49311833189395377"/>
            <fprob>0.0</fprob>
        </actor>
        <actor name="D0N28">
            <wcet number="0">60</wcet>
            <wcet number="1">60</wcet>
            <maxpow number="0.695299928847861"/>
            <maxpow number="0.695299928847861"/>
            <fprob>0.0</fprob>
        </actor>
        <actor name="D0N19">
            <wcet number="0">10</wcet>
            <wcet number="1">100</wcet>
            <maxpow number="0.4759544752444435"/>
            <maxpow number="0.4759544752444435"/>
            <fprob>0.0</fprob>
        </actor>
        <actor name="D0N43">
            <wcet number="0">110</wcet>
            <wcet number="1">130</wcet>
            <maxpow number="0.8568911114863016"/>
            <maxpow number="0.8568911114863016"/>
            <fprob>0.0</fprob>
        </actor>
        <actor name="D0N25">
            <wcet number="0">50</wcet>
            <wcet number="1">170</wcet>
            <maxpow number="0.5546420740716834"/>
            <maxpow number="0.5546420740716834"/>
            <fprob>0.0</fprob>
        </actor>
        <actor name="D0N22">
            <wcet number="0">30</wcet>
            <wcet number="1">50</wcet>
            <maxpow number="0.6012276302971336"/>
            <maxpow number="0.6012276302971336"/>
            <fprob>0.0</fprob>
        </actor>
        <actor name="D0N10">
            <wcet number="0">100</wcet>
            <wcet number="1">290</wcet>
            <maxpow number="0.6181552506208309"/>
            <maxpow number="0.6181552506208309"/>
            <fprob>0.0</fprob>
        </actor>
        <actor name="D0N0">
            <wcet number="0">100</wcet>
            <wcet number="1">170</wcet>
            <maxpow number="0.46563096643009244"/>
            <maxpow number="0.46563096643009244"/>
            <fprob>0.0</fprob>
        </actor>
        <actor name="D0N38">
            <wcet number="0">20</wcet>
            <wcet number="1">20</wcet>
            <maxpow number="0.310399794488995"/>
            <maxpow number="0.310399794488995"/>
            <fprob>0.0</fprob>
        </actor>
        <actor name="D0N40">
            <wcet number="0">70</wcet>
            <wcet number="1">140</wcet>
            <maxpow number="0.7910573154690372"/>
            <maxpow number="0.7910573154690372"/>
            <fprob>0.0</fprob>
        </actor>
        <actor name="D0N21">
            <wcet number="0">10</wcet>
            <wcet number="1">250</wcet>
            <maxpow number="0.6796310527612357"/>
            <maxpow number="0.6796310527612357"/>
            <fprob>0.0</fprob>
        </actor>
        <actor name="D0N1">
            <wcet number="0">50</wcet>
            <wcet number="1">180</wcet>
            <maxpow number="0.35266533436664316"/>
            <maxpow number="0.35266533436664316"/>
            <fprob>0.0</fprob>
        </actor>
        <actor name="D0N3">
            <wcet number="0">10</wcet>
            <wcet number="1">100</wcet>
            <maxpow number="0.3483967870197483"/>
            <maxpow number="0.3483967870197483"/>
            <fprob>0.0</fprob>
        </actor>
        <actor name="D0N14">
            <wcet number="0">10</wcet>
            <wcet number="1">10</wcet>
            <maxpow number="0.7021124842421238"/>
            <maxpow number="0.7021124842421238"/>
            <fprob>0.0</fprob>
        </actor>
        <actor name="D0N35">
            <wcet number="0">240</wcet>
            <wcet number="1">390</wcet>
            <maxpow number="0.7120032081997516"/>
            <maxpow number="0.7120032081997516"/>
            <fprob>0.0</fprob>
        </actor>
        <actor name="D0N33">
            <wcet number="0">30</wcet>
            <wcet number="1">70</wcet>
            <maxpow number="0.46530091616148295"/>
            <maxpow number="0.46530091616148295"/>
            <fprob>0.0</fprob>
        </actor>
        <actor name="D0N5">
            <wcet number="0">60</wcet>
            <wcet number="1">150</wcet>
            <maxpow number="0.4298400533040169"/>
            <maxpow number="0.4298400533040169"/>
            <fprob>0.0</fprob>
        </actor>
        <actor name="D0N31">
            <wcet number="0">120</wcet>
            <wcet number="1">170</wcet>
            <maxpow number="0.5776588115237166"/>
            <maxpow number="0.5776588115237166"/>
            <fprob>0.0</fprob>
        </actor>
        <actor name="D0N39">
            <wcet number="0">50</wcet>
            <wcet number="1">70</wcet>
            <maxpow number="0.5406718824280057"/>
            <maxpow number="0.5406718824280057"/>
            <fprob>0.0</fprob>
        </actor>
        <actor name="D0N11">
            <wcet number="0">70</wcet>
            <wcet number="1">80</wcet>
            <maxpow number="0.8312895536218645"/>
            <maxpow number="0.8312895536218645"/>
            <fprob>0.0</fprob>
        </actor>
        <actor name="D0N41">
            <wcet number="0">10</wcet>
            <wcet number="1">10</wcet>
            <maxpow number="0.5248341862131711"/>
            <maxpow number="0.5248341862131711"/>
            <fprob>0.0</fprob>
        </actor>
        <actor name="D0N8">
            <wcet number="0">10</wcet>
            <wcet number="1">50</wcet>
            <maxpow number="0.32260481000221763"/>
            <maxpow number="0.32260481000221763"/>
            <fprob>0.0</fprob>
        </actor>
        <actor name="D0N7">
            <wcet number="0">220</wcet>
            <wcet number="1">220</wcet>
            <maxpow number="0.3364705633902475"/>
            <maxpow number="0.3364705633902475"/>
            <fprob>0.0</fprob>
        </actor>
        <actor name="D0N27">
            <wcet number="0">20</wcet>
            <wcet number="1">50</wcet>
            <maxpow number="0.6410557728004338"/>
            <maxpow number="0.6410557728004338"/>
            <fprob>0.0</fprob>
        </actor>
        <actor name="D0N36">
            <wcet number="0">50</wcet>
            <wcet number="1">100</wcet>
            <maxpow number="0.6496880039146335"/>
            <maxpow number="0.6496880039146335"/>
            <fprob>0.0</fprob>
        </actor>
        <actor name="D0N30">
            <wcet number="0">20</wcet>
            <wcet number="1">30</wcet>
            <maxpow number="0.8486852805970782"/>
            <maxpow number="0.8486852805970782"/>
            <fprob>0.0</fprob>
        </actor>
        <actor name="D0N37">
            <wcet number="0">100</wcet>
            <wcet number="1">190</wcet>
            <maxpow number="0.46103769979078485"/>
            <maxpow number="0.46103769979078485"/>
            <fprob>0.0</fprob>
        </actor>
        <actor name="D0N2">
            <wcet number="0">10</wcet>
            <wcet number="1">30</wcet>
            <maxpow number="0.859938088788804"/>
            <maxpow number="0.859938088788804"/>
            <fprob>0.0</fprob>
        </actor>
        <actor name="D0N13">
            <wcet number="0">10</wcet>
            <wcet number="1">10</wcet>
            <maxpow number="0.5582584408065079"/>
            <maxpow number="0.5582584408065079"/>
            <fprob>0.0</fprob>
        </actor>
        <ports>
            <port dstActor="D0N44" name="p0" srcActor="D0N17"/>
            <port dstActor="D0N47" name="p1" srcActor="D0N17"/>
            <port dstActor="D0N37" name="p2" srcActor="D0N17"/>
            <port dstActor="D0N29" name="p3" srcActor="D0N20"/>
            <port dstActor="D0N33" name="p4" srcActor="D0N20"/>
            <port dstActor="D0N41" name="p5" srcActor="D0N20"/>
            <port dstActor="D0N44" name="p6" srcActor="D0N9"/>
            <port dstActor="D0N33" name="p7" srcActor="D0N9"/>
            <port dstActor="D0N23" name="p8" srcActor="D0N9"/>
            <port dstActor="D0N42" name="p9" srcActor="D0N9"/>
            <port dstActor="D0N13" name="p10" srcActor="D0N9"/>
            <port dstActor="D0N30" name="p11" srcActor="D0N9"/>
            <port dstActor="D0N47" name="p12" srcActor="D0N34"/>
            <port dstActor="D0N47" name="p13" srcActor="D0N18"/>
            <port dstActor="D0N24" name="p14" srcActor="D0N18"/>
            <port dstActor="D0N26" name="p15" srcActor="D0N18"/>
            <port dstActor="D0N30" name="p16" srcActor="D0N18"/>
            <port dstActor="D0N45" name="p17" srcActor="D0N15"/>
            <port dstActor="D0N23" name="p18" srcActor="D0N15"/>
            <port dstActor="D0N31" name="p19" srcActor="D0N15"/>
            <port dstActor="D0N9" name="p20" srcActor="D0N6"/>
            <port dstActor="D0N25" name="p21" srcActor="D0N6"/>
            <port dstActor="D0N46" name="p22" srcActor="D0N6"/>
            <port dstActor="D0N33" name="p23" srcActor="D0N12"/>
            <port dstActor="D0N43" name="p24" srcActor="D0N23"/>
            <port dstActor="D0N47" name="p25" srcActor="D0N26"/>
            <port dstActor="D0N28" name="p26" srcActor="D0N26"/>
            <port dstActor="D0N36" name="p27" srcActor="D0N26"/>
            <port dstActor="D0N45" name="p28" srcActor="D0N42"/>
            <port dstActor="D0N33" name="p29" srcActor="D0N16"/>
            <port dstActor="D0N46" name="p30" srcActor="D0N32"/>
            <port dstActor="D0N39" name="p31" srcActor="D0N32"/>
            <port dstActor="D0N19" name="p32" srcActor="D0N4"/>
            <port dstActor="D0N33" name="p33" srcActor="D0N4"/>
            <port dstActor="D0N39" name="p34" srcActor="D0N4"/>
            <port dstActor="D0N23" name="p35" srcActor="D0N4"/>
            <port dstActor="D0N46" name="p36" srcActor="D0N4"/>
            <port dstActor="D0N41" name="p37" srcActor="D0N4"/>
            <port dstActor="D0N7" name="p38" srcActor="D0N4"/>
            <port dstActor="D0N24" name="p39" srcActor="D0N4"/>
            <port dstActor="D0N44" name="p40" srcActor="D0N29"/>
            <port dstActor="D0N36" name="p41" srcActor="D0N29"/>
            <port dstActor="D0N31" name="p42" srcActor="D0N29"/>
            <port dstActor="D0N26" name="p43" srcActor="D0N19"/>
            <port dstActor="D0N45" name="p44" srcActor="D0N25"/>
            <port dstActor="D0N29" name="p45" srcActor="D0N25"/>
            <port dstActor="D0N33" name="p46" srcActor="D0N25"/>
            <port dstActor="D0N26" name="p47" srcActor="D0N22"/>
            <port dstActor="D0N44" name="p48" srcActor="D0N22"/>
            <port dstActor="D0N29" name="p49" srcActor="D0N10"/>
            <port dstActor="D0N11" name="p50" srcActor="D0N10"/>
            <port dstActor="D0N38" name="p51" srcActor="D0N10"/>
            <port dstActor="D0N40" name="p52" srcActor="D0N10"/>
            <port dstActor="D0N32" name="p53" srcActor="D0N10"/>
            <port dstActor="D0N37" name="p54" srcActor="D0N10"/>
            <port dstActor="D0N24" name="p55" srcActor="D0N0"/>
            <port dstActor="D0N32" name="p56" srcActor="D0N0"/>
            <port dstActor="D0N17" name="p57" srcActor="D0N0"/>
            <port dstActor="D0N19" name="p58" srcActor="D0N0"/>
            <port dstActor="D0N45" name="p59" srcActor="D0N38"/>
            <port dstActor="D0N39" name="p60" srcActor="D0N38"/>
            <port dstActor="D0N45" name="p61" srcActor="D0N21"/>
            <port dstActor="D0N21" name="p62" srcActor="D0N1"/>
            <port dstActor="D0N40" name="p63" srcActor="D0N1"/>
            <port dstActor="D0N22" name="p64" srcActor="D0N1"/>
            <port dstActor="D0N7" name="p65" srcActor="D0N3"/>
            <port dstActor="D0N18" name="p66" srcActor="D0N3"/>
            <port dstActor="D0N20" name="p67" srcActor="D0N3"/>
            <port dstActor="D0N12" name="p68" srcActor="D0N3"/>
            <port dstActor="D0N40" name="p69" srcActor="D0N14"/>
            <port dstActor="D0N37" name="p70" srcActor="D0N14"/>
            <port dstActor="D0N38" name="p71" srcActor="D0N35"/>
            <port dstActor="D0N44" name="p72" srcActor="D0N33"/>
            <port dstActor="D0N27" name="p73" srcActor="D0N5"/>
            <port dstActor="D0N29" name="p74" srcActor="D0N5"/>
            <port dstActor="D0N17" name="p75" srcActor="D0N5"/>
            <port dstActor="D0N39" name="p76" srcActor="D0N5"/>
            <port dstActor="D0N40" name="p77" srcActor="D0N39"/>
            <port dstActor="D0N29" name="p78" srcActor="D0N11"/>
            <port dstActor="D0N25" name="p79" srcActor="D0N11"/>
            <port dstActor="D0N35" name="p80" srcActor="D0N11"/>
            <port dstActor="D0N22" name="p81" srcActor="D0N11"/>
            <port dstActor="D0N21" name="p82" srcActor="D0N11"/>
            <port dstActor="D0N44" name="p83" srcActor="D0N11"/>
            <port dstActor="D0N40" name="p84" srcActor="D0N11"/>
            <port dstActor="D0N18" name="p85" srcActor="D0N8"/>
            <port dstActor="D0N29" name="p86" srcActor="D0N8"/>
            <port dstActor="D0N37" name="p87" srcActor="D0N7"/>
            <port dstActor="D0N33" name="p88" srcActor="D0N7"/>
            <port dstActor="D0N39" name="p89" srcActor="D0N7"/>
            <port dstActor="D0N11" name="p90" srcActor="D0N7"/>
            <port dstActor="D0N46" name="p91" srcActor="D0N27"/>
            <port dstActor="D0N35" name="p92" srcActor="D0N27"/>
            <port dstActor="D0N39" name="p93" srcActor="D0N30"/>
            <port dstActor="D0N35" name="p94" srcActor="D0N30"/>
            <port dstActor="D0N47" name="p95" srcActor="D0N37"/>
            <port dstActor="D0N17" name="p96" srcActor="D0N2"/>
            <port dstActor="D0N33" name="p97" srcActor="D0N2"/>
            <port dstActor="D0N8" name="p98" srcActor="D0N2"/>
            <port dstActor="D0N43" name="p99" srcActor="D0N2"/>
            <port dstActor="D0N41" name="p100" srcActor="D0N13"/>
            <port dstActor="D0N15" name="p101" srcActor="D0N13"/>
        </ports>
    </mcdag>
    <cores number="3"/>
    <levels number="2"/>
</mcsystem>
