<?xml version="1.0" encoding="UTF-8" standalone="no"?>
<mcsystem>
    <mcdag deadline="3000" name="genned-0-ed-10.0-0">
        <actor name="D0N26">
            <wcet number="0">60</wcet>
            <wcet number="1">90</wcet>
            <maxpow number="0.4214318612767159"/>
            <maxpow number="0.4214318612767159"/>
            <fprob>0.0</fprob>
        </actor>
        <actor name="D0N27">
            <wcet number="0">20</wcet>
            <wcet number="1">50</wcet>
            <maxpow number="0.3448311933420322"/>
            <maxpow number="0.3448311933420322"/>
            <fprob>0.0</fprob>
        </actor>
        <actor name="D0N21">
            <wcet number="0">50</wcet>
            <wcet number="1">50</wcet>
            <maxpow number="0.570301351446045"/>
            <maxpow number="0.570301351446045"/>
            <fprob>0.0</fprob>
        </actor>
        <actor name="D0N33">
            <wcet number="0">10</wcet>
            <wcet number="1">190</wcet>
            <maxpow number="0.48333707209116283"/>
            <maxpow number="0.48333707209116283"/>
            <fprob>0.0</fprob>
        </actor>
        <actor name="D0N43">
            <wcet number="0">50</wcet>
            <wcet number="1">50</wcet>
            <maxpow number="0.6076953848960301"/>
            <maxpow number="0.6076953848960301"/>
            <fprob>0.0</fprob>
        </actor>
        <actor name="D0N44">
            <wcet number="0">20</wcet>
            <wcet number="1">40</wcet>
            <maxpow number="0.6580663753518535"/>
            <maxpow number="0.6580663753518535"/>
            <fprob>0.0</fprob>
        </actor>
        <actor name="D0N35">
            <wcet number="0">60</wcet>
            <wcet number="1">70</wcet>
            <maxpow number="0.489419176157208"/>
            <maxpow number="0.489419176157208"/>
            <fprob>0.0</fprob>
        </actor>
        <actor name="D0N48">
            <wcet number="0">10</wcet>
            <wcet number="1">40</wcet>
            <maxpow number="0.3292342013420311"/>
            <maxpow number="0.3292342013420311"/>
            <fprob>0.0</fprob>
        </actor>
        <actor name="D0N25">
            <wcet number="0">90</wcet>
            <wcet number="1">160</wcet>
            <maxpow number="0.4654253614773904"/>
            <maxpow number="0.4654253614773904"/>
            <fprob>0.0</fprob>
        </actor>
        <actor name="D0N40">
            <wcet number="0">10</wcet>
            <wcet number="1">110</wcet>
            <maxpow number="0.3205163569993841"/>
            <maxpow number="0.3205163569993841"/>
            <fprob>0.0</fprob>
        </actor>
        <actor name="D0N15">
            <wcet number="0">40</wcet>
            <wcet number="1">440</wcet>
            <maxpow number="0.6749143191773257"/>
            <maxpow number="0.6749143191773257"/>
            <fprob>0.0</fprob>
        </actor>
        <actor name="D0N2">
            <wcet number="0">80</wcet>
            <wcet number="1">140</wcet>
            <maxpow number="0.5057575289419213"/>
            <maxpow number="0.5057575289419213"/>
            <fprob>0.0</fprob>
        </actor>
        <actor name="D0N31">
            <wcet number="0">160</wcet>
            <wcet number="1">340</wcet>
            <maxpow number="0.7767705454458264"/>
            <maxpow number="0.7767705454458264"/>
            <fprob>0.0</fprob>
        </actor>
        <actor name="D0N5">
            <wcet number="0">10</wcet>
            <wcet number="1">160</wcet>
            <maxpow number="0.558731367927586"/>
            <maxpow number="0.558731367927586"/>
            <fprob>0.0</fprob>
        </actor>
        <actor name="D0N10">
            <wcet number="0">30</wcet>
            <wcet number="1">50</wcet>
            <maxpow number="0.8992929993632648"/>
            <maxpow number="0.8992929993632648"/>
            <fprob>0.0</fprob>
        </actor>
        <actor name="D0N11">
            <wcet number="0">90</wcet>
            <wcet number="1">170</wcet>
            <maxpow number="0.31219649184803844"/>
            <maxpow number="0.31219649184803844"/>
            <fprob>0.0</fprob>
        </actor>
        <actor name="D0N1">
            <wcet number="0">170</wcet>
            <wcet number="1">250</wcet>
            <maxpow number="0.29233644536885295"/>
            <maxpow number="0.29233644536885295"/>
            <fprob>0.0</fprob>
        </actor>
        <actor name="D0N18">
            <wcet number="0">10</wcet>
            <wcet number="1">10</wcet>
            <maxpow number="0.6833161511297384"/>
            <maxpow number="0.6833161511297384"/>
            <fprob>0.0</fprob>
        </actor>
        <actor name="D0N38">
            <wcet number="0">70</wcet>
            <wcet number="1">90</wcet>
            <maxpow number="0.6041179837720536"/>
            <maxpow number="0.6041179837720536"/>
            <fprob>0.0</fprob>
        </actor>
        <actor name="D0N28">
            <wcet number="0">10</wcet>
            <wcet number="1">90</wcet>
            <maxpow number="0.3481861270018507"/>
            <maxpow number="0.3481861270018507"/>
            <fprob>0.0</fprob>
        </actor>
        <actor name="D0N14">
            <wcet number="0">270</wcet>
            <wcet number="1">300</wcet>
            <maxpow number="0.3070837258047364"/>
            <maxpow number="0.3070837258047364"/>
            <fprob>0.0</fprob>
        </actor>
        <actor name="D0N32">
            <wcet number="0">70</wcet>
            <wcet number="1">160</wcet>
            <maxpow number="0.5751556833366049"/>
            <maxpow number="0.5751556833366049"/>
            <fprob>0.0</fprob>
        </actor>
        <actor name="D0N17">
            <wcet number="0">10</wcet>
            <wcet number="1">30</wcet>
            <maxpow number="0.33742917991208443"/>
            <maxpow number="0.33742917991208443"/>
            <fprob>0.0</fprob>
        </actor>
        <actor name="D0N34">
            <wcet number="0">10</wcet>
            <wcet number="1">170</wcet>
            <maxpow number="0.865622462369482"/>
            <maxpow number="0.865622462369482"/>
            <fprob>0.0</fprob>
        </actor>
        <actor name="D0N30">
            <wcet number="0">270</wcet>
            <wcet number="1">350</wcet>
            <maxpow number="0.6759163375306044"/>
            <maxpow number="0.6759163375306044"/>
            <fprob>0.0</fprob>
        </actor>
        <actor name="D0N37">
            <wcet number="0">30</wcet>
            <wcet number="1">60</wcet>
            <maxpow number="0.8755325465163624"/>
            <maxpow number="0.8755325465163624"/>
            <fprob>0.0</fprob>
        </actor>
        <actor name="D0N6">
            <wcet number="0">410</wcet>
            <wcet number="1">410</wcet>
            <maxpow number="0.6277602823311245"/>
            <maxpow number="0.6277602823311245"/>
            <fprob>0.0</fprob>
        </actor>
        <actor name="D0N23">
            <wcet number="0">60</wcet>
            <wcet number="1">190</wcet>
            <maxpow number="0.6129042256287944"/>
            <maxpow number="0.6129042256287944"/>
            <fprob>0.0</fprob>
        </actor>
        <actor name="D0N41">
            <wcet number="0">30</wcet>
            <wcet number="1">30</wcet>
            <maxpow number="0.741613958671971"/>
            <maxpow number="0.741613958671971"/>
            <fprob>0.0</fprob>
        </actor>
        <actor name="D0N39">
            <wcet number="0">70</wcet>
            <wcet number="1">70</wcet>
            <maxpow number="0.6254825039409693"/>
            <maxpow number="0.6254825039409693"/>
            <fprob>0.0</fprob>
        </actor>
        <actor name="D0N8">
            <wcet number="0">10</wcet>
            <wcet number="1">10</wcet>
            <maxpow number="0.2635838705778792"/>
            <maxpow number="0.2635838705778792"/>
            <fprob>0.0</fprob>
        </actor>
        <actor name="D0N36">
            <wcet number="0">90</wcet>
            <wcet number="1">160</wcet>
            <maxpow number="0.4759771687246227"/>
            <maxpow number="0.4759771687246227"/>
            <fprob>0.0</fprob>
        </actor>
        <actor name="D0N42">
            <wcet number="0">60</wcet>
            <wcet number="1">150</wcet>
            <maxpow number="0.892870046916277"/>
            <maxpow number="0.892870046916277"/>
            <fprob>0.0</fprob>
        </actor>
        <actor name="D0N7">
            <wcet number="0">120</wcet>
            <wcet number="1">300</wcet>
            <maxpow number="0.5040266005580187"/>
            <maxpow number="0.5040266005580187"/>
            <fprob>0.0</fprob>
        </actor>
        <actor name="D0N16">
            <wcet number="0">270</wcet>
            <wcet number="1">540</wcet>
            <maxpow number="0.4789716680990218"/>
            <maxpow number="0.4789716680990218"/>
            <fprob>0.0</fprob>
        </actor>
        <actor name="D0N22">
            <wcet number="0">30</wcet>
            <wcet number="1">180</wcet>
            <maxpow number="0.4479957226759657"/>
            <maxpow number="0.4479957226759657"/>
            <fprob>0.0</fprob>
        </actor>
        <actor name="D0N0">
            <wcet number="0">40</wcet>
            <wcet number="1">260</wcet>
            <maxpow number="0.8030734019099418"/>
            <maxpow number="0.8030734019099418"/>
            <fprob>0.0</fprob>
        </actor>
        <actor name="D0N45">
            <wcet number="0">40</wcet>
            <wcet number="1">50</wcet>
            <maxpow number="0.47814691913959506"/>
            <maxpow number="0.47814691913959506"/>
            <fprob>0.0</fprob>
        </actor>
        <actor name="D0N46">
            <wcet number="0">10</wcet>
            <wcet number="1">20</wcet>
            <maxpow number="0.31173306966663994"/>
            <maxpow number="0.31173306966663994"/>
            <fprob>0.0</fprob>
        </actor>
        <actor name="D0N47">
            <wcet number="0">50</wcet>
            <wcet number="1">80</wcet>
            <maxpow number="0.4353068733485055"/>
            <maxpow number="0.4353068733485055"/>
            <fprob>0.0</fprob>
        </actor>
        <actor name="D0N20">
            <wcet number="0">20</wcet>
            <wcet number="1">20</wcet>
            <maxpow number="0.268934315409259"/>
            <maxpow number="0.268934315409259"/>
            <fprob>0.0</fprob>
        </actor>
        <actor name="D0N12">
            <wcet number="0">50</wcet>
            <wcet number="1">250</wcet>
            <maxpow number="0.6867736734237881"/>
            <maxpow number="0.6867736734237881"/>
            <fprob>0.0</fprob>
        </actor>
        <actor name="D0N9">
            <wcet number="0">210</wcet>
            <wcet number="1">220</wcet>
            <maxpow number="0.6139333779933498"/>
            <maxpow number="0.6139333779933498"/>
            <fprob>0.0</fprob>
        </actor>
        <actor name="D0N24">
            <wcet number="0">30</wcet>
            <wcet number="1">140</wcet>
            <maxpow number="0.22356138177142143"/>
            <maxpow number="0.22356138177142143"/>
            <fprob>0.0</fprob>
        </actor>
        <actor name="D0N13">
            <wcet number="0">10</wcet>
            <wcet number="1">20</wcet>
            <maxpow number="0.5195770490166484"/>
            <maxpow number="0.5195770490166484"/>
            <fprob>0.0</fprob>
        </actor>
        <actor name="D0N4">
            <wcet number="0">50</wcet>
            <wcet number="1">160</wcet>
            <maxpow number="0.5233161904230723"/>
            <maxpow number="0.5233161904230723"/>
            <fprob>0.0</fprob>
        </actor>
        <actor name="D0N29">
            <wcet number="0">10</wcet>
            <wcet number="1">40</wcet>
            <maxpow number="0.7044040571357486"/>
            <maxpow number="0.7044040571357486"/>
            <fprob>0.0</fprob>
        </actor>
        <actor name="D0N3">
            <wcet number="0">140</wcet>
            <wcet number="1">160</wcet>
            <maxpow number="0.647303631843865"/>
            <maxpow number="0.647303631843865"/>
            <fprob>0.0</fprob>
        </actor>
        <actor name="D0N19">
            <wcet number="0">60</wcet>
            <wcet number="1">80</wcet>
            <maxpow number="0.5741890055815225"/>
            <maxpow number="0.5741890055815225"/>
            <fprob>0.0</fprob>
        </actor>
        <ports>
            <port dstActor="D0N38" name="p0" srcActor="D0N26"/>
            <port dstActor="D0N28" name="p1" srcActor="D0N26"/>
            <port dstActor="D0N45" name="p2" srcActor="D0N26"/>
            <port dstActor="D0N32" name="p3" srcActor="D0N27"/>
            <port dstActor="D0N34" name="p4" srcActor="D0N27"/>
            <port dstActor="D0N39" name="p5" srcActor="D0N27"/>
            <port dstActor="D0N43" name="p6" srcActor="D0N21"/>
            <port dstActor="D0N25" name="p7" srcActor="D0N21"/>
            <port dstActor="D0N40" name="p8" srcActor="D0N21"/>
            <port dstActor="D0N36" name="p9" srcActor="D0N21"/>
            <port dstActor="D0N34" name="p10" srcActor="D0N33"/>
            <port dstActor="D0N45" name="p11" srcActor="D0N33"/>
            <port dstActor="D0N48" name="p12" srcActor="D0N44"/>
            <port dstActor="D0N44" name="p13" srcActor="D0N35"/>
            <port dstActor="D0N47" name="p14" srcActor="D0N40"/>
            <port dstActor="D0N41" name="p15" srcActor="D0N2"/>
            <port dstActor="D0N26" name="p16" srcActor="D0N2"/>
            <port dstActor="D0N37" name="p17" srcActor="D0N5"/>
            <port dstActor="D0N44" name="p18" srcActor="D0N5"/>
            <port dstActor="D0N35" name="p19" srcActor="D0N5"/>
            <port dstActor="D0N21" name="p20" srcActor="D0N5"/>
            <port dstActor="D0N17" name="p21" srcActor="D0N10"/>
            <port dstActor="D0N30" name="p22" srcActor="D0N10"/>
            <port dstActor="D0N43" name="p23" srcActor="D0N10"/>
            <port dstActor="D0N46" name="p24" srcActor="D0N10"/>
            <port dstActor="D0N25" name="p25" srcActor="D0N10"/>
            <port dstActor="D0N45" name="p26" srcActor="D0N11"/>
            <port dstActor="D0N25" name="p27" srcActor="D0N11"/>
            <port dstActor="D0N48" name="p28" srcActor="D0N1"/>
            <port dstActor="D0N3" name="p29" srcActor="D0N1"/>
            <port dstActor="D0N47" name="p30" srcActor="D0N18"/>
            <port dstActor="D0N33" name="p31" srcActor="D0N18"/>
            <port dstActor="D0N21" name="p32" srcActor="D0N18"/>
            <port dstActor="D0N45" name="p33" srcActor="D0N38"/>
            <port dstActor="D0N45" name="p34" srcActor="D0N28"/>
            <port dstActor="D0N40" name="p35" srcActor="D0N28"/>
            <port dstActor="D0N36" name="p36" srcActor="D0N14"/>
            <port dstActor="D0N25" name="p37" srcActor="D0N14"/>
            <port dstActor="D0N38" name="p38" srcActor="D0N14"/>
            <port dstActor="D0N21" name="p39" srcActor="D0N14"/>
            <port dstActor="D0N17" name="p40" srcActor="D0N14"/>
            <port dstActor="D0N44" name="p41" srcActor="D0N32"/>
            <port dstActor="D0N34" name="p42" srcActor="D0N32"/>
            <port dstActor="D0N48" name="p43" srcActor="D0N17"/>
            <port dstActor="D0N27" name="p44" srcActor="D0N17"/>
            <port dstActor="D0N29" name="p45" srcActor="D0N17"/>
            <port dstActor="D0N26" name="p46" srcActor="D0N17"/>
            <port dstActor="D0N33" name="p47" srcActor="D0N30"/>
            <port dstActor="D0N47" name="p48" srcActor="D0N30"/>
            <port dstActor="D0N46" name="p49" srcActor="D0N30"/>
            <port dstActor="D0N43" name="p50" srcActor="D0N30"/>
            <port dstActor="D0N45" name="p51" srcActor="D0N30"/>
            <port dstActor="D0N42" name="p52" srcActor="D0N37"/>
            <port dstActor="D0N43" name="p53" srcActor="D0N37"/>
            <port dstActor="D0N38" name="p54" srcActor="D0N6"/>
            <port dstActor="D0N14" name="p55" srcActor="D0N6"/>
            <port dstActor="D0N32" name="p56" srcActor="D0N6"/>
            <port dstActor="D0N29" name="p57" srcActor="D0N23"/>
            <port dstActor="D0N44" name="p58" srcActor="D0N23"/>
            <port dstActor="D0N48" name="p59" srcActor="D0N23"/>
            <port dstActor="D0N31" name="p60" srcActor="D0N23"/>
            <port dstActor="D0N44" name="p61" srcActor="D0N39"/>
            <port dstActor="D0N46" name="p62" srcActor="D0N8"/>
            <port dstActor="D0N13" name="p63" srcActor="D0N8"/>
            <port dstActor="D0N19" name="p64" srcActor="D0N8"/>
            <port dstActor="D0N35" name="p65" srcActor="D0N8"/>
            <port dstActor="D0N27" name="p66" srcActor="D0N8"/>
            <port dstActor="D0N25" name="p67" srcActor="D0N7"/>
            <port dstActor="D0N20" name="p68" srcActor="D0N7"/>
            <port dstActor="D0N43" name="p69" srcActor="D0N16"/>
            <port dstActor="D0N32" name="p70" srcActor="D0N16"/>
            <port dstActor="D0N45" name="p71" srcActor="D0N16"/>
            <port dstActor="D0N24" name="p72" srcActor="D0N16"/>
            <port dstActor="D0N34" name="p73" srcActor="D0N22"/>
            <port dstActor="D0N38" name="p74" srcActor="D0N22"/>
            <port dstActor="D0N4" name="p75" srcActor="D0N0"/>
            <port dstActor="D0N29" name="p76" srcActor="D0N0"/>
            <port dstActor="D0N20" name="p77" srcActor="D0N0"/>
            <port dstActor="D0N7" name="p78" srcActor="D0N0"/>
            <port dstActor="D0N45" name="p79" srcActor="D0N0"/>
            <port dstActor="D0N35" name="p80" srcActor="D0N20"/>
            <port dstActor="D0N36" name="p81" srcActor="D0N20"/>
            <port dstActor="D0N38" name="p82" srcActor="D0N20"/>
            <port dstActor="D0N24" name="p83" srcActor="D0N20"/>
            <port dstActor="D0N15" name="p84" srcActor="D0N12"/>
            <port dstActor="D0N45" name="p85" srcActor="D0N12"/>
            <port dstActor="D0N21" name="p86" srcActor="D0N12"/>
            <port dstActor="D0N47" name="p87" srcActor="D0N12"/>
            <port dstActor="D0N10" name="p88" srcActor="D0N9"/>
            <port dstActor="D0N32" name="p89" srcActor="D0N9"/>
            <port dstActor="D0N37" name="p90" srcActor="D0N24"/>
            <port dstActor="D0N27" name="p91" srcActor="D0N24"/>
            <port dstActor="D0N29" name="p92" srcActor="D0N13"/>
            <port dstActor="D0N13" name="p93" srcActor="D0N4"/>
            <port dstActor="D0N41" name="p94" srcActor="D0N4"/>
            <port dstActor="D0N43" name="p95" srcActor="D0N29"/>
            <port dstActor="D0N39" name="p96" srcActor="D0N29"/>
            <port dstActor="D0N30" name="p97" srcActor="D0N29"/>
            <port dstActor="D0N45" name="p98" srcActor="D0N29"/>
            <port dstActor="D0N32" name="p99" srcActor="D0N29"/>
            <port dstActor="D0N46" name="p100" srcActor="D0N29"/>
            <port dstActor="D0N27" name="p101" srcActor="D0N3"/>
            <port dstActor="D0N39" name="p102" srcActor="D0N3"/>
            <port dstActor="D0N40" name="p103" srcActor="D0N3"/>
            <port dstActor="D0N44" name="p104" srcActor="D0N3"/>
            <port dstActor="D0N30" name="p105" srcActor="D0N3"/>
            <port dstActor="D0N20" name="p106" srcActor="D0N3"/>
            <port dstActor="D0N25" name="p107" srcActor="D0N19"/>
            <port dstActor="D0N45" name="p108" srcActor="D0N19"/>
        </ports>
    </mcdag>
    <cores number="3"/>
    <levels number="2"/>
</mcsystem>
