<?xml version="1.0" encoding="UTF-8" standalone="no"?>
<mcsystem>
    <mcdag deadline="2200" name="genned-0-ed-10.0-0">
        <actor name="D0N35">
            <wcet number="0">70</wcet>
            <wcet number="1">150</wcet>
            <maxpow number="0.6163650619689696"/>
            <maxpow number="0.6163650619689696"/>
            <fprob>0.0</fprob>
        </actor>
        <actor name="D0N6">
            <wcet number="0">40</wcet>
            <wcet number="1">60</wcet>
            <maxpow number="0.5730135353326115"/>
            <maxpow number="0.5730135353326115"/>
            <fprob>0.0</fprob>
        </actor>
        <actor name="D0N43">
            <wcet number="0">40</wcet>
            <wcet number="1">50</wcet>
            <maxpow number="0.40744682788057374"/>
            <maxpow number="0.40744682788057374"/>
            <fprob>0.0</fprob>
        </actor>
        <actor name="D0N25">
            <wcet number="0">60</wcet>
            <wcet number="1">120</wcet>
            <maxpow number="0.749452202766908"/>
            <maxpow number="0.749452202766908"/>
            <fprob>0.0</fprob>
        </actor>
        <actor name="D0N10">
            <wcet number="0">20</wcet>
            <wcet number="1">190</wcet>
            <maxpow number="0.5526414210742038"/>
            <maxpow number="0.5526414210742038"/>
            <fprob>0.0</fprob>
        </actor>
        <actor name="D0N46">
            <wcet number="0">40</wcet>
            <wcet number="1">130</wcet>
            <maxpow number="0.4681026107624246"/>
            <maxpow number="0.4681026107624246"/>
            <fprob>0.0</fprob>
        </actor>
        <actor name="D0N3">
            <wcet number="0">20</wcet>
            <wcet number="1">150</wcet>
            <maxpow number="0.6981618112467849"/>
            <maxpow number="0.6981618112467849"/>
            <fprob>0.0</fprob>
        </actor>
        <actor name="D0N45">
            <wcet number="0">40</wcet>
            <wcet number="1">110</wcet>
            <maxpow number="0.8128002621169983"/>
            <maxpow number="0.8128002621169983"/>
            <fprob>0.0</fprob>
        </actor>
        <actor name="D0N0">
            <wcet number="0">60</wcet>
            <wcet number="1">100</wcet>
            <maxpow number="0.26347218814672646"/>
            <maxpow number="0.26347218814672646"/>
            <fprob>0.0</fprob>
        </actor>
        <actor name="D0N40">
            <wcet number="0">10</wcet>
            <wcet number="1">30</wcet>
            <maxpow number="0.4306319597272876"/>
            <maxpow number="0.4306319597272876"/>
            <fprob>0.0</fprob>
        </actor>
        <actor name="D0N2">
            <wcet number="0">10</wcet>
            <wcet number="1">20</wcet>
            <maxpow number="0.4490330219946174"/>
            <maxpow number="0.4490330219946174"/>
            <fprob>0.0</fprob>
        </actor>
        <actor name="D0N17">
            <wcet number="0">10</wcet>
            <wcet number="1">20</wcet>
            <maxpow number="0.6772524466875347"/>
            <maxpow number="0.6772524466875347"/>
            <fprob>0.0</fprob>
        </actor>
        <actor name="D0N37">
            <wcet number="0">50</wcet>
            <wcet number="1">150</wcet>
            <maxpow number="0.8400951743364238"/>
            <maxpow number="0.8400951743364238"/>
            <fprob>0.0</fprob>
        </actor>
        <actor name="D0N5">
            <wcet number="0">30</wcet>
            <wcet number="1">70</wcet>
            <maxpow number="0.3093112833039036"/>
            <maxpow number="0.3093112833039036"/>
            <fprob>0.0</fprob>
        </actor>
        <actor name="D0N11">
            <wcet number="0">120</wcet>
            <wcet number="1">250</wcet>
            <maxpow number="0.29053389246782685"/>
            <maxpow number="0.29053389246782685"/>
            <fprob>0.0</fprob>
        </actor>
        <actor name="D0N34">
            <wcet number="0">240</wcet>
            <wcet number="1">420</wcet>
            <maxpow number="0.32441620704971197"/>
            <maxpow number="0.32441620704971197"/>
            <fprob>0.0</fprob>
        </actor>
        <actor name="D0N4">
            <wcet number="0">10</wcet>
            <wcet number="1">10</wcet>
            <maxpow number="0.3595361788326974"/>
            <maxpow number="0.3595361788326974"/>
            <fprob>0.0</fprob>
        </actor>
        <actor name="D0N38">
            <wcet number="0">90</wcet>
            <wcet number="1">90</wcet>
            <maxpow number="1.0277651637336163"/>
            <maxpow number="1.0277651637336163"/>
            <fprob>0.0</fprob>
        </actor>
        <actor name="D0N42">
            <wcet number="0">20</wcet>
            <wcet number="1">290</wcet>
            <maxpow number="0.5164934120403561"/>
            <maxpow number="0.5164934120403561"/>
            <fprob>0.0</fprob>
        </actor>
        <actor name="D0N44">
            <wcet number="0">50</wcet>
            <wcet number="1">50</wcet>
            <maxpow number="0.49885585547145866"/>
            <maxpow number="0.49885585547145866"/>
            <fprob>0.0</fprob>
        </actor>
        <actor name="D0N33">
            <wcet number="0">10</wcet>
            <wcet number="1">10</wcet>
            <maxpow number="0.26904847366703516"/>
            <maxpow number="0.26904847366703516"/>
            <fprob>0.0</fprob>
        </actor>
        <actor name="D0N36">
            <wcet number="0">80</wcet>
            <wcet number="1">90</wcet>
            <maxpow number="0.08913893462162903"/>
            <maxpow number="0.08913893462162903"/>
            <fprob>0.0</fprob>
        </actor>
        <actor name="D0N13">
            <wcet number="0">60</wcet>
            <wcet number="1">110</wcet>
            <maxpow number="0.7740892642382666"/>
            <maxpow number="0.7740892642382666"/>
            <fprob>0.0</fprob>
        </actor>
        <actor name="D0N12">
            <wcet number="0">60</wcet>
            <wcet number="1">70</wcet>
            <maxpow number="0.8397390418842"/>
            <maxpow number="0.8397390418842"/>
            <fprob>0.0</fprob>
        </actor>
        <actor name="D0N1">
            <wcet number="0">80</wcet>
            <wcet number="1">140</wcet>
            <maxpow number="0.7252655107643512"/>
            <maxpow number="0.7252655107643512"/>
            <fprob>0.0</fprob>
        </actor>
        <actor name="D0N23">
            <wcet number="0">20</wcet>
            <wcet number="1">80</wcet>
            <maxpow number="0.718646808147986"/>
            <maxpow number="0.718646808147986"/>
            <fprob>0.0</fprob>
        </actor>
        <actor name="D0N7">
            <wcet number="0">70</wcet>
            <wcet number="1">100</wcet>
            <maxpow number="0.30479581620669405"/>
            <maxpow number="0.30479581620669405"/>
            <fprob>0.0</fprob>
        </actor>
        <actor name="D0N28">
            <wcet number="0">70</wcet>
            <wcet number="1">80</wcet>
            <maxpow number="0.6423448588014732"/>
            <maxpow number="0.6423448588014732"/>
            <fprob>0.0</fprob>
        </actor>
        <actor name="D0N31">
            <wcet number="0">70</wcet>
            <wcet number="1">100</wcet>
            <maxpow number="0.30240588254929646"/>
            <maxpow number="0.30240588254929646"/>
            <fprob>0.0</fprob>
        </actor>
        <actor name="D0N14">
            <wcet number="0">10</wcet>
            <wcet number="1">40</wcet>
            <maxpow number="0.2587256427201214"/>
            <maxpow number="0.2587256427201214"/>
            <fprob>0.0</fprob>
        </actor>
        <actor name="D0N29">
            <wcet number="0">20</wcet>
            <wcet number="1">30</wcet>
            <maxpow number="0.5710272989633389"/>
            <maxpow number="0.5710272989633389"/>
            <fprob>0.0</fprob>
        </actor>
        <actor name="D0N30">
            <wcet number="0">30</wcet>
            <wcet number="1">60</wcet>
            <maxpow number="0.5836459212167173"/>
            <maxpow number="0.5836459212167173"/>
            <fprob>0.0</fprob>
        </actor>
        <actor name="D0N47">
            <wcet number="0">40</wcet>
            <wcet number="1">80</wcet>
            <maxpow number="0.542397561415326"/>
            <maxpow number="0.542397561415326"/>
            <fprob>0.0</fprob>
        </actor>
        <actor name="D0N27">
            <wcet number="0">80</wcet>
            <wcet number="1">90</wcet>
            <maxpow number="0.6556448312309332"/>
            <maxpow number="0.6556448312309332"/>
            <fprob>0.0</fprob>
        </actor>
        <actor name="D0N41">
            <wcet number="0">30</wcet>
            <wcet number="1">170</wcet>
            <maxpow number="0.4544861314946015"/>
            <maxpow number="0.4544861314946015"/>
            <fprob>0.0</fprob>
        </actor>
        <actor name="D0N16">
            <wcet number="0">20</wcet>
            <wcet number="1">160</wcet>
            <maxpow number="0.5878110610434242"/>
            <maxpow number="0.5878110610434242"/>
            <fprob>0.0</fprob>
        </actor>
        <actor name="D0N19">
            <wcet number="0">120</wcet>
            <wcet number="1">130</wcet>
            <maxpow number="0.1437491704414422"/>
            <maxpow number="0.1437491704414422"/>
            <fprob>0.0</fprob>
        </actor>
        <actor name="D0N32">
            <wcet number="0">100</wcet>
            <wcet number="1">520</wcet>
            <maxpow number="0.7389448580220915"/>
            <maxpow number="0.7389448580220915"/>
            <fprob>0.0</fprob>
        </actor>
        <actor name="D0N15">
            <wcet number="0">10</wcet>
            <wcet number="1">10</wcet>
            <maxpow number="0.7150471854965452"/>
            <maxpow number="0.7150471854965452"/>
            <fprob>0.0</fprob>
        </actor>
        <actor name="D0N18">
            <wcet number="0">20</wcet>
            <wcet number="1">30</wcet>
            <maxpow number="0.8548420069863607"/>
            <maxpow number="0.8548420069863607"/>
            <fprob>0.0</fprob>
        </actor>
        <actor name="D0N21">
            <wcet number="0">180</wcet>
            <wcet number="1">300</wcet>
            <maxpow number="0.7002407851613461"/>
            <maxpow number="0.7002407851613461"/>
            <fprob>0.0</fprob>
        </actor>
        <actor name="D0N20">
            <wcet number="0">150</wcet>
            <wcet number="1">160</wcet>
            <maxpow number="0.35898861448807956"/>
            <maxpow number="0.35898861448807956"/>
            <fprob>0.0</fprob>
        </actor>
        <actor name="D0N26">
            <wcet number="0">110</wcet>
            <wcet number="1">110</wcet>
            <maxpow number="0.4921514443221449"/>
            <maxpow number="0.4921514443221449"/>
            <fprob>0.0</fprob>
        </actor>
        <actor name="D0N24">
            <wcet number="0">30</wcet>
            <wcet number="1">90</wcet>
            <maxpow number="0.4445559451399488"/>
            <maxpow number="0.4445559451399488"/>
            <fprob>0.0</fprob>
        </actor>
        <actor name="D0N39">
            <wcet number="0">120</wcet>
            <wcet number="1">130</wcet>
            <maxpow number="0.6829036672195987"/>
            <maxpow number="0.6829036672195987"/>
            <fprob>0.0</fprob>
        </actor>
        <actor name="D0N9">
            <wcet number="0">110</wcet>
            <wcet number="1">120</wcet>
            <maxpow number="0.80011972112909"/>
            <maxpow number="0.80011972112909"/>
            <fprob>0.0</fprob>
        </actor>
        <actor name="D0N22">
            <wcet number="0">30</wcet>
            <wcet number="1">70</wcet>
            <maxpow number="0.3711514101646048"/>
            <maxpow number="0.3711514101646048"/>
            <fprob>0.0</fprob>
        </actor>
        <actor name="D0N8">
            <wcet number="0">130</wcet>
            <wcet number="1">180</wcet>
            <maxpow number="0.8172186775043571"/>
            <maxpow number="0.8172186775043571"/>
            <fprob>0.0</fprob>
        </actor>
        <ports>
            <port dstActor="D0N31" name="p0" srcActor="D0N6"/>
            <port dstActor="D0N16" name="p1" srcActor="D0N6"/>
            <port dstActor="D0N28" name="p2" srcActor="D0N6"/>
            <port dstActor="D0N17" name="p3" srcActor="D0N6"/>
            <port dstActor="D0N29" name="p4" srcActor="D0N6"/>
            <port dstActor="D0N32" name="p5" srcActor="D0N25"/>
            <port dstActor="D0N44" name="p6" srcActor="D0N25"/>
            <port dstActor="D0N28" name="p7" srcActor="D0N25"/>
            <port dstActor="D0N41" name="p8" srcActor="D0N25"/>
            <port dstActor="D0N36" name="p9" srcActor="D0N10"/>
            <port dstActor="D0N14" name="p10" srcActor="D0N10"/>
            <port dstActor="D0N19" name="p11" srcActor="D0N10"/>
            <port dstActor="D0N36" name="p12" srcActor="D0N3"/>
            <port dstActor="D0N11" name="p13" srcActor="D0N3"/>
            <port dstActor="D0N14" name="p14" srcActor="D0N3"/>
            <port dstActor="D0N6" name="p15" srcActor="D0N0"/>
            <port dstActor="D0N46" name="p16" srcActor="D0N0"/>
            <port dstActor="D0N20" name="p17" srcActor="D0N0"/>
            <port dstActor="D0N18" name="p18" srcActor="D0N0"/>
            <port dstActor="D0N1" name="p19" srcActor="D0N0"/>
            <port dstActor="D0N35" name="p20" srcActor="D0N0"/>
            <port dstActor="D0N43" name="p21" srcActor="D0N40"/>
            <port dstActor="D0N46" name="p22" srcActor="D0N40"/>
            <port dstActor="D0N44" name="p23" srcActor="D0N40"/>
            <port dstActor="D0N42" name="p24" srcActor="D0N2"/>
            <port dstActor="D0N21" name="p25" srcActor="D0N17"/>
            <port dstActor="D0N24" name="p26" srcActor="D0N17"/>
            <port dstActor="D0N45" name="p27" srcActor="D0N37"/>
            <port dstActor="D0N27" name="p28" srcActor="D0N5"/>
            <port dstActor="D0N12" name="p29" srcActor="D0N5"/>
            <port dstActor="D0N17" name="p30" srcActor="D0N5"/>
            <port dstActor="D0N26" name="p31" srcActor="D0N5"/>
            <port dstActor="D0N38" name="p32" srcActor="D0N11"/>
            <port dstActor="D0N17" name="p33" srcActor="D0N11"/>
            <port dstActor="D0N18" name="p34" srcActor="D0N11"/>
            <port dstActor="D0N31" name="p35" srcActor="D0N11"/>
            <port dstActor="D0N36" name="p36" srcActor="D0N34"/>
            <port dstActor="D0N37" name="p37" srcActor="D0N34"/>
            <port dstActor="D0N11" name="p38" srcActor="D0N4"/>
            <port dstActor="D0N44" name="p39" srcActor="D0N4"/>
            <port dstActor="D0N6" name="p40" srcActor="D0N4"/>
            <port dstActor="D0N37" name="p41" srcActor="D0N4"/>
            <port dstActor="D0N9" name="p42" srcActor="D0N4"/>
            <port dstActor="D0N34" name="p43" srcActor="D0N4"/>
            <port dstActor="D0N24" name="p44" srcActor="D0N4"/>
            <port dstActor="D0N43" name="p45" srcActor="D0N4"/>
            <port dstActor="D0N25" name="p46" srcActor="D0N13"/>
            <port dstActor="D0N21" name="p47" srcActor="D0N13"/>
            <port dstActor="D0N46" name="p48" srcActor="D0N13"/>
            <port dstActor="D0N40" name="p49" srcActor="D0N12"/>
            <port dstActor="D0N40" name="p50" srcActor="D0N1"/>
            <port dstActor="D0N3" name="p51" srcActor="D0N1"/>
            <port dstActor="D0N4" name="p52" srcActor="D0N1"/>
            <port dstActor="D0N16" name="p53" srcActor="D0N1"/>
            <port dstActor="D0N5" name="p54" srcActor="D0N1"/>
            <port dstActor="D0N7" name="p55" srcActor="D0N1"/>
            <port dstActor="D0N12" name="p56" srcActor="D0N1"/>
            <port dstActor="D0N37" name="p57" srcActor="D0N23"/>
            <port dstActor="D0N18" name="p58" srcActor="D0N7"/>
            <port dstActor="D0N40" name="p59" srcActor="D0N7"/>
            <port dstActor="D0N19" name="p60" srcActor="D0N7"/>
            <port dstActor="D0N10" name="p61" srcActor="D0N7"/>
            <port dstActor="D0N11" name="p62" srcActor="D0N7"/>
            <port dstActor="D0N34" name="p63" srcActor="D0N28"/>
            <port dstActor="D0N45" name="p64" srcActor="D0N28"/>
            <port dstActor="D0N41" name="p65" srcActor="D0N28"/>
            <port dstActor="D0N36" name="p66" srcActor="D0N28"/>
            <port dstActor="D0N35" name="p67" srcActor="D0N31"/>
            <port dstActor="D0N31" name="p68" srcActor="D0N14"/>
            <port dstActor="D0N23" name="p69" srcActor="D0N14"/>
            <port dstActor="D0N40" name="p70" srcActor="D0N29"/>
            <port dstActor="D0N42" name="p71" srcActor="D0N30"/>
            <port dstActor="D0N46" name="p72" srcActor="D0N30"/>
            <port dstActor="D0N44" name="p73" srcActor="D0N41"/>
            <port dstActor="D0N25" name="p74" srcActor="D0N16"/>
            <port dstActor="D0N31" name="p75" srcActor="D0N16"/>
            <port dstActor="D0N44" name="p76" srcActor="D0N32"/>
            <port dstActor="D0N21" name="p77" srcActor="D0N15"/>
            <port dstActor="D0N41" name="p78" srcActor="D0N18"/>
            <port dstActor="D0N33" name="p79" srcActor="D0N18"/>
            <port dstActor="D0N24" name="p80" srcActor="D0N18"/>
            <port dstActor="D0N47" name="p81" srcActor="D0N20"/>
            <port dstActor="D0N26" name="p82" srcActor="D0N20"/>
            <port dstActor="D0N24" name="p83" srcActor="D0N20"/>
            <port dstActor="D0N39" name="p84" srcActor="D0N20"/>
            <port dstActor="D0N38" name="p85" srcActor="D0N20"/>
            <port dstActor="D0N45" name="p86" srcActor="D0N26"/>
            <port dstActor="D0N45" name="p87" srcActor="D0N24"/>
            <port dstActor="D0N38" name="p88" srcActor="D0N24"/>
            <port dstActor="D0N41" name="p89" srcActor="D0N24"/>
            <port dstActor="D0N47" name="p90" srcActor="D0N24"/>
            <port dstActor="D0N46" name="p91" srcActor="D0N24"/>
            <port dstActor="D0N37" name="p92" srcActor="D0N9"/>
            <port dstActor="D0N44" name="p93" srcActor="D0N9"/>
            <port dstActor="D0N31" name="p94" srcActor="D0N9"/>
            <port dstActor="D0N30" name="p95" srcActor="D0N9"/>
            <port dstActor="D0N26" name="p96" srcActor="D0N22"/>
            <port dstActor="D0N29" name="p97" srcActor="D0N22"/>
            <port dstActor="D0N33" name="p98" srcActor="D0N22"/>
            <port dstActor="D0N25" name="p99" srcActor="D0N22"/>
            <port dstActor="D0N41" name="p100" srcActor="D0N8"/>
        </ports>
    </mcdag>
    <cores number="3"/>
    <levels number="2"/>
</mcsystem>
