<?xml version="1.0" encoding="UTF-8" standalone="no"?>
<mcsystem>
    <mcdag deadline="1200" name="genned-0-ed-10.0-0">
        <actor name="D0N9">
            <wcet number="0">10</wcet>
            <wcet number="1">100</wcet>
            <maxpow number="0.5016837306554345"/>
            <maxpow number="0.5016837306554345"/>
            <fprob>0.0</fprob>
        </actor>
        <actor name="D0N38">
            <wcet number="0">30</wcet>
            <wcet number="1">80</wcet>
            <maxpow number="0.24899800491693025"/>
            <maxpow number="0.24899800491693025"/>
            <fprob>0.0</fprob>
        </actor>
        <actor name="D0N25">
            <wcet number="0">30</wcet>
            <wcet number="1">30</wcet>
            <maxpow number="0.7743453803890888"/>
            <maxpow number="0.7743453803890888"/>
            <fprob>0.0</fprob>
        </actor>
        <actor name="D0N37">
            <wcet number="0">30</wcet>
            <wcet number="1">30</wcet>
            <maxpow number="0.9011173148492759"/>
            <maxpow number="0.9011173148492759"/>
            <fprob>0.0</fprob>
        </actor>
        <actor name="D0N1">
            <wcet number="0">10</wcet>
            <wcet number="1">10</wcet>
            <maxpow number="0.048099002069213026"/>
            <maxpow number="0.048099002069213026"/>
            <fprob>0.0</fprob>
        </actor>
        <actor name="D0N2">
            <wcet number="0">10</wcet>
            <wcet number="1">10</wcet>
            <maxpow number="0.8262033801914714"/>
            <maxpow number="0.8262033801914714"/>
            <fprob>0.0</fprob>
        </actor>
        <actor name="D0N22">
            <wcet number="0">30</wcet>
            <wcet number="1">40</wcet>
            <maxpow number="0.3790311652416942"/>
            <maxpow number="0.3790311652416942"/>
            <fprob>0.0</fprob>
        </actor>
        <actor name="D0N12">
            <wcet number="0">70</wcet>
            <wcet number="1">70</wcet>
            <maxpow number="0.21437659538800274"/>
            <maxpow number="0.21437659538800274"/>
            <fprob>0.0</fprob>
        </actor>
        <actor name="D0N15">
            <wcet number="0">10</wcet>
            <wcet number="1">90</wcet>
            <maxpow number="0.37901869017182777"/>
            <maxpow number="0.37901869017182777"/>
            <fprob>0.0</fprob>
        </actor>
        <actor name="D0N39">
            <wcet number="0">10</wcet>
            <wcet number="1">40</wcet>
            <maxpow number="0.6921114117015765"/>
            <maxpow number="0.6921114117015765"/>
            <fprob>0.0</fprob>
        </actor>
        <actor name="D0N27">
            <wcet number="0">10</wcet>
            <wcet number="1">30</wcet>
            <maxpow number="0.5918098787324899"/>
            <maxpow number="0.5918098787324899"/>
            <fprob>0.0</fprob>
        </actor>
        <actor name="D0N17">
            <wcet number="0">10</wcet>
            <wcet number="1">10</wcet>
            <maxpow number="0.2504159660475211"/>
            <maxpow number="0.2504159660475211"/>
            <fprob>0.0</fprob>
        </actor>
        <actor name="D0N41">
            <wcet number="0">200</wcet>
            <wcet number="1">230</wcet>
            <maxpow number="0.1608207723269286"/>
            <maxpow number="0.1608207723269286"/>
            <fprob>0.0</fprob>
        </actor>
        <actor name="D0N31">
            <wcet number="0">10</wcet>
            <wcet number="1">50</wcet>
            <maxpow number="0.5991764184292855"/>
            <maxpow number="0.5991764184292855"/>
            <fprob>0.0</fprob>
        </actor>
        <actor name="D0N19">
            <wcet number="0">120</wcet>
            <wcet number="1">160</wcet>
            <maxpow number="0.7864758087647804"/>
            <maxpow number="0.7864758087647804"/>
            <fprob>0.0</fprob>
        </actor>
        <actor name="D0N32">
            <wcet number="0">30</wcet>
            <wcet number="1">30</wcet>
            <maxpow number="0.534474204887643"/>
            <maxpow number="0.534474204887643"/>
            <fprob>0.0</fprob>
        </actor>
        <actor name="D0N35">
            <wcet number="0">60</wcet>
            <wcet number="1">130</wcet>
            <maxpow number="0.41151431935711913"/>
            <maxpow number="0.41151431935711913"/>
            <fprob>0.0</fprob>
        </actor>
        <actor name="D0N43">
            <wcet number="0">10</wcet>
            <wcet number="1">10</wcet>
            <maxpow number="0.7710646229855777"/>
            <maxpow number="0.7710646229855777"/>
            <fprob>0.0</fprob>
        </actor>
        <actor name="D0N24">
            <wcet number="0">10</wcet>
            <wcet number="1">40</wcet>
            <maxpow number="0.4189438746123767"/>
            <maxpow number="0.4189438746123767"/>
            <fprob>0.0</fprob>
        </actor>
        <actor name="D0N23">
            <wcet number="0">20</wcet>
            <wcet number="1">20</wcet>
            <maxpow number="0.6724580925206488"/>
            <maxpow number="0.6724580925206488"/>
            <fprob>0.0</fprob>
        </actor>
        <actor name="D0N28">
            <wcet number="0">10</wcet>
            <wcet number="1">30</wcet>
            <maxpow number="0.3655239968044315"/>
            <maxpow number="0.3655239968044315"/>
            <fprob>0.0</fprob>
        </actor>
        <actor name="D0N48">
            <wcet number="0">80</wcet>
            <wcet number="1">150</wcet>
            <maxpow number="0.473843435088777"/>
            <maxpow number="0.473843435088777"/>
            <fprob>0.0</fprob>
        </actor>
        <actor name="D0N49">
            <wcet number="0">110</wcet>
            <wcet number="1">300</wcet>
            <maxpow number="0.5111855660588317"/>
            <maxpow number="0.5111855660588317"/>
            <fprob>0.0</fprob>
        </actor>
        <actor name="D0N34">
            <wcet number="0">40</wcet>
            <wcet number="1">40</wcet>
            <maxpow number="0.4439452457768136"/>
            <maxpow number="0.4439452457768136"/>
            <fprob>0.0</fprob>
        </actor>
        <actor name="D0N6">
            <wcet number="0">20</wcet>
            <wcet number="1">90</wcet>
            <maxpow number="0.33684939915611656"/>
            <maxpow number="0.33684939915611656"/>
            <fprob>0.0</fprob>
        </actor>
        <actor name="D0N44">
            <wcet number="0">30</wcet>
            <wcet number="1">30</wcet>
            <maxpow number="0.5989758014121036"/>
            <maxpow number="0.5989758014121036"/>
            <fprob>0.0</fprob>
        </actor>
        <actor name="D0N26">
            <wcet number="0">10</wcet>
            <wcet number="1">60</wcet>
            <maxpow number="0.36714228363154355"/>
            <maxpow number="0.36714228363154355"/>
            <fprob>0.0</fprob>
        </actor>
        <actor name="D0N11">
            <wcet number="0">10</wcet>
            <wcet number="1">10</wcet>
            <maxpow number="0.34226885255928474"/>
            <maxpow number="0.34226885255928474"/>
            <fprob>0.0</fprob>
        </actor>
        <actor name="D0N30">
            <wcet number="0">20</wcet>
            <wcet number="1">50</wcet>
            <maxpow number="0.6904234317117721"/>
            <maxpow number="0.6904234317117721"/>
            <fprob>0.0</fprob>
        </actor>
        <actor name="D0N5">
            <wcet number="0">30</wcet>
            <wcet number="1">40</wcet>
            <maxpow number="0.47342682508330064"/>
            <maxpow number="0.47342682508330064"/>
            <fprob>0.0</fprob>
        </actor>
        <actor name="D0N10">
            <wcet number="0">20</wcet>
            <wcet number="1">50</wcet>
            <maxpow number="0.4948045129885323"/>
            <maxpow number="0.4948045129885323"/>
            <fprob>0.0</fprob>
        </actor>
        <actor name="D0N7">
            <wcet number="0">30</wcet>
            <wcet number="1">30</wcet>
            <maxpow number="0.1647615255834899"/>
            <maxpow number="0.1647615255834899"/>
            <fprob>0.0</fprob>
        </actor>
        <actor name="D0N3">
            <wcet number="0">10</wcet>
            <wcet number="1">20</wcet>
            <maxpow number="0.9143790857212355"/>
            <maxpow number="0.9143790857212355"/>
            <fprob>0.0</fprob>
        </actor>
        <actor name="D0N36">
            <wcet number="0">10</wcet>
            <wcet number="1">50</wcet>
            <maxpow number="0.3767017302108975"/>
            <maxpow number="0.3767017302108975"/>
            <fprob>0.0</fprob>
        </actor>
        <actor name="D0N45">
            <wcet number="0">30</wcet>
            <wcet number="1">60</wcet>
            <maxpow number="0.6893068534281033"/>
            <maxpow number="0.6893068534281033"/>
            <fprob>0.0</fprob>
        </actor>
        <actor name="D0N8">
            <wcet number="0">70</wcet>
            <wcet number="1">80</wcet>
            <maxpow number="0.6979576908001748"/>
            <maxpow number="0.6979576908001748"/>
            <fprob>0.0</fprob>
        </actor>
        <actor name="D0N20">
            <wcet number="0">30</wcet>
            <wcet number="1">40</wcet>
            <maxpow number="0.7714539591987852"/>
            <maxpow number="0.7714539591987852"/>
            <fprob>0.0</fprob>
        </actor>
        <actor name="D0N40">
            <wcet number="0">30</wcet>
            <wcet number="1">180</wcet>
            <maxpow number="0.5726380401173614"/>
            <maxpow number="0.5726380401173614"/>
            <fprob>0.0</fprob>
        </actor>
        <actor name="D0N42">
            <wcet number="0">60</wcet>
            <wcet number="1">120</wcet>
            <maxpow number="0.7161670633558459"/>
            <maxpow number="0.7161670633558459"/>
            <fprob>0.0</fprob>
        </actor>
        <actor name="D0N46">
            <wcet number="0">30</wcet>
            <wcet number="1">40</wcet>
            <maxpow number="0.6967492517338866"/>
            <maxpow number="0.6967492517338866"/>
            <fprob>0.0</fprob>
        </actor>
        <actor name="D0N33">
            <wcet number="0">10</wcet>
            <wcet number="1">10</wcet>
            <maxpow number="0.574011220593434"/>
            <maxpow number="0.574011220593434"/>
            <fprob>0.0</fprob>
        </actor>
        <actor name="D0N16">
            <wcet number="0">20</wcet>
            <wcet number="1">40</wcet>
            <maxpow number="0.5458780752263175"/>
            <maxpow number="0.5458780752263175"/>
            <fprob>0.0</fprob>
        </actor>
        <actor name="D0N21">
            <wcet number="0">40</wcet>
            <wcet number="1">40</wcet>
            <maxpow number="0.7124542075240279"/>
            <maxpow number="0.7124542075240279"/>
            <fprob>0.0</fprob>
        </actor>
        <actor name="D0N0">
            <wcet number="0">80</wcet>
            <wcet number="1">190</wcet>
            <maxpow number="0.4744036350989446"/>
            <maxpow number="0.4744036350989446"/>
            <fprob>0.0</fprob>
        </actor>
        <actor name="D0N13">
            <wcet number="0">10</wcet>
            <wcet number="1">10</wcet>
            <maxpow number="0.7951802842068718"/>
            <maxpow number="0.7951802842068718"/>
            <fprob>0.0</fprob>
        </actor>
        <actor name="D0N29">
            <wcet number="0">30</wcet>
            <wcet number="1">40</wcet>
            <maxpow number="0.4116044385157824"/>
            <maxpow number="0.4116044385157824"/>
            <fprob>0.0</fprob>
        </actor>
        <actor name="D0N4">
            <wcet number="0">10</wcet>
            <wcet number="1">20</wcet>
            <maxpow number="0.5525787779283484"/>
            <maxpow number="0.5525787779283484"/>
            <fprob>0.0</fprob>
        </actor>
        <actor name="D0N14">
            <wcet number="0">50</wcet>
            <wcet number="1">80</wcet>
            <maxpow number="0.7506943870000972"/>
            <maxpow number="0.7506943870000972"/>
            <fprob>0.0</fprob>
        </actor>
        <actor name="D0N47">
            <wcet number="0">120</wcet>
            <wcet number="1">160</wcet>
            <maxpow number="0.416818008568279"/>
            <maxpow number="0.416818008568279"/>
            <fprob>0.0</fprob>
        </actor>
        <actor name="D0N18">
            <wcet number="0">10</wcet>
            <wcet number="1">90</wcet>
            <maxpow number="0.7117353599905946"/>
            <maxpow number="0.7117353599905946"/>
            <fprob>0.0</fprob>
        </actor>
        <ports>
            <port dstActor="D0N19" name="p0" srcActor="D0N9"/>
            <port dstActor="D0N36" name="p1" srcActor="D0N9"/>
            <port dstActor="D0N28" name="p2" srcActor="D0N9"/>
            <port dstActor="D0N33" name="p3" srcActor="D0N9"/>
            <port dstActor="D0N31" name="p4" srcActor="D0N9"/>
            <port dstActor="D0N33" name="p5" srcActor="D0N25"/>
            <port dstActor="D0N41" name="p6" srcActor="D0N37"/>
            <port dstActor="D0N43" name="p7" srcActor="D0N37"/>
            <port dstActor="D0N20" name="p8" srcActor="D0N2"/>
            <port dstActor="D0N25" name="p9" srcActor="D0N2"/>
            <port dstActor="D0N19" name="p10" srcActor="D0N2"/>
            <port dstActor="D0N26" name="p11" srcActor="D0N2"/>
            <port dstActor="D0N11" name="p12" srcActor="D0N2"/>
            <port dstActor="D0N3" name="p13" srcActor="D0N2"/>
            <port dstActor="D0N41" name="p14" srcActor="D0N2"/>
            <port dstActor="D0N45" name="p15" srcActor="D0N2"/>
            <port dstActor="D0N5" name="p16" srcActor="D0N2"/>
            <port dstActor="D0N8" name="p17" srcActor="D0N2"/>
            <port dstActor="D0N36" name="p18" srcActor="D0N22"/>
            <port dstActor="D0N46" name="p19" srcActor="D0N22"/>
            <port dstActor="D0N23" name="p20" srcActor="D0N22"/>
            <port dstActor="D0N21" name="p21" srcActor="D0N12"/>
            <port dstActor="D0N18" name="p22" srcActor="D0N12"/>
            <port dstActor="D0N28" name="p23" srcActor="D0N12"/>
            <port dstActor="D0N40" name="p24" srcActor="D0N12"/>
            <port dstActor="D0N25" name="p25" srcActor="D0N15"/>
            <port dstActor="D0N27" name="p26" srcActor="D0N15"/>
            <port dstActor="D0N42" name="p27" srcActor="D0N15"/>
            <port dstActor="D0N45" name="p28" srcActor="D0N15"/>
            <port dstActor="D0N46" name="p29" srcActor="D0N15"/>
            <port dstActor="D0N45" name="p30" srcActor="D0N27"/>
            <port dstActor="D0N36" name="p31" srcActor="D0N27"/>
            <port dstActor="D0N31" name="p32" srcActor="D0N27"/>
            <port dstActor="D0N37" name="p33" srcActor="D0N31"/>
            <port dstActor="D0N48" name="p34" srcActor="D0N31"/>
            <port dstActor="D0N38" name="p35" srcActor="D0N31"/>
            <port dstActor="D0N40" name="p36" srcActor="D0N19"/>
            <port dstActor="D0N48" name="p37" srcActor="D0N32"/>
            <port dstActor="D0N37" name="p38" srcActor="D0N32"/>
            <port dstActor="D0N39" name="p39" srcActor="D0N32"/>
            <port dstActor="D0N46" name="p40" srcActor="D0N32"/>
            <port dstActor="D0N49" name="p41" srcActor="D0N35"/>
            <port dstActor="D0N44" name="p42" srcActor="D0N43"/>
            <port dstActor="D0N42" name="p43" srcActor="D0N24"/>
            <port dstActor="D0N40" name="p44" srcActor="D0N24"/>
            <port dstActor="D0N47" name="p45" srcActor="D0N24"/>
            <port dstActor="D0N34" name="p46" srcActor="D0N23"/>
            <port dstActor="D0N40" name="p47" srcActor="D0N23"/>
            <port dstActor="D0N36" name="p48" srcActor="D0N34"/>
            <port dstActor="D0N38" name="p49" srcActor="D0N6"/>
            <port dstActor="D0N13" name="p50" srcActor="D0N6"/>
            <port dstActor="D0N15" name="p51" srcActor="D0N6"/>
            <port dstActor="D0N22" name="p52" srcActor="D0N6"/>
            <port dstActor="D0N46" name="p53" srcActor="D0N6"/>
            <port dstActor="D0N46" name="p54" srcActor="D0N44"/>
            <port dstActor="D0N45" name="p55" srcActor="D0N44"/>
            <port dstActor="D0N28" name="p56" srcActor="D0N26"/>
            <port dstActor="D0N48" name="p57" srcActor="D0N26"/>
            <port dstActor="D0N39" name="p58" srcActor="D0N26"/>
            <port dstActor="D0N40" name="p59" srcActor="D0N26"/>
            <port dstActor="D0N26" name="p60" srcActor="D0N11"/>
            <port dstActor="D0N13" name="p61" srcActor="D0N11"/>
            <port dstActor="D0N25" name="p62" srcActor="D0N11"/>
            <port dstActor="D0N38" name="p63" srcActor="D0N11"/>
            <port dstActor="D0N42" name="p64" srcActor="D0N11"/>
            <port dstActor="D0N36" name="p65" srcActor="D0N30"/>
            <port dstActor="D0N37" name="p66" srcActor="D0N30"/>
            <port dstActor="D0N42" name="p67" srcActor="D0N30"/>
            <port dstActor="D0N31" name="p68" srcActor="D0N5"/>
            <port dstActor="D0N48" name="p69" srcActor="D0N5"/>
            <port dstActor="D0N7" name="p70" srcActor="D0N5"/>
            <port dstActor="D0N35" name="p71" srcActor="D0N5"/>
            <port dstActor="D0N36" name="p72" srcActor="D0N5"/>
            <port dstActor="D0N28" name="p73" srcActor="D0N10"/>
            <port dstActor="D0N34" name="p74" srcActor="D0N10"/>
            <port dstActor="D0N24" name="p75" srcActor="D0N10"/>
            <port dstActor="D0N40" name="p76" srcActor="D0N7"/>
            <port dstActor="D0N19" name="p77" srcActor="D0N7"/>
            <port dstActor="D0N14" name="p78" srcActor="D0N7"/>
            <port dstActor="D0N28" name="p79" srcActor="D0N7"/>
            <port dstActor="D0N8" name="p80" srcActor="D0N7"/>
            <port dstActor="D0N18" name="p81" srcActor="D0N7"/>
            <port dstActor="D0N35" name="p82" srcActor="D0N7"/>
            <port dstActor="D0N37" name="p83" srcActor="D0N3"/>
            <port dstActor="D0N29" name="p84" srcActor="D0N3"/>
            <port dstActor="D0N22" name="p85" srcActor="D0N3"/>
            <port dstActor="D0N48" name="p86" srcActor="D0N36"/>
            <port dstActor="D0N49" name="p87" srcActor="D0N36"/>
            <port dstActor="D0N18" name="p88" srcActor="D0N8"/>
            <port dstActor="D0N14" name="p89" srcActor="D0N8"/>
            <port dstActor="D0N47" name="p90" srcActor="D0N8"/>
            <port dstActor="D0N24" name="p91" srcActor="D0N20"/>
            <port dstActor="D0N30" name="p92" srcActor="D0N20"/>
            <port dstActor="D0N49" name="p93" srcActor="D0N20"/>
            <port dstActor="D0N46" name="p94" srcActor="D0N40"/>
            <port dstActor="D0N41" name="p95" srcActor="D0N33"/>
            <port dstActor="D0N42" name="p96" srcActor="D0N33"/>
            <port dstActor="D0N39" name="p97" srcActor="D0N33"/>
            <port dstActor="D0N48" name="p98" srcActor="D0N33"/>
            <port dstActor="D0N39" name="p99" srcActor="D0N16"/>
            <port dstActor="D0N33" name="p100" srcActor="D0N21"/>
            <port dstActor="D0N49" name="p101" srcActor="D0N0"/>
            <port dstActor="D0N33" name="p102" srcActor="D0N0"/>
            <port dstActor="D0N2" name="p103" srcActor="D0N0"/>
            <port dstActor="D0N23" name="p104" srcActor="D0N13"/>
            <port dstActor="D0N15" name="p105" srcActor="D0N13"/>
            <port dstActor="D0N28" name="p106" srcActor="D0N13"/>
            <port dstActor="D0N46" name="p107" srcActor="D0N29"/>
            <port dstActor="D0N10" name="p108" srcActor="D0N4"/>
            <port dstActor="D0N5" name="p109" srcActor="D0N4"/>
            <port dstActor="D0N48" name="p110" srcActor="D0N4"/>
            <port dstActor="D0N14" name="p111" srcActor="D0N4"/>
            <port dstActor="D0N31" name="p112" srcActor="D0N14"/>
            <port dstActor="D0N38" name="p113" srcActor="D0N14"/>
            <port dstActor="D0N17" name="p114" srcActor="D0N14"/>
            <port dstActor="D0N37" name="p115" srcActor="D0N14"/>
            <port dstActor="D0N34" name="p116" srcActor="D0N18"/>
            <port dstActor="D0N36" name="p117" srcActor="D0N18"/>
            <port dstActor="D0N43" name="p118" srcActor="D0N18"/>
            <port dstActor="D0N44" name="p119" srcActor="D0N18"/>
        </ports>
    </mcdag>
    <cores number="3"/>
    <levels number="2"/>
</mcsystem>
