<?xml version="1.0" encoding="UTF-8" standalone="no"?>
<mcsystem>
    <mcdag deadline="2500" name="genned-0-ed-10.0-0">
        <actor name="D0N6">
            <wcet number="0">20</wcet>
            <wcet number="1">280</wcet>
            <maxpow number="0.6687101178790384"/>
            <maxpow number="0.6687101178790384"/>
            <fprob>0.0</fprob>
        </actor>
        <actor name="D0N2">
            <wcet number="0">10</wcet>
            <wcet number="1">30</wcet>
            <maxpow number="0.49927531380363394"/>
            <maxpow number="0.49927531380363394"/>
            <fprob>0.0</fprob>
        </actor>
        <actor name="D0N16">
            <wcet number="0">30</wcet>
            <wcet number="1">50</wcet>
            <maxpow number="0.44742614071410114"/>
            <maxpow number="0.44742614071410114"/>
            <fprob>0.0</fprob>
        </actor>
        <actor name="D0N36">
            <wcet number="0">10</wcet>
            <wcet number="1">10</wcet>
            <maxpow number="0.5319798742678633"/>
            <maxpow number="0.5319798742678633"/>
            <fprob>0.0</fprob>
        </actor>
        <actor name="D0N43">
            <wcet number="0">30</wcet>
            <wcet number="1">30</wcet>
            <maxpow number="0.3685575937566963"/>
            <maxpow number="0.3685575937566963"/>
            <fprob>0.0</fprob>
        </actor>
        <actor name="D0N25">
            <wcet number="0">10</wcet>
            <wcet number="1">30</wcet>
            <maxpow number="0.7121915231631955"/>
            <maxpow number="0.7121915231631955"/>
            <fprob>0.0</fprob>
        </actor>
        <actor name="D0N15">
            <wcet number="0">160</wcet>
            <wcet number="1">160</wcet>
            <maxpow number="0.22701934756666653"/>
            <maxpow number="0.22701934756666653"/>
            <fprob>0.0</fprob>
        </actor>
        <actor name="D0N30">
            <wcet number="0">190</wcet>
            <wcet number="1">320</wcet>
            <maxpow number="0.45965441928941453"/>
            <maxpow number="0.45965441928941453"/>
            <fprob>0.0</fprob>
        </actor>
        <actor name="D0N21">
            <wcet number="0">20</wcet>
            <wcet number="1">150</wcet>
            <maxpow number="0.20292496232836837"/>
            <maxpow number="0.20292496232836837"/>
            <fprob>0.0</fprob>
        </actor>
        <actor name="D0N0">
            <wcet number="0">100</wcet>
            <wcet number="1">160</wcet>
            <maxpow number="0.5245009306353698"/>
            <maxpow number="0.5245009306353698"/>
            <fprob>0.0</fprob>
        </actor>
        <actor name="D0N48">
            <wcet number="0">20</wcet>
            <wcet number="1">40</wcet>
            <maxpow number="0.4921070875296383"/>
            <maxpow number="0.4921070875296383"/>
            <fprob>0.0</fprob>
        </actor>
        <actor name="D0N7">
            <wcet number="0">50</wcet>
            <wcet number="1">100</wcet>
            <maxpow number="0.4457801867998053"/>
            <maxpow number="0.4457801867998053"/>
            <fprob>0.0</fprob>
        </actor>
        <actor name="D0N41">
            <wcet number="0">20</wcet>
            <wcet number="1">50</wcet>
            <maxpow number="0.558672515240483"/>
            <maxpow number="0.558672515240483"/>
            <fprob>0.0</fprob>
        </actor>
        <actor name="D0N45">
            <wcet number="0">70</wcet>
            <wcet number="1">80</wcet>
            <maxpow number="0.4955948993412108"/>
            <maxpow number="0.4955948993412108"/>
            <fprob>0.0</fprob>
        </actor>
        <actor name="D0N37">
            <wcet number="0">150</wcet>
            <wcet number="1">200</wcet>
            <maxpow number="0.4206877813220769"/>
            <maxpow number="0.4206877813220769"/>
            <fprob>0.0</fprob>
        </actor>
        <actor name="D0N24">
            <wcet number="0">20</wcet>
            <wcet number="1">60</wcet>
            <maxpow number="0.4923368505427323"/>
            <maxpow number="0.4923368505427323"/>
            <fprob>0.0</fprob>
        </actor>
        <actor name="D0N12">
            <wcet number="0">60</wcet>
            <wcet number="1">90</wcet>
            <maxpow number="0.4783133606134153"/>
            <maxpow number="0.4783133606134153"/>
            <fprob>0.0</fprob>
        </actor>
        <actor name="D0N28">
            <wcet number="0">140</wcet>
            <wcet number="1">190</wcet>
            <maxpow number="0.4343657002536629"/>
            <maxpow number="0.4343657002536629"/>
            <fprob>0.0</fprob>
        </actor>
        <actor name="D0N42">
            <wcet number="0">140</wcet>
            <wcet number="1">140</wcet>
            <maxpow number="0.73576634244534"/>
            <maxpow number="0.73576634244534"/>
            <fprob>0.0</fprob>
        </actor>
        <actor name="D0N39">
            <wcet number="0">150</wcet>
            <wcet number="1">170</wcet>
            <maxpow number="0.4217613782700816"/>
            <maxpow number="0.4217613782700816"/>
            <fprob>0.0</fprob>
        </actor>
        <actor name="D0N31">
            <wcet number="0">60</wcet>
            <wcet number="1">70</wcet>
            <maxpow number="0.5729831012712394"/>
            <maxpow number="0.5729831012712394"/>
            <fprob>0.0</fprob>
        </actor>
        <actor name="D0N47">
            <wcet number="0">80</wcet>
            <wcet number="1">80</wcet>
            <maxpow number="0.3814180420442539"/>
            <maxpow number="0.3814180420442539"/>
            <fprob>0.0</fprob>
        </actor>
        <actor name="D0N13">
            <wcet number="0">10</wcet>
            <wcet number="1">20</wcet>
            <maxpow number="0.7364081102341966"/>
            <maxpow number="0.7364081102341966"/>
            <fprob>0.0</fprob>
        </actor>
        <actor name="D0N19">
            <wcet number="0">40</wcet>
            <wcet number="1">80</wcet>
            <maxpow number="0.7159408108509808"/>
            <maxpow number="0.7159408108509808"/>
            <fprob>0.0</fprob>
        </actor>
        <actor name="D0N8">
            <wcet number="0">70</wcet>
            <wcet number="1">120</wcet>
            <maxpow number="0.6208605219829573"/>
            <maxpow number="0.6208605219829573"/>
            <fprob>0.0</fprob>
        </actor>
        <actor name="D0N46">
            <wcet number="0">30</wcet>
            <wcet number="1">70</wcet>
            <maxpow number="0.42441575810171417"/>
            <maxpow number="0.42441575810171417"/>
            <fprob>0.0</fprob>
        </actor>
        <actor name="D0N9">
            <wcet number="0">10</wcet>
            <wcet number="1">50</wcet>
            <maxpow number="0.7807952352847375"/>
            <maxpow number="0.7807952352847375"/>
            <fprob>0.0</fprob>
        </actor>
        <actor name="D0N34">
            <wcet number="0">340</wcet>
            <wcet number="1">520</wcet>
            <maxpow number="0.44003040489433387"/>
            <maxpow number="0.44003040489433387"/>
            <fprob>0.0</fprob>
        </actor>
        <actor name="D0N5">
            <wcet number="0">70</wcet>
            <wcet number="1">70</wcet>
            <maxpow number="0.5194277561959462"/>
            <maxpow number="0.5194277561959462"/>
            <fprob>0.0</fprob>
        </actor>
        <actor name="D0N26">
            <wcet number="0">20</wcet>
            <wcet number="1">40</wcet>
            <maxpow number="0.34858726780906135"/>
            <maxpow number="0.34858726780906135"/>
            <fprob>0.0</fprob>
        </actor>
        <actor name="D0N38">
            <wcet number="0">40</wcet>
            <wcet number="1">180</wcet>
            <maxpow number="0.9952481202870246"/>
            <maxpow number="0.9952481202870246"/>
            <fprob>0.0</fprob>
        </actor>
        <actor name="D0N14">
            <wcet number="0">50</wcet>
            <wcet number="1">50</wcet>
            <maxpow number="0.5632197093389435"/>
            <maxpow number="0.5632197093389435"/>
            <fprob>0.0</fprob>
        </actor>
        <actor name="D0N35">
            <wcet number="0">20</wcet>
            <wcet number="1">40</wcet>
            <maxpow number="0.3234690347623762"/>
            <maxpow number="0.3234690347623762"/>
            <fprob>0.0</fprob>
        </actor>
        <actor name="D0N40">
            <wcet number="0">20</wcet>
            <wcet number="1">140</wcet>
            <maxpow number="0.609280292896921"/>
            <maxpow number="0.609280292896921"/>
            <fprob>0.0</fprob>
        </actor>
        <actor name="D0N29">
            <wcet number="0">120</wcet>
            <wcet number="1">210</wcet>
            <maxpow number="0.7095518860357802"/>
            <maxpow number="0.7095518860357802"/>
            <fprob>0.0</fprob>
        </actor>
        <actor name="D0N3">
            <wcet number="0">10</wcet>
            <wcet number="1">10</wcet>
            <maxpow number="0.4841421934970144"/>
            <maxpow number="0.4841421934970144"/>
            <fprob>0.0</fprob>
        </actor>
        <actor name="D0N27">
            <wcet number="0">10</wcet>
            <wcet number="1">10</wcet>
            <maxpow number="0.3626489863693041"/>
            <maxpow number="0.3626489863693041"/>
            <fprob>0.0</fprob>
        </actor>
        <actor name="D0N32">
            <wcet number="0">10</wcet>
            <wcet number="1">30</wcet>
            <maxpow number="0.37878369346020757"/>
            <maxpow number="0.37878369346020757"/>
            <fprob>0.0</fprob>
        </actor>
        <actor name="D0N1">
            <wcet number="0">20</wcet>
            <wcet number="1">50</wcet>
            <maxpow number="0.34093894437879957"/>
            <maxpow number="0.34093894437879957"/>
            <fprob>0.0</fprob>
        </actor>
        <actor name="D0N4">
            <wcet number="0">30</wcet>
            <wcet number="1">170</wcet>
            <maxpow number="0.6740619970493217"/>
            <maxpow number="0.6740619970493217"/>
            <fprob>0.0</fprob>
        </actor>
        <actor name="D0N17">
            <wcet number="0">100</wcet>
            <wcet number="1">390</wcet>
            <maxpow number="0.6921281608228278"/>
            <maxpow number="0.6921281608228278"/>
            <fprob>0.0</fprob>
        </actor>
        <actor name="D0N44">
            <wcet number="0">50</wcet>
            <wcet number="1">50</wcet>
            <maxpow number="0.5584701307285158"/>
            <maxpow number="0.5584701307285158"/>
            <fprob>0.0</fprob>
        </actor>
        <actor name="D0N10">
            <wcet number="0">50</wcet>
            <wcet number="1">60</wcet>
            <maxpow number="0.522328893176197"/>
            <maxpow number="0.522328893176197"/>
            <fprob>0.0</fprob>
        </actor>
        <actor name="D0N11">
            <wcet number="0">10</wcet>
            <wcet number="1">30</wcet>
            <maxpow number="0.5466611348850351"/>
            <maxpow number="0.5466611348850351"/>
            <fprob>0.0</fprob>
        </actor>
        <actor name="D0N23">
            <wcet number="0">10</wcet>
            <wcet number="1">10</wcet>
            <maxpow number="0.6621616383275959"/>
            <maxpow number="0.6621616383275959"/>
            <fprob>0.0</fprob>
        </actor>
        <actor name="D0N49">
            <wcet number="0">40</wcet>
            <wcet number="1">130</wcet>
            <maxpow number="0.654072595293951"/>
            <maxpow number="0.654072595293951"/>
            <fprob>0.0</fprob>
        </actor>
        <actor name="D0N22">
            <wcet number="0">20</wcet>
            <wcet number="1">120</wcet>
            <maxpow number="0.6808879028016572"/>
            <maxpow number="0.6808879028016572"/>
            <fprob>0.0</fprob>
        </actor>
        <actor name="D0N18">
            <wcet number="0">10</wcet>
            <wcet number="1">10</wcet>
            <maxpow number="0.5192624439759169"/>
            <maxpow number="0.5192624439759169"/>
            <fprob>0.0</fprob>
        </actor>
        <actor name="D0N33">
            <wcet number="0">10</wcet>
            <wcet number="1">20</wcet>
            <maxpow number="0.33101196921592824"/>
            <maxpow number="0.33101196921592824"/>
            <fprob>0.0</fprob>
        </actor>
        <actor name="D0N20">
            <wcet number="0">80</wcet>
            <wcet number="1">80</wcet>
            <maxpow number="0.759355719021552"/>
            <maxpow number="0.759355719021552"/>
            <fprob>0.0</fprob>
        </actor>
        <ports>
            <port dstActor="D0N8" name="p0" srcActor="D0N6"/>
            <port dstActor="D0N23" name="p1" srcActor="D0N6"/>
            <port dstActor="D0N24" name="p2" srcActor="D0N6"/>
            <port dstActor="D0N35" name="p3" srcActor="D0N6"/>
            <port dstActor="D0N42" name="p4" srcActor="D0N6"/>
            <port dstActor="D0N28" name="p5" srcActor="D0N6"/>
            <port dstActor="D0N15" name="p6" srcActor="D0N6"/>
            <port dstActor="D0N15" name="p7" srcActor="D0N2"/>
            <port dstActor="D0N38" name="p8" srcActor="D0N2"/>
            <port dstActor="D0N44" name="p9" srcActor="D0N2"/>
            <port dstActor="D0N8" name="p10" srcActor="D0N2"/>
            <port dstActor="D0N35" name="p11" srcActor="D0N2"/>
            <port dstActor="D0N43" name="p12" srcActor="D0N16"/>
            <port dstActor="D0N27" name="p13" srcActor="D0N16"/>
            <port dstActor="D0N38" name="p14" srcActor="D0N16"/>
            <port dstActor="D0N24" name="p15" srcActor="D0N16"/>
            <port dstActor="D0N49" name="p16" srcActor="D0N16"/>
            <port dstActor="D0N48" name="p17" srcActor="D0N36"/>
            <port dstActor="D0N40" name="p18" srcActor="D0N36"/>
            <port dstActor="D0N49" name="p19" srcActor="D0N43"/>
            <port dstActor="D0N45" name="p20" srcActor="D0N25"/>
            <port dstActor="D0N31" name="p21" srcActor="D0N25"/>
            <port dstActor="D0N17" name="p22" srcActor="D0N15"/>
            <port dstActor="D0N45" name="p23" srcActor="D0N15"/>
            <port dstActor="D0N44" name="p24" srcActor="D0N15"/>
            <port dstActor="D0N42" name="p25" srcActor="D0N15"/>
            <port dstActor="D0N37" name="p26" srcActor="D0N15"/>
            <port dstActor="D0N34" name="p27" srcActor="D0N30"/>
            <port dstActor="D0N32" name="p28" srcActor="D0N21"/>
            <port dstActor="D0N23" name="p29" srcActor="D0N21"/>
            <port dstActor="D0N41" name="p30" srcActor="D0N21"/>
            <port dstActor="D0N28" name="p31" srcActor="D0N21"/>
            <port dstActor="D0N9" name="p32" srcActor="D0N0"/>
            <port dstActor="D0N31" name="p33" srcActor="D0N0"/>
            <port dstActor="D0N18" name="p34" srcActor="D0N0"/>
            <port dstActor="D0N20" name="p35" srcActor="D0N7"/>
            <port dstActor="D0N42" name="p36" srcActor="D0N7"/>
            <port dstActor="D0N9" name="p37" srcActor="D0N7"/>
            <port dstActor="D0N49" name="p38" srcActor="D0N41"/>
            <port dstActor="D0N42" name="p39" srcActor="D0N37"/>
            <port dstActor="D0N49" name="p40" srcActor="D0N37"/>
            <port dstActor="D0N46" name="p41" srcActor="D0N24"/>
            <port dstActor="D0N35" name="p42" srcActor="D0N24"/>
            <port dstActor="D0N39" name="p43" srcActor="D0N24"/>
            <port dstActor="D0N42" name="p44" srcActor="D0N24"/>
            <port dstActor="D0N21" name="p45" srcActor="D0N12"/>
            <port dstActor="D0N28" name="p46" srcActor="D0N12"/>
            <port dstActor="D0N41" name="p47" srcActor="D0N12"/>
            <port dstActor="D0N45" name="p48" srcActor="D0N12"/>
            <port dstActor="D0N31" name="p49" srcActor="D0N28"/>
            <port dstActor="D0N47" name="p50" srcActor="D0N28"/>
            <port dstActor="D0N49" name="p51" srcActor="D0N42"/>
            <port dstActor="D0N43" name="p52" srcActor="D0N39"/>
            <port dstActor="D0N45" name="p53" srcActor="D0N39"/>
            <port dstActor="D0N22" name="p54" srcActor="D0N13"/>
            <port dstActor="D0N48" name="p55" srcActor="D0N13"/>
            <port dstActor="D0N45" name="p56" srcActor="D0N13"/>
            <port dstActor="D0N30" name="p57" srcActor="D0N13"/>
            <port dstActor="D0N26" name="p58" srcActor="D0N13"/>
            <port dstActor="D0N37" name="p59" srcActor="D0N19"/>
            <port dstActor="D0N25" name="p60" srcActor="D0N19"/>
            <port dstActor="D0N35" name="p61" srcActor="D0N8"/>
            <port dstActor="D0N47" name="p62" srcActor="D0N8"/>
            <port dstActor="D0N32" name="p63" srcActor="D0N8"/>
            <port dstActor="D0N43" name="p64" srcActor="D0N8"/>
            <port dstActor="D0N48" name="p65" srcActor="D0N46"/>
            <port dstActor="D0N20" name="p66" srcActor="D0N9"/>
            <port dstActor="D0N29" name="p67" srcActor="D0N9"/>
            <port dstActor="D0N31" name="p68" srcActor="D0N9"/>
            <port dstActor="D0N22" name="p69" srcActor="D0N5"/>
            <port dstActor="D0N38" name="p70" srcActor="D0N5"/>
            <port dstActor="D0N41" name="p71" srcActor="D0N5"/>
            <port dstActor="D0N20" name="p72" srcActor="D0N5"/>
            <port dstActor="D0N29" name="p73" srcActor="D0N26"/>
            <port dstActor="D0N47" name="p74" srcActor="D0N38"/>
            <port dstActor="D0N41" name="p75" srcActor="D0N38"/>
            <port dstActor="D0N39" name="p76" srcActor="D0N38"/>
            <port dstActor="D0N46" name="p77" srcActor="D0N14"/>
            <port dstActor="D0N27" name="p78" srcActor="D0N14"/>
            <port dstActor="D0N24" name="p79" srcActor="D0N14"/>
            <port dstActor="D0N29" name="p80" srcActor="D0N14"/>
            <port dstActor="D0N36" name="p81" srcActor="D0N35"/>
            <port dstActor="D0N43" name="p82" srcActor="D0N35"/>
            <port dstActor="D0N34" name="p83" srcActor="D0N29"/>
            <port dstActor="D0N14" name="p84" srcActor="D0N3"/>
            <port dstActor="D0N12" name="p85" srcActor="D0N3"/>
            <port dstActor="D0N5" name="p86" srcActor="D0N3"/>
            <port dstActor="D0N42" name="p87" srcActor="D0N3"/>
            <port dstActor="D0N10" name="p88" srcActor="D0N3"/>
            <port dstActor="D0N37" name="p89" srcActor="D0N3"/>
            <port dstActor="D0N26" name="p90" srcActor="D0N3"/>
            <port dstActor="D0N49" name="p91" srcActor="D0N3"/>
            <port dstActor="D0N15" name="p92" srcActor="D0N3"/>
            <port dstActor="D0N41" name="p93" srcActor="D0N27"/>
            <port dstActor="D0N46" name="p94" srcActor="D0N27"/>
            <port dstActor="D0N45" name="p95" srcActor="D0N27"/>
            <port dstActor="D0N29" name="p96" srcActor="D0N27"/>
            <port dstActor="D0N42" name="p97" srcActor="D0N32"/>
            <port dstActor="D0N13" name="p98" srcActor="D0N1"/>
            <port dstActor="D0N9" name="p99" srcActor="D0N1"/>
            <port dstActor="D0N18" name="p100" srcActor="D0N1"/>
            <port dstActor="D0N40" name="p101" srcActor="D0N1"/>
            <port dstActor="D0N49" name="p102" srcActor="D0N1"/>
            <port dstActor="D0N12" name="p103" srcActor="D0N1"/>
            <port dstActor="D0N32" name="p104" srcActor="D0N1"/>
            <port dstActor="D0N35" name="p105" srcActor="D0N1"/>
            <port dstActor="D0N28" name="p106" srcActor="D0N1"/>
            <port dstActor="D0N46" name="p107" srcActor="D0N4"/>
            <port dstActor="D0N33" name="p108" srcActor="D0N4"/>
            <port dstActor="D0N49" name="p109" srcActor="D0N4"/>
            <port dstActor="D0N17" name="p110" srcActor="D0N4"/>
            <port dstActor="D0N48" name="p111" srcActor="D0N4"/>
            <port dstActor="D0N9" name="p112" srcActor="D0N4"/>
            <port dstActor="D0N11" name="p113" srcActor="D0N4"/>
            <port dstActor="D0N22" name="p114" srcActor="D0N17"/>
            <port dstActor="D0N34" name="p115" srcActor="D0N17"/>
            <port dstActor="D0N41" name="p116" srcActor="D0N10"/>
            <port dstActor="D0N25" name="p117" srcActor="D0N10"/>
            <port dstActor="D0N34" name="p118" srcActor="D0N10"/>
            <port dstActor="D0N15" name="p119" srcActor="D0N11"/>
            <port dstActor="D0N13" name="p120" srcActor="D0N11"/>
            <port dstActor="D0N29" name="p121" srcActor="D0N11"/>
            <port dstActor="D0N48" name="p122" srcActor="D0N11"/>
            <port dstActor="D0N40" name="p123" srcActor="D0N11"/>
            <port dstActor="D0N41" name="p124" srcActor="D0N23"/>
            <port dstActor="D0N34" name="p125" srcActor="D0N23"/>
            <port dstActor="D0N39" name="p126" srcActor="D0N22"/>
            <port dstActor="D0N46" name="p127" srcActor="D0N22"/>
            <port dstActor="D0N31" name="p128" srcActor="D0N18"/>
            <port dstActor="D0N48" name="p129" srcActor="D0N33"/>
            <port dstActor="D0N47" name="p130" srcActor="D0N20"/>
            <port dstActor="D0N38" name="p131" srcActor="D0N20"/>
            <port dstActor="D0N44" name="p132" srcActor="D0N20"/>
            <port dstActor="D0N49" name="p133" srcActor="D0N20"/>
        </ports>
    </mcdag>
    <cores number="3"/>
    <levels number="2"/>
</mcsystem>
