<?xml version="1.0" encoding="UTF-8" standalone="no"?>
<mcsystem>
    <mcdag deadline="1200" name="genned-0-ed-10.0-0">
        <actor name="D0N13">
            <wcet number="0">40</wcet>
            <wcet number="1">50</wcet>
            <maxpow number="0.764503727385663"/>
            <maxpow number="0.764503727385663"/>
            <fprob>0.0</fprob>
        </actor>
        <actor name="D0N26">
            <wcet number="0">10</wcet>
            <wcet number="1">10</wcet>
            <maxpow number="0.5717704018677021"/>
            <maxpow number="0.5717704018677021"/>
            <fprob>0.0</fprob>
        </actor>
        <actor name="D0N5">
            <wcet number="0">20</wcet>
            <wcet number="1">20</wcet>
            <maxpow number="0.6059358973762876"/>
            <maxpow number="0.6059358973762876"/>
            <fprob>0.0</fprob>
        </actor>
        <actor name="D0N31">
            <wcet number="0">40</wcet>
            <wcet number="1">40</wcet>
            <maxpow number="0.2557987209607038"/>
            <maxpow number="0.2557987209607038"/>
            <fprob>0.0</fprob>
        </actor>
        <actor name="D0N38">
            <wcet number="0">20</wcet>
            <wcet number="1">40</wcet>
            <maxpow number="0.6722582873922271"/>
            <maxpow number="0.6722582873922271"/>
            <fprob>0.0</fprob>
        </actor>
        <actor name="D0N41">
            <wcet number="0">10</wcet>
            <wcet number="1">60</wcet>
            <maxpow number="0.39916032919197053"/>
            <maxpow number="0.39916032919197053"/>
            <fprob>0.0</fprob>
        </actor>
        <actor name="D0N29">
            <wcet number="0">50</wcet>
            <wcet number="1">60</wcet>
            <maxpow number="0.17399964804756562"/>
            <maxpow number="0.17399964804756562"/>
            <fprob>0.0</fprob>
        </actor>
        <actor name="D0N20">
            <wcet number="0">10</wcet>
            <wcet number="1">10</wcet>
            <maxpow number="0.3781013783546343"/>
            <maxpow number="0.3781013783546343"/>
            <fprob>0.0</fprob>
        </actor>
        <actor name="D0N37">
            <wcet number="0">10</wcet>
            <wcet number="1">10</wcet>
            <maxpow number="0.5449075636321183"/>
            <maxpow number="0.5449075636321183"/>
            <fprob>0.0</fprob>
        </actor>
        <actor name="D0N0">
            <wcet number="0">10</wcet>
            <wcet number="1">30</wcet>
            <maxpow number="0.3893967797693545"/>
            <maxpow number="0.3893967797693545"/>
            <fprob>0.0</fprob>
        </actor>
        <actor name="D0N7">
            <wcet number="0">50</wcet>
            <wcet number="1">70</wcet>
            <maxpow number="0.37243243382490854"/>
            <maxpow number="0.37243243382490854"/>
            <fprob>0.0</fprob>
        </actor>
        <actor name="D0N24">
            <wcet number="0">60</wcet>
            <wcet number="1">70</wcet>
            <maxpow number="0.2389884152568253"/>
            <maxpow number="0.2389884152568253"/>
            <fprob>0.0</fprob>
        </actor>
        <actor name="D0N34">
            <wcet number="0">10</wcet>
            <wcet number="1">10</wcet>
            <maxpow number="0.7049558424154561"/>
            <maxpow number="0.7049558424154561"/>
            <fprob>0.0</fprob>
        </actor>
        <actor name="D0N2">
            <wcet number="0">10</wcet>
            <wcet number="1">20</wcet>
            <maxpow number="0.5283744335898718"/>
            <maxpow number="0.5283744335898718"/>
            <fprob>0.0</fprob>
        </actor>
        <actor name="D0N3">
            <wcet number="0">60</wcet>
            <wcet number="1">70</wcet>
            <maxpow number="0.5025608824023887"/>
            <maxpow number="0.5025608824023887"/>
            <fprob>0.0</fprob>
        </actor>
        <actor name="D0N19">
            <wcet number="0">10</wcet>
            <wcet number="1">20</wcet>
            <maxpow number="0.3446850716460892"/>
            <maxpow number="0.3446850716460892"/>
            <fprob>0.0</fprob>
        </actor>
        <actor name="D0N32">
            <wcet number="0">10</wcet>
            <wcet number="1">40</wcet>
            <maxpow number="0.5648716947456808"/>
            <maxpow number="0.5648716947456808"/>
            <fprob>0.0</fprob>
        </actor>
        <actor name="D0N43">
            <wcet number="0">50</wcet>
            <wcet number="1">50</wcet>
            <maxpow number="0.35959044639101884"/>
            <maxpow number="0.35959044639101884"/>
            <fprob>0.0</fprob>
        </actor>
        <actor name="D0N47">
            <wcet number="0">10</wcet>
            <wcet number="1">20</wcet>
            <maxpow number="1.0220813957667114"/>
            <maxpow number="1.0220813957667114"/>
            <fprob>0.0</fprob>
        </actor>
        <actor name="D0N16">
            <wcet number="0">100</wcet>
            <wcet number="1">100</wcet>
            <maxpow number="0.30734397925473483"/>
            <maxpow number="0.30734397925473483"/>
            <fprob>0.0</fprob>
        </actor>
        <actor name="D0N22">
            <wcet number="0">60</wcet>
            <wcet number="1">90</wcet>
            <maxpow number="0.8842491373484941"/>
            <maxpow number="0.8842491373484941"/>
            <fprob>0.0</fprob>
        </actor>
        <actor name="D0N27">
            <wcet number="0">10</wcet>
            <wcet number="1">100</wcet>
            <maxpow number="0.5747972112136408"/>
            <maxpow number="0.5747972112136408"/>
            <fprob>0.0</fprob>
        </actor>
        <actor name="D0N9">
            <wcet number="0">20</wcet>
            <wcet number="1">30</wcet>
            <maxpow number="0.281364450493041"/>
            <maxpow number="0.281364450493041"/>
            <fprob>0.0</fprob>
        </actor>
        <actor name="D0N18">
            <wcet number="0">30</wcet>
            <wcet number="1">30</wcet>
            <maxpow number="0.5020388739472771"/>
            <maxpow number="0.5020388739472771"/>
            <fprob>0.0</fprob>
        </actor>
        <actor name="D0N33">
            <wcet number="0">50</wcet>
            <wcet number="1">50</wcet>
            <maxpow number="0.35284071506740017"/>
            <maxpow number="0.35284071506740017"/>
            <fprob>0.0</fprob>
        </actor>
        <actor name="D0N15">
            <wcet number="0">10</wcet>
            <wcet number="1">20</wcet>
            <maxpow number="0.2717740668918764"/>
            <maxpow number="0.2717740668918764"/>
            <fprob>0.0</fprob>
        </actor>
        <actor name="D0N10">
            <wcet number="0">20</wcet>
            <wcet number="1">30</wcet>
            <maxpow number="0.776801443942557"/>
            <maxpow number="0.776801443942557"/>
            <fprob>0.0</fprob>
        </actor>
        <actor name="D0N23">
            <wcet number="0">10</wcet>
            <wcet number="1">30</wcet>
            <maxpow number="0.5029910324500304"/>
            <maxpow number="0.5029910324500304"/>
            <fprob>0.0</fprob>
        </actor>
        <actor name="D0N28">
            <wcet number="0">20</wcet>
            <wcet number="1">20</wcet>
            <maxpow number="0.5958229634522019"/>
            <maxpow number="0.5958229634522019"/>
            <fprob>0.0</fprob>
        </actor>
        <actor name="D0N45">
            <wcet number="0">10</wcet>
            <wcet number="1">60</wcet>
            <maxpow number="0.5967776503344543"/>
            <maxpow number="0.5967776503344543"/>
            <fprob>0.0</fprob>
        </actor>
        <actor name="D0N46">
            <wcet number="0">100</wcet>
            <wcet number="1">100</wcet>
            <maxpow number="0.5706871104868128"/>
            <maxpow number="0.5706871104868128"/>
            <fprob>0.0</fprob>
        </actor>
        <actor name="D0N36">
            <wcet number="0">30</wcet>
            <wcet number="1">70</wcet>
            <maxpow number="0.5370123887333835"/>
            <maxpow number="0.5370123887333835"/>
            <fprob>0.0</fprob>
        </actor>
        <actor name="D0N21">
            <wcet number="0">20</wcet>
            <wcet number="1">70</wcet>
            <maxpow number="0.4903578670724694"/>
            <maxpow number="0.4903578670724694"/>
            <fprob>0.0</fprob>
        </actor>
        <actor name="D0N42">
            <wcet number="0">50</wcet>
            <wcet number="1">80</wcet>
            <maxpow number="0.4642568631590789"/>
            <maxpow number="0.4642568631590789"/>
            <fprob>0.0</fprob>
        </actor>
        <actor name="D0N17">
            <wcet number="0">70</wcet>
            <wcet number="1">210</wcet>
            <maxpow number="0.9062212863294218"/>
            <maxpow number="0.9062212863294218"/>
            <fprob>0.0</fprob>
        </actor>
        <actor name="D0N39">
            <wcet number="0">40</wcet>
            <wcet number="1">60</wcet>
            <maxpow number="0.4220781754458856"/>
            <maxpow number="0.4220781754458856"/>
            <fprob>0.0</fprob>
        </actor>
        <actor name="D0N8">
            <wcet number="0">20</wcet>
            <wcet number="1">40</wcet>
            <maxpow number="0.6228816003419793"/>
            <maxpow number="0.6228816003419793"/>
            <fprob>0.0</fprob>
        </actor>
        <actor name="D0N14">
            <wcet number="0">220</wcet>
            <wcet number="1">330</wcet>
            <maxpow number="0.6925039433468825"/>
            <maxpow number="0.6925039433468825"/>
            <fprob>0.0</fprob>
        </actor>
        <actor name="D0N6">
            <wcet number="0">20</wcet>
            <wcet number="1">30</wcet>
            <maxpow number="0.3444159341078422"/>
            <maxpow number="0.3444159341078422"/>
            <fprob>0.0</fprob>
        </actor>
        <actor name="D0N35">
            <wcet number="0">10</wcet>
            <wcet number="1">120</wcet>
            <maxpow number="0.7782699952173007"/>
            <maxpow number="0.7782699952173007"/>
            <fprob>0.0</fprob>
        </actor>
        <actor name="D0N12">
            <wcet number="0">20</wcet>
            <wcet number="1">20</wcet>
            <maxpow number="0.6662116229653994"/>
            <maxpow number="0.6662116229653994"/>
            <fprob>0.0</fprob>
        </actor>
        <actor name="D0N11">
            <wcet number="0">10</wcet>
            <wcet number="1">60</wcet>
            <maxpow number="0.614311113252107"/>
            <maxpow number="0.614311113252107"/>
            <fprob>0.0</fprob>
        </actor>
        <actor name="D0N4">
            <wcet number="0">20</wcet>
            <wcet number="1">60</wcet>
            <maxpow number="0.5983822763002071"/>
            <maxpow number="0.5983822763002071"/>
            <fprob>0.0</fprob>
        </actor>
        <actor name="D0N1">
            <wcet number="0">40</wcet>
            <wcet number="1">90</wcet>
            <maxpow number="0.4564826376072488"/>
            <maxpow number="0.4564826376072488"/>
            <fprob>0.0</fprob>
        </actor>
        <actor name="D0N40">
            <wcet number="0">20</wcet>
            <wcet number="1">80</wcet>
            <maxpow number="0.6996029829316582"/>
            <maxpow number="0.6996029829316582"/>
            <fprob>0.0</fprob>
        </actor>
        <actor name="D0N30">
            <wcet number="0">40</wcet>
            <wcet number="1">60</wcet>
            <maxpow number="0.3629434211880835"/>
            <maxpow number="0.3629434211880835"/>
            <fprob>0.0</fprob>
        </actor>
        <actor name="D0N44">
            <wcet number="0">10</wcet>
            <wcet number="1">110</wcet>
            <maxpow number="0.7171075098808245"/>
            <maxpow number="0.7171075098808245"/>
            <fprob>0.0</fprob>
        </actor>
        <actor name="D0N25">
            <wcet number="0">10</wcet>
            <wcet number="1">30</wcet>
            <maxpow number="0.5644739591761233"/>
            <maxpow number="0.5644739591761233"/>
            <fprob>0.0</fprob>
        </actor>
        <ports>
            <port dstActor="D0N26" name="p0" srcActor="D0N13"/>
            <port dstActor="D0N32" name="p1" srcActor="D0N13"/>
            <port dstActor="D0N19" name="p2" srcActor="D0N13"/>
            <port dstActor="D0N34" name="p3" srcActor="D0N13"/>
            <port dstActor="D0N35" name="p4" srcActor="D0N13"/>
            <port dstActor="D0N43" name="p5" srcActor="D0N26"/>
            <port dstActor="D0N31" name="p6" srcActor="D0N26"/>
            <port dstActor="D0N36" name="p7" srcActor="D0N26"/>
            <port dstActor="D0N32" name="p8" srcActor="D0N26"/>
            <port dstActor="D0N38" name="p9" srcActor="D0N5"/>
            <port dstActor="D0N13" name="p10" srcActor="D0N5"/>
            <port dstActor="D0N23" name="p11" srcActor="D0N5"/>
            <port dstActor="D0N40" name="p12" srcActor="D0N5"/>
            <port dstActor="D0N15" name="p13" srcActor="D0N5"/>
            <port dstActor="D0N10" name="p14" srcActor="D0N5"/>
            <port dstActor="D0N6" name="p15" srcActor="D0N5"/>
            <port dstActor="D0N20" name="p16" srcActor="D0N5"/>
            <port dstActor="D0N42" name="p17" srcActor="D0N31"/>
            <port dstActor="D0N45" name="p18" srcActor="D0N31"/>
            <port dstActor="D0N40" name="p19" srcActor="D0N38"/>
            <port dstActor="D0N42" name="p20" srcActor="D0N38"/>
            <port dstActor="D0N30" name="p21" srcActor="D0N29"/>
            <port dstActor="D0N47" name="p22" srcActor="D0N29"/>
            <port dstActor="D0N43" name="p23" srcActor="D0N20"/>
            <port dstActor="D0N41" name="p24" srcActor="D0N20"/>
            <port dstActor="D0N21" name="p25" srcActor="D0N20"/>
            <port dstActor="D0N6" name="p26" srcActor="D0N0"/>
            <port dstActor="D0N17" name="p27" srcActor="D0N0"/>
            <port dstActor="D0N45" name="p28" srcActor="D0N0"/>
            <port dstActor="D0N25" name="p29" srcActor="D0N0"/>
            <port dstActor="D0N33" name="p30" srcActor="D0N0"/>
            <port dstActor="D0N40" name="p31" srcActor="D0N0"/>
            <port dstActor="D0N7" name="p32" srcActor="D0N0"/>
            <port dstActor="D0N13" name="p33" srcActor="D0N7"/>
            <port dstActor="D0N27" name="p34" srcActor="D0N7"/>
            <port dstActor="D0N26" name="p35" srcActor="D0N7"/>
            <port dstActor="D0N33" name="p36" srcActor="D0N7"/>
            <port dstActor="D0N18" name="p37" srcActor="D0N7"/>
            <port dstActor="D0N39" name="p38" srcActor="D0N24"/>
            <port dstActor="D0N38" name="p39" srcActor="D0N34"/>
            <port dstActor="D0N45" name="p40" srcActor="D0N34"/>
            <port dstActor="D0N24" name="p41" srcActor="D0N2"/>
            <port dstActor="D0N25" name="p42" srcActor="D0N2"/>
            <port dstActor="D0N35" name="p43" srcActor="D0N2"/>
            <port dstActor="D0N32" name="p44" srcActor="D0N3"/>
            <port dstActor="D0N38" name="p45" srcActor="D0N3"/>
            <port dstActor="D0N26" name="p46" srcActor="D0N3"/>
            <port dstActor="D0N10" name="p47" srcActor="D0N3"/>
            <port dstActor="D0N15" name="p48" srcActor="D0N3"/>
            <port dstActor="D0N17" name="p49" srcActor="D0N3"/>
            <port dstActor="D0N29" name="p50" srcActor="D0N3"/>
            <port dstActor="D0N38" name="p51" srcActor="D0N32"/>
            <port dstActor="D0N45" name="p52" srcActor="D0N43"/>
            <port dstActor="D0N20" name="p53" srcActor="D0N16"/>
            <port dstActor="D0N27" name="p54" srcActor="D0N16"/>
            <port dstActor="D0N30" name="p55" srcActor="D0N16"/>
            <port dstActor="D0N30" name="p56" srcActor="D0N22"/>
            <port dstActor="D0N44" name="p57" srcActor="D0N22"/>
            <port dstActor="D0N24" name="p58" srcActor="D0N22"/>
            <port dstActor="D0N47" name="p59" srcActor="D0N27"/>
            <port dstActor="D0N28" name="p60" srcActor="D0N27"/>
            <port dstActor="D0N30" name="p61" srcActor="D0N27"/>
            <port dstActor="D0N21" name="p62" srcActor="D0N9"/>
            <port dstActor="D0N19" name="p63" srcActor="D0N9"/>
            <port dstActor="D0N33" name="p64" srcActor="D0N18"/>
            <port dstActor="D0N46" name="p65" srcActor="D0N18"/>
            <port dstActor="D0N34" name="p66" srcActor="D0N18"/>
            <port dstActor="D0N24" name="p67" srcActor="D0N18"/>
            <port dstActor="D0N25" name="p68" srcActor="D0N15"/>
            <port dstActor="D0N30" name="p69" srcActor="D0N15"/>
            <port dstActor="D0N18" name="p70" srcActor="D0N15"/>
            <port dstActor="D0N21" name="p71" srcActor="D0N15"/>
            <port dstActor="D0N26" name="p72" srcActor="D0N15"/>
            <port dstActor="D0N29" name="p73" srcActor="D0N10"/>
            <port dstActor="D0N27" name="p74" srcActor="D0N10"/>
            <port dstActor="D0N45" name="p75" srcActor="D0N10"/>
            <port dstActor="D0N21" name="p76" srcActor="D0N10"/>
            <port dstActor="D0N39" name="p77" srcActor="D0N28"/>
            <port dstActor="D0N43" name="p78" srcActor="D0N36"/>
            <port dstActor="D0N43" name="p79" srcActor="D0N21"/>
            <port dstActor="D0N44" name="p80" srcActor="D0N21"/>
            <port dstActor="D0N34" name="p81" srcActor="D0N21"/>
            <port dstActor="D0N41" name="p82" srcActor="D0N21"/>
            <port dstActor="D0N23" name="p83" srcActor="D0N21"/>
            <port dstActor="D0N40" name="p84" srcActor="D0N21"/>
            <port dstActor="D0N20" name="p85" srcActor="D0N17"/>
            <port dstActor="D0N24" name="p86" srcActor="D0N17"/>
            <port dstActor="D0N28" name="p87" srcActor="D0N17"/>
            <port dstActor="D0N29" name="p88" srcActor="D0N17"/>
            <port dstActor="D0N18" name="p89" srcActor="D0N8"/>
            <port dstActor="D0N36" name="p90" srcActor="D0N8"/>
            <port dstActor="D0N47" name="p91" srcActor="D0N14"/>
            <port dstActor="D0N31" name="p92" srcActor="D0N14"/>
            <port dstActor="D0N39" name="p93" srcActor="D0N6"/>
            <port dstActor="D0N10" name="p94" srcActor="D0N6"/>
            <port dstActor="D0N32" name="p95" srcActor="D0N6"/>
            <port dstActor="D0N38" name="p96" srcActor="D0N35"/>
            <port dstActor="D0N33" name="p97" srcActor="D0N12"/>
            <port dstActor="D0N43" name="p98" srcActor="D0N12"/>
            <port dstActor="D0N41" name="p99" srcActor="D0N11"/>
            <port dstActor="D0N44" name="p100" srcActor="D0N11"/>
            <port dstActor="D0N36" name="p101" srcActor="D0N11"/>
            <port dstActor="D0N20" name="p102" srcActor="D0N11"/>
            <port dstActor="D0N9" name="p103" srcActor="D0N4"/>
            <port dstActor="D0N5" name="p104" srcActor="D0N4"/>
            <port dstActor="D0N42" name="p105" srcActor="D0N4"/>
            <port dstActor="D0N3" name="p106" srcActor="D0N1"/>
            <port dstActor="D0N14" name="p107" srcActor="D0N1"/>
            <port dstActor="D0N4" name="p108" srcActor="D0N1"/>
            <port dstActor="D0N7" name="p109" srcActor="D0N1"/>
            <port dstActor="D0N41" name="p110" srcActor="D0N40"/>
            <port dstActor="D0N46" name="p111" srcActor="D0N40"/>
            <port dstActor="D0N42" name="p112" srcActor="D0N30"/>
            <port dstActor="D0N40" name="p113" srcActor="D0N30"/>
            <port dstActor="D0N35" name="p114" srcActor="D0N30"/>
            <port dstActor="D0N34" name="p115" srcActor="D0N30"/>
            <port dstActor="D0N43" name="p116" srcActor="D0N25"/>
            <port dstActor="D0N27" name="p117" srcActor="D0N25"/>
        </ports>
    </mcdag>
    <cores number="3"/>
    <levels number="2"/>
</mcsystem>
