<?xml version="1.0" encoding="UTF-8" standalone="no"?>
<mcsystem>
    <mcdag deadline="1200" name="genned-0-ed-10.0-0">
        <actor name="D0N15">
            <wcet number="0">50</wcet>
            <wcet number="1">50</wcet>
            <maxpow number="0.8053115700735225"/>
            <maxpow number="0.8053115700735225"/>
            <fprob>0.0</fprob>
        </actor>
        <actor name="D0N29">
            <wcet number="0">20</wcet>
            <wcet number="1">30</wcet>
            <maxpow number="0.6102857786944361"/>
            <maxpow number="0.6102857786944361"/>
            <fprob>0.0</fprob>
        </actor>
        <actor name="D0N36">
            <wcet number="0">10</wcet>
            <wcet number="1">10</wcet>
            <maxpow number="0.5686489478332779"/>
            <maxpow number="0.5686489478332779"/>
            <fprob>0.0</fprob>
        </actor>
        <actor name="D0N34">
            <wcet number="0">10</wcet>
            <wcet number="1">10</wcet>
            <maxpow number="0.7421043811879529"/>
            <maxpow number="0.7421043811879529"/>
            <fprob>0.0</fprob>
        </actor>
        <actor name="D0N38">
            <wcet number="0">10</wcet>
            <wcet number="1">30</wcet>
            <maxpow number="0.2966182135590469"/>
            <maxpow number="0.2966182135590469"/>
            <fprob>0.0</fprob>
        </actor>
        <actor name="D0N41">
            <wcet number="0">40</wcet>
            <wcet number="1">80</wcet>
            <maxpow number="0.4969048253611543"/>
            <maxpow number="0.4969048253611543"/>
            <fprob>0.0</fprob>
        </actor>
        <actor name="D0N31">
            <wcet number="0">150</wcet>
            <wcet number="1">330</wcet>
            <maxpow number="0.3551466722722739"/>
            <maxpow number="0.3551466722722739"/>
            <fprob>0.0</fprob>
        </actor>
        <actor name="D0N13">
            <wcet number="0">10</wcet>
            <wcet number="1">10</wcet>
            <maxpow number="0.7158952875870221"/>
            <maxpow number="0.7158952875870221"/>
            <fprob>0.0</fprob>
        </actor>
        <actor name="D0N6">
            <wcet number="0">20</wcet>
            <wcet number="1">60</wcet>
            <maxpow number="0.32268287371116255"/>
            <maxpow number="0.32268287371116255"/>
            <fprob>0.0</fprob>
        </actor>
        <actor name="D0N26">
            <wcet number="0">10</wcet>
            <wcet number="1">30</wcet>
            <maxpow number="0.47063581560482504"/>
            <maxpow number="0.47063581560482504"/>
            <fprob>0.0</fprob>
        </actor>
        <actor name="D0N33">
            <wcet number="0">20</wcet>
            <wcet number="1">30</wcet>
            <maxpow number="0.23904398750470635"/>
            <maxpow number="0.23904398750470635"/>
            <fprob>0.0</fprob>
        </actor>
        <actor name="D0N18">
            <wcet number="0">20</wcet>
            <wcet number="1">100</wcet>
            <maxpow number="0.7125592862299321"/>
            <maxpow number="0.7125592862299321"/>
            <fprob>0.0</fprob>
        </actor>
        <actor name="D0N43">
            <wcet number="0">30</wcet>
            <wcet number="1">40</wcet>
            <maxpow number="0.5815038453872537"/>
            <maxpow number="0.5815038453872537"/>
            <fprob>0.0</fprob>
        </actor>
        <actor name="D0N11">
            <wcet number="0">80</wcet>
            <wcet number="1">90</wcet>
            <maxpow number="0.45213032394642916"/>
            <maxpow number="0.45213032394642916"/>
            <fprob>0.0</fprob>
        </actor>
        <actor name="D0N45">
            <wcet number="0">10</wcet>
            <wcet number="1">20</wcet>
            <maxpow number="0.46354648870066617"/>
            <maxpow number="0.46354648870066617"/>
            <fprob>0.0</fprob>
        </actor>
        <actor name="D0N28">
            <wcet number="0">10</wcet>
            <wcet number="1">10</wcet>
            <maxpow number="0.7472558371597703"/>
            <maxpow number="0.7472558371597703"/>
            <fprob>0.0</fprob>
        </actor>
        <actor name="D0N4">
            <wcet number="0">20</wcet>
            <wcet number="1">20</wcet>
            <maxpow number="0.4416072924830602"/>
            <maxpow number="0.4416072924830602"/>
            <fprob>0.0</fprob>
        </actor>
        <actor name="D0N7">
            <wcet number="0">10</wcet>
            <wcet number="1">10</wcet>
            <maxpow number="0.6722580440799283"/>
            <maxpow number="0.6722580440799283"/>
            <fprob>0.0</fprob>
        </actor>
        <actor name="D0N24">
            <wcet number="0">30</wcet>
            <wcet number="1">50</wcet>
            <maxpow number="0.278153726185467"/>
            <maxpow number="0.278153726185467"/>
            <fprob>0.0</fprob>
        </actor>
        <actor name="D0N0">
            <wcet number="0">40</wcet>
            <wcet number="1">40</wcet>
            <maxpow number="0.49468060097466837"/>
            <maxpow number="0.49468060097466837"/>
            <fprob>0.0</fprob>
        </actor>
        <actor name="D0N5">
            <wcet number="0">30</wcet>
            <wcet number="1">30</wcet>
            <maxpow number="0.6357557745378374"/>
            <maxpow number="0.6357557745378374"/>
            <fprob>0.0</fprob>
        </actor>
        <actor name="D0N32">
            <wcet number="0">30</wcet>
            <wcet number="1">30</wcet>
            <maxpow number="0.4680602488533505"/>
            <maxpow number="0.4680602488533505"/>
            <fprob>0.0</fprob>
        </actor>
        <actor name="D0N8">
            <wcet number="0">70</wcet>
            <wcet number="1">130</wcet>
            <maxpow number="0.8213529792786685"/>
            <maxpow number="0.8213529792786685"/>
            <fprob>0.0</fprob>
        </actor>
        <actor name="D0N37">
            <wcet number="0">10</wcet>
            <wcet number="1">10</wcet>
            <maxpow number="0.8082749314035089"/>
            <maxpow number="0.8082749314035089"/>
            <fprob>0.0</fprob>
        </actor>
        <actor name="D0N19">
            <wcet number="0">20</wcet>
            <wcet number="1">40</wcet>
            <maxpow number="0.47439742026264897"/>
            <maxpow number="0.47439742026264897"/>
            <fprob>0.0</fprob>
        </actor>
        <actor name="D0N1">
            <wcet number="0">20</wcet>
            <wcet number="1">60</wcet>
            <maxpow number="0.6112075792632169"/>
            <maxpow number="0.6112075792632169"/>
            <fprob>0.0</fprob>
        </actor>
        <actor name="D0N12">
            <wcet number="0">10</wcet>
            <wcet number="1">20</wcet>
            <maxpow number="0.5498363618393026"/>
            <maxpow number="0.5498363618393026"/>
            <fprob>0.0</fprob>
        </actor>
        <actor name="D0N22">
            <wcet number="0">40</wcet>
            <wcet number="1">50</wcet>
            <maxpow number="0.522620850656029"/>
            <maxpow number="0.522620850656029"/>
            <fprob>0.0</fprob>
        </actor>
        <actor name="D0N35">
            <wcet number="0">10</wcet>
            <wcet number="1">10</wcet>
            <maxpow number="0.6292728226539985"/>
            <maxpow number="0.6292728226539985"/>
            <fprob>0.0</fprob>
        </actor>
        <actor name="D0N21">
            <wcet number="0">30</wcet>
            <wcet number="1">100</wcet>
            <maxpow number="0.7381424787664064"/>
            <maxpow number="0.7381424787664064"/>
            <fprob>0.0</fprob>
        </actor>
        <actor name="D0N20">
            <wcet number="0">30</wcet>
            <wcet number="1">30</wcet>
            <maxpow number="0.5629600063389641"/>
            <maxpow number="0.5629600063389641"/>
            <fprob>0.0</fprob>
        </actor>
        <actor name="D0N9">
            <wcet number="0">10</wcet>
            <wcet number="1">10</wcet>
            <maxpow number="0.705103531644806"/>
            <maxpow number="0.705103531644806"/>
            <fprob>0.0</fprob>
        </actor>
        <actor name="D0N40">
            <wcet number="0">80</wcet>
            <wcet number="1">150</wcet>
            <maxpow number="0.7689617711943448"/>
            <maxpow number="0.7689617711943448"/>
            <fprob>0.0</fprob>
        </actor>
        <actor name="D0N47">
            <wcet number="0">200</wcet>
            <wcet number="1">210</wcet>
            <maxpow number="0.28962497017858496"/>
            <maxpow number="0.28962497017858496"/>
            <fprob>0.0</fprob>
        </actor>
        <actor name="D0N14">
            <wcet number="0">30</wcet>
            <wcet number="1">30</wcet>
            <maxpow number="0.6835595399525008"/>
            <maxpow number="0.6835595399525008"/>
            <fprob>0.0</fprob>
        </actor>
        <actor name="D0N3">
            <wcet number="0">40</wcet>
            <wcet number="1">50</wcet>
            <maxpow number="0.48579138215076556"/>
            <maxpow number="0.48579138215076556"/>
            <fprob>0.0</fprob>
        </actor>
        <actor name="D0N42">
            <wcet number="0">10</wcet>
            <wcet number="1">20</wcet>
            <maxpow number="0.32876869890604177"/>
            <maxpow number="0.32876869890604177"/>
            <fprob>0.0</fprob>
        </actor>
        <actor name="D0N44">
            <wcet number="0">10</wcet>
            <wcet number="1">30</wcet>
            <maxpow number="1.1059442337615613"/>
            <maxpow number="1.1059442337615613"/>
            <fprob>0.0</fprob>
        </actor>
        <actor name="D0N10">
            <wcet number="0">50</wcet>
            <wcet number="1">100</wcet>
            <maxpow number="0.5526601765186232"/>
            <maxpow number="0.5526601765186232"/>
            <fprob>0.0</fprob>
        </actor>
        <actor name="D0N23">
            <wcet number="0">40</wcet>
            <wcet number="1">50</wcet>
            <maxpow number="0.34807494612798895"/>
            <maxpow number="0.34807494612798895"/>
            <fprob>0.0</fprob>
        </actor>
        <actor name="D0N16">
            <wcet number="0">20</wcet>
            <wcet number="1">30</wcet>
            <maxpow number="0.829605120000853"/>
            <maxpow number="0.829605120000853"/>
            <fprob>0.0</fprob>
        </actor>
        <actor name="D0N49">
            <wcet number="0">90</wcet>
            <wcet number="1">160</wcet>
            <maxpow number="0.44697977939070077"/>
            <maxpow number="0.44697977939070077"/>
            <fprob>0.0</fprob>
        </actor>
        <actor name="D0N48">
            <wcet number="0">40</wcet>
            <wcet number="1">40</wcet>
            <maxpow number="0.9516611138905788"/>
            <maxpow number="0.9516611138905788"/>
            <fprob>0.0</fprob>
        </actor>
        <actor name="D0N2">
            <wcet number="0">70</wcet>
            <wcet number="1">80</wcet>
            <maxpow number="0.3138786373578511"/>
            <maxpow number="0.3138786373578511"/>
            <fprob>0.0</fprob>
        </actor>
        <actor name="D0N30">
            <wcet number="0">10</wcet>
            <wcet number="1">10</wcet>
            <maxpow number="0.42474967393999774"/>
            <maxpow number="0.42474967393999774"/>
            <fprob>0.0</fprob>
        </actor>
        <actor name="D0N46">
            <wcet number="0">20</wcet>
            <wcet number="1">50</wcet>
            <maxpow number="0.3854267542276313"/>
            <maxpow number="0.3854267542276313"/>
            <fprob>0.0</fprob>
        </actor>
        <actor name="D0N39">
            <wcet number="0">20</wcet>
            <wcet number="1">20</wcet>
            <maxpow number="0.7499033112883516"/>
            <maxpow number="0.7499033112883516"/>
            <fprob>0.0</fprob>
        </actor>
        <actor name="D0N17">
            <wcet number="0">10</wcet>
            <wcet number="1">10</wcet>
            <maxpow number="0.135856117658869"/>
            <maxpow number="0.135856117658869"/>
            <fprob>0.0</fprob>
        </actor>
        <actor name="D0N27">
            <wcet number="0">10</wcet>
            <wcet number="1">10</wcet>
            <maxpow number="0.588029159898945"/>
            <maxpow number="0.588029159898945"/>
            <fprob>0.0</fprob>
        </actor>
        <actor name="D0N25">
            <wcet number="0">10</wcet>
            <wcet number="1">20</wcet>
            <maxpow number="0.6048816600674016"/>
            <maxpow number="0.6048816600674016"/>
            <fprob>0.0</fprob>
        </actor>
        <ports>
            <port dstActor="D0N43" name="p0" srcActor="D0N15"/>
            <port dstActor="D0N46" name="p1" srcActor="D0N15"/>
            <port dstActor="D0N47" name="p2" srcActor="D0N29"/>
            <port dstActor="D0N47" name="p3" srcActor="D0N36"/>
            <port dstActor="D0N38" name="p4" srcActor="D0N36"/>
            <port dstActor="D0N37" name="p5" srcActor="D0N36"/>
            <port dstActor="D0N49" name="p6" srcActor="D0N34"/>
            <port dstActor="D0N47" name="p7" srcActor="D0N38"/>
            <port dstActor="D0N43" name="p8" srcActor="D0N41"/>
            <port dstActor="D0N44" name="p9" srcActor="D0N41"/>
            <port dstActor="D0N34" name="p10" srcActor="D0N31"/>
            <port dstActor="D0N39" name="p11" srcActor="D0N31"/>
            <port dstActor="D0N28" name="p12" srcActor="D0N13"/>
            <port dstActor="D0N18" name="p13" srcActor="D0N6"/>
            <port dstActor="D0N23" name="p14" srcActor="D0N6"/>
            <port dstActor="D0N39" name="p15" srcActor="D0N26"/>
            <port dstActor="D0N37" name="p16" srcActor="D0N26"/>
            <port dstActor="D0N35" name="p17" srcActor="D0N26"/>
            <port dstActor="D0N36" name="p18" srcActor="D0N26"/>
            <port dstActor="D0N34" name="p19" srcActor="D0N33"/>
            <port dstActor="D0N42" name="p20" srcActor="D0N33"/>
            <port dstActor="D0N43" name="p21" srcActor="D0N33"/>
            <port dstActor="D0N45" name="p22" srcActor="D0N33"/>
            <port dstActor="D0N44" name="p23" srcActor="D0N18"/>
            <port dstActor="D0N35" name="p24" srcActor="D0N18"/>
            <port dstActor="D0N48" name="p25" srcActor="D0N18"/>
            <port dstActor="D0N25" name="p26" srcActor="D0N18"/>
            <port dstActor="D0N45" name="p27" srcActor="D0N43"/>
            <port dstActor="D0N46" name="p28" srcActor="D0N11"/>
            <port dstActor="D0N47" name="p29" srcActor="D0N11"/>
            <port dstActor="D0N49" name="p30" srcActor="D0N45"/>
            <port dstActor="D0N29" name="p31" srcActor="D0N28"/>
            <port dstActor="D0N38" name="p32" srcActor="D0N28"/>
            <port dstActor="D0N49" name="p33" srcActor="D0N28"/>
            <port dstActor="D0N48" name="p34" srcActor="D0N4"/>
            <port dstActor="D0N25" name="p35" srcActor="D0N4"/>
            <port dstActor="D0N17" name="p36" srcActor="D0N7"/>
            <port dstActor="D0N31" name="p37" srcActor="D0N7"/>
            <port dstActor="D0N45" name="p38" srcActor="D0N24"/>
            <port dstActor="D0N18" name="p39" srcActor="D0N0"/>
            <port dstActor="D0N9" name="p40" srcActor="D0N0"/>
            <port dstActor="D0N14" name="p41" srcActor="D0N0"/>
            <port dstActor="D0N47" name="p42" srcActor="D0N5"/>
            <port dstActor="D0N21" name="p43" srcActor="D0N5"/>
            <port dstActor="D0N45" name="p44" srcActor="D0N5"/>
            <port dstActor="D0N9" name="p45" srcActor="D0N5"/>
            <port dstActor="D0N34" name="p46" srcActor="D0N5"/>
            <port dstActor="D0N10" name="p47" srcActor="D0N5"/>
            <port dstActor="D0N8" name="p48" srcActor="D0N5"/>
            <port dstActor="D0N47" name="p49" srcActor="D0N32"/>
            <port dstActor="D0N24" name="p50" srcActor="D0N8"/>
            <port dstActor="D0N16" name="p51" srcActor="D0N8"/>
            <port dstActor="D0N42" name="p52" srcActor="D0N37"/>
            <port dstActor="D0N43" name="p53" srcActor="D0N19"/>
            <port dstActor="D0N36" name="p54" srcActor="D0N19"/>
            <port dstActor="D0N29" name="p55" srcActor="D0N1"/>
            <port dstActor="D0N12" name="p56" srcActor="D0N1"/>
            <port dstActor="D0N27" name="p57" srcActor="D0N1"/>
            <port dstActor="D0N10" name="p58" srcActor="D0N1"/>
            <port dstActor="D0N15" name="p59" srcActor="D0N1"/>
            <port dstActor="D0N8" name="p60" srcActor="D0N1"/>
            <port dstActor="D0N33" name="p61" srcActor="D0N12"/>
            <port dstActor="D0N18" name="p62" srcActor="D0N12"/>
            <port dstActor="D0N47" name="p63" srcActor="D0N12"/>
            <port dstActor="D0N29" name="p64" srcActor="D0N12"/>
            <port dstActor="D0N46" name="p65" srcActor="D0N12"/>
            <port dstActor="D0N35" name="p66" srcActor="D0N12"/>
            <port dstActor="D0N30" name="p67" srcActor="D0N12"/>
            <port dstActor="D0N38" name="p68" srcActor="D0N22"/>
            <port dstActor="D0N40" name="p69" srcActor="D0N22"/>
            <port dstActor="D0N25" name="p70" srcActor="D0N22"/>
            <port dstActor="D0N41" name="p71" srcActor="D0N35"/>
            <port dstActor="D0N38" name="p72" srcActor="D0N35"/>
            <port dstActor="D0N49" name="p73" srcActor="D0N21"/>
            <port dstActor="D0N46" name="p74" srcActor="D0N21"/>
            <port dstActor="D0N38" name="p75" srcActor="D0N20"/>
            <port dstActor="D0N30" name="p76" srcActor="D0N9"/>
            <port dstActor="D0N39" name="p77" srcActor="D0N9"/>
            <port dstActor="D0N27" name="p78" srcActor="D0N9"/>
            <port dstActor="D0N21" name="p79" srcActor="D0N9"/>
            <port dstActor="D0N36" name="p80" srcActor="D0N9"/>
            <port dstActor="D0N44" name="p81" srcActor="D0N40"/>
            <port dstActor="D0N26" name="p82" srcActor="D0N14"/>
            <port dstActor="D0N30" name="p83" srcActor="D0N14"/>
            <port dstActor="D0N28" name="p84" srcActor="D0N14"/>
            <port dstActor="D0N35" name="p85" srcActor="D0N3"/>
            <port dstActor="D0N18" name="p86" srcActor="D0N3"/>
            <port dstActor="D0N19" name="p87" srcActor="D0N3"/>
            <port dstActor="D0N16" name="p88" srcActor="D0N3"/>
            <port dstActor="D0N29" name="p89" srcActor="D0N3"/>
            <port dstActor="D0N44" name="p90" srcActor="D0N3"/>
            <port dstActor="D0N47" name="p91" srcActor="D0N3"/>
            <port dstActor="D0N46" name="p92" srcActor="D0N44"/>
            <port dstActor="D0N12" name="p93" srcActor="D0N10"/>
            <port dstActor="D0N37" name="p94" srcActor="D0N10"/>
            <port dstActor="D0N24" name="p95" srcActor="D0N23"/>
            <port dstActor="D0N47" name="p96" srcActor="D0N23"/>
            <port dstActor="D0N29" name="p97" srcActor="D0N23"/>
            <port dstActor="D0N38" name="p98" srcActor="D0N16"/>
            <port dstActor="D0N47" name="p99" srcActor="D0N16"/>
            <port dstActor="D0N23" name="p100" srcActor="D0N16"/>
            <port dstActor="D0N15" name="p101" srcActor="D0N2"/>
            <port dstActor="D0N9" name="p102" srcActor="D0N2"/>
            <port dstActor="D0N6" name="p103" srcActor="D0N2"/>
            <port dstActor="D0N33" name="p104" srcActor="D0N2"/>
            <port dstActor="D0N25" name="p105" srcActor="D0N17"/>
            <port dstActor="D0N37" name="p106" srcActor="D0N17"/>
            <port dstActor="D0N36" name="p107" srcActor="D0N27"/>
            <port dstActor="D0N35" name="p108" srcActor="D0N25"/>
            <port dstActor="D0N44" name="p109" srcActor="D0N25"/>
            <port dstActor="D0N49" name="p110" srcActor="D0N25"/>
            <port dstActor="D0N26" name="p111" srcActor="D0N25"/>
        </ports>
    </mcdag>
    <cores number="3"/>
    <levels number="2"/>
</mcsystem>
