<?xml version="1.0" encoding="UTF-8" standalone="no"?>
<mcsystem>
    <mcdag deadline="1000" name="genned-0-ed-10.0-0">
        <actor name="D0N8">
            <wcet number="0">30</wcet>
            <wcet number="1">40</wcet>
            <maxpow number="0.7125516697045242"/>
            <maxpow number="0.7125516697045242"/>
            <fprob>0.0</fprob>
        </actor>
        <actor name="D0N21">
            <wcet number="0">10</wcet>
            <wcet number="1">20</wcet>
            <maxpow number="0.3766425658172661"/>
            <maxpow number="0.3766425658172661"/>
            <fprob>0.0</fprob>
        </actor>
        <actor name="D0N24">
            <wcet number="0">70</wcet>
            <wcet number="1">90</wcet>
            <maxpow number="0.6792180644205875"/>
            <maxpow number="0.6792180644205875"/>
            <fprob>0.0</fprob>
        </actor>
        <actor name="D0N46">
            <wcet number="0">20</wcet>
            <wcet number="1">80</wcet>
            <maxpow number="0.9228330701544794"/>
            <maxpow number="0.9228330701544794"/>
            <fprob>0.0</fprob>
        </actor>
        <actor name="D0N13">
            <wcet number="0">40</wcet>
            <wcet number="1">110</wcet>
            <maxpow number="0.3020386553982283"/>
            <maxpow number="0.3020386553982283"/>
            <fprob>0.0</fprob>
        </actor>
        <actor name="D0N30">
            <wcet number="0">10</wcet>
            <wcet number="1">10</wcet>
            <maxpow number="0.6820019411767936"/>
            <maxpow number="0.6820019411767936"/>
            <fprob>0.0</fprob>
        </actor>
        <actor name="D0N7">
            <wcet number="0">50</wcet>
            <wcet number="1">60</wcet>
            <maxpow number="0.21411468240724374"/>
            <maxpow number="0.21411468240724374"/>
            <fprob>0.0</fprob>
        </actor>
        <actor name="D0N40">
            <wcet number="0">20</wcet>
            <wcet number="1">40</wcet>
            <maxpow number="0.26450441168523176"/>
            <maxpow number="0.26450441168523176"/>
            <fprob>0.0</fprob>
        </actor>
        <actor name="D0N20">
            <wcet number="0">20</wcet>
            <wcet number="1">20</wcet>
            <maxpow number="0.40015765260631536"/>
            <maxpow number="0.40015765260631536"/>
            <fprob>0.0</fprob>
        </actor>
        <actor name="D0N5">
            <wcet number="0">10</wcet>
            <wcet number="1">10</wcet>
            <maxpow number="0.844767476364075"/>
            <maxpow number="0.844767476364075"/>
            <fprob>0.0</fprob>
        </actor>
        <actor name="D0N15">
            <wcet number="0">80</wcet>
            <wcet number="1">80</wcet>
            <maxpow number="0.7856207437376788"/>
            <maxpow number="0.7856207437376788"/>
            <fprob>0.0</fprob>
        </actor>
        <actor name="D0N27">
            <wcet number="0">10</wcet>
            <wcet number="1">10</wcet>
            <maxpow number="0.45738492172657425"/>
            <maxpow number="0.45738492172657425"/>
            <fprob>0.0</fprob>
        </actor>
        <actor name="D0N28">
            <wcet number="0">20</wcet>
            <wcet number="1">130</wcet>
            <maxpow number="0.7033644789598279"/>
            <maxpow number="0.7033644789598279"/>
            <fprob>0.0</fprob>
        </actor>
        <actor name="D0N37">
            <wcet number="0">20</wcet>
            <wcet number="1">20</wcet>
            <maxpow number="0.5620325749813346"/>
            <maxpow number="0.5620325749813346"/>
            <fprob>0.0</fprob>
        </actor>
        <actor name="D0N35">
            <wcet number="0">10</wcet>
            <wcet number="1">40</wcet>
            <maxpow number="0.5481895235839488"/>
            <maxpow number="0.5481895235839488"/>
            <fprob>0.0</fprob>
        </actor>
        <actor name="D0N12">
            <wcet number="0">10</wcet>
            <wcet number="1">10</wcet>
            <maxpow number="0.5264636287347276"/>
            <maxpow number="0.5264636287347276"/>
            <fprob>0.0</fprob>
        </actor>
        <actor name="D0N14">
            <wcet number="0">50</wcet>
            <wcet number="1">50</wcet>
            <maxpow number="0.6207636013622765"/>
            <maxpow number="0.6207636013622765"/>
            <fprob>0.0</fprob>
        </actor>
        <actor name="D0N47">
            <wcet number="0">50</wcet>
            <wcet number="1">110</wcet>
            <maxpow number="0.6930061842410196"/>
            <maxpow number="0.6930061842410196"/>
            <fprob>0.0</fprob>
        </actor>
        <actor name="D0N42">
            <wcet number="0">10</wcet>
            <wcet number="1">60</wcet>
            <maxpow number="0.6374598446674905"/>
            <maxpow number="0.6374598446674905"/>
            <fprob>0.0</fprob>
        </actor>
        <actor name="D0N22">
            <wcet number="0">40</wcet>
            <wcet number="1">50</wcet>
            <maxpow number="0.31836324591543375"/>
            <maxpow number="0.31836324591543375"/>
            <fprob>0.0</fprob>
        </actor>
        <actor name="D0N29">
            <wcet number="0">50</wcet>
            <wcet number="1">70</wcet>
            <maxpow number="0.49078843841466885"/>
            <maxpow number="0.49078843841466885"/>
            <fprob>0.0</fprob>
        </actor>
        <actor name="D0N18">
            <wcet number="0">50</wcet>
            <wcet number="1">50</wcet>
            <maxpow number="0.7143765362888252"/>
            <maxpow number="0.7143765362888252"/>
            <fprob>0.0</fprob>
        </actor>
        <actor name="D0N32">
            <wcet number="0">50</wcet>
            <wcet number="1">90</wcet>
            <maxpow number="0.5615925713095283"/>
            <maxpow number="0.5615925713095283"/>
            <fprob>0.0</fprob>
        </actor>
        <actor name="D0N3">
            <wcet number="0">50</wcet>
            <wcet number="1">50</wcet>
            <maxpow number="0.21935733253091988"/>
            <maxpow number="0.21935733253091988"/>
            <fprob>0.0</fprob>
        </actor>
        <actor name="D0N31">
            <wcet number="0">10</wcet>
            <wcet number="1">10</wcet>
            <maxpow number="0.5862619176480283"/>
            <maxpow number="0.5862619176480283"/>
            <fprob>0.0</fprob>
        </actor>
        <actor name="D0N34">
            <wcet number="0">20</wcet>
            <wcet number="1">110</wcet>
            <maxpow number="0.6001612825117704"/>
            <maxpow number="0.6001612825117704"/>
            <fprob>0.0</fprob>
        </actor>
        <actor name="D0N0">
            <wcet number="0">40</wcet>
            <wcet number="1">60</wcet>
            <maxpow number="0.5566343804571005"/>
            <maxpow number="0.5566343804571005"/>
            <fprob>0.0</fprob>
        </actor>
        <actor name="D0N19">
            <wcet number="0">10</wcet>
            <wcet number="1">20</wcet>
            <maxpow number="0.7510188157681754"/>
            <maxpow number="0.7510188157681754"/>
            <fprob>0.0</fprob>
        </actor>
        <actor name="D0N1">
            <wcet number="0">60</wcet>
            <wcet number="1">90</wcet>
            <maxpow number="0.5433887572978473"/>
            <maxpow number="0.5433887572978473"/>
            <fprob>0.0</fprob>
        </actor>
        <actor name="D0N6">
            <wcet number="0">20</wcet>
            <wcet number="1">30</wcet>
            <maxpow number="0.7659318868458521"/>
            <maxpow number="0.7659318868458521"/>
            <fprob>0.0</fprob>
        </actor>
        <actor name="D0N2">
            <wcet number="0">30</wcet>
            <wcet number="1">30</wcet>
            <maxpow number="0.43104194693542397"/>
            <maxpow number="0.43104194693542397"/>
            <fprob>0.0</fprob>
        </actor>
        <actor name="D0N44">
            <wcet number="0">20</wcet>
            <wcet number="1">50</wcet>
            <maxpow number="0.35290221685781364"/>
            <maxpow number="0.35290221685781364"/>
            <fprob>0.0</fprob>
        </actor>
        <actor name="D0N11">
            <wcet number="0">50</wcet>
            <wcet number="1">80</wcet>
            <maxpow number="0.6056249083301489"/>
            <maxpow number="0.6056249083301489"/>
            <fprob>0.0</fprob>
        </actor>
        <actor name="D0N25">
            <wcet number="0">30</wcet>
            <wcet number="1">50</wcet>
            <maxpow number="0.759770162450556"/>
            <maxpow number="0.759770162450556"/>
            <fprob>0.0</fprob>
        </actor>
        <actor name="D0N41">
            <wcet number="0">30</wcet>
            <wcet number="1">30</wcet>
            <maxpow number="0.364162838581225"/>
            <maxpow number="0.364162838581225"/>
            <fprob>0.0</fprob>
        </actor>
        <actor name="D0N26">
            <wcet number="0">10</wcet>
            <wcet number="1">10</wcet>
            <maxpow number="0.520506800595881"/>
            <maxpow number="0.520506800595881"/>
            <fprob>0.0</fprob>
        </actor>
        <actor name="D0N23">
            <wcet number="0">40</wcet>
            <wcet number="1">150</wcet>
            <maxpow number="0.8814284484975348"/>
            <maxpow number="0.8814284484975348"/>
            <fprob>0.0</fprob>
        </actor>
        <actor name="D0N17">
            <wcet number="0">10</wcet>
            <wcet number="1">10</wcet>
            <maxpow number="0.41596422725967763"/>
            <maxpow number="0.41596422725967763"/>
            <fprob>0.0</fprob>
        </actor>
        <actor name="D0N9">
            <wcet number="0">50</wcet>
            <wcet number="1">50</wcet>
            <maxpow number="0.7009437661412509"/>
            <maxpow number="0.7009437661412509"/>
            <fprob>0.0</fprob>
        </actor>
        <actor name="D0N4">
            <wcet number="0">10</wcet>
            <wcet number="1">10</wcet>
            <maxpow number="0.5798284688850849"/>
            <maxpow number="0.5798284688850849"/>
            <fprob>0.0</fprob>
        </actor>
        <actor name="D0N38">
            <wcet number="0">60</wcet>
            <wcet number="1">70</wcet>
            <maxpow number="0.6117360527354091"/>
            <maxpow number="0.6117360527354091"/>
            <fprob>0.0</fprob>
        </actor>
        <actor name="D0N33">
            <wcet number="0">20</wcet>
            <wcet number="1">20</wcet>
            <maxpow number="0.30285511989233727"/>
            <maxpow number="0.30285511989233727"/>
            <fprob>0.0</fprob>
        </actor>
        <actor name="D0N39">
            <wcet number="0">20</wcet>
            <wcet number="1">90</wcet>
            <maxpow number="0.6311299234809543"/>
            <maxpow number="0.6311299234809543"/>
            <fprob>0.0</fprob>
        </actor>
        <actor name="D0N43">
            <wcet number="0">50</wcet>
            <wcet number="1">130</wcet>
            <maxpow number="0.926617396195837"/>
            <maxpow number="0.926617396195837"/>
            <fprob>0.0</fprob>
        </actor>
        <actor name="D0N16">
            <wcet number="0">20</wcet>
            <wcet number="1">30</wcet>
            <maxpow number="0.5063448691499213"/>
            <maxpow number="0.5063448691499213"/>
            <fprob>0.0</fprob>
        </actor>
        <actor name="D0N10">
            <wcet number="0">20</wcet>
            <wcet number="1">120</wcet>
            <maxpow number="0.9063506217834116"/>
            <maxpow number="0.9063506217834116"/>
            <fprob>0.0</fprob>
        </actor>
        <actor name="D0N36">
            <wcet number="0">30</wcet>
            <wcet number="1">30</wcet>
            <maxpow number="0.4329948195167109"/>
            <maxpow number="0.4329948195167109"/>
            <fprob>0.0</fprob>
        </actor>
        <actor name="D0N45">
            <wcet number="0">20</wcet>
            <wcet number="1">20</wcet>
            <maxpow number="0.5701583869092102"/>
            <maxpow number="0.5701583869092102"/>
            <fprob>0.0</fprob>
        </actor>
        <ports>
            <port dstActor="D0N30" name="p0" srcActor="D0N8"/>
            <port dstActor="D0N18" name="p1" srcActor="D0N8"/>
            <port dstActor="D0N44" name="p2" srcActor="D0N8"/>
            <port dstActor="D0N20" name="p3" srcActor="D0N8"/>
            <port dstActor="D0N25" name="p4" srcActor="D0N8"/>
            <port dstActor="D0N29" name="p5" srcActor="D0N8"/>
            <port dstActor="D0N26" name="p6" srcActor="D0N21"/>
            <port dstActor="D0N28" name="p7" srcActor="D0N21"/>
            <port dstActor="D0N29" name="p8" srcActor="D0N21"/>
            <port dstActor="D0N42" name="p9" srcActor="D0N24"/>
            <port dstActor="D0N47" name="p10" srcActor="D0N24"/>
            <port dstActor="D0N42" name="p11" srcActor="D0N13"/>
            <port dstActor="D0N19" name="p12" srcActor="D0N13"/>
            <port dstActor="D0N45" name="p13" srcActor="D0N13"/>
            <port dstActor="D0N36" name="p14" srcActor="D0N13"/>
            <port dstActor="D0N36" name="p15" srcActor="D0N30"/>
            <port dstActor="D0N43" name="p16" srcActor="D0N7"/>
            <port dstActor="D0N33" name="p17" srcActor="D0N7"/>
            <port dstActor="D0N41" name="p18" srcActor="D0N7"/>
            <port dstActor="D0N19" name="p19" srcActor="D0N7"/>
            <port dstActor="D0N14" name="p20" srcActor="D0N7"/>
            <port dstActor="D0N16" name="p21" srcActor="D0N7"/>
            <port dstActor="D0N43" name="p22" srcActor="D0N40"/>
            <port dstActor="D0N31" name="p23" srcActor="D0N20"/>
            <port dstActor="D0N40" name="p24" srcActor="D0N20"/>
            <port dstActor="D0N26" name="p25" srcActor="D0N5"/>
            <port dstActor="D0N37" name="p26" srcActor="D0N5"/>
            <port dstActor="D0N42" name="p27" srcActor="D0N5"/>
            <port dstActor="D0N8" name="p28" srcActor="D0N5"/>
            <port dstActor="D0N44" name="p29" srcActor="D0N15"/>
            <port dstActor="D0N23" name="p30" srcActor="D0N15"/>
            <port dstActor="D0N47" name="p31" srcActor="D0N27"/>
            <port dstActor="D0N36" name="p32" srcActor="D0N28"/>
            <port dstActor="D0N42" name="p33" srcActor="D0N28"/>
            <port dstActor="D0N43" name="p34" srcActor="D0N35"/>
            <port dstActor="D0N46" name="p35" srcActor="D0N35"/>
            <port dstActor="D0N43" name="p36" srcActor="D0N12"/>
            <port dstActor="D0N45" name="p37" srcActor="D0N14"/>
            <port dstActor="D0N30" name="p38" srcActor="D0N14"/>
            <port dstActor="D0N32" name="p39" srcActor="D0N14"/>
            <port dstActor="D0N34" name="p40" srcActor="D0N14"/>
            <port dstActor="D0N47" name="p41" srcActor="D0N42"/>
            <port dstActor="D0N44" name="p42" srcActor="D0N42"/>
            <port dstActor="D0N38" name="p43" srcActor="D0N29"/>
            <port dstActor="D0N30" name="p44" srcActor="D0N29"/>
            <port dstActor="D0N27" name="p45" srcActor="D0N18"/>
            <port dstActor="D0N31" name="p46" srcActor="D0N18"/>
            <port dstActor="D0N21" name="p47" srcActor="D0N18"/>
            <port dstActor="D0N26" name="p48" srcActor="D0N18"/>
            <port dstActor="D0N46" name="p49" srcActor="D0N32"/>
            <port dstActor="D0N4" name="p50" srcActor="D0N3"/>
            <port dstActor="D0N39" name="p51" srcActor="D0N3"/>
            <port dstActor="D0N24" name="p52" srcActor="D0N3"/>
            <port dstActor="D0N16" name="p53" srcActor="D0N3"/>
            <port dstActor="D0N21" name="p54" srcActor="D0N3"/>
            <port dstActor="D0N46" name="p55" srcActor="D0N31"/>
            <port dstActor="D0N43" name="p56" srcActor="D0N31"/>
            <port dstActor="D0N39" name="p57" srcActor="D0N31"/>
            <port dstActor="D0N40" name="p58" srcActor="D0N34"/>
            <port dstActor="D0N13" name="p59" srcActor="D0N0"/>
            <port dstActor="D0N15" name="p60" srcActor="D0N0"/>
            <port dstActor="D0N34" name="p61" srcActor="D0N0"/>
            <port dstActor="D0N44" name="p62" srcActor="D0N19"/>
            <port dstActor="D0N46" name="p63" srcActor="D0N19"/>
            <port dstActor="D0N23" name="p64" srcActor="D0N1"/>
            <port dstActor="D0N9" name="p65" srcActor="D0N1"/>
            <port dstActor="D0N30" name="p66" srcActor="D0N1"/>
            <port dstActor="D0N39" name="p67" srcActor="D0N1"/>
            <port dstActor="D0N20" name="p68" srcActor="D0N6"/>
            <port dstActor="D0N11" name="p69" srcActor="D0N6"/>
            <port dstActor="D0N26" name="p70" srcActor="D0N6"/>
            <port dstActor="D0N39" name="p71" srcActor="D0N6"/>
            <port dstActor="D0N46" name="p72" srcActor="D0N6"/>
            <port dstActor="D0N11" name="p73" srcActor="D0N2"/>
            <port dstActor="D0N5" name="p74" srcActor="D0N2"/>
            <port dstActor="D0N25" name="p75" srcActor="D0N2"/>
            <port dstActor="D0N45" name="p76" srcActor="D0N44"/>
            <port dstActor="D0N46" name="p77" srcActor="D0N11"/>
            <port dstActor="D0N17" name="p78" srcActor="D0N11"/>
            <port dstActor="D0N26" name="p79" srcActor="D0N25"/>
            <port dstActor="D0N38" name="p80" srcActor="D0N25"/>
            <port dstActor="D0N46" name="p81" srcActor="D0N41"/>
            <port dstActor="D0N38" name="p82" srcActor="D0N26"/>
            <port dstActor="D0N31" name="p83" srcActor="D0N26"/>
            <port dstActor="D0N42" name="p84" srcActor="D0N26"/>
            <port dstActor="D0N40" name="p85" srcActor="D0N26"/>
            <port dstActor="D0N45" name="p86" srcActor="D0N26"/>
            <port dstActor="D0N43" name="p87" srcActor="D0N26"/>
            <port dstActor="D0N20" name="p88" srcActor="D0N17"/>
            <port dstActor="D0N29" name="p89" srcActor="D0N9"/>
            <port dstActor="D0N41" name="p90" srcActor="D0N9"/>
            <port dstActor="D0N19" name="p91" srcActor="D0N9"/>
            <port dstActor="D0N9" name="p92" srcActor="D0N4"/>
            <port dstActor="D0N11" name="p93" srcActor="D0N4"/>
            <port dstActor="D0N38" name="p94" srcActor="D0N4"/>
            <port dstActor="D0N36" name="p95" srcActor="D0N4"/>
            <port dstActor="D0N41" name="p96" srcActor="D0N38"/>
            <port dstActor="D0N41" name="p97" srcActor="D0N33"/>
            <port dstActor="D0N46" name="p98" srcActor="D0N33"/>
            <port dstActor="D0N47" name="p99" srcActor="D0N33"/>
            <port dstActor="D0N40" name="p100" srcActor="D0N39"/>
            <port dstActor="D0N43" name="p101" srcActor="D0N39"/>
            <port dstActor="D0N41" name="p102" srcActor="D0N16"/>
            <port dstActor="D0N40" name="p103" srcActor="D0N16"/>
            <port dstActor="D0N26" name="p104" srcActor="D0N10"/>
            <port dstActor="D0N21" name="p105" srcActor="D0N10"/>
            <port dstActor="D0N23" name="p106" srcActor="D0N10"/>
            <port dstActor="D0N14" name="p107" srcActor="D0N10"/>
            <port dstActor="D0N46" name="p108" srcActor="D0N45"/>
        </ports>
    </mcdag>
    <cores number="3"/>
    <levels number="2"/>
</mcsystem>
