<?xml version="1.0" encoding="UTF-8" standalone="no"?>
<mcsystem>
    <mcdag deadline="2500" name="genned-0-ed-10.0-0">
        <actor name="D0N35">
            <wcet number="0">20</wcet>
            <wcet number="1">40</wcet>
            <maxpow number="0.4740896933093136"/>
            <maxpow number="0.4740896933093136"/>
            <fprob>0.0</fprob>
        </actor>
        <actor name="D0N4">
            <wcet number="0">100</wcet>
            <wcet number="1">110</wcet>
            <maxpow number="0.3083006454462228"/>
            <maxpow number="0.3083006454462228"/>
            <fprob>0.0</fprob>
        </actor>
        <actor name="D0N27">
            <wcet number="0">30</wcet>
            <wcet number="1">50</wcet>
            <maxpow number="0.7275352668985796"/>
            <maxpow number="0.7275352668985796"/>
            <fprob>0.0</fprob>
        </actor>
        <actor name="D0N9">
            <wcet number="0">70</wcet>
            <wcet number="1">190</wcet>
            <maxpow number="0.11782709674265385"/>
            <maxpow number="0.11782709674265385"/>
            <fprob>0.0</fprob>
        </actor>
        <actor name="D0N39">
            <wcet number="0">10</wcet>
            <wcet number="1">10</wcet>
            <maxpow number="0.37761792707159203"/>
            <maxpow number="0.37761792707159203"/>
            <fprob>0.0</fprob>
        </actor>
        <actor name="D0N3">
            <wcet number="0">30</wcet>
            <wcet number="1">80</wcet>
            <maxpow number="0.5632456448060364"/>
            <maxpow number="0.5632456448060364"/>
            <fprob>0.0</fprob>
        </actor>
        <actor name="D0N20">
            <wcet number="0">30</wcet>
            <wcet number="1">30</wcet>
            <maxpow number="0.514653107605"/>
            <maxpow number="0.514653107605"/>
            <fprob>0.0</fprob>
        </actor>
        <actor name="D0N32">
            <wcet number="0">120</wcet>
            <wcet number="1">150</wcet>
            <maxpow number="0.7684144412818918"/>
            <maxpow number="0.7684144412818918"/>
            <fprob>0.0</fprob>
        </actor>
        <actor name="D0N37">
            <wcet number="0">10</wcet>
            <wcet number="1">10</wcet>
            <maxpow number="0.644169734262563"/>
            <maxpow number="0.644169734262563"/>
            <fprob>0.0</fprob>
        </actor>
        <actor name="D0N2">
            <wcet number="0">100</wcet>
            <wcet number="1">120</wcet>
            <maxpow number="0.47875225653250647"/>
            <maxpow number="0.47875225653250647"/>
            <fprob>0.0</fprob>
        </actor>
        <actor name="D0N10">
            <wcet number="0">120</wcet>
            <wcet number="1">290</wcet>
            <maxpow number="0.602826329845784"/>
            <maxpow number="0.602826329845784"/>
            <fprob>0.0</fprob>
        </actor>
        <actor name="D0N31">
            <wcet number="0">100</wcet>
            <wcet number="1">120</wcet>
            <maxpow number="0.8038428410507344"/>
            <maxpow number="0.8038428410507344"/>
            <fprob>0.0</fprob>
        </actor>
        <actor name="D0N36">
            <wcet number="0">40</wcet>
            <wcet number="1">40</wcet>
            <maxpow number="0.7246137299725354"/>
            <maxpow number="0.7246137299725354"/>
            <fprob>0.0</fprob>
        </actor>
        <actor name="D0N1">
            <wcet number="0">10</wcet>
            <wcet number="1">20</wcet>
            <maxpow number="0.7193753382956344"/>
            <maxpow number="0.7193753382956344"/>
            <fprob>0.0</fprob>
        </actor>
        <actor name="D0N42">
            <wcet number="0">20</wcet>
            <wcet number="1">40</wcet>
            <maxpow number="0.5557304652804712"/>
            <maxpow number="0.5557304652804712"/>
            <fprob>0.0</fprob>
        </actor>
        <actor name="D0N29">
            <wcet number="0">10</wcet>
            <wcet number="1">10</wcet>
            <maxpow number="0.3795471789013096"/>
            <maxpow number="0.3795471789013096"/>
            <fprob>0.0</fprob>
        </actor>
        <actor name="D0N41">
            <wcet number="0">30</wcet>
            <wcet number="1">90</wcet>
            <maxpow number="0.4325110535239404"/>
            <maxpow number="0.4325110535239404"/>
            <fprob>0.0</fprob>
        </actor>
        <actor name="D0N0">
            <wcet number="0">50</wcet>
            <wcet number="1">90</wcet>
            <maxpow number="0.607901545646979"/>
            <maxpow number="0.607901545646979"/>
            <fprob>0.0</fprob>
        </actor>
        <actor name="D0N17">
            <wcet number="0">20</wcet>
            <wcet number="1">30</wcet>
            <maxpow number="0.582481078367391"/>
            <maxpow number="0.582481078367391"/>
            <fprob>0.0</fprob>
        </actor>
        <actor name="D0N13">
            <wcet number="0">100</wcet>
            <wcet number="1">140</wcet>
            <maxpow number="0.48546834597445554"/>
            <maxpow number="0.48546834597445554"/>
            <fprob>0.0</fprob>
        </actor>
        <actor name="D0N25">
            <wcet number="0">10</wcet>
            <wcet number="1">10</wcet>
            <maxpow number="0.46731887076271295"/>
            <maxpow number="0.46731887076271295"/>
            <fprob>0.0</fprob>
        </actor>
        <actor name="D0N45">
            <wcet number="0">80</wcet>
            <wcet number="1">90</wcet>
            <maxpow number="0.7333282252281561"/>
            <maxpow number="0.7333282252281561"/>
            <fprob>0.0</fprob>
        </actor>
        <actor name="D0N44">
            <wcet number="0">20</wcet>
            <wcet number="1">20</wcet>
            <maxpow number="0.24048878526603978"/>
            <maxpow number="0.24048878526603978"/>
            <fprob>0.0</fprob>
        </actor>
        <actor name="D0N24">
            <wcet number="0">20</wcet>
            <wcet number="1">20</wcet>
            <maxpow number="0.6872810220215427"/>
            <maxpow number="0.6872810220215427"/>
            <fprob>0.0</fprob>
        </actor>
        <actor name="D0N30">
            <wcet number="0">20</wcet>
            <wcet number="1">150</wcet>
            <maxpow number="-0.020170376540725732"/>
            <maxpow number="-0.020170376540725732"/>
            <fprob>0.0</fprob>
        </actor>
        <actor name="D0N33">
            <wcet number="0">20</wcet>
            <wcet number="1">60</wcet>
            <maxpow number="0.47454649461969556"/>
            <maxpow number="0.47454649461969556"/>
            <fprob>0.0</fprob>
        </actor>
        <actor name="D0N47">
            <wcet number="0">30</wcet>
            <wcet number="1">90</wcet>
            <maxpow number="0.5414431549030488"/>
            <maxpow number="0.5414431549030488"/>
            <fprob>0.0</fprob>
        </actor>
        <actor name="D0N18">
            <wcet number="0">210</wcet>
            <wcet number="1">310</wcet>
            <maxpow number="0.435045961920482"/>
            <maxpow number="0.435045961920482"/>
            <fprob>0.0</fprob>
        </actor>
        <actor name="D0N38">
            <wcet number="0">320</wcet>
            <wcet number="1">410</wcet>
            <maxpow number="0.9416389463547505"/>
            <maxpow number="0.9416389463547505"/>
            <fprob>0.0</fprob>
        </actor>
        <actor name="D0N12">
            <wcet number="0">50</wcet>
            <wcet number="1">50</wcet>
            <maxpow number="0.5419183256918554"/>
            <maxpow number="0.5419183256918554"/>
            <fprob>0.0</fprob>
        </actor>
        <actor name="D0N26">
            <wcet number="0">60</wcet>
            <wcet number="1">100</wcet>
            <maxpow number="0.35467246359454363"/>
            <maxpow number="0.35467246359454363"/>
            <fprob>0.0</fprob>
        </actor>
        <actor name="D0N40">
            <wcet number="0">20</wcet>
            <wcet number="1">130</wcet>
            <maxpow number="0.5094267595687592"/>
            <maxpow number="0.5094267595687592"/>
            <fprob>0.0</fprob>
        </actor>
        <actor name="D0N15">
            <wcet number="0">30</wcet>
            <wcet number="1">90</wcet>
            <maxpow number="0.6841207384657753"/>
            <maxpow number="0.6841207384657753"/>
            <fprob>0.0</fprob>
        </actor>
        <actor name="D0N46">
            <wcet number="0">100</wcet>
            <wcet number="1">970</wcet>
            <maxpow number="0.4608515294341047"/>
            <maxpow number="0.4608515294341047"/>
            <fprob>0.0</fprob>
        </actor>
        <actor name="D0N8">
            <wcet number="0">50</wcet>
            <wcet number="1">80</wcet>
            <maxpow number="0.4757661555394095"/>
            <maxpow number="0.4757661555394095"/>
            <fprob>0.0</fprob>
        </actor>
        <actor name="D0N11">
            <wcet number="0">190</wcet>
            <wcet number="1">330</wcet>
            <maxpow number="0.6577968246524304"/>
            <maxpow number="0.6577968246524304"/>
            <fprob>0.0</fprob>
        </actor>
        <actor name="D0N28">
            <wcet number="0">60</wcet>
            <wcet number="1">100</wcet>
            <maxpow number="0.2684499247641102"/>
            <maxpow number="0.2684499247641102"/>
            <fprob>0.0</fprob>
        </actor>
        <actor name="D0N14">
            <wcet number="0">10</wcet>
            <wcet number="1">60</wcet>
            <maxpow number="0.5737494175778342"/>
            <maxpow number="0.5737494175778342"/>
            <fprob>0.0</fprob>
        </actor>
        <actor name="D0N16">
            <wcet number="0">40</wcet>
            <wcet number="1">60</wcet>
            <maxpow number="0.2884720638791767"/>
            <maxpow number="0.2884720638791767"/>
            <fprob>0.0</fprob>
        </actor>
        <actor name="D0N22">
            <wcet number="0">120</wcet>
            <wcet number="1">210</wcet>
            <maxpow number="0.5674308941134305"/>
            <maxpow number="0.5674308941134305"/>
            <fprob>0.0</fprob>
        </actor>
        <actor name="D0N21">
            <wcet number="0">50</wcet>
            <wcet number="1">70</wcet>
            <maxpow number="0.6429332852721974"/>
            <maxpow number="0.6429332852721974"/>
            <fprob>0.0</fprob>
        </actor>
        <actor name="D0N7">
            <wcet number="0">20</wcet>
            <wcet number="1">40</wcet>
            <maxpow number="0.22576258526753729"/>
            <maxpow number="0.22576258526753729"/>
            <fprob>0.0</fprob>
        </actor>
        <actor name="D0N5">
            <wcet number="0">50</wcet>
            <wcet number="1">80</wcet>
            <maxpow number="0.5244017647617318"/>
            <maxpow number="0.5244017647617318"/>
            <fprob>0.0</fprob>
        </actor>
        <actor name="D0N23">
            <wcet number="0">70</wcet>
            <wcet number="1">140</wcet>
            <maxpow number="0.5963768445938716"/>
            <maxpow number="0.5963768445938716"/>
            <fprob>0.0</fprob>
        </actor>
        <actor name="D0N6">
            <wcet number="0">60</wcet>
            <wcet number="1">90</wcet>
            <maxpow number="0.5614883234769248"/>
            <maxpow number="0.5614883234769248"/>
            <fprob>0.0</fprob>
        </actor>
        <actor name="D0N19">
            <wcet number="0">110</wcet>
            <wcet number="1">110</wcet>
            <maxpow number="0.1716496188165617"/>
            <maxpow number="0.1716496188165617"/>
            <fprob>0.0</fprob>
        </actor>
        <actor name="D0N34">
            <wcet number="0">50</wcet>
            <wcet number="1">90</wcet>
            <maxpow number="0.42798473039579193"/>
            <maxpow number="0.42798473039579193"/>
            <fprob>0.0</fprob>
        </actor>
        <actor name="D0N43">
            <wcet number="0">100</wcet>
            <wcet number="1">130</wcet>
            <maxpow number="0.6228960429643077"/>
            <maxpow number="0.6228960429643077"/>
            <fprob>0.0</fprob>
        </actor>
        <ports>
            <port dstActor="D0N44" name="p0" srcActor="D0N35"/>
            <port dstActor="D0N37" name="p1" srcActor="D0N35"/>
            <port dstActor="D0N30" name="p2" srcActor="D0N4"/>
            <port dstActor="D0N42" name="p3" srcActor="D0N27"/>
            <port dstActor="D0N37" name="p4" srcActor="D0N9"/>
            <port dstActor="D0N44" name="p5" srcActor="D0N39"/>
            <port dstActor="D0N45" name="p6" srcActor="D0N39"/>
            <port dstActor="D0N17" name="p7" srcActor="D0N3"/>
            <port dstActor="D0N20" name="p8" srcActor="D0N3"/>
            <port dstActor="D0N30" name="p9" srcActor="D0N20"/>
            <port dstActor="D0N42" name="p10" srcActor="D0N32"/>
            <port dstActor="D0N33" name="p11" srcActor="D0N32"/>
            <port dstActor="D0N39" name="p12" srcActor="D0N32"/>
            <port dstActor="D0N47" name="p13" srcActor="D0N2"/>
            <port dstActor="D0N10" name="p14" srcActor="D0N2"/>
            <port dstActor="D0N44" name="p15" srcActor="D0N2"/>
            <port dstActor="D0N32" name="p16" srcActor="D0N2"/>
            <port dstActor="D0N17" name="p17" srcActor="D0N2"/>
            <port dstActor="D0N30" name="p18" srcActor="D0N2"/>
            <port dstActor="D0N31" name="p19" srcActor="D0N10"/>
            <port dstActor="D0N38" name="p20" srcActor="D0N10"/>
            <port dstActor="D0N44" name="p21" srcActor="D0N10"/>
            <port dstActor="D0N45" name="p22" srcActor="D0N10"/>
            <port dstActor="D0N20" name="p23" srcActor="D0N1"/>
            <port dstActor="D0N10" name="p24" srcActor="D0N1"/>
            <port dstActor="D0N3" name="p25" srcActor="D0N1"/>
            <port dstActor="D0N6" name="p26" srcActor="D0N1"/>
            <port dstActor="D0N42" name="p27" srcActor="D0N1"/>
            <port dstActor="D0N2" name="p28" srcActor="D0N1"/>
            <port dstActor="D0N44" name="p29" srcActor="D0N42"/>
            <port dstActor="D0N37" name="p30" srcActor="D0N29"/>
            <port dstActor="D0N31" name="p31" srcActor="D0N29"/>
            <port dstActor="D0N44" name="p32" srcActor="D0N41"/>
            <port dstActor="D0N43" name="p33" srcActor="D0N41"/>
            <port dstActor="D0N12" name="p34" srcActor="D0N0"/>
            <port dstActor="D0N1" name="p35" srcActor="D0N0"/>
            <port dstActor="D0N2" name="p36" srcActor="D0N0"/>
            <port dstActor="D0N25" name="p37" srcActor="D0N0"/>
            <port dstActor="D0N38" name="p38" srcActor="D0N0"/>
            <port dstActor="D0N19" name="p39" srcActor="D0N0"/>
            <port dstActor="D0N22" name="p40" srcActor="D0N17"/>
            <port dstActor="D0N26" name="p41" srcActor="D0N17"/>
            <port dstActor="D0N28" name="p42" srcActor="D0N17"/>
            <port dstActor="D0N22" name="p43" srcActor="D0N13"/>
            <port dstActor="D0N43" name="p44" srcActor="D0N13"/>
            <port dstActor="D0N36" name="p45" srcActor="D0N25"/>
            <port dstActor="D0N42" name="p46" srcActor="D0N30"/>
            <port dstActor="D0N32" name="p47" srcActor="D0N18"/>
            <port dstActor="D0N39" name="p48" srcActor="D0N18"/>
            <port dstActor="D0N35" name="p49" srcActor="D0N18"/>
            <port dstActor="D0N19" name="p50" srcActor="D0N12"/>
            <port dstActor="D0N31" name="p51" srcActor="D0N12"/>
            <port dstActor="D0N29" name="p52" srcActor="D0N12"/>
            <port dstActor="D0N14" name="p53" srcActor="D0N12"/>
            <port dstActor="D0N37" name="p54" srcActor="D0N26"/>
            <port dstActor="D0N45" name="p55" srcActor="D0N40"/>
            <port dstActor="D0N32" name="p56" srcActor="D0N15"/>
            <port dstActor="D0N18" name="p57" srcActor="D0N15"/>
            <port dstActor="D0N26" name="p58" srcActor="D0N8"/>
            <port dstActor="D0N45" name="p59" srcActor="D0N11"/>
            <port dstActor="D0N39" name="p60" srcActor="D0N11"/>
            <port dstActor="D0N30" name="p61" srcActor="D0N28"/>
            <port dstActor="D0N34" name="p62" srcActor="D0N28"/>
            <port dstActor="D0N36" name="p63" srcActor="D0N28"/>
            <port dstActor="D0N37" name="p64" srcActor="D0N28"/>
            <port dstActor="D0N28" name="p65" srcActor="D0N14"/>
            <port dstActor="D0N47" name="p66" srcActor="D0N14"/>
            <port dstActor="D0N42" name="p67" srcActor="D0N16"/>
            <port dstActor="D0N36" name="p68" srcActor="D0N16"/>
            <port dstActor="D0N45" name="p69" srcActor="D0N16"/>
            <port dstActor="D0N30" name="p70" srcActor="D0N22"/>
            <port dstActor="D0N32" name="p71" srcActor="D0N22"/>
            <port dstActor="D0N45" name="p72" srcActor="D0N22"/>
            <port dstActor="D0N33" name="p73" srcActor="D0N21"/>
            <port dstActor="D0N45" name="p74" srcActor="D0N21"/>
            <port dstActor="D0N22" name="p75" srcActor="D0N21"/>
            <port dstActor="D0N27" name="p76" srcActor="D0N21"/>
            <port dstActor="D0N46" name="p77" srcActor="D0N21"/>
            <port dstActor="D0N25" name="p78" srcActor="D0N21"/>
            <port dstActor="D0N12" name="p79" srcActor="D0N7"/>
            <port dstActor="D0N43" name="p80" srcActor="D0N7"/>
            <port dstActor="D0N33" name="p81" srcActor="D0N7"/>
            <port dstActor="D0N42" name="p82" srcActor="D0N7"/>
            <port dstActor="D0N25" name="p83" srcActor="D0N7"/>
            <port dstActor="D0N9" name="p84" srcActor="D0N7"/>
            <port dstActor="D0N15" name="p85" srcActor="D0N7"/>
            <port dstActor="D0N27" name="p86" srcActor="D0N7"/>
            <port dstActor="D0N31" name="p87" srcActor="D0N5"/>
            <port dstActor="D0N16" name="p88" srcActor="D0N5"/>
            <port dstActor="D0N18" name="p89" srcActor="D0N5"/>
            <port dstActor="D0N8" name="p90" srcActor="D0N5"/>
            <port dstActor="D0N42" name="p91" srcActor="D0N6"/>
            <port dstActor="D0N25" name="p92" srcActor="D0N6"/>
            <port dstActor="D0N26" name="p93" srcActor="D0N6"/>
            <port dstActor="D0N44" name="p94" srcActor="D0N19"/>
            <port dstActor="D0N46" name="p95" srcActor="D0N19"/>
            <port dstActor="D0N40" name="p96" srcActor="D0N34"/>
            <port dstActor="D0N45" name="p97" srcActor="D0N43"/>
        </ports>
    </mcdag>
    <cores number="3"/>
    <levels number="2"/>
</mcsystem>
