<?xml version="1.0" encoding="UTF-8" standalone="no"?>
<mcsystem>
    <mcdag deadline="1500" name="genned-0-ed-10.0-0">
        <actor name="D0N0">
            <wcet number="0">20</wcet>
            <wcet number="1">30</wcet>
            <maxpow number="0.5320301738969778"/>
            <maxpow number="0.5320301738969778"/>
            <fprob>0.0</fprob>
        </actor>
        <actor name="D0N9">
            <wcet number="0">20</wcet>
            <wcet number="1">150</wcet>
            <maxpow number="0.909765797922737"/>
            <maxpow number="0.909765797922737"/>
            <fprob>0.0</fprob>
        </actor>
        <actor name="D0N21">
            <wcet number="0">200</wcet>
            <wcet number="1">240</wcet>
            <maxpow number="0.2179225734935371"/>
            <maxpow number="0.2179225734935371"/>
            <fprob>0.0</fprob>
        </actor>
        <actor name="D0N15">
            <wcet number="0">10</wcet>
            <wcet number="1">10</wcet>
            <maxpow number="0.676549156916687"/>
            <maxpow number="0.676549156916687"/>
            <fprob>0.0</fprob>
        </actor>
        <actor name="D0N36">
            <wcet number="0">60</wcet>
            <wcet number="1">140</wcet>
            <maxpow number="0.4714636747372893"/>
            <maxpow number="0.4714636747372893"/>
            <fprob>0.0</fprob>
        </actor>
        <actor name="D0N32">
            <wcet number="0">40</wcet>
            <wcet number="1">60</wcet>
            <maxpow number="0.5794456361954109"/>
            <maxpow number="0.5794456361954109"/>
            <fprob>0.0</fprob>
        </actor>
        <actor name="D0N1">
            <wcet number="0">20</wcet>
            <wcet number="1">20</wcet>
            <maxpow number="0.6400356017701433"/>
            <maxpow number="0.6400356017701433"/>
            <fprob>0.0</fprob>
        </actor>
        <actor name="D0N42">
            <wcet number="0">40</wcet>
            <wcet number="1">190</wcet>
            <maxpow number="0.36562964105545115"/>
            <maxpow number="0.36562964105545115"/>
            <fprob>0.0</fprob>
        </actor>
        <actor name="D0N27">
            <wcet number="0">10</wcet>
            <wcet number="1">10</wcet>
            <maxpow number="0.4563824986708639"/>
            <maxpow number="0.4563824986708639"/>
            <fprob>0.0</fprob>
        </actor>
        <actor name="D0N49">
            <wcet number="0">40</wcet>
            <wcet number="1">150</wcet>
            <maxpow number="0.6947444826462363"/>
            <maxpow number="0.6947444826462363"/>
            <fprob>0.0</fprob>
        </actor>
        <actor name="D0N3">
            <wcet number="0">40</wcet>
            <wcet number="1">60</wcet>
            <maxpow number="0.6471061072536852"/>
            <maxpow number="0.6471061072536852"/>
            <fprob>0.0</fprob>
        </actor>
        <actor name="D0N39">
            <wcet number="0">10</wcet>
            <wcet number="1">10</wcet>
            <maxpow number="0.48125739053482214"/>
            <maxpow number="0.48125739053482214"/>
            <fprob>0.0</fprob>
        </actor>
        <actor name="D0N6">
            <wcet number="0">20</wcet>
            <wcet number="1">50</wcet>
            <maxpow number="0.3859403555302624"/>
            <maxpow number="0.3859403555302624"/>
            <fprob>0.0</fprob>
        </actor>
        <actor name="D0N30">
            <wcet number="0">20</wcet>
            <wcet number="1">30</wcet>
            <maxpow number="0.7786947558777573"/>
            <maxpow number="0.7786947558777573"/>
            <fprob>0.0</fprob>
        </actor>
        <actor name="D0N29">
            <wcet number="0">50</wcet>
            <wcet number="1">60</wcet>
            <maxpow number="0.636624659307883"/>
            <maxpow number="0.636624659307883"/>
            <fprob>0.0</fprob>
        </actor>
        <actor name="D0N41">
            <wcet number="0">30</wcet>
            <wcet number="1">90</wcet>
            <maxpow number="0.423761761311572"/>
            <maxpow number="0.423761761311572"/>
            <fprob>0.0</fprob>
        </actor>
        <actor name="D0N24">
            <wcet number="0">140</wcet>
            <wcet number="1">280</wcet>
            <maxpow number="0.7159809823458363"/>
            <maxpow number="0.7159809823458363"/>
            <fprob>0.0</fprob>
        </actor>
        <actor name="D0N7">
            <wcet number="0">50</wcet>
            <wcet number="1">70</wcet>
            <maxpow number="0.4741441954582861"/>
            <maxpow number="0.4741441954582861"/>
            <fprob>0.0</fprob>
        </actor>
        <actor name="D0N33">
            <wcet number="0">20</wcet>
            <wcet number="1">50</wcet>
            <maxpow number="0.4119681059102718"/>
            <maxpow number="0.4119681059102718"/>
            <fprob>0.0</fprob>
        </actor>
        <actor name="D0N20">
            <wcet number="0">80</wcet>
            <wcet number="1">100</wcet>
            <maxpow number="0.5809546796986647"/>
            <maxpow number="0.5809546796986647"/>
            <fprob>0.0</fprob>
        </actor>
        <actor name="D0N5">
            <wcet number="0">30</wcet>
            <wcet number="1">40</wcet>
            <maxpow number="0.0796433242083151"/>
            <maxpow number="0.0796433242083151"/>
            <fprob>0.0</fprob>
        </actor>
        <actor name="D0N12">
            <wcet number="0">40</wcet>
            <wcet number="1">110</wcet>
            <maxpow number="0.7026489611394071"/>
            <maxpow number="0.7026489611394071"/>
            <fprob>0.0</fprob>
        </actor>
        <actor name="D0N26">
            <wcet number="0">10</wcet>
            <wcet number="1">30</wcet>
            <maxpow number="0.49521049075447265"/>
            <maxpow number="0.49521049075447265"/>
            <fprob>0.0</fprob>
        </actor>
        <actor name="D0N14">
            <wcet number="0">10</wcet>
            <wcet number="1">50</wcet>
            <maxpow number="0.8720003741821116"/>
            <maxpow number="0.8720003741821116"/>
            <fprob>0.0</fprob>
        </actor>
        <actor name="D0N28">
            <wcet number="0">70</wcet>
            <wcet number="1">160</wcet>
            <maxpow number="0.5889878848305266"/>
            <maxpow number="0.5889878848305266"/>
            <fprob>0.0</fprob>
        </actor>
        <actor name="D0N18">
            <wcet number="0">30</wcet>
            <wcet number="1">80</wcet>
            <maxpow number="0.6282604132163875"/>
            <maxpow number="0.6282604132163875"/>
            <fprob>0.0</fprob>
        </actor>
        <actor name="D0N46">
            <wcet number="0">40</wcet>
            <wcet number="1">60</wcet>
            <maxpow number="0.5478111701678005"/>
            <maxpow number="0.5478111701678005"/>
            <fprob>0.0</fprob>
        </actor>
        <actor name="D0N35">
            <wcet number="0">90</wcet>
            <wcet number="1">90</wcet>
            <maxpow number="0.7557604710698032"/>
            <maxpow number="0.7557604710698032"/>
            <fprob>0.0</fprob>
        </actor>
        <actor name="D0N22">
            <wcet number="0">10</wcet>
            <wcet number="1">30</wcet>
            <maxpow number="0.08335143487982705"/>
            <maxpow number="0.08335143487982705"/>
            <fprob>0.0</fprob>
        </actor>
        <actor name="D0N37">
            <wcet number="0">50</wcet>
            <wcet number="1">50</wcet>
            <maxpow number="0.2682952644878687"/>
            <maxpow number="0.2682952644878687"/>
            <fprob>0.0</fprob>
        </actor>
        <actor name="D0N23">
            <wcet number="0">130</wcet>
            <wcet number="1">130</wcet>
            <maxpow number="0.6268545901479424"/>
            <maxpow number="0.6268545901479424"/>
            <fprob>0.0</fprob>
        </actor>
        <actor name="D0N43">
            <wcet number="0">20</wcet>
            <wcet number="1">70</wcet>
            <maxpow number="0.5842332725553908"/>
            <maxpow number="0.5842332725553908"/>
            <fprob>0.0</fprob>
        </actor>
        <actor name="D0N44">
            <wcet number="0">10</wcet>
            <wcet number="1">30</wcet>
            <maxpow number="0.5546981309015311"/>
            <maxpow number="0.5546981309015311"/>
            <fprob>0.0</fprob>
        </actor>
        <actor name="D0N34">
            <wcet number="0">50</wcet>
            <wcet number="1">80</wcet>
            <maxpow number="0.41294493464945103"/>
            <maxpow number="0.41294493464945103"/>
            <fprob>0.0</fprob>
        </actor>
        <actor name="D0N45">
            <wcet number="0">50</wcet>
            <wcet number="1">110</wcet>
            <maxpow number="0.5331817304498633"/>
            <maxpow number="0.5331817304498633"/>
            <fprob>0.0</fprob>
        </actor>
        <actor name="D0N25">
            <wcet number="0">50</wcet>
            <wcet number="1">80</wcet>
            <maxpow number="0.29961641747500545"/>
            <maxpow number="0.29961641747500545"/>
            <fprob>0.0</fprob>
        </actor>
        <actor name="D0N47">
            <wcet number="0">10</wcet>
            <wcet number="1">20</wcet>
            <maxpow number="0.49058464798761287"/>
            <maxpow number="0.49058464798761287"/>
            <fprob>0.0</fprob>
        </actor>
        <actor name="D0N8">
            <wcet number="0">140</wcet>
            <wcet number="1">150</wcet>
            <maxpow number="0.19623307189455286"/>
            <maxpow number="0.19623307189455286"/>
            <fprob>0.0</fprob>
        </actor>
        <actor name="D0N11">
            <wcet number="0">20</wcet>
            <wcet number="1">100</wcet>
            <maxpow number="0.7567917247794642"/>
            <maxpow number="0.7567917247794642"/>
            <fprob>0.0</fprob>
        </actor>
        <actor name="D0N4">
            <wcet number="0">20</wcet>
            <wcet number="1">40</wcet>
            <maxpow number="0.6267044200860421"/>
            <maxpow number="0.6267044200860421"/>
            <fprob>0.0</fprob>
        </actor>
        <actor name="D0N40">
            <wcet number="0">40</wcet>
            <wcet number="1">80</wcet>
            <maxpow number="0.35229413387919434"/>
            <maxpow number="0.35229413387919434"/>
            <fprob>0.0</fprob>
        </actor>
        <actor name="D0N31">
            <wcet number="0">20</wcet>
            <wcet number="1">20</wcet>
            <maxpow number="0.45784802985067097"/>
            <maxpow number="0.45784802985067097"/>
            <fprob>0.0</fprob>
        </actor>
        <actor name="D0N2">
            <wcet number="0">10</wcet>
            <wcet number="1">10</wcet>
            <maxpow number="0.5642388882486226"/>
            <maxpow number="0.5642388882486226"/>
            <fprob>0.0</fprob>
        </actor>
        <actor name="D0N10">
            <wcet number="0">40</wcet>
            <wcet number="1">40</wcet>
            <maxpow number="0.7510035671769303"/>
            <maxpow number="0.7510035671769303"/>
            <fprob>0.0</fprob>
        </actor>
        <actor name="D0N13">
            <wcet number="0">50</wcet>
            <wcet number="1">50</wcet>
            <maxpow number="0.6730446360330294"/>
            <maxpow number="0.6730446360330294"/>
            <fprob>0.0</fprob>
        </actor>
        <actor name="D0N17">
            <wcet number="0">40</wcet>
            <wcet number="1">40</wcet>
            <maxpow number="0.6535483512774523"/>
            <maxpow number="0.6535483512774523"/>
            <fprob>0.0</fprob>
        </actor>
        <actor name="D0N38">
            <wcet number="0">70</wcet>
            <wcet number="1">70</wcet>
            <maxpow number="0.36350289757538257"/>
            <maxpow number="0.36350289757538257"/>
            <fprob>0.0</fprob>
        </actor>
        <actor name="D0N19">
            <wcet number="0">60</wcet>
            <wcet number="1">310</wcet>
            <maxpow number="0.5575773692704276"/>
            <maxpow number="0.5575773692704276"/>
            <fprob>0.0</fprob>
        </actor>
        <actor name="D0N48">
            <wcet number="0">40</wcet>
            <wcet number="1">70</wcet>
            <maxpow number="0.6240331853580297"/>
            <maxpow number="0.6240331853580297"/>
            <fprob>0.0</fprob>
        </actor>
        <actor name="D0N16">
            <wcet number="0">30</wcet>
            <wcet number="1">50</wcet>
            <maxpow number="0.5952832918576068"/>
            <maxpow number="0.5952832918576068"/>
            <fprob>0.0</fprob>
        </actor>
        <ports>
            <port dstActor="D0N18" name="p0" srcActor="D0N0"/>
            <port dstActor="D0N30" name="p1" srcActor="D0N0"/>
            <port dstActor="D0N5" name="p2" srcActor="D0N0"/>
            <port dstActor="D0N33" name="p3" srcActor="D0N0"/>
            <port dstActor="D0N35" name="p4" srcActor="D0N0"/>
            <port dstActor="D0N28" name="p5" srcActor="D0N9"/>
            <port dstActor="D0N46" name="p6" srcActor="D0N9"/>
            <port dstActor="D0N28" name="p7" srcActor="D0N21"/>
            <port dstActor="D0N31" name="p8" srcActor="D0N21"/>
            <port dstActor="D0N16" name="p9" srcActor="D0N15"/>
            <port dstActor="D0N18" name="p10" srcActor="D0N15"/>
            <port dstActor="D0N47" name="p11" srcActor="D0N15"/>
            <port dstActor="D0N48" name="p12" srcActor="D0N15"/>
            <port dstActor="D0N45" name="p13" srcActor="D0N36"/>
            <port dstActor="D0N43" name="p14" srcActor="D0N36"/>
            <port dstActor="D0N37" name="p15" srcActor="D0N36"/>
            <port dstActor="D0N36" name="p16" srcActor="D0N32"/>
            <port dstActor="D0N49" name="p17" srcActor="D0N32"/>
            <port dstActor="D0N37" name="p18" srcActor="D0N1"/>
            <port dstActor="D0N43" name="p19" srcActor="D0N1"/>
            <port dstActor="D0N4" name="p20" srcActor="D0N1"/>
            <port dstActor="D0N23" name="p21" srcActor="D0N1"/>
            <port dstActor="D0N30" name="p22" srcActor="D0N1"/>
            <port dstActor="D0N32" name="p23" srcActor="D0N1"/>
            <port dstActor="D0N44" name="p24" srcActor="D0N42"/>
            <port dstActor="D0N32" name="p25" srcActor="D0N27"/>
            <port dstActor="D0N36" name="p26" srcActor="D0N27"/>
            <port dstActor="D0N35" name="p27" srcActor="D0N27"/>
            <port dstActor="D0N28" name="p28" srcActor="D0N3"/>
            <port dstActor="D0N36" name="p29" srcActor="D0N3"/>
            <port dstActor="D0N31" name="p30" srcActor="D0N3"/>
            <port dstActor="D0N24" name="p31" srcActor="D0N3"/>
            <port dstActor="D0N48" name="p32" srcActor="D0N3"/>
            <port dstActor="D0N5" name="p33" srcActor="D0N3"/>
            <port dstActor="D0N30" name="p34" srcActor="D0N6"/>
            <port dstActor="D0N13" name="p35" srcActor="D0N6"/>
            <port dstActor="D0N47" name="p36" srcActor="D0N6"/>
            <port dstActor="D0N38" name="p37" srcActor="D0N30"/>
            <port dstActor="D0N35" name="p38" srcActor="D0N30"/>
            <port dstActor="D0N49" name="p39" srcActor="D0N29"/>
            <port dstActor="D0N40" name="p40" srcActor="D0N29"/>
            <port dstActor="D0N42" name="p41" srcActor="D0N41"/>
            <port dstActor="D0N43" name="p42" srcActor="D0N24"/>
            <port dstActor="D0N32" name="p43" srcActor="D0N7"/>
            <port dstActor="D0N17" name="p44" srcActor="D0N7"/>
            <port dstActor="D0N34" name="p45" srcActor="D0N7"/>
            <port dstActor="D0N48" name="p46" srcActor="D0N7"/>
            <port dstActor="D0N16" name="p47" srcActor="D0N7"/>
            <port dstActor="D0N15" name="p48" srcActor="D0N7"/>
            <port dstActor="D0N28" name="p49" srcActor="D0N7"/>
            <port dstActor="D0N22" name="p50" srcActor="D0N7"/>
            <port dstActor="D0N45" name="p51" srcActor="D0N33"/>
            <port dstActor="D0N34" name="p52" srcActor="D0N33"/>
            <port dstActor="D0N29" name="p53" srcActor="D0N20"/>
            <port dstActor="D0N31" name="p54" srcActor="D0N20"/>
            <port dstActor="D0N46" name="p55" srcActor="D0N5"/>
            <port dstActor="D0N20" name="p56" srcActor="D0N5"/>
            <port dstActor="D0N47" name="p57" srcActor="D0N5"/>
            <port dstActor="D0N31" name="p58" srcActor="D0N5"/>
            <port dstActor="D0N45" name="p59" srcActor="D0N5"/>
            <port dstActor="D0N14" name="p60" srcActor="D0N5"/>
            <port dstActor="D0N19" name="p61" srcActor="D0N12"/>
            <port dstActor="D0N15" name="p62" srcActor="D0N12"/>
            <port dstActor="D0N13" name="p63" srcActor="D0N12"/>
            <port dstActor="D0N32" name="p64" srcActor="D0N12"/>
            <port dstActor="D0N47" name="p65" srcActor="D0N26"/>
            <port dstActor="D0N19" name="p66" srcActor="D0N14"/>
            <port dstActor="D0N34" name="p67" srcActor="D0N14"/>
            <port dstActor="D0N31" name="p68" srcActor="D0N14"/>
            <port dstActor="D0N15" name="p69" srcActor="D0N14"/>
            <port dstActor="D0N42" name="p70" srcActor="D0N14"/>
            <port dstActor="D0N28" name="p71" srcActor="D0N14"/>
            <port dstActor="D0N37" name="p72" srcActor="D0N14"/>
            <port dstActor="D0N39" name="p73" srcActor="D0N28"/>
            <port dstActor="D0N35" name="p74" srcActor="D0N28"/>
            <port dstActor="D0N45" name="p75" srcActor="D0N28"/>
            <port dstActor="D0N41" name="p76" srcActor="D0N18"/>
            <port dstActor="D0N27" name="p77" srcActor="D0N18"/>
            <port dstActor="D0N46" name="p78" srcActor="D0N18"/>
            <port dstActor="D0N44" name="p79" srcActor="D0N35"/>
            <port dstActor="D0N46" name="p80" srcActor="D0N35"/>
            <port dstActor="D0N45" name="p81" srcActor="D0N35"/>
            <port dstActor="D0N38" name="p82" srcActor="D0N22"/>
            <port dstActor="D0N43" name="p83" srcActor="D0N22"/>
            <port dstActor="D0N48" name="p84" srcActor="D0N22"/>
            <port dstActor="D0N36" name="p85" srcActor="D0N23"/>
            <port dstActor="D0N26" name="p86" srcActor="D0N23"/>
            <port dstActor="D0N49" name="p87" srcActor="D0N43"/>
            <port dstActor="D0N47" name="p88" srcActor="D0N43"/>
            <port dstActor="D0N43" name="p89" srcActor="D0N34"/>
            <port dstActor="D0N45" name="p90" srcActor="D0N34"/>
            <port dstActor="D0N26" name="p91" srcActor="D0N25"/>
            <port dstActor="D0N10" name="p92" srcActor="D0N8"/>
            <port dstActor="D0N43" name="p93" srcActor="D0N11"/>
            <port dstActor="D0N17" name="p94" srcActor="D0N11"/>
            <port dstActor="D0N35" name="p95" srcActor="D0N11"/>
            <port dstActor="D0N46" name="p96" srcActor="D0N11"/>
            <port dstActor="D0N36" name="p97" srcActor="D0N11"/>
            <port dstActor="D0N48" name="p98" srcActor="D0N11"/>
            <port dstActor="D0N13" name="p99" srcActor="D0N11"/>
            <port dstActor="D0N8" name="p100" srcActor="D0N4"/>
            <port dstActor="D0N44" name="p101" srcActor="D0N4"/>
            <port dstActor="D0N19" name="p102" srcActor="D0N4"/>
            <port dstActor="D0N43" name="p103" srcActor="D0N4"/>
            <port dstActor="D0N41" name="p104" srcActor="D0N40"/>
            <port dstActor="D0N43" name="p105" srcActor="D0N40"/>
            <port dstActor="D0N32" name="p106" srcActor="D0N31"/>
            <port dstActor="D0N39" name="p107" srcActor="D0N2"/>
            <port dstActor="D0N29" name="p108" srcActor="D0N2"/>
            <port dstActor="D0N32" name="p109" srcActor="D0N2"/>
            <port dstActor="D0N41" name="p110" srcActor="D0N2"/>
            <port dstActor="D0N31" name="p111" srcActor="D0N2"/>
            <port dstActor="D0N13" name="p112" srcActor="D0N10"/>
            <port dstActor="D0N22" name="p113" srcActor="D0N10"/>
            <port dstActor="D0N12" name="p114" srcActor="D0N10"/>
            <port dstActor="D0N48" name="p115" srcActor="D0N10"/>
            <port dstActor="D0N19" name="p116" srcActor="D0N13"/>
            <port dstActor="D0N29" name="p117" srcActor="D0N13"/>
            <port dstActor="D0N35" name="p118" srcActor="D0N13"/>
            <port dstActor="D0N21" name="p119" srcActor="D0N13"/>
            <port dstActor="D0N24" name="p120" srcActor="D0N17"/>
            <port dstActor="D0N19" name="p121" srcActor="D0N17"/>
            <port dstActor="D0N23" name="p122" srcActor="D0N17"/>
            <port dstActor="D0N37" name="p123" srcActor="D0N17"/>
            <port dstActor="D0N49" name="p124" srcActor="D0N38"/>
            <port dstActor="D0N40" name="p125" srcActor="D0N38"/>
            <port dstActor="D0N39" name="p126" srcActor="D0N38"/>
            <port dstActor="D0N44" name="p127" srcActor="D0N38"/>
            <port dstActor="D0N48" name="p128" srcActor="D0N38"/>
            <port dstActor="D0N21" name="p129" srcActor="D0N16"/>
        </ports>
    </mcdag>
    <cores number="3"/>
    <levels number="2"/>
</mcsystem>
