<?xml version="1.0" encoding="UTF-8" standalone="no"?>
<mcsystem>
    <mcdag deadline="1500" name="genned-0-ed-10.0-0">
        <actor name="D0N46">
            <wcet number="0">170</wcet>
            <wcet number="1">170</wcet>
            <maxpow number="0.558488917323608"/>
            <maxpow number="0.558488917323608"/>
            <fprob>0.0</fprob>
        </actor>
        <actor name="D0N31">
            <wcet number="0">20</wcet>
            <wcet number="1">50</wcet>
            <maxpow number="0.6141763327384495"/>
            <maxpow number="0.6141763327384495"/>
            <fprob>0.0</fprob>
        </actor>
        <actor name="D0N37">
            <wcet number="0">70</wcet>
            <wcet number="1">110</wcet>
            <maxpow number="0.6848720171601721"/>
            <maxpow number="0.6848720171601721"/>
            <fprob>0.0</fprob>
        </actor>
        <actor name="D0N23">
            <wcet number="0">170</wcet>
            <wcet number="1">200</wcet>
            <maxpow number="0.32345666706071896"/>
            <maxpow number="0.32345666706071896"/>
            <fprob>0.0</fprob>
        </actor>
        <actor name="D0N10">
            <wcet number="0">10</wcet>
            <wcet number="1">20</wcet>
            <maxpow number="0.572549796907273"/>
            <maxpow number="0.572549796907273"/>
            <fprob>0.0</fprob>
        </actor>
        <actor name="D0N14">
            <wcet number="0">10</wcet>
            <wcet number="1">90</wcet>
            <maxpow number="0.5608067062743596"/>
            <maxpow number="0.5608067062743596"/>
            <fprob>0.0</fprob>
        </actor>
        <actor name="D0N11">
            <wcet number="0">60</wcet>
            <wcet number="1">150</wcet>
            <maxpow number="0.48238858903343224"/>
            <maxpow number="0.48238858903343224"/>
            <fprob>0.0</fprob>
        </actor>
        <actor name="D0N20">
            <wcet number="0">20</wcet>
            <wcet number="1">30</wcet>
            <maxpow number="0.34478350203690605"/>
            <maxpow number="0.34478350203690605"/>
            <fprob>0.0</fprob>
        </actor>
        <actor name="D0N36">
            <wcet number="0">10</wcet>
            <wcet number="1">10</wcet>
            <maxpow number="0.4595048411774011"/>
            <maxpow number="0.4595048411774011"/>
            <fprob>0.0</fprob>
        </actor>
        <actor name="D0N44">
            <wcet number="0">10</wcet>
            <wcet number="1">10</wcet>
            <maxpow number="0.31112027736302605"/>
            <maxpow number="0.31112027736302605"/>
            <fprob>0.0</fprob>
        </actor>
        <actor name="D0N4">
            <wcet number="0">30</wcet>
            <wcet number="1">130</wcet>
            <maxpow number="0.12144743017954568"/>
            <maxpow number="0.12144743017954568"/>
            <fprob>0.0</fprob>
        </actor>
        <actor name="D0N22">
            <wcet number="0">20</wcet>
            <wcet number="1">30</wcet>
            <maxpow number="0.47312628833154363"/>
            <maxpow number="0.47312628833154363"/>
            <fprob>0.0</fprob>
        </actor>
        <actor name="D0N15">
            <wcet number="0">70</wcet>
            <wcet number="1">140</wcet>
            <maxpow number="0.5167940939184542"/>
            <maxpow number="0.5167940939184542"/>
            <fprob>0.0</fprob>
        </actor>
        <actor name="D0N12">
            <wcet number="0">40</wcet>
            <wcet number="1">70</wcet>
            <maxpow number="0.8768977200467347"/>
            <maxpow number="0.8768977200467347"/>
            <fprob>0.0</fprob>
        </actor>
        <actor name="D0N16">
            <wcet number="0">100</wcet>
            <wcet number="1">120</wcet>
            <maxpow number="0.6871512240528644"/>
            <maxpow number="0.6871512240528644"/>
            <fprob>0.0</fprob>
        </actor>
        <actor name="D0N35">
            <wcet number="0">50</wcet>
            <wcet number="1">90</wcet>
            <maxpow number="0.7778372699841887"/>
            <maxpow number="0.7778372699841887"/>
            <fprob>0.0</fprob>
        </actor>
        <actor name="D0N7">
            <wcet number="0">60</wcet>
            <wcet number="1">70</wcet>
            <maxpow number="0.5642531255033741"/>
            <maxpow number="0.5642531255033741"/>
            <fprob>0.0</fprob>
        </actor>
        <actor name="D0N40">
            <wcet number="0">30</wcet>
            <wcet number="1">30</wcet>
            <maxpow number="0.20091049817994966"/>
            <maxpow number="0.20091049817994966"/>
            <fprob>0.0</fprob>
        </actor>
        <actor name="D0N24">
            <wcet number="0">60</wcet>
            <wcet number="1">60</wcet>
            <maxpow number="0.3926264466373891"/>
            <maxpow number="0.3926264466373891"/>
            <fprob>0.0</fprob>
        </actor>
        <actor name="D0N3">
            <wcet number="0">10</wcet>
            <wcet number="1">10</wcet>
            <maxpow number="0.5020577603790313"/>
            <maxpow number="0.5020577603790313"/>
            <fprob>0.0</fprob>
        </actor>
        <actor name="D0N42">
            <wcet number="0">50</wcet>
            <wcet number="1">60</wcet>
            <maxpow number="0.8655137968865707"/>
            <maxpow number="0.8655137968865707"/>
            <fprob>0.0</fprob>
        </actor>
        <actor name="D0N5">
            <wcet number="0">130</wcet>
            <wcet number="1">420</wcet>
            <maxpow number="0.8194837761022629"/>
            <maxpow number="0.8194837761022629"/>
            <fprob>0.0</fprob>
        </actor>
        <actor name="D0N17">
            <wcet number="0">60</wcet>
            <wcet number="1">190</wcet>
            <maxpow number="0.6968090715634683"/>
            <maxpow number="0.6968090715634683"/>
            <fprob>0.0</fprob>
        </actor>
        <actor name="D0N19">
            <wcet number="0">10</wcet>
            <wcet number="1">10</wcet>
            <maxpow number="0.5794642307264861"/>
            <maxpow number="0.5794642307264861"/>
            <fprob>0.0</fprob>
        </actor>
        <actor name="D0N39">
            <wcet number="0">10</wcet>
            <wcet number="1">10</wcet>
            <maxpow number="0.7453122518265247"/>
            <maxpow number="0.7453122518265247"/>
            <fprob>0.0</fprob>
        </actor>
        <actor name="D0N47">
            <wcet number="0">50</wcet>
            <wcet number="1">50</wcet>
            <maxpow number="0.6953366925306289"/>
            <maxpow number="0.6953366925306289"/>
            <fprob>0.0</fprob>
        </actor>
        <actor name="D0N2">
            <wcet number="0">30</wcet>
            <wcet number="1">120</wcet>
            <maxpow number="0.8775109125652727"/>
            <maxpow number="0.8775109125652727"/>
            <fprob>0.0</fprob>
        </actor>
        <actor name="D0N13">
            <wcet number="0">20</wcet>
            <wcet number="1">40</wcet>
            <maxpow number="0.8133691685344027"/>
            <maxpow number="0.8133691685344027"/>
            <fprob>0.0</fprob>
        </actor>
        <actor name="D0N1">
            <wcet number="0">10</wcet>
            <wcet number="1">10</wcet>
            <maxpow number="0.8076480080385705"/>
            <maxpow number="0.8076480080385705"/>
            <fprob>0.0</fprob>
        </actor>
        <actor name="D0N45">
            <wcet number="0">10</wcet>
            <wcet number="1">10</wcet>
            <maxpow number="0.4245923372343082"/>
            <maxpow number="0.4245923372343082"/>
            <fprob>0.0</fprob>
        </actor>
        <actor name="D0N34">
            <wcet number="0">70</wcet>
            <wcet number="1">100</wcet>
            <maxpow number="0.5544042633794075"/>
            <maxpow number="0.5544042633794075"/>
            <fprob>0.0</fprob>
        </actor>
        <actor name="D0N43">
            <wcet number="0">20</wcet>
            <wcet number="1">20</wcet>
            <maxpow number="0.4951288274451348"/>
            <maxpow number="0.4951288274451348"/>
            <fprob>0.0</fprob>
        </actor>
        <actor name="D0N30">
            <wcet number="0">40</wcet>
            <wcet number="1">60</wcet>
            <maxpow number="0.42135012507624314"/>
            <maxpow number="0.42135012507624314"/>
            <fprob>0.0</fprob>
        </actor>
        <actor name="D0N25">
            <wcet number="0">20</wcet>
            <wcet number="1">30</wcet>
            <maxpow number="0.8029542636539291"/>
            <maxpow number="0.8029542636539291"/>
            <fprob>0.0</fprob>
        </actor>
        <actor name="D0N28">
            <wcet number="0">30</wcet>
            <wcet number="1">60</wcet>
            <maxpow number="0.8514976052143555"/>
            <maxpow number="0.8514976052143555"/>
            <fprob>0.0</fprob>
        </actor>
        <actor name="D0N21">
            <wcet number="0">40</wcet>
            <wcet number="1">190</wcet>
            <maxpow number="1.1128365112026466"/>
            <maxpow number="1.1128365112026466"/>
            <fprob>0.0</fprob>
        </actor>
        <actor name="D0N27">
            <wcet number="0">80</wcet>
            <wcet number="1">180</wcet>
            <maxpow number="0.792230778409449"/>
            <maxpow number="0.792230778409449"/>
            <fprob>0.0</fprob>
        </actor>
        <actor name="D0N0">
            <wcet number="0">20</wcet>
            <wcet number="1">80</wcet>
            <maxpow number="0.48012087083772853"/>
            <maxpow number="0.48012087083772853"/>
            <fprob>0.0</fprob>
        </actor>
        <actor name="D0N33">
            <wcet number="0">20</wcet>
            <wcet number="1">60</wcet>
            <maxpow number="0.3418478622612543"/>
            <maxpow number="0.3418478622612543"/>
            <fprob>0.0</fprob>
        </actor>
        <actor name="D0N29">
            <wcet number="0">270</wcet>
            <wcet number="1">270</wcet>
            <maxpow number="0.6648703681926778"/>
            <maxpow number="0.6648703681926778"/>
            <fprob>0.0</fprob>
        </actor>
        <actor name="D0N6">
            <wcet number="0">20</wcet>
            <wcet number="1">20</wcet>
            <maxpow number="0.4469490690892373"/>
            <maxpow number="0.4469490690892373"/>
            <fprob>0.0</fprob>
        </actor>
        <actor name="D0N9">
            <wcet number="0">20</wcet>
            <wcet number="1">110</wcet>
            <maxpow number="0.36374276386259197"/>
            <maxpow number="0.36374276386259197"/>
            <fprob>0.0</fprob>
        </actor>
        <actor name="D0N26">
            <wcet number="0">10</wcet>
            <wcet number="1">20</wcet>
            <maxpow number="0.44529569851483025"/>
            <maxpow number="0.44529569851483025"/>
            <fprob>0.0</fprob>
        </actor>
        <actor name="D0N41">
            <wcet number="0">50</wcet>
            <wcet number="1">60</wcet>
            <maxpow number="0.669507831118054"/>
            <maxpow number="0.669507831118054"/>
            <fprob>0.0</fprob>
        </actor>
        <actor name="D0N38">
            <wcet number="0">80</wcet>
            <wcet number="1">140</wcet>
            <maxpow number="0.40531099717412794"/>
            <maxpow number="0.40531099717412794"/>
            <fprob>0.0</fprob>
        </actor>
        <actor name="D0N18">
            <wcet number="0">10</wcet>
            <wcet number="1">30</wcet>
            <maxpow number="0.3246911318731617"/>
            <maxpow number="0.3246911318731617"/>
            <fprob>0.0</fprob>
        </actor>
        <actor name="D0N32">
            <wcet number="0">60</wcet>
            <wcet number="1">100</wcet>
            <maxpow number="0.3621326040972199"/>
            <maxpow number="0.3621326040972199"/>
            <fprob>0.0</fprob>
        </actor>
        <actor name="D0N8">
            <wcet number="0">10</wcet>
            <wcet number="1">10</wcet>
            <maxpow number="0.9565909589544483"/>
            <maxpow number="0.9565909589544483"/>
            <fprob>0.0</fprob>
        </actor>
        <ports>
            <port dstActor="D0N47" name="p0" srcActor="D0N46"/>
            <port dstActor="D0N44" name="p1" srcActor="D0N37"/>
            <port dstActor="D0N39" name="p2" srcActor="D0N37"/>
            <port dstActor="D0N29" name="p3" srcActor="D0N23"/>
            <port dstActor="D0N31" name="p4" srcActor="D0N10"/>
            <port dstActor="D0N27" name="p5" srcActor="D0N10"/>
            <port dstActor="D0N47" name="p6" srcActor="D0N10"/>
            <port dstActor="D0N47" name="p7" srcActor="D0N14"/>
            <port dstActor="D0N21" name="p8" srcActor="D0N14"/>
            <port dstActor="D0N33" name="p9" srcActor="D0N14"/>
            <port dstActor="D0N37" name="p10" srcActor="D0N14"/>
            <port dstActor="D0N35" name="p11" srcActor="D0N11"/>
            <port dstActor="D0N41" name="p12" srcActor="D0N11"/>
            <port dstActor="D0N23" name="p13" srcActor="D0N11"/>
            <port dstActor="D0N28" name="p14" srcActor="D0N11"/>
            <port dstActor="D0N37" name="p15" srcActor="D0N11"/>
            <port dstActor="D0N29" name="p16" srcActor="D0N20"/>
            <port dstActor="D0N32" name="p17" srcActor="D0N20"/>
            <port dstActor="D0N38" name="p18" srcActor="D0N20"/>
            <port dstActor="D0N34" name="p19" srcActor="D0N20"/>
            <port dstActor="D0N41" name="p20" srcActor="D0N36"/>
            <port dstActor="D0N45" name="p21" srcActor="D0N44"/>
            <port dstActor="D0N39" name="p22" srcActor="D0N4"/>
            <port dstActor="D0N45" name="p23" srcActor="D0N4"/>
            <port dstActor="D0N18" name="p24" srcActor="D0N4"/>
            <port dstActor="D0N44" name="p25" srcActor="D0N4"/>
            <port dstActor="D0N24" name="p26" srcActor="D0N4"/>
            <port dstActor="D0N21" name="p27" srcActor="D0N4"/>
            <port dstActor="D0N40" name="p28" srcActor="D0N22"/>
            <port dstActor="D0N35" name="p29" srcActor="D0N22"/>
            <port dstActor="D0N33" name="p30" srcActor="D0N22"/>
            <port dstActor="D0N43" name="p31" srcActor="D0N15"/>
            <port dstActor="D0N21" name="p32" srcActor="D0N15"/>
            <port dstActor="D0N28" name="p33" srcActor="D0N15"/>
            <port dstActor="D0N41" name="p34" srcActor="D0N15"/>
            <port dstActor="D0N44" name="p35" srcActor="D0N15"/>
            <port dstActor="D0N35" name="p36" srcActor="D0N12"/>
            <port dstActor="D0N17" name="p37" srcActor="D0N16"/>
            <port dstActor="D0N21" name="p38" srcActor="D0N16"/>
            <port dstActor="D0N26" name="p39" srcActor="D0N16"/>
            <port dstActor="D0N44" name="p40" srcActor="D0N35"/>
            <port dstActor="D0N11" name="p41" srcActor="D0N7"/>
            <port dstActor="D0N28" name="p42" srcActor="D0N7"/>
            <port dstActor="D0N43" name="p43" srcActor="D0N40"/>
            <port dstActor="D0N31" name="p44" srcActor="D0N24"/>
            <port dstActor="D0N34" name="p45" srcActor="D0N24"/>
            <port dstActor="D0N38" name="p46" srcActor="D0N24"/>
            <port dstActor="D0N36" name="p47" srcActor="D0N24"/>
            <port dstActor="D0N43" name="p48" srcActor="D0N3"/>
            <port dstActor="D0N42" name="p49" srcActor="D0N3"/>
            <port dstActor="D0N46" name="p50" srcActor="D0N42"/>
            <port dstActor="D0N12" name="p51" srcActor="D0N5"/>
            <port dstActor="D0N18" name="p52" srcActor="D0N5"/>
            <port dstActor="D0N28" name="p53" srcActor="D0N5"/>
            <port dstActor="D0N26" name="p54" srcActor="D0N17"/>
            <port dstActor="D0N23" name="p55" srcActor="D0N17"/>
            <port dstActor="D0N47" name="p56" srcActor="D0N19"/>
            <port dstActor="D0N24" name="p57" srcActor="D0N19"/>
            <port dstActor="D0N35" name="p58" srcActor="D0N19"/>
            <port dstActor="D0N30" name="p59" srcActor="D0N2"/>
            <port dstActor="D0N15" name="p60" srcActor="D0N2"/>
            <port dstActor="D0N25" name="p61" srcActor="D0N2"/>
            <port dstActor="D0N4" name="p62" srcActor="D0N2"/>
            <port dstActor="D0N24" name="p63" srcActor="D0N2"/>
            <port dstActor="D0N27" name="p64" srcActor="D0N2"/>
            <port dstActor="D0N3" name="p65" srcActor="D0N2"/>
            <port dstActor="D0N43" name="p66" srcActor="D0N13"/>
            <port dstActor="D0N42" name="p67" srcActor="D0N13"/>
            <port dstActor="D0N14" name="p68" srcActor="D0N13"/>
            <port dstActor="D0N20" name="p69" srcActor="D0N13"/>
            <port dstActor="D0N18" name="p70" srcActor="D0N1"/>
            <port dstActor="D0N41" name="p71" srcActor="D0N1"/>
            <port dstActor="D0N32" name="p72" srcActor="D0N1"/>
            <port dstActor="D0N19" name="p73" srcActor="D0N1"/>
            <port dstActor="D0N17" name="p74" srcActor="D0N1"/>
            <port dstActor="D0N45" name="p75" srcActor="D0N34"/>
            <port dstActor="D0N45" name="p76" srcActor="D0N43"/>
            <port dstActor="D0N44" name="p77" srcActor="D0N43"/>
            <port dstActor="D0N40" name="p78" srcActor="D0N30"/>
            <port dstActor="D0N35" name="p79" srcActor="D0N30"/>
            <port dstActor="D0N32" name="p80" srcActor="D0N30"/>
            <port dstActor="D0N38" name="p81" srcActor="D0N30"/>
            <port dstActor="D0N46" name="p82" srcActor="D0N30"/>
            <port dstActor="D0N45" name="p83" srcActor="D0N30"/>
            <port dstActor="D0N32" name="p84" srcActor="D0N25"/>
            <port dstActor="D0N40" name="p85" srcActor="D0N25"/>
            <port dstActor="D0N43" name="p86" srcActor="D0N28"/>
            <port dstActor="D0N40" name="p87" srcActor="D0N28"/>
            <port dstActor="D0N25" name="p88" srcActor="D0N21"/>
            <port dstActor="D0N47" name="p89" srcActor="D0N21"/>
            <port dstActor="D0N35" name="p90" srcActor="D0N21"/>
            <port dstActor="D0N43" name="p91" srcActor="D0N27"/>
            <port dstActor="D0N2" name="p92" srcActor="D0N0"/>
            <port dstActor="D0N32" name="p93" srcActor="D0N0"/>
            <port dstActor="D0N39" name="p94" srcActor="D0N0"/>
            <port dstActor="D0N22" name="p95" srcActor="D0N0"/>
            <port dstActor="D0N44" name="p96" srcActor="D0N33"/>
            <port dstActor="D0N40" name="p97" srcActor="D0N33"/>
            <port dstActor="D0N44" name="p98" srcActor="D0N29"/>
            <port dstActor="D0N36" name="p99" srcActor="D0N6"/>
            <port dstActor="D0N20" name="p100" srcActor="D0N6"/>
            <port dstActor="D0N36" name="p101" srcActor="D0N9"/>
            <port dstActor="D0N15" name="p102" srcActor="D0N9"/>
            <port dstActor="D0N28" name="p103" srcActor="D0N9"/>
            <port dstActor="D0N24" name="p104" srcActor="D0N9"/>
            <port dstActor="D0N42" name="p105" srcActor="D0N26"/>
            <port dstActor="D0N47" name="p106" srcActor="D0N41"/>
            <port dstActor="D0N45" name="p107" srcActor="D0N38"/>
            <port dstActor="D0N34" name="p108" srcActor="D0N18"/>
            <port dstActor="D0N23" name="p109" srcActor="D0N18"/>
            <port dstActor="D0N45" name="p110" srcActor="D0N18"/>
            <port dstActor="D0N37" name="p111" srcActor="D0N32"/>
            <port dstActor="D0N30" name="p112" srcActor="D0N8"/>
            <port dstActor="D0N25" name="p113" srcActor="D0N8"/>
        </ports>
    </mcdag>
    <cores number="3"/>
    <levels number="2"/>
</mcsystem>
