<?xml version="1.0" encoding="UTF-8" standalone="no"?>
<mcsystem>
    <mcdag deadline="2000" name="genned-0-ed-10.0-0">
        <actor name="D0N27">
            <wcet number="0">170</wcet>
            <wcet number="1">310</wcet>
            <maxpow number="0.32423128029463877"/>
            <maxpow number="0.32423128029463877"/>
            <fprob>0.0</fprob>
        </actor>
        <actor name="D0N31">
            <wcet number="0">40</wcet>
            <wcet number="1">40</wcet>
            <maxpow number="0.3165509172954901"/>
            <maxpow number="0.3165509172954901"/>
            <fprob>0.0</fprob>
        </actor>
        <actor name="D0N2">
            <wcet number="0">190</wcet>
            <wcet number="1">210</wcet>
            <maxpow number="0.3568558525550003"/>
            <maxpow number="0.3568558525550003"/>
            <fprob>0.0</fprob>
        </actor>
        <actor name="D0N9">
            <wcet number="0">30</wcet>
            <wcet number="1">80</wcet>
            <maxpow number="0.6989037519282144"/>
            <maxpow number="0.6989037519282144"/>
            <fprob>0.0</fprob>
        </actor>
        <actor name="D0N25">
            <wcet number="0">20</wcet>
            <wcet number="1">40</wcet>
            <maxpow number="0.6547644897560227"/>
            <maxpow number="0.6547644897560227"/>
            <fprob>0.0</fprob>
        </actor>
        <actor name="D0N7">
            <wcet number="0">20</wcet>
            <wcet number="1">30</wcet>
            <maxpow number="0.10939228801737422"/>
            <maxpow number="0.10939228801737422"/>
            <fprob>0.0</fprob>
        </actor>
        <actor name="D0N42">
            <wcet number="0">10</wcet>
            <wcet number="1">70</wcet>
            <maxpow number="0.7787346139670479"/>
            <maxpow number="0.7787346139670479"/>
            <fprob>0.0</fprob>
        </actor>
        <actor name="D0N44">
            <wcet number="0">10</wcet>
            <wcet number="1">10</wcet>
            <maxpow number="0.8009836721253007"/>
            <maxpow number="0.8009836721253007"/>
            <fprob>0.0</fprob>
        </actor>
        <actor name="D0N0">
            <wcet number="0">50</wcet>
            <wcet number="1">90</wcet>
            <maxpow number="0.6515067136274291"/>
            <maxpow number="0.6515067136274291"/>
            <fprob>0.0</fprob>
        </actor>
        <actor name="D0N20">
            <wcet number="0">30</wcet>
            <wcet number="1">40</wcet>
            <maxpow number="0.5437531230343493"/>
            <maxpow number="0.5437531230343493"/>
            <fprob>0.0</fprob>
        </actor>
        <actor name="D0N12">
            <wcet number="0">160</wcet>
            <wcet number="1">160</wcet>
            <maxpow number="0.5480268412640573"/>
            <maxpow number="0.5480268412640573"/>
            <fprob>0.0</fprob>
        </actor>
        <actor name="D0N4">
            <wcet number="0">40</wcet>
            <wcet number="1">70</wcet>
            <maxpow number="0.5860008158916937"/>
            <maxpow number="0.5860008158916937"/>
            <fprob>0.0</fprob>
        </actor>
        <actor name="D0N8">
            <wcet number="0">150</wcet>
            <wcet number="1">170</wcet>
            <maxpow number="0.5031909643833214"/>
            <maxpow number="0.5031909643833214"/>
            <fprob>0.0</fprob>
        </actor>
        <actor name="D0N15">
            <wcet number="0">20</wcet>
            <wcet number="1">120</wcet>
            <maxpow number="0.7771036243721615"/>
            <maxpow number="0.7771036243721615"/>
            <fprob>0.0</fprob>
        </actor>
        <actor name="D0N38">
            <wcet number="0">20</wcet>
            <wcet number="1">110</wcet>
            <maxpow number="0.4891914028016713"/>
            <maxpow number="0.4891914028016713"/>
            <fprob>0.0</fprob>
        </actor>
        <actor name="D0N22">
            <wcet number="0">10</wcet>
            <wcet number="1">60</wcet>
            <maxpow number="0.4526009735514572"/>
            <maxpow number="0.4526009735514572"/>
            <fprob>0.0</fprob>
        </actor>
        <actor name="D0N18">
            <wcet number="0">10</wcet>
            <wcet number="1">50</wcet>
            <maxpow number="0.728660625966546"/>
            <maxpow number="0.728660625966546"/>
            <fprob>0.0</fprob>
        </actor>
        <actor name="D0N49">
            <wcet number="0">10</wcet>
            <wcet number="1">40</wcet>
            <maxpow number="0.8101620918533778"/>
            <maxpow number="0.8101620918533778"/>
            <fprob>0.0</fprob>
        </actor>
        <actor name="D0N32">
            <wcet number="0">70</wcet>
            <wcet number="1">180</wcet>
            <maxpow number="0.49465171845172057"/>
            <maxpow number="0.49465171845172057"/>
            <fprob>0.0</fprob>
        </actor>
        <actor name="D0N33">
            <wcet number="0">60</wcet>
            <wcet number="1">230</wcet>
            <maxpow number="0.5636492346433425"/>
            <maxpow number="0.5636492346433425"/>
            <fprob>0.0</fprob>
        </actor>
        <actor name="D0N6">
            <wcet number="0">230</wcet>
            <wcet number="1">550</wcet>
            <maxpow number="0.3631417177500744"/>
            <maxpow number="0.3631417177500744"/>
            <fprob>0.0</fprob>
        </actor>
        <actor name="D0N40">
            <wcet number="0">170</wcet>
            <wcet number="1">170</wcet>
            <maxpow number="0.6095503988713259"/>
            <maxpow number="0.6095503988713259"/>
            <fprob>0.0</fprob>
        </actor>
        <actor name="D0N34">
            <wcet number="0">200</wcet>
            <wcet number="1">270</wcet>
            <maxpow number="0.6375186878899864"/>
            <maxpow number="0.6375186878899864"/>
            <fprob>0.0</fprob>
        </actor>
        <actor name="D0N10">
            <wcet number="0">100</wcet>
            <wcet number="1">110</wcet>
            <maxpow number="0.5888411195557585"/>
            <maxpow number="0.5888411195557585"/>
            <fprob>0.0</fprob>
        </actor>
        <actor name="D0N24">
            <wcet number="0">70</wcet>
            <wcet number="1">70</wcet>
            <maxpow number="0.624554834166946"/>
            <maxpow number="0.624554834166946"/>
            <fprob>0.0</fprob>
        </actor>
        <actor name="D0N11">
            <wcet number="0">210</wcet>
            <wcet number="1">210</wcet>
            <maxpow number="0.3327907546385582"/>
            <maxpow number="0.3327907546385582"/>
            <fprob>0.0</fprob>
        </actor>
        <actor name="D0N47">
            <wcet number="0">30</wcet>
            <wcet number="1">40</wcet>
            <maxpow number="0.5765804561270862"/>
            <maxpow number="0.5765804561270862"/>
            <fprob>0.0</fprob>
        </actor>
        <actor name="D0N43">
            <wcet number="0">50</wcet>
            <wcet number="1">50</wcet>
            <maxpow number="0.6109985671271325"/>
            <maxpow number="0.6109985671271325"/>
            <fprob>0.0</fprob>
        </actor>
        <actor name="D0N13">
            <wcet number="0">80</wcet>
            <wcet number="1">140</wcet>
            <maxpow number="0.8095051631032747"/>
            <maxpow number="0.8095051631032747"/>
            <fprob>0.0</fprob>
        </actor>
        <actor name="D0N39">
            <wcet number="0">30</wcet>
            <wcet number="1">80</wcet>
            <maxpow number="0.3628336448579778"/>
            <maxpow number="0.3628336448579778"/>
            <fprob>0.0</fprob>
        </actor>
        <actor name="D0N21">
            <wcet number="0">10</wcet>
            <wcet number="1">70</wcet>
            <maxpow number="0.505183937116846"/>
            <maxpow number="0.505183937116846"/>
            <fprob>0.0</fprob>
        </actor>
        <actor name="D0N5">
            <wcet number="0">10</wcet>
            <wcet number="1">10</wcet>
            <maxpow number="0.40340511174498284"/>
            <maxpow number="0.40340511174498284"/>
            <fprob>0.0</fprob>
        </actor>
        <actor name="D0N29">
            <wcet number="0">20</wcet>
            <wcet number="1">30</wcet>
            <maxpow number="0.5151981701896914"/>
            <maxpow number="0.5151981701896914"/>
            <fprob>0.0</fprob>
        </actor>
        <actor name="D0N3">
            <wcet number="0">80</wcet>
            <wcet number="1">150</wcet>
            <maxpow number="0.7030034831187311"/>
            <maxpow number="0.7030034831187311"/>
            <fprob>0.0</fprob>
        </actor>
        <actor name="D0N37">
            <wcet number="0">40</wcet>
            <wcet number="1">50</wcet>
            <maxpow number="0.542071367804733"/>
            <maxpow number="0.542071367804733"/>
            <fprob>0.0</fprob>
        </actor>
        <actor name="D0N1">
            <wcet number="0">20</wcet>
            <wcet number="1">90</wcet>
            <maxpow number="0.36735775333250736"/>
            <maxpow number="0.36735775333250736"/>
            <fprob>0.0</fprob>
        </actor>
        <actor name="D0N30">
            <wcet number="0">40</wcet>
            <wcet number="1">40</wcet>
            <maxpow number="0.41018314298504044"/>
            <maxpow number="0.41018314298504044"/>
            <fprob>0.0</fprob>
        </actor>
        <actor name="D0N23">
            <wcet number="0">10</wcet>
            <wcet number="1">30</wcet>
            <maxpow number="0.6665343638776094"/>
            <maxpow number="0.6665343638776094"/>
            <fprob>0.0</fprob>
        </actor>
        <actor name="D0N14">
            <wcet number="0">30</wcet>
            <wcet number="1">40</wcet>
            <maxpow number="0.7040619823686176"/>
            <maxpow number="0.7040619823686176"/>
            <fprob>0.0</fprob>
        </actor>
        <actor name="D0N28">
            <wcet number="0">10</wcet>
            <wcet number="1">20</wcet>
            <maxpow number="0.7299186108799979"/>
            <maxpow number="0.7299186108799979"/>
            <fprob>0.0</fprob>
        </actor>
        <actor name="D0N45">
            <wcet number="0">40</wcet>
            <wcet number="1">110</wcet>
            <maxpow number="0.5799849074464603"/>
            <maxpow number="0.5799849074464603"/>
            <fprob>0.0</fprob>
        </actor>
        <actor name="D0N17">
            <wcet number="0">20</wcet>
            <wcet number="1">30</wcet>
            <maxpow number="0.7025501047644742"/>
            <maxpow number="0.7025501047644742"/>
            <fprob>0.0</fprob>
        </actor>
        <actor name="D0N46">
            <wcet number="0">10</wcet>
            <wcet number="1">10</wcet>
            <maxpow number="0.9549144606130286"/>
            <maxpow number="0.9549144606130286"/>
            <fprob>0.0</fprob>
        </actor>
        <actor name="D0N26">
            <wcet number="0">10</wcet>
            <wcet number="1">10</wcet>
            <maxpow number="0.7369466213285519"/>
            <maxpow number="0.7369466213285519"/>
            <fprob>0.0</fprob>
        </actor>
        <actor name="D0N48">
            <wcet number="0">40</wcet>
            <wcet number="1">70</wcet>
            <maxpow number="0.49331136235877177"/>
            <maxpow number="0.49331136235877177"/>
            <fprob>0.0</fprob>
        </actor>
        <actor name="D0N41">
            <wcet number="0">130</wcet>
            <wcet number="1">330</wcet>
            <maxpow number="0.34586076594146403"/>
            <maxpow number="0.34586076594146403"/>
            <fprob>0.0</fprob>
        </actor>
        <actor name="D0N19">
            <wcet number="0">210</wcet>
            <wcet number="1">230</wcet>
            <maxpow number="0.43443134978672693"/>
            <maxpow number="0.43443134978672693"/>
            <fprob>0.0</fprob>
        </actor>
        <actor name="D0N35">
            <wcet number="0">20</wcet>
            <wcet number="1">30</wcet>
            <maxpow number="0.1959591636982715"/>
            <maxpow number="0.1959591636982715"/>
            <fprob>0.0</fprob>
        </actor>
        <actor name="D0N16">
            <wcet number="0">40</wcet>
            <wcet number="1">230</wcet>
            <maxpow number="0.4341529418064741"/>
            <maxpow number="0.4341529418064741"/>
            <fprob>0.0</fprob>
        </actor>
        <actor name="D0N36">
            <wcet number="0">10</wcet>
            <wcet number="1">20</wcet>
            <maxpow number="0.7714574588476579"/>
            <maxpow number="0.7714574588476579"/>
            <fprob>0.0</fprob>
        </actor>
        <ports>
            <port dstActor="D0N33" name="p0" srcActor="D0N27"/>
            <port dstActor="D0N35" name="p1" srcActor="D0N27"/>
            <port dstActor="D0N38" name="p2" srcActor="D0N27"/>
            <port dstActor="D0N34" name="p3" srcActor="D0N27"/>
            <port dstActor="D0N38" name="p4" srcActor="D0N31"/>
            <port dstActor="D0N49" name="p5" srcActor="D0N31"/>
            <port dstActor="D0N20" name="p6" srcActor="D0N2"/>
            <port dstActor="D0N31" name="p7" srcActor="D0N2"/>
            <port dstActor="D0N34" name="p8" srcActor="D0N2"/>
            <port dstActor="D0N38" name="p9" srcActor="D0N2"/>
            <port dstActor="D0N48" name="p10" srcActor="D0N2"/>
            <port dstActor="D0N21" name="p11" srcActor="D0N9"/>
            <port dstActor="D0N29" name="p12" srcActor="D0N9"/>
            <port dstActor="D0N26" name="p13" srcActor="D0N9"/>
            <port dstActor="D0N48" name="p14" srcActor="D0N25"/>
            <port dstActor="D0N44" name="p15" srcActor="D0N25"/>
            <port dstActor="D0N43" name="p16" srcActor="D0N25"/>
            <port dstActor="D0N47" name="p17" srcActor="D0N7"/>
            <port dstActor="D0N32" name="p18" srcActor="D0N7"/>
            <port dstActor="D0N18" name="p19" srcActor="D0N7"/>
            <port dstActor="D0N11" name="p20" srcActor="D0N7"/>
            <port dstActor="D0N12" name="p21" srcActor="D0N7"/>
            <port dstActor="D0N26" name="p22" srcActor="D0N7"/>
            <port dstActor="D0N46" name="p23" srcActor="D0N42"/>
            <port dstActor="D0N31" name="p24" srcActor="D0N0"/>
            <port dstActor="D0N6" name="p25" srcActor="D0N0"/>
            <port dstActor="D0N9" name="p26" srcActor="D0N0"/>
            <port dstActor="D0N42" name="p27" srcActor="D0N0"/>
            <port dstActor="D0N12" name="p28" srcActor="D0N0"/>
            <port dstActor="D0N17" name="p29" srcActor="D0N12"/>
            <port dstActor="D0N24" name="p30" srcActor="D0N12"/>
            <port dstActor="D0N39" name="p31" srcActor="D0N12"/>
            <port dstActor="D0N14" name="p32" srcActor="D0N12"/>
            <port dstActor="D0N27" name="p33" srcActor="D0N12"/>
            <port dstActor="D0N30" name="p34" srcActor="D0N4"/>
            <port dstActor="D0N41" name="p35" srcActor="D0N4"/>
            <port dstActor="D0N22" name="p36" srcActor="D0N8"/>
            <port dstActor="D0N20" name="p37" srcActor="D0N8"/>
            <port dstActor="D0N13" name="p38" srcActor="D0N8"/>
            <port dstActor="D0N49" name="p39" srcActor="D0N8"/>
            <port dstActor="D0N34" name="p40" srcActor="D0N15"/>
            <port dstActor="D0N17" name="p41" srcActor="D0N15"/>
            <port dstActor="D0N33" name="p42" srcActor="D0N15"/>
            <port dstActor="D0N48" name="p43" srcActor="D0N38"/>
            <port dstActor="D0N45" name="p44" srcActor="D0N38"/>
            <port dstActor="D0N24" name="p45" srcActor="D0N22"/>
            <port dstActor="D0N48" name="p46" srcActor="D0N22"/>
            <port dstActor="D0N47" name="p47" srcActor="D0N22"/>
            <port dstActor="D0N25" name="p48" srcActor="D0N22"/>
            <port dstActor="D0N35" name="p49" srcActor="D0N32"/>
            <port dstActor="D0N45" name="p50" srcActor="D0N32"/>
            <port dstActor="D0N34" name="p51" srcActor="D0N32"/>
            <port dstActor="D0N37" name="p52" srcActor="D0N32"/>
            <port dstActor="D0N46" name="p53" srcActor="D0N33"/>
            <port dstActor="D0N12" name="p54" srcActor="D0N6"/>
            <port dstActor="D0N26" name="p55" srcActor="D0N6"/>
            <port dstActor="D0N31" name="p56" srcActor="D0N6"/>
            <port dstActor="D0N24" name="p57" srcActor="D0N6"/>
            <port dstActor="D0N41" name="p58" srcActor="D0N6"/>
            <port dstActor="D0N37" name="p59" srcActor="D0N34"/>
            <port dstActor="D0N36" name="p60" srcActor="D0N34"/>
            <port dstActor="D0N21" name="p61" srcActor="D0N10"/>
            <port dstActor="D0N46" name="p62" srcActor="D0N10"/>
            <port dstActor="D0N45" name="p63" srcActor="D0N10"/>
            <port dstActor="D0N44" name="p64" srcActor="D0N10"/>
            <port dstActor="D0N33" name="p65" srcActor="D0N24"/>
            <port dstActor="D0N39" name="p66" srcActor="D0N24"/>
            <port dstActor="D0N44" name="p67" srcActor="D0N24"/>
            <port dstActor="D0N34" name="p68" srcActor="D0N24"/>
            <port dstActor="D0N27" name="p69" srcActor="D0N24"/>
            <port dstActor="D0N39" name="p70" srcActor="D0N11"/>
            <port dstActor="D0N47" name="p71" srcActor="D0N11"/>
            <port dstActor="D0N16" name="p72" srcActor="D0N11"/>
            <port dstActor="D0N21" name="p73" srcActor="D0N11"/>
            <port dstActor="D0N12" name="p74" srcActor="D0N11"/>
            <port dstActor="D0N35" name="p75" srcActor="D0N13"/>
            <port dstActor="D0N23" name="p76" srcActor="D0N13"/>
            <port dstActor="D0N49" name="p77" srcActor="D0N39"/>
            <port dstActor="D0N40" name="p78" srcActor="D0N39"/>
            <port dstActor="D0N48" name="p79" srcActor="D0N39"/>
            <port dstActor="D0N38" name="p80" srcActor="D0N21"/>
            <port dstActor="D0N23" name="p81" srcActor="D0N21"/>
            <port dstActor="D0N37" name="p82" srcActor="D0N21"/>
            <port dstActor="D0N32" name="p83" srcActor="D0N21"/>
            <port dstActor="D0N31" name="p84" srcActor="D0N5"/>
            <port dstActor="D0N46" name="p85" srcActor="D0N5"/>
            <port dstActor="D0N22" name="p86" srcActor="D0N5"/>
            <port dstActor="D0N14" name="p87" srcActor="D0N5"/>
            <port dstActor="D0N10" name="p88" srcActor="D0N5"/>
            <port dstActor="D0N24" name="p89" srcActor="D0N5"/>
            <port dstActor="D0N39" name="p90" srcActor="D0N5"/>
            <port dstActor="D0N44" name="p91" srcActor="D0N5"/>
            <port dstActor="D0N40" name="p92" srcActor="D0N29"/>
            <port dstActor="D0N34" name="p93" srcActor="D0N29"/>
            <port dstActor="D0N39" name="p94" srcActor="D0N29"/>
            <port dstActor="D0N35" name="p95" srcActor="D0N29"/>
            <port dstActor="D0N49" name="p96" srcActor="D0N3"/>
            <port dstActor="D0N7" name="p97" srcActor="D0N3"/>
            <port dstActor="D0N46" name="p98" srcActor="D0N3"/>
            <port dstActor="D0N41" name="p99" srcActor="D0N3"/>
            <port dstActor="D0N10" name="p100" srcActor="D0N1"/>
            <port dstActor="D0N7" name="p101" srcActor="D0N1"/>
            <port dstActor="D0N19" name="p102" srcActor="D0N1"/>
            <port dstActor="D0N42" name="p103" srcActor="D0N1"/>
            <port dstActor="D0N48" name="p104" srcActor="D0N1"/>
            <port dstActor="D0N36" name="p105" srcActor="D0N30"/>
            <port dstActor="D0N39" name="p106" srcActor="D0N23"/>
            <port dstActor="D0N24" name="p107" srcActor="D0N23"/>
            <port dstActor="D0N34" name="p108" srcActor="D0N23"/>
            <port dstActor="D0N37" name="p109" srcActor="D0N23"/>
            <port dstActor="D0N35" name="p110" srcActor="D0N14"/>
            <port dstActor="D0N16" name="p111" srcActor="D0N14"/>
            <port dstActor="D0N49" name="p112" srcActor="D0N14"/>
            <port dstActor="D0N19" name="p113" srcActor="D0N14"/>
            <port dstActor="D0N39" name="p114" srcActor="D0N14"/>
            <port dstActor="D0N48" name="p115" srcActor="D0N28"/>
            <port dstActor="D0N49" name="p116" srcActor="D0N45"/>
            <port dstActor="D0N20" name="p117" srcActor="D0N17"/>
            <port dstActor="D0N24" name="p118" srcActor="D0N17"/>
            <port dstActor="D0N33" name="p119" srcActor="D0N17"/>
            <port dstActor="D0N47" name="p120" srcActor="D0N17"/>
            <port dstActor="D0N27" name="p121" srcActor="D0N17"/>
            <port dstActor="D0N49" name="p122" srcActor="D0N26"/>
            <port dstActor="D0N35" name="p123" srcActor="D0N26"/>
            <port dstActor="D0N38" name="p124" srcActor="D0N26"/>
            <port dstActor="D0N48" name="p125" srcActor="D0N26"/>
            <port dstActor="D0N46" name="p126" srcActor="D0N19"/>
            <port dstActor="D0N25" name="p127" srcActor="D0N19"/>
            <port dstActor="D0N39" name="p128" srcActor="D0N35"/>
            <port dstActor="D0N24" name="p129" srcActor="D0N16"/>
            <port dstActor="D0N33" name="p130" srcActor="D0N16"/>
            <port dstActor="D0N21" name="p131" srcActor="D0N16"/>
            <port dstActor="D0N41" name="p132" srcActor="D0N16"/>
            <port dstActor="D0N29" name="p133" srcActor="D0N16"/>
            <port dstActor="D0N20" name="p134" srcActor="D0N16"/>
        </ports>
    </mcdag>
    <cores number="3"/>
    <levels number="2"/>
</mcsystem>
