<?xml version="1.0" encoding="UTF-8" standalone="no"?>
<mcsystem>
    <mcdag deadline="1200" name="genned-0-ed-10.0-0">
        <actor name="D0N37">
            <wcet number="0">40</wcet>
            <wcet number="1">150</wcet>
            <maxpow number="0.33081209613194995"/>
            <maxpow number="0.33081209613194995"/>
            <fprob>0.0</fprob>
        </actor>
        <actor name="D0N34">
            <wcet number="0">200</wcet>
            <wcet number="1">220</wcet>
            <maxpow number="0.8704233984911005"/>
            <maxpow number="0.8704233984911005"/>
            <fprob>0.0</fprob>
        </actor>
        <actor name="D0N42">
            <wcet number="0">20</wcet>
            <wcet number="1">140</wcet>
            <maxpow number="0.3840029440698906"/>
            <maxpow number="0.3840029440698906"/>
            <fprob>0.0</fprob>
        </actor>
        <actor name="D0N29">
            <wcet number="0">30</wcet>
            <wcet number="1">40</wcet>
            <maxpow number="0.6815639868097364"/>
            <maxpow number="0.6815639868097364"/>
            <fprob>0.0</fprob>
        </actor>
        <actor name="D0N8">
            <wcet number="0">10</wcet>
            <wcet number="1">80</wcet>
            <maxpow number="0.7418810902410373"/>
            <maxpow number="0.7418810902410373"/>
            <fprob>0.0</fprob>
        </actor>
        <actor name="D0N17">
            <wcet number="0">20</wcet>
            <wcet number="1">40</wcet>
            <maxpow number="0.9295964056440031"/>
            <maxpow number="0.9295964056440031"/>
            <fprob>0.0</fprob>
        </actor>
        <actor name="D0N25">
            <wcet number="0">350</wcet>
            <wcet number="1">380</wcet>
            <maxpow number="0.6038714064259232"/>
            <maxpow number="0.6038714064259232"/>
            <fprob>0.0</fprob>
        </actor>
        <actor name="D0N48">
            <wcet number="0">10</wcet>
            <wcet number="1">50</wcet>
            <maxpow number="0.25124850084773537"/>
            <maxpow number="0.25124850084773537"/>
            <fprob>0.0</fprob>
        </actor>
        <actor name="D0N23">
            <wcet number="0">40</wcet>
            <wcet number="1">40</wcet>
            <maxpow number="0.4748602463996121"/>
            <maxpow number="0.4748602463996121"/>
            <fprob>0.0</fprob>
        </actor>
        <actor name="D0N14">
            <wcet number="0">40</wcet>
            <wcet number="1">190</wcet>
            <maxpow number="0.5986286278789006"/>
            <maxpow number="0.5986286278789006"/>
            <fprob>0.0</fprob>
        </actor>
        <actor name="D0N39">
            <wcet number="0">20</wcet>
            <wcet number="1">90</wcet>
            <maxpow number="0.4988098796394352"/>
            <maxpow number="0.4988098796394352"/>
            <fprob>0.0</fprob>
        </actor>
        <actor name="D0N4">
            <wcet number="0">10</wcet>
            <wcet number="1">30</wcet>
            <maxpow number="0.7487852993472557"/>
            <maxpow number="0.7487852993472557"/>
            <fprob>0.0</fprob>
        </actor>
        <actor name="D0N3">
            <wcet number="0">10</wcet>
            <wcet number="1">10</wcet>
            <maxpow number="0.44135390767701377"/>
            <maxpow number="0.44135390767701377"/>
            <fprob>0.0</fprob>
        </actor>
        <actor name="D0N1">
            <wcet number="0">70</wcet>
            <wcet number="1">70</wcet>
            <maxpow number="0.3230277611869775"/>
            <maxpow number="0.3230277611869775"/>
            <fprob>0.0</fprob>
        </actor>
        <actor name="D0N33">
            <wcet number="0">40</wcet>
            <wcet number="1">90</wcet>
            <maxpow number="0.5546904249091967"/>
            <maxpow number="0.5546904249091967"/>
            <fprob>0.0</fprob>
        </actor>
        <actor name="D0N41">
            <wcet number="0">10</wcet>
            <wcet number="1">40</wcet>
            <maxpow number="0.7542742593832277"/>
            <maxpow number="0.7542742593832277"/>
            <fprob>0.0</fprob>
        </actor>
        <actor name="D0N47">
            <wcet number="0">20</wcet>
            <wcet number="1">100</wcet>
            <maxpow number="0.5804051469007755"/>
            <maxpow number="0.5804051469007755"/>
            <fprob>0.0</fprob>
        </actor>
        <actor name="D0N43">
            <wcet number="0">10</wcet>
            <wcet number="1">10</wcet>
            <maxpow number="0.42023140117115476"/>
            <maxpow number="0.42023140117115476"/>
            <fprob>0.0</fprob>
        </actor>
        <actor name="D0N7">
            <wcet number="0">20</wcet>
            <wcet number="1">90</wcet>
            <maxpow number="0.7619369564290356"/>
            <maxpow number="0.7619369564290356"/>
            <fprob>0.0</fprob>
        </actor>
        <actor name="D0N26">
            <wcet number="0">10</wcet>
            <wcet number="1">10</wcet>
            <maxpow number="0.6297613159080262"/>
            <maxpow number="0.6297613159080262"/>
            <fprob>0.0</fprob>
        </actor>
        <actor name="D0N36">
            <wcet number="0">10</wcet>
            <wcet number="1">10</wcet>
            <maxpow number="0.6768068217470815"/>
            <maxpow number="0.6768068217470815"/>
            <fprob>0.0</fprob>
        </actor>
        <actor name="D0N40">
            <wcet number="0">10</wcet>
            <wcet number="1">20</wcet>
            <maxpow number="0.4191330543588276"/>
            <maxpow number="0.4191330543588276"/>
            <fprob>0.0</fprob>
        </actor>
        <actor name="D0N11">
            <wcet number="0">10</wcet>
            <wcet number="1">60</wcet>
            <maxpow number="0.49150422316959014"/>
            <maxpow number="0.49150422316959014"/>
            <fprob>0.0</fprob>
        </actor>
        <actor name="D0N19">
            <wcet number="0">80</wcet>
            <wcet number="1">100</wcet>
            <maxpow number="0.3705566627763738"/>
            <maxpow number="0.3705566627763738"/>
            <fprob>0.0</fprob>
        </actor>
        <actor name="D0N13">
            <wcet number="0">10</wcet>
            <wcet number="1">50</wcet>
            <maxpow number="0.7967644086738012"/>
            <maxpow number="0.7967644086738012"/>
            <fprob>0.0</fprob>
        </actor>
        <actor name="D0N10">
            <wcet number="0">10</wcet>
            <wcet number="1">20</wcet>
            <maxpow number="0.8376477625013957"/>
            <maxpow number="0.8376477625013957"/>
            <fprob>0.0</fprob>
        </actor>
        <actor name="D0N30">
            <wcet number="0">30</wcet>
            <wcet number="1">90</wcet>
            <maxpow number="0.9616153514751171"/>
            <maxpow number="0.9616153514751171"/>
            <fprob>0.0</fprob>
        </actor>
        <actor name="D0N2">
            <wcet number="0">40</wcet>
            <wcet number="1">50</wcet>
            <maxpow number="0.6669877586575597"/>
            <maxpow number="0.6669877586575597"/>
            <fprob>0.0</fprob>
        </actor>
        <actor name="D0N27">
            <wcet number="0">10</wcet>
            <wcet number="1">40</wcet>
            <maxpow number="0.6415453842318085"/>
            <maxpow number="0.6415453842318085"/>
            <fprob>0.0</fprob>
        </actor>
        <actor name="D0N21">
            <wcet number="0">10</wcet>
            <wcet number="1">10</wcet>
            <maxpow number="0.8427359558041447"/>
            <maxpow number="0.8427359558041447"/>
            <fprob>0.0</fprob>
        </actor>
        <actor name="D0N24">
            <wcet number="0">30</wcet>
            <wcet number="1">40</wcet>
            <maxpow number="0.5774844243680536"/>
            <maxpow number="0.5774844243680536"/>
            <fprob>0.0</fprob>
        </actor>
        <actor name="D0N6">
            <wcet number="0">60</wcet>
            <wcet number="1">130</wcet>
            <maxpow number="0.4495858839108252"/>
            <maxpow number="0.4495858839108252"/>
            <fprob>0.0</fprob>
        </actor>
        <actor name="D0N18">
            <wcet number="0">10</wcet>
            <wcet number="1">20</wcet>
            <maxpow number="0.2996353692013545"/>
            <maxpow number="0.2996353692013545"/>
            <fprob>0.0</fprob>
        </actor>
        <actor name="D0N0">
            <wcet number="0">40</wcet>
            <wcet number="1">40</wcet>
            <maxpow number="0.4252863665444113"/>
            <maxpow number="0.4252863665444113"/>
            <fprob>0.0</fprob>
        </actor>
        <actor name="D0N31">
            <wcet number="0">20</wcet>
            <wcet number="1">20</wcet>
            <maxpow number="0.7263814073624904"/>
            <maxpow number="0.7263814073624904"/>
            <fprob>0.0</fprob>
        </actor>
        <actor name="D0N45">
            <wcet number="0">10</wcet>
            <wcet number="1">30</wcet>
            <maxpow number="0.3439586536525685"/>
            <maxpow number="0.3439586536525685"/>
            <fprob>0.0</fprob>
        </actor>
        <actor name="D0N22">
            <wcet number="0">100</wcet>
            <wcet number="1">100</wcet>
            <maxpow number="0.6176934029774759"/>
            <maxpow number="0.6176934029774759"/>
            <fprob>0.0</fprob>
        </actor>
        <actor name="D0N20">
            <wcet number="0">30</wcet>
            <wcet number="1">40</wcet>
            <maxpow number="0.7230330307953897"/>
            <maxpow number="0.7230330307953897"/>
            <fprob>0.0</fprob>
        </actor>
        <actor name="D0N38">
            <wcet number="0">10</wcet>
            <wcet number="1">20</wcet>
            <maxpow number="0.6926251865398102"/>
            <maxpow number="0.6926251865398102"/>
            <fprob>0.0</fprob>
        </actor>
        <actor name="D0N16">
            <wcet number="0">60</wcet>
            <wcet number="1">60</wcet>
            <maxpow number="0.6673367206761912"/>
            <maxpow number="0.6673367206761912"/>
            <fprob>0.0</fprob>
        </actor>
        <actor name="D0N35">
            <wcet number="0">140</wcet>
            <wcet number="1">250</wcet>
            <maxpow number="0.5580544604846541"/>
            <maxpow number="0.5580544604846541"/>
            <fprob>0.0</fprob>
        </actor>
        <actor name="D0N9">
            <wcet number="0">10</wcet>
            <wcet number="1">130</wcet>
            <maxpow number="0.3600884985257325"/>
            <maxpow number="0.3600884985257325"/>
            <fprob>0.0</fprob>
        </actor>
        <actor name="D0N46">
            <wcet number="0">60</wcet>
            <wcet number="1">60</wcet>
            <maxpow number="0.32416902844755624"/>
            <maxpow number="0.32416902844755624"/>
            <fprob>0.0</fprob>
        </actor>
        <actor name="D0N44">
            <wcet number="0">10</wcet>
            <wcet number="1">10</wcet>
            <maxpow number="0.7958882901148755"/>
            <maxpow number="0.7958882901148755"/>
            <fprob>0.0</fprob>
        </actor>
        <actor name="D0N5">
            <wcet number="0">20</wcet>
            <wcet number="1">20</wcet>
            <maxpow number="0.586813581075571"/>
            <maxpow number="0.586813581075571"/>
            <fprob>0.0</fprob>
        </actor>
        <actor name="D0N15">
            <wcet number="0">20</wcet>
            <wcet number="1">30</wcet>
            <maxpow number="0.6460435608165592"/>
            <maxpow number="0.6460435608165592"/>
            <fprob>0.0</fprob>
        </actor>
        <actor name="D0N28">
            <wcet number="0">50</wcet>
            <wcet number="1">60</wcet>
            <maxpow number="0.41568688543366805"/>
            <maxpow number="0.41568688543366805"/>
            <fprob>0.0</fprob>
        </actor>
        <actor name="D0N12">
            <wcet number="0">10</wcet>
            <wcet number="1">30</wcet>
            <maxpow number="0.9475583179523093"/>
            <maxpow number="0.9475583179523093"/>
            <fprob>0.0</fprob>
        </actor>
        <actor name="D0N32">
            <wcet number="0">20</wcet>
            <wcet number="1">70</wcet>
            <maxpow number="0.5997194652447987"/>
            <maxpow number="0.5997194652447987"/>
            <fprob>0.0</fprob>
        </actor>
        <ports>
            <port dstActor="D0N46" name="p0" srcActor="D0N37"/>
            <port dstActor="D0N47" name="p1" srcActor="D0N37"/>
            <port dstActor="D0N41" name="p2" srcActor="D0N37"/>
            <port dstActor="D0N39" name="p3" srcActor="D0N37"/>
            <port dstActor="D0N41" name="p4" srcActor="D0N34"/>
            <port dstActor="D0N43" name="p5" srcActor="D0N34"/>
            <port dstActor="D0N42" name="p6" srcActor="D0N34"/>
            <port dstActor="D0N46" name="p7" srcActor="D0N42"/>
            <port dstActor="D0N32" name="p8" srcActor="D0N29"/>
            <port dstActor="D0N33" name="p9" srcActor="D0N29"/>
            <port dstActor="D0N37" name="p10" srcActor="D0N8"/>
            <port dstActor="D0N31" name="p11" srcActor="D0N8"/>
            <port dstActor="D0N11" name="p12" srcActor="D0N8"/>
            <port dstActor="D0N22" name="p13" srcActor="D0N8"/>
            <port dstActor="D0N41" name="p14" srcActor="D0N8"/>
            <port dstActor="D0N48" name="p15" srcActor="D0N17"/>
            <port dstActor="D0N26" name="p16" srcActor="D0N17"/>
            <port dstActor="D0N31" name="p17" srcActor="D0N17"/>
            <port dstActor="D0N30" name="p18" srcActor="D0N25"/>
            <port dstActor="D0N41" name="p19" srcActor="D0N23"/>
            <port dstActor="D0N33" name="p20" srcActor="D0N23"/>
            <port dstActor="D0N37" name="p21" srcActor="D0N23"/>
            <port dstActor="D0N48" name="p22" srcActor="D0N14"/>
            <port dstActor="D0N42" name="p23" srcActor="D0N14"/>
            <port dstActor="D0N34" name="p24" srcActor="D0N14"/>
            <port dstActor="D0N16" name="p25" srcActor="D0N14"/>
            <port dstActor="D0N36" name="p26" srcActor="D0N14"/>
            <port dstActor="D0N41" name="p27" srcActor="D0N14"/>
            <port dstActor="D0N22" name="p28" srcActor="D0N14"/>
            <port dstActor="D0N40" name="p29" srcActor="D0N39"/>
            <port dstActor="D0N44" name="p30" srcActor="D0N39"/>
            <port dstActor="D0N21" name="p31" srcActor="D0N4"/>
            <port dstActor="D0N37" name="p32" srcActor="D0N4"/>
            <port dstActor="D0N23" name="p33" srcActor="D0N3"/>
            <port dstActor="D0N11" name="p34" srcActor="D0N3"/>
            <port dstActor="D0N35" name="p35" srcActor="D0N3"/>
            <port dstActor="D0N10" name="p36" srcActor="D0N3"/>
            <port dstActor="D0N34" name="p37" srcActor="D0N3"/>
            <port dstActor="D0N5" name="p38" srcActor="D0N1"/>
            <port dstActor="D0N30" name="p39" srcActor="D0N1"/>
            <port dstActor="D0N7" name="p40" srcActor="D0N1"/>
            <port dstActor="D0N24" name="p41" srcActor="D0N1"/>
            <port dstActor="D0N45" name="p42" srcActor="D0N1"/>
            <port dstActor="D0N43" name="p43" srcActor="D0N33"/>
            <port dstActor="D0N40" name="p44" srcActor="D0N7"/>
            <port dstActor="D0N36" name="p45" srcActor="D0N7"/>
            <port dstActor="D0N26" name="p46" srcActor="D0N7"/>
            <port dstActor="D0N13" name="p47" srcActor="D0N7"/>
            <port dstActor="D0N36" name="p48" srcActor="D0N26"/>
            <port dstActor="D0N28" name="p49" srcActor="D0N26"/>
            <port dstActor="D0N30" name="p50" srcActor="D0N26"/>
            <port dstActor="D0N34" name="p51" srcActor="D0N26"/>
            <port dstActor="D0N43" name="p52" srcActor="D0N36"/>
            <port dstActor="D0N45" name="p53" srcActor="D0N40"/>
            <port dstActor="D0N47" name="p54" srcActor="D0N40"/>
            <port dstActor="D0N42" name="p55" srcActor="D0N40"/>
            <port dstActor="D0N13" name="p56" srcActor="D0N11"/>
            <port dstActor="D0N12" name="p57" srcActor="D0N11"/>
            <port dstActor="D0N25" name="p58" srcActor="D0N11"/>
            <port dstActor="D0N26" name="p59" srcActor="D0N11"/>
            <port dstActor="D0N20" name="p60" srcActor="D0N19"/>
            <port dstActor="D0N45" name="p61" srcActor="D0N19"/>
            <port dstActor="D0N30" name="p62" srcActor="D0N13"/>
            <port dstActor="D0N35" name="p63" srcActor="D0N13"/>
            <port dstActor="D0N39" name="p64" srcActor="D0N13"/>
            <port dstActor="D0N17" name="p65" srcActor="D0N13"/>
            <port dstActor="D0N17" name="p66" srcActor="D0N10"/>
            <port dstActor="D0N33" name="p67" srcActor="D0N10"/>
            <port dstActor="D0N16" name="p68" srcActor="D0N10"/>
            <port dstActor="D0N23" name="p69" srcActor="D0N10"/>
            <port dstActor="D0N31" name="p70" srcActor="D0N30"/>
            <port dstActor="D0N46" name="p71" srcActor="D0N30"/>
            <port dstActor="D0N41" name="p72" srcActor="D0N30"/>
            <port dstActor="D0N39" name="p73" srcActor="D0N30"/>
            <port dstActor="D0N33" name="p74" srcActor="D0N2"/>
            <port dstActor="D0N29" name="p75" srcActor="D0N2"/>
            <port dstActor="D0N22" name="p76" srcActor="D0N2"/>
            <port dstActor="D0N8" name="p77" srcActor="D0N2"/>
            <port dstActor="D0N43" name="p78" srcActor="D0N27"/>
            <port dstActor="D0N48" name="p79" srcActor="D0N27"/>
            <port dstActor="D0N37" name="p80" srcActor="D0N27"/>
            <port dstActor="D0N31" name="p81" srcActor="D0N27"/>
            <port dstActor="D0N46" name="p82" srcActor="D0N21"/>
            <port dstActor="D0N36" name="p83" srcActor="D0N21"/>
            <port dstActor="D0N31" name="p84" srcActor="D0N24"/>
            <port dstActor="D0N44" name="p85" srcActor="D0N24"/>
            <port dstActor="D0N26" name="p86" srcActor="D0N24"/>
            <port dstActor="D0N28" name="p87" srcActor="D0N24"/>
            <port dstActor="D0N36" name="p88" srcActor="D0N24"/>
            <port dstActor="D0N9" name="p89" srcActor="D0N6"/>
            <port dstActor="D0N15" name="p90" srcActor="D0N6"/>
            <port dstActor="D0N28" name="p91" srcActor="D0N6"/>
            <port dstActor="D0N35" name="p92" srcActor="D0N6"/>
            <port dstActor="D0N14" name="p93" srcActor="D0N6"/>
            <port dstActor="D0N20" name="p94" srcActor="D0N6"/>
            <port dstActor="D0N19" name="p95" srcActor="D0N18"/>
            <port dstActor="D0N28" name="p96" srcActor="D0N18"/>
            <port dstActor="D0N7" name="p97" srcActor="D0N0"/>
            <port dstActor="D0N40" name="p98" srcActor="D0N0"/>
            <port dstActor="D0N41" name="p99" srcActor="D0N0"/>
            <port dstActor="D0N10" name="p100" srcActor="D0N0"/>
            <port dstActor="D0N46" name="p101" srcActor="D0N31"/>
            <port dstActor="D0N24" name="p102" srcActor="D0N22"/>
            <port dstActor="D0N31" name="p103" srcActor="D0N22"/>
            <port dstActor="D0N39" name="p104" srcActor="D0N22"/>
            <port dstActor="D0N41" name="p105" srcActor="D0N22"/>
            <port dstActor="D0N40" name="p106" srcActor="D0N20"/>
            <port dstActor="D0N34" name="p107" srcActor="D0N20"/>
            <port dstActor="D0N46" name="p108" srcActor="D0N38"/>
            <port dstActor="D0N42" name="p109" srcActor="D0N38"/>
            <port dstActor="D0N48" name="p110" srcActor="D0N38"/>
            <port dstActor="D0N38" name="p111" srcActor="D0N16"/>
            <port dstActor="D0N42" name="p112" srcActor="D0N16"/>
            <port dstActor="D0N24" name="p113" srcActor="D0N9"/>
            <port dstActor="D0N20" name="p114" srcActor="D0N9"/>
            <port dstActor="D0N22" name="p115" srcActor="D0N9"/>
            <port dstActor="D0N39" name="p116" srcActor="D0N9"/>
            <port dstActor="D0N47" name="p117" srcActor="D0N46"/>
            <port dstActor="D0N48" name="p118" srcActor="D0N46"/>
            <port dstActor="D0N35" name="p119" srcActor="D0N5"/>
            <port dstActor="D0N27" name="p120" srcActor="D0N5"/>
            <port dstActor="D0N11" name="p121" srcActor="D0N5"/>
            <port dstActor="D0N13" name="p122" srcActor="D0N5"/>
            <port dstActor="D0N34" name="p123" srcActor="D0N15"/>
            <port dstActor="D0N45" name="p124" srcActor="D0N15"/>
            <port dstActor="D0N48" name="p125" srcActor="D0N12"/>
            <port dstActor="D0N15" name="p126" srcActor="D0N12"/>
        </ports>
    </mcdag>
    <cores number="3"/>
    <levels number="2"/>
</mcsystem>
